"9/7/2026 9:34:32 PM","129","Information","Microsoft-Windows-TaskScheduler","Task Scheduler launch task ""\Microsoft\Windows\DirectX\DXGIAdapterCache"" , instance ""%windir%\system32\dxgiadaptercache.exe""  with process ID 2180."
"9/7/2026 9:34:32 PM","129","Information","Microsoft-Windows-TaskScheduler","Task Scheduler launch task ""\Microsoft\Windows\ExploitGuard\ExploitGuard MDM policy Refresh"" , instance ""taskhostw.exe""  with process ID 2188."
"9/7/2026 9:34:32 PM","118","Information","Microsoft-Windows-TaskScheduler","Task Scheduler launched ""{2bc5bc0a-638b-4d13-9de0-7cef7f2bb8c5}""  instance of task ""\Microsoft\Windows\ExploitGuard\ExploitGuard MDM policy Refresh""  due to system startup."
"9/7/2026 9:34:32 PM","400","Information","Microsoft-Windows-TaskScheduler","Task Scheduler service has started."
"9/7/2026 9:34:31 PM","700","Information","Microsoft-Windows-TaskScheduler","Task Scheduler service started Task Compatibility module."
"9/7/2026 8:00:48 PM","402","Information","Microsoft-Windows-TaskScheduler","Task Scheduler service is shutting down."
"9/7/2026 8:00:48 PM","103","Error","Microsoft-Windows-TaskScheduler","Task Scheduler failed to start instance ""{5db1e04a-193f-4070-b192-9e219d11b1e9}"" of ""\Microsoft\Windows\Wininet\CacheTask""  task for user """" . Additional Data: Error Value: 2147942404."
"9/7/2026 8:00:48 PM","202","Error","Microsoft-Windows-TaskScheduler","Task Scheduler failed to complete task ""\Microsoft\Windows\Wininet\CacheTask"" , instance ""{5db1e04a-193f-4070-b192-9e219d11b1e9}"" , action ""Wininet Cache task object"" . Additional Data: Error Value: 2147942404."
"9/7/2026 8:00:48 PM","102","Information","Microsoft-Windows-TaskScheduler","Task Scheduler successfully finished ""{6782e0ad-c3ec-486c-935c-f042b889cedd}"" instance of the ""\CreateExplorerShellUnelevatedTask"" task for user ""SCAFFOLD\Administrator""."
"9/7/2026 8:00:48 PM","201","Information","Microsoft-Windows-TaskScheduler","Task Scheduler successfully completed task ""\CreateExplorerShellUnelevatedTask"" , instance ""{6782e0ad-c3ec-486c-935c-f042b889cedd}"" , action ""C:\Windows\Explorer.EXE"" with return code 2147942404."
"9/7/2026 8:00:47 PM","103","Error","Microsoft-Windows-TaskScheduler","Task Scheduler failed to start instance ""{9ea4f41c-0b14-4539-8aa5-a687b6ff40cd}"" of ""\Microsoft\Windows\WDI\ResolutionHost""  task for user """" . Additional Data: Error Value: 2147942404."
"9/7/2026 8:00:47 PM","202","Error","Microsoft-Windows-TaskScheduler","Task Scheduler failed to complete task ""\Microsoft\Windows\WDI\ResolutionHost"" , instance ""{9ea4f41c-0b14-4539-8aa5-a687b6ff40cd}"" , action ""DiagnosticInfrastructureCustomHandler"" . Additional Data: Error Value: 2147942404."
"9/7/2026 8:00:43 PM","102","Information","Microsoft-Windows-TaskScheduler","Task Scheduler successfully finished ""{0df41761-441c-4efc-9304-fb562f2f992a}"" instance of the ""\Scaffold\ScaffoldDeployEngine"" task for user ""NT AUTHORITY\SYSTEM""."
"9/7/2026 8:00:43 PM","201","Information","Microsoft-Windows-TaskScheduler","Task Scheduler successfully completed task ""\Scaffold\ScaffoldDeployEngine"" , instance ""{0df41761-441c-4efc-9304-fb562f2f992a}"" , action ""powershell.exe"" with return code 0."
"9/7/2026 8:00:41 PM","200","Information","Microsoft-Windows-TaskScheduler","Task Scheduler launched action ""powershell.exe"" in instance ""{0df41761-441c-4efc-9304-fb562f2f992a}"" of task ""\Scaffold\ScaffoldDeployEngine""."
"9/7/2026 8:00:41 PM","100","Information","Microsoft-Windows-TaskScheduler","Task Scheduler started ""{0df41761-441c-4efc-9304-fb562f2f992a}"" instance of the ""\Scaffold\ScaffoldDeployEngine"" task for user ""NT AUTHORITY\SYSTEM""."
"9/7/2026 8:00:41 PM","129","Information","Microsoft-Windows-TaskScheduler","Task Scheduler launch task ""\Scaffold\ScaffoldDeployEngine"" , instance ""powershell.exe""  with process ID 5576."
"9/7/2026 8:00:41 PM","107","Information","Microsoft-Windows-TaskScheduler","Task Scheduler launched ""{0df41761-441c-4efc-9304-fb562f2f992a}""  instance of task ""\Scaffold\ScaffoldDeployEngine"" due to a time trigger condition."
"9/7/2026 7:58:43 PM","102","Information","Microsoft-Windows-TaskScheduler","Task Scheduler successfully finished ""{c60ebee8-5a6c-4498-9b15-59ee80b5bc2a}"" instance of the ""\Scaffold\ScaffoldDeployEngine"" task for user ""NT AUTHORITY\SYSTEM""."
"9/7/2026 7:58:43 PM","201","Information","Microsoft-Windows-TaskScheduler","Task Scheduler successfully completed task ""\Scaffold\ScaffoldDeployEngine"" , instance ""{c60ebee8-5a6c-4498-9b15-59ee80b5bc2a}"" , action ""powershell.exe"" with return code 0."
"9/7/2026 7:58:41 PM","200","Information","Microsoft-Windows-TaskScheduler","Task Scheduler launched action ""powershell.exe"" in instance ""{c60ebee8-5a6c-4498-9b15-59ee80b5bc2a}"" of task ""\Scaffold\ScaffoldDeployEngine""."
"9/7/2026 7:58:41 PM","100","Information","Microsoft-Windows-TaskScheduler","Task Scheduler started ""{c60ebee8-5a6c-4498-9b15-59ee80b5bc2a}"" instance of the ""\Scaffold\ScaffoldDeployEngine"" task for user ""NT AUTHORITY\SYSTEM""."
"9/7/2026 7:58:41 PM","129","Information","Microsoft-Windows-TaskScheduler","Task Scheduler launch task ""\Scaffold\ScaffoldDeployEngine"" , instance ""powershell.exe""  with process ID 200."
"9/7/2026 7:58:41 PM","107","Information","Microsoft-Windows-TaskScheduler","Task Scheduler launched ""{c60ebee8-5a6c-4498-9b15-59ee80b5bc2a}""  instance of task ""\Scaffold\ScaffoldDeployEngine"" due to a time trigger condition."
"9/7/2026 7:57:53 PM","102","Information","Microsoft-Windows-TaskScheduler","Task Scheduler successfully finished ""{d47a0885-0003-4212-be68-f3d2aaacba4a}"" instance of the ""\Microsoft\Windows\Autochk\Proxy"" task for user ""NT AUTHORITY\SYSTEM""."
"9/7/2026 7:57:53 PM","201","Information","Microsoft-Windows-TaskScheduler","Task Scheduler successfully completed task ""\Microsoft\Windows\Autochk\Proxy"" , instance ""{d47a0885-0003-4212-be68-f3d2aaacba4a}"" , action ""%windir%\system32\rundll32.exe"" with return code 0."
"9/7/2026 7:57:53 PM","200","Information","Microsoft-Windows-TaskScheduler","Task Scheduler launched action ""%windir%\system32\rundll32.exe"" in instance ""{d47a0885-0003-4212-be68-f3d2aaacba4a}"" of task ""\Microsoft\Windows\Autochk\Proxy""."
"9/7/2026 7:57:53 PM","100","Information","Microsoft-Windows-TaskScheduler","Task Scheduler started ""{d47a0885-0003-4212-be68-f3d2aaacba4a}"" instance of the ""\Microsoft\Windows\Autochk\Proxy"" task for user ""NT AUTHORITY\SYSTEM""."
"9/7/2026 7:57:53 PM","129","Information","Microsoft-Windows-TaskScheduler","Task Scheduler launch task ""\Microsoft\Windows\Autochk\Proxy"" , instance ""%windir%\system32\rundll32.exe""  with process ID 6576."
"9/7/2026 7:57:53 PM","118","Information","Microsoft-Windows-TaskScheduler","Task Scheduler launched ""{d47a0885-0003-4212-be68-f3d2aaacba4a}""  instance of task ""\Microsoft\Windows\Autochk\Proxy""  due to system startup."
"9/7/2026 7:57:16 PM","102","Information","Microsoft-Windows-TaskScheduler","Task Scheduler successfully finished ""{bbe348d1-c798-4c2b-a4b8-e694faa3c974}"" instance of the ""\Microsoft\Windows\UpdateOrchestrator\Report policies"" task for user ""NT AUTHORITY\SYSTEM""."
"9/7/2026 7:57:16 PM","201","Information","Microsoft-Windows-TaskScheduler","Task Scheduler successfully completed task ""\Microsoft\Windows\UpdateOrchestrator\Report policies"" , instance ""{bbe348d1-c798-4c2b-a4b8-e694faa3c974}"" , action ""%systemroot%\system32\usoclient.exe"" with return code 0."
"9/7/2026 7:57:16 PM","200","Information","Microsoft-Windows-TaskScheduler","Task Scheduler launched action ""%systemroot%\system32\usoclient.exe"" in instance ""{bbe348d1-c798-4c2b-a4b8-e694faa3c974}"" of task ""\Microsoft\Windows\UpdateOrchestrator\Report policies""."
"9/7/2026 7:57:16 PM","100","Information","Microsoft-Windows-TaskScheduler","Task Scheduler started ""{bbe348d1-c798-4c2b-a4b8-e694faa3c974}"" instance of the ""\Microsoft\Windows\UpdateOrchestrator\Report policies"" task for user ""NT AUTHORITY\SYSTEM""."
"9/7/2026 7:57:16 PM","129","Information","Microsoft-Windows-TaskScheduler","Task Scheduler launch task ""\Microsoft\Windows\UpdateOrchestrator\Report policies"" , instance ""%systemroot%\system32\usoclient.exe""  with process ID 7076."
"9/7/2026 7:56:43 PM","102","Information","Microsoft-Windows-TaskScheduler","Task Scheduler successfully finished ""{0caa1b74-2f44-420b-8480-e1b16094aaa9}"" instance of the ""\Scaffold\ScaffoldDeployEngine"" task for user ""NT AUTHORITY\SYSTEM""."
"9/7/2026 7:56:43 PM","201","Information","Microsoft-Windows-TaskScheduler","Task Scheduler successfully completed task ""\Scaffold\ScaffoldDeployEngine"" , instance ""{0caa1b74-2f44-420b-8480-e1b16094aaa9}"" , action ""powershell.exe"" with return code 0."
"9/7/2026 7:56:42 PM","200","Information","Microsoft-Windows-TaskScheduler","Task Scheduler launched action ""powershell.exe"" in instance ""{0caa1b74-2f44-420b-8480-e1b16094aaa9}"" of task ""\Scaffold\ScaffoldDeployEngine""."
"9/7/2026 7:56:42 PM","100","Information","Microsoft-Windows-TaskScheduler","Task Scheduler started ""{0caa1b74-2f44-420b-8480-e1b16094aaa9}"" instance of the ""\Scaffold\ScaffoldDeployEngine"" task for user ""NT AUTHORITY\SYSTEM""."
"9/7/2026 7:56:42 PM","129","Information","Microsoft-Windows-TaskScheduler","Task Scheduler launch task ""\Scaffold\ScaffoldDeployEngine"" , instance ""powershell.exe""  with process ID 4488."
"9/7/2026 7:56:42 PM","107","Information","Microsoft-Windows-TaskScheduler","Task Scheduler launched ""{0caa1b74-2f44-420b-8480-e1b16094aaa9}""  instance of task ""\Scaffold\ScaffoldDeployEngine"" due to a time trigger condition."
"9/7/2026 7:54:43 PM","102","Information","Microsoft-Windows-TaskScheduler","Task Scheduler successfully finished ""{27070c8a-b7dc-4406-bd3d-c47654fbe39c}"" instance of the ""\Scaffold\ScaffoldDeployEngine"" task for user ""NT AUTHORITY\SYSTEM""."
"9/7/2026 7:54:43 PM","201","Information","Microsoft-Windows-TaskScheduler","Task Scheduler successfully completed task ""\Scaffold\ScaffoldDeployEngine"" , instance ""{27070c8a-b7dc-4406-bd3d-c47654fbe39c}"" , action ""powershell.exe"" with return code 0."
"9/7/2026 7:54:42 PM","200","Information","Microsoft-Windows-TaskScheduler","Task Scheduler launched action ""powershell.exe"" in instance ""{27070c8a-b7dc-4406-bd3d-c47654fbe39c}"" of task ""\Scaffold\ScaffoldDeployEngine""."
"9/7/2026 7:54:42 PM","100","Information","Microsoft-Windows-TaskScheduler","Task Scheduler started ""{27070c8a-b7dc-4406-bd3d-c47654fbe39c}"" instance of the ""\Scaffold\ScaffoldDeployEngine"" task for user ""NT AUTHORITY\SYSTEM""."
"9/7/2026 7:54:42 PM","129","Information","Microsoft-Windows-TaskScheduler","Task Scheduler launch task ""\Scaffold\ScaffoldDeployEngine"" , instance ""powershell.exe""  with process ID 7036."
"9/7/2026 7:54:41 PM","107","Information","Microsoft-Windows-TaskScheduler","Task Scheduler launched ""{27070c8a-b7dc-4406-bd3d-c47654fbe39c}""  instance of task ""\Scaffold\ScaffoldDeployEngine"" due to a time trigger condition."
"9/7/2026 7:52:45 PM","102","Information","Microsoft-Windows-TaskScheduler","Task Scheduler successfully finished ""{a2edd7f4-79f1-42b6-8285-554cc7bc7428}"" instance of the ""\Scaffold\ScaffoldDeployEngine"" task for user ""NT AUTHORITY\SYSTEM""."
"9/7/2026 7:52:45 PM","201","Information","Microsoft-Windows-TaskScheduler","Task Scheduler successfully completed task ""\Scaffold\ScaffoldDeployEngine"" , instance ""{a2edd7f4-79f1-42b6-8285-554cc7bc7428}"" , action ""powershell.exe"" with return code 0."
"9/7/2026 7:52:41 PM","200","Information","Microsoft-Windows-TaskScheduler","Task Scheduler launched action ""powershell.exe"" in instance ""{a2edd7f4-79f1-42b6-8285-554cc7bc7428}"" of task ""\Scaffold\ScaffoldDeployEngine""."
"9/7/2026 7:52:41 PM","100","Information","Microsoft-Windows-TaskScheduler","Task Scheduler started ""{a2edd7f4-79f1-42b6-8285-554cc7bc7428}"" instance of the ""\Scaffold\ScaffoldDeployEngine"" task for user ""NT AUTHORITY\SYSTEM""."
"9/7/2026 7:52:41 PM","129","Information","Microsoft-Windows-TaskScheduler","Task Scheduler launch task ""\Scaffold\ScaffoldDeployEngine"" , instance ""powershell.exe""  with process ID 5792."
"9/7/2026 7:52:41 PM","107","Information","Microsoft-Windows-TaskScheduler","Task Scheduler launched ""{a2edd7f4-79f1-42b6-8285-554cc7bc7428}""  instance of task ""\Scaffold\ScaffoldDeployEngine"" due to a time trigger condition."
"9/7/2026 7:52:26 PM","102","Information","Microsoft-Windows-TaskScheduler","Task Scheduler successfully finished ""{242a232e-90f4-48ff-9780-7b98a3684cab}"" instance of the ""\Microsoft\Windows\CertificateServicesClient\SystemTask"" task for user ""NT AUTHORITY\SYSTEM""."
"9/7/2026 7:52:26 PM","201","Information","Microsoft-Windows-TaskScheduler","Task Scheduler successfully completed task ""\Microsoft\Windows\CertificateServicesClient\SystemTask"" , instance ""{242a232e-90f4-48ff-9780-7b98a3684cab}"" , action ""Certificate Services Client Task Handler"" with return code 0."
"9/7/2026 7:52:16 PM","102","Information","Microsoft-Windows-TaskScheduler","Task Scheduler successfully finished ""{6e0c0091-b4b9-4154-a6f3-82b0cf66377e}"" instance of the ""\Microsoft\Windows\Plug and Play\Device Install Group Policy"" task for user ""NT AUTHORITY\SYSTEM""."
"9/7/2026 7:52:16 PM","201","Information","Microsoft-Windows-TaskScheduler","Task Scheduler successfully completed task ""\Microsoft\Windows\Plug and Play\Device Install Group Policy"" , instance ""{6e0c0091-b4b9-4154-a6f3-82b0cf66377e}"" , action ""Device Installation Group Policy Task Handler"" with return code 0."
"9/7/2026 7:52:16 PM","102","Information","Microsoft-Windows-TaskScheduler","Task Scheduler successfully finished ""{9270519c-b475-4f17-bfe1-e14d43bc5919}"" instance of the ""\Microsoft\Windows\Flighting\FeatureConfig\ReconcileFeatures"" task for user ""NT AUTHORITY\SYSTEM""."
"9/7/2026 7:52:16 PM","201","Information","Microsoft-Windows-TaskScheduler","Task Scheduler successfully completed task ""\Microsoft\Windows\Flighting\FeatureConfig\ReconcileFeatures"" , instance ""{9270519c-b475-4f17-bfe1-e14d43bc5919}"" , action ""Feature Configuration Reconciliation Task Handler"" with return code 0."
"9/7/2026 7:52:16 PM","102","Information","Microsoft-Windows-TaskScheduler","Task Scheduler successfully finished ""{e0ffdeca-3754-4bd8-8c39-72a79d818529}"" instance of the ""\Microsoft\Windows\ExploitGuard\ExploitGuard MDM policy Refresh"" task for user ""NT AUTHORITY\SYSTEM""."
"9/7/2026 7:52:16 PM","201","Information","Microsoft-Windows-TaskScheduler","Task Scheduler successfully completed task ""\Microsoft\Windows\ExploitGuard\ExploitGuard MDM policy Refresh"" , instance ""{e0ffdeca-3754-4bd8-8c39-72a79d818529}"" , action """" with return code 0."
"9/7/2026 7:52:16 PM","200","Information","Microsoft-Windows-TaskScheduler","Task Scheduler launched action ""Feature Configuration Reconciliation Task Handler"" in instance ""{9270519c-b475-4f17-bfe1-e14d43bc5919}"" of task ""\Microsoft\Windows\Flighting\FeatureConfig\ReconcileFeatures""."
"9/7/2026 7:52:16 PM","100","Information","Microsoft-Windows-TaskScheduler","Task Scheduler started ""{9270519c-b475-4f17-bfe1-e14d43bc5919}"" instance of the ""\Microsoft\Windows\Flighting\FeatureConfig\ReconcileFeatures"" task for user ""NT AUTHORITY\SYSTEM""."
"9/7/2026 7:52:16 PM","200","Information","Microsoft-Windows-TaskScheduler","Task Scheduler launched action ""Device Installation Group Policy Task Handler"" in instance ""{6e0c0091-b4b9-4154-a6f3-82b0cf66377e}"" of task ""\Microsoft\Windows\Plug and Play\Device Install Group Policy""."
"9/7/2026 7:52:16 PM","100","Information","Microsoft-Windows-TaskScheduler","Task Scheduler started ""{6e0c0091-b4b9-4154-a6f3-82b0cf66377e}"" instance of the ""\Microsoft\Windows\Plug and Play\Device Install Group Policy"" task for user ""NT AUTHORITY\SYSTEM""."
"9/7/2026 7:52:16 PM","200","Information","Microsoft-Windows-TaskScheduler","Task Scheduler launched action """" in instance ""{e0ffdeca-3754-4bd8-8c39-72a79d818529}"" of task ""\Microsoft\Windows\ExploitGuard\ExploitGuard MDM policy Refresh""."
"9/7/2026 7:52:16 PM","100","Information","Microsoft-Windows-TaskScheduler","Task Scheduler started ""{e0ffdeca-3754-4bd8-8c39-72a79d818529}"" instance of the ""\Microsoft\Windows\ExploitGuard\ExploitGuard MDM policy Refresh"" task for user ""NT AUTHORITY\SYSTEM""."
"9/7/2026 7:52:16 PM","200","Information","Microsoft-Windows-TaskScheduler","Task Scheduler launched action ""Certificate Services Client Task Handler"" in instance ""{242a232e-90f4-48ff-9780-7b98a3684cab}"" of task ""\Microsoft\Windows\CertificateServicesClient\SystemTask""."
"9/7/2026 7:52:16 PM","100","Information","Microsoft-Windows-TaskScheduler","Task Scheduler started ""{242a232e-90f4-48ff-9780-7b98a3684cab}"" instance of the ""\Microsoft\Windows\CertificateServicesClient\SystemTask"" task for user ""NT AUTHORITY\SYSTEM""."
"9/7/2026 7:52:16 PM","129","Information","Microsoft-Windows-TaskScheduler","Task Scheduler launch task ""\Microsoft\Windows\CertificateServicesClient\SystemTask"" , instance ""taskhostw.exe""  with process ID 2604."
"9/7/2026 7:50:43 PM","102","Information","Microsoft-Windows-TaskScheduler","Task Scheduler successfully finished ""{be63db38-b237-465f-84c3-da2b43ac01e3}"" instance of the ""\Scaffold\ScaffoldDeployEngine"" task for user ""NT AUTHORITY\SYSTEM""."
"9/7/2026 7:50:43 PM","201","Information","Microsoft-Windows-TaskScheduler","Task Scheduler successfully completed task ""\Scaffold\ScaffoldDeployEngine"" , instance ""{be63db38-b237-465f-84c3-da2b43ac01e3}"" , action ""powershell.exe"" with return code 0."
"9/7/2026 7:50:41 PM","200","Information","Microsoft-Windows-TaskScheduler","Task Scheduler launched action ""powershell.exe"" in instance ""{be63db38-b237-465f-84c3-da2b43ac01e3}"" of task ""\Scaffold\ScaffoldDeployEngine""."
"9/7/2026 7:50:41 PM","100","Information","Microsoft-Windows-TaskScheduler","Task Scheduler started ""{be63db38-b237-465f-84c3-da2b43ac01e3}"" instance of the ""\Scaffold\ScaffoldDeployEngine"" task for user ""NT AUTHORITY\SYSTEM""."
"9/7/2026 7:50:41 PM","129","Information","Microsoft-Windows-TaskScheduler","Task Scheduler launch task ""\Scaffold\ScaffoldDeployEngine"" , instance ""powershell.exe""  with process ID 740."
"9/7/2026 7:50:41 PM","107","Information","Microsoft-Windows-TaskScheduler","Task Scheduler launched ""{be63db38-b237-465f-84c3-da2b43ac01e3}""  instance of task ""\Scaffold\ScaffoldDeployEngine"" due to a time trigger condition."
"9/7/2026 7:48:43 PM","102","Information","Microsoft-Windows-TaskScheduler","Task Scheduler successfully finished ""{db80d290-7e38-4333-9cc5-91ba83a9779a}"" instance of the ""\Scaffold\ScaffoldDeployEngine"" task for user ""NT AUTHORITY\SYSTEM""."
"9/7/2026 7:48:43 PM","201","Information","Microsoft-Windows-TaskScheduler","Task Scheduler successfully completed task ""\Scaffold\ScaffoldDeployEngine"" , instance ""{db80d290-7e38-4333-9cc5-91ba83a9779a}"" , action ""powershell.exe"" with return code 0."
"9/7/2026 7:48:41 PM","200","Information","Microsoft-Windows-TaskScheduler","Task Scheduler launched action ""powershell.exe"" in instance ""{db80d290-7e38-4333-9cc5-91ba83a9779a}"" of task ""\Scaffold\ScaffoldDeployEngine""."
"9/7/2026 7:48:41 PM","100","Information","Microsoft-Windows-TaskScheduler","Task Scheduler started ""{db80d290-7e38-4333-9cc5-91ba83a9779a}"" instance of the ""\Scaffold\ScaffoldDeployEngine"" task for user ""NT AUTHORITY\SYSTEM""."
"9/7/2026 7:48:41 PM","129","Information","Microsoft-Windows-TaskScheduler","Task Scheduler launch task ""\Scaffold\ScaffoldDeployEngine"" , instance ""powershell.exe""  with process ID 2708."
"9/7/2026 7:48:41 PM","107","Information","Microsoft-Windows-TaskScheduler","Task Scheduler launched ""{db80d290-7e38-4333-9cc5-91ba83a9779a}""  instance of task ""\Scaffold\ScaffoldDeployEngine"" due to a time trigger condition."
"9/7/2026 7:48:27 PM","140","Information","Microsoft-Windows-TaskScheduler","User ""SCAFFOLD\DC$""  updated Task Scheduler task ""\Microsoft\Windows\SoftwareProtectionPlatform\SvcRestartTask"""
"9/7/2026 7:47:57 PM","102","Information","Microsoft-Windows-TaskScheduler","Task Scheduler successfully finished ""{312f0922-2c33-4768-b1aa-1218b3d5199e}"" instance of the ""\Microsoft\Windows\SoftwareProtectionPlatform\SvcRestartTaskNetwork"" task for user ""(NONE)""."
"9/7/2026 7:47:57 PM","201","Information","Microsoft-Windows-TaskScheduler","Task Scheduler successfully completed task ""\Microsoft\Windows\SoftwareProtectionPlatform\SvcRestartTaskNetwork"" , instance ""{312f0922-2c33-4768-b1aa-1218b3d5199e}"" , action ""SppSvcRestartTaskHandler Class"" with return code 0."
"9/7/2026 7:47:56 PM","200","Information","Microsoft-Windows-TaskScheduler","Task Scheduler launched action ""SppSvcRestartTaskHandler Class"" in instance ""{312f0922-2c33-4768-b1aa-1218b3d5199e}"" of task ""\Microsoft\Windows\SoftwareProtectionPlatform\SvcRestartTaskNetwork""."
"9/7/2026 7:47:56 PM","100","Information","Microsoft-Windows-TaskScheduler","Task Scheduler started ""{312f0922-2c33-4768-b1aa-1218b3d5199e}"" instance of the ""\Microsoft\Windows\SoftwareProtectionPlatform\SvcRestartTaskNetwork"" task for user ""(NONE)""."
"9/7/2026 7:47:56 PM","129","Information","Microsoft-Windows-TaskScheduler","Task Scheduler launch task ""\Microsoft\Windows\SoftwareProtectionPlatform\SvcRestartTaskNetwork"" , instance ""taskhostw.exe""  with process ID 6516."
"9/7/2026 7:47:56 PM","108","Information","Microsoft-Windows-TaskScheduler","Task Scheduler launched ""{312f0922-2c33-4768-b1aa-1218b3d5199e}""  instance of task ""\Microsoft\Windows\SoftwareProtectionPlatform\SvcRestartTaskNetwork""  according to an event trigger."
"9/7/2026 7:46:44 PM","102","Information","Microsoft-Windows-TaskScheduler","Task Scheduler successfully finished ""{4745303b-a7c7-47ab-9ace-be4bf7cd965c}"" instance of the ""\Scaffold\ScaffoldDeployEngine"" task for user ""NT AUTHORITY\SYSTEM""."
"9/7/2026 7:46:44 PM","201","Information","Microsoft-Windows-TaskScheduler","Task Scheduler successfully completed task ""\Scaffold\ScaffoldDeployEngine"" , instance ""{4745303b-a7c7-47ab-9ace-be4bf7cd965c}"" , action ""powershell.exe"" with return code 0."
"9/7/2026 7:46:41 PM","200","Information","Microsoft-Windows-TaskScheduler","Task Scheduler launched action ""powershell.exe"" in instance ""{4745303b-a7c7-47ab-9ace-be4bf7cd965c}"" of task ""\Scaffold\ScaffoldDeployEngine""."
"9/7/2026 7:46:41 PM","100","Information","Microsoft-Windows-TaskScheduler","Task Scheduler started ""{4745303b-a7c7-47ab-9ace-be4bf7cd965c}"" instance of the ""\Scaffold\ScaffoldDeployEngine"" task for user ""NT AUTHORITY\SYSTEM""."
"9/7/2026 7:46:41 PM","129","Information","Microsoft-Windows-TaskScheduler","Task Scheduler launch task ""\Scaffold\ScaffoldDeployEngine"" , instance ""powershell.exe""  with process ID 5836."
"9/7/2026 7:46:41 PM","107","Information","Microsoft-Windows-TaskScheduler","Task Scheduler launched ""{4745303b-a7c7-47ab-9ace-be4bf7cd965c}""  instance of task ""\Scaffold\ScaffoldDeployEngine"" due to a time trigger condition."
"9/7/2026 7:46:05 PM","102","Information","Microsoft-Windows-TaskScheduler","Task Scheduler successfully finished ""{f8d0630a-1ca6-403b-84b9-fc19e74c565b}"" instance of the ""\Microsoft\Windows\Power Efficiency Diagnostics\AnalyzeSystem"" task for user ""NT AUTHORITY\SYSTEM""."
"9/7/2026 7:46:05 PM","201","Information","Microsoft-Windows-TaskScheduler","Task Scheduler successfully completed task ""\Microsoft\Windows\Power Efficiency Diagnostics\AnalyzeSystem"" , instance ""{f8d0630a-1ca6-403b-84b9-fc19e74c565b}"" , action """" with return code 0."
"9/7/2026 7:45:02 PM","200","Information","Microsoft-Windows-TaskScheduler","Task Scheduler launched action """" in instance ""{f8d0630a-1ca6-403b-84b9-fc19e74c565b}"" of task ""\Microsoft\Windows\Power Efficiency Diagnostics\AnalyzeSystem""."
"9/7/2026 7:45:02 PM","100","Information","Microsoft-Windows-TaskScheduler","Task Scheduler started ""{f8d0630a-1ca6-403b-84b9-fc19e74c565b}"" instance of the ""\Microsoft\Windows\Power Efficiency Diagnostics\AnalyzeSystem"" task for user ""NT AUTHORITY\SYSTEM""."
"9/7/2026 7:45:02 PM","129","Information","Microsoft-Windows-TaskScheduler","Task Scheduler launch task ""\Microsoft\Windows\Power Efficiency Diagnostics\AnalyzeSystem"" , instance ""taskhostw.exe""  with process ID 5952."
"9/7/2026 7:45:01 PM","102","Information","Microsoft-Windows-TaskScheduler","Task Scheduler successfully finished ""{26f66993-14a6-4132-b153-4aa1fbd74708}"" instance of the ""\Microsoft\Windows\Maintenance\WinSAT"" task for user ""SCAFFOLD\Administrator""."
"9/7/2026 7:45:01 PM","201","Information","Microsoft-Windows-TaskScheduler","Task Scheduler successfully completed task ""\Microsoft\Windows\Maintenance\WinSAT"" , instance ""{26f66993-14a6-4132-b153-4aa1fbd74708}"" , action ""WinSAT Task Manger Task"" with return code 0."
"9/7/2026 7:45:00 PM","102","Information","Microsoft-Windows-TaskScheduler","Task Scheduler successfully finished ""{836d7781-f234-440b-b9ca-a7079a9b4434}"" instance of the ""\Scaffold\ScaffoldDeployEngine"" task for user ""NT AUTHORITY\SYSTEM""."
"9/7/2026 7:45:00 PM","201","Information","Microsoft-Windows-TaskScheduler","Task Scheduler successfully completed task ""\Scaffold\ScaffoldDeployEngine"" , instance ""{836d7781-f234-440b-b9ca-a7079a9b4434}"" , action ""powershell.exe"" with return code 0."
"9/7/2026 7:44:42 PM","200","Information","Microsoft-Windows-TaskScheduler","Task Scheduler launched action ""powershell.exe"" in instance ""{836d7781-f234-440b-b9ca-a7079a9b4434}"" of task ""\Scaffold\ScaffoldDeployEngine""."
"9/7/2026 7:44:42 PM","100","Information","Microsoft-Windows-TaskScheduler","Task Scheduler started ""{836d7781-f234-440b-b9ca-a7079a9b4434}"" instance of the ""\Scaffold\ScaffoldDeployEngine"" task for user ""NT AUTHORITY\SYSTEM""."
"9/7/2026 7:44:42 PM","129","Information","Microsoft-Windows-TaskScheduler","Task Scheduler launch task ""\Scaffold\ScaffoldDeployEngine"" , instance ""powershell.exe""  with process ID 3440."
"9/7/2026 7:44:41 PM","107","Information","Microsoft-Windows-TaskScheduler","Task Scheduler launched ""{836d7781-f234-440b-b9ca-a7079a9b4434}""  instance of task ""\Scaffold\ScaffoldDeployEngine"" due to a time trigger condition."
"9/7/2026 7:43:56 PM","325","Warning","Microsoft-Windows-TaskScheduler","Task Scheduler queued instance ""{f8d0630a-1ca6-403b-84b9-fc19e74c565b}""  of task ""\Microsoft\Windows\Power Efficiency Diagnostics\AnalyzeSystem""."
"9/7/2026 7:43:56 PM","200","Information","Microsoft-Windows-TaskScheduler","Task Scheduler launched action ""WinSAT Task Manger Task"" in instance ""{26f66993-14a6-4132-b153-4aa1fbd74708}"" of task ""\Microsoft\Windows\Maintenance\WinSAT""."
"9/7/2026 7:43:56 PM","100","Information","Microsoft-Windows-TaskScheduler","Task Scheduler started ""{26f66993-14a6-4132-b153-4aa1fbd74708}"" instance of the ""\Microsoft\Windows\Maintenance\WinSAT"" task for user ""SCAFFOLD\Administrator""."
"9/7/2026 7:43:55 PM","102","Information","Microsoft-Windows-TaskScheduler","Task Scheduler successfully finished ""{659eeaa5-fcc1-45b5-bcf1-97952e9c0b89}"" instance of the ""\Microsoft\Windows\Application Experience\ProgramDataUpdater"" task for user ""NT AUTHORITY\SYSTEM""."
"9/7/2026 7:43:55 PM","201","Information","Microsoft-Windows-TaskScheduler","Task Scheduler successfully completed task ""\Microsoft\Windows\Application Experience\ProgramDataUpdater"" , instance ""{659eeaa5-fcc1-45b5-bcf1-97952e9c0b89}"" , action ""%windir%\system32\compattelrunner.exe"" with return code 0."
"9/7/2026 7:43:49 PM","140","Information","Microsoft-Windows-TaskScheduler","User ""SCAFFOLD\DC$""  updated Task Scheduler task ""\Microsoft\Windows\SoftwareProtectionPlatform\SvcRestartTask"""
"9/7/2026 7:42:43 PM","102","Information","Microsoft-Windows-TaskScheduler","Task Scheduler successfully finished ""{4f264505-9974-474f-b47c-ec979c7ebcb4}"" instance of the ""\Scaffold\ScaffoldDeployEngine"" task for user ""NT AUTHORITY\SYSTEM""."
"9/7/2026 7:42:43 PM","201","Information","Microsoft-Windows-TaskScheduler","Task Scheduler successfully completed task ""\Scaffold\ScaffoldDeployEngine"" , instance ""{4f264505-9974-474f-b47c-ec979c7ebcb4}"" , action ""powershell.exe"" with return code 0."
"9/7/2026 7:42:41 PM","200","Information","Microsoft-Windows-TaskScheduler","Task Scheduler launched action ""powershell.exe"" in instance ""{4f264505-9974-474f-b47c-ec979c7ebcb4}"" of task ""\Scaffold\ScaffoldDeployEngine""."
"9/7/2026 7:42:41 PM","100","Information","Microsoft-Windows-TaskScheduler","Task Scheduler started ""{4f264505-9974-474f-b47c-ec979c7ebcb4}"" instance of the ""\Scaffold\ScaffoldDeployEngine"" task for user ""NT AUTHORITY\SYSTEM""."
"9/7/2026 7:42:41 PM","129","Information","Microsoft-Windows-TaskScheduler","Task Scheduler launch task ""\Scaffold\ScaffoldDeployEngine"" , instance ""powershell.exe""  with process ID 6952."
"9/7/2026 7:42:41 PM","107","Information","Microsoft-Windows-TaskScheduler","Task Scheduler launched ""{4f264505-9974-474f-b47c-ec979c7ebcb4}""  instance of task ""\Scaffold\ScaffoldDeployEngine"" due to a time trigger condition."
"9/7/2026 7:40:43 PM","102","Information","Microsoft-Windows-TaskScheduler","Task Scheduler successfully finished ""{4916be13-8d32-4ae9-ba9d-6b4db563668d}"" instance of the ""\Scaffold\ScaffoldDeployEngine"" task for user ""NT AUTHORITY\SYSTEM""."
"9/7/2026 7:40:43 PM","201","Information","Microsoft-Windows-TaskScheduler","Task Scheduler successfully completed task ""\Scaffold\ScaffoldDeployEngine"" , instance ""{4916be13-8d32-4ae9-ba9d-6b4db563668d}"" , action ""powershell.exe"" with return code 0."
"9/7/2026 7:40:41 PM","200","Information","Microsoft-Windows-TaskScheduler","Task Scheduler launched action ""powershell.exe"" in instance ""{4916be13-8d32-4ae9-ba9d-6b4db563668d}"" of task ""\Scaffold\ScaffoldDeployEngine""."
"9/7/2026 7:40:41 PM","100","Information","Microsoft-Windows-TaskScheduler","Task Scheduler started ""{4916be13-8d32-4ae9-ba9d-6b4db563668d}"" instance of the ""\Scaffold\ScaffoldDeployEngine"" task for user ""NT AUTHORITY\SYSTEM""."
"9/7/2026 7:40:41 PM","129","Information","Microsoft-Windows-TaskScheduler","Task Scheduler launch task ""\Scaffold\ScaffoldDeployEngine"" , instance ""powershell.exe""  with process ID 2892."
"9/7/2026 7:40:41 PM","107","Information","Microsoft-Windows-TaskScheduler","Task Scheduler launched ""{4916be13-8d32-4ae9-ba9d-6b4db563668d}""  instance of task ""\Scaffold\ScaffoldDeployEngine"" due to a time trigger condition."
"9/7/2026 7:38:43 PM","102","Information","Microsoft-Windows-TaskScheduler","Task Scheduler successfully finished ""{7a7422d1-bb64-417e-b0a6-57177b69a305}"" instance of the ""\Scaffold\ScaffoldDeployEngine"" task for user ""NT AUTHORITY\SYSTEM""."
"9/7/2026 7:38:43 PM","201","Information","Microsoft-Windows-TaskScheduler","Task Scheduler successfully completed task ""\Scaffold\ScaffoldDeployEngine"" , instance ""{7a7422d1-bb64-417e-b0a6-57177b69a305}"" , action ""powershell.exe"" with return code 0."
"9/7/2026 7:38:41 PM","200","Information","Microsoft-Windows-TaskScheduler","Task Scheduler launched action ""powershell.exe"" in instance ""{7a7422d1-bb64-417e-b0a6-57177b69a305}"" of task ""\Scaffold\ScaffoldDeployEngine""."
"9/7/2026 7:38:41 PM","100","Information","Microsoft-Windows-TaskScheduler","Task Scheduler started ""{7a7422d1-bb64-417e-b0a6-57177b69a305}"" instance of the ""\Scaffold\ScaffoldDeployEngine"" task for user ""NT AUTHORITY\SYSTEM""."
"9/7/2026 7:38:41 PM","129","Information","Microsoft-Windows-TaskScheduler","Task Scheduler launch task ""\Scaffold\ScaffoldDeployEngine"" , instance ""powershell.exe""  with process ID 2384."
"9/7/2026 7:38:41 PM","107","Information","Microsoft-Windows-TaskScheduler","Task Scheduler launched ""{7a7422d1-bb64-417e-b0a6-57177b69a305}""  instance of task ""\Scaffold\ScaffoldDeployEngine"" due to a time trigger condition."
"9/7/2026 7:37:12 PM","102","Information","Microsoft-Windows-TaskScheduler","Task Scheduler successfully finished ""{dbeb1303-c62d-44aa-85a0-c1983567f84e}"" instance of the ""\Microsoft\Windows\Application Experience\Microsoft Compatibility Appraiser"" task for user ""NT AUTHORITY\SYSTEM""."
"9/7/2026 7:37:12 PM","201","Information","Microsoft-Windows-TaskScheduler","Task Scheduler successfully completed task ""\Microsoft\Windows\Application Experience\Microsoft Compatibility Appraiser"" , instance ""{dbeb1303-c62d-44aa-85a0-c1983567f84e}"" , action ""%windir%\system32\compattelrunner.exe"" with return code 0."
"9/7/2026 7:37:11 PM","140","Information","Microsoft-Windows-TaskScheduler","User ""S-1-5-18""  updated Task Scheduler task ""\Microsoft\Windows\Application Experience\Microsoft Compatibility Appraiser"""
"9/7/2026 7:36:44 PM","102","Information","Microsoft-Windows-TaskScheduler","Task Scheduler successfully finished ""{27dfcb1b-6ae8-4151-87e6-19b4a546e824}"" instance of the ""\Scaffold\ScaffoldDeployEngine"" task for user ""NT AUTHORITY\SYSTEM""."
"9/7/2026 7:36:44 PM","201","Information","Microsoft-Windows-TaskScheduler","Task Scheduler successfully completed task ""\Scaffold\ScaffoldDeployEngine"" , instance ""{27dfcb1b-6ae8-4151-87e6-19b4a546e824}"" , action ""powershell.exe"" with return code 0."
"9/7/2026 7:36:41 PM","200","Information","Microsoft-Windows-TaskScheduler","Task Scheduler launched action ""powershell.exe"" in instance ""{27dfcb1b-6ae8-4151-87e6-19b4a546e824}"" of task ""\Scaffold\ScaffoldDeployEngine""."
"9/7/2026 7:36:41 PM","100","Information","Microsoft-Windows-TaskScheduler","Task Scheduler started ""{27dfcb1b-6ae8-4151-87e6-19b4a546e824}"" instance of the ""\Scaffold\ScaffoldDeployEngine"" task for user ""NT AUTHORITY\SYSTEM""."
"9/7/2026 7:36:41 PM","129","Information","Microsoft-Windows-TaskScheduler","Task Scheduler launch task ""\Scaffold\ScaffoldDeployEngine"" , instance ""powershell.exe""  with process ID 2692."
"9/7/2026 7:36:41 PM","107","Information","Microsoft-Windows-TaskScheduler","Task Scheduler launched ""{27dfcb1b-6ae8-4151-87e6-19b4a546e824}""  instance of task ""\Scaffold\ScaffoldDeployEngine"" due to a time trigger condition."
"9/7/2026 7:34:44 PM","102","Information","Microsoft-Windows-TaskScheduler","Task Scheduler successfully finished ""{76cf3403-258c-47b7-a098-15feba8befab}"" instance of the ""\Scaffold\ScaffoldDeployEngine"" task for user ""NT AUTHORITY\SYSTEM""."
"9/7/2026 7:34:44 PM","201","Information","Microsoft-Windows-TaskScheduler","Task Scheduler successfully completed task ""\Scaffold\ScaffoldDeployEngine"" , instance ""{76cf3403-258c-47b7-a098-15feba8befab}"" , action ""powershell.exe"" with return code 0."
"9/7/2026 7:34:41 PM","200","Information","Microsoft-Windows-TaskScheduler","Task Scheduler launched action ""powershell.exe"" in instance ""{76cf3403-258c-47b7-a098-15feba8befab}"" of task ""\Scaffold\ScaffoldDeployEngine""."
"9/7/2026 7:34:41 PM","100","Information","Microsoft-Windows-TaskScheduler","Task Scheduler started ""{76cf3403-258c-47b7-a098-15feba8befab}"" instance of the ""\Scaffold\ScaffoldDeployEngine"" task for user ""NT AUTHORITY\SYSTEM""."
"9/7/2026 7:34:41 PM","129","Information","Microsoft-Windows-TaskScheduler","Task Scheduler launch task ""\Scaffold\ScaffoldDeployEngine"" , instance ""powershell.exe""  with process ID 6816."
"9/7/2026 7:34:41 PM","107","Information","Microsoft-Windows-TaskScheduler","Task Scheduler launched ""{76cf3403-258c-47b7-a098-15feba8befab}""  instance of task ""\Scaffold\ScaffoldDeployEngine"" due to a time trigger condition."
"9/7/2026 7:32:44 PM","102","Information","Microsoft-Windows-TaskScheduler","Task Scheduler successfully finished ""{0c02960f-eefb-4642-b80e-9caf803d7b3f}"" instance of the ""\Scaffold\ScaffoldDeployEngine"" task for user ""NT AUTHORITY\SYSTEM""."
"9/7/2026 7:32:44 PM","201","Information","Microsoft-Windows-TaskScheduler","Task Scheduler successfully completed task ""\Scaffold\ScaffoldDeployEngine"" , instance ""{0c02960f-eefb-4642-b80e-9caf803d7b3f}"" , action ""powershell.exe"" with return code 0."
"9/7/2026 7:32:41 PM","200","Information","Microsoft-Windows-TaskScheduler","Task Scheduler launched action ""powershell.exe"" in instance ""{0c02960f-eefb-4642-b80e-9caf803d7b3f}"" of task ""\Scaffold\ScaffoldDeployEngine""."
"9/7/2026 7:32:41 PM","100","Information","Microsoft-Windows-TaskScheduler","Task Scheduler started ""{0c02960f-eefb-4642-b80e-9caf803d7b3f}"" instance of the ""\Scaffold\ScaffoldDeployEngine"" task for user ""NT AUTHORITY\SYSTEM""."
"9/7/2026 7:32:41 PM","129","Information","Microsoft-Windows-TaskScheduler","Task Scheduler launch task ""\Scaffold\ScaffoldDeployEngine"" , instance ""powershell.exe""  with process ID 4260."
"9/7/2026 7:32:41 PM","107","Information","Microsoft-Windows-TaskScheduler","Task Scheduler launched ""{0c02960f-eefb-4642-b80e-9caf803d7b3f}""  instance of task ""\Scaffold\ScaffoldDeployEngine"" due to a time trigger condition."
"9/7/2026 7:32:10 PM","102","Information","Microsoft-Windows-TaskScheduler","Task Scheduler successfully finished ""{a2ebe795-c72e-48dd-9d4b-bbbcddddb491}"" instance of the ""\Microsoft\Windows\DiskCleanup\SilentCleanup"" task for user ""SCAFFOLD\Administrator""."
"9/7/2026 7:32:10 PM","201","Information","Microsoft-Windows-TaskScheduler","Task Scheduler successfully completed task ""\Microsoft\Windows\DiskCleanup\SilentCleanup"" , instance ""{a2ebe795-c72e-48dd-9d4b-bbbcddddb491}"" , action ""%windir%\system32\cleanmgr.exe"" with return code 0."
"9/7/2026 7:31:56 PM","110","Information","Microsoft-Windows-TaskScheduler","Task Scheduler launched ""{357ee5f2-c976-4c8d-9170-6ecc45301adf}""  instance of task ""\Microsoft\Windows\DiskCleanup\SilentCleanup""  for user ""Users"" ."
"9/7/2026 7:31:56 PM","200","Information","Microsoft-Windows-TaskScheduler","Task Scheduler launched action ""%windir%\system32\cleanmgr.exe"" in instance ""{a2ebe795-c72e-48dd-9d4b-bbbcddddb491}"" of task ""\Microsoft\Windows\DiskCleanup\SilentCleanup""."
"9/7/2026 7:31:56 PM","100","Information","Microsoft-Windows-TaskScheduler","Task Scheduler started ""{a2ebe795-c72e-48dd-9d4b-bbbcddddb491}"" instance of the ""\Microsoft\Windows\DiskCleanup\SilentCleanup"" task for user ""SCAFFOLD\Administrator""."
"9/7/2026 7:31:56 PM","129","Information","Microsoft-Windows-TaskScheduler","Task Scheduler launch task ""\Microsoft\Windows\DiskCleanup\SilentCleanup"" , instance ""%windir%\system32\cleanmgr.exe""  with process ID 2476."
"9/7/2026 7:30:43 PM","102","Information","Microsoft-Windows-TaskScheduler","Task Scheduler successfully finished ""{b25c9e62-8c01-4593-84ec-aa43cc0cd5c0}"" instance of the ""\Scaffold\ScaffoldDeployEngine"" task for user ""NT AUTHORITY\SYSTEM""."
"9/7/2026 7:30:43 PM","201","Information","Microsoft-Windows-TaskScheduler","Task Scheduler successfully completed task ""\Scaffold\ScaffoldDeployEngine"" , instance ""{b25c9e62-8c01-4593-84ec-aa43cc0cd5c0}"" , action ""powershell.exe"" with return code 0."
"9/7/2026 7:30:41 PM","200","Information","Microsoft-Windows-TaskScheduler","Task Scheduler launched action ""powershell.exe"" in instance ""{b25c9e62-8c01-4593-84ec-aa43cc0cd5c0}"" of task ""\Scaffold\ScaffoldDeployEngine""."
"9/7/2026 7:30:41 PM","100","Information","Microsoft-Windows-TaskScheduler","Task Scheduler started ""{b25c9e62-8c01-4593-84ec-aa43cc0cd5c0}"" instance of the ""\Scaffold\ScaffoldDeployEngine"" task for user ""NT AUTHORITY\SYSTEM""."
"9/7/2026 7:30:41 PM","129","Information","Microsoft-Windows-TaskScheduler","Task Scheduler launch task ""\Scaffold\ScaffoldDeployEngine"" , instance ""powershell.exe""  with process ID 6440."
"9/7/2026 7:30:41 PM","107","Information","Microsoft-Windows-TaskScheduler","Task Scheduler launched ""{b25c9e62-8c01-4593-84ec-aa43cc0cd5c0}""  instance of task ""\Scaffold\ScaffoldDeployEngine"" due to a time trigger condition."
"9/7/2026 7:30:03 PM","102","Information","Microsoft-Windows-TaskScheduler","Task Scheduler successfully finished ""{5df58494-1edd-48a1-9b85-f5067bc8d817}"" instance of the ""\Microsoft\Windows\Device Information\Device User"" task for user ""SCAFFOLD\Administrator""."
"9/7/2026 7:30:03 PM","201","Information","Microsoft-Windows-TaskScheduler","Task Scheduler successfully completed task ""\Microsoft\Windows\Device Information\Device User"" , instance ""{5df58494-1edd-48a1-9b85-f5067bc8d817}"" , action ""%windir%\system32\devicecensus.exe"" with return code 0."
"9/7/2026 7:29:53 PM","200","Information","Microsoft-Windows-TaskScheduler","Task Scheduler launched action ""%windir%\system32\devicecensus.exe"" in instance ""{5df58494-1edd-48a1-9b85-f5067bc8d817}"" of task ""\Microsoft\Windows\Device Information\Device User""."
"9/7/2026 7:29:53 PM","100","Information","Microsoft-Windows-TaskScheduler","Task Scheduler started ""{5df58494-1edd-48a1-9b85-f5067bc8d817}"" instance of the ""\Microsoft\Windows\Device Information\Device User"" task for user ""SCAFFOLD\Administrator""."
"9/7/2026 7:29:53 PM","129","Information","Microsoft-Windows-TaskScheduler","Task Scheduler launch task ""\Microsoft\Windows\Device Information\Device User"" , instance ""%windir%\system32\devicecensus.exe""  with process ID 6324."
"9/7/2026 7:29:53 PM","119","Information","Microsoft-Windows-TaskScheduler","Task Scheduler launched ""{5df58494-1edd-48a1-9b85-f5067bc8d817}""  instance of task ""\Microsoft\Windows\Device Information\Device User"" due to user ""SCAFFOLD\Administrator""  logon."
"9/7/2026 7:28:44 PM","102","Information","Microsoft-Windows-TaskScheduler","Task Scheduler successfully finished ""{4086ce54-bcc4-4f43-a425-c4d6dacc39f5}"" instance of the ""\Scaffold\ScaffoldDeployEngine"" task for user ""NT AUTHORITY\SYSTEM""."
"9/7/2026 7:28:44 PM","201","Information","Microsoft-Windows-TaskScheduler","Task Scheduler successfully completed task ""\Scaffold\ScaffoldDeployEngine"" , instance ""{4086ce54-bcc4-4f43-a425-c4d6dacc39f5}"" , action ""powershell.exe"" with return code 0."
"9/7/2026 7:28:41 PM","200","Information","Microsoft-Windows-TaskScheduler","Task Scheduler launched action ""powershell.exe"" in instance ""{4086ce54-bcc4-4f43-a425-c4d6dacc39f5}"" of task ""\Scaffold\ScaffoldDeployEngine""."
"9/7/2026 7:28:41 PM","100","Information","Microsoft-Windows-TaskScheduler","Task Scheduler started ""{4086ce54-bcc4-4f43-a425-c4d6dacc39f5}"" instance of the ""\Scaffold\ScaffoldDeployEngine"" task for user ""NT AUTHORITY\SYSTEM""."
"9/7/2026 7:28:41 PM","129","Information","Microsoft-Windows-TaskScheduler","Task Scheduler launch task ""\Scaffold\ScaffoldDeployEngine"" , instance ""powershell.exe""  with process ID 1412."
"9/7/2026 7:28:41 PM","107","Information","Microsoft-Windows-TaskScheduler","Task Scheduler launched ""{4086ce54-bcc4-4f43-a425-c4d6dacc39f5}""  instance of task ""\Scaffold\ScaffoldDeployEngine"" due to a time trigger condition."
"9/7/2026 7:28:40 PM","102","Information","Microsoft-Windows-TaskScheduler","Task Scheduler successfully finished ""{6a43ef30-c9d7-46ca-b9ad-d5dba68f94e3}"" instance of the ""\Microsoft\Windows\Chkdsk\ProactiveScan"" task for user ""NT AUTHORITY\SYSTEM""."
"9/7/2026 7:28:40 PM","201","Information","Microsoft-Windows-TaskScheduler","Task Scheduler successfully completed task ""\Microsoft\Windows\Chkdsk\ProactiveScan"" , instance ""{6a43ef30-c9d7-46ca-b9ad-d5dba68f94e3}"" , action ""Proactive Scan"" with return code 0."
"9/7/2026 7:28:17 PM","102","Information","Microsoft-Windows-TaskScheduler","Task Scheduler successfully finished ""{571eaf7d-0d08-4393-9f69-f720d94a6ba2}"" instance of the ""\Microsoft\Windows\DiskCleanup\SilentCleanup"" task for user ""SCAFFOLD\Administrator""."
"9/7/2026 7:28:17 PM","201","Information","Microsoft-Windows-TaskScheduler","Task Scheduler successfully completed task ""\Microsoft\Windows\DiskCleanup\SilentCleanup"" , instance ""{571eaf7d-0d08-4393-9f69-f720d94a6ba2}"" , action ""%windir%\system32\cleanmgr.exe"" with return code 0."
"9/7/2026 7:28:00 PM","102","Information","Microsoft-Windows-TaskScheduler","Task Scheduler successfully finished ""{0c9a197b-f3be-4061-bdca-ebe1550e08c7}"" instance of the ""\Microsoft\Windows\Time Zone\SynchronizeTimeZone"" task for user ""NT AUTHORITY\SYSTEM""."
"9/7/2026 7:28:00 PM","201","Information","Microsoft-Windows-TaskScheduler","Task Scheduler successfully completed task ""\Microsoft\Windows\Time Zone\SynchronizeTimeZone"" , instance ""{0c9a197b-f3be-4061-bdca-ebe1550e08c7}"" , action ""%windir%\system32\tzsync.exe"" with return code 0."
"9/7/2026 7:27:58 PM","102","Information","Microsoft-Windows-TaskScheduler","Task Scheduler successfully finished ""{87420129-b070-4125-9c6b-df110e076085}"" instance of the ""\Microsoft\Windows\Defrag\ScheduledDefrag"" task for user ""NT AUTHORITY\SYSTEM""."
"9/7/2026 7:27:58 PM","201","Information","Microsoft-Windows-TaskScheduler","Task Scheduler successfully completed task ""\Microsoft\Windows\Defrag\ScheduledDefrag"" , instance ""{87420129-b070-4125-9c6b-df110e076085}"" , action ""%windir%\system32\defrag.exe"" with return code 0."
"9/7/2026 7:27:58 PM","102","Information","Microsoft-Windows-TaskScheduler","Task Scheduler successfully finished ""{4f49606c-77dd-4067-b6c0-71b352923698}"" instance of the ""\Microsoft\Windows\Diagnosis\Scheduled"" task for user ""SCAFFOLD\Administrator""."
"9/7/2026 7:27:58 PM","201","Information","Microsoft-Windows-TaskScheduler","Task Scheduler successfully completed task ""\Microsoft\Windows\Diagnosis\Scheduled"" , instance ""{4f49606c-77dd-4067-b6c0-71b352923698}"" , action ""ScheduledDiagnosticCustomHandler"" with return code 0."
"9/7/2026 7:27:58 PM","102","Information","Microsoft-Windows-TaskScheduler","Task Scheduler successfully finished ""{8afaefb6-2d11-48a4-ad7b-89e6319f5f54}"" instance of the ""\Microsoft\Windows\Time Synchronization\SynchronizeTime"" task for user ""(NONE)""."
"9/7/2026 7:27:58 PM","201","Information","Microsoft-Windows-TaskScheduler","Task Scheduler successfully completed task ""\Microsoft\Windows\Time Synchronization\SynchronizeTime"" , instance ""{8afaefb6-2d11-48a4-ad7b-89e6319f5f54}"" , action ""%windir%\system32\sc.exe"" with return code 2147943456."
"9/7/2026 7:27:58 PM","102","Information","Microsoft-Windows-TaskScheduler","Task Scheduler successfully finished ""{8e7f894c-b8a4-400f-be82-0dd8c1e0021a}"" instance of the ""\Microsoft\Windows\ApplicationData\DsSvcCleanup"" task for user ""NT AUTHORITY\SYSTEM""."
"9/7/2026 7:27:58 PM","201","Information","Microsoft-Windows-TaskScheduler","Task Scheduler successfully completed task ""\Microsoft\Windows\ApplicationData\DsSvcCleanup"" , instance ""{8e7f894c-b8a4-400f-be82-0dd8c1e0021a}"" , action ""%windir%\system32\dstokenclean.exe"" with return code 0."
"9/7/2026 7:27:58 PM","102","Information","Microsoft-Windows-TaskScheduler","Task Scheduler successfully finished ""{e9865e02-f007-4faf-bbac-33b634d295ba}"" instance of the ""\Microsoft\Windows\DiskFootprint\Diagnostics"" task for user ""NT AUTHORITY\SYSTEM""."
"9/7/2026 7:27:58 PM","201","Information","Microsoft-Windows-TaskScheduler","Task Scheduler successfully completed task ""\Microsoft\Windows\DiskFootprint\Diagnostics"" , instance ""{e9865e02-f007-4faf-bbac-33b634d295ba}"" , action ""%windir%\system32\disksnapshot.exe"" with return code 0."
"9/7/2026 7:27:57 PM","102","Information","Microsoft-Windows-TaskScheduler","Task Scheduler successfully finished ""{7fa46e13-ea0e-4369-885b-9c7d53ed48ca}"" instance of the ""\Microsoft\Windows\StateRepository\MaintenanceTasks"" task for user ""NT AUTHORITY\SYSTEM""."
"9/7/2026 7:27:57 PM","201","Information","Microsoft-Windows-TaskScheduler","Task Scheduler successfully completed task ""\Microsoft\Windows\StateRepository\MaintenanceTasks"" , instance ""{7fa46e13-ea0e-4369-885b-9c7d53ed48ca}"" , action ""%windir%\system32\rundll32.exe"" with return code 0."
"9/7/2026 7:27:57 PM","102","Information","Microsoft-Windows-TaskScheduler","Task Scheduler successfully finished ""{a4c09979-f4e6-44bb-b759-44860703f52c}"" instance of the ""\Microsoft\Windows\MUI\LPRemove"" task for user ""NT AUTHORITY\SYSTEM""."
"9/7/2026 7:27:57 PM","201","Information","Microsoft-Windows-TaskScheduler","Task Scheduler successfully completed task ""\Microsoft\Windows\MUI\LPRemove"" , instance ""{a4c09979-f4e6-44bb-b759-44860703f52c}"" , action ""%windir%\system32\lpremove.exe"" with return code 0."
"9/7/2026 7:27:56 PM","102","Information","Microsoft-Windows-TaskScheduler","Task Scheduler successfully finished ""{4cef3ee9-05c0-435f-8c36-3752baf27417}"" instance of the ""\Microsoft\Windows\UpdateOrchestrator\Report policies"" task for user ""NT AUTHORITY\SYSTEM""."
"9/7/2026 7:27:56 PM","201","Information","Microsoft-Windows-TaskScheduler","Task Scheduler successfully completed task ""\Microsoft\Windows\UpdateOrchestrator\Report policies"" , instance ""{4cef3ee9-05c0-435f-8c36-3752baf27417}"" , action ""%systemroot%\system32\usoclient.exe"" with return code 0."
"9/7/2026 7:27:55 PM","102","Information","Microsoft-Windows-TaskScheduler","Task Scheduler successfully finished ""{e894b727-19a8-4b83-b8c6-e9ba7145da4e}"" instance of the ""\Microsoft\Windows\Customer Experience Improvement Program\UsbCeip"" task for user ""NT AUTHORITY\SYSTEM""."
"9/7/2026 7:27:55 PM","201","Information","Microsoft-Windows-TaskScheduler","Task Scheduler successfully completed task ""\Microsoft\Windows\Customer Experience Improvement Program\UsbCeip"" , instance ""{e894b727-19a8-4b83-b8c6-e9ba7145da4e}"" , action ""UsbCeip"" with return code 0."
"9/7/2026 7:27:55 PM","102","Information","Microsoft-Windows-TaskScheduler","Task Scheduler successfully finished ""{26e609c2-9c67-4cec-94cc-576f690a58c9}"" instance of the ""\Microsoft\Windows\PI\Sqm-Tasks"" task for user ""NT AUTHORITY\SYSTEM""."
