"9/1/2026 10:47:41 PM","200","Information","Microsoft-Windows-TaskScheduler","Task Scheduler launched action ""%SystemRoot%\System32\dsregcmd.exe"" in instance ""{bcf2ac64-f272-4b3d-b20d-b46b7963ce9e}"" of task ""\Microsoft\Windows\Workplace Join\Automatic-Device-Join""."
"9/1/2026 10:47:41 PM","100","Information","Microsoft-Windows-TaskScheduler","Task Scheduler started ""{bcf2ac64-f272-4b3d-b20d-b46b7963ce9e}"" instance of the ""\Microsoft\Windows\Workplace Join\Automatic-Device-Join"" task for user ""NT AUTHORITY\SYSTEM""."
"9/1/2026 10:47:41 PM","129","Information","Microsoft-Windows-TaskScheduler","Task Scheduler launch task ""\Microsoft\Windows\Workplace Join\Automatic-Device-Join"" , instance ""%SystemRoot%\System32\dsregcmd.exe""  with process ID 5772."
"9/1/2026 10:47:41 PM","108","Information","Microsoft-Windows-TaskScheduler","Task Scheduler launched ""{bcf2ac64-f272-4b3d-b20d-b46b7963ce9e}""  instance of task ""\Microsoft\Windows\Workplace Join\Automatic-Device-Join""  according to an event trigger."
"9/1/2026 10:47:07 PM","142","Information","Microsoft-Windows-TaskScheduler","User ""System""  disabled Task Scheduler task ""\Microsoft\Windows\WindowsUpdate\Scheduled Start"""
"9/1/2026 10:46:45 PM","102","Information","Microsoft-Windows-TaskScheduler","Task Scheduler successfully finished ""{cd8a424e-3534-4187-ab74-1740aafd8c3f}"" instance of the ""\Scaffold\ScaffoldDeployEngine"" task for user ""NT AUTHORITY\SYSTEM""."
"9/1/2026 10:46:45 PM","201","Information","Microsoft-Windows-TaskScheduler","Task Scheduler successfully completed task ""\Scaffold\ScaffoldDeployEngine"" , instance ""{cd8a424e-3534-4187-ab74-1740aafd8c3f}"" , action ""powershell.exe"" with return code 0."
"9/1/2026 10:46:41 PM","200","Information","Microsoft-Windows-TaskScheduler","Task Scheduler launched action ""powershell.exe"" in instance ""{cd8a424e-3534-4187-ab74-1740aafd8c3f}"" of task ""\Scaffold\ScaffoldDeployEngine""."
"9/1/2026 10:46:41 PM","100","Information","Microsoft-Windows-TaskScheduler","Task Scheduler started ""{cd8a424e-3534-4187-ab74-1740aafd8c3f}"" instance of the ""\Scaffold\ScaffoldDeployEngine"" task for user ""NT AUTHORITY\SYSTEM""."
"9/1/2026 10:46:41 PM","129","Information","Microsoft-Windows-TaskScheduler","Task Scheduler launch task ""\Scaffold\ScaffoldDeployEngine"" , instance ""powershell.exe""  with process ID 7088."
"9/1/2026 10:46:41 PM","107","Information","Microsoft-Windows-TaskScheduler","Task Scheduler launched ""{cd8a424e-3534-4187-ab74-1740aafd8c3f}""  instance of task ""\Scaffold\ScaffoldDeployEngine"" due to a time trigger condition."
"9/1/2026 10:45:58 PM","322","Warning","Microsoft-Windows-TaskScheduler","Task Scheduler did not launch task ""\CreateExplorerShellUnelevatedTask""  because instance ""{b81cfad2-9c19-4efe-b456-7a8c80a0ca5b}""  of the same task is already running."
"9/1/2026 10:45:58 PM","140","Information","Microsoft-Windows-TaskScheduler","User ""Administrator""  updated Task Scheduler task ""\CreateExplorerShellUnelevatedTask"""
"9/1/2026 10:45:55 PM","142","Information","Microsoft-Windows-TaskScheduler","User ""Administrator""  disabled Task Scheduler task ""\CreateExplorerShellUnelevatedTask"""
"9/1/2026 10:45:48 PM","200","Information","Microsoft-Windows-TaskScheduler","Task Scheduler launched action ""C:\Windows\explorer.exe"" in instance ""{b81cfad2-9c19-4efe-b456-7a8c80a0ca5b}"" of task ""\CreateExplorerShellUnelevatedTask""."
"9/1/2026 10:45:48 PM","100","Information","Microsoft-Windows-TaskScheduler","Task Scheduler started ""{b81cfad2-9c19-4efe-b456-7a8c80a0ca5b}"" instance of the ""\CreateExplorerShellUnelevatedTask"" task for user ""SCAFFOLD\Administrator""."
"9/1/2026 10:45:48 PM","129","Information","Microsoft-Windows-TaskScheduler","Task Scheduler launch task ""\CreateExplorerShellUnelevatedTask"" , instance ""C:\Windows\explorer.exe""  with process ID 1616."
"9/1/2026 10:45:48 PM","109","Information","Microsoft-Windows-TaskScheduler","Task Scheduler launched ""{b81cfad2-9c19-4efe-b456-7a8c80a0ca5b}""  instance of task ""\CreateExplorerShellUnelevatedTask""  according to a registration trigger."
"9/1/2026 10:45:48 PM","140","Information","Microsoft-Windows-TaskScheduler","User ""SCAFFOLD\Administrator""  updated Task Scheduler task ""\CreateExplorerShellUnelevatedTask"""
"9/1/2026 10:45:48 PM","106","Information","Microsoft-Windows-TaskScheduler","User ""SCAFFOLD\Administrator""  registered Task Scheduler task ""\CreateExplorerShellUnelevatedTask"""
"9/1/2026 10:45:48 PM","141","Information","Microsoft-Windows-TaskScheduler","User ""SCAFFOLD\Administrator""  deleted Task Scheduler task ""\CreateExplorerShellUnelevatedTask"""
"9/1/2026 10:45:47 PM","111","Information","Microsoft-Windows-TaskScheduler","Task Scheduler terminated ""{1fb74efc-77bf-473c-bd85-10b934df528b}""  instance of the ""\CreateExplorerShellUnelevatedTask""  task."
"9/1/2026 10:45:47 PM","102","Information","Microsoft-Windows-TaskScheduler","Task Scheduler successfully finished ""{1fb74efc-77bf-473c-bd85-10b934df528b}"" instance of the ""\CreateExplorerShellUnelevatedTask"" task for user ""SCAFFOLD\Administrator""."
"9/1/2026 10:45:47 PM","201","Information","Microsoft-Windows-TaskScheduler","Task Scheduler successfully completed task ""\CreateExplorerShellUnelevatedTask"" , instance ""{1fb74efc-77bf-473c-bd85-10b934df528b}"" , action ""C:\Windows\explorer.exe"" with return code 2147943691."
"9/1/2026 10:45:47 PM","129","Information","Microsoft-Windows-TaskScheduler","Task Scheduler launch task ""NT TASK\CreateExplorerShellUnelevatedTask"" , instance ""taskhostw.exe""  with process ID 4020."
"9/1/2026 10:45:47 PM","330","Information","Microsoft-Windows-TaskScheduler","Task Scheduler stopped instance ""{1fb74efc-77bf-473c-bd85-10b934df528b}""  of task ""\CreateExplorerShellUnelevatedTask""  as request by user ""SCAFFOLD\Administrator"" ."
"9/1/2026 10:45:42 PM","322","Warning","Microsoft-Windows-TaskScheduler","Task Scheduler did not launch task ""\CreateExplorerShellUnelevatedTask""  because instance ""{1fb74efc-77bf-473c-bd85-10b934df528b}""  of the same task is already running."
"9/1/2026 10:45:42 PM","140","Information","Microsoft-Windows-TaskScheduler","User ""Administrator""  updated Task Scheduler task ""\CreateExplorerShellUnelevatedTask"""
"9/1/2026 10:45:37 PM","142","Information","Microsoft-Windows-TaskScheduler","User ""Administrator""  disabled Task Scheduler task ""\CreateExplorerShellUnelevatedTask"""
"9/1/2026 10:45:36 PM","200","Information","Microsoft-Windows-TaskScheduler","Task Scheduler launched action ""C:\Windows\explorer.exe"" in instance ""{1fb74efc-77bf-473c-bd85-10b934df528b}"" of task ""\CreateExplorerShellUnelevatedTask""."
"9/1/2026 10:45:36 PM","100","Information","Microsoft-Windows-TaskScheduler","Task Scheduler started ""{1fb74efc-77bf-473c-bd85-10b934df528b}"" instance of the ""\CreateExplorerShellUnelevatedTask"" task for user ""SCAFFOLD\Administrator""."
"9/1/2026 10:45:36 PM","129","Information","Microsoft-Windows-TaskScheduler","Task Scheduler launch task ""\CreateExplorerShellUnelevatedTask"" , instance ""C:\Windows\explorer.exe""  with process ID 6256."
"9/1/2026 10:45:36 PM","109","Information","Microsoft-Windows-TaskScheduler","Task Scheduler launched ""{1fb74efc-77bf-473c-bd85-10b934df528b}""  instance of task ""\CreateExplorerShellUnelevatedTask""  according to a registration trigger."
"9/1/2026 10:45:36 PM","140","Information","Microsoft-Windows-TaskScheduler","User ""SCAFFOLD\Administrator""  updated Task Scheduler task ""\CreateExplorerShellUnelevatedTask"""
"9/1/2026 10:45:36 PM","106","Information","Microsoft-Windows-TaskScheduler","User ""SCAFFOLD\Administrator""  registered Task Scheduler task ""\CreateExplorerShellUnelevatedTask"""
"9/1/2026 10:45:36 PM","141","Information","Microsoft-Windows-TaskScheduler","User ""SCAFFOLD\Administrator""  deleted Task Scheduler task ""\CreateExplorerShellUnelevatedTask"""
"9/1/2026 10:45:35 PM","111","Information","Microsoft-Windows-TaskScheduler","Task Scheduler terminated ""{574ca0b1-1122-4d35-b78f-0c94cf306b63}""  instance of the ""\CreateExplorerShellUnelevatedTask""  task."
"9/1/2026 10:45:35 PM","102","Information","Microsoft-Windows-TaskScheduler","Task Scheduler successfully finished ""{574ca0b1-1122-4d35-b78f-0c94cf306b63}"" instance of the ""\CreateExplorerShellUnelevatedTask"" task for user ""SCAFFOLD\Administrator""."
"9/1/2026 10:45:35 PM","201","Information","Microsoft-Windows-TaskScheduler","Task Scheduler successfully completed task ""\CreateExplorerShellUnelevatedTask"" , instance ""{574ca0b1-1122-4d35-b78f-0c94cf306b63}"" , action ""C:\Windows\Explorer.EXE"" with return code 2147943691."
"9/1/2026 10:45:35 PM","129","Information","Microsoft-Windows-TaskScheduler","Task Scheduler launch task ""NT TASK\CreateExplorerShellUnelevatedTask"" , instance ""taskhostw.exe""  with process ID 1288."
"9/1/2026 10:45:35 PM","330","Information","Microsoft-Windows-TaskScheduler","Task Scheduler stopped instance ""{574ca0b1-1122-4d35-b78f-0c94cf306b63}""  of task ""\CreateExplorerShellUnelevatedTask""  as request by user ""SCAFFOLD\Administrator"" ."
"9/1/2026 10:45:32 PM","322","Warning","Microsoft-Windows-TaskScheduler","Task Scheduler did not launch task ""\CreateExplorerShellUnelevatedTask""  because instance ""{574ca0b1-1122-4d35-b78f-0c94cf306b63}""  of the same task is already running."
"9/1/2026 10:45:32 PM","140","Information","Microsoft-Windows-TaskScheduler","User ""Administrator""  updated Task Scheduler task ""\CreateExplorerShellUnelevatedTask"""
"9/1/2026 10:45:32 PM","140","Information","Microsoft-Windows-TaskScheduler","User ""SCAFFOLD\DC$""  updated Task Scheduler task ""\Microsoft\Windows\SoftwareProtectionPlatform\SvcRestartTask"""
"9/1/2026 10:45:29 PM","142","Information","Microsoft-Windows-TaskScheduler","User ""System""  disabled Task Scheduler task ""\MicrosoftEdgeUpdateTaskMachineCore"""
"9/1/2026 10:45:26 PM","111","Information","Microsoft-Windows-TaskScheduler","Task Scheduler terminated ""{3c74f238-e1bb-4f3a-bf61-b3acb92c1fcb}""  instance of the ""\MicrosoftEdgeUpdateTaskMachineCore""  task."
"9/1/2026 10:45:26 PM","102","Information","Microsoft-Windows-TaskScheduler","Task Scheduler successfully finished ""{3c74f238-e1bb-4f3a-bf61-b3acb92c1fcb}"" instance of the ""\MicrosoftEdgeUpdateTaskMachineCore"" task for user ""NT AUTHORITY\SYSTEM""."
"9/1/2026 10:45:26 PM","201","Information","Microsoft-Windows-TaskScheduler","Task Scheduler successfully completed task ""\MicrosoftEdgeUpdateTaskMachineCore"" , instance ""{3c74f238-e1bb-4f3a-bf61-b3acb92c1fcb}"" , action ""C:\Program Files (x86)\Microsoft\EdgeUpdate\MicrosoftEdgeUpdate.exe"" with return code 2147943691."
"9/1/2026 10:45:26 PM","129","Information","Microsoft-Windows-TaskScheduler","Task Scheduler launch task ""NT TASK\MicrosoftEdgeUpdateTaskMachineCore"" , instance ""taskhostw.exe""  with process ID 4352."
"9/1/2026 10:45:26 PM","330","Information","Microsoft-Windows-TaskScheduler","Task Scheduler stopped instance ""{3c74f238-e1bb-4f3a-bf61-b3acb92c1fcb}""  of task ""\MicrosoftEdgeUpdateTaskMachineCore""  as request by user ""SCAFFOLD\Administrator"" ."
"9/1/2026 10:45:22 PM","140","Information","Microsoft-Windows-TaskScheduler","User ""System""  updated Task Scheduler task ""\MicrosoftEdgeUpdateTaskMachineCore"""
"9/1/2026 10:45:20 PM","102","Information","Microsoft-Windows-TaskScheduler","Task Scheduler successfully finished ""{7fe6d523-eb4a-4458-bd5b-ed86bb55096e}"" instance of the ""\Microsoft\Windows\Flighting\FeatureConfig\ReconcileFeatures"" task for user ""NT AUTHORITY\SYSTEM""."
"9/1/2026 10:45:20 PM","201","Information","Microsoft-Windows-TaskScheduler","Task Scheduler successfully completed task ""\Microsoft\Windows\Flighting\FeatureConfig\ReconcileFeatures"" , instance ""{7fe6d523-eb4a-4458-bd5b-ed86bb55096e}"" , action ""Feature Configuration Reconciliation Task Handler"" with return code 0."
"9/1/2026 10:45:20 PM","200","Information","Microsoft-Windows-TaskScheduler","Task Scheduler launched action ""Feature Configuration Reconciliation Task Handler"" in instance ""{7fe6d523-eb4a-4458-bd5b-ed86bb55096e}"" of task ""\Microsoft\Windows\Flighting\FeatureConfig\ReconcileFeatures""."
"9/1/2026 10:45:20 PM","100","Information","Microsoft-Windows-TaskScheduler","Task Scheduler started ""{7fe6d523-eb4a-4458-bd5b-ed86bb55096e}"" instance of the ""\Microsoft\Windows\Flighting\FeatureConfig\ReconcileFeatures"" task for user ""NT AUTHORITY\SYSTEM""."
"9/1/2026 10:45:20 PM","129","Information","Microsoft-Windows-TaskScheduler","Task Scheduler launch task ""\Microsoft\Windows\Flighting\FeatureConfig\ReconcileFeatures"" , instance ""taskhostw.exe""  with process ID 4232."
"9/1/2026 10:45:17 PM","102","Information","Microsoft-Windows-TaskScheduler","Task Scheduler successfully finished ""{1f7ab774-1448-4311-b195-5c2c80c94959}"" instance of the ""\Microsoft\Windows\Windows Error Reporting\QueueReporting"" task for user ""NT AUTHORITY\SYSTEM""."
"9/1/2026 10:45:17 PM","201","Information","Microsoft-Windows-TaskScheduler","Task Scheduler successfully completed task ""\Microsoft\Windows\Windows Error Reporting\QueueReporting"" , instance ""{1f7ab774-1448-4311-b195-5c2c80c94959}"" , action ""%windir%\system32\wermgr.exe"" with return code 0."
"9/1/2026 10:45:17 PM","200","Information","Microsoft-Windows-TaskScheduler","Task Scheduler launched action ""%windir%\system32\wermgr.exe"" in instance ""{1f7ab774-1448-4311-b195-5c2c80c94959}"" of task ""\Microsoft\Windows\Windows Error Reporting\QueueReporting""."
"9/1/2026 10:45:17 PM","100","Information","Microsoft-Windows-TaskScheduler","Task Scheduler started ""{1f7ab774-1448-4311-b195-5c2c80c94959}"" instance of the ""\Microsoft\Windows\Windows Error Reporting\QueueReporting"" task for user ""NT AUTHORITY\SYSTEM""."
"9/1/2026 10:45:17 PM","129","Information","Microsoft-Windows-TaskScheduler","Task Scheduler launch task ""\Microsoft\Windows\Windows Error Reporting\QueueReporting"" , instance ""%windir%\system32\wermgr.exe""  with process ID 6604."
"9/1/2026 10:45:17 PM","118","Information","Microsoft-Windows-TaskScheduler","Task Scheduler launched ""{1f7ab774-1448-4311-b195-5c2c80c94959}""  instance of task ""\Microsoft\Windows\Windows Error Reporting\QueueReporting""  due to system startup."
"9/1/2026 10:45:15 PM","142","Information","Microsoft-Windows-TaskScheduler","User ""System""  disabled Task Scheduler task ""\MicrosoftEdgeUpdateTaskMachineUA"""
"9/1/2026 10:45:13 PM","142","Information","Microsoft-Windows-TaskScheduler","User ""System""  disabled Task Scheduler task ""\MicrosoftEdgeUpdateTaskMachineCore"""
"9/1/2026 10:45:09 PM","142","Information","Microsoft-Windows-TaskScheduler","User ""Administrator""  disabled Task Scheduler task ""\CreateExplorerShellUnelevatedTask"""
"9/1/2026 10:45:02 PM","102","Information","Microsoft-Windows-TaskScheduler","Task Scheduler successfully finished ""{d268713e-fcec-4d3e-9bf6-2ddfff605cf4}"" instance of the ""\Scaffold\ScaffoldDeployEngine"" task for user ""NT AUTHORITY\SYSTEM""."
"9/1/2026 10:45:02 PM","201","Information","Microsoft-Windows-TaskScheduler","Task Scheduler successfully completed task ""\Scaffold\ScaffoldDeployEngine"" , instance ""{d268713e-fcec-4d3e-9bf6-2ddfff605cf4}"" , action ""powershell.exe"" with return code 0."
"9/1/2026 10:44:57 PM","140","Information","Microsoft-Windows-TaskScheduler","User ""NETWORK SERVICE""  updated Task Scheduler task ""\Microsoft\Windows\SoftwareProtectionPlatform\SvcRestartTaskNetwork"""
"9/1/2026 10:44:57 PM","140","Information","Microsoft-Windows-TaskScheduler","User ""INTERACTIVE""  updated Task Scheduler task ""\Microsoft\Windows\SoftwareProtectionPlatform\SvcRestartTaskLogon"""
"9/1/2026 10:44:41 PM","200","Information","Microsoft-Windows-TaskScheduler","Task Scheduler launched action ""powershell.exe"" in instance ""{d268713e-fcec-4d3e-9bf6-2ddfff605cf4}"" of task ""\Scaffold\ScaffoldDeployEngine""."
"9/1/2026 10:44:41 PM","100","Information","Microsoft-Windows-TaskScheduler","Task Scheduler started ""{d268713e-fcec-4d3e-9bf6-2ddfff605cf4}"" instance of the ""\Scaffold\ScaffoldDeployEngine"" task for user ""NT AUTHORITY\SYSTEM""."
"9/1/2026 10:44:41 PM","129","Information","Microsoft-Windows-TaskScheduler","Task Scheduler launch task ""\Scaffold\ScaffoldDeployEngine"" , instance ""powershell.exe""  with process ID 4480."
"9/1/2026 10:44:41 PM","107","Information","Microsoft-Windows-TaskScheduler","Task Scheduler launched ""{d268713e-fcec-4d3e-9bf6-2ddfff605cf4}""  instance of task ""\Scaffold\ScaffoldDeployEngine"" due to a time trigger condition."
"9/1/2026 10:44:38 PM","140","Information","Microsoft-Windows-TaskScheduler","User ""SCAFFOLD\DC$""  updated Task Scheduler task ""\Microsoft\Windows\Application Experience\PcaPatchDbTask"""
"9/1/2026 10:44:31 PM","103","Error","Microsoft-Windows-TaskScheduler","Task Scheduler failed to start instance ""{e2efc7e9-478a-4295-9e8e-b2f243882f91}"" of ""\Microsoft\Windows\International\Synchronize Language Settings""  task for user ""SCAFFOLD\Administrator"" . Additional Data: Error Value: 2147746053."
"9/1/2026 10:44:31 PM","202","Error","Microsoft-Windows-TaskScheduler","Task Scheduler failed to complete task ""\Microsoft\Windows\International\Synchronize Language Settings"" , instance ""{e2efc7e9-478a-4295-9e8e-b2f243882f91}"" , action ""Sync Language Data From Cloud Task"" . Additional Data: Error Value: 2147746053."
"9/1/2026 10:44:20 PM","102","Information","Microsoft-Windows-TaskScheduler","Task Scheduler successfully finished ""{198e3d1f-2f36-4c9a-bd1b-64645e7981bf}"" instance of the ""\Microsoft\Windows\Workplace Join\Automatic-Device-Join"" task for user ""NT AUTHORITY\SYSTEM""."
"9/1/2026 10:44:20 PM","201","Information","Microsoft-Windows-TaskScheduler","Task Scheduler successfully completed task ""\Microsoft\Windows\Workplace Join\Automatic-Device-Join"" , instance ""{198e3d1f-2f36-4c9a-bd1b-64645e7981bf}"" , action ""%SystemRoot%\System32\dsregcmd.exe"" with return code 2147942401."
"9/1/2026 10:44:19 PM","200","Information","Microsoft-Windows-TaskScheduler","Task Scheduler launched action ""%SystemRoot%\System32\dsregcmd.exe"" in instance ""{198e3d1f-2f36-4c9a-bd1b-64645e7981bf}"" of task ""\Microsoft\Windows\Workplace Join\Automatic-Device-Join""."
"9/1/2026 10:44:19 PM","100","Information","Microsoft-Windows-TaskScheduler","Task Scheduler started ""{198e3d1f-2f36-4c9a-bd1b-64645e7981bf}"" instance of the ""\Microsoft\Windows\Workplace Join\Automatic-Device-Join"" task for user ""NT AUTHORITY\SYSTEM""."
"9/1/2026 10:44:19 PM","129","Information","Microsoft-Windows-TaskScheduler","Task Scheduler launch task ""\Microsoft\Windows\Workplace Join\Automatic-Device-Join"" , instance ""%SystemRoot%\System32\dsregcmd.exe""  with process ID 6500."
"9/1/2026 10:44:19 PM","119","Information","Microsoft-Windows-TaskScheduler","Task Scheduler launched ""{198e3d1f-2f36-4c9a-bd1b-64645e7981bf}""  instance of task ""\Microsoft\Windows\Workplace Join\Automatic-Device-Join"" due to user ""SCAFFOLD\Administrator""  logon."
"9/1/2026 10:44:15 PM","102","Information","Microsoft-Windows-TaskScheduler","Task Scheduler successfully finished ""{a73a036f-0b63-49e6-9ceb-a83ffbf89265}"" instance of the ""\Scaffold\ScaffoldDeployEngine"" task for user ""NT AUTHORITY\SYSTEM""."
"9/1/2026 10:44:15 PM","201","Information","Microsoft-Windows-TaskScheduler","Task Scheduler successfully completed task ""\Scaffold\ScaffoldDeployEngine"" , instance ""{a73a036f-0b63-49e6-9ceb-a83ffbf89265}"" , action ""powershell.exe"" with return code 0."
"9/1/2026 10:44:04 PM","102","Information","Microsoft-Windows-TaskScheduler","Task Scheduler successfully finished ""{717c976d-cbfb-4fc1-b496-17482a83f491}"" instance of the ""\Microsoft\Windows\UpdateOrchestrator\MusUx_UpdateInterval"" task for user ""NT AUTHORITY\SYSTEM""."
"9/1/2026 10:44:04 PM","201","Information","Microsoft-Windows-TaskScheduler","Task Scheduler successfully completed task ""\Microsoft\Windows\UpdateOrchestrator\MusUx_UpdateInterval"" , instance ""{717c976d-cbfb-4fc1-b496-17482a83f491}"" , action ""%systemroot%\system32\MusNotification.exe"" with return code 2147943458."
"9/1/2026 10:43:54 PM","200","Information","Microsoft-Windows-TaskScheduler","Task Scheduler launched action ""%systemroot%\system32\MusNotification.exe"" in instance ""{717c976d-cbfb-4fc1-b496-17482a83f491}"" of task ""\Microsoft\Windows\UpdateOrchestrator\MusUx_UpdateInterval""."
"9/1/2026 10:43:54 PM","100","Information","Microsoft-Windows-TaskScheduler","Task Scheduler started ""{717c976d-cbfb-4fc1-b496-17482a83f491}"" instance of the ""\Microsoft\Windows\UpdateOrchestrator\MusUx_UpdateInterval"" task for user ""NT AUTHORITY\SYSTEM""."
"9/1/2026 10:43:54 PM","129","Information","Microsoft-Windows-TaskScheduler","Task Scheduler launch task ""\Microsoft\Windows\UpdateOrchestrator\MusUx_UpdateInterval"" , instance ""%systemroot%\system32\MusNotification.exe""  with process ID 7104."
"9/1/2026 10:43:54 PM","119","Information","Microsoft-Windows-TaskScheduler","Task Scheduler launched ""{717c976d-cbfb-4fc1-b496-17482a83f491}""  instance of task ""\Microsoft\Windows\UpdateOrchestrator\MusUx_UpdateInterval"" due to user ""SCAFFOLD\Administrator""  logon."
"9/1/2026 10:43:49 PM","200","Information","Microsoft-Windows-TaskScheduler","Task Scheduler launched action ""Sync Language Data From Cloud Task"" in instance ""{e2efc7e9-478a-4295-9e8e-b2f243882f91}"" of task ""\Microsoft\Windows\International\Synchronize Language Settings""."
"9/1/2026 10:43:49 PM","100","Information","Microsoft-Windows-TaskScheduler","Task Scheduler started ""{e2efc7e9-478a-4295-9e8e-b2f243882f91}"" instance of the ""\Microsoft\Windows\International\Synchronize Language Settings"" task for user ""SCAFFOLD\Administrator""."
"9/1/2026 10:43:49 PM","129","Information","Microsoft-Windows-TaskScheduler","Task Scheduler launch task ""\Microsoft\Windows\International\Synchronize Language Settings"" , instance ""taskhostw.exe""  with process ID 6840."
"9/1/2026 10:43:49 PM","119","Information","Microsoft-Windows-TaskScheduler","Task Scheduler launched ""{e2efc7e9-478a-4295-9e8e-b2f243882f91}""  instance of task ""\Microsoft\Windows\International\Synchronize Language Settings"" due to user ""SCAFFOLD\Administrator""  logon."
"9/1/2026 10:43:32 PM","102","Information","Microsoft-Windows-TaskScheduler","Task Scheduler successfully finished ""{54856004-bbee-4160-b785-a93925efd30a}"" instance of the ""\Microsoft\Windows\Server Manager\ServerManager"" task for user ""SCAFFOLD\Administrator""."
"9/1/2026 10:43:32 PM","201","Information","Microsoft-Windows-TaskScheduler","Task Scheduler successfully completed task ""\Microsoft\Windows\Server Manager\ServerManager"" , instance ""{54856004-bbee-4160-b785-a93925efd30a}"" , action ""%windir%\system32\ServerManagerLauncher.exe"" with return code 0."
"9/1/2026 10:43:27 PM","102","Information","Microsoft-Windows-TaskScheduler","Task Scheduler successfully finished ""{eb1d7888-fe5e-4c38-a93c-682dc687e0f4}"" instance of the ""\Microsoft\Windows\Software Inventory Logging\Configuration"" task for user ""NT AUTHORITY\SYSTEM""."
"9/1/2026 10:43:27 PM","201","Information","Microsoft-Windows-TaskScheduler","Task Scheduler successfully completed task ""\Microsoft\Windows\Software Inventory Logging\Configuration"" , instance ""{eb1d7888-fe5e-4c38-a93c-682dc687e0f4}"" , action ""%systemroot%\system32\cmd.exe"" with return code 0."
"9/1/2026 10:43:26 PM","102","Information","Microsoft-Windows-TaskScheduler","Task Scheduler successfully finished ""{8424c74d-7012-4010-918c-ba313fb2b4a8}"" instance of the ""\Microsoft\Windows\DirectX\DXGIAdapterCache"" task for user ""NT AUTHORITY\SYSTEM""."
"9/1/2026 10:43:26 PM","201","Information","Microsoft-Windows-TaskScheduler","Task Scheduler successfully completed task ""\Microsoft\Windows\DirectX\DXGIAdapterCache"" , instance ""{8424c74d-7012-4010-918c-ba313fb2b4a8}"" , action ""%windir%\system32\dxgiadaptercache.exe"" with return code 0."
"9/1/2026 10:43:26 PM","102","Information","Microsoft-Windows-TaskScheduler","Task Scheduler successfully finished ""{48612c4f-e9c3-4780-b3dc-57dca1266a8e}"" instance of the ""\Microsoft\Windows\CertificateServicesClient\UserTask"" task for user ""SCAFFOLD\Administrator""."
"9/1/2026 10:43:26 PM","201","Information","Microsoft-Windows-TaskScheduler","Task Scheduler successfully completed task ""\Microsoft\Windows\CertificateServicesClient\UserTask"" , instance ""{48612c4f-e9c3-4780-b3dc-57dca1266a8e}"" , action ""Certificate Services Client Task Handler"" with return code 0."
"9/1/2026 10:43:26 PM","102","Information","Microsoft-Windows-TaskScheduler","Task Scheduler successfully finished ""{d72e746a-f1ef-43d0-97d1-b341f8a63271}"" instance of the ""\Microsoft\Windows\WindowsColorSystem\Calibration Loader"" task for user ""SCAFFOLD\Administrator""."
"9/1/2026 10:43:26 PM","201","Information","Microsoft-Windows-TaskScheduler","Task Scheduler successfully completed task ""\Microsoft\Windows\WindowsColorSystem\Calibration Loader"" , instance ""{d72e746a-f1ef-43d0-97d1-b341f8a63271}"" , action ""Color Calibration Loader"" with return code 0."
"9/1/2026 10:43:24 PM","200","Information","Microsoft-Windows-TaskScheduler","Task Scheduler launched action ""C:\Windows\Explorer.EXE"" in instance ""{574ca0b1-1122-4d35-b78f-0c94cf306b63}"" of task ""\CreateExplorerShellUnelevatedTask""."
"9/1/2026 10:43:24 PM","100","Information","Microsoft-Windows-TaskScheduler","Task Scheduler started ""{574ca0b1-1122-4d35-b78f-0c94cf306b63}"" instance of the ""\CreateExplorerShellUnelevatedTask"" task for user ""SCAFFOLD\Administrator""."
"9/1/2026 10:43:24 PM","129","Information","Microsoft-Windows-TaskScheduler","Task Scheduler launch task ""\CreateExplorerShellUnelevatedTask"" , instance ""C:\Windows\Explorer.EXE""  with process ID 4208."
"9/1/2026 10:43:24 PM","109","Information","Microsoft-Windows-TaskScheduler","Task Scheduler launched ""{574ca0b1-1122-4d35-b78f-0c94cf306b63}""  instance of task ""\CreateExplorerShellUnelevatedTask""  according to a registration trigger."
"9/1/2026 10:43:24 PM","140","Information","Microsoft-Windows-TaskScheduler","User ""SCAFFOLD\Administrator""  updated Task Scheduler task ""\CreateExplorerShellUnelevatedTask"""
"9/1/2026 10:43:24 PM","106","Information","Microsoft-Windows-TaskScheduler","User ""SCAFFOLD\Administrator""  registered Task Scheduler task ""\CreateExplorerShellUnelevatedTask"""
"9/1/2026 10:43:23 PM","102","Information","Microsoft-Windows-TaskScheduler","Task Scheduler successfully finished ""{1043bab9-3112-4a63-b256-8900aa578fc9}"" instance of the ""\Microsoft\Windows\Plug and Play\Device Install Reboot Required"" task for user ""SCAFFOLD\Administrator""."
"9/1/2026 10:43:23 PM","201","Information","Microsoft-Windows-TaskScheduler","Task Scheduler successfully completed task ""\Microsoft\Windows\Plug and Play\Device Install Reboot Required"" , instance ""{1043bab9-3112-4a63-b256-8900aa578fc9}"" , action ""Device Installation Reboot Dialog Task"" with return code 0."
"9/1/2026 10:43:23 PM","141","Information","Microsoft-Windows-TaskScheduler","User ""SCAFFOLD\Administrator""  deleted Task Scheduler task ""\CreateExplorerShellUnelevatedTask"""
"9/1/2026 10:43:20 PM","102","Information","Microsoft-Windows-TaskScheduler","Task Scheduler successfully finished ""{4adbb3e2-4484-4e71-b090-86215287a84c}"" instance of the ""\Microsoft\Windows\TextServicesFramework\MsCtfMonitor"" task for user ""SCAFFOLD\Administrator""."
"9/1/2026 10:43:20 PM","201","Information","Microsoft-Windows-TaskScheduler","Task Scheduler successfully completed task ""\Microsoft\Windows\TextServicesFramework\MsCtfMonitor"" , instance ""{4adbb3e2-4484-4e71-b090-86215287a84c}"" , action ""MsCtfMonitor task handler"" with return code 0."
"9/1/2026 10:43:19 PM","200","Information","Microsoft-Windows-TaskScheduler","Task Scheduler launched action ""Certificate Services Client Task Handler"" in instance ""{48612c4f-e9c3-4780-b3dc-57dca1266a8e}"" of task ""\Microsoft\Windows\CertificateServicesClient\UserTask""."
"9/1/2026 10:43:19 PM","100","Information","Microsoft-Windows-TaskScheduler","Task Scheduler started ""{48612c4f-e9c3-4780-b3dc-57dca1266a8e}"" instance of the ""\Microsoft\Windows\CertificateServicesClient\UserTask"" task for user ""SCAFFOLD\Administrator""."
"9/1/2026 10:43:19 PM","200","Information","Microsoft-Windows-TaskScheduler","Task Scheduler launched action ""C:\Program Files (x86)\Microsoft\EdgeUpdate\MicrosoftEdgeUpdate.exe"" in instance ""{3c74f238-e1bb-4f3a-bf61-b3acb92c1fcb}"" of task ""\MicrosoftEdgeUpdateTaskMachineCore""."
"9/1/2026 10:43:19 PM","100","Information","Microsoft-Windows-TaskScheduler","Task Scheduler started ""{3c74f238-e1bb-4f3a-bf61-b3acb92c1fcb}"" instance of the ""\MicrosoftEdgeUpdateTaskMachineCore"" task for user ""NT AUTHORITY\SYSTEM""."
"9/1/2026 10:43:19 PM","129","Information","Microsoft-Windows-TaskScheduler","Task Scheduler launch task ""\MicrosoftEdgeUpdateTaskMachineCore"" , instance ""C:\Program Files (x86)\Microsoft\EdgeUpdate\MicrosoftEdgeUpdate.exe""  with process ID 2544."
"9/1/2026 10:43:19 PM","200","Information","Microsoft-Windows-TaskScheduler","Task Scheduler launched action ""Device Installation Reboot Dialog Task"" in instance ""{1043bab9-3112-4a63-b256-8900aa578fc9}"" of task ""\Microsoft\Windows\Plug and Play\Device Install Reboot Required""."
"9/1/2026 10:43:19 PM","100","Information","Microsoft-Windows-TaskScheduler","Task Scheduler started ""{1043bab9-3112-4a63-b256-8900aa578fc9}"" instance of the ""\Microsoft\Windows\Plug and Play\Device Install Reboot Required"" task for user ""SCAFFOLD\Administrator""."
"9/1/2026 10:43:19 PM","129","Information","Microsoft-Windows-TaskScheduler","Task Scheduler launch task ""\Microsoft\Windows\Plug and Play\Device Install Reboot Required"" , instance ""taskhostw.exe""  with process ID 700."
"9/1/2026 10:43:19 PM","119","Information","Microsoft-Windows-TaskScheduler","Task Scheduler launched ""{1043bab9-3112-4a63-b256-8900aa578fc9}""  instance of task ""\Microsoft\Windows\Plug and Play\Device Install Reboot Required"" due to user ""SCAFFOLD\Administrator""  logon."
"9/1/2026 10:43:19 PM","119","Information","Microsoft-Windows-TaskScheduler","Task Scheduler launched ""{3c74f238-e1bb-4f3a-bf61-b3acb92c1fcb}""  instance of task ""\MicrosoftEdgeUpdateTaskMachineCore"" due to user ""SCAFFOLD\Administrator""  logon."
"9/1/2026 10:43:19 PM","200","Information","Microsoft-Windows-TaskScheduler","Task Scheduler launched action ""Wininet Cache task object"" in instance ""{ce51325d-670b-4ba3-b81f-256ea053b806}"" of task ""\Microsoft\Windows\Wininet\CacheTask""."
"9/1/2026 10:43:19 PM","100","Information","Microsoft-Windows-TaskScheduler","Task Scheduler started ""{ce51325d-670b-4ba3-b81f-256ea053b806}"" instance of the ""\Microsoft\Windows\Wininet\CacheTask"" task for user ""SCAFFOLD\Administrator""."
"9/1/2026 10:43:19 PM","119","Information","Microsoft-Windows-TaskScheduler","Task Scheduler launched ""{ce51325d-670b-4ba3-b81f-256ea053b806}""  instance of task ""\Microsoft\Windows\Wininet\CacheTask"" due to user ""SCAFFOLD\Administrator""  logon."
"9/1/2026 10:43:19 PM","200","Information","Microsoft-Windows-TaskScheduler","Task Scheduler launched action ""Color Calibration Loader"" in instance ""{d72e746a-f1ef-43d0-97d1-b341f8a63271}"" of task ""\Microsoft\Windows\WindowsColorSystem\Calibration Loader""."
"9/1/2026 10:43:19 PM","100","Information","Microsoft-Windows-TaskScheduler","Task Scheduler started ""{d72e746a-f1ef-43d0-97d1-b341f8a63271}"" instance of the ""\Microsoft\Windows\WindowsColorSystem\Calibration Loader"" task for user ""SCAFFOLD\Administrator""."
"9/1/2026 10:43:19 PM","129","Information","Microsoft-Windows-TaskScheduler","Task Scheduler launch task ""\Microsoft\Windows\WindowsColorSystem\Calibration Loader"" , instance ""taskhostw.exe""  with process ID 1060."
"9/1/2026 10:43:19 PM","119","Information","Microsoft-Windows-TaskScheduler","Task Scheduler launched ""{d72e746a-f1ef-43d0-97d1-b341f8a63271}""  instance of task ""\Microsoft\Windows\WindowsColorSystem\Calibration Loader"" due to user ""SCAFFOLD\Administrator""  logon."
"9/1/2026 10:43:19 PM","200","Information","Microsoft-Windows-TaskScheduler","Task Scheduler launched action ""%windir%\system32\ServerManagerLauncher.exe"" in instance ""{54856004-bbee-4160-b785-a93925efd30a}"" of task ""\Microsoft\Windows\Server Manager\ServerManager""."
"9/1/2026 10:43:19 PM","100","Information","Microsoft-Windows-TaskScheduler","Task Scheduler started ""{54856004-bbee-4160-b785-a93925efd30a}"" instance of the ""\Microsoft\Windows\Server Manager\ServerManager"" task for user ""SCAFFOLD\Administrator""."
"9/1/2026 10:43:19 PM","129","Information","Microsoft-Windows-TaskScheduler","Task Scheduler launch task ""\Microsoft\Windows\Server Manager\ServerManager"" , instance ""%windir%\system32\ServerManagerLauncher.exe""  with process ID 780."
"9/1/2026 10:43:19 PM","200","Information","Microsoft-Windows-TaskScheduler","Task Scheduler launched action ""MsCtfMonitor task handler"" in instance ""{4adbb3e2-4484-4e71-b090-86215287a84c}"" of task ""\Microsoft\Windows\TextServicesFramework\MsCtfMonitor""."
"9/1/2026 10:43:19 PM","100","Information","Microsoft-Windows-TaskScheduler","Task Scheduler started ""{4adbb3e2-4484-4e71-b090-86215287a84c}"" instance of the ""\Microsoft\Windows\TextServicesFramework\MsCtfMonitor"" task for user ""SCAFFOLD\Administrator""."
"9/1/2026 10:43:19 PM","129","Information","Microsoft-Windows-TaskScheduler","Task Scheduler launch task ""\Microsoft\Windows\TextServicesFramework\MsCtfMonitor"" , instance ""taskhostw.exe""  with process ID 748."
"9/1/2026 10:43:19 PM","119","Information","Microsoft-Windows-TaskScheduler","Task Scheduler launched ""{48612c4f-e9c3-4780-b3dc-57dca1266a8e}""  instance of task ""\Microsoft\Windows\CertificateServicesClient\UserTask"" due to user ""SCAFFOLD\Administrator""  logon."
"9/1/2026 10:43:19 PM","119","Information","Microsoft-Windows-TaskScheduler","Task Scheduler launched ""{4adbb3e2-4484-4e71-b090-86215287a84c}""  instance of task ""\Microsoft\Windows\TextServicesFramework\MsCtfMonitor"" due to user ""SCAFFOLD\Administrator""  logon."
"9/1/2026 10:43:19 PM","119","Information","Microsoft-Windows-TaskScheduler","Task Scheduler launched ""{54856004-bbee-4160-b785-a93925efd30a}""  instance of task ""\Microsoft\Windows\Server Manager\ServerManager"" due to user ""SCAFFOLD\Administrator""  logon."
"9/1/2026 10:43:17 PM","200","Information","Microsoft-Windows-TaskScheduler","Task Scheduler launched action ""%systemroot%\system32\cmd.exe"" in instance ""{eb1d7888-fe5e-4c38-a93c-682dc687e0f4}"" of task ""\Microsoft\Windows\Software Inventory Logging\Configuration""."
"9/1/2026 10:43:17 PM","100","Information","Microsoft-Windows-TaskScheduler","Task Scheduler started ""{eb1d7888-fe5e-4c38-a93c-682dc687e0f4}"" instance of the ""\Microsoft\Windows\Software Inventory Logging\Configuration"" task for user ""NT AUTHORITY\SYSTEM""."
"9/1/2026 10:43:17 PM","129","Information","Microsoft-Windows-TaskScheduler","Task Scheduler launch task ""\Microsoft\Windows\Software Inventory Logging\Configuration"" , instance ""%systemroot%\system32\cmd.exe""  with process ID 5644."
"9/1/2026 10:43:17 PM","200","Information","Microsoft-Windows-TaskScheduler","Task Scheduler launched action ""%windir%\system32\dxgiadaptercache.exe"" in instance ""{8424c74d-7012-4010-918c-ba313fb2b4a8}"" of task ""\Microsoft\Windows\DirectX\DXGIAdapterCache""."
"9/1/2026 10:43:17 PM","100","Information","Microsoft-Windows-TaskScheduler","Task Scheduler started ""{8424c74d-7012-4010-918c-ba313fb2b4a8}"" instance of the ""\Microsoft\Windows\DirectX\DXGIAdapterCache"" task for user ""NT AUTHORITY\SYSTEM""."
"9/1/2026 10:43:17 PM","129","Information","Microsoft-Windows-TaskScheduler","Task Scheduler launch task ""\Microsoft\Windows\DirectX\DXGIAdapterCache"" , instance ""%windir%\system32\dxgiadaptercache.exe""  with process ID 5652."
"9/1/2026 10:43:17 PM","118","Information","Microsoft-Windows-TaskScheduler","Task Scheduler launched ""{8424c74d-7012-4010-918c-ba313fb2b4a8}""  instance of task ""\Microsoft\Windows\DirectX\DXGIAdapterCache""  due to system startup."
"9/1/2026 10:43:17 PM","118","Information","Microsoft-Windows-TaskScheduler","Task Scheduler launched ""{eb1d7888-fe5e-4c38-a93c-682dc687e0f4}""  instance of task ""\Microsoft\Windows\Software Inventory Logging\Configuration""  due to system startup."
"9/1/2026 10:43:15 PM","102","Information","Microsoft-Windows-TaskScheduler","Task Scheduler successfully finished ""{b742029b-0eab-430b-8f85-e73429e3d823}"" instance of the ""\Microsoft\Windows\CertificateServicesClient\SystemTask"" task for user ""NT AUTHORITY\SYSTEM""."
"9/1/2026 10:43:15 PM","201","Information","Microsoft-Windows-TaskScheduler","Task Scheduler successfully completed task ""\Microsoft\Windows\CertificateServicesClient\SystemTask"" , instance ""{b742029b-0eab-430b-8f85-e73429e3d823}"" , action ""Certificate Services Client Task Handler"" with return code 0."
"9/1/2026 10:43:14 PM","102","Information","Microsoft-Windows-TaskScheduler","Task Scheduler successfully finished ""{0ed57c6d-24a9-4efe-9096-b5b6ef459798}"" instance of the ""\Microsoft\Windows\Workplace Join\Automatic-Device-Join"" task for user ""NT AUTHORITY\SYSTEM""."
"9/1/2026 10:43:14 PM","201","Information","Microsoft-Windows-TaskScheduler","Task Scheduler successfully completed task ""\Microsoft\Windows\Workplace Join\Automatic-Device-Join"" , instance ""{0ed57c6d-24a9-4efe-9096-b5b6ef459798}"" , action ""%SystemRoot%\System32\dsregcmd.exe"" with return code 2147942401."
"9/1/2026 10:42:41 PM","200","Information","Microsoft-Windows-TaskScheduler","Task Scheduler launched action ""powershell.exe"" in instance ""{a73a036f-0b63-49e6-9ceb-a83ffbf89265}"" of task ""\Scaffold\ScaffoldDeployEngine""."
"9/1/2026 10:42:41 PM","100","Information","Microsoft-Windows-TaskScheduler","Task Scheduler started ""{a73a036f-0b63-49e6-9ceb-a83ffbf89265}"" instance of the ""\Scaffold\ScaffoldDeployEngine"" task for user ""NT AUTHORITY\SYSTEM""."
"9/1/2026 10:42:41 PM","129","Information","Microsoft-Windows-TaskScheduler","Task Scheduler launch task ""\Scaffold\ScaffoldDeployEngine"" , instance ""powershell.exe""  with process ID 4852."
"9/1/2026 10:42:41 PM","107","Information","Microsoft-Windows-TaskScheduler","Task Scheduler launched ""{a73a036f-0b63-49e6-9ceb-a83ffbf89265}""  instance of task ""\Scaffold\ScaffoldDeployEngine"" due to a time trigger condition."
"9/1/2026 10:42:27 PM","200","Information","Microsoft-Windows-TaskScheduler","Task Scheduler launched action ""Certificate Services Client Task Handler"" in instance ""{b742029b-0eab-430b-8f85-e73429e3d823}"" of task ""\Microsoft\Windows\CertificateServicesClient\SystemTask""."
"9/1/2026 10:42:27 PM","100","Information","Microsoft-Windows-TaskScheduler","Task Scheduler started ""{b742029b-0eab-430b-8f85-e73429e3d823}"" instance of the ""\Microsoft\Windows\CertificateServicesClient\SystemTask"" task for user ""NT AUTHORITY\SYSTEM""."
"9/1/2026 10:42:27 PM","129","Information","Microsoft-Windows-TaskScheduler","Task Scheduler launch task ""\Microsoft\Windows\CertificateServicesClient\SystemTask"" , instance ""taskhostw.exe""  with process ID 3616."
"9/1/2026 10:42:27 PM","118","Information","Microsoft-Windows-TaskScheduler","Task Scheduler launched ""{b742029b-0eab-430b-8f85-e73429e3d823}""  instance of task ""\Microsoft\Windows\CertificateServicesClient\SystemTask""  due to system startup."
"9/1/2026 10:42:19 PM","102","Information","Microsoft-Windows-TaskScheduler","Task Scheduler successfully finished ""{083f91f5-acbc-4f5b-9a5d-2d07c9015ef6}"" instance of the ""\Microsoft\Windows\WwanSvc\OobeDiscovery"" task for user ""NT AUTHORITY\SYSTEM""."
"9/1/2026 10:42:19 PM","201","Information","Microsoft-Windows-TaskScheduler","Task Scheduler successfully completed task ""\Microsoft\Windows\WwanSvc\OobeDiscovery"" , instance ""{083f91f5-acbc-4f5b-9a5d-2d07c9015ef6}"" , action ""OobeEsimTaskManager"" with return code 0."
"9/1/2026 10:42:19 PM","102","Information","Microsoft-Windows-TaskScheduler","Task Scheduler successfully finished ""{86ec6f5a-14f7-4abc-a5b0-1a7b0b2c3fbf}"" instance of the ""\Microsoft\Windows\Time Synchronization\ForceSynchronizeTime"" task for user ""(NONE)""."
"9/1/2026 10:42:19 PM","201","Information","Microsoft-Windows-TaskScheduler","Task Scheduler successfully completed task ""\Microsoft\Windows\Time Synchronization\ForceSynchronizeTime"" , instance ""{86ec6f5a-14f7-4abc-a5b0-1a7b0b2c3fbf}"" , action ""Time Synchronization Task Handler"" with return code 0."
"9/1/2026 10:42:19 PM","110","Information","Microsoft-Windows-TaskScheduler","Task Scheduler launched ""{0ed57c6d-24a9-4efe-9096-b5b6ef459798}""  instance of task ""\Microsoft\Windows\Workplace Join\Automatic-Device-Join""  for user ""System"" ."
"9/1/2026 10:42:19 PM","200","Information","Microsoft-Windows-TaskScheduler","Task Scheduler launched action ""%SystemRoot%\System32\dsregcmd.exe"" in instance ""{0ed57c6d-24a9-4efe-9096-b5b6ef459798}"" of task ""\Microsoft\Windows\Workplace Join\Automatic-Device-Join""."
"9/1/2026 10:42:19 PM","100","Information","Microsoft-Windows-TaskScheduler","Task Scheduler started ""{0ed57c6d-24a9-4efe-9096-b5b6ef459798}"" instance of the ""\Microsoft\Windows\Workplace Join\Automatic-Device-Join"" task for user ""NT AUTHORITY\SYSTEM""."
"9/1/2026 10:42:19 PM","129","Information","Microsoft-Windows-TaskScheduler","Task Scheduler launch task ""\Microsoft\Windows\Workplace Join\Automatic-Device-Join"" , instance ""%SystemRoot%\System32\dsregcmd.exe""  with process ID 2520."
"9/1/2026 10:42:19 PM","325","Warning","Microsoft-Windows-TaskScheduler","Task Scheduler queued instance ""{0ed57c6d-24a9-4efe-9096-b5b6ef459798}""  of task ""\Microsoft\Windows\Workplace Join\Automatic-Device-Join""."
"9/1/2026 10:42:19 PM","102","Information","Microsoft-Windows-TaskScheduler","Task Scheduler successfully finished ""{ec454924-92b0-4213-b1bd-7a23c3ce4c86}"" instance of the ""\Microsoft\Windows\DirectX\DXGIAdapterCache"" task for user ""NT AUTHORITY\SYSTEM""."
"9/1/2026 10:42:19 PM","201","Information","Microsoft-Windows-TaskScheduler","Task Scheduler successfully completed task ""\Microsoft\Windows\DirectX\DXGIAdapterCache"" , instance ""{ec454924-92b0-4213-b1bd-7a23c3ce4c86}"" , action ""%windir%\system32\dxgiadaptercache.exe"" with return code 0."
"9/1/2026 10:42:19 PM","102","Information","Microsoft-Windows-TaskScheduler","Task Scheduler successfully finished ""{b7e90ca5-245f-4af6-b8b5-4b23cbde250d}"" instance of the ""\Microsoft\Windows\ExploitGuard\ExploitGuard MDM policy Refresh"" task for user ""NT AUTHORITY\SYSTEM""."
"9/1/2026 10:42:19 PM","201","Information","Microsoft-Windows-TaskScheduler","Task Scheduler successfully completed task ""\Microsoft\Windows\ExploitGuard\ExploitGuard MDM policy Refresh"" , instance ""{b7e90ca5-245f-4af6-b8b5-4b23cbde250d}"" , action """" with return code 0."
"9/1/2026 10:42:19 PM","200","Information","Microsoft-Windows-TaskScheduler","Task Scheduler launched action ""Time Synchronization Task Handler"" in instance ""{86ec6f5a-14f7-4abc-a5b0-1a7b0b2c3fbf}"" of task ""\Microsoft\Windows\Time Synchronization\ForceSynchronizeTime""."
"9/1/2026 10:42:19 PM","100","Information","Microsoft-Windows-TaskScheduler","Task Scheduler started ""{86ec6f5a-14f7-4abc-a5b0-1a7b0b2c3fbf}"" instance of the ""\Microsoft\Windows\Time Synchronization\ForceSynchronizeTime"" task for user ""(NONE)""."
"9/1/2026 10:42:19 PM","129","Information","Microsoft-Windows-TaskScheduler","Task Scheduler launch task ""\Microsoft\Windows\Time Synchronization\ForceSynchronizeTime"" , instance ""taskhostw.exe""  with process ID 2480."
"9/1/2026 10:42:19 PM","200","Information","Microsoft-Windows-TaskScheduler","Task Scheduler launched action ""OobeEsimTaskManager"" in instance ""{083f91f5-acbc-4f5b-9a5d-2d07c9015ef6}"" of task ""\Microsoft\Windows\WwanSvc\OobeDiscovery""."
"9/1/2026 10:42:19 PM","100","Information","Microsoft-Windows-TaskScheduler","Task Scheduler started ""{083f91f5-acbc-4f5b-9a5d-2d07c9015ef6}"" instance of the ""\Microsoft\Windows\WwanSvc\OobeDiscovery"" task for user ""NT AUTHORITY\SYSTEM""."
"9/1/2026 10:42:18 PM","101","Error","Microsoft-Windows-TaskScheduler","Task Scheduler failed to start ""\Microsoft\Windows\Workplace Join\Automatic-Device-Join"" task for user ""(default user)"". Additional Data: Error Value: 2147943568."
"9/1/2026 10:42:16 PM","200","Information","Microsoft-Windows-TaskScheduler","Task Scheduler launched action """" in instance ""{b7e90ca5-245f-4af6-b8b5-4b23cbde250d}"" of task ""\Microsoft\Windows\ExploitGuard\ExploitGuard MDM policy Refresh""."
"9/1/2026 10:42:16 PM","100","Information","Microsoft-Windows-TaskScheduler","Task Scheduler started ""{b7e90ca5-245f-4af6-b8b5-4b23cbde250d}"" instance of the ""\Microsoft\Windows\ExploitGuard\ExploitGuard MDM policy Refresh"" task for user ""NT AUTHORITY\SYSTEM""."
"9/1/2026 10:42:16 PM","129","Information","Microsoft-Windows-TaskScheduler","Task Scheduler launch task ""\Microsoft\Windows\ExploitGuard\ExploitGuard MDM policy Refresh"" , instance ""taskhostw.exe""  with process ID 2028."
"9/1/2026 10:42:16 PM","200","Information","Microsoft-Windows-TaskScheduler","Task Scheduler launched action ""%windir%\system32\dxgiadaptercache.exe"" in instance ""{ec454924-92b0-4213-b1bd-7a23c3ce4c86}"" of task ""\Microsoft\Windows\DirectX\DXGIAdapterCache""."
"9/1/2026 10:42:16 PM","100","Information","Microsoft-Windows-TaskScheduler","Task Scheduler started ""{ec454924-92b0-4213-b1bd-7a23c3ce4c86}"" instance of the ""\Microsoft\Windows\DirectX\DXGIAdapterCache"" task for user ""NT AUTHORITY\SYSTEM""."
"9/1/2026 10:42:16 PM","129","Information","Microsoft-Windows-TaskScheduler","Task Scheduler launch task ""\Microsoft\Windows\DirectX\DXGIAdapterCache"" , instance ""%windir%\system32\dxgiadaptercache.exe""  with process ID 2020."
"9/1/2026 10:42:16 PM","118","Information","Microsoft-Windows-TaskScheduler","Task Scheduler launched ""{b7e90ca5-245f-4af6-b8b5-4b23cbde250d}""  instance of task ""\Microsoft\Windows\ExploitGuard\ExploitGuard MDM policy Refresh""  due to system startup."
"9/1/2026 10:42:16 PM","400","Information","Microsoft-Windows-TaskScheduler","Task Scheduler service has started."
"9/1/2026 10:42:16 PM","700","Information","Microsoft-Windows-TaskScheduler","Task Scheduler service started Task Compatibility module."
"9/1/2026 9:55:47 PM","402","Information","Microsoft-Windows-TaskScheduler","Task Scheduler service is shutting down."
"9/1/2026 9:55:45 PM","111","Information","Microsoft-Windows-TaskScheduler","Task Scheduler terminated ""{0c7519bc-7dd0-427d-9fb5-68452306e951}""  instance of the ""\Scaffold\ScaffoldDeployEngine""  task."
"9/1/2026 9:55:45 PM","102","Information","Microsoft-Windows-TaskScheduler","Task Scheduler successfully finished ""{0c7519bc-7dd0-427d-9fb5-68452306e951}"" instance of the ""\Scaffold\ScaffoldDeployEngine"" task for user ""NT AUTHORITY\SYSTEM""."
"9/1/2026 9:55:45 PM","201","Information","Microsoft-Windows-TaskScheduler","Task Scheduler successfully completed task ""\Scaffold\ScaffoldDeployEngine"" , instance ""{0c7519bc-7dd0-427d-9fb5-68452306e951}"" , action ""powershell.exe"" with return code 2147943691."
"9/1/2026 9:55:45 PM","111","Information","Microsoft-Windows-TaskScheduler","Task Scheduler terminated ""{1fa461ce-3595-4bef-bbbd-1b418db76782}""  instance of the ""\Microsoft\Windows\CertificateServicesClient\SystemTask""  task."
"9/1/2026 9:55:42 PM","102","Information","Microsoft-Windows-TaskScheduler","Task Scheduler successfully finished ""{700c0720-b459-47dd-9ef4-acc6d8af19bc}"" instance of the ""\Microsoft\Windows\Software Inventory Logging\Configuration"" task for user ""NT AUTHORITY\SYSTEM""."
"9/1/2026 9:55:42 PM","201","Information","Microsoft-Windows-TaskScheduler","Task Scheduler successfully completed task ""\Microsoft\Windows\Software Inventory Logging\Configuration"" , instance ""{700c0720-b459-47dd-9ef4-acc6d8af19bc}"" , action ""%systemroot%\system32\cmd.exe"" with return code 0."
"9/1/2026 9:55:42 PM","102","Information","Microsoft-Windows-TaskScheduler","Task Scheduler successfully finished ""{ec69549a-dae3-4d3b-b816-d62a35eeaf35}"" instance of the ""\Microsoft\Windows\DirectX\DXGIAdapterCache"" task for user ""NT AUTHORITY\SYSTEM""."
"9/1/2026 9:55:42 PM","201","Information","Microsoft-Windows-TaskScheduler","Task Scheduler successfully completed task ""\Microsoft\Windows\DirectX\DXGIAdapterCache"" , instance ""{ec69549a-dae3-4d3b-b816-d62a35eeaf35}"" , action ""%windir%\system32\dxgiadaptercache.exe"" with return code 0."
"9/1/2026 9:55:40 PM","102","Information","Microsoft-Windows-TaskScheduler","Task Scheduler successfully finished ""{fb46e717-f265-413a-b769-9691d90416f7}"" instance of the ""\Microsoft\Windows\Workplace Join\Automatic-Device-Join"" task for user ""NT AUTHORITY\SYSTEM""."
"9/1/2026 9:55:40 PM","201","Information","Microsoft-Windows-TaskScheduler","Task Scheduler successfully completed task ""\Microsoft\Windows\Workplace Join\Automatic-Device-Join"" , instance ""{fb46e717-f265-413a-b769-9691d90416f7}"" , action ""%SystemRoot%\System32\dsregcmd.exe"" with return code 2147942401."
"9/1/2026 9:55:35 PM","200","Information","Microsoft-Windows-TaskScheduler","Task Scheduler launched action ""%windir%\system32\dxgiadaptercache.exe"" in instance ""{ec69549a-dae3-4d3b-b816-d62a35eeaf35}"" of task ""\Microsoft\Windows\DirectX\DXGIAdapterCache""."
"9/1/2026 9:55:35 PM","100","Information","Microsoft-Windows-TaskScheduler","Task Scheduler started ""{ec69549a-dae3-4d3b-b816-d62a35eeaf35}"" instance of the ""\Microsoft\Windows\DirectX\DXGIAdapterCache"" task for user ""NT AUTHORITY\SYSTEM""."
