"TimeCreated","Id","LevelDisplayName","ProviderName","Message"
"9/20/2026 7:34:48 AM","102","Information","Microsoft-Windows-TaskScheduler","Task Scheduler successfully finished ""{8cabf7a9-3d14-4be8-a031-833378203ba1}"" instance of the ""\Scaffold\ScaffoldDeployEngine"" task for user ""NT AUTHORITY\SYSTEM""."
"9/20/2026 7:34:48 AM","201","Information","Microsoft-Windows-TaskScheduler","Task Scheduler successfully completed task ""\Scaffold\ScaffoldDeployEngine"" , instance ""{8cabf7a9-3d14-4be8-a031-833378203ba1}"" , action ""powershell.exe"" with return code 0."
"9/20/2026 7:34:42 AM","200","Information","Microsoft-Windows-TaskScheduler","Task Scheduler launched action ""powershell.exe"" in instance ""{8cabf7a9-3d14-4be8-a031-833378203ba1}"" of task ""\Scaffold\ScaffoldDeployEngine""."
"9/20/2026 7:34:42 AM","100","Information","Microsoft-Windows-TaskScheduler","Task Scheduler started ""{8cabf7a9-3d14-4be8-a031-833378203ba1}"" instance of the ""\Scaffold\ScaffoldDeployEngine"" task for user ""NT AUTHORITY\SYSTEM""."
"9/20/2026 7:34:42 AM","129","Information","Microsoft-Windows-TaskScheduler","Task Scheduler launch task ""\Scaffold\ScaffoldDeployEngine"" , instance ""powershell.exe""  with process ID 5976."
"9/20/2026 7:34:42 AM","107","Information","Microsoft-Windows-TaskScheduler","Task Scheduler launched ""{8cabf7a9-3d14-4be8-a031-833378203ba1}""  instance of task ""\Scaffold\ScaffoldDeployEngine"" due to a time trigger condition."
"9/20/2026 7:32:47 AM","102","Information","Microsoft-Windows-TaskScheduler","Task Scheduler successfully finished ""{855641e3-3c3f-4627-8e19-b376760cbccd}"" instance of the ""\Scaffold\ScaffoldDeployEngine"" task for user ""NT AUTHORITY\SYSTEM""."
"9/20/2026 7:32:47 AM","201","Information","Microsoft-Windows-TaskScheduler","Task Scheduler successfully completed task ""\Scaffold\ScaffoldDeployEngine"" , instance ""{855641e3-3c3f-4627-8e19-b376760cbccd}"" , action ""powershell.exe"" with return code 0."
"9/20/2026 7:32:41 AM","200","Information","Microsoft-Windows-TaskScheduler","Task Scheduler launched action ""powershell.exe"" in instance ""{855641e3-3c3f-4627-8e19-b376760cbccd}"" of task ""\Scaffold\ScaffoldDeployEngine""."
"9/20/2026 7:32:41 AM","100","Information","Microsoft-Windows-TaskScheduler","Task Scheduler started ""{855641e3-3c3f-4627-8e19-b376760cbccd}"" instance of the ""\Scaffold\ScaffoldDeployEngine"" task for user ""NT AUTHORITY\SYSTEM""."
"9/20/2026 7:32:41 AM","129","Information","Microsoft-Windows-TaskScheduler","Task Scheduler launch task ""\Scaffold\ScaffoldDeployEngine"" , instance ""powershell.exe""  with process ID 2716."
"9/20/2026 7:32:41 AM","107","Information","Microsoft-Windows-TaskScheduler","Task Scheduler launched ""{855641e3-3c3f-4627-8e19-b376760cbccd}""  instance of task ""\Scaffold\ScaffoldDeployEngine"" due to a time trigger condition."
"9/20/2026 7:30:47 AM","102","Information","Microsoft-Windows-TaskScheduler","Task Scheduler successfully finished ""{e35813df-a705-4b07-8b4f-18b0cb708ff7}"" instance of the ""\Scaffold\ScaffoldDeployEngine"" task for user ""NT AUTHORITY\SYSTEM""."
"9/20/2026 7:30:47 AM","201","Information","Microsoft-Windows-TaskScheduler","Task Scheduler successfully completed task ""\Scaffold\ScaffoldDeployEngine"" , instance ""{e35813df-a705-4b07-8b4f-18b0cb708ff7}"" , action ""powershell.exe"" with return code 0."
"9/20/2026 7:30:41 AM","200","Information","Microsoft-Windows-TaskScheduler","Task Scheduler launched action ""powershell.exe"" in instance ""{e35813df-a705-4b07-8b4f-18b0cb708ff7}"" of task ""\Scaffold\ScaffoldDeployEngine""."
"9/20/2026 7:30:41 AM","100","Information","Microsoft-Windows-TaskScheduler","Task Scheduler started ""{e35813df-a705-4b07-8b4f-18b0cb708ff7}"" instance of the ""\Scaffold\ScaffoldDeployEngine"" task for user ""NT AUTHORITY\SYSTEM""."
"9/20/2026 7:30:41 AM","129","Information","Microsoft-Windows-TaskScheduler","Task Scheduler launch task ""\Scaffold\ScaffoldDeployEngine"" , instance ""powershell.exe""  with process ID 3808."
"9/20/2026 7:30:41 AM","107","Information","Microsoft-Windows-TaskScheduler","Task Scheduler launched ""{e35813df-a705-4b07-8b4f-18b0cb708ff7}""  instance of task ""\Scaffold\ScaffoldDeployEngine"" due to a time trigger condition."
"9/20/2026 7:28:47 AM","102","Information","Microsoft-Windows-TaskScheduler","Task Scheduler successfully finished ""{edbc781b-7f60-4c9d-aa45-6299a6a1d376}"" instance of the ""\Scaffold\ScaffoldDeployEngine"" task for user ""NT AUTHORITY\SYSTEM""."
"9/20/2026 7:28:47 AM","201","Information","Microsoft-Windows-TaskScheduler","Task Scheduler successfully completed task ""\Scaffold\ScaffoldDeployEngine"" , instance ""{edbc781b-7f60-4c9d-aa45-6299a6a1d376}"" , action ""powershell.exe"" with return code 0."
"9/20/2026 7:28:41 AM","200","Information","Microsoft-Windows-TaskScheduler","Task Scheduler launched action ""powershell.exe"" in instance ""{edbc781b-7f60-4c9d-aa45-6299a6a1d376}"" of task ""\Scaffold\ScaffoldDeployEngine""."
"9/20/2026 7:28:41 AM","100","Information","Microsoft-Windows-TaskScheduler","Task Scheduler started ""{edbc781b-7f60-4c9d-aa45-6299a6a1d376}"" instance of the ""\Scaffold\ScaffoldDeployEngine"" task for user ""NT AUTHORITY\SYSTEM""."
"9/20/2026 7:28:41 AM","129","Information","Microsoft-Windows-TaskScheduler","Task Scheduler launch task ""\Scaffold\ScaffoldDeployEngine"" , instance ""powershell.exe""  with process ID 812."
"9/20/2026 7:28:41 AM","107","Information","Microsoft-Windows-TaskScheduler","Task Scheduler launched ""{edbc781b-7f60-4c9d-aa45-6299a6a1d376}""  instance of task ""\Scaffold\ScaffoldDeployEngine"" due to a time trigger condition."
"9/20/2026 7:26:47 AM","102","Information","Microsoft-Windows-TaskScheduler","Task Scheduler successfully finished ""{01d190de-feee-46ce-b9a9-43abb8506bfd}"" instance of the ""\Scaffold\ScaffoldDeployEngine"" task for user ""NT AUTHORITY\SYSTEM""."
"9/20/2026 7:26:47 AM","201","Information","Microsoft-Windows-TaskScheduler","Task Scheduler successfully completed task ""\Scaffold\ScaffoldDeployEngine"" , instance ""{01d190de-feee-46ce-b9a9-43abb8506bfd}"" , action ""powershell.exe"" with return code 0."
"9/20/2026 7:26:41 AM","200","Information","Microsoft-Windows-TaskScheduler","Task Scheduler launched action ""powershell.exe"" in instance ""{01d190de-feee-46ce-b9a9-43abb8506bfd}"" of task ""\Scaffold\ScaffoldDeployEngine""."
"9/20/2026 7:26:41 AM","100","Information","Microsoft-Windows-TaskScheduler","Task Scheduler started ""{01d190de-feee-46ce-b9a9-43abb8506bfd}"" instance of the ""\Scaffold\ScaffoldDeployEngine"" task for user ""NT AUTHORITY\SYSTEM""."
"9/20/2026 7:26:41 AM","129","Information","Microsoft-Windows-TaskScheduler","Task Scheduler launch task ""\Scaffold\ScaffoldDeployEngine"" , instance ""powershell.exe""  with process ID 4448."
"9/20/2026 7:26:41 AM","107","Information","Microsoft-Windows-TaskScheduler","Task Scheduler launched ""{01d190de-feee-46ce-b9a9-43abb8506bfd}""  instance of task ""\Scaffold\ScaffoldDeployEngine"" due to a time trigger condition."
"9/20/2026 7:24:48 AM","102","Information","Microsoft-Windows-TaskScheduler","Task Scheduler successfully finished ""{471f2eaa-e951-4afa-9f23-436972285843}"" instance of the ""\Scaffold\ScaffoldDeployEngine"" task for user ""NT AUTHORITY\SYSTEM""."
"9/20/2026 7:24:48 AM","201","Information","Microsoft-Windows-TaskScheduler","Task Scheduler successfully completed task ""\Scaffold\ScaffoldDeployEngine"" , instance ""{471f2eaa-e951-4afa-9f23-436972285843}"" , action ""powershell.exe"" with return code 0."
"9/20/2026 7:24:41 AM","200","Information","Microsoft-Windows-TaskScheduler","Task Scheduler launched action ""powershell.exe"" in instance ""{471f2eaa-e951-4afa-9f23-436972285843}"" of task ""\Scaffold\ScaffoldDeployEngine""."
"9/20/2026 7:24:41 AM","100","Information","Microsoft-Windows-TaskScheduler","Task Scheduler started ""{471f2eaa-e951-4afa-9f23-436972285843}"" instance of the ""\Scaffold\ScaffoldDeployEngine"" task for user ""NT AUTHORITY\SYSTEM""."
"9/20/2026 7:24:41 AM","129","Information","Microsoft-Windows-TaskScheduler","Task Scheduler launch task ""\Scaffold\ScaffoldDeployEngine"" , instance ""powershell.exe""  with process ID 4780."
"9/20/2026 7:24:41 AM","107","Information","Microsoft-Windows-TaskScheduler","Task Scheduler launched ""{471f2eaa-e951-4afa-9f23-436972285843}""  instance of task ""\Scaffold\ScaffoldDeployEngine"" due to a time trigger condition."
"9/20/2026 7:22:48 AM","102","Information","Microsoft-Windows-TaskScheduler","Task Scheduler successfully finished ""{9347bec7-5cd8-43f4-9453-6242245349ef}"" instance of the ""\Scaffold\ScaffoldDeployEngine"" task for user ""NT AUTHORITY\SYSTEM""."
"9/20/2026 7:22:48 AM","201","Information","Microsoft-Windows-TaskScheduler","Task Scheduler successfully completed task ""\Scaffold\ScaffoldDeployEngine"" , instance ""{9347bec7-5cd8-43f4-9453-6242245349ef}"" , action ""powershell.exe"" with return code 0."
"9/20/2026 7:22:41 AM","200","Information","Microsoft-Windows-TaskScheduler","Task Scheduler launched action ""powershell.exe"" in instance ""{9347bec7-5cd8-43f4-9453-6242245349ef}"" of task ""\Scaffold\ScaffoldDeployEngine""."
"9/20/2026 7:22:41 AM","100","Information","Microsoft-Windows-TaskScheduler","Task Scheduler started ""{9347bec7-5cd8-43f4-9453-6242245349ef}"" instance of the ""\Scaffold\ScaffoldDeployEngine"" task for user ""NT AUTHORITY\SYSTEM""."
"9/20/2026 7:22:41 AM","129","Information","Microsoft-Windows-TaskScheduler","Task Scheduler launch task ""\Scaffold\ScaffoldDeployEngine"" , instance ""powershell.exe""  with process ID 1548."
"9/20/2026 7:22:41 AM","107","Information","Microsoft-Windows-TaskScheduler","Task Scheduler launched ""{9347bec7-5cd8-43f4-9453-6242245349ef}""  instance of task ""\Scaffold\ScaffoldDeployEngine"" due to a time trigger condition."
"9/20/2026 7:20:42 AM","102","Information","Microsoft-Windows-TaskScheduler","Task Scheduler successfully finished ""{b94e4b0a-a8e4-47db-994e-089ba2c60f33}"" instance of the ""\Scaffold\ScaffoldDeployEngine"" task for user ""NT AUTHORITY\SYSTEM""."
"9/20/2026 7:20:42 AM","201","Information","Microsoft-Windows-TaskScheduler","Task Scheduler successfully completed task ""\Scaffold\ScaffoldDeployEngine"" , instance ""{b94e4b0a-a8e4-47db-994e-089ba2c60f33}"" , action ""powershell.exe"" with return code 0."
"9/20/2026 7:20:41 AM","200","Information","Microsoft-Windows-TaskScheduler","Task Scheduler launched action ""powershell.exe"" in instance ""{b94e4b0a-a8e4-47db-994e-089ba2c60f33}"" of task ""\Scaffold\ScaffoldDeployEngine""."
"9/20/2026 7:20:41 AM","100","Information","Microsoft-Windows-TaskScheduler","Task Scheduler started ""{b94e4b0a-a8e4-47db-994e-089ba2c60f33}"" instance of the ""\Scaffold\ScaffoldDeployEngine"" task for user ""NT AUTHORITY\SYSTEM""."
"9/20/2026 7:20:41 AM","129","Information","Microsoft-Windows-TaskScheduler","Task Scheduler launch task ""\Scaffold\ScaffoldDeployEngine"" , instance ""powershell.exe""  with process ID 3500."
"9/20/2026 7:20:41 AM","107","Information","Microsoft-Windows-TaskScheduler","Task Scheduler launched ""{b94e4b0a-a8e4-47db-994e-089ba2c60f33}""  instance of task ""\Scaffold\ScaffoldDeployEngine"" due to a time trigger condition."
"9/20/2026 7:18:46 AM","102","Information","Microsoft-Windows-TaskScheduler","Task Scheduler successfully finished ""{a00b295a-3edf-4bea-a479-17a5a8cdb148}"" instance of the ""\Scaffold\ScaffoldDeployEngine"" task for user ""NT AUTHORITY\SYSTEM""."
"9/20/2026 7:18:46 AM","201","Information","Microsoft-Windows-TaskScheduler","Task Scheduler successfully completed task ""\Scaffold\ScaffoldDeployEngine"" , instance ""{a00b295a-3edf-4bea-a479-17a5a8cdb148}"" , action ""powershell.exe"" with return code 2147942401."
"9/20/2026 7:18:41 AM","200","Information","Microsoft-Windows-TaskScheduler","Task Scheduler launched action ""powershell.exe"" in instance ""{a00b295a-3edf-4bea-a479-17a5a8cdb148}"" of task ""\Scaffold\ScaffoldDeployEngine""."
"9/20/2026 7:18:41 AM","100","Information","Microsoft-Windows-TaskScheduler","Task Scheduler started ""{a00b295a-3edf-4bea-a479-17a5a8cdb148}"" instance of the ""\Scaffold\ScaffoldDeployEngine"" task for user ""NT AUTHORITY\SYSTEM""."
"9/20/2026 7:18:41 AM","129","Information","Microsoft-Windows-TaskScheduler","Task Scheduler launch task ""\Scaffold\ScaffoldDeployEngine"" , instance ""powershell.exe""  with process ID 3048."
"9/20/2026 7:18:41 AM","107","Information","Microsoft-Windows-TaskScheduler","Task Scheduler launched ""{a00b295a-3edf-4bea-a479-17a5a8cdb148}""  instance of task ""\Scaffold\ScaffoldDeployEngine"" due to a time trigger condition."
"9/20/2026 7:16:42 AM","102","Information","Microsoft-Windows-TaskScheduler","Task Scheduler successfully finished ""{01c30f78-e1bf-4f61-8023-09d4e505d9cf}"" instance of the ""\Scaffold\ScaffoldDeployEngine"" task for user ""NT AUTHORITY\SYSTEM""."
"9/20/2026 7:16:42 AM","201","Information","Microsoft-Windows-TaskScheduler","Task Scheduler successfully completed task ""\Scaffold\ScaffoldDeployEngine"" , instance ""{01c30f78-e1bf-4f61-8023-09d4e505d9cf}"" , action ""powershell.exe"" with return code 0."
"9/20/2026 7:16:41 AM","200","Information","Microsoft-Windows-TaskScheduler","Task Scheduler launched action ""powershell.exe"" in instance ""{01c30f78-e1bf-4f61-8023-09d4e505d9cf}"" of task ""\Scaffold\ScaffoldDeployEngine""."
"9/20/2026 7:16:41 AM","100","Information","Microsoft-Windows-TaskScheduler","Task Scheduler started ""{01c30f78-e1bf-4f61-8023-09d4e505d9cf}"" instance of the ""\Scaffold\ScaffoldDeployEngine"" task for user ""NT AUTHORITY\SYSTEM""."
"9/20/2026 7:16:41 AM","129","Information","Microsoft-Windows-TaskScheduler","Task Scheduler launch task ""\Scaffold\ScaffoldDeployEngine"" , instance ""powershell.exe""  with process ID 4244."
"9/20/2026 7:16:41 AM","107","Information","Microsoft-Windows-TaskScheduler","Task Scheduler launched ""{01c30f78-e1bf-4f61-8023-09d4e505d9cf}""  instance of task ""\Scaffold\ScaffoldDeployEngine"" due to a time trigger condition."
"9/20/2026 7:14:42 AM","102","Information","Microsoft-Windows-TaskScheduler","Task Scheduler successfully finished ""{8633f5bf-5174-4d03-a46e-a7860ae0f7f7}"" instance of the ""\Scaffold\ScaffoldDeployEngine"" task for user ""NT AUTHORITY\SYSTEM""."
"9/20/2026 7:14:42 AM","201","Information","Microsoft-Windows-TaskScheduler","Task Scheduler successfully completed task ""\Scaffold\ScaffoldDeployEngine"" , instance ""{8633f5bf-5174-4d03-a46e-a7860ae0f7f7}"" , action ""powershell.exe"" with return code 0."
"9/20/2026 7:14:41 AM","200","Information","Microsoft-Windows-TaskScheduler","Task Scheduler launched action ""powershell.exe"" in instance ""{8633f5bf-5174-4d03-a46e-a7860ae0f7f7}"" of task ""\Scaffold\ScaffoldDeployEngine""."
"9/20/2026 7:14:41 AM","100","Information","Microsoft-Windows-TaskScheduler","Task Scheduler started ""{8633f5bf-5174-4d03-a46e-a7860ae0f7f7}"" instance of the ""\Scaffold\ScaffoldDeployEngine"" task for user ""NT AUTHORITY\SYSTEM""."
"9/20/2026 7:14:41 AM","129","Information","Microsoft-Windows-TaskScheduler","Task Scheduler launch task ""\Scaffold\ScaffoldDeployEngine"" , instance ""powershell.exe""  with process ID 5960."
"9/20/2026 7:14:41 AM","107","Information","Microsoft-Windows-TaskScheduler","Task Scheduler launched ""{8633f5bf-5174-4d03-a46e-a7860ae0f7f7}""  instance of task ""\Scaffold\ScaffoldDeployEngine"" due to a time trigger condition."
"9/20/2026 7:12:42 AM","102","Information","Microsoft-Windows-TaskScheduler","Task Scheduler successfully finished ""{f565b3e9-e612-4b5f-a115-f0f8e0279449}"" instance of the ""\Scaffold\ScaffoldDeployEngine"" task for user ""NT AUTHORITY\SYSTEM""."
"9/20/2026 7:12:42 AM","201","Information","Microsoft-Windows-TaskScheduler","Task Scheduler successfully completed task ""\Scaffold\ScaffoldDeployEngine"" , instance ""{f565b3e9-e612-4b5f-a115-f0f8e0279449}"" , action ""powershell.exe"" with return code 0."
"9/20/2026 7:12:41 AM","200","Information","Microsoft-Windows-TaskScheduler","Task Scheduler launched action ""powershell.exe"" in instance ""{f565b3e9-e612-4b5f-a115-f0f8e0279449}"" of task ""\Scaffold\ScaffoldDeployEngine""."
"9/20/2026 7:12:41 AM","100","Information","Microsoft-Windows-TaskScheduler","Task Scheduler started ""{f565b3e9-e612-4b5f-a115-f0f8e0279449}"" instance of the ""\Scaffold\ScaffoldDeployEngine"" task for user ""NT AUTHORITY\SYSTEM""."
"9/20/2026 7:12:41 AM","129","Information","Microsoft-Windows-TaskScheduler","Task Scheduler launch task ""\Scaffold\ScaffoldDeployEngine"" , instance ""powershell.exe""  with process ID 5452."
"9/20/2026 7:12:41 AM","107","Information","Microsoft-Windows-TaskScheduler","Task Scheduler launched ""{f565b3e9-e612-4b5f-a115-f0f8e0279449}""  instance of task ""\Scaffold\ScaffoldDeployEngine"" due to a time trigger condition."
"9/20/2026 7:10:42 AM","102","Information","Microsoft-Windows-TaskScheduler","Task Scheduler successfully finished ""{1e78be3b-a45c-47d3-9764-34d5da8badb3}"" instance of the ""\Scaffold\ScaffoldDeployEngine"" task for user ""NT AUTHORITY\SYSTEM""."
"9/20/2026 7:10:42 AM","201","Information","Microsoft-Windows-TaskScheduler","Task Scheduler successfully completed task ""\Scaffold\ScaffoldDeployEngine"" , instance ""{1e78be3b-a45c-47d3-9764-34d5da8badb3}"" , action ""powershell.exe"" with return code 0."
"9/20/2026 7:10:41 AM","200","Information","Microsoft-Windows-TaskScheduler","Task Scheduler launched action ""powershell.exe"" in instance ""{1e78be3b-a45c-47d3-9764-34d5da8badb3}"" of task ""\Scaffold\ScaffoldDeployEngine""."
"9/20/2026 7:10:41 AM","100","Information","Microsoft-Windows-TaskScheduler","Task Scheduler started ""{1e78be3b-a45c-47d3-9764-34d5da8badb3}"" instance of the ""\Scaffold\ScaffoldDeployEngine"" task for user ""NT AUTHORITY\SYSTEM""."
"9/20/2026 7:10:41 AM","129","Information","Microsoft-Windows-TaskScheduler","Task Scheduler launch task ""\Scaffold\ScaffoldDeployEngine"" , instance ""powershell.exe""  with process ID 944."
"9/20/2026 7:10:41 AM","107","Information","Microsoft-Windows-TaskScheduler","Task Scheduler launched ""{1e78be3b-a45c-47d3-9764-34d5da8badb3}""  instance of task ""\Scaffold\ScaffoldDeployEngine"" due to a time trigger condition."
"9/20/2026 7:08:42 AM","102","Information","Microsoft-Windows-TaskScheduler","Task Scheduler successfully finished ""{e3f3663e-491c-40ea-b6bc-7e7edace1103}"" instance of the ""\Scaffold\ScaffoldDeployEngine"" task for user ""NT AUTHORITY\SYSTEM""."
"9/20/2026 7:08:42 AM","201","Information","Microsoft-Windows-TaskScheduler","Task Scheduler successfully completed task ""\Scaffold\ScaffoldDeployEngine"" , instance ""{e3f3663e-491c-40ea-b6bc-7e7edace1103}"" , action ""powershell.exe"" with return code 0."
"9/20/2026 7:08:41 AM","200","Information","Microsoft-Windows-TaskScheduler","Task Scheduler launched action ""powershell.exe"" in instance ""{e3f3663e-491c-40ea-b6bc-7e7edace1103}"" of task ""\Scaffold\ScaffoldDeployEngine""."
"9/20/2026 7:08:41 AM","100","Information","Microsoft-Windows-TaskScheduler","Task Scheduler started ""{e3f3663e-491c-40ea-b6bc-7e7edace1103}"" instance of the ""\Scaffold\ScaffoldDeployEngine"" task for user ""NT AUTHORITY\SYSTEM""."
"9/20/2026 7:08:41 AM","129","Information","Microsoft-Windows-TaskScheduler","Task Scheduler launch task ""\Scaffold\ScaffoldDeployEngine"" , instance ""powershell.exe""  with process ID 4204."
"9/20/2026 7:08:41 AM","107","Information","Microsoft-Windows-TaskScheduler","Task Scheduler launched ""{e3f3663e-491c-40ea-b6bc-7e7edace1103}""  instance of task ""\Scaffold\ScaffoldDeployEngine"" due to a time trigger condition."
"9/20/2026 7:06:42 AM","102","Information","Microsoft-Windows-TaskScheduler","Task Scheduler successfully finished ""{13371f60-056d-44b0-a54e-0b4fbc2d639a}"" instance of the ""\Scaffold\ScaffoldDeployEngine"" task for user ""NT AUTHORITY\SYSTEM""."
"9/20/2026 7:06:42 AM","201","Information","Microsoft-Windows-TaskScheduler","Task Scheduler successfully completed task ""\Scaffold\ScaffoldDeployEngine"" , instance ""{13371f60-056d-44b0-a54e-0b4fbc2d639a}"" , action ""powershell.exe"" with return code 0."
"9/20/2026 7:06:41 AM","200","Information","Microsoft-Windows-TaskScheduler","Task Scheduler launched action ""powershell.exe"" in instance ""{13371f60-056d-44b0-a54e-0b4fbc2d639a}"" of task ""\Scaffold\ScaffoldDeployEngine""."
"9/20/2026 7:06:41 AM","100","Information","Microsoft-Windows-TaskScheduler","Task Scheduler started ""{13371f60-056d-44b0-a54e-0b4fbc2d639a}"" instance of the ""\Scaffold\ScaffoldDeployEngine"" task for user ""NT AUTHORITY\SYSTEM""."
"9/20/2026 7:06:41 AM","129","Information","Microsoft-Windows-TaskScheduler","Task Scheduler launch task ""\Scaffold\ScaffoldDeployEngine"" , instance ""powershell.exe""  with process ID 5064."
"9/20/2026 7:06:41 AM","107","Information","Microsoft-Windows-TaskScheduler","Task Scheduler launched ""{13371f60-056d-44b0-a54e-0b4fbc2d639a}""  instance of task ""\Scaffold\ScaffoldDeployEngine"" due to a time trigger condition."
"9/20/2026 7:04:42 AM","102","Information","Microsoft-Windows-TaskScheduler","Task Scheduler successfully finished ""{f4dbe02d-72de-43c2-b708-10d6f2fa85a8}"" instance of the ""\Scaffold\ScaffoldDeployEngine"" task for user ""NT AUTHORITY\SYSTEM""."
"9/20/2026 7:04:42 AM","201","Information","Microsoft-Windows-TaskScheduler","Task Scheduler successfully completed task ""\Scaffold\ScaffoldDeployEngine"" , instance ""{f4dbe02d-72de-43c2-b708-10d6f2fa85a8}"" , action ""powershell.exe"" with return code 0."
"9/20/2026 7:04:41 AM","200","Information","Microsoft-Windows-TaskScheduler","Task Scheduler launched action ""powershell.exe"" in instance ""{f4dbe02d-72de-43c2-b708-10d6f2fa85a8}"" of task ""\Scaffold\ScaffoldDeployEngine""."
"9/20/2026 7:04:41 AM","100","Information","Microsoft-Windows-TaskScheduler","Task Scheduler started ""{f4dbe02d-72de-43c2-b708-10d6f2fa85a8}"" instance of the ""\Scaffold\ScaffoldDeployEngine"" task for user ""NT AUTHORITY\SYSTEM""."
"9/20/2026 7:04:41 AM","129","Information","Microsoft-Windows-TaskScheduler","Task Scheduler launch task ""\Scaffold\ScaffoldDeployEngine"" , instance ""powershell.exe""  with process ID 6036."
"9/20/2026 7:04:41 AM","107","Information","Microsoft-Windows-TaskScheduler","Task Scheduler launched ""{f4dbe02d-72de-43c2-b708-10d6f2fa85a8}""  instance of task ""\Scaffold\ScaffoldDeployEngine"" due to a time trigger condition."
"9/20/2026 7:02:42 AM","102","Information","Microsoft-Windows-TaskScheduler","Task Scheduler successfully finished ""{c5866f3a-50c7-43d4-8131-889bc54067af}"" instance of the ""\Scaffold\ScaffoldDeployEngine"" task for user ""NT AUTHORITY\SYSTEM""."
"9/20/2026 7:02:42 AM","201","Information","Microsoft-Windows-TaskScheduler","Task Scheduler successfully completed task ""\Scaffold\ScaffoldDeployEngine"" , instance ""{c5866f3a-50c7-43d4-8131-889bc54067af}"" , action ""powershell.exe"" with return code 0."
"9/20/2026 7:02:41 AM","200","Information","Microsoft-Windows-TaskScheduler","Task Scheduler launched action ""powershell.exe"" in instance ""{c5866f3a-50c7-43d4-8131-889bc54067af}"" of task ""\Scaffold\ScaffoldDeployEngine""."
"9/20/2026 7:02:41 AM","100","Information","Microsoft-Windows-TaskScheduler","Task Scheduler started ""{c5866f3a-50c7-43d4-8131-889bc54067af}"" instance of the ""\Scaffold\ScaffoldDeployEngine"" task for user ""NT AUTHORITY\SYSTEM""."
"9/20/2026 7:02:41 AM","129","Information","Microsoft-Windows-TaskScheduler","Task Scheduler launch task ""\Scaffold\ScaffoldDeployEngine"" , instance ""powershell.exe""  with process ID 5736."
"9/20/2026 7:02:41 AM","107","Information","Microsoft-Windows-TaskScheduler","Task Scheduler launched ""{c5866f3a-50c7-43d4-8131-889bc54067af}""  instance of task ""\Scaffold\ScaffoldDeployEngine"" due to a time trigger condition."
"9/20/2026 7:00:42 AM","102","Information","Microsoft-Windows-TaskScheduler","Task Scheduler successfully finished ""{ab19b6f1-23ac-4ec4-b5ac-74a33def92f0}"" instance of the ""\Scaffold\ScaffoldDeployEngine"" task for user ""NT AUTHORITY\SYSTEM""."
"9/20/2026 7:00:42 AM","201","Information","Microsoft-Windows-TaskScheduler","Task Scheduler successfully completed task ""\Scaffold\ScaffoldDeployEngine"" , instance ""{ab19b6f1-23ac-4ec4-b5ac-74a33def92f0}"" , action ""powershell.exe"" with return code 0."
"9/20/2026 7:00:41 AM","200","Information","Microsoft-Windows-TaskScheduler","Task Scheduler launched action ""powershell.exe"" in instance ""{ab19b6f1-23ac-4ec4-b5ac-74a33def92f0}"" of task ""\Scaffold\ScaffoldDeployEngine""."
"9/20/2026 7:00:41 AM","100","Information","Microsoft-Windows-TaskScheduler","Task Scheduler started ""{ab19b6f1-23ac-4ec4-b5ac-74a33def92f0}"" instance of the ""\Scaffold\ScaffoldDeployEngine"" task for user ""NT AUTHORITY\SYSTEM""."
"9/20/2026 7:00:41 AM","129","Information","Microsoft-Windows-TaskScheduler","Task Scheduler launch task ""\Scaffold\ScaffoldDeployEngine"" , instance ""powershell.exe""  with process ID 4640."
"9/20/2026 7:00:41 AM","107","Information","Microsoft-Windows-TaskScheduler","Task Scheduler launched ""{ab19b6f1-23ac-4ec4-b5ac-74a33def92f0}""  instance of task ""\Scaffold\ScaffoldDeployEngine"" due to a time trigger condition."
"9/20/2026 6:58:42 AM","102","Information","Microsoft-Windows-TaskScheduler","Task Scheduler successfully finished ""{d7d4b52e-7b85-4d09-97b9-ef48932f1033}"" instance of the ""\Scaffold\ScaffoldDeployEngine"" task for user ""NT AUTHORITY\SYSTEM""."
"9/20/2026 6:58:42 AM","201","Information","Microsoft-Windows-TaskScheduler","Task Scheduler successfully completed task ""\Scaffold\ScaffoldDeployEngine"" , instance ""{d7d4b52e-7b85-4d09-97b9-ef48932f1033}"" , action ""powershell.exe"" with return code 0."
"9/20/2026 6:58:41 AM","200","Information","Microsoft-Windows-TaskScheduler","Task Scheduler launched action ""powershell.exe"" in instance ""{d7d4b52e-7b85-4d09-97b9-ef48932f1033}"" of task ""\Scaffold\ScaffoldDeployEngine""."
"9/20/2026 6:58:41 AM","100","Information","Microsoft-Windows-TaskScheduler","Task Scheduler started ""{d7d4b52e-7b85-4d09-97b9-ef48932f1033}"" instance of the ""\Scaffold\ScaffoldDeployEngine"" task for user ""NT AUTHORITY\SYSTEM""."
"9/20/2026 6:58:41 AM","129","Information","Microsoft-Windows-TaskScheduler","Task Scheduler launch task ""\Scaffold\ScaffoldDeployEngine"" , instance ""powershell.exe""  with process ID 5848."
"9/20/2026 6:58:41 AM","107","Information","Microsoft-Windows-TaskScheduler","Task Scheduler launched ""{d7d4b52e-7b85-4d09-97b9-ef48932f1033}""  instance of task ""\Scaffold\ScaffoldDeployEngine"" due to a time trigger condition."
"9/20/2026 6:56:42 AM","102","Information","Microsoft-Windows-TaskScheduler","Task Scheduler successfully finished ""{69b1cca1-cbe8-454b-8123-af0973e7a6ef}"" instance of the ""\Scaffold\ScaffoldDeployEngine"" task for user ""NT AUTHORITY\SYSTEM""."
"9/20/2026 6:56:42 AM","201","Information","Microsoft-Windows-TaskScheduler","Task Scheduler successfully completed task ""\Scaffold\ScaffoldDeployEngine"" , instance ""{69b1cca1-cbe8-454b-8123-af0973e7a6ef}"" , action ""powershell.exe"" with return code 0."
"9/20/2026 6:56:41 AM","200","Information","Microsoft-Windows-TaskScheduler","Task Scheduler launched action ""powershell.exe"" in instance ""{69b1cca1-cbe8-454b-8123-af0973e7a6ef}"" of task ""\Scaffold\ScaffoldDeployEngine""."
"9/20/2026 6:56:41 AM","100","Information","Microsoft-Windows-TaskScheduler","Task Scheduler started ""{69b1cca1-cbe8-454b-8123-af0973e7a6ef}"" instance of the ""\Scaffold\ScaffoldDeployEngine"" task for user ""NT AUTHORITY\SYSTEM""."
"9/20/2026 6:56:41 AM","129","Information","Microsoft-Windows-TaskScheduler","Task Scheduler launch task ""\Scaffold\ScaffoldDeployEngine"" , instance ""powershell.exe""  with process ID 5256."
"9/20/2026 6:56:41 AM","107","Information","Microsoft-Windows-TaskScheduler","Task Scheduler launched ""{69b1cca1-cbe8-454b-8123-af0973e7a6ef}""  instance of task ""\Scaffold\ScaffoldDeployEngine"" due to a time trigger condition."
"9/20/2026 6:54:42 AM","102","Information","Microsoft-Windows-TaskScheduler","Task Scheduler successfully finished ""{36784634-4e5b-4642-8dd3-88ad1aea34c8}"" instance of the ""\Scaffold\ScaffoldDeployEngine"" task for user ""NT AUTHORITY\SYSTEM""."
"9/20/2026 6:54:42 AM","201","Information","Microsoft-Windows-TaskScheduler","Task Scheduler successfully completed task ""\Scaffold\ScaffoldDeployEngine"" , instance ""{36784634-4e5b-4642-8dd3-88ad1aea34c8}"" , action ""powershell.exe"" with return code 0."
"9/20/2026 6:54:41 AM","200","Information","Microsoft-Windows-TaskScheduler","Task Scheduler launched action ""powershell.exe"" in instance ""{36784634-4e5b-4642-8dd3-88ad1aea34c8}"" of task ""\Scaffold\ScaffoldDeployEngine""."
"9/20/2026 6:54:41 AM","100","Information","Microsoft-Windows-TaskScheduler","Task Scheduler started ""{36784634-4e5b-4642-8dd3-88ad1aea34c8}"" instance of the ""\Scaffold\ScaffoldDeployEngine"" task for user ""NT AUTHORITY\SYSTEM""."
"9/20/2026 6:54:41 AM","129","Information","Microsoft-Windows-TaskScheduler","Task Scheduler launch task ""\Scaffold\ScaffoldDeployEngine"" , instance ""powershell.exe""  with process ID 4184."
"9/20/2026 6:54:41 AM","107","Information","Microsoft-Windows-TaskScheduler","Task Scheduler launched ""{36784634-4e5b-4642-8dd3-88ad1aea34c8}""  instance of task ""\Scaffold\ScaffoldDeployEngine"" due to a time trigger condition."
"9/20/2026 6:52:42 AM","102","Information","Microsoft-Windows-TaskScheduler","Task Scheduler successfully finished ""{7a083adb-ed86-4f35-b9e1-78265c253b61}"" instance of the ""\Scaffold\ScaffoldDeployEngine"" task for user ""NT AUTHORITY\SYSTEM""."
"9/20/2026 6:52:42 AM","201","Information","Microsoft-Windows-TaskScheduler","Task Scheduler successfully completed task ""\Scaffold\ScaffoldDeployEngine"" , instance ""{7a083adb-ed86-4f35-b9e1-78265c253b61}"" , action ""powershell.exe"" with return code 0."
"9/20/2026 6:52:41 AM","200","Information","Microsoft-Windows-TaskScheduler","Task Scheduler launched action ""powershell.exe"" in instance ""{7a083adb-ed86-4f35-b9e1-78265c253b61}"" of task ""\Scaffold\ScaffoldDeployEngine""."
"9/20/2026 6:52:41 AM","100","Information","Microsoft-Windows-TaskScheduler","Task Scheduler started ""{7a083adb-ed86-4f35-b9e1-78265c253b61}"" instance of the ""\Scaffold\ScaffoldDeployEngine"" task for user ""NT AUTHORITY\SYSTEM""."
"9/20/2026 6:52:41 AM","129","Information","Microsoft-Windows-TaskScheduler","Task Scheduler launch task ""\Scaffold\ScaffoldDeployEngine"" , instance ""powershell.exe""  with process ID 2816."
"9/20/2026 6:52:41 AM","107","Information","Microsoft-Windows-TaskScheduler","Task Scheduler launched ""{7a083adb-ed86-4f35-b9e1-78265c253b61}""  instance of task ""\Scaffold\ScaffoldDeployEngine"" due to a time trigger condition."
"9/20/2026 6:50:42 AM","102","Information","Microsoft-Windows-TaskScheduler","Task Scheduler successfully finished ""{0a7a88bc-ac29-412a-9498-49b5558c4306}"" instance of the ""\Scaffold\ScaffoldDeployEngine"" task for user ""NT AUTHORITY\SYSTEM""."
"9/20/2026 6:50:42 AM","201","Information","Microsoft-Windows-TaskScheduler","Task Scheduler successfully completed task ""\Scaffold\ScaffoldDeployEngine"" , instance ""{0a7a88bc-ac29-412a-9498-49b5558c4306}"" , action ""powershell.exe"" with return code 0."
"9/20/2026 6:50:41 AM","200","Information","Microsoft-Windows-TaskScheduler","Task Scheduler launched action ""powershell.exe"" in instance ""{0a7a88bc-ac29-412a-9498-49b5558c4306}"" of task ""\Scaffold\ScaffoldDeployEngine""."
"9/20/2026 6:50:41 AM","100","Information","Microsoft-Windows-TaskScheduler","Task Scheduler started ""{0a7a88bc-ac29-412a-9498-49b5558c4306}"" instance of the ""\Scaffold\ScaffoldDeployEngine"" task for user ""NT AUTHORITY\SYSTEM""."
"9/20/2026 6:50:41 AM","129","Information","Microsoft-Windows-TaskScheduler","Task Scheduler launch task ""\Scaffold\ScaffoldDeployEngine"" , instance ""powershell.exe""  with process ID 3524."
"9/20/2026 6:50:41 AM","107","Information","Microsoft-Windows-TaskScheduler","Task Scheduler launched ""{0a7a88bc-ac29-412a-9498-49b5558c4306}""  instance of task ""\Scaffold\ScaffoldDeployEngine"" due to a time trigger condition."
"9/20/2026 6:48:50 AM","102","Information","Microsoft-Windows-TaskScheduler","Task Scheduler successfully finished ""{658d8871-2db5-4cd2-a166-cc55244f77c3}"" instance of the ""\Scaffold\ScaffoldDeployEngine"" task for user ""NT AUTHORITY\SYSTEM""."
"9/20/2026 6:48:50 AM","201","Information","Microsoft-Windows-TaskScheduler","Task Scheduler successfully completed task ""\Scaffold\ScaffoldDeployEngine"" , instance ""{658d8871-2db5-4cd2-a166-cc55244f77c3}"" , action ""powershell.exe"" with return code 2147942401."
"9/20/2026 6:48:41 AM","200","Information","Microsoft-Windows-TaskScheduler","Task Scheduler launched action ""powershell.exe"" in instance ""{658d8871-2db5-4cd2-a166-cc55244f77c3}"" of task ""\Scaffold\ScaffoldDeployEngine""."
"9/20/2026 6:48:41 AM","100","Information","Microsoft-Windows-TaskScheduler","Task Scheduler started ""{658d8871-2db5-4cd2-a166-cc55244f77c3}"" instance of the ""\Scaffold\ScaffoldDeployEngine"" task for user ""NT AUTHORITY\SYSTEM""."
"9/20/2026 6:48:41 AM","129","Information","Microsoft-Windows-TaskScheduler","Task Scheduler launch task ""\Scaffold\ScaffoldDeployEngine"" , instance ""powershell.exe""  with process ID 1232."
"9/20/2026 6:48:41 AM","107","Information","Microsoft-Windows-TaskScheduler","Task Scheduler launched ""{658d8871-2db5-4cd2-a166-cc55244f77c3}""  instance of task ""\Scaffold\ScaffoldDeployEngine"" due to a time trigger condition."
"9/20/2026 6:46:42 AM","102","Information","Microsoft-Windows-TaskScheduler","Task Scheduler successfully finished ""{e361df6f-b726-4d5d-8d67-bb0a210d5d5c}"" instance of the ""\Scaffold\ScaffoldDeployEngine"" task for user ""NT AUTHORITY\SYSTEM""."
"9/20/2026 6:46:42 AM","201","Information","Microsoft-Windows-TaskScheduler","Task Scheduler successfully completed task ""\Scaffold\ScaffoldDeployEngine"" , instance ""{e361df6f-b726-4d5d-8d67-bb0a210d5d5c}"" , action ""powershell.exe"" with return code 0."
"9/20/2026 6:46:41 AM","200","Information","Microsoft-Windows-TaskScheduler","Task Scheduler launched action ""powershell.exe"" in instance ""{e361df6f-b726-4d5d-8d67-bb0a210d5d5c}"" of task ""\Scaffold\ScaffoldDeployEngine""."
"9/20/2026 6:46:41 AM","100","Information","Microsoft-Windows-TaskScheduler","Task Scheduler started ""{e361df6f-b726-4d5d-8d67-bb0a210d5d5c}"" instance of the ""\Scaffold\ScaffoldDeployEngine"" task for user ""NT AUTHORITY\SYSTEM""."
"9/20/2026 6:46:41 AM","129","Information","Microsoft-Windows-TaskScheduler","Task Scheduler launch task ""\Scaffold\ScaffoldDeployEngine"" , instance ""powershell.exe""  with process ID 4164."
"9/20/2026 6:46:41 AM","107","Information","Microsoft-Windows-TaskScheduler","Task Scheduler launched ""{e361df6f-b726-4d5d-8d67-bb0a210d5d5c}""  instance of task ""\Scaffold\ScaffoldDeployEngine"" due to a time trigger condition."
"9/20/2026 6:44:42 AM","102","Information","Microsoft-Windows-TaskScheduler","Task Scheduler successfully finished ""{f63a2425-a206-44d6-8ac5-5c4ac9461ee7}"" instance of the ""\Scaffold\ScaffoldDeployEngine"" task for user ""NT AUTHORITY\SYSTEM""."
"9/20/2026 6:44:42 AM","201","Information","Microsoft-Windows-TaskScheduler","Task Scheduler successfully completed task ""\Scaffold\ScaffoldDeployEngine"" , instance ""{f63a2425-a206-44d6-8ac5-5c4ac9461ee7}"" , action ""powershell.exe"" with return code 0."
"9/20/2026 6:44:41 AM","200","Information","Microsoft-Windows-TaskScheduler","Task Scheduler launched action ""powershell.exe"" in instance ""{f63a2425-a206-44d6-8ac5-5c4ac9461ee7}"" of task ""\Scaffold\ScaffoldDeployEngine""."
"9/20/2026 6:44:41 AM","100","Information","Microsoft-Windows-TaskScheduler","Task Scheduler started ""{f63a2425-a206-44d6-8ac5-5c4ac9461ee7}"" instance of the ""\Scaffold\ScaffoldDeployEngine"" task for user ""NT AUTHORITY\SYSTEM""."
"9/20/2026 6:44:41 AM","129","Information","Microsoft-Windows-TaskScheduler","Task Scheduler launch task ""\Scaffold\ScaffoldDeployEngine"" , instance ""powershell.exe""  with process ID 5184."
"9/20/2026 6:44:41 AM","107","Information","Microsoft-Windows-TaskScheduler","Task Scheduler launched ""{f63a2425-a206-44d6-8ac5-5c4ac9461ee7}""  instance of task ""\Scaffold\ScaffoldDeployEngine"" due to a time trigger condition."
"9/20/2026 6:42:42 AM","102","Information","Microsoft-Windows-TaskScheduler","Task Scheduler successfully finished ""{a8e7f929-0ae1-4c2c-b30b-d857a3f436c9}"" instance of the ""\Scaffold\ScaffoldDeployEngine"" task for user ""NT AUTHORITY\SYSTEM""."
"9/20/2026 6:42:42 AM","201","Information","Microsoft-Windows-TaskScheduler","Task Scheduler successfully completed task ""\Scaffold\ScaffoldDeployEngine"" , instance ""{a8e7f929-0ae1-4c2c-b30b-d857a3f436c9}"" , action ""powershell.exe"" with return code 0."
"9/20/2026 6:42:41 AM","200","Information","Microsoft-Windows-TaskScheduler","Task Scheduler launched action ""powershell.exe"" in instance ""{a8e7f929-0ae1-4c2c-b30b-d857a3f436c9}"" of task ""\Scaffold\ScaffoldDeployEngine""."
"9/20/2026 6:42:41 AM","100","Information","Microsoft-Windows-TaskScheduler","Task Scheduler started ""{a8e7f929-0ae1-4c2c-b30b-d857a3f436c9}"" instance of the ""\Scaffold\ScaffoldDeployEngine"" task for user ""NT AUTHORITY\SYSTEM""."
"9/20/2026 6:42:41 AM","129","Information","Microsoft-Windows-TaskScheduler","Task Scheduler launch task ""\Scaffold\ScaffoldDeployEngine"" , instance ""powershell.exe""  with process ID 3460."
"9/20/2026 6:42:41 AM","107","Information","Microsoft-Windows-TaskScheduler","Task Scheduler launched ""{a8e7f929-0ae1-4c2c-b30b-d857a3f436c9}""  instance of task ""\Scaffold\ScaffoldDeployEngine"" due to a time trigger condition."
"9/20/2026 6:40:42 AM","102","Information","Microsoft-Windows-TaskScheduler","Task Scheduler successfully finished ""{d2496de2-416d-41cb-9d63-90c9a6f49e8c}"" instance of the ""\Scaffold\ScaffoldDeployEngine"" task for user ""NT AUTHORITY\SYSTEM""."
"9/20/2026 6:40:42 AM","201","Information","Microsoft-Windows-TaskScheduler","Task Scheduler successfully completed task ""\Scaffold\ScaffoldDeployEngine"" , instance ""{d2496de2-416d-41cb-9d63-90c9a6f49e8c}"" , action ""powershell.exe"" with return code 0."
"9/20/2026 6:40:41 AM","200","Information","Microsoft-Windows-TaskScheduler","Task Scheduler launched action ""powershell.exe"" in instance ""{d2496de2-416d-41cb-9d63-90c9a6f49e8c}"" of task ""\Scaffold\ScaffoldDeployEngine""."
"9/20/2026 6:40:41 AM","100","Information","Microsoft-Windows-TaskScheduler","Task Scheduler started ""{d2496de2-416d-41cb-9d63-90c9a6f49e8c}"" instance of the ""\Scaffold\ScaffoldDeployEngine"" task for user ""NT AUTHORITY\SYSTEM""."
"9/20/2026 6:40:41 AM","129","Information","Microsoft-Windows-TaskScheduler","Task Scheduler launch task ""\Scaffold\ScaffoldDeployEngine"" , instance ""powershell.exe""  with process ID 444."
"9/20/2026 6:40:41 AM","107","Information","Microsoft-Windows-TaskScheduler","Task Scheduler launched ""{d2496de2-416d-41cb-9d63-90c9a6f49e8c}""  instance of task ""\Scaffold\ScaffoldDeployEngine"" due to a time trigger condition."
"9/20/2026 6:38:42 AM","102","Information","Microsoft-Windows-TaskScheduler","Task Scheduler successfully finished ""{5de982fd-1ed7-41a1-b439-708d244cae0f}"" instance of the ""\Scaffold\ScaffoldDeployEngine"" task for user ""NT AUTHORITY\SYSTEM""."
"9/20/2026 6:38:42 AM","201","Information","Microsoft-Windows-TaskScheduler","Task Scheduler successfully completed task ""\Scaffold\ScaffoldDeployEngine"" , instance ""{5de982fd-1ed7-41a1-b439-708d244cae0f}"" , action ""powershell.exe"" with return code 0."
"9/20/2026 6:38:41 AM","200","Information","Microsoft-Windows-TaskScheduler","Task Scheduler launched action ""powershell.exe"" in instance ""{5de982fd-1ed7-41a1-b439-708d244cae0f}"" of task ""\Scaffold\ScaffoldDeployEngine""."
"9/20/2026 6:38:41 AM","100","Information","Microsoft-Windows-TaskScheduler","Task Scheduler started ""{5de982fd-1ed7-41a1-b439-708d244cae0f}"" instance of the ""\Scaffold\ScaffoldDeployEngine"" task for user ""NT AUTHORITY\SYSTEM""."
"9/20/2026 6:38:41 AM","129","Information","Microsoft-Windows-TaskScheduler","Task Scheduler launch task ""\Scaffold\ScaffoldDeployEngine"" , instance ""powershell.exe""  with process ID 1392."
"9/20/2026 6:38:41 AM","107","Information","Microsoft-Windows-TaskScheduler","Task Scheduler launched ""{5de982fd-1ed7-41a1-b439-708d244cae0f}""  instance of task ""\Scaffold\ScaffoldDeployEngine"" due to a time trigger condition."
"9/20/2026 6:36:42 AM","102","Information","Microsoft-Windows-TaskScheduler","Task Scheduler successfully finished ""{510ed76d-4324-4e77-ac37-8ca17dacbcdd}"" instance of the ""\Scaffold\ScaffoldDeployEngine"" task for user ""NT AUTHORITY\SYSTEM""."
"9/20/2026 6:36:42 AM","201","Information","Microsoft-Windows-TaskScheduler","Task Scheduler successfully completed task ""\Scaffold\ScaffoldDeployEngine"" , instance ""{510ed76d-4324-4e77-ac37-8ca17dacbcdd}"" , action ""powershell.exe"" with return code 0."
"9/20/2026 6:36:41 AM","200","Information","Microsoft-Windows-TaskScheduler","Task Scheduler launched action ""powershell.exe"" in instance ""{510ed76d-4324-4e77-ac37-8ca17dacbcdd}"" of task ""\Scaffold\ScaffoldDeployEngine""."
"9/20/2026 6:36:41 AM","100","Information","Microsoft-Windows-TaskScheduler","Task Scheduler started ""{510ed76d-4324-4e77-ac37-8ca17dacbcdd}"" instance of the ""\Scaffold\ScaffoldDeployEngine"" task for user ""NT AUTHORITY\SYSTEM""."
"9/20/2026 6:36:41 AM","129","Information","Microsoft-Windows-TaskScheduler","Task Scheduler launch task ""\Scaffold\ScaffoldDeployEngine"" , instance ""powershell.exe""  with process ID 3844."
"9/20/2026 6:36:41 AM","107","Information","Microsoft-Windows-TaskScheduler","Task Scheduler launched ""{510ed76d-4324-4e77-ac37-8ca17dacbcdd}""  instance of task ""\Scaffold\ScaffoldDeployEngine"" due to a time trigger condition."
"9/20/2026 6:36:33 AM","102","Information","Microsoft-Windows-TaskScheduler","Task Scheduler successfully finished ""{eb445f7c-dbb5-464e-ba29-71267d289f9c}"" instance of the ""\Microsoft\Windows\Workplace Join\Automatic-Device-Join"" task for user ""NT AUTHORITY\SYSTEM""."
"9/20/2026 6:36:33 AM","201","Information","Microsoft-Windows-TaskScheduler","Task Scheduler successfully completed task ""\Microsoft\Windows\Workplace Join\Automatic-Device-Join"" , instance ""{eb445f7c-dbb5-464e-ba29-71267d289f9c}"" , action ""%SystemRoot%\System32\dsregcmd.exe"" with return code 2147942401."
"9/20/2026 6:36:33 AM","200","Information","Microsoft-Windows-TaskScheduler","Task Scheduler launched action ""%SystemRoot%\System32\dsregcmd.exe"" in instance ""{eb445f7c-dbb5-464e-ba29-71267d289f9c}"" of task ""\Microsoft\Windows\Workplace Join\Automatic-Device-Join""."
"9/20/2026 6:36:33 AM","100","Information","Microsoft-Windows-TaskScheduler","Task Scheduler started ""{eb445f7c-dbb5-464e-ba29-71267d289f9c}"" instance of the ""\Microsoft\Windows\Workplace Join\Automatic-Device-Join"" task for user ""NT AUTHORITY\SYSTEM""."
"9/20/2026 6:36:33 AM","129","Information","Microsoft-Windows-TaskScheduler","Task Scheduler launch task ""\Microsoft\Windows\Workplace Join\Automatic-Device-Join"" , instance ""%SystemRoot%\System32\dsregcmd.exe""  with process ID 2124."
"9/20/2026 6:36:33 AM","108","Information","Microsoft-Windows-TaskScheduler","Task Scheduler launched ""{eb445f7c-dbb5-464e-ba29-71267d289f9c}""  instance of task ""\Microsoft\Windows\Workplace Join\Automatic-Device-Join""  according to an event trigger."
"9/20/2026 6:34:42 AM","102","Information","Microsoft-Windows-TaskScheduler","Task Scheduler successfully finished ""{0a8799b0-0ef9-4460-a927-7f6817ee294f}"" instance of the ""\Scaffold\ScaffoldDeployEngine"" task for user ""NT AUTHORITY\SYSTEM""."
"9/20/2026 6:34:42 AM","201","Information","Microsoft-Windows-TaskScheduler","Task Scheduler successfully completed task ""\Scaffold\ScaffoldDeployEngine"" , instance ""{0a8799b0-0ef9-4460-a927-7f6817ee294f}"" , action ""powershell.exe"" with return code 0."
"9/20/2026 6:34:41 AM","200","Information","Microsoft-Windows-TaskScheduler","Task Scheduler launched action ""powershell.exe"" in instance ""{0a8799b0-0ef9-4460-a927-7f6817ee294f}"" of task ""\Scaffold\ScaffoldDeployEngine""."
"9/20/2026 6:34:41 AM","100","Information","Microsoft-Windows-TaskScheduler","Task Scheduler started ""{0a8799b0-0ef9-4460-a927-7f6817ee294f}"" instance of the ""\Scaffold\ScaffoldDeployEngine"" task for user ""NT AUTHORITY\SYSTEM""."
"9/20/2026 6:34:41 AM","129","Information","Microsoft-Windows-TaskScheduler","Task Scheduler launch task ""\Scaffold\ScaffoldDeployEngine"" , instance ""powershell.exe""  with process ID 5736."
"9/20/2026 6:34:41 AM","107","Information","Microsoft-Windows-TaskScheduler","Task Scheduler launched ""{0a8799b0-0ef9-4460-a927-7f6817ee294f}""  instance of task ""\Scaffold\ScaffoldDeployEngine"" due to a time trigger condition."
"9/20/2026 6:32:42 AM","102","Information","Microsoft-Windows-TaskScheduler","Task Scheduler successfully finished ""{f6fed958-75c1-45b9-9c5e-80a17d33f1e7}"" instance of the ""\Scaffold\ScaffoldDeployEngine"" task for user ""NT AUTHORITY\SYSTEM""."
"9/20/2026 6:32:42 AM","201","Information","Microsoft-Windows-TaskScheduler","Task Scheduler successfully completed task ""\Scaffold\ScaffoldDeployEngine"" , instance ""{f6fed958-75c1-45b9-9c5e-80a17d33f1e7}"" , action ""powershell.exe"" with return code 0."
"9/20/2026 6:32:41 AM","200","Information","Microsoft-Windows-TaskScheduler","Task Scheduler launched action ""powershell.exe"" in instance ""{f6fed958-75c1-45b9-9c5e-80a17d33f1e7}"" of task ""\Scaffold\ScaffoldDeployEngine""."
"9/20/2026 6:32:41 AM","100","Information","Microsoft-Windows-TaskScheduler","Task Scheduler started ""{f6fed958-75c1-45b9-9c5e-80a17d33f1e7}"" instance of the ""\Scaffold\ScaffoldDeployEngine"" task for user ""NT AUTHORITY\SYSTEM""."
"9/20/2026 6:32:41 AM","129","Information","Microsoft-Windows-TaskScheduler","Task Scheduler launch task ""\Scaffold\ScaffoldDeployEngine"" , instance ""powershell.exe""  with process ID 1776."
"9/20/2026 6:32:41 AM","107","Information","Microsoft-Windows-TaskScheduler","Task Scheduler launched ""{f6fed958-75c1-45b9-9c5e-80a17d33f1e7}""  instance of task ""\Scaffold\ScaffoldDeployEngine"" due to a time trigger condition."
"9/20/2026 6:30:42 AM","102","Information","Microsoft-Windows-TaskScheduler","Task Scheduler successfully finished ""{692bee22-351b-4d89-97f9-26653c06a227}"" instance of the ""\Scaffold\ScaffoldDeployEngine"" task for user ""NT AUTHORITY\SYSTEM""."
"9/20/2026 6:30:42 AM","201","Information","Microsoft-Windows-TaskScheduler","Task Scheduler successfully completed task ""\Scaffold\ScaffoldDeployEngine"" , instance ""{692bee22-351b-4d89-97f9-26653c06a227}"" , action ""powershell.exe"" with return code 0."
"9/20/2026 6:30:41 AM","200","Information","Microsoft-Windows-TaskScheduler","Task Scheduler launched action ""powershell.exe"" in instance ""{692bee22-351b-4d89-97f9-26653c06a227}"" of task ""\Scaffold\ScaffoldDeployEngine""."
"9/20/2026 6:30:41 AM","100","Information","Microsoft-Windows-TaskScheduler","Task Scheduler started ""{692bee22-351b-4d89-97f9-26653c06a227}"" instance of the ""\Scaffold\ScaffoldDeployEngine"" task for user ""NT AUTHORITY\SYSTEM""."
"9/20/2026 6:30:41 AM","129","Information","Microsoft-Windows-TaskScheduler","Task Scheduler launch task ""\Scaffold\ScaffoldDeployEngine"" , instance ""powershell.exe""  with process ID 5848."
"9/20/2026 6:30:41 AM","107","Information","Microsoft-Windows-TaskScheduler","Task Scheduler launched ""{692bee22-351b-4d89-97f9-26653c06a227}""  instance of task ""\Scaffold\ScaffoldDeployEngine"" due to a time trigger condition."
"9/20/2026 6:28:42 AM","102","Information","Microsoft-Windows-TaskScheduler","Task Scheduler successfully finished ""{f992911b-e813-48c6-bc6c-7018febbc890}"" instance of the ""\Scaffold\ScaffoldDeployEngine"" task for user ""NT AUTHORITY\SYSTEM""."
"9/20/2026 6:28:42 AM","201","Information","Microsoft-Windows-TaskScheduler","Task Scheduler successfully completed task ""\Scaffold\ScaffoldDeployEngine"" , instance ""{f992911b-e813-48c6-bc6c-7018febbc890}"" , action ""powershell.exe"" with return code 0."
"9/20/2026 6:28:41 AM","200","Information","Microsoft-Windows-TaskScheduler","Task Scheduler launched action ""powershell.exe"" in instance ""{f992911b-e813-48c6-bc6c-7018febbc890}"" of task ""\Scaffold\ScaffoldDeployEngine""."
"9/20/2026 6:28:41 AM","100","Information","Microsoft-Windows-TaskScheduler","Task Scheduler started ""{f992911b-e813-48c6-bc6c-7018febbc890}"" instance of the ""\Scaffold\ScaffoldDeployEngine"" task for user ""NT AUTHORITY\SYSTEM""."
"9/20/2026 6:28:41 AM","129","Information","Microsoft-Windows-TaskScheduler","Task Scheduler launch task ""\Scaffold\ScaffoldDeployEngine"" , instance ""powershell.exe""  with process ID 4104."
"9/20/2026 6:28:41 AM","107","Information","Microsoft-Windows-TaskScheduler","Task Scheduler launched ""{f992911b-e813-48c6-bc6c-7018febbc890}""  instance of task ""\Scaffold\ScaffoldDeployEngine"" due to a time trigger condition."
"9/20/2026 6:26:42 AM","102","Information","Microsoft-Windows-TaskScheduler","Task Scheduler successfully finished ""{9d0fdf28-ced8-4931-aad9-4faa9fd1968b}"" instance of the ""\Scaffold\ScaffoldDeployEngine"" task for user ""NT AUTHORITY\SYSTEM""."
"9/20/2026 6:26:42 AM","201","Information","Microsoft-Windows-TaskScheduler","Task Scheduler successfully completed task ""\Scaffold\ScaffoldDeployEngine"" , instance ""{9d0fdf28-ced8-4931-aad9-4faa9fd1968b}"" , action ""powershell.exe"" with return code 0."
