"5/24/2026 7:43:44 AM","5857","Information","Microsoft-Windows-WMI-Activity","CIMWin32 provider started with result code 0x0. HostProcess = wmiprvse.exe; ProcessID = 4572; ProviderPath = %systemroot%\system32\wbem\cimwin32.dll"
"5/24/2026 7:43:10 AM","5858","Error","Microsoft-Windows-WMI-Activity","Id = {B616E928-EB8A-0001-21EC-16B68AEBDC01}; ClientMachine = DC; User = NT AUTHORITY\SYSTEM; ClientProcessId = 5276; Component = Unknown; Operation = Start IWbemServices::ExecNotificationQuery - ROOT\CIMV2 : SELECT * FROM Win32_ProcessStartTrace WHERE ProcessName = 'wsmprovhost.exe'; ResultCode = 0x80041032; PossibleCause = Unknown"
"5/24/2026 7:39:20 AM","5858","Error","Microsoft-Windows-WMI-Activity","Id = {00000000-0000-0000-0000-000000000000}; ClientMachine = DC; User = NT AUTHORITY\SYSTEM; ClientProcessId = 3364; Component = Unknown; Operation = Start IWbemServices::ExecQuery - root\cimv2 : SELECT * FROM Win32_Processor; ResultCode = 0x80041032; PossibleCause = Unknown"
"5/24/2026 7:39:18 AM","5858","Error","Microsoft-Windows-WMI-Activity","Id = {00000000-0000-0000-0000-000000000000}; ClientMachine = DC; User = NT AUTHORITY\SYSTEM; ClientProcessId = 3364; Component = Unknown; Operation = Start IWbemServices::ExecQuery - root\cimv2 : SELECT * FROM Win32_ComputerSystem; ResultCode = 0x80041032; PossibleCause = Unknown"
"5/24/2026 7:39:18 AM","5858","Error","Microsoft-Windows-WMI-Activity","Id = {00000000-0000-0000-0000-000000000000}; ClientMachine = DC; User = NT AUTHORITY\SYSTEM; ClientProcessId = 3364; Component = Unknown; Operation = Start IWbemServices::ExecQuery - root\cimv2 : SELECT * FROM Win32_OperatingSystem; ResultCode = 0x80041032; PossibleCause = Unknown"
"5/24/2026 7:39:18 AM","5858","Error","Microsoft-Windows-WMI-Activity","Id = {00000000-0000-0000-0000-000000000000}; ClientMachine = DC; User = NT AUTHORITY\SYSTEM; ClientProcessId = 3364; Component = Unknown; Operation = Start IWbemServices::ExecQuery - root\cimv2 : SELECT * FROM Win32_ComputerSystemProduct; ResultCode = 0x80041032; PossibleCause = Unknown"
"5/24/2026 7:37:59 AM","5857","Information","Microsoft-Windows-WMI-Activity","deploymentprovider provider started with result code 0x0. HostProcess = wmiprvse.exe; ProcessID = 7284; ProviderPath = %systemroot%\system32\wbem\ServerManager.DeploymentProvider.dll"
"5/24/2026 7:37:56 AM","5857","Information","Microsoft-Windows-WMI-Activity","nettcpip provider started with result code 0x0. HostProcess = wmiprvse.exe; ProcessID = 4564; ProviderPath = %systemroot%\system32\wbem\NetTCPIP.dll"
"5/24/2026 7:37:56 AM","5857","Information","Microsoft-Windows-WMI-Activity","NetAdapterCim provider started with result code 0x0. HostProcess = wmiprvse.exe; ProcessID = 6892; ProviderPath = %systemroot%\system32\wbem\NetAdapterCim.dll"
"5/24/2026 7:37:56 AM","5857","Information","Microsoft-Windows-WMI-Activity","mgmtprovider provider started with result code 0x0. HostProcess = wmiprvse.exe; ProcessID = 4564; ProviderPath = %systemroot%\system32\wbem\mgmtprovider.dll"
"5/24/2026 7:37:39 AM","5858","Error","Microsoft-Windows-WMI-Activity","Id = {00000000-0000-0000-0000-000000000000}; ClientMachine = DC; User = NT AUTHORITY\NETWORK SERVICE; ClientProcessId = 1920; Component = Unknown; Operation = Start IWbemServices::ExecQuery - ROOT\CIMV2 : SELECT Manufacturer, Product FROM Win32_BaseBoard; ResultCode = 0x80041032; PossibleCause = Unknown"
"5/24/2026 7:37:39 AM","5857","Information","Microsoft-Windows-WMI-Activity","CIMWin32a provider started with result code 0x0. HostProcess = wmiprvse.exe; ProcessID = 4564; ProviderPath = %systemroot%\system32\wbem\wmipcima.dll"
"5/24/2026 7:37:28 AM","5857","Information","Microsoft-Windows-WMI-Activity","MS_NT_EVENTLOG_PROVIDER provider started with result code 0x0. HostProcess = wmiprvse.exe; ProcessID = 4564; ProviderPath = %systemroot%\system32\wbem\ntevt.dll"
"5/24/2026 7:37:17 AM","5860","Information","Microsoft-Windows-WMI-Activity","Namespace = ROOT\CIMV2; NotificationQuery = SELECT * FROM Win32_ProcessStartTrace WHERE ProcessName = 'wsmprovhost.exe'; UserName = NT AUTHORITY\SYSTEM; ClientProcessID = 5276, ClientMachine = DC; PossibleCause = Temporary"
"5/24/2026 7:37:17 AM","5857","Information","Microsoft-Windows-WMI-Activity","WMI Kernel Trace Event Provider provider started with result code 0x0. HostProcess = wmiprvse.exe; ProcessID = 3148; ProviderPath = C:\Windows\System32\wbem\krnlprov.dll"
"5/24/2026 7:37:17 AM","5859","Information","Microsoft-Windows-WMI-Activity","Namespace = //./root/CIMV2; NotificationQuery = select * from MSFT_SCMEventLogEvent; OwnerName = S-1-5-32-544; HostProcessID = 3148;  Provider= SCM Event Provider, queryID = 0; PossibleCause = Permanent"
"5/24/2026 7:37:17 AM","5861","Information","Microsoft-Windows-WMI-Activity","Namespace = //./root/subscription; Eventfilter = SCM Event Log Filter (refer to its activate eventid:5859); Consumer = NTEventLogEventConsumer=""SCM Event Log Consumer""; PossibleCause = Binding EventFilter: 
instance of __EventFilter
{
	CreatorSID = {1, 2, 0, 0, 0, 0, 0, 5, 32, 0, 0, 0, 32, 2, 0, 0};
	EventNamespace = ""root\\cimv2"";
	Name = ""SCM Event Log Filter"";
	Query = ""select * from MSFT_SCMEventLogEvent"";
	QueryLanguage = ""WQL"";
};
Perm. Consumer: 
instance of NTEventLogEventConsumer
{
	Category = 0;
	CreatorSID = {1, 2, 0, 0, 0, 0, 0, 5, 32, 0, 0, 0, 32, 2, 0, 0};
	EventType = 1;
	Name = ""SCM Event Log Consumer"";
	NameOfUserSIDProperty = ""sid"";
	SourceName = ""Service Control Manager"";
};
"
"5/24/2026 7:37:08 AM","5857","Information","Microsoft-Windows-WMI-Activity","WmiPerfClass provider started with result code 0x0. HostProcess = wmiprvse.exe; ProcessID = 4820; ProviderPath = C:\Windows\System32\wbem\WmiPerfClass.dll"
"5/24/2026 7:36:51 AM","5858","Error","Microsoft-Windows-WMI-Activity","Id = {00000000-0000-0000-0000-000000000000}; ClientMachine = DC; User = NT AUTHORITY\SYSTEM; ClientProcessId = 4028; Component = Unknown; Operation = Start IWbemServices::CreateInstanceEnum - root\wmi : MSiSCSI_PortalInfoClass; ResultCode = 0x8004100C; PossibleCause = Unknown"
"5/24/2026 7:36:51 AM","5858","Error","Microsoft-Windows-WMI-Activity","Id = {00000000-0000-0000-0000-000000000000}; ClientMachine = DC; User = NT AUTHORITY\SYSTEM; ClientProcessId = 4028; Component = Unknown; Operation = Start IWbemServices::CreateInstanceEnum - root\wmi : MS_SM_AdapterInformationQuery; ResultCode = 0x8004100C; PossibleCause = Unknown"
"5/24/2026 7:36:51 AM","5857","Information","Microsoft-Windows-WMI-Activity","WMIProv provider started with result code 0x0. HostProcess = wmiprvse.exe; ProcessID = 4820; ProviderPath = %systemroot%\system32\wbem\wmiprov.dll"
"5/24/2026 7:36:49 AM","5857","Information","Microsoft-Windows-WMI-Activity","CIMWin32 provider started with result code 0x0. HostProcess = wmiprvse.exe; ProcessID = 4564; ProviderPath = %systemroot%\system32\wbem\cimwin32.dll"
"5/24/2026 4:37:41 AM","5857","Information","Microsoft-Windows-WMI-Activity","deploymentprovider provider started with result code 0x0. HostProcess = wmiprvse.exe; ProcessID = 4960; ProviderPath = %systemroot%\system32\wbem\ServerManager.DeploymentProvider.dll"
"5/24/2026 4:37:36 AM","5857","Information","Microsoft-Windows-WMI-Activity","nettcpip provider started with result code 0x0. HostProcess = wmiprvse.exe; ProcessID = 4552; ProviderPath = %systemroot%\system32\wbem\NetTCPIP.dll"
"5/24/2026 4:37:36 AM","5857","Information","Microsoft-Windows-WMI-Activity","NetAdapterCim provider started with result code 0x0. HostProcess = wmiprvse.exe; ProcessID = 6300; ProviderPath = %systemroot%\system32\wbem\NetAdapterCim.dll"
"5/24/2026 4:37:36 AM","5857","Information","Microsoft-Windows-WMI-Activity","mgmtprovider provider started with result code 0x0. HostProcess = wmiprvse.exe; ProcessID = 4552; ProviderPath = %systemroot%\system32\wbem\mgmtprovider.dll"
"5/24/2026 4:27:39 AM","5857","Information","Microsoft-Windows-WMI-Activity","deploymentprovider provider started with result code 0x0. HostProcess = wmiprvse.exe; ProcessID = 6840; ProviderPath = %systemroot%\system32\wbem\ServerManager.DeploymentProvider.dll"
"5/24/2026 4:27:36 AM","5857","Information","Microsoft-Windows-WMI-Activity","nettcpip provider started with result code 0x0. HostProcess = wmiprvse.exe; ProcessID = 4552; ProviderPath = %systemroot%\system32\wbem\NetTCPIP.dll"
"5/24/2026 4:27:36 AM","5857","Information","Microsoft-Windows-WMI-Activity","NetAdapterCim provider started with result code 0x0. HostProcess = wmiprvse.exe; ProcessID = 5500; ProviderPath = %systemroot%\system32\wbem\NetAdapterCim.dll"
"5/24/2026 4:27:36 AM","5857","Information","Microsoft-Windows-WMI-Activity","mgmtprovider provider started with result code 0x0. HostProcess = wmiprvse.exe; ProcessID = 4552; ProviderPath = %systemroot%\system32\wbem\mgmtprovider.dll"
"5/24/2026 4:25:08 AM","5858","Error","Microsoft-Windows-WMI-Activity","Id = {00000000-0000-0000-0000-000000000000}; ClientMachine = DC; User = NT AUTHORITY\NETWORK SERVICE; ClientProcessId = 1296; Component = Unknown; Operation = Start IWbemServices::ExecQuery - ROOT\CIMV2 : SELECT Manufacturer, Product FROM Win32_BaseBoard; ResultCode = 0x80041032; PossibleCause = Unknown"
"5/24/2026 4:25:08 AM","5857","Information","Microsoft-Windows-WMI-Activity","CIMWin32a provider started with result code 0x0. HostProcess = wmiprvse.exe; ProcessID = 4552; ProviderPath = %systemroot%\system32\wbem\wmipcima.dll"
"5/24/2026 4:17:39 AM","5857","Information","Microsoft-Windows-WMI-Activity","deploymentprovider provider started with result code 0x0. HostProcess = wmiprvse.exe; ProcessID = 6680; ProviderPath = %systemroot%\system32\wbem\ServerManager.DeploymentProvider.dll"
"5/24/2026 4:17:36 AM","5857","Information","Microsoft-Windows-WMI-Activity","nettcpip provider started with result code 0x0. HostProcess = wmiprvse.exe; ProcessID = 4552; ProviderPath = %systemroot%\system32\wbem\NetTCPIP.dll"
"5/24/2026 4:17:36 AM","5857","Information","Microsoft-Windows-WMI-Activity","NetAdapterCim provider started with result code 0x0. HostProcess = wmiprvse.exe; ProcessID = 5860; ProviderPath = %systemroot%\system32\wbem\NetAdapterCim.dll"
"5/24/2026 4:17:36 AM","5857","Information","Microsoft-Windows-WMI-Activity","mgmtprovider provider started with result code 0x0. HostProcess = wmiprvse.exe; ProcessID = 4552; ProviderPath = %systemroot%\system32\wbem\mgmtprovider.dll"
"5/24/2026 4:07:35 AM","5857","Information","Microsoft-Windows-WMI-Activity","deploymentprovider provider started with result code 0x0. HostProcess = wmiprvse.exe; ProcessID = 3576; ProviderPath = %systemroot%\system32\wbem\ServerManager.DeploymentProvider.dll"
"5/24/2026 4:07:32 AM","5857","Information","Microsoft-Windows-WMI-Activity","nettcpip provider started with result code 0x0. HostProcess = wmiprvse.exe; ProcessID = 4552; ProviderPath = %systemroot%\system32\wbem\NetTCPIP.dll"
"5/24/2026 4:07:32 AM","5857","Information","Microsoft-Windows-WMI-Activity","NetAdapterCim provider started with result code 0x0. HostProcess = wmiprvse.exe; ProcessID = 1696; ProviderPath = %systemroot%\system32\wbem\NetAdapterCim.dll"
"5/24/2026 4:07:32 AM","5857","Information","Microsoft-Windows-WMI-Activity","mgmtprovider provider started with result code 0x0. HostProcess = wmiprvse.exe; ProcessID = 4552; ProviderPath = %systemroot%\system32\wbem\mgmtprovider.dll"
"5/24/2026 4:06:04 AM","5858","Error","Microsoft-Windows-WMI-Activity","Id = {CD94BD2B-EB6B-0003-51C4-94CD6BEBDC01}; ClientMachine = DC; User = NT AUTHORITY\SYSTEM; ClientProcessId = 5996; Component = Unknown; Operation = Start IWbemServices::ExecNotificationQuery - ROOT\CIMV2 : SELECT * FROM Win32_ProcessStartTrace WHERE ProcessName = 'wsmprovhost.exe'; ResultCode = 0x80041032; PossibleCause = Unknown"
"5/24/2026 4:00:57 AM","5857","Information","Microsoft-Windows-WMI-Activity","DeliveryOptimizationMIProv provider started with result code 0x0. HostProcess = wmiprvse.exe; ProcessID = 4552; ProviderPath = %SystemRoot%\system32\domgmt.dll"
"5/24/2026 4:00:57 AM","5858","Error","Microsoft-Windows-WMI-Activity","Id = {00000000-0000-0000-0000-000000000000}; ClientMachine = DC; User = NT AUTHORITY\SYSTEM; ClientProcessId = 6184; Component = Unknown; Operation = Start IWbemServices::ExecQuery - root\Microsoft\Windows\DeviceGuard : SELECT AvailableSecurityProperties FROM Win32_DeviceGuard ; ResultCode = 0x80041032; PossibleCause = Unknown"
"5/24/2026 4:00:57 AM","5857","Information","Microsoft-Windows-WMI-Activity","Win32_DeviceGuard provider started with result code 0x0. HostProcess = wmiprvse.exe; ProcessID = 4552; ProviderPath = %SystemRoot%\System32\Win32_DeviceGuard.dll"
"5/24/2026 4:00:56 AM","5857","Information","Microsoft-Windows-WMI-Activity","Win32_TpmProvider provider started with result code 0x0. HostProcess = wmiprvse.exe; ProcessID = 4552; ProviderPath = C:\Windows\System32\wbem\Win32_TPM.dll"
"5/24/2026 4:00:56 AM","5858","Error","Microsoft-Windows-WMI-Activity","Id = {00000000-0000-0000-0000-000000000000}; ClientMachine = DC; User = NT AUTHORITY\SYSTEM; ClientProcessId = 6184; Component = Unknown; Operation = Start IWbemServices::ExecQuery - ROOT\CCM : select ClientId from CCM_Client; ResultCode = 0x80041010; PossibleCause = Unknown"
"5/24/2026 4:00:56 AM","5857","Information","Microsoft-Windows-WMI-Activity","deploymentprovider provider started with result code 0x0. HostProcess = wmiprvse.exe; ProcessID = 7264; ProviderPath = %systemroot%\system32\wbem\ServerManager.DeploymentProvider.dll"
"5/24/2026 4:00:56 AM","5857","Information","Microsoft-Windows-WMI-Activity","ServerFeatureProvider provider started with result code 0x0. HostProcess = wmiprvse.exe; ProcessID = 4552; ProviderPath = %windir%\system32\wbem\servercompprov.dll"
"5/24/2026 3:58:06 AM","5858","Error","Microsoft-Windows-WMI-Activity","Id = {00000000-0000-0000-0000-000000000000}; ClientMachine = DC; User = NT AUTHORITY\SYSTEM; ClientProcessId = 8048; Component = Unknown; Operation = Start IWbemServices::ExecQuery - root\cimv2 : SELECT * FROM Win32_Processor; ResultCode = 0x80041032; PossibleCause = Unknown"
"5/24/2026 3:58:04 AM","5858","Error","Microsoft-Windows-WMI-Activity","Id = {00000000-0000-0000-0000-000000000000}; ClientMachine = DC; User = NT AUTHORITY\SYSTEM; ClientProcessId = 8048; Component = Unknown; Operation = Start IWbemServices::ExecQuery - root\cimv2 : SELECT * FROM Win32_OperatingSystem; ResultCode = 0x80041032; PossibleCause = Unknown"
"5/24/2026 3:57:36 AM","5857","Information","Microsoft-Windows-WMI-Activity","deploymentprovider provider started with result code 0x0. HostProcess = wmiprvse.exe; ProcessID = 7316; ProviderPath = %systemroot%\system32\wbem\ServerManager.DeploymentProvider.dll"
"5/24/2026 3:57:32 AM","5857","Information","Microsoft-Windows-WMI-Activity","nettcpip provider started with result code 0x0. HostProcess = wmiprvse.exe; ProcessID = 4552; ProviderPath = %systemroot%\system32\wbem\NetTCPIP.dll"
"5/24/2026 3:57:32 AM","5857","Information","Microsoft-Windows-WMI-Activity","NetAdapterCim provider started with result code 0x0. HostProcess = wmiprvse.exe; ProcessID = 1376; ProviderPath = %systemroot%\system32\wbem\NetAdapterCim.dll"
"5/24/2026 3:57:32 AM","5857","Information","Microsoft-Windows-WMI-Activity","mgmtprovider provider started with result code 0x0. HostProcess = wmiprvse.exe; ProcessID = 4552; ProviderPath = %systemroot%\system32\wbem\mgmtprovider.dll"
"5/24/2026 3:56:14 AM","5857","Information","Microsoft-Windows-WMI-Activity","MS_NT_EVENTLOG_PROVIDER provider started with result code 0x0. HostProcess = wmiprvse.exe; ProcessID = 4552; ProviderPath = %systemroot%\system32\wbem\ntevt.dll"
"5/24/2026 3:56:03 AM","5860","Information","Microsoft-Windows-WMI-Activity","Namespace = ROOT\CIMV2; NotificationQuery = SELECT * FROM Win32_ProcessStartTrace WHERE ProcessName = 'wsmprovhost.exe'; UserName = NT AUTHORITY\SYSTEM; ClientProcessID = 5996, ClientMachine = DC; PossibleCause = Temporary"
"5/24/2026 3:56:03 AM","5857","Information","Microsoft-Windows-WMI-Activity","WMI Kernel Trace Event Provider provider started with result code 0x0. HostProcess = wmiprvse.exe; ProcessID = 3160; ProviderPath = C:\Windows\System32\wbem\krnlprov.dll"
"5/24/2026 3:56:03 AM","5859","Information","Microsoft-Windows-WMI-Activity","Namespace = //./root/CIMV2; NotificationQuery = select * from MSFT_SCMEventLogEvent; OwnerName = S-1-5-32-544; HostProcessID = 3160;  Provider= SCM Event Provider, queryID = 0; PossibleCause = Permanent"
"5/24/2026 3:56:03 AM","5861","Information","Microsoft-Windows-WMI-Activity","Namespace = //./root/subscription; Eventfilter = SCM Event Log Filter (refer to its activate eventid:5859); Consumer = NTEventLogEventConsumer=""SCM Event Log Consumer""; PossibleCause = Binding EventFilter: 
instance of __EventFilter
{
	CreatorSID = {1, 2, 0, 0, 0, 0, 0, 5, 32, 0, 0, 0, 32, 2, 0, 0};
	EventNamespace = ""root\\cimv2"";
	Name = ""SCM Event Log Filter"";
	Query = ""select * from MSFT_SCMEventLogEvent"";
	QueryLanguage = ""WQL"";
};
Perm. Consumer: 
instance of NTEventLogEventConsumer
{
	Category = 0;
	CreatorSID = {1, 2, 0, 0, 0, 0, 0, 5, 32, 0, 0, 0, 32, 2, 0, 0};
	EventType = 1;
	Name = ""SCM Event Log Consumer"";
	NameOfUserSIDProperty = ""sid"";
	SourceName = ""Service Control Manager"";
};
"
"5/24/2026 3:55:53 AM","5857","Information","Microsoft-Windows-WMI-Activity","WmiPerfClass provider started with result code 0x0. HostProcess = wmiprvse.exe; ProcessID = 5028; ProviderPath = C:\Windows\System32\wbem\WmiPerfClass.dll"
"5/24/2026 3:55:37 AM","5858","Error","Microsoft-Windows-WMI-Activity","Id = {00000000-0000-0000-0000-000000000000}; ClientMachine = DC; User = NT AUTHORITY\NETWORK SERVICE; ClientProcessId = 5336; Component = Unknown; Operation = Start IWbemServices::ExecQuery - ROOT\CIMV2 : SELECT Manufacturer, Product FROM Win32_BaseBoard; ResultCode = 0x80041032; PossibleCause = Unknown"
"5/24/2026 3:55:36 AM","5857","Information","Microsoft-Windows-WMI-Activity","CIMWin32a provider started with result code 0x0. HostProcess = wmiprvse.exe; ProcessID = 4552; ProviderPath = %systemroot%\system32\wbem\wmipcima.dll"
"5/24/2026 3:55:35 AM","5858","Error","Microsoft-Windows-WMI-Activity","Id = {00000000-0000-0000-0000-000000000000}; ClientMachine = DC; User = NT AUTHORITY\SYSTEM; ClientProcessId = 4032; Component = Unknown; Operation = Start IWbemServices::CreateInstanceEnum - root\wmi : MSiSCSI_PortalInfoClass; ResultCode = 0x8004100C; PossibleCause = Unknown"
"5/24/2026 3:55:35 AM","5858","Error","Microsoft-Windows-WMI-Activity","Id = {00000000-0000-0000-0000-000000000000}; ClientMachine = DC; User = NT AUTHORITY\SYSTEM; ClientProcessId = 4032; Component = Unknown; Operation = Start IWbemServices::CreateInstanceEnum - root\wmi : MS_SM_AdapterInformationQuery; ResultCode = 0x8004100C; PossibleCause = Unknown"
"5/24/2026 3:55:35 AM","5857","Information","Microsoft-Windows-WMI-Activity","WMIProv provider started with result code 0x0. HostProcess = wmiprvse.exe; ProcessID = 5028; ProviderPath = %systemroot%\system32\wbem\wmiprov.dll"
"5/24/2026 3:55:34 AM","5857","Information","Microsoft-Windows-WMI-Activity","CIMWin32 provider started with result code 0x0. HostProcess = wmiprvse.exe; ProcessID = 4552; ProviderPath = %systemroot%\system32\wbem\cimwin32.dll"
"5/23/2026 6:13:11 PM","5858","Error","Microsoft-Windows-WMI-Activity","Id = {CE04B360-EB19-0003-97B6-04CE19EBDC01}; ClientMachine = DC; User = NT AUTHORITY\SYSTEM; ClientProcessId = 5988; Component = Unknown; Operation = Start IWbemServices::ExecNotificationQuery - ROOT\CIMV2 : SELECT * FROM Win32_ProcessStartTrace WHERE ProcessName = 'wsmprovhost.exe'; ResultCode = 0x80041032; PossibleCause = Unknown"
"5/23/2026 6:11:08 PM","5858","Error","Microsoft-Windows-WMI-Activity","Id = {00000000-0000-0000-0000-000000000000}; ClientMachine = DC; User = NT AUTHORITY\SYSTEM; ClientProcessId = 5312; Component = Unknown; Operation = Start IWbemServices::ExecQuery - root\cimv2 : SELECT * FROM Win32_Processor; ResultCode = 0x80041032; PossibleCause = Unknown"
"5/23/2026 6:11:05 PM","5858","Error","Microsoft-Windows-WMI-Activity","Id = {00000000-0000-0000-0000-000000000000}; ClientMachine = DC; User = NT AUTHORITY\SYSTEM; ClientProcessId = 5312; Component = Unknown; Operation = Start IWbemServices::ExecQuery - root\cimv2 : SELECT * FROM Win32_OperatingSystem; ResultCode = 0x80041032; PossibleCause = Unknown"
"5/23/2026 6:09:47 PM","5857","Information","Microsoft-Windows-WMI-Activity","deploymentprovider provider started with result code 0x0. HostProcess = wmiprvse.exe; ProcessID = 7656; ProviderPath = %systemroot%\system32\wbem\ServerManager.DeploymentProvider.dll"
"5/23/2026 6:09:44 PM","5857","Information","Microsoft-Windows-WMI-Activity","nettcpip provider started with result code 0x0. HostProcess = wmiprvse.exe; ProcessID = 4508; ProviderPath = %systemroot%\system32\wbem\NetTCPIP.dll"
"5/23/2026 6:09:44 PM","5857","Information","Microsoft-Windows-WMI-Activity","NetAdapterCim provider started with result code 0x0. HostProcess = wmiprvse.exe; ProcessID = 7176; ProviderPath = %systemroot%\system32\wbem\NetAdapterCim.dll"
"5/23/2026 6:09:43 PM","5857","Information","Microsoft-Windows-WMI-Activity","mgmtprovider provider started with result code 0x0. HostProcess = wmiprvse.exe; ProcessID = 4508; ProviderPath = %systemroot%\system32\wbem\mgmtprovider.dll"
"5/23/2026 6:09:15 PM","5857","Information","Microsoft-Windows-WMI-Activity","MS_NT_EVENTLOG_PROVIDER provider started with result code 0x0. HostProcess = wmiprvse.exe; ProcessID = 4508; ProviderPath = %systemroot%\system32\wbem\ntevt.dll"
"5/23/2026 6:09:05 PM","5860","Information","Microsoft-Windows-WMI-Activity","Namespace = ROOT\CIMV2; NotificationQuery = SELECT * FROM Win32_ProcessStartTrace WHERE ProcessName = 'wsmprovhost.exe'; UserName = NT AUTHORITY\SYSTEM; ClientProcessID = 5988, ClientMachine = DC; PossibleCause = Temporary"
"5/23/2026 6:09:05 PM","5857","Information","Microsoft-Windows-WMI-Activity","WMI Kernel Trace Event Provider provider started with result code 0x0. HostProcess = wmiprvse.exe; ProcessID = 3104; ProviderPath = C:\Windows\System32\wbem\krnlprov.dll"
"5/23/2026 6:09:05 PM","5859","Information","Microsoft-Windows-WMI-Activity","Namespace = //./root/CIMV2; NotificationQuery = select * from MSFT_SCMEventLogEvent; OwnerName = S-1-5-32-544; HostProcessID = 3104;  Provider= SCM Event Provider, queryID = 0; PossibleCause = Permanent"
"5/23/2026 6:09:05 PM","5861","Information","Microsoft-Windows-WMI-Activity","Namespace = //./root/subscription; Eventfilter = SCM Event Log Filter (refer to its activate eventid:5859); Consumer = NTEventLogEventConsumer=""SCM Event Log Consumer""; PossibleCause = Binding EventFilter: 
instance of __EventFilter
{
	CreatorSID = {1, 2, 0, 0, 0, 0, 0, 5, 32, 0, 0, 0, 32, 2, 0, 0};
	EventNamespace = ""root\\cimv2"";
	Name = ""SCM Event Log Filter"";
	Query = ""select * from MSFT_SCMEventLogEvent"";
	QueryLanguage = ""WQL"";
};
Perm. Consumer: 
instance of NTEventLogEventConsumer
{
	Category = 0;
	CreatorSID = {1, 2, 0, 0, 0, 0, 0, 5, 32, 0, 0, 0, 32, 2, 0, 0};
	EventType = 1;
	Name = ""SCM Event Log Consumer"";
	NameOfUserSIDProperty = ""sid"";
	SourceName = ""Service Control Manager"";
};
"
"5/23/2026 6:08:57 PM","5858","Error","Microsoft-Windows-WMI-Activity","Id = {00000000-0000-0000-0000-000000000000}; ClientMachine = DC; User = NT AUTHORITY\NETWORK SERVICE; ClientProcessId = 5412; Component = Unknown; Operation = Start IWbemServices::ExecQuery - ROOT\CIMV2 : SELECT Manufacturer, Product FROM Win32_BaseBoard; ResultCode = 0x80041032; PossibleCause = Unknown"
"5/23/2026 6:08:56 PM","5857","Information","Microsoft-Windows-WMI-Activity","CIMWin32a provider started with result code 0x0. HostProcess = wmiprvse.exe; ProcessID = 4508; ProviderPath = %systemroot%\system32\wbem\wmipcima.dll"
"5/23/2026 6:08:55 PM","5857","Information","Microsoft-Windows-WMI-Activity","WmiPerfClass provider started with result code 0x0. HostProcess = wmiprvse.exe; ProcessID = 4924; ProviderPath = C:\Windows\System32\wbem\WmiPerfClass.dll"
"5/23/2026 6:08:36 PM","5858","Error","Microsoft-Windows-WMI-Activity","Id = {00000000-0000-0000-0000-000000000000}; ClientMachine = DC; User = NT AUTHORITY\SYSTEM; ClientProcessId = 4140; Component = Unknown; Operation = Start IWbemServices::CreateInstanceEnum - root\wmi : MSiSCSI_PortalInfoClass; ResultCode = 0x8004100C; PossibleCause = Unknown"
"5/23/2026 6:08:36 PM","5858","Error","Microsoft-Windows-WMI-Activity","Id = {00000000-0000-0000-0000-000000000000}; ClientMachine = DC; User = NT AUTHORITY\SYSTEM; ClientProcessId = 4140; Component = Unknown; Operation = Start IWbemServices::CreateInstanceEnum - root\wmi : MS_SM_AdapterInformationQuery; ResultCode = 0x8004100C; PossibleCause = Unknown"
"5/23/2026 6:08:36 PM","5857","Information","Microsoft-Windows-WMI-Activity","WMIProv provider started with result code 0x0. HostProcess = wmiprvse.exe; ProcessID = 4924; ProviderPath = %systemroot%\system32\wbem\wmiprov.dll"
"5/23/2026 6:08:35 PM","5857","Information","Microsoft-Windows-WMI-Activity","CIMWin32 provider started with result code 0x0. HostProcess = wmiprvse.exe; ProcessID = 4508; ProviderPath = %systemroot%\system32\wbem\cimwin32.dll"
"5/23/2026 5:35:41 PM","5857","Information","Microsoft-Windows-WMI-Activity","CIMWin32a provider started with result code 0x0. HostProcess = wmiprvse.exe; ProcessID = 5032; ProviderPath = %systemroot%\system32\wbem\wmipcima.dll"
"5/23/2026 5:26:11 PM","5857","Information","Microsoft-Windows-WMI-Activity","CIMWin32a provider started with result code 0x0. HostProcess = wmiprvse.exe; ProcessID = 5032; ProviderPath = %systemroot%\system32\wbem\wmipcima.dll"
"5/23/2026 5:22:38 PM","5857","Information","Microsoft-Windows-WMI-Activity","CIMWin32a provider started with result code 0x0. HostProcess = wmiprvse.exe; ProcessID = 5032; ProviderPath = %systemroot%\system32\wbem\wmipcima.dll"
"5/23/2026 5:21:03 PM","5857","Information","Microsoft-Windows-WMI-Activity","deploymentprovider provider started with result code 0x0. HostProcess = wmiprvse.exe; ProcessID = 5740; ProviderPath = %systemroot%\system32\wbem\ServerManager.DeploymentProvider.dll"
"5/23/2026 5:21:00 PM","5857","Information","Microsoft-Windows-WMI-Activity","nettcpip provider started with result code 0x0. HostProcess = wmiprvse.exe; ProcessID = 5032; ProviderPath = %systemroot%\system32\wbem\NetTCPIP.dll"
"5/23/2026 5:21:00 PM","5857","Information","Microsoft-Windows-WMI-Activity","NetAdapterCim provider started with result code 0x0. HostProcess = wmiprvse.exe; ProcessID = 3888; ProviderPath = %systemroot%\system32\wbem\NetAdapterCim.dll"
"5/23/2026 5:21:00 PM","5857","Information","Microsoft-Windows-WMI-Activity","mgmtprovider provider started with result code 0x0. HostProcess = wmiprvse.exe; ProcessID = 5032; ProviderPath = %systemroot%\system32\wbem\mgmtprovider.dll"
"5/23/2026 5:16:34 PM","5857","Information","Microsoft-Windows-WMI-Activity","deploymentprovider provider started with result code 0x0. HostProcess = wmiprvse.exe; ProcessID = 4292; ProviderPath = %systemroot%\system32\wbem\ServerManager.DeploymentProvider.dll"
"5/23/2026 5:16:32 PM","5857","Information","Microsoft-Windows-WMI-Activity","nettcpip provider started with result code 0x0. HostProcess = wmiprvse.exe; ProcessID = 5032; ProviderPath = %systemroot%\system32\wbem\NetTCPIP.dll"
"5/23/2026 5:16:32 PM","5857","Information","Microsoft-Windows-WMI-Activity","NetAdapterCim provider started with result code 0x0. HostProcess = wmiprvse.exe; ProcessID = 2376; ProviderPath = %systemroot%\system32\wbem\NetAdapterCim.dll"
"5/23/2026 5:16:32 PM","5857","Information","Microsoft-Windows-WMI-Activity","mgmtprovider provider started with result code 0x0. HostProcess = wmiprvse.exe; ProcessID = 5032; ProviderPath = %systemroot%\system32\wbem\mgmtprovider.dll"
"5/23/2026 5:15:43 PM","5858","Error","Microsoft-Windows-WMI-Activity","Id = {F2B15606-EB10-0003-D957-B1F210EBDC01}; ClientMachine = DC; User = NT AUTHORITY\SYSTEM; ClientProcessId = 5992; Component = Unknown; Operation = Start IWbemServices::ExecNotificationQuery - ROOT\CIMV2 : SELECT * FROM Win32_ProcessStartTrace WHERE ProcessName = 'wsmprovhost.exe'; ResultCode = 0x80041032; PossibleCause = Unknown"
"5/23/2026 5:13:43 PM","5857","Information","Microsoft-Windows-WMI-Activity","WMIProv provider started with result code 0x0. HostProcess = wmiprvse.exe; ProcessID = 5024; ProviderPath = %systemroot%\system32\wbem\wmiprov.dll"
"5/23/2026 5:07:46 PM","5858","Error","Microsoft-Windows-WMI-Activity","Id = {00000000-0000-0000-0000-000000000000}; ClientMachine = DC; User = NT AUTHORITY\SYSTEM; ClientProcessId = 8056; Component = Unknown; Operation = Start IWbemServices::ExecQuery - root\cimv2 : SELECT * FROM Win32_ComputerSystem; ResultCode = 0x80041032; PossibleCause = Unknown"
"5/23/2026 5:07:43 PM","5858","Error","Microsoft-Windows-WMI-Activity","Id = {00000000-0000-0000-0000-000000000000}; ClientMachine = DC; User = NT AUTHORITY\SYSTEM; ClientProcessId = 8056; Component = Unknown; Operation = Start IWbemServices::ExecQuery - root\cimv2 : SELECT * FROM Win32_OperatingSystem; ResultCode = 0x80041032; PossibleCause = Unknown"
"5/23/2026 5:07:43 PM","5858","Error","Microsoft-Windows-WMI-Activity","Id = {00000000-0000-0000-0000-000000000000}; ClientMachine = DC; User = NT AUTHORITY\SYSTEM; ClientProcessId = 8056; Component = Unknown; Operation = Start IWbemServices::ExecQuery - root\cimv2 : SELECT * FROM Win32_ComputerSystem; ResultCode = 0x80041032; PossibleCause = Unknown"
"5/23/2026 5:07:43 PM","5858","Error","Microsoft-Windows-WMI-Activity","Id = {00000000-0000-0000-0000-000000000000}; ClientMachine = DC; User = NT AUTHORITY\SYSTEM; ClientProcessId = 8056; Component = Unknown; Operation = Start IWbemServices::ExecQuery - root\cimv2 : SELECT * FROM Win32_ComputerSystem; ResultCode = 0x80041032; PossibleCause = Unknown"
"5/23/2026 5:07:43 PM","5858","Error","Microsoft-Windows-WMI-Activity","Id = {00000000-0000-0000-0000-000000000000}; ClientMachine = DC; User = NT AUTHORITY\SYSTEM; ClientProcessId = 8056; Component = Unknown; Operation = Start IWbemServices::ExecQuery - root\cimv2 : SELECT * FROM Win32_ComputerSystemProduct; ResultCode = 0x80041032; PossibleCause = Unknown"
"5/23/2026 5:06:35 PM","5857","Information","Microsoft-Windows-WMI-Activity","deploymentprovider provider started with result code 0x0. HostProcess = wmiprvse.exe; ProcessID = 7416; ProviderPath = %systemroot%\system32\wbem\ServerManager.DeploymentProvider.dll"
"5/23/2026 5:06:32 PM","5857","Information","Microsoft-Windows-WMI-Activity","nettcpip provider started with result code 0x0. HostProcess = wmiprvse.exe; ProcessID = 5032; ProviderPath = %systemroot%\system32\wbem\NetTCPIP.dll"
"5/23/2026 5:06:32 PM","5857","Information","Microsoft-Windows-WMI-Activity","NetAdapterCim provider started with result code 0x0. HostProcess = wmiprvse.exe; ProcessID = 7228; ProviderPath = %systemroot%\system32\wbem\NetAdapterCim.dll"
"5/23/2026 5:06:32 PM","5857","Information","Microsoft-Windows-WMI-Activity","mgmtprovider provider started with result code 0x0. HostProcess = wmiprvse.exe; ProcessID = 5032; ProviderPath = %systemroot%\system32\wbem\mgmtprovider.dll"
"5/23/2026 5:05:58 PM","5857","Information","Microsoft-Windows-WMI-Activity","MS_NT_EVENTLOG_PROVIDER provider started with result code 0x0. HostProcess = wmiprvse.exe; ProcessID = 5032; ProviderPath = %systemroot%\system32\wbem\ntevt.dll"
"5/23/2026 5:05:43 PM","5860","Information","Microsoft-Windows-WMI-Activity","Namespace = ROOT\CIMV2; NotificationQuery = SELECT * FROM Win32_ProcessStartTrace WHERE ProcessName = 'wsmprovhost.exe'; UserName = NT AUTHORITY\SYSTEM; ClientProcessID = 5992, ClientMachine = DC; PossibleCause = Temporary"
"5/23/2026 5:05:43 PM","5857","Information","Microsoft-Windows-WMI-Activity","WMI Kernel Trace Event Provider provider started with result code 0x0. HostProcess = wmiprvse.exe; ProcessID = 3200; ProviderPath = C:\Windows\System32\wbem\krnlprov.dll"
"5/23/2026 5:05:43 PM","5859","Information","Microsoft-Windows-WMI-Activity","Namespace = //./root/CIMV2; NotificationQuery = select * from MSFT_SCMEventLogEvent; OwnerName = S-1-5-32-544; HostProcessID = 3200;  Provider= SCM Event Provider, queryID = 0; PossibleCause = Permanent"
"5/23/2026 5:05:43 PM","5861","Information","Microsoft-Windows-WMI-Activity","Namespace = //./root/subscription; Eventfilter = SCM Event Log Filter (refer to its activate eventid:5859); Consumer = NTEventLogEventConsumer=""SCM Event Log Consumer""; PossibleCause = Binding EventFilter: 
instance of __EventFilter
{
	CreatorSID = {1, 2, 0, 0, 0, 0, 0, 5, 32, 0, 0, 0, 32, 2, 0, 0};
	EventNamespace = ""root\\cimv2"";
	Name = ""SCM Event Log Filter"";
	Query = ""select * from MSFT_SCMEventLogEvent"";
	QueryLanguage = ""WQL"";
};
Perm. Consumer: 
instance of NTEventLogEventConsumer
{
	Category = 0;
	CreatorSID = {1, 2, 0, 0, 0, 0, 0, 5, 32, 0, 0, 0, 32, 2, 0, 0};
	EventType = 1;
	Name = ""SCM Event Log Consumer"";
	NameOfUserSIDProperty = ""sid"";
	SourceName = ""Service Control Manager"";
};
"
"5/23/2026 5:05:41 PM","5858","Error","Microsoft-Windows-WMI-Activity","Id = {00000000-0000-0000-0000-000000000000}; ClientMachine = DC; User = NT AUTHORITY\NETWORK SERVICE; ClientProcessId = 5768; Component = Unknown; Operation = Start IWbemServices::ExecQuery - ROOT\CIMV2 : SELECT Manufacturer, Product FROM Win32_BaseBoard; ResultCode = 0x80041032; PossibleCause = Unknown"
"5/23/2026 5:05:41 PM","5857","Information","Microsoft-Windows-WMI-Activity","CIMWin32a provider started with result code 0x0. HostProcess = wmiprvse.exe; ProcessID = 5032; ProviderPath = %systemroot%\system32\wbem\wmipcima.dll"
"5/23/2026 5:05:37 PM","5857","Information","Microsoft-Windows-WMI-Activity","WmiPerfClass provider started with result code 0x0. HostProcess = wmiprvse.exe; ProcessID = 5024; ProviderPath = C:\Windows\System32\wbem\WmiPerfClass.dll"
"5/23/2026 5:05:14 PM","5858","Error","Microsoft-Windows-WMI-Activity","Id = {00000000-0000-0000-0000-000000000000}; ClientMachine = DC; User = NT AUTHORITY\SYSTEM; ClientProcessId = 4084; Component = Unknown; Operation = Start IWbemServices::CreateInstanceEnum - root\wmi : MSiSCSI_PortalInfoClass; ResultCode = 0x8004100C; PossibleCause = Unknown"
"5/23/2026 5:05:14 PM","5858","Error","Microsoft-Windows-WMI-Activity","Id = {00000000-0000-0000-0000-000000000000}; ClientMachine = DC; User = NT AUTHORITY\SYSTEM; ClientProcessId = 4084; Component = Unknown; Operation = Start IWbemServices::CreateInstanceEnum - root\wmi : MS_SM_AdapterInformationQuery; ResultCode = 0x8004100C; PossibleCause = Unknown"
"5/23/2026 5:05:14 PM","5857","Information","Microsoft-Windows-WMI-Activity","WMIProv provider started with result code 0x0. HostProcess = wmiprvse.exe; ProcessID = 5024; ProviderPath = %systemroot%\system32\wbem\wmiprov.dll"
"5/23/2026 5:05:14 PM","5857","Information","Microsoft-Windows-WMI-Activity","CIMWin32 provider started with result code 0x0. HostProcess = wmiprvse.exe; ProcessID = 5032; ProviderPath = %systemroot%\system32\wbem\cimwin32.dll"
"5/23/2026 5:02:07 PM","5857","Information","Microsoft-Windows-WMI-Activity","deploymentprovider provider started with result code 0x0. HostProcess = wmiprvse.exe; ProcessID = 5304; ProviderPath = %systemroot%\system32\wbem\ServerManager.DeploymentProvider.dll"
"5/23/2026 5:02:05 PM","5857","Information","Microsoft-Windows-WMI-Activity","nettcpip provider started with result code 0x0. HostProcess = wmiprvse.exe; ProcessID = 4760; ProviderPath = %systemroot%\system32\wbem\NetTCPIP.dll"
"5/23/2026 5:02:05 PM","5857","Information","Microsoft-Windows-WMI-Activity","NetAdapterCim provider started with result code 0x0. HostProcess = wmiprvse.exe; ProcessID = 2464; ProviderPath = %systemroot%\system32\wbem\NetAdapterCim.dll"
"5/23/2026 5:02:05 PM","5857","Information","Microsoft-Windows-WMI-Activity","mgmtprovider provider started with result code 0x0. HostProcess = wmiprvse.exe; ProcessID = 4760; ProviderPath = %systemroot%\system32\wbem\mgmtprovider.dll"
"5/23/2026 5:00:38 PM","5857","Information","Microsoft-Windows-WMI-Activity","ScheduledTaskProv provider started with result code 0x0. HostProcess = wmiprvse.exe; ProcessID = 4760; ProviderPath = %SYSTEMROOT%\System32\wbem\schedprov.dll"
"5/23/2026 5:00:06 PM","5857","Information","Microsoft-Windows-WMI-Activity","ScheduledTaskProv provider started with result code 0x0. HostProcess = wmiprvse.exe; ProcessID = 4760; ProviderPath = %SYSTEMROOT%\System32\wbem\schedprov.dll"
"5/23/2026 4:58:31 PM","5857","Information","Microsoft-Windows-WMI-Activity","ScheduledTaskProv provider started with result code 0x0. HostProcess = wmiprvse.exe; ProcessID = 4760; ProviderPath = %SYSTEMROOT%\System32\wbem\schedprov.dll"
"5/23/2026 4:55:19 PM","5857","Information","Microsoft-Windows-WMI-Activity","ScheduledTaskProv provider started with result code 0x0. HostProcess = wmiprvse.exe; ProcessID = 4760; ProviderPath = %SYSTEMROOT%\System32\wbem\schedprov.dll"
"5/23/2026 4:54:04 PM","5857","Information","Microsoft-Windows-WMI-Activity","ScheduledTaskProv provider started with result code 0x0. HostProcess = wmiprvse.exe; ProcessID = 4760; ProviderPath = %SYSTEMROOT%\System32\wbem\schedprov.dll"
"5/23/2026 4:52:07 PM","5857","Information","Microsoft-Windows-WMI-Activity","deploymentprovider provider started with result code 0x0. HostProcess = wmiprvse.exe; ProcessID = 1340; ProviderPath = %systemroot%\system32\wbem\ServerManager.DeploymentProvider.dll"
"5/23/2026 4:52:05 PM","5857","Information","Microsoft-Windows-WMI-Activity","nettcpip provider started with result code 0x0. HostProcess = wmiprvse.exe; ProcessID = 4760; ProviderPath = %systemroot%\system32\wbem\NetTCPIP.dll"
"5/23/2026 4:52:05 PM","5857","Information","Microsoft-Windows-WMI-Activity","NetAdapterCim provider started with result code 0x0. HostProcess = wmiprvse.exe; ProcessID = 7284; ProviderPath = %systemroot%\system32\wbem\NetAdapterCim.dll"
"5/23/2026 4:52:05 PM","5857","Information","Microsoft-Windows-WMI-Activity","mgmtprovider provider started with result code 0x0. HostProcess = wmiprvse.exe; ProcessID = 4760; ProviderPath = %systemroot%\system32\wbem\mgmtprovider.dll"
"5/23/2026 4:42:07 PM","5857","Information","Microsoft-Windows-WMI-Activity","deploymentprovider provider started with result code 0x0. HostProcess = wmiprvse.exe; ProcessID = 616; ProviderPath = %systemroot%\system32\wbem\ServerManager.DeploymentProvider.dll"
"5/23/2026 4:42:05 PM","5857","Information","Microsoft-Windows-WMI-Activity","nettcpip provider started with result code 0x0. HostProcess = wmiprvse.exe; ProcessID = 4760; ProviderPath = %systemroot%\system32\wbem\NetTCPIP.dll"
"5/23/2026 4:42:05 PM","5857","Information","Microsoft-Windows-WMI-Activity","NetAdapterCim provider started with result code 0x0. HostProcess = wmiprvse.exe; ProcessID = 5960; ProviderPath = %systemroot%\system32\wbem\NetAdapterCim.dll"
"5/23/2026 4:42:05 PM","5857","Information","Microsoft-Windows-WMI-Activity","mgmtprovider provider started with result code 0x0. HostProcess = wmiprvse.exe; ProcessID = 4760; ProviderPath = %systemroot%\system32\wbem\mgmtprovider.dll"
"5/23/2026 4:33:44 PM","5857","Information","Microsoft-Windows-WMI-Activity","WMIProv provider started with result code 0x0. HostProcess = wmiprvse.exe; ProcessID = 3492; ProviderPath = %systemroot%\system32\wbem\wmiprov.dll"
"5/23/2026 4:32:33 PM","5858","Error","Microsoft-Windows-WMI-Activity","Id = {00000000-0000-0000-0000-000000000000}; ClientMachine = DC; User = NT AUTHORITY\SYSTEM; ClientProcessId = 1428; Component = Unknown; Operation = Start IWbemServices::ExecQuery - root\cimv2 : SELECT FreeSpace FROM Win32_LogicalDisk WHERE DeviceId = ""C:""; ResultCode = 0x80041032; PossibleCause = Unknown"
"5/23/2026 4:32:33 PM","5858","Error","Microsoft-Windows-WMI-Activity","Id = {00000000-0000-0000-0000-000000000000}; ClientMachine = DC; User = NT AUTHORITY\SYSTEM; ClientProcessId = 1428; Component = Unknown; Operation = Start IWbemServices::ExecQuery - ROOT\CIMV2 : SELECT State FROM Win32_Service; ResultCode = 0x80041032; PossibleCause = Unknown"
"5/23/2026 4:32:33 PM","5857","Information","Microsoft-Windows-WMI-Activity","Win32_WIN32_TERMINALSERVICE_Prov provider started with result code 0x0. HostProcess = wmiprvse.exe; ProcessID = 4760; ProviderPath = %SystemRoot%\system32\tscfgwmi.dll"
"5/23/2026 4:32:30 PM","5857","Information","Microsoft-Windows-WMI-Activity","Microsoft|DSLDAPInstanceProvider|V1.0 provider started with result code 0x0. HostProcess = wmiprvse.exe; ProcessID = 4760; ProviderPath = %systemroot%\system32\wbem\dsprov.dll"
"5/23/2026 4:32:30 PM","5857","Information","Microsoft-Windows-WMI-Activity","Microsoft|DSLDAPClassProvider|V1.0 provider started with result code 0x0. HostProcess = wmiprvse.exe; ProcessID = 4760; ProviderPath = %systemroot%\system32\wbem\dsprov.dll"
"5/23/2026 4:32:07 PM","5857","Information","Microsoft-Windows-WMI-Activity","deploymentprovider provider started with result code 0x0. HostProcess = wmiprvse.exe; ProcessID = 7256; ProviderPath = %systemroot%\system32\wbem\ServerManager.DeploymentProvider.dll"
"5/23/2026 4:32:05 PM","5857","Information","Microsoft-Windows-WMI-Activity","nettcpip provider started with result code 0x0. HostProcess = wmiprvse.exe; ProcessID = 4760; ProviderPath = %systemroot%\system32\wbem\NetTCPIP.dll"
"5/23/2026 4:32:05 PM","5857","Information","Microsoft-Windows-WMI-Activity","NetAdapterCim provider started with result code 0x0. HostProcess = wmiprvse.exe; ProcessID = 7788; ProviderPath = %systemroot%\system32\wbem\NetAdapterCim.dll"
"5/23/2026 4:32:05 PM","5857","Information","Microsoft-Windows-WMI-Activity","mgmtprovider provider started with result code 0x0. HostProcess = wmiprvse.exe; ProcessID = 4760; ProviderPath = %systemroot%\system32\wbem\mgmtprovider.dll"
"5/23/2026 4:30:57 PM","5857","Information","Microsoft-Windows-WMI-Activity","CIMWin32a provider started with result code 0x0. HostProcess = wmiprvse.exe; ProcessID = 4760; ProviderPath = %systemroot%\system32\wbem\wmipcima.dll"
"5/23/2026 4:22:07 PM","5857","Information","Microsoft-Windows-WMI-Activity","deploymentprovider provider started with result code 0x0. HostProcess = wmiprvse.exe; ProcessID = 3052; ProviderPath = %systemroot%\system32\wbem\ServerManager.DeploymentProvider.dll"
"5/23/2026 4:22:05 PM","5857","Information","Microsoft-Windows-WMI-Activity","nettcpip provider started with result code 0x0. HostProcess = wmiprvse.exe; ProcessID = 4760; ProviderPath = %systemroot%\system32\wbem\NetTCPIP.dll"
"5/23/2026 4:22:05 PM","5857","Information","Microsoft-Windows-WMI-Activity","NetAdapterCim provider started with result code 0x0. HostProcess = wmiprvse.exe; ProcessID = 7572; ProviderPath = %systemroot%\system32\wbem\NetAdapterCim.dll"
"5/23/2026 4:22:05 PM","5857","Information","Microsoft-Windows-WMI-Activity","mgmtprovider provider started with result code 0x0. HostProcess = wmiprvse.exe; ProcessID = 4760; ProviderPath = %systemroot%\system32\wbem\mgmtprovider.dll"
"5/23/2026 4:19:36 PM","5857","Information","Microsoft-Windows-WMI-Activity","WMIProv provider started with result code 0x0. HostProcess = wmiprvse.exe; ProcessID = 3492; ProviderPath = %systemroot%\system32\wbem\wmiprov.dll"
"5/23/2026 4:12:56 PM","5857","Information","Microsoft-Windows-WMI-Activity","CIMWin32a provider started with result code 0x0. HostProcess = wmiprvse.exe; ProcessID = 4760; ProviderPath = %systemroot%\system32\wbem\wmipcima.dll"
"5/23/2026 4:12:07 PM","5857","Information","Microsoft-Windows-WMI-Activity","deploymentprovider provider started with result code 0x0. HostProcess = wmiprvse.exe; ProcessID = 3052; ProviderPath = %systemroot%\system32\wbem\ServerManager.DeploymentProvider.dll"
"5/23/2026 4:12:05 PM","5857","Information","Microsoft-Windows-WMI-Activity","nettcpip provider started with result code 0x0. HostProcess = wmiprvse.exe; ProcessID = 4760; ProviderPath = %systemroot%\system32\wbem\NetTCPIP.dll"
"5/23/2026 4:12:05 PM","5857","Information","Microsoft-Windows-WMI-Activity","NetAdapterCim provider started with result code 0x0. HostProcess = wmiprvse.exe; ProcessID = 3996; ProviderPath = %systemroot%\system32\wbem\NetAdapterCim.dll"
"5/23/2026 4:12:05 PM","5857","Information","Microsoft-Windows-WMI-Activity","mgmtprovider provider started with result code 0x0. HostProcess = wmiprvse.exe; ProcessID = 4760; ProviderPath = %systemroot%\system32\wbem\mgmtprovider.dll"
"5/23/2026 4:09:15 PM","5857","Information","Microsoft-Windows-WMI-Activity","WMIProv provider started with result code 0x0. HostProcess = wmiprvse.exe; ProcessID = 3492; ProviderPath = %systemroot%\system32\wbem\wmiprov.dll"
"5/23/2026 4:03:17 PM","5858","Error","Microsoft-Windows-WMI-Activity","Id = {00000000-0000-0000-0000-000000000000}; ClientMachine = DC; User = NT AUTHORITY\SYSTEM; ClientProcessId = 8180; Component = Unknown; Operation = Start IWbemServices::ExecQuery - root\cimv2 : SELECT * FROM Win32_ComputerSystem; ResultCode = 0x80041032; PossibleCause = Unknown"
"5/23/2026 4:03:15 PM","5858","Error","Microsoft-Windows-WMI-Activity","Id = {00000000-0000-0000-0000-000000000000}; ClientMachine = DC; User = NT AUTHORITY\SYSTEM; ClientProcessId = 8180; Component = Unknown; Operation = Start IWbemServices::ExecQuery - root\cimv2 : SELECT * FROM Win32_OperatingSystem; ResultCode = 0x80041032; PossibleCause = Unknown"
"5/23/2026 4:02:29 PM","5859","Information","Microsoft-Windows-WMI-Activity","Namespace = //./root/CIMV2; NotificationQuery = select * from MSFT_SCMEventLogEvent; OwnerName = S-1-5-32-544; HostProcessID = 3260;  Provider= SCM Event Provider, queryID = 0; PossibleCause = Permanent"
"5/23/2026 4:02:29 PM","5861","Information","Microsoft-Windows-WMI-Activity","Namespace = //./root/subscription; Eventfilter = SCM Event Log Filter (refer to its activate eventid:5859); Consumer = NTEventLogEventConsumer=""SCM Event Log Consumer""; PossibleCause = Binding EventFilter: 
instance of __EventFilter
{
	CreatorSID = {1, 2, 0, 0, 0, 0, 0, 5, 32, 0, 0, 0, 32, 2, 0, 0};
	EventNamespace = ""root\\cimv2"";
	Name = ""SCM Event Log Filter"";
	Query = ""select * from MSFT_SCMEventLogEvent"";
	QueryLanguage = ""WQL"";
};
Perm. Consumer: 
instance of NTEventLogEventConsumer
{
	Category = 0;
	CreatorSID = {1, 2, 0, 0, 0, 0, 0, 5, 32, 0, 0, 0, 32, 2, 0, 0};
	EventType = 1;
	Name = ""SCM Event Log Consumer"";
	NameOfUserSIDProperty = ""sid"";
	SourceName = ""Service Control Manager"";
};
"
"5/23/2026 4:02:09 PM","5857","Information","Microsoft-Windows-WMI-Activity","deploymentprovider provider started with result code 0x0. HostProcess = wmiprvse.exe; ProcessID = 6140; ProviderPath = %systemroot%\system32\wbem\ServerManager.DeploymentProvider.dll"
"5/23/2026 4:02:05 PM","5857","Information","Microsoft-Windows-WMI-Activity","nettcpip provider started with result code 0x0. HostProcess = wmiprvse.exe; ProcessID = 4760; ProviderPath = %systemroot%\system32\wbem\NetTCPIP.dll"
"5/23/2026 4:02:05 PM","5857","Information","Microsoft-Windows-WMI-Activity","NetAdapterCim provider started with result code 0x0. HostProcess = wmiprvse.exe; ProcessID = 2672; ProviderPath = %systemroot%\system32\wbem\NetAdapterCim.dll"
"5/23/2026 4:02:05 PM","5857","Information","Microsoft-Windows-WMI-Activity","mgmtprovider provider started with result code 0x0. HostProcess = wmiprvse.exe; ProcessID = 4760; ProviderPath = %systemroot%\system32\wbem\mgmtprovider.dll"
"5/23/2026 4:01:59 PM","5858","Error","Microsoft-Windows-WMI-Activity","Id = {20650CF2-55C0-45A0-9CAC-B8E8E3FDDA9C}; ClientMachine = DC; User = NT AUTHORITY\SYSTEM; ClientProcessId = 1544; Component = Unknown; Operation = Start IWbemServices::DeleteInstance - Root\Rsop\User\S_1_5_21_365932789_2848835602_3476675013_500 : RSOP_ExtensionStatus.extensionGuid=""{FB2CA36D-0B40-4307-821B-A13B252DE56C}""; ResultCode = 0x80041002; PossibleCause = Unknown"
"5/23/2026 4:01:59 PM","5858","Error","Microsoft-Windows-WMI-Activity","Id = {20650CF2-55C0-45A0-9CAC-B8E8E3FDDA9C}; ClientMachine = DC; User = NT AUTHORITY\SYSTEM; ClientProcessId = 1544; Component = Unknown; Operation = Start IWbemServices::DeleteInstance - Root\Rsop\User\S_1_5_21_365932789_2848835602_3476675013_500 : RSOP_ExtensionStatus.extensionGuid=""{F9C77450-3A41-477E-9310-9ACD617BD9E3}""; ResultCode = 0x80041002; PossibleCause = Unknown"
"5/23/2026 4:01:59 PM","5858","Error","Microsoft-Windows-WMI-Activity","Id = {20650CF2-55C0-45A0-9CAC-B8E8E3FDDA9C}; ClientMachine = DC; User = NT AUTHORITY\SYSTEM; ClientProcessId = 1544; Component = Unknown; Operation = Start IWbemServices::DeleteInstance - Root\Rsop\User\S_1_5_21_365932789_2848835602_3476675013_500 : RSOP_ExtensionStatus.extensionGuid=""{E62688F0-25FD-4c90-BFF5-F508B9D2E31F}""; ResultCode = 0x80041002; PossibleCause = Unknown"
"5/23/2026 4:01:59 PM","5858","Error","Microsoft-Windows-WMI-Activity","Id = {20650CF2-55C0-45A0-9CAC-B8E8E3FDDA9C}; ClientMachine = DC; User = NT AUTHORITY\SYSTEM; ClientProcessId = 1544; Component = Unknown; Operation = Start IWbemServices::DeleteInstance - Root\Rsop\User\S_1_5_21_365932789_2848835602_3476675013_500 : RSOP_ExtensionStatus.extensionGuid=""{E5094040-C46C-4115-B030-04FB2E545B00}""; ResultCode = 0x80041002; PossibleCause = Unknown"
"5/23/2026 4:01:59 PM","5858","Error","Microsoft-Windows-WMI-Activity","Id = {20650CF2-55C0-45A0-9CAC-B8E8E3FDDA9C}; ClientMachine = DC; User = NT AUTHORITY\SYSTEM; ClientProcessId = 1544; Component = Unknown; Operation = Start IWbemServices::DeleteInstance - Root\Rsop\User\S_1_5_21_365932789_2848835602_3476675013_500 : RSOP_ExtensionStatus.extensionGuid=""{E4F48E54-F38D-4884-BFB9-D4D2E5729C18}""; ResultCode = 0x80041002; PossibleCause = Unknown"
