"6/2/2026 7:04:54 AM","1023","Error","Microsoft-Windows-Perflib","Windows cannot load the extensible counter DLL ""C:\Windows\system32\ntdsperf.dll"" (Win32 error code The specified module could not be found.)."
"6/2/2026 7:04:54 AM","17137","Information","MSSQL$SQLEXPRESS","Starting up database 'tempdb'."
"6/2/2026 7:04:54 AM","17136","Information","MSSQL$SQLEXPRESS","Clearing tempdb database."
"6/2/2026 7:04:54 AM","26067","Information","MSSQL$SQLEXPRESS","The SQL Server Network Interface library could not register the Service Principal Name (SPN) [ MSSQLSvc/dc.scaffold.htb:52951 ] for the SQL Server service. Windows return code: 0x2098, state: 15. Failure to register a SPN might cause integrated authentication to use NTLM instead of Kerberos. This is an informational message. Further action is only required if Kerberos authentication is required by authentication policies and if the SPN has not been manually registered."
"6/2/2026 7:04:54 AM","26067","Information","MSSQL$SQLEXPRESS","The SQL Server Network Interface library could not register the Service Principal Name (SPN) [ MSSQLSvc/dc.scaffold.htb:SQLEXPRESS ] for the SQL Server service. Windows return code: 0x2098, state: 15. Failure to register a SPN might cause integrated authentication to use NTLM instead of Kerberos. This is an informational message. Further action is only required if Kerberos authentication is required by authentication policies and if the SPN has not been manually registered."
"6/2/2026 7:04:54 AM","26076","Information","MSSQL$SQLEXPRESS","SQL Server is attempting to register a Service Principal Name (SPN) for the SQL Server service. Kerberos authentication will not be possible until a SPN is registered for the SQL Server service. This is an informational message. No user action is required."
"6/2/2026 7:04:54 AM","17126","Information","MSSQL$SQLEXPRESS","SQL Server is now ready for client connections. This is an informational message; no user action is required."
"6/2/2026 7:04:54 AM","17199","Information","MSSQL$SQLEXPRESS","Dedicated administrator connection support was not started because it is disabled on this edition of SQL Server. If you want to use a dedicated administrator connection, restart SQL Server using the trace flag 7806. This is an informational message only. No user action is required."
"6/2/2026 7:04:54 AM","26048","Information","MSSQL$SQLEXPRESS","Server local connection provider is ready to accept connection on [ \\.\pipe\MSSQL$SQLEXPRESS\sql\query ]."
"6/2/2026 7:04:54 AM","26048","Information","MSSQL$SQLEXPRESS","Server local connection provider is ready to accept connection on [ \\.\pipe\SQLLocal\SQLEXPRESS ]."
"6/2/2026 7:04:54 AM","26022","Information","MSSQL$SQLEXPRESS","Server is listening on [ 'any' <ipv4> 52951]."
"6/2/2026 7:04:54 AM","26022","Information","MSSQL$SQLEXPRESS","Server is listening on [ 'any' <ipv6> 52951]."
"6/2/2026 7:04:54 AM","26018","Information","MSSQL$SQLEXPRESS","A self-generated certificate was successfully loaded for encryption."
"6/2/2026 7:04:54 AM","17137","Information","MSSQL$SQLEXPRESS","Starting up database 'model'."
"6/2/2026 7:04:54 AM","958","Information","MSSQL$SQLEXPRESS","The resource database build version is 15.00.2000. This is an informational message only. No user action is required."
"6/2/2026 7:04:54 AM","17137","Information","MSSQL$SQLEXPRESS","Starting up database 'mssqlsystemresource'."
"6/2/2026 7:04:54 AM","17137","Information","MSSQL$SQLEXPRESS","Starting up database 'msdb'."
"6/2/2026 7:04:54 AM","17663","Information","MSSQL$SQLEXPRESS","Server name is 'DC\SQLEXPRESS'. This is an informational message only. No user action is required."
"6/2/2026 7:04:54 AM","19030","Information","MSSQL$SQLEXPRESS","SQL Trace ID 1 was started by login ""sa""."
"6/2/2026 7:04:54 AM","33218","Information","MSSQL$SQLEXPRESS","SQL Server Audit has started the audits. This is an informational message. No user action is required."
"6/2/2026 7:04:54 AM","33217","Information","MSSQL$SQLEXPRESS","SQL Server Audit is starting the audits. This is an informational message. No user action is required."
"6/2/2026 7:04:54 AM","6253","Information","MSSQL$SQLEXPRESS","Common language runtime (CLR) functionality initialized using CLR version v4.0.30319 from C:\Windows\Microsoft.NET\Framework64\v4.0.30319\."
"6/2/2026 7:04:54 AM","1704","Information","SceCli","Security policy in the Group policy objects has been applied successfully."
"6/2/2026 7:04:54 AM","17137","Information","MSSQL$SQLEXPRESS","Starting up database 'master'."
"6/2/2026 7:04:54 AM","49910","Information","MSSQL$SQLEXPRESS","Software Usage Metrics is disabled."
"6/2/2026 7:04:54 AM","9048","Information","MSSQL$SQLEXPRESS","clwb is selected for pmem flush operation."
"6/2/2026 7:04:54 AM","49921","Information","MSSQL$SQLEXPRESS","Total Log Writer threads: 1. This is an informational message; no user action is required."
"6/2/2026 7:04:54 AM","17118","Information","MSSQL$SQLEXPRESS","Database Instant File Initialization: disabled. For security and performance considerations see the topic 'Database Instant File Initialization' in SQL Server Books Online. This is an informational message only. No user action is required."
"6/2/2026 7:04:53 AM","17125","Information","MSSQL$SQLEXPRESS","Using dynamic lock allocation.  Initial allocation of 2500 Lock blocks and 5000 Lock Owner blocks per node.  This is an informational message only.  No user action is required."
"6/2/2026 7:04:53 AM","17152","Information","MSSQL$SQLEXPRESS","Node configuration: node 0: CPU mask: 0x0000000000000003:0 Active CPU mask: 0x0000000000000003:0. This message provides a description of the NUMA configuration for this computer. This is an informational message only. No user action is required."
"6/2/2026 7:04:53 AM","17176","Information","MSSQL$SQLEXPRESS","This instance of SQL Server last reported using a process ID of 748 at 6/1/2026 11:48:56 AM (local) 6/1/2026 6:48:56 PM (UTC). This is an informational message only; no user action is required."
"6/2/2026 7:04:53 AM","17811","Information","MSSQL$SQLEXPRESS","The maximum number of dedicated administrator connections for this instance is '1'"
"6/2/2026 7:04:53 AM","903","Information","Microsoft-Windows-Security-SPP","The Software Protection service has stopped.
"
"6/2/2026 7:04:53 AM","16384","Information","Microsoft-Windows-Security-SPP","Successfully scheduled Software Protection service for re-start at 2026-06-03T14:03:53Z. Reason: TBL."
"6/2/2026 7:04:53 AM","26","Information","Microsoft-Windows-CertificationAuthority","Active Directory Certificate Services for scaffold-DC-CA was started.  DC=dc.scaffold.htb"
"6/2/2026 7:04:53 AM","873","Information","MSSQL$SQLEXPRESS","Buffer pool extension is already disabled. No action is necessary."
"6/2/2026 7:04:53 AM","9027","Information","Desktop Window Manager","The Desktop Window Manager has registered the session port."
"6/2/2026 7:04:53 AM","49917","Information","MSSQL$SQLEXPRESS","Default collation: SQL_Latin1_General_CP1_CI_AS (us_english 1033)"
"6/2/2026 7:04:53 AM","894","Information","MSSQL$SQLEXPRESS","Buffer Pool: Allocating 1048576 bytes for 568436 hashPages."
"6/2/2026 7:04:53 AM","852","Information","MSSQL$SQLEXPRESS","Using conventional memory in the memory manager."
"6/2/2026 7:04:53 AM","49903","Information","MSSQL$SQLEXPRESS","Detected 4095 MB of RAM. This is an informational message; no user action is required."
"6/2/2026 7:04:53 AM","17162","Information","MSSQL$SQLEXPRESS","SQL Server is starting at normal priority base (=7). This is an informational message only. No user action is required."
"6/2/2026 7:04:53 AM","17164","Information","MSSQL$SQLEXPRESS","SQL Server detected 2 sockets with 2 cores per socket and 2 logical processors per socket, 4 total logical processors; using 2 logical processors based on SQL Server licensing. This is an informational message; no user action is required."
"6/2/2026 7:04:53 AM","17115","Information","MSSQL$SQLEXPRESS","Command Line Startup Parameters:
	 -s ""SQLEXPRESS"""
"6/2/2026 7:04:53 AM","17110","Information","MSSQL$SQLEXPRESS","Registry startup parameters: 
	 -d C:\Program Files\Microsoft SQL Server\MSSQL15.SQLEXPRESS\MSSQL\DATA\master.mdf
	 -e C:\Program Files\Microsoft SQL Server\MSSQL15.SQLEXPRESS\MSSQL\Log\ERRORLOG
	 -l C:\Program Files\Microsoft SQL Server\MSSQL15.SQLEXPRESS\MSSQL\DATA\mastlog.ldf"
"6/2/2026 7:04:53 AM","49904","Information","MSSQL$SQLEXPRESS","The service account is 'NT Service\MSSQL$SQLEXPRESS'. This is an informational message; no user action is required."
"6/2/2026 7:04:53 AM","17111","Information","MSSQL$SQLEXPRESS","Logging SQL Server messages in file 'C:\Program Files\Microsoft SQL Server\MSSQL15.SQLEXPRESS\MSSQL\Log\ERRORLOG'."
"6/2/2026 7:04:53 AM","15268","Information","MSSQL$SQLEXPRESS","Authentication mode is MIXED."
"6/2/2026 7:04:53 AM","18496","Information","MSSQL$SQLEXPRESS","System Manufacturer: 'VMware, Inc.', System Model: 'VMware20,1'."
"6/2/2026 7:04:53 AM","17104","Information","MSSQL$SQLEXPRESS","Server process ID is 5468."
"6/2/2026 7:04:53 AM","17103","Information","MSSQL$SQLEXPRESS","All rights reserved."
"6/2/2026 7:04:53 AM","17101","Information","MSSQL$SQLEXPRESS","(c) Microsoft Corporation."
"6/2/2026 7:04:53 AM","49916","Information","MSSQL$SQLEXPRESS","UTC adjustment: -7:00"
"6/2/2026 7:04:53 AM","17069","Information","MSSQL$SQLEXPRESS","Microsoft SQL Server 2019 (RTM) - 15.0.2000.5 (X64) 
	Sep 24 2019 13:48:23 
	Copyright (C) 2019 Microsoft Corporation
	Express Edition (64-bit) on Windows Server 2022 Standard Evaluation 10.0 <X64> (Build 20348: ) (Hypervisor)
"
"6/2/2026 7:04:53 AM","325","Information","ESENT","DFSRs (3060,D,35) \\.\C:\System Volume Information\DFSR\database_D030_CE70_30CE_5D5A\dfsr.db: The database engine created a new database (1, \\.\C:\System Volume Information\DFSR\database_D030_CE70_30CE_5D5A\dfsr.db). (Time=0 seconds) 
 
Additional Data: lgposCreate = 00000001:0001:0268,
dbv = 1568.180.400 (9360) 
 
Internal Timing Sequence: 
[1] 0.000087 +J(0) +M(C:0K, Fs:5, WS:20K # 0K, PF:8K # 0K, P:8K)
[2] 0.000466 -0.000069 (1) WT +J(CM:0, PgRf:0, Rd:0/0, Dy:0/0, Lg:3480/2) +M(C:0K, Fs:4, WS:16K # 0K, PF:0K # 0K, P:0K)
[3] 0.006024 -0.000002 (2) WT +J(0) +M(C:0K, Fs:11, WS:36K # 0K, PF:20K # 0K, P:20K)
[4] 0.000214 +J(0) +M(C:0K, Fs:1, WS:4K # 0K, PF:0K # 0K, P:0K)
[5] 0.001805 -0.001063 (3) WT +J(CM:0, PgRf:3, Rd:0/0, Dy:3/6, Lg:122/4) +M(C:0K, Fs:40, WS:152K # 0K, PF:244K # 0K, P:244K)
[6] 0.000980 -0.000132 (2) WT +J(CM:0, PgRf:209, Rd:0/0, Dy:12/408, Lg:24454/447) +M(C:0K, Fs:76, WS:304K # 0K, PF:224K # 0K, P:224K)
[7] 0.000601 -0.000243 (3) WT +J(CM:0, PgRf:0, Rd:0/0, Dy:0/0, Lg:4096/3) +M(C:0K, Fs:4, WS:8K # 0K, PF:0K # 0K, P:0K)
[8] 0.000001 +J(0)
[9] 0.002517 -0.001870 (3) WT +J(0) +M(C:-52K, Fs:8, WS:-28K # 0K, PF:-52K # 0K, P:-52K)
[10] 0.002482 -0.000534 (5) WT +J(CM:0, PgRf:348, Rd:0/0, Dy:7/93, Lg:12509/130) +M(C:12K, Fs:46, WS:176K # 0K, PF:96K # 0K, P:96K)
[11] 0.000001 +J(0)."
"6/2/2026 7:04:53 AM","326","Information","ESENT","certsrv.exe (3028,D,50) The database engine attached a database (1, C:\Windows\system32\CertLog\scaffold-DC-CA.edb). (Time=0 seconds) 
 
Saved Cache: 0 0 
Additional Data: lgposAttach = 00000004:00C8:0268,
dbv = 1568.180.400 (9360) 
 
Internal Timing Sequence: 
[1] 0.000002 +J(0) +M(C:0K, Fs:1, WS:4K # 0K, PF:0K # 0K, P:0K)
[2] 0.000706 -0.000470 (1) WT +J(0) +M(C:0K, Fs:19, WS:8K # 0K, PF:4K # 0K, P:4K)
[3] 0.005194 -0.002552 (6) WT +J(CM:0, PgRf:0, Rd:0/0, Dy:0/0, Lg:3480/2) +M(C:0K, Fs:24, WS:88K # 0K, PF:120K # 0K, P:120K)
[4] 0.000633 +J(0)
[5] -
[6] -
[7] -
[8] 0.000486 -0.000258 (2) CM -0.000136 (2) WT +J(CM:2, PgRf:2, Rd:14/2, Dy:0/0, Lg:54/1) +M(C:0K, Fs:40, WS:160K # 0K, PF:152K # 0K, P:152K)
[9] 0.001766 -0.001639 (3) CM -0.001498 (3) WT +J(CM:3, PgRf:23, Rd:0/2, Dy:0/0, Lg:0/0) +M(C:0K, Fs:32, WS:128K # 0K, PF:200K # 0K, P:200K)
[10] 0.000311 -0.000205 (1) CM -0.000144 (1) WT +J(CM:1, PgRf:40, Rd:0/1, Dy:0/0, Lg:0/0) +M(C:0K, Fs:5, WS:20K # 0K, PF:64K # 0K, P:64K)
[11] 0.000009 +J(CM:0, PgRf:1, Rd:0/0, Dy:0/0, Lg:0/0) +M(C:0K, Fs:4, WS:16K # 0K, PF:0K # 0K, P:0K)
[12] 0.000029 +J(CM:0, PgRf:42, Rd:0/0, Dy:0/0, Lg:0/0) +M(C:0K, Fs:1, WS:4K # 0K, PF:0K # 0K, P:0K)
[13] 0.0 +J(0)
[14] 0.0 +J(0)
[15] 0.000002 +J(CM:0, PgRf:1, Rd:0/0, Dy:0/0, Lg:0/0)."
"6/2/2026 7:04:53 AM","105","Information","ESENT","DFSRs (3060,D,0) \\.\C:\System Volume Information\DFSR\database_D030_CE70_30CE_5D5A\dfsr.db: The database engine started a new instance (0). (Time=0 seconds) 
 
Additional Data:
  
 
Internal Timing Sequence: 
[1] 0.003735 +J(0) +M(C:0K, Fs:316, WS:1224K # 1224K, PF:6756K # 6744K, P:6756K)
[2] 0.000349 +J(0) +M(C:16K, Fs:105, WS:412K # 412K, PF:352K # 348K, P:352K)
[3] 0.000041 +J(0) +M(C:0K, Fs:3, WS:12K # 12K, PF:64K # 64K, P:64K)
[4] 0.000192 +J(0) +M(C:2032K, Fs:34, WS:128K # 128K, PF:2436K # 2436K, P:2436K)
[5] 0.000834 +J(0) +M(C:0K, Fs:25, WS:100K # 100K, PF:272K # 272K, P:272K)
[6] 0.000842 +J(0) +M(C:0K, Fs:15, WS:60K # 60K, PF:12K # 12K, P:12K)
[7] -
[8] -
[9] -
[10] -
[11] -
[12] -
[13] 0.028108 -0.016445 (22) WT +J(CM:0, PgRf:0, Rd:0/0, Dy:0/0, Lg:616/1) +M(C:0K, Fs:1474, WS:688K # 5792K, PF:-68K # 5060K, P:-68K)
[14] 0.000083 +J(0) +M(C:0K, Fs:1, WS:4K # 0K, PF:0K # 0K, P:0K)
[15] 0.000080 +J(0) +M(C:0K, Fs:65, WS:256K # 0K, PF:68K # 0K, P:68K)
[16] 0.006141 -0.000092 (2) WT +J(0) +M(C:0K, Fs:9, WS:28K # 0K, PF:0K # 0K, P:0K)."
"6/2/2026 7:04:53 AM","105","Information","ESENT","certsrv.exe (3028,D,0) The database engine started a new instance (0). (Time=0 seconds) 
 
Additional Data:
  
 
Internal Timing Sequence: 
[1] 0.000372 +J(0) +M(C:0K, Fs:123, WS:476K # 476K, PF:2492K # 2224K, P:2492K)
[2] 0.000283 +J(0) +M(C:3200K, Fs:145, WS:568K # 568K, PF:3684K # 3684K, P:3684K)
[3] 0.000010 +J(0) +M(C:0K, Fs:6, WS:20K # 20K, PF:68K # 68K, P:68K)
[4] 0.000068 +J(0) +M(C:0K, Fs:28, WS:112K # 112K, PF:512K # 512K, P:512K)
[5] 0.000217 +J(0) +M(C:0K, Fs:45, WS:176K # 176K, PF:492K # 492K, P:492K)
[6] 0.002406 +J(0) +M(C:0K, Fs:63, WS:252K # 252K, PF:16K # 16K, P:16K)
[7] 0.005416 -0.003635 (3) WT +J(0) +M(C:0K, Fs:275, WS:1096K # 1096K, PF:1028K # 1028K, P:1028K)
[8] -
[9] -
[10] -
[11] -
[12] -
[13] 0.009877 -0.001806 (4) WT +J(CM:0, PgRf:0, Rd:0/0, Dy:0/0, Lg:616/1) +M(C:0K, Fs:22, WS:-944K # 72K, PF:-956K # 72K, P:-956K)
[14] 0.000013 +J(0)
[15] 0.000125 +J(0) +M(C:0K, Fs:100, WS:400K # 0K, PF:64K # 0K, P:64K)
[16] 0.000211 -0.000079 (1) WT +J(0) +M(C:0K, Fs:3, WS:4K # 0K, PF:0K # 0K, P:0K)."
"6/2/2026 7:04:53 AM","517","Information","WDSServer","Provider WDSDDPS loaded from C:\Windows\system32\wdsddps.dll and initialized successfully."
"6/2/2026 7:04:53 AM","102","Information","ESENT","certsrv.exe (3028,P,98) The database engine (10.00.20348.0000) is starting a new instance (0)."
"6/2/2026 7:04:53 AM","326","Information","ESENT","svchost (3148,D,50) DDP: The database engine attached a database (3, C:\RemoteInstall\Stores\Drivers\Metadata\DdpDb.mdb). (Time=0 seconds) 
 
Saved Cache: 1 0 
Additional Data: lgposAttach = 00000001:00B5:0268,
dbv = 1568.180.400 (9360) 
 
Internal Timing Sequence: 
[1] 0.000004 +J(0)
[2] 0.000624 -0.000150 (1) WT +J(0) +M(C:0K, Fs:24, WS:32K # 0K, PF:32K # 0K, P:32K)
[3] 0.004275 -0.001898 (6) WT +J(CM:0, PgRf:0, Rd:0/0, Dy:0/0, Lg:3480/2) +M(C:0K, Fs:13, WS:20K # 0K, PF:20K # 0K, P:20K)
[4] 0.000085 +J(0)
[5] -
[6] -
[7] -
[8] 0.000145 +J(CM:0, PgRf:2, Rd:8/0, Dy:0/0, Lg:54/1) +M(C:100K, Fs:50, WS:200K # 0K, PF:120K # 0K, P:120K)
[9] 0.002447 -0.002290 (2) CM -0.002239 (2) WT +J(CM:2, PgRf:16, Rd:0/1, Dy:0/0, Lg:0/0) +M(C:-12K, Fs:9, WS:-40K # 0K, PF:-12K # 0K, P:-12K)
[10] 0.000499 -0.000345 (1) CM -0.000293 (1) WT +J(CM:1, PgRf:35, Rd:0/1, Dy:0/0, Lg:0/0) +M(C:-28K, Fs:8, WS:4K # 0K, PF:-28K # 0K, P:-28K)
[11] 0.000005 +J(CM:0, PgRf:1, Rd:0/0, Dy:0/0, Lg:0/0)
[12] 0.000016 +J(CM:0, PgRf:42, Rd:0/0, Dy:0/0, Lg:0/0)
[13] 0.0 +J(0)
[14] 0.0 +J(0)
[15] 0.000002 +J(CM:0, PgRf:1, Rd:0/0, Dy:0/0, Lg:0/0)."
"6/2/2026 7:04:53 AM","105","Information","ESENT","svchost (3148,D,0) DDP: The database engine started a new instance (1). (Time=0 seconds) 
 
Additional Data:
 lgposV2[] = 00000001:0001:0000 - 00000001:00B2:0319 - 00000001:00B3:0000 - 00000001:00B3:0000 (00000000:0000:0000)
cReInits = 33
 
 
Internal Timing Sequence: 
[1] -
[2] -
[3] 0.000248 +J(0) +M(C:0K, Fs:3, WS:12K # 12K, PF:0K # 0K, P:0K)
[4] 0.000129 +J(0) +M(C:0K, Fs:12, WS:48K # 48K, PF:164K # 0K, P:164K)
[5] 0.000532 +J(0) +M(C:0K, Fs:4, WS:16K # 16K, PF:16K # 0K, P:16K)
[6] 0.001191 +J(0) +M(C:0K, Fs:1, WS:4K # 4K, PF:12K # 0K, P:12K)
[7] 0.007535 -0.004682 (11) WT +J(0) +M(C:0K, Fs:1283, WS:5120K # 5120K, PF:5132K # 4424K, P:5132K)
[8] 0.020968 -0.008496 (51) WT +J(CM:0, PgRf:0, Rd:0/0, Dy:0/0, Lg:721902/1648) +M(C:0K, Fs:844, WS:200K # 244K, PF:72K # 116K, P:72K)
[9] 0.000341 +J(0)
[10] 0.003619 -0.001965 (10) WT +J(0) +M(C:0K, Fs:0, WS:-5116K # 0K, PF:-5128K # 0K, P:-5128K)
[11] 0.000021 +J(CM:0, PgRf:0, Rd:0/0, Dy:0/0, Lg:49/1) +M(C:0K, Fs:1, WS:4K # 0K, PF:0K # 0K, P:0K)
[12] 0.000041 +J(0)
[13] 0.014698 -0.000926 (2) CM -0.006833 (30) WT +J(CM:2, PgRf:2, Rd:0/2, Dy:0/0, Lg:8759/5) +M(C:-56K, Fs:1328, WS:-44K # 0K, PF:-108K # 0K, P:-108K)
[14] 0.000015 +J(0)
[15] 0.000016 +J(0)
[16] 0.000248 -0.000102 (1) WT +J(0) +M(C:0K, Fs:2, WS:0K # 0K, PF:0K # 0K, P:0K)."
"6/2/2026 7:04:53 AM","102","Information","ESENT","DFSRs (3060,P,98) \\.\C:\System Volume Information\DFSR\database_D030_CE70_30CE_5D5A\dfsr.db: The database engine (10.00.20348.0000) is starting a new instance (0)."
"6/2/2026 7:04:53 AM","302","Information","ESENT","svchost (3148,U,98) DDP: The database engine has successfully completed recovery steps."
"6/2/2026 7:04:53 AM","301","Information","ESENT","svchost (3148,R,98) DDP: The database engine has finished replaying logfile C:\RemoteInstall\Stores\Drivers\Metadata\DDP.log. 
 
Processing Stats: 
[1] 0.019186 -0.008083 (48) WT +J(CM:0, PgRf:0, Rd:0/0, Dy:0/0, Lg:721902/1648) +M(C:0K, Fs:809, WS:68K # 112K, PF:64K # 100K, P:64K). 
Log record of type 'Insert   ' was seen most frequently (479 times)"
"6/2/2026 7:04:53 AM","335","Information","ESENT","svchost (3148,R,98) DDP: Replay of a Create for database ""C:\RemoteInstall\Stores\Drivers\Metadata\DdpDb.mdb"" at log position (00000001,0001,0268) was deferred due to AttachFuture.  Additional information:  "
"6/2/2026 7:04:53 AM","300","Information","ESENT","svchost (3148,R,98) DDP: The database engine is initiating recovery steps."
"6/2/2026 7:04:53 AM","102","Information","ESENT","svchost (3148,P,98) DDP: The database engine (10.00.20348.0000) is starting a new instance (1)."
"6/2/2026 7:04:53 AM","517","Information","WDSServer","Provider WDSDCPXE loaded from C:\Windows\system32\wdsdcpxe.dll and initialized successfully."
"6/2/2026 7:04:53 AM","517","Information","WDSServer","Provider WDSDCMGR loaded from C:\Windows\system32\wdsdcmgr.dll and initialized successfully."
"6/2/2026 7:04:24 AM","271","Information","VMUpgradeHelper","Restored network configuration."
"6/2/2026 7:04:23 AM","5617","Information","Microsoft-Windows-WMI","Windows Management Instrumentation Service subsystems initialized successfully"
"6/2/2026 7:04:24 AM","258","Information","VMUpgradeHelper","Restoring network configuration."
"6/2/2026 7:04:23 AM","0","Information","Microsoft Deployment Toolkit Monitor Service","Service started successfully."
"6/2/2026 7:04:23 AM","4202","Information","Microsoft-Windows-MSDTC 2","MSDTC started with the following settings: Security Configuration (OFF = 0 and ON = 1): Allow Remote Administrator = 0, Network Clients = 0, Transaction Manager Communication:  Allow Inbound Transactions = 0, Allow Outbound Transactions = 0, Transaction Internet Protocol (TIP) = 0,  Enable XA Transactions = 0,  Enable SNA LU 6.2 Transactions = 1,  MSDTC Communications Security = Mutual Authentication Required, Account = NT AUTHORITY\NetworkService,  Firewall Exclusion Detected = 0 Transaction Bridge Installed = 0 Filtering Duplicate Events = 1"
"6/2/2026 7:04:23 AM","781","Information","Microsoft-Windows-Complus","The COM+ sub system is suppressing duplicate event log entries for a duration of 86400 seconds.  The suppression timeout can be controlled by a REG_DWORD value named SuppressDuplicateDuration under the following registry key: HKLM\Software\Microsoft\COM3\Eventlog."
"6/2/2026 7:04:23 AM","902","Information","Microsoft-Windows-Security-SPP","The Software Protection service has started.
10.0.20348.587"
"6/2/2026 7:04:23 AM","1037","Information","Microsoft-Windows-Security-SPP","Time-based license remaining validity time 230429 minutes."
"6/2/2026 7:04:23 AM","1003","Information","Microsoft-Windows-Security-SPP","The Software Protection service has completed licensing status check.
Application Id=55c92734-d682-4d71-983e-d6ec3f16059f
Licensing Status=
1: c1a197b6-ba5e-4394-b9bf-b659a6c1b873, 1, 1 [(0 [0x00000000, 1, 0], [(?)( 1 0x00000000)(?)( 2 0x00000000 0 0 msft:rm/algorithm/hwid/4.0 0x00000000 0)(?)( 9 0x00000000 180 230429)( 10 0x00000000 msft:rm/algorithm/flags/1.0)(?)])(1 )(2 )(3 )]

"
"6/2/2026 7:04:23 AM","1040","Information","Microsoft-Windows-Security-SPP","Hardware has changed from previous boot.
 AppId=55c92734-d682-4d71-983e-d6ec3f16059f, SkuId=c1a197b6-ba5e-4394-b9bf-b659a6c1b873."
"6/2/2026 7:04:23 AM","1066","Information","Microsoft-Windows-Security-SPP","Initialization status for service objects.
C:\Windows\system32\sppwinob.dll, msft:spp/windowsfunctionality/agent/7.0, 0x00000000, 0x00000000
C:\Windows\system32\sppobjs.dll, msft:rm/algorithm/inherited/1.0, 0x00000000, 0x00000000
C:\Windows\system32\sppobjs.dll, msft:rm/algorithm/phone/1.0, 0x00000000, 0x00000000
C:\Windows\system32\sppobjs.dll, msft:rm/algorithm/pkey/detect, 0x00000000, 0x00000000
C:\Windows\system32\sppobjs.dll, msft:spp/ActionScheduler/1.0, 0x00000000, 0x00000000
C:\Windows\system32\sppobjs.dll, msft:spp/TaskScheduler/1.0, 0x00000000, 0x00000000
C:\Windows\system32\sppobjs.dll, msft:spp/statecollector/pkey, 0x00000000, 0x00000000
C:\Windows\system32\sppobjs.dll, msft:spp/volume/services/kms/1.0, 0x00000000, 0x00000000
C:\Windows\system32\sppobjs.dll, msft:spp/volume/services/kms/activationinfo/1.0, 0x00000000, 0x00000000
"
"6/2/2026 7:04:23 AM","517","Information","WDSServer","Provider WDSTFTP loaded from C:\Windows\system32\wdstftp.dll and initialized successfully."
"6/2/2026 7:04:23 AM","517","Information","WDSServer","Provider WDSMDMGR loaded from C:\Windows\system32\wdsmdmgr.dll and initialized successfully."
"6/2/2026 7:04:23 AM","326","Information","ESENT","svchost (3148,D,50) WDS: The database engine attached a database (1, C:\RemoteInstall\Stores\Metadata\WDSMD.mdb). (Time=0 seconds) 
 
Saved Cache: 1 0 
Additional Data: lgposAttach = 00000001:007D:0268,
dbv = 1568.180.400 (9360) 
 
Internal Timing Sequence: 
[1] 0.000006 +J(0)
[2] 0.000914 -0.000583 (1) WT +J(0) +M(C:0K, Fs:24, WS:32K # 0K, PF:32K # 0K, P:32K)
[3] 0.009342 -0.007138 (6) WT +J(CM:0, PgRf:0, Rd:0/0, Dy:0/0, Lg:3480/2) +M(C:0K, Fs:14, WS:24K # 0K, PF:20K # 0K, P:20K)
[4] 0.000069 +J(0)
[5] -
[6] -
[7] -
[8] 0.000965 -0.000670 (2) CM -0.000549 (2) WT +J(CM:2, PgRf:2, Rd:4/2, Dy:0/0, Lg:54/1) +M(C:120K, Fs:46, WS:128K # 0K, PF:140K # 0K, P:140K)
[9] 0.002356 -0.001994 (3) CM -0.001844 (3) WT +J(CM:3, PgRf:16, Rd:0/2, Dy:0/0, Lg:0/0) +M(C:-16K, Fs:40, WS:80K # 0K, PF:208K # 0K, P:208K)
[10] 0.000823 -0.000547 (1) CM -0.000480 (1) WT +J(CM:1, PgRf:35, Rd:0/1, Dy:0/0, Lg:0/0) +M(C:-28K, Fs:4, WS:-12K # 0K, PF:36K # 0K, P:36K)
[11] 0.000011 +J(CM:0, PgRf:1, Rd:0/0, Dy:0/0, Lg:0/0) +M(C:0K, Fs:3, WS:12K # 0K, PF:0K # 0K, P:0K)
[12] 0.000018 +J(CM:0, PgRf:42, Rd:0/0, Dy:0/0, Lg:0/0) +M(C:0K, Fs:1, WS:4K # 0K, PF:0K # 0K, P:0K)
[13] 0.0 +J(0)
[14] 0.0 +J(0)
[15] 0.000002 +J(CM:0, PgRf:1, Rd:0/0, Dy:0/0, Lg:0/0)."
"6/2/2026 7:04:23 AM","16394","Information","Microsoft-Windows-Security-SPP","Offline downlevel migration succeeded."
"6/2/2026 7:04:23 AM","105","Information","ESENT","svchost (3148,D,0) WDS: The database engine started a new instance (0). (Time=0 seconds) 
 
Additional Data:
 lgposV2[] = 00000001:0001:0000 - 00000001:007A:0309 - 00000001:007B:0000 - 00000001:007B:0000 (00000000:0000:0000)
cReInits = 33
 
 
Internal Timing Sequence: 
[1] 0.000530 +J(0) +M(C:0K, Fs:177, WS:692K # 692K, PF:4584K # 4584K, P:4584K)
[2] 0.000232 +J(0) +M(C:64K, Fs:111, WS:436K # 436K, PF:1272K # 1272K, P:1272K)
[3] 0.000311 +J(0) +M(C:0K, Fs:75, WS:296K # 296K, PF:72K # 72K, P:72K)
[4] 0.000134 +J(0) +M(C:0K, Fs:22, WS:88K # 88K, PF:228K # 228K, P:228K)
[5] 0.000463 +J(0) +M(C:0K, Fs:9, WS:36K # 36K, PF:16K # 16K, P:16K)
[6] 0.010106 +J(0) +M(C:0K, Fs:25, WS:96K # 96K, PF:24K # 24K, P:24K)
[7] 0.008403 -0.004851 (11) WT +J(0) +M(C:0K, Fs:1299, WS:5188K # 5188K, PF:5128K # 5128K, P:5128K)
[8] 0.068642 -0.036489 (51) WT +J(CM:0, PgRf:0, Rd:0/0, Dy:0/0, Lg:494756/986) +M(C:0K, Fs:894, WS:396K # 428K, PF:252K # 284K, P:252K)
[9] 0.000564 +J(0) +M(C:0K, Fs:4, WS:16K # 0K, PF:4K # 0K, P:4K)
[10] 0.005242 -0.003734 (10) WT +J(0) +M(C:0K, Fs:0, WS:-5116K # 0K, PF:-5120K # 0K, P:-5120K)
[11] 0.000020 +J(CM:0, PgRf:0, Rd:0/0, Dy:0/0, Lg:49/1) +M(C:0K, Fs:2, WS:8K # 0K, PF:0K # 0K, P:0K)
[12] 0.000032 +J(0)
[13] 0.030499 -0.001396 (2) CM -0.017806 (31) WT +J(CM:2, PgRf:2, Rd:0/2, Dy:0/0, Lg:8759/5) +M(C:-56K, Fs:1351, WS:48K # 44K, PF:80K # 68K, P:80K)
[14] 0.000012 +J(0)
[15] 0.000101 +J(0)
[16] 0.014381 -0.014179 (1) WT +J(0) +M(C:0K, Fs:2, WS:0K # 0K, PF:0K # 0K, P:0K)."
"6/2/2026 7:04:23 AM","302","Information","ESENT","svchost (3148,U,98) WDS: The database engine has successfully completed recovery steps."
"6/2/2026 7:04:23 AM","301","Information","ESENT","svchost (3148,R,98) WDS: The database engine has finished replaying logfile C:\RemoteInstall\Stores\Metadata\WDS.log. 
 
Processing Stats: 
[1] 0.048490 -0.035712 (48) WT +J(CM:0, PgRf:0, Rd:0/0, Dy:0/0, Lg:494756/986) +M(C:0K, Fs:852, WS:236K # 268K, PF:172K # 204K, P:172K). 
Log record of type 'Insert   ' was seen most frequently (277 times)"
"6/2/2026 7:04:23 AM","335","Information","ESENT","svchost (3148,R,98) WDS: Replay of a Create for database ""C:\RemoteInstall\Stores\Metadata\WDSMD.mdb"" at log position (00000001,0001,0268) was deferred due to AttachFuture.  Additional information:  "
"6/2/2026 7:04:23 AM","300","Information","ESENT","svchost (3148,R,98) WDS: The database engine is initiating recovery steps."
"6/2/2026 7:04:23 AM","102","Information","ESENT","svchost (3148,P,98) WDS: The database engine (10.00.20348.0000) is starting a new instance (0)."
"6/2/2026 7:04:23 AM","900","Information","Microsoft-Windows-Security-SPP","The Software Protection service is starting.
Parameters:TriggerStarted:6"
"6/2/2026 7:04:23 AM","517","Information","WDSServer","Provider WDSMC loaded from C:\Windows\system32\wdsmc.dll and initialized successfully."
"6/2/2026 7:04:23 AM","5615","Information","Microsoft-Windows-WMI","Windows Management Instrumentation Service started sucessfully"
"6/2/2026 7:04:23 AM","1025","Information","WDSServer","The RPC server started on TCP port 5040. 
"
"6/2/2026 7:04:23 AM","105","Information","VMTools","The service was started."
"6/2/2026 7:04:14 AM","1531","Information","Microsoft-Windows-User Profiles Service","The User Profile Service has started successfully.  

"
"6/1/2026 11:48:57 AM","38","Information","Microsoft-Windows-CertificationAuthority","Active Directory Certificate Services for scaffold-DC-CA was stopped."
"6/1/2026 11:48:56 AM","1532","Information","Microsoft-Windows-User Profiles Service","The User Profile Service has stopped.  

"
"6/1/2026 11:48:56 AM","1033","Information","IIS AspNetCore Module V2","Application 'MACHINE/WEBROOT/APPHOST/SCAFFOLDPORTAL' has shutdown."
"6/1/2026 11:48:56 AM","17147","Information","MSSQL$SQLEXPRESS","SQL Server is terminating because of a system shutdown. This is an informational message only. No user action is required."
"6/1/2026 11:48:56 AM","108","Information","VMTools","The service was stopped."
"6/1/2026 11:48:56 AM","272","Information","VMUpgradeHelper","Saved network configuration."
"6/1/2026 11:48:56 AM","260","Information","VMUpgradeHelper","Saving network configuration."
"6/1/2026 11:48:56 AM","6000","Information","Microsoft-Windows-Winlogon","The winlogon notification subscriber <SessionEnv> was unavailable to handle a notification event."
"6/1/2026 11:48:56 AM","6000","Information","Microsoft-Windows-Winlogon","The winlogon notification subscriber <WSearch> was unavailable to handle a notification event."
"6/1/2026 11:47:38 AM","8128","Information","MSSQL$SQLEXPRESS","Using 'xplog70.dll' version '2019.150.2000' to execute extended stored procedure 'xp_msver'. This is an informational message only; no user action is required."
"6/1/2026 11:47:38 AM","33090","Information","MSSQL$SQLEXPRESS","Attempting to load library 'xplog70.dll' into memory. This is an informational message only. No user action is required."
"6/1/2026 11:47:38 AM","1","Information","MSSQL$SQLEXPRESS","None"
"6/1/2026 11:47:23 AM","49930","Information","MSSQL$SQLEXPRESS","Parallel redo is shutdown for database 'ScaffoldPortal' with worker pool size [1]."
"6/1/2026 11:47:23 AM","49930","Information","MSSQL$SQLEXPRESS","Parallel redo is started for database 'ScaffoldPortal' with worker pool size [1]."
"6/1/2026 11:47:23 AM","17137","Information","MSSQL$SQLEXPRESS","Starting up database 'ScaffoldPortal'."
"6/1/2026 11:47:22 AM","1032","Information","IIS AspNetCore Module V2","Application 'C:\inetpub\ScaffoldPortal\' started successfully."
"6/1/2026 11:45:40 AM","0","Information","edgeupdate","Service stopped."
"6/1/2026 11:45:40 AM","0","Information","edgeupdate","Service stopped."
"6/1/2026 11:45:12 AM","16384","Information","Microsoft-Windows-Security-SPP","Successfully scheduled Software Protection service for re-start at 2026-10-10T14:33:12Z. Reason: RulesEngine."
"6/1/2026 11:45:03 AM","8224","Information","VSS","The VSS service is shutting down due to idle timeout. "
"6/1/2026 11:44:31 AM","1000","Information","Microsoft-Windows-LoadPerf","Performance counters for the WmiApRpl (WmiApRpl) service were loaded successfully. The Record Data in the data section contains the new index values assigned to this service."
"6/1/2026 11:44:31 AM","1001","Information","Microsoft-Windows-LoadPerf","Performance counters for the WmiApRpl (WmiApRpl) service were removed successfully. The Record Data contains the new values of the system Last Counter and Last Help registry entries."
"6/1/2026 11:44:30 AM","16394","Information","Microsoft-Windows-Security-SPP","Offline downlevel migration succeeded."
"6/1/2026 11:44:30 AM","900","Information","Microsoft-Windows-Security-SPP","The Software Protection service is starting.
Parameters:<explicit>"
"6/1/2026 11:44:21 AM","903","Information","Microsoft-Windows-Security-SPP","The Software Protection service has stopped.
"
"6/1/2026 11:44:21 AM","16384","Information","Microsoft-Windows-Security-SPP","Successfully scheduled Software Protection service for re-start at 2026-06-02T18:43:21Z. Reason: TBL."
"6/1/2026 11:43:51 AM","8197","Information","Microsoft-Windows-Security-SPP","SLUI.exe was launched with the following command-line parameters:
RuleId=3482d82e-ca2c-4e1f-8864-da0267b484b2;Action=AutoActivate;AppId=55c92734-d682-4d71-983e-d6ec3f16059f;SkuId=c1a197b6-ba5e-4394-b9bf-b659a6c1b873;NotificationInterval=1440;Trigger=NetworkAvailable"
"6/1/2026 11:43:51 AM","1003","Information","Microsoft-Windows-Security-SPP","The Software Protection service has completed licensing status check.
Application Id=55c92734-d682-4d71-983e-d6ec3f16059f
Licensing Status=
1: c1a197b6-ba5e-4394-b9bf-b659a6c1b873, 1, 1 [(0 [0x00000000, 1, 0], [(?)( 1 0x00000000)(?)( 2 0x00000000 0 0 msft:rm/algorithm/hwid/4.0 0x00000000 0)(?)( 9 0x00000000 180 231590)( 10 0x00000000 msft:rm/algorithm/flags/1.0)(?)])(1 )(2 )(3 )]

"
"6/1/2026 11:43:51 AM","1033","Information","Microsoft-Windows-Security-SPP","These policies are being excluded since they are only defined with override-only attribute.
Policy Names=(Security-SPP-Reserved-EnableNotificationMode) 
App Id=55c92734-d682-4d71-983e-d6ec3f16059f
Sku Id=c1a197b6-ba5e-4394-b9bf-b659a6c1b873"
"6/1/2026 11:43:51 AM","1034","Information","Microsoft-Windows-Security-SPP","Duplicate definition of policy found. Policy name=Security-SPP-Reserved-LicenseProperties  Priority=100"
"6/1/2026 11:43:49 AM","12311","Information","Microsoft-Windows-Security-SPP","The MSA client has been successfully triggered to update the Device License"
"6/1/2026 11:43:47 AM","12304","Information","Microsoft-Windows-Security-SPP","Successfully acquired genuine ticket for template Id {99d92734-d682-4d71-983e-d6ec3f16059f}"
"6/1/2026 11:43:47 AM","12305","Information","Microsoft-Windows-Security-SPP","Genuine state set to genuine for application Id 55c92734-d682-4d71-983e-d6ec3f16059f"
"6/1/2026 11:43:43 AM","8197","Information","Microsoft-Windows-Security-SPP","SLUI.exe was launched with the following command-line parameters:
RuleId=379cccfb-d4e0-48fe-b0f2-0136097be147;Action=CleanupState;AppId=55c92734-d682-4d71-983e-d6ec3f16059f;SkuId=c1a197b6-ba5e-4394-b9bf-b659a6c1b873;Trigger=TimerEvent"
"6/1/2026 11:43:43 AM","8230","Information","Microsoft-Windows-Security-SPP","The rules engine successfully re-evaluated the schedule.
Kernel policies:
Security-SPP-Action-StateData (REG_SZ) =AppId=55c92734-d682-4d71-983e-d6ec3f16059f;GraceEndDate=2026/11/09:14:33:43;LastConsumptionReason=0x4004fc04;LastNotificationId=Cleanup;LicenseState=SL_LICENSING_STATUS_LICENSED;PartialProductKey=W8JDY;ProductKeyType=Retail:TB:Eval;SkuId=c1a197b6-ba5e-4394-b9bf-b659a6c1b873;ruleId=379cccfb-d4e0-48fe-b0f2-0136097be147;uxDifferentiator=TIMEBASED_EVAL"
"6/1/2026 11:43:43 AM","8198","Error","Microsoft-Windows-Security-SPP","License Activation (slui.exe) failed with the following error code:
hr=0xC004E028
Command-line arguments:
RuleId=3482d82e-ca2c-4e1f-8864-da0267b484b2;Action=AutoActivate;AppId=55c92734-d682-4d71-983e-d6ec3f16059f;SkuId=c1a197b6-ba5e-4394-b9bf-b659a6c1b873;NotificationInterval=1440;Trigger=UserLogon;SessionId=1"
"6/1/2026 11:43:43 AM","1003","Information","Microsoft-Windows-Security-SPP","The Software Protection service has completed licensing status check.
Application Id=55c92734-d682-4d71-983e-d6ec3f16059f
Licensing Status=
1: c1a197b6-ba5e-4394-b9bf-b659a6c1b873, 1, 1 [(0 [0x00000000, 1, 0], [(?)( 1 0x00000000)(?)( 2 0x00000000 0 0 msft:rm/algorithm/hwid/4.0 0x00000000 0)(?)( 9 0x00000000 180 231590)( 10 0x00000000 msft:rm/algorithm/flags/1.0)(?)])(1 )(2 )(3 )]

"
"6/1/2026 11:43:43 AM","16388","Information","Microsoft-Windows-Security-SPP","The current time is 2026-06-01T18:43:43Z : 2026-06-01T18:43:43Z."
"6/1/2026 11:43:43 AM","1037","Information","Microsoft-Windows-Security-SPP","Time-based license remaining validity time 231590 minutes."
"6/1/2026 11:43:43 AM","1003","Information","Microsoft-Windows-Security-SPP","The Software Protection service has completed licensing status check.
Application Id=55c92734-d682-4d71-983e-d6ec3f16059f
Licensing Status=
1: c1a197b6-ba5e-4394-b9bf-b659a6c1b873, 1, 1 [(0 [0x00000000, 1, 0], [(?)( 1 0x00000000)(?)( 2 0x00000000 0 0 msft:rm/algorithm/hwid/4.0 0x00000000 0)(?)( 9 0x00000000 180 231590)( 10 0x00000000 msft:rm/algorithm/flags/1.0)(?)])(1 )(2 )(3 )]

"
"6/1/2026 11:43:43 AM","1003","Information","Microsoft-Windows-Security-SPP","The Software Protection service has completed licensing status check.
Application Id=55c92734-d682-4d71-983e-d6ec3f16059f
Licensing Status=
1: c1a197b6-ba5e-4394-b9bf-b659a6c1b873, 1, 1 [(0 [0x00000000, 1, 0], [(?)( 1 0x00000000)(?)( 2 0x00000000 0 0 msft:rm/algorithm/hwid/4.0 0x00000000 0)(?)( 9 0x00000000 180 231590)( 10 0x00000000 msft:rm/algorithm/flags/1.0)(?)])(1 )(2 )(3 )]

"
"6/1/2026 11:43:43 AM","20489","Information","Microsoft-Windows-Security-SPP","Genuine validation data collection ended. 
"
"6/1/2026 11:43:43 AM","1033","Information","Microsoft-Windows-Security-SPP","These policies are being excluded since they are only defined with override-only attribute.
Policy Names=(Security-SPP-Reserved-EnableNotificationMode) 
App Id=55c92734-d682-4d71-983e-d6ec3f16059f
Sku Id=c1a197b6-ba5e-4394-b9bf-b659a6c1b873"
"6/1/2026 11:43:43 AM","1034","Information","Microsoft-Windows-Security-SPP","Duplicate definition of policy found. Policy name=Security-SPP-Reserved-LicenseProperties  Priority=100"
"6/1/2026 11:43:33 AM","20482","Information","Microsoft-Windows-Security-SPP","Health check passed. 
"
"6/1/2026 11:43:32 AM","20481","Information","Microsoft-Windows-Security-SPP","Health check initiated. 
"
"6/1/2026 11:43:31 AM","20488","Information","Microsoft-Windows-Security-SPP","Genuine validation data collection started. 
"
"6/1/2026 11:43:25 AM","1067","Information","Microsoft-Windows-Security-SPP","Genuine information set for application. 0x00000000, c1a197b6-ba5e-4394-b9bf-b659a6c1b873, SL_ACTIVATION_VALIDATION_IN_PROGRESS.
"
"6/1/2026 11:43:25 AM","1004","Information","Microsoft-Windows-Security-SPP","The Software Protection service has successfully installed the license.
License Title=XrML 2.1 License - {msft:sl/EUL/ACTIVATED/PRIVATE}
License Id=6d298829-4dc4-4e39-bbbd-9517dd8324e8"
"6/1/2026 11:43:25 AM","1004","Information","Microsoft-Windows-Security-SPP","The Software Protection service has successfully installed the license.
License Title=XrML 2.1 License - {msft:sl/EUL/ACTIVATED/PUBLIC}
License Id=3bcee025-1bf3-493a-be40-aa55e6496014"
"6/1/2026 11:43:25 AM","1013","Information","Microsoft-Windows-Security-SPP","Acquisition of End User License was successful.
Sku Id=c1a197b6-ba5e-4394-b9bf-b659a6c1b873"
"6/1/2026 11:43:11 AM","6000","Information","Microsoft-Windows-Winlogon","The winlogon notification subscriber <SessionEnv> was unavailable to handle a notification event."
"6/1/2026 11:43:11 AM","6003","Information","Microsoft-Windows-Winlogon","The winlogon notification subscriber <SessionEnv> was unavailable to handle a critical notification event."
"6/1/2026 11:42:48 AM","1704","Information","SceCli","Security policy in the Group policy objects has been applied successfully."
"6/1/2026 11:42:31 AM","256","Information","WDSServer","The Windows Deployment Services server started successfully. 
"
"6/1/2026 11:42:31 AM","517","Information","WDSServer","Provider WDSPXE loaded from C:\Windows\system32\wdspxe.dll and initialized successfully."
"6/1/2026 11:42:31 AM","777","Information","WDSPXE","Rogue detection has been disabled for this server. The Windows Deployment  Services server is authorized as a valid DHCP/PXE server and will process incoming client requests."
"6/1/2026 11:42:31 AM","262","Information","WDSPXE","Provider WDSDCPXE was loaded from C:\Windows\system32\wdsdcpxe.dll and initialized successfully."
"6/1/2026 11:42:31 AM","1305","Information","BINLSVC","Combined BCD file x64uefi{AAC39BF5-2BE4-42C7-81C5-F13F55235536}.bcd generated successfully for the x64uefi architecture."
"6/1/2026 11:42:31 AM","1305","Information","BINLSVC","Combined BCD file x86uefi{78690A12-9952-4E22-B5DA-5262EE8DCF5D}.bcd generated successfully for the x86uefi architecture."
"6/1/2026 11:42:31 AM","1305","Information","BINLSVC","Combined BCD file arm{34BE5CC5-F6A3-44C3-B3C5-90EDA3080BC8}.bcd generated successfully for the arm architecture."
"6/1/2026 11:42:31 AM","1305","Information","BINLSVC","Combined BCD file x86x64{5B596D3E-5BA8-4503-A5F3-1A350BFEC69A}.bcd generated successfully for the x86x64 architecture."
"6/1/2026 11:42:31 AM","1305","Information","BINLSVC","Combined BCD file arm64{294B2908-73BA-42A5-9F2A-20F34B3D2172}.bcd generated successfully for the arm64 architecture."
"6/1/2026 11:42:31 AM","1305","Information","BINLSVC","Combined BCD file x64{93C6879E-2D45-44E9-9A08-459A764699D7}.bcd generated successfully for the x64 architecture."
"6/1/2026 11:42:31 AM","1305","Information","BINLSVC","Combined BCD file x86{E4BF0DF1-CD32-450F-B688-F176046C1D9D}.bcd generated successfully for the x86 architecture."
"6/1/2026 11:42:31 AM","326","Information","ESENT","svchost (3080,D,50) AAP: The database engine attached a database (5, C:\RemoteInstall\Mgmt\binlsvcdb.mdb). (Time=0 seconds) 
 
Saved Cache: 1 0 
Additional Data: lgposAttach = 00000001:0084:0268,
dbv = 1568.180.400 (9360) 
 
Internal Timing Sequence: 
[1] 0.000001 +J(0)
[2] 0.000358 -0.000108 (1) WT +J(0) +M(C:0K, Fs:24, WS:32K # 0K, PF:32K # 0K, P:32K)
[3] 0.001378 -0.000413 (6) WT +J(CM:0, PgRf:0, Rd:0/0, Dy:0/0, Lg:3480/2) +M(C:0K, Fs:13, WS:20K # 0K, PF:20K # 0K, P:20K)
[4] 0.000045 +J(0)
[5] -
[6] -
[7] -
[8] 0.000171 +J(CM:0, PgRf:2, Rd:14/0, Dy:0/0, Lg:54/1) +M(C:164K, Fs:77, WS:304K # 0K, PF:188K # 0K, P:188K)
[9] 0.000915 -0.000767 (2) CM -0.000669 (2) WT +J(CM:2, PgRf:16, Rd:0/1, Dy:0/0, Lg:0/0) +M(C:-56K, Fs:7, WS:-56K # 0K, PF:-56K # 0K, P:-56K)
[10] 0.000151 -0.000096 (1) CM -0.000060 (1) WT +J(CM:1, PgRf:35, Rd:0/1, Dy:0/0, Lg:0/0) +M(C:-28K, Fs:0, WS:-28K # 0K, PF:-28K # 0K, P:-28K)
[11] 0.000003 +J(CM:0, PgRf:1, Rd:0/0, Dy:0/0, Lg:0/0)
[12] 0.000014 +J(CM:0, PgRf:42, Rd:0/0, Dy:0/0, Lg:0/0)
[13] 0.0 +J(0)
[14] 0.0 +J(0)
[15] 0.000001 +J(CM:0, PgRf:1, Rd:0/0, Dy:0/0, Lg:0/0)."
"6/1/2026 11:42:31 AM","105","Information","ESENT","svchost (3080,D,0) AAP: The database engine started a new instance (2). (Time=0 seconds) 
 
Additional Data:
 lgposV2[] = 00000001:0001:0000 - 00000001:0081:02FB - 00000001:0082:0000 - 00000001:0082:0000 (00000000:0000:0000)
cReInits = 32
 
 
Internal Timing Sequence: 
[1] -
[2] -
[3] 0.000114 +J(0) +M(C:0K, Fs:3, WS:12K # 0K, PF:0K # 0K, P:0K)
[4] 0.000061 +J(0) +M(C:0K, Fs:9, WS:36K # 0K, PF:140K # 0K, P:140K)
[5] 0.000415 +J(0) +M(C:0K, Fs:4, WS:16K # 0K, PF:0K # 0K, P:0K)
[6] 0.000646 +J(0) +M(C:0K, Fs:3, WS:12K # 0K, PF:20K # 0K, P:20K)
[7] 0.003715 -0.001761 (11) WT +J(0) +M(C:0K, Fs:1283, WS:5120K # 1932K, PF:5132K # 984K, P:5132K)
[8] 0.011924 -0.003903 (49) WT +J(CM:0, PgRf:0, Rd:0/0, Dy:0/0, Lg:523158/1145) +M(C:0K, Fs:819, WS:196K # 240K, PF:68K # 112K, P:68K)
[9] 0.000291 +J(0)
[10] 0.002535 -0.001201 (10) WT +J(0) +M(C:0K, Fs:0, WS:-5116K # 0K, PF:-5128K # 0K, P:-5128K)
[11] 0.000012 +J(CM:0, PgRf:0, Rd:0/0, Dy:0/0, Lg:49/1) +M(C:0K, Fs:1, WS:4K # 0K, PF:0K # 0K, P:0K)
[12] 0.000026 +J(0)
[13] 0.009708 -0.000200 (2) CM -0.003354 (30) WT +J(CM:2, PgRf:2, Rd:0/2, Dy:0/0, Lg:8759/5) +M(C:-56K, Fs:1329, WS:-52K # 0K, PF:-116K # 0K, P:-116K)
[14] 0.000009 +J(0)
[15] 0.000009 +J(0)
[16] 0.000191 -0.000104 (1) WT +J(0) +M(C:0K, Fs:2, WS:0K # 0K, PF:0K # 0K, P:0K)."
"6/1/2026 11:42:31 AM","302","Information","ESENT","svchost (3080,U,98) AAP: The database engine has successfully completed recovery steps."
"6/1/2026 11:42:31 AM","301","Information","ESENT","svchost (3080,R,98) AAP: The database engine has finished replaying logfile C:\RemoteInstall\Mgmt\AAP.log. 
 
Processing Stats: 
[1] 0.010943 -0.003629 (46) WT +J(CM:0, PgRf:0, Rd:0/0, Dy:0/0, Lg:523158/1145) +M(C:0K, Fs:783, WS:60K # 104K, PF:60K # 96K, P:60K). 
Log record of type 'Insert   ' was seen most frequently (326 times)"
"6/1/2026 11:42:31 AM","335","Information","ESENT","svchost (3080,R,98) AAP: Replay of a Create for database ""C:\RemoteInstall\Mgmt\binlsvcdb.mdb"" at log position (00000001,0001,0268) was deferred due to AttachFuture.  Additional information:  "
"6/1/2026 11:42:31 AM","300","Information","ESENT","svchost (3080,R,98) AAP: The database engine is initiating recovery steps."
"6/1/2026 11:42:31 AM","102","Information","ESENT","svchost (3080,P,98) AAP: The database engine (10.00.20348.0000) is starting a new instance (2)."
"6/1/2026 11:42:31 AM","517","Information","WDSServer","Provider WdsImgSrv loaded from C:\Windows\system32\WdsImgSrv.dll and initialized successfully."
"6/1/2026 11:42:31 AM","256","Information","WDSIMGSRV","The Windows Deployment Services image server initialized successfully. 
"
"6/1/2026 11:42:27 AM","3408","Information","MSSQL$SQLEXPRESS","Recovery is complete. This is an informational message only. No user action is required."
"6/1/2026 11:42:27 AM","9688","Information","MSSQL$SQLEXPRESS","Service Broker manager has started."
"6/1/2026 11:42:27 AM","9666","Information","MSSQL$SQLEXPRESS","The Database Mirroring endpoint is in disabled or stopped state."
"6/1/2026 11:42:27 AM","9666","Information","MSSQL$SQLEXPRESS","The Service Broker endpoint is in disabled or stopped state."
"6/1/2026 11:42:27 AM","26067","Information","MSSQL$SQLEXPRESS","The SQL Server Network Interface library could not register the Service Principal Name (SPN) [ MSSQLSvc/dc.scaffold.htb:52951 ] for the SQL Server service. Windows return code: 0x2098, state: 15. Failure to register a SPN might cause integrated authentication to use NTLM instead of Kerberos. This is an informational message. Further action is only required if Kerberos authentication is required by authentication policies and if the SPN has not been manually registered."
"6/1/2026 11:42:27 AM","26067","Information","MSSQL$SQLEXPRESS","The SQL Server Network Interface library could not register the Service Principal Name (SPN) [ MSSQLSvc/dc.scaffold.htb:SQLEXPRESS ] for the SQL Server service. Windows return code: 0x2098, state: 15. Failure to register a SPN might cause integrated authentication to use NTLM instead of Kerberos. This is an informational message. Further action is only required if Kerberos authentication is required by authentication policies and if the SPN has not been manually registered."
"6/1/2026 11:42:27 AM","17137","Information","MSSQL$SQLEXPRESS","Starting up database 'tempdb'."
"6/1/2026 11:42:27 AM","17126","Information","MSSQL$SQLEXPRESS","SQL Server is now ready for client connections. This is an informational message; no user action is required."
"6/1/2026 11:42:27 AM","26076","Information","MSSQL$SQLEXPRESS","SQL Server is attempting to register a Service Principal Name (SPN) for the SQL Server service. Kerberos authentication will not be possible until a SPN is registered for the SQL Server service. This is an informational message. No user action is required."
"6/1/2026 11:42:27 AM","17199","Information","MSSQL$SQLEXPRESS","Dedicated administrator connection support was not started because it is disabled on this edition of SQL Server. If you want to use a dedicated administrator connection, restart SQL Server using the trace flag 7806. This is an informational message only. No user action is required."
"6/1/2026 11:42:27 AM","26048","Information","MSSQL$SQLEXPRESS","Server local connection provider is ready to accept connection on [ \\.\pipe\MSSQL$SQLEXPRESS\sql\query ]."
"6/1/2026 11:42:27 AM","26048","Information","MSSQL$SQLEXPRESS","Server local connection provider is ready to accept connection on [ \\.\pipe\SQLLocal\SQLEXPRESS ]."
"6/1/2026 11:42:27 AM","26022","Information","MSSQL$SQLEXPRESS","Server is listening on [ 'any' <ipv4> 52951]."
"6/1/2026 11:42:27 AM","26022","Information","MSSQL$SQLEXPRESS","Server is listening on [ 'any' <ipv6> 52951]."
"6/1/2026 11:42:27 AM","26018","Information","MSSQL$SQLEXPRESS","A self-generated certificate was successfully loaded for encryption."
"6/1/2026 11:42:27 AM","17136","Information","MSSQL$SQLEXPRESS","Clearing tempdb database."
"6/1/2026 11:42:27 AM","8198","Error","Microsoft-Windows-Security-SPP","License Activation (slui.exe) failed with the following error code:
hr=0x8007139F
Command-line arguments:
RuleId=3482d82e-ca2c-4e1f-8864-da0267b484b2;Action=AutoActivate;AppId=55c92734-d682-4d71-983e-d6ec3f16059f;SkuId=c1a197b6-ba5e-4394-b9bf-b659a6c1b873;NotificationInterval=1440;Trigger=TimerEvent"
"6/1/2026 11:42:27 AM","1003","Information","Microsoft-Windows-Security-SPP","The Software Protection service has completed licensing status check.
Application Id=55c92734-d682-4d71-983e-d6ec3f16059f
Licensing Status=
1: c1a197b6-ba5e-4394-b9bf-b659a6c1b873, 1, 1 [(0 [0xC004E003, 0, 0], [( 2 0xC004F00F 0 0 msft:rm/algorithm/hwid/4.0 0x00000000 0)( 1 0x00000000)(?)( 2 0xC004F00F 0 0 msft:rm/algorithm/hwid/4.0 0x00000000 0)(?)(?)( 10 0x00000000 msft:rm/algorithm/flags/1.0)(?)])(1 )(2 )(3 [0x00000000, 0, 0], [( 6 0xC004F009 10 0)( 1 0x00000000)( 6 0xC004F009 10 0)(?)(?)(?)( 10 0x00000000 msft:rm/algorithm/flags/1.0)( 11 0x00000000 0xC004F00F)])]

"
"6/1/2026 11:42:27 AM","1003","Information","Microsoft-Windows-Security-SPP","The Software Protection service has completed licensing status check.
Application Id=55c92734-d682-4d71-983e-d6ec3f16059f
Licensing Status=
1: c1a197b6-ba5e-4394-b9bf-b659a6c1b873, 1, 1 [(0 [0xC004E003, 0, 0], [( 2 0xC004F00F 0 0 msft:rm/algorithm/hwid/4.0 0x00000000 0)( 1 0x00000000)(?)( 2 0xC004F00F 0 0 msft:rm/algorithm/hwid/4.0 0x00000000 0)(?)(?)( 10 0x00000000 msft:rm/algorithm/flags/1.0)(?)])(1 )(2 )(3 [0x00000000, 0, 0], [( 6 0xC004F009 10 0)( 1 0x00000000)( 6 0xC004F009 10 0)(?)(?)(?)( 10 0x00000000 msft:rm/algorithm/flags/1.0)( 11 0x00000000 0xC004F00F)])]

"
"6/1/2026 11:42:27 AM","17137","Information","MSSQL$SQLEXPRESS","Starting up database 'model'."
"6/1/2026 11:42:27 AM","958","Information","MSSQL$SQLEXPRESS","The resource database build version is 15.00.2000. This is an informational message only. No user action is required."
