"7/8/2026 11:12:25 PM","1004","Information","Microsoft-Windows-Security-SPP","The Software Protection service has successfully installed the license.
License Title=Windows(R) UL oob License (Private)
License Id=fb98bf5c-82df-4d3b-bcfc-41c2fa4a24a6"
"7/8/2026 11:12:25 PM","1004","Information","Microsoft-Windows-Security-SPP","The Software Protection service has successfully installed the license.
License Title=Windows(R) UL oob License (Public)
License Id=aa305342-3127-45e6-bbba-065b32f1d7ac"
"7/8/2026 11:12:25 PM","1004","Information","Microsoft-Windows-Security-SPP","The Software Protection service has successfully installed the license.
License Title=Windows(R) Publishing License (Private)
License Id=befb4849-084f-4d2f-bde8-65bbefbcba49"
"7/8/2026 11:12:25 PM","1004","Information","Microsoft-Windows-Security-SPP","The Software Protection service has successfully installed the license.
License Title=Windows(R) Publishing License (Public)
License Id=8074a9bd-8a2f-4015-a305-607e77dd94a1"
"7/8/2026 11:12:25 PM","1004","Information","Microsoft-Windows-Security-SPP","The Software Protection service has successfully installed the license.
License Title=Windows(R) UL store License (Private)
License Id=34266dd5-7db2-4f75-b784-5d484138c4f0"
"7/8/2026 11:12:25 PM","1004","Information","Microsoft-Windows-Security-SPP","The Software Protection service has successfully installed the license.
License Title=Windows(R) UL store License (Public)
License Id=c6824008-abf7-4979-9444-0aff4d069cad"
"7/8/2026 11:12:25 PM","1004","Information","Microsoft-Windows-Security-SPP","The Software Protection service has successfully installed the license.
License Title=Windows(R) UL phone License (Private)
License Id=51523f64-43ff-442f-9941-4d1234d9a03e"
"7/8/2026 11:12:25 PM","1004","Information","Microsoft-Windows-Security-SPP","The Software Protection service has successfully installed the license.
License Title=Windows(R) UL phone License (Public)
License Id=95d13aee-cd8b-48a3-b901-1cfd2c70d812"
"7/8/2026 11:12:25 PM","1004","Information","Microsoft-Windows-Security-SPP","The Software Protection service has successfully installed the license.
License Title=Windows(R) UL oob License (Private)
License Id=577af273-41be-4c1d-92c1-59a71dac736d"
"7/8/2026 11:12:25 PM","1004","Information","Microsoft-Windows-Security-SPP","The Software Protection service has successfully installed the license.
License Title=Windows(R) UL oob License (Public)
License Id=6c56eae5-985d-4c4c-ad5a-15a8167cb894"
"7/8/2026 11:12:25 PM","1004","Information","Microsoft-Windows-Security-SPP","The Software Protection service has successfully installed the license.
License Title=Windows(R) Publishing License (Private)
License Id=0b28363f-70b2-49fe-88b8-49d8c1ce0451"
"7/8/2026 11:12:25 PM","1004","Information","Microsoft-Windows-Security-SPP","The Software Protection service has successfully installed the license.
License Title=Windows(R) Publishing License (Public)
License Id=5c072b03-0b57-4e66-a0f8-a3c7c79626e4"
"7/8/2026 11:12:25 PM","1004","Information","Microsoft-Windows-Security-SPP","The Software Protection service has successfully installed the license.
License Title=Windows(R) UL store License (Private)
License Id=a69be50a-9a20-4825-9973-b13b37685015"
"7/8/2026 11:12:25 PM","1004","Information","Microsoft-Windows-Security-SPP","The Software Protection service has successfully installed the license.
License Title=Windows(R) UL store License (Public)
License Id=3f55854c-a252-4d42-9304-a39a879a2a33"
"7/8/2026 11:12:25 PM","1004","Information","Microsoft-Windows-Security-SPP","The Software Protection service has successfully installed the license.
License Title=Windows(R) UL phone License (Private)
License Id=9f8d1e04-0220-46bc-92a4-f03143276767"
"7/8/2026 11:12:25 PM","1004","Information","Microsoft-Windows-Security-SPP","The Software Protection service has successfully installed the license.
License Title=Windows(R) UL phone License (Public)
License Id=fb3110a3-4ee9-46eb-ba5d-4c9cf0eb29da"
"7/8/2026 11:12:25 PM","1004","Information","Microsoft-Windows-Security-SPP","The Software Protection service has successfully installed the license.
License Title=Windows(R) UL oob License (Private)
License Id=adb6ff6d-9e69-49d2-9b07-bac3d9c04467"
"7/8/2026 11:12:25 PM","1004","Information","Microsoft-Windows-Security-SPP","The Software Protection service has successfully installed the license.
License Title=Windows(R) UL oob License (Public)
License Id=eebe1309-d861-49d0-953f-17176033fbab"
"7/8/2026 11:12:25 PM","1004","Information","Microsoft-Windows-Security-SPP","The Software Protection service has successfully installed the license.
License Title=Windows(R) Publishing License (Private)
License Id=0955f4ef-a67f-414c-84f6-89248590fe1f"
"7/8/2026 11:12:25 PM","1004","Information","Microsoft-Windows-Security-SPP","The Software Protection service has successfully installed the license.
License Title=Windows(R) Publishing License (Public)
License Id=96472acf-873c-41be-a151-86bf5e1478aa"
"7/8/2026 11:12:25 PM","1004","Information","Microsoft-Windows-Security-SPP","The Software Protection service has successfully installed the license.
License Title=Windows(R) UL store License (Private)
License Id=566e4baa-6f9e-4a61-a1e4-2d486b1cee6e"
"7/8/2026 11:12:25 PM","1004","Information","Microsoft-Windows-Security-SPP","The Software Protection service has successfully installed the license.
License Title=Windows(R) UL store License (Public)
License Id=67badd47-dddd-40e8-a199-20a7b236ef1a"
"7/8/2026 11:12:25 PM","1004","Information","Microsoft-Windows-Security-SPP","The Software Protection service has successfully installed the license.
License Title=Windows(R) UL phone License (Private)
License Id=a6ae5af5-f3a7-4a61-85c8-4e580cca076f"
"7/8/2026 11:12:25 PM","1004","Information","Microsoft-Windows-Security-SPP","The Software Protection service has successfully installed the license.
License Title=Windows(R) UL phone License (Public)
License Id=354f9f69-1cd8-46af-9321-2de3c9b40ae8"
"7/8/2026 11:12:25 PM","1004","Information","Microsoft-Windows-Security-SPP","The Software Protection service has successfully installed the license.
License Title=Windows(R) UL oob License (Private)
License Id=768b61d0-e377-4b94-9090-24fcb6109768"
"7/8/2026 11:12:25 PM","1004","Information","Microsoft-Windows-Security-SPP","The Software Protection service has successfully installed the license.
License Title=Windows(R) UL oob License (Public)
License Id=b93d8236-1194-4090-9c83-46c84ac96e02"
"7/8/2026 11:12:25 PM","1004","Information","Microsoft-Windows-Security-SPP","The Software Protection service has successfully installed the license.
License Title=Windows(R) Publishing License (Private)
License Id=74517b72-19f1-45b5-a94b-173df6c5cdd9"
"7/8/2026 11:12:25 PM","1004","Information","Microsoft-Windows-Security-SPP","The Software Protection service has successfully installed the license.
License Title=Windows(R) Publishing License (Public)
License Id=43192375-60db-469c-bd80-af491012e21d"
"7/8/2026 11:12:25 PM","1004","Information","Microsoft-Windows-Security-SPP","The Software Protection service has successfully installed the license.
License Title=Windows(R) UL store License (Private)
License Id=bbddd79f-c889-4914-9f17-b947557e4a00"
"7/8/2026 11:12:25 PM","1004","Information","Microsoft-Windows-Security-SPP","The Software Protection service has successfully installed the license.
License Title=Windows(R) UL store License (Public)
License Id=10b44a40-d07d-4dbd-9a10-5446ff7cf76b"
"7/8/2026 11:12:25 PM","1004","Information","Microsoft-Windows-Security-SPP","The Software Protection service has successfully installed the license.
License Title=Windows(R) UL phone License (Private)
License Id=80e23cd4-c4e2-4506-8c2b-d0c7185c21ec"
"7/8/2026 11:12:25 PM","1004","Information","Microsoft-Windows-Security-SPP","The Software Protection service has successfully installed the license.
License Title=Windows(R) UL phone License (Public)
License Id=875a893d-ce33-4d7c-bd13-fe32e34cc18f"
"7/8/2026 11:12:25 PM","1004","Information","Microsoft-Windows-Security-SPP","The Software Protection service has successfully installed the license.
License Title=Windows(R) UL oob License (Private)
License Id=4a6248a0-a870-40d9-bb6c-85a96c727493"
"7/8/2026 11:12:25 PM","1004","Information","Microsoft-Windows-Security-SPP","The Software Protection service has successfully installed the license.
License Title=Windows(R) UL oob License (Public)
License Id=4bd4ef76-3e5a-4661-aa44-0e4fd42d842a"
"7/8/2026 11:12:25 PM","1004","Information","Microsoft-Windows-Security-SPP","The Software Protection service has successfully installed the license.
License Title=Windows(R) Publishing License (Private)
License Id=19899268-54f1-454d-92d2-1c4fa1e8ca9f"
"7/8/2026 11:12:25 PM","1004","Information","Microsoft-Windows-Security-SPP","The Software Protection service has successfully installed the license.
License Title=Windows(R) Publishing License (Public)
License Id=46e9b374-0064-40e0-9dfa-472f6418d7d7"
"7/8/2026 11:12:25 PM","1004","Information","Microsoft-Windows-Security-SPP","The Software Protection service has successfully installed the license.
License Title=Windows(R) csvlk-pack Product PPD License
License Id=c354cf95-648c-b1b3-6e2d-5a239a905988"
"7/8/2026 11:12:25 PM","1004","Information","Microsoft-Windows-Security-SPP","The Software Protection service has successfully installed the license.
License Title=XrML 2.1 License - Product Key Configuration
License Id=71ce6518-3581-46da-948d-083c57061836"
"7/8/2026 11:12:25 PM","1004","Information","Microsoft-Windows-Security-SPP","The Software Protection service has successfully installed the license.
License Title=Generic Security Processor Certificate (Public)
License Id=80bedb87-dba9-455b-98c8-a61f025d6a5b"
"7/8/2026 11:12:24 PM","26","Information","Microsoft-Windows-CertificationAuthority","Active Directory Certificate Services for scaffold-DC-CA was started.  DC=dc.scaffold.htb"
"7/8/2026 11:12:25 PM","1004","Information","Microsoft-Windows-Security-SPP","The Software Protection service has successfully installed the license.
License Title=Generic Security Processor Certificate (Private)
License Id=77ba058e-7d3b-4cbf-be4a-ffe6bb75db60"
"7/8/2026 11:12:25 PM","1004","Information","Microsoft-Windows-Security-SPP","The Software Protection service has successfully installed the license.
License Title=Generic Rights Account Certificate (Public)
License Id=0a256b47-0b27-4145-a5b8-79422fb539cc"
"7/8/2026 11:12:25 PM","1004","Information","Microsoft-Windows-Security-SPP","The Software Protection service has successfully installed the license.
License Title=Generic Rights Account Certificate (Private)
License Id=bc6f46d3-18d9-46f5-9818-aa00ec832013"
"7/8/2026 11:12:25 PM","1004","Information","Microsoft-Windows-Security-SPP","The Software Protection service has successfully installed the license.
License Title=CLIENT-SPC Issuance License
License Id=57d6dc1b-f556-4f5b-935b-3b379fd9dda8"
"7/8/2026 11:12:25 PM","1004","Information","Microsoft-Windows-Security-SPP","The Software Protection service has successfully installed the license.
License Title=CLIENT-RAC Issuance License
License Id=95c2c6b8-ea2f-431d-8902-eeafc6376965"
"7/8/2026 11:12:24 PM","1066","Information","Microsoft-Windows-Security-SPP","Initialization status for service objects.
C:\Windows\system32\sppwinob.dll, msft:spp/windowsfunctionality/agent/7.0, 0x00000000, 0x00000000
C:\Windows\system32\sppobjs.dll, msft:rm/algorithm/inherited/1.0, 0x00000000, 0x00000000
C:\Windows\system32\sppobjs.dll, msft:rm/algorithm/phone/1.0, 0x00000000, 0x00000000
C:\Windows\system32\sppobjs.dll, msft:rm/algorithm/pkey/detect, 0x00000000, 0x00000000
C:\Windows\system32\sppobjs.dll, msft:spp/ActionScheduler/1.0, 0x00000000, 0x00000000
C:\Windows\system32\sppobjs.dll, msft:spp/TaskScheduler/1.0, 0x00000000, 0x00000000
C:\Windows\system32\sppobjs.dll, msft:spp/statecollector/pkey, 0x00000000, 0x00000000
C:\Windows\system32\sppobjs.dll, msft:spp/volume/services/kms/1.0, 0x00000000, 0x00000000
C:\Windows\system32\sppobjs.dll, msft:spp/volume/services/kms/activationinfo/1.0, 0x00000000, 0x00000000
"
"7/8/2026 11:12:24 PM","873","Information","MSSQL$SQLEXPRESS","Buffer pool extension is already disabled. No action is necessary."
"7/8/2026 11:12:24 PM","16394","Information","Microsoft-Windows-Security-SPP","Offline downlevel migration succeeded."
"7/8/2026 11:12:24 PM","900","Information","Microsoft-Windows-Security-SPP","The Software Protection service is starting.
Parameters:TriggerStarted:6"
"7/8/2026 11:12:24 PM","49917","Information","MSSQL$SQLEXPRESS","Default collation: SQL_Latin1_General_CP1_CI_AS (us_english 1033)"
"7/8/2026 11:12:24 PM","894","Information","MSSQL$SQLEXPRESS","Buffer Pool: Allocating 524288 bytes for 498373 hashPages."
"7/8/2026 11:12:24 PM","852","Information","MSSQL$SQLEXPRESS","Using conventional memory in the memory manager."
"7/8/2026 11:12:24 PM","49903","Information","MSSQL$SQLEXPRESS","Detected 4095 MB of RAM. This is an informational message; no user action is required."
"7/8/2026 11:12:24 PM","17162","Information","MSSQL$SQLEXPRESS","SQL Server is starting at normal priority base (=7). This is an informational message only. No user action is required."
"7/8/2026 11:12:24 PM","17164","Information","MSSQL$SQLEXPRESS","SQL Server detected 1 sockets with 2 cores per socket and 2 logical processors per socket, 2 total logical processors; using 2 logical processors based on SQL Server licensing. This is an informational message; no user action is required."
"7/8/2026 11:12:24 PM","17115","Information","MSSQL$SQLEXPRESS","Command Line Startup Parameters:
	 -s ""SQLEXPRESS"""
"7/8/2026 11:12:24 PM","17110","Information","MSSQL$SQLEXPRESS","Registry startup parameters: 
	 -d C:\Program Files\Microsoft SQL Server\MSSQL15.SQLEXPRESS\MSSQL\DATA\master.mdf
	 -e C:\Program Files\Microsoft SQL Server\MSSQL15.SQLEXPRESS\MSSQL\Log\ERRORLOG
	 -l C:\Program Files\Microsoft SQL Server\MSSQL15.SQLEXPRESS\MSSQL\DATA\mastlog.ldf"
"7/8/2026 11:12:24 PM","49904","Information","MSSQL$SQLEXPRESS","The service account is 'NT Service\MSSQL$SQLEXPRESS'. This is an informational message; no user action is required."
"7/8/2026 11:12:24 PM","17111","Information","MSSQL$SQLEXPRESS","Logging SQL Server messages in file 'C:\Program Files\Microsoft SQL Server\MSSQL15.SQLEXPRESS\MSSQL\Log\ERRORLOG'."
"7/8/2026 11:12:24 PM","15268","Information","MSSQL$SQLEXPRESS","Authentication mode is MIXED."
"7/8/2026 11:12:24 PM","18496","Information","MSSQL$SQLEXPRESS","System Manufacturer: 'VMware, Inc.', System Model: 'VMware20,1'."
"7/8/2026 11:12:24 PM","17104","Information","MSSQL$SQLEXPRESS","Server process ID is 2756."
"7/8/2026 11:12:24 PM","17103","Information","MSSQL$SQLEXPRESS","All rights reserved."
"7/8/2026 11:12:24 PM","17101","Information","MSSQL$SQLEXPRESS","(c) Microsoft Corporation."
"7/8/2026 11:12:24 PM","49916","Information","MSSQL$SQLEXPRESS","UTC adjustment: -7:00"
"7/8/2026 11:12:24 PM","17069","Information","MSSQL$SQLEXPRESS","Microsoft SQL Server 2019 (RTM) - 15.0.2000.5 (X64) 
	Sep 24 2019 13:48:23 
	Copyright (C) 2019 Microsoft Corporation
	Express Edition (64-bit) on Windows Server 2022 Standard 10.0 <X64> (Build 20348: ) (Hypervisor)
"
"7/8/2026 11:12:23 PM","517","Information","WDSServer","Provider WDSDDPS loaded from C:\Windows\system32\wdsddps.dll and initialized successfully."
"7/8/2026 11:12:23 PM","326","Information","ESENT","svchost (2624,D,50) DDP: The database engine attached a database (3, C:\RemoteInstall\Stores\Drivers\Metadata\DdpDb.mdb). (Time=0 seconds) 
 
Saved Cache: 1 0 
Additional Data: lgposAttach = 00000001:00BE:0268,
dbv = 1568.180.400 (9360) 
 
Internal Timing Sequence: 
[1] 0.000003 +J(0)
[2] 0.000762 -0.000536 (1) WT +J(0) +M(C:0K, Fs:24, WS:32K # 0K, PF:32K # 0K, P:32K)
[3] 0.013010 -0.005290 (6) WT +J(CM:0, PgRf:0, Rd:0/0, Dy:0/0, Lg:3480/2) +M(C:0K, Fs:13, WS:20K # 0K, PF:20K # 0K, P:20K)
[4] 0.000117 +J(0)
[5] -
[6] -
[7] -
[8] 0.000349 +J(CM:0, PgRf:2, Rd:7/0, Dy:0/0, Lg:54/1) +M(C:104K, Fs:44, WS:176K # 0K, PF:124K # 0K, P:124K)
[9] 0.008614 -0.008358 (3) CM -0.008222 (3) WT +J(CM:3, PgRf:16, Rd:0/2, Dy:0/0, Lg:0/0) +M(C:-12K, Fs:17, WS:-8K # 0K, PF:-12K # 0K, P:-12K)
[10] 0.001456 -0.001326 (1) CM -0.001246 (1) WT +J(CM:1, PgRf:35, Rd:0/1, Dy:0/0, Lg:0/0) +M(C:-28K, Fs:1, WS:-24K # 0K, PF:-28K # 0K, P:-28K)
[11] 0.000010 +J(CM:0, PgRf:1, Rd:0/0, Dy:0/0, Lg:0/0)
[12] 0.000039 +J(CM:0, PgRf:42, Rd:0/0, Dy:0/0, Lg:0/0)
[13] 0.0 +J(0)
[14] 0.0 +J(0)
[15] 0.000005 +J(CM:0, PgRf:1, Rd:0/0, Dy:0/0, Lg:0/0)."
"7/8/2026 11:12:23 PM","105","Information","ESENT","svchost (2624,D,0) DDP: The database engine started a new instance (1). (Time=0 seconds) 
 
Additional Data:
 lgposV2[] = 00000001:0001:0000 - 00000001:00BB:0319 - 00000001:00BC:0000 - 00000001:00BC:0000 (00000000:0000:0000)
cReInits = 36
 
 
Internal Timing Sequence: 
[1] -
[2] -
[3] 0.000556 +J(0) +M(C:0K, Fs:3, WS:12K # 12K, PF:0K # 0K, P:0K)
[4] 0.000149 +J(0) +M(C:0K, Fs:10, WS:40K # 40K, PF:156K # 0K, P:156K)
[5] 0.000631 +J(0) +M(C:0K, Fs:4, WS:16K # 16K, PF:16K # 0K, P:16K)
[6] 0.003018 +J(0) +M(C:0K, Fs:2, WS:8K # 8K, PF:16K # 0K, P:16K)
[7] 0.028228 -0.023585 (11) WT +J(0) +M(C:0K, Fs:1283, WS:5120K # 5120K, PF:5132K # 4420K, P:5132K)
[8] 0.114908 -0.069654 (54) WT +J(CM:0, PgRf:0, Rd:0/0, Dy:0/0, Lg:758406/1672) +M(C:0K, Fs:916, WS:200K # 244K, PF:76K # 120K, P:76K)
[9] 0.000896 +J(0)
[10] 0.017137 -0.015036 (10) WT +J(0) +M(C:0K, Fs:6, WS:-5092K # 0K, PF:-5128K # 0K, P:-5128K)
[11] 0.000023 +J(CM:0, PgRf:0, Rd:0/0, Dy:0/0, Lg:49/1) +M(C:0K, Fs:1, WS:4K # 0K, PF:0K # 0K, P:0K)
[12] 0.001462 +J(0)
[13] 0.062349 -0.003584 (2) CM -0.039125 (30) WT +J(CM:2, PgRf:2, Rd:0/2, Dy:0/0, Lg:8759/5) +M(C:-56K, Fs:1327, WS:-48K # 0K, PF:-112K # 0K, P:-112K)
[14] 0.000021 +J(0)
[15] 0.000027 +J(0)
[16] 0.001595 -0.001432 (1) WT +J(0) +M(C:0K, Fs:2, WS:0K # 0K, PF:0K # 0K, P:0K)."
"7/8/2026 11:12:23 PM","302","Information","ESENT","svchost (2624,U,98) DDP: The database engine has successfully completed recovery steps."
"7/8/2026 11:12:23 PM","326","Information","ESENT","certsrv.exe (2792,D,50) The database engine attached a database (1, C:\Windows\system32\CertLog\scaffold-DC-CA.edb). (Time=0 seconds) 
 
Saved Cache: 0 0 
Additional Data: lgposAttach = 00000004:00EA:0268,
dbv = 1568.180.400 (9360) 
 
Internal Timing Sequence: 
[1] 0.000004 +J(0) +M(C:0K, Fs:1, WS:4K # 0K, PF:0K # 0K, P:0K)
[2] 0.004164 -0.003893 (1) WT +J(0) +M(C:0K, Fs:18, WS:8K # 0K, PF:4K # 0K, P:4K)
[3] 0.016805 -0.009791 (6) WT +J(CM:0, PgRf:0, Rd:0/0, Dy:0/0, Lg:3480/2) +M(C:0K, Fs:24, WS:88K # 0K, PF:120K # 0K, P:120K)
[4] 0.000107 +J(0)
[5] -
[6] -
[7] -
[8] 0.001507 -0.001265 (2) CM -0.001141 (2) WT +J(CM:2, PgRf:2, Rd:14/2, Dy:0/0, Lg:54/1) +M(C:0K, Fs:39, WS:156K # 0K, PF:148K # 0K, P:148K)
[9] 0.004201 -0.003964 (3) CM -0.003846 (3) WT +J(CM:3, PgRf:23, Rd:0/2, Dy:0/0, Lg:0/0) +M(C:0K, Fs:32, WS:128K # 0K, PF:200K # 0K, P:200K)
[10] 0.000533 -0.000424 (1) CM -0.000395 (1) WT +J(CM:1, PgRf:40, Rd:0/1, Dy:0/0, Lg:0/0) +M(C:0K, Fs:5, WS:20K # 0K, PF:64K # 0K, P:64K)
[11] 0.000018 +J(CM:0, PgRf:1, Rd:0/0, Dy:0/0, Lg:0/0) +M(C:0K, Fs:4, WS:16K # 0K, PF:0K # 0K, P:0K)
[12] 0.000043 +J(CM:0, PgRf:42, Rd:0/0, Dy:0/0, Lg:0/0) +M(C:0K, Fs:1, WS:4K # 0K, PF:0K # 0K, P:0K)
[13] 0.0 +J(0)
[14] 0.0 +J(0)
[15] 0.000005 +J(CM:0, PgRf:1, Rd:0/0, Dy:0/0, Lg:0/0)."
"7/8/2026 11:12:23 PM","301","Information","ESENT","svchost (2624,R,98) DDP: The database engine has finished replaying logfile C:\RemoteInstall\Stores\Drivers\Metadata\DDP.log. 
 
Processing Stats: 
[1] 0.102143 -0.061649 (51) WT +J(CM:0, PgRf:0, Rd:0/0, Dy:0/0, Lg:758406/1672) +M(C:0K, Fs:879, WS:60K # 104K, PF:60K # 104K, P:60K). 
Log record of type 'Insert   ' was seen most frequently (479 times)"
"7/8/2026 11:12:23 PM","105","Information","ESENT","certsrv.exe (2792,D,0) The database engine started a new instance (0). (Time=0 seconds) 
 
Additional Data:
  
 
Internal Timing Sequence: 
[1] 0.001499 +J(0) +M(C:0K, Fs:171, WS:668K # 668K, PF:2880K # 2612K, P:2880K)
[2] 0.000444 +J(0) +M(C:3200K, Fs:141, WS:552K # 552K, PF:3676K # 3676K, P:3676K)
[3] 0.000016 +J(0) +M(C:0K, Fs:4, WS:12K # 12K, PF:68K # 68K, P:68K)
[4] 0.000093 +J(0) +M(C:0K, Fs:20, WS:80K # 80K, PF:516K # 516K, P:516K)
[5] 0.000710 +J(0) +M(C:0K, Fs:7, WS:28K # 28K, PF:0K # 0K, P:0K)
[6] 0.005451 +J(0) +M(C:0K, Fs:32, WS:128K # 128K, PF:12K # 12K, P:12K)
[7] 0.013214 -0.009995 (3) WT +J(0) +M(C:0K, Fs:274, WS:1096K # 1096K, PF:1024K # 1024K, P:1024K)
[8] -
[9] -
[10] -
[11] -
[12] -
[13] 0.026276 -0.011907 (4) WT +J(CM:0, PgRf:0, Rd:0/0, Dy:0/0, Lg:616/1) +M(C:0K, Fs:24, WS:-940K # 76K, PF:-952K # 76K, P:-952K)
[14] 0.000015 +J(0)
[15] 0.000158 +J(0) +M(C:0K, Fs:100, WS:400K # 0K, PF:64K # 0K, P:64K)
[16] 0.002067 -0.001908 (1) WT +J(0) +M(C:0K, Fs:3, WS:4K # 0K, PF:0K # 0K, P:0K)."
"7/8/2026 11:12:23 PM","335","Information","ESENT","svchost (2624,R,98) DDP: Replay of a Create for database ""C:\RemoteInstall\Stores\Drivers\Metadata\DdpDb.mdb"" at log position (00000001,0001,0268) was deferred due to AttachFuture.  Additional information:  "
"7/8/2026 11:12:23 PM","102","Information","ESENT","certsrv.exe (2792,P,98) The database engine (10.00.20348.0000) is starting a new instance (0)."
"7/8/2026 11:12:23 PM","300","Information","ESENT","svchost (2624,R,98) DDP: The database engine is initiating recovery steps."
"7/8/2026 11:12:23 PM","326","Information","ESENT","DFSRs (2908,D,50) \\.\C:\System Volume Information\DFSR\database_D030_CE70_30CE_5D5A\dfsr.db: The database engine attached a database (1, \\.\C:\System Volume Information\DFSR\database_D030_CE70_30CE_5D5A\dfsr.db). (Time=0 seconds) 
 
Saved Cache: 0 0 
Additional Data: lgposAttach = 00000001:00A7:0268,
dbv = 1568.180.400 (9360) 
 
Internal Timing Sequence: 
[1] 0.000006 +J(0) +M(C:0K, Fs:1, WS:4K # 0K, PF:0K # 0K, P:0K)
[2] 0.001040 -0.000807 (1) WT +J(0) +M(C:0K, Fs:19, WS:12K # 0K, PF:8K # 0K, P:8K)
[3] 0.013662 -0.007497 (6) WT +J(CM:0, PgRf:0, Rd:0/0, Dy:0/0, Lg:3480/2) +M(C:0K, Fs:36, WS:132K # 0K, PF:172K # 0K, P:172K)
[4] 0.000118 +J(0)
[5] -
[6] -
[7] -
[8] 0.000862 -0.000555 (2) CM -0.000440 (2) WT +J(CM:2, PgRf:2, Rd:14/2, Dy:0/0, Lg:54/1) +M(C:-8K, Fs:61, WS:236K # 0K, PF:140K # 0K, P:140K)
[9] 0.003316 -0.002985 (2) CM -0.002924 (2) WT +J(CM:2, PgRf:23, Rd:0/1, Dy:0/0, Lg:0/0) +M(C:-12K, Fs:30, WS:108K # 0K, PF:188K # 0K, P:188K)
[10] 0.000725 -0.000609 (1) CM -0.000542 (1) WT +J(CM:1, PgRf:40, Rd:0/1, Dy:0/0, Lg:0/0) +M(C:-4K, Fs:6, WS:20K # 0K, PF:60K # 0K, P:60K)
[11] 0.000017 +J(CM:0, PgRf:1, Rd:0/0, Dy:0/0, Lg:0/0) +M(C:0K, Fs:4, WS:16K # 0K, PF:0K # 0K, P:0K)
[12] 0.000028 +J(CM:0, PgRf:36, Rd:0/0, Dy:0/0, Lg:0/0) +M(C:0K, Fs:1, WS:4K # 0K, PF:0K # 0K, P:0K)
[13] 0.0 +J(0)
[14] 0.0 +J(0)
[15] 0.000006 +J(CM:0, PgRf:1, Rd:0/0, Dy:0/0, Lg:0/0)."
"7/8/2026 11:12:23 PM","102","Information","ESENT","svchost (2624,P,98) DDP: The database engine (10.00.20348.0000) is starting a new instance (1)."
"7/8/2026 11:12:23 PM","105","Information","ESENT","DFSRs (2908,D,0) \\.\C:\System Volume Information\DFSR\database_D030_CE70_30CE_5D5A\dfsr.db: The database engine started a new instance (0). (Time=0 seconds) 
 
Additional Data:
  
 
Internal Timing Sequence: 
[1] 0.013572 +J(0) +M(C:0K, Fs:264, WS:952K # 960K, PF:6412K # 6500K, P:6412K)
[2] 0.000305 +J(0) +M(C:16K, Fs:97, WS:380K # 372K, PF:316K # 228K, P:316K)
[3] 0.000021 +J(0) +M(C:0K, Fs:3, WS:12K # 12K, PF:64K # 64K, P:64K)
[4] 0.000206 +J(0) +M(C:2032K, Fs:32, WS:120K # 120K, PF:2432K # 2432K, P:2432K)
[5] 0.001005 +J(0) +M(C:0K, Fs:10, WS:40K # 40K, PF:24K # 24K, P:24K)
[6] 0.002795 +J(0) +M(C:0K, Fs:33, WS:132K # 132K, PF:80K # 80K, P:80K)
[7] 0.034157 -0.027983 (11) WT +J(0) +M(C:0K, Fs:1301, WS:5192K # 5192K, PF:5132K # 5132K, P:5132K)
[8] -
[9] -
[10] -
[11] -
[12] -
[13] 0.024382 -0.016034 (12) WT +J(CM:0, PgRf:0, Rd:0/0, Dy:0/0, Lg:616/1) +M(C:0K, Fs:7, WS:-5100K # 16K, PF:-5124K # 16K, P:-5124K)
[14] 0.000022 +J(0)
[15] 0.000123 +J(0) +M(C:0K, Fs:64, WS:256K # 0K, PF:64K # 0K, P:64K)
[16] 0.000936 -0.000711 (1) WT +J(0) +M(C:0K, Fs:3, WS:4K # 0K, PF:0K # 0K, P:0K)."
"7/8/2026 11:12:23 PM","517","Information","WDSServer","Provider WDSDCPXE loaded from C:\Windows\system32\wdsdcpxe.dll and initialized successfully."
"7/8/2026 11:12:23 PM","102","Information","ESENT","DFSRs (2908,P,98) \\.\C:\System Volume Information\DFSR\database_D030_CE70_30CE_5D5A\dfsr.db: The database engine (10.00.20348.0000) is starting a new instance (0)."
"7/8/2026 11:12:23 PM","517","Information","WDSServer","Provider WDSDCMGR loaded from C:\Windows\system32\wdsdcmgr.dll and initialized successfully."
"7/8/2026 11:12:21 PM","1000","Information","VGAuth","vmtoolsd: Username and password mismatch for 'Administrator'"
"7/8/2026 11:12:16 PM","1000","Information","VGAuth","vmtoolsd: Username and password mismatch for 'Administrator'"
"7/8/2026 11:12:11 PM","9027","Information","Desktop Window Manager","The Desktop Window Manager has registered the session port."
"7/8/2026 11:12:11 PM","1000","Information","VGAuth","vmtoolsd: Username and password mismatch for 'Administrator'"
"7/8/2026 11:11:58 PM","271","Information","VMUpgradeHelper","Restored network configuration."
"7/8/2026 11:11:57 PM","0","Information","Microsoft Deployment Toolkit Monitor Service","Service started successfully."
"7/8/2026 11:11:56 PM","258","Information","VMUpgradeHelper","Restoring network configuration."
"7/8/2026 11:11:55 PM","5617","Information","Microsoft-Windows-WMI","Windows Management Instrumentation Service subsystems initialized successfully"
"7/8/2026 11:11:55 PM","4202","Information","Microsoft-Windows-MSDTC 2","MSDTC started with the following settings: Security Configuration (OFF = 0 and ON = 1): Allow Remote Administrator = 0, Network Clients = 0, Transaction Manager Communication:  Allow Inbound Transactions = 0, Allow Outbound Transactions = 0, Transaction Internet Protocol (TIP) = 0,  Enable XA Transactions = 0,  Enable SNA LU 6.2 Transactions = 1,  MSDTC Communications Security = Mutual Authentication Required, Account = NT AUTHORITY\NetworkService,  Firewall Exclusion Detected = 0 Transaction Bridge Installed = 0 Filtering Duplicate Events = 1"
"7/8/2026 11:11:55 PM","781","Information","Microsoft-Windows-Complus","The COM+ sub system is suppressing duplicate event log entries for a duration of 86400 seconds.  The suppression timeout can be controlled by a REG_DWORD value named SuppressDuplicateDuration under the following registry key: HKLM\Software\Microsoft\COM3\Eventlog."
"7/8/2026 11:11:54 PM","517","Information","WDSServer","Provider WDSTFTP loaded from C:\Windows\system32\wdstftp.dll and initialized successfully."
"7/8/2026 11:11:54 PM","517","Information","WDSServer","Provider WDSMDMGR loaded from C:\Windows\system32\wdsmdmgr.dll and initialized successfully."
"7/8/2026 11:11:54 PM","326","Information","ESENT","svchost (2624,D,50) WDS: The database engine attached a database (1, C:\RemoteInstall\Stores\Metadata\WDSMD.mdb). (Time=0 seconds) 
 
Saved Cache: 1 0 
Additional Data: lgposAttach = 00000001:0086:0268,
dbv = 1568.180.400 (9360) 
 
Internal Timing Sequence: 
[1] 0.000002 +J(0)
[2] 0.000457 -0.000239 (1) WT +J(0) +M(C:0K, Fs:24, WS:32K # 0K, PF:32K # 0K, P:32K)
[3] 0.012430 -0.008288 (6) WT +J(CM:0, PgRf:0, Rd:0/0, Dy:0/0, Lg:3480/2) +M(C:0K, Fs:14, WS:24K # 0K, PF:20K # 0K, P:20K)
[4] 0.000098 +J(0)
[5] -
[6] -
[7] -
[8] 0.002444 -0.002110 (2) CM -0.002017 (2) WT +J(CM:2, PgRf:2, Rd:4/2, Dy:0/0, Lg:54/1) +M(C:120K, Fs:46, WS:128K # 0K, PF:140K # 0K, P:140K)
[9] 0.004233 -0.003642 (3) CM -0.003360 (3) WT +J(CM:3, PgRf:16, Rd:0/2, Dy:0/0, Lg:0/0) +M(C:-16K, Fs:40, WS:80K # 0K, PF:208K # 0K, P:208K)
[10] 0.000730 -0.000589 (1) CM -0.000526 (1) WT +J(CM:1, PgRf:35, Rd:0/1, Dy:0/0, Lg:0/0) +M(C:-28K, Fs:4, WS:-12K # 0K, PF:36K # 0K, P:36K)
[11] 0.000019 +J(CM:0, PgRf:1, Rd:0/0, Dy:0/0, Lg:0/0) +M(C:0K, Fs:3, WS:12K # 0K, PF:0K # 0K, P:0K)
[12] 0.000056 +J(CM:0, PgRf:42, Rd:0/0, Dy:0/0, Lg:0/0) +M(C:0K, Fs:1, WS:4K # 0K, PF:0K # 0K, P:0K)
[13] 0.000001 +J(0)
[14] 0.0 +J(0)
[15] 0.000006 +J(CM:0, PgRf:1, Rd:0/0, Dy:0/0, Lg:0/0)."
"7/8/2026 11:11:54 PM","105","Information","ESENT","svchost (2624,D,0) WDS: The database engine started a new instance (0). (Time=0 seconds) 
 
Additional Data:
 lgposV2[] = 00000001:0001:0000 - 00000001:0083:0309 - 00000001:0084:0000 - 00000001:0084:0000 (00000000:0000:0000)
cReInits = 36
 
 
Internal Timing Sequence: 
[1] 0.027662 +J(0) +M(C:0K, Fs:235, WS:920K # 920K, PF:5392K # 5392K, P:5392K)
[2] 0.000917 +J(0) +M(C:64K, Fs:98, WS:388K # 388K, PF:372K # 372K, P:372K)
[3] 0.000861 +J(0) +M(C:0K, Fs:5, WS:20K # 20K, PF:64K # 64K, P:64K)
[4] 0.000187 +J(0) +M(C:0K, Fs:22, WS:84K # 84K, PF:228K # 228K, P:228K)
[5] 0.027597 +J(0) +M(C:0K, Fs:9, WS:36K # 36K, PF:16K # 16K, P:16K)
[6] 0.004430 +J(0) +M(C:0K, Fs:24, WS:92K # 92K, PF:16K # 16K, P:16K)
[7] 0.035238 -0.024243 (11) WT +J(0) +M(C:0K, Fs:1299, WS:5188K # 5188K, PF:5128K # 5128K, P:5128K)
[8] 0.164220 -0.133668 (54) WT +J(CM:0, PgRf:0, Rd:0/0, Dy:0/0, Lg:531260/1010) +M(C:0K, Fs:965, WS:392K # 424K, PF:252K # 284K, P:252K)
[9] 0.000933 +J(0) +M(C:0K, Fs:4, WS:16K # 0K, PF:4K # 0K, P:4K)
[10] 0.029696 -0.027216 (10) WT +J(0) +M(C:0K, Fs:0, WS:-5116K # 0K, PF:-5120K # 0K, P:-5120K)
[11] 0.000030 +J(CM:0, PgRf:0, Rd:0/0, Dy:0/0, Lg:49/1) +M(C:0K, Fs:2, WS:8K # 0K, PF:0K # 0K, P:0K)
[12] 0.000046 +J(0)
[13] 0.090717 -0.001678 (2) CM -0.064211 (31) WT +J(CM:2, PgRf:2, Rd:0/2, Dy:0/0, Lg:8759/5) +M(C:-56K, Fs:1350, WS:44K # 40K, PF:76K # 64K, P:76K)
[14] 0.000020 +J(0)
[15] 0.000046 +J(0)
[16] 0.003343 -0.003177 (1) WT +J(0) +M(C:0K, Fs:2, WS:0K # 0K, PF:0K # 0K, P:0K)."
"7/8/2026 11:11:54 PM","302","Information","ESENT","svchost (2624,U,98) WDS: The database engine has successfully completed recovery steps."
"7/8/2026 11:11:54 PM","301","Information","ESENT","svchost (2624,R,98) WDS: The database engine has finished replaying logfile C:\RemoteInstall\Stores\Metadata\WDS.log. 
 
Processing Stats: 
[1] 0.155653 -0.132225 (51) WT +J(CM:0, PgRf:0, Rd:0/0, Dy:0/0, Lg:531260/1010) +M(C:0K, Fs:922, WS:228K # 260K, PF:168K # 200K, P:168K). 
Log record of type 'Insert   ' was seen most frequently (277 times)"
"7/8/2026 11:11:54 PM","335","Information","ESENT","svchost (2624,R,98) WDS: Replay of a Create for database ""C:\RemoteInstall\Stores\Metadata\WDSMD.mdb"" at log position (00000001,0001,0268) was deferred due to AttachFuture.  Additional information:  "
"7/8/2026 11:11:54 PM","300","Information","ESENT","svchost (2624,R,98) WDS: The database engine is initiating recovery steps."
"7/8/2026 11:11:53 PM","5615","Information","Microsoft-Windows-WMI","Windows Management Instrumentation Service started sucessfully"
"7/8/2026 11:11:54 PM","102","Information","ESENT","svchost (2624,P,98) WDS: The database engine (10.00.20348.0000) is starting a new instance (0)."
"7/8/2026 11:11:54 PM","517","Information","WDSServer","Provider WDSMC loaded from C:\Windows\system32\wdsmc.dll and initialized successfully."
"7/8/2026 11:11:54 PM","1025","Information","WDSServer","The RPC server started on TCP port 5040. 
"
"7/8/2026 11:11:53 PM","105","Information","VMTools","The service was started."
"7/8/2026 11:11:43 PM","1531","Information","Microsoft-Windows-User Profiles Service","The User Profile Service has started successfully.  

"
"7/8/2026 11:11:27 PM","38","Information","Microsoft-Windows-CertificationAuthority","Active Directory Certificate Services for scaffold-DC-CA was stopped."
"7/8/2026 11:11:26 PM","1532","Information","Microsoft-Windows-User Profiles Service","The User Profile Service has stopped.  

"
"7/8/2026 11:11:26 PM","4111","Information","Microsoft-Windows-MSDTC","The MS DTC service is stopping."
"7/8/2026 11:11:26 PM","17147","Information","MSSQL$SQLEXPRESS","SQL Server is terminating because of a system shutdown. This is an informational message only. No user action is required."
"7/8/2026 11:11:26 PM","108","Information","VMTools","The service was stopped."
"7/8/2026 11:11:26 PM","272","Information","VMUpgradeHelper","Saved network configuration."
"7/8/2026 11:11:26 PM","260","Information","VMUpgradeHelper","Saving network configuration."
"7/8/2026 11:11:17 PM","1000","Information","VGAuth","vmtoolsd: Username and password successfully validated for 'Administrator'"
"7/8/2026 11:11:17 PM","1000","Information","VGAuth","vmtoolsd: Username and password successfully validated for 'Administrator'"
"7/8/2026 11:11:17 PM","1000","Information","VGAuth","vmtoolsd: Username and password successfully validated for 'Administrator'"
"7/8/2026 11:11:17 PM","1000","Information","VGAuth","vmtoolsd: Username and password successfully validated for 'Administrator'"
"7/8/2026 11:11:16 PM","1000","Information","VGAuth","vmtoolsd: Username and password successfully validated for 'Administrator'"
"7/8/2026 11:11:16 PM","1000","Information","VGAuth","vmtoolsd: Username and password successfully validated for 'Administrator'"
"7/8/2026 11:11:16 PM","1000","Information","VGAuth","vmtoolsd: Username and password successfully validated for 'Administrator'"
"7/8/2026 11:11:16 PM","1000","Information","VGAuth","vmtoolsd: Username and password successfully validated for 'Administrator'"
"7/8/2026 11:11:16 PM","1000","Information","VGAuth","vmtoolsd: Username and password successfully validated for 'Administrator'"
"7/8/2026 11:11:14 PM","1000","Information","VGAuth","vmtoolsd: Username and password successfully validated for 'Administrator'"
"7/8/2026 11:11:13 PM","1000","Information","VGAuth","vmtoolsd: Username and password successfully validated for 'Administrator'"
"7/8/2026 11:11:13 PM","1000","Information","VGAuth","vmtoolsd: Username and password successfully validated for 'Administrator'"
"7/8/2026 11:11:13 PM","1000","Information","VGAuth","vmtoolsd: Username and password successfully validated for 'Administrator'"
"7/8/2026 11:11:13 PM","1000","Information","VGAuth","vmtoolsd: Username and password successfully validated for 'Administrator'"
"7/8/2026 11:11:13 PM","1000","Information","VGAuth","vmtoolsd: Username and password successfully validated for 'Administrator'"
"7/8/2026 11:11:13 PM","1000","Information","VGAuth","vmtoolsd: Username and password successfully validated for 'Administrator'"
"7/8/2026 11:11:13 PM","1000","Information","VGAuth","vmtoolsd: Username and password successfully validated for 'Administrator'"
"7/8/2026 11:11:13 PM","1000","Information","VGAuth","vmtoolsd: Username and password successfully validated for 'Administrator'"
"7/8/2026 11:11:12 PM","1000","Information","VGAuth","vmtoolsd: Username and password successfully validated for 'Administrator'"
"7/8/2026 11:11:12 PM","1017","Error","Microsoft-Windows-Security-SPP","Installation of the Proof of Purchase failed. 0xC004F069
Partial Pkey=2WJDW
ACID=?
Detailed Error[?]
"
