"9/1/2026 9:55:20 PM","26","Information","Microsoft-Windows-CertificationAuthority","Active Directory Certificate Services for scaffold-DC-CA was started.  DC=dc.scaffold.htb"
"9/1/2026 9:55:20 PM","326","Information","ESENT","svchost (2596,D,50) AAP: The database engine attached a database (5, C:\RemoteInstall\Mgmt\binlsvcdb.mdb). (Time=0 seconds) 
 
Saved Cache: 1 0 
Additional Data: lgposAttach = 00000001:00B7:0268,
dbv = 1568.180.400 (9360) 
 
Internal Timing Sequence: 
[1] 0.000004 +J(0)
[2] 0.003613 -0.003354 (1) WT +J(0) +M(C:0K, Fs:24, WS:32K # 0K, PF:32K # 0K, P:32K)
[3] 0.024792 -0.017449 (6) WT +J(CM:0, PgRf:0, Rd:0/0, Dy:0/0, Lg:3480/2) +M(C:0K, Fs:13, WS:20K # 0K, PF:20K # 0K, P:20K)
[4] 0.000162 +J(0)
[5] -
[6] -
[7] -
[8] 0.000421 +J(CM:0, PgRf:2, Rd:14/0, Dy:0/0, Lg:54/1) +M(C:180K, Fs:47, WS:188K # 0K, PF:200K # 0K, P:200K)
[9] 0.009751 -0.009480 (2) CM -0.008991 (2) WT +J(CM:2, PgRf:16, Rd:0/1, Dy:0/0, Lg:0/0) +M(C:-16K, Fs:0, WS:-80K # 0K, PF:-16K # 0K, P:-16K)
[10] 0.003312 -0.003180 (1) CM -0.003123 (1) WT +J(CM:1, PgRf:35, Rd:0/1, Dy:0/0, Lg:0/0) +M(C:-28K, Fs:8, WS:4K # 0K, PF:-28K # 0K, P:-28K)
[11] 0.000012 +J(CM:0, PgRf:1, Rd:0/0, Dy:0/0, Lg:0/0)
[12] 0.000043 +J(CM:0, PgRf:42, Rd:0/0, Dy:0/0, Lg:0/0)
[13] 0.0 +J(0)
[14] 0.0 +J(0)
[15] 0.000005 +J(CM:0, PgRf:1, Rd:0/0, Dy:0/0, Lg:0/0)."
"9/1/2026 9:55:20 PM","105","Information","ESENT","svchost (2596,D,0) AAP: The database engine started a new instance (2). (Time=0 seconds) 
 
Additional Data:
 lgposV2[] = 00000001:0001:0000 - 00000001:00B4:02FB - 00000001:00B5:0000 - 00000001:00B5:0000 (00000000:0000:0000)
cReInits = 49
 
 
Internal Timing Sequence: 
[1] -
[2] -
[3] 0.000043 +J(0) +M(C:0K, Fs:3, WS:12K # 0K, PF:0K # 0K, P:0K)
[4] 0.000151 +J(0) +M(C:0K, Fs:9, WS:32K # 0K, PF:164K # 0K, P:164K)
[5] 0.002064 +J(0) +M(C:0K, Fs:8, WS:32K # 0K, PF:32K # 0K, P:32K)
[6] 0.004483 +J(0) +M(C:0K, Fs:2, WS:8K # 0K, PF:16K # 0K, P:16K)
[7] 0.023142 -0.018014 (11) WT +J(0) +M(C:0K, Fs:1282, WS:5120K # 1928K, PF:5128K # 772K, P:5128K)
[8] 0.415067 -0.379284 (67) WT +J(CM:0, PgRf:0, Rd:0/0, Dy:0/0, Lg:730014/1281) +M(C:0K, Fs:1230, WS:204K # 248K, PF:80K # 120K, P:80K)
[9] 0.000831 +J(0)
[10] 0.014475 -0.012085 (10) WT +J(0) +M(C:0K, Fs:0, WS:-5116K # 0K, PF:-5120K # 0K, P:-5120K)
[11] 0.000025 +J(CM:0, PgRf:0, Rd:0/0, Dy:0/0, Lg:49/1) +M(C:0K, Fs:1, WS:4K # 0K, PF:0K # 0K, P:0K)
[12] 0.000682 +J(0)
[13] 0.405182 -0.010789 (2) CM -0.368095 (31) WT +J(CM:2, PgRf:2, Rd:0/2, Dy:0/0, Lg:8759/5) +M(C:-56K, Fs:1324, WS:-52K # 0K, PF:-124K # 0K, P:-124K)
[14] 0.000021 +J(0)
[15] 0.000021 +J(0)
[16] 0.002590 -0.002456 (1) WT +J(0) +M(C:0K, Fs:2, WS:0K # 0K, PF:0K # 0K, P:0K)."
"9/1/2026 9:55:20 PM","325","Information","ESENT","DFSRs (2848,D,35) \\.\C:\System Volume Information\DFSR\database_D030_CE70_30CE_5D5A\dfsr.db: The database engine created a new database (1, \\.\C:\System Volume Information\DFSR\database_D030_CE70_30CE_5D5A\dfsr.db). (Time=1 seconds) 
 
Additional Data: lgposCreate = 00000001:0001:0268,
dbv = 1568.180.400 (9360) 
 
Internal Timing Sequence: 
[1] 0.000117 +J(0) +M(C:0K, Fs:6, WS:24K # 0K, PF:12K # 0K, P:12K)
[2] 0.004322 -0.001779 (1) WT +J(CM:0, PgRf:0, Rd:0/0, Dy:0/0, Lg:3480/2) +M(C:0K, Fs:4, WS:16K # 0K, PF:0K # 0K, P:0K)
[3] 1.270919 -0.000004 (3) WT +J(0) +M(C:0K, Fs:11, WS:36K # 0K, PF:20K # 0K, P:20K)
[4] 0.001125 +J(0) +M(C:0K, Fs:1, WS:4K # 0K, PF:0K # 0K, P:0K)
[5] 0.019422 -0.014700 (3) WT +J(CM:0, PgRf:3, Rd:0/0, Dy:3/6, Lg:122/4) +M(C:0K, Fs:43, WS:164K # 0K, PF:256K # 0K, P:256K)
[6] 0.005257 -0.000877 (2) WT +J(CM:0, PgRf:209, Rd:0/0, Dy:12/408, Lg:24454/447) +M(C:0K, Fs:78, WS:308K # 0K, PF:228K # 0K, P:228K)
[7] 0.005376 -0.003933 (3) WT +J(CM:0, PgRf:0, Rd:0/0, Dy:0/0, Lg:4096/3) +M(C:0K, Fs:4, WS:8K # 0K, PF:0K # 0K, P:0K)
[8] 0.000003 +J(0)
[9] 0.016140 -0.015176 (4) WT +J(0) +M(C:-52K, Fs:9, WS:-24K # 0K, PF:-48K # 0K, P:-48K)
[10] 0.298493 -0.292557 (5) WT +J(CM:0, PgRf:348, Rd:0/0, Dy:7/93, Lg:12509/130) +M(C:12K, Fs:45, WS:172K # 0K, PF:96K # 0K, P:96K)
[11] 0.000003 +J(0)."
"9/1/2026 9:55:20 PM","302","Information","ESENT","svchost (2596,U,98) AAP: The database engine has successfully completed recovery steps."
"9/1/2026 9:55:20 PM","33218","Information","MSSQL$SQLEXPRESS","SQL Server Audit has started the audits. This is an informational message. No user action is required."
"9/1/2026 9:55:20 PM","33217","Information","MSSQL$SQLEXPRESS","SQL Server Audit is starting the audits. This is an informational message. No user action is required."
"9/1/2026 9:55:20 PM","301","Information","ESENT","svchost (2596,R,98) AAP: The database engine has finished replaying logfile C:\RemoteInstall\Mgmt\AAP.log. 
 
Processing Stats: 
[1] 0.409307 -0.375071 (64) WT +J(CM:0, PgRf:0, Rd:0/0, Dy:0/0, Lg:730014/1281) +M(C:0K, Fs:1194, WS:68K # 112K, PF:72K # 104K, P:72K). 
Log record of type 'Insert   ' was seen most frequently (326 times)"
"9/1/2026 9:55:20 PM","335","Information","ESENT","svchost (2596,R,98) AAP: Replay of a Create for database ""C:\RemoteInstall\Mgmt\binlsvcdb.mdb"" at log position (00000001,0001,0268) was deferred due to AttachFuture.  Additional information:  "
"9/1/2026 9:55:20 PM","300","Information","ESENT","svchost (2596,R,98) AAP: The database engine is initiating recovery steps."
"9/1/2026 9:55:20 PM","102","Information","ESENT","svchost (2596,P,98) AAP: The database engine (10.00.20348.0000) is starting a new instance (2)."
"9/1/2026 9:55:19 PM","517","Information","WDSServer","Provider WdsImgSrv loaded from C:\Windows\system32\WdsImgSrv.dll and initialized successfully."
"9/1/2026 9:55:19 PM","256","Information","WDSIMGSRV","The Windows Deployment Services image server initialized successfully. 
"
"9/1/2026 9:55:19 PM","105","Information","ESENT","DFSRs (2848,D,0) \\.\C:\System Volume Information\DFSR\database_D030_CE70_30CE_5D5A\dfsr.db: The database engine started a new instance (0). (Time=2 seconds) 
 
Additional Data:
  
 
Internal Timing Sequence: 
[1] 0.000977 +J(0) +M(C:0K, Fs:205, WS:808K # 808K, PF:2672K # 2576K, P:2672K)
[2] 0.000355 +J(0) +M(C:16K, Fs:140, WS:548K # 548K, PF:4128K # 4128K, P:4128K)
[3] 0.000015 +J(0) +M(C:0K, Fs:3, WS:12K # 12K, PF:64K # 64K, P:64K)
[4] 0.000235 +J(0) +M(C:2032K, Fs:34, WS:128K # 128K, PF:2444K # 2444K, P:2444K)
[5] 0.001041 +J(0) +M(C:0K, Fs:10, WS:40K # 40K, PF:24K # 24K, P:24K)
[6] 0.000863 +J(0) +M(C:0K, Fs:14, WS:52K # 52K, PF:12K # 12K, P:12K)
[7] -
[8] -
[9] -
[10] -
[11] -
[12] -
[13] 1.439304 -0.088929 (22) WT +J(CM:0, PgRf:0, Rd:0/0, Dy:0/0, Lg:616/1) +M(C:0K, Fs:1523, WS:880K # 5984K, PF:128K # 5252K, P:128K)
[14] 0.000019 +J(0)
[15] 0.000153 +J(0) +M(C:0K, Fs:64, WS:256K # 0K, PF:64K # 0K, P:64K)
[16] 0.772367 -0.001682 (3) WT +J(0) +M(C:0K, Fs:10, WS:32K # 0K, PF:0K # 0K, P:0K)."
"9/1/2026 9:55:17 PM","517","Information","WDSServer","Provider WDSDDPS loaded from C:\Windows\system32\wdsddps.dll and initialized successfully."
"9/1/2026 9:55:17 PM","102","Information","ESENT","DFSRs (2848,P,98) \\.\C:\System Volume Information\DFSR\database_D030_CE70_30CE_5D5A\dfsr.db: The database engine (10.00.20348.0000) is starting a new instance (0)."
"9/1/2026 9:55:16 PM","326","Information","ESENT","certsrv.exe (2780,D,50) The database engine attached a database (1, C:\Windows\system32\CertLog\scaffold-DC-CA.edb). (Time=0 seconds) 
 
Saved Cache: 0 0 
Additional Data: lgposAttach = 00000005:0094:0268,
dbv = 1568.180.400 (9360) 
 
Internal Timing Sequence: 
[1] 0.000005 +J(0) +M(C:0K, Fs:1, WS:4K # 0K, PF:0K # 0K, P:0K)
[2] 0.001770 -0.001513 (1) WT +J(0) +M(C:0K, Fs:18, WS:8K # 0K, PF:4K # 0K, P:4K)
[3] 0.041459 -0.029607 (6) WT +J(CM:0, PgRf:0, Rd:0/0, Dy:0/0, Lg:3480/2) +M(C:0K, Fs:26, WS:96K # 0K, PF:120K # 0K, P:120K)
[4] 0.000115 +J(0)
[5] -
[6] -
[7] -
[8] 0.003029 -0.002759 (2) CM -0.002591 (2) WT +J(CM:2, PgRf:2, Rd:14/2, Dy:0/0, Lg:54/1) +M(C:0K, Fs:40, WS:160K # 0K, PF:152K # 0K, P:152K)
[9] 0.002984 -0.002707 (3) CM -0.002540 (3) WT +J(CM:3, PgRf:23, Rd:0/2, Dy:0/0, Lg:0/0) +M(C:0K, Fs:31, WS:124K # 0K, PF:196K # 0K, P:196K)
[10] 0.001094 -0.000947 (1) CM -0.000872 (1) WT +J(CM:1, PgRf:40, Rd:0/1, Dy:0/0, Lg:0/0) +M(C:0K, Fs:5, WS:20K # 0K, PF:64K # 0K, P:64K)
[11] 0.000020 +J(CM:0, PgRf:1, Rd:0/0, Dy:0/0, Lg:0/0) +M(C:0K, Fs:4, WS:16K # 0K, PF:0K # 0K, P:0K)
[12] 0.000045 +J(CM:0, PgRf:42, Rd:0/0, Dy:0/0, Lg:0/0) +M(C:0K, Fs:1, WS:4K # 0K, PF:0K # 0K, P:0K)
[13] 0.0 +J(0)
[14] 0.0 +J(0)
[15] 0.000005 +J(CM:0, PgRf:1, Rd:0/0, Dy:0/0, Lg:0/0)."
"9/1/2026 9:55:16 PM","105","Information","ESENT","certsrv.exe (2780,D,0) The database engine started a new instance (0). (Time=0 seconds) 
 
Additional Data:
  
 
Internal Timing Sequence: 
[1] 0.001471 +J(0) +M(C:0K, Fs:170, WS:668K # 668K, PF:2884K # 2616K, P:2884K)
[2] 0.000529 +J(0) +M(C:3200K, Fs:135, WS:524K # 524K, PF:3648K # 3648K, P:3648K)
[3] 0.000019 +J(0) +M(C:0K, Fs:4, WS:12K # 12K, PF:68K # 68K, P:68K)
[4] 0.000108 +J(0) +M(C:0K, Fs:20, WS:80K # 80K, PF:504K # 504K, P:504K)
[5] 0.000642 +J(0) +M(C:0K, Fs:9, WS:36K # 36K, PF:28K # 28K, P:28K)
[6] 0.005239 +J(0) +M(C:0K, Fs:33, WS:132K # 132K, PF:12K # 12K, P:12K)
[7] 0.011961 -0.008278 (3) WT +J(0) +M(C:0K, Fs:275, WS:1096K # 1096K, PF:1028K # 1028K, P:1028K)
[8] -
[9] -
[10] -
[11] -
[12] -
[13] 0.017585 -0.013363 (4) WT +J(CM:0, PgRf:0, Rd:0/0, Dy:0/0, Lg:616/1) +M(C:0K, Fs:6, WS:-1008K # 16K, PF:-1024K # 12K, P:-1024K)
[14] 0.000021 +J(0) +M(C:0K, Fs:1, WS:4K # 0K, PF:0K # 0K, P:0K)
[15] 0.000197 +J(0) +M(C:0K, Fs:101, WS:400K # 0K, PF:68K # 0K, P:68K)
[16] 0.001303 -0.001117 (1) WT +J(0) +M(C:0K, Fs:3, WS:4K # 0K, PF:0K # 0K, P:0K)."
"9/1/2026 9:55:16 PM","102","Information","ESENT","certsrv.exe (2780,P,98) The database engine (10.00.20348.0000) is starting a new instance (0)."
"9/1/2026 9:55:16 PM","326","Information","ESENT","svchost (2596,D,50) DDP: The database engine attached a database (3, C:\RemoteInstall\Stores\Drivers\Metadata\DdpDb.mdb). (Time=0 seconds) 
 
Saved Cache: 1 0 
Additional Data: lgposAttach = 00000001:00E5:0268,
dbv = 1568.180.400 (9360) 
 
Internal Timing Sequence: 
[1] 0.000003 +J(0)
[2] 0.002965 -0.002698 (1) WT +J(0) +M(C:0K, Fs:24, WS:32K # 0K, PF:32K # 0K, P:32K)
[3] 0.073437 -0.059330 (6) WT +J(CM:0, PgRf:0, Rd:0/0, Dy:0/0, Lg:3480/2) +M(C:0K, Fs:13, WS:20K # 0K, PF:20K # 0K, P:20K)
[4] 0.000115 +J(0)
[5] -
[6] -
[7] -
[8] 0.000453 +J(CM:0, PgRf:2, Rd:14/0, Dy:0/0, Lg:54/1) +M(C:64K, Fs:97, WS:388K # 0K, PF:84K # 0K, P:84K)
[9] 0.005728 -0.005451 (2) CM -0.005335 (2) WT +J(CM:2, PgRf:16, Rd:0/1, Dy:0/0, Lg:0/0) +M(C:-76K, Fs:9, WS:-40K # 0K, PF:-76K # 0K, P:-76K)
[10] 0.001049 -0.000886 (1) CM -0.000815 (1) WT +J(CM:1, PgRf:35, Rd:0/1, Dy:0/0, Lg:0/0) +M(C:-4K, Fs:7, WS:0K # 0K, PF:-4K # 0K, P:-4K)
[11] 0.000012 +J(CM:0, PgRf:1, Rd:0/0, Dy:0/0, Lg:0/0)
[12] 0.000041 +J(CM:0, PgRf:42, Rd:0/0, Dy:0/0, Lg:0/0)
[13] 0.0 +J(0)
[14] 0.0 +J(0)
[15] 0.000005 +J(CM:0, PgRf:1, Rd:0/0, Dy:0/0, Lg:0/0)."
"9/1/2026 9:55:16 PM","105","Information","ESENT","svchost (2596,D,0) DDP: The database engine started a new instance (1). (Time=0 seconds) 
 
Additional Data:
 lgposV2[] = 00000001:0001:0000 - 00000001:00E2:0319 - 00000001:00E3:0000 - 00000001:00E3:0000 (00000000:0000:0000)
cReInits = 49
 
 
Internal Timing Sequence: 
[1] -
[2] -
[3] 0.000037 +J(0) +M(C:0K, Fs:3, WS:12K # 12K, PF:0K # 0K, P:0K)
[4] 0.000154 +J(0) +M(C:0K, Fs:10, WS:40K # 40K, PF:156K # 0K, P:156K)
[5] 0.000787 +J(0) +M(C:0K, Fs:4, WS:16K # 16K, PF:16K # 0K, P:16K)
[6] 0.001446 +J(0) +M(C:0K, Fs:2, WS:8K # 8K, PF:16K # 0K, P:16K)
[7] 0.021601 -0.017288 (11) WT +J(0) +M(C:0K, Fs:1283, WS:5120K # 5120K, PF:5132K # 4412K, P:5132K)
[8] 0.445011 -0.409825 (67) WT +J(CM:0, PgRf:0, Rd:0/0, Dy:0/0, Lg:916590/1776) +M(C:0K, Fs:1227, WS:196K # 240K, PF:72K # 116K, P:72K)
[9] 0.000560 +J(0)
[10] 0.025204 -0.022336 (10) WT +J(0) +M(C:0K, Fs:0, WS:-5116K # 0K, PF:-5128K # 0K, P:-5128K)
[11] 0.000027 +J(CM:0, PgRf:0, Rd:0/0, Dy:0/0, Lg:49/1) +M(C:0K, Fs:1, WS:4K # 0K, PF:0K # 0K, P:0K)
[12] 0.000043 +J(0)
[13] 0.346661 -0.002148 (2) CM -0.313115 (31) WT +J(CM:2, PgRf:2, Rd:0/2, Dy:0/0, Lg:8759/5) +M(C:40K, Fs:1329, WS:-40K # 0K, PF:-8K # 0K, P:-8K)
[14] 0.000019 +J(0)
[15] 0.000093 +J(0)
[16] 0.001232 -0.001065 (1) WT +J(0) +M(C:0K, Fs:2, WS:0K # 0K, PF:0K # 0K, P:0K)."
"9/1/2026 9:55:16 PM","302","Information","ESENT","svchost (2596,U,98) DDP: The database engine has successfully completed recovery steps."
"9/1/2026 9:55:15 PM","301","Information","ESENT","svchost (2596,R,98) DDP: The database engine has finished replaying logfile C:\RemoteInstall\Stores\Drivers\Metadata\DDP.log. 
 
Processing Stats: 
[1] 0.407393 -0.373651 (64) WT +J(CM:0, PgRf:0, Rd:0/0, Dy:0/0, Lg:916590/1776) +M(C:0K, Fs:1192, WS:64K # 108K, PF:64K # 100K, P:64K). 
Log record of type 'Insert   ' was seen most frequently (479 times)"
"9/1/2026 9:55:15 PM","335","Information","ESENT","svchost (2596,R,98) DDP: Replay of a Create for database ""C:\RemoteInstall\Stores\Drivers\Metadata\DdpDb.mdb"" at log position (00000001,0001,0268) was deferred due to AttachFuture.  Additional information:  "
"9/1/2026 9:55:15 PM","300","Information","ESENT","svchost (2596,R,98) DDP: The database engine is initiating recovery steps."
"9/1/2026 9:55:15 PM","102","Information","ESENT","svchost (2596,P,98) DDP: The database engine (10.00.20348.0000) is starting a new instance (1)."
"9/1/2026 9:55:15 PM","517","Information","WDSServer","Provider WDSDCPXE loaded from C:\Windows\system32\wdsdcpxe.dll and initialized successfully."
"9/1/2026 9:55:15 PM","517","Information","WDSServer","Provider WDSDCMGR loaded from C:\Windows\system32\wdsdcmgr.dll and initialized successfully."
"9/1/2026 9:55:15 PM","271","Information","VMUpgradeHelper","Restored network configuration."
"9/1/2026 9:55:15 PM","17137","Information","MSSQL$SQLEXPRESS","Starting up database 'master'."
"9/1/2026 9:55:14 PM","4202","Information","Microsoft-Windows-MSDTC 2","MSDTC started with the following settings: Security Configuration (OFF = 0 and ON = 1): Allow Remote Administrator = 0, Network Clients = 0, Transaction Manager Communication:  Allow Inbound Transactions = 0, Allow Outbound Transactions = 0, Transaction Internet Protocol (TIP) = 0,  Enable XA Transactions = 0,  Enable SNA LU 6.2 Transactions = 1,  MSDTC Communications Security = Mutual Authentication Required, Account = NT AUTHORITY\NetworkService,  Firewall Exclusion Detected = 0 Transaction Bridge Installed = 0 Filtering Duplicate Events = 1"
"9/1/2026 9:55:13 PM","1000","Information","VGAuth","vmtoolsd: Username and password successfully validated for 'Administrator'"
"9/1/2026 9:55:11 PM","1000","Information","VGAuth","vmtoolsd: Username and password mismatch for 'Administrator'"
"9/1/2026 9:55:10 PM","6253","Information","MSSQL$SQLEXPRESS","Common language runtime (CLR) functionality initialized using CLR version v4.0.30319 from C:\Windows\Microsoft.NET\Framework64\v4.0.30319\."
"9/1/2026 9:55:09 PM","1000","Information","VGAuth","vmtoolsd: Username and password mismatch for 'Administrator'"
"9/1/2026 9:55:07 PM","49910","Information","MSSQL$SQLEXPRESS","Software Usage Metrics is disabled."
"9/1/2026 9:55:07 PM","9048","Information","MSSQL$SQLEXPRESS","clwb is selected for pmem flush operation."
"9/1/2026 9:55:07 PM","49921","Information","MSSQL$SQLEXPRESS","Total Log Writer threads: 1. This is an informational message; no user action is required."
"9/1/2026 9:55:07 PM","17118","Information","MSSQL$SQLEXPRESS","Database Instant File Initialization: disabled. For security and performance considerations see the topic 'Database Instant File Initialization' in SQL Server Books Online. This is an informational message only. No user action is required."
"9/1/2026 9:55:06 PM","0","Information","Microsoft Deployment Toolkit Monitor Service","Service started successfully."
"9/1/2026 9:55:04 PM","258","Information","VMUpgradeHelper","Restoring network configuration."
"9/1/2026 9:55:01 PM","17125","Information","MSSQL$SQLEXPRESS","Using dynamic lock allocation.  Initial allocation of 2500 Lock blocks and 5000 Lock Owner blocks per node.  This is an informational message only.  No user action is required."
"9/1/2026 9:55:01 PM","17152","Information","MSSQL$SQLEXPRESS","Node configuration: node 0: CPU mask: 0x0000000000000003:0 Active CPU mask: 0x0000000000000003:0. This message provides a description of the NUMA configuration for this computer. This is an informational message only. No user action is required."
"9/1/2026 9:55:01 PM","17811","Information","MSSQL$SQLEXPRESS","The maximum number of dedicated administrator connections for this instance is '1'"
"9/1/2026 9:55:01 PM","17176","Information","MSSQL$SQLEXPRESS","This instance of SQL Server last reported using a process ID of 4244 at 9/1/2026 9:46:22 PM (local) 9/2/2026 4:46:22 AM (UTC). This is an informational message only; no user action is required."
"9/1/2026 9:55:01 PM","781","Information","Microsoft-Windows-Complus","The COM+ sub system is suppressing duplicate event log entries for a duration of 86400 seconds.  The suppression timeout can be controlled by a REG_DWORD value named SuppressDuplicateDuration under the following registry key: HKLM\Software\Microsoft\COM3\Eventlog."
"9/1/2026 9:54:59 PM","873","Information","MSSQL$SQLEXPRESS","Buffer pool extension is already disabled. No action is necessary."
"9/1/2026 9:54:58 PM","49917","Information","MSSQL$SQLEXPRESS","Default collation: SQL_Latin1_General_CP1_CI_AS (us_english 1033)"
"9/1/2026 9:54:54 PM","9027","Information","Desktop Window Manager","The Desktop Window Manager has registered the session port."
"9/1/2026 9:54:53 PM","894","Information","MSSQL$SQLEXPRESS","Buffer Pool: Allocating 1048576 bytes for 638288 hashPages."
"9/1/2026 9:54:53 PM","517","Information","WDSServer","Provider WDSTFTP loaded from C:\Windows\system32\wdstftp.dll and initialized successfully."
"9/1/2026 9:54:51 PM","5617","Information","Microsoft-Windows-WMI","Windows Management Instrumentation Service subsystems initialized successfully"
"9/1/2026 9:54:52 PM","517","Information","WDSServer","Provider WDSMDMGR loaded from C:\Windows\system32\wdsmdmgr.dll and initialized successfully."
"9/1/2026 9:54:51 PM","326","Information","ESENT","svchost (2596,D,50) WDS: The database engine attached a database (1, C:\RemoteInstall\Stores\Metadata\WDSMD.mdb). (Time=0 seconds) 
 
Saved Cache: 1 0 
Additional Data: lgposAttach = 00000001:00B0:0268,
dbv = 1568.180.400 (9360) 
 
Internal Timing Sequence: 
[1] 0.000003 +J(0)
[2] 0.001525 -0.001301 (1) WT +J(0) +M(C:0K, Fs:24, WS:32K # 0K, PF:32K # 0K, P:32K)
[3] 0.319403 -0.310344 (6) WT +J(CM:0, PgRf:0, Rd:0/0, Dy:0/0, Lg:3480/2) +M(C:0K, Fs:14, WS:24K # 0K, PF:20K # 0K, P:20K)
[4] 0.000114 +J(0)
[5] -
[6] -
[7] -
[8] 0.003838 -0.003464 (2) CM -0.003316 (2) WT +J(CM:2, PgRf:2, Rd:4/2, Dy:0/0, Lg:54/1) +M(C:120K, Fs:46, WS:128K # 0K, PF:140K # 0K, P:140K)
[9] 0.003605 -0.003169 (2) CM -0.003030 (2) WT +J(CM:2, PgRf:16, Rd:0/2, Dy:0/0, Lg:0/0) +M(C:-16K, Fs:40, WS:80K # 0K, PF:208K # 0K, P:208K)
[10] 0.001122 -0.000925 (1) CM -0.000838 (1) WT +J(CM:1, PgRf:35, Rd:0/1, Dy:0/0, Lg:0/0) +M(C:-28K, Fs:4, WS:-12K # 0K, PF:36K # 0K, P:36K)
[11] 0.000019 +J(CM:0, PgRf:1, Rd:0/0, Dy:0/0, Lg:0/0) +M(C:0K, Fs:3, WS:12K # 0K, PF:0K # 0K, P:0K)
[12] 0.000045 +J(CM:0, PgRf:42, Rd:0/0, Dy:0/0, Lg:0/0) +M(C:0K, Fs:1, WS:4K # 0K, PF:0K # 0K, P:0K)
[13] 0.0 +J(0)
[14] 0.0 +J(0)
[15] 0.000006 +J(CM:0, PgRf:1, Rd:0/0, Dy:0/0, Lg:0/0)."
"9/1/2026 9:54:51 PM","852","Information","MSSQL$SQLEXPRESS","Using conventional memory in the memory manager."
"9/1/2026 9:54:51 PM","49903","Information","MSSQL$SQLEXPRESS","Detected 4095 MB of RAM. This is an informational message; no user action is required."
"9/1/2026 9:54:51 PM","17162","Information","MSSQL$SQLEXPRESS","SQL Server is starting at normal priority base (=7). This is an informational message only. No user action is required."
"9/1/2026 9:54:51 PM","17164","Information","MSSQL$SQLEXPRESS","SQL Server detected 1 sockets with 2 cores per socket and 2 logical processors per socket, 2 total logical processors; using 2 logical processors based on SQL Server licensing. This is an informational message; no user action is required."
"9/1/2026 9:54:51 PM","105","Information","ESENT","svchost (2596,D,0) WDS: The database engine started a new instance (0). (Time=1 seconds) 
 
Additional Data:
 lgposV2[] = 00000001:0001:0000 - 00000001:00AD:0309 - 00000001:00AE:0000 - 00000001:00AE:0000 (00000000:0000:0000)
cReInits = 50
 
 
Internal Timing Sequence: 
[1] 0.002002 +J(0) +M(C:0K, Fs:225, WS:884K # 884K, PF:5376K # 5376K, P:5376K)
[2] 0.000390 +J(0) +M(C:64K, Fs:99, WS:392K # 392K, PF:376K # 376K, P:376K)
[3] 0.000043 +J(0) +M(C:0K, Fs:6, WS:20K # 20K, PF:68K # 68K, P:68K)
[4] 0.000137 +J(0) +M(C:0K, Fs:22, WS:88K # 88K, PF:228K # 228K, P:228K)
[5] 0.000956 +J(0) +M(C:0K, Fs:14, WS:56K # 56K, PF:20K # 20K, P:20K)
[6] 0.005720 +J(0) +M(C:0K, Fs:24, WS:92K # 92K, PF:16K # 16K, P:16K)
[7] 0.024337 -0.017148 (11) WT +J(0) +M(C:0K, Fs:1299, WS:5188K # 5188K, PF:5128K # 5128K, P:5128K)
[8] 1.082698 -1.036185 (68) WT +J(CM:0, PgRf:0, Rd:0/0, Dy:0/0, Lg:701612/1122) +M(C:0K, Fs:1301, WS:392K # 424K, PF:248K # 280K, P:248K)
[9] 0.041816 +J(0) +M(C:0K, Fs:3, WS:12K # 0K, PF:0K # 0K, P:0K)
[10] 0.018351 -0.013920 (10) WT +J(0) +M(C:0K, Fs:1, WS:-5112K # 0K, PF:-5120K # 0K, P:-5120K)
[11] 0.000035 +J(CM:0, PgRf:0, Rd:0/0, Dy:0/0, Lg:49/1) +M(C:0K, Fs:2, WS:8K # 0K, PF:0K # 0K, P:0K)
[12] 0.000054 +J(0)
[13] 0.463988 -0.006135 (2) CM -0.425594 (30) WT +J(CM:2, PgRf:2, Rd:0/2, Dy:0/0, Lg:8759/5) +M(C:-56K, Fs:1350, WS:44K # 40K, PF:80K # 64K, P:80K)
[14] 0.000022 +J(0)
[15] 0.000033 +J(0)
[16] 0.000474 -0.000256 (1) WT +J(0) +M(C:0K, Fs:2, WS:0K # 0K, PF:0K # 0K, P:0K)."
"9/1/2026 9:54:51 PM","302","Information","ESENT","svchost (2596,U,98) WDS: The database engine has successfully completed recovery steps."
"9/1/2026 9:54:51 PM","17115","Information","MSSQL$SQLEXPRESS","Command Line Startup Parameters:
	 -s ""SQLEXPRESS"""
"9/1/2026 9:54:51 PM","17110","Information","MSSQL$SQLEXPRESS","Registry startup parameters: 
	 -d C:\Program Files\Microsoft SQL Server\MSSQL15.SQLEXPRESS\MSSQL\DATA\master.mdf
	 -e C:\Program Files\Microsoft SQL Server\MSSQL15.SQLEXPRESS\MSSQL\Log\ERRORLOG
	 -l C:\Program Files\Microsoft SQL Server\MSSQL15.SQLEXPRESS\MSSQL\DATA\mastlog.ldf"
"9/1/2026 9:54:51 PM","49904","Information","MSSQL$SQLEXPRESS","The service account is 'NT Service\MSSQL$SQLEXPRESS'. This is an informational message; no user action is required."
"9/1/2026 9:54:51 PM","17111","Information","MSSQL$SQLEXPRESS","Logging SQL Server messages in file 'C:\Program Files\Microsoft SQL Server\MSSQL15.SQLEXPRESS\MSSQL\Log\ERRORLOG'."
"9/1/2026 9:54:51 PM","15268","Information","MSSQL$SQLEXPRESS","Authentication mode is MIXED."
"9/1/2026 9:54:51 PM","18496","Information","MSSQL$SQLEXPRESS","System Manufacturer: 'VMware, Inc.', System Model: 'VMware20,1'."
"9/1/2026 9:54:51 PM","17104","Information","MSSQL$SQLEXPRESS","Server process ID is 3460."
"9/1/2026 9:54:51 PM","17103","Information","MSSQL$SQLEXPRESS","All rights reserved."
"9/1/2026 9:54:51 PM","17101","Information","MSSQL$SQLEXPRESS","(c) Microsoft Corporation."
"9/1/2026 9:54:51 PM","49916","Information","MSSQL$SQLEXPRESS","UTC adjustment: -7:00"
"9/1/2026 9:54:51 PM","17069","Information","MSSQL$SQLEXPRESS","Microsoft SQL Server 2019 (RTM) - 15.0.2000.5 (X64) 
	Sep 24 2019 13:48:23 
	Copyright (C) 2019 Microsoft Corporation
	Express Edition (64-bit) on Windows Server 2022 Datacenter 10.0 <X64> (Build 20348: ) (Hypervisor)
"
"9/1/2026 9:54:50 PM","301","Information","ESENT","svchost (2596,R,98) WDS: The database engine has finished replaying logfile C:\RemoteInstall\Stores\Metadata\WDS.log. 
 
Processing Stats: 
[1] 1.075782 -1.034468 (65) WT +J(CM:0, PgRf:0, Rd:0/0, Dy:0/0, Lg:701612/1122) +M(C:0K, Fs:1258, WS:228K # 260K, PF:160K # 192K, P:160K). 
Log record of type 'Insert   ' was seen most frequently (277 times)"
"9/1/2026 9:54:49 PM","335","Information","ESENT","svchost (2596,R,98) WDS: Replay of a Create for database ""C:\RemoteInstall\Stores\Metadata\WDSMD.mdb"" at log position (00000001,0001,0268) was deferred due to AttachFuture.  Additional information:  "
"9/1/2026 9:54:49 PM","300","Information","ESENT","svchost (2596,R,98) WDS: The database engine is initiating recovery steps."
"9/1/2026 9:54:49 PM","102","Information","ESENT","svchost (2596,P,98) WDS: The database engine (10.00.20348.0000) is starting a new instance (0)."
"9/1/2026 9:54:48 PM","517","Information","WDSServer","Provider WDSMC loaded from C:\Windows\system32\wdsmc.dll and initialized successfully."
"9/1/2026 9:54:46 PM","5615","Information","Microsoft-Windows-WMI","Windows Management Instrumentation Service started sucessfully"
"9/1/2026 9:54:46 PM","1025","Information","WDSServer","The RPC server started on TCP port 5040. 
"
"9/1/2026 9:54:44 PM","105","Information","VMTools","The service was started."
"9/1/2026 9:54:34 PM","1531","Information","Microsoft-Windows-User Profiles Service","The User Profile Service has started successfully.  

"
"9/1/2026 9:46:22 PM","38","Information","Microsoft-Windows-CertificationAuthority","Active Directory Certificate Services for scaffold-DC-CA was stopped."
"9/1/2026 9:54:34 PM","4625","Information","Microsoft-Windows-EventSystem","The EventSystem sub system is suppressing duplicate event log entries for a duration of 86400 seconds.  The suppression timeout can be controlled by a REG_DWORD value named SuppressDuplicateDuration under the following registry key: HKLM\Software\Microsoft\EventSystem\EventLog."
"9/1/2026 9:46:22 PM","1532","Information","Microsoft-Windows-User Profiles Service","The User Profile Service has stopped.  

"
"9/1/2026 9:46:22 PM","17147","Information","MSSQL$SQLEXPRESS","SQL Server is terminating because of a system shutdown. This is an informational message only. No user action is required."
"9/1/2026 9:46:21 PM","108","Information","VMTools","The service was stopped."
"9/1/2026 9:46:21 PM","272","Information","VMUpgradeHelper","Saved network configuration."
"9/1/2026 9:46:21 PM","260","Information","VMUpgradeHelper","Saving network configuration."
"9/1/2026 9:46:16 PM","902","Information","Microsoft-Windows-Security-SPP","The Software Protection service has started.
10.0.20348.587"
"9/1/2026 9:46:16 PM","1003","Information","Microsoft-Windows-Security-SPP","The Software Protection service has completed licensing status check.
Application Id=55c92734-d682-4d71-983e-d6ec3f16059f
Licensing Status=
1: 0dc876e0-7ab8-41c1-b8ba-2237d484cd26, 1, 0 [(0 [0xC004F014, 0, 0], [(?)(?)(?)(?)(?)(?)(?)(?)])(1 )(2 )(3 )]
2: 176afa14-ca77-4cae-9ecc-ba2295540382, 1, 0 [(0 [0xC004F014, 0, 0], [(?)(?)(?)(?)(?)(?)(?)(?)])(1 )(2 )(3 )]
3: 208d2508-de49-48d5-a1df-837a9f1053ef, 1, 0 [(0 [0xC004F014, 0, 0], [(?)(?)(?)(?)(?)(?)(?)(?)])(1 )(2 )(3 )]
4: 22105925-48c3-4ff4-a294-f654bb27e390, 1, 0 [(0 [0xC004F014, 0, 0], [(?)(?)(?)(?)(?)(?)(?)(?)])(1 )(2 )(3 )]
5: 482b7fee-a9f5-46a3-862d-b28bef48c7e8, 1, 0 [(0 [0xC004F014, 0, 0], [(?)(?)(?)(?)(?)(?)(?)(?)])(1 )(2 )(3 )]
6: 4f64509c-0ad2-43a7-b73b-233afbb27096, 1, 0 [(0 [0xC004F014, 0, 0], [(?)(?)(?)(?)(?)(?)(?)(?)])(1 )(2 )(3 )]
7: 522b5066-79e8-49f2-9f9d-30b4d507d57b, 1, 0 [(0 [0xC004F014, 0, 0], [(?)(?)(?)(?)(?)(?)(?)(?)])(1 )(2 )(3 )]
8: 661f7658-7035-4b4c-9f35-010682943ec2, 1, 0 [(0 [0xC004F014, 0, 0], [(?)(?)(?)(?)(?)(?)(?)(?)])(1 )(2 )(3 )]
9: 78214935-d737-41c1-83df-f600c1766211, 1, 0 [(0 [0xC004F014, 0, 0], [(?)(?)(?)(?)(?)(?)(?)(?)])(1 )(2 )(3 )]
10: 80f53cc1-120f-4e0e-875b-27c9f1caf7de, 1, 0 [(0 )(1 [0x00000000, 1, 0], [(?)( 1 0x00000000)(?)( 2 0x00000000 0 0 msft:rm/algorithm/phone/1.0 0x00000000 0)(?)(?)( 10 0x00000000 msft:rm/algorithm/flags/1.0)(?)])(2 )(3 )]
11: aa04eff4-34fa-4da8-a645-8c30c30b3a7f, 1, 0 [(0 [0xC004F014, 0, 0], [(?)(?)(?)(?)(?)(?)(?)(?)])(1 )(2 )(3 )]
12: e73aabfa-12bc-4705-b551-2dd076bebc7d, 1, 0 [(0 [0xC004F014, 0, 0], [(?)(?)(?)(?)(?)(?)(?)(?)])(1 )(2 )(3 )]
13: ef6cfc9f-8c5d-44ac-9aad-de6a2ea0ae03, 1, 0 [(0 [0xC004F014, 0, 0], [(?)(?)(?)(?)(?)(?)(?)(?)])(1 )(2 )(3 )]

"
"9/1/2026 9:46:16 PM","1033","Information","Microsoft-Windows-Security-SPP","These policies are being excluded since they are only defined with override-only attribute.
Policy Names=(Security-SPP-Reserved-EnableNotificationMode) 
App Id=55c92734-d682-4d71-983e-d6ec3f16059f
Sku Id=80f53cc1-120f-4e0e-875b-27c9f1caf7de"
"9/1/2026 9:46:16 PM","1034","Information","Microsoft-Windows-Security-SPP","Duplicate definition of policy found. Policy name=Security-SPP-WriteWauMarker  Priority=500"
"9/1/2026 9:46:16 PM","1034","Information","Microsoft-Windows-Security-SPP","Duplicate definition of policy found. Policy name=AAD-BlockAADWorkplaceJoin-Default  Priority=100"
"9/1/2026 9:46:15 PM","1040","Information","Microsoft-Windows-Security-SPP","Hardware has changed from previous boot.
 AppId=55c92734-d682-4d71-983e-d6ec3f16059f, SkuId=80f53cc1-120f-4e0e-875b-27c9f1caf7de."
"9/1/2026 9:46:15 PM","1000","Information","VGAuth","vmtoolsd: Username and password successfully validated for 'Administrator'"
"9/1/2026 9:46:15 PM","1000","Information","VGAuth","vmtoolsd: Username and password successfully validated for 'Administrator'"
"9/1/2026 9:46:15 PM","1066","Information","Microsoft-Windows-Security-SPP","Initialization status for service objects.
C:\Windows\system32\sppwinob.dll, msft:spp/windowsfunctionality/agent/7.0, 0x00000000, 0x00000000
C:\Windows\system32\sppobjs.dll, msft:rm/algorithm/inherited/1.0, 0x00000000, 0x00000000
C:\Windows\system32\sppobjs.dll, msft:rm/algorithm/phone/1.0, 0x00000000, 0x00000000
C:\Windows\system32\sppobjs.dll, msft:rm/algorithm/pkey/detect, 0x00000000, 0x00000000
C:\Windows\system32\sppobjs.dll, msft:spp/ActionScheduler/1.0, 0x00000000, 0x00000000
C:\Windows\system32\sppobjs.dll, msft:spp/TaskScheduler/1.0, 0x00000000, 0x00000000
C:\Windows\system32\sppobjs.dll, msft:spp/statecollector/pkey, 0x00000000, 0x00000000
C:\Windows\system32\sppobjs.dll, msft:spp/volume/services/kms/1.0, 0x00000000, 0x00000000
C:\Windows\system32\sppobjs.dll, msft:spp/volume/services/kms/activationinfo/1.0, 0x00000000, 0x00000000
"
"9/1/2026 9:46:15 PM","1000","Information","VGAuth","vmtoolsd: Username and password successfully validated for 'Administrator'"
"9/1/2026 9:46:15 PM","1000","Information","VGAuth","vmtoolsd: Username and password successfully validated for 'Administrator'"
"9/1/2026 9:46:15 PM","1000","Information","VGAuth","vmtoolsd: Username and password successfully validated for 'Administrator'"
"9/1/2026 9:46:14 PM","1000","Information","VGAuth","vmtoolsd: Username and password successfully validated for 'Administrator'"
"9/1/2026 9:46:14 PM","1000","Information","VGAuth","vmtoolsd: Username and password successfully validated for 'Administrator'"
"9/1/2026 9:46:14 PM","16394","Information","Microsoft-Windows-Security-SPP","Offline downlevel migration succeeded."
"9/1/2026 9:46:14 PM","1000","Information","VGAuth","vmtoolsd: Username and password successfully validated for 'Administrator'"
