"7/8/2026 10:44:43 PM","100","Information","Microsoft-Windows-TaskScheduler","Task Scheduler started ""{1a43b7d3-23f0-47a4-8503-bdeffbab5372}"" instance of the ""\Microsoft\Windows\WindowsUpdate\Scheduled Start"" task for user ""NT AUTHORITY\SYSTEM""."
"7/8/2026 10:44:43 PM","129","Information","Microsoft-Windows-TaskScheduler","Task Scheduler launch task ""\Microsoft\Windows\Application Experience\PcaPatchDbTask"" , instance ""%windir%\system32\rundll32.exe""  with process ID 3436."
"7/8/2026 10:44:43 PM","129","Information","Microsoft-Windows-TaskScheduler","Task Scheduler launch task ""\Microsoft\Windows\WindowsUpdate\Scheduled Start"" , instance ""C:\Windows\system32\sc.exe""  with process ID 1136."
"7/8/2026 10:44:43 PM","200","Information","Microsoft-Windows-TaskScheduler","Task Scheduler launched action ""%windir%\system32\compattelrunner.exe"" in instance ""{3e9ae12a-3393-4c6c-8c28-d8a2e4bac816}"" of task ""\Microsoft\Windows\Application Experience\Microsoft Compatibility Appraiser""."
"7/8/2026 10:44:43 PM","100","Information","Microsoft-Windows-TaskScheduler","Task Scheduler started ""{3e9ae12a-3393-4c6c-8c28-d8a2e4bac816}"" instance of the ""\Microsoft\Windows\Application Experience\Microsoft Compatibility Appraiser"" task for user ""NT AUTHORITY\SYSTEM""."
"7/8/2026 10:44:43 PM","129","Information","Microsoft-Windows-TaskScheduler","Task Scheduler launch task ""\Microsoft\Windows\Application Experience\Microsoft Compatibility Appraiser"" , instance ""%windir%\system32\compattelrunner.exe""  with process ID 976."
"7/8/2026 10:44:43 PM","114","Warning","Microsoft-Windows-TaskScheduler","Task Scheduler could not launch task ""\Microsoft\Windows\UpdateOrchestrator\Schedule Scan""  as scheduled. Instance ""{0657d582-3291-4014-bb68-0c711c7aba18}""  is started now as required by the configuration option to start the task when available, if schedule is missed."
"7/8/2026 10:44:43 PM","200","Information","Microsoft-Windows-TaskScheduler","Task Scheduler launched action ""OneSettings Refresh Cache Task Handler"" in instance ""{0344c6ff-cf63-4117-bc7b-28488f2f93f1}"" of task ""\Microsoft\Windows\Flighting\OneSettings\RefreshCache""."
"7/8/2026 10:44:43 PM","114","Warning","Microsoft-Windows-TaskScheduler","Task Scheduler could not launch task ""\Microsoft\Windows\Application Experience\PcaPatchDbTask""  as scheduled. Instance ""{6a7d97c0-7ca7-4db9-8519-78984f26fd7f}""  is started now as required by the configuration option to start the task when available, if schedule is missed."
"7/8/2026 10:44:43 PM","100","Information","Microsoft-Windows-TaskScheduler","Task Scheduler started ""{0344c6ff-cf63-4117-bc7b-28488f2f93f1}"" instance of the ""\Microsoft\Windows\Flighting\OneSettings\RefreshCache"" task for user ""NT AUTHORITY\SYSTEM""."
"7/8/2026 10:44:43 PM","114","Warning","Microsoft-Windows-TaskScheduler","Task Scheduler could not launch task ""\Microsoft\Windows\Flighting\OneSettings\RefreshCache""  as scheduled. Instance ""{0344c6ff-cf63-4117-bc7b-28488f2f93f1}""  is started now as required by the configuration option to start the task when available, if schedule is missed."
"7/8/2026 10:44:43 PM","200","Information","Microsoft-Windows-TaskScheduler","Task Scheduler launched action ""%SystemRoot%\System32\wsqmcons.exe"" in instance ""{2394257c-9293-4d83-a810-6c518619de94}"" of task ""\Microsoft\Windows\Customer Experience Improvement Program\Consolidator""."
"7/8/2026 10:44:43 PM","100","Information","Microsoft-Windows-TaskScheduler","Task Scheduler started ""{2394257c-9293-4d83-a810-6c518619de94}"" instance of the ""\Microsoft\Windows\Customer Experience Improvement Program\Consolidator"" task for user ""NT AUTHORITY\SYSTEM""."
"7/8/2026 10:44:43 PM","200","Information","Microsoft-Windows-TaskScheduler","Task Scheduler launched action ""%systemroot%\system32\MusNotification.exe"" in instance ""{c288bad8-f83b-4889-bd4c-6a11e1ad5f13}"" of task ""\Microsoft\Windows\UpdateOrchestrator\USO_UxBroker""."
"7/8/2026 10:44:43 PM","100","Information","Microsoft-Windows-TaskScheduler","Task Scheduler started ""{c288bad8-f83b-4889-bd4c-6a11e1ad5f13}"" instance of the ""\Microsoft\Windows\UpdateOrchestrator\USO_UxBroker"" task for user ""NT AUTHORITY\SYSTEM""."
"7/8/2026 10:44:43 PM","129","Information","Microsoft-Windows-TaskScheduler","Task Scheduler launch task ""\Microsoft\Windows\Customer Experience Improvement Program\Consolidator"" , instance ""%SystemRoot%\System32\wsqmcons.exe""  with process ID 4848."
"7/8/2026 10:44:43 PM","129","Information","Microsoft-Windows-TaskScheduler","Task Scheduler launch task ""\Microsoft\Windows\UpdateOrchestrator\USO_UxBroker"" , instance ""%systemroot%\system32\MusNotification.exe""  with process ID 3564."
"7/8/2026 10:44:43 PM","114","Warning","Microsoft-Windows-TaskScheduler","Task Scheduler could not launch task ""\Microsoft\Windows\WindowsUpdate\Scheduled Start""  as scheduled. Instance ""{1a43b7d3-23f0-47a4-8503-bdeffbab5372}""  is started now as required by the configuration option to start the task when available, if schedule is missed."
"7/8/2026 10:44:43 PM","200","Information","Microsoft-Windows-TaskScheduler","Task Scheduler launched action ""%windir%\system32\devicecensus.exe"" in instance ""{7210490d-87be-4e19-8b1e-5c21aef504fe}"" of task ""\Microsoft\Windows\Device Information\Device""."
"7/8/2026 10:44:43 PM","100","Information","Microsoft-Windows-TaskScheduler","Task Scheduler started ""{7210490d-87be-4e19-8b1e-5c21aef504fe}"" instance of the ""\Microsoft\Windows\Device Information\Device"" task for user ""NT AUTHORITY\SYSTEM""."
"7/8/2026 10:44:43 PM","129","Information","Microsoft-Windows-TaskScheduler","Task Scheduler launch task ""\Microsoft\Windows\Device Information\Device"" , instance ""%windir%\system32\devicecensus.exe""  with process ID 808."
"7/8/2026 10:44:43 PM","114","Warning","Microsoft-Windows-TaskScheduler","Task Scheduler could not launch task ""\Microsoft\Windows\Application Experience\Microsoft Compatibility Appraiser""  as scheduled. Instance ""{3e9ae12a-3393-4c6c-8c28-d8a2e4bac816}""  is started now as required by the configuration option to start the task when available, if schedule is missed."
"7/8/2026 10:44:43 PM","114","Warning","Microsoft-Windows-TaskScheduler","Task Scheduler could not launch task ""\Microsoft\Windows\Device Information\Device""  as scheduled. Instance ""{7210490d-87be-4e19-8b1e-5c21aef504fe}""  is started now as required by the configuration option to start the task when available, if schedule is missed."
"7/8/2026 10:44:43 PM","200","Information","Microsoft-Windows-TaskScheduler","Task Scheduler launched action ""Data Integrity Scan"" in instance ""{4fa3e747-1174-4de7-8df6-9c254a9f974c}"" of task ""\Microsoft\Windows\Data Integrity Scan\Data Integrity Check And Scan""."
"7/8/2026 10:44:43 PM","100","Information","Microsoft-Windows-TaskScheduler","Task Scheduler started ""{4fa3e747-1174-4de7-8df6-9c254a9f974c}"" instance of the ""\Microsoft\Windows\Data Integrity Scan\Data Integrity Check And Scan"" task for user ""NT AUTHORITY\SYSTEM""."
"7/8/2026 10:44:43 PM","200","Information","Microsoft-Windows-TaskScheduler","Task Scheduler launched action ""%windir%\system32\wermgr.exe"" in instance ""{062233b1-ef1f-461c-ba30-2fff9bb913d6}"" of task ""\Microsoft\Windows\Windows Error Reporting\QueueReporting""."
"7/8/2026 10:44:43 PM","100","Information","Microsoft-Windows-TaskScheduler","Task Scheduler started ""{062233b1-ef1f-461c-ba30-2fff9bb913d6}"" instance of the ""\Microsoft\Windows\Windows Error Reporting\QueueReporting"" task for user ""NT AUTHORITY\SYSTEM""."
"7/8/2026 10:44:43 PM","129","Information","Microsoft-Windows-TaskScheduler","Task Scheduler launch task ""\Microsoft\Windows\Data Integrity Scan\Data Integrity Check And Scan"" , instance ""taskhostw.exe""  with process ID 2052."
"7/8/2026 10:44:43 PM","129","Information","Microsoft-Windows-TaskScheduler","Task Scheduler launch task ""\Microsoft\Windows\Windows Error Reporting\QueueReporting"" , instance ""%windir%\system32\wermgr.exe""  with process ID 6700."
"7/8/2026 10:44:43 PM","114","Warning","Microsoft-Windows-TaskScheduler","Task Scheduler could not launch task ""\Microsoft\Windows\UpdateOrchestrator\USO_UxBroker""  as scheduled. Instance ""{c288bad8-f83b-4889-bd4c-6a11e1ad5f13}""  is started now as required by the configuration option to start the task when available, if schedule is missed."
"7/8/2026 10:44:43 PM","114","Warning","Microsoft-Windows-TaskScheduler","Task Scheduler could not launch task ""\Microsoft\Windows\Windows Error Reporting\QueueReporting""  as scheduled. Instance ""{062233b1-ef1f-461c-ba30-2fff9bb913d6}""  is started now as required by the configuration option to start the task when available, if schedule is missed."
"7/8/2026 10:44:43 PM","114","Warning","Microsoft-Windows-TaskScheduler","Task Scheduler could not launch task ""\Microsoft\Windows\Customer Experience Improvement Program\Consolidator""  as scheduled. Instance ""{2394257c-9293-4d83-a810-6c518619de94}""  is started now as required by the configuration option to start the task when available, if schedule is missed."
"7/8/2026 10:44:43 PM","114","Warning","Microsoft-Windows-TaskScheduler","Task Scheduler could not launch task ""\Microsoft\Windows\Data Integrity Scan\Data Integrity Check And Scan""  as scheduled. Instance ""{4fa3e747-1174-4de7-8df6-9c254a9f974c}""  is started now as required by the configuration option to start the task when available, if schedule is missed."
"7/8/2026 10:44:42 PM","102","Information","Microsoft-Windows-TaskScheduler","Task Scheduler successfully finished ""{a2540afb-9947-48f4-b340-9d98b978e6ed}"" instance of the ""\Scaffold\ScaffoldDeployEngine"" task for user ""NT AUTHORITY\SYSTEM""."
"7/8/2026 10:44:42 PM","201","Information","Microsoft-Windows-TaskScheduler","Task Scheduler successfully completed task ""\Scaffold\ScaffoldDeployEngine"" , instance ""{a2540afb-9947-48f4-b340-9d98b978e6ed}"" , action ""powershell.exe"" with return code 0."
"7/8/2026 10:44:41 PM","200","Information","Microsoft-Windows-TaskScheduler","Task Scheduler launched action ""powershell.exe"" in instance ""{a2540afb-9947-48f4-b340-9d98b978e6ed}"" of task ""\Scaffold\ScaffoldDeployEngine""."
"7/8/2026 10:44:41 PM","100","Information","Microsoft-Windows-TaskScheduler","Task Scheduler started ""{a2540afb-9947-48f4-b340-9d98b978e6ed}"" instance of the ""\Scaffold\ScaffoldDeployEngine"" task for user ""NT AUTHORITY\SYSTEM""."
"7/8/2026 10:44:41 PM","129","Information","Microsoft-Windows-TaskScheduler","Task Scheduler launch task ""\Scaffold\ScaffoldDeployEngine"" , instance ""powershell.exe""  with process ID 1124."
"7/8/2026 10:44:41 PM","107","Information","Microsoft-Windows-TaskScheduler","Task Scheduler launched ""{a2540afb-9947-48f4-b340-9d98b978e6ed}""  instance of task ""\Scaffold\ScaffoldDeployEngine"" due to a time trigger condition."
"7/8/2026 10:44:01 PM","102","Information","Microsoft-Windows-TaskScheduler","Task Scheduler successfully finished ""{807a4048-6950-4435-b41e-92491d0246c8}"" instance of the ""\Microsoft\Windows\Flighting\FeatureConfig\ReconcileFeatures"" task for user ""NT AUTHORITY\SYSTEM""."
"7/8/2026 10:44:01 PM","201","Information","Microsoft-Windows-TaskScheduler","Task Scheduler successfully completed task ""\Microsoft\Windows\Flighting\FeatureConfig\ReconcileFeatures"" , instance ""{807a4048-6950-4435-b41e-92491d0246c8}"" , action ""Feature Configuration Reconciliation Task Handler"" with return code 0."
"7/8/2026 10:44:01 PM","200","Information","Microsoft-Windows-TaskScheduler","Task Scheduler launched action ""Feature Configuration Reconciliation Task Handler"" in instance ""{807a4048-6950-4435-b41e-92491d0246c8}"" of task ""\Microsoft\Windows\Flighting\FeatureConfig\ReconcileFeatures""."
"7/8/2026 10:44:01 PM","100","Information","Microsoft-Windows-TaskScheduler","Task Scheduler started ""{807a4048-6950-4435-b41e-92491d0246c8}"" instance of the ""\Microsoft\Windows\Flighting\FeatureConfig\ReconcileFeatures"" task for user ""NT AUTHORITY\SYSTEM""."
"7/8/2026 10:44:01 PM","129","Information","Microsoft-Windows-TaskScheduler","Task Scheduler launch task ""\Microsoft\Windows\Flighting\FeatureConfig\ReconcileFeatures"" , instance ""taskhostw.exe""  with process ID 2536."
"7/8/2026 10:44:00 PM","102","Information","Microsoft-Windows-TaskScheduler","Task Scheduler successfully finished ""{70c95c30-ebfa-4af0-b7d1-8c36155c9ac9}"" instance of the ""\Microsoft\Windows\Windows Error Reporting\QueueReporting"" task for user ""NT AUTHORITY\SYSTEM""."
"7/8/2026 10:44:00 PM","201","Information","Microsoft-Windows-TaskScheduler","Task Scheduler successfully completed task ""\Microsoft\Windows\Windows Error Reporting\QueueReporting"" , instance ""{70c95c30-ebfa-4af0-b7d1-8c36155c9ac9}"" , action ""%windir%\system32\wermgr.exe"" with return code 0."
"7/8/2026 10:44:00 PM","200","Information","Microsoft-Windows-TaskScheduler","Task Scheduler launched action ""%windir%\system32\wermgr.exe"" in instance ""{70c95c30-ebfa-4af0-b7d1-8c36155c9ac9}"" of task ""\Microsoft\Windows\Windows Error Reporting\QueueReporting""."
"7/8/2026 10:44:00 PM","100","Information","Microsoft-Windows-TaskScheduler","Task Scheduler started ""{70c95c30-ebfa-4af0-b7d1-8c36155c9ac9}"" instance of the ""\Microsoft\Windows\Windows Error Reporting\QueueReporting"" task for user ""NT AUTHORITY\SYSTEM""."
"7/8/2026 10:44:00 PM","129","Information","Microsoft-Windows-TaskScheduler","Task Scheduler launch task ""\Microsoft\Windows\Windows Error Reporting\QueueReporting"" , instance ""%windir%\system32\wermgr.exe""  with process ID 2448."
"7/8/2026 10:44:00 PM","118","Information","Microsoft-Windows-TaskScheduler","Task Scheduler launched ""{70c95c30-ebfa-4af0-b7d1-8c36155c9ac9}""  instance of task ""\Microsoft\Windows\Windows Error Reporting\QueueReporting""  due to system startup."
"7/8/2026 10:43:47 PM","140","Information","Microsoft-Windows-TaskScheduler","User ""SCAFFOLD\DC$""  updated Task Scheduler task ""\MicrosoftEdgeUpdateTaskMachineUA"""
"7/8/2026 10:43:47 PM","140","Information","Microsoft-Windows-TaskScheduler","User ""SCAFFOLD\DC$""  updated Task Scheduler task ""\MicrosoftEdgeUpdateTaskMachineCore"""
"7/8/2026 10:43:44 PM","140","Information","Microsoft-Windows-TaskScheduler","User ""SCAFFOLD\DC$""  updated Task Scheduler task ""\Microsoft\Windows\SoftwareProtectionPlatform\SvcRestartTask"""
"7/8/2026 10:43:16 PM","140","Information","Microsoft-Windows-TaskScheduler","User ""SCAFFOLD\DC$""  updated Task Scheduler task ""\Microsoft\Windows\UpdateOrchestrator\Schedule Scan"""
"7/8/2026 10:43:16 PM","140","Information","Microsoft-Windows-TaskScheduler","User ""S-1-5-18""  updated Task Scheduler task ""\Microsoft\Windows\UpdateOrchestrator\Schedule Scan"""
"7/8/2026 10:43:13 PM","140","Information","Microsoft-Windows-TaskScheduler","User ""SCAFFOLD\DC$""  updated Task Scheduler task ""\Microsoft\Windows\Application Experience\PcaPatchDbTask"""
"7/8/2026 10:42:45 PM","102","Information","Microsoft-Windows-TaskScheduler","Task Scheduler successfully finished ""{b4a316fa-3e2a-4fc9-84f6-011c420cbb24}"" instance of the ""\Scaffold\ScaffoldDeployEngine"" task for user ""NT AUTHORITY\SYSTEM""."
"7/8/2026 10:42:45 PM","201","Information","Microsoft-Windows-TaskScheduler","Task Scheduler successfully completed task ""\Scaffold\ScaffoldDeployEngine"" , instance ""{b4a316fa-3e2a-4fc9-84f6-011c420cbb24}"" , action ""powershell.exe"" with return code 0."
"7/8/2026 10:42:43 PM","102","Information","Microsoft-Windows-TaskScheduler","Task Scheduler successfully finished ""{3fbf0462-06ea-486b-aa87-b088f6a3cf75}"" instance of the ""\Microsoft\Windows\Windows Defender\Windows Defender Verification"" task for user ""NT AUTHORITY\SYSTEM""."
"7/8/2026 10:42:43 PM","201","Information","Microsoft-Windows-TaskScheduler","Task Scheduler successfully completed task ""\Microsoft\Windows\Windows Defender\Windows Defender Verification"" , instance ""{3fbf0462-06ea-486b-aa87-b088f6a3cf75}"" , action ""C:\ProgramData\Microsoft\Windows Defender\Platform\4.18.26030.3011-0\MpCmdRun.exe"" with return code 0."
"7/8/2026 10:42:43 PM","102","Information","Microsoft-Windows-TaskScheduler","Task Scheduler successfully finished ""{a3d29ef1-7d23-45f6-8894-43bf3e731f0a}"" instance of the ""\Microsoft\Windows\Windows Defender\Windows Defender Cleanup"" task for user ""NT AUTHORITY\SYSTEM""."
"7/8/2026 10:42:43 PM","201","Information","Microsoft-Windows-TaskScheduler","Task Scheduler successfully completed task ""\Microsoft\Windows\Windows Defender\Windows Defender Cleanup"" , instance ""{a3d29ef1-7d23-45f6-8894-43bf3e731f0a}"" , action ""C:\ProgramData\Microsoft\Windows Defender\Platform\4.18.26030.3011-0\MpCmdRun.exe"" with return code 0."
"7/8/2026 10:42:41 PM","200","Information","Microsoft-Windows-TaskScheduler","Task Scheduler launched action ""powershell.exe"" in instance ""{b4a316fa-3e2a-4fc9-84f6-011c420cbb24}"" of task ""\Scaffold\ScaffoldDeployEngine""."
"7/8/2026 10:42:41 PM","100","Information","Microsoft-Windows-TaskScheduler","Task Scheduler started ""{b4a316fa-3e2a-4fc9-84f6-011c420cbb24}"" instance of the ""\Scaffold\ScaffoldDeployEngine"" task for user ""NT AUTHORITY\SYSTEM""."
"7/8/2026 10:42:41 PM","129","Information","Microsoft-Windows-TaskScheduler","Task Scheduler launch task ""\Scaffold\ScaffoldDeployEngine"" , instance ""powershell.exe""  with process ID 968."
"7/8/2026 10:42:41 PM","107","Information","Microsoft-Windows-TaskScheduler","Task Scheduler launched ""{b4a316fa-3e2a-4fc9-84f6-011c420cbb24}""  instance of task ""\Scaffold\ScaffoldDeployEngine"" due to a time trigger condition."
"7/8/2026 10:42:40 PM","140","Information","Microsoft-Windows-TaskScheduler","User ""SCAFFOLD\DC$""  updated Task Scheduler task ""\Microsoft\Windows\SoftwareProtectionPlatform\SvcRestartTask"""
"7/8/2026 10:42:00 PM","102","Information","Microsoft-Windows-TaskScheduler","Task Scheduler successfully finished ""{ec204b2c-b0a2-4675-b631-32e6d8f15d8f}"" instance of the ""\Microsoft\Windows\Software Inventory Logging\Configuration"" task for user ""NT AUTHORITY\SYSTEM""."
"7/8/2026 10:42:00 PM","201","Information","Microsoft-Windows-TaskScheduler","Task Scheduler successfully completed task ""\Microsoft\Windows\Software Inventory Logging\Configuration"" , instance ""{ec204b2c-b0a2-4675-b631-32e6d8f15d8f}"" , action ""%systemroot%\system32\cmd.exe"" with return code 0."
"7/8/2026 10:42:00 PM","102","Information","Microsoft-Windows-TaskScheduler","Task Scheduler successfully finished ""{4c920aea-3ba6-4704-9c1c-668ce25ea15d}"" instance of the ""\Microsoft\Windows\DirectX\DXGIAdapterCache"" task for user ""NT AUTHORITY\SYSTEM""."
"7/8/2026 10:42:00 PM","201","Information","Microsoft-Windows-TaskScheduler","Task Scheduler successfully completed task ""\Microsoft\Windows\DirectX\DXGIAdapterCache"" , instance ""{4c920aea-3ba6-4704-9c1c-668ce25ea15d}"" , action ""%windir%\system32\dxgiadaptercache.exe"" with return code 0."
"7/8/2026 10:42:00 PM","200","Information","Microsoft-Windows-TaskScheduler","Task Scheduler launched action ""%windir%\system32\dxgiadaptercache.exe"" in instance ""{4c920aea-3ba6-4704-9c1c-668ce25ea15d}"" of task ""\Microsoft\Windows\DirectX\DXGIAdapterCache""."
"7/8/2026 10:42:00 PM","100","Information","Microsoft-Windows-TaskScheduler","Task Scheduler started ""{4c920aea-3ba6-4704-9c1c-668ce25ea15d}"" instance of the ""\Microsoft\Windows\DirectX\DXGIAdapterCache"" task for user ""NT AUTHORITY\SYSTEM""."
"7/8/2026 10:42:00 PM","129","Information","Microsoft-Windows-TaskScheduler","Task Scheduler launch task ""\Microsoft\Windows\DirectX\DXGIAdapterCache"" , instance ""%windir%\system32\dxgiadaptercache.exe""  with process ID 7132."
"7/8/2026 10:42:00 PM","200","Information","Microsoft-Windows-TaskScheduler","Task Scheduler launched action ""%systemroot%\system32\cmd.exe"" in instance ""{ec204b2c-b0a2-4675-b631-32e6d8f15d8f}"" of task ""\Microsoft\Windows\Software Inventory Logging\Configuration""."
"7/8/2026 10:42:00 PM","100","Information","Microsoft-Windows-TaskScheduler","Task Scheduler started ""{ec204b2c-b0a2-4675-b631-32e6d8f15d8f}"" instance of the ""\Microsoft\Windows\Software Inventory Logging\Configuration"" task for user ""NT AUTHORITY\SYSTEM""."
"7/8/2026 10:42:00 PM","129","Information","Microsoft-Windows-TaskScheduler","Task Scheduler launch task ""\Microsoft\Windows\Software Inventory Logging\Configuration"" , instance ""%systemroot%\system32\cmd.exe""  with process ID 7124."
"7/8/2026 10:42:00 PM","118","Information","Microsoft-Windows-TaskScheduler","Task Scheduler launched ""{4c920aea-3ba6-4704-9c1c-668ce25ea15d}""  instance of task ""\Microsoft\Windows\DirectX\DXGIAdapterCache""  due to system startup."
"7/8/2026 10:42:00 PM","118","Information","Microsoft-Windows-TaskScheduler","Task Scheduler launched ""{ec204b2c-b0a2-4675-b631-32e6d8f15d8f}""  instance of task ""\Microsoft\Windows\Software Inventory Logging\Configuration""  due to system startup."
"7/8/2026 10:41:54 PM","142","Information","Microsoft-Windows-TaskScheduler","User ""NETWORK SERVICE""  disabled Task Scheduler task ""\Microsoft\Windows\SoftwareProtectionPlatform\SvcRestartTaskNetwork"""
"7/8/2026 10:41:54 PM","142","Information","Microsoft-Windows-TaskScheduler","User ""INTERACTIVE""  disabled Task Scheduler task ""\Microsoft\Windows\SoftwareProtectionPlatform\SvcRestartTaskLogon"""
"7/8/2026 10:41:47 PM","102","Information","Microsoft-Windows-TaskScheduler","Task Scheduler successfully finished ""{21de1c93-98ff-4ab9-a6fd-3089b9f47044}"" instance of the ""\Microsoft\Windows\CertificateServicesClient\SystemTask"" task for user ""NT AUTHORITY\SYSTEM""."
"7/8/2026 10:41:47 PM","201","Information","Microsoft-Windows-TaskScheduler","Task Scheduler successfully completed task ""\Microsoft\Windows\CertificateServicesClient\SystemTask"" , instance ""{21de1c93-98ff-4ab9-a6fd-3089b9f47044}"" , action ""Certificate Services Client Task Handler"" with return code 0."
"7/8/2026 10:41:47 PM","102","Information","Microsoft-Windows-TaskScheduler","Task Scheduler successfully finished ""{fa0dedea-49c9-4b84-8a27-32ca7684d036}"" instance of the ""\Microsoft\Windows\Workplace Join\Automatic-Device-Join"" task for user ""NT AUTHORITY\SYSTEM""."
"7/8/2026 10:41:47 PM","201","Information","Microsoft-Windows-TaskScheduler","Task Scheduler successfully completed task ""\Microsoft\Windows\Workplace Join\Automatic-Device-Join"" , instance ""{fa0dedea-49c9-4b84-8a27-32ca7684d036}"" , action ""%SystemRoot%\System32\dsregcmd.exe"" with return code 2147942401."
"7/8/2026 10:41:45 PM","102","Information","Microsoft-Windows-TaskScheduler","Task Scheduler successfully finished ""{becf5bba-ca50-4558-94ba-014f86b10374}"" instance of the ""\Microsoft\Windows\Windows Error Reporting\QueueReporting"" task for user ""NT AUTHORITY\SYSTEM""."
"7/8/2026 10:41:45 PM","201","Information","Microsoft-Windows-TaskScheduler","Task Scheduler successfully completed task ""\Microsoft\Windows\Windows Error Reporting\QueueReporting"" , instance ""{becf5bba-ca50-4558-94ba-014f86b10374}"" , action ""%windir%\system32\wermgr.exe"" with return code 0."
"7/8/2026 10:41:43 PM","102","Information","Microsoft-Windows-TaskScheduler","Task Scheduler successfully finished ""{dcd217d0-6193-4b1f-9cda-168c839c5cc4}"" instance of the ""\Microsoft\Windows\SoftwareProtectionPlatform\SvcRestartTaskNetwork"" task for user ""(NONE)""."
"7/8/2026 10:41:43 PM","201","Information","Microsoft-Windows-TaskScheduler","Task Scheduler successfully completed task ""\Microsoft\Windows\SoftwareProtectionPlatform\SvcRestartTaskNetwork"" , instance ""{dcd217d0-6193-4b1f-9cda-168c839c5cc4}"" , action ""SppSvcRestartTaskHandler Class"" with return code 0."
"7/8/2026 10:41:43 PM","102","Information","Microsoft-Windows-TaskScheduler","Task Scheduler successfully finished ""{e4bb1ade-60db-4c4b-ab7b-3e11d7f5c68e}"" instance of the ""\Microsoft\Windows\Time Synchronization\ForceSynchronizeTime"" task for user ""(NONE)""."
"7/8/2026 10:41:43 PM","201","Information","Microsoft-Windows-TaskScheduler","Task Scheduler successfully completed task ""\Microsoft\Windows\Time Synchronization\ForceSynchronizeTime"" , instance ""{e4bb1ade-60db-4c4b-ab7b-3e11d7f5c68e}"" , action ""Time Synchronization Task Handler"" with return code 0."
"7/8/2026 10:41:32 PM","322","Warning","Microsoft-Windows-TaskScheduler","Task Scheduler did not launch task ""\Microsoft\Windows\SoftwareProtectionPlatform\SvcRestartTaskNetwork""  because instance ""{dcd217d0-6193-4b1f-9cda-168c839c5cc4}""  of the same task is already running."
"7/8/2026 10:41:27 PM","200","Information","Microsoft-Windows-TaskScheduler","Task Scheduler launched action ""Certificate Services Client Task Handler"" in instance ""{21de1c93-98ff-4ab9-a6fd-3089b9f47044}"" of task ""\Microsoft\Windows\CertificateServicesClient\SystemTask""."
"7/8/2026 10:41:27 PM","100","Information","Microsoft-Windows-TaskScheduler","Task Scheduler started ""{21de1c93-98ff-4ab9-a6fd-3089b9f47044}"" instance of the ""\Microsoft\Windows\CertificateServicesClient\SystemTask"" task for user ""NT AUTHORITY\SYSTEM""."
"7/8/2026 10:41:27 PM","129","Information","Microsoft-Windows-TaskScheduler","Task Scheduler launch task ""\Microsoft\Windows\CertificateServicesClient\SystemTask"" , instance ""taskhostw.exe""  with process ID 5400."
"7/8/2026 10:41:27 PM","118","Information","Microsoft-Windows-TaskScheduler","Task Scheduler launched ""{21de1c93-98ff-4ab9-a6fd-3089b9f47044}""  instance of task ""\Microsoft\Windows\CertificateServicesClient\SystemTask""  due to system startup."
"7/8/2026 10:41:19 PM","200","Information","Microsoft-Windows-TaskScheduler","Task Scheduler launched action ""%windir%\system32\wermgr.exe"" in instance ""{becf5bba-ca50-4558-94ba-014f86b10374}"" of task ""\Microsoft\Windows\Windows Error Reporting\QueueReporting""."
"7/8/2026 10:41:19 PM","100","Information","Microsoft-Windows-TaskScheduler","Task Scheduler started ""{becf5bba-ca50-4558-94ba-014f86b10374}"" instance of the ""\Microsoft\Windows\Windows Error Reporting\QueueReporting"" task for user ""NT AUTHORITY\SYSTEM""."
"7/8/2026 10:41:19 PM","129","Information","Microsoft-Windows-TaskScheduler","Task Scheduler launch task ""\Microsoft\Windows\Windows Error Reporting\QueueReporting"" , instance ""%windir%\system32\wermgr.exe""  with process ID 5376."
"7/8/2026 10:41:18 PM","200","Information","Microsoft-Windows-TaskScheduler","Task Scheduler launched action ""SppSvcRestartTaskHandler Class"" in instance ""{dcd217d0-6193-4b1f-9cda-168c839c5cc4}"" of task ""\Microsoft\Windows\SoftwareProtectionPlatform\SvcRestartTaskNetwork""."
"7/8/2026 10:41:18 PM","100","Information","Microsoft-Windows-TaskScheduler","Task Scheduler started ""{dcd217d0-6193-4b1f-9cda-168c839c5cc4}"" instance of the ""\Microsoft\Windows\SoftwareProtectionPlatform\SvcRestartTaskNetwork"" task for user ""(NONE)""."
"7/8/2026 10:41:18 PM","129","Information","Microsoft-Windows-TaskScheduler","Task Scheduler launch task ""\Microsoft\Windows\SoftwareProtectionPlatform\SvcRestartTaskNetwork"" , instance ""taskhostw.exe""  with process ID 5136."
"7/8/2026 10:41:18 PM","108","Information","Microsoft-Windows-TaskScheduler","Task Scheduler launched ""{dcd217d0-6193-4b1f-9cda-168c839c5cc4}""  instance of task ""\Microsoft\Windows\SoftwareProtectionPlatform\SvcRestartTaskNetwork""  according to an event trigger."
"7/8/2026 10:41:16 PM","200","Information","Microsoft-Windows-TaskScheduler","Task Scheduler launched action ""Time Synchronization Task Handler"" in instance ""{e4bb1ade-60db-4c4b-ab7b-3e11d7f5c68e}"" of task ""\Microsoft\Windows\Time Synchronization\ForceSynchronizeTime""."
"7/8/2026 10:41:16 PM","100","Information","Microsoft-Windows-TaskScheduler","Task Scheduler started ""{e4bb1ade-60db-4c4b-ab7b-3e11d7f5c68e}"" instance of the ""\Microsoft\Windows\Time Synchronization\ForceSynchronizeTime"" task for user ""(NONE)""."
"7/8/2026 10:41:16 PM","129","Information","Microsoft-Windows-TaskScheduler","Task Scheduler launch task ""\Microsoft\Windows\Time Synchronization\ForceSynchronizeTime"" , instance ""taskhostw.exe""  with process ID 4788."
"7/8/2026 10:41:16 PM","200","Information","Microsoft-Windows-TaskScheduler","Task Scheduler launched action ""%SystemRoot%\System32\dsregcmd.exe"" in instance ""{fa0dedea-49c9-4b84-8a27-32ca7684d036}"" of task ""\Microsoft\Windows\Workplace Join\Automatic-Device-Join""."
"7/8/2026 10:41:16 PM","100","Information","Microsoft-Windows-TaskScheduler","Task Scheduler started ""{fa0dedea-49c9-4b84-8a27-32ca7684d036}"" instance of the ""\Microsoft\Windows\Workplace Join\Automatic-Device-Join"" task for user ""NT AUTHORITY\SYSTEM""."
"7/8/2026 10:41:16 PM","129","Information","Microsoft-Windows-TaskScheduler","Task Scheduler launch task ""\Microsoft\Windows\Workplace Join\Automatic-Device-Join"" , instance ""%SystemRoot%\System32\dsregcmd.exe""  with process ID 4648."
"7/8/2026 10:41:02 PM","102","Information","Microsoft-Windows-TaskScheduler","Task Scheduler successfully finished ""{bcc9662d-8a65-4511-b159-3a0fc78c0cc9}"" instance of the ""\Microsoft\Windows\Flighting\FeatureConfig\UsageDataReporting"" task for user ""NT AUTHORITY\SYSTEM""."
"7/8/2026 10:41:02 PM","201","Information","Microsoft-Windows-TaskScheduler","Task Scheduler successfully completed task ""\Microsoft\Windows\Flighting\FeatureConfig\UsageDataReporting"" , instance ""{bcc9662d-8a65-4511-b159-3a0fc78c0cc9}"" , action ""Feature Usage Data Reporting Task Handler"" with return code 0."
"7/8/2026 10:41:01 PM","200","Information","Microsoft-Windows-TaskScheduler","Task Scheduler launched action ""C:\ProgramData\Microsoft\Windows Defender\Platform\4.18.26030.3011-0\MpCmdRun.exe"" in instance ""{a3d29ef1-7d23-45f6-8894-43bf3e731f0a}"" of task ""\Microsoft\Windows\Windows Defender\Windows Defender Cleanup""."
"7/8/2026 10:41:01 PM","100","Information","Microsoft-Windows-TaskScheduler","Task Scheduler started ""{a3d29ef1-7d23-45f6-8894-43bf3e731f0a}"" instance of the ""\Microsoft\Windows\Windows Defender\Windows Defender Cleanup"" task for user ""NT AUTHORITY\SYSTEM""."
"7/8/2026 10:41:01 PM","129","Information","Microsoft-Windows-TaskScheduler","Task Scheduler launch task ""\Microsoft\Windows\Windows Defender\Windows Defender Cleanup"" , instance ""C:\ProgramData\Microsoft\Windows Defender\Platform\4.18.26030.3011-0\MpCmdRun.exe""  with process ID 2444."
"7/8/2026 10:41:01 PM","200","Information","Microsoft-Windows-TaskScheduler","Task Scheduler launched action ""Feature Usage Data Reporting Task Handler"" in instance ""{bcc9662d-8a65-4511-b159-3a0fc78c0cc9}"" of task ""\Microsoft\Windows\Flighting\FeatureConfig\UsageDataReporting""."
"7/8/2026 10:41:01 PM","100","Information","Microsoft-Windows-TaskScheduler","Task Scheduler started ""{bcc9662d-8a65-4511-b159-3a0fc78c0cc9}"" instance of the ""\Microsoft\Windows\Flighting\FeatureConfig\UsageDataReporting"" task for user ""NT AUTHORITY\SYSTEM""."
"7/8/2026 10:41:01 PM","129","Information","Microsoft-Windows-TaskScheduler","Task Scheduler launch task ""\Microsoft\Windows\Flighting\FeatureConfig\UsageDataReporting"" , instance ""taskhostw.exe""  with process ID 2436."
"7/8/2026 10:41:01 PM","200","Information","Microsoft-Windows-TaskScheduler","Task Scheduler launched action ""C:\ProgramData\Microsoft\Windows Defender\Platform\4.18.26030.3011-0\MpCmdRun.exe"" in instance ""{3fbf0462-06ea-486b-aa87-b088f6a3cf75}"" of task ""\Microsoft\Windows\Windows Defender\Windows Defender Verification""."
"7/8/2026 10:41:01 PM","100","Information","Microsoft-Windows-TaskScheduler","Task Scheduler started ""{3fbf0462-06ea-486b-aa87-b088f6a3cf75}"" instance of the ""\Microsoft\Windows\Windows Defender\Windows Defender Verification"" task for user ""NT AUTHORITY\SYSTEM""."
"7/8/2026 10:41:01 PM","129","Information","Microsoft-Windows-TaskScheduler","Task Scheduler launch task ""\Microsoft\Windows\Windows Defender\Windows Defender Verification"" , instance ""C:\ProgramData\Microsoft\Windows Defender\Platform\4.18.26030.3011-0\MpCmdRun.exe""  with process ID 2428."
"7/8/2026 10:41:01 PM","110","Information","Microsoft-Windows-TaskScheduler","Task Scheduler launched ""{fa0dedea-49c9-4b84-8a27-32ca7684d036}""  instance of task ""\Microsoft\Windows\Workplace Join\Automatic-Device-Join""  for user ""System"" ."
"7/8/2026 10:41:01 PM","325","Warning","Microsoft-Windows-TaskScheduler","Task Scheduler queued instance ""{fa0dedea-49c9-4b84-8a27-32ca7684d036}""  of task ""\Microsoft\Windows\Workplace Join\Automatic-Device-Join""."
"7/8/2026 10:41:01 PM","102","Information","Microsoft-Windows-TaskScheduler","Task Scheduler successfully finished ""{25bddb5d-6fe8-4126-9dfe-ae4eef2668a4}"" instance of the ""\Microsoft\Windows\WwanSvc\OobeDiscovery"" task for user ""NT AUTHORITY\SYSTEM""."
"7/8/2026 10:41:01 PM","201","Information","Microsoft-Windows-TaskScheduler","Task Scheduler successfully completed task ""\Microsoft\Windows\WwanSvc\OobeDiscovery"" , instance ""{25bddb5d-6fe8-4126-9dfe-ae4eef2668a4}"" , action ""OobeEsimTaskManager"" with return code 0."
"7/8/2026 10:41:01 PM","102","Information","Microsoft-Windows-TaskScheduler","Task Scheduler successfully finished ""{d59ed10b-c560-4166-8cb4-4f06ab2b0f57}"" instance of the ""\Microsoft\Windows\ExploitGuard\ExploitGuard MDM policy Refresh"" task for user ""NT AUTHORITY\SYSTEM""."
"7/8/2026 10:41:01 PM","201","Information","Microsoft-Windows-TaskScheduler","Task Scheduler successfully completed task ""\Microsoft\Windows\ExploitGuard\ExploitGuard MDM policy Refresh"" , instance ""{d59ed10b-c560-4166-8cb4-4f06ab2b0f57}"" , action """" with return code 0."
"7/8/2026 10:41:01 PM","102","Information","Microsoft-Windows-TaskScheduler","Task Scheduler successfully finished ""{45bb7732-ee9d-4961-98d8-0fc2d61f4c2a}"" instance of the ""\Microsoft\Windows\DirectX\DXGIAdapterCache"" task for user ""NT AUTHORITY\SYSTEM""."
"7/8/2026 10:41:01 PM","201","Information","Microsoft-Windows-TaskScheduler","Task Scheduler successfully completed task ""\Microsoft\Windows\DirectX\DXGIAdapterCache"" , instance ""{45bb7732-ee9d-4961-98d8-0fc2d61f4c2a}"" , action ""%windir%\system32\dxgiadaptercache.exe"" with return code 0."
"7/8/2026 10:41:00 PM","200","Information","Microsoft-Windows-TaskScheduler","Task Scheduler launched action ""OobeEsimTaskManager"" in instance ""{25bddb5d-6fe8-4126-9dfe-ae4eef2668a4}"" of task ""\Microsoft\Windows\WwanSvc\OobeDiscovery""."
"7/8/2026 10:41:00 PM","100","Information","Microsoft-Windows-TaskScheduler","Task Scheduler started ""{25bddb5d-6fe8-4126-9dfe-ae4eef2668a4}"" instance of the ""\Microsoft\Windows\WwanSvc\OobeDiscovery"" task for user ""NT AUTHORITY\SYSTEM""."
"7/8/2026 10:41:00 PM","101","Error","Microsoft-Windows-TaskScheduler","Task Scheduler failed to start ""\Microsoft\Windows\Workplace Join\Automatic-Device-Join"" task for user ""(default user)"". Additional Data: Error Value: 2147943568."
"7/8/2026 10:41:00 PM","200","Information","Microsoft-Windows-TaskScheduler","Task Scheduler launched action ""%windir%\system32\dxgiadaptercache.exe"" in instance ""{45bb7732-ee9d-4961-98d8-0fc2d61f4c2a}"" of task ""\Microsoft\Windows\DirectX\DXGIAdapterCache""."
"7/8/2026 10:41:00 PM","100","Information","Microsoft-Windows-TaskScheduler","Task Scheduler started ""{45bb7732-ee9d-4961-98d8-0fc2d61f4c2a}"" instance of the ""\Microsoft\Windows\DirectX\DXGIAdapterCache"" task for user ""NT AUTHORITY\SYSTEM""."
"7/8/2026 10:41:00 PM","129","Information","Microsoft-Windows-TaskScheduler","Task Scheduler launch task ""\Microsoft\Windows\DirectX\DXGIAdapterCache"" , instance ""%windir%\system32\dxgiadaptercache.exe""  with process ID 2332."
"7/8/2026 10:40:59 PM","200","Information","Microsoft-Windows-TaskScheduler","Task Scheduler launched action """" in instance ""{d59ed10b-c560-4166-8cb4-4f06ab2b0f57}"" of task ""\Microsoft\Windows\ExploitGuard\ExploitGuard MDM policy Refresh""."
"7/8/2026 10:40:59 PM","100","Information","Microsoft-Windows-TaskScheduler","Task Scheduler started ""{d59ed10b-c560-4166-8cb4-4f06ab2b0f57}"" instance of the ""\Microsoft\Windows\ExploitGuard\ExploitGuard MDM policy Refresh"" task for user ""NT AUTHORITY\SYSTEM""."
"7/8/2026 10:40:59 PM","129","Information","Microsoft-Windows-TaskScheduler","Task Scheduler launch task ""\Microsoft\Windows\ExploitGuard\ExploitGuard MDM policy Refresh"" , instance ""taskhostw.exe""  with process ID 2132."
"7/8/2026 10:40:59 PM","118","Information","Microsoft-Windows-TaskScheduler","Task Scheduler launched ""{d59ed10b-c560-4166-8cb4-4f06ab2b0f57}""  instance of task ""\Microsoft\Windows\ExploitGuard\ExploitGuard MDM policy Refresh""  due to system startup."
"7/8/2026 10:40:59 PM","400","Information","Microsoft-Windows-TaskScheduler","Task Scheduler service has started."
"7/8/2026 10:40:59 PM","700","Information","Microsoft-Windows-TaskScheduler","Task Scheduler service started Task Compatibility module."
"6/2/2026 7:29:57 AM","402","Information","Microsoft-Windows-TaskScheduler","Task Scheduler service is shutting down."
"6/2/2026 7:29:57 AM","111","Information","Microsoft-Windows-TaskScheduler","Task Scheduler terminated ""{93928ccd-1e6c-499f-b2f3-f27796944dda}""  instance of the ""\Microsoft\Windows\Application Experience\Microsoft Compatibility Appraiser""  task."
"6/2/2026 7:29:57 AM","102","Information","Microsoft-Windows-TaskScheduler","Task Scheduler successfully finished ""{93928ccd-1e6c-499f-b2f3-f27796944dda}"" instance of the ""\Microsoft\Windows\Application Experience\Microsoft Compatibility Appraiser"" task for user ""NT AUTHORITY\SYSTEM""."
"6/2/2026 7:29:57 AM","201","Information","Microsoft-Windows-TaskScheduler","Task Scheduler successfully completed task ""\Microsoft\Windows\Application Experience\Microsoft Compatibility Appraiser"" , instance ""{93928ccd-1e6c-499f-b2f3-f27796944dda}"" , action ""%windir%\system32\compattelrunner.exe"" with return code 2147943691."
"6/2/2026 7:29:57 AM","111","Information","Microsoft-Windows-TaskScheduler","Task Scheduler terminated ""{5e990dce-ed82-44b4-a8bc-623c33c873e2}""  instance of the ""\Microsoft\Windows\Application Experience\ProgramDataUpdater""  task."
"6/2/2026 7:29:57 AM","102","Information","Microsoft-Windows-TaskScheduler","Task Scheduler successfully finished ""{5e990dce-ed82-44b4-a8bc-623c33c873e2}"" instance of the ""\Microsoft\Windows\Application Experience\ProgramDataUpdater"" task for user ""NT AUTHORITY\SYSTEM""."
"6/2/2026 7:29:57 AM","201","Information","Microsoft-Windows-TaskScheduler","Task Scheduler successfully completed task ""\Microsoft\Windows\Application Experience\ProgramDataUpdater"" , instance ""{5e990dce-ed82-44b4-a8bc-623c33c873e2}"" , action ""%windir%\system32\compattelrunner.exe"" with return code 2147943691."
"6/2/2026 7:29:57 AM","111","Information","Microsoft-Windows-TaskScheduler","Task Scheduler terminated ""{bc4aead6-512b-4da4-b79f-c989e62ddfc6}""  instance of the ""\MicrosoftEdgeUpdateTaskMachineCore""  task."
"6/2/2026 7:29:57 AM","102","Information","Microsoft-Windows-TaskScheduler","Task Scheduler successfully finished ""{bc4aead6-512b-4da4-b79f-c989e62ddfc6}"" instance of the ""\MicrosoftEdgeUpdateTaskMachineCore"" task for user ""NT AUTHORITY\SYSTEM""."
"6/2/2026 7:29:57 AM","201","Information","Microsoft-Windows-TaskScheduler","Task Scheduler successfully completed task ""\MicrosoftEdgeUpdateTaskMachineCore"" , instance ""{bc4aead6-512b-4da4-b79f-c989e62ddfc6}"" , action ""C:\Program Files (x86)\Microsoft\EdgeUpdate\MicrosoftEdgeUpdate.exe"" with return code 2147943691."
"6/2/2026 7:29:57 AM","102","Information","Microsoft-Windows-TaskScheduler","Task Scheduler successfully finished ""{050a2dd7-1d27-46ab-bb2c-b918abc3d0fe}"" instance of the ""\CreateExplorerShellUnelevatedTask"" task for user ""SCAFFOLD\Administrator""."
"6/2/2026 7:29:57 AM","201","Information","Microsoft-Windows-TaskScheduler","Task Scheduler successfully completed task ""\CreateExplorerShellUnelevatedTask"" , instance ""{050a2dd7-1d27-46ab-bb2c-b918abc3d0fe}"" , action ""C:\Windows\Explorer.EXE"" with return code 2147942404."
"6/2/2026 7:29:56 AM","103","Error","Microsoft-Windows-TaskScheduler","Task Scheduler failed to start instance ""{28fc8c7d-2b2b-44fc-9fce-198a3f70aa35}"" of ""\Microsoft\Windows\Wininet\CacheTask""  task for user """" . Additional Data: Error Value: 2147942404."
"6/2/2026 7:29:56 AM","202","Error","Microsoft-Windows-TaskScheduler","Task Scheduler failed to complete task ""\Microsoft\Windows\Wininet\CacheTask"" , instance ""{28fc8c7d-2b2b-44fc-9fce-198a3f70aa35}"" , action ""Wininet Cache task object"" . Additional Data: Error Value: 2147942404."
"6/2/2026 7:29:56 AM","103","Error","Microsoft-Windows-TaskScheduler","Task Scheduler failed to start instance ""{b49b0807-2dba-4ac9-aa96-776eea1b4d1e}"" of ""\Microsoft\Windows\WDI\ResolutionHost""  task for user """" . Additional Data: Error Value: 2147942404."
"6/2/2026 7:29:56 AM","202","Error","Microsoft-Windows-TaskScheduler","Task Scheduler failed to complete task ""\Microsoft\Windows\WDI\ResolutionHost"" , instance ""{b49b0807-2dba-4ac9-aa96-776eea1b4d1e}"" , action ""DiagnosticInfrastructureCustomHandler"" . Additional Data: Error Value: 2147942404."
"6/2/2026 7:29:49 AM","140","Information","Microsoft-Windows-TaskScheduler","User ""NT AUTHORITY\SYSTEM""  updated Task Scheduler task ""\Microsoft\Windows\WindowsUpdate\Scheduled Start"""
"6/2/2026 7:28:41 AM","102","Information","Microsoft-Windows-TaskScheduler","Task Scheduler successfully finished ""{2eda91c2-0050-4c1a-8c1e-f29fa1e9a244}"" instance of the ""\Scaffold\ScaffoldDeployEngine"" task for user ""NT AUTHORITY\SYSTEM""."
"6/2/2026 7:28:41 AM","201","Information","Microsoft-Windows-TaskScheduler","Task Scheduler successfully completed task ""\Scaffold\ScaffoldDeployEngine"" , instance ""{2eda91c2-0050-4c1a-8c1e-f29fa1e9a244}"" , action ""powershell.exe"" with return code 0."
"6/2/2026 7:28:41 AM","200","Information","Microsoft-Windows-TaskScheduler","Task Scheduler launched action ""powershell.exe"" in instance ""{2eda91c2-0050-4c1a-8c1e-f29fa1e9a244}"" of task ""\Scaffold\ScaffoldDeployEngine""."
"6/2/2026 7:28:41 AM","100","Information","Microsoft-Windows-TaskScheduler","Task Scheduler started ""{2eda91c2-0050-4c1a-8c1e-f29fa1e9a244}"" instance of the ""\Scaffold\ScaffoldDeployEngine"" task for user ""NT AUTHORITY\SYSTEM""."
"6/2/2026 7:28:41 AM","129","Information","Microsoft-Windows-TaskScheduler","Task Scheduler launch task ""\Scaffold\ScaffoldDeployEngine"" , instance ""powershell.exe""  with process ID 5332."
"6/2/2026 7:28:41 AM","107","Information","Microsoft-Windows-TaskScheduler","Task Scheduler launched ""{2eda91c2-0050-4c1a-8c1e-f29fa1e9a244}""  instance of task ""\Scaffold\ScaffoldDeployEngine"" due to a time trigger condition."
"6/2/2026 7:26:41 AM","102","Information","Microsoft-Windows-TaskScheduler","Task Scheduler successfully finished ""{7eb87b3c-eb73-4459-aef6-d643c5e6a3d4}"" instance of the ""\Scaffold\ScaffoldDeployEngine"" task for user ""NT AUTHORITY\SYSTEM""."
"6/2/2026 7:26:41 AM","201","Information","Microsoft-Windows-TaskScheduler","Task Scheduler successfully completed task ""\Scaffold\ScaffoldDeployEngine"" , instance ""{7eb87b3c-eb73-4459-aef6-d643c5e6a3d4}"" , action ""powershell.exe"" with return code 0."
"6/2/2026 7:26:41 AM","200","Information","Microsoft-Windows-TaskScheduler","Task Scheduler launched action ""powershell.exe"" in instance ""{7eb87b3c-eb73-4459-aef6-d643c5e6a3d4}"" of task ""\Scaffold\ScaffoldDeployEngine""."
"6/2/2026 7:26:41 AM","100","Information","Microsoft-Windows-TaskScheduler","Task Scheduler started ""{7eb87b3c-eb73-4459-aef6-d643c5e6a3d4}"" instance of the ""\Scaffold\ScaffoldDeployEngine"" task for user ""NT AUTHORITY\SYSTEM""."
"6/2/2026 7:26:41 AM","129","Information","Microsoft-Windows-TaskScheduler","Task Scheduler launch task ""\Scaffold\ScaffoldDeployEngine"" , instance ""powershell.exe""  with process ID 7228."
"6/2/2026 7:26:41 AM","107","Information","Microsoft-Windows-TaskScheduler","Task Scheduler launched ""{7eb87b3c-eb73-4459-aef6-d643c5e6a3d4}""  instance of task ""\Scaffold\ScaffoldDeployEngine"" due to a time trigger condition."
"6/2/2026 7:24:41 AM","102","Information","Microsoft-Windows-TaskScheduler","Task Scheduler successfully finished ""{347c6ac9-5212-4b39-972a-443e3339d389}"" instance of the ""\Scaffold\ScaffoldDeployEngine"" task for user ""NT AUTHORITY\SYSTEM""."
"6/2/2026 7:24:41 AM","201","Information","Microsoft-Windows-TaskScheduler","Task Scheduler successfully completed task ""\Scaffold\ScaffoldDeployEngine"" , instance ""{347c6ac9-5212-4b39-972a-443e3339d389}"" , action ""powershell.exe"" with return code 0."
"6/2/2026 7:24:41 AM","200","Information","Microsoft-Windows-TaskScheduler","Task Scheduler launched action ""powershell.exe"" in instance ""{347c6ac9-5212-4b39-972a-443e3339d389}"" of task ""\Scaffold\ScaffoldDeployEngine""."
"6/2/2026 7:24:41 AM","100","Information","Microsoft-Windows-TaskScheduler","Task Scheduler started ""{347c6ac9-5212-4b39-972a-443e3339d389}"" instance of the ""\Scaffold\ScaffoldDeployEngine"" task for user ""NT AUTHORITY\SYSTEM""."
"6/2/2026 7:24:41 AM","129","Information","Microsoft-Windows-TaskScheduler","Task Scheduler launch task ""\Scaffold\ScaffoldDeployEngine"" , instance ""powershell.exe""  with process ID 5636."
"6/2/2026 7:24:41 AM","107","Information","Microsoft-Windows-TaskScheduler","Task Scheduler launched ""{347c6ac9-5212-4b39-972a-443e3339d389}""  instance of task ""\Scaffold\ScaffoldDeployEngine"" due to a time trigger condition."
"6/2/2026 7:22:41 AM","102","Information","Microsoft-Windows-TaskScheduler","Task Scheduler successfully finished ""{ced8bb21-0a6b-46e0-b0bd-136cb7579d59}"" instance of the ""\Scaffold\ScaffoldDeployEngine"" task for user ""NT AUTHORITY\SYSTEM""."
"6/2/2026 7:22:41 AM","201","Information","Microsoft-Windows-TaskScheduler","Task Scheduler successfully completed task ""\Scaffold\ScaffoldDeployEngine"" , instance ""{ced8bb21-0a6b-46e0-b0bd-136cb7579d59}"" , action ""powershell.exe"" with return code 0."
"6/2/2026 7:22:41 AM","200","Information","Microsoft-Windows-TaskScheduler","Task Scheduler launched action ""powershell.exe"" in instance ""{ced8bb21-0a6b-46e0-b0bd-136cb7579d59}"" of task ""\Scaffold\ScaffoldDeployEngine""."
"6/2/2026 7:22:41 AM","100","Information","Microsoft-Windows-TaskScheduler","Task Scheduler started ""{ced8bb21-0a6b-46e0-b0bd-136cb7579d59}"" instance of the ""\Scaffold\ScaffoldDeployEngine"" task for user ""NT AUTHORITY\SYSTEM""."
"6/2/2026 7:22:41 AM","129","Information","Microsoft-Windows-TaskScheduler","Task Scheduler launch task ""\Scaffold\ScaffoldDeployEngine"" , instance ""powershell.exe""  with process ID 6388."
"6/2/2026 7:22:41 AM","107","Information","Microsoft-Windows-TaskScheduler","Task Scheduler launched ""{ced8bb21-0a6b-46e0-b0bd-136cb7579d59}""  instance of task ""\Scaffold\ScaffoldDeployEngine"" due to a time trigger condition."
"6/2/2026 7:21:27 AM","102","Information","Microsoft-Windows-TaskScheduler","Task Scheduler successfully finished ""{800188c8-5ee8-48ab-a9cd-266b1422fd67}"" instance of the ""\Microsoft\Windows\Device Information\Device User"" task for user ""SCAFFOLD\Administrator""."
"6/2/2026 7:21:27 AM","201","Information","Microsoft-Windows-TaskScheduler","Task Scheduler successfully completed task ""\Microsoft\Windows\Device Information\Device User"" , instance ""{800188c8-5ee8-48ab-a9cd-266b1422fd67}"" , action ""%windir%\system32\devicecensus.exe"" with return code 0."
"6/2/2026 7:21:17 AM","200","Information","Microsoft-Windows-TaskScheduler","Task Scheduler launched action ""%windir%\system32\devicecensus.exe"" in instance ""{800188c8-5ee8-48ab-a9cd-266b1422fd67}"" of task ""\Microsoft\Windows\Device Information\Device User""."
"6/2/2026 7:21:17 AM","100","Information","Microsoft-Windows-TaskScheduler","Task Scheduler started ""{800188c8-5ee8-48ab-a9cd-266b1422fd67}"" instance of the ""\Microsoft\Windows\Device Information\Device User"" task for user ""SCAFFOLD\Administrator""."
"6/2/2026 7:21:17 AM","129","Information","Microsoft-Windows-TaskScheduler","Task Scheduler launch task ""\Microsoft\Windows\Device Information\Device User"" , instance ""%windir%\system32\devicecensus.exe""  with process ID 5284."
"6/2/2026 7:21:17 AM","119","Information","Microsoft-Windows-TaskScheduler","Task Scheduler launched ""{800188c8-5ee8-48ab-a9cd-266b1422fd67}""  instance of task ""\Microsoft\Windows\Device Information\Device User"" due to user ""SCAFFOLD\Administrator""  logon."
"6/2/2026 7:21:09 AM","102","Information","Microsoft-Windows-TaskScheduler","Task Scheduler successfully finished ""{efa04819-c854-489b-85ac-836d59a19810}"" instance of the ""\Microsoft\Windows\DiskCleanup\SilentCleanup"" task for user ""SCAFFOLD\Administrator""."
"6/2/2026 7:21:09 AM","201","Information","Microsoft-Windows-TaskScheduler","Task Scheduler successfully completed task ""\Microsoft\Windows\DiskCleanup\SilentCleanup"" , instance ""{efa04819-c854-489b-85ac-836d59a19810}"" , action ""%windir%\system32\cleanmgr.exe"" with return code 0."
"6/2/2026 7:21:05 AM","110","Information","Microsoft-Windows-TaskScheduler","Task Scheduler launched ""{e461fdae-6df9-40a2-bc83-9757438cc616}""  instance of task ""\Microsoft\Windows\DiskCleanup\SilentCleanup""  for user ""Users"" ."
"6/2/2026 7:21:05 AM","200","Information","Microsoft-Windows-TaskScheduler","Task Scheduler launched action ""%windir%\system32\cleanmgr.exe"" in instance ""{efa04819-c854-489b-85ac-836d59a19810}"" of task ""\Microsoft\Windows\DiskCleanup\SilentCleanup""."
"6/2/2026 7:21:05 AM","100","Information","Microsoft-Windows-TaskScheduler","Task Scheduler started ""{efa04819-c854-489b-85ac-836d59a19810}"" instance of the ""\Microsoft\Windows\DiskCleanup\SilentCleanup"" task for user ""SCAFFOLD\Administrator""."
