"6/2/2026 7:21:05 AM","129","Information","Microsoft-Windows-TaskScheduler","Task Scheduler launch task ""\Microsoft\Windows\DiskCleanup\SilentCleanup"" , instance ""%windir%\system32\cleanmgr.exe""  with process ID 5932."
"6/2/2026 7:20:41 AM","102","Information","Microsoft-Windows-TaskScheduler","Task Scheduler successfully finished ""{0f2e6443-e537-4921-aa61-19d1e5d8295e}"" instance of the ""\Scaffold\ScaffoldDeployEngine"" task for user ""NT AUTHORITY\SYSTEM""."
"6/2/2026 7:20:41 AM","201","Information","Microsoft-Windows-TaskScheduler","Task Scheduler successfully completed task ""\Scaffold\ScaffoldDeployEngine"" , instance ""{0f2e6443-e537-4921-aa61-19d1e5d8295e}"" , action ""powershell.exe"" with return code 0."
"6/2/2026 7:20:41 AM","200","Information","Microsoft-Windows-TaskScheduler","Task Scheduler launched action ""powershell.exe"" in instance ""{0f2e6443-e537-4921-aa61-19d1e5d8295e}"" of task ""\Scaffold\ScaffoldDeployEngine""."
"6/2/2026 7:20:41 AM","100","Information","Microsoft-Windows-TaskScheduler","Task Scheduler started ""{0f2e6443-e537-4921-aa61-19d1e5d8295e}"" instance of the ""\Scaffold\ScaffoldDeployEngine"" task for user ""NT AUTHORITY\SYSTEM""."
"6/2/2026 7:20:41 AM","129","Information","Microsoft-Windows-TaskScheduler","Task Scheduler launch task ""\Scaffold\ScaffoldDeployEngine"" , instance ""powershell.exe""  with process ID 4588."
"6/2/2026 7:20:41 AM","107","Information","Microsoft-Windows-TaskScheduler","Task Scheduler launched ""{0f2e6443-e537-4921-aa61-19d1e5d8295e}""  instance of task ""\Scaffold\ScaffoldDeployEngine"" due to a time trigger condition."
"6/2/2026 7:20:18 AM","102","Information","Microsoft-Windows-TaskScheduler","Task Scheduler successfully finished ""{492e85b5-e728-47e4-b097-ed10b0cd4501}"" instance of the ""\Microsoft\Windows\Windows Defender\Windows Defender Cache Maintenance"" task for user ""NT AUTHORITY\SYSTEM""."
"6/2/2026 7:20:18 AM","201","Information","Microsoft-Windows-TaskScheduler","Task Scheduler successfully completed task ""\Microsoft\Windows\Windows Defender\Windows Defender Cache Maintenance"" , instance ""{492e85b5-e728-47e4-b097-ed10b0cd4501}"" , action ""C:\ProgramData\Microsoft\Windows Defender\Platform\4.18.26030.3011-0\MpCmdRun.exe"" with return code 0."
"6/2/2026 7:20:18 AM","102","Information","Microsoft-Windows-TaskScheduler","Task Scheduler successfully finished ""{3926dff5-3528-45c6-89fa-009c89216ce6}"" instance of the ""\Microsoft\Windows\Windows Defender\Windows Defender Cleanup"" task for user ""NT AUTHORITY\SYSTEM""."
"6/2/2026 7:20:18 AM","201","Information","Microsoft-Windows-TaskScheduler","Task Scheduler successfully completed task ""\Microsoft\Windows\Windows Defender\Windows Defender Cleanup"" , instance ""{3926dff5-3528-45c6-89fa-009c89216ce6}"" , action ""C:\ProgramData\Microsoft\Windows Defender\Platform\4.18.26030.3011-0\MpCmdRun.exe"" with return code 0."
"6/2/2026 7:19:55 AM","102","Information","Microsoft-Windows-TaskScheduler","Task Scheduler successfully finished ""{ecdf8d0e-5056-42da-ba7e-174c689f698f}"" instance of the ""\Microsoft\Windows\License Manager\TempSignedLicenseExchange"" task for user ""SCAFFOLD\Administrator""."
"6/2/2026 7:19:55 AM","201","Information","Microsoft-Windows-TaskScheduler","Task Scheduler successfully completed task ""\Microsoft\Windows\License Manager\TempSignedLicenseExchange"" , instance ""{ecdf8d0e-5056-42da-ba7e-174c689f698f}"" , action ""TempSignedLicenseExchangeTask"" with return code 0."
"6/2/2026 7:19:47 AM","140","Information","Microsoft-Windows-TaskScheduler","User ""SCAFFOLD\DC$""  updated Task Scheduler task ""\Microsoft\Windows\Windows Defender\Windows Defender Scheduled Scan"""
"6/2/2026 7:19:47 AM","106","Information","Microsoft-Windows-TaskScheduler","User ""SCAFFOLD\DC$""  registered Task Scheduler task ""\Microsoft\Windows\Windows Defender\Windows Defender Scheduled Scan"""
"6/2/2026 7:19:47 AM","141","Information","Microsoft-Windows-TaskScheduler","User ""NT AUTHORITY\System""  deleted Task Scheduler task ""\Microsoft\Windows\Windows Defender\Windows Defender Scheduled Scan"""
"6/2/2026 7:19:37 AM","102","Information","Microsoft-Windows-TaskScheduler","Task Scheduler successfully finished ""{f69069ce-5e8c-455f-9dad-1739becaf5a4}"" instance of the ""\Microsoft\Windows\Windows Defender\Windows Defender Scheduled Scan"" task for user ""NT AUTHORITY\SYSTEM""."
"6/2/2026 7:19:37 AM","201","Information","Microsoft-Windows-TaskScheduler","Task Scheduler successfully completed task ""\Microsoft\Windows\Windows Defender\Windows Defender Scheduled Scan"" , instance ""{f69069ce-5e8c-455f-9dad-1739becaf5a4}"" , action ""C:\ProgramData\Microsoft\Windows Defender\Platform\4.18.26030.3011-0\MpCmdRun.exe"" with return code 0."
"6/2/2026 7:19:24 AM","102","Information","Microsoft-Windows-TaskScheduler","Task Scheduler successfully finished ""{9e7a9319-fc7a-49cd-8c12-075e5245d390}"" instance of the ""\Microsoft\Windows\DiskCleanup\SilentCleanup"" task for user ""SCAFFOLD\Administrator""."
"6/2/2026 7:19:24 AM","201","Information","Microsoft-Windows-TaskScheduler","Task Scheduler successfully completed task ""\Microsoft\Windows\DiskCleanup\SilentCleanup"" , instance ""{9e7a9319-fc7a-49cd-8c12-075e5245d390}"" , action ""%windir%\system32\cleanmgr.exe"" with return code 0."
"6/2/2026 7:19:21 AM","102","Information","Microsoft-Windows-TaskScheduler","Task Scheduler successfully finished ""{5ab18a65-dc41-46ea-ac71-3cd1909c0b85}"" instance of the ""\MicrosoftEdgeUpdateTaskMachineUA"" task for user ""NT AUTHORITY\SYSTEM""."
"6/2/2026 7:19:21 AM","201","Information","Microsoft-Windows-TaskScheduler","Task Scheduler successfully completed task ""\MicrosoftEdgeUpdateTaskMachineUA"" , instance ""{5ab18a65-dc41-46ea-ac71-3cd1909c0b85}"" , action ""C:\Program Files (x86)\Microsoft\EdgeUpdate\MicrosoftEdgeUpdate.exe"" with return code 0."
"6/2/2026 7:19:20 AM","102","Information","Microsoft-Windows-TaskScheduler","Task Scheduler successfully finished ""{deaef936-6bc1-4c6b-b85b-64f8dab65265}"" instance of the ""\Microsoft\Windows\.NET Framework\.NET Framework NGEN v4.0.30319 64"" task for user ""NT AUTHORITY\SYSTEM""."
"6/2/2026 7:19:20 AM","201","Information","Microsoft-Windows-TaskScheduler","Task Scheduler successfully completed task ""\Microsoft\Windows\.NET Framework\.NET Framework NGEN v4.0.30319 64"" , instance ""{deaef936-6bc1-4c6b-b85b-64f8dab65265}"" , action """" with return code 0."
"6/2/2026 7:19:20 AM","102","Information","Microsoft-Windows-TaskScheduler","Task Scheduler successfully finished ""{b5d83577-7bc6-4eaa-b11f-8334db20016c}"" instance of the ""\Microsoft\Windows\.NET Framework\.NET Framework NGEN v4.0.30319"" task for user ""NT AUTHORITY\SYSTEM""."
"6/2/2026 7:19:20 AM","201","Information","Microsoft-Windows-TaskScheduler","Task Scheduler successfully completed task ""\Microsoft\Windows\.NET Framework\.NET Framework NGEN v4.0.30319"" , instance ""{b5d83577-7bc6-4eaa-b11f-8334db20016c}"" , action """" with return code 0."
"6/2/2026 7:19:20 AM","140","Information","Microsoft-Windows-TaskScheduler","User ""SYSTEM""  updated Task Scheduler task ""\Microsoft\Windows\.NET Framework\.NET Framework NGEN v4.0.30319"""
"6/2/2026 7:19:20 AM","140","Information","Microsoft-Windows-TaskScheduler","User ""SYSTEM""  updated Task Scheduler task ""\Microsoft\Windows\.NET Framework\.NET Framework NGEN v4.0.30319 64"""
"6/2/2026 7:19:20 AM","200","Information","Microsoft-Windows-TaskScheduler","Task Scheduler launched action """" in instance ""{b5d83577-7bc6-4eaa-b11f-8334db20016c}"" of task ""\Microsoft\Windows\.NET Framework\.NET Framework NGEN v4.0.30319""."
"6/2/2026 7:19:20 AM","100","Information","Microsoft-Windows-TaskScheduler","Task Scheduler started ""{b5d83577-7bc6-4eaa-b11f-8334db20016c}"" instance of the ""\Microsoft\Windows\.NET Framework\.NET Framework NGEN v4.0.30319"" task for user ""NT AUTHORITY\SYSTEM""."
"6/2/2026 7:19:20 AM","200","Information","Microsoft-Windows-TaskScheduler","Task Scheduler launched action """" in instance ""{deaef936-6bc1-4c6b-b85b-64f8dab65265}"" of task ""\Microsoft\Windows\.NET Framework\.NET Framework NGEN v4.0.30319 64""."
"6/2/2026 7:19:20 AM","100","Information","Microsoft-Windows-TaskScheduler","Task Scheduler started ""{deaef936-6bc1-4c6b-b85b-64f8dab65265}"" instance of the ""\Microsoft\Windows\.NET Framework\.NET Framework NGEN v4.0.30319 64"" task for user ""NT AUTHORITY\SYSTEM""."
"6/2/2026 7:19:20 AM","129","Information","Microsoft-Windows-TaskScheduler","Task Scheduler launch task ""\Microsoft\Windows\.NET Framework\.NET Framework NGEN v4.0.30319 64"" , instance ""taskhostw.exe""  with process ID 3660."
"6/2/2026 7:19:20 AM","325","Warning","Microsoft-Windows-TaskScheduler","Task Scheduler queued instance ""{146a27b9-52a9-4f42-aed3-2d07a88ec9f1}""  of task ""\Microsoft\Windows\Power Efficiency Diagnostics\AnalyzeSystem""."
"6/2/2026 7:19:20 AM","325","Warning","Microsoft-Windows-TaskScheduler","Task Scheduler queued instance ""{3eae3028-771d-48b2-8bfb-6146366598ff}""  of task ""\Microsoft\Windows\Maintenance\WinSAT""."
"6/2/2026 7:19:19 AM","102","Information","Microsoft-Windows-TaskScheduler","Task Scheduler successfully finished ""{c1bfbe06-ee6f-445c-b0d2-1a245a5c427c}"" instance of the ""\Microsoft\Windows\Time Zone\SynchronizeTimeZone"" task for user ""NT AUTHORITY\SYSTEM""."
"6/2/2026 7:19:19 AM","201","Information","Microsoft-Windows-TaskScheduler","Task Scheduler successfully completed task ""\Microsoft\Windows\Time Zone\SynchronizeTimeZone"" , instance ""{c1bfbe06-ee6f-445c-b0d2-1a245a5c427c}"" , action ""%windir%\system32\tzsync.exe"" with return code 0."
"6/2/2026 7:19:19 AM","102","Information","Microsoft-Windows-TaskScheduler","Task Scheduler successfully finished ""{180cb3c8-146f-457f-bfac-ddd77ed3dc57}"" instance of the ""\Microsoft\Windows\.NET Framework\.NET Framework NGEN v4.0.30319 64"" task for user ""NT AUTHORITY\SYSTEM""."
"6/2/2026 7:19:19 AM","201","Information","Microsoft-Windows-TaskScheduler","Task Scheduler successfully completed task ""\Microsoft\Windows\.NET Framework\.NET Framework NGEN v4.0.30319 64"" , instance ""{180cb3c8-146f-457f-bfac-ddd77ed3dc57}"" , action """" with return code 0."
"6/2/2026 7:19:19 AM","102","Information","Microsoft-Windows-TaskScheduler","Task Scheduler successfully finished ""{c28fc24d-8c1a-450f-9005-fc3761486387}"" instance of the ""\Microsoft\Windows\.NET Framework\.NET Framework NGEN v4.0.30319"" task for user ""NT AUTHORITY\SYSTEM""."
"6/2/2026 7:19:19 AM","201","Information","Microsoft-Windows-TaskScheduler","Task Scheduler successfully completed task ""\Microsoft\Windows\.NET Framework\.NET Framework NGEN v4.0.30319"" , instance ""{c28fc24d-8c1a-450f-9005-fc3761486387}"" , action """" with return code 0."
"6/2/2026 7:19:19 AM","102","Information","Microsoft-Windows-TaskScheduler","Task Scheduler successfully finished ""{52931494-b38d-4d3d-8ff5-604cb00ea110}"" instance of the ""\Microsoft\Windows\Defrag\ScheduledDefrag"" task for user ""NT AUTHORITY\SYSTEM""."
"6/2/2026 7:19:19 AM","201","Information","Microsoft-Windows-TaskScheduler","Task Scheduler successfully completed task ""\Microsoft\Windows\Defrag\ScheduledDefrag"" , instance ""{52931494-b38d-4d3d-8ff5-604cb00ea110}"" , action ""%windir%\system32\defrag.exe"" with return code 0."
"6/2/2026 7:19:19 AM","140","Information","Microsoft-Windows-TaskScheduler","User ""SYSTEM""  updated Task Scheduler task ""\Microsoft\Windows\.NET Framework\.NET Framework NGEN v4.0.30319"""
"6/2/2026 7:19:19 AM","140","Information","Microsoft-Windows-TaskScheduler","User ""SYSTEM""  updated Task Scheduler task ""\Microsoft\Windows\.NET Framework\.NET Framework NGEN v4.0.30319 64"""
"6/2/2026 7:19:19 AM","102","Information","Microsoft-Windows-TaskScheduler","Task Scheduler successfully finished ""{a34543ac-a51d-4938-b368-bc4bb4ad3685}"" instance of the ""\Microsoft\Windows\RecoveryEnvironment\VerifyWinRE"" task for user ""SCAFFOLD\Administrator""."
"6/2/2026 7:19:19 AM","201","Information","Microsoft-Windows-TaskScheduler","Task Scheduler successfully completed task ""\Microsoft\Windows\RecoveryEnvironment\VerifyWinRE"" , instance ""{a34543ac-a51d-4938-b368-bc4bb4ad3685}"" , action ""ReAgentTaskHandler"" with return code 0."
"6/2/2026 7:19:19 AM","102","Information","Microsoft-Windows-TaskScheduler","Task Scheduler successfully finished ""{c20c5ff1-5c31-4616-90d9-6946be5f243b}"" instance of the ""\microsoft\windows\applicationdata\appuriverifierdaily"" task for user ""SCAFFOLD\Administrator""."
"6/2/2026 7:19:19 AM","201","Information","Microsoft-Windows-TaskScheduler","Task Scheduler successfully completed task ""\microsoft\windows\applicationdata\appuriverifierdaily"" , instance ""{c20c5ff1-5c31-4616-90d9-6946be5f243b}"" , action ""%windir%\system32\AppHostRegistrationVerifier.exe"" with return code 0."
"6/2/2026 7:19:19 AM","102","Information","Microsoft-Windows-TaskScheduler","Task Scheduler successfully finished ""{7e5335e9-800b-4f37-be88-4753d5aae3c2}"" instance of the ""\Microsoft\Windows\Time Synchronization\SynchronizeTime"" task for user ""(NONE)""."
"6/2/2026 7:19:19 AM","201","Information","Microsoft-Windows-TaskScheduler","Task Scheduler successfully completed task ""\Microsoft\Windows\Time Synchronization\SynchronizeTime"" , instance ""{7e5335e9-800b-4f37-be88-4753d5aae3c2}"" , action ""%windir%\system32\sc.exe"" with return code 2147943456."
"6/2/2026 7:19:19 AM","102","Information","Microsoft-Windows-TaskScheduler","Task Scheduler successfully finished ""{3a8614e1-2dbd-4120-ae76-e4b99254f49e}"" instance of the ""\Microsoft\Windows\ApplicationData\DsSvcCleanup"" task for user ""NT AUTHORITY\SYSTEM""."
"6/2/2026 7:19:19 AM","201","Information","Microsoft-Windows-TaskScheduler","Task Scheduler successfully completed task ""\Microsoft\Windows\ApplicationData\DsSvcCleanup"" , instance ""{3a8614e1-2dbd-4120-ae76-e4b99254f49e}"" , action ""%windir%\system32\dstokenclean.exe"" with return code 0."
"6/2/2026 7:19:19 AM","102","Information","Microsoft-Windows-TaskScheduler","Task Scheduler successfully finished ""{df6807da-9ee2-4ef1-95ca-b9ac6630188f}"" instance of the ""\Microsoft\Windows\StateRepository\MaintenanceTasks"" task for user ""NT AUTHORITY\SYSTEM""."
"6/2/2026 7:19:19 AM","201","Information","Microsoft-Windows-TaskScheduler","Task Scheduler successfully completed task ""\Microsoft\Windows\StateRepository\MaintenanceTasks"" , instance ""{df6807da-9ee2-4ef1-95ca-b9ac6630188f}"" , action ""%windir%\system32\rundll32.exe"" with return code 0."
"6/2/2026 7:19:19 AM","102","Information","Microsoft-Windows-TaskScheduler","Task Scheduler successfully finished ""{7a258e93-d3a1-44bb-87ce-ebf3dd5412e4}"" instance of the ""\Microsoft\Windows\DiskDiagnostic\Microsoft-Windows-DiskDiagnosticDataCollector"" task for user ""NT AUTHORITY\SYSTEM""."
"6/2/2026 7:19:19 AM","201","Information","Microsoft-Windows-TaskScheduler","Task Scheduler successfully completed task ""\Microsoft\Windows\DiskDiagnostic\Microsoft-Windows-DiskDiagnosticDataCollector"" , instance ""{7a258e93-d3a1-44bb-87ce-ebf3dd5412e4}"" , action ""%windir%\system32\rundll32.exe"" with return code 0."
"6/2/2026 7:19:19 AM","102","Information","Microsoft-Windows-TaskScheduler","Task Scheduler successfully finished ""{59148bbe-78a8-4395-8919-2b21d9882ee9}"" instance of the ""\Microsoft\Windows\Diagnosis\Scheduled"" task for user ""SCAFFOLD\Administrator""."
"6/2/2026 7:19:19 AM","201","Information","Microsoft-Windows-TaskScheduler","Task Scheduler successfully completed task ""\Microsoft\Windows\Diagnosis\Scheduled"" , instance ""{59148bbe-78a8-4395-8919-2b21d9882ee9}"" , action ""ScheduledDiagnosticCustomHandler"" with return code 0."
"6/2/2026 7:19:19 AM","103","Error","Microsoft-Windows-TaskScheduler","Task Scheduler failed to start instance ""{a2bff658-e130-4151-941f-7f29f9400783}"" of ""\Microsoft\Windows\DiskFootprint\StorageSense""  task for user ""NT AUTHORITY\SYSTEM"" . Additional Data: Error Value: 2147746132."
"6/2/2026 7:19:19 AM","202","Error","Microsoft-Windows-TaskScheduler","Task Scheduler failed to complete task ""\Microsoft\Windows\DiskFootprint\StorageSense"" , instance ""{a2bff658-e130-4151-941f-7f29f9400783}"" , action ""StorageUsage State Reporter Task Handler"" . Additional Data: Error Value: 2147746132."
"6/2/2026 7:19:19 AM","102","Information","Microsoft-Windows-TaskScheduler","Task Scheduler successfully finished ""{5601eb30-3af0-42a9-90cb-c24081dc7620}"" instance of the ""\Microsoft\Windows\ApplicationData\CleanupTemporaryState"" task for user ""NT AUTHORITY\SYSTEM""."
"6/2/2026 7:19:19 AM","201","Information","Microsoft-Windows-TaskScheduler","Task Scheduler successfully completed task ""\Microsoft\Windows\ApplicationData\CleanupTemporaryState"" , instance ""{5601eb30-3af0-42a9-90cb-c24081dc7620}"" , action ""%windir%\system32\rundll32.exe"" with return code 0."
"6/2/2026 7:19:19 AM","142","Information","Microsoft-Windows-TaskScheduler","User ""Administrators""  disabled Task Scheduler task ""\Microsoft\Windows\RecoveryEnvironment\VerifyWinRE"""
"6/2/2026 7:19:19 AM","102","Information","Microsoft-Windows-TaskScheduler","Task Scheduler successfully finished ""{e07fd849-2c4c-437a-a7b5-635e478de136}"" instance of the ""\Microsoft\Windows\Shell\IndexerAutomaticMaintenance"" task for user ""(NONE)""."
"6/2/2026 7:19:19 AM","201","Information","Microsoft-Windows-TaskScheduler","Task Scheduler successfully completed task ""\Microsoft\Windows\Shell\IndexerAutomaticMaintenance"" , instance ""{e07fd849-2c4c-437a-a7b5-635e478de136}"" , action ""Automatic Maintenance task to enable Windows Search to make progress while in Connected Standby"" with return code 2147942401."
"6/2/2026 7:19:18 AM","102","Information","Microsoft-Windows-TaskScheduler","Task Scheduler successfully finished ""{c3ca6c0f-b721-48f3-974c-9bf4c8e9f43e}"" instance of the ""\Microsoft\Windows\DiskFootprint\Diagnostics"" task for user ""NT AUTHORITY\SYSTEM""."
"6/2/2026 7:19:18 AM","201","Information","Microsoft-Windows-TaskScheduler","Task Scheduler successfully completed task ""\Microsoft\Windows\DiskFootprint\Diagnostics"" , instance ""{c3ca6c0f-b721-48f3-974c-9bf4c8e9f43e}"" , action ""%windir%\system32\disksnapshot.exe"" with return code 0."
"6/2/2026 7:19:18 AM","102","Information","Microsoft-Windows-TaskScheduler","Task Scheduler successfully finished ""{301eac0d-dcbc-4a15-bc1a-7c4f72de2297}"" instance of the ""\Microsoft\Windows\MUI\LPRemove"" task for user ""NT AUTHORITY\SYSTEM""."
"6/2/2026 7:19:18 AM","201","Information","Microsoft-Windows-TaskScheduler","Task Scheduler successfully completed task ""\Microsoft\Windows\MUI\LPRemove"" , instance ""{301eac0d-dcbc-4a15-bc1a-7c4f72de2297}"" , action ""%windir%\system32\lpremove.exe"" with return code 0."
"6/2/2026 7:19:18 AM","102","Information","Microsoft-Windows-TaskScheduler","Task Scheduler successfully finished ""{923c1c37-9c03-49dc-8950-fa4e1e7019e0}"" instance of the ""\Microsoft\Windows\Application Experience\StartupAppTask"" task for user ""SCAFFOLD\Administrator""."
"6/2/2026 7:19:18 AM","201","Information","Microsoft-Windows-TaskScheduler","Task Scheduler successfully completed task ""\Microsoft\Windows\Application Experience\StartupAppTask"" , instance ""{923c1c37-9c03-49dc-8950-fa4e1e7019e0}"" , action ""%windir%\system32\rundll32.exe"" with return code 0."
"6/2/2026 7:19:18 AM","102","Information","Microsoft-Windows-TaskScheduler","Task Scheduler successfully finished ""{34de116e-e35a-4904-b605-e032409d72fe}"" instance of the ""\Microsoft\Windows\Customer Experience Improvement Program\UsbCeip"" task for user ""NT AUTHORITY\SYSTEM""."
"6/2/2026 7:19:18 AM","201","Information","Microsoft-Windows-TaskScheduler","Task Scheduler successfully completed task ""\Microsoft\Windows\Customer Experience Improvement Program\UsbCeip"" , instance ""{34de116e-e35a-4904-b605-e032409d72fe}"" , action ""UsbCeip"" with return code 0."
"6/2/2026 7:19:18 AM","102","Information","Microsoft-Windows-TaskScheduler","Task Scheduler successfully finished ""{c8cc4340-0c89-487e-adaa-ceeb25ca7884}"" instance of the ""\Microsoft\Windows\Flighting\FeatureConfig\UsageDataReporting"" task for user ""NT AUTHORITY\SYSTEM""."
"6/2/2026 7:19:18 AM","201","Information","Microsoft-Windows-TaskScheduler","Task Scheduler successfully completed task ""\Microsoft\Windows\Flighting\FeatureConfig\UsageDataReporting"" , instance ""{c8cc4340-0c89-487e-adaa-ceeb25ca7884}"" , action ""Feature Usage Data Reporting Task Handler"" with return code 0."
"6/2/2026 7:19:18 AM","102","Information","Microsoft-Windows-TaskScheduler","Task Scheduler successfully finished ""{443e17e5-88f9-4738-822b-93480fe753bc}"" instance of the ""\Microsoft\Windows\UpdateOrchestrator\Report policies"" task for user ""NT AUTHORITY\SYSTEM""."
"6/2/2026 7:19:18 AM","201","Information","Microsoft-Windows-TaskScheduler","Task Scheduler successfully completed task ""\Microsoft\Windows\UpdateOrchestrator\Report policies"" , instance ""{443e17e5-88f9-4738-822b-93480fe753bc}"" , action ""%systemroot%\system32\usoclient.exe"" with return code 0."
"6/2/2026 7:19:18 AM","102","Information","Microsoft-Windows-TaskScheduler","Task Scheduler successfully finished ""{77dabac6-d9eb-4788-ab55-96b8ccba758e}"" instance of the ""\Microsoft\Windows\Servicing\StartComponentCleanup"" task for user ""NT AUTHORITY\SYSTEM""."
"6/2/2026 7:19:18 AM","201","Information","Microsoft-Windows-TaskScheduler","Task Scheduler successfully completed task ""\Microsoft\Windows\Servicing\StartComponentCleanup"" , instance ""{77dabac6-d9eb-4788-ab55-96b8ccba758e}"" , action ""Component Based Servicing Session"" with return code 0."
"6/2/2026 7:19:18 AM","102","Information","Microsoft-Windows-TaskScheduler","Task Scheduler successfully finished ""{8ca59308-5170-4dd2-8155-6949f3b76f87}"" instance of the ""\Microsoft\Windows\BrokerInfrastructure\BgTaskRegistrationMaintenanceTask"" task for user ""NT AUTHORITY\SYSTEM""."
"6/2/2026 7:19:18 AM","201","Information","Microsoft-Windows-TaskScheduler","Task Scheduler successfully completed task ""\Microsoft\Windows\BrokerInfrastructure\BgTaskRegistrationMaintenanceTask"" , instance ""{8ca59308-5170-4dd2-8155-6949f3b76f87}"" , action """" with return code 2147942400."
"6/2/2026 7:19:18 AM","102","Information","Microsoft-Windows-TaskScheduler","Task Scheduler successfully finished ""{4bd99435-bed9-41be-b697-1df4ad2a5314}"" instance of the ""\Microsoft\Windows\Chkdsk\ProactiveScan"" task for user ""NT AUTHORITY\SYSTEM""."
"6/2/2026 7:19:18 AM","201","Information","Microsoft-Windows-TaskScheduler","Task Scheduler successfully completed task ""\Microsoft\Windows\Chkdsk\ProactiveScan"" , instance ""{4bd99435-bed9-41be-b697-1df4ad2a5314}"" , action ""Proactive Scan"" with return code 0."
"6/2/2026 7:19:18 AM","102","Information","Microsoft-Windows-TaskScheduler","Task Scheduler successfully finished ""{769bca8c-302f-468d-a90c-d3c257d84ca1}"" instance of the ""\Microsoft\Windows\Device Setup\Metadata Refresh"" task for user ""SCAFFOLD\Administrator""."
"6/2/2026 7:19:18 AM","201","Information","Microsoft-Windows-TaskScheduler","Task Scheduler successfully completed task ""\Microsoft\Windows\Device Setup\Metadata Refresh"" , instance ""{769bca8c-302f-468d-a90c-d3c257d84ca1}"" , action ""DsmRefreshTask Class"" with return code 0."
"6/2/2026 7:19:18 AM","200","Information","Microsoft-Windows-TaskScheduler","Task Scheduler launched action ""%windir%\system32\rundll32.exe"" in instance ""{7a258e93-d3a1-44bb-87ce-ebf3dd5412e4}"" of task ""\Microsoft\Windows\DiskDiagnostic\Microsoft-Windows-DiskDiagnosticDataCollector""."
"6/2/2026 7:19:18 AM","100","Information","Microsoft-Windows-TaskScheduler","Task Scheduler started ""{7a258e93-d3a1-44bb-87ce-ebf3dd5412e4}"" instance of the ""\Microsoft\Windows\DiskDiagnostic\Microsoft-Windows-DiskDiagnosticDataCollector"" task for user ""NT AUTHORITY\SYSTEM""."
"6/2/2026 7:19:18 AM","129","Information","Microsoft-Windows-TaskScheduler","Task Scheduler launch task ""\Microsoft\Windows\DiskDiagnostic\Microsoft-Windows-DiskDiagnosticDataCollector"" , instance ""%windir%\system32\rundll32.exe""  with process ID 1208."
"6/2/2026 7:19:18 AM","200","Information","Microsoft-Windows-TaskScheduler","Task Scheduler launched action ""%windir%\system32\cleanmgr.exe"" in instance ""{9e7a9319-fc7a-49cd-8c12-075e5245d390}"" of task ""\Microsoft\Windows\DiskCleanup\SilentCleanup""."
"6/2/2026 7:19:18 AM","100","Information","Microsoft-Windows-TaskScheduler","Task Scheduler started ""{9e7a9319-fc7a-49cd-8c12-075e5245d390}"" instance of the ""\Microsoft\Windows\DiskCleanup\SilentCleanup"" task for user ""SCAFFOLD\Administrator""."
"6/2/2026 7:19:18 AM","129","Information","Microsoft-Windows-TaskScheduler","Task Scheduler launch task ""\Microsoft\Windows\DiskCleanup\SilentCleanup"" , instance ""%windir%\system32\cleanmgr.exe""  with process ID 7700."
"6/2/2026 7:19:18 AM","200","Information","Microsoft-Windows-TaskScheduler","Task Scheduler launched action ""ReAgentTaskHandler"" in instance ""{a34543ac-a51d-4938-b368-bc4bb4ad3685}"" of task ""\Microsoft\Windows\RecoveryEnvironment\VerifyWinRE""."
"6/2/2026 7:19:18 AM","100","Information","Microsoft-Windows-TaskScheduler","Task Scheduler started ""{a34543ac-a51d-4938-b368-bc4bb4ad3685}"" instance of the ""\Microsoft\Windows\RecoveryEnvironment\VerifyWinRE"" task for user ""SCAFFOLD\Administrator""."
"6/2/2026 7:19:18 AM","200","Information","Microsoft-Windows-TaskScheduler","Task Scheduler launched action ""Feature Usage Data Reporting Task Handler"" in instance ""{c8cc4340-0c89-487e-adaa-ceeb25ca7884}"" of task ""\Microsoft\Windows\Flighting\FeatureConfig\UsageDataReporting""."
"6/2/2026 7:19:18 AM","100","Information","Microsoft-Windows-TaskScheduler","Task Scheduler started ""{c8cc4340-0c89-487e-adaa-ceeb25ca7884}"" instance of the ""\Microsoft\Windows\Flighting\FeatureConfig\UsageDataReporting"" task for user ""NT AUTHORITY\SYSTEM""."
"6/2/2026 7:19:18 AM","325","Warning","Microsoft-Windows-TaskScheduler","Task Scheduler queued instance ""{146a27b9-52a9-4f42-aed3-2d07a88ec9f1}""  of task ""\Microsoft\Windows\Power Efficiency Diagnostics\AnalyzeSystem""."
"6/2/2026 7:19:18 AM","200","Information","Microsoft-Windows-TaskScheduler","Task Scheduler launched action """" in instance ""{c28fc24d-8c1a-450f-9005-fc3761486387}"" of task ""\Microsoft\Windows\.NET Framework\.NET Framework NGEN v4.0.30319""."
"6/2/2026 7:19:18 AM","100","Information","Microsoft-Windows-TaskScheduler","Task Scheduler started ""{c28fc24d-8c1a-450f-9005-fc3761486387}"" instance of the ""\Microsoft\Windows\.NET Framework\.NET Framework NGEN v4.0.30319"" task for user ""NT AUTHORITY\SYSTEM""."
"6/2/2026 7:19:18 AM","200","Information","Microsoft-Windows-TaskScheduler","Task Scheduler launched action """" in instance ""{180cb3c8-146f-457f-bfac-ddd77ed3dc57}"" of task ""\Microsoft\Windows\.NET Framework\.NET Framework NGEN v4.0.30319 64""."
"6/2/2026 7:19:18 AM","100","Information","Microsoft-Windows-TaskScheduler","Task Scheduler started ""{180cb3c8-146f-457f-bfac-ddd77ed3dc57}"" instance of the ""\Microsoft\Windows\.NET Framework\.NET Framework NGEN v4.0.30319 64"" task for user ""NT AUTHORITY\SYSTEM""."
"6/2/2026 7:19:18 AM","200","Information","Microsoft-Windows-TaskScheduler","Task Scheduler launched action ""C:\ProgramData\Microsoft\Windows Defender\Platform\4.18.26030.3011-0\MpCmdRun.exe"" in instance ""{492e85b5-e728-47e4-b097-ed10b0cd4501}"" of task ""\Microsoft\Windows\Windows Defender\Windows Defender Cache Maintenance""."
"6/2/2026 7:19:18 AM","100","Information","Microsoft-Windows-TaskScheduler","Task Scheduler started ""{492e85b5-e728-47e4-b097-ed10b0cd4501}"" instance of the ""\Microsoft\Windows\Windows Defender\Windows Defender Cache Maintenance"" task for user ""NT AUTHORITY\SYSTEM""."
"6/2/2026 7:19:18 AM","129","Information","Microsoft-Windows-TaskScheduler","Task Scheduler launch task ""\Microsoft\Windows\Windows Defender\Windows Defender Cache Maintenance"" , instance ""C:\ProgramData\Microsoft\Windows Defender\Platform\4.18.26030.3011-0\MpCmdRun.exe""  with process ID 4244."
"6/2/2026 7:19:18 AM","200","Information","Microsoft-Windows-TaskScheduler","Task Scheduler launched action ""C:\ProgramData\Microsoft\Windows Defender\Platform\4.18.26030.3011-0\MpCmdRun.exe"" in instance ""{3926dff5-3528-45c6-89fa-009c89216ce6}"" of task ""\Microsoft\Windows\Windows Defender\Windows Defender Cleanup""."
"6/2/2026 7:19:18 AM","100","Information","Microsoft-Windows-TaskScheduler","Task Scheduler started ""{3926dff5-3528-45c6-89fa-009c89216ce6}"" instance of the ""\Microsoft\Windows\Windows Defender\Windows Defender Cleanup"" task for user ""NT AUTHORITY\SYSTEM""."
"6/2/2026 7:19:18 AM","129","Information","Microsoft-Windows-TaskScheduler","Task Scheduler launch task ""\Microsoft\Windows\Windows Defender\Windows Defender Cleanup"" , instance ""C:\ProgramData\Microsoft\Windows Defender\Platform\4.18.26030.3011-0\MpCmdRun.exe""  with process ID 7116."
"6/2/2026 7:19:18 AM","200","Information","Microsoft-Windows-TaskScheduler","Task Scheduler launched action ""TempSignedLicenseExchangeTask"" in instance ""{ecdf8d0e-5056-42da-ba7e-174c689f698f}"" of task ""\Microsoft\Windows\License Manager\TempSignedLicenseExchange""."
"6/2/2026 7:19:18 AM","100","Information","Microsoft-Windows-TaskScheduler","Task Scheduler started ""{ecdf8d0e-5056-42da-ba7e-174c689f698f}"" instance of the ""\Microsoft\Windows\License Manager\TempSignedLicenseExchange"" task for user ""SCAFFOLD\Administrator""."
"6/2/2026 7:19:18 AM","200","Information","Microsoft-Windows-TaskScheduler","Task Scheduler launched action ""%windir%\system32\disksnapshot.exe"" in instance ""{c3ca6c0f-b721-48f3-974c-9bf4c8e9f43e}"" of task ""\Microsoft\Windows\DiskFootprint\Diagnostics""."
"6/2/2026 7:19:18 AM","100","Information","Microsoft-Windows-TaskScheduler","Task Scheduler started ""{c3ca6c0f-b721-48f3-974c-9bf4c8e9f43e}"" instance of the ""\Microsoft\Windows\DiskFootprint\Diagnostics"" task for user ""NT AUTHORITY\SYSTEM""."
"6/2/2026 7:19:18 AM","129","Information","Microsoft-Windows-TaskScheduler","Task Scheduler launch task ""\Microsoft\Windows\DiskFootprint\Diagnostics"" , instance ""%windir%\system32\disksnapshot.exe""  with process ID 6516."
"6/2/2026 7:19:18 AM","200","Information","Microsoft-Windows-TaskScheduler","Task Scheduler launched action ""Automatic Maintenance task to enable Windows Search to make progress while in Connected Standby"" in instance ""{e07fd849-2c4c-437a-a7b5-635e478de136}"" of task ""\Microsoft\Windows\Shell\IndexerAutomaticMaintenance""."
"6/2/2026 7:19:18 AM","100","Information","Microsoft-Windows-TaskScheduler","Task Scheduler started ""{e07fd849-2c4c-437a-a7b5-635e478de136}"" instance of the ""\Microsoft\Windows\Shell\IndexerAutomaticMaintenance"" task for user ""(NONE)""."
"6/2/2026 7:19:18 AM","129","Information","Microsoft-Windows-TaskScheduler","Task Scheduler launch task ""\Microsoft\Windows\Shell\IndexerAutomaticMaintenance"" , instance ""taskhostw.exe""  with process ID 7808."
"6/2/2026 7:19:18 AM","200","Information","Microsoft-Windows-TaskScheduler","Task Scheduler launched action ""Proactive Scan"" in instance ""{4bd99435-bed9-41be-b697-1df4ad2a5314}"" of task ""\Microsoft\Windows\Chkdsk\ProactiveScan""."
"6/2/2026 7:19:18 AM","100","Information","Microsoft-Windows-TaskScheduler","Task Scheduler started ""{4bd99435-bed9-41be-b697-1df4ad2a5314}"" instance of the ""\Microsoft\Windows\Chkdsk\ProactiveScan"" task for user ""NT AUTHORITY\SYSTEM""."
"6/2/2026 7:19:18 AM","200","Information","Microsoft-Windows-TaskScheduler","Task Scheduler launched action ""%windir%\system32\sc.exe"" in instance ""{7e5335e9-800b-4f37-be88-4753d5aae3c2}"" of task ""\Microsoft\Windows\Time Synchronization\SynchronizeTime""."
"6/2/2026 7:19:18 AM","100","Information","Microsoft-Windows-TaskScheduler","Task Scheduler started ""{7e5335e9-800b-4f37-be88-4753d5aae3c2}"" instance of the ""\Microsoft\Windows\Time Synchronization\SynchronizeTime"" task for user ""(NONE)""."
"6/2/2026 7:19:18 AM","129","Information","Microsoft-Windows-TaskScheduler","Task Scheduler launch task ""\Microsoft\Windows\Time Synchronization\SynchronizeTime"" , instance ""%windir%\system32\sc.exe""  with process ID 5644."
"6/2/2026 7:19:18 AM","200","Information","Microsoft-Windows-TaskScheduler","Task Scheduler launched action ""%windir%\system32\dstokenclean.exe"" in instance ""{3a8614e1-2dbd-4120-ae76-e4b99254f49e}"" of task ""\Microsoft\Windows\ApplicationData\DsSvcCleanup""."
"6/2/2026 7:19:18 AM","100","Information","Microsoft-Windows-TaskScheduler","Task Scheduler started ""{3a8614e1-2dbd-4120-ae76-e4b99254f49e}"" instance of the ""\Microsoft\Windows\ApplicationData\DsSvcCleanup"" task for user ""NT AUTHORITY\SYSTEM""."
"6/2/2026 7:19:18 AM","129","Information","Microsoft-Windows-TaskScheduler","Task Scheduler launch task ""\Microsoft\Windows\ApplicationData\DsSvcCleanup"" , instance ""%windir%\system32\dstokenclean.exe""  with process ID 7120."
"6/2/2026 7:19:18 AM","200","Information","Microsoft-Windows-TaskScheduler","Task Scheduler launched action ""%windir%\system32\AppHostRegistrationVerifier.exe"" in instance ""{c20c5ff1-5c31-4616-90d9-6946be5f243b}"" of task ""\microsoft\windows\applicationdata\appuriverifierdaily""."
"6/2/2026 7:19:18 AM","100","Information","Microsoft-Windows-TaskScheduler","Task Scheduler started ""{c20c5ff1-5c31-4616-90d9-6946be5f243b}"" instance of the ""\microsoft\windows\applicationdata\appuriverifierdaily"" task for user ""SCAFFOLD\Administrator""."
"6/2/2026 7:19:18 AM","129","Information","Microsoft-Windows-TaskScheduler","Task Scheduler launch task ""\microsoft\windows\applicationdata\appuriverifierdaily"" , instance ""%windir%\system32\AppHostRegistrationVerifier.exe""  with process ID 5484."
"6/2/2026 7:19:18 AM","200","Information","Microsoft-Windows-TaskScheduler","Task Scheduler launched action ""%windir%\system32\compattelrunner.exe"" in instance ""{5e990dce-ed82-44b4-a8bc-623c33c873e2}"" of task ""\Microsoft\Windows\Application Experience\ProgramDataUpdater""."
"6/2/2026 7:19:18 AM","100","Information","Microsoft-Windows-TaskScheduler","Task Scheduler started ""{5e990dce-ed82-44b4-a8bc-623c33c873e2}"" instance of the ""\Microsoft\Windows\Application Experience\ProgramDataUpdater"" task for user ""NT AUTHORITY\SYSTEM""."
"6/2/2026 7:19:18 AM","129","Information","Microsoft-Windows-TaskScheduler","Task Scheduler launch task ""\Microsoft\Windows\Application Experience\ProgramDataUpdater"" , instance ""%windir%\system32\compattelrunner.exe""  with process ID 2104."
"6/2/2026 7:19:18 AM","200","Information","Microsoft-Windows-TaskScheduler","Task Scheduler launched action ""%windir%\system32\rundll32.exe"" in instance ""{df6807da-9ee2-4ef1-95ca-b9ac6630188f}"" of task ""\Microsoft\Windows\StateRepository\MaintenanceTasks""."
"6/2/2026 7:19:18 AM","100","Information","Microsoft-Windows-TaskScheduler","Task Scheduler started ""{df6807da-9ee2-4ef1-95ca-b9ac6630188f}"" instance of the ""\Microsoft\Windows\StateRepository\MaintenanceTasks"" task for user ""NT AUTHORITY\SYSTEM""."
"6/2/2026 7:19:18 AM","129","Information","Microsoft-Windows-TaskScheduler","Task Scheduler launch task ""\Microsoft\Windows\StateRepository\MaintenanceTasks"" , instance ""%windir%\system32\rundll32.exe""  with process ID 1316."
"6/2/2026 7:19:18 AM","200","Information","Microsoft-Windows-TaskScheduler","Task Scheduler launched action ""Component Based Servicing Session"" in instance ""{77dabac6-d9eb-4788-ab55-96b8ccba758e}"" of task ""\Microsoft\Windows\Servicing\StartComponentCleanup""."
"6/2/2026 7:19:18 AM","100","Information","Microsoft-Windows-TaskScheduler","Task Scheduler started ""{77dabac6-d9eb-4788-ab55-96b8ccba758e}"" instance of the ""\Microsoft\Windows\Servicing\StartComponentCleanup"" task for user ""NT AUTHORITY\SYSTEM""."
"6/2/2026 7:19:18 AM","200","Information","Microsoft-Windows-TaskScheduler","Task Scheduler launched action ""%windir%\system32\lpremove.exe"" in instance ""{301eac0d-dcbc-4a15-bc1a-7c4f72de2297}"" of task ""\Microsoft\Windows\MUI\LPRemove""."
"6/2/2026 7:19:18 AM","100","Information","Microsoft-Windows-TaskScheduler","Task Scheduler started ""{301eac0d-dcbc-4a15-bc1a-7c4f72de2297}"" instance of the ""\Microsoft\Windows\MUI\LPRemove"" task for user ""NT AUTHORITY\SYSTEM""."
"6/2/2026 7:19:18 AM","129","Information","Microsoft-Windows-TaskScheduler","Task Scheduler launch task ""\Microsoft\Windows\MUI\LPRemove"" , instance ""%windir%\system32\lpremove.exe""  with process ID 7980."
"6/2/2026 7:19:18 AM","200","Information","Microsoft-Windows-TaskScheduler","Task Scheduler launched action ""%windir%\system32\rundll32.exe"" in instance ""{923c1c37-9c03-49dc-8950-fa4e1e7019e0}"" of task ""\Microsoft\Windows\Application Experience\StartupAppTask""."
"6/2/2026 7:19:18 AM","100","Information","Microsoft-Windows-TaskScheduler","Task Scheduler started ""{923c1c37-9c03-49dc-8950-fa4e1e7019e0}"" instance of the ""\Microsoft\Windows\Application Experience\StartupAppTask"" task for user ""SCAFFOLD\Administrator""."
"6/2/2026 7:19:18 AM","129","Information","Microsoft-Windows-TaskScheduler","Task Scheduler launch task ""\Microsoft\Windows\Application Experience\StartupAppTask"" , instance ""%windir%\system32\rundll32.exe""  with process ID 5872."
"6/2/2026 7:19:18 AM","200","Information","Microsoft-Windows-TaskScheduler","Task Scheduler launched action ""DsmRefreshTask Class"" in instance ""{769bca8c-302f-468d-a90c-d3c257d84ca1}"" of task ""\Microsoft\Windows\Device Setup\Metadata Refresh""."
"6/2/2026 7:19:18 AM","100","Information","Microsoft-Windows-TaskScheduler","Task Scheduler started ""{769bca8c-302f-468d-a90c-d3c257d84ca1}"" instance of the ""\Microsoft\Windows\Device Setup\Metadata Refresh"" task for user ""SCAFFOLD\Administrator""."
"6/2/2026 7:19:18 AM","129","Information","Microsoft-Windows-TaskScheduler","Task Scheduler launch task ""\Microsoft\Windows\Device Setup\Metadata Refresh"" , instance ""taskhostw.exe""  with process ID 5640."
"6/2/2026 7:19:18 AM","200","Information","Microsoft-Windows-TaskScheduler","Task Scheduler launched action ""StorageUsage State Reporter Task Handler"" in instance ""{a2bff658-e130-4151-941f-7f29f9400783}"" of task ""\Microsoft\Windows\DiskFootprint\StorageSense""."
"6/2/2026 7:19:18 AM","100","Information","Microsoft-Windows-TaskScheduler","Task Scheduler started ""{a2bff658-e130-4151-941f-7f29f9400783}"" instance of the ""\Microsoft\Windows\DiskFootprint\StorageSense"" task for user ""NT AUTHORITY\SYSTEM""."
"6/2/2026 7:19:18 AM","325","Warning","Microsoft-Windows-TaskScheduler","Task Scheduler queued instance ""{21d7e4bb-0c90-40c1-9fc7-0a80fd1dbc93}""  of task ""\Microsoft\Windows\Maintenance\WinSAT""."
"6/2/2026 7:19:18 AM","200","Information","Microsoft-Windows-TaskScheduler","Task Scheduler launched action ""ScheduledDiagnosticCustomHandler"" in instance ""{59148bbe-78a8-4395-8919-2b21d9882ee9}"" of task ""\Microsoft\Windows\Diagnosis\Scheduled""."
"6/2/2026 7:19:18 AM","100","Information","Microsoft-Windows-TaskScheduler","Task Scheduler started ""{59148bbe-78a8-4395-8919-2b21d9882ee9}"" instance of the ""\Microsoft\Windows\Diagnosis\Scheduled"" task for user ""SCAFFOLD\Administrator""."
"6/2/2026 7:19:18 AM","200","Information","Microsoft-Windows-TaskScheduler","Task Scheduler launched action ""%systemroot%\system32\usoclient.exe"" in instance ""{443e17e5-88f9-4738-822b-93480fe753bc}"" of task ""\Microsoft\Windows\UpdateOrchestrator\Report policies""."
"6/2/2026 7:19:18 AM","100","Information","Microsoft-Windows-TaskScheduler","Task Scheduler started ""{443e17e5-88f9-4738-822b-93480fe753bc}"" instance of the ""\Microsoft\Windows\UpdateOrchestrator\Report policies"" task for user ""NT AUTHORITY\SYSTEM""."
"6/2/2026 7:19:18 AM","129","Information","Microsoft-Windows-TaskScheduler","Task Scheduler launch task ""\Microsoft\Windows\UpdateOrchestrator\Report policies"" , instance ""%systemroot%\system32\usoclient.exe""  with process ID 5324."
"6/2/2026 7:19:18 AM","200","Information","Microsoft-Windows-TaskScheduler","Task Scheduler launched action ""%windir%\system32\rundll32.exe"" in instance ""{5601eb30-3af0-42a9-90cb-c24081dc7620}"" of task ""\Microsoft\Windows\ApplicationData\CleanupTemporaryState""."
"6/2/2026 7:19:18 AM","100","Information","Microsoft-Windows-TaskScheduler","Task Scheduler started ""{5601eb30-3af0-42a9-90cb-c24081dc7620}"" instance of the ""\Microsoft\Windows\ApplicationData\CleanupTemporaryState"" task for user ""NT AUTHORITY\SYSTEM""."
"6/2/2026 7:19:18 AM","129","Information","Microsoft-Windows-TaskScheduler","Task Scheduler launch task ""\Microsoft\Windows\ApplicationData\CleanupTemporaryState"" , instance ""%windir%\system32\rundll32.exe""  with process ID 6412."
"6/2/2026 7:19:18 AM","200","Information","Microsoft-Windows-TaskScheduler","Task Scheduler launched action ""%windir%\system32\tzsync.exe"" in instance ""{c1bfbe06-ee6f-445c-b0d2-1a245a5c427c}"" of task ""\Microsoft\Windows\Time Zone\SynchronizeTimeZone""."
"6/2/2026 7:19:18 AM","100","Information","Microsoft-Windows-TaskScheduler","Task Scheduler started ""{c1bfbe06-ee6f-445c-b0d2-1a245a5c427c}"" instance of the ""\Microsoft\Windows\Time Zone\SynchronizeTimeZone"" task for user ""NT AUTHORITY\SYSTEM""."
"6/2/2026 7:19:18 AM","129","Information","Microsoft-Windows-TaskScheduler","Task Scheduler launch task ""\Microsoft\Windows\Time Zone\SynchronizeTimeZone"" , instance ""%windir%\system32\tzsync.exe""  with process ID 2156."
"6/2/2026 7:19:18 AM","200","Information","Microsoft-Windows-TaskScheduler","Task Scheduler launched action ""UsbCeip"" in instance ""{34de116e-e35a-4904-b605-e032409d72fe}"" of task ""\Microsoft\Windows\Customer Experience Improvement Program\UsbCeip""."
"6/2/2026 7:19:18 AM","100","Information","Microsoft-Windows-TaskScheduler","Task Scheduler started ""{34de116e-e35a-4904-b605-e032409d72fe}"" instance of the ""\Microsoft\Windows\Customer Experience Improvement Program\UsbCeip"" task for user ""NT AUTHORITY\SYSTEM""."
"6/2/2026 7:19:18 AM","200","Information","Microsoft-Windows-TaskScheduler","Task Scheduler launched action ""%windir%\system32\defrag.exe"" in instance ""{52931494-b38d-4d3d-8ff5-604cb00ea110}"" of task ""\Microsoft\Windows\Defrag\ScheduledDefrag""."
"6/2/2026 7:19:18 AM","100","Information","Microsoft-Windows-TaskScheduler","Task Scheduler started ""{52931494-b38d-4d3d-8ff5-604cb00ea110}"" instance of the ""\Microsoft\Windows\Defrag\ScheduledDefrag"" task for user ""NT AUTHORITY\SYSTEM""."
"6/2/2026 7:19:18 AM","129","Information","Microsoft-Windows-TaskScheduler","Task Scheduler launch task ""\Microsoft\Windows\Defrag\ScheduledDefrag"" , instance ""%windir%\system32\defrag.exe""  with process ID 6708."
"6/2/2026 7:19:18 AM","200","Information","Microsoft-Windows-TaskScheduler","Task Scheduler launched action """" in instance ""{8ca59308-5170-4dd2-8155-6949f3b76f87}"" of task ""\Microsoft\Windows\BrokerInfrastructure\BgTaskRegistrationMaintenanceTask""."
"6/2/2026 7:19:18 AM","100","Information","Microsoft-Windows-TaskScheduler","Task Scheduler started ""{8ca59308-5170-4dd2-8155-6949f3b76f87}"" instance of the ""\Microsoft\Windows\BrokerInfrastructure\BgTaskRegistrationMaintenanceTask"" task for user ""NT AUTHORITY\SYSTEM""."
"6/2/2026 7:19:18 AM","129","Information","Microsoft-Windows-TaskScheduler","Task Scheduler launch task ""\Microsoft\Windows\BrokerInfrastructure\BgTaskRegistrationMaintenanceTask"" , instance ""taskhostw.exe""  with process ID 8144."
"6/2/2026 7:19:17 AM","102","Information","Microsoft-Windows-TaskScheduler","Task Scheduler successfully finished ""{9031f799-5ee7-435b-b831-d0f427fa129c}"" instance of the ""\Microsoft\Windows\Speech\SpeechModelDownloadTask"" task for user ""(NONE)""."
"6/2/2026 7:19:17 AM","201","Information","Microsoft-Windows-TaskScheduler","Task Scheduler successfully completed task ""\Microsoft\Windows\Speech\SpeechModelDownloadTask"" , instance ""{9031f799-5ee7-435b-b831-d0f427fa129c}"" , action ""%windir%\system32\speech_onecore\common\SpeechModelDownload.exe"" with return code 0."
"6/2/2026 7:19:17 AM","200","Information","Microsoft-Windows-TaskScheduler","Task Scheduler launched action ""C:\ProgramData\Microsoft\Windows Defender\Platform\4.18.26030.3011-0\MpCmdRun.exe"" in instance ""{f69069ce-5e8c-455f-9dad-1739becaf5a4}"" of task ""\Microsoft\Windows\Windows Defender\Windows Defender Scheduled Scan""."
"6/2/2026 7:19:17 AM","100","Information","Microsoft-Windows-TaskScheduler","Task Scheduler started ""{f69069ce-5e8c-455f-9dad-1739becaf5a4}"" instance of the ""\Microsoft\Windows\Windows Defender\Windows Defender Scheduled Scan"" task for user ""NT AUTHORITY\SYSTEM""."
"6/2/2026 7:19:17 AM","129","Information","Microsoft-Windows-TaskScheduler","Task Scheduler launch task ""\Microsoft\Windows\Windows Defender\Windows Defender Scheduled Scan"" , instance ""C:\ProgramData\Microsoft\Windows Defender\Platform\4.18.26030.3011-0\MpCmdRun.exe""  with process ID 7896."
"6/2/2026 7:19:17 AM","114","Warning","Microsoft-Windows-TaskScheduler","Task Scheduler could not launch task ""\Microsoft\Windows\Windows Defender\Windows Defender Scheduled Scan""  as scheduled. Instance ""{f69069ce-5e8c-455f-9dad-1739becaf5a4}""  is started now as required by the configuration option to start the task when available, if schedule is missed."
"6/2/2026 7:19:17 AM","200","Information","Microsoft-Windows-TaskScheduler","Task Scheduler launched action ""%windir%\system32\speech_onecore\common\SpeechModelDownload.exe"" in instance ""{9031f799-5ee7-435b-b831-d0f427fa129c}"" of task ""\Microsoft\Windows\Speech\SpeechModelDownloadTask""."
"6/2/2026 7:19:17 AM","100","Information","Microsoft-Windows-TaskScheduler","Task Scheduler started ""{9031f799-5ee7-435b-b831-d0f427fa129c}"" instance of the ""\Microsoft\Windows\Speech\SpeechModelDownloadTask"" task for user ""(NONE)""."
"6/2/2026 7:19:17 AM","129","Information","Microsoft-Windows-TaskScheduler","Task Scheduler launch task ""\Microsoft\Windows\Speech\SpeechModelDownloadTask"" , instance ""%windir%\system32\speech_onecore\common\SpeechModelDownload.exe""  with process ID 1232."
"6/2/2026 7:19:17 AM","114","Warning","Microsoft-Windows-TaskScheduler","Task Scheduler could not launch task ""\Microsoft\Windows\Speech\SpeechModelDownloadTask""  as scheduled. Instance ""{9031f799-5ee7-435b-b831-d0f427fa129c}""  is started now as required by the configuration option to start the task when available, if schedule is missed."
"6/2/2026 7:18:44 AM","102","Information","Microsoft-Windows-TaskScheduler","Task Scheduler successfully finished ""{ab1c08f4-834d-4a7e-8c4a-655fe11f31fe}"" instance of the ""\Microsoft\Windows\Device Information\Device"" task for user ""NT AUTHORITY\SYSTEM""."
"6/2/2026 7:18:44 AM","201","Information","Microsoft-Windows-TaskScheduler","Task Scheduler successfully completed task ""\Microsoft\Windows\Device Information\Device"" , instance ""{ab1c08f4-834d-4a7e-8c4a-655fe11f31fe}"" , action ""%windir%\system32\devicecensus.exe"" with return code 0."
"6/2/2026 7:18:44 AM","140","Information","Microsoft-Windows-TaskScheduler","User ""SCAFFOLD\DC$""  updated Task Scheduler task ""\Microsoft\Windows\Device Information\Device"""
"6/2/2026 7:18:44 AM","140","Information","Microsoft-Windows-TaskScheduler","User ""SCAFFOLD\DC$""  updated Task Scheduler task ""\Microsoft\Windows\Device Information\Device"""
"6/2/2026 7:18:44 AM","103","Error","Microsoft-Windows-TaskScheduler","Task Scheduler failed to start instance ""{3afa2cde-7114-478a-8868-7c5c1a13fff1}"" of ""\Microsoft\Windows\Flighting\OneSettings\RefreshCache""  task for user ""NT AUTHORITY\SYSTEM"" . Additional Data: Error Value: 2147954407."
"6/2/2026 7:18:44 AM","202","Error","Microsoft-Windows-TaskScheduler","Task Scheduler failed to complete task ""\Microsoft\Windows\Flighting\OneSettings\RefreshCache"" , instance ""{3afa2cde-7114-478a-8868-7c5c1a13fff1}"" , action ""OneSettings Refresh Cache Task Handler"" . Additional Data: Error Value: 2147954407."
"6/2/2026 7:18:44 AM","140","Information","Microsoft-Windows-TaskScheduler","User ""SCAFFOLD\DC$""  updated Task Scheduler task ""\Microsoft\Windows\UpdateOrchestrator\Schedule Scan"""
"6/2/2026 7:18:44 AM","140","Information","Microsoft-Windows-TaskScheduler","User ""S-1-5-18""  updated Task Scheduler task ""\Microsoft\Windows\UpdateOrchestrator\Schedule Scan"""
"6/2/2026 7:18:44 AM","200","Information","Microsoft-Windows-TaskScheduler","Task Scheduler launched action ""OneSettings Refresh Cache Task Handler"" in instance ""{3afa2cde-7114-478a-8868-7c5c1a13fff1}"" of task ""\Microsoft\Windows\Flighting\OneSettings\RefreshCache""."
"6/2/2026 7:18:44 AM","100","Information","Microsoft-Windows-TaskScheduler","Task Scheduler started ""{3afa2cde-7114-478a-8868-7c5c1a13fff1}"" instance of the ""\Microsoft\Windows\Flighting\OneSettings\RefreshCache"" task for user ""NT AUTHORITY\SYSTEM""."
"6/2/2026 7:18:44 AM","129","Information","Microsoft-Windows-TaskScheduler","Task Scheduler launch task ""\Microsoft\Windows\Flighting\OneSettings\RefreshCache"" , instance ""taskhostw.exe""  with process ID 1784."
"6/2/2026 7:18:44 AM","103","Error","Microsoft-Windows-TaskScheduler","Task Scheduler failed to start instance ""{b3e6ba90-d303-40ae-8069-cf6d4ba20fca}"" of ""\Microsoft\Windows\Flighting\OneSettings\RefreshCache""  task for user ""NT AUTHORITY\SYSTEM"" . Additional Data: Error Value: 2147954407."
"6/2/2026 7:18:44 AM","202","Error","Microsoft-Windows-TaskScheduler","Task Scheduler failed to complete task ""\Microsoft\Windows\Flighting\OneSettings\RefreshCache"" , instance ""{b3e6ba90-d303-40ae-8069-cf6d4ba20fca}"" , action ""OneSettings Refresh Cache Task Handler"" . Additional Data: Error Value: 2147954407."
