"5/25/2026 8:50:41 AM","201","Information","Microsoft-Windows-TaskScheduler","Task Scheduler successfully completed task ""\Scaffold\ScaffoldDeployEngine"" , instance ""{15c6eb61-ef0a-447c-9879-d0e98dfbbb32}"" , action ""powershell.exe"" with return code 0."
"5/25/2026 8:50:41 AM","200","Information","Microsoft-Windows-TaskScheduler","Task Scheduler launched action ""powershell.exe"" in instance ""{15c6eb61-ef0a-447c-9879-d0e98dfbbb32}"" of task ""\Scaffold\ScaffoldDeployEngine""."
"5/25/2026 8:50:41 AM","100","Information","Microsoft-Windows-TaskScheduler","Task Scheduler started ""{15c6eb61-ef0a-447c-9879-d0e98dfbbb32}"" instance of the ""\Scaffold\ScaffoldDeployEngine"" task for user ""NT AUTHORITY\SYSTEM""."
"5/25/2026 8:50:41 AM","129","Information","Microsoft-Windows-TaskScheduler","Task Scheduler launch task ""\Scaffold\ScaffoldDeployEngine"" , instance ""powershell.exe""  with process ID 7044."
"5/25/2026 8:50:41 AM","107","Information","Microsoft-Windows-TaskScheduler","Task Scheduler launched ""{15c6eb61-ef0a-447c-9879-d0e98dfbbb32}""  instance of task ""\Scaffold\ScaffoldDeployEngine"" due to a time trigger condition."
"5/25/2026 8:48:41 AM","102","Information","Microsoft-Windows-TaskScheduler","Task Scheduler successfully finished ""{48cec1ff-90f2-4197-8715-1fc31fff1bab}"" instance of the ""\Scaffold\ScaffoldDeployEngine"" task for user ""NT AUTHORITY\SYSTEM""."
"5/25/2026 8:48:41 AM","201","Information","Microsoft-Windows-TaskScheduler","Task Scheduler successfully completed task ""\Scaffold\ScaffoldDeployEngine"" , instance ""{48cec1ff-90f2-4197-8715-1fc31fff1bab}"" , action ""powershell.exe"" with return code 0."
"5/25/2026 8:48:41 AM","200","Information","Microsoft-Windows-TaskScheduler","Task Scheduler launched action ""powershell.exe"" in instance ""{48cec1ff-90f2-4197-8715-1fc31fff1bab}"" of task ""\Scaffold\ScaffoldDeployEngine""."
"5/25/2026 8:48:41 AM","100","Information","Microsoft-Windows-TaskScheduler","Task Scheduler started ""{48cec1ff-90f2-4197-8715-1fc31fff1bab}"" instance of the ""\Scaffold\ScaffoldDeployEngine"" task for user ""NT AUTHORITY\SYSTEM""."
"5/25/2026 8:48:41 AM","129","Information","Microsoft-Windows-TaskScheduler","Task Scheduler launch task ""\Scaffold\ScaffoldDeployEngine"" , instance ""powershell.exe""  with process ID 3240."
"5/25/2026 8:48:41 AM","107","Information","Microsoft-Windows-TaskScheduler","Task Scheduler launched ""{48cec1ff-90f2-4197-8715-1fc31fff1bab}""  instance of task ""\Scaffold\ScaffoldDeployEngine"" due to a time trigger condition."
"5/25/2026 8:46:41 AM","102","Information","Microsoft-Windows-TaskScheduler","Task Scheduler successfully finished ""{23d6c7a6-14ec-4b59-bcda-ceca66f50217}"" instance of the ""\Scaffold\ScaffoldDeployEngine"" task for user ""NT AUTHORITY\SYSTEM""."
"5/25/2026 8:46:41 AM","201","Information","Microsoft-Windows-TaskScheduler","Task Scheduler successfully completed task ""\Scaffold\ScaffoldDeployEngine"" , instance ""{23d6c7a6-14ec-4b59-bcda-ceca66f50217}"" , action ""powershell.exe"" with return code 0."
"5/25/2026 8:46:41 AM","200","Information","Microsoft-Windows-TaskScheduler","Task Scheduler launched action ""powershell.exe"" in instance ""{23d6c7a6-14ec-4b59-bcda-ceca66f50217}"" of task ""\Scaffold\ScaffoldDeployEngine""."
"5/25/2026 8:46:41 AM","100","Information","Microsoft-Windows-TaskScheduler","Task Scheduler started ""{23d6c7a6-14ec-4b59-bcda-ceca66f50217}"" instance of the ""\Scaffold\ScaffoldDeployEngine"" task for user ""NT AUTHORITY\SYSTEM""."
"5/25/2026 8:46:41 AM","129","Information","Microsoft-Windows-TaskScheduler","Task Scheduler launch task ""\Scaffold\ScaffoldDeployEngine"" , instance ""powershell.exe""  with process ID 1948."
"5/25/2026 8:46:41 AM","107","Information","Microsoft-Windows-TaskScheduler","Task Scheduler launched ""{23d6c7a6-14ec-4b59-bcda-ceca66f50217}""  instance of task ""\Scaffold\ScaffoldDeployEngine"" due to a time trigger condition."
"5/25/2026 8:45:42 AM","102","Information","Microsoft-Windows-TaskScheduler","Task Scheduler successfully finished ""{61d7d6b0-f1f9-44b3-91ec-c140fb50a1bb}"" instance of the ""\MicrosoftEdgeUpdateTaskMachineUA"" task for user ""NT AUTHORITY\SYSTEM""."
"5/25/2026 8:45:42 AM","201","Information","Microsoft-Windows-TaskScheduler","Task Scheduler successfully completed task ""\MicrosoftEdgeUpdateTaskMachineUA"" , instance ""{61d7d6b0-f1f9-44b3-91ec-c140fb50a1bb}"" , action ""C:\Program Files (x86)\Microsoft\EdgeUpdate\MicrosoftEdgeUpdate.exe"" with return code 0."
"5/25/2026 8:45:42 AM","200","Information","Microsoft-Windows-TaskScheduler","Task Scheduler launched action ""C:\Program Files (x86)\Microsoft\EdgeUpdate\MicrosoftEdgeUpdate.exe"" in instance ""{61d7d6b0-f1f9-44b3-91ec-c140fb50a1bb}"" of task ""\MicrosoftEdgeUpdateTaskMachineUA""."
"5/25/2026 8:45:42 AM","100","Information","Microsoft-Windows-TaskScheduler","Task Scheduler started ""{61d7d6b0-f1f9-44b3-91ec-c140fb50a1bb}"" instance of the ""\MicrosoftEdgeUpdateTaskMachineUA"" task for user ""NT AUTHORITY\SYSTEM""."
"5/25/2026 8:45:42 AM","129","Information","Microsoft-Windows-TaskScheduler","Task Scheduler launch task ""\MicrosoftEdgeUpdateTaskMachineUA"" , instance ""C:\Program Files (x86)\Microsoft\EdgeUpdate\MicrosoftEdgeUpdate.exe""  with process ID 2484."
"5/25/2026 8:45:42 AM","114","Warning","Microsoft-Windows-TaskScheduler","Task Scheduler could not launch task ""\MicrosoftEdgeUpdateTaskMachineUA""  as scheduled. Instance ""{61d7d6b0-f1f9-44b3-91ec-c140fb50a1bb}""  is started now as required by the configuration option to start the task when available, if schedule is missed."
"5/25/2026 8:44:41 AM","102","Information","Microsoft-Windows-TaskScheduler","Task Scheduler successfully finished ""{c8a4ba3e-06a0-4f5a-a498-535601138e1f}"" instance of the ""\Scaffold\ScaffoldDeployEngine"" task for user ""NT AUTHORITY\SYSTEM""."
"5/25/2026 8:44:41 AM","201","Information","Microsoft-Windows-TaskScheduler","Task Scheduler successfully completed task ""\Scaffold\ScaffoldDeployEngine"" , instance ""{c8a4ba3e-06a0-4f5a-a498-535601138e1f}"" , action ""powershell.exe"" with return code 0."
"5/25/2026 8:44:41 AM","200","Information","Microsoft-Windows-TaskScheduler","Task Scheduler launched action ""powershell.exe"" in instance ""{c8a4ba3e-06a0-4f5a-a498-535601138e1f}"" of task ""\Scaffold\ScaffoldDeployEngine""."
"5/25/2026 8:44:41 AM","100","Information","Microsoft-Windows-TaskScheduler","Task Scheduler started ""{c8a4ba3e-06a0-4f5a-a498-535601138e1f}"" instance of the ""\Scaffold\ScaffoldDeployEngine"" task for user ""NT AUTHORITY\SYSTEM""."
"5/25/2026 8:44:41 AM","129","Information","Microsoft-Windows-TaskScheduler","Task Scheduler launch task ""\Scaffold\ScaffoldDeployEngine"" , instance ""powershell.exe""  with process ID 1484."
"5/25/2026 8:44:41 AM","107","Information","Microsoft-Windows-TaskScheduler","Task Scheduler launched ""{c8a4ba3e-06a0-4f5a-a498-535601138e1f}""  instance of task ""\Scaffold\ScaffoldDeployEngine"" due to a time trigger condition."
"5/25/2026 8:42:41 AM","102","Information","Microsoft-Windows-TaskScheduler","Task Scheduler successfully finished ""{985ee580-80e8-4378-9707-0574eba5968a}"" instance of the ""\Scaffold\ScaffoldDeployEngine"" task for user ""NT AUTHORITY\SYSTEM""."
"5/25/2026 8:42:41 AM","201","Information","Microsoft-Windows-TaskScheduler","Task Scheduler successfully completed task ""\Scaffold\ScaffoldDeployEngine"" , instance ""{985ee580-80e8-4378-9707-0574eba5968a}"" , action ""powershell.exe"" with return code 0."
"5/25/2026 8:42:41 AM","200","Information","Microsoft-Windows-TaskScheduler","Task Scheduler launched action ""powershell.exe"" in instance ""{985ee580-80e8-4378-9707-0574eba5968a}"" of task ""\Scaffold\ScaffoldDeployEngine""."
"5/25/2026 8:42:41 AM","100","Information","Microsoft-Windows-TaskScheduler","Task Scheduler started ""{985ee580-80e8-4378-9707-0574eba5968a}"" instance of the ""\Scaffold\ScaffoldDeployEngine"" task for user ""NT AUTHORITY\SYSTEM""."
"5/25/2026 8:42:41 AM","129","Information","Microsoft-Windows-TaskScheduler","Task Scheduler launch task ""\Scaffold\ScaffoldDeployEngine"" , instance ""powershell.exe""  with process ID 536."
"5/25/2026 8:42:41 AM","107","Information","Microsoft-Windows-TaskScheduler","Task Scheduler launched ""{985ee580-80e8-4378-9707-0574eba5968a}""  instance of task ""\Scaffold\ScaffoldDeployEngine"" due to a time trigger condition."
"5/25/2026 8:41:05 AM","140","Information","Microsoft-Windows-TaskScheduler","User ""SCAFFOLD\DC$""  updated Task Scheduler task ""\Microsoft\Windows\SoftwareProtectionPlatform\SvcRestartTask"""
"5/25/2026 8:40:41 AM","102","Information","Microsoft-Windows-TaskScheduler","Task Scheduler successfully finished ""{d4063b55-5fbe-40a7-8776-501092fcf548}"" instance of the ""\Scaffold\ScaffoldDeployEngine"" task for user ""NT AUTHORITY\SYSTEM""."
"5/25/2026 8:40:41 AM","201","Information","Microsoft-Windows-TaskScheduler","Task Scheduler successfully completed task ""\Scaffold\ScaffoldDeployEngine"" , instance ""{d4063b55-5fbe-40a7-8776-501092fcf548}"" , action ""powershell.exe"" with return code 0."
"5/25/2026 8:40:41 AM","200","Information","Microsoft-Windows-TaskScheduler","Task Scheduler launched action ""powershell.exe"" in instance ""{d4063b55-5fbe-40a7-8776-501092fcf548}"" of task ""\Scaffold\ScaffoldDeployEngine""."
"5/25/2026 8:40:41 AM","100","Information","Microsoft-Windows-TaskScheduler","Task Scheduler started ""{d4063b55-5fbe-40a7-8776-501092fcf548}"" instance of the ""\Scaffold\ScaffoldDeployEngine"" task for user ""NT AUTHORITY\SYSTEM""."
"5/25/2026 8:40:41 AM","129","Information","Microsoft-Windows-TaskScheduler","Task Scheduler launch task ""\Scaffold\ScaffoldDeployEngine"" , instance ""powershell.exe""  with process ID 7472."
"5/25/2026 8:40:41 AM","107","Information","Microsoft-Windows-TaskScheduler","Task Scheduler launched ""{d4063b55-5fbe-40a7-8776-501092fcf548}""  instance of task ""\Scaffold\ScaffoldDeployEngine"" due to a time trigger condition."
"5/25/2026 8:40:33 AM","102","Information","Microsoft-Windows-TaskScheduler","Task Scheduler successfully finished ""{a7c8429e-8dd9-45ad-87e1-1a70584bb049}"" instance of the ""\MicrosoftEdgeUpdateTaskMachineUA"" task for user ""NT AUTHORITY\SYSTEM""."
"5/25/2026 8:40:33 AM","201","Information","Microsoft-Windows-TaskScheduler","Task Scheduler successfully completed task ""\MicrosoftEdgeUpdateTaskMachineUA"" , instance ""{a7c8429e-8dd9-45ad-87e1-1a70584bb049}"" , action ""C:\Program Files (x86)\Microsoft\EdgeUpdate\MicrosoftEdgeUpdate.exe"" with return code 0."
"5/25/2026 8:39:23 AM","200","Information","Microsoft-Windows-TaskScheduler","Task Scheduler launched action ""C:\Program Files (x86)\Microsoft\EdgeUpdate\MicrosoftEdgeUpdate.exe"" in instance ""{a7c8429e-8dd9-45ad-87e1-1a70584bb049}"" of task ""\MicrosoftEdgeUpdateTaskMachineUA""."
"5/25/2026 8:39:23 AM","100","Information","Microsoft-Windows-TaskScheduler","Task Scheduler started ""{a7c8429e-8dd9-45ad-87e1-1a70584bb049}"" instance of the ""\MicrosoftEdgeUpdateTaskMachineUA"" task for user ""NT AUTHORITY\SYSTEM""."
"5/25/2026 8:39:23 AM","129","Information","Microsoft-Windows-TaskScheduler","Task Scheduler launch task ""\MicrosoftEdgeUpdateTaskMachineUA"" , instance ""C:\Program Files (x86)\Microsoft\EdgeUpdate\MicrosoftEdgeUpdate.exe""  with process ID 7072."
"5/25/2026 8:39:23 AM","107","Information","Microsoft-Windows-TaskScheduler","Task Scheduler launched ""{a7c8429e-8dd9-45ad-87e1-1a70584bb049}""  instance of task ""\MicrosoftEdgeUpdateTaskMachineUA"" due to a time trigger condition."
"5/25/2026 8:38:41 AM","102","Information","Microsoft-Windows-TaskScheduler","Task Scheduler successfully finished ""{4ba2ee95-7eb6-4b5b-bcee-1f8cd20edb59}"" instance of the ""\Scaffold\ScaffoldDeployEngine"" task for user ""NT AUTHORITY\SYSTEM""."
"5/25/2026 8:38:41 AM","201","Information","Microsoft-Windows-TaskScheduler","Task Scheduler successfully completed task ""\Scaffold\ScaffoldDeployEngine"" , instance ""{4ba2ee95-7eb6-4b5b-bcee-1f8cd20edb59}"" , action ""powershell.exe"" with return code 0."
"5/25/2026 8:38:41 AM","200","Information","Microsoft-Windows-TaskScheduler","Task Scheduler launched action ""powershell.exe"" in instance ""{4ba2ee95-7eb6-4b5b-bcee-1f8cd20edb59}"" of task ""\Scaffold\ScaffoldDeployEngine""."
"5/25/2026 8:38:41 AM","100","Information","Microsoft-Windows-TaskScheduler","Task Scheduler started ""{4ba2ee95-7eb6-4b5b-bcee-1f8cd20edb59}"" instance of the ""\Scaffold\ScaffoldDeployEngine"" task for user ""NT AUTHORITY\SYSTEM""."
"5/25/2026 8:38:41 AM","129","Information","Microsoft-Windows-TaskScheduler","Task Scheduler launch task ""\Scaffold\ScaffoldDeployEngine"" , instance ""powershell.exe""  with process ID 6044."
"5/25/2026 8:38:41 AM","107","Information","Microsoft-Windows-TaskScheduler","Task Scheduler launched ""{4ba2ee95-7eb6-4b5b-bcee-1f8cd20edb59}""  instance of task ""\Scaffold\ScaffoldDeployEngine"" due to a time trigger condition."
"5/25/2026 8:36:41 AM","102","Information","Microsoft-Windows-TaskScheduler","Task Scheduler successfully finished ""{8b6cc53c-e197-42ed-9666-2c38acf97d01}"" instance of the ""\Scaffold\ScaffoldDeployEngine"" task for user ""NT AUTHORITY\SYSTEM""."
"5/25/2026 8:36:41 AM","201","Information","Microsoft-Windows-TaskScheduler","Task Scheduler successfully completed task ""\Scaffold\ScaffoldDeployEngine"" , instance ""{8b6cc53c-e197-42ed-9666-2c38acf97d01}"" , action ""powershell.exe"" with return code 0."
"5/25/2026 8:36:41 AM","200","Information","Microsoft-Windows-TaskScheduler","Task Scheduler launched action ""powershell.exe"" in instance ""{8b6cc53c-e197-42ed-9666-2c38acf97d01}"" of task ""\Scaffold\ScaffoldDeployEngine""."
"5/25/2026 8:36:41 AM","100","Information","Microsoft-Windows-TaskScheduler","Task Scheduler started ""{8b6cc53c-e197-42ed-9666-2c38acf97d01}"" instance of the ""\Scaffold\ScaffoldDeployEngine"" task for user ""NT AUTHORITY\SYSTEM""."
"5/25/2026 8:36:41 AM","129","Information","Microsoft-Windows-TaskScheduler","Task Scheduler launch task ""\Scaffold\ScaffoldDeployEngine"" , instance ""powershell.exe""  with process ID 5024."
"5/25/2026 8:36:41 AM","107","Information","Microsoft-Windows-TaskScheduler","Task Scheduler launched ""{8b6cc53c-e197-42ed-9666-2c38acf97d01}""  instance of task ""\Scaffold\ScaffoldDeployEngine"" due to a time trigger condition."
"5/25/2026 8:34:41 AM","102","Information","Microsoft-Windows-TaskScheduler","Task Scheduler successfully finished ""{58867285-1d42-44cd-9265-881711f6d2de}"" instance of the ""\Scaffold\ScaffoldDeployEngine"" task for user ""NT AUTHORITY\SYSTEM""."
"5/25/2026 8:34:41 AM","201","Information","Microsoft-Windows-TaskScheduler","Task Scheduler successfully completed task ""\Scaffold\ScaffoldDeployEngine"" , instance ""{58867285-1d42-44cd-9265-881711f6d2de}"" , action ""powershell.exe"" with return code 0."
"5/25/2026 8:34:41 AM","200","Information","Microsoft-Windows-TaskScheduler","Task Scheduler launched action ""powershell.exe"" in instance ""{58867285-1d42-44cd-9265-881711f6d2de}"" of task ""\Scaffold\ScaffoldDeployEngine""."
"5/25/2026 8:34:41 AM","100","Information","Microsoft-Windows-TaskScheduler","Task Scheduler started ""{58867285-1d42-44cd-9265-881711f6d2de}"" instance of the ""\Scaffold\ScaffoldDeployEngine"" task for user ""NT AUTHORITY\SYSTEM""."
"5/25/2026 8:34:41 AM","129","Information","Microsoft-Windows-TaskScheduler","Task Scheduler launch task ""\Scaffold\ScaffoldDeployEngine"" , instance ""powershell.exe""  with process ID 2360."
"5/25/2026 8:34:41 AM","107","Information","Microsoft-Windows-TaskScheduler","Task Scheduler launched ""{58867285-1d42-44cd-9265-881711f6d2de}""  instance of task ""\Scaffold\ScaffoldDeployEngine"" due to a time trigger condition."
"5/25/2026 8:32:41 AM","102","Information","Microsoft-Windows-TaskScheduler","Task Scheduler successfully finished ""{5faf6336-6223-4e9f-9b62-373a8980f258}"" instance of the ""\Scaffold\ScaffoldDeployEngine"" task for user ""NT AUTHORITY\SYSTEM""."
"5/25/2026 8:32:41 AM","201","Information","Microsoft-Windows-TaskScheduler","Task Scheduler successfully completed task ""\Scaffold\ScaffoldDeployEngine"" , instance ""{5faf6336-6223-4e9f-9b62-373a8980f258}"" , action ""powershell.exe"" with return code 0."
"5/25/2026 8:32:41 AM","200","Information","Microsoft-Windows-TaskScheduler","Task Scheduler launched action ""powershell.exe"" in instance ""{5faf6336-6223-4e9f-9b62-373a8980f258}"" of task ""\Scaffold\ScaffoldDeployEngine""."
"5/25/2026 8:32:41 AM","100","Information","Microsoft-Windows-TaskScheduler","Task Scheduler started ""{5faf6336-6223-4e9f-9b62-373a8980f258}"" instance of the ""\Scaffold\ScaffoldDeployEngine"" task for user ""NT AUTHORITY\SYSTEM""."
"5/25/2026 8:32:41 AM","129","Information","Microsoft-Windows-TaskScheduler","Task Scheduler launch task ""\Scaffold\ScaffoldDeployEngine"" , instance ""powershell.exe""  with process ID 3444."
"5/25/2026 8:32:41 AM","107","Information","Microsoft-Windows-TaskScheduler","Task Scheduler launched ""{5faf6336-6223-4e9f-9b62-373a8980f258}""  instance of task ""\Scaffold\ScaffoldDeployEngine"" due to a time trigger condition."
"5/25/2026 8:30:41 AM","102","Information","Microsoft-Windows-TaskScheduler","Task Scheduler successfully finished ""{e2ba8f9a-6b98-4583-adf3-aee09dfb134b}"" instance of the ""\Scaffold\ScaffoldDeployEngine"" task for user ""NT AUTHORITY\SYSTEM""."
"5/25/2026 8:30:41 AM","201","Information","Microsoft-Windows-TaskScheduler","Task Scheduler successfully completed task ""\Scaffold\ScaffoldDeployEngine"" , instance ""{e2ba8f9a-6b98-4583-adf3-aee09dfb134b}"" , action ""powershell.exe"" with return code 0."
"5/25/2026 8:30:41 AM","200","Information","Microsoft-Windows-TaskScheduler","Task Scheduler launched action ""powershell.exe"" in instance ""{e2ba8f9a-6b98-4583-adf3-aee09dfb134b}"" of task ""\Scaffold\ScaffoldDeployEngine""."
"5/25/2026 8:30:41 AM","100","Information","Microsoft-Windows-TaskScheduler","Task Scheduler started ""{e2ba8f9a-6b98-4583-adf3-aee09dfb134b}"" instance of the ""\Scaffold\ScaffoldDeployEngine"" task for user ""NT AUTHORITY\SYSTEM""."
"5/25/2026 8:30:41 AM","129","Information","Microsoft-Windows-TaskScheduler","Task Scheduler launch task ""\Scaffold\ScaffoldDeployEngine"" , instance ""powershell.exe""  with process ID 3196."
"5/25/2026 8:30:41 AM","107","Information","Microsoft-Windows-TaskScheduler","Task Scheduler launched ""{e2ba8f9a-6b98-4583-adf3-aee09dfb134b}""  instance of task ""\Scaffold\ScaffoldDeployEngine"" due to a time trigger condition."
"5/25/2026 8:28:41 AM","102","Information","Microsoft-Windows-TaskScheduler","Task Scheduler successfully finished ""{dc11bfb3-5158-432e-bfd4-1576f27ecf35}"" instance of the ""\Scaffold\ScaffoldDeployEngine"" task for user ""NT AUTHORITY\SYSTEM""."
"5/25/2026 8:28:41 AM","201","Information","Microsoft-Windows-TaskScheduler","Task Scheduler successfully completed task ""\Scaffold\ScaffoldDeployEngine"" , instance ""{dc11bfb3-5158-432e-bfd4-1576f27ecf35}"" , action ""powershell.exe"" with return code 0."
"5/25/2026 8:28:41 AM","200","Information","Microsoft-Windows-TaskScheduler","Task Scheduler launched action ""powershell.exe"" in instance ""{dc11bfb3-5158-432e-bfd4-1576f27ecf35}"" of task ""\Scaffold\ScaffoldDeployEngine""."
"5/25/2026 8:28:41 AM","100","Information","Microsoft-Windows-TaskScheduler","Task Scheduler started ""{dc11bfb3-5158-432e-bfd4-1576f27ecf35}"" instance of the ""\Scaffold\ScaffoldDeployEngine"" task for user ""NT AUTHORITY\SYSTEM""."
"5/25/2026 8:28:41 AM","129","Information","Microsoft-Windows-TaskScheduler","Task Scheduler launch task ""\Scaffold\ScaffoldDeployEngine"" , instance ""powershell.exe""  with process ID 5772."
"5/25/2026 8:28:41 AM","107","Information","Microsoft-Windows-TaskScheduler","Task Scheduler launched ""{dc11bfb3-5158-432e-bfd4-1576f27ecf35}""  instance of task ""\Scaffold\ScaffoldDeployEngine"" due to a time trigger condition."
"5/25/2026 8:26:41 AM","102","Information","Microsoft-Windows-TaskScheduler","Task Scheduler successfully finished ""{b7fdfe01-1118-4fc6-ae4f-923443a83ac5}"" instance of the ""\Scaffold\ScaffoldDeployEngine"" task for user ""NT AUTHORITY\SYSTEM""."
"5/25/2026 8:26:41 AM","201","Information","Microsoft-Windows-TaskScheduler","Task Scheduler successfully completed task ""\Scaffold\ScaffoldDeployEngine"" , instance ""{b7fdfe01-1118-4fc6-ae4f-923443a83ac5}"" , action ""powershell.exe"" with return code 0."
"5/25/2026 8:26:41 AM","200","Information","Microsoft-Windows-TaskScheduler","Task Scheduler launched action ""powershell.exe"" in instance ""{b7fdfe01-1118-4fc6-ae4f-923443a83ac5}"" of task ""\Scaffold\ScaffoldDeployEngine""."
"5/25/2026 8:26:41 AM","100","Information","Microsoft-Windows-TaskScheduler","Task Scheduler started ""{b7fdfe01-1118-4fc6-ae4f-923443a83ac5}"" instance of the ""\Scaffold\ScaffoldDeployEngine"" task for user ""NT AUTHORITY\SYSTEM""."
"5/25/2026 8:26:41 AM","129","Information","Microsoft-Windows-TaskScheduler","Task Scheduler launch task ""\Scaffold\ScaffoldDeployEngine"" , instance ""powershell.exe""  with process ID 4888."
"5/25/2026 8:26:41 AM","107","Information","Microsoft-Windows-TaskScheduler","Task Scheduler launched ""{b7fdfe01-1118-4fc6-ae4f-923443a83ac5}""  instance of task ""\Scaffold\ScaffoldDeployEngine"" due to a time trigger condition."
"5/25/2026 8:26:03 AM","110","Information","Microsoft-Windows-TaskScheduler","Task Scheduler launched ""{9a07ad20-da88-46ee-b203-035b3b1a9881}""  instance of task ""\Microsoft\Windows\WDI\ResolutionHost""  for user ""Administrator"" ."
"5/25/2026 8:26:03 AM","200","Information","Microsoft-Windows-TaskScheduler","Task Scheduler launched action ""DiagnosticInfrastructureCustomHandler"" in instance ""{9a07ad20-da88-46ee-b203-035b3b1a9881}"" of task ""\Microsoft\Windows\WDI\ResolutionHost""."
"5/25/2026 8:26:03 AM","100","Information","Microsoft-Windows-TaskScheduler","Task Scheduler started ""{9a07ad20-da88-46ee-b203-035b3b1a9881}"" instance of the ""\Microsoft\Windows\WDI\ResolutionHost"" task for user ""SCAFFOLD\Administrator""."
"5/25/2026 8:26:03 AM","129","Information","Microsoft-Windows-TaskScheduler","Task Scheduler launch task ""\Microsoft\Windows\WDI\ResolutionHost"" , instance ""taskhostw.exe""  with process ID 2152."
"5/25/2026 8:26:03 AM","325","Warning","Microsoft-Windows-TaskScheduler","Task Scheduler queued instance ""{9a07ad20-da88-46ee-b203-035b3b1a9881}""  of task ""\Microsoft\Windows\WDI\ResolutionHost""."
"5/25/2026 8:24:41 AM","102","Information","Microsoft-Windows-TaskScheduler","Task Scheduler successfully finished ""{e6565e50-14b8-48d6-8a5d-d5b270c6ac65}"" instance of the ""\Scaffold\ScaffoldDeployEngine"" task for user ""NT AUTHORITY\SYSTEM""."
"5/25/2026 8:24:41 AM","201","Information","Microsoft-Windows-TaskScheduler","Task Scheduler successfully completed task ""\Scaffold\ScaffoldDeployEngine"" , instance ""{e6565e50-14b8-48d6-8a5d-d5b270c6ac65}"" , action ""powershell.exe"" with return code 0."
"5/25/2026 8:24:41 AM","200","Information","Microsoft-Windows-TaskScheduler","Task Scheduler launched action ""powershell.exe"" in instance ""{e6565e50-14b8-48d6-8a5d-d5b270c6ac65}"" of task ""\Scaffold\ScaffoldDeployEngine""."
"5/25/2026 8:24:41 AM","100","Information","Microsoft-Windows-TaskScheduler","Task Scheduler started ""{e6565e50-14b8-48d6-8a5d-d5b270c6ac65}"" instance of the ""\Scaffold\ScaffoldDeployEngine"" task for user ""NT AUTHORITY\SYSTEM""."
"5/25/2026 8:24:41 AM","129","Information","Microsoft-Windows-TaskScheduler","Task Scheduler launch task ""\Scaffold\ScaffoldDeployEngine"" , instance ""powershell.exe""  with process ID 2160."
"5/25/2026 8:24:41 AM","107","Information","Microsoft-Windows-TaskScheduler","Task Scheduler launched ""{e6565e50-14b8-48d6-8a5d-d5b270c6ac65}""  instance of task ""\Scaffold\ScaffoldDeployEngine"" due to a time trigger condition."
"5/25/2026 8:22:41 AM","102","Information","Microsoft-Windows-TaskScheduler","Task Scheduler successfully finished ""{e88158d5-b83e-499a-9d06-ca0c013ae37b}"" instance of the ""\Scaffold\ScaffoldDeployEngine"" task for user ""NT AUTHORITY\SYSTEM""."
"5/25/2026 8:22:41 AM","201","Information","Microsoft-Windows-TaskScheduler","Task Scheduler successfully completed task ""\Scaffold\ScaffoldDeployEngine"" , instance ""{e88158d5-b83e-499a-9d06-ca0c013ae37b}"" , action ""powershell.exe"" with return code 0."
"5/25/2026 8:22:41 AM","200","Information","Microsoft-Windows-TaskScheduler","Task Scheduler launched action ""powershell.exe"" in instance ""{e88158d5-b83e-499a-9d06-ca0c013ae37b}"" of task ""\Scaffold\ScaffoldDeployEngine""."
"5/25/2026 8:22:41 AM","100","Information","Microsoft-Windows-TaskScheduler","Task Scheduler started ""{e88158d5-b83e-499a-9d06-ca0c013ae37b}"" instance of the ""\Scaffold\ScaffoldDeployEngine"" task for user ""NT AUTHORITY\SYSTEM""."
"5/25/2026 8:22:41 AM","129","Information","Microsoft-Windows-TaskScheduler","Task Scheduler launch task ""\Scaffold\ScaffoldDeployEngine"" , instance ""powershell.exe""  with process ID 3228."
"5/25/2026 8:22:41 AM","107","Information","Microsoft-Windows-TaskScheduler","Task Scheduler launched ""{e88158d5-b83e-499a-9d06-ca0c013ae37b}""  instance of task ""\Scaffold\ScaffoldDeployEngine"" due to a time trigger condition."
"5/25/2026 8:20:41 AM","102","Information","Microsoft-Windows-TaskScheduler","Task Scheduler successfully finished ""{2a401a1d-92b9-46b6-9810-49f554b9c0b9}"" instance of the ""\Scaffold\ScaffoldDeployEngine"" task for user ""NT AUTHORITY\SYSTEM""."
"5/25/2026 8:20:41 AM","201","Information","Microsoft-Windows-TaskScheduler","Task Scheduler successfully completed task ""\Scaffold\ScaffoldDeployEngine"" , instance ""{2a401a1d-92b9-46b6-9810-49f554b9c0b9}"" , action ""powershell.exe"" with return code 0."
"5/25/2026 8:20:41 AM","200","Information","Microsoft-Windows-TaskScheduler","Task Scheduler launched action ""powershell.exe"" in instance ""{2a401a1d-92b9-46b6-9810-49f554b9c0b9}"" of task ""\Scaffold\ScaffoldDeployEngine""."
"5/25/2026 8:20:41 AM","100","Information","Microsoft-Windows-TaskScheduler","Task Scheduler started ""{2a401a1d-92b9-46b6-9810-49f554b9c0b9}"" instance of the ""\Scaffold\ScaffoldDeployEngine"" task for user ""NT AUTHORITY\SYSTEM""."
"5/25/2026 8:20:41 AM","129","Information","Microsoft-Windows-TaskScheduler","Task Scheduler launch task ""\Scaffold\ScaffoldDeployEngine"" , instance ""powershell.exe""  with process ID 6596."
"5/25/2026 8:20:41 AM","107","Information","Microsoft-Windows-TaskScheduler","Task Scheduler launched ""{2a401a1d-92b9-46b6-9810-49f554b9c0b9}""  instance of task ""\Scaffold\ScaffoldDeployEngine"" due to a time trigger condition."
"5/25/2026 8:20:24 AM","102","Information","Microsoft-Windows-TaskScheduler","Task Scheduler successfully finished ""{16d1e322-83e4-467c-9a05-91404eb734b9}"" instance of the ""\Microsoft\Windows\Autochk\Proxy"" task for user ""NT AUTHORITY\SYSTEM""."
"5/25/2026 8:20:24 AM","201","Information","Microsoft-Windows-TaskScheduler","Task Scheduler successfully completed task ""\Microsoft\Windows\Autochk\Proxy"" , instance ""{16d1e322-83e4-467c-9a05-91404eb734b9}"" , action ""%windir%\system32\rundll32.exe"" with return code 0."
"5/25/2026 8:20:24 AM","200","Information","Microsoft-Windows-TaskScheduler","Task Scheduler launched action ""%windir%\system32\rundll32.exe"" in instance ""{16d1e322-83e4-467c-9a05-91404eb734b9}"" of task ""\Microsoft\Windows\Autochk\Proxy""."
"5/25/2026 8:20:24 AM","100","Information","Microsoft-Windows-TaskScheduler","Task Scheduler started ""{16d1e322-83e4-467c-9a05-91404eb734b9}"" instance of the ""\Microsoft\Windows\Autochk\Proxy"" task for user ""NT AUTHORITY\SYSTEM""."
"5/25/2026 8:20:24 AM","129","Information","Microsoft-Windows-TaskScheduler","Task Scheduler launch task ""\Microsoft\Windows\Autochk\Proxy"" , instance ""%windir%\system32\rundll32.exe""  with process ID 1544."
"5/25/2026 8:20:24 AM","118","Information","Microsoft-Windows-TaskScheduler","Task Scheduler launched ""{16d1e322-83e4-467c-9a05-91404eb734b9}""  instance of task ""\Microsoft\Windows\Autochk\Proxy""  due to system startup."
"5/25/2026 8:18:41 AM","102","Information","Microsoft-Windows-TaskScheduler","Task Scheduler successfully finished ""{2a89eb4f-a3b4-499c-aeee-e3b40287c1df}"" instance of the ""\Scaffold\ScaffoldDeployEngine"" task for user ""NT AUTHORITY\SYSTEM""."
"5/25/2026 8:18:41 AM","201","Information","Microsoft-Windows-TaskScheduler","Task Scheduler successfully completed task ""\Scaffold\ScaffoldDeployEngine"" , instance ""{2a89eb4f-a3b4-499c-aeee-e3b40287c1df}"" , action ""powershell.exe"" with return code 0."
"5/25/2026 8:18:41 AM","200","Information","Microsoft-Windows-TaskScheduler","Task Scheduler launched action ""powershell.exe"" in instance ""{2a89eb4f-a3b4-499c-aeee-e3b40287c1df}"" of task ""\Scaffold\ScaffoldDeployEngine""."
"5/25/2026 8:18:41 AM","100","Information","Microsoft-Windows-TaskScheduler","Task Scheduler started ""{2a89eb4f-a3b4-499c-aeee-e3b40287c1df}"" instance of the ""\Scaffold\ScaffoldDeployEngine"" task for user ""NT AUTHORITY\SYSTEM""."
"5/25/2026 8:18:41 AM","129","Information","Microsoft-Windows-TaskScheduler","Task Scheduler launch task ""\Scaffold\ScaffoldDeployEngine"" , instance ""powershell.exe""  with process ID 1248."
"5/25/2026 8:18:41 AM","107","Information","Microsoft-Windows-TaskScheduler","Task Scheduler launched ""{2a89eb4f-a3b4-499c-aeee-e3b40287c1df}""  instance of task ""\Scaffold\ScaffoldDeployEngine"" due to a time trigger condition."
"5/25/2026 8:16:41 AM","102","Information","Microsoft-Windows-TaskScheduler","Task Scheduler successfully finished ""{57f51ecc-1204-4762-b0f6-2b3ea85e7b52}"" instance of the ""\Scaffold\ScaffoldDeployEngine"" task for user ""NT AUTHORITY\SYSTEM""."
"5/25/2026 8:16:41 AM","201","Information","Microsoft-Windows-TaskScheduler","Task Scheduler successfully completed task ""\Scaffold\ScaffoldDeployEngine"" , instance ""{57f51ecc-1204-4762-b0f6-2b3ea85e7b52}"" , action ""powershell.exe"" with return code 0."
"5/25/2026 8:16:41 AM","200","Information","Microsoft-Windows-TaskScheduler","Task Scheduler launched action ""powershell.exe"" in instance ""{57f51ecc-1204-4762-b0f6-2b3ea85e7b52}"" of task ""\Scaffold\ScaffoldDeployEngine""."
"5/25/2026 8:16:41 AM","100","Information","Microsoft-Windows-TaskScheduler","Task Scheduler started ""{57f51ecc-1204-4762-b0f6-2b3ea85e7b52}"" instance of the ""\Scaffold\ScaffoldDeployEngine"" task for user ""NT AUTHORITY\SYSTEM""."
"5/25/2026 8:16:41 AM","129","Information","Microsoft-Windows-TaskScheduler","Task Scheduler launch task ""\Scaffold\ScaffoldDeployEngine"" , instance ""powershell.exe""  with process ID 4116."
"5/25/2026 8:16:41 AM","107","Information","Microsoft-Windows-TaskScheduler","Task Scheduler launched ""{57f51ecc-1204-4762-b0f6-2b3ea85e7b52}""  instance of task ""\Scaffold\ScaffoldDeployEngine"" due to a time trigger condition."
"5/25/2026 8:15:56 AM","140","Information","Microsoft-Windows-TaskScheduler","User ""NT AUTHORITY\SYSTEM""  updated Task Scheduler task ""\Microsoft\Windows\WindowsUpdate\Scheduled Start"""
"5/25/2026 8:14:49 AM","102","Information","Microsoft-Windows-TaskScheduler","Task Scheduler successfully finished ""{0ced8ef3-c74f-4a1f-bc37-15ff9b193fae}"" instance of the ""\Microsoft\Windows\Workplace Join\Automatic-Device-Join"" task for user ""NT AUTHORITY\SYSTEM""."
"5/25/2026 8:14:49 AM","201","Information","Microsoft-Windows-TaskScheduler","Task Scheduler successfully completed task ""\Microsoft\Windows\Workplace Join\Automatic-Device-Join"" , instance ""{0ced8ef3-c74f-4a1f-bc37-15ff9b193fae}"" , action ""%SystemRoot%\System32\dsregcmd.exe"" with return code 2147942401."
"5/25/2026 8:14:49 AM","200","Information","Microsoft-Windows-TaskScheduler","Task Scheduler launched action ""%SystemRoot%\System32\dsregcmd.exe"" in instance ""{0ced8ef3-c74f-4a1f-bc37-15ff9b193fae}"" of task ""\Microsoft\Windows\Workplace Join\Automatic-Device-Join""."
"5/25/2026 8:14:49 AM","100","Information","Microsoft-Windows-TaskScheduler","Task Scheduler started ""{0ced8ef3-c74f-4a1f-bc37-15ff9b193fae}"" instance of the ""\Microsoft\Windows\Workplace Join\Automatic-Device-Join"" task for user ""NT AUTHORITY\SYSTEM""."
"5/25/2026 8:14:49 AM","129","Information","Microsoft-Windows-TaskScheduler","Task Scheduler launch task ""\Microsoft\Windows\Workplace Join\Automatic-Device-Join"" , instance ""%SystemRoot%\System32\dsregcmd.exe""  with process ID 196."
"5/25/2026 8:14:49 AM","108","Information","Microsoft-Windows-TaskScheduler","Task Scheduler launched ""{0ced8ef3-c74f-4a1f-bc37-15ff9b193fae}""  instance of task ""\Microsoft\Windows\Workplace Join\Automatic-Device-Join""  according to an event trigger."
"5/25/2026 8:14:41 AM","102","Information","Microsoft-Windows-TaskScheduler","Task Scheduler successfully finished ""{22013884-2af0-4d0c-87de-a7ce302f50e2}"" instance of the ""\Scaffold\ScaffoldDeployEngine"" task for user ""NT AUTHORITY\SYSTEM""."
"5/25/2026 8:14:41 AM","201","Information","Microsoft-Windows-TaskScheduler","Task Scheduler successfully completed task ""\Scaffold\ScaffoldDeployEngine"" , instance ""{22013884-2af0-4d0c-87de-a7ce302f50e2}"" , action ""powershell.exe"" with return code 0."
"5/25/2026 8:14:41 AM","200","Information","Microsoft-Windows-TaskScheduler","Task Scheduler launched action ""powershell.exe"" in instance ""{22013884-2af0-4d0c-87de-a7ce302f50e2}"" of task ""\Scaffold\ScaffoldDeployEngine""."
"5/25/2026 8:14:41 AM","100","Information","Microsoft-Windows-TaskScheduler","Task Scheduler started ""{22013884-2af0-4d0c-87de-a7ce302f50e2}"" instance of the ""\Scaffold\ScaffoldDeployEngine"" task for user ""NT AUTHORITY\SYSTEM""."
"5/25/2026 8:14:41 AM","129","Information","Microsoft-Windows-TaskScheduler","Task Scheduler launch task ""\Scaffold\ScaffoldDeployEngine"" , instance ""powershell.exe""  with process ID 852."
"5/25/2026 8:14:41 AM","107","Information","Microsoft-Windows-TaskScheduler","Task Scheduler launched ""{22013884-2af0-4d0c-87de-a7ce302f50e2}""  instance of task ""\Scaffold\ScaffoldDeployEngine"" due to a time trigger condition."
"5/25/2026 8:12:41 AM","102","Information","Microsoft-Windows-TaskScheduler","Task Scheduler successfully finished ""{96cb0e53-3e00-42e9-aa61-89400ec5aa9f}"" instance of the ""\Scaffold\ScaffoldDeployEngine"" task for user ""NT AUTHORITY\SYSTEM""."
"5/25/2026 8:12:41 AM","201","Information","Microsoft-Windows-TaskScheduler","Task Scheduler successfully completed task ""\Scaffold\ScaffoldDeployEngine"" , instance ""{96cb0e53-3e00-42e9-aa61-89400ec5aa9f}"" , action ""powershell.exe"" with return code 0."
"5/25/2026 8:12:41 AM","200","Information","Microsoft-Windows-TaskScheduler","Task Scheduler launched action ""powershell.exe"" in instance ""{96cb0e53-3e00-42e9-aa61-89400ec5aa9f}"" of task ""\Scaffold\ScaffoldDeployEngine""."
"5/25/2026 8:12:41 AM","100","Information","Microsoft-Windows-TaskScheduler","Task Scheduler started ""{96cb0e53-3e00-42e9-aa61-89400ec5aa9f}"" instance of the ""\Scaffold\ScaffoldDeployEngine"" task for user ""NT AUTHORITY\SYSTEM""."
"5/25/2026 8:12:41 AM","129","Information","Microsoft-Windows-TaskScheduler","Task Scheduler launch task ""\Scaffold\ScaffoldDeployEngine"" , instance ""powershell.exe""  with process ID 4584."
"5/25/2026 8:12:41 AM","107","Information","Microsoft-Windows-TaskScheduler","Task Scheduler launched ""{96cb0e53-3e00-42e9-aa61-89400ec5aa9f}""  instance of task ""\Scaffold\ScaffoldDeployEngine"" due to a time trigger condition."
"5/25/2026 8:11:04 AM","140","Information","Microsoft-Windows-TaskScheduler","User ""SCAFFOLD\DC$""  updated Task Scheduler task ""\Microsoft\Windows\SoftwareProtectionPlatform\SvcRestartTask"""
"5/25/2026 8:10:41 AM","102","Information","Microsoft-Windows-TaskScheduler","Task Scheduler successfully finished ""{e2c1257c-b67a-425a-b13a-506a10716b17}"" instance of the ""\Scaffold\ScaffoldDeployEngine"" task for user ""NT AUTHORITY\SYSTEM""."
"5/25/2026 8:10:41 AM","201","Information","Microsoft-Windows-TaskScheduler","Task Scheduler successfully completed task ""\Scaffold\ScaffoldDeployEngine"" , instance ""{e2c1257c-b67a-425a-b13a-506a10716b17}"" , action ""powershell.exe"" with return code 0."
"5/25/2026 8:10:41 AM","200","Information","Microsoft-Windows-TaskScheduler","Task Scheduler launched action ""powershell.exe"" in instance ""{e2c1257c-b67a-425a-b13a-506a10716b17}"" of task ""\Scaffold\ScaffoldDeployEngine""."
"5/25/2026 8:10:41 AM","100","Information","Microsoft-Windows-TaskScheduler","Task Scheduler started ""{e2c1257c-b67a-425a-b13a-506a10716b17}"" instance of the ""\Scaffold\ScaffoldDeployEngine"" task for user ""NT AUTHORITY\SYSTEM""."
"5/25/2026 8:10:41 AM","129","Information","Microsoft-Windows-TaskScheduler","Task Scheduler launch task ""\Scaffold\ScaffoldDeployEngine"" , instance ""powershell.exe""  with process ID 5288."
"5/25/2026 8:10:41 AM","107","Information","Microsoft-Windows-TaskScheduler","Task Scheduler launched ""{e2c1257c-b67a-425a-b13a-506a10716b17}""  instance of task ""\Scaffold\ScaffoldDeployEngine"" due to a time trigger condition."
"5/25/2026 8:09:23 AM","102","Information","Microsoft-Windows-TaskScheduler","Task Scheduler successfully finished ""{c386b77c-45ba-4e9c-9416-f922cb5f63a2}"" instance of the ""\MicrosoftEdgeUpdateTaskMachineCore"" task for user ""NT AUTHORITY\SYSTEM""."
"5/25/2026 8:09:23 AM","201","Information","Microsoft-Windows-TaskScheduler","Task Scheduler successfully completed task ""\MicrosoftEdgeUpdateTaskMachineCore"" , instance ""{c386b77c-45ba-4e9c-9416-f922cb5f63a2}"" , action ""C:\Program Files (x86)\Microsoft\EdgeUpdate\MicrosoftEdgeUpdate.exe"" with return code 0."
"5/25/2026 8:09:23 AM","200","Information","Microsoft-Windows-TaskScheduler","Task Scheduler launched action ""C:\Program Files (x86)\Microsoft\EdgeUpdate\MicrosoftEdgeUpdate.exe"" in instance ""{c386b77c-45ba-4e9c-9416-f922cb5f63a2}"" of task ""\MicrosoftEdgeUpdateTaskMachineCore""."
"5/25/2026 8:09:23 AM","100","Information","Microsoft-Windows-TaskScheduler","Task Scheduler started ""{c386b77c-45ba-4e9c-9416-f922cb5f63a2}"" instance of the ""\MicrosoftEdgeUpdateTaskMachineCore"" task for user ""NT AUTHORITY\SYSTEM""."
"5/25/2026 8:09:23 AM","129","Information","Microsoft-Windows-TaskScheduler","Task Scheduler launch task ""\MicrosoftEdgeUpdateTaskMachineCore"" , instance ""C:\Program Files (x86)\Microsoft\EdgeUpdate\MicrosoftEdgeUpdate.exe""  with process ID 7692."
"5/25/2026 8:09:23 AM","107","Information","Microsoft-Windows-TaskScheduler","Task Scheduler launched ""{c386b77c-45ba-4e9c-9416-f922cb5f63a2}""  instance of task ""\MicrosoftEdgeUpdateTaskMachineCore"" due to a time trigger condition."
"5/25/2026 8:08:41 AM","102","Information","Microsoft-Windows-TaskScheduler","Task Scheduler successfully finished ""{0e8f3f04-5efd-42d7-9a9d-82e722a67a2e}"" instance of the ""\Scaffold\ScaffoldDeployEngine"" task for user ""NT AUTHORITY\SYSTEM""."
"5/25/2026 8:08:41 AM","201","Information","Microsoft-Windows-TaskScheduler","Task Scheduler successfully completed task ""\Scaffold\ScaffoldDeployEngine"" , instance ""{0e8f3f04-5efd-42d7-9a9d-82e722a67a2e}"" , action ""powershell.exe"" with return code 0."
"5/25/2026 8:08:41 AM","200","Information","Microsoft-Windows-TaskScheduler","Task Scheduler launched action ""powershell.exe"" in instance ""{0e8f3f04-5efd-42d7-9a9d-82e722a67a2e}"" of task ""\Scaffold\ScaffoldDeployEngine""."
"5/25/2026 8:08:41 AM","100","Information","Microsoft-Windows-TaskScheduler","Task Scheduler started ""{0e8f3f04-5efd-42d7-9a9d-82e722a67a2e}"" instance of the ""\Scaffold\ScaffoldDeployEngine"" task for user ""NT AUTHORITY\SYSTEM""."
"5/25/2026 8:08:41 AM","129","Information","Microsoft-Windows-TaskScheduler","Task Scheduler launch task ""\Scaffold\ScaffoldDeployEngine"" , instance ""powershell.exe""  with process ID 7316."
"5/25/2026 8:08:41 AM","107","Information","Microsoft-Windows-TaskScheduler","Task Scheduler launched ""{0e8f3f04-5efd-42d7-9a9d-82e722a67a2e}""  instance of task ""\Scaffold\ScaffoldDeployEngine"" due to a time trigger condition."
"5/25/2026 8:07:12 AM","102","Information","Microsoft-Windows-TaskScheduler","Task Scheduler successfully finished ""{40e4a551-3546-4e28-b9aa-597b5c55ce00}"" instance of the ""\Microsoft\Windows\Power Efficiency Diagnostics\AnalyzeSystem"" task for user ""NT AUTHORITY\SYSTEM""."
"5/25/2026 8:07:12 AM","201","Information","Microsoft-Windows-TaskScheduler","Task Scheduler successfully completed task ""\Microsoft\Windows\Power Efficiency Diagnostics\AnalyzeSystem"" , instance ""{40e4a551-3546-4e28-b9aa-597b5c55ce00}"" , action """" with return code 0."
"5/25/2026 8:06:41 AM","102","Information","Microsoft-Windows-TaskScheduler","Task Scheduler successfully finished ""{b37461f2-3822-40db-b405-7fc3098dfd90}"" instance of the ""\Scaffold\ScaffoldDeployEngine"" task for user ""NT AUTHORITY\SYSTEM""."
"5/25/2026 8:06:41 AM","201","Information","Microsoft-Windows-TaskScheduler","Task Scheduler successfully completed task ""\Scaffold\ScaffoldDeployEngine"" , instance ""{b37461f2-3822-40db-b405-7fc3098dfd90}"" , action ""powershell.exe"" with return code 0."
"5/25/2026 8:06:41 AM","200","Information","Microsoft-Windows-TaskScheduler","Task Scheduler launched action ""powershell.exe"" in instance ""{b37461f2-3822-40db-b405-7fc3098dfd90}"" of task ""\Scaffold\ScaffoldDeployEngine""."
"5/25/2026 8:06:41 AM","100","Information","Microsoft-Windows-TaskScheduler","Task Scheduler started ""{b37461f2-3822-40db-b405-7fc3098dfd90}"" instance of the ""\Scaffold\ScaffoldDeployEngine"" task for user ""NT AUTHORITY\SYSTEM""."
"5/25/2026 8:06:41 AM","129","Information","Microsoft-Windows-TaskScheduler","Task Scheduler launch task ""\Scaffold\ScaffoldDeployEngine"" , instance ""powershell.exe""  with process ID 2804."
"5/25/2026 8:06:41 AM","107","Information","Microsoft-Windows-TaskScheduler","Task Scheduler launched ""{b37461f2-3822-40db-b405-7fc3098dfd90}""  instance of task ""\Scaffold\ScaffoldDeployEngine"" due to a time trigger condition."
"5/25/2026 8:06:16 AM","140","Information","Microsoft-Windows-TaskScheduler","User ""SCAFFOLD\DC$""  updated Task Scheduler task ""\Microsoft\Windows\SoftwareProtectionPlatform\SvcRestartTask"""
"5/25/2026 8:06:11 AM","200","Information","Microsoft-Windows-TaskScheduler","Task Scheduler launched action """" in instance ""{40e4a551-3546-4e28-b9aa-597b5c55ce00}"" of task ""\Microsoft\Windows\Power Efficiency Diagnostics\AnalyzeSystem""."
"5/25/2026 8:06:11 AM","100","Information","Microsoft-Windows-TaskScheduler","Task Scheduler started ""{40e4a551-3546-4e28-b9aa-597b5c55ce00}"" instance of the ""\Microsoft\Windows\Power Efficiency Diagnostics\AnalyzeSystem"" task for user ""NT AUTHORITY\SYSTEM""."
"5/25/2026 8:06:11 AM","129","Information","Microsoft-Windows-TaskScheduler","Task Scheduler launch task ""\Microsoft\Windows\Power Efficiency Diagnostics\AnalyzeSystem"" , instance ""taskhostw.exe""  with process ID 6864."
"5/25/2026 8:06:10 AM","102","Information","Microsoft-Windows-TaskScheduler","Task Scheduler successfully finished ""{c90a7c9a-ae71-4993-a1b8-e9b063dd7de3}"" instance of the ""\Microsoft\Windows\Maintenance\WinSAT"" task for user ""SCAFFOLD\Administrator""."
"5/25/2026 8:06:10 AM","201","Information","Microsoft-Windows-TaskScheduler","Task Scheduler successfully completed task ""\Microsoft\Windows\Maintenance\WinSAT"" , instance ""{c90a7c9a-ae71-4993-a1b8-e9b063dd7de3}"" , action ""WinSAT Task Manger Task"" with return code 0."
"5/25/2026 8:06:10 AM","325","Warning","Microsoft-Windows-TaskScheduler","Task Scheduler queued instance ""{40e4a551-3546-4e28-b9aa-597b5c55ce00}""  of task ""\Microsoft\Windows\Power Efficiency Diagnostics\AnalyzeSystem""."
"5/25/2026 8:06:10 AM","200","Information","Microsoft-Windows-TaskScheduler","Task Scheduler launched action ""WinSAT Task Manger Task"" in instance ""{c90a7c9a-ae71-4993-a1b8-e9b063dd7de3}"" of task ""\Microsoft\Windows\Maintenance\WinSAT""."
"5/25/2026 8:06:10 AM","100","Information","Microsoft-Windows-TaskScheduler","Task Scheduler started ""{c90a7c9a-ae71-4993-a1b8-e9b063dd7de3}"" instance of the ""\Microsoft\Windows\Maintenance\WinSAT"" task for user ""SCAFFOLD\Administrator""."
"5/25/2026 8:06:10 AM","129","Information","Microsoft-Windows-TaskScheduler","Task Scheduler launch task ""\Microsoft\Windows\Maintenance\WinSAT"" , instance ""taskhostw.exe""  with process ID 3844."
"5/25/2026 8:06:09 AM","102","Information","Microsoft-Windows-TaskScheduler","Task Scheduler successfully finished ""{9f801d5c-c27e-4e8b-9c25-e012b9c52743}"" instance of the ""\Microsoft\Windows\Application Experience\ProgramDataUpdater"" task for user ""NT AUTHORITY\SYSTEM""."
"5/25/2026 8:06:09 AM","201","Information","Microsoft-Windows-TaskScheduler","Task Scheduler successfully completed task ""\Microsoft\Windows\Application Experience\ProgramDataUpdater"" , instance ""{9f801d5c-c27e-4e8b-9c25-e012b9c52743}"" , action ""%windir%\system32\compattelrunner.exe"" with return code 0."
"5/25/2026 8:04:41 AM","102","Information","Microsoft-Windows-TaskScheduler","Task Scheduler successfully finished ""{d025e9de-1dab-4fe5-ae77-e00ceca47e41}"" instance of the ""\Scaffold\ScaffoldDeployEngine"" task for user ""NT AUTHORITY\SYSTEM""."
"5/25/2026 8:04:41 AM","201","Information","Microsoft-Windows-TaskScheduler","Task Scheduler successfully completed task ""\Scaffold\ScaffoldDeployEngine"" , instance ""{d025e9de-1dab-4fe5-ae77-e00ceca47e41}"" , action ""powershell.exe"" with return code 0."
"5/25/2026 8:04:41 AM","200","Information","Microsoft-Windows-TaskScheduler","Task Scheduler launched action ""powershell.exe"" in instance ""{d025e9de-1dab-4fe5-ae77-e00ceca47e41}"" of task ""\Scaffold\ScaffoldDeployEngine""."
"5/25/2026 8:04:41 AM","100","Information","Microsoft-Windows-TaskScheduler","Task Scheduler started ""{d025e9de-1dab-4fe5-ae77-e00ceca47e41}"" instance of the ""\Scaffold\ScaffoldDeployEngine"" task for user ""NT AUTHORITY\SYSTEM""."
"5/25/2026 8:04:41 AM","129","Information","Microsoft-Windows-TaskScheduler","Task Scheduler launch task ""\Scaffold\ScaffoldDeployEngine"" , instance ""powershell.exe""  with process ID 5316."
"5/25/2026 8:04:41 AM","107","Information","Microsoft-Windows-TaskScheduler","Task Scheduler launched ""{d025e9de-1dab-4fe5-ae77-e00ceca47e41}""  instance of task ""\Scaffold\ScaffoldDeployEngine"" due to a time trigger condition."
"5/25/2026 8:02:41 AM","102","Information","Microsoft-Windows-TaskScheduler","Task Scheduler successfully finished ""{05cfe309-b215-488e-9bb9-b3c7d922f6ed}"" instance of the ""\Scaffold\ScaffoldDeployEngine"" task for user ""NT AUTHORITY\SYSTEM""."
"5/25/2026 8:02:41 AM","201","Information","Microsoft-Windows-TaskScheduler","Task Scheduler successfully completed task ""\Scaffold\ScaffoldDeployEngine"" , instance ""{05cfe309-b215-488e-9bb9-b3c7d922f6ed}"" , action ""powershell.exe"" with return code 0."
"5/25/2026 8:02:41 AM","200","Information","Microsoft-Windows-TaskScheduler","Task Scheduler launched action ""powershell.exe"" in instance ""{05cfe309-b215-488e-9bb9-b3c7d922f6ed}"" of task ""\Scaffold\ScaffoldDeployEngine""."
"5/25/2026 8:02:41 AM","100","Information","Microsoft-Windows-TaskScheduler","Task Scheduler started ""{05cfe309-b215-488e-9bb9-b3c7d922f6ed}"" instance of the ""\Scaffold\ScaffoldDeployEngine"" task for user ""NT AUTHORITY\SYSTEM""."
"5/25/2026 8:02:41 AM","129","Information","Microsoft-Windows-TaskScheduler","Task Scheduler launch task ""\Scaffold\ScaffoldDeployEngine"" , instance ""powershell.exe""  with process ID 7272."
"5/25/2026 8:02:41 AM","107","Information","Microsoft-Windows-TaskScheduler","Task Scheduler launched ""{05cfe309-b215-488e-9bb9-b3c7d922f6ed}""  instance of task ""\Scaffold\ScaffoldDeployEngine"" due to a time trigger condition."
"5/25/2026 8:02:16 AM","140","Information","Microsoft-Windows-TaskScheduler","User ""NT AUTHORITY\SYSTEM""  updated Task Scheduler task ""\Microsoft\Windows\WindowsUpdate\Scheduled Start"""
"5/25/2026 8:00:41 AM","102","Information","Microsoft-Windows-TaskScheduler","Task Scheduler successfully finished ""{5e7b8a11-fbba-4f7e-be61-9fcc1364c331}"" instance of the ""\Microsoft\Windows\Application Experience\Microsoft Compatibility Appraiser"" task for user ""NT AUTHORITY\SYSTEM""."
"5/25/2026 8:00:41 AM","201","Information","Microsoft-Windows-TaskScheduler","Task Scheduler successfully completed task ""\Microsoft\Windows\Application Experience\Microsoft Compatibility Appraiser"" , instance ""{5e7b8a11-fbba-4f7e-be61-9fcc1364c331}"" , action ""%windir%\system32\compattelrunner.exe"" with return code 0."
"5/25/2026 8:00:41 AM","140","Information","Microsoft-Windows-TaskScheduler","User ""S-1-5-18""  updated Task Scheduler task ""\Microsoft\Windows\Application Experience\Microsoft Compatibility Appraiser"""
"5/25/2026 8:00:41 AM","102","Information","Microsoft-Windows-TaskScheduler","Task Scheduler successfully finished ""{8401bd8f-df42-4b91-93f2-2e5252df1e65}"" instance of the ""\Scaffold\ScaffoldDeployEngine"" task for user ""NT AUTHORITY\SYSTEM""."
"5/25/2026 8:00:41 AM","201","Information","Microsoft-Windows-TaskScheduler","Task Scheduler successfully completed task ""\Scaffold\ScaffoldDeployEngine"" , instance ""{8401bd8f-df42-4b91-93f2-2e5252df1e65}"" , action ""powershell.exe"" with return code 0."
"5/25/2026 8:00:41 AM","200","Information","Microsoft-Windows-TaskScheduler","Task Scheduler launched action ""powershell.exe"" in instance ""{8401bd8f-df42-4b91-93f2-2e5252df1e65}"" of task ""\Scaffold\ScaffoldDeployEngine""."
