"9/1/2026 9:23:40 PM","26","Information","Microsoft-Windows-CertificationAuthority","Active Directory Certificate Services for scaffold-DC-CA was started.  DC=dc.scaffold.htb"
"9/1/2026 9:23:39 PM","1000","Information","VGAuth","vmtoolsd: Username and password successfully validated for 'Administrator'"
"9/1/2026 9:23:38 PM","326","Information","ESENT","certsrv.exe (2692,D,50) The database engine attached a database (1, C:\Windows\system32\CertLog\scaffold-DC-CA.edb). (Time=0 seconds) 
 
Saved Cache: 0 0 
Additional Data: lgposAttach = 00000005:0084:0268,
dbv = 1568.180.400 (9360) 
 
Internal Timing Sequence: 
[1] 0.000004 +J(0) +M(C:0K, Fs:1, WS:4K # 0K, PF:0K # 0K, P:0K)
[2] 0.001675 -0.001434 (1) WT +J(0) +M(C:0K, Fs:18, WS:8K # 0K, PF:4K # 0K, P:4K)
[3] 0.022716 -0.014271 (6) WT +J(CM:0, PgRf:0, Rd:0/0, Dy:0/0, Lg:3480/2) +M(C:0K, Fs:25, WS:92K # 0K, PF:120K # 0K, P:120K)
[4] 0.000110 +J(0)
[5] -
[6] -
[7] -
[8] 0.004689 -0.004451 (2) CM -0.004308 (2) WT +J(CM:2, PgRf:2, Rd:14/2, Dy:0/0, Lg:54/1) +M(C:0K, Fs:40, WS:160K # 0K, PF:148K # 0K, P:148K)
[9] 0.009480 -0.009210 (3) CM -0.009033 (3) WT +J(CM:3, PgRf:23, Rd:0/2, Dy:0/0, Lg:0/0) +M(C:0K, Fs:32, WS:124K # 0K, PF:200K # 0K, P:200K)
[10] 0.001882 -0.001764 (1) CM -0.001707 (1) WT +J(CM:1, PgRf:40, Rd:0/1, Dy:0/0, Lg:0/0) +M(C:0K, Fs:5, WS:20K # 0K, PF:64K # 0K, P:64K)
[11] 0.000019 +J(CM:0, PgRf:1, Rd:0/0, Dy:0/0, Lg:0/0) +M(C:0K, Fs:4, WS:16K # 0K, PF:0K # 0K, P:0K)
[12] 0.000104 +J(CM:0, PgRf:42, Rd:0/0, Dy:0/0, Lg:0/0) +M(C:0K, Fs:1, WS:4K # 0K, PF:0K # 0K, P:0K)
[13] 0.000001 +J(0)
[14] 0.0 +J(0)
[15] 0.000006 +J(CM:0, PgRf:1, Rd:0/0, Dy:0/0, Lg:0/0)."
"9/1/2026 9:23:38 PM","105","Information","ESENT","certsrv.exe (2692,D,0) The database engine started a new instance (0). (Time=0 seconds) 
 
Additional Data:
  
 
Internal Timing Sequence: 
[1] 0.002139 +J(0) +M(C:0K, Fs:170, WS:668K # 668K, PF:2876K # 2608K, P:2876K)
[2] 0.000681 +J(0) +M(C:3200K, Fs:136, WS:532K # 532K, PF:3656K # 3656K, P:3656K)
[3] 0.000027 +J(0) +M(C:0K, Fs:4, WS:12K # 12K, PF:68K # 68K, P:68K)
[4] 0.000133 +J(0) +M(C:0K, Fs:19, WS:72K # 72K, PF:500K # 500K, P:500K)
[5] 0.000698 +J(0) +M(C:0K, Fs:9, WS:36K # 36K, PF:20K # 20K, P:20K)
[6] 0.003175 +J(0) +M(C:0K, Fs:35, WS:140K # 140K, PF:24K # 24K, P:24K)
[7] 0.010394 -0.006947 (3) WT +J(0) +M(C:0K, Fs:274, WS:1096K # 1096K, PF:1024K # 1024K, P:1024K)
[8] -
[9] -
[10] -
[11] -
[12] -
[13] 0.010874 -0.006940 (4) WT +J(CM:0, PgRf:0, Rd:0/0, Dy:0/0, Lg:616/1) +M(C:0K, Fs:6, WS:-1008K # 16K, PF:-1020K # 12K, P:-1020K)
[14] 0.000018 +J(0)
[15] 0.000146 +J(0) +M(C:0K, Fs:100, WS:400K # 0K, PF:64K # 0K, P:64K)
[16] 0.001361 -0.001207 (1) WT +J(0) +M(C:0K, Fs:3, WS:4K # 0K, PF:0K # 0K, P:0K)."
"9/1/2026 9:23:38 PM","102","Information","ESENT","certsrv.exe (2692,P,98) The database engine (10.00.20348.0000) is starting a new instance (0)."
"9/1/2026 9:23:37 PM","1000","Information","VGAuth","vmtoolsd: Username and password successfully validated for 'Administrator'"
"9/1/2026 9:23:35 PM","1000","Information","VGAuth","vmtoolsd: Username and password successfully validated for 'Administrator'"
"9/1/2026 9:23:32 PM","1000","Information","VGAuth","vmtoolsd: Username and password successfully validated for 'Administrator'"
"9/1/2026 9:23:32 PM","1000","Information","VGAuth","vmtoolsd: Username and password successfully validated for 'Administrator'"
"9/1/2026 9:23:28 PM","1000","Information","VGAuth","vmtoolsd: Username and password successfully validated for 'Administrator'"
"9/1/2026 9:23:26 PM","1000","Information","VGAuth","vmtoolsd: Username and password mismatch for 'Administrator'"
"9/1/2026 9:23:26 PM","3408","Information","MSSQL$SQLEXPRESS","Recovery is complete. This is an informational message only. No user action is required."
"9/1/2026 9:23:26 PM","9688","Information","MSSQL$SQLEXPRESS","Service Broker manager has started."
"9/1/2026 9:23:26 PM","9666","Information","MSSQL$SQLEXPRESS","The Database Mirroring endpoint is in disabled or stopped state."
"9/1/2026 9:23:26 PM","9666","Information","MSSQL$SQLEXPRESS","The Service Broker endpoint is in disabled or stopped state."
"9/1/2026 9:23:26 PM","17137","Information","MSSQL$SQLEXPRESS","Starting up database 'tempdb'."
"9/1/2026 9:23:26 PM","17136","Information","MSSQL$SQLEXPRESS","Clearing tempdb database."
"9/1/2026 9:23:26 PM","26067","Information","MSSQL$SQLEXPRESS","The SQL Server Network Interface library could not register the Service Principal Name (SPN) [ MSSQLSvc/dc.scaffold.htb:52951 ] for the SQL Server service. Windows return code: 0x54b, state: 3. Failure to register a SPN might cause integrated authentication to use NTLM instead of Kerberos. This is an informational message. Further action is only required if Kerberos authentication is required by authentication policies and if the SPN has not been manually registered."
"9/1/2026 9:23:26 PM","26067","Information","MSSQL$SQLEXPRESS","The SQL Server Network Interface library could not register the Service Principal Name (SPN) [ MSSQLSvc/dc.scaffold.htb:SQLEXPRESS ] for the SQL Server service. Windows return code: 0x54b, state: 3. Failure to register a SPN might cause integrated authentication to use NTLM instead of Kerberos. This is an informational message. Further action is only required if Kerberos authentication is required by authentication policies and if the SPN has not been manually registered."
"9/1/2026 9:23:26 PM","26076","Information","MSSQL$SQLEXPRESS","SQL Server is attempting to register a Service Principal Name (SPN) for the SQL Server service. Kerberos authentication will not be possible until a SPN is registered for the SQL Server service. This is an informational message. No user action is required."
"9/1/2026 9:23:26 PM","17126","Information","MSSQL$SQLEXPRESS","SQL Server is now ready for client connections. This is an informational message; no user action is required."
"9/1/2026 9:23:26 PM","17199","Information","MSSQL$SQLEXPRESS","Dedicated administrator connection support was not started because it is disabled on this edition of SQL Server. If you want to use a dedicated administrator connection, restart SQL Server using the trace flag 7806. This is an informational message only. No user action is required."
"9/1/2026 9:23:26 PM","26048","Information","MSSQL$SQLEXPRESS","Server local connection provider is ready to accept connection on [ \\.\pipe\MSSQL$SQLEXPRESS\sql\query ]."
"9/1/2026 9:23:26 PM","26048","Information","MSSQL$SQLEXPRESS","Server local connection provider is ready to accept connection on [ \\.\pipe\SQLLocal\SQLEXPRESS ]."
"9/1/2026 9:23:26 PM","26022","Information","MSSQL$SQLEXPRESS","Server is listening on [ 'any' <ipv4> 52951]."
"9/1/2026 9:23:26 PM","26022","Information","MSSQL$SQLEXPRESS","Server is listening on [ 'any' <ipv6> 52951]."
"9/1/2026 9:23:26 PM","26018","Information","MSSQL$SQLEXPRESS","A self-generated certificate was successfully loaded for encryption."
"9/1/2026 9:23:26 PM","17137","Information","MSSQL$SQLEXPRESS","Starting up database 'model'."
"9/1/2026 9:23:25 PM","958","Information","MSSQL$SQLEXPRESS","The resource database build version is 15.00.2000. This is an informational message only. No user action is required."
"9/1/2026 9:23:25 PM","17137","Information","MSSQL$SQLEXPRESS","Starting up database 'mssqlsystemresource'."
"9/1/2026 9:23:25 PM","17137","Information","MSSQL$SQLEXPRESS","Starting up database 'msdb'."
"9/1/2026 9:23:25 PM","17663","Information","MSSQL$SQLEXPRESS","Server name is 'DC\SQLEXPRESS'. This is an informational message only. No user action is required."
"9/1/2026 9:23:25 PM","19030","Information","MSSQL$SQLEXPRESS","SQL Trace ID 1 was started by login ""sa""."
"9/1/2026 9:23:25 PM","33218","Information","MSSQL$SQLEXPRESS","SQL Server Audit has started the audits. This is an informational message. No user action is required."
"9/1/2026 9:23:25 PM","33217","Information","MSSQL$SQLEXPRESS","SQL Server Audit is starting the audits. This is an informational message. No user action is required."
"9/1/2026 9:23:25 PM","6253","Information","MSSQL$SQLEXPRESS","Common language runtime (CLR) functionality initialized using CLR version v4.0.30319 from C:\Windows\Microsoft.NET\Framework64\v4.0.30319\."
"9/1/2026 9:23:25 PM","17137","Information","MSSQL$SQLEXPRESS","Starting up database 'master'."
"9/1/2026 9:23:25 PM","49910","Information","MSSQL$SQLEXPRESS","Software Usage Metrics is disabled."
"9/1/2026 9:23:25 PM","9048","Information","MSSQL$SQLEXPRESS","clwb is selected for pmem flush operation."
"9/1/2026 9:23:25 PM","49921","Information","MSSQL$SQLEXPRESS","Total Log Writer threads: 1. This is an informational message; no user action is required."
"9/1/2026 9:23:25 PM","17118","Information","MSSQL$SQLEXPRESS","Database Instant File Initialization: disabled. For security and performance considerations see the topic 'Database Instant File Initialization' in SQL Server Books Online. This is an informational message only. No user action is required."
"9/1/2026 9:23:24 PM","17125","Information","MSSQL$SQLEXPRESS","Using dynamic lock allocation.  Initial allocation of 2500 Lock blocks and 5000 Lock Owner blocks per node.  This is an informational message only.  No user action is required."
"9/1/2026 9:23:24 PM","17152","Information","MSSQL$SQLEXPRESS","Node configuration: node 0: CPU mask: 0x0000000000000003:0 Active CPU mask: 0x0000000000000003:0. This message provides a description of the NUMA configuration for this computer. This is an informational message only. No user action is required."
"9/1/2026 9:23:24 PM","17176","Information","MSSQL$SQLEXPRESS","This instance of SQL Server last reported using a process ID of 4472 at 9/1/2026 9:15:24 PM (local) 9/2/2026 4:15:24 AM (UTC). This is an informational message only; no user action is required."
"9/1/2026 9:23:24 PM","17811","Information","MSSQL$SQLEXPRESS","The maximum number of dedicated administrator connections for this instance is '1'"
"9/1/2026 9:23:24 PM","873","Information","MSSQL$SQLEXPRESS","Buffer pool extension is already disabled. No action is necessary."
"9/1/2026 9:23:24 PM","49917","Information","MSSQL$SQLEXPRESS","Default collation: SQL_Latin1_General_CP1_CI_AS (us_english 1033)"
"9/1/2026 9:23:24 PM","894","Information","MSSQL$SQLEXPRESS","Buffer Pool: Allocating 1048576 bytes for 628743 hashPages."
"9/1/2026 9:23:24 PM","852","Information","MSSQL$SQLEXPRESS","Using conventional memory in the memory manager."
"9/1/2026 9:23:24 PM","49903","Information","MSSQL$SQLEXPRESS","Detected 4095 MB of RAM. This is an informational message; no user action is required."
"9/1/2026 9:23:24 PM","17162","Information","MSSQL$SQLEXPRESS","SQL Server is starting at normal priority base (=7). This is an informational message only. No user action is required."
"9/1/2026 9:23:24 PM","17164","Information","MSSQL$SQLEXPRESS","SQL Server detected 1 sockets with 2 cores per socket and 2 logical processors per socket, 2 total logical processors; using 2 logical processors based on SQL Server licensing. This is an informational message; no user action is required."
"9/1/2026 9:23:24 PM","17115","Information","MSSQL$SQLEXPRESS","Command Line Startup Parameters:
	 -s ""SQLEXPRESS"""
"9/1/2026 9:23:24 PM","1000","Information","VGAuth","vmtoolsd: Username and password mismatch for 'Administrator'"
"9/1/2026 9:23:24 PM","17110","Information","MSSQL$SQLEXPRESS","Registry startup parameters: 
	 -d C:\Program Files\Microsoft SQL Server\MSSQL15.SQLEXPRESS\MSSQL\DATA\master.mdf
	 -e C:\Program Files\Microsoft SQL Server\MSSQL15.SQLEXPRESS\MSSQL\Log\ERRORLOG
	 -l C:\Program Files\Microsoft SQL Server\MSSQL15.SQLEXPRESS\MSSQL\DATA\mastlog.ldf"
"9/1/2026 9:23:24 PM","49904","Information","MSSQL$SQLEXPRESS","The service account is 'NT Service\MSSQL$SQLEXPRESS'. This is an informational message; no user action is required."
"9/1/2026 9:23:24 PM","17111","Information","MSSQL$SQLEXPRESS","Logging SQL Server messages in file 'C:\Program Files\Microsoft SQL Server\MSSQL15.SQLEXPRESS\MSSQL\Log\ERRORLOG'."
"9/1/2026 9:23:24 PM","15268","Information","MSSQL$SQLEXPRESS","Authentication mode is MIXED."
"9/1/2026 9:23:24 PM","18496","Information","MSSQL$SQLEXPRESS","System Manufacturer: 'VMware, Inc.', System Model: 'VMware20,1'."
"9/1/2026 9:23:24 PM","17104","Information","MSSQL$SQLEXPRESS","Server process ID is 5028."
"9/1/2026 9:23:24 PM","17103","Information","MSSQL$SQLEXPRESS","All rights reserved."
"9/1/2026 9:23:24 PM","17101","Information","MSSQL$SQLEXPRESS","(c) Microsoft Corporation."
"9/1/2026 9:23:24 PM","49916","Information","MSSQL$SQLEXPRESS","UTC adjustment: -7:00"
"9/1/2026 9:23:24 PM","17069","Information","MSSQL$SQLEXPRESS","Microsoft SQL Server 2019 (RTM) - 15.0.2000.5 (X64) 
	Sep 24 2019 13:48:23 
	Copyright (C) 2019 Microsoft Corporation
	Express Edition (64-bit) on Windows Server 2022 Datacenter 10.0 <X64> (Build 20348: ) (Hypervisor)
"
"9/1/2026 9:23:22 PM","1000","Information","VGAuth","vmtoolsd: Username and password mismatch for 'Administrator'"
"9/1/2026 9:23:20 PM","1000","Information","VGAuth","vmtoolsd: Username and password mismatch for 'Administrator'"
"9/1/2026 9:23:17 PM","1000","Information","VGAuth","vmtoolsd: Username and password mismatch for 'Administrator'"
"9/1/2026 9:23:15 PM","1000","Information","VGAuth","vmtoolsd: Username and password mismatch for 'Administrator'"
"9/1/2026 9:23:13 PM","1000","Information","VGAuth","vmtoolsd: Username and password mismatch for 'Administrator'"
"9/1/2026 9:23:10 PM","1000","Information","VGAuth","vmtoolsd: Username and password mismatch for 'Administrator'"
"9/1/2026 9:23:10 PM","9027","Information","Desktop Window Manager","The Desktop Window Manager has registered the session port."
"9/1/2026 9:23:09 PM","0","Information","Microsoft Deployment Toolkit Monitor Service","Service started successfully."
"9/1/2026 9:23:08 PM","271","Information","VMUpgradeHelper","Restored network configuration."
"9/1/2026 9:23:06 PM","258","Information","VMUpgradeHelper","Restoring network configuration."
"9/1/2026 9:23:05 PM","4202","Information","Microsoft-Windows-MSDTC 2","MSDTC started with the following settings: Security Configuration (OFF = 0 and ON = 1): Allow Remote Administrator = 0, Network Clients = 0, Transaction Manager Communication:  Allow Inbound Transactions = 0, Allow Outbound Transactions = 0, Transaction Internet Protocol (TIP) = 0,  Enable XA Transactions = 0,  Enable SNA LU 6.2 Transactions = 1,  MSDTC Communications Security = Mutual Authentication Required, Account = NT AUTHORITY\NetworkService,  Firewall Exclusion Detected = 0 Transaction Bridge Installed = 0 Filtering Duplicate Events = 1"
"9/1/2026 9:23:01 PM","5617","Information","Microsoft-Windows-WMI","Windows Management Instrumentation Service subsystems initialized successfully"
"9/1/2026 9:23:01 PM","781","Information","Microsoft-Windows-Complus","The COM+ sub system is suppressing duplicate event log entries for a duration of 86400 seconds.  The suppression timeout can be controlled by a REG_DWORD value named SuppressDuplicateDuration under the following registry key: HKLM\Software\Microsoft\COM3\Eventlog."
"9/1/2026 9:23:01 PM","517","Information","WDSServer","Provider WDSTFTP loaded from C:\Windows\system32\wdstftp.dll and initialized successfully."
"9/1/2026 9:23:00 PM","517","Information","WDSServer","Provider WDSMDMGR loaded from C:\Windows\system32\wdsmdmgr.dll and initialized successfully."
"9/1/2026 9:23:00 PM","326","Information","ESENT","svchost (2192,D,50) WDS: The database engine attached a database (1, C:\RemoteInstall\Stores\Metadata\WDSMD.mdb). (Time=0 seconds) 
 
Saved Cache: 1 0 
Additional Data: lgposAttach = 00000001:00AA:0268,
dbv = 1568.180.400 (9360) 
 
Internal Timing Sequence: 
[1] 0.000002 +J(0)
[2] 0.001037 -0.000891 (1) WT +J(0) +M(C:0K, Fs:24, WS:32K # 0K, PF:32K # 0K, P:32K)
[3] 0.020864 -0.016590 (6) WT +J(CM:0, PgRf:0, Rd:0/0, Dy:0/0, Lg:3480/2) +M(C:0K, Fs:14, WS:24K # 0K, PF:20K # 0K, P:20K)
[4] 0.000055 +J(0)
[5] -
[6] -
[7] -
[8] 0.003248 -0.003039 (2) CM -0.002960 (2) WT +J(CM:2, PgRf:2, Rd:4/2, Dy:0/0, Lg:54/1) +M(C:120K, Fs:46, WS:128K # 0K, PF:140K # 0K, P:140K)
[9] 0.044741 -0.044523 (3) CM -0.044443 (3) WT +J(CM:3, PgRf:16, Rd:0/2, Dy:0/0, Lg:0/0) +M(C:-16K, Fs:40, WS:80K # 0K, PF:208K # 0K, P:208K)
[10] 0.008817 -0.008726 (1) CM -0.008684 (1) WT +J(CM:1, PgRf:35, Rd:0/1, Dy:0/0, Lg:0/0) +M(C:-28K, Fs:5, WS:-8K # 0K, PF:40K # 0K, P:40K)
[11] 0.000011 +J(CM:0, PgRf:1, Rd:0/0, Dy:0/0, Lg:0/0) +M(C:0K, Fs:3, WS:12K # 0K, PF:0K # 0K, P:0K)
[12] 0.000028 +J(CM:0, PgRf:42, Rd:0/0, Dy:0/0, Lg:0/0) +M(C:0K, Fs:1, WS:4K # 0K, PF:0K # 0K, P:0K)
[13] 0.0 +J(0)
[14] 0.0 +J(0)
[15] 0.000003 +J(CM:0, PgRf:1, Rd:0/0, Dy:0/0, Lg:0/0)."
"9/1/2026 9:23:00 PM","105","Information","ESENT","svchost (2192,D,0) WDS: The database engine started a new instance (0). (Time=0 seconds) 
 
Additional Data:
 lgposV2[] = 00000001:0001:0000 - 00000001:00A7:0309 - 00000001:00A8:0000 - 00000001:00A8:0000 (00000000:0000:0000)
cReInits = 48
 
 
Internal Timing Sequence: 
[1] 0.000932 +J(0) +M(C:0K, Fs:180, WS:708K # 708K, PF:4504K # 4504K, P:4504K)
[2] 0.000575 +J(0) +M(C:64K, Fs:141, WS:556K # 556K, PF:1252K # 1252K, P:1252K)
[3] 0.002055 +J(0) +M(C:0K, Fs:14, WS:52K # 52K, PF:68K # 68K, P:68K)
[4] 0.000252 +J(0) +M(C:0K, Fs:21, WS:84K # 84K, PF:224K # 224K, P:224K)
[5] 0.027343 +J(0) +M(C:0K, Fs:9, WS:36K # 36K, PF:16K # 16K, P:16K)
[6] 0.004876 +J(0) +M(C:0K, Fs:24, WS:92K # 92K, PF:16K # 16K, P:16K)
[7] 0.056746 -0.049909 (11) WT +J(0) +M(C:0K, Fs:1299, WS:5188K # 5188K, PF:5128K # 5128K, P:5128K)
[8] 0.344512 -0.277209 (66) WT +J(CM:0, PgRf:0, Rd:0/0, Dy:0/0, Lg:677276/1106) +M(C:0K, Fs:1254, WS:392K # 424K, PF:252K # 284K, P:252K)
[9] 0.000463 +J(0) +M(C:0K, Fs:4, WS:16K # 0K, PF:4K # 0K, P:4K)
[10] 0.042288 -0.040359 (10) WT +J(0) +M(C:0K, Fs:0, WS:-5116K # 0K, PF:-5120K # 0K, P:-5120K)
[11] 0.000029 +J(CM:0, PgRf:0, Rd:0/0, Dy:0/0, Lg:49/1) +M(C:0K, Fs:2, WS:8K # 0K, PF:0K # 0K, P:0K)
[12] 0.000035 +J(0)
[13] 0.330236 -0.003095 (2) CM -0.230899 (30) WT +J(CM:2, PgRf:2, Rd:0/2, Dy:0/0, Lg:8759/5) +M(C:-56K, Fs:1350, WS:44K # 40K, PF:76K # 64K, P:76K)
[14] 0.000027 +J(0)
[15] 0.000029 +J(0)
[16] 0.000638 -0.000484 (1) WT +J(0) +M(C:0K, Fs:2, WS:0K # 0K, PF:0K # 0K, P:0K)."
"9/1/2026 9:23:00 PM","302","Information","ESENT","svchost (2192,U,98) WDS: The database engine has successfully completed recovery steps."
"9/1/2026 9:23:00 PM","301","Information","ESENT","svchost (2192,R,98) WDS: The database engine has finished replaying logfile C:\RemoteInstall\Stores\Metadata\WDS.log. 
 
Processing Stats: 
[1] 0.340188 -0.276369 (63) WT +J(CM:0, PgRf:0, Rd:0/0, Dy:0/0, Lg:677276/1106) +M(C:0K, Fs:1212, WS:232K # 264K, PF:172K # 204K, P:172K). 
Log record of type 'Insert   ' was seen most frequently (277 times)"
"9/1/2026 9:22:59 PM","5615","Information","Microsoft-Windows-WMI","Windows Management Instrumentation Service started sucessfully"
"9/1/2026 9:23:00 PM","335","Information","ESENT","svchost (2192,R,98) WDS: Replay of a Create for database ""C:\RemoteInstall\Stores\Metadata\WDSMD.mdb"" at log position (00000001,0001,0268) was deferred due to AttachFuture.  Additional information:  "
"9/1/2026 9:22:59 PM","300","Information","ESENT","svchost (2192,R,98) WDS: The database engine is initiating recovery steps."
"9/1/2026 9:22:59 PM","102","Information","ESENT","svchost (2192,P,98) WDS: The database engine (10.00.20348.0000) is starting a new instance (0)."
"9/1/2026 9:22:59 PM","517","Information","WDSServer","Provider WDSMC loaded from C:\Windows\system32\wdsmc.dll and initialized successfully."
"9/1/2026 9:22:59 PM","1025","Information","WDSServer","The RPC server started on TCP port 5040. 
"
"9/1/2026 9:22:59 PM","105","Information","VMTools","The service was started."
"9/1/2026 9:22:49 PM","1531","Information","Microsoft-Windows-User Profiles Service","The User Profile Service has started successfully.  

"
"9/1/2026 9:15:25 PM","38","Information","Microsoft-Windows-CertificationAuthority","Active Directory Certificate Services for scaffold-DC-CA was stopped."
"9/1/2026 9:15:24 PM","1532","Information","Microsoft-Windows-User Profiles Service","The User Profile Service has stopped.  

"
"9/1/2026 9:15:24 PM","17147","Information","MSSQL$SQLEXPRESS","SQL Server is terminating because of a system shutdown. This is an informational message only. No user action is required."
"9/1/2026 9:15:24 PM","108","Information","VMTools","The service was stopped."
"9/1/2026 9:15:24 PM","272","Information","VMUpgradeHelper","Saved network configuration."
"9/1/2026 9:15:24 PM","260","Information","VMUpgradeHelper","Saving network configuration."
"9/1/2026 9:15:21 PM","1000","Information","VGAuth","vmtoolsd: Username and password successfully validated for 'Administrator'"
"9/1/2026 9:15:21 PM","1000","Information","VGAuth","vmtoolsd: Username and password successfully validated for 'Administrator'"
"9/1/2026 9:15:21 PM","1000","Information","VGAuth","vmtoolsd: Username and password successfully validated for 'Administrator'"
"9/1/2026 9:15:21 PM","1000","Information","VGAuth","vmtoolsd: Username and password successfully validated for 'Administrator'"
"9/1/2026 9:15:21 PM","1000","Information","VGAuth","vmtoolsd: Username and password successfully validated for 'Administrator'"
"9/1/2026 9:15:21 PM","1000","Information","VGAuth","vmtoolsd: Username and password successfully validated for 'Administrator'"
"9/1/2026 9:15:21 PM","1000","Information","VGAuth","vmtoolsd: Username and password successfully validated for 'Administrator'"
"9/1/2026 9:15:21 PM","1000","Information","VGAuth","vmtoolsd: Username and password successfully validated for 'Administrator'"
"9/1/2026 9:15:20 PM","1000","Information","VGAuth","vmtoolsd: Username and password successfully validated for 'Administrator'"
"9/1/2026 9:15:20 PM","1000","Information","VGAuth","vmtoolsd: Username and password successfully validated for 'Administrator'"
"9/1/2026 9:15:18 PM","1000","Information","VGAuth","vmtoolsd: Username and password successfully validated for 'Administrator'"
"9/1/2026 9:15:17 PM","1000","Information","VGAuth","vmtoolsd: Username and password successfully validated for 'Administrator'"
"9/1/2026 9:15:10 PM","1000","Information","VGAuth","vmtoolsd: Username and password successfully validated for 'Administrator'"
"9/1/2026 9:15:10 PM","1000","Information","VGAuth","vmtoolsd: Username and password successfully validated for 'Administrator'"
"9/1/2026 9:15:10 PM","1000","Information","VGAuth","vmtoolsd: Username and password successfully validated for 'Administrator'"
"9/1/2026 9:15:10 PM","1000","Information","VGAuth","vmtoolsd: Username and password successfully validated for 'Administrator'"
"9/1/2026 9:15:10 PM","1000","Information","VGAuth","vmtoolsd: Username and password successfully validated for 'Administrator'"
"9/1/2026 9:15:10 PM","1000","Information","VGAuth","vmtoolsd: Username and password successfully validated for 'Administrator'"
"9/1/2026 9:15:10 PM","1000","Information","VGAuth","vmtoolsd: Username and password successfully validated for 'Administrator'"
"9/1/2026 9:15:10 PM","1000","Information","VGAuth","vmtoolsd: Username and password successfully validated for 'Administrator'"
"9/1/2026 9:15:08 PM","1000","Information","VGAuth","vmtoolsd: Username and password successfully validated for 'Administrator'"
"9/1/2026 9:15:08 PM","1000","Information","VGAuth","vmtoolsd: Username and password successfully validated for 'Administrator'"
"9/1/2026 9:15:08 PM","1000","Information","VGAuth","vmtoolsd: Username and password successfully validated for 'Administrator'"
"9/1/2026 9:15:08 PM","1000","Information","VGAuth","vmtoolsd: Username and password successfully validated for 'Administrator'"
"9/1/2026 9:15:08 PM","1000","Information","VGAuth","vmtoolsd: Username and password successfully validated for 'Administrator'"
"9/1/2026 9:15:07 PM","1000","Information","VGAuth","vmtoolsd: Username and password successfully validated for 'Administrator'"
"9/1/2026 9:15:07 PM","1000","Information","VGAuth","vmtoolsd: Username and password successfully validated for 'Administrator'"
"9/1/2026 9:14:47 PM","1000","Information","VGAuth","vmtoolsd: Username and password successfully validated for 'Administrator'"
"9/1/2026 9:14:43 PM","1000","Information","VGAuth","vmtoolsd: Username and password successfully validated for 'Administrator'"
"9/1/2026 9:14:43 PM","1000","Information","VGAuth","vmtoolsd: Username and password successfully validated for 'Administrator'"
"9/1/2026 9:14:43 PM","1000","Information","VGAuth","vmtoolsd: Username and password successfully validated for 'Administrator'"
"9/1/2026 9:14:43 PM","1000","Information","VGAuth","vmtoolsd: Username and password successfully validated for 'Administrator'"
"9/1/2026 9:14:43 PM","1000","Information","VGAuth","vmtoolsd: Username and password successfully validated for 'Administrator'"
"9/1/2026 9:14:42 PM","1000","Information","VGAuth","vmtoolsd: Username and password successfully validated for 'Administrator'"
"9/1/2026 9:14:42 PM","1000","Information","VGAuth","vmtoolsd: Username and password successfully validated for 'Administrator'"
"9/1/2026 9:14:39 PM","256","Information","WDSServer","The Windows Deployment Services server started successfully. 
"
"9/1/2026 9:14:39 PM","517","Information","WDSServer","Provider WDSPXE loaded from C:\Windows\system32\wdspxe.dll and initialized successfully."
"9/1/2026 9:14:39 PM","777","Information","WDSPXE","Rogue detection has been disabled for this server. The Windows Deployment  Services server is authorized as a valid DHCP/PXE server and will process incoming client requests."
"9/1/2026 9:14:39 PM","262","Information","WDSPXE","Provider WDSDCPXE was loaded from C:\Windows\system32\wdsdcpxe.dll and initialized successfully."
"9/1/2026 9:14:39 PM","1305","Information","BINLSVC","Combined BCD file x64uefi{DE40917F-D900-4E7F-A413-73C3A0C2DECD}.bcd generated successfully for the x64uefi architecture."
"9/1/2026 9:14:39 PM","1305","Information","BINLSVC","Combined BCD file x86uefi{03B69745-EB43-403D-983A-81F71136F991}.bcd generated successfully for the x86uefi architecture."
"9/1/2026 9:14:39 PM","1305","Information","BINLSVC","Combined BCD file arm{40E02D90-2588-477E-884A-2550E91AA71C}.bcd generated successfully for the arm architecture."
"9/1/2026 9:14:39 PM","1305","Information","BINLSVC","Combined BCD file x86x64{7C216BFC-64B1-42AD-9481-8943A51B2E5D}.bcd generated successfully for the x86x64 architecture."
"9/1/2026 9:14:39 PM","1305","Information","BINLSVC","Combined BCD file arm64{EE4182A2-E13D-4BCF-8F14-8B7BD05BA295}.bcd generated successfully for the arm64 architecture."
"9/1/2026 9:14:39 PM","1305","Information","BINLSVC","Combined BCD file x64{AF6D39E3-0F4B-499E-AD08-9EB623356D0E}.bcd generated successfully for the x64 architecture."
"9/1/2026 9:14:39 PM","1305","Information","BINLSVC","Combined BCD file x86{6818A97A-1780-4250-8BE6-C6159D22F513}.bcd generated successfully for the x86 architecture."
"9/1/2026 9:14:39 PM","326","Information","ESENT","svchost (2444,D,50) AAP: The database engine attached a database (5, C:\RemoteInstall\Mgmt\binlsvcdb.mdb). (Time=0 seconds) 
 
Saved Cache: 1 0 
Additional Data: lgposAttach = 00000001:00B1:0268,
dbv = 1568.180.400 (9360) 
 
Internal Timing Sequence: 
[1] 0.000003 +J(0)
[2] 0.000425 -0.000196 (1) WT +J(0) +M(C:0K, Fs:24, WS:32K # 0K, PF:32K # 0K, P:32K)
[3] 0.005241 -0.002311 (6) WT +J(CM:0, PgRf:0, Rd:0/0, Dy:0/0, Lg:3480/2) +M(C:0K, Fs:14, WS:20K # 0K, PF:20K # 0K, P:20K)
[4] 0.000091 +J(0)
[5] -
[6] -
[7] -
[8] 0.000416 +J(CM:0, PgRf:2, Rd:14/0, Dy:0/0, Lg:54/1) +M(C:112K, Fs:69, WS:276K # 0K, PF:132K # 0K, P:132K)
[9] 0.002349 -0.002120 (2) CM -0.002050 (2) WT +J(CM:2, PgRf:16, Rd:0/1, Dy:0/0, Lg:0/0) +M(C:-80K, Fs:2, WS:-72K # 0K, PF:-72K # 0K, P:-72K)
[10] 0.000490 -0.000368 (1) CM -0.000331 (1) WT +J(CM:1, PgRf:35, Rd:0/1, Dy:0/0, Lg:0/0) +M(C:0K, Fs:7, WS:0K # 0K, PF:0K # 0K, P:0K)
[11] 0.000011 +J(CM:0, PgRf:1, Rd:0/0, Dy:0/0, Lg:0/0)
[12] 0.000039 +J(CM:0, PgRf:42, Rd:0/0, Dy:0/0, Lg:0/0)
[13] 0.0 +J(0)
[14] 0.0 +J(0)
[15] 0.000005 +J(CM:0, PgRf:1, Rd:0/0, Dy:0/0, Lg:0/0)."
"9/1/2026 9:14:39 PM","105","Information","ESENT","svchost (2444,D,0) AAP: The database engine started a new instance (2). (Time=0 seconds) 
 
Additional Data:
 lgposV2[] = 00000001:0001:0000 - 00000001:00AE:02FB - 00000001:00AF:0000 - 00000001:00AF:0000 (00000000:0000:0000)
cReInits = 47
 
 
Internal Timing Sequence: 
[1] -
[2] -
[3] 0.000518 +J(0) +M(C:0K, Fs:3, WS:12K # 0K, PF:0K # 0K, P:0K)
[4] 0.000144 +J(0) +M(C:0K, Fs:8, WS:32K # 0K, PF:160K # 0K, P:160K)
[5] 0.000940 +J(0) +M(C:0K, Fs:7, WS:28K # 0K, PF:12K # 0K, P:12K)
[6] 0.002070 +J(0) +M(C:0K, Fs:2, WS:8K # 0K, PF:16K # 0K, P:16K)
[7] 0.024347 -0.018913 (11) WT +J(0) +M(C:0K, Fs:1283, WS:5120K # 1796K, PF:5132K # 976K, P:5132K)
[8] 0.050660 -0.028936 (65) WT +J(CM:0, PgRf:0, Rd:0/0, Dy:0/0, Lg:705678/1265) +M(C:0K, Fs:1179, WS:196K # 240K, PF:68K # 112K, P:68K)
[9] 0.000501 +J(0)
[10] 0.020732 -0.018580 (10) WT +J(0) +M(C:0K, Fs:2, WS:-5112K # 0K, PF:-5120K # 0K, P:-5120K)
[11] 0.000021 +J(CM:0, PgRf:0, Rd:0/0, Dy:0/0, Lg:49/1) +M(C:0K, Fs:1, WS:4K # 0K, PF:0K # 0K, P:0K)
[12] 0.000038 +J(0)
[13] 0.049061 -0.000691 (2) CM -0.034967 (31) WT +J(CM:2, PgRf:2, Rd:0/2, Dy:0/0, Lg:8759/5) +M(C:-56K, Fs:1326, WS:-52K # 0K, PF:-120K # 0K, P:-120K)
[14] 0.000026 +J(0)
[15] 0.000025 +J(0)
[16] 0.000421 -0.000277 (1) WT +J(0) +M(C:0K, Fs:2, WS:0K # 0K, PF:0K # 0K, P:0K)."
"9/1/2026 9:14:39 PM","302","Information","ESENT","svchost (2444,U,98) AAP: The database engine has successfully completed recovery steps."
"9/1/2026 9:14:39 PM","301","Information","ESENT","svchost (2444,R,98) AAP: The database engine has finished replaying logfile C:\RemoteInstall\Mgmt\AAP.log. 
 
Processing Stats: 
[1] 0.048177 -0.027992 (62) WT +J(CM:0, PgRf:0, Rd:0/0, Dy:0/0, Lg:705678/1265) +M(C:0K, Fs:1143, WS:60K # 104K, PF:60K # 96K, P:60K). 
Log record of type 'Insert   ' was seen most frequently (326 times)"
"9/1/2026 9:14:39 PM","335","Information","ESENT","svchost (2444,R,98) AAP: Replay of a Create for database ""C:\RemoteInstall\Mgmt\binlsvcdb.mdb"" at log position (00000001,0001,0268) was deferred due to AttachFuture.  Additional information:  "
"9/1/2026 9:14:39 PM","300","Information","ESENT","svchost (2444,R,98) AAP: The database engine is initiating recovery steps."
"9/1/2026 9:14:39 PM","102","Information","ESENT","svchost (2444,P,98) AAP: The database engine (10.00.20348.0000) is starting a new instance (2)."
"9/1/2026 9:14:38 PM","517","Information","WDSServer","Provider WdsImgSrv loaded from C:\Windows\system32\WdsImgSrv.dll and initialized successfully."
"9/1/2026 9:14:38 PM","256","Information","WDSIMGSRV","The Windows Deployment Services image server initialized successfully. 
"
"9/1/2026 9:14:35 PM","1000","Information","VGAuth","vmtoolsd: Username and password successfully validated for 'Administrator'"
"9/1/2026 9:14:34 PM","517","Information","WDSServer","Provider WDSDDPS loaded from C:\Windows\system32\wdsddps.dll and initialized successfully."
"9/1/2026 9:14:34 PM","326","Information","ESENT","svchost (2444,D,50) DDP: The database engine attached a database (3, C:\RemoteInstall\Stores\Drivers\Metadata\DdpDb.mdb). (Time=0 seconds) 
 
Saved Cache: 1 0 
Additional Data: lgposAttach = 00000001:00DF:0268,
dbv = 1568.180.400 (9360) 
 
Internal Timing Sequence: 
[1] 0.000003 +J(0)
[2] 0.000483 -0.000227 (1) WT +J(0) +M(C:0K, Fs:24, WS:32K # 0K, PF:32K # 0K, P:32K)
[3] 0.004554 -0.002030 (6) WT +J(CM:0, PgRf:0, Rd:0/0, Dy:0/0, Lg:3480/2) +M(C:0K, Fs:13, WS:20K # 0K, PF:20K # 0K, P:20K)
[4] 0.000084 +J(0)
[5] -
[6] -
[7] -
[8] 0.000346 +J(CM:0, PgRf:2, Rd:8/0, Dy:0/0, Lg:54/1) +M(C:104K, Fs:52, WS:208K # 0K, PF:124K # 0K, P:124K)
[9] 0.004087 -0.003853 (2) CM -0.003789 (2) WT +J(CM:2, PgRf:16, Rd:0/1, Dy:0/0, Lg:0/0) +M(C:-12K, Fs:9, WS:-40K # 0K, PF:-12K # 0K, P:-12K)
[10] 0.000452 -0.000329 (1) CM -0.000293 (1) WT +J(CM:1, PgRf:35, Rd:0/1, Dy:0/0, Lg:0/0) +M(C:-28K, Fs:9, WS:8K # 0K, PF:-28K # 0K, P:-28K)
[11] 0.000010 +J(CM:0, PgRf:1, Rd:0/0, Dy:0/0, Lg:0/0)
[12] 0.000039 +J(CM:0, PgRf:42, Rd:0/0, Dy:0/0, Lg:0/0)
[13] 0.0 +J(0)
[14] 0.0 +J(0)
[15] 0.000005 +J(CM:0, PgRf:1, Rd:0/0, Dy:0/0, Lg:0/0)."
"9/1/2026 9:14:34 PM","105","Information","ESENT","svchost (2444,D,0) DDP: The database engine started a new instance (1). (Time=0 seconds) 
 
Additional Data:
 lgposV2[] = 00000001:0001:0000 - 00000001:00DC:0319 - 00000001:00DD:0000 - 00000001:00DD:0000 (00000000:0000:0000)
cReInits = 47
 
 
Internal Timing Sequence: 
[1] -
[2] -
[3] 0.000236 +J(0) +M(C:0K, Fs:3, WS:12K # 12K, PF:0K # 0K, P:0K)
[4] 0.000145 +J(0) +M(C:0K, Fs:11, WS:44K # 44K, PF:160K # 0K, P:160K)
[5] 0.000615 +J(0) +M(C:0K, Fs:4, WS:16K # 16K, PF:16K # 0K, P:16K)
[6] 0.002001 +J(0) +M(C:0K, Fs:2, WS:8K # 8K, PF:16K # 0K, P:16K)
[7] 0.028243 -0.023692 (11) WT +J(0) +M(C:0K, Fs:1283, WS:5120K # 5120K, PF:5132K # 4420K, P:5132K)
[8] 0.064449 -0.040779 (65) WT +J(CM:0, PgRf:0, Rd:0/0, Dy:0/0, Lg:892254/1760) +M(C:0K, Fs:1177, WS:188K # 232K, PF:64K # 108K, P:64K)
[9] 0.000617 +J(0)
[10] 0.019733 -0.017470 (10) WT +J(0) +M(C:0K, Fs:1, WS:-5112K # 0K, PF:-5124K # 0K, P:-5124K)
[11] 0.000021 +J(CM:0, PgRf:0, Rd:0/0, Dy:0/0, Lg:49/1) +M(C:0K, Fs:1, WS:4K # 0K, PF:0K # 0K, P:0K)
[12] 0.000034 +J(0)
[13] 0.044563 -0.001355 (2) CM -0.030109 (30) WT +J(CM:2, PgRf:2, Rd:0/2, Dy:0/0, Lg:8759/5) +M(C:-56K, Fs:1327, WS:-48K # 0K, PF:-112K # 0K, P:-112K)
[14] 0.000021 +J(0)
[15] 0.000030 +J(0)
[16] 0.003305 -0.003140 (1) WT +J(0) +M(C:0K, Fs:2, WS:0K # 0K, PF:0K # 0K, P:0K)."
"9/1/2026 9:14:34 PM","302","Information","ESENT","svchost (2444,U,98) DDP: The database engine has successfully completed recovery steps."
"9/1/2026 9:14:34 PM","301","Information","ESENT","svchost (2444,R,98) DDP: The database engine has finished replaying logfile C:\RemoteInstall\Stores\Drivers\Metadata\DDP.log. 
 
Processing Stats: 
[1] 0.061603 -0.039415 (62) WT +J(CM:0, PgRf:0, Rd:0/0, Dy:0/0, Lg:892254/1760) +M(C:0K, Fs:1142, WS:56K # 100K, PF:56K # 92K, P:56K). 
Log record of type 'Insert   ' was seen most frequently (479 times)"
"9/1/2026 9:14:34 PM","335","Information","ESENT","svchost (2444,R,98) DDP: Replay of a Create for database ""C:\RemoteInstall\Stores\Drivers\Metadata\DdpDb.mdb"" at log position (00000001,0001,0268) was deferred due to AttachFuture.  Additional information:  "
"9/1/2026 9:14:34 PM","300","Information","ESENT","svchost (2444,R,98) DDP: The database engine is initiating recovery steps."
"9/1/2026 9:14:34 PM","102","Information","ESENT","svchost (2444,P,98) DDP: The database engine (10.00.20348.0000) is starting a new instance (1)."
"9/1/2026 9:14:34 PM","517","Information","WDSServer","Provider WDSDCPXE loaded from C:\Windows\system32\wdsdcpxe.dll and initialized successfully."
"9/1/2026 9:14:34 PM","517","Information","WDSServer","Provider WDSDCMGR loaded from C:\Windows\system32\wdsdcmgr.dll and initialized successfully."
"9/1/2026 9:14:32 PM","1000","Information","VGAuth","vmtoolsd: Username and password mismatch for 'Administrator'"
"9/1/2026 9:14:30 PM","1000","Information","VGAuth","vmtoolsd: Username and password mismatch for 'Administrator'"
"9/1/2026 9:14:29 PM","1001","Information","Windows Error Reporting","Fault bucket 1442762491030200705, type 5
Event Name: CbsPackageServicingFailure2
Response: Not available
Cab Id: 0

Problem signature:
P1: 10.0.20348.5480
P2: Package_for_RollupFix
P3: 20348.5499.1.21
P4: amd64
P5: unknown
P6: 80070070
P7: Execute
P8: Staged
P9: Installed
P10: UpdateAgentLCU

Attached files:
\\?\C:\ProgramData\Microsoft\Windows\WER\Temp\WER.b4c78c6c-0e08-44ca-906b-f84cf38f8576.tmp.WERInternalMetadata.xml

These files may be available here:
\\?\C:\ProgramData\Microsoft\Windows\WER\ReportArchive\Critical_10.0.20348.5480_d2cf452ac1645ca5320f5d7d8bfe041415f49b0_00000000_44ff950f-d459-49a7-a622-eca9ea7acfb3

Analysis symbol: 
Rechecking for solution: 0
Report Id: 44ff950f-d459-49a7-a622-eca9ea7acfb3
Report Status: 268435456
Hashed bucket: 0bbd874d3365f4c86405b8d76d1ce181
Cab Guid: 0"
"9/1/2026 9:14:28 PM","1000","Information","VGAuth","vmtoolsd: Username and password mismatch for 'Administrator'"
"9/1/2026 9:14:28 PM","1001","Information","Windows Error Reporting","Fault bucket 2089970967661807981, type 5
Event Name: WindowsWcpOtherFailure3
Response: Not available
Cab Id: 0

Problem signature:
P1: 10.0.20348.5480:2
P2: wcp\sil\ntsystem.cpp
P3: Windows::Rtl::SystemImplementation::DirectFileSystemProvider::SysCreateFile
P4: 2823
P5: c000007f
P6: 0x80a68870
P7: 
P8: 
P9: 
P10: 

Attached files:
\\?\C:\ProgramData\Microsoft\Windows\WER\Temp\WER.098083be-4dad-4b7f-bc6c-d640ecf7b4d2.tmp.WERInternalMetadata.xml

These files may be available here:
\\?\C:\ProgramData\Microsoft\Windows\WER\ReportArchive\Critical_10.0.20348.5480__a6484b7dd292e8d73faf3ead8d1ba774d63eec_00000000_27e8e433-ad75-43b7-bd5f-9d8c80618b57

Analysis symbol: 
Rechecking for solution: 0
Report Id: 27e8e433-ad75-43b7-bd5f-9d8c80618b57
Report Status: 268435456
Hashed bucket: a3f41daa2d46d38dad0111859e5c896d
Cab Guid: 0"
"9/1/2026 9:14:26 PM","1000","Information","VGAuth","vmtoolsd: Username and password mismatch for 'Administrator'"
"9/1/2026 9:14:25 PM","3408","Information","MSSQL$SQLEXPRESS","Recovery is complete. This is an informational message only. No user action is required."
"9/1/2026 9:14:25 PM","9688","Information","MSSQL$SQLEXPRESS","Service Broker manager has started."
"9/1/2026 9:14:25 PM","9666","Information","MSSQL$SQLEXPRESS","The Database Mirroring endpoint is in disabled or stopped state."
"9/1/2026 9:14:25 PM","9666","Information","MSSQL$SQLEXPRESS","The Service Broker endpoint is in disabled or stopped state."
"9/1/2026 9:14:25 PM","17137","Information","MSSQL$SQLEXPRESS","Starting up database 'tempdb'."
"9/1/2026 9:14:25 PM","17136","Information","MSSQL$SQLEXPRESS","Clearing tempdb database."
"9/1/2026 9:14:25 PM","26067","Information","MSSQL$SQLEXPRESS","The SQL Server Network Interface library could not register the Service Principal Name (SPN) [ MSSQLSvc/dc.scaffold.htb:52951 ] for the SQL Server service. Windows return code: 0x54b, state: 3. Failure to register a SPN might cause integrated authentication to use NTLM instead of Kerberos. This is an informational message. Further action is only required if Kerberos authentication is required by authentication policies and if the SPN has not been manually registered."
"9/1/2026 9:14:25 PM","26067","Information","MSSQL$SQLEXPRESS","The SQL Server Network Interface library could not register the Service Principal Name (SPN) [ MSSQLSvc/dc.scaffold.htb:SQLEXPRESS ] for the SQL Server service. Windows return code: 0x54b, state: 3. Failure to register a SPN might cause integrated authentication to use NTLM instead of Kerberos. This is an informational message. Further action is only required if Kerberos authentication is required by authentication policies and if the SPN has not been manually registered."
"9/1/2026 9:14:25 PM","26076","Information","MSSQL$SQLEXPRESS","SQL Server is attempting to register a Service Principal Name (SPN) for the SQL Server service. Kerberos authentication will not be possible until a SPN is registered for the SQL Server service. This is an informational message. No user action is required."
"9/1/2026 9:14:25 PM","17126","Information","MSSQL$SQLEXPRESS","SQL Server is now ready for client connections. This is an informational message; no user action is required."
"9/1/2026 9:14:25 PM","17199","Information","MSSQL$SQLEXPRESS","Dedicated administrator connection support was not started because it is disabled on this edition of SQL Server. If you want to use a dedicated administrator connection, restart SQL Server using the trace flag 7806. This is an informational message only. No user action is required."
"9/1/2026 9:14:25 PM","26048","Information","MSSQL$SQLEXPRESS","Server local connection provider is ready to accept connection on [ \\.\pipe\MSSQL$SQLEXPRESS\sql\query ]."
"9/1/2026 9:14:25 PM","26048","Information","MSSQL$SQLEXPRESS","Server local connection provider is ready to accept connection on [ \\.\pipe\SQLLocal\SQLEXPRESS ]."
"9/1/2026 9:14:25 PM","26022","Information","MSSQL$SQLEXPRESS","Server is listening on [ 'any' <ipv4> 52951]."
"9/1/2026 9:14:25 PM","26022","Information","MSSQL$SQLEXPRESS","Server is listening on [ 'any' <ipv6> 52951]."
"9/1/2026 9:14:25 PM","26018","Information","MSSQL$SQLEXPRESS","A self-generated certificate was successfully loaded for encryption."
"9/1/2026 9:14:25 PM","17137","Information","MSSQL$SQLEXPRESS","Starting up database 'model'."
"9/1/2026 9:14:25 PM","958","Information","MSSQL$SQLEXPRESS","The resource database build version is 15.00.2000. This is an informational message only. No user action is required."
"9/1/2026 9:14:25 PM","17137","Information","MSSQL$SQLEXPRESS","Starting up database 'mssqlsystemresource'."
"9/1/2026 9:14:25 PM","17137","Information","MSSQL$SQLEXPRESS","Starting up database 'msdb'."
"9/1/2026 9:14:25 PM","17663","Information","MSSQL$SQLEXPRESS","Server name is 'DC\SQLEXPRESS'. This is an informational message only. No user action is required."
"9/1/2026 9:14:24 PM","19030","Information","MSSQL$SQLEXPRESS","SQL Trace ID 1 was started by login ""sa""."
"9/1/2026 9:14:24 PM","33218","Information","MSSQL$SQLEXPRESS","SQL Server Audit has started the audits. This is an informational message. No user action is required."
"9/1/2026 9:14:24 PM","33217","Information","MSSQL$SQLEXPRESS","SQL Server Audit is starting the audits. This is an informational message. No user action is required."
"9/1/2026 9:14:24 PM","1000","Information","VGAuth","vmtoolsd: Username and password mismatch for 'Administrator'"
"9/1/2026 9:14:23 PM","6253","Information","MSSQL$SQLEXPRESS","Common language runtime (CLR) functionality initialized using CLR version v4.0.30319 from C:\Windows\Microsoft.NET\Framework64\v4.0.30319\."
"9/1/2026 9:14:22 PM","17137","Information","MSSQL$SQLEXPRESS","Starting up database 'master'."
"9/1/2026 9:14:22 PM","49910","Information","MSSQL$SQLEXPRESS","Software Usage Metrics is disabled."
"9/1/2026 9:14:22 PM","9048","Information","MSSQL$SQLEXPRESS","clwb is selected for pmem flush operation."
"9/1/2026 9:14:22 PM","49921","Information","MSSQL$SQLEXPRESS","Total Log Writer threads: 1. This is an informational message; no user action is required."
"9/1/2026 9:14:22 PM","17118","Information","MSSQL$SQLEXPRESS","Database Instant File Initialization: disabled. For security and performance considerations see the topic 'Database Instant File Initialization' in SQL Server Books Online. This is an informational message only. No user action is required."
"9/1/2026 9:14:22 PM","17125","Information","MSSQL$SQLEXPRESS","Using dynamic lock allocation.  Initial allocation of 2500 Lock blocks and 5000 Lock Owner blocks per node.  This is an informational message only.  No user action is required."
"9/1/2026 9:14:21 PM","17152","Information","MSSQL$SQLEXPRESS","Node configuration: node 0: CPU mask: 0x0000000000000003:0 Active CPU mask: 0x0000000000000003:0. This message provides a description of the NUMA configuration for this computer. This is an informational message only. No user action is required."
"9/1/2026 9:14:21 PM","17176","Information","MSSQL$SQLEXPRESS","This instance of SQL Server last reported using a process ID of 4512 at 9/1/2026 9:11:26 PM (local) 9/2/2026 4:11:26 AM (UTC). This is an informational message only; no user action is required."
"9/1/2026 9:14:21 PM","17811","Information","MSSQL$SQLEXPRESS","The maximum number of dedicated administrator connections for this instance is '1'"
"9/1/2026 9:14:21 PM","1000","Information","VGAuth","vmtoolsd: Username and password mismatch for 'Administrator'"
"9/1/2026 9:14:20 PM","26","Information","Microsoft-Windows-CertificationAuthority","Active Directory Certificate Services for scaffold-DC-CA was started.  DC="
"9/1/2026 9:14:20 PM","44","Error","Microsoft-Windows-CertificationAuthority","The ""Windows default"" Policy Module ""Initialize"" method returned an error. The specified domain either does not exist or could not be contacted. The returned status code is 0x8007054b (1355).  The Active Directory containing the Certification Authority could not be contacted.
"
"9/1/2026 9:14:21 PM","873","Information","MSSQL$SQLEXPRESS","Buffer pool extension is already disabled. No action is necessary."
"9/1/2026 9:14:20 PM","4202","Information","Microsoft-Windows-MSDTC 2","MSDTC started with the following settings: Security Configuration (OFF = 0 and ON = 1): Allow Remote Administrator = 0, Network Clients = 0, Transaction Manager Communication:  Allow Inbound Transactions = 0, Allow Outbound Transactions = 0, Transaction Internet Protocol (TIP) = 0,  Enable XA Transactions = 0,  Enable SNA LU 6.2 Transactions = 1,  MSDTC Communications Security = Mutual Authentication Required, Account = NT AUTHORITY\NetworkService,  Firewall Exclusion Detected = 0 Transaction Bridge Installed = 0 Filtering Duplicate Events = 1"
"9/1/2026 9:14:20 PM","79","Warning","Microsoft-Windows-CertificationAuthority","Active Directory Certificate Services could not publish a Certificate for request 0 to the following location: ldap:///CN=scaffold-DC-CA,CN=AIA,CN=Public Key Services,CN=Services,CN=Configuration,DC=scaffold,DC=htb.  The specified server cannot perform the requested operation. 0x8007003a (WIN32: 58 ERROR_BAD_NET_RESP)."
"9/1/2026 9:14:20 PM","79","Warning","Microsoft-Windows-CertificationAuthority","Active Directory Certificate Services could not publish a Certificate for request 0 to the following location: ldap:///CN=scaffold-DC-CA,CN=AIA,CN=Public Key Services,CN=Services,CN=Configuration,DC=scaffold,DC=htb.  The specified server cannot perform the requested operation. 0x8007003a (WIN32: 58 ERROR_BAD_NET_RESP)."
