"9/20/2026 6:26:41 AM","200","Information","Microsoft-Windows-TaskScheduler","Task Scheduler launched action ""powershell.exe"" in instance ""{9d0fdf28-ced8-4931-aad9-4faa9fd1968b}"" of task ""\Scaffold\ScaffoldDeployEngine""."
"9/20/2026 6:26:41 AM","100","Information","Microsoft-Windows-TaskScheduler","Task Scheduler started ""{9d0fdf28-ced8-4931-aad9-4faa9fd1968b}"" instance of the ""\Scaffold\ScaffoldDeployEngine"" task for user ""NT AUTHORITY\SYSTEM""."
"9/20/2026 6:26:41 AM","129","Information","Microsoft-Windows-TaskScheduler","Task Scheduler launch task ""\Scaffold\ScaffoldDeployEngine"" , instance ""powershell.exe""  with process ID 1944."
"9/20/2026 6:26:41 AM","107","Information","Microsoft-Windows-TaskScheduler","Task Scheduler launched ""{9d0fdf28-ced8-4931-aad9-4faa9fd1968b}""  instance of task ""\Scaffold\ScaffoldDeployEngine"" due to a time trigger condition."
"9/20/2026 6:24:42 AM","102","Information","Microsoft-Windows-TaskScheduler","Task Scheduler successfully finished ""{ac856b8a-b93e-4aaf-9eb8-90e5f231667a}"" instance of the ""\Scaffold\ScaffoldDeployEngine"" task for user ""NT AUTHORITY\SYSTEM""."
"9/20/2026 6:24:42 AM","201","Information","Microsoft-Windows-TaskScheduler","Task Scheduler successfully completed task ""\Scaffold\ScaffoldDeployEngine"" , instance ""{ac856b8a-b93e-4aaf-9eb8-90e5f231667a}"" , action ""powershell.exe"" with return code 0."
"9/20/2026 6:24:41 AM","200","Information","Microsoft-Windows-TaskScheduler","Task Scheduler launched action ""powershell.exe"" in instance ""{ac856b8a-b93e-4aaf-9eb8-90e5f231667a}"" of task ""\Scaffold\ScaffoldDeployEngine""."
"9/20/2026 6:24:41 AM","100","Information","Microsoft-Windows-TaskScheduler","Task Scheduler started ""{ac856b8a-b93e-4aaf-9eb8-90e5f231667a}"" instance of the ""\Scaffold\ScaffoldDeployEngine"" task for user ""NT AUTHORITY\SYSTEM""."
"9/20/2026 6:24:41 AM","129","Information","Microsoft-Windows-TaskScheduler","Task Scheduler launch task ""\Scaffold\ScaffoldDeployEngine"" , instance ""powershell.exe""  with process ID 2116."
"9/20/2026 6:24:41 AM","107","Information","Microsoft-Windows-TaskScheduler","Task Scheduler launched ""{ac856b8a-b93e-4aaf-9eb8-90e5f231667a}""  instance of task ""\Scaffold\ScaffoldDeployEngine"" due to a time trigger condition."
"9/20/2026 6:24:04 AM","102","Information","Microsoft-Windows-TaskScheduler","Task Scheduler successfully finished ""{53c3d7ad-c67c-45a6-b584-99d17f7865b2}"" instance of the ""\Microsoft\Windows\UpdateOrchestrator\Schedule Scan Static Task"" task for user ""NT AUTHORITY\SYSTEM""."
"9/20/2026 6:24:04 AM","201","Information","Microsoft-Windows-TaskScheduler","Task Scheduler successfully completed task ""\Microsoft\Windows\UpdateOrchestrator\Schedule Scan Static Task"" , instance ""{53c3d7ad-c67c-45a6-b584-99d17f7865b2}"" , action ""%systemroot%\system32\usoclient.exe"" with return code 0."
"9/20/2026 6:24:04 AM","322","Warning","Microsoft-Windows-TaskScheduler","Task Scheduler did not launch task ""\Microsoft\Windows\UpdateOrchestrator\Schedule Scan Static Task""  because instance ""{53c3d7ad-c67c-45a6-b584-99d17f7865b2}""  of the same task is already running."
"9/20/2026 6:24:04 AM","200","Information","Microsoft-Windows-TaskScheduler","Task Scheduler launched action ""%systemroot%\system32\usoclient.exe"" in instance ""{53c3d7ad-c67c-45a6-b584-99d17f7865b2}"" of task ""\Microsoft\Windows\UpdateOrchestrator\Schedule Scan Static Task""."
"9/20/2026 6:24:04 AM","100","Information","Microsoft-Windows-TaskScheduler","Task Scheduler started ""{53c3d7ad-c67c-45a6-b584-99d17f7865b2}"" instance of the ""\Microsoft\Windows\UpdateOrchestrator\Schedule Scan Static Task"" task for user ""NT AUTHORITY\SYSTEM""."
"9/20/2026 6:24:04 AM","129","Information","Microsoft-Windows-TaskScheduler","Task Scheduler launch task ""\Microsoft\Windows\UpdateOrchestrator\Schedule Scan Static Task"" , instance ""%systemroot%\system32\usoclient.exe""  with process ID 3536."
"9/20/2026 6:22:43 AM","102","Information","Microsoft-Windows-TaskScheduler","Task Scheduler successfully finished ""{ada5a13c-df78-46c2-b4eb-45e53b55777a}"" instance of the ""\Scaffold\ScaffoldDeployEngine"" task for user ""NT AUTHORITY\SYSTEM""."
"9/20/2026 6:22:43 AM","201","Information","Microsoft-Windows-TaskScheduler","Task Scheduler successfully completed task ""\Scaffold\ScaffoldDeployEngine"" , instance ""{ada5a13c-df78-46c2-b4eb-45e53b55777a}"" , action ""powershell.exe"" with return code 0."
"9/20/2026 6:22:41 AM","200","Information","Microsoft-Windows-TaskScheduler","Task Scheduler launched action ""powershell.exe"" in instance ""{ada5a13c-df78-46c2-b4eb-45e53b55777a}"" of task ""\Scaffold\ScaffoldDeployEngine""."
"9/20/2026 6:22:41 AM","100","Information","Microsoft-Windows-TaskScheduler","Task Scheduler started ""{ada5a13c-df78-46c2-b4eb-45e53b55777a}"" instance of the ""\Scaffold\ScaffoldDeployEngine"" task for user ""NT AUTHORITY\SYSTEM""."
"9/20/2026 6:22:41 AM","129","Information","Microsoft-Windows-TaskScheduler","Task Scheduler launch task ""\Scaffold\ScaffoldDeployEngine"" , instance ""powershell.exe""  with process ID 2520."
"9/20/2026 6:22:41 AM","107","Information","Microsoft-Windows-TaskScheduler","Task Scheduler launched ""{ada5a13c-df78-46c2-b4eb-45e53b55777a}""  instance of task ""\Scaffold\ScaffoldDeployEngine"" due to a time trigger condition."
"9/20/2026 6:20:42 AM","102","Information","Microsoft-Windows-TaskScheduler","Task Scheduler successfully finished ""{84e4e1a1-9b4d-43d4-ad6a-204b88f464b9}"" instance of the ""\Scaffold\ScaffoldDeployEngine"" task for user ""NT AUTHORITY\SYSTEM""."
"9/20/2026 6:20:42 AM","201","Information","Microsoft-Windows-TaskScheduler","Task Scheduler successfully completed task ""\Scaffold\ScaffoldDeployEngine"" , instance ""{84e4e1a1-9b4d-43d4-ad6a-204b88f464b9}"" , action ""powershell.exe"" with return code 0."
"9/20/2026 6:20:41 AM","200","Information","Microsoft-Windows-TaskScheduler","Task Scheduler launched action ""powershell.exe"" in instance ""{84e4e1a1-9b4d-43d4-ad6a-204b88f464b9}"" of task ""\Scaffold\ScaffoldDeployEngine""."
"9/20/2026 6:20:41 AM","100","Information","Microsoft-Windows-TaskScheduler","Task Scheduler started ""{84e4e1a1-9b4d-43d4-ad6a-204b88f464b9}"" instance of the ""\Scaffold\ScaffoldDeployEngine"" task for user ""NT AUTHORITY\SYSTEM""."
"9/20/2026 6:20:41 AM","129","Information","Microsoft-Windows-TaskScheduler","Task Scheduler launch task ""\Scaffold\ScaffoldDeployEngine"" , instance ""powershell.exe""  with process ID 3636."
"9/20/2026 6:20:41 AM","107","Information","Microsoft-Windows-TaskScheduler","Task Scheduler launched ""{84e4e1a1-9b4d-43d4-ad6a-204b88f464b9}""  instance of task ""\Scaffold\ScaffoldDeployEngine"" due to a time trigger condition."
"9/20/2026 6:18:42 AM","102","Information","Microsoft-Windows-TaskScheduler","Task Scheduler successfully finished ""{3f79a99b-2fbf-477e-b120-06b4b98654d5}"" instance of the ""\Scaffold\ScaffoldDeployEngine"" task for user ""NT AUTHORITY\SYSTEM""."
"9/20/2026 6:18:42 AM","201","Information","Microsoft-Windows-TaskScheduler","Task Scheduler successfully completed task ""\Scaffold\ScaffoldDeployEngine"" , instance ""{3f79a99b-2fbf-477e-b120-06b4b98654d5}"" , action ""powershell.exe"" with return code 0."
"9/20/2026 6:18:41 AM","200","Information","Microsoft-Windows-TaskScheduler","Task Scheduler launched action ""powershell.exe"" in instance ""{3f79a99b-2fbf-477e-b120-06b4b98654d5}"" of task ""\Scaffold\ScaffoldDeployEngine""."
"9/20/2026 6:18:41 AM","100","Information","Microsoft-Windows-TaskScheduler","Task Scheduler started ""{3f79a99b-2fbf-477e-b120-06b4b98654d5}"" instance of the ""\Scaffold\ScaffoldDeployEngine"" task for user ""NT AUTHORITY\SYSTEM""."
"9/20/2026 6:18:41 AM","129","Information","Microsoft-Windows-TaskScheduler","Task Scheduler launch task ""\Scaffold\ScaffoldDeployEngine"" , instance ""powershell.exe""  with process ID 3140."
"9/20/2026 6:18:41 AM","107","Information","Microsoft-Windows-TaskScheduler","Task Scheduler launched ""{3f79a99b-2fbf-477e-b120-06b4b98654d5}""  instance of task ""\Scaffold\ScaffoldDeployEngine"" due to a time trigger condition."
"9/20/2026 6:16:42 AM","102","Information","Microsoft-Windows-TaskScheduler","Task Scheduler successfully finished ""{d265edf1-3ff4-4b63-9a6a-795d688f0dcc}"" instance of the ""\Scaffold\ScaffoldDeployEngine"" task for user ""NT AUTHORITY\SYSTEM""."
"9/20/2026 6:16:42 AM","201","Information","Microsoft-Windows-TaskScheduler","Task Scheduler successfully completed task ""\Scaffold\ScaffoldDeployEngine"" , instance ""{d265edf1-3ff4-4b63-9a6a-795d688f0dcc}"" , action ""powershell.exe"" with return code 0."
"9/20/2026 6:16:41 AM","200","Information","Microsoft-Windows-TaskScheduler","Task Scheduler launched action ""powershell.exe"" in instance ""{d265edf1-3ff4-4b63-9a6a-795d688f0dcc}"" of task ""\Scaffold\ScaffoldDeployEngine""."
"9/20/2026 6:16:41 AM","100","Information","Microsoft-Windows-TaskScheduler","Task Scheduler started ""{d265edf1-3ff4-4b63-9a6a-795d688f0dcc}"" instance of the ""\Scaffold\ScaffoldDeployEngine"" task for user ""NT AUTHORITY\SYSTEM""."
"9/20/2026 6:16:41 AM","129","Information","Microsoft-Windows-TaskScheduler","Task Scheduler launch task ""\Scaffold\ScaffoldDeployEngine"" , instance ""powershell.exe""  with process ID 4640."
"9/20/2026 6:16:41 AM","107","Information","Microsoft-Windows-TaskScheduler","Task Scheduler launched ""{d265edf1-3ff4-4b63-9a6a-795d688f0dcc}""  instance of task ""\Scaffold\ScaffoldDeployEngine"" due to a time trigger condition."
"9/20/2026 6:14:42 AM","102","Information","Microsoft-Windows-TaskScheduler","Task Scheduler successfully finished ""{1d28fb20-7a29-42ce-ad6c-644b8860bda1}"" instance of the ""\Scaffold\ScaffoldDeployEngine"" task for user ""NT AUTHORITY\SYSTEM""."
"9/20/2026 6:14:42 AM","201","Information","Microsoft-Windows-TaskScheduler","Task Scheduler successfully completed task ""\Scaffold\ScaffoldDeployEngine"" , instance ""{1d28fb20-7a29-42ce-ad6c-644b8860bda1}"" , action ""powershell.exe"" with return code 0."
"9/20/2026 6:14:41 AM","200","Information","Microsoft-Windows-TaskScheduler","Task Scheduler launched action ""powershell.exe"" in instance ""{1d28fb20-7a29-42ce-ad6c-644b8860bda1}"" of task ""\Scaffold\ScaffoldDeployEngine""."
"9/20/2026 6:14:41 AM","100","Information","Microsoft-Windows-TaskScheduler","Task Scheduler started ""{1d28fb20-7a29-42ce-ad6c-644b8860bda1}"" instance of the ""\Scaffold\ScaffoldDeployEngine"" task for user ""NT AUTHORITY\SYSTEM""."
"9/20/2026 6:14:41 AM","129","Information","Microsoft-Windows-TaskScheduler","Task Scheduler launch task ""\Scaffold\ScaffoldDeployEngine"" , instance ""powershell.exe""  with process ID 3140."
"9/20/2026 6:14:41 AM","107","Information","Microsoft-Windows-TaskScheduler","Task Scheduler launched ""{1d28fb20-7a29-42ce-ad6c-644b8860bda1}""  instance of task ""\Scaffold\ScaffoldDeployEngine"" due to a time trigger condition."
"9/20/2026 6:12:42 AM","102","Information","Microsoft-Windows-TaskScheduler","Task Scheduler successfully finished ""{71d44afe-79f9-4283-8fe6-8aba3792b8ad}"" instance of the ""\Scaffold\ScaffoldDeployEngine"" task for user ""NT AUTHORITY\SYSTEM""."
"9/20/2026 6:12:42 AM","201","Information","Microsoft-Windows-TaskScheduler","Task Scheduler successfully completed task ""\Scaffold\ScaffoldDeployEngine"" , instance ""{71d44afe-79f9-4283-8fe6-8aba3792b8ad}"" , action ""powershell.exe"" with return code 0."
"9/20/2026 6:12:41 AM","200","Information","Microsoft-Windows-TaskScheduler","Task Scheduler launched action ""powershell.exe"" in instance ""{71d44afe-79f9-4283-8fe6-8aba3792b8ad}"" of task ""\Scaffold\ScaffoldDeployEngine""."
"9/20/2026 6:12:41 AM","100","Information","Microsoft-Windows-TaskScheduler","Task Scheduler started ""{71d44afe-79f9-4283-8fe6-8aba3792b8ad}"" instance of the ""\Scaffold\ScaffoldDeployEngine"" task for user ""NT AUTHORITY\SYSTEM""."
"9/20/2026 6:12:41 AM","129","Information","Microsoft-Windows-TaskScheduler","Task Scheduler launch task ""\Scaffold\ScaffoldDeployEngine"" , instance ""powershell.exe""  with process ID 5180."
"9/20/2026 6:12:41 AM","107","Information","Microsoft-Windows-TaskScheduler","Task Scheduler launched ""{71d44afe-79f9-4283-8fe6-8aba3792b8ad}""  instance of task ""\Scaffold\ScaffoldDeployEngine"" due to a time trigger condition."
"9/20/2026 6:10:42 AM","102","Information","Microsoft-Windows-TaskScheduler","Task Scheduler successfully finished ""{ccbdb161-f2c3-4436-924e-c347dafe7978}"" instance of the ""\Scaffold\ScaffoldDeployEngine"" task for user ""NT AUTHORITY\SYSTEM""."
"9/20/2026 6:10:42 AM","201","Information","Microsoft-Windows-TaskScheduler","Task Scheduler successfully completed task ""\Scaffold\ScaffoldDeployEngine"" , instance ""{ccbdb161-f2c3-4436-924e-c347dafe7978}"" , action ""powershell.exe"" with return code 0."
"9/20/2026 6:10:41 AM","200","Information","Microsoft-Windows-TaskScheduler","Task Scheduler launched action ""powershell.exe"" in instance ""{ccbdb161-f2c3-4436-924e-c347dafe7978}"" of task ""\Scaffold\ScaffoldDeployEngine""."
"9/20/2026 6:10:41 AM","100","Information","Microsoft-Windows-TaskScheduler","Task Scheduler started ""{ccbdb161-f2c3-4436-924e-c347dafe7978}"" instance of the ""\Scaffold\ScaffoldDeployEngine"" task for user ""NT AUTHORITY\SYSTEM""."
"9/20/2026 6:10:41 AM","129","Information","Microsoft-Windows-TaskScheduler","Task Scheduler launch task ""\Scaffold\ScaffoldDeployEngine"" , instance ""powershell.exe""  with process ID 5652."
"9/20/2026 6:10:41 AM","107","Information","Microsoft-Windows-TaskScheduler","Task Scheduler launched ""{ccbdb161-f2c3-4436-924e-c347dafe7978}""  instance of task ""\Scaffold\ScaffoldDeployEngine"" due to a time trigger condition."
"9/20/2026 6:08:45 AM","102","Information","Microsoft-Windows-TaskScheduler","Task Scheduler successfully finished ""{fe3a2313-4c49-4f4f-808e-5b9496eb0170}"" instance of the ""\Scaffold\ScaffoldDeployEngine"" task for user ""NT AUTHORITY\SYSTEM""."
"9/20/2026 6:08:45 AM","201","Information","Microsoft-Windows-TaskScheduler","Task Scheduler successfully completed task ""\Scaffold\ScaffoldDeployEngine"" , instance ""{fe3a2313-4c49-4f4f-808e-5b9496eb0170}"" , action ""powershell.exe"" with return code 0."
"9/20/2026 6:08:41 AM","200","Information","Microsoft-Windows-TaskScheduler","Task Scheduler launched action ""powershell.exe"" in instance ""{fe3a2313-4c49-4f4f-808e-5b9496eb0170}"" of task ""\Scaffold\ScaffoldDeployEngine""."
"9/20/2026 6:08:41 AM","100","Information","Microsoft-Windows-TaskScheduler","Task Scheduler started ""{fe3a2313-4c49-4f4f-808e-5b9496eb0170}"" instance of the ""\Scaffold\ScaffoldDeployEngine"" task for user ""NT AUTHORITY\SYSTEM""."
"9/20/2026 6:08:41 AM","129","Information","Microsoft-Windows-TaskScheduler","Task Scheduler launch task ""\Scaffold\ScaffoldDeployEngine"" , instance ""powershell.exe""  with process ID 3824."
"9/20/2026 6:08:41 AM","107","Information","Microsoft-Windows-TaskScheduler","Task Scheduler launched ""{fe3a2313-4c49-4f4f-808e-5b9496eb0170}""  instance of task ""\Scaffold\ScaffoldDeployEngine"" due to a time trigger condition."
"9/20/2026 6:06:42 AM","102","Information","Microsoft-Windows-TaskScheduler","Task Scheduler successfully finished ""{7ab0aa77-df16-4c59-b9ba-ed15ecf9f72c}"" instance of the ""\Scaffold\ScaffoldDeployEngine"" task for user ""NT AUTHORITY\SYSTEM""."
"9/20/2026 6:06:42 AM","201","Information","Microsoft-Windows-TaskScheduler","Task Scheduler successfully completed task ""\Scaffold\ScaffoldDeployEngine"" , instance ""{7ab0aa77-df16-4c59-b9ba-ed15ecf9f72c}"" , action ""powershell.exe"" with return code 0."
"9/20/2026 6:06:41 AM","200","Information","Microsoft-Windows-TaskScheduler","Task Scheduler launched action ""powershell.exe"" in instance ""{7ab0aa77-df16-4c59-b9ba-ed15ecf9f72c}"" of task ""\Scaffold\ScaffoldDeployEngine""."
"9/20/2026 6:06:41 AM","100","Information","Microsoft-Windows-TaskScheduler","Task Scheduler started ""{7ab0aa77-df16-4c59-b9ba-ed15ecf9f72c}"" instance of the ""\Scaffold\ScaffoldDeployEngine"" task for user ""NT AUTHORITY\SYSTEM""."
"9/20/2026 6:06:41 AM","129","Information","Microsoft-Windows-TaskScheduler","Task Scheduler launch task ""\Scaffold\ScaffoldDeployEngine"" , instance ""powershell.exe""  with process ID 4436."
"9/20/2026 6:06:41 AM","107","Information","Microsoft-Windows-TaskScheduler","Task Scheduler launched ""{7ab0aa77-df16-4c59-b9ba-ed15ecf9f72c}""  instance of task ""\Scaffold\ScaffoldDeployEngine"" due to a time trigger condition."
"9/20/2026 6:04:42 AM","102","Information","Microsoft-Windows-TaskScheduler","Task Scheduler successfully finished ""{6db9e0d7-3b50-41a2-a94c-dbf9fe864ea9}"" instance of the ""\Scaffold\ScaffoldDeployEngine"" task for user ""NT AUTHORITY\SYSTEM""."
"9/20/2026 6:04:42 AM","201","Information","Microsoft-Windows-TaskScheduler","Task Scheduler successfully completed task ""\Scaffold\ScaffoldDeployEngine"" , instance ""{6db9e0d7-3b50-41a2-a94c-dbf9fe864ea9}"" , action ""powershell.exe"" with return code 0."
"9/20/2026 6:04:41 AM","200","Information","Microsoft-Windows-TaskScheduler","Task Scheduler launched action ""powershell.exe"" in instance ""{6db9e0d7-3b50-41a2-a94c-dbf9fe864ea9}"" of task ""\Scaffold\ScaffoldDeployEngine""."
"9/20/2026 6:04:41 AM","100","Information","Microsoft-Windows-TaskScheduler","Task Scheduler started ""{6db9e0d7-3b50-41a2-a94c-dbf9fe864ea9}"" instance of the ""\Scaffold\ScaffoldDeployEngine"" task for user ""NT AUTHORITY\SYSTEM""."
"9/20/2026 6:04:41 AM","129","Information","Microsoft-Windows-TaskScheduler","Task Scheduler launch task ""\Scaffold\ScaffoldDeployEngine"" , instance ""powershell.exe""  with process ID 4524."
"9/20/2026 6:04:41 AM","107","Information","Microsoft-Windows-TaskScheduler","Task Scheduler launched ""{6db9e0d7-3b50-41a2-a94c-dbf9fe864ea9}""  instance of task ""\Scaffold\ScaffoldDeployEngine"" due to a time trigger condition."
"9/20/2026 6:02:42 AM","102","Information","Microsoft-Windows-TaskScheduler","Task Scheduler successfully finished ""{4dae29e9-6d49-4926-ad84-57c13ef5fa3d}"" instance of the ""\Scaffold\ScaffoldDeployEngine"" task for user ""NT AUTHORITY\SYSTEM""."
"9/20/2026 6:02:42 AM","201","Information","Microsoft-Windows-TaskScheduler","Task Scheduler successfully completed task ""\Scaffold\ScaffoldDeployEngine"" , instance ""{4dae29e9-6d49-4926-ad84-57c13ef5fa3d}"" , action ""powershell.exe"" with return code 0."
"9/20/2026 6:02:41 AM","200","Information","Microsoft-Windows-TaskScheduler","Task Scheduler launched action ""powershell.exe"" in instance ""{4dae29e9-6d49-4926-ad84-57c13ef5fa3d}"" of task ""\Scaffold\ScaffoldDeployEngine""."
"9/20/2026 6:02:41 AM","100","Information","Microsoft-Windows-TaskScheduler","Task Scheduler started ""{4dae29e9-6d49-4926-ad84-57c13ef5fa3d}"" instance of the ""\Scaffold\ScaffoldDeployEngine"" task for user ""NT AUTHORITY\SYSTEM""."
"9/20/2026 6:02:41 AM","129","Information","Microsoft-Windows-TaskScheduler","Task Scheduler launch task ""\Scaffold\ScaffoldDeployEngine"" , instance ""powershell.exe""  with process ID 1800."
"9/20/2026 6:02:41 AM","107","Information","Microsoft-Windows-TaskScheduler","Task Scheduler launched ""{4dae29e9-6d49-4926-ad84-57c13ef5fa3d}""  instance of task ""\Scaffold\ScaffoldDeployEngine"" due to a time trigger condition."
"9/20/2026 6:00:42 AM","102","Information","Microsoft-Windows-TaskScheduler","Task Scheduler successfully finished ""{f0dae6fb-fb1b-4f98-9e33-baf47fb33ff5}"" instance of the ""\Scaffold\ScaffoldDeployEngine"" task for user ""NT AUTHORITY\SYSTEM""."
"9/20/2026 6:00:42 AM","201","Information","Microsoft-Windows-TaskScheduler","Task Scheduler successfully completed task ""\Scaffold\ScaffoldDeployEngine"" , instance ""{f0dae6fb-fb1b-4f98-9e33-baf47fb33ff5}"" , action ""powershell.exe"" with return code 0."
"9/20/2026 6:00:41 AM","200","Information","Microsoft-Windows-TaskScheduler","Task Scheduler launched action ""powershell.exe"" in instance ""{f0dae6fb-fb1b-4f98-9e33-baf47fb33ff5}"" of task ""\Scaffold\ScaffoldDeployEngine""."
"9/20/2026 6:00:41 AM","100","Information","Microsoft-Windows-TaskScheduler","Task Scheduler started ""{f0dae6fb-fb1b-4f98-9e33-baf47fb33ff5}"" instance of the ""\Scaffold\ScaffoldDeployEngine"" task for user ""NT AUTHORITY\SYSTEM""."
"9/20/2026 6:00:41 AM","129","Information","Microsoft-Windows-TaskScheduler","Task Scheduler launch task ""\Scaffold\ScaffoldDeployEngine"" , instance ""powershell.exe""  with process ID 1232."
"9/20/2026 6:00:41 AM","107","Information","Microsoft-Windows-TaskScheduler","Task Scheduler launched ""{f0dae6fb-fb1b-4f98-9e33-baf47fb33ff5}""  instance of task ""\Scaffold\ScaffoldDeployEngine"" due to a time trigger condition."
"9/20/2026 6:00:01 AM","102","Information","Microsoft-Windows-TaskScheduler","Task Scheduler successfully finished ""{8ae941c1-c479-4e62-82d9-a4b9236c1e93}"" instance of the ""\Microsoft\Windows\Customer Experience Improvement Program\Consolidator"" task for user ""NT AUTHORITY\SYSTEM""."
"9/20/2026 6:00:01 AM","201","Information","Microsoft-Windows-TaskScheduler","Task Scheduler successfully completed task ""\Microsoft\Windows\Customer Experience Improvement Program\Consolidator"" , instance ""{8ae941c1-c479-4e62-82d9-a4b9236c1e93}"" , action ""%SystemRoot%\System32\wsqmcons.exe"" with return code 0."
"9/20/2026 6:00:01 AM","200","Information","Microsoft-Windows-TaskScheduler","Task Scheduler launched action ""%SystemRoot%\System32\wsqmcons.exe"" in instance ""{8ae941c1-c479-4e62-82d9-a4b9236c1e93}"" of task ""\Microsoft\Windows\Customer Experience Improvement Program\Consolidator""."
"9/20/2026 6:00:01 AM","100","Information","Microsoft-Windows-TaskScheduler","Task Scheduler started ""{8ae941c1-c479-4e62-82d9-a4b9236c1e93}"" instance of the ""\Microsoft\Windows\Customer Experience Improvement Program\Consolidator"" task for user ""NT AUTHORITY\SYSTEM""."
"9/20/2026 6:00:01 AM","129","Information","Microsoft-Windows-TaskScheduler","Task Scheduler launch task ""\Microsoft\Windows\Customer Experience Improvement Program\Consolidator"" , instance ""%SystemRoot%\System32\wsqmcons.exe""  with process ID 3632."
"9/20/2026 6:00:01 AM","107","Information","Microsoft-Windows-TaskScheduler","Task Scheduler launched ""{8ae941c1-c479-4e62-82d9-a4b9236c1e93}""  instance of task ""\Microsoft\Windows\Customer Experience Improvement Program\Consolidator"" due to a time trigger condition."
"9/20/2026 5:58:42 AM","102","Information","Microsoft-Windows-TaskScheduler","Task Scheduler successfully finished ""{f08b5331-7f9c-449d-9b74-e9ae4b6ae9f5}"" instance of the ""\Scaffold\ScaffoldDeployEngine"" task for user ""NT AUTHORITY\SYSTEM""."
"9/20/2026 5:58:42 AM","201","Information","Microsoft-Windows-TaskScheduler","Task Scheduler successfully completed task ""\Scaffold\ScaffoldDeployEngine"" , instance ""{f08b5331-7f9c-449d-9b74-e9ae4b6ae9f5}"" , action ""powershell.exe"" with return code 0."
"9/20/2026 5:58:41 AM","200","Information","Microsoft-Windows-TaskScheduler","Task Scheduler launched action ""powershell.exe"" in instance ""{f08b5331-7f9c-449d-9b74-e9ae4b6ae9f5}"" of task ""\Scaffold\ScaffoldDeployEngine""."
"9/20/2026 5:58:41 AM","100","Information","Microsoft-Windows-TaskScheduler","Task Scheduler started ""{f08b5331-7f9c-449d-9b74-e9ae4b6ae9f5}"" instance of the ""\Scaffold\ScaffoldDeployEngine"" task for user ""NT AUTHORITY\SYSTEM""."
"9/20/2026 5:58:41 AM","129","Information","Microsoft-Windows-TaskScheduler","Task Scheduler launch task ""\Scaffold\ScaffoldDeployEngine"" , instance ""powershell.exe""  with process ID 1668."
"9/20/2026 5:58:41 AM","107","Information","Microsoft-Windows-TaskScheduler","Task Scheduler launched ""{f08b5331-7f9c-449d-9b74-e9ae4b6ae9f5}""  instance of task ""\Scaffold\ScaffoldDeployEngine"" due to a time trigger condition."
"9/20/2026 5:56:42 AM","102","Information","Microsoft-Windows-TaskScheduler","Task Scheduler successfully finished ""{eda74ee7-3885-4c16-b28f-9592eff84b0d}"" instance of the ""\Scaffold\ScaffoldDeployEngine"" task for user ""NT AUTHORITY\SYSTEM""."
"9/20/2026 5:56:42 AM","201","Information","Microsoft-Windows-TaskScheduler","Task Scheduler successfully completed task ""\Scaffold\ScaffoldDeployEngine"" , instance ""{eda74ee7-3885-4c16-b28f-9592eff84b0d}"" , action ""powershell.exe"" with return code 0."
"9/20/2026 5:56:41 AM","200","Information","Microsoft-Windows-TaskScheduler","Task Scheduler launched action ""powershell.exe"" in instance ""{eda74ee7-3885-4c16-b28f-9592eff84b0d}"" of task ""\Scaffold\ScaffoldDeployEngine""."
"9/20/2026 5:56:41 AM","100","Information","Microsoft-Windows-TaskScheduler","Task Scheduler started ""{eda74ee7-3885-4c16-b28f-9592eff84b0d}"" instance of the ""\Scaffold\ScaffoldDeployEngine"" task for user ""NT AUTHORITY\SYSTEM""."
"9/20/2026 5:56:41 AM","129","Information","Microsoft-Windows-TaskScheduler","Task Scheduler launch task ""\Scaffold\ScaffoldDeployEngine"" , instance ""powershell.exe""  with process ID 2708."
"9/20/2026 5:56:41 AM","107","Information","Microsoft-Windows-TaskScheduler","Task Scheduler launched ""{eda74ee7-3885-4c16-b28f-9592eff84b0d}""  instance of task ""\Scaffold\ScaffoldDeployEngine"" due to a time trigger condition."
"9/20/2026 5:54:42 AM","102","Information","Microsoft-Windows-TaskScheduler","Task Scheduler successfully finished ""{c0d08037-9735-4190-b482-654a1f99d2ec}"" instance of the ""\Scaffold\ScaffoldDeployEngine"" task for user ""NT AUTHORITY\SYSTEM""."
"9/20/2026 5:54:42 AM","201","Information","Microsoft-Windows-TaskScheduler","Task Scheduler successfully completed task ""\Scaffold\ScaffoldDeployEngine"" , instance ""{c0d08037-9735-4190-b482-654a1f99d2ec}"" , action ""powershell.exe"" with return code 0."
"9/20/2026 5:54:41 AM","200","Information","Microsoft-Windows-TaskScheduler","Task Scheduler launched action ""powershell.exe"" in instance ""{c0d08037-9735-4190-b482-654a1f99d2ec}"" of task ""\Scaffold\ScaffoldDeployEngine""."
"9/20/2026 5:54:41 AM","100","Information","Microsoft-Windows-TaskScheduler","Task Scheduler started ""{c0d08037-9735-4190-b482-654a1f99d2ec}"" instance of the ""\Scaffold\ScaffoldDeployEngine"" task for user ""NT AUTHORITY\SYSTEM""."
"9/20/2026 5:54:41 AM","129","Information","Microsoft-Windows-TaskScheduler","Task Scheduler launch task ""\Scaffold\ScaffoldDeployEngine"" , instance ""powershell.exe""  with process ID 4384."
"9/20/2026 5:54:41 AM","107","Information","Microsoft-Windows-TaskScheduler","Task Scheduler launched ""{c0d08037-9735-4190-b482-654a1f99d2ec}""  instance of task ""\Scaffold\ScaffoldDeployEngine"" due to a time trigger condition."
"9/20/2026 5:52:42 AM","102","Information","Microsoft-Windows-TaskScheduler","Task Scheduler successfully finished ""{16203100-7a5a-465a-9f7d-a47fb2eb5102}"" instance of the ""\Scaffold\ScaffoldDeployEngine"" task for user ""NT AUTHORITY\SYSTEM""."
"9/20/2026 5:52:42 AM","201","Information","Microsoft-Windows-TaskScheduler","Task Scheduler successfully completed task ""\Scaffold\ScaffoldDeployEngine"" , instance ""{16203100-7a5a-465a-9f7d-a47fb2eb5102}"" , action ""powershell.exe"" with return code 0."
"9/20/2026 5:52:41 AM","200","Information","Microsoft-Windows-TaskScheduler","Task Scheduler launched action ""powershell.exe"" in instance ""{16203100-7a5a-465a-9f7d-a47fb2eb5102}"" of task ""\Scaffold\ScaffoldDeployEngine""."
"9/20/2026 5:52:41 AM","100","Information","Microsoft-Windows-TaskScheduler","Task Scheduler started ""{16203100-7a5a-465a-9f7d-a47fb2eb5102}"" instance of the ""\Scaffold\ScaffoldDeployEngine"" task for user ""NT AUTHORITY\SYSTEM""."
"9/20/2026 5:52:41 AM","129","Information","Microsoft-Windows-TaskScheduler","Task Scheduler launch task ""\Scaffold\ScaffoldDeployEngine"" , instance ""powershell.exe""  with process ID 4952."
"9/20/2026 5:52:41 AM","107","Information","Microsoft-Windows-TaskScheduler","Task Scheduler launched ""{16203100-7a5a-465a-9f7d-a47fb2eb5102}""  instance of task ""\Scaffold\ScaffoldDeployEngine"" due to a time trigger condition."
"9/20/2026 5:50:42 AM","102","Information","Microsoft-Windows-TaskScheduler","Task Scheduler successfully finished ""{851bb22a-d162-4e3a-8539-9414d99fb081}"" instance of the ""\Scaffold\ScaffoldDeployEngine"" task for user ""NT AUTHORITY\SYSTEM""."
"9/20/2026 5:50:42 AM","201","Information","Microsoft-Windows-TaskScheduler","Task Scheduler successfully completed task ""\Scaffold\ScaffoldDeployEngine"" , instance ""{851bb22a-d162-4e3a-8539-9414d99fb081}"" , action ""powershell.exe"" with return code 0."
"9/20/2026 5:50:41 AM","200","Information","Microsoft-Windows-TaskScheduler","Task Scheduler launched action ""powershell.exe"" in instance ""{851bb22a-d162-4e3a-8539-9414d99fb081}"" of task ""\Scaffold\ScaffoldDeployEngine""."
"9/20/2026 5:50:41 AM","100","Information","Microsoft-Windows-TaskScheduler","Task Scheduler started ""{851bb22a-d162-4e3a-8539-9414d99fb081}"" instance of the ""\Scaffold\ScaffoldDeployEngine"" task for user ""NT AUTHORITY\SYSTEM""."
"9/20/2026 5:50:41 AM","129","Information","Microsoft-Windows-TaskScheduler","Task Scheduler launch task ""\Scaffold\ScaffoldDeployEngine"" , instance ""powershell.exe""  with process ID 2708."
"9/20/2026 5:50:41 AM","107","Information","Microsoft-Windows-TaskScheduler","Task Scheduler launched ""{851bb22a-d162-4e3a-8539-9414d99fb081}""  instance of task ""\Scaffold\ScaffoldDeployEngine"" due to a time trigger condition."
"9/20/2026 5:48:42 AM","102","Information","Microsoft-Windows-TaskScheduler","Task Scheduler successfully finished ""{009a325c-8219-440c-875c-7f7636924075}"" instance of the ""\Scaffold\ScaffoldDeployEngine"" task for user ""NT AUTHORITY\SYSTEM""."
"9/20/2026 5:48:42 AM","201","Information","Microsoft-Windows-TaskScheduler","Task Scheduler successfully completed task ""\Scaffold\ScaffoldDeployEngine"" , instance ""{009a325c-8219-440c-875c-7f7636924075}"" , action ""powershell.exe"" with return code 0."
"9/20/2026 5:48:41 AM","200","Information","Microsoft-Windows-TaskScheduler","Task Scheduler launched action ""powershell.exe"" in instance ""{009a325c-8219-440c-875c-7f7636924075}"" of task ""\Scaffold\ScaffoldDeployEngine""."
"9/20/2026 5:48:41 AM","100","Information","Microsoft-Windows-TaskScheduler","Task Scheduler started ""{009a325c-8219-440c-875c-7f7636924075}"" instance of the ""\Scaffold\ScaffoldDeployEngine"" task for user ""NT AUTHORITY\SYSTEM""."
"9/20/2026 5:48:41 AM","129","Information","Microsoft-Windows-TaskScheduler","Task Scheduler launch task ""\Scaffold\ScaffoldDeployEngine"" , instance ""powershell.exe""  with process ID 4884."
"9/20/2026 5:48:41 AM","107","Information","Microsoft-Windows-TaskScheduler","Task Scheduler launched ""{009a325c-8219-440c-875c-7f7636924075}""  instance of task ""\Scaffold\ScaffoldDeployEngine"" due to a time trigger condition."
"9/20/2026 5:46:45 AM","102","Information","Microsoft-Windows-TaskScheduler","Task Scheduler successfully finished ""{63b00ddf-1e76-4301-879e-6665033a0bf1}"" instance of the ""\Scaffold\ScaffoldDeployEngine"" task for user ""NT AUTHORITY\SYSTEM""."
"9/20/2026 5:46:45 AM","201","Information","Microsoft-Windows-TaskScheduler","Task Scheduler successfully completed task ""\Scaffold\ScaffoldDeployEngine"" , instance ""{63b00ddf-1e76-4301-879e-6665033a0bf1}"" , action ""powershell.exe"" with return code 0."
"9/20/2026 5:46:41 AM","200","Information","Microsoft-Windows-TaskScheduler","Task Scheduler launched action ""powershell.exe"" in instance ""{63b00ddf-1e76-4301-879e-6665033a0bf1}"" of task ""\Scaffold\ScaffoldDeployEngine""."
"9/20/2026 5:46:41 AM","100","Information","Microsoft-Windows-TaskScheduler","Task Scheduler started ""{63b00ddf-1e76-4301-879e-6665033a0bf1}"" instance of the ""\Scaffold\ScaffoldDeployEngine"" task for user ""NT AUTHORITY\SYSTEM""."
"9/20/2026 5:46:41 AM","129","Information","Microsoft-Windows-TaskScheduler","Task Scheduler launch task ""\Scaffold\ScaffoldDeployEngine"" , instance ""powershell.exe""  with process ID 4820."
"9/20/2026 5:46:41 AM","107","Information","Microsoft-Windows-TaskScheduler","Task Scheduler launched ""{63b00ddf-1e76-4301-879e-6665033a0bf1}""  instance of task ""\Scaffold\ScaffoldDeployEngine"" due to a time trigger condition."
"9/20/2026 5:45:27 AM","102","Information","Microsoft-Windows-TaskScheduler","Task Scheduler successfully finished ""{54214bae-e94b-49d3-9417-16dae55684f4}"" instance of the ""\Microsoft\Windows\Windows Error Reporting\QueueReporting"" task for user ""NT AUTHORITY\SYSTEM""."
"9/20/2026 5:45:27 AM","201","Information","Microsoft-Windows-TaskScheduler","Task Scheduler successfully completed task ""\Microsoft\Windows\Windows Error Reporting\QueueReporting"" , instance ""{54214bae-e94b-49d3-9417-16dae55684f4}"" , action ""%windir%\system32\wermgr.exe"" with return code 0."
"9/20/2026 5:45:27 AM","200","Information","Microsoft-Windows-TaskScheduler","Task Scheduler launched action ""%windir%\system32\wermgr.exe"" in instance ""{54214bae-e94b-49d3-9417-16dae55684f4}"" of task ""\Microsoft\Windows\Windows Error Reporting\QueueReporting""."
"9/20/2026 5:45:27 AM","100","Information","Microsoft-Windows-TaskScheduler","Task Scheduler started ""{54214bae-e94b-49d3-9417-16dae55684f4}"" instance of the ""\Microsoft\Windows\Windows Error Reporting\QueueReporting"" task for user ""NT AUTHORITY\SYSTEM""."
"9/20/2026 5:45:27 AM","129","Information","Microsoft-Windows-TaskScheduler","Task Scheduler launch task ""\Microsoft\Windows\Windows Error Reporting\QueueReporting"" , instance ""%windir%\system32\wermgr.exe""  with process ID 1508."
"9/20/2026 5:45:27 AM","107","Information","Microsoft-Windows-TaskScheduler","Task Scheduler launched ""{54214bae-e94b-49d3-9417-16dae55684f4}""  instance of task ""\Microsoft\Windows\Windows Error Reporting\QueueReporting"" due to a time trigger condition."
"9/20/2026 5:44:42 AM","102","Information","Microsoft-Windows-TaskScheduler","Task Scheduler successfully finished ""{5335e557-438f-4982-8bad-b8f96bdae47f}"" instance of the ""\Scaffold\ScaffoldDeployEngine"" task for user ""NT AUTHORITY\SYSTEM""."
"9/20/2026 5:44:42 AM","201","Information","Microsoft-Windows-TaskScheduler","Task Scheduler successfully completed task ""\Scaffold\ScaffoldDeployEngine"" , instance ""{5335e557-438f-4982-8bad-b8f96bdae47f}"" , action ""powershell.exe"" with return code 0."
"9/20/2026 5:44:41 AM","200","Information","Microsoft-Windows-TaskScheduler","Task Scheduler launched action ""powershell.exe"" in instance ""{5335e557-438f-4982-8bad-b8f96bdae47f}"" of task ""\Scaffold\ScaffoldDeployEngine""."
"9/20/2026 5:44:41 AM","100","Information","Microsoft-Windows-TaskScheduler","Task Scheduler started ""{5335e557-438f-4982-8bad-b8f96bdae47f}"" instance of the ""\Scaffold\ScaffoldDeployEngine"" task for user ""NT AUTHORITY\SYSTEM""."
"9/20/2026 5:44:41 AM","129","Information","Microsoft-Windows-TaskScheduler","Task Scheduler launch task ""\Scaffold\ScaffoldDeployEngine"" , instance ""powershell.exe""  with process ID 1396."
"9/20/2026 5:44:41 AM","107","Information","Microsoft-Windows-TaskScheduler","Task Scheduler launched ""{5335e557-438f-4982-8bad-b8f96bdae47f}""  instance of task ""\Scaffold\ScaffoldDeployEngine"" due to a time trigger condition."
"9/20/2026 5:42:42 AM","102","Information","Microsoft-Windows-TaskScheduler","Task Scheduler successfully finished ""{e34db7c5-1861-4a69-b764-cf009863087e}"" instance of the ""\Scaffold\ScaffoldDeployEngine"" task for user ""NT AUTHORITY\SYSTEM""."
"9/20/2026 5:42:42 AM","201","Information","Microsoft-Windows-TaskScheduler","Task Scheduler successfully completed task ""\Scaffold\ScaffoldDeployEngine"" , instance ""{e34db7c5-1861-4a69-b764-cf009863087e}"" , action ""powershell.exe"" with return code 0."
"9/20/2026 5:42:41 AM","200","Information","Microsoft-Windows-TaskScheduler","Task Scheduler launched action ""powershell.exe"" in instance ""{e34db7c5-1861-4a69-b764-cf009863087e}"" of task ""\Scaffold\ScaffoldDeployEngine""."
"9/20/2026 5:42:41 AM","100","Information","Microsoft-Windows-TaskScheduler","Task Scheduler started ""{e34db7c5-1861-4a69-b764-cf009863087e}"" instance of the ""\Scaffold\ScaffoldDeployEngine"" task for user ""NT AUTHORITY\SYSTEM""."
"9/20/2026 5:42:41 AM","129","Information","Microsoft-Windows-TaskScheduler","Task Scheduler launch task ""\Scaffold\ScaffoldDeployEngine"" , instance ""powershell.exe""  with process ID 2068."
"9/20/2026 5:42:41 AM","107","Information","Microsoft-Windows-TaskScheduler","Task Scheduler launched ""{e34db7c5-1861-4a69-b764-cf009863087e}""  instance of task ""\Scaffold\ScaffoldDeployEngine"" due to a time trigger condition."
"9/20/2026 5:40:42 AM","102","Information","Microsoft-Windows-TaskScheduler","Task Scheduler successfully finished ""{b2880495-fd3d-4e3c-b683-b12cfe7eb4eb}"" instance of the ""\Scaffold\ScaffoldDeployEngine"" task for user ""NT AUTHORITY\SYSTEM""."
"9/20/2026 5:40:42 AM","201","Information","Microsoft-Windows-TaskScheduler","Task Scheduler successfully completed task ""\Scaffold\ScaffoldDeployEngine"" , instance ""{b2880495-fd3d-4e3c-b683-b12cfe7eb4eb}"" , action ""powershell.exe"" with return code 0."
"9/20/2026 5:40:41 AM","200","Information","Microsoft-Windows-TaskScheduler","Task Scheduler launched action ""powershell.exe"" in instance ""{b2880495-fd3d-4e3c-b683-b12cfe7eb4eb}"" of task ""\Scaffold\ScaffoldDeployEngine""."
"9/20/2026 5:40:41 AM","100","Information","Microsoft-Windows-TaskScheduler","Task Scheduler started ""{b2880495-fd3d-4e3c-b683-b12cfe7eb4eb}"" instance of the ""\Scaffold\ScaffoldDeployEngine"" task for user ""NT AUTHORITY\SYSTEM""."
"9/20/2026 5:40:41 AM","129","Information","Microsoft-Windows-TaskScheduler","Task Scheduler launch task ""\Scaffold\ScaffoldDeployEngine"" , instance ""powershell.exe""  with process ID 5380."
"9/20/2026 5:40:41 AM","107","Information","Microsoft-Windows-TaskScheduler","Task Scheduler launched ""{b2880495-fd3d-4e3c-b683-b12cfe7eb4eb}""  instance of task ""\Scaffold\ScaffoldDeployEngine"" due to a time trigger condition."
"9/20/2026 5:38:42 AM","102","Information","Microsoft-Windows-TaskScheduler","Task Scheduler successfully finished ""{6283655a-8b98-46db-9a60-d2948104f614}"" instance of the ""\Scaffold\ScaffoldDeployEngine"" task for user ""NT AUTHORITY\SYSTEM""."
"9/20/2026 5:38:42 AM","201","Information","Microsoft-Windows-TaskScheduler","Task Scheduler successfully completed task ""\Scaffold\ScaffoldDeployEngine"" , instance ""{6283655a-8b98-46db-9a60-d2948104f614}"" , action ""powershell.exe"" with return code 0."
"9/20/2026 5:38:41 AM","200","Information","Microsoft-Windows-TaskScheduler","Task Scheduler launched action ""powershell.exe"" in instance ""{6283655a-8b98-46db-9a60-d2948104f614}"" of task ""\Scaffold\ScaffoldDeployEngine""."
"9/20/2026 5:38:41 AM","100","Information","Microsoft-Windows-TaskScheduler","Task Scheduler started ""{6283655a-8b98-46db-9a60-d2948104f614}"" instance of the ""\Scaffold\ScaffoldDeployEngine"" task for user ""NT AUTHORITY\SYSTEM""."
"9/20/2026 5:38:41 AM","129","Information","Microsoft-Windows-TaskScheduler","Task Scheduler launch task ""\Scaffold\ScaffoldDeployEngine"" , instance ""powershell.exe""  with process ID 4464."
"9/20/2026 5:38:41 AM","107","Information","Microsoft-Windows-TaskScheduler","Task Scheduler launched ""{6283655a-8b98-46db-9a60-d2948104f614}""  instance of task ""\Scaffold\ScaffoldDeployEngine"" due to a time trigger condition."
"9/20/2026 5:36:42 AM","102","Information","Microsoft-Windows-TaskScheduler","Task Scheduler successfully finished ""{447a16dc-524d-4858-8ac6-af9c38f49d91}"" instance of the ""\Scaffold\ScaffoldDeployEngine"" task for user ""NT AUTHORITY\SYSTEM""."
"9/20/2026 5:36:42 AM","201","Information","Microsoft-Windows-TaskScheduler","Task Scheduler successfully completed task ""\Scaffold\ScaffoldDeployEngine"" , instance ""{447a16dc-524d-4858-8ac6-af9c38f49d91}"" , action ""powershell.exe"" with return code 0."
"9/20/2026 5:36:41 AM","200","Information","Microsoft-Windows-TaskScheduler","Task Scheduler launched action ""powershell.exe"" in instance ""{447a16dc-524d-4858-8ac6-af9c38f49d91}"" of task ""\Scaffold\ScaffoldDeployEngine""."
"9/20/2026 5:36:41 AM","100","Information","Microsoft-Windows-TaskScheduler","Task Scheduler started ""{447a16dc-524d-4858-8ac6-af9c38f49d91}"" instance of the ""\Scaffold\ScaffoldDeployEngine"" task for user ""NT AUTHORITY\SYSTEM""."
"9/20/2026 5:36:41 AM","129","Information","Microsoft-Windows-TaskScheduler","Task Scheduler launch task ""\Scaffold\ScaffoldDeployEngine"" , instance ""powershell.exe""  with process ID 1496."
"9/20/2026 5:36:41 AM","107","Information","Microsoft-Windows-TaskScheduler","Task Scheduler launched ""{447a16dc-524d-4858-8ac6-af9c38f49d91}""  instance of task ""\Scaffold\ScaffoldDeployEngine"" due to a time trigger condition."
"9/20/2026 5:36:33 AM","102","Information","Microsoft-Windows-TaskScheduler","Task Scheduler successfully finished ""{5c4b2c0e-9bb1-4eb4-b83f-07daab5c82eb}"" instance of the ""\Microsoft\Windows\Workplace Join\Automatic-Device-Join"" task for user ""NT AUTHORITY\SYSTEM""."
"9/20/2026 5:36:33 AM","201","Information","Microsoft-Windows-TaskScheduler","Task Scheduler successfully completed task ""\Microsoft\Windows\Workplace Join\Automatic-Device-Join"" , instance ""{5c4b2c0e-9bb1-4eb4-b83f-07daab5c82eb}"" , action ""%SystemRoot%\System32\dsregcmd.exe"" with return code 2147942401."
"9/20/2026 5:36:33 AM","200","Information","Microsoft-Windows-TaskScheduler","Task Scheduler launched action ""%SystemRoot%\System32\dsregcmd.exe"" in instance ""{5c4b2c0e-9bb1-4eb4-b83f-07daab5c82eb}"" of task ""\Microsoft\Windows\Workplace Join\Automatic-Device-Join""."
"9/20/2026 5:36:33 AM","100","Information","Microsoft-Windows-TaskScheduler","Task Scheduler started ""{5c4b2c0e-9bb1-4eb4-b83f-07daab5c82eb}"" instance of the ""\Microsoft\Windows\Workplace Join\Automatic-Device-Join"" task for user ""NT AUTHORITY\SYSTEM""."
"9/20/2026 5:36:33 AM","129","Information","Microsoft-Windows-TaskScheduler","Task Scheduler launch task ""\Microsoft\Windows\Workplace Join\Automatic-Device-Join"" , instance ""%SystemRoot%\System32\dsregcmd.exe""  with process ID 6056."
"9/20/2026 5:36:33 AM","108","Information","Microsoft-Windows-TaskScheduler","Task Scheduler launched ""{5c4b2c0e-9bb1-4eb4-b83f-07daab5c82eb}""  instance of task ""\Microsoft\Windows\Workplace Join\Automatic-Device-Join""  according to an event trigger."
"9/20/2026 5:34:42 AM","102","Information","Microsoft-Windows-TaskScheduler","Task Scheduler successfully finished ""{23fd14ef-9120-45c9-9c72-20b326d8f02a}"" instance of the ""\Scaffold\ScaffoldDeployEngine"" task for user ""NT AUTHORITY\SYSTEM""."
"9/20/2026 5:34:42 AM","201","Information","Microsoft-Windows-TaskScheduler","Task Scheduler successfully completed task ""\Scaffold\ScaffoldDeployEngine"" , instance ""{23fd14ef-9120-45c9-9c72-20b326d8f02a}"" , action ""powershell.exe"" with return code 0."
"9/20/2026 5:34:41 AM","200","Information","Microsoft-Windows-TaskScheduler","Task Scheduler launched action ""powershell.exe"" in instance ""{23fd14ef-9120-45c9-9c72-20b326d8f02a}"" of task ""\Scaffold\ScaffoldDeployEngine""."
"9/20/2026 5:34:41 AM","100","Information","Microsoft-Windows-TaskScheduler","Task Scheduler started ""{23fd14ef-9120-45c9-9c72-20b326d8f02a}"" instance of the ""\Scaffold\ScaffoldDeployEngine"" task for user ""NT AUTHORITY\SYSTEM""."
"9/20/2026 5:34:41 AM","129","Information","Microsoft-Windows-TaskScheduler","Task Scheduler launch task ""\Scaffold\ScaffoldDeployEngine"" , instance ""powershell.exe""  with process ID 1972."
"9/20/2026 5:34:41 AM","107","Information","Microsoft-Windows-TaskScheduler","Task Scheduler launched ""{23fd14ef-9120-45c9-9c72-20b326d8f02a}""  instance of task ""\Scaffold\ScaffoldDeployEngine"" due to a time trigger condition."
"9/20/2026 5:32:42 AM","102","Information","Microsoft-Windows-TaskScheduler","Task Scheduler successfully finished ""{9b0e643b-90a8-4db3-b595-fde52230e371}"" instance of the ""\Scaffold\ScaffoldDeployEngine"" task for user ""NT AUTHORITY\SYSTEM""."
"9/20/2026 5:32:42 AM","201","Information","Microsoft-Windows-TaskScheduler","Task Scheduler successfully completed task ""\Scaffold\ScaffoldDeployEngine"" , instance ""{9b0e643b-90a8-4db3-b595-fde52230e371}"" , action ""powershell.exe"" with return code 0."
"9/20/2026 5:32:41 AM","200","Information","Microsoft-Windows-TaskScheduler","Task Scheduler launched action ""powershell.exe"" in instance ""{9b0e643b-90a8-4db3-b595-fde52230e371}"" of task ""\Scaffold\ScaffoldDeployEngine""."
"9/20/2026 5:32:41 AM","100","Information","Microsoft-Windows-TaskScheduler","Task Scheduler started ""{9b0e643b-90a8-4db3-b595-fde52230e371}"" instance of the ""\Scaffold\ScaffoldDeployEngine"" task for user ""NT AUTHORITY\SYSTEM""."
"9/20/2026 5:32:41 AM","129","Information","Microsoft-Windows-TaskScheduler","Task Scheduler launch task ""\Scaffold\ScaffoldDeployEngine"" , instance ""powershell.exe""  with process ID 204."
"9/20/2026 5:32:41 AM","107","Information","Microsoft-Windows-TaskScheduler","Task Scheduler launched ""{9b0e643b-90a8-4db3-b595-fde52230e371}""  instance of task ""\Scaffold\ScaffoldDeployEngine"" due to a time trigger condition."
"9/20/2026 5:30:42 AM","102","Information","Microsoft-Windows-TaskScheduler","Task Scheduler successfully finished ""{96109c15-9f40-4427-ac8b-dcd676d90ef9}"" instance of the ""\Scaffold\ScaffoldDeployEngine"" task for user ""NT AUTHORITY\SYSTEM""."
"9/20/2026 5:30:42 AM","201","Information","Microsoft-Windows-TaskScheduler","Task Scheduler successfully completed task ""\Scaffold\ScaffoldDeployEngine"" , instance ""{96109c15-9f40-4427-ac8b-dcd676d90ef9}"" , action ""powershell.exe"" with return code 0."
"9/20/2026 5:30:41 AM","200","Information","Microsoft-Windows-TaskScheduler","Task Scheduler launched action ""powershell.exe"" in instance ""{96109c15-9f40-4427-ac8b-dcd676d90ef9}"" of task ""\Scaffold\ScaffoldDeployEngine""."
"9/20/2026 5:30:41 AM","100","Information","Microsoft-Windows-TaskScheduler","Task Scheduler started ""{96109c15-9f40-4427-ac8b-dcd676d90ef9}"" instance of the ""\Scaffold\ScaffoldDeployEngine"" task for user ""NT AUTHORITY\SYSTEM""."
"9/20/2026 5:30:41 AM","129","Information","Microsoft-Windows-TaskScheduler","Task Scheduler launch task ""\Scaffold\ScaffoldDeployEngine"" , instance ""powershell.exe""  with process ID 1648."
"9/20/2026 5:30:41 AM","107","Information","Microsoft-Windows-TaskScheduler","Task Scheduler launched ""{96109c15-9f40-4427-ac8b-dcd676d90ef9}""  instance of task ""\Scaffold\ScaffoldDeployEngine"" due to a time trigger condition."
"9/20/2026 5:28:42 AM","102","Information","Microsoft-Windows-TaskScheduler","Task Scheduler successfully finished ""{d6e27866-d511-4039-a065-e0292515d685}"" instance of the ""\Scaffold\ScaffoldDeployEngine"" task for user ""NT AUTHORITY\SYSTEM""."
"9/20/2026 5:28:42 AM","201","Information","Microsoft-Windows-TaskScheduler","Task Scheduler successfully completed task ""\Scaffold\ScaffoldDeployEngine"" , instance ""{d6e27866-d511-4039-a065-e0292515d685}"" , action ""powershell.exe"" with return code 0."
"9/20/2026 5:28:41 AM","200","Information","Microsoft-Windows-TaskScheduler","Task Scheduler launched action ""powershell.exe"" in instance ""{d6e27866-d511-4039-a065-e0292515d685}"" of task ""\Scaffold\ScaffoldDeployEngine""."
"9/20/2026 5:28:41 AM","100","Information","Microsoft-Windows-TaskScheduler","Task Scheduler started ""{d6e27866-d511-4039-a065-e0292515d685}"" instance of the ""\Scaffold\ScaffoldDeployEngine"" task for user ""NT AUTHORITY\SYSTEM""."
"9/20/2026 5:28:41 AM","129","Information","Microsoft-Windows-TaskScheduler","Task Scheduler launch task ""\Scaffold\ScaffoldDeployEngine"" , instance ""powershell.exe""  with process ID 1784."
"9/20/2026 5:28:41 AM","107","Information","Microsoft-Windows-TaskScheduler","Task Scheduler launched ""{d6e27866-d511-4039-a065-e0292515d685}""  instance of task ""\Scaffold\ScaffoldDeployEngine"" due to a time trigger condition."
"9/20/2026 5:26:42 AM","102","Information","Microsoft-Windows-TaskScheduler","Task Scheduler successfully finished ""{2a099582-46cd-44a4-ae80-90cf444d1a17}"" instance of the ""\Scaffold\ScaffoldDeployEngine"" task for user ""NT AUTHORITY\SYSTEM""."
"9/20/2026 5:26:42 AM","201","Information","Microsoft-Windows-TaskScheduler","Task Scheduler successfully completed task ""\Scaffold\ScaffoldDeployEngine"" , instance ""{2a099582-46cd-44a4-ae80-90cf444d1a17}"" , action ""powershell.exe"" with return code 0."
"9/20/2026 5:26:41 AM","200","Information","Microsoft-Windows-TaskScheduler","Task Scheduler launched action ""powershell.exe"" in instance ""{2a099582-46cd-44a4-ae80-90cf444d1a17}"" of task ""\Scaffold\ScaffoldDeployEngine""."
"9/20/2026 5:26:41 AM","100","Information","Microsoft-Windows-TaskScheduler","Task Scheduler started ""{2a099582-46cd-44a4-ae80-90cf444d1a17}"" instance of the ""\Scaffold\ScaffoldDeployEngine"" task for user ""NT AUTHORITY\SYSTEM""."
"9/20/2026 5:26:41 AM","129","Information","Microsoft-Windows-TaskScheduler","Task Scheduler launch task ""\Scaffold\ScaffoldDeployEngine"" , instance ""powershell.exe""  with process ID 924."
"9/20/2026 5:26:41 AM","107","Information","Microsoft-Windows-TaskScheduler","Task Scheduler launched ""{2a099582-46cd-44a4-ae80-90cf444d1a17}""  instance of task ""\Scaffold\ScaffoldDeployEngine"" due to a time trigger condition."
"9/20/2026 5:24:42 AM","102","Information","Microsoft-Windows-TaskScheduler","Task Scheduler successfully finished ""{0f07f408-b05b-4444-ac51-f51d9dce683d}"" instance of the ""\Scaffold\ScaffoldDeployEngine"" task for user ""NT AUTHORITY\SYSTEM""."
