"6/1/2026 11:42:26 AM","26","Information","Microsoft-Windows-CertificationAuthority","Active Directory Certificate Services for scaffold-DC-CA was started.  DC=dc.scaffold.htb"
"6/1/2026 11:42:27 AM","17137","Information","MSSQL$SQLEXPRESS","Starting up database 'mssqlsystemresource'."
"6/1/2026 11:42:27 AM","17137","Information","MSSQL$SQLEXPRESS","Starting up database 'msdb'."
"6/1/2026 11:42:27 AM","17663","Information","MSSQL$SQLEXPRESS","Server name is 'DC\SQLEXPRESS'. This is an informational message only. No user action is required."
"6/1/2026 11:42:27 AM","19030","Information","MSSQL$SQLEXPRESS","SQL Trace ID 1 was started by login ""sa""."
"6/1/2026 11:42:27 AM","33218","Information","MSSQL$SQLEXPRESS","SQL Server Audit has started the audits. This is an informational message. No user action is required."
"6/1/2026 11:42:27 AM","6253","Information","MSSQL$SQLEXPRESS","Common language runtime (CLR) functionality initialized using CLR version v4.0.30319 from C:\Windows\Microsoft.NET\Framework64\v4.0.30319\."
"6/1/2026 11:42:27 AM","33217","Information","MSSQL$SQLEXPRESS","SQL Server Audit is starting the audits. This is an informational message. No user action is required."
"6/1/2026 11:42:27 AM","1014","Error","Microsoft-Windows-Security-SPP","Acquisition of End User License failed. hr=0x80072EE7
Sku Id=c1a197b6-ba5e-4394-b9bf-b659a6c1b873"
"6/1/2026 11:42:27 AM","8200","Error","Microsoft-Windows-Security-SPP","License acquisition failure details. 
hr=0x80072EE7"
"6/1/2026 11:42:27 AM","17137","Information","MSSQL$SQLEXPRESS","Starting up database 'master'."
"6/1/2026 11:42:27 AM","49910","Information","MSSQL$SQLEXPRESS","Software Usage Metrics is disabled."
"6/1/2026 11:42:27 AM","9048","Information","MSSQL$SQLEXPRESS","clwb is selected for pmem flush operation."
"6/1/2026 11:42:27 AM","49921","Information","MSSQL$SQLEXPRESS","Total Log Writer threads: 1. This is an informational message; no user action is required."
"6/1/2026 11:42:27 AM","17118","Information","MSSQL$SQLEXPRESS","Database Instant File Initialization: disabled. For security and performance considerations see the topic 'Database Instant File Initialization' in SQL Server Books Online. This is an informational message only. No user action is required."
"6/1/2026 11:42:26 AM","17125","Information","MSSQL$SQLEXPRESS","Using dynamic lock allocation.  Initial allocation of 2500 Lock blocks and 5000 Lock Owner blocks per node.  This is an informational message only.  No user action is required."
"6/1/2026 11:42:26 AM","17152","Information","MSSQL$SQLEXPRESS","Node configuration: node 0: CPU mask: 0x0000000000000003:0 Active CPU mask: 0x0000000000000003:0. This message provides a description of the NUMA configuration for this computer. This is an informational message only. No user action is required."
"6/1/2026 11:42:26 AM","17176","Information","MSSQL$SQLEXPRESS","This instance of SQL Server last reported using a process ID of 5764 at 5/31/2026 6:00:24 PM (local) 6/1/2026 1:00:24 AM (UTC). This is an informational message only; no user action is required."
"6/1/2026 11:42:26 AM","17811","Information","MSSQL$SQLEXPRESS","The maximum number of dedicated administrator connections for this instance is '1'"
"6/1/2026 11:42:26 AM","873","Information","MSSQL$SQLEXPRESS","Buffer pool extension is already disabled. No action is necessary."
"6/1/2026 11:42:26 AM","49917","Information","MSSQL$SQLEXPRESS","Default collation: SQL_Latin1_General_CP1_CI_AS (us_english 1033)"
"6/1/2026 11:42:26 AM","894","Information","MSSQL$SQLEXPRESS","Buffer Pool: Allocating 524288 bytes for 507055 hashPages."
"6/1/2026 11:42:26 AM","852","Information","MSSQL$SQLEXPRESS","Using conventional memory in the memory manager."
"6/1/2026 11:42:26 AM","49903","Information","MSSQL$SQLEXPRESS","Detected 4095 MB of RAM. This is an informational message; no user action is required."
"6/1/2026 11:42:26 AM","17162","Information","MSSQL$SQLEXPRESS","SQL Server is starting at normal priority base (=7). This is an informational message only. No user action is required."
"6/1/2026 11:42:26 AM","17164","Information","MSSQL$SQLEXPRESS","SQL Server detected 2 sockets with 2 cores per socket and 2 logical processors per socket, 4 total logical processors; using 2 logical processors based on SQL Server licensing. This is an informational message; no user action is required."
"6/1/2026 11:42:26 AM","17115","Information","MSSQL$SQLEXPRESS","Command Line Startup Parameters:
	 -s ""SQLEXPRESS"""
"6/1/2026 11:42:26 AM","17110","Information","MSSQL$SQLEXPRESS","Registry startup parameters: 
	 -d C:\Program Files\Microsoft SQL Server\MSSQL15.SQLEXPRESS\MSSQL\DATA\master.mdf
	 -e C:\Program Files\Microsoft SQL Server\MSSQL15.SQLEXPRESS\MSSQL\Log\ERRORLOG
	 -l C:\Program Files\Microsoft SQL Server\MSSQL15.SQLEXPRESS\MSSQL\DATA\mastlog.ldf"
"6/1/2026 11:42:26 AM","49904","Information","MSSQL$SQLEXPRESS","The service account is 'NT Service\MSSQL$SQLEXPRESS'. This is an informational message; no user action is required."
"6/1/2026 11:42:26 AM","17111","Information","MSSQL$SQLEXPRESS","Logging SQL Server messages in file 'C:\Program Files\Microsoft SQL Server\MSSQL15.SQLEXPRESS\MSSQL\Log\ERRORLOG'."
"6/1/2026 11:42:26 AM","15268","Information","MSSQL$SQLEXPRESS","Authentication mode is MIXED."
"6/1/2026 11:42:26 AM","18496","Information","MSSQL$SQLEXPRESS","System Manufacturer: 'VMware, Inc.', System Model: 'VMware20,1'."
"6/1/2026 11:42:26 AM","17104","Information","MSSQL$SQLEXPRESS","Server process ID is 748."
"6/1/2026 11:42:26 AM","17103","Information","MSSQL$SQLEXPRESS","All rights reserved."
"6/1/2026 11:42:26 AM","17101","Information","MSSQL$SQLEXPRESS","(c) Microsoft Corporation."
"6/1/2026 11:42:26 AM","49916","Information","MSSQL$SQLEXPRESS","UTC adjustment: -7:00"
"6/1/2026 11:42:26 AM","17069","Information","MSSQL$SQLEXPRESS","Microsoft SQL Server 2019 (RTM) - 15.0.2000.5 (X64) 
	Sep 24 2019 13:48:23 
	Copyright (C) 2019 Microsoft Corporation
	Express Edition (64-bit) on Windows Server 2022 Standard Evaluation 10.0 <X64> (Build 20348: ) (Hypervisor)
"
"6/1/2026 11:42:26 AM","325","Information","ESENT","DFSRs (2996,D,35) \\.\C:\System Volume Information\DFSR\database_D030_CE70_30CE_5D5A\dfsr.db: The database engine created a new database (1, \\.\C:\System Volume Information\DFSR\database_D030_CE70_30CE_5D5A\dfsr.db). (Time=0 seconds) 
 
Additional Data: lgposCreate = 00000001:0001:0268,
dbv = 1568.180.400 (9360) 
 
Internal Timing Sequence: 
[1] 0.000034 +J(0) +M(C:0K, Fs:5, WS:20K # 0K, PF:8K # 0K, P:8K)
[2] 0.001490 -0.000126 (1) WT +J(CM:0, PgRf:0, Rd:0/0, Dy:0/0, Lg:3480/2) +M(C:0K, Fs:4, WS:16K # 0K, PF:0K # 0K, P:0K)
[3] 0.004808 -0.000001 (1) WT +J(0) +M(C:0K, Fs:11, WS:36K # 0K, PF:20K # 0K, P:20K)
[4] 0.000345 +J(0) +M(C:0K, Fs:1, WS:4K # 0K, PF:0K # 0K, P:0K)
[5] 0.001808 -0.001067 (3) WT +J(CM:0, PgRf:3, Rd:0/0, Dy:3/6, Lg:122/4) +M(C:0K, Fs:43, WS:164K # 0K, PF:252K # 0K, P:252K)
[6] 0.001245 -0.000233 (2) WT +J(CM:0, PgRf:209, Rd:0/0, Dy:12/408, Lg:24454/447) +M(C:0K, Fs:76, WS:304K # 0K, PF:224K # 0K, P:224K)
[7] 0.000550 -0.000210 (3) WT +J(CM:0, PgRf:0, Rd:0/0, Dy:0/0, Lg:4096/3) +M(C:0K, Fs:4, WS:8K # 0K, PF:0K # 0K, P:0K)
[8] 0.000001 +J(0)
[9] 0.002028 -0.001332 (3) WT +J(0) +M(C:-52K, Fs:9, WS:-24K # 0K, PF:-48K # 0K, P:-48K)
[10] 0.001715 -0.000449 (5) WT +J(CM:0, PgRf:348, Rd:0/0, Dy:7/93, Lg:12509/130) +M(C:12K, Fs:48, WS:184K # 0K, PF:108K # 0K, P:108K)
[11] 0.000001 +J(0)."
"6/1/2026 11:42:26 AM","105","Information","ESENT","DFSRs (2996,D,0) \\.\C:\System Volume Information\DFSR\database_D030_CE70_30CE_5D5A\dfsr.db: The database engine started a new instance (0). (Time=0 seconds) 
 
Additional Data:
  
 
Internal Timing Sequence: 
[1] 0.001564 +J(0) +M(C:0K, Fs:278, WS:1084K # 1084K, PF:6592K # 6528K, P:6592K)
[2] 0.000211 +J(0) +M(C:16K, Fs:101, WS:396K # 396K, PF:328K # 324K, P:328K)
[3] 0.000009 +J(0) +M(C:0K, Fs:4, WS:12K # 12K, PF:68K # 68K, P:68K)
[4] 0.000103 +J(0) +M(C:2032K, Fs:33, WS:128K # 128K, PF:2436K # 2436K, P:2436K)
[5] 0.000420 +J(0) +M(C:0K, Fs:29, WS:116K # 116K, PF:96K # 96K, P:96K)
[6] 0.000518 +J(0) +M(C:0K, Fs:14, WS:52K # 52K, PF:12K # 12K, P:12K)
[7] -
[8] -
[9] -
[10] -
[11] -
[12] -
[13] 0.021154 -0.012095 (22) WT +J(CM:0, PgRf:0, Rd:0/0, Dy:0/0, Lg:616/1) +M(C:0K, Fs:1489, WS:744K # 5848K, PF:84K # 5212K, P:84K)
[14] 0.000007 +J(0)
[15] 0.000053 +J(0) +M(C:0K, Fs:66, WS:260K # 0K, PF:68K # 0K, P:68K)
[16] 0.004357 -0.000081 (1) WT +J(0) +M(C:0K, Fs:8, WS:24K # 0K, PF:0K # 0K, P:0K)."
"6/1/2026 11:42:26 AM","326","Information","ESENT","certsrv.exe (2956,D,50) The database engine attached a database (1, C:\Windows\system32\CertLog\scaffold-DC-CA.edb). (Time=0 seconds) 
 
Saved Cache: 0 0 
Additional Data: lgposAttach = 00000004:00C0:0268,
dbv = 1568.180.400 (9360) 
 
Internal Timing Sequence: 
[1] 0.000002 +J(0) +M(C:0K, Fs:1, WS:4K # 0K, PF:0K # 0K, P:0K)
[2] 0.000419 -0.000191 (1) WT +J(0) +M(C:0K, Fs:19, WS:12K # 0K, PF:4K # 0K, P:4K)
[3] 0.008095 -0.004169 (6) WT +J(CM:0, PgRf:0, Rd:0/0, Dy:0/0, Lg:3480/2) +M(C:0K, Fs:25, WS:92K # 0K, PF:120K # 0K, P:120K)
[4] 0.000131 +J(0)
[5] -
[6] -
[7] -
[8] 0.000842 -0.000619 (2) CM -0.000482 (2) WT +J(CM:2, PgRf:2, Rd:14/2, Dy:0/0, Lg:54/1) +M(C:0K, Fs:40, WS:160K # 0K, PF:148K # 0K, P:148K)
[9] 0.000791 -0.000594 (3) CM -0.000481 (3) WT +J(CM:3, PgRf:23, Rd:0/2, Dy:0/0, Lg:0/0) +M(C:0K, Fs:33, WS:128K # 0K, PF:204K # 0K, P:204K)
[10] 0.000233 -0.000125 (1) CM -0.000069 (1) WT +J(CM:1, PgRf:40, Rd:0/1, Dy:0/0, Lg:0/0) +M(C:0K, Fs:5, WS:20K # 0K, PF:64K # 0K, P:64K)
[11] 0.000019 +J(CM:0, PgRf:1, Rd:0/0, Dy:0/0, Lg:0/0) +M(C:0K, Fs:4, WS:16K # 0K, PF:0K # 0K, P:0K)
[12] 0.000030 +J(CM:0, PgRf:42, Rd:0/0, Dy:0/0, Lg:0/0) +M(C:0K, Fs:1, WS:4K # 0K, PF:0K # 0K, P:0K)
[13] 0.000001 +J(0)
[14] 0.0 +J(0)
[15] 0.000004 +J(CM:0, PgRf:1, Rd:0/0, Dy:0/0, Lg:0/0)."
"6/1/2026 11:42:26 AM","105","Information","ESENT","certsrv.exe (2956,D,0) The database engine started a new instance (0). (Time=0 seconds) 
 
Additional Data:
  
 
Internal Timing Sequence: 
[1] 0.000439 +J(0) +M(C:0K, Fs:126, WS:492K # 492K, PF:2488K # 2220K, P:2488K)
[2] 0.000291 +J(0) +M(C:3200K, Fs:150, WS:588K # 588K, PF:3708K # 3708K, P:3708K)
[3] 0.000010 +J(0) +M(C:0K, Fs:4, WS:12K # 12K, PF:64K # 64K, P:64K)
[4] 0.000054 +J(0) +M(C:0K, Fs:28, WS:112K # 112K, PF:504K # 504K, P:504K)
[5] 0.000240 +J(0) +M(C:0K, Fs:60, WS:236K # 236K, PF:496K # 496K, P:496K)
[6] 0.001962 +J(0) +M(C:0K, Fs:44, WS:176K # 176K, PF:16K # 16K, P:16K)
[7] 0.002724 -0.001033 (3) WT +J(0) +M(C:0K, Fs:274, WS:1096K # 1096K, PF:1024K # 1024K, P:1024K)
[8] -
[9] -
[10] -
[11] -
[12] -
[13] 0.004108 -0.000663 (4) WT +J(CM:0, PgRf:0, Rd:0/0, Dy:0/0, Lg:616/1) +M(C:0K, Fs:20, WS:-952K # 64K, PF:-952K # 72K, P:-952K)
[14] 0.000008 +J(0)
[15] 0.000072 +J(0) +M(C:0K, Fs:100, WS:400K # 0K, PF:64K # 0K, P:64K)
[16] 0.000213 -0.000085 (1) WT +J(0) +M(C:0K, Fs:3, WS:4K # 0K, PF:0K # 0K, P:0K)."
"6/1/2026 11:42:26 AM","102","Information","ESENT","DFSRs (2996,P,98) \\.\C:\System Volume Information\DFSR\database_D030_CE70_30CE_5D5A\dfsr.db: The database engine (10.00.20348.0000) is starting a new instance (0)."
"6/1/2026 11:42:26 AM","102","Information","ESENT","certsrv.exe (2956,P,98) The database engine (10.00.20348.0000) is starting a new instance (0)."
"6/1/2026 11:42:26 AM","517","Information","WDSServer","Provider WDSDDPS loaded from C:\Windows\system32\wdsddps.dll and initialized successfully."
"6/1/2026 11:42:26 AM","326","Information","ESENT","svchost (3080,D,50) DDP: The database engine attached a database (3, C:\RemoteInstall\Stores\Drivers\Metadata\DdpDb.mdb). (Time=0 seconds) 
 
Saved Cache: 1 0 
Additional Data: lgposAttach = 00000001:00B2:0268,
dbv = 1568.180.400 (9360) 
 
Internal Timing Sequence: 
[1] 0.000002 +J(0)
[2] 0.000279 -0.000127 (1) WT +J(0) +M(C:0K, Fs:24, WS:32K # 0K, PF:32K # 0K, P:32K)
[3] 0.001685 -0.000459 (6) WT +J(CM:0, PgRf:0, Rd:0/0, Dy:0/0, Lg:3480/2) +M(C:0K, Fs:13, WS:20K # 0K, PF:20K # 0K, P:20K)
[4] 0.000076 +J(0)
[5] -
[6] -
[7] -
[8] 0.000271 +J(CM:0, PgRf:2, Rd:8/0, Dy:0/0, Lg:54/1) +M(C:76K, Fs:52, WS:208K # 0K, PF:96K # 0K, P:96K)
[9] 0.000847 -0.000638 (2) CM -0.000584 (2) WT +J(CM:2, PgRf:16, Rd:0/1, Dy:0/0, Lg:0/0) +M(C:-12K, Fs:10, WS:-36K # 0K, PF:-8K # 0K, P:-8K)
[10] 0.000174 -0.000125 (1) CM -0.000090 (1) WT +J(CM:1, PgRf:35, Rd:0/1, Dy:0/0, Lg:0/0) +M(C:-28K, Fs:8, WS:4K # 0K, PF:-28K # 0K, P:-28K)
[11] 0.000004 +J(CM:0, PgRf:1, Rd:0/0, Dy:0/0, Lg:0/0)
[12] 0.000014 +J(CM:0, PgRf:42, Rd:0/0, Dy:0/0, Lg:0/0)
[13] 0.0 +J(0)
[14] 0.0 +J(0)
[15] 0.000002 +J(CM:0, PgRf:1, Rd:0/0, Dy:0/0, Lg:0/0)."
"6/1/2026 11:42:26 AM","105","Information","ESENT","svchost (3080,D,0) DDP: The database engine started a new instance (1). (Time=0 seconds) 
 
Additional Data:
 lgposV2[] = 00000001:0001:0000 - 00000001:00AF:0319 - 00000001:00B0:0000 - 00000001:00B0:0000 (00000000:0000:0000)
cReInits = 32
 
 
Internal Timing Sequence: 
[1] -
[2] -
[3] 0.000103 +J(0) +M(C:0K, Fs:3, WS:12K # 12K, PF:0K # 0K, P:0K)
[4] 0.000116 +J(0) +M(C:0K, Fs:12, WS:48K # 48K, PF:164K # 0K, P:164K)
[5] 0.000483 +J(0) +M(C:0K, Fs:4, WS:16K # 16K, PF:16K # 0K, P:16K)
[6] 0.001632 +J(0) +M(C:0K, Fs:1, WS:4K # 4K, PF:12K # 0K, P:12K)
[7] 0.007026 -0.004281 (11) WT +J(0) +M(C:0K, Fs:1283, WS:5120K # 5120K, PF:5132K # 4404K, P:5132K)
[8] 0.021938 -0.008692 (50) WT +J(CM:0, PgRf:0, Rd:0/0, Dy:0/0, Lg:709734/1640) +M(C:0K, Fs:821, WS:204K # 248K, PF:76K # 120K, P:76K)
[9] 0.000398 +J(0)
[10] 0.003072 -0.001499 (10) WT +J(0) +M(C:0K, Fs:0, WS:-5116K # 0K, PF:-5128K # 0K, P:-5128K)
[11] 0.000019 +J(CM:0, PgRf:0, Rd:0/0, Dy:0/0, Lg:49/1) +M(C:0K, Fs:1, WS:4K # 0K, PF:0K # 0K, P:0K)
[12] 0.000521 +J(0)
[13] 0.011973 -0.000373 (2) CM -0.004726 (30) WT +J(CM:2, PgRf:2, Rd:0/2, Dy:0/0, Lg:8759/5) +M(C:-28K, Fs:1327, WS:-48K # 0K, PF:-80K # 0K, P:-80K)
[14] 0.000022 +J(0)
[15] 0.000010 +J(0)
[16] 0.000296 -0.000177 (1) WT +J(0) +M(C:0K, Fs:2, WS:0K # 0K, PF:0K # 0K, P:0K)."
"6/1/2026 11:42:26 AM","302","Information","ESENT","svchost (3080,U,98) DDP: The database engine has successfully completed recovery steps."
"6/1/2026 11:42:26 AM","301","Information","ESENT","svchost (3080,R,98) DDP: The database engine has finished replaying logfile C:\RemoteInstall\Stores\Drivers\Metadata\DDP.log. 
 
Processing Stats: 
[1] 0.020073 -0.008101 (47) WT +J(CM:0, PgRf:0, Rd:0/0, Dy:0/0, Lg:709734/1640) +M(C:0K, Fs:784, WS:64K # 108K, PF:60K # 104K, P:60K). 
Log record of type 'Insert   ' was seen most frequently (479 times)"
"6/1/2026 11:42:26 AM","335","Information","ESENT","svchost (3080,R,98) DDP: Replay of a Create for database ""C:\RemoteInstall\Stores\Drivers\Metadata\DdpDb.mdb"" at log position (00000001,0001,0268) was deferred due to AttachFuture.  Additional information:  "
"6/1/2026 11:42:26 AM","300","Information","ESENT","svchost (3080,R,98) DDP: The database engine is initiating recovery steps."
"6/1/2026 11:42:26 AM","102","Information","ESENT","svchost (3080,P,98) DDP: The database engine (10.00.20348.0000) is starting a new instance (1)."
"6/1/2026 11:42:26 AM","517","Information","WDSServer","Provider WDSDCPXE loaded from C:\Windows\system32\wdsdcpxe.dll and initialized successfully."
"6/1/2026 11:42:26 AM","517","Information","WDSServer","Provider WDSDCMGR loaded from C:\Windows\system32\wdsdcmgr.dll and initialized successfully."
"6/1/2026 11:42:14 AM","9027","Information","Desktop Window Manager","The Desktop Window Manager has registered the session port."
"6/1/2026 11:41:59 AM","271","Information","VMUpgradeHelper","Restored network configuration."
"6/1/2026 11:41:58 AM","8230","Information","Microsoft-Windows-Security-SPP","The rules engine successfully re-evaluated the schedule.
Kernel policies:
Security-SPP-Action-StateData (REG_SZ) =AppId=55c92734-d682-4d71-983e-d6ec3f16059f;LastConsumptionReason=0xc004f00f;LastNotificationId=ReActivateRequired;LicenseState=SL_LICENSING_STATUS_NOTIFICATION;PartialProductKey=W8JDY;ProductKeyType=Retail:TB:Eval;SkuId=c1a197b6-ba5e-4394-b9bf-b659a6c1b873;ruleId=3482d82e-ca2c-4e1f-8864-da0267b484b2;uxDifferentiator=TIMEBASED_EVAL"
"6/1/2026 11:41:58 AM","258","Information","VMUpgradeHelper","Restoring network configuration."
"6/1/2026 11:41:58 AM","100",,"WLMS",
"6/1/2026 11:41:58 AM","16388","Information","Microsoft-Windows-Security-SPP","The current time is 2026-06-01T18:41:58Z : 2026-06-01T18:41:58Z."
"6/1/2026 11:41:58 AM","902","Information","Microsoft-Windows-Security-SPP","The Software Protection service has started.
10.0.20348.587"
"6/1/2026 11:41:58 AM","1003","Information","Microsoft-Windows-Security-SPP","The Software Protection service has completed licensing status check.
Application Id=55c92734-d682-4d71-983e-d6ec3f16059f
Licensing Status=
1: c1a197b6-ba5e-4394-b9bf-b659a6c1b873, 1, 0 [(0 [0xC004E003, 0, 0], [( 2 0xC004F00F 0 0 msft:rm/algorithm/hwid/4.0 0x00000000 0)( 1 0x00000000)(?)( 2 0xC004F00F 0 0 msft:rm/algorithm/hwid/4.0 0x00000000 0)(?)(?)( 10 0x00000000 msft:rm/algorithm/flags/1.0)(?)])(1 )(2 )(3 [0x00000000, 0, 0], [( 6 0xC004F009 10 0)( 1 0x00000000)( 6 0xC004F009 10 0)(?)(?)(?)( 10 0x00000000 msft:rm/algorithm/flags/1.0)( 11 0x00000000 0xC004F00F)])]

"
"6/1/2026 11:41:58 AM","1034","Information","Microsoft-Windows-Security-SPP","Duplicate definition of policy found. Policy name=Security-SPP-WriteWauMarker  Priority=500"
"6/1/2026 11:41:57 AM","1024","Information","Microsoft-Windows-Security-SPP","The hardware has changed."
"6/1/2026 11:41:57 AM","4202","Information","Microsoft-Windows-MSDTC 2","MSDTC started with the following settings: Security Configuration (OFF = 0 and ON = 1): Allow Remote Administrator = 0, Network Clients = 0, Transaction Manager Communication:  Allow Inbound Transactions = 0, Allow Outbound Transactions = 0, Transaction Internet Protocol (TIP) = 0,  Enable XA Transactions = 0,  Enable SNA LU 6.2 Transactions = 1,  MSDTC Communications Security = Mutual Authentication Required, Account = NT AUTHORITY\NetworkService,  Firewall Exclusion Detected = 0 Transaction Bridge Installed = 0 Filtering Duplicate Events = 1"
"6/1/2026 11:41:57 AM","1040","Information","Microsoft-Windows-Security-SPP","Hardware has changed from previous boot.
 AppId=55c92734-d682-4d71-983e-d6ec3f16059f, SkuId=c1a197b6-ba5e-4394-b9bf-b659a6c1b873."
"6/1/2026 11:41:57 AM","1066","Information","Microsoft-Windows-Security-SPP","Initialization status for service objects.
C:\Windows\system32\sppwinob.dll, msft:spp/windowsfunctionality/agent/7.0, 0x00000000, 0x00000000
C:\Windows\system32\sppobjs.dll, msft:rm/algorithm/inherited/1.0, 0x00000000, 0x00000000
C:\Windows\system32\sppobjs.dll, msft:rm/algorithm/phone/1.0, 0x00000000, 0x00000000
C:\Windows\system32\sppobjs.dll, msft:rm/algorithm/pkey/detect, 0x00000000, 0x00000000
C:\Windows\system32\sppobjs.dll, msft:spp/ActionScheduler/1.0, 0x00000000, 0x00000000
C:\Windows\system32\sppobjs.dll, msft:spp/TaskScheduler/1.0, 0x00000000, 0x00000000
C:\Windows\system32\sppobjs.dll, msft:spp/statecollector/pkey, 0x00000000, 0x00000000
C:\Windows\system32\sppobjs.dll, msft:spp/volume/services/kms/1.0, 0x00000000, 0x00000000
C:\Windows\system32\sppobjs.dll, msft:spp/volume/services/kms/activationinfo/1.0, 0x00000000, 0x00000000
"
"6/1/2026 11:41:57 AM","781","Information","Microsoft-Windows-Complus","The COM+ sub system is suppressing duplicate event log entries for a duration of 86400 seconds.  The suppression timeout can be controlled by a REG_DWORD value named SuppressDuplicateDuration under the following registry key: HKLM\Software\Microsoft\COM3\Eventlog."
"6/1/2026 11:41:57 AM","16394","Information","Microsoft-Windows-Security-SPP","Offline downlevel migration succeeded."
"6/1/2026 11:41:57 AM","5617","Information","Microsoft-Windows-WMI","Windows Management Instrumentation Service subsystems initialized successfully"
"6/1/2026 11:41:56 AM","5615","Information","Microsoft-Windows-WMI","Windows Management Instrumentation Service started sucessfully"
"6/1/2026 11:41:57 AM","0","Information","Microsoft Deployment Toolkit Monitor Service","Service started successfully."
"6/1/2026 11:41:57 AM","517","Information","WDSServer","Provider WDSTFTP loaded from C:\Windows\system32\wdstftp.dll and initialized successfully."
"6/1/2026 11:41:56 AM","517","Information","WDSServer","Provider WDSMDMGR loaded from C:\Windows\system32\wdsmdmgr.dll and initialized successfully."
"6/1/2026 11:41:56 AM","326","Information","ESENT","svchost (3080,D,50) WDS: The database engine attached a database (1, C:\RemoteInstall\Stores\Metadata\WDSMD.mdb). (Time=0 seconds) 
 
Saved Cache: 1 0 
Additional Data: lgposAttach = 00000001:007A:0268,
dbv = 1568.180.400 (9360) 
 
Internal Timing Sequence: 
[1] 0.000003 +J(0)
[2] 0.000431 -0.000249 (1) WT +J(0) +M(C:0K, Fs:24, WS:32K # 0K, PF:32K # 0K, P:32K)
[3] 0.020201 -0.017688 (6) WT +J(CM:0, PgRf:0, Rd:0/0, Dy:0/0, Lg:3480/2) +M(C:0K, Fs:15, WS:24K # 0K, PF:24K # 0K, P:24K)
[4] 0.000142 +J(0)
[5] -
[6] -
[7] -
[8] 0.001169 -0.000796 (2) CM -0.000558 (2) WT +J(CM:2, PgRf:2, Rd:4/2, Dy:0/0, Lg:54/1) +M(C:120K, Fs:46, WS:128K # 0K, PF:140K # 0K, P:140K)
[9] 0.001167 -0.000960 (3) CM -0.000852 (3) WT +J(CM:3, PgRf:16, Rd:0/2, Dy:0/0, Lg:0/0) +M(C:-16K, Fs:40, WS:80K # 0K, PF:208K # 0K, P:208K)
[10] 0.000518 -0.000249 (1) CM -0.000174 (1) WT +J(CM:1, PgRf:35, Rd:0/1, Dy:0/0, Lg:0/0) +M(C:-28K, Fs:4, WS:-12K # 0K, PF:36K # 0K, P:36K)
[11] 0.000038 +J(CM:0, PgRf:1, Rd:0/0, Dy:0/0, Lg:0/0) +M(C:0K, Fs:3, WS:12K # 0K, PF:0K # 0K, P:0K)
[12] 0.000042 +J(CM:0, PgRf:42, Rd:0/0, Dy:0/0, Lg:0/0) +M(C:0K, Fs:1, WS:4K # 0K, PF:0K # 0K, P:0K)
[13] 0.000002 +J(0)
[14] 0.0 +J(0)
[15] 0.000005 +J(CM:0, PgRf:1, Rd:0/0, Dy:0/0, Lg:0/0)."
"6/1/2026 11:41:56 AM","105","Information","ESENT","svchost (3080,D,0) WDS: The database engine started a new instance (0). (Time=0 seconds) 
 
Additional Data:
 lgposV2[] = 00000001:0001:0000 - 00000001:0077:0309 - 00000001:0078:0000 - 00000001:0078:0000 (00000000:0000:0000)
cReInits = 32
 
 
Internal Timing Sequence: 
[1] 0.011357 +J(0) +M(C:0K, Fs:254, WS:992K # 992K, PF:5468K # 5468K, P:5468K)
[2] 0.000362 +J(0) +M(C:64K, Fs:101, WS:400K # 400K, PF:384K # 384K, P:384K)
[3] 0.000114 +J(0) +M(C:0K, Fs:5, WS:20K # 20K, PF:64K # 64K, P:64K)
[4] 0.000067 +J(0) +M(C:0K, Fs:23, WS:88K # 88K, PF:232K # 232K, P:232K)
[5] 0.000274 +J(0) +M(C:0K, Fs:9, WS:36K # 36K, PF:16K # 16K, P:16K)
[6] 0.002426 +J(0) +M(C:0K, Fs:23, WS:92K # 92K, PF:12K # 12K, P:12K)
[7] 0.008031 -0.004272 (11) WT +J(0) +M(C:0K, Fs:1300, WS:5188K # 5188K, PF:5132K # 5132K, P:5132K)
[8] 0.069751 -0.045379 (50) WT +J(CM:0, PgRf:0, Rd:0/0, Dy:0/0, Lg:482588/978) +M(C:0K, Fs:871, WS:404K # 436K, PF:256K # 288K, P:256K)
[9] 0.000505 +J(0) +M(C:0K, Fs:4, WS:16K # 0K, PF:4K # 0K, P:4K)
[10] 0.007102 -0.003916 (10) WT +J(0) +M(C:0K, Fs:0, WS:-5116K # 0K, PF:-5124K # 0K, P:-5124K)
[11] 0.000026 +J(CM:0, PgRf:0, Rd:0/0, Dy:0/0, Lg:49/1) +M(C:0K, Fs:2, WS:8K # 0K, PF:0K # 0K, P:0K)
[12] 0.000044 +J(0)
[13] 0.059654 -0.000788 (2) CM -0.031698 (30) WT +J(CM:2, PgRf:2, Rd:0/2, Dy:0/0, Lg:8759/5) +M(C:-56K, Fs:1350, WS:48K # 44K, PF:84K # 64K, P:84K)
[14] 0.000015 +J(0)
[15] 0.000011 +J(0)
[16] 0.000393 -0.000203 (1) WT +J(0) +M(C:0K, Fs:2, WS:0K # 0K, PF:0K # 0K, P:0K)."
"6/1/2026 11:41:56 AM","302","Information","ESENT","svchost (3080,U,98) WDS: The database engine has successfully completed recovery steps."
"6/1/2026 11:41:56 AM","301","Information","ESENT","svchost (3080,R,98) WDS: The database engine has finished replaying logfile C:\RemoteInstall\Stores\Metadata\WDS.log. 
 
Processing Stats: 
[1] 0.063107 -0.043376 (47) WT +J(CM:0, PgRf:0, Rd:0/0, Dy:0/0, Lg:482588/978) +M(C:0K, Fs:828, WS:240K # 272K, PF:172K # 204K, P:172K). 
Log record of type 'Insert   ' was seen most frequently (277 times)"
"6/1/2026 11:41:56 AM","335","Information","ESENT","svchost (3080,R,98) WDS: Replay of a Create for database ""C:\RemoteInstall\Stores\Metadata\WDSMD.mdb"" at log position (00000001,0001,0268) was deferred due to AttachFuture.  Additional information:  "
"6/1/2026 11:41:56 AM","300","Information","ESENT","svchost (3080,R,98) WDS: The database engine is initiating recovery steps."
"6/1/2026 11:41:56 AM","102","Information","ESENT","svchost (3080,P,98) WDS: The database engine (10.00.20348.0000) is starting a new instance (0)."
"6/1/2026 11:41:56 AM","900","Information","Microsoft-Windows-Security-SPP","The Software Protection service is starting.
Parameters:TriggerStarted:6"
"6/1/2026 11:41:56 AM","517","Information","WDSServer","Provider WDSMC loaded from C:\Windows\system32\wdsmc.dll and initialized successfully."
"6/1/2026 11:41:56 AM","1025","Information","WDSServer","The RPC server started on TCP port 5040. 
"
"6/1/2026 11:41:56 AM","105","Information","VMTools","The service was started."
"6/1/2026 11:41:46 AM","1531","Information","Microsoft-Windows-User Profiles Service","The User Profile Service has started successfully.  

"
"5/31/2026 6:00:24 PM","38","Information","Microsoft-Windows-CertificationAuthority","Active Directory Certificate Services for scaffold-DC-CA was stopped."
"6/1/2026 11:41:46 AM","4625","Information","Microsoft-Windows-EventSystem","The EventSystem sub system is suppressing duplicate event log entries for a duration of 86400 seconds.  The suppression timeout can be controlled by a REG_DWORD value named SuppressDuplicateDuration under the following registry key: HKLM\Software\Microsoft\EventSystem\EventLog."
"5/31/2026 6:00:24 PM","1532","Information","Microsoft-Windows-User Profiles Service","The User Profile Service has stopped.  

"
"5/31/2026 6:00:24 PM","13","Error","VSS","Volume Shadow Copy Service information: The COM Server with CLSID {4e14fba2-2e22-11d1-9964-00c04fbbb345} and name CEventSystem cannot be started. [0x8007045b, A system shutdown is in progress.
] "
"5/31/2026 6:00:24 PM","103","Information","ESENT","certsrv.exe (2552,T,97) The database engine stopped the instance (0). 
 
Dirty Shutdown: 0 
 
Internal Timing Sequence: 
[1] 0.000014 +J(0)
[2] 0.000821 -0.000795 (2) WT +J(0) +M(C:0K, Fs:12, WS:48K # 0K, PF:136K # 0K, P:136K)
[3] 0.000002 +J(0)
[4] 0.000003 +J(0)
[5] 0.008671 -0.005882 (21) WT +J(0) +M(C:0K, Fs:7, WS:20K # 0K, PF:0K # 0K, P:0K)
[6] 0.000004 +J(0)
[7] 0.000003 +J(0)
[8] 0.004293 -0.001903 (12) WT +J(CM:0, PgRf:0, Rd:0/0, Dy:0/0, Lg:1674/2) +M(C:0K, Fs:9, WS:-28K # 0K, PF:-80K # 0K, P:-80K)
[9] 0.000948 -0.000801 (2) WT +J(CM:0, PgRf:0, Rd:0/0, Dy:0/0, Lg:66/1) +M(C:0K, Fs:1, WS:4K # 0K, PF:0K # 0K, P:0K)
[10] 0.000021 +J(0)
[11] 0.000616 -0.000110 (2) WT +J(0)
[12] 0.000025 +J(0) +M(C:0K, Fs:0, WS:-4K # 0K, PF:-4K # 0K, P:-4K)
[13] 0.000028 +J(0)
[14] 0.000012 +J(0) +M(C:0K, Fs:0, WS:-68K # 0K, PF:-72K # 0K, P:-72K)
[15] 0.000001 +J(0)."
"5/31/2026 6:00:24 PM","0","Information","Microsoft Deployment Toolkit Monitor Service","Service has been successfully shut down."
"5/31/2026 6:00:24 PM","4111","Information","Microsoft-Windows-MSDTC","The MS DTC service is stopping."
"5/31/2026 6:00:24 PM","17147","Information","MSSQL$SQLEXPRESS","SQL Server is terminating because of a system shutdown. This is an informational message only. No user action is required."
"5/31/2026 6:00:23 PM","108","Information","VMTools","The service was stopped."
"5/31/2026 6:00:23 PM","272","Information","VMUpgradeHelper","Saved network configuration."
"5/31/2026 6:00:23 PM","260","Information","VMUpgradeHelper","Saving network configuration."
"5/31/2026 6:00:22 PM","6000","Information","Microsoft-Windows-Winlogon","The winlogon notification subscriber <SessionEnv> was unavailable to handle a notification event."
"5/31/2026 6:00:22 PM","6000","Information","Microsoft-Windows-Winlogon","The winlogon notification subscriber <WSearch> was unavailable to handle a notification event."
"5/31/2026 5:59:20 PM","8224","Information","VSS","The VSS service is shutting down due to idle timeout. "
"5/31/2026 5:59:19 PM","16384","Information","Microsoft-Windows-Security-SPP","Successfully scheduled Software Protection service for re-start at 2026-10-10T14:32:19Z. Reason: RulesEngine."
"5/31/2026 5:58:48 PM","1000","Information","Microsoft-Windows-LoadPerf","Performance counters for the WmiApRpl (WmiApRpl) service were loaded successfully. The Record Data in the data section contains the new index values assigned to this service."
"5/31/2026 5:58:48 PM","1001","Information","Microsoft-Windows-LoadPerf","Performance counters for the WmiApRpl (WmiApRpl) service were removed successfully. The Record Data contains the new values of the system Last Counter and Last Help registry entries."
"5/31/2026 5:58:48 PM","16394","Information","Microsoft-Windows-Security-SPP","Offline downlevel migration succeeded."
"5/31/2026 5:58:48 PM","900","Information","Microsoft-Windows-Security-SPP","The Software Protection service is starting.
Parameters:<explicit>"
"5/31/2026 5:58:48 PM","0","Information","edgeupdate","Service stopped."
"5/31/2026 5:58:04 PM","6000","Information","Microsoft-Windows-Winlogon","The winlogon notification subscriber <SessionEnv> was unavailable to handle a notification event."
"5/31/2026 5:58:04 PM","6003","Information","Microsoft-Windows-Winlogon","The winlogon notification subscriber <SessionEnv> was unavailable to handle a critical notification event."
"5/31/2026 5:57:09 PM","1704","Information","SceCli","Security policy in the Group policy objects has been applied successfully."
"5/31/2026 5:56:58 PM","26","Information","Microsoft-Windows-CertificationAuthority","Active Directory Certificate Services for scaffold-DC-CA was started.  DC=dc.scaffold.htb"
"5/31/2026 5:56:53 PM","256","Information","WDSServer","The Windows Deployment Services server started successfully. 
"
"5/31/2026 5:56:53 PM","517","Information","WDSServer","Provider WDSPXE loaded from C:\Windows\system32\wdspxe.dll and initialized successfully."
"5/31/2026 5:56:53 PM","777","Information","WDSPXE","Rogue detection has been disabled for this server. The Windows Deployment  Services server is authorized as a valid DHCP/PXE server and will process incoming client requests."
"5/31/2026 5:56:53 PM","262","Information","WDSPXE","Provider WDSDCPXE was loaded from C:\Windows\system32\wdsdcpxe.dll and initialized successfully."
"5/31/2026 5:56:53 PM","1305","Information","BINLSVC","Combined BCD file x64uefi{74180D38-261F-4B26-B943-F92B21A51692}.bcd generated successfully for the x64uefi architecture."
"5/31/2026 5:56:53 PM","1305","Information","BINLSVC","Combined BCD file x86uefi{E1A65C68-7BF1-4650-8115-6E8F6AA56E52}.bcd generated successfully for the x86uefi architecture."
"5/31/2026 5:56:53 PM","1305","Information","BINLSVC","Combined BCD file arm{F83F5B22-3350-40A9-B2E0-6D75DD1B3260}.bcd generated successfully for the arm architecture."
"5/31/2026 5:56:53 PM","1305","Information","BINLSVC","Combined BCD file x86x64{0DED9A4E-2C0B-4F1C-A8E5-E79DDE3A26B5}.bcd generated successfully for the x86x64 architecture."
"5/31/2026 5:56:53 PM","1305","Information","BINLSVC","Combined BCD file arm64{A31A72A6-2B68-4E32-946E-0E36B10E0613}.bcd generated successfully for the arm64 architecture."
"5/31/2026 5:56:53 PM","1305","Information","BINLSVC","Combined BCD file x64{16ADDEEE-DFA9-4FAC-8C5A-19DBD5FB67E1}.bcd generated successfully for the x64 architecture."
"5/31/2026 5:56:53 PM","1305","Information","BINLSVC","Combined BCD file x86{BD01CC96-47CA-4D0C-890B-70F9C623564B}.bcd generated successfully for the x86 architecture."
"5/31/2026 5:56:53 PM","326","Information","ESENT","svchost (3132,D,50) AAP: The database engine attached a database (5, C:\RemoteInstall\Mgmt\binlsvcdb.mdb). (Time=0 seconds) 
 
Saved Cache: 1 0 
Additional Data: lgposAttach = 00000001:0081:0268,
dbv = 1568.180.400 (9360) 
 
Internal Timing Sequence: 
[1] 0.000001 +J(0)
[2] 0.000152 -0.000051 (1) WT +J(0) +M(C:0K, Fs:24, WS:32K # 0K, PF:32K # 0K, P:32K)
[3] 0.001275 -0.000355 (6) WT +J(CM:0, PgRf:0, Rd:0/0, Dy:0/0, Lg:3480/2) +M(C:0K, Fs:14, WS:20K # 0K, PF:24K # 0K, P:24K)
[4] 0.000045 +J(0)
[5] -
[6] -
[7] -
[8] 0.000112 +J(CM:0, PgRf:2, Rd:8/0, Dy:0/0, Lg:54/1) +M(C:124K, Fs:57, WS:228K # 0K, PF:148K # 0K, P:148K)
[9] 0.000717 -0.000625 (2) CM -0.000582 (2) WT +J(CM:2, PgRf:16, Rd:0/1, Dy:0/0, Lg:0/0) +M(C:-16K, Fs:8, WS:-48K # 0K, PF:-16K # 0K, P:-16K)
[10] 0.000145 -0.000083 (1) CM -0.000049 (1) WT +J(CM:1, PgRf:35, Rd:0/1, Dy:0/0, Lg:0/0) +M(C:-28K, Fs:8, WS:4K # 0K, PF:-28K # 0K, P:-28K)
[11] 0.000003 +J(CM:0, PgRf:1, Rd:0/0, Dy:0/0, Lg:0/0)
[12] 0.000013 +J(CM:0, PgRf:42, Rd:0/0, Dy:0/0, Lg:0/0)
[13] 0.0 +J(0)
[14] 0.0 +J(0)
[15] 0.000001 +J(CM:0, PgRf:1, Rd:0/0, Dy:0/0, Lg:0/0)."
"5/31/2026 5:56:53 PM","105","Information","ESENT","svchost (3132,D,0) AAP: The database engine started a new instance (2). (Time=0 seconds) 
 
Additional Data:
 lgposV2[] = 00000001:0001:0000 - 00000001:007E:02FB - 00000001:007F:0000 - 00000001:007F:0000 (00000000:0000:0000)
cReInits = 31
 
 
Internal Timing Sequence: 
[1] -
[2] -
[3] 0.000116 +J(0) +M(C:0K, Fs:3, WS:12K # 0K, PF:0K # 0K, P:0K)
[4] 0.000056 +J(0) +M(C:0K, Fs:9, WS:36K # 0K, PF:140K # 0K, P:140K)
[5] 0.000271 +J(0) +M(C:0K, Fs:4, WS:16K # 0K, PF:0K # 0K, P:0K)
[6] 0.000640 +J(0) +M(C:0K, Fs:2, WS:8K # 0K, PF:16K # 0K, P:16K)
[7] 0.003697 -0.001801 (11) WT +J(0) +M(C:0K, Fs:1283, WS:5120K # 1896K, PF:5132K # 1004K, P:5132K)
[8] 0.011561 -0.004074 (49) WT +J(CM:0, PgRf:0, Rd:0/0, Dy:0/0, Lg:510990/1137) +M(C:0K, Fs:795, WS:196K # 240K, PF:68K # 112K, P:68K)
[9] 0.000248 +J(0)
[10] 0.002365 -0.001115 (10) WT +J(0) +M(C:0K, Fs:1, WS:-5116K # 0K, PF:-5120K # 0K, P:-5120K)
[11] 0.000011 +J(CM:0, PgRf:0, Rd:0/0, Dy:0/0, Lg:49/1) +M(C:0K, Fs:1, WS:4K # 0K, PF:0K # 0K, P:0K)
[12] 0.000023 +J(0)
[13] 0.009146 -0.000216 (2) CM -0.003045 (30) WT +J(CM:2, PgRf:2, Rd:0/2, Dy:0/0, Lg:8759/5) +M(C:-56K, Fs:1328, WS:-44K # 0K, PF:-116K # 0K, P:-116K)
[14] 0.000008 +J(0)
[15] 0.000009 +J(0)
[16] 0.000175 -0.000085 (1) WT +J(0) +M(C:0K, Fs:2, WS:0K # 0K, PF:0K # 0K, P:0K)."
"5/31/2026 5:56:53 PM","302","Information","ESENT","svchost (3132,U,98) AAP: The database engine has successfully completed recovery steps."
"5/31/2026 5:56:53 PM","301","Information","ESENT","svchost (3132,R,98) AAP: The database engine has finished replaying logfile C:\RemoteInstall\Mgmt\AAP.log. 
 
Processing Stats: 
[1] 0.010250 -0.003652 (46) WT +J(CM:0, PgRf:0, Rd:0/0, Dy:0/0, Lg:510990/1137) +M(C:0K, Fs:759, WS:60K # 104K, PF:60K # 96K, P:60K). 
Log record of type 'Insert   ' was seen most frequently (326 times)"
"5/31/2026 5:56:53 PM","335","Information","ESENT","svchost (3132,R,98) AAP: Replay of a Create for database ""C:\RemoteInstall\Mgmt\binlsvcdb.mdb"" at log position (00000001,0001,0268) was deferred due to AttachFuture.  Additional information:  "
"5/31/2026 5:56:53 PM","300","Information","ESENT","svchost (3132,R,98) AAP: The database engine is initiating recovery steps."
"5/31/2026 5:56:53 PM","102","Information","ESENT","svchost (3132,P,98) AAP: The database engine (10.00.20348.0000) is starting a new instance (2)."
"5/31/2026 5:56:53 PM","517","Information","WDSServer","Provider WdsImgSrv loaded from C:\Windows\system32\WdsImgSrv.dll and initialized successfully."
"5/31/2026 5:56:53 PM","256","Information","WDSIMGSRV","The Windows Deployment Services image server initialized successfully. 
"
"5/31/2026 5:56:49 PM","3408","Information","MSSQL$SQLEXPRESS","Recovery is complete. This is an informational message only. No user action is required."
"5/31/2026 5:56:49 PM","9688","Information","MSSQL$SQLEXPRESS","Service Broker manager has started."
"5/31/2026 5:56:49 PM","9666","Information","MSSQL$SQLEXPRESS","The Database Mirroring endpoint is in disabled or stopped state."
"5/31/2026 5:56:49 PM","9666","Information","MSSQL$SQLEXPRESS","The Service Broker endpoint is in disabled or stopped state."
"5/31/2026 5:56:49 PM","903","Information","Microsoft-Windows-Security-SPP","The Software Protection service has stopped.
"
"5/31/2026 5:56:49 PM","16384","Information","Microsoft-Windows-Security-SPP","Successfully scheduled Software Protection service for re-start at 2026-06-02T00:55:49Z. Reason: TBL."
"5/31/2026 5:56:49 PM","26067","Information","MSSQL$SQLEXPRESS","The SQL Server Network Interface library could not register the Service Principal Name (SPN) [ MSSQLSvc/dc.scaffold.htb:52951 ] for the SQL Server service. Windows return code: 0x2098, state: 15. Failure to register a SPN might cause integrated authentication to use NTLM instead of Kerberos. This is an informational message. Further action is only required if Kerberos authentication is required by authentication policies and if the SPN has not been manually registered."
"5/31/2026 5:56:49 PM","26067","Information","MSSQL$SQLEXPRESS","The SQL Server Network Interface library could not register the Service Principal Name (SPN) [ MSSQLSvc/dc.scaffold.htb:SQLEXPRESS ] for the SQL Server service. Windows return code: 0x2098, state: 15. Failure to register a SPN might cause integrated authentication to use NTLM instead of Kerberos. This is an informational message. Further action is only required if Kerberos authentication is required by authentication policies and if the SPN has not been manually registered."
"5/31/2026 5:56:49 PM","17126","Information","MSSQL$SQLEXPRESS","SQL Server is now ready for client connections. This is an informational message; no user action is required."
"5/31/2026 5:56:49 PM","26076","Information","MSSQL$SQLEXPRESS","SQL Server is attempting to register a Service Principal Name (SPN) for the SQL Server service. Kerberos authentication will not be possible until a SPN is registered for the SQL Server service. This is an informational message. No user action is required."
"5/31/2026 5:56:49 PM","17199","Information","MSSQL$SQLEXPRESS","Dedicated administrator connection support was not started because it is disabled on this edition of SQL Server. If you want to use a dedicated administrator connection, restart SQL Server using the trace flag 7806. This is an informational message only. No user action is required."
"5/31/2026 5:56:49 PM","26048","Information","MSSQL$SQLEXPRESS","Server local connection provider is ready to accept connection on [ \\.\pipe\MSSQL$SQLEXPRESS\sql\query ]."
"5/31/2026 5:56:49 PM","26048","Information","MSSQL$SQLEXPRESS","Server local connection provider is ready to accept connection on [ \\.\pipe\SQLLocal\SQLEXPRESS ]."
"5/31/2026 5:56:49 PM","26022","Information","MSSQL$SQLEXPRESS","Server is listening on [ 'any' <ipv4> 52951]."
"5/31/2026 5:56:49 PM","26022","Information","MSSQL$SQLEXPRESS","Server is listening on [ 'any' <ipv6> 52951]."
"5/31/2026 5:56:49 PM","26018","Information","MSSQL$SQLEXPRESS","A self-generated certificate was successfully loaded for encryption."
