"9/1/2026 2:52:19 PM","114","Warning","Microsoft-Windows-TaskScheduler","Task Scheduler could not launch task ""\Microsoft\Windows\Flighting\OneSettings\RefreshCache""  as scheduled. Instance ""{617930d5-8fd2-4ab1-a627-3ebf4cee66d0}""  is started now as required by the configuration option to start the task when available, if schedule is missed."
"9/1/2026 2:52:19 PM","200","Information","Microsoft-Windows-TaskScheduler","Task Scheduler launched action ""%windir%\system32\rundll32.exe"" in instance ""{74df7d42-c5c1-450d-b3c5-b57a94b6487f}"" of task ""\Microsoft\Windows\Application Experience\PcaPatchDbTask""."
"9/1/2026 2:52:19 PM","100","Information","Microsoft-Windows-TaskScheduler","Task Scheduler started ""{74df7d42-c5c1-450d-b3c5-b57a94b6487f}"" instance of the ""\Microsoft\Windows\Application Experience\PcaPatchDbTask"" task for user ""NT AUTHORITY\SYSTEM""."
"9/1/2026 2:52:19 PM","129","Information","Microsoft-Windows-TaskScheduler","Task Scheduler launch task ""\Microsoft\Windows\Application Experience\PcaPatchDbTask"" , instance ""%windir%\system32\rundll32.exe""  with process ID 2596."
"9/1/2026 2:52:19 PM","200","Information","Microsoft-Windows-TaskScheduler","Task Scheduler launched action ""%windir%\system32\compattelrunner.exe"" in instance ""{605a5d7b-2caf-4446-8ac1-a2feb0a4223d}"" of task ""\Microsoft\Windows\Application Experience\Microsoft Compatibility Appraiser""."
"9/1/2026 2:52:19 PM","100","Information","Microsoft-Windows-TaskScheduler","Task Scheduler started ""{605a5d7b-2caf-4446-8ac1-a2feb0a4223d}"" instance of the ""\Microsoft\Windows\Application Experience\Microsoft Compatibility Appraiser"" task for user ""NT AUTHORITY\SYSTEM""."
"9/1/2026 2:52:19 PM","129","Information","Microsoft-Windows-TaskScheduler","Task Scheduler launch task ""\Microsoft\Windows\Application Experience\Microsoft Compatibility Appraiser"" , instance ""%windir%\system32\compattelrunner.exe""  with process ID 1444."
"9/1/2026 2:52:19 PM","200","Information","Microsoft-Windows-TaskScheduler","Task Scheduler launched action ""C:\Windows\system32\sc.exe"" in instance ""{59f3a047-4c7f-4db2-bf0b-36333290ac00}"" of task ""\Microsoft\Windows\WindowsUpdate\Scheduled Start""."
"9/1/2026 2:52:19 PM","100","Information","Microsoft-Windows-TaskScheduler","Task Scheduler started ""{59f3a047-4c7f-4db2-bf0b-36333290ac00}"" instance of the ""\Microsoft\Windows\WindowsUpdate\Scheduled Start"" task for user ""NT AUTHORITY\SYSTEM""."
"9/1/2026 2:52:19 PM","129","Information","Microsoft-Windows-TaskScheduler","Task Scheduler launch task ""\Microsoft\Windows\WindowsUpdate\Scheduled Start"" , instance ""C:\Windows\system32\sc.exe""  with process ID 6192."
"9/1/2026 2:52:19 PM","114","Warning","Microsoft-Windows-TaskScheduler","Task Scheduler could not launch task ""\Microsoft\Windows\Application Experience\PcaPatchDbTask""  as scheduled. Instance ""{74df7d42-c5c1-450d-b3c5-b57a94b6487f}""  is started now as required by the configuration option to start the task when available, if schedule is missed."
"9/1/2026 2:52:19 PM","200","Information","Microsoft-Windows-TaskScheduler","Task Scheduler launched action ""C:\Program Files (x86)\Microsoft\EdgeUpdate\MicrosoftEdgeUpdate.exe"" in instance ""{d8f41519-16a7-4188-9078-90a60611ae1d}"" of task ""\MicrosoftEdgeUpdateTaskMachineUA""."
"9/1/2026 2:52:19 PM","100","Information","Microsoft-Windows-TaskScheduler","Task Scheduler started ""{d8f41519-16a7-4188-9078-90a60611ae1d}"" instance of the ""\MicrosoftEdgeUpdateTaskMachineUA"" task for user ""NT AUTHORITY\SYSTEM""."
"9/1/2026 2:52:19 PM","200","Information","Microsoft-Windows-TaskScheduler","Task Scheduler launched action ""%windir%\system32\devicecensus.exe"" in instance ""{f9eb4ea3-1426-4146-a3f9-822e7469d3ec}"" of task ""\Microsoft\Windows\Device Information\Device""."
"9/1/2026 2:52:19 PM","100","Information","Microsoft-Windows-TaskScheduler","Task Scheduler started ""{f9eb4ea3-1426-4146-a3f9-822e7469d3ec}"" instance of the ""\Microsoft\Windows\Device Information\Device"" task for user ""NT AUTHORITY\SYSTEM""."
"9/1/2026 2:52:19 PM","129","Information","Microsoft-Windows-TaskScheduler","Task Scheduler launch task ""\MicrosoftEdgeUpdateTaskMachineUA"" , instance ""C:\Program Files (x86)\Microsoft\EdgeUpdate\MicrosoftEdgeUpdate.exe""  with process ID 1140."
"9/1/2026 2:52:19 PM","129","Information","Microsoft-Windows-TaskScheduler","Task Scheduler launch task ""\Microsoft\Windows\Device Information\Device"" , instance ""%windir%\system32\devicecensus.exe""  with process ID 2672."
"9/1/2026 2:52:19 PM","114","Warning","Microsoft-Windows-TaskScheduler","Task Scheduler could not launch task ""\Microsoft\Windows\WindowsUpdate\Scheduled Start""  as scheduled. Instance ""{59f3a047-4c7f-4db2-bf0b-36333290ac00}""  is started now as required by the configuration option to start the task when available, if schedule is missed."
"9/1/2026 2:52:19 PM","114","Warning","Microsoft-Windows-TaskScheduler","Task Scheduler could not launch task ""\MicrosoftEdgeUpdateTaskMachineUA""  as scheduled. Instance ""{d8f41519-16a7-4188-9078-90a60611ae1d}""  is started now as required by the configuration option to start the task when available, if schedule is missed."
"9/1/2026 2:52:19 PM","200","Information","Microsoft-Windows-TaskScheduler","Task Scheduler launched action ""Data Integrity Scan"" in instance ""{bb491d85-a2ac-4fa9-8ed4-955d19c3542c}"" of task ""\Microsoft\Windows\Data Integrity Scan\Data Integrity Check And Scan""."
"9/1/2026 2:52:19 PM","100","Information","Microsoft-Windows-TaskScheduler","Task Scheduler started ""{bb491d85-a2ac-4fa9-8ed4-955d19c3542c}"" instance of the ""\Microsoft\Windows\Data Integrity Scan\Data Integrity Check And Scan"" task for user ""NT AUTHORITY\SYSTEM""."
"9/1/2026 2:52:19 PM","129","Information","Microsoft-Windows-TaskScheduler","Task Scheduler launch task ""\Microsoft\Windows\Data Integrity Scan\Data Integrity Check And Scan"" , instance ""taskhostw.exe""  with process ID 6696."
"9/1/2026 2:52:19 PM","114","Warning","Microsoft-Windows-TaskScheduler","Task Scheduler could not launch task ""\Microsoft\Windows\Application Experience\Microsoft Compatibility Appraiser""  as scheduled. Instance ""{605a5d7b-2caf-4446-8ac1-a2feb0a4223d}""  is started now as required by the configuration option to start the task when available, if schedule is missed."
"9/1/2026 2:52:19 PM","200","Information","Microsoft-Windows-TaskScheduler","Task Scheduler launched action ""%systemroot%\system32\MusNotification.exe"" in instance ""{03721c33-fb85-4441-9232-a7931b011007}"" of task ""\Microsoft\Windows\UpdateOrchestrator\USO_UxBroker""."
"9/1/2026 2:52:19 PM","100","Information","Microsoft-Windows-TaskScheduler","Task Scheduler started ""{03721c33-fb85-4441-9232-a7931b011007}"" instance of the ""\Microsoft\Windows\UpdateOrchestrator\USO_UxBroker"" task for user ""NT AUTHORITY\SYSTEM""."
"9/1/2026 2:52:19 PM","129","Information","Microsoft-Windows-TaskScheduler","Task Scheduler launch task ""\Microsoft\Windows\UpdateOrchestrator\USO_UxBroker"" , instance ""%systemroot%\system32\MusNotification.exe""  with process ID 3952."
"9/1/2026 2:52:19 PM","114","Warning","Microsoft-Windows-TaskScheduler","Task Scheduler could not launch task ""\Microsoft\Windows\Device Information\Device""  as scheduled. Instance ""{f9eb4ea3-1426-4146-a3f9-822e7469d3ec}""  is started now as required by the configuration option to start the task when available, if schedule is missed."
"9/1/2026 2:52:19 PM","200","Information","Microsoft-Windows-TaskScheduler","Task Scheduler launched action ""%SystemRoot%\System32\wsqmcons.exe"" in instance ""{34e367a7-1c8a-4763-9dcf-16a689311841}"" of task ""\Microsoft\Windows\Customer Experience Improvement Program\Consolidator""."
"9/1/2026 2:52:19 PM","100","Information","Microsoft-Windows-TaskScheduler","Task Scheduler started ""{34e367a7-1c8a-4763-9dcf-16a689311841}"" instance of the ""\Microsoft\Windows\Customer Experience Improvement Program\Consolidator"" task for user ""NT AUTHORITY\SYSTEM""."
"9/1/2026 2:52:19 PM","129","Information","Microsoft-Windows-TaskScheduler","Task Scheduler launch task ""\Microsoft\Windows\Customer Experience Improvement Program\Consolidator"" , instance ""%SystemRoot%\System32\wsqmcons.exe""  with process ID 4540."
"9/1/2026 2:52:19 PM","200","Information","Microsoft-Windows-TaskScheduler","Task Scheduler launched action ""C:\Program Files (x86)\Microsoft\EdgeUpdate\MicrosoftEdgeUpdate.exe"" in instance ""{ebdd518b-2de8-4296-b1f6-95b4dd8c769a}"" of task ""\MicrosoftEdgeUpdateTaskMachineCore""."
"9/1/2026 2:52:19 PM","100","Information","Microsoft-Windows-TaskScheduler","Task Scheduler started ""{ebdd518b-2de8-4296-b1f6-95b4dd8c769a}"" instance of the ""\MicrosoftEdgeUpdateTaskMachineCore"" task for user ""NT AUTHORITY\SYSTEM""."
"9/1/2026 2:52:19 PM","129","Information","Microsoft-Windows-TaskScheduler","Task Scheduler launch task ""\MicrosoftEdgeUpdateTaskMachineCore"" , instance ""C:\Program Files (x86)\Microsoft\EdgeUpdate\MicrosoftEdgeUpdate.exe""  with process ID 1240."
"9/1/2026 2:52:19 PM","114","Warning","Microsoft-Windows-TaskScheduler","Task Scheduler could not launch task ""\Microsoft\Windows\UpdateOrchestrator\USO_UxBroker""  as scheduled. Instance ""{03721c33-fb85-4441-9232-a7931b011007}""  is started now as required by the configuration option to start the task when available, if schedule is missed."
"9/1/2026 2:52:19 PM","200","Information","Microsoft-Windows-TaskScheduler","Task Scheduler launched action ""%windir%\system32\wermgr.exe"" in instance ""{7163533a-cd0f-45c0-9dc5-97fc8ec60cbe}"" of task ""\Microsoft\Windows\Windows Error Reporting\QueueReporting""."
"9/1/2026 2:52:19 PM","100","Information","Microsoft-Windows-TaskScheduler","Task Scheduler started ""{7163533a-cd0f-45c0-9dc5-97fc8ec60cbe}"" instance of the ""\Microsoft\Windows\Windows Error Reporting\QueueReporting"" task for user ""NT AUTHORITY\SYSTEM""."
"9/1/2026 2:52:19 PM","129","Information","Microsoft-Windows-TaskScheduler","Task Scheduler launch task ""\Microsoft\Windows\Windows Error Reporting\QueueReporting"" , instance ""%windir%\system32\wermgr.exe""  with process ID 3596."
"9/1/2026 2:52:19 PM","114","Warning","Microsoft-Windows-TaskScheduler","Task Scheduler could not launch task ""\MicrosoftEdgeUpdateTaskMachineCore""  as scheduled. Instance ""{ebdd518b-2de8-4296-b1f6-95b4dd8c769a}""  is started now as required by the configuration option to start the task when available, if schedule is missed."
"9/1/2026 2:52:19 PM","114","Warning","Microsoft-Windows-TaskScheduler","Task Scheduler could not launch task ""\Microsoft\Windows\Customer Experience Improvement Program\Consolidator""  as scheduled. Instance ""{34e367a7-1c8a-4763-9dcf-16a689311841}""  is started now as required by the configuration option to start the task when available, if schedule is missed."
"9/1/2026 2:52:19 PM","114","Warning","Microsoft-Windows-TaskScheduler","Task Scheduler could not launch task ""\Microsoft\Windows\Data Integrity Scan\Data Integrity Check And Scan""  as scheduled. Instance ""{bb491d85-a2ac-4fa9-8ed4-955d19c3542c}""  is started now as required by the configuration option to start the task when available, if schedule is missed."
"9/1/2026 2:52:19 PM","114","Warning","Microsoft-Windows-TaskScheduler","Task Scheduler could not launch task ""\Microsoft\Windows\Windows Error Reporting\QueueReporting""  as scheduled. Instance ""{7163533a-cd0f-45c0-9dc5-97fc8ec60cbe}""  is started now as required by the configuration option to start the task when available, if schedule is missed."
"9/1/2026 2:52:16 PM","102","Information","Microsoft-Windows-TaskScheduler","Task Scheduler successfully finished ""{1b84e1c8-5c99-4925-b740-6299cb121a17}"" instance of the ""\Microsoft\Windows\Workplace Join\Automatic-Device-Join"" task for user ""NT AUTHORITY\SYSTEM""."
"9/1/2026 2:52:16 PM","201","Information","Microsoft-Windows-TaskScheduler","Task Scheduler successfully completed task ""\Microsoft\Windows\Workplace Join\Automatic-Device-Join"" , instance ""{1b84e1c8-5c99-4925-b740-6299cb121a17}"" , action ""%SystemRoot%\System32\dsregcmd.exe"" with return code 2147942401."
"9/1/2026 2:52:15 PM","200","Information","Microsoft-Windows-TaskScheduler","Task Scheduler launched action ""%SystemRoot%\System32\dsregcmd.exe"" in instance ""{1b84e1c8-5c99-4925-b740-6299cb121a17}"" of task ""\Microsoft\Windows\Workplace Join\Automatic-Device-Join""."
"9/1/2026 2:52:15 PM","100","Information","Microsoft-Windows-TaskScheduler","Task Scheduler started ""{1b84e1c8-5c99-4925-b740-6299cb121a17}"" instance of the ""\Microsoft\Windows\Workplace Join\Automatic-Device-Join"" task for user ""NT AUTHORITY\SYSTEM""."
"9/1/2026 2:52:15 PM","129","Information","Microsoft-Windows-TaskScheduler","Task Scheduler launch task ""\Microsoft\Windows\Workplace Join\Automatic-Device-Join"" , instance ""%SystemRoot%\System32\dsregcmd.exe""  with process ID 6944."
"9/1/2026 2:52:15 PM","119","Information","Microsoft-Windows-TaskScheduler","Task Scheduler launched ""{1b84e1c8-5c99-4925-b740-6299cb121a17}""  instance of task ""\Microsoft\Windows\Workplace Join\Automatic-Device-Join"" due to user ""SCAFFOLD\Administrator""  logon."
"9/1/2026 2:51:52 PM","102","Information","Microsoft-Windows-TaskScheduler","Task Scheduler successfully finished ""{0f6a7656-b4c6-42bc-88ae-8e410d99d2cc}"" instance of the ""\Microsoft\Windows\UpdateOrchestrator\MusUx_UpdateInterval"" task for user ""NT AUTHORITY\SYSTEM""."
"9/1/2026 2:51:52 PM","201","Information","Microsoft-Windows-TaskScheduler","Task Scheduler successfully completed task ""\Microsoft\Windows\UpdateOrchestrator\MusUx_UpdateInterval"" , instance ""{0f6a7656-b4c6-42bc-88ae-8e410d99d2cc}"" , action ""%systemroot%\system32\MusNotification.exe"" with return code 0."
"9/1/2026 2:51:51 PM","140","Information","Microsoft-Windows-TaskScheduler","User ""S-1-5-18""  updated Task Scheduler task ""\Microsoft\Windows\UpdateOrchestrator\Reboot_AC"""
"9/1/2026 2:51:50 PM","200","Information","Microsoft-Windows-TaskScheduler","Task Scheduler launched action ""%systemroot%\system32\MusNotification.exe"" in instance ""{0f6a7656-b4c6-42bc-88ae-8e410d99d2cc}"" of task ""\Microsoft\Windows\UpdateOrchestrator\MusUx_UpdateInterval""."
"9/1/2026 2:51:50 PM","100","Information","Microsoft-Windows-TaskScheduler","Task Scheduler started ""{0f6a7656-b4c6-42bc-88ae-8e410d99d2cc}"" instance of the ""\Microsoft\Windows\UpdateOrchestrator\MusUx_UpdateInterval"" task for user ""NT AUTHORITY\SYSTEM""."
"9/1/2026 2:51:50 PM","129","Information","Microsoft-Windows-TaskScheduler","Task Scheduler launch task ""\Microsoft\Windows\UpdateOrchestrator\MusUx_UpdateInterval"" , instance ""%systemroot%\system32\MusNotification.exe""  with process ID 7084."
"9/1/2026 2:51:50 PM","119","Information","Microsoft-Windows-TaskScheduler","Task Scheduler launched ""{0f6a7656-b4c6-42bc-88ae-8e410d99d2cc}""  instance of task ""\Microsoft\Windows\UpdateOrchestrator\MusUx_UpdateInterval"" due to user ""SCAFFOLD\Administrator""  logon."
"9/1/2026 2:51:46 PM","140","Information","Microsoft-Windows-TaskScheduler","User ""SCAFFOLD\DC$""  updated Task Scheduler task ""\Microsoft\Windows\SoftwareProtectionPlatform\SvcRestartTask"""
"9/1/2026 2:51:45 PM","200","Information","Microsoft-Windows-TaskScheduler","Task Scheduler launched action ""Sync Language Data From Cloud Task"" in instance ""{3d7d12a7-fd6c-4437-8628-3abb72445ca3}"" of task ""\Microsoft\Windows\International\Synchronize Language Settings""."
"9/1/2026 2:51:45 PM","100","Information","Microsoft-Windows-TaskScheduler","Task Scheduler started ""{3d7d12a7-fd6c-4437-8628-3abb72445ca3}"" instance of the ""\Microsoft\Windows\International\Synchronize Language Settings"" task for user ""SCAFFOLD\Administrator""."
"9/1/2026 2:51:45 PM","129","Information","Microsoft-Windows-TaskScheduler","Task Scheduler launch task ""\Microsoft\Windows\International\Synchronize Language Settings"" , instance ""taskhostw.exe""  with process ID 6996."
"9/1/2026 2:51:45 PM","119","Information","Microsoft-Windows-TaskScheduler","Task Scheduler launched ""{3d7d12a7-fd6c-4437-8628-3abb72445ca3}""  instance of task ""\Microsoft\Windows\International\Synchronize Language Settings"" due to user ""SCAFFOLD\Administrator""  logon."
"9/1/2026 2:51:18 PM","102","Information","Microsoft-Windows-TaskScheduler","Task Scheduler successfully finished ""{edcdfffb-beaf-4739-adcf-942c6032917a}"" instance of the ""\Microsoft\Windows\Server Manager\ServerManager"" task for user ""SCAFFOLD\Administrator""."
"9/1/2026 2:51:18 PM","201","Information","Microsoft-Windows-TaskScheduler","Task Scheduler successfully completed task ""\Microsoft\Windows\Server Manager\ServerManager"" , instance ""{edcdfffb-beaf-4739-adcf-942c6032917a}"" , action ""%windir%\system32\ServerManagerLauncher.exe"" with return code 0."
"9/1/2026 2:51:16 PM","102","Information","Microsoft-Windows-TaskScheduler","Task Scheduler successfully finished ""{1db43169-c87d-41c7-b9de-51404d68a19a}"" instance of the ""\Microsoft\Windows\WindowsColorSystem\Calibration Loader"" task for user ""SCAFFOLD\Administrator""."
"9/1/2026 2:51:16 PM","201","Information","Microsoft-Windows-TaskScheduler","Task Scheduler successfully completed task ""\Microsoft\Windows\WindowsColorSystem\Calibration Loader"" , instance ""{1db43169-c87d-41c7-b9de-51404d68a19a}"" , action ""Color Calibration Loader"" with return code 0."
"9/1/2026 2:51:16 PM","102","Information","Microsoft-Windows-TaskScheduler","Task Scheduler successfully finished ""{b71dc336-c542-4f4f-a8d5-69ae6fbed81a}"" instance of the ""\Microsoft\Windows\CertificateServicesClient\UserTask"" task for user ""SCAFFOLD\Administrator""."
"9/1/2026 2:51:16 PM","201","Information","Microsoft-Windows-TaskScheduler","Task Scheduler successfully completed task ""\Microsoft\Windows\CertificateServicesClient\UserTask"" , instance ""{b71dc336-c542-4f4f-a8d5-69ae6fbed81a}"" , action ""Certificate Services Client Task Handler"" with return code 0."
"9/1/2026 2:51:16 PM","200","Information","Microsoft-Windows-TaskScheduler","Task Scheduler launched action ""C:\Windows\Explorer.EXE"" in instance ""{874a06fa-6967-4072-878f-afd6309c9fb3}"" of task ""\CreateExplorerShellUnelevatedTask""."
"9/1/2026 2:51:16 PM","100","Information","Microsoft-Windows-TaskScheduler","Task Scheduler started ""{874a06fa-6967-4072-878f-afd6309c9fb3}"" instance of the ""\CreateExplorerShellUnelevatedTask"" task for user ""SCAFFOLD\Administrator""."
"9/1/2026 2:51:16 PM","129","Information","Microsoft-Windows-TaskScheduler","Task Scheduler launch task ""\CreateExplorerShellUnelevatedTask"" , instance ""C:\Windows\Explorer.EXE""  with process ID 3160."
"9/1/2026 2:51:16 PM","109","Information","Microsoft-Windows-TaskScheduler","Task Scheduler launched ""{874a06fa-6967-4072-878f-afd6309c9fb3}""  instance of task ""\CreateExplorerShellUnelevatedTask""  according to a registration trigger."
"9/1/2026 2:51:16 PM","140","Information","Microsoft-Windows-TaskScheduler","User ""SCAFFOLD\Administrator""  updated Task Scheduler task ""\CreateExplorerShellUnelevatedTask"""
"9/1/2026 2:51:16 PM","106","Information","Microsoft-Windows-TaskScheduler","User ""SCAFFOLD\Administrator""  registered Task Scheduler task ""\CreateExplorerShellUnelevatedTask"""
"9/1/2026 2:51:16 PM","141","Information","Microsoft-Windows-TaskScheduler","User ""SCAFFOLD\Administrator""  deleted Task Scheduler task ""\CreateExplorerShellUnelevatedTask"""
"9/1/2026 2:51:16 PM","102","Information","Microsoft-Windows-TaskScheduler","Task Scheduler successfully finished ""{7ab84185-c047-42ae-8f08-d0f6abaa8d0e}"" instance of the ""\Microsoft\Windows\SoftwareProtectionPlatform\SvcRestartTaskLogon"" task for user ""SCAFFOLD\Administrator""."
"9/1/2026 2:51:16 PM","201","Information","Microsoft-Windows-TaskScheduler","Task Scheduler successfully completed task ""\Microsoft\Windows\SoftwareProtectionPlatform\SvcRestartTaskLogon"" , instance ""{7ab84185-c047-42ae-8f08-d0f6abaa8d0e}"" , action ""SppSvcRestartTaskHandler Class"" with return code 0."
"9/1/2026 2:51:15 PM","102","Information","Microsoft-Windows-TaskScheduler","Task Scheduler successfully finished ""{f1908124-8dcc-4cf4-9d74-0d6446ebfae7}"" instance of the ""\Microsoft\Windows\Plug and Play\Device Install Reboot Required"" task for user ""SCAFFOLD\Administrator""."
"9/1/2026 2:51:15 PM","201","Information","Microsoft-Windows-TaskScheduler","Task Scheduler successfully completed task ""\Microsoft\Windows\Plug and Play\Device Install Reboot Required"" , instance ""{f1908124-8dcc-4cf4-9d74-0d6446ebfae7}"" , action ""Device Installation Reboot Dialog Task"" with return code 0."
"9/1/2026 2:51:15 PM","102","Information","Microsoft-Windows-TaskScheduler","Task Scheduler successfully finished ""{4fa44b69-c89e-4892-a895-8af341fa212e}"" instance of the ""\Microsoft\Windows\TextServicesFramework\MsCtfMonitor"" task for user ""SCAFFOLD\Administrator""."
"9/1/2026 2:51:15 PM","201","Information","Microsoft-Windows-TaskScheduler","Task Scheduler successfully completed task ""\Microsoft\Windows\TextServicesFramework\MsCtfMonitor"" , instance ""{4fa44b69-c89e-4892-a895-8af341fa212e}"" , action ""MsCtfMonitor task handler"" with return code 0."
"9/1/2026 2:51:15 PM","200","Information","Microsoft-Windows-TaskScheduler","Task Scheduler launched action ""Color Calibration Loader"" in instance ""{1db43169-c87d-41c7-b9de-51404d68a19a}"" of task ""\Microsoft\Windows\WindowsColorSystem\Calibration Loader""."
"9/1/2026 2:51:15 PM","100","Information","Microsoft-Windows-TaskScheduler","Task Scheduler started ""{1db43169-c87d-41c7-b9de-51404d68a19a}"" instance of the ""\Microsoft\Windows\WindowsColorSystem\Calibration Loader"" task for user ""SCAFFOLD\Administrator""."
"9/1/2026 2:51:15 PM","200","Information","Microsoft-Windows-TaskScheduler","Task Scheduler launched action ""Certificate Services Client Task Handler"" in instance ""{b71dc336-c542-4f4f-a8d5-69ae6fbed81a}"" of task ""\Microsoft\Windows\CertificateServicesClient\UserTask""."
"9/1/2026 2:51:15 PM","100","Information","Microsoft-Windows-TaskScheduler","Task Scheduler started ""{b71dc336-c542-4f4f-a8d5-69ae6fbed81a}"" instance of the ""\Microsoft\Windows\CertificateServicesClient\UserTask"" task for user ""SCAFFOLD\Administrator""."
"9/1/2026 2:51:15 PM","200","Information","Microsoft-Windows-TaskScheduler","Task Scheduler launched action ""Device Installation Reboot Dialog Task"" in instance ""{f1908124-8dcc-4cf4-9d74-0d6446ebfae7}"" of task ""\Microsoft\Windows\Plug and Play\Device Install Reboot Required""."
"9/1/2026 2:51:15 PM","100","Information","Microsoft-Windows-TaskScheduler","Task Scheduler started ""{f1908124-8dcc-4cf4-9d74-0d6446ebfae7}"" instance of the ""\Microsoft\Windows\Plug and Play\Device Install Reboot Required"" task for user ""SCAFFOLD\Administrator""."
"9/1/2026 2:51:15 PM","129","Information","Microsoft-Windows-TaskScheduler","Task Scheduler launch task ""\Microsoft\Windows\Plug and Play\Device Install Reboot Required"" , instance ""taskhostw.exe""  with process ID 1360."
"9/1/2026 2:51:15 PM","200","Information","Microsoft-Windows-TaskScheduler","Task Scheduler launched action ""SppSvcRestartTaskHandler Class"" in instance ""{7ab84185-c047-42ae-8f08-d0f6abaa8d0e}"" of task ""\Microsoft\Windows\SoftwareProtectionPlatform\SvcRestartTaskLogon""."
"9/1/2026 2:51:15 PM","100","Information","Microsoft-Windows-TaskScheduler","Task Scheduler started ""{7ab84185-c047-42ae-8f08-d0f6abaa8d0e}"" instance of the ""\Microsoft\Windows\SoftwareProtectionPlatform\SvcRestartTaskLogon"" task for user ""SCAFFOLD\Administrator""."
"9/1/2026 2:51:15 PM","119","Information","Microsoft-Windows-TaskScheduler","Task Scheduler launched ""{f1908124-8dcc-4cf4-9d74-0d6446ebfae7}""  instance of task ""\Microsoft\Windows\Plug and Play\Device Install Reboot Required"" due to user ""SCAFFOLD\Administrator""  logon."
"9/1/2026 2:51:15 PM","129","Information","Microsoft-Windows-TaskScheduler","Task Scheduler launch task ""\Microsoft\Windows\SoftwareProtectionPlatform\SvcRestartTaskLogon"" , instance ""taskhostw.exe""  with process ID 4848."
"9/1/2026 2:51:15 PM","200","Information","Microsoft-Windows-TaskScheduler","Task Scheduler launched action ""C:\Program Files (x86)\Microsoft\EdgeUpdate\MicrosoftEdgeUpdate.exe"" in instance ""{c72c1f35-454b-4519-ba74-de7f7144ea3c}"" of task ""\MicrosoftEdgeUpdateTaskMachineCore""."
"9/1/2026 2:51:15 PM","100","Information","Microsoft-Windows-TaskScheduler","Task Scheduler started ""{c72c1f35-454b-4519-ba74-de7f7144ea3c}"" instance of the ""\MicrosoftEdgeUpdateTaskMachineCore"" task for user ""NT AUTHORITY\SYSTEM""."
"9/1/2026 2:51:15 PM","129","Information","Microsoft-Windows-TaskScheduler","Task Scheduler launch task ""\MicrosoftEdgeUpdateTaskMachineCore"" , instance ""C:\Program Files (x86)\Microsoft\EdgeUpdate\MicrosoftEdgeUpdate.exe""  with process ID 540."
"9/1/2026 2:51:15 PM","119","Information","Microsoft-Windows-TaskScheduler","Task Scheduler launched ""{7ab84185-c047-42ae-8f08-d0f6abaa8d0e}""  instance of task ""\Microsoft\Windows\SoftwareProtectionPlatform\SvcRestartTaskLogon"" due to user ""SCAFFOLD\Administrator""  logon."
"9/1/2026 2:51:15 PM","119","Information","Microsoft-Windows-TaskScheduler","Task Scheduler launched ""{c72c1f35-454b-4519-ba74-de7f7144ea3c}""  instance of task ""\MicrosoftEdgeUpdateTaskMachineCore"" due to user ""SCAFFOLD\Administrator""  logon."
"9/1/2026 2:51:15 PM","200","Information","Microsoft-Windows-TaskScheduler","Task Scheduler launched action ""Wininet Cache task object"" in instance ""{3df74413-ada0-4e32-8efb-a4c930bbbace}"" of task ""\Microsoft\Windows\Wininet\CacheTask""."
"9/1/2026 2:51:15 PM","100","Information","Microsoft-Windows-TaskScheduler","Task Scheduler started ""{3df74413-ada0-4e32-8efb-a4c930bbbace}"" instance of the ""\Microsoft\Windows\Wininet\CacheTask"" task for user ""SCAFFOLD\Administrator""."
"9/1/2026 2:51:15 PM","119","Information","Microsoft-Windows-TaskScheduler","Task Scheduler launched ""{3df74413-ada0-4e32-8efb-a4c930bbbace}""  instance of task ""\Microsoft\Windows\Wininet\CacheTask"" due to user ""SCAFFOLD\Administrator""  logon."
"9/1/2026 2:51:15 PM","200","Information","Microsoft-Windows-TaskScheduler","Task Scheduler launched action ""MsCtfMonitor task handler"" in instance ""{4fa44b69-c89e-4892-a895-8af341fa212e}"" of task ""\Microsoft\Windows\TextServicesFramework\MsCtfMonitor""."
"9/1/2026 2:51:15 PM","100","Information","Microsoft-Windows-TaskScheduler","Task Scheduler started ""{4fa44b69-c89e-4892-a895-8af341fa212e}"" instance of the ""\Microsoft\Windows\TextServicesFramework\MsCtfMonitor"" task for user ""SCAFFOLD\Administrator""."
"9/1/2026 2:51:15 PM","129","Information","Microsoft-Windows-TaskScheduler","Task Scheduler launch task ""\Microsoft\Windows\TextServicesFramework\MsCtfMonitor"" , instance ""taskhostw.exe""  with process ID 3984."
"9/1/2026 2:51:15 PM","119","Information","Microsoft-Windows-TaskScheduler","Task Scheduler launched ""{1db43169-c87d-41c7-b9de-51404d68a19a}""  instance of task ""\Microsoft\Windows\WindowsColorSystem\Calibration Loader"" due to user ""SCAFFOLD\Administrator""  logon."
"9/1/2026 2:51:15 PM","119","Information","Microsoft-Windows-TaskScheduler","Task Scheduler launched ""{b71dc336-c542-4f4f-a8d5-69ae6fbed81a}""  instance of task ""\Microsoft\Windows\CertificateServicesClient\UserTask"" due to user ""SCAFFOLD\Administrator""  logon."
"9/1/2026 2:51:15 PM","119","Information","Microsoft-Windows-TaskScheduler","Task Scheduler launched ""{4fa44b69-c89e-4892-a895-8af341fa212e}""  instance of task ""\Microsoft\Windows\TextServicesFramework\MsCtfMonitor"" due to user ""SCAFFOLD\Administrator""  logon."
"9/1/2026 2:51:15 PM","200","Information","Microsoft-Windows-TaskScheduler","Task Scheduler launched action ""%windir%\system32\ServerManagerLauncher.exe"" in instance ""{edcdfffb-beaf-4739-adcf-942c6032917a}"" of task ""\Microsoft\Windows\Server Manager\ServerManager""."
"9/1/2026 2:51:15 PM","100","Information","Microsoft-Windows-TaskScheduler","Task Scheduler started ""{edcdfffb-beaf-4739-adcf-942c6032917a}"" instance of the ""\Microsoft\Windows\Server Manager\ServerManager"" task for user ""SCAFFOLD\Administrator""."
"9/1/2026 2:51:15 PM","129","Information","Microsoft-Windows-TaskScheduler","Task Scheduler launch task ""\Microsoft\Windows\Server Manager\ServerManager"" , instance ""%windir%\system32\ServerManagerLauncher.exe""  with process ID 4092."
"9/1/2026 2:51:15 PM","119","Information","Microsoft-Windows-TaskScheduler","Task Scheduler launched ""{edcdfffb-beaf-4739-adcf-942c6032917a}""  instance of task ""\Microsoft\Windows\Server Manager\ServerManager"" due to user ""SCAFFOLD\Administrator""  logon."
"9/1/2026 2:50:42 PM","102","Information","Microsoft-Windows-TaskScheduler","Task Scheduler successfully finished ""{7b26e477-b337-4991-9227-e4cbeddf2263}"" instance of the ""\Scaffold\ScaffoldDeployEngine"" task for user ""NT AUTHORITY\SYSTEM""."
"9/1/2026 2:50:42 PM","201","Information","Microsoft-Windows-TaskScheduler","Task Scheduler successfully completed task ""\Scaffold\ScaffoldDeployEngine"" , instance ""{7b26e477-b337-4991-9227-e4cbeddf2263}"" , action ""powershell.exe"" with return code 0."
"9/1/2026 2:50:41 PM","200","Information","Microsoft-Windows-TaskScheduler","Task Scheduler launched action ""powershell.exe"" in instance ""{7b26e477-b337-4991-9227-e4cbeddf2263}"" of task ""\Scaffold\ScaffoldDeployEngine""."
"9/1/2026 2:50:41 PM","100","Information","Microsoft-Windows-TaskScheduler","Task Scheduler started ""{7b26e477-b337-4991-9227-e4cbeddf2263}"" instance of the ""\Scaffold\ScaffoldDeployEngine"" task for user ""NT AUTHORITY\SYSTEM""."
"9/1/2026 2:50:41 PM","129","Information","Microsoft-Windows-TaskScheduler","Task Scheduler launch task ""\Scaffold\ScaffoldDeployEngine"" , instance ""powershell.exe""  with process ID 3324."
"9/1/2026 2:50:41 PM","107","Information","Microsoft-Windows-TaskScheduler","Task Scheduler launched ""{7b26e477-b337-4991-9227-e4cbeddf2263}""  instance of task ""\Scaffold\ScaffoldDeployEngine"" due to a time trigger condition."
"9/1/2026 2:49:19 PM","103","Error","Microsoft-Windows-TaskScheduler","Task Scheduler failed to start instance ""{3759b043-cd9c-4f2c-8662-d80540dd5e11}"" of ""\Microsoft\Windows\Flighting\OneSettings\RefreshCache""  task for user ""NT AUTHORITY\SYSTEM"" . Additional Data: Error Value: 2147954407."
"9/1/2026 2:49:19 PM","202","Error","Microsoft-Windows-TaskScheduler","Task Scheduler failed to complete task ""\Microsoft\Windows\Flighting\OneSettings\RefreshCache"" , instance ""{3759b043-cd9c-4f2c-8662-d80540dd5e11}"" , action ""OneSettings Refresh Cache Task Handler"" . Additional Data: Error Value: 2147954407."
"9/1/2026 2:49:19 PM","140","Information","Microsoft-Windows-TaskScheduler","User ""SCAFFOLD\DC$""  updated Task Scheduler task ""\Microsoft\Windows\UpdateOrchestrator\Schedule Scan"""
"9/1/2026 2:49:19 PM","140","Information","Microsoft-Windows-TaskScheduler","User ""S-1-5-18""  updated Task Scheduler task ""\Microsoft\Windows\UpdateOrchestrator\Schedule Scan"""
"9/1/2026 2:49:19 PM","200","Information","Microsoft-Windows-TaskScheduler","Task Scheduler launched action ""OneSettings Refresh Cache Task Handler"" in instance ""{3759b043-cd9c-4f2c-8662-d80540dd5e11}"" of task ""\Microsoft\Windows\Flighting\OneSettings\RefreshCache""."
"9/1/2026 2:49:19 PM","100","Information","Microsoft-Windows-TaskScheduler","Task Scheduler started ""{3759b043-cd9c-4f2c-8662-d80540dd5e11}"" instance of the ""\Microsoft\Windows\Flighting\OneSettings\RefreshCache"" task for user ""NT AUTHORITY\SYSTEM""."
"9/1/2026 2:49:19 PM","129","Information","Microsoft-Windows-TaskScheduler","Task Scheduler launch task ""\Microsoft\Windows\Flighting\OneSettings\RefreshCache"" , instance ""taskhostw.exe""  with process ID 1740."
"9/1/2026 2:49:13 PM","102","Information","Microsoft-Windows-TaskScheduler","Task Scheduler successfully finished ""{e8ba4d7e-fef7-43ae-a44a-e039b4a5ad47}"" instance of the ""\Microsoft\Windows\Flighting\FeatureConfig\ReconcileFeatures"" task for user ""NT AUTHORITY\SYSTEM""."
"9/1/2026 2:49:13 PM","201","Information","Microsoft-Windows-TaskScheduler","Task Scheduler successfully completed task ""\Microsoft\Windows\Flighting\FeatureConfig\ReconcileFeatures"" , instance ""{e8ba4d7e-fef7-43ae-a44a-e039b4a5ad47}"" , action ""Feature Configuration Reconciliation Task Handler"" with return code 0."
"9/1/2026 2:49:12 PM","200","Information","Microsoft-Windows-TaskScheduler","Task Scheduler launched action ""Feature Configuration Reconciliation Task Handler"" in instance ""{e8ba4d7e-fef7-43ae-a44a-e039b4a5ad47}"" of task ""\Microsoft\Windows\Flighting\FeatureConfig\ReconcileFeatures""."
"9/1/2026 2:49:12 PM","100","Information","Microsoft-Windows-TaskScheduler","Task Scheduler started ""{e8ba4d7e-fef7-43ae-a44a-e039b4a5ad47}"" instance of the ""\Microsoft\Windows\Flighting\FeatureConfig\ReconcileFeatures"" task for user ""NT AUTHORITY\SYSTEM""."
"9/1/2026 2:49:12 PM","129","Information","Microsoft-Windows-TaskScheduler","Task Scheduler launch task ""\Microsoft\Windows\Flighting\FeatureConfig\ReconcileFeatures"" , instance ""taskhostw.exe""  with process ID 4508."
"9/1/2026 2:49:11 PM","102","Information","Microsoft-Windows-TaskScheduler","Task Scheduler successfully finished ""{1f0d4060-bb28-494d-84d0-7a3cf4f0fe33}"" instance of the ""\Microsoft\Windows\Windows Error Reporting\QueueReporting"" task for user ""NT AUTHORITY\SYSTEM""."
"9/1/2026 2:49:11 PM","201","Information","Microsoft-Windows-TaskScheduler","Task Scheduler successfully completed task ""\Microsoft\Windows\Windows Error Reporting\QueueReporting"" , instance ""{1f0d4060-bb28-494d-84d0-7a3cf4f0fe33}"" , action ""%windir%\system32\wermgr.exe"" with return code 0."
"9/1/2026 2:49:11 PM","200","Information","Microsoft-Windows-TaskScheduler","Task Scheduler launched action ""%windir%\system32\wermgr.exe"" in instance ""{1f0d4060-bb28-494d-84d0-7a3cf4f0fe33}"" of task ""\Microsoft\Windows\Windows Error Reporting\QueueReporting""."
"9/1/2026 2:49:11 PM","100","Information","Microsoft-Windows-TaskScheduler","Task Scheduler started ""{1f0d4060-bb28-494d-84d0-7a3cf4f0fe33}"" instance of the ""\Microsoft\Windows\Windows Error Reporting\QueueReporting"" task for user ""NT AUTHORITY\SYSTEM""."
"9/1/2026 2:49:11 PM","129","Information","Microsoft-Windows-TaskScheduler","Task Scheduler launch task ""\Microsoft\Windows\Windows Error Reporting\QueueReporting"" , instance ""%windir%\system32\wermgr.exe""  with process ID 1864."
"9/1/2026 2:49:11 PM","118","Information","Microsoft-Windows-TaskScheduler","Task Scheduler launched ""{1f0d4060-bb28-494d-84d0-7a3cf4f0fe33}""  instance of task ""\Microsoft\Windows\Windows Error Reporting\QueueReporting""  due to system startup."
"9/1/2026 2:49:07 PM","140","Information","Microsoft-Windows-TaskScheduler","User ""SCAFFOLD\DC$""  updated Task Scheduler task ""\Microsoft\Windows\SoftwareProtectionPlatform\SvcRestartTask"""
"9/1/2026 2:48:48 PM","102","Information","Microsoft-Windows-TaskScheduler","Task Scheduler successfully finished ""{606aef8b-acd6-46a3-94e6-1cfc9032945a}"" instance of the ""\MicrosoftEdgeUpdateTaskMachineUA"" task for user ""NT AUTHORITY\SYSTEM""."
"9/1/2026 2:48:48 PM","201","Information","Microsoft-Windows-TaskScheduler","Task Scheduler successfully completed task ""\MicrosoftEdgeUpdateTaskMachineUA"" , instance ""{606aef8b-acd6-46a3-94e6-1cfc9032945a}"" , action ""C:\Program Files (x86)\Microsoft\EdgeUpdate\MicrosoftEdgeUpdate.exe"" with return code 0."
"9/1/2026 2:48:48 PM","200","Information","Microsoft-Windows-TaskScheduler","Task Scheduler launched action ""C:\Program Files (x86)\Microsoft\EdgeUpdate\MicrosoftEdgeUpdate.exe"" in instance ""{606aef8b-acd6-46a3-94e6-1cfc9032945a}"" of task ""\MicrosoftEdgeUpdateTaskMachineUA""."
"9/1/2026 2:48:48 PM","100","Information","Microsoft-Windows-TaskScheduler","Task Scheduler started ""{606aef8b-acd6-46a3-94e6-1cfc9032945a}"" instance of the ""\MicrosoftEdgeUpdateTaskMachineUA"" task for user ""NT AUTHORITY\SYSTEM""."
"9/1/2026 2:48:48 PM","129","Information","Microsoft-Windows-TaskScheduler","Task Scheduler launch task ""\MicrosoftEdgeUpdateTaskMachineUA"" , instance ""C:\Program Files (x86)\Microsoft\EdgeUpdate\MicrosoftEdgeUpdate.exe""  with process ID 3380."
"9/1/2026 2:48:48 PM","107","Information","Microsoft-Windows-TaskScheduler","Task Scheduler launched ""{606aef8b-acd6-46a3-94e6-1cfc9032945a}""  instance of task ""\MicrosoftEdgeUpdateTaskMachineUA"" due to a time trigger condition."
"9/1/2026 2:48:42 PM","102","Information","Microsoft-Windows-TaskScheduler","Task Scheduler successfully finished ""{f42e7229-36bc-4d03-97f2-ebc95b416ae2}"" instance of the ""\Scaffold\ScaffoldDeployEngine"" task for user ""NT AUTHORITY\SYSTEM""."
"9/1/2026 2:48:42 PM","201","Information","Microsoft-Windows-TaskScheduler","Task Scheduler successfully completed task ""\Scaffold\ScaffoldDeployEngine"" , instance ""{f42e7229-36bc-4d03-97f2-ebc95b416ae2}"" , action ""powershell.exe"" with return code 0."
"9/1/2026 2:48:41 PM","200","Information","Microsoft-Windows-TaskScheduler","Task Scheduler launched action ""powershell.exe"" in instance ""{f42e7229-36bc-4d03-97f2-ebc95b416ae2}"" of task ""\Scaffold\ScaffoldDeployEngine""."
"9/1/2026 2:48:41 PM","100","Information","Microsoft-Windows-TaskScheduler","Task Scheduler started ""{f42e7229-36bc-4d03-97f2-ebc95b416ae2}"" instance of the ""\Scaffold\ScaffoldDeployEngine"" task for user ""NT AUTHORITY\SYSTEM""."
"9/1/2026 2:48:41 PM","129","Information","Microsoft-Windows-TaskScheduler","Task Scheduler launch task ""\Scaffold\ScaffoldDeployEngine"" , instance ""powershell.exe""  with process ID 3168."
"9/1/2026 2:48:41 PM","107","Information","Microsoft-Windows-TaskScheduler","Task Scheduler launched ""{f42e7229-36bc-4d03-97f2-ebc95b416ae2}""  instance of task ""\Scaffold\ScaffoldDeployEngine"" due to a time trigger condition."
"9/1/2026 2:48:39 PM","140","Information","Microsoft-Windows-TaskScheduler","User ""SCAFFOLD\DC$""  updated Task Scheduler task ""\Microsoft\Windows\UpdateOrchestrator\Schedule Scan"""
"9/1/2026 2:48:39 PM","140","Information","Microsoft-Windows-TaskScheduler","User ""S-1-5-18""  updated Task Scheduler task ""\Microsoft\Windows\UpdateOrchestrator\Schedule Scan"""
"9/1/2026 2:48:36 PM","140","Information","Microsoft-Windows-TaskScheduler","User ""SCAFFOLD\DC$""  updated Task Scheduler task ""\Microsoft\Windows\Application Experience\PcaPatchDbTask"""
"9/1/2026 2:47:46 PM","102","Information","Microsoft-Windows-TaskScheduler","Task Scheduler successfully finished ""{d5bddc96-6846-42d6-ae13-9414c26e4d83}"" instance of the ""\Microsoft\Windows\Windows Defender\Windows Defender Verification"" task for user ""NT AUTHORITY\SYSTEM""."
"9/1/2026 2:47:46 PM","201","Information","Microsoft-Windows-TaskScheduler","Task Scheduler successfully completed task ""\Microsoft\Windows\Windows Defender\Windows Defender Verification"" , instance ""{d5bddc96-6846-42d6-ae13-9414c26e4d83}"" , action ""C:\ProgramData\Microsoft\Windows Defender\Platform\4.18.26030.3011-0\MpCmdRun.exe"" with return code 0."
"9/1/2026 2:47:46 PM","102","Information","Microsoft-Windows-TaskScheduler","Task Scheduler successfully finished ""{9acd8430-2f16-4001-9ee0-85a67badc6ac}"" instance of the ""\Microsoft\Windows\Windows Defender\Windows Defender Cleanup"" task for user ""NT AUTHORITY\SYSTEM""."
"9/1/2026 2:47:46 PM","201","Information","Microsoft-Windows-TaskScheduler","Task Scheduler successfully completed task ""\Microsoft\Windows\Windows Defender\Windows Defender Cleanup"" , instance ""{9acd8430-2f16-4001-9ee0-85a67badc6ac}"" , action ""C:\ProgramData\Microsoft\Windows Defender\Platform\4.18.26030.3011-0\MpCmdRun.exe"" with return code 0."
"9/1/2026 2:47:11 PM","102","Information","Microsoft-Windows-TaskScheduler","Task Scheduler successfully finished ""{d66d1ef0-c108-4cb9-852b-857fcdcbcc81}"" instance of the ""\Microsoft\Windows\Software Inventory Logging\Configuration"" task for user ""NT AUTHORITY\SYSTEM""."
"9/1/2026 2:47:11 PM","201","Information","Microsoft-Windows-TaskScheduler","Task Scheduler successfully completed task ""\Microsoft\Windows\Software Inventory Logging\Configuration"" , instance ""{d66d1ef0-c108-4cb9-852b-857fcdcbcc81}"" , action ""%systemroot%\system32\cmd.exe"" with return code 0."
"9/1/2026 2:47:11 PM","102","Information","Microsoft-Windows-TaskScheduler","Task Scheduler successfully finished ""{3c1b29bb-0adc-43b6-a076-5ee5520333c8}"" instance of the ""\Microsoft\Windows\DirectX\DXGIAdapterCache"" task for user ""NT AUTHORITY\SYSTEM""."
"9/1/2026 2:47:11 PM","201","Information","Microsoft-Windows-TaskScheduler","Task Scheduler successfully completed task ""\Microsoft\Windows\DirectX\DXGIAdapterCache"" , instance ""{3c1b29bb-0adc-43b6-a076-5ee5520333c8}"" , action ""%windir%\system32\dxgiadaptercache.exe"" with return code 0."
"9/1/2026 2:47:11 PM","200","Information","Microsoft-Windows-TaskScheduler","Task Scheduler launched action ""%windir%\system32\dxgiadaptercache.exe"" in instance ""{3c1b29bb-0adc-43b6-a076-5ee5520333c8}"" of task ""\Microsoft\Windows\DirectX\DXGIAdapterCache""."
"9/1/2026 2:47:11 PM","100","Information","Microsoft-Windows-TaskScheduler","Task Scheduler started ""{3c1b29bb-0adc-43b6-a076-5ee5520333c8}"" instance of the ""\Microsoft\Windows\DirectX\DXGIAdapterCache"" task for user ""NT AUTHORITY\SYSTEM""."
"9/1/2026 2:47:11 PM","200","Information","Microsoft-Windows-TaskScheduler","Task Scheduler launched action ""%systemroot%\system32\cmd.exe"" in instance ""{d66d1ef0-c108-4cb9-852b-857fcdcbcc81}"" of task ""\Microsoft\Windows\Software Inventory Logging\Configuration""."
"9/1/2026 2:47:11 PM","100","Information","Microsoft-Windows-TaskScheduler","Task Scheduler started ""{d66d1ef0-c108-4cb9-852b-857fcdcbcc81}"" instance of the ""\Microsoft\Windows\Software Inventory Logging\Configuration"" task for user ""NT AUTHORITY\SYSTEM""."
"9/1/2026 2:47:11 PM","129","Information","Microsoft-Windows-TaskScheduler","Task Scheduler launch task ""\Microsoft\Windows\DirectX\DXGIAdapterCache"" , instance ""%windir%\system32\dxgiadaptercache.exe""  with process ID 6084."
"9/1/2026 2:47:11 PM","129","Information","Microsoft-Windows-TaskScheduler","Task Scheduler launch task ""\Microsoft\Windows\Software Inventory Logging\Configuration"" , instance ""%systemroot%\system32\cmd.exe""  with process ID 6100."
"9/1/2026 2:47:11 PM","118","Information","Microsoft-Windows-TaskScheduler","Task Scheduler launched ""{3c1b29bb-0adc-43b6-a076-5ee5520333c8}""  instance of task ""\Microsoft\Windows\DirectX\DXGIAdapterCache""  due to system startup."
"9/1/2026 2:47:11 PM","118","Information","Microsoft-Windows-TaskScheduler","Task Scheduler launched ""{d66d1ef0-c108-4cb9-852b-857fcdcbcc81}""  instance of task ""\Microsoft\Windows\Software Inventory Logging\Configuration""  due to system startup."
"9/1/2026 2:46:50 PM","102","Information","Microsoft-Windows-TaskScheduler","Task Scheduler successfully finished ""{ff5e65aa-1f4a-4ebb-a175-65d03c6b11b4}"" instance of the ""\Scaffold\ScaffoldDeployEngine"" task for user ""NT AUTHORITY\SYSTEM""."
"9/1/2026 2:46:50 PM","201","Information","Microsoft-Windows-TaskScheduler","Task Scheduler successfully completed task ""\Scaffold\ScaffoldDeployEngine"" , instance ""{ff5e65aa-1f4a-4ebb-a175-65d03c6b11b4}"" , action ""powershell.exe"" with return code 0."
"9/1/2026 2:46:41 PM","200","Information","Microsoft-Windows-TaskScheduler","Task Scheduler launched action ""powershell.exe"" in instance ""{ff5e65aa-1f4a-4ebb-a175-65d03c6b11b4}"" of task ""\Scaffold\ScaffoldDeployEngine""."
"9/1/2026 2:46:41 PM","100","Information","Microsoft-Windows-TaskScheduler","Task Scheduler started ""{ff5e65aa-1f4a-4ebb-a175-65d03c6b11b4}"" instance of the ""\Scaffold\ScaffoldDeployEngine"" task for user ""NT AUTHORITY\SYSTEM""."
"9/1/2026 2:46:41 PM","129","Information","Microsoft-Windows-TaskScheduler","Task Scheduler launch task ""\Scaffold\ScaffoldDeployEngine"" , instance ""powershell.exe""  with process ID 5700."
"9/1/2026 2:46:41 PM","107","Information","Microsoft-Windows-TaskScheduler","Task Scheduler launched ""{ff5e65aa-1f4a-4ebb-a175-65d03c6b11b4}""  instance of task ""\Scaffold\ScaffoldDeployEngine"" due to a time trigger condition."
"9/1/2026 2:46:36 PM","102","Information","Microsoft-Windows-TaskScheduler","Task Scheduler successfully finished ""{11044810-50e8-4060-ba72-45b23453c1cb}"" instance of the ""\Microsoft\Windows\Workplace Join\Automatic-Device-Join"" task for user ""NT AUTHORITY\SYSTEM""."
"9/1/2026 2:46:36 PM","201","Information","Microsoft-Windows-TaskScheduler","Task Scheduler successfully completed task ""\Microsoft\Windows\Workplace Join\Automatic-Device-Join"" , instance ""{11044810-50e8-4060-ba72-45b23453c1cb}"" , action ""%SystemRoot%\System32\dsregcmd.exe"" with return code 0."
"9/1/2026 2:46:35 PM","102","Information","Microsoft-Windows-TaskScheduler","Task Scheduler successfully finished ""{c1841346-3475-4350-bf30-4c28482f6fb8}"" instance of the ""\Microsoft\Windows\CertificateServicesClient\SystemTask"" task for user ""NT AUTHORITY\SYSTEM""."
"9/1/2026 2:46:35 PM","201","Information","Microsoft-Windows-TaskScheduler","Task Scheduler successfully completed task ""\Microsoft\Windows\CertificateServicesClient\SystemTask"" , instance ""{c1841346-3475-4350-bf30-4c28482f6fb8}"" , action ""Certificate Services Client Task Handler"" with return code 0."
"9/1/2026 2:46:21 PM","200","Information","Microsoft-Windows-TaskScheduler","Task Scheduler launched action ""Certificate Services Client Task Handler"" in instance ""{c1841346-3475-4350-bf30-4c28482f6fb8}"" of task ""\Microsoft\Windows\CertificateServicesClient\SystemTask""."
"9/1/2026 2:46:21 PM","100","Information","Microsoft-Windows-TaskScheduler","Task Scheduler started ""{c1841346-3475-4350-bf30-4c28482f6fb8}"" instance of the ""\Microsoft\Windows\CertificateServicesClient\SystemTask"" task for user ""NT AUTHORITY\SYSTEM""."
"9/1/2026 2:46:21 PM","129","Information","Microsoft-Windows-TaskScheduler","Task Scheduler launch task ""\Microsoft\Windows\CertificateServicesClient\SystemTask"" , instance ""taskhostw.exe""  with process ID 4004."
"9/1/2026 2:46:21 PM","118","Information","Microsoft-Windows-TaskScheduler","Task Scheduler launched ""{c1841346-3475-4350-bf30-4c28482f6fb8}""  instance of task ""\Microsoft\Windows\CertificateServicesClient\SystemTask""  due to system startup."
"9/1/2026 2:46:13 PM","102","Information","Microsoft-Windows-TaskScheduler","Task Scheduler successfully finished ""{9401c441-892a-4615-a86e-bd09dab75952}"" instance of the ""\Microsoft\Windows\Flighting\FeatureConfig\UsageDataReporting"" task for user ""NT AUTHORITY\SYSTEM""."
"9/1/2026 2:46:13 PM","201","Information","Microsoft-Windows-TaskScheduler","Task Scheduler successfully completed task ""\Microsoft\Windows\Flighting\FeatureConfig\UsageDataReporting"" , instance ""{9401c441-892a-4615-a86e-bd09dab75952}"" , action ""Feature Usage Data Reporting Task Handler"" with return code 0."
"9/1/2026 2:46:13 PM","102","Information","Microsoft-Windows-TaskScheduler","Task Scheduler successfully finished ""{fc09883c-a792-4285-b7e2-3d7506ae9483}"" instance of the ""\Microsoft\Windows\WwanSvc\OobeDiscovery"" task for user ""NT AUTHORITY\SYSTEM""."
"9/1/2026 2:46:13 PM","201","Information","Microsoft-Windows-TaskScheduler","Task Scheduler successfully completed task ""\Microsoft\Windows\WwanSvc\OobeDiscovery"" , instance ""{fc09883c-a792-4285-b7e2-3d7506ae9483}"" , action ""OobeEsimTaskManager"" with return code 0."
"9/1/2026 2:46:13 PM","102","Information","Microsoft-Windows-TaskScheduler","Task Scheduler successfully finished ""{5eba9709-e302-482e-9f34-1d088ec630d5}"" instance of the ""\Microsoft\Windows\ExploitGuard\ExploitGuard MDM policy Refresh"" task for user ""NT AUTHORITY\SYSTEM""."
"9/1/2026 2:46:13 PM","201","Information","Microsoft-Windows-TaskScheduler","Task Scheduler successfully completed task ""\Microsoft\Windows\ExploitGuard\ExploitGuard MDM policy Refresh"" , instance ""{5eba9709-e302-482e-9f34-1d088ec630d5}"" , action """" with return code 0."
"9/1/2026 2:46:12 PM","200","Information","Microsoft-Windows-TaskScheduler","Task Scheduler launched action ""C:\ProgramData\Microsoft\Windows Defender\Platform\4.18.26030.3011-0\MpCmdRun.exe"" in instance ""{9acd8430-2f16-4001-9ee0-85a67badc6ac}"" of task ""\Microsoft\Windows\Windows Defender\Windows Defender Cleanup""."
"9/1/2026 2:46:12 PM","100","Information","Microsoft-Windows-TaskScheduler","Task Scheduler started ""{9acd8430-2f16-4001-9ee0-85a67badc6ac}"" instance of the ""\Microsoft\Windows\Windows Defender\Windows Defender Cleanup"" task for user ""NT AUTHORITY\SYSTEM""."
"9/1/2026 2:46:12 PM","129","Information","Microsoft-Windows-TaskScheduler","Task Scheduler launch task ""\Microsoft\Windows\Windows Defender\Windows Defender Cleanup"" , instance ""C:\ProgramData\Microsoft\Windows Defender\Platform\4.18.26030.3011-0\MpCmdRun.exe""  with process ID 2644."
"9/1/2026 2:46:12 PM","200","Information","Microsoft-Windows-TaskScheduler","Task Scheduler launched action ""Feature Usage Data Reporting Task Handler"" in instance ""{9401c441-892a-4615-a86e-bd09dab75952}"" of task ""\Microsoft\Windows\Flighting\FeatureConfig\UsageDataReporting""."
"9/1/2026 2:46:12 PM","100","Information","Microsoft-Windows-TaskScheduler","Task Scheduler started ""{9401c441-892a-4615-a86e-bd09dab75952}"" instance of the ""\Microsoft\Windows\Flighting\FeatureConfig\UsageDataReporting"" task for user ""NT AUTHORITY\SYSTEM""."
