"9/1/2026 5:12:54 PM","100","Information","Microsoft-Windows-TaskScheduler","Task Scheduler started ""{0f2becd3-e2fe-4044-971e-76abd430e4d5}"" instance of the ""\Microsoft\Windows\Windows Error Reporting\QueueReporting"" task for user ""NT AUTHORITY\SYSTEM""."
"9/1/2026 5:12:54 PM","129","Information","Microsoft-Windows-TaskScheduler","Task Scheduler launch task ""\Microsoft\Windows\Windows Error Reporting\QueueReporting"" , instance ""%windir%\system32\wermgr.exe""  with process ID 3492."
"9/1/2026 5:12:42 PM","102","Information","Microsoft-Windows-TaskScheduler","Task Scheduler successfully finished ""{6aec117b-d200-4dec-9d65-75339c91ec07}"" instance of the ""\Scaffold\ScaffoldDeployEngine"" task for user ""NT AUTHORITY\SYSTEM""."
"9/1/2026 5:12:42 PM","201","Information","Microsoft-Windows-TaskScheduler","Task Scheduler successfully completed task ""\Scaffold\ScaffoldDeployEngine"" , instance ""{6aec117b-d200-4dec-9d65-75339c91ec07}"" , action ""powershell.exe"" with return code 0."
"9/1/2026 5:12:41 PM","200","Information","Microsoft-Windows-TaskScheduler","Task Scheduler launched action ""powershell.exe"" in instance ""{6aec117b-d200-4dec-9d65-75339c91ec07}"" of task ""\Scaffold\ScaffoldDeployEngine""."
"9/1/2026 5:12:41 PM","100","Information","Microsoft-Windows-TaskScheduler","Task Scheduler started ""{6aec117b-d200-4dec-9d65-75339c91ec07}"" instance of the ""\Scaffold\ScaffoldDeployEngine"" task for user ""NT AUTHORITY\SYSTEM""."
"9/1/2026 5:12:41 PM","129","Information","Microsoft-Windows-TaskScheduler","Task Scheduler launch task ""\Scaffold\ScaffoldDeployEngine"" , instance ""powershell.exe""  with process ID 5072."
"9/1/2026 5:12:41 PM","107","Information","Microsoft-Windows-TaskScheduler","Task Scheduler launched ""{6aec117b-d200-4dec-9d65-75339c91ec07}""  instance of task ""\Scaffold\ScaffoldDeployEngine"" due to a time trigger condition."
"9/1/2026 5:12:35 PM","140","Information","Microsoft-Windows-TaskScheduler","User ""SCAFFOLD\DC$""  updated Task Scheduler task ""\Microsoft\Windows\SoftwareProtectionPlatform\SvcRestartTask"""
"9/1/2026 5:10:42 PM","102","Information","Microsoft-Windows-TaskScheduler","Task Scheduler successfully finished ""{622ae777-c44e-4a83-a3dc-86c4ca546aeb}"" instance of the ""\Scaffold\ScaffoldDeployEngine"" task for user ""NT AUTHORITY\SYSTEM""."
"9/1/2026 5:10:42 PM","201","Information","Microsoft-Windows-TaskScheduler","Task Scheduler successfully completed task ""\Scaffold\ScaffoldDeployEngine"" , instance ""{622ae777-c44e-4a83-a3dc-86c4ca546aeb}"" , action ""powershell.exe"" with return code 0."
"9/1/2026 5:10:41 PM","200","Information","Microsoft-Windows-TaskScheduler","Task Scheduler launched action ""powershell.exe"" in instance ""{622ae777-c44e-4a83-a3dc-86c4ca546aeb}"" of task ""\Scaffold\ScaffoldDeployEngine""."
"9/1/2026 5:10:41 PM","100","Information","Microsoft-Windows-TaskScheduler","Task Scheduler started ""{622ae777-c44e-4a83-a3dc-86c4ca546aeb}"" instance of the ""\Scaffold\ScaffoldDeployEngine"" task for user ""NT AUTHORITY\SYSTEM""."
"9/1/2026 5:10:41 PM","129","Information","Microsoft-Windows-TaskScheduler","Task Scheduler launch task ""\Scaffold\ScaffoldDeployEngine"" , instance ""powershell.exe""  with process ID 1768."
"9/1/2026 5:10:41 PM","107","Information","Microsoft-Windows-TaskScheduler","Task Scheduler launched ""{622ae777-c44e-4a83-a3dc-86c4ca546aeb}""  instance of task ""\Scaffold\ScaffoldDeployEngine"" due to a time trigger condition."
"9/1/2026 5:10:13 PM","140","Information","Microsoft-Windows-TaskScheduler","User ""SCAFFOLD\DC$""  updated Task Scheduler task ""\Microsoft\Windows\SoftwareProtectionPlatform\SvcRestartTask"""
"9/1/2026 5:09:45 PM","102","Information","Microsoft-Windows-TaskScheduler","Task Scheduler successfully finished ""{1044a2f5-9404-4bff-a916-afc5b7d23fd3}"" instance of the ""\Microsoft\Windows\UpdateOrchestrator\USO_UxBroker"" task for user ""NT AUTHORITY\SYSTEM""."
"9/1/2026 5:09:45 PM","201","Information","Microsoft-Windows-TaskScheduler","Task Scheduler successfully completed task ""\Microsoft\Windows\UpdateOrchestrator\USO_UxBroker"" , instance ""{1044a2f5-9404-4bff-a916-afc5b7d23fd3}"" , action ""%systemroot%\system32\MusNotification.exe"" with return code 0."
"9/1/2026 5:09:44 PM","200","Information","Microsoft-Windows-TaskScheduler","Task Scheduler launched action ""%systemroot%\system32\MusNotification.exe"" in instance ""{1044a2f5-9404-4bff-a916-afc5b7d23fd3}"" of task ""\Microsoft\Windows\UpdateOrchestrator\USO_UxBroker""."
"9/1/2026 5:09:44 PM","100","Information","Microsoft-Windows-TaskScheduler","Task Scheduler started ""{1044a2f5-9404-4bff-a916-afc5b7d23fd3}"" instance of the ""\Microsoft\Windows\UpdateOrchestrator\USO_UxBroker"" task for user ""NT AUTHORITY\SYSTEM""."
"9/1/2026 5:09:44 PM","129","Information","Microsoft-Windows-TaskScheduler","Task Scheduler launch task ""\Microsoft\Windows\UpdateOrchestrator\USO_UxBroker"" , instance ""%systemroot%\system32\MusNotification.exe""  with process ID 5168."
"9/1/2026 5:09:41 PM","140","Information","Microsoft-Windows-TaskScheduler","User ""SCAFFOLD\DC$""  updated Task Scheduler task ""\Microsoft\Windows\SoftwareProtectionPlatform\SvcRestartTask"""
"9/1/2026 5:09:18 PM","102","Information","Microsoft-Windows-TaskScheduler","Task Scheduler successfully finished ""{2b915a59-3af4-41c5-b892-cedf3ae3be09}"" instance of the ""\Microsoft\Windows\Application Experience\PcaPatchDbTask"" task for user ""NT AUTHORITY\SYSTEM""."
"9/1/2026 5:09:18 PM","201","Information","Microsoft-Windows-TaskScheduler","Task Scheduler successfully completed task ""\Microsoft\Windows\Application Experience\PcaPatchDbTask"" , instance ""{2b915a59-3af4-41c5-b892-cedf3ae3be09}"" , action ""%windir%\system32\rundll32.exe"" with return code 0."
"9/1/2026 5:09:07 PM","102","Information","Microsoft-Windows-TaskScheduler","Task Scheduler successfully finished ""{5dcf58f6-42aa-4c8b-854d-b1856e56de12}"" instance of the ""\Microsoft\Windows\Windows Error Reporting\QueueReporting"" task for user ""NT AUTHORITY\SYSTEM""."
"9/1/2026 5:09:07 PM","201","Information","Microsoft-Windows-TaskScheduler","Task Scheduler successfully completed task ""\Microsoft\Windows\Windows Error Reporting\QueueReporting"" , instance ""{5dcf58f6-42aa-4c8b-854d-b1856e56de12}"" , action ""%windir%\system32\wermgr.exe"" with return code 0."
"9/1/2026 5:09:07 PM","200","Information","Microsoft-Windows-TaskScheduler","Task Scheduler launched action ""%windir%\system32\rundll32.exe"" in instance ""{2b915a59-3af4-41c5-b892-cedf3ae3be09}"" of task ""\Microsoft\Windows\Application Experience\PcaPatchDbTask""."
"9/1/2026 5:09:07 PM","100","Information","Microsoft-Windows-TaskScheduler","Task Scheduler started ""{2b915a59-3af4-41c5-b892-cedf3ae3be09}"" instance of the ""\Microsoft\Windows\Application Experience\PcaPatchDbTask"" task for user ""NT AUTHORITY\SYSTEM""."
"9/1/2026 5:09:07 PM","129","Information","Microsoft-Windows-TaskScheduler","Task Scheduler launch task ""\Microsoft\Windows\Application Experience\PcaPatchDbTask"" , instance ""%windir%\system32\rundll32.exe""  with process ID 532."
"9/1/2026 5:09:07 PM","114","Warning","Microsoft-Windows-TaskScheduler","Task Scheduler could not launch task ""\Microsoft\Windows\Application Experience\PcaPatchDbTask""  as scheduled. Instance ""{2b915a59-3af4-41c5-b892-cedf3ae3be09}""  is started now as required by the configuration option to start the task when available, if schedule is missed."
"9/1/2026 5:09:07 PM","200","Information","Microsoft-Windows-TaskScheduler","Task Scheduler launched action ""%windir%\system32\wermgr.exe"" in instance ""{5dcf58f6-42aa-4c8b-854d-b1856e56de12}"" of task ""\Microsoft\Windows\Windows Error Reporting\QueueReporting""."
"9/1/2026 5:09:07 PM","100","Information","Microsoft-Windows-TaskScheduler","Task Scheduler started ""{5dcf58f6-42aa-4c8b-854d-b1856e56de12}"" instance of the ""\Microsoft\Windows\Windows Error Reporting\QueueReporting"" task for user ""NT AUTHORITY\SYSTEM""."
"9/1/2026 5:09:07 PM","129","Information","Microsoft-Windows-TaskScheduler","Task Scheduler launch task ""\Microsoft\Windows\Windows Error Reporting\QueueReporting"" , instance ""%windir%\system32\wermgr.exe""  with process ID 4320."
"9/1/2026 5:09:07 PM","114","Warning","Microsoft-Windows-TaskScheduler","Task Scheduler could not launch task ""\Microsoft\Windows\Windows Error Reporting\QueueReporting""  as scheduled. Instance ""{5dcf58f6-42aa-4c8b-854d-b1856e56de12}""  is started now as required by the configuration option to start the task when available, if schedule is missed."
"9/1/2026 5:09:05 PM","102","Information","Microsoft-Windows-TaskScheduler","Task Scheduler successfully finished ""{4038d4b0-8c8c-4b8b-900f-6fa5f1333e54}"" instance of the ""\Microsoft\Windows\UpdateOrchestrator\USO_UxBroker"" task for user ""NT AUTHORITY\SYSTEM""."
"9/1/2026 5:09:05 PM","201","Information","Microsoft-Windows-TaskScheduler","Task Scheduler successfully completed task ""\Microsoft\Windows\UpdateOrchestrator\USO_UxBroker"" , instance ""{4038d4b0-8c8c-4b8b-900f-6fa5f1333e54}"" , action ""%systemroot%\system32\MusNotification.exe"" with return code 0."
"9/1/2026 5:09:03 PM","102","Information","Microsoft-Windows-TaskScheduler","Task Scheduler successfully finished ""{29d8bd92-7e89-466f-a107-25b9c041f263}"" instance of the ""\Microsoft\Windows\SoftwareProtectionPlatform\SvcRestartTaskNetwork"" task for user ""(NONE)""."
"9/1/2026 5:09:03 PM","201","Information","Microsoft-Windows-TaskScheduler","Task Scheduler successfully completed task ""\Microsoft\Windows\SoftwareProtectionPlatform\SvcRestartTaskNetwork"" , instance ""{29d8bd92-7e89-466f-a107-25b9c041f263}"" , action ""SppSvcRestartTaskHandler Class"" with return code 0."
"9/1/2026 5:09:03 PM","200","Information","Microsoft-Windows-TaskScheduler","Task Scheduler launched action ""SppSvcRestartTaskHandler Class"" in instance ""{29d8bd92-7e89-466f-a107-25b9c041f263}"" of task ""\Microsoft\Windows\SoftwareProtectionPlatform\SvcRestartTaskNetwork""."
"9/1/2026 5:09:03 PM","100","Information","Microsoft-Windows-TaskScheduler","Task Scheduler started ""{29d8bd92-7e89-466f-a107-25b9c041f263}"" instance of the ""\Microsoft\Windows\SoftwareProtectionPlatform\SvcRestartTaskNetwork"" task for user ""(NONE)""."
"9/1/2026 5:09:03 PM","129","Information","Microsoft-Windows-TaskScheduler","Task Scheduler launch task ""\Microsoft\Windows\SoftwareProtectionPlatform\SvcRestartTaskNetwork"" , instance ""taskhostw.exe""  with process ID 1848."
"9/1/2026 5:09:03 PM","108","Information","Microsoft-Windows-TaskScheduler","Task Scheduler launched ""{29d8bd92-7e89-466f-a107-25b9c041f263}""  instance of task ""\Microsoft\Windows\SoftwareProtectionPlatform\SvcRestartTaskNetwork""  according to an event trigger."
"9/1/2026 5:09:02 PM","200","Information","Microsoft-Windows-TaskScheduler","Task Scheduler launched action ""%systemroot%\system32\MusNotification.exe"" in instance ""{4038d4b0-8c8c-4b8b-900f-6fa5f1333e54}"" of task ""\Microsoft\Windows\UpdateOrchestrator\USO_UxBroker""."
"9/1/2026 5:09:02 PM","100","Information","Microsoft-Windows-TaskScheduler","Task Scheduler started ""{4038d4b0-8c8c-4b8b-900f-6fa5f1333e54}"" instance of the ""\Microsoft\Windows\UpdateOrchestrator\USO_UxBroker"" task for user ""NT AUTHORITY\SYSTEM""."
"9/1/2026 5:09:02 PM","129","Information","Microsoft-Windows-TaskScheduler","Task Scheduler launch task ""\Microsoft\Windows\UpdateOrchestrator\USO_UxBroker"" , instance ""%systemroot%\system32\MusNotification.exe""  with process ID 4308."
"9/1/2026 5:09:02 PM","102","Information","Microsoft-Windows-TaskScheduler","Task Scheduler successfully finished ""{d5c22195-e871-4671-bd28-8dd7a0e7e667}"" instance of the ""\Microsoft\Windows\SoftwareProtectionPlatform\SvcRestartTaskNetwork"" task for user ""(NONE)""."
"9/1/2026 5:09:02 PM","201","Information","Microsoft-Windows-TaskScheduler","Task Scheduler successfully completed task ""\Microsoft\Windows\SoftwareProtectionPlatform\SvcRestartTaskNetwork"" , instance ""{d5c22195-e871-4671-bd28-8dd7a0e7e667}"" , action ""SppSvcRestartTaskHandler Class"" with return code 0."
"9/1/2026 5:09:02 PM","200","Information","Microsoft-Windows-TaskScheduler","Task Scheduler launched action ""SppSvcRestartTaskHandler Class"" in instance ""{d5c22195-e871-4671-bd28-8dd7a0e7e667}"" of task ""\Microsoft\Windows\SoftwareProtectionPlatform\SvcRestartTaskNetwork""."
"9/1/2026 5:09:02 PM","100","Information","Microsoft-Windows-TaskScheduler","Task Scheduler started ""{d5c22195-e871-4671-bd28-8dd7a0e7e667}"" instance of the ""\Microsoft\Windows\SoftwareProtectionPlatform\SvcRestartTaskNetwork"" task for user ""(NONE)""."
"9/1/2026 5:09:02 PM","129","Information","Microsoft-Windows-TaskScheduler","Task Scheduler launch task ""\Microsoft\Windows\SoftwareProtectionPlatform\SvcRestartTaskNetwork"" , instance ""taskhostw.exe""  with process ID 2656."
"9/1/2026 5:09:02 PM","108","Information","Microsoft-Windows-TaskScheduler","Task Scheduler launched ""{d5c22195-e871-4671-bd28-8dd7a0e7e667}""  instance of task ""\Microsoft\Windows\SoftwareProtectionPlatform\SvcRestartTaskNetwork""  according to an event trigger."
"9/1/2026 5:08:59 PM","102","Information","Microsoft-Windows-TaskScheduler","Task Scheduler successfully finished ""{c51695f2-4a4a-48f0-ba3e-4c950b535b9e}"" instance of the ""\Microsoft\Windows\UpdateOrchestrator\USO_UxBroker"" task for user ""NT AUTHORITY\SYSTEM""."
"9/1/2026 5:08:59 PM","201","Information","Microsoft-Windows-TaskScheduler","Task Scheduler successfully completed task ""\Microsoft\Windows\UpdateOrchestrator\USO_UxBroker"" , instance ""{c51695f2-4a4a-48f0-ba3e-4c950b535b9e}"" , action ""%systemroot%\system32\MusNotification.exe"" with return code 0."
"9/1/2026 5:08:55 PM","200","Information","Microsoft-Windows-TaskScheduler","Task Scheduler launched action ""%systemroot%\system32\MusNotification.exe"" in instance ""{c51695f2-4a4a-48f0-ba3e-4c950b535b9e}"" of task ""\Microsoft\Windows\UpdateOrchestrator\USO_UxBroker""."
"9/1/2026 5:08:55 PM","100","Information","Microsoft-Windows-TaskScheduler","Task Scheduler started ""{c51695f2-4a4a-48f0-ba3e-4c950b535b9e}"" instance of the ""\Microsoft\Windows\UpdateOrchestrator\USO_UxBroker"" task for user ""NT AUTHORITY\SYSTEM""."
"9/1/2026 5:08:55 PM","129","Information","Microsoft-Windows-TaskScheduler","Task Scheduler launch task ""\Microsoft\Windows\UpdateOrchestrator\USO_UxBroker"" , instance ""%systemroot%\system32\MusNotification.exe""  with process ID 1016."
"9/1/2026 5:08:47 PM","102","Information","Microsoft-Windows-TaskScheduler","Task Scheduler successfully finished ""{37368b20-5ed4-495f-90f6-9f65764e34b2}"" instance of the ""\Scaffold\ScaffoldDeployEngine"" task for user ""NT AUTHORITY\SYSTEM""."
"9/1/2026 5:08:47 PM","201","Information","Microsoft-Windows-TaskScheduler","Task Scheduler successfully completed task ""\Scaffold\ScaffoldDeployEngine"" , instance ""{37368b20-5ed4-495f-90f6-9f65764e34b2}"" , action ""powershell.exe"" with return code 0."
"9/1/2026 5:08:41 PM","200","Information","Microsoft-Windows-TaskScheduler","Task Scheduler launched action ""powershell.exe"" in instance ""{37368b20-5ed4-495f-90f6-9f65764e34b2}"" of task ""\Scaffold\ScaffoldDeployEngine""."
"9/1/2026 5:08:41 PM","100","Information","Microsoft-Windows-TaskScheduler","Task Scheduler started ""{37368b20-5ed4-495f-90f6-9f65764e34b2}"" instance of the ""\Scaffold\ScaffoldDeployEngine"" task for user ""NT AUTHORITY\SYSTEM""."
"9/1/2026 5:08:41 PM","129","Information","Microsoft-Windows-TaskScheduler","Task Scheduler launch task ""\Scaffold\ScaffoldDeployEngine"" , instance ""powershell.exe""  with process ID 2604."
"9/1/2026 5:08:41 PM","107","Information","Microsoft-Windows-TaskScheduler","Task Scheduler launched ""{37368b20-5ed4-495f-90f6-9f65764e34b2}""  instance of task ""\Scaffold\ScaffoldDeployEngine"" due to a time trigger condition."
"9/1/2026 5:06:58 PM","102","Information","Microsoft-Windows-TaskScheduler","Task Scheduler successfully finished ""{e33a7477-3d87-4b3b-9048-5680951c79a4}"" instance of the ""\Scaffold\ScaffoldDeployEngine"" task for user ""NT AUTHORITY\SYSTEM""."
"9/1/2026 5:06:58 PM","201","Information","Microsoft-Windows-TaskScheduler","Task Scheduler successfully completed task ""\Scaffold\ScaffoldDeployEngine"" , instance ""{e33a7477-3d87-4b3b-9048-5680951c79a4}"" , action ""powershell.exe"" with return code 0."
"9/1/2026 5:06:41 PM","200","Information","Microsoft-Windows-TaskScheduler","Task Scheduler launched action ""powershell.exe"" in instance ""{e33a7477-3d87-4b3b-9048-5680951c79a4}"" of task ""\Scaffold\ScaffoldDeployEngine""."
"9/1/2026 5:06:41 PM","100","Information","Microsoft-Windows-TaskScheduler","Task Scheduler started ""{e33a7477-3d87-4b3b-9048-5680951c79a4}"" instance of the ""\Scaffold\ScaffoldDeployEngine"" task for user ""NT AUTHORITY\SYSTEM""."
"9/1/2026 5:06:41 PM","129","Information","Microsoft-Windows-TaskScheduler","Task Scheduler launch task ""\Scaffold\ScaffoldDeployEngine"" , instance ""powershell.exe""  with process ID 2020."
"9/1/2026 5:06:41 PM","107","Information","Microsoft-Windows-TaskScheduler","Task Scheduler launched ""{e33a7477-3d87-4b3b-9048-5680951c79a4}""  instance of task ""\Scaffold\ScaffoldDeployEngine"" due to a time trigger condition."
"9/1/2026 5:06:05 PM","140","Information","Microsoft-Windows-TaskScheduler","User ""SCAFFOLD\DC$""  updated Task Scheduler task ""\Microsoft\Windows\SoftwareProtectionPlatform\SvcRestartTask"""
"9/1/2026 5:04:57 PM","140","Information","Microsoft-Windows-TaskScheduler","User ""SCAFFOLD\DC$""  updated Task Scheduler task ""\Microsoft\Windows\SoftwareProtectionPlatform\SvcRestartTask"""
"9/1/2026 5:04:42 PM","102","Information","Microsoft-Windows-TaskScheduler","Task Scheduler successfully finished ""{8b5b3abb-e930-4c21-a35d-1ccf36987c0f}"" instance of the ""\Scaffold\ScaffoldDeployEngine"" task for user ""NT AUTHORITY\SYSTEM""."
"9/1/2026 5:04:42 PM","201","Information","Microsoft-Windows-TaskScheduler","Task Scheduler successfully completed task ""\Scaffold\ScaffoldDeployEngine"" , instance ""{8b5b3abb-e930-4c21-a35d-1ccf36987c0f}"" , action ""powershell.exe"" with return code 0."
"9/1/2026 5:04:41 PM","200","Information","Microsoft-Windows-TaskScheduler","Task Scheduler launched action ""powershell.exe"" in instance ""{8b5b3abb-e930-4c21-a35d-1ccf36987c0f}"" of task ""\Scaffold\ScaffoldDeployEngine""."
"9/1/2026 5:04:41 PM","100","Information","Microsoft-Windows-TaskScheduler","Task Scheduler started ""{8b5b3abb-e930-4c21-a35d-1ccf36987c0f}"" instance of the ""\Scaffold\ScaffoldDeployEngine"" task for user ""NT AUTHORITY\SYSTEM""."
"9/1/2026 5:04:41 PM","129","Information","Microsoft-Windows-TaskScheduler","Task Scheduler launch task ""\Scaffold\ScaffoldDeployEngine"" , instance ""powershell.exe""  with process ID 4820."
"9/1/2026 5:04:41 PM","107","Information","Microsoft-Windows-TaskScheduler","Task Scheduler launched ""{8b5b3abb-e930-4c21-a35d-1ccf36987c0f}""  instance of task ""\Scaffold\ScaffoldDeployEngine"" due to a time trigger condition."
"9/1/2026 5:04:25 PM","140","Information","Microsoft-Windows-TaskScheduler","User ""SCAFFOLD\DC$""  updated Task Scheduler task ""\Microsoft\Windows\SoftwareProtectionPlatform\SvcRestartTask"""
"9/1/2026 5:03:30 PM","140","Information","Microsoft-Windows-TaskScheduler","User ""SCAFFOLD\DC$""  updated Task Scheduler task ""\Microsoft\Windows\SoftwareProtectionPlatform\SvcRestartTask"""
"9/1/2026 5:03:08 PM","102","Information","Microsoft-Windows-TaskScheduler","Task Scheduler successfully finished ""{95827bd1-b169-4d64-971b-ab21b235ff23}"" instance of the ""\Microsoft\Windows\Windows Error Reporting\QueueReporting"" task for user ""NT AUTHORITY\SYSTEM""."
"9/1/2026 5:03:08 PM","201","Information","Microsoft-Windows-TaskScheduler","Task Scheduler successfully completed task ""\Microsoft\Windows\Windows Error Reporting\QueueReporting"" , instance ""{95827bd1-b169-4d64-971b-ab21b235ff23}"" , action ""%windir%\system32\wermgr.exe"" with return code 0."
"9/1/2026 5:03:08 PM","200","Information","Microsoft-Windows-TaskScheduler","Task Scheduler launched action ""%windir%\system32\wermgr.exe"" in instance ""{95827bd1-b169-4d64-971b-ab21b235ff23}"" of task ""\Microsoft\Windows\Windows Error Reporting\QueueReporting""."
"9/1/2026 5:03:08 PM","100","Information","Microsoft-Windows-TaskScheduler","Task Scheduler started ""{95827bd1-b169-4d64-971b-ab21b235ff23}"" instance of the ""\Microsoft\Windows\Windows Error Reporting\QueueReporting"" task for user ""NT AUTHORITY\SYSTEM""."
"9/1/2026 5:03:08 PM","129","Information","Microsoft-Windows-TaskScheduler","Task Scheduler launch task ""\Microsoft\Windows\Windows Error Reporting\QueueReporting"" , instance ""%windir%\system32\wermgr.exe""  with process ID 4780."
"9/1/2026 5:03:00 PM","102","Information","Microsoft-Windows-TaskScheduler","Task Scheduler successfully finished ""{59b55f16-9b30-4901-99a1-0ba042bad430}"" instance of the ""\Microsoft\Windows\SoftwareProtectionPlatform\SvcRestartTaskNetwork"" task for user ""(NONE)""."
"9/1/2026 5:03:00 PM","201","Information","Microsoft-Windows-TaskScheduler","Task Scheduler successfully completed task ""\Microsoft\Windows\SoftwareProtectionPlatform\SvcRestartTaskNetwork"" , instance ""{59b55f16-9b30-4901-99a1-0ba042bad430}"" , action ""SppSvcRestartTaskHandler Class"" with return code 0."
"9/1/2026 5:03:00 PM","322","Warning","Microsoft-Windows-TaskScheduler","Task Scheduler did not launch task ""\Microsoft\Windows\SoftwareProtectionPlatform\SvcRestartTaskNetwork""  because instance ""{59b55f16-9b30-4901-99a1-0ba042bad430}""  of the same task is already running."
"9/1/2026 5:03:00 PM","200","Information","Microsoft-Windows-TaskScheduler","Task Scheduler launched action ""SppSvcRestartTaskHandler Class"" in instance ""{59b55f16-9b30-4901-99a1-0ba042bad430}"" of task ""\Microsoft\Windows\SoftwareProtectionPlatform\SvcRestartTaskNetwork""."
"9/1/2026 5:03:00 PM","100","Information","Microsoft-Windows-TaskScheduler","Task Scheduler started ""{59b55f16-9b30-4901-99a1-0ba042bad430}"" instance of the ""\Microsoft\Windows\SoftwareProtectionPlatform\SvcRestartTaskNetwork"" task for user ""(NONE)""."
"9/1/2026 5:03:00 PM","129","Information","Microsoft-Windows-TaskScheduler","Task Scheduler launch task ""\Microsoft\Windows\SoftwareProtectionPlatform\SvcRestartTaskNetwork"" , instance ""taskhostw.exe""  with process ID 2436."
"9/1/2026 5:03:00 PM","108","Information","Microsoft-Windows-TaskScheduler","Task Scheduler launched ""{59b55f16-9b30-4901-99a1-0ba042bad430}""  instance of task ""\Microsoft\Windows\SoftwareProtectionPlatform\SvcRestartTaskNetwork""  according to an event trigger."
"9/1/2026 5:02:53 PM","102","Information","Microsoft-Windows-TaskScheduler","Task Scheduler successfully finished ""{b230190d-db7c-4101-bcbb-0ff9ae29ade9}"" instance of the ""\Microsoft\Windows\SoftwareProtectionPlatform\SvcRestartTaskNetwork"" task for user ""(NONE)""."
"9/1/2026 5:02:53 PM","201","Information","Microsoft-Windows-TaskScheduler","Task Scheduler successfully completed task ""\Microsoft\Windows\SoftwareProtectionPlatform\SvcRestartTaskNetwork"" , instance ""{b230190d-db7c-4101-bcbb-0ff9ae29ade9}"" , action ""SppSvcRestartTaskHandler Class"" with return code 0."
"9/1/2026 5:02:53 PM","200","Information","Microsoft-Windows-TaskScheduler","Task Scheduler launched action ""SppSvcRestartTaskHandler Class"" in instance ""{b230190d-db7c-4101-bcbb-0ff9ae29ade9}"" of task ""\Microsoft\Windows\SoftwareProtectionPlatform\SvcRestartTaskNetwork""."
"9/1/2026 5:02:53 PM","100","Information","Microsoft-Windows-TaskScheduler","Task Scheduler started ""{b230190d-db7c-4101-bcbb-0ff9ae29ade9}"" instance of the ""\Microsoft\Windows\SoftwareProtectionPlatform\SvcRestartTaskNetwork"" task for user ""(NONE)""."
"9/1/2026 5:02:53 PM","129","Information","Microsoft-Windows-TaskScheduler","Task Scheduler launch task ""\Microsoft\Windows\SoftwareProtectionPlatform\SvcRestartTaskNetwork"" , instance ""taskhostw.exe""  with process ID 5052."
"9/1/2026 5:02:53 PM","108","Information","Microsoft-Windows-TaskScheduler","Task Scheduler launched ""{b230190d-db7c-4101-bcbb-0ff9ae29ade9}""  instance of task ""\Microsoft\Windows\SoftwareProtectionPlatform\SvcRestartTaskNetwork""  according to an event trigger."
"9/1/2026 5:02:53 PM","140","Information","Microsoft-Windows-TaskScheduler","User ""SCAFFOLD\DC$""  updated Task Scheduler task ""\Microsoft\Windows\SoftwareProtectionPlatform\SvcRestartTask"""
"9/1/2026 5:02:41 PM","102","Information","Microsoft-Windows-TaskScheduler","Task Scheduler successfully finished ""{6efdf531-be9b-4447-b415-44c2d2e36e34}"" instance of the ""\Scaffold\ScaffoldDeployEngine"" task for user ""NT AUTHORITY\SYSTEM""."
"9/1/2026 5:02:41 PM","201","Information","Microsoft-Windows-TaskScheduler","Task Scheduler successfully completed task ""\Scaffold\ScaffoldDeployEngine"" , instance ""{6efdf531-be9b-4447-b415-44c2d2e36e34}"" , action ""powershell.exe"" with return code 0."
"9/1/2026 5:02:41 PM","200","Information","Microsoft-Windows-TaskScheduler","Task Scheduler launched action ""powershell.exe"" in instance ""{6efdf531-be9b-4447-b415-44c2d2e36e34}"" of task ""\Scaffold\ScaffoldDeployEngine""."
"9/1/2026 5:02:41 PM","100","Information","Microsoft-Windows-TaskScheduler","Task Scheduler started ""{6efdf531-be9b-4447-b415-44c2d2e36e34}"" instance of the ""\Scaffold\ScaffoldDeployEngine"" task for user ""NT AUTHORITY\SYSTEM""."
"9/1/2026 5:02:41 PM","129","Information","Microsoft-Windows-TaskScheduler","Task Scheduler launch task ""\Scaffold\ScaffoldDeployEngine"" , instance ""powershell.exe""  with process ID 2440."
"9/1/2026 5:02:41 PM","107","Information","Microsoft-Windows-TaskScheduler","Task Scheduler launched ""{6efdf531-be9b-4447-b415-44c2d2e36e34}""  instance of task ""\Scaffold\ScaffoldDeployEngine"" due to a time trigger condition."
"9/1/2026 5:02:39 PM","102","Information","Microsoft-Windows-TaskScheduler","Task Scheduler successfully finished ""{54caa0dd-c7e3-4375-9f5a-330020b5448b}"" instance of the ""\Microsoft\Windows\Flighting\FeatureConfig\ReconcileFeatures"" task for user ""NT AUTHORITY\SYSTEM""."
"9/1/2026 5:02:39 PM","201","Information","Microsoft-Windows-TaskScheduler","Task Scheduler successfully completed task ""\Microsoft\Windows\Flighting\FeatureConfig\ReconcileFeatures"" , instance ""{54caa0dd-c7e3-4375-9f5a-330020b5448b}"" , action ""Feature Configuration Reconciliation Task Handler"" with return code 0."
"9/1/2026 5:02:39 PM","200","Information","Microsoft-Windows-TaskScheduler","Task Scheduler launched action ""Feature Configuration Reconciliation Task Handler"" in instance ""{54caa0dd-c7e3-4375-9f5a-330020b5448b}"" of task ""\Microsoft\Windows\Flighting\FeatureConfig\ReconcileFeatures""."
"9/1/2026 5:02:39 PM","100","Information","Microsoft-Windows-TaskScheduler","Task Scheduler started ""{54caa0dd-c7e3-4375-9f5a-330020b5448b}"" instance of the ""\Microsoft\Windows\Flighting\FeatureConfig\ReconcileFeatures"" task for user ""NT AUTHORITY\SYSTEM""."
"9/1/2026 5:02:39 PM","129","Information","Microsoft-Windows-TaskScheduler","Task Scheduler launch task ""\Microsoft\Windows\Flighting\FeatureConfig\ReconcileFeatures"" , instance ""taskhostw.exe""  with process ID 3004."
"9/1/2026 5:02:37 PM","102","Information","Microsoft-Windows-TaskScheduler","Task Scheduler successfully finished ""{4bf8da68-e7d3-425a-90a1-70d71591be73}"" instance of the ""\Microsoft\Windows\Windows Error Reporting\QueueReporting"" task for user ""NT AUTHORITY\SYSTEM""."
"9/1/2026 5:02:37 PM","201","Information","Microsoft-Windows-TaskScheduler","Task Scheduler successfully completed task ""\Microsoft\Windows\Windows Error Reporting\QueueReporting"" , instance ""{4bf8da68-e7d3-425a-90a1-70d71591be73}"" , action ""%windir%\system32\wermgr.exe"" with return code 0."
"9/1/2026 5:02:37 PM","200","Information","Microsoft-Windows-TaskScheduler","Task Scheduler launched action ""%windir%\system32\wermgr.exe"" in instance ""{4bf8da68-e7d3-425a-90a1-70d71591be73}"" of task ""\Microsoft\Windows\Windows Error Reporting\QueueReporting""."
"9/1/2026 5:02:37 PM","100","Information","Microsoft-Windows-TaskScheduler","Task Scheduler started ""{4bf8da68-e7d3-425a-90a1-70d71591be73}"" instance of the ""\Microsoft\Windows\Windows Error Reporting\QueueReporting"" task for user ""NT AUTHORITY\SYSTEM""."
"9/1/2026 5:02:37 PM","129","Information","Microsoft-Windows-TaskScheduler","Task Scheduler launch task ""\Microsoft\Windows\Windows Error Reporting\QueueReporting"" , instance ""%windir%\system32\wermgr.exe""  with process ID 2332."
"9/1/2026 5:02:37 PM","118","Information","Microsoft-Windows-TaskScheduler","Task Scheduler launched ""{4bf8da68-e7d3-425a-90a1-70d71591be73}""  instance of task ""\Microsoft\Windows\Windows Error Reporting\QueueReporting""  due to system startup."
"9/1/2026 5:02:23 PM","102","Information","Microsoft-Windows-TaskScheduler","Task Scheduler successfully finished ""{b95861e9-facd-49cf-9c6e-2ef62bc68918}"" instance of the ""\Microsoft\Windows\UpdateOrchestrator\USO_UxBroker"" task for user ""NT AUTHORITY\SYSTEM""."
"9/1/2026 5:02:23 PM","201","Information","Microsoft-Windows-TaskScheduler","Task Scheduler successfully completed task ""\Microsoft\Windows\UpdateOrchestrator\USO_UxBroker"" , instance ""{b95861e9-facd-49cf-9c6e-2ef62bc68918}"" , action ""%systemroot%\system32\MusNotification.exe"" with return code 0."
"9/1/2026 5:02:22 PM","200","Information","Microsoft-Windows-TaskScheduler","Task Scheduler launched action ""%systemroot%\system32\MusNotification.exe"" in instance ""{b95861e9-facd-49cf-9c6e-2ef62bc68918}"" of task ""\Microsoft\Windows\UpdateOrchestrator\USO_UxBroker""."
"9/1/2026 5:02:22 PM","100","Information","Microsoft-Windows-TaskScheduler","Task Scheduler started ""{b95861e9-facd-49cf-9c6e-2ef62bc68918}"" instance of the ""\Microsoft\Windows\UpdateOrchestrator\USO_UxBroker"" task for user ""NT AUTHORITY\SYSTEM""."
"9/1/2026 5:02:22 PM","129","Information","Microsoft-Windows-TaskScheduler","Task Scheduler launch task ""\Microsoft\Windows\UpdateOrchestrator\USO_UxBroker"" , instance ""%systemroot%\system32\MusNotification.exe""  with process ID 3424."
"9/1/2026 5:02:22 PM","102","Information","Microsoft-Windows-TaskScheduler","Task Scheduler successfully finished ""{590daee3-a86f-4d96-b66f-e1474bbbcebe}"" instance of the ""\Microsoft\Windows\UpdateOrchestrator\USO_UxBroker"" task for user ""NT AUTHORITY\SYSTEM""."
"9/1/2026 5:02:22 PM","201","Information","Microsoft-Windows-TaskScheduler","Task Scheduler successfully completed task ""\Microsoft\Windows\UpdateOrchestrator\USO_UxBroker"" , instance ""{590daee3-a86f-4d96-b66f-e1474bbbcebe}"" , action ""%systemroot%\system32\MusNotification.exe"" with return code 0."
"9/1/2026 5:02:21 PM","200","Information","Microsoft-Windows-TaskScheduler","Task Scheduler launched action ""%systemroot%\system32\MusNotification.exe"" in instance ""{590daee3-a86f-4d96-b66f-e1474bbbcebe}"" of task ""\Microsoft\Windows\UpdateOrchestrator\USO_UxBroker""."
"9/1/2026 5:02:21 PM","100","Information","Microsoft-Windows-TaskScheduler","Task Scheduler started ""{590daee3-a86f-4d96-b66f-e1474bbbcebe}"" instance of the ""\Microsoft\Windows\UpdateOrchestrator\USO_UxBroker"" task for user ""NT AUTHORITY\SYSTEM""."
"9/1/2026 5:02:21 PM","129","Information","Microsoft-Windows-TaskScheduler","Task Scheduler launch task ""\Microsoft\Windows\UpdateOrchestrator\USO_UxBroker"" , instance ""%systemroot%\system32\MusNotification.exe""  with process ID 4208."
"9/1/2026 5:02:21 PM","102","Information","Microsoft-Windows-TaskScheduler","Task Scheduler successfully finished ""{dd1e69ff-a1aa-466e-988a-9309c6ae9ca4}"" instance of the ""\Microsoft\Windows\UpdateOrchestrator\USO_UxBroker"" task for user ""NT AUTHORITY\SYSTEM""."
"9/1/2026 5:02:21 PM","201","Information","Microsoft-Windows-TaskScheduler","Task Scheduler successfully completed task ""\Microsoft\Windows\UpdateOrchestrator\USO_UxBroker"" , instance ""{dd1e69ff-a1aa-466e-988a-9309c6ae9ca4}"" , action ""%systemroot%\system32\MusNotification.exe"" with return code 0."
"9/1/2026 5:02:20 PM","200","Information","Microsoft-Windows-TaskScheduler","Task Scheduler launched action ""%systemroot%\system32\MusNotification.exe"" in instance ""{dd1e69ff-a1aa-466e-988a-9309c6ae9ca4}"" of task ""\Microsoft\Windows\UpdateOrchestrator\USO_UxBroker""."
"9/1/2026 5:02:20 PM","100","Information","Microsoft-Windows-TaskScheduler","Task Scheduler started ""{dd1e69ff-a1aa-466e-988a-9309c6ae9ca4}"" instance of the ""\Microsoft\Windows\UpdateOrchestrator\USO_UxBroker"" task for user ""NT AUTHORITY\SYSTEM""."
"9/1/2026 5:02:20 PM","129","Information","Microsoft-Windows-TaskScheduler","Task Scheduler launch task ""\Microsoft\Windows\UpdateOrchestrator\USO_UxBroker"" , instance ""%systemroot%\system32\MusNotification.exe""  with process ID 2160."
"9/1/2026 5:02:20 PM","140","Information","Microsoft-Windows-TaskScheduler","User ""SCAFFOLD\DC$""  updated Task Scheduler task ""\Microsoft\Windows\UpdateOrchestrator\Schedule Scan"""
"9/1/2026 5:02:20 PM","140","Information","Microsoft-Windows-TaskScheduler","User ""S-1-5-18""  updated Task Scheduler task ""\Microsoft\Windows\UpdateOrchestrator\Schedule Scan"""
"9/1/2026 5:02:17 PM","140","Information","Microsoft-Windows-TaskScheduler","User ""SCAFFOLD\DC$""  updated Task Scheduler task ""\Microsoft\Windows\Application Experience\PcaPatchDbTask"""
"9/1/2026 5:02:13 PM","102","Information","Microsoft-Windows-TaskScheduler","Task Scheduler successfully finished ""{8e6c4580-39e1-403e-985b-3591a6ba3a99}"" instance of the ""\Microsoft\Windows\CertificateServicesClient\SystemTask"" task for user ""NT AUTHORITY\SYSTEM""."
"9/1/2026 5:02:13 PM","201","Information","Microsoft-Windows-TaskScheduler","Task Scheduler successfully completed task ""\Microsoft\Windows\CertificateServicesClient\SystemTask"" , instance ""{8e6c4580-39e1-403e-985b-3591a6ba3a99}"" , action ""Certificate Services Client Task Handler"" with return code 0."
"9/1/2026 5:02:03 PM","102","Information","Microsoft-Windows-TaskScheduler","Task Scheduler successfully finished ""{7bb3b2b5-c8f2-47b9-b4d1-2b800450f753}"" instance of the ""\Microsoft\Windows\Flighting\FeatureConfig\ReconcileFeatures"" task for user ""NT AUTHORITY\SYSTEM""."
"9/1/2026 5:02:03 PM","201","Information","Microsoft-Windows-TaskScheduler","Task Scheduler successfully completed task ""\Microsoft\Windows\Flighting\FeatureConfig\ReconcileFeatures"" , instance ""{7bb3b2b5-c8f2-47b9-b4d1-2b800450f753}"" , action ""Feature Configuration Reconciliation Task Handler"" with return code 0."
"9/1/2026 5:02:03 PM","102","Information","Microsoft-Windows-TaskScheduler","Task Scheduler successfully finished ""{14e23481-5585-45cc-8280-1e6d37dd8f81}"" instance of the ""\Microsoft\Windows\Plug and Play\Device Install Group Policy"" task for user ""NT AUTHORITY\SYSTEM""."
"9/1/2026 5:02:03 PM","201","Information","Microsoft-Windows-TaskScheduler","Task Scheduler successfully completed task ""\Microsoft\Windows\Plug and Play\Device Install Group Policy"" , instance ""{14e23481-5585-45cc-8280-1e6d37dd8f81}"" , action ""Device Installation Group Policy Task Handler"" with return code 0."
"9/1/2026 5:02:03 PM","102","Information","Microsoft-Windows-TaskScheduler","Task Scheduler successfully finished ""{df3569a2-1e41-46d9-b3f6-9f2ab4794ad4}"" instance of the ""\Microsoft\Windows\ExploitGuard\ExploitGuard MDM policy Refresh"" task for user ""NT AUTHORITY\SYSTEM""."
"9/1/2026 5:02:03 PM","201","Information","Microsoft-Windows-TaskScheduler","Task Scheduler successfully completed task ""\Microsoft\Windows\ExploitGuard\ExploitGuard MDM policy Refresh"" , instance ""{df3569a2-1e41-46d9-b3f6-9f2ab4794ad4}"" , action """" with return code 0."
"9/1/2026 5:02:03 PM","200","Information","Microsoft-Windows-TaskScheduler","Task Scheduler launched action ""Feature Configuration Reconciliation Task Handler"" in instance ""{7bb3b2b5-c8f2-47b9-b4d1-2b800450f753}"" of task ""\Microsoft\Windows\Flighting\FeatureConfig\ReconcileFeatures""."
"9/1/2026 5:02:03 PM","100","Information","Microsoft-Windows-TaskScheduler","Task Scheduler started ""{7bb3b2b5-c8f2-47b9-b4d1-2b800450f753}"" instance of the ""\Microsoft\Windows\Flighting\FeatureConfig\ReconcileFeatures"" task for user ""NT AUTHORITY\SYSTEM""."
"9/1/2026 5:02:03 PM","200","Information","Microsoft-Windows-TaskScheduler","Task Scheduler launched action ""Device Installation Group Policy Task Handler"" in instance ""{14e23481-5585-45cc-8280-1e6d37dd8f81}"" of task ""\Microsoft\Windows\Plug and Play\Device Install Group Policy""."
"9/1/2026 5:02:03 PM","100","Information","Microsoft-Windows-TaskScheduler","Task Scheduler started ""{14e23481-5585-45cc-8280-1e6d37dd8f81}"" instance of the ""\Microsoft\Windows\Plug and Play\Device Install Group Policy"" task for user ""NT AUTHORITY\SYSTEM""."
"9/1/2026 5:02:03 PM","200","Information","Microsoft-Windows-TaskScheduler","Task Scheduler launched action """" in instance ""{df3569a2-1e41-46d9-b3f6-9f2ab4794ad4}"" of task ""\Microsoft\Windows\ExploitGuard\ExploitGuard MDM policy Refresh""."
"9/1/2026 5:02:03 PM","100","Information","Microsoft-Windows-TaskScheduler","Task Scheduler started ""{df3569a2-1e41-46d9-b3f6-9f2ab4794ad4}"" instance of the ""\Microsoft\Windows\ExploitGuard\ExploitGuard MDM policy Refresh"" task for user ""NT AUTHORITY\SYSTEM""."
"9/1/2026 5:02:03 PM","200","Information","Microsoft-Windows-TaskScheduler","Task Scheduler launched action ""Certificate Services Client Task Handler"" in instance ""{8e6c4580-39e1-403e-985b-3591a6ba3a99}"" of task ""\Microsoft\Windows\CertificateServicesClient\SystemTask""."
"9/1/2026 5:02:03 PM","100","Information","Microsoft-Windows-TaskScheduler","Task Scheduler started ""{8e6c4580-39e1-403e-985b-3591a6ba3a99}"" instance of the ""\Microsoft\Windows\CertificateServicesClient\SystemTask"" task for user ""NT AUTHORITY\SYSTEM""."
"9/1/2026 5:02:03 PM","129","Information","Microsoft-Windows-TaskScheduler","Task Scheduler launch task ""\Microsoft\Windows\CertificateServicesClient\SystemTask"" , instance ""taskhostw.exe""  with process ID 1292."
"9/1/2026 5:01:15 PM","102","Information","Microsoft-Windows-TaskScheduler","Task Scheduler successfully finished ""{ebdc6250-19a6-44bc-95a8-7a0073a3e298}"" instance of the ""\Microsoft\Windows\CertificateServicesClient\SystemTask"" task for user ""NT AUTHORITY\SYSTEM""."
"9/1/2026 5:01:15 PM","201","Information","Microsoft-Windows-TaskScheduler","Task Scheduler successfully completed task ""\Microsoft\Windows\CertificateServicesClient\SystemTask"" , instance ""{ebdc6250-19a6-44bc-95a8-7a0073a3e298}"" , action ""Certificate Services Client Task Handler"" with return code 0."
"9/1/2026 5:01:05 PM","141","Information","Microsoft-Windows-TaskScheduler","User ""NT AUTHORITY\System""  deleted Task Scheduler task ""\Microsoft\Windows\Windows Defender\Windows Defender Cache Maintenance"""
"9/1/2026 5:01:05 PM","141","Information","Microsoft-Windows-TaskScheduler","User ""NT AUTHORITY\System""  deleted Task Scheduler task ""\Microsoft\Windows\Windows Defender\Windows Defender Verification"""
"9/1/2026 5:01:05 PM","141","Information","Microsoft-Windows-TaskScheduler","User ""NT AUTHORITY\System""  deleted Task Scheduler task ""\Microsoft\Windows\Windows Defender\Windows Defender Cleanup"""
"9/1/2026 5:01:05 PM","141","Information","Microsoft-Windows-TaskScheduler","User ""NT AUTHORITY\System""  deleted Task Scheduler task ""\Microsoft\Windows\Windows Defender\Windows Defender Scheduled Scan"""
"9/1/2026 5:01:05 PM","102","Information","Microsoft-Windows-TaskScheduler","Task Scheduler successfully finished ""{f2d6fc51-faae-4f6d-9592-5a9cbde4c189}"" instance of the ""\Microsoft\Windows\Flighting\FeatureConfig\ReconcileFeatures"" task for user ""NT AUTHORITY\SYSTEM""."
"9/1/2026 5:01:05 PM","201","Information","Microsoft-Windows-TaskScheduler","Task Scheduler successfully completed task ""\Microsoft\Windows\Flighting\FeatureConfig\ReconcileFeatures"" , instance ""{f2d6fc51-faae-4f6d-9592-5a9cbde4c189}"" , action ""Feature Configuration Reconciliation Task Handler"" with return code 0."
"9/1/2026 5:01:05 PM","102","Information","Microsoft-Windows-TaskScheduler","Task Scheduler successfully finished ""{38b06a42-cc7a-4300-836b-ab1e6d42c575}"" instance of the ""\Microsoft\Windows\Plug and Play\Device Install Group Policy"" task for user ""NT AUTHORITY\SYSTEM""."
"9/1/2026 5:01:05 PM","201","Information","Microsoft-Windows-TaskScheduler","Task Scheduler successfully completed task ""\Microsoft\Windows\Plug and Play\Device Install Group Policy"" , instance ""{38b06a42-cc7a-4300-836b-ab1e6d42c575}"" , action ""Device Installation Group Policy Task Handler"" with return code 0."
"9/1/2026 5:01:05 PM","102","Information","Microsoft-Windows-TaskScheduler","Task Scheduler successfully finished ""{0469f8e5-9a87-4e2e-a5c4-579f9f4f0f5e}"" instance of the ""\Microsoft\Windows\ExploitGuard\ExploitGuard MDM policy Refresh"" task for user ""NT AUTHORITY\SYSTEM""."
"9/1/2026 5:01:05 PM","201","Information","Microsoft-Windows-TaskScheduler","Task Scheduler successfully completed task ""\Microsoft\Windows\ExploitGuard\ExploitGuard MDM policy Refresh"" , instance ""{0469f8e5-9a87-4e2e-a5c4-579f9f4f0f5e}"" , action """" with return code 0."
"9/1/2026 5:01:05 PM","200","Information","Microsoft-Windows-TaskScheduler","Task Scheduler launched action ""Feature Configuration Reconciliation Task Handler"" in instance ""{f2d6fc51-faae-4f6d-9592-5a9cbde4c189}"" of task ""\Microsoft\Windows\Flighting\FeatureConfig\ReconcileFeatures""."
"9/1/2026 5:01:05 PM","100","Information","Microsoft-Windows-TaskScheduler","Task Scheduler started ""{f2d6fc51-faae-4f6d-9592-5a9cbde4c189}"" instance of the ""\Microsoft\Windows\Flighting\FeatureConfig\ReconcileFeatures"" task for user ""NT AUTHORITY\SYSTEM""."
"9/1/2026 5:01:05 PM","200","Information","Microsoft-Windows-TaskScheduler","Task Scheduler launched action ""Device Installation Group Policy Task Handler"" in instance ""{38b06a42-cc7a-4300-836b-ab1e6d42c575}"" of task ""\Microsoft\Windows\Plug and Play\Device Install Group Policy""."
"9/1/2026 5:01:05 PM","100","Information","Microsoft-Windows-TaskScheduler","Task Scheduler started ""{38b06a42-cc7a-4300-836b-ab1e6d42c575}"" instance of the ""\Microsoft\Windows\Plug and Play\Device Install Group Policy"" task for user ""NT AUTHORITY\SYSTEM""."
"9/1/2026 5:01:05 PM","200","Information","Microsoft-Windows-TaskScheduler","Task Scheduler launched action """" in instance ""{0469f8e5-9a87-4e2e-a5c4-579f9f4f0f5e}"" of task ""\Microsoft\Windows\ExploitGuard\ExploitGuard MDM policy Refresh""."
"9/1/2026 5:01:05 PM","100","Information","Microsoft-Windows-TaskScheduler","Task Scheduler started ""{0469f8e5-9a87-4e2e-a5c4-579f9f4f0f5e}"" instance of the ""\Microsoft\Windows\ExploitGuard\ExploitGuard MDM policy Refresh"" task for user ""NT AUTHORITY\SYSTEM""."
"9/1/2026 5:01:05 PM","200","Information","Microsoft-Windows-TaskScheduler","Task Scheduler launched action ""Certificate Services Client Task Handler"" in instance ""{ebdc6250-19a6-44bc-95a8-7a0073a3e298}"" of task ""\Microsoft\Windows\CertificateServicesClient\SystemTask""."
"9/1/2026 5:01:05 PM","100","Information","Microsoft-Windows-TaskScheduler","Task Scheduler started ""{ebdc6250-19a6-44bc-95a8-7a0073a3e298}"" instance of the ""\Microsoft\Windows\CertificateServicesClient\SystemTask"" task for user ""NT AUTHORITY\SYSTEM""."
"9/1/2026 5:01:05 PM","129","Information","Microsoft-Windows-TaskScheduler","Task Scheduler launch task ""\Microsoft\Windows\CertificateServicesClient\SystemTask"" , instance ""taskhostw.exe""  with process ID 3844."
"9/1/2026 5:00:41 PM","102","Information","Microsoft-Windows-TaskScheduler","Task Scheduler successfully finished ""{2a01b090-32b4-48f4-bcd8-c17efc4be611}"" instance of the ""\Scaffold\ScaffoldDeployEngine"" task for user ""NT AUTHORITY\SYSTEM""."
"9/1/2026 5:00:41 PM","201","Information","Microsoft-Windows-TaskScheduler","Task Scheduler successfully completed task ""\Scaffold\ScaffoldDeployEngine"" , instance ""{2a01b090-32b4-48f4-bcd8-c17efc4be611}"" , action ""powershell.exe"" with return code 0."
"9/1/2026 5:00:41 PM","200","Information","Microsoft-Windows-TaskScheduler","Task Scheduler launched action ""powershell.exe"" in instance ""{2a01b090-32b4-48f4-bcd8-c17efc4be611}"" of task ""\Scaffold\ScaffoldDeployEngine""."
"9/1/2026 5:00:41 PM","100","Information","Microsoft-Windows-TaskScheduler","Task Scheduler started ""{2a01b090-32b4-48f4-bcd8-c17efc4be611}"" instance of the ""\Scaffold\ScaffoldDeployEngine"" task for user ""NT AUTHORITY\SYSTEM""."
"9/1/2026 5:00:41 PM","129","Information","Microsoft-Windows-TaskScheduler","Task Scheduler launch task ""\Scaffold\ScaffoldDeployEngine"" , instance ""powershell.exe""  with process ID 1292."
"9/1/2026 5:00:41 PM","107","Information","Microsoft-Windows-TaskScheduler","Task Scheduler launched ""{2a01b090-32b4-48f4-bcd8-c17efc4be611}""  instance of task ""\Scaffold\ScaffoldDeployEngine"" due to a time trigger condition."
"9/1/2026 5:00:37 PM","102","Information","Microsoft-Windows-TaskScheduler","Task Scheduler successfully finished ""{29bdf9b4-b271-4a90-bc90-57e54e4db05c}"" instance of the ""\Microsoft\Windows\Software Inventory Logging\Configuration"" task for user ""NT AUTHORITY\SYSTEM""."
"9/1/2026 5:00:37 PM","201","Information","Microsoft-Windows-TaskScheduler","Task Scheduler successfully completed task ""\Microsoft\Windows\Software Inventory Logging\Configuration"" , instance ""{29bdf9b4-b271-4a90-bc90-57e54e4db05c}"" , action ""%systemroot%\system32\cmd.exe"" with return code 0."
"9/1/2026 5:00:37 PM","102","Information","Microsoft-Windows-TaskScheduler","Task Scheduler successfully finished ""{ba71b5cf-d135-4c7b-be03-91b2dd5e0770}"" instance of the ""\Microsoft\Windows\DirectX\DXGIAdapterCache"" task for user ""NT AUTHORITY\SYSTEM""."
"9/1/2026 5:00:37 PM","201","Information","Microsoft-Windows-TaskScheduler","Task Scheduler successfully completed task ""\Microsoft\Windows\DirectX\DXGIAdapterCache"" , instance ""{ba71b5cf-d135-4c7b-be03-91b2dd5e0770}"" , action ""%windir%\system32\dxgiadaptercache.exe"" with return code 0."
"9/1/2026 5:00:37 PM","200","Information","Microsoft-Windows-TaskScheduler","Task Scheduler launched action ""%systemroot%\system32\cmd.exe"" in instance ""{29bdf9b4-b271-4a90-bc90-57e54e4db05c}"" of task ""\Microsoft\Windows\Software Inventory Logging\Configuration""."
"9/1/2026 5:00:37 PM","200","Information","Microsoft-Windows-TaskScheduler","Task Scheduler launched action ""%windir%\system32\dxgiadaptercache.exe"" in instance ""{ba71b5cf-d135-4c7b-be03-91b2dd5e0770}"" of task ""\Microsoft\Windows\DirectX\DXGIAdapterCache""."
"9/1/2026 5:00:37 PM","100","Information","Microsoft-Windows-TaskScheduler","Task Scheduler started ""{29bdf9b4-b271-4a90-bc90-57e54e4db05c}"" instance of the ""\Microsoft\Windows\Software Inventory Logging\Configuration"" task for user ""NT AUTHORITY\SYSTEM""."
"9/1/2026 5:00:37 PM","100","Information","Microsoft-Windows-TaskScheduler","Task Scheduler started ""{ba71b5cf-d135-4c7b-be03-91b2dd5e0770}"" instance of the ""\Microsoft\Windows\DirectX\DXGIAdapterCache"" task for user ""NT AUTHORITY\SYSTEM""."
"9/1/2026 5:00:37 PM","129","Information","Microsoft-Windows-TaskScheduler","Task Scheduler launch task ""\Microsoft\Windows\DirectX\DXGIAdapterCache"" , instance ""%windir%\system32\dxgiadaptercache.exe""  with process ID 4424."
"9/1/2026 5:00:37 PM","129","Information","Microsoft-Windows-TaskScheduler","Task Scheduler launch task ""\Microsoft\Windows\Software Inventory Logging\Configuration"" , instance ""%systemroot%\system32\cmd.exe""  with process ID 5628."
"9/1/2026 5:00:37 PM","118","Information","Microsoft-Windows-TaskScheduler","Task Scheduler launched ""{ba71b5cf-d135-4c7b-be03-91b2dd5e0770}""  instance of task ""\Microsoft\Windows\DirectX\DXGIAdapterCache""  due to system startup."
"9/1/2026 5:00:37 PM","118","Information","Microsoft-Windows-TaskScheduler","Task Scheduler launched ""{29bdf9b4-b271-4a90-bc90-57e54e4db05c}""  instance of task ""\Microsoft\Windows\Software Inventory Logging\Configuration""  due to system startup."
"9/1/2026 5:00:25 PM","102","Information","Microsoft-Windows-TaskScheduler","Task Scheduler successfully finished ""{a0bc7b70-3d81-4935-88c9-a5bbf1565afe}"" instance of the ""\Microsoft\Windows\CertificateServicesClient\SystemTask"" task for user ""NT AUTHORITY\SYSTEM""."
"9/1/2026 5:00:25 PM","201","Information","Microsoft-Windows-TaskScheduler","Task Scheduler successfully completed task ""\Microsoft\Windows\CertificateServicesClient\SystemTask"" , instance ""{a0bc7b70-3d81-4935-88c9-a5bbf1565afe}"" , action ""Certificate Services Client Task Handler"" with return code 0."
"9/1/2026 5:00:16 PM","102","Information","Microsoft-Windows-TaskScheduler","Task Scheduler successfully finished ""{a78e35de-8cd8-44c6-88d8-ee583f4a40e5}"" instance of the ""\Microsoft\Windows\Workplace Join\Automatic-Device-Join"" task for user ""NT AUTHORITY\SYSTEM""."
"9/1/2026 5:00:16 PM","201","Information","Microsoft-Windows-TaskScheduler","Task Scheduler successfully completed task ""\Microsoft\Windows\Workplace Join\Automatic-Device-Join"" , instance ""{a78e35de-8cd8-44c6-88d8-ee583f4a40e5}"" , action ""%SystemRoot%\System32\dsregcmd.exe"" with return code 0."
"9/1/2026 4:59:47 PM","200","Information","Microsoft-Windows-TaskScheduler","Task Scheduler launched action ""Certificate Services Client Task Handler"" in instance ""{a0bc7b70-3d81-4935-88c9-a5bbf1565afe}"" of task ""\Microsoft\Windows\CertificateServicesClient\SystemTask""."
