"5/31/2026 5:56:48 PM","1023","Error","Microsoft-Windows-Perflib","Windows cannot load the extensible counter DLL ""C:\Windows\system32\ntdsperf.dll"" (Win32 error code The specified module could not be found.)."
"5/31/2026 5:56:48 PM","17137","Information","MSSQL$SQLEXPRESS","Starting up database 'tempdb'."
"5/31/2026 5:56:48 PM","17136","Information","MSSQL$SQLEXPRESS","Clearing tempdb database."
"5/31/2026 5:56:48 PM","17137","Information","MSSQL$SQLEXPRESS","Starting up database 'model'."
"5/31/2026 5:56:48 PM","958","Information","MSSQL$SQLEXPRESS","The resource database build version is 15.00.2000. This is an informational message only. No user action is required."
"5/31/2026 5:56:48 PM","17137","Information","MSSQL$SQLEXPRESS","Starting up database 'mssqlsystemresource'."
"5/31/2026 5:56:48 PM","17137","Information","MSSQL$SQLEXPRESS","Starting up database 'msdb'."
"5/31/2026 5:56:48 PM","17663","Information","MSSQL$SQLEXPRESS","Server name is 'DC\SQLEXPRESS'. This is an informational message only. No user action is required."
"5/31/2026 5:56:48 PM","19030","Information","MSSQL$SQLEXPRESS","SQL Trace ID 1 was started by login ""sa""."
"5/31/2026 5:56:48 PM","6253","Information","MSSQL$SQLEXPRESS","Common language runtime (CLR) functionality initialized using CLR version v4.0.30319 from C:\Windows\Microsoft.NET\Framework64\v4.0.30319\."
"5/31/2026 5:56:48 PM","33218","Information","MSSQL$SQLEXPRESS","SQL Server Audit has started the audits. This is an informational message. No user action is required."
"5/31/2026 5:56:48 PM","33217","Information","MSSQL$SQLEXPRESS","SQL Server Audit is starting the audits. This is an informational message. No user action is required."
"5/31/2026 5:56:48 PM","17137","Information","MSSQL$SQLEXPRESS","Starting up database 'master'."
"5/31/2026 5:56:48 PM","49910","Information","MSSQL$SQLEXPRESS","Software Usage Metrics is disabled."
"5/31/2026 5:56:48 PM","9048","Information","MSSQL$SQLEXPRESS","clwb is selected for pmem flush operation."
"5/31/2026 5:56:48 PM","49921","Information","MSSQL$SQLEXPRESS","Total Log Writer threads: 1. This is an informational message; no user action is required."
"5/31/2026 5:56:48 PM","17118","Information","MSSQL$SQLEXPRESS","Database Instant File Initialization: disabled. For security and performance considerations see the topic 'Database Instant File Initialization' in SQL Server Books Online. This is an informational message only. No user action is required."
"5/31/2026 5:56:48 PM","17125","Information","MSSQL$SQLEXPRESS","Using dynamic lock allocation.  Initial allocation of 2500 Lock blocks and 5000 Lock Owner blocks per node.  This is an informational message only.  No user action is required."
"5/31/2026 5:56:48 PM","17152","Information","MSSQL$SQLEXPRESS","Node configuration: node 0: CPU mask: 0x0000000000000003:0 Active CPU mask: 0x0000000000000003:0. This message provides a description of the NUMA configuration for this computer. This is an informational message only. No user action is required."
"5/31/2026 5:56:48 PM","17176","Information","MSSQL$SQLEXPRESS","This instance of SQL Server last reported using a process ID of 5928 at 5/29/2026 12:32:11 PM (local) 5/29/2026 7:32:11 PM (UTC). This is an informational message only; no user action is required."
"5/31/2026 5:56:48 PM","17811","Information","MSSQL$SQLEXPRESS","The maximum number of dedicated administrator connections for this instance is '1'"
"5/31/2026 5:56:48 PM","873","Information","MSSQL$SQLEXPRESS","Buffer pool extension is already disabled. No action is necessary."
"5/31/2026 5:56:48 PM","49917","Information","MSSQL$SQLEXPRESS","Default collation: SQL_Latin1_General_CP1_CI_AS (us_english 1033)"
"5/31/2026 5:56:48 PM","894","Information","MSSQL$SQLEXPRESS","Buffer Pool: Allocating 524288 bytes for 509626 hashPages."
"5/31/2026 5:56:48 PM","852","Information","MSSQL$SQLEXPRESS","Using conventional memory in the memory manager."
"5/31/2026 5:56:48 PM","49903","Information","MSSQL$SQLEXPRESS","Detected 4095 MB of RAM. This is an informational message; no user action is required."
"5/31/2026 5:56:48 PM","17162","Information","MSSQL$SQLEXPRESS","SQL Server is starting at normal priority base (=7). This is an informational message only. No user action is required."
"5/31/2026 5:56:48 PM","17164","Information","MSSQL$SQLEXPRESS","SQL Server detected 2 sockets with 2 cores per socket and 2 logical processors per socket, 4 total logical processors; using 2 logical processors based on SQL Server licensing. This is an informational message; no user action is required."
"5/31/2026 5:56:48 PM","17115","Information","MSSQL$SQLEXPRESS","Command Line Startup Parameters:
	 -s ""SQLEXPRESS"""
"5/31/2026 5:56:48 PM","17110","Information","MSSQL$SQLEXPRESS","Registry startup parameters: 
	 -d C:\Program Files\Microsoft SQL Server\MSSQL15.SQLEXPRESS\MSSQL\DATA\master.mdf
	 -e C:\Program Files\Microsoft SQL Server\MSSQL15.SQLEXPRESS\MSSQL\Log\ERRORLOG
	 -l C:\Program Files\Microsoft SQL Server\MSSQL15.SQLEXPRESS\MSSQL\DATA\mastlog.ldf"
"5/31/2026 5:56:48 PM","49904","Information","MSSQL$SQLEXPRESS","The service account is 'NT Service\MSSQL$SQLEXPRESS'. This is an informational message; no user action is required."
"5/31/2026 5:56:48 PM","17111","Information","MSSQL$SQLEXPRESS","Logging SQL Server messages in file 'C:\Program Files\Microsoft SQL Server\MSSQL15.SQLEXPRESS\MSSQL\Log\ERRORLOG'."
"5/31/2026 5:56:48 PM","15268","Information","MSSQL$SQLEXPRESS","Authentication mode is MIXED."
"5/31/2026 5:56:48 PM","18496","Information","MSSQL$SQLEXPRESS","System Manufacturer: 'VMware, Inc.', System Model: 'VMware20,1'."
"5/31/2026 5:56:48 PM","17104","Information","MSSQL$SQLEXPRESS","Server process ID is 5764."
"5/31/2026 5:56:48 PM","17103","Information","MSSQL$SQLEXPRESS","All rights reserved."
"5/31/2026 5:56:48 PM","17101","Information","MSSQL$SQLEXPRESS","(c) Microsoft Corporation."
"5/31/2026 5:56:48 PM","49916","Information","MSSQL$SQLEXPRESS","UTC adjustment: -7:00"
"5/31/2026 5:56:48 PM","17069","Information","MSSQL$SQLEXPRESS","Microsoft SQL Server 2019 (RTM) - 15.0.2000.5 (X64) 
	Sep 24 2019 13:48:23 
	Copyright (C) 2019 Microsoft Corporation
	Express Edition (64-bit) on Windows Server 2022 Standard Evaluation 10.0 <X64> (Build 20348: ) (Hypervisor)
"
"5/31/2026 5:56:48 PM","325","Information","ESENT","DFSRs (2420,D,35) \\.\C:\System Volume Information\DFSR\database_D030_CE70_30CE_5D5A\dfsr.db: The database engine created a new database (1, \\.\C:\System Volume Information\DFSR\database_D030_CE70_30CE_5D5A\dfsr.db). (Time=0 seconds) 
 
Additional Data: lgposCreate = 00000001:0001:0268,
dbv = 1568.180.400 (9360) 
 
Internal Timing Sequence: 
[1] 0.000046 +J(0) +M(C:0K, Fs:9, WS:36K # 0K, PF:24K # 0K, P:24K)
[2] 0.001450 -0.000127 (1) WT +J(CM:0, PgRf:0, Rd:0/0, Dy:0/0, Lg:3480/2) +M(C:0K, Fs:4, WS:16K # 0K, PF:0K # 0K, P:0K)
[3] 0.004288 -0.000003 (3) WT +J(0) +M(C:0K, Fs:11, WS:36K # 0K, PF:20K # 0K, P:20K)
[4] 0.000193 +J(0) +M(C:0K, Fs:1, WS:4K # 0K, PF:0K # 0K, P:0K)
[5] 0.000888 -0.000458 (3) WT +J(CM:0, PgRf:3, Rd:0/0, Dy:3/6, Lg:122/4) +M(C:0K, Fs:41, WS:156K # 0K, PF:236K # 0K, P:236K)
[6] 0.000916 -0.000143 (2) WT +J(CM:0, PgRf:209, Rd:0/0, Dy:12/408, Lg:24454/447) +M(C:0K, Fs:76, WS:304K # 0K, PF:224K # 0K, P:224K)
[7] 0.000606 -0.000289 (3) WT +J(CM:0, PgRf:0, Rd:0/0, Dy:0/0, Lg:4096/3) +M(C:0K, Fs:4, WS:8K # 0K, PF:0K # 0K, P:0K)
[8] 0.000002 +J(0)
[9] 0.001583 -0.001095 (3) WT +J(0) +M(C:-52K, Fs:8, WS:-28K # 0K, PF:-52K # 0K, P:-52K)
[10] 0.001947 -0.000361 (5) WT +J(CM:0, PgRf:348, Rd:0/0, Dy:7/93, Lg:12509/130) +M(C:12K, Fs:46, WS:176K # 0K, PF:96K # 0K, P:96K)
[11] 0.000002 +J(0)."
"5/31/2026 5:56:48 PM","326","Information","ESENT","certsrv.exe (2552,D,50) The database engine attached a database (1, C:\Windows\system32\CertLog\scaffold-DC-CA.edb). (Time=0 seconds) 
 
Saved Cache: 0 0 
Additional Data: lgposAttach = 00000004:00B0:0268,
dbv = 1568.180.400 (9360) 
 
Internal Timing Sequence: 
[1] 0.000004 +J(0) +M(C:0K, Fs:1, WS:4K # 0K, PF:0K # 0K, P:0K)
[2] 0.000384 -0.000225 (1) WT +J(0) +M(C:0K, Fs:18, WS:8K # 0K, PF:4K # 0K, P:4K)
[3] 0.005681 -0.002279 (6) WT +J(CM:0, PgRf:0, Rd:0/0, Dy:0/0, Lg:3480/2) +M(C:0K, Fs:24, WS:92K # 0K, PF:116K # 0K, P:116K)
[4] 0.000107 +J(0)
[5] -
[6] -
[7] -
[8] 0.000454 -0.000228 (2) CM -0.000127 (2) WT +J(CM:2, PgRf:2, Rd:14/2, Dy:0/0, Lg:54/1) +M(C:0K, Fs:41, WS:164K # 0K, PF:156K # 0K, P:156K)
[9] 0.001626 -0.001465 (3) CM -0.001284 (3) WT +J(CM:3, PgRf:23, Rd:0/2, Dy:0/0, Lg:0/0) +M(C:0K, Fs:31, WS:124K # 0K, PF:196K # 0K, P:196K)
[10] 0.000516 -0.000412 (1) CM -0.000164 (1) WT +J(CM:1, PgRf:40, Rd:0/1, Dy:0/0, Lg:0/0) +M(C:0K, Fs:6, WS:20K # 0K, PF:68K # 0K, P:68K)
[11] 0.000022 +J(CM:0, PgRf:1, Rd:0/0, Dy:0/0, Lg:0/0) +M(C:0K, Fs:4, WS:16K # 0K, PF:0K # 0K, P:0K)
[12] 0.000030 +J(CM:0, PgRf:42, Rd:0/0, Dy:0/0, Lg:0/0) +M(C:0K, Fs:1, WS:4K # 0K, PF:0K # 0K, P:0K)
[13] 0.000001 +J(0)
[14] 0.0 +J(0)
[15] 0.000004 +J(CM:0, PgRf:1, Rd:0/0, Dy:0/0, Lg:0/0)."
"5/31/2026 5:56:48 PM","105","Information","ESENT","DFSRs (2420,D,0) \\.\C:\System Volume Information\DFSR\database_D030_CE70_30CE_5D5A\dfsr.db: The database engine started a new instance (0). (Time=0 seconds) 
 
Additional Data:
  
 
Internal Timing Sequence: 
[1] 0.001607 +J(0) +M(C:0K, Fs:286, WS:1112K # 1112K, PF:6648K # 6576K, P:6648K)
[2] 0.000347 +J(0) +M(C:16K, Fs:100, WS:392K # 392K, PF:316K # 316K, P:316K)
[3] 0.000017 +J(0) +M(C:0K, Fs:3, WS:12K # 12K, PF:64K # 64K, P:64K)
[4] 0.000191 +J(0) +M(C:2032K, Fs:35, WS:132K # 132K, PF:2444K # 2444K, P:2444K)
[5] 0.000669 +J(0) +M(C:0K, Fs:11, WS:44K # 44K, PF:28K # 28K, P:28K)
[6] 0.000617 +J(0) +M(C:0K, Fs:13, WS:52K # 52K, PF:12K # 12K, P:12K)
[7] -
[8] -
[9] -
[10] -
[11] -
[12] -
[13] 0.022663 -0.013846 (22) WT +J(CM:0, PgRf:0, Rd:0/0, Dy:0/0, Lg:616/1) +M(C:0K, Fs:1516, WS:848K # 5952K, PF:180K # 5308K, P:180K)
[14] 0.000013 +J(0)
[15] 0.000135 +J(0) +M(C:0K, Fs:65, WS:256K # 0K, PF:68K # 0K, P:68K)
[16] 0.005086 -0.000073 (1) WT +J(0) +M(C:0K, Fs:9, WS:28K # 0K, PF:0K # 0K, P:0K)."
"5/31/2026 5:56:48 PM","105","Information","ESENT","certsrv.exe (2552,D,0) The database engine started a new instance (0). (Time=0 seconds) 
 
Additional Data:
  
 
Internal Timing Sequence: 
[1] 0.000575 +J(0) +M(C:0K, Fs:127, WS:492K # 492K, PF:2492K # 2228K, P:2492K)
[2] 0.000394 +J(0) +M(C:3200K, Fs:149, WS:584K # 584K, PF:3700K # 3696K, P:3700K)
[3] 0.000021 +J(0) +M(C:0K, Fs:4, WS:12K # 12K, PF:64K # 64K, P:64K)
[4] 0.000095 +J(0) +M(C:0K, Fs:34, WS:136K # 136K, PF:968K # 968K, P:968K)
[5] 0.000413 +J(0) +M(C:0K, Fs:59, WS:236K # 236K, PF:20K # 20K, P:20K)
[6] 0.002713 +J(0) +M(C:0K, Fs:29, WS:112K # 112K, PF:12K # 12K, P:12K)
[7] 0.002889 -0.001382 (3) WT +J(0) +M(C:0K, Fs:274, WS:1096K # 1096K, PF:1024K # 1024K, P:1024K)
[8] -
[9] -
[10] -
[11] -
[12] -
[13] 0.007473 -0.002770 (4) WT +J(CM:0, PgRf:0, Rd:0/0, Dy:0/0, Lg:616/1) +M(C:0K, Fs:20, WS:-952K # 64K, PF:-952K # 72K, P:-952K)
[14] 0.000011 +J(0)
[15] 0.000075 +J(0) +M(C:0K, Fs:100, WS:400K # 0K, PF:64K # 0K, P:64K)
[16] 0.000444 -0.000318 (1) WT +J(0) +M(C:0K, Fs:3, WS:4K # 0K, PF:0K # 0K, P:0K)."
"5/31/2026 5:56:48 PM","102","Information","ESENT","certsrv.exe (2552,P,98) The database engine (10.00.20348.0000) is starting a new instance (0)."
"5/31/2026 5:56:48 PM","517","Information","WDSServer","Provider WDSDDPS loaded from C:\Windows\system32\wdsddps.dll and initialized successfully."
"5/31/2026 5:56:48 PM","102","Information","ESENT","DFSRs (2420,P,98) \\.\C:\System Volume Information\DFSR\database_D030_CE70_30CE_5D5A\dfsr.db: The database engine (10.00.20348.0000) is starting a new instance (0)."
"5/31/2026 5:56:48 PM","326","Information","ESENT","svchost (3132,D,50) DDP: The database engine attached a database (3, C:\RemoteInstall\Stores\Drivers\Metadata\DdpDb.mdb). (Time=0 seconds) 
 
Saved Cache: 1 0 
Additional Data: lgposAttach = 00000001:00AF:0268,
dbv = 1568.180.400 (9360) 
 
Internal Timing Sequence: 
[1] 0.000001 +J(0)
[2] 0.000379 -0.000142 (1) WT +J(0) +M(C:0K, Fs:24, WS:32K # 0K, PF:32K # 0K, P:32K)
[3] 0.001850 -0.000626 (6) WT +J(CM:0, PgRf:0, Rd:0/0, Dy:0/0, Lg:3480/2) +M(C:0K, Fs:13, WS:20K # 0K, PF:20K # 0K, P:20K)
[4] 0.000126 +J(0)
[5] -
[6] -
[7] -
[8] 0.000299 +J(CM:0, PgRf:2, Rd:7/0, Dy:0/0, Lg:54/1) +M(C:104K, Fs:43, WS:172K # 0K, PF:124K # 0K, P:124K)
[9] 0.000694 -0.000589 (2) CM -0.000515 (2) WT +J(CM:2, PgRf:16, Rd:0/2, Dy:0/0, Lg:0/0) +M(C:-12K, Fs:17, WS:-8K # 0K, PF:-12K # 0K, P:-12K)
[10] 0.000236 -0.000160 (1) CM -0.000119 (1) WT +J(CM:1, PgRf:35, Rd:0/1, Dy:0/0, Lg:0/0) +M(C:-28K, Fs:0, WS:-28K # 0K, PF:-28K # 0K, P:-28K)
[11] 0.000007 +J(CM:0, PgRf:1, Rd:0/0, Dy:0/0, Lg:0/0)
[12] 0.000034 +J(CM:0, PgRf:42, Rd:0/0, Dy:0/0, Lg:0/0) +M(C:0K, Fs:1, WS:4K # 0K, PF:4K # 0K, P:4K)
[13] 0.000001 +J(0)
[14] 0.0 +J(0)
[15] 0.000004 +J(CM:0, PgRf:1, Rd:0/0, Dy:0/0, Lg:0/0)."
"5/31/2026 5:56:48 PM","105","Information","ESENT","svchost (3132,D,0) DDP: The database engine started a new instance (1). (Time=0 seconds) 
 
Additional Data:
 lgposV2[] = 00000001:0001:0000 - 00000001:00AC:0319 - 00000001:00AD:0000 - 00000001:00AD:0000 (00000000:0000:0000)
cReInits = 31
 
 
Internal Timing Sequence: 
[1] -
[2] -
[3] 0.000152 +J(0) +M(C:0K, Fs:3, WS:12K # 12K, PF:0K # 0K, P:0K)
[4] 0.000115 +J(0) +M(C:0K, Fs:11, WS:44K # 44K, PF:160K # 0K, P:160K)
[5] 0.000436 +J(0) +M(C:0K, Fs:5, WS:20K # 20K, PF:20K # 0K, P:20K)
[6] 0.001660 +J(0) +M(C:0K, Fs:1, WS:4K # 4K, PF:12K # 0K, P:12K)
[7] 0.008212 -0.005539 (11) WT +J(0) +M(C:0K, Fs:1283, WS:5120K # 5120K, PF:5132K # 4412K, P:5132K)
[8] 0.030110 -0.014544 (48) WT +J(CM:0, PgRf:0, Rd:0/0, Dy:0/0, Lg:697566/1632) +M(C:0K, Fs:796, WS:200K # 244K, PF:72K # 116K, P:72K)
[9] 0.000662 +J(0) +M(C:0K, Fs:1, WS:4K # 0K, PF:4K # 0K, P:4K)
[10] 0.003466 -0.001934 (10) WT +J(0) +M(C:0K, Fs:0, WS:-5116K # 0K, PF:-5128K # 0K, P:-5128K)
[11] 0.000019 +J(CM:0, PgRf:0, Rd:0/0, Dy:0/0, Lg:49/1) +M(C:0K, Fs:1, WS:4K # 0K, PF:0K # 0K, P:0K)
[12] 0.000041 +J(0)
[13] 0.012188 -0.000652 (2) CM -0.005036 (30) WT +J(CM:2, PgRf:2, Rd:0/2, Dy:0/0, Lg:8759/5) +M(C:-56K, Fs:1320, WS:-76K # 0K, PF:-108K # 0K, P:-108K)
[14] 0.000009 +J(0)
[15] 0.000009 +J(0)
[16] 0.000174 -0.000056 (1) WT +J(0) +M(C:0K, Fs:2, WS:0K # 0K, PF:0K # 0K, P:0K)."
"5/31/2026 5:56:48 PM","302","Information","ESENT","svchost (3132,U,98) DDP: The database engine has successfully completed recovery steps."
"5/31/2026 5:56:48 PM","301","Information","ESENT","svchost (3132,R,98) DDP: The database engine has finished replaying logfile C:\RemoteInstall\Stores\Drivers\Metadata\DDP.log. 
 
Processing Stats: 
[1] 0.029000 -0.014211 (45) WT +J(CM:0, PgRf:0, Rd:0/0, Dy:0/0, Lg:697566/1632) +M(C:0K, Fs:760, WS:64K # 108K, PF:60K # 100K, P:60K). 
Log record of type 'Insert   ' was seen most frequently (479 times)"
"5/31/2026 5:56:48 PM","335","Information","ESENT","svchost (3132,R,98) DDP: Replay of a Create for database ""C:\RemoteInstall\Stores\Drivers\Metadata\DdpDb.mdb"" at log position (00000001,0001,0268) was deferred due to AttachFuture.  Additional information:  "
"5/31/2026 5:56:48 PM","300","Information","ESENT","svchost (3132,R,98) DDP: The database engine is initiating recovery steps."
"5/31/2026 5:56:48 PM","102","Information","ESENT","svchost (3132,P,98) DDP: The database engine (10.00.20348.0000) is starting a new instance (1)."
"5/31/2026 5:56:48 PM","517","Information","WDSServer","Provider WDSDCPXE loaded from C:\Windows\system32\wdsdcpxe.dll and initialized successfully."
"5/31/2026 5:56:48 PM","517","Information","WDSServer","Provider WDSDCMGR loaded from C:\Windows\system32\wdsdcmgr.dll and initialized successfully."
"5/31/2026 5:56:36 PM","9027","Information","Desktop Window Manager","The Desktop Window Manager has registered the session port."
"5/31/2026 5:56:18 PM","5617","Information","Microsoft-Windows-WMI","Windows Management Instrumentation Service subsystems initialized successfully"
"5/31/2026 5:56:19 PM","271","Information","VMUpgradeHelper","Restored network configuration."
"5/31/2026 5:56:19 PM","258","Information","VMUpgradeHelper","Restoring network configuration."
"5/31/2026 5:56:19 PM","902","Information","Microsoft-Windows-Security-SPP","The Software Protection service has started.
10.0.20348.587"
"5/31/2026 5:56:19 PM","1037","Information","Microsoft-Windows-Security-SPP","Time-based license remaining validity time 232657 minutes."
"5/31/2026 5:56:19 PM","1003","Information","Microsoft-Windows-Security-SPP","The Software Protection service has completed licensing status check.
Application Id=55c92734-d682-4d71-983e-d6ec3f16059f
Licensing Status=
1: c1a197b6-ba5e-4394-b9bf-b659a6c1b873, 1, 1 [(0 [0x00000000, 1, 0], [(?)( 1 0x00000000)(?)( 2 0x00000000 0 0 msft:rm/algorithm/hwid/4.0 0x00000000 0)(?)( 9 0x00000000 180 232657)( 10 0x00000000 msft:rm/algorithm/flags/1.0)(?)])(1 )(2 )(3 )]

"
"5/31/2026 5:56:19 PM","4202","Information","Microsoft-Windows-MSDTC 2","MSDTC started with the following settings: Security Configuration (OFF = 0 and ON = 1): Allow Remote Administrator = 0, Network Clients = 0, Transaction Manager Communication:  Allow Inbound Transactions = 0, Allow Outbound Transactions = 0, Transaction Internet Protocol (TIP) = 0,  Enable XA Transactions = 0,  Enable SNA LU 6.2 Transactions = 1,  MSDTC Communications Security = Mutual Authentication Required, Account = NT AUTHORITY\NetworkService,  Firewall Exclusion Detected = 0 Transaction Bridge Installed = 0 Filtering Duplicate Events = 1"
"5/31/2026 5:56:18 PM","1066","Information","Microsoft-Windows-Security-SPP","Initialization status for service objects.
C:\Windows\system32\sppwinob.dll, msft:spp/windowsfunctionality/agent/7.0, 0x00000000, 0x00000000
C:\Windows\system32\sppobjs.dll, msft:rm/algorithm/inherited/1.0, 0x00000000, 0x00000000
C:\Windows\system32\sppobjs.dll, msft:rm/algorithm/phone/1.0, 0x00000000, 0x00000000
C:\Windows\system32\sppobjs.dll, msft:rm/algorithm/pkey/detect, 0x00000000, 0x00000000
C:\Windows\system32\sppobjs.dll, msft:spp/ActionScheduler/1.0, 0x00000000, 0x00000000
C:\Windows\system32\sppobjs.dll, msft:spp/TaskScheduler/1.0, 0x00000000, 0x00000000
C:\Windows\system32\sppobjs.dll, msft:spp/statecollector/pkey, 0x00000000, 0x00000000
C:\Windows\system32\sppobjs.dll, msft:spp/volume/services/kms/1.0, 0x00000000, 0x00000000
C:\Windows\system32\sppobjs.dll, msft:spp/volume/services/kms/activationinfo/1.0, 0x00000000, 0x00000000
"
"5/31/2026 5:56:18 PM","16394","Information","Microsoft-Windows-Security-SPP","Offline downlevel migration succeeded."
"5/31/2026 5:56:18 PM","781","Information","Microsoft-Windows-Complus","The COM+ sub system is suppressing duplicate event log entries for a duration of 86400 seconds.  The suppression timeout can be controlled by a REG_DWORD value named SuppressDuplicateDuration under the following registry key: HKLM\Software\Microsoft\COM3\Eventlog."
"5/31/2026 5:56:18 PM","0","Information","Microsoft Deployment Toolkit Monitor Service","Service started successfully."
"5/31/2026 5:56:18 PM","517","Information","WDSServer","Provider WDSTFTP loaded from C:\Windows\system32\wdstftp.dll and initialized successfully."
"5/31/2026 5:56:18 PM","517","Information","WDSServer","Provider WDSMDMGR loaded from C:\Windows\system32\wdsmdmgr.dll and initialized successfully."
"5/31/2026 5:56:18 PM","326","Information","ESENT","svchost (3132,D,50) WDS: The database engine attached a database (1, C:\RemoteInstall\Stores\Metadata\WDSMD.mdb). (Time=0 seconds) 
 
Saved Cache: 1 0 
Additional Data: lgposAttach = 00000001:0077:0268,
dbv = 1568.180.400 (9360) 
 
Internal Timing Sequence: 
[1] 0.000002 +J(0)
[2] 0.000291 -0.000195 (1) WT +J(0) +M(C:0K, Fs:24, WS:32K # 0K, PF:32K # 0K, P:32K)
[3] 0.002860 -0.001352 (6) WT +J(CM:0, PgRf:0, Rd:0/0, Dy:0/0, Lg:3480/2) +M(C:0K, Fs:15, WS:24K # 0K, PF:24K # 0K, P:24K)
[4] 0.000070 +J(0)
[5] -
[6] -
[7] -
[8] 0.000778 -0.000536 (2) CM -0.000453 (2) WT +J(CM:2, PgRf:2, Rd:4/2, Dy:0/0, Lg:54/1) +M(C:120K, Fs:46, WS:128K # 0K, PF:140K # 0K, P:140K)
[9] 0.000904 -0.000657 (2) CM -0.000569 (2) WT +J(CM:2, PgRf:16, Rd:0/2, Dy:0/0, Lg:0/0) +M(C:-16K, Fs:40, WS:80K # 0K, PF:208K # 0K, P:208K)
[10] 0.000505 -0.000371 (1) CM -0.000334 (1) WT +J(CM:1, PgRf:35, Rd:0/1, Dy:0/0, Lg:0/0) +M(C:-28K, Fs:4, WS:-12K # 0K, PF:36K # 0K, P:36K)
[11] 0.000008 +J(CM:0, PgRf:1, Rd:0/0, Dy:0/0, Lg:0/0) +M(C:0K, Fs:3, WS:12K # 0K, PF:0K # 0K, P:0K)
[12] 0.000016 +J(CM:0, PgRf:42, Rd:0/0, Dy:0/0, Lg:0/0) +M(C:0K, Fs:1, WS:4K # 0K, PF:0K # 0K, P:0K)
[13] 0.0 +J(0)
[14] 0.0 +J(0)
[15] 0.000002 +J(CM:0, PgRf:1, Rd:0/0, Dy:0/0, Lg:0/0)."
"5/31/2026 5:56:18 PM","105","Information","ESENT","svchost (3132,D,0) WDS: The database engine started a new instance (0). (Time=0 seconds) 
 
Additional Data:
 lgposV2[] = 00000001:0001:0000 - 00000001:0074:0309 - 00000001:0075:0000 - 00000001:0075:0000 (00000000:0000:0000)
cReInits = 31
 
 
Internal Timing Sequence: 
[1] 0.000579 +J(0) +M(C:0K, Fs:186, WS:724K # 724K, PF:4608K # 4608K, P:4608K)
[2] 0.000349 +J(0) +M(C:64K, Fs:143, WS:564K # 564K, PF:1252K # 1252K, P:1252K)
[3] 0.000186 +J(0) +M(C:0K, Fs:32, WS:124K # 124K, PF:68K # 68K, P:68K)
[4] 0.000143 +J(0) +M(C:0K, Fs:23, WS:92K # 92K, PF:232K # 232K, P:232K)
[5] 0.000552 +J(0) +M(C:0K, Fs:9, WS:36K # 36K, PF:16K # 16K, P:16K)
[6] 0.002856 +J(0) +M(C:0K, Fs:23, WS:92K # 92K, PF:12K # 12K, P:12K)
[7] 0.014537 -0.007550 (11) WT +J(0) +M(C:0K, Fs:1300, WS:5188K # 5188K, PF:5132K # 5132K, P:5132K)
[8] 0.071321 -0.044651 (49) WT +J(CM:0, PgRf:0, Rd:0/0, Dy:0/0, Lg:470420/970) +M(C:0K, Fs:845, WS:396K # 428K, PF:248K # 280K, P:248K)
[9] 0.000455 +J(0) +M(C:0K, Fs:3, WS:12K # 0K, PF:0K # 0K, P:0K)
[10] 0.005169 -0.003173 (10) WT +J(0) +M(C:0K, Fs:0, WS:-5116K # 0K, PF:-5124K # 0K, P:-5124K)
[11] 0.000043 +J(CM:0, PgRf:0, Rd:0/0, Dy:0/0, Lg:49/1) +M(C:0K, Fs:2, WS:8K # 0K, PF:0K # 0K, P:0K)
[12] 0.000035 +J(0)
[13] 0.017331 -0.000498 (2) CM -0.007252 (30) WT +J(CM:2, PgRf:2, Rd:0/2, Dy:0/0, Lg:8759/5) +M(C:-56K, Fs:1351, WS:52K # 44K, PF:88K # 64K, P:88K)
[14] 0.000023 +J(0)
[15] 0.000009 +J(0)
[16] 0.000430 -0.000328 (1) WT +J(0) +M(C:0K, Fs:2, WS:0K # 0K, PF:0K # 0K, P:0K)."
"5/31/2026 5:56:18 PM","302","Information","ESENT","svchost (3132,U,98) WDS: The database engine has successfully completed recovery steps."
"5/31/2026 5:56:18 PM","301","Information","ESENT","svchost (3132,R,98) WDS: The database engine has finished replaying logfile C:\RemoteInstall\Stores\Metadata\WDS.log. 
 
Processing Stats: 
[1] 0.060306 -0.043339 (46) WT +J(CM:0, PgRf:0, Rd:0/0, Dy:0/0, Lg:470420/970) +M(C:0K, Fs:803, WS:236K # 268K, PF:168K # 200K, P:168K). 
Log record of type 'Insert   ' was seen most frequently (277 times)"
"5/31/2026 5:56:18 PM","335","Information","ESENT","svchost (3132,R,98) WDS: Replay of a Create for database ""C:\RemoteInstall\Stores\Metadata\WDSMD.mdb"" at log position (00000001,0001,0268) was deferred due to AttachFuture.  Additional information:  "
"5/31/2026 5:56:18 PM","900","Information","Microsoft-Windows-Security-SPP","The Software Protection service is starting.
Parameters:TriggerStarted:6"
"5/31/2026 5:56:18 PM","300","Information","ESENT","svchost (3132,R,98) WDS: The database engine is initiating recovery steps."
"5/31/2026 5:56:18 PM","5615","Information","Microsoft-Windows-WMI","Windows Management Instrumentation Service started sucessfully"
"5/31/2026 5:56:18 PM","102","Information","ESENT","svchost (3132,P,98) WDS: The database engine (10.00.20348.0000) is starting a new instance (0)."
"5/31/2026 5:56:18 PM","517","Information","WDSServer","Provider WDSMC loaded from C:\Windows\system32\wdsmc.dll and initialized successfully."
"5/31/2026 5:56:18 PM","1025","Information","WDSServer","The RPC server started on TCP port 5040. 
"
"5/31/2026 5:56:18 PM","105","Information","VMTools","The service was started."
"5/31/2026 5:56:08 PM","1531","Information","Microsoft-Windows-User Profiles Service","The User Profile Service has started successfully.  

"
"5/29/2026 12:32:11 PM","38","Information","Microsoft-Windows-CertificationAuthority","Active Directory Certificate Services for scaffold-DC-CA was stopped."
"5/29/2026 12:32:11 PM","1532","Information","Microsoft-Windows-User Profiles Service","The User Profile Service has stopped.  

"
"5/29/2026 12:32:11 PM","8193","Error","VSS","Volume Shadow Copy Service error: Unexpected error calling routine CoCreateInstance.  hr = 0x8007045b, A system shutdown is in progress.
. "
"5/29/2026 12:32:11 PM","13","Error","VSS","Volume Shadow Copy Service information: The COM Server with CLSID {4e14fba2-2e22-11d1-9964-00c04fbbb345} and name CEventSystem cannot be started. [0x8007045b, A system shutdown is in progress.
] "
"5/29/2026 12:32:11 PM","103","Information","ESENT","certsrv.exe (3032,T,97) The database engine stopped the instance (0). 
 
Dirty Shutdown: 0 
 
Internal Timing Sequence: 
[1] 0.000016 +J(0)
[2] 0.001707 -0.001686 (1) WT +J(0) +M(C:0K, Fs:4, WS:16K # 0K, PF:20K # 0K, P:20K)
[3] 0.000021 +J(0)
[4] 0.000005 +J(0)
[5] 0.008978 -0.006305 (7) WT +J(0) +M(C:0K, Fs:9, WS:28K # 0K, PF:8K # 0K, P:8K)
[6] 0.000010 +J(0)
[7] 0.000004 +J(0)
[8] 0.004226 -0.001700 (12) WT +J(CM:0, PgRf:0, Rd:0/0, Dy:0/0, Lg:3744/2) +M(C:0K, Fs:7, WS:-20K # 0K, PF:-36K # 0K, P:-36K)
[9] 0.000469 -0.000257 (1) WT +J(CM:0, PgRf:0, Rd:0/0, Dy:0/0, Lg:66/1) +M(C:0K, Fs:1, WS:4K # 0K, PF:0K # 0K, P:0K)
[10] 0.000152 +J(0)
[11] 0.000502 -0.000107 (2) WT +J(0)
[12] 0.000030 +J(0) +M(C:0K, Fs:0, WS:-4K # 0K, PF:-4K # 0K, P:-4K)
[13] 0.000068 +J(0)
[14] 0.000023 +J(0) +M(C:0K, Fs:0, WS:-56K # 0K, PF:-72K # 0K, P:-72K)
[15] 0.000002 +J(0)."
"5/29/2026 12:32:11 PM","4879","Warning","Microsoft-Windows-MSDTC Client 2","MSDTC encountered an error (HR=0x80000171) while attempting to establish a secure connection with system DC."
"5/29/2026 12:32:11 PM","0","Information","Microsoft Deployment Toolkit Monitor Service","Service has been successfully shut down."
"5/29/2026 12:32:11 PM","4111","Information","Microsoft-Windows-MSDTC","The MS DTC service is stopping."
"5/29/2026 12:32:11 PM","17147","Information","MSSQL$SQLEXPRESS","SQL Server is terminating because of a system shutdown. This is an informational message only. No user action is required."
"5/29/2026 12:32:11 PM","108","Information","VMTools","The service was stopped."
"5/29/2026 12:32:11 PM","272","Information","VMUpgradeHelper","Saved network configuration."
"5/29/2026 12:32:11 PM","260","Information","VMUpgradeHelper","Saving network configuration."
"5/29/2026 12:32:11 PM","6000","Information","Microsoft-Windows-Winlogon","The winlogon notification subscriber <SessionEnv> was unavailable to handle a notification event."
"5/29/2026 12:32:11 PM","6000","Information","Microsoft-Windows-Winlogon","The winlogon notification subscriber <WSearch> was unavailable to handle a notification event."
"5/29/2026 12:32:00 PM","16394","Information","Microsoft-Windows-Security-SPP","Offline downlevel migration succeeded."
"5/29/2026 12:30:09 PM","8224","Information","VSS","The VSS service is shutting down due to idle timeout. "
"5/29/2026 12:30:08 PM","16384","Information","Microsoft-Windows-Security-SPP","Successfully scheduled Software Protection service for re-start at 2026-10-10T14:32:08Z. Reason: RulesEngine."
"5/29/2026 12:29:55 PM","0","Information","edgeupdate","Service stopped."
"5/29/2026 12:29:38 PM","16394","Information","Microsoft-Windows-Security-SPP","Offline downlevel migration succeeded."
"5/29/2026 12:29:38 PM","900","Information","Microsoft-Windows-Security-SPP","The Software Protection service is starting.
Parameters:<explicit>"
"5/29/2026 12:28:10 PM","6000","Information","Microsoft-Windows-Winlogon","The winlogon notification subscriber <SessionEnv> was unavailable to handle a notification event."
"5/29/2026 12:28:09 PM","6003","Information","Microsoft-Windows-Winlogon","The winlogon notification subscriber <SessionEnv> was unavailable to handle a critical notification event."
"5/29/2026 12:27:59 PM","1704","Information","SceCli","Security policy in the Group policy objects has been applied successfully."
"5/29/2026 12:27:48 PM","26","Information","Microsoft-Windows-CertificationAuthority","Active Directory Certificate Services for scaffold-DC-CA was started.  DC=dc.scaffold.htb"
"5/29/2026 12:27:42 PM","256","Information","WDSServer","The Windows Deployment Services server started successfully. 
"
"5/29/2026 12:27:42 PM","517","Information","WDSServer","Provider WDSPXE loaded from C:\Windows\system32\wdspxe.dll and initialized successfully."
"5/29/2026 12:27:42 PM","777","Information","WDSPXE","Rogue detection has been disabled for this server. The Windows Deployment  Services server is authorized as a valid DHCP/PXE server and will process incoming client requests."
"5/29/2026 12:27:42 PM","262","Information","WDSPXE","Provider WDSDCPXE was loaded from C:\Windows\system32\wdsdcpxe.dll and initialized successfully."
"5/29/2026 12:27:42 PM","1305","Information","BINLSVC","Combined BCD file x64uefi{93B1724A-5453-49B2-A935-A2B51444A62D}.bcd generated successfully for the x64uefi architecture."
"5/29/2026 12:27:42 PM","1305","Information","BINLSVC","Combined BCD file x86uefi{E1AF71A4-C041-43F9-AF5B-5D97558C961A}.bcd generated successfully for the x86uefi architecture."
"5/29/2026 12:27:42 PM","1305","Information","BINLSVC","Combined BCD file arm{60F76F17-19A3-4D2C-AA6A-E77E18DC5F4D}.bcd generated successfully for the arm architecture."
"5/29/2026 12:27:42 PM","1305","Information","BINLSVC","Combined BCD file x86x64{5CC5C91C-F7C7-45B0-AF5A-0805ACD9C09A}.bcd generated successfully for the x86x64 architecture."
"5/29/2026 12:27:42 PM","1305","Information","BINLSVC","Combined BCD file arm64{D1A5087E-8E58-42FA-9C57-144E5BF6268F}.bcd generated successfully for the arm64 architecture."
"5/29/2026 12:27:42 PM","1305","Information","BINLSVC","Combined BCD file x64{F76EA8F5-E371-410E-A589-A36A26B69563}.bcd generated successfully for the x64 architecture."
"5/29/2026 12:27:42 PM","1305","Information","BINLSVC","Combined BCD file x86{E7CA48CA-6E06-4D7F-93B1-C9DC97B61E15}.bcd generated successfully for the x86 architecture."
"5/29/2026 12:27:42 PM","326","Information","ESENT","svchost (3252,D,50) AAP: The database engine attached a database (5, C:\RemoteInstall\Mgmt\binlsvcdb.mdb). (Time=0 seconds) 
 
Saved Cache: 1 0 
Additional Data: lgposAttach = 00000001:007E:0268,
dbv = 1568.180.400 (9360) 
 
Internal Timing Sequence: 
[1] 0.000001 +J(0)
[2] 0.000162 -0.000053 (1) WT +J(0) +M(C:0K, Fs:24, WS:32K # 0K, PF:32K # 0K, P:32K)
[3] 0.001249 -0.000346 (6) WT +J(CM:0, PgRf:0, Rd:0/0, Dy:0/0, Lg:3480/2) +M(C:0K, Fs:13, WS:20K # 0K, PF:20K # 0K, P:20K)
[4] 0.000044 +J(0)
[5] -
[6] -
[7] -
[8] 0.000112 +J(CM:0, PgRf:2, Rd:14/0, Dy:0/0, Lg:54/1) +M(C:112K, Fs:69, WS:276K # 0K, PF:132K # 0K, P:132K)
[9] 0.000693 -0.000479 (2) CM -0.000442 (2) WT +J(CM:2, PgRf:16, Rd:0/1, Dy:0/0, Lg:0/0) +M(C:-80K, Fs:0, WS:-80K # 0K, PF:-80K # 0K, P:-80K)
[10] 0.000215 -0.000144 (1) CM -0.000058 (1) WT +J(CM:1, PgRf:35, Rd:0/1, Dy:0/0, Lg:0/0) +M(C:-28K, Fs:0, WS:-28K # 0K, PF:-28K # 0K, P:-28K)
[11] 0.000005 +J(CM:0, PgRf:1, Rd:0/0, Dy:0/0, Lg:0/0)
[12] 0.000016 +J(CM:0, PgRf:42, Rd:0/0, Dy:0/0, Lg:0/0)
[13] 0.0 +J(0)
[14] 0.0 +J(0)
[15] 0.000002 +J(CM:0, PgRf:1, Rd:0/0, Dy:0/0, Lg:0/0)."
"5/29/2026 12:27:42 PM","105","Information","ESENT","svchost (3252,D,0) AAP: The database engine started a new instance (2). (Time=0 seconds) 
 
Additional Data:
 lgposV2[] = 00000001:0001:0000 - 00000001:007B:02FB - 00000001:007C:0000 - 00000001:007C:0000 (00000000:0000:0000)
cReInits = 30
 
 
Internal Timing Sequence: 
[1] -
[2] -
[3] 0.000172 +J(0) +M(C:0K, Fs:3, WS:12K # 0K, PF:0K # 0K, P:0K)
[4] 0.000067 +J(0) +M(C:0K, Fs:8, WS:32K # 0K, PF:136K # 0K, P:136K)
[5] 0.000301 +J(0) +M(C:0K, Fs:4, WS:16K # 0K, PF:0K # 0K, P:0K)
[6] 0.000627 +J(0) +M(C:0K, Fs:4, WS:12K # 0K, PF:24K # 0K, P:24K)
[7] 0.003423 -0.001721 (11) WT +J(0) +M(C:0K, Fs:1282, WS:5120K # 1848K, PF:5128K # 1008K, P:5128K)
[8] 0.011518 -0.004090 (48) WT +J(CM:0, PgRf:0, Rd:0/0, Dy:0/0, Lg:498822/1129) +M(C:0K, Fs:770, WS:188K # 232K, PF:60K # 104K, P:60K)
[9] 0.000436 +J(0)
[10] 0.002365 -0.001162 (10) WT +J(0) +M(C:0K, Fs:0, WS:-5116K # 0K, PF:-5120K # 0K, P:-5120K)
[11] 0.000014 +J(CM:0, PgRf:0, Rd:0/0, Dy:0/0, Lg:49/1) +M(C:0K, Fs:1, WS:4K # 0K, PF:0K # 0K, P:0K)
[12] 0.000024 +J(0)
[13] 0.007936 -0.000260 (2) CM -0.002893 (30) WT +J(CM:2, PgRf:2, Rd:0/2, Dy:0/0, Lg:8759/5) +M(C:-56K, Fs:1327, WS:-40K # 0K, PF:-108K # 0K, P:-108K)
[14] 0.000013 +J(0)
[15] 0.000008 +J(0)
[16] 0.000185 -0.000109 (1) WT +J(0) +M(C:0K, Fs:2, WS:0K # 0K, PF:0K # 0K, P:0K)."
"5/29/2026 12:27:42 PM","302","Information","ESENT","svchost (3252,U,98) AAP: The database engine has successfully completed recovery steps."
"5/29/2026 12:27:42 PM","301","Information","ESENT","svchost (3252,R,98) AAP: The database engine has finished replaying logfile C:\RemoteInstall\Mgmt\AAP.log. 
 
Processing Stats: 
[1] 0.010537 -0.003771 (45) WT +J(CM:0, PgRf:0, Rd:0/0, Dy:0/0, Lg:498822/1129) +M(C:0K, Fs:734, WS:52K # 96K, PF:52K # 88K, P:52K). 
Log record of type 'Insert   ' was seen most frequently (326 times)"
"5/29/2026 12:27:42 PM","335","Information","ESENT","svchost (3252,R,98) AAP: Replay of a Create for database ""C:\RemoteInstall\Mgmt\binlsvcdb.mdb"" at log position (00000001,0001,0268) was deferred due to AttachFuture.  Additional information:  "
"5/29/2026 12:27:42 PM","300","Information","ESENT","svchost (3252,R,98) AAP: The database engine is initiating recovery steps."
"5/29/2026 12:27:42 PM","102","Information","ESENT","svchost (3252,P,98) AAP: The database engine (10.00.20348.0000) is starting a new instance (2)."
"5/29/2026 12:27:42 PM","517","Information","WDSServer","Provider WdsImgSrv loaded from C:\Windows\system32\WdsImgSrv.dll and initialized successfully."
"5/29/2026 12:27:42 PM","256","Information","WDSIMGSRV","The Windows Deployment Services image server initialized successfully. 
"
"5/29/2026 12:27:38 PM","3408","Information","MSSQL$SQLEXPRESS","Recovery is complete. This is an informational message only. No user action is required."
"5/29/2026 12:27:38 PM","9688","Information","MSSQL$SQLEXPRESS","Service Broker manager has started."
"5/29/2026 12:27:38 PM","9666","Information","MSSQL$SQLEXPRESS","The Database Mirroring endpoint is in disabled or stopped state."
"5/29/2026 12:27:38 PM","9666","Information","MSSQL$SQLEXPRESS","The Service Broker endpoint is in disabled or stopped state."
"5/29/2026 12:27:38 PM","1023","Error","Microsoft-Windows-Perflib","Windows cannot load the extensible counter DLL ""C:\Windows\system32\ntdsperf.dll"" (Win32 error code The specified module could not be found.)."
"5/29/2026 12:27:38 PM","26067","Information","MSSQL$SQLEXPRESS","The SQL Server Network Interface library could not register the Service Principal Name (SPN) [ MSSQLSvc/dc.scaffold.htb:52951 ] for the SQL Server service. Windows return code: 0x2098, state: 15. Failure to register a SPN might cause integrated authentication to use NTLM instead of Kerberos. This is an informational message. Further action is only required if Kerberos authentication is required by authentication policies and if the SPN has not been manually registered."
"5/29/2026 12:27:38 PM","26067","Information","MSSQL$SQLEXPRESS","The SQL Server Network Interface library could not register the Service Principal Name (SPN) [ MSSQLSvc/dc.scaffold.htb:SQLEXPRESS ] for the SQL Server service. Windows return code: 0x2098, state: 15. Failure to register a SPN might cause integrated authentication to use NTLM instead of Kerberos. This is an informational message. Further action is only required if Kerberos authentication is required by authentication policies and if the SPN has not been manually registered."
"5/29/2026 12:27:38 PM","903","Information","Microsoft-Windows-Security-SPP","The Software Protection service has stopped.
"
"5/29/2026 12:27:38 PM","26076","Information","MSSQL$SQLEXPRESS","SQL Server is attempting to register a Service Principal Name (SPN) for the SQL Server service. Kerberos authentication will not be possible until a SPN is registered for the SQL Server service. This is an informational message. No user action is required."
"5/29/2026 12:27:38 PM","17126","Information","MSSQL$SQLEXPRESS","SQL Server is now ready for client connections. This is an informational message; no user action is required."
"5/29/2026 12:27:38 PM","17199","Information","MSSQL$SQLEXPRESS","Dedicated administrator connection support was not started because it is disabled on this edition of SQL Server. If you want to use a dedicated administrator connection, restart SQL Server using the trace flag 7806. This is an informational message only. No user action is required."
