"9/1/2026 4:53:22 PM","129","Information","Microsoft-Windows-TaskScheduler","Task Scheduler launch task ""\Microsoft\Windows\International\Synchronize Language Settings"" , instance ""taskhostw.exe""  with process ID 432."
"9/1/2026 4:53:22 PM","119","Information","Microsoft-Windows-TaskScheduler","Task Scheduler launched ""{023536cd-0e14-454e-9d57-00d9262fab9b}""  instance of task ""\Microsoft\Windows\International\Synchronize Language Settings"" due to user ""SCAFFOLD\Administrator""  logon."
"9/1/2026 4:52:54 PM","102","Information","Microsoft-Windows-TaskScheduler","Task Scheduler successfully finished ""{e7431d34-fd19-47f8-bda4-d1b5f34f6270}"" instance of the ""\Microsoft\Windows\Server Manager\ServerManager"" task for user ""SCAFFOLD\Administrator""."
"9/1/2026 4:52:54 PM","201","Information","Microsoft-Windows-TaskScheduler","Task Scheduler successfully completed task ""\Microsoft\Windows\Server Manager\ServerManager"" , instance ""{e7431d34-fd19-47f8-bda4-d1b5f34f6270}"" , action ""%windir%\system32\ServerManagerLauncher.exe"" with return code 0."
"9/1/2026 4:52:53 PM","102","Information","Microsoft-Windows-TaskScheduler","Task Scheduler successfully finished ""{17eace72-29d7-43be-abdc-31a33207286f}"" instance of the ""\Microsoft\Windows\WindowsColorSystem\Calibration Loader"" task for user ""SCAFFOLD\Administrator""."
"9/1/2026 4:52:53 PM","201","Information","Microsoft-Windows-TaskScheduler","Task Scheduler successfully completed task ""\Microsoft\Windows\WindowsColorSystem\Calibration Loader"" , instance ""{17eace72-29d7-43be-abdc-31a33207286f}"" , action ""Color Calibration Loader"" with return code 0."
"9/1/2026 4:52:53 PM","102","Information","Microsoft-Windows-TaskScheduler","Task Scheduler successfully finished ""{2c20ec33-4cb1-4a29-a94e-ea22de953db4}"" instance of the ""\Microsoft\Windows\CertificateServicesClient\UserTask"" task for user ""SCAFFOLD\Administrator""."
"9/1/2026 4:52:53 PM","201","Information","Microsoft-Windows-TaskScheduler","Task Scheduler successfully completed task ""\Microsoft\Windows\CertificateServicesClient\UserTask"" , instance ""{2c20ec33-4cb1-4a29-a94e-ea22de953db4}"" , action ""Certificate Services Client Task Handler"" with return code 0."
"9/1/2026 4:52:53 PM","102","Information","Microsoft-Windows-TaskScheduler","Task Scheduler successfully finished ""{423f7e75-6a0f-4504-a5a4-65c3111cf481}"" instance of the ""\Microsoft\Windows\Plug and Play\Device Install Reboot Required"" task for user ""SCAFFOLD\Administrator""."
"9/1/2026 4:52:53 PM","201","Information","Microsoft-Windows-TaskScheduler","Task Scheduler successfully completed task ""\Microsoft\Windows\Plug and Play\Device Install Reboot Required"" , instance ""{423f7e75-6a0f-4504-a5a4-65c3111cf481}"" , action ""Device Installation Reboot Dialog Task"" with return code 0."
"9/1/2026 4:52:53 PM","200","Information","Microsoft-Windows-TaskScheduler","Task Scheduler launched action ""C:\Windows\Explorer.EXE"" in instance ""{74ba61c5-5956-4569-8874-ab30c0e6ebde}"" of task ""\CreateExplorerShellUnelevatedTask""."
"9/1/2026 4:52:53 PM","100","Information","Microsoft-Windows-TaskScheduler","Task Scheduler started ""{74ba61c5-5956-4569-8874-ab30c0e6ebde}"" instance of the ""\CreateExplorerShellUnelevatedTask"" task for user ""SCAFFOLD\Administrator""."
"9/1/2026 4:52:53 PM","129","Information","Microsoft-Windows-TaskScheduler","Task Scheduler launch task ""\CreateExplorerShellUnelevatedTask"" , instance ""C:\Windows\Explorer.EXE""  with process ID 5348."
"9/1/2026 4:52:53 PM","109","Information","Microsoft-Windows-TaskScheduler","Task Scheduler launched ""{74ba61c5-5956-4569-8874-ab30c0e6ebde}""  instance of task ""\CreateExplorerShellUnelevatedTask""  according to a registration trigger."
"9/1/2026 4:52:53 PM","140","Information","Microsoft-Windows-TaskScheduler","User ""SCAFFOLD\Administrator""  updated Task Scheduler task ""\CreateExplorerShellUnelevatedTask"""
"9/1/2026 4:52:53 PM","106","Information","Microsoft-Windows-TaskScheduler","User ""SCAFFOLD\Administrator""  registered Task Scheduler task ""\CreateExplorerShellUnelevatedTask"""
"9/1/2026 4:52:53 PM","141","Information","Microsoft-Windows-TaskScheduler","User ""SCAFFOLD\Administrator""  deleted Task Scheduler task ""\CreateExplorerShellUnelevatedTask"""
"9/1/2026 4:52:52 PM","102","Information","Microsoft-Windows-TaskScheduler","Task Scheduler successfully finished ""{865b2f4c-ec60-447b-9a79-9759ea742c60}"" instance of the ""\Microsoft\Windows\SoftwareProtectionPlatform\SvcRestartTaskLogon"" task for user ""SCAFFOLD\Administrator""."
"9/1/2026 4:52:52 PM","201","Information","Microsoft-Windows-TaskScheduler","Task Scheduler successfully completed task ""\Microsoft\Windows\SoftwareProtectionPlatform\SvcRestartTaskLogon"" , instance ""{865b2f4c-ec60-447b-9a79-9759ea742c60}"" , action ""SppSvcRestartTaskHandler Class"" with return code 0."
"9/1/2026 4:52:52 PM","102","Information","Microsoft-Windows-TaskScheduler","Task Scheduler successfully finished ""{a777b65e-b582-4825-96c4-9159d9006b0e}"" instance of the ""\Microsoft\Windows\TextServicesFramework\MsCtfMonitor"" task for user ""SCAFFOLD\Administrator""."
"9/1/2026 4:52:52 PM","201","Information","Microsoft-Windows-TaskScheduler","Task Scheduler successfully completed task ""\Microsoft\Windows\TextServicesFramework\MsCtfMonitor"" , instance ""{a777b65e-b582-4825-96c4-9159d9006b0e}"" , action ""MsCtfMonitor task handler"" with return code 0."
"9/1/2026 4:52:52 PM","200","Information","Microsoft-Windows-TaskScheduler","Task Scheduler launched action ""Color Calibration Loader"" in instance ""{17eace72-29d7-43be-abdc-31a33207286f}"" of task ""\Microsoft\Windows\WindowsColorSystem\Calibration Loader""."
"9/1/2026 4:52:52 PM","100","Information","Microsoft-Windows-TaskScheduler","Task Scheduler started ""{17eace72-29d7-43be-abdc-31a33207286f}"" instance of the ""\Microsoft\Windows\WindowsColorSystem\Calibration Loader"" task for user ""SCAFFOLD\Administrator""."
"9/1/2026 4:52:52 PM","200","Information","Microsoft-Windows-TaskScheduler","Task Scheduler launched action ""C:\Program Files (x86)\Microsoft\EdgeUpdate\MicrosoftEdgeUpdate.exe"" in instance ""{59706171-6c24-4ddf-8be3-da06023bece1}"" of task ""\MicrosoftEdgeUpdateTaskMachineCore""."
"9/1/2026 4:52:52 PM","100","Information","Microsoft-Windows-TaskScheduler","Task Scheduler started ""{59706171-6c24-4ddf-8be3-da06023bece1}"" instance of the ""\MicrosoftEdgeUpdateTaskMachineCore"" task for user ""NT AUTHORITY\SYSTEM""."
"9/1/2026 4:52:52 PM","129","Information","Microsoft-Windows-TaskScheduler","Task Scheduler launch task ""\MicrosoftEdgeUpdateTaskMachineCore"" , instance ""C:\Program Files (x86)\Microsoft\EdgeUpdate\MicrosoftEdgeUpdate.exe""  with process ID 3068."
"9/1/2026 4:52:51 PM","200","Information","Microsoft-Windows-TaskScheduler","Task Scheduler launched action ""Device Installation Reboot Dialog Task"" in instance ""{423f7e75-6a0f-4504-a5a4-65c3111cf481}"" of task ""\Microsoft\Windows\Plug and Play\Device Install Reboot Required""."
"9/1/2026 4:52:51 PM","100","Information","Microsoft-Windows-TaskScheduler","Task Scheduler started ""{423f7e75-6a0f-4504-a5a4-65c3111cf481}"" instance of the ""\Microsoft\Windows\Plug and Play\Device Install Reboot Required"" task for user ""SCAFFOLD\Administrator""."
"9/1/2026 4:52:51 PM","129","Information","Microsoft-Windows-TaskScheduler","Task Scheduler launch task ""\Microsoft\Windows\Plug and Play\Device Install Reboot Required"" , instance ""taskhostw.exe""  with process ID 2180."
"9/1/2026 4:52:51 PM","119","Information","Microsoft-Windows-TaskScheduler","Task Scheduler launched ""{423f7e75-6a0f-4504-a5a4-65c3111cf481}""  instance of task ""\Microsoft\Windows\Plug and Play\Device Install Reboot Required"" due to user ""SCAFFOLD\Administrator""  logon."
"9/1/2026 4:52:51 PM","200","Information","Microsoft-Windows-TaskScheduler","Task Scheduler launched action ""SppSvcRestartTaskHandler Class"" in instance ""{865b2f4c-ec60-447b-9a79-9759ea742c60}"" of task ""\Microsoft\Windows\SoftwareProtectionPlatform\SvcRestartTaskLogon""."
"9/1/2026 4:52:51 PM","100","Information","Microsoft-Windows-TaskScheduler","Task Scheduler started ""{865b2f4c-ec60-447b-9a79-9759ea742c60}"" instance of the ""\Microsoft\Windows\SoftwareProtectionPlatform\SvcRestartTaskLogon"" task for user ""SCAFFOLD\Administrator""."
"9/1/2026 4:52:51 PM","119","Information","Microsoft-Windows-TaskScheduler","Task Scheduler launched ""{865b2f4c-ec60-447b-9a79-9759ea742c60}""  instance of task ""\Microsoft\Windows\SoftwareProtectionPlatform\SvcRestartTaskLogon"" due to user ""SCAFFOLD\Administrator""  logon."
"9/1/2026 4:52:51 PM","119","Information","Microsoft-Windows-TaskScheduler","Task Scheduler launched ""{59706171-6c24-4ddf-8be3-da06023bece1}""  instance of task ""\MicrosoftEdgeUpdateTaskMachineCore"" due to user ""SCAFFOLD\Administrator""  logon."
"9/1/2026 4:52:51 PM","200","Information","Microsoft-Windows-TaskScheduler","Task Scheduler launched action ""Wininet Cache task object"" in instance ""{88dcbbf9-d7ef-40b4-b9c7-263d9d2f4961}"" of task ""\Microsoft\Windows\Wininet\CacheTask""."
"9/1/2026 4:52:51 PM","100","Information","Microsoft-Windows-TaskScheduler","Task Scheduler started ""{88dcbbf9-d7ef-40b4-b9c7-263d9d2f4961}"" instance of the ""\Microsoft\Windows\Wininet\CacheTask"" task for user ""SCAFFOLD\Administrator""."
"9/1/2026 4:52:51 PM","119","Information","Microsoft-Windows-TaskScheduler","Task Scheduler launched ""{88dcbbf9-d7ef-40b4-b9c7-263d9d2f4961}""  instance of task ""\Microsoft\Windows\Wininet\CacheTask"" due to user ""SCAFFOLD\Administrator""  logon."
"9/1/2026 4:52:51 PM","200","Information","Microsoft-Windows-TaskScheduler","Task Scheduler launched action ""Certificate Services Client Task Handler"" in instance ""{2c20ec33-4cb1-4a29-a94e-ea22de953db4}"" of task ""\Microsoft\Windows\CertificateServicesClient\UserTask""."
"9/1/2026 4:52:51 PM","100","Information","Microsoft-Windows-TaskScheduler","Task Scheduler started ""{2c20ec33-4cb1-4a29-a94e-ea22de953db4}"" instance of the ""\Microsoft\Windows\CertificateServicesClient\UserTask"" task for user ""SCAFFOLD\Administrator""."
"9/1/2026 4:52:51 PM","129","Information","Microsoft-Windows-TaskScheduler","Task Scheduler launch task ""\Microsoft\Windows\CertificateServicesClient\UserTask"" , instance ""taskhostw.exe""  with process ID 3032."
"9/1/2026 4:52:51 PM","119","Information","Microsoft-Windows-TaskScheduler","Task Scheduler launched ""{17eace72-29d7-43be-abdc-31a33207286f}""  instance of task ""\Microsoft\Windows\WindowsColorSystem\Calibration Loader"" due to user ""SCAFFOLD\Administrator""  logon."
"9/1/2026 4:52:51 PM","119","Information","Microsoft-Windows-TaskScheduler","Task Scheduler launched ""{2c20ec33-4cb1-4a29-a94e-ea22de953db4}""  instance of task ""\Microsoft\Windows\CertificateServicesClient\UserTask"" due to user ""SCAFFOLD\Administrator""  logon."
"9/1/2026 4:52:51 PM","200","Information","Microsoft-Windows-TaskScheduler","Task Scheduler launched action ""%windir%\system32\ServerManagerLauncher.exe"" in instance ""{e7431d34-fd19-47f8-bda4-d1b5f34f6270}"" of task ""\Microsoft\Windows\Server Manager\ServerManager""."
"9/1/2026 4:52:51 PM","100","Information","Microsoft-Windows-TaskScheduler","Task Scheduler started ""{e7431d34-fd19-47f8-bda4-d1b5f34f6270}"" instance of the ""\Microsoft\Windows\Server Manager\ServerManager"" task for user ""SCAFFOLD\Administrator""."
"9/1/2026 4:52:51 PM","200","Information","Microsoft-Windows-TaskScheduler","Task Scheduler launched action ""MsCtfMonitor task handler"" in instance ""{a777b65e-b582-4825-96c4-9159d9006b0e}"" of task ""\Microsoft\Windows\TextServicesFramework\MsCtfMonitor""."
"9/1/2026 4:52:51 PM","100","Information","Microsoft-Windows-TaskScheduler","Task Scheduler started ""{a777b65e-b582-4825-96c4-9159d9006b0e}"" instance of the ""\Microsoft\Windows\TextServicesFramework\MsCtfMonitor"" task for user ""SCAFFOLD\Administrator""."
"9/1/2026 4:52:51 PM","129","Information","Microsoft-Windows-TaskScheduler","Task Scheduler launch task ""\Microsoft\Windows\Server Manager\ServerManager"" , instance ""%windir%\system32\ServerManagerLauncher.exe""  with process ID 2964."
"9/1/2026 4:52:51 PM","129","Information","Microsoft-Windows-TaskScheduler","Task Scheduler launch task ""\Microsoft\Windows\TextServicesFramework\MsCtfMonitor"" , instance ""taskhostw.exe""  with process ID 2968."
"9/1/2026 4:52:51 PM","119","Information","Microsoft-Windows-TaskScheduler","Task Scheduler launched ""{a777b65e-b582-4825-96c4-9159d9006b0e}""  instance of task ""\Microsoft\Windows\TextServicesFramework\MsCtfMonitor"" due to user ""SCAFFOLD\Administrator""  logon."
"9/1/2026 4:52:51 PM","119","Information","Microsoft-Windows-TaskScheduler","Task Scheduler launched ""{e7431d34-fd19-47f8-bda4-d1b5f34f6270}""  instance of task ""\Microsoft\Windows\Server Manager\ServerManager"" due to user ""SCAFFOLD\Administrator""  logon."
"9/1/2026 4:52:42 PM","102","Information","Microsoft-Windows-TaskScheduler","Task Scheduler successfully finished ""{055e26cc-b385-4920-bf9c-604bb456cf5a}"" instance of the ""\Scaffold\ScaffoldDeployEngine"" task for user ""NT AUTHORITY\SYSTEM""."
"9/1/2026 4:52:42 PM","201","Information","Microsoft-Windows-TaskScheduler","Task Scheduler successfully completed task ""\Scaffold\ScaffoldDeployEngine"" , instance ""{055e26cc-b385-4920-bf9c-604bb456cf5a}"" , action ""powershell.exe"" with return code 0."
"9/1/2026 4:52:41 PM","200","Information","Microsoft-Windows-TaskScheduler","Task Scheduler launched action ""powershell.exe"" in instance ""{055e26cc-b385-4920-bf9c-604bb456cf5a}"" of task ""\Scaffold\ScaffoldDeployEngine""."
"9/1/2026 4:52:41 PM","100","Information","Microsoft-Windows-TaskScheduler","Task Scheduler started ""{055e26cc-b385-4920-bf9c-604bb456cf5a}"" instance of the ""\Scaffold\ScaffoldDeployEngine"" task for user ""NT AUTHORITY\SYSTEM""."
"9/1/2026 4:52:41 PM","129","Information","Microsoft-Windows-TaskScheduler","Task Scheduler launch task ""\Scaffold\ScaffoldDeployEngine"" , instance ""powershell.exe""  with process ID 1512."
"9/1/2026 4:52:41 PM","107","Information","Microsoft-Windows-TaskScheduler","Task Scheduler launched ""{055e26cc-b385-4920-bf9c-604bb456cf5a}""  instance of task ""\Scaffold\ScaffoldDeployEngine"" due to a time trigger condition."
"9/1/2026 4:52:09 PM","102","Information","Microsoft-Windows-TaskScheduler","Task Scheduler successfully finished ""{1c85e977-1351-4f6f-8d77-1a44ae6d04fc}"" instance of the ""\Microsoft\Windows\Software Inventory Logging\Configuration"" task for user ""NT AUTHORITY\SYSTEM""."
"9/1/2026 4:52:09 PM","201","Information","Microsoft-Windows-TaskScheduler","Task Scheduler successfully completed task ""\Microsoft\Windows\Software Inventory Logging\Configuration"" , instance ""{1c85e977-1351-4f6f-8d77-1a44ae6d04fc}"" , action ""%systemroot%\system32\cmd.exe"" with return code 0."
"9/1/2026 4:52:08 PM","102","Information","Microsoft-Windows-TaskScheduler","Task Scheduler successfully finished ""{c4c63b3f-a779-4faa-91a5-6f35f13a17eb}"" instance of the ""\Microsoft\Windows\DirectX\DXGIAdapterCache"" task for user ""NT AUTHORITY\SYSTEM""."
"9/1/2026 4:52:08 PM","201","Information","Microsoft-Windows-TaskScheduler","Task Scheduler successfully completed task ""\Microsoft\Windows\DirectX\DXGIAdapterCache"" , instance ""{c4c63b3f-a779-4faa-91a5-6f35f13a17eb}"" , action ""%windir%\system32\dxgiadaptercache.exe"" with return code 0."
"9/1/2026 4:52:08 PM","200","Information","Microsoft-Windows-TaskScheduler","Task Scheduler launched action ""%systemroot%\system32\cmd.exe"" in instance ""{1c85e977-1351-4f6f-8d77-1a44ae6d04fc}"" of task ""\Microsoft\Windows\Software Inventory Logging\Configuration""."
"9/1/2026 4:52:08 PM","100","Information","Microsoft-Windows-TaskScheduler","Task Scheduler started ""{1c85e977-1351-4f6f-8d77-1a44ae6d04fc}"" instance of the ""\Microsoft\Windows\Software Inventory Logging\Configuration"" task for user ""NT AUTHORITY\SYSTEM""."
"9/1/2026 4:52:08 PM","200","Information","Microsoft-Windows-TaskScheduler","Task Scheduler launched action ""%windir%\system32\dxgiadaptercache.exe"" in instance ""{c4c63b3f-a779-4faa-91a5-6f35f13a17eb}"" of task ""\Microsoft\Windows\DirectX\DXGIAdapterCache""."
"9/1/2026 4:52:08 PM","100","Information","Microsoft-Windows-TaskScheduler","Task Scheduler started ""{c4c63b3f-a779-4faa-91a5-6f35f13a17eb}"" instance of the ""\Microsoft\Windows\DirectX\DXGIAdapterCache"" task for user ""NT AUTHORITY\SYSTEM""."
"9/1/2026 4:52:08 PM","129","Information","Microsoft-Windows-TaskScheduler","Task Scheduler launch task ""\Microsoft\Windows\Software Inventory Logging\Configuration"" , instance ""%systemroot%\system32\cmd.exe""  with process ID 2396."
"9/1/2026 4:52:08 PM","129","Information","Microsoft-Windows-TaskScheduler","Task Scheduler launch task ""\Microsoft\Windows\DirectX\DXGIAdapterCache"" , instance ""%windir%\system32\dxgiadaptercache.exe""  with process ID 3712."
"9/1/2026 4:52:08 PM","118","Information","Microsoft-Windows-TaskScheduler","Task Scheduler launched ""{c4c63b3f-a779-4faa-91a5-6f35f13a17eb}""  instance of task ""\Microsoft\Windows\DirectX\DXGIAdapterCache""  due to system startup."
"9/1/2026 4:52:08 PM","118","Information","Microsoft-Windows-TaskScheduler","Task Scheduler launched ""{1c85e977-1351-4f6f-8d77-1a44ae6d04fc}""  instance of task ""\Microsoft\Windows\Software Inventory Logging\Configuration""  due to system startup."
"9/1/2026 4:51:41 PM","140","Information","Microsoft-Windows-TaskScheduler","User ""SCAFFOLD\DC$""  updated Task Scheduler task ""\Microsoft\Windows\SoftwareProtectionPlatform\SvcRestartTask"""
"9/1/2026 4:51:32 PM","102","Information","Microsoft-Windows-TaskScheduler","Task Scheduler successfully finished ""{7ded2dac-a5f4-4196-b82a-279c051d82a2}"" instance of the ""\Microsoft\Windows\Workplace Join\Automatic-Device-Join"" task for user ""NT AUTHORITY\SYSTEM""."
"9/1/2026 4:51:32 PM","201","Information","Microsoft-Windows-TaskScheduler","Task Scheduler successfully completed task ""\Microsoft\Windows\Workplace Join\Automatic-Device-Join"" , instance ""{7ded2dac-a5f4-4196-b82a-279c051d82a2}"" , action ""%SystemRoot%\System32\dsregcmd.exe"" with return code 0."
"9/1/2026 4:51:30 PM","102","Information","Microsoft-Windows-TaskScheduler","Task Scheduler successfully finished ""{237060e3-c6a4-47f2-b104-950f5774985b}"" instance of the ""\Microsoft\Windows\CertificateServicesClient\SystemTask"" task for user ""NT AUTHORITY\SYSTEM""."
"9/1/2026 4:51:30 PM","201","Information","Microsoft-Windows-TaskScheduler","Task Scheduler successfully completed task ""\Microsoft\Windows\CertificateServicesClient\SystemTask"" , instance ""{237060e3-c6a4-47f2-b104-950f5774985b}"" , action ""Certificate Services Client Task Handler"" with return code 0."
"9/1/2026 4:51:18 PM","200","Information","Microsoft-Windows-TaskScheduler","Task Scheduler launched action ""Certificate Services Client Task Handler"" in instance ""{237060e3-c6a4-47f2-b104-950f5774985b}"" of task ""\Microsoft\Windows\CertificateServicesClient\SystemTask""."
"9/1/2026 4:51:18 PM","100","Information","Microsoft-Windows-TaskScheduler","Task Scheduler started ""{237060e3-c6a4-47f2-b104-950f5774985b}"" instance of the ""\Microsoft\Windows\CertificateServicesClient\SystemTask"" task for user ""NT AUTHORITY\SYSTEM""."
"9/1/2026 4:51:18 PM","129","Information","Microsoft-Windows-TaskScheduler","Task Scheduler launch task ""\Microsoft\Windows\CertificateServicesClient\SystemTask"" , instance ""taskhostw.exe""  with process ID 4068."
"9/1/2026 4:51:18 PM","118","Information","Microsoft-Windows-TaskScheduler","Task Scheduler launched ""{237060e3-c6a4-47f2-b104-950f5774985b}""  instance of task ""\Microsoft\Windows\CertificateServicesClient\SystemTask""  due to system startup."
"9/1/2026 4:51:11 PM","102","Information","Microsoft-Windows-TaskScheduler","Task Scheduler successfully finished ""{6ce42d3d-aff6-483d-87b3-a39a8f066596}"" instance of the ""\Microsoft\Windows\SoftwareProtectionPlatform\SvcRestartTaskNetwork"" task for user ""(NONE)""."
"9/1/2026 4:51:11 PM","201","Information","Microsoft-Windows-TaskScheduler","Task Scheduler successfully completed task ""\Microsoft\Windows\SoftwareProtectionPlatform\SvcRestartTaskNetwork"" , instance ""{6ce42d3d-aff6-483d-87b3-a39a8f066596}"" , action ""SppSvcRestartTaskHandler Class"" with return code 0."
"9/1/2026 4:51:10 PM","102","Information","Microsoft-Windows-TaskScheduler","Task Scheduler successfully finished ""{743702ba-d830-416c-980b-7a6fc19a8ea7}"" instance of the ""\Microsoft\Windows\WwanSvc\OobeDiscovery"" task for user ""NT AUTHORITY\SYSTEM""."
"9/1/2026 4:51:10 PM","201","Information","Microsoft-Windows-TaskScheduler","Task Scheduler successfully completed task ""\Microsoft\Windows\WwanSvc\OobeDiscovery"" , instance ""{743702ba-d830-416c-980b-7a6fc19a8ea7}"" , action ""OobeEsimTaskManager"" with return code 0."
"9/1/2026 4:51:10 PM","102","Information","Microsoft-Windows-TaskScheduler","Task Scheduler successfully finished ""{7502bec2-5abf-40ab-93e0-9b41f2b9ef14}"" instance of the ""\Microsoft\Windows\ExploitGuard\ExploitGuard MDM policy Refresh"" task for user ""NT AUTHORITY\SYSTEM""."
"9/1/2026 4:51:10 PM","201","Information","Microsoft-Windows-TaskScheduler","Task Scheduler successfully completed task ""\Microsoft\Windows\ExploitGuard\ExploitGuard MDM policy Refresh"" , instance ""{7502bec2-5abf-40ab-93e0-9b41f2b9ef14}"" , action """" with return code 0."
"9/1/2026 4:51:10 PM","102","Information","Microsoft-Windows-TaskScheduler","Task Scheduler successfully finished ""{85a87721-aefc-4421-b56d-eca80575ed4f}"" instance of the ""\Microsoft\Windows\DirectX\DXGIAdapterCache"" task for user ""NT AUTHORITY\SYSTEM""."
"9/1/2026 4:51:10 PM","201","Information","Microsoft-Windows-TaskScheduler","Task Scheduler successfully completed task ""\Microsoft\Windows\DirectX\DXGIAdapterCache"" , instance ""{85a87721-aefc-4421-b56d-eca80575ed4f}"" , action ""%windir%\system32\dxgiadaptercache.exe"" with return code 0."
"9/1/2026 4:51:10 PM","102","Information","Microsoft-Windows-TaskScheduler","Task Scheduler successfully finished ""{ab49b0db-28d6-4ff6-9236-b118e48b97e2}"" instance of the ""\Microsoft\Windows\Time Synchronization\ForceSynchronizeTime"" task for user ""(NONE)""."
"9/1/2026 4:51:10 PM","201","Information","Microsoft-Windows-TaskScheduler","Task Scheduler successfully completed task ""\Microsoft\Windows\Time Synchronization\ForceSynchronizeTime"" , instance ""{ab49b0db-28d6-4ff6-9236-b118e48b97e2}"" , action ""Time Synchronization Task Handler"" with return code 0."
"9/1/2026 4:51:10 PM","200","Information","Microsoft-Windows-TaskScheduler","Task Scheduler launched action ""Time Synchronization Task Handler"" in instance ""{ab49b0db-28d6-4ff6-9236-b118e48b97e2}"" of task ""\Microsoft\Windows\Time Synchronization\ForceSynchronizeTime""."
"9/1/2026 4:51:10 PM","100","Information","Microsoft-Windows-TaskScheduler","Task Scheduler started ""{ab49b0db-28d6-4ff6-9236-b118e48b97e2}"" instance of the ""\Microsoft\Windows\Time Synchronization\ForceSynchronizeTime"" task for user ""(NONE)""."
"9/1/2026 4:51:10 PM","129","Information","Microsoft-Windows-TaskScheduler","Task Scheduler launch task ""\Microsoft\Windows\Time Synchronization\ForceSynchronizeTime"" , instance ""taskhostw.exe""  with process ID 2540."
"9/1/2026 4:51:09 PM","200","Information","Microsoft-Windows-TaskScheduler","Task Scheduler launched action ""OobeEsimTaskManager"" in instance ""{743702ba-d830-416c-980b-7a6fc19a8ea7}"" of task ""\Microsoft\Windows\WwanSvc\OobeDiscovery""."
"9/1/2026 4:51:09 PM","100","Information","Microsoft-Windows-TaskScheduler","Task Scheduler started ""{743702ba-d830-416c-980b-7a6fc19a8ea7}"" instance of the ""\Microsoft\Windows\WwanSvc\OobeDiscovery"" task for user ""NT AUTHORITY\SYSTEM""."
"9/1/2026 4:51:09 PM","200","Information","Microsoft-Windows-TaskScheduler","Task Scheduler launched action ""SppSvcRestartTaskHandler Class"" in instance ""{6ce42d3d-aff6-483d-87b3-a39a8f066596}"" of task ""\Microsoft\Windows\SoftwareProtectionPlatform\SvcRestartTaskNetwork""."
"9/1/2026 4:51:09 PM","100","Information","Microsoft-Windows-TaskScheduler","Task Scheduler started ""{6ce42d3d-aff6-483d-87b3-a39a8f066596}"" instance of the ""\Microsoft\Windows\SoftwareProtectionPlatform\SvcRestartTaskNetwork"" task for user ""(NONE)""."
"9/1/2026 4:51:09 PM","129","Information","Microsoft-Windows-TaskScheduler","Task Scheduler launch task ""\Microsoft\Windows\SoftwareProtectionPlatform\SvcRestartTaskNetwork"" , instance ""taskhostw.exe""  with process ID 2412."
"9/1/2026 4:51:09 PM","108","Information","Microsoft-Windows-TaskScheduler","Task Scheduler launched ""{6ce42d3d-aff6-483d-87b3-a39a8f066596}""  instance of task ""\Microsoft\Windows\SoftwareProtectionPlatform\SvcRestartTaskNetwork""  according to an event trigger."
"9/1/2026 4:51:09 PM","110","Information","Microsoft-Windows-TaskScheduler","Task Scheduler launched ""{7ded2dac-a5f4-4196-b82a-279c051d82a2}""  instance of task ""\Microsoft\Windows\Workplace Join\Automatic-Device-Join""  for user ""System"" ."
"9/1/2026 4:51:09 PM","200","Information","Microsoft-Windows-TaskScheduler","Task Scheduler launched action ""%SystemRoot%\System32\dsregcmd.exe"" in instance ""{7ded2dac-a5f4-4196-b82a-279c051d82a2}"" of task ""\Microsoft\Windows\Workplace Join\Automatic-Device-Join""."
"9/1/2026 4:51:09 PM","100","Information","Microsoft-Windows-TaskScheduler","Task Scheduler started ""{7ded2dac-a5f4-4196-b82a-279c051d82a2}"" instance of the ""\Microsoft\Windows\Workplace Join\Automatic-Device-Join"" task for user ""NT AUTHORITY\SYSTEM""."
"9/1/2026 4:51:09 PM","129","Information","Microsoft-Windows-TaskScheduler","Task Scheduler launch task ""\Microsoft\Windows\Workplace Join\Automatic-Device-Join"" , instance ""%SystemRoot%\System32\dsregcmd.exe""  with process ID 2396."
"9/1/2026 4:51:09 PM","325","Warning","Microsoft-Windows-TaskScheduler","Task Scheduler queued instance ""{7ded2dac-a5f4-4196-b82a-279c051d82a2}""  of task ""\Microsoft\Windows\Workplace Join\Automatic-Device-Join""."
"9/1/2026 4:51:08 PM","200","Information","Microsoft-Windows-TaskScheduler","Task Scheduler launched action ""%windir%\system32\dxgiadaptercache.exe"" in instance ""{85a87721-aefc-4421-b56d-eca80575ed4f}"" of task ""\Microsoft\Windows\DirectX\DXGIAdapterCache""."
"9/1/2026 4:51:08 PM","100","Information","Microsoft-Windows-TaskScheduler","Task Scheduler started ""{85a87721-aefc-4421-b56d-eca80575ed4f}"" instance of the ""\Microsoft\Windows\DirectX\DXGIAdapterCache"" task for user ""NT AUTHORITY\SYSTEM""."
"9/1/2026 4:51:08 PM","129","Information","Microsoft-Windows-TaskScheduler","Task Scheduler launch task ""\Microsoft\Windows\DirectX\DXGIAdapterCache"" , instance ""%windir%\system32\dxgiadaptercache.exe""  with process ID 2128."
"9/1/2026 4:51:08 PM","200","Information","Microsoft-Windows-TaskScheduler","Task Scheduler launched action """" in instance ""{7502bec2-5abf-40ab-93e0-9b41f2b9ef14}"" of task ""\Microsoft\Windows\ExploitGuard\ExploitGuard MDM policy Refresh""."
"9/1/2026 4:51:08 PM","100","Information","Microsoft-Windows-TaskScheduler","Task Scheduler started ""{7502bec2-5abf-40ab-93e0-9b41f2b9ef14}"" instance of the ""\Microsoft\Windows\ExploitGuard\ExploitGuard MDM policy Refresh"" task for user ""NT AUTHORITY\SYSTEM""."
"9/1/2026 4:51:08 PM","129","Information","Microsoft-Windows-TaskScheduler","Task Scheduler launch task ""\Microsoft\Windows\ExploitGuard\ExploitGuard MDM policy Refresh"" , instance ""taskhostw.exe""  with process ID 2120."
"9/1/2026 4:51:08 PM","118","Information","Microsoft-Windows-TaskScheduler","Task Scheduler launched ""{7502bec2-5abf-40ab-93e0-9b41f2b9ef14}""  instance of task ""\Microsoft\Windows\ExploitGuard\ExploitGuard MDM policy Refresh""  due to system startup."
"9/1/2026 4:51:08 PM","101","Error","Microsoft-Windows-TaskScheduler","Task Scheduler failed to start ""\Microsoft\Windows\Workplace Join\Automatic-Device-Join"" task for user ""(default user)"". Additional Data: Error Value: 2147943568."
"9/1/2026 4:51:08 PM","400","Information","Microsoft-Windows-TaskScheduler","Task Scheduler service has started."
"9/1/2026 4:51:08 PM","700","Information","Microsoft-Windows-TaskScheduler","Task Scheduler service started Task Compatibility module."
"9/1/2026 3:04:42 PM","402","Information","Microsoft-Windows-TaskScheduler","Task Scheduler service is shutting down."
"9/1/2026 3:04:41 PM","101","Error","Microsoft-Windows-TaskScheduler","Task Scheduler failed to start ""\Scaffold\ScaffoldDeployEngine"" task for user ""NT AUTHORITY\SYSTEM"". Additional Data: Error Value: 2147943515."
"9/1/2026 3:04:41 PM","203","Error","Microsoft-Windows-TaskScheduler","Task Scheduler failed to launch action ""powershell.exe"" in instance ""{fe34c56a-0a5c-49c8-882e-840aa9b11278}"" of task ""\Scaffold\ScaffoldDeployEngine"". Additional Data: Error Value: 2147943515."
"9/1/2026 3:04:41 PM","107","Information","Microsoft-Windows-TaskScheduler","Task Scheduler launched ""{fe34c56a-0a5c-49c8-882e-840aa9b11278}""  instance of task ""\Scaffold\ScaffoldDeployEngine"" due to a time trigger condition."
"9/1/2026 3:04:26 PM","140","Information","Microsoft-Windows-TaskScheduler","User ""NT AUTHORITY\SYSTEM""  updated Task Scheduler task ""\Microsoft\Windows\WindowsUpdate\Scheduled Start"""
"9/1/2026 3:04:26 PM","111","Information","Microsoft-Windows-TaskScheduler","Task Scheduler terminated ""{605a5d7b-2caf-4446-8ac1-a2feb0a4223d}""  instance of the ""\Microsoft\Windows\Application Experience\Microsoft Compatibility Appraiser""  task."
"9/1/2026 3:04:26 PM","102","Information","Microsoft-Windows-TaskScheduler","Task Scheduler successfully finished ""{605a5d7b-2caf-4446-8ac1-a2feb0a4223d}"" instance of the ""\Microsoft\Windows\Application Experience\Microsoft Compatibility Appraiser"" task for user ""NT AUTHORITY\SYSTEM""."
"9/1/2026 3:04:26 PM","201","Information","Microsoft-Windows-TaskScheduler","Task Scheduler successfully completed task ""\Microsoft\Windows\Application Experience\Microsoft Compatibility Appraiser"" , instance ""{605a5d7b-2caf-4446-8ac1-a2feb0a4223d}"" , action ""%windir%\system32\compattelrunner.exe"" with return code 2147943691."
"9/1/2026 3:04:26 PM","111","Information","Microsoft-Windows-TaskScheduler","Task Scheduler terminated ""{44d144d9-dc9e-4a64-928e-60c8974db8ac}""  instance of the ""\Microsoft\Windows\Shell\CreateObjectTask""  task."
"9/1/2026 3:04:26 PM","111","Information","Microsoft-Windows-TaskScheduler","Task Scheduler terminated ""{ea1b4dc5-492a-4556-9e2f-0db2ff1ff27e}""  instance of the ""\Microsoft\Windows\Application Experience\ProgramDataUpdater""  task."
"9/1/2026 3:04:26 PM","102","Information","Microsoft-Windows-TaskScheduler","Task Scheduler successfully finished ""{ea1b4dc5-492a-4556-9e2f-0db2ff1ff27e}"" instance of the ""\Microsoft\Windows\Application Experience\ProgramDataUpdater"" task for user ""NT AUTHORITY\SYSTEM""."
"9/1/2026 3:04:26 PM","201","Information","Microsoft-Windows-TaskScheduler","Task Scheduler successfully completed task ""\Microsoft\Windows\Application Experience\ProgramDataUpdater"" , instance ""{ea1b4dc5-492a-4556-9e2f-0db2ff1ff27e}"" , action ""%windir%\system32\compattelrunner.exe"" with return code 2147943691."
"9/1/2026 3:04:26 PM","111","Information","Microsoft-Windows-TaskScheduler","Task Scheduler terminated ""{c72c1f35-454b-4519-ba74-de7f7144ea3c}""  instance of the ""\MicrosoftEdgeUpdateTaskMachineCore""  task."
"9/1/2026 3:04:26 PM","102","Information","Microsoft-Windows-TaskScheduler","Task Scheduler successfully finished ""{c72c1f35-454b-4519-ba74-de7f7144ea3c}"" instance of the ""\MicrosoftEdgeUpdateTaskMachineCore"" task for user ""NT AUTHORITY\SYSTEM""."
"9/1/2026 3:04:26 PM","201","Information","Microsoft-Windows-TaskScheduler","Task Scheduler successfully completed task ""\MicrosoftEdgeUpdateTaskMachineCore"" , instance ""{c72c1f35-454b-4519-ba74-de7f7144ea3c}"" , action ""C:\Program Files (x86)\Microsoft\EdgeUpdate\MicrosoftEdgeUpdate.exe"" with return code 2147943691."
"9/1/2026 3:04:26 PM","103","Error","Microsoft-Windows-TaskScheduler","Task Scheduler failed to start instance ""{3df74413-ada0-4e32-8efb-a4c930bbbace}"" of ""\Microsoft\Windows\Wininet\CacheTask""  task for user """" . Additional Data: Error Value: 2147942404."
"9/1/2026 3:04:26 PM","202","Error","Microsoft-Windows-TaskScheduler","Task Scheduler failed to complete task ""\Microsoft\Windows\Wininet\CacheTask"" , instance ""{3df74413-ada0-4e32-8efb-a4c930bbbace}"" , action ""Wininet Cache task object"" . Additional Data: Error Value: 2147942404."
"9/1/2026 3:04:25 PM","102","Information","Microsoft-Windows-TaskScheduler","Task Scheduler successfully finished ""{874a06fa-6967-4072-878f-afd6309c9fb3}"" instance of the ""\CreateExplorerShellUnelevatedTask"" task for user ""SCAFFOLD\Administrator""."
"9/1/2026 3:04:25 PM","201","Information","Microsoft-Windows-TaskScheduler","Task Scheduler successfully completed task ""\CreateExplorerShellUnelevatedTask"" , instance ""{874a06fa-6967-4072-878f-afd6309c9fb3}"" , action ""C:\Windows\Explorer.EXE"" with return code 2147942404."
"9/1/2026 3:04:25 PM","103","Error","Microsoft-Windows-TaskScheduler","Task Scheduler failed to start instance ""{fe134fe9-6afe-4d0d-a820-051ed3f8dfde}"" of ""\Microsoft\Windows\WDI\ResolutionHost""  task for user """" . Additional Data: Error Value: 2147942404."
"9/1/2026 3:04:25 PM","202","Error","Microsoft-Windows-TaskScheduler","Task Scheduler failed to complete task ""\Microsoft\Windows\WDI\ResolutionHost"" , instance ""{fe134fe9-6afe-4d0d-a820-051ed3f8dfde}"" , action ""DiagnosticInfrastructureCustomHandler"" . Additional Data: Error Value: 2147942404."
"9/1/2026 3:03:57 PM","110","Information","Microsoft-Windows-TaskScheduler","Task Scheduler launched ""{44d144d9-dc9e-4a64-928e-60c8974db8ac}""  instance of task ""\Microsoft\Windows\Shell\CreateObjectTask""  for user ""System"" ."
"9/1/2026 3:03:57 PM","200","Information","Microsoft-Windows-TaskScheduler","Task Scheduler launched action ""Shell Create Object Task Delegate"" in instance ""{44d144d9-dc9e-4a64-928e-60c8974db8ac}"" of task ""\Microsoft\Windows\Shell\CreateObjectTask""."
"9/1/2026 3:03:57 PM","100","Information","Microsoft-Windows-TaskScheduler","Task Scheduler started ""{44d144d9-dc9e-4a64-928e-60c8974db8ac}"" instance of the ""\Microsoft\Windows\Shell\CreateObjectTask"" task for user ""NT AUTHORITY\SYSTEM""."
"9/1/2026 3:03:57 PM","129","Information","Microsoft-Windows-TaskScheduler","Task Scheduler launch task ""\Microsoft\Windows\Shell\CreateObjectTask"" , instance ""taskhostw.exe""  with process ID 6032."
"9/1/2026 3:03:57 PM","325","Warning","Microsoft-Windows-TaskScheduler","Task Scheduler queued instance ""{44d144d9-dc9e-4a64-928e-60c8974db8ac}""  of task ""\Microsoft\Windows\Shell\CreateObjectTask""."
"9/1/2026 3:03:37 PM","200","Information","Microsoft-Windows-TaskScheduler","Task Scheduler launched action ""DiagnosticInfrastructureCustomHandler"" in instance ""{fe134fe9-6afe-4d0d-a820-051ed3f8dfde}"" of task ""\Microsoft\Windows\WDI\ResolutionHost""."
"9/1/2026 3:03:37 PM","100","Information","Microsoft-Windows-TaskScheduler","Task Scheduler started ""{fe134fe9-6afe-4d0d-a820-051ed3f8dfde}"" instance of the ""\Microsoft\Windows\WDI\ResolutionHost"" task for user ""SCAFFOLD\Administrator""."
"9/1/2026 3:03:37 PM","129","Information","Microsoft-Windows-TaskScheduler","Task Scheduler launch task ""\Microsoft\Windows\WDI\ResolutionHost"" , instance ""taskhostw.exe""  with process ID 3908."
"9/1/2026 3:03:37 PM","110","Information","Microsoft-Windows-TaskScheduler","Task Scheduler launched ""{fe134fe9-6afe-4d0d-a820-051ed3f8dfde}""  instance of task ""\Microsoft\Windows\WDI\ResolutionHost""  for user ""Administrator"" ."
"9/1/2026 3:03:37 PM","325","Warning","Microsoft-Windows-TaskScheduler","Task Scheduler queued instance ""{fe134fe9-6afe-4d0d-a820-051ed3f8dfde}""  of task ""\Microsoft\Windows\WDI\ResolutionHost""."
"9/1/2026 3:02:42 PM","102","Information","Microsoft-Windows-TaskScheduler","Task Scheduler successfully finished ""{8548a706-9af5-4c5b-aa78-68dafdb45d72}"" instance of the ""\Scaffold\ScaffoldDeployEngine"" task for user ""NT AUTHORITY\SYSTEM""."
"9/1/2026 3:02:42 PM","201","Information","Microsoft-Windows-TaskScheduler","Task Scheduler successfully completed task ""\Scaffold\ScaffoldDeployEngine"" , instance ""{8548a706-9af5-4c5b-aa78-68dafdb45d72}"" , action ""powershell.exe"" with return code 0."
"9/1/2026 3:02:41 PM","200","Information","Microsoft-Windows-TaskScheduler","Task Scheduler launched action ""powershell.exe"" in instance ""{8548a706-9af5-4c5b-aa78-68dafdb45d72}"" of task ""\Scaffold\ScaffoldDeployEngine""."
"9/1/2026 3:02:41 PM","100","Information","Microsoft-Windows-TaskScheduler","Task Scheduler started ""{8548a706-9af5-4c5b-aa78-68dafdb45d72}"" instance of the ""\Scaffold\ScaffoldDeployEngine"" task for user ""NT AUTHORITY\SYSTEM""."
"9/1/2026 3:02:41 PM","129","Information","Microsoft-Windows-TaskScheduler","Task Scheduler launch task ""\Scaffold\ScaffoldDeployEngine"" , instance ""powershell.exe""  with process ID 7144."
"9/1/2026 3:02:41 PM","107","Information","Microsoft-Windows-TaskScheduler","Task Scheduler launched ""{8548a706-9af5-4c5b-aa78-68dafdb45d72}""  instance of task ""\Scaffold\ScaffoldDeployEngine"" due to a time trigger condition."
"9/1/2026 3:01:52 PM","102","Information","Microsoft-Windows-TaskScheduler","Task Scheduler successfully finished ""{a447aa88-8777-4cca-97d8-5a72730c192c}"" instance of the ""\Microsoft\Windows\DiskCleanup\SilentCleanup"" task for user ""SCAFFOLD\Administrator""."
"9/1/2026 3:01:52 PM","201","Information","Microsoft-Windows-TaskScheduler","Task Scheduler successfully completed task ""\Microsoft\Windows\DiskCleanup\SilentCleanup"" , instance ""{a447aa88-8777-4cca-97d8-5a72730c192c}"" , action ""%windir%\system32\cleanmgr.exe"" with return code 0."
"9/1/2026 3:01:38 PM","110","Information","Microsoft-Windows-TaskScheduler","Task Scheduler launched ""{dec2fc04-e1f1-4f7c-aff0-fe74afdddf3f}""  instance of task ""\Microsoft\Windows\DiskCleanup\SilentCleanup""  for user ""Users"" ."
"9/1/2026 3:01:38 PM","200","Information","Microsoft-Windows-TaskScheduler","Task Scheduler launched action ""%windir%\system32\cleanmgr.exe"" in instance ""{a447aa88-8777-4cca-97d8-5a72730c192c}"" of task ""\Microsoft\Windows\DiskCleanup\SilentCleanup""."
"9/1/2026 3:01:38 PM","100","Information","Microsoft-Windows-TaskScheduler","Task Scheduler started ""{a447aa88-8777-4cca-97d8-5a72730c192c}"" instance of the ""\Microsoft\Windows\DiskCleanup\SilentCleanup"" task for user ""SCAFFOLD\Administrator""."
"9/1/2026 3:01:38 PM","129","Information","Microsoft-Windows-TaskScheduler","Task Scheduler launch task ""\Microsoft\Windows\DiskCleanup\SilentCleanup"" , instance ""%windir%\system32\cleanmgr.exe""  with process ID 4732."
"9/1/2026 3:00:42 PM","102","Information","Microsoft-Windows-TaskScheduler","Task Scheduler successfully finished ""{03ee48c3-821a-4b4a-90b0-9c1481f32ebb}"" instance of the ""\Scaffold\ScaffoldDeployEngine"" task for user ""NT AUTHORITY\SYSTEM""."
"9/1/2026 3:00:42 PM","201","Information","Microsoft-Windows-TaskScheduler","Task Scheduler successfully completed task ""\Scaffold\ScaffoldDeployEngine"" , instance ""{03ee48c3-821a-4b4a-90b0-9c1481f32ebb}"" , action ""powershell.exe"" with return code 0."
"9/1/2026 3:00:41 PM","200","Information","Microsoft-Windows-TaskScheduler","Task Scheduler launched action ""powershell.exe"" in instance ""{03ee48c3-821a-4b4a-90b0-9c1481f32ebb}"" of task ""\Scaffold\ScaffoldDeployEngine""."
"9/1/2026 3:00:41 PM","100","Information","Microsoft-Windows-TaskScheduler","Task Scheduler started ""{03ee48c3-821a-4b4a-90b0-9c1481f32ebb}"" instance of the ""\Scaffold\ScaffoldDeployEngine"" task for user ""NT AUTHORITY\SYSTEM""."
"9/1/2026 3:00:41 PM","129","Information","Microsoft-Windows-TaskScheduler","Task Scheduler launch task ""\Scaffold\ScaffoldDeployEngine"" , instance ""powershell.exe""  with process ID 4124."
"9/1/2026 3:00:41 PM","107","Information","Microsoft-Windows-TaskScheduler","Task Scheduler launched ""{03ee48c3-821a-4b4a-90b0-9c1481f32ebb}""  instance of task ""\Scaffold\ScaffoldDeployEngine"" due to a time trigger condition."
"9/1/2026 2:58:42 PM","102","Information","Microsoft-Windows-TaskScheduler","Task Scheduler successfully finished ""{32f3cc6e-b4f1-403c-b987-837c68c420e5}"" instance of the ""\Scaffold\ScaffoldDeployEngine"" task for user ""NT AUTHORITY\SYSTEM""."
"9/1/2026 2:58:42 PM","201","Information","Microsoft-Windows-TaskScheduler","Task Scheduler successfully completed task ""\Scaffold\ScaffoldDeployEngine"" , instance ""{32f3cc6e-b4f1-403c-b987-837c68c420e5}"" , action ""powershell.exe"" with return code 0."
"9/1/2026 2:58:41 PM","200","Information","Microsoft-Windows-TaskScheduler","Task Scheduler launched action ""powershell.exe"" in instance ""{32f3cc6e-b4f1-403c-b987-837c68c420e5}"" of task ""\Scaffold\ScaffoldDeployEngine""."
"9/1/2026 2:58:41 PM","100","Information","Microsoft-Windows-TaskScheduler","Task Scheduler started ""{32f3cc6e-b4f1-403c-b987-837c68c420e5}"" instance of the ""\Scaffold\ScaffoldDeployEngine"" task for user ""NT AUTHORITY\SYSTEM""."
"9/1/2026 2:58:41 PM","129","Information","Microsoft-Windows-TaskScheduler","Task Scheduler launch task ""\Scaffold\ScaffoldDeployEngine"" , instance ""powershell.exe""  with process ID 948."
"9/1/2026 2:58:41 PM","107","Information","Microsoft-Windows-TaskScheduler","Task Scheduler launched ""{32f3cc6e-b4f1-403c-b987-837c68c420e5}""  instance of task ""\Scaffold\ScaffoldDeployEngine"" due to a time trigger condition."
"9/1/2026 2:58:20 PM","102","Information","Microsoft-Windows-TaskScheduler","Task Scheduler successfully finished ""{dd01102f-9bd3-405c-95f0-058d2bf49ef5}"" instance of the ""\Microsoft\Windows\Device Information\Device User"" task for user ""SCAFFOLD\Administrator""."
"9/1/2026 2:58:20 PM","201","Information","Microsoft-Windows-TaskScheduler","Task Scheduler successfully completed task ""\Microsoft\Windows\Device Information\Device User"" , instance ""{dd01102f-9bd3-405c-95f0-058d2bf49ef5}"" , action ""%windir%\system32\devicecensus.exe"" with return code 0."
"9/1/2026 2:58:20 PM","102","Information","Microsoft-Windows-TaskScheduler","Task Scheduler successfully finished ""{46da42f4-b67c-46b1-bf16-27afe1a4b158}"" instance of the ""\Microsoft\Windows\License Manager\TempSignedLicenseExchange"" task for user ""SCAFFOLD\Administrator""."
"9/1/2026 2:58:20 PM","201","Information","Microsoft-Windows-TaskScheduler","Task Scheduler successfully completed task ""\Microsoft\Windows\License Manager\TempSignedLicenseExchange"" , instance ""{46da42f4-b67c-46b1-bf16-27afe1a4b158}"" , action ""TempSignedLicenseExchangeTask"" with return code 0."
"9/1/2026 2:58:10 PM","200","Information","Microsoft-Windows-TaskScheduler","Task Scheduler launched action ""%windir%\system32\devicecensus.exe"" in instance ""{dd01102f-9bd3-405c-95f0-058d2bf49ef5}"" of task ""\Microsoft\Windows\Device Information\Device User""."
"9/1/2026 2:58:10 PM","100","Information","Microsoft-Windows-TaskScheduler","Task Scheduler started ""{dd01102f-9bd3-405c-95f0-058d2bf49ef5}"" instance of the ""\Microsoft\Windows\Device Information\Device User"" task for user ""SCAFFOLD\Administrator""."
"9/1/2026 2:58:10 PM","129","Information","Microsoft-Windows-TaskScheduler","Task Scheduler launch task ""\Microsoft\Windows\Device Information\Device User"" , instance ""%windir%\system32\devicecensus.exe""  with process ID 6344."
"9/1/2026 2:58:10 PM","119","Information","Microsoft-Windows-TaskScheduler","Task Scheduler launched ""{dd01102f-9bd3-405c-95f0-058d2bf49ef5}""  instance of task ""\Microsoft\Windows\Device Information\Device User"" due to user ""SCAFFOLD\Administrator""  logon."
"9/1/2026 2:57:12 PM","102","Information","Microsoft-Windows-TaskScheduler","Task Scheduler successfully finished ""{a713516a-6666-4574-a632-0a904777f323}"" instance of the ""\Microsoft\Windows\Windows Defender\Windows Defender Cache Maintenance"" task for user ""NT AUTHORITY\SYSTEM""."
"9/1/2026 2:57:12 PM","201","Information","Microsoft-Windows-TaskScheduler","Task Scheduler successfully completed task ""\Microsoft\Windows\Windows Defender\Windows Defender Cache Maintenance"" , instance ""{a713516a-6666-4574-a632-0a904777f323}"" , action ""C:\ProgramData\Microsoft\Windows Defender\Platform\4.18.26030.3011-0\MpCmdRun.exe"" with return code 0."
"9/1/2026 2:56:46 PM","102","Information","Microsoft-Windows-TaskScheduler","Task Scheduler successfully finished ""{642e700d-c15b-4b20-bed3-a287a046bf3b}"" instance of the ""\Microsoft\Windows\DiskCleanup\SilentCleanup"" task for user ""SCAFFOLD\Administrator""."
"9/1/2026 2:56:46 PM","201","Information","Microsoft-Windows-TaskScheduler","Task Scheduler successfully completed task ""\Microsoft\Windows\DiskCleanup\SilentCleanup"" , instance ""{642e700d-c15b-4b20-bed3-a287a046bf3b}"" , action ""%windir%\system32\cleanmgr.exe"" with return code 0."
"9/1/2026 2:56:45 PM","140","Information","Microsoft-Windows-TaskScheduler","User ""SCAFFOLD\DC$""  updated Task Scheduler task ""\Microsoft\Windows\Windows Defender\Windows Defender Scheduled Scan"""
"9/1/2026 2:56:45 PM","106","Information","Microsoft-Windows-TaskScheduler","User ""SCAFFOLD\DC$""  registered Task Scheduler task ""\Microsoft\Windows\Windows Defender\Windows Defender Scheduled Scan"""
"9/1/2026 2:56:45 PM","141","Information","Microsoft-Windows-TaskScheduler","User ""NT AUTHORITY\System""  deleted Task Scheduler task ""\Microsoft\Windows\Windows Defender\Windows Defender Scheduled Scan"""
"9/1/2026 2:56:45 PM","111","Information","Microsoft-Windows-TaskScheduler","Task Scheduler terminated ""{d20b842f-5264-40ad-98d6-373158603df4}""  instance of the ""\Microsoft\Windows\Windows Defender\Windows Defender Scheduled Scan""  task."
"9/1/2026 2:56:45 PM","102","Information","Microsoft-Windows-TaskScheduler","Task Scheduler successfully finished ""{d20b842f-5264-40ad-98d6-373158603df4}"" instance of the ""\Microsoft\Windows\Windows Defender\Windows Defender Scheduled Scan"" task for user ""NT AUTHORITY\SYSTEM""."
"9/1/2026 2:56:45 PM","201","Information","Microsoft-Windows-TaskScheduler","Task Scheduler successfully completed task ""\Microsoft\Windows\Windows Defender\Windows Defender Scheduled Scan"" , instance ""{d20b842f-5264-40ad-98d6-373158603df4}"" , action ""C:\ProgramData\Microsoft\Windows Defender\Platform\4.18.26030.3011-0\MpCmdRun.exe"" with return code 2147943691."
"9/1/2026 2:56:45 PM","129","Information","Microsoft-Windows-TaskScheduler","Task Scheduler launch task ""NT TASK\Microsoft\Windows\Windows Defender\Windows Defender Scheduled Scan"" , instance ""taskhostw.exe""  with process ID 3832."
"9/1/2026 2:56:45 PM","330","Information","Microsoft-Windows-TaskScheduler","Task Scheduler stopped instance ""{d20b842f-5264-40ad-98d6-373158603df4}""  of task ""\Microsoft\Windows\Windows Defender\Windows Defender Scheduled Scan""  as request by user ""NT AUTHORITY\SYSTEM"" ."
"9/1/2026 2:56:43 PM","102","Information","Microsoft-Windows-TaskScheduler","Task Scheduler successfully finished ""{ccedd0d7-cd34-41a0-9b92-addac3c44e4b}"" instance of the ""\Scaffold\ScaffoldDeployEngine"" task for user ""NT AUTHORITY\SYSTEM""."
"9/1/2026 2:56:43 PM","201","Information","Microsoft-Windows-TaskScheduler","Task Scheduler successfully completed task ""\Scaffold\ScaffoldDeployEngine"" , instance ""{ccedd0d7-cd34-41a0-9b92-addac3c44e4b}"" , action ""powershell.exe"" with return code 0."
"9/1/2026 2:56:41 PM","200","Information","Microsoft-Windows-TaskScheduler","Task Scheduler launched action ""powershell.exe"" in instance ""{ccedd0d7-cd34-41a0-9b92-addac3c44e4b}"" of task ""\Scaffold\ScaffoldDeployEngine""."
"9/1/2026 2:56:41 PM","100","Information","Microsoft-Windows-TaskScheduler","Task Scheduler started ""{ccedd0d7-cd34-41a0-9b92-addac3c44e4b}"" instance of the ""\Scaffold\ScaffoldDeployEngine"" task for user ""NT AUTHORITY\SYSTEM""."
"9/1/2026 2:56:41 PM","129","Information","Microsoft-Windows-TaskScheduler","Task Scheduler launch task ""\Scaffold\ScaffoldDeployEngine"" , instance ""powershell.exe""  with process ID 5904."
"9/1/2026 2:56:41 PM","107","Information","Microsoft-Windows-TaskScheduler","Task Scheduler launched ""{ccedd0d7-cd34-41a0-9b92-addac3c44e4b}""  instance of task ""\Scaffold\ScaffoldDeployEngine"" due to a time trigger condition."
"9/1/2026 2:56:26 PM","102","Information","Microsoft-Windows-TaskScheduler","Task Scheduler successfully finished ""{b9fa8811-76a5-4690-9670-d85b3e4254a9}"" instance of the ""\Microsoft\Windows\Time Zone\SynchronizeTimeZone"" task for user ""NT AUTHORITY\SYSTEM""."
"9/1/2026 2:56:26 PM","201","Information","Microsoft-Windows-TaskScheduler","Task Scheduler successfully completed task ""\Microsoft\Windows\Time Zone\SynchronizeTimeZone"" , instance ""{b9fa8811-76a5-4690-9670-d85b3e4254a9}"" , action ""%windir%\system32\tzsync.exe"" with return code 0."
"9/1/2026 2:56:25 PM","102","Information","Microsoft-Windows-TaskScheduler","Task Scheduler successfully finished ""{ec50b834-f32f-45fa-bcc8-97ddd4f92300}"" instance of the ""\Microsoft\Windows\ApplicationData\CleanupTemporaryState"" task for user ""NT AUTHORITY\SYSTEM""."
"9/1/2026 2:56:25 PM","201","Information","Microsoft-Windows-TaskScheduler","Task Scheduler successfully completed task ""\Microsoft\Windows\ApplicationData\CleanupTemporaryState"" , instance ""{ec50b834-f32f-45fa-bcc8-97ddd4f92300}"" , action ""%windir%\system32\rundll32.exe"" with return code 0."
