"9/1/2026 4:55:08 PM","16384","Information","Microsoft-Windows-Security-SPP","Successfully scheduled Software Protection service for re-start at 2026-09-02T23:54:08Z. Reason: RulesEngine."
"9/1/2026 4:55:08 PM","17136","Information","MSSQL$SQLEXPRESS","Clearing tempdb database."
"9/1/2026 4:55:08 PM","17137","Information","MSSQL$SQLEXPRESS","Starting up database 'model'."
"9/1/2026 4:55:07 PM","26067","Information","MSSQL$SQLEXPRESS","The SQL Server Network Interface library could not register the Service Principal Name (SPN) [ MSSQLSvc/dc.scaffold.htb:52951 ] for the SQL Server service. Windows return code: 0x54b, state: 3. Failure to register a SPN might cause integrated authentication to use NTLM instead of Kerberos. This is an informational message. Further action is only required if Kerberos authentication is required by authentication policies and if the SPN has not been manually registered."
"9/1/2026 4:55:07 PM","26067","Information","MSSQL$SQLEXPRESS","The SQL Server Network Interface library could not register the Service Principal Name (SPN) [ MSSQLSvc/dc.scaffold.htb:SQLEXPRESS ] for the SQL Server service. Windows return code: 0x54b, state: 3. Failure to register a SPN might cause integrated authentication to use NTLM instead of Kerberos. This is an informational message. Further action is only required if Kerberos authentication is required by authentication policies and if the SPN has not been manually registered."
"9/1/2026 4:55:07 PM","26076","Information","MSSQL$SQLEXPRESS","SQL Server is attempting to register a Service Principal Name (SPN) for the SQL Server service. Kerberos authentication will not be possible until a SPN is registered for the SQL Server service. This is an informational message. No user action is required."
"9/1/2026 4:55:07 PM","17126","Information","MSSQL$SQLEXPRESS","SQL Server is now ready for client connections. This is an informational message; no user action is required."
"9/1/2026 4:55:07 PM","17199","Information","MSSQL$SQLEXPRESS","Dedicated administrator connection support was not started because it is disabled on this edition of SQL Server. If you want to use a dedicated administrator connection, restart SQL Server using the trace flag 7806. This is an informational message only. No user action is required."
"9/1/2026 4:55:07 PM","26048","Information","MSSQL$SQLEXPRESS","Server local connection provider is ready to accept connection on [ \\.\pipe\MSSQL$SQLEXPRESS\sql\query ]."
"9/1/2026 4:55:07 PM","26048","Information","MSSQL$SQLEXPRESS","Server local connection provider is ready to accept connection on [ \\.\pipe\SQLLocal\SQLEXPRESS ]."
"9/1/2026 4:55:07 PM","26022","Information","MSSQL$SQLEXPRESS","Server is listening on [ 'any' <ipv4> 52951]."
"9/1/2026 4:55:07 PM","26022","Information","MSSQL$SQLEXPRESS","Server is listening on [ 'any' <ipv6> 52951]."
"9/1/2026 4:55:07 PM","26018","Information","MSSQL$SQLEXPRESS","A self-generated certificate was successfully loaded for encryption."
"9/1/2026 4:55:07 PM","958","Information","MSSQL$SQLEXPRESS","The resource database build version is 15.00.2000. This is an informational message only. No user action is required."
"9/1/2026 4:55:07 PM","17137","Information","MSSQL$SQLEXPRESS","Starting up database 'mssqlsystemresource'."
"9/1/2026 4:55:07 PM","17137","Information","MSSQL$SQLEXPRESS","Starting up database 'msdb'."
"9/1/2026 4:55:07 PM","17663","Information","MSSQL$SQLEXPRESS","Server name is 'DC\SQLEXPRESS'. This is an informational message only. No user action is required."
"9/1/2026 4:55:06 PM","19030","Information","MSSQL$SQLEXPRESS","SQL Trace ID 1 was started by login ""sa""."
"9/1/2026 4:55:05 PM","33218","Information","MSSQL$SQLEXPRESS","SQL Server Audit has started the audits. This is an informational message. No user action is required."
"9/1/2026 4:55:05 PM","33217","Information","MSSQL$SQLEXPRESS","SQL Server Audit is starting the audits. This is an informational message. No user action is required."
"9/1/2026 4:55:04 PM","6253","Information","MSSQL$SQLEXPRESS","Common language runtime (CLR) functionality initialized using CLR version v4.0.30319 from C:\Windows\Microsoft.NET\Framework64\v4.0.30319\."
"9/1/2026 4:55:04 PM","17137","Information","MSSQL$SQLEXPRESS","Starting up database 'master'."
"9/1/2026 4:55:03 PM","49910","Information","MSSQL$SQLEXPRESS","Software Usage Metrics is disabled."
"9/1/2026 4:55:03 PM","9048","Information","MSSQL$SQLEXPRESS","clwb is selected for pmem flush operation."
"9/1/2026 4:55:03 PM","49921","Information","MSSQL$SQLEXPRESS","Total Log Writer threads: 1. This is an informational message; no user action is required."
"9/1/2026 4:55:03 PM","17118","Information","MSSQL$SQLEXPRESS","Database Instant File Initialization: disabled. For security and performance considerations see the topic 'Database Instant File Initialization' in SQL Server Books Online. This is an informational message only. No user action is required."
"9/1/2026 4:55:03 PM","17125","Information","MSSQL$SQLEXPRESS","Using dynamic lock allocation.  Initial allocation of 2500 Lock blocks and 5000 Lock Owner blocks per node.  This is an informational message only.  No user action is required."
"9/1/2026 4:55:03 PM","17152","Information","MSSQL$SQLEXPRESS","Node configuration: node 0: CPU mask: 0x0000000000000003:0 Active CPU mask: 0x0000000000000003:0. This message provides a description of the NUMA configuration for this computer. This is an informational message only. No user action is required."
"9/1/2026 4:55:03 PM","17176","Information","MSSQL$SQLEXPRESS","This instance of SQL Server last reported using a process ID of 5416 at 9/1/2026 4:54:18 PM (local) 9/1/2026 11:54:18 PM (UTC). This is an informational message only; no user action is required."
"9/1/2026 4:55:03 PM","17811","Information","MSSQL$SQLEXPRESS","The maximum number of dedicated administrator connections for this instance is '1'"
"9/1/2026 4:55:02 PM","873","Information","MSSQL$SQLEXPRESS","Buffer pool extension is already disabled. No action is necessary."
"9/1/2026 4:55:01 PM","49917","Information","MSSQL$SQLEXPRESS","Default collation: SQL_Latin1_General_CP1_CI_AS (us_english 1033)"
"9/1/2026 4:55:01 PM","894","Information","MSSQL$SQLEXPRESS","Buffer Pool: Allocating 1048576 bytes for 584873 hashPages."
"9/1/2026 4:55:01 PM","852","Information","MSSQL$SQLEXPRESS","Using conventional memory in the memory manager."
"9/1/2026 4:55:01 PM","49903","Information","MSSQL$SQLEXPRESS","Detected 4095 MB of RAM. This is an informational message; no user action is required."
"9/1/2026 4:55:01 PM","17162","Information","MSSQL$SQLEXPRESS","SQL Server is starting at normal priority base (=7). This is an informational message only. No user action is required."
"9/1/2026 4:55:01 PM","17164","Information","MSSQL$SQLEXPRESS","SQL Server detected 1 sockets with 2 cores per socket and 2 logical processors per socket, 2 total logical processors; using 2 logical processors based on SQL Server licensing. This is an informational message; no user action is required."
"9/1/2026 4:55:01 PM","17115","Information","MSSQL$SQLEXPRESS","Command Line Startup Parameters:
	 -s ""SQLEXPRESS"""
"9/1/2026 4:55:01 PM","17110","Information","MSSQL$SQLEXPRESS","Registry startup parameters: 
	 -d C:\Program Files\Microsoft SQL Server\MSSQL15.SQLEXPRESS\MSSQL\DATA\master.mdf
	 -e C:\Program Files\Microsoft SQL Server\MSSQL15.SQLEXPRESS\MSSQL\Log\ERRORLOG
	 -l C:\Program Files\Microsoft SQL Server\MSSQL15.SQLEXPRESS\MSSQL\DATA\mastlog.ldf"
"9/1/2026 4:55:01 PM","49904","Information","MSSQL$SQLEXPRESS","The service account is 'NT Service\MSSQL$SQLEXPRESS'. This is an informational message; no user action is required."
"9/1/2026 4:55:01 PM","17111","Information","MSSQL$SQLEXPRESS","Logging SQL Server messages in file 'C:\Program Files\Microsoft SQL Server\MSSQL15.SQLEXPRESS\MSSQL\Log\ERRORLOG'."
"9/1/2026 4:55:01 PM","15268","Information","MSSQL$SQLEXPRESS","Authentication mode is MIXED."
"9/1/2026 4:55:01 PM","18496","Information","MSSQL$SQLEXPRESS","System Manufacturer: 'VMware, Inc.', System Model: 'VMware20,1'."
"9/1/2026 4:55:01 PM","17104","Information","MSSQL$SQLEXPRESS","Server process ID is 5380."
"9/1/2026 4:55:01 PM","17103","Information","MSSQL$SQLEXPRESS","All rights reserved."
"9/1/2026 4:55:01 PM","17101","Information","MSSQL$SQLEXPRESS","(c) Microsoft Corporation."
"9/1/2026 4:55:01 PM","49916","Information","MSSQL$SQLEXPRESS","UTC adjustment: -7:00"
"9/1/2026 4:55:01 PM","17069","Information","MSSQL$SQLEXPRESS","Microsoft SQL Server 2019 (RTM) - 15.0.2000.5 (X64) 
	Sep 24 2019 13:48:23 
	Copyright (C) 2019 Microsoft Corporation
	Express Edition (64-bit) on Windows Server 2022 Datacenter 10.0 <X64> (Build 20348: ) (Hypervisor)
"
"9/1/2026 4:54:56 PM","8224","Information","VSS","The VSS service is shutting down due to idle timeout. "
"9/1/2026 4:54:53 PM","271","Information","VMUpgradeHelper","Restored network configuration."
"9/1/2026 4:54:53 PM","4202","Information","Microsoft-Windows-MSDTC 2","MSDTC started with the following settings: Security Configuration (OFF = 0 and ON = 1): Allow Remote Administrator = 0, Network Clients = 0, Transaction Manager Communication:  Allow Inbound Transactions = 0, Allow Outbound Transactions = 0, Transaction Internet Protocol (TIP) = 0,  Enable XA Transactions = 0,  Enable SNA LU 6.2 Transactions = 1,  MSDTC Communications Security = Mutual Authentication Required, Account = NT AUTHORITY\NetworkService,  Firewall Exclusion Detected = 0 Transaction Bridge Installed = 0 Filtering Duplicate Events = 1"
"9/1/2026 4:54:52 PM","258","Information","VMUpgradeHelper","Restoring network configuration."
"9/1/2026 4:54:51 PM","0","Information","Microsoft Deployment Toolkit Monitor Service","Service started successfully."
"9/1/2026 4:54:50 PM","6003","Information","Microsoft-Windows-Winlogon","The winlogon notification subscriber <TrustedInstaller> was unavailable to handle a critical notification event."
"9/1/2026 4:54:49 PM","781","Information","Microsoft-Windows-Complus","The COM+ sub system is suppressing duplicate event log entries for a duration of 86400 seconds.  The suppression timeout can be controlled by a REG_DWORD value named SuppressDuplicateDuration under the following registry key: HKLM\Software\Microsoft\COM3\Eventlog."
"9/1/2026 4:54:47 PM","9027","Information","Desktop Window Manager","The Desktop Window Manager has registered the session port."
"9/1/2026 4:54:47 PM","5617","Information","Microsoft-Windows-WMI","Windows Management Instrumentation Service subsystems initialized successfully"
"9/1/2026 4:54:46 PM","517","Information","WDSServer","Provider WDSTFTP loaded from C:\Windows\system32\wdstftp.dll and initialized successfully."
"9/1/2026 4:54:46 PM","517","Information","WDSServer","Provider WDSMDMGR loaded from C:\Windows\system32\wdsmdmgr.dll and initialized successfully."
"9/1/2026 4:54:46 PM","326","Information","ESENT","svchost (2168,D,50) WDS: The database engine attached a database (1, C:\RemoteInstall\Stores\Metadata\WDSMD.mdb). (Time=0 seconds) 
 
Saved Cache: 1 0 
Additional Data: lgposAttach = 00000001:0092:0268,
dbv = 1568.180.400 (9360) 
 
Internal Timing Sequence: 
[1] 0.000020 +J(0)
[2] 0.000604 -0.000344 (1) WT +J(0) +M(C:0K, Fs:24, WS:32K # 0K, PF:32K # 0K, P:32K)
[3] 0.036855 -0.030620 (6) WT +J(CM:0, PgRf:0, Rd:0/0, Dy:0/0, Lg:3480/2) +M(C:0K, Fs:14, WS:24K # 0K, PF:20K # 0K, P:20K)
[4] 0.000082 +J(0)
[5] -
[6] -
[7] -
[8] 0.008320 -0.008024 (2) CM -0.007936 (2) WT +J(CM:2, PgRf:2, Rd:4/2, Dy:0/0, Lg:54/1) +M(C:120K, Fs:46, WS:124K # 0K, PF:140K # 0K, P:140K)
[9] 0.007103 -0.006800 (2) CM -0.006680 (2) WT +J(CM:2, PgRf:16, Rd:0/2, Dy:0/0, Lg:0/0) +M(C:-16K, Fs:40, WS:80K # 0K, PF:208K # 0K, P:208K)
[10] 0.000791 -0.000686 (1) CM -0.000637 (1) WT +J(CM:1, PgRf:35, Rd:0/1, Dy:0/0, Lg:0/0) +M(C:-28K, Fs:4, WS:-12K # 0K, PF:36K # 0K, P:36K)
[11] 0.000012 +J(CM:0, PgRf:1, Rd:0/0, Dy:0/0, Lg:0/0) +M(C:0K, Fs:3, WS:12K # 0K, PF:0K # 0K, P:0K)
[12] 0.000032 +J(CM:0, PgRf:42, Rd:0/0, Dy:0/0, Lg:0/0) +M(C:0K, Fs:1, WS:4K # 0K, PF:0K # 0K, P:0K)
[13] 0.0 +J(0)
[14] 0.0 +J(0)
[15] 0.000004 +J(CM:0, PgRf:1, Rd:0/0, Dy:0/0, Lg:0/0)."
"9/1/2026 4:54:46 PM","105","Information","ESENT","svchost (2168,D,0) WDS: The database engine started a new instance (0). (Time=0 seconds) 
 
Additional Data:
 lgposV2[] = 00000001:0001:0000 - 00000001:008F:0309 - 00000001:0090:0000 - 00000001:0090:0000 (00000000:0000:0000)
cReInits = 40
 
 
Internal Timing Sequence: 
[1] 0.007272 +J(0) +M(C:0K, Fs:229, WS:900K # 900K, PF:5376K # 5376K, P:5376K)
[2] 0.000853 +J(0) +M(C:64K, Fs:101, WS:400K # 400K, PF:384K # 384K, P:384K)
[3] 0.001750 +J(0) +M(C:0K, Fs:6, WS:20K # 20K, PF:68K # 68K, P:68K)
[4] 0.000434 +J(0) +M(C:0K, Fs:22, WS:88K # 88K, PF:228K # 228K, P:228K)
[5] 0.000596 +J(0) +M(C:0K, Fs:9, WS:36K # 36K, PF:16K # 16K, P:16K)
[6] 0.005463 +J(0) +M(C:0K, Fs:23, WS:92K # 92K, PF:12K # 12K, P:12K)
[7] 0.058353 -0.048941 (11) WT +J(0) +M(C:0K, Fs:1300, WS:5188K # 5188K, PF:5132K # 5132K, P:5132K)
[8] 0.097577 -0.072176 (58) WT +J(CM:0, PgRf:0, Rd:0/0, Dy:0/0, Lg:579932/1042) +M(C:0K, Fs:1062, WS:400K # 432K, PF:248K # 280K, P:248K)
[9] 0.000937 +J(0) +M(C:0K, Fs:3, WS:12K # 0K, PF:0K # 0K, P:0K)
[10] 0.024374 -0.022503 (10) WT +J(0) +M(C:0K, Fs:0, WS:-5116K # 0K, PF:-5124K # 0K, P:-5124K)
[11] 0.000029 +J(CM:0, PgRf:0, Rd:0/0, Dy:0/0, Lg:49/1) +M(C:0K, Fs:2, WS:8K # 0K, PF:0K # 0K, P:0K)
[12] 0.000035 +J(0)
[13] 0.307600 -0.002829 (2) CM -0.114582 (30) WT +J(CM:2, PgRf:2, Rd:0/2, Dy:0/0, Lg:8759/5) +M(C:-56K, Fs:1352, WS:48K # 40K, PF:88K # 68K, P:88K)
[14] 0.000028 +J(0)
[15] 0.000042 +J(0)
[16] 0.003188 -0.003012 (1) WT +J(0) +M(C:0K, Fs:2, WS:0K # 0K, PF:0K # 0K, P:0K)."
"9/1/2026 4:54:46 PM","302","Information","ESENT","svchost (2168,U,98) WDS: The database engine has successfully completed recovery steps."
"9/1/2026 4:54:46 PM","301","Information","ESENT","svchost (2168,R,98) WDS: The database engine has finished replaying logfile C:\RemoteInstall\Stores\Metadata\WDS.log. 
 
Processing Stats: 
[1] 0.089431 -0.069793 (55) WT +J(CM:0, PgRf:0, Rd:0/0, Dy:0/0, Lg:579932/1042) +M(C:0K, Fs:1019, WS:236K # 268K, PF:164K # 196K, P:164K). 
Log record of type 'Insert   ' was seen most frequently (277 times)"
"9/1/2026 4:54:46 PM","335","Information","ESENT","svchost (2168,R,98) WDS: Replay of a Create for database ""C:\RemoteInstall\Stores\Metadata\WDSMD.mdb"" at log position (00000001,0001,0268) was deferred due to AttachFuture.  Additional information:  "
"9/1/2026 4:54:46 PM","300","Information","ESENT","svchost (2168,R,98) WDS: The database engine is initiating recovery steps."
"9/1/2026 4:54:46 PM","102","Information","ESENT","svchost (2168,P,98) WDS: The database engine (10.00.20348.0000) is starting a new instance (0)."
"9/1/2026 4:54:45 PM","5615","Information","Microsoft-Windows-WMI","Windows Management Instrumentation Service started sucessfully"
"9/1/2026 4:54:46 PM","517","Information","WDSServer","Provider WDSMC loaded from C:\Windows\system32\wdsmc.dll and initialized successfully."
"9/1/2026 4:54:45 PM","1025","Information","WDSServer","The RPC server started on TCP port 5040. 
"
"9/1/2026 4:54:45 PM","105","Information","VMTools","The service was started."
"9/1/2026 4:54:38 PM","8198","Error","Microsoft-Windows-Security-SPP","License Activation (slui.exe) failed with the following error code:
hr=0x80004005
Command-line arguments:
RuleId=31e71c49-8da7-4a2f-ad92-45d98a1c79ba;Action=AutoActivate;AppId=55c92734-d682-4d71-983e-d6ec3f16059f;SkuId=80f53cc1-120f-4e0e-875b-27c9f1caf7de;NotificationInterval=1440;Trigger=NetworkAvailable"
"9/1/2026 4:54:38 PM","902","Information","Microsoft-Windows-Security-SPP","The Software Protection service has started.
10.0.20348.587"
"9/1/2026 4:54:38 PM","1003","Information","Microsoft-Windows-Security-SPP","The Software Protection service has completed licensing status check.
Application Id=55c92734-d682-4d71-983e-d6ec3f16059f
Licensing Status=
1: 0dc876e0-7ab8-41c1-b8ba-2237d484cd26, 1, 0 [(0 [0xC004F014, 0, 0], [(?)(?)(?)(?)(?)(?)(?)(?)])(1 )(2 )(3 )]
2: 176afa14-ca77-4cae-9ecc-ba2295540382, 1, 0 [(0 [0xC004F014, 0, 0], [(?)(?)(?)(?)(?)(?)(?)(?)])(1 )(2 )(3 )]
3: 208d2508-de49-48d5-a1df-837a9f1053ef, 1, 0 [(0 [0xC004F014, 0, 0], [(?)(?)(?)(?)(?)(?)(?)(?)])(1 )(2 )(3 )]
4: 22105925-48c3-4ff4-a294-f654bb27e390, 1, 0 [(0 [0xC004F014, 0, 0], [(?)(?)(?)(?)(?)(?)(?)(?)])(1 )(2 )(3 )]
5: 482b7fee-a9f5-46a3-862d-b28bef48c7e8, 1, 0 [(0 [0xC004F014, 0, 0], [(?)(?)(?)(?)(?)(?)(?)(?)])(1 )(2 )(3 )]
6: 4f64509c-0ad2-43a7-b73b-233afbb27096, 1, 0 [(0 [0xC004F014, 0, 0], [(?)(?)(?)(?)(?)(?)(?)(?)])(1 )(2 )(3 )]
7: 522b5066-79e8-49f2-9f9d-30b4d507d57b, 1, 0 [(0 [0xC004F014, 0, 0], [(?)(?)(?)(?)(?)(?)(?)(?)])(1 )(2 )(3 )]
8: 661f7658-7035-4b4c-9f35-010682943ec2, 1, 0 [(0 [0xC004F014, 0, 0], [(?)(?)(?)(?)(?)(?)(?)(?)])(1 )(2 )(3 )]
9: 78214935-d737-41c1-83df-f600c1766211, 1, 0 [(0 [0xC004F014, 0, 0], [(?)(?)(?)(?)(?)(?)(?)(?)])(1 )(2 )(3 )]
10: 80f53cc1-120f-4e0e-875b-27c9f1caf7de, 1, 1 [(0 )(1 )(2 [0xC004E003, 0, 0], [( 1 0xC004F034)( 1 0xC004F034)(?)(?)(?)(?)(?)(?)])(3 [0x00000000, 0, 0], [( 6 0xC004F009 0 0)( 1 0x00000000)( 6 0xC004F009 0 0)(?)(?)(?)( 10 0x00000000 msft:rm/algorithm/flags/1.0)( 11 0x00000000 0xC004F034)])]
11: aa04eff4-34fa-4da8-a645-8c30c30b3a7f, 1, 0 [(0 [0xC004F014, 0, 0], [(?)(?)(?)(?)(?)(?)(?)(?)])(1 )(2 )(3 )]
12: e73aabfa-12bc-4705-b551-2dd076bebc7d, 1, 0 [(0 [0xC004F014, 0, 0], [(?)(?)(?)(?)(?)(?)(?)(?)])(1 )(2 )(3 )]
13: ef6cfc9f-8c5d-44ac-9aad-de6a2ea0ae03, 1, 0 [(0 [0xC004F014, 0, 0], [(?)(?)(?)(?)(?)(?)(?)(?)])(1 )(2 )(3 )]

"
"9/1/2026 4:54:37 PM","1066","Information","Microsoft-Windows-Security-SPP","Initialization status for service objects.
C:\Windows\system32\sppwinob.dll, msft:spp/windowsfunctionality/agent/7.0, 0x00000000, 0x00000000
C:\Windows\system32\sppobjs.dll, msft:rm/algorithm/inherited/1.0, 0x00000000, 0x00000000
C:\Windows\system32\sppobjs.dll, msft:rm/algorithm/phone/1.0, 0x00000000, 0x00000000
C:\Windows\system32\sppobjs.dll, msft:rm/algorithm/pkey/detect, 0x00000000, 0x00000000
C:\Windows\system32\sppobjs.dll, msft:spp/ActionScheduler/1.0, 0x00000000, 0x00000000
C:\Windows\system32\sppobjs.dll, msft:spp/TaskScheduler/1.0, 0x00000000, 0x00000000
C:\Windows\system32\sppobjs.dll, msft:spp/statecollector/pkey, 0x00000000, 0x00000000
C:\Windows\system32\sppobjs.dll, msft:spp/volume/services/kms/1.0, 0x00000000, 0x00000000
C:\Windows\system32\sppobjs.dll, msft:spp/volume/services/kms/activationinfo/1.0, 0x00000000, 0x00000000
"
"9/1/2026 4:54:37 PM","16394","Information","Microsoft-Windows-Security-SPP","Offline downlevel migration succeeded."
"9/1/2026 4:54:37 PM","900","Information","Microsoft-Windows-Security-SPP","The Software Protection service is starting.
Parameters:TriggerStarted:6"
"9/1/2026 4:54:35 PM","1531","Information","Microsoft-Windows-User Profiles Service","The User Profile Service has started successfully.  

"
"9/1/2026 4:54:18 PM","38","Information","Microsoft-Windows-CertificationAuthority","Active Directory Certificate Services for scaffold-DC-CA was stopped."
"9/1/2026 4:54:18 PM","1532","Information","Microsoft-Windows-User Profiles Service","The User Profile Service has stopped.  

"
"9/1/2026 4:54:18 PM","0","Information","Microsoft Deployment Toolkit Monitor Service","Service has been successfully shut down."
"9/1/2026 4:54:18 PM","4111","Information","Microsoft-Windows-MSDTC","The MS DTC service is stopping."
"9/1/2026 4:54:18 PM","8225","Information","VSS","The VSS service is shutting down due to shutdown event from the Service Control Manager. "
"9/1/2026 4:54:18 PM","17147","Information","MSSQL$SQLEXPRESS","SQL Server is terminating because of a system shutdown. This is an informational message only. No user action is required."
"9/1/2026 4:54:16 PM","108","Information","VMTools","The service was stopped."
"9/1/2026 4:54:16 PM","272","Information","VMUpgradeHelper","Saved network configuration."
"9/1/2026 4:54:16 PM","260","Information","VMUpgradeHelper","Saving network configuration."
"9/1/2026 4:54:16 PM","6000","Information","Microsoft-Windows-Winlogon","The winlogon notification subscriber <SessionEnv> was unavailable to handle a notification event."
"9/1/2026 4:54:16 PM","6000","Information","Microsoft-Windows-Winlogon","The winlogon notification subscriber <WSearch> was unavailable to handle a notification event."
"9/1/2026 4:53:44 PM","16384","Information","Microsoft-Windows-Security-SPP","Successfully scheduled Software Protection service for re-start at 2026-09-02T23:52:44Z. Reason: RulesEngine."
"9/1/2026 4:53:32 PM","0","Information","edgeupdate","Service stopped."
"9/1/2026 4:52:52 PM","8198","Error","Microsoft-Windows-Security-SPP","License Activation (slui.exe) failed with the following error code:
hr=0x80004005
Command-line arguments:
RuleId=31e71c49-8da7-4a2f-ad92-45d98a1c79ba;Action=AutoActivate;AppId=55c92734-d682-4d71-983e-d6ec3f16059f;SkuId=80f53cc1-120f-4e0e-875b-27c9f1caf7de;NotificationInterval=1440;Trigger=UserLogon;SessionId=1"
"9/1/2026 4:52:52 PM","16394","Information","Microsoft-Windows-Security-SPP","Offline downlevel migration succeeded."
"9/1/2026 4:52:52 PM","6000","Information","Microsoft-Windows-Winlogon","The winlogon notification subscriber <SessionEnv> was unavailable to handle a notification event."
"9/1/2026 4:52:51 PM","6003","Information","Microsoft-Windows-Winlogon","The winlogon notification subscriber <SessionEnv> was unavailable to handle a critical notification event."
"9/1/2026 4:51:57 PM","26","Information","Microsoft-Windows-CertificationAuthority","Active Directory Certificate Services for scaffold-DC-CA was started.  DC=dc.scaffold.htb"
"9/1/2026 4:51:48 PM","256","Information","WDSServer","The Windows Deployment Services server started successfully. 
"
"9/1/2026 4:51:48 PM","517","Information","WDSServer","Provider WDSPXE loaded from C:\Windows\system32\wdspxe.dll and initialized successfully."
"9/1/2026 4:51:48 PM","777","Information","WDSPXE","Rogue detection has been disabled for this server. The Windows Deployment  Services server is authorized as a valid DHCP/PXE server and will process incoming client requests."
"9/1/2026 4:51:48 PM","262","Information","WDSPXE","Provider WDSDCPXE was loaded from C:\Windows\system32\wdsdcpxe.dll and initialized successfully."
"9/1/2026 4:51:48 PM","1305","Information","BINLSVC","Combined BCD file x64uefi{D8C80B10-57D8-451E-ADA9-6FF2A3D7E2B8}.bcd generated successfully for the x64uefi architecture."
"9/1/2026 4:51:48 PM","1305","Information","BINLSVC","Combined BCD file x86uefi{DEDA8E73-21D1-418F-9DF8-B913255F9C86}.bcd generated successfully for the x86uefi architecture."
"9/1/2026 4:51:48 PM","1305","Information","BINLSVC","Combined BCD file arm{6A7563B4-05CB-447D-8CC3-BC616B9C8284}.bcd generated successfully for the arm architecture."
"9/1/2026 4:51:48 PM","1305","Information","BINLSVC","Combined BCD file x86x64{FDCD28BF-C013-4EAE-982F-13B463733609}.bcd generated successfully for the x86x64 architecture."
"9/1/2026 4:51:48 PM","1305","Information","BINLSVC","Combined BCD file arm64{A0B1276F-6F82-452E-8CEA-E569938AD36E}.bcd generated successfully for the arm64 architecture."
"9/1/2026 4:51:48 PM","1305","Information","BINLSVC","Combined BCD file x64{81E1005C-A34E-4A8F-93F9-85EA7E8AED01}.bcd generated successfully for the x64 architecture."
"9/1/2026 4:51:48 PM","1305","Information","BINLSVC","Combined BCD file x86{52E8D5A2-B194-4224-8BE4-D5F6DA4BE460}.bcd generated successfully for the x86 architecture."
"9/1/2026 4:51:48 PM","326","Information","ESENT","svchost (2312,D,50) AAP: The database engine attached a database (5, C:\RemoteInstall\Mgmt\binlsvcdb.mdb). (Time=0 seconds) 
 
Saved Cache: 1 0 
Additional Data: lgposAttach = 00000001:0099:0268,
dbv = 1568.180.400 (9360) 
 
Internal Timing Sequence: 
[1] 0.000003 +J(0)
[2] 0.000551 -0.000285 (1) WT +J(0) +M(C:0K, Fs:24, WS:32K # 0K, PF:32K # 0K, P:32K)
[3] 0.006995 -0.004161 (6) WT +J(CM:0, PgRf:0, Rd:0/0, Dy:0/0, Lg:3480/2) +M(C:0K, Fs:13, WS:20K # 0K, PF:20K # 0K, P:20K)
[4] 0.000179 +J(0)
[5] -
[6] -
[7] -
[8] 0.000412 +J(CM:0, PgRf:2, Rd:14/0, Dy:0/0, Lg:54/1) +M(C:140K, Fs:55, WS:144K # 0K, PF:160K # 0K, P:160K)
[9] 0.004882 -0.004655 (2) CM -0.004584 (2) WT +J(CM:2, PgRf:16, Rd:0/1, Dy:0/0, Lg:0/0) +M(C:-80K, Fs:2, WS:-72K # 0K, PF:-72K # 0K, P:-72K)
[10] 0.001928 -0.001733 (2) CM -0.001635 (2) WT +J(CM:2, PgRf:35, Rd:0/2, Dy:0/0, Lg:0/0) +M(C:-28K, Fs:6, WS:-28K # 0K, PF:-28K # 0K, P:-28K)
[11] 0.000013 +J(CM:0, PgRf:1, Rd:0/0, Dy:0/0, Lg:0/0)
[12] 0.000055 +J(CM:0, PgRf:42, Rd:0/0, Dy:0/0, Lg:0/0)
[13] 0.000001 +J(0)
[14] 0.000001 +J(0)
[15] 0.000007 +J(CM:0, PgRf:1, Rd:0/0, Dy:0/0, Lg:0/0)."
"9/1/2026 4:51:48 PM","105","Information","ESENT","svchost (2312,D,0) AAP: The database engine started a new instance (2). (Time=0 seconds) 
 
Additional Data:
 lgposV2[] = 00000001:0001:0000 - 00000001:0096:02FB - 00000001:0097:0000 - 00000001:0097:0000 (00000000:0000:0000)
cReInits = 39
 
 
Internal Timing Sequence: 
[1] -
[2] -
[3] 0.002333 +J(0) +M(C:0K, Fs:3, WS:12K # 0K, PF:0K # 0K, P:0K)
[4] 0.000141 +J(0) +M(C:0K, Fs:8, WS:32K # 0K, PF:160K # 0K, P:160K)
[5] 0.001694 +J(0) +M(C:0K, Fs:6, WS:24K # 0K, PF:8K # 0K, P:8K)
[6] 0.002171 +J(0) +M(C:0K, Fs:2, WS:8K # 0K, PF:16K # 0K, P:16K)
[7] 0.027025 -0.020708 (11) WT +J(0) +M(C:0K, Fs:1283, WS:5120K # 1768K, PF:5132K # 816K, P:5132K)
[8] 0.066441 -0.043286 (57) WT +J(CM:0, PgRf:0, Rd:0/0, Dy:0/0, Lg:608334/1201) +M(C:0K, Fs:988, WS:200K # 244K, PF:72K # 116K, P:72K)
[9] 0.000691 +J(0)
[10] 0.014589 -0.011863 (10) WT +J(0) +M(C:0K, Fs:0, WS:-5116K # 0K, PF:-5128K # 0K, P:-5128K)
[11] 0.000030 +J(CM:0, PgRf:0, Rd:0/0, Dy:0/0, Lg:49/1) +M(C:0K, Fs:1, WS:4K # 0K, PF:0K # 0K, P:0K)
[12] 0.000127 +J(0)
[13] 0.041108 -0.001298 (2) CM -0.021774 (30) WT +J(CM:2, PgRf:2, Rd:0/2, Dy:0/0, Lg:8759/5) +M(C:-56K, Fs:1328, WS:-52K # 0K, PF:-116K # 0K, P:-116K)
[14] 0.000021 +J(0)
[15] 0.000031 +J(0)
[16] 0.000589 -0.000417 (1) WT +J(0) +M(C:0K, Fs:2, WS:0K # 0K, PF:0K # 0K, P:0K)."
"9/1/2026 4:51:48 PM","302","Information","ESENT","svchost (2312,U,98) AAP: The database engine has successfully completed recovery steps."
"9/1/2026 4:51:48 PM","301","Information","ESENT","svchost (2312,R,98) AAP: The database engine has finished replaying logfile C:\RemoteInstall\Mgmt\AAP.log. 
 
Processing Stats: 
[1] 0.062284 -0.041120 (54) WT +J(CM:0, PgRf:0, Rd:0/0, Dy:0/0, Lg:608334/1201) +M(C:0K, Fs:952, WS:64K # 108K, PF:64K # 100K, P:64K). 
Log record of type 'Insert   ' was seen most frequently (326 times)"
"9/1/2026 4:51:48 PM","335","Information","ESENT","svchost (2312,R,98) AAP: Replay of a Create for database ""C:\RemoteInstall\Mgmt\binlsvcdb.mdb"" at log position (00000001,0001,0268) was deferred due to AttachFuture.  Additional information:  "
"9/1/2026 4:51:48 PM","300","Information","ESENT","svchost (2312,R,98) AAP: The database engine is initiating recovery steps."
"9/1/2026 4:51:48 PM","102","Information","ESENT","svchost (2312,P,98) AAP: The database engine (10.00.20348.0000) is starting a new instance (2)."
"9/1/2026 4:51:48 PM","517","Information","WDSServer","Provider WdsImgSrv loaded from C:\Windows\system32\WdsImgSrv.dll and initialized successfully."
"9/1/2026 4:51:48 PM","256","Information","WDSIMGSRV","The Windows Deployment Services image server initialized successfully. 
"
"9/1/2026 4:51:48 PM","517","Information","WDSServer","Provider WDSDDPS loaded from C:\Windows\system32\wdsddps.dll and initialized successfully."
"9/1/2026 4:51:48 PM","326","Information","ESENT","svchost (2312,D,50) DDP: The database engine attached a database (3, C:\RemoteInstall\Stores\Drivers\Metadata\DdpDb.mdb). (Time=0 seconds) 
 
Saved Cache: 1 0 
Additional Data: lgposAttach = 00000001:00C7:0268,
dbv = 1568.180.400 (9360) 
 
Internal Timing Sequence: 
[1] 0.000003 +J(0)
[2] 0.001070 -0.000802 (1) WT +J(0) +M(C:0K, Fs:24, WS:32K # 0K, PF:32K # 0K, P:32K)
[3] 0.010788 -0.005607 (6) WT +J(CM:0, PgRf:0, Rd:0/0, Dy:0/0, Lg:3480/2) +M(C:0K, Fs:13, WS:20K # 0K, PF:20K # 0K, P:20K)
[4] 0.000115 +J(0)
[5] -
[6] -
[7] -
[8] 0.000306 +J(CM:0, PgRf:2, Rd:7/0, Dy:0/0, Lg:54/1) +M(C:104K, Fs:44, WS:176K # 0K, PF:124K # 0K, P:124K)
[9] 0.004829 -0.004222 (3) CM -0.004042 (3) WT +J(CM:3, PgRf:16, Rd:0/2, Dy:0/0, Lg:0/0) +M(C:-12K, Fs:17, WS:-8K # 0K, PF:-12K # 0K, P:-12K)
[10] 0.001248 -0.000695 (1) CM -0.000633 (1) WT +J(CM:1, PgRf:35, Rd:0/1, Dy:0/0, Lg:0/0) +M(C:-28K, Fs:1, WS:-24K # 0K, PF:-28K # 0K, P:-28K)
[11] 0.000012 +J(CM:0, PgRf:1, Rd:0/0, Dy:0/0, Lg:0/0)
[12] 0.000055 +J(CM:0, PgRf:42, Rd:0/0, Dy:0/0, Lg:0/0) +M(C:0K, Fs:2, WS:8K # 0K, PF:8K # 0K, P:8K)
[13] 0.000001 +J(0)
[14] 0.0 +J(0)
[15] 0.000005 +J(CM:0, PgRf:1, Rd:0/0, Dy:0/0, Lg:0/0)."
"9/1/2026 4:51:47 PM","105","Information","ESENT","svchost (2312,D,0) DDP: The database engine started a new instance (1). (Time=0 seconds) 
 
Additional Data:
 lgposV2[] = 00000001:0001:0000 - 00000001:00C4:0319 - 00000001:00C5:0000 - 00000001:00C5:0000 (00000000:0000:0000)
cReInits = 39
 
 
Internal Timing Sequence: 
[1] -
[2] -
[3] 0.000376 +J(0) +M(C:0K, Fs:3, WS:12K # 12K, PF:0K # 0K, P:0K)
[4] 0.000146 +J(0) +M(C:0K, Fs:11, WS:44K # 44K, PF:160K # 0K, P:160K)
[5] 0.000813 +J(0) +M(C:0K, Fs:4, WS:16K # 16K, PF:16K # 0K, P:16K)
[6] 0.002435 +J(0) +M(C:0K, Fs:2, WS:8K # 8K, PF:16K # 0K, P:16K)
[7] 0.052275 -0.040967 (11) WT +J(0) +M(C:0K, Fs:1283, WS:5120K # 5120K, PF:5132K # 4416K, P:5132K)
[8] 0.137206 -0.096892 (57) WT +J(CM:0, PgRf:0, Rd:0/0, Dy:0/0, Lg:794910/1696) +M(C:0K, Fs:985, WS:188K # 232K, PF:64K # 108K, P:64K)
[9] 0.000750 +J(0)
[10] 0.019793 -0.016727 (10) WT +J(0) +M(C:0K, Fs:1, WS:-5112K # 0K, PF:-5124K # 0K, P:-5124K)
[11] 0.000025 +J(CM:0, PgRf:0, Rd:0/0, Dy:0/0, Lg:49/1) +M(C:0K, Fs:1, WS:4K # 0K, PF:0K # 0K, P:0K)
[12] 0.000036 +J(0)
[13] 0.077294 -0.002700 (2) CM -0.057238 (30) WT +J(CM:2, PgRf:2, Rd:0/2, Dy:0/0, Lg:8759/5) +M(C:-56K, Fs:1327, WS:-48K # 0K, PF:-112K # 0K, P:-112K)
[14] 0.000019 +J(0)
[15] 0.000030 +J(0)
[16] 0.001857 -0.001674 (1) WT +J(0) +M(C:0K, Fs:2, WS:0K # 0K, PF:0K # 0K, P:0K)."
"9/1/2026 4:51:47 PM","302","Information","ESENT","svchost (2312,U,98) DDP: The database engine has successfully completed recovery steps."
"9/1/2026 4:51:47 PM","301","Information","ESENT","svchost (2312,R,98) DDP: The database engine has finished replaying logfile C:\RemoteInstall\Stores\Drivers\Metadata\DDP.log. 
 
Processing Stats: 
[1] 0.125112 -0.086482 (54) WT +J(CM:0, PgRf:0, Rd:0/0, Dy:0/0, Lg:794910/1696) +M(C:0K, Fs:950, WS:56K # 100K, PF:56K # 92K, P:56K). 
Log record of type 'Insert   ' was seen most frequently (479 times)"
"9/1/2026 4:51:47 PM","335","Information","ESENT","svchost (2312,R,98) DDP: Replay of a Create for database ""C:\RemoteInstall\Stores\Drivers\Metadata\DdpDb.mdb"" at log position (00000001,0001,0268) was deferred due to AttachFuture.  Additional information:  "
"9/1/2026 4:51:47 PM","300","Information","ESENT","svchost (2312,R,98) DDP: The database engine is initiating recovery steps."
"9/1/2026 4:51:47 PM","102","Information","ESENT","svchost (2312,P,98) DDP: The database engine (10.00.20348.0000) is starting a new instance (1)."
"9/1/2026 4:51:47 PM","326","Information","ESENT","certsrv.exe (2896,D,50) The database engine attached a database (1, C:\Windows\system32\CertLog\scaffold-DC-CA.edb). (Time=0 seconds) 
 
Saved Cache: 0 0 
Additional Data: lgposAttach = 00000005:0019:0268,
dbv = 1568.180.400 (9360) 
 
Internal Timing Sequence: 
[1] 0.000005 +J(0) +M(C:0K, Fs:1, WS:4K # 0K, PF:0K # 0K, P:0K)
[2] 0.001395 -0.001137 (1) WT +J(0) +M(C:0K, Fs:18, WS:8K # 0K, PF:4K # 0K, P:4K)
[3] 0.011479 -0.007973 (6) WT +J(CM:0, PgRf:0, Rd:0/0, Dy:0/0, Lg:3480/2) +M(C:0K, Fs:23, WS:88K # 0K, PF:116K # 0K, P:116K)
[4] 0.000102 +J(0)
[5] -
[6] -
[7] -
[8] 0.000597 -0.000372 (2) CM -0.000311 (2) WT +J(CM:2, PgRf:2, Rd:14/2, Dy:0/0, Lg:54/1) +M(C:0K, Fs:41, WS:160K # 0K, PF:156K # 0K, P:156K)
[9] 0.001520 -0.001275 (3) CM -0.001170 (3) WT +J(CM:3, PgRf:23, Rd:0/2, Dy:0/0, Lg:0/0) +M(C:0K, Fs:31, WS:124K # 0K, PF:196K # 0K, P:196K)
[10] 0.000421 -0.000299 (1) CM -0.000268 (1) WT +J(CM:1, PgRf:40, Rd:0/1, Dy:0/0, Lg:0/0) +M(C:0K, Fs:5, WS:20K # 0K, PF:64K # 0K, P:64K)
[11] 0.000022 +J(CM:0, PgRf:1, Rd:0/0, Dy:0/0, Lg:0/0) +M(C:0K, Fs:4, WS:16K # 0K, PF:0K # 0K, P:0K)
[12] 0.000061 +J(CM:0, PgRf:42, Rd:0/0, Dy:0/0, Lg:0/0) +M(C:0K, Fs:1, WS:4K # 0K, PF:0K # 0K, P:0K)
[13] 0.000001 +J(0)
[14] 0.000001 +J(0)
[15] 0.000007 +J(CM:0, PgRf:1, Rd:0/0, Dy:0/0, Lg:0/0)."
"9/1/2026 4:51:47 PM","517","Information","WDSServer","Provider WDSDCPXE loaded from C:\Windows\system32\wdsdcpxe.dll and initialized successfully."
"9/1/2026 4:51:47 PM","105","Information","ESENT","certsrv.exe (2896,D,0) The database engine started a new instance (0). (Time=0 seconds) 
 
Additional Data:
  
 
Internal Timing Sequence: 
[1] 0.001645 +J(0) +M(C:0K, Fs:125, WS:488K # 488K, PF:2412K # 2144K, P:2412K)
[2] 0.000506 +J(0) +M(C:3200K, Fs:153, WS:596K # 596K, PF:4132K # 4132K, P:4132K)
[3] 0.000015 +J(0) +M(C:0K, Fs:6, WS:24K # 24K, PF:64K # 64K, P:64K)
[4] 0.000107 +J(0) +M(C:0K, Fs:41, WS:160K # 160K, PF:504K # 504K, P:504K)
[5] 0.000571 +J(0) +M(C:0K, Fs:19, WS:76K # 76K, PF:36K # 40K, P:36K)
[6] 0.003893 +J(0) +M(C:0K, Fs:30, WS:120K # 120K, PF:12K # 8K, P:12K)
[7] 0.009998 -0.005942 (3) WT +J(0) +M(C:0K, Fs:274, WS:1096K # 1096K, PF:1024K # 1024K, P:1024K)
[8] -
[9] -
[10] -
[11] -
[12] -
[13] 0.008125 -0.002792 (4) WT +J(CM:0, PgRf:0, Rd:0/0, Dy:0/0, Lg:616/1) +M(C:0K, Fs:6, WS:-1008K # 16K, PF:-1020K # 12K, P:-1020K)
[14] 0.000019 +J(0)
[15] 0.000199 +J(0) +M(C:0K, Fs:100, WS:400K # 0K, PF:64K # 0K, P:64K)
[16] 0.000527 -0.000341 (1) WT +J(0) +M(C:0K, Fs:3, WS:4K # 0K, PF:0K # 0K, P:0K)."
"9/1/2026 4:51:47 PM","517","Information","WDSServer","Provider WDSDCMGR loaded from C:\Windows\system32\wdsdcmgr.dll and initialized successfully."
"9/1/2026 4:51:47 PM","102","Information","ESENT","certsrv.exe (2896,P,98) The database engine (10.00.20348.0000) is starting a new instance (0)."
"9/1/2026 4:51:41 PM","903","Information","Microsoft-Windows-Security-SPP","The Software Protection service has stopped.
"
"9/1/2026 4:51:41 PM","16384","Information","Microsoft-Windows-Security-SPP","Successfully scheduled Software Protection service for re-start at 2026-09-02T23:50:41Z. Reason: RulesEngine."
"9/1/2026 4:51:37 PM","3408","Information","MSSQL$SQLEXPRESS","Recovery is complete. This is an informational message only. No user action is required."
"9/1/2026 4:51:37 PM","9688","Information","MSSQL$SQLEXPRESS","Service Broker manager has started."
"9/1/2026 4:51:37 PM","9666","Information","MSSQL$SQLEXPRESS","The Database Mirroring endpoint is in disabled or stopped state."
"9/1/2026 4:51:37 PM","9666","Information","MSSQL$SQLEXPRESS","The Service Broker endpoint is in disabled or stopped state."
"9/1/2026 4:51:37 PM","17137","Information","MSSQL$SQLEXPRESS","Starting up database 'tempdb'."
"9/1/2026 4:51:37 PM","17136","Information","MSSQL$SQLEXPRESS","Clearing tempdb database."
"9/1/2026 4:51:37 PM","26067","Information","MSSQL$SQLEXPRESS","The SQL Server Network Interface library could not register the Service Principal Name (SPN) [ MSSQLSvc/dc.scaffold.htb:52951 ] for the SQL Server service. Windows return code: 0x54b, state: 3. Failure to register a SPN might cause integrated authentication to use NTLM instead of Kerberos. This is an informational message. Further action is only required if Kerberos authentication is required by authentication policies and if the SPN has not been manually registered."
"9/1/2026 4:51:37 PM","26067","Information","MSSQL$SQLEXPRESS","The SQL Server Network Interface library could not register the Service Principal Name (SPN) [ MSSQLSvc/dc.scaffold.htb:SQLEXPRESS ] for the SQL Server service. Windows return code: 0x54b, state: 3. Failure to register a SPN might cause integrated authentication to use NTLM instead of Kerberos. This is an informational message. Further action is only required if Kerberos authentication is required by authentication policies and if the SPN has not been manually registered."
"9/1/2026 4:51:37 PM","17137","Information","MSSQL$SQLEXPRESS","Starting up database 'model'."
"9/1/2026 4:51:37 PM","26076","Information","MSSQL$SQLEXPRESS","SQL Server is attempting to register a Service Principal Name (SPN) for the SQL Server service. Kerberos authentication will not be possible until a SPN is registered for the SQL Server service. This is an informational message. No user action is required."
"9/1/2026 4:51:37 PM","17126","Information","MSSQL$SQLEXPRESS","SQL Server is now ready for client connections. This is an informational message; no user action is required."
"9/1/2026 4:51:37 PM","17199","Information","MSSQL$SQLEXPRESS","Dedicated administrator connection support was not started because it is disabled on this edition of SQL Server. If you want to use a dedicated administrator connection, restart SQL Server using the trace flag 7806. This is an informational message only. No user action is required."
"9/1/2026 4:51:37 PM","26048","Information","MSSQL$SQLEXPRESS","Server local connection provider is ready to accept connection on [ \\.\pipe\MSSQL$SQLEXPRESS\sql\query ]."
"9/1/2026 4:51:37 PM","26048","Information","MSSQL$SQLEXPRESS","Server local connection provider is ready to accept connection on [ \\.\pipe\SQLLocal\SQLEXPRESS ]."
"9/1/2026 4:51:37 PM","26022","Information","MSSQL$SQLEXPRESS","Server is listening on [ 'any' <ipv4> 52951]."
"9/1/2026 4:51:37 PM","26022","Information","MSSQL$SQLEXPRESS","Server is listening on [ 'any' <ipv6> 52951]."
"9/1/2026 4:51:37 PM","26018","Information","MSSQL$SQLEXPRESS","A self-generated certificate was successfully loaded for encryption."
"9/1/2026 4:51:36 PM","958","Information","MSSQL$SQLEXPRESS","The resource database build version is 15.00.2000. This is an informational message only. No user action is required."
"9/1/2026 4:51:36 PM","17137","Information","MSSQL$SQLEXPRESS","Starting up database 'mssqlsystemresource'."
"9/1/2026 4:51:36 PM","17137","Information","MSSQL$SQLEXPRESS","Starting up database 'msdb'."
"9/1/2026 4:51:36 PM","17663","Information","MSSQL$SQLEXPRESS","Server name is 'DC\SQLEXPRESS'. This is an informational message only. No user action is required."
"9/1/2026 4:51:36 PM","19030","Information","MSSQL$SQLEXPRESS","SQL Trace ID 1 was started by login ""sa""."
"9/1/2026 4:51:36 PM","33218","Information","MSSQL$SQLEXPRESS","SQL Server Audit has started the audits. This is an informational message. No user action is required."
"9/1/2026 4:51:36 PM","33217","Information","MSSQL$SQLEXPRESS","SQL Server Audit is starting the audits. This is an informational message. No user action is required."
"9/1/2026 4:51:34 PM","6253","Information","MSSQL$SQLEXPRESS","Common language runtime (CLR) functionality initialized using CLR version v4.0.30319 from C:\Windows\Microsoft.NET\Framework64\v4.0.30319\."
"9/1/2026 4:51:34 PM","17137","Information","MSSQL$SQLEXPRESS","Starting up database 'master'."
"9/1/2026 4:51:34 PM","49910","Information","MSSQL$SQLEXPRESS","Software Usage Metrics is disabled."
"9/1/2026 4:51:34 PM","9048","Information","MSSQL$SQLEXPRESS","clwb is selected for pmem flush operation."
"9/1/2026 4:51:34 PM","49921","Information","MSSQL$SQLEXPRESS","Total Log Writer threads: 1. This is an informational message; no user action is required."
"9/1/2026 4:51:34 PM","17118","Information","MSSQL$SQLEXPRESS","Database Instant File Initialization: disabled. For security and performance considerations see the topic 'Database Instant File Initialization' in SQL Server Books Online. This is an informational message only. No user action is required."
"9/1/2026 4:51:33 PM","17125","Information","MSSQL$SQLEXPRESS","Using dynamic lock allocation.  Initial allocation of 2500 Lock blocks and 5000 Lock Owner blocks per node.  This is an informational message only.  No user action is required."
"9/1/2026 4:51:33 PM","17152","Information","MSSQL$SQLEXPRESS","Node configuration: node 0: CPU mask: 0x0000000000000003:0 Active CPU mask: 0x0000000000000003:0. This message provides a description of the NUMA configuration for this computer. This is an informational message only. No user action is required."
"9/1/2026 4:51:33 PM","17176","Information","MSSQL$SQLEXPRESS","This instance of SQL Server last reported using a process ID of 5444 at 9/1/2026 3:04:42 PM (local) 9/1/2026 10:04:42 PM (UTC). This is an informational message only; no user action is required."
"9/1/2026 4:51:33 PM","17811","Information","MSSQL$SQLEXPRESS","The maximum number of dedicated administrator connections for this instance is '1'"
"9/1/2026 4:51:33 PM","873","Information","MSSQL$SQLEXPRESS","Buffer pool extension is already disabled. No action is necessary."
"9/1/2026 4:51:32 PM","49917","Information","MSSQL$SQLEXPRESS","Default collation: SQL_Latin1_General_CP1_CI_AS (us_english 1033)"
"9/1/2026 4:51:32 PM","894","Information","MSSQL$SQLEXPRESS","Buffer Pool: Allocating 1048576 bytes for 576913 hashPages."
"9/1/2026 4:51:32 PM","852","Information","MSSQL$SQLEXPRESS","Using conventional memory in the memory manager."
"9/1/2026 4:51:32 PM","49903","Information","MSSQL$SQLEXPRESS","Detected 4095 MB of RAM. This is an informational message; no user action is required."
"9/1/2026 4:51:32 PM","17162","Information","MSSQL$SQLEXPRESS","SQL Server is starting at normal priority base (=7). This is an informational message only. No user action is required."
"9/1/2026 4:51:32 PM","17164","Information","MSSQL$SQLEXPRESS","SQL Server detected 1 sockets with 2 cores per socket and 2 logical processors per socket, 2 total logical processors; using 2 logical processors based on SQL Server licensing. This is an informational message; no user action is required."
"9/1/2026 4:51:32 PM","17115","Information","MSSQL$SQLEXPRESS","Command Line Startup Parameters:
	 -s ""SQLEXPRESS"""
"9/1/2026 4:51:32 PM","17110","Information","MSSQL$SQLEXPRESS","Registry startup parameters: 
	 -d C:\Program Files\Microsoft SQL Server\MSSQL15.SQLEXPRESS\MSSQL\DATA\master.mdf
	 -e C:\Program Files\Microsoft SQL Server\MSSQL15.SQLEXPRESS\MSSQL\Log\ERRORLOG
	 -l C:\Program Files\Microsoft SQL Server\MSSQL15.SQLEXPRESS\MSSQL\DATA\mastlog.ldf"
"9/1/2026 4:51:32 PM","49904","Information","MSSQL$SQLEXPRESS","The service account is 'NT Service\MSSQL$SQLEXPRESS'. This is an informational message; no user action is required."
"9/1/2026 4:51:32 PM","17111","Information","MSSQL$SQLEXPRESS","Logging SQL Server messages in file 'C:\Program Files\Microsoft SQL Server\MSSQL15.SQLEXPRESS\MSSQL\Log\ERRORLOG'."
"9/1/2026 4:51:32 PM","15268","Information","MSSQL$SQLEXPRESS","Authentication mode is MIXED."
"9/1/2026 4:51:32 PM","18496","Information","MSSQL$SQLEXPRESS","System Manufacturer: 'VMware, Inc.', System Model: 'VMware20,1'."
"9/1/2026 4:51:32 PM","17104","Information","MSSQL$SQLEXPRESS","Server process ID is 5416."
"9/1/2026 4:51:32 PM","17103","Information","MSSQL$SQLEXPRESS","All rights reserved."
"9/1/2026 4:51:32 PM","17101","Information","MSSQL$SQLEXPRESS","(c) Microsoft Corporation."
"9/1/2026 4:51:32 PM","49916","Information","MSSQL$SQLEXPRESS","UTC adjustment: -7:00"
"9/1/2026 4:51:32 PM","17069","Information","MSSQL$SQLEXPRESS","Microsoft SQL Server 2019 (RTM) - 15.0.2000.5 (X64) 
	Sep 24 2019 13:48:23 
	Copyright (C) 2019 Microsoft Corporation
	Express Edition (64-bit) on Windows Server 2022 Datacenter 10.0 <X64> (Build 20348: ) (Hypervisor)
"
"9/1/2026 4:51:25 PM","271","Information","VMUpgradeHelper","Restored network configuration."
"9/1/2026 4:51:24 PM","4202","Information","Microsoft-Windows-MSDTC 2","MSDTC started with the following settings: Security Configuration (OFF = 0 and ON = 1): Allow Remote Administrator = 0, Network Clients = 0, Transaction Manager Communication:  Allow Inbound Transactions = 0, Allow Outbound Transactions = 0, Transaction Internet Protocol (TIP) = 0,  Enable XA Transactions = 0,  Enable SNA LU 6.2 Transactions = 1,  MSDTC Communications Security = Mutual Authentication Required, Account = NT AUTHORITY\NetworkService,  Firewall Exclusion Detected = 0 Transaction Bridge Installed = 0 Filtering Duplicate Events = 1"
"9/1/2026 4:51:23 PM","258","Information","VMUpgradeHelper","Restoring network configuration."
"9/1/2026 4:51:23 PM","0","Information","Microsoft Deployment Toolkit Monitor Service","Service started successfully."
"9/1/2026 4:51:22 PM","6003","Information","Microsoft-Windows-Winlogon","The winlogon notification subscriber <TrustedInstaller> was unavailable to handle a critical notification event."
"9/1/2026 4:51:22 PM","781","Information","Microsoft-Windows-Complus","The COM+ sub system is suppressing duplicate event log entries for a duration of 86400 seconds.  The suppression timeout can be controlled by a REG_DWORD value named SuppressDuplicateDuration under the following registry key: HKLM\Software\Microsoft\COM3\Eventlog."
"9/1/2026 4:51:19 PM","5617","Information","Microsoft-Windows-WMI","Windows Management Instrumentation Service subsystems initialized successfully"
"9/1/2026 4:51:19 PM","9027","Information","Desktop Window Manager","The Desktop Window Manager has registered the session port."
"9/1/2026 4:51:18 PM","517","Information","WDSServer","Provider WDSTFTP loaded from C:\Windows\system32\wdstftp.dll and initialized successfully."
"9/1/2026 4:51:18 PM","517","Information","WDSServer","Provider WDSMDMGR loaded from C:\Windows\system32\wdsmdmgr.dll and initialized successfully."
"9/1/2026 4:51:18 PM","326","Information","ESENT","svchost (2312,D,50) WDS: The database engine attached a database (1, C:\RemoteInstall\Stores\Metadata\WDSMD.mdb). (Time=0 seconds) 
 
Saved Cache: 1 0 
Additional Data: lgposAttach = 00000001:008F:0268,
dbv = 1568.180.400 (9360) 
 
Internal Timing Sequence: 
[1] 0.000002 +J(0)
[2] 0.000431 -0.000274 (1) WT +J(0) +M(C:0K, Fs:24, WS:32K # 0K, PF:32K # 0K, P:32K)
[3] 0.015801 -0.012627 (6) WT +J(CM:0, PgRf:0, Rd:0/0, Dy:0/0, Lg:3480/2) +M(C:0K, Fs:14, WS:24K # 0K, PF:20K # 0K, P:20K)
[4] 0.000074 +J(0)
[5] -
[6] -
[7] -
[8] 0.002001 -0.001549 (2) CM -0.001487 (2) WT +J(CM:2, PgRf:2, Rd:4/2, Dy:0/0, Lg:54/1) +M(C:120K, Fs:46, WS:128K # 0K, PF:140K # 0K, P:140K)
[9] 0.005710 -0.005269 (2) CM -0.005172 (2) WT +J(CM:2, PgRf:16, Rd:0/2, Dy:0/0, Lg:0/0) +M(C:-16K, Fs:41, WS:80K # 0K, PF:212K # 0K, P:212K)
[10] 0.001168 -0.001026 (1) CM -0.000929 (1) WT +J(CM:1, PgRf:35, Rd:0/1, Dy:0/0, Lg:0/0) +M(C:-28K, Fs:4, WS:-12K # 0K, PF:36K # 0K, P:36K)
[11] 0.000013 +J(CM:0, PgRf:1, Rd:0/0, Dy:0/0, Lg:0/0) +M(C:0K, Fs:3, WS:12K # 0K, PF:0K # 0K, P:0K)
[12] 0.000034 +J(CM:0, PgRf:42, Rd:0/0, Dy:0/0, Lg:0/0) +M(C:0K, Fs:1, WS:4K # 0K, PF:0K # 0K, P:0K)
[13] 0.0 +J(0)
[14] 0.0 +J(0)
[15] 0.000003 +J(CM:0, PgRf:1, Rd:0/0, Dy:0/0, Lg:0/0)."
"9/1/2026 4:51:18 PM","105","Information","ESENT","svchost (2312,D,0) WDS: The database engine started a new instance (0). (Time=0 seconds) 
 
Additional Data:
 lgposV2[] = 00000001:0001:0000 - 00000001:008C:0309 - 00000001:008D:0000 - 00000001:008D:0000 (00000000:0000:0000)
cReInits = 39
 
 
Internal Timing Sequence: 
[1] 0.001126 +J(0) +M(C:0K, Fs:185, WS:724K # 724K, PF:4508K # 4508K, P:4508K)
[2] 0.000568 +J(0) +M(C:64K, Fs:145, WS:572K # 572K, PF:1252K # 1256K, P:1252K)
[3] 0.001186 +J(0) +M(C:0K, Fs:6, WS:20K # 20K, PF:68K # 64K, P:68K)
[4] 0.000155 +J(0) +M(C:0K, Fs:22, WS:88K # 88K, PF:228K # 228K, P:228K)
[5] 0.000455 +J(0) +M(C:0K, Fs:9, WS:36K # 36K, PF:16K # 16K, P:16K)
[6] 0.015657 +J(0) +M(C:0K, Fs:24, WS:96K # 96K, PF:16K # 16K, P:16K)
[7] 0.083012 -0.056490 (11) WT +J(0) +M(C:0K, Fs:1299, WS:5188K # 5188K, PF:5128K # 5128K, P:5128K)
[8] 0.147961 -0.102961 (57) WT +J(CM:0, PgRf:0, Rd:0/0, Dy:0/0, Lg:567764/1034) +M(C:0K, Fs:1077, WS:396K # 428K, PF:256K # 288K, P:256K)
[9] 0.000653 +J(0) +M(C:0K, Fs:4, WS:16K # 0K, PF:4K # 0K, P:4K)
[10] 0.056906 -0.054921 (10) WT +J(0) +M(C:0K, Fs:7, WS:-5088K # 12K, PF:-5120K # 0K, P:-5120K)
[11] 0.000025 +J(CM:0, PgRf:0, Rd:0/0, Dy:0/0, Lg:49/1) +M(C:0K, Fs:2, WS:8K # 0K, PF:0K # 0K, P:0K)
[12] 0.001472 +J(0)
[13] 0.068585 -0.004718 (2) CM -0.050366 (30) WT +J(CM:2, PgRf:2, Rd:0/2, Dy:0/0, Lg:8759/5) +M(C:-56K, Fs:1349, WS:40K # 52K, PF:76K # 64K, P:76K)
[14] 0.000018 +J(0)
[15] 0.000027 +J(0)
[16] 0.000424 -0.000295 (1) WT +J(0) +M(C:0K, Fs:2, WS:0K # 0K, PF:0K # 0K, P:0K)."
"9/1/2026 4:51:18 PM","302","Information","ESENT","svchost (2312,U,98) WDS: The database engine has successfully completed recovery steps."
"9/1/2026 4:51:18 PM","301","Information","ESENT","svchost (2312,R,98) WDS: The database engine has finished replaying logfile C:\RemoteInstall\Stores\Metadata\WDS.log. 
 
Processing Stats: 
[1] 0.143005 -0.101387 (54) WT +J(CM:0, PgRf:0, Rd:0/0, Dy:0/0, Lg:567764/1034) +M(C:0K, Fs:1035, WS:236K # 268K, PF:176K # 208K, P:176K). 
Log record of type 'Insert   ' was seen most frequently (277 times)"
