"TimeCreated","Id","LevelDisplayName","ProviderName","Message"
"9/20/2026 7:18:45 AM","10001","Information","Microsoft-Windows-RestartManager","Ending session 0 started ‎2026‎-‎09‎-‎20T14:18:45.048093700Z."
"9/20/2026 7:18:45 AM","10000","Information","Microsoft-Windows-RestartManager","Starting session 0 - ‎2026‎-‎09‎-‎20T14:18:45.048093700Z."
"9/20/2026 7:18:45 AM","1042","Information","MsiInstaller","Ending a Windows Installer transaction: C:\Software\Locks\Processing\putty-64bit-99_0-installer_signed_20260920_141030429_cde3c9a54a2743e2_20260920_071844251_701a55d797754a929f4375415894c4f9.msi. Client Process Id: 4608."
"9/20/2026 7:18:45 AM","1033","Information","MsiInstaller","Windows Installer installed the product. Product Name: PuTTY. Product Version: 99.0.0. Product Language: 1033. Manufacturer: PuTTY. Installation success or error status: 1603."
"9/20/2026 7:18:45 AM","11708","Information","MsiInstaller","Product: PuTTY -- Installation failed."
"9/20/2026 7:18:45 AM","11720","Error","MsiInstaller","Product: PuTTY -- Error 1720. There is a problem with this Windows Installer package. A script required for this install to complete could not be run. Contact your support personnel or package vendor.  Custom action FailInstallation script error -2146828275, Microsoft VBScript runtime error: Type mismatch: 'fail' Line 1, Column 1,  "
"9/20/2026 7:18:45 AM","1040","Information","MsiInstaller","Beginning a Windows Installer transaction: C:\Software\Locks\Processing\putty-64bit-99_0-installer_signed_20260920_141030429_cde3c9a54a2743e2_20260920_071844251_701a55d797754a929f4375415894c4f9.msi. Client Process Id: 4608."
"9/20/2026 7:05:59 AM","49930","Information","MSSQL$SQLEXPRESS","Parallel redo is shutdown for database 'ScaffoldPortal' with worker pool size [1]."
"9/20/2026 7:05:59 AM","49930","Information","MSSQL$SQLEXPRESS","Parallel redo is started for database 'ScaffoldPortal' with worker pool size [1]."
"9/20/2026 7:05:59 AM","17137","Information","MSSQL$SQLEXPRESS","Starting up database 'ScaffoldPortal'."
"9/20/2026 6:48:49 AM","10001","Information","Microsoft-Windows-RestartManager","Ending session 0 started ‎2026‎-‎09‎-‎20T13:48:48.969971300Z."
"9/20/2026 6:48:48 AM","10000","Information","Microsoft-Windows-RestartManager","Starting session 0 - ‎2026‎-‎09‎-‎20T13:48:48.969971300Z."
"9/20/2026 6:48:49 AM","1042","Information","MsiInstaller","Ending a Windows Installer transaction: C:\Software\Locks\Processing\putty-64bit-99_0-installer_signed_20260920_134523775_0096b7a2b7c847b5_20260920_064844126_bbc6e418660d49d9a9e4f94b7b7659aa.msi. Client Process Id: 908."
"9/20/2026 6:48:49 AM","1033","Information","MsiInstaller","Windows Installer installed the product. Product Name: PuTTY. Product Version: 99.0.0. Product Language: 1033. Manufacturer: PuTTY. Installation success or error status: 1603."
"9/20/2026 6:48:49 AM","11708","Information","MsiInstaller","Product: PuTTY -- Installation failed."
"9/20/2026 6:48:49 AM","11720","Error","MsiInstaller","Product: PuTTY -- Error 1720. There is a problem with this Windows Installer package. A script required for this install to complete could not be run. Contact your support personnel or package vendor.  Custom action FailInstallation script error -2146828275, Microsoft VBScript runtime error: Type mismatch: 'fail' Line 1, Column 1,  "
"9/20/2026 6:48:48 AM","1040","Information","MsiInstaller","Beginning a Windows Installer transaction: C:\Software\Locks\Processing\putty-64bit-99_0-installer_signed_20260920_134523775_0096b7a2b7c847b5_20260920_064844126_bbc6e418660d49d9a9e4f94b7b7659aa.msi. Client Process Id: 908."
"9/20/2026 6:48:45 AM","10001","Information","Microsoft-Windows-RestartManager","Ending session 0 started ‎2026‎-‎09‎-‎20T13:48:45.001218100Z."
"9/20/2026 6:48:45 AM","10000","Information","Microsoft-Windows-RestartManager","Starting session 0 - ‎2026‎-‎09‎-‎20T13:48:45.001218100Z."
"9/20/2026 6:48:45 AM","1042","Information","MsiInstaller","Ending a Windows Installer transaction: {ED41CD4E-33BB-400C-AB20-B09388DC83EF}. Client Process Id: 4672."
"9/20/2026 6:48:45 AM","1034","Information","MsiInstaller","Windows Installer removed the product. Product Name: PuTTY release 0.83 (64-bit). Product Version: 0.83.0.0. Product Language: 1033. Manufacturer: Simon Tatham. Removal success or error status: 0."
"9/20/2026 6:48:45 AM","11724","Information","MsiInstaller","Product: PuTTY release 0.83 (64-bit) -- Removal completed successfully."
"9/20/2026 6:48:44 AM","1040","Information","MsiInstaller","Beginning a Windows Installer transaction: {ED41CD4E-33BB-400C-AB20-B09388DC83EF}. Client Process Id: 4672."
"9/20/2026 6:45:35 AM","49930","Information","MSSQL$SQLEXPRESS","Parallel redo is shutdown for database 'ScaffoldPortal' with worker pool size [1]."
"9/20/2026 6:45:35 AM","49930","Information","MSSQL$SQLEXPRESS","Parallel redo is started for database 'ScaffoldPortal' with worker pool size [1]."
"9/20/2026 6:45:35 AM","17137","Information","MSSQL$SQLEXPRESS","Starting up database 'ScaffoldPortal'."
"9/20/2026 6:45:22 AM","1032","Information","IIS AspNetCore Module V2","Application 'C:\inetpub\ScaffoldPortal\' started successfully."
"9/20/2026 6:44:53 AM","1033","Information","IIS AspNetCore Module V2","Application 'MACHINE/WEBROOT/APPHOST/SCAFFOLDPORTAL' has shutdown."
"9/20/2026 6:21:55 AM","1032","Information","IIS AspNetCore Module V2","Application 'C:\inetpub\ScaffoldPortal\' started successfully."
"9/20/2026 5:57:40 AM","5","Information","Microsoft-Windows-Search-ProfileNotify","Windows Search Service has created default configuration for new user 'SCAFFOLD\d.cooper' .
"
"9/20/2026 4:53:06 AM","1033","Information","IIS AspNetCore Module V2","Application 'MACHINE/WEBROOT/APPHOST/SCAFFOLDPORTAL' has shutdown."
"9/20/2026 4:49:36 AM","16384","Information","Microsoft-Windows-Security-SPP","Successfully scheduled Software Protection service for re-start at 2026-09-21T11:48:36Z. Reason: RulesEngine."
"9/20/2026 4:49:06 AM","8198","Error","Microsoft-Windows-Security-SPP","License Activation (slui.exe) failed with the following error code:
hr=0x80004005
Command-line arguments:
RuleId=3482d82e-ca2c-4e1f-8864-da0267b484b2;Action=AutoActivate;AppId=55c92734-d682-4d71-983e-d6ec3f16059f;SkuId=80f53cc1-120f-4e0e-875b-27c9f1caf7de;NotificationInterval=1440;Trigger=NetworkAvailable"
"9/20/2026 4:49:06 AM","16394","Information","Microsoft-Windows-Security-SPP","Offline downlevel migration succeeded."
"9/20/2026 4:45:06 AM","16384","Information","Microsoft-Windows-Security-SPP","Successfully scheduled Software Protection service for re-start at 2026-09-21T11:19:06Z. Reason: RulesEngine."
"9/20/2026 4:44:36 AM","16394","Information","Microsoft-Windows-Security-SPP","Offline downlevel migration succeeded."
"9/20/2026 4:31:53 AM","49930","Information","MSSQL$SQLEXPRESS","Parallel redo is shutdown for database 'ScaffoldPortal' with worker pool size [1]."
"9/20/2026 4:31:53 AM","49930","Information","MSSQL$SQLEXPRESS","Parallel redo is started for database 'ScaffoldPortal' with worker pool size [1]."
"9/20/2026 4:31:53 AM","17137","Information","MSSQL$SQLEXPRESS","Starting up database 'ScaffoldPortal'."
"9/20/2026 4:31:52 AM","1032","Information","IIS AspNetCore Module V2","Application 'C:\inetpub\ScaffoldPortal\' started successfully."
"9/20/2026 4:29:19 AM","326","Information","ESENT","svchost (4052,D,50) DS_Token_DB: The database engine attached a database (1, C:\Windows\system32\config\systemprofile\AppData\Local\DataSharing\Storage\DSTokenDB2.dat). (Time=0 seconds) 
 
Saved Cache: 1 0 
Additional Data: lgposAttach = 00000006:0001:0268,
dbv = 1568.180.400 (9360) 
 
Internal Timing Sequence: 
[1] 0.000002 +J(0)
[2] 0.000508 -0.000359 (1) WT +J(0) +M(C:0K, Fs:17, WS:4K # 4K, PF:4K # 0K, P:4K)
[3] 0.002449 -0.000826 (6) WT +J(CM:0, PgRf:0, Rd:0/0, Dy:0/0, Lg:3480/2) +M(C:0K, Fs:7, WS:24K # 0K, PF:20K # 0K, P:20K)
[4] 0.000073 +J(0)
[5] -
[6] -
[7] -
[8] 0.000545 -0.000421 (2) CM -0.000361 (2) WT +J(CM:2, PgRf:2, Rd:4/2, Dy:0/0, Lg:54/1) +M(C:8K, Fs:3, WS:12K # 0K, PF:28K # 0K, P:28K)
[9] 0.000900 -0.000719 (3) CM -0.000644 (3) WT +J(CM:3, PgRf:23, Rd:0/3, Dy:0/0, Lg:0/0) +M(C:0K, Fs:31, WS:116K # 92K, PF:196K # 188K, P:196K)
[10] 0.000344 -0.000272 (2) CM -0.000226 (2) WT +J(CM:2, PgRf:40, Rd:0/2, Dy:0/0, Lg:0/0) +M(C:0K, Fs:4, WS:16K # 12K, PF:64K # 56K, P:64K)
[11] 0.000151 -0.000128 (1) CM -0.000104 (1) WT +J(CM:1, PgRf:1, Rd:0/1, Dy:0/0, Lg:0/0) +M(C:0K, Fs:3, WS:12K # 12K, PF:0K # 0K, P:0K)
[12] 0.000185 -0.000136 (1) CM -0.000117 (1) WT +J(CM:1, PgRf:42, Rd:0/1, Dy:0/0, Lg:0/0) +M(C:0K, Fs:5, WS:20K # 20K, PF:0K # 0K, P:0K)
[13] 0.000001 +J(0)
[14] 0.0 +J(0)
[15] 0.000154 -0.000139 (1) CM -0.000112 (1) WT +J(CM:1, PgRf:1, Rd:0/1, Dy:0/0, Lg:0/0)."
"9/20/2026 4:29:19 AM","105","Information","ESENT","svchost (4052,D,0) DS_Token_DB: The database engine started a new instance (0). (Time=0 seconds) 
 
Additional Data:
 lgposV2[] = 00000005:0001:0000 - 00000005:000C:0039 - 00000005:000D:0000 - 00000005:000D:0000 (00000000:0000:0000)
cReInits = 3
 
 
Internal Timing Sequence: 
[1] 0.000578 +J(0) +M(C:0K, Fs:140, WS:548K # 548K, PF:2440K # 2440K, P:2440K)
[2] 0.000725 +J(0) +M(C:8K, Fs:147, WS:580K # 580K, PF:1188K # 1188K, P:1188K)
[3] 0.000018 +J(0) +M(C:0K, Fs:4, WS:12K # 12K, PF:68K # 68K, P:68K)
[4] 0.000083 +J(0) +M(C:0K, Fs:24, WS:96K # 96K, PF:168K # 168K, P:168K)
[5] 0.000684 +J(0) +M(C:0K, Fs:11, WS:44K # 44K, PF:28K # 28K, P:28K)
[6] 0.002878 +J(0) +M(C:0K, Fs:70, WS:280K # 280K, PF:52K # 52K, P:52K)
[7] 0.001421 -0.000797 (2) WT +J(0) +M(C:0K, Fs:33, WS:132K # 132K, PF:64K # 64K, P:64K)
[8] 0.007804 -0.003275 (13) WT +J(CM:0, PgRf:0, Rd:0/0, Dy:0/0, Lg:48672/33) +M(C:0K, Fs:150, WS:312K # 316K, PF:228K # 232K, P:228K)
[9] 0.000317 +J(0) +M(C:0K, Fs:5, WS:20K # 16K, PF:4K # 0K, P:4K)
[10] 0.000444 -0.000339 (1) WT +J(0) +M(C:0K, Fs:0, WS:-60K # 0K, PF:-60K # 0K, P:-60K)
[11] 0.000013 +J(CM:0, PgRf:0, Rd:0/0, Dy:0/0, Lg:49/1) +M(C:0K, Fs:2, WS:8K # 0K, PF:0K # 0K, P:0K)
[12] 0.000015 +J(0)
[13] 0.011511 -0.000380 (2) CM -0.004175 (27) WT +J(CM:2, PgRf:2, Rd:0/2, Dy:0/0, Lg:4729/4) +M(C:0K, Fs:114, WS:204K # 216K, PF:240K # 248K, P:240K)
[14] 0.000008 +J(0)
[15] 0.000008 +J(0)
[16] 0.000206 -0.000125 (1) WT +J(0) +M(C:0K, Fs:2, WS:0K # 0K, PF:0K # 0K, P:0K)."
"9/20/2026 4:29:19 AM","302","Information","ESENT","svchost (4052,U,98) DS_Token_DB: The database engine has successfully completed recovery steps."
"9/20/2026 4:29:19 AM","301","Information","ESENT","svchost (4052,R,98) DS_Token_DB: The database engine has finished replaying logfile C:\Windows\system32\config\systemprofile\AppData\Local\DataSharing\Storage\DSS.log. 
 
Processing Stats: 
[1] 0.004742 -0.002456 (9) WT +J(CM:0, PgRf:0, Rd:0/0, Dy:0/0, Lg:48672/33) +M(C:0K, Fs:100, WS:188K # 128K, PF:148K # 84K, P:148K). 
Log record of type 'AttachDB ' was seen most frequently (3 times)"
"9/20/2026 4:29:19 AM","300","Information","ESENT","svchost (4052,R,98) DS_Token_DB: The database engine is initiating recovery steps."
"9/20/2026 4:29:19 AM","102","Information","ESENT","svchost (4052,P,98) DS_Token_DB: The database engine (10.00.20348.0000) is starting a new instance (0)."
"9/20/2026 4:28:54 AM","16384","Information","Microsoft-Windows-Security-SPP","Successfully scheduled Software Protection service for re-start at 2026-09-21T11:18:54Z. Reason: RulesEngine."
"9/20/2026 4:28:24 AM","16394","Information","Microsoft-Windows-Security-SPP","Offline downlevel migration succeeded."
"9/20/2026 4:27:46 AM","1000","Information","Microsoft-Windows-LoadPerf","Performance counters for the WmiApRpl (WmiApRpl) service were loaded successfully. The Record Data in the data section contains the new index values assigned to this service."
"9/20/2026 4:27:46 AM","1001","Information","Microsoft-Windows-LoadPerf","Performance counters for the WmiApRpl (WmiApRpl) service were removed successfully. The Record Data contains the new values of the system Last Counter and Last Help registry entries."
"9/20/2026 4:25:12 AM","49930","Information","MSSQL$SQLEXPRESS","Parallel redo is shutdown for database 'ScaffoldPortal' with worker pool size [1]."
"9/20/2026 4:25:12 AM","49930","Information","MSSQL$SQLEXPRESS","Parallel redo is started for database 'ScaffoldPortal' with worker pool size [1]."
"9/20/2026 4:25:12 AM","17137","Information","MSSQL$SQLEXPRESS","Starting up database 'ScaffoldPortal'."
"9/20/2026 4:25:12 AM","8128","Information","MSSQL$SQLEXPRESS","Using 'xplog70.dll' version '2019.150.2000' to execute extended stored procedure 'xp_msver'. This is an informational message only; no user action is required."
"9/20/2026 4:25:12 AM","33090","Information","MSSQL$SQLEXPRESS","Attempting to load library 'xplog70.dll' into memory. This is an informational message only. No user action is required."
"9/20/2026 4:24:50 AM","1","Information","MSSQL$SQLEXPRESS","None"
"9/20/2026 4:24:39 AM","325","Information","ESENT","DFSRs (2636,D,35) \\.\C:\System Volume Information\DFSR\database_D030_CE70_30CE_5D5A\dfsr.db: The database engine created a new database (1, \\.\C:\System Volume Information\DFSR\database_D030_CE70_30CE_5D5A\dfsr.db). (Time=0 seconds) 
 
Additional Data: lgposCreate = 00000001:0001:0268,
dbv = 1568.180.400 (9360) 
 
Internal Timing Sequence: 
[1] 0.000086 +J(0) +M(C:0K, Fs:5, WS:20K # 0K, PF:8K # 0K, P:8K)
[2] 0.000571 -0.000227 (1) WT +J(CM:0, PgRf:0, Rd:0/0, Dy:0/0, Lg:3480/2) +M(C:0K, Fs:4, WS:16K # 0K, PF:0K # 0K, P:0K)
[3] 0.003789 +J(0) +M(C:0K, Fs:11, WS:36K # 0K, PF:20K # 0K, P:20K)
[4] 0.000149 +J(0) +M(C:0K, Fs:1, WS:4K # 0K, PF:0K # 0K, P:0K)
[5] 0.001020 -0.000527 (3) WT +J(CM:0, PgRf:3, Rd:0/0, Dy:3/6, Lg:122/4) +M(C:0K, Fs:39, WS:148K # 0K, PF:236K # 0K, P:236K)
[6] 0.001373 -0.000400 (2) WT +J(CM:0, PgRf:209, Rd:0/0, Dy:12/408, Lg:24454/447) +M(C:0K, Fs:76, WS:304K # 0K, PF:224K # 0K, P:224K)
[7] 0.000992 -0.000765 (3) WT +J(CM:0, PgRf:0, Rd:0/0, Dy:0/0, Lg:4096/3) +M(C:0K, Fs:4, WS:8K # 0K, PF:0K # 0K, P:0K)
[8] 0.000002 +J(0)
[9] 0.001482 -0.001137 (3) WT +J(0) +M(C:-52K, Fs:8, WS:-28K # 0K, PF:-52K # 0K, P:-52K)
[10] 0.001868 -0.000841 (5) WT +J(CM:0, PgRf:348, Rd:0/0, Dy:7/93, Lg:12509/130) +M(C:12K, Fs:47, WS:180K # 0K, PF:96K # 0K, P:96K)
[11] 0.000001 +J(0)."
"9/20/2026 4:24:39 AM","105","Information","ESENT","DFSRs (2636,D,0) \\.\C:\System Volume Information\DFSR\database_D030_CE70_30CE_5D5A\dfsr.db: The database engine started a new instance (0). (Time=0 seconds) 
 
Additional Data:
  
 
Internal Timing Sequence: 
[1] 0.001445 +J(0) +M(C:0K, Fs:273, WS:1052K # 1052K, PF:6612K # 6608K, P:6612K)
[2] 0.000369 +J(0) +M(C:16K, Fs:102, WS:404K # 404K, PF:336K # 332K, P:336K)
[3] 0.000011 +J(0) +M(C:0K, Fs:3, WS:12K # 12K, PF:64K # 64K, P:64K)
[4] 0.000169 +J(0) +M(C:2032K, Fs:33, WS:124K # 124K, PF:2436K # 2436K, P:2436K)
[5] 0.000675 +J(0) +M(C:0K, Fs:18, WS:72K # 72K, PF:24K # 24K, P:24K)
[6] 0.000519 +J(0) +M(C:0K, Fs:13, WS:52K # 52K, PF:12K # 12K, P:12K)
[7] -
[8] -
[9] -
[10] -
[11] -
[12] -
[13] 0.026035 -0.011953 (22) WT +J(CM:0, PgRf:0, Rd:0/0, Dy:0/0, Lg:616/1) +M(C:0K, Fs:1481, WS:720K # 5824K, PF:-48K # 5080K, P:-48K)
[14] 0.000015 +J(0) +M(C:0K, Fs:1, WS:4K # 0K, PF:0K # 0K, P:0K)
[15] 0.000122 +J(0) +M(C:0K, Fs:65, WS:256K # 0K, PF:68K # 0K, P:68K)
[16] 0.003091 -0.000086 (1) WT +J(0) +M(C:0K, Fs:8, WS:24K # 0K, PF:0K # 0K, P:0K)."
"9/20/2026 4:24:39 AM","102","Information","ESENT","DFSRs (2636,P,98) \\.\C:\System Volume Information\DFSR\database_D030_CE70_30CE_5D5A\dfsr.db: The database engine (10.00.20348.0000) is starting a new instance (0)."
"9/20/2026 4:23:56 AM","0","Information","edgeupdate","Service stopped."
"9/20/2026 4:22:21 AM","8224","Information","VSS","The VSS service is shutting down due to idle timeout. "
"9/20/2026 4:22:12 AM","16384","Information","Microsoft-Windows-Security-SPP","Successfully scheduled Software Protection service for re-start at 2026-09-21T11:18:12Z. Reason: RulesEngine."
"9/20/2026 4:21:42 AM","16394","Information","Microsoft-Windows-Security-SPP","Offline downlevel migration succeeded."
"9/20/2026 4:21:42 AM","900","Information","Microsoft-Windows-Security-SPP","The Software Protection service is starting.
Parameters:<explicit>"
"9/20/2026 4:21:42 AM","0","Information","Microsoft Deployment Toolkit Monitor Service","Service started successfully."
"9/20/2026 4:21:41 AM","0","Information","edgeupdate","Service stopped."
"9/20/2026 4:20:07 AM","1000","Information","VGAuth","vmtoolsd: Username and password successfully validated for 'Administrator'"
"9/20/2026 4:20:07 AM","1000","Information","VGAuth","vmtoolsd: Username and password successfully validated for 'Administrator'"
"9/20/2026 4:20:07 AM","1000","Information","VGAuth","vmtoolsd: Username and password successfully validated for 'Administrator'"
"9/20/2026 4:20:07 AM","1000","Information","VGAuth","vmtoolsd: Username and password successfully validated for 'Administrator'"
"9/20/2026 4:20:07 AM","1000","Information","VGAuth","vmtoolsd: Username and password successfully validated for 'Administrator'"
"9/20/2026 4:20:07 AM","1000","Information","VGAuth","vmtoolsd: Username and password successfully validated for 'Administrator'"
"9/20/2026 4:20:07 AM","1000","Information","VGAuth","vmtoolsd: Username and password successfully validated for 'Administrator'"
"9/20/2026 4:20:07 AM","1000","Information","VGAuth","vmtoolsd: Username and password successfully validated for 'Administrator'"
"9/20/2026 4:20:06 AM","1000","Information","VGAuth","vmtoolsd: Username and password successfully validated for 'Administrator'"
"9/20/2026 4:20:06 AM","1000","Information","VGAuth","vmtoolsd: Username and password successfully validated for 'Administrator'"
"9/20/2026 4:20:06 AM","1000","Information","VGAuth","vmtoolsd: Username and password successfully validated for 'Administrator'"
"9/20/2026 4:20:06 AM","1000","Information","VGAuth","vmtoolsd: Username and password successfully validated for 'Administrator'"
"9/20/2026 4:20:06 AM","1000","Information","VGAuth","vmtoolsd: Username and password successfully validated for 'Administrator'"
"9/20/2026 4:20:06 AM","1000","Information","VGAuth","vmtoolsd: Username and password successfully validated for 'Administrator'"
"9/20/2026 4:20:05 AM","1000","Information","VGAuth","vmtoolsd: Username and password successfully validated for 'Administrator'"
"9/20/2026 4:20:04 AM","1000","Information","VGAuth","vmtoolsd: Username and password successfully validated for 'Administrator'"
"9/20/2026 4:20:04 AM","1000","Information","VGAuth","vmtoolsd: Username and password successfully validated for 'Administrator'"
"9/20/2026 4:20:04 AM","26","Information","Microsoft-Windows-CertificationAuthority","Active Directory Certificate Services for scaffold-DC-CA was started.  DC=dc.scaffold.htb"
"9/20/2026 4:20:03 AM","1000","Information","VGAuth","vmtoolsd: Username and password successfully validated for 'Administrator'"
"9/20/2026 4:20:03 AM","1000","Information","VGAuth","vmtoolsd: Username and password successfully validated for 'Administrator'"
"9/20/2026 4:20:02 AM","256","Information","WDSServer","The Windows Deployment Services server started successfully. 
"
"9/20/2026 4:20:02 AM","517","Information","WDSServer","Provider WDSPXE loaded from C:\Windows\system32\wdspxe.dll and initialized successfully."
"9/20/2026 4:20:02 AM","777","Information","WDSPXE","Rogue detection has been disabled for this server. The Windows Deployment  Services server is authorized as a valid DHCP/PXE server and will process incoming client requests."
"9/20/2026 4:20:02 AM","262","Information","WDSPXE","Provider WDSDCPXE was loaded from C:\Windows\system32\wdsdcpxe.dll and initialized successfully."
"9/20/2026 4:20:02 AM","1305","Information","BINLSVC","Combined BCD file x64uefi{E20AAB6D-5417-4A58-B8A1-9A4EC10F97AD}.bcd generated successfully for the x64uefi architecture."
"9/20/2026 4:20:02 AM","1305","Information","BINLSVC","Combined BCD file x86uefi{4C8E7F02-B80A-407A-9337-C39B5990819D}.bcd generated successfully for the x86uefi architecture."
"9/20/2026 4:20:02 AM","1305","Information","BINLSVC","Combined BCD file arm{8982DD07-E4F0-48FF-BCF5-7FF749F10805}.bcd generated successfully for the arm architecture."
"9/20/2026 4:20:01 AM","1305","Information","BINLSVC","Combined BCD file x86x64{C3BFFF98-8041-4295-9DD1-128404FA436A}.bcd generated successfully for the x86x64 architecture."
"9/20/2026 4:20:01 AM","1000","Information","VGAuth","vmtoolsd: Username and password successfully validated for 'Administrator'"
"9/20/2026 4:20:01 AM","1305","Information","BINLSVC","Combined BCD file arm64{5D91E612-91AE-4EF5-A9FF-0E05B0F32DAF}.bcd generated successfully for the arm64 architecture."
"9/20/2026 4:20:01 AM","1305","Information","BINLSVC","Combined BCD file x64{BDD2EBD2-F26A-4B80-9301-E6D575BB642E}.bcd generated successfully for the x64 architecture."
"9/20/2026 4:20:01 AM","1305","Information","BINLSVC","Combined BCD file x86{C5E47AA5-9428-4CB9-954C-FA581E3983F4}.bcd generated successfully for the x86 architecture."
"9/20/2026 4:20:01 AM","326","Information","ESENT","svchost (3080,D,50) AAP: The database engine attached a database (5, C:\RemoteInstall\Mgmt\binlsvcdb.mdb). (Time=0 seconds) 
 
Saved Cache: 1 0 
Additional Data: lgposAttach = 00000001:00C3:0268,
dbv = 1568.180.400 (9360) 
 
Internal Timing Sequence: 
[1] 0.000002 +J(0)
[2] 0.000244 -0.000101 (1) WT +J(0) +M(C:0K, Fs:24, WS:32K # 0K, PF:32K # 0K, P:32K)
[3] 0.013515 -0.000937 (6) WT +J(CM:0, PgRf:0, Rd:0/0, Dy:0/0, Lg:3480/2) +M(C:0K, Fs:13, WS:20K # 0K, PF:20K # 0K, P:20K)
[4] 0.000072 +J(0)
[5] -
[6] -
[7] -
[8] 0.000250 +J(CM:0, PgRf:2, Rd:11/0, Dy:0/0, Lg:54/1) +M(C:188K, Fs:88, WS:352K # 0K, PF:208K # 0K, P:208K)
[9] 0.001854 -0.001704 (2) CM -0.001672 (2) WT +J(CM:2, PgRf:16, Rd:0/1, Dy:0/0, Lg:0/0) +M(C:-16K, Fs:8, WS:-48K # 0K, PF:-16K # 0K, P:-16K)
[10] 0.000247 -0.000147 (1) CM -0.000123 (1) WT +J(CM:1, PgRf:35, Rd:0/1, Dy:0/0, Lg:0/0) +M(C:-28K, Fs:8, WS:4K # 0K, PF:-28K # 0K, P:-28K)
[11] 0.000007 +J(CM:0, PgRf:1, Rd:0/0, Dy:0/0, Lg:0/0)
[12] 0.000021 +J(CM:0, PgRf:42, Rd:0/0, Dy:0/0, Lg:0/0)
[13] 0.0 +J(0)
[14] 0.0 +J(0)
[15] 0.000002 +J(CM:0, PgRf:1, Rd:0/0, Dy:0/0, Lg:0/0)."
"9/20/2026 4:20:01 AM","105","Information","ESENT","svchost (3080,D,0) AAP: The database engine started a new instance (2). (Time=0 seconds) 
 
Additional Data:
 lgposV2[] = 00000001:0001:0000 - 00000001:00C0:02FB - 00000001:00C1:0000 - 00000001:00C1:0000 (00000000:0000:0000)
cReInits = 53
 
 
Internal Timing Sequence: 
[1] -
[2] -
[3] 0.000024 +J(0) +M(C:0K, Fs:3, WS:12K # 0K, PF:0K # 0K, P:0K)
[4] 0.000102 +J(0) +M(C:0K, Fs:7, WS:28K # 0K, PF:136K # 0K, P:136K)
[5] 0.000713 +J(0) +M(C:0K, Fs:6, WS:24K # 0K, PF:8K # 0K, P:8K)
[6] 0.001065 +J(0) +M(C:0K, Fs:1, WS:4K # 0K, PF:12K # 0K, P:12K)
[7] 0.047237 -0.043930 (11) WT +J(0) +M(C:0K, Fs:1283, WS:5120K # 1728K, PF:5132K # 1044K, P:5132K)
[8] 0.271130 -0.254293 (71) WT +J(CM:0, PgRf:0, Rd:0/0, Dy:0/0, Lg:778686/1313) +M(C:0K, Fs:1322, WS:192K # 236K, PF:60K # 104K, P:60K)
[9] 0.000433 +J(0)
[10] 0.071704 -0.069920 (10) WT +J(0) +M(C:0K, Fs:1, WS:-5116K # 0K, PF:-5124K # 0K, P:-5124K)
[11] 0.000025 +J(CM:0, PgRf:0, Rd:0/0, Dy:0/0, Lg:49/1) +M(C:0K, Fs:1, WS:4K # 0K, PF:0K # 0K, P:0K)
[12] 0.000033 +J(0)
[13] 0.052903 -0.000215 (2) CM -0.037306 (30) WT +J(CM:2, PgRf:2, Rd:0/2, Dy:0/0, Lg:8759/5) +M(C:-56K, Fs:1328, WS:-44K # 0K, PF:-112K # 0K, P:-112K)
[14] 0.000015 +J(0)
[15] 0.000013 +J(0)
[16] 0.000190 -0.000093 (1) WT +J(0) +M(C:0K, Fs:2, WS:0K # 0K, PF:0K # 0K, P:0K)."
"9/20/2026 4:20:01 AM","302","Information","ESENT","svchost (3080,U,98) AAP: The database engine has successfully completed recovery steps."
"9/20/2026 4:20:01 AM","301","Information","ESENT","svchost (3080,R,98) AAP: The database engine has finished replaying logfile C:\RemoteInstall\Mgmt\AAP.log. 
 
Processing Stats: 
[1] 0.269304 -0.253604 (68) WT +J(CM:0, PgRf:0, Rd:0/0, Dy:0/0, Lg:778686/1313) +M(C:0K, Fs:1286, WS:56K # 100K, PF:52K # 88K, P:52K). 
Log record of type 'Insert   ' was seen most frequently (326 times)"
"9/20/2026 4:20:01 AM","1000","Information","VGAuth","vmtoolsd: Username and password successfully validated for 'Administrator'"
"9/20/2026 4:20:00 AM","335","Information","ESENT","svchost (3080,R,98) AAP: Replay of a Create for database ""C:\RemoteInstall\Mgmt\binlsvcdb.mdb"" at log position (00000001,0001,0268) was deferred due to AttachFuture.  Additional information:  "
"9/20/2026 4:20:00 AM","300","Information","ESENT","svchost (3080,R,98) AAP: The database engine is initiating recovery steps."
"9/20/2026 4:20:00 AM","102","Information","ESENT","svchost (3080,P,98) AAP: The database engine (10.00.20348.0000) is starting a new instance (2)."
"9/20/2026 4:20:00 AM","517","Information","WDSServer","Provider WdsImgSrv loaded from C:\Windows\system32\WdsImgSrv.dll and initialized successfully."
"9/20/2026 4:20:00 AM","256","Information","WDSIMGSRV","The Windows Deployment Services image server initialized successfully. 
"
"9/20/2026 4:20:00 AM","1000","Information","VGAuth","vmtoolsd: Username and password successfully validated for 'Administrator'"
"9/20/2026 4:19:58 AM","1000","Information","VGAuth","vmtoolsd: Username and password successfully validated for 'Administrator'"
"9/20/2026 4:19:57 AM","1000","Information","VGAuth","vmtoolsd: Username and password successfully validated for 'Administrator'"
"9/20/2026 4:19:57 AM","1000","Information","VGAuth","vmtoolsd: Username and password successfully validated for 'Administrator'"
"9/20/2026 4:19:57 AM","1000","Information","VGAuth","vmtoolsd: Username and password successfully validated for 'Administrator'"
"9/20/2026 4:19:56 AM","1000","Information","VGAuth","vmtoolsd: Username and password successfully validated for 'Administrator'"
"9/20/2026 4:19:56 AM","1704","Information","SceCli","Security policy in the Group policy objects has been applied successfully."
"9/20/2026 4:19:55 AM","1000","Information","VGAuth","vmtoolsd: Username and password successfully validated for 'Administrator'"
"9/20/2026 4:19:55 AM","1000","Information","VGAuth","vmtoolsd: Username and password successfully validated for 'Administrator'"
"9/20/2026 4:19:55 AM","1000","Information","VGAuth","vmtoolsd: Username and password successfully validated for 'Administrator'"
"9/20/2026 4:19:55 AM","1000","Information","VGAuth","vmtoolsd: Username and password successfully validated for 'Administrator'"
"9/20/2026 4:19:55 AM","1000","Information","VGAuth","vmtoolsd: Username and password successfully validated for 'Administrator'"
"9/20/2026 4:19:55 AM","1000","Information","VGAuth","vmtoolsd: Username and password successfully validated for 'Administrator'"
"9/20/2026 4:19:55 AM","517","Information","WDSServer","Provider WDSDDPS loaded from C:\Windows\system32\wdsddps.dll and initialized successfully."
"9/20/2026 4:19:55 AM","326","Information","ESENT","certsrv.exe (1996,D,50) The database engine attached a database (1, C:\Windows\system32\CertLog\scaffold-DC-CA.edb). (Time=0 seconds) 
 
Saved Cache: 0 0 
Additional Data: lgposAttach = 00000005:00BB:0268,
dbv = 1568.180.400 (9360) 
 
Internal Timing Sequence: 
[1] 0.000003 +J(0) +M(C:0K, Fs:1, WS:4K # 0K, PF:0K # 0K, P:0K)
[2] 0.000596 -0.000376 (1) WT +J(0) +M(C:0K, Fs:18, WS:8K # 0K, PF:4K # 0K, P:4K)
[3] 0.004281 -0.001423 (6) WT +J(CM:0, PgRf:0, Rd:0/0, Dy:0/0, Lg:3480/2) +M(C:0K, Fs:25, WS:96K # 0K, PF:120K # 0K, P:120K)
[4] 0.000054 +J(0)
[5] -
[6] -
[7] -
[8] 0.000541 -0.000319 (2) CM -0.000229 (2) WT +J(CM:2, PgRf:2, Rd:14/2, Dy:0/0, Lg:54/1) +M(C:0K, Fs:40, WS:160K # 0K, PF:152K # 0K, P:152K)
[9] 0.000912 -0.000743 (3) CM -0.000675 (3) WT +J(CM:3, PgRf:23, Rd:0/2, Dy:0/0, Lg:0/0) +M(C:0K, Fs:31, WS:124K # 0K, PF:196K # 0K, P:196K)
[10] 0.000201 -0.000138 (1) CM -0.000111 (1) WT +J(CM:1, PgRf:40, Rd:0/1, Dy:0/0, Lg:0/0) +M(C:0K, Fs:5, WS:20K # 0K, PF:64K # 0K, P:64K)
[11] 0.000010 +J(CM:0, PgRf:1, Rd:0/0, Dy:0/0, Lg:0/0) +M(C:0K, Fs:4, WS:16K # 0K, PF:0K # 0K, P:0K)
[12] 0.000021 +J(CM:0, PgRf:42, Rd:0/0, Dy:0/0, Lg:0/0) +M(C:0K, Fs:1, WS:4K # 0K, PF:0K # 0K, P:0K)
[13] 0.0 +J(0)
[14] 0.0 +J(0)
[15] 0.000002 +J(CM:0, PgRf:1, Rd:0/0, Dy:0/0, Lg:0/0)."
"9/20/2026 4:19:55 AM","105","Information","ESENT","certsrv.exe (1996,D,0) The database engine started a new instance (0). (Time=0 seconds) 
 
Additional Data:
  
 
Internal Timing Sequence: 
[1] 0.000755 +J(0) +M(C:0K, Fs:128, WS:496K # 496K, PF:2416K # 2148K, P:2416K)
[2] 0.000667 +J(0) +M(C:3200K, Fs:186, WS:728K # 728K, PF:4136K # 4136K, P:4136K)
[3] 0.000026 +J(0) +M(C:0K, Fs:4, WS:12K # 12K, PF:68K # 68K, P:68K)
[4] 0.000112 +J(0) +M(C:0K, Fs:18, WS:72K # 72K, PF:496K # 496K, P:496K)
[5] 0.000434 +J(0) +M(C:0K, Fs:9, WS:36K # 36K, PF:36K # 36K, P:36K)
[6] 0.001819 +J(0) +M(C:0K, Fs:30, WS:116K # 116K, PF:16K # 16K, P:16K)
[7] 0.004495 -0.002267 (3) WT +J(0) +M(C:0K, Fs:274, WS:1096K # 1096K, PF:1024K # 1024K, P:1024K)
[8] -
[9] -
[10] -
[11] -
[12] -
[13] 0.004966 -0.002149 (4) WT +J(CM:0, PgRf:0, Rd:0/0, Dy:0/0, Lg:616/1) +M(C:0K, Fs:6, WS:-1008K # 16K, PF:-1020K # 12K, P:-1020K)
[14] 0.000011 +J(0) +M(C:0K, Fs:1, WS:4K # 0K, PF:0K # 0K, P:0K)
[15] 0.000404 +J(0) +M(C:0K, Fs:100, WS:400K # 0K, PF:64K # 0K, P:64K)
[16] 0.000242 -0.000133 (1) WT +J(0) +M(C:0K, Fs:3, WS:4K # 0K, PF:0K # 0K, P:0K)."
"9/20/2026 4:19:55 AM","326","Information","ESENT","svchost (3080,D,50) DDP: The database engine attached a database (3, C:\RemoteInstall\Stores\Drivers\Metadata\DdpDb.mdb). (Time=0 seconds) 
 
Saved Cache: 1 0 
Additional Data: lgposAttach = 00000001:00F1:0268,
dbv = 1568.180.400 (9360) 
 
Internal Timing Sequence: 
[1] 0.000002 +J(0)
[2] 0.000536 -0.000263 (1) WT +J(0) +M(C:0K, Fs:24, WS:32K # 0K, PF:32K # 0K, P:32K)
[3] 0.002851 -0.001273 (6) WT +J(CM:0, PgRf:0, Rd:0/0, Dy:0/0, Lg:3480/2) +M(C:0K, Fs:13, WS:20K # 0K, PF:20K # 0K, P:20K)
[4] 0.000104 +J(0)
[5] -
[6] -
[7] -
[8] 0.000212 +J(CM:0, PgRf:2, Rd:6/0, Dy:0/0, Lg:54/1) +M(C:168K, Fs:43, WS:172K # 0K, PF:188K # 0K, P:188K)
[9] 0.003392 -0.000940 (2) CM -0.002938 (3) WT +J(CM:2, PgRf:16, Rd:0/2, Dy:0/0, Lg:0/0) +M(C:-12K, Fs:18, WS:-4K # 0K, PF:-12K # 0K, P:-12K)
[10] 0.000567 -0.000447 (2) CM -0.000395 (2) WT +J(CM:2, PgRf:35, Rd:0/2, Dy:0/0, Lg:0/0) +M(C:-28K, Fs:6, WS:-24K # 0K, PF:-28K # 0K, P:-28K)
[11] 0.000007 +J(CM:0, PgRf:1, Rd:0/0, Dy:0/0, Lg:0/0)
[12] 0.000020 +J(CM:0, PgRf:42, Rd:0/0, Dy:0/0, Lg:0/0)
[13] 0.0 +J(0)
[14] 0.0 +J(0)
[15] 0.000002 +J(CM:0, PgRf:1, Rd:0/0, Dy:0/0, Lg:0/0)."
"9/20/2026 4:19:55 AM","105","Information","ESENT","svchost (3080,D,0) DDP: The database engine started a new instance (1). (Time=0 seconds) 
 
Additional Data:
 lgposV2[] = 00000001:0001:0000 - 00000001:00EE:0319 - 00000001:00EF:0000 - 00000001:00EF:0000 (00000000:0000:0000)
cReInits = 53
 
 
Internal Timing Sequence: 
[1] -
[2] -
[3] 0.000026 +J(0) +M(C:0K, Fs:3, WS:12K # 12K, PF:0K # 0K, P:0K)
[4] 0.000152 +J(0) +M(C:0K, Fs:11, WS:44K # 44K, PF:160K # 0K, P:160K)
[5] 0.000393 +J(0) +M(C:0K, Fs:4, WS:16K # 16K, PF:16K # 0K, P:16K)
[6] 0.001619 +J(0) +M(C:0K, Fs:2, WS:8K # 8K, PF:16K # 0K, P:16K)
[7] 0.015156 -0.003946 (11) WT +J(0) +M(C:0K, Fs:1283, WS:5120K # 5120K, PF:5132K # 4484K, P:5132K)
[8] 0.051423 -0.025847 (71) WT +J(CM:0, PgRf:0, Rd:0/0, Dy:0/0, Lg:965262/1808) +M(C:0K, Fs:1321, WS:188K # 232K, PF:64K # 108K, P:64K)
[9] 0.000533 +J(0)
[10] 0.012318 -0.010718 (10) WT +J(0) +M(C:0K, Fs:7, WS:-5088K # 0K, PF:-5124K # 0K, P:-5124K)
[11] 0.000023 +J(CM:0, PgRf:0, Rd:0/0, Dy:0/0, Lg:49/1) +M(C:0K, Fs:1, WS:4K # 0K, PF:0K # 0K, P:0K)
[12] 0.000031 +J(0)
[13] 0.027426 -0.002017 (2) CM -0.014952 (30) WT +J(CM:2, PgRf:2, Rd:0/2, Dy:0/0, Lg:8759/5) +M(C:-56K, Fs:1311, WS:-112K # 0K, PF:-112K # 0K, P:-112K)
[14] 0.000011 +J(0)
[15] 0.000018 +J(0)
[16] 0.000327 -0.000224 (1) WT +J(0) +M(C:0K, Fs:2, WS:0K # 0K, PF:0K # 0K, P:0K)."
"9/20/2026 4:19:55 AM","102","Information","ESENT","certsrv.exe (1996,P,98) The database engine (10.00.20348.0000) is starting a new instance (0)."
"9/20/2026 4:19:55 AM","302","Information","ESENT","svchost (3080,U,98) DDP: The database engine has successfully completed recovery steps."
"9/20/2026 4:19:55 AM","301","Information","ESENT","svchost (3080,R,98) DDP: The database engine has finished replaying logfile C:\RemoteInstall\Stores\Drivers\Metadata\DDP.log. 
 
Processing Stats: 
[1] 0.049855 -0.025377 (68) WT +J(CM:0, PgRf:0, Rd:0/0, Dy:0/0, Lg:965262/1808) +M(C:0K, Fs:1286, WS:56K # 100K, PF:56K # 92K, P:56K). 
Log record of type 'Insert   ' was seen most frequently (479 times)"
"9/20/2026 4:19:55 AM","335","Information","ESENT","svchost (3080,R,98) DDP: Replay of a Create for database ""C:\RemoteInstall\Stores\Drivers\Metadata\DdpDb.mdb"" at log position (00000001,0001,0268) was deferred due to AttachFuture.  Additional information:  "
"9/20/2026 4:19:55 AM","300","Information","ESENT","svchost (3080,R,98) DDP: The database engine is initiating recovery steps."
"9/20/2026 4:19:55 AM","102","Information","ESENT","svchost (3080,P,98) DDP: The database engine (10.00.20348.0000) is starting a new instance (1)."
"9/20/2026 4:19:55 AM","517","Information","WDSServer","Provider WDSDCPXE loaded from C:\Windows\system32\wdsdcpxe.dll and initialized successfully."
"9/20/2026 4:19:55 AM","517","Information","WDSServer","Provider WDSDCMGR loaded from C:\Windows\system32\wdsdcmgr.dll and initialized successfully."
"9/20/2026 4:19:54 AM","1000","Information","VGAuth","vmtoolsd: Username and password successfully validated for 'Administrator'"
"9/20/2026 4:19:48 AM","1000","Information","VGAuth","vmtoolsd: Username and password successfully validated for 'Administrator'"
"9/20/2026 4:19:48 AM","3408","Information","MSSQL$SQLEXPRESS","Recovery is complete. This is an informational message only. No user action is required."
"9/20/2026 4:19:48 AM","9688","Information","MSSQL$SQLEXPRESS","Service Broker manager has started."
"9/20/2026 4:19:48 AM","9666","Information","MSSQL$SQLEXPRESS","The Database Mirroring endpoint is in disabled or stopped state."
"9/20/2026 4:19:48 AM","9666","Information","MSSQL$SQLEXPRESS","The Service Broker endpoint is in disabled or stopped state."
"9/20/2026 4:19:48 AM","17137","Information","MSSQL$SQLEXPRESS","Starting up database 'tempdb'."
"9/20/2026 4:19:48 AM","26067","Information","MSSQL$SQLEXPRESS","The SQL Server Network Interface library could not register the Service Principal Name (SPN) [ MSSQLSvc/dc.scaffold.htb:52951 ] for the SQL Server service. Windows return code: 0x2098, state: 15. Failure to register a SPN might cause integrated authentication to use NTLM instead of Kerberos. This is an informational message. Further action is only required if Kerberos authentication is required by authentication policies and if the SPN has not been manually registered."
"9/20/2026 4:19:48 AM","26067","Information","MSSQL$SQLEXPRESS","The SQL Server Network Interface library could not register the Service Principal Name (SPN) [ MSSQLSvc/dc.scaffold.htb:SQLEXPRESS ] for the SQL Server service. Windows return code: 0x2098, state: 15. Failure to register a SPN might cause integrated authentication to use NTLM instead of Kerberos. This is an informational message. Further action is only required if Kerberos authentication is required by authentication policies and if the SPN has not been manually registered."
"9/20/2026 4:19:48 AM","17126","Information","MSSQL$SQLEXPRESS","SQL Server is now ready for client connections. This is an informational message; no user action is required."
"9/20/2026 4:19:48 AM","26076","Information","MSSQL$SQLEXPRESS","SQL Server is attempting to register a Service Principal Name (SPN) for the SQL Server service. Kerberos authentication will not be possible until a SPN is registered for the SQL Server service. This is an informational message. No user action is required."
"9/20/2026 4:19:48 AM","17199","Information","MSSQL$SQLEXPRESS","Dedicated administrator connection support was not started because it is disabled on this edition of SQL Server. If you want to use a dedicated administrator connection, restart SQL Server using the trace flag 7806. This is an informational message only. No user action is required."
"9/20/2026 4:19:48 AM","26048","Information","MSSQL$SQLEXPRESS","Server local connection provider is ready to accept connection on [ \\.\pipe\MSSQL$SQLEXPRESS\sql\query ]."
"9/20/2026 4:19:48 AM","26048","Information","MSSQL$SQLEXPRESS","Server local connection provider is ready to accept connection on [ \\.\pipe\SQLLocal\SQLEXPRESS ]."
"9/20/2026 4:19:48 AM","26022","Information","MSSQL$SQLEXPRESS","Server is listening on [ 'any' <ipv4> 52951]."
"9/20/2026 4:19:48 AM","26022","Information","MSSQL$SQLEXPRESS","Server is listening on [ 'any' <ipv6> 52951]."
"9/20/2026 4:19:48 AM","26018","Information","MSSQL$SQLEXPRESS","A self-generated certificate was successfully loaded for encryption."
"9/20/2026 4:19:48 AM","17136","Information","MSSQL$SQLEXPRESS","Clearing tempdb database."
"9/20/2026 4:19:48 AM","1000","Information","VGAuth","vmtoolsd: Username and password successfully validated for 'Administrator'"
"9/20/2026 4:19:48 AM","17137","Information","MSSQL$SQLEXPRESS","Starting up database 'model'."
"9/20/2026 4:19:48 AM","958","Information","MSSQL$SQLEXPRESS","The resource database build version is 15.00.2000. This is an informational message only. No user action is required."
"9/20/2026 4:19:47 AM","17137","Information","MSSQL$SQLEXPRESS","Starting up database 'mssqlsystemresource'."
"9/20/2026 4:19:47 AM","17137","Information","MSSQL$SQLEXPRESS","Starting up database 'msdb'."
"9/20/2026 4:19:47 AM","17663","Information","MSSQL$SQLEXPRESS","Server name is 'DC\SQLEXPRESS'. This is an informational message only. No user action is required."
"9/20/2026 4:19:47 AM","19030","Information","MSSQL$SQLEXPRESS","SQL Trace ID 1 was started by login ""sa""."
"9/20/2026 4:19:47 AM","1000","Information","VGAuth","vmtoolsd: Username and password successfully validated for 'Administrator'"
"9/20/2026 4:19:47 AM","33218","Information","MSSQL$SQLEXPRESS","SQL Server Audit has started the audits. This is an informational message. No user action is required."
"9/20/2026 4:19:47 AM","33217","Information","MSSQL$SQLEXPRESS","SQL Server Audit is starting the audits. This is an informational message. No user action is required."
"9/20/2026 4:19:46 AM","1000","Information","VGAuth","vmtoolsd: Username and password successfully validated for 'Administrator'"
"9/20/2026 4:19:45 AM","6253","Information","MSSQL$SQLEXPRESS","Common language runtime (CLR) functionality initialized using CLR version v4.0.30319 from C:\Windows\Microsoft.NET\Framework64\v4.0.30319\."
"9/20/2026 4:19:45 AM","17137","Information","MSSQL$SQLEXPRESS","Starting up database 'master'."
"9/20/2026 4:19:45 AM","1000","Information","VGAuth","vmtoolsd: Username and password successfully validated for 'Administrator'"
"9/20/2026 4:19:43 AM","49910","Information","MSSQL$SQLEXPRESS","Software Usage Metrics is disabled."
"9/20/2026 4:19:43 AM","9048","Information","MSSQL$SQLEXPRESS","clwb is selected for pmem flush operation."
"9/20/2026 4:19:43 AM","49921","Information","MSSQL$SQLEXPRESS","Total Log Writer threads: 1. This is an informational message; no user action is required."
"9/20/2026 4:19:43 AM","17118","Information","MSSQL$SQLEXPRESS","Database Instant File Initialization: disabled. For security and performance considerations see the topic 'Database Instant File Initialization' in SQL Server Books Online. This is an informational message only. No user action is required."
"9/20/2026 4:19:43 AM","1000","Information","VGAuth","vmtoolsd: Username and password successfully validated for 'Administrator'"
"9/20/2026 4:19:43 AM","1000","Information","VGAuth","vmtoolsd: Username and password successfully validated for 'Administrator'"
"9/20/2026 4:19:43 AM","1000","Information","VGAuth","vmtoolsd: Username and password successfully validated for 'Administrator'"
"9/20/2026 4:19:43 AM","17125","Information","MSSQL$SQLEXPRESS","Using dynamic lock allocation.  Initial allocation of 2500 Lock blocks and 5000 Lock Owner blocks per node.  This is an informational message only.  No user action is required."
"9/20/2026 4:19:43 AM","1000","Information","VGAuth","vmtoolsd: Username and password successfully validated for 'Administrator'"
"9/20/2026 4:19:43 AM","17152","Information","MSSQL$SQLEXPRESS","Node configuration: node 0: CPU mask: 0x0000000000000003:0 Active CPU mask: 0x0000000000000003:0. This message provides a description of the NUMA configuration for this computer. This is an informational message only. No user action is required."
"9/20/2026 4:19:43 AM","17811","Information","MSSQL$SQLEXPRESS","The maximum number of dedicated administrator connections for this instance is '1'"
"9/20/2026 4:19:43 AM","17176","Information","MSSQL$SQLEXPRESS","This instance of SQL Server last reported using a process ID of 3884 at 9/7/2026 9:38:14 PM (local) 9/8/2026 4:38:14 AM (UTC). This is an informational message only; no user action is required."
"9/20/2026 4:19:43 AM","1000","Information","VGAuth","vmtoolsd: Username and password successfully validated for 'Administrator'"
"9/20/2026 4:19:43 AM","1000","Information","VGAuth","vmtoolsd: Username and password successfully validated for 'Administrator'"
"9/20/2026 4:19:42 AM","873","Information","MSSQL$SQLEXPRESS","Buffer pool extension is already disabled. No action is necessary."
"9/20/2026 4:19:42 AM","49917","Information","MSSQL$SQLEXPRESS","Default collation: SQL_Latin1_General_CP1_CI_AS (us_english 1033)"
"9/20/2026 4:19:41 AM","894","Information","MSSQL$SQLEXPRESS","Buffer Pool: Allocating 1048576 bytes for 609237 hashPages."
"9/20/2026 4:19:40 AM","1023","Error","Microsoft-Windows-Perflib","Windows cannot load the extensible counter DLL ""C:\Windows\system32\ntdsperf.dll"" (Win32 error code The specified module could not be found.)."
"9/20/2026 4:19:41 AM","852","Information","MSSQL$SQLEXPRESS","Using conventional memory in the memory manager."
"9/20/2026 4:19:41 AM","49903","Information","MSSQL$SQLEXPRESS","Detected 4095 MB of RAM. This is an informational message; no user action is required."
"9/20/2026 4:19:41 AM","17162","Information","MSSQL$SQLEXPRESS","SQL Server is starting at normal priority base (=7). This is an informational message only. No user action is required."
"9/20/2026 4:19:41 AM","17164","Information","MSSQL$SQLEXPRESS","SQL Server detected 1 sockets with 2 cores per socket and 2 logical processors per socket, 2 total logical processors; using 2 logical processors based on SQL Server licensing. This is an informational message; no user action is required."
"9/20/2026 4:19:41 AM","17115","Information","MSSQL$SQLEXPRESS","Command Line Startup Parameters:
	 -s ""SQLEXPRESS"""
"9/20/2026 4:19:41 AM","17110","Information","MSSQL$SQLEXPRESS","Registry startup parameters: 
	 -d C:\Program Files\Microsoft SQL Server\MSSQL15.SQLEXPRESS\MSSQL\DATA\master.mdf
	 -e C:\Program Files\Microsoft SQL Server\MSSQL15.SQLEXPRESS\MSSQL\Log\ERRORLOG
	 -l C:\Program Files\Microsoft SQL Server\MSSQL15.SQLEXPRESS\MSSQL\DATA\mastlog.ldf"
"9/20/2026 4:19:41 AM","49904","Information","MSSQL$SQLEXPRESS","The service account is 'NT Service\MSSQL$SQLEXPRESS'. This is an informational message; no user action is required."
"9/20/2026 4:19:41 AM","17111","Information","MSSQL$SQLEXPRESS","Logging SQL Server messages in file 'C:\Program Files\Microsoft SQL Server\MSSQL15.SQLEXPRESS\MSSQL\Log\ERRORLOG'."
"9/20/2026 4:19:41 AM","15268","Information","MSSQL$SQLEXPRESS","Authentication mode is MIXED."
"9/20/2026 4:19:41 AM","18496","Information","MSSQL$SQLEXPRESS","System Manufacturer: 'VMware, Inc.', System Model: 'VMware20,1'."
"9/20/2026 4:19:41 AM","17104","Information","MSSQL$SQLEXPRESS","Server process ID is 4472."
"9/20/2026 4:19:41 AM","17103","Information","MSSQL$SQLEXPRESS","All rights reserved."
"9/20/2026 4:19:41 AM","17101","Information","MSSQL$SQLEXPRESS","(c) Microsoft Corporation."
"9/20/2026 4:19:41 AM","49916","Information","MSSQL$SQLEXPRESS","UTC adjustment: -7:00"
"9/20/2026 4:19:41 AM","17069","Information","MSSQL$SQLEXPRESS","Microsoft SQL Server 2019 (RTM) - 15.0.2000.5 (X64) 
	Sep 24 2019 13:48:23 
	Copyright (C) 2019 Microsoft Corporation
	Express Edition (64-bit) on Windows Server 2022 Datacenter 10.0 <X64> (Build 20348: ) (Hypervisor)
"
"9/20/2026 4:19:40 AM","1000","Information","VGAuth","vmtoolsd: Username and password successfully validated for 'Administrator'"
"9/20/2026 4:19:37 AM","903","Information","Microsoft-Windows-Security-SPP","The Software Protection service has stopped.
"
"9/20/2026 4:19:37 AM","16384","Information","Microsoft-Windows-Security-SPP","Successfully scheduled Software Protection service for re-start at 2026-09-21T11:18:37Z. Reason: RulesEngine."
"9/20/2026 4:19:33 AM","1000","Information","VGAuth","vmtoolsd: Username and password mismatch for 'Administrator'"
"9/20/2026 4:19:28 AM","9027","Information","Desktop Window Manager","The Desktop Window Manager has registered the session port."
"9/20/2026 4:19:26 AM","1000","Information","VGAuth","vmtoolsd: Username and password mismatch for 'Administrator'"
"9/20/2026 4:19:21 AM","271","Information","VMUpgradeHelper","Restored network configuration."
"9/20/2026 4:19:18 AM","258","Information","VMUpgradeHelper","Restoring network configuration."
"9/20/2026 4:19:18 AM","4202","Information","Microsoft-Windows-MSDTC 2","MSDTC started with the following settings: Security Configuration (OFF = 0 and ON = 1): Allow Remote Administrator = 0, Network Clients = 0, Transaction Manager Communication:  Allow Inbound Transactions = 0, Allow Outbound Transactions = 0, Transaction Internet Protocol (TIP) = 0,  Enable XA Transactions = 0,  Enable SNA LU 6.2 Transactions = 1,  MSDTC Communications Security = Mutual Authentication Required, Account = NT AUTHORITY\NetworkService,  Firewall Exclusion Detected = 0 Transaction Bridge Installed = 0 Filtering Duplicate Events = 1"
"9/20/2026 4:19:16 AM","781","Information","Microsoft-Windows-Complus","The COM+ sub system is suppressing duplicate event log entries for a duration of 86400 seconds.  The suppression timeout can be controlled by a REG_DWORD value named SuppressDuplicateDuration under the following registry key: HKLM\Software\Microsoft\COM3\Eventlog."
