"9/1/2026 7:25:14 PM","1001","Information","Microsoft-Windows-Wininit","

Checking file system on C:
The type of the file system is NTFS.


One of your disks needs to be checked for consistency. You
may cancel the disk check, but it is strongly recommended
that you continue.
Windows will now check the disk.                         

Stage 1: Examining basic file system structure ...
  137728 file records processed.                                                        

File verification completed.
 Phase duration (File record verification): 3.73 seconds.
  3321 large file records processed.                                   

 Phase duration (Orphan file record recovery): 0.00 milliseconds.
  0 bad file records processed.                                     

 Phase duration (Bad file record checking): 0.10 milliseconds.

Stage 2: Examining file name linkage ...
  210 reparse records processed.                                      

  207080 index entries processed.                                                       

Index verification completed.
 Phase duration (Index verification): 18.04 seconds.
  0 unindexed files scanned.                                        

 Phase duration (Orphan reconnection): 131.09 milliseconds.
  0 unindexed files recovered to lost and found.                    

 Phase duration (Orphan recovery to lost and found): 195.73 milliseconds.
  210 reparse records processed.                                      

 Phase duration (Reparse point and Object ID verification): 6.19 milliseconds.

Stage 3: Examining security descriptors ...
Cleaning up 369 unused index entries from index $SII of file 0x9.
Cleaning up 369 unused index entries from index $SDH of file 0x9.
Cleaning up 369 unused security descriptors.
Security descriptor verification completed.
 Phase duration (Security descriptor verification): 66.74 milliseconds.
  34677 data files processed.                                           

 Phase duration (Data attribute verification): 1.82 milliseconds.
CHKDSK is verifying Usn Journal...
  102229176 USN bytes processed.                                                           

Usn Journal verification completed.
 Phase duration (USN journal verification): 1.00 seconds.

Windows has scanned the file system and found no problems.
No further action is required.

  27139068 KB total disk space.
  18586136 KB in 99163 files.
     74672 KB in 34678 indexes.
         0 KB in bad sectors.
    269536 KB in use by the system.
     29648 KB occupied by the log file.
   8208724 KB available on disk.

      4096 bytes in each allocation unit.
   6784767 total allocation units on disk.
   2052181 allocation units available on disk.
Total duration: 23.43 seconds (23437 ms).

Internal Info:
00 1a 02 00 dc 0a 02 00 5c 0c 04 00 00 00 00 00  ........\.......
4b 00 00 00 87 00 00 00 00 00 00 00 00 00 00 00  K...............
"
"9/1/2026 7:25:10 PM","1000","Information","VGAuth","vmtoolsd: Username and password mismatch for 'Administrator'"
"9/1/2026 7:25:09 PM","26067","Information","MSSQL$SQLEXPRESS","The SQL Server Network Interface library could not register the Service Principal Name (SPN) [ MSSQLSvc/dc.scaffold.htb:52951 ] for the SQL Server service. Windows return code: 0x54b, state: 3. Failure to register a SPN might cause integrated authentication to use NTLM instead of Kerberos. This is an informational message. Further action is only required if Kerberos authentication is required by authentication policies and if the SPN has not been manually registered."
"9/1/2026 7:25:09 PM","26067","Information","MSSQL$SQLEXPRESS","The SQL Server Network Interface library could not register the Service Principal Name (SPN) [ MSSQLSvc/dc.scaffold.htb:SQLEXPRESS ] for the SQL Server service. Windows return code: 0x54b, state: 3. Failure to register a SPN might cause integrated authentication to use NTLM instead of Kerberos. This is an informational message. Further action is only required if Kerberos authentication is required by authentication policies and if the SPN has not been manually registered."
"9/1/2026 7:25:04 PM","3408","Information","MSSQL$SQLEXPRESS","Recovery is complete. This is an informational message only. No user action is required."
"9/1/2026 7:25:04 PM","9688","Information","MSSQL$SQLEXPRESS","Service Broker manager has started."
"9/1/2026 7:25:04 PM","9666","Information","MSSQL$SQLEXPRESS","The Database Mirroring endpoint is in disabled or stopped state."
"9/1/2026 7:25:04 PM","9666","Information","MSSQL$SQLEXPRESS","The Service Broker endpoint is in disabled or stopped state."
"9/1/2026 7:25:04 PM","17137","Information","MSSQL$SQLEXPRESS","Starting up database 'tempdb'."
"9/1/2026 7:25:04 PM","17136","Information","MSSQL$SQLEXPRESS","Clearing tempdb database."
"9/1/2026 7:25:04 PM","26076","Information","MSSQL$SQLEXPRESS","SQL Server is attempting to register a Service Principal Name (SPN) for the SQL Server service. Kerberos authentication will not be possible until a SPN is registered for the SQL Server service. This is an informational message. No user action is required."
"9/1/2026 7:25:04 PM","17126","Information","MSSQL$SQLEXPRESS","SQL Server is now ready for client connections. This is an informational message; no user action is required."
"9/1/2026 7:25:04 PM","17199","Information","MSSQL$SQLEXPRESS","Dedicated administrator connection support was not started because it is disabled on this edition of SQL Server. If you want to use a dedicated administrator connection, restart SQL Server using the trace flag 7806. This is an informational message only. No user action is required."
"9/1/2026 7:25:04 PM","26048","Information","MSSQL$SQLEXPRESS","Server local connection provider is ready to accept connection on [ \\.\pipe\MSSQL$SQLEXPRESS\sql\query ]."
"9/1/2026 7:25:04 PM","26048","Information","MSSQL$SQLEXPRESS","Server local connection provider is ready to accept connection on [ \\.\pipe\SQLLocal\SQLEXPRESS ]."
"9/1/2026 7:25:04 PM","26022","Information","MSSQL$SQLEXPRESS","Server is listening on [ 'any' <ipv4> 52951]."
"9/1/2026 7:25:04 PM","26022","Information","MSSQL$SQLEXPRESS","Server is listening on [ 'any' <ipv6> 52951]."
"9/1/2026 7:25:04 PM","26018","Information","MSSQL$SQLEXPRESS","A self-generated certificate was successfully loaded for encryption."
"9/1/2026 7:25:04 PM","17137","Information","MSSQL$SQLEXPRESS","Starting up database 'model'."
"9/1/2026 7:25:04 PM","958","Information","MSSQL$SQLEXPRESS","The resource database build version is 15.00.2000. This is an informational message only. No user action is required."
"9/1/2026 7:25:04 PM","17137","Information","MSSQL$SQLEXPRESS","Starting up database 'mssqlsystemresource'."
"9/1/2026 7:25:04 PM","17137","Information","MSSQL$SQLEXPRESS","Starting up database 'msdb'."
"9/1/2026 7:25:04 PM","17663","Information","MSSQL$SQLEXPRESS","Server name is 'DC\SQLEXPRESS'. This is an informational message only. No user action is required."
"9/1/2026 7:25:04 PM","19030","Information","MSSQL$SQLEXPRESS","SQL Trace ID 1 was started by login ""sa""."
"9/1/2026 7:25:03 PM","33218","Information","MSSQL$SQLEXPRESS","SQL Server Audit has started the audits. This is an informational message. No user action is required."
"9/1/2026 7:25:03 PM","33217","Information","MSSQL$SQLEXPRESS","SQL Server Audit is starting the audits. This is an informational message. No user action is required."
"9/1/2026 7:25:03 PM","6253","Information","MSSQL$SQLEXPRESS","Common language runtime (CLR) functionality initialized using CLR version v4.0.30319 from C:\Windows\Microsoft.NET\Framework64\v4.0.30319\."
"9/1/2026 7:25:03 PM","17137","Information","MSSQL$SQLEXPRESS","Starting up database 'master'."
"9/1/2026 7:25:03 PM","49910","Information","MSSQL$SQLEXPRESS","Software Usage Metrics is disabled."
"9/1/2026 7:25:03 PM","9048","Information","MSSQL$SQLEXPRESS","clwb is selected for pmem flush operation."
"9/1/2026 7:25:03 PM","49921","Information","MSSQL$SQLEXPRESS","Total Log Writer threads: 1. This is an informational message; no user action is required."
"9/1/2026 7:25:03 PM","17118","Information","MSSQL$SQLEXPRESS","Database Instant File Initialization: disabled. For security and performance considerations see the topic 'Database Instant File Initialization' in SQL Server Books Online. This is an informational message only. No user action is required."
"9/1/2026 7:25:03 PM","17125","Information","MSSQL$SQLEXPRESS","Using dynamic lock allocation.  Initial allocation of 2500 Lock blocks and 5000 Lock Owner blocks per node.  This is an informational message only.  No user action is required."
"9/1/2026 7:25:03 PM","17152","Information","MSSQL$SQLEXPRESS","Node configuration: node 0: CPU mask: 0x0000000000000003:0 Active CPU mask: 0x0000000000000003:0. This message provides a description of the NUMA configuration for this computer. This is an informational message only. No user action is required."
"9/1/2026 7:25:03 PM","17176","Information","MSSQL$SQLEXPRESS","This instance of SQL Server last reported using a process ID of 3236 at 9/1/2026 7:17:51 PM (local) 9/2/2026 2:17:51 AM (UTC). This is an informational message only; no user action is required."
"9/1/2026 7:25:03 PM","17811","Information","MSSQL$SQLEXPRESS","The maximum number of dedicated administrator connections for this instance is '1'"
"9/1/2026 7:25:02 PM","271","Information","VMUpgradeHelper","Restored network configuration."
"9/1/2026 7:25:01 PM","873","Information","MSSQL$SQLEXPRESS","Buffer pool extension is already disabled. No action is necessary."
"9/1/2026 7:25:01 PM","258","Information","VMUpgradeHelper","Restoring network configuration."
"9/1/2026 7:25:01 PM","4202","Information","Microsoft-Windows-MSDTC 2","MSDTC started with the following settings: Security Configuration (OFF = 0 and ON = 1): Allow Remote Administrator = 0, Network Clients = 0, Transaction Manager Communication:  Allow Inbound Transactions = 0, Allow Outbound Transactions = 0, Transaction Internet Protocol (TIP) = 0,  Enable XA Transactions = 0,  Enable SNA LU 6.2 Transactions = 1,  MSDTC Communications Security = Mutual Authentication Required, Account = NT AUTHORITY\NetworkService,  Firewall Exclusion Detected = 0 Transaction Bridge Installed = 0 Filtering Duplicate Events = 1"
"9/1/2026 7:25:00 PM","0","Information","Microsoft Deployment Toolkit Monitor Service","Service started successfully."
"9/1/2026 7:24:59 PM","5617","Information","Microsoft-Windows-WMI","Windows Management Instrumentation Service subsystems initialized successfully"
"9/1/2026 7:24:59 PM","49917","Information","MSSQL$SQLEXPRESS","Default collation: SQL_Latin1_General_CP1_CI_AS (us_english 1033)"
"9/1/2026 7:24:59 PM","781","Information","Microsoft-Windows-Complus","The COM+ sub system is suppressing duplicate event log entries for a duration of 86400 seconds.  The suppression timeout can be controlled by a REG_DWORD value named SuppressDuplicateDuration under the following registry key: HKLM\Software\Microsoft\COM3\Eventlog."
"9/1/2026 7:24:59 PM","6003","Information","Microsoft-Windows-Winlogon","The winlogon notification subscriber <TrustedInstaller> was unavailable to handle a critical notification event."
"9/1/2026 7:24:59 PM","894","Information","MSSQL$SQLEXPRESS","Buffer Pool: Allocating 1048576 bytes for 636136 hashPages."
"9/1/2026 7:24:59 PM","852","Information","MSSQL$SQLEXPRESS","Using conventional memory in the memory manager."
"9/1/2026 7:24:59 PM","49903","Information","MSSQL$SQLEXPRESS","Detected 4095 MB of RAM. This is an informational message; no user action is required."
"9/1/2026 7:24:59 PM","17162","Information","MSSQL$SQLEXPRESS","SQL Server is starting at normal priority base (=7). This is an informational message only. No user action is required."
"9/1/2026 7:24:59 PM","17164","Information","MSSQL$SQLEXPRESS","SQL Server detected 1 sockets with 2 cores per socket and 2 logical processors per socket, 2 total logical processors; using 2 logical processors based on SQL Server licensing. This is an informational message; no user action is required."
"9/1/2026 7:24:58 PM","9027","Information","Desktop Window Manager","The Desktop Window Manager has registered the session port."
"9/1/2026 7:24:58 PM","17115","Information","MSSQL$SQLEXPRESS","Command Line Startup Parameters:
	 -s ""SQLEXPRESS"""
"9/1/2026 7:24:58 PM","17110","Information","MSSQL$SQLEXPRESS","Registry startup parameters: 
	 -d C:\Program Files\Microsoft SQL Server\MSSQL15.SQLEXPRESS\MSSQL\DATA\master.mdf
	 -e C:\Program Files\Microsoft SQL Server\MSSQL15.SQLEXPRESS\MSSQL\Log\ERRORLOG
	 -l C:\Program Files\Microsoft SQL Server\MSSQL15.SQLEXPRESS\MSSQL\DATA\mastlog.ldf"
"9/1/2026 7:24:58 PM","49904","Information","MSSQL$SQLEXPRESS","The service account is 'NT Service\MSSQL$SQLEXPRESS'. This is an informational message; no user action is required."
"9/1/2026 7:24:58 PM","17111","Information","MSSQL$SQLEXPRESS","Logging SQL Server messages in file 'C:\Program Files\Microsoft SQL Server\MSSQL15.SQLEXPRESS\MSSQL\Log\ERRORLOG'."
"9/1/2026 7:24:58 PM","15268","Information","MSSQL$SQLEXPRESS","Authentication mode is MIXED."
"9/1/2026 7:24:58 PM","18496","Information","MSSQL$SQLEXPRESS","System Manufacturer: 'VMware, Inc.', System Model: 'VMware20,1'."
"9/1/2026 7:24:58 PM","17104","Information","MSSQL$SQLEXPRESS","Server process ID is 3444."
"9/1/2026 7:24:58 PM","17103","Information","MSSQL$SQLEXPRESS","All rights reserved."
"9/1/2026 7:24:58 PM","17101","Information","MSSQL$SQLEXPRESS","(c) Microsoft Corporation."
"9/1/2026 7:24:58 PM","49916","Information","MSSQL$SQLEXPRESS","UTC adjustment: -7:00"
"9/1/2026 7:24:58 PM","17069","Information","MSSQL$SQLEXPRESS","Microsoft SQL Server 2019 (RTM) - 15.0.2000.5 (X64) 
	Sep 24 2019 13:48:23 
	Copyright (C) 2019 Microsoft Corporation
	Express Edition (64-bit) on Windows Server 2022 Datacenter 10.0 <X64> (Build 20348: ) (Hypervisor)
"
"9/1/2026 7:24:58 PM","517","Information","WDSServer","Provider WDSTFTP loaded from C:\Windows\system32\wdstftp.dll and initialized successfully."
"9/1/2026 7:24:58 PM","517","Information","WDSServer","Provider WDSMDMGR loaded from C:\Windows\system32\wdsmdmgr.dll and initialized successfully."
"9/1/2026 7:24:58 PM","326","Information","ESENT","svchost (1188,D,50) WDS: The database engine attached a database (1, C:\RemoteInstall\Stores\Metadata\WDSMD.mdb). (Time=0 seconds) 
 
Saved Cache: 1 0 
Additional Data: lgposAttach = 00000001:009B:0268,
dbv = 1568.180.400 (9360) 
 
Internal Timing Sequence: 
[1] 0.000003 +J(0)
[2] 0.001153 -0.000926 (1) WT +J(0) +M(C:0K, Fs:24, WS:32K # 0K, PF:32K # 0K, P:32K)
[3] 0.043990 -0.039911 (6) WT +J(CM:0, PgRf:0, Rd:0/0, Dy:0/0, Lg:3480/2) +M(C:0K, Fs:14, WS:24K # 0K, PF:20K # 0K, P:20K)
[4] 0.000141 +J(0)
[5] -
[6] -
[7] -
[8] 0.001921 -0.001667 (2) CM -0.001572 (2) WT +J(CM:2, PgRf:2, Rd:4/2, Dy:0/0, Lg:54/1) +M(C:120K, Fs:46, WS:128K # 0K, PF:140K # 0K, P:140K)
[9] 0.002651 -0.002434 (2) CM -0.002325 (2) WT +J(CM:2, PgRf:16, Rd:0/2, Dy:0/0, Lg:0/0) +M(C:-16K, Fs:40, WS:80K # 0K, PF:208K # 0K, P:208K)
[10] 0.000813 -0.000707 (1) CM -0.000663 (1) WT +J(CM:1, PgRf:35, Rd:0/1, Dy:0/0, Lg:0/0) +M(C:-28K, Fs:4, WS:-12K # 0K, PF:36K # 0K, P:36K)
[11] 0.000014 +J(CM:0, PgRf:1, Rd:0/0, Dy:0/0, Lg:0/0) +M(C:0K, Fs:3, WS:12K # 0K, PF:0K # 0K, P:0K)
[12] 0.000035 +J(CM:0, PgRf:42, Rd:0/0, Dy:0/0, Lg:0/0) +M(C:0K, Fs:1, WS:4K # 0K, PF:0K # 0K, P:0K)
[13] 0.0 +J(0)
[14] 0.0 +J(0)
[15] 0.000004 +J(CM:0, PgRf:1, Rd:0/0, Dy:0/0, Lg:0/0)."
"9/1/2026 7:24:58 PM","105","Information","ESENT","svchost (1188,D,0) WDS: The database engine started a new instance (0). (Time=0 seconds) 
 
Additional Data:
 lgposV2[] = 00000001:0001:0000 - 00000001:0098:0309 - 00000001:0099:0000 - 00000001:0099:0000 (00000000:0000:0000)
cReInits = 43
 
 
Internal Timing Sequence: 
[1] 0.001495 +J(0) +M(C:0K, Fs:176, WS:692K # 692K, PF:4504K # 4504K, P:4504K)
[2] 0.000449 +J(0) +M(C:64K, Fs:150, WS:592K # 592K, PF:1256K # 1256K, P:1256K)
[3] 0.000330 +J(0) +M(C:0K, Fs:11, WS:36K # 36K, PF:72K # 76K, P:72K)
[4] 0.000120 +J(0) +M(C:0K, Fs:22, WS:88K # 88K, PF:228K # 224K, P:228K)
[5] 0.000760 +J(0) +M(C:0K, Fs:9, WS:36K # 36K, PF:16K # 16K, P:16K)
[6] 0.005899 +J(0) +M(C:0K, Fs:24, WS:92K # 92K, PF:16K # 16K, P:16K)
[7] 0.054039 -0.043068 (11) WT +J(0) +M(C:0K, Fs:1299, WS:5184K # 5184K, PF:5128K # 5128K, P:5128K)
[8] 0.226493 -0.182797 (61) WT +J(CM:0, PgRf:0, Rd:0/0, Dy:0/0, Lg:616436/1066) +M(C:0K, Fs:1134, WS:396K # 428K, PF:252K # 284K, P:252K)
[9] 0.003540 +J(0) +M(C:0K, Fs:4, WS:16K # 0K, PF:4K # 0K, P:4K)
[10] 0.041765 -0.038968 (10) WT +J(0) +M(C:0K, Fs:7, WS:-5088K # 12K, PF:-5120K # 0K, P:-5120K)
[11] 0.000029 +J(CM:0, PgRf:0, Rd:0/0, Dy:0/0, Lg:49/1) +M(C:0K, Fs:2, WS:8K # 0K, PF:0K # 0K, P:0K)
[12] 0.000413 +J(0)
[13] 0.255167 -0.002228 (2) CM -0.101415 (30) WT +J(CM:2, PgRf:2, Rd:0/2, Dy:0/0, Lg:8759/5) +M(C:-56K, Fs:1349, WS:40K # 52K, PF:76K # 64K, P:76K)
[14] 0.000030 +J(0)
[15] 0.000029 +J(0)
[16] 0.001286 -0.000783 (1) WT +J(0) +M(C:0K, Fs:2, WS:0K # 0K, PF:0K # 0K, P:0K)."
"9/1/2026 7:24:58 PM","5615","Information","Microsoft-Windows-WMI","Windows Management Instrumentation Service started sucessfully"
"9/1/2026 7:24:58 PM","302","Information","ESENT","svchost (1188,U,98) WDS: The database engine has successfully completed recovery steps."
"9/1/2026 7:24:58 PM","301","Information","ESENT","svchost (1188,R,98) WDS: The database engine has finished replaying logfile C:\RemoteInstall\Stores\Metadata\WDS.log. 
 
Processing Stats: 
[1] 0.210656 -0.178322 (58) WT +J(CM:0, PgRf:0, Rd:0/0, Dy:0/0, Lg:616436/1066) +M(C:0K, Fs:1091, WS:232K # 264K, PF:168K # 200K, P:168K). 
Log record of type 'Insert   ' was seen most frequently (277 times)"
"9/1/2026 7:24:58 PM","335","Information","ESENT","svchost (1188,R,98) WDS: Replay of a Create for database ""C:\RemoteInstall\Stores\Metadata\WDSMD.mdb"" at log position (00000001,0001,0268) was deferred due to AttachFuture.  Additional information:  "
"9/1/2026 7:24:58 PM","300","Information","ESENT","svchost (1188,R,98) WDS: The database engine is initiating recovery steps."
"9/1/2026 7:24:58 PM","102","Information","ESENT","svchost (1188,P,98) WDS: The database engine (10.00.20348.0000) is starting a new instance (0)."
"9/1/2026 7:24:58 PM","517","Information","WDSServer","Provider WDSMC loaded from C:\Windows\system32\wdsmc.dll and initialized successfully."
"9/1/2026 7:24:58 PM","105","Information","VMTools","The service was started."
"9/1/2026 7:24:57 PM","1025","Information","WDSServer","The RPC server started on TCP port 5040. 
"
"9/1/2026 7:24:48 PM","1531","Information","Microsoft-Windows-User Profiles Service","The User Profile Service has started successfully.  

"
"9/1/2026 7:17:51 PM","38","Information","Microsoft-Windows-CertificationAuthority","Active Directory Certificate Services for scaffold-DC-CA was stopped."
"9/1/2026 7:17:51 PM","1532","Information","Microsoft-Windows-User Profiles Service","The User Profile Service has stopped.  

"
"9/1/2026 7:17:51 PM","4111","Information","Microsoft-Windows-MSDTC","The MS DTC service is stopping."
"9/1/2026 7:17:51 PM","17147","Information","MSSQL$SQLEXPRESS","SQL Server is terminating because of a system shutdown. This is an informational message only. No user action is required."
"9/1/2026 7:17:51 PM","108","Information","VMTools","The service was stopped."
"9/1/2026 7:17:51 PM","272","Information","VMUpgradeHelper","Saved network configuration."
"9/1/2026 7:17:51 PM","260","Information","VMUpgradeHelper","Saving network configuration."
"9/1/2026 7:17:45 PM","256","Information","WDSServer","The Windows Deployment Services server started successfully. 
"
"9/1/2026 7:17:45 PM","517","Information","WDSServer","Provider WDSPXE loaded from C:\Windows\system32\wdspxe.dll and initialized successfully."
"9/1/2026 7:17:45 PM","777","Information","WDSPXE","Rogue detection has been disabled for this server. The Windows Deployment  Services server is authorized as a valid DHCP/PXE server and will process incoming client requests."
"9/1/2026 7:17:45 PM","262","Information","WDSPXE","Provider WDSDCPXE was loaded from C:\Windows\system32\wdsdcpxe.dll and initialized successfully."
"9/1/2026 7:17:45 PM","1305","Information","BINLSVC","Combined BCD file x64uefi{E64BC469-EF6B-44F1-8E2C-CB3F688E2A48}.bcd generated successfully for the x64uefi architecture."
"9/1/2026 7:17:44 PM","1305","Information","BINLSVC","Combined BCD file x86uefi{AC23A98C-3DB5-4E2B-A7E0-53D73455AF90}.bcd generated successfully for the x86uefi architecture."
"9/1/2026 7:17:44 PM","1305","Information","BINLSVC","Combined BCD file arm{FC6605C6-4C49-4607-B93D-7E7C6A71AB59}.bcd generated successfully for the arm architecture."
"9/1/2026 7:17:43 PM","26","Information","Microsoft-Windows-CertificationAuthority","Active Directory Certificate Services for scaffold-DC-CA was started.  DC=dc.scaffold.htb"
"9/1/2026 7:17:44 PM","1305","Information","BINLSVC","Combined BCD file x86x64{5CAE12FC-B8EE-42E2-917E-CDBEFF686094}.bcd generated successfully for the x86x64 architecture."
"9/1/2026 7:17:44 PM","1305","Information","BINLSVC","Combined BCD file arm64{D4E126AD-1778-4CA8-B979-4B43735F5D35}.bcd generated successfully for the arm64 architecture."
"9/1/2026 7:17:44 PM","1305","Information","BINLSVC","Combined BCD file x64{D517F493-448F-4E44-A30A-5A2EB7518EBC}.bcd generated successfully for the x64 architecture."
"9/1/2026 7:17:44 PM","1305","Information","BINLSVC","Combined BCD file x86{81E8E785-722C-4979-A03B-710F3F17AAD2}.bcd generated successfully for the x86 architecture."
"9/1/2026 7:17:44 PM","326","Information","ESENT","svchost (1372,D,50) AAP: The database engine attached a database (5, C:\RemoteInstall\Mgmt\binlsvcdb.mdb). (Time=0 seconds) 
 
Saved Cache: 1 0 
Additional Data: lgposAttach = 00000001:00A2:0268,
dbv = 1568.180.400 (9360) 
 
Internal Timing Sequence: 
[1] 0.000003 +J(0)
[2] 0.000456 -0.000284 (1) WT +J(0) +M(C:0K, Fs:24, WS:32K # 0K, PF:32K # 0K, P:32K)
[3] 0.010704 -0.004012 (6) WT +J(CM:0, PgRf:0, Rd:0/0, Dy:0/0, Lg:3480/2) +M(C:0K, Fs:14, WS:20K # 0K, PF:24K # 0K, P:24K)
[4] 0.000074 +J(0)
[5] -
[6] -
[7] -
[8] 0.000403 +J(CM:0, PgRf:2, Rd:14/0, Dy:0/0, Lg:54/1) +M(C:96K, Fs:103, WS:396K # 0K, PF:124K # 0K, P:124K)
[9] 0.004637 -0.004428 (2) CM -0.004339 (2) WT +J(CM:2, PgRf:16, Rd:0/1, Dy:0/0, Lg:0/0) +M(C:-120K, Fs:2, WS:-112K # 0K, PF:-112K # 0K, P:-112K)
[10] 0.009630 -0.009457 (2) CM -0.009325 (2) WT +J(CM:2, PgRf:35, Rd:0/2, Dy:0/0, Lg:0/0) +M(C:-52K, Fs:0, WS:-52K # 0K, PF:-52K # 0K, P:-52K)
[11] 0.000011 +J(CM:0, PgRf:1, Rd:0/0, Dy:0/0, Lg:0/0)
[12] 0.000044 +J(CM:0, PgRf:42, Rd:0/0, Dy:0/0, Lg:0/0)
[13] 0.0 +J(0)
[14] 0.0 +J(0)
[15] 0.000005 +J(CM:0, PgRf:1, Rd:0/0, Dy:0/0, Lg:0/0)."
"9/1/2026 7:17:44 PM","105","Information","ESENT","svchost (1372,D,0) AAP: The database engine started a new instance (2). (Time=0 seconds) 
 
Additional Data:
 lgposV2[] = 00000001:0001:0000 - 00000001:009F:02FB - 00000001:00A0:0000 - 00000001:00A0:0000 (00000000:0000:0000)
cReInits = 42
 
 
Internal Timing Sequence: 
[1] -
[2] -
[3] 0.000262 +J(0) +M(C:0K, Fs:3, WS:12K # 0K, PF:0K # 0K, P:0K)
[4] 0.000128 +J(0) +M(C:0K, Fs:7, WS:28K # 0K, PF:156K # 0K, P:156K)
[5] 0.000759 +J(0) +M(C:0K, Fs:6, WS:24K # 0K, PF:24K # 0K, P:24K)
[6] 0.001705 +J(0) +M(C:0K, Fs:1, WS:4K # 0K, PF:12K # 0K, P:12K)
[7] 0.027511 -0.022312 (11) WT +J(0) +M(C:0K, Fs:1283, WS:5120K # 1704K, PF:5132K # 804K, P:5132K)
[8] 0.101596 -0.075773 (60) WT +J(CM:0, PgRf:0, Rd:0/0, Dy:0/0, Lg:644838/1225) +M(C:0K, Fs:1059, WS:196K # 240K, PF:68K # 112K, P:68K)
[9] 0.000802 +J(0)
[10] 0.030403 -0.028426 (10) WT +J(0) +M(C:0K, Fs:1, WS:-5116K # 0K, PF:-5120K # 0K, P:-5120K)
[11] 0.000024 +J(CM:0, PgRf:0, Rd:0/0, Dy:0/0, Lg:49/1) +M(C:0K, Fs:1, WS:4K # 0K, PF:0K # 0K, P:0K)
[12] 0.000034 +J(0)
[13] 0.065149 -0.001284 (2) CM -0.039650 (30) WT +J(CM:2, PgRf:2, Rd:0/2, Dy:0/0, Lg:8759/5) +M(C:264K, Fs:1321, WS:-72K # 0K, PF:208K # 180K, P:208K)
[14] 0.000020 +J(0)
[15] 0.000029 +J(0)
[16] 0.002042 -0.000767 (1) WT +J(0) +M(C:0K, Fs:2, WS:0K # 0K, PF:0K # 0K, P:0K)."
"9/1/2026 7:17:44 PM","302","Information","ESENT","svchost (1372,U,98) AAP: The database engine has successfully completed recovery steps."
"9/1/2026 7:17:44 PM","301","Information","ESENT","svchost (1372,R,98) AAP: The database engine has finished replaying logfile C:\RemoteInstall\Mgmt\AAP.log. 
 
Processing Stats: 
[1] 0.094217 -0.071450 (57) WT +J(CM:0, PgRf:0, Rd:0/0, Dy:0/0, Lg:644838/1225) +M(C:0K, Fs:1023, WS:60K # 104K, PF:60K # 96K, P:60K). 
Log record of type 'Insert   ' was seen most frequently (326 times)"
"9/1/2026 7:17:43 PM","335","Information","ESENT","svchost (1372,R,98) AAP: Replay of a Create for database ""C:\RemoteInstall\Mgmt\binlsvcdb.mdb"" at log position (00000001,0001,0268) was deferred due to AttachFuture.  Additional information:  "
"9/1/2026 7:17:43 PM","300","Information","ESENT","svchost (1372,R,98) AAP: The database engine is initiating recovery steps."
"9/1/2026 7:17:43 PM","102","Information","ESENT","svchost (1372,P,98) AAP: The database engine (10.00.20348.0000) is starting a new instance (2)."
"9/1/2026 7:17:43 PM","517","Information","WDSServer","Provider WdsImgSrv loaded from C:\Windows\system32\WdsImgSrv.dll and initialized successfully."
"9/1/2026 7:17:43 PM","256","Information","WDSIMGSRV","The Windows Deployment Services image server initialized successfully. 
"
"9/1/2026 7:17:43 PM","517","Information","WDSServer","Provider WDSDDPS loaded from C:\Windows\system32\wdsddps.dll and initialized successfully."
"9/1/2026 7:17:43 PM","326","Information","ESENT","svchost (1372,D,50) DDP: The database engine attached a database (3, C:\RemoteInstall\Stores\Drivers\Metadata\DdpDb.mdb). (Time=0 seconds) 
 
Saved Cache: 1 0 
Additional Data: lgposAttach = 00000001:00D0:0268,
dbv = 1568.180.400 (9360) 
 
Internal Timing Sequence: 
[1] 0.000004 +J(0)
[2] 0.000583 -0.000330 (1) WT +J(0) +M(C:0K, Fs:24, WS:32K # 0K, PF:32K # 0K, P:32K)
[3] 0.007438 -0.003757 (6) WT +J(CM:0, PgRf:0, Rd:0/0, Dy:0/0, Lg:3480/2) +M(C:0K, Fs:13, WS:20K # 0K, PF:20K # 0K, P:20K)
[4] 0.000089 +J(0)
[5] -
[6] -
[7] -
[8] 0.000224 +J(CM:0, PgRf:2, Rd:4/0, Dy:0/0, Lg:54/1) +M(C:112K, Fs:30, WS:120K # 0K, PF:132K # 0K, P:132K)
[9] 0.022069 -0.021737 (3) CM -0.021578 (3) WT +J(CM:3, PgRf:16, Rd:0/2, Dy:0/0, Lg:0/0) +M(C:-12K, Fs:17, WS:-8K # 0K, PF:-12K # 0K, P:-12K)
[10] 0.006453 -0.006169 (2) CM -0.006058 (2) WT +J(CM:2, PgRf:35, Rd:0/2, Dy:0/0, Lg:0/0) +M(C:0K, Fs:13, WS:4K # 0K, PF:0K # 0K, P:0K)
[11] 0.003332 -0.003250 (1) CM -0.003207 (1) WT +J(CM:1, PgRf:1, Rd:0/1, Dy:0/0, Lg:0/0) +M(C:-8K, Fs:5, WS:-8K # 0K, PF:-8K # 0K, P:-8K)
[12] 0.001063 -0.000927 (1) CM -0.000884 (1) WT +J(CM:1, PgRf:42, Rd:0/1, Dy:0/0, Lg:0/0) +M(C:0K, Fs:7, WS:0K # 0K, PF:0K # 0K, P:0K)
[13] 0.000002 +J(0)
[14] 0.0 +J(0)
[15] 0.001431 -0.001351 (1) CM -0.001307 (1) WT +J(CM:1, PgRf:1, Rd:0/1, Dy:0/0, Lg:0/0) +M(C:0K, Fs:7, WS:0K # 0K, PF:0K # 0K, P:0K)."
"9/1/2026 7:17:43 PM","105","Information","ESENT","svchost (1372,D,0) DDP: The database engine started a new instance (1). (Time=0 seconds) 
 
Additional Data:
 lgposV2[] = 00000001:0001:0000 - 00000001:00CD:0319 - 00000001:00CE:0000 - 00000001:00CE:0000 (00000000:0000:0000)
cReInits = 42
 
 
Internal Timing Sequence: 
[1] -
[2] -
[3] 0.000679 +J(0) +M(C:0K, Fs:3, WS:12K # 12K, PF:0K # 0K, P:0K)
[4] 0.000122 +J(0) +M(C:0K, Fs:10, WS:40K # 40K, PF:156K # 0K, P:156K)
[5] 0.000638 +J(0) +M(C:0K, Fs:5, WS:20K # 20K, PF:20K # 0K, P:20K)
[6] 0.001477 +J(0) +M(C:0K, Fs:2, WS:8K # 8K, PF:16K # 0K, P:16K)
[7] 0.070250 -0.059178 (11) WT +J(0) +M(C:0K, Fs:1283, WS:5120K # 5120K, PF:5132K # 4424K, P:5132K)
[8] 0.164817 -0.130024 (60) WT +J(CM:0, PgRf:0, Rd:0/0, Dy:0/0, Lg:831414/1720) +M(C:0K, Fs:1057, WS:188K # 232K, PF:64K # 108K, P:64K)
[9] 0.001675 +J(0)
[10] 0.029559 -0.026989 (10) WT +J(0) +M(C:0K, Fs:2, WS:-5108K # 0K, PF:-5124K # 0K, P:-5124K)
[11] 0.000027 +J(CM:0, PgRf:0, Rd:0/0, Dy:0/0, Lg:49/1) +M(C:0K, Fs:1, WS:4K # 0K, PF:0K # 0K, P:0K)
[12] 0.001024 +J(0)
[13] 0.116582 -0.002851 (2) CM -0.078742 (30) WT +J(CM:2, PgRf:2, Rd:0/2, Dy:0/0, Lg:8759/5) +M(C:-56K, Fs:1312, WS:-108K # 0K, PF:-108K # 0K, P:-108K)
[14] 0.000019 +J(0)
[15] 0.000031 +J(0)
[16] 0.002121 -0.001952 (1) WT +J(0) +M(C:0K, Fs:2, WS:0K # 0K, PF:0K # 0K, P:0K)."
"9/1/2026 7:17:43 PM","302","Information","ESENT","svchost (1372,U,98) DDP: The database engine has successfully completed recovery steps."
"9/1/2026 7:17:43 PM","301","Information","ESENT","svchost (1372,R,98) DDP: The database engine has finished replaying logfile C:\RemoteInstall\Stores\Drivers\Metadata\DDP.log. 
 
Processing Stats: 
[1] 0.161898 -0.129016 (57) WT +J(CM:0, PgRf:0, Rd:0/0, Dy:0/0, Lg:831414/1720) +M(C:0K, Fs:1022, WS:56K # 100K, PF:56K # 92K, P:56K). 
Log record of type 'Insert   ' was seen most frequently (479 times)"
"9/1/2026 7:17:43 PM","335","Information","ESENT","svchost (1372,R,98) DDP: Replay of a Create for database ""C:\RemoteInstall\Stores\Drivers\Metadata\DdpDb.mdb"" at log position (00000001,0001,0268) was deferred due to AttachFuture.  Additional information:  "
"9/1/2026 7:17:43 PM","300","Information","ESENT","svchost (1372,R,98) DDP: The database engine is initiating recovery steps."
"9/1/2026 7:17:43 PM","326","Information","ESENT","certsrv.exe (2728,D,50) The database engine attached a database (1, C:\Windows\system32\CertLog\scaffold-DC-CA.edb). (Time=0 seconds) 
 
Saved Cache: 0 0 
Additional Data: lgposAttach = 00000005:0054:0268,
dbv = 1568.180.400 (9360) 
 
Internal Timing Sequence: 
[1] 0.000005 +J(0) +M(C:0K, Fs:1, WS:4K # 0K, PF:0K # 0K, P:0K)
[2] 0.001678 -0.001430 (1) WT +J(0) +M(C:0K, Fs:18, WS:8K # 0K, PF:4K # 0K, P:4K)
[3] 0.015931 -0.006265 (6) WT +J(CM:0, PgRf:0, Rd:0/0, Dy:0/0, Lg:3480/2) +M(C:0K, Fs:27, WS:96K # 0K, PF:128K # 0K, P:128K)
[4] 0.000118 +J(0)
[5] -
[6] -
[7] -
[8] 0.001063 -0.000762 (2) CM -0.000588 (2) WT +J(CM:2, PgRf:2, Rd:14/2, Dy:0/0, Lg:54/1) +M(C:0K, Fs:40, WS:160K # 0K, PF:152K # 0K, P:152K)
[9] 0.001916 -0.001579 (3) CM -0.001386 (3) WT +J(CM:3, PgRf:23, Rd:0/2, Dy:0/0, Lg:0/0) +M(C:0K, Fs:34, WS:136K # 0K, PF:208K # 0K, P:208K)
[10] 0.000408 -0.000261 (1) CM -0.000176 (1) WT +J(CM:1, PgRf:40, Rd:0/1, Dy:0/0, Lg:0/0) +M(C:0K, Fs:5, WS:20K # 0K, PF:64K # 0K, P:64K)
[11] 0.000025 +J(CM:0, PgRf:1, Rd:0/0, Dy:0/0, Lg:0/0) +M(C:0K, Fs:4, WS:16K # 0K, PF:0K # 0K, P:0K)
[12] 0.000069 +J(CM:0, PgRf:42, Rd:0/0, Dy:0/0, Lg:0/0) +M(C:0K, Fs:1, WS:4K # 0K, PF:0K # 0K, P:0K)
[13] 0.000001 +J(0)
[14] 0.000001 +J(0)
[15] 0.000009 +J(CM:0, PgRf:1, Rd:0/0, Dy:0/0, Lg:0/0)."
"9/1/2026 7:17:43 PM","105","Information","ESENT","certsrv.exe (2728,D,0) The database engine started a new instance (0). (Time=0 seconds) 
 
Additional Data:
  
 
Internal Timing Sequence: 
[1] 0.001088 +J(0) +M(C:0K, Fs:124, WS:488K # 488K, PF:2400K # 2132K, P:2400K)
[2] 0.001174 +J(0) +M(C:3200K, Fs:187, WS:732K # 732K, PF:4144K # 4144K, P:4144K)
[3] 0.000028 +J(0) +M(C:0K, Fs:4, WS:12K # 12K, PF:68K # 68K, P:68K)
[4] 0.000134 +J(0) +M(C:0K, Fs:19, WS:76K # 76K, PF:496K # 496K, P:496K)
[5] 0.000922 +J(0) +M(C:0K, Fs:9, WS:36K # 36K, PF:20K # 20K, P:20K)
[6] 0.002893 +J(0) +M(C:0K, Fs:29, WS:116K # 116K, PF:12K # 12K, P:12K)
[7] 0.013892 -0.007180 (3) WT +J(0) +M(C:0K, Fs:274, WS:1096K # 1096K, PF:1024K # 1024K, P:1024K)
[8] -
[9] -
[10] -
[11] -
[12] -
[13] 0.011091 -0.005459 (4) WT +J(CM:0, PgRf:0, Rd:0/0, Dy:0/0, Lg:616/1) +M(C:0K, Fs:7, WS:-1008K # 16K, PF:-1020K # 16K, P:-1020K)
[14] 0.000018 +J(0)
[15] 0.000736 +J(0) +M(C:0K, Fs:100, WS:400K # 0K, PF:64K # 0K, P:64K)
[16] 0.000707 -0.000495 (1) WT +J(0) +M(C:0K, Fs:3, WS:4K # 0K, PF:0K # 0K, P:0K)."
"9/1/2026 7:17:43 PM","102","Information","ESENT","svchost (1372,P,98) DDP: The database engine (10.00.20348.0000) is starting a new instance (1)."
"9/1/2026 7:17:43 PM","102","Information","ESENT","certsrv.exe (2728,P,98) The database engine (10.00.20348.0000) is starting a new instance (0)."
"9/1/2026 7:17:43 PM","517","Information","WDSServer","Provider WDSDCPXE loaded from C:\Windows\system32\wdsdcpxe.dll and initialized successfully."
"9/1/2026 7:17:43 PM","517","Information","WDSServer","Provider WDSDCMGR loaded from C:\Windows\system32\wdsdcmgr.dll and initialized successfully."
"9/1/2026 7:17:43 PM","1000","Information","VGAuth","vmtoolsd: Username and password successfully validated for 'Administrator'"
"9/1/2026 7:17:37 PM","1000","Information","VGAuth","vmtoolsd: Username and password mismatch for 'Administrator'"
"9/1/2026 7:17:32 PM","1000","Information","VGAuth","vmtoolsd: Username and password mismatch for 'Administrator'"
"9/1/2026 7:17:27 PM","1000","Information","VGAuth","vmtoolsd: Username and password mismatch for 'Administrator'"
"9/1/2026 7:17:25 PM","26067","Information","MSSQL$SQLEXPRESS","The SQL Server Network Interface library could not register the Service Principal Name (SPN) [ MSSQLSvc/dc.scaffold.htb:52951 ] for the SQL Server service. Windows return code: 0x54b, state: 3. Failure to register a SPN might cause integrated authentication to use NTLM instead of Kerberos. This is an informational message. Further action is only required if Kerberos authentication is required by authentication policies and if the SPN has not been manually registered."
"9/1/2026 7:17:25 PM","26067","Information","MSSQL$SQLEXPRESS","The SQL Server Network Interface library could not register the Service Principal Name (SPN) [ MSSQLSvc/dc.scaffold.htb:SQLEXPRESS ] for the SQL Server service. Windows return code: 0x54b, state: 3. Failure to register a SPN might cause integrated authentication to use NTLM instead of Kerberos. This is an informational message. Further action is only required if Kerberos authentication is required by authentication policies and if the SPN has not been manually registered."
"9/1/2026 7:17:22 PM","1000","Information","VGAuth","vmtoolsd: Username and password mismatch for 'Administrator'"
"9/1/2026 7:17:21 PM","3408","Information","MSSQL$SQLEXPRESS","Recovery is complete. This is an informational message only. No user action is required."
"9/1/2026 7:17:21 PM","9688","Information","MSSQL$SQLEXPRESS","Service Broker manager has started."
"9/1/2026 7:17:21 PM","9666","Information","MSSQL$SQLEXPRESS","The Database Mirroring endpoint is in disabled or stopped state."
"9/1/2026 7:17:21 PM","9666","Information","MSSQL$SQLEXPRESS","The Service Broker endpoint is in disabled or stopped state."
"9/1/2026 7:17:21 PM","17137","Information","MSSQL$SQLEXPRESS","Starting up database 'tempdb'."
"9/1/2026 7:17:21 PM","17136","Information","MSSQL$SQLEXPRESS","Clearing tempdb database."
"9/1/2026 7:17:21 PM","26076","Information","MSSQL$SQLEXPRESS","SQL Server is attempting to register a Service Principal Name (SPN) for the SQL Server service. Kerberos authentication will not be possible until a SPN is registered for the SQL Server service. This is an informational message. No user action is required."
"9/1/2026 7:17:21 PM","17126","Information","MSSQL$SQLEXPRESS","SQL Server is now ready for client connections. This is an informational message; no user action is required."
"9/1/2026 7:17:21 PM","17199","Information","MSSQL$SQLEXPRESS","Dedicated administrator connection support was not started because it is disabled on this edition of SQL Server. If you want to use a dedicated administrator connection, restart SQL Server using the trace flag 7806. This is an informational message only. No user action is required."
"9/1/2026 7:17:21 PM","26048","Information","MSSQL$SQLEXPRESS","Server local connection provider is ready to accept connection on [ \\.\pipe\MSSQL$SQLEXPRESS\sql\query ]."
"9/1/2026 7:17:21 PM","26048","Information","MSSQL$SQLEXPRESS","Server local connection provider is ready to accept connection on [ \\.\pipe\SQLLocal\SQLEXPRESS ]."
"9/1/2026 7:17:21 PM","26022","Information","MSSQL$SQLEXPRESS","Server is listening on [ 'any' <ipv4> 52951]."
"9/1/2026 7:17:21 PM","26022","Information","MSSQL$SQLEXPRESS","Server is listening on [ 'any' <ipv6> 52951]."
"9/1/2026 7:17:21 PM","26018","Information","MSSQL$SQLEXPRESS","A self-generated certificate was successfully loaded for encryption."
"9/1/2026 7:17:20 PM","17137","Information","MSSQL$SQLEXPRESS","Starting up database 'model'."
"9/1/2026 7:17:20 PM","958","Information","MSSQL$SQLEXPRESS","The resource database build version is 15.00.2000. This is an informational message only. No user action is required."
"9/1/2026 7:17:20 PM","17137","Information","MSSQL$SQLEXPRESS","Starting up database 'mssqlsystemresource'."
"9/1/2026 7:17:20 PM","17137","Information","MSSQL$SQLEXPRESS","Starting up database 'msdb'."
"9/1/2026 7:17:20 PM","17663","Information","MSSQL$SQLEXPRESS","Server name is 'DC\SQLEXPRESS'. This is an informational message only. No user action is required."
"9/1/2026 7:17:20 PM","19030","Information","MSSQL$SQLEXPRESS","SQL Trace ID 1 was started by login ""sa""."
"9/1/2026 7:17:20 PM","6253","Information","MSSQL$SQLEXPRESS","Common language runtime (CLR) functionality initialized using CLR version v4.0.30319 from C:\Windows\Microsoft.NET\Framework64\v4.0.30319\."
"9/1/2026 7:17:20 PM","33218","Information","MSSQL$SQLEXPRESS","SQL Server Audit has started the audits. This is an informational message. No user action is required."
"9/1/2026 7:17:20 PM","33217","Information","MSSQL$SQLEXPRESS","SQL Server Audit is starting the audits. This is an informational message. No user action is required."
"9/1/2026 7:17:19 PM","17137","Information","MSSQL$SQLEXPRESS","Starting up database 'master'."
"9/1/2026 7:17:19 PM","49910","Information","MSSQL$SQLEXPRESS","Software Usage Metrics is disabled."
"9/1/2026 7:17:19 PM","9048","Information","MSSQL$SQLEXPRESS","clwb is selected for pmem flush operation."
"9/1/2026 7:17:19 PM","49921","Information","MSSQL$SQLEXPRESS","Total Log Writer threads: 1. This is an informational message; no user action is required."
"9/1/2026 7:17:19 PM","17118","Information","MSSQL$SQLEXPRESS","Database Instant File Initialization: disabled. For security and performance considerations see the topic 'Database Instant File Initialization' in SQL Server Books Online. This is an informational message only. No user action is required."
"9/1/2026 7:17:19 PM","17125","Information","MSSQL$SQLEXPRESS","Using dynamic lock allocation.  Initial allocation of 2500 Lock blocks and 5000 Lock Owner blocks per node.  This is an informational message only.  No user action is required."
"9/1/2026 7:17:19 PM","17152","Information","MSSQL$SQLEXPRESS","Node configuration: node 0: CPU mask: 0x0000000000000003:0 Active CPU mask: 0x0000000000000003:0. This message provides a description of the NUMA configuration for this computer. This is an informational message only. No user action is required."
"9/1/2026 7:17:19 PM","17176","Information","MSSQL$SQLEXPRESS","This instance of SQL Server last reported using a process ID of 5460 at 9/1/2026 5:18:22 PM (local) 9/2/2026 12:18:22 AM (UTC). This is an informational message only; no user action is required."
"9/1/2026 7:17:19 PM","17811","Information","MSSQL$SQLEXPRESS","The maximum number of dedicated administrator connections for this instance is '1'"
"9/1/2026 7:17:18 PM","271","Information","VMUpgradeHelper","Restored network configuration."
"9/1/2026 7:17:17 PM","1000","Information","VGAuth","vmtoolsd: Username and password mismatch for 'Administrator'"
"9/1/2026 7:17:16 PM","0","Information","Microsoft Deployment Toolkit Monitor Service","Service started successfully."
"9/1/2026 7:17:16 PM","873","Information","MSSQL$SQLEXPRESS","Buffer pool extension is already disabled. No action is necessary."
"9/1/2026 7:17:16 PM","258","Information","VMUpgradeHelper","Restoring network configuration."
"9/1/2026 7:17:16 PM","6003","Information","Microsoft-Windows-Winlogon","The winlogon notification subscriber <TrustedInstaller> was unavailable to handle a critical notification event."
"9/1/2026 7:17:15 PM","4202","Information","Microsoft-Windows-MSDTC 2","MSDTC started with the following settings: Security Configuration (OFF = 0 and ON = 1): Allow Remote Administrator = 0, Network Clients = 0, Transaction Manager Communication:  Allow Inbound Transactions = 0, Allow Outbound Transactions = 0, Transaction Internet Protocol (TIP) = 0,  Enable XA Transactions = 0,  Enable SNA LU 6.2 Transactions = 1,  MSDTC Communications Security = Mutual Authentication Required, Account = NT AUTHORITY\NetworkService,  Firewall Exclusion Detected = 0 Transaction Bridge Installed = 0 Filtering Duplicate Events = 1"
"9/1/2026 7:17:14 PM","5617","Information","Microsoft-Windows-WMI","Windows Management Instrumentation Service subsystems initialized successfully"
"9/1/2026 7:17:14 PM","49917","Information","MSSQL$SQLEXPRESS","Default collation: SQL_Latin1_General_CP1_CI_AS (us_english 1033)"
"9/1/2026 7:17:14 PM","781","Information","Microsoft-Windows-Complus","The COM+ sub system is suppressing duplicate event log entries for a duration of 86400 seconds.  The suppression timeout can be controlled by a REG_DWORD value named SuppressDuplicateDuration under the following registry key: HKLM\Software\Microsoft\COM3\Eventlog."
"9/1/2026 7:17:14 PM","894","Information","MSSQL$SQLEXPRESS","Buffer Pool: Allocating 1048576 bytes for 580868 hashPages."
"9/1/2026 7:17:14 PM","9027","Information","Desktop Window Manager","The Desktop Window Manager has registered the session port."
"9/1/2026 7:17:14 PM","852","Information","MSSQL$SQLEXPRESS","Using conventional memory in the memory manager."
"9/1/2026 7:17:14 PM","49903","Information","MSSQL$SQLEXPRESS","Detected 4095 MB of RAM. This is an informational message; no user action is required."
"9/1/2026 7:17:14 PM","17162","Information","MSSQL$SQLEXPRESS","SQL Server is starting at normal priority base (=7). This is an informational message only. No user action is required."
"9/1/2026 7:17:14 PM","17164","Information","MSSQL$SQLEXPRESS","SQL Server detected 1 sockets with 2 cores per socket and 2 logical processors per socket, 2 total logical processors; using 2 logical processors based on SQL Server licensing. This is an informational message; no user action is required."
"9/1/2026 7:17:14 PM","17115","Information","MSSQL$SQLEXPRESS","Command Line Startup Parameters:
	 -s ""SQLEXPRESS"""
"9/1/2026 7:17:14 PM","17110","Information","MSSQL$SQLEXPRESS","Registry startup parameters: 
	 -d C:\Program Files\Microsoft SQL Server\MSSQL15.SQLEXPRESS\MSSQL\DATA\master.mdf
	 -e C:\Program Files\Microsoft SQL Server\MSSQL15.SQLEXPRESS\MSSQL\Log\ERRORLOG
	 -l C:\Program Files\Microsoft SQL Server\MSSQL15.SQLEXPRESS\MSSQL\DATA\mastlog.ldf"
"9/1/2026 7:17:14 PM","49904","Information","MSSQL$SQLEXPRESS","The service account is 'NT Service\MSSQL$SQLEXPRESS'. This is an informational message; no user action is required."
"9/1/2026 7:17:14 PM","17111","Information","MSSQL$SQLEXPRESS","Logging SQL Server messages in file 'C:\Program Files\Microsoft SQL Server\MSSQL15.SQLEXPRESS\MSSQL\Log\ERRORLOG'."
"9/1/2026 7:17:14 PM","15268","Information","MSSQL$SQLEXPRESS","Authentication mode is MIXED."
"9/1/2026 7:17:14 PM","18496","Information","MSSQL$SQLEXPRESS","System Manufacturer: 'VMware, Inc.', System Model: 'VMware20,1'."
"9/1/2026 7:17:14 PM","17104","Information","MSSQL$SQLEXPRESS","Server process ID is 3236."
"9/1/2026 7:17:14 PM","17103","Information","MSSQL$SQLEXPRESS","All rights reserved."
"9/1/2026 7:17:14 PM","17101","Information","MSSQL$SQLEXPRESS","(c) Microsoft Corporation."
"9/1/2026 7:17:14 PM","49916","Information","MSSQL$SQLEXPRESS","UTC adjustment: -7:00"
"9/1/2026 7:17:14 PM","17069","Information","MSSQL$SQLEXPRESS","Microsoft SQL Server 2019 (RTM) - 15.0.2000.5 (X64) 
	Sep 24 2019 13:48:23 
	Copyright (C) 2019 Microsoft Corporation
	Express Edition (64-bit) on Windows Server 2022 Datacenter 10.0 <X64> (Build 20348: ) (Hypervisor)
"
"9/1/2026 7:17:13 PM","517","Information","WDSServer","Provider WDSTFTP loaded from C:\Windows\system32\wdstftp.dll and initialized successfully."
"9/1/2026 7:17:13 PM","517","Information","WDSServer","Provider WDSMDMGR loaded from C:\Windows\system32\wdsmdmgr.dll and initialized successfully."
"9/1/2026 7:17:13 PM","326","Information","ESENT","svchost (1372,D,50) WDS: The database engine attached a database (1, C:\RemoteInstall\Stores\Metadata\WDSMD.mdb). (Time=0 seconds) 
 
Saved Cache: 1 0 
Additional Data: lgposAttach = 00000001:0098:0268,
dbv = 1568.180.400 (9360) 
 
Internal Timing Sequence: 
[1] 0.000004 +J(0)
[2] 0.000365 -0.000216 (1) WT +J(0) +M(C:0K, Fs:25, WS:32K # 0K, PF:32K # 0K, P:32K)
[3] 0.029230 -0.020608 (6) WT +J(CM:0, PgRf:0, Rd:0/0, Dy:0/0, Lg:3480/2) +M(C:0K, Fs:15, WS:24K # 0K, PF:24K # 0K, P:24K)
[4] 0.000125 +J(0)
[5] -
[6] -
[7] -
[8] 0.002079 -0.001794 (2) CM -0.001703 (2) WT +J(CM:2, PgRf:2, Rd:4/2, Dy:0/0, Lg:54/1) +M(C:120K, Fs:47, WS:132K # 0K, PF:144K # 0K, P:144K)
[9] 0.006998 -0.006399 (2) CM -0.006193 (2) WT +J(CM:2, PgRf:16, Rd:0/2, Dy:0/0, Lg:0/0) +M(C:-16K, Fs:40, WS:80K # 0K, PF:208K # 0K, P:208K)
[10] 0.000886 -0.000782 (1) CM -0.000748 (1) WT +J(CM:1, PgRf:35, Rd:0/1, Dy:0/0, Lg:0/0) +M(C:-28K, Fs:4, WS:-12K # 0K, PF:36K # 0K, P:36K)
[11] 0.000010 +J(CM:0, PgRf:1, Rd:0/0, Dy:0/0, Lg:0/0) +M(C:0K, Fs:3, WS:12K # 0K, PF:0K # 0K, P:0K)
[12] 0.000041 +J(CM:0, PgRf:42, Rd:0/0, Dy:0/0, Lg:0/0) +M(C:0K, Fs:1, WS:4K # 0K, PF:0K # 0K, P:0K)
[13] 0.0 +J(0)
[14] 0.0 +J(0)
[15] 0.000004 +J(CM:0, PgRf:1, Rd:0/0, Dy:0/0, Lg:0/0)."
"9/1/2026 7:17:13 PM","105","Information","ESENT","svchost (1372,D,0) WDS: The database engine started a new instance (0). (Time=0 seconds) 
 
Additional Data:
 lgposV2[] = 00000001:0001:0000 - 00000001:0095:0309 - 00000001:0096:0000 - 00000001:0096:0000 (00000000:0000:0000)
cReInits = 42
 
 
Internal Timing Sequence: 
[1] 0.001541 +J(0) +M(C:0K, Fs:191, WS:744K # 744K, PF:5384K # 5384K, P:5384K)
[2] 0.000766 +J(0) +M(C:64K, Fs:140, WS:556K # 556K, PF:384K # 384K, P:384K)
[3] 0.002726 +J(0) +M(C:0K, Fs:5, WS:20K # 20K, PF:64K # 64K, P:64K)
[4] 0.000163 +J(0) +M(C:0K, Fs:23, WS:88K # 88K, PF:232K # 232K, P:232K)
[5] 0.000485 +J(0) +M(C:0K, Fs:9, WS:36K # 36K, PF:16K # 16K, P:16K)
[6] 0.005487 +J(0) +M(C:0K, Fs:23, WS:92K # 92K, PF:12K # 12K, P:12K)
[7] 0.075319 -0.065677 (11) WT +J(0) +M(C:0K, Fs:1300, WS:5188K # 5188K, PF:5132K # 5132K, P:5132K)
[8] 0.101742 -0.075621 (60) WT +J(CM:0, PgRf:0, Rd:0/0, Dy:0/0, Lg:604268/1058) +M(C:0K, Fs:1108, WS:392K # 424K, PF:244K # 276K, P:244K)
[9] 0.003034 +J(0) +M(C:0K, Fs:3, WS:12K # 0K, PF:0K # 0K, P:0K)
[10] 0.037158 -0.034246 (10) WT +J(0) +M(C:0K, Fs:8, WS:-5084K # 12K, PF:-5120K # 0K, P:-5120K)
[11] 0.000024 +J(CM:0, PgRf:0, Rd:0/0, Dy:0/0, Lg:49/1) +M(C:0K, Fs:2, WS:8K # 0K, PF:0K # 0K, P:0K)
[12] 0.000036 +J(0)
[13] 0.100643 -0.005338 (2) CM -0.076820 (30) WT +J(CM:2, PgRf:2, Rd:0/2, Dy:0/0, Lg:8759/5) +M(C:-56K, Fs:1350, WS:40K # 52K, PF:80K # 60K, P:80K)
[14] 0.000027 +J(0)
[15] 0.000031 +J(0)
[16] 0.010770 -0.010576 (1) WT +J(0) +M(C:0K, Fs:2, WS:0K # 0K, PF:0K # 0K, P:0K)."
"9/1/2026 7:17:13 PM","302","Information","ESENT","svchost (1372,U,98) WDS: The database engine has successfully completed recovery steps."
"9/1/2026 7:17:13 PM","301","Information","ESENT","svchost (1372,R,98) WDS: The database engine has finished replaying logfile C:\RemoteInstall\Stores\Metadata\WDS.log. 
 
Processing Stats: 
[1] 0.094266 -0.072531 (57) WT +J(CM:0, PgRf:0, Rd:0/0, Dy:0/0, Lg:604268/1058) +M(C:0K, Fs:1066, WS:232K # 264K, PF:164K # 196K, P:164K). 
Log record of type 'Insert   ' was seen most frequently (277 times)"
"9/1/2026 7:17:13 PM","5615","Information","Microsoft-Windows-WMI","Windows Management Instrumentation Service started sucessfully"
"9/1/2026 7:17:13 PM","335","Information","ESENT","svchost (1372,R,98) WDS: Replay of a Create for database ""C:\RemoteInstall\Stores\Metadata\WDSMD.mdb"" at log position (00000001,0001,0268) was deferred due to AttachFuture.  Additional information:  "
"9/1/2026 7:17:13 PM","300","Information","ESENT","svchost (1372,R,98) WDS: The database engine is initiating recovery steps."
"9/1/2026 7:17:13 PM","102","Information","ESENT","svchost (1372,P,98) WDS: The database engine (10.00.20348.0000) is starting a new instance (0)."
"9/1/2026 7:17:13 PM","517","Information","WDSServer","Provider WDSMC loaded from C:\Windows\system32\wdsmc.dll and initialized successfully."
"9/1/2026 7:17:13 PM","105","Information","VMTools","The service was started."
"9/1/2026 7:17:13 PM","1025","Information","WDSServer","The RPC server started on TCP port 5040. 
"
"9/1/2026 7:17:03 PM","1531","Information","Microsoft-Windows-User Profiles Service","The User Profile Service has started successfully.  

"
"9/1/2026 5:18:23 PM","38","Information","Microsoft-Windows-CertificationAuthority","Active Directory Certificate Services for scaffold-DC-CA was stopped."
"9/1/2026 7:17:03 PM","4625","Information","Microsoft-Windows-EventSystem","The EventSystem sub system is suppressing duplicate event log entries for a duration of 86400 seconds.  The suppression timeout can be controlled by a REG_DWORD value named SuppressDuplicateDuration under the following registry key: HKLM\Software\Microsoft\EventSystem\EventLog."
"9/1/2026 5:18:22 PM","1532","Information","Microsoft-Windows-User Profiles Service","The User Profile Service has stopped.  

"
