"9/1/2026 9:46:13 PM","900","Information","Microsoft-Windows-Security-SPP","The Software Protection service is starting.
Parameters:<explicit>"
"9/1/2026 9:46:13 PM","1000","Information","VGAuth","vmtoolsd: Username and password successfully validated for 'Administrator'"
"9/1/2026 9:46:12 PM","0","Information","edgeupdate","Service stopped."
"9/1/2026 9:46:11 PM","1000","Information","VGAuth","vmtoolsd: Username and password successfully validated for 'Administrator'"
"9/1/2026 9:46:08 PM","1000","Information","VGAuth","vmtoolsd: Username and password successfully validated for 'Administrator'"
"9/1/2026 9:46:06 PM","1000","Information","VGAuth","vmtoolsd: Username and password successfully validated for 'Administrator'"
"9/1/2026 9:46:04 PM","1000","Information","VGAuth","vmtoolsd: Username and password successfully validated for 'Administrator'"
"9/1/2026 9:46:02 PM","1000","Information","VGAuth","vmtoolsd: Username and password successfully validated for 'Administrator'"
"9/1/2026 9:46:01 PM","1000","Information","VGAuth","vmtoolsd: Username and password successfully validated for 'Administrator'"
"9/1/2026 9:45:58 PM","1000","Information","VGAuth","vmtoolsd: Username and password successfully validated for 'Administrator'"
"9/1/2026 9:45:52 PM","1000","Information","VGAuth","vmtoolsd: Username and password successfully validated for 'Administrator'"
"9/1/2026 9:45:52 PM","1000","Information","VGAuth","vmtoolsd: Username and password successfully validated for 'Administrator'"
"9/1/2026 9:45:52 PM","1000","Information","VGAuth","vmtoolsd: Username and password successfully validated for 'Administrator'"
"9/1/2026 9:45:52 PM","1000","Information","VGAuth","vmtoolsd: Username and password successfully validated for 'Administrator'"
"9/1/2026 9:45:52 PM","1000","Information","VGAuth","vmtoolsd: Username and password successfully validated for 'Administrator'"
"9/1/2026 9:45:52 PM","1000","Information","VGAuth","vmtoolsd: Username and password successfully validated for 'Administrator'"
"9/1/2026 9:45:52 PM","1000","Information","VGAuth","vmtoolsd: Username and password successfully validated for 'Administrator'"
"9/1/2026 9:45:51 PM","1000","Information","VGAuth","vmtoolsd: Username and password successfully validated for 'Administrator'"
"9/1/2026 9:45:51 PM","1000","Information","VGAuth","vmtoolsd: Username and password successfully validated for 'Administrator'"
"9/1/2026 9:45:51 PM","1000","Information","VGAuth","vmtoolsd: Username and password successfully validated for 'Administrator'"
"9/1/2026 9:45:51 PM","1000","Information","VGAuth","vmtoolsd: Username and password successfully validated for 'Administrator'"
"9/1/2026 9:45:51 PM","1000","Information","VGAuth","vmtoolsd: Username and password successfully validated for 'Administrator'"
"9/1/2026 9:45:51 PM","1000","Information","VGAuth","vmtoolsd: Username and password successfully validated for 'Administrator'"
"9/1/2026 9:45:51 PM","1000","Information","VGAuth","vmtoolsd: Username and password successfully validated for 'Administrator'"
"9/1/2026 9:45:50 PM","1000","Information","VGAuth","vmtoolsd: Username and password successfully validated for 'Administrator'"
"9/1/2026 9:45:30 PM","1000","Information","VGAuth","vmtoolsd: Username and password successfully validated for 'Administrator'"
"9/1/2026 9:45:25 PM","1000","Information","VGAuth","vmtoolsd: Username and password successfully validated for 'Administrator'"
"9/1/2026 9:45:25 PM","1000","Information","VGAuth","vmtoolsd: Username and password successfully validated for 'Administrator'"
"9/1/2026 9:45:25 PM","1000","Information","VGAuth","vmtoolsd: Username and password successfully validated for 'Administrator'"
"9/1/2026 9:45:25 PM","1000","Information","VGAuth","vmtoolsd: Username and password successfully validated for 'Administrator'"
"9/1/2026 9:45:25 PM","1000","Information","VGAuth","vmtoolsd: Username and password successfully validated for 'Administrator'"
"9/1/2026 9:45:25 PM","1000","Information","VGAuth","vmtoolsd: Username and password successfully validated for 'Administrator'"
"9/1/2026 9:45:25 PM","1000","Information","VGAuth","vmtoolsd: Username and password successfully validated for 'Administrator'"
"9/1/2026 9:45:24 PM","1000","Information","VGAuth","vmtoolsd: Username and password successfully validated for 'Administrator'"
"9/1/2026 9:45:20 PM","1000","Information","VGAuth","vmtoolsd: Username and password successfully validated for 'Administrator'"
"9/1/2026 9:45:20 PM","1000","Information","VGAuth","vmtoolsd: Username and password successfully validated for 'Administrator'"
"9/1/2026 9:45:20 PM","1000","Information","VGAuth","vmtoolsd: Username and password successfully validated for 'Administrator'"
"9/1/2026 9:45:20 PM","1000","Information","VGAuth","vmtoolsd: Username and password successfully validated for 'Administrator'"
"9/1/2026 9:45:20 PM","1000","Information","VGAuth","vmtoolsd: Username and password successfully validated for 'Administrator'"
"9/1/2026 9:45:20 PM","1000","Information","VGAuth","vmtoolsd: Username and password successfully validated for 'Administrator'"
"9/1/2026 9:45:20 PM","1000","Information","VGAuth","vmtoolsd: Username and password successfully validated for 'Administrator'"
"9/1/2026 9:45:19 PM","1000","Information","VGAuth","vmtoolsd: Username and password successfully validated for 'Administrator'"
"9/1/2026 9:45:19 PM","1000","Information","VGAuth","vmtoolsd: Username and password successfully validated for 'Administrator'"
"9/1/2026 9:45:17 PM","1000","Information","VGAuth","vmtoolsd: Username and password successfully validated for 'Administrator'"
"9/1/2026 9:45:14 PM","1000","Information","VGAuth","vmtoolsd: Username and password successfully validated for 'Administrator'"
"9/1/2026 9:45:12 PM","1000","Information","VGAuth","vmtoolsd: Username and password successfully validated for 'Administrator'"
"9/1/2026 9:45:10 PM","1000","Information","VGAuth","vmtoolsd: Username and password successfully validated for 'Administrator'"
"9/1/2026 9:45:10 PM","1000","Information","VGAuth","vmtoolsd: Username and password successfully validated for 'Administrator'"
"9/1/2026 9:45:08 PM","1000","Information","VGAuth","vmtoolsd: Username and password successfully validated for 'Administrator'"
"9/1/2026 9:45:08 PM","1000","Information","VGAuth","vmtoolsd: Username and password successfully validated for 'Administrator'"
"9/1/2026 9:45:08 PM","1000","Information","VGAuth","vmtoolsd: Username and password successfully validated for 'Administrator'"
"9/1/2026 9:45:08 PM","1000","Information","VGAuth","vmtoolsd: Username and password successfully validated for 'Administrator'"
"9/1/2026 9:45:08 PM","1000","Information","VGAuth","vmtoolsd: Username and password successfully validated for 'Administrator'"
"9/1/2026 9:45:07 PM","1000","Information","VGAuth","vmtoolsd: Username and password successfully validated for 'Administrator'"
"9/1/2026 9:45:07 PM","1000","Information","VGAuth","vmtoolsd: Username and password successfully validated for 'Administrator'"
"9/1/2026 9:45:07 PM","1000","Information","VGAuth","vmtoolsd: Username and password successfully validated for 'Administrator'"
"9/1/2026 9:45:07 PM","1000","Information","VGAuth","vmtoolsd: Username and password successfully validated for 'Administrator'"
"9/1/2026 9:45:04 PM","1000","Information","VGAuth","vmtoolsd: Username and password successfully validated for 'Administrator'"
"9/1/2026 9:45:02 PM","1000","Information","VGAuth","vmtoolsd: Username and password successfully validated for 'Administrator'"
"9/1/2026 9:45:00 PM","1000","Information","VGAuth","vmtoolsd: Username and password successfully validated for 'Administrator'"
"9/1/2026 9:44:58 PM","1000","Information","VGAuth","vmtoolsd: Username and password successfully validated for 'Administrator'"
"9/1/2026 9:44:55 PM","1000","Information","VGAuth","vmtoolsd: Username and password successfully validated for 'Administrator'"
"9/1/2026 9:44:53 PM","1000","Information","VGAuth","vmtoolsd: Username and password successfully validated for 'Administrator'"
"9/1/2026 9:44:50 PM","1000","Information","VGAuth","vmtoolsd: Username and password successfully validated for 'Administrator'"
"9/1/2026 9:44:48 PM","1000","Information","VGAuth","vmtoolsd: Username and password successfully validated for 'Administrator'"
"9/1/2026 9:44:48 PM","1000","Information","VGAuth","vmtoolsd: Username and password successfully validated for 'Administrator'"
"9/1/2026 9:44:46 PM","1000","Information","VGAuth","vmtoolsd: Username and password successfully validated for 'Administrator'"
"9/1/2026 9:44:46 PM","1000","Information","VGAuth","vmtoolsd: Username and password successfully validated for 'Administrator'"
"9/1/2026 9:44:46 PM","1000","Information","VGAuth","vmtoolsd: Username and password successfully validated for 'Administrator'"
"9/1/2026 9:44:45 PM","1000","Information","VGAuth","vmtoolsd: Username and password successfully validated for 'Administrator'"
"9/1/2026 9:44:45 PM","1000","Information","VGAuth","vmtoolsd: Username and password successfully validated for 'Administrator'"
"9/1/2026 9:44:45 PM","1000","Information","VGAuth","vmtoolsd: Username and password successfully validated for 'Administrator'"
"9/1/2026 9:44:45 PM","1000","Information","VGAuth","vmtoolsd: Username and password successfully validated for 'Administrator'"
"9/1/2026 9:44:44 PM","1000","Information","VGAuth","vmtoolsd: Username and password successfully validated for 'Administrator'"
"9/1/2026 9:44:44 PM","1000","Information","VGAuth","vmtoolsd: Username and password successfully validated for 'Administrator'"
"9/1/2026 9:44:42 PM","1000","Information","VGAuth","vmtoolsd: Username and password successfully validated for 'Administrator'"
"9/1/2026 9:44:39 PM","1000","Information","VGAuth","vmtoolsd: Username and password successfully validated for 'Administrator'"
"9/1/2026 9:44:37 PM","1000","Information","VGAuth","vmtoolsd: Username and password successfully validated for 'Administrator'"
"9/1/2026 9:44:35 PM","256","Information","WDSServer","The Windows Deployment Services server started successfully. 
"
"9/1/2026 9:44:35 PM","517","Information","WDSServer","Provider WDSPXE loaded from C:\Windows\system32\wdspxe.dll and initialized successfully."
"9/1/2026 9:44:35 PM","777","Information","WDSPXE","Rogue detection has been disabled for this server. The Windows Deployment  Services server is authorized as a valid DHCP/PXE server and will process incoming client requests."
"9/1/2026 9:44:35 PM","262","Information","WDSPXE","Provider WDSDCPXE was loaded from C:\Windows\system32\wdsdcpxe.dll and initialized successfully."
"9/1/2026 9:44:35 PM","1305","Information","BINLSVC","Combined BCD file x64uefi{90F66060-51D4-461C-9849-D723E674AA13}.bcd generated successfully for the x64uefi architecture."
"9/1/2026 9:44:35 PM","1305","Information","BINLSVC","Combined BCD file x86uefi{ECB82BFE-9AF6-41BB-B578-CB437810A5FA}.bcd generated successfully for the x86uefi architecture."
"9/1/2026 9:44:35 PM","1305","Information","BINLSVC","Combined BCD file arm{6B8DB186-491E-4190-AD1A-D5DFDE7D8B65}.bcd generated successfully for the arm architecture."
"9/1/2026 9:44:35 PM","1305","Information","BINLSVC","Combined BCD file x86x64{0D943D66-580A-4E7D-AE83-3434161B06BF}.bcd generated successfully for the x86x64 architecture."
"9/1/2026 9:44:35 PM","1305","Information","BINLSVC","Combined BCD file arm64{35C722D0-CFD3-44FD-866B-993519262F20}.bcd generated successfully for the arm64 architecture."
"9/1/2026 9:44:35 PM","1305","Information","BINLSVC","Combined BCD file x64{F16132D2-2A56-400B-9DC7-43A13FEAAFE1}.bcd generated successfully for the x64 architecture."
"9/1/2026 9:44:35 PM","1305","Information","BINLSVC","Combined BCD file x86{AF16F8D0-044D-4405-8124-C6F9BEDF534B}.bcd generated successfully for the x86 architecture."
"9/1/2026 9:44:35 PM","326","Information","ESENT","svchost (3052,D,50) AAP: The database engine attached a database (5, C:\RemoteInstall\Mgmt\binlsvcdb.mdb). (Time=0 seconds) 
 
Saved Cache: 1 0 
Additional Data: lgposAttach = 00000001:00B4:0268,
dbv = 1568.180.400 (9360) 
 
Internal Timing Sequence: 
[1] 0.000003 +J(0)
[2] 0.001237 -0.001057 (1) WT +J(0) +M(C:0K, Fs:24, WS:32K # 0K, PF:32K # 0K, P:32K)
[3] 0.025686 -0.019316 (6) WT +J(CM:0, PgRf:0, Rd:0/0, Dy:0/0, Lg:3480/2) +M(C:0K, Fs:14, WS:20K # 0K, PF:20K # 0K, P:20K)
[4] 0.000094 +J(0)
[5] -
[6] -
[7] -
[8] 0.000353 +J(CM:0, PgRf:2, Rd:11/0, Dy:0/0, Lg:54/1) +M(C:188K, Fs:88, WS:352K # 0K, PF:208K # 0K, P:208K)
[9] 0.002478 -0.002237 (2) CM -0.002188 (2) WT +J(CM:2, PgRf:16, Rd:0/1, Dy:0/0, Lg:0/0) +M(C:-16K, Fs:10, WS:-40K # 0K, PF:-8K # 0K, P:-8K)
[10] 0.000532 -0.000378 (1) CM -0.000347 (1) WT +J(CM:1, PgRf:35, Rd:0/1, Dy:0/0, Lg:0/0) +M(C:-28K, Fs:10, WS:12K # 0K, PF:-20K # 0K, P:-20K)
[11] 0.000011 +J(CM:0, PgRf:1, Rd:0/0, Dy:0/0, Lg:0/0)
[12] 0.000041 +J(CM:0, PgRf:42, Rd:0/0, Dy:0/0, Lg:0/0)
[13] 0.000001 +J(0)
[14] 0.0 +J(0)
[15] 0.000005 +J(CM:0, PgRf:1, Rd:0/0, Dy:0/0, Lg:0/0)."
"9/1/2026 9:44:35 PM","1000","Information","VGAuth","vmtoolsd: Username and password successfully validated for 'Administrator'"
"9/1/2026 9:44:35 PM","105","Information","ESENT","svchost (3052,D,0) AAP: The database engine started a new instance (2). (Time=0 seconds) 
 
Additional Data:
 lgposV2[] = 00000001:0001:0000 - 00000001:00B1:02FB - 00000001:00B2:0000 - 00000001:00B2:0000 (00000000:0000:0000)
cReInits = 48
 
 
Internal Timing Sequence: 
[1] -
[2] -
[3] 0.000513 +J(0) +M(C:0K, Fs:3, WS:12K # 0K, PF:0K # 0K, P:0K)
[4] 0.000152 +J(0) +M(C:0K, Fs:9, WS:36K # 0K, PF:164K # 0K, P:164K)
[5] 0.000825 +J(0) +M(C:0K, Fs:5, WS:20K # 0K, PF:20K # 0K, P:20K)
[6] 0.002161 +J(0) +M(C:0K, Fs:2, WS:8K # 0K, PF:16K # 0K, P:16K)
[7] 0.024480 -0.018385 (11) WT +J(0) +M(C:0K, Fs:1283, WS:5120K # 1724K, PF:5132K # 1064K, P:5132K)
[8] 0.064623 -0.040816 (66) WT +J(CM:0, PgRf:0, Rd:0/0, Dy:0/0, Lg:717846/1273) +M(C:0K, Fs:1203, WS:196K # 240K, PF:68K # 112K, P:68K)
[9] 0.000669 +J(0)
[10] 0.021275 -0.018991 (10) WT +J(0) +M(C:0K, Fs:1, WS:-5116K # 0K, PF:-5124K # 0K, P:-5124K)
[11] 0.000025 +J(CM:0, PgRf:0, Rd:0/0, Dy:0/0, Lg:49/1) +M(C:0K, Fs:1, WS:4K # 0K, PF:0K # 0K, P:0K)
[12] 0.000040 +J(0)
[13] 0.050087 -0.002178 (2) CM -0.033700 (30) WT +J(CM:2, PgRf:2, Rd:0/2, Dy:0/0, Lg:8759/5) +M(C:-56K, Fs:1328, WS:-44K # 0K, PF:-120K # 0K, P:-120K)
[14] 0.000022 +J(0)
[15] 0.000031 +J(0)
[16] 0.004759 -0.004642 (1) WT +J(0) +M(C:0K, Fs:2, WS:0K # 0K, PF:0K # 0K, P:0K)."
"9/1/2026 9:44:35 PM","302","Information","ESENT","svchost (3052,U,98) AAP: The database engine has successfully completed recovery steps."
"9/1/2026 9:44:35 PM","301","Information","ESENT","svchost (3052,R,98) AAP: The database engine has finished replaying logfile C:\RemoteInstall\Mgmt\AAP.log. 
 
Processing Stats: 
[1] 0.061820 -0.039961 (63) WT +J(CM:0, PgRf:0, Rd:0/0, Dy:0/0, Lg:717846/1273) +M(C:0K, Fs:1167, WS:60K # 104K, PF:60K # 96K, P:60K). 
Log record of type 'Insert   ' was seen most frequently (326 times)"
"9/1/2026 9:44:35 PM","335","Information","ESENT","svchost (3052,R,98) AAP: Replay of a Create for database ""C:\RemoteInstall\Mgmt\binlsvcdb.mdb"" at log position (00000001,0001,0268) was deferred due to AttachFuture.  Additional information:  "
"9/1/2026 9:44:35 PM","300","Information","ESENT","svchost (3052,R,98) AAP: The database engine is initiating recovery steps."
"9/1/2026 9:44:34 PM","102","Information","ESENT","svchost (3052,P,98) AAP: The database engine (10.00.20348.0000) is starting a new instance (2)."
"9/1/2026 9:44:34 PM","517","Information","WDSServer","Provider WdsImgSrv loaded from C:\Windows\system32\WdsImgSrv.dll and initialized successfully."
"9/1/2026 9:44:34 PM","256","Information","WDSIMGSRV","The Windows Deployment Services image server initialized successfully. 
"
"9/1/2026 9:44:34 PM","1000","Information","VGAuth","vmtoolsd: Username and password successfully validated for 'Administrator'"
"9/1/2026 9:44:30 PM","517","Information","WDSServer","Provider WDSDDPS loaded from C:\Windows\system32\wdsddps.dll and initialized successfully."
"9/1/2026 9:44:30 PM","326","Information","ESENT","svchost (3052,D,50) DDP: The database engine attached a database (3, C:\RemoteInstall\Stores\Drivers\Metadata\DdpDb.mdb). (Time=0 seconds) 
 
Saved Cache: 1 0 
Additional Data: lgposAttach = 00000001:00E2:0268,
dbv = 1568.180.400 (9360) 
 
Internal Timing Sequence: 
[1] 0.000004 +J(0)
[2] 0.002210 -0.001910 (1) WT +J(0) +M(C:0K, Fs:24, WS:32K # 0K, PF:32K # 0K, P:32K)
[3] 0.011547 -0.005339 (6) WT +J(CM:0, PgRf:0, Rd:0/0, Dy:0/0, Lg:3480/2) +M(C:0K, Fs:13, WS:20K # 0K, PF:20K # 0K, P:20K)
[4] 0.000102 +J(0)
[5] -
[6] -
[7] -
[8] 0.000279 +J(CM:0, PgRf:2, Rd:6/0, Dy:0/0, Lg:54/1) +M(C:168K, Fs:43, WS:172K # 0K, PF:188K # 0K, P:188K)
[9] 0.004473 -0.002726 (3) CM -0.004022 (4) WT +J(CM:3, PgRf:16, Rd:0/2, Dy:0/0, Lg:0/0) +M(C:-12K, Fs:17, WS:-8K # 0K, PF:-12K # 0K, P:-12K)
[10] 0.001116 -0.000914 (2) CM -0.000762 (2) WT +J(CM:2, PgRf:35, Rd:0/2, Dy:0/0, Lg:0/0) +M(C:-28K, Fs:6, WS:-24K # 0K, PF:-28K # 0K, P:-28K)
[11] 0.000014 +J(CM:0, PgRf:1, Rd:0/0, Dy:0/0, Lg:0/0)
[12] 0.000058 +J(CM:0, PgRf:42, Rd:0/0, Dy:0/0, Lg:0/0)
[13] 0.000001 +J(0)
[14] 0.000001 +J(0)
[15] 0.000008 +J(CM:0, PgRf:1, Rd:0/0, Dy:0/0, Lg:0/0)."
"9/1/2026 9:44:30 PM","105","Information","ESENT","svchost (3052,D,0) DDP: The database engine started a new instance (1). (Time=0 seconds) 
 
Additional Data:
 lgposV2[] = 00000001:0001:0000 - 00000001:00DF:0319 - 00000001:00E0:0000 - 00000001:00E0:0000 (00000000:0000:0000)
cReInits = 48
 
 
Internal Timing Sequence: 
[1] -
[2] -
[3] 0.000949 +J(0) +M(C:0K, Fs:3, WS:12K # 12K, PF:0K # 0K, P:0K)
[4] 0.000196 +J(0) +M(C:0K, Fs:11, WS:44K # 44K, PF:160K # 0K, P:160K)
[5] 0.000920 +J(0) +M(C:0K, Fs:4, WS:16K # 16K, PF:16K # 0K, P:16K)
[6] 0.003624 +J(0) +M(C:0K, Fs:2, WS:8K # 8K, PF:16K # 0K, P:16K)
[7] 0.029549 -0.024849 (11) WT +J(0) +M(C:0K, Fs:1283, WS:5120K # 5120K, PF:5132K # 4428K, P:5132K)
[8] 0.086917 -0.058033 (66) WT +J(CM:0, PgRf:0, Rd:0/0, Dy:0/0, Lg:904422/1768) +M(C:0K, Fs:1201, WS:188K # 232K, PF:64K # 108K, P:64K)
[9] 0.000570 +J(0)
[10] 0.028826 -0.026382 (10) WT +J(0) +M(C:0K, Fs:6, WS:-5092K # 0K, PF:-5128K # 0K, P:-5128K)
[11] 0.000027 +J(CM:0, PgRf:0, Rd:0/0, Dy:0/0, Lg:49/1) +M(C:0K, Fs:1, WS:4K # 0K, PF:0K # 0K, P:0K)
[12] 0.000065 +J(0)
[13] 0.054240 -0.001280 (2) CM -0.038653 (30) WT +J(CM:2, PgRf:2, Rd:0/2, Dy:0/0, Lg:8759/5) +M(C:-56K, Fs:1312, WS:-112K # 0K, PF:-108K # 0K, P:-108K)
[14] 0.000019 +J(0)
[15] 0.000033 +J(0)
[16] 0.000605 -0.000444 (1) WT +J(0) +M(C:0K, Fs:2, WS:0K # 0K, PF:0K # 0K, P:0K)."
"9/1/2026 9:44:30 PM","302","Information","ESENT","svchost (3052,U,98) DDP: The database engine has successfully completed recovery steps."
"9/1/2026 9:44:30 PM","301","Information","ESENT","svchost (3052,R,98) DDP: The database engine has finished replaying logfile C:\RemoteInstall\Stores\Drivers\Metadata\DDP.log. 
 
Processing Stats: 
[1] 0.078694 -0.051791 (63) WT +J(CM:0, PgRf:0, Rd:0/0, Dy:0/0, Lg:904422/1768) +M(C:0K, Fs:1166, WS:56K # 100K, PF:56K # 92K, P:56K). 
Log record of type 'Insert   ' was seen most frequently (479 times)"
"9/1/2026 9:44:29 PM","335","Information","ESENT","svchost (3052,R,98) DDP: Replay of a Create for database ""C:\RemoteInstall\Stores\Drivers\Metadata\DdpDb.mdb"" at log position (00000001,0001,0268) was deferred due to AttachFuture.  Additional information:  "
"9/1/2026 9:44:29 PM","300","Information","ESENT","svchost (3052,R,98) DDP: The database engine is initiating recovery steps."
"9/1/2026 9:44:29 PM","102","Information","ESENT","svchost (3052,P,98) DDP: The database engine (10.00.20348.0000) is starting a new instance (1)."
"9/1/2026 9:44:29 PM","517","Information","WDSServer","Provider WDSDCPXE loaded from C:\Windows\system32\wdsdcpxe.dll and initialized successfully."
"9/1/2026 9:44:29 PM","517","Information","WDSServer","Provider WDSDCMGR loaded from C:\Windows\system32\wdsdcmgr.dll and initialized successfully."
"9/1/2026 9:44:29 PM","1000","Information","VGAuth","vmtoolsd: Username and password successfully validated for 'Administrator'"
"9/1/2026 9:44:24 PM","1000","Information","VGAuth","vmtoolsd: Username and password mismatch for 'Administrator'"
"9/1/2026 9:44:21 PM","3408","Information","MSSQL$SQLEXPRESS","Recovery is complete. This is an informational message only. No user action is required."
"9/1/2026 9:44:21 PM","9688","Information","MSSQL$SQLEXPRESS","Service Broker manager has started."
"9/1/2026 9:44:21 PM","9666","Information","MSSQL$SQLEXPRESS","The Database Mirroring endpoint is in disabled or stopped state."
"9/1/2026 9:44:21 PM","9666","Information","MSSQL$SQLEXPRESS","The Service Broker endpoint is in disabled or stopped state."
"9/1/2026 9:44:21 PM","17137","Information","MSSQL$SQLEXPRESS","Starting up database 'tempdb'."
"9/1/2026 9:44:21 PM","17136","Information","MSSQL$SQLEXPRESS","Clearing tempdb database."
"9/1/2026 9:44:20 PM","17137","Information","MSSQL$SQLEXPRESS","Starting up database 'model'."
"9/1/2026 9:44:20 PM","26067","Information","MSSQL$SQLEXPRESS","The SQL Server Network Interface library could not register the Service Principal Name (SPN) [ MSSQLSvc/dc.scaffold.htb:52951 ] for the SQL Server service. Windows return code: 0x54b, state: 3. Failure to register a SPN might cause integrated authentication to use NTLM instead of Kerberos. This is an informational message. Further action is only required if Kerberos authentication is required by authentication policies and if the SPN has not been manually registered."
"9/1/2026 9:44:20 PM","26067","Information","MSSQL$SQLEXPRESS","The SQL Server Network Interface library could not register the Service Principal Name (SPN) [ MSSQLSvc/dc.scaffold.htb:SQLEXPRESS ] for the SQL Server service. Windows return code: 0x54b, state: 3. Failure to register a SPN might cause integrated authentication to use NTLM instead of Kerberos. This is an informational message. Further action is only required if Kerberos authentication is required by authentication policies and if the SPN has not been manually registered."
"9/1/2026 9:44:20 PM","26076","Information","MSSQL$SQLEXPRESS","SQL Server is attempting to register a Service Principal Name (SPN) for the SQL Server service. Kerberos authentication will not be possible until a SPN is registered for the SQL Server service. This is an informational message. No user action is required."
"9/1/2026 9:44:20 PM","17126","Information","MSSQL$SQLEXPRESS","SQL Server is now ready for client connections. This is an informational message; no user action is required."
"9/1/2026 9:44:20 PM","17199","Information","MSSQL$SQLEXPRESS","Dedicated administrator connection support was not started because it is disabled on this edition of SQL Server. If you want to use a dedicated administrator connection, restart SQL Server using the trace flag 7806. This is an informational message only. No user action is required."
"9/1/2026 9:44:20 PM","26048","Information","MSSQL$SQLEXPRESS","Server local connection provider is ready to accept connection on [ \\.\pipe\MSSQL$SQLEXPRESS\sql\query ]."
"9/1/2026 9:44:20 PM","26048","Information","MSSQL$SQLEXPRESS","Server local connection provider is ready to accept connection on [ \\.\pipe\SQLLocal\SQLEXPRESS ]."
"9/1/2026 9:44:20 PM","26022","Information","MSSQL$SQLEXPRESS","Server is listening on [ 'any' <ipv4> 52951]."
"9/1/2026 9:44:20 PM","26022","Information","MSSQL$SQLEXPRESS","Server is listening on [ 'any' <ipv6> 52951]."
"9/1/2026 9:44:20 PM","26018","Information","MSSQL$SQLEXPRESS","A self-generated certificate was successfully loaded for encryption."
"9/1/2026 9:44:20 PM","958","Information","MSSQL$SQLEXPRESS","The resource database build version is 15.00.2000. This is an informational message only. No user action is required."
"9/1/2026 9:44:20 PM","17137","Information","MSSQL$SQLEXPRESS","Starting up database 'mssqlsystemresource'."
"9/1/2026 9:44:20 PM","17137","Information","MSSQL$SQLEXPRESS","Starting up database 'msdb'."
"9/1/2026 9:44:20 PM","17663","Information","MSSQL$SQLEXPRESS","Server name is 'DC\SQLEXPRESS'. This is an informational message only. No user action is required."
"9/1/2026 9:44:20 PM","19030","Information","MSSQL$SQLEXPRESS","SQL Trace ID 1 was started by login ""sa""."
"9/1/2026 9:44:19 PM","33218","Information","MSSQL$SQLEXPRESS","SQL Server Audit has started the audits. This is an informational message. No user action is required."
"9/1/2026 9:44:19 PM","33217","Information","MSSQL$SQLEXPRESS","SQL Server Audit is starting the audits. This is an informational message. No user action is required."
"9/1/2026 9:44:19 PM","1000","Information","VGAuth","vmtoolsd: Username and password mismatch for 'Administrator'"
"9/1/2026 9:44:19 PM","6253","Information","MSSQL$SQLEXPRESS","Common language runtime (CLR) functionality initialized using CLR version v4.0.30319 from C:\Windows\Microsoft.NET\Framework64\v4.0.30319\."
"9/1/2026 9:44:18 PM","17137","Information","MSSQL$SQLEXPRESS","Starting up database 'master'."
"9/1/2026 9:44:17 PM","49910","Information","MSSQL$SQLEXPRESS","Software Usage Metrics is disabled."
"9/1/2026 9:44:17 PM","9048","Information","MSSQL$SQLEXPRESS","clwb is selected for pmem flush operation."
"9/1/2026 9:44:17 PM","49921","Information","MSSQL$SQLEXPRESS","Total Log Writer threads: 1. This is an informational message; no user action is required."
"9/1/2026 9:44:17 PM","17118","Information","MSSQL$SQLEXPRESS","Database Instant File Initialization: disabled. For security and performance considerations see the topic 'Database Instant File Initialization' in SQL Server Books Online. This is an informational message only. No user action is required."
"9/1/2026 9:44:17 PM","17125","Information","MSSQL$SQLEXPRESS","Using dynamic lock allocation.  Initial allocation of 2500 Lock blocks and 5000 Lock Owner blocks per node.  This is an informational message only.  No user action is required."
"9/1/2026 9:44:17 PM","17152","Information","MSSQL$SQLEXPRESS","Node configuration: node 0: CPU mask: 0x0000000000000003:0 Active CPU mask: 0x0000000000000003:0. This message provides a description of the NUMA configuration for this computer. This is an informational message only. No user action is required."
"9/1/2026 9:44:17 PM","17176","Information","MSSQL$SQLEXPRESS","This instance of SQL Server last reported using a process ID of 5028 at 9/1/2026 9:24:04 PM (local) 9/2/2026 4:24:04 AM (UTC). This is an informational message only; no user action is required."
"9/1/2026 9:44:17 PM","17811","Information","MSSQL$SQLEXPRESS","The maximum number of dedicated administrator connections for this instance is '1'"
"9/1/2026 9:44:16 PM","26","Information","Microsoft-Windows-CertificationAuthority","Active Directory Certificate Services for scaffold-DC-CA was started.  DC="
"9/1/2026 9:44:16 PM","44","Error","Microsoft-Windows-CertificationAuthority","The ""Windows default"" Policy Module ""Initialize"" method returned an error. The specified domain either does not exist or could not be contacted. The returned status code is 0x8007054b (1355).  The Active Directory containing the Certification Authority could not be contacted.
"
"9/1/2026 9:44:15 PM","79","Warning","Microsoft-Windows-CertificationAuthority","Active Directory Certificate Services could not publish a Certificate for request 0 to the following location: ldap:///CN=scaffold-DC-CA,CN=AIA,CN=Public Key Services,CN=Services,CN=Configuration,DC=scaffold,DC=htb.  The specified server cannot perform the requested operation. 0x8007003a (WIN32: 58 ERROR_BAD_NET_RESP)."
"9/1/2026 9:44:15 PM","79","Warning","Microsoft-Windows-CertificationAuthority","Active Directory Certificate Services could not publish a Certificate for request 0 to the following location: ldap:///CN=scaffold-DC-CA,CN=AIA,CN=Public Key Services,CN=Services,CN=Configuration,DC=scaffold,DC=htb.  The specified server cannot perform the requested operation. 0x8007003a (WIN32: 58 ERROR_BAD_NET_RESP)."
"9/1/2026 9:44:16 PM","873","Information","MSSQL$SQLEXPRESS","Buffer pool extension is already disabled. No action is necessary."
"9/1/2026 9:44:16 PM","271","Information","VMUpgradeHelper","Restored network configuration."
"9/1/2026 9:44:16 PM","49917","Information","MSSQL$SQLEXPRESS","Default collation: SQL_Latin1_General_CP1_CI_AS (us_english 1033)"
"9/1/2026 9:44:15 PM","94","Warning","Microsoft-Windows-CertificationAuthority","Active Directory Certificate Services scaffold-DC-CA can not open the certificate store at CN=NTAuthCertificates,CN=Public Key Services,CN=Services in the Active Directory's configuration container."
"9/1/2026 9:44:15 PM","4202","Information","Microsoft-Windows-MSDTC 2","MSDTC started with the following settings: Security Configuration (OFF = 0 and ON = 1): Allow Remote Administrator = 0, Network Clients = 0, Transaction Manager Communication:  Allow Inbound Transactions = 0, Allow Outbound Transactions = 0, Transaction Internet Protocol (TIP) = 0,  Enable XA Transactions = 0,  Enable SNA LU 6.2 Transactions = 1,  MSDTC Communications Security = Mutual Authentication Required, Account = NT AUTHORITY\NetworkService,  Firewall Exclusion Detected = 0 Transaction Bridge Installed = 0 Filtering Duplicate Events = 1"
"9/1/2026 9:44:15 PM","326","Information","ESENT","certsrv.exe (2668,D,50) The database engine attached a database (1, C:\Windows\system32\CertLog\scaffold-DC-CA.edb). (Time=0 seconds) 
 
Saved Cache: 0 0 
Additional Data: lgposAttach = 00000005:008C:0268,
dbv = 1568.180.400 (9360) 
 
Internal Timing Sequence: 
[1] 0.000004 +J(0) +M(C:0K, Fs:1, WS:4K # 0K, PF:0K # 0K, P:0K)
[2] 0.003235 -0.003040 (1) WT +J(0) +M(C:0K, Fs:18, WS:8K # 0K, PF:4K # 0K, P:4K)
[3] 0.279147 -0.015256 (6) WT +J(CM:0, PgRf:0, Rd:0/0, Dy:0/0, Lg:3480/2) +M(C:0K, Fs:24, WS:88K # 0K, PF:120K # 0K, P:120K)
[4] 0.000138 +J(0)
[5] -
[6] -
[7] -
[8] 0.003620 -0.003009 (2) CM -0.002889 (2) WT +J(CM:2, PgRf:2, Rd:14/2, Dy:0/0, Lg:54/1) +M(C:0K, Fs:41, WS:164K # 0K, PF:168K # 0K, P:168K)
[9] 0.003442 -0.003184 (3) CM -0.003047 (3) WT +J(CM:3, PgRf:23, Rd:0/2, Dy:0/0, Lg:0/0) +M(C:0K, Fs:31, WS:124K # 0K, PF:196K # 0K, P:196K)
[10] 0.001480 -0.001350 (1) CM -0.001304 (1) WT +J(CM:1, PgRf:40, Rd:0/1, Dy:0/0, Lg:0/0) +M(C:0K, Fs:7, WS:28K # 0K, PF:64K # 0K, P:64K)
[11] 0.000019 +J(CM:0, PgRf:1, Rd:0/0, Dy:0/0, Lg:0/0) +M(C:0K, Fs:4, WS:16K # 0K, PF:0K # 0K, P:0K)
[12] 0.000046 +J(CM:0, PgRf:42, Rd:0/0, Dy:0/0, Lg:0/0) +M(C:0K, Fs:1, WS:4K # 0K, PF:0K # 0K, P:0K)
[13] 0.0 +J(0)
[14] 0.0 +J(0)
[15] 0.000005 +J(CM:0, PgRf:1, Rd:0/0, Dy:0/0, Lg:0/0)."
"9/1/2026 9:44:15 PM","894","Information","MSSQL$SQLEXPRESS","Buffer Pool: Allocating 1048576 bytes for 641662 hashPages."
"9/1/2026 9:44:15 PM","105","Information","ESENT","certsrv.exe (2668,D,0) The database engine started a new instance (0). (Time=0 seconds) 
 
Additional Data:
  
 
Internal Timing Sequence: 
[1] 0.001318 +J(0) +M(C:0K, Fs:152, WS:592K # 592K, PF:2880K # 2612K, P:2880K)
[2] 0.000720 +J(0) +M(C:3200K, Fs:159, WS:624K # 624K, PF:3660K # 3660K, P:3660K)
[3] 0.000025 +J(0) +M(C:0K, Fs:4, WS:12K # 12K, PF:68K # 68K, P:68K)
[4] 0.000109 +J(0) +M(C:0K, Fs:18, WS:72K # 72K, PF:496K # 496K, P:496K)
[5] 0.000589 +J(0) +M(C:0K, Fs:9, WS:36K # 36K, PF:20K # 20K, P:20K)
[6] 0.003700 +J(0) +M(C:0K, Fs:30, WS:116K # 116K, PF:16K # 16K, P:16K)
[7] 0.012074 -0.008521 (3) WT +J(0) +M(C:0K, Fs:274, WS:1096K # 1096K, PF:1024K # 1024K, P:1024K)
[8] -
[9] -
[10] -
[11] -
[12] -
[13] 0.033664 -0.021382 (4) WT +J(CM:0, PgRf:0, Rd:0/0, Dy:0/0, Lg:616/1) +M(C:0K, Fs:6, WS:-1008K # 16K, PF:-1020K # 12K, P:-1020K)
[14] 0.000023 +J(0)
[15] 0.000130 +J(0) +M(C:0K, Fs:100, WS:400K # 0K, PF:64K # 0K, P:64K)
[16] 0.001413 -0.001233 (1) WT +J(0) +M(C:0K, Fs:3, WS:4K # 0K, PF:0K # 0K, P:0K)."
"9/1/2026 9:44:15 PM","102","Information","ESENT","certsrv.exe (2668,P,98) The database engine (10.00.20348.0000) is starting a new instance (0)."
"9/1/2026 9:44:14 PM","0","Information","Microsoft Deployment Toolkit Monitor Service","Service started successfully."
"9/1/2026 9:44:13 PM","258","Information","VMUpgradeHelper","Restoring network configuration."
"9/1/2026 9:44:13 PM","852","Information","MSSQL$SQLEXPRESS","Using conventional memory in the memory manager."
"9/1/2026 9:44:13 PM","49903","Information","MSSQL$SQLEXPRESS","Detected 4095 MB of RAM. This is an informational message; no user action is required."
"9/1/2026 9:44:13 PM","17162","Information","MSSQL$SQLEXPRESS","SQL Server is starting at normal priority base (=7). This is an informational message only. No user action is required."
"9/1/2026 9:44:13 PM","17164","Information","MSSQL$SQLEXPRESS","SQL Server detected 1 sockets with 2 cores per socket and 2 logical processors per socket, 2 total logical processors; using 2 logical processors based on SQL Server licensing. This is an informational message; no user action is required."
"9/1/2026 9:44:12 PM","17115","Information","MSSQL$SQLEXPRESS","Command Line Startup Parameters:
	 -s ""SQLEXPRESS"""
"9/1/2026 9:44:12 PM","17110","Information","MSSQL$SQLEXPRESS","Registry startup parameters: 
	 -d C:\Program Files\Microsoft SQL Server\MSSQL15.SQLEXPRESS\MSSQL\DATA\master.mdf
	 -e C:\Program Files\Microsoft SQL Server\MSSQL15.SQLEXPRESS\MSSQL\Log\ERRORLOG
	 -l C:\Program Files\Microsoft SQL Server\MSSQL15.SQLEXPRESS\MSSQL\DATA\mastlog.ldf"
"9/1/2026 9:44:12 PM","49904","Information","MSSQL$SQLEXPRESS","The service account is 'NT Service\MSSQL$SQLEXPRESS'. This is an informational message; no user action is required."
"9/1/2026 9:44:12 PM","17111","Information","MSSQL$SQLEXPRESS","Logging SQL Server messages in file 'C:\Program Files\Microsoft SQL Server\MSSQL15.SQLEXPRESS\MSSQL\Log\ERRORLOG'."
"9/1/2026 9:44:12 PM","15268","Information","MSSQL$SQLEXPRESS","Authentication mode is MIXED."
"9/1/2026 9:44:12 PM","18496","Information","MSSQL$SQLEXPRESS","System Manufacturer: 'VMware, Inc.', System Model: 'VMware20,1'."
"9/1/2026 9:44:12 PM","17104","Information","MSSQL$SQLEXPRESS","Server process ID is 4244."
"9/1/2026 9:44:12 PM","17103","Information","MSSQL$SQLEXPRESS","All rights reserved."
"9/1/2026 9:44:12 PM","17101","Information","MSSQL$SQLEXPRESS","(c) Microsoft Corporation."
"9/1/2026 9:44:12 PM","49916","Information","MSSQL$SQLEXPRESS","UTC adjustment: -7:00"
"9/1/2026 9:44:12 PM","17069","Information","MSSQL$SQLEXPRESS","Microsoft SQL Server 2019 (RTM) - 15.0.2000.5 (X64) 
	Sep 24 2019 13:48:23 
	Copyright (C) 2019 Microsoft Corporation
	Express Edition (64-bit) on Windows Server 2022 Datacenter 10.0 <X64> (Build 20348: ) (Hypervisor)
"
"9/1/2026 9:44:12 PM","9027","Information","Desktop Window Manager","The Desktop Window Manager has registered the session port."
"9/1/2026 9:44:07 PM","91","Error","Microsoft-Windows-CertificationAuthority","Could not connect to the Active Directory.  Active Directory Certificate Services will retry when processing requires Active Directory access."
"9/1/2026 9:44:06 PM","781","Information","Microsoft-Windows-Complus","The COM+ sub system is suppressing duplicate event log entries for a duration of 86400 seconds.  The suppression timeout can be controlled by a REG_DWORD value named SuppressDuplicateDuration under the following registry key: HKLM\Software\Microsoft\COM3\Eventlog."
"9/1/2026 9:44:04 PM","5617","Information","Microsoft-Windows-WMI","Windows Management Instrumentation Service subsystems initialized successfully"
"9/1/2026 9:44:02 PM","517","Information","WDSServer","Provider WDSTFTP loaded from C:\Windows\system32\wdstftp.dll and initialized successfully."
"9/1/2026 9:44:02 PM","517","Information","WDSServer","Provider WDSMDMGR loaded from C:\Windows\system32\wdsmdmgr.dll and initialized successfully."
"9/1/2026 9:44:02 PM","326","Information","ESENT","svchost (3052,D,50) WDS: The database engine attached a database (1, C:\RemoteInstall\Stores\Metadata\WDSMD.mdb). (Time=0 seconds) 
 
Saved Cache: 1 0 
Additional Data: lgposAttach = 00000001:00AD:0268,
dbv = 1568.180.400 (9360) 
 
Internal Timing Sequence: 
[1] 0.000004 +J(0)
[2] 0.001177 -0.001004 (1) WT +J(0) +M(C:0K, Fs:24, WS:32K # 0K, PF:32K # 0K, P:32K)
[3] 0.185831 -0.179515 (6) WT +J(CM:0, PgRf:0, Rd:0/0, Dy:0/0, Lg:3480/2) +M(C:0K, Fs:15, WS:24K # 0K, PF:24K # 0K, P:24K)
[4] 0.000133 +J(0)
[5] -
[6] -
[7] -
[8] 0.008243 -0.007945 (2) CM -0.007851 (2) WT +J(CM:2, PgRf:2, Rd:4/2, Dy:0/0, Lg:54/1) +M(C:120K, Fs:46, WS:128K # 0K, PF:140K # 0K, P:140K)
[9] 0.126070 -0.125732 (3) CM -0.125619 (3) WT +J(CM:3, PgRf:16, Rd:0/2, Dy:0/0, Lg:0/0) +M(C:-16K, Fs:40, WS:80K # 0K, PF:208K # 0K, P:208K)
[10] 0.000541 -0.000434 (1) CM -0.000384 (1) WT +J(CM:1, PgRf:35, Rd:0/1, Dy:0/0, Lg:0/0) +M(C:-28K, Fs:4, WS:-12K # 0K, PF:36K # 0K, P:36K)
[11] 0.000013 +J(CM:0, PgRf:1, Rd:0/0, Dy:0/0, Lg:0/0) +M(C:0K, Fs:3, WS:12K # 0K, PF:0K # 0K, P:0K)
[12] 0.000052 +J(CM:0, PgRf:42, Rd:0/0, Dy:0/0, Lg:0/0) +M(C:0K, Fs:1, WS:4K # 0K, PF:0K # 0K, P:0K)
[13] 0.000001 +J(0)
[14] 0.0 +J(0)
[15] 0.000006 +J(CM:0, PgRf:1, Rd:0/0, Dy:0/0, Lg:0/0)."
"9/1/2026 9:44:02 PM","105","Information","ESENT","svchost (3052,D,0) WDS: The database engine started a new instance (0). (Time=0 seconds) 
 
Additional Data:
 lgposV2[] = 00000001:0001:0000 - 00000001:00AA:0309 - 00000001:00AB:0000 - 00000001:00AB:0000 (00000000:0000:0000)
cReInits = 49
 
 
Internal Timing Sequence: 
[1] 0.001731 +J(0) +M(C:0K, Fs:183, WS:716K # 716K, PF:4508K # 4508K, P:4508K)
[2] 0.000338 +J(0) +M(C:64K, Fs:124, WS:484K # 484K, PF:1260K # 1260K, P:1260K)
[3] 0.001281 +J(0) +M(C:0K, Fs:30, WS:120K # 120K, PF:64K # 68K, P:64K)
[4] 0.000208 +J(0) +M(C:0K, Fs:23, WS:88K # 88K, PF:232K # 228K, P:232K)
[5] 0.000788 +J(0) +M(C:0K, Fs:9, WS:36K # 36K, PF:16K # 16K, P:16K)
[6] 0.005175 +J(0) +M(C:0K, Fs:23, WS:92K # 92K, PF:12K # 12K, P:12K)
[7] 0.106440 -0.085441 (11) WT +J(0) +M(C:0K, Fs:1300, WS:5188K # 5188K, PF:5132K # 5132K, P:5132K)
[8] 0.542125 -0.379241 (67) WT +J(CM:0, PgRf:0, Rd:0/0, Dy:0/0, Lg:689444/1114) +M(C:0K, Fs:1277, WS:396K # 428K, PF:248K # 280K, P:248K)
[9] 0.000737 +J(0) +M(C:0K, Fs:3, WS:12K # 0K, PF:0K # 0K, P:0K)
[10] 0.046113 -0.043645 (10) WT +J(0) +M(C:0K, Fs:0, WS:-5116K # 0K, PF:-5124K # 0K, P:-5124K)
[11] 0.000030 +J(CM:0, PgRf:0, Rd:0/0, Dy:0/0, Lg:49/1) +M(C:0K, Fs:2, WS:8K # 0K, PF:0K # 0K, P:0K)
[12] 0.000039 +J(0)
[13] 0.285707 -0.001549 (2) CM -0.087524 (31) WT +J(CM:2, PgRf:2, Rd:0/2, Dy:0/0, Lg:8759/5) +M(C:-56K, Fs:1350, WS:48K # 40K, PF:84K # 60K, P:84K)
[14] 0.000033 +J(0)
[15] 0.000042 +J(0)
[16] 0.001145 -0.000950 (1) WT +J(0) +M(C:0K, Fs:2, WS:0K # 0K, PF:0K # 0K, P:0K)."
"9/1/2026 9:44:01 PM","5615","Information","Microsoft-Windows-WMI","Windows Management Instrumentation Service started sucessfully"
"9/1/2026 9:44:01 PM","302","Information","ESENT","svchost (3052,U,98) WDS: The database engine has successfully completed recovery steps."
"9/1/2026 9:44:01 PM","301","Information","ESENT","svchost (3052,R,98) WDS: The database engine has finished replaying logfile C:\RemoteInstall\Stores\Metadata\WDS.log. 
 
Processing Stats: 
[1] 0.525388 -0.371344 (64) WT +J(CM:0, PgRf:0, Rd:0/0, Dy:0/0, Lg:689444/1114) +M(C:0K, Fs:1235, WS:236K # 268K, PF:168K # 200K, P:168K). 
Log record of type 'Insert   ' was seen most frequently (277 times)"
"9/1/2026 9:44:01 PM","335","Information","ESENT","svchost (3052,R,98) WDS: Replay of a Create for database ""C:\RemoteInstall\Stores\Metadata\WDSMD.mdb"" at log position (00000001,0001,0268) was deferred due to AttachFuture.  Additional information:  "
"9/1/2026 9:44:01 PM","300","Information","ESENT","svchost (3052,R,98) WDS: The database engine is initiating recovery steps."
"9/1/2026 9:44:01 PM","102","Information","ESENT","svchost (3052,P,98) WDS: The database engine (10.00.20348.0000) is starting a new instance (0)."
"9/1/2026 9:44:01 PM","517","Information","WDSServer","Provider WDSMC loaded from C:\Windows\system32\wdsmc.dll and initialized successfully."
"9/1/2026 9:44:00 PM","1025","Information","WDSServer","The RPC server started on TCP port 5040. 
"
"9/1/2026 9:44:00 PM","105","Information","VMTools","The service was started."
"9/1/2026 9:43:50 PM","1531","Information","Microsoft-Windows-User Profiles Service","The User Profile Service has started successfully.  

"
"9/1/2026 9:24:05 PM","38","Information","Microsoft-Windows-CertificationAuthority","Active Directory Certificate Services for scaffold-DC-CA was stopped."
"9/1/2026 9:24:04 PM","1532","Information","Microsoft-Windows-User Profiles Service","The User Profile Service has stopped.  

"
"9/1/2026 9:24:04 PM","17147","Information","MSSQL$SQLEXPRESS","SQL Server is terminating because of a system shutdown. This is an informational message only. No user action is required."
"9/1/2026 9:24:04 PM","108","Information","VMTools","The service was stopped."
"9/1/2026 9:24:04 PM","272","Information","VMUpgradeHelper","Saved network configuration."
"9/1/2026 9:24:04 PM","260","Information","VMUpgradeHelper","Saving network configuration."
"9/1/2026 9:23:59 PM","1000","Information","VGAuth","vmtoolsd: Username and password successfully validated for 'Administrator'"
"9/1/2026 9:23:59 PM","1000","Information","VGAuth","vmtoolsd: Username and password successfully validated for 'Administrator'"
"9/1/2026 9:23:59 PM","1000","Information","VGAuth","vmtoolsd: Username and password successfully validated for 'Administrator'"
"9/1/2026 9:23:59 PM","1000","Information","VGAuth","vmtoolsd: Username and password successfully validated for 'Administrator'"
"9/1/2026 9:23:59 PM","1000","Information","VGAuth","vmtoolsd: Username and password successfully validated for 'Administrator'"
"9/1/2026 9:23:58 PM","1000","Information","VGAuth","vmtoolsd: Username and password successfully validated for 'Administrator'"
"9/1/2026 9:23:58 PM","1000","Information","VGAuth","vmtoolsd: Username and password successfully validated for 'Administrator'"
"9/1/2026 9:23:58 PM","1000","Information","VGAuth","vmtoolsd: Username and password successfully validated for 'Administrator'"
"9/1/2026 9:23:58 PM","1000","Information","VGAuth","vmtoolsd: Username and password successfully validated for 'Administrator'"
"9/1/2026 9:23:55 PM","1000","Information","VGAuth","vmtoolsd: Username and password successfully validated for 'Administrator'"
"9/1/2026 9:23:53 PM","1000","Information","VGAuth","vmtoolsd: Username and password successfully validated for 'Administrator'"
"9/1/2026 9:23:53 PM","1000","Information","VGAuth","vmtoolsd: Username and password successfully validated for 'Administrator'"
"9/1/2026 9:23:52 PM","1000","Information","VGAuth","vmtoolsd: Username and password successfully validated for 'Administrator'"
"9/1/2026 9:23:52 PM","1000","Information","VGAuth","vmtoolsd: Username and password successfully validated for 'Administrator'"
"9/1/2026 9:23:52 PM","1000","Information","VGAuth","vmtoolsd: Username and password successfully validated for 'Administrator'"
"9/1/2026 9:23:52 PM","1000","Information","VGAuth","vmtoolsd: Username and password successfully validated for 'Administrator'"
"9/1/2026 9:23:52 PM","1000","Information","VGAuth","vmtoolsd: Username and password successfully validated for 'Administrator'"
"9/1/2026 9:23:52 PM","1000","Information","VGAuth","vmtoolsd: Username and password successfully validated for 'Administrator'"
"9/1/2026 9:23:52 PM","1000","Information","VGAuth","vmtoolsd: Username and password successfully validated for 'Administrator'"
"9/1/2026 9:23:51 PM","1000","Information","VGAuth","vmtoolsd: Username and password successfully validated for 'Administrator'"
"9/1/2026 9:23:51 PM","1000","Information","VGAuth","vmtoolsd: Username and password successfully validated for 'Administrator'"
"9/1/2026 9:23:49 PM","1000","Information","VGAuth","vmtoolsd: Username and password successfully validated for 'Administrator'"
"9/1/2026 9:23:49 PM","1000","Information","VGAuth","vmtoolsd: Username and password successfully validated for 'Administrator'"
"9/1/2026 9:23:45 PM","1000","Information","VGAuth","vmtoolsd: Username and password successfully validated for 'Administrator'"
"9/1/2026 9:23:45 PM","1000","Information","VGAuth","vmtoolsd: Username and password successfully validated for 'Administrator'"
"9/1/2026 9:23:45 PM","1000","Information","VGAuth","vmtoolsd: Username and password successfully validated for 'Administrator'"
"9/1/2026 9:23:45 PM","1000","Information","VGAuth","vmtoolsd: Username and password successfully validated for 'Administrator'"
"9/1/2026 9:23:45 PM","1000","Information","VGAuth","vmtoolsd: Username and password successfully validated for 'Administrator'"
"9/1/2026 9:23:45 PM","1000","Information","VGAuth","vmtoolsd: Username and password successfully validated for 'Administrator'"
"9/1/2026 9:23:45 PM","1000","Information","VGAuth","vmtoolsd: Username and password successfully validated for 'Administrator'"
"9/1/2026 9:23:44 PM","1000","Information","VGAuth","vmtoolsd: Username and password successfully validated for 'Administrator'"
"9/1/2026 9:23:44 PM","1000","Information","VGAuth","vmtoolsd: Username and password successfully validated for 'Administrator'"
"9/1/2026 9:23:42 PM","1000","Information","VGAuth","vmtoolsd: Username and password successfully validated for 'Administrator'"
