"9/1/2026 2:46:12 PM","200","Information","Microsoft-Windows-TaskScheduler","Task Scheduler launched action ""C:\ProgramData\Microsoft\Windows Defender\Platform\4.18.26030.3011-0\MpCmdRun.exe"" in instance ""{d5bddc96-6846-42d6-ae13-9414c26e4d83}"" of task ""\Microsoft\Windows\Windows Defender\Windows Defender Verification""."
"9/1/2026 2:46:12 PM","100","Information","Microsoft-Windows-TaskScheduler","Task Scheduler started ""{d5bddc96-6846-42d6-ae13-9414c26e4d83}"" instance of the ""\Microsoft\Windows\Windows Defender\Windows Defender Verification"" task for user ""NT AUTHORITY\SYSTEM""."
"9/1/2026 2:46:12 PM","129","Information","Microsoft-Windows-TaskScheduler","Task Scheduler launch task ""\Microsoft\Windows\Windows Defender\Windows Defender Verification"" , instance ""C:\ProgramData\Microsoft\Windows Defender\Platform\4.18.26030.3011-0\MpCmdRun.exe""  with process ID 2636."
"9/1/2026 2:46:12 PM","102","Information","Microsoft-Windows-TaskScheduler","Task Scheduler successfully finished ""{eabe6669-5c91-4606-9faa-453ea7acb44a}"" instance of the ""\Microsoft\Windows\DirectX\DXGIAdapterCache"" task for user ""NT AUTHORITY\SYSTEM""."
"9/1/2026 2:46:12 PM","201","Information","Microsoft-Windows-TaskScheduler","Task Scheduler successfully completed task ""\Microsoft\Windows\DirectX\DXGIAdapterCache"" , instance ""{eabe6669-5c91-4606-9faa-453ea7acb44a}"" , action ""%windir%\system32\dxgiadaptercache.exe"" with return code 0."
"9/1/2026 2:46:12 PM","102","Information","Microsoft-Windows-TaskScheduler","Task Scheduler successfully finished ""{ce020e3f-5c81-465e-8a5e-35ac1a9723ff}"" instance of the ""\Microsoft\Windows\Time Synchronization\ForceSynchronizeTime"" task for user ""(NONE)""."
"9/1/2026 2:46:12 PM","201","Information","Microsoft-Windows-TaskScheduler","Task Scheduler successfully completed task ""\Microsoft\Windows\Time Synchronization\ForceSynchronizeTime"" , instance ""{ce020e3f-5c81-465e-8a5e-35ac1a9723ff}"" , action ""Time Synchronization Task Handler"" with return code 0."
"9/1/2026 2:46:12 PM","110","Information","Microsoft-Windows-TaskScheduler","Task Scheduler launched ""{11044810-50e8-4060-ba72-45b23453c1cb}""  instance of task ""\Microsoft\Windows\Workplace Join\Automatic-Device-Join""  for user ""System"" ."
"9/1/2026 2:46:12 PM","200","Information","Microsoft-Windows-TaskScheduler","Task Scheduler launched action ""%SystemRoot%\System32\dsregcmd.exe"" in instance ""{11044810-50e8-4060-ba72-45b23453c1cb}"" of task ""\Microsoft\Windows\Workplace Join\Automatic-Device-Join""."
"9/1/2026 2:46:12 PM","100","Information","Microsoft-Windows-TaskScheduler","Task Scheduler started ""{11044810-50e8-4060-ba72-45b23453c1cb}"" instance of the ""\Microsoft\Windows\Workplace Join\Automatic-Device-Join"" task for user ""NT AUTHORITY\SYSTEM""."
"9/1/2026 2:46:12 PM","129","Information","Microsoft-Windows-TaskScheduler","Task Scheduler launch task ""\Microsoft\Windows\Workplace Join\Automatic-Device-Join"" , instance ""%SystemRoot%\System32\dsregcmd.exe""  with process ID 2580."
"9/1/2026 2:46:12 PM","325","Warning","Microsoft-Windows-TaskScheduler","Task Scheduler queued instance ""{11044810-50e8-4060-ba72-45b23453c1cb}""  of task ""\Microsoft\Windows\Workplace Join\Automatic-Device-Join""."
"9/1/2026 2:46:12 PM","200","Information","Microsoft-Windows-TaskScheduler","Task Scheduler launched action ""Time Synchronization Task Handler"" in instance ""{ce020e3f-5c81-465e-8a5e-35ac1a9723ff}"" of task ""\Microsoft\Windows\Time Synchronization\ForceSynchronizeTime""."
"9/1/2026 2:46:12 PM","100","Information","Microsoft-Windows-TaskScheduler","Task Scheduler started ""{ce020e3f-5c81-465e-8a5e-35ac1a9723ff}"" instance of the ""\Microsoft\Windows\Time Synchronization\ForceSynchronizeTime"" task for user ""(NONE)""."
"9/1/2026 2:46:12 PM","129","Information","Microsoft-Windows-TaskScheduler","Task Scheduler launch task ""\Microsoft\Windows\Time Synchronization\ForceSynchronizeTime"" , instance ""taskhostw.exe""  with process ID 2540."
"9/1/2026 2:46:12 PM","200","Information","Microsoft-Windows-TaskScheduler","Task Scheduler launched action ""OobeEsimTaskManager"" in instance ""{fc09883c-a792-4285-b7e2-3d7506ae9483}"" of task ""\Microsoft\Windows\WwanSvc\OobeDiscovery""."
"9/1/2026 2:46:12 PM","100","Information","Microsoft-Windows-TaskScheduler","Task Scheduler started ""{fc09883c-a792-4285-b7e2-3d7506ae9483}"" instance of the ""\Microsoft\Windows\WwanSvc\OobeDiscovery"" task for user ""NT AUTHORITY\SYSTEM""."
"9/1/2026 2:46:11 PM","101","Error","Microsoft-Windows-TaskScheduler","Task Scheduler failed to start ""\Microsoft\Windows\Workplace Join\Automatic-Device-Join"" task for user ""(default user)"". Additional Data: Error Value: 2147943568."
"9/1/2026 2:46:10 PM","200","Information","Microsoft-Windows-TaskScheduler","Task Scheduler launched action """" in instance ""{5eba9709-e302-482e-9f34-1d088ec630d5}"" of task ""\Microsoft\Windows\ExploitGuard\ExploitGuard MDM policy Refresh""."
"9/1/2026 2:46:10 PM","100","Information","Microsoft-Windows-TaskScheduler","Task Scheduler started ""{5eba9709-e302-482e-9f34-1d088ec630d5}"" instance of the ""\Microsoft\Windows\ExploitGuard\ExploitGuard MDM policy Refresh"" task for user ""NT AUTHORITY\SYSTEM""."
"9/1/2026 2:46:10 PM","129","Information","Microsoft-Windows-TaskScheduler","Task Scheduler launch task ""\Microsoft\Windows\ExploitGuard\ExploitGuard MDM policy Refresh"" , instance ""taskhostw.exe""  with process ID 2092."
"9/1/2026 2:46:10 PM","200","Information","Microsoft-Windows-TaskScheduler","Task Scheduler launched action ""%windir%\system32\dxgiadaptercache.exe"" in instance ""{eabe6669-5c91-4606-9faa-453ea7acb44a}"" of task ""\Microsoft\Windows\DirectX\DXGIAdapterCache""."
"9/1/2026 2:46:10 PM","100","Information","Microsoft-Windows-TaskScheduler","Task Scheduler started ""{eabe6669-5c91-4606-9faa-453ea7acb44a}"" instance of the ""\Microsoft\Windows\DirectX\DXGIAdapterCache"" task for user ""NT AUTHORITY\SYSTEM""."
"9/1/2026 2:46:10 PM","129","Information","Microsoft-Windows-TaskScheduler","Task Scheduler launch task ""\Microsoft\Windows\DirectX\DXGIAdapterCache"" , instance ""%windir%\system32\dxgiadaptercache.exe""  with process ID 2084."
"9/1/2026 2:46:10 PM","118","Information","Microsoft-Windows-TaskScheduler","Task Scheduler launched ""{5eba9709-e302-482e-9f34-1d088ec630d5}""  instance of task ""\Microsoft\Windows\ExploitGuard\ExploitGuard MDM policy Refresh""  due to system startup."
"9/1/2026 2:46:10 PM","400","Information","Microsoft-Windows-TaskScheduler","Task Scheduler service has started."
"9/1/2026 2:46:09 PM","700","Information","Microsoft-Windows-TaskScheduler","Task Scheduler service started Task Compatibility module."
"7/9/2026 2:22:03 PM","402","Information","Microsoft-Windows-TaskScheduler","Task Scheduler service is shutting down."
"7/9/2026 2:22:03 PM","140","Information","Microsoft-Windows-TaskScheduler","User ""NT AUTHORITY\SYSTEM""  updated Task Scheduler task ""\Microsoft\Windows\WindowsUpdate\Scheduled Start"""
"7/9/2026 2:22:03 PM","111","Information","Microsoft-Windows-TaskScheduler","Task Scheduler terminated ""{9749dcb3-bfb6-4508-929f-62e1450544cf}""  instance of the ""\MicrosoftEdgeUpdateTaskMachineCore""  task."
"7/9/2026 2:22:03 PM","102","Information","Microsoft-Windows-TaskScheduler","Task Scheduler successfully finished ""{9749dcb3-bfb6-4508-929f-62e1450544cf}"" instance of the ""\MicrosoftEdgeUpdateTaskMachineCore"" task for user ""NT AUTHORITY\SYSTEM""."
"7/9/2026 2:22:03 PM","201","Information","Microsoft-Windows-TaskScheduler","Task Scheduler successfully completed task ""\MicrosoftEdgeUpdateTaskMachineCore"" , instance ""{9749dcb3-bfb6-4508-929f-62e1450544cf}"" , action ""C:\Program Files (x86)\Microsoft\EdgeUpdate\MicrosoftEdgeUpdate.exe"" with return code 2147943691."
"7/9/2026 2:22:02 PM","103","Error","Microsoft-Windows-TaskScheduler","Task Scheduler failed to start instance ""{7c3b4fa6-9eb4-4a04-88b5-bf58b1c8ca92}"" of ""\Microsoft\Windows\Wininet\CacheTask""  task for user """" . Additional Data: Error Value: 2147942404."
"7/9/2026 2:22:02 PM","202","Error","Microsoft-Windows-TaskScheduler","Task Scheduler failed to complete task ""\Microsoft\Windows\Wininet\CacheTask"" , instance ""{7c3b4fa6-9eb4-4a04-88b5-bf58b1c8ca92}"" , action ""Wininet Cache task object"" . Additional Data: Error Value: 2147942404."
"7/9/2026 2:22:02 PM","102","Information","Microsoft-Windows-TaskScheduler","Task Scheduler successfully finished ""{7d09fb69-272d-46ef-820f-3fb17c12f7f0}"" instance of the ""\CreateExplorerShellUnelevatedTask"" task for user ""SCAFFOLD\Administrator""."
"7/9/2026 2:22:02 PM","201","Information","Microsoft-Windows-TaskScheduler","Task Scheduler successfully completed task ""\CreateExplorerShellUnelevatedTask"" , instance ""{7d09fb69-272d-46ef-820f-3fb17c12f7f0}"" , action ""C:\Windows\Explorer.EXE"" with return code 2147942404."
"7/9/2026 2:21:31 PM","140","Information","Microsoft-Windows-TaskScheduler","User ""SCAFFOLD\DC$""  updated Task Scheduler task ""\Microsoft\Windows\SoftwareProtectionPlatform\SvcRestartTask"""
"7/9/2026 2:21:31 PM","102","Information","Microsoft-Windows-TaskScheduler","Task Scheduler successfully finished ""{0062d5de-8d1f-4f55-b56c-3166145cea48}"" instance of the ""\Microsoft\Windows\Flighting\FeatureConfig\ReconcileFeatures"" task for user ""NT AUTHORITY\SYSTEM""."
"7/9/2026 2:21:31 PM","201","Information","Microsoft-Windows-TaskScheduler","Task Scheduler successfully completed task ""\Microsoft\Windows\Flighting\FeatureConfig\ReconcileFeatures"" , instance ""{0062d5de-8d1f-4f55-b56c-3166145cea48}"" , action ""Feature Configuration Reconciliation Task Handler"" with return code 0."
"7/9/2026 2:21:31 PM","200","Information","Microsoft-Windows-TaskScheduler","Task Scheduler launched action ""Feature Configuration Reconciliation Task Handler"" in instance ""{0062d5de-8d1f-4f55-b56c-3166145cea48}"" of task ""\Microsoft\Windows\Flighting\FeatureConfig\ReconcileFeatures""."
"7/9/2026 2:21:31 PM","100","Information","Microsoft-Windows-TaskScheduler","Task Scheduler started ""{0062d5de-8d1f-4f55-b56c-3166145cea48}"" instance of the ""\Microsoft\Windows\Flighting\FeatureConfig\ReconcileFeatures"" task for user ""NT AUTHORITY\SYSTEM""."
"7/9/2026 2:21:31 PM","129","Information","Microsoft-Windows-TaskScheduler","Task Scheduler launch task ""\Microsoft\Windows\Flighting\FeatureConfig\ReconcileFeatures"" , instance ""taskhostw.exe""  with process ID 2432."
"7/9/2026 2:21:29 PM","102","Information","Microsoft-Windows-TaskScheduler","Task Scheduler successfully finished ""{f5e47c56-535a-4fd0-86e1-22ddc558f7df}"" instance of the ""\Microsoft\Windows\Windows Error Reporting\QueueReporting"" task for user ""NT AUTHORITY\SYSTEM""."
"7/9/2026 2:21:29 PM","201","Information","Microsoft-Windows-TaskScheduler","Task Scheduler successfully completed task ""\Microsoft\Windows\Windows Error Reporting\QueueReporting"" , instance ""{f5e47c56-535a-4fd0-86e1-22ddc558f7df}"" , action ""%windir%\system32\wermgr.exe"" with return code 0."
"7/9/2026 2:21:29 PM","200","Information","Microsoft-Windows-TaskScheduler","Task Scheduler launched action ""%windir%\system32\wermgr.exe"" in instance ""{f5e47c56-535a-4fd0-86e1-22ddc558f7df}"" of task ""\Microsoft\Windows\Windows Error Reporting\QueueReporting""."
"7/9/2026 2:21:29 PM","100","Information","Microsoft-Windows-TaskScheduler","Task Scheduler started ""{f5e47c56-535a-4fd0-86e1-22ddc558f7df}"" instance of the ""\Microsoft\Windows\Windows Error Reporting\QueueReporting"" task for user ""NT AUTHORITY\SYSTEM""."
"7/9/2026 2:21:29 PM","129","Information","Microsoft-Windows-TaskScheduler","Task Scheduler launch task ""\Microsoft\Windows\Windows Error Reporting\QueueReporting"" , instance ""%windir%\system32\wermgr.exe""  with process ID 4240."
"7/9/2026 2:21:29 PM","118","Information","Microsoft-Windows-TaskScheduler","Task Scheduler launched ""{f5e47c56-535a-4fd0-86e1-22ddc558f7df}""  instance of task ""\Microsoft\Windows\Windows Error Reporting\QueueReporting""  due to system startup."
"7/9/2026 2:21:06 PM","103","Error","Microsoft-Windows-TaskScheduler","Task Scheduler failed to start instance ""{e9571e12-19f9-4de1-b2ef-0ade8df3fc98}"" of ""\Microsoft\Windows\International\Synchronize Language Settings""  task for user ""SCAFFOLD\Administrator"" . Additional Data: Error Value: 2147746053."
"7/9/2026 2:21:06 PM","202","Error","Microsoft-Windows-TaskScheduler","Task Scheduler failed to complete task ""\Microsoft\Windows\International\Synchronize Language Settings"" , instance ""{e9571e12-19f9-4de1-b2ef-0ade8df3fc98}"" , action ""Sync Language Data From Cloud Task"" . Additional Data: Error Value: 2147746053."
"7/9/2026 2:21:04 PM","140","Information","Microsoft-Windows-TaskScheduler","User ""SCAFFOLD\DC$""  updated Task Scheduler task ""\Microsoft\Windows\Application Experience\PcaPatchDbTask"""
"7/9/2026 2:21:02 PM","102","Information","Microsoft-Windows-TaskScheduler","Task Scheduler successfully finished ""{dc54e3d9-c129-418c-9efc-eebca82fc098}"" instance of the ""\Microsoft\Windows\Workplace Join\Automatic-Device-Join"" task for user ""NT AUTHORITY\SYSTEM""."
"7/9/2026 2:21:02 PM","201","Information","Microsoft-Windows-TaskScheduler","Task Scheduler successfully completed task ""\Microsoft\Windows\Workplace Join\Automatic-Device-Join"" , instance ""{dc54e3d9-c129-418c-9efc-eebca82fc098}"" , action ""%SystemRoot%\System32\dsregcmd.exe"" with return code 2147942401."
"7/9/2026 2:21:02 PM","200","Information","Microsoft-Windows-TaskScheduler","Task Scheduler launched action ""%SystemRoot%\System32\dsregcmd.exe"" in instance ""{dc54e3d9-c129-418c-9efc-eebca82fc098}"" of task ""\Microsoft\Windows\Workplace Join\Automatic-Device-Join""."
"7/9/2026 2:21:02 PM","100","Information","Microsoft-Windows-TaskScheduler","Task Scheduler started ""{dc54e3d9-c129-418c-9efc-eebca82fc098}"" instance of the ""\Microsoft\Windows\Workplace Join\Automatic-Device-Join"" task for user ""NT AUTHORITY\SYSTEM""."
"7/9/2026 2:21:02 PM","129","Information","Microsoft-Windows-TaskScheduler","Task Scheduler launch task ""\Microsoft\Windows\Workplace Join\Automatic-Device-Join"" , instance ""%SystemRoot%\System32\dsregcmd.exe""  with process ID 5084."
"7/9/2026 2:21:02 PM","119","Information","Microsoft-Windows-TaskScheduler","Task Scheduler launched ""{dc54e3d9-c129-418c-9efc-eebca82fc098}""  instance of task ""\Microsoft\Windows\Workplace Join\Automatic-Device-Join"" due to user ""SCAFFOLD\Administrator""  logon."
"7/9/2026 2:21:01 PM","102","Information","Microsoft-Windows-TaskScheduler","Task Scheduler successfully finished ""{47c02061-ee30-4a3d-a482-abcd12fb79e1}"" instance of the ""\Microsoft\Windows\Flighting\OneSettings\RefreshCache"" task for user ""NT AUTHORITY\SYSTEM""."
"7/9/2026 2:21:01 PM","201","Information","Microsoft-Windows-TaskScheduler","Task Scheduler successfully completed task ""\Microsoft\Windows\Flighting\OneSettings\RefreshCache"" , instance ""{47c02061-ee30-4a3d-a482-abcd12fb79e1}"" , action ""OneSettings Refresh Cache Task Handler"" with return code 0."
"7/9/2026 2:21:01 PM","140","Information","Microsoft-Windows-TaskScheduler","User ""SCAFFOLD\DC$""  updated Task Scheduler task ""\Microsoft\Windows\Flighting\OneSettings\RefreshCache"""
"7/9/2026 2:20:59 PM","140","Information","Microsoft-Windows-TaskScheduler","User ""SCAFFOLD\DC$""  updated Task Scheduler task ""\Microsoft\Windows\UpdateOrchestrator\Schedule Scan"""
"7/9/2026 2:20:59 PM","140","Information","Microsoft-Windows-TaskScheduler","User ""S-1-5-18""  updated Task Scheduler task ""\Microsoft\Windows\UpdateOrchestrator\Schedule Scan"""
"7/9/2026 2:20:58 PM","200","Information","Microsoft-Windows-TaskScheduler","Task Scheduler launched action ""OneSettings Refresh Cache Task Handler"" in instance ""{47c02061-ee30-4a3d-a482-abcd12fb79e1}"" of task ""\Microsoft\Windows\Flighting\OneSettings\RefreshCache""."
"7/9/2026 2:20:58 PM","100","Information","Microsoft-Windows-TaskScheduler","Task Scheduler started ""{47c02061-ee30-4a3d-a482-abcd12fb79e1}"" instance of the ""\Microsoft\Windows\Flighting\OneSettings\RefreshCache"" task for user ""NT AUTHORITY\SYSTEM""."
"7/9/2026 2:20:58 PM","129","Information","Microsoft-Windows-TaskScheduler","Task Scheduler launch task ""\Microsoft\Windows\Flighting\OneSettings\RefreshCache"" , instance ""taskhostw.exe""  with process ID 3968."
"7/9/2026 2:20:58 PM","102","Information","Microsoft-Windows-TaskScheduler","Task Scheduler successfully finished ""{bb05f6df-df93-4eee-b316-8b47b5bd217d}"" instance of the ""\Microsoft\Windows\Flighting\OneSettings\RefreshCache"" task for user ""NT AUTHORITY\SYSTEM""."
"7/9/2026 2:20:58 PM","201","Information","Microsoft-Windows-TaskScheduler","Task Scheduler successfully completed task ""\Microsoft\Windows\Flighting\OneSettings\RefreshCache"" , instance ""{bb05f6df-df93-4eee-b316-8b47b5bd217d}"" , action ""OneSettings Refresh Cache Task Handler"" with return code 0."
"7/9/2026 2:20:58 PM","140","Information","Microsoft-Windows-TaskScheduler","User ""SCAFFOLD\DC$""  updated Task Scheduler task ""\Microsoft\Windows\Flighting\OneSettings\RefreshCache"""
"7/9/2026 2:20:47 PM","140","Information","Microsoft-Windows-TaskScheduler","User ""SCAFFOLD\DC$""  updated Task Scheduler task ""\Microsoft\Windows\UpdateOrchestrator\Schedule Scan"""
"7/9/2026 2:20:47 PM","140","Information","Microsoft-Windows-TaskScheduler","User ""S-1-5-18""  updated Task Scheduler task ""\Microsoft\Windows\UpdateOrchestrator\Schedule Scan"""
"7/9/2026 2:20:47 PM","200","Information","Microsoft-Windows-TaskScheduler","Task Scheduler launched action ""OneSettings Refresh Cache Task Handler"" in instance ""{bb05f6df-df93-4eee-b316-8b47b5bd217d}"" of task ""\Microsoft\Windows\Flighting\OneSettings\RefreshCache""."
"7/9/2026 2:20:47 PM","100","Information","Microsoft-Windows-TaskScheduler","Task Scheduler started ""{bb05f6df-df93-4eee-b316-8b47b5bd217d}"" instance of the ""\Microsoft\Windows\Flighting\OneSettings\RefreshCache"" task for user ""NT AUTHORITY\SYSTEM""."
"7/9/2026 2:20:47 PM","129","Information","Microsoft-Windows-TaskScheduler","Task Scheduler launch task ""\Microsoft\Windows\Flighting\OneSettings\RefreshCache"" , instance ""taskhostw.exe""  with process ID 2864."
"7/9/2026 2:20:42 PM","102","Information","Microsoft-Windows-TaskScheduler","Task Scheduler successfully finished ""{3aca5ad4-a767-4742-855c-8547f8867830}"" instance of the ""\Scaffold\ScaffoldDeployEngine"" task for user ""NT AUTHORITY\SYSTEM""."
"7/9/2026 2:20:42 PM","201","Information","Microsoft-Windows-TaskScheduler","Task Scheduler successfully completed task ""\Scaffold\ScaffoldDeployEngine"" , instance ""{3aca5ad4-a767-4742-855c-8547f8867830}"" , action ""powershell.exe"" with return code 0."
"7/9/2026 2:20:41 PM","200","Information","Microsoft-Windows-TaskScheduler","Task Scheduler launched action ""powershell.exe"" in instance ""{3aca5ad4-a767-4742-855c-8547f8867830}"" of task ""\Scaffold\ScaffoldDeployEngine""."
"7/9/2026 2:20:41 PM","100","Information","Microsoft-Windows-TaskScheduler","Task Scheduler started ""{3aca5ad4-a767-4742-855c-8547f8867830}"" instance of the ""\Scaffold\ScaffoldDeployEngine"" task for user ""NT AUTHORITY\SYSTEM""."
"7/9/2026 2:20:41 PM","129","Information","Microsoft-Windows-TaskScheduler","Task Scheduler launch task ""\Scaffold\ScaffoldDeployEngine"" , instance ""powershell.exe""  with process ID 6684."
"7/9/2026 2:20:41 PM","107","Information","Microsoft-Windows-TaskScheduler","Task Scheduler launched ""{3aca5ad4-a767-4742-855c-8547f8867830}""  instance of task ""\Scaffold\ScaffoldDeployEngine"" due to a time trigger condition."
"7/9/2026 2:20:38 PM","102","Information","Microsoft-Windows-TaskScheduler","Task Scheduler successfully finished ""{fcb98c0f-a8a4-4ce6-908e-5fbca8b678f4}"" instance of the ""\Microsoft\Windows\UpdateOrchestrator\MusUx_UpdateInterval"" task for user ""NT AUTHORITY\SYSTEM""."
"7/9/2026 2:20:38 PM","201","Information","Microsoft-Windows-TaskScheduler","Task Scheduler successfully completed task ""\Microsoft\Windows\UpdateOrchestrator\MusUx_UpdateInterval"" , instance ""{fcb98c0f-a8a4-4ce6-908e-5fbca8b678f4}"" , action ""%systemroot%\system32\MusNotification.exe"" with return code 0."
"7/9/2026 2:20:38 PM","140","Information","Microsoft-Windows-TaskScheduler","User ""S-1-5-18""  updated Task Scheduler task ""\Microsoft\Windows\UpdateOrchestrator\Reboot_AC"""
"7/9/2026 2:20:37 PM","140","Information","Microsoft-Windows-TaskScheduler","User ""SCAFFOLD\DC$""  updated Task Scheduler task ""\Microsoft\Windows\UpdateOrchestrator\Schedule Scan"""
"7/9/2026 2:20:37 PM","140","Information","Microsoft-Windows-TaskScheduler","User ""S-1-5-18""  updated Task Scheduler task ""\Microsoft\Windows\UpdateOrchestrator\Schedule Scan"""
"7/9/2026 2:20:37 PM","200","Information","Microsoft-Windows-TaskScheduler","Task Scheduler launched action ""%systemroot%\system32\MusNotification.exe"" in instance ""{fcb98c0f-a8a4-4ce6-908e-5fbca8b678f4}"" of task ""\Microsoft\Windows\UpdateOrchestrator\MusUx_UpdateInterval""."
"7/9/2026 2:20:37 PM","100","Information","Microsoft-Windows-TaskScheduler","Task Scheduler started ""{fcb98c0f-a8a4-4ce6-908e-5fbca8b678f4}"" instance of the ""\Microsoft\Windows\UpdateOrchestrator\MusUx_UpdateInterval"" task for user ""NT AUTHORITY\SYSTEM""."
"7/9/2026 2:20:37 PM","129","Information","Microsoft-Windows-TaskScheduler","Task Scheduler launch task ""\Microsoft\Windows\UpdateOrchestrator\MusUx_UpdateInterval"" , instance ""%systemroot%\system32\MusNotification.exe""  with process ID 4076."
"7/9/2026 2:20:37 PM","119","Information","Microsoft-Windows-TaskScheduler","Task Scheduler launched ""{fcb98c0f-a8a4-4ce6-908e-5fbca8b678f4}""  instance of task ""\Microsoft\Windows\UpdateOrchestrator\MusUx_UpdateInterval"" due to user ""SCAFFOLD\Administrator""  logon."
"7/9/2026 2:20:33 PM","140","Information","Microsoft-Windows-TaskScheduler","User ""SCAFFOLD\DC$""  updated Task Scheduler task ""\Microsoft\Windows\SoftwareProtectionPlatform\SvcRestartTask"""
"7/9/2026 2:20:32 PM","200","Information","Microsoft-Windows-TaskScheduler","Task Scheduler launched action ""Sync Language Data From Cloud Task"" in instance ""{e9571e12-19f9-4de1-b2ef-0ade8df3fc98}"" of task ""\Microsoft\Windows\International\Synchronize Language Settings""."
"7/9/2026 2:20:32 PM","100","Information","Microsoft-Windows-TaskScheduler","Task Scheduler started ""{e9571e12-19f9-4de1-b2ef-0ade8df3fc98}"" instance of the ""\Microsoft\Windows\International\Synchronize Language Settings"" task for user ""SCAFFOLD\Administrator""."
"7/9/2026 2:20:32 PM","129","Information","Microsoft-Windows-TaskScheduler","Task Scheduler launch task ""\Microsoft\Windows\International\Synchronize Language Settings"" , instance ""taskhostw.exe""  with process ID 4784."
"7/9/2026 2:20:32 PM","119","Information","Microsoft-Windows-TaskScheduler","Task Scheduler launched ""{e9571e12-19f9-4de1-b2ef-0ade8df3fc98}""  instance of task ""\Microsoft\Windows\International\Synchronize Language Settings"" due to user ""SCAFFOLD\Administrator""  logon."
"7/9/2026 2:20:05 PM","102","Information","Microsoft-Windows-TaskScheduler","Task Scheduler successfully finished ""{7f2b7d36-135f-4f06-ac4c-5b548ef7ef2d}"" instance of the ""\Microsoft\Windows\Server Manager\ServerManager"" task for user ""SCAFFOLD\Administrator""."
"7/9/2026 2:20:05 PM","201","Information","Microsoft-Windows-TaskScheduler","Task Scheduler successfully completed task ""\Microsoft\Windows\Server Manager\ServerManager"" , instance ""{7f2b7d36-135f-4f06-ac4c-5b548ef7ef2d}"" , action ""%windir%\system32\ServerManagerLauncher.exe"" with return code 0."
"7/9/2026 2:20:03 PM","102","Information","Microsoft-Windows-TaskScheduler","Task Scheduler successfully finished ""{068e6419-5fee-4502-8f15-ead85ceea170}"" instance of the ""\Microsoft\Windows\WindowsColorSystem\Calibration Loader"" task for user ""SCAFFOLD\Administrator""."
"7/9/2026 2:20:03 PM","201","Information","Microsoft-Windows-TaskScheduler","Task Scheduler successfully completed task ""\Microsoft\Windows\WindowsColorSystem\Calibration Loader"" , instance ""{068e6419-5fee-4502-8f15-ead85ceea170}"" , action ""Color Calibration Loader"" with return code 0."
"7/9/2026 2:20:03 PM","102","Information","Microsoft-Windows-TaskScheduler","Task Scheduler successfully finished ""{67e6f285-a6de-450f-acce-18dfd7ab19a3}"" instance of the ""\Microsoft\Windows\Plug and Play\Device Install Reboot Required"" task for user ""SCAFFOLD\Administrator""."
"7/9/2026 2:20:03 PM","201","Information","Microsoft-Windows-TaskScheduler","Task Scheduler successfully completed task ""\Microsoft\Windows\Plug and Play\Device Install Reboot Required"" , instance ""{67e6f285-a6de-450f-acce-18dfd7ab19a3}"" , action ""Device Installation Reboot Dialog Task"" with return code 0."
"7/9/2026 2:20:03 PM","102","Information","Microsoft-Windows-TaskScheduler","Task Scheduler successfully finished ""{8418d5d1-fddc-4cdf-a7d6-6037f75e91bd}"" instance of the ""\Microsoft\Windows\CertificateServicesClient\UserTask"" task for user ""SCAFFOLD\Administrator""."
"7/9/2026 2:20:03 PM","201","Information","Microsoft-Windows-TaskScheduler","Task Scheduler successfully completed task ""\Microsoft\Windows\CertificateServicesClient\UserTask"" , instance ""{8418d5d1-fddc-4cdf-a7d6-6037f75e91bd}"" , action ""Certificate Services Client Task Handler"" with return code 0."
"7/9/2026 2:20:02 PM","200","Information","Microsoft-Windows-TaskScheduler","Task Scheduler launched action ""C:\Windows\Explorer.EXE"" in instance ""{7d09fb69-272d-46ef-820f-3fb17c12f7f0}"" of task ""\CreateExplorerShellUnelevatedTask""."
"7/9/2026 2:20:02 PM","100","Information","Microsoft-Windows-TaskScheduler","Task Scheduler started ""{7d09fb69-272d-46ef-820f-3fb17c12f7f0}"" instance of the ""\CreateExplorerShellUnelevatedTask"" task for user ""SCAFFOLD\Administrator""."
"7/9/2026 2:20:02 PM","129","Information","Microsoft-Windows-TaskScheduler","Task Scheduler launch task ""\CreateExplorerShellUnelevatedTask"" , instance ""C:\Windows\Explorer.EXE""  with process ID 4800."
"7/9/2026 2:20:02 PM","109","Information","Microsoft-Windows-TaskScheduler","Task Scheduler launched ""{7d09fb69-272d-46ef-820f-3fb17c12f7f0}""  instance of task ""\CreateExplorerShellUnelevatedTask""  according to a registration trigger."
"7/9/2026 2:20:02 PM","140","Information","Microsoft-Windows-TaskScheduler","User ""SCAFFOLD\Administrator""  updated Task Scheduler task ""\CreateExplorerShellUnelevatedTask"""
"7/9/2026 2:20:02 PM","106","Information","Microsoft-Windows-TaskScheduler","User ""SCAFFOLD\Administrator""  registered Task Scheduler task ""\CreateExplorerShellUnelevatedTask"""
"7/9/2026 2:20:02 PM","141","Information","Microsoft-Windows-TaskScheduler","User ""SCAFFOLD\Administrator""  deleted Task Scheduler task ""\CreateExplorerShellUnelevatedTask"""
"7/9/2026 2:20:02 PM","102","Information","Microsoft-Windows-TaskScheduler","Task Scheduler successfully finished ""{ac12037b-0cb4-49fb-8aaa-ac148a693bfb}"" instance of the ""\Microsoft\Windows\SoftwareProtectionPlatform\SvcRestartTaskLogon"" task for user ""SCAFFOLD\Administrator""."
"7/9/2026 2:20:02 PM","201","Information","Microsoft-Windows-TaskScheduler","Task Scheduler successfully completed task ""\Microsoft\Windows\SoftwareProtectionPlatform\SvcRestartTaskLogon"" , instance ""{ac12037b-0cb4-49fb-8aaa-ac148a693bfb}"" , action ""SppSvcRestartTaskHandler Class"" with return code 0."
"7/9/2026 2:20:02 PM","102","Information","Microsoft-Windows-TaskScheduler","Task Scheduler successfully finished ""{766df0ff-120f-4f8b-b2cf-418a07ad988a}"" instance of the ""\Microsoft\Windows\TextServicesFramework\MsCtfMonitor"" task for user ""SCAFFOLD\Administrator""."
"7/9/2026 2:20:02 PM","201","Information","Microsoft-Windows-TaskScheduler","Task Scheduler successfully completed task ""\Microsoft\Windows\TextServicesFramework\MsCtfMonitor"" , instance ""{766df0ff-120f-4f8b-b2cf-418a07ad988a}"" , action ""MsCtfMonitor task handler"" with return code 0."
"7/9/2026 2:20:01 PM","200","Information","Microsoft-Windows-TaskScheduler","Task Scheduler launched action ""Color Calibration Loader"" in instance ""{068e6419-5fee-4502-8f15-ead85ceea170}"" of task ""\Microsoft\Windows\WindowsColorSystem\Calibration Loader""."
"7/9/2026 2:20:01 PM","100","Information","Microsoft-Windows-TaskScheduler","Task Scheduler started ""{068e6419-5fee-4502-8f15-ead85ceea170}"" instance of the ""\Microsoft\Windows\WindowsColorSystem\Calibration Loader"" task for user ""SCAFFOLD\Administrator""."
"7/9/2026 2:20:01 PM","200","Information","Microsoft-Windows-TaskScheduler","Task Scheduler launched action ""Certificate Services Client Task Handler"" in instance ""{8418d5d1-fddc-4cdf-a7d6-6037f75e91bd}"" of task ""\Microsoft\Windows\CertificateServicesClient\UserTask""."
"7/9/2026 2:20:01 PM","100","Information","Microsoft-Windows-TaskScheduler","Task Scheduler started ""{8418d5d1-fddc-4cdf-a7d6-6037f75e91bd}"" instance of the ""\Microsoft\Windows\CertificateServicesClient\UserTask"" task for user ""SCAFFOLD\Administrator""."
"7/9/2026 2:20:01 PM","200","Information","Microsoft-Windows-TaskScheduler","Task Scheduler launched action ""C:\Program Files (x86)\Microsoft\EdgeUpdate\MicrosoftEdgeUpdate.exe"" in instance ""{9749dcb3-bfb6-4508-929f-62e1450544cf}"" of task ""\MicrosoftEdgeUpdateTaskMachineCore""."
"7/9/2026 2:20:01 PM","100","Information","Microsoft-Windows-TaskScheduler","Task Scheduler started ""{9749dcb3-bfb6-4508-929f-62e1450544cf}"" instance of the ""\MicrosoftEdgeUpdateTaskMachineCore"" task for user ""NT AUTHORITY\SYSTEM""."
"7/9/2026 2:20:01 PM","129","Information","Microsoft-Windows-TaskScheduler","Task Scheduler launch task ""\MicrosoftEdgeUpdateTaskMachineCore"" , instance ""C:\Program Files (x86)\Microsoft\EdgeUpdate\MicrosoftEdgeUpdate.exe""  with process ID 1868."
"7/9/2026 2:20:01 PM","200","Information","Microsoft-Windows-TaskScheduler","Task Scheduler launched action ""Wininet Cache task object"" in instance ""{7c3b4fa6-9eb4-4a04-88b5-bf58b1c8ca92}"" of task ""\Microsoft\Windows\Wininet\CacheTask""."
"7/9/2026 2:20:01 PM","100","Information","Microsoft-Windows-TaskScheduler","Task Scheduler started ""{7c3b4fa6-9eb4-4a04-88b5-bf58b1c8ca92}"" instance of the ""\Microsoft\Windows\Wininet\CacheTask"" task for user ""SCAFFOLD\Administrator""."
"7/9/2026 2:20:01 PM","119","Information","Microsoft-Windows-TaskScheduler","Task Scheduler launched ""{7c3b4fa6-9eb4-4a04-88b5-bf58b1c8ca92}""  instance of task ""\Microsoft\Windows\Wininet\CacheTask"" due to user ""SCAFFOLD\Administrator""  logon."
"7/9/2026 2:20:01 PM","200","Information","Microsoft-Windows-TaskScheduler","Task Scheduler launched action ""Device Installation Reboot Dialog Task"" in instance ""{67e6f285-a6de-450f-acce-18dfd7ab19a3}"" of task ""\Microsoft\Windows\Plug and Play\Device Install Reboot Required""."
"7/9/2026 2:20:01 PM","100","Information","Microsoft-Windows-TaskScheduler","Task Scheduler started ""{67e6f285-a6de-450f-acce-18dfd7ab19a3}"" instance of the ""\Microsoft\Windows\Plug and Play\Device Install Reboot Required"" task for user ""SCAFFOLD\Administrator""."
"7/9/2026 2:20:01 PM","129","Information","Microsoft-Windows-TaskScheduler","Task Scheduler launch task ""\Microsoft\Windows\Plug and Play\Device Install Reboot Required"" , instance ""taskhostw.exe""  with process ID 1696."
"7/9/2026 2:20:01 PM","119","Information","Microsoft-Windows-TaskScheduler","Task Scheduler launched ""{67e6f285-a6de-450f-acce-18dfd7ab19a3}""  instance of task ""\Microsoft\Windows\Plug and Play\Device Install Reboot Required"" due to user ""SCAFFOLD\Administrator""  logon."
"7/9/2026 2:20:01 PM","119","Information","Microsoft-Windows-TaskScheduler","Task Scheduler launched ""{9749dcb3-bfb6-4508-929f-62e1450544cf}""  instance of task ""\MicrosoftEdgeUpdateTaskMachineCore"" due to user ""SCAFFOLD\Administrator""  logon."
"7/9/2026 2:20:01 PM","200","Information","Microsoft-Windows-TaskScheduler","Task Scheduler launched action ""SppSvcRestartTaskHandler Class"" in instance ""{ac12037b-0cb4-49fb-8aaa-ac148a693bfb}"" of task ""\Microsoft\Windows\SoftwareProtectionPlatform\SvcRestartTaskLogon""."
"7/9/2026 2:20:01 PM","100","Information","Microsoft-Windows-TaskScheduler","Task Scheduler started ""{ac12037b-0cb4-49fb-8aaa-ac148a693bfb}"" instance of the ""\Microsoft\Windows\SoftwareProtectionPlatform\SvcRestartTaskLogon"" task for user ""SCAFFOLD\Administrator""."
"7/9/2026 2:20:01 PM","129","Information","Microsoft-Windows-TaskScheduler","Task Scheduler launch task ""\Microsoft\Windows\SoftwareProtectionPlatform\SvcRestartTaskLogon"" , instance ""taskhostw.exe""  with process ID 1624."
"7/9/2026 2:20:01 PM","119","Information","Microsoft-Windows-TaskScheduler","Task Scheduler launched ""{ac12037b-0cb4-49fb-8aaa-ac148a693bfb}""  instance of task ""\Microsoft\Windows\SoftwareProtectionPlatform\SvcRestartTaskLogon"" due to user ""SCAFFOLD\Administrator""  logon."
"7/9/2026 2:20:01 PM","200","Information","Microsoft-Windows-TaskScheduler","Task Scheduler launched action ""MsCtfMonitor task handler"" in instance ""{766df0ff-120f-4f8b-b2cf-418a07ad988a}"" of task ""\Microsoft\Windows\TextServicesFramework\MsCtfMonitor""."
"7/9/2026 2:20:01 PM","100","Information","Microsoft-Windows-TaskScheduler","Task Scheduler started ""{766df0ff-120f-4f8b-b2cf-418a07ad988a}"" instance of the ""\Microsoft\Windows\TextServicesFramework\MsCtfMonitor"" task for user ""SCAFFOLD\Administrator""."
"7/9/2026 2:20:01 PM","200","Information","Microsoft-Windows-TaskScheduler","Task Scheduler launched action ""%windir%\system32\ServerManagerLauncher.exe"" in instance ""{7f2b7d36-135f-4f06-ac4c-5b548ef7ef2d}"" of task ""\Microsoft\Windows\Server Manager\ServerManager""."
"7/9/2026 2:20:01 PM","100","Information","Microsoft-Windows-TaskScheduler","Task Scheduler started ""{7f2b7d36-135f-4f06-ac4c-5b548ef7ef2d}"" instance of the ""\Microsoft\Windows\Server Manager\ServerManager"" task for user ""SCAFFOLD\Administrator""."
"7/9/2026 2:20:01 PM","119","Information","Microsoft-Windows-TaskScheduler","Task Scheduler launched ""{068e6419-5fee-4502-8f15-ead85ceea170}""  instance of task ""\Microsoft\Windows\WindowsColorSystem\Calibration Loader"" due to user ""SCAFFOLD\Administrator""  logon."
"7/9/2026 2:20:01 PM","129","Information","Microsoft-Windows-TaskScheduler","Task Scheduler launch task ""\Microsoft\Windows\Server Manager\ServerManager"" , instance ""%windir%\system32\ServerManagerLauncher.exe""  with process ID 1548."
"7/9/2026 2:20:01 PM","129","Information","Microsoft-Windows-TaskScheduler","Task Scheduler launch task ""\Microsoft\Windows\TextServicesFramework\MsCtfMonitor"" , instance ""taskhostw.exe""  with process ID 1460."
"7/9/2026 2:20:01 PM","119","Information","Microsoft-Windows-TaskScheduler","Task Scheduler launched ""{8418d5d1-fddc-4cdf-a7d6-6037f75e91bd}""  instance of task ""\Microsoft\Windows\CertificateServicesClient\UserTask"" due to user ""SCAFFOLD\Administrator""  logon."
"7/9/2026 2:20:01 PM","119","Information","Microsoft-Windows-TaskScheduler","Task Scheduler launched ""{766df0ff-120f-4f8b-b2cf-418a07ad988a}""  instance of task ""\Microsoft\Windows\TextServicesFramework\MsCtfMonitor"" due to user ""SCAFFOLD\Administrator""  logon."
"7/9/2026 2:20:01 PM","119","Information","Microsoft-Windows-TaskScheduler","Task Scheduler launched ""{7f2b7d36-135f-4f06-ac4c-5b548ef7ef2d}""  instance of task ""\Microsoft\Windows\Server Manager\ServerManager"" due to user ""SCAFFOLD\Administrator""  logon."
"7/9/2026 2:19:29 PM","102","Information","Microsoft-Windows-TaskScheduler","Task Scheduler successfully finished ""{739f4d11-cf38-4df1-b8f2-9ffbab8a4251}"" instance of the ""\Microsoft\Windows\Software Inventory Logging\Configuration"" task for user ""NT AUTHORITY\SYSTEM""."
"7/9/2026 2:19:29 PM","201","Information","Microsoft-Windows-TaskScheduler","Task Scheduler successfully completed task ""\Microsoft\Windows\Software Inventory Logging\Configuration"" , instance ""{739f4d11-cf38-4df1-b8f2-9ffbab8a4251}"" , action ""%systemroot%\system32\cmd.exe"" with return code 0."
"7/9/2026 2:19:29 PM","102","Information","Microsoft-Windows-TaskScheduler","Task Scheduler successfully finished ""{9cc6f32a-db50-4497-8a94-93f9203ce47d}"" instance of the ""\Microsoft\Windows\DirectX\DXGIAdapterCache"" task for user ""NT AUTHORITY\SYSTEM""."
"7/9/2026 2:19:29 PM","201","Information","Microsoft-Windows-TaskScheduler","Task Scheduler successfully completed task ""\Microsoft\Windows\DirectX\DXGIAdapterCache"" , instance ""{9cc6f32a-db50-4497-8a94-93f9203ce47d}"" , action ""%windir%\system32\dxgiadaptercache.exe"" with return code 0."
"7/9/2026 2:19:29 PM","200","Information","Microsoft-Windows-TaskScheduler","Task Scheduler launched action ""%systemroot%\system32\cmd.exe"" in instance ""{739f4d11-cf38-4df1-b8f2-9ffbab8a4251}"" of task ""\Microsoft\Windows\Software Inventory Logging\Configuration""."
"7/9/2026 2:19:29 PM","200","Information","Microsoft-Windows-TaskScheduler","Task Scheduler launched action ""%windir%\system32\dxgiadaptercache.exe"" in instance ""{9cc6f32a-db50-4497-8a94-93f9203ce47d}"" of task ""\Microsoft\Windows\DirectX\DXGIAdapterCache""."
"7/9/2026 2:19:29 PM","100","Information","Microsoft-Windows-TaskScheduler","Task Scheduler started ""{739f4d11-cf38-4df1-b8f2-9ffbab8a4251}"" instance of the ""\Microsoft\Windows\Software Inventory Logging\Configuration"" task for user ""NT AUTHORITY\SYSTEM""."
"7/9/2026 2:19:29 PM","100","Information","Microsoft-Windows-TaskScheduler","Task Scheduler started ""{9cc6f32a-db50-4497-8a94-93f9203ce47d}"" instance of the ""\Microsoft\Windows\DirectX\DXGIAdapterCache"" task for user ""NT AUTHORITY\SYSTEM""."
"7/9/2026 2:19:29 PM","129","Information","Microsoft-Windows-TaskScheduler","Task Scheduler launch task ""\Microsoft\Windows\DirectX\DXGIAdapterCache"" , instance ""%windir%\system32\dxgiadaptercache.exe""  with process ID 5372."
"7/9/2026 2:19:29 PM","129","Information","Microsoft-Windows-TaskScheduler","Task Scheduler launch task ""\Microsoft\Windows\Software Inventory Logging\Configuration"" , instance ""%systemroot%\system32\cmd.exe""  with process ID 5380."
"7/9/2026 2:19:29 PM","118","Information","Microsoft-Windows-TaskScheduler","Task Scheduler launched ""{9cc6f32a-db50-4497-8a94-93f9203ce47d}""  instance of task ""\Microsoft\Windows\DirectX\DXGIAdapterCache""  due to system startup."
"7/9/2026 2:19:29 PM","118","Information","Microsoft-Windows-TaskScheduler","Task Scheduler launched ""{739f4d11-cf38-4df1-b8f2-9ffbab8a4251}""  instance of task ""\Microsoft\Windows\Software Inventory Logging\Configuration""  due to system startup."
"7/9/2026 2:19:06 PM","140","Information","Microsoft-Windows-TaskScheduler","User ""SCAFFOLD\DC$""  updated Task Scheduler task ""\Microsoft\Windows\SoftwareProtectionPlatform\SvcRestartTask"""
"7/9/2026 2:19:03 PM","102","Information","Microsoft-Windows-TaskScheduler","Task Scheduler successfully finished ""{a4f3aab6-79d1-4173-801b-7e449e616e69}"" instance of the ""\Microsoft\Windows\Workplace Join\Automatic-Device-Join"" task for user ""NT AUTHORITY\SYSTEM""."
"7/9/2026 2:19:03 PM","201","Information","Microsoft-Windows-TaskScheduler","Task Scheduler successfully completed task ""\Microsoft\Windows\Workplace Join\Automatic-Device-Join"" , instance ""{a4f3aab6-79d1-4173-801b-7e449e616e69}"" , action ""%SystemRoot%\System32\dsregcmd.exe"" with return code 0."
"7/9/2026 2:19:02 PM","102","Information","Microsoft-Windows-TaskScheduler","Task Scheduler successfully finished ""{2f71547f-fa85-4045-b73e-a32757309561}"" instance of the ""\Microsoft\Windows\CertificateServicesClient\SystemTask"" task for user ""NT AUTHORITY\SYSTEM""."
"7/9/2026 2:19:02 PM","201","Information","Microsoft-Windows-TaskScheduler","Task Scheduler successfully completed task ""\Microsoft\Windows\CertificateServicesClient\SystemTask"" , instance ""{2f71547f-fa85-4045-b73e-a32757309561}"" , action ""Certificate Services Client Task Handler"" with return code 0."
"7/9/2026 2:18:56 PM","102","Information","Microsoft-Windows-TaskScheduler","Task Scheduler successfully finished ""{f4f923ef-8d7e-482a-bf41-baa9438c3145}"" instance of the ""\Scaffold\ScaffoldDeployEngine"" task for user ""NT AUTHORITY\SYSTEM""."
"7/9/2026 2:18:56 PM","201","Information","Microsoft-Windows-TaskScheduler","Task Scheduler successfully completed task ""\Scaffold\ScaffoldDeployEngine"" , instance ""{f4f923ef-8d7e-482a-bf41-baa9438c3145}"" , action ""powershell.exe"" with return code 0."
"7/9/2026 2:18:45 PM","102","Information","Microsoft-Windows-TaskScheduler","Task Scheduler successfully finished ""{386e9a7c-6b34-418f-84db-07ef9d6d65c2}"" instance of the ""\Microsoft\Windows\Windows Error Reporting\QueueReporting"" task for user ""NT AUTHORITY\SYSTEM""."
"7/9/2026 2:18:45 PM","201","Information","Microsoft-Windows-TaskScheduler","Task Scheduler successfully completed task ""\Microsoft\Windows\Windows Error Reporting\QueueReporting"" , instance ""{386e9a7c-6b34-418f-84db-07ef9d6d65c2}"" , action ""%windir%\system32\wermgr.exe"" with return code 0."
"7/9/2026 2:18:45 PM","200","Information","Microsoft-Windows-TaskScheduler","Task Scheduler launched action ""%windir%\system32\wermgr.exe"" in instance ""{386e9a7c-6b34-418f-84db-07ef9d6d65c2}"" of task ""\Microsoft\Windows\Windows Error Reporting\QueueReporting""."
"7/9/2026 2:18:45 PM","100","Information","Microsoft-Windows-TaskScheduler","Task Scheduler started ""{386e9a7c-6b34-418f-84db-07ef9d6d65c2}"" instance of the ""\Microsoft\Windows\Windows Error Reporting\QueueReporting"" task for user ""NT AUTHORITY\SYSTEM""."
"7/9/2026 2:18:45 PM","129","Information","Microsoft-Windows-TaskScheduler","Task Scheduler launch task ""\Microsoft\Windows\Windows Error Reporting\QueueReporting"" , instance ""%windir%\system32\wermgr.exe""  with process ID 4992."
"7/9/2026 2:18:41 PM","200","Information","Microsoft-Windows-TaskScheduler","Task Scheduler launched action ""powershell.exe"" in instance ""{f4f923ef-8d7e-482a-bf41-baa9438c3145}"" of task ""\Scaffold\ScaffoldDeployEngine""."
"7/9/2026 2:18:41 PM","100","Information","Microsoft-Windows-TaskScheduler","Task Scheduler started ""{f4f923ef-8d7e-482a-bf41-baa9438c3145}"" instance of the ""\Scaffold\ScaffoldDeployEngine"" task for user ""NT AUTHORITY\SYSTEM""."
"7/9/2026 2:18:41 PM","129","Information","Microsoft-Windows-TaskScheduler","Task Scheduler launch task ""\Scaffold\ScaffoldDeployEngine"" , instance ""powershell.exe""  with process ID 4396."
"7/9/2026 2:18:41 PM","107","Information","Microsoft-Windows-TaskScheduler","Task Scheduler launched ""{f4f923ef-8d7e-482a-bf41-baa9438c3145}""  instance of task ""\Scaffold\ScaffoldDeployEngine"" due to a time trigger condition."
"7/9/2026 2:18:39 PM","200","Information","Microsoft-Windows-TaskScheduler","Task Scheduler launched action ""Certificate Services Client Task Handler"" in instance ""{2f71547f-fa85-4045-b73e-a32757309561}"" of task ""\Microsoft\Windows\CertificateServicesClient\SystemTask""."
"7/9/2026 2:18:39 PM","100","Information","Microsoft-Windows-TaskScheduler","Task Scheduler started ""{2f71547f-fa85-4045-b73e-a32757309561}"" instance of the ""\Microsoft\Windows\CertificateServicesClient\SystemTask"" task for user ""NT AUTHORITY\SYSTEM""."
"7/9/2026 2:18:39 PM","129","Information","Microsoft-Windows-TaskScheduler","Task Scheduler launch task ""\Microsoft\Windows\CertificateServicesClient\SystemTask"" , instance ""taskhostw.exe""  with process ID 3940."
"7/9/2026 2:18:39 PM","118","Information","Microsoft-Windows-TaskScheduler","Task Scheduler launched ""{2f71547f-fa85-4045-b73e-a32757309561}""  instance of task ""\Microsoft\Windows\CertificateServicesClient\SystemTask""  due to system startup."
"7/9/2026 2:18:34 PM","102","Information","Microsoft-Windows-TaskScheduler","Task Scheduler successfully finished ""{05d0d31e-f33e-4833-b5db-3bfb6a87cbf6}"" instance of the ""\Microsoft\Windows\SoftwareProtectionPlatform\SvcRestartTaskNetwork"" task for user ""(NONE)""."
"7/9/2026 2:18:34 PM","201","Information","Microsoft-Windows-TaskScheduler","Task Scheduler successfully completed task ""\Microsoft\Windows\SoftwareProtectionPlatform\SvcRestartTaskNetwork"" , instance ""{05d0d31e-f33e-4833-b5db-3bfb6a87cbf6}"" , action ""SppSvcRestartTaskHandler Class"" with return code 0."
"7/9/2026 2:18:31 PM","322","Warning","Microsoft-Windows-TaskScheduler","Task Scheduler did not launch task ""\Microsoft\Windows\SoftwareProtectionPlatform\SvcRestartTaskNetwork""  because instance ""{05d0d31e-f33e-4833-b5db-3bfb6a87cbf6}""  of the same task is already running."
"7/9/2026 2:18:31 PM","200","Information","Microsoft-Windows-TaskScheduler","Task Scheduler launched action ""SppSvcRestartTaskHandler Class"" in instance ""{05d0d31e-f33e-4833-b5db-3bfb6a87cbf6}"" of task ""\Microsoft\Windows\SoftwareProtectionPlatform\SvcRestartTaskNetwork""."
"7/9/2026 2:18:31 PM","100","Information","Microsoft-Windows-TaskScheduler","Task Scheduler started ""{05d0d31e-f33e-4833-b5db-3bfb6a87cbf6}"" instance of the ""\Microsoft\Windows\SoftwareProtectionPlatform\SvcRestartTaskNetwork"" task for user ""(NONE)""."
"7/9/2026 2:18:31 PM","129","Information","Microsoft-Windows-TaskScheduler","Task Scheduler launch task ""\Microsoft\Windows\SoftwareProtectionPlatform\SvcRestartTaskNetwork"" , instance ""taskhostw.exe""  with process ID 2516."
"7/9/2026 2:18:31 PM","108","Information","Microsoft-Windows-TaskScheduler","Task Scheduler launched ""{05d0d31e-f33e-4833-b5db-3bfb6a87cbf6}""  instance of task ""\Microsoft\Windows\SoftwareProtectionPlatform\SvcRestartTaskNetwork""  according to an event trigger."
"7/9/2026 2:18:31 PM","102","Information","Microsoft-Windows-TaskScheduler","Task Scheduler successfully finished ""{eb9a38c2-d04a-4c19-97c8-9e0b3f8ea3bb}"" instance of the ""\Microsoft\Windows\WwanSvc\OobeDiscovery"" task for user ""NT AUTHORITY\SYSTEM""."
"7/9/2026 2:18:31 PM","201","Information","Microsoft-Windows-TaskScheduler","Task Scheduler successfully completed task ""\Microsoft\Windows\WwanSvc\OobeDiscovery"" , instance ""{eb9a38c2-d04a-4c19-97c8-9e0b3f8ea3bb}"" , action ""OobeEsimTaskManager"" with return code 0."
"7/9/2026 2:18:31 PM","102","Information","Microsoft-Windows-TaskScheduler","Task Scheduler successfully finished ""{2233ccd2-257f-46cd-9804-ca1dbcc92465}"" instance of the ""\Microsoft\Windows\ExploitGuard\ExploitGuard MDM policy Refresh"" task for user ""NT AUTHORITY\SYSTEM""."
"7/9/2026 2:18:31 PM","201","Information","Microsoft-Windows-TaskScheduler","Task Scheduler successfully completed task ""\Microsoft\Windows\ExploitGuard\ExploitGuard MDM policy Refresh"" , instance ""{2233ccd2-257f-46cd-9804-ca1dbcc92465}"" , action """" with return code 0."
"7/9/2026 2:18:31 PM","102","Information","Microsoft-Windows-TaskScheduler","Task Scheduler successfully finished ""{76aa5086-e041-4527-a07a-987e4c994eea}"" instance of the ""\Microsoft\Windows\DirectX\DXGIAdapterCache"" task for user ""NT AUTHORITY\SYSTEM""."
"7/9/2026 2:18:31 PM","201","Information","Microsoft-Windows-TaskScheduler","Task Scheduler successfully completed task ""\Microsoft\Windows\DirectX\DXGIAdapterCache"" , instance ""{76aa5086-e041-4527-a07a-987e4c994eea}"" , action ""%windir%\system32\dxgiadaptercache.exe"" with return code 0."
"7/9/2026 2:18:31 PM","102","Information","Microsoft-Windows-TaskScheduler","Task Scheduler successfully finished ""{8b82a061-c126-4319-b971-299b745d9185}"" instance of the ""\Microsoft\Windows\Time Synchronization\ForceSynchronizeTime"" task for user ""(NONE)""."
"7/9/2026 2:18:31 PM","201","Information","Microsoft-Windows-TaskScheduler","Task Scheduler successfully completed task ""\Microsoft\Windows\Time Synchronization\ForceSynchronizeTime"" , instance ""{8b82a061-c126-4319-b971-299b745d9185}"" , action ""Time Synchronization Task Handler"" with return code 0."
"7/9/2026 2:18:30 PM","200","Information","Microsoft-Windows-TaskScheduler","Task Scheduler launched action ""Time Synchronization Task Handler"" in instance ""{8b82a061-c126-4319-b971-299b745d9185}"" of task ""\Microsoft\Windows\Time Synchronization\ForceSynchronizeTime""."
"7/9/2026 2:18:30 PM","100","Information","Microsoft-Windows-TaskScheduler","Task Scheduler started ""{8b82a061-c126-4319-b971-299b745d9185}"" instance of the ""\Microsoft\Windows\Time Synchronization\ForceSynchronizeTime"" task for user ""(NONE)""."
"7/9/2026 2:18:30 PM","129","Information","Microsoft-Windows-TaskScheduler","Task Scheduler launch task ""\Microsoft\Windows\Time Synchronization\ForceSynchronizeTime"" , instance ""taskhostw.exe""  with process ID 2372."
"7/9/2026 2:18:30 PM","200","Information","Microsoft-Windows-TaskScheduler","Task Scheduler launched action ""%SystemRoot%\System32\dsregcmd.exe"" in instance ""{a4f3aab6-79d1-4173-801b-7e449e616e69}"" of task ""\Microsoft\Windows\Workplace Join\Automatic-Device-Join""."
"7/9/2026 2:18:30 PM","100","Information","Microsoft-Windows-TaskScheduler","Task Scheduler started ""{a4f3aab6-79d1-4173-801b-7e449e616e69}"" instance of the ""\Microsoft\Windows\Workplace Join\Automatic-Device-Join"" task for user ""NT AUTHORITY\SYSTEM""."
"7/9/2026 2:18:30 PM","129","Information","Microsoft-Windows-TaskScheduler","Task Scheduler launch task ""\Microsoft\Windows\Workplace Join\Automatic-Device-Join"" , instance ""%SystemRoot%\System32\dsregcmd.exe""  with process ID 2364."
"7/9/2026 2:18:30 PM","110","Information","Microsoft-Windows-TaskScheduler","Task Scheduler launched ""{a4f3aab6-79d1-4173-801b-7e449e616e69}""  instance of task ""\Microsoft\Windows\Workplace Join\Automatic-Device-Join""  for user ""System"" ."
