"9/1/2026 5:12:35 PM","16384","Information","Microsoft-Windows-Security-SPP","Successfully scheduled Software Protection service for re-start at 2026-09-03T00:08:35Z. Reason: RulesEngine."
"9/1/2026 5:12:32 PM","1000","Information","VGAuth","vmtoolsd: Username and password successfully validated for 'Administrator'"
"9/1/2026 5:12:32 PM","1000","Information","VGAuth","vmtoolsd: Username and password successfully validated for 'Administrator'"
"9/1/2026 5:12:32 PM","1000","Information","VGAuth","vmtoolsd: Username and password successfully validated for 'Administrator'"
"9/1/2026 5:12:32 PM","1000","Information","VGAuth","vmtoolsd: Username and password successfully validated for 'Administrator'"
"9/1/2026 5:12:32 PM","1000","Information","VGAuth","vmtoolsd: Username and password successfully validated for 'Administrator'"
"9/1/2026 5:12:32 PM","1000","Information","VGAuth","vmtoolsd: Username and password successfully validated for 'Administrator'"
"9/1/2026 5:12:32 PM","1000","Information","VGAuth","vmtoolsd: Username and password successfully validated for 'Administrator'"
"9/1/2026 5:12:31 PM","1000","Information","VGAuth","vmtoolsd: Username and password successfully validated for 'Administrator'"
"9/1/2026 5:12:21 PM","1000","Information","VGAuth","vmtoolsd: Username and password successfully validated for 'Administrator'"
"9/1/2026 5:12:21 PM","1000","Information","VGAuth","vmtoolsd: Username and password successfully validated for 'Administrator'"
"9/1/2026 5:12:21 PM","1000","Information","VGAuth","vmtoolsd: Username and password successfully validated for 'Administrator'"
"9/1/2026 5:12:21 PM","1000","Information","VGAuth","vmtoolsd: Username and password successfully validated for 'Administrator'"
"9/1/2026 5:12:21 PM","1000","Information","VGAuth","vmtoolsd: Username and password successfully validated for 'Administrator'"
"9/1/2026 5:12:21 PM","1000","Information","VGAuth","vmtoolsd: Username and password successfully validated for 'Administrator'"
"9/1/2026 5:12:21 PM","1000","Information","VGAuth","vmtoolsd: Username and password successfully validated for 'Administrator'"
"9/1/2026 5:12:20 PM","1000","Information","VGAuth","vmtoolsd: Username and password successfully validated for 'Administrator'"
"9/1/2026 5:12:10 PM","1000","Information","VGAuth","vmtoolsd: Username and password successfully validated for 'Administrator'"
"9/1/2026 5:12:09 PM","1000","Information","VGAuth","vmtoolsd: Username and password successfully validated for 'Administrator'"
"9/1/2026 5:12:09 PM","1000","Information","VGAuth","vmtoolsd: Username and password successfully validated for 'Administrator'"
"9/1/2026 5:12:09 PM","1000","Information","VGAuth","vmtoolsd: Username and password successfully validated for 'Administrator'"
"9/1/2026 5:12:09 PM","1000","Information","VGAuth","vmtoolsd: Username and password successfully validated for 'Administrator'"
"9/1/2026 5:12:09 PM","1000","Information","VGAuth","vmtoolsd: Username and password successfully validated for 'Administrator'"
"9/1/2026 5:12:09 PM","1000","Information","VGAuth","vmtoolsd: Username and password successfully validated for 'Administrator'"
"9/1/2026 5:12:05 PM","16394","Information","Microsoft-Windows-Security-SPP","Offline downlevel migration succeeded."
"9/1/2026 5:11:59 PM","1000","Information","VGAuth","vmtoolsd: Username and password successfully validated for 'Administrator'"
"9/1/2026 5:11:58 PM","1000","Information","VGAuth","vmtoolsd: Username and password successfully validated for 'Administrator'"
"9/1/2026 5:11:58 PM","1000","Information","VGAuth","vmtoolsd: Username and password successfully validated for 'Administrator'"
"9/1/2026 5:11:58 PM","1000","Information","VGAuth","vmtoolsd: Username and password successfully validated for 'Administrator'"
"9/1/2026 5:11:58 PM","1000","Information","VGAuth","vmtoolsd: Username and password successfully validated for 'Administrator'"
"9/1/2026 5:11:58 PM","1000","Information","VGAuth","vmtoolsd: Username and password successfully validated for 'Administrator'"
"9/1/2026 5:11:58 PM","1000","Information","VGAuth","vmtoolsd: Username and password successfully validated for 'Administrator'"
"9/1/2026 5:11:58 PM","1000","Information","VGAuth","vmtoolsd: Username and password successfully validated for 'Administrator'"
"9/1/2026 5:11:48 PM","1000","Information","VGAuth","vmtoolsd: Username and password successfully validated for 'Administrator'"
"9/1/2026 5:11:47 PM","1000","Information","VGAuth","vmtoolsd: Username and password successfully validated for 'Administrator'"
"9/1/2026 5:11:47 PM","1000","Information","VGAuth","vmtoolsd: Username and password successfully validated for 'Administrator'"
"9/1/2026 5:11:47 PM","1000","Information","VGAuth","vmtoolsd: Username and password successfully validated for 'Administrator'"
"9/1/2026 5:11:47 PM","1000","Information","VGAuth","vmtoolsd: Username and password successfully validated for 'Administrator'"
"9/1/2026 5:11:47 PM","1000","Information","VGAuth","vmtoolsd: Username and password successfully validated for 'Administrator'"
"9/1/2026 5:11:47 PM","1000","Information","VGAuth","vmtoolsd: Username and password successfully validated for 'Administrator'"
"9/1/2026 5:11:47 PM","1000","Information","VGAuth","vmtoolsd: Username and password successfully validated for 'Administrator'"
"9/1/2026 5:11:33 PM","1000","Information","VGAuth","vmtoolsd: Username and password successfully validated for 'Administrator'"
"9/1/2026 5:11:33 PM","1000","Information","VGAuth","vmtoolsd: Username and password successfully validated for 'Administrator'"
"9/1/2026 5:11:33 PM","1000","Information","VGAuth","vmtoolsd: Username and password successfully validated for 'Administrator'"
"9/1/2026 5:11:33 PM","1000","Information","VGAuth","vmtoolsd: Username and password successfully validated for 'Administrator'"
"9/1/2026 5:11:33 PM","1000","Information","VGAuth","vmtoolsd: Username and password successfully validated for 'Administrator'"
"9/1/2026 5:11:33 PM","1000","Information","VGAuth","vmtoolsd: Username and password successfully validated for 'Administrator'"
"9/1/2026 5:11:32 PM","1000","Information","VGAuth","vmtoolsd: Username and password successfully validated for 'Administrator'"
"9/1/2026 5:11:32 PM","1000","Information","VGAuth","vmtoolsd: Username and password successfully validated for 'Administrator'"
"9/1/2026 5:11:22 PM","1000","Information","VGAuth","vmtoolsd: Username and password successfully validated for 'Administrator'"
"9/1/2026 5:11:22 PM","1000","Information","VGAuth","vmtoolsd: Username and password successfully validated for 'Administrator'"
"9/1/2026 5:11:22 PM","1000","Information","VGAuth","vmtoolsd: Username and password successfully validated for 'Administrator'"
"9/1/2026 5:11:22 PM","1000","Information","VGAuth","vmtoolsd: Username and password successfully validated for 'Administrator'"
"9/1/2026 5:11:22 PM","1000","Information","VGAuth","vmtoolsd: Username and password successfully validated for 'Administrator'"
"9/1/2026 5:11:22 PM","1000","Information","VGAuth","vmtoolsd: Username and password successfully validated for 'Administrator'"
"9/1/2026 5:11:21 PM","1000","Information","VGAuth","vmtoolsd: Username and password successfully validated for 'Administrator'"
"9/1/2026 5:11:21 PM","1000","Information","VGAuth","vmtoolsd: Username and password successfully validated for 'Administrator'"
"9/1/2026 5:11:11 PM","1000","Information","VGAuth","vmtoolsd: Username and password successfully validated for 'Administrator'"
"9/1/2026 5:11:11 PM","1000","Information","VGAuth","vmtoolsd: Username and password successfully validated for 'Administrator'"
"9/1/2026 5:11:11 PM","1000","Information","VGAuth","vmtoolsd: Username and password successfully validated for 'Administrator'"
"9/1/2026 5:11:11 PM","1000","Information","VGAuth","vmtoolsd: Username and password successfully validated for 'Administrator'"
"9/1/2026 5:11:10 PM","1000","Information","VGAuth","vmtoolsd: Username and password successfully validated for 'Administrator'"
"9/1/2026 5:11:10 PM","1000","Information","VGAuth","vmtoolsd: Username and password successfully validated for 'Administrator'"
"9/1/2026 5:11:10 PM","1000","Information","VGAuth","vmtoolsd: Username and password successfully validated for 'Administrator'"
"9/1/2026 5:11:10 PM","1000","Information","VGAuth","vmtoolsd: Username and password successfully validated for 'Administrator'"
"9/1/2026 5:11:00 PM","1000","Information","VGAuth","vmtoolsd: Username and password successfully validated for 'Administrator'"
"9/1/2026 5:11:00 PM","1000","Information","VGAuth","vmtoolsd: Username and password successfully validated for 'Administrator'"
"9/1/2026 5:10:59 PM","1000","Information","VGAuth","vmtoolsd: Username and password successfully validated for 'Administrator'"
"9/1/2026 5:10:59 PM","1000","Information","VGAuth","vmtoolsd: Username and password successfully validated for 'Administrator'"
"9/1/2026 5:10:59 PM","1000","Information","VGAuth","vmtoolsd: Username and password successfully validated for 'Administrator'"
"9/1/2026 5:10:59 PM","1000","Information","VGAuth","vmtoolsd: Username and password successfully validated for 'Administrator'"
"9/1/2026 5:10:59 PM","1000","Information","VGAuth","vmtoolsd: Username and password successfully validated for 'Administrator'"
"9/1/2026 5:10:59 PM","1000","Information","VGAuth","vmtoolsd: Username and password successfully validated for 'Administrator'"
"9/1/2026 5:10:48 PM","1000","Information","VGAuth","vmtoolsd: Username and password successfully validated for 'Administrator'"
"9/1/2026 5:10:48 PM","1000","Information","VGAuth","vmtoolsd: Username and password successfully validated for 'Administrator'"
"9/1/2026 5:10:48 PM","1000","Information","VGAuth","vmtoolsd: Username and password successfully validated for 'Administrator'"
"9/1/2026 5:10:48 PM","1000","Information","VGAuth","vmtoolsd: Username and password successfully validated for 'Administrator'"
"9/1/2026 5:10:48 PM","1000","Information","VGAuth","vmtoolsd: Username and password successfully validated for 'Administrator'"
"9/1/2026 5:10:48 PM","1000","Information","VGAuth","vmtoolsd: Username and password successfully validated for 'Administrator'"
"9/1/2026 5:10:48 PM","1000","Information","VGAuth","vmtoolsd: Username and password successfully validated for 'Administrator'"
"9/1/2026 5:10:48 PM","1000","Information","VGAuth","vmtoolsd: Username and password successfully validated for 'Administrator'"
"9/1/2026 5:10:37 PM","1000","Information","VGAuth","vmtoolsd: Username and password successfully validated for 'Administrator'"
"9/1/2026 5:10:37 PM","1000","Information","VGAuth","vmtoolsd: Username and password successfully validated for 'Administrator'"
"9/1/2026 5:10:37 PM","1000","Information","VGAuth","vmtoolsd: Username and password successfully validated for 'Administrator'"
"9/1/2026 5:10:37 PM","1000","Information","VGAuth","vmtoolsd: Username and password successfully validated for 'Administrator'"
"9/1/2026 5:10:37 PM","1000","Information","VGAuth","vmtoolsd: Username and password successfully validated for 'Administrator'"
"9/1/2026 5:10:37 PM","1000","Information","VGAuth","vmtoolsd: Username and password successfully validated for 'Administrator'"
"9/1/2026 5:10:37 PM","1000","Information","VGAuth","vmtoolsd: Username and password successfully validated for 'Administrator'"
"9/1/2026 5:10:36 PM","1000","Information","VGAuth","vmtoolsd: Username and password successfully validated for 'Administrator'"
"9/1/2026 5:10:23 PM","1000","Information","VGAuth","vmtoolsd: Username and password successfully validated for 'Administrator'"
"9/1/2026 5:10:23 PM","1000","Information","VGAuth","vmtoolsd: Username and password successfully validated for 'Administrator'"
"9/1/2026 5:10:23 PM","1000","Information","VGAuth","vmtoolsd: Username and password successfully validated for 'Administrator'"
"9/1/2026 5:10:23 PM","1000","Information","VGAuth","vmtoolsd: Username and password successfully validated for 'Administrator'"
"9/1/2026 5:10:23 PM","1000","Information","VGAuth","vmtoolsd: Username and password successfully validated for 'Administrator'"
"9/1/2026 5:10:23 PM","1000","Information","VGAuth","vmtoolsd: Username and password successfully validated for 'Administrator'"
"9/1/2026 5:10:23 PM","1000","Information","VGAuth","vmtoolsd: Username and password successfully validated for 'Administrator'"
"9/1/2026 5:10:22 PM","1000","Information","VGAuth","vmtoolsd: Username and password successfully validated for 'Administrator'"
"9/1/2026 5:10:13 PM","16384","Information","Microsoft-Windows-Security-SPP","Successfully scheduled Software Protection service for re-start at 2026-09-03T00:08:13Z. Reason: RulesEngine."
"9/1/2026 5:10:12 PM","1000","Information","VGAuth","vmtoolsd: Username and password successfully validated for 'Administrator'"
"9/1/2026 5:10:12 PM","1000","Information","VGAuth","vmtoolsd: Username and password successfully validated for 'Administrator'"
"9/1/2026 5:10:12 PM","1000","Information","VGAuth","vmtoolsd: Username and password successfully validated for 'Administrator'"
"9/1/2026 5:10:12 PM","1000","Information","VGAuth","vmtoolsd: Username and password successfully validated for 'Administrator'"
"9/1/2026 5:10:12 PM","1000","Information","VGAuth","vmtoolsd: Username and password successfully validated for 'Administrator'"
"9/1/2026 5:10:12 PM","1000","Information","VGAuth","vmtoolsd: Username and password successfully validated for 'Administrator'"
"9/1/2026 5:10:12 PM","1000","Information","VGAuth","vmtoolsd: Username and password successfully validated for 'Administrator'"
"9/1/2026 5:10:11 PM","1000","Information","VGAuth","vmtoolsd: Username and password successfully validated for 'Administrator'"
"9/1/2026 5:10:01 PM","1000","Information","VGAuth","vmtoolsd: Username and password successfully validated for 'Administrator'"
"9/1/2026 5:10:01 PM","1000","Information","VGAuth","vmtoolsd: Username and password successfully validated for 'Administrator'"
"9/1/2026 5:10:01 PM","1000","Information","VGAuth","vmtoolsd: Username and password successfully validated for 'Administrator'"
"9/1/2026 5:10:01 PM","1000","Information","VGAuth","vmtoolsd: Username and password successfully validated for 'Administrator'"
"9/1/2026 5:10:01 PM","1000","Information","VGAuth","vmtoolsd: Username and password successfully validated for 'Administrator'"
"9/1/2026 5:10:01 PM","1000","Information","VGAuth","vmtoolsd: Username and password successfully validated for 'Administrator'"
"9/1/2026 5:10:01 PM","1000","Information","VGAuth","vmtoolsd: Username and password successfully validated for 'Administrator'"
"9/1/2026 5:10:00 PM","1000","Information","VGAuth","vmtoolsd: Username and password successfully validated for 'Administrator'"
"9/1/2026 5:09:50 PM","1000","Information","VGAuth","vmtoolsd: Username and password successfully validated for 'Administrator'"
"9/1/2026 5:09:50 PM","1000","Information","VGAuth","vmtoolsd: Username and password successfully validated for 'Administrator'"
"9/1/2026 5:09:50 PM","1000","Information","VGAuth","vmtoolsd: Username and password successfully validated for 'Administrator'"
"9/1/2026 5:09:50 PM","1000","Information","VGAuth","vmtoolsd: Username and password successfully validated for 'Administrator'"
"9/1/2026 5:09:50 PM","1000","Information","VGAuth","vmtoolsd: Username and password successfully validated for 'Administrator'"
"9/1/2026 5:09:50 PM","1000","Information","VGAuth","vmtoolsd: Username and password successfully validated for 'Administrator'"
"9/1/2026 5:09:50 PM","1000","Information","VGAuth","vmtoolsd: Username and password successfully validated for 'Administrator'"
"9/1/2026 5:09:49 PM","1000","Information","VGAuth","vmtoolsd: Username and password successfully validated for 'Administrator'"
"9/1/2026 5:09:42 PM","16394","Information","Microsoft-Windows-Security-SPP","Offline downlevel migration succeeded."
"9/1/2026 5:09:41 PM","16384","Information","Microsoft-Windows-Security-SPP","Successfully scheduled Software Protection service for re-start at 2026-09-03T00:08:41Z. Reason: RulesEngine."
"9/1/2026 5:09:39 PM","1000","Information","VGAuth","vmtoolsd: Username and password successfully validated for 'Administrator'"
"9/1/2026 5:09:39 PM","1000","Information","VGAuth","vmtoolsd: Username and password successfully validated for 'Administrator'"
"9/1/2026 5:09:39 PM","1000","Information","VGAuth","vmtoolsd: Username and password successfully validated for 'Administrator'"
"9/1/2026 5:09:39 PM","1000","Information","VGAuth","vmtoolsd: Username and password successfully validated for 'Administrator'"
"9/1/2026 5:09:38 PM","1000","Information","VGAuth","vmtoolsd: Username and password successfully validated for 'Administrator'"
"9/1/2026 5:09:38 PM","1000","Information","VGAuth","vmtoolsd: Username and password successfully validated for 'Administrator'"
"9/1/2026 5:09:38 PM","1000","Information","VGAuth","vmtoolsd: Username and password successfully validated for 'Administrator'"
"9/1/2026 5:09:38 PM","1000","Information","VGAuth","vmtoolsd: Username and password successfully validated for 'Administrator'"
"9/1/2026 5:09:28 PM","1000","Information","VGAuth","vmtoolsd: Username and password successfully validated for 'Administrator'"
"9/1/2026 5:09:28 PM","1000","Information","VGAuth","vmtoolsd: Username and password successfully validated for 'Administrator'"
"9/1/2026 5:09:28 PM","1000","Information","VGAuth","vmtoolsd: Username and password successfully validated for 'Administrator'"
"9/1/2026 5:09:28 PM","1000","Information","VGAuth","vmtoolsd: Username and password successfully validated for 'Administrator'"
"9/1/2026 5:09:27 PM","1000","Information","VGAuth","vmtoolsd: Username and password successfully validated for 'Administrator'"
"9/1/2026 5:09:27 PM","1000","Information","VGAuth","vmtoolsd: Username and password successfully validated for 'Administrator'"
"9/1/2026 5:09:27 PM","1000","Information","VGAuth","vmtoolsd: Username and password successfully validated for 'Administrator'"
"9/1/2026 5:09:27 PM","1000","Information","VGAuth","vmtoolsd: Username and password successfully validated for 'Administrator'"
"9/1/2026 5:09:16 PM","1000","Information","VGAuth","vmtoolsd: Username and password successfully validated for 'Administrator'"
"9/1/2026 5:09:16 PM","1000","Information","VGAuth","vmtoolsd: Username and password successfully validated for 'Administrator'"
"9/1/2026 5:09:16 PM","1000","Information","VGAuth","vmtoolsd: Username and password successfully validated for 'Administrator'"
"9/1/2026 5:09:16 PM","1000","Information","VGAuth","vmtoolsd: Username and password successfully validated for 'Administrator'"
"9/1/2026 5:09:16 PM","1000","Information","VGAuth","vmtoolsd: Username and password successfully validated for 'Administrator'"
"9/1/2026 5:09:16 PM","1000","Information","VGAuth","vmtoolsd: Username and password successfully validated for 'Administrator'"
"9/1/2026 5:09:16 PM","1000","Information","VGAuth","vmtoolsd: Username and password successfully validated for 'Administrator'"
"9/1/2026 5:09:10 PM","10001","Information","Microsoft-Windows-RestartManager","Ending session 0 started ‎2026‎-‎09‎-‎02T00:09:10.309871000Z."
"9/1/2026 5:09:10 PM","10010","Warning","Microsoft-Windows-RestartManager","Application 'C:\Windows\System32\WindowsPowerShell\v1.0\powershell.exe' (pid 4056) cannot be restarted - Application SID does not match Conductor SID.."
"9/1/2026 5:09:10 PM","10010","Warning","Microsoft-Windows-RestartManager","Application 'C:\Windows\System32\WindowsPowerShell\v1.0\powershell.exe' (pid 1844) cannot be restarted - Application SID does not match Conductor SID.."
"9/1/2026 5:09:10 PM","10000","Information","Microsoft-Windows-RestartManager","Starting session 0 - ‎2026‎-‎09‎-‎02T00:09:10.309871000Z."
"9/1/2026 5:09:05 PM","1000","Information","VGAuth","vmtoolsd: Username and password successfully validated for 'Administrator'"
"9/1/2026 5:09:05 PM","1000","Information","VGAuth","vmtoolsd: Username and password successfully validated for 'Administrator'"
"9/1/2026 5:09:05 PM","1000","Information","VGAuth","vmtoolsd: Username and password successfully validated for 'Administrator'"
"9/1/2026 5:09:05 PM","1000","Information","VGAuth","vmtoolsd: Username and password successfully validated for 'Administrator'"
"9/1/2026 5:09:05 PM","1000","Information","VGAuth","vmtoolsd: Username and password successfully validated for 'Administrator'"
"9/1/2026 5:09:05 PM","1000","Information","VGAuth","vmtoolsd: Username and password successfully validated for 'Administrator'"
"9/1/2026 5:09:05 PM","1000","Information","VGAuth","vmtoolsd: Username and password successfully validated for 'Administrator'"
"9/1/2026 5:09:05 PM","8198","Error","Microsoft-Windows-Security-SPP","License Activation (slui.exe) failed with the following error code:
hr=0x80004005
Command-line arguments:
RuleId=31e71c49-8da7-4a2f-ad92-45d98a1c79ba;Action=AutoActivate;AppId=55c92734-d682-4d71-983e-d6ec3f16059f;SkuId=80f53cc1-120f-4e0e-875b-27c9f1caf7de;NotificationInterval=1440;Trigger=NetworkAvailable"
"9/1/2026 5:09:04 PM","1000","Information","VGAuth","vmtoolsd: Username and password successfully validated for 'Administrator'"
"9/1/2026 5:09:03 PM","8198","Error","Microsoft-Windows-Security-SPP","License Activation (slui.exe) failed with the following error code:
hr=0x80004005
Command-line arguments:
RuleId=31e71c49-8da7-4a2f-ad92-45d98a1c79ba;Action=AutoActivate;AppId=55c92734-d682-4d71-983e-d6ec3f16059f;SkuId=80f53cc1-120f-4e0e-875b-27c9f1caf7de;NotificationInterval=1440;Trigger=NetworkAvailable"
"9/1/2026 5:09:02 PM","772","Error","WDSServer","An error occurred while trying to create the UDP endpoint for WDSPXE provider on interface 10.129.250.104:4011. This can happen if the network interface was disabled or changed, or some other application is already using the port. The provider  will not be able to receive requests on this interface. 
 
 Error Information: 0x2740 
"
"9/1/2026 5:09:02 PM","772","Error","WDSServer","An error occurred while trying to create the UDP endpoint for WDSPXE provider on interface fe80::1144:abe9:3df4:5705:4011. This can happen if the network interface was disabled or changed, or some other application is already using the port. The provider  will not be able to receive requests on this interface. 
 
 Error Information: 0x2740 
"
"9/1/2026 5:09:01 PM","772","Error","WDSServer","An error occurred while trying to create the UDP endpoint for WDSPXE provider on interface dead:beef::1144:abe9:3df4:5705:4011. This can happen if the network interface was disabled or changed, or some other application is already using the port. The provider  will not be able to receive requests on this interface. 
 
 Error Information: 0x2740 
"
"9/1/2026 5:09:01 PM","772","Error","WDSServer","An error occurred while trying to create the UDP endpoint for WDSPXE provider on interface fe80::1144:abe9:3df4:5705:547. This can happen if the network interface was disabled or changed, or some other application is already using the port. The provider  will not be able to receive requests on this interface. 
 
 Error Information: 0x2740 
"
"9/1/2026 5:09:01 PM","772","Error","WDSServer","An error occurred while trying to create the UDP endpoint for WDSPXE provider on interface dead:beef::1144:abe9:3df4:5705:547. This can happen if the network interface was disabled or changed, or some other application is already using the port. The provider  will not be able to receive requests on this interface. 
 
 Error Information: 0x2740 
"
"9/1/2026 5:09:01 PM","772","Error","WDSServer","An error occurred while trying to create the UDP endpoint for WDSTFTP provider on interface 10.129.250.104:52718. This can happen if the network interface was disabled or changed, or some other application is already using the port. The provider  will not be able to receive requests on this interface. 
 
 Error Information: 0x2740 
"
"9/1/2026 5:08:54 PM","1000","Information","VGAuth","vmtoolsd: Username and password successfully validated for 'Administrator'"
"9/1/2026 5:08:54 PM","1000","Information","VGAuth","vmtoolsd: Username and password successfully validated for 'Administrator'"
"9/1/2026 5:08:53 PM","1000","Information","VGAuth","vmtoolsd: Username and password successfully validated for 'Administrator'"
"9/1/2026 5:08:53 PM","1000","Information","VGAuth","vmtoolsd: Username and password successfully validated for 'Administrator'"
"9/1/2026 5:08:53 PM","1000","Information","VGAuth","vmtoolsd: Username and password successfully validated for 'Administrator'"
"9/1/2026 5:08:53 PM","1000","Information","VGAuth","vmtoolsd: Username and password successfully validated for 'Administrator'"
"9/1/2026 5:08:53 PM","1000","Information","VGAuth","vmtoolsd: Username and password successfully validated for 'Administrator'"
"9/1/2026 5:08:53 PM","1000","Information","VGAuth","vmtoolsd: Username and password successfully validated for 'Administrator'"
"9/1/2026 5:08:36 PM","1000","Information","VGAuth","vmtoolsd: Username and password successfully validated for 'Administrator'"
"9/1/2026 5:08:36 PM","1000","Information","VGAuth","vmtoolsd: Username and password successfully validated for 'Administrator'"
"9/1/2026 5:08:36 PM","1000","Information","VGAuth","vmtoolsd: Username and password successfully validated for 'Administrator'"
"9/1/2026 5:08:36 PM","1000","Information","VGAuth","vmtoolsd: Username and password successfully validated for 'Administrator'"
"9/1/2026 5:08:35 PM","1000","Information","VGAuth","vmtoolsd: Username and password successfully validated for 'Administrator'"
"9/1/2026 5:08:35 PM","1000","Information","VGAuth","vmtoolsd: Username and password successfully validated for 'Administrator'"
"9/1/2026 5:08:34 PM","1000","Information","VGAuth","vmtoolsd: Username and password successfully validated for 'Administrator'"
"9/1/2026 5:08:27 PM","16394","Information","Microsoft-Windows-Security-SPP","Offline downlevel migration succeeded."
"9/1/2026 5:08:24 PM","1000","Information","VGAuth","vmtoolsd: Username and password successfully validated for 'Administrator'"
"9/1/2026 5:08:24 PM","1000","Information","VGAuth","vmtoolsd: Username and password successfully validated for 'Administrator'"
"9/1/2026 5:08:24 PM","1000","Information","VGAuth","vmtoolsd: Username and password successfully validated for 'Administrator'"
"9/1/2026 5:08:24 PM","1000","Information","VGAuth","vmtoolsd: Username and password successfully validated for 'Administrator'"
"9/1/2026 5:08:24 PM","1000","Information","VGAuth","vmtoolsd: Username and password successfully validated for 'Administrator'"
"9/1/2026 5:08:24 PM","1000","Information","VGAuth","vmtoolsd: Username and password successfully validated for 'Administrator'"
"9/1/2026 5:08:24 PM","1000","Information","VGAuth","vmtoolsd: Username and password successfully validated for 'Administrator'"
"9/1/2026 5:08:23 PM","1000","Information","VGAuth","vmtoolsd: Username and password successfully validated for 'Administrator'"
"9/1/2026 5:08:19 PM","1000","Information","Microsoft-Windows-LoadPerf","Performance counters for the WmiApRpl (WmiApRpl) service were loaded successfully. The Record Data in the data section contains the new index values assigned to this service."
"9/1/2026 5:08:19 PM","1001","Information","Microsoft-Windows-LoadPerf","Performance counters for the WmiApRpl (WmiApRpl) service were removed successfully. The Record Data contains the new values of the system Last Counter and Last Help registry entries."
"9/1/2026 5:08:12 PM","1000","Information","VGAuth","vmtoolsd: Username and password successfully validated for 'Administrator'"
"9/1/2026 5:08:12 PM","1000","Information","VGAuth","vmtoolsd: Username and password successfully validated for 'Administrator'"
"9/1/2026 5:08:12 PM","1000","Information","VGAuth","vmtoolsd: Username and password successfully validated for 'Administrator'"
"9/1/2026 5:08:12 PM","1000","Information","VGAuth","vmtoolsd: Username and password successfully validated for 'Administrator'"
"9/1/2026 5:08:12 PM","1000","Information","VGAuth","vmtoolsd: Username and password successfully validated for 'Administrator'"
"9/1/2026 5:08:12 PM","1000","Information","VGAuth","vmtoolsd: Username and password successfully validated for 'Administrator'"
"9/1/2026 5:08:11 PM","1000","Information","VGAuth","vmtoolsd: Username and password successfully validated for 'Administrator'"
"9/1/2026 5:08:10 PM","1000","Information","VGAuth","vmtoolsd: Username and password successfully validated for 'Administrator'"
"9/1/2026 5:08:00 PM","1000","Information","VGAuth","vmtoolsd: Username and password successfully validated for 'Administrator'"
"9/1/2026 5:08:00 PM","1000","Information","VGAuth","vmtoolsd: Username and password successfully validated for 'Administrator'"
"9/1/2026 5:08:00 PM","1000","Information","VGAuth","vmtoolsd: Username and password successfully validated for 'Administrator'"
"9/1/2026 5:08:00 PM","1000","Information","VGAuth","vmtoolsd: Username and password successfully validated for 'Administrator'"
"9/1/2026 5:08:00 PM","1000","Information","VGAuth","vmtoolsd: Username and password successfully validated for 'Administrator'"
"9/1/2026 5:08:00 PM","1000","Information","VGAuth","vmtoolsd: Username and password successfully validated for 'Administrator'"
"9/1/2026 5:07:59 PM","1000","Information","VGAuth","vmtoolsd: Username and password successfully validated for 'Administrator'"
"9/1/2026 5:07:59 PM","1000","Information","VGAuth","vmtoolsd: Username and password successfully validated for 'Administrator'"
"9/1/2026 5:07:46 PM","1000","Information","VGAuth","vmtoolsd: Username and password successfully validated for 'Administrator'"
"9/1/2026 5:07:46 PM","1000","Information","VGAuth","vmtoolsd: Username and password successfully validated for 'Administrator'"
"9/1/2026 5:07:46 PM","1000","Information","VGAuth","vmtoolsd: Username and password successfully validated for 'Administrator'"
"9/1/2026 5:07:45 PM","1000","Information","VGAuth","vmtoolsd: Username and password successfully validated for 'Administrator'"
"9/1/2026 5:07:45 PM","1000","Information","VGAuth","vmtoolsd: Username and password successfully validated for 'Administrator'"
"9/1/2026 5:07:45 PM","1000","Information","VGAuth","vmtoolsd: Username and password successfully validated for 'Administrator'"
"9/1/2026 5:07:45 PM","1000","Information","VGAuth","vmtoolsd: Username and password successfully validated for 'Administrator'"
"9/1/2026 5:07:44 PM","1000","Information","VGAuth","vmtoolsd: Username and password successfully validated for 'Administrator'"
"9/1/2026 5:07:34 PM","1000","Information","VGAuth","vmtoolsd: Username and password successfully validated for 'Administrator'"
"9/1/2026 5:07:34 PM","1000","Information","VGAuth","vmtoolsd: Username and password successfully validated for 'Administrator'"
"9/1/2026 5:07:34 PM","1000","Information","VGAuth","vmtoolsd: Username and password successfully validated for 'Administrator'"
"9/1/2026 5:07:33 PM","1000","Information","VGAuth","vmtoolsd: Username and password successfully validated for 'Administrator'"
"9/1/2026 5:07:33 PM","1000","Information","VGAuth","vmtoolsd: Username and password successfully validated for 'Administrator'"
"9/1/2026 5:07:33 PM","1000","Information","VGAuth","vmtoolsd: Username and password successfully validated for 'Administrator'"
"9/1/2026 5:07:33 PM","1000","Information","VGAuth","vmtoolsd: Username and password successfully validated for 'Administrator'"
"9/1/2026 5:07:32 PM","1000","Information","VGAuth","vmtoolsd: Username and password successfully validated for 'Administrator'"
"9/1/2026 5:07:22 PM","1000","Information","VGAuth","vmtoolsd: Username and password successfully validated for 'Administrator'"
"9/1/2026 5:07:22 PM","1000","Information","VGAuth","vmtoolsd: Username and password successfully validated for 'Administrator'"
"9/1/2026 5:07:22 PM","1000","Information","VGAuth","vmtoolsd: Username and password successfully validated for 'Administrator'"
"9/1/2026 5:07:22 PM","1000","Information","VGAuth","vmtoolsd: Username and password successfully validated for 'Administrator'"
"9/1/2026 5:07:22 PM","1000","Information","VGAuth","vmtoolsd: Username and password successfully validated for 'Administrator'"
"9/1/2026 5:07:22 PM","1000","Information","VGAuth","vmtoolsd: Username and password successfully validated for 'Administrator'"
"9/1/2026 5:07:22 PM","1000","Information","VGAuth","vmtoolsd: Username and password successfully validated for 'Administrator'"
"9/1/2026 5:07:21 PM","1000","Information","VGAuth","vmtoolsd: Username and password successfully validated for 'Administrator'"
"9/1/2026 5:07:11 PM","1000","Information","VGAuth","vmtoolsd: Username and password successfully validated for 'Administrator'"
"9/1/2026 5:07:10 PM","1000","Information","VGAuth","vmtoolsd: Username and password successfully validated for 'Administrator'"
"9/1/2026 5:07:10 PM","1000","Information","VGAuth","vmtoolsd: Username and password successfully validated for 'Administrator'"
"9/1/2026 5:07:10 PM","1000","Information","VGAuth","vmtoolsd: Username and password successfully validated for 'Administrator'"
"9/1/2026 5:07:10 PM","1000","Information","VGAuth","vmtoolsd: Username and password successfully validated for 'Administrator'"
"9/1/2026 5:07:10 PM","1000","Information","VGAuth","vmtoolsd: Username and password successfully validated for 'Administrator'"
"9/1/2026 5:07:10 PM","1000","Information","VGAuth","vmtoolsd: Username and password successfully validated for 'Administrator'"
"9/1/2026 5:07:10 PM","1000","Information","VGAuth","vmtoolsd: Username and password successfully validated for 'Administrator'"
"9/1/2026 5:06:59 PM","1000","Information","VGAuth","vmtoolsd: Username and password successfully validated for 'Administrator'"
"9/1/2026 5:06:59 PM","1000","Information","VGAuth","vmtoolsd: Username and password successfully validated for 'Administrator'"
"9/1/2026 5:06:59 PM","1000","Information","VGAuth","vmtoolsd: Username and password successfully validated for 'Administrator'"
"9/1/2026 5:06:59 PM","1000","Information","VGAuth","vmtoolsd: Username and password successfully validated for 'Administrator'"
"9/1/2026 5:06:59 PM","1000","Information","VGAuth","vmtoolsd: Username and password successfully validated for 'Administrator'"
"9/1/2026 5:06:59 PM","1000","Information","VGAuth","vmtoolsd: Username and password successfully validated for 'Administrator'"
"9/1/2026 5:06:59 PM","1000","Information","VGAuth","vmtoolsd: Username and password successfully validated for 'Administrator'"
"9/1/2026 5:06:58 PM","1000","Information","VGAuth","vmtoolsd: Username and password successfully validated for 'Administrator'"
"9/1/2026 5:06:45 PM","1000","Information","VGAuth","vmtoolsd: Username and password successfully validated for 'Administrator'"
"9/1/2026 5:06:45 PM","1000","Information","VGAuth","vmtoolsd: Username and password successfully validated for 'Administrator'"
"9/1/2026 5:06:45 PM","1000","Information","VGAuth","vmtoolsd: Username and password successfully validated for 'Administrator'"
"9/1/2026 5:06:45 PM","1000","Information","VGAuth","vmtoolsd: Username and password successfully validated for 'Administrator'"
"9/1/2026 5:06:44 PM","1000","Information","VGAuth","vmtoolsd: Username and password successfully validated for 'Administrator'"
"9/1/2026 5:06:44 PM","1000","Information","VGAuth","vmtoolsd: Username and password successfully validated for 'Administrator'"
"9/1/2026 5:06:44 PM","1000","Information","VGAuth","vmtoolsd: Username and password successfully validated for 'Administrator'"
"9/1/2026 5:06:44 PM","1000","Information","VGAuth","vmtoolsd: Username and password successfully validated for 'Administrator'"
"9/1/2026 5:06:34 PM","1000","Information","VGAuth","vmtoolsd: Username and password successfully validated for 'Administrator'"
"9/1/2026 5:06:33 PM","1000","Information","VGAuth","vmtoolsd: Username and password successfully validated for 'Administrator'"
"9/1/2026 5:06:33 PM","1000","Information","VGAuth","vmtoolsd: Username and password successfully validated for 'Administrator'"
"9/1/2026 5:06:33 PM","1000","Information","VGAuth","vmtoolsd: Username and password successfully validated for 'Administrator'"
"9/1/2026 5:06:33 PM","1000","Information","VGAuth","vmtoolsd: Username and password successfully validated for 'Administrator'"
"9/1/2026 5:06:33 PM","1000","Information","VGAuth","vmtoolsd: Username and password successfully validated for 'Administrator'"
"9/1/2026 5:06:33 PM","1000","Information","VGAuth","vmtoolsd: Username and password successfully validated for 'Administrator'"
"9/1/2026 5:06:32 PM","1000","Information","VGAuth","vmtoolsd: Username and password successfully validated for 'Administrator'"
"9/1/2026 5:06:22 PM","1000","Information","VGAuth","vmtoolsd: Username and password successfully validated for 'Administrator'"
"9/1/2026 5:06:22 PM","1000","Information","VGAuth","vmtoolsd: Username and password successfully validated for 'Administrator'"
"9/1/2026 5:06:21 PM","1000","Information","VGAuth","vmtoolsd: Username and password successfully validated for 'Administrator'"
"9/1/2026 5:06:21 PM","1000","Information","VGAuth","vmtoolsd: Username and password successfully validated for 'Administrator'"
"9/1/2026 5:06:21 PM","1000","Information","VGAuth","vmtoolsd: Username and password successfully validated for 'Administrator'"
"9/1/2026 5:06:21 PM","1000","Information","VGAuth","vmtoolsd: Username and password successfully validated for 'Administrator'"
"9/1/2026 5:06:21 PM","1000","Information","VGAuth","vmtoolsd: Username and password successfully validated for 'Administrator'"
"9/1/2026 5:06:20 PM","1000","Information","VGAuth","vmtoolsd: Username and password successfully validated for 'Administrator'"
"9/1/2026 5:06:10 PM","1000","Information","VGAuth","vmtoolsd: Username and password successfully validated for 'Administrator'"
"9/1/2026 5:06:10 PM","1000","Information","VGAuth","vmtoolsd: Username and password successfully validated for 'Administrator'"
"9/1/2026 5:06:10 PM","1000","Information","VGAuth","vmtoolsd: Username and password successfully validated for 'Administrator'"
"9/1/2026 5:06:10 PM","1000","Information","VGAuth","vmtoolsd: Username and password successfully validated for 'Administrator'"
"9/1/2026 5:06:10 PM","1000","Information","VGAuth","vmtoolsd: Username and password successfully validated for 'Administrator'"
"9/1/2026 5:06:10 PM","1000","Information","VGAuth","vmtoolsd: Username and password successfully validated for 'Administrator'"
"9/1/2026 5:06:09 PM","1000","Information","VGAuth","vmtoolsd: Username and password successfully validated for 'Administrator'"
"9/1/2026 5:06:08 PM","1000","Information","VGAuth","vmtoolsd: Username and password successfully validated for 'Administrator'"
"9/1/2026 5:06:05 PM","16384","Information","Microsoft-Windows-Security-SPP","Successfully scheduled Software Protection service for re-start at 2026-09-03T00:02:05Z. Reason: RulesEngine."
"9/1/2026 5:05:57 PM","1000","Information","VGAuth","vmtoolsd: Username and password successfully validated for 'Administrator'"
"9/1/2026 5:05:57 PM","1000","Information","VGAuth","vmtoolsd: Username and password successfully validated for 'Administrator'"
"9/1/2026 5:05:57 PM","1000","Information","VGAuth","vmtoolsd: Username and password successfully validated for 'Administrator'"
"9/1/2026 5:05:57 PM","1000","Information","VGAuth","vmtoolsd: Username and password successfully validated for 'Administrator'"
"9/1/2026 5:05:57 PM","1000","Information","VGAuth","vmtoolsd: Username and password successfully validated for 'Administrator'"
"9/1/2026 5:05:57 PM","1000","Information","VGAuth","vmtoolsd: Username and password successfully validated for 'Administrator'"
"9/1/2026 5:05:57 PM","1000","Information","VGAuth","vmtoolsd: Username and password successfully validated for 'Administrator'"
"9/1/2026 5:05:56 PM","1000","Information","VGAuth","vmtoolsd: Username and password successfully validated for 'Administrator'"
"9/1/2026 5:05:45 PM","1000","Information","VGAuth","vmtoolsd: Username and password successfully validated for 'Administrator'"
"9/1/2026 5:05:45 PM","1000","Information","VGAuth","vmtoolsd: Username and password successfully validated for 'Administrator'"
"9/1/2026 5:05:45 PM","1000","Information","VGAuth","vmtoolsd: Username and password successfully validated for 'Administrator'"
"9/1/2026 5:05:45 PM","1000","Information","VGAuth","vmtoolsd: Username and password successfully validated for 'Administrator'"
"9/1/2026 5:05:45 PM","1000","Information","VGAuth","vmtoolsd: Username and password successfully validated for 'Administrator'"
"9/1/2026 5:05:44 PM","1000","Information","VGAuth","vmtoolsd: Username and password successfully validated for 'Administrator'"
"9/1/2026 5:05:44 PM","1000","Information","VGAuth","vmtoolsd: Username and password successfully validated for 'Administrator'"
"9/1/2026 5:05:44 PM","1000","Information","VGAuth","vmtoolsd: Username and password successfully validated for 'Administrator'"
"9/1/2026 5:05:43 PM","49930","Information","MSSQL$SQLEXPRESS","Parallel redo is shutdown for database 'ScaffoldPortal' with worker pool size [1]."
"9/1/2026 5:05:43 PM","49930","Information","MSSQL$SQLEXPRESS","Parallel redo is started for database 'ScaffoldPortal' with worker pool size [1]."
"9/1/2026 5:05:42 PM","17137","Information","MSSQL$SQLEXPRESS","Starting up database 'ScaffoldPortal'."
"9/1/2026 5:05:41 PM","8128","Information","MSSQL$SQLEXPRESS","Using 'xplog70.dll' version '2019.150.2000' to execute extended stored procedure 'xp_msver'. This is an informational message only; no user action is required."
"9/1/2026 5:05:41 PM","33090","Information","MSSQL$SQLEXPRESS","Attempting to load library 'xplog70.dll' into memory. This is an informational message only. No user action is required."
"9/1/2026 5:05:34 PM","16394","Information","Microsoft-Windows-Security-SPP","Offline downlevel migration succeeded."
"9/1/2026 5:05:33 PM","1000","Information","VGAuth","vmtoolsd: Username and password successfully validated for 'Administrator'"
"9/1/2026 5:05:33 PM","1000","Information","VGAuth","vmtoolsd: Username and password successfully validated for 'Administrator'"
"9/1/2026 5:05:33 PM","1000","Information","VGAuth","vmtoolsd: Username and password successfully validated for 'Administrator'"
"9/1/2026 5:05:33 PM","1000","Information","VGAuth","vmtoolsd: Username and password successfully validated for 'Administrator'"
"9/1/2026 5:05:33 PM","1000","Information","VGAuth","vmtoolsd: Username and password successfully validated for 'Administrator'"
"9/1/2026 5:05:33 PM","1000","Information","VGAuth","vmtoolsd: Username and password successfully validated for 'Administrator'"
"9/1/2026 5:05:32 PM","1000","Information","VGAuth","vmtoolsd: Username and password successfully validated for 'Administrator'"
"9/1/2026 5:05:21 PM","1000","Information","VGAuth","vmtoolsd: Username and password successfully validated for 'Administrator'"
"9/1/2026 5:05:21 PM","1000","Information","VGAuth","vmtoolsd: Username and password successfully validated for 'Administrator'"
"9/1/2026 5:05:21 PM","1000","Information","VGAuth","vmtoolsd: Username and password successfully validated for 'Administrator'"
"9/1/2026 5:05:21 PM","1000","Information","VGAuth","vmtoolsd: Username and password successfully validated for 'Administrator'"
"9/1/2026 5:05:21 PM","1000","Information","VGAuth","vmtoolsd: Username and password successfully validated for 'Administrator'"
"9/1/2026 5:05:20 PM","1000","Information","VGAuth","vmtoolsd: Username and password successfully validated for 'Administrator'"
"9/1/2026 5:05:19 PM","1","Information","MSSQL$SQLEXPRESS","None"
"9/1/2026 5:05:19 PM","1000","Information","VGAuth","vmtoolsd: Username and password successfully validated for 'Administrator'"
"9/1/2026 5:05:08 PM","1000","Information","VGAuth","vmtoolsd: Username and password successfully validated for 'Administrator'"
"9/1/2026 5:05:08 PM","1000","Information","VGAuth","vmtoolsd: Username and password successfully validated for 'Administrator'"
"9/1/2026 5:05:08 PM","1000","Information","VGAuth","vmtoolsd: Username and password successfully validated for 'Administrator'"
"9/1/2026 5:05:08 PM","1000","Information","VGAuth","vmtoolsd: Username and password successfully validated for 'Administrator'"
"9/1/2026 5:05:08 PM","1000","Information","VGAuth","vmtoolsd: Username and password successfully validated for 'Administrator'"
"9/1/2026 5:05:08 PM","1000","Information","VGAuth","vmtoolsd: Username and password successfully validated for 'Administrator'"
"9/1/2026 5:05:07 PM","1000","Information","VGAuth","vmtoolsd: Username and password successfully validated for 'Administrator'"
"9/1/2026 5:04:57 PM","16384","Information","Microsoft-Windows-Security-SPP","Successfully scheduled Software Protection service for re-start at 2026-09-03T00:02:57Z. Reason: RulesEngine."
"9/1/2026 5:04:53 PM","1000","Information","VGAuth","vmtoolsd: Username and password successfully validated for 'Administrator'"
"9/1/2026 5:04:53 PM","1000","Information","VGAuth","vmtoolsd: Username and password successfully validated for 'Administrator'"
"9/1/2026 5:04:53 PM","1000","Information","VGAuth","vmtoolsd: Username and password successfully validated for 'Administrator'"
"9/1/2026 5:04:53 PM","1000","Information","VGAuth","vmtoolsd: Username and password successfully validated for 'Administrator'"
"9/1/2026 5:04:53 PM","1000","Information","VGAuth","vmtoolsd: Username and password successfully validated for 'Administrator'"
"9/1/2026 5:04:53 PM","1000","Information","VGAuth","vmtoolsd: Username and password successfully validated for 'Administrator'"
"9/1/2026 5:04:52 PM","1000","Information","VGAuth","vmtoolsd: Username and password successfully validated for 'Administrator'"
"9/1/2026 5:04:42 PM","1000","Information","VGAuth","vmtoolsd: Username and password successfully validated for 'Administrator'"
"9/1/2026 5:04:42 PM","1000","Information","VGAuth","vmtoolsd: Username and password successfully validated for 'Administrator'"
"9/1/2026 5:04:42 PM","1000","Information","VGAuth","vmtoolsd: Username and password successfully validated for 'Administrator'"
"9/1/2026 5:04:42 PM","1000","Information","VGAuth","vmtoolsd: Username and password successfully validated for 'Administrator'"
"9/1/2026 5:04:42 PM","1000","Information","VGAuth","vmtoolsd: Username and password successfully validated for 'Administrator'"
"9/1/2026 5:04:42 PM","1000","Information","VGAuth","vmtoolsd: Username and password successfully validated for 'Administrator'"
"9/1/2026 5:04:41 PM","1000","Information","VGAuth","vmtoolsd: Username and password successfully validated for 'Administrator'"
"9/1/2026 5:04:41 PM","1000","Information","VGAuth","vmtoolsd: Username and password successfully validated for 'Administrator'"
"9/1/2026 5:04:31 PM","1000","Information","VGAuth","vmtoolsd: Username and password successfully validated for 'Administrator'"
"9/1/2026 5:04:31 PM","1000","Information","VGAuth","vmtoolsd: Username and password successfully validated for 'Administrator'"
"9/1/2026 5:04:30 PM","1000","Information","VGAuth","vmtoolsd: Username and password successfully validated for 'Administrator'"
"9/1/2026 5:04:30 PM","1000","Information","VGAuth","vmtoolsd: Username and password successfully validated for 'Administrator'"
"9/1/2026 5:04:30 PM","1000","Information","VGAuth","vmtoolsd: Username and password successfully validated for 'Administrator'"
"9/1/2026 5:04:30 PM","1000","Information","VGAuth","vmtoolsd: Username and password successfully validated for 'Administrator'"
"9/1/2026 5:04:30 PM","1000","Information","VGAuth","vmtoolsd: Username and password successfully validated for 'Administrator'"
"9/1/2026 5:04:30 PM","1000","Information","VGAuth","vmtoolsd: Username and password successfully validated for 'Administrator'"
"9/1/2026 5:04:26 PM","16394","Information","Microsoft-Windows-Security-SPP","Offline downlevel migration succeeded."
