"5/13/2026 7:43:41 AM","3054","Warning","Microsoft-Windows-ActiveDirectory_DomainService","The directory has been configured to allow implicit owner privileges when initially setting or modifying the nTSecurityDescriptor attribute during LDAP add and modify operations. Warning events will be logged, but no requests will be blocked. 
 
This setting is not secure and should only be used as a temporary troubleshooting step. Please review the suggested mitigations in the link below. 
 
For more information, please see https://go.microsoft.com/fwlink/?linkid=2174032."
"5/13/2026 7:43:41 AM","3051","Warning","Microsoft-Windows-ActiveDirectory_DomainService","The directory has been configured to not enforce per-attribute authorization during LDAP add operations. Warning events will be logged, but no requests will be blocked. 
 
This setting is not secure and should only be used as a temporary troubleshooting step. Please review the suggested mitigations in the link below. 
 
For more information, please see https://go.microsoft.com/fwlink/?linkid=2174032."
"5/13/2026 7:43:40 AM","2064","Information","Microsoft-Windows-ActiveDirectory_DomainService","Active Directory Domain Services has detected that the quota-tracking table is either missing or not completely built. The table will be rebuilt in the background (resuming the progress of any previous rebuild, if possible). Until it has completed, quota enforcement will not be in effect."
"5/13/2026 7:42:55 AM","1004","Information","Microsoft-Windows-ActiveDirectory_DomainService","Active Directory Domain Services was shut down successfully."
"5/13/2026 7:42:55 AM","2064","Information","Microsoft-Windows-ActiveDirectory_DomainService","Active Directory Domain Services has detected that the quota-tracking table is either missing or not completely built. The table will be rebuilt in the background (resuming the progress of any previous rebuild, if possible). Until it has completed, quota enforcement will not be in effect."
"5/13/2026 7:42:55 AM","1000","Information","Microsoft-Windows-ActiveDirectory_DomainService","Microsoft Active Directory Domain Services startup complete"
"5/13/2026 7:42:55 AM","3027","Information","Microsoft-Windows-ActiveDirectory_DomainService","Internal event: Online Defragment Start succeeded. 
 
Duration in seconds:3600 
"
"5/13/2026 7:42:55 AM","3033","Information","Microsoft-Windows-ActiveDirectory_DomainService","Internal event: Online Defragment Stop invoked but defrag was not running."
"5/13/2026 7:42:55 AM","1898","Information","Microsoft-Windows-ActiveDirectory_DomainService","Internal event: The following schema object was modified. 
 
Schema object: 
CN=sam-domain,CN=Schema,CN=Configuration,DC=scaffold,DC=htb"
"5/13/2026 7:42:55 AM","1898","Information","Microsoft-Windows-ActiveDirectory_DomainService","Internal event: The following schema object was modified. 
 
Schema object: 
CN=domain-dns,CN=Schema,CN=Configuration,DC=scaffold,DC=htb"
"5/13/2026 7:42:55 AM","103","Information","NTDS ISAM","NTDS (724,T,97) NTDSA: The database engine stopped the instance (0). 
 
Dirty Shutdown: 0 
 
Internal Timing Sequence: 
[1] 0.000003 +J(0)
[2] 0.000007 +J(0)
[3] 0.000137 +J(CM:0, PgRf:35, Rd:0/0, Dy:4/42, Lg:1665/31) +M(C:0K, Fs:8, WS:32K # 0K, PF:0K # 0K, P:0K)
[4] 0.000003 +J(0)
[5] 0.016242 -0.007313 (7) WT +J(0) +M(C:104K, Fs:289, WS:224K # 0K, PF:224K # 0K, P:224K)
[6] 0.000010 +J(0)
[7] 0.000004 +J(0)
[8] 0.002970 -0.000938 (12) WT +J(CM:0, PgRf:0, Rd:0/0, Dy:0/0, Lg:1293/2) +M(C:0K, Fs:20, WS:16K # 0K, PF:12K # 0K, P:12K)
[9] 0.000289 -0.000162 (1) WT +J(CM:0, PgRf:0, Rd:0/0, Dy:0/0, Lg:66/1)
[10] 0.000014 +J(0)
[11] 0.000606 -0.000097 (2) WT +J(0)
[12] 0.000009 +J(0) +M(C:0K, Fs:0, WS:-4K # 0K, PF:-4K # 0K, P:-4K)
[13] 0.000065 +J(0)
[14] 0.000626 +J(0) +M(C:0K, Fs:0, WS:-10248K # 0K, PF:-10264K # 0K, P:-10264K)
[15] 0.000003 +J(0)."
"5/13/2026 7:42:55 AM","701","Information","NTDS ISAM","NTDS (724,D,0) NTDSA: Online defragmentation has completed a full pass on database 'C:\Windows\NTDS\ntds.dit', freeing 9 pages. This pass started on 5/13/2026 and ran for a total of 0 seconds, requiring 1 invocations over 1 days. Since the database was created it has been fully defragmented 1 times."
"5/13/2026 7:42:55 AM","700","Information","NTDS ISAM","NTDS (724,D,0) NTDSA: Online defragmentation is beginning a full pass on database 'C:\Windows\NTDS\ntds.dit'."
"5/13/2026 7:42:51 AM","2405","Information","Microsoft-Windows-ActiveDirectory_DomainService","This Active Directory Domain Services server does not support the ""Privileged Access Management Feature"" optional feature."
"5/13/2026 7:42:51 AM","2405","Information","Microsoft-Windows-ActiveDirectory_DomainService","This Active Directory Domain Services server does not support the ""Recycle Bin Feature"" optional feature."
"5/13/2026 7:42:51 AM","2120","Information","Microsoft-Windows-ActiveDirectory_DomainService","This Active Directory Domain Services server does not support the Recycle Bin. Deleted objects may be undeleted, however, when an object is undeleted, some attributes of that object may be lost.  Additionally, attributes of other objects that refer to the object being undeleted may also be lost."
"5/13/2026 7:42:51 AM","2014","Information","Microsoft-Windows-ActiveDirectory_DomainService","Active Directory Domain Services successfully completed rebuilding the following number of indices. 
 
Indices: 
5"
"5/13/2026 7:42:51 AM","2013","Information","Microsoft-Windows-ActiveDirectory_DomainService","Active Directory Domain Services is rebuilding the following number of indices as part of the initialization process. 
 
Number of indices: 
5 
Indices: 
PDNT_index +PDNT_col LCL_ABVIEW_index00000409 +ATTb590468 INDEX_000201CC +ATTm131532 INDEX_00090001 +ATTm589825 INDEX_00000003 +ATTm3 "
"5/13/2026 7:42:51 AM","1463","Warning","Microsoft-Windows-ActiveDirectory_DomainService","Active Directory Domain Services has detected and deleted some possibly corrupted indices as part of initialization. 
 
These deleted indices will be rebuilt."
"5/13/2026 7:42:51 AM","326","Information","NTDS ISAM","NTDS (724,D,50) NTDSA: The database engine attached a database (1, C:\Windows\NTDS\ntds.dit). (Time=0 seconds) 
 
Saved Cache: 1 0 
Additional Data: lgposAttach = 00000001:00BD:0000,
dbv = 1568.20.0 (8920) 
 
Internal Timing Sequence: 
[1] 0.000001 +J(0)
[2] 0.000595 -0.000152 (1) WT +J(0) +M(C:0K, Fs:18, WS:8K # 0K, PF:8K # 0K, P:8K)
[3] 0.001436 -0.000486 (6) WT +J(CM:0, PgRf:0, Rd:0/0, Dy:0/0, Lg:4096/2) +M(C:0K, Fs:8, WS:24K # 0K, PF:20K # 0K, P:20K)
[4] 0.000083 +J(0)
[5] -
[6] -
[7] -
[8] 0.000498 -0.000163 (2) CM -0.000103 (2) WT +J(CM:2, PgRf:2, Rd:14/2, Dy:0/0, Lg:0/0) +M(C:24K, Fs:8, WS:24K # 0K, PF:24K # 0K, P:24K)
[9] 0.000387 -0.000264 (3) CM -0.000174 (3) WT +J(CM:3, PgRf:24, Rd:0/3, Dy:0/0, Lg:0/0) +M(C:-8K, Fs:2, WS:-8K # 0K, PF:-8K # 0K, P:-8K)
[10] 0.000130 -0.000076 (1) CM -0.000045 (1) WT +J(CM:1, PgRf:40, Rd:0/1, Dy:0/0, Lg:0/0) +M(C:-4K, Fs:0, WS:-4K # 0K, PF:-4K # 0K, P:-4K)
[11] 0.000005 +J(CM:0, PgRf:1, Rd:0/0, Dy:0/0, Lg:0/0)
[12] 0.000016 +J(CM:0, PgRf:48, Rd:0/0, Dy:0/0, Lg:0/0)
[13] 0.0 +J(0)
[14] 0.0 +J(0)
[15] 0.000001 +J(CM:0, PgRf:1, Rd:0/0, Dy:0/0, Lg:0/0)."
"5/13/2026 7:42:51 AM","330","Information","NTDS ISAM","NTDS (724,D,50) NTDSA: The database [C:\Windows\NTDS\ntds.dit] format version is being held back to 8920 (0x22d8) due to application parameter setting of 0x22D8 (8920). Current default engine version: 9360 (0x2490)."
"5/13/2026 7:42:51 AM","327","Information","NTDS ISAM","NTDS (724,D,51) NTDSA: The database engine detached a database (1, C:\Windows\NTDS\ntds.dit). (Time=0 seconds) 
 
Revived Cache: 0 0 
Additional Data: lgposDetach = 00000001:00BC:00C2 
 
Internal Timing Sequence: 
[1] 0.000001 +J(0)
[2] 0.0 +J(0)
[3] 0.007001 -0.006983 (1) WT +J(0) +M(C:28K, Fs:54, WS:100K # 0K, PF:28K # 0K, P:28K)
[4] 0.000001 +J(0)
[5] 0.0 +J(0)
[6] 0.001645 -0.000912 (9) WT +J(0) +M(C:-24K, Fs:4, WS:-16K # 0K, PF:-24K # 0K, P:-24K)
[7] 0.000016 +J(0)
[8] 0.000334 -0.000082 (2) WT +J(CM:0, PgRf:0, Rd:0/0, Dy:0/0, Lg:3902/2)
[9] 0.001018 -0.000432 (6) WT +J(0) +M(C:0K, Fs:4, WS:-20K # 0K, PF:-20K # 0K, P:-20K)
[10] 0.000089 +J(0)
[11] 0.000041 +J(0) +M(C:0K, Fs:0, WS:-8K # 0K, PF:-8K # 0K, P:-8K)."
"5/13/2026 7:42:51 AM","326","Information","NTDS ISAM","NTDS (724,D,50) NTDSA: The database engine attached a database (1, C:\Windows\NTDS\ntds.dit). (Time=0 seconds) 
 
Saved Cache: 1 0 
Additional Data: lgposAttach = 00000001:00AE:0000,
dbv = 1568.20.0 (8920) 
 
Internal Timing Sequence: 
[1] 0.000001 +J(0)
[2] 0.000290 -0.000105 (1) WT +J(0) +M(C:0K, Fs:18, WS:8K # 0K, PF:8K # 0K, P:8K)
[3] 0.001104 -0.000341 (6) WT +J(CM:0, PgRf:0, Rd:0/0, Dy:0/0, Lg:4096/2) +M(C:0K, Fs:8, WS:24K # 0K, PF:20K # 0K, P:20K)
[4] 0.000081 +J(0)
[5] -
[6] -
[7] -
[8] 0.000543 -0.000151 (2) CM -0.000094 (2) WT +J(CM:2, PgRf:2, Rd:12/2, Dy:0/0, Lg:0/0) +M(C:60K, Fs:13, WS:44K # 0K, PF:60K # 0K, P:60K)
[9] 0.000395 -0.000262 (3) CM -0.000160 (3) WT +J(CM:3, PgRf:24, Rd:0/3, Dy:0/0, Lg:0/0) +M(C:-32K, Fs:4, WS:-16K # 0K, PF:-32K # 0K, P:-32K)
[10] 0.000206 -0.000154 (2) CM -0.000094 (2) WT +J(CM:2, PgRf:40, Rd:0/2, Dy:0/0, Lg:0/0) +M(C:-4K, Fs:1, WS:-4K # 0K, PF:-4K # 0K, P:-4K)
[11] 0.000093 -0.000079 (1) CM -0.000049 (1) WT +J(CM:1, PgRf:1, Rd:0/1, Dy:0/0, Lg:0/0) +M(C:0K, Fs:1, WS:0K # 0K, PF:0K # 0K, P:0K)
[12] 0.000306 -0.000064 (1) CM -0.000040 (1) WT +J(CM:1, PgRf:48, Rd:0/1, Dy:0/0, Lg:0/0) +M(C:0K, Fs:1, WS:0K # 0K, PF:0K # 0K, P:0K)
[13] 0.000001 +J(0)
[14] 0.075414 -0.056304 (660) CM -0.036148 (661) WT +J(CM:660, PgRf:9202, Rd:0/660, Dy:14/500, Lg:49334/1059) +M(C:44K, Fs:566, WS:320K # 0K, PF:180K # 0K, P:180K)
[15] 0.000139 -0.000125 (1) CM -0.000102 (1) WT +J(CM:1, PgRf:1, Rd:0/1, Dy:0/0, Lg:0/0) +M(C:4K, Fs:5, WS:16K # 0K, PF:4K # 0K, P:4K)."
"5/13/2026 7:42:51 AM","612","Information","NTDS ISAM","NTDS (724,D,50) NTDSA: The database engine has successfully completed index cleanup on database 'C:\Windows\NTDS\ntds.dit'."
"5/13/2026 7:42:51 AM","611","Information","NTDS ISAM","NTDS (724,D,50) NTDSA: Database 'C:\Windows\NTDS\ntds.dit': The secondary index 'PDNT_index' of table 'datatable' will be rebuilt as a precautionary measure after the Windows version upgrade of this system. This message is informational and does not indicate a problem in the database."
"5/13/2026 7:42:51 AM","611","Information","NTDS ISAM","NTDS (724,D,50) NTDSA: Database 'C:\Windows\NTDS\ntds.dit': The secondary index 'INDEX_000201CC' of table 'datatable' will be rebuilt as a precautionary measure after the Windows version upgrade of this system. This message is informational and does not indicate a problem in the database."
"5/13/2026 7:42:51 AM","611","Information","NTDS ISAM","NTDS (724,D,50) NTDSA: Database 'C:\Windows\NTDS\ntds.dit': The secondary index 'INDEX_00090001' of table 'datatable' will be rebuilt as a precautionary measure after the Windows version upgrade of this system. This message is informational and does not indicate a problem in the database."
"5/13/2026 7:42:51 AM","611","Information","NTDS ISAM","NTDS (724,D,50) NTDSA: Database 'C:\Windows\NTDS\ntds.dit': The secondary index 'INDEX_00000003' of table 'datatable' will be rebuilt as a precautionary measure after the Windows version upgrade of this system. This message is informational and does not indicate a problem in the database."
"5/13/2026 7:42:51 AM","609","Information","NTDS ISAM","NTDS (724,D,50) NTDSA: The database engine is initiating index cleanup of database 'C:\Windows\NTDS\ntds.dit' as a result of a Windows version upgrade from 10.0.20348 SP0 to 10.0.20348 SP0. This message is informational and does not indicate a problem in the database."
"5/13/2026 7:42:51 AM","643","Warning","NTDS ISAM","NTDS (724,D,50) NTDSA:  Out of date NLS sort version detected on the database 'C:\Windows\NTDS\ntds.dit' for Locale 'en-US', index sort version: (SortId=00000001-57ee-1e5c-00b4-d0000bb1e11e, Version=0006020F0006020F), current sort version: (SortId=00000001-57ee-1e5c-00b4-d0000bb1e11e, Version=0006040300060403)."
"5/13/2026 7:42:51 AM","330","Information","NTDS ISAM","NTDS (724,D,50) NTDSA: The database [C:\Windows\NTDS\ntds.dit] format version is being held back to 8920 (0x22d8) due to application parameter setting of 0x22D8 (8920). Current default engine version: 9360 (0x2490)."
"5/13/2026 7:42:51 AM","327","Information","NTDS ISAM","NTDS (724,D,51) NTDSA: The database engine detached a database (1, C:\Windows\NTDS\ntds.dit). (Time=0 seconds) 
 
Revived Cache: 0 0 
Additional Data: lgposDetach = 00000001:00AD:0000 
 
Internal Timing Sequence: 
[1] 0.000001 +J(0)
[2] 0.0 +J(0)
[3] 0.000031 +J(0)
[4] 0.0 +J(0)
[5] 0.0 +J(0)
[6] 0.000399 -0.000207 (2) WT +J(0) +M(C:-28K, Fs:0, WS:-28K # 0K, PF:-28K # 0K, P:-28K)
[7] 0.000024 +J(0)
[8] 0.000181 -0.000044 (1) WT +J(CM:0, PgRf:0, Rd:0/0, Dy:0/0, Lg:4096/2) +M(C:0K, Fs:1, WS:4K # 0K, PF:0K # 0K, P:0K)
[9] 0.001043 -0.000440 (6) WT +J(0) +M(C:0K, Fs:4, WS:-20K # 0K, PF:-20K # 0K, P:-20K)
[10] 0.000100 +J(0)
[11] 0.000046 +J(0) +M(C:0K, Fs:0, WS:-8K # 0K, PF:-8K # 0K, P:-8K)."
"5/13/2026 7:42:50 AM","330","Information","NTDS ISAM","NTDS (724,D,2) NTDSA: The database [C:\Windows\NTDS\temp.edb] format version is being held back to 8920 (0x22d8) due to application parameter setting of 0x22D8 (8920). Current default engine version: 9360 (0x2490)."
"5/13/2026 7:42:50 AM","326","Information","NTDS ISAM","NTDS (724,D,50) NTDSA: The database engine attached a database (1, C:\Windows\NTDS\ntds.dit). (Time=0 seconds) 
 
Saved Cache: 1 0 
Additional Data: lgposAttach = 00000001:0003:0000,
dbv = 1568.20.0 (8920) 
 
Internal Timing Sequence: 
[1] 0.000001 +J(0)
[2] 0.000212 -0.000069 (1) WT +J(0) +M(C:0K, Fs:18, WS:8K # 0K, PF:8K # 0K, P:8K)
[3] 0.001417 -0.000421 (6) WT +J(CM:0, PgRf:0, Rd:0/0, Dy:0/0, Lg:4096/2) +M(C:0K, Fs:8, WS:24K # 0K, PF:20K # 0K, P:20K)
[4] 0.000125 +J(0)
[5] -
[6] -
[7] -
[8] 0.000806 -0.000225 (2) CM -0.000129 (2) WT +J(CM:2, PgRf:2, Rd:8/2, Dy:0/0, Lg:0/0) +M(C:40K, Fs:12, WS:40K # 0K, PF:40K # 0K, P:40K)
[9] 0.000816 -0.000591 (6) CM -0.000338 (6) WT +J(CM:6, PgRf:24, Rd:0/6, Dy:0/0, Lg:0/0) +M(C:-8K, Fs:3, WS:-8K # 0K, PF:-8K # 0K, P:-8K)
[10] 0.000459 -0.000349 (3) CM -0.000232 (3) WT +J(CM:3, PgRf:40, Rd:0/3, Dy:0/0, Lg:0/0) +M(C:-4K, Fs:1, WS:-4K # 0K, PF:-4K # 0K, P:-4K)
[11] 0.000005 +J(CM:0, PgRf:1, Rd:0/0, Dy:0/0, Lg:0/0)
[12] 0.0 +J(0)
[13] 0.0 +J(0)
[14] 0.0 +J(0)
[15] 0.000573 -0.000173 (2) WT +J(CM:0, PgRf:1, Rd:0/0, Dy:0/0, Lg:0/0) +M(C:0K, Fs:2, WS:0K # 0K, PF:0K # 0K, P:0K)."
"5/13/2026 7:42:50 AM","330","Information","NTDS ISAM","NTDS (724,D,50) NTDSA: The database [C:\Windows\NTDS\ntds.dit] format version is being held back to 8920 (0x22d8) due to application parameter setting of 0x22D8 (8920). Current default engine version: 9360 (0x2490)."
"5/13/2026 7:42:50 AM","327","Information","NTDS ISAM","NTDS (724,D,50) NTDSA: The database engine detached a database (1, C:\Windows\NTDS\ntds.dit). (Time=0 seconds) 
 
Revived Cache: 0 0 
Additional Data: lgposDetach = 00000001:0002:047B 
 
Internal Timing Sequence: 
[1] 0.000002 +J(0)
[2] 0.0 +J(0)
[3] 0.000002 +J(0)
[4] 0.0 +J(0)
[5] 0.0 +J(0)
[6] 0.000794 -0.000296 (4) WT +J(0) +M(C:-12K, Fs:0, WS:-12K # 0K, PF:-12K # 0K, P:-12K)
[7] 0.000015 +J(0)
[8] 0.000417 -0.000076 (2) WT +J(CM:0, PgRf:0, Rd:0/0, Dy:0/0, Lg:2949/2)
[9] 0.001349 -0.000557 (6) WT +J(0) +M(C:0K, Fs:5, WS:-16K # 0K, PF:-16K # 0K, P:-16K)
[10] 0.000112 +J(0)
[11] 0.000041 +J(0) +M(C:0K, Fs:0, WS:-8K # 0K, PF:-8K # 0K, P:-8K)."
"5/13/2026 7:42:50 AM","614","Warning","NTDS ISAM","NTDS (724,D,50) NTDSA: Database 'C:\Windows\NTDS\ntds.dit': The secondary index 'INDEX_00000003' of table 'datatable' is out of date with sorting libraries. If used in this state (i.e. not rebuilt), it may appear corrupt or get further corrupted. If there is no later event showing the index being rebuilt, then please defragment the database to rebuild the index."
"5/13/2026 7:42:50 AM","609","Information","NTDS ISAM","NTDS (724,D,50) NTDSA: The database engine is initiating index cleanup of database 'C:\Windows\NTDS\ntds.dit' as a result of a Windows version upgrade from 10.0.17025 SP0 to 10.0.20348 SP0. This message is informational and does not indicate a problem in the database."
"5/13/2026 7:42:50 AM","643","Warning","NTDS ISAM","NTDS (724,D,50) NTDSA:  Out of date NLS sort version detected on the database 'C:\Windows\NTDS\ntds.dit' for Locale 'en-US', index sort version: (SortId=00000001-57ee-1e5c-00b4-d0000bb1e11e, Version=0006020F0006020F), current sort version: (SortId=00000001-57ee-1e5c-00b4-d0000bb1e11e, Version=0006040300060403)."
"5/13/2026 7:42:50 AM","330","Information","NTDS ISAM","NTDS (724,D,50) NTDSA: The database [C:\Windows\NTDS\ntds.dit] format version is being held back to 8920 (0x22d8) due to application parameter setting of 0x22D8 (8920). Current default engine version: 9360 (0x2490)."
"5/13/2026 7:42:50 AM","105","Information","NTDS ISAM","NTDS (724,D,0) NTDSA: The database engine started a new instance (0). (Time=0 seconds) 
 
Additional Data:
  
 
Internal Timing Sequence: 
[1] 0.000270 +J(0) +M(C:0K, Fs:62, WS:228K # 0K, PF:2432K # 0K, P:2432K)
[2] 0.000134 +J(0) +M(C:16K, Fs:69, WS:272K # 0K, PF:288K # 0K, P:288K)
[3] 0.000019 +J(0) +M(C:0K, Fs:5, WS:16K # 0K, PF:936K # 0K, P:936K)
[4] 0.001847 -0.000116 (1) WT +J(0) +M(C:0K, Fs:136, WS:464K # 0K, PF:5896K # 656K, P:5896K)
[5] 0.000127 +J(0)
[6] 0.000407 +J(0) +M(C:0K, Fs:1, WS:4K # 0K, PF:12K # 12K, P:12K)
[7] -
[8] -
[9] -
[10] -
[11] -
[12] -
[13] 0.013109 -0.003448 (24) WT +J(CM:0, PgRf:0, Rd:0/0, Dy:0/0, Lg:616/1) +M(C:0K, Fs:2696, WS:528K # 5764K, PF:4K # 10260K, P:4K)
[14] 0.000013 +J(0)
[15] 0.000286 +J(0) +M(C:0K, Fs:411, WS:1640K # 0K, PF:68K # 0K, P:68K)
[16] 0.001915 -0.000052 (1) WT +J(0) +M(C:0K, Fs:2, WS:0K # 0K, PF:0K # 0K, P:0K)."
"5/13/2026 7:42:50 AM","102","Information","NTDS ISAM","NTDS (724,P,98) NTDSA: The database engine (10.00.20348.0000) is starting a new instance (0)."
