"5/29/2026 12:26:58 PM","1014","Warning","Microsoft-Windows-DNS-Client","Name resolution for the name ctldl.windowsupdate.com timed out after none of the configured DNS servers responded."
"5/29/2026 12:26:58 PM","7036","Information","Service Control Manager","The PolicyAgent service entered the running state."
"5/29/2026 12:26:58 PM","7036","Information","Service Control Manager","The mpssvc service entered the running state."
"5/29/2026 12:26:58 PM","7036","Information","Service Control Manager","The IKEEXT service entered the running state."
"5/29/2026 12:26:58 PM","7036","Information","Service Control Manager","The CryptSvc service entered the running state."
"5/29/2026 12:26:58 PM","7036","Information","Service Control Manager","The NcaSvc service entered the stopped state."
"5/29/2026 12:26:58 PM","7036","Information","Service Control Manager","The iphlpsvc service entered the running state."
"5/29/2026 12:26:58 PM","7036","Information","Service Control Manager","The Kdc service entered the running state."
"5/29/2026 12:26:58 PM","7036","Information","Service Control Manager","The Wcmsvc service entered the running state."
"5/29/2026 12:26:58 PM","7036","Information","Service Control Manager","The BFE service entered the running state."
"5/29/2026 12:26:58 PM","7036","Information","Service Control Manager","The LanmanWorkstation service entered the running state."
"5/29/2026 12:26:58 PM","7036","Information","Service Control Manager","The NcbService service entered the running state."
"5/29/2026 12:26:58 PM","7036","Information","Service Control Manager","The WinHttpAutoProxySvc service entered the running state."
"5/29/2026 12:26:58 PM","7036","Information","Service Control Manager","The UserManager service entered the running state."
"5/29/2026 12:26:58 PM","7036","Information","Service Control Manager","The DsmSvc service entered the running state."
"5/29/2026 12:26:58 PM","7036","Information","Service Control Manager","The FontCache service entered the running state."
"5/29/2026 12:26:58 PM","7036","Information","Service Control Manager","The ShellHWDetection service entered the running state."
"5/29/2026 12:26:58 PM","7036","Information","Service Control Manager","The Schedule service entered the running state."
"5/29/2026 12:26:58 PM","7036","Information","Service Control Manager","The SENS service entered the running state."
"5/29/2026 12:26:58 PM","7036","Information","Service Control Manager","The netprofm service entered the running state."
"5/29/2026 12:26:58 PM","7036","Information","Service Control Manager","The ProfSvc service entered the running state."
"5/29/2026 12:26:58 PM","7036","Information","Service Control Manager","The EventSystem service entered the running state."
"5/29/2026 12:26:58 PM","1014","Warning","Microsoft-Windows-DNS-Client","Name resolution for the name _ldap._tcp.dc._msdcs.scaffold.htb. timed out after none of the configured DNS servers responded."
"5/29/2026 12:26:58 PM","7036","Information","Service Control Manager","The Themes service entered the running state."
"5/29/2026 12:26:58 PM","7036","Information","Service Control Manager","The gpsvc service entered the running state."
"5/29/2026 12:26:58 PM","7036","Information","Service Control Manager","The NlaSvc service entered the running state."
"5/29/2026 12:26:58 PM","7036","Information","Service Control Manager","The NTDS service entered the running state."
"5/29/2026 12:26:58 PM","6","Information","Microsoft-Windows-FilterManager","File System Filter 'bindflt' (10.0, ‎2051‎-‎03‎-‎03T20:45:47.000000000Z) has successfully loaded and registered with Filter Manager."
"5/29/2026 12:26:58 PM","7036","Information","Service Control Manager","The WPDBusEnum service entered the running state."
"5/29/2026 12:26:58 PM","6","Information","Microsoft-Windows-FilterManager","File System Filter 'storqosflt' (10.0, ‎2051‎-‎09‎-‎21T05:40:20.000000000Z) has successfully loaded and registered with Filter Manager."
"5/29/2026 12:26:58 PM","6","Information","Microsoft-Windows-FilterManager","File System Filter 'CldFlt' (10.0, ‎2074‎-‎11‎-‎09T08:03:12.000000000Z) has successfully loaded and registered with Filter Manager."
"5/29/2026 12:26:58 PM","1","Information","Microsoft-Windows-FilterManager","File System Filter 'CldFlt' (Version 10.0, ‎2074‎-‎11‎-‎09T08:03:12.000000000Z) unloaded successfully."
"5/29/2026 12:26:58 PM","6","Information","Microsoft-Windows-FilterManager","File System Filter 'CldFlt' (10.0, ‎2074‎-‎11‎-‎09T08:03:12.000000000Z) has successfully loaded and registered with Filter Manager."
"5/29/2026 12:26:58 PM","6","Information","Microsoft-Windows-FilterManager","File System Filter 'luafv' (10.0, ‎2068‎-‎10‎-‎11T15:22:37.000000000Z) has successfully loaded and registered with Filter Manager."
"5/29/2026 12:26:58 PM","7036","Information","Service Control Manager","The EventLog service entered the running state."
"5/29/2026 12:26:58 PM","6","Information","Microsoft-Windows-FilterManager","File System Filter 'wcifs' (10.0, ‎2088‎-‎12‎-‎15T04:51:43.000000000Z) has successfully loaded and registered with Filter Manager."
"5/29/2026 12:26:58 PM","7036","Information","Service Control Manager","The Dnscache service entered the running state."
"5/29/2026 12:26:58 PM","7036","Information","Service Control Manager","The Dhcp service entered the running state."
"5/29/2026 12:26:58 PM","51046","Information","Microsoft-Windows-DHCPv6-Client","DHCPv6 client service is started"
"5/29/2026 12:26:58 PM","7036","Information","Service Control Manager","The TimeBrokerSvc service entered the running state."
"5/29/2026 12:26:58 PM","50036","Information","Microsoft-Windows-Dhcp-Client","DHCPv4 client service is started"
"5/29/2026 12:26:58 PM","50103","Information","Microsoft-Windows-Dhcp-Client","DHCPv4 client registered for shutdown notification"
"5/29/2026 12:26:58 PM","50036","Information","Microsoft-Windows-Dhcp-Client","DHCPv4 client service is started"
"5/29/2026 12:26:58 PM","7036","Information","Service Control Manager","The lmhosts service entered the running state."
"5/29/2026 12:26:58 PM","7036","Information","Service Control Manager","The nsi service entered the running state."
"5/29/2026 12:26:58 PM","16","Information","Microsoft-Windows-Kernel-General","The access history in hive \??\C:\Windows\ServiceProfiles\LocalService\NTUSER.DAT was cleared updating 54 keys and creating 14 modified pages."
"5/29/2026 12:26:58 PM","16","Information","Microsoft-Windows-Kernel-General","The access history in hive \SystemRoot\System32\Config\BBI was cleared updating 20 keys and creating 4 modified pages."
"5/29/2026 12:26:57 PM","7036","Information","Service Control Manager","The SystemEventsBroker service entered the running state."
"5/29/2026 12:26:57 PM","7036","Information","Service Control Manager","The BrokerInfrastructure service entered the running state."
"5/29/2026 12:26:57 PM","7036","Information","Service Control Manager","The LSM service entered the running state."
"5/29/2026 12:26:57 PM","7036","Information","Service Control Manager","The RpcSs service entered the running state."
"5/29/2026 12:26:57 PM","7036","Information","Service Control Manager","The RpcEptMapper service entered the running state."
"5/29/2026 12:26:57 PM","16","Information","Microsoft-Windows-Kernel-General","The access history in hive \??\C:\Windows\ServiceProfiles\NetworkService\NTUSER.DAT was cleared updating 96 keys and creating 14 modified pages."
"5/29/2026 12:26:57 PM","7036","Information","Service Control Manager","The DcomLaunch service entered the running state."
"5/29/2026 12:26:57 PM","7036","Information","Service Control Manager","The Power service entered the running state."
"5/29/2026 12:26:57 PM","7036","Information","Service Control Manager","The PlugPlay service entered the running state."
"5/29/2026 12:26:57 PM","16983","Information","Microsoft-Windows-Directory-Services-SAM","The security account manager is now logging periodic summary events for remote clients that call legacy password change or set RPC methods.

For more information please see https://go.microsoft.com/fwlink/?linkid=2150956.
"
"5/29/2026 12:26:57 PM","16977","Information","Microsoft-Windows-Directory-Services-SAM","The domain is configured with the following minimum password length-related settings.

MinimumPasswordLength: 7

RelaxMinimumPasswordLengthLimits: 0

MinimumPasswordLengthAudit: -1

For more information see https://go.microsoft.com/fwlink/?LinkId=2097191.
"
"5/29/2026 12:26:57 PM","16977","Information","Microsoft-Windows-Directory-Services-SAM","The domain is configured with the following minimum password length-related settings.

MinimumPasswordLength: 7

RelaxMinimumPasswordLengthLimits: 0

MinimumPasswordLengthAudit: 0

For more information see https://go.microsoft.com/fwlink/?LinkId=2097191.
"
"5/29/2026 12:26:57 PM","16654","Information","Microsoft-Windows-Directory-Services-SAM","A pool of account-identifiers (RIDs) has been invalidated. This may occur in the following expected cases:
1. A domain controller is restored from backup. 
2. A domain controller running on a virtual machine is restored from snapshot. 
3. An administrator has manually invalidated the pool. 
See http://go.microsoft.com/fwlink/?LinkId=226247 for more information."
"5/29/2026 12:26:56 PM","16","Information","Microsoft-Windows-Kernel-General","The access history in hive \SystemRoot\System32\Config\SAM was cleared updating 23 keys and creating 3 modified pages."
"5/29/2026 12:26:56 PM","16962","Information","Microsoft-Windows-Directory-Services-SAM","Remote calls to the SAM database are being restricted using the default security descriptor: .
For more information please see http://go.microsoft.com/fwlink/?LinkId=787651."
"5/29/2026 12:26:56 PM","16","Information","Microsoft-Windows-Kernel-General","The access history in hive \SystemRoot\System32\Config\SECURITY was cleared updating 179 keys and creating 8 modified pages."
"5/29/2026 12:26:56 PM","14","Information","Microsoft-Windows-Wininit","Credential Guard configuration: 0x0, 0"
"5/29/2026 12:26:55 PM","16","Information","Microsoft-Windows-Kernel-General","The access history in hive \SystemRoot\System32\Config\DEFAULT was cleared updating 343 keys and creating 47 modified pages."
"5/29/2026 12:26:55 PM","24","Information","Microsoft-Windows-Kernel-General","The time zone information was refreshed with exit reason 0. Current time zone bias is 420."
"5/29/2026 12:26:55 PM","15","Information","Microsoft-Windows-Kernel-General","Hive \SystemRoot\System32\Config\SOFTWARE was reorganized with a starting size of 90329088 bytes and an ending size of 86749184 bytes."
"5/29/2026 12:26:54 PM","98","Information","Microsoft-Windows-Ntfs","Volume \\?\Volume{2bc8a4fb-ec89-41c1-8fb3-d753243c8254} (\Device\HarddiskVolume5) is healthy.  No action is needed."
"5/29/2026 12:26:54 PM","98","Information","Microsoft-Windows-Ntfs","Volume Y: (\Device\HarddiskVolume4) is healthy.  No action is needed."
"5/29/2026 12:26:54 PM","32","Information","e1i68x64","Intel(R) 82574L Gigabit Network Connection
 Network link has been established at 1Gbps full duplex.
"
"5/29/2026 12:26:54 PM","55","Information","Microsoft-Windows-Kernel-Processor-Power","Processor 3 in group 0 exposes the following power management capabilities:

Idle state type: ACPI Idle (C) States (1 state(s))

Performance state type: None
Nominal Frequency (MHz): 2688
Maximum performance percentage: 100
Minimum performance percentage: 100
Minimum throttle percentage: 100"
"5/29/2026 12:26:54 PM","55","Information","Microsoft-Windows-Kernel-Processor-Power","Processor 2 in group 0 exposes the following power management capabilities:

Idle state type: ACPI Idle (C) States (1 state(s))

Performance state type: None
Nominal Frequency (MHz): 2688
Maximum performance percentage: 100
Minimum performance percentage: 100
Minimum throttle percentage: 100"
"5/29/2026 12:26:54 PM","55","Information","Microsoft-Windows-Kernel-Processor-Power","Processor 1 in group 0 exposes the following power management capabilities:

Idle state type: ACPI Idle (C) States (1 state(s))

Performance state type: None
Nominal Frequency (MHz): 2688
Maximum performance percentage: 100
Minimum performance percentage: 100
Minimum throttle percentage: 100"
"5/29/2026 12:26:54 PM","55","Information","Microsoft-Windows-Kernel-Processor-Power","Processor 0 in group 0 exposes the following power management capabilities:

Idle state type: ACPI Idle (C) States (1 state(s))

Performance state type: None
Nominal Frequency (MHz): 2688
Maximum performance percentage: 100
Minimum performance percentage: 100
Minimum throttle percentage: 100"
"5/29/2026 12:26:54 PM","172","Information","Microsoft-Windows-Kernel-Power","Connectivity state in standby: Disconnected, Reason: NIC compliance"
"5/29/2026 12:26:54 PM","6","Information","Microsoft-Windows-FilterManager","File System Filter 'npsvctrig' (10.0, ‎2015‎-‎04‎-‎02T03:42:38.000000000Z) has successfully loaded and registered with Filter Manager."
"5/29/2026 12:26:54 PM","6","Information","Microsoft-Windows-FilterManager","File System Filter 'DfsDriver' (10.0, ‎2053‎-‎07‎-‎29T02:36:42.000000000Z) has successfully loaded and registered with Filter Manager."
"5/29/2026 12:26:54 PM","6","Information","Microsoft-Windows-FilterManager","File System Filter 'FileCrypt' (10.0, ‎2088‎-‎05‎-‎23T23:57:52.000000000Z) has successfully loaded and registered with Filter Manager."
"5/29/2026 12:26:53 PM","98","Information","Microsoft-Windows-Ntfs","Volume C: (\Device\HarddiskVolume3) is healthy.  No action is needed."
"5/29/2026 12:26:53 PM","6","Information","Microsoft-Windows-FilterManager","File System Filter 'WdFilter' (10.0, ‎2036‎-‎01‎-‎26T02:33:35.000000000Z) has successfully loaded and registered with Filter Manager."
"5/29/2026 12:26:53 PM","6","Information","Microsoft-Windows-FilterManager","File System Filter 'DfsrRo' (10.0, ‎1999‎-‎03‎-‎20T18:16:31.000000000Z) has successfully loaded and registered with Filter Manager."
"5/29/2026 12:26:53 PM","6","Information","Microsoft-Windows-FilterManager","File System Filter 'Wof' (10.0, ‎2008‎-‎09‎-‎17T11:19:58.000000000Z) has successfully loaded and registered with Filter Manager."
"5/29/2026 12:26:51 PM","3","Information","vmci","VMCI: Using capabilities (0x1c).
"
"5/29/2026 12:26:50 PM","16","Information","Microsoft-Windows-HAL","The iommu fault reporting has been initialized."
"5/29/2026 12:26:50 PM","20","Information","Microsoft-Windows-Kernel-General","The leap second configuration has been updated.
Reason: Leap second data initialized from registry during boot
Leap seconds enabled: true
New leap second count: 0
Old leap second count: 0"
"5/29/2026 12:26:50 PM","32","Information","Microsoft-Windows-Kernel-Boot","The bootmgr spent 0 ms waiting for user input."
"5/29/2026 12:26:50 PM","18","Information","Microsoft-Windows-Kernel-Boot","There are 0x1 boot options on this system."
"5/29/2026 12:26:50 PM","27","Information","Microsoft-Windows-Kernel-Boot","The boot type was 0x0."
"5/29/2026 12:26:50 PM","25","Information","Microsoft-Windows-Kernel-Boot","The boot menu policy was 0x0."
"5/29/2026 12:26:50 PM","238","Information","Microsoft-Windows-Kernel-Boot","EFI time zone bias: 2047. Daylight flags: 0. Firmware time: ‎2026‎-‎05‎-‎29T12:26:49.000000000Z."
"5/29/2026 12:26:50 PM","20","Information","Microsoft-Windows-Kernel-Boot","The last shutdown's success status was true. The last boot's success status was true."
"5/29/2026 12:26:50 PM","153","Information","Microsoft-Windows-Kernel-Boot","Virtualization-based security (policies: 0) is disabled."
"5/29/2026 12:26:50 PM","12","Information","Microsoft-Windows-Kernel-General","The operating system started at system time ‎2026‎-‎05‎-‎29T19:26:49.500000000Z."
"5/26/2026 7:28:13 AM","13","Information","Microsoft-Windows-Kernel-General","The operating system is shutting down at system time ‎2026‎-‎05‎-‎26T14:28:13.633813400Z."
"5/26/2026 7:28:13 AM","109","Information","Microsoft-Windows-Kernel-Power","The kernel power manager has initiated a shutdown transition.

Shutdown Reason: Kernel API"
"5/26/2026 7:28:11 AM","7036","Information","Service Control Manager","The Windows Process Activation Service service entered the stopped state."
"5/26/2026 7:28:10 AM","7036","Information","Service Control Manager","The World Wide Web Publishing Service service entered the stopped state."
"5/26/2026 7:28:09 AM","7036","Information","Service Control Manager","The Active Directory Domain Services service entered the stopped state."
"5/26/2026 7:28:09 AM","7036","Information","Service Control Manager","The Microsoft Defender Core Service service entered the stopped state."
"5/26/2026 7:28:09 AM","7036","Information","Service Control Manager","The SQL Server (SQLEXPRESS) service entered the stopped state."
"5/26/2026 7:28:09 AM","7036","Information","Service Control Manager","The DFS Replication service entered the stopped state."
"5/26/2026 7:28:08 AM","7036","Information","Service Control Manager","The Windows Remote Management (WS-Management) service entered the stopped state."
"5/26/2026 7:28:08 AM","7036","Information","Service Control Manager","The Update Orchestrator Service service entered the stopped state."
"5/26/2026 7:28:08 AM","7036","Information","Service Control Manager","The Microsoft Defender Antivirus Service service entered the stopped state."
"5/26/2026 7:28:08 AM","7036","Information","Service Control Manager","The Diagnostic Policy Service service entered the stopped state."
"5/26/2026 7:28:08 AM","7036","Information","Service Control Manager","The Task Scheduler service entered the stopped state."
"5/26/2026 7:28:08 AM","7036","Information","Service Control Manager","The SQL Server CEIP service (SQLEXPRESS) service entered the stopped state."
"5/26/2026 7:28:08 AM","7036","Information","Service Control Manager","The Application Host Helper Service service entered the stopped state."
"5/26/2026 7:28:08 AM","7036","Information","Service Control Manager","The Active Directory Certificate Services service entered the stopped state."
"5/26/2026 7:28:08 AM","7036","Information","Service Control Manager","The SQL Server VSS Writer service entered the stopped state."
"5/26/2026 7:28:08 AM","7036","Information","Service Control Manager","The Windows Event Log service entered the stopped state."
"5/26/2026 7:28:08 AM","7036","Information","Service Control Manager","The DNS Server service entered the stopped state."
"5/29/2026 12:26:58 PM","6013","Information","EventLog","The system uptime is 8 seconds."
"5/29/2026 12:26:58 PM","6005","Information","EventLog","The Event log service was started."
"5/29/2026 12:26:58 PM","6009","Information","EventLog","Microsoft (R) Windows (R) 10.00. 20348  Multiprocessor Free."
"5/26/2026 7:28:08 AM","7036","Information","Service Control Manager","The WinHTTP Web Proxy Auto-Discovery Service service entered the stopped state."
"5/26/2026 7:28:08 AM","7036","Information","Service Control Manager","The IKE and AuthIP IPsec Keying Modules service entered the stopped state."
"5/26/2026 7:28:08 AM","7036","Information","Service Control Manager","The DHCP Client service entered the stopped state."
"5/26/2026 7:28:08 AM","7036","Information","Service Control Manager","The Cryptographic Services service entered the stopped state."
"5/26/2026 7:28:08 AM","7036","Information","Service Control Manager","The Device Setup Manager service entered the stopped state."
"5/26/2026 7:28:08 AM","7036","Information","Service Control Manager","The Virtual Disk service entered the stopped state."
"5/26/2026 7:28:08 AM","7036","Information","Service Control Manager","The Windows Connection Manager service entered the stopped state."
"5/26/2026 7:28:08 AM","7036","Information","Service Control Manager","The Remote Access Connection Manager service entered the stopped state."
"5/26/2026 7:28:08 AM","50037","Information","Microsoft-Windows-Dhcp-Client","DHCPv4 client service is stopped. ShutDown Flag value is 1"
"5/26/2026 7:28:08 AM","50106","Information","Microsoft-Windows-Dhcp-Client","DHCPv4 is waiting on DHCPv6 service to stop"
"5/26/2026 7:28:08 AM","51057","Information","Microsoft-Windows-DHCPv6-Client","DHCPv6 client service stop is almost done.DHCP Context Ref count is 1"
"5/26/2026 7:28:08 AM","51047","Information","Microsoft-Windows-DHCPv6-Client","DHCPv6 client service is stopped. ShutDown Flag value is 1"
"5/26/2026 7:28:08 AM","7036","Information","Service Control Manager","The Windows Time service entered the stopped state."
"5/26/2026 7:28:08 AM","7036","Information","Service Control Manager","The Windows Font Cache Service service entered the stopped state."
"5/26/2026 7:28:08 AM","7036","Information","Service Control Manager","The User Profile Service service entered the stopped state."
"5/26/2026 7:28:08 AM","7036","Information","Service Control Manager","The Plug and Play service entered the stopped state."
"5/26/2026 7:28:08 AM","50105","Information","Microsoft-Windows-Dhcp-Client","DHCPv4 client ProcessDHCPRequestForever received TERMINATE_EVENT"
"5/26/2026 7:28:08 AM","50104","Information","Microsoft-Windows-Dhcp-Client","DHCPv4 client received shutdown notification"
"5/26/2026 7:28:08 AM","7036","Information","Service Control Manager","The IPsec Policy Agent service entered the stopped state."
"5/26/2026 7:28:08 AM","7036","Information","Service Control Manager","The Secure Socket Tunneling Protocol Service service entered the stopped state."
"5/26/2026 7:28:08 AM","7036","Information","Service Control Manager","The State Repository Service service entered the stopped state."
"5/26/2026 7:28:08 AM","7036","Information","Service Control Manager","The Intersite Messaging service entered the stopped state."
"5/26/2026 7:28:08 AM","7036","Information","Service Control Manager","The Distributed Transaction Coordinator service entered the stopped state."
"5/26/2026 7:28:08 AM","7036","Information","Service Control Manager","The Program Compatibility Assistant Service service entered the stopped state."
"5/26/2026 7:28:08 AM","7036","Information","Service Control Manager","The SysMain service entered the stopped state."
"5/26/2026 7:28:08 AM","7036","Information","Service Control Manager","The Windows Management Instrumentation service entered the stopped state."
"5/26/2026 7:28:08 AM","7036","Information","Service Control Manager","The Microsoft Deployment Toolkit Monitor Service service entered the stopped state."
"5/26/2026 7:28:08 AM","7036","Information","Service Control Manager","The Windows Licensing Monitoring Service service entered the stopped state."
"5/26/2026 7:28:08 AM","7036","Information","Service Control Manager","The Active Directory Web Services service entered the stopped state."
"5/26/2026 7:28:08 AM","7036","Information","Service Control Manager","The Capability Access Manager Service service entered the stopped state."
"5/26/2026 7:28:08 AM","7036","Information","Service Control Manager","The AppX Deployment Service (AppXSVC) service entered the stopped state."
"5/26/2026 7:28:08 AM","7036","Information","Service Control Manager","The Diagnostic System Host service entered the stopped state."
"5/26/2026 7:28:08 AM","7036","Information","Service Control Manager","The Windows Update service entered the stopped state."
"5/26/2026 7:28:08 AM","6006","Information","EventLog","The Event log service was stopped."
"5/26/2026 7:28:08 AM","10149","Warning","Microsoft-Windows-WinRM","The WinRM service is not listening for WS-Management requests. 

 User Action 
 If you did not intentionally stop the service, use the following command to see the WinRM configuration: 

 winrm enumerate winrm/config/listener"
"5/26/2026 7:28:08 AM","5078","Information","Microsoft-Windows-WAS","An ISAPI reported an unhealthy condition to its worker process. Therefore, the worker process with process id of '7224' serving application pool 'ScaffoldPortal' has requested a recycle."
"5/26/2026 7:28:07 AM","7036","Information","Service Control Manager","The Connected User Experiences and Telemetry service entered the stopped state."
"5/26/2026 7:28:07 AM","7036","Information","Service Control Manager","The Delivery Optimization service entered the stopped state."
"5/26/2026 7:28:07 AM","7036","Information","Service Control Manager","The User Access Logging Service service entered the stopped state."
"5/26/2026 7:28:07 AM","7036","Information","Service Control Manager","The VMware Tools service entered the stopped state."
"5/26/2026 7:28:07 AM","7036","Information","Service Control Manager","The Data Sharing Service service entered the stopped state."
"5/26/2026 7:28:07 AM","7036","Information","Service Control Manager","The AzureAttestService service entered the stopped state."
"5/26/2026 7:28:07 AM","7036","Information","Service Control Manager","The Group Policy Client service entered the stopped state."
"5/26/2026 7:28:07 AM","7002","Information","Microsoft-Windows-Winlogon","User Logoff Notification for Customer Experience Improvement Program"
"5/26/2026 7:28:07 AM","7036","Information","Service Control Manager","The Connected Devices Platform User Service_8515e service entered the stopped state."
"5/26/2026 7:28:07 AM","7036","Information","Service Control Manager","The Windows Push Notifications User Service_8515e service entered the stopped state."
"5/26/2026 7:28:07 AM","7036","Information","Service Control Manager","The Clipboard User Service_8515e service entered the stopped state."
"5/26/2026 7:28:06 AM","10010","Error","Microsoft-Windows-DistributedCOM","The server {9BA05972-F6A8-11CF-A442-00A0C90A8F39} did not register with DCOM within the required timeout."
"5/26/2026 7:28:06 AM","1074","Information","User32","The process C:\Program Files\VMware\VMware Tools\vmtoolsd.exe (DC) has initiated the shutdown of computer DC on behalf of user NT AUTHORITY\SYSTEM for the following reason: Legacy API shutdown
 Reason Code: 0x80070000
 Shutdown Type: shutdown
 Comment: "
"5/26/2026 7:27:43 AM","7036","Information","Service Control Manager","The Windows Installer service entered the stopped state."
"5/26/2026 7:25:10 AM","7036","Information","Service Control Manager","The Client License Service (ClipSVC) service entered the stopped state."
"5/26/2026 7:24:52 AM","6148","Information","LsaSrv","The PDC completed an automatic trust scan operation for all trusts with no errors.

More information can be found at https://go.microsoft.com/fwlink/?linkid=2162089."
"5/26/2026 7:23:34 AM","7036","Information","Service Control Manager","The Windows Modules Installer service entered the stopped state."
"5/26/2026 7:22:46 AM","7036","Information","Service Control Manager","The Network Setup Service service entered the stopped state."
"5/26/2026 7:22:43 AM","7036","Information","Service Control Manager","The Diagnostic System Host service entered the running state."
"5/26/2026 7:22:42 AM","7036","Information","Service Control Manager","The Windows Installer service entered the running state."
"5/26/2026 7:21:13 AM","7036","Information","Service Control Manager","The Network Setup Service service entered the running state."
"5/26/2026 7:20:34 AM","7036","Information","Service Control Manager","The Background Intelligent Transfer Service service entered the stopped state."
"5/26/2026 7:20:34 AM","7040","Information","Service Control Manager","The start type of the Background Intelligent Transfer Service service was changed from auto start to demand start."
"5/26/2026 7:20:23 AM","7040","Information","Service Control Manager","The start type of the Windows Modules Installer service was changed from auto start to demand start."
"5/26/2026 7:20:18 AM","7040","Information","Service Control Manager","The start type of the Windows Modules Installer service was changed from demand start to auto start."
"5/26/2026 7:20:17 AM","7036","Information","Service Control Manager","The Software Protection service entered the stopped state."
"5/26/2026 7:20:12 AM","7040","Information","Service Control Manager","The start type of the Windows Modules Installer service was changed from auto start to demand start."
"5/26/2026 7:20:11 AM","7040","Information","Service Control Manager","The start type of the Windows Modules Installer service was changed from demand start to auto start."
"5/26/2026 7:20:11 AM","7036","Information","Service Control Manager","The AppX Deployment Service (AppXSVC) service entered the running state."
"5/26/2026 7:20:11 AM","7040","Information","Service Control Manager","The start type of the Windows Modules Installer service was changed from auto start to demand start."
"5/26/2026 7:20:10 AM","7036","Information","Service Control Manager","The Data Sharing Service service entered the running state."
"5/26/2026 7:20:10 AM","7036","Information","Service Control Manager","The Microsoft Account Sign-in Assistant service entered the running state."
"5/26/2026 7:20:10 AM","7040","Information","Service Control Manager","The start type of the Windows Modules Installer service was changed from demand start to auto start."
"5/26/2026 7:20:10 AM","7036","Information","Service Control Manager","The Client License Service (ClipSVC) service entered the running state."
"5/26/2026 7:20:10 AM","7036","Information","Service Control Manager","The Windows License Manager Service service entered the running state."
"5/26/2026 7:20:10 AM","7036","Information","Service Control Manager","The Windows Modules Installer service entered the running state."
"5/26/2026 7:20:03 AM","7036","Information","Service Control Manager","The Remote Registry service entered the stopped state."
"5/26/2026 7:19:52 AM","7036","Information","Service Control Manager","The Windows Update Medic Service service entered the stopped state."
"5/26/2026 7:19:47 AM","7036","Information","Service Control Manager","The Software Protection service entered the running state."
"5/26/2026 7:18:52 AM","7036","Information","Service Control Manager","The Windows Update Medic Service service entered the running state."
"5/26/2026 7:18:34 AM","7036","Information","Service Control Manager","The WMI Performance Adapter service entered the stopped state."
"5/26/2026 7:17:22 AM","7036","Information","Service Control Manager","The Microsoft Account Sign-in Assistant service entered the stopped state."
"5/26/2026 7:16:34 AM","7036","Information","Service Control Manager","The AppX Deployment Service (AppXSVC) service entered the stopped state."
"5/26/2026 7:15:56 AM","7036","Information","Service Control Manager","The Client License Service (ClipSVC) service entered the stopped state."
"5/26/2026 7:15:37 AM","7036","Information","Service Control Manager","The Network Setup Service service entered the stopped state."
"5/26/2026 7:15:05 AM","36928","Error","Schannel","Could not retrieve an OCSP response.

   The Failure Reason is: REASON_OCSP_RESPONSE_RETRIEVAL_ERROR
    The OCSP Url is: 
   The previous OCSP response contained the following times:
      ThisUpdate: ‎1601‎-‎01‎-‎01T00:00:00.000000000Z
      NextUpdate: ‎1601‎-‎01‎-‎01T00:00:00.000000000Z

The attached data contains the certificate."
"5/26/2026 7:13:37 AM","7036","Information","Service Control Manager","The Windows Update Medic Service service entered the stopped state."
"5/26/2026 7:13:10 AM","7036","Information","Service Control Manager","The Portable Device Enumerator Service service entered the stopped state."
"5/26/2026 7:13:06 AM","7036","Information","Service Control Manager","The Volume Shadow Copy service entered the stopped state."
"5/26/2026 7:13:06 AM","7036","Information","Service Control Manager","The VMware Snapshot Provider service entered the stopped state."
"5/26/2026 7:13:04 AM","7036","Information","Service Control Manager","The Software Protection service entered the stopped state."
"5/26/2026 7:12:37 AM","7036","Information","Service Control Manager","The Clipboard User Service_8515e service entered the running state."
"5/26/2026 7:12:37 AM","7036","Information","Service Control Manager","The Update Orchestrator Service service entered the running state."
"5/26/2026 7:12:37 AM","7036","Information","Service Control Manager","The Windows Update Medic Service service entered the running state."
"5/26/2026 7:12:37 AM","7036","Information","Service Control Manager","The User Access Logging Service service entered the running state."
"5/26/2026 7:12:36 AM","7036","Information","Service Control Manager","The Microsoft Edge Update Service (edgeupdate) service entered the stopped state."
"5/26/2026 7:12:35 AM","7036","Information","Service Control Manager","The WMI Performance Adapter service entered the running state."
"5/26/2026 7:12:35 AM","7036","Information","Service Control Manager","The WMI Performance Adapter service entered the stopped state."
"5/26/2026 7:12:35 AM","7036","Information","Service Control Manager","The WMI Performance Adapter service entered the running state."
"5/26/2026 7:12:34 AM","7036","Information","Service Control Manager","The WMI Performance Adapter service entered the stopped state."
"5/26/2026 7:12:34 AM","7036","Information","Service Control Manager","The Software Protection service entered the running state."
"5/26/2026 7:12:34 AM","7036","Information","Service Control Manager","The Program Compatibility Assistant Service service entered the running state."
"5/26/2026 7:12:34 AM","7036","Information","Service Control Manager","The Diagnostic Policy Service service entered the running state."
"5/26/2026 7:11:56 AM","7036","Information","Service Control Manager","The Windows Update Medic Service service entered the stopped state."
"5/26/2026 7:11:33 AM","7036","Information","Service Control Manager","The Microsoft Edge Update Service (edgeupdate) service entered the running state."
"5/26/2026 7:11:22 AM","7036","Information","Service Control Manager","The Microsoft Account Sign-in Assistant service entered the running state."
"5/26/2026 7:11:17 AM","6038","Warning","LsaSrv","Microsoft Windows Server has detected that NTLM authentication is presently being used between clients and this server. This event occurs once per boot of the server on the first time a client uses NTLM with this server.
 
NTLM is a weaker authentication mechanism. Please check:
 
      Which applications are using NTLM authentication?
      Are there configuration issues preventing the use of stronger authentication such as Kerberos authentication?
      If NTLM must be supported, is Extended Protection configured?
 
Details on how to complete these checks can be found at http://go.microsoft.com/fwlink/?LinkId=225699."
"5/26/2026 7:11:13 AM","7036","Information","Service Control Manager","The Network Setup Service service entered the running state."
"5/26/2026 7:11:10 AM","7036","Information","Service Control Manager","The Connected Devices Platform Service service entered the running state."
"5/26/2026 7:11:10 AM","7036","Information","Service Control Manager","The Capability Access Manager Service service entered the running state."
"5/26/2026 7:11:10 AM","10016","Warning","Microsoft-Windows-DistributedCOM","The application-specific permission settings do not grant Local Launch permission for the COM Server application with CLSID 
{21B896BF-008D-4D01-A27B-26061B960DD7}
 and APPID 
{03E09F3B-DCE4-44FE-A9CF-82D050827E1C}
 to the user SCAFFOLD\Administrator SID (S-1-5-21-365932789-2848835602-3476675013-500) from address LocalHost (Using LRPC) running in the application container Unavailable SID (Unavailable). This security permission can be modified using the Component Services administrative tool."
"5/26/2026 7:11:10 AM","7036","Information","Service Control Manager","The Touch Keyboard and Handwriting Panel Service service entered the running state."
"5/26/2026 7:11:10 AM","7036","Information","Service Control Manager","The Web Account Manager service entered the running state."
"5/26/2026 7:11:10 AM","7036","Information","Service Control Manager","The Windows Push Notifications User Service_8515e service entered the running state."
"5/26/2026 7:11:10 AM","7036","Information","Service Control Manager","The Connected Devices Platform User Service_8515e service entered the running state."
"5/26/2026 7:11:10 AM","7001","Information","Microsoft-Windows-Winlogon","User Logon Notification for Customer Experience Improvement Program"
"5/26/2026 7:10:56 AM","7036","Information","Service Control Manager","The Delivery Optimization service entered the running state."
"5/26/2026 7:10:56 AM","7036","Information","Service Control Manager","The Client License Service (ClipSVC) service entered the running state."
"5/26/2026 7:10:56 AM","7036","Information","Service Control Manager","The AppX Deployment Service (AppXSVC) service entered the running state."
"5/26/2026 7:10:56 AM","7036","Information","Service Control Manager","The Delivery Optimization service entered the stopped state."
"5/26/2026 7:10:56 AM","7036","Information","Service Control Manager","The Storage Service service entered the running state."
"5/26/2026 7:10:56 AM","7036","Information","Service Control Manager","The Windows Update service entered the running state."
"5/26/2026 7:10:56 AM","7036","Information","Service Control Manager","The Delivery Optimization service entered the running state."
"5/26/2026 7:10:56 AM","7036","Information","Service Control Manager","The Windows Update Medic Service service entered the running state."
"5/26/2026 7:10:56 AM","7036","Information","Service Control Manager","The Network Connectivity Assistant service entered the stopped state."
"5/26/2026 7:10:39 AM","7036","Information","Service Control Manager","The WDSServer service entered the running state."
"5/26/2026 7:10:39 AM","16","Information","Microsoft-Windows-Kernel-General","The access history in hive \??\C:\RemoteInstall\Tmp\x64uefi{019662E0-17ED-4E97-94F4-5972A1024EDE}.bcd was cleared updating 0 keys and creating 0 modified pages."
"5/26/2026 7:10:39 AM","16","Information","Microsoft-Windows-Kernel-General","The access history in hive \??\C:\RemoteInstall\Tmp\x86uefi{A5FA9408-8366-4410-A8CC-6B698358A417}.bcd was cleared updating 0 keys and creating 0 modified pages."
"5/26/2026 7:10:39 AM","16","Information","Microsoft-Windows-Kernel-General","The access history in hive \??\C:\RemoteInstall\Tmp\arm{09782C3F-CD9C-45B4-9B38-522087387D1B}.bcd was cleared updating 0 keys and creating 0 modified pages."
"5/26/2026 7:10:39 AM","16","Information","Microsoft-Windows-Kernel-General","The access history in hive \??\C:\RemoteInstall\Tmp\x86x64{D222D426-919A-4BE8-9386-8D5A0EEB9D6A}.bcd was cleared updating 0 keys and creating 0 modified pages."
"5/26/2026 7:10:39 AM","16","Information","Microsoft-Windows-Kernel-General","The access history in hive \??\C:\RemoteInstall\Tmp\arm64{9D82CB30-3F8C-4909-A3D0-3D9F27D9E8C5}.bcd was cleared updating 0 keys and creating 0 modified pages."
"5/26/2026 7:10:39 AM","16","Information","Microsoft-Windows-Kernel-General","The access history in hive \??\C:\RemoteInstall\Tmp\x64{B5CBE9B7-74B0-4AA4-82A1-42E5E24432E8}.bcd was cleared updating 0 keys and creating 0 modified pages."
"5/26/2026 7:10:39 AM","16","Information","Microsoft-Windows-Kernel-General","The access history in hive \??\C:\RemoteInstall\Tmp\x86{8F4115CA-4E11-4143-977F-49C80610AB34}.bcd was cleared updating 0 keys and creating 0 modified pages."
"5/26/2026 7:10:35 AM","7036","Information","Service Control Manager","The sppsvc service entered the stopped state."
"5/26/2026 7:10:35 AM","7036","Information","Service Control Manager","The MSSQL$SQLEXPRESS service entered the running state."
"5/26/2026 7:10:34 AM","7036","Information","Service Control Manager","The WMI Performance Adapter service entered the running state."
"5/26/2026 7:10:34 AM","7026","Information","Service Control Manager","The following boot-start or system-start driver(s) did not load: 
dam"
"5/26/2026 7:10:34 AM","7036","Information","Service Control Manager","The BITS service entered the running state."
"5/26/2026 7:10:34 AM","7036","Information","Service Control Manager","The SQLTELEMETRY$SQLEXPRESS service entered the running state."
"5/26/2026 7:10:34 AM","7036","Information","Service Control Manager","The W32Time service entered the running state."
"5/26/2026 7:10:34 AM","12","Warning","Microsoft-Windows-Time-Service","Time Provider NtpClient: This machine is configured to use the domain hierarchy to determine its time source, but it is the AD PDC emulator for the domain at the root of the forest, so there is no machine above it in the domain hierarchy to use as a time source. It is recommended that you either configure a reliable time service in the root domain, or manually configure the AD PDC to synchronize with an external time source. Otherwise, this machine will function as the authoritative time source in the domain hierarchy. If an external time source is not configured or used for this computer, you may choose to disable the NtpClient."
"5/26/2026 7:10:34 AM","7036","Information","Service Control Manager","The W3SVC service entered the running state."
"5/26/2026 7:10:33 AM","16648","Information","Microsoft-Windows-Directory-Services-SAM","The request for a new account-identifier pool has completed successfully."
"5/26/2026 7:10:33 AM","7036","Information","Service Control Manager","The DNS service entered the running state."
"5/26/2026 7:10:33 AM","16647","Information","Microsoft-Windows-Directory-Services-SAM","The domain controller is starting a request for a new account-identifier pool."
"5/26/2026 7:10:25 AM","143","Information","Microsoft-Windows-Time-Service","The time service has started advertising as a good time source."
"5/26/2026 7:10:25 AM","139","Information","Microsoft-Windows-Time-Service","The time service has started advertising as a time source."
"5/26/2026 7:10:24 AM","7040","Information","Service Control Manager","The start type of the BITS service was changed from demand start to auto start."
"5/26/2026 7:10:22 AM","7036","Information","Service Control Manager","The DispBrokerDesktopSvc service entered the running state."
"5/26/2026 7:10:22 AM","7036","Information","Service Control Manager","The Netlogon service entered the running state."
"5/26/2026 7:10:16 AM","10154","Warning","Microsoft-Windows-WinRM","The WinRM service failed to create the following SPNs: WSMAN/dc.scaffold.htb; WSMAN/dc. 

 Additional Data 
 The error received was 1355: %%1355.

 User Action 
 The SPNs can be created by an administrator using setspn.exe utility."
"5/26/2026 7:10:06 AM","7036","Information","Service Control Manager","The VSS service entered the running state."
"5/26/2026 7:10:05 AM","7036","Information","Service Control Manager","The MSDTC service entered the running state."
"5/26/2026 7:10:04 AM","7036","Information","Service Control Manager","The RasMan service entered the running state."
"5/26/2026 7:10:04 AM","7036","Information","Service Control Manager","The MDT_Monitor service entered the running state."
"5/26/2026 7:10:04 AM","7036","Information","Service Control Manager","The StateRepository service entered the running state."
"5/26/2026 7:10:04 AM","7036","Information","Service Control Manager","The COMSysApp service entered the running state."
"5/26/2026 7:10:04 AM","7036","Information","Service Control Manager","The vds service entered the running state."
"5/26/2026 7:10:04 AM","7036","Information","Service Control Manager","The vmvss service entered the running state."
"5/26/2026 7:10:04 AM","7036","Information","Service Control Manager","The DiagTrack service entered the running state."
"5/26/2026 7:10:04 AM","7036","Information","Service Control Manager","The WinDefend service entered the running state."
"5/26/2026 7:10:04 AM","7036","Information","Service Control Manager","The WinRM service entered the running state."
"5/26/2026 7:10:04 AM","7036","Information","Service Control Manager","The WAS service entered the running state."
"5/26/2026 7:10:04 AM","7036","Information","Service Control Manager","The sppsvc service entered the running state."
"5/26/2026 7:10:04 AM","7036","Information","Service Control Manager","The ADWS service entered the running state."
"5/26/2026 7:10:04 AM","7036","Information","Service Control Manager","The SstpSvc service entered the running state."
"5/26/2026 7:10:04 AM","7036","Information","Service Control Manager","The WpnService service entered the running state."
"5/26/2026 7:10:04 AM","7036","Information","Service Control Manager","The VMTools service entered the running state."
"5/26/2026 7:10:04 AM","7036","Information","Service Control Manager","The VGAuthService service entered the running state."
"5/26/2026 7:10:04 AM","7036","Information","Service Control Manager","The Winmgmt service entered the running state."
"5/26/2026 7:10:04 AM","7036","Information","Service Control Manager","The SysMain service entered the running state."
"5/26/2026 7:10:04 AM","7036","Information","Service Control Manager","The AppHostSvc service entered the running state."
"5/26/2026 7:10:04 AM","7036","Information","Service Control Manager","The SQLWriter service entered the running state."
"5/26/2026 7:10:04 AM","7036","Information","Service Control Manager","The WLMS service entered the running state."
"5/26/2026 7:10:04 AM","7036","Information","Service Control Manager","The VM3DService service entered the running state."
"5/26/2026 7:10:04 AM","7036","Information","Service Control Manager","The MDCoreSvc service entered the running state."
"5/26/2026 7:10:04 AM","7036","Information","Service Control Manager","The IsmServ service entered the running state."
"5/26/2026 7:10:04 AM","7036","Information","Service Control Manager","The CertSvc service entered the running state."
"5/26/2026 7:10:04 AM","7036","Information","Service Control Manager","The Dfs service entered the running state."
"5/26/2026 7:10:04 AM","7036","Information","Service Control Manager","The CoreMessagingRegistrar service entered the running state."
"5/26/2026 7:10:04 AM","7036","Information","Service Control Manager","The DFSR service entered the running state."
"5/26/2026 7:10:03 AM","7036","Information","Service Control Manager","The RemoteRegistry service entered the running state."
"5/26/2026 7:10:03 AM","7036","Information","Service Control Manager","The AzureAttestService service entered the running state."
"5/26/2026 7:10:03 AM","7036","Information","Service Control Manager","The KeyIso service entered the running state."
"5/26/2026 7:10:03 AM","7036","Information","Service Control Manager","The Spooler service entered the running state."
"5/26/2026 7:10:03 AM","7036","Information","Service Control Manager","The LanmanServer service entered the running state."
"5/26/2026 7:10:03 AM","7036","Information","Service Control Manager","The SamSs service entered the running state."
"5/26/2026 7:10:04 AM","3","Information","Virtual Disk Service","Service started."
"5/26/2026 7:10:04 AM","10148","Information","Microsoft-Windows-WinRM","The WinRM service is listening for WS-Management requests. 

 User Action 
 Use the following command to see the specific IPs on which WinRM is listening: 

 winrm enumerate winrm/config/listener"
"5/26/2026 7:10:04 AM","5211","Information","Microsoft-Windows-WAS","The Windows Process Activation Service (WAS) started with 'Classic' mode using 'ConfigurationSystem'"
"5/26/2026 7:10:04 AM","14531","Information","Microsoft-Windows-DfsSvc","DFS server has finished initializing."
"5/26/2026 7:10:04 AM","14533","Information","Microsoft-Windows-DfsSvc","DFS has finished building all namespaces."
"5/26/2026 7:09:55 AM","36928","Error","Schannel","Could not retrieve an OCSP response.

   The Failure Reason is: REASON_OCSP_RESPONSE_RETRIEVAL_ERROR
    The OCSP Url is: 
   The previous OCSP response contained the following times:
      ThisUpdate: ‎1601‎-‎01‎-‎01T00:00:00.000000000Z
      NextUpdate: ‎1601‎-‎01‎-‎01T00:00:00.000000000Z

The attached data contains the certificate."
"5/26/2026 7:09:55 AM","7036","Information","Service Control Manager","The PolicyAgent service entered the running state."
"5/26/2026 7:09:55 AM","7036","Information","Service Control Manager","The mpssvc service entered the running state."
"5/26/2026 7:09:55 AM","7036","Information","Service Control Manager","The IKEEXT service entered the running state."
"5/26/2026 7:09:55 AM","7036","Information","Service Control Manager","The CryptSvc service entered the running state."
