"6/1/2026 11:43:42 AM","200","Information","Microsoft-Windows-TaskScheduler","Task Scheduler launched action ""Sync Language Data From Cloud Task"" in instance ""{14e1c366-cb37-451e-90a4-c98a77a63826}"" of task ""\Microsoft\Windows\International\Synchronize Language Settings""."
"6/1/2026 11:43:42 AM","100","Information","Microsoft-Windows-TaskScheduler","Task Scheduler started ""{14e1c366-cb37-451e-90a4-c98a77a63826}"" instance of the ""\Microsoft\Windows\International\Synchronize Language Settings"" task for user ""SCAFFOLD\Administrator""."
"6/1/2026 11:43:42 AM","129","Information","Microsoft-Windows-TaskScheduler","Task Scheduler launch task ""\Microsoft\Windows\International\Synchronize Language Settings"" , instance ""taskhostw.exe""  with process ID 3468."
"6/1/2026 11:43:42 AM","119","Information","Microsoft-Windows-TaskScheduler","Task Scheduler launched ""{14e1c366-cb37-451e-90a4-c98a77a63826}""  instance of task ""\Microsoft\Windows\International\Synchronize Language Settings"" due to user ""SCAFFOLD\Administrator""  logon."
"6/1/2026 11:43:13 AM","102","Information","Microsoft-Windows-TaskScheduler","Task Scheduler successfully finished ""{f8125c9c-1a01-4d86-9b1f-922a22ff2a9f}"" instance of the ""\Microsoft\Windows\Server Manager\ServerManager"" task for user ""SCAFFOLD\Administrator""."
"6/1/2026 11:43:13 AM","201","Information","Microsoft-Windows-TaskScheduler","Task Scheduler successfully completed task ""\Microsoft\Windows\Server Manager\ServerManager"" , instance ""{f8125c9c-1a01-4d86-9b1f-922a22ff2a9f}"" , action ""%windir%\system32\ServerManagerLauncher.exe"" with return code 0."
"6/1/2026 11:43:12 AM","102","Information","Microsoft-Windows-TaskScheduler","Task Scheduler successfully finished ""{6e9c8ff7-fdc2-4199-a577-b0886eaeceb4}"" instance of the ""\Microsoft\Windows\CertificateServicesClient\UserTask"" task for user ""SCAFFOLD\Administrator""."
"6/1/2026 11:43:12 AM","201","Information","Microsoft-Windows-TaskScheduler","Task Scheduler successfully completed task ""\Microsoft\Windows\CertificateServicesClient\UserTask"" , instance ""{6e9c8ff7-fdc2-4199-a577-b0886eaeceb4}"" , action ""Certificate Services Client Task Handler"" with return code 0."
"6/1/2026 11:43:12 AM","102","Information","Microsoft-Windows-TaskScheduler","Task Scheduler successfully finished ""{6b993982-5623-4a5c-8959-e08ce6067102}"" instance of the ""\Microsoft\Windows\WindowsColorSystem\Calibration Loader"" task for user ""SCAFFOLD\Administrator""."
"6/1/2026 11:43:12 AM","201","Information","Microsoft-Windows-TaskScheduler","Task Scheduler successfully completed task ""\Microsoft\Windows\WindowsColorSystem\Calibration Loader"" , instance ""{6b993982-5623-4a5c-8959-e08ce6067102}"" , action ""Color Calibration Loader"" with return code 0."
"6/1/2026 11:43:12 AM","102","Information","Microsoft-Windows-TaskScheduler","Task Scheduler successfully finished ""{fdf66061-74d3-4cc0-a2a3-2ec604df0312}"" instance of the ""\Microsoft\Windows\Plug and Play\Device Install Reboot Required"" task for user ""SCAFFOLD\Administrator""."
"6/1/2026 11:43:12 AM","201","Information","Microsoft-Windows-TaskScheduler","Task Scheduler successfully completed task ""\Microsoft\Windows\Plug and Play\Device Install Reboot Required"" , instance ""{fdf66061-74d3-4cc0-a2a3-2ec604df0312}"" , action ""Device Installation Reboot Dialog Task"" with return code 0."
"6/1/2026 11:43:12 AM","200","Information","Microsoft-Windows-TaskScheduler","Task Scheduler launched action ""C:\Windows\Explorer.EXE"" in instance ""{ab5414e5-4555-43ee-8bd1-162cb91c90a1}"" of task ""\CreateExplorerShellUnelevatedTask""."
"6/1/2026 11:43:12 AM","100","Information","Microsoft-Windows-TaskScheduler","Task Scheduler started ""{ab5414e5-4555-43ee-8bd1-162cb91c90a1}"" instance of the ""\CreateExplorerShellUnelevatedTask"" task for user ""SCAFFOLD\Administrator""."
"6/1/2026 11:43:12 AM","129","Information","Microsoft-Windows-TaskScheduler","Task Scheduler launch task ""\CreateExplorerShellUnelevatedTask"" , instance ""C:\Windows\Explorer.EXE""  with process ID 4424."
"6/1/2026 11:43:12 AM","109","Information","Microsoft-Windows-TaskScheduler","Task Scheduler launched ""{ab5414e5-4555-43ee-8bd1-162cb91c90a1}""  instance of task ""\CreateExplorerShellUnelevatedTask""  according to a registration trigger."
"6/1/2026 11:43:12 AM","140","Information","Microsoft-Windows-TaskScheduler","User ""SCAFFOLD\Administrator""  updated Task Scheduler task ""\CreateExplorerShellUnelevatedTask"""
"6/1/2026 11:43:12 AM","106","Information","Microsoft-Windows-TaskScheduler","User ""SCAFFOLD\Administrator""  registered Task Scheduler task ""\CreateExplorerShellUnelevatedTask"""
"6/1/2026 11:43:12 AM","141","Information","Microsoft-Windows-TaskScheduler","User ""SCAFFOLD\Administrator""  deleted Task Scheduler task ""\CreateExplorerShellUnelevatedTask"""
"6/1/2026 11:43:11 AM","102","Information","Microsoft-Windows-TaskScheduler","Task Scheduler successfully finished ""{e5430da7-3ca2-47e7-b287-200f80dc3fdd}"" instance of the ""\Microsoft\Windows\TextServicesFramework\MsCtfMonitor"" task for user ""SCAFFOLD\Administrator""."
"6/1/2026 11:43:11 AM","201","Information","Microsoft-Windows-TaskScheduler","Task Scheduler successfully completed task ""\Microsoft\Windows\TextServicesFramework\MsCtfMonitor"" , instance ""{e5430da7-3ca2-47e7-b287-200f80dc3fdd}"" , action ""MsCtfMonitor task handler"" with return code 0."
"6/1/2026 11:43:11 AM","200","Information","Microsoft-Windows-TaskScheduler","Task Scheduler launched action ""Device Installation Reboot Dialog Task"" in instance ""{fdf66061-74d3-4cc0-a2a3-2ec604df0312}"" of task ""\Microsoft\Windows\Plug and Play\Device Install Reboot Required""."
"6/1/2026 11:43:11 AM","100","Information","Microsoft-Windows-TaskScheduler","Task Scheduler started ""{fdf66061-74d3-4cc0-a2a3-2ec604df0312}"" instance of the ""\Microsoft\Windows\Plug and Play\Device Install Reboot Required"" task for user ""SCAFFOLD\Administrator""."
"6/1/2026 11:43:11 AM","129","Information","Microsoft-Windows-TaskScheduler","Task Scheduler launch task ""\Microsoft\Windows\Plug and Play\Device Install Reboot Required"" , instance ""taskhostw.exe""  with process ID 1988."
"6/1/2026 11:43:11 AM","200","Information","Microsoft-Windows-TaskScheduler","Task Scheduler launched action ""Color Calibration Loader"" in instance ""{6b993982-5623-4a5c-8959-e08ce6067102}"" of task ""\Microsoft\Windows\WindowsColorSystem\Calibration Loader""."
"6/1/2026 11:43:11 AM","100","Information","Microsoft-Windows-TaskScheduler","Task Scheduler started ""{6b993982-5623-4a5c-8959-e08ce6067102}"" instance of the ""\Microsoft\Windows\WindowsColorSystem\Calibration Loader"" task for user ""SCAFFOLD\Administrator""."
"6/1/2026 11:43:11 AM","200","Information","Microsoft-Windows-TaskScheduler","Task Scheduler launched action ""MsCtfMonitor task handler"" in instance ""{e5430da7-3ca2-47e7-b287-200f80dc3fdd}"" of task ""\Microsoft\Windows\TextServicesFramework\MsCtfMonitor""."
"6/1/2026 11:43:11 AM","100","Information","Microsoft-Windows-TaskScheduler","Task Scheduler started ""{e5430da7-3ca2-47e7-b287-200f80dc3fdd}"" instance of the ""\Microsoft\Windows\TextServicesFramework\MsCtfMonitor"" task for user ""SCAFFOLD\Administrator""."
"6/1/2026 11:43:11 AM","102","Information","Microsoft-Windows-TaskScheduler","Task Scheduler successfully finished ""{badca049-de1f-4956-bbf9-7605de228719}"" instance of the ""\Microsoft\Windows\SoftwareProtectionPlatform\SvcRestartTaskLogon"" task for user ""SCAFFOLD\Administrator""."
"6/1/2026 11:43:11 AM","201","Information","Microsoft-Windows-TaskScheduler","Task Scheduler successfully completed task ""\Microsoft\Windows\SoftwareProtectionPlatform\SvcRestartTaskLogon"" , instance ""{badca049-de1f-4956-bbf9-7605de228719}"" , action ""SppSvcRestartTaskHandler Class"" with return code 0."
"6/1/2026 11:43:11 AM","200","Information","Microsoft-Windows-TaskScheduler","Task Scheduler launched action ""C:\Program Files (x86)\Microsoft\EdgeUpdate\MicrosoftEdgeUpdate.exe"" in instance ""{1dd8dfa3-614a-4bc9-bc40-58730082cef5}"" of task ""\MicrosoftEdgeUpdateTaskMachineCore""."
"6/1/2026 11:43:11 AM","100","Information","Microsoft-Windows-TaskScheduler","Task Scheduler started ""{1dd8dfa3-614a-4bc9-bc40-58730082cef5}"" instance of the ""\MicrosoftEdgeUpdateTaskMachineCore"" task for user ""NT AUTHORITY\SYSTEM""."
"6/1/2026 11:43:11 AM","129","Information","Microsoft-Windows-TaskScheduler","Task Scheduler launch task ""\MicrosoftEdgeUpdateTaskMachineCore"" , instance ""C:\Program Files (x86)\Microsoft\EdgeUpdate\MicrosoftEdgeUpdate.exe""  with process ID 1908."
"6/1/2026 11:43:11 AM","200","Information","Microsoft-Windows-TaskScheduler","Task Scheduler launched action ""%windir%\system32\ServerManagerLauncher.exe"" in instance ""{f8125c9c-1a01-4d86-9b1f-922a22ff2a9f}"" of task ""\Microsoft\Windows\Server Manager\ServerManager""."
"6/1/2026 11:43:11 AM","100","Information","Microsoft-Windows-TaskScheduler","Task Scheduler started ""{f8125c9c-1a01-4d86-9b1f-922a22ff2a9f}"" instance of the ""\Microsoft\Windows\Server Manager\ServerManager"" task for user ""SCAFFOLD\Administrator""."
"6/1/2026 11:43:11 AM","129","Information","Microsoft-Windows-TaskScheduler","Task Scheduler launch task ""\Microsoft\Windows\Server Manager\ServerManager"" , instance ""%windir%\system32\ServerManagerLauncher.exe""  with process ID 1828."
"6/1/2026 11:43:11 AM","200","Information","Microsoft-Windows-TaskScheduler","Task Scheduler launched action ""SppSvcRestartTaskHandler Class"" in instance ""{badca049-de1f-4956-bbf9-7605de228719}"" of task ""\Microsoft\Windows\SoftwareProtectionPlatform\SvcRestartTaskLogon""."
"6/1/2026 11:43:11 AM","100","Information","Microsoft-Windows-TaskScheduler","Task Scheduler started ""{badca049-de1f-4956-bbf9-7605de228719}"" instance of the ""\Microsoft\Windows\SoftwareProtectionPlatform\SvcRestartTaskLogon"" task for user ""SCAFFOLD\Administrator""."
"6/1/2026 11:43:11 AM","119","Information","Microsoft-Windows-TaskScheduler","Task Scheduler launched ""{badca049-de1f-4956-bbf9-7605de228719}""  instance of task ""\Microsoft\Windows\SoftwareProtectionPlatform\SvcRestartTaskLogon"" due to user ""SCAFFOLD\Administrator""  logon."
"6/1/2026 11:43:11 AM","119","Information","Microsoft-Windows-TaskScheduler","Task Scheduler launched ""{f8125c9c-1a01-4d86-9b1f-922a22ff2a9f}""  instance of task ""\Microsoft\Windows\Server Manager\ServerManager"" due to user ""SCAFFOLD\Administrator""  logon."
"6/1/2026 11:43:11 AM","200","Information","Microsoft-Windows-TaskScheduler","Task Scheduler launched action ""Wininet Cache task object"" in instance ""{84c50ff5-4877-4e66-85db-b5428d493999}"" of task ""\Microsoft\Windows\Wininet\CacheTask""."
"6/1/2026 11:43:11 AM","100","Information","Microsoft-Windows-TaskScheduler","Task Scheduler started ""{84c50ff5-4877-4e66-85db-b5428d493999}"" instance of the ""\Microsoft\Windows\Wininet\CacheTask"" task for user ""SCAFFOLD\Administrator""."
"6/1/2026 11:43:11 AM","119","Information","Microsoft-Windows-TaskScheduler","Task Scheduler launched ""{1dd8dfa3-614a-4bc9-bc40-58730082cef5}""  instance of task ""\MicrosoftEdgeUpdateTaskMachineCore"" due to user ""SCAFFOLD\Administrator""  logon."
"6/1/2026 11:43:11 AM","129","Information","Microsoft-Windows-TaskScheduler","Task Scheduler launch task ""\Microsoft\Windows\Wininet\CacheTask"" , instance ""taskhostw.exe""  with process ID 1736."
"6/1/2026 11:43:11 AM","119","Information","Microsoft-Windows-TaskScheduler","Task Scheduler launched ""{fdf66061-74d3-4cc0-a2a3-2ec604df0312}""  instance of task ""\Microsoft\Windows\Plug and Play\Device Install Reboot Required"" due to user ""SCAFFOLD\Administrator""  logon."
"6/1/2026 11:43:11 AM","119","Information","Microsoft-Windows-TaskScheduler","Task Scheduler launched ""{84c50ff5-4877-4e66-85db-b5428d493999}""  instance of task ""\Microsoft\Windows\Wininet\CacheTask"" due to user ""SCAFFOLD\Administrator""  logon."
"6/1/2026 11:43:11 AM","200","Information","Microsoft-Windows-TaskScheduler","Task Scheduler launched action ""Certificate Services Client Task Handler"" in instance ""{6e9c8ff7-fdc2-4199-a577-b0886eaeceb4}"" of task ""\Microsoft\Windows\CertificateServicesClient\UserTask""."
"6/1/2026 11:43:11 AM","100","Information","Microsoft-Windows-TaskScheduler","Task Scheduler started ""{6e9c8ff7-fdc2-4199-a577-b0886eaeceb4}"" instance of the ""\Microsoft\Windows\CertificateServicesClient\UserTask"" task for user ""SCAFFOLD\Administrator""."
"6/1/2026 11:43:11 AM","129","Information","Microsoft-Windows-TaskScheduler","Task Scheduler launch task ""\Microsoft\Windows\CertificateServicesClient\UserTask"" , instance ""taskhostw.exe""  with process ID 1836."
"6/1/2026 11:43:11 AM","119","Information","Microsoft-Windows-TaskScheduler","Task Scheduler launched ""{6b993982-5623-4a5c-8959-e08ce6067102}""  instance of task ""\Microsoft\Windows\WindowsColorSystem\Calibration Loader"" due to user ""SCAFFOLD\Administrator""  logon."
"6/1/2026 11:43:11 AM","119","Information","Microsoft-Windows-TaskScheduler","Task Scheduler launched ""{e5430da7-3ca2-47e7-b287-200f80dc3fdd}""  instance of task ""\Microsoft\Windows\TextServicesFramework\MsCtfMonitor"" due to user ""SCAFFOLD\Administrator""  logon."
"6/1/2026 11:43:11 AM","119","Information","Microsoft-Windows-TaskScheduler","Task Scheduler launched ""{6e9c8ff7-fdc2-4199-a577-b0886eaeceb4}""  instance of task ""\Microsoft\Windows\CertificateServicesClient\UserTask"" due to user ""SCAFFOLD\Administrator""  logon."
"6/1/2026 11:43:07 AM","102","Information","Microsoft-Windows-TaskScheduler","Task Scheduler successfully finished ""{9e0c760c-844c-4621-acaf-48a16790cc69}"" instance of the ""\Microsoft\Windows\Windows Error Reporting\QueueReporting"" task for user ""NT AUTHORITY\SYSTEM""."
"6/1/2026 11:43:07 AM","201","Information","Microsoft-Windows-TaskScheduler","Task Scheduler successfully completed task ""\Microsoft\Windows\Windows Error Reporting\QueueReporting"" , instance ""{9e0c760c-844c-4621-acaf-48a16790cc69}"" , action ""%windir%\system32\wermgr.exe"" with return code 0."
"6/1/2026 11:43:07 AM","200","Information","Microsoft-Windows-TaskScheduler","Task Scheduler launched action ""%windir%\system32\wermgr.exe"" in instance ""{9e0c760c-844c-4621-acaf-48a16790cc69}"" of task ""\Microsoft\Windows\Windows Error Reporting\QueueReporting""."
"6/1/2026 11:43:07 AM","100","Information","Microsoft-Windows-TaskScheduler","Task Scheduler started ""{9e0c760c-844c-4621-acaf-48a16790cc69}"" instance of the ""\Microsoft\Windows\Windows Error Reporting\QueueReporting"" task for user ""NT AUTHORITY\SYSTEM""."
"6/1/2026 11:43:07 AM","129","Information","Microsoft-Windows-TaskScheduler","Task Scheduler launch task ""\Microsoft\Windows\Windows Error Reporting\QueueReporting"" , instance ""%windir%\system32\wermgr.exe""  with process ID 7056."
"6/1/2026 11:43:04 AM","102","Information","Microsoft-Windows-TaskScheduler","Task Scheduler successfully finished ""{95eae856-c8f4-4ca8-9b73-e508bb775826}"" instance of the ""\Microsoft\Windows\SoftwareProtectionPlatform\SvcRestartTaskNetwork"" task for user ""(NONE)""."
"6/1/2026 11:43:04 AM","201","Information","Microsoft-Windows-TaskScheduler","Task Scheduler successfully completed task ""\Microsoft\Windows\SoftwareProtectionPlatform\SvcRestartTaskNetwork"" , instance ""{95eae856-c8f4-4ca8-9b73-e508bb775826}"" , action ""SppSvcRestartTaskHandler Class"" with return code 0."
"6/1/2026 11:43:04 AM","200","Information","Microsoft-Windows-TaskScheduler","Task Scheduler launched action ""SppSvcRestartTaskHandler Class"" in instance ""{95eae856-c8f4-4ca8-9b73-e508bb775826}"" of task ""\Microsoft\Windows\SoftwareProtectionPlatform\SvcRestartTaskNetwork""."
"6/1/2026 11:43:04 AM","100","Information","Microsoft-Windows-TaskScheduler","Task Scheduler started ""{95eae856-c8f4-4ca8-9b73-e508bb775826}"" instance of the ""\Microsoft\Windows\SoftwareProtectionPlatform\SvcRestartTaskNetwork"" task for user ""(NONE)""."
"6/1/2026 11:43:04 AM","129","Information","Microsoft-Windows-TaskScheduler","Task Scheduler launch task ""\Microsoft\Windows\SoftwareProtectionPlatform\SvcRestartTaskNetwork"" , instance ""taskhostw.exe""  with process ID 6812."
"6/1/2026 11:43:04 AM","108","Information","Microsoft-Windows-TaskScheduler","Task Scheduler launched ""{95eae856-c8f4-4ca8-9b73-e508bb775826}""  instance of task ""\Microsoft\Windows\SoftwareProtectionPlatform\SvcRestartTaskNetwork""  according to an event trigger."
"6/1/2026 11:42:57 AM","142","Information","Microsoft-Windows-TaskScheduler","User ""NETWORK SERVICE""  disabled Task Scheduler task ""\Microsoft\Windows\SoftwareProtectionPlatform\SvcRestartTask"""
"6/1/2026 11:42:47 AM","102","Information","Microsoft-Windows-TaskScheduler","Task Scheduler successfully finished ""{391ff0ab-859b-4314-a82f-b9ecdaa6324b}"" instance of the ""\Microsoft\Windows\Software Inventory Logging\Configuration"" task for user ""NT AUTHORITY\SYSTEM""."
"6/1/2026 11:42:47 AM","201","Information","Microsoft-Windows-TaskScheduler","Task Scheduler successfully completed task ""\Microsoft\Windows\Software Inventory Logging\Configuration"" , instance ""{391ff0ab-859b-4314-a82f-b9ecdaa6324b}"" , action ""%systemroot%\system32\cmd.exe"" with return code 0."
"6/1/2026 11:42:47 AM","102","Information","Microsoft-Windows-TaskScheduler","Task Scheduler successfully finished ""{bf0a4319-fb22-4d8a-a524-a6ce4bdb04cc}"" instance of the ""\Microsoft\Windows\DirectX\DXGIAdapterCache"" task for user ""NT AUTHORITY\SYSTEM""."
"6/1/2026 11:42:47 AM","201","Information","Microsoft-Windows-TaskScheduler","Task Scheduler successfully completed task ""\Microsoft\Windows\DirectX\DXGIAdapterCache"" , instance ""{bf0a4319-fb22-4d8a-a524-a6ce4bdb04cc}"" , action ""%windir%\system32\dxgiadaptercache.exe"" with return code 0."
"6/1/2026 11:42:47 AM","200","Information","Microsoft-Windows-TaskScheduler","Task Scheduler launched action ""%windir%\system32\dxgiadaptercache.exe"" in instance ""{bf0a4319-fb22-4d8a-a524-a6ce4bdb04cc}"" of task ""\Microsoft\Windows\DirectX\DXGIAdapterCache""."
"6/1/2026 11:42:47 AM","100","Information","Microsoft-Windows-TaskScheduler","Task Scheduler started ""{bf0a4319-fb22-4d8a-a524-a6ce4bdb04cc}"" instance of the ""\Microsoft\Windows\DirectX\DXGIAdapterCache"" task for user ""NT AUTHORITY\SYSTEM""."
"6/1/2026 11:42:47 AM","200","Information","Microsoft-Windows-TaskScheduler","Task Scheduler launched action ""%systemroot%\system32\cmd.exe"" in instance ""{391ff0ab-859b-4314-a82f-b9ecdaa6324b}"" of task ""\Microsoft\Windows\Software Inventory Logging\Configuration""."
"6/1/2026 11:42:47 AM","100","Information","Microsoft-Windows-TaskScheduler","Task Scheduler started ""{391ff0ab-859b-4314-a82f-b9ecdaa6324b}"" instance of the ""\Microsoft\Windows\Software Inventory Logging\Configuration"" task for user ""NT AUTHORITY\SYSTEM""."
"6/1/2026 11:42:47 AM","129","Information","Microsoft-Windows-TaskScheduler","Task Scheduler launch task ""\Microsoft\Windows\DirectX\DXGIAdapterCache"" , instance ""%windir%\system32\dxgiadaptercache.exe""  with process ID 7160."
"6/1/2026 11:42:47 AM","129","Information","Microsoft-Windows-TaskScheduler","Task Scheduler launch task ""\Microsoft\Windows\Software Inventory Logging\Configuration"" , instance ""%systemroot%\system32\cmd.exe""  with process ID 7152."
"6/1/2026 11:42:47 AM","118","Information","Microsoft-Windows-TaskScheduler","Task Scheduler launched ""{bf0a4319-fb22-4d8a-a524-a6ce4bdb04cc}""  instance of task ""\Microsoft\Windows\DirectX\DXGIAdapterCache""  due to system startup."
"6/1/2026 11:42:47 AM","118","Information","Microsoft-Windows-TaskScheduler","Task Scheduler launched ""{391ff0ab-859b-4314-a82f-b9ecdaa6324b}""  instance of task ""\Microsoft\Windows\Software Inventory Logging\Configuration""  due to system startup."
"6/1/2026 11:42:42 AM","102","Information","Microsoft-Windows-TaskScheduler","Task Scheduler successfully finished ""{daccf2b7-14b2-4d77-88cf-43d508d6dcad}"" instance of the ""\Scaffold\ScaffoldDeployEngine"" task for user ""NT AUTHORITY\SYSTEM""."
"6/1/2026 11:42:42 AM","201","Information","Microsoft-Windows-TaskScheduler","Task Scheduler successfully completed task ""\Scaffold\ScaffoldDeployEngine"" , instance ""{daccf2b7-14b2-4d77-88cf-43d508d6dcad}"" , action ""powershell.exe"" with return code 0."
"6/1/2026 11:42:41 AM","200","Information","Microsoft-Windows-TaskScheduler","Task Scheduler launched action ""powershell.exe"" in instance ""{daccf2b7-14b2-4d77-88cf-43d508d6dcad}"" of task ""\Scaffold\ScaffoldDeployEngine""."
"6/1/2026 11:42:41 AM","100","Information","Microsoft-Windows-TaskScheduler","Task Scheduler started ""{daccf2b7-14b2-4d77-88cf-43d508d6dcad}"" instance of the ""\Scaffold\ScaffoldDeployEngine"" task for user ""NT AUTHORITY\SYSTEM""."
"6/1/2026 11:42:41 AM","129","Information","Microsoft-Windows-TaskScheduler","Task Scheduler launch task ""\Scaffold\ScaffoldDeployEngine"" , instance ""powershell.exe""  with process ID 7008."
"6/1/2026 11:42:41 AM","107","Information","Microsoft-Windows-TaskScheduler","Task Scheduler launched ""{daccf2b7-14b2-4d77-88cf-43d508d6dcad}""  instance of task ""\Scaffold\ScaffoldDeployEngine"" due to a time trigger condition."
"6/1/2026 11:42:27 AM","102","Information","Microsoft-Windows-TaskScheduler","Task Scheduler successfully finished ""{9ed46873-54ad-4b2a-a2cc-1c8743e2bb5a}"" instance of the ""\Microsoft\Windows\CertificateServicesClient\SystemTask"" task for user ""NT AUTHORITY\SYSTEM""."
"6/1/2026 11:42:27 AM","201","Information","Microsoft-Windows-TaskScheduler","Task Scheduler successfully completed task ""\Microsoft\Windows\CertificateServicesClient\SystemTask"" , instance ""{9ed46873-54ad-4b2a-a2cc-1c8743e2bb5a}"" , action ""Certificate Services Client Task Handler"" with return code 0."
"6/1/2026 11:42:26 AM","102","Information","Microsoft-Windows-TaskScheduler","Task Scheduler successfully finished ""{8cc26622-8e6a-47cb-9b14-a67147d550c1}"" instance of the ""\Microsoft\Windows\Workplace Join\Automatic-Device-Join"" task for user ""NT AUTHORITY\SYSTEM""."
"6/1/2026 11:42:26 AM","201","Information","Microsoft-Windows-TaskScheduler","Task Scheduler successfully completed task ""\Microsoft\Windows\Workplace Join\Automatic-Device-Join"" , instance ""{8cc26622-8e6a-47cb-9b14-a67147d550c1}"" , action ""%SystemRoot%\System32\dsregcmd.exe"" with return code 0."
"6/1/2026 11:41:58 AM","140","Information","Microsoft-Windows-TaskScheduler","User ""NETWORK SERVICE""  updated Task Scheduler task ""\Microsoft\Windows\SoftwareProtectionPlatform\SvcRestartTaskNetwork"""
"6/1/2026 11:41:58 AM","140","Information","Microsoft-Windows-TaskScheduler","User ""INTERACTIVE""  updated Task Scheduler task ""\Microsoft\Windows\SoftwareProtectionPlatform\SvcRestartTaskLogon"""
"6/1/2026 11:41:57 AM","200","Information","Microsoft-Windows-TaskScheduler","Task Scheduler launched action ""Certificate Services Client Task Handler"" in instance ""{9ed46873-54ad-4b2a-a2cc-1c8743e2bb5a}"" of task ""\Microsoft\Windows\CertificateServicesClient\SystemTask""."
"6/1/2026 11:41:57 AM","100","Information","Microsoft-Windows-TaskScheduler","Task Scheduler started ""{9ed46873-54ad-4b2a-a2cc-1c8743e2bb5a}"" instance of the ""\Microsoft\Windows\CertificateServicesClient\SystemTask"" task for user ""NT AUTHORITY\SYSTEM""."
"6/1/2026 11:41:57 AM","129","Information","Microsoft-Windows-TaskScheduler","Task Scheduler launch task ""\Microsoft\Windows\CertificateServicesClient\SystemTask"" , instance ""taskhostw.exe""  with process ID 4728."
"6/1/2026 11:41:57 AM","118","Information","Microsoft-Windows-TaskScheduler","Task Scheduler launched ""{9ed46873-54ad-4b2a-a2cc-1c8743e2bb5a}""  instance of task ""\Microsoft\Windows\CertificateServicesClient\SystemTask""  due to system startup."
"6/1/2026 11:41:48 AM","200","Information","Microsoft-Windows-TaskScheduler","Task Scheduler launched action ""%SystemRoot%\System32\dsregcmd.exe"" in instance ""{8cc26622-8e6a-47cb-9b14-a67147d550c1}"" of task ""\Microsoft\Windows\Workplace Join\Automatic-Device-Join""."
"6/1/2026 11:41:48 AM","100","Information","Microsoft-Windows-TaskScheduler","Task Scheduler started ""{8cc26622-8e6a-47cb-9b14-a67147d550c1}"" instance of the ""\Microsoft\Windows\Workplace Join\Automatic-Device-Join"" task for user ""NT AUTHORITY\SYSTEM""."
"6/1/2026 11:41:48 AM","129","Information","Microsoft-Windows-TaskScheduler","Task Scheduler launch task ""\Microsoft\Windows\Workplace Join\Automatic-Device-Join"" , instance ""%SystemRoot%\System32\dsregcmd.exe""  with process ID 2708."
"6/1/2026 11:41:48 AM","110","Information","Microsoft-Windows-TaskScheduler","Task Scheduler launched ""{8cc26622-8e6a-47cb-9b14-a67147d550c1}""  instance of task ""\Microsoft\Windows\Workplace Join\Automatic-Device-Join""  for user ""System"" ."
"6/1/2026 11:41:48 AM","325","Warning","Microsoft-Windows-TaskScheduler","Task Scheduler queued instance ""{8cc26622-8e6a-47cb-9b14-a67147d550c1}""  of task ""\Microsoft\Windows\Workplace Join\Automatic-Device-Join""."
"6/1/2026 11:41:48 AM","102","Information","Microsoft-Windows-TaskScheduler","Task Scheduler successfully finished ""{04496af8-7583-467d-afa5-df310e8242b9}"" instance of the ""\Microsoft\Windows\WwanSvc\OobeDiscovery"" task for user ""NT AUTHORITY\SYSTEM""."
"6/1/2026 11:41:48 AM","201","Information","Microsoft-Windows-TaskScheduler","Task Scheduler successfully completed task ""\Microsoft\Windows\WwanSvc\OobeDiscovery"" , instance ""{04496af8-7583-467d-afa5-df310e8242b9}"" , action ""OobeEsimTaskManager"" with return code 0."
"6/1/2026 11:41:47 AM","102","Information","Microsoft-Windows-TaskScheduler","Task Scheduler successfully finished ""{3c805814-c77a-4d6a-b9c5-d5fe0d19bca2}"" instance of the ""\Microsoft\Windows\DirectX\DXGIAdapterCache"" task for user ""NT AUTHORITY\SYSTEM""."
"6/1/2026 11:41:47 AM","201","Information","Microsoft-Windows-TaskScheduler","Task Scheduler successfully completed task ""\Microsoft\Windows\DirectX\DXGIAdapterCache"" , instance ""{3c805814-c77a-4d6a-b9c5-d5fe0d19bca2}"" , action ""%windir%\system32\dxgiadaptercache.exe"" with return code 0."
"6/1/2026 11:41:47 AM","102","Information","Microsoft-Windows-TaskScheduler","Task Scheduler successfully finished ""{ad497529-15f9-4fd7-b3c9-9d27068974de}"" instance of the ""\Microsoft\Windows\ExploitGuard\ExploitGuard MDM policy Refresh"" task for user ""NT AUTHORITY\SYSTEM""."
"6/1/2026 11:41:47 AM","201","Information","Microsoft-Windows-TaskScheduler","Task Scheduler successfully completed task ""\Microsoft\Windows\ExploitGuard\ExploitGuard MDM policy Refresh"" , instance ""{ad497529-15f9-4fd7-b3c9-9d27068974de}"" , action """" with return code 0."
"6/1/2026 11:41:47 AM","102","Information","Microsoft-Windows-TaskScheduler","Task Scheduler successfully finished ""{30d686eb-dd11-4fcc-96e5-09cdec281723}"" instance of the ""\Microsoft\Windows\Time Synchronization\ForceSynchronizeTime"" task for user ""(NONE)""."
"6/1/2026 11:41:47 AM","201","Information","Microsoft-Windows-TaskScheduler","Task Scheduler successfully completed task ""\Microsoft\Windows\Time Synchronization\ForceSynchronizeTime"" , instance ""{30d686eb-dd11-4fcc-96e5-09cdec281723}"" , action ""Time Synchronization Task Handler"" with return code 0."
"6/1/2026 11:41:47 AM","200","Information","Microsoft-Windows-TaskScheduler","Task Scheduler launched action ""Time Synchronization Task Handler"" in instance ""{30d686eb-dd11-4fcc-96e5-09cdec281723}"" of task ""\Microsoft\Windows\Time Synchronization\ForceSynchronizeTime""."
"6/1/2026 11:41:47 AM","100","Information","Microsoft-Windows-TaskScheduler","Task Scheduler started ""{30d686eb-dd11-4fcc-96e5-09cdec281723}"" instance of the ""\Microsoft\Windows\Time Synchronization\ForceSynchronizeTime"" task for user ""(NONE)""."
"6/1/2026 11:41:47 AM","129","Information","Microsoft-Windows-TaskScheduler","Task Scheduler launch task ""\Microsoft\Windows\Time Synchronization\ForceSynchronizeTime"" , instance ""taskhostw.exe""  with process ID 2648."
"6/1/2026 11:41:47 AM","200","Information","Microsoft-Windows-TaskScheduler","Task Scheduler launched action ""OobeEsimTaskManager"" in instance ""{04496af8-7583-467d-afa5-df310e8242b9}"" of task ""\Microsoft\Windows\WwanSvc\OobeDiscovery""."
"6/1/2026 11:41:47 AM","100","Information","Microsoft-Windows-TaskScheduler","Task Scheduler started ""{04496af8-7583-467d-afa5-df310e8242b9}"" instance of the ""\Microsoft\Windows\WwanSvc\OobeDiscovery"" task for user ""NT AUTHORITY\SYSTEM""."
"6/1/2026 11:41:47 AM","101","Error","Microsoft-Windows-TaskScheduler","Task Scheduler failed to start ""\Microsoft\Windows\Workplace Join\Automatic-Device-Join"" task for user ""(default user)"". Additional Data: Error Value: 2147943568."
"6/1/2026 11:41:47 AM","200","Information","Microsoft-Windows-TaskScheduler","Task Scheduler launched action ""%windir%\system32\dxgiadaptercache.exe"" in instance ""{3c805814-c77a-4d6a-b9c5-d5fe0d19bca2}"" of task ""\Microsoft\Windows\DirectX\DXGIAdapterCache""."
"6/1/2026 11:41:47 AM","100","Information","Microsoft-Windows-TaskScheduler","Task Scheduler started ""{3c805814-c77a-4d6a-b9c5-d5fe0d19bca2}"" instance of the ""\Microsoft\Windows\DirectX\DXGIAdapterCache"" task for user ""NT AUTHORITY\SYSTEM""."
"6/1/2026 11:41:47 AM","129","Information","Microsoft-Windows-TaskScheduler","Task Scheduler launch task ""\Microsoft\Windows\DirectX\DXGIAdapterCache"" , instance ""%windir%\system32\dxgiadaptercache.exe""  with process ID 2164."
"6/1/2026 11:41:47 AM","200","Information","Microsoft-Windows-TaskScheduler","Task Scheduler launched action """" in instance ""{ad497529-15f9-4fd7-b3c9-9d27068974de}"" of task ""\Microsoft\Windows\ExploitGuard\ExploitGuard MDM policy Refresh""."
"6/1/2026 11:41:47 AM","100","Information","Microsoft-Windows-TaskScheduler","Task Scheduler started ""{ad497529-15f9-4fd7-b3c9-9d27068974de}"" instance of the ""\Microsoft\Windows\ExploitGuard\ExploitGuard MDM policy Refresh"" task for user ""NT AUTHORITY\SYSTEM""."
"6/1/2026 11:41:47 AM","129","Information","Microsoft-Windows-TaskScheduler","Task Scheduler launch task ""\Microsoft\Windows\ExploitGuard\ExploitGuard MDM policy Refresh"" , instance ""taskhostw.exe""  with process ID 2148."
"6/1/2026 11:41:47 AM","118","Information","Microsoft-Windows-TaskScheduler","Task Scheduler launched ""{ad497529-15f9-4fd7-b3c9-9d27068974de}""  instance of task ""\Microsoft\Windows\ExploitGuard\ExploitGuard MDM policy Refresh""  due to system startup."
"6/1/2026 11:41:47 AM","400","Information","Microsoft-Windows-TaskScheduler","Task Scheduler service has started."
"6/1/2026 11:41:46 AM","700","Information","Microsoft-Windows-TaskScheduler","Task Scheduler service started Task Compatibility module."
"5/31/2026 6:00:24 PM","402","Information","Microsoft-Windows-TaskScheduler","Task Scheduler service is shutting down."
"5/31/2026 6:00:23 PM","140","Information","Microsoft-Windows-TaskScheduler","User ""NT AUTHORITY\SYSTEM""  updated Task Scheduler task ""\Microsoft\Windows\WindowsUpdate\Scheduled Start"""
"5/31/2026 6:00:22 PM","111","Information","Microsoft-Windows-TaskScheduler","Task Scheduler terminated ""{f0558c60-1e02-4402-99b9-6fa4dd054c0b}""  instance of the ""\MicrosoftEdgeUpdateTaskMachineCore""  task."
"5/31/2026 6:00:22 PM","102","Information","Microsoft-Windows-TaskScheduler","Task Scheduler successfully finished ""{f0558c60-1e02-4402-99b9-6fa4dd054c0b}"" instance of the ""\MicrosoftEdgeUpdateTaskMachineCore"" task for user ""NT AUTHORITY\SYSTEM""."
"5/31/2026 6:00:22 PM","201","Information","Microsoft-Windows-TaskScheduler","Task Scheduler successfully completed task ""\MicrosoftEdgeUpdateTaskMachineCore"" , instance ""{f0558c60-1e02-4402-99b9-6fa4dd054c0b}"" , action ""C:\Program Files (x86)\Microsoft\EdgeUpdate\MicrosoftEdgeUpdate.exe"" with return code 2147943691."
"5/31/2026 6:00:22 PM","102","Information","Microsoft-Windows-TaskScheduler","Task Scheduler successfully finished ""{313ef7da-3c23-4d25-90b8-6e5fed077318}"" instance of the ""\CreateExplorerShellUnelevatedTask"" task for user ""SCAFFOLD\Administrator""."
"5/31/2026 6:00:22 PM","201","Information","Microsoft-Windows-TaskScheduler","Task Scheduler successfully completed task ""\CreateExplorerShellUnelevatedTask"" , instance ""{313ef7da-3c23-4d25-90b8-6e5fed077318}"" , action ""C:\Windows\Explorer.EXE"" with return code 2147942404."
"5/31/2026 6:00:22 PM","103","Error","Microsoft-Windows-TaskScheduler","Task Scheduler failed to start instance ""{deb31811-b12d-474e-af8a-d31430cc5d4e}"" of ""\Microsoft\Windows\Wininet\CacheTask""  task for user """" . Additional Data: Error Value: 2147942404."
"5/31/2026 6:00:22 PM","202","Error","Microsoft-Windows-TaskScheduler","Task Scheduler failed to complete task ""\Microsoft\Windows\Wininet\CacheTask"" , instance ""{deb31811-b12d-474e-af8a-d31430cc5d4e}"" , action ""Wininet Cache task object"" . Additional Data: Error Value: 2147942404."
"5/31/2026 6:00:22 PM","103","Error","Microsoft-Windows-TaskScheduler","Task Scheduler failed to start instance ""{1b67dc81-9f0f-4ff5-9dcc-3147af0fd085}"" of ""\Microsoft\Windows\WDI\ResolutionHost""  task for user """" . Additional Data: Error Value: 2147942404."
"5/31/2026 6:00:22 PM","202","Error","Microsoft-Windows-TaskScheduler","Task Scheduler failed to complete task ""\Microsoft\Windows\WDI\ResolutionHost"" , instance ""{1b67dc81-9f0f-4ff5-9dcc-3147af0fd085}"" , action ""DiagnosticInfrastructureCustomHandler"" . Additional Data: Error Value: 2147942404."
"5/31/2026 6:00:01 PM","102","Information","Microsoft-Windows-TaskScheduler","Task Scheduler successfully finished ""{83c34669-b2b5-48ae-bc7e-26fc92395a22}"" instance of the ""\Microsoft\Windows\Customer Experience Improvement Program\Consolidator"" task for user ""NT AUTHORITY\SYSTEM""."
"5/31/2026 6:00:01 PM","201","Information","Microsoft-Windows-TaskScheduler","Task Scheduler successfully completed task ""\Microsoft\Windows\Customer Experience Improvement Program\Consolidator"" , instance ""{83c34669-b2b5-48ae-bc7e-26fc92395a22}"" , action ""%SystemRoot%\System32\wsqmcons.exe"" with return code 0."
"5/31/2026 6:00:01 PM","200","Information","Microsoft-Windows-TaskScheduler","Task Scheduler launched action ""%SystemRoot%\System32\wsqmcons.exe"" in instance ""{83c34669-b2b5-48ae-bc7e-26fc92395a22}"" of task ""\Microsoft\Windows\Customer Experience Improvement Program\Consolidator""."
"5/31/2026 6:00:01 PM","100","Information","Microsoft-Windows-TaskScheduler","Task Scheduler started ""{83c34669-b2b5-48ae-bc7e-26fc92395a22}"" instance of the ""\Microsoft\Windows\Customer Experience Improvement Program\Consolidator"" task for user ""NT AUTHORITY\SYSTEM""."
"5/31/2026 6:00:01 PM","129","Information","Microsoft-Windows-TaskScheduler","Task Scheduler launch task ""\Microsoft\Windows\Customer Experience Improvement Program\Consolidator"" , instance ""%SystemRoot%\System32\wsqmcons.exe""  with process ID 6192."
"5/31/2026 6:00:01 PM","107","Information","Microsoft-Windows-TaskScheduler","Task Scheduler launched ""{83c34669-b2b5-48ae-bc7e-26fc92395a22}""  instance of task ""\Microsoft\Windows\Customer Experience Improvement Program\Consolidator"" due to a time trigger condition."
"5/31/2026 5:59:19 PM","140","Information","Microsoft-Windows-TaskScheduler","User ""SCAFFOLD\DC$""  updated Task Scheduler task ""\Microsoft\Windows\SoftwareProtectionPlatform\SvcRestartTask"""
"5/31/2026 5:59:09 PM","103","Error","Microsoft-Windows-TaskScheduler","Task Scheduler failed to start instance ""{c6d3bf9f-832f-4630-992b-727a7e26a21a}"" of ""\Microsoft\Windows\International\Synchronize Language Settings""  task for user ""SCAFFOLD\Administrator"" . Additional Data: Error Value: 2147746053."
"5/31/2026 5:59:09 PM","202","Error","Microsoft-Windows-TaskScheduler","Task Scheduler failed to complete task ""\Microsoft\Windows\International\Synchronize Language Settings"" , instance ""{c6d3bf9f-832f-4630-992b-727a7e26a21a}"" , action ""Sync Language Data From Cloud Task"" . Additional Data: Error Value: 2147746053."
"5/31/2026 5:59:08 PM","102","Information","Microsoft-Windows-TaskScheduler","Task Scheduler successfully finished ""{310ea283-2d9f-4c0d-9fd2-cdf462820c22}"" instance of the ""\Microsoft\Windows\Windows Error Reporting\QueueReporting"" task for user ""NT AUTHORITY\SYSTEM""."
"5/31/2026 5:59:08 PM","201","Information","Microsoft-Windows-TaskScheduler","Task Scheduler successfully completed task ""\Microsoft\Windows\Windows Error Reporting\QueueReporting"" , instance ""{310ea283-2d9f-4c0d-9fd2-cdf462820c22}"" , action ""%windir%\system32\wermgr.exe"" with return code 0."
"5/31/2026 5:59:08 PM","102","Information","Microsoft-Windows-TaskScheduler","Task Scheduler successfully finished ""{faad25e5-0eea-4a8f-8885-162f6227b521}"" instance of the ""\Microsoft\Windows\Flighting\FeatureConfig\ReconcileFeatures"" task for user ""NT AUTHORITY\SYSTEM""."
"5/31/2026 5:59:08 PM","201","Information","Microsoft-Windows-TaskScheduler","Task Scheduler successfully completed task ""\Microsoft\Windows\Flighting\FeatureConfig\ReconcileFeatures"" , instance ""{faad25e5-0eea-4a8f-8885-162f6227b521}"" , action ""Feature Configuration Reconciliation Task Handler"" with return code 0."
"5/31/2026 5:59:08 PM","200","Information","Microsoft-Windows-TaskScheduler","Task Scheduler launched action ""%windir%\system32\wermgr.exe"" in instance ""{310ea283-2d9f-4c0d-9fd2-cdf462820c22}"" of task ""\Microsoft\Windows\Windows Error Reporting\QueueReporting""."
"5/31/2026 5:59:08 PM","100","Information","Microsoft-Windows-TaskScheduler","Task Scheduler started ""{310ea283-2d9f-4c0d-9fd2-cdf462820c22}"" instance of the ""\Microsoft\Windows\Windows Error Reporting\QueueReporting"" task for user ""NT AUTHORITY\SYSTEM""."
"5/31/2026 5:59:08 PM","129","Information","Microsoft-Windows-TaskScheduler","Task Scheduler launch task ""\Microsoft\Windows\Windows Error Reporting\QueueReporting"" , instance ""%windir%\system32\wermgr.exe""  with process ID 2356."
"5/31/2026 5:59:08 PM","200","Information","Microsoft-Windows-TaskScheduler","Task Scheduler launched action ""Feature Configuration Reconciliation Task Handler"" in instance ""{faad25e5-0eea-4a8f-8885-162f6227b521}"" of task ""\Microsoft\Windows\Flighting\FeatureConfig\ReconcileFeatures""."
"5/31/2026 5:59:08 PM","100","Information","Microsoft-Windows-TaskScheduler","Task Scheduler started ""{faad25e5-0eea-4a8f-8885-162f6227b521}"" instance of the ""\Microsoft\Windows\Flighting\FeatureConfig\ReconcileFeatures"" task for user ""NT AUTHORITY\SYSTEM""."
"5/31/2026 5:59:08 PM","129","Information","Microsoft-Windows-TaskScheduler","Task Scheduler launch task ""\Microsoft\Windows\Flighting\FeatureConfig\ReconcileFeatures"" , instance ""taskhostw.exe""  with process ID 1500."
"5/31/2026 5:59:08 PM","118","Information","Microsoft-Windows-TaskScheduler","Task Scheduler launched ""{310ea283-2d9f-4c0d-9fd2-cdf462820c22}""  instance of task ""\Microsoft\Windows\Windows Error Reporting\QueueReporting""  due to system startup."
"5/31/2026 5:59:05 PM","102","Information","Microsoft-Windows-TaskScheduler","Task Scheduler successfully finished ""{ee7b330c-7161-445a-ad53-3b64409021be}"" instance of the ""\Microsoft\Windows\Workplace Join\Automatic-Device-Join"" task for user ""NT AUTHORITY\SYSTEM""."
"5/31/2026 5:59:05 PM","201","Information","Microsoft-Windows-TaskScheduler","Task Scheduler successfully completed task ""\Microsoft\Windows\Workplace Join\Automatic-Device-Join"" , instance ""{ee7b330c-7161-445a-ad53-3b64409021be}"" , action ""%SystemRoot%\System32\dsregcmd.exe"" with return code 2147942401."
"5/31/2026 5:59:04 PM","200","Information","Microsoft-Windows-TaskScheduler","Task Scheduler launched action ""%SystemRoot%\System32\dsregcmd.exe"" in instance ""{ee7b330c-7161-445a-ad53-3b64409021be}"" of task ""\Microsoft\Windows\Workplace Join\Automatic-Device-Join""."
"5/31/2026 5:59:04 PM","100","Information","Microsoft-Windows-TaskScheduler","Task Scheduler started ""{ee7b330c-7161-445a-ad53-3b64409021be}"" instance of the ""\Microsoft\Windows\Workplace Join\Automatic-Device-Join"" task for user ""NT AUTHORITY\SYSTEM""."
"5/31/2026 5:59:04 PM","129","Information","Microsoft-Windows-TaskScheduler","Task Scheduler launch task ""\Microsoft\Windows\Workplace Join\Automatic-Device-Join"" , instance ""%SystemRoot%\System32\dsregcmd.exe""  with process ID 7096."
"5/31/2026 5:59:04 PM","119","Information","Microsoft-Windows-TaskScheduler","Task Scheduler launched ""{ee7b330c-7161-445a-ad53-3b64409021be}""  instance of task ""\Microsoft\Windows\Workplace Join\Automatic-Device-Join"" due to user ""SCAFFOLD\Administrator""  logon."
"5/31/2026 5:58:51 PM","140","Information","Microsoft-Windows-TaskScheduler","User ""SCAFFOLD\DC$""  updated Task Scheduler task ""\Microsoft\Windows\UpdateOrchestrator\Schedule Scan"""
"5/31/2026 5:58:51 PM","140","Information","Microsoft-Windows-TaskScheduler","User ""S-1-5-18""  updated Task Scheduler task ""\Microsoft\Windows\UpdateOrchestrator\Schedule Scan"""
"5/31/2026 5:58:48 PM","140","Information","Microsoft-Windows-TaskScheduler","User ""SCAFFOLD\DC$""  updated Task Scheduler task ""\Microsoft\Windows\Application Experience\PcaPatchDbTask"""
"5/31/2026 5:58:48 PM","110","Information","Microsoft-Windows-TaskScheduler","Task Scheduler launched ""{1b67dc81-9f0f-4ff5-9dcc-3147af0fd085}""  instance of task ""\Microsoft\Windows\WDI\ResolutionHost""  for user ""Administrator"" ."
"5/31/2026 5:58:48 PM","200","Information","Microsoft-Windows-TaskScheduler","Task Scheduler launched action ""DiagnosticInfrastructureCustomHandler"" in instance ""{1b67dc81-9f0f-4ff5-9dcc-3147af0fd085}"" of task ""\Microsoft\Windows\WDI\ResolutionHost""."
"5/31/2026 5:58:48 PM","100","Information","Microsoft-Windows-TaskScheduler","Task Scheduler started ""{1b67dc81-9f0f-4ff5-9dcc-3147af0fd085}"" instance of the ""\Microsoft\Windows\WDI\ResolutionHost"" task for user ""SCAFFOLD\Administrator""."
"5/31/2026 5:58:48 PM","129","Information","Microsoft-Windows-TaskScheduler","Task Scheduler launch task ""\Microsoft\Windows\WDI\ResolutionHost"" , instance ""taskhostw.exe""  with process ID 7616."
"5/31/2026 5:58:48 PM","325","Warning","Microsoft-Windows-TaskScheduler","Task Scheduler queued instance ""{1b67dc81-9f0f-4ff5-9dcc-3147af0fd085}""  of task ""\Microsoft\Windows\WDI\ResolutionHost""."
"5/31/2026 5:58:41 PM","102","Information","Microsoft-Windows-TaskScheduler","Task Scheduler successfully finished ""{69edbbba-7278-48d4-a659-d485d49854a3}"" instance of the ""\Scaffold\ScaffoldDeployEngine"" task for user ""NT AUTHORITY\SYSTEM""."
"5/31/2026 5:58:41 PM","201","Information","Microsoft-Windows-TaskScheduler","Task Scheduler successfully completed task ""\Scaffold\ScaffoldDeployEngine"" , instance ""{69edbbba-7278-48d4-a659-d485d49854a3}"" , action ""powershell.exe"" with return code 0."
"5/31/2026 5:58:41 PM","200","Information","Microsoft-Windows-TaskScheduler","Task Scheduler launched action ""powershell.exe"" in instance ""{69edbbba-7278-48d4-a659-d485d49854a3}"" of task ""\Scaffold\ScaffoldDeployEngine""."
"5/31/2026 5:58:41 PM","100","Information","Microsoft-Windows-TaskScheduler","Task Scheduler started ""{69edbbba-7278-48d4-a659-d485d49854a3}"" instance of the ""\Scaffold\ScaffoldDeployEngine"" task for user ""NT AUTHORITY\SYSTEM""."
"5/31/2026 5:58:41 PM","129","Information","Microsoft-Windows-TaskScheduler","Task Scheduler launch task ""\Scaffold\ScaffoldDeployEngine"" , instance ""powershell.exe""  with process ID 7400."
"5/31/2026 5:58:41 PM","107","Information","Microsoft-Windows-TaskScheduler","Task Scheduler launched ""{69edbbba-7278-48d4-a659-d485d49854a3}""  instance of task ""\Scaffold\ScaffoldDeployEngine"" due to a time trigger condition."
"5/31/2026 5:58:34 PM","200","Information","Microsoft-Windows-TaskScheduler","Task Scheduler launched action ""Sync Language Data From Cloud Task"" in instance ""{c6d3bf9f-832f-4630-992b-727a7e26a21a}"" of task ""\Microsoft\Windows\International\Synchronize Language Settings""."
"5/31/2026 5:58:34 PM","100","Information","Microsoft-Windows-TaskScheduler","Task Scheduler started ""{c6d3bf9f-832f-4630-992b-727a7e26a21a}"" instance of the ""\Microsoft\Windows\International\Synchronize Language Settings"" task for user ""SCAFFOLD\Administrator""."
"5/31/2026 5:58:34 PM","129","Information","Microsoft-Windows-TaskScheduler","Task Scheduler launch task ""\Microsoft\Windows\International\Synchronize Language Settings"" , instance ""taskhostw.exe""  with process ID 7292."
"5/31/2026 5:58:34 PM","119","Information","Microsoft-Windows-TaskScheduler","Task Scheduler launched ""{c6d3bf9f-832f-4630-992b-727a7e26a21a}""  instance of task ""\Microsoft\Windows\International\Synchronize Language Settings"" due to user ""SCAFFOLD\Administrator""  logon."
"5/31/2026 5:58:05 PM","102","Information","Microsoft-Windows-TaskScheduler","Task Scheduler successfully finished ""{c2f262fb-27a9-421b-89f8-7379a1087339}"" instance of the ""\Microsoft\Windows\Server Manager\ServerManager"" task for user ""SCAFFOLD\Administrator""."
"5/31/2026 5:58:05 PM","201","Information","Microsoft-Windows-TaskScheduler","Task Scheduler successfully completed task ""\Microsoft\Windows\Server Manager\ServerManager"" , instance ""{c2f262fb-27a9-421b-89f8-7379a1087339}"" , action ""%windir%\system32\ServerManagerLauncher.exe"" with return code 0."
"5/31/2026 5:58:04 PM","102","Information","Microsoft-Windows-TaskScheduler","Task Scheduler successfully finished ""{6de2a0ec-be33-4998-91b9-6c146d529399}"" instance of the ""\Microsoft\Windows\Plug and Play\Device Install Reboot Required"" task for user ""SCAFFOLD\Administrator""."
"5/31/2026 5:58:04 PM","201","Information","Microsoft-Windows-TaskScheduler","Task Scheduler successfully completed task ""\Microsoft\Windows\Plug and Play\Device Install Reboot Required"" , instance ""{6de2a0ec-be33-4998-91b9-6c146d529399}"" , action ""Device Installation Reboot Dialog Task"" with return code 0."
"5/31/2026 5:58:04 PM","102","Information","Microsoft-Windows-TaskScheduler","Task Scheduler successfully finished ""{783d0f4f-ac3b-4810-a4b1-aa3e74442d89}"" instance of the ""\Microsoft\Windows\CertificateServicesClient\UserTask"" task for user ""SCAFFOLD\Administrator""."
"5/31/2026 5:58:04 PM","201","Information","Microsoft-Windows-TaskScheduler","Task Scheduler successfully completed task ""\Microsoft\Windows\CertificateServicesClient\UserTask"" , instance ""{783d0f4f-ac3b-4810-a4b1-aa3e74442d89}"" , action ""Certificate Services Client Task Handler"" with return code 0."
"5/31/2026 5:58:04 PM","102","Information","Microsoft-Windows-TaskScheduler","Task Scheduler successfully finished ""{bcaf183a-8a11-4683-b166-8387566521b2}"" instance of the ""\Microsoft\Windows\WindowsColorSystem\Calibration Loader"" task for user ""SCAFFOLD\Administrator""."
"5/31/2026 5:58:04 PM","201","Information","Microsoft-Windows-TaskScheduler","Task Scheduler successfully completed task ""\Microsoft\Windows\WindowsColorSystem\Calibration Loader"" , instance ""{bcaf183a-8a11-4683-b166-8387566521b2}"" , action ""Color Calibration Loader"" with return code 0."
"5/31/2026 5:58:04 PM","200","Information","Microsoft-Windows-TaskScheduler","Task Scheduler launched action ""Device Installation Reboot Dialog Task"" in instance ""{6de2a0ec-be33-4998-91b9-6c146d529399}"" of task ""\Microsoft\Windows\Plug and Play\Device Install Reboot Required""."
"5/31/2026 5:58:04 PM","100","Information","Microsoft-Windows-TaskScheduler","Task Scheduler started ""{6de2a0ec-be33-4998-91b9-6c146d529399}"" instance of the ""\Microsoft\Windows\Plug and Play\Device Install Reboot Required"" task for user ""SCAFFOLD\Administrator""."
"5/31/2026 5:58:04 PM","129","Information","Microsoft-Windows-TaskScheduler","Task Scheduler launch task ""\Microsoft\Windows\Plug and Play\Device Install Reboot Required"" , instance ""taskhostw.exe""  with process ID 3104."
"5/31/2026 5:58:04 PM","140","Information","Microsoft-Windows-TaskScheduler","User ""SCAFFOLD\Administrator""  updated Task Scheduler task ""\CreateExplorerShellUnelevatedTask"""
"5/31/2026 5:58:04 PM","106","Information","Microsoft-Windows-TaskScheduler","User ""SCAFFOLD\Administrator""  registered Task Scheduler task ""\CreateExplorerShellUnelevatedTask"""
"5/31/2026 5:58:04 PM","200","Information","Microsoft-Windows-TaskScheduler","Task Scheduler launched action ""C:\Windows\Explorer.EXE"" in instance ""{313ef7da-3c23-4d25-90b8-6e5fed077318}"" of task ""\CreateExplorerShellUnelevatedTask""."
"5/31/2026 5:58:04 PM","100","Information","Microsoft-Windows-TaskScheduler","Task Scheduler started ""{313ef7da-3c23-4d25-90b8-6e5fed077318}"" instance of the ""\CreateExplorerShellUnelevatedTask"" task for user ""SCAFFOLD\Administrator""."
"5/31/2026 5:58:04 PM","129","Information","Microsoft-Windows-TaskScheduler","Task Scheduler launch task ""\CreateExplorerShellUnelevatedTask"" , instance ""C:\Windows\Explorer.EXE""  with process ID 1104."
"5/31/2026 5:58:04 PM","109","Information","Microsoft-Windows-TaskScheduler","Task Scheduler launched ""{313ef7da-3c23-4d25-90b8-6e5fed077318}""  instance of task ""\CreateExplorerShellUnelevatedTask""  according to a registration trigger."
"5/31/2026 5:58:04 PM","200","Information","Microsoft-Windows-TaskScheduler","Task Scheduler launched action ""Wininet Cache task object"" in instance ""{deb31811-b12d-474e-af8a-d31430cc5d4e}"" of task ""\Microsoft\Windows\Wininet\CacheTask""."
"5/31/2026 5:58:04 PM","100","Information","Microsoft-Windows-TaskScheduler","Task Scheduler started ""{deb31811-b12d-474e-af8a-d31430cc5d4e}"" instance of the ""\Microsoft\Windows\Wininet\CacheTask"" task for user ""SCAFFOLD\Administrator""."
