"7/8/2026 10:41:49 PM","1004","Information","Microsoft-Windows-Security-SPP","The Software Protection service has successfully installed the license.
License Title=XrML 2.1 License - {msft:sl/EUL/ACTIVATED/PRIVATE}
License Id=b0f7bbd8-19fd-47e4-bcd5-029249e463aa"
"7/8/2026 10:41:49 PM","1004","Information","Microsoft-Windows-Security-SPP","The Software Protection service has successfully installed the license.
License Title=XrML 2.1 License - {msft:sl/EUL/ACTIVATED/PUBLIC}
License Id=52dcfb52-94d2-49af-b7e0-0e805ea15045"
"7/8/2026 10:41:49 PM","1013","Information","Microsoft-Windows-Security-SPP","Acquisition of End User License was successful.
Sku Id=c1a197b6-ba5e-4394-b9bf-b659a6c1b873"
"7/8/2026 10:41:48 PM","8198","Error","Microsoft-Windows-Security-SPP","License Activation (slui.exe) failed with the following error code:
hr=0x8007139F
Command-line arguments:
RuleId=3482d82e-ca2c-4e1f-8864-da0267b484b2;Action=AutoActivate;AppId=55c92734-d682-4d71-983e-d6ec3f16059f;SkuId=c1a197b6-ba5e-4394-b9bf-b659a6c1b873;NotificationInterval=1440;Trigger=NetworkAvailable"
"7/8/2026 10:41:48 PM","1003","Information","Microsoft-Windows-Security-SPP","The Software Protection service has completed licensing status check.
Application Id=55c92734-d682-4d71-983e-d6ec3f16059f
Licensing Status=
1: c1a197b6-ba5e-4394-b9bf-b659a6c1b873, 1, 1 [(0 [0xC004E003, 0, 0], [( 2 0xC004F00F 0 0 msft:rm/algorithm/hwid/4.0 0x00000000 0)( 1 0x00000000)(?)( 2 0xC004F00F 0 0 msft:rm/algorithm/hwid/4.0 0x00000000 0)(?)(?)( 10 0x00000000 msft:rm/algorithm/flags/1.0)(?)])(1 )(2 )(3 [0x00000000, 0, 0], [( 6 0xC004F009 10 0)( 1 0x00000000)( 6 0xC004F009 10 0)(?)(?)(?)( 10 0x00000000 msft:rm/algorithm/flags/1.0)( 11 0x00000000 0xC004F00F)])]

"
"7/8/2026 10:41:48 PM","1000","Information","VGAuth","vmtoolsd: Username and password mismatch for 'Administrator'"
"7/8/2026 10:41:46 PM","256","Information","WDSServer","The Windows Deployment Services server started successfully. 
"
"7/8/2026 10:41:46 PM","517","Information","WDSServer","Provider WDSPXE loaded from C:\Windows\system32\wdspxe.dll and initialized successfully."
"7/8/2026 10:41:46 PM","777","Information","WDSPXE","Rogue detection has been disabled for this server. The Windows Deployment  Services server is authorized as a valid DHCP/PXE server and will process incoming client requests."
"7/8/2026 10:41:46 PM","262","Information","WDSPXE","Provider WDSDCPXE was loaded from C:\Windows\system32\wdsdcpxe.dll and initialized successfully."
"7/8/2026 10:41:46 PM","1305","Information","BINLSVC","Combined BCD file x64uefi{A875B1E5-40C4-4FD3-A622-50AE8208D61E}.bcd generated successfully for the x64uefi architecture."
"7/8/2026 10:41:46 PM","1305","Information","BINLSVC","Combined BCD file x86uefi{14A7484D-2140-4F01-BA6F-68FE68FE5842}.bcd generated successfully for the x86uefi architecture."
"7/8/2026 10:41:46 PM","1305","Information","BINLSVC","Combined BCD file arm{EE13D898-5357-4821-91CD-0C9DED249BDD}.bcd generated successfully for the arm architecture."
"7/8/2026 10:41:46 PM","1305","Information","BINLSVC","Combined BCD file x86x64{97E52D44-A044-4BE3-BA21-F10D67AAD88D}.bcd generated successfully for the x86x64 architecture."
"7/8/2026 10:41:46 PM","1305","Information","BINLSVC","Combined BCD file arm64{9C824EB3-ACAD-4CD3-96E3-18F8BAF8F0E5}.bcd generated successfully for the arm64 architecture."
"7/8/2026 10:41:46 PM","1305","Information","BINLSVC","Combined BCD file x64{421AC065-FBBF-431C-B68D-9FD2D45FA106}.bcd generated successfully for the x64 architecture."
"7/8/2026 10:41:46 PM","1305","Information","BINLSVC","Combined BCD file x86{C483A897-6298-4236-9D53-36CEEC1E8A9B}.bcd generated successfully for the x86 architecture."
"7/8/2026 10:41:46 PM","326","Information","ESENT","svchost (2436,D,50) AAP: The database engine attached a database (5, C:\RemoteInstall\Mgmt\binlsvcdb.mdb). (Time=0 seconds) 
 
Saved Cache: 1 0 
Additional Data: lgposAttach = 00000001:008D:0268,
dbv = 1568.180.400 (9360) 
 
Internal Timing Sequence: 
[1] 0.000003 +J(0)
[2] 0.000416 -0.000217 (1) WT +J(0) +M(C:0K, Fs:24, WS:32K # 0K, PF:32K # 0K, P:32K)
[3] 0.004448 -0.001744 (6) WT +J(CM:0, PgRf:0, Rd:0/0, Dy:0/0, Lg:3480/2) +M(C:0K, Fs:13, WS:20K # 0K, PF:20K # 0K, P:20K)
[4] 0.000097 +J(0)
[5] -
[6] -
[7] -
[8] 0.000205 +J(CM:0, PgRf:2, Rd:8/0, Dy:0/0, Lg:54/1) +M(C:92K, Fs:48, WS:192K # 0K, PF:112K # 0K, P:112K)
[9] 0.007226 -0.007029 (2) CM -0.006913 (2) WT +J(CM:2, PgRf:16, Rd:0/1, Dy:0/0, Lg:0/0) +M(C:-80K, Fs:0, WS:-80K # 0K, PF:-80K # 0K, P:-80K)
[10] 0.001147 -0.001027 (1) CM -0.000953 (1) WT +J(CM:1, PgRf:35, Rd:0/1, Dy:0/0, Lg:0/0) +M(C:-28K, Fs:0, WS:-28K # 0K, PF:-28K # 0K, P:-28K)
[11] 0.000011 +J(CM:0, PgRf:1, Rd:0/0, Dy:0/0, Lg:0/0)
[12] 0.000040 +J(CM:0, PgRf:42, Rd:0/0, Dy:0/0, Lg:0/0)
[13] 0.0 +J(0)
[14] 0.0 +J(0)
[15] 0.000005 +J(CM:0, PgRf:1, Rd:0/0, Dy:0/0, Lg:0/0)."
"7/8/2026 10:41:46 PM","105","Information","ESENT","svchost (2436,D,0) AAP: The database engine started a new instance (2). (Time=0 seconds) 
 
Additional Data:
 lgposV2[] = 00000001:0001:0000 - 00000001:008A:02FB - 00000001:008B:0000 - 00000001:008B:0000 (00000000:0000:0000)
cReInits = 35
 
 
Internal Timing Sequence: 
[1] -
[2] -
[3] 0.000286 +J(0) +M(C:0K, Fs:3, WS:12K # 0K, PF:0K # 0K, P:0K)
[4] 0.000127 +J(0) +M(C:0K, Fs:8, WS:32K # 0K, PF:160K # 0K, P:160K)
[5] 0.000937 +J(0) +M(C:0K, Fs:5, WS:20K # 0K, PF:20K # 0K, P:20K)
[6] 0.001585 +J(0) +M(C:0K, Fs:2, WS:8K # 0K, PF:16K # 0K, P:16K)
[7] 0.016226 -0.010595 (11) WT +J(0) +M(C:0K, Fs:1283, WS:5120K # 1712K, PF:5132K # 960K, P:5132K)
[8] 0.136794 -0.116552 (53) WT +J(CM:0, PgRf:0, Rd:0/0, Dy:0/0, Lg:559662/1169) +M(C:0K, Fs:890, WS:192K # 236K, PF:60K # 104K, P:60K)
[9] 0.000560 +J(0)
[10] 0.008213 -0.006322 (10) WT +J(0) +M(C:0K, Fs:0, WS:-5116K # 0K, PF:-5128K # 0K, P:-5128K)
[11] 0.000022 +J(CM:0, PgRf:0, Rd:0/0, Dy:0/0, Lg:49/1) +M(C:0K, Fs:1, WS:4K # 0K, PF:0K # 0K, P:0K)
[12] 0.000037 +J(0)
[13] 0.037003 -0.001118 (2) CM -0.025152 (30) WT +J(CM:2, PgRf:2, Rd:0/2, Dy:0/0, Lg:8759/5) +M(C:-56K, Fs:1328, WS:-44K # 0K, PF:-116K # 0K, P:-116K)
[14] 0.000020 +J(0)
[15] 0.000019 +J(0)
[16] 0.000430 -0.000289 (1) WT +J(0) +M(C:0K, Fs:2, WS:0K # 0K, PF:0K # 0K, P:0K)."
"7/8/2026 10:41:45 PM","302","Information","ESENT","svchost (2436,U,98) AAP: The database engine has successfully completed recovery steps."
"7/8/2026 10:41:45 PM","301","Information","ESENT","svchost (2436,R,98) AAP: The database engine has finished replaying logfile C:\RemoteInstall\Mgmt\AAP.log. 
 
Processing Stats: 
[1] 0.134877 -0.115956 (50) WT +J(CM:0, PgRf:0, Rd:0/0, Dy:0/0, Lg:559662/1169) +M(C:0K, Fs:854, WS:56K # 100K, PF:52K # 88K, P:52K). 
Log record of type 'Insert   ' was seen most frequently (326 times)"
"7/8/2026 10:41:45 PM","335","Information","ESENT","svchost (2436,R,98) AAP: Replay of a Create for database ""C:\RemoteInstall\Mgmt\binlsvcdb.mdb"" at log position (00000001,0001,0268) was deferred due to AttachFuture.  Additional information:  "
"7/8/2026 10:41:45 PM","300","Information","ESENT","svchost (2436,R,98) AAP: The database engine is initiating recovery steps."
"7/8/2026 10:41:45 PM","102","Information","ESENT","svchost (2436,P,98) AAP: The database engine (10.00.20348.0000) is starting a new instance (2)."
"7/8/2026 10:41:45 PM","517","Information","WDSServer","Provider WdsImgSrv loaded from C:\Windows\system32\WdsImgSrv.dll and initialized successfully."
"7/8/2026 10:41:45 PM","256","Information","WDSIMGSRV","The Windows Deployment Services image server initialized successfully. 
"
"7/8/2026 10:41:44 PM","3408","Information","MSSQL$SQLEXPRESS","Recovery is complete. This is an informational message only. No user action is required."
"7/8/2026 10:41:44 PM","9688","Information","MSSQL$SQLEXPRESS","Service Broker manager has started."
"7/8/2026 10:41:44 PM","9666","Information","MSSQL$SQLEXPRESS","The Database Mirroring endpoint is in disabled or stopped state."
"7/8/2026 10:41:44 PM","9666","Information","MSSQL$SQLEXPRESS","The Service Broker endpoint is in disabled or stopped state."
"7/8/2026 10:41:44 PM","17137","Information","MSSQL$SQLEXPRESS","Starting up database 'tempdb'."
"7/8/2026 10:41:43 PM","17136","Information","MSSQL$SQLEXPRESS","Clearing tempdb database."
"7/8/2026 10:41:42 PM","17137","Information","MSSQL$SQLEXPRESS","Starting up database 'model'."
"7/8/2026 10:41:42 PM","26067","Information","MSSQL$SQLEXPRESS","The SQL Server Network Interface library could not register the Service Principal Name (SPN) [ MSSQLSvc/dc.scaffold.htb:52951 ] for the SQL Server service. Windows return code: 0x2098, state: 15. Failure to register a SPN might cause integrated authentication to use NTLM instead of Kerberos. This is an informational message. Further action is only required if Kerberos authentication is required by authentication policies and if the SPN has not been manually registered."
"7/8/2026 10:41:42 PM","26067","Information","MSSQL$SQLEXPRESS","The SQL Server Network Interface library could not register the Service Principal Name (SPN) [ MSSQLSvc/dc.scaffold.htb:SQLEXPRESS ] for the SQL Server service. Windows return code: 0x2098, state: 15. Failure to register a SPN might cause integrated authentication to use NTLM instead of Kerberos. This is an informational message. Further action is only required if Kerberos authentication is required by authentication policies and if the SPN has not been manually registered."
"7/8/2026 10:41:42 PM","26076","Information","MSSQL$SQLEXPRESS","SQL Server is attempting to register a Service Principal Name (SPN) for the SQL Server service. Kerberos authentication will not be possible until a SPN is registered for the SQL Server service. This is an informational message. No user action is required."
"7/8/2026 10:41:42 PM","17126","Information","MSSQL$SQLEXPRESS","SQL Server is now ready for client connections. This is an informational message; no user action is required."
"7/8/2026 10:41:42 PM","17199","Information","MSSQL$SQLEXPRESS","Dedicated administrator connection support was not started because it is disabled on this edition of SQL Server. If you want to use a dedicated administrator connection, restart SQL Server using the trace flag 7806. This is an informational message only. No user action is required."
"7/8/2026 10:41:42 PM","26048","Information","MSSQL$SQLEXPRESS","Server local connection provider is ready to accept connection on [ \\.\pipe\MSSQL$SQLEXPRESS\sql\query ]."
"7/8/2026 10:41:42 PM","26048","Information","MSSQL$SQLEXPRESS","Server local connection provider is ready to accept connection on [ \\.\pipe\SQLLocal\SQLEXPRESS ]."
"7/8/2026 10:41:42 PM","26022","Information","MSSQL$SQLEXPRESS","Server is listening on [ 'any' <ipv4> 52951]."
"7/8/2026 10:41:42 PM","26022","Information","MSSQL$SQLEXPRESS","Server is listening on [ 'any' <ipv6> 52951]."
"7/8/2026 10:41:42 PM","26018","Information","MSSQL$SQLEXPRESS","A self-generated certificate was successfully loaded for encryption."
"7/8/2026 10:41:41 PM","958","Information","MSSQL$SQLEXPRESS","The resource database build version is 15.00.2000. This is an informational message only. No user action is required."
"7/8/2026 10:41:41 PM","17137","Information","MSSQL$SQLEXPRESS","Starting up database 'mssqlsystemresource'."
"7/8/2026 10:41:41 PM","17137","Information","MSSQL$SQLEXPRESS","Starting up database 'msdb'."
"7/8/2026 10:41:41 PM","17663","Information","MSSQL$SQLEXPRESS","Server name is 'DC\SQLEXPRESS'. This is an informational message only. No user action is required."
"7/8/2026 10:41:41 PM","19030","Information","MSSQL$SQLEXPRESS","SQL Trace ID 1 was started by login ""sa""."
"7/8/2026 10:41:41 PM","33218","Information","MSSQL$SQLEXPRESS","SQL Server Audit has started the audits. This is an informational message. No user action is required."
"7/8/2026 10:41:40 PM","33217","Information","MSSQL$SQLEXPRESS","SQL Server Audit is starting the audits. This is an informational message. No user action is required."
"7/8/2026 10:41:40 PM","517","Information","WDSServer","Provider WDSDDPS loaded from C:\Windows\system32\wdsddps.dll and initialized successfully."
"7/8/2026 10:41:40 PM","326","Information","ESENT","svchost (2436,D,50) DDP: The database engine attached a database (3, C:\RemoteInstall\Stores\Drivers\Metadata\DdpDb.mdb). (Time=0 seconds) 
 
Saved Cache: 1 0 
Additional Data: lgposAttach = 00000001:00BB:0268,
dbv = 1568.180.400 (9360) 
 
Internal Timing Sequence: 
[1] 0.000005 +J(0)
[2] 0.002020 -0.001745 (1) WT +J(0) +M(C:0K, Fs:24, WS:32K # 0K, PF:32K # 0K, P:32K)
[3] 0.021954 -0.013825 (6) WT +J(CM:0, PgRf:0, Rd:0/0, Dy:0/0, Lg:3480/2) +M(C:0K, Fs:13, WS:20K # 0K, PF:20K # 0K, P:20K)
[4] 0.000130 +J(0)
[5] -
[6] -
[7] -
[8] 0.000330 +J(CM:0, PgRf:2, Rd:8/0, Dy:0/0, Lg:54/1) +M(C:48K, Fs:46, WS:184K # 0K, PF:68K # 0K, P:68K)
[9] 0.009199 -0.008955 (2) CM -0.008873 (2) WT +J(CM:2, PgRf:16, Rd:0/1, Dy:0/0, Lg:0/0) +M(C:-12K, Fs:9, WS:-40K # 0K, PF:-12K # 0K, P:-12K)
[10] 0.001431 -0.001279 (1) CM -0.001241 (1) WT +J(CM:1, PgRf:35, Rd:0/1, Dy:0/0, Lg:0/0) +M(C:-28K, Fs:9, WS:8K # 0K, PF:-28K # 0K, P:-28K)
[11] 0.000011 +J(CM:0, PgRf:1, Rd:0/0, Dy:0/0, Lg:0/0)
[12] 0.000039 +J(CM:0, PgRf:42, Rd:0/0, Dy:0/0, Lg:0/0)
[13] 0.0 +J(0)
[14] 0.0 +J(0)
[15] 0.000005 +J(CM:0, PgRf:1, Rd:0/0, Dy:0/0, Lg:0/0)."
"7/8/2026 10:41:40 PM","105","Information","ESENT","svchost (2436,D,0) DDP: The database engine started a new instance (1). (Time=1 seconds) 
 
Additional Data:
 lgposV2[] = 00000001:0001:0000 - 00000001:00B8:0319 - 00000001:00B9:0000 - 00000001:00B9:0000 (00000000:0000:0000)
cReInits = 35
 
 
Internal Timing Sequence: 
[1] -
[2] -
[3] 0.001436 +J(0) +M(C:0K, Fs:3, WS:12K # 12K, PF:0K # 0K, P:0K)
[4] 0.000137 +J(0) +M(C:0K, Fs:5, WS:20K # 20K, PF:136K # 0K, P:136K)
[5] 0.000760 +J(0) +M(C:0K, Fs:3, WS:12K # 12K, PF:12K # 0K, P:12K)
[6] 0.004334 +J(0) +M(C:0K, Fs:1, WS:4K # 4K, PF:12K # 0K, P:12K)
[7] 0.265290 -0.258378 (11) WT +J(0) +M(C:0K, Fs:1283, WS:5120K # 5120K, PF:5132K # 4380K, P:5132K)
[8] 0.394225 -0.336529 (53) WT +J(CM:0, PgRf:0, Rd:0/0, Dy:0/0, Lg:746238/1664) +M(C:0K, Fs:890, WS:192K # 236K, PF:64K # 108K, P:64K)
[9] 0.000607 +J(0)
[10] 0.023890 -0.021527 (10) WT +J(0) +M(C:0K, Fs:7, WS:-5088K # 0K, PF:-5124K # 0K, P:-5124K)
[11] 0.000027 +J(CM:0, PgRf:0, Rd:0/0, Dy:0/0, Lg:49/1) +M(C:0K, Fs:1, WS:4K # 0K, PF:0K # 0K, P:0K)
[12] 0.000043 +J(0)
[13] 0.393145 -0.004146 (2) CM -0.082956 (30) WT +J(CM:2, PgRf:2, Rd:0/2, Dy:0/0, Lg:8759/5) +M(C:72K, Fs:1319, WS:-80K # 0K, PF:16K # 0K, P:16K)
[14] 0.000018 +J(0)
[15] 0.000020 +J(0)
[16] 0.003436 -0.003275 (1) WT +J(0) +M(C:0K, Fs:2, WS:0K # 0K, PF:0K # 0K, P:0K)."
"7/8/2026 10:41:40 PM","302","Information","ESENT","svchost (2436,U,98) DDP: The database engine has successfully completed recovery steps."
"7/8/2026 10:41:39 PM","301","Information","ESENT","svchost (2436,R,98) DDP: The database engine has finished replaying logfile C:\RemoteInstall\Stores\Drivers\Metadata\DDP.log. 
 
Processing Stats: 
[1] 0.355990 -0.328128 (50) WT +J(CM:0, PgRf:0, Rd:0/0, Dy:0/0, Lg:746238/1664) +M(C:0K, Fs:855, WS:60K # 104K, PF:56K # 92K, P:56K). 
Log record of type 'Insert   ' was seen most frequently (479 times)"
"7/8/2026 10:41:39 PM","335","Information","ESENT","svchost (2436,R,98) DDP: Replay of a Create for database ""C:\RemoteInstall\Stores\Drivers\Metadata\DdpDb.mdb"" at log position (00000001,0001,0268) was deferred due to AttachFuture.  Additional information:  "
"7/8/2026 10:41:39 PM","300","Information","ESENT","svchost (2436,R,98) DDP: The database engine is initiating recovery steps."
"7/8/2026 10:41:39 PM","102","Information","ESENT","svchost (2436,P,98) DDP: The database engine (10.00.20348.0000) is starting a new instance (1)."
"7/8/2026 10:41:39 PM","517","Information","WDSServer","Provider WDSDCPXE loaded from C:\Windows\system32\wdsdcpxe.dll and initialized successfully."
"7/8/2026 10:41:39 PM","517","Information","WDSServer","Provider WDSDCMGR loaded from C:\Windows\system32\wdsdcmgr.dll and initialized successfully."
"7/8/2026 10:41:37 PM","17137","Information","MSSQL$SQLEXPRESS","Starting up database 'master'."
"7/8/2026 10:41:36 PM","6253","Information","MSSQL$SQLEXPRESS","Common language runtime (CLR) functionality initialized using CLR version v4.0.30319 from C:\Windows\Microsoft.NET\Framework64\v4.0.30319\."
"7/8/2026 10:41:36 PM","49910","Information","MSSQL$SQLEXPRESS","Software Usage Metrics is disabled."
"7/8/2026 10:41:36 PM","9048","Information","MSSQL$SQLEXPRESS","clwb is selected for pmem flush operation."
"7/8/2026 10:41:36 PM","1000","Information","VGAuth","vmtoolsd: Username and password mismatch for 'Administrator'"
"7/8/2026 10:41:36 PM","49921","Information","MSSQL$SQLEXPRESS","Total Log Writer threads: 1. This is an informational message; no user action is required."
"7/8/2026 10:41:36 PM","17118","Information","MSSQL$SQLEXPRESS","Database Instant File Initialization: disabled. For security and performance considerations see the topic 'Database Instant File Initialization' in SQL Server Books Online. This is an informational message only. No user action is required."
"7/8/2026 10:41:35 PM","1023","Error","Microsoft-Windows-Perflib","Windows cannot load the extensible counter DLL ""C:\Windows\system32\ntdsperf.dll"" (Win32 error code The specified module could not be found.)."
"7/8/2026 10:41:32 PM","17125","Information","MSSQL$SQLEXPRESS","Using dynamic lock allocation.  Initial allocation of 2500 Lock blocks and 5000 Lock Owner blocks per node.  This is an informational message only.  No user action is required."
"7/8/2026 10:41:31 PM","17152","Information","MSSQL$SQLEXPRESS","Node configuration: node 0: CPU mask: 0x0000000000000003:0 Active CPU mask: 0x0000000000000003:0. This message provides a description of the NUMA configuration for this computer. This is an informational message only. No user action is required."
"7/8/2026 10:41:31 PM","17176","Information","MSSQL$SQLEXPRESS","This instance of SQL Server last reported using a process ID of 5100 at 6/2/2026 7:29:57 AM (local) 6/2/2026 2:29:57 PM (UTC). This is an informational message only; no user action is required."
"7/8/2026 10:41:30 PM","17811","Information","MSSQL$SQLEXPRESS","The maximum number of dedicated administrator connections for this instance is '1'"
"7/8/2026 10:41:30 PM","66","Error","Microsoft-Windows-CertificationAuthority","Active Directory Certificate Services could not publish a Delta CRL for key 0 to the following location: ldap:///CN=scaffold-DC-CA,CN=dc,CN=CDP,CN=Public Key Services,CN=Services,CN=Configuration,DC=scaffold,DC=htb.  Operation aborted 0x80004004 (-2147467260 E_ABORT)."
"7/8/2026 10:41:30 PM","65","Error","Microsoft-Windows-CertificationAuthority","Active Directory Certificate Services could not publish a Base CRL for key 0 to the following location: ldap:///CN=scaffold-DC-CA,CN=dc,CN=CDP,CN=Public Key Services,CN=Services,CN=Configuration,DC=scaffold,DC=htb.  The specified server cannot perform the requested operation. 0x8007003a (WIN32: 58 ERROR_BAD_NET_RESP)."
"7/8/2026 10:41:29 PM","26","Information","Microsoft-Windows-CertificationAuthority","Active Directory Certificate Services for scaffold-DC-CA was started.  DC="
"7/8/2026 10:41:29 PM","44","Error","Microsoft-Windows-CertificationAuthority","The ""Windows default"" Policy Module ""Initialize"" method returned an error. The specified domain either does not exist or could not be contacted. The returned status code is 0x8007054b (1355).  The Active Directory containing the Certification Authority could not be contacted.
"
"7/8/2026 10:41:29 PM","94","Warning","Microsoft-Windows-CertificationAuthority","Active Directory Certificate Services scaffold-DC-CA can not open the certificate store at CN=NTAuthCertificates,CN=Public Key Services,CN=Services in the Active Directory's configuration container."
"7/8/2026 10:41:25 PM","1000","Information","VGAuth","vmtoolsd: Username and password mismatch for 'Administrator'"
"7/8/2026 10:41:22 PM","873","Information","MSSQL$SQLEXPRESS","Buffer pool extension is already disabled. No action is necessary."
"7/8/2026 10:41:21 PM","271","Information","VMUpgradeHelper","Restored network configuration."
"7/8/2026 10:41:21 PM","4202","Information","Microsoft-Windows-MSDTC 2","MSDTC started with the following settings: Security Configuration (OFF = 0 and ON = 1): Allow Remote Administrator = 0, Network Clients = 0, Transaction Manager Communication:  Allow Inbound Transactions = 0, Allow Outbound Transactions = 0, Transaction Internet Protocol (TIP) = 0,  Enable XA Transactions = 0,  Enable SNA LU 6.2 Transactions = 1,  MSDTC Communications Security = Mutual Authentication Required, Account = NT AUTHORITY\NetworkService,  Firewall Exclusion Detected = 0 Transaction Bridge Installed = 0 Filtering Duplicate Events = 1"
"7/8/2026 10:41:20 PM","258","Information","VMUpgradeHelper","Restoring network configuration."
"7/8/2026 10:41:18 PM","49917","Information","MSSQL$SQLEXPRESS","Default collation: SQL_Latin1_General_CP1_CI_AS (us_english 1033)"
"7/8/2026 10:41:18 PM","781","Information","Microsoft-Windows-Complus","The COM+ sub system is suppressing duplicate event log entries for a duration of 86400 seconds.  The suppression timeout can be controlled by a REG_DWORD value named SuppressDuplicateDuration under the following registry key: HKLM\Software\Microsoft\COM3\Eventlog."
"7/8/2026 10:41:17 PM","772","Error","WDSServer","An error occurred while trying to create the UDP endpoint for WDSTFTP provider on interface fe80::1144:abe9:3df4:5705:49679. This can happen if the network interface was disabled or changed, or some other application is already using the port. The provider  will not be able to receive requests on this interface. 
 
 Error Information: 0x2740 
"
"7/8/2026 10:41:17 PM","772","Error","WDSServer","An error occurred while trying to create the UDP endpoint for WDSTFTP provider on interface dead:beef::1144:abe9:3df4:5705:49679. This can happen if the network interface was disabled or changed, or some other application is already using the port. The provider  will not be able to receive requests on this interface. 
 
 Error Information: 0x2740 
"
"7/8/2026 10:41:17 PM","772","Error","WDSServer","An error occurred while trying to create the UDP endpoint for WDSTFTP provider on interface fe80::1144:abe9:3df4:5705:49678. This can happen if the network interface was disabled or changed, or some other application is already using the port. The provider  will not be able to receive requests on this interface. 
 
 Error Information: 0x2740 
"
"7/8/2026 10:41:17 PM","772","Error","WDSServer","An error occurred while trying to create the UDP endpoint for WDSTFTP provider on interface dead:beef::1144:abe9:3df4:5705:49678. This can happen if the network interface was disabled or changed, or some other application is already using the port. The provider  will not be able to receive requests on this interface. 
 
 Error Information: 0x2740 
"
"7/8/2026 10:41:17 PM","772","Error","WDSServer","An error occurred while trying to create the UDP endpoint for WDSTFTP provider on interface fe80::1144:abe9:3df4:5705:49677. This can happen if the network interface was disabled or changed, or some other application is already using the port. The provider  will not be able to receive requests on this interface. 
 
 Error Information: 0x2740 
"
"7/8/2026 10:41:17 PM","772","Error","WDSServer","An error occurred while trying to create the UDP endpoint for WDSTFTP provider on interface dead:beef::1144:abe9:3df4:5705:49677. This can happen if the network interface was disabled or changed, or some other application is already using the port. The provider  will not be able to receive requests on this interface. 
 
 Error Information: 0x2740 
"
"7/8/2026 10:41:17 PM","772","Error","WDSServer","An error occurred while trying to create the UDP endpoint for WDSTFTP provider on interface fe80::1144:abe9:3df4:5705:49674. This can happen if the network interface was disabled or changed, or some other application is already using the port. The provider  will not be able to receive requests on this interface. 
 
 Error Information: 0x2740 
"
"7/8/2026 10:41:17 PM","772","Error","WDSServer","An error occurred while trying to create the UDP endpoint for WDSTFTP provider on interface dead:beef::1144:abe9:3df4:5705:49674. This can happen if the network interface was disabled or changed, or some other application is already using the port. The provider  will not be able to receive requests on this interface. 
 
 Error Information: 0x2740 
"
"7/8/2026 10:41:17 PM","772","Error","WDSServer","An error occurred while trying to create the UDP endpoint for WDSTFTP provider on interface fe80::1144:abe9:3df4:5705:49673. This can happen if the network interface was disabled or changed, or some other application is already using the port. The provider  will not be able to receive requests on this interface. 
 
 Error Information: 0x2740 
"
"7/8/2026 10:41:17 PM","772","Error","WDSServer","An error occurred while trying to create the UDP endpoint for WDSTFTP provider on interface dead:beef::1144:abe9:3df4:5705:49673. This can happen if the network interface was disabled or changed, or some other application is already using the port. The provider  will not be able to receive requests on this interface. 
 
 Error Information: 0x2740 
"
"7/8/2026 10:41:17 PM","772","Error","WDSServer","An error occurred while trying to create the UDP endpoint for WDSTFTP provider on interface fe80::1144:abe9:3df4:5705:49672. This can happen if the network interface was disabled or changed, or some other application is already using the port. The provider  will not be able to receive requests on this interface. 
 
 Error Information: 0x2740 
"
"7/8/2026 10:41:17 PM","772","Error","WDSServer","An error occurred while trying to create the UDP endpoint for WDSTFTP provider on interface dead:beef::1144:abe9:3df4:5705:49672. This can happen if the network interface was disabled or changed, or some other application is already using the port. The provider  will not be able to receive requests on this interface. 
 
 Error Information: 0x2740 
"
"7/8/2026 10:41:17 PM","772","Error","WDSServer","An error occurred while trying to create the UDP endpoint for WDSTFTP provider on interface fe80::1144:abe9:3df4:5705:49671. This can happen if the network interface was disabled or changed, or some other application is already using the port. The provider  will not be able to receive requests on this interface. 
 
 Error Information: 0x2740 
"
"7/8/2026 10:41:17 PM","772","Error","WDSServer","An error occurred while trying to create the UDP endpoint for WDSTFTP provider on interface dead:beef::1144:abe9:3df4:5705:49671. This can happen if the network interface was disabled or changed, or some other application is already using the port. The provider  will not be able to receive requests on this interface. 
 
 Error Information: 0x2740 
"
"7/8/2026 10:41:17 PM","772","Error","WDSServer","An error occurred while trying to create the UDP endpoint for WDSTFTP provider on interface fe80::1144:abe9:3df4:5705:49670. This can happen if the network interface was disabled or changed, or some other application is already using the port. The provider  will not be able to receive requests on this interface. 
 
 Error Information: 0x2740 
"
"7/8/2026 10:41:17 PM","772","Error","WDSServer","An error occurred while trying to create the UDP endpoint for WDSTFTP provider on interface dead:beef::1144:abe9:3df4:5705:49670. This can happen if the network interface was disabled or changed, or some other application is already using the port. The provider  will not be able to receive requests on this interface. 
 
 Error Information: 0x2740 
"
"7/8/2026 10:41:16 PM","0","Information","Microsoft Deployment Toolkit Monitor Service","Service started successfully."
"7/8/2026 10:41:15 PM","9027","Information","Desktop Window Manager","The Desktop Window Manager has registered the session port."
"7/8/2026 10:41:15 PM","894","Information","MSSQL$SQLEXPRESS","Buffer Pool: Allocating 1048576 bytes for 629995 hashPages."
"7/8/2026 10:41:14 PM","852","Information","MSSQL$SQLEXPRESS","Using conventional memory in the memory manager."
"7/8/2026 10:41:14 PM","49903","Information","MSSQL$SQLEXPRESS","Detected 4095 MB of RAM. This is an informational message; no user action is required."
"7/8/2026 10:41:14 PM","17162","Information","MSSQL$SQLEXPRESS","SQL Server is starting at normal priority base (=7). This is an informational message only. No user action is required."
"7/8/2026 10:41:14 PM","17164","Information","MSSQL$SQLEXPRESS","SQL Server detected 1 sockets with 2 cores per socket and 2 logical processors per socket, 2 total logical processors; using 2 logical processors based on SQL Server licensing. This is an informational message; no user action is required."
"7/8/2026 10:41:13 PM","5617","Information","Microsoft-Windows-WMI","Windows Management Instrumentation Service subsystems initialized successfully"
"7/8/2026 10:41:14 PM","17115","Information","MSSQL$SQLEXPRESS","Command Line Startup Parameters:
	 -s ""SQLEXPRESS"""
"7/8/2026 10:41:14 PM","17110","Information","MSSQL$SQLEXPRESS","Registry startup parameters: 
	 -d C:\Program Files\Microsoft SQL Server\MSSQL15.SQLEXPRESS\MSSQL\DATA\master.mdf
	 -e C:\Program Files\Microsoft SQL Server\MSSQL15.SQLEXPRESS\MSSQL\Log\ERRORLOG
	 -l C:\Program Files\Microsoft SQL Server\MSSQL15.SQLEXPRESS\MSSQL\DATA\mastlog.ldf"
"7/8/2026 10:41:14 PM","49904","Information","MSSQL$SQLEXPRESS","The service account is 'NT Service\MSSQL$SQLEXPRESS'. This is an informational message; no user action is required."
"7/8/2026 10:41:14 PM","17111","Information","MSSQL$SQLEXPRESS","Logging SQL Server messages in file 'C:\Program Files\Microsoft SQL Server\MSSQL15.SQLEXPRESS\MSSQL\Log\ERRORLOG'."
"7/8/2026 10:41:14 PM","15268","Information","MSSQL$SQLEXPRESS","Authentication mode is MIXED."
"7/8/2026 10:41:14 PM","18496","Information","MSSQL$SQLEXPRESS","System Manufacturer: 'VMware, Inc.', System Model: 'VMware20,1'."
"7/8/2026 10:41:14 PM","17104","Information","MSSQL$SQLEXPRESS","Server process ID is 3448."
"7/8/2026 10:41:14 PM","17103","Information","MSSQL$SQLEXPRESS","All rights reserved."
"7/8/2026 10:41:14 PM","17101","Information","MSSQL$SQLEXPRESS","(c) Microsoft Corporation."
"7/8/2026 10:41:14 PM","49916","Information","MSSQL$SQLEXPRESS","UTC adjustment: -7:00"
"7/8/2026 10:41:14 PM","17069","Information","MSSQL$SQLEXPRESS","Microsoft SQL Server 2019 (RTM) - 15.0.2000.5 (X64) 
	Sep 24 2019 13:48:23 
	Copyright (C) 2019 Microsoft Corporation
	Express Edition (64-bit) on Windows Server 2022 Standard Evaluation 10.0 <X64> (Build 20348: ) (Hypervisor)
"
"7/8/2026 10:41:13 PM","326","Information","ESENT","certsrv.exe (2732,D,50) The database engine attached a database (1, C:\Windows\system32\CertLog\scaffold-DC-CA.edb). (Time=0 seconds) 
 
Saved Cache: 0 0 
Additional Data: lgposAttach = 00000004:00DB:0268,
dbv = 1568.180.400 (9360) 
 
Internal Timing Sequence: 
[1] 0.000006 +J(0) +M(C:0K, Fs:1, WS:4K # 0K, PF:0K # 0K, P:0K)
[2] 0.001719 -0.001395 (1) WT +J(0) +M(C:0K, Fs:18, WS:8K # 0K, PF:4K # 0K, P:4K)
[3] 0.424181 -0.414943 (6) WT +J(CM:0, PgRf:0, Rd:0/0, Dy:0/0, Lg:3480/2) +M(C:0K, Fs:27, WS:96K # 0K, PF:124K # 0K, P:124K)
[4] 0.000531 +J(0)
[5] -
[6] -
[7] -
[8] 0.001243 -0.000934 (2) CM -0.000846 (2) WT +J(CM:2, PgRf:2, Rd:14/2, Dy:0/0, Lg:54/1) +M(C:0K, Fs:39, WS:156K # 0K, PF:148K # 0K, P:148K)
[9] 0.001777 -0.001415 (3) CM -0.001307 (3) WT +J(CM:3, PgRf:23, Rd:0/2, Dy:0/0, Lg:0/0) +M(C:0K, Fs:33, WS:132K # 0K, PF:220K # 0K, P:220K)
[10] 0.000389 -0.000217 (1) CM -0.000157 (1) WT +J(CM:1, PgRf:40, Rd:0/1, Dy:0/0, Lg:0/0) +M(C:0K, Fs:6, WS:24K # 0K, PF:64K # 0K, P:64K)
[11] 0.000021 +J(CM:0, PgRf:1, Rd:0/0, Dy:0/0, Lg:0/0) +M(C:0K, Fs:4, WS:16K # 0K, PF:0K # 0K, P:0K)
[12] 0.000046 +J(CM:0, PgRf:42, Rd:0/0, Dy:0/0, Lg:0/0) +M(C:0K, Fs:1, WS:4K # 0K, PF:0K # 0K, P:0K)
[13] 0.000001 +J(0)
[14] 0.0 +J(0)
[15] 0.000005 +J(CM:0, PgRf:1, Rd:0/0, Dy:0/0, Lg:0/0)."
"7/8/2026 10:41:12 PM","105","Information","ESENT","certsrv.exe (2732,D,0) The database engine started a new instance (0). (Time=0 seconds) 
 
Additional Data:
  
 
Internal Timing Sequence: 
[1] 0.281613 +J(0) +M(C:0K, Fs:177, WS:696K # 696K, PF:2892K # 2624K, P:2892K)
[2] 0.001314 +J(0) +M(C:3200K, Fs:138, WS:540K # 540K, PF:3664K # 3664K, P:3664K)
[3] 0.000020 +J(0) +M(C:0K, Fs:3, WS:12K # 12K, PF:64K # 64K, P:64K)
[4] 0.000137 +J(0) +M(C:0K, Fs:21, WS:80K # 80K, PF:508K # 508K, P:508K)
[5] 0.002020 +J(0) +M(C:0K, Fs:8, WS:32K # 32K, PF:20K # 20K, P:20K)
[6] 0.005735 +J(0) +M(C:0K, Fs:29, WS:116K # 116K, PF:12K # 12K, P:12K)
[7] 0.016384 -0.012721 (3) WT +J(0) +M(C:0K, Fs:275, WS:1096K # 1096K, PF:1028K # 1028K, P:1028K)
[8] -
[9] -
[10] -
[11] -
[12] -
[13] 0.052311 -0.008698 (4) WT +J(CM:0, PgRf:0, Rd:0/0, Dy:0/0, Lg:616/1) +M(C:0K, Fs:6, WS:-1008K # 16K, PF:-1024K # 12K, P:-1024K)
[14] 0.000022 +J(0)
[15] 0.000179 +J(0) +M(C:0K, Fs:100, WS:400K # 0K, PF:64K # 0K, P:64K)
[16] 0.000929 -0.000699 (1) WT +J(0) +M(C:0K, Fs:3, WS:4K # 0K, PF:0K # 0K, P:0K)."
"7/8/2026 10:41:12 PM","102","Information","ESENT","certsrv.exe (2732,P,98) The database engine (10.00.20348.0000) is starting a new instance (0)."
"7/8/2026 10:41:12 PM","100",,"WLMS",
"7/8/2026 10:41:11 PM","902","Information","Microsoft-Windows-Security-SPP","The Software Protection service has started.
10.0.20348.587"
"7/8/2026 10:41:11 PM","1003","Information","Microsoft-Windows-Security-SPP","The Software Protection service has completed licensing status check.
Application Id=55c92734-d682-4d71-983e-d6ec3f16059f
Licensing Status=
1: c1a197b6-ba5e-4394-b9bf-b659a6c1b873, 1, 1 [(0 [0xC004E003, 0, 0], [( 2 0xC004F00F 0 0 msft:rm/algorithm/hwid/4.0 0x00000000 0)( 1 0x00000000)(?)( 2 0xC004F00F 0 0 msft:rm/algorithm/hwid/4.0 0x00000000 0)(?)(?)( 10 0x00000000 msft:rm/algorithm/flags/1.0)(?)])(1 )(2 )(3 [0x00000000, 0, 0], [( 6 0xC004F009 10 0)( 1 0x00000000)( 6 0xC004F009 10 0)(?)(?)(?)( 10 0x00000000 msft:rm/algorithm/flags/1.0)( 11 0x00000000 0xC004F00F)])]

"
"7/8/2026 10:41:10 PM","91","Error","Microsoft-Windows-CertificationAuthority","Could not connect to the Active Directory.  Active Directory Certificate Services will retry when processing requires Active Directory access."
"7/8/2026 10:41:11 PM","1040","Information","Microsoft-Windows-Security-SPP","Hardware has changed from previous boot.
 AppId=55c92734-d682-4d71-983e-d6ec3f16059f, SkuId=c1a197b6-ba5e-4394-b9bf-b659a6c1b873."
"7/8/2026 10:41:10 PM","1066","Information","Microsoft-Windows-Security-SPP","Initialization status for service objects.
C:\Windows\system32\sppwinob.dll, msft:spp/windowsfunctionality/agent/7.0, 0x00000000, 0x00000000
C:\Windows\system32\sppobjs.dll, msft:rm/algorithm/inherited/1.0, 0x00000000, 0x00000000
C:\Windows\system32\sppobjs.dll, msft:rm/algorithm/phone/1.0, 0x00000000, 0x00000000
C:\Windows\system32\sppobjs.dll, msft:rm/algorithm/pkey/detect, 0x00000000, 0x00000000
C:\Windows\system32\sppobjs.dll, msft:spp/ActionScheduler/1.0, 0x00000000, 0x00000000
C:\Windows\system32\sppobjs.dll, msft:spp/TaskScheduler/1.0, 0x00000000, 0x00000000
C:\Windows\system32\sppobjs.dll, msft:spp/statecollector/pkey, 0x00000000, 0x00000000
C:\Windows\system32\sppobjs.dll, msft:spp/volume/services/kms/1.0, 0x00000000, 0x00000000
C:\Windows\system32\sppobjs.dll, msft:spp/volume/services/kms/activationinfo/1.0, 0x00000000, 0x00000000
"
"7/8/2026 10:41:10 PM","517","Information","WDSServer","Provider WDSTFTP loaded from C:\Windows\system32\wdstftp.dll and initialized successfully."
"7/8/2026 10:41:10 PM","16394","Information","Microsoft-Windows-Security-SPP","Offline downlevel migration succeeded."
"7/8/2026 10:41:10 PM","517","Information","WDSServer","Provider WDSMDMGR loaded from C:\Windows\system32\wdsmdmgr.dll and initialized successfully."
"7/8/2026 10:41:10 PM","326","Information","ESENT","svchost (2436,D,50) WDS: The database engine attached a database (1, C:\RemoteInstall\Stores\Metadata\WDSMD.mdb). (Time=0 seconds) 
 
Saved Cache: 1 0 
Additional Data: lgposAttach = 00000001:0083:0268,
dbv = 1568.180.400 (9360) 
 
Internal Timing Sequence: 
[1] 0.000002 +J(0)
[2] 0.002537 -0.002346 (1) WT +J(0) +M(C:0K, Fs:24, WS:32K # 0K, PF:32K # 0K, P:32K)
[3] 0.071254 -0.064108 (6) WT +J(CM:0, PgRf:0, Rd:0/0, Dy:0/0, Lg:3480/2) +M(C:0K, Fs:14, WS:24K # 0K, PF:20K # 0K, P:20K)
[4] 0.000084 +J(0)
[5] -
[6] -
[7] -
[8] 0.023812 -0.023572 (2) CM -0.023493 (2) WT +J(CM:2, PgRf:2, Rd:4/2, Dy:0/0, Lg:54/1) +M(C:120K, Fs:46, WS:128K # 0K, PF:140K # 0K, P:140K)
[9] 0.068444 -0.068164 (3) CM -0.068045 (3) WT +J(CM:3, PgRf:16, Rd:0/2, Dy:0/0, Lg:0/0) +M(C:-16K, Fs:40, WS:80K # 0K, PF:208K # 0K, P:208K)
[10] 0.004938 -0.004849 (1) CM -0.004809 (1) WT +J(CM:1, PgRf:35, Rd:0/1, Dy:0/0, Lg:0/0) +M(C:-28K, Fs:5, WS:-12K # 0K, PF:40K # 0K, P:40K)
[11] 0.000012 +J(CM:0, PgRf:1, Rd:0/0, Dy:0/0, Lg:0/0) +M(C:0K, Fs:3, WS:12K # 0K, PF:0K # 0K, P:0K)
[12] 0.000027 +J(CM:0, PgRf:42, Rd:0/0, Dy:0/0, Lg:0/0) +M(C:0K, Fs:1, WS:4K # 0K, PF:0K # 0K, P:0K)
[13] 0.0 +J(0)
[14] 0.0 +J(0)
[15] 0.000003 +J(CM:0, PgRf:1, Rd:0/0, Dy:0/0, Lg:0/0)."
"7/8/2026 10:41:10 PM","105","Information","ESENT","svchost (2436,D,0) WDS: The database engine started a new instance (0). (Time=0 seconds) 
 
Additional Data:
 lgposV2[] = 00000001:0001:0000 - 00000001:0080:0309 - 00000001:0081:0000 - 00000001:0081:0000 (00000000:0000:0000)
cReInits = 35
 
 
Internal Timing Sequence: 
[1] 0.001013 +J(0) +M(C:0K, Fs:179, WS:700K # 700K, PF:4512K # 4512K, P:4512K)
[2] 0.000612 +J(0) +M(C:64K, Fs:148, WS:584K # 584K, PF:1252K # 1252K, P:1252K)
[3] 0.001925 +J(0) +M(C:0K, Fs:10, WS:36K # 36K, PF:68K # 72K, P:68K)
[4] 0.000190 +J(0) +M(C:0K, Fs:22, WS:88K # 88K, PF:228K # 224K, P:228K)
[5] 0.000731 +J(0) +M(C:0K, Fs:9, WS:36K # 36K, PF:16K # 16K, P:16K)
[6] 0.004517 +J(0) +M(C:0K, Fs:23, WS:92K # 92K, PF:12K # 12K, P:12K)
[7] 0.029415 -0.019654 (11) WT +J(0) +M(C:0K, Fs:1299, WS:5188K # 5188K, PF:5128K # 5128K, P:5128K)
[8] 0.124433 -0.088123 (53) WT +J(CM:0, PgRf:0, Rd:0/0, Dy:0/0, Lg:519092/1002) +M(C:0K, Fs:941, WS:392K # 424K, PF:248K # 280K, P:248K)
[9] 0.000604 +J(0) +M(C:0K, Fs:4, WS:16K # 0K, PF:4K # 0K, P:4K)
[10] 0.010774 -0.008953 (10) WT +J(0) +M(C:0K, Fs:0, WS:-5116K # 0K, PF:-5120K # 0K, P:-5120K)
[11] 0.000037 +J(CM:0, PgRf:0, Rd:0/0, Dy:0/0, Lg:49/1) +M(C:0K, Fs:2, WS:8K # 0K, PF:0K # 0K, P:0K)
[12] 0.000034 +J(0)
[13] 0.281786 -0.006304 (2) CM -0.109314 (31) WT +J(CM:2, PgRf:2, Rd:0/2, Dy:0/0, Lg:8759/5) +M(C:-56K, Fs:1350, WS:44K # 40K, PF:76K # 64K, P:76K)
[14] 0.000027 +J(0)
[15] 0.000045 +J(0)
[16] 0.001376 -0.001207 (1) WT +J(0) +M(C:0K, Fs:2, WS:0K # 0K, PF:0K # 0K, P:0K)."
"7/8/2026 10:41:10 PM","302","Information","ESENT","svchost (2436,U,98) WDS: The database engine has successfully completed recovery steps."
"7/8/2026 10:41:09 PM","301","Information","ESENT","svchost (2436,R,98) WDS: The database engine has finished replaying logfile C:\RemoteInstall\Stores\Metadata\WDS.log. 
 
Processing Stats: 
[1] 0.108593 -0.086619 (50) WT +J(CM:0, PgRf:0, Rd:0/0, Dy:0/0, Lg:519092/1002) +M(C:0K, Fs:899, WS:232K # 264K, PF:168K # 200K, P:168K). 
Log record of type 'Insert   ' was seen most frequently (277 times)"
"7/8/2026 10:41:09 PM","900","Information","Microsoft-Windows-Security-SPP","The Software Protection service is starting.
Parameters:TriggerStarted:6"
"7/8/2026 10:41:09 PM","335","Information","ESENT","svchost (2436,R,98) WDS: Replay of a Create for database ""C:\RemoteInstall\Stores\Metadata\WDSMD.mdb"" at log position (00000001,0001,0268) was deferred due to AttachFuture.  Additional information:  "
"7/8/2026 10:41:09 PM","5615","Information","Microsoft-Windows-WMI","Windows Management Instrumentation Service started sucessfully"
"7/8/2026 10:41:09 PM","300","Information","ESENT","svchost (2436,R,98) WDS: The database engine is initiating recovery steps."
"7/8/2026 10:41:09 PM","102","Information","ESENT","svchost (2436,P,98) WDS: The database engine (10.00.20348.0000) is starting a new instance (0)."
"7/8/2026 10:41:09 PM","517","Information","WDSServer","Provider WDSMC loaded from C:\Windows\system32\wdsmc.dll and initialized successfully."
"7/8/2026 10:41:09 PM","1025","Information","WDSServer","The RPC server started on TCP port 5040. 
"
"7/8/2026 10:41:09 PM","105","Information","VMTools","The service was started."
"7/8/2026 10:40:59 PM","1531","Information","Microsoft-Windows-User Profiles Service","The User Profile Service has started successfully.  

"
"6/2/2026 7:29:57 AM","38","Information","Microsoft-Windows-CertificationAuthority","Active Directory Certificate Services for scaffold-DC-CA was stopped."
"6/2/2026 7:29:57 AM","1532","Information","Microsoft-Windows-User Profiles Service","The User Profile Service has stopped.  

"
"6/2/2026 7:29:57 AM","13","Error","VSS","Volume Shadow Copy Service information: The COM Server with CLSID {4e14fba2-2e22-11d1-9964-00c04fbbb345} and name CEventSystem cannot be started. [0x8007045b, A system shutdown is in progress.
] "
"6/2/2026 7:29:57 AM","903","Information","Microsoft-Windows-Security-SPP","The Software Protection service has stopped.
"
"6/2/2026 7:29:57 AM","0","Information","Microsoft Deployment Toolkit Monitor Service","Service has been successfully shut down."
"6/2/2026 7:29:57 AM","4111","Information","Microsoft-Windows-MSDTC","The MS DTC service is stopping."
"6/2/2026 7:29:57 AM","17147","Information","MSSQL$SQLEXPRESS","SQL Server is terminating because of a system shutdown. This is an informational message only. No user action is required."
"6/2/2026 7:29:57 AM","108","Information","VMTools","The service was stopped."
"6/2/2026 7:29:57 AM","272","Information","VMUpgradeHelper","Saved network configuration."
"6/2/2026 7:29:57 AM","260","Information","VMUpgradeHelper","Saving network configuration."
"6/2/2026 7:29:57 AM","6000","Information","Microsoft-Windows-Winlogon","The winlogon notification subscriber <SessionEnv> was unavailable to handle a notification event."
"6/2/2026 7:29:57 AM","6000","Information","Microsoft-Windows-Winlogon","The winlogon notification subscriber <WSearch> was unavailable to handle a notification event."
"6/2/2026 7:20:01 AM","0","Information","edgeupdate","Service stopped."
"6/2/2026 7:19:18 AM","326","Information","ESENT","svchost (7728,D,50) DS_Token_DB: The database engine attached a database (1, C:\Windows\system32\config\systemprofile\AppData\Local\DataSharing\Storage\DSTokenDB2.dat). (Time=0 seconds) 
 
Saved Cache: 1 0 
Additional Data: lgposAttach = 00000004:0009:0268,
dbv = 1568.180.400 (9360) 
 
Internal Timing Sequence: 
[1] 0.000003 +J(0)
[2] 0.000336 -0.000124 (1) WT +J(0) +M(C:0K, Fs:17, WS:4K # 4K, PF:4K # 0K, P:4K)
[3] 0.002131 -0.000540 (6) WT +J(CM:0, PgRf:0, Rd:0/0, Dy:0/0, Lg:3480/2) +M(C:0K, Fs:7, WS:24K # 0K, PF:20K # 0K, P:20K)
[4] 0.000109 +J(0)
[5] -
[6] -
[7] -
[8] 0.000384 -0.000234 (2) CM -0.000127 (2) WT +J(CM:2, PgRf:2, Rd:4/2, Dy:0/0, Lg:54/1) +M(C:8K, Fs:3, WS:12K # 0K, PF:28K # 0K, P:28K)
[9] 0.000870 -0.000638 (3) CM -0.000487 (3) WT +J(CM:3, PgRf:23, Rd:0/3, Dy:0/0, Lg:0/0) +M(C:0K, Fs:32, WS:120K # 96K, PF:200K # 192K, P:200K)
[10] 0.000481 -0.000379 (3) CM -0.000244 (3) WT +J(CM:3, PgRf:40, Rd:0/3, Dy:0/0, Lg:0/0) +M(C:0K, Fs:4, WS:16K # 12K, PF:64K # 56K, P:64K)
[11] 0.000134 -0.000107 (1) CM -0.000058 (1) WT +J(CM:1, PgRf:1, Rd:0/1, Dy:0/0, Lg:0/0) +M(C:0K, Fs:3, WS:12K # 12K, PF:0K # 0K, P:0K)
[12] 0.000167 -0.000124 (1) CM -0.000077 (1) WT +J(CM:1, PgRf:42, Rd:0/1, Dy:0/0, Lg:0/0) +M(C:0K, Fs:5, WS:20K # 20K, PF:0K # 0K, P:0K)
[13] 0.000001 +J(0)
[14] 0.0 +J(0)
[15] 0.000108 -0.000097 (1) CM -0.000059 (1) WT +J(CM:1, PgRf:1, Rd:0/1, Dy:0/0, Lg:0/0)."
"6/2/2026 7:19:18 AM","105","Information","ESENT","svchost (7728,D,0) DS_Token_DB: The database engine started a new instance (0). (Time=0 seconds) 
 
Additional Data:
 lgposV2[] = 00000004:0001:0000 - 00000004:0006:0039 - 00000004:0007:0000 - 00000004:0007:0000 (00000000:0000:0000)
cReInits = 2
 
 
Internal Timing Sequence: 
[1] 0.000911 +J(0) +M(C:0K, Fs:210, WS:828K # 828K, PF:3400K # 3400K, P:3400K)
[2] 0.000482 +J(0) +M(C:8K, Fs:101, WS:396K # 396K, PF:324K # 324K, P:324K)
[3] 0.000031 +J(0) +M(C:0K, Fs:4, WS:12K # 12K, PF:68K # 68K, P:68K)
[4] 0.000095 +J(0) +M(C:0K, Fs:25, WS:100K # 100K, PF:172K # 172K, P:172K)
[5] 0.000428 +J(0) +M(C:0K, Fs:11, WS:44K # 44K, PF:28K # 28K, P:28K)
[6] 0.003149 +J(0) +M(C:0K, Fs:68, WS:272K # 272K, PF:48K # 48K, P:48K)
[7] 0.001598 -0.000605 (2) WT +J(0) +M(C:0K, Fs:33, WS:132K # 132K, PF:64K # 64K, P:64K)
[8] 0.006937 -0.002359 (11) WT +J(CM:0, PgRf:0, Rd:0/0, Dy:0/0, Lg:24336/17) +M(C:0K, Fs:117, WS:316K # 320K, PF:248K # 252K, P:248K)
[9] 0.000415 +J(0) +M(C:0K, Fs:5, WS:20K # 16K, PF:4K # 0K, P:4K)
[10] 0.000318 -0.000147 (1) WT +J(0) +M(C:0K, Fs:3, WS:-52K # 8K, PF:8K # 68K, P:8K)
[11] 0.000014 +J(CM:0, PgRf:0, Rd:0/0, Dy:0/0, Lg:49/1) +M(C:0K, Fs:2, WS:8K # 0K, PF:0K # 0K, P:0K)
[12] 0.000016 +J(0)
[13] 0.009247 -0.000317 (2) CM -0.002042 (21) WT +J(CM:2, PgRf:2, Rd:0/2, Dy:0/0, Lg:8759/5) +M(C:0K, Fs:50, WS:76K # 88K, PF:168K # 176K, P:168K)
[14] 0.000010 +J(0)
[15] 0.000008 +J(0)
[16] 0.000197 -0.000061 (1) WT +J(0) +M(C:0K, Fs:2, WS:0K # 0K, PF:0K # 0K, P:0K)."
"6/2/2026 7:19:18 AM","302","Information","ESENT","svchost (7728,U,98) DS_Token_DB: The database engine has successfully completed recovery steps."
"6/2/2026 7:19:18 AM","301","Information","ESENT","svchost (7728,R,98) DS_Token_DB: The database engine has finished replaying logfile C:\Windows\system32\config\systemprofile\AppData\Local\DataSharing\Storage\DSS.log. 
 
Processing Stats: 
[1] 0.004315 -0.001944 (8) WT +J(CM:0, PgRf:0, Rd:0/0, Dy:0/0, Lg:24336/17) +M(C:0K, Fs:88, WS:208K # 212K, PF:156K # 160K, P:156K). 
Log record of type 'AttachDB ' was seen most frequently (2 times)"
"6/2/2026 7:19:18 AM","300","Information","ESENT","svchost (7728,R,98) DS_Token_DB: The database engine is initiating recovery steps."
"6/2/2026 7:19:18 AM","102","Information","ESENT","svchost (7728,P,98) DS_Token_DB: The database engine (10.00.20348.0000) is starting a new instance (0)."
"6/2/2026 7:17:57 AM","1000","Information","Microsoft-Windows-LoadPerf","Performance counters for the WmiApRpl (WmiApRpl) service were loaded successfully. The Record Data in the data section contains the new index values assigned to this service."
"6/2/2026 7:17:57 AM","1001","Information","Microsoft-Windows-LoadPerf","Performance counters for the WmiApRpl (WmiApRpl) service were removed successfully. The Record Data contains the new values of the system Last Counter and Last Help registry entries."
"6/2/2026 7:15:28 AM","49930","Information","MSSQL$SQLEXPRESS","Parallel redo is shutdown for database 'ScaffoldPortal' with worker pool size [1]."
"6/2/2026 7:15:28 AM","49930","Information","MSSQL$SQLEXPRESS","Parallel redo is started for database 'ScaffoldPortal' with worker pool size [1]."
"6/2/2026 7:15:28 AM","17137","Information","MSSQL$SQLEXPRESS","Starting up database 'ScaffoldPortal'."
"6/2/2026 7:15:28 AM","8128","Information","MSSQL$SQLEXPRESS","Using 'xplog70.dll' version '2019.150.2000' to execute extended stored procedure 'xp_msver'. This is an informational message only; no user action is required."
"6/2/2026 7:15:28 AM","33090","Information","MSSQL$SQLEXPRESS","Attempting to load library 'xplog70.dll' into memory. This is an informational message only. No user action is required."
"6/2/2026 7:15:06 AM","1","Information","MSSQL$SQLEXPRESS","None"
"6/2/2026 7:12:55 AM","0","Information","edgeupdate","Service stopped."
"6/2/2026 7:12:28 AM","8224","Information","VSS","The VSS service is shutting down due to idle timeout. "
"6/2/2026 7:11:57 AM","1000","Information","Microsoft-Windows-LoadPerf","Performance counters for the WmiApRpl (WmiApRpl) service were loaded successfully. The Record Data in the data section contains the new index values assigned to this service."
"6/2/2026 7:11:57 AM","1001","Information","Microsoft-Windows-LoadPerf","Performance counters for the WmiApRpl (WmiApRpl) service were removed successfully. The Record Data contains the new values of the system Last Counter and Last Help registry entries."
"6/2/2026 7:11:06 AM","8198","Error","Microsoft-Windows-Security-SPP","License Activation (slui.exe) failed with the following error code:
hr=0x80072EE7
Command-line arguments:
RuleId=3482d82e-ca2c-4e1f-8864-da0267b484b2;Action=AutoActivate;AppId=55c92734-d682-4d71-983e-d6ec3f16059f;SkuId=c1a197b6-ba5e-4394-b9bf-b659a6c1b873;NotificationInterval=1440;Trigger=UserLogon;SessionId=1"
"6/2/2026 7:11:06 AM","1003","Information","Microsoft-Windows-Security-SPP","The Software Protection service has completed licensing status check.
Application Id=55c92734-d682-4d71-983e-d6ec3f16059f
Licensing Status=
1: c1a197b6-ba5e-4394-b9bf-b659a6c1b873, 1, 1 [(0 [0xC004E003, 0, 0], [( 2 0xC004F00F 0 0 msft:rm/algorithm/hwid/4.0 0x00000000 0)( 1 0x00000000)(?)( 2 0xC004F00F 0 0 msft:rm/algorithm/hwid/4.0 0x00000000 0)(?)(?)( 10 0x00000000 msft:rm/algorithm/flags/1.0)(?)])(1 )(2 )(3 [0x00000000, 0, 0], [( 6 0xC004F009 10 0)( 1 0x00000000)( 6 0xC004F009 10 0)(?)(?)(?)( 10 0x00000000 msft:rm/algorithm/flags/1.0)( 11 0x00000000 0xC004F00F)])]

"
