"9/1/2026 9:13:55 PM","201","Information","Microsoft-Windows-TaskScheduler","Task Scheduler successfully completed task ""\Microsoft\Windows\ExploitGuard\ExploitGuard MDM policy Refresh"" , instance ""{329ee6b5-b63e-4bad-bbc0-7abc4c27032f}"" , action """" with return code 0."
"9/1/2026 9:13:55 PM","102","Information","Microsoft-Windows-TaskScheduler","Task Scheduler successfully finished ""{11cd8af2-3add-480c-bb38-0e25c4dc09d5}"" instance of the ""\Microsoft\Windows\DirectX\DXGIAdapterCache"" task for user ""NT AUTHORITY\SYSTEM""."
"9/1/2026 9:13:55 PM","201","Information","Microsoft-Windows-TaskScheduler","Task Scheduler successfully completed task ""\Microsoft\Windows\DirectX\DXGIAdapterCache"" , instance ""{11cd8af2-3add-480c-bb38-0e25c4dc09d5}"" , action ""%windir%\system32\dxgiadaptercache.exe"" with return code 0."
"9/1/2026 9:13:55 PM","200","Information","Microsoft-Windows-TaskScheduler","Task Scheduler launched action ""OobeEsimTaskManager"" in instance ""{b69c707f-702f-48a0-9758-8d243ce8fc18}"" of task ""\Microsoft\Windows\WwanSvc\OobeDiscovery""."
"9/1/2026 9:13:55 PM","100","Information","Microsoft-Windows-TaskScheduler","Task Scheduler started ""{b69c707f-702f-48a0-9758-8d243ce8fc18}"" instance of the ""\Microsoft\Windows\WwanSvc\OobeDiscovery"" task for user ""NT AUTHORITY\SYSTEM""."
"9/1/2026 9:13:55 PM","101","Error","Microsoft-Windows-TaskScheduler","Task Scheduler failed to start ""\Microsoft\Windows\Workplace Join\Automatic-Device-Join"" task for user ""(default user)"". Additional Data: Error Value: 2147943568."
"9/1/2026 9:13:55 PM","200","Information","Microsoft-Windows-TaskScheduler","Task Scheduler launched action """" in instance ""{329ee6b5-b63e-4bad-bbc0-7abc4c27032f}"" of task ""\Microsoft\Windows\ExploitGuard\ExploitGuard MDM policy Refresh""."
"9/1/2026 9:13:55 PM","100","Information","Microsoft-Windows-TaskScheduler","Task Scheduler started ""{329ee6b5-b63e-4bad-bbc0-7abc4c27032f}"" instance of the ""\Microsoft\Windows\ExploitGuard\ExploitGuard MDM policy Refresh"" task for user ""NT AUTHORITY\SYSTEM""."
"9/1/2026 9:13:55 PM","129","Information","Microsoft-Windows-TaskScheduler","Task Scheduler launch task ""\Microsoft\Windows\ExploitGuard\ExploitGuard MDM policy Refresh"" , instance ""taskhostw.exe""  with process ID 2060."
"9/1/2026 9:13:55 PM","118","Information","Microsoft-Windows-TaskScheduler","Task Scheduler launched ""{329ee6b5-b63e-4bad-bbc0-7abc4c27032f}""  instance of task ""\Microsoft\Windows\ExploitGuard\ExploitGuard MDM policy Refresh""  due to system startup."
"9/1/2026 9:13:55 PM","200","Information","Microsoft-Windows-TaskScheduler","Task Scheduler launched action ""%windir%\system32\dxgiadaptercache.exe"" in instance ""{11cd8af2-3add-480c-bb38-0e25c4dc09d5}"" of task ""\Microsoft\Windows\DirectX\DXGIAdapterCache""."
"9/1/2026 9:13:55 PM","100","Information","Microsoft-Windows-TaskScheduler","Task Scheduler started ""{11cd8af2-3add-480c-bb38-0e25c4dc09d5}"" instance of the ""\Microsoft\Windows\DirectX\DXGIAdapterCache"" task for user ""NT AUTHORITY\SYSTEM""."
"9/1/2026 9:13:55 PM","129","Information","Microsoft-Windows-TaskScheduler","Task Scheduler launch task ""\Microsoft\Windows\DirectX\DXGIAdapterCache"" , instance ""%windir%\system32\dxgiadaptercache.exe""  with process ID 2052."
"9/1/2026 9:13:55 PM","400","Information","Microsoft-Windows-TaskScheduler","Task Scheduler service has started."
"9/1/2026 9:13:54 PM","700","Information","Microsoft-Windows-TaskScheduler","Task Scheduler service started Task Compatibility module."
"9/1/2026 9:11:27 PM","402","Information","Microsoft-Windows-TaskScheduler","Task Scheduler service is shutting down."
"9/1/2026 9:10:41 PM","101","Error","Microsoft-Windows-TaskScheduler","Task Scheduler failed to start ""\Scaffold\ScaffoldDeployEngine"" task for user ""NT AUTHORITY\SYSTEM"". Additional Data: Error Value: 2147943515."
"9/1/2026 9:10:41 PM","203","Error","Microsoft-Windows-TaskScheduler","Task Scheduler failed to launch action ""powershell.exe"" in instance ""{a4a5b818-1553-4ee3-9499-88cd377a9016}"" of task ""\Scaffold\ScaffoldDeployEngine"". Additional Data: Error Value: 2147943515."
"9/1/2026 9:10:41 PM","107","Information","Microsoft-Windows-TaskScheduler","Task Scheduler launched ""{a4a5b818-1553-4ee3-9499-88cd377a9016}""  instance of task ""\Scaffold\ScaffoldDeployEngine"" due to a time trigger condition."
"9/1/2026 9:10:28 PM","101","Error","Microsoft-Windows-TaskScheduler","Task Scheduler failed to start ""\Microsoft\Windows\Windows Error Reporting\QueueReporting"" task for user ""NT AUTHORITY\SYSTEM"". Additional Data: Error Value: 2147943515."
"9/1/2026 9:10:28 PM","203","Error","Microsoft-Windows-TaskScheduler","Task Scheduler failed to launch action ""%windir%\system32\wermgr.exe"" in instance ""{55d4c817-6b99-47f9-9a9c-83dae68d011c}"" of task ""\Microsoft\Windows\Windows Error Reporting\QueueReporting"". Additional Data: Error Value: 2147943515."
"9/1/2026 9:10:27 PM","101","Error","Microsoft-Windows-TaskScheduler","Task Scheduler failed to start ""\Microsoft\Windows\Windows Error Reporting\QueueReporting"" task for user ""NT AUTHORITY\SYSTEM"". Additional Data: Error Value: 2147943515."
"9/1/2026 9:10:27 PM","203","Error","Microsoft-Windows-TaskScheduler","Task Scheduler failed to launch action ""%windir%\system32\wermgr.exe"" in instance ""{2588ef8f-8ec6-4cf4-a984-1815ffbd268c}"" of task ""\Microsoft\Windows\Windows Error Reporting\QueueReporting"". Additional Data: Error Value: 2147943515."
"9/1/2026 9:08:41 PM","101","Error","Microsoft-Windows-TaskScheduler","Task Scheduler failed to start ""\Scaffold\ScaffoldDeployEngine"" task for user ""NT AUTHORITY\SYSTEM"". Additional Data: Error Value: 2147943515."
"9/1/2026 9:08:41 PM","203","Error","Microsoft-Windows-TaskScheduler","Task Scheduler failed to launch action ""powershell.exe"" in instance ""{0147fc7d-faad-46b3-a1ce-d473a96205f5}"" of task ""\Scaffold\ScaffoldDeployEngine"". Additional Data: Error Value: 2147943515."
"9/1/2026 9:08:41 PM","107","Information","Microsoft-Windows-TaskScheduler","Task Scheduler launched ""{0147fc7d-faad-46b3-a1ce-d473a96205f5}""  instance of task ""\Scaffold\ScaffoldDeployEngine"" due to a time trigger condition."
"9/1/2026 9:06:41 PM","101","Error","Microsoft-Windows-TaskScheduler","Task Scheduler failed to start ""\Scaffold\ScaffoldDeployEngine"" task for user ""NT AUTHORITY\SYSTEM"". Additional Data: Error Value: 2147943515."
"9/1/2026 9:06:41 PM","203","Error","Microsoft-Windows-TaskScheduler","Task Scheduler failed to launch action ""powershell.exe"" in instance ""{996894a3-0222-45ec-a4c9-566ea10e1e7c}"" of task ""\Scaffold\ScaffoldDeployEngine"". Additional Data: Error Value: 2147943515."
"9/1/2026 9:06:41 PM","107","Information","Microsoft-Windows-TaskScheduler","Task Scheduler launched ""{996894a3-0222-45ec-a4c9-566ea10e1e7c}""  instance of task ""\Scaffold\ScaffoldDeployEngine"" due to a time trigger condition."
"9/1/2026 9:04:41 PM","101","Error","Microsoft-Windows-TaskScheduler","Task Scheduler failed to start ""\Scaffold\ScaffoldDeployEngine"" task for user ""NT AUTHORITY\SYSTEM"". Additional Data: Error Value: 2147943515."
"9/1/2026 9:04:41 PM","203","Error","Microsoft-Windows-TaskScheduler","Task Scheduler failed to launch action ""powershell.exe"" in instance ""{5b4ca32a-c953-45bd-8d68-2c9a5fdbd286}"" of task ""\Scaffold\ScaffoldDeployEngine"". Additional Data: Error Value: 2147943515."
"9/1/2026 9:04:41 PM","107","Information","Microsoft-Windows-TaskScheduler","Task Scheduler launched ""{5b4ca32a-c953-45bd-8d68-2c9a5fdbd286}""  instance of task ""\Scaffold\ScaffoldDeployEngine"" due to a time trigger condition."
"9/1/2026 9:02:41 PM","101","Error","Microsoft-Windows-TaskScheduler","Task Scheduler failed to start ""\Scaffold\ScaffoldDeployEngine"" task for user ""NT AUTHORITY\SYSTEM"". Additional Data: Error Value: 2147943515."
"9/1/2026 9:02:41 PM","203","Error","Microsoft-Windows-TaskScheduler","Task Scheduler failed to launch action ""powershell.exe"" in instance ""{dc977ad4-20e9-45da-8e44-46f1bb1a8fa4}"" of task ""\Scaffold\ScaffoldDeployEngine"". Additional Data: Error Value: 2147943515."
"9/1/2026 9:02:41 PM","107","Information","Microsoft-Windows-TaskScheduler","Task Scheduler launched ""{dc977ad4-20e9-45da-8e44-46f1bb1a8fa4}""  instance of task ""\Scaffold\ScaffoldDeployEngine"" due to a time trigger condition."
"9/1/2026 9:01:03 PM","111","Information","Microsoft-Windows-TaskScheduler","Task Scheduler terminated ""{48dfc287-a9f3-4621-a111-e33f592d333f}""  instance of the ""\Scaffold\ScaffoldDeployEngine""  task."
"9/1/2026 9:01:03 PM","102","Information","Microsoft-Windows-TaskScheduler","Task Scheduler successfully finished ""{48dfc287-a9f3-4621-a111-e33f592d333f}"" instance of the ""\Scaffold\ScaffoldDeployEngine"" task for user ""NT AUTHORITY\SYSTEM""."
"9/1/2026 9:01:03 PM","201","Information","Microsoft-Windows-TaskScheduler","Task Scheduler successfully completed task ""\Scaffold\ScaffoldDeployEngine"" , instance ""{48dfc287-a9f3-4621-a111-e33f592d333f}"" , action ""powershell.exe"" with return code 2147943691."
"9/1/2026 9:01:03 PM","111","Information","Microsoft-Windows-TaskScheduler","Task Scheduler terminated ""{fdd6817d-de88-4a01-a975-8eed0a33162e}""  instance of the ""\MicrosoftEdgeUpdateTaskMachineCore""  task."
"9/1/2026 9:01:03 PM","102","Information","Microsoft-Windows-TaskScheduler","Task Scheduler successfully finished ""{fdd6817d-de88-4a01-a975-8eed0a33162e}"" instance of the ""\MicrosoftEdgeUpdateTaskMachineCore"" task for user ""NT AUTHORITY\SYSTEM""."
"9/1/2026 9:01:03 PM","201","Information","Microsoft-Windows-TaskScheduler","Task Scheduler successfully completed task ""\MicrosoftEdgeUpdateTaskMachineCore"" , instance ""{fdd6817d-de88-4a01-a975-8eed0a33162e}"" , action ""C:\Program Files (x86)\Microsoft\EdgeUpdate\MicrosoftEdgeUpdate.exe"" with return code 2147943691."
"9/1/2026 9:01:02 PM","103","Error","Microsoft-Windows-TaskScheduler","Task Scheduler failed to start instance ""{393dda45-e0c5-4757-860b-85de08672a70}"" of ""\Microsoft\Windows\Wininet\CacheTask""  task for user """" . Additional Data: Error Value: 2147942404."
"9/1/2026 9:01:02 PM","202","Error","Microsoft-Windows-TaskScheduler","Task Scheduler failed to complete task ""\Microsoft\Windows\Wininet\CacheTask"" , instance ""{393dda45-e0c5-4757-860b-85de08672a70}"" , action ""Wininet Cache task object"" . Additional Data: Error Value: 2147942404."
"9/1/2026 9:01:01 PM","102","Information","Microsoft-Windows-TaskScheduler","Task Scheduler successfully finished ""{a3fc0a17-a539-4b6d-b78b-587f8c4151b6}"" instance of the ""\CreateExplorerShellUnelevatedTask"" task for user ""SCAFFOLD\Administrator""."
"9/1/2026 9:01:01 PM","201","Information","Microsoft-Windows-TaskScheduler","Task Scheduler successfully completed task ""\CreateExplorerShellUnelevatedTask"" , instance ""{a3fc0a17-a539-4b6d-b78b-587f8c4151b6}"" , action ""C:\Windows\Explorer.EXE"" with return code 2147942404."
"9/1/2026 9:01:00 PM","103","Error","Microsoft-Windows-TaskScheduler","Task Scheduler failed to start instance ""{91f66ae7-9b90-418a-83e4-89d07bea0210}"" of ""\Microsoft\Windows\WDI\ResolutionHost""  task for user """" . Additional Data: Error Value: 2147942404."
"9/1/2026 9:01:00 PM","202","Error","Microsoft-Windows-TaskScheduler","Task Scheduler failed to complete task ""\Microsoft\Windows\WDI\ResolutionHost"" , instance ""{91f66ae7-9b90-418a-83e4-89d07bea0210}"" , action ""DiagnosticInfrastructureCustomHandler"" . Additional Data: Error Value: 2147942404."
"9/1/2026 9:00:41 PM","200","Information","Microsoft-Windows-TaskScheduler","Task Scheduler launched action ""powershell.exe"" in instance ""{48dfc287-a9f3-4621-a111-e33f592d333f}"" of task ""\Scaffold\ScaffoldDeployEngine""."
"9/1/2026 9:00:41 PM","100","Information","Microsoft-Windows-TaskScheduler","Task Scheduler started ""{48dfc287-a9f3-4621-a111-e33f592d333f}"" instance of the ""\Scaffold\ScaffoldDeployEngine"" task for user ""NT AUTHORITY\SYSTEM""."
"9/1/2026 9:00:41 PM","129","Information","Microsoft-Windows-TaskScheduler","Task Scheduler launch task ""\Scaffold\ScaffoldDeployEngine"" , instance ""powershell.exe""  with process ID 7704."
"9/1/2026 9:00:41 PM","107","Information","Microsoft-Windows-TaskScheduler","Task Scheduler launched ""{48dfc287-a9f3-4621-a111-e33f592d333f}""  instance of task ""\Scaffold\ScaffoldDeployEngine"" due to a time trigger condition."
"9/1/2026 8:58:58 PM","102","Information","Microsoft-Windows-TaskScheduler","Task Scheduler successfully finished ""{3273b816-90bb-44a1-b338-4feee2a684b0}"" instance of the ""\Scaffold\ScaffoldDeployEngine"" task for user ""NT AUTHORITY\SYSTEM""."
"9/1/2026 8:58:58 PM","201","Information","Microsoft-Windows-TaskScheduler","Task Scheduler successfully completed task ""\Scaffold\ScaffoldDeployEngine"" , instance ""{3273b816-90bb-44a1-b338-4feee2a684b0}"" , action ""powershell.exe"" with return code 0."
"9/1/2026 8:58:41 PM","200","Information","Microsoft-Windows-TaskScheduler","Task Scheduler launched action ""powershell.exe"" in instance ""{3273b816-90bb-44a1-b338-4feee2a684b0}"" of task ""\Scaffold\ScaffoldDeployEngine""."
"9/1/2026 8:58:41 PM","100","Information","Microsoft-Windows-TaskScheduler","Task Scheduler started ""{3273b816-90bb-44a1-b338-4feee2a684b0}"" instance of the ""\Scaffold\ScaffoldDeployEngine"" task for user ""NT AUTHORITY\SYSTEM""."
"9/1/2026 8:58:41 PM","129","Information","Microsoft-Windows-TaskScheduler","Task Scheduler launch task ""\Scaffold\ScaffoldDeployEngine"" , instance ""powershell.exe""  with process ID 7612."
"9/1/2026 8:58:41 PM","107","Information","Microsoft-Windows-TaskScheduler","Task Scheduler launched ""{3273b816-90bb-44a1-b338-4feee2a684b0}""  instance of task ""\Scaffold\ScaffoldDeployEngine"" due to a time trigger condition."
"9/1/2026 8:56:56 PM","102","Information","Microsoft-Windows-TaskScheduler","Task Scheduler successfully finished ""{29f192cc-bfbf-4336-bf78-ec51b4e96a50}"" instance of the ""\Scaffold\ScaffoldDeployEngine"" task for user ""NT AUTHORITY\SYSTEM""."
"9/1/2026 8:56:56 PM","201","Information","Microsoft-Windows-TaskScheduler","Task Scheduler successfully completed task ""\Scaffold\ScaffoldDeployEngine"" , instance ""{29f192cc-bfbf-4336-bf78-ec51b4e96a50}"" , action ""powershell.exe"" with return code 0."
"9/1/2026 8:56:41 PM","200","Information","Microsoft-Windows-TaskScheduler","Task Scheduler launched action ""powershell.exe"" in instance ""{29f192cc-bfbf-4336-bf78-ec51b4e96a50}"" of task ""\Scaffold\ScaffoldDeployEngine""."
"9/1/2026 8:56:41 PM","100","Information","Microsoft-Windows-TaskScheduler","Task Scheduler started ""{29f192cc-bfbf-4336-bf78-ec51b4e96a50}"" instance of the ""\Scaffold\ScaffoldDeployEngine"" task for user ""NT AUTHORITY\SYSTEM""."
"9/1/2026 8:56:41 PM","129","Information","Microsoft-Windows-TaskScheduler","Task Scheduler launch task ""\Scaffold\ScaffoldDeployEngine"" , instance ""powershell.exe""  with process ID 8132."
"9/1/2026 8:56:41 PM","107","Information","Microsoft-Windows-TaskScheduler","Task Scheduler launched ""{29f192cc-bfbf-4336-bf78-ec51b4e96a50}""  instance of task ""\Scaffold\ScaffoldDeployEngine"" due to a time trigger condition."
"9/1/2026 8:54:58 PM","102","Information","Microsoft-Windows-TaskScheduler","Task Scheduler successfully finished ""{a8e54682-6a08-4538-9e60-b2ccbe50f207}"" instance of the ""\Scaffold\ScaffoldDeployEngine"" task for user ""NT AUTHORITY\SYSTEM""."
"9/1/2026 8:54:58 PM","201","Information","Microsoft-Windows-TaskScheduler","Task Scheduler successfully completed task ""\Scaffold\ScaffoldDeployEngine"" , instance ""{a8e54682-6a08-4538-9e60-b2ccbe50f207}"" , action ""powershell.exe"" with return code 0."
"9/1/2026 8:54:41 PM","200","Information","Microsoft-Windows-TaskScheduler","Task Scheduler launched action ""powershell.exe"" in instance ""{a8e54682-6a08-4538-9e60-b2ccbe50f207}"" of task ""\Scaffold\ScaffoldDeployEngine""."
"9/1/2026 8:54:41 PM","100","Information","Microsoft-Windows-TaskScheduler","Task Scheduler started ""{a8e54682-6a08-4538-9e60-b2ccbe50f207}"" instance of the ""\Scaffold\ScaffoldDeployEngine"" task for user ""NT AUTHORITY\SYSTEM""."
"9/1/2026 8:54:41 PM","129","Information","Microsoft-Windows-TaskScheduler","Task Scheduler launch task ""\Scaffold\ScaffoldDeployEngine"" , instance ""powershell.exe""  with process ID 7840."
"9/1/2026 8:54:41 PM","107","Information","Microsoft-Windows-TaskScheduler","Task Scheduler launched ""{a8e54682-6a08-4538-9e60-b2ccbe50f207}""  instance of task ""\Scaffold\ScaffoldDeployEngine"" due to a time trigger condition."
"9/1/2026 8:52:57 PM","102","Information","Microsoft-Windows-TaskScheduler","Task Scheduler successfully finished ""{709e7a22-5c73-4043-aaba-2497643316da}"" instance of the ""\Scaffold\ScaffoldDeployEngine"" task for user ""NT AUTHORITY\SYSTEM""."
"9/1/2026 8:52:57 PM","201","Information","Microsoft-Windows-TaskScheduler","Task Scheduler successfully completed task ""\Scaffold\ScaffoldDeployEngine"" , instance ""{709e7a22-5c73-4043-aaba-2497643316da}"" , action ""powershell.exe"" with return code 0."
"9/1/2026 8:52:41 PM","200","Information","Microsoft-Windows-TaskScheduler","Task Scheduler launched action ""powershell.exe"" in instance ""{709e7a22-5c73-4043-aaba-2497643316da}"" of task ""\Scaffold\ScaffoldDeployEngine""."
"9/1/2026 8:52:41 PM","100","Information","Microsoft-Windows-TaskScheduler","Task Scheduler started ""{709e7a22-5c73-4043-aaba-2497643316da}"" instance of the ""\Scaffold\ScaffoldDeployEngine"" task for user ""NT AUTHORITY\SYSTEM""."
"9/1/2026 8:52:41 PM","129","Information","Microsoft-Windows-TaskScheduler","Task Scheduler launch task ""\Scaffold\ScaffoldDeployEngine"" , instance ""powershell.exe""  with process ID 6992."
"9/1/2026 8:52:41 PM","107","Information","Microsoft-Windows-TaskScheduler","Task Scheduler launched ""{709e7a22-5c73-4043-aaba-2497643316da}""  instance of task ""\Scaffold\ScaffoldDeployEngine"" due to a time trigger condition."
"9/1/2026 8:51:03 PM","102","Information","Microsoft-Windows-TaskScheduler","Task Scheduler successfully finished ""{975854ff-4406-4cfc-9178-736e0d6a56b7}"" instance of the ""\Scaffold\ScaffoldDeployEngine"" task for user ""NT AUTHORITY\SYSTEM""."
"9/1/2026 8:51:03 PM","201","Information","Microsoft-Windows-TaskScheduler","Task Scheduler successfully completed task ""\Scaffold\ScaffoldDeployEngine"" , instance ""{975854ff-4406-4cfc-9178-736e0d6a56b7}"" , action ""powershell.exe"" with return code 0."
"9/1/2026 8:50:41 PM","200","Information","Microsoft-Windows-TaskScheduler","Task Scheduler launched action ""powershell.exe"" in instance ""{975854ff-4406-4cfc-9178-736e0d6a56b7}"" of task ""\Scaffold\ScaffoldDeployEngine""."
"9/1/2026 8:50:41 PM","100","Information","Microsoft-Windows-TaskScheduler","Task Scheduler started ""{975854ff-4406-4cfc-9178-736e0d6a56b7}"" instance of the ""\Scaffold\ScaffoldDeployEngine"" task for user ""NT AUTHORITY\SYSTEM""."
"9/1/2026 8:50:41 PM","129","Information","Microsoft-Windows-TaskScheduler","Task Scheduler launch task ""\Scaffold\ScaffoldDeployEngine"" , instance ""powershell.exe""  with process ID 7712."
"9/1/2026 8:50:41 PM","107","Information","Microsoft-Windows-TaskScheduler","Task Scheduler launched ""{975854ff-4406-4cfc-9178-736e0d6a56b7}""  instance of task ""\Scaffold\ScaffoldDeployEngine"" due to a time trigger condition."
"9/1/2026 8:48:59 PM","102","Information","Microsoft-Windows-TaskScheduler","Task Scheduler successfully finished ""{5c8aafd1-7af0-4001-be9b-b20a0d86ef98}"" instance of the ""\MicrosoftEdgeUpdateTaskMachineUA"" task for user ""NT AUTHORITY\SYSTEM""."
"9/1/2026 8:48:59 PM","201","Information","Microsoft-Windows-TaskScheduler","Task Scheduler successfully completed task ""\MicrosoftEdgeUpdateTaskMachineUA"" , instance ""{5c8aafd1-7af0-4001-be9b-b20a0d86ef98}"" , action ""C:\Program Files (x86)\Microsoft\EdgeUpdate\MicrosoftEdgeUpdate.exe"" with return code 0."
"9/1/2026 8:48:58 PM","102","Information","Microsoft-Windows-TaskScheduler","Task Scheduler successfully finished ""{7e31d2c7-2138-46ee-9606-938ef68efca4}"" instance of the ""\Scaffold\ScaffoldDeployEngine"" task for user ""NT AUTHORITY\SYSTEM""."
"9/1/2026 8:48:58 PM","201","Information","Microsoft-Windows-TaskScheduler","Task Scheduler successfully completed task ""\Scaffold\ScaffoldDeployEngine"" , instance ""{7e31d2c7-2138-46ee-9606-938ef68efca4}"" , action ""powershell.exe"" with return code 0."
"9/1/2026 8:48:48 PM","200","Information","Microsoft-Windows-TaskScheduler","Task Scheduler launched action ""C:\Program Files (x86)\Microsoft\EdgeUpdate\MicrosoftEdgeUpdate.exe"" in instance ""{5c8aafd1-7af0-4001-be9b-b20a0d86ef98}"" of task ""\MicrosoftEdgeUpdateTaskMachineUA""."
"9/1/2026 8:48:48 PM","100","Information","Microsoft-Windows-TaskScheduler","Task Scheduler started ""{5c8aafd1-7af0-4001-be9b-b20a0d86ef98}"" instance of the ""\MicrosoftEdgeUpdateTaskMachineUA"" task for user ""NT AUTHORITY\SYSTEM""."
"9/1/2026 8:48:48 PM","129","Information","Microsoft-Windows-TaskScheduler","Task Scheduler launch task ""\MicrosoftEdgeUpdateTaskMachineUA"" , instance ""C:\Program Files (x86)\Microsoft\EdgeUpdate\MicrosoftEdgeUpdate.exe""  with process ID 5144."
"9/1/2026 8:48:48 PM","107","Information","Microsoft-Windows-TaskScheduler","Task Scheduler launched ""{5c8aafd1-7af0-4001-be9b-b20a0d86ef98}""  instance of task ""\MicrosoftEdgeUpdateTaskMachineUA"" due to a time trigger condition."
"9/1/2026 8:48:41 PM","200","Information","Microsoft-Windows-TaskScheduler","Task Scheduler launched action ""powershell.exe"" in instance ""{7e31d2c7-2138-46ee-9606-938ef68efca4}"" of task ""\Scaffold\ScaffoldDeployEngine""."
"9/1/2026 8:48:41 PM","100","Information","Microsoft-Windows-TaskScheduler","Task Scheduler started ""{7e31d2c7-2138-46ee-9606-938ef68efca4}"" instance of the ""\Scaffold\ScaffoldDeployEngine"" task for user ""NT AUTHORITY\SYSTEM""."
"9/1/2026 8:48:41 PM","129","Information","Microsoft-Windows-TaskScheduler","Task Scheduler launch task ""\Scaffold\ScaffoldDeployEngine"" , instance ""powershell.exe""  with process ID 7500."
"9/1/2026 8:48:41 PM","107","Information","Microsoft-Windows-TaskScheduler","Task Scheduler launched ""{7e31d2c7-2138-46ee-9606-938ef68efca4}""  instance of task ""\Scaffold\ScaffoldDeployEngine"" due to a time trigger condition."
"9/1/2026 8:46:57 PM","102","Information","Microsoft-Windows-TaskScheduler","Task Scheduler successfully finished ""{b75c19c7-6f39-4a43-980c-4767948f7794}"" instance of the ""\Scaffold\ScaffoldDeployEngine"" task for user ""NT AUTHORITY\SYSTEM""."
"9/1/2026 8:46:57 PM","201","Information","Microsoft-Windows-TaskScheduler","Task Scheduler successfully completed task ""\Scaffold\ScaffoldDeployEngine"" , instance ""{b75c19c7-6f39-4a43-980c-4767948f7794}"" , action ""powershell.exe"" with return code 0."
"9/1/2026 8:46:41 PM","200","Information","Microsoft-Windows-TaskScheduler","Task Scheduler launched action ""powershell.exe"" in instance ""{b75c19c7-6f39-4a43-980c-4767948f7794}"" of task ""\Scaffold\ScaffoldDeployEngine""."
"9/1/2026 8:46:41 PM","100","Information","Microsoft-Windows-TaskScheduler","Task Scheduler started ""{b75c19c7-6f39-4a43-980c-4767948f7794}"" instance of the ""\Scaffold\ScaffoldDeployEngine"" task for user ""NT AUTHORITY\SYSTEM""."
"9/1/2026 8:46:41 PM","129","Information","Microsoft-Windows-TaskScheduler","Task Scheduler launch task ""\Scaffold\ScaffoldDeployEngine"" , instance ""powershell.exe""  with process ID 7260."
"9/1/2026 8:46:41 PM","107","Information","Microsoft-Windows-TaskScheduler","Task Scheduler launched ""{b75c19c7-6f39-4a43-980c-4767948f7794}""  instance of task ""\Scaffold\ScaffoldDeployEngine"" due to a time trigger condition."
"9/1/2026 8:44:57 PM","102","Information","Microsoft-Windows-TaskScheduler","Task Scheduler successfully finished ""{dd478c41-0f25-478f-a41f-accec540061c}"" instance of the ""\Scaffold\ScaffoldDeployEngine"" task for user ""NT AUTHORITY\SYSTEM""."
"9/1/2026 8:44:57 PM","201","Information","Microsoft-Windows-TaskScheduler","Task Scheduler successfully completed task ""\Scaffold\ScaffoldDeployEngine"" , instance ""{dd478c41-0f25-478f-a41f-accec540061c}"" , action ""powershell.exe"" with return code 0."
"9/1/2026 8:44:41 PM","200","Information","Microsoft-Windows-TaskScheduler","Task Scheduler launched action ""powershell.exe"" in instance ""{dd478c41-0f25-478f-a41f-accec540061c}"" of task ""\Scaffold\ScaffoldDeployEngine""."
"9/1/2026 8:44:41 PM","100","Information","Microsoft-Windows-TaskScheduler","Task Scheduler started ""{dd478c41-0f25-478f-a41f-accec540061c}"" instance of the ""\Scaffold\ScaffoldDeployEngine"" task for user ""NT AUTHORITY\SYSTEM""."
"9/1/2026 8:44:41 PM","129","Information","Microsoft-Windows-TaskScheduler","Task Scheduler launch task ""\Scaffold\ScaffoldDeployEngine"" , instance ""powershell.exe""  with process ID 5676."
"9/1/2026 8:44:41 PM","107","Information","Microsoft-Windows-TaskScheduler","Task Scheduler launched ""{dd478c41-0f25-478f-a41f-accec540061c}""  instance of task ""\Scaffold\ScaffoldDeployEngine"" due to a time trigger condition."
"9/1/2026 8:44:05 PM","110","Information","Microsoft-Windows-TaskScheduler","Task Scheduler launched ""{91f66ae7-9b90-418a-83e4-89d07bea0210}""  instance of task ""\Microsoft\Windows\WDI\ResolutionHost""  for user ""Administrator"" ."
"9/1/2026 8:44:05 PM","200","Information","Microsoft-Windows-TaskScheduler","Task Scheduler launched action ""DiagnosticInfrastructureCustomHandler"" in instance ""{91f66ae7-9b90-418a-83e4-89d07bea0210}"" of task ""\Microsoft\Windows\WDI\ResolutionHost""."
"9/1/2026 8:44:05 PM","100","Information","Microsoft-Windows-TaskScheduler","Task Scheduler started ""{91f66ae7-9b90-418a-83e4-89d07bea0210}"" instance of the ""\Microsoft\Windows\WDI\ResolutionHost"" task for user ""SCAFFOLD\Administrator""."
"9/1/2026 8:44:05 PM","129","Information","Microsoft-Windows-TaskScheduler","Task Scheduler launch task ""\Microsoft\Windows\WDI\ResolutionHost"" , instance ""taskhostw.exe""  with process ID 8140."
"9/1/2026 8:44:05 PM","325","Warning","Microsoft-Windows-TaskScheduler","Task Scheduler queued instance ""{91f66ae7-9b90-418a-83e4-89d07bea0210}""  of task ""\Microsoft\Windows\WDI\ResolutionHost""."
"9/1/2026 8:43:00 PM","102","Information","Microsoft-Windows-TaskScheduler","Task Scheduler successfully finished ""{0b206caa-60b1-4eda-8c03-79c3b358b4ac}"" instance of the ""\Scaffold\ScaffoldDeployEngine"" task for user ""NT AUTHORITY\SYSTEM""."
"9/1/2026 8:43:00 PM","201","Information","Microsoft-Windows-TaskScheduler","Task Scheduler successfully completed task ""\Scaffold\ScaffoldDeployEngine"" , instance ""{0b206caa-60b1-4eda-8c03-79c3b358b4ac}"" , action ""powershell.exe"" with return code 0."
"9/1/2026 8:42:41 PM","200","Information","Microsoft-Windows-TaskScheduler","Task Scheduler launched action ""powershell.exe"" in instance ""{0b206caa-60b1-4eda-8c03-79c3b358b4ac}"" of task ""\Scaffold\ScaffoldDeployEngine""."
"9/1/2026 8:42:41 PM","100","Information","Microsoft-Windows-TaskScheduler","Task Scheduler started ""{0b206caa-60b1-4eda-8c03-79c3b358b4ac}"" instance of the ""\Scaffold\ScaffoldDeployEngine"" task for user ""NT AUTHORITY\SYSTEM""."
"9/1/2026 8:42:41 PM","129","Information","Microsoft-Windows-TaskScheduler","Task Scheduler launch task ""\Scaffold\ScaffoldDeployEngine"" , instance ""powershell.exe""  with process ID 3216."
"9/1/2026 8:42:41 PM","107","Information","Microsoft-Windows-TaskScheduler","Task Scheduler launched ""{0b206caa-60b1-4eda-8c03-79c3b358b4ac}""  instance of task ""\Scaffold\ScaffoldDeployEngine"" due to a time trigger condition."
"9/1/2026 8:41:28 PM","140","Information","Microsoft-Windows-TaskScheduler","User ""NT AUTHORITY\SYSTEM""  updated Task Scheduler task ""\Microsoft\Windows\WindowsUpdate\Scheduled Start"""
"9/1/2026 8:41:14 PM","102","Information","Microsoft-Windows-TaskScheduler","Task Scheduler successfully finished ""{b7ec0c44-df58-427f-b5b4-7b75ff5cc652}"" instance of the ""\Scaffold\ScaffoldDeployEngine"" task for user ""NT AUTHORITY\SYSTEM""."
"9/1/2026 8:41:14 PM","201","Information","Microsoft-Windows-TaskScheduler","Task Scheduler successfully completed task ""\Scaffold\ScaffoldDeployEngine"" , instance ""{b7ec0c44-df58-427f-b5b4-7b75ff5cc652}"" , action ""powershell.exe"" with return code 0."
"9/1/2026 8:40:41 PM","200","Information","Microsoft-Windows-TaskScheduler","Task Scheduler launched action ""powershell.exe"" in instance ""{b7ec0c44-df58-427f-b5b4-7b75ff5cc652}"" of task ""\Scaffold\ScaffoldDeployEngine""."
"9/1/2026 8:40:41 PM","100","Information","Microsoft-Windows-TaskScheduler","Task Scheduler started ""{b7ec0c44-df58-427f-b5b4-7b75ff5cc652}"" instance of the ""\Scaffold\ScaffoldDeployEngine"" task for user ""NT AUTHORITY\SYSTEM""."
"9/1/2026 8:40:41 PM","129","Information","Microsoft-Windows-TaskScheduler","Task Scheduler launch task ""\Scaffold\ScaffoldDeployEngine"" , instance ""powershell.exe""  with process ID 6648."
"9/1/2026 8:40:41 PM","107","Information","Microsoft-Windows-TaskScheduler","Task Scheduler launched ""{b7ec0c44-df58-427f-b5b4-7b75ff5cc652}""  instance of task ""\Scaffold\ScaffoldDeployEngine"" due to a time trigger condition."
"9/1/2026 8:40:31 PM","102","Information","Microsoft-Windows-TaskScheduler","Task Scheduler successfully finished ""{95fb6e3f-6bd2-4a4a-b9d0-e23f643dba64}"" instance of the ""\Scaffold\ScaffoldDeployEngine"" task for user ""NT AUTHORITY\SYSTEM""."
"9/1/2026 8:40:31 PM","201","Information","Microsoft-Windows-TaskScheduler","Task Scheduler successfully completed task ""\Scaffold\ScaffoldDeployEngine"" , instance ""{95fb6e3f-6bd2-4a4a-b9d0-e23f643dba64}"" , action ""powershell.exe"" with return code 0."
"9/1/2026 8:40:15 PM","102","Information","Microsoft-Windows-TaskScheduler","Task Scheduler successfully finished ""{4a8ebbe8-9918-4b29-9d74-382568309aa8}"" instance of the ""\Microsoft\Windows\Workplace Join\Automatic-Device-Join"" task for user ""NT AUTHORITY\SYSTEM""."
"9/1/2026 8:40:15 PM","201","Information","Microsoft-Windows-TaskScheduler","Task Scheduler successfully completed task ""\Microsoft\Windows\Workplace Join\Automatic-Device-Join"" , instance ""{4a8ebbe8-9918-4b29-9d74-382568309aa8}"" , action ""%SystemRoot%\System32\dsregcmd.exe"" with return code 2147942401."
"9/1/2026 8:39:47 PM","200","Information","Microsoft-Windows-TaskScheduler","Task Scheduler launched action ""%SystemRoot%\System32\dsregcmd.exe"" in instance ""{4a8ebbe8-9918-4b29-9d74-382568309aa8}"" of task ""\Microsoft\Windows\Workplace Join\Automatic-Device-Join""."
"9/1/2026 8:39:47 PM","100","Information","Microsoft-Windows-TaskScheduler","Task Scheduler started ""{4a8ebbe8-9918-4b29-9d74-382568309aa8}"" instance of the ""\Microsoft\Windows\Workplace Join\Automatic-Device-Join"" task for user ""NT AUTHORITY\SYSTEM""."
"9/1/2026 8:39:47 PM","129","Information","Microsoft-Windows-TaskScheduler","Task Scheduler launch task ""\Microsoft\Windows\Workplace Join\Automatic-Device-Join"" , instance ""%SystemRoot%\System32\dsregcmd.exe""  with process ID 1168."
"9/1/2026 8:39:47 PM","108","Information","Microsoft-Windows-TaskScheduler","Task Scheduler launched ""{4a8ebbe8-9918-4b29-9d74-382568309aa8}""  instance of task ""\Microsoft\Windows\Workplace Join\Automatic-Device-Join""  according to an event trigger."
"9/1/2026 8:38:41 PM","200","Information","Microsoft-Windows-TaskScheduler","Task Scheduler launched action ""powershell.exe"" in instance ""{95fb6e3f-6bd2-4a4a-b9d0-e23f643dba64}"" of task ""\Scaffold\ScaffoldDeployEngine""."
"9/1/2026 8:38:41 PM","100","Information","Microsoft-Windows-TaskScheduler","Task Scheduler started ""{95fb6e3f-6bd2-4a4a-b9d0-e23f643dba64}"" instance of the ""\Scaffold\ScaffoldDeployEngine"" task for user ""NT AUTHORITY\SYSTEM""."
"9/1/2026 8:38:41 PM","129","Information","Microsoft-Windows-TaskScheduler","Task Scheduler launch task ""\Scaffold\ScaffoldDeployEngine"" , instance ""powershell.exe""  with process ID 5952."
"9/1/2026 8:38:41 PM","107","Information","Microsoft-Windows-TaskScheduler","Task Scheduler launched ""{95fb6e3f-6bd2-4a4a-b9d0-e23f643dba64}""  instance of task ""\Scaffold\ScaffoldDeployEngine"" due to a time trigger condition."
"9/1/2026 8:37:15 PM","102","Information","Microsoft-Windows-TaskScheduler","Task Scheduler successfully finished ""{6d368313-5dd0-4720-9f91-137b95e6ae02}"" instance of the ""\Scaffold\ScaffoldDeployEngine"" task for user ""NT AUTHORITY\SYSTEM""."
"9/1/2026 8:37:15 PM","201","Information","Microsoft-Windows-TaskScheduler","Task Scheduler successfully completed task ""\Scaffold\ScaffoldDeployEngine"" , instance ""{6d368313-5dd0-4720-9f91-137b95e6ae02}"" , action ""powershell.exe"" with return code 0."
"9/1/2026 8:36:41 PM","200","Information","Microsoft-Windows-TaskScheduler","Task Scheduler launched action ""powershell.exe"" in instance ""{6d368313-5dd0-4720-9f91-137b95e6ae02}"" of task ""\Scaffold\ScaffoldDeployEngine""."
"9/1/2026 8:36:41 PM","100","Information","Microsoft-Windows-TaskScheduler","Task Scheduler started ""{6d368313-5dd0-4720-9f91-137b95e6ae02}"" instance of the ""\Scaffold\ScaffoldDeployEngine"" task for user ""NT AUTHORITY\SYSTEM""."
"9/1/2026 8:36:41 PM","129","Information","Microsoft-Windows-TaskScheduler","Task Scheduler launch task ""\Scaffold\ScaffoldDeployEngine"" , instance ""powershell.exe""  with process ID 1308."
"9/1/2026 8:36:41 PM","107","Information","Microsoft-Windows-TaskScheduler","Task Scheduler launched ""{6d368313-5dd0-4720-9f91-137b95e6ae02}""  instance of task ""\Scaffold\ScaffoldDeployEngine"" due to a time trigger condition."
"9/1/2026 8:35:13 PM","102","Information","Microsoft-Windows-TaskScheduler","Task Scheduler successfully finished ""{3b283cdf-cc67-40e9-adf0-45209a551002}"" instance of the ""\Scaffold\ScaffoldDeployEngine"" task for user ""NT AUTHORITY\SYSTEM""."
"9/1/2026 8:35:13 PM","201","Information","Microsoft-Windows-TaskScheduler","Task Scheduler successfully completed task ""\Scaffold\ScaffoldDeployEngine"" , instance ""{3b283cdf-cc67-40e9-adf0-45209a551002}"" , action ""powershell.exe"" with return code 0."
"9/1/2026 8:34:41 PM","200","Information","Microsoft-Windows-TaskScheduler","Task Scheduler launched action ""powershell.exe"" in instance ""{3b283cdf-cc67-40e9-adf0-45209a551002}"" of task ""\Scaffold\ScaffoldDeployEngine""."
"9/1/2026 8:34:41 PM","100","Information","Microsoft-Windows-TaskScheduler","Task Scheduler started ""{3b283cdf-cc67-40e9-adf0-45209a551002}"" instance of the ""\Scaffold\ScaffoldDeployEngine"" task for user ""NT AUTHORITY\SYSTEM""."
"9/1/2026 8:34:41 PM","129","Information","Microsoft-Windows-TaskScheduler","Task Scheduler launch task ""\Scaffold\ScaffoldDeployEngine"" , instance ""powershell.exe""  with process ID 6120."
"9/1/2026 8:34:41 PM","107","Information","Microsoft-Windows-TaskScheduler","Task Scheduler launched ""{3b283cdf-cc67-40e9-adf0-45209a551002}""  instance of task ""\Scaffold\ScaffoldDeployEngine"" due to a time trigger condition."
"9/1/2026 8:32:57 PM","102","Information","Microsoft-Windows-TaskScheduler","Task Scheduler successfully finished ""{1d965996-1576-40d6-9dc6-8a58e509a92d}"" instance of the ""\Scaffold\ScaffoldDeployEngine"" task for user ""NT AUTHORITY\SYSTEM""."
"9/1/2026 8:32:57 PM","201","Information","Microsoft-Windows-TaskScheduler","Task Scheduler successfully completed task ""\Scaffold\ScaffoldDeployEngine"" , instance ""{1d965996-1576-40d6-9dc6-8a58e509a92d}"" , action ""powershell.exe"" with return code 0."
"9/1/2026 8:32:41 PM","200","Information","Microsoft-Windows-TaskScheduler","Task Scheduler launched action ""powershell.exe"" in instance ""{1d965996-1576-40d6-9dc6-8a58e509a92d}"" of task ""\Scaffold\ScaffoldDeployEngine""."
"9/1/2026 8:32:41 PM","100","Information","Microsoft-Windows-TaskScheduler","Task Scheduler started ""{1d965996-1576-40d6-9dc6-8a58e509a92d}"" instance of the ""\Scaffold\ScaffoldDeployEngine"" task for user ""NT AUTHORITY\SYSTEM""."
"9/1/2026 8:32:41 PM","129","Information","Microsoft-Windows-TaskScheduler","Task Scheduler launch task ""\Scaffold\ScaffoldDeployEngine"" , instance ""powershell.exe""  with process ID 3960."
"9/1/2026 8:32:41 PM","107","Information","Microsoft-Windows-TaskScheduler","Task Scheduler launched ""{1d965996-1576-40d6-9dc6-8a58e509a92d}""  instance of task ""\Scaffold\ScaffoldDeployEngine"" due to a time trigger condition."
"9/1/2026 8:31:56 PM","102","Information","Microsoft-Windows-TaskScheduler","Task Scheduler successfully finished ""{a21794ec-10af-4104-a816-e053477b8af6}"" instance of the ""\Microsoft\Windows\UpdateOrchestrator\Schedule Scan"" task for user ""NT AUTHORITY\SYSTEM""."
"9/1/2026 8:31:56 PM","201","Information","Microsoft-Windows-TaskScheduler","Task Scheduler successfully completed task ""\Microsoft\Windows\UpdateOrchestrator\Schedule Scan"" , instance ""{a21794ec-10af-4104-a816-e053477b8af6}"" , action ""%systemroot%\system32\usoclient.exe"" with return code 0."
"9/1/2026 8:31:55 PM","200","Information","Microsoft-Windows-TaskScheduler","Task Scheduler launched action ""%systemroot%\system32\usoclient.exe"" in instance ""{a21794ec-10af-4104-a816-e053477b8af6}"" of task ""\Microsoft\Windows\UpdateOrchestrator\Schedule Scan""."
"9/1/2026 8:31:55 PM","100","Information","Microsoft-Windows-TaskScheduler","Task Scheduler started ""{a21794ec-10af-4104-a816-e053477b8af6}"" instance of the ""\Microsoft\Windows\UpdateOrchestrator\Schedule Scan"" task for user ""NT AUTHORITY\SYSTEM""."
"9/1/2026 8:31:55 PM","129","Information","Microsoft-Windows-TaskScheduler","Task Scheduler launch task ""\Microsoft\Windows\UpdateOrchestrator\Schedule Scan"" , instance ""%systemroot%\system32\usoclient.exe""  with process ID 6920."
"9/1/2026 8:31:55 PM","114","Warning","Microsoft-Windows-TaskScheduler","Task Scheduler could not launch task ""\Microsoft\Windows\UpdateOrchestrator\Schedule Scan""  as scheduled. Instance ""{a21794ec-10af-4104-a816-e053477b8af6}""  is started now as required by the configuration option to start the task when available, if schedule is missed."
"9/1/2026 8:31:41 PM","140","Information","Microsoft-Windows-TaskScheduler","User ""SCAFFOLD\DC$""  updated Task Scheduler task ""\Microsoft\Windows\SoftwareProtectionPlatform\SvcRestartTask"""
"9/1/2026 8:30:44 PM","102","Information","Microsoft-Windows-TaskScheduler","Task Scheduler successfully finished ""{61f5f188-b279-4f8b-b3c4-0c045b3e7b04}"" instance of the ""\Scaffold\ScaffoldDeployEngine"" task for user ""NT AUTHORITY\SYSTEM""."
"9/1/2026 8:30:44 PM","201","Information","Microsoft-Windows-TaskScheduler","Task Scheduler successfully completed task ""\Scaffold\ScaffoldDeployEngine"" , instance ""{61f5f188-b279-4f8b-b3c4-0c045b3e7b04}"" , action ""powershell.exe"" with return code 0."
"9/1/2026 8:30:41 PM","200","Information","Microsoft-Windows-TaskScheduler","Task Scheduler launched action ""powershell.exe"" in instance ""{61f5f188-b279-4f8b-b3c4-0c045b3e7b04}"" of task ""\Scaffold\ScaffoldDeployEngine""."
"9/1/2026 8:30:41 PM","100","Information","Microsoft-Windows-TaskScheduler","Task Scheduler started ""{61f5f188-b279-4f8b-b3c4-0c045b3e7b04}"" instance of the ""\Scaffold\ScaffoldDeployEngine"" task for user ""NT AUTHORITY\SYSTEM""."
"9/1/2026 8:30:41 PM","129","Information","Microsoft-Windows-TaskScheduler","Task Scheduler launch task ""\Scaffold\ScaffoldDeployEngine"" , instance ""powershell.exe""  with process ID 5112."
"9/1/2026 8:30:41 PM","107","Information","Microsoft-Windows-TaskScheduler","Task Scheduler launched ""{61f5f188-b279-4f8b-b3c4-0c045b3e7b04}""  instance of task ""\Scaffold\ScaffoldDeployEngine"" due to a time trigger condition."
"9/1/2026 8:30:26 PM","102","Information","Microsoft-Windows-TaskScheduler","Task Scheduler successfully finished ""{9719aa1f-5818-473c-bb0a-fafb3c8cf5cb}"" instance of the ""\Microsoft\Windows\Flighting\OneSettings\RefreshCache"" task for user ""NT AUTHORITY\SYSTEM""."
"9/1/2026 8:30:26 PM","201","Information","Microsoft-Windows-TaskScheduler","Task Scheduler successfully completed task ""\Microsoft\Windows\Flighting\OneSettings\RefreshCache"" , instance ""{9719aa1f-5818-473c-bb0a-fafb3c8cf5cb}"" , action ""OneSettings Refresh Cache Task Handler"" with return code 0."
"9/1/2026 8:30:26 PM","140","Information","Microsoft-Windows-TaskScheduler","User ""SCAFFOLD\DC$""  updated Task Scheduler task ""\Microsoft\Windows\Flighting\OneSettings\RefreshCache"""
"9/1/2026 8:30:16 PM","102","Information","Microsoft-Windows-TaskScheduler","Task Scheduler successfully finished ""{20d3ca41-ecfd-428c-a554-cef176bbffd7}"" instance of the ""\Microsoft\Windows\Flighting\FeatureConfig\ReconcileFeatures"" task for user ""NT AUTHORITY\SYSTEM""."
"9/1/2026 8:30:16 PM","201","Information","Microsoft-Windows-TaskScheduler","Task Scheduler successfully completed task ""\Microsoft\Windows\Flighting\FeatureConfig\ReconcileFeatures"" , instance ""{20d3ca41-ecfd-428c-a554-cef176bbffd7}"" , action ""Feature Configuration Reconciliation Task Handler"" with return code 0."
"9/1/2026 8:30:16 PM","200","Information","Microsoft-Windows-TaskScheduler","Task Scheduler launched action ""Feature Configuration Reconciliation Task Handler"" in instance ""{20d3ca41-ecfd-428c-a554-cef176bbffd7}"" of task ""\Microsoft\Windows\Flighting\FeatureConfig\ReconcileFeatures""."
"9/1/2026 8:30:16 PM","100","Information","Microsoft-Windows-TaskScheduler","Task Scheduler started ""{20d3ca41-ecfd-428c-a554-cef176bbffd7}"" instance of the ""\Microsoft\Windows\Flighting\FeatureConfig\ReconcileFeatures"" task for user ""NT AUTHORITY\SYSTEM""."
"9/1/2026 8:30:15 PM","102","Information","Microsoft-Windows-TaskScheduler","Task Scheduler successfully finished ""{0ebbf4e4-617f-4a79-85ec-8b3410e15225}"" instance of the ""\Microsoft\Windows\Windows Error Reporting\QueueReporting"" task for user ""NT AUTHORITY\SYSTEM""."
"9/1/2026 8:30:15 PM","201","Information","Microsoft-Windows-TaskScheduler","Task Scheduler successfully completed task ""\Microsoft\Windows\Windows Error Reporting\QueueReporting"" , instance ""{0ebbf4e4-617f-4a79-85ec-8b3410e15225}"" , action ""%windir%\system32\wermgr.exe"" with return code 0."
"9/1/2026 8:30:15 PM","200","Information","Microsoft-Windows-TaskScheduler","Task Scheduler launched action ""%windir%\system32\wermgr.exe"" in instance ""{0ebbf4e4-617f-4a79-85ec-8b3410e15225}"" of task ""\Microsoft\Windows\Windows Error Reporting\QueueReporting""."
"9/1/2026 8:30:15 PM","100","Information","Microsoft-Windows-TaskScheduler","Task Scheduler started ""{0ebbf4e4-617f-4a79-85ec-8b3410e15225}"" instance of the ""\Microsoft\Windows\Windows Error Reporting\QueueReporting"" task for user ""NT AUTHORITY\SYSTEM""."
"9/1/2026 8:30:15 PM","129","Information","Microsoft-Windows-TaskScheduler","Task Scheduler launch task ""\Microsoft\Windows\Windows Error Reporting\QueueReporting"" , instance ""%windir%\system32\wermgr.exe""  with process ID 1436."
"9/1/2026 8:30:15 PM","118","Information","Microsoft-Windows-TaskScheduler","Task Scheduler launched ""{0ebbf4e4-617f-4a79-85ec-8b3410e15225}""  instance of task ""\Microsoft\Windows\Windows Error Reporting\QueueReporting""  due to system startup."
"9/1/2026 8:30:13 PM","140","Information","Microsoft-Windows-TaskScheduler","User ""SCAFFOLD\DC$""  updated Task Scheduler task ""\Microsoft\Windows\UpdateOrchestrator\Schedule Scan"""
"9/1/2026 8:30:13 PM","140","Information","Microsoft-Windows-TaskScheduler","User ""S-1-5-18""  updated Task Scheduler task ""\Microsoft\Windows\UpdateOrchestrator\Schedule Scan"""
"9/1/2026 8:30:13 PM","200","Information","Microsoft-Windows-TaskScheduler","Task Scheduler launched action ""OneSettings Refresh Cache Task Handler"" in instance ""{9719aa1f-5818-473c-bb0a-fafb3c8cf5cb}"" of task ""\Microsoft\Windows\Flighting\OneSettings\RefreshCache""."
"9/1/2026 8:30:13 PM","100","Information","Microsoft-Windows-TaskScheduler","Task Scheduler started ""{9719aa1f-5818-473c-bb0a-fafb3c8cf5cb}"" instance of the ""\Microsoft\Windows\Flighting\OneSettings\RefreshCache"" task for user ""NT AUTHORITY\SYSTEM""."
"9/1/2026 8:30:13 PM","129","Information","Microsoft-Windows-TaskScheduler","Task Scheduler launch task ""\Microsoft\Windows\Flighting\OneSettings\RefreshCache"" , instance ""taskhostw.exe""  with process ID 2496."
"9/1/2026 8:30:05 PM","103","Error","Microsoft-Windows-TaskScheduler","Task Scheduler failed to start instance ""{ce10b622-d402-4d58-a680-2e2823f69cf3}"" of ""\Microsoft\Windows\International\Synchronize Language Settings""  task for user ""SCAFFOLD\Administrator"" . Additional Data: Error Value: 2147746053."
"9/1/2026 8:30:05 PM","202","Error","Microsoft-Windows-TaskScheduler","Task Scheduler failed to complete task ""\Microsoft\Windows\International\Synchronize Language Settings"" , instance ""{ce10b622-d402-4d58-a680-2e2823f69cf3}"" , action ""Sync Language Data From Cloud Task"" . Additional Data: Error Value: 2147746053."
"9/1/2026 8:29:59 PM","102","Information","Microsoft-Windows-TaskScheduler","Task Scheduler successfully finished ""{a0835adc-f8aa-4be7-90dc-ee191b5e1e59}"" instance of the ""\Microsoft\Windows\Workplace Join\Automatic-Device-Join"" task for user ""NT AUTHORITY\SYSTEM""."
"9/1/2026 8:29:59 PM","201","Information","Microsoft-Windows-TaskScheduler","Task Scheduler successfully completed task ""\Microsoft\Windows\Workplace Join\Automatic-Device-Join"" , instance ""{a0835adc-f8aa-4be7-90dc-ee191b5e1e59}"" , action ""%SystemRoot%\System32\dsregcmd.exe"" with return code 2147942401."
"9/1/2026 8:29:59 PM","200","Information","Microsoft-Windows-TaskScheduler","Task Scheduler launched action ""%SystemRoot%\System32\dsregcmd.exe"" in instance ""{a0835adc-f8aa-4be7-90dc-ee191b5e1e59}"" of task ""\Microsoft\Windows\Workplace Join\Automatic-Device-Join""."
"9/1/2026 8:29:59 PM","100","Information","Microsoft-Windows-TaskScheduler","Task Scheduler started ""{a0835adc-f8aa-4be7-90dc-ee191b5e1e59}"" instance of the ""\Microsoft\Windows\Workplace Join\Automatic-Device-Join"" task for user ""NT AUTHORITY\SYSTEM""."
"9/1/2026 8:29:59 PM","129","Information","Microsoft-Windows-TaskScheduler","Task Scheduler launch task ""\Microsoft\Windows\Workplace Join\Automatic-Device-Join"" , instance ""%SystemRoot%\System32\dsregcmd.exe""  with process ID 1092."
"9/1/2026 8:29:59 PM","119","Information","Microsoft-Windows-TaskScheduler","Task Scheduler launched ""{a0835adc-f8aa-4be7-90dc-ee191b5e1e59}""  instance of task ""\Microsoft\Windows\Workplace Join\Automatic-Device-Join"" due to user ""SCAFFOLD\Administrator""  logon."
"9/1/2026 8:29:40 PM","102","Information","Microsoft-Windows-TaskScheduler","Task Scheduler successfully finished ""{c8d83a01-f71e-4501-b41b-9d36281cf3aa}"" instance of the ""\Microsoft\Windows\UpdateOrchestrator\MusUx_UpdateInterval"" task for user ""NT AUTHORITY\SYSTEM""."
"9/1/2026 8:29:40 PM","201","Information","Microsoft-Windows-TaskScheduler","Task Scheduler successfully completed task ""\Microsoft\Windows\UpdateOrchestrator\MusUx_UpdateInterval"" , instance ""{c8d83a01-f71e-4501-b41b-9d36281cf3aa}"" , action ""%systemroot%\system32\MusNotification.exe"" with return code 0."
"9/1/2026 8:29:37 PM","140","Information","Microsoft-Windows-TaskScheduler","User ""SCAFFOLD\DC$""  updated Task Scheduler task ""\Microsoft\Windows\Application Experience\PcaPatchDbTask"""
"9/1/2026 8:29:36 PM","140","Information","Microsoft-Windows-TaskScheduler","User ""SCAFFOLD\DC$""  updated Task Scheduler task ""\Microsoft\Windows\UpdateOrchestrator\Schedule Scan"""
"9/1/2026 8:29:36 PM","140","Information","Microsoft-Windows-TaskScheduler","User ""S-1-5-18""  updated Task Scheduler task ""\Microsoft\Windows\UpdateOrchestrator\Schedule Scan"""
"9/1/2026 8:29:35 PM","200","Information","Microsoft-Windows-TaskScheduler","Task Scheduler launched action ""%systemroot%\system32\MusNotification.exe"" in instance ""{c8d83a01-f71e-4501-b41b-9d36281cf3aa}"" of task ""\Microsoft\Windows\UpdateOrchestrator\MusUx_UpdateInterval""."
"9/1/2026 8:29:35 PM","100","Information","Microsoft-Windows-TaskScheduler","Task Scheduler started ""{c8d83a01-f71e-4501-b41b-9d36281cf3aa}"" instance of the ""\Microsoft\Windows\UpdateOrchestrator\MusUx_UpdateInterval"" task for user ""NT AUTHORITY\SYSTEM""."
"9/1/2026 8:29:35 PM","129","Information","Microsoft-Windows-TaskScheduler","Task Scheduler launch task ""\Microsoft\Windows\UpdateOrchestrator\MusUx_UpdateInterval"" , instance ""%systemroot%\system32\MusNotification.exe""  with process ID 540."
"9/1/2026 8:29:35 PM","119","Information","Microsoft-Windows-TaskScheduler","Task Scheduler launched ""{c8d83a01-f71e-4501-b41b-9d36281cf3aa}""  instance of task ""\Microsoft\Windows\UpdateOrchestrator\MusUx_UpdateInterval"" due to user ""SCAFFOLD\Administrator""  logon."
"9/1/2026 8:29:29 PM","200","Information","Microsoft-Windows-TaskScheduler","Task Scheduler launched action ""Sync Language Data From Cloud Task"" in instance ""{ce10b622-d402-4d58-a680-2e2823f69cf3}"" of task ""\Microsoft\Windows\International\Synchronize Language Settings""."
"9/1/2026 8:29:29 PM","100","Information","Microsoft-Windows-TaskScheduler","Task Scheduler started ""{ce10b622-d402-4d58-a680-2e2823f69cf3}"" instance of the ""\Microsoft\Windows\International\Synchronize Language Settings"" task for user ""SCAFFOLD\Administrator""."
"9/1/2026 8:29:29 PM","129","Information","Microsoft-Windows-TaskScheduler","Task Scheduler launch task ""\Microsoft\Windows\International\Synchronize Language Settings"" , instance ""taskhostw.exe""  with process ID 6352."
