"5/24/2026 3:12:41 PM","201","Information","Microsoft-Windows-TaskScheduler","Task Scheduler successfully completed task ""\Microsoft\Windows\Windows Error Reporting\QueueReporting"" , instance ""{3b4c8dbf-951c-4718-8c84-a8aa13964b1e}"" , action ""%windir%\system32\wermgr.exe"" with return code 0."
"5/24/2026 3:12:41 PM","102","Information","Microsoft-Windows-TaskScheduler","Task Scheduler successfully finished ""{76b8bad8-797c-47c5-b7e8-362272a33e8e}"" instance of the ""\Microsoft\Windows\Flighting\FeatureConfig\ReconcileFeatures"" task for user ""NT AUTHORITY\SYSTEM""."
"5/24/2026 3:12:41 PM","201","Information","Microsoft-Windows-TaskScheduler","Task Scheduler successfully completed task ""\Microsoft\Windows\Flighting\FeatureConfig\ReconcileFeatures"" , instance ""{76b8bad8-797c-47c5-b7e8-362272a33e8e}"" , action ""Feature Configuration Reconciliation Task Handler"" with return code 0."
"5/24/2026 3:12:41 PM","200","Information","Microsoft-Windows-TaskScheduler","Task Scheduler launched action ""%windir%\system32\wermgr.exe"" in instance ""{3b4c8dbf-951c-4718-8c84-a8aa13964b1e}"" of task ""\Microsoft\Windows\Windows Error Reporting\QueueReporting""."
"5/24/2026 3:12:41 PM","100","Information","Microsoft-Windows-TaskScheduler","Task Scheduler started ""{3b4c8dbf-951c-4718-8c84-a8aa13964b1e}"" instance of the ""\Microsoft\Windows\Windows Error Reporting\QueueReporting"" task for user ""NT AUTHORITY\SYSTEM""."
"5/24/2026 3:12:41 PM","129","Information","Microsoft-Windows-TaskScheduler","Task Scheduler launch task ""\Microsoft\Windows\Windows Error Reporting\QueueReporting"" , instance ""%windir%\system32\wermgr.exe""  with process ID 7648."
"5/24/2026 3:12:41 PM","200","Information","Microsoft-Windows-TaskScheduler","Task Scheduler launched action ""Feature Configuration Reconciliation Task Handler"" in instance ""{76b8bad8-797c-47c5-b7e8-362272a33e8e}"" of task ""\Microsoft\Windows\Flighting\FeatureConfig\ReconcileFeatures""."
"5/24/2026 3:12:41 PM","100","Information","Microsoft-Windows-TaskScheduler","Task Scheduler started ""{76b8bad8-797c-47c5-b7e8-362272a33e8e}"" instance of the ""\Microsoft\Windows\Flighting\FeatureConfig\ReconcileFeatures"" task for user ""NT AUTHORITY\SYSTEM""."
"5/24/2026 3:12:41 PM","129","Information","Microsoft-Windows-TaskScheduler","Task Scheduler launch task ""\Microsoft\Windows\Flighting\FeatureConfig\ReconcileFeatures"" , instance ""taskhostw.exe""  with process ID 6340."
"5/24/2026 3:12:41 PM","118","Information","Microsoft-Windows-TaskScheduler","Task Scheduler launched ""{3b4c8dbf-951c-4718-8c84-a8aa13964b1e}""  instance of task ""\Microsoft\Windows\Windows Error Reporting\QueueReporting""  due to system startup."
"5/24/2026 3:12:41 PM","200","Information","Microsoft-Windows-TaskScheduler","Task Scheduler launched action ""powershell.exe"" in instance ""{671a8d14-22fd-4803-9976-eabcca7a37fc}"" of task ""\Scaffold\ScaffoldDeployEngine""."
"5/24/2026 3:12:41 PM","100","Information","Microsoft-Windows-TaskScheduler","Task Scheduler started ""{671a8d14-22fd-4803-9976-eabcca7a37fc}"" instance of the ""\Scaffold\ScaffoldDeployEngine"" task for user ""NT AUTHORITY\SYSTEM""."
"5/24/2026 3:12:41 PM","129","Information","Microsoft-Windows-TaskScheduler","Task Scheduler launch task ""\Scaffold\ScaffoldDeployEngine"" , instance ""powershell.exe""  with process ID 3328."
"5/24/2026 3:12:41 PM","107","Information","Microsoft-Windows-TaskScheduler","Task Scheduler launched ""{671a8d14-22fd-4803-9976-eabcca7a37fc}""  instance of task ""\Scaffold\ScaffoldDeployEngine"" due to a time trigger condition."
"5/24/2026 3:12:24 PM","140","Information","Microsoft-Windows-TaskScheduler","User ""SCAFFOLD\DC$""  updated Task Scheduler task ""\Microsoft\Windows\UpdateOrchestrator\Schedule Scan"""
"5/24/2026 3:12:24 PM","140","Information","Microsoft-Windows-TaskScheduler","User ""S-1-5-18""  updated Task Scheduler task ""\Microsoft\Windows\UpdateOrchestrator\Schedule Scan"""
"5/24/2026 3:12:21 PM","140","Information","Microsoft-Windows-TaskScheduler","User ""SCAFFOLD\DC$""  updated Task Scheduler task ""\Microsoft\Windows\Application Experience\PcaPatchDbTask"""
"5/24/2026 3:11:54 PM","103","Error","Microsoft-Windows-TaskScheduler","Task Scheduler failed to start instance ""{7172978f-8f6f-4578-a517-b21a35bbd000}"" of ""\Microsoft\Windows\International\Synchronize Language Settings""  task for user ""SCAFFOLD\Administrator"" . Additional Data: Error Value: 2147746053."
"5/24/2026 3:11:54 PM","202","Error","Microsoft-Windows-TaskScheduler","Task Scheduler failed to complete task ""\Microsoft\Windows\International\Synchronize Language Settings"" , instance ""{7172978f-8f6f-4578-a517-b21a35bbd000}"" , action ""Sync Language Data From Cloud Task"" . Additional Data: Error Value: 2147746053."
"5/24/2026 3:11:50 PM","102","Information","Microsoft-Windows-TaskScheduler","Task Scheduler successfully finished ""{97a8c4cb-28be-4fc2-9501-ea158b1ed13f}"" instance of the ""\Microsoft\Windows\Workplace Join\Automatic-Device-Join"" task for user ""NT AUTHORITY\SYSTEM""."
"5/24/2026 3:11:50 PM","201","Information","Microsoft-Windows-TaskScheduler","Task Scheduler successfully completed task ""\Microsoft\Windows\Workplace Join\Automatic-Device-Join"" , instance ""{97a8c4cb-28be-4fc2-9501-ea158b1ed13f}"" , action ""%SystemRoot%\System32\dsregcmd.exe"" with return code 2147942401."
"5/24/2026 3:11:50 PM","200","Information","Microsoft-Windows-TaskScheduler","Task Scheduler launched action ""%SystemRoot%\System32\dsregcmd.exe"" in instance ""{97a8c4cb-28be-4fc2-9501-ea158b1ed13f}"" of task ""\Microsoft\Windows\Workplace Join\Automatic-Device-Join""."
"5/24/2026 3:11:50 PM","100","Information","Microsoft-Windows-TaskScheduler","Task Scheduler started ""{97a8c4cb-28be-4fc2-9501-ea158b1ed13f}"" instance of the ""\Microsoft\Windows\Workplace Join\Automatic-Device-Join"" task for user ""NT AUTHORITY\SYSTEM""."
"5/24/2026 3:11:50 PM","129","Information","Microsoft-Windows-TaskScheduler","Task Scheduler launch task ""\Microsoft\Windows\Workplace Join\Automatic-Device-Join"" , instance ""%SystemRoot%\System32\dsregcmd.exe""  with process ID 7716."
"5/24/2026 3:11:50 PM","119","Information","Microsoft-Windows-TaskScheduler","Task Scheduler launched ""{97a8c4cb-28be-4fc2-9501-ea158b1ed13f}""  instance of task ""\Microsoft\Windows\Workplace Join\Automatic-Device-Join"" due to user ""SCAFFOLD\Administrator""  logon."
"5/24/2026 3:11:20 PM","200","Information","Microsoft-Windows-TaskScheduler","Task Scheduler launched action ""Sync Language Data From Cloud Task"" in instance ""{7172978f-8f6f-4578-a517-b21a35bbd000}"" of task ""\Microsoft\Windows\International\Synchronize Language Settings""."
"5/24/2026 3:11:20 PM","100","Information","Microsoft-Windows-TaskScheduler","Task Scheduler started ""{7172978f-8f6f-4578-a517-b21a35bbd000}"" instance of the ""\Microsoft\Windows\International\Synchronize Language Settings"" task for user ""SCAFFOLD\Administrator""."
"5/24/2026 3:11:20 PM","129","Information","Microsoft-Windows-TaskScheduler","Task Scheduler launch task ""\Microsoft\Windows\International\Synchronize Language Settings"" , instance ""taskhostw.exe""  with process ID 7464."
"5/24/2026 3:11:20 PM","119","Information","Microsoft-Windows-TaskScheduler","Task Scheduler launched ""{7172978f-8f6f-4578-a517-b21a35bbd000}""  instance of task ""\Microsoft\Windows\International\Synchronize Language Settings"" due to user ""SCAFFOLD\Administrator""  logon."
"5/24/2026 3:10:51 PM","102","Information","Microsoft-Windows-TaskScheduler","Task Scheduler successfully finished ""{0fcd71f3-1c67-4bbe-88ed-8bf46e6086d1}"" instance of the ""\Microsoft\Windows\Server Manager\ServerManager"" task for user ""SCAFFOLD\Administrator""."
"5/24/2026 3:10:51 PM","201","Information","Microsoft-Windows-TaskScheduler","Task Scheduler successfully completed task ""\Microsoft\Windows\Server Manager\ServerManager"" , instance ""{0fcd71f3-1c67-4bbe-88ed-8bf46e6086d1}"" , action ""%windir%\system32\ServerManagerLauncher.exe"" with return code 0."
"5/24/2026 3:10:50 PM","102","Information","Microsoft-Windows-TaskScheduler","Task Scheduler successfully finished ""{59cf0a48-d11b-493d-8607-1d1989d1f393}"" instance of the ""\Microsoft\Windows\WindowsColorSystem\Calibration Loader"" task for user ""SCAFFOLD\Administrator""."
"5/24/2026 3:10:50 PM","201","Information","Microsoft-Windows-TaskScheduler","Task Scheduler successfully completed task ""\Microsoft\Windows\WindowsColorSystem\Calibration Loader"" , instance ""{59cf0a48-d11b-493d-8607-1d1989d1f393}"" , action ""Color Calibration Loader"" with return code 0."
"5/24/2026 3:10:50 PM","102","Information","Microsoft-Windows-TaskScheduler","Task Scheduler successfully finished ""{732de5b6-580c-4451-ab91-4e635c92bda1}"" instance of the ""\Microsoft\Windows\CertificateServicesClient\UserTask"" task for user ""SCAFFOLD\Administrator""."
"5/24/2026 3:10:50 PM","201","Information","Microsoft-Windows-TaskScheduler","Task Scheduler successfully completed task ""\Microsoft\Windows\CertificateServicesClient\UserTask"" , instance ""{732de5b6-580c-4451-ab91-4e635c92bda1}"" , action ""Certificate Services Client Task Handler"" with return code 0."
"5/24/2026 3:10:50 PM","102","Information","Microsoft-Windows-TaskScheduler","Task Scheduler successfully finished ""{af260148-3d63-4334-b7a2-b6cc67c3ebeb}"" instance of the ""\Microsoft\Windows\Plug and Play\Device Install Reboot Required"" task for user ""SCAFFOLD\Administrator""."
"5/24/2026 3:10:50 PM","201","Information","Microsoft-Windows-TaskScheduler","Task Scheduler successfully completed task ""\Microsoft\Windows\Plug and Play\Device Install Reboot Required"" , instance ""{af260148-3d63-4334-b7a2-b6cc67c3ebeb}"" , action ""Device Installation Reboot Dialog Task"" with return code 0."
"5/24/2026 3:10:49 PM","200","Information","Microsoft-Windows-TaskScheduler","Task Scheduler launched action ""C:\Windows\Explorer.EXE"" in instance ""{c93ff7de-fd7b-4c2d-8687-403b294a258e}"" of task ""\CreateExplorerShellUnelevatedTask""."
"5/24/2026 3:10:49 PM","100","Information","Microsoft-Windows-TaskScheduler","Task Scheduler started ""{c93ff7de-fd7b-4c2d-8687-403b294a258e}"" instance of the ""\CreateExplorerShellUnelevatedTask"" task for user ""SCAFFOLD\Administrator""."
"5/24/2026 3:10:49 PM","129","Information","Microsoft-Windows-TaskScheduler","Task Scheduler launch task ""\CreateExplorerShellUnelevatedTask"" , instance ""C:\Windows\Explorer.EXE""  with process ID 6708."
"5/24/2026 3:10:49 PM","109","Information","Microsoft-Windows-TaskScheduler","Task Scheduler launched ""{c93ff7de-fd7b-4c2d-8687-403b294a258e}""  instance of task ""\CreateExplorerShellUnelevatedTask""  according to a registration trigger."
"5/24/2026 3:10:49 PM","140","Information","Microsoft-Windows-TaskScheduler","User ""SCAFFOLD\Administrator""  updated Task Scheduler task ""\CreateExplorerShellUnelevatedTask"""
"5/24/2026 3:10:49 PM","106","Information","Microsoft-Windows-TaskScheduler","User ""SCAFFOLD\Administrator""  registered Task Scheduler task ""\CreateExplorerShellUnelevatedTask"""
"5/24/2026 3:10:49 PM","141","Information","Microsoft-Windows-TaskScheduler","User ""SCAFFOLD\Administrator""  deleted Task Scheduler task ""\CreateExplorerShellUnelevatedTask"""
"5/24/2026 3:10:49 PM","200","Information","Microsoft-Windows-TaskScheduler","Task Scheduler launched action ""Device Installation Reboot Dialog Task"" in instance ""{af260148-3d63-4334-b7a2-b6cc67c3ebeb}"" of task ""\Microsoft\Windows\Plug and Play\Device Install Reboot Required""."
"5/24/2026 3:10:49 PM","100","Information","Microsoft-Windows-TaskScheduler","Task Scheduler started ""{af260148-3d63-4334-b7a2-b6cc67c3ebeb}"" instance of the ""\Microsoft\Windows\Plug and Play\Device Install Reboot Required"" task for user ""SCAFFOLD\Administrator""."
"5/24/2026 3:10:49 PM","129","Information","Microsoft-Windows-TaskScheduler","Task Scheduler launch task ""\Microsoft\Windows\Plug and Play\Device Install Reboot Required"" , instance ""taskhostw.exe""  with process ID 6672."
"5/24/2026 3:10:49 PM","200","Information","Microsoft-Windows-TaskScheduler","Task Scheduler launched action ""Wininet Cache task object"" in instance ""{c439a64a-c61d-467a-829b-03893a909a2f}"" of task ""\Microsoft\Windows\Wininet\CacheTask""."
"5/24/2026 3:10:49 PM","100","Information","Microsoft-Windows-TaskScheduler","Task Scheduler started ""{c439a64a-c61d-467a-829b-03893a909a2f}"" instance of the ""\Microsoft\Windows\Wininet\CacheTask"" task for user ""SCAFFOLD\Administrator""."
"5/24/2026 3:10:49 PM","129","Information","Microsoft-Windows-TaskScheduler","Task Scheduler launch task ""\Microsoft\Windows\Wininet\CacheTask"" , instance ""taskhostw.exe""  with process ID 6408."
"5/24/2026 3:10:49 PM","200","Information","Microsoft-Windows-TaskScheduler","Task Scheduler launched action ""Color Calibration Loader"" in instance ""{59cf0a48-d11b-493d-8607-1d1989d1f393}"" of task ""\Microsoft\Windows\WindowsColorSystem\Calibration Loader""."
"5/24/2026 3:10:49 PM","100","Information","Microsoft-Windows-TaskScheduler","Task Scheduler started ""{59cf0a48-d11b-493d-8607-1d1989d1f393}"" instance of the ""\Microsoft\Windows\WindowsColorSystem\Calibration Loader"" task for user ""SCAFFOLD\Administrator""."
"5/24/2026 3:10:49 PM","102","Information","Microsoft-Windows-TaskScheduler","Task Scheduler successfully finished ""{7e363cba-9e9d-471e-9f2b-68b157dfd111}"" instance of the ""\Microsoft\Windows\TextServicesFramework\MsCtfMonitor"" task for user ""SCAFFOLD\Administrator""."
"5/24/2026 3:10:49 PM","201","Information","Microsoft-Windows-TaskScheduler","Task Scheduler successfully completed task ""\Microsoft\Windows\TextServicesFramework\MsCtfMonitor"" , instance ""{7e363cba-9e9d-471e-9f2b-68b157dfd111}"" , action ""MsCtfMonitor task handler"" with return code 0."
"5/24/2026 3:10:49 PM","200","Information","Microsoft-Windows-TaskScheduler","Task Scheduler launched action ""C:\Program Files (x86)\Microsoft\EdgeUpdate\MicrosoftEdgeUpdate.exe"" in instance ""{1c8d0737-70ee-47dd-a896-1bac7f591480}"" of task ""\MicrosoftEdgeUpdateTaskMachineCore""."
"5/24/2026 3:10:49 PM","100","Information","Microsoft-Windows-TaskScheduler","Task Scheduler started ""{1c8d0737-70ee-47dd-a896-1bac7f591480}"" instance of the ""\MicrosoftEdgeUpdateTaskMachineCore"" task for user ""NT AUTHORITY\SYSTEM""."
"5/24/2026 3:10:49 PM","129","Information","Microsoft-Windows-TaskScheduler","Task Scheduler launch task ""\MicrosoftEdgeUpdateTaskMachineCore"" , instance ""C:\Program Files (x86)\Microsoft\EdgeUpdate\MicrosoftEdgeUpdate.exe""  with process ID 1952."
"5/24/2026 3:10:49 PM","200","Information","Microsoft-Windows-TaskScheduler","Task Scheduler launched action ""Certificate Services Client Task Handler"" in instance ""{732de5b6-580c-4451-ab91-4e635c92bda1}"" of task ""\Microsoft\Windows\CertificateServicesClient\UserTask""."
"5/24/2026 3:10:49 PM","100","Information","Microsoft-Windows-TaskScheduler","Task Scheduler started ""{732de5b6-580c-4451-ab91-4e635c92bda1}"" instance of the ""\Microsoft\Windows\CertificateServicesClient\UserTask"" task for user ""SCAFFOLD\Administrator""."
"5/24/2026 3:10:49 PM","129","Information","Microsoft-Windows-TaskScheduler","Task Scheduler launch task ""\Microsoft\Windows\CertificateServicesClient\UserTask"" , instance ""taskhostw.exe""  with process ID 3800."
"5/24/2026 3:10:49 PM","119","Information","Microsoft-Windows-TaskScheduler","Task Scheduler launched ""{1c8d0737-70ee-47dd-a896-1bac7f591480}""  instance of task ""\MicrosoftEdgeUpdateTaskMachineCore"" due to user ""SCAFFOLD\Administrator""  logon."
"5/24/2026 3:10:49 PM","200","Information","Microsoft-Windows-TaskScheduler","Task Scheduler launched action ""MsCtfMonitor task handler"" in instance ""{7e363cba-9e9d-471e-9f2b-68b157dfd111}"" of task ""\Microsoft\Windows\TextServicesFramework\MsCtfMonitor""."
"5/24/2026 3:10:49 PM","100","Information","Microsoft-Windows-TaskScheduler","Task Scheduler started ""{7e363cba-9e9d-471e-9f2b-68b157dfd111}"" instance of the ""\Microsoft\Windows\TextServicesFramework\MsCtfMonitor"" task for user ""SCAFFOLD\Administrator""."
"5/24/2026 3:10:49 PM","119","Information","Microsoft-Windows-TaskScheduler","Task Scheduler launched ""{732de5b6-580c-4451-ab91-4e635c92bda1}""  instance of task ""\Microsoft\Windows\CertificateServicesClient\UserTask"" due to user ""SCAFFOLD\Administrator""  logon."
"5/24/2026 3:10:49 PM","129","Information","Microsoft-Windows-TaskScheduler","Task Scheduler launch task ""\Microsoft\Windows\TextServicesFramework\MsCtfMonitor"" , instance ""taskhostw.exe""  with process ID 1992."
"5/24/2026 3:10:49 PM","119","Information","Microsoft-Windows-TaskScheduler","Task Scheduler launched ""{af260148-3d63-4334-b7a2-b6cc67c3ebeb}""  instance of task ""\Microsoft\Windows\Plug and Play\Device Install Reboot Required"" due to user ""SCAFFOLD\Administrator""  logon."
"5/24/2026 3:10:49 PM","200","Information","Microsoft-Windows-TaskScheduler","Task Scheduler launched action ""%windir%\system32\ServerManagerLauncher.exe"" in instance ""{0fcd71f3-1c67-4bbe-88ed-8bf46e6086d1}"" of task ""\Microsoft\Windows\Server Manager\ServerManager""."
"5/24/2026 3:10:49 PM","100","Information","Microsoft-Windows-TaskScheduler","Task Scheduler started ""{0fcd71f3-1c67-4bbe-88ed-8bf46e6086d1}"" instance of the ""\Microsoft\Windows\Server Manager\ServerManager"" task for user ""SCAFFOLD\Administrator""."
"5/24/2026 3:10:49 PM","129","Information","Microsoft-Windows-TaskScheduler","Task Scheduler launch task ""\Microsoft\Windows\Server Manager\ServerManager"" , instance ""%windir%\system32\ServerManagerLauncher.exe""  with process ID 1888."
"5/24/2026 3:10:49 PM","119","Information","Microsoft-Windows-TaskScheduler","Task Scheduler launched ""{c439a64a-c61d-467a-829b-03893a909a2f}""  instance of task ""\Microsoft\Windows\Wininet\CacheTask"" due to user ""SCAFFOLD\Administrator""  logon."
"5/24/2026 3:10:49 PM","119","Information","Microsoft-Windows-TaskScheduler","Task Scheduler launched ""{59cf0a48-d11b-493d-8607-1d1989d1f393}""  instance of task ""\Microsoft\Windows\WindowsColorSystem\Calibration Loader"" due to user ""SCAFFOLD\Administrator""  logon."
"5/24/2026 3:10:49 PM","119","Information","Microsoft-Windows-TaskScheduler","Task Scheduler launched ""{0fcd71f3-1c67-4bbe-88ed-8bf46e6086d1}""  instance of task ""\Microsoft\Windows\Server Manager\ServerManager"" due to user ""SCAFFOLD\Administrator""  logon."
"5/24/2026 3:10:49 PM","119","Information","Microsoft-Windows-TaskScheduler","Task Scheduler launched ""{7e363cba-9e9d-471e-9f2b-68b157dfd111}""  instance of task ""\Microsoft\Windows\TextServicesFramework\MsCtfMonitor"" due to user ""SCAFFOLD\Administrator""  logon."
"5/24/2026 3:10:42 PM","102","Information","Microsoft-Windows-TaskScheduler","Task Scheduler successfully finished ""{a9352c52-9767-4d18-a00f-9652100c9c38}"" instance of the ""\Scaffold\ScaffoldDeployEngine"" task for user ""NT AUTHORITY\SYSTEM""."
"5/24/2026 3:10:42 PM","201","Information","Microsoft-Windows-TaskScheduler","Task Scheduler successfully completed task ""\Scaffold\ScaffoldDeployEngine"" , instance ""{a9352c52-9767-4d18-a00f-9652100c9c38}"" , action ""powershell.exe"" with return code 0."
"5/24/2026 3:10:41 PM","102","Information","Microsoft-Windows-TaskScheduler","Task Scheduler successfully finished ""{78c3ded6-d6c8-4103-a987-ea164d60b3e0}"" instance of the ""\Microsoft\Windows\Software Inventory Logging\Configuration"" task for user ""NT AUTHORITY\SYSTEM""."
"5/24/2026 3:10:41 PM","201","Information","Microsoft-Windows-TaskScheduler","Task Scheduler successfully completed task ""\Microsoft\Windows\Software Inventory Logging\Configuration"" , instance ""{78c3ded6-d6c8-4103-a987-ea164d60b3e0}"" , action ""%systemroot%\system32\cmd.exe"" with return code 0."
"5/24/2026 3:10:41 PM","102","Information","Microsoft-Windows-TaskScheduler","Task Scheduler successfully finished ""{eb9af639-3c26-464a-b89f-ed0d6b6e7f2c}"" instance of the ""\Microsoft\Windows\DirectX\DXGIAdapterCache"" task for user ""NT AUTHORITY\SYSTEM""."
"5/24/2026 3:10:41 PM","201","Information","Microsoft-Windows-TaskScheduler","Task Scheduler successfully completed task ""\Microsoft\Windows\DirectX\DXGIAdapterCache"" , instance ""{eb9af639-3c26-464a-b89f-ed0d6b6e7f2c}"" , action ""%windir%\system32\dxgiadaptercache.exe"" with return code 0."
"5/24/2026 3:10:41 PM","200","Information","Microsoft-Windows-TaskScheduler","Task Scheduler launched action ""%windir%\system32\dxgiadaptercache.exe"" in instance ""{eb9af639-3c26-464a-b89f-ed0d6b6e7f2c}"" of task ""\Microsoft\Windows\DirectX\DXGIAdapterCache""."
"5/24/2026 3:10:41 PM","100","Information","Microsoft-Windows-TaskScheduler","Task Scheduler started ""{eb9af639-3c26-464a-b89f-ed0d6b6e7f2c}"" instance of the ""\Microsoft\Windows\DirectX\DXGIAdapterCache"" task for user ""NT AUTHORITY\SYSTEM""."
"5/24/2026 3:10:41 PM","200","Information","Microsoft-Windows-TaskScheduler","Task Scheduler launched action ""%systemroot%\system32\cmd.exe"" in instance ""{78c3ded6-d6c8-4103-a987-ea164d60b3e0}"" of task ""\Microsoft\Windows\Software Inventory Logging\Configuration""."
"5/24/2026 3:10:41 PM","100","Information","Microsoft-Windows-TaskScheduler","Task Scheduler started ""{78c3ded6-d6c8-4103-a987-ea164d60b3e0}"" instance of the ""\Microsoft\Windows\Software Inventory Logging\Configuration"" task for user ""NT AUTHORITY\SYSTEM""."
"5/24/2026 3:10:41 PM","129","Information","Microsoft-Windows-TaskScheduler","Task Scheduler launch task ""\Microsoft\Windows\DirectX\DXGIAdapterCache"" , instance ""%windir%\system32\dxgiadaptercache.exe""  with process ID 5408."
"5/24/2026 3:10:41 PM","129","Information","Microsoft-Windows-TaskScheduler","Task Scheduler launch task ""\Microsoft\Windows\Software Inventory Logging\Configuration"" , instance ""%systemroot%\system32\cmd.exe""  with process ID 3540."
"5/24/2026 3:10:41 PM","118","Information","Microsoft-Windows-TaskScheduler","Task Scheduler launched ""{eb9af639-3c26-464a-b89f-ed0d6b6e7f2c}""  instance of task ""\Microsoft\Windows\DirectX\DXGIAdapterCache""  due to system startup."
"5/24/2026 3:10:41 PM","118","Information","Microsoft-Windows-TaskScheduler","Task Scheduler launched ""{78c3ded6-d6c8-4103-a987-ea164d60b3e0}""  instance of task ""\Microsoft\Windows\Software Inventory Logging\Configuration""  due to system startup."
"5/24/2026 3:10:41 PM","200","Information","Microsoft-Windows-TaskScheduler","Task Scheduler launched action ""powershell.exe"" in instance ""{a9352c52-9767-4d18-a00f-9652100c9c38}"" of task ""\Scaffold\ScaffoldDeployEngine""."
"5/24/2026 3:10:41 PM","100","Information","Microsoft-Windows-TaskScheduler","Task Scheduler started ""{a9352c52-9767-4d18-a00f-9652100c9c38}"" instance of the ""\Scaffold\ScaffoldDeployEngine"" task for user ""NT AUTHORITY\SYSTEM""."
"5/24/2026 3:10:41 PM","129","Information","Microsoft-Windows-TaskScheduler","Task Scheduler launch task ""\Scaffold\ScaffoldDeployEngine"" , instance ""powershell.exe""  with process ID 2708."
"5/24/2026 3:10:41 PM","107","Information","Microsoft-Windows-TaskScheduler","Task Scheduler launched ""{a9352c52-9767-4d18-a00f-9652100c9c38}""  instance of task ""\Scaffold\ScaffoldDeployEngine"" due to a time trigger condition."
"5/24/2026 3:10:22 PM","140","Information","Microsoft-Windows-TaskScheduler","User ""SCAFFOLD\DC$""  updated Task Scheduler task ""\Microsoft\Windows\SoftwareProtectionPlatform\SvcRestartTask"""
"5/24/2026 3:10:21 PM","102","Information","Microsoft-Windows-TaskScheduler","Task Scheduler successfully finished ""{67ec4a5b-5231-4343-a4af-81a348c3bd4e}"" instance of the ""\Microsoft\Windows\CertificateServicesClient\SystemTask"" task for user ""NT AUTHORITY\SYSTEM""."
"5/24/2026 3:10:21 PM","201","Information","Microsoft-Windows-TaskScheduler","Task Scheduler successfully completed task ""\Microsoft\Windows\CertificateServicesClient\SystemTask"" , instance ""{67ec4a5b-5231-4343-a4af-81a348c3bd4e}"" , action ""Certificate Services Client Task Handler"" with return code 0."
"5/24/2026 3:10:21 PM","102","Information","Microsoft-Windows-TaskScheduler","Task Scheduler successfully finished ""{3edf3a04-96ac-4cb7-9b60-19a6dd321897}"" instance of the ""\Microsoft\Windows\Workplace Join\Automatic-Device-Join"" task for user ""NT AUTHORITY\SYSTEM""."
"5/24/2026 3:10:21 PM","201","Information","Microsoft-Windows-TaskScheduler","Task Scheduler successfully completed task ""\Microsoft\Windows\Workplace Join\Automatic-Device-Join"" , instance ""{3edf3a04-96ac-4cb7-9b60-19a6dd321897}"" , action ""%SystemRoot%\System32\dsregcmd.exe"" with return code 0."
"5/24/2026 3:09:51 PM","200","Information","Microsoft-Windows-TaskScheduler","Task Scheduler launched action ""Certificate Services Client Task Handler"" in instance ""{67ec4a5b-5231-4343-a4af-81a348c3bd4e}"" of task ""\Microsoft\Windows\CertificateServicesClient\SystemTask""."
"5/24/2026 3:09:51 PM","100","Information","Microsoft-Windows-TaskScheduler","Task Scheduler started ""{67ec4a5b-5231-4343-a4af-81a348c3bd4e}"" instance of the ""\Microsoft\Windows\CertificateServicesClient\SystemTask"" task for user ""NT AUTHORITY\SYSTEM""."
"5/24/2026 3:09:51 PM","129","Information","Microsoft-Windows-TaskScheduler","Task Scheduler launch task ""\Microsoft\Windows\CertificateServicesClient\SystemTask"" , instance ""taskhostw.exe""  with process ID 4600."
"5/24/2026 3:09:51 PM","118","Information","Microsoft-Windows-TaskScheduler","Task Scheduler launched ""{67ec4a5b-5231-4343-a4af-81a348c3bd4e}""  instance of task ""\Microsoft\Windows\CertificateServicesClient\SystemTask""  due to system startup."
"5/24/2026 3:09:42 PM","200","Information","Microsoft-Windows-TaskScheduler","Task Scheduler launched action ""%SystemRoot%\System32\dsregcmd.exe"" in instance ""{3edf3a04-96ac-4cb7-9b60-19a6dd321897}"" of task ""\Microsoft\Windows\Workplace Join\Automatic-Device-Join""."
"5/24/2026 3:09:42 PM","100","Information","Microsoft-Windows-TaskScheduler","Task Scheduler started ""{3edf3a04-96ac-4cb7-9b60-19a6dd321897}"" instance of the ""\Microsoft\Windows\Workplace Join\Automatic-Device-Join"" task for user ""NT AUTHORITY\SYSTEM""."
"5/24/2026 3:09:42 PM","129","Information","Microsoft-Windows-TaskScheduler","Task Scheduler launch task ""\Microsoft\Windows\Workplace Join\Automatic-Device-Join"" , instance ""%SystemRoot%\System32\dsregcmd.exe""  with process ID 2676."
"5/24/2026 3:09:42 PM","110","Information","Microsoft-Windows-TaskScheduler","Task Scheduler launched ""{3edf3a04-96ac-4cb7-9b60-19a6dd321897}""  instance of task ""\Microsoft\Windows\Workplace Join\Automatic-Device-Join""  for user ""System"" ."
"5/24/2026 3:09:42 PM","325","Warning","Microsoft-Windows-TaskScheduler","Task Scheduler queued instance ""{3edf3a04-96ac-4cb7-9b60-19a6dd321897}""  of task ""\Microsoft\Windows\Workplace Join\Automatic-Device-Join""."
"5/24/2026 3:09:41 PM","102","Information","Microsoft-Windows-TaskScheduler","Task Scheduler successfully finished ""{315afebd-d496-4eef-b842-489f2805acd6}"" instance of the ""\Microsoft\Windows\WwanSvc\OobeDiscovery"" task for user ""NT AUTHORITY\SYSTEM""."
"5/24/2026 3:09:41 PM","201","Information","Microsoft-Windows-TaskScheduler","Task Scheduler successfully completed task ""\Microsoft\Windows\WwanSvc\OobeDiscovery"" , instance ""{315afebd-d496-4eef-b842-489f2805acd6}"" , action ""OobeEsimTaskManager"" with return code 0."
"5/24/2026 3:09:41 PM","102","Information","Microsoft-Windows-TaskScheduler","Task Scheduler successfully finished ""{076cff7d-e4d4-45f1-b68f-f2c7ed84ff37}"" instance of the ""\Microsoft\Windows\DirectX\DXGIAdapterCache"" task for user ""NT AUTHORITY\SYSTEM""."
"5/24/2026 3:09:41 PM","201","Information","Microsoft-Windows-TaskScheduler","Task Scheduler successfully completed task ""\Microsoft\Windows\DirectX\DXGIAdapterCache"" , instance ""{076cff7d-e4d4-45f1-b68f-f2c7ed84ff37}"" , action ""%windir%\system32\dxgiadaptercache.exe"" with return code 0."
"5/24/2026 3:09:41 PM","200","Information","Microsoft-Windows-TaskScheduler","Task Scheduler launched action ""%windir%\system32\dxgiadaptercache.exe"" in instance ""{076cff7d-e4d4-45f1-b68f-f2c7ed84ff37}"" of task ""\Microsoft\Windows\DirectX\DXGIAdapterCache""."
"5/24/2026 3:09:41 PM","100","Information","Microsoft-Windows-TaskScheduler","Task Scheduler started ""{076cff7d-e4d4-45f1-b68f-f2c7ed84ff37}"" instance of the ""\Microsoft\Windows\DirectX\DXGIAdapterCache"" task for user ""NT AUTHORITY\SYSTEM""."
"5/24/2026 3:09:41 PM","129","Information","Microsoft-Windows-TaskScheduler","Task Scheduler launch task ""\Microsoft\Windows\DirectX\DXGIAdapterCache"" , instance ""%windir%\system32\dxgiadaptercache.exe""  with process ID 2644."
"5/24/2026 3:09:41 PM","102","Information","Microsoft-Windows-TaskScheduler","Task Scheduler successfully finished ""{f01858f9-b78a-48f0-b17c-62afbfd2abf0}"" instance of the ""\Microsoft\Windows\Time Synchronization\ForceSynchronizeTime"" task for user ""(NONE)""."
"5/24/2026 3:09:41 PM","201","Information","Microsoft-Windows-TaskScheduler","Task Scheduler successfully completed task ""\Microsoft\Windows\Time Synchronization\ForceSynchronizeTime"" , instance ""{f01858f9-b78a-48f0-b17c-62afbfd2abf0}"" , action ""Time Synchronization Task Handler"" with return code 0."
"5/24/2026 3:09:41 PM","200","Information","Microsoft-Windows-TaskScheduler","Task Scheduler launched action ""Time Synchronization Task Handler"" in instance ""{f01858f9-b78a-48f0-b17c-62afbfd2abf0}"" of task ""\Microsoft\Windows\Time Synchronization\ForceSynchronizeTime""."
"5/24/2026 3:09:41 PM","100","Information","Microsoft-Windows-TaskScheduler","Task Scheduler started ""{f01858f9-b78a-48f0-b17c-62afbfd2abf0}"" instance of the ""\Microsoft\Windows\Time Synchronization\ForceSynchronizeTime"" task for user ""(NONE)""."
"5/24/2026 3:09:41 PM","129","Information","Microsoft-Windows-TaskScheduler","Task Scheduler launch task ""\Microsoft\Windows\Time Synchronization\ForceSynchronizeTime"" , instance ""taskhostw.exe""  with process ID 2596."
"5/24/2026 3:09:41 PM","102","Information","Microsoft-Windows-TaskScheduler","Task Scheduler successfully finished ""{d778f93c-a998-4850-a87d-aa3bf371dfa9}"" instance of the ""\Microsoft\Windows\ExploitGuard\ExploitGuard MDM policy Refresh"" task for user ""NT AUTHORITY\SYSTEM""."
"5/24/2026 3:09:41 PM","201","Information","Microsoft-Windows-TaskScheduler","Task Scheduler successfully completed task ""\Microsoft\Windows\ExploitGuard\ExploitGuard MDM policy Refresh"" , instance ""{d778f93c-a998-4850-a87d-aa3bf371dfa9}"" , action """" with return code 0."
"5/24/2026 3:09:41 PM","200","Information","Microsoft-Windows-TaskScheduler","Task Scheduler launched action ""OobeEsimTaskManager"" in instance ""{315afebd-d496-4eef-b842-489f2805acd6}"" of task ""\Microsoft\Windows\WwanSvc\OobeDiscovery""."
"5/24/2026 3:09:41 PM","100","Information","Microsoft-Windows-TaskScheduler","Task Scheduler started ""{315afebd-d496-4eef-b842-489f2805acd6}"" instance of the ""\Microsoft\Windows\WwanSvc\OobeDiscovery"" task for user ""NT AUTHORITY\SYSTEM""."
"5/24/2026 3:09:41 PM","101","Error","Microsoft-Windows-TaskScheduler","Task Scheduler failed to start ""\Microsoft\Windows\Workplace Join\Automatic-Device-Join"" task for user ""(default user)"". Additional Data: Error Value: 2147943568."
"5/24/2026 3:09:41 PM","200","Information","Microsoft-Windows-TaskScheduler","Task Scheduler launched action """" in instance ""{d778f93c-a998-4850-a87d-aa3bf371dfa9}"" of task ""\Microsoft\Windows\ExploitGuard\ExploitGuard MDM policy Refresh""."
"5/24/2026 3:09:41 PM","100","Information","Microsoft-Windows-TaskScheduler","Task Scheduler started ""{d778f93c-a998-4850-a87d-aa3bf371dfa9}"" instance of the ""\Microsoft\Windows\ExploitGuard\ExploitGuard MDM policy Refresh"" task for user ""NT AUTHORITY\SYSTEM""."
"5/24/2026 3:09:41 PM","129","Information","Microsoft-Windows-TaskScheduler","Task Scheduler launch task ""\Microsoft\Windows\ExploitGuard\ExploitGuard MDM policy Refresh"" , instance ""taskhostw.exe""  with process ID 2160."
"5/24/2026 3:09:41 PM","118","Information","Microsoft-Windows-TaskScheduler","Task Scheduler launched ""{d778f93c-a998-4850-a87d-aa3bf371dfa9}""  instance of task ""\Microsoft\Windows\ExploitGuard\ExploitGuard MDM policy Refresh""  due to system startup."
"5/24/2026 3:09:40 PM","400","Information","Microsoft-Windows-TaskScheduler","Task Scheduler service has started."
"5/24/2026 3:09:40 PM","700","Information","Microsoft-Windows-TaskScheduler","Task Scheduler service started Task Compatibility module."
"5/24/2026 9:30:25 AM","402","Information","Microsoft-Windows-TaskScheduler","Task Scheduler service is shutting down."
"5/24/2026 9:30:25 AM","111","Information","Microsoft-Windows-TaskScheduler","Task Scheduler terminated ""{8f248c39-8f08-4ddb-92bf-bc5e3cdb6efa}""  instance of the ""\MicrosoftEdgeUpdateTaskMachineCore""  task."
"5/24/2026 9:30:25 AM","102","Information","Microsoft-Windows-TaskScheduler","Task Scheduler successfully finished ""{8f248c39-8f08-4ddb-92bf-bc5e3cdb6efa}"" instance of the ""\MicrosoftEdgeUpdateTaskMachineCore"" task for user ""NT AUTHORITY\SYSTEM""."
"5/24/2026 9:30:25 AM","201","Information","Microsoft-Windows-TaskScheduler","Task Scheduler successfully completed task ""\MicrosoftEdgeUpdateTaskMachineCore"" , instance ""{8f248c39-8f08-4ddb-92bf-bc5e3cdb6efa}"" , action ""C:\Program Files (x86)\Microsoft\EdgeUpdate\MicrosoftEdgeUpdate.exe"" with return code 2147943691."
"5/24/2026 9:30:25 AM","103","Error","Microsoft-Windows-TaskScheduler","Task Scheduler failed to start instance ""{cf5de884-ad42-4c18-8f21-171c1f358ab0}"" of ""\Microsoft\Windows\Wininet\CacheTask""  task for user """" . Additional Data: Error Value: 2147942404."
"5/24/2026 9:30:25 AM","202","Error","Microsoft-Windows-TaskScheduler","Task Scheduler failed to complete task ""\Microsoft\Windows\Wininet\CacheTask"" , instance ""{cf5de884-ad42-4c18-8f21-171c1f358ab0}"" , action ""Wininet Cache task object"" . Additional Data: Error Value: 2147942404."
"5/24/2026 9:30:25 AM","102","Information","Microsoft-Windows-TaskScheduler","Task Scheduler successfully finished ""{c635c976-2e8b-477e-8276-27c5078b0b52}"" instance of the ""\CreateExplorerShellUnelevatedTask"" task for user ""SCAFFOLD\Administrator""."
"5/24/2026 9:30:25 AM","201","Information","Microsoft-Windows-TaskScheduler","Task Scheduler successfully completed task ""\CreateExplorerShellUnelevatedTask"" , instance ""{c635c976-2e8b-477e-8276-27c5078b0b52}"" , action ""C:\Windows\Explorer.EXE"" with return code 2147942404."
"5/24/2026 9:28:42 AM","102","Information","Microsoft-Windows-TaskScheduler","Task Scheduler successfully finished ""{3532e89f-df34-41bd-9509-4efa5b1cdbdf}"" instance of the ""\Scaffold\ScaffoldDeployEngine"" task for user ""NT AUTHORITY\SYSTEM""."
"5/24/2026 9:28:42 AM","201","Information","Microsoft-Windows-TaskScheduler","Task Scheduler successfully completed task ""\Scaffold\ScaffoldDeployEngine"" , instance ""{3532e89f-df34-41bd-9509-4efa5b1cdbdf}"" , action ""powershell.exe"" with return code 0."
"5/24/2026 9:28:41 AM","200","Information","Microsoft-Windows-TaskScheduler","Task Scheduler launched action ""powershell.exe"" in instance ""{3532e89f-df34-41bd-9509-4efa5b1cdbdf}"" of task ""\Scaffold\ScaffoldDeployEngine""."
"5/24/2026 9:28:41 AM","100","Information","Microsoft-Windows-TaskScheduler","Task Scheduler started ""{3532e89f-df34-41bd-9509-4efa5b1cdbdf}"" instance of the ""\Scaffold\ScaffoldDeployEngine"" task for user ""NT AUTHORITY\SYSTEM""."
"5/24/2026 9:28:41 AM","129","Information","Microsoft-Windows-TaskScheduler","Task Scheduler launch task ""\Scaffold\ScaffoldDeployEngine"" , instance ""powershell.exe""  with process ID 6016."
"5/24/2026 9:28:41 AM","107","Information","Microsoft-Windows-TaskScheduler","Task Scheduler launched ""{3532e89f-df34-41bd-9509-4efa5b1cdbdf}""  instance of task ""\Scaffold\ScaffoldDeployEngine"" due to a time trigger condition."
"5/24/2026 9:26:42 AM","102","Information","Microsoft-Windows-TaskScheduler","Task Scheduler successfully finished ""{ae7d76fb-d7f6-465f-9917-297bf33971f5}"" instance of the ""\Scaffold\ScaffoldDeployEngine"" task for user ""NT AUTHORITY\SYSTEM""."
"5/24/2026 9:26:42 AM","201","Information","Microsoft-Windows-TaskScheduler","Task Scheduler successfully completed task ""\Scaffold\ScaffoldDeployEngine"" , instance ""{ae7d76fb-d7f6-465f-9917-297bf33971f5}"" , action ""powershell.exe"" with return code 0."
"5/24/2026 9:26:41 AM","200","Information","Microsoft-Windows-TaskScheduler","Task Scheduler launched action ""powershell.exe"" in instance ""{ae7d76fb-d7f6-465f-9917-297bf33971f5}"" of task ""\Scaffold\ScaffoldDeployEngine""."
"5/24/2026 9:26:41 AM","100","Information","Microsoft-Windows-TaskScheduler","Task Scheduler started ""{ae7d76fb-d7f6-465f-9917-297bf33971f5}"" instance of the ""\Scaffold\ScaffoldDeployEngine"" task for user ""NT AUTHORITY\SYSTEM""."
"5/24/2026 9:26:41 AM","129","Information","Microsoft-Windows-TaskScheduler","Task Scheduler launch task ""\Scaffold\ScaffoldDeployEngine"" , instance ""powershell.exe""  with process ID 2920."
"5/24/2026 9:26:41 AM","107","Information","Microsoft-Windows-TaskScheduler","Task Scheduler launched ""{ae7d76fb-d7f6-465f-9917-297bf33971f5}""  instance of task ""\Scaffold\ScaffoldDeployEngine"" due to a time trigger condition."
"5/24/2026 9:25:51 AM","102","Information","Microsoft-Windows-TaskScheduler","Task Scheduler successfully finished ""{b1f20c86-bbf2-4efb-9245-50bcffcdd8d5}"" instance of the ""\Microsoft\Windows\Workplace Join\Automatic-Device-Join"" task for user ""NT AUTHORITY\SYSTEM""."
"5/24/2026 9:25:51 AM","201","Information","Microsoft-Windows-TaskScheduler","Task Scheduler successfully completed task ""\Microsoft\Windows\Workplace Join\Automatic-Device-Join"" , instance ""{b1f20c86-bbf2-4efb-9245-50bcffcdd8d5}"" , action ""%SystemRoot%\System32\dsregcmd.exe"" with return code 2147942401."
"5/24/2026 9:25:51 AM","200","Information","Microsoft-Windows-TaskScheduler","Task Scheduler launched action ""%SystemRoot%\System32\dsregcmd.exe"" in instance ""{b1f20c86-bbf2-4efb-9245-50bcffcdd8d5}"" of task ""\Microsoft\Windows\Workplace Join\Automatic-Device-Join""."
"5/24/2026 9:25:51 AM","100","Information","Microsoft-Windows-TaskScheduler","Task Scheduler started ""{b1f20c86-bbf2-4efb-9245-50bcffcdd8d5}"" instance of the ""\Microsoft\Windows\Workplace Join\Automatic-Device-Join"" task for user ""NT AUTHORITY\SYSTEM""."
"5/24/2026 9:25:51 AM","129","Information","Microsoft-Windows-TaskScheduler","Task Scheduler launch task ""\Microsoft\Windows\Workplace Join\Automatic-Device-Join"" , instance ""%SystemRoot%\System32\dsregcmd.exe""  with process ID 5008."
"5/24/2026 9:25:51 AM","108","Information","Microsoft-Windows-TaskScheduler","Task Scheduler launched ""{b1f20c86-bbf2-4efb-9245-50bcffcdd8d5}""  instance of task ""\Microsoft\Windows\Workplace Join\Automatic-Device-Join""  according to an event trigger."
"5/24/2026 9:24:42 AM","102","Information","Microsoft-Windows-TaskScheduler","Task Scheduler successfully finished ""{b59fe0a3-4126-4446-ad02-3a8deeee7fef}"" instance of the ""\Scaffold\ScaffoldDeployEngine"" task for user ""NT AUTHORITY\SYSTEM""."
"5/24/2026 9:24:42 AM","201","Information","Microsoft-Windows-TaskScheduler","Task Scheduler successfully completed task ""\Scaffold\ScaffoldDeployEngine"" , instance ""{b59fe0a3-4126-4446-ad02-3a8deeee7fef}"" , action ""powershell.exe"" with return code 0."
"5/24/2026 9:24:41 AM","200","Information","Microsoft-Windows-TaskScheduler","Task Scheduler launched action ""powershell.exe"" in instance ""{b59fe0a3-4126-4446-ad02-3a8deeee7fef}"" of task ""\Scaffold\ScaffoldDeployEngine""."
"5/24/2026 9:24:41 AM","100","Information","Microsoft-Windows-TaskScheduler","Task Scheduler started ""{b59fe0a3-4126-4446-ad02-3a8deeee7fef}"" instance of the ""\Scaffold\ScaffoldDeployEngine"" task for user ""NT AUTHORITY\SYSTEM""."
"5/24/2026 9:24:41 AM","129","Information","Microsoft-Windows-TaskScheduler","Task Scheduler launch task ""\Scaffold\ScaffoldDeployEngine"" , instance ""powershell.exe""  with process ID 5584."
"5/24/2026 9:24:41 AM","107","Information","Microsoft-Windows-TaskScheduler","Task Scheduler launched ""{b59fe0a3-4126-4446-ad02-3a8deeee7fef}""  instance of task ""\Scaffold\ScaffoldDeployEngine"" due to a time trigger condition."
"5/24/2026 9:22:42 AM","102","Information","Microsoft-Windows-TaskScheduler","Task Scheduler successfully finished ""{15d15f5a-37e7-4c00-9ab6-33890f3c2ba6}"" instance of the ""\Scaffold\ScaffoldDeployEngine"" task for user ""NT AUTHORITY\SYSTEM""."
"5/24/2026 9:22:42 AM","201","Information","Microsoft-Windows-TaskScheduler","Task Scheduler successfully completed task ""\Scaffold\ScaffoldDeployEngine"" , instance ""{15d15f5a-37e7-4c00-9ab6-33890f3c2ba6}"" , action ""powershell.exe"" with return code 0."
"5/24/2026 9:22:41 AM","200","Information","Microsoft-Windows-TaskScheduler","Task Scheduler launched action ""powershell.exe"" in instance ""{15d15f5a-37e7-4c00-9ab6-33890f3c2ba6}"" of task ""\Scaffold\ScaffoldDeployEngine""."
"5/24/2026 9:22:41 AM","100","Information","Microsoft-Windows-TaskScheduler","Task Scheduler started ""{15d15f5a-37e7-4c00-9ab6-33890f3c2ba6}"" instance of the ""\Scaffold\ScaffoldDeployEngine"" task for user ""NT AUTHORITY\SYSTEM""."
"5/24/2026 9:22:41 AM","129","Information","Microsoft-Windows-TaskScheduler","Task Scheduler launch task ""\Scaffold\ScaffoldDeployEngine"" , instance ""powershell.exe""  with process ID 6256."
"5/24/2026 9:22:41 AM","107","Information","Microsoft-Windows-TaskScheduler","Task Scheduler launched ""{15d15f5a-37e7-4c00-9ab6-33890f3c2ba6}""  instance of task ""\Scaffold\ScaffoldDeployEngine"" due to a time trigger condition."
"5/24/2026 9:20:42 AM","102","Information","Microsoft-Windows-TaskScheduler","Task Scheduler successfully finished ""{c3fbd1c0-83d4-469c-84e0-6daf4f9cb598}"" instance of the ""\Scaffold\ScaffoldDeployEngine"" task for user ""NT AUTHORITY\SYSTEM""."
"5/24/2026 9:20:42 AM","201","Information","Microsoft-Windows-TaskScheduler","Task Scheduler successfully completed task ""\Scaffold\ScaffoldDeployEngine"" , instance ""{c3fbd1c0-83d4-469c-84e0-6daf4f9cb598}"" , action ""powershell.exe"" with return code 0."
"5/24/2026 9:20:41 AM","200","Information","Microsoft-Windows-TaskScheduler","Task Scheduler launched action ""powershell.exe"" in instance ""{c3fbd1c0-83d4-469c-84e0-6daf4f9cb598}"" of task ""\Scaffold\ScaffoldDeployEngine""."
"5/24/2026 9:20:41 AM","100","Information","Microsoft-Windows-TaskScheduler","Task Scheduler started ""{c3fbd1c0-83d4-469c-84e0-6daf4f9cb598}"" instance of the ""\Scaffold\ScaffoldDeployEngine"" task for user ""NT AUTHORITY\SYSTEM""."
"5/24/2026 9:20:41 AM","129","Information","Microsoft-Windows-TaskScheduler","Task Scheduler launch task ""\Scaffold\ScaffoldDeployEngine"" , instance ""powershell.exe""  with process ID 3432."
"5/24/2026 9:20:41 AM","107","Information","Microsoft-Windows-TaskScheduler","Task Scheduler launched ""{c3fbd1c0-83d4-469c-84e0-6daf4f9cb598}""  instance of task ""\Scaffold\ScaffoldDeployEngine"" due to a time trigger condition."
"5/24/2026 9:18:42 AM","102","Information","Microsoft-Windows-TaskScheduler","Task Scheduler successfully finished ""{f918c795-d1c3-470b-8ba2-b0c524ab0e85}"" instance of the ""\Scaffold\ScaffoldDeployEngine"" task for user ""NT AUTHORITY\SYSTEM""."
"5/24/2026 9:18:42 AM","201","Information","Microsoft-Windows-TaskScheduler","Task Scheduler successfully completed task ""\Scaffold\ScaffoldDeployEngine"" , instance ""{f918c795-d1c3-470b-8ba2-b0c524ab0e85}"" , action ""powershell.exe"" with return code 0."
"5/24/2026 9:18:41 AM","200","Information","Microsoft-Windows-TaskScheduler","Task Scheduler launched action ""powershell.exe"" in instance ""{f918c795-d1c3-470b-8ba2-b0c524ab0e85}"" of task ""\Scaffold\ScaffoldDeployEngine""."
"5/24/2026 9:18:41 AM","100","Information","Microsoft-Windows-TaskScheduler","Task Scheduler started ""{f918c795-d1c3-470b-8ba2-b0c524ab0e85}"" instance of the ""\Scaffold\ScaffoldDeployEngine"" task for user ""NT AUTHORITY\SYSTEM""."
"5/24/2026 9:18:41 AM","129","Information","Microsoft-Windows-TaskScheduler","Task Scheduler launch task ""\Scaffold\ScaffoldDeployEngine"" , instance ""powershell.exe""  with process ID 2144."
"5/24/2026 9:18:41 AM","107","Information","Microsoft-Windows-TaskScheduler","Task Scheduler launched ""{f918c795-d1c3-470b-8ba2-b0c524ab0e85}""  instance of task ""\Scaffold\ScaffoldDeployEngine"" due to a time trigger condition."
"5/24/2026 9:16:42 AM","102","Information","Microsoft-Windows-TaskScheduler","Task Scheduler successfully finished ""{13dcc96c-e965-4856-86c3-b7fe001de521}"" instance of the ""\Scaffold\ScaffoldDeployEngine"" task for user ""NT AUTHORITY\SYSTEM""."
"5/24/2026 9:16:42 AM","201","Information","Microsoft-Windows-TaskScheduler","Task Scheduler successfully completed task ""\Scaffold\ScaffoldDeployEngine"" , instance ""{13dcc96c-e965-4856-86c3-b7fe001de521}"" , action ""powershell.exe"" with return code 0."
"5/24/2026 9:16:41 AM","200","Information","Microsoft-Windows-TaskScheduler","Task Scheduler launched action ""powershell.exe"" in instance ""{13dcc96c-e965-4856-86c3-b7fe001de521}"" of task ""\Scaffold\ScaffoldDeployEngine""."
"5/24/2026 9:16:41 AM","100","Information","Microsoft-Windows-TaskScheduler","Task Scheduler started ""{13dcc96c-e965-4856-86c3-b7fe001de521}"" instance of the ""\Scaffold\ScaffoldDeployEngine"" task for user ""NT AUTHORITY\SYSTEM""."
"5/24/2026 9:16:41 AM","129","Information","Microsoft-Windows-TaskScheduler","Task Scheduler launch task ""\Scaffold\ScaffoldDeployEngine"" , instance ""powershell.exe""  with process ID 6644."
"5/24/2026 9:16:41 AM","107","Information","Microsoft-Windows-TaskScheduler","Task Scheduler launched ""{13dcc96c-e965-4856-86c3-b7fe001de521}""  instance of task ""\Scaffold\ScaffoldDeployEngine"" due to a time trigger condition."
"5/24/2026 9:14:42 AM","102","Information","Microsoft-Windows-TaskScheduler","Task Scheduler successfully finished ""{92ade317-aafc-45c7-84c4-592744b66d1b}"" instance of the ""\Scaffold\ScaffoldDeployEngine"" task for user ""NT AUTHORITY\SYSTEM""."
"5/24/2026 9:14:42 AM","201","Information","Microsoft-Windows-TaskScheduler","Task Scheduler successfully completed task ""\Scaffold\ScaffoldDeployEngine"" , instance ""{92ade317-aafc-45c7-84c4-592744b66d1b}"" , action ""powershell.exe"" with return code 0."
"5/24/2026 9:14:41 AM","200","Information","Microsoft-Windows-TaskScheduler","Task Scheduler launched action ""powershell.exe"" in instance ""{92ade317-aafc-45c7-84c4-592744b66d1b}"" of task ""\Scaffold\ScaffoldDeployEngine""."
"5/24/2026 9:14:41 AM","100","Information","Microsoft-Windows-TaskScheduler","Task Scheduler started ""{92ade317-aafc-45c7-84c4-592744b66d1b}"" instance of the ""\Scaffold\ScaffoldDeployEngine"" task for user ""NT AUTHORITY\SYSTEM""."
"5/24/2026 9:14:41 AM","129","Information","Microsoft-Windows-TaskScheduler","Task Scheduler launch task ""\Scaffold\ScaffoldDeployEngine"" , instance ""powershell.exe""  with process ID 5872."
"5/24/2026 9:14:41 AM","107","Information","Microsoft-Windows-TaskScheduler","Task Scheduler launched ""{92ade317-aafc-45c7-84c4-592744b66d1b}""  instance of task ""\Scaffold\ScaffoldDeployEngine"" due to a time trigger condition."
"5/24/2026 9:12:42 AM","102","Information","Microsoft-Windows-TaskScheduler","Task Scheduler successfully finished ""{8ac9d575-8138-4ab1-ba5c-0afe358832f0}"" instance of the ""\Scaffold\ScaffoldDeployEngine"" task for user ""NT AUTHORITY\SYSTEM""."
"5/24/2026 9:12:42 AM","201","Information","Microsoft-Windows-TaskScheduler","Task Scheduler successfully completed task ""\Scaffold\ScaffoldDeployEngine"" , instance ""{8ac9d575-8138-4ab1-ba5c-0afe358832f0}"" , action ""powershell.exe"" with return code 0."
"5/24/2026 9:12:41 AM","200","Information","Microsoft-Windows-TaskScheduler","Task Scheduler launched action ""powershell.exe"" in instance ""{8ac9d575-8138-4ab1-ba5c-0afe358832f0}"" of task ""\Scaffold\ScaffoldDeployEngine""."
"5/24/2026 9:12:41 AM","100","Information","Microsoft-Windows-TaskScheduler","Task Scheduler started ""{8ac9d575-8138-4ab1-ba5c-0afe358832f0}"" instance of the ""\Scaffold\ScaffoldDeployEngine"" task for user ""NT AUTHORITY\SYSTEM""."
"5/24/2026 9:12:41 AM","129","Information","Microsoft-Windows-TaskScheduler","Task Scheduler launch task ""\Scaffold\ScaffoldDeployEngine"" , instance ""powershell.exe""  with process ID 2672."
"5/24/2026 9:12:41 AM","107","Information","Microsoft-Windows-TaskScheduler","Task Scheduler launched ""{8ac9d575-8138-4ab1-ba5c-0afe358832f0}""  instance of task ""\Scaffold\ScaffoldDeployEngine"" due to a time trigger condition."
"5/24/2026 9:12:08 AM","102","Information","Microsoft-Windows-TaskScheduler","Task Scheduler successfully finished ""{ac2585cd-736d-4f59-a5d1-13b7c4f6b6ca}"" instance of the ""\Microsoft\Windows\Autochk\Proxy"" task for user ""NT AUTHORITY\SYSTEM""."
"5/24/2026 9:12:08 AM","201","Information","Microsoft-Windows-TaskScheduler","Task Scheduler successfully completed task ""\Microsoft\Windows\Autochk\Proxy"" , instance ""{ac2585cd-736d-4f59-a5d1-13b7c4f6b6ca}"" , action ""%windir%\system32\rundll32.exe"" with return code 0."
"5/24/2026 9:12:08 AM","200","Information","Microsoft-Windows-TaskScheduler","Task Scheduler launched action ""%windir%\system32\rundll32.exe"" in instance ""{ac2585cd-736d-4f59-a5d1-13b7c4f6b6ca}"" of task ""\Microsoft\Windows\Autochk\Proxy""."
"5/24/2026 9:12:08 AM","100","Information","Microsoft-Windows-TaskScheduler","Task Scheduler started ""{ac2585cd-736d-4f59-a5d1-13b7c4f6b6ca}"" instance of the ""\Microsoft\Windows\Autochk\Proxy"" task for user ""NT AUTHORITY\SYSTEM""."
