"9/1/2026 4:59:47 PM","100","Information","Microsoft-Windows-TaskScheduler","Task Scheduler started ""{a0bc7b70-3d81-4935-88c9-a5bbf1565afe}"" instance of the ""\Microsoft\Windows\CertificateServicesClient\SystemTask"" task for user ""NT AUTHORITY\SYSTEM""."
"9/1/2026 4:59:47 PM","129","Information","Microsoft-Windows-TaskScheduler","Task Scheduler launch task ""\Microsoft\Windows\CertificateServicesClient\SystemTask"" , instance ""taskhostw.exe""  with process ID 4300."
"9/1/2026 4:59:47 PM","118","Information","Microsoft-Windows-TaskScheduler","Task Scheduler launched ""{a0bc7b70-3d81-4935-88c9-a5bbf1565afe}""  instance of task ""\Microsoft\Windows\CertificateServicesClient\SystemTask""  due to system startup."
"9/1/2026 4:59:38 PM","102","Information","Microsoft-Windows-TaskScheduler","Task Scheduler successfully finished ""{044a38d2-a96f-47b5-aef7-7c1d207a1611}"" instance of the ""\Microsoft\Windows\WwanSvc\OobeDiscovery"" task for user ""NT AUTHORITY\SYSTEM""."
"9/1/2026 4:59:38 PM","201","Information","Microsoft-Windows-TaskScheduler","Task Scheduler successfully completed task ""\Microsoft\Windows\WwanSvc\OobeDiscovery"" , instance ""{044a38d2-a96f-47b5-aef7-7c1d207a1611}"" , action ""OobeEsimTaskManager"" with return code 0."
"9/1/2026 4:59:38 PM","110","Information","Microsoft-Windows-TaskScheduler","Task Scheduler launched ""{a78e35de-8cd8-44c6-88d8-ee583f4a40e5}""  instance of task ""\Microsoft\Windows\Workplace Join\Automatic-Device-Join""  for user ""System"" ."
"9/1/2026 4:59:38 PM","200","Information","Microsoft-Windows-TaskScheduler","Task Scheduler launched action ""%SystemRoot%\System32\dsregcmd.exe"" in instance ""{a78e35de-8cd8-44c6-88d8-ee583f4a40e5}"" of task ""\Microsoft\Windows\Workplace Join\Automatic-Device-Join""."
"9/1/2026 4:59:38 PM","100","Information","Microsoft-Windows-TaskScheduler","Task Scheduler started ""{a78e35de-8cd8-44c6-88d8-ee583f4a40e5}"" instance of the ""\Microsoft\Windows\Workplace Join\Automatic-Device-Join"" task for user ""NT AUTHORITY\SYSTEM""."
"9/1/2026 4:59:38 PM","129","Information","Microsoft-Windows-TaskScheduler","Task Scheduler launch task ""\Microsoft\Windows\Workplace Join\Automatic-Device-Join"" , instance ""%SystemRoot%\System32\dsregcmd.exe""  with process ID 2572."
"9/1/2026 4:59:38 PM","325","Warning","Microsoft-Windows-TaskScheduler","Task Scheduler queued instance ""{a78e35de-8cd8-44c6-88d8-ee583f4a40e5}""  of task ""\Microsoft\Windows\Workplace Join\Automatic-Device-Join""."
"9/1/2026 4:59:38 PM","102","Information","Microsoft-Windows-TaskScheduler","Task Scheduler successfully finished ""{13641ba6-3c76-4d21-8fe7-25a002fa4bde}"" instance of the ""\Microsoft\Windows\ExploitGuard\ExploitGuard MDM policy Refresh"" task for user ""NT AUTHORITY\SYSTEM""."
"9/1/2026 4:59:38 PM","201","Information","Microsoft-Windows-TaskScheduler","Task Scheduler successfully completed task ""\Microsoft\Windows\ExploitGuard\ExploitGuard MDM policy Refresh"" , instance ""{13641ba6-3c76-4d21-8fe7-25a002fa4bde}"" , action """" with return code 0."
"9/1/2026 4:59:38 PM","102","Information","Microsoft-Windows-TaskScheduler","Task Scheduler successfully finished ""{550f6c48-4b81-43fd-a608-dbc1b8b58e1d}"" instance of the ""\Microsoft\Windows\DirectX\DXGIAdapterCache"" task for user ""NT AUTHORITY\SYSTEM""."
"9/1/2026 4:59:38 PM","201","Information","Microsoft-Windows-TaskScheduler","Task Scheduler successfully completed task ""\Microsoft\Windows\DirectX\DXGIAdapterCache"" , instance ""{550f6c48-4b81-43fd-a608-dbc1b8b58e1d}"" , action ""%windir%\system32\dxgiadaptercache.exe"" with return code 0."
"9/1/2026 4:59:38 PM","102","Information","Microsoft-Windows-TaskScheduler","Task Scheduler successfully finished ""{1c49a434-0838-4d8e-9c6c-affce23e6bbf}"" instance of the ""\Microsoft\Windows\Time Synchronization\ForceSynchronizeTime"" task for user ""(NONE)""."
"9/1/2026 4:59:38 PM","201","Information","Microsoft-Windows-TaskScheduler","Task Scheduler successfully completed task ""\Microsoft\Windows\Time Synchronization\ForceSynchronizeTime"" , instance ""{1c49a434-0838-4d8e-9c6c-affce23e6bbf}"" , action ""Time Synchronization Task Handler"" with return code 0."
"9/1/2026 4:59:38 PM","200","Information","Microsoft-Windows-TaskScheduler","Task Scheduler launched action ""Time Synchronization Task Handler"" in instance ""{1c49a434-0838-4d8e-9c6c-affce23e6bbf}"" of task ""\Microsoft\Windows\Time Synchronization\ForceSynchronizeTime""."
"9/1/2026 4:59:38 PM","100","Information","Microsoft-Windows-TaskScheduler","Task Scheduler started ""{1c49a434-0838-4d8e-9c6c-affce23e6bbf}"" instance of the ""\Microsoft\Windows\Time Synchronization\ForceSynchronizeTime"" task for user ""(NONE)""."
"9/1/2026 4:59:38 PM","129","Information","Microsoft-Windows-TaskScheduler","Task Scheduler launch task ""\Microsoft\Windows\Time Synchronization\ForceSynchronizeTime"" , instance ""taskhostw.exe""  with process ID 2512."
"9/1/2026 4:59:37 PM","200","Information","Microsoft-Windows-TaskScheduler","Task Scheduler launched action ""OobeEsimTaskManager"" in instance ""{044a38d2-a96f-47b5-aef7-7c1d207a1611}"" of task ""\Microsoft\Windows\WwanSvc\OobeDiscovery""."
"9/1/2026 4:59:37 PM","100","Information","Microsoft-Windows-TaskScheduler","Task Scheduler started ""{044a38d2-a96f-47b5-aef7-7c1d207a1611}"" instance of the ""\Microsoft\Windows\WwanSvc\OobeDiscovery"" task for user ""NT AUTHORITY\SYSTEM""."
"9/1/2026 4:59:37 PM","101","Error","Microsoft-Windows-TaskScheduler","Task Scheduler failed to start ""\Microsoft\Windows\Workplace Join\Automatic-Device-Join"" task for user ""(default user)"". Additional Data: Error Value: 2147943568."
"9/1/2026 4:59:37 PM","200","Information","Microsoft-Windows-TaskScheduler","Task Scheduler launched action """" in instance ""{13641ba6-3c76-4d21-8fe7-25a002fa4bde}"" of task ""\Microsoft\Windows\ExploitGuard\ExploitGuard MDM policy Refresh""."
"9/1/2026 4:59:37 PM","100","Information","Microsoft-Windows-TaskScheduler","Task Scheduler started ""{13641ba6-3c76-4d21-8fe7-25a002fa4bde}"" instance of the ""\Microsoft\Windows\ExploitGuard\ExploitGuard MDM policy Refresh"" task for user ""NT AUTHORITY\SYSTEM""."
"9/1/2026 4:59:37 PM","200","Information","Microsoft-Windows-TaskScheduler","Task Scheduler launched action ""%windir%\system32\dxgiadaptercache.exe"" in instance ""{550f6c48-4b81-43fd-a608-dbc1b8b58e1d}"" of task ""\Microsoft\Windows\DirectX\DXGIAdapterCache""."
"9/1/2026 4:59:37 PM","100","Information","Microsoft-Windows-TaskScheduler","Task Scheduler started ""{550f6c48-4b81-43fd-a608-dbc1b8b58e1d}"" instance of the ""\Microsoft\Windows\DirectX\DXGIAdapterCache"" task for user ""NT AUTHORITY\SYSTEM""."
"9/1/2026 4:59:37 PM","129","Information","Microsoft-Windows-TaskScheduler","Task Scheduler launch task ""\Microsoft\Windows\ExploitGuard\ExploitGuard MDM policy Refresh"" , instance ""taskhostw.exe""  with process ID 2128."
"9/1/2026 4:59:37 PM","129","Information","Microsoft-Windows-TaskScheduler","Task Scheduler launch task ""\Microsoft\Windows\DirectX\DXGIAdapterCache"" , instance ""%windir%\system32\dxgiadaptercache.exe""  with process ID 2120."
"9/1/2026 4:59:37 PM","118","Information","Microsoft-Windows-TaskScheduler","Task Scheduler launched ""{13641ba6-3c76-4d21-8fe7-25a002fa4bde}""  instance of task ""\Microsoft\Windows\ExploitGuard\ExploitGuard MDM policy Refresh""  due to system startup."
"9/1/2026 4:59:36 PM","400","Information","Microsoft-Windows-TaskScheduler","Task Scheduler service has started."
"9/1/2026 4:59:36 PM","700","Information","Microsoft-Windows-TaskScheduler","Task Scheduler service started Task Compatibility module."
"9/1/2026 4:56:19 PM","402","Information","Microsoft-Windows-TaskScheduler","Task Scheduler service is shutting down."
"9/1/2026 4:56:18 PM","140","Information","Microsoft-Windows-TaskScheduler","User ""NT AUTHORITY\SYSTEM""  updated Task Scheduler task ""\Microsoft\Windows\WindowsUpdate\Scheduled Start"""
"9/1/2026 4:56:18 PM","111","Information","Microsoft-Windows-TaskScheduler","Task Scheduler terminated ""{5fedbc83-646b-43db-8067-76752950bdaf}""  instance of the ""\MicrosoftEdgeUpdateTaskMachineCore""  task."
"9/1/2026 4:56:18 PM","102","Information","Microsoft-Windows-TaskScheduler","Task Scheduler successfully finished ""{5fedbc83-646b-43db-8067-76752950bdaf}"" instance of the ""\MicrosoftEdgeUpdateTaskMachineCore"" task for user ""NT AUTHORITY\SYSTEM""."
"9/1/2026 4:56:18 PM","201","Information","Microsoft-Windows-TaskScheduler","Task Scheduler successfully completed task ""\MicrosoftEdgeUpdateTaskMachineCore"" , instance ""{5fedbc83-646b-43db-8067-76752950bdaf}"" , action ""C:\Program Files (x86)\Microsoft\EdgeUpdate\MicrosoftEdgeUpdate.exe"" with return code 2147943691."
"9/1/2026 4:56:18 PM","103","Error","Microsoft-Windows-TaskScheduler","Task Scheduler failed to start instance ""{ee772dc4-c57c-4c54-99ce-94805f55e997}"" of ""\Microsoft\Windows\Wininet\CacheTask""  task for user """" . Additional Data: Error Value: 2147942404."
"9/1/2026 4:56:18 PM","202","Error","Microsoft-Windows-TaskScheduler","Task Scheduler failed to complete task ""\Microsoft\Windows\Wininet\CacheTask"" , instance ""{ee772dc4-c57c-4c54-99ce-94805f55e997}"" , action ""Wininet Cache task object"" . Additional Data: Error Value: 2147942404."
"9/1/2026 4:56:18 PM","102","Information","Microsoft-Windows-TaskScheduler","Task Scheduler successfully finished ""{3ddb775d-5ccf-4c57-9b7f-4d8c278a5781}"" instance of the ""\CreateExplorerShellUnelevatedTask"" task for user ""SCAFFOLD\Administrator""."
"9/1/2026 4:56:18 PM","201","Information","Microsoft-Windows-TaskScheduler","Task Scheduler successfully completed task ""\CreateExplorerShellUnelevatedTask"" , instance ""{3ddb775d-5ccf-4c57-9b7f-4d8c278a5781}"" , action ""C:\Windows\Explorer.EXE"" with return code 2147942404."
"9/1/2026 4:55:55 PM","102","Information","Microsoft-Windows-TaskScheduler","Task Scheduler successfully finished ""{9c33c27b-5bf5-4b86-83d0-e8bbaf2209a8}"" instance of the ""\Microsoft\Windows\Server Manager\ServerManager"" task for user ""SCAFFOLD\Administrator""."
"9/1/2026 4:55:55 PM","201","Information","Microsoft-Windows-TaskScheduler","Task Scheduler successfully completed task ""\Microsoft\Windows\Server Manager\ServerManager"" , instance ""{9c33c27b-5bf5-4b86-83d0-e8bbaf2209a8}"" , action ""%windir%\system32\ServerManagerLauncher.exe"" with return code 0."
"9/1/2026 4:55:52 PM","102","Information","Microsoft-Windows-TaskScheduler","Task Scheduler successfully finished ""{2ccef33b-3e61-4ac7-9f09-f30920e9cd12}"" instance of the ""\Microsoft\Windows\WindowsColorSystem\Calibration Loader"" task for user ""SCAFFOLD\Administrator""."
"9/1/2026 4:55:52 PM","201","Information","Microsoft-Windows-TaskScheduler","Task Scheduler successfully completed task ""\Microsoft\Windows\WindowsColorSystem\Calibration Loader"" , instance ""{2ccef33b-3e61-4ac7-9f09-f30920e9cd12}"" , action ""Color Calibration Loader"" with return code 0."
"9/1/2026 4:55:52 PM","102","Information","Microsoft-Windows-TaskScheduler","Task Scheduler successfully finished ""{d8934c5e-9ddf-4776-96b8-9fbb0c1bd87f}"" instance of the ""\Microsoft\Windows\Plug and Play\Device Install Reboot Required"" task for user ""SCAFFOLD\Administrator""."
"9/1/2026 4:55:52 PM","201","Information","Microsoft-Windows-TaskScheduler","Task Scheduler successfully completed task ""\Microsoft\Windows\Plug and Play\Device Install Reboot Required"" , instance ""{d8934c5e-9ddf-4776-96b8-9fbb0c1bd87f}"" , action ""Device Installation Reboot Dialog Task"" with return code 0."
"9/1/2026 4:55:52 PM","102","Information","Microsoft-Windows-TaskScheduler","Task Scheduler successfully finished ""{d5ec9970-df5f-470f-8895-102c4f0e6240}"" instance of the ""\Microsoft\Windows\CertificateServicesClient\UserTask"" task for user ""SCAFFOLD\Administrator""."
"9/1/2026 4:55:52 PM","201","Information","Microsoft-Windows-TaskScheduler","Task Scheduler successfully completed task ""\Microsoft\Windows\CertificateServicesClient\UserTask"" , instance ""{d5ec9970-df5f-470f-8895-102c4f0e6240}"" , action ""Certificate Services Client Task Handler"" with return code 0."
"9/1/2026 4:55:52 PM","200","Information","Microsoft-Windows-TaskScheduler","Task Scheduler launched action ""C:\Windows\Explorer.EXE"" in instance ""{3ddb775d-5ccf-4c57-9b7f-4d8c278a5781}"" of task ""\CreateExplorerShellUnelevatedTask""."
"9/1/2026 4:55:52 PM","100","Information","Microsoft-Windows-TaskScheduler","Task Scheduler started ""{3ddb775d-5ccf-4c57-9b7f-4d8c278a5781}"" instance of the ""\CreateExplorerShellUnelevatedTask"" task for user ""SCAFFOLD\Administrator""."
"9/1/2026 4:55:52 PM","129","Information","Microsoft-Windows-TaskScheduler","Task Scheduler launch task ""\CreateExplorerShellUnelevatedTask"" , instance ""C:\Windows\Explorer.EXE""  with process ID 3576."
"9/1/2026 4:55:51 PM","109","Information","Microsoft-Windows-TaskScheduler","Task Scheduler launched ""{3ddb775d-5ccf-4c57-9b7f-4d8c278a5781}""  instance of task ""\CreateExplorerShellUnelevatedTask""  according to a registration trigger."
"9/1/2026 4:55:51 PM","140","Information","Microsoft-Windows-TaskScheduler","User ""SCAFFOLD\Administrator""  updated Task Scheduler task ""\CreateExplorerShellUnelevatedTask"""
"9/1/2026 4:55:51 PM","106","Information","Microsoft-Windows-TaskScheduler","User ""SCAFFOLD\Administrator""  registered Task Scheduler task ""\CreateExplorerShellUnelevatedTask"""
"9/1/2026 4:55:51 PM","141","Information","Microsoft-Windows-TaskScheduler","User ""SCAFFOLD\Administrator""  deleted Task Scheduler task ""\CreateExplorerShellUnelevatedTask"""
"9/1/2026 4:55:51 PM","102","Information","Microsoft-Windows-TaskScheduler","Task Scheduler successfully finished ""{e6214d00-8dd6-4b8b-9fd1-1b9c2a765d6c}"" instance of the ""\Microsoft\Windows\SoftwareProtectionPlatform\SvcRestartTaskLogon"" task for user ""SCAFFOLD\Administrator""."
"9/1/2026 4:55:51 PM","201","Information","Microsoft-Windows-TaskScheduler","Task Scheduler successfully completed task ""\Microsoft\Windows\SoftwareProtectionPlatform\SvcRestartTaskLogon"" , instance ""{e6214d00-8dd6-4b8b-9fd1-1b9c2a765d6c}"" , action ""SppSvcRestartTaskHandler Class"" with return code 0."
"9/1/2026 4:55:51 PM","102","Information","Microsoft-Windows-TaskScheduler","Task Scheduler successfully finished ""{308082c6-be15-41c9-9467-a8fce8694d63}"" instance of the ""\Microsoft\Windows\TextServicesFramework\MsCtfMonitor"" task for user ""SCAFFOLD\Administrator""."
"9/1/2026 4:55:51 PM","201","Information","Microsoft-Windows-TaskScheduler","Task Scheduler successfully completed task ""\Microsoft\Windows\TextServicesFramework\MsCtfMonitor"" , instance ""{308082c6-be15-41c9-9467-a8fce8694d63}"" , action ""MsCtfMonitor task handler"" with return code 0."
"9/1/2026 4:55:51 PM","200","Information","Microsoft-Windows-TaskScheduler","Task Scheduler launched action ""MsCtfMonitor task handler"" in instance ""{308082c6-be15-41c9-9467-a8fce8694d63}"" of task ""\Microsoft\Windows\TextServicesFramework\MsCtfMonitor""."
"9/1/2026 4:55:51 PM","100","Information","Microsoft-Windows-TaskScheduler","Task Scheduler started ""{308082c6-be15-41c9-9467-a8fce8694d63}"" instance of the ""\Microsoft\Windows\TextServicesFramework\MsCtfMonitor"" task for user ""SCAFFOLD\Administrator""."
"9/1/2026 4:55:51 PM","200","Information","Microsoft-Windows-TaskScheduler","Task Scheduler launched action ""C:\Program Files (x86)\Microsoft\EdgeUpdate\MicrosoftEdgeUpdate.exe"" in instance ""{5fedbc83-646b-43db-8067-76752950bdaf}"" of task ""\MicrosoftEdgeUpdateTaskMachineCore""."
"9/1/2026 4:55:51 PM","100","Information","Microsoft-Windows-TaskScheduler","Task Scheduler started ""{5fedbc83-646b-43db-8067-76752950bdaf}"" instance of the ""\MicrosoftEdgeUpdateTaskMachineCore"" task for user ""NT AUTHORITY\SYSTEM""."
"9/1/2026 4:55:51 PM","129","Information","Microsoft-Windows-TaskScheduler","Task Scheduler launch task ""\MicrosoftEdgeUpdateTaskMachineCore"" , instance ""C:\Program Files (x86)\Microsoft\EdgeUpdate\MicrosoftEdgeUpdate.exe""  with process ID 932."
"9/1/2026 4:55:50 PM","200","Information","Microsoft-Windows-TaskScheduler","Task Scheduler launched action ""Device Installation Reboot Dialog Task"" in instance ""{d8934c5e-9ddf-4776-96b8-9fbb0c1bd87f}"" of task ""\Microsoft\Windows\Plug and Play\Device Install Reboot Required""."
"9/1/2026 4:55:50 PM","100","Information","Microsoft-Windows-TaskScheduler","Task Scheduler started ""{d8934c5e-9ddf-4776-96b8-9fbb0c1bd87f}"" instance of the ""\Microsoft\Windows\Plug and Play\Device Install Reboot Required"" task for user ""SCAFFOLD\Administrator""."
"9/1/2026 4:55:50 PM","129","Information","Microsoft-Windows-TaskScheduler","Task Scheduler launch task ""\Microsoft\Windows\Plug and Play\Device Install Reboot Required"" , instance ""taskhostw.exe""  with process ID 596."
"9/1/2026 4:55:50 PM","119","Information","Microsoft-Windows-TaskScheduler","Task Scheduler launched ""{d8934c5e-9ddf-4776-96b8-9fbb0c1bd87f}""  instance of task ""\Microsoft\Windows\Plug and Play\Device Install Reboot Required"" due to user ""SCAFFOLD\Administrator""  logon."
"9/1/2026 4:55:50 PM","200","Information","Microsoft-Windows-TaskScheduler","Task Scheduler launched action ""Certificate Services Client Task Handler"" in instance ""{d5ec9970-df5f-470f-8895-102c4f0e6240}"" of task ""\Microsoft\Windows\CertificateServicesClient\UserTask""."
"9/1/2026 4:55:50 PM","100","Information","Microsoft-Windows-TaskScheduler","Task Scheduler started ""{d5ec9970-df5f-470f-8895-102c4f0e6240}"" instance of the ""\Microsoft\Windows\CertificateServicesClient\UserTask"" task for user ""SCAFFOLD\Administrator""."
"9/1/2026 4:55:50 PM","119","Information","Microsoft-Windows-TaskScheduler","Task Scheduler launched ""{d5ec9970-df5f-470f-8895-102c4f0e6240}""  instance of task ""\Microsoft\Windows\CertificateServicesClient\UserTask"" due to user ""SCAFFOLD\Administrator""  logon."
"9/1/2026 4:55:50 PM","119","Information","Microsoft-Windows-TaskScheduler","Task Scheduler launched ""{5fedbc83-646b-43db-8067-76752950bdaf}""  instance of task ""\MicrosoftEdgeUpdateTaskMachineCore"" due to user ""SCAFFOLD\Administrator""  logon."
"9/1/2026 4:55:50 PM","200","Information","Microsoft-Windows-TaskScheduler","Task Scheduler launched action ""Wininet Cache task object"" in instance ""{ee772dc4-c57c-4c54-99ce-94805f55e997}"" of task ""\Microsoft\Windows\Wininet\CacheTask""."
"9/1/2026 4:55:50 PM","100","Information","Microsoft-Windows-TaskScheduler","Task Scheduler started ""{ee772dc4-c57c-4c54-99ce-94805f55e997}"" instance of the ""\Microsoft\Windows\Wininet\CacheTask"" task for user ""SCAFFOLD\Administrator""."
"9/1/2026 4:55:50 PM","129","Information","Microsoft-Windows-TaskScheduler","Task Scheduler launch task ""\Microsoft\Windows\Wininet\CacheTask"" , instance ""taskhostw.exe""  with process ID 768."
"9/1/2026 4:55:50 PM","200","Information","Microsoft-Windows-TaskScheduler","Task Scheduler launched action ""SppSvcRestartTaskHandler Class"" in instance ""{e6214d00-8dd6-4b8b-9fd1-1b9c2a765d6c}"" of task ""\Microsoft\Windows\SoftwareProtectionPlatform\SvcRestartTaskLogon""."
"9/1/2026 4:55:50 PM","100","Information","Microsoft-Windows-TaskScheduler","Task Scheduler started ""{e6214d00-8dd6-4b8b-9fd1-1b9c2a765d6c}"" instance of the ""\Microsoft\Windows\SoftwareProtectionPlatform\SvcRestartTaskLogon"" task for user ""SCAFFOLD\Administrator""."
"9/1/2026 4:55:50 PM","119","Information","Microsoft-Windows-TaskScheduler","Task Scheduler launched ""{e6214d00-8dd6-4b8b-9fd1-1b9c2a765d6c}""  instance of task ""\Microsoft\Windows\SoftwareProtectionPlatform\SvcRestartTaskLogon"" due to user ""SCAFFOLD\Administrator""  logon."
"9/1/2026 4:55:50 PM","119","Information","Microsoft-Windows-TaskScheduler","Task Scheduler launched ""{ee772dc4-c57c-4c54-99ce-94805f55e997}""  instance of task ""\Microsoft\Windows\Wininet\CacheTask"" due to user ""SCAFFOLD\Administrator""  logon."
"9/1/2026 4:55:50 PM","200","Information","Microsoft-Windows-TaskScheduler","Task Scheduler launched action ""Color Calibration Loader"" in instance ""{2ccef33b-3e61-4ac7-9f09-f30920e9cd12}"" of task ""\Microsoft\Windows\WindowsColorSystem\Calibration Loader""."
"9/1/2026 4:55:50 PM","100","Information","Microsoft-Windows-TaskScheduler","Task Scheduler started ""{2ccef33b-3e61-4ac7-9f09-f30920e9cd12}"" instance of the ""\Microsoft\Windows\WindowsColorSystem\Calibration Loader"" task for user ""SCAFFOLD\Administrator""."
"9/1/2026 4:55:50 PM","129","Information","Microsoft-Windows-TaskScheduler","Task Scheduler launch task ""\Microsoft\Windows\WindowsColorSystem\Calibration Loader"" , instance ""taskhostw.exe""  with process ID 2500."
"9/1/2026 4:55:50 PM","200","Information","Microsoft-Windows-TaskScheduler","Task Scheduler launched action ""%windir%\system32\ServerManagerLauncher.exe"" in instance ""{9c33c27b-5bf5-4b86-83d0-e8bbaf2209a8}"" of task ""\Microsoft\Windows\Server Manager\ServerManager""."
"9/1/2026 4:55:50 PM","100","Information","Microsoft-Windows-TaskScheduler","Task Scheduler started ""{9c33c27b-5bf5-4b86-83d0-e8bbaf2209a8}"" instance of the ""\Microsoft\Windows\Server Manager\ServerManager"" task for user ""SCAFFOLD\Administrator""."
"9/1/2026 4:55:50 PM","129","Information","Microsoft-Windows-TaskScheduler","Task Scheduler launch task ""\Microsoft\Windows\Server Manager\ServerManager"" , instance ""%windir%\system32\ServerManagerLauncher.exe""  with process ID 2916."
"9/1/2026 4:55:50 PM","119","Information","Microsoft-Windows-TaskScheduler","Task Scheduler launched ""{308082c6-be15-41c9-9467-a8fce8694d63}""  instance of task ""\Microsoft\Windows\TextServicesFramework\MsCtfMonitor"" due to user ""SCAFFOLD\Administrator""  logon."
"9/1/2026 4:55:50 PM","119","Information","Microsoft-Windows-TaskScheduler","Task Scheduler launched ""{2ccef33b-3e61-4ac7-9f09-f30920e9cd12}""  instance of task ""\Microsoft\Windows\WindowsColorSystem\Calibration Loader"" due to user ""SCAFFOLD\Administrator""  logon."
"9/1/2026 4:55:50 PM","119","Information","Microsoft-Windows-TaskScheduler","Task Scheduler launched ""{9c33c27b-5bf5-4b86-83d0-e8bbaf2209a8}""  instance of task ""\Microsoft\Windows\Server Manager\ServerManager"" due to user ""SCAFFOLD\Administrator""  logon."
"9/1/2026 4:55:36 PM","102","Information","Microsoft-Windows-TaskScheduler","Task Scheduler successfully finished ""{b1f662de-1206-4822-9a4a-1db01971dd51}"" instance of the ""\Microsoft\Windows\Software Inventory Logging\Configuration"" task for user ""NT AUTHORITY\SYSTEM""."
"9/1/2026 4:55:36 PM","201","Information","Microsoft-Windows-TaskScheduler","Task Scheduler successfully completed task ""\Microsoft\Windows\Software Inventory Logging\Configuration"" , instance ""{b1f662de-1206-4822-9a4a-1db01971dd51}"" , action ""%systemroot%\system32\cmd.exe"" with return code 0."
"9/1/2026 4:55:36 PM","102","Information","Microsoft-Windows-TaskScheduler","Task Scheduler successfully finished ""{314d303f-a5ec-4291-8543-994edf6e8c4d}"" instance of the ""\Microsoft\Windows\DirectX\DXGIAdapterCache"" task for user ""NT AUTHORITY\SYSTEM""."
"9/1/2026 4:55:36 PM","201","Information","Microsoft-Windows-TaskScheduler","Task Scheduler successfully completed task ""\Microsoft\Windows\DirectX\DXGIAdapterCache"" , instance ""{314d303f-a5ec-4291-8543-994edf6e8c4d}"" , action ""%windir%\system32\dxgiadaptercache.exe"" with return code 0."
"9/1/2026 4:55:36 PM","200","Information","Microsoft-Windows-TaskScheduler","Task Scheduler launched action ""%systemroot%\system32\cmd.exe"" in instance ""{b1f662de-1206-4822-9a4a-1db01971dd51}"" of task ""\Microsoft\Windows\Software Inventory Logging\Configuration""."
"9/1/2026 4:55:36 PM","100","Information","Microsoft-Windows-TaskScheduler","Task Scheduler started ""{b1f662de-1206-4822-9a4a-1db01971dd51}"" instance of the ""\Microsoft\Windows\Software Inventory Logging\Configuration"" task for user ""NT AUTHORITY\SYSTEM""."
"9/1/2026 4:55:36 PM","129","Information","Microsoft-Windows-TaskScheduler","Task Scheduler launch task ""\Microsoft\Windows\Software Inventory Logging\Configuration"" , instance ""%systemroot%\system32\cmd.exe""  with process ID 4660."
"9/1/2026 4:55:36 PM","200","Information","Microsoft-Windows-TaskScheduler","Task Scheduler launched action ""%windir%\system32\dxgiadaptercache.exe"" in instance ""{314d303f-a5ec-4291-8543-994edf6e8c4d}"" of task ""\Microsoft\Windows\DirectX\DXGIAdapterCache""."
"9/1/2026 4:55:36 PM","100","Information","Microsoft-Windows-TaskScheduler","Task Scheduler started ""{314d303f-a5ec-4291-8543-994edf6e8c4d}"" instance of the ""\Microsoft\Windows\DirectX\DXGIAdapterCache"" task for user ""NT AUTHORITY\SYSTEM""."
"9/1/2026 4:55:36 PM","129","Information","Microsoft-Windows-TaskScheduler","Task Scheduler launch task ""\Microsoft\Windows\DirectX\DXGIAdapterCache"" , instance ""%windir%\system32\dxgiadaptercache.exe""  with process ID 668."
"9/1/2026 4:55:36 PM","118","Information","Microsoft-Windows-TaskScheduler","Task Scheduler launched ""{314d303f-a5ec-4291-8543-994edf6e8c4d}""  instance of task ""\Microsoft\Windows\DirectX\DXGIAdapterCache""  due to system startup."
"9/1/2026 4:55:36 PM","118","Information","Microsoft-Windows-TaskScheduler","Task Scheduler launched ""{b1f662de-1206-4822-9a4a-1db01971dd51}""  instance of task ""\Microsoft\Windows\Software Inventory Logging\Configuration""  due to system startup."
"9/1/2026 4:55:13 PM","102","Information","Microsoft-Windows-TaskScheduler","Task Scheduler successfully finished ""{1382887a-ce02-4372-97d6-68f8757cad07}"" instance of the ""\Scaffold\ScaffoldDeployEngine"" task for user ""NT AUTHORITY\SYSTEM""."
"9/1/2026 4:55:13 PM","201","Information","Microsoft-Windows-TaskScheduler","Task Scheduler successfully completed task ""\Scaffold\ScaffoldDeployEngine"" , instance ""{1382887a-ce02-4372-97d6-68f8757cad07}"" , action ""powershell.exe"" with return code 0."
"9/1/2026 4:55:08 PM","140","Information","Microsoft-Windows-TaskScheduler","User ""SCAFFOLD\DC$""  updated Task Scheduler task ""\Microsoft\Windows\SoftwareProtectionPlatform\SvcRestartTask"""
"9/1/2026 4:55:02 PM","102","Information","Microsoft-Windows-TaskScheduler","Task Scheduler successfully finished ""{bed2525c-3d71-48b7-b424-745de049104f}"" instance of the ""\Microsoft\Windows\CertificateServicesClient\SystemTask"" task for user ""NT AUTHORITY\SYSTEM""."
"9/1/2026 4:55:02 PM","201","Information","Microsoft-Windows-TaskScheduler","Task Scheduler successfully completed task ""\Microsoft\Windows\CertificateServicesClient\SystemTask"" , instance ""{bed2525c-3d71-48b7-b424-745de049104f}"" , action ""Certificate Services Client Task Handler"" with return code 0."
"9/1/2026 4:55:01 PM","102","Information","Microsoft-Windows-TaskScheduler","Task Scheduler successfully finished ""{ff6ea2c5-db21-4216-9f75-fec2546effff}"" instance of the ""\Microsoft\Windows\Workplace Join\Automatic-Device-Join"" task for user ""NT AUTHORITY\SYSTEM""."
"9/1/2026 4:55:01 PM","201","Information","Microsoft-Windows-TaskScheduler","Task Scheduler successfully completed task ""\Microsoft\Windows\Workplace Join\Automatic-Device-Join"" , instance ""{ff6ea2c5-db21-4216-9f75-fec2546effff}"" , action ""%SystemRoot%\System32\dsregcmd.exe"" with return code 0."
"9/1/2026 4:54:46 PM","200","Information","Microsoft-Windows-TaskScheduler","Task Scheduler launched action ""Certificate Services Client Task Handler"" in instance ""{bed2525c-3d71-48b7-b424-745de049104f}"" of task ""\Microsoft\Windows\CertificateServicesClient\SystemTask""."
"9/1/2026 4:54:46 PM","100","Information","Microsoft-Windows-TaskScheduler","Task Scheduler started ""{bed2525c-3d71-48b7-b424-745de049104f}"" instance of the ""\Microsoft\Windows\CertificateServicesClient\SystemTask"" task for user ""NT AUTHORITY\SYSTEM""."
"9/1/2026 4:54:46 PM","129","Information","Microsoft-Windows-TaskScheduler","Task Scheduler launch task ""\Microsoft\Windows\CertificateServicesClient\SystemTask"" , instance ""taskhostw.exe""  with process ID 3932."
"9/1/2026 4:54:46 PM","118","Information","Microsoft-Windows-TaskScheduler","Task Scheduler launched ""{bed2525c-3d71-48b7-b424-745de049104f}""  instance of task ""\Microsoft\Windows\CertificateServicesClient\SystemTask""  due to system startup."
"9/1/2026 4:54:41 PM","200","Information","Microsoft-Windows-TaskScheduler","Task Scheduler launched action ""powershell.exe"" in instance ""{1382887a-ce02-4372-97d6-68f8757cad07}"" of task ""\Scaffold\ScaffoldDeployEngine""."
"9/1/2026 4:54:41 PM","100","Information","Microsoft-Windows-TaskScheduler","Task Scheduler started ""{1382887a-ce02-4372-97d6-68f8757cad07}"" instance of the ""\Scaffold\ScaffoldDeployEngine"" task for user ""NT AUTHORITY\SYSTEM""."
"9/1/2026 4:54:41 PM","129","Information","Microsoft-Windows-TaskScheduler","Task Scheduler launch task ""\Scaffold\ScaffoldDeployEngine"" , instance ""powershell.exe""  with process ID 2732."
"9/1/2026 4:54:41 PM","107","Information","Microsoft-Windows-TaskScheduler","Task Scheduler launched ""{1382887a-ce02-4372-97d6-68f8757cad07}""  instance of task ""\Scaffold\ScaffoldDeployEngine"" due to a time trigger condition."
"9/1/2026 4:54:38 PM","102","Information","Microsoft-Windows-TaskScheduler","Task Scheduler successfully finished ""{45117a81-d8e6-445b-a1a1-e2a8f3e8d3af}"" instance of the ""\Microsoft\Windows\SoftwareProtectionPlatform\SvcRestartTaskNetwork"" task for user ""(NONE)""."
"9/1/2026 4:54:38 PM","201","Information","Microsoft-Windows-TaskScheduler","Task Scheduler successfully completed task ""\Microsoft\Windows\SoftwareProtectionPlatform\SvcRestartTaskNetwork"" , instance ""{45117a81-d8e6-445b-a1a1-e2a8f3e8d3af}"" , action ""SppSvcRestartTaskHandler Class"" with return code 0."
"9/1/2026 4:54:38 PM","102","Information","Microsoft-Windows-TaskScheduler","Task Scheduler successfully finished ""{5625cfc3-34ba-4620-ab7d-48e82eed2b00}"" instance of the ""\Microsoft\Windows\WwanSvc\OobeDiscovery"" task for user ""NT AUTHORITY\SYSTEM""."
"9/1/2026 4:54:38 PM","201","Information","Microsoft-Windows-TaskScheduler","Task Scheduler successfully completed task ""\Microsoft\Windows\WwanSvc\OobeDiscovery"" , instance ""{5625cfc3-34ba-4620-ab7d-48e82eed2b00}"" , action ""OobeEsimTaskManager"" with return code 0."
"9/1/2026 4:54:37 PM","102","Information","Microsoft-Windows-TaskScheduler","Task Scheduler successfully finished ""{11f68e02-59d4-4e67-b614-870f5ef8e463}"" instance of the ""\Microsoft\Windows\ExploitGuard\ExploitGuard MDM policy Refresh"" task for user ""NT AUTHORITY\SYSTEM""."
"9/1/2026 4:54:37 PM","201","Information","Microsoft-Windows-TaskScheduler","Task Scheduler successfully completed task ""\Microsoft\Windows\ExploitGuard\ExploitGuard MDM policy Refresh"" , instance ""{11f68e02-59d4-4e67-b614-870f5ef8e463}"" , action """" with return code 0."
"9/1/2026 4:54:36 PM","110","Information","Microsoft-Windows-TaskScheduler","Task Scheduler launched ""{ff6ea2c5-db21-4216-9f75-fec2546effff}""  instance of task ""\Microsoft\Windows\Workplace Join\Automatic-Device-Join""  for user ""System"" ."
"9/1/2026 4:54:36 PM","200","Information","Microsoft-Windows-TaskScheduler","Task Scheduler launched action ""%SystemRoot%\System32\dsregcmd.exe"" in instance ""{ff6ea2c5-db21-4216-9f75-fec2546effff}"" of task ""\Microsoft\Windows\Workplace Join\Automatic-Device-Join""."
"9/1/2026 4:54:36 PM","100","Information","Microsoft-Windows-TaskScheduler","Task Scheduler started ""{ff6ea2c5-db21-4216-9f75-fec2546effff}"" instance of the ""\Microsoft\Windows\Workplace Join\Automatic-Device-Join"" task for user ""NT AUTHORITY\SYSTEM""."
"9/1/2026 4:54:36 PM","129","Information","Microsoft-Windows-TaskScheduler","Task Scheduler launch task ""\Microsoft\Windows\Workplace Join\Automatic-Device-Join"" , instance ""%SystemRoot%\System32\dsregcmd.exe""  with process ID 2544."
"9/1/2026 4:54:36 PM","325","Warning","Microsoft-Windows-TaskScheduler","Task Scheduler queued instance ""{ff6ea2c5-db21-4216-9f75-fec2546effff}""  of task ""\Microsoft\Windows\Workplace Join\Automatic-Device-Join""."
"9/1/2026 4:54:36 PM","102","Information","Microsoft-Windows-TaskScheduler","Task Scheduler successfully finished ""{04999442-eca8-4cd9-8c4b-a6971f907e76}"" instance of the ""\Microsoft\Windows\DirectX\DXGIAdapterCache"" task for user ""NT AUTHORITY\SYSTEM""."
"9/1/2026 4:54:36 PM","201","Information","Microsoft-Windows-TaskScheduler","Task Scheduler successfully completed task ""\Microsoft\Windows\DirectX\DXGIAdapterCache"" , instance ""{04999442-eca8-4cd9-8c4b-a6971f907e76}"" , action ""%windir%\system32\dxgiadaptercache.exe"" with return code 0."
"9/1/2026 4:54:36 PM","102","Information","Microsoft-Windows-TaskScheduler","Task Scheduler successfully finished ""{fba5a74d-8f33-4c73-912d-d40236d2fc08}"" instance of the ""\Microsoft\Windows\Time Synchronization\ForceSynchronizeTime"" task for user ""(NONE)""."
"9/1/2026 4:54:36 PM","201","Information","Microsoft-Windows-TaskScheduler","Task Scheduler successfully completed task ""\Microsoft\Windows\Time Synchronization\ForceSynchronizeTime"" , instance ""{fba5a74d-8f33-4c73-912d-d40236d2fc08}"" , action ""Time Synchronization Task Handler"" with return code 0."
"9/1/2026 4:54:36 PM","200","Information","Microsoft-Windows-TaskScheduler","Task Scheduler launched action ""SppSvcRestartTaskHandler Class"" in instance ""{45117a81-d8e6-445b-a1a1-e2a8f3e8d3af}"" of task ""\Microsoft\Windows\SoftwareProtectionPlatform\SvcRestartTaskNetwork""."
"9/1/2026 4:54:36 PM","100","Information","Microsoft-Windows-TaskScheduler","Task Scheduler started ""{45117a81-d8e6-445b-a1a1-e2a8f3e8d3af}"" instance of the ""\Microsoft\Windows\SoftwareProtectionPlatform\SvcRestartTaskNetwork"" task for user ""(NONE)""."
"9/1/2026 4:54:36 PM","129","Information","Microsoft-Windows-TaskScheduler","Task Scheduler launch task ""\Microsoft\Windows\SoftwareProtectionPlatform\SvcRestartTaskNetwork"" , instance ""taskhostw.exe""  with process ID 2476."
"9/1/2026 4:54:36 PM","108","Information","Microsoft-Windows-TaskScheduler","Task Scheduler launched ""{45117a81-d8e6-445b-a1a1-e2a8f3e8d3af}""  instance of task ""\Microsoft\Windows\SoftwareProtectionPlatform\SvcRestartTaskNetwork""  according to an event trigger."
"9/1/2026 4:54:36 PM","200","Information","Microsoft-Windows-TaskScheduler","Task Scheduler launched action ""Time Synchronization Task Handler"" in instance ""{fba5a74d-8f33-4c73-912d-d40236d2fc08}"" of task ""\Microsoft\Windows\Time Synchronization\ForceSynchronizeTime""."
"9/1/2026 4:54:36 PM","100","Information","Microsoft-Windows-TaskScheduler","Task Scheduler started ""{fba5a74d-8f33-4c73-912d-d40236d2fc08}"" instance of the ""\Microsoft\Windows\Time Synchronization\ForceSynchronizeTime"" task for user ""(NONE)""."
"9/1/2026 4:54:36 PM","129","Information","Microsoft-Windows-TaskScheduler","Task Scheduler launch task ""\Microsoft\Windows\Time Synchronization\ForceSynchronizeTime"" , instance ""taskhostw.exe""  with process ID 2444."
"9/1/2026 4:54:36 PM","200","Information","Microsoft-Windows-TaskScheduler","Task Scheduler launched action ""OobeEsimTaskManager"" in instance ""{5625cfc3-34ba-4620-ab7d-48e82eed2b00}"" of task ""\Microsoft\Windows\WwanSvc\OobeDiscovery""."
"9/1/2026 4:54:36 PM","100","Information","Microsoft-Windows-TaskScheduler","Task Scheduler started ""{5625cfc3-34ba-4620-ab7d-48e82eed2b00}"" instance of the ""\Microsoft\Windows\WwanSvc\OobeDiscovery"" task for user ""NT AUTHORITY\SYSTEM""."
"9/1/2026 4:54:35 PM","101","Error","Microsoft-Windows-TaskScheduler","Task Scheduler failed to start ""\Microsoft\Windows\Workplace Join\Automatic-Device-Join"" task for user ""(default user)"". Additional Data: Error Value: 2147943568."
"9/1/2026 4:54:35 PM","200","Information","Microsoft-Windows-TaskScheduler","Task Scheduler launched action """" in instance ""{11f68e02-59d4-4e67-b614-870f5ef8e463}"" of task ""\Microsoft\Windows\ExploitGuard\ExploitGuard MDM policy Refresh""."
"9/1/2026 4:54:35 PM","100","Information","Microsoft-Windows-TaskScheduler","Task Scheduler started ""{11f68e02-59d4-4e67-b614-870f5ef8e463}"" instance of the ""\Microsoft\Windows\ExploitGuard\ExploitGuard MDM policy Refresh"" task for user ""NT AUTHORITY\SYSTEM""."
"9/1/2026 4:54:35 PM","200","Information","Microsoft-Windows-TaskScheduler","Task Scheduler launched action ""%windir%\system32\dxgiadaptercache.exe"" in instance ""{04999442-eca8-4cd9-8c4b-a6971f907e76}"" of task ""\Microsoft\Windows\DirectX\DXGIAdapterCache""."
"9/1/2026 4:54:35 PM","100","Information","Microsoft-Windows-TaskScheduler","Task Scheduler started ""{04999442-eca8-4cd9-8c4b-a6971f907e76}"" instance of the ""\Microsoft\Windows\DirectX\DXGIAdapterCache"" task for user ""NT AUTHORITY\SYSTEM""."
"9/1/2026 4:54:35 PM","129","Information","Microsoft-Windows-TaskScheduler","Task Scheduler launch task ""\Microsoft\Windows\ExploitGuard\ExploitGuard MDM policy Refresh"" , instance ""taskhostw.exe""  with process ID 1992."
"9/1/2026 4:54:35 PM","129","Information","Microsoft-Windows-TaskScheduler","Task Scheduler launch task ""\Microsoft\Windows\DirectX\DXGIAdapterCache"" , instance ""%windir%\system32\dxgiadaptercache.exe""  with process ID 2000."
"9/1/2026 4:54:35 PM","118","Information","Microsoft-Windows-TaskScheduler","Task Scheduler launched ""{11f68e02-59d4-4e67-b614-870f5ef8e463}""  instance of task ""\Microsoft\Windows\ExploitGuard\ExploitGuard MDM policy Refresh""  due to system startup."
"9/1/2026 4:54:35 PM","400","Information","Microsoft-Windows-TaskScheduler","Task Scheduler service has started."
"9/1/2026 4:54:35 PM","700","Information","Microsoft-Windows-TaskScheduler","Task Scheduler service started Task Compatibility module."
"9/1/2026 4:54:18 PM","402","Information","Microsoft-Windows-TaskScheduler","Task Scheduler service is shutting down."
"9/1/2026 4:54:17 PM","140","Information","Microsoft-Windows-TaskScheduler","User ""NT AUTHORITY\SYSTEM""  updated Task Scheduler task ""\Microsoft\Windows\WindowsUpdate\Scheduled Start"""
"9/1/2026 4:54:16 PM","111","Information","Microsoft-Windows-TaskScheduler","Task Scheduler terminated ""{59706171-6c24-4ddf-8be3-da06023bece1}""  instance of the ""\MicrosoftEdgeUpdateTaskMachineCore""  task."
"9/1/2026 4:54:16 PM","102","Information","Microsoft-Windows-TaskScheduler","Task Scheduler successfully finished ""{59706171-6c24-4ddf-8be3-da06023bece1}"" instance of the ""\MicrosoftEdgeUpdateTaskMachineCore"" task for user ""NT AUTHORITY\SYSTEM""."
"9/1/2026 4:54:16 PM","201","Information","Microsoft-Windows-TaskScheduler","Task Scheduler successfully completed task ""\MicrosoftEdgeUpdateTaskMachineCore"" , instance ""{59706171-6c24-4ddf-8be3-da06023bece1}"" , action ""C:\Program Files (x86)\Microsoft\EdgeUpdate\MicrosoftEdgeUpdate.exe"" with return code 2147943691."
"9/1/2026 4:54:16 PM","103","Error","Microsoft-Windows-TaskScheduler","Task Scheduler failed to start instance ""{88dcbbf9-d7ef-40b4-b9c7-263d9d2f4961}"" of ""\Microsoft\Windows\Wininet\CacheTask""  task for user """" . Additional Data: Error Value: 2147942404."
"9/1/2026 4:54:16 PM","202","Error","Microsoft-Windows-TaskScheduler","Task Scheduler failed to complete task ""\Microsoft\Windows\Wininet\CacheTask"" , instance ""{88dcbbf9-d7ef-40b4-b9c7-263d9d2f4961}"" , action ""Wininet Cache task object"" . Additional Data: Error Value: 2147942404."
"9/1/2026 4:54:16 PM","102","Information","Microsoft-Windows-TaskScheduler","Task Scheduler successfully finished ""{74ba61c5-5956-4569-8874-ab30c0e6ebde}"" instance of the ""\CreateExplorerShellUnelevatedTask"" task for user ""SCAFFOLD\Administrator""."
"9/1/2026 4:54:16 PM","201","Information","Microsoft-Windows-TaskScheduler","Task Scheduler successfully completed task ""\CreateExplorerShellUnelevatedTask"" , instance ""{74ba61c5-5956-4569-8874-ab30c0e6ebde}"" , action ""C:\Windows\Explorer.EXE"" with return code 2147942404."
"9/1/2026 4:54:16 PM","103","Error","Microsoft-Windows-TaskScheduler","Task Scheduler failed to start instance ""{a24affdc-9234-4cd2-9814-cd27d9f87257}"" of ""\Microsoft\Windows\WDI\ResolutionHost""  task for user """" . Additional Data: Error Value: 2147942404."
"9/1/2026 4:54:16 PM","202","Error","Microsoft-Windows-TaskScheduler","Task Scheduler failed to complete task ""\Microsoft\Windows\WDI\ResolutionHost"" , instance ""{a24affdc-9234-4cd2-9814-cd27d9f87257}"" , action ""DiagnosticInfrastructureCustomHandler"" . Additional Data: Error Value: 2147942404."
"9/1/2026 4:54:10 PM","102","Information","Microsoft-Windows-TaskScheduler","Task Scheduler successfully finished ""{aaea5b1c-2417-4bfe-9a66-675104abf8b4}"" instance of the ""\Microsoft\Windows\Flighting\FeatureConfig\ReconcileFeatures"" task for user ""NT AUTHORITY\SYSTEM""."
"9/1/2026 4:54:10 PM","201","Information","Microsoft-Windows-TaskScheduler","Task Scheduler successfully completed task ""\Microsoft\Windows\Flighting\FeatureConfig\ReconcileFeatures"" , instance ""{aaea5b1c-2417-4bfe-9a66-675104abf8b4}"" , action ""Feature Configuration Reconciliation Task Handler"" with return code 0."
"9/1/2026 4:54:10 PM","200","Information","Microsoft-Windows-TaskScheduler","Task Scheduler launched action ""Feature Configuration Reconciliation Task Handler"" in instance ""{aaea5b1c-2417-4bfe-9a66-675104abf8b4}"" of task ""\Microsoft\Windows\Flighting\FeatureConfig\ReconcileFeatures""."
"9/1/2026 4:54:10 PM","100","Information","Microsoft-Windows-TaskScheduler","Task Scheduler started ""{aaea5b1c-2417-4bfe-9a66-675104abf8b4}"" instance of the ""\Microsoft\Windows\Flighting\FeatureConfig\ReconcileFeatures"" task for user ""NT AUTHORITY\SYSTEM""."
"9/1/2026 4:54:10 PM","129","Information","Microsoft-Windows-TaskScheduler","Task Scheduler launch task ""\Microsoft\Windows\Flighting\FeatureConfig\ReconcileFeatures"" , instance ""taskhostw.exe""  with process ID 4956."
"9/1/2026 4:54:08 PM","102","Information","Microsoft-Windows-TaskScheduler","Task Scheduler successfully finished ""{e3ff11e0-3d30-47b6-ba2c-b855be0d9595}"" instance of the ""\Microsoft\Windows\Windows Error Reporting\QueueReporting"" task for user ""NT AUTHORITY\SYSTEM""."
"9/1/2026 4:54:08 PM","201","Information","Microsoft-Windows-TaskScheduler","Task Scheduler successfully completed task ""\Microsoft\Windows\Windows Error Reporting\QueueReporting"" , instance ""{e3ff11e0-3d30-47b6-ba2c-b855be0d9595}"" , action ""%windir%\system32\wermgr.exe"" with return code 0."
"9/1/2026 4:54:08 PM","200","Information","Microsoft-Windows-TaskScheduler","Task Scheduler launched action ""%windir%\system32\wermgr.exe"" in instance ""{e3ff11e0-3d30-47b6-ba2c-b855be0d9595}"" of task ""\Microsoft\Windows\Windows Error Reporting\QueueReporting""."
"9/1/2026 4:54:08 PM","100","Information","Microsoft-Windows-TaskScheduler","Task Scheduler started ""{e3ff11e0-3d30-47b6-ba2c-b855be0d9595}"" instance of the ""\Microsoft\Windows\Windows Error Reporting\QueueReporting"" task for user ""NT AUTHORITY\SYSTEM""."
"9/1/2026 4:54:08 PM","129","Information","Microsoft-Windows-TaskScheduler","Task Scheduler launch task ""\Microsoft\Windows\Windows Error Reporting\QueueReporting"" , instance ""%windir%\system32\wermgr.exe""  with process ID 6104."
"9/1/2026 4:54:08 PM","118","Information","Microsoft-Windows-TaskScheduler","Task Scheduler launched ""{e3ff11e0-3d30-47b6-ba2c-b855be0d9595}""  instance of task ""\Microsoft\Windows\Windows Error Reporting\QueueReporting""  due to system startup."
"9/1/2026 4:53:56 PM","103","Error","Microsoft-Windows-TaskScheduler","Task Scheduler failed to start instance ""{023536cd-0e14-454e-9d57-00d9262fab9b}"" of ""\Microsoft\Windows\International\Synchronize Language Settings""  task for user ""SCAFFOLD\Administrator"" . Additional Data: Error Value: 2147746053."
"9/1/2026 4:53:56 PM","202","Error","Microsoft-Windows-TaskScheduler","Task Scheduler failed to complete task ""\Microsoft\Windows\International\Synchronize Language Settings"" , instance ""{023536cd-0e14-454e-9d57-00d9262fab9b}"" , action ""Sync Language Data From Cloud Task"" . Additional Data: Error Value: 2147746053."
"9/1/2026 4:53:52 PM","102","Information","Microsoft-Windows-TaskScheduler","Task Scheduler successfully finished ""{8e596102-fc04-4188-b7ce-8128739c12fd}"" instance of the ""\Microsoft\Windows\Workplace Join\Automatic-Device-Join"" task for user ""NT AUTHORITY\SYSTEM""."
"9/1/2026 4:53:52 PM","201","Information","Microsoft-Windows-TaskScheduler","Task Scheduler successfully completed task ""\Microsoft\Windows\Workplace Join\Automatic-Device-Join"" , instance ""{8e596102-fc04-4188-b7ce-8128739c12fd}"" , action ""%SystemRoot%\System32\dsregcmd.exe"" with return code 2147942401."
"9/1/2026 4:53:52 PM","200","Information","Microsoft-Windows-TaskScheduler","Task Scheduler launched action ""%SystemRoot%\System32\dsregcmd.exe"" in instance ""{8e596102-fc04-4188-b7ce-8128739c12fd}"" of task ""\Microsoft\Windows\Workplace Join\Automatic-Device-Join""."
"9/1/2026 4:53:52 PM","100","Information","Microsoft-Windows-TaskScheduler","Task Scheduler started ""{8e596102-fc04-4188-b7ce-8128739c12fd}"" instance of the ""\Microsoft\Windows\Workplace Join\Automatic-Device-Join"" task for user ""NT AUTHORITY\SYSTEM""."
"9/1/2026 4:53:52 PM","129","Information","Microsoft-Windows-TaskScheduler","Task Scheduler launch task ""\Microsoft\Windows\Workplace Join\Automatic-Device-Join"" , instance ""%SystemRoot%\System32\dsregcmd.exe""  with process ID 6948."
"9/1/2026 4:53:52 PM","119","Information","Microsoft-Windows-TaskScheduler","Task Scheduler launched ""{8e596102-fc04-4188-b7ce-8128739c12fd}""  instance of task ""\Microsoft\Windows\Workplace Join\Automatic-Device-Join"" due to user ""SCAFFOLD\Administrator""  logon."
"9/1/2026 4:53:44 PM","140","Information","Microsoft-Windows-TaskScheduler","User ""SCAFFOLD\DC$""  updated Task Scheduler task ""\Microsoft\Windows\SoftwareProtectionPlatform\SvcRestartTask"""
"9/1/2026 4:53:32 PM","140","Information","Microsoft-Windows-TaskScheduler","User ""SCAFFOLD\DC$""  updated Task Scheduler task ""\Microsoft\Windows\Application Experience\PcaPatchDbTask"""
"9/1/2026 4:53:32 PM","110","Information","Microsoft-Windows-TaskScheduler","Task Scheduler launched ""{a24affdc-9234-4cd2-9814-cd27d9f87257}""  instance of task ""\Microsoft\Windows\WDI\ResolutionHost""  for user ""Administrator"" ."
"9/1/2026 4:53:32 PM","200","Information","Microsoft-Windows-TaskScheduler","Task Scheduler launched action ""DiagnosticInfrastructureCustomHandler"" in instance ""{a24affdc-9234-4cd2-9814-cd27d9f87257}"" of task ""\Microsoft\Windows\WDI\ResolutionHost""."
"9/1/2026 4:53:32 PM","100","Information","Microsoft-Windows-TaskScheduler","Task Scheduler started ""{a24affdc-9234-4cd2-9814-cd27d9f87257}"" instance of the ""\Microsoft\Windows\WDI\ResolutionHost"" task for user ""SCAFFOLD\Administrator""."
"9/1/2026 4:53:32 PM","129","Information","Microsoft-Windows-TaskScheduler","Task Scheduler launch task ""\Microsoft\Windows\WDI\ResolutionHost"" , instance ""taskhostw.exe""  with process ID 2400."
"9/1/2026 4:53:32 PM","325","Warning","Microsoft-Windows-TaskScheduler","Task Scheduler queued instance ""{a24affdc-9234-4cd2-9814-cd27d9f87257}""  of task ""\Microsoft\Windows\WDI\ResolutionHost""."
"9/1/2026 4:53:28 PM","102","Information","Microsoft-Windows-TaskScheduler","Task Scheduler successfully finished ""{4dcccd7f-a6a1-459b-b123-bca59e6186d5}"" instance of the ""\Microsoft\Windows\UpdateOrchestrator\MusUx_UpdateInterval"" task for user ""NT AUTHORITY\SYSTEM""."
"9/1/2026 4:53:28 PM","201","Information","Microsoft-Windows-TaskScheduler","Task Scheduler successfully completed task ""\Microsoft\Windows\UpdateOrchestrator\MusUx_UpdateInterval"" , instance ""{4dcccd7f-a6a1-459b-b123-bca59e6186d5}"" , action ""%systemroot%\system32\MusNotification.exe"" with return code 0."
"9/1/2026 4:53:27 PM","140","Information","Microsoft-Windows-TaskScheduler","User ""SCAFFOLD\DC$""  updated Task Scheduler task ""\Microsoft\Windows\UpdateOrchestrator\Schedule Scan"""
"9/1/2026 4:53:27 PM","140","Information","Microsoft-Windows-TaskScheduler","User ""S-1-5-18""  updated Task Scheduler task ""\Microsoft\Windows\UpdateOrchestrator\Schedule Scan"""
"9/1/2026 4:53:27 PM","200","Information","Microsoft-Windows-TaskScheduler","Task Scheduler launched action ""%systemroot%\system32\MusNotification.exe"" in instance ""{4dcccd7f-a6a1-459b-b123-bca59e6186d5}"" of task ""\Microsoft\Windows\UpdateOrchestrator\MusUx_UpdateInterval""."
"9/1/2026 4:53:27 PM","100","Information","Microsoft-Windows-TaskScheduler","Task Scheduler started ""{4dcccd7f-a6a1-459b-b123-bca59e6186d5}"" instance of the ""\Microsoft\Windows\UpdateOrchestrator\MusUx_UpdateInterval"" task for user ""NT AUTHORITY\SYSTEM""."
"9/1/2026 4:53:27 PM","129","Information","Microsoft-Windows-TaskScheduler","Task Scheduler launch task ""\Microsoft\Windows\UpdateOrchestrator\MusUx_UpdateInterval"" , instance ""%systemroot%\system32\MusNotification.exe""  with process ID 3744."
"9/1/2026 4:53:27 PM","119","Information","Microsoft-Windows-TaskScheduler","Task Scheduler launched ""{4dcccd7f-a6a1-459b-b123-bca59e6186d5}""  instance of task ""\Microsoft\Windows\UpdateOrchestrator\MusUx_UpdateInterval"" due to user ""SCAFFOLD\Administrator""  logon."
"9/1/2026 4:53:22 PM","200","Information","Microsoft-Windows-TaskScheduler","Task Scheduler launched action ""Sync Language Data From Cloud Task"" in instance ""{023536cd-0e14-454e-9d57-00d9262fab9b}"" of task ""\Microsoft\Windows\International\Synchronize Language Settings""."
"9/1/2026 4:53:22 PM","100","Information","Microsoft-Windows-TaskScheduler","Task Scheduler started ""{023536cd-0e14-454e-9d57-00d9262fab9b}"" instance of the ""\Microsoft\Windows\International\Synchronize Language Settings"" task for user ""SCAFFOLD\Administrator""."
