"5/26/2026 7:09:55 AM","1014","Warning","Microsoft-Windows-DNS-Client","Name resolution for the name _ldap._tcp.dc._msdcs.scaffold.htb. timed out after none of the configured DNS servers responded."
"5/26/2026 7:09:55 AM","7036","Information","Service Control Manager","The LanmanWorkstation service entered the running state."
"5/26/2026 7:09:55 AM","7036","Information","Service Control Manager","The NcaSvc service entered the stopped state."
"5/26/2026 7:09:55 AM","7036","Information","Service Control Manager","The Kdc service entered the running state."
"5/26/2026 7:09:55 AM","7036","Information","Service Control Manager","The iphlpsvc service entered the running state."
"5/26/2026 7:09:55 AM","7036","Information","Service Control Manager","The BFE service entered the running state."
"5/26/2026 7:09:55 AM","7036","Information","Service Control Manager","The Wcmsvc service entered the running state."
"5/26/2026 7:09:55 AM","7036","Information","Service Control Manager","The UserManager service entered the running state."
"5/26/2026 7:09:55 AM","7036","Information","Service Control Manager","The NcbService service entered the running state."
"5/26/2026 7:09:55 AM","7036","Information","Service Control Manager","The FontCache service entered the running state."
"5/26/2026 7:09:55 AM","7036","Information","Service Control Manager","The WinHttpAutoProxySvc service entered the running state."
"5/26/2026 7:09:55 AM","7036","Information","Service Control Manager","The ShellHWDetection service entered the running state."
"5/26/2026 7:09:55 AM","7036","Information","Service Control Manager","The DsmSvc service entered the running state."
"5/26/2026 7:09:55 AM","7036","Information","Service Control Manager","The SENS service entered the running state."
"5/26/2026 7:09:55 AM","7036","Information","Service Control Manager","The Schedule service entered the running state."
"5/26/2026 7:09:55 AM","7036","Information","Service Control Manager","The ProfSvc service entered the running state."
"5/26/2026 7:09:55 AM","7036","Information","Service Control Manager","The EventSystem service entered the running state."
"5/26/2026 7:09:55 AM","7036","Information","Service Control Manager","The Themes service entered the running state."
"5/26/2026 7:09:55 AM","7036","Information","Service Control Manager","The NTDS service entered the running state."
"5/26/2026 7:09:55 AM","6","Information","Microsoft-Windows-FilterManager","File System Filter 'bindflt' (10.0, ‎2051‎-‎03‎-‎03T20:45:47.000000000Z) has successfully loaded and registered with Filter Manager."
"5/26/2026 7:09:55 AM","6","Information","Microsoft-Windows-FilterManager","File System Filter 'storqosflt' (10.0, ‎2051‎-‎09‎-‎21T05:40:20.000000000Z) has successfully loaded and registered with Filter Manager."
"5/26/2026 7:09:55 AM","7036","Information","Service Control Manager","The WPDBusEnum service entered the running state."
"5/26/2026 7:09:55 AM","6","Information","Microsoft-Windows-FilterManager","File System Filter 'CldFlt' (10.0, ‎2074‎-‎11‎-‎09T08:03:12.000000000Z) has successfully loaded and registered with Filter Manager."
"5/26/2026 7:09:55 AM","1","Information","Microsoft-Windows-FilterManager","File System Filter 'CldFlt' (Version 10.0, ‎2074‎-‎11‎-‎09T08:03:12.000000000Z) unloaded successfully."
"5/26/2026 7:09:55 AM","6","Information","Microsoft-Windows-FilterManager","File System Filter 'CldFlt' (10.0, ‎2074‎-‎11‎-‎09T08:03:12.000000000Z) has successfully loaded and registered with Filter Manager."
"5/26/2026 7:09:55 AM","7036","Information","Service Control Manager","The netprofm service entered the running state."
"5/26/2026 7:09:55 AM","6","Information","Microsoft-Windows-FilterManager","File System Filter 'luafv' (10.0, ‎2068‎-‎10‎-‎11T15:22:37.000000000Z) has successfully loaded and registered with Filter Manager."
"5/26/2026 7:09:55 AM","6","Information","Microsoft-Windows-FilterManager","File System Filter 'wcifs' (10.0, ‎2088‎-‎12‎-‎15T04:51:43.000000000Z) has successfully loaded and registered with Filter Manager."
"5/26/2026 7:09:55 AM","1014","Warning","Microsoft-Windows-DNS-Client","Name resolution for the name _ldap._tcp.dc._msdcs.scaffold.htb. timed out after none of the configured DNS servers responded."
"5/26/2026 7:09:55 AM","7036","Information","Service Control Manager","The gpsvc service entered the running state."
"5/26/2026 7:09:55 AM","7036","Information","Service Control Manager","The NlaSvc service entered the running state."
"5/26/2026 7:09:55 AM","7036","Information","Service Control Manager","The EventLog service entered the running state."
"5/26/2026 7:09:55 AM","7036","Information","Service Control Manager","The Dnscache service entered the running state."
"5/26/2026 7:09:55 AM","7036","Information","Service Control Manager","The Dhcp service entered the running state."
"5/26/2026 7:09:55 AM","51046","Information","Microsoft-Windows-DHCPv6-Client","DHCPv6 client service is started"
"5/26/2026 7:09:54 AM","50036","Information","Microsoft-Windows-Dhcp-Client","DHCPv4 client service is started"
"5/26/2026 7:09:54 AM","50103","Information","Microsoft-Windows-Dhcp-Client","DHCPv4 client registered for shutdown notification"
"5/26/2026 7:09:54 AM","50036","Information","Microsoft-Windows-Dhcp-Client","DHCPv4 client service is started"
"5/26/2026 7:09:54 AM","7036","Information","Service Control Manager","The TimeBrokerSvc service entered the running state."
"5/26/2026 7:09:54 AM","7036","Information","Service Control Manager","The lmhosts service entered the running state."
"5/26/2026 7:09:54 AM","7036","Information","Service Control Manager","The nsi service entered the running state."
"5/26/2026 7:09:54 AM","7036","Information","Service Control Manager","The SystemEventsBroker service entered the running state."
"5/26/2026 7:09:54 AM","7036","Information","Service Control Manager","The BrokerInfrastructure service entered the running state."
"5/26/2026 7:09:53 AM","7036","Information","Service Control Manager","The LSM service entered the running state."
"5/26/2026 7:09:53 AM","7036","Information","Service Control Manager","The RpcSs service entered the running state."
"5/26/2026 7:09:53 AM","7036","Information","Service Control Manager","The DcomLaunch service entered the running state."
"5/26/2026 7:09:53 AM","7036","Information","Service Control Manager","The RpcEptMapper service entered the running state."
"5/26/2026 7:09:53 AM","7036","Information","Service Control Manager","The Power service entered the running state."
"5/26/2026 7:09:53 AM","7036","Information","Service Control Manager","The PlugPlay service entered the running state."
"5/26/2026 7:09:53 AM","16983","Information","Microsoft-Windows-Directory-Services-SAM","The security account manager is now logging periodic summary events for remote clients that call legacy password change or set RPC methods.

For more information please see https://go.microsoft.com/fwlink/?linkid=2150956.
"
"5/26/2026 7:09:53 AM","16977","Information","Microsoft-Windows-Directory-Services-SAM","The domain is configured with the following minimum password length-related settings.

MinimumPasswordLength: 7

RelaxMinimumPasswordLengthLimits: 0

MinimumPasswordLengthAudit: -1

For more information see https://go.microsoft.com/fwlink/?LinkId=2097191.
"
"5/26/2026 7:09:53 AM","16977","Information","Microsoft-Windows-Directory-Services-SAM","The domain is configured with the following minimum password length-related settings.

MinimumPasswordLength: 7

RelaxMinimumPasswordLengthLimits: 0

MinimumPasswordLengthAudit: 0

For more information see https://go.microsoft.com/fwlink/?LinkId=2097191.
"
"5/26/2026 7:09:53 AM","16654","Information","Microsoft-Windows-Directory-Services-SAM","A pool of account-identifiers (RIDs) has been invalidated. This may occur in the following expected cases:
1. A domain controller is restored from backup. 
2. A domain controller running on a virtual machine is restored from snapshot. 
3. An administrator has manually invalidated the pool. 
See http://go.microsoft.com/fwlink/?LinkId=226247 for more information."
"5/26/2026 7:09:52 AM","16962","Information","Microsoft-Windows-Directory-Services-SAM","Remote calls to the SAM database are being restricted using the default security descriptor: .
For more information please see http://go.microsoft.com/fwlink/?LinkId=787651."
"5/26/2026 7:09:52 AM","14","Information","Microsoft-Windows-Wininit","Credential Guard configuration: 0x0, 0"
"5/26/2026 7:09:52 AM","24","Information","Microsoft-Windows-Kernel-General","The time zone information was refreshed with exit reason 0. Current time zone bias is 420."
"5/26/2026 7:09:51 AM","98","Information","Microsoft-Windows-Ntfs","Volume \\?\Volume{2bc8a4fb-ec89-41c1-8fb3-d753243c8254} (\Device\HarddiskVolume5) is healthy.  No action is needed."
"5/26/2026 7:09:51 AM","98","Information","Microsoft-Windows-Ntfs","Volume Y: (\Device\HarddiskVolume4) is healthy.  No action is needed."
"5/26/2026 7:09:51 AM","32","Information","e1i68x64","Intel(R) 82574L Gigabit Network Connection
 Network link has been established at 1Gbps full duplex.
"
"5/26/2026 7:09:51 AM","55","Information","Microsoft-Windows-Kernel-Processor-Power","Processor 3 in group 0 exposes the following power management capabilities:

Idle state type: ACPI Idle (C) States (1 state(s))

Performance state type: None
Nominal Frequency (MHz): 2688
Maximum performance percentage: 100
Minimum performance percentage: 100
Minimum throttle percentage: 100"
"5/26/2026 7:09:51 AM","55","Information","Microsoft-Windows-Kernel-Processor-Power","Processor 2 in group 0 exposes the following power management capabilities:

Idle state type: ACPI Idle (C) States (1 state(s))

Performance state type: None
Nominal Frequency (MHz): 2688
Maximum performance percentage: 100
Minimum performance percentage: 100
Minimum throttle percentage: 100"
"5/26/2026 7:09:51 AM","55","Information","Microsoft-Windows-Kernel-Processor-Power","Processor 1 in group 0 exposes the following power management capabilities:

Idle state type: ACPI Idle (C) States (1 state(s))

Performance state type: None
Nominal Frequency (MHz): 2688
Maximum performance percentage: 100
Minimum performance percentage: 100
Minimum throttle percentage: 100"
"5/26/2026 7:09:51 AM","55","Information","Microsoft-Windows-Kernel-Processor-Power","Processor 0 in group 0 exposes the following power management capabilities:

Idle state type: ACPI Idle (C) States (1 state(s))

Performance state type: None
Nominal Frequency (MHz): 2688
Maximum performance percentage: 100
Minimum performance percentage: 100
Minimum throttle percentage: 100"
"5/26/2026 7:09:51 AM","172","Information","Microsoft-Windows-Kernel-Power","Connectivity state in standby: Disconnected, Reason: NIC compliance"
"5/26/2026 7:09:51 AM","6","Information","Microsoft-Windows-FilterManager","File System Filter 'npsvctrig' (10.0, ‎2015‎-‎04‎-‎02T03:42:38.000000000Z) has successfully loaded and registered with Filter Manager."
"5/26/2026 7:09:51 AM","6","Information","Microsoft-Windows-FilterManager","File System Filter 'DfsDriver' (10.0, ‎2053‎-‎07‎-‎29T02:36:42.000000000Z) has successfully loaded and registered with Filter Manager."
"5/26/2026 7:09:51 AM","6","Information","Microsoft-Windows-FilterManager","File System Filter 'FileCrypt' (10.0, ‎2088‎-‎05‎-‎23T23:57:52.000000000Z) has successfully loaded and registered with Filter Manager."
"5/26/2026 7:09:51 AM","98","Information","Microsoft-Windows-Ntfs","Volume C: (\Device\HarddiskVolume3) is healthy.  No action is needed."
"5/26/2026 7:09:51 AM","6","Information","Microsoft-Windows-FilterManager","File System Filter 'WdFilter' (10.0, ‎2036‎-‎01‎-‎26T02:33:35.000000000Z) has successfully loaded and registered with Filter Manager."
"5/26/2026 7:09:51 AM","6","Information","Microsoft-Windows-FilterManager","File System Filter 'DfsrRo' (10.0, ‎1999‎-‎03‎-‎20T18:16:31.000000000Z) has successfully loaded and registered with Filter Manager."
"5/26/2026 7:09:51 AM","6","Information","Microsoft-Windows-FilterManager","File System Filter 'Wof' (10.0, ‎2008‎-‎09‎-‎17T11:19:58.000000000Z) has successfully loaded and registered with Filter Manager."
"5/26/2026 7:09:48 AM","3","Information","vmci","VMCI: Using capabilities (0x1c).
"
"5/26/2026 7:09:46 AM","16","Information","Microsoft-Windows-HAL","The iommu fault reporting has been initialized."
"5/26/2026 7:09:46 AM","20","Information","Microsoft-Windows-Kernel-General","The leap second configuration has been updated.
Reason: Leap second data initialized from registry during boot
Leap seconds enabled: true
New leap second count: 0
Old leap second count: 0"
"5/26/2026 7:09:46 AM","32","Information","Microsoft-Windows-Kernel-Boot","The bootmgr spent 0 ms waiting for user input."
"5/26/2026 7:09:46 AM","18","Information","Microsoft-Windows-Kernel-Boot","There are 0x1 boot options on this system."
"5/26/2026 7:09:46 AM","27","Information","Microsoft-Windows-Kernel-Boot","The boot type was 0x0."
"5/26/2026 7:09:46 AM","25","Information","Microsoft-Windows-Kernel-Boot","The boot menu policy was 0x0."
"5/26/2026 7:09:46 AM","238","Information","Microsoft-Windows-Kernel-Boot","EFI time zone bias: 2047. Daylight flags: 0. Firmware time: ‎2026‎-‎05‎-‎26T07:09:46.000000000Z."
"5/26/2026 7:09:46 AM","20","Information","Microsoft-Windows-Kernel-Boot","The last shutdown's success status was true. The last boot's success status was true."
"5/26/2026 7:09:46 AM","153","Information","Microsoft-Windows-Kernel-Boot","Virtualization-based security (policies: 0) is disabled."
"5/26/2026 7:09:46 AM","12","Information","Microsoft-Windows-Kernel-General","The operating system started at system time ‎2026‎-‎05‎-‎26T14:09:46.500000000Z."
"5/25/2026 8:56:49 AM","13","Information","Microsoft-Windows-Kernel-General","The operating system is shutting down at system time ‎2026‎-‎05‎-‎25T15:56:49.349923800Z."
"5/25/2026 8:56:49 AM","109","Information","Microsoft-Windows-Kernel-Power","The kernel power manager has initiated a shutdown transition.

Shutdown Reason: Kernel API"
"5/25/2026 8:56:47 AM","7036","Information","Service Control Manager","The Windows Process Activation Service service entered the stopped state."
"5/25/2026 8:56:46 AM","7036","Information","Service Control Manager","The World Wide Web Publishing Service service entered the stopped state."
"5/25/2026 8:56:46 AM","7036","Information","Service Control Manager","The Active Directory Domain Services service entered the stopped state."
"5/26/2026 7:09:55 AM","6013","Information","EventLog","The system uptime is 8 seconds."
"5/26/2026 7:09:55 AM","6005","Information","EventLog","The Event log service was started."
"5/26/2026 7:09:55 AM","6009","Information","EventLog","Microsoft (R) Windows (R) 10.00. 20348  Multiprocessor Free."
"5/25/2026 8:56:45 AM","7036","Information","Service Control Manager","The Microsoft Defender Core Service service entered the stopped state."
"5/25/2026 8:56:44 AM","7036","Information","Service Control Manager","The Windows Remote Management (WS-Management) service entered the stopped state."
"5/25/2026 8:56:44 AM","7036","Information","Service Control Manager","The DFS Replication service entered the stopped state."
"5/25/2026 8:56:44 AM","7036","Information","Service Control Manager","The Update Orchestrator Service service entered the stopped state."
"5/25/2026 8:56:44 AM","7036","Information","Service Control Manager","The Microsoft Defender Antivirus Service service entered the stopped state."
"5/25/2026 8:56:44 AM","7036","Information","Service Control Manager","The Task Scheduler service entered the stopped state."
"5/25/2026 8:56:44 AM","7036","Information","Service Control Manager","The SQL Server CEIP service (SQLEXPRESS) service entered the stopped state."
"5/25/2026 8:56:44 AM","7036","Information","Service Control Manager","The Application Host Helper Service service entered the stopped state."
"5/25/2026 8:56:44 AM","7036","Information","Service Control Manager","The SQL Server VSS Writer service entered the stopped state."
"5/25/2026 8:56:44 AM","7036","Information","Service Control Manager","The Active Directory Certificate Services service entered the stopped state."
"5/25/2026 8:56:44 AM","7036","Information","Service Control Manager","The SQL Server (SQLEXPRESS) service entered the stopped state."
"5/25/2026 8:56:44 AM","7036","Information","Service Control Manager","The Remote Access Connection Manager service entered the stopped state."
"5/25/2026 8:56:44 AM","7036","Information","Service Control Manager","The Windows Event Log service entered the stopped state."
"5/25/2026 8:56:44 AM","7036","Information","Service Control Manager","The DNS Server service entered the stopped state."
"5/25/2026 8:56:44 AM","7036","Information","Service Control Manager","The Diagnostic Policy Service service entered the stopped state."
"5/25/2026 8:56:44 AM","7036","Information","Service Control Manager","The Device Setup Manager service entered the stopped state."
"5/25/2026 8:56:44 AM","7036","Information","Service Control Manager","The Windows Connection Manager service entered the stopped state."
"5/25/2026 8:56:44 AM","7036","Information","Service Control Manager","The DHCP Client service entered the stopped state."
"5/25/2026 8:56:44 AM","7036","Information","Service Control Manager","The Virtual Disk service entered the stopped state."
"5/25/2026 8:56:44 AM","7036","Information","Service Control Manager","The Cryptographic Services service entered the stopped state."
"5/25/2026 8:56:44 AM","7036","Information","Service Control Manager","The WinHTTP Web Proxy Auto-Discovery Service service entered the stopped state."
"5/25/2026 8:56:44 AM","7036","Information","Service Control Manager","The IKE and AuthIP IPsec Keying Modules service entered the stopped state."
"5/25/2026 8:56:44 AM","50037","Information","Microsoft-Windows-Dhcp-Client","DHCPv4 client service is stopped. ShutDown Flag value is 1"
"5/25/2026 8:56:44 AM","50106","Information","Microsoft-Windows-Dhcp-Client","DHCPv4 is waiting on DHCPv6 service to stop"
"5/25/2026 8:56:44 AM","7036","Information","Service Control Manager","The Secure Socket Tunneling Protocol Service service entered the stopped state."
"5/25/2026 8:56:44 AM","51057","Information","Microsoft-Windows-DHCPv6-Client","DHCPv6 client service stop is almost done.DHCP Context Ref count is 1"
"5/25/2026 8:56:44 AM","51047","Information","Microsoft-Windows-DHCPv6-Client","DHCPv6 client service is stopped. ShutDown Flag value is 1"
"5/25/2026 8:56:44 AM","7036","Information","Service Control Manager","The Windows Time service entered the stopped state."
"5/25/2026 8:56:44 AM","7036","Information","Service Control Manager","The User Profile Service service entered the stopped state."
"5/25/2026 8:56:44 AM","7036","Information","Service Control Manager","The State Repository Service service entered the stopped state."
"5/25/2026 8:56:44 AM","6006","Information","EventLog","The Event log service was stopped."
"5/25/2026 8:56:44 AM","7036","Information","Service Control Manager","The Windows Font Cache Service service entered the stopped state."
"5/25/2026 8:56:44 AM","7036","Information","Service Control Manager","The Plug and Play service entered the stopped state."
"5/25/2026 8:56:44 AM","50105","Information","Microsoft-Windows-Dhcp-Client","DHCPv4 client ProcessDHCPRequestForever received TERMINATE_EVENT"
"5/25/2026 8:56:44 AM","50104","Information","Microsoft-Windows-Dhcp-Client","DHCPv4 client received shutdown notification"
"5/25/2026 8:56:44 AM","7036","Information","Service Control Manager","The IPsec Policy Agent service entered the stopped state."
"5/25/2026 8:56:44 AM","7036","Information","Service Control Manager","The Program Compatibility Assistant Service service entered the stopped state."
"5/25/2026 8:56:44 AM","7036","Information","Service Control Manager","The Intersite Messaging service entered the stopped state."
"5/25/2026 8:56:44 AM","7036","Information","Service Control Manager","The SysMain service entered the stopped state."
"5/25/2026 8:56:44 AM","7036","Information","Service Control Manager","The Distributed Transaction Coordinator service entered the stopped state."
"5/25/2026 8:56:44 AM","7036","Information","Service Control Manager","The Microsoft Deployment Toolkit Monitor Service service entered the stopped state."
"5/25/2026 8:56:44 AM","7036","Information","Service Control Manager","The Windows Installer service entered the stopped state."
"5/25/2026 8:56:44 AM","7036","Information","Service Control Manager","The Windows Management Instrumentation service entered the stopped state."
"5/25/2026 8:56:44 AM","7036","Information","Service Control Manager","The Windows Licensing Monitoring Service service entered the stopped state."
"5/25/2026 8:56:44 AM","7036","Information","Service Control Manager","The Active Directory Web Services service entered the stopped state."
"5/25/2026 8:56:44 AM","7036","Information","Service Control Manager","The Capability Access Manager Service service entered the stopped state."
"5/25/2026 8:56:44 AM","7036","Information","Service Control Manager","The AppX Deployment Service (AppXSVC) service entered the stopped state."
"5/25/2026 8:56:44 AM","7036","Information","Service Control Manager","The Diagnostic System Host service entered the stopped state."
"5/25/2026 8:56:44 AM","7036","Information","Service Control Manager","The Connected User Experiences and Telemetry service entered the stopped state."
"5/25/2026 8:56:44 AM","7036","Information","Service Control Manager","The Delivery Optimization service entered the stopped state."
"5/25/2026 8:56:44 AM","7036","Information","Service Control Manager","The User Access Logging Service service entered the stopped state."
"5/25/2026 8:56:44 AM","7036","Information","Service Control Manager","The VMware Tools service entered the stopped state."
"5/25/2026 8:56:43 AM","7036","Information","Service Control Manager","The Data Sharing Service service entered the stopped state."
"5/25/2026 8:56:43 AM","7036","Information","Service Control Manager","The AzureAttestService service entered the stopped state."
"5/25/2026 8:56:43 AM","7036","Information","Service Control Manager","The Group Policy Client service entered the stopped state."
"5/25/2026 8:56:43 AM","7002","Information","Microsoft-Windows-Winlogon","User Logoff Notification for Customer Experience Improvement Program"
"5/25/2026 8:56:43 AM","7036","Information","Service Control Manager","The Connected Devices Platform User Service_7f4b6 service entered the stopped state."
"5/25/2026 8:56:43 AM","7036","Information","Service Control Manager","The Windows Push Notifications User Service_7f4b6 service entered the stopped state."
"5/25/2026 8:56:43 AM","7036","Information","Service Control Manager","The Clipboard User Service_7f4b6 service entered the stopped state."
"5/25/2026 8:56:43 AM","1074","Information","User32","The process C:\Windows\System32\RuntimeBroker.exe (DC) has initiated the power off of computer DC on behalf of user SCAFFOLD\Administrator for the following reason: Other (Unplanned)
 Reason Code: 0x5000000
 Shutdown Type: power off
 Comment: "
"5/25/2026 8:56:44 AM","10149","Warning","Microsoft-Windows-WinRM","The WinRM service is not listening for WS-Management requests. 

 User Action 
 If you did not intentionally stop the service, use the following command to see the WinRM configuration: 

 winrm enumerate winrm/config/listener"
"5/25/2026 8:56:44 AM","5078","Information","Microsoft-Windows-WAS","An ISAPI reported an unhealthy condition to its worker process. Therefore, the worker process with process id of '228' serving application pool 'ScaffoldPortal' has requested a recycle."
"5/25/2026 8:53:46 AM","7036","Information","Service Control Manager","The Network Setup Service service entered the stopped state."
"5/25/2026 8:52:45 AM","7036","Information","Service Control Manager","The AppX Deployment Service (AppXSVC) service entered the running state."
"5/25/2026 8:52:42 AM","7036","Information","Service Control Manager","The Windows Installer service entered the running state."
"5/25/2026 8:52:13 AM","7036","Information","Service Control Manager","The Network Setup Service service entered the running state."
"5/25/2026 8:50:09 AM","7036","Information","Service Control Manager","The Microsoft Account Sign-in Assistant service entered the stopped state."
"5/25/2026 8:46:06 AM","7036","Information","Service Control Manager","The Network Setup Service service entered the stopped state."
"5/25/2026 8:44:09 AM","7036","Information","Service Control Manager","The Microsoft Account Sign-in Assistant service entered the running state."
"5/25/2026 8:42:26 AM","7036","Information","Service Control Manager","The Microsoft Account Sign-in Assistant service entered the stopped state."
"5/25/2026 8:42:13 AM","7036","Information","Service Control Manager","The Network Setup Service service entered the running state."
"5/25/2026 8:41:23 AM","7036","Information","Service Control Manager","The Microsoft Edge Update Service (edgeupdate) service entered the stopped state."
"5/25/2026 8:41:05 AM","7036","Information","Service Control Manager","The Software Protection service entered the stopped state."
"5/25/2026 8:40:34 AM","7036","Information","Service Control Manager","The Software Protection service entered the running state."
"5/25/2026 8:39:49 AM","7036","Information","Service Control Manager","The Microsoft Edge Update Service (edgeupdate) service entered the running state."
"5/25/2026 8:36:26 AM","7036","Information","Service Control Manager","The Microsoft Account Sign-in Assistant service entered the running state."
"5/25/2026 8:33:46 AM","7036","Information","Service Control Manager","The Network Setup Service service entered the stopped state."
"5/25/2026 8:32:14 AM","7036","Information","Service Control Manager","The Network Setup Service service entered the running state."
"5/25/2026 8:26:08 AM","4107","Information","Display","A caller specified the SDC_FORCE_MODE_ENUMERATION flag in a call to the SetDisplayConfig() API"
"5/25/2026 8:26:03 AM","4107","Information","Display","A caller specified the SDC_FORCE_MODE_ENUMERATION flag in a call to the SetDisplayConfig() API"
"5/25/2026 8:23:46 AM","7036","Information","Service Control Manager","The Network Setup Service service entered the stopped state."
"5/25/2026 8:22:13 AM","7036","Information","Service Control Manager","The Network Setup Service service entered the running state."
"5/25/2026 8:22:03 AM","7036","Information","Service Control Manager","The Microsoft Account Sign-in Assistant service entered the stopped state."
"5/25/2026 8:20:45 AM","7036","Information","Service Control Manager","The Microsoft Storage Spaces SMP service entered the stopped state."
"5/25/2026 8:16:03 AM","7036","Information","Service Control Manager","The Application Management service entered the running state."
"5/25/2026 8:16:03 AM","7036","Information","Service Control Manager","The Microsoft Account Sign-in Assistant service entered the running state."
"5/25/2026 8:15:57 AM","7036","Information","Service Control Manager","The Windows Update service entered the stopped state."
"5/25/2026 8:13:46 AM","7036","Information","Service Control Manager","The Network Setup Service service entered the stopped state."
"5/25/2026 8:12:13 AM","7036","Information","Service Control Manager","The Network Setup Service service entered the running state."
"5/25/2026 8:11:04 AM","7036","Information","Service Control Manager","The Software Protection service entered the stopped state."
"5/25/2026 8:10:43 AM","7036","Information","Service Control Manager","The AppX Deployment Service (AppXSVC) service entered the stopped state."
"5/25/2026 8:10:34 AM","7036","Information","Service Control Manager","The Software Protection service entered the running state."
"5/25/2026 8:09:13 AM","7036","Information","Service Control Manager","The Windows Biometric Service service entered the stopped state."
"5/25/2026 8:09:04 AM","7036","Information","Service Control Manager","The Microsoft Account Sign-in Assistant service entered the stopped state."
"5/25/2026 8:06:16 AM","7036","Information","Service Control Manager","The Software Protection service entered the stopped state."
"5/25/2026 8:06:04 AM","7036","Information","Service Control Manager","The Microsoft Account Sign-in Assistant service entered the running state."
"5/25/2026 8:05:55 AM","7036","Information","Service Control Manager","The Windows Biometric Service service entered the running state."
"5/25/2026 8:05:45 AM","7036","Information","Service Control Manager","The Microsoft Storage Spaces SMP service entered the running state."
"5/25/2026 8:05:42 AM","7036","Information","Service Control Manager","The Windows Update service entered the running state."
"5/25/2026 8:05:42 AM","7036","Information","Service Control Manager","The Software Protection service entered the running state."
"5/25/2026 8:05:42 AM","7036","Information","Service Control Manager","The AppX Deployment Service (AppXSVC) service entered the running state."
"5/25/2026 8:03:46 AM","7036","Information","Service Control Manager","The Network Setup Service service entered the stopped state."
"5/25/2026 8:03:41 AM","7036","Information","Service Control Manager","The Microsoft Account Sign-in Assistant service entered the stopped state."
"5/25/2026 8:02:17 AM","7036","Information","Service Control Manager","The Windows Update service entered the stopped state."
"5/25/2026 8:02:13 AM","7036","Information","Service Control Manager","The Network Setup Service service entered the running state."
"5/25/2026 7:58:05 AM","7036","Information","Service Control Manager","The Diagnostic System Host service entered the running state."
"5/25/2026 7:57:30 AM","7036","Information","Service Control Manager","The AppX Deployment Service (AppXSVC) service entered the stopped state."
"5/25/2026 7:55:58 AM","104","Information","Microsoft-Windows-Eventlog","The ForwardedEvents log file was cleared."
"5/25/2026 7:55:54 AM","104","Information","Microsoft-Windows-Eventlog","The Setup log file was cleared."
"5/25/2026 7:55:47 AM","104","Information","Microsoft-Windows-Eventlog","The System log file was cleared."
