"5/24/2026 8:33:44 AM","100","Information","Microsoft-Windows-TaskScheduler","Task Scheduler started ""{cf5de884-ad42-4c18-8f21-171c1f358ab0}"" instance of the ""\Microsoft\Windows\Wininet\CacheTask"" task for user ""SCAFFOLD\Administrator""."
"5/24/2026 8:33:44 AM","119","Information","Microsoft-Windows-TaskScheduler","Task Scheduler launched ""{cf5de884-ad42-4c18-8f21-171c1f358ab0}""  instance of task ""\Microsoft\Windows\Wininet\CacheTask"" due to user ""SCAFFOLD\Administrator""  logon."
"5/24/2026 8:33:44 AM","119","Information","Microsoft-Windows-TaskScheduler","Task Scheduler launched ""{8f248c39-8f08-4ddb-92bf-bc5e3cdb6efa}""  instance of task ""\MicrosoftEdgeUpdateTaskMachineCore"" due to user ""SCAFFOLD\Administrator""  logon."
"5/24/2026 8:33:44 AM","200","Information","Microsoft-Windows-TaskScheduler","Task Scheduler launched action ""MsCtfMonitor task handler"" in instance ""{1b05e502-e053-4b13-aae5-5d657c3c0911}"" of task ""\Microsoft\Windows\TextServicesFramework\MsCtfMonitor""."
"5/24/2026 8:33:44 AM","100","Information","Microsoft-Windows-TaskScheduler","Task Scheduler started ""{1b05e502-e053-4b13-aae5-5d657c3c0911}"" instance of the ""\Microsoft\Windows\TextServicesFramework\MsCtfMonitor"" task for user ""SCAFFOLD\Administrator""."
"5/24/2026 8:33:44 AM","129","Information","Microsoft-Windows-TaskScheduler","Task Scheduler launch task ""\Microsoft\Windows\TextServicesFramework\MsCtfMonitor"" , instance ""taskhostw.exe""  with process ID 1052."
"5/24/2026 8:33:44 AM","119","Information","Microsoft-Windows-TaskScheduler","Task Scheduler launched ""{399777ec-802a-400f-b781-0263660a7270}""  instance of task ""\Microsoft\Windows\WindowsColorSystem\Calibration Loader"" due to user ""SCAFFOLD\Administrator""  logon."
"5/24/2026 8:33:44 AM","200","Information","Microsoft-Windows-TaskScheduler","Task Scheduler launched action ""%windir%\system32\ServerManagerLauncher.exe"" in instance ""{73722d8d-082e-4294-add8-ca8551f62a1c}"" of task ""\Microsoft\Windows\Server Manager\ServerManager""."
"5/24/2026 8:33:44 AM","100","Information","Microsoft-Windows-TaskScheduler","Task Scheduler started ""{73722d8d-082e-4294-add8-ca8551f62a1c}"" instance of the ""\Microsoft\Windows\Server Manager\ServerManager"" task for user ""SCAFFOLD\Administrator""."
"5/24/2026 8:33:44 AM","129","Information","Microsoft-Windows-TaskScheduler","Task Scheduler launch task ""\Microsoft\Windows\Server Manager\ServerManager"" , instance ""%windir%\system32\ServerManagerLauncher.exe""  with process ID 1080."
"5/24/2026 8:33:44 AM","119","Information","Microsoft-Windows-TaskScheduler","Task Scheduler launched ""{b9c857f3-2502-409e-860e-ca202dc1d215}""  instance of task ""\Microsoft\Windows\CertificateServicesClient\UserTask"" due to user ""SCAFFOLD\Administrator""  logon."
"5/24/2026 8:33:44 AM","119","Information","Microsoft-Windows-TaskScheduler","Task Scheduler launched ""{1b05e502-e053-4b13-aae5-5d657c3c0911}""  instance of task ""\Microsoft\Windows\TextServicesFramework\MsCtfMonitor"" due to user ""SCAFFOLD\Administrator""  logon."
"5/24/2026 8:33:44 AM","119","Information","Microsoft-Windows-TaskScheduler","Task Scheduler launched ""{73722d8d-082e-4294-add8-ca8551f62a1c}""  instance of task ""\Microsoft\Windows\Server Manager\ServerManager"" due to user ""SCAFFOLD\Administrator""  logon."
"5/24/2026 8:33:08 AM","102","Information","Microsoft-Windows-TaskScheduler","Task Scheduler successfully finished ""{254f472d-fb21-4dd5-965b-9f76e4efea58}"" instance of the ""\Microsoft\Windows\Software Inventory Logging\Configuration"" task for user ""NT AUTHORITY\SYSTEM""."
"5/24/2026 8:33:08 AM","201","Information","Microsoft-Windows-TaskScheduler","Task Scheduler successfully completed task ""\Microsoft\Windows\Software Inventory Logging\Configuration"" , instance ""{254f472d-fb21-4dd5-965b-9f76e4efea58}"" , action ""%systemroot%\system32\cmd.exe"" with return code 0."
"5/24/2026 8:33:08 AM","102","Information","Microsoft-Windows-TaskScheduler","Task Scheduler successfully finished ""{5f2904d0-0ea1-41d9-887b-e8088af238ff}"" instance of the ""\Microsoft\Windows\DirectX\DXGIAdapterCache"" task for user ""NT AUTHORITY\SYSTEM""."
"5/24/2026 8:33:08 AM","201","Information","Microsoft-Windows-TaskScheduler","Task Scheduler successfully completed task ""\Microsoft\Windows\DirectX\DXGIAdapterCache"" , instance ""{5f2904d0-0ea1-41d9-887b-e8088af238ff}"" , action ""%windir%\system32\dxgiadaptercache.exe"" with return code 0."
"5/24/2026 8:33:08 AM","200","Information","Microsoft-Windows-TaskScheduler","Task Scheduler launched action ""%windir%\system32\dxgiadaptercache.exe"" in instance ""{5f2904d0-0ea1-41d9-887b-e8088af238ff}"" of task ""\Microsoft\Windows\DirectX\DXGIAdapterCache""."
"5/24/2026 8:33:08 AM","100","Information","Microsoft-Windows-TaskScheduler","Task Scheduler started ""{5f2904d0-0ea1-41d9-887b-e8088af238ff}"" instance of the ""\Microsoft\Windows\DirectX\DXGIAdapterCache"" task for user ""NT AUTHORITY\SYSTEM""."
"5/24/2026 8:33:08 AM","129","Information","Microsoft-Windows-TaskScheduler","Task Scheduler launch task ""\Microsoft\Windows\DirectX\DXGIAdapterCache"" , instance ""%windir%\system32\dxgiadaptercache.exe""  with process ID 2732."
"5/24/2026 8:33:08 AM","200","Information","Microsoft-Windows-TaskScheduler","Task Scheduler launched action ""%systemroot%\system32\cmd.exe"" in instance ""{254f472d-fb21-4dd5-965b-9f76e4efea58}"" of task ""\Microsoft\Windows\Software Inventory Logging\Configuration""."
"5/24/2026 8:33:08 AM","100","Information","Microsoft-Windows-TaskScheduler","Task Scheduler started ""{254f472d-fb21-4dd5-965b-9f76e4efea58}"" instance of the ""\Microsoft\Windows\Software Inventory Logging\Configuration"" task for user ""NT AUTHORITY\SYSTEM""."
"5/24/2026 8:33:08 AM","129","Information","Microsoft-Windows-TaskScheduler","Task Scheduler launch task ""\Microsoft\Windows\Software Inventory Logging\Configuration"" , instance ""%systemroot%\system32\cmd.exe""  with process ID 4300."
"5/24/2026 8:33:08 AM","118","Information","Microsoft-Windows-TaskScheduler","Task Scheduler launched ""{254f472d-fb21-4dd5-965b-9f76e4efea58}""  instance of task ""\Microsoft\Windows\Software Inventory Logging\Configuration""  due to system startup."
"5/24/2026 8:33:08 AM","118","Information","Microsoft-Windows-TaskScheduler","Task Scheduler launched ""{5f2904d0-0ea1-41d9-887b-e8088af238ff}""  instance of task ""\Microsoft\Windows\DirectX\DXGIAdapterCache""  due to system startup."
"5/24/2026 8:32:48 AM","140","Information","Microsoft-Windows-TaskScheduler","User ""SCAFFOLD\DC$""  updated Task Scheduler task ""\Microsoft\Windows\SoftwareProtectionPlatform\SvcRestartTask"""
"5/24/2026 8:32:48 AM","102","Information","Microsoft-Windows-TaskScheduler","Task Scheduler successfully finished ""{d131a362-f0fb-4570-89d4-905308546f26}"" instance of the ""\Microsoft\Windows\CertificateServicesClient\SystemTask"" task for user ""NT AUTHORITY\SYSTEM""."
"5/24/2026 8:32:48 AM","201","Information","Microsoft-Windows-TaskScheduler","Task Scheduler successfully completed task ""\Microsoft\Windows\CertificateServicesClient\SystemTask"" , instance ""{d131a362-f0fb-4570-89d4-905308546f26}"" , action ""Certificate Services Client Task Handler"" with return code 0."
"5/24/2026 8:32:47 AM","102","Information","Microsoft-Windows-TaskScheduler","Task Scheduler successfully finished ""{47fb17f7-4233-4f60-8b8d-334ab2edbaf4}"" instance of the ""\Microsoft\Windows\Workplace Join\Automatic-Device-Join"" task for user ""NT AUTHORITY\SYSTEM""."
"5/24/2026 8:32:47 AM","201","Information","Microsoft-Windows-TaskScheduler","Task Scheduler successfully completed task ""\Microsoft\Windows\Workplace Join\Automatic-Device-Join"" , instance ""{47fb17f7-4233-4f60-8b8d-334ab2edbaf4}"" , action ""%SystemRoot%\System32\dsregcmd.exe"" with return code 0."
"5/24/2026 8:32:42 AM","102","Information","Microsoft-Windows-TaskScheduler","Task Scheduler successfully finished ""{c91e8e85-a967-4f3a-9509-49186f4f9159}"" instance of the ""\Scaffold\ScaffoldDeployEngine"" task for user ""NT AUTHORITY\SYSTEM""."
"5/24/2026 8:32:42 AM","201","Information","Microsoft-Windows-TaskScheduler","Task Scheduler successfully completed task ""\Scaffold\ScaffoldDeployEngine"" , instance ""{c91e8e85-a967-4f3a-9509-49186f4f9159}"" , action ""powershell.exe"" with return code 0."
"5/24/2026 8:32:41 AM","200","Information","Microsoft-Windows-TaskScheduler","Task Scheduler launched action ""powershell.exe"" in instance ""{c91e8e85-a967-4f3a-9509-49186f4f9159}"" of task ""\Scaffold\ScaffoldDeployEngine""."
"5/24/2026 8:32:41 AM","100","Information","Microsoft-Windows-TaskScheduler","Task Scheduler started ""{c91e8e85-a967-4f3a-9509-49186f4f9159}"" instance of the ""\Scaffold\ScaffoldDeployEngine"" task for user ""NT AUTHORITY\SYSTEM""."
"5/24/2026 8:32:41 AM","129","Information","Microsoft-Windows-TaskScheduler","Task Scheduler launch task ""\Scaffold\ScaffoldDeployEngine"" , instance ""powershell.exe""  with process ID 5136."
"5/24/2026 8:32:41 AM","107","Information","Microsoft-Windows-TaskScheduler","Task Scheduler launched ""{c91e8e85-a967-4f3a-9509-49186f4f9159}""  instance of task ""\Scaffold\ScaffoldDeployEngine"" due to a time trigger condition."
"5/24/2026 8:32:18 AM","200","Information","Microsoft-Windows-TaskScheduler","Task Scheduler launched action ""Certificate Services Client Task Handler"" in instance ""{d131a362-f0fb-4570-89d4-905308546f26}"" of task ""\Microsoft\Windows\CertificateServicesClient\SystemTask""."
"5/24/2026 8:32:18 AM","100","Information","Microsoft-Windows-TaskScheduler","Task Scheduler started ""{d131a362-f0fb-4570-89d4-905308546f26}"" instance of the ""\Microsoft\Windows\CertificateServicesClient\SystemTask"" task for user ""NT AUTHORITY\SYSTEM""."
"5/24/2026 8:32:18 AM","129","Information","Microsoft-Windows-TaskScheduler","Task Scheduler launch task ""\Microsoft\Windows\CertificateServicesClient\SystemTask"" , instance ""taskhostw.exe""  with process ID 5020."
"5/24/2026 8:32:18 AM","118","Information","Microsoft-Windows-TaskScheduler","Task Scheduler launched ""{d131a362-f0fb-4570-89d4-905308546f26}""  instance of task ""\Microsoft\Windows\CertificateServicesClient\SystemTask""  due to system startup."
"5/24/2026 8:32:09 AM","200","Information","Microsoft-Windows-TaskScheduler","Task Scheduler launched action ""%SystemRoot%\System32\dsregcmd.exe"" in instance ""{47fb17f7-4233-4f60-8b8d-334ab2edbaf4}"" of task ""\Microsoft\Windows\Workplace Join\Automatic-Device-Join""."
"5/24/2026 8:32:09 AM","100","Information","Microsoft-Windows-TaskScheduler","Task Scheduler started ""{47fb17f7-4233-4f60-8b8d-334ab2edbaf4}"" instance of the ""\Microsoft\Windows\Workplace Join\Automatic-Device-Join"" task for user ""NT AUTHORITY\SYSTEM""."
"5/24/2026 8:32:09 AM","129","Information","Microsoft-Windows-TaskScheduler","Task Scheduler launch task ""\Microsoft\Windows\Workplace Join\Automatic-Device-Join"" , instance ""%SystemRoot%\System32\dsregcmd.exe""  with process ID 2644."
"5/24/2026 8:32:09 AM","110","Information","Microsoft-Windows-TaskScheduler","Task Scheduler launched ""{47fb17f7-4233-4f60-8b8d-334ab2edbaf4}""  instance of task ""\Microsoft\Windows\Workplace Join\Automatic-Device-Join""  for user ""System"" ."
"5/24/2026 8:32:09 AM","325","Warning","Microsoft-Windows-TaskScheduler","Task Scheduler queued instance ""{47fb17f7-4233-4f60-8b8d-334ab2edbaf4}""  of task ""\Microsoft\Windows\Workplace Join\Automatic-Device-Join""."
"5/24/2026 8:32:08 AM","102","Information","Microsoft-Windows-TaskScheduler","Task Scheduler successfully finished ""{1c3f6f11-0ed0-46c4-8128-109223111cc9}"" instance of the ""\Microsoft\Windows\WwanSvc\OobeDiscovery"" task for user ""NT AUTHORITY\SYSTEM""."
"5/24/2026 8:32:08 AM","201","Information","Microsoft-Windows-TaskScheduler","Task Scheduler successfully completed task ""\Microsoft\Windows\WwanSvc\OobeDiscovery"" , instance ""{1c3f6f11-0ed0-46c4-8128-109223111cc9}"" , action ""OobeEsimTaskManager"" with return code 0."
"5/24/2026 8:32:08 AM","102","Information","Microsoft-Windows-TaskScheduler","Task Scheduler successfully finished ""{152ce4d2-c241-4e96-812e-2c2b1afb89b0}"" instance of the ""\Microsoft\Windows\ExploitGuard\ExploitGuard MDM policy Refresh"" task for user ""NT AUTHORITY\SYSTEM""."
"5/24/2026 8:32:08 AM","201","Information","Microsoft-Windows-TaskScheduler","Task Scheduler successfully completed task ""\Microsoft\Windows\ExploitGuard\ExploitGuard MDM policy Refresh"" , instance ""{152ce4d2-c241-4e96-812e-2c2b1afb89b0}"" , action """" with return code 0."
"5/24/2026 8:32:08 AM","102","Information","Microsoft-Windows-TaskScheduler","Task Scheduler successfully finished ""{a1297119-37b4-4115-9e6e-de415fd7697c}"" instance of the ""\Microsoft\Windows\Time Synchronization\ForceSynchronizeTime"" task for user ""(NONE)""."
"5/24/2026 8:32:08 AM","201","Information","Microsoft-Windows-TaskScheduler","Task Scheduler successfully completed task ""\Microsoft\Windows\Time Synchronization\ForceSynchronizeTime"" , instance ""{a1297119-37b4-4115-9e6e-de415fd7697c}"" , action ""Time Synchronization Task Handler"" with return code 0."
"5/24/2026 8:32:08 AM","102","Information","Microsoft-Windows-TaskScheduler","Task Scheduler successfully finished ""{a0d66a12-6ee1-4f93-a764-1477caabbe02}"" instance of the ""\Microsoft\Windows\DirectX\DXGIAdapterCache"" task for user ""NT AUTHORITY\SYSTEM""."
"5/24/2026 8:32:08 AM","201","Information","Microsoft-Windows-TaskScheduler","Task Scheduler successfully completed task ""\Microsoft\Windows\DirectX\DXGIAdapterCache"" , instance ""{a0d66a12-6ee1-4f93-a764-1477caabbe02}"" , action ""%windir%\system32\dxgiadaptercache.exe"" with return code 0."
"5/24/2026 8:32:08 AM","200","Information","Microsoft-Windows-TaskScheduler","Task Scheduler launched action ""Time Synchronization Task Handler"" in instance ""{a1297119-37b4-4115-9e6e-de415fd7697c}"" of task ""\Microsoft\Windows\Time Synchronization\ForceSynchronizeTime""."
"5/24/2026 8:32:08 AM","100","Information","Microsoft-Windows-TaskScheduler","Task Scheduler started ""{a1297119-37b4-4115-9e6e-de415fd7697c}"" instance of the ""\Microsoft\Windows\Time Synchronization\ForceSynchronizeTime"" task for user ""(NONE)""."
"5/24/2026 8:32:08 AM","129","Information","Microsoft-Windows-TaskScheduler","Task Scheduler launch task ""\Microsoft\Windows\Time Synchronization\ForceSynchronizeTime"" , instance ""taskhostw.exe""  with process ID 2560."
"5/24/2026 8:32:08 AM","200","Information","Microsoft-Windows-TaskScheduler","Task Scheduler launched action ""OobeEsimTaskManager"" in instance ""{1c3f6f11-0ed0-46c4-8128-109223111cc9}"" of task ""\Microsoft\Windows\WwanSvc\OobeDiscovery""."
"5/24/2026 8:32:08 AM","100","Information","Microsoft-Windows-TaskScheduler","Task Scheduler started ""{1c3f6f11-0ed0-46c4-8128-109223111cc9}"" instance of the ""\Microsoft\Windows\WwanSvc\OobeDiscovery"" task for user ""NT AUTHORITY\SYSTEM""."
"5/24/2026 8:32:08 AM","101","Error","Microsoft-Windows-TaskScheduler","Task Scheduler failed to start ""\Microsoft\Windows\Workplace Join\Automatic-Device-Join"" task for user ""(default user)"". Additional Data: Error Value: 2147943568."
"5/24/2026 8:32:08 AM","200","Information","Microsoft-Windows-TaskScheduler","Task Scheduler launched action ""%windir%\system32\dxgiadaptercache.exe"" in instance ""{a0d66a12-6ee1-4f93-a764-1477caabbe02}"" of task ""\Microsoft\Windows\DirectX\DXGIAdapterCache""."
"5/24/2026 8:32:08 AM","100","Information","Microsoft-Windows-TaskScheduler","Task Scheduler started ""{a0d66a12-6ee1-4f93-a764-1477caabbe02}"" instance of the ""\Microsoft\Windows\DirectX\DXGIAdapterCache"" task for user ""NT AUTHORITY\SYSTEM""."
"5/24/2026 8:32:08 AM","200","Information","Microsoft-Windows-TaskScheduler","Task Scheduler launched action """" in instance ""{152ce4d2-c241-4e96-812e-2c2b1afb89b0}"" of task ""\Microsoft\Windows\ExploitGuard\ExploitGuard MDM policy Refresh""."
"5/24/2026 8:32:08 AM","100","Information","Microsoft-Windows-TaskScheduler","Task Scheduler started ""{152ce4d2-c241-4e96-812e-2c2b1afb89b0}"" instance of the ""\Microsoft\Windows\ExploitGuard\ExploitGuard MDM policy Refresh"" task for user ""NT AUTHORITY\SYSTEM""."
"5/24/2026 8:32:08 AM","129","Information","Microsoft-Windows-TaskScheduler","Task Scheduler launch task ""\Microsoft\Windows\ExploitGuard\ExploitGuard MDM policy Refresh"" , instance ""taskhostw.exe""  with process ID 2072."
"5/24/2026 8:32:08 AM","129","Information","Microsoft-Windows-TaskScheduler","Task Scheduler launch task ""\Microsoft\Windows\DirectX\DXGIAdapterCache"" , instance ""%windir%\system32\dxgiadaptercache.exe""  with process ID 2064."
"5/24/2026 8:32:08 AM","118","Information","Microsoft-Windows-TaskScheduler","Task Scheduler launched ""{152ce4d2-c241-4e96-812e-2c2b1afb89b0}""  instance of task ""\Microsoft\Windows\ExploitGuard\ExploitGuard MDM policy Refresh""  due to system startup."
"5/24/2026 8:32:08 AM","400","Information","Microsoft-Windows-TaskScheduler","Task Scheduler service has started."
"5/24/2026 8:32:08 AM","700","Information","Microsoft-Windows-TaskScheduler","Task Scheduler service started Task Compatibility module."
"5/24/2026 8:07:04 AM","402","Information","Microsoft-Windows-TaskScheduler","Task Scheduler service is shutting down."
"5/24/2026 8:07:04 AM","111","Information","Microsoft-Windows-TaskScheduler","Task Scheduler terminated ""{b0511d2a-3534-4960-80a0-09810ea782cb}""  instance of the ""\MicrosoftEdgeUpdateTaskMachineCore""  task."
"5/24/2026 8:07:04 AM","102","Information","Microsoft-Windows-TaskScheduler","Task Scheduler successfully finished ""{b0511d2a-3534-4960-80a0-09810ea782cb}"" instance of the ""\MicrosoftEdgeUpdateTaskMachineCore"" task for user ""NT AUTHORITY\SYSTEM""."
"5/24/2026 8:07:04 AM","201","Information","Microsoft-Windows-TaskScheduler","Task Scheduler successfully completed task ""\MicrosoftEdgeUpdateTaskMachineCore"" , instance ""{b0511d2a-3534-4960-80a0-09810ea782cb}"" , action ""C:\Program Files (x86)\Microsoft\EdgeUpdate\MicrosoftEdgeUpdate.exe"" with return code 2147943691."
"5/24/2026 8:07:04 AM","103","Error","Microsoft-Windows-TaskScheduler","Task Scheduler failed to start instance ""{bb7fc156-c16b-4cc9-aac5-e4d52c43a376}"" of ""\Microsoft\Windows\Wininet\CacheTask""  task for user """" . Additional Data: Error Value: 2147942404."
"5/24/2026 8:07:04 AM","202","Error","Microsoft-Windows-TaskScheduler","Task Scheduler failed to complete task ""\Microsoft\Windows\Wininet\CacheTask"" , instance ""{bb7fc156-c16b-4cc9-aac5-e4d52c43a376}"" , action ""Wininet Cache task object"" . Additional Data: Error Value: 2147942404."
"5/24/2026 8:07:04 AM","102","Information","Microsoft-Windows-TaskScheduler","Task Scheduler successfully finished ""{393ed988-194c-4cc1-b3b0-d938027737d7}"" instance of the ""\CreateExplorerShellUnelevatedTask"" task for user ""SCAFFOLD\Administrator""."
"5/24/2026 8:07:04 AM","201","Information","Microsoft-Windows-TaskScheduler","Task Scheduler successfully completed task ""\CreateExplorerShellUnelevatedTask"" , instance ""{393ed988-194c-4cc1-b3b0-d938027737d7}"" , action ""C:\Windows\Explorer.EXE"" with return code 2147942404."
"5/24/2026 8:06:41 AM","102","Information","Microsoft-Windows-TaskScheduler","Task Scheduler successfully finished ""{af3df8e1-02c5-49fe-a1ff-ab2ee29e9392}"" instance of the ""\Scaffold\ScaffoldDeployEngine"" task for user ""NT AUTHORITY\SYSTEM""."
"5/24/2026 8:06:41 AM","201","Information","Microsoft-Windows-TaskScheduler","Task Scheduler successfully completed task ""\Scaffold\ScaffoldDeployEngine"" , instance ""{af3df8e1-02c5-49fe-a1ff-ab2ee29e9392}"" , action ""powershell.exe"" with return code 0."
"5/24/2026 8:06:41 AM","200","Information","Microsoft-Windows-TaskScheduler","Task Scheduler launched action ""powershell.exe"" in instance ""{af3df8e1-02c5-49fe-a1ff-ab2ee29e9392}"" of task ""\Scaffold\ScaffoldDeployEngine""."
"5/24/2026 8:06:41 AM","100","Information","Microsoft-Windows-TaskScheduler","Task Scheduler started ""{af3df8e1-02c5-49fe-a1ff-ab2ee29e9392}"" instance of the ""\Scaffold\ScaffoldDeployEngine"" task for user ""NT AUTHORITY\SYSTEM""."
"5/24/2026 8:06:41 AM","129","Information","Microsoft-Windows-TaskScheduler","Task Scheduler launch task ""\Scaffold\ScaffoldDeployEngine"" , instance ""powershell.exe""  with process ID 192."
"5/24/2026 8:06:41 AM","107","Information","Microsoft-Windows-TaskScheduler","Task Scheduler launched ""{af3df8e1-02c5-49fe-a1ff-ab2ee29e9392}""  instance of task ""\Scaffold\ScaffoldDeployEngine"" due to a time trigger condition."
"5/24/2026 8:05:03 AM","140","Information","Microsoft-Windows-TaskScheduler","User ""NT AUTHORITY\SYSTEM""  updated Task Scheduler task ""\Microsoft\Windows\WindowsUpdate\Scheduled Start"""
"5/24/2026 8:04:41 AM","102","Information","Microsoft-Windows-TaskScheduler","Task Scheduler successfully finished ""{36703418-d3df-4d66-8754-a3cee335de5f}"" instance of the ""\Scaffold\ScaffoldDeployEngine"" task for user ""NT AUTHORITY\SYSTEM""."
"5/24/2026 8:04:41 AM","201","Information","Microsoft-Windows-TaskScheduler","Task Scheduler successfully completed task ""\Scaffold\ScaffoldDeployEngine"" , instance ""{36703418-d3df-4d66-8754-a3cee335de5f}"" , action ""powershell.exe"" with return code 0."
"5/24/2026 8:04:41 AM","200","Information","Microsoft-Windows-TaskScheduler","Task Scheduler launched action ""powershell.exe"" in instance ""{36703418-d3df-4d66-8754-a3cee335de5f}"" of task ""\Scaffold\ScaffoldDeployEngine""."
"5/24/2026 8:04:41 AM","100","Information","Microsoft-Windows-TaskScheduler","Task Scheduler started ""{36703418-d3df-4d66-8754-a3cee335de5f}"" instance of the ""\Scaffold\ScaffoldDeployEngine"" task for user ""NT AUTHORITY\SYSTEM""."
"5/24/2026 8:04:41 AM","129","Information","Microsoft-Windows-TaskScheduler","Task Scheduler launch task ""\Scaffold\ScaffoldDeployEngine"" , instance ""powershell.exe""  with process ID 548."
"5/24/2026 8:04:41 AM","107","Information","Microsoft-Windows-TaskScheduler","Task Scheduler launched ""{36703418-d3df-4d66-8754-a3cee335de5f}""  instance of task ""\Scaffold\ScaffoldDeployEngine"" due to a time trigger condition."
"5/24/2026 8:02:41 AM","102","Information","Microsoft-Windows-TaskScheduler","Task Scheduler successfully finished ""{0cfaee79-3ed8-405b-b054-f14b04bc5902}"" instance of the ""\Scaffold\ScaffoldDeployEngine"" task for user ""NT AUTHORITY\SYSTEM""."
"5/24/2026 8:02:41 AM","201","Information","Microsoft-Windows-TaskScheduler","Task Scheduler successfully completed task ""\Scaffold\ScaffoldDeployEngine"" , instance ""{0cfaee79-3ed8-405b-b054-f14b04bc5902}"" , action ""powershell.exe"" with return code 0."
"5/24/2026 8:02:41 AM","200","Information","Microsoft-Windows-TaskScheduler","Task Scheduler launched action ""powershell.exe"" in instance ""{0cfaee79-3ed8-405b-b054-f14b04bc5902}"" of task ""\Scaffold\ScaffoldDeployEngine""."
"5/24/2026 8:02:41 AM","100","Information","Microsoft-Windows-TaskScheduler","Task Scheduler started ""{0cfaee79-3ed8-405b-b054-f14b04bc5902}"" instance of the ""\Scaffold\ScaffoldDeployEngine"" task for user ""NT AUTHORITY\SYSTEM""."
"5/24/2026 8:02:41 AM","129","Information","Microsoft-Windows-TaskScheduler","Task Scheduler launch task ""\Scaffold\ScaffoldDeployEngine"" , instance ""powershell.exe""  with process ID 1628."
"5/24/2026 8:02:41 AM","107","Information","Microsoft-Windows-TaskScheduler","Task Scheduler launched ""{0cfaee79-3ed8-405b-b054-f14b04bc5902}""  instance of task ""\Scaffold\ScaffoldDeployEngine"" due to a time trigger condition."
"5/24/2026 8:00:41 AM","102","Information","Microsoft-Windows-TaskScheduler","Task Scheduler successfully finished ""{615d2097-f315-400c-bc31-2fa136b1c039}"" instance of the ""\Scaffold\ScaffoldDeployEngine"" task for user ""NT AUTHORITY\SYSTEM""."
"5/24/2026 8:00:41 AM","201","Information","Microsoft-Windows-TaskScheduler","Task Scheduler successfully completed task ""\Scaffold\ScaffoldDeployEngine"" , instance ""{615d2097-f315-400c-bc31-2fa136b1c039}"" , action ""powershell.exe"" with return code 0."
"5/24/2026 8:00:41 AM","200","Information","Microsoft-Windows-TaskScheduler","Task Scheduler launched action ""powershell.exe"" in instance ""{615d2097-f315-400c-bc31-2fa136b1c039}"" of task ""\Scaffold\ScaffoldDeployEngine""."
"5/24/2026 8:00:41 AM","100","Information","Microsoft-Windows-TaskScheduler","Task Scheduler started ""{615d2097-f315-400c-bc31-2fa136b1c039}"" instance of the ""\Scaffold\ScaffoldDeployEngine"" task for user ""NT AUTHORITY\SYSTEM""."
"5/24/2026 8:00:41 AM","129","Information","Microsoft-Windows-TaskScheduler","Task Scheduler launch task ""\Scaffold\ScaffoldDeployEngine"" , instance ""powershell.exe""  with process ID 1752."
"5/24/2026 8:00:41 AM","107","Information","Microsoft-Windows-TaskScheduler","Task Scheduler launched ""{615d2097-f315-400c-bc31-2fa136b1c039}""  instance of task ""\Scaffold\ScaffoldDeployEngine"" due to a time trigger condition."
"5/24/2026 7:58:41 AM","102","Information","Microsoft-Windows-TaskScheduler","Task Scheduler successfully finished ""{eddc3f64-f2c5-4b51-bb6a-871adc21a952}"" instance of the ""\Scaffold\ScaffoldDeployEngine"" task for user ""NT AUTHORITY\SYSTEM""."
"5/24/2026 7:58:41 AM","201","Information","Microsoft-Windows-TaskScheduler","Task Scheduler successfully completed task ""\Scaffold\ScaffoldDeployEngine"" , instance ""{eddc3f64-f2c5-4b51-bb6a-871adc21a952}"" , action ""powershell.exe"" with return code 0."
"5/24/2026 7:58:41 AM","200","Information","Microsoft-Windows-TaskScheduler","Task Scheduler launched action ""powershell.exe"" in instance ""{eddc3f64-f2c5-4b51-bb6a-871adc21a952}"" of task ""\Scaffold\ScaffoldDeployEngine""."
"5/24/2026 7:58:41 AM","100","Information","Microsoft-Windows-TaskScheduler","Task Scheduler started ""{eddc3f64-f2c5-4b51-bb6a-871adc21a952}"" instance of the ""\Scaffold\ScaffoldDeployEngine"" task for user ""NT AUTHORITY\SYSTEM""."
"5/24/2026 7:58:41 AM","129","Information","Microsoft-Windows-TaskScheduler","Task Scheduler launch task ""\Scaffold\ScaffoldDeployEngine"" , instance ""powershell.exe""  with process ID 5680."
"5/24/2026 7:58:41 AM","107","Information","Microsoft-Windows-TaskScheduler","Task Scheduler launched ""{eddc3f64-f2c5-4b51-bb6a-871adc21a952}""  instance of task ""\Scaffold\ScaffoldDeployEngine"" due to a time trigger condition."
"5/24/2026 7:56:41 AM","102","Information","Microsoft-Windows-TaskScheduler","Task Scheduler successfully finished ""{eba39bf1-b122-4704-8683-54752b51e1bd}"" instance of the ""\Scaffold\ScaffoldDeployEngine"" task for user ""NT AUTHORITY\SYSTEM""."
"5/24/2026 7:56:41 AM","201","Information","Microsoft-Windows-TaskScheduler","Task Scheduler successfully completed task ""\Scaffold\ScaffoldDeployEngine"" , instance ""{eba39bf1-b122-4704-8683-54752b51e1bd}"" , action ""powershell.exe"" with return code 0."
"5/24/2026 7:56:41 AM","200","Information","Microsoft-Windows-TaskScheduler","Task Scheduler launched action ""powershell.exe"" in instance ""{eba39bf1-b122-4704-8683-54752b51e1bd}"" of task ""\Scaffold\ScaffoldDeployEngine""."
"5/24/2026 7:56:41 AM","100","Information","Microsoft-Windows-TaskScheduler","Task Scheduler started ""{eba39bf1-b122-4704-8683-54752b51e1bd}"" instance of the ""\Scaffold\ScaffoldDeployEngine"" task for user ""NT AUTHORITY\SYSTEM""."
"5/24/2026 7:56:41 AM","129","Information","Microsoft-Windows-TaskScheduler","Task Scheduler launch task ""\Scaffold\ScaffoldDeployEngine"" , instance ""powershell.exe""  with process ID 7108."
"5/24/2026 7:56:41 AM","107","Information","Microsoft-Windows-TaskScheduler","Task Scheduler launched ""{eba39bf1-b122-4704-8683-54752b51e1bd}""  instance of task ""\Scaffold\ScaffoldDeployEngine"" due to a time trigger condition."
"5/24/2026 7:55:34 AM","102","Information","Microsoft-Windows-TaskScheduler","Task Scheduler successfully finished ""{d2285f5b-24e1-45cb-8fe7-d1eebb6cf86a}"" instance of the ""\Microsoft\Windows\Device Information\Device User"" task for user ""SCAFFOLD\Administrator""."
"5/24/2026 7:55:34 AM","201","Information","Microsoft-Windows-TaskScheduler","Task Scheduler successfully completed task ""\Microsoft\Windows\Device Information\Device User"" , instance ""{d2285f5b-24e1-45cb-8fe7-d1eebb6cf86a}"" , action ""%windir%\system32\devicecensus.exe"" with return code 0."
"5/24/2026 7:55:34 AM","200","Information","Microsoft-Windows-TaskScheduler","Task Scheduler launched action ""%windir%\system32\devicecensus.exe"" in instance ""{d2285f5b-24e1-45cb-8fe7-d1eebb6cf86a}"" of task ""\Microsoft\Windows\Device Information\Device User""."
"5/24/2026 7:55:34 AM","100","Information","Microsoft-Windows-TaskScheduler","Task Scheduler started ""{d2285f5b-24e1-45cb-8fe7-d1eebb6cf86a}"" instance of the ""\Microsoft\Windows\Device Information\Device User"" task for user ""SCAFFOLD\Administrator""."
"5/24/2026 7:55:34 AM","129","Information","Microsoft-Windows-TaskScheduler","Task Scheduler launch task ""\Microsoft\Windows\Device Information\Device User"" , instance ""%windir%\system32\devicecensus.exe""  with process ID 7396."
"5/24/2026 7:55:34 AM","119","Information","Microsoft-Windows-TaskScheduler","Task Scheduler launched ""{d2285f5b-24e1-45cb-8fe7-d1eebb6cf86a}""  instance of task ""\Microsoft\Windows\Device Information\Device User"" due to user ""SCAFFOLD\Administrator""  logon."
"5/24/2026 7:55:11 AM","140","Information","Microsoft-Windows-TaskScheduler","User ""SCAFFOLD\DC$""  updated Task Scheduler task ""\Microsoft\Windows\SoftwareProtectionPlatform\SvcRestartTask"""
"5/24/2026 7:54:41 AM","102","Information","Microsoft-Windows-TaskScheduler","Task Scheduler successfully finished ""{092196ba-13b5-4773-a69b-3bd153baa796}"" instance of the ""\Scaffold\ScaffoldDeployEngine"" task for user ""NT AUTHORITY\SYSTEM""."
"5/24/2026 7:54:41 AM","201","Information","Microsoft-Windows-TaskScheduler","Task Scheduler successfully completed task ""\Scaffold\ScaffoldDeployEngine"" , instance ""{092196ba-13b5-4773-a69b-3bd153baa796}"" , action ""powershell.exe"" with return code 0."
"5/24/2026 7:54:41 AM","200","Information","Microsoft-Windows-TaskScheduler","Task Scheduler launched action ""powershell.exe"" in instance ""{092196ba-13b5-4773-a69b-3bd153baa796}"" of task ""\Scaffold\ScaffoldDeployEngine""."
"5/24/2026 7:54:41 AM","100","Information","Microsoft-Windows-TaskScheduler","Task Scheduler started ""{092196ba-13b5-4773-a69b-3bd153baa796}"" instance of the ""\Scaffold\ScaffoldDeployEngine"" task for user ""NT AUTHORITY\SYSTEM""."
"5/24/2026 7:54:41 AM","129","Information","Microsoft-Windows-TaskScheduler","Task Scheduler launch task ""\Scaffold\ScaffoldDeployEngine"" , instance ""powershell.exe""  with process ID 716."
"5/24/2026 7:54:41 AM","107","Information","Microsoft-Windows-TaskScheduler","Task Scheduler launched ""{092196ba-13b5-4773-a69b-3bd153baa796}""  instance of task ""\Scaffold\ScaffoldDeployEngine"" due to a time trigger condition."
"5/24/2026 7:54:35 AM","102","Information","Microsoft-Windows-TaskScheduler","Task Scheduler successfully finished ""{bceb6a14-5dab-4079-b3d0-ded970fb2d0b}"" instance of the ""\Microsoft\Windows\Windows Defender\Windows Defender Cache Maintenance"" task for user ""NT AUTHORITY\SYSTEM""."
"5/24/2026 7:54:35 AM","201","Information","Microsoft-Windows-TaskScheduler","Task Scheduler successfully completed task ""\Microsoft\Windows\Windows Defender\Windows Defender Cache Maintenance"" , instance ""{bceb6a14-5dab-4079-b3d0-ded970fb2d0b}"" , action ""C:\ProgramData\Microsoft\Windows Defender\Platform\4.18.26030.3011-0\MpCmdRun.exe"" with return code 0."
"5/24/2026 7:54:34 AM","102","Information","Microsoft-Windows-TaskScheduler","Task Scheduler successfully finished ""{d4499602-6fcc-41a8-8a2b-41b03592fe81}"" instance of the ""\Microsoft\Windows\Windows Defender\Windows Defender Cleanup"" task for user ""NT AUTHORITY\SYSTEM""."
"5/24/2026 7:54:34 AM","201","Information","Microsoft-Windows-TaskScheduler","Task Scheduler successfully completed task ""\Microsoft\Windows\Windows Defender\Windows Defender Cleanup"" , instance ""{d4499602-6fcc-41a8-8a2b-41b03592fe81}"" , action ""C:\ProgramData\Microsoft\Windows Defender\Platform\4.18.26030.3011-0\MpCmdRun.exe"" with return code 0."
"5/24/2026 7:54:34 AM","102","Information","Microsoft-Windows-TaskScheduler","Task Scheduler successfully finished ""{7a7644a6-daf2-434f-9819-06d08087ca21}"" instance of the ""\Microsoft\Windows\Windows Defender\Windows Defender Verification"" task for user ""NT AUTHORITY\SYSTEM""."
"5/24/2026 7:54:34 AM","201","Information","Microsoft-Windows-TaskScheduler","Task Scheduler successfully completed task ""\Microsoft\Windows\Windows Defender\Windows Defender Verification"" , instance ""{7a7644a6-daf2-434f-9819-06d08087ca21}"" , action ""C:\ProgramData\Microsoft\Windows Defender\Platform\4.18.26030.3011-0\MpCmdRun.exe"" with return code 0."
"5/24/2026 7:54:34 AM","140","Information","Microsoft-Windows-TaskScheduler","User ""SCAFFOLD\DC$""  updated Task Scheduler task ""\Microsoft\Windows\SoftwareProtectionPlatform\SvcRestartTask"""
"5/24/2026 7:54:03 AM","140","Information","Microsoft-Windows-TaskScheduler","User ""SCAFFOLD\DC$""  updated Task Scheduler task ""\Microsoft\Windows\Windows Defender\Windows Defender Scheduled Scan"""
"5/24/2026 7:54:03 AM","106","Information","Microsoft-Windows-TaskScheduler","User ""SCAFFOLD\DC$""  registered Task Scheduler task ""\Microsoft\Windows\Windows Defender\Windows Defender Scheduled Scan"""
"5/24/2026 7:54:03 AM","141","Information","Microsoft-Windows-TaskScheduler","User ""NT AUTHORITY\System""  deleted Task Scheduler task ""\Microsoft\Windows\Windows Defender\Windows Defender Scheduled Scan"""
"5/24/2026 7:53:55 AM","102","Information","Microsoft-Windows-TaskScheduler","Task Scheduler successfully finished ""{a4ff40f4-bbc3-44ca-aa64-dbc48299ef3e}"" instance of the ""\Microsoft\Windows\Workplace Join\Automatic-Device-Join"" task for user ""NT AUTHORITY\SYSTEM""."
"5/24/2026 7:53:55 AM","201","Information","Microsoft-Windows-TaskScheduler","Task Scheduler successfully completed task ""\Microsoft\Windows\Workplace Join\Automatic-Device-Join"" , instance ""{a4ff40f4-bbc3-44ca-aa64-dbc48299ef3e}"" , action ""%SystemRoot%\System32\dsregcmd.exe"" with return code 2147942401."
"5/24/2026 7:53:55 AM","200","Information","Microsoft-Windows-TaskScheduler","Task Scheduler launched action ""%SystemRoot%\System32\dsregcmd.exe"" in instance ""{a4ff40f4-bbc3-44ca-aa64-dbc48299ef3e}"" of task ""\Microsoft\Windows\Workplace Join\Automatic-Device-Join""."
"5/24/2026 7:53:55 AM","100","Information","Microsoft-Windows-TaskScheduler","Task Scheduler started ""{a4ff40f4-bbc3-44ca-aa64-dbc48299ef3e}"" instance of the ""\Microsoft\Windows\Workplace Join\Automatic-Device-Join"" task for user ""NT AUTHORITY\SYSTEM""."
"5/24/2026 7:53:55 AM","129","Information","Microsoft-Windows-TaskScheduler","Task Scheduler launch task ""\Microsoft\Windows\Workplace Join\Automatic-Device-Join"" , instance ""%SystemRoot%\System32\dsregcmd.exe""  with process ID 5604."
"5/24/2026 7:53:55 AM","108","Information","Microsoft-Windows-TaskScheduler","Task Scheduler launched ""{a4ff40f4-bbc3-44ca-aa64-dbc48299ef3e}""  instance of task ""\Microsoft\Windows\Workplace Join\Automatic-Device-Join""  according to an event trigger."
"5/24/2026 7:53:52 AM","102","Information","Microsoft-Windows-TaskScheduler","Task Scheduler successfully finished ""{e6d38060-ef39-4f35-935e-3838dc2ff278}"" instance of the ""\Microsoft\Windows\Windows Defender\Windows Defender Scheduled Scan"" task for user ""NT AUTHORITY\SYSTEM""."
"5/24/2026 7:53:52 AM","201","Information","Microsoft-Windows-TaskScheduler","Task Scheduler successfully completed task ""\Microsoft\Windows\Windows Defender\Windows Defender Scheduled Scan"" , instance ""{e6d38060-ef39-4f35-935e-3838dc2ff278}"" , action ""C:\ProgramData\Microsoft\Windows Defender\Platform\4.18.26030.3011-0\MpCmdRun.exe"" with return code 0."
"5/24/2026 7:53:34 AM","200","Information","Microsoft-Windows-TaskScheduler","Task Scheduler launched action ""C:\ProgramData\Microsoft\Windows Defender\Platform\4.18.26030.3011-0\MpCmdRun.exe"" in instance ""{bceb6a14-5dab-4079-b3d0-ded970fb2d0b}"" of task ""\Microsoft\Windows\Windows Defender\Windows Defender Cache Maintenance""."
"5/24/2026 7:53:34 AM","100","Information","Microsoft-Windows-TaskScheduler","Task Scheduler started ""{bceb6a14-5dab-4079-b3d0-ded970fb2d0b}"" instance of the ""\Microsoft\Windows\Windows Defender\Windows Defender Cache Maintenance"" task for user ""NT AUTHORITY\SYSTEM""."
"5/24/2026 7:53:34 AM","129","Information","Microsoft-Windows-TaskScheduler","Task Scheduler launch task ""\Microsoft\Windows\Windows Defender\Windows Defender Cache Maintenance"" , instance ""C:\ProgramData\Microsoft\Windows Defender\Platform\4.18.26030.3011-0\MpCmdRun.exe""  with process ID 4056."
"5/24/2026 7:53:34 AM","200","Information","Microsoft-Windows-TaskScheduler","Task Scheduler launched action ""C:\ProgramData\Microsoft\Windows Defender\Platform\4.18.26030.3011-0\MpCmdRun.exe"" in instance ""{d4499602-6fcc-41a8-8a2b-41b03592fe81}"" of task ""\Microsoft\Windows\Windows Defender\Windows Defender Cleanup""."
"5/24/2026 7:53:34 AM","100","Information","Microsoft-Windows-TaskScheduler","Task Scheduler started ""{d4499602-6fcc-41a8-8a2b-41b03592fe81}"" instance of the ""\Microsoft\Windows\Windows Defender\Windows Defender Cleanup"" task for user ""NT AUTHORITY\SYSTEM""."
"5/24/2026 7:53:34 AM","129","Information","Microsoft-Windows-TaskScheduler","Task Scheduler launch task ""\Microsoft\Windows\Windows Defender\Windows Defender Cleanup"" , instance ""C:\ProgramData\Microsoft\Windows Defender\Platform\4.18.26030.3011-0\MpCmdRun.exe""  with process ID 7528."
"5/24/2026 7:53:34 AM","200","Information","Microsoft-Windows-TaskScheduler","Task Scheduler launched action ""C:\ProgramData\Microsoft\Windows Defender\Platform\4.18.26030.3011-0\MpCmdRun.exe"" in instance ""{7a7644a6-daf2-434f-9819-06d08087ca21}"" of task ""\Microsoft\Windows\Windows Defender\Windows Defender Verification""."
"5/24/2026 7:53:34 AM","100","Information","Microsoft-Windows-TaskScheduler","Task Scheduler started ""{7a7644a6-daf2-434f-9819-06d08087ca21}"" instance of the ""\Microsoft\Windows\Windows Defender\Windows Defender Verification"" task for user ""NT AUTHORITY\SYSTEM""."
"5/24/2026 7:53:34 AM","129","Information","Microsoft-Windows-TaskScheduler","Task Scheduler launch task ""\Microsoft\Windows\Windows Defender\Windows Defender Verification"" , instance ""C:\ProgramData\Microsoft\Windows Defender\Platform\4.18.26030.3011-0\MpCmdRun.exe""  with process ID 4728."
"5/24/2026 7:53:33 AM","200","Information","Microsoft-Windows-TaskScheduler","Task Scheduler launched action ""C:\ProgramData\Microsoft\Windows Defender\Platform\4.18.26030.3011-0\MpCmdRun.exe"" in instance ""{e6d38060-ef39-4f35-935e-3838dc2ff278}"" of task ""\Microsoft\Windows\Windows Defender\Windows Defender Scheduled Scan""."
"5/24/2026 7:53:33 AM","100","Information","Microsoft-Windows-TaskScheduler","Task Scheduler started ""{e6d38060-ef39-4f35-935e-3838dc2ff278}"" instance of the ""\Microsoft\Windows\Windows Defender\Windows Defender Scheduled Scan"" task for user ""NT AUTHORITY\SYSTEM""."
"5/24/2026 7:53:33 AM","129","Information","Microsoft-Windows-TaskScheduler","Task Scheduler launch task ""\Microsoft\Windows\Windows Defender\Windows Defender Scheduled Scan"" , instance ""C:\ProgramData\Microsoft\Windows Defender\Platform\4.18.26030.3011-0\MpCmdRun.exe""  with process ID 3408."
"5/24/2026 7:53:33 AM","114","Warning","Microsoft-Windows-TaskScheduler","Task Scheduler could not launch task ""\Microsoft\Windows\Windows Defender\Windows Defender Scheduled Scan""  as scheduled. Instance ""{e6d38060-ef39-4f35-935e-3838dc2ff278}""  is started now as required by the configuration option to start the task when available, if schedule is missed."
"5/24/2026 7:52:41 AM","102","Information","Microsoft-Windows-TaskScheduler","Task Scheduler successfully finished ""{d75e2c13-07da-4b6f-81c6-84752826847c}"" instance of the ""\Scaffold\ScaffoldDeployEngine"" task for user ""NT AUTHORITY\SYSTEM""."
"5/24/2026 7:52:41 AM","201","Information","Microsoft-Windows-TaskScheduler","Task Scheduler successfully completed task ""\Scaffold\ScaffoldDeployEngine"" , instance ""{d75e2c13-07da-4b6f-81c6-84752826847c}"" , action ""powershell.exe"" with return code 0."
"5/24/2026 7:52:41 AM","200","Information","Microsoft-Windows-TaskScheduler","Task Scheduler launched action ""powershell.exe"" in instance ""{d75e2c13-07da-4b6f-81c6-84752826847c}"" of task ""\Scaffold\ScaffoldDeployEngine""."
"5/24/2026 7:52:41 AM","100","Information","Microsoft-Windows-TaskScheduler","Task Scheduler started ""{d75e2c13-07da-4b6f-81c6-84752826847c}"" instance of the ""\Scaffold\ScaffoldDeployEngine"" task for user ""NT AUTHORITY\SYSTEM""."
"5/24/2026 7:52:41 AM","129","Information","Microsoft-Windows-TaskScheduler","Task Scheduler launch task ""\Scaffold\ScaffoldDeployEngine"" , instance ""powershell.exe""  with process ID 1124."
"5/24/2026 7:52:41 AM","107","Information","Microsoft-Windows-TaskScheduler","Task Scheduler launched ""{d75e2c13-07da-4b6f-81c6-84752826847c}""  instance of task ""\Scaffold\ScaffoldDeployEngine"" due to a time trigger condition."
"5/24/2026 7:50:41 AM","102","Information","Microsoft-Windows-TaskScheduler","Task Scheduler successfully finished ""{57c2bec4-e246-4559-88e3-117acba32ebb}"" instance of the ""\Scaffold\ScaffoldDeployEngine"" task for user ""NT AUTHORITY\SYSTEM""."
"5/24/2026 7:50:41 AM","201","Information","Microsoft-Windows-TaskScheduler","Task Scheduler successfully completed task ""\Scaffold\ScaffoldDeployEngine"" , instance ""{57c2bec4-e246-4559-88e3-117acba32ebb}"" , action ""powershell.exe"" with return code 0."
"5/24/2026 7:50:41 AM","200","Information","Microsoft-Windows-TaskScheduler","Task Scheduler launched action ""powershell.exe"" in instance ""{57c2bec4-e246-4559-88e3-117acba32ebb}"" of task ""\Scaffold\ScaffoldDeployEngine""."
"5/24/2026 7:50:41 AM","100","Information","Microsoft-Windows-TaskScheduler","Task Scheduler started ""{57c2bec4-e246-4559-88e3-117acba32ebb}"" instance of the ""\Scaffold\ScaffoldDeployEngine"" task for user ""NT AUTHORITY\SYSTEM""."
"5/24/2026 7:50:41 AM","129","Information","Microsoft-Windows-TaskScheduler","Task Scheduler launch task ""\Scaffold\ScaffoldDeployEngine"" , instance ""powershell.exe""  with process ID 844."
"5/24/2026 7:50:41 AM","107","Information","Microsoft-Windows-TaskScheduler","Task Scheduler launched ""{57c2bec4-e246-4559-88e3-117acba32ebb}""  instance of task ""\Scaffold\ScaffoldDeployEngine"" due to a time trigger condition."
"5/24/2026 7:50:20 AM","103","Error","Microsoft-Windows-TaskScheduler","Task Scheduler failed to start instance ""{54d98f3f-240b-42d3-b70f-c6e584b45eba}"" of ""\Microsoft\Windows\Flighting\OneSettings\RefreshCache""  task for user ""NT AUTHORITY\SYSTEM"" . Additional Data: Error Value: 2147954407."
"5/24/2026 7:50:20 AM","202","Error","Microsoft-Windows-TaskScheduler","Task Scheduler failed to complete task ""\Microsoft\Windows\Flighting\OneSettings\RefreshCache"" , instance ""{54d98f3f-240b-42d3-b70f-c6e584b45eba}"" , action ""OneSettings Refresh Cache Task Handler"" . Additional Data: Error Value: 2147954407."
"5/24/2026 7:50:02 AM","102","Information","Microsoft-Windows-TaskScheduler","Task Scheduler successfully finished ""{0904b65a-32b3-4086-b270-e47fee342bc2}"" instance of the ""\Microsoft\Windows\Customer Experience Improvement Program\Consolidator"" task for user ""NT AUTHORITY\SYSTEM""."
"5/24/2026 7:50:02 AM","201","Information","Microsoft-Windows-TaskScheduler","Task Scheduler successfully completed task ""\Microsoft\Windows\Customer Experience Improvement Program\Consolidator"" , instance ""{0904b65a-32b3-4086-b270-e47fee342bc2}"" , action ""%SystemRoot%\System32\wsqmcons.exe"" with return code 0."
"5/24/2026 7:50:02 AM","200","Information","Microsoft-Windows-TaskScheduler","Task Scheduler launched action ""%SystemRoot%\System32\wsqmcons.exe"" in instance ""{0904b65a-32b3-4086-b270-e47fee342bc2}"" of task ""\Microsoft\Windows\Customer Experience Improvement Program\Consolidator""."
"5/24/2026 7:50:02 AM","100","Information","Microsoft-Windows-TaskScheduler","Task Scheduler started ""{0904b65a-32b3-4086-b270-e47fee342bc2}"" instance of the ""\Microsoft\Windows\Customer Experience Improvement Program\Consolidator"" task for user ""NT AUTHORITY\SYSTEM""."
"5/24/2026 7:50:02 AM","129","Information","Microsoft-Windows-TaskScheduler","Task Scheduler launch task ""\Microsoft\Windows\Customer Experience Improvement Program\Consolidator"" , instance ""%SystemRoot%\System32\wsqmcons.exe""  with process ID 464."
"5/24/2026 7:50:02 AM","200","Information","Microsoft-Windows-TaskScheduler","Task Scheduler launched action ""OneSettings Refresh Cache Task Handler"" in instance ""{54d98f3f-240b-42d3-b70f-c6e584b45eba}"" of task ""\Microsoft\Windows\Flighting\OneSettings\RefreshCache""."
"5/24/2026 7:50:02 AM","100","Information","Microsoft-Windows-TaskScheduler","Task Scheduler started ""{54d98f3f-240b-42d3-b70f-c6e584b45eba}"" instance of the ""\Microsoft\Windows\Flighting\OneSettings\RefreshCache"" task for user ""NT AUTHORITY\SYSTEM""."
"5/24/2026 7:50:02 AM","129","Information","Microsoft-Windows-TaskScheduler","Task Scheduler launch task ""\Microsoft\Windows\Flighting\OneSettings\RefreshCache"" , instance ""taskhostw.exe""  with process ID 988."
"5/24/2026 7:50:02 AM","114","Warning","Microsoft-Windows-TaskScheduler","Task Scheduler could not launch task ""\Microsoft\Windows\Flighting\OneSettings\RefreshCache""  as scheduled. Instance ""{54d98f3f-240b-42d3-b70f-c6e584b45eba}""  is started now as required by the configuration option to start the task when available, if schedule is missed."
"5/24/2026 7:50:02 AM","114","Warning","Microsoft-Windows-TaskScheduler","Task Scheduler could not launch task ""\Microsoft\Windows\Customer Experience Improvement Program\Consolidator""  as scheduled. Instance ""{0904b65a-32b3-4086-b270-e47fee342bc2}""  is started now as required by the configuration option to start the task when available, if schedule is missed."
"5/24/2026 7:48:41 AM","102","Information","Microsoft-Windows-TaskScheduler","Task Scheduler successfully finished ""{2e918cce-5b94-4536-8fc4-5970d84f0a86}"" instance of the ""\Scaffold\ScaffoldDeployEngine"" task for user ""NT AUTHORITY\SYSTEM""."
"5/24/2026 7:48:41 AM","201","Information","Microsoft-Windows-TaskScheduler","Task Scheduler successfully completed task ""\Scaffold\ScaffoldDeployEngine"" , instance ""{2e918cce-5b94-4536-8fc4-5970d84f0a86}"" , action ""powershell.exe"" with return code 0."
"5/24/2026 7:48:41 AM","200","Information","Microsoft-Windows-TaskScheduler","Task Scheduler launched action ""powershell.exe"" in instance ""{2e918cce-5b94-4536-8fc4-5970d84f0a86}"" of task ""\Scaffold\ScaffoldDeployEngine""."
"5/24/2026 7:48:41 AM","100","Information","Microsoft-Windows-TaskScheduler","Task Scheduler started ""{2e918cce-5b94-4536-8fc4-5970d84f0a86}"" instance of the ""\Scaffold\ScaffoldDeployEngine"" task for user ""NT AUTHORITY\SYSTEM""."
"5/24/2026 7:48:41 AM","129","Information","Microsoft-Windows-TaskScheduler","Task Scheduler launch task ""\Scaffold\ScaffoldDeployEngine"" , instance ""powershell.exe""  with process ID 5688."
"5/24/2026 7:48:41 AM","107","Information","Microsoft-Windows-TaskScheduler","Task Scheduler launched ""{2e918cce-5b94-4536-8fc4-5970d84f0a86}""  instance of task ""\Scaffold\ScaffoldDeployEngine"" due to a time trigger condition."
"5/24/2026 7:46:43 AM","140","Information","Microsoft-Windows-TaskScheduler","User ""SCAFFOLD\DC$""  updated Task Scheduler task ""\Microsoft\Windows\SoftwareProtectionPlatform\SvcRestartTask"""
"5/24/2026 7:46:41 AM","102","Information","Microsoft-Windows-TaskScheduler","Task Scheduler successfully finished ""{cd391002-3464-4a41-81b2-99a889a26882}"" instance of the ""\Scaffold\ScaffoldDeployEngine"" task for user ""NT AUTHORITY\SYSTEM""."
"5/24/2026 7:46:41 AM","201","Information","Microsoft-Windows-TaskScheduler","Task Scheduler successfully completed task ""\Scaffold\ScaffoldDeployEngine"" , instance ""{cd391002-3464-4a41-81b2-99a889a26882}"" , action ""powershell.exe"" with return code 0."
"5/24/2026 7:46:41 AM","200","Information","Microsoft-Windows-TaskScheduler","Task Scheduler launched action ""powershell.exe"" in instance ""{cd391002-3464-4a41-81b2-99a889a26882}"" of task ""\Scaffold\ScaffoldDeployEngine""."
"5/24/2026 7:46:41 AM","100","Information","Microsoft-Windows-TaskScheduler","Task Scheduler started ""{cd391002-3464-4a41-81b2-99a889a26882}"" instance of the ""\Scaffold\ScaffoldDeployEngine"" task for user ""NT AUTHORITY\SYSTEM""."
"5/24/2026 7:46:41 AM","129","Information","Microsoft-Windows-TaskScheduler","Task Scheduler launch task ""\Scaffold\ScaffoldDeployEngine"" , instance ""powershell.exe""  with process ID 6708."
"5/24/2026 7:46:41 AM","107","Information","Microsoft-Windows-TaskScheduler","Task Scheduler launched ""{cd391002-3464-4a41-81b2-99a889a26882}""  instance of task ""\Scaffold\ScaffoldDeployEngine"" due to a time trigger condition."
"5/24/2026 7:46:34 AM","102","Information","Microsoft-Windows-TaskScheduler","Task Scheduler successfully finished ""{622f546e-d68c-406e-93fc-0009f97ee526}"" instance of the ""\Microsoft\Windows\Windows Error Reporting\QueueReporting"" task for user ""NT AUTHORITY\SYSTEM""."
"5/24/2026 7:46:34 AM","201","Information","Microsoft-Windows-TaskScheduler","Task Scheduler successfully completed task ""\Microsoft\Windows\Windows Error Reporting\QueueReporting"" , instance ""{622f546e-d68c-406e-93fc-0009f97ee526}"" , action ""%windir%\system32\wermgr.exe"" with return code 0."
