"7/8/2026 10:51:28 PM","102","Information","Microsoft-Windows-TaskScheduler","Task Scheduler successfully finished ""{192a993d-2546-45dd-9990-cc61f4548b90}"" instance of the ""\Microsoft\Windows\DiskDiagnostic\Microsoft-Windows-DiskDiagnosticDataCollector"" task for user ""NT AUTHORITY\SYSTEM""."
"7/8/2026 10:51:28 PM","201","Information","Microsoft-Windows-TaskScheduler","Task Scheduler successfully completed task ""\Microsoft\Windows\DiskDiagnostic\Microsoft-Windows-DiskDiagnosticDataCollector"" , instance ""{192a993d-2546-45dd-9990-cc61f4548b90}"" , action ""%windir%\system32\rundll32.exe"" with return code 0."
"7/8/2026 10:51:28 PM","103","Error","Microsoft-Windows-TaskScheduler","Task Scheduler failed to start instance ""{488c3cb4-4517-4c52-a9d7-0eb87246c303}"" of ""\Microsoft\Windows\DiskFootprint\StorageSense""  task for user ""NT AUTHORITY\SYSTEM"" . Additional Data: Error Value: 2147746132."
"7/8/2026 10:51:28 PM","202","Error","Microsoft-Windows-TaskScheduler","Task Scheduler failed to complete task ""\Microsoft\Windows\DiskFootprint\StorageSense"" , instance ""{488c3cb4-4517-4c52-a9d7-0eb87246c303}"" , action ""StorageUsage State Reporter Task Handler"" . Additional Data: Error Value: 2147746132."
"7/8/2026 10:51:28 PM","102","Information","Microsoft-Windows-TaskScheduler","Task Scheduler successfully finished ""{a674e454-9808-4ff0-b4ff-5a3fa670b4a5}"" instance of the ""\Microsoft\Windows\Shell\IndexerAutomaticMaintenance"" task for user ""(NONE)""."
"7/8/2026 10:51:28 PM","201","Information","Microsoft-Windows-TaskScheduler","Task Scheduler successfully completed task ""\Microsoft\Windows\Shell\IndexerAutomaticMaintenance"" , instance ""{a674e454-9808-4ff0-b4ff-5a3fa670b4a5}"" , action ""Automatic Maintenance task to enable Windows Search to make progress while in Connected Standby"" with return code 2147942401."
"7/8/2026 10:51:28 PM","102","Information","Microsoft-Windows-TaskScheduler","Task Scheduler successfully finished ""{6d83a21c-6855-459c-846f-973d8d0d2f05}"" instance of the ""\Microsoft\Windows\PI\Sqm-Tasks"" task for user ""NT AUTHORITY\SYSTEM""."
"7/8/2026 10:51:28 PM","201","Information","Microsoft-Windows-TaskScheduler","Task Scheduler successfully completed task ""\Microsoft\Windows\PI\Sqm-Tasks"" , instance ""{6d83a21c-6855-459c-846f-973d8d0d2f05}"" , action ""TPM Maintenance Task Handler"" with return code 0."
"7/8/2026 10:51:28 PM","102","Information","Microsoft-Windows-TaskScheduler","Task Scheduler successfully finished ""{1b94e191-f083-4181-8f03-85c30c2ed2e3}"" instance of the ""\Microsoft\Windows\BrokerInfrastructure\BgTaskRegistrationMaintenanceTask"" task for user ""NT AUTHORITY\SYSTEM""."
"7/8/2026 10:51:28 PM","201","Information","Microsoft-Windows-TaskScheduler","Task Scheduler successfully completed task ""\Microsoft\Windows\BrokerInfrastructure\BgTaskRegistrationMaintenanceTask"" , instance ""{1b94e191-f083-4181-8f03-85c30c2ed2e3}"" , action """" with return code 2147942400."
"7/8/2026 10:51:28 PM","102","Information","Microsoft-Windows-TaskScheduler","Task Scheduler successfully finished ""{2a065038-6713-45a0-b245-d2bb6b7bbdca}"" instance of the ""\Microsoft\Windows\Chkdsk\ProactiveScan"" task for user ""NT AUTHORITY\SYSTEM""."
"7/8/2026 10:51:28 PM","201","Information","Microsoft-Windows-TaskScheduler","Task Scheduler successfully completed task ""\Microsoft\Windows\Chkdsk\ProactiveScan"" , instance ""{2a065038-6713-45a0-b245-d2bb6b7bbdca}"" , action ""Proactive Scan"" with return code 0."
"7/8/2026 10:51:27 PM","102","Information","Microsoft-Windows-TaskScheduler","Task Scheduler successfully finished ""{891165bd-266e-4385-b390-390a11014442}"" instance of the ""\Microsoft\Windows\Customer Experience Improvement Program\UsbCeip"" task for user ""NT AUTHORITY\SYSTEM""."
"7/8/2026 10:51:27 PM","201","Information","Microsoft-Windows-TaskScheduler","Task Scheduler successfully completed task ""\Microsoft\Windows\Customer Experience Improvement Program\UsbCeip"" , instance ""{891165bd-266e-4385-b390-390a11014442}"" , action ""UsbCeip"" with return code 0."
"7/8/2026 10:51:27 PM","103","Error","Microsoft-Windows-TaskScheduler","Task Scheduler failed to start instance ""{df1744f1-678f-4f24-b1f4-484c8ac6c67b}"" of ""\Microsoft\Windows\Registry\RegIdleBackup""  task for user ""NT AUTHORITY\SYSTEM"" . Additional Data: Error Value: 2147942450."
"7/8/2026 10:51:27 PM","202","Error","Microsoft-Windows-TaskScheduler","Task Scheduler failed to complete task ""\Microsoft\Windows\Registry\RegIdleBackup"" , instance ""{df1744f1-678f-4f24-b1f4-484c8ac6c67b}"" , action ""RegistryIdleBackupHandler"" . Additional Data: Error Value: 2147942450."
"7/8/2026 10:51:27 PM","200","Information","Microsoft-Windows-TaskScheduler","Task Scheduler launched action ""TPM Maintenance Task Handler"" in instance ""{6d83a21c-6855-459c-846f-973d8d0d2f05}"" of task ""\Microsoft\Windows\PI\Sqm-Tasks""."
"7/8/2026 10:51:27 PM","100","Information","Microsoft-Windows-TaskScheduler","Task Scheduler started ""{6d83a21c-6855-459c-846f-973d8d0d2f05}"" instance of the ""\Microsoft\Windows\PI\Sqm-Tasks"" task for user ""NT AUTHORITY\SYSTEM""."
"7/8/2026 10:51:27 PM","325","Warning","Microsoft-Windows-TaskScheduler","Task Scheduler queued instance ""{62c93847-8b92-4415-b34e-6ebbe9242649}""  of task ""\Microsoft\Windows\Power Efficiency Diagnostics\AnalyzeSystem""."
"7/8/2026 10:51:27 PM","200","Information","Microsoft-Windows-TaskScheduler","Task Scheduler launched action """" in instance ""{4b9d72f6-8904-428d-a9f9-aee9765e1125}"" of task ""\Microsoft\Windows\.NET Framework\.NET Framework NGEN v4.0.30319""."
"7/8/2026 10:51:27 PM","100","Information","Microsoft-Windows-TaskScheduler","Task Scheduler started ""{4b9d72f6-8904-428d-a9f9-aee9765e1125}"" instance of the ""\Microsoft\Windows\.NET Framework\.NET Framework NGEN v4.0.30319"" task for user ""NT AUTHORITY\SYSTEM""."
"7/8/2026 10:51:27 PM","200","Information","Microsoft-Windows-TaskScheduler","Task Scheduler launched action """" in instance ""{fec43a8f-970d-49f3-9eb4-1b2a6c60f09a}"" of task ""\Microsoft\Windows\.NET Framework\.NET Framework NGEN v4.0.30319 64""."
"7/8/2026 10:51:27 PM","100","Information","Microsoft-Windows-TaskScheduler","Task Scheduler started ""{fec43a8f-970d-49f3-9eb4-1b2a6c60f09a}"" instance of the ""\Microsoft\Windows\.NET Framework\.NET Framework NGEN v4.0.30319 64"" task for user ""NT AUTHORITY\SYSTEM""."
"7/8/2026 10:51:27 PM","200","Information","Microsoft-Windows-TaskScheduler","Task Scheduler launched action ""%windir%\system32\rundll32.exe"" in instance ""{192a993d-2546-45dd-9990-cc61f4548b90}"" of task ""\Microsoft\Windows\DiskDiagnostic\Microsoft-Windows-DiskDiagnosticDataCollector""."
"7/8/2026 10:51:27 PM","100","Information","Microsoft-Windows-TaskScheduler","Task Scheduler started ""{192a993d-2546-45dd-9990-cc61f4548b90}"" instance of the ""\Microsoft\Windows\DiskDiagnostic\Microsoft-Windows-DiskDiagnosticDataCollector"" task for user ""NT AUTHORITY\SYSTEM""."
"7/8/2026 10:51:27 PM","129","Information","Microsoft-Windows-TaskScheduler","Task Scheduler launch task ""\Microsoft\Windows\DiskDiagnostic\Microsoft-Windows-DiskDiagnosticDataCollector"" , instance ""%windir%\system32\rundll32.exe""  with process ID 5040."
"7/8/2026 10:51:27 PM","200","Information","Microsoft-Windows-TaskScheduler","Task Scheduler launched action ""C:\ProgramData\Microsoft\Windows Defender\Platform\4.18.26030.3011-0\MpCmdRun.exe"" in instance ""{8cdc2deb-1118-4173-9183-76fb71d11af7}"" of task ""\Microsoft\Windows\Windows Defender\Windows Defender Cache Maintenance""."
"7/8/2026 10:51:27 PM","100","Information","Microsoft-Windows-TaskScheduler","Task Scheduler started ""{8cdc2deb-1118-4173-9183-76fb71d11af7}"" instance of the ""\Microsoft\Windows\Windows Defender\Windows Defender Cache Maintenance"" task for user ""NT AUTHORITY\SYSTEM""."
"7/8/2026 10:51:27 PM","129","Information","Microsoft-Windows-TaskScheduler","Task Scheduler launch task ""\Microsoft\Windows\Windows Defender\Windows Defender Cache Maintenance"" , instance ""C:\ProgramData\Microsoft\Windows Defender\Platform\4.18.26030.3011-0\MpCmdRun.exe""  with process ID 7116."
"7/8/2026 10:51:27 PM","200","Information","Microsoft-Windows-TaskScheduler","Task Scheduler launched action ""%windir%\system32\disksnapshot.exe"" in instance ""{d6687dfb-e81b-42cd-a13e-3b9f5838f9d8}"" of task ""\Microsoft\Windows\DiskFootprint\Diagnostics""."
"7/8/2026 10:51:27 PM","100","Information","Microsoft-Windows-TaskScheduler","Task Scheduler started ""{d6687dfb-e81b-42cd-a13e-3b9f5838f9d8}"" instance of the ""\Microsoft\Windows\DiskFootprint\Diagnostics"" task for user ""NT AUTHORITY\SYSTEM""."
"7/8/2026 10:51:27 PM","129","Information","Microsoft-Windows-TaskScheduler","Task Scheduler launch task ""\Microsoft\Windows\DiskFootprint\Diagnostics"" , instance ""%windir%\system32\disksnapshot.exe""  with process ID 1236."
"7/8/2026 10:51:27 PM","200","Information","Microsoft-Windows-TaskScheduler","Task Scheduler launched action ""Automatic Maintenance task to enable Windows Search to make progress while in Connected Standby"" in instance ""{a674e454-9808-4ff0-b4ff-5a3fa670b4a5}"" of task ""\Microsoft\Windows\Shell\IndexerAutomaticMaintenance""."
"7/8/2026 10:51:27 PM","100","Information","Microsoft-Windows-TaskScheduler","Task Scheduler started ""{a674e454-9808-4ff0-b4ff-5a3fa670b4a5}"" instance of the ""\Microsoft\Windows\Shell\IndexerAutomaticMaintenance"" task for user ""(NONE)""."
"7/8/2026 10:51:27 PM","129","Information","Microsoft-Windows-TaskScheduler","Task Scheduler launch task ""\Microsoft\Windows\Shell\IndexerAutomaticMaintenance"" , instance ""taskhostw.exe""  with process ID 2980."
"7/8/2026 10:51:27 PM","200","Information","Microsoft-Windows-TaskScheduler","Task Scheduler launched action ""Proactive Scan"" in instance ""{2a065038-6713-45a0-b245-d2bb6b7bbdca}"" of task ""\Microsoft\Windows\Chkdsk\ProactiveScan""."
"7/8/2026 10:51:27 PM","100","Information","Microsoft-Windows-TaskScheduler","Task Scheduler started ""{2a065038-6713-45a0-b245-d2bb6b7bbdca}"" instance of the ""\Microsoft\Windows\Chkdsk\ProactiveScan"" task for user ""NT AUTHORITY\SYSTEM""."
"7/8/2026 10:51:27 PM","200","Information","Microsoft-Windows-TaskScheduler","Task Scheduler launched action ""%windir%\system32\sc.exe"" in instance ""{a8cedf3c-fa1e-4858-aad2-3bea431b88f3}"" of task ""\Microsoft\Windows\Time Synchronization\SynchronizeTime""."
"7/8/2026 10:51:27 PM","100","Information","Microsoft-Windows-TaskScheduler","Task Scheduler started ""{a8cedf3c-fa1e-4858-aad2-3bea431b88f3}"" instance of the ""\Microsoft\Windows\Time Synchronization\SynchronizeTime"" task for user ""(NONE)""."
"7/8/2026 10:51:27 PM","129","Information","Microsoft-Windows-TaskScheduler","Task Scheduler launch task ""\Microsoft\Windows\Time Synchronization\SynchronizeTime"" , instance ""%windir%\system32\sc.exe""  with process ID 4500."
"7/8/2026 10:51:27 PM","200","Information","Microsoft-Windows-TaskScheduler","Task Scheduler launched action ""%windir%\system32\dstokenclean.exe"" in instance ""{858a1600-0252-4739-bb49-849d4bc1bf22}"" of task ""\Microsoft\Windows\ApplicationData\DsSvcCleanup""."
"7/8/2026 10:51:27 PM","100","Information","Microsoft-Windows-TaskScheduler","Task Scheduler started ""{858a1600-0252-4739-bb49-849d4bc1bf22}"" instance of the ""\Microsoft\Windows\ApplicationData\DsSvcCleanup"" task for user ""NT AUTHORITY\SYSTEM""."
"7/8/2026 10:51:27 PM","129","Information","Microsoft-Windows-TaskScheduler","Task Scheduler launch task ""\Microsoft\Windows\ApplicationData\DsSvcCleanup"" , instance ""%windir%\system32\dstokenclean.exe""  with process ID 7100."
"7/8/2026 10:51:27 PM","200","Information","Microsoft-Windows-TaskScheduler","Task Scheduler launched action ""%windir%\system32\compattelrunner.exe"" in instance ""{fdc9821f-58b9-4af5-a12d-1f6f2fdd1ea1}"" of task ""\Microsoft\Windows\Application Experience\ProgramDataUpdater""."
"7/8/2026 10:51:27 PM","100","Information","Microsoft-Windows-TaskScheduler","Task Scheduler started ""{fdc9821f-58b9-4af5-a12d-1f6f2fdd1ea1}"" instance of the ""\Microsoft\Windows\Application Experience\ProgramDataUpdater"" task for user ""NT AUTHORITY\SYSTEM""."
"7/8/2026 10:51:27 PM","129","Information","Microsoft-Windows-TaskScheduler","Task Scheduler launch task ""\Microsoft\Windows\Application Experience\ProgramDataUpdater"" , instance ""%windir%\system32\compattelrunner.exe""  with process ID 768."
"7/8/2026 10:51:27 PM","200","Information","Microsoft-Windows-TaskScheduler","Task Scheduler launched action ""Component Based Servicing Session"" in instance ""{a111f169-a260-4a94-9ff4-f6a31354c251}"" of task ""\Microsoft\Windows\Servicing\StartComponentCleanup""."
"7/8/2026 10:51:27 PM","100","Information","Microsoft-Windows-TaskScheduler","Task Scheduler started ""{a111f169-a260-4a94-9ff4-f6a31354c251}"" instance of the ""\Microsoft\Windows\Servicing\StartComponentCleanup"" task for user ""NT AUTHORITY\SYSTEM""."
"7/8/2026 10:51:27 PM","200","Information","Microsoft-Windows-TaskScheduler","Task Scheduler launched action ""%windir%\system32\lpremove.exe"" in instance ""{31255e25-3521-41d4-b815-3e7aebc477d2}"" of task ""\Microsoft\Windows\MUI\LPRemove""."
"7/8/2026 10:51:27 PM","100","Information","Microsoft-Windows-TaskScheduler","Task Scheduler started ""{31255e25-3521-41d4-b815-3e7aebc477d2}"" instance of the ""\Microsoft\Windows\MUI\LPRemove"" task for user ""NT AUTHORITY\SYSTEM""."
"7/8/2026 10:51:27 PM","129","Information","Microsoft-Windows-TaskScheduler","Task Scheduler launch task ""\Microsoft\Windows\MUI\LPRemove"" , instance ""%windir%\system32\lpremove.exe""  with process ID 3108."
"7/8/2026 10:51:27 PM","200","Information","Microsoft-Windows-TaskScheduler","Task Scheduler launched action ""%windir%\system32\rundll32.exe"" in instance ""{9a98488e-43e0-4f9f-9a42-92f12cbe7d54}"" of task ""\Microsoft\Windows\StateRepository\MaintenanceTasks""."
"7/8/2026 10:51:27 PM","100","Information","Microsoft-Windows-TaskScheduler","Task Scheduler started ""{9a98488e-43e0-4f9f-9a42-92f12cbe7d54}"" instance of the ""\Microsoft\Windows\StateRepository\MaintenanceTasks"" task for user ""NT AUTHORITY\SYSTEM""."
"7/8/2026 10:51:27 PM","129","Information","Microsoft-Windows-TaskScheduler","Task Scheduler launch task ""\Microsoft\Windows\StateRepository\MaintenanceTasks"" , instance ""%windir%\system32\rundll32.exe""  with process ID 6984."
"7/8/2026 10:51:27 PM","200","Information","Microsoft-Windows-TaskScheduler","Task Scheduler launched action ""StorageUsage State Reporter Task Handler"" in instance ""{488c3cb4-4517-4c52-a9d7-0eb87246c303}"" of task ""\Microsoft\Windows\DiskFootprint\StorageSense""."
"7/8/2026 10:51:27 PM","100","Information","Microsoft-Windows-TaskScheduler","Task Scheduler started ""{488c3cb4-4517-4c52-a9d7-0eb87246c303}"" instance of the ""\Microsoft\Windows\DiskFootprint\StorageSense"" task for user ""NT AUTHORITY\SYSTEM""."
"7/8/2026 10:51:27 PM","200","Information","Microsoft-Windows-TaskScheduler","Task Scheduler launched action """" in instance ""{1b94e191-f083-4181-8f03-85c30c2ed2e3}"" of task ""\Microsoft\Windows\BrokerInfrastructure\BgTaskRegistrationMaintenanceTask""."
"7/8/2026 10:51:27 PM","100","Information","Microsoft-Windows-TaskScheduler","Task Scheduler started ""{1b94e191-f083-4181-8f03-85c30c2ed2e3}"" instance of the ""\Microsoft\Windows\BrokerInfrastructure\BgTaskRegistrationMaintenanceTask"" task for user ""NT AUTHORITY\SYSTEM""."
"7/8/2026 10:51:27 PM","200","Information","Microsoft-Windows-TaskScheduler","Task Scheduler launched action ""%windir%\system32\defrag.exe"" in instance ""{52da4256-91e4-432d-bb82-801815d5a612}"" of task ""\Microsoft\Windows\Defrag\ScheduledDefrag""."
"7/8/2026 10:51:27 PM","100","Information","Microsoft-Windows-TaskScheduler","Task Scheduler started ""{52da4256-91e4-432d-bb82-801815d5a612}"" instance of the ""\Microsoft\Windows\Defrag\ScheduledDefrag"" task for user ""NT AUTHORITY\SYSTEM""."
"7/8/2026 10:51:27 PM","129","Information","Microsoft-Windows-TaskScheduler","Task Scheduler launch task ""\Microsoft\Windows\Defrag\ScheduledDefrag"" , instance ""%windir%\system32\defrag.exe""  with process ID 676."
"7/8/2026 10:51:27 PM","200","Information","Microsoft-Windows-TaskScheduler","Task Scheduler launched action ""%windir%\system32\rundll32.exe"" in instance ""{395ebf40-8744-40fb-9d51-956b7a2187d6}"" of task ""\Microsoft\Windows\ApplicationData\CleanupTemporaryState""."
"7/8/2026 10:51:27 PM","100","Information","Microsoft-Windows-TaskScheduler","Task Scheduler started ""{395ebf40-8744-40fb-9d51-956b7a2187d6}"" instance of the ""\Microsoft\Windows\ApplicationData\CleanupTemporaryState"" task for user ""NT AUTHORITY\SYSTEM""."
"7/8/2026 10:51:27 PM","129","Information","Microsoft-Windows-TaskScheduler","Task Scheduler launch task ""\Microsoft\Windows\ApplicationData\CleanupTemporaryState"" , instance ""%windir%\system32\rundll32.exe""  with process ID 2544."
"7/8/2026 10:51:27 PM","200","Information","Microsoft-Windows-TaskScheduler","Task Scheduler launched action ""%windir%\system32\tzsync.exe"" in instance ""{6ab50b61-e0fe-46ec-aa2d-639a6ceda082}"" of task ""\Microsoft\Windows\Time Zone\SynchronizeTimeZone""."
"7/8/2026 10:51:27 PM","100","Information","Microsoft-Windows-TaskScheduler","Task Scheduler started ""{6ab50b61-e0fe-46ec-aa2d-639a6ceda082}"" instance of the ""\Microsoft\Windows\Time Zone\SynchronizeTimeZone"" task for user ""NT AUTHORITY\SYSTEM""."
"7/8/2026 10:51:27 PM","129","Information","Microsoft-Windows-TaskScheduler","Task Scheduler launch task ""\Microsoft\Windows\Time Zone\SynchronizeTimeZone"" , instance ""%windir%\system32\tzsync.exe""  with process ID 948."
"7/8/2026 10:51:27 PM","200","Information","Microsoft-Windows-TaskScheduler","Task Scheduler launched action ""UsbCeip"" in instance ""{891165bd-266e-4385-b390-390a11014442}"" of task ""\Microsoft\Windows\Customer Experience Improvement Program\UsbCeip""."
"7/8/2026 10:51:27 PM","100","Information","Microsoft-Windows-TaskScheduler","Task Scheduler started ""{891165bd-266e-4385-b390-390a11014442}"" instance of the ""\Microsoft\Windows\Customer Experience Improvement Program\UsbCeip"" task for user ""NT AUTHORITY\SYSTEM""."
"7/8/2026 10:51:27 PM","200","Information","Microsoft-Windows-TaskScheduler","Task Scheduler launched action ""%systemroot%\system32\usoclient.exe"" in instance ""{58e9c7c1-91f1-4d31-9307-41c908653753}"" of task ""\Microsoft\Windows\UpdateOrchestrator\Report policies""."
"7/8/2026 10:51:27 PM","100","Information","Microsoft-Windows-TaskScheduler","Task Scheduler started ""{58e9c7c1-91f1-4d31-9307-41c908653753}"" instance of the ""\Microsoft\Windows\UpdateOrchestrator\Report policies"" task for user ""NT AUTHORITY\SYSTEM""."
"7/8/2026 10:51:27 PM","129","Information","Microsoft-Windows-TaskScheduler","Task Scheduler launch task ""\Microsoft\Windows\UpdateOrchestrator\Report policies"" , instance ""%systemroot%\system32\usoclient.exe""  with process ID 6464."
"7/8/2026 10:51:27 PM","200","Information","Microsoft-Windows-TaskScheduler","Task Scheduler launched action ""RegistryIdleBackupHandler"" in instance ""{df1744f1-678f-4f24-b1f4-484c8ac6c67b}"" of task ""\Microsoft\Windows\Registry\RegIdleBackup""."
"7/8/2026 10:51:27 PM","100","Information","Microsoft-Windows-TaskScheduler","Task Scheduler started ""{df1744f1-678f-4f24-b1f4-484c8ac6c67b}"" instance of the ""\Microsoft\Windows\Registry\RegIdleBackup"" task for user ""NT AUTHORITY\SYSTEM""."
"7/8/2026 10:51:27 PM","129","Information","Microsoft-Windows-TaskScheduler","Task Scheduler launch task ""\Microsoft\Windows\Registry\RegIdleBackup"" , instance ""taskhostw.exe""  with process ID 6400."
"7/8/2026 10:51:26 PM","102","Information","Microsoft-Windows-TaskScheduler","Task Scheduler successfully finished ""{b537af53-021e-4992-855c-f23b82c44a17}"" instance of the ""\Microsoft\Windows\Speech\SpeechModelDownloadTask"" task for user ""(NONE)""."
"7/8/2026 10:51:26 PM","201","Information","Microsoft-Windows-TaskScheduler","Task Scheduler successfully completed task ""\Microsoft\Windows\Speech\SpeechModelDownloadTask"" , instance ""{b537af53-021e-4992-855c-f23b82c44a17}"" , action ""%windir%\system32\speech_onecore\common\SpeechModelDownload.exe"" with return code 0."
"7/8/2026 10:51:26 PM","200","Information","Microsoft-Windows-TaskScheduler","Task Scheduler launched action ""C:\ProgramData\Microsoft\Windows Defender\Platform\4.18.26030.3011-0\MpCmdRun.exe"" in instance ""{bf476c34-ea11-4921-9f58-dd1f4853474a}"" of task ""\Microsoft\Windows\Windows Defender\Windows Defender Scheduled Scan""."
"7/8/2026 10:51:26 PM","100","Information","Microsoft-Windows-TaskScheduler","Task Scheduler started ""{bf476c34-ea11-4921-9f58-dd1f4853474a}"" instance of the ""\Microsoft\Windows\Windows Defender\Windows Defender Scheduled Scan"" task for user ""NT AUTHORITY\SYSTEM""."
"7/8/2026 10:51:26 PM","129","Information","Microsoft-Windows-TaskScheduler","Task Scheduler launch task ""\Microsoft\Windows\Windows Defender\Windows Defender Scheduled Scan"" , instance ""C:\ProgramData\Microsoft\Windows Defender\Platform\4.18.26030.3011-0\MpCmdRun.exe""  with process ID 3472."
"7/8/2026 10:51:26 PM","114","Warning","Microsoft-Windows-TaskScheduler","Task Scheduler could not launch task ""\Microsoft\Windows\Windows Defender\Windows Defender Scheduled Scan""  as scheduled. Instance ""{bf476c34-ea11-4921-9f58-dd1f4853474a}""  is started now as required by the configuration option to start the task when available, if schedule is missed."
"7/8/2026 10:51:26 PM","200","Information","Microsoft-Windows-TaskScheduler","Task Scheduler launched action ""%windir%\system32\speech_onecore\common\SpeechModelDownload.exe"" in instance ""{b537af53-021e-4992-855c-f23b82c44a17}"" of task ""\Microsoft\Windows\Speech\SpeechModelDownloadTask""."
"7/8/2026 10:51:26 PM","100","Information","Microsoft-Windows-TaskScheduler","Task Scheduler started ""{b537af53-021e-4992-855c-f23b82c44a17}"" instance of the ""\Microsoft\Windows\Speech\SpeechModelDownloadTask"" task for user ""(NONE)""."
"7/8/2026 10:51:26 PM","129","Information","Microsoft-Windows-TaskScheduler","Task Scheduler launch task ""\Microsoft\Windows\Speech\SpeechModelDownloadTask"" , instance ""%windir%\system32\speech_onecore\common\SpeechModelDownload.exe""  with process ID 2852."
"7/8/2026 10:51:26 PM","114","Warning","Microsoft-Windows-TaskScheduler","Task Scheduler could not launch task ""\Microsoft\Windows\Speech\SpeechModelDownloadTask""  as scheduled. Instance ""{b537af53-021e-4992-855c-f23b82c44a17}""  is started now as required by the configuration option to start the task when available, if schedule is missed."
"7/8/2026 10:50:42 PM","102","Information","Microsoft-Windows-TaskScheduler","Task Scheduler successfully finished ""{edea18de-15d9-4f57-915f-ce13b21f18f9}"" instance of the ""\Scaffold\ScaffoldDeployEngine"" task for user ""NT AUTHORITY\SYSTEM""."
"7/8/2026 10:50:42 PM","201","Information","Microsoft-Windows-TaskScheduler","Task Scheduler successfully completed task ""\Scaffold\ScaffoldDeployEngine"" , instance ""{edea18de-15d9-4f57-915f-ce13b21f18f9}"" , action ""powershell.exe"" with return code 0."
"7/8/2026 10:50:42 PM","200","Information","Microsoft-Windows-TaskScheduler","Task Scheduler launched action ""powershell.exe"" in instance ""{edea18de-15d9-4f57-915f-ce13b21f18f9}"" of task ""\Scaffold\ScaffoldDeployEngine""."
"7/8/2026 10:50:42 PM","100","Information","Microsoft-Windows-TaskScheduler","Task Scheduler started ""{edea18de-15d9-4f57-915f-ce13b21f18f9}"" instance of the ""\Scaffold\ScaffoldDeployEngine"" task for user ""NT AUTHORITY\SYSTEM""."
"7/8/2026 10:50:42 PM","129","Information","Microsoft-Windows-TaskScheduler","Task Scheduler launch task ""\Scaffold\ScaffoldDeployEngine"" , instance ""powershell.exe""  with process ID 1280."
"7/8/2026 10:50:41 PM","107","Information","Microsoft-Windows-TaskScheduler","Task Scheduler launched ""{edea18de-15d9-4f57-915f-ce13b21f18f9}""  instance of task ""\Scaffold\ScaffoldDeployEngine"" due to a time trigger condition."
"7/8/2026 10:48:47 PM","102","Information","Microsoft-Windows-TaskScheduler","Task Scheduler successfully finished ""{e4e7ca4e-8610-4b23-8cf3-a20f8ae54a8f}"" instance of the ""\MicrosoftEdgeUpdateTaskMachineUA"" task for user ""NT AUTHORITY\SYSTEM""."
"7/8/2026 10:48:47 PM","201","Information","Microsoft-Windows-TaskScheduler","Task Scheduler successfully completed task ""\MicrosoftEdgeUpdateTaskMachineUA"" , instance ""{e4e7ca4e-8610-4b23-8cf3-a20f8ae54a8f}"" , action ""C:\Program Files (x86)\Microsoft\EdgeUpdate\MicrosoftEdgeUpdate.exe"" with return code 0."
"7/8/2026 10:48:47 PM","200","Information","Microsoft-Windows-TaskScheduler","Task Scheduler launched action ""C:\Program Files (x86)\Microsoft\EdgeUpdate\MicrosoftEdgeUpdate.exe"" in instance ""{e4e7ca4e-8610-4b23-8cf3-a20f8ae54a8f}"" of task ""\MicrosoftEdgeUpdateTaskMachineUA""."
"7/8/2026 10:48:47 PM","100","Information","Microsoft-Windows-TaskScheduler","Task Scheduler started ""{e4e7ca4e-8610-4b23-8cf3-a20f8ae54a8f}"" instance of the ""\MicrosoftEdgeUpdateTaskMachineUA"" task for user ""NT AUTHORITY\SYSTEM""."
"7/8/2026 10:48:47 PM","129","Information","Microsoft-Windows-TaskScheduler","Task Scheduler launch task ""\MicrosoftEdgeUpdateTaskMachineUA"" , instance ""C:\Program Files (x86)\Microsoft\EdgeUpdate\MicrosoftEdgeUpdate.exe""  with process ID 6528."
"7/8/2026 10:48:47 PM","107","Information","Microsoft-Windows-TaskScheduler","Task Scheduler launched ""{e4e7ca4e-8610-4b23-8cf3-a20f8ae54a8f}""  instance of task ""\MicrosoftEdgeUpdateTaskMachineUA"" due to a time trigger condition."
"7/8/2026 10:48:42 PM","102","Information","Microsoft-Windows-TaskScheduler","Task Scheduler successfully finished ""{9e26c6a0-ca76-46cb-83fe-dcddb7ac0b1f}"" instance of the ""\Scaffold\ScaffoldDeployEngine"" task for user ""NT AUTHORITY\SYSTEM""."
"7/8/2026 10:48:42 PM","201","Information","Microsoft-Windows-TaskScheduler","Task Scheduler successfully completed task ""\Scaffold\ScaffoldDeployEngine"" , instance ""{9e26c6a0-ca76-46cb-83fe-dcddb7ac0b1f}"" , action ""powershell.exe"" with return code 0."
"7/8/2026 10:48:41 PM","200","Information","Microsoft-Windows-TaskScheduler","Task Scheduler launched action ""powershell.exe"" in instance ""{9e26c6a0-ca76-46cb-83fe-dcddb7ac0b1f}"" of task ""\Scaffold\ScaffoldDeployEngine""."
"7/8/2026 10:48:41 PM","100","Information","Microsoft-Windows-TaskScheduler","Task Scheduler started ""{9e26c6a0-ca76-46cb-83fe-dcddb7ac0b1f}"" instance of the ""\Scaffold\ScaffoldDeployEngine"" task for user ""NT AUTHORITY\SYSTEM""."
"7/8/2026 10:48:41 PM","129","Information","Microsoft-Windows-TaskScheduler","Task Scheduler launch task ""\Scaffold\ScaffoldDeployEngine"" , instance ""powershell.exe""  with process ID 5456."
"7/8/2026 10:48:41 PM","107","Information","Microsoft-Windows-TaskScheduler","Task Scheduler launched ""{9e26c6a0-ca76-46cb-83fe-dcddb7ac0b1f}""  instance of task ""\Scaffold\ScaffoldDeployEngine"" due to a time trigger condition."
"7/8/2026 10:47:13 PM","102","Information","Microsoft-Windows-TaskScheduler","Task Scheduler successfully finished ""{0c3479ca-0248-4b2a-966e-85be544121fa}"" instance of the ""\Microsoft\Windows\UpdateOrchestrator\USO_UxBroker"" task for user ""NT AUTHORITY\SYSTEM""."
"7/8/2026 10:47:13 PM","201","Information","Microsoft-Windows-TaskScheduler","Task Scheduler successfully completed task ""\Microsoft\Windows\UpdateOrchestrator\USO_UxBroker"" , instance ""{0c3479ca-0248-4b2a-966e-85be544121fa}"" , action ""%systemroot%\system32\MusNotification.exe"" with return code 0."
"7/8/2026 10:47:12 PM","140","Information","Microsoft-Windows-TaskScheduler","User ""S-1-5-18""  updated Task Scheduler task ""\Microsoft\Windows\UpdateOrchestrator\MusUx_UpdateInterval"""
"7/8/2026 10:47:12 PM","140","Information","Microsoft-Windows-TaskScheduler","User ""S-1-5-18""  updated Task Scheduler task ""\Microsoft\Windows\UpdateOrchestrator\Reboot_AC"""
"7/8/2026 10:47:12 PM","140","Information","Microsoft-Windows-TaskScheduler","User ""S-1-5-18""  updated Task Scheduler task ""\Microsoft\Windows\UpdateOrchestrator\Reboot_AC"""
"7/8/2026 10:47:12 PM","200","Information","Microsoft-Windows-TaskScheduler","Task Scheduler launched action ""%systemroot%\system32\MusNotification.exe"" in instance ""{0c3479ca-0248-4b2a-966e-85be544121fa}"" of task ""\Microsoft\Windows\UpdateOrchestrator\USO_UxBroker""."
"7/8/2026 10:47:12 PM","100","Information","Microsoft-Windows-TaskScheduler","Task Scheduler started ""{0c3479ca-0248-4b2a-966e-85be544121fa}"" instance of the ""\Microsoft\Windows\UpdateOrchestrator\USO_UxBroker"" task for user ""NT AUTHORITY\SYSTEM""."
"7/8/2026 10:47:12 PM","129","Information","Microsoft-Windows-TaskScheduler","Task Scheduler launch task ""\Microsoft\Windows\UpdateOrchestrator\USO_UxBroker"" , instance ""%systemroot%\system32\MusNotification.exe""  with process ID 6236."
"7/8/2026 10:46:43 PM","102","Information","Microsoft-Windows-TaskScheduler","Task Scheduler successfully finished ""{ae7ef8e9-2025-4898-881d-6792cb6ff362}"" instance of the ""\Scaffold\ScaffoldDeployEngine"" task for user ""NT AUTHORITY\SYSTEM""."
"7/8/2026 10:46:43 PM","201","Information","Microsoft-Windows-TaskScheduler","Task Scheduler successfully completed task ""\Scaffold\ScaffoldDeployEngine"" , instance ""{ae7ef8e9-2025-4898-881d-6792cb6ff362}"" , action ""powershell.exe"" with return code 0."
"7/8/2026 10:46:41 PM","200","Information","Microsoft-Windows-TaskScheduler","Task Scheduler launched action ""powershell.exe"" in instance ""{ae7ef8e9-2025-4898-881d-6792cb6ff362}"" of task ""\Scaffold\ScaffoldDeployEngine""."
"7/8/2026 10:46:41 PM","100","Information","Microsoft-Windows-TaskScheduler","Task Scheduler started ""{ae7ef8e9-2025-4898-881d-6792cb6ff362}"" instance of the ""\Scaffold\ScaffoldDeployEngine"" task for user ""NT AUTHORITY\SYSTEM""."
"7/8/2026 10:46:41 PM","129","Information","Microsoft-Windows-TaskScheduler","Task Scheduler launch task ""\Scaffold\ScaffoldDeployEngine"" , instance ""powershell.exe""  with process ID 3004."
"7/8/2026 10:46:41 PM","107","Information","Microsoft-Windows-TaskScheduler","Task Scheduler launched ""{ae7ef8e9-2025-4898-881d-6792cb6ff362}""  instance of task ""\Scaffold\ScaffoldDeployEngine"" due to a time trigger condition."
"7/8/2026 10:46:13 PM","140","Information","Microsoft-Windows-TaskScheduler","User ""SCAFFOLD\DC$""  updated Task Scheduler task ""\Microsoft\Windows\SoftwareProtectionPlatform\SvcRestartTask"""
"7/8/2026 10:45:41 PM","102","Information","Microsoft-Windows-TaskScheduler","Task Scheduler successfully finished ""{9aafd8f8-e4b3-4b89-a47c-b219890a799f}"" instance of the ""\Microsoft\Windows\UpdateOrchestrator\USO_UxBroker"" task for user ""NT AUTHORITY\SYSTEM""."
"7/8/2026 10:45:41 PM","201","Information","Microsoft-Windows-TaskScheduler","Task Scheduler successfully completed task ""\Microsoft\Windows\UpdateOrchestrator\USO_UxBroker"" , instance ""{9aafd8f8-e4b3-4b89-a47c-b219890a799f}"" , action ""%systemroot%\system32\MusNotification.exe"" with return code 0."
"7/8/2026 10:45:41 PM","140","Information","Microsoft-Windows-TaskScheduler","User ""S-1-5-18""  updated Task Scheduler task ""\Microsoft\Windows\UpdateOrchestrator\MusUx_UpdateInterval"""
"7/8/2026 10:45:41 PM","140","Information","Microsoft-Windows-TaskScheduler","User ""S-1-5-18""  updated Task Scheduler task ""\Microsoft\Windows\UpdateOrchestrator\Reboot_AC"""
"7/8/2026 10:45:41 PM","140","Information","Microsoft-Windows-TaskScheduler","User ""S-1-5-18""  updated Task Scheduler task ""\Microsoft\Windows\UpdateOrchestrator\Reboot_AC"""
"7/8/2026 10:45:41 PM","200","Information","Microsoft-Windows-TaskScheduler","Task Scheduler launched action ""%systemroot%\system32\MusNotification.exe"" in instance ""{9aafd8f8-e4b3-4b89-a47c-b219890a799f}"" of task ""\Microsoft\Windows\UpdateOrchestrator\USO_UxBroker""."
"7/8/2026 10:45:41 PM","100","Information","Microsoft-Windows-TaskScheduler","Task Scheduler started ""{9aafd8f8-e4b3-4b89-a47c-b219890a799f}"" instance of the ""\Microsoft\Windows\UpdateOrchestrator\USO_UxBroker"" task for user ""NT AUTHORITY\SYSTEM""."
"7/8/2026 10:45:41 PM","129","Information","Microsoft-Windows-TaskScheduler","Task Scheduler launch task ""\Microsoft\Windows\UpdateOrchestrator\USO_UxBroker"" , instance ""%systemroot%\system32\MusNotification.exe""  with process ID 5936."
"7/8/2026 10:45:41 PM","102","Information","Microsoft-Windows-TaskScheduler","Task Scheduler successfully finished ""{7486b357-be35-4ed1-bba6-5773659056d6}"" instance of the ""\Microsoft\Windows\UpdateOrchestrator\USO_UxBroker"" task for user ""NT AUTHORITY\SYSTEM""."
"7/8/2026 10:45:41 PM","201","Information","Microsoft-Windows-TaskScheduler","Task Scheduler successfully completed task ""\Microsoft\Windows\UpdateOrchestrator\USO_UxBroker"" , instance ""{7486b357-be35-4ed1-bba6-5773659056d6}"" , action ""%systemroot%\system32\MusNotification.exe"" with return code 0."
"7/8/2026 10:45:41 PM","324","Warning","Microsoft-Windows-TaskScheduler","Task Scheduler queued instance ""{9aafd8f8-e4b3-4b89-a47c-b219890a799f}""  of task ""\Microsoft\Windows\UpdateOrchestrator\USO_UxBroker""  and will launch it as soon as instance ""{7486b357-be35-4ed1-bba6-5773659056d6}""  completes."
"7/8/2026 10:45:40 PM","140","Information","Microsoft-Windows-TaskScheduler","User ""S-1-5-18""  updated Task Scheduler task ""\Microsoft\Windows\UpdateOrchestrator\MusUx_UpdateInterval"""
"7/8/2026 10:45:40 PM","140","Information","Microsoft-Windows-TaskScheduler","User ""S-1-5-18""  updated Task Scheduler task ""\Microsoft\Windows\UpdateOrchestrator\Reboot_AC"""
"7/8/2026 10:45:40 PM","140","Information","Microsoft-Windows-TaskScheduler","User ""S-1-5-18""  updated Task Scheduler task ""\Microsoft\Windows\UpdateOrchestrator\Reboot_AC"""
"7/8/2026 10:45:40 PM","200","Information","Microsoft-Windows-TaskScheduler","Task Scheduler launched action ""%systemroot%\system32\MusNotification.exe"" in instance ""{7486b357-be35-4ed1-bba6-5773659056d6}"" of task ""\Microsoft\Windows\UpdateOrchestrator\USO_UxBroker""."
"7/8/2026 10:45:40 PM","100","Information","Microsoft-Windows-TaskScheduler","Task Scheduler started ""{7486b357-be35-4ed1-bba6-5773659056d6}"" instance of the ""\Microsoft\Windows\UpdateOrchestrator\USO_UxBroker"" task for user ""NT AUTHORITY\SYSTEM""."
"7/8/2026 10:45:40 PM","129","Information","Microsoft-Windows-TaskScheduler","Task Scheduler launch task ""\Microsoft\Windows\UpdateOrchestrator\USO_UxBroker"" , instance ""%systemroot%\system32\MusNotification.exe""  with process ID 5820."
"7/8/2026 10:45:39 PM","102","Information","Microsoft-Windows-TaskScheduler","Task Scheduler successfully finished ""{ff017ad4-4337-4503-94dc-a2c92a9d676e}"" instance of the ""\Microsoft\Windows\UpdateOrchestrator\USO_UxBroker"" task for user ""NT AUTHORITY\SYSTEM""."
"7/8/2026 10:45:39 PM","201","Information","Microsoft-Windows-TaskScheduler","Task Scheduler successfully completed task ""\Microsoft\Windows\UpdateOrchestrator\USO_UxBroker"" , instance ""{ff017ad4-4337-4503-94dc-a2c92a9d676e}"" , action ""%systemroot%\system32\MusNotification.exe"" with return code 0."
"7/8/2026 10:45:39 PM","140","Information","Microsoft-Windows-TaskScheduler","User ""S-1-5-18""  updated Task Scheduler task ""\Microsoft\Windows\UpdateOrchestrator\MusUx_UpdateInterval"""
"7/8/2026 10:45:39 PM","140","Information","Microsoft-Windows-TaskScheduler","User ""S-1-5-18""  updated Task Scheduler task ""\Microsoft\Windows\UpdateOrchestrator\Reboot_AC"""
"7/8/2026 10:45:39 PM","140","Information","Microsoft-Windows-TaskScheduler","User ""S-1-5-18""  updated Task Scheduler task ""\Microsoft\Windows\UpdateOrchestrator\Reboot_AC"""
"7/8/2026 10:45:39 PM","140","Information","Microsoft-Windows-TaskScheduler","User ""SCAFFOLD\DC$""  updated Task Scheduler task ""\Microsoft\Windows\SoftwareProtectionPlatform\SvcRestartTask"""
"7/8/2026 10:45:39 PM","200","Information","Microsoft-Windows-TaskScheduler","Task Scheduler launched action ""%systemroot%\system32\MusNotification.exe"" in instance ""{ff017ad4-4337-4503-94dc-a2c92a9d676e}"" of task ""\Microsoft\Windows\UpdateOrchestrator\USO_UxBroker""."
"7/8/2026 10:45:39 PM","100","Information","Microsoft-Windows-TaskScheduler","Task Scheduler started ""{ff017ad4-4337-4503-94dc-a2c92a9d676e}"" instance of the ""\Microsoft\Windows\UpdateOrchestrator\USO_UxBroker"" task for user ""NT AUTHORITY\SYSTEM""."
"7/8/2026 10:45:39 PM","129","Information","Microsoft-Windows-TaskScheduler","Task Scheduler launch task ""\Microsoft\Windows\UpdateOrchestrator\USO_UxBroker"" , instance ""%systemroot%\system32\MusNotification.exe""  with process ID 7144."
"7/8/2026 10:45:34 PM","102","Information","Microsoft-Windows-TaskScheduler","Task Scheduler successfully finished ""{d1c0abc8-f4b6-41f9-8cb5-fb6bf1d8cb69}"" instance of the ""\Microsoft\Windows\UpdateOrchestrator\USO_UxBroker"" task for user ""NT AUTHORITY\SYSTEM""."
"7/8/2026 10:45:34 PM","201","Information","Microsoft-Windows-TaskScheduler","Task Scheduler successfully completed task ""\Microsoft\Windows\UpdateOrchestrator\USO_UxBroker"" , instance ""{d1c0abc8-f4b6-41f9-8cb5-fb6bf1d8cb69}"" , action ""%systemroot%\system32\MusNotification.exe"" with return code 0."
"7/8/2026 10:45:34 PM","140","Information","Microsoft-Windows-TaskScheduler","User ""S-1-5-18""  updated Task Scheduler task ""\Microsoft\Windows\UpdateOrchestrator\MusUx_UpdateInterval"""
"7/8/2026 10:45:34 PM","140","Information","Microsoft-Windows-TaskScheduler","User ""S-1-5-18""  updated Task Scheduler task ""\Microsoft\Windows\UpdateOrchestrator\Reboot_AC"""
"7/8/2026 10:45:34 PM","140","Information","Microsoft-Windows-TaskScheduler","User ""S-1-5-18""  updated Task Scheduler task ""\Microsoft\Windows\UpdateOrchestrator\Reboot_AC"""
"7/8/2026 10:45:34 PM","200","Information","Microsoft-Windows-TaskScheduler","Task Scheduler launched action ""%systemroot%\system32\MusNotification.exe"" in instance ""{d1c0abc8-f4b6-41f9-8cb5-fb6bf1d8cb69}"" of task ""\Microsoft\Windows\UpdateOrchestrator\USO_UxBroker""."
"7/8/2026 10:45:34 PM","100","Information","Microsoft-Windows-TaskScheduler","Task Scheduler started ""{d1c0abc8-f4b6-41f9-8cb5-fb6bf1d8cb69}"" instance of the ""\Microsoft\Windows\UpdateOrchestrator\USO_UxBroker"" task for user ""NT AUTHORITY\SYSTEM""."
"7/8/2026 10:45:34 PM","129","Information","Microsoft-Windows-TaskScheduler","Task Scheduler launch task ""\Microsoft\Windows\UpdateOrchestrator\USO_UxBroker"" , instance ""%systemroot%\system32\MusNotification.exe""  with process ID 4688."
"7/8/2026 10:45:24 PM","102","Information","Microsoft-Windows-TaskScheduler","Task Scheduler successfully finished ""{f2fe7a8d-ec33-4de0-bbb4-229ce0b0a1df}"" instance of the ""\Microsoft\Windows\UpdateOrchestrator\USO_UxBroker"" task for user ""NT AUTHORITY\SYSTEM""."
"7/8/2026 10:45:24 PM","201","Information","Microsoft-Windows-TaskScheduler","Task Scheduler successfully completed task ""\Microsoft\Windows\UpdateOrchestrator\USO_UxBroker"" , instance ""{f2fe7a8d-ec33-4de0-bbb4-229ce0b0a1df}"" , action ""%systemroot%\system32\MusNotification.exe"" with return code 0."
"7/8/2026 10:45:23 PM","140","Information","Microsoft-Windows-TaskScheduler","User ""S-1-5-18""  updated Task Scheduler task ""\Microsoft\Windows\UpdateOrchestrator\MusUx_UpdateInterval"""
"7/8/2026 10:45:23 PM","106","Information","Microsoft-Windows-TaskScheduler","User ""S-1-5-18""  registered Task Scheduler task ""\Microsoft\Windows\UpdateOrchestrator\MusUx_UpdateInterval"""
"7/8/2026 10:45:23 PM","140","Information","Microsoft-Windows-TaskScheduler","User ""S-1-5-18""  updated Task Scheduler task ""\Microsoft\Windows\UpdateOrchestrator\Reboot_AC"""
"7/8/2026 10:45:23 PM","200","Information","Microsoft-Windows-TaskScheduler","Task Scheduler launched action ""%systemroot%\system32\MusNotification.exe"" in instance ""{f2fe7a8d-ec33-4de0-bbb4-229ce0b0a1df}"" of task ""\Microsoft\Windows\UpdateOrchestrator\USO_UxBroker""."
"7/8/2026 10:45:23 PM","100","Information","Microsoft-Windows-TaskScheduler","Task Scheduler started ""{f2fe7a8d-ec33-4de0-bbb4-229ce0b0a1df}"" instance of the ""\Microsoft\Windows\UpdateOrchestrator\USO_UxBroker"" task for user ""NT AUTHORITY\SYSTEM""."
"7/8/2026 10:45:23 PM","129","Information","Microsoft-Windows-TaskScheduler","Task Scheduler launch task ""\Microsoft\Windows\UpdateOrchestrator\USO_UxBroker"" , instance ""%systemroot%\system32\MusNotification.exe""  with process ID 6764."
"7/8/2026 10:45:09 PM","102","Information","Microsoft-Windows-TaskScheduler","Task Scheduler successfully finished ""{0344c6ff-cf63-4117-bc7b-28488f2f93f1}"" instance of the ""\Microsoft\Windows\Flighting\OneSettings\RefreshCache"" task for user ""NT AUTHORITY\SYSTEM""."
"7/8/2026 10:45:09 PM","201","Information","Microsoft-Windows-TaskScheduler","Task Scheduler successfully completed task ""\Microsoft\Windows\Flighting\OneSettings\RefreshCache"" , instance ""{0344c6ff-cf63-4117-bc7b-28488f2f93f1}"" , action ""OneSettings Refresh Cache Task Handler"" with return code 0."
"7/8/2026 10:45:09 PM","140","Information","Microsoft-Windows-TaskScheduler","User ""SCAFFOLD\DC$""  updated Task Scheduler task ""\Microsoft\Windows\Flighting\OneSettings\RefreshCache"""
"7/8/2026 10:44:51 PM","102","Information","Microsoft-Windows-TaskScheduler","Task Scheduler successfully finished ""{7210490d-87be-4e19-8b1e-5c21aef504fe}"" instance of the ""\Microsoft\Windows\Device Information\Device"" task for user ""NT AUTHORITY\SYSTEM""."
"7/8/2026 10:44:51 PM","201","Information","Microsoft-Windows-TaskScheduler","Task Scheduler successfully completed task ""\Microsoft\Windows\Device Information\Device"" , instance ""{7210490d-87be-4e19-8b1e-5c21aef504fe}"" , action ""%windir%\system32\devicecensus.exe"" with return code 0."
"7/8/2026 10:44:51 PM","140","Information","Microsoft-Windows-TaskScheduler","User ""SCAFFOLD\DC$""  updated Task Scheduler task ""\Microsoft\Windows\Device Information\Device"""
"7/8/2026 10:44:51 PM","140","Information","Microsoft-Windows-TaskScheduler","User ""SCAFFOLD\DC$""  updated Task Scheduler task ""\Microsoft\Windows\Device Information\Device"""
"7/8/2026 10:44:47 PM","140","Information","Microsoft-Windows-TaskScheduler","User ""SCAFFOLD\DC$""  updated Task Scheduler task ""\Microsoft\Windows\UpdateOrchestrator\Schedule Scan"""
"7/8/2026 10:44:47 PM","140","Information","Microsoft-Windows-TaskScheduler","User ""S-1-5-18""  updated Task Scheduler task ""\Microsoft\Windows\UpdateOrchestrator\Schedule Scan"""
"7/8/2026 10:44:47 PM","322","Warning","Microsoft-Windows-TaskScheduler","Task Scheduler did not launch task ""\Microsoft\Windows\Flighting\OneSettings\RefreshCache""  because instance ""{0344c6ff-cf63-4117-bc7b-28488f2f93f1}""  of the same task is already running."
"7/8/2026 10:44:46 PM","102","Information","Microsoft-Windows-TaskScheduler","Task Scheduler successfully finished ""{3e9ae12a-3393-4c6c-8c28-d8a2e4bac816}"" instance of the ""\Microsoft\Windows\Application Experience\Microsoft Compatibility Appraiser"" task for user ""NT AUTHORITY\SYSTEM""."
"7/8/2026 10:44:46 PM","201","Information","Microsoft-Windows-TaskScheduler","Task Scheduler successfully completed task ""\Microsoft\Windows\Application Experience\Microsoft Compatibility Appraiser"" , instance ""{3e9ae12a-3393-4c6c-8c28-d8a2e4bac816}"" , action ""%windir%\system32\compattelrunner.exe"" with return code 0."
"7/8/2026 10:44:45 PM","102","Information","Microsoft-Windows-TaskScheduler","Task Scheduler successfully finished ""{6a7d97c0-7ca7-4db9-8519-78984f26fd7f}"" instance of the ""\Microsoft\Windows\Application Experience\PcaPatchDbTask"" task for user ""NT AUTHORITY\SYSTEM""."
"7/8/2026 10:44:45 PM","201","Information","Microsoft-Windows-TaskScheduler","Task Scheduler successfully completed task ""\Microsoft\Windows\Application Experience\PcaPatchDbTask"" , instance ""{6a7d97c0-7ca7-4db9-8519-78984f26fd7f}"" , action ""%windir%\system32\rundll32.exe"" with return code 0."
"7/8/2026 10:44:45 PM","102","Information","Microsoft-Windows-TaskScheduler","Task Scheduler successfully finished ""{c288bad8-f83b-4889-bd4c-6a11e1ad5f13}"" instance of the ""\Microsoft\Windows\UpdateOrchestrator\USO_UxBroker"" task for user ""NT AUTHORITY\SYSTEM""."
"7/8/2026 10:44:45 PM","201","Information","Microsoft-Windows-TaskScheduler","Task Scheduler successfully completed task ""\Microsoft\Windows\UpdateOrchestrator\USO_UxBroker"" , instance ""{c288bad8-f83b-4889-bd4c-6a11e1ad5f13}"" , action ""%systemroot%\system32\MusNotification.exe"" with return code 0."
"7/8/2026 10:44:44 PM","140","Information","Microsoft-Windows-TaskScheduler","User ""S-1-5-18""  updated Task Scheduler task ""\Microsoft\Windows\Application Experience\Microsoft Compatibility Appraiser"""
"7/8/2026 10:44:44 PM","102","Information","Microsoft-Windows-TaskScheduler","Task Scheduler successfully finished ""{0657d582-3291-4014-bb68-0c711c7aba18}"" instance of the ""\Microsoft\Windows\UpdateOrchestrator\Schedule Scan"" task for user ""NT AUTHORITY\SYSTEM""."
"7/8/2026 10:44:44 PM","201","Information","Microsoft-Windows-TaskScheduler","Task Scheduler successfully completed task ""\Microsoft\Windows\UpdateOrchestrator\Schedule Scan"" , instance ""{0657d582-3291-4014-bb68-0c711c7aba18}"" , action ""%systemroot%\system32\usoclient.exe"" with return code 0."
"7/8/2026 10:44:44 PM","102","Information","Microsoft-Windows-TaskScheduler","Task Scheduler successfully finished ""{1a43b7d3-23f0-47a4-8503-bdeffbab5372}"" instance of the ""\Microsoft\Windows\WindowsUpdate\Scheduled Start"" task for user ""NT AUTHORITY\SYSTEM""."
"7/8/2026 10:44:44 PM","201","Information","Microsoft-Windows-TaskScheduler","Task Scheduler successfully completed task ""\Microsoft\Windows\WindowsUpdate\Scheduled Start"" , instance ""{1a43b7d3-23f0-47a4-8503-bdeffbab5372}"" , action ""C:\Windows\system32\sc.exe"" with return code 2147943456."
"7/8/2026 10:44:44 PM","102","Information","Microsoft-Windows-TaskScheduler","Task Scheduler successfully finished ""{4fa3e747-1174-4de7-8df6-9c254a9f974c}"" instance of the ""\Microsoft\Windows\Data Integrity Scan\Data Integrity Check And Scan"" task for user ""NT AUTHORITY\SYSTEM""."
"7/8/2026 10:44:44 PM","201","Information","Microsoft-Windows-TaskScheduler","Task Scheduler successfully completed task ""\Microsoft\Windows\Data Integrity Scan\Data Integrity Check And Scan"" , instance ""{4fa3e747-1174-4de7-8df6-9c254a9f974c}"" , action ""Data Integrity Scan"" with return code 0."
"7/8/2026 10:44:44 PM","140","Information","Microsoft-Windows-TaskScheduler","User ""SCAFFOLD\DC$""  updated Task Scheduler task ""\Microsoft\Windows\Data Integrity Scan\Data Integrity Check And Scan"""
"7/8/2026 10:44:44 PM","140","Information","Microsoft-Windows-TaskScheduler","User ""SCAFFOLD\DC$""  updated Task Scheduler task ""\Microsoft\Windows\Data Integrity Scan\Data Integrity Check And Scan"""
"7/8/2026 10:44:43 PM","102","Information","Microsoft-Windows-TaskScheduler","Task Scheduler successfully finished ""{062233b1-ef1f-461c-ba30-2fff9bb913d6}"" instance of the ""\Microsoft\Windows\Windows Error Reporting\QueueReporting"" task for user ""NT AUTHORITY\SYSTEM""."
"7/8/2026 10:44:43 PM","201","Information","Microsoft-Windows-TaskScheduler","Task Scheduler successfully completed task ""\Microsoft\Windows\Windows Error Reporting\QueueReporting"" , instance ""{062233b1-ef1f-461c-ba30-2fff9bb913d6}"" , action ""%windir%\system32\wermgr.exe"" with return code 0."
"7/8/2026 10:44:43 PM","102","Information","Microsoft-Windows-TaskScheduler","Task Scheduler successfully finished ""{2394257c-9293-4d83-a810-6c518619de94}"" instance of the ""\Microsoft\Windows\Customer Experience Improvement Program\Consolidator"" task for user ""NT AUTHORITY\SYSTEM""."
"7/8/2026 10:44:43 PM","201","Information","Microsoft-Windows-TaskScheduler","Task Scheduler successfully completed task ""\Microsoft\Windows\Customer Experience Improvement Program\Consolidator"" , instance ""{2394257c-9293-4d83-a810-6c518619de94}"" , action ""%SystemRoot%\System32\wsqmcons.exe"" with return code 0."
"7/8/2026 10:44:43 PM","200","Information","Microsoft-Windows-TaskScheduler","Task Scheduler launched action ""%systemroot%\system32\usoclient.exe"" in instance ""{0657d582-3291-4014-bb68-0c711c7aba18}"" of task ""\Microsoft\Windows\UpdateOrchestrator\Schedule Scan""."
"7/8/2026 10:44:43 PM","100","Information","Microsoft-Windows-TaskScheduler","Task Scheduler started ""{0657d582-3291-4014-bb68-0c711c7aba18}"" instance of the ""\Microsoft\Windows\UpdateOrchestrator\Schedule Scan"" task for user ""NT AUTHORITY\SYSTEM""."
"7/8/2026 10:44:43 PM","129","Information","Microsoft-Windows-TaskScheduler","Task Scheduler launch task ""\Microsoft\Windows\UpdateOrchestrator\Schedule Scan"" , instance ""%systemroot%\system32\usoclient.exe""  with process ID 1104."
"7/8/2026 10:44:43 PM","200","Information","Microsoft-Windows-TaskScheduler","Task Scheduler launched action ""%windir%\system32\rundll32.exe"" in instance ""{6a7d97c0-7ca7-4db9-8519-78984f26fd7f}"" of task ""\Microsoft\Windows\Application Experience\PcaPatchDbTask""."
"7/8/2026 10:44:43 PM","100","Information","Microsoft-Windows-TaskScheduler","Task Scheduler started ""{6a7d97c0-7ca7-4db9-8519-78984f26fd7f}"" instance of the ""\Microsoft\Windows\Application Experience\PcaPatchDbTask"" task for user ""NT AUTHORITY\SYSTEM""."
"7/8/2026 10:44:43 PM","200","Information","Microsoft-Windows-TaskScheduler","Task Scheduler launched action ""C:\Windows\system32\sc.exe"" in instance ""{1a43b7d3-23f0-47a4-8503-bdeffbab5372}"" of task ""\Microsoft\Windows\WindowsUpdate\Scheduled Start""."
