"6/2/2026 7:11:06 AM","1003","Information","Microsoft-Windows-Security-SPP","The Software Protection service has completed licensing status check.
Application Id=55c92734-d682-4d71-983e-d6ec3f16059f
Licensing Status=
1: c1a197b6-ba5e-4394-b9bf-b659a6c1b873, 1, 1 [(0 [0xC004E003, 0, 0], [( 2 0xC004F00F 0 0 msft:rm/algorithm/hwid/4.0 0x00000000 0)( 1 0x00000000)(?)( 2 0xC004F00F 0 0 msft:rm/algorithm/hwid/4.0 0x00000000 0)(?)(?)( 10 0x00000000 msft:rm/algorithm/flags/1.0)(?)])(1 )(2 )(3 [0x00000000, 0, 0], [( 6 0xC004F009 10 0)( 1 0x00000000)( 6 0xC004F009 10 0)(?)(?)(?)( 10 0x00000000 msft:rm/algorithm/flags/1.0)( 11 0x00000000 0xC004F00F)])]

"
"6/2/2026 7:11:06 AM","1014","Error","Microsoft-Windows-Security-SPP","Acquisition of End User License failed. hr=0x80072EE7
Sku Id=c1a197b6-ba5e-4394-b9bf-b659a6c1b873"
"6/2/2026 7:11:06 AM","8200","Error","Microsoft-Windows-Security-SPP","License acquisition failure details. 
hr=0x80072EE7"
"6/2/2026 7:10:46 AM","6000","Information","Microsoft-Windows-Winlogon","The winlogon notification subscriber <SessionEnv> was unavailable to handle a notification event."
"6/2/2026 7:10:46 AM","6003","Information","Microsoft-Windows-Winlogon","The winlogon notification subscriber <SessionEnv> was unavailable to handle a critical notification event."
"6/2/2026 7:10:01 AM","256","Information","WDSServer","The Windows Deployment Services server started successfully. 
"
"6/2/2026 7:10:01 AM","517","Information","WDSServer","Provider WDSPXE loaded from C:\Windows\system32\wdspxe.dll and initialized successfully."
"6/2/2026 7:10:01 AM","777","Information","WDSPXE","Rogue detection has been disabled for this server. The Windows Deployment  Services server is authorized as a valid DHCP/PXE server and will process incoming client requests."
"6/2/2026 7:10:01 AM","262","Information","WDSPXE","Provider WDSDCPXE was loaded from C:\Windows\system32\wdsdcpxe.dll and initialized successfully."
"6/2/2026 7:10:01 AM","1305","Information","BINLSVC","Combined BCD file x64uefi{A0B2C957-F981-4AE0-94FD-85F6834A5039}.bcd generated successfully for the x64uefi architecture."
"6/2/2026 7:10:01 AM","1305","Information","BINLSVC","Combined BCD file x86uefi{3E89A62E-28DA-45F1-944F-03D9CCB5D18A}.bcd generated successfully for the x86uefi architecture."
"6/2/2026 7:10:01 AM","1305","Information","BINLSVC","Combined BCD file arm{70EC7C41-7751-4016-8E90-0AE6912922A0}.bcd generated successfully for the arm architecture."
"6/2/2026 7:10:01 AM","1305","Information","BINLSVC","Combined BCD file x86x64{09D11322-6EBF-4F8A-86FA-D2ABE9844F91}.bcd generated successfully for the x86x64 architecture."
"6/2/2026 7:10:01 AM","1305","Information","BINLSVC","Combined BCD file arm64{EC094756-2A37-4D46-B8A7-9FFE908E3FBB}.bcd generated successfully for the arm64 architecture."
"6/2/2026 7:10:01 AM","1305","Information","BINLSVC","Combined BCD file x64{23921DA2-5493-4B16-8BCF-F44B5F6BB4C1}.bcd generated successfully for the x64 architecture."
"6/2/2026 7:10:01 AM","1305","Information","BINLSVC","Combined BCD file x86{24CEF3B3-4FF8-4416-A144-63143926E3A7}.bcd generated successfully for the x86 architecture."
"6/2/2026 7:10:01 AM","326","Information","ESENT","svchost (792,D,50) AAP: The database engine attached a database (5, C:\RemoteInstall\Mgmt\binlsvcdb.mdb). (Time=0 seconds) 
 
Saved Cache: 1 0 
Additional Data: lgposAttach = 00000001:008A:0268,
dbv = 1568.180.400 (9360) 
 
Internal Timing Sequence: 
[1] 0.000002 +J(0)
[2] 0.000175 -0.000051 (1) WT +J(0) +M(C:0K, Fs:24, WS:32K # 0K, PF:32K # 0K, P:32K)
[3] 0.001328 -0.000433 (6) WT +J(CM:0, PgRf:0, Rd:0/0, Dy:0/0, Lg:3480/2) +M(C:0K, Fs:13, WS:20K # 0K, PF:20K # 0K, P:20K)
[4] 0.000044 +J(0)
[5] -
[6] -
[7] -
[8] 0.000119 +J(CM:0, PgRf:2, Rd:14/0, Dy:0/0, Lg:54/1) +M(C:120K, Fs:71, WS:284K # 0K, PF:140K # 0K, P:140K)
[9] 0.001349 -0.001209 (2) CM -0.001143 (2) WT +J(CM:2, PgRf:16, Rd:0/1, Dy:0/0, Lg:0/0) +M(C:-56K, Fs:6, WS:-56K # 0K, PF:-56K # 0K, P:-56K)
[10] 0.000331 -0.000251 (1) CM -0.000212 (1) WT +J(CM:1, PgRf:35, Rd:0/1, Dy:0/0, Lg:0/0) +M(C:-28K, Fs:0, WS:-28K # 0K, PF:-28K # 0K, P:-28K)
[11] 0.000007 +J(CM:0, PgRf:1, Rd:0/0, Dy:0/0, Lg:0/0)
[12] 0.000014 +J(CM:0, PgRf:42, Rd:0/0, Dy:0/0, Lg:0/0)
[13] 0.0 +J(0)
[14] 0.0 +J(0)
[15] 0.000001 +J(CM:0, PgRf:1, Rd:0/0, Dy:0/0, Lg:0/0)."
"6/2/2026 7:10:01 AM","105","Information","ESENT","svchost (792,D,0) AAP: The database engine started a new instance (2). (Time=0 seconds) 
 
Additional Data:
 lgposV2[] = 00000001:0001:0000 - 00000001:0087:02FB - 00000001:0088:0000 - 00000001:0088:0000 (00000000:0000:0000)
cReInits = 34
 
 
Internal Timing Sequence: 
[1] -
[2] -
[3] 0.000197 +J(0) +M(C:0K, Fs:3, WS:12K # 0K, PF:0K # 0K, P:0K)
[4] 0.000066 +J(0) +M(C:0K, Fs:9, WS:32K # 0K, PF:144K # 0K, P:144K)
[5] 0.000296 +J(0) +M(C:0K, Fs:5, WS:20K # 0K, PF:4K # 0K, P:4K)
[6] 0.000758 +J(0) +M(C:0K, Fs:1, WS:4K # 0K, PF:12K # 0K, P:12K)
[7] 0.005066 -0.003081 (11) WT +J(0) +M(C:0K, Fs:1282, WS:5120K # 1892K, PF:5128K # 1040K, P:5128K)
[8] 0.013517 -0.005621 (52) WT +J(CM:0, PgRf:0, Rd:0/0, Dy:0/0, Lg:547494/1161) +M(C:0K, Fs:868, WS:196K # 240K, PF:72K # 112K, P:72K)
[9] 0.000267 +J(0)
[10] 0.002294 -0.001130 (10) WT +J(0) +M(C:0K, Fs:0, WS:-5116K # 0K, PF:-5120K # 0K, P:-5120K)
[11] 0.000011 +J(CM:0, PgRf:0, Rd:0/0, Dy:0/0, Lg:49/1) +M(C:0K, Fs:1, WS:4K # 0K, PF:0K # 0K, P:0K)
[12] 0.000025 +J(0)
[13] 0.009621 -0.000587 (2) CM -0.003804 (30) WT +J(CM:2, PgRf:2, Rd:0/2, Dy:0/0, Lg:8759/5) +M(C:-56K, Fs:1325, WS:-48K # 0K, PF:-120K # 0K, P:-120K)
[14] 0.000008 +J(0)
[15] 0.000009 +J(0)
[16] 0.000180 -0.000093 (1) WT +J(0) +M(C:0K, Fs:2, WS:0K # 0K, PF:0K # 0K, P:0K)."
"6/2/2026 7:10:01 AM","302","Information","ESENT","svchost (792,U,98) AAP: The database engine has successfully completed recovery steps."
"6/2/2026 7:10:01 AM","301","Information","ESENT","svchost (792,R,98) AAP: The database engine has finished replaying logfile C:\RemoteInstall\Mgmt\AAP.log. 
 
Processing Stats: 
[1] 0.012253 -0.005086 (49) WT +J(CM:0, PgRf:0, Rd:0/0, Dy:0/0, Lg:547494/1161) +M(C:0K, Fs:831, WS:56K # 100K, PF:60K # 96K, P:60K). 
Log record of type 'Insert   ' was seen most frequently (326 times)"
"6/2/2026 7:10:01 AM","335","Information","ESENT","svchost (792,R,98) AAP: Replay of a Create for database ""C:\RemoteInstall\Mgmt\binlsvcdb.mdb"" at log position (00000001,0001,0268) was deferred due to AttachFuture.  Additional information:  "
"6/2/2026 7:10:01 AM","300","Information","ESENT","svchost (792,R,98) AAP: The database engine is initiating recovery steps."
"6/2/2026 7:10:01 AM","102","Information","ESENT","svchost (792,P,98) AAP: The database engine (10.00.20348.0000) is starting a new instance (2)."
"6/2/2026 7:10:01 AM","517","Information","WDSServer","Provider WdsImgSrv loaded from C:\Windows\system32\WdsImgSrv.dll and initialized successfully."
"6/2/2026 7:10:01 AM","256","Information","WDSIMGSRV","The Windows Deployment Services image server initialized successfully. 
"
"6/2/2026 7:09:58 AM","3408","Information","MSSQL$SQLEXPRESS","Recovery is complete. This is an informational message only. No user action is required."
"6/2/2026 7:09:58 AM","9688","Information","MSSQL$SQLEXPRESS","Service Broker manager has started."
"6/2/2026 7:09:58 AM","9666","Information","MSSQL$SQLEXPRESS","The Database Mirroring endpoint is in disabled or stopped state."
"6/2/2026 7:09:58 AM","9666","Information","MSSQL$SQLEXPRESS","The Service Broker endpoint is in disabled or stopped state."
"6/2/2026 7:09:57 AM","26067","Information","MSSQL$SQLEXPRESS","The SQL Server Network Interface library could not register the Service Principal Name (SPN) [ MSSQLSvc/dc.scaffold.htb:52951 ] for the SQL Server service. Windows return code: 0x2098, state: 15. Failure to register a SPN might cause integrated authentication to use NTLM instead of Kerberos. This is an informational message. Further action is only required if Kerberos authentication is required by authentication policies and if the SPN has not been manually registered."
"6/2/2026 7:09:57 AM","26067","Information","MSSQL$SQLEXPRESS","The SQL Server Network Interface library could not register the Service Principal Name (SPN) [ MSSQLSvc/dc.scaffold.htb:SQLEXPRESS ] for the SQL Server service. Windows return code: 0x2098, state: 15. Failure to register a SPN might cause integrated authentication to use NTLM instead of Kerberos. This is an informational message. Further action is only required if Kerberos authentication is required by authentication policies and if the SPN has not been manually registered."
"6/2/2026 7:09:57 AM","17126","Information","MSSQL$SQLEXPRESS","SQL Server is now ready for client connections. This is an informational message; no user action is required."
"6/2/2026 7:09:57 AM","26076","Information","MSSQL$SQLEXPRESS","SQL Server is attempting to register a Service Principal Name (SPN) for the SQL Server service. Kerberos authentication will not be possible until a SPN is registered for the SQL Server service. This is an informational message. No user action is required."
"6/2/2026 7:09:57 AM","17199","Information","MSSQL$SQLEXPRESS","Dedicated administrator connection support was not started because it is disabled on this edition of SQL Server. If you want to use a dedicated administrator connection, restart SQL Server using the trace flag 7806. This is an informational message only. No user action is required."
"6/2/2026 7:09:57 AM","26048","Information","MSSQL$SQLEXPRESS","Server local connection provider is ready to accept connection on [ \\.\pipe\MSSQL$SQLEXPRESS\sql\query ]."
"6/2/2026 7:09:57 AM","26048","Information","MSSQL$SQLEXPRESS","Server local connection provider is ready to accept connection on [ \\.\pipe\SQLLocal\SQLEXPRESS ]."
"6/2/2026 7:09:57 AM","26022","Information","MSSQL$SQLEXPRESS","Server is listening on [ 'any' <ipv4> 52951]."
"6/2/2026 7:09:57 AM","26022","Information","MSSQL$SQLEXPRESS","Server is listening on [ 'any' <ipv6> 52951]."
"6/2/2026 7:09:57 AM","26018","Information","MSSQL$SQLEXPRESS","A self-generated certificate was successfully loaded for encryption."
"6/2/2026 7:09:57 AM","17137","Information","MSSQL$SQLEXPRESS","Starting up database 'tempdb'."
"6/2/2026 7:09:57 AM","17136","Information","MSSQL$SQLEXPRESS","Clearing tempdb database."
"6/2/2026 7:09:57 AM","17137","Information","MSSQL$SQLEXPRESS","Starting up database 'model'."
"6/2/2026 7:09:57 AM","958","Information","MSSQL$SQLEXPRESS","The resource database build version is 15.00.2000. This is an informational message only. No user action is required."
"6/2/2026 7:09:57 AM","17137","Information","MSSQL$SQLEXPRESS","Starting up database 'mssqlsystemresource'."
"6/2/2026 7:09:57 AM","17137","Information","MSSQL$SQLEXPRESS","Starting up database 'msdb'."
"6/2/2026 7:09:57 AM","17663","Information","MSSQL$SQLEXPRESS","Server name is 'DC\SQLEXPRESS'. This is an informational message only. No user action is required."
"6/2/2026 7:09:57 AM","19030","Information","MSSQL$SQLEXPRESS","SQL Trace ID 1 was started by login ""sa""."
"6/2/2026 7:09:57 AM","33218","Information","MSSQL$SQLEXPRESS","SQL Server Audit has started the audits. This is an informational message. No user action is required."
"6/2/2026 7:09:57 AM","33217","Information","MSSQL$SQLEXPRESS","SQL Server Audit is starting the audits. This is an informational message. No user action is required."
"6/2/2026 7:09:57 AM","6253","Information","MSSQL$SQLEXPRESS","Common language runtime (CLR) functionality initialized using CLR version v4.0.30319 from C:\Windows\Microsoft.NET\Framework64\v4.0.30319\."
"6/2/2026 7:09:57 AM","26","Information","Microsoft-Windows-CertificationAuthority","Active Directory Certificate Services for scaffold-DC-CA was started.  DC=dc.scaffold.htb"
"6/2/2026 7:09:57 AM","17137","Information","MSSQL$SQLEXPRESS","Starting up database 'master'."
"6/2/2026 7:09:57 AM","49910","Information","MSSQL$SQLEXPRESS","Software Usage Metrics is disabled."
"6/2/2026 7:09:57 AM","9048","Information","MSSQL$SQLEXPRESS","clwb is selected for pmem flush operation."
"6/2/2026 7:09:57 AM","49921","Information","MSSQL$SQLEXPRESS","Total Log Writer threads: 1. This is an informational message; no user action is required."
"6/2/2026 7:09:57 AM","17118","Information","MSSQL$SQLEXPRESS","Database Instant File Initialization: disabled. For security and performance considerations see the topic 'Database Instant File Initialization' in SQL Server Books Online. This is an informational message only. No user action is required."
"6/2/2026 7:09:57 AM","17125","Information","MSSQL$SQLEXPRESS","Using dynamic lock allocation.  Initial allocation of 2500 Lock blocks and 5000 Lock Owner blocks per node.  This is an informational message only.  No user action is required."
"6/2/2026 7:09:57 AM","17152","Information","MSSQL$SQLEXPRESS","Node configuration: node 0: CPU mask: 0x0000000000000003:0 Active CPU mask: 0x0000000000000003:0. This message provides a description of the NUMA configuration for this computer. This is an informational message only. No user action is required."
"6/2/2026 7:09:57 AM","17176","Information","MSSQL$SQLEXPRESS","This instance of SQL Server last reported using a process ID of 5468 at 6/2/2026 7:06:20 AM (local) 6/2/2026 2:06:20 PM (UTC). This is an informational message only; no user action is required."
"6/2/2026 7:09:57 AM","17811","Information","MSSQL$SQLEXPRESS","The maximum number of dedicated administrator connections for this instance is '1'"
"6/2/2026 7:09:57 AM","873","Information","MSSQL$SQLEXPRESS","Buffer pool extension is already disabled. No action is necessary."
"6/2/2026 7:09:57 AM","49917","Information","MSSQL$SQLEXPRESS","Default collation: SQL_Latin1_General_CP1_CI_AS (us_english 1033)"
"6/2/2026 7:09:57 AM","894","Information","MSSQL$SQLEXPRESS","Buffer Pool: Allocating 524288 bytes for 507767 hashPages."
"6/2/2026 7:09:57 AM","852","Information","MSSQL$SQLEXPRESS","Using conventional memory in the memory manager."
"6/2/2026 7:09:57 AM","49903","Information","MSSQL$SQLEXPRESS","Detected 4095 MB of RAM. This is an informational message; no user action is required."
"6/2/2026 7:09:57 AM","17162","Information","MSSQL$SQLEXPRESS","SQL Server is starting at normal priority base (=7). This is an informational message only. No user action is required."
"6/2/2026 7:09:57 AM","17164","Information","MSSQL$SQLEXPRESS","SQL Server detected 2 sockets with 2 cores per socket and 2 logical processors per socket, 4 total logical processors; using 2 logical processors based on SQL Server licensing. This is an informational message; no user action is required."
"6/2/2026 7:09:57 AM","17115","Information","MSSQL$SQLEXPRESS","Command Line Startup Parameters:
	 -s ""SQLEXPRESS"""
"6/2/2026 7:09:57 AM","17110","Information","MSSQL$SQLEXPRESS","Registry startup parameters: 
	 -d C:\Program Files\Microsoft SQL Server\MSSQL15.SQLEXPRESS\MSSQL\DATA\master.mdf
	 -e C:\Program Files\Microsoft SQL Server\MSSQL15.SQLEXPRESS\MSSQL\Log\ERRORLOG
	 -l C:\Program Files\Microsoft SQL Server\MSSQL15.SQLEXPRESS\MSSQL\DATA\mastlog.ldf"
"6/2/2026 7:09:57 AM","49904","Information","MSSQL$SQLEXPRESS","The service account is 'NT Service\MSSQL$SQLEXPRESS'. This is an informational message; no user action is required."
"6/2/2026 7:09:57 AM","17111","Information","MSSQL$SQLEXPRESS","Logging SQL Server messages in file 'C:\Program Files\Microsoft SQL Server\MSSQL15.SQLEXPRESS\MSSQL\Log\ERRORLOG'."
"6/2/2026 7:09:57 AM","15268","Information","MSSQL$SQLEXPRESS","Authentication mode is MIXED."
"6/2/2026 7:09:57 AM","18496","Information","MSSQL$SQLEXPRESS","System Manufacturer: 'VMware, Inc.', System Model: 'VMware20,1'."
"6/2/2026 7:09:57 AM","17104","Information","MSSQL$SQLEXPRESS","Server process ID is 5100."
"6/2/2026 7:09:57 AM","17103","Information","MSSQL$SQLEXPRESS","All rights reserved."
"6/2/2026 7:09:57 AM","17101","Information","MSSQL$SQLEXPRESS","(c) Microsoft Corporation."
"6/2/2026 7:09:57 AM","49916","Information","MSSQL$SQLEXPRESS","UTC adjustment: -7:00"
"6/2/2026 7:09:57 AM","17069","Information","MSSQL$SQLEXPRESS","Microsoft SQL Server 2019 (RTM) - 15.0.2000.5 (X64) 
	Sep 24 2019 13:48:23 
	Copyright (C) 2019 Microsoft Corporation
	Express Edition (64-bit) on Windows Server 2022 Standard Evaluation 10.0 <X64> (Build 20348: ) (Hypervisor)
"
"6/2/2026 7:09:56 AM","325","Information","ESENT","DFSRs (2988,D,35) \\.\C:\System Volume Information\DFSR\database_D030_CE70_30CE_5D5A\dfsr.db: The database engine created a new database (1, \\.\C:\System Volume Information\DFSR\database_D030_CE70_30CE_5D5A\dfsr.db). (Time=0 seconds) 
 
Additional Data: lgposCreate = 00000001:0001:0268,
dbv = 1568.180.400 (9360) 
 
Internal Timing Sequence: 
[1] 0.000043 +J(0) +M(C:0K, Fs:6, WS:24K # 0K, PF:8K # 0K, P:8K)
[2] 0.002006 -0.000572 (1) WT +J(CM:0, PgRf:0, Rd:0/0, Dy:0/0, Lg:3480/2) +M(C:0K, Fs:4, WS:16K # 0K, PF:0K # 0K, P:0K)
[3] 0.004604 +J(0) +M(C:0K, Fs:12, WS:36K # 0K, PF:24K # 0K, P:24K)
[4] 0.000257 +J(0) +M(C:0K, Fs:1, WS:4K # 0K, PF:0K # 0K, P:0K)
[5] 0.001289 -0.000540 (3) WT +J(CM:0, PgRf:3, Rd:0/0, Dy:3/6, Lg:122/4) +M(C:0K, Fs:48, WS:184K # 0K, PF:264K # 0K, P:264K)
[6] 0.001312 -0.000200 (2) WT +J(CM:0, PgRf:209, Rd:0/0, Dy:12/408, Lg:24454/447) +M(C:0K, Fs:75, WS:300K # 0K, PF:220K # 0K, P:220K)
[7] 0.000543 -0.000228 (3) WT +J(CM:0, PgRf:0, Rd:0/0, Dy:0/0, Lg:4096/3) +M(C:0K, Fs:4, WS:8K # 0K, PF:0K # 0K, P:0K)
[8] 0.000002 +J(0)
[9] 0.002762 -0.002258 (3) WT +J(0) +M(C:-52K, Fs:8, WS:-28K # 0K, PF:-52K # 0K, P:-52K)
[10] 0.002400 -0.000417 (5) WT +J(CM:0, PgRf:348, Rd:0/0, Dy:7/93, Lg:12509/130) +M(C:12K, Fs:46, WS:176K # 0K, PF:96K # 0K, P:96K)
[11] 0.000003 +J(0)."
"6/2/2026 7:09:56 AM","326","Information","ESENT","certsrv.exe (2920,D,50) The database engine attached a database (1, C:\Windows\system32\CertLog\scaffold-DC-CA.edb). (Time=0 seconds) 
 
Saved Cache: 0 0 
Additional Data: lgposAttach = 00000004:00D3:0268,
dbv = 1568.180.400 (9360) 
 
Internal Timing Sequence: 
[1] 0.000006 +J(0) +M(C:0K, Fs:1, WS:4K # 0K, PF:0K # 0K, P:0K)
[2] 0.000854 -0.000505 (1) WT +J(0) +M(C:0K, Fs:18, WS:8K # 0K, PF:4K # 0K, P:4K)
[3] 0.005787 -0.002553 (6) WT +J(CM:0, PgRf:0, Rd:0/0, Dy:0/0, Lg:3480/2) +M(C:0K, Fs:25, WS:92K # 0K, PF:120K # 0K, P:120K)
[4] 0.000252 +J(0)
[5] -
[6] -
[7] -
[8] 0.000526 -0.000259 (2) CM -0.000150 (2) WT +J(CM:2, PgRf:2, Rd:14/2, Dy:0/0, Lg:54/1) +M(C:0K, Fs:40, WS:160K # 0K, PF:152K # 0K, P:152K)
[9] 0.001267 -0.001065 (3) CM -0.000882 (3) WT +J(CM:3, PgRf:23, Rd:0/2, Dy:0/0, Lg:0/0) +M(C:0K, Fs:32, WS:128K # 0K, PF:200K # 0K, P:200K)
[10] 0.000422 -0.000300 (1) CM -0.000248 (1) WT +J(CM:1, PgRf:40, Rd:0/1, Dy:0/0, Lg:0/0) +M(C:0K, Fs:5, WS:20K # 0K, PF:64K # 0K, P:64K)
[11] 0.000018 +J(CM:0, PgRf:1, Rd:0/0, Dy:0/0, Lg:0/0) +M(C:0K, Fs:4, WS:16K # 0K, PF:0K # 0K, P:0K)
[12] 0.000029 +J(CM:0, PgRf:42, Rd:0/0, Dy:0/0, Lg:0/0) +M(C:0K, Fs:1, WS:4K # 0K, PF:0K # 0K, P:0K)
[13] 0.000001 +J(0)
[14] 0.0 +J(0)
[15] 0.000004 +J(CM:0, PgRf:1, Rd:0/0, Dy:0/0, Lg:0/0)."
"6/2/2026 7:09:56 AM","105","Information","ESENT","DFSRs (2988,D,0) \\.\C:\System Volume Information\DFSR\database_D030_CE70_30CE_5D5A\dfsr.db: The database engine started a new instance (0). (Time=0 seconds) 
 
Additional Data:
  
 
Internal Timing Sequence: 
[1] 0.003407 +J(0) +M(C:0K, Fs:290, WS:1120K # 1120K, PF:6644K # 6572K, P:6644K)
[2] 0.000327 +J(0) +M(C:16K, Fs:101, WS:396K # 396K, PF:336K # 328K, P:336K)
[3] 0.000020 +J(0) +M(C:0K, Fs:4, WS:12K # 12K, PF:68K # 68K, P:68K)
[4] 0.000186 +J(0) +M(C:2032K, Fs:33, WS:128K # 128K, PF:2436K # 2436K, P:2436K)
[5] 0.000741 +J(0) +M(C:0K, Fs:13, WS:52K # 52K, PF:36K # 36K, P:36K)
[6] 0.001290 +J(0) +M(C:0K, Fs:13, WS:52K # 52K, PF:12K # 12K, P:12K)
[7] -
[8] -
[9] -
[10] -
[11] -
[12] -
[13] 0.027614 -0.016974 (22) WT +J(CM:0, PgRf:0, Rd:0/0, Dy:0/0, Lg:616/1) +M(C:0K, Fs:1508, WS:816K # 5920K, PF:44K # 5172K, P:44K)
[14] 0.000017 +J(0) +M(C:0K, Fs:3, WS:12K # 0K, PF:20K # 0K, P:20K)
[15] 0.000071 +J(0) +M(C:0K, Fs:65, WS:260K # 0K, PF:64K # 0K, P:64K)
[16] 0.006644 -0.000158 (3) WT +J(0) +M(C:0K, Fs:8, WS:24K # 0K, PF:0K # 0K, P:0K)."
"6/2/2026 7:09:56 AM","105","Information","ESENT","certsrv.exe (2920,D,0) The database engine started a new instance (0). (Time=0 seconds) 
 
Additional Data:
  
 
Internal Timing Sequence: 
[1] 0.000395 +J(0) +M(C:0K, Fs:127, WS:488K # 488K, PF:2496K # 2228K, P:2496K)
[2] 0.000245 +J(0) +M(C:3200K, Fs:174, WS:676K # 676K, PF:4184K # 4184K, P:4184K)
[3] 0.000013 +J(0) +M(C:0K, Fs:14, WS:52K # 52K, PF:64K # 64K, P:64K)
[4] 0.000045 +J(0) +M(C:0K, Fs:53, WS:212K # 212K, PF:500K # 500K, P:500K)
[5] 0.000203 +J(0) +M(C:0K, Fs:9, WS:36K # 36K, PF:20K # 20K, P:20K)
[6] 0.004327 +J(0) +M(C:0K, Fs:30, WS:120K # 120K, PF:16K # 16K, P:16K)
[7] 0.007024 -0.003563 (3) WT +J(0) +M(C:0K, Fs:275, WS:1096K # 1096K, PF:1028K # 1028K, P:1028K)
[8] -
[9] -
[10] -
[11] -
[12] -
[13] 0.008101 -0.003664 (4) WT +J(CM:0, PgRf:0, Rd:0/0, Dy:0/0, Lg:616/1) +M(C:0K, Fs:22, WS:-944K # 72K, PF:-956K # 72K, P:-956K)
[14] 0.000011 +J(0)
[15] 0.000098 +J(0) +M(C:0K, Fs:100, WS:400K # 0K, PF:64K # 0K, P:64K)
[16] 0.000481 -0.000151 (1) WT +J(0) +M(C:0K, Fs:3, WS:4K # 0K, PF:0K # 0K, P:0K)."
"6/2/2026 7:09:56 AM","102","Information","ESENT","certsrv.exe (2920,P,98) The database engine (10.00.20348.0000) is starting a new instance (0)."
"6/2/2026 7:09:56 AM","517","Information","WDSServer","Provider WDSDDPS loaded from C:\Windows\system32\wdsddps.dll and initialized successfully."
"6/2/2026 7:09:56 AM","102","Information","ESENT","DFSRs (2988,P,98) \\.\C:\System Volume Information\DFSR\database_D030_CE70_30CE_5D5A\dfsr.db: The database engine (10.00.20348.0000) is starting a new instance (0)."
"6/2/2026 7:09:56 AM","326","Information","ESENT","svchost (792,D,50) DDP: The database engine attached a database (3, C:\RemoteInstall\Stores\Drivers\Metadata\DdpDb.mdb). (Time=0 seconds) 
 
Saved Cache: 1 0 
Additional Data: lgposAttach = 00000001:00B8:0268,
dbv = 1568.180.400 (9360) 
 
Internal Timing Sequence: 
[1] 0.000002 +J(0)
[2] 0.000248 -0.000140 (1) WT +J(0) +M(C:0K, Fs:24, WS:32K # 0K, PF:32K # 0K, P:32K)
[3] 0.002814 -0.001570 (6) WT +J(CM:0, PgRf:0, Rd:0/0, Dy:0/0, Lg:3480/2) +M(C:0K, Fs:13, WS:20K # 0K, PF:20K # 0K, P:20K)
[4] 0.000068 +J(0)
[5] -
[6] -
[7] -
[8] 0.000133 +J(CM:0, PgRf:2, Rd:7/0, Dy:0/0, Lg:54/1) +M(C:104K, Fs:43, WS:172K # 0K, PF:124K # 0K, P:124K)
[9] 0.001370 -0.001181 (3) CM -0.001097 (3) WT +J(CM:3, PgRf:16, Rd:0/2, Dy:0/0, Lg:0/0) +M(C:-12K, Fs:18, WS:-8K # 0K, PF:-8K # 0K, P:-8K)
[10] 0.000695 -0.000589 (2) CM -0.000363 (2) WT +J(CM:2, PgRf:35, Rd:0/2, Dy:0/0, Lg:0/0) +M(C:-28K, Fs:5, WS:-28K # 0K, PF:-28K # 0K, P:-28K)
[11] 0.000009 +J(CM:0, PgRf:1, Rd:0/0, Dy:0/0, Lg:0/0)
[12] 0.000023 +J(CM:0, PgRf:42, Rd:0/0, Dy:0/0, Lg:0/0)
[13] 0.0 +J(0)
[14] 0.0 +J(0)
[15] 0.000003 +J(CM:0, PgRf:1, Rd:0/0, Dy:0/0, Lg:0/0)."
"6/2/2026 7:09:56 AM","105","Information","ESENT","svchost (792,D,0) DDP: The database engine started a new instance (1). (Time=0 seconds) 
 
Additional Data:
 lgposV2[] = 00000001:0001:0000 - 00000001:00B5:0319 - 00000001:00B6:0000 - 00000001:00B6:0000 (00000000:0000:0000)
cReInits = 34
 
 
Internal Timing Sequence: 
[1] -
[2] -
[3] 0.000227 +J(0) +M(C:0K, Fs:3, WS:12K # 12K, PF:0K # 0K, P:0K)
[4] 0.000075 +J(0) +M(C:0K, Fs:12, WS:48K # 48K, PF:164K # 0K, P:164K)
[5] 0.000244 +J(0) +M(C:0K, Fs:5, WS:20K # 20K, PF:20K # 0K, P:20K)
[6] 0.001395 +J(0) +M(C:0K, Fs:1, WS:4K # 4K, PF:12K # 0K, P:12K)
[7] 0.006348 -0.004361 (11) WT +J(0) +M(C:0K, Fs:1283, WS:5120K # 5120K, PF:5132K # 4468K, P:5132K)
[8] 0.025501 -0.011002 (52) WT +J(CM:0, PgRf:0, Rd:0/0, Dy:0/0, Lg:734070/1656) +M(C:0K, Fs:866, WS:192K # 236K, PF:64K # 108K, P:64K)
[9] 0.000665 +J(0) +M(C:0K, Fs:1, WS:4K # 0K, PF:4K # 0K, P:4K)
[10] 0.003886 -0.002168 (10) WT +J(0) +M(C:0K, Fs:0, WS:-5116K # 0K, PF:-5128K # 0K, P:-5128K)
[11] 0.000022 +J(CM:0, PgRf:0, Rd:0/0, Dy:0/0, Lg:49/1) +M(C:0K, Fs:1, WS:4K # 0K, PF:0K # 0K, P:0K)
[12] 0.000628 +J(0)
[13] 0.013532 -0.000880 (2) CM -0.006274 (30) WT +J(CM:2, PgRf:2, Rd:0/2, Dy:0/0, Lg:8759/5) +M(C:-56K, Fs:1327, WS:-48K # 0K, PF:-112K # 0K, P:-112K)
[14] 0.000010 +J(0)
[15] 0.000011 +J(0)
[16] 0.000398 -0.000303 (1) WT +J(0) +M(C:0K, Fs:2, WS:0K # 0K, PF:0K # 0K, P:0K)."
"6/2/2026 7:09:56 AM","302","Information","ESENT","svchost (792,U,98) DDP: The database engine has successfully completed recovery steps."
"6/2/2026 7:09:56 AM","301","Information","ESENT","svchost (792,R,98) DDP: The database engine has finished replaying logfile C:\RemoteInstall\Stores\Drivers\Metadata\DDP.log. 
 
Processing Stats: 
[1] 0.023077 -0.010448 (49) WT +J(CM:0, PgRf:0, Rd:0/0, Dy:0/0, Lg:734070/1656) +M(C:0K, Fs:831, WS:60K # 104K, PF:56K # 92K, P:56K). 
Log record of type 'Insert   ' was seen most frequently (479 times)"
"6/2/2026 7:09:56 AM","335","Information","ESENT","svchost (792,R,98) DDP: Replay of a Create for database ""C:\RemoteInstall\Stores\Drivers\Metadata\DdpDb.mdb"" at log position (00000001,0001,0268) was deferred due to AttachFuture.  Additional information:  "
"6/2/2026 7:09:56 AM","300","Information","ESENT","svchost (792,R,98) DDP: The database engine is initiating recovery steps."
"6/2/2026 7:09:56 AM","102","Information","ESENT","svchost (792,P,98) DDP: The database engine (10.00.20348.0000) is starting a new instance (1)."
"6/2/2026 7:09:56 AM","517","Information","WDSServer","Provider WDSDCPXE loaded from C:\Windows\system32\wdsdcpxe.dll and initialized successfully."
"6/2/2026 7:09:56 AM","517","Information","WDSServer","Provider WDSDCMGR loaded from C:\Windows\system32\wdsdcmgr.dll and initialized successfully."
"6/2/2026 7:09:54 AM","8198","Error","Microsoft-Windows-Security-SPP","License Activation (slui.exe) failed with the following error code:
hr=0x8007139F
Command-line arguments:
RuleId=3482d82e-ca2c-4e1f-8864-da0267b484b2;Action=AutoActivate;AppId=55c92734-d682-4d71-983e-d6ec3f16059f;SkuId=c1a197b6-ba5e-4394-b9bf-b659a6c1b873;NotificationInterval=1440;Trigger=TimerEvent"
"6/2/2026 7:09:54 AM","1003","Information","Microsoft-Windows-Security-SPP","The Software Protection service has completed licensing status check.
Application Id=55c92734-d682-4d71-983e-d6ec3f16059f
Licensing Status=
1: c1a197b6-ba5e-4394-b9bf-b659a6c1b873, 1, 1 [(0 [0xC004E003, 0, 0], [( 2 0xC004F00F 0 0 msft:rm/algorithm/hwid/4.0 0x00000000 0)( 1 0x00000000)(?)( 2 0xC004F00F 0 0 msft:rm/algorithm/hwid/4.0 0x00000000 0)(?)(?)( 10 0x00000000 msft:rm/algorithm/flags/1.0)(?)])(1 )(2 )(3 [0x00000000, 0, 0], [( 6 0xC004F009 10 0)( 1 0x00000000)( 6 0xC004F009 10 0)(?)(?)(?)( 10 0x00000000 msft:rm/algorithm/flags/1.0)( 11 0x00000000 0xC004F00F)])]

"
"6/2/2026 7:09:54 AM","1003","Information","Microsoft-Windows-Security-SPP","The Software Protection service has completed licensing status check.
Application Id=55c92734-d682-4d71-983e-d6ec3f16059f
Licensing Status=
1: c1a197b6-ba5e-4394-b9bf-b659a6c1b873, 1, 1 [(0 [0xC004E003, 0, 0], [( 2 0xC004F00F 0 0 msft:rm/algorithm/hwid/4.0 0x00000000 0)( 1 0x00000000)(?)( 2 0xC004F00F 0 0 msft:rm/algorithm/hwid/4.0 0x00000000 0)(?)(?)( 10 0x00000000 msft:rm/algorithm/flags/1.0)(?)])(1 )(2 )(3 [0x00000000, 0, 0], [( 6 0xC004F009 10 0)( 1 0x00000000)( 6 0xC004F009 10 0)(?)(?)(?)( 10 0x00000000 msft:rm/algorithm/flags/1.0)( 11 0x00000000 0xC004F00F)])]

"
"6/2/2026 7:09:54 AM","1014","Error","Microsoft-Windows-Security-SPP","Acquisition of End User License failed. hr=0x80072EE7
Sku Id=c1a197b6-ba5e-4394-b9bf-b659a6c1b873"
"6/2/2026 7:09:54 AM","8200","Error","Microsoft-Windows-Security-SPP","License acquisition failure details. 
hr=0x80072EE7"
"6/2/2026 7:09:45 AM","9027","Information","Desktop Window Manager","The Desktop Window Manager has registered the session port."
"6/2/2026 7:09:28 AM","8230","Information","Microsoft-Windows-Security-SPP","The rules engine successfully re-evaluated the schedule.
Kernel policies:
Security-SPP-Action-StateData (REG_SZ) =AppId=55c92734-d682-4d71-983e-d6ec3f16059f;LastConsumptionReason=0xc004f00f;LastNotificationId=ReActivateRequired;LicenseState=SL_LICENSING_STATUS_NOTIFICATION;PartialProductKey=W8JDY;ProductKeyType=Retail:TB:Eval;SkuId=c1a197b6-ba5e-4394-b9bf-b659a6c1b873;ruleId=3482d82e-ca2c-4e1f-8864-da0267b484b2;uxDifferentiator=TIMEBASED_EVAL"
"6/2/2026 7:09:27 AM","271","Information","VMUpgradeHelper","Restored network configuration."
"6/2/2026 7:09:27 AM","16388","Information","Microsoft-Windows-Security-SPP","The current time is 2026-06-02T14:09:27Z : 2026-06-02T14:09:27Z."
"6/2/2026 7:09:27 AM","100",,"WLMS",
"6/2/2026 7:09:27 AM","5617","Information","Microsoft-Windows-WMI","Windows Management Instrumentation Service subsystems initialized successfully"
"6/2/2026 7:09:26 AM","5615","Information","Microsoft-Windows-WMI","Windows Management Instrumentation Service started sucessfully"
"6/2/2026 7:09:27 AM","902","Information","Microsoft-Windows-Security-SPP","The Software Protection service has started.
10.0.20348.587"
"6/2/2026 7:09:27 AM","1003","Information","Microsoft-Windows-Security-SPP","The Software Protection service has completed licensing status check.
Application Id=55c92734-d682-4d71-983e-d6ec3f16059f
Licensing Status=
1: c1a197b6-ba5e-4394-b9bf-b659a6c1b873, 1, 0 [(0 [0xC004E003, 0, 0], [( 2 0xC004F00F 0 0 msft:rm/algorithm/hwid/4.0 0x00000000 0)( 1 0x00000000)(?)( 2 0xC004F00F 0 0 msft:rm/algorithm/hwid/4.0 0x00000000 0)(?)(?)( 10 0x00000000 msft:rm/algorithm/flags/1.0)(?)])(1 )(2 )(3 [0x00000000, 0, 0], [( 6 0xC004F009 10 0)( 1 0x00000000)( 6 0xC004F009 10 0)(?)(?)(?)( 10 0x00000000 msft:rm/algorithm/flags/1.0)( 11 0x00000000 0xC004F00F)])]

"
"6/2/2026 7:09:27 AM","258","Information","VMUpgradeHelper","Restoring network configuration."
"6/2/2026 7:09:27 AM","1034","Information","Microsoft-Windows-Security-SPP","Duplicate definition of policy found. Policy name=Security-SPP-WriteWauMarker  Priority=500"
"6/2/2026 7:09:27 AM","1024","Information","Microsoft-Windows-Security-SPP","The hardware has changed."
"6/2/2026 7:09:27 AM","1040","Information","Microsoft-Windows-Security-SPP","Hardware has changed from previous boot.
 AppId=55c92734-d682-4d71-983e-d6ec3f16059f, SkuId=c1a197b6-ba5e-4394-b9bf-b659a6c1b873."
"6/2/2026 7:09:27 AM","0","Information","Microsoft Deployment Toolkit Monitor Service","Service started successfully."
"6/2/2026 7:09:27 AM","4202","Information","Microsoft-Windows-MSDTC 2","MSDTC started with the following settings: Security Configuration (OFF = 0 and ON = 1): Allow Remote Administrator = 0, Network Clients = 0, Transaction Manager Communication:  Allow Inbound Transactions = 0, Allow Outbound Transactions = 0, Transaction Internet Protocol (TIP) = 0,  Enable XA Transactions = 0,  Enable SNA LU 6.2 Transactions = 1,  MSDTC Communications Security = Mutual Authentication Required, Account = NT AUTHORITY\NetworkService,  Firewall Exclusion Detected = 0 Transaction Bridge Installed = 0 Filtering Duplicate Events = 1"
"6/2/2026 7:09:27 AM","1066","Information","Microsoft-Windows-Security-SPP","Initialization status for service objects.
C:\Windows\system32\sppwinob.dll, msft:spp/windowsfunctionality/agent/7.0, 0x00000000, 0x00000000
C:\Windows\system32\sppobjs.dll, msft:rm/algorithm/inherited/1.0, 0x00000000, 0x00000000
C:\Windows\system32\sppobjs.dll, msft:rm/algorithm/phone/1.0, 0x00000000, 0x00000000
C:\Windows\system32\sppobjs.dll, msft:rm/algorithm/pkey/detect, 0x00000000, 0x00000000
C:\Windows\system32\sppobjs.dll, msft:spp/ActionScheduler/1.0, 0x00000000, 0x00000000
C:\Windows\system32\sppobjs.dll, msft:spp/TaskScheduler/1.0, 0x00000000, 0x00000000
C:\Windows\system32\sppobjs.dll, msft:spp/statecollector/pkey, 0x00000000, 0x00000000
C:\Windows\system32\sppobjs.dll, msft:spp/volume/services/kms/1.0, 0x00000000, 0x00000000
C:\Windows\system32\sppobjs.dll, msft:spp/volume/services/kms/activationinfo/1.0, 0x00000000, 0x00000000
"
"6/2/2026 7:09:27 AM","16394","Information","Microsoft-Windows-Security-SPP","Offline downlevel migration succeeded."
"6/2/2026 7:09:27 AM","781","Information","Microsoft-Windows-Complus","The COM+ sub system is suppressing duplicate event log entries for a duration of 86400 seconds.  The suppression timeout can be controlled by a REG_DWORD value named SuppressDuplicateDuration under the following registry key: HKLM\Software\Microsoft\COM3\Eventlog."
"6/2/2026 7:09:27 AM","517","Information","WDSServer","Provider WDSTFTP loaded from C:\Windows\system32\wdstftp.dll and initialized successfully."
"6/2/2026 7:09:27 AM","517","Information","WDSServer","Provider WDSMDMGR loaded from C:\Windows\system32\wdsmdmgr.dll and initialized successfully."
"6/2/2026 7:09:27 AM","326","Information","ESENT","svchost (792,D,50) WDS: The database engine attached a database (1, C:\RemoteInstall\Stores\Metadata\WDSMD.mdb). (Time=0 seconds) 
 
Saved Cache: 1 0 
Additional Data: lgposAttach = 00000001:0080:0268,
dbv = 1568.180.400 (9360) 
 
Internal Timing Sequence: 
[1] 0.000005 +J(0)
[2] 0.000475 -0.000245 (1) WT +J(0) +M(C:0K, Fs:24, WS:32K # 0K, PF:32K # 0K, P:32K)
[3] 0.001928 -0.000560 (6) WT +J(CM:0, PgRf:0, Rd:0/0, Dy:0/0, Lg:3480/2) +M(C:0K, Fs:14, WS:24K # 0K, PF:20K # 0K, P:20K)
[4] 0.000125 +J(0)
[5] -
[6] -
[7] -
[8] 0.000814 -0.000380 (2) CM -0.000168 (2) WT +J(CM:2, PgRf:2, Rd:4/2, Dy:0/0, Lg:54/1) +M(C:120K, Fs:46, WS:128K # 0K, PF:140K # 0K, P:140K)
[9] 0.001236 -0.000868 (3) CM -0.000775 (3) WT +J(CM:3, PgRf:16, Rd:0/2, Dy:0/0, Lg:0/0) +M(C:-16K, Fs:40, WS:80K # 0K, PF:208K # 0K, P:208K)
[10] 0.000702 -0.000529 (2) CM -0.000456 (2) WT +J(CM:2, PgRf:35, Rd:0/2, Dy:0/0, Lg:0/0) +M(C:-28K, Fs:10, WS:-12K # 0K, PF:36K # 0K, P:36K)
[11] 0.000017 +J(CM:0, PgRf:1, Rd:0/0, Dy:0/0, Lg:0/0) +M(C:0K, Fs:3, WS:12K # 0K, PF:0K # 0K, P:0K)
[12] 0.000029 +J(CM:0, PgRf:42, Rd:0/0, Dy:0/0, Lg:0/0) +M(C:0K, Fs:1, WS:4K # 0K, PF:0K # 0K, P:0K)
[13] 0.000001 +J(0)
[14] 0.0 +J(0)
[15] 0.000004 +J(CM:0, PgRf:1, Rd:0/0, Dy:0/0, Lg:0/0)."
"6/2/2026 7:09:27 AM","105","Information","ESENT","svchost (792,D,0) WDS: The database engine started a new instance (0). (Time=0 seconds) 
 
Additional Data:
 lgposV2[] = 00000001:0001:0000 - 00000001:007D:0309 - 00000001:007E:0000 - 00000001:007E:0000 (00000000:0000:0000)
cReInits = 34
 
 
Internal Timing Sequence: 
[1] 0.000824 +J(0) +M(C:0K, Fs:185, WS:728K # 728K, PF:4592K # 4592K, P:4592K)
[2] 0.000434 +J(0) +M(C:64K, Fs:166, WS:656K # 656K, PF:1252K # 1252K, P:1252K)
[3] 0.000280 +J(0) +M(C:0K, Fs:6, WS:20K # 20K, PF:68K # 68K, P:68K)
[4] 0.000256 +J(0) +M(C:0K, Fs:23, WS:92K # 92K, PF:232K # 232K, P:232K)
[5] 0.000427 +J(0) +M(C:0K, Fs:9, WS:36K # 36K, PF:16K # 16K, P:16K)
[6] 0.002951 +J(0) +M(C:0K, Fs:25, WS:96K # 96K, PF:20K # 20K, P:20K)
[7] 0.008090 -0.004424 (11) WT +J(0) +M(C:0K, Fs:1299, WS:5188K # 5188K, PF:5128K # 5128K, P:5128K)
[8] 0.032915 -0.013141 (51) WT +J(CM:0, PgRf:0, Rd:0/0, Dy:0/0, Lg:506924/994) +M(C:0K, Fs:920, WS:400K # 432K, PF:260K # 292K, P:260K)
[9] 0.000360 +J(0) +M(C:0K, Fs:4, WS:16K # 0K, PF:4K # 0K, P:4K)
[10] 0.003948 -0.001829 (10) WT +J(0) +M(C:0K, Fs:0, WS:-5116K # 0K, PF:-5120K # 0K, P:-5120K)
[11] 0.000024 +J(CM:0, PgRf:0, Rd:0/0, Dy:0/0, Lg:49/1) +M(C:0K, Fs:2, WS:8K # 0K, PF:0K # 0K, P:0K)
[12] 0.000038 +J(0)
[13] 0.018686 -0.001038 (2) CM -0.007407 (30) WT +J(CM:2, PgRf:2, Rd:0/2, Dy:0/0, Lg:8759/5) +M(C:-56K, Fs:1351, WS:48K # 44K, PF:80K # 68K, P:80K)
[14] 0.000011 +J(0)
[15] 0.000013 +J(0)
[16] 0.000243 -0.000095 (1) WT +J(0) +M(C:0K, Fs:2, WS:0K # 0K, PF:0K # 0K, P:0K)."
"6/2/2026 7:09:27 AM","302","Information","ESENT","svchost (792,U,98) WDS: The database engine has successfully completed recovery steps."
"6/2/2026 7:09:27 AM","301","Information","ESENT","svchost (792,R,98) WDS: The database engine has finished replaying logfile C:\RemoteInstall\Stores\Metadata\WDS.log. 
 
Processing Stats: 
[1] 0.028216 -0.012629 (49) WT +J(CM:0, PgRf:0, Rd:0/0, Dy:0/0, Lg:506924/994) +M(C:0K, Fs:878, WS:240K # 272K, PF:180K # 212K, P:180K). 
Log record of type 'Insert   ' was seen most frequently (277 times)"
"6/2/2026 7:09:27 AM","335","Information","ESENT","svchost (792,R,98) WDS: Replay of a Create for database ""C:\RemoteInstall\Stores\Metadata\WDSMD.mdb"" at log position (00000001,0001,0268) was deferred due to AttachFuture.  Additional information:  "
"6/2/2026 7:09:27 AM","300","Information","ESENT","svchost (792,R,98) WDS: The database engine is initiating recovery steps."
"6/2/2026 7:09:27 AM","102","Information","ESENT","svchost (792,P,98) WDS: The database engine (10.00.20348.0000) is starting a new instance (0)."
"6/2/2026 7:09:27 AM","517","Information","WDSServer","Provider WDSMC loaded from C:\Windows\system32\wdsmc.dll and initialized successfully."
"6/2/2026 7:09:27 AM","900","Information","Microsoft-Windows-Security-SPP","The Software Protection service is starting.
Parameters:TriggerStarted:6"
"6/2/2026 7:09:26 AM","1025","Information","WDSServer","The RPC server started on TCP port 5040. 
"
"6/2/2026 7:09:26 AM","105","Information","VMTools","The service was started."
"6/2/2026 7:09:16 AM","1531","Information","Microsoft-Windows-User Profiles Service","The User Profile Service has started successfully.  

"
"6/2/2026 7:06:20 AM","38","Information","Microsoft-Windows-CertificationAuthority","Active Directory Certificate Services for scaffold-DC-CA was stopped."
"6/2/2026 7:06:20 AM","1532","Information","Microsoft-Windows-User Profiles Service","The User Profile Service has stopped.  

"
"6/2/2026 7:06:20 AM","4879","Warning","Microsoft-Windows-MSDTC Client 2","MSDTC encountered an error (HR=0x80000171) while attempting to establish a secure connection with system DC."
"6/2/2026 7:06:20 AM","8193","Error","VSS","Volume Shadow Copy Service error: Unexpected error calling routine CoCreateInstance.  hr = 0x8007045b, A system shutdown is in progress.
. "
"6/2/2026 7:06:20 AM","13","Error","VSS","Volume Shadow Copy Service information: The COM Server with CLSID {4e14fba2-2e22-11d1-9964-00c04fbbb345} and name CEventSystem cannot be started. [0x8007045b, A system shutdown is in progress.
] "
"6/2/2026 7:06:20 AM","8193","Error","VSS","Volume Shadow Copy Service error: Unexpected error calling routine CoCreateInstance.  hr = 0x8007045b, A system shutdown is in progress.
. "
"6/2/2026 7:06:20 AM","13","Error","VSS","Volume Shadow Copy Service information: The COM Server with CLSID {4e14fba2-2e22-11d1-9964-00c04fbbb345} and name CEventSystem cannot be started. [0x8007045b, A system shutdown is in progress.
] "
"6/2/2026 7:06:20 AM","8225","Information","VSS","The VSS service is shutting down due to shutdown event from the Service Control Manager. "
"6/2/2026 7:06:20 AM","0","Information","Microsoft Deployment Toolkit Monitor Service","Service has been successfully shut down."
"6/2/2026 7:06:20 AM","4111","Information","Microsoft-Windows-MSDTC","The MS DTC service is stopping."
"6/2/2026 7:06:20 AM","17147","Information","MSSQL$SQLEXPRESS","SQL Server is terminating because of a system shutdown. This is an informational message only. No user action is required."
"6/2/2026 7:06:19 AM","108","Information","VMTools","The service was stopped."
"6/2/2026 7:06:19 AM","272","Information","VMUpgradeHelper","Saved network configuration."
"6/2/2026 7:06:19 AM","260","Information","VMUpgradeHelper","Saving network configuration."
"6/2/2026 7:06:19 AM","6000","Information","Microsoft-Windows-Winlogon","The winlogon notification subscriber <SessionEnv> was unavailable to handle a notification event."
"6/2/2026 7:06:19 AM","6000","Information","Microsoft-Windows-Winlogon","The winlogon notification subscriber <WSearch> was unavailable to handle a notification event."
"6/2/2026 7:05:15 AM","6000","Information","Microsoft-Windows-Winlogon","The winlogon notification subscriber <SessionEnv> was unavailable to handle a notification event."
"6/2/2026 7:05:15 AM","6003","Information","Microsoft-Windows-Winlogon","The winlogon notification subscriber <SessionEnv> was unavailable to handle a critical notification event."
"6/2/2026 7:05:07 AM","256","Information","WDSServer","The Windows Deployment Services server started successfully. 
"
"6/2/2026 7:05:07 AM","517","Information","WDSServer","Provider WDSPXE loaded from C:\Windows\system32\wdspxe.dll and initialized successfully."
"6/2/2026 7:05:07 AM","777","Information","WDSPXE","Rogue detection has been disabled for this server. The Windows Deployment  Services server is authorized as a valid DHCP/PXE server and will process incoming client requests."
"6/2/2026 7:05:07 AM","262","Information","WDSPXE","Provider WDSDCPXE was loaded from C:\Windows\system32\wdsdcpxe.dll and initialized successfully."
"6/2/2026 7:05:07 AM","1305","Information","BINLSVC","Combined BCD file x64uefi{010266DC-5FA9-4C65-BF3F-4B4B364FF0E3}.bcd generated successfully for the x64uefi architecture."
"6/2/2026 7:05:07 AM","1305","Information","BINLSVC","Combined BCD file x86uefi{11950B1E-663B-4DD3-BD17-C70BF18C0770}.bcd generated successfully for the x86uefi architecture."
"6/2/2026 7:05:07 AM","1305","Information","BINLSVC","Combined BCD file arm{F9FA5970-5939-4886-AC49-ABC832F7E59C}.bcd generated successfully for the arm architecture."
"6/2/2026 7:05:07 AM","1305","Information","BINLSVC","Combined BCD file x86x64{21E79905-8A1C-4EE4-ABBE-8E90D29BF8C2}.bcd generated successfully for the x86x64 architecture."
"6/2/2026 7:05:07 AM","1305","Information","BINLSVC","Combined BCD file arm64{11EC8988-D29E-464E-8427-AB16B0ACCBB5}.bcd generated successfully for the arm64 architecture."
"6/2/2026 7:05:07 AM","1305","Information","BINLSVC","Combined BCD file x64{C6579D83-6661-45F5-90E5-2BED619B1F6D}.bcd generated successfully for the x64 architecture."
"6/2/2026 7:05:07 AM","1305","Information","BINLSVC","Combined BCD file x86{B3F6E0FA-BA27-4C08-ADA4-32A7D568BDE9}.bcd generated successfully for the x86 architecture."
"6/2/2026 7:05:07 AM","326","Information","ESENT","svchost (3148,D,50) AAP: The database engine attached a database (5, C:\RemoteInstall\Mgmt\binlsvcdb.mdb). (Time=0 seconds) 
 
Saved Cache: 1 0 
Additional Data: lgposAttach = 00000001:0087:0268,
dbv = 1568.180.400 (9360) 
 
Internal Timing Sequence: 
[1] 0.000002 +J(0)
[2] 0.000189 -0.000062 (1) WT +J(0) +M(C:0K, Fs:24, WS:32K # 0K, PF:32K # 0K, P:32K)
[3] 0.001430 -0.000397 (6) WT +J(CM:0, PgRf:0, Rd:0/0, Dy:0/0, Lg:3480/2) +M(C:0K, Fs:13, WS:20K # 0K, PF:20K # 0K, P:20K)
[4] 0.000044 +J(0)
[5] -
[6] -
[7] -
[8] 0.000136 +J(CM:0, PgRf:2, Rd:14/0, Dy:0/0, Lg:54/1) +M(C:104K, Fs:67, WS:204K # 0K, PF:124K # 0K, P:124K)
[9] 0.001532 -0.001381 (2) CM -0.001314 (2) WT +J(CM:2, PgRf:16, Rd:0/1, Dy:0/0, Lg:0/0) +M(C:-52K, Fs:7, WS:-52K # 0K, PF:-52K # 0K, P:-52K)
[10] 0.000444 -0.000345 (2) CM -0.000273 (2) WT +J(CM:2, PgRf:35, Rd:0/2, Dy:0/0, Lg:0/0) +M(C:-28K, Fs:6, WS:-28K # 0K, PF:-28K # 0K, P:-28K)
[11] 0.000004 +J(CM:0, PgRf:1, Rd:0/0, Dy:0/0, Lg:0/0)
[12] 0.000015 +J(CM:0, PgRf:42, Rd:0/0, Dy:0/0, Lg:0/0)
[13] 0.0 +J(0)
[14] 0.0 +J(0)
[15] 0.000002 +J(CM:0, PgRf:1, Rd:0/0, Dy:0/0, Lg:0/0)."
"6/2/2026 7:05:07 AM","105","Information","ESENT","svchost (3148,D,0) AAP: The database engine started a new instance (2). (Time=0 seconds) 
 
Additional Data:
 lgposV2[] = 00000001:0001:0000 - 00000001:0084:02FB - 00000001:0085:0000 - 00000001:0085:0000 (00000000:0000:0000)
cReInits = 33
 
 
Internal Timing Sequence: 
[1] -
[2] -
[3] 0.000208 +J(0) +M(C:0K, Fs:3, WS:12K # 0K, PF:0K # 0K, P:0K)
[4] 0.000072 +J(0) +M(C:0K, Fs:10, WS:36K # 0K, PF:144K # 0K, P:144K)
[5] 0.000434 +J(0) +M(C:0K, Fs:4, WS:16K # 0K, PF:0K # 0K, P:0K)
[6] 0.000879 +J(0) +M(C:0K, Fs:1, WS:4K # 0K, PF:12K # 0K, P:12K)
[7] 0.004840 -0.002957 (11) WT +J(0) +M(C:0K, Fs:1282, WS:5120K # 1868K, PF:5128K # 884K, P:5128K)
[8] 0.013431 -0.005736 (51) WT +J(CM:0, PgRf:0, Rd:0/0, Dy:0/0, Lg:535326/1153) +M(C:0K, Fs:845, WS:200K # 244K, PF:76K # 116K, P:76K)
[9] 0.000268 +J(0)
[10] 0.002559 -0.001415 (10) WT +J(0) +M(C:0K, Fs:0, WS:-5116K # 0K, PF:-5120K # 0K, P:-5120K)
[11] 0.000016 +J(CM:0, PgRf:0, Rd:0/0, Dy:0/0, Lg:49/1) +M(C:0K, Fs:1, WS:4K # 0K, PF:0K # 0K, P:0K)
[12] 0.000029 +J(0)
[13] 0.009335 -0.000690 (2) CM -0.004030 (30) WT +J(CM:2, PgRf:2, Rd:0/2, Dy:0/0, Lg:8759/5) +M(C:-56K, Fs:1325, WS:-48K # 0K, PF:-120K # 0K, P:-120K)
[14] 0.000008 +J(0)
[15] 0.000010 +J(0)
[16] 0.000192 -0.000107 (1) WT +J(0) +M(C:0K, Fs:2, WS:0K # 0K, PF:0K # 0K, P:0K)."
"6/2/2026 7:05:07 AM","302","Information","ESENT","svchost (3148,U,98) AAP: The database engine has successfully completed recovery steps."
"6/2/2026 7:05:07 AM","301","Information","ESENT","svchost (3148,R,98) AAP: The database engine has finished replaying logfile C:\RemoteInstall\Mgmt\AAP.log. 
 
Processing Stats: 
[1] 0.012102 -0.005191 (48) WT +J(CM:0, PgRf:0, Rd:0/0, Dy:0/0, Lg:535326/1153) +M(C:0K, Fs:808, WS:60K # 104K, PF:64K # 100K, P:64K). 
Log record of type 'Insert   ' was seen most frequently (326 times)"
"6/2/2026 7:05:07 AM","335","Information","ESENT","svchost (3148,R,98) AAP: Replay of a Create for database ""C:\RemoteInstall\Mgmt\binlsvcdb.mdb"" at log position (00000001,0001,0268) was deferred due to AttachFuture.  Additional information:  "
"6/2/2026 7:05:07 AM","300","Information","ESENT","svchost (3148,R,98) AAP: The database engine is initiating recovery steps."
"6/2/2026 7:05:07 AM","102","Information","ESENT","svchost (3148,P,98) AAP: The database engine (10.00.20348.0000) is starting a new instance (2)."
"6/2/2026 7:05:07 AM","517","Information","WDSServer","Provider WdsImgSrv loaded from C:\Windows\system32\WdsImgSrv.dll and initialized successfully."
"6/2/2026 7:05:07 AM","256","Information","WDSIMGSRV","The Windows Deployment Services image server initialized successfully. 
"
"6/2/2026 7:04:54 AM","3408","Information","MSSQL$SQLEXPRESS","Recovery is complete. This is an informational message only. No user action is required."
"6/2/2026 7:04:54 AM","9688","Information","MSSQL$SQLEXPRESS","Service Broker manager has started."
"6/2/2026 7:04:54 AM","9666","Information","MSSQL$SQLEXPRESS","The Database Mirroring endpoint is in disabled or stopped state."
"6/2/2026 7:04:54 AM","9666","Information","MSSQL$SQLEXPRESS","The Service Broker endpoint is in disabled or stopped state."
