"5/25/2026 8:00:41 AM","100","Information","Microsoft-Windows-TaskScheduler","Task Scheduler started ""{8401bd8f-df42-4b91-93f2-2e5252df1e65}"" instance of the ""\Scaffold\ScaffoldDeployEngine"" task for user ""NT AUTHORITY\SYSTEM""."
"5/25/2026 8:00:41 AM","129","Information","Microsoft-Windows-TaskScheduler","Task Scheduler launch task ""\Scaffold\ScaffoldDeployEngine"" , instance ""powershell.exe""  with process ID 5260."
"5/25/2026 8:00:41 AM","107","Information","Microsoft-Windows-TaskScheduler","Task Scheduler launched ""{8401bd8f-df42-4b91-93f2-2e5252df1e65}""  instance of task ""\Scaffold\ScaffoldDeployEngine"" due to a time trigger condition."
"5/25/2026 7:58:41 AM","102","Information","Microsoft-Windows-TaskScheduler","Task Scheduler successfully finished ""{359a0b51-b55e-43fc-9e5a-18ca6cf0e940}"" instance of the ""\Scaffold\ScaffoldDeployEngine"" task for user ""NT AUTHORITY\SYSTEM""."
"5/25/2026 7:58:41 AM","201","Information","Microsoft-Windows-TaskScheduler","Task Scheduler successfully completed task ""\Scaffold\ScaffoldDeployEngine"" , instance ""{359a0b51-b55e-43fc-9e5a-18ca6cf0e940}"" , action ""powershell.exe"" with return code 0."
"5/25/2026 7:58:41 AM","200","Information","Microsoft-Windows-TaskScheduler","Task Scheduler launched action ""powershell.exe"" in instance ""{359a0b51-b55e-43fc-9e5a-18ca6cf0e940}"" of task ""\Scaffold\ScaffoldDeployEngine""."
"5/25/2026 7:58:41 AM","100","Information","Microsoft-Windows-TaskScheduler","Task Scheduler started ""{359a0b51-b55e-43fc-9e5a-18ca6cf0e940}"" instance of the ""\Scaffold\ScaffoldDeployEngine"" task for user ""NT AUTHORITY\SYSTEM""."
"5/25/2026 7:58:41 AM","129","Information","Microsoft-Windows-TaskScheduler","Task Scheduler launch task ""\Scaffold\ScaffoldDeployEngine"" , instance ""powershell.exe""  with process ID 2496."
"5/25/2026 7:58:41 AM","107","Information","Microsoft-Windows-TaskScheduler","Task Scheduler launched ""{359a0b51-b55e-43fc-9e5a-18ca6cf0e940}""  instance of task ""\Scaffold\ScaffoldDeployEngine"" due to a time trigger condition."
"5/25/2026 7:56:41 AM","102","Information","Microsoft-Windows-TaskScheduler","Task Scheduler successfully finished ""{bb71ed0c-1593-4b08-9a00-6bf9268ffa1f}"" instance of the ""\Scaffold\ScaffoldDeployEngine"" task for user ""NT AUTHORITY\SYSTEM""."
"5/25/2026 7:56:41 AM","201","Information","Microsoft-Windows-TaskScheduler","Task Scheduler successfully completed task ""\Scaffold\ScaffoldDeployEngine"" , instance ""{bb71ed0c-1593-4b08-9a00-6bf9268ffa1f}"" , action ""powershell.exe"" with return code 0."
"5/25/2026 7:56:41 AM","200","Information","Microsoft-Windows-TaskScheduler","Task Scheduler launched action ""powershell.exe"" in instance ""{bb71ed0c-1593-4b08-9a00-6bf9268ffa1f}"" of task ""\Scaffold\ScaffoldDeployEngine""."
"5/25/2026 7:56:41 AM","100","Information","Microsoft-Windows-TaskScheduler","Task Scheduler started ""{bb71ed0c-1593-4b08-9a00-6bf9268ffa1f}"" instance of the ""\Scaffold\ScaffoldDeployEngine"" task for user ""NT AUTHORITY\SYSTEM""."
"5/25/2026 7:56:41 AM","129","Information","Microsoft-Windows-TaskScheduler","Task Scheduler launch task ""\Scaffold\ScaffoldDeployEngine"" , instance ""powershell.exe""  with process ID 4020."
"5/25/2026 7:56:41 AM","107","Information","Microsoft-Windows-TaskScheduler","Task Scheduler launched ""{bb71ed0c-1593-4b08-9a00-6bf9268ffa1f}""  instance of task ""\Scaffold\ScaffoldDeployEngine"" due to a time trigger condition."
"5/25/2026 7:54:41 AM","102","Information","Microsoft-Windows-TaskScheduler","Task Scheduler successfully finished ""{452dc62a-3ea6-4c08-bf15-f8d155ef0354}"" instance of the ""\Scaffold\ScaffoldDeployEngine"" task for user ""NT AUTHORITY\SYSTEM""."
"5/25/2026 7:54:41 AM","201","Information","Microsoft-Windows-TaskScheduler","Task Scheduler successfully completed task ""\Scaffold\ScaffoldDeployEngine"" , instance ""{452dc62a-3ea6-4c08-bf15-f8d155ef0354}"" , action ""powershell.exe"" with return code 0."
"5/25/2026 7:54:41 AM","200","Information","Microsoft-Windows-TaskScheduler","Task Scheduler launched action ""powershell.exe"" in instance ""{452dc62a-3ea6-4c08-bf15-f8d155ef0354}"" of task ""\Scaffold\ScaffoldDeployEngine""."
"5/25/2026 7:54:41 AM","100","Information","Microsoft-Windows-TaskScheduler","Task Scheduler started ""{452dc62a-3ea6-4c08-bf15-f8d155ef0354}"" instance of the ""\Scaffold\ScaffoldDeployEngine"" task for user ""NT AUTHORITY\SYSTEM""."
"5/25/2026 7:54:41 AM","129","Information","Microsoft-Windows-TaskScheduler","Task Scheduler launch task ""\Scaffold\ScaffoldDeployEngine"" , instance ""powershell.exe""  with process ID 3312."
"5/25/2026 7:54:41 AM","107","Information","Microsoft-Windows-TaskScheduler","Task Scheduler launched ""{452dc62a-3ea6-4c08-bf15-f8d155ef0354}""  instance of task ""\Scaffold\ScaffoldDeployEngine"" due to a time trigger condition."
"5/25/2026 7:52:41 AM","102","Information","Microsoft-Windows-TaskScheduler","Task Scheduler successfully finished ""{b03f157b-cb8a-4697-8911-a61aa8ec87dc}"" instance of the ""\Scaffold\ScaffoldDeployEngine"" task for user ""NT AUTHORITY\SYSTEM""."
"5/25/2026 7:52:41 AM","201","Information","Microsoft-Windows-TaskScheduler","Task Scheduler successfully completed task ""\Scaffold\ScaffoldDeployEngine"" , instance ""{b03f157b-cb8a-4697-8911-a61aa8ec87dc}"" , action ""powershell.exe"" with return code 0."
"5/25/2026 7:52:41 AM","200","Information","Microsoft-Windows-TaskScheduler","Task Scheduler launched action ""powershell.exe"" in instance ""{b03f157b-cb8a-4697-8911-a61aa8ec87dc}"" of task ""\Scaffold\ScaffoldDeployEngine""."
"5/25/2026 7:52:41 AM","100","Information","Microsoft-Windows-TaskScheduler","Task Scheduler started ""{b03f157b-cb8a-4697-8911-a61aa8ec87dc}"" instance of the ""\Scaffold\ScaffoldDeployEngine"" task for user ""NT AUTHORITY\SYSTEM""."
"5/25/2026 7:52:41 AM","129","Information","Microsoft-Windows-TaskScheduler","Task Scheduler launch task ""\Scaffold\ScaffoldDeployEngine"" , instance ""powershell.exe""  with process ID 7040."
"5/25/2026 7:52:41 AM","107","Information","Microsoft-Windows-TaskScheduler","Task Scheduler launched ""{b03f157b-cb8a-4697-8911-a61aa8ec87dc}""  instance of task ""\Scaffold\ScaffoldDeployEngine"" due to a time trigger condition."
"5/25/2026 7:52:34 AM","102","Information","Microsoft-Windows-TaskScheduler","Task Scheduler successfully finished ""{bd1c73aa-f862-4d66-8ef2-7edfe477fd05}"" instance of the ""\Microsoft\Windows\Device Information\Device User"" task for user ""SCAFFOLD\Administrator""."
"5/25/2026 7:52:34 AM","201","Information","Microsoft-Windows-TaskScheduler","Task Scheduler successfully completed task ""\Microsoft\Windows\Device Information\Device User"" , instance ""{bd1c73aa-f862-4d66-8ef2-7edfe477fd05}"" , action ""%windir%\system32\devicecensus.exe"" with return code 0."
"5/25/2026 7:52:33 AM","102","Information","Microsoft-Windows-TaskScheduler","Task Scheduler successfully finished ""{bc78e167-506e-4f6b-84de-ccb1fdbe9f37}"" instance of the ""\Microsoft\Windows\DiskCleanup\SilentCleanup"" task for user ""SCAFFOLD\Administrator""."
"5/25/2026 7:52:33 AM","201","Information","Microsoft-Windows-TaskScheduler","Task Scheduler successfully completed task ""\Microsoft\Windows\DiskCleanup\SilentCleanup"" , instance ""{bc78e167-506e-4f6b-84de-ccb1fdbe9f37}"" , action ""%windir%\system32\cleanmgr.exe"" with return code 0."
"5/25/2026 7:52:27 AM","110","Information","Microsoft-Windows-TaskScheduler","Task Scheduler launched ""{f3040f59-825a-4e35-a4d8-8dd5cb4facf5}""  instance of task ""\Microsoft\Windows\DiskCleanup\SilentCleanup""  for user ""Users"" ."
"5/25/2026 7:52:27 AM","200","Information","Microsoft-Windows-TaskScheduler","Task Scheduler launched action ""%windir%\system32\cleanmgr.exe"" in instance ""{bc78e167-506e-4f6b-84de-ccb1fdbe9f37}"" of task ""\Microsoft\Windows\DiskCleanup\SilentCleanup""."
"5/25/2026 7:52:27 AM","100","Information","Microsoft-Windows-TaskScheduler","Task Scheduler started ""{bc78e167-506e-4f6b-84de-ccb1fdbe9f37}"" instance of the ""\Microsoft\Windows\DiskCleanup\SilentCleanup"" task for user ""SCAFFOLD\Administrator""."
"5/25/2026 7:52:27 AM","129","Information","Microsoft-Windows-TaskScheduler","Task Scheduler launch task ""\Microsoft\Windows\DiskCleanup\SilentCleanup"" , instance ""%windir%\system32\cleanmgr.exe""  with process ID 5360."
"5/25/2026 7:52:24 AM","200","Information","Microsoft-Windows-TaskScheduler","Task Scheduler launched action ""%windir%\system32\devicecensus.exe"" in instance ""{bd1c73aa-f862-4d66-8ef2-7edfe477fd05}"" of task ""\Microsoft\Windows\Device Information\Device User""."
"5/25/2026 7:52:24 AM","100","Information","Microsoft-Windows-TaskScheduler","Task Scheduler started ""{bd1c73aa-f862-4d66-8ef2-7edfe477fd05}"" instance of the ""\Microsoft\Windows\Device Information\Device User"" task for user ""SCAFFOLD\Administrator""."
"5/25/2026 7:52:24 AM","129","Information","Microsoft-Windows-TaskScheduler","Task Scheduler launch task ""\Microsoft\Windows\Device Information\Device User"" , instance ""%windir%\system32\devicecensus.exe""  with process ID 7184."
"5/25/2026 7:52:24 AM","119","Information","Microsoft-Windows-TaskScheduler","Task Scheduler launched ""{bd1c73aa-f862-4d66-8ef2-7edfe477fd05}""  instance of task ""\Microsoft\Windows\Device Information\Device User"" due to user ""SCAFFOLD\Administrator""  logon."
"5/25/2026 7:52:08 AM","140","Information","Microsoft-Windows-TaskScheduler","User ""SCAFFOLD\DC$""  updated Task Scheduler task ""\Microsoft\Windows\SoftwareProtectionPlatform\SvcRestartTask"""
"5/25/2026 7:51:25 AM","102","Information","Microsoft-Windows-TaskScheduler","Task Scheduler successfully finished ""{6ea638d0-d242-4616-88c8-708d020d7aef}"" instance of the ""\Microsoft\Windows\Windows Defender\Windows Defender Cleanup"" task for user ""NT AUTHORITY\SYSTEM""."
"5/25/2026 7:51:25 AM","201","Information","Microsoft-Windows-TaskScheduler","Task Scheduler successfully completed task ""\Microsoft\Windows\Windows Defender\Windows Defender Cleanup"" , instance ""{6ea638d0-d242-4616-88c8-708d020d7aef}"" , action ""C:\ProgramData\Microsoft\Windows Defender\Platform\4.18.26030.3011-0\MpCmdRun.exe"" with return code 0."
"5/25/2026 7:51:25 AM","102","Information","Microsoft-Windows-TaskScheduler","Task Scheduler successfully finished ""{ad94a73d-6a08-4c1d-a324-a22f0d5653ef}"" instance of the ""\Microsoft\Windows\Windows Defender\Windows Defender Cache Maintenance"" task for user ""NT AUTHORITY\SYSTEM""."
"5/25/2026 7:51:25 AM","201","Information","Microsoft-Windows-TaskScheduler","Task Scheduler successfully completed task ""\Microsoft\Windows\Windows Defender\Windows Defender Cache Maintenance"" , instance ""{ad94a73d-6a08-4c1d-a324-a22f0d5653ef}"" , action ""C:\ProgramData\Microsoft\Windows Defender\Platform\4.18.26030.3011-0\MpCmdRun.exe"" with return code 0."
"5/25/2026 7:51:25 AM","102","Information","Microsoft-Windows-TaskScheduler","Task Scheduler successfully finished ""{26afe56e-3e18-49df-845d-169f0b67cec3}"" instance of the ""\Microsoft\Windows\Windows Defender\Windows Defender Verification"" task for user ""NT AUTHORITY\SYSTEM""."
"5/25/2026 7:51:25 AM","201","Information","Microsoft-Windows-TaskScheduler","Task Scheduler successfully completed task ""\Microsoft\Windows\Windows Defender\Windows Defender Verification"" , instance ""{26afe56e-3e18-49df-845d-169f0b67cec3}"" , action ""C:\ProgramData\Microsoft\Windows Defender\Platform\4.18.26030.3011-0\MpCmdRun.exe"" with return code 0."
"5/25/2026 7:51:24 AM","140","Information","Microsoft-Windows-TaskScheduler","User ""SCAFFOLD\DC$""  updated Task Scheduler task ""\Microsoft\Windows\SoftwareProtectionPlatform\SvcRestartTask"""
"5/25/2026 7:50:54 AM","140","Information","Microsoft-Windows-TaskScheduler","User ""SCAFFOLD\DC$""  updated Task Scheduler task ""\Microsoft\Windows\Windows Defender\Windows Defender Scheduled Scan"""
"5/25/2026 7:50:54 AM","106","Information","Microsoft-Windows-TaskScheduler","User ""SCAFFOLD\DC$""  registered Task Scheduler task ""\Microsoft\Windows\Windows Defender\Windows Defender Scheduled Scan"""
"5/25/2026 7:50:54 AM","141","Information","Microsoft-Windows-TaskScheduler","User ""NT AUTHORITY\System""  deleted Task Scheduler task ""\Microsoft\Windows\Windows Defender\Windows Defender Scheduled Scan"""
"5/25/2026 7:50:48 AM","102","Information","Microsoft-Windows-TaskScheduler","Task Scheduler successfully finished ""{62df4fc0-8ccd-4263-9b54-dcc624f3194b}"" instance of the ""\Microsoft\Windows\Windows Defender\Windows Defender Scheduled Scan"" task for user ""NT AUTHORITY\SYSTEM""."
"5/25/2026 7:50:48 AM","201","Information","Microsoft-Windows-TaskScheduler","Task Scheduler successfully completed task ""\Microsoft\Windows\Windows Defender\Windows Defender Scheduled Scan"" , instance ""{62df4fc0-8ccd-4263-9b54-dcc624f3194b}"" , action ""C:\ProgramData\Microsoft\Windows Defender\Platform\4.18.26030.3011-0\MpCmdRun.exe"" with return code 0."
"5/25/2026 7:50:41 AM","102","Information","Microsoft-Windows-TaskScheduler","Task Scheduler successfully finished ""{2bdce36e-a3c9-4ba7-92e3-242a2144080e}"" instance of the ""\Scaffold\ScaffoldDeployEngine"" task for user ""NT AUTHORITY\SYSTEM""."
"5/25/2026 7:50:41 AM","201","Information","Microsoft-Windows-TaskScheduler","Task Scheduler successfully completed task ""\Scaffold\ScaffoldDeployEngine"" , instance ""{2bdce36e-a3c9-4ba7-92e3-242a2144080e}"" , action ""powershell.exe"" with return code 0."
"5/25/2026 7:50:41 AM","200","Information","Microsoft-Windows-TaskScheduler","Task Scheduler launched action ""powershell.exe"" in instance ""{2bdce36e-a3c9-4ba7-92e3-242a2144080e}"" of task ""\Scaffold\ScaffoldDeployEngine""."
"5/25/2026 7:50:41 AM","100","Information","Microsoft-Windows-TaskScheduler","Task Scheduler started ""{2bdce36e-a3c9-4ba7-92e3-242a2144080e}"" instance of the ""\Scaffold\ScaffoldDeployEngine"" task for user ""NT AUTHORITY\SYSTEM""."
"5/25/2026 7:50:41 AM","129","Information","Microsoft-Windows-TaskScheduler","Task Scheduler launch task ""\Scaffold\ScaffoldDeployEngine"" , instance ""powershell.exe""  with process ID 5840."
"5/25/2026 7:50:41 AM","107","Information","Microsoft-Windows-TaskScheduler","Task Scheduler launched ""{2bdce36e-a3c9-4ba7-92e3-242a2144080e}""  instance of task ""\Scaffold\ScaffoldDeployEngine"" due to a time trigger condition."
"5/25/2026 7:50:33 AM","102","Information","Microsoft-Windows-TaskScheduler","Task Scheduler successfully finished ""{65e6114c-9099-4c18-b66f-02d506b46a81}"" instance of the ""\Microsoft\Windows\DiskCleanup\SilentCleanup"" task for user ""SCAFFOLD\Administrator""."
"5/25/2026 7:50:33 AM","201","Information","Microsoft-Windows-TaskScheduler","Task Scheduler successfully completed task ""\Microsoft\Windows\DiskCleanup\SilentCleanup"" , instance ""{65e6114c-9099-4c18-b66f-02d506b46a81}"" , action ""%windir%\system32\cleanmgr.exe"" with return code 0."
"5/25/2026 7:50:26 AM","102","Information","Microsoft-Windows-TaskScheduler","Task Scheduler successfully finished ""{d22a7469-5473-45da-8461-f6ec03e2473e}"" instance of the ""\Microsoft\Windows\.NET Framework\.NET Framework NGEN v4.0.30319 64"" task for user ""NT AUTHORITY\SYSTEM""."
"5/25/2026 7:50:26 AM","201","Information","Microsoft-Windows-TaskScheduler","Task Scheduler successfully completed task ""\Microsoft\Windows\.NET Framework\.NET Framework NGEN v4.0.30319 64"" , instance ""{d22a7469-5473-45da-8461-f6ec03e2473e}"" , action """" with return code 0."
"5/25/2026 7:50:26 AM","102","Information","Microsoft-Windows-TaskScheduler","Task Scheduler successfully finished ""{a37b4bae-6df3-4e69-b377-7ee1372137b0}"" instance of the ""\Microsoft\Windows\.NET Framework\.NET Framework NGEN v4.0.30319"" task for user ""NT AUTHORITY\SYSTEM""."
"5/25/2026 7:50:26 AM","201","Information","Microsoft-Windows-TaskScheduler","Task Scheduler successfully completed task ""\Microsoft\Windows\.NET Framework\.NET Framework NGEN v4.0.30319"" , instance ""{a37b4bae-6df3-4e69-b377-7ee1372137b0}"" , action """" with return code 0."
"5/25/2026 7:50:26 AM","140","Information","Microsoft-Windows-TaskScheduler","User ""SYSTEM""  updated Task Scheduler task ""\Microsoft\Windows\.NET Framework\.NET Framework NGEN v4.0.30319 64"""
"5/25/2026 7:50:26 AM","140","Information","Microsoft-Windows-TaskScheduler","User ""SYSTEM""  updated Task Scheduler task ""\Microsoft\Windows\.NET Framework\.NET Framework NGEN v4.0.30319"""
"5/25/2026 7:50:26 AM","200","Information","Microsoft-Windows-TaskScheduler","Task Scheduler launched action """" in instance ""{a37b4bae-6df3-4e69-b377-7ee1372137b0}"" of task ""\Microsoft\Windows\.NET Framework\.NET Framework NGEN v4.0.30319""."
"5/25/2026 7:50:26 AM","100","Information","Microsoft-Windows-TaskScheduler","Task Scheduler started ""{a37b4bae-6df3-4e69-b377-7ee1372137b0}"" instance of the ""\Microsoft\Windows\.NET Framework\.NET Framework NGEN v4.0.30319"" task for user ""NT AUTHORITY\SYSTEM""."
"5/25/2026 7:50:26 AM","200","Information","Microsoft-Windows-TaskScheduler","Task Scheduler launched action """" in instance ""{d22a7469-5473-45da-8461-f6ec03e2473e}"" of task ""\Microsoft\Windows\.NET Framework\.NET Framework NGEN v4.0.30319 64""."
"5/25/2026 7:50:26 AM","100","Information","Microsoft-Windows-TaskScheduler","Task Scheduler started ""{d22a7469-5473-45da-8461-f6ec03e2473e}"" instance of the ""\Microsoft\Windows\.NET Framework\.NET Framework NGEN v4.0.30319 64"" task for user ""NT AUTHORITY\SYSTEM""."
"5/25/2026 7:50:26 AM","129","Information","Microsoft-Windows-TaskScheduler","Task Scheduler launch task ""\Microsoft\Windows\.NET Framework\.NET Framework NGEN v4.0.30319 64"" , instance ""taskhostw.exe""  with process ID 4968."
"5/25/2026 7:50:26 AM","325","Warning","Microsoft-Windows-TaskScheduler","Task Scheduler queued instance ""{40e4a551-3546-4e28-b9aa-597b5c55ce00}""  of task ""\Microsoft\Windows\Power Efficiency Diagnostics\AnalyzeSystem""."
"5/25/2026 7:50:26 AM","325","Warning","Microsoft-Windows-TaskScheduler","Task Scheduler queued instance ""{320698b1-f7d7-4142-8a42-399ff5f7e004}""  of task ""\Microsoft\Windows\Maintenance\WinSAT""."
"5/25/2026 7:50:26 AM","102","Information","Microsoft-Windows-TaskScheduler","Task Scheduler successfully finished ""{dd403951-a208-4f9e-8a84-335e84dad62f}"" instance of the ""\Microsoft\Windows\.NET Framework\.NET Framework NGEN v4.0.30319"" task for user ""NT AUTHORITY\SYSTEM""."
"5/25/2026 7:50:26 AM","201","Information","Microsoft-Windows-TaskScheduler","Task Scheduler successfully completed task ""\Microsoft\Windows\.NET Framework\.NET Framework NGEN v4.0.30319"" , instance ""{dd403951-a208-4f9e-8a84-335e84dad62f}"" , action """" with return code 0."
"5/25/2026 7:50:25 AM","140","Information","Microsoft-Windows-TaskScheduler","User ""SYSTEM""  updated Task Scheduler task ""\Microsoft\Windows\.NET Framework\.NET Framework NGEN v4.0.30319"""
"5/25/2026 7:50:25 AM","102","Information","Microsoft-Windows-TaskScheduler","Task Scheduler successfully finished ""{73b7b8f4-8d9b-4320-8be9-a011630f6501}"" instance of the ""\Microsoft\Windows\.NET Framework\.NET Framework NGEN v4.0.30319 64"" task for user ""NT AUTHORITY\SYSTEM""."
"5/25/2026 7:50:25 AM","201","Information","Microsoft-Windows-TaskScheduler","Task Scheduler successfully completed task ""\Microsoft\Windows\.NET Framework\.NET Framework NGEN v4.0.30319 64"" , instance ""{73b7b8f4-8d9b-4320-8be9-a011630f6501}"" , action """" with return code 0."
"5/25/2026 7:50:25 AM","140","Information","Microsoft-Windows-TaskScheduler","User ""SYSTEM""  updated Task Scheduler task ""\Microsoft\Windows\.NET Framework\.NET Framework NGEN v4.0.30319 64"""
"5/25/2026 7:50:25 AM","102","Information","Microsoft-Windows-TaskScheduler","Task Scheduler successfully finished ""{fbf533b4-0f82-463e-b220-2f266ac4adbf}"" instance of the ""\Microsoft\Windows\Diagnosis\Scheduled"" task for user ""SCAFFOLD\Administrator""."
"5/25/2026 7:50:25 AM","201","Information","Microsoft-Windows-TaskScheduler","Task Scheduler successfully completed task ""\Microsoft\Windows\Diagnosis\Scheduled"" , instance ""{fbf533b4-0f82-463e-b220-2f266ac4adbf}"" , action ""ScheduledDiagnosticCustomHandler"" with return code 0."
"5/25/2026 7:50:25 AM","103","Error","Microsoft-Windows-TaskScheduler","Task Scheduler failed to start instance ""{aae8959e-20f9-4974-9579-95971302cc50}"" of ""\Microsoft\Windows\DiskFootprint\StorageSense""  task for user ""NT AUTHORITY\SYSTEM"" . Additional Data: Error Value: 2147746132."
"5/25/2026 7:50:25 AM","202","Error","Microsoft-Windows-TaskScheduler","Task Scheduler failed to complete task ""\Microsoft\Windows\DiskFootprint\StorageSense"" , instance ""{aae8959e-20f9-4974-9579-95971302cc50}"" , action ""StorageUsage State Reporter Task Handler"" . Additional Data: Error Value: 2147746132."
"5/25/2026 7:50:25 AM","102","Information","Microsoft-Windows-TaskScheduler","Task Scheduler successfully finished ""{f7f2611a-05f7-4e34-8f8d-102c620224d6}"" instance of the ""\Microsoft\Windows\ApplicationData\DsSvcCleanup"" task for user ""NT AUTHORITY\SYSTEM""."
"5/25/2026 7:50:25 AM","201","Information","Microsoft-Windows-TaskScheduler","Task Scheduler successfully completed task ""\Microsoft\Windows\ApplicationData\DsSvcCleanup"" , instance ""{f7f2611a-05f7-4e34-8f8d-102c620224d6}"" , action ""%windir%\system32\dstokenclean.exe"" with return code 0."
"5/25/2026 7:50:25 AM","102","Information","Microsoft-Windows-TaskScheduler","Task Scheduler successfully finished ""{1998a826-e126-4a88-a57b-b9078a2652e8}"" instance of the ""\Microsoft\Windows\Time Synchronization\SynchronizeTime"" task for user ""(NONE)""."
"5/25/2026 7:50:25 AM","201","Information","Microsoft-Windows-TaskScheduler","Task Scheduler successfully completed task ""\Microsoft\Windows\Time Synchronization\SynchronizeTime"" , instance ""{1998a826-e126-4a88-a57b-b9078a2652e8}"" , action ""%windir%\system32\sc.exe"" with return code 2147943456."
"5/25/2026 7:50:25 AM","102","Information","Microsoft-Windows-TaskScheduler","Task Scheduler successfully finished ""{88e8b501-0281-4276-8223-f9fba37f6bb5}"" instance of the ""\Microsoft\Windows\DiskFootprint\Diagnostics"" task for user ""NT AUTHORITY\SYSTEM""."
"5/25/2026 7:50:25 AM","201","Information","Microsoft-Windows-TaskScheduler","Task Scheduler successfully completed task ""\Microsoft\Windows\DiskFootprint\Diagnostics"" , instance ""{88e8b501-0281-4276-8223-f9fba37f6bb5}"" , action ""%windir%\system32\disksnapshot.exe"" with return code 0."
"5/25/2026 7:50:25 AM","102","Information","Microsoft-Windows-TaskScheduler","Task Scheduler successfully finished ""{384b6018-4f25-448d-bb40-4f2102467dbc}"" instance of the ""\microsoft\windows\applicationdata\appuriverifierdaily"" task for user ""SCAFFOLD\Administrator""."
"5/25/2026 7:50:25 AM","201","Information","Microsoft-Windows-TaskScheduler","Task Scheduler successfully completed task ""\microsoft\windows\applicationdata\appuriverifierdaily"" , instance ""{384b6018-4f25-448d-bb40-4f2102467dbc}"" , action ""%windir%\system32\AppHostRegistrationVerifier.exe"" with return code 0."
"5/25/2026 7:50:25 AM","102","Information","Microsoft-Windows-TaskScheduler","Task Scheduler successfully finished ""{7d307269-ef67-45c5-b520-5893d6802188}"" instance of the ""\Microsoft\Windows\StateRepository\MaintenanceTasks"" task for user ""NT AUTHORITY\SYSTEM""."
"5/25/2026 7:50:25 AM","201","Information","Microsoft-Windows-TaskScheduler","Task Scheduler successfully completed task ""\Microsoft\Windows\StateRepository\MaintenanceTasks"" , instance ""{7d307269-ef67-45c5-b520-5893d6802188}"" , action ""%windir%\system32\rundll32.exe"" with return code 0."
"5/25/2026 7:50:25 AM","102","Information","Microsoft-Windows-TaskScheduler","Task Scheduler successfully finished ""{8f4de17f-0f8e-4517-afc5-65237da6b821}"" instance of the ""\Microsoft\Windows\License Manager\TempSignedLicenseExchange"" task for user ""SCAFFOLD\Administrator""."
"5/25/2026 7:50:25 AM","201","Information","Microsoft-Windows-TaskScheduler","Task Scheduler successfully completed task ""\Microsoft\Windows\License Manager\TempSignedLicenseExchange"" , instance ""{8f4de17f-0f8e-4517-afc5-65237da6b821}"" , action ""TempSignedLicenseExchangeTask"" with return code 0."
"5/25/2026 7:50:24 AM","102","Information","Microsoft-Windows-TaskScheduler","Task Scheduler successfully finished ""{3ec6b314-6ce0-42b2-be89-d98674f958e4}"" instance of the ""\Microsoft\Windows\Shell\IndexerAutomaticMaintenance"" task for user ""(NONE)""."
"5/25/2026 7:50:24 AM","201","Information","Microsoft-Windows-TaskScheduler","Task Scheduler successfully completed task ""\Microsoft\Windows\Shell\IndexerAutomaticMaintenance"" , instance ""{3ec6b314-6ce0-42b2-be89-d98674f958e4}"" , action ""Automatic Maintenance task to enable Windows Search to make progress while in Connected Standby"" with return code 2147942401."
"5/25/2026 7:50:24 AM","102","Information","Microsoft-Windows-TaskScheduler","Task Scheduler successfully finished ""{5ccd35f7-a685-4aa1-aa39-0855328d310e}"" instance of the ""\Microsoft\Windows\Flighting\FeatureConfig\UsageDataReporting"" task for user ""NT AUTHORITY\SYSTEM""."
"5/25/2026 7:50:24 AM","201","Information","Microsoft-Windows-TaskScheduler","Task Scheduler successfully completed task ""\Microsoft\Windows\Flighting\FeatureConfig\UsageDataReporting"" , instance ""{5ccd35f7-a685-4aa1-aa39-0855328d310e}"" , action ""Feature Usage Data Reporting Task Handler"" with return code 0."
"5/25/2026 7:50:24 AM","102","Information","Microsoft-Windows-TaskScheduler","Task Scheduler successfully finished ""{90a5b0a8-28bb-4779-a573-eaed8e6e4fe2}"" instance of the ""\Microsoft\Windows\Chkdsk\ProactiveScan"" task for user ""NT AUTHORITY\SYSTEM""."
"5/25/2026 7:50:24 AM","201","Information","Microsoft-Windows-TaskScheduler","Task Scheduler successfully completed task ""\Microsoft\Windows\Chkdsk\ProactiveScan"" , instance ""{90a5b0a8-28bb-4779-a573-eaed8e6e4fe2}"" , action ""Proactive Scan"" with return code 0."
"5/25/2026 7:50:24 AM","200","Information","Microsoft-Windows-TaskScheduler","Task Scheduler launched action ""%windir%\system32\cleanmgr.exe"" in instance ""{65e6114c-9099-4c18-b66f-02d506b46a81}"" of task ""\Microsoft\Windows\DiskCleanup\SilentCleanup""."
"5/25/2026 7:50:24 AM","100","Information","Microsoft-Windows-TaskScheduler","Task Scheduler started ""{65e6114c-9099-4c18-b66f-02d506b46a81}"" instance of the ""\Microsoft\Windows\DiskCleanup\SilentCleanup"" task for user ""SCAFFOLD\Administrator""."
"5/25/2026 7:50:24 AM","129","Information","Microsoft-Windows-TaskScheduler","Task Scheduler launch task ""\Microsoft\Windows\DiskCleanup\SilentCleanup"" , instance ""%windir%\system32\cleanmgr.exe""  with process ID 6136."
"5/25/2026 7:50:24 AM","200","Information","Microsoft-Windows-TaskScheduler","Task Scheduler launched action ""C:\ProgramData\Microsoft\Windows Defender\Platform\4.18.26030.3011-0\MpCmdRun.exe"" in instance ""{ad94a73d-6a08-4c1d-a324-a22f0d5653ef}"" of task ""\Microsoft\Windows\Windows Defender\Windows Defender Cache Maintenance""."
"5/25/2026 7:50:24 AM","100","Information","Microsoft-Windows-TaskScheduler","Task Scheduler started ""{ad94a73d-6a08-4c1d-a324-a22f0d5653ef}"" instance of the ""\Microsoft\Windows\Windows Defender\Windows Defender Cache Maintenance"" task for user ""NT AUTHORITY\SYSTEM""."
"5/25/2026 7:50:24 AM","129","Information","Microsoft-Windows-TaskScheduler","Task Scheduler launch task ""\Microsoft\Windows\Windows Defender\Windows Defender Cache Maintenance"" , instance ""C:\ProgramData\Microsoft\Windows Defender\Platform\4.18.26030.3011-0\MpCmdRun.exe""  with process ID 7716."
"5/25/2026 7:50:24 AM","200","Information","Microsoft-Windows-TaskScheduler","Task Scheduler launched action ""C:\ProgramData\Microsoft\Windows Defender\Platform\4.18.26030.3011-0\MpCmdRun.exe"" in instance ""{6ea638d0-d242-4616-88c8-708d020d7aef}"" of task ""\Microsoft\Windows\Windows Defender\Windows Defender Cleanup""."
"5/25/2026 7:50:24 AM","100","Information","Microsoft-Windows-TaskScheduler","Task Scheduler started ""{6ea638d0-d242-4616-88c8-708d020d7aef}"" instance of the ""\Microsoft\Windows\Windows Defender\Windows Defender Cleanup"" task for user ""NT AUTHORITY\SYSTEM""."
"5/25/2026 7:50:24 AM","129","Information","Microsoft-Windows-TaskScheduler","Task Scheduler launch task ""\Microsoft\Windows\Windows Defender\Windows Defender Cleanup"" , instance ""C:\ProgramData\Microsoft\Windows Defender\Platform\4.18.26030.3011-0\MpCmdRun.exe""  with process ID 6324."
"5/25/2026 7:50:24 AM","200","Information","Microsoft-Windows-TaskScheduler","Task Scheduler launched action ""C:\ProgramData\Microsoft\Windows Defender\Platform\4.18.26030.3011-0\MpCmdRun.exe"" in instance ""{26afe56e-3e18-49df-845d-169f0b67cec3}"" of task ""\Microsoft\Windows\Windows Defender\Windows Defender Verification""."
"5/25/2026 7:50:24 AM","100","Information","Microsoft-Windows-TaskScheduler","Task Scheduler started ""{26afe56e-3e18-49df-845d-169f0b67cec3}"" instance of the ""\Microsoft\Windows\Windows Defender\Windows Defender Verification"" task for user ""NT AUTHORITY\SYSTEM""."
"5/25/2026 7:50:24 AM","129","Information","Microsoft-Windows-TaskScheduler","Task Scheduler launch task ""\Microsoft\Windows\Windows Defender\Windows Defender Verification"" , instance ""C:\ProgramData\Microsoft\Windows Defender\Platform\4.18.26030.3011-0\MpCmdRun.exe""  with process ID 6816."
"5/25/2026 7:50:24 AM","200","Information","Microsoft-Windows-TaskScheduler","Task Scheduler launched action """" in instance ""{73b7b8f4-8d9b-4320-8be9-a011630f6501}"" of task ""\Microsoft\Windows\.NET Framework\.NET Framework NGEN v4.0.30319 64""."
"5/25/2026 7:50:24 AM","100","Information","Microsoft-Windows-TaskScheduler","Task Scheduler started ""{73b7b8f4-8d9b-4320-8be9-a011630f6501}"" instance of the ""\Microsoft\Windows\.NET Framework\.NET Framework NGEN v4.0.30319 64"" task for user ""NT AUTHORITY\SYSTEM""."
"5/25/2026 7:50:24 AM","200","Information","Microsoft-Windows-TaskScheduler","Task Scheduler launched action """" in instance ""{dd403951-a208-4f9e-8a84-335e84dad62f}"" of task ""\Microsoft\Windows\.NET Framework\.NET Framework NGEN v4.0.30319""."
"5/25/2026 7:50:24 AM","100","Information","Microsoft-Windows-TaskScheduler","Task Scheduler started ""{dd403951-a208-4f9e-8a84-335e84dad62f}"" instance of the ""\Microsoft\Windows\.NET Framework\.NET Framework NGEN v4.0.30319"" task for user ""NT AUTHORITY\SYSTEM""."
"5/25/2026 7:50:24 AM","325","Warning","Microsoft-Windows-TaskScheduler","Task Scheduler queued instance ""{40e4a551-3546-4e28-b9aa-597b5c55ce00}""  of task ""\Microsoft\Windows\Power Efficiency Diagnostics\AnalyzeSystem""."
"5/25/2026 7:50:24 AM","200","Information","Microsoft-Windows-TaskScheduler","Task Scheduler launched action ""TempSignedLicenseExchangeTask"" in instance ""{8f4de17f-0f8e-4517-afc5-65237da6b821}"" of task ""\Microsoft\Windows\License Manager\TempSignedLicenseExchange""."
"5/25/2026 7:50:24 AM","100","Information","Microsoft-Windows-TaskScheduler","Task Scheduler started ""{8f4de17f-0f8e-4517-afc5-65237da6b821}"" instance of the ""\Microsoft\Windows\License Manager\TempSignedLicenseExchange"" task for user ""SCAFFOLD\Administrator""."
"5/25/2026 7:50:24 AM","200","Information","Microsoft-Windows-TaskScheduler","Task Scheduler launched action ""%windir%\system32\disksnapshot.exe"" in instance ""{88e8b501-0281-4276-8223-f9fba37f6bb5}"" of task ""\Microsoft\Windows\DiskFootprint\Diagnostics""."
"5/25/2026 7:50:24 AM","100","Information","Microsoft-Windows-TaskScheduler","Task Scheduler started ""{88e8b501-0281-4276-8223-f9fba37f6bb5}"" instance of the ""\Microsoft\Windows\DiskFootprint\Diagnostics"" task for user ""NT AUTHORITY\SYSTEM""."
"5/25/2026 7:50:24 AM","129","Information","Microsoft-Windows-TaskScheduler","Task Scheduler launch task ""\Microsoft\Windows\DiskFootprint\Diagnostics"" , instance ""%windir%\system32\disksnapshot.exe""  with process ID 2260."
"5/25/2026 7:50:24 AM","200","Information","Microsoft-Windows-TaskScheduler","Task Scheduler launched action ""Automatic Maintenance task to enable Windows Search to make progress while in Connected Standby"" in instance ""{3ec6b314-6ce0-42b2-be89-d98674f958e4}"" of task ""\Microsoft\Windows\Shell\IndexerAutomaticMaintenance""."
"5/25/2026 7:50:24 AM","100","Information","Microsoft-Windows-TaskScheduler","Task Scheduler started ""{3ec6b314-6ce0-42b2-be89-d98674f958e4}"" instance of the ""\Microsoft\Windows\Shell\IndexerAutomaticMaintenance"" task for user ""(NONE)""."
"5/25/2026 7:50:24 AM","129","Information","Microsoft-Windows-TaskScheduler","Task Scheduler launch task ""\Microsoft\Windows\Shell\IndexerAutomaticMaintenance"" , instance ""taskhostw.exe""  with process ID 2544."
"5/25/2026 7:50:24 AM","200","Information","Microsoft-Windows-TaskScheduler","Task Scheduler launched action ""Proactive Scan"" in instance ""{90a5b0a8-28bb-4779-a573-eaed8e6e4fe2}"" of task ""\Microsoft\Windows\Chkdsk\ProactiveScan""."
"5/25/2026 7:50:24 AM","100","Information","Microsoft-Windows-TaskScheduler","Task Scheduler started ""{90a5b0a8-28bb-4779-a573-eaed8e6e4fe2}"" instance of the ""\Microsoft\Windows\Chkdsk\ProactiveScan"" task for user ""NT AUTHORITY\SYSTEM""."
"5/25/2026 7:50:24 AM","200","Information","Microsoft-Windows-TaskScheduler","Task Scheduler launched action ""%windir%\system32\sc.exe"" in instance ""{1998a826-e126-4a88-a57b-b9078a2652e8}"" of task ""\Microsoft\Windows\Time Synchronization\SynchronizeTime""."
"5/25/2026 7:50:24 AM","100","Information","Microsoft-Windows-TaskScheduler","Task Scheduler started ""{1998a826-e126-4a88-a57b-b9078a2652e8}"" instance of the ""\Microsoft\Windows\Time Synchronization\SynchronizeTime"" task for user ""(NONE)""."
"5/25/2026 7:50:24 AM","129","Information","Microsoft-Windows-TaskScheduler","Task Scheduler launch task ""\Microsoft\Windows\Time Synchronization\SynchronizeTime"" , instance ""%windir%\system32\sc.exe""  with process ID 8100."
"5/25/2026 7:50:24 AM","200","Information","Microsoft-Windows-TaskScheduler","Task Scheduler launched action ""Feature Usage Data Reporting Task Handler"" in instance ""{5ccd35f7-a685-4aa1-aa39-0855328d310e}"" of task ""\Microsoft\Windows\Flighting\FeatureConfig\UsageDataReporting""."
"5/25/2026 7:50:24 AM","100","Information","Microsoft-Windows-TaskScheduler","Task Scheduler started ""{5ccd35f7-a685-4aa1-aa39-0855328d310e}"" instance of the ""\Microsoft\Windows\Flighting\FeatureConfig\UsageDataReporting"" task for user ""NT AUTHORITY\SYSTEM""."
"5/25/2026 7:50:24 AM","200","Information","Microsoft-Windows-TaskScheduler","Task Scheduler launched action ""%windir%\system32\dstokenclean.exe"" in instance ""{f7f2611a-05f7-4e34-8f8d-102c620224d6}"" of task ""\Microsoft\Windows\ApplicationData\DsSvcCleanup""."
"5/25/2026 7:50:24 AM","100","Information","Microsoft-Windows-TaskScheduler","Task Scheduler started ""{f7f2611a-05f7-4e34-8f8d-102c620224d6}"" instance of the ""\Microsoft\Windows\ApplicationData\DsSvcCleanup"" task for user ""NT AUTHORITY\SYSTEM""."
"5/25/2026 7:50:24 AM","129","Information","Microsoft-Windows-TaskScheduler","Task Scheduler launch task ""\Microsoft\Windows\ApplicationData\DsSvcCleanup"" , instance ""%windir%\system32\dstokenclean.exe""  with process ID 7596."
"5/25/2026 7:50:24 AM","200","Information","Microsoft-Windows-TaskScheduler","Task Scheduler launched action ""%windir%\system32\AppHostRegistrationVerifier.exe"" in instance ""{384b6018-4f25-448d-bb40-4f2102467dbc}"" of task ""\microsoft\windows\applicationdata\appuriverifierdaily""."
"5/25/2026 7:50:24 AM","100","Information","Microsoft-Windows-TaskScheduler","Task Scheduler started ""{384b6018-4f25-448d-bb40-4f2102467dbc}"" instance of the ""\microsoft\windows\applicationdata\appuriverifierdaily"" task for user ""SCAFFOLD\Administrator""."
"5/25/2026 7:50:24 AM","129","Information","Microsoft-Windows-TaskScheduler","Task Scheduler launch task ""\microsoft\windows\applicationdata\appuriverifierdaily"" , instance ""%windir%\system32\AppHostRegistrationVerifier.exe""  with process ID 2708."
"5/25/2026 7:50:24 AM","200","Information","Microsoft-Windows-TaskScheduler","Task Scheduler launched action ""%windir%\system32\compattelrunner.exe"" in instance ""{9f801d5c-c27e-4e8b-9c25-e012b9c52743}"" of task ""\Microsoft\Windows\Application Experience\ProgramDataUpdater""."
"5/25/2026 7:50:24 AM","100","Information","Microsoft-Windows-TaskScheduler","Task Scheduler started ""{9f801d5c-c27e-4e8b-9c25-e012b9c52743}"" instance of the ""\Microsoft\Windows\Application Experience\ProgramDataUpdater"" task for user ""NT AUTHORITY\SYSTEM""."
"5/25/2026 7:50:24 AM","129","Information","Microsoft-Windows-TaskScheduler","Task Scheduler launch task ""\Microsoft\Windows\Application Experience\ProgramDataUpdater"" , instance ""%windir%\system32\compattelrunner.exe""  with process ID 6172."
"5/25/2026 7:50:24 AM","200","Information","Microsoft-Windows-TaskScheduler","Task Scheduler launched action ""%windir%\system32\rundll32.exe"" in instance ""{7d307269-ef67-45c5-b520-5893d6802188}"" of task ""\Microsoft\Windows\StateRepository\MaintenanceTasks""."
"5/25/2026 7:50:24 AM","100","Information","Microsoft-Windows-TaskScheduler","Task Scheduler started ""{7d307269-ef67-45c5-b520-5893d6802188}"" instance of the ""\Microsoft\Windows\StateRepository\MaintenanceTasks"" task for user ""NT AUTHORITY\SYSTEM""."
"5/25/2026 7:50:24 AM","129","Information","Microsoft-Windows-TaskScheduler","Task Scheduler launch task ""\Microsoft\Windows\StateRepository\MaintenanceTasks"" , instance ""%windir%\system32\rundll32.exe""  with process ID 8124."
"5/25/2026 7:50:24 AM","200","Information","Microsoft-Windows-TaskScheduler","Task Scheduler launched action ""StorageUsage State Reporter Task Handler"" in instance ""{aae8959e-20f9-4974-9579-95971302cc50}"" of task ""\Microsoft\Windows\DiskFootprint\StorageSense""."
"5/25/2026 7:50:24 AM","100","Information","Microsoft-Windows-TaskScheduler","Task Scheduler started ""{aae8959e-20f9-4974-9579-95971302cc50}"" instance of the ""\Microsoft\Windows\DiskFootprint\StorageSense"" task for user ""NT AUTHORITY\SYSTEM""."
"5/25/2026 7:50:24 AM","129","Information","Microsoft-Windows-TaskScheduler","Task Scheduler launch task ""\Microsoft\Windows\DiskFootprint\StorageSense"" , instance ""taskhostw.exe""  with process ID 8148."
"5/25/2026 7:50:24 AM","325","Warning","Microsoft-Windows-TaskScheduler","Task Scheduler queued instance ""{25dc6641-c938-4f90-9e24-be3d13e7b3f3}""  of task ""\Microsoft\Windows\Maintenance\WinSAT""."
"5/25/2026 7:50:24 AM","200","Information","Microsoft-Windows-TaskScheduler","Task Scheduler launched action ""ScheduledDiagnosticCustomHandler"" in instance ""{fbf533b4-0f82-463e-b220-2f266ac4adbf}"" of task ""\Microsoft\Windows\Diagnosis\Scheduled""."
"5/25/2026 7:50:24 AM","100","Information","Microsoft-Windows-TaskScheduler","Task Scheduler started ""{fbf533b4-0f82-463e-b220-2f266ac4adbf}"" instance of the ""\Microsoft\Windows\Diagnosis\Scheduled"" task for user ""SCAFFOLD\Administrator""."
"5/25/2026 7:50:24 AM","129","Information","Microsoft-Windows-TaskScheduler","Task Scheduler launch task ""\Microsoft\Windows\Diagnosis\Scheduled"" , instance ""taskhostw.exe""  with process ID 3300."
"5/25/2026 7:50:23 AM","102","Information","Microsoft-Windows-TaskScheduler","Task Scheduler successfully finished ""{a8660694-41d6-4e1b-ac92-50b20f7f3262}"" instance of the ""\Microsoft\Windows\Speech\SpeechModelDownloadTask"" task for user ""(NONE)""."
"5/25/2026 7:50:23 AM","201","Information","Microsoft-Windows-TaskScheduler","Task Scheduler successfully completed task ""\Microsoft\Windows\Speech\SpeechModelDownloadTask"" , instance ""{a8660694-41d6-4e1b-ac92-50b20f7f3262}"" , action ""%windir%\system32\speech_onecore\common\SpeechModelDownload.exe"" with return code 0."
"5/25/2026 7:50:23 AM","200","Information","Microsoft-Windows-TaskScheduler","Task Scheduler launched action ""C:\ProgramData\Microsoft\Windows Defender\Platform\4.18.26030.3011-0\MpCmdRun.exe"" in instance ""{62df4fc0-8ccd-4263-9b54-dcc624f3194b}"" of task ""\Microsoft\Windows\Windows Defender\Windows Defender Scheduled Scan""."
"5/25/2026 7:50:23 AM","100","Information","Microsoft-Windows-TaskScheduler","Task Scheduler started ""{62df4fc0-8ccd-4263-9b54-dcc624f3194b}"" instance of the ""\Microsoft\Windows\Windows Defender\Windows Defender Scheduled Scan"" task for user ""NT AUTHORITY\SYSTEM""."
"5/25/2026 7:50:23 AM","129","Information","Microsoft-Windows-TaskScheduler","Task Scheduler launch task ""\Microsoft\Windows\Windows Defender\Windows Defender Scheduled Scan"" , instance ""C:\ProgramData\Microsoft\Windows Defender\Platform\4.18.26030.3011-0\MpCmdRun.exe""  with process ID 4680."
"5/25/2026 7:50:23 AM","114","Warning","Microsoft-Windows-TaskScheduler","Task Scheduler could not launch task ""\Microsoft\Windows\Windows Defender\Windows Defender Scheduled Scan""  as scheduled. Instance ""{62df4fc0-8ccd-4263-9b54-dcc624f3194b}""  is started now as required by the configuration option to start the task when available, if schedule is missed."
"5/25/2026 7:50:23 AM","200","Information","Microsoft-Windows-TaskScheduler","Task Scheduler launched action ""%windir%\system32\speech_onecore\common\SpeechModelDownload.exe"" in instance ""{a8660694-41d6-4e1b-ac92-50b20f7f3262}"" of task ""\Microsoft\Windows\Speech\SpeechModelDownloadTask""."
"5/25/2026 7:50:23 AM","100","Information","Microsoft-Windows-TaskScheduler","Task Scheduler started ""{a8660694-41d6-4e1b-ac92-50b20f7f3262}"" instance of the ""\Microsoft\Windows\Speech\SpeechModelDownloadTask"" task for user ""(NONE)""."
"5/25/2026 7:50:23 AM","129","Information","Microsoft-Windows-TaskScheduler","Task Scheduler launch task ""\Microsoft\Windows\Speech\SpeechModelDownloadTask"" , instance ""%windir%\system32\speech_onecore\common\SpeechModelDownload.exe""  with process ID 8172."
"5/25/2026 7:50:23 AM","114","Warning","Microsoft-Windows-TaskScheduler","Task Scheduler could not launch task ""\Microsoft\Windows\Speech\SpeechModelDownloadTask""  as scheduled. Instance ""{a8660694-41d6-4e1b-ac92-50b20f7f3262}""  is started now as required by the configuration option to start the task when available, if schedule is missed."
"5/25/2026 7:48:41 AM","102","Information","Microsoft-Windows-TaskScheduler","Task Scheduler successfully finished ""{35026a38-858f-4fde-b620-b368f677dd1f}"" instance of the ""\Scaffold\ScaffoldDeployEngine"" task for user ""NT AUTHORITY\SYSTEM""."
"5/25/2026 7:48:41 AM","201","Information","Microsoft-Windows-TaskScheduler","Task Scheduler successfully completed task ""\Scaffold\ScaffoldDeployEngine"" , instance ""{35026a38-858f-4fde-b620-b368f677dd1f}"" , action ""powershell.exe"" with return code 0."
"5/25/2026 7:48:41 AM","200","Information","Microsoft-Windows-TaskScheduler","Task Scheduler launched action ""powershell.exe"" in instance ""{35026a38-858f-4fde-b620-b368f677dd1f}"" of task ""\Scaffold\ScaffoldDeployEngine""."
"5/25/2026 7:48:41 AM","100","Information","Microsoft-Windows-TaskScheduler","Task Scheduler started ""{35026a38-858f-4fde-b620-b368f677dd1f}"" instance of the ""\Scaffold\ScaffoldDeployEngine"" task for user ""NT AUTHORITY\SYSTEM""."
"5/25/2026 7:48:41 AM","129","Information","Microsoft-Windows-TaskScheduler","Task Scheduler launch task ""\Scaffold\ScaffoldDeployEngine"" , instance ""powershell.exe""  with process ID 8136."
"5/25/2026 7:48:41 AM","107","Information","Microsoft-Windows-TaskScheduler","Task Scheduler launched ""{35026a38-858f-4fde-b620-b368f677dd1f}""  instance of task ""\Scaffold\ScaffoldDeployEngine"" due to a time trigger condition."
"5/25/2026 7:47:13 AM","140","Information","Microsoft-Windows-TaskScheduler","User ""SCAFFOLD\DC$""  updated Task Scheduler task ""\Microsoft\Windows\SoftwareProtectionPlatform\SvcRestartTask"""
"5/25/2026 7:46:43 AM","102","Information","Microsoft-Windows-TaskScheduler","Task Scheduler successfully finished ""{63a76cde-dfbd-4f46-be4e-e4b7d4aef7f6}"" instance of the ""\MicrosoftEdgeUpdateTaskMachineUA"" task for user ""NT AUTHORITY\SYSTEM""."
"5/25/2026 7:46:43 AM","201","Information","Microsoft-Windows-TaskScheduler","Task Scheduler successfully completed task ""\MicrosoftEdgeUpdateTaskMachineUA"" , instance ""{63a76cde-dfbd-4f46-be4e-e4b7d4aef7f6}"" , action ""C:\Program Files (x86)\Microsoft\EdgeUpdate\MicrosoftEdgeUpdate.exe"" with return code 0."
"5/25/2026 7:46:41 AM","102","Information","Microsoft-Windows-TaskScheduler","Task Scheduler successfully finished ""{c299f695-9b9f-489c-865c-9edd426e3742}"" instance of the ""\Scaffold\ScaffoldDeployEngine"" task for user ""NT AUTHORITY\SYSTEM""."
"5/25/2026 7:46:41 AM","201","Information","Microsoft-Windows-TaskScheduler","Task Scheduler successfully completed task ""\Scaffold\ScaffoldDeployEngine"" , instance ""{c299f695-9b9f-489c-865c-9edd426e3742}"" , action ""powershell.exe"" with return code 0."
"5/25/2026 7:46:41 AM","200","Information","Microsoft-Windows-TaskScheduler","Task Scheduler launched action ""powershell.exe"" in instance ""{c299f695-9b9f-489c-865c-9edd426e3742}"" of task ""\Scaffold\ScaffoldDeployEngine""."
"5/25/2026 7:46:41 AM","100","Information","Microsoft-Windows-TaskScheduler","Task Scheduler started ""{c299f695-9b9f-489c-865c-9edd426e3742}"" instance of the ""\Scaffold\ScaffoldDeployEngine"" task for user ""NT AUTHORITY\SYSTEM""."
"5/25/2026 7:46:41 AM","129","Information","Microsoft-Windows-TaskScheduler","Task Scheduler launch task ""\Scaffold\ScaffoldDeployEngine"" , instance ""powershell.exe""  with process ID 2960."
"5/25/2026 7:46:41 AM","107","Information","Microsoft-Windows-TaskScheduler","Task Scheduler launched ""{c299f695-9b9f-489c-865c-9edd426e3742}""  instance of task ""\Scaffold\ScaffoldDeployEngine"" due to a time trigger condition."
"5/25/2026 7:46:21 AM","140","Information","Microsoft-Windows-TaskScheduler","User ""SCAFFOLD\DC$""  updated Task Scheduler task ""\Microsoft\Windows\SoftwareProtectionPlatform\SvcRestartTask"""
"5/25/2026 7:45:51 AM","102","Information","Microsoft-Windows-TaskScheduler","Task Scheduler successfully finished ""{783ab094-1469-4eb5-9175-cc2063d28730}"" instance of the ""\Microsoft\Windows\Device Information\Device"" task for user ""NT AUTHORITY\SYSTEM""."
"5/25/2026 7:45:51 AM","201","Information","Microsoft-Windows-TaskScheduler","Task Scheduler successfully completed task ""\Microsoft\Windows\Device Information\Device"" , instance ""{783ab094-1469-4eb5-9175-cc2063d28730}"" , action ""%windir%\system32\devicecensus.exe"" with return code 0."
"5/25/2026 7:45:51 AM","140","Information","Microsoft-Windows-TaskScheduler","User ""SCAFFOLD\DC$""  updated Task Scheduler task ""\Microsoft\Windows\Device Information\Device"""
"5/25/2026 7:45:51 AM","140","Information","Microsoft-Windows-TaskScheduler","User ""SCAFFOLD\DC$""  updated Task Scheduler task ""\Microsoft\Windows\Device Information\Device"""
"5/25/2026 7:45:50 AM","103","Error","Microsoft-Windows-TaskScheduler","Task Scheduler failed to start instance ""{f97d71c9-afc8-4b53-beb2-b6a4f2c650bc}"" of ""\Microsoft\Windows\Flighting\OneSettings\RefreshCache""  task for user ""NT AUTHORITY\SYSTEM"" . Additional Data: Error Value: 2147954407."
"5/25/2026 7:45:50 AM","202","Error","Microsoft-Windows-TaskScheduler","Task Scheduler failed to complete task ""\Microsoft\Windows\Flighting\OneSettings\RefreshCache"" , instance ""{f97d71c9-afc8-4b53-beb2-b6a4f2c650bc}"" , action ""OneSettings Refresh Cache Task Handler"" . Additional Data: Error Value: 2147954407."
"5/25/2026 7:45:50 AM","140","Information","Microsoft-Windows-TaskScheduler","User ""SCAFFOLD\DC$""  updated Task Scheduler task ""\Microsoft\Windows\UpdateOrchestrator\Schedule Scan"""
"5/25/2026 7:45:50 AM","140","Information","Microsoft-Windows-TaskScheduler","User ""S-1-5-18""  updated Task Scheduler task ""\Microsoft\Windows\UpdateOrchestrator\Schedule Scan"""
"5/25/2026 7:45:50 AM","200","Information","Microsoft-Windows-TaskScheduler","Task Scheduler launched action ""OneSettings Refresh Cache Task Handler"" in instance ""{f97d71c9-afc8-4b53-beb2-b6a4f2c650bc}"" of task ""\Microsoft\Windows\Flighting\OneSettings\RefreshCache""."
"5/25/2026 7:45:50 AM","100","Information","Microsoft-Windows-TaskScheduler","Task Scheduler started ""{f97d71c9-afc8-4b53-beb2-b6a4f2c650bc}"" instance of the ""\Microsoft\Windows\Flighting\OneSettings\RefreshCache"" task for user ""NT AUTHORITY\SYSTEM""."
"5/25/2026 7:45:50 AM","129","Information","Microsoft-Windows-TaskScheduler","Task Scheduler launch task ""\Microsoft\Windows\Flighting\OneSettings\RefreshCache"" , instance ""taskhostw.exe""  with process ID 3724."
"5/25/2026 7:45:50 AM","103","Error","Microsoft-Windows-TaskScheduler","Task Scheduler failed to start instance ""{8195c1d3-ffae-4095-adf5-00b625f6300d}"" of ""\Microsoft\Windows\Flighting\OneSettings\RefreshCache""  task for user ""NT AUTHORITY\SYSTEM"" . Additional Data: Error Value: 2147954407."
"5/25/2026 7:45:50 AM","202","Error","Microsoft-Windows-TaskScheduler","Task Scheduler failed to complete task ""\Microsoft\Windows\Flighting\OneSettings\RefreshCache"" , instance ""{8195c1d3-ffae-4095-adf5-00b625f6300d}"" , action ""OneSettings Refresh Cache Task Handler"" . Additional Data: Error Value: 2147954407."
"5/25/2026 7:45:50 AM","102","Information","Microsoft-Windows-TaskScheduler","Task Scheduler successfully finished ""{c9e8b15e-b330-45d0-a7dd-9c736ca45c8b}"" instance of the ""\Microsoft\Windows\Application Experience\PcaPatchDbTask"" task for user ""NT AUTHORITY\SYSTEM""."
