"5/24/2026 7:37:53 AM","140","Information","Microsoft-Windows-TaskScheduler","User ""SCAFFOLD\Administrator""  updated Task Scheduler task ""\CreateExplorerShellUnelevatedTask"""
"5/24/2026 7:37:53 AM","106","Information","Microsoft-Windows-TaskScheduler","User ""SCAFFOLD\Administrator""  registered Task Scheduler task ""\CreateExplorerShellUnelevatedTask"""
"5/24/2026 7:37:53 AM","141","Information","Microsoft-Windows-TaskScheduler","User ""SCAFFOLD\Administrator""  deleted Task Scheduler task ""\CreateExplorerShellUnelevatedTask"""
"5/24/2026 7:37:52 AM","200","Information","Microsoft-Windows-TaskScheduler","Task Scheduler launched action ""Color Calibration Loader"" in instance ""{44d5097f-480d-4a64-8dc5-6c7a4a296827}"" of task ""\Microsoft\Windows\WindowsColorSystem\Calibration Loader""."
"5/24/2026 7:37:52 AM","100","Information","Microsoft-Windows-TaskScheduler","Task Scheduler started ""{44d5097f-480d-4a64-8dc5-6c7a4a296827}"" instance of the ""\Microsoft\Windows\WindowsColorSystem\Calibration Loader"" task for user ""SCAFFOLD\Administrator""."
"5/24/2026 7:37:52 AM","102","Information","Microsoft-Windows-TaskScheduler","Task Scheduler successfully finished ""{5ac0e422-c54b-45a8-907b-3b30f5c8c64d}"" instance of the ""\Microsoft\Windows\TextServicesFramework\MsCtfMonitor"" task for user ""SCAFFOLD\Administrator""."
"5/24/2026 7:37:52 AM","201","Information","Microsoft-Windows-TaskScheduler","Task Scheduler successfully completed task ""\Microsoft\Windows\TextServicesFramework\MsCtfMonitor"" , instance ""{5ac0e422-c54b-45a8-907b-3b30f5c8c64d}"" , action ""MsCtfMonitor task handler"" with return code 0."
"5/24/2026 7:37:52 AM","200","Information","Microsoft-Windows-TaskScheduler","Task Scheduler launched action ""C:\Program Files (x86)\Microsoft\EdgeUpdate\MicrosoftEdgeUpdate.exe"" in instance ""{fdcb907b-fbea-4bbb-9a10-7ba7d8339d3c}"" of task ""\MicrosoftEdgeUpdateTaskMachineCore""."
"5/24/2026 7:37:52 AM","100","Information","Microsoft-Windows-TaskScheduler","Task Scheduler started ""{fdcb907b-fbea-4bbb-9a10-7ba7d8339d3c}"" instance of the ""\MicrosoftEdgeUpdateTaskMachineCore"" task for user ""NT AUTHORITY\SYSTEM""."
"5/24/2026 7:37:52 AM","129","Information","Microsoft-Windows-TaskScheduler","Task Scheduler launch task ""\MicrosoftEdgeUpdateTaskMachineCore"" , instance ""C:\Program Files (x86)\Microsoft\EdgeUpdate\MicrosoftEdgeUpdate.exe""  with process ID 1068."
"5/24/2026 7:37:52 AM","200","Information","Microsoft-Windows-TaskScheduler","Task Scheduler launched action ""Device Installation Reboot Dialog Task"" in instance ""{3d2bd87a-2d1d-4c08-ac07-f428fd70cdaa}"" of task ""\Microsoft\Windows\Plug and Play\Device Install Reboot Required""."
"5/24/2026 7:37:52 AM","100","Information","Microsoft-Windows-TaskScheduler","Task Scheduler started ""{3d2bd87a-2d1d-4c08-ac07-f428fd70cdaa}"" instance of the ""\Microsoft\Windows\Plug and Play\Device Install Reboot Required"" task for user ""SCAFFOLD\Administrator""."
"5/24/2026 7:37:52 AM","129","Information","Microsoft-Windows-TaskScheduler","Task Scheduler launch task ""\Microsoft\Windows\Plug and Play\Device Install Reboot Required"" , instance ""taskhostw.exe""  with process ID 2952."
"5/24/2026 7:37:52 AM","119","Information","Microsoft-Windows-TaskScheduler","Task Scheduler launched ""{3d2bd87a-2d1d-4c08-ac07-f428fd70cdaa}""  instance of task ""\Microsoft\Windows\Plug and Play\Device Install Reboot Required"" due to user ""SCAFFOLD\Administrator""  logon."
"5/24/2026 7:37:52 AM","200","Information","Microsoft-Windows-TaskScheduler","Task Scheduler launched action ""Wininet Cache task object"" in instance ""{f7fa0502-e5d0-4b7e-b8ab-1602ef79bdc8}"" of task ""\Microsoft\Windows\Wininet\CacheTask""."
"5/24/2026 7:37:52 AM","100","Information","Microsoft-Windows-TaskScheduler","Task Scheduler started ""{f7fa0502-e5d0-4b7e-b8ab-1602ef79bdc8}"" instance of the ""\Microsoft\Windows\Wininet\CacheTask"" task for user ""SCAFFOLD\Administrator""."
"5/24/2026 7:37:52 AM","119","Information","Microsoft-Windows-TaskScheduler","Task Scheduler launched ""{f7fa0502-e5d0-4b7e-b8ab-1602ef79bdc8}""  instance of task ""\Microsoft\Windows\Wininet\CacheTask"" due to user ""SCAFFOLD\Administrator""  logon."
"5/24/2026 7:37:52 AM","119","Information","Microsoft-Windows-TaskScheduler","Task Scheduler launched ""{fdcb907b-fbea-4bbb-9a10-7ba7d8339d3c}""  instance of task ""\MicrosoftEdgeUpdateTaskMachineCore"" due to user ""SCAFFOLD\Administrator""  logon."
"5/24/2026 7:37:52 AM","200","Information","Microsoft-Windows-TaskScheduler","Task Scheduler launched action ""Certificate Services Client Task Handler"" in instance ""{398761ae-e8d1-4b7b-b456-9a8055aaa62f}"" of task ""\Microsoft\Windows\CertificateServicesClient\UserTask""."
"5/24/2026 7:37:52 AM","100","Information","Microsoft-Windows-TaskScheduler","Task Scheduler started ""{398761ae-e8d1-4b7b-b456-9a8055aaa62f}"" instance of the ""\Microsoft\Windows\CertificateServicesClient\UserTask"" task for user ""SCAFFOLD\Administrator""."
"5/24/2026 7:37:52 AM","129","Information","Microsoft-Windows-TaskScheduler","Task Scheduler launch task ""\Microsoft\Windows\CertificateServicesClient\UserTask"" , instance ""taskhostw.exe""  with process ID 3296."
"5/24/2026 7:37:52 AM","119","Information","Microsoft-Windows-TaskScheduler","Task Scheduler launched ""{44d5097f-480d-4a64-8dc5-6c7a4a296827}""  instance of task ""\Microsoft\Windows\WindowsColorSystem\Calibration Loader"" due to user ""SCAFFOLD\Administrator""  logon."
"5/24/2026 7:37:52 AM","200","Information","Microsoft-Windows-TaskScheduler","Task Scheduler launched action ""%windir%\system32\ServerManagerLauncher.exe"" in instance ""{85ac2737-85df-42cc-b31d-a7c67d3a66f6}"" of task ""\Microsoft\Windows\Server Manager\ServerManager""."
"5/24/2026 7:37:52 AM","100","Information","Microsoft-Windows-TaskScheduler","Task Scheduler started ""{85ac2737-85df-42cc-b31d-a7c67d3a66f6}"" instance of the ""\Microsoft\Windows\Server Manager\ServerManager"" task for user ""SCAFFOLD\Administrator""."
"5/24/2026 7:37:52 AM","119","Information","Microsoft-Windows-TaskScheduler","Task Scheduler launched ""{398761ae-e8d1-4b7b-b456-9a8055aaa62f}""  instance of task ""\Microsoft\Windows\CertificateServicesClient\UserTask"" due to user ""SCAFFOLD\Administrator""  logon."
"5/24/2026 7:37:52 AM","129","Information","Microsoft-Windows-TaskScheduler","Task Scheduler launch task ""\Microsoft\Windows\Server Manager\ServerManager"" , instance ""%windir%\system32\ServerManagerLauncher.exe""  with process ID 3240."
"5/24/2026 7:37:52 AM","200","Information","Microsoft-Windows-TaskScheduler","Task Scheduler launched action ""MsCtfMonitor task handler"" in instance ""{5ac0e422-c54b-45a8-907b-3b30f5c8c64d}"" of task ""\Microsoft\Windows\TextServicesFramework\MsCtfMonitor""."
"5/24/2026 7:37:52 AM","100","Information","Microsoft-Windows-TaskScheduler","Task Scheduler started ""{5ac0e422-c54b-45a8-907b-3b30f5c8c64d}"" instance of the ""\Microsoft\Windows\TextServicesFramework\MsCtfMonitor"" task for user ""SCAFFOLD\Administrator""."
"5/24/2026 7:37:52 AM","129","Information","Microsoft-Windows-TaskScheduler","Task Scheduler launch task ""\Microsoft\Windows\TextServicesFramework\MsCtfMonitor"" , instance ""taskhostw.exe""  with process ID 3232."
"5/24/2026 7:37:52 AM","119","Information","Microsoft-Windows-TaskScheduler","Task Scheduler launched ""{5ac0e422-c54b-45a8-907b-3b30f5c8c64d}""  instance of task ""\Microsoft\Windows\TextServicesFramework\MsCtfMonitor"" due to user ""SCAFFOLD\Administrator""  logon."
"5/24/2026 7:37:52 AM","119","Information","Microsoft-Windows-TaskScheduler","Task Scheduler launched ""{85ac2737-85df-42cc-b31d-a7c67d3a66f6}""  instance of task ""\Microsoft\Windows\Server Manager\ServerManager"" due to user ""SCAFFOLD\Administrator""  logon."
"5/24/2026 7:37:39 AM","102","Information","Microsoft-Windows-TaskScheduler","Task Scheduler successfully finished ""{3f2e78b2-95c3-485c-b0d4-d6893bb4b210}"" instance of the ""\Microsoft\Windows\Software Inventory Logging\Configuration"" task for user ""NT AUTHORITY\SYSTEM""."
"5/24/2026 7:37:39 AM","201","Information","Microsoft-Windows-TaskScheduler","Task Scheduler successfully completed task ""\Microsoft\Windows\Software Inventory Logging\Configuration"" , instance ""{3f2e78b2-95c3-485c-b0d4-d6893bb4b210}"" , action ""%systemroot%\system32\cmd.exe"" with return code 0."
"5/24/2026 7:37:39 AM","102","Information","Microsoft-Windows-TaskScheduler","Task Scheduler successfully finished ""{72d03f74-6895-404b-908c-82009dbb201e}"" instance of the ""\Microsoft\Windows\DirectX\DXGIAdapterCache"" task for user ""NT AUTHORITY\SYSTEM""."
"5/24/2026 7:37:39 AM","201","Information","Microsoft-Windows-TaskScheduler","Task Scheduler successfully completed task ""\Microsoft\Windows\DirectX\DXGIAdapterCache"" , instance ""{72d03f74-6895-404b-908c-82009dbb201e}"" , action ""%windir%\system32\dxgiadaptercache.exe"" with return code 0."
"5/24/2026 7:37:39 AM","200","Information","Microsoft-Windows-TaskScheduler","Task Scheduler launched action ""%windir%\system32\dxgiadaptercache.exe"" in instance ""{72d03f74-6895-404b-908c-82009dbb201e}"" of task ""\Microsoft\Windows\DirectX\DXGIAdapterCache""."
"5/24/2026 7:37:39 AM","100","Information","Microsoft-Windows-TaskScheduler","Task Scheduler started ""{72d03f74-6895-404b-908c-82009dbb201e}"" instance of the ""\Microsoft\Windows\DirectX\DXGIAdapterCache"" task for user ""NT AUTHORITY\SYSTEM""."
"5/24/2026 7:37:39 AM","200","Information","Microsoft-Windows-TaskScheduler","Task Scheduler launched action ""%systemroot%\system32\cmd.exe"" in instance ""{3f2e78b2-95c3-485c-b0d4-d6893bb4b210}"" of task ""\Microsoft\Windows\Software Inventory Logging\Configuration""."
"5/24/2026 7:37:39 AM","100","Information","Microsoft-Windows-TaskScheduler","Task Scheduler started ""{3f2e78b2-95c3-485c-b0d4-d6893bb4b210}"" instance of the ""\Microsoft\Windows\Software Inventory Logging\Configuration"" task for user ""NT AUTHORITY\SYSTEM""."
"5/24/2026 7:37:39 AM","129","Information","Microsoft-Windows-TaskScheduler","Task Scheduler launch task ""\Microsoft\Windows\DirectX\DXGIAdapterCache"" , instance ""%windir%\system32\dxgiadaptercache.exe""  with process ID 5340."
"5/24/2026 7:37:39 AM","129","Information","Microsoft-Windows-TaskScheduler","Task Scheduler launch task ""\Microsoft\Windows\Software Inventory Logging\Configuration"" , instance ""%systemroot%\system32\cmd.exe""  with process ID 5360."
"5/24/2026 7:37:39 AM","118","Information","Microsoft-Windows-TaskScheduler","Task Scheduler launched ""{72d03f74-6895-404b-908c-82009dbb201e}""  instance of task ""\Microsoft\Windows\DirectX\DXGIAdapterCache""  due to system startup."
"5/24/2026 7:37:39 AM","118","Information","Microsoft-Windows-TaskScheduler","Task Scheduler launched ""{3f2e78b2-95c3-485c-b0d4-d6893bb4b210}""  instance of task ""\Microsoft\Windows\Software Inventory Logging\Configuration""  due to system startup."
"5/24/2026 7:37:20 AM","140","Information","Microsoft-Windows-TaskScheduler","User ""SCAFFOLD\DC$""  updated Task Scheduler task ""\Microsoft\Windows\SoftwareProtectionPlatform\SvcRestartTask"""
"5/24/2026 7:37:18 AM","102","Information","Microsoft-Windows-TaskScheduler","Task Scheduler successfully finished ""{00239a3b-ffe2-475a-baa6-36f3f0ad58af}"" instance of the ""\Microsoft\Windows\CertificateServicesClient\SystemTask"" task for user ""NT AUTHORITY\SYSTEM""."
"5/24/2026 7:37:18 AM","201","Information","Microsoft-Windows-TaskScheduler","Task Scheduler successfully completed task ""\Microsoft\Windows\CertificateServicesClient\SystemTask"" , instance ""{00239a3b-ffe2-475a-baa6-36f3f0ad58af}"" , action ""Certificate Services Client Task Handler"" with return code 0."
"5/24/2026 7:37:17 AM","102","Information","Microsoft-Windows-TaskScheduler","Task Scheduler successfully finished ""{e2015fd7-b916-4ce4-ba87-35afc9c04b97}"" instance of the ""\Microsoft\Windows\Workplace Join\Automatic-Device-Join"" task for user ""NT AUTHORITY\SYSTEM""."
"5/24/2026 7:37:17 AM","201","Information","Microsoft-Windows-TaskScheduler","Task Scheduler successfully completed task ""\Microsoft\Windows\Workplace Join\Automatic-Device-Join"" , instance ""{e2015fd7-b916-4ce4-ba87-35afc9c04b97}"" , action ""%SystemRoot%\System32\dsregcmd.exe"" with return code 0."
"5/24/2026 7:37:07 AM","102","Information","Microsoft-Windows-TaskScheduler","Task Scheduler successfully finished ""{9a24c15e-259c-43c4-ade0-a697872fd683}"" instance of the ""\Scaffold\ScaffoldDeployEngine"" task for user ""NT AUTHORITY\SYSTEM""."
"5/24/2026 7:37:07 AM","201","Information","Microsoft-Windows-TaskScheduler","Task Scheduler successfully completed task ""\Scaffold\ScaffoldDeployEngine"" , instance ""{9a24c15e-259c-43c4-ade0-a697872fd683}"" , action ""powershell.exe"" with return code 0."
"5/24/2026 7:36:49 AM","200","Information","Microsoft-Windows-TaskScheduler","Task Scheduler launched action ""Certificate Services Client Task Handler"" in instance ""{00239a3b-ffe2-475a-baa6-36f3f0ad58af}"" of task ""\Microsoft\Windows\CertificateServicesClient\SystemTask""."
"5/24/2026 7:36:49 AM","100","Information","Microsoft-Windows-TaskScheduler","Task Scheduler started ""{00239a3b-ffe2-475a-baa6-36f3f0ad58af}"" instance of the ""\Microsoft\Windows\CertificateServicesClient\SystemTask"" task for user ""NT AUTHORITY\SYSTEM""."
"5/24/2026 7:36:49 AM","129","Information","Microsoft-Windows-TaskScheduler","Task Scheduler launch task ""\Microsoft\Windows\CertificateServicesClient\SystemTask"" , instance ""taskhostw.exe""  with process ID 4248."
"5/24/2026 7:36:49 AM","118","Information","Microsoft-Windows-TaskScheduler","Task Scheduler launched ""{00239a3b-ffe2-475a-baa6-36f3f0ad58af}""  instance of task ""\Microsoft\Windows\CertificateServicesClient\SystemTask""  due to system startup."
"5/24/2026 7:36:41 AM","200","Information","Microsoft-Windows-TaskScheduler","Task Scheduler launched action ""powershell.exe"" in instance ""{9a24c15e-259c-43c4-ade0-a697872fd683}"" of task ""\Scaffold\ScaffoldDeployEngine""."
"5/24/2026 7:36:41 AM","100","Information","Microsoft-Windows-TaskScheduler","Task Scheduler started ""{9a24c15e-259c-43c4-ade0-a697872fd683}"" instance of the ""\Scaffold\ScaffoldDeployEngine"" task for user ""NT AUTHORITY\SYSTEM""."
"5/24/2026 7:36:41 AM","129","Information","Microsoft-Windows-TaskScheduler","Task Scheduler launch task ""\Scaffold\ScaffoldDeployEngine"" , instance ""powershell.exe""  with process ID 2692."
"5/24/2026 7:36:41 AM","107","Information","Microsoft-Windows-TaskScheduler","Task Scheduler launched ""{9a24c15e-259c-43c4-ade0-a697872fd683}""  instance of task ""\Scaffold\ScaffoldDeployEngine"" due to a time trigger condition."
"5/24/2026 7:36:39 AM","200","Information","Microsoft-Windows-TaskScheduler","Task Scheduler launched action ""%SystemRoot%\System32\dsregcmd.exe"" in instance ""{e2015fd7-b916-4ce4-ba87-35afc9c04b97}"" of task ""\Microsoft\Windows\Workplace Join\Automatic-Device-Join""."
"5/24/2026 7:36:39 AM","100","Information","Microsoft-Windows-TaskScheduler","Task Scheduler started ""{e2015fd7-b916-4ce4-ba87-35afc9c04b97}"" instance of the ""\Microsoft\Windows\Workplace Join\Automatic-Device-Join"" task for user ""NT AUTHORITY\SYSTEM""."
"5/24/2026 7:36:39 AM","129","Information","Microsoft-Windows-TaskScheduler","Task Scheduler launch task ""\Microsoft\Windows\Workplace Join\Automatic-Device-Join"" , instance ""%SystemRoot%\System32\dsregcmd.exe""  with process ID 2640."
"5/24/2026 7:36:39 AM","110","Information","Microsoft-Windows-TaskScheduler","Task Scheduler launched ""{e2015fd7-b916-4ce4-ba87-35afc9c04b97}""  instance of task ""\Microsoft\Windows\Workplace Join\Automatic-Device-Join""  for user ""System"" ."
"5/24/2026 7:36:39 AM","325","Warning","Microsoft-Windows-TaskScheduler","Task Scheduler queued instance ""{e2015fd7-b916-4ce4-ba87-35afc9c04b97}""  of task ""\Microsoft\Windows\Workplace Join\Automatic-Device-Join""."
"5/24/2026 7:36:39 AM","102","Information","Microsoft-Windows-TaskScheduler","Task Scheduler successfully finished ""{a32982ea-a22e-42c6-a905-6ca1553d353e}"" instance of the ""\Microsoft\Windows\WwanSvc\OobeDiscovery"" task for user ""NT AUTHORITY\SYSTEM""."
"5/24/2026 7:36:39 AM","201","Information","Microsoft-Windows-TaskScheduler","Task Scheduler successfully completed task ""\Microsoft\Windows\WwanSvc\OobeDiscovery"" , instance ""{a32982ea-a22e-42c6-a905-6ca1553d353e}"" , action ""OobeEsimTaskManager"" with return code 0."
"5/24/2026 7:36:39 AM","102","Information","Microsoft-Windows-TaskScheduler","Task Scheduler successfully finished ""{a165a01b-bf55-4333-baff-fdd45684cc18}"" instance of the ""\Microsoft\Windows\ExploitGuard\ExploitGuard MDM policy Refresh"" task for user ""NT AUTHORITY\SYSTEM""."
"5/24/2026 7:36:39 AM","201","Information","Microsoft-Windows-TaskScheduler","Task Scheduler successfully completed task ""\Microsoft\Windows\ExploitGuard\ExploitGuard MDM policy Refresh"" , instance ""{a165a01b-bf55-4333-baff-fdd45684cc18}"" , action """" with return code 0."
"5/24/2026 7:36:39 AM","102","Information","Microsoft-Windows-TaskScheduler","Task Scheduler successfully finished ""{f11f139b-d6ab-4316-8534-22aeb7a91efb}"" instance of the ""\Microsoft\Windows\DirectX\DXGIAdapterCache"" task for user ""NT AUTHORITY\SYSTEM""."
"5/24/2026 7:36:39 AM","201","Information","Microsoft-Windows-TaskScheduler","Task Scheduler successfully completed task ""\Microsoft\Windows\DirectX\DXGIAdapterCache"" , instance ""{f11f139b-d6ab-4316-8534-22aeb7a91efb}"" , action ""%windir%\system32\dxgiadaptercache.exe"" with return code 0."
"5/24/2026 7:36:39 AM","102","Information","Microsoft-Windows-TaskScheduler","Task Scheduler successfully finished ""{244ba7c4-688d-427a-aba0-ab08fc16f5c8}"" instance of the ""\Microsoft\Windows\Time Synchronization\ForceSynchronizeTime"" task for user ""(NONE)""."
"5/24/2026 7:36:39 AM","201","Information","Microsoft-Windows-TaskScheduler","Task Scheduler successfully completed task ""\Microsoft\Windows\Time Synchronization\ForceSynchronizeTime"" , instance ""{244ba7c4-688d-427a-aba0-ab08fc16f5c8}"" , action ""Time Synchronization Task Handler"" with return code 0."
"5/24/2026 7:36:39 AM","200","Information","Microsoft-Windows-TaskScheduler","Task Scheduler launched action ""Time Synchronization Task Handler"" in instance ""{244ba7c4-688d-427a-aba0-ab08fc16f5c8}"" of task ""\Microsoft\Windows\Time Synchronization\ForceSynchronizeTime""."
"5/24/2026 7:36:39 AM","100","Information","Microsoft-Windows-TaskScheduler","Task Scheduler started ""{244ba7c4-688d-427a-aba0-ab08fc16f5c8}"" instance of the ""\Microsoft\Windows\Time Synchronization\ForceSynchronizeTime"" task for user ""(NONE)""."
"5/24/2026 7:36:39 AM","129","Information","Microsoft-Windows-TaskScheduler","Task Scheduler launch task ""\Microsoft\Windows\Time Synchronization\ForceSynchronizeTime"" , instance ""taskhostw.exe""  with process ID 2568."
"5/24/2026 7:36:39 AM","200","Information","Microsoft-Windows-TaskScheduler","Task Scheduler launched action ""OobeEsimTaskManager"" in instance ""{a32982ea-a22e-42c6-a905-6ca1553d353e}"" of task ""\Microsoft\Windows\WwanSvc\OobeDiscovery""."
"5/24/2026 7:36:39 AM","100","Information","Microsoft-Windows-TaskScheduler","Task Scheduler started ""{a32982ea-a22e-42c6-a905-6ca1553d353e}"" instance of the ""\Microsoft\Windows\WwanSvc\OobeDiscovery"" task for user ""NT AUTHORITY\SYSTEM""."
"5/24/2026 7:36:38 AM","101","Error","Microsoft-Windows-TaskScheduler","Task Scheduler failed to start ""\Microsoft\Windows\Workplace Join\Automatic-Device-Join"" task for user ""(default user)"". Additional Data: Error Value: 2147943568."
"5/24/2026 7:36:38 AM","200","Information","Microsoft-Windows-TaskScheduler","Task Scheduler launched action """" in instance ""{a165a01b-bf55-4333-baff-fdd45684cc18}"" of task ""\Microsoft\Windows\ExploitGuard\ExploitGuard MDM policy Refresh""."
"5/24/2026 7:36:38 AM","100","Information","Microsoft-Windows-TaskScheduler","Task Scheduler started ""{a165a01b-bf55-4333-baff-fdd45684cc18}"" instance of the ""\Microsoft\Windows\ExploitGuard\ExploitGuard MDM policy Refresh"" task for user ""NT AUTHORITY\SYSTEM""."
"5/24/2026 7:36:38 AM","129","Information","Microsoft-Windows-TaskScheduler","Task Scheduler launch task ""\Microsoft\Windows\ExploitGuard\ExploitGuard MDM policy Refresh"" , instance ""taskhostw.exe""  with process ID 1520."
"5/24/2026 7:36:38 AM","200","Information","Microsoft-Windows-TaskScheduler","Task Scheduler launched action ""%windir%\system32\dxgiadaptercache.exe"" in instance ""{f11f139b-d6ab-4316-8534-22aeb7a91efb}"" of task ""\Microsoft\Windows\DirectX\DXGIAdapterCache""."
"5/24/2026 7:36:38 AM","100","Information","Microsoft-Windows-TaskScheduler","Task Scheduler started ""{f11f139b-d6ab-4316-8534-22aeb7a91efb}"" instance of the ""\Microsoft\Windows\DirectX\DXGIAdapterCache"" task for user ""NT AUTHORITY\SYSTEM""."
"5/24/2026 7:36:38 AM","129","Information","Microsoft-Windows-TaskScheduler","Task Scheduler launch task ""\Microsoft\Windows\DirectX\DXGIAdapterCache"" , instance ""%windir%\system32\dxgiadaptercache.exe""  with process ID 1500."
"5/24/2026 7:36:38 AM","118","Information","Microsoft-Windows-TaskScheduler","Task Scheduler launched ""{a165a01b-bf55-4333-baff-fdd45684cc18}""  instance of task ""\Microsoft\Windows\ExploitGuard\ExploitGuard MDM policy Refresh""  due to system startup."
"5/24/2026 7:36:38 AM","400","Information","Microsoft-Windows-TaskScheduler","Task Scheduler service has started."
"5/24/2026 7:36:38 AM","700","Information","Microsoft-Windows-TaskScheduler","Task Scheduler service started Task Compatibility module."
"5/24/2026 4:38:48 AM","402","Information","Microsoft-Windows-TaskScheduler","Task Scheduler service is shutting down."
"5/24/2026 4:38:47 AM","140","Information","Microsoft-Windows-TaskScheduler","User ""NT AUTHORITY\SYSTEM""  updated Task Scheduler task ""\Microsoft\Windows\WindowsUpdate\Scheduled Start"""
"5/24/2026 4:38:47 AM","111","Information","Microsoft-Windows-TaskScheduler","Task Scheduler terminated ""{ebc90347-a072-4345-9b49-324f049a7870}""  instance of the ""\MicrosoftEdgeUpdateTaskMachineCore""  task."
"5/24/2026 4:38:47 AM","102","Information","Microsoft-Windows-TaskScheduler","Task Scheduler successfully finished ""{ebc90347-a072-4345-9b49-324f049a7870}"" instance of the ""\MicrosoftEdgeUpdateTaskMachineCore"" task for user ""NT AUTHORITY\SYSTEM""."
"5/24/2026 4:38:47 AM","201","Information","Microsoft-Windows-TaskScheduler","Task Scheduler successfully completed task ""\MicrosoftEdgeUpdateTaskMachineCore"" , instance ""{ebc90347-a072-4345-9b49-324f049a7870}"" , action ""C:\Program Files (x86)\Microsoft\EdgeUpdate\MicrosoftEdgeUpdate.exe"" with return code 2147943691."
"5/24/2026 4:38:47 AM","103","Error","Microsoft-Windows-TaskScheduler","Task Scheduler failed to start instance ""{001adc18-76c4-44cc-8d53-4b5e230dc66b}"" of ""\Microsoft\Windows\Wininet\CacheTask""  task for user """" . Additional Data: Error Value: 2147942404."
"5/24/2026 4:38:47 AM","202","Error","Microsoft-Windows-TaskScheduler","Task Scheduler failed to complete task ""\Microsoft\Windows\Wininet\CacheTask"" , instance ""{001adc18-76c4-44cc-8d53-4b5e230dc66b}"" , action ""Wininet Cache task object"" . Additional Data: Error Value: 2147942404."
"5/24/2026 4:38:47 AM","102","Information","Microsoft-Windows-TaskScheduler","Task Scheduler successfully finished ""{b1669080-40c8-4fe5-8837-7dd6b7bc560d}"" instance of the ""\CreateExplorerShellUnelevatedTask"" task for user ""SCAFFOLD\Administrator""."
"5/24/2026 4:38:47 AM","201","Information","Microsoft-Windows-TaskScheduler","Task Scheduler successfully completed task ""\CreateExplorerShellUnelevatedTask"" , instance ""{b1669080-40c8-4fe5-8837-7dd6b7bc560d}"" , action ""C:\Windows\Explorer.EXE"" with return code 2147942404."
"5/24/2026 4:38:41 AM","102","Information","Microsoft-Windows-TaskScheduler","Task Scheduler successfully finished ""{53ee0c3e-8d6a-4d12-a03e-b59a9da0e753}"" instance of the ""\Scaffold\ScaffoldDeployEngine"" task for user ""NT AUTHORITY\SYSTEM""."
"5/24/2026 4:38:41 AM","201","Information","Microsoft-Windows-TaskScheduler","Task Scheduler successfully completed task ""\Scaffold\ScaffoldDeployEngine"" , instance ""{53ee0c3e-8d6a-4d12-a03e-b59a9da0e753}"" , action ""powershell.exe"" with return code 0."
"5/24/2026 4:38:41 AM","200","Information","Microsoft-Windows-TaskScheduler","Task Scheduler launched action ""powershell.exe"" in instance ""{53ee0c3e-8d6a-4d12-a03e-b59a9da0e753}"" of task ""\Scaffold\ScaffoldDeployEngine""."
"5/24/2026 4:38:41 AM","100","Information","Microsoft-Windows-TaskScheduler","Task Scheduler started ""{53ee0c3e-8d6a-4d12-a03e-b59a9da0e753}"" instance of the ""\Scaffold\ScaffoldDeployEngine"" task for user ""NT AUTHORITY\SYSTEM""."
"5/24/2026 4:38:41 AM","129","Information","Microsoft-Windows-TaskScheduler","Task Scheduler launch task ""\Scaffold\ScaffoldDeployEngine"" , instance ""powershell.exe""  with process ID 2384."
"5/24/2026 4:38:41 AM","107","Information","Microsoft-Windows-TaskScheduler","Task Scheduler launched ""{53ee0c3e-8d6a-4d12-a03e-b59a9da0e753}""  instance of task ""\Scaffold\ScaffoldDeployEngine"" due to a time trigger condition."
"5/24/2026 4:38:08 AM","102","Information","Microsoft-Windows-TaskScheduler","Task Scheduler successfully finished ""{909503eb-5d34-4533-9853-a9e6df2822b7}"" instance of the ""\Microsoft\Windows\WDI\ResolutionHost"" task for user ""SCAFFOLD\Administrator""."
"5/24/2026 4:38:08 AM","201","Information","Microsoft-Windows-TaskScheduler","Task Scheduler successfully completed task ""\Microsoft\Windows\WDI\ResolutionHost"" , instance ""{909503eb-5d34-4533-9853-a9e6df2822b7}"" , action ""DiagnosticInfrastructureCustomHandler"" with return code 0."
"5/24/2026 4:37:46 AM","103","Error","Microsoft-Windows-TaskScheduler","Task Scheduler failed to start instance ""{c93ed88d-84ae-44a4-b45b-f4137989bbe9}"" of ""\Microsoft\Windows\.NET Framework\.NET Framework NGEN v4.0.30319 64""  task for user ""NT AUTHORITY\SYSTEM"" . Additional Data: Error Value: 2147946720."
"5/24/2026 4:37:46 AM","202","Error","Microsoft-Windows-TaskScheduler","Task Scheduler failed to complete task ""\Microsoft\Windows\.NET Framework\.NET Framework NGEN v4.0.30319 64"" , instance ""{c93ed88d-84ae-44a4-b45b-f4137989bbe9}"" , action """" . Additional Data: Error Value: 2147946720."
"5/24/2026 4:37:46 AM","140","Information","Microsoft-Windows-TaskScheduler","User ""SYSTEM""  updated Task Scheduler task ""\Microsoft\Windows\.NET Framework\.NET Framework NGEN v4.0.30319 64"""
"5/24/2026 4:37:06 AM","103","Error","Microsoft-Windows-TaskScheduler","Task Scheduler failed to start instance ""{e8cc22c1-e5ed-42aa-bdbe-7785d5154503}"" of ""\Microsoft\Windows\.NET Framework\.NET Framework NGEN v4.0.30319""  task for user ""NT AUTHORITY\SYSTEM"" . Additional Data: Error Value: 2147946720."
"5/24/2026 4:37:06 AM","202","Error","Microsoft-Windows-TaskScheduler","Task Scheduler failed to complete task ""\Microsoft\Windows\.NET Framework\.NET Framework NGEN v4.0.30319"" , instance ""{e8cc22c1-e5ed-42aa-bdbe-7785d5154503}"" , action """" . Additional Data: Error Value: 2147946720."
"5/24/2026 4:37:06 AM","140","Information","Microsoft-Windows-TaskScheduler","User ""SYSTEM""  updated Task Scheduler task ""\Microsoft\Windows\.NET Framework\.NET Framework NGEN v4.0.30319"""
"5/24/2026 4:36:41 AM","102","Information","Microsoft-Windows-TaskScheduler","Task Scheduler successfully finished ""{c0b56b4a-22b8-4f80-bc56-7e3129120c87}"" instance of the ""\Scaffold\ScaffoldDeployEngine"" task for user ""NT AUTHORITY\SYSTEM""."
"5/24/2026 4:36:41 AM","201","Information","Microsoft-Windows-TaskScheduler","Task Scheduler successfully completed task ""\Scaffold\ScaffoldDeployEngine"" , instance ""{c0b56b4a-22b8-4f80-bc56-7e3129120c87}"" , action ""powershell.exe"" with return code 0."
"5/24/2026 4:36:41 AM","200","Information","Microsoft-Windows-TaskScheduler","Task Scheduler launched action ""powershell.exe"" in instance ""{c0b56b4a-22b8-4f80-bc56-7e3129120c87}"" of task ""\Scaffold\ScaffoldDeployEngine""."
"5/24/2026 4:36:41 AM","100","Information","Microsoft-Windows-TaskScheduler","Task Scheduler started ""{c0b56b4a-22b8-4f80-bc56-7e3129120c87}"" instance of the ""\Scaffold\ScaffoldDeployEngine"" task for user ""NT AUTHORITY\SYSTEM""."
"5/24/2026 4:36:41 AM","129","Information","Microsoft-Windows-TaskScheduler","Task Scheduler launch task ""\Scaffold\ScaffoldDeployEngine"" , instance ""powershell.exe""  with process ID 804."
"5/24/2026 4:36:41 AM","107","Information","Microsoft-Windows-TaskScheduler","Task Scheduler launched ""{c0b56b4a-22b8-4f80-bc56-7e3129120c87}""  instance of task ""\Scaffold\ScaffoldDeployEngine"" due to a time trigger condition."
"5/24/2026 4:36:31 AM","140","Information","Microsoft-Windows-TaskScheduler","User ""SYSTEM""  updated Task Scheduler task ""\Microsoft\Windows\.NET Framework\.NET Framework NGEN v4.0.30319 64"""
"5/24/2026 4:36:31 AM","110","Information","Microsoft-Windows-TaskScheduler","Task Scheduler launched ""{c93ed88d-84ae-44a4-b45b-f4137989bbe9}""  instance of task ""\Microsoft\Windows\.NET Framework\.NET Framework NGEN v4.0.30319 64""  for user ""System"" ."
"5/24/2026 4:36:31 AM","200","Information","Microsoft-Windows-TaskScheduler","Task Scheduler launched action """" in instance ""{c93ed88d-84ae-44a4-b45b-f4137989bbe9}"" of task ""\Microsoft\Windows\.NET Framework\.NET Framework NGEN v4.0.30319 64""."
"5/24/2026 4:36:31 AM","100","Information","Microsoft-Windows-TaskScheduler","Task Scheduler started ""{c93ed88d-84ae-44a4-b45b-f4137989bbe9}"" instance of the ""\Microsoft\Windows\.NET Framework\.NET Framework NGEN v4.0.30319 64"" task for user ""NT AUTHORITY\SYSTEM""."
"5/24/2026 4:36:31 AM","325","Warning","Microsoft-Windows-TaskScheduler","Task Scheduler queued instance ""{c93ed88d-84ae-44a4-b45b-f4137989bbe9}""  of task ""\Microsoft\Windows\.NET Framework\.NET Framework NGEN v4.0.30319 64""."
"5/24/2026 4:36:31 AM","140","Information","Microsoft-Windows-TaskScheduler","User ""SYSTEM""  updated Task Scheduler task ""\Microsoft\Windows\.NET Framework\.NET Framework NGEN v4.0.30319"""
"5/24/2026 4:36:31 AM","140","Information","Microsoft-Windows-TaskScheduler","User ""SYSTEM""  updated Task Scheduler task ""\Microsoft\Windows\.NET Framework\.NET Framework NGEN v4.0.30319 64"""
"5/24/2026 4:36:31 AM","200","Information","Microsoft-Windows-TaskScheduler","Task Scheduler launched action """" in instance ""{e8cc22c1-e5ed-42aa-bdbe-7785d5154503}"" of task ""\Microsoft\Windows\.NET Framework\.NET Framework NGEN v4.0.30319""."
"5/24/2026 4:36:31 AM","100","Information","Microsoft-Windows-TaskScheduler","Task Scheduler started ""{e8cc22c1-e5ed-42aa-bdbe-7785d5154503}"" instance of the ""\Microsoft\Windows\.NET Framework\.NET Framework NGEN v4.0.30319"" task for user ""NT AUTHORITY\SYSTEM""."
"5/24/2026 4:36:31 AM","129","Information","Microsoft-Windows-TaskScheduler","Task Scheduler launch task ""\Microsoft\Windows\.NET Framework\.NET Framework NGEN v4.0.30319"" , instance ""taskhostw.exe""  with process ID 3332."
"5/24/2026 4:36:31 AM","110","Information","Microsoft-Windows-TaskScheduler","Task Scheduler launched ""{e8cc22c1-e5ed-42aa-bdbe-7785d5154503}""  instance of task ""\Microsoft\Windows\.NET Framework\.NET Framework NGEN v4.0.30319""  for user ""System"" ."
"5/24/2026 4:36:31 AM","325","Warning","Microsoft-Windows-TaskScheduler","Task Scheduler queued instance ""{e8cc22c1-e5ed-42aa-bdbe-7785d5154503}""  of task ""\Microsoft\Windows\.NET Framework\.NET Framework NGEN v4.0.30319""."
"5/24/2026 4:36:31 AM","140","Information","Microsoft-Windows-TaskScheduler","User ""SYSTEM""  updated Task Scheduler task ""\Microsoft\Windows\.NET Framework\.NET Framework NGEN v4.0.30319"""
"5/24/2026 4:35:24 AM","102","Information","Microsoft-Windows-TaskScheduler","Task Scheduler successfully finished ""{24c70a9d-a7bb-474b-b5d3-e33d225773a8}"" instance of the ""\Microsoft\Windows\Autochk\Proxy"" task for user ""NT AUTHORITY\SYSTEM""."
"5/24/2026 4:35:24 AM","201","Information","Microsoft-Windows-TaskScheduler","Task Scheduler successfully completed task ""\Microsoft\Windows\Autochk\Proxy"" , instance ""{24c70a9d-a7bb-474b-b5d3-e33d225773a8}"" , action ""%windir%\system32\rundll32.exe"" with return code 0."
"5/24/2026 4:35:24 AM","200","Information","Microsoft-Windows-TaskScheduler","Task Scheduler launched action ""%windir%\system32\rundll32.exe"" in instance ""{24c70a9d-a7bb-474b-b5d3-e33d225773a8}"" of task ""\Microsoft\Windows\Autochk\Proxy""."
"5/24/2026 4:35:24 AM","100","Information","Microsoft-Windows-TaskScheduler","Task Scheduler started ""{24c70a9d-a7bb-474b-b5d3-e33d225773a8}"" instance of the ""\Microsoft\Windows\Autochk\Proxy"" task for user ""NT AUTHORITY\SYSTEM""."
"5/24/2026 4:35:24 AM","129","Information","Microsoft-Windows-TaskScheduler","Task Scheduler launch task ""\Microsoft\Windows\Autochk\Proxy"" , instance ""%windir%\system32\rundll32.exe""  with process ID 636."
"5/24/2026 4:35:24 AM","118","Information","Microsoft-Windows-TaskScheduler","Task Scheduler launched ""{24c70a9d-a7bb-474b-b5d3-e33d225773a8}""  instance of task ""\Microsoft\Windows\Autochk\Proxy""  due to system startup."
"5/24/2026 4:34:41 AM","102","Information","Microsoft-Windows-TaskScheduler","Task Scheduler successfully finished ""{af24893a-f1a6-4bec-a688-9f723985ad94}"" instance of the ""\Scaffold\ScaffoldDeployEngine"" task for user ""NT AUTHORITY\SYSTEM""."
"5/24/2026 4:34:41 AM","201","Information","Microsoft-Windows-TaskScheduler","Task Scheduler successfully completed task ""\Scaffold\ScaffoldDeployEngine"" , instance ""{af24893a-f1a6-4bec-a688-9f723985ad94}"" , action ""powershell.exe"" with return code 0."
"5/24/2026 4:34:41 AM","200","Information","Microsoft-Windows-TaskScheduler","Task Scheduler launched action ""powershell.exe"" in instance ""{af24893a-f1a6-4bec-a688-9f723985ad94}"" of task ""\Scaffold\ScaffoldDeployEngine""."
"5/24/2026 4:34:41 AM","100","Information","Microsoft-Windows-TaskScheduler","Task Scheduler started ""{af24893a-f1a6-4bec-a688-9f723985ad94}"" instance of the ""\Scaffold\ScaffoldDeployEngine"" task for user ""NT AUTHORITY\SYSTEM""."
"5/24/2026 4:34:41 AM","129","Information","Microsoft-Windows-TaskScheduler","Task Scheduler launch task ""\Scaffold\ScaffoldDeployEngine"" , instance ""powershell.exe""  with process ID 1388."
"5/24/2026 4:34:41 AM","107","Information","Microsoft-Windows-TaskScheduler","Task Scheduler launched ""{af24893a-f1a6-4bec-a688-9f723985ad94}""  instance of task ""\Scaffold\ScaffoldDeployEngine"" due to a time trigger condition."
"5/24/2026 4:32:41 AM","102","Information","Microsoft-Windows-TaskScheduler","Task Scheduler successfully finished ""{629dd0b3-2e82-4408-9e3a-bc3886e3aae4}"" instance of the ""\Scaffold\ScaffoldDeployEngine"" task for user ""NT AUTHORITY\SYSTEM""."
"5/24/2026 4:32:41 AM","201","Information","Microsoft-Windows-TaskScheduler","Task Scheduler successfully completed task ""\Scaffold\ScaffoldDeployEngine"" , instance ""{629dd0b3-2e82-4408-9e3a-bc3886e3aae4}"" , action ""powershell.exe"" with return code 0."
"5/24/2026 4:32:41 AM","200","Information","Microsoft-Windows-TaskScheduler","Task Scheduler launched action ""powershell.exe"" in instance ""{629dd0b3-2e82-4408-9e3a-bc3886e3aae4}"" of task ""\Scaffold\ScaffoldDeployEngine""."
"5/24/2026 4:32:41 AM","100","Information","Microsoft-Windows-TaskScheduler","Task Scheduler started ""{629dd0b3-2e82-4408-9e3a-bc3886e3aae4}"" instance of the ""\Scaffold\ScaffoldDeployEngine"" task for user ""NT AUTHORITY\SYSTEM""."
"5/24/2026 4:32:41 AM","129","Information","Microsoft-Windows-TaskScheduler","Task Scheduler launch task ""\Scaffold\ScaffoldDeployEngine"" , instance ""powershell.exe""  with process ID 3096."
"5/24/2026 4:32:41 AM","107","Information","Microsoft-Windows-TaskScheduler","Task Scheduler launched ""{629dd0b3-2e82-4408-9e3a-bc3886e3aae4}""  instance of task ""\Scaffold\ScaffoldDeployEngine"" due to a time trigger condition."
"5/24/2026 4:30:41 AM","102","Information","Microsoft-Windows-TaskScheduler","Task Scheduler successfully finished ""{82217ca5-19e0-44bf-a53d-8813260190c0}"" instance of the ""\Scaffold\ScaffoldDeployEngine"" task for user ""NT AUTHORITY\SYSTEM""."
"5/24/2026 4:30:41 AM","201","Information","Microsoft-Windows-TaskScheduler","Task Scheduler successfully completed task ""\Scaffold\ScaffoldDeployEngine"" , instance ""{82217ca5-19e0-44bf-a53d-8813260190c0}"" , action ""powershell.exe"" with return code 0."
"5/24/2026 4:30:41 AM","200","Information","Microsoft-Windows-TaskScheduler","Task Scheduler launched action ""powershell.exe"" in instance ""{82217ca5-19e0-44bf-a53d-8813260190c0}"" of task ""\Scaffold\ScaffoldDeployEngine""."
"5/24/2026 4:30:41 AM","100","Information","Microsoft-Windows-TaskScheduler","Task Scheduler started ""{82217ca5-19e0-44bf-a53d-8813260190c0}"" instance of the ""\Scaffold\ScaffoldDeployEngine"" task for user ""NT AUTHORITY\SYSTEM""."
"5/24/2026 4:30:41 AM","129","Information","Microsoft-Windows-TaskScheduler","Task Scheduler launch task ""\Scaffold\ScaffoldDeployEngine"" , instance ""powershell.exe""  with process ID 2748."
"5/24/2026 4:30:41 AM","107","Information","Microsoft-Windows-TaskScheduler","Task Scheduler launched ""{82217ca5-19e0-44bf-a53d-8813260190c0}""  instance of task ""\Scaffold\ScaffoldDeployEngine"" due to a time trigger condition."
"5/24/2026 4:29:39 AM","140","Information","Microsoft-Windows-TaskScheduler","User ""SCAFFOLD\DC$""  updated Task Scheduler task ""\Microsoft\Windows\SoftwareProtectionPlatform\SvcRestartTask"""
"5/24/2026 4:29:08 AM","140","Information","Microsoft-Windows-TaskScheduler","User ""SCAFFOLD\DC$""  updated Task Scheduler task ""\Microsoft\Windows\SoftwareProtectionPlatform\SvcRestartTask"""
"5/24/2026 4:28:41 AM","102","Information","Microsoft-Windows-TaskScheduler","Task Scheduler successfully finished ""{7508c396-ee36-49ad-b826-95ed5629b812}"" instance of the ""\Scaffold\ScaffoldDeployEngine"" task for user ""NT AUTHORITY\SYSTEM""."
"5/24/2026 4:28:41 AM","201","Information","Microsoft-Windows-TaskScheduler","Task Scheduler successfully completed task ""\Scaffold\ScaffoldDeployEngine"" , instance ""{7508c396-ee36-49ad-b826-95ed5629b812}"" , action ""powershell.exe"" with return code 0."
"5/24/2026 4:28:41 AM","200","Information","Microsoft-Windows-TaskScheduler","Task Scheduler launched action ""powershell.exe"" in instance ""{7508c396-ee36-49ad-b826-95ed5629b812}"" of task ""\Scaffold\ScaffoldDeployEngine""."
"5/24/2026 4:28:41 AM","100","Information","Microsoft-Windows-TaskScheduler","Task Scheduler started ""{7508c396-ee36-49ad-b826-95ed5629b812}"" instance of the ""\Scaffold\ScaffoldDeployEngine"" task for user ""NT AUTHORITY\SYSTEM""."
"5/24/2026 4:28:41 AM","129","Information","Microsoft-Windows-TaskScheduler","Task Scheduler launch task ""\Scaffold\ScaffoldDeployEngine"" , instance ""powershell.exe""  with process ID 3812."
"5/24/2026 4:28:41 AM","107","Information","Microsoft-Windows-TaskScheduler","Task Scheduler launched ""{7508c396-ee36-49ad-b826-95ed5629b812}""  instance of task ""\Scaffold\ScaffoldDeployEngine"" due to a time trigger condition."
"5/24/2026 4:26:41 AM","102","Information","Microsoft-Windows-TaskScheduler","Task Scheduler successfully finished ""{596d8ed5-5d38-48e4-83e8-154ce4752af2}"" instance of the ""\Scaffold\ScaffoldDeployEngine"" task for user ""NT AUTHORITY\SYSTEM""."
"5/24/2026 4:26:41 AM","201","Information","Microsoft-Windows-TaskScheduler","Task Scheduler successfully completed task ""\Scaffold\ScaffoldDeployEngine"" , instance ""{596d8ed5-5d38-48e4-83e8-154ce4752af2}"" , action ""powershell.exe"" with return code 0."
"5/24/2026 4:26:41 AM","200","Information","Microsoft-Windows-TaskScheduler","Task Scheduler launched action ""powershell.exe"" in instance ""{596d8ed5-5d38-48e4-83e8-154ce4752af2}"" of task ""\Scaffold\ScaffoldDeployEngine""."
"5/24/2026 4:26:41 AM","100","Information","Microsoft-Windows-TaskScheduler","Task Scheduler started ""{596d8ed5-5d38-48e4-83e8-154ce4752af2}"" instance of the ""\Scaffold\ScaffoldDeployEngine"" task for user ""NT AUTHORITY\SYSTEM""."
"5/24/2026 4:26:41 AM","129","Information","Microsoft-Windows-TaskScheduler","Task Scheduler launch task ""\Scaffold\ScaffoldDeployEngine"" , instance ""powershell.exe""  with process ID 7420."
"5/24/2026 4:26:41 AM","107","Information","Microsoft-Windows-TaskScheduler","Task Scheduler launched ""{596d8ed5-5d38-48e4-83e8-154ce4752af2}""  instance of task ""\Scaffold\ScaffoldDeployEngine"" due to a time trigger condition."
"5/24/2026 4:26:31 AM","140","Information","Microsoft-Windows-TaskScheduler","User ""SCAFFOLD\DC$""  updated Task Scheduler task ""\Microsoft\Windows\SoftwareProtectionPlatform\SvcRestartTask"""
"5/24/2026 4:25:08 AM","102","Information","Microsoft-Windows-TaskScheduler","Task Scheduler successfully finished ""{5ae7ea37-37c2-456e-9dc7-a1166dec8e6b}"" instance of the ""\Microsoft\Windows\WindowsUpdate\Scheduled Start"" task for user ""NT AUTHORITY\SYSTEM""."
"5/24/2026 4:25:08 AM","201","Information","Microsoft-Windows-TaskScheduler","Task Scheduler successfully completed task ""\Microsoft\Windows\WindowsUpdate\Scheduled Start"" , instance ""{5ae7ea37-37c2-456e-9dc7-a1166dec8e6b}"" , action ""C:\Windows\system32\sc.exe"" with return code 0."
"5/24/2026 4:25:08 AM","200","Information","Microsoft-Windows-TaskScheduler","Task Scheduler launched action ""C:\Windows\system32\sc.exe"" in instance ""{5ae7ea37-37c2-456e-9dc7-a1166dec8e6b}"" of task ""\Microsoft\Windows\WindowsUpdate\Scheduled Start""."
"5/24/2026 4:25:08 AM","100","Information","Microsoft-Windows-TaskScheduler","Task Scheduler started ""{5ae7ea37-37c2-456e-9dc7-a1166dec8e6b}"" instance of the ""\Microsoft\Windows\WindowsUpdate\Scheduled Start"" task for user ""NT AUTHORITY\SYSTEM""."
"5/24/2026 4:25:08 AM","129","Information","Microsoft-Windows-TaskScheduler","Task Scheduler launch task ""\Microsoft\Windows\WindowsUpdate\Scheduled Start"" , instance ""C:\Windows\system32\sc.exe""  with process ID 2028."
"5/24/2026 4:25:08 AM","107","Information","Microsoft-Windows-TaskScheduler","Task Scheduler launched ""{5ae7ea37-37c2-456e-9dc7-a1166dec8e6b}""  instance of task ""\Microsoft\Windows\WindowsUpdate\Scheduled Start"" due to a time trigger condition."
"5/24/2026 4:24:41 AM","102","Information","Microsoft-Windows-TaskScheduler","Task Scheduler successfully finished ""{b45c9a95-7502-4c69-bea2-e93f8ba8ccd1}"" instance of the ""\Scaffold\ScaffoldDeployEngine"" task for user ""NT AUTHORITY\SYSTEM""."
"5/24/2026 4:24:41 AM","201","Information","Microsoft-Windows-TaskScheduler","Task Scheduler successfully completed task ""\Scaffold\ScaffoldDeployEngine"" , instance ""{b45c9a95-7502-4c69-bea2-e93f8ba8ccd1}"" , action ""powershell.exe"" with return code 0."
"5/24/2026 4:24:41 AM","200","Information","Microsoft-Windows-TaskScheduler","Task Scheduler launched action ""powershell.exe"" in instance ""{b45c9a95-7502-4c69-bea2-e93f8ba8ccd1}"" of task ""\Scaffold\ScaffoldDeployEngine""."
"5/24/2026 4:24:41 AM","100","Information","Microsoft-Windows-TaskScheduler","Task Scheduler started ""{b45c9a95-7502-4c69-bea2-e93f8ba8ccd1}"" instance of the ""\Scaffold\ScaffoldDeployEngine"" task for user ""NT AUTHORITY\SYSTEM""."
"5/24/2026 4:24:41 AM","129","Information","Microsoft-Windows-TaskScheduler","Task Scheduler launch task ""\Scaffold\ScaffoldDeployEngine"" , instance ""powershell.exe""  with process ID 7828."
"5/24/2026 4:24:41 AM","107","Information","Microsoft-Windows-TaskScheduler","Task Scheduler launched ""{b45c9a95-7502-4c69-bea2-e93f8ba8ccd1}""  instance of task ""\Scaffold\ScaffoldDeployEngine"" due to a time trigger condition."
"5/24/2026 4:22:41 AM","102","Information","Microsoft-Windows-TaskScheduler","Task Scheduler successfully finished ""{400d9e4a-ccf3-4299-a84f-d5382e1e804e}"" instance of the ""\Scaffold\ScaffoldDeployEngine"" task for user ""NT AUTHORITY\SYSTEM""."
"5/24/2026 4:22:41 AM","201","Information","Microsoft-Windows-TaskScheduler","Task Scheduler successfully completed task ""\Scaffold\ScaffoldDeployEngine"" , instance ""{400d9e4a-ccf3-4299-a84f-d5382e1e804e}"" , action ""powershell.exe"" with return code 0."
"5/24/2026 4:22:41 AM","200","Information","Microsoft-Windows-TaskScheduler","Task Scheduler launched action ""powershell.exe"" in instance ""{400d9e4a-ccf3-4299-a84f-d5382e1e804e}"" of task ""\Scaffold\ScaffoldDeployEngine""."
"5/24/2026 4:22:41 AM","100","Information","Microsoft-Windows-TaskScheduler","Task Scheduler started ""{400d9e4a-ccf3-4299-a84f-d5382e1e804e}"" instance of the ""\Scaffold\ScaffoldDeployEngine"" task for user ""NT AUTHORITY\SYSTEM""."
"5/24/2026 4:22:41 AM","129","Information","Microsoft-Windows-TaskScheduler","Task Scheduler launch task ""\Scaffold\ScaffoldDeployEngine"" , instance ""powershell.exe""  with process ID 4492."
"5/24/2026 4:22:41 AM","107","Information","Microsoft-Windows-TaskScheduler","Task Scheduler launched ""{400d9e4a-ccf3-4299-a84f-d5382e1e804e}""  instance of task ""\Scaffold\ScaffoldDeployEngine"" due to a time trigger condition."
"5/24/2026 4:20:41 AM","102","Information","Microsoft-Windows-TaskScheduler","Task Scheduler successfully finished ""{8e83920e-6c81-4927-8cee-7f46a8cb6639}"" instance of the ""\Scaffold\ScaffoldDeployEngine"" task for user ""NT AUTHORITY\SYSTEM""."
"5/24/2026 4:20:41 AM","201","Information","Microsoft-Windows-TaskScheduler","Task Scheduler successfully completed task ""\Scaffold\ScaffoldDeployEngine"" , instance ""{8e83920e-6c81-4927-8cee-7f46a8cb6639}"" , action ""powershell.exe"" with return code 0."
"5/24/2026 4:20:41 AM","200","Information","Microsoft-Windows-TaskScheduler","Task Scheduler launched action ""powershell.exe"" in instance ""{8e83920e-6c81-4927-8cee-7f46a8cb6639}"" of task ""\Scaffold\ScaffoldDeployEngine""."
"5/24/2026 4:20:41 AM","100","Information","Microsoft-Windows-TaskScheduler","Task Scheduler started ""{8e83920e-6c81-4927-8cee-7f46a8cb6639}"" instance of the ""\Scaffold\ScaffoldDeployEngine"" task for user ""NT AUTHORITY\SYSTEM""."
"5/24/2026 4:20:41 AM","129","Information","Microsoft-Windows-TaskScheduler","Task Scheduler launch task ""\Scaffold\ScaffoldDeployEngine"" , instance ""powershell.exe""  with process ID 2388."
"5/24/2026 4:20:41 AM","107","Information","Microsoft-Windows-TaskScheduler","Task Scheduler launched ""{8e83920e-6c81-4927-8cee-7f46a8cb6639}""  instance of task ""\Scaffold\ScaffoldDeployEngine"" due to a time trigger condition."
"5/24/2026 4:18:41 AM","102","Information","Microsoft-Windows-TaskScheduler","Task Scheduler successfully finished ""{6e0085ec-9b29-4dff-97a2-acd83d331239}"" instance of the ""\Scaffold\ScaffoldDeployEngine"" task for user ""NT AUTHORITY\SYSTEM""."
"5/24/2026 4:18:41 AM","201","Information","Microsoft-Windows-TaskScheduler","Task Scheduler successfully completed task ""\Scaffold\ScaffoldDeployEngine"" , instance ""{6e0085ec-9b29-4dff-97a2-acd83d331239}"" , action ""powershell.exe"" with return code 0."
"5/24/2026 4:18:41 AM","200","Information","Microsoft-Windows-TaskScheduler","Task Scheduler launched action ""powershell.exe"" in instance ""{6e0085ec-9b29-4dff-97a2-acd83d331239}"" of task ""\Scaffold\ScaffoldDeployEngine""."
"5/24/2026 4:18:41 AM","100","Information","Microsoft-Windows-TaskScheduler","Task Scheduler started ""{6e0085ec-9b29-4dff-97a2-acd83d331239}"" instance of the ""\Scaffold\ScaffoldDeployEngine"" task for user ""NT AUTHORITY\SYSTEM""."
"5/24/2026 4:18:41 AM","129","Information","Microsoft-Windows-TaskScheduler","Task Scheduler launch task ""\Scaffold\ScaffoldDeployEngine"" , instance ""powershell.exe""  with process ID 5428."
"5/24/2026 4:18:41 AM","107","Information","Microsoft-Windows-TaskScheduler","Task Scheduler launched ""{6e0085ec-9b29-4dff-97a2-acd83d331239}""  instance of task ""\Scaffold\ScaffoldDeployEngine"" due to a time trigger condition."
"5/24/2026 4:16:41 AM","102","Information","Microsoft-Windows-TaskScheduler","Task Scheduler successfully finished ""{06c420a5-833c-4211-a289-e39c52d0c934}"" instance of the ""\Scaffold\ScaffoldDeployEngine"" task for user ""NT AUTHORITY\SYSTEM""."
"5/24/2026 4:16:41 AM","201","Information","Microsoft-Windows-TaskScheduler","Task Scheduler successfully completed task ""\Scaffold\ScaffoldDeployEngine"" , instance ""{06c420a5-833c-4211-a289-e39c52d0c934}"" , action ""powershell.exe"" with return code 0."
"5/24/2026 4:16:41 AM","200","Information","Microsoft-Windows-TaskScheduler","Task Scheduler launched action ""powershell.exe"" in instance ""{06c420a5-833c-4211-a289-e39c52d0c934}"" of task ""\Scaffold\ScaffoldDeployEngine""."
"5/24/2026 4:16:41 AM","100","Information","Microsoft-Windows-TaskScheduler","Task Scheduler started ""{06c420a5-833c-4211-a289-e39c52d0c934}"" instance of the ""\Scaffold\ScaffoldDeployEngine"" task for user ""NT AUTHORITY\SYSTEM""."
"5/24/2026 4:16:41 AM","129","Information","Microsoft-Windows-TaskScheduler","Task Scheduler launch task ""\Scaffold\ScaffoldDeployEngine"" , instance ""powershell.exe""  with process ID 7432."
"5/24/2026 4:16:41 AM","107","Information","Microsoft-Windows-TaskScheduler","Task Scheduler launched ""{06c420a5-833c-4211-a289-e39c52d0c934}""  instance of task ""\Scaffold\ScaffoldDeployEngine"" due to a time trigger condition."
"5/24/2026 4:15:36 AM","140","Information","Microsoft-Windows-TaskScheduler","User ""SCAFFOLD\DC$""  updated Task Scheduler task ""\Microsoft\Windows\SoftwareProtectionPlatform\SvcRestartTask"""
"5/24/2026 4:15:06 AM","142","Information","Microsoft-Windows-TaskScheduler","User ""NETWORK SERVICE""  disabled Task Scheduler task ""\Microsoft\Windows\SoftwareProtectionPlatform\SvcRestartTaskNetwork"""
