"9/20/2026 4:18:55 AM","15","Information","Microsoft-Windows-Kernel-General","Hive \SystemRoot\System32\Config\SOFTWARE was reorganized with a starting size of 91725824 bytes and an ending size of 89899008 bytes."
"9/20/2026 4:18:52 AM","15","Information","Microsoft-Windows-Kernel-General","Hive \SystemRoot\System32\config\DRIVERS was reorganized with a starting size of 3362816 bytes and an ending size of 3358720 bytes."
"9/20/2026 4:18:52 AM","98","Error","Microsoft-Windows-Ntfs","Volume \\?\Volume{2bc8a4fb-ec89-41c1-8fb3-d753243c8254} (\Device\HarddiskVolume5) needs to be taken offline to perform a Full Chkdsk.  Please run ""CHKDSK /F"" locally via the command line, or run ""REPAIR-VOLUME <drive:>"" locally or remotely via PowerShell."
"9/20/2026 4:18:52 AM","98","Error","Microsoft-Windows-Ntfs","Volume Y: (\Device\HarddiskVolume4) needs to be taken offline to perform a Full Chkdsk.  Please run ""CHKDSK /F"" locally via the command line, or run ""REPAIR-VOLUME <drive:>"" locally or remotely via PowerShell."
"9/20/2026 4:18:51 AM","55","Information","Microsoft-Windows-Kernel-Processor-Power","Processor 1 in group 0 exposes the following power management capabilities:

Idle state type: ACPI Idle (C) States (1 state(s))

Performance state type: None
Nominal Frequency (MHz): 2645
Maximum performance percentage: 100
Minimum performance percentage: 100
Minimum throttle percentage: 100"
"9/20/2026 4:18:51 AM","55","Information","Microsoft-Windows-Kernel-Processor-Power","Processor 0 in group 0 exposes the following power management capabilities:

Idle state type: ACPI Idle (C) States (1 state(s))

Performance state type: None
Nominal Frequency (MHz): 2645
Maximum performance percentage: 100
Minimum performance percentage: 100
Minimum throttle percentage: 100"
"9/20/2026 4:18:51 AM","172","Information","Microsoft-Windows-Kernel-Power","Connectivity state in standby: Disconnected, Reason: NIC compliance"
"9/20/2026 4:18:51 AM","6","Information","Microsoft-Windows-FilterManager","File System Filter 'npsvctrig' (10.0, ‎2015‎-‎04‎-‎02T03:42:38.000000000Z) has successfully loaded and registered with Filter Manager."
"9/20/2026 4:18:51 AM","6","Information","Microsoft-Windows-FilterManager","File System Filter 'DfsDriver' (10.0, ‎2053‎-‎07‎-‎29T02:36:42.000000000Z) has successfully loaded and registered with Filter Manager."
"9/20/2026 4:18:51 AM","6","Information","Microsoft-Windows-FilterManager","File System Filter 'FileCrypt' (10.0, ‎2088‎-‎05‎-‎23T23:57:52.000000000Z) has successfully loaded and registered with Filter Manager."
"9/20/2026 4:18:51 AM","98","Information","Microsoft-Windows-Ntfs","Volume C: (\Device\HarddiskVolume3) is healthy.  No action is needed."
"9/20/2026 4:18:51 AM","6","Information","Microsoft-Windows-FilterManager","File System Filter 'SysmonDrv' (0.0, ‎2026‎-‎06‎-‎17T09:58:39.000000000Z) has successfully loaded and registered with Filter Manager."
"9/20/2026 4:18:51 AM","6","Information","Microsoft-Windows-FilterManager","File System Filter 'DfsrRo' (10.0, ‎1999‎-‎03‎-‎20T18:16:31.000000000Z) has successfully loaded and registered with Filter Manager."
"9/20/2026 4:18:51 AM","6","Information","Microsoft-Windows-FilterManager","File System Filter 'Wof' (10.0, ‎2008‎-‎09‎-‎17T11:19:58.000000000Z) has successfully loaded and registered with Filter Manager."
"9/20/2026 4:18:49 AM","3","Information","vmci","VMCI: Using capabilities (0x1c).
"
"9/20/2026 4:18:48 AM","16","Information","Microsoft-Windows-HAL","The iommu fault reporting has been initialized."
"9/20/2026 4:18:48 AM","20","Information","Microsoft-Windows-Kernel-General","The leap second configuration has been updated.
Reason: Leap second data initialized from registry during boot
Leap seconds enabled: true
New leap second count: 0
Old leap second count: 0"
"9/20/2026 4:18:48 AM","32","Information","Microsoft-Windows-Kernel-Boot","The bootmgr spent 0 ms waiting for user input."
"9/20/2026 4:18:48 AM","18","Information","Microsoft-Windows-Kernel-Boot","There are 0x1 boot options on this system."
"9/20/2026 4:18:48 AM","27","Information","Microsoft-Windows-Kernel-Boot","The boot type was 0x0."
"9/20/2026 4:18:48 AM","25","Information","Microsoft-Windows-Kernel-Boot","The boot menu policy was 0x0."
"9/20/2026 4:18:48 AM","238","Information","Microsoft-Windows-Kernel-Boot","EFI time zone bias: 2047. Daylight flags: 0. Firmware time: ‎2026‎-‎09‎-‎20T04:18:46.000000000Z."
"9/20/2026 4:18:48 AM","20","Information","Microsoft-Windows-Kernel-Boot","The last shutdown's success status was true. The last boot's success status was true."
"9/20/2026 4:18:48 AM","153","Information","Microsoft-Windows-Kernel-Boot","Virtualization-based security (policies: 0) is disabled."
"9/20/2026 4:18:48 AM","12","Information","Microsoft-Windows-Kernel-General","The operating system started at system time ‎2026‎-‎09‎-‎20T11:18:47.500000000Z."
"9/7/2026 9:38:20 PM","13","Information","Microsoft-Windows-Kernel-General","The operating system is shutting down at system time ‎2026‎-‎09‎-‎08T04:38:20.388337300Z."
"9/7/2026 9:38:19 PM","109","Information","Microsoft-Windows-Kernel-Power","The kernel power manager has initiated a shutdown transition.

Shutdown Reason: Kernel API"
"9/7/2026 9:38:18 PM","7036","Information","Service Control Manager","The Network Setup Service service entered the stopped state."
"9/7/2026 9:38:16 PM","7036","Information","Service Control Manager","The Windows Process Activation Service service entered the stopped state."
"9/7/2026 9:38:15 PM","7036","Information","Service Control Manager","The SQL Server (SQLEXPRESS) service entered the stopped state."
"9/7/2026 9:38:15 PM","7036","Information","Service Control Manager","The Windows Remote Management (WS-Management) service entered the stopped state."
"9/7/2026 9:38:15 PM","7036","Information","Service Control Manager","The Task Scheduler service entered the stopped state."
"9/7/2026 9:38:15 PM","7036","Information","Service Control Manager","The Application Host Helper Service service entered the stopped state."
"9/7/2026 9:38:15 PM","7036","Information","Service Control Manager","The Active Directory Certificate Services service entered the stopped state."
"9/7/2026 9:38:15 PM","7036","Information","Service Control Manager","The SQL Server VSS Writer service entered the stopped state."
"9/7/2026 9:38:15 PM","7036","Information","Service Control Manager","The Active Directory Domain Services service entered the stopped state."
"9/7/2026 9:38:15 PM","7036","Information","Service Control Manager","The Diagnostic Policy Service service entered the stopped state."
"9/7/2026 9:38:15 PM","7036","Information","Service Control Manager","The Windows Event Log service entered the stopped state."
"9/20/2026 4:19:00 AM","6013","Information","EventLog","The system uptime is 13 seconds."
"9/20/2026 4:19:00 AM","6005","Information","EventLog","The Event log service was started."
"9/20/2026 4:19:00 AM","6009","Information","EventLog","Microsoft (R) Windows (R) 10.00. 20348  Multiprocessor Free."
"9/7/2026 9:38:15 PM","7036","Information","Service Control Manager","The Device Setup Manager service entered the stopped state."
"9/7/2026 9:38:15 PM","7036","Information","Service Control Manager","The DFS Replication service entered the stopped state."
"9/7/2026 9:38:15 PM","7036","Information","Service Control Manager","The WMI Performance Adapter service entered the stopped state."
"9/7/2026 9:38:15 PM","7036","Information","Service Control Manager","The Remote Access Connection Manager service entered the stopped state."
"9/7/2026 9:38:15 PM","7036","Information","Service Control Manager","The Virtual Disk service entered the stopped state."
"9/7/2026 9:38:15 PM","7036","Information","Service Control Manager","The State Repository Service service entered the stopped state."
"9/7/2026 9:38:15 PM","7036","Information","Service Control Manager","The WinHTTP Web Proxy Auto-Discovery Service service entered the stopped state."
"9/7/2026 9:38:15 PM","7036","Information","Service Control Manager","The IKE and AuthIP IPsec Keying Modules service entered the stopped state."
"9/7/2026 9:38:15 PM","7036","Information","Service Control Manager","The Cryptographic Services service entered the stopped state."
"9/7/2026 9:38:15 PM","7036","Information","Service Control Manager","The Distributed Transaction Coordinator service entered the stopped state."
"9/7/2026 9:38:15 PM","7036","Information","Service Control Manager","The DNS Server service entered the stopped state."
"9/7/2026 9:38:15 PM","7036","Information","Service Control Manager","The DHCP Client service entered the stopped state."
"9/7/2026 9:38:15 PM","7036","Information","Service Control Manager","The Secure Socket Tunneling Protocol Service service entered the stopped state."
"9/7/2026 9:38:15 PM","50037","Information","Microsoft-Windows-Dhcp-Client","DHCPv4 client service is stopped. ShutDown Flag value is 1"
"9/7/2026 9:38:14 PM","7036","Information","Service Control Manager","The Windows Connection Manager service entered the stopped state."
"9/7/2026 9:38:14 PM","7036","Information","Service Control Manager","The Program Compatibility Assistant Service service entered the stopped state."
"9/7/2026 9:38:14 PM","7036","Information","Service Control Manager","The User Profile Service service entered the stopped state."
"9/7/2026 9:38:14 PM","7036","Information","Service Control Manager","The IPsec Policy Agent service entered the stopped state."
"9/7/2026 9:38:14 PM","50106","Information","Microsoft-Windows-Dhcp-Client","DHCPv4 is waiting on DHCPv6 service to stop"
"9/7/2026 9:38:14 PM","51057","Information","Microsoft-Windows-DHCPv6-Client","DHCPv6 client service stop is almost done.DHCP Context Ref count is 1"
"9/7/2026 9:38:14 PM","51047","Information","Microsoft-Windows-DHCPv6-Client","DHCPv6 client service is stopped. ShutDown Flag value is 1"
"9/7/2026 9:38:14 PM","7036","Information","Service Control Manager","The Windows Font Cache Service service entered the stopped state."
"9/7/2026 9:38:14 PM","7036","Information","Service Control Manager","The SQL Server CEIP service (SQLEXPRESS) service entered the stopped state."
"9/7/2026 9:38:14 PM","7036","Information","Service Control Manager","The Client License Service (ClipSVC) service entered the stopped state."
"9/7/2026 9:38:14 PM","7036","Information","Service Control Manager","The Plug and Play service entered the stopped state."
"9/7/2026 9:38:14 PM","7036","Information","Service Control Manager","The Windows Time service entered the stopped state."
"9/7/2026 9:38:14 PM","50105","Information","Microsoft-Windows-Dhcp-Client","DHCPv4 client ProcessDHCPRequestForever received TERMINATE_EVENT"
"9/7/2026 9:38:14 PM","50104","Information","Microsoft-Windows-Dhcp-Client","DHCPv4 client received shutdown notification"
"9/7/2026 9:38:14 PM","7036","Information","Service Control Manager","The Intersite Messaging service entered the stopped state."
"9/7/2026 9:38:14 PM","7036","Information","Service Control Manager","The SysMain service entered the stopped state."
"9/7/2026 9:38:14 PM","7036","Information","Service Control Manager","The World Wide Web Publishing Service service entered the stopped state."
"9/7/2026 9:38:14 PM","7036","Information","Service Control Manager","The Windows Management Instrumentation service entered the stopped state."
"9/7/2026 9:38:14 PM","7036","Information","Service Control Manager","The Active Directory Web Services service entered the stopped state."
"9/7/2026 9:38:14 PM","7036","Information","Service Control Manager","The AppX Deployment Service (AppXSVC) service entered the stopped state."
"9/7/2026 9:38:14 PM","7036","Information","Service Control Manager","The Diagnostic System Host service entered the stopped state."
"9/7/2026 9:38:14 PM","7036","Information","Service Control Manager","The Capability Access Manager Service service entered the stopped state."
"9/7/2026 9:38:14 PM","7036","Information","Service Control Manager","The Background Intelligent Transfer Service service entered the stopped state."
"9/7/2026 9:38:14 PM","7036","Information","Service Control Manager","The User Access Logging Service service entered the stopped state."
"9/7/2026 9:38:14 PM","7036","Information","Service Control Manager","The Connected User Experiences and Telemetry service entered the stopped state."
"9/7/2026 9:38:14 PM","7036","Information","Service Control Manager","The VMware Tools service entered the stopped state."
"9/7/2026 9:38:14 PM","7036","Information","Service Control Manager","The AzureAttestService service entered the stopped state."
"9/7/2026 9:38:14 PM","7036","Information","Service Control Manager","The Group Policy Client service entered the stopped state."
"9/7/2026 9:38:14 PM","7002","Information","Microsoft-Windows-Winlogon","User Logoff Notification for Customer Experience Improvement Program"
"9/7/2026 9:38:14 PM","6006","Information","EventLog","The Event log service was stopped."
"9/7/2026 9:38:14 PM","7036","Information","Service Control Manager","The Windows Push Notifications User Service_c5686 service entered the stopped state."
"9/7/2026 9:38:14 PM","7036","Information","Service Control Manager","The Connected Devices Platform User Service_c5686 service entered the stopped state."
"9/7/2026 9:38:14 PM","7036","Information","Service Control Manager","The Clipboard User Service_c5686 service entered the stopped state."
"9/7/2026 9:38:13 PM","1074","Information","User32","The process C:\Windows\System32\RuntimeBroker.exe (DC) has initiated the power off of computer DC on behalf of user SCAFFOLD\Administrator for the following reason: Other (Unplanned)
 Reason Code: 0x5000000
 Shutdown Type: power off
 Comment: "
"9/7/2026 9:38:01 PM","7036","Information","Service Control Manager","The Volume Shadow Copy service entered the stopped state."
"9/7/2026 9:38:01 PM","7036","Information","Service Control Manager","The VMware Snapshot Provider service entered the stopped state."
"9/7/2026 9:37:59 PM","104","Information","Microsoft-Windows-Eventlog","The Microsoft-Windows-Sysmon/Operational log file was cleared."
"9/7/2026 9:37:47 PM","7036","Information","Service Control Manager","The Portable Device Enumerator Service service entered the stopped state."
"9/7/2026 9:37:34 PM","7036","Information","Service Control Manager","The Microsoft Edge Update Service (edgeupdate) service entered the running state."
"9/7/2026 9:37:33 PM","7036","Information","Service Control Manager","The Software Protection service entered the stopped state."
"9/7/2026 9:37:17 PM","7036","Information","Service Control Manager","The WMI Performance Adapter service entered the running state."
"9/7/2026 9:37:17 PM","7036","Information","Service Control Manager","The WMI Performance Adapter service entered the stopped state."
"9/7/2026 9:37:16 PM","7036","Information","Service Control Manager","The WMI Performance Adapter service entered the running state."
"9/7/2026 9:37:16 PM","7036","Information","Service Control Manager","The WMI Performance Adapter service entered the stopped state."
"9/7/2026 9:37:04 PM","7036","Information","Service Control Manager","The Clipboard User Service_c5686 service entered the running state."
"9/7/2026 9:37:04 PM","7036","Information","Service Control Manager","The User Access Logging Service service entered the running state."
"9/7/2026 9:37:02 PM","7036","Information","Service Control Manager","The Software Protection service entered the running state."
"9/7/2026 9:37:02 PM","7036","Information","Service Control Manager","The Program Compatibility Assistant Service service entered the running state."
"9/7/2026 9:37:02 PM","7036","Information","Service Control Manager","The Microsoft Edge Update Service (edgeupdate) service entered the stopped state."
"9/7/2026 9:37:01 PM","7036","Information","Service Control Manager","The Microsoft Edge Update Service (edgeupdate) service entered the running state."
"9/7/2026 9:37:01 PM","7036","Information","Service Control Manager","The Diagnostic System Host service entered the running state."
"9/7/2026 9:37:01 PM","7036","Information","Service Control Manager","The Diagnostic Policy Service service entered the running state."
"9/7/2026 9:37:01 PM","4107","Information","Display","A caller specified the SDC_FORCE_MODE_ENUMERATION flag in a call to the SetDisplayConfig() API"
"9/7/2026 9:36:36 PM","7036","Information","Service Control Manager","The Windows Update Medic Service service entered the stopped state."
"9/7/2026 9:36:21 PM","7036","Information","Service Control Manager","The Software Protection service entered the stopped state."
"9/7/2026 9:36:14 PM","7036","Information","Service Control Manager","The Network Setup Service service entered the running state."
"9/7/2026 9:35:49 PM","10016","Warning","Microsoft-Windows-DistributedCOM","The application-specific permission settings do not grant Local Launch permission for the COM Server application with CLSID 
{21B896BF-008D-4D01-A27B-26061B960DD7}
 and APPID 
{03E09F3B-DCE4-44FE-A9CF-82D050827E1C}
 to the user SCAFFOLD\Administrator SID (S-1-5-21-365932789-2848835602-3476675013-500) from address LocalHost (Using LRPC) running in the application container Unavailable SID (Unavailable). This security permission can be modified using the Component Services administrative tool."
"9/7/2026 9:35:48 PM","7036","Information","Service Control Manager","The Connected Devices Platform Service service entered the running state."
"9/7/2026 9:35:48 PM","7036","Information","Service Control Manager","The Capability Access Manager Service service entered the running state."
"9/7/2026 9:35:48 PM","7036","Information","Service Control Manager","The Software Protection service entered the running state."
"9/7/2026 9:35:47 PM","7036","Information","Service Control Manager","The Web Account Manager service entered the running state."
"9/7/2026 9:35:47 PM","7036","Information","Service Control Manager","The Touch Keyboard and Handwriting Panel Service service entered the running state."
"9/7/2026 9:35:47 PM","7036","Information","Service Control Manager","The Windows Push Notifications User Service_c5686 service entered the running state."
"9/7/2026 9:35:47 PM","7036","Information","Service Control Manager","The Connected Devices Platform User Service_c5686 service entered the running state."
"9/7/2026 9:35:46 PM","7001","Information","Microsoft-Windows-Winlogon","User Logon Notification for Customer Experience Improvement Program"
"9/7/2026 9:35:36 PM","7036","Information","Service Control Manager","The AppX Deployment Service (AppXSVC) service entered the running state."
"9/7/2026 9:35:36 PM","7036","Information","Service Control Manager","The Delivery Optimization service entered the stopped state."
"9/7/2026 9:35:36 PM","7036","Information","Service Control Manager","The Storage Service service entered the running state."
"9/7/2026 9:35:36 PM","7036","Information","Service Control Manager","The Delivery Optimization service entered the running state."
"9/7/2026 9:35:36 PM","7036","Information","Service Control Manager","The Windows Update Medic Service service entered the running state."
"9/7/2026 9:35:35 PM","7036","Information","Service Control Manager","The Network Connectivity Assistant service entered the stopped state."
"9/7/2026 9:35:19 PM","23","Error","Microsoft-Windows-Eventlog","The event logging service encountered an error (res=5) while initializing logging resources for channel Microsoft-Windows-PowerShell/Admin."
"9/7/2026 9:35:19 PM","23","Error","Microsoft-Windows-Eventlog","The event logging service encountered an error (res=5) while initializing logging resources for channel Microsoft-Windows-PowerShell/Operational."
"9/7/2026 9:35:17 PM","7036","Information","Service Control Manager","The WDSServer service entered the running state."
"9/7/2026 9:35:17 PM","16","Information","Microsoft-Windows-Kernel-General","The access history in hive \??\C:\RemoteInstall\Tmp\x64uefi{E80FAAAD-6BE9-4290-90AE-17FE20BCA6D8}.bcd was cleared updating 0 keys and creating 0 modified pages."
"9/7/2026 9:35:17 PM","16","Information","Microsoft-Windows-Kernel-General","The access history in hive \??\C:\RemoteInstall\Tmp\x86uefi{802F9C8D-6C81-4C82-930E-03C851ADA926}.bcd was cleared updating 0 keys and creating 0 modified pages."
"9/7/2026 9:35:16 PM","16","Information","Microsoft-Windows-Kernel-General","The access history in hive \??\C:\RemoteInstall\Tmp\arm{F79A352B-E1FC-4808-9E31-E6BE7766D32D}.bcd was cleared updating 0 keys and creating 0 modified pages."
"9/7/2026 9:35:16 PM","16","Information","Microsoft-Windows-Kernel-General","The access history in hive \??\C:\RemoteInstall\Tmp\x86x64{90D8180D-41DC-4385-8565-B3B8F03C01ED}.bcd was cleared updating 0 keys and creating 0 modified pages."
"9/7/2026 9:35:16 PM","16","Information","Microsoft-Windows-Kernel-General","The access history in hive \??\C:\RemoteInstall\Tmp\arm64{3E5E0639-17D5-478D-BD29-6E2026AE1D15}.bcd was cleared updating 0 keys and creating 0 modified pages."
"9/7/2026 9:35:15 PM","16","Information","Microsoft-Windows-Kernel-General","The access history in hive \??\C:\RemoteInstall\Tmp\x64{60D7D059-D5C2-40D8-981D-3AF82F0DEEDD}.bcd was cleared updating 0 keys and creating 0 modified pages."
"9/7/2026 9:35:15 PM","16","Information","Microsoft-Windows-Kernel-General","The access history in hive \??\C:\RemoteInstall\Tmp\x86{88127DC0-6520-4B64-81CE-C8EA2B490478}.bcd was cleared updating 0 keys and creating 0 modified pages."
"9/7/2026 9:35:14 PM","7036","Information","Service Control Manager","The WMI Performance Adapter service entered the running state."
"9/7/2026 9:35:10 PM","7036","Information","Service Control Manager","The Background Intelligent Transfer Service service entered the running state."
"9/7/2026 9:35:10 PM","7036","Information","Service Control Manager","The MSSQL$SQLEXPRESS service entered the running state."
"9/7/2026 9:35:09 PM","1014","Warning","Microsoft-Windows-DNS-Client","Name resolution for the name scaffold.htb timed out after none of the configured DNS servers responded."
"9/7/2026 9:35:08 PM","16648","Information","Microsoft-Windows-Directory-Services-SAM","The request for a new account-identifier pool has completed successfully."
"9/7/2026 9:35:08 PM","7036","Information","Service Control Manager","The DNS service entered the running state."
"9/7/2026 9:35:08 PM","16647","Information","Microsoft-Windows-Directory-Services-SAM","The domain controller is starting a request for a new account-identifier pool."
"9/7/2026 9:35:08 PM","7040","Information","Service Control Manager","The start type of the Background Intelligent Transfer Service service was changed from demand start to auto start."
"9/7/2026 9:35:01 PM","7036","Information","Service Control Manager","The SQLTELEMETRY$SQLEXPRESS service entered the running state."
"9/7/2026 9:35:01 PM","7036","Information","Service Control Manager","The Volume Shadow Copy service entered the running state."
"9/7/2026 9:35:01 PM","7026","Information","Service Control Manager","The following boot-start or system-start driver(s) did not load: 
dam"
"9/7/2026 9:34:57 PM","10154","Warning","Microsoft-Windows-WinRM","The WinRM service failed to create the following SPNs: WSMAN/dc.scaffold.htb; WSMAN/dc. 

 Additional Data 
 The error received was 1355: %%1355.

 User Action 
 The SPNs can be created by an administrator using setspn.exe utility."
"9/7/2026 9:34:55 PM","7036","Information","Service Control Manager","The MSDTC service entered the running state."
"9/7/2026 9:34:55 PM","7036","Information","Service Control Manager","The W3SVC service entered the running state."
"9/7/2026 9:34:55 PM","7036","Information","Service Control Manager","The W32Time service entered the running state."
"9/7/2026 9:34:55 PM","7000","Error","Service Control Manager","The MDT_Monitor service failed to start due to the following error: 
The service did not start due to a logon failure."
"9/7/2026 9:34:55 PM","7034","Error","Service Control Manager","The MDT_Monitor service terminated unexpectedly.  It has done this 1 time(s)."
"9/7/2026 9:34:55 PM","7038","Error","Service Control Manager","The MDT_Monitor service was unable to log on as scaffold.htb\svc_mdtmonitor with the currently configured password due to the following error: 
The user name or password is incorrect.

To ensure that the service is configured properly, use the Services snap-in in Microsoft Management Console (MMC)."
"9/7/2026 9:34:55 PM","12","Warning","Microsoft-Windows-Time-Service","Time Provider NtpClient: This machine is configured to use the domain hierarchy to determine its time source, but it is the AD PDC emulator for the domain at the root of the forest, so there is no machine above it in the domain hierarchy to use as a time source. It is recommended that you either configure a reliable time service in the root domain, or manually configure the AD PDC to synchronize with an external time source. Otherwise, this machine will function as the authoritative time source in the domain hierarchy. If an external time source is not configured or used for this computer, you may choose to disable the NtpClient."
"9/7/2026 9:34:50 PM","143","Information","Microsoft-Windows-Time-Service","The time service has started advertising as a good time source."
"9/7/2026 9:34:50 PM","139","Information","Microsoft-Windows-Time-Service","The time service has started advertising as a time source."
"9/7/2026 9:34:50 PM","7036","Information","Service Control Manager","The Sysmon64 service entered the running state."
"9/7/2026 9:34:49 PM","7036","Information","Service Control Manager","The DispBrokerDesktopSvc service entered the running state."
"9/7/2026 9:34:49 PM","7036","Information","Service Control Manager","The RasMan service entered the running state."
"9/7/2026 9:34:47 PM","7036","Information","Service Control Manager","The COMSysApp service entered the running state."
"9/7/2026 9:34:45 PM","7036","Information","Service Control Manager","The vmvss service entered the running state."
"9/7/2026 9:34:45 PM","7036","Information","Service Control Manager","The vds service entered the running state."
"9/7/2026 9:34:44 PM","7036","Information","Service Control Manager","The StateRepository service entered the running state."
"9/7/2026 9:34:44 PM","7036","Information","Service Control Manager","The WinRM service entered the running state."
"9/7/2026 9:34:44 PM","7036","Information","Service Control Manager","The ADWS service entered the running state."
"9/7/2026 9:34:45 PM","3","Information","Virtual Disk Service","Service started."
"9/7/2026 9:34:43 PM","7036","Information","Service Control Manager","The SstpSvc service entered the running state."
"9/7/2026 9:34:44 PM","10148","Information","Microsoft-Windows-WinRM","The WinRM service is listening for WS-Management requests. 

 User Action 
 Use the following command to see the specific IPs on which WinRM is listening: 

 winrm enumerate winrm/config/listener"
"9/7/2026 9:34:42 PM","7036","Information","Service Control Manager","The DiagTrack service entered the running state."
"9/7/2026 9:34:42 PM","7036","Information","Service Control Manager","The WAS service entered the running state."
"9/7/2026 9:34:42 PM","7036","Information","Service Control Manager","The Netlogon service entered the running state."
"9/7/2026 9:34:42 PM","7036","Information","Service Control Manager","The VMTools service entered the running state."
"9/7/2026 9:34:42 PM","7036","Information","Service Control Manager","The WpnService service entered the running state."
"9/7/2026 9:34:41 PM","7036","Information","Service Control Manager","The VM3DService service entered the running state."
"9/7/2026 9:34:40 PM","7036","Information","Service Control Manager","The Winmgmt service entered the running state."
"9/7/2026 9:34:40 PM","7036","Information","Service Control Manager","The VGAuthService service entered the running state."
"9/7/2026 9:34:40 PM","7036","Information","Service Control Manager","The SQLWriter service entered the running state."
"9/7/2026 9:34:40 PM","7036","Information","Service Control Manager","The Dfs service entered the running state."
"9/7/2026 9:34:40 PM","7036","Information","Service Control Manager","The SysMain service entered the running state."
"9/7/2026 9:34:40 PM","7036","Information","Service Control Manager","The AppHostSvc service entered the running state."
"9/7/2026 9:34:40 PM","7036","Information","Service Control Manager","The IsmServ service entered the running state."
"9/7/2026 9:34:40 PM","7036","Information","Service Control Manager","The RemoteRegistry service entered the running state."
"9/7/2026 9:34:40 PM","5211","Information","Microsoft-Windows-WAS","The Windows Process Activation Service (WAS) started with 'Classic' mode using 'ConfigurationSystem'"
"9/7/2026 9:34:40 PM","14531","Information","Microsoft-Windows-DfsSvc","DFS server has finished initializing."
"9/7/2026 9:34:40 PM","14533","Information","Microsoft-Windows-DfsSvc","DFS has finished building all namespaces."
"9/7/2026 9:34:39 PM","7036","Information","Service Control Manager","The DFSR service entered the running state."
"9/7/2026 9:34:39 PM","7036","Information","Service Control Manager","The CertSvc service entered the running state."
"9/7/2026 9:34:39 PM","7036","Information","Service Control Manager","The CoreMessagingRegistrar service entered the running state."
"9/7/2026 9:34:39 PM","7036","Information","Service Control Manager","The AzureAttestService service entered the running state."
"9/7/2026 9:34:39 PM","7036","Information","Service Control Manager","The Spooler service entered the running state."
"9/7/2026 9:34:39 PM","4321","Error","NetBT","The name ""DC             :20"" could not be registered on the interface with IP address 10.129.246.248. The computer with the IP address 10.129.249.73 did not allow the name to be claimed by this computer."
"9/7/2026 9:34:39 PM","7036","Information","Service Control Manager","The LanmanServer service entered the running state."
"9/7/2026 9:34:38 PM","7036","Information","Service Control Manager","The SamSs service entered the running state."
"9/7/2026 9:34:39 PM","2505","Error","Server","The server could not bind to the transport \Device\NetBT_Tcpip_{B67533AE-77BD-4706-9E9E-53BCF481AA5A} because another computer on the network has the same name.  The server could not start."
"9/7/2026 9:34:35 PM","36928","Error","Schannel","Could not retrieve an OCSP response.

   The Failure Reason is: REASON_OCSP_RESPONSE_RETRIEVAL_ERROR
    The OCSP Url is: 
   The previous OCSP response contained the following times:
      ThisUpdate: ‎1601‎-‎01‎-‎01T00:00:00.000000000Z
      NextUpdate: ‎1601‎-‎01‎-‎01T00:00:00.000000000Z

The attached data contains the certificate."
"9/7/2026 9:34:35 PM","1014","Warning","Microsoft-Windows-DNS-Client","Name resolution for the name _ldap._tcp.dc._msdcs.scaffold.htb. timed out after none of the configured DNS servers responded."
"9/7/2026 9:34:33 PM","7036","Information","Service Control Manager","The UserManager service entered the running state."
"9/7/2026 9:34:33 PM","7036","Information","Service Control Manager","The NcbService service entered the running state."
"9/7/2026 9:34:33 PM","7036","Information","Service Control Manager","The NcaSvc service entered the stopped state."
"9/7/2026 9:34:33 PM","7036","Information","Service Control Manager","The CryptSvc service entered the running state."
"9/7/2026 9:34:33 PM","7036","Information","Service Control Manager","The mpssvc service entered the running state."
"9/7/2026 9:34:33 PM","7036","Information","Service Control Manager","The LanmanWorkstation service entered the running state."
"9/7/2026 9:34:32 PM","7036","Information","Service Control Manager","The IKEEXT service entered the running state."
"9/7/2026 9:34:32 PM","4321","Error","NetBT","The name ""DC             :0"" could not be registered on the interface with IP address 10.129.246.248. The computer with the IP address 10.129.249.73 did not allow the name to be claimed by this computer."
"9/7/2026 9:34:32 PM","7036","Information","Service Control Manager","The PolicyAgent service entered the running state."
"9/7/2026 9:34:32 PM","7036","Information","Service Control Manager","The iphlpsvc service entered the running state."
"9/7/2026 9:34:32 PM","7036","Information","Service Control Manager","The Kdc service entered the running state."
"9/7/2026 9:34:32 PM","7036","Information","Service Control Manager","The DsmSvc service entered the running state."
"9/7/2026 9:34:32 PM","7036","Information","Service Control Manager","The Wcmsvc service entered the running state."
"9/7/2026 9:34:32 PM","7036","Information","Service Control Manager","The Schedule service entered the running state."
"9/7/2026 9:34:32 PM","7036","Information","Service Control Manager","The WinHttpAutoProxySvc service entered the running state."
"9/7/2026 9:34:31 PM","7036","Information","Service Control Manager","The FontCache service entered the running state."
"9/7/2026 9:34:31 PM","7036","Information","Service Control Manager","The ShellHWDetection service entered the running state."
"9/7/2026 9:34:31 PM","7036","Information","Service Control Manager","The BFE service entered the running state."
"9/7/2026 9:34:31 PM","7036","Information","Service Control Manager","The netprofm service entered the running state."
"9/7/2026 9:34:31 PM","1014","Warning","Microsoft-Windows-DNS-Client","Name resolution for the name _ldap._tcp.dc._msdcs.scaffold.htb. timed out after none of the configured DNS servers responded."
"9/7/2026 9:34:31 PM","7036","Information","Service Control Manager","The KeyIso service entered the running state."
"9/7/2026 9:34:31 PM","7036","Information","Service Control Manager","The SENS service entered the running state."
"9/7/2026 9:34:31 PM","7036","Information","Service Control Manager","The NlaSvc service entered the running state."
"9/7/2026 9:34:31 PM","7036","Information","Service Control Manager","The ProfSvc service entered the running state."
"9/7/2026 9:34:31 PM","23","Error","Microsoft-Windows-Eventlog","The event logging service encountered an error (res=5) while initializing logging resources for channel Windows PowerShell."
"9/7/2026 9:34:31 PM","7036","Information","Service Control Manager","The EventSystem service entered the running state."
"9/7/2026 9:34:30 PM","7036","Information","Service Control Manager","The Themes service entered the running state."
"9/7/2026 9:34:30 PM","7036","Information","Service Control Manager","The gpsvc service entered the running state."
"9/7/2026 9:34:30 PM","7036","Information","Service Control Manager","The NTDS service entered the running state."
"9/7/2026 9:34:30 PM","6","Information","Microsoft-Windows-FilterManager","File System Filter 'bindflt' (10.0, ‎2051‎-‎03‎-‎03T20:45:47.000000000Z) has successfully loaded and registered with Filter Manager."
"9/7/2026 9:34:30 PM","7036","Information","Service Control Manager","The wlidsvc service entered the running state."
"9/7/2026 9:34:30 PM","6","Information","Microsoft-Windows-FilterManager","File System Filter 'storqosflt' (10.0, ‎2051‎-‎09‎-‎21T05:40:20.000000000Z) has successfully loaded and registered with Filter Manager."
"9/7/2026 9:34:30 PM","6","Information","Microsoft-Windows-FilterManager","File System Filter 'CldFlt' (10.0, ‎2074‎-‎11‎-‎09T08:03:12.000000000Z) has successfully loaded and registered with Filter Manager."
"9/7/2026 9:34:30 PM","1","Information","Microsoft-Windows-FilterManager","File System Filter 'CldFlt' (Version 10.0, ‎2074‎-‎11‎-‎09T08:03:12.000000000Z) unloaded successfully."
"9/7/2026 9:34:30 PM","6","Information","Microsoft-Windows-FilterManager","File System Filter 'CldFlt' (10.0, ‎2074‎-‎11‎-‎09T08:03:12.000000000Z) has successfully loaded and registered with Filter Manager."
"9/7/2026 9:34:30 PM","7036","Information","Service Control Manager","The Dnscache service entered the running state."
"9/7/2026 9:34:30 PM","7036","Information","Service Control Manager","The WPDBusEnum service entered the running state."
"9/7/2026 9:34:30 PM","6","Information","Microsoft-Windows-FilterManager","File System Filter 'luafv' (10.0, ‎2068‎-‎10‎-‎11T15:22:37.000000000Z) has successfully loaded and registered with Filter Manager."
"9/7/2026 9:34:30 PM","7036","Information","Service Control Manager","The Dhcp service entered the running state."
"9/7/2026 9:34:30 PM","51046","Information","Microsoft-Windows-DHCPv6-Client","DHCPv6 client service is started"
"9/7/2026 9:34:30 PM","7036","Information","Service Control Manager","The EventLog service entered the running state."
"9/7/2026 9:34:30 PM","6","Information","Microsoft-Windows-FilterManager","File System Filter 'wcifs' (10.0, ‎2088‎-‎12‎-‎15T04:51:43.000000000Z) has successfully loaded and registered with Filter Manager."
"9/7/2026 9:34:30 PM","50036","Information","Microsoft-Windows-Dhcp-Client","DHCPv4 client service is started"
"9/7/2026 9:34:30 PM","50103","Information","Microsoft-Windows-Dhcp-Client","DHCPv4 client registered for shutdown notification"
"9/7/2026 9:34:30 PM","50036","Information","Microsoft-Windows-Dhcp-Client","DHCPv4 client service is started"
"9/7/2026 9:34:30 PM","7036","Information","Service Control Manager","The TimeBrokerSvc service entered the running state."
"9/7/2026 9:34:30 PM","7036","Information","Service Control Manager","The nsi service entered the running state."
"9/7/2026 9:34:30 PM","7036","Information","Service Control Manager","The lmhosts service entered the running state."
"9/7/2026 9:34:30 PM","7036","Information","Service Control Manager","The ClipSVC service entered the running state."
"9/7/2026 9:34:30 PM","7036","Information","Service Control Manager","The SystemEventsBroker service entered the running state."
"9/7/2026 9:34:30 PM","7036","Information","Service Control Manager","The BrokerInfrastructure service entered the running state."
"9/7/2026 9:34:29 PM","7036","Information","Service Control Manager","The LSM service entered the running state."
"9/7/2026 9:34:29 PM","7036","Information","Service Control Manager","The RpcSs service entered the running state."
"9/7/2026 9:34:29 PM","7036","Information","Service Control Manager","The DcomLaunch service entered the running state."
"9/7/2026 9:34:29 PM","7036","Information","Service Control Manager","The RpcEptMapper service entered the running state."
"9/7/2026 9:34:29 PM","7036","Information","Service Control Manager","The Power service entered the running state."
"9/7/2026 9:34:28 PM","7036","Information","Service Control Manager","The PlugPlay service entered the running state."
"9/7/2026 9:34:28 PM","16983","Information","Microsoft-Windows-Directory-Services-SAM","The security account manager is now logging periodic summary events for remote clients that call legacy password change or set RPC methods.

For more information please see https://go.microsoft.com/fwlink/?linkid=2150956.
"
"9/7/2026 9:34:28 PM","16977","Information","Microsoft-Windows-Directory-Services-SAM","The domain is configured with the following minimum password length-related settings.

MinimumPasswordLength: 7

RelaxMinimumPasswordLengthLimits: 0

MinimumPasswordLengthAudit: -1

For more information see https://go.microsoft.com/fwlink/?LinkId=2097191.
"
"9/7/2026 9:34:28 PM","16977","Information","Microsoft-Windows-Directory-Services-SAM","The domain is configured with the following minimum password length-related settings.

MinimumPasswordLength: 7

RelaxMinimumPasswordLengthLimits: 0

MinimumPasswordLengthAudit: 0

For more information see https://go.microsoft.com/fwlink/?LinkId=2097191.
"
"9/7/2026 9:34:28 PM","16654","Information","Microsoft-Windows-Directory-Services-SAM","A pool of account-identifiers (RIDs) has been invalidated. This may occur in the following expected cases:
1. A domain controller is restored from backup. 
2. A domain controller running on a virtual machine is restored from snapshot. 
3. An administrator has manually invalidated the pool. 
See http://go.microsoft.com/fwlink/?LinkId=226247 for more information."
"9/7/2026 9:34:27 PM","16962","Information","Microsoft-Windows-Directory-Services-SAM","Remote calls to the SAM database are being restricted using the default security descriptor: .
For more information please see http://go.microsoft.com/fwlink/?LinkId=787651."
"9/7/2026 9:34:26 PM","14","Information","Microsoft-Windows-Wininit","Credential Guard configuration: 0x0, 0"
"9/7/2026 9:34:26 PM","24","Information","Microsoft-Windows-Kernel-General","The time zone information was refreshed with exit reason 0. Current time zone bias is 420."
"9/7/2026 9:34:24 PM","98","Error","Microsoft-Windows-Ntfs","Volume \\?\Volume{2bc8a4fb-ec89-41c1-8fb3-d753243c8254} (\Device\HarddiskVolume5) needs to be taken offline to perform a Full Chkdsk.  Please run ""CHKDSK /F"" locally via the command line, or run ""REPAIR-VOLUME <drive:>"" locally or remotely via PowerShell."
"9/7/2026 9:34:24 PM","98","Error","Microsoft-Windows-Ntfs","Volume Y: (\Device\HarddiskVolume4) needs to be taken offline to perform a Full Chkdsk.  Please run ""CHKDSK /F"" locally via the command line, or run ""REPAIR-VOLUME <drive:>"" locally or remotely via PowerShell."
"9/7/2026 9:34:24 PM","55","Information","Microsoft-Windows-Kernel-Processor-Power","Processor 1 in group 0 exposes the following power management capabilities:

Idle state type: ACPI Idle (C) States (1 state(s))

Performance state type: None
Nominal Frequency (MHz): 2994
Maximum performance percentage: 100
Minimum performance percentage: 100
Minimum throttle percentage: 100"
"9/7/2026 9:34:24 PM","55","Information","Microsoft-Windows-Kernel-Processor-Power","Processor 0 in group 0 exposes the following power management capabilities:

Idle state type: ACPI Idle (C) States (1 state(s))

Performance state type: None
Nominal Frequency (MHz): 2994
Maximum performance percentage: 100
Minimum performance percentage: 100
Minimum throttle percentage: 100"
"9/7/2026 9:34:23 PM","172","Information","Microsoft-Windows-Kernel-Power","Connectivity state in standby: Disconnected, Reason: NIC compliance"
"9/7/2026 9:34:23 PM","6","Information","Microsoft-Windows-FilterManager","File System Filter 'npsvctrig' (10.0, ‎2015‎-‎04‎-‎02T03:42:38.000000000Z) has successfully loaded and registered with Filter Manager."
"9/7/2026 9:34:23 PM","6","Information","Microsoft-Windows-FilterManager","File System Filter 'DfsDriver' (10.0, ‎2053‎-‎07‎-‎29T02:36:42.000000000Z) has successfully loaded and registered with Filter Manager."
"9/7/2026 9:34:23 PM","6","Information","Microsoft-Windows-FilterManager","File System Filter 'FileCrypt' (10.0, ‎2088‎-‎05‎-‎23T23:57:52.000000000Z) has successfully loaded and registered with Filter Manager."
"9/7/2026 9:34:23 PM","98","Information","Microsoft-Windows-Ntfs","Volume C: (\Device\HarddiskVolume3) is healthy.  No action is needed."
"9/7/2026 9:34:23 PM","6","Information","Microsoft-Windows-FilterManager","File System Filter 'SysmonDrv' (0.0, ‎2026‎-‎06‎-‎17T09:58:39.000000000Z) has successfully loaded and registered with Filter Manager."
"9/7/2026 9:34:23 PM","6","Information","Microsoft-Windows-FilterManager","File System Filter 'DfsrRo' (10.0, ‎1999‎-‎03‎-‎20T18:16:31.000000000Z) has successfully loaded and registered with Filter Manager."
"9/7/2026 9:34:23 PM","6","Information","Microsoft-Windows-FilterManager","File System Filter 'Wof' (10.0, ‎2008‎-‎09‎-‎17T11:19:58.000000000Z) has successfully loaded and registered with Filter Manager."
"9/7/2026 9:34:21 PM","3","Information","vmci","VMCI: Using capabilities (0x1c).
"
"9/7/2026 9:34:20 PM","16","Information","Microsoft-Windows-HAL","The iommu fault reporting has been initialized."
"9/7/2026 9:34:19 PM","20","Information","Microsoft-Windows-Kernel-General","The leap second configuration has been updated.
Reason: Leap second data initialized from registry during boot
Leap seconds enabled: true
New leap second count: 0
Old leap second count: 0"
"9/7/2026 9:34:19 PM","32","Information","Microsoft-Windows-Kernel-Boot","The bootmgr spent 0 ms waiting for user input."
"9/7/2026 9:34:19 PM","18","Information","Microsoft-Windows-Kernel-Boot","There are 0x1 boot options on this system."
"9/7/2026 9:34:19 PM","27","Information","Microsoft-Windows-Kernel-Boot","The boot type was 0x0."
"9/7/2026 9:34:19 PM","25","Information","Microsoft-Windows-Kernel-Boot","The boot menu policy was 0x0."
"9/7/2026 9:34:19 PM","238","Information","Microsoft-Windows-Kernel-Boot","EFI time zone bias: 2047. Daylight flags: 0. Firmware time: ‎2026‎-‎09‎-‎07T21:34:19.000000000Z."
"9/7/2026 9:34:19 PM","20","Information","Microsoft-Windows-Kernel-Boot","The last shutdown's success status was true. The last boot's success status was true."
"9/7/2026 9:34:19 PM","153","Information","Microsoft-Windows-Kernel-Boot","Virtualization-based security (policies: 0) is disabled."
"9/7/2026 9:34:19 PM","12","Information","Microsoft-Windows-Kernel-General","The operating system started at system time ‎2026‎-‎09‎-‎08T04:34:19.500000000Z."
"9/7/2026 8:00:54 PM","13","Information","Microsoft-Windows-Kernel-General","The operating system is shutting down at system time ‎2026‎-‎09‎-‎08T03:00:54.482543900Z."
"9/7/2026 8:00:53 PM","109","Information","Microsoft-Windows-Kernel-Power","The kernel power manager has initiated a shutdown transition.

Shutdown Reason: Kernel API"
"9/7/2026 8:00:50 PM","7036","Information","Service Control Manager","The Windows Process Activation Service service entered the stopped state."
"9/7/2026 8:00:49 PM","7036","Information","Service Control Manager","The DFS Replication service entered the stopped state."
"9/7/2026 8:00:49 PM","7036","Information","Service Control Manager","The SQL Server (SQLEXPRESS) service entered the stopped state."
"9/7/2026 8:00:49 PM","7036","Information","Service Control Manager","The Windows Remote Management (WS-Management) service entered the stopped state."
"9/7/2026 8:00:49 PM","7036","Information","Service Control Manager","The Active Directory Domain Services service entered the stopped state."
"9/7/2026 8:00:49 PM","7036","Information","Service Control Manager","The Task Scheduler service entered the stopped state."
"9/7/2026 8:00:49 PM","7036","Information","Service Control Manager","The SQL Server CEIP service (SQLEXPRESS) service entered the stopped state."
"9/7/2026 8:00:49 PM","7036","Information","Service Control Manager","The Diagnostic Policy Service service entered the stopped state."
"9/7/2026 8:00:49 PM","7036","Information","Service Control Manager","The Active Directory Certificate Services service entered the stopped state."
"9/7/2026 8:00:49 PM","7036","Information","Service Control Manager","The Application Host Helper Service service entered the stopped state."
"9/7/2026 8:00:49 PM","7036","Information","Service Control Manager","The SQL Server VSS Writer service entered the stopped state."
"9/7/2026 9:34:30 PM","6013","Information","EventLog","The system uptime is 10 seconds."
"9/7/2026 9:34:30 PM","6005","Information","EventLog","The Event log service was started."
"9/7/2026 9:34:30 PM","6009","Information","EventLog","Microsoft (R) Windows (R) 10.00. 20348  Multiprocessor Free."
"9/7/2026 8:00:49 PM","7036","Information","Service Control Manager","The Windows Event Log service entered the stopped state."
"9/7/2026 8:00:49 PM","7036","Information","Service Control Manager","The Device Setup Manager service entered the stopped state."
"9/7/2026 8:00:49 PM","7036","Information","Service Control Manager","The Remote Access Connection Manager service entered the stopped state."
"9/7/2026 8:00:49 PM","7036","Information","Service Control Manager","The DNS Server service entered the stopped state."
"9/7/2026 8:00:49 PM","7036","Information","Service Control Manager","The Cryptographic Services service entered the stopped state."
"9/7/2026 8:00:49 PM","7036","Information","Service Control Manager","The Virtual Disk service entered the stopped state."
"9/7/2026 8:00:49 PM","7036","Information","Service Control Manager","The IKE and AuthIP IPsec Keying Modules service entered the stopped state."
"9/7/2026 8:00:49 PM","7036","Information","Service Control Manager","The DHCP Client service entered the stopped state."
"9/7/2026 8:00:49 PM","7036","Information","Service Control Manager","The Secure Socket Tunneling Protocol Service service entered the stopped state."
"9/7/2026 8:00:49 PM","7036","Information","Service Control Manager","The WinHTTP Web Proxy Auto-Discovery Service service entered the stopped state."
"9/7/2026 8:00:49 PM","7036","Information","Service Control Manager","The Windows Connection Manager service entered the stopped state."
"9/7/2026 8:00:49 PM","50037","Information","Microsoft-Windows-Dhcp-Client","DHCPv4 client service is stopped. ShutDown Flag value is 1"
"9/7/2026 8:00:49 PM","50106","Information","Microsoft-Windows-Dhcp-Client","DHCPv4 is waiting on DHCPv6 service to stop"
"9/7/2026 8:00:49 PM","51057","Information","Microsoft-Windows-DHCPv6-Client","DHCPv6 client service stop is almost done.DHCP Context Ref count is 1"
