"7/9/2026 2:18:32 PM","1004","Information","Microsoft-Windows-Security-SPP","The Software Protection service has successfully installed the license.
License Title=Windows(R) UL oob License (Private)
License Id=929fdcd2-834f-420d-8339-e16583ce1001"
"7/9/2026 2:18:32 PM","1004","Information","Microsoft-Windows-Security-SPP","The Software Protection service has successfully installed the license.
License Title=Windows(R) UL oob License (Public)
License Id=06742e11-202a-45c5-9a59-af29f2fa70be"
"7/9/2026 2:18:32 PM","1004","Information","Microsoft-Windows-Security-SPP","The Software Protection service has successfully installed the license.
License Title=Windows(R) UL store License (Private)
License Id=141cdf78-fdc1-475e-bc30-f7b339bfe45e"
"7/9/2026 2:18:32 PM","1004","Information","Microsoft-Windows-Security-SPP","The Software Protection service has successfully installed the license.
License Title=Windows(R) UL store License (Public)
License Id=a50bd25f-48cc-4961-8f93-29633c35a592"
"7/9/2026 2:18:32 PM","1004","Information","Microsoft-Windows-Security-SPP","The Software Protection service has successfully installed the license.
License Title=Windows(R) UL phone License (Private)
License Id=73dd15d2-5249-4d1e-b979-c4358e2de09c"
"7/9/2026 2:18:32 PM","1004","Information","Microsoft-Windows-Security-SPP","The Software Protection service has successfully installed the license.
License Title=Windows(R) UL phone License (Public)
License Id=d084b718-008f-45ca-bada-da7aeb7fa686"
"7/9/2026 2:18:32 PM","1004","Information","Microsoft-Windows-Security-SPP","The Software Protection service has successfully installed the license.
License Title=Windows(R) UL oob License (Private)
License Id=de3e9985-c182-4c4a-b6dd-ae1dc3ef4338"
"7/9/2026 2:18:32 PM","1004","Information","Microsoft-Windows-Security-SPP","The Software Protection service has successfully installed the license.
License Title=Windows(R) UL oob License (Public)
License Id=0fe6c90e-a3f4-445f-8578-8e3d4c63c747"
"7/9/2026 2:18:32 PM","1004","Information","Microsoft-Windows-Security-SPP","The Software Protection service has successfully installed the license.
License Title=Windows(R) Publishing License (Private)
License Id=5e800f22-e74c-46b6-ac63-0b48cbb35de9"
"7/9/2026 2:18:32 PM","1004","Information","Microsoft-Windows-Security-SPP","The Software Protection service has successfully installed the license.
License Title=Windows(R) Publishing License (Public)
License Id=d45bb936-deed-495b-ac24-ee812c5d785c"
"7/9/2026 2:18:32 PM","1004","Information","Microsoft-Windows-Security-SPP","The Software Protection service has successfully installed the license.
License Title=Windows(R) UL store License (Private)
License Id=c8a0b41e-c93b-48ef-a92c-11d23ab7df50"
"7/9/2026 2:18:32 PM","1004","Information","Microsoft-Windows-Security-SPP","The Software Protection service has successfully installed the license.
License Title=Windows(R) UL store License (Public)
License Id=dfb1ff0e-06a9-4120-91ef-8f89ed02b103"
"7/9/2026 2:18:32 PM","1004","Information","Microsoft-Windows-Security-SPP","The Software Protection service has successfully installed the license.
License Title=Windows(R) UL phone License (Private)
License Id=fe8c6227-7688-4847-bfd6-5613df496985"
"7/9/2026 2:18:32 PM","1004","Information","Microsoft-Windows-Security-SPP","The Software Protection service has successfully installed the license.
License Title=Windows(R) UL phone License (Public)
License Id=58c352ba-5a42-46de-b3f5-e7f61a5b7824"
"7/9/2026 2:18:32 PM","1004","Information","Microsoft-Windows-Security-SPP","The Software Protection service has successfully installed the license.
License Title=Windows(R) UL oob License (Private)
License Id=dfb44f81-e706-4a86-8d52-ba5d00e3f18f"
"7/9/2026 2:18:32 PM","1004","Information","Microsoft-Windows-Security-SPP","The Software Protection service has successfully installed the license.
License Title=Windows(R) UL oob License (Public)
License Id=20e0c826-1f8f-4761-91a1-56367ffaddba"
"7/9/2026 2:18:32 PM","1004","Information","Microsoft-Windows-Security-SPP","The Software Protection service has successfully installed the license.
License Title=Windows(R) Publishing License (Private)
License Id=e9471bb5-ae9f-4c2a-8fcd-c09e35bd953a"
"7/9/2026 2:18:32 PM","1004","Information","Microsoft-Windows-Security-SPP","The Software Protection service has successfully installed the license.
License Title=Windows(R) Publishing License (Public)
License Id=279f7382-f7cf-4b74-b39f-567ddf4990c8"
"7/9/2026 2:18:32 PM","1004","Information","Microsoft-Windows-Security-SPP","The Software Protection service has successfully installed the license.
License Title=Windows(R) UL store License (Private)
License Id=4136f90a-4056-4424-8a7d-42022f84f8bf"
"7/9/2026 2:18:32 PM","1004","Information","Microsoft-Windows-Security-SPP","The Software Protection service has successfully installed the license.
License Title=Windows(R) UL store License (Public)
License Id=76039efe-165d-4dcd-a003-c9a111f3124f"
"7/9/2026 2:18:32 PM","1004","Information","Microsoft-Windows-Security-SPP","The Software Protection service has successfully installed the license.
License Title=Windows(R) UL phone License (Private)
License Id=48f42ded-bb9a-4ad4-abfd-ca9dc44ae267"
"7/9/2026 2:18:32 PM","1004","Information","Microsoft-Windows-Security-SPP","The Software Protection service has successfully installed the license.
License Title=Windows(R) UL phone License (Public)
License Id=b0720c97-8c7b-4dd1-956b-45f53c2334ba"
"7/9/2026 2:18:32 PM","1004","Information","Microsoft-Windows-Security-SPP","The Software Protection service has successfully installed the license.
License Title=Windows(R) UL oob License (Private)
License Id=7a6df6af-fe41-4d4e-83d1-be62a1a09d26"
"7/9/2026 2:18:32 PM","1004","Information","Microsoft-Windows-Security-SPP","The Software Protection service has successfully installed the license.
License Title=Windows(R) UL oob License (Public)
License Id=0ad1315a-edb9-4c9d-8212-e71811384649"
"7/9/2026 2:18:32 PM","1004","Information","Microsoft-Windows-Security-SPP","The Software Protection service has successfully installed the license.
License Title=Windows(R) Publishing License (Private)
License Id=a295676c-3933-461c-aeea-1b7a1f1eaaf0"
"7/9/2026 2:18:32 PM","1004","Information","Microsoft-Windows-Security-SPP","The Software Protection service has successfully installed the license.
License Title=Windows(R) Publishing License (Public)
License Id=43388837-324d-4c5d-b35e-9b3ef85349a0"
"7/9/2026 2:18:32 PM","1004","Information","Microsoft-Windows-Security-SPP","The Software Protection service has successfully installed the license.
License Title=Windows(R) UL store License (Private)
License Id=4b0c2f38-a3ea-4c31-b000-f8750317304d"
"7/9/2026 2:18:32 PM","1004","Information","Microsoft-Windows-Security-SPP","The Software Protection service has successfully installed the license.
License Title=Windows(R) UL store License (Public)
License Id=5e34e4ef-68b3-4f77-8e5a-bb09a7ea71c3"
"7/9/2026 2:18:32 PM","1004","Information","Microsoft-Windows-Security-SPP","The Software Protection service has successfully installed the license.
License Title=Windows(R) UL phone License (Private)
License Id=8737f957-ad30-441c-9f86-152ff38391f6"
"7/9/2026 2:18:32 PM","1004","Information","Microsoft-Windows-Security-SPP","The Software Protection service has successfully installed the license.
License Title=Windows(R) UL phone License (Public)
License Id=891ccc29-4c1c-4a59-9862-6b758931d78e"
"7/9/2026 2:18:32 PM","1004","Information","Microsoft-Windows-Security-SPP","The Software Protection service has successfully installed the license.
License Title=Windows(R) UL oob License (Private)
License Id=184bf5ec-0260-40a1-b6b0-9f93b94cfa43"
"7/9/2026 2:18:32 PM","1004","Information","Microsoft-Windows-Security-SPP","The Software Protection service has successfully installed the license.
License Title=Windows(R) UL oob License (Public)
License Id=099fb8b9-47aa-47b1-8281-f23326a2cac3"
"7/9/2026 2:18:32 PM","1004","Information","Microsoft-Windows-Security-SPP","The Software Protection service has successfully installed the license.
License Title=Windows(R) Publishing License (Private)
License Id=d41ed358-6128-4807-bb4c-70140f478682"
"7/9/2026 2:18:32 PM","1004","Information","Microsoft-Windows-Security-SPP","The Software Protection service has successfully installed the license.
License Title=Windows(R) Publishing License (Public)
License Id=b4d1c02b-e86e-4ead-bc5a-c83e36c0eef7"
"7/9/2026 2:18:32 PM","1004","Information","Microsoft-Windows-Security-SPP","The Software Protection service has successfully installed the license.
License Title=DefaultPpd-ServerDatacenter Component PPD License
License Id=380e1238-0852-728f-00b0-42036bdd9b9b"
"7/9/2026 2:18:32 PM","1066","Information","Microsoft-Windows-Security-SPP","Initialization status for service objects.
C:\Windows\system32\sppwinob.dll, msft:spp/windowsfunctionality/agent/7.0, 0x00000000, 0x00000000
C:\Windows\system32\sppobjs.dll, msft:rm/algorithm/inherited/1.0, 0x00000000, 0x00000000
C:\Windows\system32\sppobjs.dll, msft:rm/algorithm/phone/1.0, 0x00000000, 0x00000000
C:\Windows\system32\sppobjs.dll, msft:rm/algorithm/pkey/detect, 0x00000000, 0x00000000
C:\Windows\system32\sppobjs.dll, msft:spp/ActionScheduler/1.0, 0x00000000, 0x00000000
C:\Windows\system32\sppobjs.dll, msft:spp/TaskScheduler/1.0, 0x00000000, 0x00000000
C:\Windows\system32\sppobjs.dll, msft:spp/statecollector/pkey, 0x00000000, 0x00000000
C:\Windows\system32\sppobjs.dll, msft:spp/volume/services/kms/1.0, 0x00000000, 0x00000000
C:\Windows\system32\sppobjs.dll, msft:spp/volume/services/kms/activationinfo/1.0, 0x00000000, 0x00000000
"
"7/9/2026 2:18:32 PM","16394","Information","Microsoft-Windows-Security-SPP","Offline downlevel migration succeeded."
"7/9/2026 2:18:31 PM","900","Information","Microsoft-Windows-Security-SPP","The Software Protection service is starting.
Parameters:TriggerStarted:6"
"7/9/2026 2:18:28 PM","1531","Information","Microsoft-Windows-User Profiles Service","The User Profile Service has started successfully.  

"
"7/8/2026 11:14:42 PM","38","Information","Microsoft-Windows-CertificationAuthority","Active Directory Certificate Services for scaffold-DC-CA was stopped."
"7/8/2026 11:14:42 PM","1532","Information","Microsoft-Windows-User Profiles Service","The User Profile Service has stopped.  

"
"7/8/2026 11:14:42 PM","8225","Information","VSS","The VSS service is shutting down due to shutdown event from the Service Control Manager. "
"7/8/2026 11:14:42 PM","4111","Information","Microsoft-Windows-MSDTC","The MS DTC service is stopping."
"7/8/2026 11:14:42 PM","17147","Information","MSSQL$SQLEXPRESS","SQL Server is terminating because of a system shutdown. This is an informational message only. No user action is required."
"7/8/2026 11:14:40 PM","108","Information","VMTools","The service was stopped."
"7/8/2026 11:14:40 PM","272","Information","VMUpgradeHelper","Saved network configuration."
"7/8/2026 11:14:40 PM","260","Information","VMUpgradeHelper","Saving network configuration."
"7/8/2026 11:14:35 PM","1000","Information","VGAuth","vmtoolsd: Username and password successfully validated for 'Administrator'"
"7/8/2026 11:14:35 PM","1000","Information","VGAuth","vmtoolsd: Username and password successfully validated for 'Administrator'"
"7/8/2026 11:14:35 PM","1000","Information","VGAuth","vmtoolsd: Username and password successfully validated for 'Administrator'"
"7/8/2026 11:14:35 PM","1000","Information","VGAuth","vmtoolsd: Username and password successfully validated for 'Administrator'"
"7/8/2026 11:14:35 PM","1000","Information","VGAuth","vmtoolsd: Username and password successfully validated for 'Administrator'"
"7/8/2026 11:14:35 PM","1000","Information","VGAuth","vmtoolsd: Username and password successfully validated for 'Administrator'"
"7/8/2026 11:14:35 PM","1000","Information","VGAuth","vmtoolsd: Username and password successfully validated for 'Administrator'"
"7/8/2026 11:14:34 PM","1000","Information","VGAuth","vmtoolsd: Username and password successfully validated for 'Administrator'"
"7/8/2026 11:14:34 PM","1000","Information","VGAuth","vmtoolsd: Username and password successfully validated for 'Administrator'"
"7/8/2026 11:14:32 PM","1000","Information","VGAuth","vmtoolsd: Username and password successfully validated for 'Administrator'"
"7/8/2026 11:14:32 PM","1000","Information","VGAuth","vmtoolsd: Username and password successfully validated for 'Administrator'"
"7/8/2026 11:14:31 PM","1000","Information","VGAuth","vmtoolsd: Username and password successfully validated for 'Administrator'"
"7/8/2026 11:14:31 PM","1000","Information","VGAuth","vmtoolsd: Username and password successfully validated for 'Administrator'"
"7/8/2026 11:14:31 PM","1000","Information","VGAuth","vmtoolsd: Username and password successfully validated for 'Administrator'"
"7/8/2026 11:14:31 PM","1000","Information","VGAuth","vmtoolsd: Username and password successfully validated for 'Administrator'"
"7/8/2026 11:14:31 PM","1000","Information","VGAuth","vmtoolsd: Username and password successfully validated for 'Administrator'"
"7/8/2026 11:14:31 PM","1000","Information","VGAuth","vmtoolsd: Username and password successfully validated for 'Administrator'"
"7/8/2026 11:14:31 PM","1000","Information","VGAuth","vmtoolsd: Username and password successfully validated for 'Administrator'"
"7/8/2026 11:14:31 PM","1000","Information","VGAuth","vmtoolsd: Username and password successfully validated for 'Administrator'"
"7/8/2026 11:14:30 PM","1000","Information","VGAuth","vmtoolsd: Username and password successfully validated for 'Administrator'"
"7/8/2026 11:14:28 PM","1000","Information","VGAuth","vmtoolsd: Username and password successfully validated for 'Administrator'"
"7/8/2026 11:14:26 PM","1017","Error","Microsoft-Windows-Security-SPP","Installation of the Proof of Purchase failed. 0xC004F069
Partial Pkey=F3PYF
ACID=?
Detailed Error[?]
"
"7/8/2026 11:14:26 PM","1000","Information","VGAuth","vmtoolsd: Username and password successfully validated for 'Administrator'"
"7/8/2026 11:14:26 PM","1000","Information","VGAuth","vmtoolsd: Username and password successfully validated for 'Administrator'"
"7/8/2026 11:14:25 PM","1000","Information","VGAuth","vmtoolsd: Username and password successfully validated for 'Administrator'"
"7/8/2026 11:14:25 PM","1000","Information","VGAuth","vmtoolsd: Username and password successfully validated for 'Administrator'"
"7/8/2026 11:14:25 PM","1000","Information","VGAuth","vmtoolsd: Username and password successfully validated for 'Administrator'"
"7/8/2026 11:14:25 PM","1000","Information","VGAuth","vmtoolsd: Username and password successfully validated for 'Administrator'"
"7/8/2026 11:14:25 PM","1000","Information","VGAuth","vmtoolsd: Username and password successfully validated for 'Administrator'"
"7/8/2026 11:14:25 PM","1000","Information","VGAuth","vmtoolsd: Username and password successfully validated for 'Administrator'"
"7/8/2026 11:14:25 PM","16394","Information","Microsoft-Windows-Security-SPP","Offline downlevel migration succeeded."
"7/8/2026 11:14:25 PM","900","Information","Microsoft-Windows-Security-SPP","The Software Protection service is starting.
Parameters:<explicit>"
"7/8/2026 11:14:24 PM","1000","Information","VGAuth","vmtoolsd: Username and password successfully validated for 'Administrator'"
"7/8/2026 11:14:24 PM","0","Information","edgeupdate","Service stopped."
"7/8/2026 11:14:20 PM","1000","Information","VGAuth","vmtoolsd: Username and password successfully validated for 'Administrator'"
"7/8/2026 11:14:20 PM","1000","Information","VGAuth","vmtoolsd: Username and password successfully validated for 'Administrator'"
"7/8/2026 11:14:19 PM","1000","Information","VGAuth","vmtoolsd: Username and password successfully validated for 'Administrator'"
"7/8/2026 11:14:19 PM","1000","Information","VGAuth","vmtoolsd: Username and password successfully validated for 'Administrator'"
"7/8/2026 11:14:19 PM","1000","Information","VGAuth","vmtoolsd: Username and password successfully validated for 'Administrator'"
"7/8/2026 11:14:19 PM","1000","Information","VGAuth","vmtoolsd: Username and password successfully validated for 'Administrator'"
"7/8/2026 11:14:19 PM","1000","Information","VGAuth","vmtoolsd: Username and password successfully validated for 'Administrator'"
"7/8/2026 11:14:19 PM","1000","Information","VGAuth","vmtoolsd: Username and password successfully validated for 'Administrator'"
"7/8/2026 11:14:19 PM","1000","Information","VGAuth","vmtoolsd: Username and password successfully validated for 'Administrator'"
"7/8/2026 11:14:17 PM","1000","Information","VGAuth","vmtoolsd: Username and password successfully validated for 'Administrator'"
"7/8/2026 11:14:16 PM","1000","Information","VGAuth","vmtoolsd: Username and password successfully validated for 'Administrator'"
"7/8/2026 11:14:16 PM","1000","Information","VGAuth","vmtoolsd: Username and password successfully validated for 'Administrator'"
"7/8/2026 11:14:16 PM","1000","Information","VGAuth","vmtoolsd: Username and password successfully validated for 'Administrator'"
"7/8/2026 11:14:16 PM","1000","Information","VGAuth","vmtoolsd: Username and password successfully validated for 'Administrator'"
"7/8/2026 11:14:16 PM","1000","Information","VGAuth","vmtoolsd: Username and password successfully validated for 'Administrator'"
"7/8/2026 11:14:16 PM","1000","Information","VGAuth","vmtoolsd: Username and password successfully validated for 'Administrator'"
"7/8/2026 11:14:16 PM","1000","Information","VGAuth","vmtoolsd: Username and password successfully validated for 'Administrator'"
"7/8/2026 11:14:15 PM","1000","Information","VGAuth","vmtoolsd: Username and password successfully validated for 'Administrator'"
"7/8/2026 11:14:15 PM","1000","Information","VGAuth","vmtoolsd: Username and password successfully validated for 'Administrator'"
"7/8/2026 11:14:15 PM","1000","Information","VGAuth","vmtoolsd: Username and password successfully validated for 'Administrator'"
"7/8/2026 11:14:13 PM","1000","Information","VGAuth","vmtoolsd: Username and password successfully validated for 'Administrator'"
"7/8/2026 11:14:12 PM","1000","Information","VGAuth","vmtoolsd: Username and password successfully validated for 'Administrator'"
"7/8/2026 11:14:12 PM","1000","Information","VGAuth","vmtoolsd: Username and password successfully validated for 'Administrator'"
"7/8/2026 11:14:12 PM","1000","Information","VGAuth","vmtoolsd: Username and password successfully validated for 'Administrator'"
"7/8/2026 11:14:12 PM","1000","Information","VGAuth","vmtoolsd: Username and password successfully validated for 'Administrator'"
"7/8/2026 11:14:12 PM","1000","Information","VGAuth","vmtoolsd: Username and password successfully validated for 'Administrator'"
"7/8/2026 11:14:12 PM","1000","Information","VGAuth","vmtoolsd: Username and password successfully validated for 'Administrator'"
"7/8/2026 11:14:12 PM","1000","Information","VGAuth","vmtoolsd: Username and password successfully validated for 'Administrator'"
"7/8/2026 11:14:11 PM","1000","Information","VGAuth","vmtoolsd: Username and password successfully validated for 'Administrator'"
"7/8/2026 11:14:07 PM","1000","Information","VGAuth","vmtoolsd: Username and password successfully validated for 'Administrator'"
"7/8/2026 11:14:07 PM","1000","Information","VGAuth","vmtoolsd: Username and password successfully validated for 'Administrator'"
"7/8/2026 11:14:07 PM","1000","Information","VGAuth","vmtoolsd: Username and password successfully validated for 'Administrator'"
"7/8/2026 11:14:07 PM","1000","Information","VGAuth","vmtoolsd: Username and password successfully validated for 'Administrator'"
"7/8/2026 11:14:07 PM","1000","Information","VGAuth","vmtoolsd: Username and password successfully validated for 'Administrator'"
"7/8/2026 11:14:07 PM","1000","Information","VGAuth","vmtoolsd: Username and password successfully validated for 'Administrator'"
"7/8/2026 11:14:07 PM","1000","Information","VGAuth","vmtoolsd: Username and password successfully validated for 'Administrator'"
"7/8/2026 11:14:06 PM","1000","Information","VGAuth","vmtoolsd: Username and password successfully validated for 'Administrator'"
"7/8/2026 11:14:06 PM","1000","Information","VGAuth","vmtoolsd: Username and password successfully validated for 'Administrator'"
"7/8/2026 11:14:04 PM","1000","Information","VGAuth","vmtoolsd: Username and password successfully validated for 'Administrator'"
"7/8/2026 11:14:04 PM","1000","Information","VGAuth","vmtoolsd: Username and password successfully validated for 'Administrator'"
"7/8/2026 11:14:03 PM","1000","Information","VGAuth","vmtoolsd: Username and password successfully validated for 'Administrator'"
"7/8/2026 11:14:03 PM","1000","Information","VGAuth","vmtoolsd: Username and password successfully validated for 'Administrator'"
"7/8/2026 11:14:03 PM","1000","Information","VGAuth","vmtoolsd: Username and password successfully validated for 'Administrator'"
"7/8/2026 11:14:03 PM","1000","Information","VGAuth","vmtoolsd: Username and password successfully validated for 'Administrator'"
"7/8/2026 11:14:03 PM","1000","Information","VGAuth","vmtoolsd: Username and password successfully validated for 'Administrator'"
"7/8/2026 11:14:03 PM","1000","Information","VGAuth","vmtoolsd: Username and password successfully validated for 'Administrator'"
"7/8/2026 11:14:03 PM","1000","Information","VGAuth","vmtoolsd: Username and password successfully validated for 'Administrator'"
"7/8/2026 11:14:03 PM","1000","Information","VGAuth","vmtoolsd: Username and password successfully validated for 'Administrator'"
"7/8/2026 11:14:02 PM","1000","Information","VGAuth","vmtoolsd: Username and password successfully validated for 'Administrator'"
"7/8/2026 11:14:00 PM","1000","Information","VGAuth","vmtoolsd: Username and password successfully validated for 'Administrator'"
"7/8/2026 11:13:58 PM","1000","Information","VGAuth","vmtoolsd: Username and password successfully validated for 'Administrator'"
"7/8/2026 11:13:56 PM","1000","Information","VGAuth","vmtoolsd: Username and password successfully validated for 'Administrator'"
"7/8/2026 11:13:54 PM","1000","Information","VGAuth","vmtoolsd: Username and password successfully validated for 'Administrator'"
"7/8/2026 11:13:51 PM","1000","Information","VGAuth","vmtoolsd: Username and password successfully validated for 'Administrator'"
"7/8/2026 11:13:49 PM","1000","Information","VGAuth","vmtoolsd: Username and password successfully validated for 'Administrator'"
"7/8/2026 11:13:47 PM","1000","Information","VGAuth","vmtoolsd: Username and password successfully validated for 'Administrator'"
"7/8/2026 11:13:45 PM","1000","Information","VGAuth","vmtoolsd: Username and password successfully validated for 'Administrator'"
"7/8/2026 11:13:43 PM","1000","Information","VGAuth","vmtoolsd: Username and password successfully validated for 'Administrator'"
"7/8/2026 11:13:40 PM","1000","Information","VGAuth","vmtoolsd: Username and password successfully validated for 'Administrator'"
"7/8/2026 11:13:40 PM","1000","Information","VGAuth","vmtoolsd: Username and password successfully validated for 'Administrator'"
"7/8/2026 11:13:40 PM","1000","Information","VGAuth","vmtoolsd: Username and password successfully validated for 'Administrator'"
"7/8/2026 11:13:40 PM","1000","Information","VGAuth","vmtoolsd: Username and password successfully validated for 'Administrator'"
"7/8/2026 11:13:40 PM","1000","Information","VGAuth","vmtoolsd: Username and password successfully validated for 'Administrator'"
"7/8/2026 11:13:40 PM","1000","Information","VGAuth","vmtoolsd: Username and password successfully validated for 'Administrator'"
"7/8/2026 11:13:39 PM","1000","Information","VGAuth","vmtoolsd: Username and password successfully validated for 'Administrator'"
"7/8/2026 11:13:39 PM","1000","Information","VGAuth","vmtoolsd: Username and password successfully validated for 'Administrator'"
"7/8/2026 11:13:39 PM","1000","Information","VGAuth","vmtoolsd: Username and password successfully validated for 'Administrator'"
"7/8/2026 11:13:39 PM","1000","Information","VGAuth","vmtoolsd: Username and password successfully validated for 'Administrator'"
"7/8/2026 11:13:39 PM","1000","Information","VGAuth","vmtoolsd: Username and password successfully validated for 'Administrator'"
"7/8/2026 11:13:38 PM","1000","Information","VGAuth","vmtoolsd: Username and password successfully validated for 'Administrator'"
"7/8/2026 11:13:38 PM","1000","Information","VGAuth","vmtoolsd: Username and password successfully validated for 'Administrator'"
"7/8/2026 11:13:38 PM","1000","Information","VGAuth","vmtoolsd: Username and password successfully validated for 'Administrator'"
"7/8/2026 11:13:38 PM","1000","Information","VGAuth","vmtoolsd: Username and password successfully validated for 'Administrator'"
"7/8/2026 11:13:38 PM","1000","Information","VGAuth","vmtoolsd: Username and password successfully validated for 'Administrator'"
"7/8/2026 11:13:38 PM","1000","Information","VGAuth","vmtoolsd: Username and password successfully validated for 'Administrator'"
"7/8/2026 11:13:38 PM","1000","Information","VGAuth","vmtoolsd: Username and password successfully validated for 'Administrator'"
"7/8/2026 11:13:35 PM","1000","Information","VGAuth","vmtoolsd: Username and password successfully validated for 'Administrator'"
"7/8/2026 11:13:35 PM","1000","Information","VGAuth","vmtoolsd: Username and password successfully validated for 'Administrator'"
"7/8/2026 11:13:35 PM","1000","Information","VGAuth","vmtoolsd: Username and password successfully validated for 'Administrator'"
"7/8/2026 11:13:35 PM","1000","Information","VGAuth","vmtoolsd: Username and password successfully validated for 'Administrator'"
"7/8/2026 11:13:35 PM","1000","Information","VGAuth","vmtoolsd: Username and password successfully validated for 'Administrator'"
"7/8/2026 11:13:35 PM","1000","Information","VGAuth","vmtoolsd: Username and password successfully validated for 'Administrator'"
"7/8/2026 11:13:35 PM","1000","Information","VGAuth","vmtoolsd: Username and password successfully validated for 'Administrator'"
"7/8/2026 11:13:34 PM","1000","Information","VGAuth","vmtoolsd: Username and password successfully validated for 'Administrator'"
"7/8/2026 11:13:34 PM","1000","Information","VGAuth","vmtoolsd: Username and password successfully validated for 'Administrator'"
"7/8/2026 11:13:34 PM","1000","Information","VGAuth","vmtoolsd: Username and password successfully validated for 'Administrator'"
"7/8/2026 11:13:34 PM","1000","Information","VGAuth","vmtoolsd: Username and password successfully validated for 'Administrator'"
"7/8/2026 11:13:32 PM","1000","Information","VGAuth","vmtoolsd: Username and password successfully validated for 'Administrator'"
"7/8/2026 11:13:31 PM","1000","Information","VGAuth","vmtoolsd: Username and password successfully validated for 'Administrator'"
"7/8/2026 11:13:31 PM","1000","Information","VGAuth","vmtoolsd: Username and password successfully validated for 'Administrator'"
"7/8/2026 11:13:31 PM","1000","Information","VGAuth","vmtoolsd: Username and password successfully validated for 'Administrator'"
"7/8/2026 11:13:31 PM","1000","Information","VGAuth","vmtoolsd: Username and password successfully validated for 'Administrator'"
"7/8/2026 11:13:31 PM","1000","Information","VGAuth","vmtoolsd: Username and password successfully validated for 'Administrator'"
"7/8/2026 11:13:31 PM","1000","Information","VGAuth","vmtoolsd: Username and password successfully validated for 'Administrator'"
"7/8/2026 11:13:31 PM","1000","Information","VGAuth","vmtoolsd: Username and password successfully validated for 'Administrator'"
"7/8/2026 11:13:30 PM","1000","Information","VGAuth","vmtoolsd: Username and password successfully validated for 'Administrator'"
"7/8/2026 11:13:26 PM","1000","Information","VGAuth","vmtoolsd: Username and password successfully validated for 'Administrator'"
"7/8/2026 11:13:26 PM","1000","Information","VGAuth","vmtoolsd: Username and password successfully validated for 'Administrator'"
"7/8/2026 11:13:26 PM","1000","Information","VGAuth","vmtoolsd: Username and password successfully validated for 'Administrator'"
"7/8/2026 11:13:26 PM","1000","Information","VGAuth","vmtoolsd: Username and password successfully validated for 'Administrator'"
"7/8/2026 11:13:26 PM","1000","Information","VGAuth","vmtoolsd: Username and password successfully validated for 'Administrator'"
"7/8/2026 11:13:26 PM","1000","Information","VGAuth","vmtoolsd: Username and password successfully validated for 'Administrator'"
"7/8/2026 11:13:26 PM","1000","Information","VGAuth","vmtoolsd: Username and password successfully validated for 'Administrator'"
"7/8/2026 11:13:25 PM","1000","Information","VGAuth","vmtoolsd: Username and password successfully validated for 'Administrator'"
"7/8/2026 11:13:25 PM","1000","Information","VGAuth","vmtoolsd: Username and password successfully validated for 'Administrator'"
"7/8/2026 11:13:23 PM","1000","Information","VGAuth","vmtoolsd: Username and password successfully validated for 'Administrator'"
"7/8/2026 11:13:23 PM","1000","Information","VGAuth","vmtoolsd: Username and password successfully validated for 'Administrator'"
"7/8/2026 11:13:22 PM","1000","Information","VGAuth","vmtoolsd: Username and password successfully validated for 'Administrator'"
"7/8/2026 11:13:22 PM","1000","Information","VGAuth","vmtoolsd: Username and password successfully validated for 'Administrator'"
"7/8/2026 11:13:22 PM","1000","Information","VGAuth","vmtoolsd: Username and password successfully validated for 'Administrator'"
"7/8/2026 11:13:22 PM","1000","Information","VGAuth","vmtoolsd: Username and password successfully validated for 'Administrator'"
"7/8/2026 11:13:22 PM","1000","Information","VGAuth","vmtoolsd: Username and password successfully validated for 'Administrator'"
"7/8/2026 11:13:22 PM","1000","Information","VGAuth","vmtoolsd: Username and password successfully validated for 'Administrator'"
"7/8/2026 11:13:22 PM","1000","Information","VGAuth","vmtoolsd: Username and password successfully validated for 'Administrator'"
"7/8/2026 11:13:21 PM","1000","Information","VGAuth","vmtoolsd: Username and password successfully validated for 'Administrator'"
"7/8/2026 11:13:21 PM","1000","Information","VGAuth","vmtoolsd: Username and password successfully validated for 'Administrator'"
"7/8/2026 11:13:19 PM","1000","Information","VGAuth","vmtoolsd: Username and password successfully validated for 'Administrator'"
"7/8/2026 11:13:19 PM","1000","Information","VGAuth","vmtoolsd: Username and password successfully validated for 'Administrator'"
"7/8/2026 11:13:18 PM","1000","Information","VGAuth","vmtoolsd: Username and password successfully validated for 'Administrator'"
"7/8/2026 11:13:18 PM","1000","Information","VGAuth","vmtoolsd: Username and password successfully validated for 'Administrator'"
"7/8/2026 11:13:18 PM","1000","Information","VGAuth","vmtoolsd: Username and password successfully validated for 'Administrator'"
"7/8/2026 11:13:18 PM","1000","Information","VGAuth","vmtoolsd: Username and password successfully validated for 'Administrator'"
"7/8/2026 11:13:18 PM","1000","Information","VGAuth","vmtoolsd: Username and password successfully validated for 'Administrator'"
"7/8/2026 11:13:18 PM","1000","Information","VGAuth","vmtoolsd: Username and password successfully validated for 'Administrator'"
"7/8/2026 11:13:18 PM","1000","Information","VGAuth","vmtoolsd: Username and password successfully validated for 'Administrator'"
"7/8/2026 11:13:17 PM","1000","Information","VGAuth","vmtoolsd: Username and password successfully validated for 'Administrator'"
"7/8/2026 11:13:17 PM","1000","Information","VGAuth","vmtoolsd: Username and password successfully validated for 'Administrator'"
"7/8/2026 11:13:17 PM","1000","Information","VGAuth","vmtoolsd: Username and password successfully validated for 'Administrator'"
"7/8/2026 11:13:17 PM","1000","Information","VGAuth","vmtoolsd: Username and password successfully validated for 'Administrator'"
"7/8/2026 11:13:17 PM","1000","Information","VGAuth","vmtoolsd: Username and password successfully validated for 'Administrator'"
"7/8/2026 11:13:17 PM","1000","Information","VGAuth","vmtoolsd: Username and password successfully validated for 'Administrator'"
"7/8/2026 11:13:17 PM","1000","Information","VGAuth","vmtoolsd: Username and password successfully validated for 'Administrator'"
"7/8/2026 11:13:16 PM","1000","Information","VGAuth","vmtoolsd: Username and password successfully validated for 'Administrator'"
"7/8/2026 11:13:16 PM","1000","Information","VGAuth","vmtoolsd: Username and password successfully validated for 'Administrator'"
"7/8/2026 11:13:14 PM","1000","Information","VGAuth","vmtoolsd: Username and password successfully validated for 'Administrator'"
"7/8/2026 11:13:14 PM","1000","Information","VGAuth","vmtoolsd: Username and password successfully validated for 'Administrator'"
"7/8/2026 11:13:13 PM","1000","Information","VGAuth","vmtoolsd: Username and password successfully validated for 'Administrator'"
"7/8/2026 11:13:13 PM","1000","Information","VGAuth","vmtoolsd: Username and password successfully validated for 'Administrator'"
"7/8/2026 11:13:13 PM","1000","Information","VGAuth","vmtoolsd: Username and password successfully validated for 'Administrator'"
"7/8/2026 11:13:13 PM","1000","Information","VGAuth","vmtoolsd: Username and password successfully validated for 'Administrator'"
"7/8/2026 11:13:13 PM","1000","Information","VGAuth","vmtoolsd: Username and password successfully validated for 'Administrator'"
"7/8/2026 11:13:13 PM","1000","Information","VGAuth","vmtoolsd: Username and password successfully validated for 'Administrator'"
"7/8/2026 11:13:13 PM","1000","Information","VGAuth","vmtoolsd: Username and password successfully validated for 'Administrator'"
"7/8/2026 11:13:13 PM","1000","Information","VGAuth","vmtoolsd: Username and password successfully validated for 'Administrator'"
"7/8/2026 11:13:12 PM","1000","Information","VGAuth","vmtoolsd: Username and password successfully validated for 'Administrator'"
"7/8/2026 11:13:10 PM","1000","Information","VGAuth","vmtoolsd: Username and password successfully validated for 'Administrator'"
"7/8/2026 11:13:10 PM","1000","Information","VGAuth","vmtoolsd: Username and password successfully validated for 'Administrator'"
"7/8/2026 11:13:09 PM","1000","Information","VGAuth","vmtoolsd: Username and password successfully validated for 'Administrator'"
"7/8/2026 11:13:09 PM","1000","Information","VGAuth","vmtoolsd: Username and password successfully validated for 'Administrator'"
"7/8/2026 11:13:09 PM","1000","Information","VGAuth","vmtoolsd: Username and password successfully validated for 'Administrator'"
"7/8/2026 11:13:09 PM","1000","Information","VGAuth","vmtoolsd: Username and password successfully validated for 'Administrator'"
"7/8/2026 11:13:09 PM","1000","Information","VGAuth","vmtoolsd: Username and password successfully validated for 'Administrator'"
"7/8/2026 11:13:09 PM","1000","Information","VGAuth","vmtoolsd: Username and password successfully validated for 'Administrator'"
"7/8/2026 11:13:09 PM","1000","Information","VGAuth","vmtoolsd: Username and password successfully validated for 'Administrator'"
"7/8/2026 11:13:08 PM","903","Information","Microsoft-Windows-Security-SPP","The Software Protection service has stopped.
"
"7/8/2026 11:13:08 PM","16384","Information","Microsoft-Windows-Security-SPP","Successfully scheduled Software Protection service for re-start at 2026-07-10T06:12:08Z. Reason: RulesEngine."
"7/8/2026 11:13:05 PM","1000","Information","VGAuth","vmtoolsd: Username and password successfully validated for 'Administrator'"
"7/8/2026 11:13:05 PM","1000","Information","VGAuth","vmtoolsd: Username and password successfully validated for 'Administrator'"
"7/8/2026 11:13:05 PM","1000","Information","VGAuth","vmtoolsd: Username and password successfully validated for 'Administrator'"
"7/8/2026 11:13:05 PM","1000","Information","VGAuth","vmtoolsd: Username and password successfully validated for 'Administrator'"
"7/8/2026 11:13:05 PM","1000","Information","VGAuth","vmtoolsd: Username and password successfully validated for 'Administrator'"
"7/8/2026 11:13:04 PM","1000","Information","VGAuth","vmtoolsd: Username and password successfully validated for 'Administrator'"
"7/8/2026 11:13:04 PM","1000","Information","VGAuth","vmtoolsd: Username and password successfully validated for 'Administrator'"
"7/8/2026 11:13:04 PM","1000","Information","VGAuth","vmtoolsd: Username and password successfully validated for 'Administrator'"
"7/8/2026 11:13:04 PM","1000","Information","VGAuth","vmtoolsd: Username and password successfully validated for 'Administrator'"
"7/8/2026 11:13:01 PM","1000","Information","VGAuth","vmtoolsd: Username and password successfully validated for 'Administrator'"
"7/8/2026 11:13:01 PM","1000","Information","VGAuth","vmtoolsd: Username and password successfully validated for 'Administrator'"
"7/8/2026 11:13:01 PM","1000","Information","VGAuth","vmtoolsd: Username and password successfully validated for 'Administrator'"
"7/8/2026 11:13:01 PM","1000","Information","VGAuth","vmtoolsd: Username and password successfully validated for 'Administrator'"
"7/8/2026 11:13:01 PM","1000","Information","VGAuth","vmtoolsd: Username and password successfully validated for 'Administrator'"
"7/8/2026 11:13:01 PM","1000","Information","VGAuth","vmtoolsd: Username and password successfully validated for 'Administrator'"
"7/8/2026 11:13:00 PM","1000","Information","VGAuth","vmtoolsd: Username and password successfully validated for 'Administrator'"
"7/8/2026 11:13:00 PM","1000","Information","VGAuth","vmtoolsd: Username and password successfully validated for 'Administrator'"
"7/8/2026 11:13:00 PM","1000","Information","VGAuth","vmtoolsd: Username and password successfully validated for 'Administrator'"
"7/8/2026 11:13:00 PM","1000","Information","VGAuth","vmtoolsd: Username and password successfully validated for 'Administrator'"
"7/8/2026 11:13:00 PM","1000","Information","VGAuth","vmtoolsd: Username and password successfully validated for 'Administrator'"
"7/8/2026 11:12:58 PM","1000","Information","VGAuth","vmtoolsd: Username and password successfully validated for 'Administrator'"
"7/8/2026 11:12:57 PM","1000","Information","VGAuth","vmtoolsd: Username and password successfully validated for 'Administrator'"
"7/8/2026 11:12:57 PM","1000","Information","VGAuth","vmtoolsd: Username and password successfully validated for 'Administrator'"
"7/8/2026 11:12:57 PM","1000","Information","VGAuth","vmtoolsd: Username and password successfully validated for 'Administrator'"
"7/8/2026 11:12:57 PM","1000","Information","VGAuth","vmtoolsd: Username and password successfully validated for 'Administrator'"
"7/8/2026 11:12:57 PM","1000","Information","VGAuth","vmtoolsd: Username and password successfully validated for 'Administrator'"
"7/8/2026 11:12:57 PM","1000","Information","VGAuth","vmtoolsd: Username and password successfully validated for 'Administrator'"
"7/8/2026 11:12:57 PM","1000","Information","VGAuth","vmtoolsd: Username and password successfully validated for 'Administrator'"
"7/8/2026 11:12:56 PM","1000","Information","VGAuth","vmtoolsd: Username and password successfully validated for 'Administrator'"
"7/8/2026 11:12:48 PM","1000","Information","VGAuth","vmtoolsd: Username and password successfully validated for 'Administrator'"
"7/8/2026 11:12:48 PM","1000","Information","VGAuth","vmtoolsd: Username and password successfully validated for 'Administrator'"
"7/8/2026 11:12:48 PM","1000","Information","VGAuth","vmtoolsd: Username and password successfully validated for 'Administrator'"
"7/8/2026 11:12:48 PM","1000","Information","VGAuth","vmtoolsd: Username and password successfully validated for 'Administrator'"
"7/8/2026 11:12:48 PM","1000","Information","VGAuth","vmtoolsd: Username and password successfully validated for 'Administrator'"
"7/8/2026 11:12:48 PM","1000","Information","VGAuth","vmtoolsd: Username and password successfully validated for 'Administrator'"
"7/8/2026 11:12:48 PM","1000","Information","VGAuth","vmtoolsd: Username and password successfully validated for 'Administrator'"
"7/8/2026 11:12:47 PM","1000","Information","VGAuth","vmtoolsd: Username and password successfully validated for 'Administrator'"
"7/8/2026 11:12:47 PM","1000","Information","VGAuth","vmtoolsd: Username and password successfully validated for 'Administrator'"
"7/8/2026 11:12:45 PM","1000","Information","VGAuth","vmtoolsd: Username and password successfully validated for 'Administrator'"
"7/8/2026 11:12:44 PM","1000","Information","VGAuth","vmtoolsd: Username and password successfully validated for 'Administrator'"
"7/8/2026 11:12:44 PM","1000","Information","VGAuth","vmtoolsd: Username and password successfully validated for 'Administrator'"
"7/8/2026 11:12:43 PM","1000","Information","VGAuth","vmtoolsd: Username and password successfully validated for 'Administrator'"
"7/8/2026 11:12:43 PM","1000","Information","VGAuth","vmtoolsd: Username and password successfully validated for 'Administrator'"
"7/8/2026 11:12:43 PM","1000","Information","VGAuth","vmtoolsd: Username and password successfully validated for 'Administrator'"
"7/8/2026 11:12:43 PM","1000","Information","VGAuth","vmtoolsd: Username and password successfully validated for 'Administrator'"
"7/8/2026 11:12:43 PM","1000","Information","VGAuth","vmtoolsd: Username and password successfully validated for 'Administrator'"
"7/8/2026 11:12:43 PM","1000","Information","VGAuth","vmtoolsd: Username and password successfully validated for 'Administrator'"
"7/8/2026 11:12:42 PM","1000","Information","VGAuth","vmtoolsd: Username and password successfully validated for 'Administrator'"
"7/8/2026 11:12:42 PM","1000","Information","VGAuth","vmtoolsd: Username and password successfully validated for 'Administrator'"
"7/8/2026 11:12:40 PM","1000","Information","VGAuth","vmtoolsd: Username and password successfully validated for 'Administrator'"
"7/8/2026 11:12:38 PM","8230","Information","Microsoft-Windows-Security-SPP","The rules engine successfully re-evaluated the schedule.
Kernel policies:
Security-SPP-Action-StateData (REG_SZ) =AppId=55c92734-d682-4d71-983e-d6ec3f16059f;LastConsumptionReason=0xc004f034;LastNotificationId=NeverActivated;LicenseState=SL_LICENSING_STATUS_NOTIFICATION;PartialProductKey=2WJDW;ProductKeyType=Volume:MAK;SkuId=ffa0a98f-b13f-4433-91f4-8aff126ed407;ruleId=31e71c49-8da7-4a2f-ad92-45d98a1c79ba;uxDifferentiator=RETAIL"
"7/8/2026 11:12:37 PM","1000","Information","VGAuth","vmtoolsd: Username and password successfully validated for 'Administrator'"
"7/8/2026 11:12:37 PM","1000","Information","VGAuth","vmtoolsd: Username and password successfully validated for 'Administrator'"
"7/8/2026 11:12:36 PM","16388","Information","Microsoft-Windows-Security-SPP","The current time is 2026-07-09T06:12:36Z : 2026-07-09T06:12:36Z."
"7/8/2026 11:12:36 PM","1000","Information","VGAuth","vmtoolsd: Username and password successfully validated for 'Administrator'"
"7/8/2026 11:12:36 PM","1000","Information","VGAuth","vmtoolsd: Username and password successfully validated for 'Administrator'"
"7/8/2026 11:12:36 PM","1000","Information","VGAuth","vmtoolsd: Username and password successfully validated for 'Administrator'"
"7/8/2026 11:12:36 PM","1000","Information","VGAuth","vmtoolsd: Username and password successfully validated for 'Administrator'"
"7/8/2026 11:12:36 PM","1000","Information","VGAuth","vmtoolsd: Username and password successfully validated for 'Administrator'"
"7/8/2026 11:12:36 PM","1000","Information","VGAuth","vmtoolsd: Username and password successfully validated for 'Administrator'"
"7/8/2026 11:12:36 PM","8198","Error","Microsoft-Windows-Security-SPP","License Activation (slui.exe) failed with the following error code:
hr=0x80004005
Command-line arguments:
RuleId=31e71c49-8da7-4a2f-ad92-45d98a1c79ba;Action=AutoActivate;AppId=55c92734-d682-4d71-983e-d6ec3f16059f;SkuId=ffa0a98f-b13f-4433-91f4-8aff126ed407;NotificationInterval=1440;Trigger=TimerEvent"
