"7/9/2026 2:18:30 PM","325","Warning","Microsoft-Windows-TaskScheduler","Task Scheduler queued instance ""{a4f3aab6-79d1-4173-801b-7e449e616e69}""  of task ""\Microsoft\Windows\Workplace Join\Automatic-Device-Join""."
"7/9/2026 2:18:30 PM","200","Information","Microsoft-Windows-TaskScheduler","Task Scheduler launched action ""OobeEsimTaskManager"" in instance ""{eb9a38c2-d04a-4c19-97c8-9e0b3f8ea3bb}"" of task ""\Microsoft\Windows\WwanSvc\OobeDiscovery""."
"7/9/2026 2:18:30 PM","100","Information","Microsoft-Windows-TaskScheduler","Task Scheduler started ""{eb9a38c2-d04a-4c19-97c8-9e0b3f8ea3bb}"" instance of the ""\Microsoft\Windows\WwanSvc\OobeDiscovery"" task for user ""NT AUTHORITY\SYSTEM""."
"7/9/2026 2:18:29 PM","101","Error","Microsoft-Windows-TaskScheduler","Task Scheduler failed to start ""\Microsoft\Windows\Workplace Join\Automatic-Device-Join"" task for user ""(default user)"". Additional Data: Error Value: 2147943568."
"7/9/2026 2:18:29 PM","200","Information","Microsoft-Windows-TaskScheduler","Task Scheduler launched action ""%windir%\system32\dxgiadaptercache.exe"" in instance ""{76aa5086-e041-4527-a07a-987e4c994eea}"" of task ""\Microsoft\Windows\DirectX\DXGIAdapterCache""."
"7/9/2026 2:18:29 PM","100","Information","Microsoft-Windows-TaskScheduler","Task Scheduler started ""{76aa5086-e041-4527-a07a-987e4c994eea}"" instance of the ""\Microsoft\Windows\DirectX\DXGIAdapterCache"" task for user ""NT AUTHORITY\SYSTEM""."
"7/9/2026 2:18:29 PM","129","Information","Microsoft-Windows-TaskScheduler","Task Scheduler launch task ""\Microsoft\Windows\DirectX\DXGIAdapterCache"" , instance ""%windir%\system32\dxgiadaptercache.exe""  with process ID 2028."
"7/9/2026 2:18:29 PM","200","Information","Microsoft-Windows-TaskScheduler","Task Scheduler launched action """" in instance ""{2233ccd2-257f-46cd-9804-ca1dbcc92465}"" of task ""\Microsoft\Windows\ExploitGuard\ExploitGuard MDM policy Refresh""."
"7/9/2026 2:18:29 PM","100","Information","Microsoft-Windows-TaskScheduler","Task Scheduler started ""{2233ccd2-257f-46cd-9804-ca1dbcc92465}"" instance of the ""\Microsoft\Windows\ExploitGuard\ExploitGuard MDM policy Refresh"" task for user ""NT AUTHORITY\SYSTEM""."
"7/9/2026 2:18:29 PM","129","Information","Microsoft-Windows-TaskScheduler","Task Scheduler launch task ""\Microsoft\Windows\ExploitGuard\ExploitGuard MDM policy Refresh"" , instance ""taskhostw.exe""  with process ID 2004."
"7/9/2026 2:18:29 PM","118","Information","Microsoft-Windows-TaskScheduler","Task Scheduler launched ""{2233ccd2-257f-46cd-9804-ca1dbcc92465}""  instance of task ""\Microsoft\Windows\ExploitGuard\ExploitGuard MDM policy Refresh""  due to system startup."
"7/9/2026 2:18:29 PM","400","Information","Microsoft-Windows-TaskScheduler","Task Scheduler service has started."
"7/9/2026 2:18:28 PM","700","Information","Microsoft-Windows-TaskScheduler","Task Scheduler service started Task Compatibility module."
"7/8/2026 11:14:42 PM","402","Information","Microsoft-Windows-TaskScheduler","Task Scheduler service is shutting down."
"7/8/2026 11:14:41 PM","101","Error","Microsoft-Windows-TaskScheduler","Task Scheduler failed to start ""\Scaffold\ScaffoldDeployEngine"" task for user ""NT AUTHORITY\SYSTEM"". Additional Data: Error Value: 2147943515."
"7/8/2026 11:14:41 PM","203","Error","Microsoft-Windows-TaskScheduler","Task Scheduler failed to launch action ""powershell.exe"" in instance ""{d7777699-a913-48a2-a378-73b057290076}"" of task ""\Scaffold\ScaffoldDeployEngine"". Additional Data: Error Value: 2147943515."
"7/8/2026 11:14:41 PM","107","Information","Microsoft-Windows-TaskScheduler","Task Scheduler launched ""{d7777699-a913-48a2-a378-73b057290076}""  instance of task ""\Scaffold\ScaffoldDeployEngine"" due to a time trigger condition."
"7/8/2026 11:14:41 PM","140","Information","Microsoft-Windows-TaskScheduler","User ""NT AUTHORITY\SYSTEM""  updated Task Scheduler task ""\Microsoft\Windows\WindowsUpdate\Scheduled Start"""
"7/8/2026 11:14:28 PM","140","Information","Microsoft-Windows-TaskScheduler","User ""SCAFFOLD\DC$""  updated Task Scheduler task ""\Microsoft\Windows\UpdateOrchestrator\Schedule Scan"""
"7/8/2026 11:14:28 PM","140","Information","Microsoft-Windows-TaskScheduler","User ""S-1-5-18""  updated Task Scheduler task ""\Microsoft\Windows\UpdateOrchestrator\Schedule Scan"""
"7/8/2026 11:14:25 PM","140","Information","Microsoft-Windows-TaskScheduler","User ""SCAFFOLD\DC$""  updated Task Scheduler task ""\Microsoft\Windows\Application Experience\PcaPatchDbTask"""
"7/8/2026 11:13:08 PM","140","Information","Microsoft-Windows-TaskScheduler","User ""SCAFFOLD\DC$""  updated Task Scheduler task ""\Microsoft\Windows\SoftwareProtectionPlatform\SvcRestartTask"""
"7/8/2026 11:12:46 PM","102","Information","Microsoft-Windows-TaskScheduler","Task Scheduler successfully finished ""{ba9b8d52-079d-49cf-b8c8-f75a695a271e}"" instance of the ""\Scaffold\ScaffoldDeployEngine"" task for user ""NT AUTHORITY\SYSTEM""."
"7/8/2026 11:12:46 PM","201","Information","Microsoft-Windows-TaskScheduler","Task Scheduler successfully completed task ""\Scaffold\ScaffoldDeployEngine"" , instance ""{ba9b8d52-079d-49cf-b8c8-f75a695a271e}"" , action ""powershell.exe"" with return code 0."
"7/8/2026 11:12:45 PM","102","Information","Microsoft-Windows-TaskScheduler","Task Scheduler successfully finished ""{e7b5dd83-8660-482b-a200-d7be705722f8}"" instance of the ""\Microsoft\Windows\Software Inventory Logging\Configuration"" task for user ""NT AUTHORITY\SYSTEM""."
"7/8/2026 11:12:45 PM","201","Information","Microsoft-Windows-TaskScheduler","Task Scheduler successfully completed task ""\Microsoft\Windows\Software Inventory Logging\Configuration"" , instance ""{e7b5dd83-8660-482b-a200-d7be705722f8}"" , action ""%systemroot%\system32\cmd.exe"" with return code 0."
"7/8/2026 11:12:45 PM","102","Information","Microsoft-Windows-TaskScheduler","Task Scheduler successfully finished ""{41b7c5e1-9aef-488e-af53-cc327567dc9b}"" instance of the ""\Microsoft\Windows\DirectX\DXGIAdapterCache"" task for user ""NT AUTHORITY\SYSTEM""."
"7/8/2026 11:12:45 PM","201","Information","Microsoft-Windows-TaskScheduler","Task Scheduler successfully completed task ""\Microsoft\Windows\DirectX\DXGIAdapterCache"" , instance ""{41b7c5e1-9aef-488e-af53-cc327567dc9b}"" , action ""%windir%\system32\dxgiadaptercache.exe"" with return code 0."
"7/8/2026 11:12:44 PM","200","Information","Microsoft-Windows-TaskScheduler","Task Scheduler launched action ""%windir%\system32\dxgiadaptercache.exe"" in instance ""{41b7c5e1-9aef-488e-af53-cc327567dc9b}"" of task ""\Microsoft\Windows\DirectX\DXGIAdapterCache""."
"7/8/2026 11:12:44 PM","100","Information","Microsoft-Windows-TaskScheduler","Task Scheduler started ""{41b7c5e1-9aef-488e-af53-cc327567dc9b}"" instance of the ""\Microsoft\Windows\DirectX\DXGIAdapterCache"" task for user ""NT AUTHORITY\SYSTEM""."
"7/8/2026 11:12:44 PM","129","Information","Microsoft-Windows-TaskScheduler","Task Scheduler launch task ""\Microsoft\Windows\DirectX\DXGIAdapterCache"" , instance ""%windir%\system32\dxgiadaptercache.exe""  with process ID 6124."
"7/8/2026 11:12:44 PM","118","Information","Microsoft-Windows-TaskScheduler","Task Scheduler launched ""{41b7c5e1-9aef-488e-af53-cc327567dc9b}""  instance of task ""\Microsoft\Windows\DirectX\DXGIAdapterCache""  due to system startup."
"7/8/2026 11:12:44 PM","200","Information","Microsoft-Windows-TaskScheduler","Task Scheduler launched action ""%systemroot%\system32\cmd.exe"" in instance ""{e7b5dd83-8660-482b-a200-d7be705722f8}"" of task ""\Microsoft\Windows\Software Inventory Logging\Configuration""."
"7/8/2026 11:12:44 PM","100","Information","Microsoft-Windows-TaskScheduler","Task Scheduler started ""{e7b5dd83-8660-482b-a200-d7be705722f8}"" instance of the ""\Microsoft\Windows\Software Inventory Logging\Configuration"" task for user ""NT AUTHORITY\SYSTEM""."
"7/8/2026 11:12:44 PM","129","Information","Microsoft-Windows-TaskScheduler","Task Scheduler launch task ""\Microsoft\Windows\Software Inventory Logging\Configuration"" , instance ""%systemroot%\system32\cmd.exe""  with process ID 6116."
"7/8/2026 11:12:44 PM","118","Information","Microsoft-Windows-TaskScheduler","Task Scheduler launched ""{e7b5dd83-8660-482b-a200-d7be705722f8}""  instance of task ""\Microsoft\Windows\Software Inventory Logging\Configuration""  due to system startup."
"7/8/2026 11:12:41 PM","200","Information","Microsoft-Windows-TaskScheduler","Task Scheduler launched action ""powershell.exe"" in instance ""{ba9b8d52-079d-49cf-b8c8-f75a695a271e}"" of task ""\Scaffold\ScaffoldDeployEngine""."
"7/8/2026 11:12:41 PM","100","Information","Microsoft-Windows-TaskScheduler","Task Scheduler started ""{ba9b8d52-079d-49cf-b8c8-f75a695a271e}"" instance of the ""\Scaffold\ScaffoldDeployEngine"" task for user ""NT AUTHORITY\SYSTEM""."
"7/8/2026 11:12:41 PM","129","Information","Microsoft-Windows-TaskScheduler","Task Scheduler launch task ""\Scaffold\ScaffoldDeployEngine"" , instance ""powershell.exe""  with process ID 5992."
"7/8/2026 11:12:41 PM","107","Information","Microsoft-Windows-TaskScheduler","Task Scheduler launched ""{ba9b8d52-079d-49cf-b8c8-f75a695a271e}""  instance of task ""\Scaffold\ScaffoldDeployEngine"" due to a time trigger condition."
"7/8/2026 11:12:40 PM","102","Information","Microsoft-Windows-TaskScheduler","Task Scheduler successfully finished ""{fd23b9ec-8c55-4403-a265-514775053d4a}"" instance of the ""\Microsoft\Windows\CertificateServicesClient\SystemTask"" task for user ""NT AUTHORITY\SYSTEM""."
"7/8/2026 11:12:40 PM","201","Information","Microsoft-Windows-TaskScheduler","Task Scheduler successfully completed task ""\Microsoft\Windows\CertificateServicesClient\SystemTask"" , instance ""{fd23b9ec-8c55-4403-a265-514775053d4a}"" , action ""Certificate Services Client Task Handler"" with return code 0."
"7/8/2026 11:12:35 PM","140","Information","Microsoft-Windows-TaskScheduler","User ""NETWORK SERVICE""  updated Task Scheduler task ""\Microsoft\Windows\SoftwareProtectionPlatform\SvcRestartTaskNetwork"""
"7/8/2026 11:12:35 PM","140","Information","Microsoft-Windows-TaskScheduler","User ""INTERACTIVE""  updated Task Scheduler task ""\Microsoft\Windows\SoftwareProtectionPlatform\SvcRestartTaskLogon"""
"7/8/2026 11:12:24 PM","102","Information","Microsoft-Windows-TaskScheduler","Task Scheduler successfully finished ""{cb173bd9-afb3-493a-a629-5fc4a199bd86}"" instance of the ""\Microsoft\Windows\Workplace Join\Automatic-Device-Join"" task for user ""NT AUTHORITY\SYSTEM""."
"7/8/2026 11:12:24 PM","201","Information","Microsoft-Windows-TaskScheduler","Task Scheduler successfully completed task ""\Microsoft\Windows\Workplace Join\Automatic-Device-Join"" , instance ""{cb173bd9-afb3-493a-a629-5fc4a199bd86}"" , action ""%SystemRoot%\System32\dsregcmd.exe"" with return code 0."
"7/8/2026 11:11:54 PM","200","Information","Microsoft-Windows-TaskScheduler","Task Scheduler launched action ""Certificate Services Client Task Handler"" in instance ""{fd23b9ec-8c55-4403-a265-514775053d4a}"" of task ""\Microsoft\Windows\CertificateServicesClient\SystemTask""."
"7/8/2026 11:11:54 PM","100","Information","Microsoft-Windows-TaskScheduler","Task Scheduler started ""{fd23b9ec-8c55-4403-a265-514775053d4a}"" instance of the ""\Microsoft\Windows\CertificateServicesClient\SystemTask"" task for user ""NT AUTHORITY\SYSTEM""."
"7/8/2026 11:11:54 PM","129","Information","Microsoft-Windows-TaskScheduler","Task Scheduler launch task ""\Microsoft\Windows\CertificateServicesClient\SystemTask"" , instance ""taskhostw.exe""  with process ID 3992."
"7/8/2026 11:11:54 PM","118","Information","Microsoft-Windows-TaskScheduler","Task Scheduler launched ""{fd23b9ec-8c55-4403-a265-514775053d4a}""  instance of task ""\Microsoft\Windows\CertificateServicesClient\SystemTask""  due to system startup."
"7/8/2026 11:11:46 PM","102","Information","Microsoft-Windows-TaskScheduler","Task Scheduler successfully finished ""{41f28fb6-8b2a-4fbf-b85f-a6905a717dbe}"" instance of the ""\Microsoft\Windows\WwanSvc\OobeDiscovery"" task for user ""NT AUTHORITY\SYSTEM""."
"7/8/2026 11:11:46 PM","201","Information","Microsoft-Windows-TaskScheduler","Task Scheduler successfully completed task ""\Microsoft\Windows\WwanSvc\OobeDiscovery"" , instance ""{41f28fb6-8b2a-4fbf-b85f-a6905a717dbe}"" , action ""OobeEsimTaskManager"" with return code 0."
"7/8/2026 11:11:46 PM","102","Information","Microsoft-Windows-TaskScheduler","Task Scheduler successfully finished ""{a978a9ce-7376-4c4a-9111-7fca7766c87b}"" instance of the ""\Microsoft\Windows\DirectX\DXGIAdapterCache"" task for user ""NT AUTHORITY\SYSTEM""."
"7/8/2026 11:11:46 PM","201","Information","Microsoft-Windows-TaskScheduler","Task Scheduler successfully completed task ""\Microsoft\Windows\DirectX\DXGIAdapterCache"" , instance ""{a978a9ce-7376-4c4a-9111-7fca7766c87b}"" , action ""%windir%\system32\dxgiadaptercache.exe"" with return code 0."
"7/8/2026 11:11:46 PM","102","Information","Microsoft-Windows-TaskScheduler","Task Scheduler successfully finished ""{838daffe-68f4-4749-97ff-fbad1236479d}"" instance of the ""\Microsoft\Windows\ExploitGuard\ExploitGuard MDM policy Refresh"" task for user ""NT AUTHORITY\SYSTEM""."
"7/8/2026 11:11:46 PM","201","Information","Microsoft-Windows-TaskScheduler","Task Scheduler successfully completed task ""\Microsoft\Windows\ExploitGuard\ExploitGuard MDM policy Refresh"" , instance ""{838daffe-68f4-4749-97ff-fbad1236479d}"" , action """" with return code 0."
"7/8/2026 11:11:45 PM","102","Information","Microsoft-Windows-TaskScheduler","Task Scheduler successfully finished ""{b8883016-f832-45c0-9c6c-2dfebbeab8a1}"" instance of the ""\Microsoft\Windows\Time Synchronization\ForceSynchronizeTime"" task for user ""(NONE)""."
"7/8/2026 11:11:45 PM","201","Information","Microsoft-Windows-TaskScheduler","Task Scheduler successfully completed task ""\Microsoft\Windows\Time Synchronization\ForceSynchronizeTime"" , instance ""{b8883016-f832-45c0-9c6c-2dfebbeab8a1}"" , action ""Time Synchronization Task Handler"" with return code 0."
"7/8/2026 11:11:45 PM","110","Information","Microsoft-Windows-TaskScheduler","Task Scheduler launched ""{cb173bd9-afb3-493a-a629-5fc4a199bd86}""  instance of task ""\Microsoft\Windows\Workplace Join\Automatic-Device-Join""  for user ""System"" ."
"7/8/2026 11:11:45 PM","200","Information","Microsoft-Windows-TaskScheduler","Task Scheduler launched action ""%SystemRoot%\System32\dsregcmd.exe"" in instance ""{cb173bd9-afb3-493a-a629-5fc4a199bd86}"" of task ""\Microsoft\Windows\Workplace Join\Automatic-Device-Join""."
"7/8/2026 11:11:45 PM","100","Information","Microsoft-Windows-TaskScheduler","Task Scheduler started ""{cb173bd9-afb3-493a-a629-5fc4a199bd86}"" instance of the ""\Microsoft\Windows\Workplace Join\Automatic-Device-Join"" task for user ""NT AUTHORITY\SYSTEM""."
"7/8/2026 11:11:45 PM","129","Information","Microsoft-Windows-TaskScheduler","Task Scheduler launch task ""\Microsoft\Windows\Workplace Join\Automatic-Device-Join"" , instance ""%SystemRoot%\System32\dsregcmd.exe""  with process ID 2560."
"7/8/2026 11:11:45 PM","325","Warning","Microsoft-Windows-TaskScheduler","Task Scheduler queued instance ""{cb173bd9-afb3-493a-a629-5fc4a199bd86}""  of task ""\Microsoft\Windows\Workplace Join\Automatic-Device-Join""."
"7/8/2026 11:11:45 PM","200","Information","Microsoft-Windows-TaskScheduler","Task Scheduler launched action ""Time Synchronization Task Handler"" in instance ""{b8883016-f832-45c0-9c6c-2dfebbeab8a1}"" of task ""\Microsoft\Windows\Time Synchronization\ForceSynchronizeTime""."
"7/8/2026 11:11:45 PM","100","Information","Microsoft-Windows-TaskScheduler","Task Scheduler started ""{b8883016-f832-45c0-9c6c-2dfebbeab8a1}"" instance of the ""\Microsoft\Windows\Time Synchronization\ForceSynchronizeTime"" task for user ""(NONE)""."
"7/8/2026 11:11:45 PM","129","Information","Microsoft-Windows-TaskScheduler","Task Scheduler launch task ""\Microsoft\Windows\Time Synchronization\ForceSynchronizeTime"" , instance ""taskhostw.exe""  with process ID 2516."
"7/8/2026 11:11:45 PM","200","Information","Microsoft-Windows-TaskScheduler","Task Scheduler launched action ""OobeEsimTaskManager"" in instance ""{41f28fb6-8b2a-4fbf-b85f-a6905a717dbe}"" of task ""\Microsoft\Windows\WwanSvc\OobeDiscovery""."
"7/8/2026 11:11:45 PM","100","Information","Microsoft-Windows-TaskScheduler","Task Scheduler started ""{41f28fb6-8b2a-4fbf-b85f-a6905a717dbe}"" instance of the ""\Microsoft\Windows\WwanSvc\OobeDiscovery"" task for user ""NT AUTHORITY\SYSTEM""."
"7/8/2026 11:11:44 PM","101","Error","Microsoft-Windows-TaskScheduler","Task Scheduler failed to start ""\Microsoft\Windows\Workplace Join\Automatic-Device-Join"" task for user ""(default user)"". Additional Data: Error Value: 2147943568."
"7/8/2026 11:11:44 PM","200","Information","Microsoft-Windows-TaskScheduler","Task Scheduler launched action ""%windir%\system32\dxgiadaptercache.exe"" in instance ""{a978a9ce-7376-4c4a-9111-7fca7766c87b}"" of task ""\Microsoft\Windows\DirectX\DXGIAdapterCache""."
"7/8/2026 11:11:44 PM","100","Information","Microsoft-Windows-TaskScheduler","Task Scheduler started ""{a978a9ce-7376-4c4a-9111-7fca7766c87b}"" instance of the ""\Microsoft\Windows\DirectX\DXGIAdapterCache"" task for user ""NT AUTHORITY\SYSTEM""."
"7/8/2026 11:11:44 PM","200","Information","Microsoft-Windows-TaskScheduler","Task Scheduler launched action """" in instance ""{838daffe-68f4-4749-97ff-fbad1236479d}"" of task ""\Microsoft\Windows\ExploitGuard\ExploitGuard MDM policy Refresh""."
"7/8/2026 11:11:44 PM","100","Information","Microsoft-Windows-TaskScheduler","Task Scheduler started ""{838daffe-68f4-4749-97ff-fbad1236479d}"" instance of the ""\Microsoft\Windows\ExploitGuard\ExploitGuard MDM policy Refresh"" task for user ""NT AUTHORITY\SYSTEM""."
"7/8/2026 11:11:44 PM","129","Information","Microsoft-Windows-TaskScheduler","Task Scheduler launch task ""\Microsoft\Windows\DirectX\DXGIAdapterCache"" , instance ""%windir%\system32\dxgiadaptercache.exe""  with process ID 2164."
"7/8/2026 11:11:44 PM","129","Information","Microsoft-Windows-TaskScheduler","Task Scheduler launch task ""\Microsoft\Windows\ExploitGuard\ExploitGuard MDM policy Refresh"" , instance ""taskhostw.exe""  with process ID 2156."
"7/8/2026 11:11:44 PM","118","Information","Microsoft-Windows-TaskScheduler","Task Scheduler launched ""{838daffe-68f4-4749-97ff-fbad1236479d}""  instance of task ""\Microsoft\Windows\ExploitGuard\ExploitGuard MDM policy Refresh""  due to system startup."
"7/8/2026 11:11:44 PM","400","Information","Microsoft-Windows-TaskScheduler","Task Scheduler service has started."
"7/8/2026 11:11:43 PM","700","Information","Microsoft-Windows-TaskScheduler","Task Scheduler service started Task Compatibility module."
"7/8/2026 11:11:26 PM","402","Information","Microsoft-Windows-TaskScheduler","Task Scheduler service is shutting down."
"7/8/2026 11:10:41 PM","102","Information","Microsoft-Windows-TaskScheduler","Task Scheduler successfully finished ""{cf978855-fb07-4f50-a8dc-3e3d77f7bbb5}"" instance of the ""\Scaffold\ScaffoldDeployEngine"" task for user ""NT AUTHORITY\SYSTEM""."
"7/8/2026 11:10:41 PM","201","Information","Microsoft-Windows-TaskScheduler","Task Scheduler successfully completed task ""\Scaffold\ScaffoldDeployEngine"" , instance ""{cf978855-fb07-4f50-a8dc-3e3d77f7bbb5}"" , action ""powershell.exe"" with return code 0."
"7/8/2026 11:10:41 PM","200","Information","Microsoft-Windows-TaskScheduler","Task Scheduler launched action ""powershell.exe"" in instance ""{cf978855-fb07-4f50-a8dc-3e3d77f7bbb5}"" of task ""\Scaffold\ScaffoldDeployEngine""."
"7/8/2026 11:10:41 PM","100","Information","Microsoft-Windows-TaskScheduler","Task Scheduler started ""{cf978855-fb07-4f50-a8dc-3e3d77f7bbb5}"" instance of the ""\Scaffold\ScaffoldDeployEngine"" task for user ""NT AUTHORITY\SYSTEM""."
"7/8/2026 11:10:41 PM","129","Information","Microsoft-Windows-TaskScheduler","Task Scheduler launch task ""\Scaffold\ScaffoldDeployEngine"" , instance ""powershell.exe""  with process ID 576."
"7/8/2026 11:10:41 PM","107","Information","Microsoft-Windows-TaskScheduler","Task Scheduler launched ""{cf978855-fb07-4f50-a8dc-3e3d77f7bbb5}""  instance of task ""\Scaffold\ScaffoldDeployEngine"" due to a time trigger condition."
"7/8/2026 11:08:41 PM","102","Information","Microsoft-Windows-TaskScheduler","Task Scheduler successfully finished ""{d8cbe491-c41f-4d35-baa4-7fa8e38195f8}"" instance of the ""\Scaffold\ScaffoldDeployEngine"" task for user ""NT AUTHORITY\SYSTEM""."
"7/8/2026 11:08:41 PM","201","Information","Microsoft-Windows-TaskScheduler","Task Scheduler successfully completed task ""\Scaffold\ScaffoldDeployEngine"" , instance ""{d8cbe491-c41f-4d35-baa4-7fa8e38195f8}"" , action ""powershell.exe"" with return code 0."
"7/8/2026 11:08:41 PM","200","Information","Microsoft-Windows-TaskScheduler","Task Scheduler launched action ""powershell.exe"" in instance ""{d8cbe491-c41f-4d35-baa4-7fa8e38195f8}"" of task ""\Scaffold\ScaffoldDeployEngine""."
"7/8/2026 11:08:41 PM","100","Information","Microsoft-Windows-TaskScheduler","Task Scheduler started ""{d8cbe491-c41f-4d35-baa4-7fa8e38195f8}"" instance of the ""\Scaffold\ScaffoldDeployEngine"" task for user ""NT AUTHORITY\SYSTEM""."
"7/8/2026 11:08:41 PM","129","Information","Microsoft-Windows-TaskScheduler","Task Scheduler launch task ""\Scaffold\ScaffoldDeployEngine"" , instance ""powershell.exe""  with process ID 5640."
"7/8/2026 11:08:41 PM","107","Information","Microsoft-Windows-TaskScheduler","Task Scheduler launched ""{d8cbe491-c41f-4d35-baa4-7fa8e38195f8}""  instance of task ""\Scaffold\ScaffoldDeployEngine"" due to a time trigger condition."
"7/8/2026 11:06:41 PM","102","Information","Microsoft-Windows-TaskScheduler","Task Scheduler successfully finished ""{adc88465-00c5-42fc-95da-932e53343c4d}"" instance of the ""\Scaffold\ScaffoldDeployEngine"" task for user ""NT AUTHORITY\SYSTEM""."
"7/8/2026 11:06:41 PM","201","Information","Microsoft-Windows-TaskScheduler","Task Scheduler successfully completed task ""\Scaffold\ScaffoldDeployEngine"" , instance ""{adc88465-00c5-42fc-95da-932e53343c4d}"" , action ""powershell.exe"" with return code 0."
"7/8/2026 11:06:41 PM","200","Information","Microsoft-Windows-TaskScheduler","Task Scheduler launched action ""powershell.exe"" in instance ""{adc88465-00c5-42fc-95da-932e53343c4d}"" of task ""\Scaffold\ScaffoldDeployEngine""."
"7/8/2026 11:06:41 PM","100","Information","Microsoft-Windows-TaskScheduler","Task Scheduler started ""{adc88465-00c5-42fc-95da-932e53343c4d}"" instance of the ""\Scaffold\ScaffoldDeployEngine"" task for user ""NT AUTHORITY\SYSTEM""."
"7/8/2026 11:06:41 PM","129","Information","Microsoft-Windows-TaskScheduler","Task Scheduler launch task ""\Scaffold\ScaffoldDeployEngine"" , instance ""powershell.exe""  with process ID 3432."
"7/8/2026 11:06:41 PM","107","Information","Microsoft-Windows-TaskScheduler","Task Scheduler launched ""{adc88465-00c5-42fc-95da-932e53343c4d}""  instance of task ""\Scaffold\ScaffoldDeployEngine"" due to a time trigger condition."
"7/8/2026 11:04:41 PM","102","Information","Microsoft-Windows-TaskScheduler","Task Scheduler successfully finished ""{1e74bbe0-d74a-43e2-8736-109c8ec3a483}"" instance of the ""\Scaffold\ScaffoldDeployEngine"" task for user ""NT AUTHORITY\SYSTEM""."
"7/8/2026 11:04:41 PM","201","Information","Microsoft-Windows-TaskScheduler","Task Scheduler successfully completed task ""\Scaffold\ScaffoldDeployEngine"" , instance ""{1e74bbe0-d74a-43e2-8736-109c8ec3a483}"" , action ""powershell.exe"" with return code 0."
"7/8/2026 11:04:41 PM","200","Information","Microsoft-Windows-TaskScheduler","Task Scheduler launched action ""powershell.exe"" in instance ""{1e74bbe0-d74a-43e2-8736-109c8ec3a483}"" of task ""\Scaffold\ScaffoldDeployEngine""."
"7/8/2026 11:04:41 PM","100","Information","Microsoft-Windows-TaskScheduler","Task Scheduler started ""{1e74bbe0-d74a-43e2-8736-109c8ec3a483}"" instance of the ""\Scaffold\ScaffoldDeployEngine"" task for user ""NT AUTHORITY\SYSTEM""."
"7/8/2026 11:04:41 PM","129","Information","Microsoft-Windows-TaskScheduler","Task Scheduler launch task ""\Scaffold\ScaffoldDeployEngine"" , instance ""powershell.exe""  with process ID 3896."
"7/8/2026 11:04:41 PM","107","Information","Microsoft-Windows-TaskScheduler","Task Scheduler launched ""{1e74bbe0-d74a-43e2-8736-109c8ec3a483}""  instance of task ""\Scaffold\ScaffoldDeployEngine"" due to a time trigger condition."
"7/8/2026 11:03:18 PM","140","Information","Microsoft-Windows-TaskScheduler","User ""NT AUTHORITY\SYSTEM""  updated Task Scheduler task ""\Microsoft\Windows\WindowsUpdate\Scheduled Start"""
"7/8/2026 11:02:41 PM","102","Information","Microsoft-Windows-TaskScheduler","Task Scheduler successfully finished ""{3736192e-8546-40c0-9af4-de6857c80093}"" instance of the ""\Scaffold\ScaffoldDeployEngine"" task for user ""NT AUTHORITY\SYSTEM""."
"7/8/2026 11:02:41 PM","201","Information","Microsoft-Windows-TaskScheduler","Task Scheduler successfully completed task ""\Scaffold\ScaffoldDeployEngine"" , instance ""{3736192e-8546-40c0-9af4-de6857c80093}"" , action ""powershell.exe"" with return code 0."
"7/8/2026 11:02:41 PM","200","Information","Microsoft-Windows-TaskScheduler","Task Scheduler launched action ""powershell.exe"" in instance ""{3736192e-8546-40c0-9af4-de6857c80093}"" of task ""\Scaffold\ScaffoldDeployEngine""."
"7/8/2026 11:02:41 PM","100","Information","Microsoft-Windows-TaskScheduler","Task Scheduler started ""{3736192e-8546-40c0-9af4-de6857c80093}"" instance of the ""\Scaffold\ScaffoldDeployEngine"" task for user ""NT AUTHORITY\SYSTEM""."
"7/8/2026 11:02:41 PM","129","Information","Microsoft-Windows-TaskScheduler","Task Scheduler launch task ""\Scaffold\ScaffoldDeployEngine"" , instance ""powershell.exe""  with process ID 3972."
"7/8/2026 11:02:41 PM","107","Information","Microsoft-Windows-TaskScheduler","Task Scheduler launched ""{3736192e-8546-40c0-9af4-de6857c80093}""  instance of task ""\Scaffold\ScaffoldDeployEngine"" due to a time trigger condition."
"7/8/2026 11:00:41 PM","102","Information","Microsoft-Windows-TaskScheduler","Task Scheduler successfully finished ""{13217c27-6df6-4145-98ae-ac7699e824af}"" instance of the ""\Scaffold\ScaffoldDeployEngine"" task for user ""NT AUTHORITY\SYSTEM""."
"7/8/2026 11:00:41 PM","201","Information","Microsoft-Windows-TaskScheduler","Task Scheduler successfully completed task ""\Scaffold\ScaffoldDeployEngine"" , instance ""{13217c27-6df6-4145-98ae-ac7699e824af}"" , action ""powershell.exe"" with return code 0."
"7/8/2026 11:00:41 PM","200","Information","Microsoft-Windows-TaskScheduler","Task Scheduler launched action ""powershell.exe"" in instance ""{13217c27-6df6-4145-98ae-ac7699e824af}"" of task ""\Scaffold\ScaffoldDeployEngine""."
"7/8/2026 11:00:41 PM","100","Information","Microsoft-Windows-TaskScheduler","Task Scheduler started ""{13217c27-6df6-4145-98ae-ac7699e824af}"" instance of the ""\Scaffold\ScaffoldDeployEngine"" task for user ""NT AUTHORITY\SYSTEM""."
"7/8/2026 11:00:41 PM","129","Information","Microsoft-Windows-TaskScheduler","Task Scheduler launch task ""\Scaffold\ScaffoldDeployEngine"" , instance ""powershell.exe""  with process ID 1180."
"7/8/2026 11:00:41 PM","107","Information","Microsoft-Windows-TaskScheduler","Task Scheduler launched ""{13217c27-6df6-4145-98ae-ac7699e824af}""  instance of task ""\Scaffold\ScaffoldDeployEngine"" due to a time trigger condition."
"7/8/2026 10:58:41 PM","102","Information","Microsoft-Windows-TaskScheduler","Task Scheduler successfully finished ""{6cb562b3-081d-4ab1-948b-4f9f806ff315}"" instance of the ""\Scaffold\ScaffoldDeployEngine"" task for user ""NT AUTHORITY\SYSTEM""."
"7/8/2026 10:58:41 PM","201","Information","Microsoft-Windows-TaskScheduler","Task Scheduler successfully completed task ""\Scaffold\ScaffoldDeployEngine"" , instance ""{6cb562b3-081d-4ab1-948b-4f9f806ff315}"" , action ""powershell.exe"" with return code 0."
"7/8/2026 10:58:41 PM","200","Information","Microsoft-Windows-TaskScheduler","Task Scheduler launched action ""powershell.exe"" in instance ""{6cb562b3-081d-4ab1-948b-4f9f806ff315}"" of task ""\Scaffold\ScaffoldDeployEngine""."
"7/8/2026 10:58:41 PM","100","Information","Microsoft-Windows-TaskScheduler","Task Scheduler started ""{6cb562b3-081d-4ab1-948b-4f9f806ff315}"" instance of the ""\Scaffold\ScaffoldDeployEngine"" task for user ""NT AUTHORITY\SYSTEM""."
"7/8/2026 10:58:41 PM","129","Information","Microsoft-Windows-TaskScheduler","Task Scheduler launch task ""\Scaffold\ScaffoldDeployEngine"" , instance ""powershell.exe""  with process ID 2848."
"7/8/2026 10:58:41 PM","107","Information","Microsoft-Windows-TaskScheduler","Task Scheduler launched ""{6cb562b3-081d-4ab1-948b-4f9f806ff315}""  instance of task ""\Scaffold\ScaffoldDeployEngine"" due to a time trigger condition."
"7/8/2026 10:57:53 PM","102","Information","Microsoft-Windows-TaskScheduler","Task Scheduler successfully finished ""{90327dfd-bfdf-4fc2-96b6-670239012600}"" instance of the ""\Microsoft\Windows\Workplace Join\Automatic-Device-Join"" task for user ""NT AUTHORITY\SYSTEM""."
"7/8/2026 10:57:53 PM","201","Information","Microsoft-Windows-TaskScheduler","Task Scheduler successfully completed task ""\Microsoft\Windows\Workplace Join\Automatic-Device-Join"" , instance ""{90327dfd-bfdf-4fc2-96b6-670239012600}"" , action ""%SystemRoot%\System32\dsregcmd.exe"" with return code 2147942401."
"7/8/2026 10:57:53 PM","200","Information","Microsoft-Windows-TaskScheduler","Task Scheduler launched action ""%SystemRoot%\System32\dsregcmd.exe"" in instance ""{90327dfd-bfdf-4fc2-96b6-670239012600}"" of task ""\Microsoft\Windows\Workplace Join\Automatic-Device-Join""."
"7/8/2026 10:57:53 PM","100","Information","Microsoft-Windows-TaskScheduler","Task Scheduler started ""{90327dfd-bfdf-4fc2-96b6-670239012600}"" instance of the ""\Microsoft\Windows\Workplace Join\Automatic-Device-Join"" task for user ""NT AUTHORITY\SYSTEM""."
"7/8/2026 10:57:53 PM","129","Information","Microsoft-Windows-TaskScheduler","Task Scheduler launch task ""\Microsoft\Windows\Workplace Join\Automatic-Device-Join"" , instance ""%SystemRoot%\System32\dsregcmd.exe""  with process ID 5168."
"7/8/2026 10:57:53 PM","108","Information","Microsoft-Windows-TaskScheduler","Task Scheduler launched ""{90327dfd-bfdf-4fc2-96b6-670239012600}""  instance of task ""\Microsoft\Windows\Workplace Join\Automatic-Device-Join""  according to an event trigger."
"7/8/2026 10:56:41 PM","102","Information","Microsoft-Windows-TaskScheduler","Task Scheduler successfully finished ""{d2aab1eb-0369-4543-934f-67a4a9262b7b}"" instance of the ""\Scaffold\ScaffoldDeployEngine"" task for user ""NT AUTHORITY\SYSTEM""."
"7/8/2026 10:56:41 PM","201","Information","Microsoft-Windows-TaskScheduler","Task Scheduler successfully completed task ""\Scaffold\ScaffoldDeployEngine"" , instance ""{d2aab1eb-0369-4543-934f-67a4a9262b7b}"" , action ""powershell.exe"" with return code 0."
"7/8/2026 10:56:41 PM","200","Information","Microsoft-Windows-TaskScheduler","Task Scheduler launched action ""powershell.exe"" in instance ""{d2aab1eb-0369-4543-934f-67a4a9262b7b}"" of task ""\Scaffold\ScaffoldDeployEngine""."
"7/8/2026 10:56:41 PM","100","Information","Microsoft-Windows-TaskScheduler","Task Scheduler started ""{d2aab1eb-0369-4543-934f-67a4a9262b7b}"" instance of the ""\Scaffold\ScaffoldDeployEngine"" task for user ""NT AUTHORITY\SYSTEM""."
"7/8/2026 10:56:41 PM","129","Information","Microsoft-Windows-TaskScheduler","Task Scheduler launch task ""\Scaffold\ScaffoldDeployEngine"" , instance ""powershell.exe""  with process ID 5816."
"7/8/2026 10:56:41 PM","107","Information","Microsoft-Windows-TaskScheduler","Task Scheduler launched ""{d2aab1eb-0369-4543-934f-67a4a9262b7b}""  instance of task ""\Scaffold\ScaffoldDeployEngine"" due to a time trigger condition."
"7/8/2026 10:54:41 PM","102","Information","Microsoft-Windows-TaskScheduler","Task Scheduler successfully finished ""{4a3db467-a8bb-40cb-b2a6-548aa43257b2}"" instance of the ""\Scaffold\ScaffoldDeployEngine"" task for user ""NT AUTHORITY\SYSTEM""."
"7/8/2026 10:54:41 PM","201","Information","Microsoft-Windows-TaskScheduler","Task Scheduler successfully completed task ""\Scaffold\ScaffoldDeployEngine"" , instance ""{4a3db467-a8bb-40cb-b2a6-548aa43257b2}"" , action ""powershell.exe"" with return code 0."
"7/8/2026 10:54:41 PM","200","Information","Microsoft-Windows-TaskScheduler","Task Scheduler launched action ""powershell.exe"" in instance ""{4a3db467-a8bb-40cb-b2a6-548aa43257b2}"" of task ""\Scaffold\ScaffoldDeployEngine""."
"7/8/2026 10:54:41 PM","100","Information","Microsoft-Windows-TaskScheduler","Task Scheduler started ""{4a3db467-a8bb-40cb-b2a6-548aa43257b2}"" instance of the ""\Scaffold\ScaffoldDeployEngine"" task for user ""NT AUTHORITY\SYSTEM""."
"7/8/2026 10:54:41 PM","129","Information","Microsoft-Windows-TaskScheduler","Task Scheduler launch task ""\Scaffold\ScaffoldDeployEngine"" , instance ""powershell.exe""  with process ID 6412."
"7/8/2026 10:54:41 PM","107","Information","Microsoft-Windows-TaskScheduler","Task Scheduler launched ""{4a3db467-a8bb-40cb-b2a6-548aa43257b2}""  instance of task ""\Scaffold\ScaffoldDeployEngine"" due to a time trigger condition."
"7/8/2026 10:52:45 PM","103","Error","Microsoft-Windows-TaskScheduler","Task Scheduler failed to start instance ""{62c93847-8b92-4415-b34e-6ebbe9242649}"" of ""\Microsoft\Windows\Power Efficiency Diagnostics\AnalyzeSystem""  task for user ""NT AUTHORITY\SYSTEM"" . Additional Data: Error Value: 2147942512."
"7/8/2026 10:52:45 PM","202","Error","Microsoft-Windows-TaskScheduler","Task Scheduler failed to complete task ""\Microsoft\Windows\Power Efficiency Diagnostics\AnalyzeSystem"" , instance ""{62c93847-8b92-4415-b34e-6ebbe9242649}"" , action """" . Additional Data: Error Value: 2147942512."
"7/8/2026 10:52:45 PM","200","Information","Microsoft-Windows-TaskScheduler","Task Scheduler launched action """" in instance ""{62c93847-8b92-4415-b34e-6ebbe9242649}"" of task ""\Microsoft\Windows\Power Efficiency Diagnostics\AnalyzeSystem""."
"7/8/2026 10:52:45 PM","100","Information","Microsoft-Windows-TaskScheduler","Task Scheduler started ""{62c93847-8b92-4415-b34e-6ebbe9242649}"" instance of the ""\Microsoft\Windows\Power Efficiency Diagnostics\AnalyzeSystem"" task for user ""NT AUTHORITY\SYSTEM""."
"7/8/2026 10:52:45 PM","129","Information","Microsoft-Windows-TaskScheduler","Task Scheduler launch task ""\Microsoft\Windows\Power Efficiency Diagnostics\AnalyzeSystem"" , instance ""taskhostw.exe""  with process ID 1740."
"7/8/2026 10:52:44 PM","102","Information","Microsoft-Windows-TaskScheduler","Task Scheduler successfully finished ""{fdc9821f-58b9-4af5-a12d-1f6f2fdd1ea1}"" instance of the ""\Microsoft\Windows\Application Experience\ProgramDataUpdater"" task for user ""NT AUTHORITY\SYSTEM""."
"7/8/2026 10:52:44 PM","201","Information","Microsoft-Windows-TaskScheduler","Task Scheduler successfully completed task ""\Microsoft\Windows\Application Experience\ProgramDataUpdater"" , instance ""{fdc9821f-58b9-4af5-a12d-1f6f2fdd1ea1}"" , action ""%windir%\system32\compattelrunner.exe"" with return code 0."
"7/8/2026 10:52:42 PM","102","Information","Microsoft-Windows-TaskScheduler","Task Scheduler successfully finished ""{d3308ec1-af50-494a-b73b-ecaf30ce59b6}"" instance of the ""\Scaffold\ScaffoldDeployEngine"" task for user ""NT AUTHORITY\SYSTEM""."
"7/8/2026 10:52:42 PM","201","Information","Microsoft-Windows-TaskScheduler","Task Scheduler successfully completed task ""\Scaffold\ScaffoldDeployEngine"" , instance ""{d3308ec1-af50-494a-b73b-ecaf30ce59b6}"" , action ""powershell.exe"" with return code 0."
"7/8/2026 10:52:42 PM","200","Information","Microsoft-Windows-TaskScheduler","Task Scheduler launched action ""powershell.exe"" in instance ""{d3308ec1-af50-494a-b73b-ecaf30ce59b6}"" of task ""\Scaffold\ScaffoldDeployEngine""."
"7/8/2026 10:52:42 PM","100","Information","Microsoft-Windows-TaskScheduler","Task Scheduler started ""{d3308ec1-af50-494a-b73b-ecaf30ce59b6}"" instance of the ""\Scaffold\ScaffoldDeployEngine"" task for user ""NT AUTHORITY\SYSTEM""."
"7/8/2026 10:52:42 PM","129","Information","Microsoft-Windows-TaskScheduler","Task Scheduler launch task ""\Scaffold\ScaffoldDeployEngine"" , instance ""powershell.exe""  with process ID 4592."
"7/8/2026 10:52:42 PM","107","Information","Microsoft-Windows-TaskScheduler","Task Scheduler launched ""{d3308ec1-af50-494a-b73b-ecaf30ce59b6}""  instance of task ""\Scaffold\ScaffoldDeployEngine"" due to a time trigger condition."
"7/8/2026 10:52:35 PM","140","Information","Microsoft-Windows-TaskScheduler","User ""SCAFFOLD\DC$""  updated Task Scheduler task ""\Microsoft\Windows\SoftwareProtectionPlatform\SvcRestartTask"""
"7/8/2026 10:52:28 PM","102","Information","Microsoft-Windows-TaskScheduler","Task Scheduler successfully finished ""{8cdc2deb-1118-4173-9183-76fb71d11af7}"" instance of the ""\Microsoft\Windows\Windows Defender\Windows Defender Cache Maintenance"" task for user ""NT AUTHORITY\SYSTEM""."
"7/8/2026 10:52:28 PM","201","Information","Microsoft-Windows-TaskScheduler","Task Scheduler successfully completed task ""\Microsoft\Windows\Windows Defender\Windows Defender Cache Maintenance"" , instance ""{8cdc2deb-1118-4173-9183-76fb71d11af7}"" , action ""C:\ProgramData\Microsoft\Windows Defender\Platform\4.18.26030.3011-0\MpCmdRun.exe"" with return code 0."
"7/8/2026 10:51:40 PM","140","Information","Microsoft-Windows-TaskScheduler","User ""SCAFFOLD\DC$""  updated Task Scheduler task ""\Microsoft\Windows\Windows Defender\Windows Defender Scheduled Scan"""
"7/8/2026 10:51:40 PM","106","Information","Microsoft-Windows-TaskScheduler","User ""SCAFFOLD\DC$""  registered Task Scheduler task ""\Microsoft\Windows\Windows Defender\Windows Defender Scheduled Scan"""
"7/8/2026 10:51:40 PM","141","Information","Microsoft-Windows-TaskScheduler","User ""NT AUTHORITY\System""  deleted Task Scheduler task ""\Microsoft\Windows\Windows Defender\Windows Defender Scheduled Scan"""
"7/8/2026 10:51:40 PM","111","Information","Microsoft-Windows-TaskScheduler","Task Scheduler terminated ""{bf476c34-ea11-4921-9f58-dd1f4853474a}""  instance of the ""\Microsoft\Windows\Windows Defender\Windows Defender Scheduled Scan""  task."
"7/8/2026 10:51:40 PM","102","Information","Microsoft-Windows-TaskScheduler","Task Scheduler successfully finished ""{bf476c34-ea11-4921-9f58-dd1f4853474a}"" instance of the ""\Microsoft\Windows\Windows Defender\Windows Defender Scheduled Scan"" task for user ""NT AUTHORITY\SYSTEM""."
"7/8/2026 10:51:40 PM","201","Information","Microsoft-Windows-TaskScheduler","Task Scheduler successfully completed task ""\Microsoft\Windows\Windows Defender\Windows Defender Scheduled Scan"" , instance ""{bf476c34-ea11-4921-9f58-dd1f4853474a}"" , action ""C:\ProgramData\Microsoft\Windows Defender\Platform\4.18.26030.3011-0\MpCmdRun.exe"" with return code 2147943691."
"7/8/2026 10:51:40 PM","129","Information","Microsoft-Windows-TaskScheduler","Task Scheduler launch task ""NT TASK\Microsoft\Windows\Windows Defender\Windows Defender Scheduled Scan"" , instance ""taskhostw.exe""  with process ID 6480."
"7/8/2026 10:51:40 PM","330","Information","Microsoft-Windows-TaskScheduler","Task Scheduler stopped instance ""{bf476c34-ea11-4921-9f58-dd1f4853474a}""  of task ""\Microsoft\Windows\Windows Defender\Windows Defender Scheduled Scan""  as request by user ""NT AUTHORITY\SYSTEM"" ."
"7/8/2026 10:51:35 PM","102","Information","Microsoft-Windows-TaskScheduler","Task Scheduler successfully finished ""{a111f169-a260-4a94-9ff4-f6a31354c251}"" instance of the ""\Microsoft\Windows\Servicing\StartComponentCleanup"" task for user ""NT AUTHORITY\SYSTEM""."
"7/8/2026 10:51:35 PM","201","Information","Microsoft-Windows-TaskScheduler","Task Scheduler successfully completed task ""\Microsoft\Windows\Servicing\StartComponentCleanup"" , instance ""{a111f169-a260-4a94-9ff4-f6a31354c251}"" , action ""Component Based Servicing Session"" with return code 0."
"7/8/2026 10:51:35 PM","102","Information","Microsoft-Windows-TaskScheduler","Task Scheduler successfully finished ""{395ebf40-8744-40fb-9d51-956b7a2187d6}"" instance of the ""\Microsoft\Windows\ApplicationData\CleanupTemporaryState"" task for user ""NT AUTHORITY\SYSTEM""."
"7/8/2026 10:51:35 PM","201","Information","Microsoft-Windows-TaskScheduler","Task Scheduler successfully completed task ""\Microsoft\Windows\ApplicationData\CleanupTemporaryState"" , instance ""{395ebf40-8744-40fb-9d51-956b7a2187d6}"" , action ""%windir%\system32\rundll32.exe"" with return code 0."
"7/8/2026 10:51:35 PM","102","Information","Microsoft-Windows-TaskScheduler","Task Scheduler successfully finished ""{6ab50b61-e0fe-46ec-aa2d-639a6ceda082}"" instance of the ""\Microsoft\Windows\Time Zone\SynchronizeTimeZone"" task for user ""NT AUTHORITY\SYSTEM""."
"7/8/2026 10:51:35 PM","201","Information","Microsoft-Windows-TaskScheduler","Task Scheduler successfully completed task ""\Microsoft\Windows\Time Zone\SynchronizeTimeZone"" , instance ""{6ab50b61-e0fe-46ec-aa2d-639a6ceda082}"" , action ""%windir%\system32\tzsync.exe"" with return code 0."
"7/8/2026 10:51:34 PM","102","Information","Microsoft-Windows-TaskScheduler","Task Scheduler successfully finished ""{73ea1e72-cad1-4409-879b-ed99302639ea}"" instance of the ""\Microsoft\Windows\.NET Framework\.NET Framework NGEN v4.0.30319"" task for user ""NT AUTHORITY\SYSTEM""."
"7/8/2026 10:51:34 PM","201","Information","Microsoft-Windows-TaskScheduler","Task Scheduler successfully completed task ""\Microsoft\Windows\.NET Framework\.NET Framework NGEN v4.0.30319"" , instance ""{73ea1e72-cad1-4409-879b-ed99302639ea}"" , action """" with return code 0."
"7/8/2026 10:51:34 PM","140","Information","Microsoft-Windows-TaskScheduler","User ""SYSTEM""  updated Task Scheduler task ""\Microsoft\Windows\.NET Framework\.NET Framework NGEN v4.0.30319"""
"7/8/2026 10:51:33 PM","102","Information","Microsoft-Windows-TaskScheduler","Task Scheduler successfully finished ""{52da4256-91e4-432d-bb82-801815d5a612}"" instance of the ""\Microsoft\Windows\Defrag\ScheduledDefrag"" task for user ""NT AUTHORITY\SYSTEM""."
"7/8/2026 10:51:33 PM","201","Information","Microsoft-Windows-TaskScheduler","Task Scheduler successfully completed task ""\Microsoft\Windows\Defrag\ScheduledDefrag"" , instance ""{52da4256-91e4-432d-bb82-801815d5a612}"" , action ""%windir%\system32\defrag.exe"" with return code 0."
"7/8/2026 10:51:32 PM","325","Warning","Microsoft-Windows-TaskScheduler","Task Scheduler queued instance ""{62c93847-8b92-4415-b34e-6ebbe9242649}""  of task ""\Microsoft\Windows\Power Efficiency Diagnostics\AnalyzeSystem""."
"7/8/2026 10:51:32 PM","200","Information","Microsoft-Windows-TaskScheduler","Task Scheduler launched action """" in instance ""{73ea1e72-cad1-4409-879b-ed99302639ea}"" of task ""\Microsoft\Windows\.NET Framework\.NET Framework NGEN v4.0.30319""."
"7/8/2026 10:51:32 PM","100","Information","Microsoft-Windows-TaskScheduler","Task Scheduler started ""{73ea1e72-cad1-4409-879b-ed99302639ea}"" instance of the ""\Microsoft\Windows\.NET Framework\.NET Framework NGEN v4.0.30319"" task for user ""NT AUTHORITY\SYSTEM""."
"7/8/2026 10:51:31 PM","102","Information","Microsoft-Windows-TaskScheduler","Task Scheduler successfully finished ""{4b9d72f6-8904-428d-a9f9-aee9765e1125}"" instance of the ""\Microsoft\Windows\.NET Framework\.NET Framework NGEN v4.0.30319"" task for user ""NT AUTHORITY\SYSTEM""."
"7/8/2026 10:51:31 PM","201","Information","Microsoft-Windows-TaskScheduler","Task Scheduler successfully completed task ""\Microsoft\Windows\.NET Framework\.NET Framework NGEN v4.0.30319"" , instance ""{4b9d72f6-8904-428d-a9f9-aee9765e1125}"" , action """" with return code 0."
"7/8/2026 10:51:30 PM","140","Information","Microsoft-Windows-TaskScheduler","User ""SYSTEM""  updated Task Scheduler task ""\Microsoft\Windows\.NET Framework\.NET Framework NGEN v4.0.30319"""
"7/8/2026 10:51:30 PM","102","Information","Microsoft-Windows-TaskScheduler","Task Scheduler successfully finished ""{ba28a90f-46d8-4f24-a48a-9cdf034a17d1}"" instance of the ""\Microsoft\Windows\.NET Framework\.NET Framework NGEN v4.0.30319 64"" task for user ""NT AUTHORITY\SYSTEM""."
"7/8/2026 10:51:30 PM","201","Information","Microsoft-Windows-TaskScheduler","Task Scheduler successfully completed task ""\Microsoft\Windows\.NET Framework\.NET Framework NGEN v4.0.30319 64"" , instance ""{ba28a90f-46d8-4f24-a48a-9cdf034a17d1}"" , action """" with return code 0."
"7/8/2026 10:51:30 PM","140","Information","Microsoft-Windows-TaskScheduler","User ""SYSTEM""  updated Task Scheduler task ""\Microsoft\Windows\.NET Framework\.NET Framework NGEN v4.0.30319 64"""
"7/8/2026 10:51:30 PM","200","Information","Microsoft-Windows-TaskScheduler","Task Scheduler launched action """" in instance ""{ba28a90f-46d8-4f24-a48a-9cdf034a17d1}"" of task ""\Microsoft\Windows\.NET Framework\.NET Framework NGEN v4.0.30319 64""."
"7/8/2026 10:51:30 PM","100","Information","Microsoft-Windows-TaskScheduler","Task Scheduler started ""{ba28a90f-46d8-4f24-a48a-9cdf034a17d1}"" instance of the ""\Microsoft\Windows\.NET Framework\.NET Framework NGEN v4.0.30319 64"" task for user ""NT AUTHORITY\SYSTEM""."
"7/8/2026 10:51:30 PM","325","Warning","Microsoft-Windows-TaskScheduler","Task Scheduler queued instance ""{62c93847-8b92-4415-b34e-6ebbe9242649}""  of task ""\Microsoft\Windows\Power Efficiency Diagnostics\AnalyzeSystem""."
"7/8/2026 10:51:29 PM","102","Information","Microsoft-Windows-TaskScheduler","Task Scheduler successfully finished ""{fec43a8f-970d-49f3-9eb4-1b2a6c60f09a}"" instance of the ""\Microsoft\Windows\.NET Framework\.NET Framework NGEN v4.0.30319 64"" task for user ""NT AUTHORITY\SYSTEM""."
"7/8/2026 10:51:29 PM","201","Information","Microsoft-Windows-TaskScheduler","Task Scheduler successfully completed task ""\Microsoft\Windows\.NET Framework\.NET Framework NGEN v4.0.30319 64"" , instance ""{fec43a8f-970d-49f3-9eb4-1b2a6c60f09a}"" , action """" with return code 0."
"7/8/2026 10:51:29 PM","140","Information","Microsoft-Windows-TaskScheduler","User ""SYSTEM""  updated Task Scheduler task ""\Microsoft\Windows\.NET Framework\.NET Framework NGEN v4.0.30319 64"""
"7/8/2026 10:51:29 PM","102","Information","Microsoft-Windows-TaskScheduler","Task Scheduler successfully finished ""{a8cedf3c-fa1e-4858-aad2-3bea431b88f3}"" instance of the ""\Microsoft\Windows\Time Synchronization\SynchronizeTime"" task for user ""(NONE)""."
"7/8/2026 10:51:29 PM","201","Information","Microsoft-Windows-TaskScheduler","Task Scheduler successfully completed task ""\Microsoft\Windows\Time Synchronization\SynchronizeTime"" , instance ""{a8cedf3c-fa1e-4858-aad2-3bea431b88f3}"" , action ""%windir%\system32\sc.exe"" with return code 2147943456."
"7/8/2026 10:51:29 PM","102","Information","Microsoft-Windows-TaskScheduler","Task Scheduler successfully finished ""{858a1600-0252-4739-bb49-849d4bc1bf22}"" instance of the ""\Microsoft\Windows\ApplicationData\DsSvcCleanup"" task for user ""NT AUTHORITY\SYSTEM""."
"7/8/2026 10:51:29 PM","201","Information","Microsoft-Windows-TaskScheduler","Task Scheduler successfully completed task ""\Microsoft\Windows\ApplicationData\DsSvcCleanup"" , instance ""{858a1600-0252-4739-bb49-849d4bc1bf22}"" , action ""%windir%\system32\dstokenclean.exe"" with return code 0."
"7/8/2026 10:51:29 PM","102","Information","Microsoft-Windows-TaskScheduler","Task Scheduler successfully finished ""{9a98488e-43e0-4f9f-9a42-92f12cbe7d54}"" instance of the ""\Microsoft\Windows\StateRepository\MaintenanceTasks"" task for user ""NT AUTHORITY\SYSTEM""."
"7/8/2026 10:51:29 PM","201","Information","Microsoft-Windows-TaskScheduler","Task Scheduler successfully completed task ""\Microsoft\Windows\StateRepository\MaintenanceTasks"" , instance ""{9a98488e-43e0-4f9f-9a42-92f12cbe7d54}"" , action ""%windir%\system32\rundll32.exe"" with return code 0."
"7/8/2026 10:51:28 PM","102","Information","Microsoft-Windows-TaskScheduler","Task Scheduler successfully finished ""{d6687dfb-e81b-42cd-a13e-3b9f5838f9d8}"" instance of the ""\Microsoft\Windows\DiskFootprint\Diagnostics"" task for user ""NT AUTHORITY\SYSTEM""."
"7/8/2026 10:51:28 PM","201","Information","Microsoft-Windows-TaskScheduler","Task Scheduler successfully completed task ""\Microsoft\Windows\DiskFootprint\Diagnostics"" , instance ""{d6687dfb-e81b-42cd-a13e-3b9f5838f9d8}"" , action ""%windir%\system32\disksnapshot.exe"" with return code 0."
"7/8/2026 10:51:28 PM","102","Information","Microsoft-Windows-TaskScheduler","Task Scheduler successfully finished ""{31255e25-3521-41d4-b815-3e7aebc477d2}"" instance of the ""\Microsoft\Windows\MUI\LPRemove"" task for user ""NT AUTHORITY\SYSTEM""."
"7/8/2026 10:51:28 PM","201","Information","Microsoft-Windows-TaskScheduler","Task Scheduler successfully completed task ""\Microsoft\Windows\MUI\LPRemove"" , instance ""{31255e25-3521-41d4-b815-3e7aebc477d2}"" , action ""%windir%\system32\lpremove.exe"" with return code 0."
"7/8/2026 10:51:28 PM","102","Information","Microsoft-Windows-TaskScheduler","Task Scheduler successfully finished ""{58e9c7c1-91f1-4d31-9307-41c908653753}"" instance of the ""\Microsoft\Windows\UpdateOrchestrator\Report policies"" task for user ""NT AUTHORITY\SYSTEM""."
"7/8/2026 10:51:28 PM","201","Information","Microsoft-Windows-TaskScheduler","Task Scheduler successfully completed task ""\Microsoft\Windows\UpdateOrchestrator\Report policies"" , instance ""{58e9c7c1-91f1-4d31-9307-41c908653753}"" , action ""%systemroot%\system32\usoclient.exe"" with return code 0."
