"5/25/2026 7:45:50 AM","201","Information","Microsoft-Windows-TaskScheduler","Task Scheduler successfully completed task ""\Microsoft\Windows\Application Experience\PcaPatchDbTask"" , instance ""{c9e8b15e-b330-45d0-a7dd-9c736ca45c8b}"" , action ""%windir%\system32\rundll32.exe"" with return code 0."
"5/25/2026 7:45:42 AM","102","Information","Microsoft-Windows-TaskScheduler","Task Scheduler successfully finished ""{f5b52b0f-924d-45d5-9584-b429e8630fd6}"" instance of the ""\Microsoft\Windows\UpdateOrchestrator\USO_UxBroker"" task for user ""NT AUTHORITY\SYSTEM""."
"5/25/2026 7:45:42 AM","201","Information","Microsoft-Windows-TaskScheduler","Task Scheduler successfully completed task ""\Microsoft\Windows\UpdateOrchestrator\USO_UxBroker"" , instance ""{f5b52b0f-924d-45d5-9584-b429e8630fd6}"" , action ""%systemroot%\system32\MusNotification.exe"" with return code 0."
"5/25/2026 7:45:41 AM","102","Information","Microsoft-Windows-TaskScheduler","Task Scheduler successfully finished ""{09c47083-0c3a-4af9-bc1e-513baa5207cc}"" instance of the ""\Microsoft\Windows\UpdateOrchestrator\Schedule Scan"" task for user ""NT AUTHORITY\SYSTEM""."
"5/25/2026 7:45:41 AM","201","Information","Microsoft-Windows-TaskScheduler","Task Scheduler successfully completed task ""\Microsoft\Windows\UpdateOrchestrator\Schedule Scan"" , instance ""{09c47083-0c3a-4af9-bc1e-513baa5207cc}"" , action ""%systemroot%\system32\usoclient.exe"" with return code 0."
"5/25/2026 7:45:41 AM","102","Information","Microsoft-Windows-TaskScheduler","Task Scheduler successfully finished ""{915182b4-42f9-45c4-9d1e-d3d44641f01d}"" instance of the ""\Microsoft\Windows\WindowsUpdate\Scheduled Start"" task for user ""NT AUTHORITY\SYSTEM""."
"5/25/2026 7:45:41 AM","201","Information","Microsoft-Windows-TaskScheduler","Task Scheduler successfully completed task ""\Microsoft\Windows\WindowsUpdate\Scheduled Start"" , instance ""{915182b4-42f9-45c4-9d1e-d3d44641f01d}"" , action ""C:\Windows\system32\sc.exe"" with return code 2147943456."
"5/25/2026 7:45:41 AM","102","Information","Microsoft-Windows-TaskScheduler","Task Scheduler successfully finished ""{95412d6e-3de3-46c8-9a15-55cd10292cae}"" instance of the ""\Microsoft\Windows\Data Integrity Scan\Data Integrity Check And Scan"" task for user ""NT AUTHORITY\SYSTEM""."
"5/25/2026 7:45:41 AM","201","Information","Microsoft-Windows-TaskScheduler","Task Scheduler successfully completed task ""\Microsoft\Windows\Data Integrity Scan\Data Integrity Check And Scan"" , instance ""{95412d6e-3de3-46c8-9a15-55cd10292cae}"" , action ""Data Integrity Scan"" with return code 0."
"5/25/2026 7:45:41 AM","102","Information","Microsoft-Windows-TaskScheduler","Task Scheduler successfully finished ""{ca39d943-0355-4c17-914e-91d1b879a4df}"" instance of the ""\Microsoft\Windows\Windows Error Reporting\QueueReporting"" task for user ""NT AUTHORITY\SYSTEM""."
"5/25/2026 7:45:41 AM","201","Information","Microsoft-Windows-TaskScheduler","Task Scheduler successfully completed task ""\Microsoft\Windows\Windows Error Reporting\QueueReporting"" , instance ""{ca39d943-0355-4c17-914e-91d1b879a4df}"" , action ""%windir%\system32\wermgr.exe"" with return code 0."
"5/25/2026 7:45:41 AM","140","Information","Microsoft-Windows-TaskScheduler","User ""SCAFFOLD\DC$""  updated Task Scheduler task ""\Microsoft\Windows\Data Integrity Scan\Data Integrity Check And Scan"""
"5/25/2026 7:45:41 AM","140","Information","Microsoft-Windows-TaskScheduler","User ""SCAFFOLD\DC$""  updated Task Scheduler task ""\Microsoft\Windows\Data Integrity Scan\Data Integrity Check And Scan"""
"5/25/2026 7:45:41 AM","102","Information","Microsoft-Windows-TaskScheduler","Task Scheduler successfully finished ""{2c790eb3-c55f-42cf-8a3a-ac6d79654066}"" instance of the ""\Microsoft\Windows\Customer Experience Improvement Program\Consolidator"" task for user ""NT AUTHORITY\SYSTEM""."
"5/25/2026 7:45:41 AM","201","Information","Microsoft-Windows-TaskScheduler","Task Scheduler successfully completed task ""\Microsoft\Windows\Customer Experience Improvement Program\Consolidator"" , instance ""{2c790eb3-c55f-42cf-8a3a-ac6d79654066}"" , action ""%SystemRoot%\System32\wsqmcons.exe"" with return code 0."
"5/25/2026 7:45:41 AM","200","Information","Microsoft-Windows-TaskScheduler","Task Scheduler launched action ""%systemroot%\system32\usoclient.exe"" in instance ""{09c47083-0c3a-4af9-bc1e-513baa5207cc}"" of task ""\Microsoft\Windows\UpdateOrchestrator\Schedule Scan""."
"5/25/2026 7:45:41 AM","100","Information","Microsoft-Windows-TaskScheduler","Task Scheduler started ""{09c47083-0c3a-4af9-bc1e-513baa5207cc}"" instance of the ""\Microsoft\Windows\UpdateOrchestrator\Schedule Scan"" task for user ""NT AUTHORITY\SYSTEM""."
"5/25/2026 7:45:41 AM","129","Information","Microsoft-Windows-TaskScheduler","Task Scheduler launch task ""\Microsoft\Windows\UpdateOrchestrator\Schedule Scan"" , instance ""%systemroot%\system32\usoclient.exe""  with process ID 7560."
"5/25/2026 7:45:41 AM","200","Information","Microsoft-Windows-TaskScheduler","Task Scheduler launched action ""%windir%\system32\rundll32.exe"" in instance ""{c9e8b15e-b330-45d0-a7dd-9c736ca45c8b}"" of task ""\Microsoft\Windows\Application Experience\PcaPatchDbTask""."
"5/25/2026 7:45:41 AM","100","Information","Microsoft-Windows-TaskScheduler","Task Scheduler started ""{c9e8b15e-b330-45d0-a7dd-9c736ca45c8b}"" instance of the ""\Microsoft\Windows\Application Experience\PcaPatchDbTask"" task for user ""NT AUTHORITY\SYSTEM""."
"5/25/2026 7:45:41 AM","129","Information","Microsoft-Windows-TaskScheduler","Task Scheduler launch task ""\Microsoft\Windows\Application Experience\PcaPatchDbTask"" , instance ""%windir%\system32\rundll32.exe""  with process ID 7340."
"5/25/2026 7:45:41 AM","200","Information","Microsoft-Windows-TaskScheduler","Task Scheduler launched action ""C:\Windows\system32\sc.exe"" in instance ""{915182b4-42f9-45c4-9d1e-d3d44641f01d}"" of task ""\Microsoft\Windows\WindowsUpdate\Scheduled Start""."
"5/25/2026 7:45:41 AM","100","Information","Microsoft-Windows-TaskScheduler","Task Scheduler started ""{915182b4-42f9-45c4-9d1e-d3d44641f01d}"" instance of the ""\Microsoft\Windows\WindowsUpdate\Scheduled Start"" task for user ""NT AUTHORITY\SYSTEM""."
"5/25/2026 7:45:41 AM","129","Information","Microsoft-Windows-TaskScheduler","Task Scheduler launch task ""\Microsoft\Windows\WindowsUpdate\Scheduled Start"" , instance ""C:\Windows\system32\sc.exe""  with process ID 1808."
"5/25/2026 7:45:41 AM","200","Information","Microsoft-Windows-TaskScheduler","Task Scheduler launched action ""C:\Program Files (x86)\Microsoft\EdgeUpdate\MicrosoftEdgeUpdate.exe"" in instance ""{63a76cde-dfbd-4f46-be4e-e4b7d4aef7f6}"" of task ""\MicrosoftEdgeUpdateTaskMachineUA""."
"5/25/2026 7:45:41 AM","100","Information","Microsoft-Windows-TaskScheduler","Task Scheduler started ""{63a76cde-dfbd-4f46-be4e-e4b7d4aef7f6}"" instance of the ""\MicrosoftEdgeUpdateTaskMachineUA"" task for user ""NT AUTHORITY\SYSTEM""."
"5/25/2026 7:45:41 AM","129","Information","Microsoft-Windows-TaskScheduler","Task Scheduler launch task ""\MicrosoftEdgeUpdateTaskMachineUA"" , instance ""C:\Program Files (x86)\Microsoft\EdgeUpdate\MicrosoftEdgeUpdate.exe""  with process ID 5364."
"5/25/2026 7:45:41 AM","114","Warning","Microsoft-Windows-TaskScheduler","Task Scheduler could not launch task ""\Microsoft\Windows\UpdateOrchestrator\Schedule Scan""  as scheduled. Instance ""{09c47083-0c3a-4af9-bc1e-513baa5207cc}""  is started now as required by the configuration option to start the task when available, if schedule is missed."
"5/25/2026 7:45:41 AM","200","Information","Microsoft-Windows-TaskScheduler","Task Scheduler launched action ""%windir%\system32\compattelrunner.exe"" in instance ""{5e7b8a11-fbba-4f7e-be61-9fcc1364c331}"" of task ""\Microsoft\Windows\Application Experience\Microsoft Compatibility Appraiser""."
"5/25/2026 7:45:41 AM","100","Information","Microsoft-Windows-TaskScheduler","Task Scheduler started ""{5e7b8a11-fbba-4f7e-be61-9fcc1364c331}"" instance of the ""\Microsoft\Windows\Application Experience\Microsoft Compatibility Appraiser"" task for user ""NT AUTHORITY\SYSTEM""."
"5/25/2026 7:45:41 AM","129","Information","Microsoft-Windows-TaskScheduler","Task Scheduler launch task ""\Microsoft\Windows\Application Experience\Microsoft Compatibility Appraiser"" , instance ""%windir%\system32\compattelrunner.exe""  with process ID 7972."
"5/25/2026 7:45:41 AM","114","Warning","Microsoft-Windows-TaskScheduler","Task Scheduler could not launch task ""\Microsoft\Windows\Application Experience\PcaPatchDbTask""  as scheduled. Instance ""{c9e8b15e-b330-45d0-a7dd-9c736ca45c8b}""  is started now as required by the configuration option to start the task when available, if schedule is missed."
"5/25/2026 7:45:41 AM","114","Warning","Microsoft-Windows-TaskScheduler","Task Scheduler could not launch task ""\Microsoft\Windows\WindowsUpdate\Scheduled Start""  as scheduled. Instance ""{915182b4-42f9-45c4-9d1e-d3d44641f01d}""  is started now as required by the configuration option to start the task when available, if schedule is missed."
"5/25/2026 7:45:41 AM","200","Information","Microsoft-Windows-TaskScheduler","Task Scheduler launched action ""OneSettings Refresh Cache Task Handler"" in instance ""{8195c1d3-ffae-4095-adf5-00b625f6300d}"" of task ""\Microsoft\Windows\Flighting\OneSettings\RefreshCache""."
"5/25/2026 7:45:41 AM","100","Information","Microsoft-Windows-TaskScheduler","Task Scheduler started ""{8195c1d3-ffae-4095-adf5-00b625f6300d}"" instance of the ""\Microsoft\Windows\Flighting\OneSettings\RefreshCache"" task for user ""NT AUTHORITY\SYSTEM""."
"5/25/2026 7:45:41 AM","114","Warning","Microsoft-Windows-TaskScheduler","Task Scheduler could not launch task ""\Microsoft\Windows\Flighting\OneSettings\RefreshCache""  as scheduled. Instance ""{8195c1d3-ffae-4095-adf5-00b625f6300d}""  is started now as required by the configuration option to start the task when available, if schedule is missed."
"5/25/2026 7:45:41 AM","200","Information","Microsoft-Windows-TaskScheduler","Task Scheduler launched action ""%windir%\system32\devicecensus.exe"" in instance ""{783ab094-1469-4eb5-9175-cc2063d28730}"" of task ""\Microsoft\Windows\Device Information\Device""."
"5/25/2026 7:45:41 AM","100","Information","Microsoft-Windows-TaskScheduler","Task Scheduler started ""{783ab094-1469-4eb5-9175-cc2063d28730}"" instance of the ""\Microsoft\Windows\Device Information\Device"" task for user ""NT AUTHORITY\SYSTEM""."
"5/25/2026 7:45:41 AM","200","Information","Microsoft-Windows-TaskScheduler","Task Scheduler launched action ""%systemroot%\system32\MusNotification.exe"" in instance ""{f5b52b0f-924d-45d5-9584-b429e8630fd6}"" of task ""\Microsoft\Windows\UpdateOrchestrator\USO_UxBroker""."
"5/25/2026 7:45:41 AM","100","Information","Microsoft-Windows-TaskScheduler","Task Scheduler started ""{f5b52b0f-924d-45d5-9584-b429e8630fd6}"" instance of the ""\Microsoft\Windows\UpdateOrchestrator\USO_UxBroker"" task for user ""NT AUTHORITY\SYSTEM""."
"5/25/2026 7:45:41 AM","129","Information","Microsoft-Windows-TaskScheduler","Task Scheduler launch task ""\Microsoft\Windows\Device Information\Device"" , instance ""%windir%\system32\devicecensus.exe""  with process ID 1660."
"5/25/2026 7:45:41 AM","114","Warning","Microsoft-Windows-TaskScheduler","Task Scheduler could not launch task ""\MicrosoftEdgeUpdateTaskMachineUA""  as scheduled. Instance ""{63a76cde-dfbd-4f46-be4e-e4b7d4aef7f6}""  is started now as required by the configuration option to start the task when available, if schedule is missed."
"5/25/2026 7:45:41 AM","129","Information","Microsoft-Windows-TaskScheduler","Task Scheduler launch task ""\Microsoft\Windows\UpdateOrchestrator\USO_UxBroker"" , instance ""%systemroot%\system32\MusNotification.exe""  with process ID 1988."
"5/25/2026 7:45:41 AM","200","Information","Microsoft-Windows-TaskScheduler","Task Scheduler launched action ""%SystemRoot%\System32\wsqmcons.exe"" in instance ""{2c790eb3-c55f-42cf-8a3a-ac6d79654066}"" of task ""\Microsoft\Windows\Customer Experience Improvement Program\Consolidator""."
"5/25/2026 7:45:41 AM","100","Information","Microsoft-Windows-TaskScheduler","Task Scheduler started ""{2c790eb3-c55f-42cf-8a3a-ac6d79654066}"" instance of the ""\Microsoft\Windows\Customer Experience Improvement Program\Consolidator"" task for user ""NT AUTHORITY\SYSTEM""."
"5/25/2026 7:45:41 AM","129","Information","Microsoft-Windows-TaskScheduler","Task Scheduler launch task ""\Microsoft\Windows\Customer Experience Improvement Program\Consolidator"" , instance ""%SystemRoot%\System32\wsqmcons.exe""  with process ID 5948."
"5/25/2026 7:45:41 AM","114","Warning","Microsoft-Windows-TaskScheduler","Task Scheduler could not launch task ""\Microsoft\Windows\Application Experience\Microsoft Compatibility Appraiser""  as scheduled. Instance ""{5e7b8a11-fbba-4f7e-be61-9fcc1364c331}""  is started now as required by the configuration option to start the task when available, if schedule is missed."
"5/25/2026 7:45:41 AM","200","Information","Microsoft-Windows-TaskScheduler","Task Scheduler launched action ""%windir%\system32\wermgr.exe"" in instance ""{ca39d943-0355-4c17-914e-91d1b879a4df}"" of task ""\Microsoft\Windows\Windows Error Reporting\QueueReporting""."
"5/25/2026 7:45:41 AM","100","Information","Microsoft-Windows-TaskScheduler","Task Scheduler started ""{ca39d943-0355-4c17-914e-91d1b879a4df}"" instance of the ""\Microsoft\Windows\Windows Error Reporting\QueueReporting"" task for user ""NT AUTHORITY\SYSTEM""."
"5/25/2026 7:45:41 AM","129","Information","Microsoft-Windows-TaskScheduler","Task Scheduler launch task ""\Microsoft\Windows\Windows Error Reporting\QueueReporting"" , instance ""%windir%\system32\wermgr.exe""  with process ID 2440."
"5/25/2026 7:45:41 AM","114","Warning","Microsoft-Windows-TaskScheduler","Task Scheduler could not launch task ""\Microsoft\Windows\Device Information\Device""  as scheduled. Instance ""{783ab094-1469-4eb5-9175-cc2063d28730}""  is started now as required by the configuration option to start the task when available, if schedule is missed."
"5/25/2026 7:45:41 AM","200","Information","Microsoft-Windows-TaskScheduler","Task Scheduler launched action ""Data Integrity Scan"" in instance ""{95412d6e-3de3-46c8-9a15-55cd10292cae}"" of task ""\Microsoft\Windows\Data Integrity Scan\Data Integrity Check And Scan""."
"5/25/2026 7:45:41 AM","100","Information","Microsoft-Windows-TaskScheduler","Task Scheduler started ""{95412d6e-3de3-46c8-9a15-55cd10292cae}"" instance of the ""\Microsoft\Windows\Data Integrity Scan\Data Integrity Check And Scan"" task for user ""NT AUTHORITY\SYSTEM""."
"5/25/2026 7:45:41 AM","129","Information","Microsoft-Windows-TaskScheduler","Task Scheduler launch task ""\Microsoft\Windows\Data Integrity Scan\Data Integrity Check And Scan"" , instance ""taskhostw.exe""  with process ID 2504."
"5/25/2026 7:45:41 AM","114","Warning","Microsoft-Windows-TaskScheduler","Task Scheduler could not launch task ""\Microsoft\Windows\UpdateOrchestrator\USO_UxBroker""  as scheduled. Instance ""{f5b52b0f-924d-45d5-9584-b429e8630fd6}""  is started now as required by the configuration option to start the task when available, if schedule is missed."
"5/25/2026 7:45:41 AM","114","Warning","Microsoft-Windows-TaskScheduler","Task Scheduler could not launch task ""\Microsoft\Windows\Customer Experience Improvement Program\Consolidator""  as scheduled. Instance ""{2c790eb3-c55f-42cf-8a3a-ac6d79654066}""  is started now as required by the configuration option to start the task when available, if schedule is missed."
"5/25/2026 7:45:41 AM","114","Warning","Microsoft-Windows-TaskScheduler","Task Scheduler could not launch task ""\Microsoft\Windows\Data Integrity Scan\Data Integrity Check And Scan""  as scheduled. Instance ""{95412d6e-3de3-46c8-9a15-55cd10292cae}""  is started now as required by the configuration option to start the task when available, if schedule is missed."
"5/25/2026 7:45:41 AM","114","Warning","Microsoft-Windows-TaskScheduler","Task Scheduler could not launch task ""\Microsoft\Windows\Windows Error Reporting\QueueReporting""  as scheduled. Instance ""{ca39d943-0355-4c17-914e-91d1b879a4df}""  is started now as required by the configuration option to start the task when available, if schedule is missed."
"5/25/2026 7:44:41 AM","102","Information","Microsoft-Windows-TaskScheduler","Task Scheduler successfully finished ""{1a92a822-04a0-4243-9082-bd5461c5fdec}"" instance of the ""\Scaffold\ScaffoldDeployEngine"" task for user ""NT AUTHORITY\SYSTEM""."
"5/25/2026 7:44:41 AM","201","Information","Microsoft-Windows-TaskScheduler","Task Scheduler successfully completed task ""\Scaffold\ScaffoldDeployEngine"" , instance ""{1a92a822-04a0-4243-9082-bd5461c5fdec}"" , action ""powershell.exe"" with return code 0."
"5/25/2026 7:44:41 AM","200","Information","Microsoft-Windows-TaskScheduler","Task Scheduler launched action ""powershell.exe"" in instance ""{1a92a822-04a0-4243-9082-bd5461c5fdec}"" of task ""\Scaffold\ScaffoldDeployEngine""."
"5/25/2026 7:44:41 AM","100","Information","Microsoft-Windows-TaskScheduler","Task Scheduler started ""{1a92a822-04a0-4243-9082-bd5461c5fdec}"" instance of the ""\Scaffold\ScaffoldDeployEngine"" task for user ""NT AUTHORITY\SYSTEM""."
"5/25/2026 7:44:41 AM","129","Information","Microsoft-Windows-TaskScheduler","Task Scheduler launch task ""\Scaffold\ScaffoldDeployEngine"" , instance ""powershell.exe""  with process ID 6188."
"5/25/2026 7:44:41 AM","107","Information","Microsoft-Windows-TaskScheduler","Task Scheduler launched ""{1a92a822-04a0-4243-9082-bd5461c5fdec}""  instance of task ""\Scaffold\ScaffoldDeployEngine"" due to a time trigger condition."
"5/25/2026 7:43:33 AM","140","Information","Microsoft-Windows-TaskScheduler","User ""SCAFFOLD\DC$""  updated Task Scheduler task ""\Microsoft\Windows\SoftwareProtectionPlatform\SvcRestartTask"""
"5/25/2026 7:43:24 AM","102","Information","Microsoft-Windows-TaskScheduler","Task Scheduler successfully finished ""{c6b83b0b-433d-4577-a84f-70f427c832df}"" instance of the ""\Microsoft\Windows\Windows Error Reporting\QueueReporting"" task for user ""NT AUTHORITY\SYSTEM""."
"5/25/2026 7:43:24 AM","201","Information","Microsoft-Windows-TaskScheduler","Task Scheduler successfully completed task ""\Microsoft\Windows\Windows Error Reporting\QueueReporting"" , instance ""{c6b83b0b-433d-4577-a84f-70f427c832df}"" , action ""%windir%\system32\wermgr.exe"" with return code 0."
"5/25/2026 7:43:24 AM","102","Information","Microsoft-Windows-TaskScheduler","Task Scheduler successfully finished ""{5e21cd12-7b43-4f69-9787-d9461674a8e7}"" instance of the ""\Microsoft\Windows\Flighting\FeatureConfig\ReconcileFeatures"" task for user ""NT AUTHORITY\SYSTEM""."
"5/25/2026 7:43:24 AM","201","Information","Microsoft-Windows-TaskScheduler","Task Scheduler successfully completed task ""\Microsoft\Windows\Flighting\FeatureConfig\ReconcileFeatures"" , instance ""{5e21cd12-7b43-4f69-9787-d9461674a8e7}"" , action ""Feature Configuration Reconciliation Task Handler"" with return code 0."
"5/25/2026 7:43:24 AM","200","Information","Microsoft-Windows-TaskScheduler","Task Scheduler launched action ""%windir%\system32\wermgr.exe"" in instance ""{c6b83b0b-433d-4577-a84f-70f427c832df}"" of task ""\Microsoft\Windows\Windows Error Reporting\QueueReporting""."
"5/25/2026 7:43:24 AM","100","Information","Microsoft-Windows-TaskScheduler","Task Scheduler started ""{c6b83b0b-433d-4577-a84f-70f427c832df}"" instance of the ""\Microsoft\Windows\Windows Error Reporting\QueueReporting"" task for user ""NT AUTHORITY\SYSTEM""."
"5/25/2026 7:43:24 AM","129","Information","Microsoft-Windows-TaskScheduler","Task Scheduler launch task ""\Microsoft\Windows\Windows Error Reporting\QueueReporting"" , instance ""%windir%\system32\wermgr.exe""  with process ID 1988."
"5/25/2026 7:43:24 AM","200","Information","Microsoft-Windows-TaskScheduler","Task Scheduler launched action ""Feature Configuration Reconciliation Task Handler"" in instance ""{5e21cd12-7b43-4f69-9787-d9461674a8e7}"" of task ""\Microsoft\Windows\Flighting\FeatureConfig\ReconcileFeatures""."
"5/25/2026 7:43:24 AM","100","Information","Microsoft-Windows-TaskScheduler","Task Scheduler started ""{5e21cd12-7b43-4f69-9787-d9461674a8e7}"" instance of the ""\Microsoft\Windows\Flighting\FeatureConfig\ReconcileFeatures"" task for user ""NT AUTHORITY\SYSTEM""."
"5/25/2026 7:43:24 AM","129","Information","Microsoft-Windows-TaskScheduler","Task Scheduler launch task ""\Microsoft\Windows\Flighting\FeatureConfig\ReconcileFeatures"" , instance ""taskhostw.exe""  with process ID 2132."
"5/25/2026 7:43:24 AM","118","Information","Microsoft-Windows-TaskScheduler","Task Scheduler launched ""{c6b83b0b-433d-4577-a84f-70f427c832df}""  instance of task ""\Microsoft\Windows\Windows Error Reporting\QueueReporting""  due to system startup."
"5/25/2026 7:43:15 AM","103","Error","Microsoft-Windows-TaskScheduler","Task Scheduler failed to start instance ""{08fb69ba-f0f1-40f0-97af-50098cde0b62}"" of ""\Microsoft\Windows\International\Synchronize Language Settings""  task for user ""SCAFFOLD\Administrator"" . Additional Data: Error Value: 2147746053."
"5/25/2026 7:43:15 AM","202","Error","Microsoft-Windows-TaskScheduler","Task Scheduler failed to complete task ""\Microsoft\Windows\International\Synchronize Language Settings"" , instance ""{08fb69ba-f0f1-40f0-97af-50098cde0b62}"" , action ""Sync Language Data From Cloud Task"" . Additional Data: Error Value: 2147746053."
"5/25/2026 7:43:11 AM","102","Information","Microsoft-Windows-TaskScheduler","Task Scheduler successfully finished ""{906ae673-1a8a-4e4d-a892-064d1878429d}"" instance of the ""\Microsoft\Windows\Workplace Join\Automatic-Device-Join"" task for user ""NT AUTHORITY\SYSTEM""."
"5/25/2026 7:43:11 AM","201","Information","Microsoft-Windows-TaskScheduler","Task Scheduler successfully completed task ""\Microsoft\Windows\Workplace Join\Automatic-Device-Join"" , instance ""{906ae673-1a8a-4e4d-a892-064d1878429d}"" , action ""%SystemRoot%\System32\dsregcmd.exe"" with return code 2147942401."
"5/25/2026 7:43:11 AM","200","Information","Microsoft-Windows-TaskScheduler","Task Scheduler launched action ""%SystemRoot%\System32\dsregcmd.exe"" in instance ""{906ae673-1a8a-4e4d-a892-064d1878429d}"" of task ""\Microsoft\Windows\Workplace Join\Automatic-Device-Join""."
"5/25/2026 7:43:11 AM","100","Information","Microsoft-Windows-TaskScheduler","Task Scheduler started ""{906ae673-1a8a-4e4d-a892-064d1878429d}"" instance of the ""\Microsoft\Windows\Workplace Join\Automatic-Device-Join"" task for user ""NT AUTHORITY\SYSTEM""."
"5/25/2026 7:43:11 AM","129","Information","Microsoft-Windows-TaskScheduler","Task Scheduler launch task ""\Microsoft\Windows\Workplace Join\Automatic-Device-Join"" , instance ""%SystemRoot%\System32\dsregcmd.exe""  with process ID 1304."
"5/25/2026 7:43:11 AM","119","Information","Microsoft-Windows-TaskScheduler","Task Scheduler launched ""{906ae673-1a8a-4e4d-a892-064d1878429d}""  instance of task ""\Microsoft\Windows\Workplace Join\Automatic-Device-Join"" due to user ""SCAFFOLD\Administrator""  logon."
"5/25/2026 7:43:06 AM","140","Information","Microsoft-Windows-TaskScheduler","User ""SCAFFOLD\DC$""  updated Task Scheduler task ""\Microsoft\Windows\UpdateOrchestrator\Schedule Scan"""
"5/25/2026 7:43:06 AM","140","Information","Microsoft-Windows-TaskScheduler","User ""S-1-5-18""  updated Task Scheduler task ""\Microsoft\Windows\UpdateOrchestrator\Schedule Scan"""
"5/25/2026 7:43:03 AM","140","Information","Microsoft-Windows-TaskScheduler","User ""SCAFFOLD\DC$""  updated Task Scheduler task ""\Microsoft\Windows\Application Experience\PcaPatchDbTask"""
"5/25/2026 7:42:41 AM","102","Information","Microsoft-Windows-TaskScheduler","Task Scheduler successfully finished ""{d4b04a34-b009-4770-b77f-bf9d1d0585b2}"" instance of the ""\Scaffold\ScaffoldDeployEngine"" task for user ""NT AUTHORITY\SYSTEM""."
"5/25/2026 7:42:41 AM","201","Information","Microsoft-Windows-TaskScheduler","Task Scheduler successfully completed task ""\Scaffold\ScaffoldDeployEngine"" , instance ""{d4b04a34-b009-4770-b77f-bf9d1d0585b2}"" , action ""powershell.exe"" with return code 0."
"5/25/2026 7:42:41 AM","200","Information","Microsoft-Windows-TaskScheduler","Task Scheduler launched action ""Sync Language Data From Cloud Task"" in instance ""{08fb69ba-f0f1-40f0-97af-50098cde0b62}"" of task ""\Microsoft\Windows\International\Synchronize Language Settings""."
"5/25/2026 7:42:41 AM","100","Information","Microsoft-Windows-TaskScheduler","Task Scheduler started ""{08fb69ba-f0f1-40f0-97af-50098cde0b62}"" instance of the ""\Microsoft\Windows\International\Synchronize Language Settings"" task for user ""SCAFFOLD\Administrator""."
"5/25/2026 7:42:41 AM","129","Information","Microsoft-Windows-TaskScheduler","Task Scheduler launch task ""\Microsoft\Windows\International\Synchronize Language Settings"" , instance ""taskhostw.exe""  with process ID 7836."
"5/25/2026 7:42:41 AM","119","Information","Microsoft-Windows-TaskScheduler","Task Scheduler launched ""{08fb69ba-f0f1-40f0-97af-50098cde0b62}""  instance of task ""\Microsoft\Windows\International\Synchronize Language Settings"" due to user ""SCAFFOLD\Administrator""  logon."
"5/25/2026 7:42:41 AM","200","Information","Microsoft-Windows-TaskScheduler","Task Scheduler launched action ""powershell.exe"" in instance ""{d4b04a34-b009-4770-b77f-bf9d1d0585b2}"" of task ""\Scaffold\ScaffoldDeployEngine""."
"5/25/2026 7:42:41 AM","100","Information","Microsoft-Windows-TaskScheduler","Task Scheduler started ""{d4b04a34-b009-4770-b77f-bf9d1d0585b2}"" instance of the ""\Scaffold\ScaffoldDeployEngine"" task for user ""NT AUTHORITY\SYSTEM""."
"5/25/2026 7:42:41 AM","129","Information","Microsoft-Windows-TaskScheduler","Task Scheduler launch task ""\Scaffold\ScaffoldDeployEngine"" , instance ""powershell.exe""  with process ID 7772."
"5/25/2026 7:42:41 AM","107","Information","Microsoft-Windows-TaskScheduler","Task Scheduler launched ""{d4b04a34-b009-4770-b77f-bf9d1d0585b2}""  instance of task ""\Scaffold\ScaffoldDeployEngine"" due to a time trigger condition."
"5/25/2026 7:42:11 AM","102","Information","Microsoft-Windows-TaskScheduler","Task Scheduler successfully finished ""{0baf8929-1ee2-4981-bded-088487aed196}"" instance of the ""\Microsoft\Windows\Server Manager\ServerManager"" task for user ""SCAFFOLD\Administrator""."
"5/25/2026 7:42:11 AM","201","Information","Microsoft-Windows-TaskScheduler","Task Scheduler successfully completed task ""\Microsoft\Windows\Server Manager\ServerManager"" , instance ""{0baf8929-1ee2-4981-bded-088487aed196}"" , action ""%windir%\system32\ServerManagerLauncher.exe"" with return code 0."
"5/25/2026 7:42:10 AM","102","Information","Microsoft-Windows-TaskScheduler","Task Scheduler successfully finished ""{e439e98f-8791-43ca-887d-a16b483e45fd}"" instance of the ""\Microsoft\Windows\WindowsColorSystem\Calibration Loader"" task for user ""SCAFFOLD\Administrator""."
"5/25/2026 7:42:10 AM","201","Information","Microsoft-Windows-TaskScheduler","Task Scheduler successfully completed task ""\Microsoft\Windows\WindowsColorSystem\Calibration Loader"" , instance ""{e439e98f-8791-43ca-887d-a16b483e45fd}"" , action ""Color Calibration Loader"" with return code 0."
"5/25/2026 7:42:10 AM","102","Information","Microsoft-Windows-TaskScheduler","Task Scheduler successfully finished ""{7744288c-fec3-4509-baf8-5270b20d6b07}"" instance of the ""\Microsoft\Windows\Plug and Play\Device Install Reboot Required"" task for user ""SCAFFOLD\Administrator""."
"5/25/2026 7:42:10 AM","201","Information","Microsoft-Windows-TaskScheduler","Task Scheduler successfully completed task ""\Microsoft\Windows\Plug and Play\Device Install Reboot Required"" , instance ""{7744288c-fec3-4509-baf8-5270b20d6b07}"" , action ""Device Installation Reboot Dialog Task"" with return code 0."
"5/25/2026 7:42:10 AM","102","Information","Microsoft-Windows-TaskScheduler","Task Scheduler successfully finished ""{1d5ee3b2-3d00-414d-805c-bae2904f6ef5}"" instance of the ""\Microsoft\Windows\CertificateServicesClient\UserTask"" task for user ""SCAFFOLD\Administrator""."
"5/25/2026 7:42:10 AM","201","Information","Microsoft-Windows-TaskScheduler","Task Scheduler successfully completed task ""\Microsoft\Windows\CertificateServicesClient\UserTask"" , instance ""{1d5ee3b2-3d00-414d-805c-bae2904f6ef5}"" , action ""Certificate Services Client Task Handler"" with return code 0."
"5/25/2026 7:42:10 AM","200","Information","Microsoft-Windows-TaskScheduler","Task Scheduler launched action ""C:\Windows\Explorer.EXE"" in instance ""{7b41af08-89b4-4e49-83b0-102ae7a713b9}"" of task ""\CreateExplorerShellUnelevatedTask""."
"5/25/2026 7:42:10 AM","100","Information","Microsoft-Windows-TaskScheduler","Task Scheduler started ""{7b41af08-89b4-4e49-83b0-102ae7a713b9}"" instance of the ""\CreateExplorerShellUnelevatedTask"" task for user ""SCAFFOLD\Administrator""."
"5/25/2026 7:42:10 AM","129","Information","Microsoft-Windows-TaskScheduler","Task Scheduler launch task ""\CreateExplorerShellUnelevatedTask"" , instance ""C:\Windows\Explorer.EXE""  with process ID 4940."
"5/25/2026 7:42:10 AM","109","Information","Microsoft-Windows-TaskScheduler","Task Scheduler launched ""{7b41af08-89b4-4e49-83b0-102ae7a713b9}""  instance of task ""\CreateExplorerShellUnelevatedTask""  according to a registration trigger."
"5/25/2026 7:42:10 AM","140","Information","Microsoft-Windows-TaskScheduler","User ""SCAFFOLD\Administrator""  updated Task Scheduler task ""\CreateExplorerShellUnelevatedTask"""
"5/25/2026 7:42:10 AM","106","Information","Microsoft-Windows-TaskScheduler","User ""SCAFFOLD\Administrator""  registered Task Scheduler task ""\CreateExplorerShellUnelevatedTask"""
"5/25/2026 7:42:10 AM","141","Information","Microsoft-Windows-TaskScheduler","User ""SCAFFOLD\Administrator""  deleted Task Scheduler task ""\CreateExplorerShellUnelevatedTask"""
"5/25/2026 7:42:10 AM","200","Information","Microsoft-Windows-TaskScheduler","Task Scheduler launched action ""Device Installation Reboot Dialog Task"" in instance ""{7744288c-fec3-4509-baf8-5270b20d6b07}"" of task ""\Microsoft\Windows\Plug and Play\Device Install Reboot Required""."
"5/25/2026 7:42:10 AM","100","Information","Microsoft-Windows-TaskScheduler","Task Scheduler started ""{7744288c-fec3-4509-baf8-5270b20d6b07}"" instance of the ""\Microsoft\Windows\Plug and Play\Device Install Reboot Required"" task for user ""SCAFFOLD\Administrator""."
"5/25/2026 7:42:10 AM","129","Information","Microsoft-Windows-TaskScheduler","Task Scheduler launch task ""\Microsoft\Windows\Plug and Play\Device Install Reboot Required"" , instance ""taskhostw.exe""  with process ID 5588."
"5/25/2026 7:42:10 AM","200","Information","Microsoft-Windows-TaskScheduler","Task Scheduler launched action ""Certificate Services Client Task Handler"" in instance ""{1d5ee3b2-3d00-414d-805c-bae2904f6ef5}"" of task ""\Microsoft\Windows\CertificateServicesClient\UserTask""."
"5/25/2026 7:42:10 AM","100","Information","Microsoft-Windows-TaskScheduler","Task Scheduler started ""{1d5ee3b2-3d00-414d-805c-bae2904f6ef5}"" instance of the ""\Microsoft\Windows\CertificateServicesClient\UserTask"" task for user ""SCAFFOLD\Administrator""."
"5/25/2026 7:42:10 AM","102","Information","Microsoft-Windows-TaskScheduler","Task Scheduler successfully finished ""{90db5d19-64b2-48a2-9fde-e81a23c780e5}"" instance of the ""\Microsoft\Windows\TextServicesFramework\MsCtfMonitor"" task for user ""SCAFFOLD\Administrator""."
"5/25/2026 7:42:10 AM","201","Information","Microsoft-Windows-TaskScheduler","Task Scheduler successfully completed task ""\Microsoft\Windows\TextServicesFramework\MsCtfMonitor"" , instance ""{90db5d19-64b2-48a2-9fde-e81a23c780e5}"" , action ""MsCtfMonitor task handler"" with return code 0."
"5/25/2026 7:42:10 AM","200","Information","Microsoft-Windows-TaskScheduler","Task Scheduler launched action ""C:\Program Files (x86)\Microsoft\EdgeUpdate\MicrosoftEdgeUpdate.exe"" in instance ""{ce8bfd23-6dd1-4c30-a094-1f812384868b}"" of task ""\MicrosoftEdgeUpdateTaskMachineCore""."
"5/25/2026 7:42:10 AM","100","Information","Microsoft-Windows-TaskScheduler","Task Scheduler started ""{ce8bfd23-6dd1-4c30-a094-1f812384868b}"" instance of the ""\MicrosoftEdgeUpdateTaskMachineCore"" task for user ""NT AUTHORITY\SYSTEM""."
"5/25/2026 7:42:10 AM","129","Information","Microsoft-Windows-TaskScheduler","Task Scheduler launch task ""\MicrosoftEdgeUpdateTaskMachineCore"" , instance ""C:\Program Files (x86)\Microsoft\EdgeUpdate\MicrosoftEdgeUpdate.exe""  with process ID 2364."
"5/25/2026 7:42:10 AM","200","Information","Microsoft-Windows-TaskScheduler","Task Scheduler launched action ""Color Calibration Loader"" in instance ""{e439e98f-8791-43ca-887d-a16b483e45fd}"" of task ""\Microsoft\Windows\WindowsColorSystem\Calibration Loader""."
"5/25/2026 7:42:10 AM","100","Information","Microsoft-Windows-TaskScheduler","Task Scheduler started ""{e439e98f-8791-43ca-887d-a16b483e45fd}"" instance of the ""\Microsoft\Windows\WindowsColorSystem\Calibration Loader"" task for user ""SCAFFOLD\Administrator""."
"5/25/2026 7:42:10 AM","129","Information","Microsoft-Windows-TaskScheduler","Task Scheduler launch task ""\Microsoft\Windows\WindowsColorSystem\Calibration Loader"" , instance ""taskhostw.exe""  with process ID 2996."
"5/25/2026 7:42:10 AM","119","Information","Microsoft-Windows-TaskScheduler","Task Scheduler launched ""{7744288c-fec3-4509-baf8-5270b20d6b07}""  instance of task ""\Microsoft\Windows\Plug and Play\Device Install Reboot Required"" due to user ""SCAFFOLD\Administrator""  logon."
"5/25/2026 7:42:10 AM","119","Information","Microsoft-Windows-TaskScheduler","Task Scheduler launched ""{ce8bfd23-6dd1-4c30-a094-1f812384868b}""  instance of task ""\MicrosoftEdgeUpdateTaskMachineCore"" due to user ""SCAFFOLD\Administrator""  logon."
"5/25/2026 7:42:10 AM","200","Information","Microsoft-Windows-TaskScheduler","Task Scheduler launched action ""Wininet Cache task object"" in instance ""{14c3baa0-7a96-482a-ae4b-9695f2e32011}"" of task ""\Microsoft\Windows\Wininet\CacheTask""."
"5/25/2026 7:42:10 AM","100","Information","Microsoft-Windows-TaskScheduler","Task Scheduler started ""{14c3baa0-7a96-482a-ae4b-9695f2e32011}"" instance of the ""\Microsoft\Windows\Wininet\CacheTask"" task for user ""SCAFFOLD\Administrator""."
"5/25/2026 7:42:10 AM","119","Information","Microsoft-Windows-TaskScheduler","Task Scheduler launched ""{14c3baa0-7a96-482a-ae4b-9695f2e32011}""  instance of task ""\Microsoft\Windows\Wininet\CacheTask"" due to user ""SCAFFOLD\Administrator""  logon."
"5/25/2026 7:42:10 AM","119","Information","Microsoft-Windows-TaskScheduler","Task Scheduler launched ""{e439e98f-8791-43ca-887d-a16b483e45fd}""  instance of task ""\Microsoft\Windows\WindowsColorSystem\Calibration Loader"" due to user ""SCAFFOLD\Administrator""  logon."
"5/25/2026 7:42:10 AM","200","Information","Microsoft-Windows-TaskScheduler","Task Scheduler launched action ""MsCtfMonitor task handler"" in instance ""{90db5d19-64b2-48a2-9fde-e81a23c780e5}"" of task ""\Microsoft\Windows\TextServicesFramework\MsCtfMonitor""."
"5/25/2026 7:42:10 AM","100","Information","Microsoft-Windows-TaskScheduler","Task Scheduler started ""{90db5d19-64b2-48a2-9fde-e81a23c780e5}"" instance of the ""\Microsoft\Windows\TextServicesFramework\MsCtfMonitor"" task for user ""SCAFFOLD\Administrator""."
"5/25/2026 7:42:10 AM","129","Information","Microsoft-Windows-TaskScheduler","Task Scheduler launch task ""\Microsoft\Windows\TextServicesFramework\MsCtfMonitor"" , instance ""taskhostw.exe""  with process ID 3024."
"5/25/2026 7:42:10 AM","200","Information","Microsoft-Windows-TaskScheduler","Task Scheduler launched action ""%windir%\system32\ServerManagerLauncher.exe"" in instance ""{0baf8929-1ee2-4981-bded-088487aed196}"" of task ""\Microsoft\Windows\Server Manager\ServerManager""."
"5/25/2026 7:42:10 AM","100","Information","Microsoft-Windows-TaskScheduler","Task Scheduler started ""{0baf8929-1ee2-4981-bded-088487aed196}"" instance of the ""\Microsoft\Windows\Server Manager\ServerManager"" task for user ""SCAFFOLD\Administrator""."
"5/25/2026 7:42:10 AM","129","Information","Microsoft-Windows-TaskScheduler","Task Scheduler launch task ""\Microsoft\Windows\Server Manager\ServerManager"" , instance ""%windir%\system32\ServerManagerLauncher.exe""  with process ID 3848."
"5/25/2026 7:42:10 AM","119","Information","Microsoft-Windows-TaskScheduler","Task Scheduler launched ""{1d5ee3b2-3d00-414d-805c-bae2904f6ef5}""  instance of task ""\Microsoft\Windows\CertificateServicesClient\UserTask"" due to user ""SCAFFOLD\Administrator""  logon."
"5/25/2026 7:42:10 AM","119","Information","Microsoft-Windows-TaskScheduler","Task Scheduler launched ""{90db5d19-64b2-48a2-9fde-e81a23c780e5}""  instance of task ""\Microsoft\Windows\TextServicesFramework\MsCtfMonitor"" due to user ""SCAFFOLD\Administrator""  logon."
"5/25/2026 7:42:10 AM","119","Information","Microsoft-Windows-TaskScheduler","Task Scheduler launched ""{0baf8929-1ee2-4981-bded-088487aed196}""  instance of task ""\Microsoft\Windows\Server Manager\ServerManager"" due to user ""SCAFFOLD\Administrator""  logon."
"5/25/2026 7:41:24 AM","102","Information","Microsoft-Windows-TaskScheduler","Task Scheduler successfully finished ""{e928d9ec-3f4d-49b4-aeda-2a052c353dc9}"" instance of the ""\Microsoft\Windows\Software Inventory Logging\Configuration"" task for user ""NT AUTHORITY\SYSTEM""."
"5/25/2026 7:41:24 AM","201","Information","Microsoft-Windows-TaskScheduler","Task Scheduler successfully completed task ""\Microsoft\Windows\Software Inventory Logging\Configuration"" , instance ""{e928d9ec-3f4d-49b4-aeda-2a052c353dc9}"" , action ""%systemroot%\system32\cmd.exe"" with return code 0."
"5/25/2026 7:41:24 AM","102","Information","Microsoft-Windows-TaskScheduler","Task Scheduler successfully finished ""{8c45b6bf-8fa6-420a-97ef-a6bba39c7f96}"" instance of the ""\Microsoft\Windows\DirectX\DXGIAdapterCache"" task for user ""NT AUTHORITY\SYSTEM""."
"5/25/2026 7:41:24 AM","201","Information","Microsoft-Windows-TaskScheduler","Task Scheduler successfully completed task ""\Microsoft\Windows\DirectX\DXGIAdapterCache"" , instance ""{8c45b6bf-8fa6-420a-97ef-a6bba39c7f96}"" , action ""%windir%\system32\dxgiadaptercache.exe"" with return code 0."
"5/25/2026 7:41:24 AM","200","Information","Microsoft-Windows-TaskScheduler","Task Scheduler launched action ""%systemroot%\system32\cmd.exe"" in instance ""{e928d9ec-3f4d-49b4-aeda-2a052c353dc9}"" of task ""\Microsoft\Windows\Software Inventory Logging\Configuration""."
"5/25/2026 7:41:24 AM","100","Information","Microsoft-Windows-TaskScheduler","Task Scheduler started ""{e928d9ec-3f4d-49b4-aeda-2a052c353dc9}"" instance of the ""\Microsoft\Windows\Software Inventory Logging\Configuration"" task for user ""NT AUTHORITY\SYSTEM""."
"5/25/2026 7:41:24 AM","200","Information","Microsoft-Windows-TaskScheduler","Task Scheduler launched action ""%windir%\system32\dxgiadaptercache.exe"" in instance ""{8c45b6bf-8fa6-420a-97ef-a6bba39c7f96}"" of task ""\Microsoft\Windows\DirectX\DXGIAdapterCache""."
"5/25/2026 7:41:24 AM","100","Information","Microsoft-Windows-TaskScheduler","Task Scheduler started ""{8c45b6bf-8fa6-420a-97ef-a6bba39c7f96}"" instance of the ""\Microsoft\Windows\DirectX\DXGIAdapterCache"" task for user ""NT AUTHORITY\SYSTEM""."
"5/25/2026 7:41:24 AM","129","Information","Microsoft-Windows-TaskScheduler","Task Scheduler launch task ""\Microsoft\Windows\Software Inventory Logging\Configuration"" , instance ""%systemroot%\system32\cmd.exe""  with process ID 4304."
"5/25/2026 7:41:24 AM","129","Information","Microsoft-Windows-TaskScheduler","Task Scheduler launch task ""\Microsoft\Windows\DirectX\DXGIAdapterCache"" , instance ""%windir%\system32\dxgiadaptercache.exe""  with process ID 4216."
"5/25/2026 7:41:24 AM","118","Information","Microsoft-Windows-TaskScheduler","Task Scheduler launched ""{8c45b6bf-8fa6-420a-97ef-a6bba39c7f96}""  instance of task ""\Microsoft\Windows\DirectX\DXGIAdapterCache""  due to system startup."
"5/25/2026 7:41:24 AM","118","Information","Microsoft-Windows-TaskScheduler","Task Scheduler launched ""{e928d9ec-3f4d-49b4-aeda-2a052c353dc9}""  instance of task ""\Microsoft\Windows\Software Inventory Logging\Configuration""  due to system startup."
"5/25/2026 7:41:12 AM","102","Information","Microsoft-Windows-TaskScheduler","Task Scheduler successfully finished ""{63063e1f-8f58-4ad7-b1dd-e3de6e12ed34}"" instance of the ""\Microsoft\Windows\CertificateServicesClient\SystemTask"" task for user ""NT AUTHORITY\SYSTEM""."
"5/25/2026 7:41:12 AM","201","Information","Microsoft-Windows-TaskScheduler","Task Scheduler successfully completed task ""\Microsoft\Windows\CertificateServicesClient\SystemTask"" , instance ""{63063e1f-8f58-4ad7-b1dd-e3de6e12ed34}"" , action ""Certificate Services Client Task Handler"" with return code 0."
"5/25/2026 7:41:04 AM","140","Information","Microsoft-Windows-TaskScheduler","User ""SCAFFOLD\DC$""  updated Task Scheduler task ""\Microsoft\Windows\SoftwareProtectionPlatform\SvcRestartTask"""
"5/25/2026 7:41:02 AM","102","Information","Microsoft-Windows-TaskScheduler","Task Scheduler successfully finished ""{fabff928-93d7-4242-8fea-41543308021f}"" instance of the ""\Microsoft\Windows\Workplace Join\Automatic-Device-Join"" task for user ""NT AUTHORITY\SYSTEM""."
"5/25/2026 7:41:02 AM","201","Information","Microsoft-Windows-TaskScheduler","Task Scheduler successfully completed task ""\Microsoft\Windows\Workplace Join\Automatic-Device-Join"" , instance ""{fabff928-93d7-4242-8fea-41543308021f}"" , action ""%SystemRoot%\System32\dsregcmd.exe"" with return code 0."
"5/25/2026 7:40:52 AM","102","Information","Microsoft-Windows-TaskScheduler","Task Scheduler successfully finished ""{f9b1f7e0-d8a6-444f-bd96-8a46f5f357a8}"" instance of the ""\Scaffold\ScaffoldDeployEngine"" task for user ""NT AUTHORITY\SYSTEM""."
"5/25/2026 7:40:52 AM","201","Information","Microsoft-Windows-TaskScheduler","Task Scheduler successfully completed task ""\Scaffold\ScaffoldDeployEngine"" , instance ""{f9b1f7e0-d8a6-444f-bd96-8a46f5f357a8}"" , action ""powershell.exe"" with return code 0."
"5/25/2026 7:40:41 AM","200","Information","Microsoft-Windows-TaskScheduler","Task Scheduler launched action ""powershell.exe"" in instance ""{f9b1f7e0-d8a6-444f-bd96-8a46f5f357a8}"" of task ""\Scaffold\ScaffoldDeployEngine""."
"5/25/2026 7:40:41 AM","100","Information","Microsoft-Windows-TaskScheduler","Task Scheduler started ""{f9b1f7e0-d8a6-444f-bd96-8a46f5f357a8}"" instance of the ""\Scaffold\ScaffoldDeployEngine"" task for user ""NT AUTHORITY\SYSTEM""."
"5/25/2026 7:40:41 AM","129","Information","Microsoft-Windows-TaskScheduler","Task Scheduler launch task ""\Scaffold\ScaffoldDeployEngine"" , instance ""powershell.exe""  with process ID 4252."
"5/25/2026 7:40:41 AM","107","Information","Microsoft-Windows-TaskScheduler","Task Scheduler launched ""{f9b1f7e0-d8a6-444f-bd96-8a46f5f357a8}""  instance of task ""\Scaffold\ScaffoldDeployEngine"" due to a time trigger condition."
"5/25/2026 7:40:34 AM","200","Information","Microsoft-Windows-TaskScheduler","Task Scheduler launched action ""Certificate Services Client Task Handler"" in instance ""{63063e1f-8f58-4ad7-b1dd-e3de6e12ed34}"" of task ""\Microsoft\Windows\CertificateServicesClient\SystemTask""."
"5/25/2026 7:40:34 AM","100","Information","Microsoft-Windows-TaskScheduler","Task Scheduler started ""{63063e1f-8f58-4ad7-b1dd-e3de6e12ed34}"" instance of the ""\Microsoft\Windows\CertificateServicesClient\SystemTask"" task for user ""NT AUTHORITY\SYSTEM""."
"5/25/2026 7:40:34 AM","129","Information","Microsoft-Windows-TaskScheduler","Task Scheduler launch task ""\Microsoft\Windows\CertificateServicesClient\SystemTask"" , instance ""taskhostw.exe""  with process ID 4864."
"5/25/2026 7:40:34 AM","118","Information","Microsoft-Windows-TaskScheduler","Task Scheduler launched ""{63063e1f-8f58-4ad7-b1dd-e3de6e12ed34}""  instance of task ""\Microsoft\Windows\CertificateServicesClient\SystemTask""  due to system startup."
"5/25/2026 7:40:24 AM","200","Information","Microsoft-Windows-TaskScheduler","Task Scheduler launched action ""%SystemRoot%\System32\dsregcmd.exe"" in instance ""{fabff928-93d7-4242-8fea-41543308021f}"" of task ""\Microsoft\Windows\Workplace Join\Automatic-Device-Join""."
"5/25/2026 7:40:24 AM","100","Information","Microsoft-Windows-TaskScheduler","Task Scheduler started ""{fabff928-93d7-4242-8fea-41543308021f}"" instance of the ""\Microsoft\Windows\Workplace Join\Automatic-Device-Join"" task for user ""NT AUTHORITY\SYSTEM""."
"5/25/2026 7:40:24 AM","129","Information","Microsoft-Windows-TaskScheduler","Task Scheduler launch task ""\Microsoft\Windows\Workplace Join\Automatic-Device-Join"" , instance ""%SystemRoot%\System32\dsregcmd.exe""  with process ID 2708."
"5/25/2026 7:40:24 AM","110","Information","Microsoft-Windows-TaskScheduler","Task Scheduler launched ""{fabff928-93d7-4242-8fea-41543308021f}""  instance of task ""\Microsoft\Windows\Workplace Join\Automatic-Device-Join""  for user ""System"" ."
"5/25/2026 7:40:24 AM","325","Warning","Microsoft-Windows-TaskScheduler","Task Scheduler queued instance ""{fabff928-93d7-4242-8fea-41543308021f}""  of task ""\Microsoft\Windows\Workplace Join\Automatic-Device-Join""."
"5/25/2026 7:40:24 AM","102","Information","Microsoft-Windows-TaskScheduler","Task Scheduler successfully finished ""{71884e5c-c25a-404b-8d90-e678c73770f8}"" instance of the ""\Microsoft\Windows\WwanSvc\OobeDiscovery"" task for user ""NT AUTHORITY\SYSTEM""."
"5/25/2026 7:40:24 AM","201","Information","Microsoft-Windows-TaskScheduler","Task Scheduler successfully completed task ""\Microsoft\Windows\WwanSvc\OobeDiscovery"" , instance ""{71884e5c-c25a-404b-8d90-e678c73770f8}"" , action ""OobeEsimTaskManager"" with return code 0."
"5/25/2026 7:40:24 AM","102","Information","Microsoft-Windows-TaskScheduler","Task Scheduler successfully finished ""{e1c38c48-eb90-40a9-9768-43daa49c1a6b}"" instance of the ""\Microsoft\Windows\ExploitGuard\ExploitGuard MDM policy Refresh"" task for user ""NT AUTHORITY\SYSTEM""."
"5/25/2026 7:40:24 AM","201","Information","Microsoft-Windows-TaskScheduler","Task Scheduler successfully completed task ""\Microsoft\Windows\ExploitGuard\ExploitGuard MDM policy Refresh"" , instance ""{e1c38c48-eb90-40a9-9768-43daa49c1a6b}"" , action """" with return code 0."
"5/25/2026 7:40:24 AM","102","Information","Microsoft-Windows-TaskScheduler","Task Scheduler successfully finished ""{2f15edd1-da0e-48b7-88e5-47d2b85c5f78}"" instance of the ""\Microsoft\Windows\DirectX\DXGIAdapterCache"" task for user ""NT AUTHORITY\SYSTEM""."
"5/25/2026 7:40:24 AM","201","Information","Microsoft-Windows-TaskScheduler","Task Scheduler successfully completed task ""\Microsoft\Windows\DirectX\DXGIAdapterCache"" , instance ""{2f15edd1-da0e-48b7-88e5-47d2b85c5f78}"" , action ""%windir%\system32\dxgiadaptercache.exe"" with return code 0."
"5/25/2026 7:40:24 AM","102","Information","Microsoft-Windows-TaskScheduler","Task Scheduler successfully finished ""{685dde1d-bf41-4b64-b742-025694f666a7}"" instance of the ""\Microsoft\Windows\Time Synchronization\ForceSynchronizeTime"" task for user ""(NONE)""."
"5/25/2026 7:40:24 AM","201","Information","Microsoft-Windows-TaskScheduler","Task Scheduler successfully completed task ""\Microsoft\Windows\Time Synchronization\ForceSynchronizeTime"" , instance ""{685dde1d-bf41-4b64-b742-025694f666a7}"" , action ""Time Synchronization Task Handler"" with return code 0."
"5/25/2026 7:40:24 AM","200","Information","Microsoft-Windows-TaskScheduler","Task Scheduler launched action ""Time Synchronization Task Handler"" in instance ""{685dde1d-bf41-4b64-b742-025694f666a7}"" of task ""\Microsoft\Windows\Time Synchronization\ForceSynchronizeTime""."
"5/25/2026 7:40:24 AM","100","Information","Microsoft-Windows-TaskScheduler","Task Scheduler started ""{685dde1d-bf41-4b64-b742-025694f666a7}"" instance of the ""\Microsoft\Windows\Time Synchronization\ForceSynchronizeTime"" task for user ""(NONE)""."
"5/25/2026 7:40:24 AM","129","Information","Microsoft-Windows-TaskScheduler","Task Scheduler launch task ""\Microsoft\Windows\Time Synchronization\ForceSynchronizeTime"" , instance ""taskhostw.exe""  with process ID 2620."
"5/25/2026 7:40:23 AM","200","Information","Microsoft-Windows-TaskScheduler","Task Scheduler launched action ""OobeEsimTaskManager"" in instance ""{71884e5c-c25a-404b-8d90-e678c73770f8}"" of task ""\Microsoft\Windows\WwanSvc\OobeDiscovery""."
"5/25/2026 7:40:23 AM","100","Information","Microsoft-Windows-TaskScheduler","Task Scheduler started ""{71884e5c-c25a-404b-8d90-e678c73770f8}"" instance of the ""\Microsoft\Windows\WwanSvc\OobeDiscovery"" task for user ""NT AUTHORITY\SYSTEM""."
"5/25/2026 7:40:23 AM","101","Error","Microsoft-Windows-TaskScheduler","Task Scheduler failed to start ""\Microsoft\Windows\Workplace Join\Automatic-Device-Join"" task for user ""(default user)"". Additional Data: Error Value: 2147943568."
"5/25/2026 7:40:23 AM","200","Information","Microsoft-Windows-TaskScheduler","Task Scheduler launched action """" in instance ""{e1c38c48-eb90-40a9-9768-43daa49c1a6b}"" of task ""\Microsoft\Windows\ExploitGuard\ExploitGuard MDM policy Refresh""."
"5/25/2026 7:40:23 AM","100","Information","Microsoft-Windows-TaskScheduler","Task Scheduler started ""{e1c38c48-eb90-40a9-9768-43daa49c1a6b}"" instance of the ""\Microsoft\Windows\ExploitGuard\ExploitGuard MDM policy Refresh"" task for user ""NT AUTHORITY\SYSTEM""."
