"TimeCreated","Id","LevelDisplayName","ProviderName","Message"
"9/20/2026 5:19:09 AM","2089","Warning","Microsoft-Windows-ActiveDirectory_DomainService","This directory partition has not been backed up since at least the following number of days. 
 
Directory partition: 
DC=ForestDnsZones,DC=scaffold,DC=htb 
 
'Backup latency interval' (days): 
90 
 
It is recommended that you take a backup as often as possible to recover from accidental loss of data. However if you haven't taken a backup since at least the 'backup latency interval' number of days, this message will be logged every day until a backup is taken. You can take a backup of any replica that holds this partition. 
 
By default the 'Backup latency interval' is set to half the 'Tombstone Lifetime Interval'. If you want to change the default 'Backup latency interval', you could do so by adding the following registry key. 
 
'Backup latency interval' (days) registry key: 
System\CurrentControlSet\Services\NTDS\Parameters\Backup Latency Threshold (days) 
"
"9/20/2026 5:19:09 AM","2089","Warning","Microsoft-Windows-ActiveDirectory_DomainService","This directory partition has not been backed up since at least the following number of days. 
 
Directory partition: 
DC=DomainDnsZones,DC=scaffold,DC=htb 
 
'Backup latency interval' (days): 
90 
 
It is recommended that you take a backup as often as possible to recover from accidental loss of data. However if you haven't taken a backup since at least the 'backup latency interval' number of days, this message will be logged every day until a backup is taken. You can take a backup of any replica that holds this partition. 
 
By default the 'Backup latency interval' is set to half the 'Tombstone Lifetime Interval'. If you want to change the default 'Backup latency interval', you could do so by adding the following registry key. 
 
'Backup latency interval' (days) registry key: 
System\CurrentControlSet\Services\NTDS\Parameters\Backup Latency Threshold (days) 
"
"9/20/2026 5:19:09 AM","2089","Warning","Microsoft-Windows-ActiveDirectory_DomainService","This directory partition has not been backed up since at least the following number of days. 
 
Directory partition: 
CN=Schema,CN=Configuration,DC=scaffold,DC=htb 
 
'Backup latency interval' (days): 
90 
 
It is recommended that you take a backup as often as possible to recover from accidental loss of data. However if you haven't taken a backup since at least the 'backup latency interval' number of days, this message will be logged every day until a backup is taken. You can take a backup of any replica that holds this partition. 
 
By default the 'Backup latency interval' is set to half the 'Tombstone Lifetime Interval'. If you want to change the default 'Backup latency interval', you could do so by adding the following registry key. 
 
'Backup latency interval' (days) registry key: 
System\CurrentControlSet\Services\NTDS\Parameters\Backup Latency Threshold (days) 
"
"9/20/2026 5:19:09 AM","2089","Warning","Microsoft-Windows-ActiveDirectory_DomainService","This directory partition has not been backed up since at least the following number of days. 
 
Directory partition: 
CN=Configuration,DC=scaffold,DC=htb 
 
'Backup latency interval' (days): 
90 
 
It is recommended that you take a backup as often as possible to recover from accidental loss of data. However if you haven't taken a backup since at least the 'backup latency interval' number of days, this message will be logged every day until a backup is taken. You can take a backup of any replica that holds this partition. 
 
By default the 'Backup latency interval' is set to half the 'Tombstone Lifetime Interval'. If you want to change the default 'Backup latency interval', you could do so by adding the following registry key. 
 
'Backup latency interval' (days) registry key: 
System\CurrentControlSet\Services\NTDS\Parameters\Backup Latency Threshold (days) 
"
"9/20/2026 5:19:09 AM","2089","Warning","Microsoft-Windows-ActiveDirectory_DomainService","This directory partition has not been backed up since at least the following number of days. 
 
Directory partition: 
DC=scaffold,DC=htb 
 
'Backup latency interval' (days): 
90 
 
It is recommended that you take a backup as often as possible to recover from accidental loss of data. However if you haven't taken a backup since at least the 'backup latency interval' number of days, this message will be logged every day until a backup is taken. You can take a backup of any replica that holds this partition. 
 
By default the 'Backup latency interval' is set to half the 'Tombstone Lifetime Interval'. If you want to change the default 'Backup latency interval', you could do so by adding the following registry key. 
 
'Backup latency interval' (days) registry key: 
System\CurrentControlSet\Services\NTDS\Parameters\Backup Latency Threshold (days) 
"
"9/20/2026 4:34:09 AM","1869","Information","Microsoft-Windows-ActiveDirectory_DomainService","Active Directory Domain Services has located a global catalog in the following site. 
 
Global catalog:
\\dc.scaffold.htb 
Site:
Default-First-Site-Name"
"9/20/2026 4:34:09 AM","3027","Information","Microsoft-Windows-ActiveDirectory_DomainService","Internal event: Online Defragment Start succeeded. 
 
Duration in seconds:3600 
"
"9/20/2026 4:34:09 AM","3033","Information","Microsoft-Windows-ActiveDirectory_DomainService","Internal event: Online Defragment Stop invoked but defrag was not running."
"9/20/2026 4:34:09 AM","701","Information","NTDS ISAM","NTDS (692,D,0) NTDSA: Online defragmentation has completed a full pass on database 'C:\Windows\NTDS\ntds.dit', freeing 2 pages. This pass started on 9/20/2026 and ran for a total of 0 seconds, requiring 1 invocations over 1 days. Since the database was created it has been fully defragmented 27 times."
"9/20/2026 4:34:09 AM","700","Information","NTDS ISAM","NTDS (692,D,0) NTDSA: Online defragmentation is beginning a full pass on database 'C:\Windows\NTDS\ntds.dit'."
"9/20/2026 4:34:09 AM","330","Information","NTDS ISAM","NTDS (692,D,2) NTDSA: The database [C:\Windows\NTDS\temp.edb] format version is being held back to 8920 (0x22d8) due to application parameter setting of 0x22D8 (8920). Current default engine version: 9360 (0x2490)."
"9/20/2026 4:34:09 AM","326","Information","NTDS ISAM","NTDS (692,D,50) NTDSA: The database engine attached a database (1, C:\Windows\NTDS\ntds.dit). (Time=0 seconds) 
 
Saved Cache: 0 0 
Additional Data: lgposAttach = 00000003:037C:0268,
dbv = 1568.20.0 (8920) 
 
Internal Timing Sequence: 
[1] 0.000006 +J(0) +M(C:0K, Fs:1, WS:4K # 0K, PF:0K # 0K, P:0K)
[2] 0.000387 -0.000265 (1) WT +J(0) +M(C:0K, Fs:19, WS:12K # 0K, PF:8K # 0K, P:8K)
[3] 0.002852 -0.001447 (6) WT +J(CM:0, PgRf:0, Rd:0/0, Dy:0/0, Lg:3480/2) +M(C:0K, Fs:17, WS:60K # 0K, PF:128K # 0K, P:128K)
[4] 0.000050 +J(0)
[5] -
[6] -
[7] -
[8] 0.000757 -0.000322 (2) CM -0.000269 (2) WT +J(CM:2, PgRf:2, Rd:4/2, Dy:0/0, Lg:0/0) +M(C:16K, Fs:43, WS:164K # 0K, PF:212K # 0K, P:212K)
[9] 0.018308 -0.017896 (9) CM -0.001277 (9) WT +J(CM:9, PgRf:24, Rd:0/9, Dy:0/0, Lg:0/0) +M(C:-8K, Fs:31, WS:104K # 0K, PF:196K # 0K, P:196K)
[10] 0.001072 -0.000760 (4) CM -0.000576 (4) WT +J(CM:4, PgRf:40, Rd:0/4, Dy:0/0, Lg:0/0) +M(C:-4K, Fs:6, WS:12K # 0K, PF:60K # 0K, P:60K)
[11] 0.000034 +J(CM:0, PgRf:1, Rd:0/0, Dy:0/0, Lg:0/0) +M(C:0K, Fs:4, WS:16K # 0K, PF:0K # 0K, P:0K)
[12] 0.000045 +J(CM:0, PgRf:48, Rd:0/0, Dy:0/0, Lg:0/0) +M(C:0K, Fs:2, WS:8K # 0K, PF:0K # 0K, P:0K)
[13] 0.0 +J(0)
[14] 0.0 +J(0)
[15] 0.000003 +J(CM:0, PgRf:1, Rd:0/0, Dy:0/0, Lg:0/0)."
"9/20/2026 4:34:09 AM","330","Information","NTDS ISAM","NTDS (692,D,50) NTDSA: The database [C:\Windows\NTDS\ntds.dit] format version is being held back to 8920 (0x22d8) due to application parameter setting of 0x22D8 (8920). Current default engine version: 9360 (0x2490)."
"9/20/2026 4:34:09 AM","105","Information","NTDS ISAM","NTDS (692,D,0) NTDSA: The database engine started a new instance (0). (Time=0 seconds) 
 
Additional Data:
  
 
Internal Timing Sequence: 
[1] 0.000502 +J(0) +M(C:0K, Fs:83, WS:312K # 0K, PF:2424K # 0K, P:2424K)
[2] 0.000318 +J(0) +M(C:16K, Fs:130, WS:508K # 288K, PF:1180K # 656K, P:1180K)
[3] 0.000064 +J(0) +M(C:0K, Fs:5, WS:20K # 20K, PF:64K # 64K, P:64K)
[4] 0.002937 -0.000307 (1) WT +J(0) +M(C:0K, Fs:124, WS:416K # 416K, PF:5184K # 5184K, P:5184K)
[5] 0.000312 +J(0) +M(C:0K, Fs:3, WS:12K # 12K, PF:4K # 4K, P:4K)
[6] 0.001953 +J(0) +M(C:0K, Fs:20, WS:80K # 80K, PF:12K # 12K, P:12K)
[7] 0.013480 -0.007888 (21) WT +J(0) +M(C:0K, Fs:2579, WS:10296K # 10296K, PF:10260K # 10260K, P:10260K)
[8] -
[9] -
[10] -
[11] -
[12] -
[13] 0.011756 -0.005821 (22) WT +J(CM:0, PgRf:0, Rd:0/0, Dy:0/0, Lg:616/1) +M(C:0K, Fs:9, WS:-10216K # 24K, PF:-10252K # 12K, P:-10252K)
[14] 0.000019 +J(0)
[15] 0.000177 +J(0) +M(C:0K, Fs:206, WS:820K # 0K, PF:68K # 0K, P:68K)
[16] 0.000271 -0.000132 (1) WT +J(0) +M(C:0K, Fs:4, WS:8K # 0K, PF:4K # 0K, P:4K)."
"9/20/2026 4:34:09 AM","102","Information","NTDS ISAM","NTDS (692,P,98) NTDSA: The database engine (10.00.20348.0000) is starting a new instance (0)."
"9/20/2026 4:19:39 AM","1394","Information","Microsoft-Windows-ActiveDirectory_DomainService","All problems preventing updates to the Active Directory Domain Services database have been cleared. New updates to the Active Directory Domain Services database are succeeding. The Net Logon service has restarted."
"9/20/2026 4:19:09 AM","1000","Information","Microsoft-Windows-ActiveDirectory_DomainService","Microsoft Active Directory Domain Services startup complete"
"9/20/2026 4:19:09 AM","3041","Warning","Microsoft-Windows-ActiveDirectory_DomainService","The security of this directory server can be significantly enhanced by configuring the server to enforce  validation of Channel Binding Tokens received in LDAP bind requests sent over LDAPS connections. Even if  no clients are issuing LDAP bind requests over LDAPS, configuring the server to validate Channel Binding  Tokens will improve the security of this server. 
 
For more details and information on how to make this configuration change to the server, please see https://go.microsoft.com/fwlink/?linkid=2102405."
"9/20/2026 4:19:09 AM","2886","Warning","Microsoft-Windows-ActiveDirectory_DomainService","The security of this directory server can be significantly enhanced by configuring the server to reject SASL (Negotiate, Kerberos, NTLM, or Digest) LDAP binds that do not request signing (integrity verification) and LDAP simple binds that are performed on a clear text (non-SSL/TLS-encrypted) connection.  Even if no clients are using such binds, configuring the server to reject them will improve the security of this server. 
 
Some clients may currently be relying on unsigned SASL binds or LDAP simple binds over a non-SSL/TLS connection, and will stop working if this configuration change is made.  To assist in identifying these clients, if such binds occur this directory server will log a summary event once every 24 hours indicating how many such binds occurred.  You are encouraged to configure those clients to not use such binds.  Once no such events are observed for an extended period, it is recommended that you configure the server to reject such binds. 
 
For more details and information on how to make this configuration change to the server, please see http://go.microsoft.com/fwlink/?LinkID=87923. 
 
You can enable additional logging to log an event each time a client makes such a bind, including information on which client made the bind.  To do so, please raise the setting for the ""LDAP Interface Events"" event logging category to level 2 or higher."
"9/20/2026 4:18:58 AM","2405","Information","Microsoft-Windows-ActiveDirectory_DomainService","This Active Directory Domain Services server does not support the ""Privileged Access Management Feature"" optional feature."
"9/20/2026 4:18:58 AM","2405","Information","Microsoft-Windows-ActiveDirectory_DomainService","This Active Directory Domain Services server does not support the ""Recycle Bin Feature"" optional feature."
"9/20/2026 4:18:58 AM","2120","Information","Microsoft-Windows-ActiveDirectory_DomainService","This Active Directory Domain Services server does not support the Recycle Bin. Deleted objects may be undeleted, however, when an object is undeleted, some attributes of that object may be lost.  Additionally, attributes of other objects that refer to the object being undeleted may also be lost."
"9/20/2026 4:18:58 AM","2179","Information","Microsoft-Windows-ActiveDirectory_DomainService","The msDS-GenerationId attribute of the Domain Controller's computer object has been set to the following parameter: 
 
GenerationID attribute:
12208309084313324016"
"9/20/2026 4:18:58 AM","2208","Information","Microsoft-Windows-ActiveDirectory_DomainService","Active Directory Domain Services deleted DFSR databases to initialize SYSVOL replica during a non-authoritative restore. 
Active Directory detected that the virtual machine that hosts the domain controller was reverted to a previous state. Active Directory Domain Services needs to initialize a non-authoritative restore on the local SYSVOL replica. For DFSR, this is done by stopping the DFSR service, deleting DFSR databases, and re-starting the service. Upon restarting DFSR will rebuild the databases and start the initial sync."
"9/20/2026 4:18:58 AM","1109","Information","Microsoft-Windows-ActiveDirectory_DomainService","The invocationID attribute for this directory server has been changed. The highest update sequence number at the time the backup was created is as follows: 
 
InvocationID attribute (old value):
7fddf423-4e9b-413b-a2fd-434f1111a42c 
InvocationID attribute (new value):
2fdbe714-b22d-4ca2-8263-bdf7b53e5e22 
Update sequence number:
237624 
 
The invocationID is changed when a directory server is restored from backup media, is configured to host a writeable application directory partition, has been resumed after a virtual machine snapshot has been applied, after a virtual machine import operation, or after a live migration operation. Virtualized domain controllers should not be restored using virtual machine snapshots. The supported method to restore or rollback the content of an Active Directory Domain Services database is to restore a system state backup made with an Active Directory Domain Services-aware backup application."
"9/20/2026 4:18:58 AM","2170","Warning","Microsoft-Windows-ActiveDirectory_DomainService","A Generation ID change has been detected. 
 
Generation ID cached in DS (old value):
17012706603650086736 
Generation ID currently in VM (new value):
12208309084313324016 
 
The Generation ID change occurs after the application of a virtual machine snapshot, after a virtual machine import operation or after a live migration operation. Active Directory Domain Services will create a new invocation ID to recover the domain controller. Virtualized domain controllers should not be restored using virtual machine snapshots. The supported method to restore or rollback the content of an Active Directory Domain Services database is to restore a system state backup made with an Active Directory Domain Services aware backup application."
"9/20/2026 4:18:58 AM","2172","Information","Microsoft-Windows-ActiveDirectory_DomainService","Read the msDS-GenerationId attribute of the Domain Controller's computer object. 
 
msDS-GenerationId attribute value:
17012706603650086736"
"9/20/2026 4:18:58 AM","2168","Information","Microsoft-Windows-ActiveDirectory_DomainService","The DC is running on a supported hypervisor. VM Generation ID is detected. 
 
Current value of VM Generation ID: 12208309084313324016"
"9/20/2026 4:18:58 AM","2406","Information","Microsoft-Windows-ActiveDirectory_DomainService","This Active Directory Domain Services server is disabling support for the ""Privileged Access Management Feature"" optional feature."
"9/20/2026 4:18:58 AM","2406","Information","Microsoft-Windows-ActiveDirectory_DomainService","This Active Directory Domain Services server is disabling support for the ""Recycle Bin Feature"" optional feature."
"9/20/2026 4:18:58 AM","2121","Information","Microsoft-Windows-ActiveDirectory_DomainService","This Active Directory Domain Services server is disabling the Recycle Bin. Deleted objects may not be undeleted at this time."
"9/20/2026 4:18:58 AM","3054","Warning","Microsoft-Windows-ActiveDirectory_DomainService","The directory has been configured to allow implicit owner privileges when initially setting or modifying the nTSecurityDescriptor attribute during LDAP add and modify operations. Warning events will be logged, but no requests will be blocked. 
 
This setting is not secure and should only be used as a temporary troubleshooting step. Please review the suggested mitigations in the link below. 
 
For more information, please see https://go.microsoft.com/fwlink/?linkid=2174032."
"9/20/2026 4:18:58 AM","3051","Warning","Microsoft-Windows-ActiveDirectory_DomainService","The directory has been configured to not enforce per-attribute authorization during LDAP add operations. Warning events will be logged, but no requests will be blocked. 
 
This setting is not secure and should only be used as a temporary troubleshooting step. Please review the suggested mitigations in the link below. 
 
For more information, please see https://go.microsoft.com/fwlink/?linkid=2174032."
"9/7/2026 9:38:15 PM","1004","Information","Microsoft-Windows-ActiveDirectory_DomainService","Active Directory Domain Services was shut down successfully."
"9/7/2026 9:38:14 PM","2179","Information","Microsoft-Windows-ActiveDirectory_DomainService","The msDS-GenerationId attribute of the Domain Controller's computer object has been set to the following parameter: 
 
GenerationID attribute:
17012706603650086736"
"9/7/2026 9:35:08 PM","1394","Information","Microsoft-Windows-ActiveDirectory_DomainService","All problems preventing updates to the Active Directory Domain Services database have been cleared. New updates to the Active Directory Domain Services database are succeeding. The Net Logon service has restarted."
"9/7/2026 9:34:38 PM","1000","Information","Microsoft-Windows-ActiveDirectory_DomainService","Microsoft Active Directory Domain Services startup complete"
"9/7/2026 9:34:38 PM","3041","Warning","Microsoft-Windows-ActiveDirectory_DomainService","The security of this directory server can be significantly enhanced by configuring the server to enforce  validation of Channel Binding Tokens received in LDAP bind requests sent over LDAPS connections. Even if  no clients are issuing LDAP bind requests over LDAPS, configuring the server to validate Channel Binding  Tokens will improve the security of this server. 
 
For more details and information on how to make this configuration change to the server, please see https://go.microsoft.com/fwlink/?linkid=2102405."
"9/7/2026 9:34:38 PM","2886","Warning","Microsoft-Windows-ActiveDirectory_DomainService","The security of this directory server can be significantly enhanced by configuring the server to reject SASL (Negotiate, Kerberos, NTLM, or Digest) LDAP binds that do not request signing (integrity verification) and LDAP simple binds that are performed on a clear text (non-SSL/TLS-encrypted) connection.  Even if no clients are using such binds, configuring the server to reject them will improve the security of this server. 
 
Some clients may currently be relying on unsigned SASL binds or LDAP simple binds over a non-SSL/TLS connection, and will stop working if this configuration change is made.  To assist in identifying these clients, if such binds occur this directory server will log a summary event once every 24 hours indicating how many such binds occurred.  You are encouraged to configure those clients to not use such binds.  Once no such events are observed for an extended period, it is recommended that you configure the server to reject such binds. 
 
For more details and information on how to make this configuration change to the server, please see http://go.microsoft.com/fwlink/?LinkID=87923. 
 
You can enable additional logging to log an event each time a client makes such a bind, including information on which client made the bind.  To do so, please raise the setting for the ""LDAP Interface Events"" event logging category to level 2 or higher."
"9/7/2026 9:34:28 PM","2405","Information","Microsoft-Windows-ActiveDirectory_DomainService","This Active Directory Domain Services server does not support the ""Privileged Access Management Feature"" optional feature."
"9/7/2026 9:34:28 PM","2405","Information","Microsoft-Windows-ActiveDirectory_DomainService","This Active Directory Domain Services server does not support the ""Recycle Bin Feature"" optional feature."
"9/7/2026 9:34:28 PM","2120","Information","Microsoft-Windows-ActiveDirectory_DomainService","This Active Directory Domain Services server does not support the Recycle Bin. Deleted objects may be undeleted, however, when an object is undeleted, some attributes of that object may be lost.  Additionally, attributes of other objects that refer to the object being undeleted may also be lost."
"9/7/2026 9:34:28 PM","2179","Information","Microsoft-Windows-ActiveDirectory_DomainService","The msDS-GenerationId attribute of the Domain Controller's computer object has been set to the following parameter: 
 
GenerationID attribute:
17012706603650086736"
"9/7/2026 9:34:28 PM","2208","Information","Microsoft-Windows-ActiveDirectory_DomainService","Active Directory Domain Services deleted DFSR databases to initialize SYSVOL replica during a non-authoritative restore. 
Active Directory detected that the virtual machine that hosts the domain controller was reverted to a previous state. Active Directory Domain Services needs to initialize a non-authoritative restore on the local SYSVOL replica. For DFSR, this is done by stopping the DFSR service, deleting DFSR databases, and re-starting the service. Upon restarting DFSR will rebuild the databases and start the initial sync."
"9/7/2026 9:34:28 PM","1109","Information","Microsoft-Windows-ActiveDirectory_DomainService","The invocationID attribute for this directory server has been changed. The highest update sequence number at the time the backup was created is as follows: 
 
InvocationID attribute (old value):
cbeba683-dfd6-4693-9cc7-a218b5c6d168 
InvocationID attribute (new value):
7fddf423-4e9b-413b-a2fd-434f1111a42c 
Update sequence number:
233527 
 
The invocationID is changed when a directory server is restored from backup media, is configured to host a writeable application directory partition, has been resumed after a virtual machine snapshot has been applied, after a virtual machine import operation, or after a live migration operation. Virtualized domain controllers should not be restored using virtual machine snapshots. The supported method to restore or rollback the content of an Active Directory Domain Services database is to restore a system state backup made with an Active Directory Domain Services-aware backup application."
"9/7/2026 9:34:28 PM","2170","Warning","Microsoft-Windows-ActiveDirectory_DomainService","A Generation ID change has been detected. 
 
Generation ID cached in DS (old value):
16342153456212250091 
Generation ID currently in VM (new value):
17012706603650086736 
 
The Generation ID change occurs after the application of a virtual machine snapshot, after a virtual machine import operation or after a live migration operation. Active Directory Domain Services will create a new invocation ID to recover the domain controller. Virtualized domain controllers should not be restored using virtual machine snapshots. The supported method to restore or rollback the content of an Active Directory Domain Services database is to restore a system state backup made with an Active Directory Domain Services aware backup application."
"9/7/2026 9:34:28 PM","2172","Information","Microsoft-Windows-ActiveDirectory_DomainService","Read the msDS-GenerationId attribute of the Domain Controller's computer object. 
 
msDS-GenerationId attribute value:
16342153456212250091"
"9/7/2026 9:34:28 PM","2168","Information","Microsoft-Windows-ActiveDirectory_DomainService","The DC is running on a supported hypervisor. VM Generation ID is detected. 
 
Current value of VM Generation ID: 17012706603650086736"
"9/7/2026 9:34:28 PM","2406","Information","Microsoft-Windows-ActiveDirectory_DomainService","This Active Directory Domain Services server is disabling support for the ""Privileged Access Management Feature"" optional feature."
"9/7/2026 9:34:28 PM","2406","Information","Microsoft-Windows-ActiveDirectory_DomainService","This Active Directory Domain Services server is disabling support for the ""Recycle Bin Feature"" optional feature."
"9/7/2026 9:34:28 PM","2121","Information","Microsoft-Windows-ActiveDirectory_DomainService","This Active Directory Domain Services server is disabling the Recycle Bin. Deleted objects may not be undeleted at this time."
"9/7/2026 9:34:28 PM","3054","Warning","Microsoft-Windows-ActiveDirectory_DomainService","The directory has been configured to allow implicit owner privileges when initially setting or modifying the nTSecurityDescriptor attribute during LDAP add and modify operations. Warning events will be logged, but no requests will be blocked. 
 
This setting is not secure and should only be used as a temporary troubleshooting step. Please review the suggested mitigations in the link below. 
 
For more information, please see https://go.microsoft.com/fwlink/?linkid=2174032."
"9/7/2026 9:34:28 PM","3051","Warning","Microsoft-Windows-ActiveDirectory_DomainService","The directory has been configured to not enforce per-attribute authorization during LDAP add operations. Warning events will be logged, but no requests will be blocked. 
 
This setting is not secure and should only be used as a temporary troubleshooting step. Please review the suggested mitigations in the link below. 
 
For more information, please see https://go.microsoft.com/fwlink/?linkid=2174032."
"9/7/2026 8:00:49 PM","1004","Information","Microsoft-Windows-ActiveDirectory_DomainService","Active Directory Domain Services was shut down successfully."
"9/7/2026 8:00:48 PM","2179","Information","Microsoft-Windows-ActiveDirectory_DomainService","The msDS-GenerationId attribute of the Domain Controller's computer object has been set to the following parameter: 
 
GenerationID attribute:
16342153456212250091"
"9/7/2026 7:33:00 PM","1869","Information","Microsoft-Windows-ActiveDirectory_DomainService","Active Directory Domain Services has located a global catalog in the following site. 
 
Global catalog:
\\dc.scaffold.htb 
Site:
Default-First-Site-Name"
"9/7/2026 7:33:00 PM","3027","Information","Microsoft-Windows-ActiveDirectory_DomainService","Internal event: Online Defragment Start succeeded. 
 
Duration in seconds:3600 
"
"9/7/2026 7:33:00 PM","3033","Information","Microsoft-Windows-ActiveDirectory_DomainService","Internal event: Online Defragment Stop invoked but defrag was not running."
"9/7/2026 7:33:00 PM","701","Information","NTDS ISAM","NTDS (680,D,0) NTDSA: Online defragmentation has completed a full pass on database 'C:\Windows\NTDS\ntds.dit', freeing 2 pages. This pass started on 9/7/2026 and ran for a total of 0 seconds, requiring 1 invocations over 1 days. Since the database was created it has been fully defragmented 26 times."
"9/7/2026 7:33:00 PM","700","Information","NTDS ISAM","NTDS (680,D,0) NTDSA: Online defragmentation is beginning a full pass on database 'C:\Windows\NTDS\ntds.dit'."
"9/7/2026 7:33:00 PM","330","Information","NTDS ISAM","NTDS (680,D,2) NTDSA: The database [C:\Windows\NTDS\temp.edb] format version is being held back to 8920 (0x22d8) due to application parameter setting of 0x22D8 (8920). Current default engine version: 9360 (0x2490)."
"9/7/2026 7:33:00 PM","326","Information","NTDS ISAM","NTDS (680,D,50) NTDSA: The database engine attached a database (1, C:\Windows\NTDS\ntds.dit). (Time=0 seconds) 
 
Saved Cache: 0 0 
Additional Data: lgposAttach = 00000003:0338:0268,
dbv = 1568.20.0 (8920) 
 
Internal Timing Sequence: 
[1] 0.000009 +J(0) +M(C:0K, Fs:1, WS:4K # 0K, PF:0K # 0K, P:0K)
[2] 0.000587 -0.000396 (1) WT +J(0) +M(C:0K, Fs:20, WS:12K # 0K, PF:12K # 0K, P:12K)
[3] 0.005420 -0.002343 (6) WT +J(CM:0, PgRf:0, Rd:0/0, Dy:0/0, Lg:3480/2) +M(C:0K, Fs:17, WS:56K # 0K, PF:112K # 0K, P:112K)
[4] 0.000079 +J(0)
[5] -
[6] -
[7] -
[8] 0.001062 -0.000386 (2) CM -0.000315 (2) WT +J(CM:2, PgRf:2, Rd:4/2, Dy:0/0, Lg:0/0) +M(C:16K, Fs:43, WS:164K # 0K, PF:212K # 0K, P:212K)
[9] 0.002710 -0.002111 (9) CM -0.001835 (9) WT +J(CM:9, PgRf:24, Rd:0/9, Dy:0/0, Lg:0/0) +M(C:-8K, Fs:31, WS:104K # 0K, PF:196K # 0K, P:196K)
[10] 0.000896 -0.000656 (4) CM -0.000535 (4) WT +J(CM:4, PgRf:40, Rd:0/4, Dy:0/0, Lg:0/0) +M(C:-4K, Fs:6, WS:12K # 0K, PF:60K # 0K, P:60K)
[11] 0.000038 +J(CM:0, PgRf:1, Rd:0/0, Dy:0/0, Lg:0/0) +M(C:0K, Fs:4, WS:16K # 0K, PF:0K # 0K, P:0K)
[12] 0.000055 +J(CM:0, PgRf:48, Rd:0/0, Dy:0/0, Lg:0/0) +M(C:0K, Fs:2, WS:8K # 0K, PF:0K # 0K, P:0K)
[13] 0.0 +J(0)
[14] 0.0 +J(0)
[15] 0.000004 +J(CM:0, PgRf:1, Rd:0/0, Dy:0/0, Lg:0/0)."
"9/7/2026 7:33:00 PM","330","Information","NTDS ISAM","NTDS (680,D,50) NTDSA: The database [C:\Windows\NTDS\ntds.dit] format version is being held back to 8920 (0x22d8) due to application parameter setting of 0x22D8 (8920). Current default engine version: 9360 (0x2490)."
"9/7/2026 7:33:00 PM","105","Information","NTDS ISAM","NTDS (680,D,0) NTDSA: The database engine started a new instance (0). (Time=0 seconds) 
 
Additional Data:
  
 
Internal Timing Sequence: 
[1] 0.001031 +J(0) +M(C:0K, Fs:79, WS:300K # 0K, PF:2380K # 0K, P:2380K)
[2] 0.000351 +J(0) +M(C:16K, Fs:125, WS:496K # 272K, PF:1156K # 628K, P:1156K)
[3] 0.000037 +J(0) +M(C:0K, Fs:5, WS:20K # 20K, PF:64K # 64K, P:64K)
[4] 0.004160 -0.000371 (1) WT +J(0) +M(C:0K, Fs:121, WS:408K # 408K, PF:5168K # 5168K, P:5168K)
[5] 0.000381 +J(0) +M(C:0K, Fs:3, WS:12K # 12K, PF:8K # 8K, P:8K)
[6] 0.002356 +J(0) +M(C:0K, Fs:20, WS:80K # 80K, PF:12K # 12K, P:12K)
[7] 0.022932 -0.014596 (21) WT +J(0) +M(C:0K, Fs:2580, WS:10296K # 10296K, PF:10260K # 10260K, P:10260K)
[8] -
[9] -
[10] -
[11] -
[12] -
[13] 0.021369 -0.015179 (22) WT +J(CM:0, PgRf:0, Rd:0/0, Dy:0/0, Lg:616/1) +M(C:0K, Fs:9, WS:-10216K # 24K, PF:-10256K # 12K, P:-10256K)
[14] 0.000019 +J(0)
[15] 0.000251 +J(0) +M(C:0K, Fs:205, WS:820K # 0K, PF:64K # 0K, P:64K)
[16] 0.000610 -0.000411 (1) WT +J(0) +M(C:0K, Fs:4, WS:4K # 0K, PF:0K # 0K, P:0K)."
"9/7/2026 7:33:00 PM","102","Information","NTDS ISAM","NTDS (680,P,98) NTDSA: The database engine (10.00.20348.0000) is starting a new instance (0)."
"9/7/2026 7:18:30 PM","1394","Information","Microsoft-Windows-ActiveDirectory_DomainService","All problems preventing updates to the Active Directory Domain Services database have been cleared. New updates to the Active Directory Domain Services database are succeeding. The Net Logon service has restarted."
"9/7/2026 7:18:00 PM","1000","Information","Microsoft-Windows-ActiveDirectory_DomainService","Microsoft Active Directory Domain Services startup complete"
"9/7/2026 7:18:00 PM","3041","Warning","Microsoft-Windows-ActiveDirectory_DomainService","The security of this directory server can be significantly enhanced by configuring the server to enforce  validation of Channel Binding Tokens received in LDAP bind requests sent over LDAPS connections. Even if  no clients are issuing LDAP bind requests over LDAPS, configuring the server to validate Channel Binding  Tokens will improve the security of this server. 
 
For more details and information on how to make this configuration change to the server, please see https://go.microsoft.com/fwlink/?linkid=2102405."
"9/7/2026 7:18:00 PM","2886","Warning","Microsoft-Windows-ActiveDirectory_DomainService","The security of this directory server can be significantly enhanced by configuring the server to reject SASL (Negotiate, Kerberos, NTLM, or Digest) LDAP binds that do not request signing (integrity verification) and LDAP simple binds that are performed on a clear text (non-SSL/TLS-encrypted) connection.  Even if no clients are using such binds, configuring the server to reject them will improve the security of this server. 
 
Some clients may currently be relying on unsigned SASL binds or LDAP simple binds over a non-SSL/TLS connection, and will stop working if this configuration change is made.  To assist in identifying these clients, if such binds occur this directory server will log a summary event once every 24 hours indicating how many such binds occurred.  You are encouraged to configure those clients to not use such binds.  Once no such events are observed for an extended period, it is recommended that you configure the server to reject such binds. 
 
For more details and information on how to make this configuration change to the server, please see http://go.microsoft.com/fwlink/?LinkID=87923. 
 
You can enable additional logging to log an event each time a client makes such a bind, including information on which client made the bind.  To do so, please raise the setting for the ""LDAP Interface Events"" event logging category to level 2 or higher."
"9/7/2026 7:17:50 PM","2405","Information","Microsoft-Windows-ActiveDirectory_DomainService","This Active Directory Domain Services server does not support the ""Privileged Access Management Feature"" optional feature."
"9/7/2026 7:17:50 PM","2405","Information","Microsoft-Windows-ActiveDirectory_DomainService","This Active Directory Domain Services server does not support the ""Recycle Bin Feature"" optional feature."
"9/7/2026 7:17:50 PM","2120","Information","Microsoft-Windows-ActiveDirectory_DomainService","This Active Directory Domain Services server does not support the Recycle Bin. Deleted objects may be undeleted, however, when an object is undeleted, some attributes of that object may be lost.  Additionally, attributes of other objects that refer to the object being undeleted may also be lost."
"9/7/2026 7:17:50 PM","2179","Information","Microsoft-Windows-ActiveDirectory_DomainService","The msDS-GenerationId attribute of the Domain Controller's computer object has been set to the following parameter: 
 
GenerationID attribute:
16342153456212250091"
"9/7/2026 7:17:50 PM","2208","Information","Microsoft-Windows-ActiveDirectory_DomainService","Active Directory Domain Services deleted DFSR databases to initialize SYSVOL replica during a non-authoritative restore. 
Active Directory detected that the virtual machine that hosts the domain controller was reverted to a previous state. Active Directory Domain Services needs to initialize a non-authoritative restore on the local SYSVOL replica. For DFSR, this is done by stopping the DFSR service, deleting DFSR databases, and re-starting the service. Upon restarting DFSR will rebuild the databases and start the initial sync."
"9/7/2026 7:17:50 PM","1109","Information","Microsoft-Windows-ActiveDirectory_DomainService","The invocationID attribute for this directory server has been changed. The highest update sequence number at the time the backup was created is as follows: 
 
InvocationID attribute (old value):
3a400556-f931-417c-abef-214a5e5325d9 
InvocationID attribute (new value):
cbeba683-dfd6-4693-9cc7-a218b5c6d168 
Update sequence number:
229430 
 
The invocationID is changed when a directory server is restored from backup media, is configured to host a writeable application directory partition, has been resumed after a virtual machine snapshot has been applied, after a virtual machine import operation, or after a live migration operation. Virtualized domain controllers should not be restored using virtual machine snapshots. The supported method to restore or rollback the content of an Active Directory Domain Services database is to restore a system state backup made with an Active Directory Domain Services-aware backup application."
"9/7/2026 7:17:50 PM","2170","Warning","Microsoft-Windows-ActiveDirectory_DomainService","A Generation ID change has been detected. 
 
Generation ID cached in DS (old value):
17461927220228325829 
Generation ID currently in VM (new value):
16342153456212250091 
 
The Generation ID change occurs after the application of a virtual machine snapshot, after a virtual machine import operation or after a live migration operation. Active Directory Domain Services will create a new invocation ID to recover the domain controller. Virtualized domain controllers should not be restored using virtual machine snapshots. The supported method to restore or rollback the content of an Active Directory Domain Services database is to restore a system state backup made with an Active Directory Domain Services aware backup application."
"9/7/2026 7:17:50 PM","2172","Information","Microsoft-Windows-ActiveDirectory_DomainService","Read the msDS-GenerationId attribute of the Domain Controller's computer object. 
 
msDS-GenerationId attribute value:
17461927220228325829"
"9/7/2026 7:17:50 PM","2168","Information","Microsoft-Windows-ActiveDirectory_DomainService","The DC is running on a supported hypervisor. VM Generation ID is detected. 
 
Current value of VM Generation ID: 16342153456212250091"
"9/7/2026 7:17:50 PM","2406","Information","Microsoft-Windows-ActiveDirectory_DomainService","This Active Directory Domain Services server is disabling support for the ""Privileged Access Management Feature"" optional feature."
"9/7/2026 7:17:50 PM","2406","Information","Microsoft-Windows-ActiveDirectory_DomainService","This Active Directory Domain Services server is disabling support for the ""Recycle Bin Feature"" optional feature."
"9/7/2026 7:17:50 PM","2121","Information","Microsoft-Windows-ActiveDirectory_DomainService","This Active Directory Domain Services server is disabling the Recycle Bin. Deleted objects may not be undeleted at this time."
"9/7/2026 7:17:50 PM","3054","Warning","Microsoft-Windows-ActiveDirectory_DomainService","The directory has been configured to allow implicit owner privileges when initially setting or modifying the nTSecurityDescriptor attribute during LDAP add and modify operations. Warning events will be logged, but no requests will be blocked. 
 
This setting is not secure and should only be used as a temporary troubleshooting step. Please review the suggested mitigations in the link below. 
 
For more information, please see https://go.microsoft.com/fwlink/?linkid=2174032."
"9/7/2026 7:17:50 PM","3051","Warning","Microsoft-Windows-ActiveDirectory_DomainService","The directory has been configured to not enforce per-attribute authorization during LDAP add operations. Warning events will be logged, but no requests will be blocked. 
 
This setting is not secure and should only be used as a temporary troubleshooting step. Please review the suggested mitigations in the link below. 
 
For more information, please see https://go.microsoft.com/fwlink/?linkid=2174032."
"9/1/2026 11:00:40 PM","1004","Information","Microsoft-Windows-ActiveDirectory_DomainService","Active Directory Domain Services was shut down successfully."
"9/1/2026 11:00:40 PM","2179","Information","Microsoft-Windows-ActiveDirectory_DomainService","The msDS-GenerationId attribute of the Domain Controller's computer object has been set to the following parameter: 
 
GenerationID attribute:
17461927220228325829"
"9/1/2026 10:57:24 PM","1869","Information","Microsoft-Windows-ActiveDirectory_DomainService","Active Directory Domain Services has located a global catalog in the following site. 
 
Global catalog:
\\dc.scaffold.htb 
Site:
Default-First-Site-Name"
"9/1/2026 10:57:24 PM","3027","Information","Microsoft-Windows-ActiveDirectory_DomainService","Internal event: Online Defragment Start succeeded. 
 
Duration in seconds:3600 
"
"9/1/2026 10:57:24 PM","3033","Information","Microsoft-Windows-ActiveDirectory_DomainService","Internal event: Online Defragment Stop invoked but defrag was not running."
"9/1/2026 10:57:25 PM","701","Information","NTDS ISAM","NTDS (672,D,0) NTDSA: Online defragmentation has completed a full pass on database 'C:\Windows\NTDS\ntds.dit', freeing 0 pages. This pass started on 9/1/2026 and ran for a total of 0 seconds, requiring 1 invocations over 1 days. Since the database was created it has been fully defragmented 25 times."
"9/1/2026 10:57:24 PM","700","Information","NTDS ISAM","NTDS (672,D,0) NTDSA: Online defragmentation is beginning a full pass on database 'C:\Windows\NTDS\ntds.dit'."
"9/1/2026 10:57:24 PM","330","Information","NTDS ISAM","NTDS (672,D,2) NTDSA: The database [C:\Windows\NTDS\temp.edb] format version is being held back to 8920 (0x22d8) due to application parameter setting of 0x22D8 (8920). Current default engine version: 9360 (0x2490)."
"9/1/2026 10:57:24 PM","326","Information","NTDS ISAM","NTDS (672,D,50) NTDSA: The database engine attached a database (1, C:\Windows\NTDS\ntds.dit). (Time=0 seconds) 
 
Saved Cache: 0 0 
Additional Data: lgposAttach = 00000003:0310:0268,
dbv = 1568.20.0 (8920) 
 
Internal Timing Sequence: 
[1] 0.000008 +J(0) +M(C:0K, Fs:1, WS:4K # 0K, PF:0K # 0K, P:0K)
[2] 0.000743 -0.000502 (1) WT +J(0) +M(C:0K, Fs:19, WS:12K # 0K, PF:8K # 0K, P:8K)
[3] 0.005284 -0.002741 (6) WT +J(CM:0, PgRf:0, Rd:0/0, Dy:0/0, Lg:3480/2) +M(C:0K, Fs:18, WS:60K # 0K, PF:116K # 0K, P:116K)
[4] 0.000077 +J(0)
[5] -
[6] -
[7] -
[8] 0.001239 -0.000418 (2) CM -0.000323 (2) WT +J(CM:2, PgRf:2, Rd:4/2, Dy:0/0, Lg:0/0) +M(C:16K, Fs:43, WS:164K # 0K, PF:212K # 0K, P:212K)
[9] 0.003156 -0.002567 (9) CM -0.002249 (9) WT +J(CM:9, PgRf:24, Rd:0/9, Dy:0/0, Lg:0/0) +M(C:-8K, Fs:31, WS:104K # 0K, PF:196K # 0K, P:196K)
[10] 0.001008 -0.000732 (4) CM -0.000597 (4) WT +J(CM:4, PgRf:40, Rd:0/4, Dy:0/0, Lg:0/0) +M(C:-4K, Fs:6, WS:12K # 0K, PF:60K # 0K, P:60K)
[11] 0.000043 +J(CM:0, PgRf:1, Rd:0/0, Dy:0/0, Lg:0/0) +M(C:0K, Fs:4, WS:16K # 0K, PF:0K # 0K, P:0K)
[12] 0.000056 +J(CM:0, PgRf:48, Rd:0/0, Dy:0/0, Lg:0/0) +M(C:0K, Fs:2, WS:8K # 0K, PF:0K # 0K, P:0K)
[13] 0.0 +J(0)
[14] 0.0 +J(0)
[15] 0.000005 +J(CM:0, PgRf:1, Rd:0/0, Dy:0/0, Lg:0/0)."
"9/1/2026 10:57:24 PM","330","Information","NTDS ISAM","NTDS (672,D,50) NTDSA: The database [C:\Windows\NTDS\ntds.dit] format version is being held back to 8920 (0x22d8) due to application parameter setting of 0x22D8 (8920). Current default engine version: 9360 (0x2490)."
"9/1/2026 10:57:24 PM","105","Information","NTDS ISAM","NTDS (672,D,0) NTDSA: The database engine started a new instance (0). (Time=0 seconds) 
 
Additional Data:
  
 
Internal Timing Sequence: 
[1] 0.000775 +J(0) +M(C:0K, Fs:82, WS:308K # 0K, PF:3252K # 340K, P:3252K)
[2] 0.000370 +J(0) +M(C:16K, Fs:113, WS:448K # 232K, PF:300K # 300K, P:300K)
[3] 0.000043 +J(0) +M(C:0K, Fs:16, WS:64K # 64K, PF:64K # 64K, P:64K)
[4] 0.004170 -0.000357 (1) WT +J(0) +M(C:0K, Fs:123, WS:416K # 416K, PF:5172K # 5172K, P:5172K)
[5] 0.000388 +J(0) +M(C:0K, Fs:3, WS:12K # 12K, PF:8K # 8K, P:8K)
[6] 0.002166 +J(0) +M(C:0K, Fs:20, WS:80K # 80K, PF:12K # 12K, P:12K)
[7] 0.023049 -0.014943 (21) WT +J(0) +M(C:0K, Fs:2580, WS:10296K # 10296K, PF:10260K # 10260K, P:10260K)
[8] -
[9] -
[10] -
[11] -
[12] -
[13] 0.021250 -0.015000 (22) WT +J(CM:0, PgRf:0, Rd:0/0, Dy:0/0, Lg:616/1) +M(C:0K, Fs:9, WS:-10216K # 24K, PF:-10256K # 12K, P:-10256K)
[14] 0.000020 +J(0)
[15] 0.000263 +J(0) +M(C:0K, Fs:205, WS:820K # 0K, PF:64K # 0K, P:64K)
[16] 0.000365 -0.000176 (1) WT +J(0) +M(C:0K, Fs:3, WS:4K # 0K, PF:0K # 0K, P:0K)."
"9/1/2026 10:57:24 PM","102","Information","NTDS ISAM","NTDS (672,P,98) NTDSA: The database engine (10.00.20348.0000) is starting a new instance (0)."
"9/1/2026 10:42:54 PM","1394","Information","Microsoft-Windows-ActiveDirectory_DomainService","All problems preventing updates to the Active Directory Domain Services database have been cleared. New updates to the Active Directory Domain Services database are succeeding. The Net Logon service has restarted."
"9/1/2026 10:42:24 PM","1000","Information","Microsoft-Windows-ActiveDirectory_DomainService","Microsoft Active Directory Domain Services startup complete"
"9/1/2026 10:42:24 PM","3041","Warning","Microsoft-Windows-ActiveDirectory_DomainService","The security of this directory server can be significantly enhanced by configuring the server to enforce  validation of Channel Binding Tokens received in LDAP bind requests sent over LDAPS connections. Even if  no clients are issuing LDAP bind requests over LDAPS, configuring the server to validate Channel Binding  Tokens will improve the security of this server. 
 
For more details and information on how to make this configuration change to the server, please see https://go.microsoft.com/fwlink/?linkid=2102405."
"9/1/2026 10:42:24 PM","2886","Warning","Microsoft-Windows-ActiveDirectory_DomainService","The security of this directory server can be significantly enhanced by configuring the server to reject SASL (Negotiate, Kerberos, NTLM, or Digest) LDAP binds that do not request signing (integrity verification) and LDAP simple binds that are performed on a clear text (non-SSL/TLS-encrypted) connection.  Even if no clients are using such binds, configuring the server to reject them will improve the security of this server. 
 
Some clients may currently be relying on unsigned SASL binds or LDAP simple binds over a non-SSL/TLS connection, and will stop working if this configuration change is made.  To assist in identifying these clients, if such binds occur this directory server will log a summary event once every 24 hours indicating how many such binds occurred.  You are encouraged to configure those clients to not use such binds.  Once no such events are observed for an extended period, it is recommended that you configure the server to reject such binds. 
 
For more details and information on how to make this configuration change to the server, please see http://go.microsoft.com/fwlink/?LinkID=87923. 
 
You can enable additional logging to log an event each time a client makes such a bind, including information on which client made the bind.  To do so, please raise the setting for the ""LDAP Interface Events"" event logging category to level 2 or higher."
"9/1/2026 10:42:14 PM","2405","Information","Microsoft-Windows-ActiveDirectory_DomainService","This Active Directory Domain Services server does not support the ""Privileged Access Management Feature"" optional feature."
"9/1/2026 10:42:14 PM","2405","Information","Microsoft-Windows-ActiveDirectory_DomainService","This Active Directory Domain Services server does not support the ""Recycle Bin Feature"" optional feature."
"9/1/2026 10:42:14 PM","2120","Information","Microsoft-Windows-ActiveDirectory_DomainService","This Active Directory Domain Services server does not support the Recycle Bin. Deleted objects may be undeleted, however, when an object is undeleted, some attributes of that object may be lost.  Additionally, attributes of other objects that refer to the object being undeleted may also be lost."
"9/1/2026 10:42:14 PM","2179","Information","Microsoft-Windows-ActiveDirectory_DomainService","The msDS-GenerationId attribute of the Domain Controller's computer object has been set to the following parameter: 
 
GenerationID attribute:
17461927220228325829"
"9/1/2026 10:42:14 PM","2208","Information","Microsoft-Windows-ActiveDirectory_DomainService","Active Directory Domain Services deleted DFSR databases to initialize SYSVOL replica during a non-authoritative restore. 
Active Directory detected that the virtual machine that hosts the domain controller was reverted to a previous state. Active Directory Domain Services needs to initialize a non-authoritative restore on the local SYSVOL replica. For DFSR, this is done by stopping the DFSR service, deleting DFSR databases, and re-starting the service. Upon restarting DFSR will rebuild the databases and start the initial sync."
"9/1/2026 10:42:14 PM","1109","Information","Microsoft-Windows-ActiveDirectory_DomainService","The invocationID attribute for this directory server has been changed. The highest update sequence number at the time the backup was created is as follows: 
 
InvocationID attribute (old value):
45d697ef-6074-4218-988f-8d713ca075ac 
InvocationID attribute (new value):
3a400556-f931-417c-abef-214a5e5325d9 
Update sequence number:
225333 
 
The invocationID is changed when a directory server is restored from backup media, is configured to host a writeable application directory partition, has been resumed after a virtual machine snapshot has been applied, after a virtual machine import operation, or after a live migration operation. Virtualized domain controllers should not be restored using virtual machine snapshots. The supported method to restore or rollback the content of an Active Directory Domain Services database is to restore a system state backup made with an Active Directory Domain Services-aware backup application."
