"5/25/2026 7:40:23 AM","129","Information","Microsoft-Windows-TaskScheduler","Task Scheduler launch task ""\Microsoft\Windows\ExploitGuard\ExploitGuard MDM policy Refresh"" , instance ""taskhostw.exe""  with process ID 2052."
"5/25/2026 7:40:23 AM","118","Information","Microsoft-Windows-TaskScheduler","Task Scheduler launched ""{e1c38c48-eb90-40a9-9768-43daa49c1a6b}""  instance of task ""\Microsoft\Windows\ExploitGuard\ExploitGuard MDM policy Refresh""  due to system startup."
"5/25/2026 7:40:23 AM","200","Information","Microsoft-Windows-TaskScheduler","Task Scheduler launched action ""%windir%\system32\dxgiadaptercache.exe"" in instance ""{2f15edd1-da0e-48b7-88e5-47d2b85c5f78}"" of task ""\Microsoft\Windows\DirectX\DXGIAdapterCache""."
"5/25/2026 7:40:23 AM","100","Information","Microsoft-Windows-TaskScheduler","Task Scheduler started ""{2f15edd1-da0e-48b7-88e5-47d2b85c5f78}"" instance of the ""\Microsoft\Windows\DirectX\DXGIAdapterCache"" task for user ""NT AUTHORITY\SYSTEM""."
"5/25/2026 7:40:23 AM","129","Information","Microsoft-Windows-TaskScheduler","Task Scheduler launch task ""\Microsoft\Windows\DirectX\DXGIAdapterCache"" , instance ""%windir%\system32\dxgiadaptercache.exe""  with process ID 1684."
"5/25/2026 7:40:23 AM","400","Information","Microsoft-Windows-TaskScheduler","Task Scheduler service has started."
"5/25/2026 7:40:23 AM","700","Information","Microsoft-Windows-TaskScheduler","Task Scheduler service started Task Compatibility module."
"5/24/2026 3:56:03 PM","402","Information","Microsoft-Windows-TaskScheduler","Task Scheduler service is shutting down."
"5/24/2026 3:56:03 PM","111","Information","Microsoft-Windows-TaskScheduler","Task Scheduler terminated ""{1c8d0737-70ee-47dd-a896-1bac7f591480}""  instance of the ""\MicrosoftEdgeUpdateTaskMachineCore""  task."
"5/24/2026 3:56:03 PM","102","Information","Microsoft-Windows-TaskScheduler","Task Scheduler successfully finished ""{1c8d0737-70ee-47dd-a896-1bac7f591480}"" instance of the ""\MicrosoftEdgeUpdateTaskMachineCore"" task for user ""NT AUTHORITY\SYSTEM""."
"5/24/2026 3:56:03 PM","201","Information","Microsoft-Windows-TaskScheduler","Task Scheduler successfully completed task ""\MicrosoftEdgeUpdateTaskMachineCore"" , instance ""{1c8d0737-70ee-47dd-a896-1bac7f591480}"" , action ""C:\Program Files (x86)\Microsoft\EdgeUpdate\MicrosoftEdgeUpdate.exe"" with return code 2147943691."
"5/24/2026 3:56:03 PM","102","Information","Microsoft-Windows-TaskScheduler","Task Scheduler successfully finished ""{c93ff7de-fd7b-4c2d-8687-403b294a258e}"" instance of the ""\CreateExplorerShellUnelevatedTask"" task for user ""SCAFFOLD\Administrator""."
"5/24/2026 3:56:03 PM","201","Information","Microsoft-Windows-TaskScheduler","Task Scheduler successfully completed task ""\CreateExplorerShellUnelevatedTask"" , instance ""{c93ff7de-fd7b-4c2d-8687-403b294a258e}"" , action ""C:\Windows\Explorer.EXE"" with return code 2147942404."
"5/24/2026 3:56:02 PM","103","Error","Microsoft-Windows-TaskScheduler","Task Scheduler failed to start instance ""{c439a64a-c61d-467a-829b-03893a909a2f}"" of ""\Microsoft\Windows\Wininet\CacheTask""  task for user """" . Additional Data: Error Value: 2147942404."
"5/24/2026 3:56:02 PM","202","Error","Microsoft-Windows-TaskScheduler","Task Scheduler failed to complete task ""\Microsoft\Windows\Wininet\CacheTask"" , instance ""{c439a64a-c61d-467a-829b-03893a909a2f}"" , action ""Wininet Cache task object"" . Additional Data: Error Value: 2147942404."
"5/24/2026 3:54:41 PM","102","Information","Microsoft-Windows-TaskScheduler","Task Scheduler successfully finished ""{4165c0d1-c53a-43f3-a050-d122ae52b07e}"" instance of the ""\Scaffold\ScaffoldDeployEngine"" task for user ""NT AUTHORITY\SYSTEM""."
"5/24/2026 3:54:41 PM","201","Information","Microsoft-Windows-TaskScheduler","Task Scheduler successfully completed task ""\Scaffold\ScaffoldDeployEngine"" , instance ""{4165c0d1-c53a-43f3-a050-d122ae52b07e}"" , action ""powershell.exe"" with return code 0."
"5/24/2026 3:54:41 PM","200","Information","Microsoft-Windows-TaskScheduler","Task Scheduler launched action ""powershell.exe"" in instance ""{4165c0d1-c53a-43f3-a050-d122ae52b07e}"" of task ""\Scaffold\ScaffoldDeployEngine""."
"5/24/2026 3:54:41 PM","100","Information","Microsoft-Windows-TaskScheduler","Task Scheduler started ""{4165c0d1-c53a-43f3-a050-d122ae52b07e}"" instance of the ""\Scaffold\ScaffoldDeployEngine"" task for user ""NT AUTHORITY\SYSTEM""."
"5/24/2026 3:54:41 PM","129","Information","Microsoft-Windows-TaskScheduler","Task Scheduler launch task ""\Scaffold\ScaffoldDeployEngine"" , instance ""powershell.exe""  with process ID 4512."
"5/24/2026 3:54:41 PM","107","Information","Microsoft-Windows-TaskScheduler","Task Scheduler launched ""{4165c0d1-c53a-43f3-a050-d122ae52b07e}""  instance of task ""\Scaffold\ScaffoldDeployEngine"" due to a time trigger condition."
"5/24/2026 3:52:41 PM","102","Information","Microsoft-Windows-TaskScheduler","Task Scheduler successfully finished ""{09166b35-1ad4-4e8f-9363-0d8e41150970}"" instance of the ""\Scaffold\ScaffoldDeployEngine"" task for user ""NT AUTHORITY\SYSTEM""."
"5/24/2026 3:52:41 PM","201","Information","Microsoft-Windows-TaskScheduler","Task Scheduler successfully completed task ""\Scaffold\ScaffoldDeployEngine"" , instance ""{09166b35-1ad4-4e8f-9363-0d8e41150970}"" , action ""powershell.exe"" with return code 0."
"5/24/2026 3:52:41 PM","200","Information","Microsoft-Windows-TaskScheduler","Task Scheduler launched action ""powershell.exe"" in instance ""{09166b35-1ad4-4e8f-9363-0d8e41150970}"" of task ""\Scaffold\ScaffoldDeployEngine""."
"5/24/2026 3:52:41 PM","100","Information","Microsoft-Windows-TaskScheduler","Task Scheduler started ""{09166b35-1ad4-4e8f-9363-0d8e41150970}"" instance of the ""\Scaffold\ScaffoldDeployEngine"" task for user ""NT AUTHORITY\SYSTEM""."
"5/24/2026 3:52:41 PM","129","Information","Microsoft-Windows-TaskScheduler","Task Scheduler launch task ""\Scaffold\ScaffoldDeployEngine"" , instance ""powershell.exe""  with process ID 464."
"5/24/2026 3:52:41 PM","107","Information","Microsoft-Windows-TaskScheduler","Task Scheduler launched ""{09166b35-1ad4-4e8f-9363-0d8e41150970}""  instance of task ""\Scaffold\ScaffoldDeployEngine"" due to a time trigger condition."
"5/24/2026 3:50:41 PM","102","Information","Microsoft-Windows-TaskScheduler","Task Scheduler successfully finished ""{270dd7a1-2803-49a7-91f0-10d79897876a}"" instance of the ""\Scaffold\ScaffoldDeployEngine"" task for user ""NT AUTHORITY\SYSTEM""."
"5/24/2026 3:50:41 PM","201","Information","Microsoft-Windows-TaskScheduler","Task Scheduler successfully completed task ""\Scaffold\ScaffoldDeployEngine"" , instance ""{270dd7a1-2803-49a7-91f0-10d79897876a}"" , action ""powershell.exe"" with return code 0."
"5/24/2026 3:50:41 PM","200","Information","Microsoft-Windows-TaskScheduler","Task Scheduler launched action ""powershell.exe"" in instance ""{270dd7a1-2803-49a7-91f0-10d79897876a}"" of task ""\Scaffold\ScaffoldDeployEngine""."
"5/24/2026 3:50:41 PM","100","Information","Microsoft-Windows-TaskScheduler","Task Scheduler started ""{270dd7a1-2803-49a7-91f0-10d79897876a}"" instance of the ""\Scaffold\ScaffoldDeployEngine"" task for user ""NT AUTHORITY\SYSTEM""."
"5/24/2026 3:50:41 PM","129","Information","Microsoft-Windows-TaskScheduler","Task Scheduler launch task ""\Scaffold\ScaffoldDeployEngine"" , instance ""powershell.exe""  with process ID 5680."
"5/24/2026 3:50:41 PM","107","Information","Microsoft-Windows-TaskScheduler","Task Scheduler launched ""{270dd7a1-2803-49a7-91f0-10d79897876a}""  instance of task ""\Scaffold\ScaffoldDeployEngine"" due to a time trigger condition."
"5/24/2026 3:49:41 PM","102","Information","Microsoft-Windows-TaskScheduler","Task Scheduler successfully finished ""{6d2747f9-4a9c-4de8-8ce3-4cde6b93058b}"" instance of the ""\Microsoft\Windows\Autochk\Proxy"" task for user ""NT AUTHORITY\SYSTEM""."
"5/24/2026 3:49:41 PM","201","Information","Microsoft-Windows-TaskScheduler","Task Scheduler successfully completed task ""\Microsoft\Windows\Autochk\Proxy"" , instance ""{6d2747f9-4a9c-4de8-8ce3-4cde6b93058b}"" , action ""%windir%\system32\rundll32.exe"" with return code 0."
"5/24/2026 3:49:41 PM","200","Information","Microsoft-Windows-TaskScheduler","Task Scheduler launched action ""%windir%\system32\rundll32.exe"" in instance ""{6d2747f9-4a9c-4de8-8ce3-4cde6b93058b}"" of task ""\Microsoft\Windows\Autochk\Proxy""."
"5/24/2026 3:49:41 PM","100","Information","Microsoft-Windows-TaskScheduler","Task Scheduler started ""{6d2747f9-4a9c-4de8-8ce3-4cde6b93058b}"" instance of the ""\Microsoft\Windows\Autochk\Proxy"" task for user ""NT AUTHORITY\SYSTEM""."
"5/24/2026 3:49:41 PM","129","Information","Microsoft-Windows-TaskScheduler","Task Scheduler launch task ""\Microsoft\Windows\Autochk\Proxy"" , instance ""%windir%\system32\rundll32.exe""  with process ID 6244."
"5/24/2026 3:49:41 PM","118","Information","Microsoft-Windows-TaskScheduler","Task Scheduler launched ""{6d2747f9-4a9c-4de8-8ce3-4cde6b93058b}""  instance of task ""\Microsoft\Windows\Autochk\Proxy""  due to system startup."
"5/24/2026 3:48:41 PM","102","Information","Microsoft-Windows-TaskScheduler","Task Scheduler successfully finished ""{104805de-32fb-45c8-84d5-b9cffc4828d9}"" instance of the ""\Scaffold\ScaffoldDeployEngine"" task for user ""NT AUTHORITY\SYSTEM""."
"5/24/2026 3:48:41 PM","201","Information","Microsoft-Windows-TaskScheduler","Task Scheduler successfully completed task ""\Scaffold\ScaffoldDeployEngine"" , instance ""{104805de-32fb-45c8-84d5-b9cffc4828d9}"" , action ""powershell.exe"" with return code 0."
"5/24/2026 3:48:41 PM","200","Information","Microsoft-Windows-TaskScheduler","Task Scheduler launched action ""powershell.exe"" in instance ""{104805de-32fb-45c8-84d5-b9cffc4828d9}"" of task ""\Scaffold\ScaffoldDeployEngine""."
"5/24/2026 3:48:41 PM","100","Information","Microsoft-Windows-TaskScheduler","Task Scheduler started ""{104805de-32fb-45c8-84d5-b9cffc4828d9}"" instance of the ""\Scaffold\ScaffoldDeployEngine"" task for user ""NT AUTHORITY\SYSTEM""."
"5/24/2026 3:48:41 PM","129","Information","Microsoft-Windows-TaskScheduler","Task Scheduler launch task ""\Scaffold\ScaffoldDeployEngine"" , instance ""powershell.exe""  with process ID 6744."
"5/24/2026 3:48:41 PM","107","Information","Microsoft-Windows-TaskScheduler","Task Scheduler launched ""{104805de-32fb-45c8-84d5-b9cffc4828d9}""  instance of task ""\Scaffold\ScaffoldDeployEngine"" due to a time trigger condition."
"5/24/2026 3:46:41 PM","102","Information","Microsoft-Windows-TaskScheduler","Task Scheduler successfully finished ""{fccfe272-4ac1-4116-961a-299810dfbfcf}"" instance of the ""\Scaffold\ScaffoldDeployEngine"" task for user ""NT AUTHORITY\SYSTEM""."
"5/24/2026 3:46:41 PM","201","Information","Microsoft-Windows-TaskScheduler","Task Scheduler successfully completed task ""\Scaffold\ScaffoldDeployEngine"" , instance ""{fccfe272-4ac1-4116-961a-299810dfbfcf}"" , action ""powershell.exe"" with return code 0."
"5/24/2026 3:46:41 PM","200","Information","Microsoft-Windows-TaskScheduler","Task Scheduler launched action ""powershell.exe"" in instance ""{fccfe272-4ac1-4116-961a-299810dfbfcf}"" of task ""\Scaffold\ScaffoldDeployEngine""."
"5/24/2026 3:46:41 PM","100","Information","Microsoft-Windows-TaskScheduler","Task Scheduler started ""{fccfe272-4ac1-4116-961a-299810dfbfcf}"" instance of the ""\Scaffold\ScaffoldDeployEngine"" task for user ""NT AUTHORITY\SYSTEM""."
"5/24/2026 3:46:41 PM","129","Information","Microsoft-Windows-TaskScheduler","Task Scheduler launch task ""\Scaffold\ScaffoldDeployEngine"" , instance ""powershell.exe""  with process ID 2312."
"5/24/2026 3:46:41 PM","107","Information","Microsoft-Windows-TaskScheduler","Task Scheduler launched ""{fccfe272-4ac1-4116-961a-299810dfbfcf}""  instance of task ""\Scaffold\ScaffoldDeployEngine"" due to a time trigger condition."
"5/24/2026 3:44:41 PM","102","Information","Microsoft-Windows-TaskScheduler","Task Scheduler successfully finished ""{fce0826e-d203-4547-994a-8b2e1baa16ce}"" instance of the ""\Scaffold\ScaffoldDeployEngine"" task for user ""NT AUTHORITY\SYSTEM""."
"5/24/2026 3:44:41 PM","201","Information","Microsoft-Windows-TaskScheduler","Task Scheduler successfully completed task ""\Scaffold\ScaffoldDeployEngine"" , instance ""{fce0826e-d203-4547-994a-8b2e1baa16ce}"" , action ""powershell.exe"" with return code 0."
"5/24/2026 3:44:41 PM","200","Information","Microsoft-Windows-TaskScheduler","Task Scheduler launched action ""powershell.exe"" in instance ""{fce0826e-d203-4547-994a-8b2e1baa16ce}"" of task ""\Scaffold\ScaffoldDeployEngine""."
"5/24/2026 3:44:41 PM","100","Information","Microsoft-Windows-TaskScheduler","Task Scheduler started ""{fce0826e-d203-4547-994a-8b2e1baa16ce}"" instance of the ""\Scaffold\ScaffoldDeployEngine"" task for user ""NT AUTHORITY\SYSTEM""."
"5/24/2026 3:44:41 PM","129","Information","Microsoft-Windows-TaskScheduler","Task Scheduler launch task ""\Scaffold\ScaffoldDeployEngine"" , instance ""powershell.exe""  with process ID 4308."
"5/24/2026 3:44:41 PM","107","Information","Microsoft-Windows-TaskScheduler","Task Scheduler launched ""{fce0826e-d203-4547-994a-8b2e1baa16ce}""  instance of task ""\Scaffold\ScaffoldDeployEngine"" due to a time trigger condition."
"5/24/2026 3:42:41 PM","102","Information","Microsoft-Windows-TaskScheduler","Task Scheduler successfully finished ""{4c2e816c-170c-4821-8e53-e3fed69369a4}"" instance of the ""\Scaffold\ScaffoldDeployEngine"" task for user ""NT AUTHORITY\SYSTEM""."
"5/24/2026 3:42:41 PM","201","Information","Microsoft-Windows-TaskScheduler","Task Scheduler successfully completed task ""\Scaffold\ScaffoldDeployEngine"" , instance ""{4c2e816c-170c-4821-8e53-e3fed69369a4}"" , action ""powershell.exe"" with return code 0."
"5/24/2026 3:42:41 PM","200","Information","Microsoft-Windows-TaskScheduler","Task Scheduler launched action ""powershell.exe"" in instance ""{4c2e816c-170c-4821-8e53-e3fed69369a4}"" of task ""\Scaffold\ScaffoldDeployEngine""."
"5/24/2026 3:42:41 PM","100","Information","Microsoft-Windows-TaskScheduler","Task Scheduler started ""{4c2e816c-170c-4821-8e53-e3fed69369a4}"" instance of the ""\Scaffold\ScaffoldDeployEngine"" task for user ""NT AUTHORITY\SYSTEM""."
"5/24/2026 3:42:41 PM","129","Information","Microsoft-Windows-TaskScheduler","Task Scheduler launch task ""\Scaffold\ScaffoldDeployEngine"" , instance ""powershell.exe""  with process ID 4128."
"5/24/2026 3:42:41 PM","107","Information","Microsoft-Windows-TaskScheduler","Task Scheduler launched ""{4c2e816c-170c-4821-8e53-e3fed69369a4}""  instance of task ""\Scaffold\ScaffoldDeployEngine"" due to a time trigger condition."
"5/24/2026 3:41:19 PM","102","Information","Microsoft-Windows-TaskScheduler","Task Scheduler successfully finished ""{2c7e58b0-ee18-4b1d-b5d5-3a5134aa37cf}"" instance of the ""\Microsoft\Windows\Workplace Join\Automatic-Device-Join"" task for user ""NT AUTHORITY\SYSTEM""."
"5/24/2026 3:41:19 PM","201","Information","Microsoft-Windows-TaskScheduler","Task Scheduler successfully completed task ""\Microsoft\Windows\Workplace Join\Automatic-Device-Join"" , instance ""{2c7e58b0-ee18-4b1d-b5d5-3a5134aa37cf}"" , action ""%SystemRoot%\System32\dsregcmd.exe"" with return code 2147942401."
"5/24/2026 3:41:19 PM","200","Information","Microsoft-Windows-TaskScheduler","Task Scheduler launched action ""%SystemRoot%\System32\dsregcmd.exe"" in instance ""{2c7e58b0-ee18-4b1d-b5d5-3a5134aa37cf}"" of task ""\Microsoft\Windows\Workplace Join\Automatic-Device-Join""."
"5/24/2026 3:41:19 PM","100","Information","Microsoft-Windows-TaskScheduler","Task Scheduler started ""{2c7e58b0-ee18-4b1d-b5d5-3a5134aa37cf}"" instance of the ""\Microsoft\Windows\Workplace Join\Automatic-Device-Join"" task for user ""NT AUTHORITY\SYSTEM""."
"5/24/2026 3:41:19 PM","129","Information","Microsoft-Windows-TaskScheduler","Task Scheduler launch task ""\Microsoft\Windows\Workplace Join\Automatic-Device-Join"" , instance ""%SystemRoot%\System32\dsregcmd.exe""  with process ID 4512."
"5/24/2026 3:41:19 PM","108","Information","Microsoft-Windows-TaskScheduler","Task Scheduler launched ""{2c7e58b0-ee18-4b1d-b5d5-3a5134aa37cf}""  instance of task ""\Microsoft\Windows\Workplace Join\Automatic-Device-Join""  according to an event trigger."
"5/24/2026 3:40:41 PM","102","Information","Microsoft-Windows-TaskScheduler","Task Scheduler successfully finished ""{23ce5d2a-e7f7-46f3-aa14-754ebaf7b1df}"" instance of the ""\Scaffold\ScaffoldDeployEngine"" task for user ""NT AUTHORITY\SYSTEM""."
"5/24/2026 3:40:41 PM","201","Information","Microsoft-Windows-TaskScheduler","Task Scheduler successfully completed task ""\Scaffold\ScaffoldDeployEngine"" , instance ""{23ce5d2a-e7f7-46f3-aa14-754ebaf7b1df}"" , action ""powershell.exe"" with return code 0."
"5/24/2026 3:40:41 PM","200","Information","Microsoft-Windows-TaskScheduler","Task Scheduler launched action ""powershell.exe"" in instance ""{23ce5d2a-e7f7-46f3-aa14-754ebaf7b1df}"" of task ""\Scaffold\ScaffoldDeployEngine""."
"5/24/2026 3:40:41 PM","100","Information","Microsoft-Windows-TaskScheduler","Task Scheduler started ""{23ce5d2a-e7f7-46f3-aa14-754ebaf7b1df}"" instance of the ""\Scaffold\ScaffoldDeployEngine"" task for user ""NT AUTHORITY\SYSTEM""."
"5/24/2026 3:40:41 PM","129","Information","Microsoft-Windows-TaskScheduler","Task Scheduler launch task ""\Scaffold\ScaffoldDeployEngine"" , instance ""powershell.exe""  with process ID 372."
"5/24/2026 3:40:41 PM","107","Information","Microsoft-Windows-TaskScheduler","Task Scheduler launched ""{23ce5d2a-e7f7-46f3-aa14-754ebaf7b1df}""  instance of task ""\Scaffold\ScaffoldDeployEngine"" due to a time trigger condition."
"5/24/2026 3:40:22 PM","140","Information","Microsoft-Windows-TaskScheduler","User ""SCAFFOLD\DC$""  updated Task Scheduler task ""\Microsoft\Windows\SoftwareProtectionPlatform\SvcRestartTask"""
"5/24/2026 3:39:23 PM","102","Information","Microsoft-Windows-TaskScheduler","Task Scheduler successfully finished ""{384a7e66-a8b5-4e1e-b814-e6c3433245a2}"" instance of the ""\MicrosoftEdgeUpdateTaskMachineUA"" task for user ""NT AUTHORITY\SYSTEM""."
"5/24/2026 3:39:23 PM","201","Information","Microsoft-Windows-TaskScheduler","Task Scheduler successfully completed task ""\MicrosoftEdgeUpdateTaskMachineUA"" , instance ""{384a7e66-a8b5-4e1e-b814-e6c3433245a2}"" , action ""C:\Program Files (x86)\Microsoft\EdgeUpdate\MicrosoftEdgeUpdate.exe"" with return code 0."
"5/24/2026 3:39:23 PM","200","Information","Microsoft-Windows-TaskScheduler","Task Scheduler launched action ""C:\Program Files (x86)\Microsoft\EdgeUpdate\MicrosoftEdgeUpdate.exe"" in instance ""{384a7e66-a8b5-4e1e-b814-e6c3433245a2}"" of task ""\MicrosoftEdgeUpdateTaskMachineUA""."
"5/24/2026 3:39:23 PM","100","Information","Microsoft-Windows-TaskScheduler","Task Scheduler started ""{384a7e66-a8b5-4e1e-b814-e6c3433245a2}"" instance of the ""\MicrosoftEdgeUpdateTaskMachineUA"" task for user ""NT AUTHORITY\SYSTEM""."
"5/24/2026 3:39:23 PM","129","Information","Microsoft-Windows-TaskScheduler","Task Scheduler launch task ""\MicrosoftEdgeUpdateTaskMachineUA"" , instance ""C:\Program Files (x86)\Microsoft\EdgeUpdate\MicrosoftEdgeUpdate.exe""  with process ID 4048."
"5/24/2026 3:39:23 PM","107","Information","Microsoft-Windows-TaskScheduler","Task Scheduler launched ""{384a7e66-a8b5-4e1e-b814-e6c3433245a2}""  instance of task ""\MicrosoftEdgeUpdateTaskMachineUA"" due to a time trigger condition."
"5/24/2026 3:38:41 PM","102","Information","Microsoft-Windows-TaskScheduler","Task Scheduler successfully finished ""{28442cb1-7224-4b9b-a554-81a958f02573}"" instance of the ""\Scaffold\ScaffoldDeployEngine"" task for user ""NT AUTHORITY\SYSTEM""."
"5/24/2026 3:38:41 PM","201","Information","Microsoft-Windows-TaskScheduler","Task Scheduler successfully completed task ""\Scaffold\ScaffoldDeployEngine"" , instance ""{28442cb1-7224-4b9b-a554-81a958f02573}"" , action ""powershell.exe"" with return code 0."
"5/24/2026 3:38:41 PM","200","Information","Microsoft-Windows-TaskScheduler","Task Scheduler launched action ""powershell.exe"" in instance ""{28442cb1-7224-4b9b-a554-81a958f02573}"" of task ""\Scaffold\ScaffoldDeployEngine""."
"5/24/2026 3:38:41 PM","100","Information","Microsoft-Windows-TaskScheduler","Task Scheduler started ""{28442cb1-7224-4b9b-a554-81a958f02573}"" instance of the ""\Scaffold\ScaffoldDeployEngine"" task for user ""NT AUTHORITY\SYSTEM""."
"5/24/2026 3:38:41 PM","129","Information","Microsoft-Windows-TaskScheduler","Task Scheduler launch task ""\Scaffold\ScaffoldDeployEngine"" , instance ""powershell.exe""  with process ID 628."
"5/24/2026 3:38:41 PM","107","Information","Microsoft-Windows-TaskScheduler","Task Scheduler launched ""{28442cb1-7224-4b9b-a554-81a958f02573}""  instance of task ""\Scaffold\ScaffoldDeployEngine"" due to a time trigger condition."
"5/24/2026 3:36:41 PM","102","Information","Microsoft-Windows-TaskScheduler","Task Scheduler successfully finished ""{10eaede6-a476-4a6e-b4b4-116a82146776}"" instance of the ""\Scaffold\ScaffoldDeployEngine"" task for user ""NT AUTHORITY\SYSTEM""."
"5/24/2026 3:36:41 PM","201","Information","Microsoft-Windows-TaskScheduler","Task Scheduler successfully completed task ""\Scaffold\ScaffoldDeployEngine"" , instance ""{10eaede6-a476-4a6e-b4b4-116a82146776}"" , action ""powershell.exe"" with return code 0."
"5/24/2026 3:36:41 PM","200","Information","Microsoft-Windows-TaskScheduler","Task Scheduler launched action ""powershell.exe"" in instance ""{10eaede6-a476-4a6e-b4b4-116a82146776}"" of task ""\Scaffold\ScaffoldDeployEngine""."
"5/24/2026 3:36:41 PM","100","Information","Microsoft-Windows-TaskScheduler","Task Scheduler started ""{10eaede6-a476-4a6e-b4b4-116a82146776}"" instance of the ""\Scaffold\ScaffoldDeployEngine"" task for user ""NT AUTHORITY\SYSTEM""."
"5/24/2026 3:36:41 PM","129","Information","Microsoft-Windows-TaskScheduler","Task Scheduler launch task ""\Scaffold\ScaffoldDeployEngine"" , instance ""powershell.exe""  with process ID 7884."
"5/24/2026 3:36:41 PM","107","Information","Microsoft-Windows-TaskScheduler","Task Scheduler launched ""{10eaede6-a476-4a6e-b4b4-116a82146776}""  instance of task ""\Scaffold\ScaffoldDeployEngine"" due to a time trigger condition."
"5/24/2026 3:34:41 PM","102","Information","Microsoft-Windows-TaskScheduler","Task Scheduler successfully finished ""{907c64bf-50b5-4d20-a3b6-3462e24d5f6b}"" instance of the ""\Scaffold\ScaffoldDeployEngine"" task for user ""NT AUTHORITY\SYSTEM""."
"5/24/2026 3:34:41 PM","201","Information","Microsoft-Windows-TaskScheduler","Task Scheduler successfully completed task ""\Scaffold\ScaffoldDeployEngine"" , instance ""{907c64bf-50b5-4d20-a3b6-3462e24d5f6b}"" , action ""powershell.exe"" with return code 0."
"5/24/2026 3:34:41 PM","200","Information","Microsoft-Windows-TaskScheduler","Task Scheduler launched action ""powershell.exe"" in instance ""{907c64bf-50b5-4d20-a3b6-3462e24d5f6b}"" of task ""\Scaffold\ScaffoldDeployEngine""."
"5/24/2026 3:34:41 PM","100","Information","Microsoft-Windows-TaskScheduler","Task Scheduler started ""{907c64bf-50b5-4d20-a3b6-3462e24d5f6b}"" instance of the ""\Scaffold\ScaffoldDeployEngine"" task for user ""NT AUTHORITY\SYSTEM""."
"5/24/2026 3:34:41 PM","129","Information","Microsoft-Windows-TaskScheduler","Task Scheduler launch task ""\Scaffold\ScaffoldDeployEngine"" , instance ""powershell.exe""  with process ID 4400."
"5/24/2026 3:34:41 PM","107","Information","Microsoft-Windows-TaskScheduler","Task Scheduler launched ""{907c64bf-50b5-4d20-a3b6-3462e24d5f6b}""  instance of task ""\Scaffold\ScaffoldDeployEngine"" due to a time trigger condition."
"5/24/2026 3:32:41 PM","102","Information","Microsoft-Windows-TaskScheduler","Task Scheduler successfully finished ""{c2bed254-d95d-4deb-846e-3bbc05ccf415}"" instance of the ""\Scaffold\ScaffoldDeployEngine"" task for user ""NT AUTHORITY\SYSTEM""."
"5/24/2026 3:32:41 PM","201","Information","Microsoft-Windows-TaskScheduler","Task Scheduler successfully completed task ""\Scaffold\ScaffoldDeployEngine"" , instance ""{c2bed254-d95d-4deb-846e-3bbc05ccf415}"" , action ""powershell.exe"" with return code 0."
"5/24/2026 3:32:41 PM","200","Information","Microsoft-Windows-TaskScheduler","Task Scheduler launched action ""powershell.exe"" in instance ""{c2bed254-d95d-4deb-846e-3bbc05ccf415}"" of task ""\Scaffold\ScaffoldDeployEngine""."
"5/24/2026 3:32:41 PM","100","Information","Microsoft-Windows-TaskScheduler","Task Scheduler started ""{c2bed254-d95d-4deb-846e-3bbc05ccf415}"" instance of the ""\Scaffold\ScaffoldDeployEngine"" task for user ""NT AUTHORITY\SYSTEM""."
"5/24/2026 3:32:41 PM","129","Information","Microsoft-Windows-TaskScheduler","Task Scheduler launch task ""\Scaffold\ScaffoldDeployEngine"" , instance ""powershell.exe""  with process ID 4888."
"5/24/2026 3:32:41 PM","107","Information","Microsoft-Windows-TaskScheduler","Task Scheduler launched ""{c2bed254-d95d-4deb-846e-3bbc05ccf415}""  instance of task ""\Scaffold\ScaffoldDeployEngine"" due to a time trigger condition."
"5/24/2026 3:31:12 PM","140","Information","Microsoft-Windows-TaskScheduler","User ""NT AUTHORITY\SYSTEM""  updated Task Scheduler task ""\Microsoft\Windows\WindowsUpdate\Scheduled Start"""
"5/24/2026 3:30:41 PM","102","Information","Microsoft-Windows-TaskScheduler","Task Scheduler successfully finished ""{f426986f-7fa5-43c1-9040-e6b6171b887f}"" instance of the ""\Scaffold\ScaffoldDeployEngine"" task for user ""NT AUTHORITY\SYSTEM""."
"5/24/2026 3:30:41 PM","201","Information","Microsoft-Windows-TaskScheduler","Task Scheduler successfully completed task ""\Scaffold\ScaffoldDeployEngine"" , instance ""{f426986f-7fa5-43c1-9040-e6b6171b887f}"" , action ""powershell.exe"" with return code 0."
"5/24/2026 3:30:41 PM","200","Information","Microsoft-Windows-TaskScheduler","Task Scheduler launched action ""powershell.exe"" in instance ""{f426986f-7fa5-43c1-9040-e6b6171b887f}"" of task ""\Scaffold\ScaffoldDeployEngine""."
"5/24/2026 3:30:41 PM","100","Information","Microsoft-Windows-TaskScheduler","Task Scheduler started ""{f426986f-7fa5-43c1-9040-e6b6171b887f}"" instance of the ""\Scaffold\ScaffoldDeployEngine"" task for user ""NT AUTHORITY\SYSTEM""."
"5/24/2026 3:30:41 PM","129","Information","Microsoft-Windows-TaskScheduler","Task Scheduler launch task ""\Scaffold\ScaffoldDeployEngine"" , instance ""powershell.exe""  with process ID 7532."
"5/24/2026 3:30:41 PM","107","Information","Microsoft-Windows-TaskScheduler","Task Scheduler launched ""{f426986f-7fa5-43c1-9040-e6b6171b887f}""  instance of task ""\Scaffold\ScaffoldDeployEngine"" due to a time trigger condition."
"5/24/2026 3:28:41 PM","102","Information","Microsoft-Windows-TaskScheduler","Task Scheduler successfully finished ""{3966b464-566b-4df1-89d1-eccd672c260d}"" instance of the ""\Scaffold\ScaffoldDeployEngine"" task for user ""NT AUTHORITY\SYSTEM""."
"5/24/2026 3:28:41 PM","201","Information","Microsoft-Windows-TaskScheduler","Task Scheduler successfully completed task ""\Scaffold\ScaffoldDeployEngine"" , instance ""{3966b464-566b-4df1-89d1-eccd672c260d}"" , action ""powershell.exe"" with return code 0."
"5/24/2026 3:28:41 PM","200","Information","Microsoft-Windows-TaskScheduler","Task Scheduler launched action ""powershell.exe"" in instance ""{3966b464-566b-4df1-89d1-eccd672c260d}"" of task ""\Scaffold\ScaffoldDeployEngine""."
"5/24/2026 3:28:41 PM","100","Information","Microsoft-Windows-TaskScheduler","Task Scheduler started ""{3966b464-566b-4df1-89d1-eccd672c260d}"" instance of the ""\Scaffold\ScaffoldDeployEngine"" task for user ""NT AUTHORITY\SYSTEM""."
"5/24/2026 3:28:41 PM","129","Information","Microsoft-Windows-TaskScheduler","Task Scheduler launch task ""\Scaffold\ScaffoldDeployEngine"" , instance ""powershell.exe""  with process ID 5536."
"5/24/2026 3:28:41 PM","107","Information","Microsoft-Windows-TaskScheduler","Task Scheduler launched ""{3966b464-566b-4df1-89d1-eccd672c260d}""  instance of task ""\Scaffold\ScaffoldDeployEngine"" due to a time trigger condition."
"5/24/2026 3:26:41 PM","102","Information","Microsoft-Windows-TaskScheduler","Task Scheduler successfully finished ""{f038e1ff-3ac4-4637-bb97-68afe1afbd94}"" instance of the ""\Scaffold\ScaffoldDeployEngine"" task for user ""NT AUTHORITY\SYSTEM""."
"5/24/2026 3:26:41 PM","201","Information","Microsoft-Windows-TaskScheduler","Task Scheduler successfully completed task ""\Scaffold\ScaffoldDeployEngine"" , instance ""{f038e1ff-3ac4-4637-bb97-68afe1afbd94}"" , action ""powershell.exe"" with return code 0."
"5/24/2026 3:26:41 PM","200","Information","Microsoft-Windows-TaskScheduler","Task Scheduler launched action ""powershell.exe"" in instance ""{f038e1ff-3ac4-4637-bb97-68afe1afbd94}"" of task ""\Scaffold\ScaffoldDeployEngine""."
"5/24/2026 3:26:41 PM","100","Information","Microsoft-Windows-TaskScheduler","Task Scheduler started ""{f038e1ff-3ac4-4637-bb97-68afe1afbd94}"" instance of the ""\Scaffold\ScaffoldDeployEngine"" task for user ""NT AUTHORITY\SYSTEM""."
"5/24/2026 3:26:41 PM","129","Information","Microsoft-Windows-TaskScheduler","Task Scheduler launch task ""\Scaffold\ScaffoldDeployEngine"" , instance ""powershell.exe""  with process ID 2220."
"5/24/2026 3:26:41 PM","107","Information","Microsoft-Windows-TaskScheduler","Task Scheduler launched ""{f038e1ff-3ac4-4637-bb97-68afe1afbd94}""  instance of task ""\Scaffold\ScaffoldDeployEngine"" due to a time trigger condition."
"5/24/2026 3:24:41 PM","102","Information","Microsoft-Windows-TaskScheduler","Task Scheduler successfully finished ""{2f60ddb8-454c-4250-8c3c-a171bb7ddc1e}"" instance of the ""\Scaffold\ScaffoldDeployEngine"" task for user ""NT AUTHORITY\SYSTEM""."
"5/24/2026 3:24:41 PM","201","Information","Microsoft-Windows-TaskScheduler","Task Scheduler successfully completed task ""\Scaffold\ScaffoldDeployEngine"" , instance ""{2f60ddb8-454c-4250-8c3c-a171bb7ddc1e}"" , action ""powershell.exe"" with return code 0."
"5/24/2026 3:24:41 PM","200","Information","Microsoft-Windows-TaskScheduler","Task Scheduler launched action ""powershell.exe"" in instance ""{2f60ddb8-454c-4250-8c3c-a171bb7ddc1e}"" of task ""\Scaffold\ScaffoldDeployEngine""."
"5/24/2026 3:24:41 PM","100","Information","Microsoft-Windows-TaskScheduler","Task Scheduler started ""{2f60ddb8-454c-4250-8c3c-a171bb7ddc1e}"" instance of the ""\Scaffold\ScaffoldDeployEngine"" task for user ""NT AUTHORITY\SYSTEM""."
"5/24/2026 3:24:41 PM","129","Information","Microsoft-Windows-TaskScheduler","Task Scheduler launch task ""\Scaffold\ScaffoldDeployEngine"" , instance ""powershell.exe""  with process ID 7872."
"5/24/2026 3:24:41 PM","107","Information","Microsoft-Windows-TaskScheduler","Task Scheduler launched ""{2f60ddb8-454c-4250-8c3c-a171bb7ddc1e}""  instance of task ""\Scaffold\ScaffoldDeployEngine"" due to a time trigger condition."
"5/24/2026 3:22:41 PM","102","Information","Microsoft-Windows-TaskScheduler","Task Scheduler successfully finished ""{93c7382e-5419-4cb0-ab36-612560f75809}"" instance of the ""\Scaffold\ScaffoldDeployEngine"" task for user ""NT AUTHORITY\SYSTEM""."
"5/24/2026 3:22:41 PM","201","Information","Microsoft-Windows-TaskScheduler","Task Scheduler successfully completed task ""\Scaffold\ScaffoldDeployEngine"" , instance ""{93c7382e-5419-4cb0-ab36-612560f75809}"" , action ""powershell.exe"" with return code 0."
"5/24/2026 3:22:41 PM","200","Information","Microsoft-Windows-TaskScheduler","Task Scheduler launched action ""powershell.exe"" in instance ""{93c7382e-5419-4cb0-ab36-612560f75809}"" of task ""\Scaffold\ScaffoldDeployEngine""."
"5/24/2026 3:22:41 PM","100","Information","Microsoft-Windows-TaskScheduler","Task Scheduler started ""{93c7382e-5419-4cb0-ab36-612560f75809}"" instance of the ""\Scaffold\ScaffoldDeployEngine"" task for user ""NT AUTHORITY\SYSTEM""."
"5/24/2026 3:22:41 PM","129","Information","Microsoft-Windows-TaskScheduler","Task Scheduler launch task ""\Scaffold\ScaffoldDeployEngine"" , instance ""powershell.exe""  with process ID 2804."
"5/24/2026 3:22:41 PM","107","Information","Microsoft-Windows-TaskScheduler","Task Scheduler launched ""{93c7382e-5419-4cb0-ab36-612560f75809}""  instance of task ""\Scaffold\ScaffoldDeployEngine"" due to a time trigger condition."
"5/24/2026 3:21:41 PM","102","Information","Microsoft-Windows-TaskScheduler","Task Scheduler successfully finished ""{febbbc3f-9e51-46c1-a8a4-19fef04ad2da}"" instance of the ""\Microsoft\Windows\Device Information\Device User"" task for user ""SCAFFOLD\Administrator""."
"5/24/2026 3:21:41 PM","201","Information","Microsoft-Windows-TaskScheduler","Task Scheduler successfully completed task ""\Microsoft\Windows\Device Information\Device User"" , instance ""{febbbc3f-9e51-46c1-a8a4-19fef04ad2da}"" , action ""%windir%\system32\devicecensus.exe"" with return code 0."
"5/24/2026 3:21:41 PM","200","Information","Microsoft-Windows-TaskScheduler","Task Scheduler launched action ""%windir%\system32\devicecensus.exe"" in instance ""{febbbc3f-9e51-46c1-a8a4-19fef04ad2da}"" of task ""\Microsoft\Windows\Device Information\Device User""."
"5/24/2026 3:21:41 PM","100","Information","Microsoft-Windows-TaskScheduler","Task Scheduler started ""{febbbc3f-9e51-46c1-a8a4-19fef04ad2da}"" instance of the ""\Microsoft\Windows\Device Information\Device User"" task for user ""SCAFFOLD\Administrator""."
"5/24/2026 3:21:41 PM","129","Information","Microsoft-Windows-TaskScheduler","Task Scheduler launch task ""\Microsoft\Windows\Device Information\Device User"" , instance ""%windir%\system32\devicecensus.exe""  with process ID 4672."
"5/24/2026 3:21:41 PM","119","Information","Microsoft-Windows-TaskScheduler","Task Scheduler launched ""{febbbc3f-9e51-46c1-a8a4-19fef04ad2da}""  instance of task ""\Microsoft\Windows\Device Information\Device User"" due to user ""SCAFFOLD\Administrator""  logon."
"5/24/2026 3:21:13 PM","102","Information","Microsoft-Windows-TaskScheduler","Task Scheduler successfully finished ""{f6d77544-312e-4308-b792-44875673cd5e}"" instance of the ""\Microsoft\Windows\DiskCleanup\SilentCleanup"" task for user ""SCAFFOLD\Administrator""."
"5/24/2026 3:21:13 PM","201","Information","Microsoft-Windows-TaskScheduler","Task Scheduler successfully completed task ""\Microsoft\Windows\DiskCleanup\SilentCleanup"" , instance ""{f6d77544-312e-4308-b792-44875673cd5e}"" , action ""%windir%\system32\cleanmgr.exe"" with return code 0."
"5/24/2026 3:21:06 PM","110","Information","Microsoft-Windows-TaskScheduler","Task Scheduler launched ""{5ff00a48-f817-48c4-a938-37527a5af211}""  instance of task ""\Microsoft\Windows\DiskCleanup\SilentCleanup""  for user ""Users"" ."
"5/24/2026 3:21:06 PM","200","Information","Microsoft-Windows-TaskScheduler","Task Scheduler launched action ""%windir%\system32\cleanmgr.exe"" in instance ""{f6d77544-312e-4308-b792-44875673cd5e}"" of task ""\Microsoft\Windows\DiskCleanup\SilentCleanup""."
"5/24/2026 3:21:06 PM","100","Information","Microsoft-Windows-TaskScheduler","Task Scheduler started ""{f6d77544-312e-4308-b792-44875673cd5e}"" instance of the ""\Microsoft\Windows\DiskCleanup\SilentCleanup"" task for user ""SCAFFOLD\Administrator""."
"5/24/2026 3:21:06 PM","129","Information","Microsoft-Windows-TaskScheduler","Task Scheduler launch task ""\Microsoft\Windows\DiskCleanup\SilentCleanup"" , instance ""%windir%\system32\cleanmgr.exe""  with process ID 1264."
"5/24/2026 3:21:04 PM","140","Information","Microsoft-Windows-TaskScheduler","User ""SCAFFOLD\DC$""  updated Task Scheduler task ""\Microsoft\Windows\SoftwareProtectionPlatform\SvcRestartTask"""
"5/24/2026 3:20:41 PM","102","Information","Microsoft-Windows-TaskScheduler","Task Scheduler successfully finished ""{d633b5c7-7cc4-47f9-8a2f-1a0d82607709}"" instance of the ""\Scaffold\ScaffoldDeployEngine"" task for user ""NT AUTHORITY\SYSTEM""."
"5/24/2026 3:20:41 PM","201","Information","Microsoft-Windows-TaskScheduler","Task Scheduler successfully completed task ""\Scaffold\ScaffoldDeployEngine"" , instance ""{d633b5c7-7cc4-47f9-8a2f-1a0d82607709}"" , action ""powershell.exe"" with return code 0."
"5/24/2026 3:20:41 PM","200","Information","Microsoft-Windows-TaskScheduler","Task Scheduler launched action ""powershell.exe"" in instance ""{d633b5c7-7cc4-47f9-8a2f-1a0d82607709}"" of task ""\Scaffold\ScaffoldDeployEngine""."
"5/24/2026 3:20:41 PM","100","Information","Microsoft-Windows-TaskScheduler","Task Scheduler started ""{d633b5c7-7cc4-47f9-8a2f-1a0d82607709}"" instance of the ""\Scaffold\ScaffoldDeployEngine"" task for user ""NT AUTHORITY\SYSTEM""."
"5/24/2026 3:20:41 PM","129","Information","Microsoft-Windows-TaskScheduler","Task Scheduler launch task ""\Scaffold\ScaffoldDeployEngine"" , instance ""powershell.exe""  with process ID 4984."
"5/24/2026 3:20:41 PM","107","Information","Microsoft-Windows-TaskScheduler","Task Scheduler launched ""{d633b5c7-7cc4-47f9-8a2f-1a0d82607709}""  instance of task ""\Scaffold\ScaffoldDeployEngine"" due to a time trigger condition."
"5/24/2026 3:20:11 PM","140","Information","Microsoft-Windows-TaskScheduler","User ""SCAFFOLD\DC$""  updated Task Scheduler task ""\Microsoft\Windows\Windows Defender\Windows Defender Scheduled Scan"""
"5/24/2026 3:20:11 PM","106","Information","Microsoft-Windows-TaskScheduler","User ""SCAFFOLD\DC$""  registered Task Scheduler task ""\Microsoft\Windows\Windows Defender\Windows Defender Scheduled Scan"""
"5/24/2026 3:20:11 PM","141","Information","Microsoft-Windows-TaskScheduler","User ""NT AUTHORITY\System""  deleted Task Scheduler task ""\Microsoft\Windows\Windows Defender\Windows Defender Scheduled Scan"""
"5/24/2026 3:18:52 PM","103","Error","Microsoft-Windows-TaskScheduler","Task Scheduler failed to start instance ""{c2d00047-99b6-453a-a798-b61bf2504bf9}"" of ""\Microsoft\Windows\Flighting\OneSettings\RefreshCache""  task for user ""NT AUTHORITY\SYSTEM"" . Additional Data: Error Value: 2147954407."
"5/24/2026 3:18:52 PM","202","Error","Microsoft-Windows-TaskScheduler","Task Scheduler failed to complete task ""\Microsoft\Windows\Flighting\OneSettings\RefreshCache"" , instance ""{c2d00047-99b6-453a-a798-b61bf2504bf9}"" , action ""OneSettings Refresh Cache Task Handler"" . Additional Data: Error Value: 2147954407."
"5/24/2026 3:18:52 PM","102","Information","Microsoft-Windows-TaskScheduler","Task Scheduler successfully finished ""{6b6c4949-9db8-431d-8f88-2e084127f705}"" instance of the ""\Microsoft\Windows\Application Experience\PcaPatchDbTask"" task for user ""NT AUTHORITY\SYSTEM""."
"5/24/2026 3:18:52 PM","201","Information","Microsoft-Windows-TaskScheduler","Task Scheduler successfully completed task ""\Microsoft\Windows\Application Experience\PcaPatchDbTask"" , instance ""{6b6c4949-9db8-431d-8f88-2e084127f705}"" , action ""%windir%\system32\rundll32.exe"" with return code 0."
"5/24/2026 3:18:42 PM","102","Information","Microsoft-Windows-TaskScheduler","Task Scheduler successfully finished ""{0c251bca-c221-4bc9-9a90-25d86398367a}"" instance of the ""\Microsoft\Windows\Windows Error Reporting\QueueReporting"" task for user ""NT AUTHORITY\SYSTEM""."
"5/24/2026 3:18:42 PM","201","Information","Microsoft-Windows-TaskScheduler","Task Scheduler successfully completed task ""\Microsoft\Windows\Windows Error Reporting\QueueReporting"" , instance ""{0c251bca-c221-4bc9-9a90-25d86398367a}"" , action ""%windir%\system32\wermgr.exe"" with return code 0."
"5/24/2026 3:18:42 PM","102","Information","Microsoft-Windows-TaskScheduler","Task Scheduler successfully finished ""{c7c19d34-f20b-4158-a3da-782769eb052d}"" instance of the ""\Microsoft\Windows\Customer Experience Improvement Program\Consolidator"" task for user ""NT AUTHORITY\SYSTEM""."
"5/24/2026 3:18:42 PM","201","Information","Microsoft-Windows-TaskScheduler","Task Scheduler successfully completed task ""\Microsoft\Windows\Customer Experience Improvement Program\Consolidator"" , instance ""{c7c19d34-f20b-4158-a3da-782769eb052d}"" , action ""%SystemRoot%\System32\wsqmcons.exe"" with return code 0."
"5/24/2026 3:18:42 PM","200","Information","Microsoft-Windows-TaskScheduler","Task Scheduler launched action ""%SystemRoot%\System32\wsqmcons.exe"" in instance ""{c7c19d34-f20b-4158-a3da-782769eb052d}"" of task ""\Microsoft\Windows\Customer Experience Improvement Program\Consolidator""."
"5/24/2026 3:18:42 PM","100","Information","Microsoft-Windows-TaskScheduler","Task Scheduler started ""{c7c19d34-f20b-4158-a3da-782769eb052d}"" instance of the ""\Microsoft\Windows\Customer Experience Improvement Program\Consolidator"" task for user ""NT AUTHORITY\SYSTEM""."
"5/24/2026 3:18:42 PM","129","Information","Microsoft-Windows-TaskScheduler","Task Scheduler launch task ""\Microsoft\Windows\Customer Experience Improvement Program\Consolidator"" , instance ""%SystemRoot%\System32\wsqmcons.exe""  with process ID 6636."
"5/24/2026 3:18:42 PM","200","Information","Microsoft-Windows-TaskScheduler","Task Scheduler launched action ""%windir%\system32\rundll32.exe"" in instance ""{6b6c4949-9db8-431d-8f88-2e084127f705}"" of task ""\Microsoft\Windows\Application Experience\PcaPatchDbTask""."
"5/24/2026 3:18:42 PM","100","Information","Microsoft-Windows-TaskScheduler","Task Scheduler started ""{6b6c4949-9db8-431d-8f88-2e084127f705}"" instance of the ""\Microsoft\Windows\Application Experience\PcaPatchDbTask"" task for user ""NT AUTHORITY\SYSTEM""."
"5/24/2026 3:18:42 PM","129","Information","Microsoft-Windows-TaskScheduler","Task Scheduler launch task ""\Microsoft\Windows\Application Experience\PcaPatchDbTask"" , instance ""%windir%\system32\rundll32.exe""  with process ID 6160."
"5/24/2026 3:18:42 PM","200","Information","Microsoft-Windows-TaskScheduler","Task Scheduler launched action ""OneSettings Refresh Cache Task Handler"" in instance ""{c2d00047-99b6-453a-a798-b61bf2504bf9}"" of task ""\Microsoft\Windows\Flighting\OneSettings\RefreshCache""."
"5/24/2026 3:18:42 PM","100","Information","Microsoft-Windows-TaskScheduler","Task Scheduler started ""{c2d00047-99b6-453a-a798-b61bf2504bf9}"" instance of the ""\Microsoft\Windows\Flighting\OneSettings\RefreshCache"" task for user ""NT AUTHORITY\SYSTEM""."
"5/24/2026 3:18:42 PM","129","Information","Microsoft-Windows-TaskScheduler","Task Scheduler launch task ""\Microsoft\Windows\Flighting\OneSettings\RefreshCache"" , instance ""taskhostw.exe""  with process ID 7144."
"5/24/2026 3:18:42 PM","200","Information","Microsoft-Windows-TaskScheduler","Task Scheduler launched action ""%windir%\system32\wermgr.exe"" in instance ""{0c251bca-c221-4bc9-9a90-25d86398367a}"" of task ""\Microsoft\Windows\Windows Error Reporting\QueueReporting""."
"5/24/2026 3:18:42 PM","100","Information","Microsoft-Windows-TaskScheduler","Task Scheduler started ""{0c251bca-c221-4bc9-9a90-25d86398367a}"" instance of the ""\Microsoft\Windows\Windows Error Reporting\QueueReporting"" task for user ""NT AUTHORITY\SYSTEM""."
"5/24/2026 3:18:42 PM","129","Information","Microsoft-Windows-TaskScheduler","Task Scheduler launch task ""\Microsoft\Windows\Windows Error Reporting\QueueReporting"" , instance ""%windir%\system32\wermgr.exe""  with process ID 3808."
"5/24/2026 3:18:42 PM","114","Warning","Microsoft-Windows-TaskScheduler","Task Scheduler could not launch task ""\Microsoft\Windows\Application Experience\PcaPatchDbTask""  as scheduled. Instance ""{6b6c4949-9db8-431d-8f88-2e084127f705}""  is started now as required by the configuration option to start the task when available, if schedule is missed."
"5/24/2026 3:18:42 PM","114","Warning","Microsoft-Windows-TaskScheduler","Task Scheduler could not launch task ""\Microsoft\Windows\Flighting\OneSettings\RefreshCache""  as scheduled. Instance ""{c2d00047-99b6-453a-a798-b61bf2504bf9}""  is started now as required by the configuration option to start the task when available, if schedule is missed."
"5/24/2026 3:18:42 PM","114","Warning","Microsoft-Windows-TaskScheduler","Task Scheduler could not launch task ""\Microsoft\Windows\Customer Experience Improvement Program\Consolidator""  as scheduled. Instance ""{c7c19d34-f20b-4158-a3da-782769eb052d}""  is started now as required by the configuration option to start the task when available, if schedule is missed."
"5/24/2026 3:18:42 PM","114","Warning","Microsoft-Windows-TaskScheduler","Task Scheduler could not launch task ""\Microsoft\Windows\Windows Error Reporting\QueueReporting""  as scheduled. Instance ""{0c251bca-c221-4bc9-9a90-25d86398367a}""  is started now as required by the configuration option to start the task when available, if schedule is missed."
"5/24/2026 3:18:41 PM","102","Information","Microsoft-Windows-TaskScheduler","Task Scheduler successfully finished ""{4ca38e1a-c76d-4cf3-a1d3-c1b84ebdf3e8}"" instance of the ""\Scaffold\ScaffoldDeployEngine"" task for user ""NT AUTHORITY\SYSTEM""."
"5/24/2026 3:18:41 PM","201","Information","Microsoft-Windows-TaskScheduler","Task Scheduler successfully completed task ""\Scaffold\ScaffoldDeployEngine"" , instance ""{4ca38e1a-c76d-4cf3-a1d3-c1b84ebdf3e8}"" , action ""powershell.exe"" with return code 0."
"5/24/2026 3:18:41 PM","200","Information","Microsoft-Windows-TaskScheduler","Task Scheduler launched action ""powershell.exe"" in instance ""{4ca38e1a-c76d-4cf3-a1d3-c1b84ebdf3e8}"" of task ""\Scaffold\ScaffoldDeployEngine""."
"5/24/2026 3:18:41 PM","100","Information","Microsoft-Windows-TaskScheduler","Task Scheduler started ""{4ca38e1a-c76d-4cf3-a1d3-c1b84ebdf3e8}"" instance of the ""\Scaffold\ScaffoldDeployEngine"" task for user ""NT AUTHORITY\SYSTEM""."
"5/24/2026 3:18:41 PM","129","Information","Microsoft-Windows-TaskScheduler","Task Scheduler launch task ""\Scaffold\ScaffoldDeployEngine"" , instance ""powershell.exe""  with process ID 1240."
"5/24/2026 3:18:41 PM","107","Information","Microsoft-Windows-TaskScheduler","Task Scheduler launched ""{4ca38e1a-c76d-4cf3-a1d3-c1b84ebdf3e8}""  instance of task ""\Scaffold\ScaffoldDeployEngine"" due to a time trigger condition."
"5/24/2026 3:16:41 PM","102","Information","Microsoft-Windows-TaskScheduler","Task Scheduler successfully finished ""{37f59808-99f6-45fa-8817-43f342c38a2e}"" instance of the ""\Scaffold\ScaffoldDeployEngine"" task for user ""NT AUTHORITY\SYSTEM""."
"5/24/2026 3:16:41 PM","201","Information","Microsoft-Windows-TaskScheduler","Task Scheduler successfully completed task ""\Scaffold\ScaffoldDeployEngine"" , instance ""{37f59808-99f6-45fa-8817-43f342c38a2e}"" , action ""powershell.exe"" with return code 0."
"5/24/2026 3:16:41 PM","200","Information","Microsoft-Windows-TaskScheduler","Task Scheduler launched action ""powershell.exe"" in instance ""{37f59808-99f6-45fa-8817-43f342c38a2e}"" of task ""\Scaffold\ScaffoldDeployEngine""."
"5/24/2026 3:16:41 PM","100","Information","Microsoft-Windows-TaskScheduler","Task Scheduler started ""{37f59808-99f6-45fa-8817-43f342c38a2e}"" instance of the ""\Scaffold\ScaffoldDeployEngine"" task for user ""NT AUTHORITY\SYSTEM""."
"5/24/2026 3:16:41 PM","129","Information","Microsoft-Windows-TaskScheduler","Task Scheduler launch task ""\Scaffold\ScaffoldDeployEngine"" , instance ""powershell.exe""  with process ID 6428."
"5/24/2026 3:16:41 PM","107","Information","Microsoft-Windows-TaskScheduler","Task Scheduler launched ""{37f59808-99f6-45fa-8817-43f342c38a2e}""  instance of task ""\Scaffold\ScaffoldDeployEngine"" due to a time trigger condition."
"5/24/2026 3:14:41 PM","102","Information","Microsoft-Windows-TaskScheduler","Task Scheduler successfully finished ""{c5369da0-66fb-405f-837f-b20b478d796f}"" instance of the ""\Scaffold\ScaffoldDeployEngine"" task for user ""NT AUTHORITY\SYSTEM""."
"5/24/2026 3:14:41 PM","201","Information","Microsoft-Windows-TaskScheduler","Task Scheduler successfully completed task ""\Scaffold\ScaffoldDeployEngine"" , instance ""{c5369da0-66fb-405f-837f-b20b478d796f}"" , action ""powershell.exe"" with return code 0."
"5/24/2026 3:14:41 PM","200","Information","Microsoft-Windows-TaskScheduler","Task Scheduler launched action ""powershell.exe"" in instance ""{c5369da0-66fb-405f-837f-b20b478d796f}"" of task ""\Scaffold\ScaffoldDeployEngine""."
"5/24/2026 3:14:41 PM","100","Information","Microsoft-Windows-TaskScheduler","Task Scheduler started ""{c5369da0-66fb-405f-837f-b20b478d796f}"" instance of the ""\Scaffold\ScaffoldDeployEngine"" task for user ""NT AUTHORITY\SYSTEM""."
"5/24/2026 3:14:41 PM","129","Information","Microsoft-Windows-TaskScheduler","Task Scheduler launch task ""\Scaffold\ScaffoldDeployEngine"" , instance ""powershell.exe""  with process ID 7432."
"5/24/2026 3:14:41 PM","107","Information","Microsoft-Windows-TaskScheduler","Task Scheduler launched ""{c5369da0-66fb-405f-837f-b20b478d796f}""  instance of task ""\Scaffold\ScaffoldDeployEngine"" due to a time trigger condition."
"5/24/2026 3:12:51 PM","140","Information","Microsoft-Windows-TaskScheduler","User ""SCAFFOLD\DC$""  updated Task Scheduler task ""\Microsoft\Windows\SoftwareProtectionPlatform\SvcRestartTask"""
"5/24/2026 3:12:41 PM","102","Information","Microsoft-Windows-TaskScheduler","Task Scheduler successfully finished ""{671a8d14-22fd-4803-9976-eabcca7a37fc}"" instance of the ""\Scaffold\ScaffoldDeployEngine"" task for user ""NT AUTHORITY\SYSTEM""."
"5/24/2026 3:12:41 PM","201","Information","Microsoft-Windows-TaskScheduler","Task Scheduler successfully completed task ""\Scaffold\ScaffoldDeployEngine"" , instance ""{671a8d14-22fd-4803-9976-eabcca7a37fc}"" , action ""powershell.exe"" with return code 0."
"5/24/2026 3:12:41 PM","102","Information","Microsoft-Windows-TaskScheduler","Task Scheduler successfully finished ""{3b4c8dbf-951c-4718-8c84-a8aa13964b1e}"" instance of the ""\Microsoft\Windows\Windows Error Reporting\QueueReporting"" task for user ""NT AUTHORITY\SYSTEM""."
