"5/29/2026 12:30:41 PM","200","Information","Microsoft-Windows-TaskScheduler","Task Scheduler launched action ""powershell.exe"" in instance ""{070cce3c-2f73-48c5-b71e-acdf6017eee3}"" of task ""\Scaffold\ScaffoldDeployEngine""."
"5/29/2026 12:30:41 PM","100","Information","Microsoft-Windows-TaskScheduler","Task Scheduler started ""{070cce3c-2f73-48c5-b71e-acdf6017eee3}"" instance of the ""\Scaffold\ScaffoldDeployEngine"" task for user ""NT AUTHORITY\SYSTEM""."
"5/29/2026 12:30:41 PM","129","Information","Microsoft-Windows-TaskScheduler","Task Scheduler launch task ""\Scaffold\ScaffoldDeployEngine"" , instance ""powershell.exe""  with process ID 7940."
"5/29/2026 12:30:41 PM","107","Information","Microsoft-Windows-TaskScheduler","Task Scheduler launched ""{070cce3c-2f73-48c5-b71e-acdf6017eee3}""  instance of task ""\Scaffold\ScaffoldDeployEngine"" due to a time trigger condition."
"5/29/2026 12:30:08 PM","140","Information","Microsoft-Windows-TaskScheduler","User ""SCAFFOLD\DC$""  updated Task Scheduler task ""\Microsoft\Windows\SoftwareProtectionPlatform\SvcRestartTask"""
"5/29/2026 12:29:59 PM","102","Information","Microsoft-Windows-TaskScheduler","Task Scheduler successfully finished ""{f23d397d-e0e7-4782-9515-944bef31035f}"" instance of the ""\Microsoft\Windows\Windows Error Reporting\QueueReporting"" task for user ""NT AUTHORITY\SYSTEM""."
"5/29/2026 12:29:59 PM","201","Information","Microsoft-Windows-TaskScheduler","Task Scheduler successfully completed task ""\Microsoft\Windows\Windows Error Reporting\QueueReporting"" , instance ""{f23d397d-e0e7-4782-9515-944bef31035f}"" , action ""%windir%\system32\wermgr.exe"" with return code 0."
"5/29/2026 12:29:59 PM","102","Information","Microsoft-Windows-TaskScheduler","Task Scheduler successfully finished ""{57318c5b-6e3f-4618-89d9-c562a8e49dc4}"" instance of the ""\Microsoft\Windows\Flighting\FeatureConfig\ReconcileFeatures"" task for user ""NT AUTHORITY\SYSTEM""."
"5/29/2026 12:29:59 PM","201","Information","Microsoft-Windows-TaskScheduler","Task Scheduler successfully completed task ""\Microsoft\Windows\Flighting\FeatureConfig\ReconcileFeatures"" , instance ""{57318c5b-6e3f-4618-89d9-c562a8e49dc4}"" , action ""Feature Configuration Reconciliation Task Handler"" with return code 0."
"5/29/2026 12:29:58 PM","200","Information","Microsoft-Windows-TaskScheduler","Task Scheduler launched action ""%windir%\system32\wermgr.exe"" in instance ""{f23d397d-e0e7-4782-9515-944bef31035f}"" of task ""\Microsoft\Windows\Windows Error Reporting\QueueReporting""."
"5/29/2026 12:29:58 PM","100","Information","Microsoft-Windows-TaskScheduler","Task Scheduler started ""{f23d397d-e0e7-4782-9515-944bef31035f}"" instance of the ""\Microsoft\Windows\Windows Error Reporting\QueueReporting"" task for user ""NT AUTHORITY\SYSTEM""."
"5/29/2026 12:29:58 PM","129","Information","Microsoft-Windows-TaskScheduler","Task Scheduler launch task ""\Microsoft\Windows\Windows Error Reporting\QueueReporting"" , instance ""%windir%\system32\wermgr.exe""  with process ID 4672."
"5/29/2026 12:29:58 PM","200","Information","Microsoft-Windows-TaskScheduler","Task Scheduler launched action ""Feature Configuration Reconciliation Task Handler"" in instance ""{57318c5b-6e3f-4618-89d9-c562a8e49dc4}"" of task ""\Microsoft\Windows\Flighting\FeatureConfig\ReconcileFeatures""."
"5/29/2026 12:29:58 PM","100","Information","Microsoft-Windows-TaskScheduler","Task Scheduler started ""{57318c5b-6e3f-4618-89d9-c562a8e49dc4}"" instance of the ""\Microsoft\Windows\Flighting\FeatureConfig\ReconcileFeatures"" task for user ""NT AUTHORITY\SYSTEM""."
"5/29/2026 12:29:58 PM","129","Information","Microsoft-Windows-TaskScheduler","Task Scheduler launch task ""\Microsoft\Windows\Flighting\FeatureConfig\ReconcileFeatures"" , instance ""taskhostw.exe""  with process ID 5196."
"5/29/2026 12:29:58 PM","118","Information","Microsoft-Windows-TaskScheduler","Task Scheduler launched ""{f23d397d-e0e7-4782-9515-944bef31035f}""  instance of task ""\Microsoft\Windows\Windows Error Reporting\QueueReporting""  due to system startup."
"5/29/2026 12:29:40 PM","140","Information","Microsoft-Windows-TaskScheduler","User ""SCAFFOLD\DC$""  updated Task Scheduler task ""\Microsoft\Windows\UpdateOrchestrator\Schedule Scan"""
"5/29/2026 12:29:40 PM","140","Information","Microsoft-Windows-TaskScheduler","User ""S-1-5-18""  updated Task Scheduler task ""\Microsoft\Windows\UpdateOrchestrator\Schedule Scan"""
"5/29/2026 12:29:38 PM","140","Information","Microsoft-Windows-TaskScheduler","User ""SCAFFOLD\DC$""  updated Task Scheduler task ""\Microsoft\Windows\Application Experience\PcaPatchDbTask"""
"5/29/2026 12:29:38 PM","110","Information","Microsoft-Windows-TaskScheduler","Task Scheduler launched ""{7b1c84ca-5a1b-4ce1-8c2f-dc8238805f94}""  instance of task ""\Microsoft\Windows\WDI\ResolutionHost""  for user ""Administrator"" ."
"5/29/2026 12:29:38 PM","200","Information","Microsoft-Windows-TaskScheduler","Task Scheduler launched action ""DiagnosticInfrastructureCustomHandler"" in instance ""{7b1c84ca-5a1b-4ce1-8c2f-dc8238805f94}"" of task ""\Microsoft\Windows\WDI\ResolutionHost""."
"5/29/2026 12:29:38 PM","100","Information","Microsoft-Windows-TaskScheduler","Task Scheduler started ""{7b1c84ca-5a1b-4ce1-8c2f-dc8238805f94}"" instance of the ""\Microsoft\Windows\WDI\ResolutionHost"" task for user ""SCAFFOLD\Administrator""."
"5/29/2026 12:29:38 PM","129","Information","Microsoft-Windows-TaskScheduler","Task Scheduler launch task ""\Microsoft\Windows\WDI\ResolutionHost"" , instance ""taskhostw.exe""  with process ID 6224."
"5/29/2026 12:29:38 PM","325","Warning","Microsoft-Windows-TaskScheduler","Task Scheduler queued instance ""{7b1c84ca-5a1b-4ce1-8c2f-dc8238805f94}""  of task ""\Microsoft\Windows\WDI\ResolutionHost""."
"5/29/2026 12:29:19 PM","103","Error","Microsoft-Windows-TaskScheduler","Task Scheduler failed to start instance ""{7f69401b-e3e1-4199-8833-a018fa0a1eff}"" of ""\Microsoft\Windows\International\Synchronize Language Settings""  task for user ""SCAFFOLD\Administrator"" . Additional Data: Error Value: 2147746053."
"5/29/2026 12:29:19 PM","202","Error","Microsoft-Windows-TaskScheduler","Task Scheduler failed to complete task ""\Microsoft\Windows\International\Synchronize Language Settings"" , instance ""{7f69401b-e3e1-4199-8833-a018fa0a1eff}"" , action ""Sync Language Data From Cloud Task"" . Additional Data: Error Value: 2147746053."
"5/29/2026 12:29:12 PM","102","Information","Microsoft-Windows-TaskScheduler","Task Scheduler successfully finished ""{3725f95f-fe9a-4d80-a62b-04ea8d71069d}"" instance of the ""\Microsoft\Windows\Workplace Join\Automatic-Device-Join"" task for user ""NT AUTHORITY\SYSTEM""."
"5/29/2026 12:29:12 PM","201","Information","Microsoft-Windows-TaskScheduler","Task Scheduler successfully completed task ""\Microsoft\Windows\Workplace Join\Automatic-Device-Join"" , instance ""{3725f95f-fe9a-4d80-a62b-04ea8d71069d}"" , action ""%SystemRoot%\System32\dsregcmd.exe"" with return code 2147942401."
"5/29/2026 12:29:12 PM","200","Information","Microsoft-Windows-TaskScheduler","Task Scheduler launched action ""%SystemRoot%\System32\dsregcmd.exe"" in instance ""{3725f95f-fe9a-4d80-a62b-04ea8d71069d}"" of task ""\Microsoft\Windows\Workplace Join\Automatic-Device-Join""."
"5/29/2026 12:29:12 PM","100","Information","Microsoft-Windows-TaskScheduler","Task Scheduler started ""{3725f95f-fe9a-4d80-a62b-04ea8d71069d}"" instance of the ""\Microsoft\Windows\Workplace Join\Automatic-Device-Join"" task for user ""NT AUTHORITY\SYSTEM""."
"5/29/2026 12:29:12 PM","129","Information","Microsoft-Windows-TaskScheduler","Task Scheduler launch task ""\Microsoft\Windows\Workplace Join\Automatic-Device-Join"" , instance ""%SystemRoot%\System32\dsregcmd.exe""  with process ID 7380."
"5/29/2026 12:29:12 PM","119","Information","Microsoft-Windows-TaskScheduler","Task Scheduler launched ""{3725f95f-fe9a-4d80-a62b-04ea8d71069d}""  instance of task ""\Microsoft\Windows\Workplace Join\Automatic-Device-Join"" due to user ""SCAFFOLD\Administrator""  logon."
"5/29/2026 12:29:03 PM","329","Information","Microsoft-Windows-TaskScheduler","Task Scheduler terminated ""{fd6e7b91-6907-4b80-a368-64e939318043}""  instance of the ""\Microsoft\Windows\Shell\CreateObjectTask""  task due to exceeding the time allocated for execution, as configured in the task definition. User Action: Increase the configured task timeout or investigate external reasons for the delay."
"5/29/2026 12:28:41 PM","102","Information","Microsoft-Windows-TaskScheduler","Task Scheduler successfully finished ""{70042ada-1e5e-4451-9e3c-37e340b602d2}"" instance of the ""\Scaffold\ScaffoldDeployEngine"" task for user ""NT AUTHORITY\SYSTEM""."
"5/29/2026 12:28:41 PM","201","Information","Microsoft-Windows-TaskScheduler","Task Scheduler successfully completed task ""\Scaffold\ScaffoldDeployEngine"" , instance ""{70042ada-1e5e-4451-9e3c-37e340b602d2}"" , action ""powershell.exe"" with return code 0."
"5/29/2026 12:28:41 PM","200","Information","Microsoft-Windows-TaskScheduler","Task Scheduler launched action ""powershell.exe"" in instance ""{70042ada-1e5e-4451-9e3c-37e340b602d2}"" of task ""\Scaffold\ScaffoldDeployEngine""."
"5/29/2026 12:28:41 PM","100","Information","Microsoft-Windows-TaskScheduler","Task Scheduler started ""{70042ada-1e5e-4451-9e3c-37e340b602d2}"" instance of the ""\Scaffold\ScaffoldDeployEngine"" task for user ""NT AUTHORITY\SYSTEM""."
"5/29/2026 12:28:41 PM","129","Information","Microsoft-Windows-TaskScheduler","Task Scheduler launch task ""\Scaffold\ScaffoldDeployEngine"" , instance ""powershell.exe""  with process ID 8072."
"5/29/2026 12:28:41 PM","107","Information","Microsoft-Windows-TaskScheduler","Task Scheduler launched ""{70042ada-1e5e-4451-9e3c-37e340b602d2}""  instance of task ""\Scaffold\ScaffoldDeployEngine"" due to a time trigger condition."
"5/29/2026 12:28:40 PM","200","Information","Microsoft-Windows-TaskScheduler","Task Scheduler launched action ""Sync Language Data From Cloud Task"" in instance ""{7f69401b-e3e1-4199-8833-a018fa0a1eff}"" of task ""\Microsoft\Windows\International\Synchronize Language Settings""."
"5/29/2026 12:28:40 PM","100","Information","Microsoft-Windows-TaskScheduler","Task Scheduler started ""{7f69401b-e3e1-4199-8833-a018fa0a1eff}"" instance of the ""\Microsoft\Windows\International\Synchronize Language Settings"" task for user ""SCAFFOLD\Administrator""."
"5/29/2026 12:28:40 PM","129","Information","Microsoft-Windows-TaskScheduler","Task Scheduler launch task ""\Microsoft\Windows\International\Synchronize Language Settings"" , instance ""taskhostw.exe""  with process ID 8024."
"5/29/2026 12:28:40 PM","119","Information","Microsoft-Windows-TaskScheduler","Task Scheduler launched ""{7f69401b-e3e1-4199-8833-a018fa0a1eff}""  instance of task ""\Microsoft\Windows\International\Synchronize Language Settings"" due to user ""SCAFFOLD\Administrator""  logon."
"5/29/2026 12:28:33 PM","200","Information","Microsoft-Windows-TaskScheduler","Task Scheduler launched action ""Shell Create Object Task Delegate"" in instance ""{fd6e7b91-6907-4b80-a368-64e939318043}"" of task ""\Microsoft\Windows\Shell\CreateObjectTask""."
"5/29/2026 12:28:33 PM","100","Information","Microsoft-Windows-TaskScheduler","Task Scheduler started ""{fd6e7b91-6907-4b80-a368-64e939318043}"" instance of the ""\Microsoft\Windows\Shell\CreateObjectTask"" task for user ""NT AUTHORITY\SYSTEM""."
"5/29/2026 12:28:33 PM","129","Information","Microsoft-Windows-TaskScheduler","Task Scheduler launch task ""\Microsoft\Windows\Shell\CreateObjectTask"" , instance ""taskhostw.exe""  with process ID 7856."
"5/29/2026 12:28:33 PM","110","Information","Microsoft-Windows-TaskScheduler","Task Scheduler launched ""{fd6e7b91-6907-4b80-a368-64e939318043}""  instance of task ""\Microsoft\Windows\Shell\CreateObjectTask""  for user ""System"" ."
"5/29/2026 12:28:33 PM","325","Warning","Microsoft-Windows-TaskScheduler","Task Scheduler queued instance ""{fd6e7b91-6907-4b80-a368-64e939318043}""  of task ""\Microsoft\Windows\Shell\CreateObjectTask""."
"5/29/2026 12:28:29 PM","102","Information","Microsoft-Windows-TaskScheduler","Task Scheduler successfully finished ""{6bb40fcf-79ea-46aa-a2a2-e426f15267d7}"" instance of the ""\Microsoft\Windows\Windows Defender\Windows Defender Verification"" task for user ""NT AUTHORITY\SYSTEM""."
"5/29/2026 12:28:29 PM","201","Information","Microsoft-Windows-TaskScheduler","Task Scheduler successfully completed task ""\Microsoft\Windows\Windows Defender\Windows Defender Verification"" , instance ""{6bb40fcf-79ea-46aa-a2a2-e426f15267d7}"" , action ""C:\ProgramData\Microsoft\Windows Defender\Platform\4.18.26030.3011-0\MpCmdRun.exe"" with return code 0."
"5/29/2026 12:28:11 PM","102","Information","Microsoft-Windows-TaskScheduler","Task Scheduler successfully finished ""{d2f60c7b-103c-45af-bd2f-78dd2a4d5ffc}"" instance of the ""\Microsoft\Windows\Server Manager\ServerManager"" task for user ""SCAFFOLD\Administrator""."
"5/29/2026 12:28:11 PM","201","Information","Microsoft-Windows-TaskScheduler","Task Scheduler successfully completed task ""\Microsoft\Windows\Server Manager\ServerManager"" , instance ""{d2f60c7b-103c-45af-bd2f-78dd2a4d5ffc}"" , action ""%windir%\system32\ServerManagerLauncher.exe"" with return code 0."
"5/29/2026 12:28:10 PM","102","Information","Microsoft-Windows-TaskScheduler","Task Scheduler successfully finished ""{8d4baea6-10f6-4218-8644-e1edc6499eab}"" instance of the ""\Microsoft\Windows\WindowsColorSystem\Calibration Loader"" task for user ""SCAFFOLD\Administrator""."
"5/29/2026 12:28:10 PM","201","Information","Microsoft-Windows-TaskScheduler","Task Scheduler successfully completed task ""\Microsoft\Windows\WindowsColorSystem\Calibration Loader"" , instance ""{8d4baea6-10f6-4218-8644-e1edc6499eab}"" , action ""Color Calibration Loader"" with return code 0."
"5/29/2026 12:28:10 PM","102","Information","Microsoft-Windows-TaskScheduler","Task Scheduler successfully finished ""{37216fa3-d03e-4581-b882-7fc714eab845}"" instance of the ""\Microsoft\Windows\Plug and Play\Device Install Reboot Required"" task for user ""SCAFFOLD\Administrator""."
"5/29/2026 12:28:10 PM","201","Information","Microsoft-Windows-TaskScheduler","Task Scheduler successfully completed task ""\Microsoft\Windows\Plug and Play\Device Install Reboot Required"" , instance ""{37216fa3-d03e-4581-b882-7fc714eab845}"" , action ""Device Installation Reboot Dialog Task"" with return code 0."
"5/29/2026 12:28:10 PM","102","Information","Microsoft-Windows-TaskScheduler","Task Scheduler successfully finished ""{1618ad67-873e-4930-adda-7053f34cf285}"" instance of the ""\Microsoft\Windows\CertificateServicesClient\UserTask"" task for user ""SCAFFOLD\Administrator""."
"5/29/2026 12:28:10 PM","201","Information","Microsoft-Windows-TaskScheduler","Task Scheduler successfully completed task ""\Microsoft\Windows\CertificateServicesClient\UserTask"" , instance ""{1618ad67-873e-4930-adda-7053f34cf285}"" , action ""Certificate Services Client Task Handler"" with return code 0."
"5/29/2026 12:28:10 PM","200","Information","Microsoft-Windows-TaskScheduler","Task Scheduler launched action ""Color Calibration Loader"" in instance ""{8d4baea6-10f6-4218-8644-e1edc6499eab}"" of task ""\Microsoft\Windows\WindowsColorSystem\Calibration Loader""."
"5/29/2026 12:28:10 PM","100","Information","Microsoft-Windows-TaskScheduler","Task Scheduler started ""{8d4baea6-10f6-4218-8644-e1edc6499eab}"" instance of the ""\Microsoft\Windows\WindowsColorSystem\Calibration Loader"" task for user ""SCAFFOLD\Administrator""."
"5/29/2026 12:28:10 PM","200","Information","Microsoft-Windows-TaskScheduler","Task Scheduler launched action ""C:\Windows\Explorer.EXE"" in instance ""{391f8b7a-329c-43a8-9567-acfb4828ead6}"" of task ""\CreateExplorerShellUnelevatedTask""."
"5/29/2026 12:28:10 PM","100","Information","Microsoft-Windows-TaskScheduler","Task Scheduler started ""{391f8b7a-329c-43a8-9567-acfb4828ead6}"" instance of the ""\CreateExplorerShellUnelevatedTask"" task for user ""SCAFFOLD\Administrator""."
"5/29/2026 12:28:10 PM","129","Information","Microsoft-Windows-TaskScheduler","Task Scheduler launch task ""\CreateExplorerShellUnelevatedTask"" , instance ""C:\Windows\Explorer.EXE""  with process ID 7056."
"5/29/2026 12:28:10 PM","109","Information","Microsoft-Windows-TaskScheduler","Task Scheduler launched ""{391f8b7a-329c-43a8-9567-acfb4828ead6}""  instance of task ""\CreateExplorerShellUnelevatedTask""  according to a registration trigger."
"5/29/2026 12:28:10 PM","140","Information","Microsoft-Windows-TaskScheduler","User ""SCAFFOLD\Administrator""  updated Task Scheduler task ""\CreateExplorerShellUnelevatedTask"""
"5/29/2026 12:28:10 PM","106","Information","Microsoft-Windows-TaskScheduler","User ""SCAFFOLD\Administrator""  registered Task Scheduler task ""\CreateExplorerShellUnelevatedTask"""
"5/29/2026 12:28:10 PM","141","Information","Microsoft-Windows-TaskScheduler","User ""SCAFFOLD\Administrator""  deleted Task Scheduler task ""\CreateExplorerShellUnelevatedTask"""
"5/29/2026 12:28:10 PM","200","Information","Microsoft-Windows-TaskScheduler","Task Scheduler launched action ""Certificate Services Client Task Handler"" in instance ""{1618ad67-873e-4930-adda-7053f34cf285}"" of task ""\Microsoft\Windows\CertificateServicesClient\UserTask""."
"5/29/2026 12:28:10 PM","100","Information","Microsoft-Windows-TaskScheduler","Task Scheduler started ""{1618ad67-873e-4930-adda-7053f34cf285}"" instance of the ""\Microsoft\Windows\CertificateServicesClient\UserTask"" task for user ""SCAFFOLD\Administrator""."
"5/29/2026 12:28:10 PM","129","Information","Microsoft-Windows-TaskScheduler","Task Scheduler launch task ""\Microsoft\Windows\CertificateServicesClient\UserTask"" , instance ""taskhostw.exe""  with process ID 6832."
"5/29/2026 12:28:10 PM","102","Information","Microsoft-Windows-TaskScheduler","Task Scheduler successfully finished ""{957c7308-fedc-4f5d-94e4-997b60c16506}"" instance of the ""\Microsoft\Windows\TextServicesFramework\MsCtfMonitor"" task for user ""SCAFFOLD\Administrator""."
"5/29/2026 12:28:10 PM","201","Information","Microsoft-Windows-TaskScheduler","Task Scheduler successfully completed task ""\Microsoft\Windows\TextServicesFramework\MsCtfMonitor"" , instance ""{957c7308-fedc-4f5d-94e4-997b60c16506}"" , action ""MsCtfMonitor task handler"" with return code 0."
"5/29/2026 12:28:10 PM","200","Information","Microsoft-Windows-TaskScheduler","Task Scheduler launched action ""C:\Program Files (x86)\Microsoft\EdgeUpdate\MicrosoftEdgeUpdate.exe"" in instance ""{1257d28e-b98a-472f-81fa-9e6bba086283}"" of task ""\MicrosoftEdgeUpdateTaskMachineCore""."
"5/29/2026 12:28:10 PM","100","Information","Microsoft-Windows-TaskScheduler","Task Scheduler started ""{1257d28e-b98a-472f-81fa-9e6bba086283}"" instance of the ""\MicrosoftEdgeUpdateTaskMachineCore"" task for user ""NT AUTHORITY\SYSTEM""."
"5/29/2026 12:28:10 PM","129","Information","Microsoft-Windows-TaskScheduler","Task Scheduler launch task ""\MicrosoftEdgeUpdateTaskMachineCore"" , instance ""C:\Program Files (x86)\Microsoft\EdgeUpdate\MicrosoftEdgeUpdate.exe""  with process ID 6500."
"5/29/2026 12:28:10 PM","200","Information","Microsoft-Windows-TaskScheduler","Task Scheduler launched action ""Device Installation Reboot Dialog Task"" in instance ""{37216fa3-d03e-4581-b882-7fc714eab845}"" of task ""\Microsoft\Windows\Plug and Play\Device Install Reboot Required""."
"5/29/2026 12:28:10 PM","100","Information","Microsoft-Windows-TaskScheduler","Task Scheduler started ""{37216fa3-d03e-4581-b882-7fc714eab845}"" instance of the ""\Microsoft\Windows\Plug and Play\Device Install Reboot Required"" task for user ""SCAFFOLD\Administrator""."
"5/29/2026 12:28:10 PM","129","Information","Microsoft-Windows-TaskScheduler","Task Scheduler launch task ""\Microsoft\Windows\Plug and Play\Device Install Reboot Required"" , instance ""taskhostw.exe""  with process ID 6508."
"5/29/2026 12:28:10 PM","119","Information","Microsoft-Windows-TaskScheduler","Task Scheduler launched ""{37216fa3-d03e-4581-b882-7fc714eab845}""  instance of task ""\Microsoft\Windows\Plug and Play\Device Install Reboot Required"" due to user ""SCAFFOLD\Administrator""  logon."
"5/29/2026 12:28:10 PM","119","Information","Microsoft-Windows-TaskScheduler","Task Scheduler launched ""{1257d28e-b98a-472f-81fa-9e6bba086283}""  instance of task ""\MicrosoftEdgeUpdateTaskMachineCore"" due to user ""SCAFFOLD\Administrator""  logon."
"5/29/2026 12:28:10 PM","200","Information","Microsoft-Windows-TaskScheduler","Task Scheduler launched action ""Wininet Cache task object"" in instance ""{627d2399-f63e-4239-a64e-bd023b9bcfc9}"" of task ""\Microsoft\Windows\Wininet\CacheTask""."
"5/29/2026 12:28:10 PM","100","Information","Microsoft-Windows-TaskScheduler","Task Scheduler started ""{627d2399-f63e-4239-a64e-bd023b9bcfc9}"" instance of the ""\Microsoft\Windows\Wininet\CacheTask"" task for user ""SCAFFOLD\Administrator""."
"5/29/2026 12:28:10 PM","119","Information","Microsoft-Windows-TaskScheduler","Task Scheduler launched ""{627d2399-f63e-4239-a64e-bd023b9bcfc9}""  instance of task ""\Microsoft\Windows\Wininet\CacheTask"" due to user ""SCAFFOLD\Administrator""  logon."
"5/29/2026 12:28:10 PM","200","Information","Microsoft-Windows-TaskScheduler","Task Scheduler launched action ""MsCtfMonitor task handler"" in instance ""{957c7308-fedc-4f5d-94e4-997b60c16506}"" of task ""\Microsoft\Windows\TextServicesFramework\MsCtfMonitor""."
"5/29/2026 12:28:10 PM","100","Information","Microsoft-Windows-TaskScheduler","Task Scheduler started ""{957c7308-fedc-4f5d-94e4-997b60c16506}"" instance of the ""\Microsoft\Windows\TextServicesFramework\MsCtfMonitor"" task for user ""SCAFFOLD\Administrator""."
"5/29/2026 12:28:10 PM","129","Information","Microsoft-Windows-TaskScheduler","Task Scheduler launch task ""\Microsoft\Windows\TextServicesFramework\MsCtfMonitor"" , instance ""taskhostw.exe""  with process ID 6476."
"5/29/2026 12:28:10 PM","119","Information","Microsoft-Windows-TaskScheduler","Task Scheduler launched ""{8d4baea6-10f6-4218-8644-e1edc6499eab}""  instance of task ""\Microsoft\Windows\WindowsColorSystem\Calibration Loader"" due to user ""SCAFFOLD\Administrator""  logon."
"5/29/2026 12:28:10 PM","200","Information","Microsoft-Windows-TaskScheduler","Task Scheduler launched action ""%windir%\system32\ServerManagerLauncher.exe"" in instance ""{d2f60c7b-103c-45af-bd2f-78dd2a4d5ffc}"" of task ""\Microsoft\Windows\Server Manager\ServerManager""."
"5/29/2026 12:28:10 PM","100","Information","Microsoft-Windows-TaskScheduler","Task Scheduler started ""{d2f60c7b-103c-45af-bd2f-78dd2a4d5ffc}"" instance of the ""\Microsoft\Windows\Server Manager\ServerManager"" task for user ""SCAFFOLD\Administrator""."
"5/29/2026 12:28:10 PM","129","Information","Microsoft-Windows-TaskScheduler","Task Scheduler launch task ""\Microsoft\Windows\Server Manager\ServerManager"" , instance ""%windir%\system32\ServerManagerLauncher.exe""  with process ID 6460."
"5/29/2026 12:28:10 PM","119","Information","Microsoft-Windows-TaskScheduler","Task Scheduler launched ""{1618ad67-873e-4930-adda-7053f34cf285}""  instance of task ""\Microsoft\Windows\CertificateServicesClient\UserTask"" due to user ""SCAFFOLD\Administrator""  logon."
"5/29/2026 12:28:10 PM","119","Information","Microsoft-Windows-TaskScheduler","Task Scheduler launched ""{957c7308-fedc-4f5d-94e4-997b60c16506}""  instance of task ""\Microsoft\Windows\TextServicesFramework\MsCtfMonitor"" due to user ""SCAFFOLD\Administrator""  logon."
"5/29/2026 12:28:10 PM","119","Information","Microsoft-Windows-TaskScheduler","Task Scheduler launched ""{d2f60c7b-103c-45af-bd2f-78dd2a4d5ffc}""  instance of task ""\Microsoft\Windows\Server Manager\ServerManager"" due to user ""SCAFFOLD\Administrator""  logon."
"5/29/2026 12:27:59 PM","102","Information","Microsoft-Windows-TaskScheduler","Task Scheduler successfully finished ""{bb900d27-1b3b-4dfa-bfe1-2097625bac7b}"" instance of the ""\Microsoft\Windows\Software Inventory Logging\Configuration"" task for user ""NT AUTHORITY\SYSTEM""."
"5/29/2026 12:27:59 PM","201","Information","Microsoft-Windows-TaskScheduler","Task Scheduler successfully completed task ""\Microsoft\Windows\Software Inventory Logging\Configuration"" , instance ""{bb900d27-1b3b-4dfa-bfe1-2097625bac7b}"" , action ""%systemroot%\system32\cmd.exe"" with return code 0."
"5/29/2026 12:27:59 PM","102","Information","Microsoft-Windows-TaskScheduler","Task Scheduler successfully finished ""{37f8a40b-5cdc-4242-941e-62b1098ce7e1}"" instance of the ""\Microsoft\Windows\DirectX\DXGIAdapterCache"" task for user ""NT AUTHORITY\SYSTEM""."
"5/29/2026 12:27:59 PM","201","Information","Microsoft-Windows-TaskScheduler","Task Scheduler successfully completed task ""\Microsoft\Windows\DirectX\DXGIAdapterCache"" , instance ""{37f8a40b-5cdc-4242-941e-62b1098ce7e1}"" , action ""%windir%\system32\dxgiadaptercache.exe"" with return code 0."
"5/29/2026 12:27:58 PM","200","Information","Microsoft-Windows-TaskScheduler","Task Scheduler launched action ""%windir%\system32\dxgiadaptercache.exe"" in instance ""{37f8a40b-5cdc-4242-941e-62b1098ce7e1}"" of task ""\Microsoft\Windows\DirectX\DXGIAdapterCache""."
"5/29/2026 12:27:58 PM","100","Information","Microsoft-Windows-TaskScheduler","Task Scheduler started ""{37f8a40b-5cdc-4242-941e-62b1098ce7e1}"" instance of the ""\Microsoft\Windows\DirectX\DXGIAdapterCache"" task for user ""NT AUTHORITY\SYSTEM""."
"5/29/2026 12:27:58 PM","129","Information","Microsoft-Windows-TaskScheduler","Task Scheduler launch task ""\Microsoft\Windows\DirectX\DXGIAdapterCache"" , instance ""%windir%\system32\dxgiadaptercache.exe""  with process ID 5040."
"5/29/2026 12:27:58 PM","200","Information","Microsoft-Windows-TaskScheduler","Task Scheduler launched action ""%systemroot%\system32\cmd.exe"" in instance ""{bb900d27-1b3b-4dfa-bfe1-2097625bac7b}"" of task ""\Microsoft\Windows\Software Inventory Logging\Configuration""."
"5/29/2026 12:27:58 PM","100","Information","Microsoft-Windows-TaskScheduler","Task Scheduler started ""{bb900d27-1b3b-4dfa-bfe1-2097625bac7b}"" instance of the ""\Microsoft\Windows\Software Inventory Logging\Configuration"" task for user ""NT AUTHORITY\SYSTEM""."
"5/29/2026 12:27:58 PM","129","Information","Microsoft-Windows-TaskScheduler","Task Scheduler launch task ""\Microsoft\Windows\Software Inventory Logging\Configuration"" , instance ""%systemroot%\system32\cmd.exe""  with process ID 2744."
"5/29/2026 12:27:58 PM","118","Information","Microsoft-Windows-TaskScheduler","Task Scheduler launched ""{37f8a40b-5cdc-4242-941e-62b1098ce7e1}""  instance of task ""\Microsoft\Windows\DirectX\DXGIAdapterCache""  due to system startup."
"5/29/2026 12:27:58 PM","118","Information","Microsoft-Windows-TaskScheduler","Task Scheduler launched ""{bb900d27-1b3b-4dfa-bfe1-2097625bac7b}""  instance of task ""\Microsoft\Windows\Software Inventory Logging\Configuration""  due to system startup."
"5/29/2026 12:27:47 PM","102","Information","Microsoft-Windows-TaskScheduler","Task Scheduler successfully finished ""{1fad291b-9ba9-47ba-bf5d-b078a316df26}"" instance of the ""\Microsoft\Windows\CertificateServicesClient\SystemTask"" task for user ""NT AUTHORITY\SYSTEM""."
"5/29/2026 12:27:47 PM","201","Information","Microsoft-Windows-TaskScheduler","Task Scheduler successfully completed task ""\Microsoft\Windows\CertificateServicesClient\SystemTask"" , instance ""{1fad291b-9ba9-47ba-bf5d-b078a316df26}"" , action ""Certificate Services Client Task Handler"" with return code 0."
"5/29/2026 12:27:38 PM","140","Information","Microsoft-Windows-TaskScheduler","User ""SCAFFOLD\DC$""  updated Task Scheduler task ""\Microsoft\Windows\SoftwareProtectionPlatform\SvcRestartTask"""
"5/29/2026 12:27:38 PM","102","Information","Microsoft-Windows-TaskScheduler","Task Scheduler successfully finished ""{9b947dee-c44d-43af-9ef3-5f618c20597a}"" instance of the ""\Microsoft\Windows\Workplace Join\Automatic-Device-Join"" task for user ""NT AUTHORITY\SYSTEM""."
"5/29/2026 12:27:38 PM","201","Information","Microsoft-Windows-TaskScheduler","Task Scheduler successfully completed task ""\Microsoft\Windows\Workplace Join\Automatic-Device-Join"" , instance ""{9b947dee-c44d-43af-9ef3-5f618c20597a}"" , action ""%SystemRoot%\System32\dsregcmd.exe"" with return code 0."
"5/29/2026 12:27:08 PM","200","Information","Microsoft-Windows-TaskScheduler","Task Scheduler launched action ""Certificate Services Client Task Handler"" in instance ""{1fad291b-9ba9-47ba-bf5d-b078a316df26}"" of task ""\Microsoft\Windows\CertificateServicesClient\SystemTask""."
"5/29/2026 12:27:08 PM","100","Information","Microsoft-Windows-TaskScheduler","Task Scheduler started ""{1fad291b-9ba9-47ba-bf5d-b078a316df26}"" instance of the ""\Microsoft\Windows\CertificateServicesClient\SystemTask"" task for user ""NT AUTHORITY\SYSTEM""."
"5/29/2026 12:27:08 PM","129","Information","Microsoft-Windows-TaskScheduler","Task Scheduler launch task ""\Microsoft\Windows\CertificateServicesClient\SystemTask"" , instance ""taskhostw.exe""  with process ID 5032."
"5/29/2026 12:27:08 PM","118","Information","Microsoft-Windows-TaskScheduler","Task Scheduler launched ""{1fad291b-9ba9-47ba-bf5d-b078a316df26}""  instance of task ""\Microsoft\Windows\CertificateServicesClient\SystemTask""  due to system startup."
"5/29/2026 12:26:59 PM","102","Information","Microsoft-Windows-TaskScheduler","Task Scheduler successfully finished ""{32164a26-b2f1-4336-9cad-910d8fcb9c91}"" instance of the ""\Microsoft\Windows\Flighting\FeatureConfig\UsageDataReporting"" task for user ""NT AUTHORITY\SYSTEM""."
"5/29/2026 12:26:59 PM","201","Information","Microsoft-Windows-TaskScheduler","Task Scheduler successfully completed task ""\Microsoft\Windows\Flighting\FeatureConfig\UsageDataReporting"" , instance ""{32164a26-b2f1-4336-9cad-910d8fcb9c91}"" , action ""Feature Usage Data Reporting Task Handler"" with return code 0."
"5/29/2026 12:26:59 PM","200","Information","Microsoft-Windows-TaskScheduler","Task Scheduler launched action ""Feature Usage Data Reporting Task Handler"" in instance ""{32164a26-b2f1-4336-9cad-910d8fcb9c91}"" of task ""\Microsoft\Windows\Flighting\FeatureConfig\UsageDataReporting""."
"5/29/2026 12:26:59 PM","100","Information","Microsoft-Windows-TaskScheduler","Task Scheduler started ""{32164a26-b2f1-4336-9cad-910d8fcb9c91}"" instance of the ""\Microsoft\Windows\Flighting\FeatureConfig\UsageDataReporting"" task for user ""NT AUTHORITY\SYSTEM""."
"5/29/2026 12:26:59 PM","129","Information","Microsoft-Windows-TaskScheduler","Task Scheduler launch task ""\Microsoft\Windows\Flighting\FeatureConfig\UsageDataReporting"" , instance ""taskhostw.exe""  with process ID 2772."
"5/29/2026 12:26:59 PM","200","Information","Microsoft-Windows-TaskScheduler","Task Scheduler launched action ""C:\ProgramData\Microsoft\Windows Defender\Platform\4.18.26030.3011-0\MpCmdRun.exe"" in instance ""{6bb40fcf-79ea-46aa-a2a2-e426f15267d7}"" of task ""\Microsoft\Windows\Windows Defender\Windows Defender Verification""."
"5/29/2026 12:26:59 PM","100","Information","Microsoft-Windows-TaskScheduler","Task Scheduler started ""{6bb40fcf-79ea-46aa-a2a2-e426f15267d7}"" instance of the ""\Microsoft\Windows\Windows Defender\Windows Defender Verification"" task for user ""NT AUTHORITY\SYSTEM""."
"5/29/2026 12:26:59 PM","129","Information","Microsoft-Windows-TaskScheduler","Task Scheduler launch task ""\Microsoft\Windows\Windows Defender\Windows Defender Verification"" , instance ""C:\ProgramData\Microsoft\Windows Defender\Platform\4.18.26030.3011-0\MpCmdRun.exe""  with process ID 2764."
"5/29/2026 12:26:59 PM","200","Information","Microsoft-Windows-TaskScheduler","Task Scheduler launched action ""%SystemRoot%\System32\dsregcmd.exe"" in instance ""{9b947dee-c44d-43af-9ef3-5f618c20597a}"" of task ""\Microsoft\Windows\Workplace Join\Automatic-Device-Join""."
"5/29/2026 12:26:59 PM","100","Information","Microsoft-Windows-TaskScheduler","Task Scheduler started ""{9b947dee-c44d-43af-9ef3-5f618c20597a}"" instance of the ""\Microsoft\Windows\Workplace Join\Automatic-Device-Join"" task for user ""NT AUTHORITY\SYSTEM""."
"5/29/2026 12:26:59 PM","129","Information","Microsoft-Windows-TaskScheduler","Task Scheduler launch task ""\Microsoft\Windows\Workplace Join\Automatic-Device-Join"" , instance ""%SystemRoot%\System32\dsregcmd.exe""  with process ID 2720."
"5/29/2026 12:26:59 PM","110","Information","Microsoft-Windows-TaskScheduler","Task Scheduler launched ""{9b947dee-c44d-43af-9ef3-5f618c20597a}""  instance of task ""\Microsoft\Windows\Workplace Join\Automatic-Device-Join""  for user ""System"" ."
"5/29/2026 12:26:59 PM","325","Warning","Microsoft-Windows-TaskScheduler","Task Scheduler queued instance ""{9b947dee-c44d-43af-9ef3-5f618c20597a}""  of task ""\Microsoft\Windows\Workplace Join\Automatic-Device-Join""."
"5/29/2026 12:26:59 PM","102","Information","Microsoft-Windows-TaskScheduler","Task Scheduler successfully finished ""{c2695633-cee5-4099-b9e4-61f9a0d71b30}"" instance of the ""\Microsoft\Windows\DirectX\DXGIAdapterCache"" task for user ""NT AUTHORITY\SYSTEM""."
"5/29/2026 12:26:59 PM","201","Information","Microsoft-Windows-TaskScheduler","Task Scheduler successfully completed task ""\Microsoft\Windows\DirectX\DXGIAdapterCache"" , instance ""{c2695633-cee5-4099-b9e4-61f9a0d71b30}"" , action ""%windir%\system32\dxgiadaptercache.exe"" with return code 0."
"5/29/2026 12:26:59 PM","102","Information","Microsoft-Windows-TaskScheduler","Task Scheduler successfully finished ""{bb2e6697-0252-4103-ac76-a996c62c0dae}"" instance of the ""\Microsoft\Windows\ExploitGuard\ExploitGuard MDM policy Refresh"" task for user ""NT AUTHORITY\SYSTEM""."
"5/29/2026 12:26:59 PM","201","Information","Microsoft-Windows-TaskScheduler","Task Scheduler successfully completed task ""\Microsoft\Windows\ExploitGuard\ExploitGuard MDM policy Refresh"" , instance ""{bb2e6697-0252-4103-ac76-a996c62c0dae}"" , action """" with return code 0."
"5/29/2026 12:26:59 PM","102","Information","Microsoft-Windows-TaskScheduler","Task Scheduler successfully finished ""{9701f8a1-4453-4b42-8318-89f08de847f8}"" instance of the ""\Microsoft\Windows\Time Synchronization\ForceSynchronizeTime"" task for user ""(NONE)""."
"5/29/2026 12:26:59 PM","201","Information","Microsoft-Windows-TaskScheduler","Task Scheduler successfully completed task ""\Microsoft\Windows\Time Synchronization\ForceSynchronizeTime"" , instance ""{9701f8a1-4453-4b42-8318-89f08de847f8}"" , action ""Time Synchronization Task Handler"" with return code 0."
"5/29/2026 12:26:59 PM","200","Information","Microsoft-Windows-TaskScheduler","Task Scheduler launched action ""Time Synchronization Task Handler"" in instance ""{9701f8a1-4453-4b42-8318-89f08de847f8}"" of task ""\Microsoft\Windows\Time Synchronization\ForceSynchronizeTime""."
"5/29/2026 12:26:59 PM","100","Information","Microsoft-Windows-TaskScheduler","Task Scheduler started ""{9701f8a1-4453-4b42-8318-89f08de847f8}"" instance of the ""\Microsoft\Windows\Time Synchronization\ForceSynchronizeTime"" task for user ""(NONE)""."
"5/29/2026 12:26:59 PM","129","Information","Microsoft-Windows-TaskScheduler","Task Scheduler launch task ""\Microsoft\Windows\Time Synchronization\ForceSynchronizeTime"" , instance ""taskhostw.exe""  with process ID 2660."
"5/29/2026 12:26:58 PM","101","Error","Microsoft-Windows-TaskScheduler","Task Scheduler failed to start ""\Microsoft\Windows\Workplace Join\Automatic-Device-Join"" task for user ""(default user)"". Additional Data: Error Value: 2147943568."
"5/29/2026 12:26:58 PM","200","Information","Microsoft-Windows-TaskScheduler","Task Scheduler launched action ""%windir%\system32\dxgiadaptercache.exe"" in instance ""{c2695633-cee5-4099-b9e4-61f9a0d71b30}"" of task ""\Microsoft\Windows\DirectX\DXGIAdapterCache""."
"5/29/2026 12:26:58 PM","100","Information","Microsoft-Windows-TaskScheduler","Task Scheduler started ""{c2695633-cee5-4099-b9e4-61f9a0d71b30}"" instance of the ""\Microsoft\Windows\DirectX\DXGIAdapterCache"" task for user ""NT AUTHORITY\SYSTEM""."
"5/29/2026 12:26:58 PM","129","Information","Microsoft-Windows-TaskScheduler","Task Scheduler launch task ""\Microsoft\Windows\DirectX\DXGIAdapterCache"" , instance ""%windir%\system32\dxgiadaptercache.exe""  with process ID 2064."
"5/29/2026 12:26:58 PM","200","Information","Microsoft-Windows-TaskScheduler","Task Scheduler launched action """" in instance ""{bb2e6697-0252-4103-ac76-a996c62c0dae}"" of task ""\Microsoft\Windows\ExploitGuard\ExploitGuard MDM policy Refresh""."
"5/29/2026 12:26:58 PM","100","Information","Microsoft-Windows-TaskScheduler","Task Scheduler started ""{bb2e6697-0252-4103-ac76-a996c62c0dae}"" instance of the ""\Microsoft\Windows\ExploitGuard\ExploitGuard MDM policy Refresh"" task for user ""NT AUTHORITY\SYSTEM""."
"5/29/2026 12:26:58 PM","129","Information","Microsoft-Windows-TaskScheduler","Task Scheduler launch task ""\Microsoft\Windows\ExploitGuard\ExploitGuard MDM policy Refresh"" , instance ""taskhostw.exe""  with process ID 2056."
"5/29/2026 12:26:58 PM","118","Information","Microsoft-Windows-TaskScheduler","Task Scheduler launched ""{bb2e6697-0252-4103-ac76-a996c62c0dae}""  instance of task ""\Microsoft\Windows\ExploitGuard\ExploitGuard MDM policy Refresh""  due to system startup."
"5/29/2026 12:26:58 PM","400","Information","Microsoft-Windows-TaskScheduler","Task Scheduler service has started."
"5/29/2026 12:26:58 PM","700","Information","Microsoft-Windows-TaskScheduler","Task Scheduler service started Task Compatibility module."
"5/26/2026 7:28:08 AM","402","Information","Microsoft-Windows-TaskScheduler","Task Scheduler service is shutting down."
"5/26/2026 7:28:07 AM","140","Information","Microsoft-Windows-TaskScheduler","User ""NT AUTHORITY\SYSTEM""  updated Task Scheduler task ""\Microsoft\Windows\WindowsUpdate\Scheduled Start"""
"5/26/2026 7:28:07 AM","111","Information","Microsoft-Windows-TaskScheduler","Task Scheduler terminated ""{a74d8b4d-bbc8-41dc-9983-639f6877be55}""  instance of the ""\Microsoft\Windows\Application Experience\Microsoft Compatibility Appraiser""  task."
"5/26/2026 7:28:07 AM","102","Information","Microsoft-Windows-TaskScheduler","Task Scheduler successfully finished ""{a74d8b4d-bbc8-41dc-9983-639f6877be55}"" instance of the ""\Microsoft\Windows\Application Experience\Microsoft Compatibility Appraiser"" task for user ""NT AUTHORITY\SYSTEM""."
"5/26/2026 7:28:07 AM","201","Information","Microsoft-Windows-TaskScheduler","Task Scheduler successfully completed task ""\Microsoft\Windows\Application Experience\Microsoft Compatibility Appraiser"" , instance ""{a74d8b4d-bbc8-41dc-9983-639f6877be55}"" , action ""%windir%\system32\compattelrunner.exe"" with return code 2147943691."
"5/26/2026 7:28:07 AM","111","Information","Microsoft-Windows-TaskScheduler","Task Scheduler terminated ""{5de6749e-1a55-4f4a-a086-a37d6b6f3eeb}""  instance of the ""\Microsoft\Windows\Application Experience\ProgramDataUpdater""  task."
"5/26/2026 7:28:07 AM","102","Information","Microsoft-Windows-TaskScheduler","Task Scheduler successfully finished ""{5de6749e-1a55-4f4a-a086-a37d6b6f3eeb}"" instance of the ""\Microsoft\Windows\Application Experience\ProgramDataUpdater"" task for user ""NT AUTHORITY\SYSTEM""."
"5/26/2026 7:28:07 AM","201","Information","Microsoft-Windows-TaskScheduler","Task Scheduler successfully completed task ""\Microsoft\Windows\Application Experience\ProgramDataUpdater"" , instance ""{5de6749e-1a55-4f4a-a086-a37d6b6f3eeb}"" , action ""%windir%\system32\compattelrunner.exe"" with return code 2147943691."
"5/26/2026 7:28:07 AM","111","Information","Microsoft-Windows-TaskScheduler","Task Scheduler terminated ""{efa7e0ed-ea93-4fee-9615-596e3316db89}""  instance of the ""\MicrosoftEdgeUpdateTaskMachineCore""  task."
"5/26/2026 7:28:07 AM","102","Information","Microsoft-Windows-TaskScheduler","Task Scheduler successfully finished ""{efa7e0ed-ea93-4fee-9615-596e3316db89}"" instance of the ""\MicrosoftEdgeUpdateTaskMachineCore"" task for user ""NT AUTHORITY\SYSTEM""."
"5/26/2026 7:28:07 AM","201","Information","Microsoft-Windows-TaskScheduler","Task Scheduler successfully completed task ""\MicrosoftEdgeUpdateTaskMachineCore"" , instance ""{efa7e0ed-ea93-4fee-9615-596e3316db89}"" , action ""C:\Program Files (x86)\Microsoft\EdgeUpdate\MicrosoftEdgeUpdate.exe"" with return code 2147943691."
"5/26/2026 7:28:06 AM","103","Error","Microsoft-Windows-TaskScheduler","Task Scheduler failed to start instance ""{2112b5a1-8afe-4076-9cfc-246da5f820f3}"" of ""\Microsoft\Windows\Wininet\CacheTask""  task for user """" . Additional Data: Error Value: 2147942404."
"5/26/2026 7:28:06 AM","202","Error","Microsoft-Windows-TaskScheduler","Task Scheduler failed to complete task ""\Microsoft\Windows\Wininet\CacheTask"" , instance ""{2112b5a1-8afe-4076-9cfc-246da5f820f3}"" , action ""Wininet Cache task object"" . Additional Data: Error Value: 2147942404."
"5/26/2026 7:28:06 AM","102","Information","Microsoft-Windows-TaskScheduler","Task Scheduler successfully finished ""{a4a99cb2-9aa9-4d81-b6ea-add149a362ae}"" instance of the ""\CreateExplorerShellUnelevatedTask"" task for user ""SCAFFOLD\Administrator""."
"5/26/2026 7:28:06 AM","201","Information","Microsoft-Windows-TaskScheduler","Task Scheduler successfully completed task ""\CreateExplorerShellUnelevatedTask"" , instance ""{a4a99cb2-9aa9-4d81-b6ea-add149a362ae}"" , action ""C:\Windows\Explorer.EXE"" with return code 2147942404."
"5/26/2026 7:26:41 AM","102","Information","Microsoft-Windows-TaskScheduler","Task Scheduler successfully finished ""{4017ad8e-b256-4511-8cae-5cbb4abf2efe}"" instance of the ""\Scaffold\ScaffoldDeployEngine"" task for user ""NT AUTHORITY\SYSTEM""."
"5/26/2026 7:26:41 AM","201","Information","Microsoft-Windows-TaskScheduler","Task Scheduler successfully completed task ""\Scaffold\ScaffoldDeployEngine"" , instance ""{4017ad8e-b256-4511-8cae-5cbb4abf2efe}"" , action ""powershell.exe"" with return code 0."
"5/26/2026 7:26:41 AM","200","Information","Microsoft-Windows-TaskScheduler","Task Scheduler launched action ""powershell.exe"" in instance ""{4017ad8e-b256-4511-8cae-5cbb4abf2efe}"" of task ""\Scaffold\ScaffoldDeployEngine""."
"5/26/2026 7:26:41 AM","100","Information","Microsoft-Windows-TaskScheduler","Task Scheduler started ""{4017ad8e-b256-4511-8cae-5cbb4abf2efe}"" instance of the ""\Scaffold\ScaffoldDeployEngine"" task for user ""NT AUTHORITY\SYSTEM""."
"5/26/2026 7:26:41 AM","129","Information","Microsoft-Windows-TaskScheduler","Task Scheduler launch task ""\Scaffold\ScaffoldDeployEngine"" , instance ""powershell.exe""  with process ID 6880."
"5/26/2026 7:26:41 AM","107","Information","Microsoft-Windows-TaskScheduler","Task Scheduler launched ""{4017ad8e-b256-4511-8cae-5cbb4abf2efe}""  instance of task ""\Scaffold\ScaffoldDeployEngine"" due to a time trigger condition."
"5/26/2026 7:24:41 AM","102","Information","Microsoft-Windows-TaskScheduler","Task Scheduler successfully finished ""{c56337da-ce4e-475f-a53d-b1e7ad9443f1}"" instance of the ""\Scaffold\ScaffoldDeployEngine"" task for user ""NT AUTHORITY\SYSTEM""."
"5/26/2026 7:24:41 AM","201","Information","Microsoft-Windows-TaskScheduler","Task Scheduler successfully completed task ""\Scaffold\ScaffoldDeployEngine"" , instance ""{c56337da-ce4e-475f-a53d-b1e7ad9443f1}"" , action ""powershell.exe"" with return code 0."
"5/26/2026 7:24:41 AM","200","Information","Microsoft-Windows-TaskScheduler","Task Scheduler launched action ""powershell.exe"" in instance ""{c56337da-ce4e-475f-a53d-b1e7ad9443f1}"" of task ""\Scaffold\ScaffoldDeployEngine""."
"5/26/2026 7:24:41 AM","100","Information","Microsoft-Windows-TaskScheduler","Task Scheduler started ""{c56337da-ce4e-475f-a53d-b1e7ad9443f1}"" instance of the ""\Scaffold\ScaffoldDeployEngine"" task for user ""NT AUTHORITY\SYSTEM""."
"5/26/2026 7:24:41 AM","129","Information","Microsoft-Windows-TaskScheduler","Task Scheduler launch task ""\Scaffold\ScaffoldDeployEngine"" , instance ""powershell.exe""  with process ID 5408."
"5/26/2026 7:24:41 AM","107","Information","Microsoft-Windows-TaskScheduler","Task Scheduler launched ""{c56337da-ce4e-475f-a53d-b1e7ad9443f1}""  instance of task ""\Scaffold\ScaffoldDeployEngine"" due to a time trigger condition."
"5/26/2026 7:22:44 AM","102","Information","Microsoft-Windows-TaskScheduler","Task Scheduler successfully finished ""{610fff87-dacc-429c-bc81-a02a2e8c431c}"" instance of the ""\Scaffold\ScaffoldDeployEngine"" task for user ""NT AUTHORITY\SYSTEM""."
"5/26/2026 7:22:44 AM","201","Information","Microsoft-Windows-TaskScheduler","Task Scheduler successfully completed task ""\Scaffold\ScaffoldDeployEngine"" , instance ""{610fff87-dacc-429c-bc81-a02a2e8c431c}"" , action ""powershell.exe"" with return code 0."
"5/26/2026 7:22:41 AM","200","Information","Microsoft-Windows-TaskScheduler","Task Scheduler launched action ""powershell.exe"" in instance ""{610fff87-dacc-429c-bc81-a02a2e8c431c}"" of task ""\Scaffold\ScaffoldDeployEngine""."
"5/26/2026 7:22:41 AM","100","Information","Microsoft-Windows-TaskScheduler","Task Scheduler started ""{610fff87-dacc-429c-bc81-a02a2e8c431c}"" instance of the ""\Scaffold\ScaffoldDeployEngine"" task for user ""NT AUTHORITY\SYSTEM""."
"5/26/2026 7:22:41 AM","129","Information","Microsoft-Windows-TaskScheduler","Task Scheduler launch task ""\Scaffold\ScaffoldDeployEngine"" , instance ""powershell.exe""  with process ID 8080."
"5/26/2026 7:22:41 AM","107","Information","Microsoft-Windows-TaskScheduler","Task Scheduler launched ""{610fff87-dacc-429c-bc81-a02a2e8c431c}""  instance of task ""\Scaffold\ScaffoldDeployEngine"" due to a time trigger condition."
"5/26/2026 7:22:19 AM","102","Information","Microsoft-Windows-TaskScheduler","Task Scheduler successfully finished ""{a09b64cf-95a5-4b58-913a-fe91c6874f74}"" instance of the ""\Microsoft\Windows\Device Information\Device User"" task for user ""SCAFFOLD\Administrator""."
"5/26/2026 7:22:19 AM","201","Information","Microsoft-Windows-TaskScheduler","Task Scheduler successfully completed task ""\Microsoft\Windows\Device Information\Device User"" , instance ""{a09b64cf-95a5-4b58-913a-fe91c6874f74}"" , action ""%windir%\system32\devicecensus.exe"" with return code 0."
"5/26/2026 7:22:10 AM","200","Information","Microsoft-Windows-TaskScheduler","Task Scheduler launched action ""%windir%\system32\devicecensus.exe"" in instance ""{a09b64cf-95a5-4b58-913a-fe91c6874f74}"" of task ""\Microsoft\Windows\Device Information\Device User""."
"5/26/2026 7:22:10 AM","100","Information","Microsoft-Windows-TaskScheduler","Task Scheduler started ""{a09b64cf-95a5-4b58-913a-fe91c6874f74}"" instance of the ""\Microsoft\Windows\Device Information\Device User"" task for user ""SCAFFOLD\Administrator""."
"5/26/2026 7:22:10 AM","129","Information","Microsoft-Windows-TaskScheduler","Task Scheduler launch task ""\Microsoft\Windows\Device Information\Device User"" , instance ""%windir%\system32\devicecensus.exe""  with process ID 7308."
"5/26/2026 7:22:10 AM","119","Information","Microsoft-Windows-TaskScheduler","Task Scheduler launched ""{a09b64cf-95a5-4b58-913a-fe91c6874f74}""  instance of task ""\Microsoft\Windows\Device Information\Device User"" due to user ""SCAFFOLD\Administrator""  logon."
"5/26/2026 7:21:33 AM","102","Information","Microsoft-Windows-TaskScheduler","Task Scheduler successfully finished ""{c866ab72-db9d-4fde-8664-ea740741d8e5}"" instance of the ""\Microsoft\Windows\DiskCleanup\SilentCleanup"" task for user ""SCAFFOLD\Administrator""."
"5/26/2026 7:21:33 AM","201","Information","Microsoft-Windows-TaskScheduler","Task Scheduler successfully completed task ""\Microsoft\Windows\DiskCleanup\SilentCleanup"" , instance ""{c866ab72-db9d-4fde-8664-ea740741d8e5}"" , action ""%windir%\system32\cleanmgr.exe"" with return code 0."
"5/26/2026 7:21:27 AM","110","Information","Microsoft-Windows-TaskScheduler","Task Scheduler launched ""{d67e1469-8911-4b2d-a04c-7da46e104bc5}""  instance of task ""\Microsoft\Windows\DiskCleanup\SilentCleanup""  for user ""Users"" ."
"5/26/2026 7:21:27 AM","200","Information","Microsoft-Windows-TaskScheduler","Task Scheduler launched action ""%windir%\system32\cleanmgr.exe"" in instance ""{c866ab72-db9d-4fde-8664-ea740741d8e5}"" of task ""\Microsoft\Windows\DiskCleanup\SilentCleanup""."
"5/26/2026 7:21:27 AM","100","Information","Microsoft-Windows-TaskScheduler","Task Scheduler started ""{c866ab72-db9d-4fde-8664-ea740741d8e5}"" instance of the ""\Microsoft\Windows\DiskCleanup\SilentCleanup"" task for user ""SCAFFOLD\Administrator""."
"5/26/2026 7:21:27 AM","129","Information","Microsoft-Windows-TaskScheduler","Task Scheduler launch task ""\Microsoft\Windows\DiskCleanup\SilentCleanup"" , instance ""%windir%\system32\cleanmgr.exe""  with process ID 6128."
"5/26/2026 7:21:10 AM","102","Information","Microsoft-Windows-TaskScheduler","Task Scheduler successfully finished ""{92c3a95a-1e06-4846-b324-ad5416feca7b}"" instance of the ""\Microsoft\Windows\Windows Defender\Windows Defender Cleanup"" task for user ""NT AUTHORITY\SYSTEM""."
"5/26/2026 7:21:10 AM","201","Information","Microsoft-Windows-TaskScheduler","Task Scheduler successfully completed task ""\Microsoft\Windows\Windows Defender\Windows Defender Cleanup"" , instance ""{92c3a95a-1e06-4846-b324-ad5416feca7b}"" , action ""C:\ProgramData\Microsoft\Windows Defender\Platform\4.18.26030.3011-0\MpCmdRun.exe"" with return code 0."
"5/26/2026 7:21:10 AM","102","Information","Microsoft-Windows-TaskScheduler","Task Scheduler successfully finished ""{57a0805b-9a59-4053-81b4-0dfde9a73fac}"" instance of the ""\Microsoft\Windows\Windows Defender\Windows Defender Verification"" task for user ""NT AUTHORITY\SYSTEM""."
