2025-06-11T14:16:59.136703Z,4662,DC01.pirate.htb,Microsoft-Windows-Security-Auditing,Security,15345,0,"%%7684
				",0x10,-,,,,,,,,,,,,,,,0x0,,,,,,,,,,,,,%{afff0694-70ff-4985-9456-bb96e5b03812},DS,%{e0fa1e8b-9b45-11d0-afdd-00c04fd930c9},,Object Access,,,,,"%%7684
	{e0fa1e8b-9b45-11d0-afdd-00c04fd930c9}
		{e48d0154-bcf8-11d1-8702-00c04fb96050}
			{bf96793f-0de6-11d0-a285-00aa003049e2}
			{bf967950-0de6-11d0-a285-00aa003049e2}
			{bf9679e4-0de6-11d0-a285-00aa003049e2}
			{bf967a06-0de6-11d0-a285-00aa003049e2}
			{bf967954-0de6-11d0-a285-00aa003049e2}
			{bf967a1c-0de6-11d0-a285-00aa003049e2}
			{bf967a0e-0de6-11d0-a285-00aa003049e2}
			{bf9679e7-0de6-11d0-a285-00aa003049e2}
			{e0fa1e62-9b45-11d0-afdd-00c04fd930c9}
			{9a7ad942-ca53-11d1-bbd0-0080c76670c0}
			{9a7ad943-ca53-11d1-bbd0-0080c76670c0}
			{9a7ad940-ca53-11d1-bbd0-0080c76670c0}
			{9a7ad941-ca53-11d1-bbd0-0080c76670c0}
			{e185d243-f6ce-4adb-b496-b0c005d7823c}
		{771727b1-31b8-4cdf-ae62-4fe39fadf89e}
			{bf9679f4-0de6-11d0-a285-00aa003049e2}
			{bf967a6f-0de6-11d0-a285-00aa003049e2}
			{bf967a73-0de6-11d0-a285-00aa003049e2}
			{bf96791a-0de6-11d0-a285-00aa003049e2}
			{bf967a78-0de6-11d0-a285-00aa003049e2}
			{bf967972-0de6-11d0-a285-00aa003049e2}
			{bf967a71-0de6-11d0-a285-00aa003049e2}
			{bf967a77-0de6-11d0-a285-00aa003049e2}
			{bf967a3c-0de6-11d0-a285-00aa003049e2}
			{a8df7498-c5ea-11d1-bbcb-0080c76670c0}
			{bf967a70-0de6-11d0-a285-00aa003049e2}
			{281416c0-1968-11d0-a28f-00aa003049e2}
			{bf967a16-0de6-11d0-a285-00aa003049e2}
			{bf967976-0de6-11d0-a285-00aa003049e2}
			{bf967a21-0de6-11d0-a285-00aa003049e2}
			{244b2970-5abd-11d0-afd2-00c04fd930c9}
			{66171887-8f3c-11d0-afda-00c04fd930c9}
			{bf96798f-0de6-11d0-a285-00aa003049e2}
			{e0fa1e65-9b45-11d0-afdd-00c04fd930c9}
			{e0fa1e66-9b45-11d0-afdd-00c04fd930c9}
			{e0fa1e67-9b45-11d0-afdd-00c04fd930c9}
			{e0fa1e68-9b45-11d0-afdd-00c04fd930c9}
			{3e10944d-c354-11d0-aff8-0000f80367c1}
			{26d9736e-6070-11d1-a9c6-0000f80367c1}
			{52458019-ca6a-11d0-afff-0000f80367c1}
			{e1aea404-cd5b-11d0-afff-0000f80367c1}
			{05308983-7688-11d1-aded-00c04fd8d5cd}
			{19405b9c-3cfa-11d1-a9c0-0000f80367c1}
			{19405b9e-3cfa-11d1-a9c0-0000f80367c1}
			{0296c120-40da-11d1-a9c0-0000f80367c1}
			{0296c124-40da-11d1-a9c0-0000f80367c1}
			{28630ec0-41d5-11d1-a9c1-0000f80367c1}
			{52ab8670-5709-11d1-a9c6-0000f80367c1}
			{d50c2cdb-8951-11d1-aebc-0000f80367c1}
			{07383082-91df-11d1-aebc-0000f80367c1}
			{00fbf30d-91fe-11d1-aebc-0000f80367c1}
			{2a132579-9373-11d1-aebc-0000f80367c1}
			{2a13257f-9373-11d1-aebc-0000f80367c1}
			{167758ad-47f3-11d1-a9c3-0000f80367c1}
			{9a7ad949-ca53-11d1-bbd0-0080c76670c0}
			{167757bc-47f3-11d1-a9c3-0000f80367c1}
			{16775848-47f3-11d1-a9c3-0000f80367c1}
			{bf967a1e-0de6-11d0-a285-00aa003049e2}
			{bf967a1d-0de6-11d0-a285-00aa003049e2}
			{9a7ad94c-ca53-11d1-bbd0-0080c76670c0}
			{9a7ad945-ca53-11d1-bbd0-0080c76670c0}
			{e1aea402-cd5b-11d0-afff-0000f80367c1}
			{675a15fe-3b70-11d2-90cc-00c04fd91ab1}
			{d167aa4b-8b08-11d2-9939-0000f87a57d4}
			{1ea64e5d-ac0f-11d2-90df-00c04fd91ab1}
			{23773dc2-b63a-11d2-90e1-00c04fd91ab1}
			{178b7bc2-b63a-11d2-90e1-00c04fd91ab1}
			{e48e64e0-12c9-11d3-9102-00c04fd91ab1}
			{67f121dc-7d02-4c7d-82f5-9ad4c950ac34}
			{9e6f3a4d-242c-4f37-b068-36b57f9fc852}
			{8a167ce4-f9e8-47eb-8d78-f7fe80abb2cc}
			{9edba85a-3e9e-431b-9b1a-a5b6e9eda796}
			{855f2ef5-a1c5-4cc4-ba6d-32522848b61f}
			{d7c53242-724e-4c39-9d4c-2df8c9d66c7a}
			{2f5c8145-e1bd-410b-8957-8bfa81d5acfd}
			{2a8c68fc-3a7a-4e87-8720-fe77c51cbe74}
			{ececcd20-a7e0-4688-9ccf-02ece5e287f5}
			{a637d211-5739-4ed1-89b2-88974548bc59}
			{df446e52-b5fa-4ca2-a42f-13f98a526c8f}
			{f85b6228-3734-4525-b6b7-3f3bb220902c}
			{a0dcd536-5158-42fe-8c40-c00a7ad37959}
			{60234769-4819-4615-a1b2-49d2f119acb5}
			{2b702515-c1f7-4b3b-b148-c0e4c6ceecb4}
			{564e9325-d057-c143-9e3b-4f9e5ef46f93}
			{94f6f2ac-c76d-4b5e-b71f-f332c3e93c22}
			{5dd68c41-bfdf-438b-9b5d-39d9618bf260}
			{c8bc72e0-a6b4-48f0-94a5-fd76a88c9987}
			{ff155a2a-44e5-4de0-8318-13a58988de4f}
			{37c94ff6-c6d4-498f-b2f9-c6f7f8647809}
			{e8b2c971-a6df-47bc-8d6f-62770d527aa5}
			{f547511c-5b2a-44cc-8358-992a88258164}
			{aa1c88fd-b0f6-429f-b2ca-9d902266e808}
			{5e6cf031-bda8-43c8-aca4-8fee4127005b}
			{5a2eacd7-cc2b-48cf-9d9a-b6f1a0024de9}
			{1a3d0d20-5844-4199-ad25-0f5039a76ada}
			{79abe4eb-88f3-48e7-89d6-f4bc7e98c331}
			{8fb59256-55f1-444b-aacb-f5b482fe3459}
			{94f2800c-531f-4aeb-975d-48ac39fd8ca4}
			{4ad6016b-b0d2-4c9b-93b6-5964b17b968c}
			{8ab15858-683e-466d-877f-d640e1f9a611}
			{ce5b01bc-17c6-44b8-9dc1-a9668b00901b}
			{54d522db-ec95-48f5-9bbd-1880ebbb2180}
			{7469b704-edb0-4568-a5a5-59f4862c75a7}
			{aa12854c-d8fc-4d5e-91ca-368b8d829bee}
			{c79f2199-6da1-46ff-923c-1f3f800c721e}
			{7bea2088-8ce2-423c-b191-66ec506b1595}
			{0dc063c1-52d9-4456-9e15-9c2434aafd94}
			{5c5b7ad2-20fa-44bb-beb3-34b9c0f65579}
			{27d93c40-065a-43c0-bdd8-cdf2c7d120aa}
			{ff9e5552-7db7-4138-8888-05ce320a0323}
			{13361665-916c-4de7-a59d-b1ebbd0de129}
			{80b70aab-8959-4ec0-8e93-126e76df3aca}
			{8f4e317f-28d7-442c-a6df-1f491f97b326}
			{29869b7c-64c4-42fe-97d5-fbc2fa124160}
			{03d4c32e-e217-4a61-9699-7bbc4729a026}
			{f6b0f0be-a8e4-4468-8fd9-c3c47b8722f9}
			{3443d8cd-e5b6-4f3b-b098-659a0214a079}
			{b7673e6d-cad9-4e9e-b31a-63e8098fdd63}
			{28c458f5-602d-4ac9-a77c-b3f1be503a7e}
			{285c6964-c11a-499e-96d8-bf7c75a223c6}
			{ba340d47-2181-4ca0-a2f6-fae4479dab2a}
			{aff16770-9622-4fbc-a128-3088777605b9}
			{387d9432-a6d1-4474-82cd-0a89aae084ae}
			{998c06ac-3f87-444e-a5df-11b03dc8a50c}
			{ab5543ad-23a1-3b45-b937-9b313d5474a8}
			{5a5661a1-97c6-544b-8056-e430fe7bc554}
			{d5006229-9913-2242-8b17-83761d1e0e5b}
			{b918fe7d-971a-f404-9e21-9261abec970b}
			{1e02d2ef-44ad-46b2-a67d-9fd18d780bca}
			{862166b6-c941-4727-9565-48bfff2941de}
			{e215395b-9104-44d9-b894-399ec9e21dfc}
			{78565e80-03d4-4fe3-afac-8c3bca2f3653}
			{b002f407-1340-41eb-bca0-bd7d938e25a9}
			{34f6bdf5-2e79-4c3b-8e14-3d93b75aab89}
			{3860949f-f6a8-4b38-9950-81ecb6bc2982}
			{2df90d73-009f-11d2-aa4c-00c04fd7d83a}
			{9a7ad94a-ca53-11d1-bbd0-0080c76670c0}
			{9a7ad94d-ca53-11d1-bbd0-0080c76670c0}
			{7bd76b92-3244-438a-ada6-24f5ea34381e}
			{adde62c6-1880-41ed-bd3c-30b7d25e14f0}
			{5eb526d7-d71b-44ae-8cc6-95460052e6ac}
		{e45795b3-9455-11d1-aebd-0000f80367c1}
			{bf967a7a-0de6-11d0-a285-00aa003049e2}
			{9a9a0221-4a5b-11d1-a9c3-0000f80367c1}
		{59ba2f42-79a2-11d0-9020-00c04fc2d3cf}
			{c3dbafa6-33df-11d2-98b2-0000f87a57d4}
			{bf967984-0de6-11d0-a285-00aa003049e2}
			{bf967953-0de6-11d0-a285-00aa003049e2}
			{bf967919-0de6-11d0-a285-00aa003049e2}
		{bc0ac240-79a9-11d0-9020-00c04fc2d4cf}
			{bf967991-0de6-11d0-a285-00aa003049e2}
",,PIRATE,0x464ec,Administrator,S-1-5-21-4107424128-4158083573-1300325248-500,,,,,,,,,,
2025-06-11T14:16:59.136708Z,4662,DC01.pirate.htb,Microsoft-Windows-Security-Auditing,Security,15346,0,"%%7682
				",0x4,-,,,,,,,,,,,,,,,0x0,,,,,,,,,,,,,%{afff0694-70ff-4985-9456-bb96e5b03812},DS,%{e0fa1e8b-9b45-11d0-afdd-00c04fd930c9},,Object Access,,,,,"%%7682
	{e0fa1e8b-9b45-11d0-afdd-00c04fd930c9}
",,PIRATE,0x464ec,Administrator,S-1-5-21-4107424128-4158083573-1300325248-500,,,,,,,,,,
2025-06-11T14:16:59.136749Z,4662,DC01.pirate.htb,Microsoft-Windows-Security-Auditing,Security,15347,0,"%%7684
				",0x10,-,,,,,,,,,,,,,,,0x0,,,,,,,,,,,,,%{afff0694-70ff-4985-9456-bb96e5b03812},DS,%{e0fa1e8b-9b45-11d0-afdd-00c04fd930c9},,Object Access,,,,,"%%7684
		{771727b1-31b8-4cdf-ae62-4fe39fadf89e}
			{bf967a16-0de6-11d0-a285-00aa003049e2}
	{e0fa1e8b-9b45-11d0-afdd-00c04fd930c9}
",,PIRATE,0x464ec,Administrator,S-1-5-21-4107424128-4158083573-1300325248-500,,,,,,,,,,
2025-06-11T14:16:59.136753Z,4662,DC01.pirate.htb,Microsoft-Windows-Security-Auditing,Security,15348,0,"%%7684
				",0x10,-,,,,,,,,,,,,,,,0x0,,,,,,,,,,,,,%{afff0694-70ff-4985-9456-bb96e5b03812},DS,%{e0fa1e8b-9b45-11d0-afdd-00c04fd930c9},,Object Access,,,,,"%%7684
		{771727b1-31b8-4cdf-ae62-4fe39fadf89e}
			{bf967a1d-0de6-11d0-a285-00aa003049e2}
	{e0fa1e8b-9b45-11d0-afdd-00c04fd930c9}
",,PIRATE,0x464ec,Administrator,S-1-5-21-4107424128-4158083573-1300325248-500,,,,,,,,,,
2025-06-11T14:16:59.136792Z,4662,DC01.pirate.htb,Microsoft-Windows-Security-Auditing,Security,15349,0,"%%7684
				",0x10,-,,,,,,,,,,,,,,,0x0,,,,,,,,,,,,,%{afff0694-70ff-4985-9456-bb96e5b03812},DS,%{e0fa1e8b-9b45-11d0-afdd-00c04fd930c9},,Object Access,,,,,"%%7684
		{771727b1-31b8-4cdf-ae62-4fe39fadf89e}
			{bf967a1e-0de6-11d0-a285-00aa003049e2}
	{e0fa1e8b-9b45-11d0-afdd-00c04fd930c9}
",,PIRATE,0x464ec,Administrator,S-1-5-21-4107424128-4158083573-1300325248-500,,,,,,,,,,
2025-06-11T14:16:59.136815Z,4662,DC01.pirate.htb,Microsoft-Windows-Security-Auditing,Security,15350,0,"%%7684
				",0x10,-,,,,,,,,,,,,,,,0x0,,,,,,,,,,,,,%{afff0694-70ff-4985-9456-bb96e5b03812},DS,%{e0fa1e8b-9b45-11d0-afdd-00c04fd930c9},,Object Access,,,,,"%%7684
		{771727b1-31b8-4cdf-ae62-4fe39fadf89e}
			{281416c0-1968-11d0-a28f-00aa003049e2}
	{e0fa1e8b-9b45-11d0-afdd-00c04fd930c9}
",,PIRATE,0x464ec,Administrator,S-1-5-21-4107424128-4158083573-1300325248-500,,,,,,,,,,
2025-06-11T14:16:59.136919Z,4662,DC01.pirate.htb,Microsoft-Windows-Security-Auditing,Security,15351,0,"%%7684
				",0x10,-,,,,,,,,,,,,,,,0x0,,,,,,,,,,,,,%{afff0694-70ff-4985-9456-bb96e5b03812},DS,%{e0fa1e8b-9b45-11d0-afdd-00c04fd930c9},,Object Access,,,,,"%%7684
		{771727b1-31b8-4cdf-ae62-4fe39fadf89e}
			{281416c0-1968-11d0-a28f-00aa003049e2}
	{e0fa1e8b-9b45-11d0-afdd-00c04fd930c9}
",,PIRATE,0x464ec,Administrator,S-1-5-21-4107424128-4158083573-1300325248-500,,,,,,,,,,
2025-06-11T14:17:06.870812Z,4662,DC01.pirate.htb,Microsoft-Windows-Security-Auditing,Security,15352,0,"%%7682
				",0x4,-,,,,,,,,,,,,,,,0x0,,,,,,,,,,,,,%{afff0694-70ff-4985-9456-bb96e5b03812},DS,%{e0fa1e8b-9b45-11d0-afdd-00c04fd930c9},,Object Access,,,,,"%%7682
	{e0fa1e8b-9b45-11d0-afdd-00c04fd930c9}
",,PIRATE,0x464ec,Administrator,S-1-5-21-4107424128-4158083573-1300325248-500,,,,,,,,,,
2025-06-11T14:17:06.870819Z,4662,DC01.pirate.htb,Microsoft-Windows-Security-Auditing,Security,15353,0,"%%7684
				",0x10,-,,,,,,,,,,,,,,,0x0,,,,,,,,,,,,,%{6d59e19b-d689-4acb-9d4c-77e7a290d3e4},DS,%{e0fa1e8c-9b45-11d0-afdd-00c04fd930c9},,Object Access,,,,,"%%7684
		{e48d0154-bcf8-11d1-8702-00c04fb96050}
			{bf9679e5-0de6-11d0-a285-00aa003049e2}
	{e0fa1e8c-9b45-11d0-afdd-00c04fd930c9}
",,PIRATE,0x464ec,Administrator,S-1-5-21-4107424128-4158083573-1300325248-500,,,,,,,,,,
2025-06-11T14:17:08.175538Z,4662,DC01.pirate.htb,Microsoft-Windows-Security-Auditing,Security,15354,0,"%%7684
				",0x10,-,,,,,,,,,,,,,,,0x0,,,,,,,,,,,,,%{469bd39f-3e90-4f1a-b47e-0432e347ae56},DS,%{e0fa1e8c-9b45-11d0-afdd-00c04fd930c9},,Object Access,,,,,"%%7684
		{e48d0154-bcf8-11d1-8702-00c04fb96050}
			{bf9679e5-0de6-11d0-a285-00aa003049e2}
	{e0fa1e8c-9b45-11d0-afdd-00c04fd930c9}
",,PIRATE,0x464ec,Administrator,S-1-5-21-4107424128-4158083573-1300325248-500,,,,,,,,,,
2025-06-11T14:17:08.175542Z,4662,DC01.pirate.htb,Microsoft-Windows-Security-Auditing,Security,15355,0,"%%7682
				",0x4,-,,,,,,,,,,,,,,,0x0,,,,,,,,,,,,,%{afff0694-70ff-4985-9456-bb96e5b03812},DS,%{e0fa1e8b-9b45-11d0-afdd-00c04fd930c9},,Object Access,,,,,"%%7682
	{e0fa1e8b-9b45-11d0-afdd-00c04fd930c9}
",,PIRATE,0x464ec,Administrator,S-1-5-21-4107424128-4158083573-1300325248-500,,,,,,,,,,
2025-06-11T14:17:08.175548Z,4662,DC01.pirate.htb,Microsoft-Windows-Security-Auditing,Security,15356,0,"%%7684
				",0x10,-,,,,,,,,,,,,,,,0x0,,,,,,,,,,,,,%{469bd39f-3e90-4f1a-b47e-0432e347ae56},DS,%{e0fa1e8c-9b45-11d0-afdd-00c04fd930c9},,Object Access,,,,,"%%7684
		{771727b1-31b8-4cdf-ae62-4fe39fadf89e}
			{bf9679d6-0de6-11d0-a285-00aa003049e2}
			{dd712224-10e4-11d0-a05f-00aa006c33ed}
		{e48d0154-bcf8-11d1-8702-00c04fb96050}
			{9a7ad940-ca53-11d1-bbd0-0080c76670c0}
	{e0fa1e8c-9b45-11d0-afdd-00c04fd930c9}
",,PIRATE,0x464ec,Administrator,S-1-5-21-4107424128-4158083573-1300325248-500,,,,,,,,,,
2025-06-11T14:17:08.175552Z,4662,DC01.pirate.htb,Microsoft-Windows-Security-Auditing,Security,15357,0,"%%7684
				",0x10,-,,,,,,,,,,,,,,,0x0,,,,,,,,,,,,,%{3e507f40-276f-4917-b2e4-bc80778e62d0},DS,%{e0fa1e8c-9b45-11d0-afdd-00c04fd930c9},,Object Access,,,,,"%%7684
		{e48d0154-bcf8-11d1-8702-00c04fb96050}
			{bf9679e5-0de6-11d0-a285-00aa003049e2}
	{e0fa1e8c-9b45-11d0-afdd-00c04fd930c9}
",,PIRATE,0x464ec,Administrator,S-1-5-21-4107424128-4158083573-1300325248-500,,,,,,,,,,
2025-06-11T14:17:08.175558Z,4662,DC01.pirate.htb,Microsoft-Windows-Security-Auditing,Security,15358,0,"%%7684
				",0x10,-,,,,,,,,,,,,,,,0x0,,,,,,,,,,,,,%{3e507f40-276f-4917-b2e4-bc80778e62d0},DS,%{e0fa1e8c-9b45-11d0-afdd-00c04fd930c9},,Object Access,,,,,"%%7684
		{771727b1-31b8-4cdf-ae62-4fe39fadf89e}
			{bf9679d6-0de6-11d0-a285-00aa003049e2}
			{dd712224-10e4-11d0-a05f-00aa006c33ed}
		{e48d0154-bcf8-11d1-8702-00c04fb96050}
			{9a7ad940-ca53-11d1-bbd0-0080c76670c0}
	{e0fa1e8c-9b45-11d0-afdd-00c04fd930c9}
",,PIRATE,0x464ec,Administrator,S-1-5-21-4107424128-4158083573-1300325248-500,,,,,,,,,,
2025-06-11T14:17:08.175561Z,4662,DC01.pirate.htb,Microsoft-Windows-Security-Auditing,Security,15359,0,"%%7684
				",0x10,-,,,,,,,,,,,,,,,0x0,,,,,,,,,,,,,%{758c2aeb-ddef-4714-89b0-627f48efb6a5},DS,%{e0fa1e8c-9b45-11d0-afdd-00c04fd930c9},,Object Access,,,,,"%%7684
		{e48d0154-bcf8-11d1-8702-00c04fb96050}
			{bf9679e5-0de6-11d0-a285-00aa003049e2}
	{e0fa1e8c-9b45-11d0-afdd-00c04fd930c9}
",,PIRATE,0x464ec,Administrator,S-1-5-21-4107424128-4158083573-1300325248-500,,,,,,,,,,
2025-06-11T14:17:08.175567Z,4662,DC01.pirate.htb,Microsoft-Windows-Security-Auditing,Security,15360,0,"%%7684
				",0x10,-,,,,,,,,,,,,,,,0x0,,,,,,,,,,,,,%{758c2aeb-ddef-4714-89b0-627f48efb6a5},DS,%{e0fa1e8c-9b45-11d0-afdd-00c04fd930c9},,Object Access,,,,,"%%7684
		{771727b1-31b8-4cdf-ae62-4fe39fadf89e}
			{bf9679d6-0de6-11d0-a285-00aa003049e2}
			{dd712224-10e4-11d0-a05f-00aa006c33ed}
		{e48d0154-bcf8-11d1-8702-00c04fb96050}
			{9a7ad940-ca53-11d1-bbd0-0080c76670c0}
	{e0fa1e8c-9b45-11d0-afdd-00c04fd930c9}
",,PIRATE,0x464ec,Administrator,S-1-5-21-4107424128-4158083573-1300325248-500,,,,,,,,,,
2025-06-11T14:17:08.175570Z,4662,DC01.pirate.htb,Microsoft-Windows-Security-Auditing,Security,15361,0,"%%7684
				",0x10,-,,,,,,,,,,,,,,,0x0,,,,,,,,,,,,,%{83a1511f-724f-4df3-9a44-6bd35a2b2f50},DS,%{e0fa1e8c-9b45-11d0-afdd-00c04fd930c9},,Object Access,,,,,"%%7684
		{e48d0154-bcf8-11d1-8702-00c04fb96050}
			{bf9679e5-0de6-11d0-a285-00aa003049e2}
	{e0fa1e8c-9b45-11d0-afdd-00c04fd930c9}
",,PIRATE,0x464ec,Administrator,S-1-5-21-4107424128-4158083573-1300325248-500,,,,,,,,,,
2025-06-11T14:17:08.175575Z,4662,DC01.pirate.htb,Microsoft-Windows-Security-Auditing,Security,15362,0,"%%7684
				",0x10,-,,,,,,,,,,,,,,,0x0,,,,,,,,,,,,,%{83a1511f-724f-4df3-9a44-6bd35a2b2f50},DS,%{e0fa1e8c-9b45-11d0-afdd-00c04fd930c9},,Object Access,,,,,"%%7684
		{771727b1-31b8-4cdf-ae62-4fe39fadf89e}
			{bf9679d6-0de6-11d0-a285-00aa003049e2}
			{dd712224-10e4-11d0-a05f-00aa006c33ed}
		{e48d0154-bcf8-11d1-8702-00c04fb96050}
			{9a7ad940-ca53-11d1-bbd0-0080c76670c0}
	{e0fa1e8c-9b45-11d0-afdd-00c04fd930c9}
",,PIRATE,0x464ec,Administrator,S-1-5-21-4107424128-4158083573-1300325248-500,,,,,,,,,,
2025-06-11T14:17:08.175578Z,4662,DC01.pirate.htb,Microsoft-Windows-Security-Auditing,Security,15363,0,"%%7684
				",0x10,-,,,,,,,,,,,,,,,0x0,,,,,,,,,,,,,%{0b0d3777-6f3b-4ff3-8084-1efe0e23fc64},DS,%{e0fa1e8c-9b45-11d0-afdd-00c04fd930c9},,Object Access,,,,,"%%7684
		{e48d0154-bcf8-11d1-8702-00c04fb96050}
			{bf9679e5-0de6-11d0-a285-00aa003049e2}
	{e0fa1e8c-9b45-11d0-afdd-00c04fd930c9}
",,PIRATE,0x464ec,Administrator,S-1-5-21-4107424128-4158083573-1300325248-500,,,,,,,,,,
2025-06-11T14:17:08.175584Z,4662,DC01.pirate.htb,Microsoft-Windows-Security-Auditing,Security,15364,0,"%%7684
				",0x10,-,,,,,,,,,,,,,,,0x0,,,,,,,,,,,,,%{0b0d3777-6f3b-4ff3-8084-1efe0e23fc64},DS,%{e0fa1e8c-9b45-11d0-afdd-00c04fd930c9},,Object Access,,,,,"%%7684
		{771727b1-31b8-4cdf-ae62-4fe39fadf89e}
			{bf9679d6-0de6-11d0-a285-00aa003049e2}
			{dd712224-10e4-11d0-a05f-00aa006c33ed}
		{e48d0154-bcf8-11d1-8702-00c04fb96050}
			{9a7ad940-ca53-11d1-bbd0-0080c76670c0}
	{e0fa1e8c-9b45-11d0-afdd-00c04fd930c9}
",,PIRATE,0x464ec,Administrator,S-1-5-21-4107424128-4158083573-1300325248-500,,,,,,,,,,
2025-06-11T14:17:08.175587Z,4662,DC01.pirate.htb,Microsoft-Windows-Security-Auditing,Security,15365,0,"%%7684
				",0x10,-,,,,,,,,,,,,,,,0x0,,,,,,,,,,,,,%{0bcb601d-ba63-4df6-8146-e192ecc57b43},DS,%{e0fa1e8c-9b45-11d0-afdd-00c04fd930c9},,Object Access,,,,,"%%7684
		{e48d0154-bcf8-11d1-8702-00c04fb96050}
			{bf9679e5-0de6-11d0-a285-00aa003049e2}
	{e0fa1e8c-9b45-11d0-afdd-00c04fd930c9}
",,PIRATE,0x464ec,Administrator,S-1-5-21-4107424128-4158083573-1300325248-500,,,,,,,,,,
2025-06-11T14:17:08.175592Z,4662,DC01.pirate.htb,Microsoft-Windows-Security-Auditing,Security,15366,0,"%%7684
				",0x10,-,,,,,,,,,,,,,,,0x0,,,,,,,,,,,,,%{0bcb601d-ba63-4df6-8146-e192ecc57b43},DS,%{e0fa1e8c-9b45-11d0-afdd-00c04fd930c9},,Object Access,,,,,"%%7684
		{771727b1-31b8-4cdf-ae62-4fe39fadf89e}
			{bf9679d6-0de6-11d0-a285-00aa003049e2}
			{dd712224-10e4-11d0-a05f-00aa006c33ed}
		{e48d0154-bcf8-11d1-8702-00c04fb96050}
			{9a7ad940-ca53-11d1-bbd0-0080c76670c0}
	{e0fa1e8c-9b45-11d0-afdd-00c04fd930c9}
",,PIRATE,0x464ec,Administrator,S-1-5-21-4107424128-4158083573-1300325248-500,,,,,,,,,,
2025-06-11T14:17:08.175595Z,4662,DC01.pirate.htb,Microsoft-Windows-Security-Auditing,Security,15367,0,"%%7684
				",0x10,-,,,,,,,,,,,,,,,0x0,,,,,,,,,,,,,%{1043e205-7076-4fa9-b74a-0fc12f106748},DS,%{e0fa1e8c-9b45-11d0-afdd-00c04fd930c9},,Object Access,,,,,"%%7684
		{e48d0154-bcf8-11d1-8702-00c04fb96050}
			{bf9679e5-0de6-11d0-a285-00aa003049e2}
	{e0fa1e8c-9b45-11d0-afdd-00c04fd930c9}
",,PIRATE,0x464ec,Administrator,S-1-5-21-4107424128-4158083573-1300325248-500,,,,,,,,,,
2025-06-11T14:17:08.175601Z,4662,DC01.pirate.htb,Microsoft-Windows-Security-Auditing,Security,15368,0,"%%7684
				",0x10,-,,,,,,,,,,,,,,,0x0,,,,,,,,,,,,,%{1043e205-7076-4fa9-b74a-0fc12f106748},DS,%{e0fa1e8c-9b45-11d0-afdd-00c04fd930c9},,Object Access,,,,,"%%7684
		{771727b1-31b8-4cdf-ae62-4fe39fadf89e}
			{bf9679d6-0de6-11d0-a285-00aa003049e2}
			{dd712224-10e4-11d0-a05f-00aa006c33ed}
		{e48d0154-bcf8-11d1-8702-00c04fb96050}
			{9a7ad940-ca53-11d1-bbd0-0080c76670c0}
	{e0fa1e8c-9b45-11d0-afdd-00c04fd930c9}
",,PIRATE,0x464ec,Administrator,S-1-5-21-4107424128-4158083573-1300325248-500,,,,,,,,,,
2025-06-11T14:17:08.175605Z,4662,DC01.pirate.htb,Microsoft-Windows-Security-Auditing,Security,15369,0,"%%7684
				",0x10,-,,,,,,,,,,,,,,,0x0,,,,,,,,,,,,,%{27edafa5-bfe4-48d4-91c3-fc68f5ffb639},DS,%{e0fa1e8c-9b45-11d0-afdd-00c04fd930c9},,Object Access,,,,,"%%7684
		{e48d0154-bcf8-11d1-8702-00c04fb96050}
			{bf9679e5-0de6-11d0-a285-00aa003049e2}
	{e0fa1e8c-9b45-11d0-afdd-00c04fd930c9}
",,PIRATE,0x464ec,Administrator,S-1-5-21-4107424128-4158083573-1300325248-500,,,,,,,,,,
2025-06-11T14:17:08.175610Z,4662,DC01.pirate.htb,Microsoft-Windows-Security-Auditing,Security,15370,0,"%%7684
				",0x10,-,,,,,,,,,,,,,,,0x0,,,,,,,,,,,,,%{27edafa5-bfe4-48d4-91c3-fc68f5ffb639},DS,%{e0fa1e8c-9b45-11d0-afdd-00c04fd930c9},,Object Access,,,,,"%%7684
		{771727b1-31b8-4cdf-ae62-4fe39fadf89e}
			{bf9679d6-0de6-11d0-a285-00aa003049e2}
			{dd712224-10e4-11d0-a05f-00aa006c33ed}
		{e48d0154-bcf8-11d1-8702-00c04fb96050}
			{9a7ad940-ca53-11d1-bbd0-0080c76670c0}
	{e0fa1e8c-9b45-11d0-afdd-00c04fd930c9}
",,PIRATE,0x464ec,Administrator,S-1-5-21-4107424128-4158083573-1300325248-500,,,,,,,,,,
2025-06-11T14:17:08.175613Z,4662,DC01.pirate.htb,Microsoft-Windows-Security-Auditing,Security,15371,0,"%%7684
				",0x10,-,,,,,,,,,,,,,,,0x0,,,,,,,,,,,,,%{122bbef9-a7a8-4fd5-b3ae-8adfa6638e7f},DS,%{e0fa1e8c-9b45-11d0-afdd-00c04fd930c9},,Object Access,,,,,"%%7684
		{e48d0154-bcf8-11d1-8702-00c04fb96050}
			{bf9679e5-0de6-11d0-a285-00aa003049e2}
	{e0fa1e8c-9b45-11d0-afdd-00c04fd930c9}
",,PIRATE,0x464ec,Administrator,S-1-5-21-4107424128-4158083573-1300325248-500,,,,,,,,,,
2025-06-11T14:17:08.175618Z,4662,DC01.pirate.htb,Microsoft-Windows-Security-Auditing,Security,15372,0,"%%7684
				",0x10,-,,,,,,,,,,,,,,,0x0,,,,,,,,,,,,,%{122bbef9-a7a8-4fd5-b3ae-8adfa6638e7f},DS,%{e0fa1e8c-9b45-11d0-afdd-00c04fd930c9},,Object Access,,,,,"%%7684
		{771727b1-31b8-4cdf-ae62-4fe39fadf89e}
			{bf9679d6-0de6-11d0-a285-00aa003049e2}
			{dd712224-10e4-11d0-a05f-00aa006c33ed}
		{e48d0154-bcf8-11d1-8702-00c04fb96050}
			{9a7ad940-ca53-11d1-bbd0-0080c76670c0}
	{e0fa1e8c-9b45-11d0-afdd-00c04fd930c9}
",,PIRATE,0x464ec,Administrator,S-1-5-21-4107424128-4158083573-1300325248-500,,,,,,,,,,
2025-06-11T14:17:08.175622Z,4662,DC01.pirate.htb,Microsoft-Windows-Security-Auditing,Security,15373,0,"%%7684
				",0x10,-,,,,,,,,,,,,,,,0x0,,,,,,,,,,,,,%{6d3f5445-e2ba-477e-bca5-81da774e1e1e},DS,%{e0fa1e8c-9b45-11d0-afdd-00c04fd930c9},,Object Access,,,,,"%%7684
		{e48d0154-bcf8-11d1-8702-00c04fb96050}
			{bf9679e5-0de6-11d0-a285-00aa003049e2}
	{e0fa1e8c-9b45-11d0-afdd-00c04fd930c9}
",,PIRATE,0x464ec,Administrator,S-1-5-21-4107424128-4158083573-1300325248-500,,,,,,,,,,
2025-06-11T14:17:08.175627Z,4662,DC01.pirate.htb,Microsoft-Windows-Security-Auditing,Security,15374,0,"%%7684
				",0x10,-,,,,,,,,,,,,,,,0x0,,,,,,,,,,,,,%{6d3f5445-e2ba-477e-bca5-81da774e1e1e},DS,%{e0fa1e8c-9b45-11d0-afdd-00c04fd930c9},,Object Access,,,,,"%%7684
		{771727b1-31b8-4cdf-ae62-4fe39fadf89e}
			{bf9679d6-0de6-11d0-a285-00aa003049e2}
			{dd712224-10e4-11d0-a05f-00aa006c33ed}
		{e48d0154-bcf8-11d1-8702-00c04fb96050}
			{9a7ad940-ca53-11d1-bbd0-0080c76670c0}
	{e0fa1e8c-9b45-11d0-afdd-00c04fd930c9}
",,PIRATE,0x464ec,Administrator,S-1-5-21-4107424128-4158083573-1300325248-500,,,,,,,,,,
2025-06-11T14:17:08.175631Z,4662,DC01.pirate.htb,Microsoft-Windows-Security-Auditing,Security,15375,0,"%%7684
				",0x10,-,,,,,,,,,,,,,,,0x0,,,,,,,,,,,,,%{a3a0603d-2f95-4860-b5e2-1f8aa69b5507},DS,%{e0fa1e8c-9b45-11d0-afdd-00c04fd930c9},,Object Access,,,,,"%%7684
		{e48d0154-bcf8-11d1-8702-00c04fb96050}
			{bf9679e5-0de6-11d0-a285-00aa003049e2}
	{e0fa1e8c-9b45-11d0-afdd-00c04fd930c9}
",,PIRATE,0x464ec,Administrator,S-1-5-21-4107424128-4158083573-1300325248-500,,,,,,,,,,
2025-06-11T14:17:08.175636Z,4662,DC01.pirate.htb,Microsoft-Windows-Security-Auditing,Security,15376,0,"%%7684
				",0x10,-,,,,,,,,,,,,,,,0x0,,,,,,,,,,,,,%{a3a0603d-2f95-4860-b5e2-1f8aa69b5507},DS,%{e0fa1e8c-9b45-11d0-afdd-00c04fd930c9},,Object Access,,,,,"%%7684
		{771727b1-31b8-4cdf-ae62-4fe39fadf89e}
			{bf9679d6-0de6-11d0-a285-00aa003049e2}
			{dd712224-10e4-11d0-a05f-00aa006c33ed}
		{e48d0154-bcf8-11d1-8702-00c04fb96050}
			{9a7ad940-ca53-11d1-bbd0-0080c76670c0}
	{e0fa1e8c-9b45-11d0-afdd-00c04fd930c9}
",,PIRATE,0x464ec,Administrator,S-1-5-21-4107424128-4158083573-1300325248-500,,,,,,,,,,
2025-06-11T14:17:08.175639Z,4662,DC01.pirate.htb,Microsoft-Windows-Security-Auditing,Security,15377,0,"%%7684
				",0x10,-,,,,,,,,,,,,,,,0x0,,,,,,,,,,,,,%{6b2ac94c-8e2c-47fa-918d-7c3314ae668b},DS,%{e0fa1e8c-9b45-11d0-afdd-00c04fd930c9},,Object Access,,,,,"%%7684
		{e48d0154-bcf8-11d1-8702-00c04fb96050}
			{bf9679e5-0de6-11d0-a285-00aa003049e2}
	{e0fa1e8c-9b45-11d0-afdd-00c04fd930c9}
",,PIRATE,0x464ec,Administrator,S-1-5-21-4107424128-4158083573-1300325248-500,,,,,,,,,,
2025-06-11T14:17:08.175644Z,4662,DC01.pirate.htb,Microsoft-Windows-Security-Auditing,Security,15378,0,"%%7684
				",0x10,-,,,,,,,,,,,,,,,0x0,,,,,,,,,,,,,%{6b2ac94c-8e2c-47fa-918d-7c3314ae668b},DS,%{e0fa1e8c-9b45-11d0-afdd-00c04fd930c9},,Object Access,,,,,"%%7684
		{771727b1-31b8-4cdf-ae62-4fe39fadf89e}
			{bf9679d6-0de6-11d0-a285-00aa003049e2}
			{dd712224-10e4-11d0-a05f-00aa006c33ed}
		{e48d0154-bcf8-11d1-8702-00c04fb96050}
			{9a7ad940-ca53-11d1-bbd0-0080c76670c0}
	{e0fa1e8c-9b45-11d0-afdd-00c04fd930c9}
",,PIRATE,0x464ec,Administrator,S-1-5-21-4107424128-4158083573-1300325248-500,,,,,,,,,,
2025-06-11T14:17:08.175648Z,4662,DC01.pirate.htb,Microsoft-Windows-Security-Auditing,Security,15379,0,"%%7684
				",0x10,-,,,,,,,,,,,,,,,0x0,,,,,,,,,,,,,%{83764865-0c41-4ccb-8e7a-255a914cc33d},DS,%{e0fa1e8c-9b45-11d0-afdd-00c04fd930c9},,Object Access,,,,,"%%7684
		{e48d0154-bcf8-11d1-8702-00c04fb96050}
			{bf9679e5-0de6-11d0-a285-00aa003049e2}
	{e0fa1e8c-9b45-11d0-afdd-00c04fd930c9}
",,PIRATE,0x464ec,Administrator,S-1-5-21-4107424128-4158083573-1300325248-500,,,,,,,,,,
2025-06-11T14:17:08.176001Z,4662,DC01.pirate.htb,Microsoft-Windows-Security-Auditing,Security,15380,0,"%%7684
				",0x10,-,,,,,,,,,,,,,,,0x0,,,,,,,,,,,,,%{83764865-0c41-4ccb-8e7a-255a914cc33d},DS,%{e0fa1e8c-9b45-11d0-afdd-00c04fd930c9},,Object Access,,,,,"%%7684
		{771727b1-31b8-4cdf-ae62-4fe39fadf89e}
			{bf9679d6-0de6-11d0-a285-00aa003049e2}
			{dd712224-10e4-11d0-a05f-00aa006c33ed}
		{e48d0154-bcf8-11d1-8702-00c04fb96050}
			{9a7ad940-ca53-11d1-bbd0-0080c76670c0}
	{e0fa1e8c-9b45-11d0-afdd-00c04fd930c9}
",,PIRATE,0x464ec,Administrator,S-1-5-21-4107424128-4158083573-1300325248-500,,,,,,,,,,
2025-06-11T14:17:08.176008Z,4662,DC01.pirate.htb,Microsoft-Windows-Security-Auditing,Security,15381,0,"%%7684
				",0x10,-,,,,,,,,,,,,,,,0x0,,,,,,,,,,,,,%{1442ac9a-0850-4cee-811c-0420b70ae6be},DS,%{e0fa1e8c-9b45-11d0-afdd-00c04fd930c9},,Object Access,,,,,"%%7684
		{e48d0154-bcf8-11d1-8702-00c04fb96050}
			{bf9679e5-0de6-11d0-a285-00aa003049e2}
	{e0fa1e8c-9b45-11d0-afdd-00c04fd930c9}
",,PIRATE,0x464ec,Administrator,S-1-5-21-4107424128-4158083573-1300325248-500,,,,,,,,,,
2025-06-11T14:17:08.176015Z,4662,DC01.pirate.htb,Microsoft-Windows-Security-Auditing,Security,15382,0,"%%7684
				",0x10,-,,,,,,,,,,,,,,,0x0,,,,,,,,,,,,,%{1442ac9a-0850-4cee-811c-0420b70ae6be},DS,%{e0fa1e8c-9b45-11d0-afdd-00c04fd930c9},,Object Access,,,,,"%%7684
		{771727b1-31b8-4cdf-ae62-4fe39fadf89e}
			{bf9679d6-0de6-11d0-a285-00aa003049e2}
			{dd712224-10e4-11d0-a05f-00aa006c33ed}
		{e48d0154-bcf8-11d1-8702-00c04fb96050}
			{9a7ad940-ca53-11d1-bbd0-0080c76670c0}
	{e0fa1e8c-9b45-11d0-afdd-00c04fd930c9}
",,PIRATE,0x464ec,Administrator,S-1-5-21-4107424128-4158083573-1300325248-500,,,,,,,,,,
2025-06-11T14:17:08.176019Z,4662,DC01.pirate.htb,Microsoft-Windows-Security-Auditing,Security,15383,0,"%%7684
				",0x10,-,,,,,,,,,,,,,,,0x0,,,,,,,,,,,,,%{d1d1821d-2629-4ed5-bd96-cc55a8887464},DS,%{e0fa1e8c-9b45-11d0-afdd-00c04fd930c9},,Object Access,,,,,"%%7684
		{e48d0154-bcf8-11d1-8702-00c04fb96050}
			{bf9679e5-0de6-11d0-a285-00aa003049e2}
	{e0fa1e8c-9b45-11d0-afdd-00c04fd930c9}
",,PIRATE,0x464ec,Administrator,S-1-5-21-4107424128-4158083573-1300325248-500,,,,,,,,,,
2025-06-11T14:17:08.176024Z,4662,DC01.pirate.htb,Microsoft-Windows-Security-Auditing,Security,15384,0,"%%7684
				",0x10,-,,,,,,,,,,,,,,,0x0,,,,,,,,,,,,,%{d1d1821d-2629-4ed5-bd96-cc55a8887464},DS,%{e0fa1e8c-9b45-11d0-afdd-00c04fd930c9},,Object Access,,,,,"%%7684
		{771727b1-31b8-4cdf-ae62-4fe39fadf89e}
			{bf9679d6-0de6-11d0-a285-00aa003049e2}
			{dd712224-10e4-11d0-a05f-00aa006c33ed}
		{e48d0154-bcf8-11d1-8702-00c04fb96050}
			{9a7ad940-ca53-11d1-bbd0-0080c76670c0}
	{e0fa1e8c-9b45-11d0-afdd-00c04fd930c9}
",,PIRATE,0x464ec,Administrator,S-1-5-21-4107424128-4158083573-1300325248-500,,,,,,,,,,
2025-06-11T14:17:08.176027Z,4662,DC01.pirate.htb,Microsoft-Windows-Security-Auditing,Security,15385,0,"%%7684
				",0x10,-,,,,,,,,,,,,,,,0x0,,,,,,,,,,,,,%{aff6283f-b417-4237-bc64-56914d112ba3},DS,%{e0fa1e8c-9b45-11d0-afdd-00c04fd930c9},,Object Access,,,,,"%%7684
		{e48d0154-bcf8-11d1-8702-00c04fb96050}
			{bf9679e5-0de6-11d0-a285-00aa003049e2}
	{e0fa1e8c-9b45-11d0-afdd-00c04fd930c9}
",,PIRATE,0x464ec,Administrator,S-1-5-21-4107424128-4158083573-1300325248-500,,,,,,,,,,
2025-06-11T14:17:08.176033Z,4662,DC01.pirate.htb,Microsoft-Windows-Security-Auditing,Security,15386,0,"%%7684
				",0x10,-,,,,,,,,,,,,,,,0x0,,,,,,,,,,,,,%{aff6283f-b417-4237-bc64-56914d112ba3},DS,%{e0fa1e8c-9b45-11d0-afdd-00c04fd930c9},,Object Access,,,,,"%%7684
		{771727b1-31b8-4cdf-ae62-4fe39fadf89e}
			{bf9679d6-0de6-11d0-a285-00aa003049e2}
			{dd712224-10e4-11d0-a05f-00aa006c33ed}
		{e48d0154-bcf8-11d1-8702-00c04fb96050}
			{9a7ad940-ca53-11d1-bbd0-0080c76670c0}
	{e0fa1e8c-9b45-11d0-afdd-00c04fd930c9}
",,PIRATE,0x464ec,Administrator,S-1-5-21-4107424128-4158083573-1300325248-500,,,,,,,,,,
2025-06-11T14:17:08.176036Z,4662,DC01.pirate.htb,Microsoft-Windows-Security-Auditing,Security,15387,0,"%%7684
				",0x10,-,,,,,,,,,,,,,,,0x0,,,,,,,,,,,,,%{de445434-0c12-435d-8650-5a209e4581ad},DS,%{e0fa1e8c-9b45-11d0-afdd-00c04fd930c9},,Object Access,,,,,"%%7684
		{e48d0154-bcf8-11d1-8702-00c04fb96050}
			{bf9679e5-0de6-11d0-a285-00aa003049e2}
	{e0fa1e8c-9b45-11d0-afdd-00c04fd930c9}
",,PIRATE,0x464ec,Administrator,S-1-5-21-4107424128-4158083573-1300325248-500,,,,,,,,,,
2025-06-11T14:17:08.176041Z,4662,DC01.pirate.htb,Microsoft-Windows-Security-Auditing,Security,15388,0,"%%7684
				",0x10,-,,,,,,,,,,,,,,,0x0,,,,,,,,,,,,,%{de445434-0c12-435d-8650-5a209e4581ad},DS,%{e0fa1e8c-9b45-11d0-afdd-00c04fd930c9},,Object Access,,,,,"%%7684
		{771727b1-31b8-4cdf-ae62-4fe39fadf89e}
			{bf9679d6-0de6-11d0-a285-00aa003049e2}
			{dd712224-10e4-11d0-a05f-00aa006c33ed}
		{e48d0154-bcf8-11d1-8702-00c04fb96050}
			{9a7ad940-ca53-11d1-bbd0-0080c76670c0}
	{e0fa1e8c-9b45-11d0-afdd-00c04fd930c9}
",,PIRATE,0x464ec,Administrator,S-1-5-21-4107424128-4158083573-1300325248-500,,,,,,,,,,
2025-06-11T14:17:08.176044Z,4662,DC01.pirate.htb,Microsoft-Windows-Security-Auditing,Security,15389,0,"%%7684
				",0x10,-,,,,,,,,,,,,,,,0x0,,,,,,,,,,,,,%{2023fab1-9a2c-4430-be1b-bd2a3d3d7774},DS,%{e0fa1e8c-9b45-11d0-afdd-00c04fd930c9},,Object Access,,,,,"%%7684
		{e48d0154-bcf8-11d1-8702-00c04fb96050}
			{bf9679e5-0de6-11d0-a285-00aa003049e2}
	{e0fa1e8c-9b45-11d0-afdd-00c04fd930c9}
",,PIRATE,0x464ec,Administrator,S-1-5-21-4107424128-4158083573-1300325248-500,,,,,,,,,,
2025-06-11T14:17:08.176049Z,4662,DC01.pirate.htb,Microsoft-Windows-Security-Auditing,Security,15390,0,"%%7684
				",0x10,-,,,,,,,,,,,,,,,0x0,,,,,,,,,,,,,%{2023fab1-9a2c-4430-be1b-bd2a3d3d7774},DS,%{e0fa1e8c-9b45-11d0-afdd-00c04fd930c9},,Object Access,,,,,"%%7684
		{771727b1-31b8-4cdf-ae62-4fe39fadf89e}
			{bf9679d6-0de6-11d0-a285-00aa003049e2}
			{dd712224-10e4-11d0-a05f-00aa006c33ed}
		{e48d0154-bcf8-11d1-8702-00c04fb96050}
			{9a7ad940-ca53-11d1-bbd0-0080c76670c0}
	{e0fa1e8c-9b45-11d0-afdd-00c04fd930c9}
",,PIRATE,0x464ec,Administrator,S-1-5-21-4107424128-4158083573-1300325248-500,,,,,,,,,,
2025-06-11T14:17:08.176052Z,4662,DC01.pirate.htb,Microsoft-Windows-Security-Auditing,Security,15391,0,"%%7684
				",0x10,-,,,,,,,,,,,,,,,0x0,,,,,,,,,,,,,%{c77c20d8-4182-43e8-ad41-6f5292ec53de},DS,%{e0fa1e8c-9b45-11d0-afdd-00c04fd930c9},,Object Access,,,,,"%%7684
		{e48d0154-bcf8-11d1-8702-00c04fb96050}
			{bf9679e5-0de6-11d0-a285-00aa003049e2}
	{e0fa1e8c-9b45-11d0-afdd-00c04fd930c9}
",,PIRATE,0x464ec,Administrator,S-1-5-21-4107424128-4158083573-1300325248-500,,,,,,,,,,
2025-06-11T14:17:08.176057Z,4662,DC01.pirate.htb,Microsoft-Windows-Security-Auditing,Security,15392,0,"%%7684
				",0x10,-,,,,,,,,,,,,,,,0x0,,,,,,,,,,,,,%{c77c20d8-4182-43e8-ad41-6f5292ec53de},DS,%{e0fa1e8c-9b45-11d0-afdd-00c04fd930c9},,Object Access,,,,,"%%7684
		{771727b1-31b8-4cdf-ae62-4fe39fadf89e}
			{bf9679d6-0de6-11d0-a285-00aa003049e2}
			{dd712224-10e4-11d0-a05f-00aa006c33ed}
		{e48d0154-bcf8-11d1-8702-00c04fb96050}
			{9a7ad940-ca53-11d1-bbd0-0080c76670c0}
	{e0fa1e8c-9b45-11d0-afdd-00c04fd930c9}
",,PIRATE,0x464ec,Administrator,S-1-5-21-4107424128-4158083573-1300325248-500,,,,,,,,,,
2025-06-11T14:17:08.176059Z,4662,DC01.pirate.htb,Microsoft-Windows-Security-Auditing,Security,15393,0,"%%7682
				",0x4,-,,,,,,,,,,,,,,,0x0,,,,,,,,,,,,,%{afff0694-70ff-4985-9456-bb96e5b03812},DS,%{e0fa1e8b-9b45-11d0-afdd-00c04fd930c9},,Object Access,,,,,"%%7682
	{e0fa1e8b-9b45-11d0-afdd-00c04fd930c9}
",,PIRATE,0x464ec,Administrator,S-1-5-21-4107424128-4158083573-1300325248-500,,,,,,,,,,
2025-06-11T14:17:08.176061Z,4662,DC01.pirate.htb,Microsoft-Windows-Security-Auditing,Security,15394,0,"%%1538
				",0x20000,-,,,,,,,,,,,,,,,0x0,,,,,,,,,,,,,%{469bd39f-3e90-4f1a-b47e-0432e347ae56},DS,%{e0fa1e8c-9b45-11d0-afdd-00c04fd930c9},,Object Access,,,,,"%%1538
	{e0fa1e8c-9b45-11d0-afdd-00c04fd930c9}
",,PIRATE,0x464ec,Administrator,S-1-5-21-4107424128-4158083573-1300325248-500,,,,,,,,,,
2025-06-11T14:17:08.176145Z,4662,DC01.pirate.htb,Microsoft-Windows-Security-Auditing,Security,15395,0,"%%7684
				",0x10,-,,,,,,,,,,,,,,,0x0,,,,,,,,,,,,,%{469bd39f-3e90-4f1a-b47e-0432e347ae56},DS,%{e0fa1e8c-9b45-11d0-afdd-00c04fd930c9},,Object Access,,,,,"%%7684
	{e0fa1e8c-9b45-11d0-afdd-00c04fd930c9}
		{e48d0154-bcf8-11d1-8702-00c04fb96050}
			{bf9679e5-0de6-11d0-a285-00aa003049e2}
			{bf96793f-0de6-11d0-a285-00aa003049e2}
			{bf967950-0de6-11d0-a285-00aa003049e2}
			{bf9679e4-0de6-11d0-a285-00aa003049e2}
			{bf967a06-0de6-11d0-a285-00aa003049e2}
			{bf967954-0de6-11d0-a285-00aa003049e2}
			{bf967a1c-0de6-11d0-a285-00aa003049e2}
			{bf967a0e-0de6-11d0-a285-00aa003049e2}
			{bf9679e7-0de6-11d0-a285-00aa003049e2}
			{e0fa1e62-9b45-11d0-afdd-00c04fd930c9}
			{26d97369-6070-11d1-a9c6-0000f80367c1}
		{771727b1-31b8-4cdf-ae62-4fe39fadf89e}
			{167757bc-47f3-11d1-a9c3-0000f80367c1}
			{16775848-47f3-11d1-a9c3-0000f80367c1}
			{bf967a1e-0de6-11d0-a285-00aa003049e2}
			{bf967a1d-0de6-11d0-a285-00aa003049e2}
			{bf9679f4-0de6-11d0-a285-00aa003049e2}
			{bf967a6f-0de6-11d0-a285-00aa003049e2}
			{bf967a73-0de6-11d0-a285-00aa003049e2}
			{bf96791a-0de6-11d0-a285-00aa003049e2}
			{bf96798c-0de6-11d0-a285-00aa003049e2}
			{bf967972-0de6-11d0-a285-00aa003049e2}
			{bf967a71-0de6-11d0-a285-00aa003049e2}
			{bf967a78-0de6-11d0-a285-00aa003049e2}
			{bf967a77-0de6-11d0-a285-00aa003049e2}
			{a8df7498-c5ea-11d1-bbcb-0080c76670c0}
			{bf967a3c-0de6-11d0-a285-00aa003049e2}
			{bf967a16-0de6-11d0-a285-00aa003049e2}
			{bf967976-0de6-11d0-a285-00aa003049e2}
			{bf967a21-0de6-11d0-a285-00aa003049e2}
			{244b2970-5abd-11d0-afd2-00c04fd930c9}
			{66171887-8f3c-11d0-afda-00c04fd930c9}
			{bf967a70-0de6-11d0-a285-00aa003049e2}
			{e0fa1e69-9b45-11d0-afdd-00c04fd930c9}
			{3e10944d-c354-11d0-aff8-0000f80367c1}
			{26d9736e-6070-11d1-a9c6-0000f80367c1}
			{52458019-ca6a-11d0-afff-0000f80367c1}
			{e1aea404-cd5b-11d0-afff-0000f80367c1}
			{05308983-7688-11d1-aded-00c04fd8d5cd}
			{19405b9c-3cfa-11d1-a9c0-0000f80367c1}
			{19405b9e-3cfa-11d1-a9c0-0000f80367c1}
			{0296c124-40da-11d1-a9c0-0000f80367c1}
			{28630ec0-41d5-11d1-a9c1-0000f80367c1}
			{52ab8670-5709-11d1-a9c6-0000f80367c1}
			{bf96798f-0de6-11d0-a285-00aa003049e2}
			{d50c2cdb-8951-11d1-aebc-0000f80367c1}
			{07383082-91df-11d1-aebc-0000f80367c1}
			{00fbf30d-91fe-11d1-aebc-0000f80367c1}
			{2a132579-9373-11d1-aebc-0000f80367c1}
			{2a13257f-9373-11d1-aebc-0000f80367c1}
			{167758ad-47f3-11d1-a9c3-0000f80367c1}
			{e1aea402-cd5b-11d0-afff-0000f80367c1}
			{675a15fe-3b70-11d2-90cc-00c04fd91ab1}
			{d167aa4b-8b08-11d2-9939-0000f87a57d4}
			{1ea64e5d-ac0f-11d2-90df-00c04fd91ab1}
			{23773dc2-b63a-11d2-90e1-00c04fd91ab1}
			{178b7bc2-b63a-11d2-90e1-00c04fd91ab1}
			{e48e64e0-12c9-11d3-9102-00c04fd91ab1}
			{d5eb2eb7-be4e-463b-a214-634a44d7392e}
			{67f121dc-7d02-4c7d-82f5-9ad4c950ac34}
			{9e6f3a4d-242c-4f37-b068-36b57f9fc852}
			{2a8c68fc-3a7a-4e87-8720-fe77c51cbe74}
			{ececcd20-a7e0-4688-9ccf-02ece5e287f5}
			{a637d211-5739-4ed1-89b2-88974548bc59}
			{df446e52-b5fa-4ca2-a42f-13f98a526c8f}
			{f85b6228-3734-4525-b6b7-3f3bb220902c}
			{a0dcd536-5158-42fe-8c40-c00a7ad37959}
			{60234769-4819-4615-a1b2-49d2f119acb5}
			{2b702515-c1f7-4b3b-b148-c0e4c6ceecb4}
			{94f6f2ac-c76d-4b5e-b71f-f332c3e93c22}
			{5dd68c41-bfdf-438b-9b5d-39d9618bf260}
			{c8bc72e0-a6b4-48f0-94a5-fd76a88c9987}
			{ff155a2a-44e5-4de0-8318-13a58988de4f}
			{37c94ff6-c6d4-498f-b2f9-c6f7f8647809}
			{e8b2c971-a6df-47bc-8d6f-62770d527aa5}
			{f547511c-5b2a-44cc-8358-992a88258164}
			{5e6cf031-bda8-43c8-aca4-8fee4127005b}
			{5a2eacd7-cc2b-48cf-9d9a-b6f1a0024de9}
			{1a3d0d20-5844-4199-ad25-0f5039a76ada}
			{79abe4eb-88f3-48e7-89d6-f4bc7e98c331}
			{8fb59256-55f1-444b-aacb-f5b482fe3459}
			{8ab15858-683e-466d-877f-d640e1f9a611}
			{ce5b01bc-17c6-44b8-9dc1-a9668b00901b}
			{54d522db-ec95-48f5-9bbd-1880ebbb2180}
			{7469b704-edb0-4568-a5a5-59f4862c75a7}
			{998c06ac-3f87-444e-a5df-11b03dc8a50c}
			{ab5543ad-23a1-3b45-b937-9b313d5474a8}
			{5a5661a1-97c6-544b-8056-e430fe7bc554}
			{d5006229-9913-2242-8b17-83761d1e0e5b}
			{78565e80-03d4-4fe3-afac-8c3bca2f3653}
			{b002f407-1340-41eb-bca0-bd7d938e25a9}
			{34f6bdf5-2e79-4c3b-8e14-3d93b75aab89}
			{19195a55-6da0-11d0-afd3-00c04fd930c9}
			{7bd76b92-3244-438a-ada6-24f5ea34381e}
			{adde62c6-1880-41ed-bd3c-30b7d25e14f0}
			{5eb526d7-d71b-44ae-8cc6-95460052e6ac}
		{e45795b3-9455-11d1-aebd-0000f80367c1}
			{9a9a0221-4a5b-11d1-a9c3-0000f80367c1}
			{bf967a7a-0de6-11d0-a285-00aa003049e2}
		{59ba2f42-79a2-11d0-9020-00c04fc2d3cf}
			{bf967984-0de6-11d0-a285-00aa003049e2}
			{bf967919-0de6-11d0-a285-00aa003049e2}
			{bf967953-0de6-11d0-a285-00aa003049e2}
		{bc0ac240-79a9-11d0-9020-00c04fc2d4cf}
			{bf967991-0de6-11d0-a285-00aa003049e2}
",,PIRATE,0x464ec,Administrator,S-1-5-21-4107424128-4158083573-1300325248-500,,,,,,,,,,
2025-06-11T14:17:08.176148Z,4662,DC01.pirate.htb,Microsoft-Windows-Security-Auditing,Security,15396,0,"%%7682
				",0x4,-,,,,,,,,,,,,,,,0x0,,,,,,,,,,,,,%{afff0694-70ff-4985-9456-bb96e5b03812},DS,%{e0fa1e8b-9b45-11d0-afdd-00c04fd930c9},,Object Access,,,,,"%%7682
	{e0fa1e8b-9b45-11d0-afdd-00c04fd930c9}
",,PIRATE,0x464ec,Administrator,S-1-5-21-4107424128-4158083573-1300325248-500,,,,,,,,,,
2025-06-11T14:17:08.176150Z,4662,DC01.pirate.htb,Microsoft-Windows-Security-Auditing,Security,15397,0,"%%1538
				",0x20000,-,,,,,,,,,,,,,,,0x0,,,,,,,,,,,,,%{3e507f40-276f-4917-b2e4-bc80778e62d0},DS,%{e0fa1e8c-9b45-11d0-afdd-00c04fd930c9},,Object Access,,,,,"%%1538
	{e0fa1e8c-9b45-11d0-afdd-00c04fd930c9}
",,PIRATE,0x464ec,Administrator,S-1-5-21-4107424128-4158083573-1300325248-500,,,,,,,,,,
2025-06-11T14:17:08.176264Z,4662,DC01.pirate.htb,Microsoft-Windows-Security-Auditing,Security,15398,0,"%%7684
				",0x10,-,,,,,,,,,,,,,,,0x0,,,,,,,,,,,,,%{3e507f40-276f-4917-b2e4-bc80778e62d0},DS,%{e0fa1e8c-9b45-11d0-afdd-00c04fd930c9},,Object Access,,,,,"%%7684
	{e0fa1e8c-9b45-11d0-afdd-00c04fd930c9}
		{e48d0154-bcf8-11d1-8702-00c04fb96050}
			{bf9679e5-0de6-11d0-a285-00aa003049e2}
			{bf96793f-0de6-11d0-a285-00aa003049e2}
			{bf967950-0de6-11d0-a285-00aa003049e2}
			{bf9679e4-0de6-11d0-a285-00aa003049e2}
			{bf967a06-0de6-11d0-a285-00aa003049e2}
			{bf967954-0de6-11d0-a285-00aa003049e2}
			{bf967a1c-0de6-11d0-a285-00aa003049e2}
			{bf967a0e-0de6-11d0-a285-00aa003049e2}
			{bf9679e7-0de6-11d0-a285-00aa003049e2}
			{e0fa1e62-9b45-11d0-afdd-00c04fd930c9}
			{26d97369-6070-11d1-a9c6-0000f80367c1}
		{771727b1-31b8-4cdf-ae62-4fe39fadf89e}
			{167757bc-47f3-11d1-a9c3-0000f80367c1}
			{16775848-47f3-11d1-a9c3-0000f80367c1}
			{bf967a1e-0de6-11d0-a285-00aa003049e2}
			{bf967a1d-0de6-11d0-a285-00aa003049e2}
			{bf9679f4-0de6-11d0-a285-00aa003049e2}
			{bf967a6f-0de6-11d0-a285-00aa003049e2}
			{bf967a73-0de6-11d0-a285-00aa003049e2}
			{bf96791a-0de6-11d0-a285-00aa003049e2}
			{bf96798c-0de6-11d0-a285-00aa003049e2}
			{bf967972-0de6-11d0-a285-00aa003049e2}
			{bf967a71-0de6-11d0-a285-00aa003049e2}
			{bf967a78-0de6-11d0-a285-00aa003049e2}
			{bf967a77-0de6-11d0-a285-00aa003049e2}
			{a8df7498-c5ea-11d1-bbcb-0080c76670c0}
			{bf967a3c-0de6-11d0-a285-00aa003049e2}
			{bf967a16-0de6-11d0-a285-00aa003049e2}
			{bf967976-0de6-11d0-a285-00aa003049e2}
			{bf967a21-0de6-11d0-a285-00aa003049e2}
			{244b2970-5abd-11d0-afd2-00c04fd930c9}
			{66171887-8f3c-11d0-afda-00c04fd930c9}
			{bf967a70-0de6-11d0-a285-00aa003049e2}
			{e0fa1e69-9b45-11d0-afdd-00c04fd930c9}
			{3e10944d-c354-11d0-aff8-0000f80367c1}
			{26d9736e-6070-11d1-a9c6-0000f80367c1}
			{52458019-ca6a-11d0-afff-0000f80367c1}
			{e1aea404-cd5b-11d0-afff-0000f80367c1}
			{05308983-7688-11d1-aded-00c04fd8d5cd}
			{19405b9c-3cfa-11d1-a9c0-0000f80367c1}
			{19405b9e-3cfa-11d1-a9c0-0000f80367c1}
			{0296c124-40da-11d1-a9c0-0000f80367c1}
			{28630ec0-41d5-11d1-a9c1-0000f80367c1}
			{52ab8670-5709-11d1-a9c6-0000f80367c1}
			{bf96798f-0de6-11d0-a285-00aa003049e2}
			{d50c2cdb-8951-11d1-aebc-0000f80367c1}
			{07383082-91df-11d1-aebc-0000f80367c1}
			{00fbf30d-91fe-11d1-aebc-0000f80367c1}
			{2a132579-9373-11d1-aebc-0000f80367c1}
			{2a13257f-9373-11d1-aebc-0000f80367c1}
			{167758ad-47f3-11d1-a9c3-0000f80367c1}
			{e1aea402-cd5b-11d0-afff-0000f80367c1}
			{675a15fe-3b70-11d2-90cc-00c04fd91ab1}
			{d167aa4b-8b08-11d2-9939-0000f87a57d4}
			{1ea64e5d-ac0f-11d2-90df-00c04fd91ab1}
			{23773dc2-b63a-11d2-90e1-00c04fd91ab1}
			{178b7bc2-b63a-11d2-90e1-00c04fd91ab1}
			{e48e64e0-12c9-11d3-9102-00c04fd91ab1}
			{d5eb2eb7-be4e-463b-a214-634a44d7392e}
			{67f121dc-7d02-4c7d-82f5-9ad4c950ac34}
			{9e6f3a4d-242c-4f37-b068-36b57f9fc852}
			{2a8c68fc-3a7a-4e87-8720-fe77c51cbe74}
			{ececcd20-a7e0-4688-9ccf-02ece5e287f5}
			{a637d211-5739-4ed1-89b2-88974548bc59}
			{df446e52-b5fa-4ca2-a42f-13f98a526c8f}
			{f85b6228-3734-4525-b6b7-3f3bb220902c}
			{a0dcd536-5158-42fe-8c40-c00a7ad37959}
			{60234769-4819-4615-a1b2-49d2f119acb5}
			{2b702515-c1f7-4b3b-b148-c0e4c6ceecb4}
			{94f6f2ac-c76d-4b5e-b71f-f332c3e93c22}
			{5dd68c41-bfdf-438b-9b5d-39d9618bf260}
			{c8bc72e0-a6b4-48f0-94a5-fd76a88c9987}
			{ff155a2a-44e5-4de0-8318-13a58988de4f}
			{37c94ff6-c6d4-498f-b2f9-c6f7f8647809}
			{e8b2c971-a6df-47bc-8d6f-62770d527aa5}
			{f547511c-5b2a-44cc-8358-992a88258164}
			{5e6cf031-bda8-43c8-aca4-8fee4127005b}
			{5a2eacd7-cc2b-48cf-9d9a-b6f1a0024de9}
			{1a3d0d20-5844-4199-ad25-0f5039a76ada}
			{79abe4eb-88f3-48e7-89d6-f4bc7e98c331}
			{8fb59256-55f1-444b-aacb-f5b482fe3459}
			{8ab15858-683e-466d-877f-d640e1f9a611}
			{ce5b01bc-17c6-44b8-9dc1-a9668b00901b}
			{54d522db-ec95-48f5-9bbd-1880ebbb2180}
			{7469b704-edb0-4568-a5a5-59f4862c75a7}
			{998c06ac-3f87-444e-a5df-11b03dc8a50c}
			{ab5543ad-23a1-3b45-b937-9b313d5474a8}
			{5a5661a1-97c6-544b-8056-e430fe7bc554}
			{d5006229-9913-2242-8b17-83761d1e0e5b}
			{78565e80-03d4-4fe3-afac-8c3bca2f3653}
			{b002f407-1340-41eb-bca0-bd7d938e25a9}
			{34f6bdf5-2e79-4c3b-8e14-3d93b75aab89}
			{19195a55-6da0-11d0-afd3-00c04fd930c9}
			{7bd76b92-3244-438a-ada6-24f5ea34381e}
			{adde62c6-1880-41ed-bd3c-30b7d25e14f0}
			{5eb526d7-d71b-44ae-8cc6-95460052e6ac}
		{e45795b3-9455-11d1-aebd-0000f80367c1}
			{9a9a0221-4a5b-11d1-a9c3-0000f80367c1}
			{bf967a7a-0de6-11d0-a285-00aa003049e2}
		{59ba2f42-79a2-11d0-9020-00c04fc2d3cf}
			{bf967984-0de6-11d0-a285-00aa003049e2}
			{bf967919-0de6-11d0-a285-00aa003049e2}
			{bf967953-0de6-11d0-a285-00aa003049e2}
		{bc0ac240-79a9-11d0-9020-00c04fc2d4cf}
			{bf967991-0de6-11d0-a285-00aa003049e2}
",,PIRATE,0x464ec,Administrator,S-1-5-21-4107424128-4158083573-1300325248-500,,,,,,,,,,
2025-06-11T14:17:08.176269Z,4662,DC01.pirate.htb,Microsoft-Windows-Security-Auditing,Security,15399,0,"%%7682
				",0x4,-,,,,,,,,,,,,,,,0x0,,,,,,,,,,,,,%{afff0694-70ff-4985-9456-bb96e5b03812},DS,%{e0fa1e8b-9b45-11d0-afdd-00c04fd930c9},,Object Access,,,,,"%%7682
	{e0fa1e8b-9b45-11d0-afdd-00c04fd930c9}
",,PIRATE,0x464ec,Administrator,S-1-5-21-4107424128-4158083573-1300325248-500,,,,,,,,,,
2025-06-11T14:17:08.176270Z,4662,DC01.pirate.htb,Microsoft-Windows-Security-Auditing,Security,15400,0,"%%1538
				",0x20000,-,,,,,,,,,,,,,,,0x0,,,,,,,,,,,,,%{758c2aeb-ddef-4714-89b0-627f48efb6a5},DS,%{e0fa1e8c-9b45-11d0-afdd-00c04fd930c9},,Object Access,,,,,"%%1538
	{e0fa1e8c-9b45-11d0-afdd-00c04fd930c9}
",,PIRATE,0x464ec,Administrator,S-1-5-21-4107424128-4158083573-1300325248-500,,,,,,,,,,
2025-06-11T14:17:08.176350Z,4662,DC01.pirate.htb,Microsoft-Windows-Security-Auditing,Security,15401,0,"%%7684
				",0x10,-,,,,,,,,,,,,,,,0x0,,,,,,,,,,,,,%{758c2aeb-ddef-4714-89b0-627f48efb6a5},DS,%{e0fa1e8c-9b45-11d0-afdd-00c04fd930c9},,Object Access,,,,,"%%7684
	{e0fa1e8c-9b45-11d0-afdd-00c04fd930c9}
		{e48d0154-bcf8-11d1-8702-00c04fb96050}
			{bf9679e5-0de6-11d0-a285-00aa003049e2}
			{bf96793f-0de6-11d0-a285-00aa003049e2}
			{bf967950-0de6-11d0-a285-00aa003049e2}
			{bf9679e4-0de6-11d0-a285-00aa003049e2}
			{bf967a06-0de6-11d0-a285-00aa003049e2}
			{bf967954-0de6-11d0-a285-00aa003049e2}
			{bf967a1c-0de6-11d0-a285-00aa003049e2}
			{bf967a0e-0de6-11d0-a285-00aa003049e2}
			{bf9679e7-0de6-11d0-a285-00aa003049e2}
			{e0fa1e62-9b45-11d0-afdd-00c04fd930c9}
			{26d97369-6070-11d1-a9c6-0000f80367c1}
		{771727b1-31b8-4cdf-ae62-4fe39fadf89e}
			{167757bc-47f3-11d1-a9c3-0000f80367c1}
			{16775848-47f3-11d1-a9c3-0000f80367c1}
			{bf967a1e-0de6-11d0-a285-00aa003049e2}
			{bf967a1d-0de6-11d0-a285-00aa003049e2}
			{bf9679f4-0de6-11d0-a285-00aa003049e2}
			{bf967a6f-0de6-11d0-a285-00aa003049e2}
			{bf967a73-0de6-11d0-a285-00aa003049e2}
			{bf96791a-0de6-11d0-a285-00aa003049e2}
			{bf96798c-0de6-11d0-a285-00aa003049e2}
			{bf967972-0de6-11d0-a285-00aa003049e2}
			{bf967a71-0de6-11d0-a285-00aa003049e2}
			{bf967a78-0de6-11d0-a285-00aa003049e2}
			{bf967a77-0de6-11d0-a285-00aa003049e2}
			{a8df7498-c5ea-11d1-bbcb-0080c76670c0}
			{bf967a3c-0de6-11d0-a285-00aa003049e2}
			{bf967a16-0de6-11d0-a285-00aa003049e2}
			{bf967976-0de6-11d0-a285-00aa003049e2}
			{bf967a21-0de6-11d0-a285-00aa003049e2}
			{244b2970-5abd-11d0-afd2-00c04fd930c9}
			{66171887-8f3c-11d0-afda-00c04fd930c9}
			{bf967a70-0de6-11d0-a285-00aa003049e2}
			{e0fa1e69-9b45-11d0-afdd-00c04fd930c9}
			{3e10944d-c354-11d0-aff8-0000f80367c1}
			{26d9736e-6070-11d1-a9c6-0000f80367c1}
			{52458019-ca6a-11d0-afff-0000f80367c1}
			{e1aea404-cd5b-11d0-afff-0000f80367c1}
			{05308983-7688-11d1-aded-00c04fd8d5cd}
			{19405b9c-3cfa-11d1-a9c0-0000f80367c1}
			{19405b9e-3cfa-11d1-a9c0-0000f80367c1}
			{0296c124-40da-11d1-a9c0-0000f80367c1}
			{28630ec0-41d5-11d1-a9c1-0000f80367c1}
			{52ab8670-5709-11d1-a9c6-0000f80367c1}
			{bf96798f-0de6-11d0-a285-00aa003049e2}
			{d50c2cdb-8951-11d1-aebc-0000f80367c1}
			{07383082-91df-11d1-aebc-0000f80367c1}
			{00fbf30d-91fe-11d1-aebc-0000f80367c1}
			{2a132579-9373-11d1-aebc-0000f80367c1}
			{2a13257f-9373-11d1-aebc-0000f80367c1}
			{167758ad-47f3-11d1-a9c3-0000f80367c1}
			{e1aea402-cd5b-11d0-afff-0000f80367c1}
			{675a15fe-3b70-11d2-90cc-00c04fd91ab1}
			{d167aa4b-8b08-11d2-9939-0000f87a57d4}
			{1ea64e5d-ac0f-11d2-90df-00c04fd91ab1}
			{23773dc2-b63a-11d2-90e1-00c04fd91ab1}
			{178b7bc2-b63a-11d2-90e1-00c04fd91ab1}
			{e48e64e0-12c9-11d3-9102-00c04fd91ab1}
			{d5eb2eb7-be4e-463b-a214-634a44d7392e}
			{67f121dc-7d02-4c7d-82f5-9ad4c950ac34}
			{9e6f3a4d-242c-4f37-b068-36b57f9fc852}
			{2a8c68fc-3a7a-4e87-8720-fe77c51cbe74}
			{ececcd20-a7e0-4688-9ccf-02ece5e287f5}
			{a637d211-5739-4ed1-89b2-88974548bc59}
			{df446e52-b5fa-4ca2-a42f-13f98a526c8f}
			{f85b6228-3734-4525-b6b7-3f3bb220902c}
			{a0dcd536-5158-42fe-8c40-c00a7ad37959}
			{60234769-4819-4615-a1b2-49d2f119acb5}
			{2b702515-c1f7-4b3b-b148-c0e4c6ceecb4}
			{94f6f2ac-c76d-4b5e-b71f-f332c3e93c22}
			{5dd68c41-bfdf-438b-9b5d-39d9618bf260}
			{c8bc72e0-a6b4-48f0-94a5-fd76a88c9987}
			{ff155a2a-44e5-4de0-8318-13a58988de4f}
			{37c94ff6-c6d4-498f-b2f9-c6f7f8647809}
			{e8b2c971-a6df-47bc-8d6f-62770d527aa5}
			{f547511c-5b2a-44cc-8358-992a88258164}
			{5e6cf031-bda8-43c8-aca4-8fee4127005b}
			{5a2eacd7-cc2b-48cf-9d9a-b6f1a0024de9}
			{1a3d0d20-5844-4199-ad25-0f5039a76ada}
			{79abe4eb-88f3-48e7-89d6-f4bc7e98c331}
			{8fb59256-55f1-444b-aacb-f5b482fe3459}
			{8ab15858-683e-466d-877f-d640e1f9a611}
			{ce5b01bc-17c6-44b8-9dc1-a9668b00901b}
			{54d522db-ec95-48f5-9bbd-1880ebbb2180}
			{7469b704-edb0-4568-a5a5-59f4862c75a7}
			{998c06ac-3f87-444e-a5df-11b03dc8a50c}
			{ab5543ad-23a1-3b45-b937-9b313d5474a8}
			{5a5661a1-97c6-544b-8056-e430fe7bc554}
			{d5006229-9913-2242-8b17-83761d1e0e5b}
			{78565e80-03d4-4fe3-afac-8c3bca2f3653}
			{b002f407-1340-41eb-bca0-bd7d938e25a9}
			{34f6bdf5-2e79-4c3b-8e14-3d93b75aab89}
			{19195a55-6da0-11d0-afd3-00c04fd930c9}
			{7bd76b92-3244-438a-ada6-24f5ea34381e}
			{adde62c6-1880-41ed-bd3c-30b7d25e14f0}
			{5eb526d7-d71b-44ae-8cc6-95460052e6ac}
		{e45795b3-9455-11d1-aebd-0000f80367c1}
			{9a9a0221-4a5b-11d1-a9c3-0000f80367c1}
			{bf967a7a-0de6-11d0-a285-00aa003049e2}
		{59ba2f42-79a2-11d0-9020-00c04fc2d3cf}
			{bf967984-0de6-11d0-a285-00aa003049e2}
			{bf967919-0de6-11d0-a285-00aa003049e2}
			{bf967953-0de6-11d0-a285-00aa003049e2}
		{bc0ac240-79a9-11d0-9020-00c04fc2d4cf}
			{bf967991-0de6-11d0-a285-00aa003049e2}
",,PIRATE,0x464ec,Administrator,S-1-5-21-4107424128-4158083573-1300325248-500,,,,,,,,,,
2025-06-11T14:17:08.176353Z,4662,DC01.pirate.htb,Microsoft-Windows-Security-Auditing,Security,15402,0,"%%7682
				",0x4,-,,,,,,,,,,,,,,,0x0,,,,,,,,,,,,,%{afff0694-70ff-4985-9456-bb96e5b03812},DS,%{e0fa1e8b-9b45-11d0-afdd-00c04fd930c9},,Object Access,,,,,"%%7682
	{e0fa1e8b-9b45-11d0-afdd-00c04fd930c9}
",,PIRATE,0x464ec,Administrator,S-1-5-21-4107424128-4158083573-1300325248-500,,,,,,,,,,
2025-06-11T14:17:08.176354Z,4662,DC01.pirate.htb,Microsoft-Windows-Security-Auditing,Security,15403,0,"%%1538
				",0x20000,-,,,,,,,,,,,,,,,0x0,,,,,,,,,,,,,%{83a1511f-724f-4df3-9a44-6bd35a2b2f50},DS,%{e0fa1e8c-9b45-11d0-afdd-00c04fd930c9},,Object Access,,,,,"%%1538
	{e0fa1e8c-9b45-11d0-afdd-00c04fd930c9}
",,PIRATE,0x464ec,Administrator,S-1-5-21-4107424128-4158083573-1300325248-500,,,,,,,,,,
