2026-01-08T21:13:01.067559Z,4662,DC01.pirate.htb,Microsoft-Windows-Security-Auditing,Security,17031,0,"%%7684
				",0x10,-,,,,,,,,,,,,,,,0x0,,,,,,,,,,,,,%{aff6283f-b417-4237-bc64-56914d112ba3},DS,%{e0fa1e8c-9b45-11d0-afdd-00c04fd930c9},,Object Access,,,,,"%%7684
		{e48d0154-bcf8-11d1-8702-00c04fb96050}
			{bf9679e5-0de6-11d0-a285-00aa003049e2}
	{e0fa1e8c-9b45-11d0-afdd-00c04fd930c9}
",,PIRATE,0x4ba19,DC01$,S-1-5-18,,,,,,,,,,
2026-01-08T21:13:01.067568Z,4662,DC01.pirate.htb,Microsoft-Windows-Security-Auditing,Security,17032,0,"%%7682
				",0x4,-,,,,,,,,,,,,,,,0x0,,,,,,,,,,,,,%{afff0694-70ff-4985-9456-bb96e5b03812},DS,%{e0fa1e8b-9b45-11d0-afdd-00c04fd930c9},,Object Access,,,,,"%%7682
	{e0fa1e8b-9b45-11d0-afdd-00c04fd930c9}
",,PIRATE,0x4ba19,DC01$,S-1-5-18,,,,,,,,,,
2026-01-08T21:13:01.067576Z,4662,DC01.pirate.htb,Microsoft-Windows-Security-Auditing,Security,17033,0,"%%1538
				",0x20000,-,,,,,,,,,,,,,,,0x0,,,,,,,,,,,,,%{aff6283f-b417-4237-bc64-56914d112ba3},DS,%{e0fa1e8c-9b45-11d0-afdd-00c04fd930c9},,Object Access,,,,,"%%1538
	{e0fa1e8c-9b45-11d0-afdd-00c04fd930c9}
",,PIRATE,0x4ba19,DC01$,S-1-5-18,,,,,,,,,,
2026-01-08T21:13:01.067672Z,4662,DC01.pirate.htb,Microsoft-Windows-Security-Auditing,Security,17034,0,"%%7684
				",0x10,-,,,,,,,,,,,,,,,0x0,,,,,,,,,,,,,%{aff6283f-b417-4237-bc64-56914d112ba3},DS,%{e0fa1e8c-9b45-11d0-afdd-00c04fd930c9},,Object Access,,,,,"%%7684
	{e0fa1e8c-9b45-11d0-afdd-00c04fd930c9}
		{e48d0154-bcf8-11d1-8702-00c04fb96050}
			{bf9679e5-0de6-11d0-a285-00aa003049e2}
			{bf9679e7-0de6-11d0-a285-00aa003049e2}
		{771727b1-31b8-4cdf-ae62-4fe39fadf89e}
			{bf967a77-0de6-11d0-a285-00aa003049e2}
			{bf967a70-0de6-11d0-a285-00aa003049e2}
			{bf967a6f-0de6-11d0-a285-00aa003049e2}
			{bf967a78-0de6-11d0-a285-00aa003049e2}
			{e0fa1e69-9b45-11d0-afdd-00c04fd930c9}
			{675a15fe-3b70-11d2-90cc-00c04fd91ab1}
			{aa12854c-d8fc-4d5e-91ca-368b8d829bee}
			{c79f2199-6da1-46ff-923c-1f3f800c721e}
			{7bea2088-8ce2-423c-b191-66ec506b1595}
			{0dc063c1-52d9-4456-9e15-9c2434aafd94}
			{5c5b7ad2-20fa-44bb-beb3-34b9c0f65579}
			{27d93c40-065a-43c0-bdd8-cdf2c7d120aa}
			{ff9e5552-7db7-4138-8888-05ce320a0323}
			{13361665-916c-4de7-a59d-b1ebbd0de129}
			{80b70aab-8959-4ec0-8e93-126e76df3aca}
			{8f4e317f-28d7-442c-a6df-1f491f97b326}
			{29869b7c-64c4-42fe-97d5-fbc2fa124160}
			{03d4c32e-e217-4a61-9699-7bbc4729a026}
			{f6b0f0be-a8e4-4468-8fd9-c3c47b8722f9}
			{3443d8cd-e5b6-4f3b-b098-659a0214a079}
			{b7673e6d-cad9-4e9e-b31a-63e8098fdd63}
			{28c458f5-602d-4ac9-a77c-b3f1be503a7e}
			{285c6964-c11a-499e-96d8-bf7c75a223c6}
			{ba340d47-2181-4ca0-a2f6-fae4479dab2a}
			{aff16770-9622-4fbc-a128-3088777605b9}
			{387d9432-a6d1-4474-82cd-0a89aae084ae}
			{19195a55-6da0-11d0-afd3-00c04fd930c9}
",,PIRATE,0x4ba19,DC01$,S-1-5-18,,,,,,,,,,
2026-01-08T21:13:01.068326Z,4662,DC01.pirate.htb,Microsoft-Windows-Security-Auditing,Security,17035,0,"%%7684
				",0x10,-,,,,,,,,,,,,,,,0x0,,,,,,,,,,,,,%{469bd39f-3e90-4f1a-b47e-0432e347ae56},DS,%{e0fa1e8c-9b45-11d0-afdd-00c04fd930c9},,Object Access,,,,,"%%7684
		{e48d0154-bcf8-11d1-8702-00c04fb96050}
			{bf9679e5-0de6-11d0-a285-00aa003049e2}
	{e0fa1e8c-9b45-11d0-afdd-00c04fd930c9}
",,PIRATE,0x4ba19,DC01$,S-1-5-18,,,,,,,,,,
2026-01-08T21:13:01.068339Z,4662,DC01.pirate.htb,Microsoft-Windows-Security-Auditing,Security,17036,0,"%%7682
				",0x4,-,,,,,,,,,,,,,,,0x0,,,,,,,,,,,,,%{afff0694-70ff-4985-9456-bb96e5b03812},DS,%{e0fa1e8b-9b45-11d0-afdd-00c04fd930c9},,Object Access,,,,,"%%7682
	{e0fa1e8b-9b45-11d0-afdd-00c04fd930c9}
",,PIRATE,0x4ba19,DC01$,S-1-5-18,,,,,,,,,,
2026-01-08T21:13:01.068348Z,4662,DC01.pirate.htb,Microsoft-Windows-Security-Auditing,Security,17037,0,"%%1538
				",0x20000,-,,,,,,,,,,,,,,,0x0,,,,,,,,,,,,,%{469bd39f-3e90-4f1a-b47e-0432e347ae56},DS,%{e0fa1e8c-9b45-11d0-afdd-00c04fd930c9},,Object Access,,,,,"%%1538
	{e0fa1e8c-9b45-11d0-afdd-00c04fd930c9}
",,PIRATE,0x4ba19,DC01$,S-1-5-18,,,,,,,,,,
2026-01-08T21:13:01.068488Z,4662,DC01.pirate.htb,Microsoft-Windows-Security-Auditing,Security,17038,0,"%%7684
				",0x10,-,,,,,,,,,,,,,,,0x0,,,,,,,,,,,,,%{469bd39f-3e90-4f1a-b47e-0432e347ae56},DS,%{e0fa1e8c-9b45-11d0-afdd-00c04fd930c9},,Object Access,,,,,"%%7684
	{e0fa1e8c-9b45-11d0-afdd-00c04fd930c9}
		{e48d0154-bcf8-11d1-8702-00c04fb96050}
			{bf9679e5-0de6-11d0-a285-00aa003049e2}
			{bf9679e7-0de6-11d0-a285-00aa003049e2}
		{771727b1-31b8-4cdf-ae62-4fe39fadf89e}
			{bf967a77-0de6-11d0-a285-00aa003049e2}
			{bf967a70-0de6-11d0-a285-00aa003049e2}
			{bf967a6f-0de6-11d0-a285-00aa003049e2}
			{bf967a78-0de6-11d0-a285-00aa003049e2}
			{e0fa1e69-9b45-11d0-afdd-00c04fd930c9}
			{675a15fe-3b70-11d2-90cc-00c04fd91ab1}
			{aa12854c-d8fc-4d5e-91ca-368b8d829bee}
			{c79f2199-6da1-46ff-923c-1f3f800c721e}
			{7bea2088-8ce2-423c-b191-66ec506b1595}
			{0dc063c1-52d9-4456-9e15-9c2434aafd94}
			{5c5b7ad2-20fa-44bb-beb3-34b9c0f65579}
			{27d93c40-065a-43c0-bdd8-cdf2c7d120aa}
			{ff9e5552-7db7-4138-8888-05ce320a0323}
			{13361665-916c-4de7-a59d-b1ebbd0de129}
			{80b70aab-8959-4ec0-8e93-126e76df3aca}
			{8f4e317f-28d7-442c-a6df-1f491f97b326}
			{29869b7c-64c4-42fe-97d5-fbc2fa124160}
			{03d4c32e-e217-4a61-9699-7bbc4729a026}
			{f6b0f0be-a8e4-4468-8fd9-c3c47b8722f9}
			{3443d8cd-e5b6-4f3b-b098-659a0214a079}
			{b7673e6d-cad9-4e9e-b31a-63e8098fdd63}
			{28c458f5-602d-4ac9-a77c-b3f1be503a7e}
			{285c6964-c11a-499e-96d8-bf7c75a223c6}
			{ba340d47-2181-4ca0-a2f6-fae4479dab2a}
			{aff16770-9622-4fbc-a128-3088777605b9}
			{387d9432-a6d1-4474-82cd-0a89aae084ae}
			{19195a55-6da0-11d0-afd3-00c04fd930c9}
",,PIRATE,0x4ba19,DC01$,S-1-5-18,,,,,,,,,,
2026-01-08T21:13:01.069245Z,4662,DC01.pirate.htb,Microsoft-Windows-Security-Auditing,Security,17039,0,"%%7685
				",0x20,-,,,,,,,,,,,,,,,0x0,,,,,,,,,,,,,%{aff6283f-b417-4237-bc64-56914d112ba3},DS,%{e0fa1e8c-9b45-11d0-afdd-00c04fd930c9},,Object Access,,,,,"%%7685
		{771727b1-31b8-4cdf-ae62-4fe39fadf89e}
			{e0fa1e69-9b45-11d0-afdd-00c04fd930c9}
			{d5eb2eb7-be4e-463b-a214-634a44d7392e}
	{e0fa1e8c-9b45-11d0-afdd-00c04fd930c9}
",,PIRATE,0x4ba19,DC01$,S-1-5-18,,,,,,,,,,
2026-01-08T21:13:01.290964Z,4662,DC01.pirate.htb,Microsoft-Windows-Security-Auditing,Security,17040,0,"%%7684
				",0x10,-,,,,,,,,,,,,,,,0x0,,,,,,,,,,,,,%{afff0694-70ff-4985-9456-bb96e5b03812},DS,%{e0fa1e8b-9b45-11d0-afdd-00c04fd930c9},,Object Access,,,,,"%%7684
		{e48d0154-bcf8-11d1-8702-00c04fb96050}
			{26d97369-6070-11d1-a9c6-0000f80367c1}
	{e0fa1e8b-9b45-11d0-afdd-00c04fd930c9}
",,PIRATE,0x4ba19,DC01$,S-1-5-18,,,,,,,,,,
2026-01-08T21:13:01.290971Z,4662,DC01.pirate.htb,Microsoft-Windows-Security-Auditing,Security,17041,0,"%%1538
				",0x20000,-,,,,,,,,,,,,,,,0x0,,,,,,,,,,,,,%{afff0694-70ff-4985-9456-bb96e5b03812},DS,%{e0fa1e8b-9b45-11d0-afdd-00c04fd930c9},,Object Access,,,,,"%%1538
	{e0fa1e8b-9b45-11d0-afdd-00c04fd930c9}
",,PIRATE,0x4ba19,DC01$,S-1-5-18,,,,,,,,,,
2026-01-08T21:13:01.291048Z,4662,DC01.pirate.htb,Microsoft-Windows-Security-Auditing,Security,17042,0,"%%7684
				",0x10,-,,,,,,,,,,,,,,,0x0,,,,,,,,,,,,,%{afff0694-70ff-4985-9456-bb96e5b03812},DS,%{e0fa1e8b-9b45-11d0-afdd-00c04fd930c9},,Object Access,,,,,"%%7684
	{e0fa1e8b-9b45-11d0-afdd-00c04fd930c9}
		{e48d0154-bcf8-11d1-8702-00c04fb96050}
			{bf9679e5-0de6-11d0-a285-00aa003049e2}
			{bf9679e7-0de6-11d0-a285-00aa003049e2}
		{771727b1-31b8-4cdf-ae62-4fe39fadf89e}
			{bf967a77-0de6-11d0-a285-00aa003049e2}
			{bf967a70-0de6-11d0-a285-00aa003049e2}
			{bf967a6f-0de6-11d0-a285-00aa003049e2}
			{bf967a78-0de6-11d0-a285-00aa003049e2}
			{e0fa1e69-9b45-11d0-afdd-00c04fd930c9}
			{675a15fe-3b70-11d2-90cc-00c04fd91ab1}
			{aa12854c-d8fc-4d5e-91ca-368b8d829bee}
			{c79f2199-6da1-46ff-923c-1f3f800c721e}
			{7bea2088-8ce2-423c-b191-66ec506b1595}
			{0dc063c1-52d9-4456-9e15-9c2434aafd94}
			{5c5b7ad2-20fa-44bb-beb3-34b9c0f65579}
			{27d93c40-065a-43c0-bdd8-cdf2c7d120aa}
			{ff9e5552-7db7-4138-8888-05ce320a0323}
			{13361665-916c-4de7-a59d-b1ebbd0de129}
			{80b70aab-8959-4ec0-8e93-126e76df3aca}
			{8f4e317f-28d7-442c-a6df-1f491f97b326}
			{29869b7c-64c4-42fe-97d5-fbc2fa124160}
			{03d4c32e-e217-4a61-9699-7bbc4729a026}
			{f6b0f0be-a8e4-4468-8fd9-c3c47b8722f9}
			{3443d8cd-e5b6-4f3b-b098-659a0214a079}
			{b7673e6d-cad9-4e9e-b31a-63e8098fdd63}
			{28c458f5-602d-4ac9-a77c-b3f1be503a7e}
			{285c6964-c11a-499e-96d8-bf7c75a223c6}
			{ba340d47-2181-4ca0-a2f6-fae4479dab2a}
			{aff16770-9622-4fbc-a128-3088777605b9}
			{387d9432-a6d1-4474-82cd-0a89aae084ae}
			{19195a55-6da0-11d0-afd3-00c04fd930c9}
",,PIRATE,0x4ba19,DC01$,S-1-5-18,,,,,,,,,,
2026-01-08T21:13:01.312755Z,4662,DC01.pirate.htb,Microsoft-Windows-Security-Auditing,Security,17043,0,"%%7684
				",0x10,-,,,,,,,,,,,,,,,0x0,,,,,,,,,,,,,%{aff6283f-b417-4237-bc64-56914d112ba3},DS,%{e0fa1e8c-9b45-11d0-afdd-00c04fd930c9},,Object Access,,,,,"%%7684
		{e48d0154-bcf8-11d1-8702-00c04fb96050}
			{bf9679e5-0de6-11d0-a285-00aa003049e2}
	{e0fa1e8c-9b45-11d0-afdd-00c04fd930c9}
",,PIRATE,0x4ba19,DC01$,S-1-5-18,,,,,,,,,,
2026-01-08T21:13:01.312766Z,4662,DC01.pirate.htb,Microsoft-Windows-Security-Auditing,Security,17044,0,"%%7682
				",0x4,-,,,,,,,,,,,,,,,0x0,,,,,,,,,,,,,%{afff0694-70ff-4985-9456-bb96e5b03812},DS,%{e0fa1e8b-9b45-11d0-afdd-00c04fd930c9},,Object Access,,,,,"%%7682
	{e0fa1e8b-9b45-11d0-afdd-00c04fd930c9}
",,PIRATE,0x4ba19,DC01$,S-1-5-18,,,,,,,,,,
2026-01-08T21:13:01.312775Z,4662,DC01.pirate.htb,Microsoft-Windows-Security-Auditing,Security,17045,0,"%%1538
				%%1542
				",0x1020000,-,,,,,,,,,,,,,,,0x0,,,,,,,,,,,,,%{aff6283f-b417-4237-bc64-56914d112ba3},DS,%{e0fa1e8c-9b45-11d0-afdd-00c04fd930c9},,Object Access,,,,,"%%1538
%%1542
	{e0fa1e8c-9b45-11d0-afdd-00c04fd930c9}
",,PIRATE,0x4ba19,DC01$,S-1-5-18,,,,,,,,,,
2026-01-08T21:13:01.312867Z,4662,DC01.pirate.htb,Microsoft-Windows-Security-Auditing,Security,17046,0,"%%7684
				",0x10,-,,,,,,,,,,,,,,,0x0,,,,,,,,,,,,,%{aff6283f-b417-4237-bc64-56914d112ba3},DS,%{e0fa1e8c-9b45-11d0-afdd-00c04fd930c9},,Object Access,,,,,"%%7684
	{e0fa1e8c-9b45-11d0-afdd-00c04fd930c9}
		{e48d0154-bcf8-11d1-8702-00c04fb96050}
			{bf9679e5-0de6-11d0-a285-00aa003049e2}
			{bf9679e7-0de6-11d0-a285-00aa003049e2}
		{771727b1-31b8-4cdf-ae62-4fe39fadf89e}
			{bf967a77-0de6-11d0-a285-00aa003049e2}
			{bf967a70-0de6-11d0-a285-00aa003049e2}
			{bf967a6f-0de6-11d0-a285-00aa003049e2}
			{bf967a78-0de6-11d0-a285-00aa003049e2}
			{e0fa1e69-9b45-11d0-afdd-00c04fd930c9}
			{675a15fe-3b70-11d2-90cc-00c04fd91ab1}
			{aa12854c-d8fc-4d5e-91ca-368b8d829bee}
			{c79f2199-6da1-46ff-923c-1f3f800c721e}
			{7bea2088-8ce2-423c-b191-66ec506b1595}
			{0dc063c1-52d9-4456-9e15-9c2434aafd94}
			{5c5b7ad2-20fa-44bb-beb3-34b9c0f65579}
			{27d93c40-065a-43c0-bdd8-cdf2c7d120aa}
			{ff9e5552-7db7-4138-8888-05ce320a0323}
			{13361665-916c-4de7-a59d-b1ebbd0de129}
			{80b70aab-8959-4ec0-8e93-126e76df3aca}
			{8f4e317f-28d7-442c-a6df-1f491f97b326}
			{29869b7c-64c4-42fe-97d5-fbc2fa124160}
			{03d4c32e-e217-4a61-9699-7bbc4729a026}
			{f6b0f0be-a8e4-4468-8fd9-c3c47b8722f9}
			{3443d8cd-e5b6-4f3b-b098-659a0214a079}
			{b7673e6d-cad9-4e9e-b31a-63e8098fdd63}
			{28c458f5-602d-4ac9-a77c-b3f1be503a7e}
			{285c6964-c11a-499e-96d8-bf7c75a223c6}
			{ba340d47-2181-4ca0-a2f6-fae4479dab2a}
			{aff16770-9622-4fbc-a128-3088777605b9}
			{387d9432-a6d1-4474-82cd-0a89aae084ae}
			{19195a55-6da0-11d0-afd3-00c04fd930c9}
",,PIRATE,0x4ba19,DC01$,S-1-5-18,,,,,,,,,,
2026-01-08T21:13:01.333152Z,4662,DC01.pirate.htb,Microsoft-Windows-Security-Auditing,Security,17047,0,"%%7684
				",0x10,-,,,,,,,,,,,,,,,0x0,,,,,,,,,,,,,%{6d3f5445-e2ba-477e-bca5-81da774e1e1e},DS,%{e0fa1e8c-9b45-11d0-afdd-00c04fd930c9},,Object Access,,,,,"%%7684
		{e48d0154-bcf8-11d1-8702-00c04fb96050}
			{bf9679e5-0de6-11d0-a285-00aa003049e2}
	{e0fa1e8c-9b45-11d0-afdd-00c04fd930c9}
",,PIRATE,0x4ba19,DC01$,S-1-5-18,,,,,,,,,,
2026-01-08T21:13:01.333161Z,4662,DC01.pirate.htb,Microsoft-Windows-Security-Auditing,Security,17048,0,"%%7682
				",0x4,-,,,,,,,,,,,,,,,0x0,,,,,,,,,,,,,%{afff0694-70ff-4985-9456-bb96e5b03812},DS,%{e0fa1e8b-9b45-11d0-afdd-00c04fd930c9},,Object Access,,,,,"%%7682
	{e0fa1e8b-9b45-11d0-afdd-00c04fd930c9}
",,PIRATE,0x4ba19,DC01$,S-1-5-18,,,,,,,,,,
2026-01-08T21:13:01.333170Z,4662,DC01.pirate.htb,Microsoft-Windows-Security-Auditing,Security,17049,0,"%%1538
				%%1542
				",0x1020000,-,,,,,,,,,,,,,,,0x0,,,,,,,,,,,,,%{6d3f5445-e2ba-477e-bca5-81da774e1e1e},DS,%{e0fa1e8c-9b45-11d0-afdd-00c04fd930c9},,Object Access,,,,,"%%1538
%%1542
	{e0fa1e8c-9b45-11d0-afdd-00c04fd930c9}
",,PIRATE,0x4ba19,DC01$,S-1-5-18,,,,,,,,,,
2026-01-08T21:13:01.333262Z,4662,DC01.pirate.htb,Microsoft-Windows-Security-Auditing,Security,17050,0,"%%7684
				",0x10,-,,,,,,,,,,,,,,,0x0,,,,,,,,,,,,,%{6d3f5445-e2ba-477e-bca5-81da774e1e1e},DS,%{e0fa1e8c-9b45-11d0-afdd-00c04fd930c9},,Object Access,,,,,"%%7684
	{e0fa1e8c-9b45-11d0-afdd-00c04fd930c9}
		{e48d0154-bcf8-11d1-8702-00c04fb96050}
			{bf9679e5-0de6-11d0-a285-00aa003049e2}
			{bf9679e7-0de6-11d0-a285-00aa003049e2}
		{771727b1-31b8-4cdf-ae62-4fe39fadf89e}
			{bf967a77-0de6-11d0-a285-00aa003049e2}
			{bf967a70-0de6-11d0-a285-00aa003049e2}
			{bf967a6f-0de6-11d0-a285-00aa003049e2}
			{bf967a78-0de6-11d0-a285-00aa003049e2}
			{e0fa1e69-9b45-11d0-afdd-00c04fd930c9}
			{675a15fe-3b70-11d2-90cc-00c04fd91ab1}
			{aa12854c-d8fc-4d5e-91ca-368b8d829bee}
			{c79f2199-6da1-46ff-923c-1f3f800c721e}
			{7bea2088-8ce2-423c-b191-66ec506b1595}
			{0dc063c1-52d9-4456-9e15-9c2434aafd94}
			{5c5b7ad2-20fa-44bb-beb3-34b9c0f65579}
			{27d93c40-065a-43c0-bdd8-cdf2c7d120aa}
			{ff9e5552-7db7-4138-8888-05ce320a0323}
			{13361665-916c-4de7-a59d-b1ebbd0de129}
			{80b70aab-8959-4ec0-8e93-126e76df3aca}
			{8f4e317f-28d7-442c-a6df-1f491f97b326}
			{29869b7c-64c4-42fe-97d5-fbc2fa124160}
			{03d4c32e-e217-4a61-9699-7bbc4729a026}
			{f6b0f0be-a8e4-4468-8fd9-c3c47b8722f9}
			{3443d8cd-e5b6-4f3b-b098-659a0214a079}
			{b7673e6d-cad9-4e9e-b31a-63e8098fdd63}
			{28c458f5-602d-4ac9-a77c-b3f1be503a7e}
			{285c6964-c11a-499e-96d8-bf7c75a223c6}
			{ba340d47-2181-4ca0-a2f6-fae4479dab2a}
			{aff16770-9622-4fbc-a128-3088777605b9}
			{387d9432-a6d1-4474-82cd-0a89aae084ae}
			{19195a55-6da0-11d0-afd3-00c04fd930c9}
",,PIRATE,0x4ba19,DC01$,S-1-5-18,,,,,,,,,,
2026-01-08T21:13:01.333276Z,4662,DC01.pirate.htb,Microsoft-Windows-Security-Auditing,Security,17051,0,"%%7684
				",0x10,-,,,,,,,,,,,,,,,0x0,,,,,,,,,,,,,%{122bbef9-a7a8-4fd5-b3ae-8adfa6638e7f},DS,%{e0fa1e8c-9b45-11d0-afdd-00c04fd930c9},,Object Access,,,,,"%%7684
		{e48d0154-bcf8-11d1-8702-00c04fb96050}
			{bf9679e5-0de6-11d0-a285-00aa003049e2}
	{e0fa1e8c-9b45-11d0-afdd-00c04fd930c9}
",,PIRATE,0x4ba19,DC01$,S-1-5-18,,,,,,,,,,
2026-01-08T21:13:01.333375Z,4662,DC01.pirate.htb,Microsoft-Windows-Security-Auditing,Security,17052,0,"%%7682
				",0x4,-,,,,,,,,,,,,,,,0x0,,,,,,,,,,,,,%{afff0694-70ff-4985-9456-bb96e5b03812},DS,%{e0fa1e8b-9b45-11d0-afdd-00c04fd930c9},,Object Access,,,,,"%%7682
	{e0fa1e8b-9b45-11d0-afdd-00c04fd930c9}
",,PIRATE,0x4ba19,DC01$,S-1-5-18,,,,,,,,,,
2026-01-08T21:13:01.333385Z,4662,DC01.pirate.htb,Microsoft-Windows-Security-Auditing,Security,17053,0,"%%1538
				%%1542
				",0x1020000,-,,,,,,,,,,,,,,,0x0,,,,,,,,,,,,,%{122bbef9-a7a8-4fd5-b3ae-8adfa6638e7f},DS,%{e0fa1e8c-9b45-11d0-afdd-00c04fd930c9},,Object Access,,,,,"%%1538
%%1542
	{e0fa1e8c-9b45-11d0-afdd-00c04fd930c9}
",,PIRATE,0x4ba19,DC01$,S-1-5-18,,,,,,,,,,
2026-01-08T21:13:01.333513Z,4662,DC01.pirate.htb,Microsoft-Windows-Security-Auditing,Security,17054,0,"%%7684
				",0x10,-,,,,,,,,,,,,,,,0x0,,,,,,,,,,,,,%{122bbef9-a7a8-4fd5-b3ae-8adfa6638e7f},DS,%{e0fa1e8c-9b45-11d0-afdd-00c04fd930c9},,Object Access,,,,,"%%7684
	{e0fa1e8c-9b45-11d0-afdd-00c04fd930c9}
		{e48d0154-bcf8-11d1-8702-00c04fb96050}
			{bf9679e5-0de6-11d0-a285-00aa003049e2}
			{bf9679e7-0de6-11d0-a285-00aa003049e2}
		{771727b1-31b8-4cdf-ae62-4fe39fadf89e}
			{bf967a77-0de6-11d0-a285-00aa003049e2}
			{bf967a70-0de6-11d0-a285-00aa003049e2}
			{bf967a6f-0de6-11d0-a285-00aa003049e2}
			{bf967a78-0de6-11d0-a285-00aa003049e2}
			{e0fa1e69-9b45-11d0-afdd-00c04fd930c9}
			{675a15fe-3b70-11d2-90cc-00c04fd91ab1}
			{aa12854c-d8fc-4d5e-91ca-368b8d829bee}
			{c79f2199-6da1-46ff-923c-1f3f800c721e}
			{7bea2088-8ce2-423c-b191-66ec506b1595}
			{0dc063c1-52d9-4456-9e15-9c2434aafd94}
			{5c5b7ad2-20fa-44bb-beb3-34b9c0f65579}
			{27d93c40-065a-43c0-bdd8-cdf2c7d120aa}
			{ff9e5552-7db7-4138-8888-05ce320a0323}
			{13361665-916c-4de7-a59d-b1ebbd0de129}
			{80b70aab-8959-4ec0-8e93-126e76df3aca}
			{8f4e317f-28d7-442c-a6df-1f491f97b326}
			{29869b7c-64c4-42fe-97d5-fbc2fa124160}
			{03d4c32e-e217-4a61-9699-7bbc4729a026}
			{f6b0f0be-a8e4-4468-8fd9-c3c47b8722f9}
			{3443d8cd-e5b6-4f3b-b098-659a0214a079}
			{b7673e6d-cad9-4e9e-b31a-63e8098fdd63}
			{28c458f5-602d-4ac9-a77c-b3f1be503a7e}
			{285c6964-c11a-499e-96d8-bf7c75a223c6}
			{ba340d47-2181-4ca0-a2f6-fae4479dab2a}
			{aff16770-9622-4fbc-a128-3088777605b9}
			{387d9432-a6d1-4474-82cd-0a89aae084ae}
			{19195a55-6da0-11d0-afd3-00c04fd930c9}
",,PIRATE,0x4ba19,DC01$,S-1-5-18,,,,,,,,,,
2026-01-08T21:13:01.568333Z,4662,DC01.pirate.htb,Microsoft-Windows-Security-Auditing,Security,17055,0,"%%7684
				",0x10,-,,,,,,,,,,,,,,,0x0,,,,,,,,,,,,,%{83a1511f-724f-4df3-9a44-6bd35a2b2f50},DS,%{e0fa1e8c-9b45-11d0-afdd-00c04fd930c9},,Object Access,,,,,"%%7684
		{e48d0154-bcf8-11d1-8702-00c04fb96050}
			{bf9679e5-0de6-11d0-a285-00aa003049e2}
	{e0fa1e8c-9b45-11d0-afdd-00c04fd930c9}
",,PIRATE,0x4ba19,DC01$,S-1-5-18,,,,,,,,,,
2026-01-08T21:13:01.568350Z,4662,DC01.pirate.htb,Microsoft-Windows-Security-Auditing,Security,17056,0,"%%7682
				",0x4,-,,,,,,,,,,,,,,,0x0,,,,,,,,,,,,,%{afff0694-70ff-4985-9456-bb96e5b03812},DS,%{e0fa1e8b-9b45-11d0-afdd-00c04fd930c9},,Object Access,,,,,"%%7682
	{e0fa1e8b-9b45-11d0-afdd-00c04fd930c9}
",,PIRATE,0x4ba19,DC01$,S-1-5-18,,,,,,,,,,
2026-01-08T21:13:01.568374Z,4662,DC01.pirate.htb,Microsoft-Windows-Security-Auditing,Security,17057,0,"%%1538
				%%1542
				",0x1020000,-,,,,,,,,,,,,,,,0x0,,,,,,,,,,,,,%{83a1511f-724f-4df3-9a44-6bd35a2b2f50},DS,%{e0fa1e8c-9b45-11d0-afdd-00c04fd930c9},,Object Access,,,,,"%%1538
%%1542
	{e0fa1e8c-9b45-11d0-afdd-00c04fd930c9}
",,PIRATE,0x4ba19,DC01$,S-1-5-18,,,,,,,,,,
2026-01-08T21:13:01.568572Z,4662,DC01.pirate.htb,Microsoft-Windows-Security-Auditing,Security,17058,0,"%%7684
				",0x10,-,,,,,,,,,,,,,,,0x0,,,,,,,,,,,,,%{83a1511f-724f-4df3-9a44-6bd35a2b2f50},DS,%{e0fa1e8c-9b45-11d0-afdd-00c04fd930c9},,Object Access,,,,,"%%7684
	{e0fa1e8c-9b45-11d0-afdd-00c04fd930c9}
		{e48d0154-bcf8-11d1-8702-00c04fb96050}
			{bf9679e5-0de6-11d0-a285-00aa003049e2}
			{bf9679e7-0de6-11d0-a285-00aa003049e2}
		{771727b1-31b8-4cdf-ae62-4fe39fadf89e}
			{bf967a77-0de6-11d0-a285-00aa003049e2}
			{bf967a70-0de6-11d0-a285-00aa003049e2}
			{bf967a6f-0de6-11d0-a285-00aa003049e2}
			{bf967a78-0de6-11d0-a285-00aa003049e2}
			{e0fa1e69-9b45-11d0-afdd-00c04fd930c9}
			{675a15fe-3b70-11d2-90cc-00c04fd91ab1}
			{aa12854c-d8fc-4d5e-91ca-368b8d829bee}
			{c79f2199-6da1-46ff-923c-1f3f800c721e}
			{7bea2088-8ce2-423c-b191-66ec506b1595}
			{0dc063c1-52d9-4456-9e15-9c2434aafd94}
			{5c5b7ad2-20fa-44bb-beb3-34b9c0f65579}
			{27d93c40-065a-43c0-bdd8-cdf2c7d120aa}
			{ff9e5552-7db7-4138-8888-05ce320a0323}
			{13361665-916c-4de7-a59d-b1ebbd0de129}
			{80b70aab-8959-4ec0-8e93-126e76df3aca}
			{8f4e317f-28d7-442c-a6df-1f491f97b326}
			{29869b7c-64c4-42fe-97d5-fbc2fa124160}
			{03d4c32e-e217-4a61-9699-7bbc4729a026}
			{f6b0f0be-a8e4-4468-8fd9-c3c47b8722f9}
			{3443d8cd-e5b6-4f3b-b098-659a0214a079}
			{b7673e6d-cad9-4e9e-b31a-63e8098fdd63}
			{28c458f5-602d-4ac9-a77c-b3f1be503a7e}
			{285c6964-c11a-499e-96d8-bf7c75a223c6}
			{ba340d47-2181-4ca0-a2f6-fae4479dab2a}
			{aff16770-9622-4fbc-a128-3088777605b9}
			{387d9432-a6d1-4474-82cd-0a89aae084ae}
			{19195a55-6da0-11d0-afd3-00c04fd930c9}
",,PIRATE,0x4ba19,DC01$,S-1-5-18,,,,,,,,,,
2026-01-08T21:13:01.578935Z,4662,DC01.pirate.htb,Microsoft-Windows-Security-Auditing,Security,17059,0,"%%7684
				",0x10,-,,,,,,,,,,,,,,,0x0,,,,,,,,,,,,,%{0b0d3777-6f3b-4ff3-8084-1efe0e23fc64},DS,%{e0fa1e8c-9b45-11d0-afdd-00c04fd930c9},,Object Access,,,,,"%%7684
		{e48d0154-bcf8-11d1-8702-00c04fb96050}
			{bf9679e5-0de6-11d0-a285-00aa003049e2}
	{e0fa1e8c-9b45-11d0-afdd-00c04fd930c9}
",,PIRATE,0x4ba19,DC01$,S-1-5-18,,,,,,,,,,
2026-01-08T21:13:01.578948Z,4662,DC01.pirate.htb,Microsoft-Windows-Security-Auditing,Security,17060,0,"%%7682
				",0x4,-,,,,,,,,,,,,,,,0x0,,,,,,,,,,,,,%{afff0694-70ff-4985-9456-bb96e5b03812},DS,%{e0fa1e8b-9b45-11d0-afdd-00c04fd930c9},,Object Access,,,,,"%%7682
	{e0fa1e8b-9b45-11d0-afdd-00c04fd930c9}
",,PIRATE,0x4ba19,DC01$,S-1-5-18,,,,,,,,,,
2026-01-08T21:13:01.578961Z,4662,DC01.pirate.htb,Microsoft-Windows-Security-Auditing,Security,17061,0,"%%1538
				%%1542
				",0x1020000,-,,,,,,,,,,,,,,,0x0,,,,,,,,,,,,,%{0b0d3777-6f3b-4ff3-8084-1efe0e23fc64},DS,%{e0fa1e8c-9b45-11d0-afdd-00c04fd930c9},,Object Access,,,,,"%%1538
%%1542
	{e0fa1e8c-9b45-11d0-afdd-00c04fd930c9}
",,PIRATE,0x4ba19,DC01$,S-1-5-18,,,,,,,,,,
2026-01-08T21:13:01.579140Z,4662,DC01.pirate.htb,Microsoft-Windows-Security-Auditing,Security,17062,0,"%%7684
				",0x10,-,,,,,,,,,,,,,,,0x0,,,,,,,,,,,,,%{0b0d3777-6f3b-4ff3-8084-1efe0e23fc64},DS,%{e0fa1e8c-9b45-11d0-afdd-00c04fd930c9},,Object Access,,,,,"%%7684
	{e0fa1e8c-9b45-11d0-afdd-00c04fd930c9}
		{e48d0154-bcf8-11d1-8702-00c04fb96050}
			{bf9679e5-0de6-11d0-a285-00aa003049e2}
			{bf9679e7-0de6-11d0-a285-00aa003049e2}
		{771727b1-31b8-4cdf-ae62-4fe39fadf89e}
			{bf967a77-0de6-11d0-a285-00aa003049e2}
			{bf967a70-0de6-11d0-a285-00aa003049e2}
			{bf967a6f-0de6-11d0-a285-00aa003049e2}
			{bf967a78-0de6-11d0-a285-00aa003049e2}
			{e0fa1e69-9b45-11d0-afdd-00c04fd930c9}
			{675a15fe-3b70-11d2-90cc-00c04fd91ab1}
			{aa12854c-d8fc-4d5e-91ca-368b8d829bee}
			{c79f2199-6da1-46ff-923c-1f3f800c721e}
			{7bea2088-8ce2-423c-b191-66ec506b1595}
			{0dc063c1-52d9-4456-9e15-9c2434aafd94}
			{5c5b7ad2-20fa-44bb-beb3-34b9c0f65579}
			{27d93c40-065a-43c0-bdd8-cdf2c7d120aa}
			{ff9e5552-7db7-4138-8888-05ce320a0323}
			{13361665-916c-4de7-a59d-b1ebbd0de129}
			{80b70aab-8959-4ec0-8e93-126e76df3aca}
			{8f4e317f-28d7-442c-a6df-1f491f97b326}
			{29869b7c-64c4-42fe-97d5-fbc2fa124160}
			{03d4c32e-e217-4a61-9699-7bbc4729a026}
			{f6b0f0be-a8e4-4468-8fd9-c3c47b8722f9}
			{3443d8cd-e5b6-4f3b-b098-659a0214a079}
			{b7673e6d-cad9-4e9e-b31a-63e8098fdd63}
			{28c458f5-602d-4ac9-a77c-b3f1be503a7e}
			{285c6964-c11a-499e-96d8-bf7c75a223c6}
			{ba340d47-2181-4ca0-a2f6-fae4479dab2a}
			{aff16770-9622-4fbc-a128-3088777605b9}
			{387d9432-a6d1-4474-82cd-0a89aae084ae}
			{19195a55-6da0-11d0-afd3-00c04fd930c9}
",,PIRATE,0x4ba19,DC01$,S-1-5-18,,,,,,,,,,
2026-01-08T21:13:01.599339Z,4662,DC01.pirate.htb,Microsoft-Windows-Security-Auditing,Security,17063,0,"%%7684
				",0x10,-,,,,,,,,,,,,,,,0x0,,,,,,,,,,,,,%{3e507f40-276f-4917-b2e4-bc80778e62d0},DS,%{e0fa1e8c-9b45-11d0-afdd-00c04fd930c9},,Object Access,,,,,"%%7684
		{e48d0154-bcf8-11d1-8702-00c04fb96050}
			{bf9679e5-0de6-11d0-a285-00aa003049e2}
	{e0fa1e8c-9b45-11d0-afdd-00c04fd930c9}
",,PIRATE,0x4ba19,DC01$,S-1-5-18,,,,,,,,,,
2026-01-08T21:13:01.599352Z,4662,DC01.pirate.htb,Microsoft-Windows-Security-Auditing,Security,17064,0,"%%7682
				",0x4,-,,,,,,,,,,,,,,,0x0,,,,,,,,,,,,,%{afff0694-70ff-4985-9456-bb96e5b03812},DS,%{e0fa1e8b-9b45-11d0-afdd-00c04fd930c9},,Object Access,,,,,"%%7682
	{e0fa1e8b-9b45-11d0-afdd-00c04fd930c9}
",,PIRATE,0x4ba19,DC01$,S-1-5-18,,,,,,,,,,
2026-01-08T21:13:01.599362Z,4662,DC01.pirate.htb,Microsoft-Windows-Security-Auditing,Security,17065,0,"%%1538
				%%1542
				",0x1020000,-,,,,,,,,,,,,,,,0x0,,,,,,,,,,,,,%{3e507f40-276f-4917-b2e4-bc80778e62d0},DS,%{e0fa1e8c-9b45-11d0-afdd-00c04fd930c9},,Object Access,,,,,"%%1538
%%1542
	{e0fa1e8c-9b45-11d0-afdd-00c04fd930c9}
",,PIRATE,0x4ba19,DC01$,S-1-5-18,,,,,,,,,,
2026-01-08T21:13:01.599471Z,4662,DC01.pirate.htb,Microsoft-Windows-Security-Auditing,Security,17066,0,"%%7684
				",0x10,-,,,,,,,,,,,,,,,0x0,,,,,,,,,,,,,%{3e507f40-276f-4917-b2e4-bc80778e62d0},DS,%{e0fa1e8c-9b45-11d0-afdd-00c04fd930c9},,Object Access,,,,,"%%7684
	{e0fa1e8c-9b45-11d0-afdd-00c04fd930c9}
		{e48d0154-bcf8-11d1-8702-00c04fb96050}
			{bf9679e5-0de6-11d0-a285-00aa003049e2}
			{bf9679e7-0de6-11d0-a285-00aa003049e2}
		{771727b1-31b8-4cdf-ae62-4fe39fadf89e}
			{bf967a77-0de6-11d0-a285-00aa003049e2}
			{bf967a70-0de6-11d0-a285-00aa003049e2}
			{bf967a6f-0de6-11d0-a285-00aa003049e2}
			{bf967a78-0de6-11d0-a285-00aa003049e2}
			{e0fa1e69-9b45-11d0-afdd-00c04fd930c9}
			{675a15fe-3b70-11d2-90cc-00c04fd91ab1}
			{aa12854c-d8fc-4d5e-91ca-368b8d829bee}
			{c79f2199-6da1-46ff-923c-1f3f800c721e}
			{7bea2088-8ce2-423c-b191-66ec506b1595}
			{0dc063c1-52d9-4456-9e15-9c2434aafd94}
			{5c5b7ad2-20fa-44bb-beb3-34b9c0f65579}
			{27d93c40-065a-43c0-bdd8-cdf2c7d120aa}
			{ff9e5552-7db7-4138-8888-05ce320a0323}
			{13361665-916c-4de7-a59d-b1ebbd0de129}
			{80b70aab-8959-4ec0-8e93-126e76df3aca}
			{8f4e317f-28d7-442c-a6df-1f491f97b326}
			{29869b7c-64c4-42fe-97d5-fbc2fa124160}
			{03d4c32e-e217-4a61-9699-7bbc4729a026}
			{f6b0f0be-a8e4-4468-8fd9-c3c47b8722f9}
			{3443d8cd-e5b6-4f3b-b098-659a0214a079}
			{b7673e6d-cad9-4e9e-b31a-63e8098fdd63}
			{28c458f5-602d-4ac9-a77c-b3f1be503a7e}
			{285c6964-c11a-499e-96d8-bf7c75a223c6}
			{ba340d47-2181-4ca0-a2f6-fae4479dab2a}
			{aff16770-9622-4fbc-a128-3088777605b9}
			{387d9432-a6d1-4474-82cd-0a89aae084ae}
			{19195a55-6da0-11d0-afd3-00c04fd930c9}
",,PIRATE,0x4ba19,DC01$,S-1-5-18,,,,,,,,,,
2026-01-08T21:13:01.605280Z,4662,DC01.pirate.htb,Microsoft-Windows-Security-Auditing,Security,17067,0,"%%7684
				",0x10,-,,,,,,,,,,,,,,,0x0,,,,,,,,,,,,,%{afff0694-70ff-4985-9456-bb96e5b03812},DS,%{e0fa1e8b-9b45-11d0-afdd-00c04fd930c9},,Object Access,,,,,"%%7684
		{e48d0154-bcf8-11d1-8702-00c04fb96050}
			{26d97369-6070-11d1-a9c6-0000f80367c1}
	{e0fa1e8b-9b45-11d0-afdd-00c04fd930c9}
",,PIRATE,0x4ba19,DC01$,S-1-5-18,,,,,,,,,,
2026-01-08T21:13:01.605294Z,4662,DC01.pirate.htb,Microsoft-Windows-Security-Auditing,Security,17068,0,"%%1538
				",0x20000,-,,,,,,,,,,,,,,,0x0,,,,,,,,,,,,,%{afff0694-70ff-4985-9456-bb96e5b03812},DS,%{e0fa1e8b-9b45-11d0-afdd-00c04fd930c9},,Object Access,,,,,"%%1538
	{e0fa1e8b-9b45-11d0-afdd-00c04fd930c9}
",,PIRATE,0x4ba19,DC01$,S-1-5-18,,,,,,,,,,
2026-01-08T21:13:01.605472Z,4662,DC01.pirate.htb,Microsoft-Windows-Security-Auditing,Security,17069,0,"%%7684
				",0x10,-,,,,,,,,,,,,,,,0x0,,,,,,,,,,,,,%{afff0694-70ff-4985-9456-bb96e5b03812},DS,%{e0fa1e8b-9b45-11d0-afdd-00c04fd930c9},,Object Access,,,,,"%%7684
	{e0fa1e8b-9b45-11d0-afdd-00c04fd930c9}
		{e48d0154-bcf8-11d1-8702-00c04fb96050}
			{bf9679e5-0de6-11d0-a285-00aa003049e2}
			{bf9679e7-0de6-11d0-a285-00aa003049e2}
		{771727b1-31b8-4cdf-ae62-4fe39fadf89e}
			{bf967a77-0de6-11d0-a285-00aa003049e2}
			{bf967a70-0de6-11d0-a285-00aa003049e2}
			{bf967a6f-0de6-11d0-a285-00aa003049e2}
			{bf967a78-0de6-11d0-a285-00aa003049e2}
			{e0fa1e69-9b45-11d0-afdd-00c04fd930c9}
			{675a15fe-3b70-11d2-90cc-00c04fd91ab1}
			{aa12854c-d8fc-4d5e-91ca-368b8d829bee}
			{c79f2199-6da1-46ff-923c-1f3f800c721e}
			{7bea2088-8ce2-423c-b191-66ec506b1595}
			{0dc063c1-52d9-4456-9e15-9c2434aafd94}
			{5c5b7ad2-20fa-44bb-beb3-34b9c0f65579}
			{27d93c40-065a-43c0-bdd8-cdf2c7d120aa}
			{ff9e5552-7db7-4138-8888-05ce320a0323}
			{13361665-916c-4de7-a59d-b1ebbd0de129}
			{80b70aab-8959-4ec0-8e93-126e76df3aca}
			{8f4e317f-28d7-442c-a6df-1f491f97b326}
			{29869b7c-64c4-42fe-97d5-fbc2fa124160}
			{03d4c32e-e217-4a61-9699-7bbc4729a026}
			{f6b0f0be-a8e4-4468-8fd9-c3c47b8722f9}
			{3443d8cd-e5b6-4f3b-b098-659a0214a079}
			{b7673e6d-cad9-4e9e-b31a-63e8098fdd63}
			{28c458f5-602d-4ac9-a77c-b3f1be503a7e}
			{285c6964-c11a-499e-96d8-bf7c75a223c6}
			{ba340d47-2181-4ca0-a2f6-fae4479dab2a}
			{aff16770-9622-4fbc-a128-3088777605b9}
			{387d9432-a6d1-4474-82cd-0a89aae084ae}
			{19195a55-6da0-11d0-afd3-00c04fd930c9}
",,PIRATE,0x4ba19,DC01$,S-1-5-18,,,,,,,,,,
2026-01-08T21:13:01.610146Z,4662,DC01.pirate.htb,Microsoft-Windows-Security-Auditing,Security,17070,0,"%%7684
				",0x10,-,,,,,,,,,,,,,,,0x0,,,,,,,,,,,,,%{758c2aeb-ddef-4714-89b0-627f48efb6a5},DS,%{e0fa1e8c-9b45-11d0-afdd-00c04fd930c9},,Object Access,,,,,"%%7684
		{e48d0154-bcf8-11d1-8702-00c04fb96050}
			{bf9679e5-0de6-11d0-a285-00aa003049e2}
	{e0fa1e8c-9b45-11d0-afdd-00c04fd930c9}
",,PIRATE,0x4ba19,DC01$,S-1-5-18,,,,,,,,,,
2026-01-08T21:13:01.610159Z,4662,DC01.pirate.htb,Microsoft-Windows-Security-Auditing,Security,17071,0,"%%7682
				",0x4,-,,,,,,,,,,,,,,,0x0,,,,,,,,,,,,,%{afff0694-70ff-4985-9456-bb96e5b03812},DS,%{e0fa1e8b-9b45-11d0-afdd-00c04fd930c9},,Object Access,,,,,"%%7682
	{e0fa1e8b-9b45-11d0-afdd-00c04fd930c9}
",,PIRATE,0x4ba19,DC01$,S-1-5-18,,,,,,,,,,
2026-01-08T21:13:01.610170Z,4662,DC01.pirate.htb,Microsoft-Windows-Security-Auditing,Security,17072,0,"%%1538
				%%1542
				",0x1020000,-,,,,,,,,,,,,,,,0x0,,,,,,,,,,,,,%{758c2aeb-ddef-4714-89b0-627f48efb6a5},DS,%{e0fa1e8c-9b45-11d0-afdd-00c04fd930c9},,Object Access,,,,,"%%1538
%%1542
	{e0fa1e8c-9b45-11d0-afdd-00c04fd930c9}
",,PIRATE,0x4ba19,DC01$,S-1-5-18,,,,,,,,,,
2026-01-08T21:13:01.610338Z,4662,DC01.pirate.htb,Microsoft-Windows-Security-Auditing,Security,17073,0,"%%7684
				",0x10,-,,,,,,,,,,,,,,,0x0,,,,,,,,,,,,,%{758c2aeb-ddef-4714-89b0-627f48efb6a5},DS,%{e0fa1e8c-9b45-11d0-afdd-00c04fd930c9},,Object Access,,,,,"%%7684
	{e0fa1e8c-9b45-11d0-afdd-00c04fd930c9}
		{e48d0154-bcf8-11d1-8702-00c04fb96050}
			{bf9679e5-0de6-11d0-a285-00aa003049e2}
			{bf9679e7-0de6-11d0-a285-00aa003049e2}
		{771727b1-31b8-4cdf-ae62-4fe39fadf89e}
			{bf967a77-0de6-11d0-a285-00aa003049e2}
			{bf967a70-0de6-11d0-a285-00aa003049e2}
			{bf967a6f-0de6-11d0-a285-00aa003049e2}
			{bf967a78-0de6-11d0-a285-00aa003049e2}
			{e0fa1e69-9b45-11d0-afdd-00c04fd930c9}
			{675a15fe-3b70-11d2-90cc-00c04fd91ab1}
			{aa12854c-d8fc-4d5e-91ca-368b8d829bee}
			{c79f2199-6da1-46ff-923c-1f3f800c721e}
			{7bea2088-8ce2-423c-b191-66ec506b1595}
			{0dc063c1-52d9-4456-9e15-9c2434aafd94}
			{5c5b7ad2-20fa-44bb-beb3-34b9c0f65579}
			{27d93c40-065a-43c0-bdd8-cdf2c7d120aa}
			{ff9e5552-7db7-4138-8888-05ce320a0323}
			{13361665-916c-4de7-a59d-b1ebbd0de129}
			{80b70aab-8959-4ec0-8e93-126e76df3aca}
			{8f4e317f-28d7-442c-a6df-1f491f97b326}
			{29869b7c-64c4-42fe-97d5-fbc2fa124160}
			{03d4c32e-e217-4a61-9699-7bbc4729a026}
			{f6b0f0be-a8e4-4468-8fd9-c3c47b8722f9}
			{3443d8cd-e5b6-4f3b-b098-659a0214a079}
			{b7673e6d-cad9-4e9e-b31a-63e8098fdd63}
			{28c458f5-602d-4ac9-a77c-b3f1be503a7e}
			{285c6964-c11a-499e-96d8-bf7c75a223c6}
			{ba340d47-2181-4ca0-a2f6-fae4479dab2a}
			{aff16770-9622-4fbc-a128-3088777605b9}
			{387d9432-a6d1-4474-82cd-0a89aae084ae}
			{19195a55-6da0-11d0-afd3-00c04fd930c9}
",,PIRATE,0x4ba19,DC01$,S-1-5-18,,,,,,,,,,
2026-01-08T21:13:01.611104Z,4662,DC01.pirate.htb,Microsoft-Windows-Security-Auditing,Security,17074,0,"%%7684
				",0x10,-,,,,,,,,,,,,,,,0x0,,,,,,,,,,,,,%{469bd39f-3e90-4f1a-b47e-0432e347ae56},DS,%{e0fa1e8c-9b45-11d0-afdd-00c04fd930c9},,Object Access,,,,,"%%7684
		{e48d0154-bcf8-11d1-8702-00c04fb96050}
			{bf9679e5-0de6-11d0-a285-00aa003049e2}
	{e0fa1e8c-9b45-11d0-afdd-00c04fd930c9}
",,PIRATE,0x4ba19,DC01$,S-1-5-18,,,,,,,,,,
2026-01-08T21:13:01.611116Z,4662,DC01.pirate.htb,Microsoft-Windows-Security-Auditing,Security,17075,0,"%%7682
				",0x4,-,,,,,,,,,,,,,,,0x0,,,,,,,,,,,,,%{afff0694-70ff-4985-9456-bb96e5b03812},DS,%{e0fa1e8b-9b45-11d0-afdd-00c04fd930c9},,Object Access,,,,,"%%7682
	{e0fa1e8b-9b45-11d0-afdd-00c04fd930c9}
",,PIRATE,0x4ba19,DC01$,S-1-5-18,,,,,,,,,,
2026-01-08T21:13:01.611127Z,4662,DC01.pirate.htb,Microsoft-Windows-Security-Auditing,Security,17076,0,"%%1538
				%%1542
				",0x1020000,-,,,,,,,,,,,,,,,0x0,,,,,,,,,,,,,%{469bd39f-3e90-4f1a-b47e-0432e347ae56},DS,%{e0fa1e8c-9b45-11d0-afdd-00c04fd930c9},,Object Access,,,,,"%%1538
%%1542
	{e0fa1e8c-9b45-11d0-afdd-00c04fd930c9}
",,PIRATE,0x4ba19,DC01$,S-1-5-18,,,,,,,,,,
2026-01-08T21:13:01.611257Z,4662,DC01.pirate.htb,Microsoft-Windows-Security-Auditing,Security,17077,0,"%%7684
				",0x10,-,,,,,,,,,,,,,,,0x0,,,,,,,,,,,,,%{469bd39f-3e90-4f1a-b47e-0432e347ae56},DS,%{e0fa1e8c-9b45-11d0-afdd-00c04fd930c9},,Object Access,,,,,"%%7684
	{e0fa1e8c-9b45-11d0-afdd-00c04fd930c9}
		{e48d0154-bcf8-11d1-8702-00c04fb96050}
			{bf9679e5-0de6-11d0-a285-00aa003049e2}
			{bf9679e7-0de6-11d0-a285-00aa003049e2}
		{771727b1-31b8-4cdf-ae62-4fe39fadf89e}
			{bf967a77-0de6-11d0-a285-00aa003049e2}
			{bf967a70-0de6-11d0-a285-00aa003049e2}
			{bf967a6f-0de6-11d0-a285-00aa003049e2}
			{bf967a78-0de6-11d0-a285-00aa003049e2}
			{e0fa1e69-9b45-11d0-afdd-00c04fd930c9}
			{675a15fe-3b70-11d2-90cc-00c04fd91ab1}
			{aa12854c-d8fc-4d5e-91ca-368b8d829bee}
			{c79f2199-6da1-46ff-923c-1f3f800c721e}
			{7bea2088-8ce2-423c-b191-66ec506b1595}
			{0dc063c1-52d9-4456-9e15-9c2434aafd94}
			{5c5b7ad2-20fa-44bb-beb3-34b9c0f65579}
			{27d93c40-065a-43c0-bdd8-cdf2c7d120aa}
			{ff9e5552-7db7-4138-8888-05ce320a0323}
			{13361665-916c-4de7-a59d-b1ebbd0de129}
			{80b70aab-8959-4ec0-8e93-126e76df3aca}
			{8f4e317f-28d7-442c-a6df-1f491f97b326}
			{29869b7c-64c4-42fe-97d5-fbc2fa124160}
			{03d4c32e-e217-4a61-9699-7bbc4729a026}
			{f6b0f0be-a8e4-4468-8fd9-c3c47b8722f9}
			{3443d8cd-e5b6-4f3b-b098-659a0214a079}
			{b7673e6d-cad9-4e9e-b31a-63e8098fdd63}
			{28c458f5-602d-4ac9-a77c-b3f1be503a7e}
			{285c6964-c11a-499e-96d8-bf7c75a223c6}
			{ba340d47-2181-4ca0-a2f6-fae4479dab2a}
			{aff16770-9622-4fbc-a128-3088777605b9}
			{387d9432-a6d1-4474-82cd-0a89aae084ae}
			{19195a55-6da0-11d0-afd3-00c04fd930c9}
",,PIRATE,0x4ba19,DC01$,S-1-5-18,,,,,,,,,,
2026-01-08T21:13:01.611282Z,4662,DC01.pirate.htb,Microsoft-Windows-Security-Auditing,Security,17078,0,"%%7684
				",0x10,-,,,,,,,,,,,,,,,0x0,,,,,,,,,,,,,%{3e507f40-276f-4917-b2e4-bc80778e62d0},DS,%{e0fa1e8c-9b45-11d0-afdd-00c04fd930c9},,Object Access,,,,,"%%7684
		{e48d0154-bcf8-11d1-8702-00c04fb96050}
			{bf9679e5-0de6-11d0-a285-00aa003049e2}
	{e0fa1e8c-9b45-11d0-afdd-00c04fd930c9}
",,PIRATE,0x4ba19,DC01$,S-1-5-18,,,,,,,,,,
2026-01-08T21:13:01.611293Z,4662,DC01.pirate.htb,Microsoft-Windows-Security-Auditing,Security,17079,0,"%%1538
				%%1542
				",0x1020000,-,,,,,,,,,,,,,,,0x0,,,,,,,,,,,,,%{3e507f40-276f-4917-b2e4-bc80778e62d0},DS,%{e0fa1e8c-9b45-11d0-afdd-00c04fd930c9},,Object Access,,,,,"%%1538
%%1542
	{e0fa1e8c-9b45-11d0-afdd-00c04fd930c9}
",,PIRATE,0x4ba19,DC01$,S-1-5-18,,,,,,,,,,
2026-01-08T21:13:01.611428Z,4662,DC01.pirate.htb,Microsoft-Windows-Security-Auditing,Security,17080,0,"%%7684
				",0x10,-,,,,,,,,,,,,,,,0x0,,,,,,,,,,,,,%{3e507f40-276f-4917-b2e4-bc80778e62d0},DS,%{e0fa1e8c-9b45-11d0-afdd-00c04fd930c9},,Object Access,,,,,"%%7684
	{e0fa1e8c-9b45-11d0-afdd-00c04fd930c9}
		{e48d0154-bcf8-11d1-8702-00c04fb96050}
			{bf9679e5-0de6-11d0-a285-00aa003049e2}
			{bf9679e7-0de6-11d0-a285-00aa003049e2}
		{771727b1-31b8-4cdf-ae62-4fe39fadf89e}
			{bf967a77-0de6-11d0-a285-00aa003049e2}
			{bf967a70-0de6-11d0-a285-00aa003049e2}
			{bf967a6f-0de6-11d0-a285-00aa003049e2}
			{bf967a78-0de6-11d0-a285-00aa003049e2}
			{e0fa1e69-9b45-11d0-afdd-00c04fd930c9}
			{675a15fe-3b70-11d2-90cc-00c04fd91ab1}
			{aa12854c-d8fc-4d5e-91ca-368b8d829bee}
			{c79f2199-6da1-46ff-923c-1f3f800c721e}
			{7bea2088-8ce2-423c-b191-66ec506b1595}
			{0dc063c1-52d9-4456-9e15-9c2434aafd94}
			{5c5b7ad2-20fa-44bb-beb3-34b9c0f65579}
			{27d93c40-065a-43c0-bdd8-cdf2c7d120aa}
			{ff9e5552-7db7-4138-8888-05ce320a0323}
			{13361665-916c-4de7-a59d-b1ebbd0de129}
			{80b70aab-8959-4ec0-8e93-126e76df3aca}
			{8f4e317f-28d7-442c-a6df-1f491f97b326}
			{29869b7c-64c4-42fe-97d5-fbc2fa124160}
			{03d4c32e-e217-4a61-9699-7bbc4729a026}
			{f6b0f0be-a8e4-4468-8fd9-c3c47b8722f9}
			{3443d8cd-e5b6-4f3b-b098-659a0214a079}
			{b7673e6d-cad9-4e9e-b31a-63e8098fdd63}
			{28c458f5-602d-4ac9-a77c-b3f1be503a7e}
			{285c6964-c11a-499e-96d8-bf7c75a223c6}
			{ba340d47-2181-4ca0-a2f6-fae4479dab2a}
			{aff16770-9622-4fbc-a128-3088777605b9}
			{387d9432-a6d1-4474-82cd-0a89aae084ae}
			{19195a55-6da0-11d0-afd3-00c04fd930c9}
",,PIRATE,0x4ba19,DC01$,S-1-5-18,,,,,,,,,,
2026-01-08T21:13:01.611449Z,4662,DC01.pirate.htb,Microsoft-Windows-Security-Auditing,Security,17081,0,"%%7684
				",0x10,-,,,,,,,,,,,,,,,0x0,,,,,,,,,,,,,%{758c2aeb-ddef-4714-89b0-627f48efb6a5},DS,%{e0fa1e8c-9b45-11d0-afdd-00c04fd930c9},,Object Access,,,,,"%%7684
		{e48d0154-bcf8-11d1-8702-00c04fb96050}
			{bf9679e5-0de6-11d0-a285-00aa003049e2}
	{e0fa1e8c-9b45-11d0-afdd-00c04fd930c9}
",,PIRATE,0x4ba19,DC01$,S-1-5-18,,,,,,,,,,
2026-01-08T21:13:01.611458Z,4662,DC01.pirate.htb,Microsoft-Windows-Security-Auditing,Security,17082,0,"%%1538
				%%1542
				",0x1020000,-,,,,,,,,,,,,,,,0x0,,,,,,,,,,,,,%{758c2aeb-ddef-4714-89b0-627f48efb6a5},DS,%{e0fa1e8c-9b45-11d0-afdd-00c04fd930c9},,Object Access,,,,,"%%1538
%%1542
	{e0fa1e8c-9b45-11d0-afdd-00c04fd930c9}
",,PIRATE,0x4ba19,DC01$,S-1-5-18,,,,,,,,,,
2026-01-08T21:13:01.611582Z,4662,DC01.pirate.htb,Microsoft-Windows-Security-Auditing,Security,17083,0,"%%7684
				",0x10,-,,,,,,,,,,,,,,,0x0,,,,,,,,,,,,,%{758c2aeb-ddef-4714-89b0-627f48efb6a5},DS,%{e0fa1e8c-9b45-11d0-afdd-00c04fd930c9},,Object Access,,,,,"%%7684
	{e0fa1e8c-9b45-11d0-afdd-00c04fd930c9}
		{e48d0154-bcf8-11d1-8702-00c04fb96050}
			{bf9679e5-0de6-11d0-a285-00aa003049e2}
			{bf9679e7-0de6-11d0-a285-00aa003049e2}
		{771727b1-31b8-4cdf-ae62-4fe39fadf89e}
			{bf967a77-0de6-11d0-a285-00aa003049e2}
			{bf967a70-0de6-11d0-a285-00aa003049e2}
			{bf967a6f-0de6-11d0-a285-00aa003049e2}
			{bf967a78-0de6-11d0-a285-00aa003049e2}
			{e0fa1e69-9b45-11d0-afdd-00c04fd930c9}
			{675a15fe-3b70-11d2-90cc-00c04fd91ab1}
			{aa12854c-d8fc-4d5e-91ca-368b8d829bee}
			{c79f2199-6da1-46ff-923c-1f3f800c721e}
			{7bea2088-8ce2-423c-b191-66ec506b1595}
			{0dc063c1-52d9-4456-9e15-9c2434aafd94}
			{5c5b7ad2-20fa-44bb-beb3-34b9c0f65579}
			{27d93c40-065a-43c0-bdd8-cdf2c7d120aa}
			{ff9e5552-7db7-4138-8888-05ce320a0323}
			{13361665-916c-4de7-a59d-b1ebbd0de129}
			{80b70aab-8959-4ec0-8e93-126e76df3aca}
			{8f4e317f-28d7-442c-a6df-1f491f97b326}
			{29869b7c-64c4-42fe-97d5-fbc2fa124160}
			{03d4c32e-e217-4a61-9699-7bbc4729a026}
			{f6b0f0be-a8e4-4468-8fd9-c3c47b8722f9}
			{3443d8cd-e5b6-4f3b-b098-659a0214a079}
			{b7673e6d-cad9-4e9e-b31a-63e8098fdd63}
			{28c458f5-602d-4ac9-a77c-b3f1be503a7e}
			{285c6964-c11a-499e-96d8-bf7c75a223c6}
			{ba340d47-2181-4ca0-a2f6-fae4479dab2a}
			{aff16770-9622-4fbc-a128-3088777605b9}
			{387d9432-a6d1-4474-82cd-0a89aae084ae}
			{19195a55-6da0-11d0-afd3-00c04fd930c9}
",,PIRATE,0x4ba19,DC01$,S-1-5-18,,,,,,,,,,
2026-01-08T21:13:01.611601Z,4662,DC01.pirate.htb,Microsoft-Windows-Security-Auditing,Security,17084,0,"%%7684
				",0x10,-,,,,,,,,,,,,,,,0x0,,,,,,,,,,,,,%{83a1511f-724f-4df3-9a44-6bd35a2b2f50},DS,%{e0fa1e8c-9b45-11d0-afdd-00c04fd930c9},,Object Access,,,,,"%%7684
		{e48d0154-bcf8-11d1-8702-00c04fb96050}
			{bf9679e5-0de6-11d0-a285-00aa003049e2}
	{e0fa1e8c-9b45-11d0-afdd-00c04fd930c9}
",,PIRATE,0x4ba19,DC01$,S-1-5-18,,,,,,,,,,
2026-01-08T21:13:01.611612Z,4662,DC01.pirate.htb,Microsoft-Windows-Security-Auditing,Security,17085,0,"%%1538
				%%1542
				",0x1020000,-,,,,,,,,,,,,,,,0x0,,,,,,,,,,,,,%{83a1511f-724f-4df3-9a44-6bd35a2b2f50},DS,%{e0fa1e8c-9b45-11d0-afdd-00c04fd930c9},,Object Access,,,,,"%%1538
%%1542
	{e0fa1e8c-9b45-11d0-afdd-00c04fd930c9}
",,PIRATE,0x4ba19,DC01$,S-1-5-18,,,,,,,,,,
2026-01-08T21:13:01.611744Z,4662,DC01.pirate.htb,Microsoft-Windows-Security-Auditing,Security,17086,0,"%%7684
				",0x10,-,,,,,,,,,,,,,,,0x0,,,,,,,,,,,,,%{83a1511f-724f-4df3-9a44-6bd35a2b2f50},DS,%{e0fa1e8c-9b45-11d0-afdd-00c04fd930c9},,Object Access,,,,,"%%7684
	{e0fa1e8c-9b45-11d0-afdd-00c04fd930c9}
		{e48d0154-bcf8-11d1-8702-00c04fb96050}
			{bf9679e5-0de6-11d0-a285-00aa003049e2}
			{bf9679e7-0de6-11d0-a285-00aa003049e2}
		{771727b1-31b8-4cdf-ae62-4fe39fadf89e}
			{bf967a77-0de6-11d0-a285-00aa003049e2}
			{bf967a70-0de6-11d0-a285-00aa003049e2}
			{bf967a6f-0de6-11d0-a285-00aa003049e2}
			{bf967a78-0de6-11d0-a285-00aa003049e2}
			{e0fa1e69-9b45-11d0-afdd-00c04fd930c9}
			{675a15fe-3b70-11d2-90cc-00c04fd91ab1}
			{aa12854c-d8fc-4d5e-91ca-368b8d829bee}
			{c79f2199-6da1-46ff-923c-1f3f800c721e}
			{7bea2088-8ce2-423c-b191-66ec506b1595}
			{0dc063c1-52d9-4456-9e15-9c2434aafd94}
			{5c5b7ad2-20fa-44bb-beb3-34b9c0f65579}
			{27d93c40-065a-43c0-bdd8-cdf2c7d120aa}
			{ff9e5552-7db7-4138-8888-05ce320a0323}
			{13361665-916c-4de7-a59d-b1ebbd0de129}
			{80b70aab-8959-4ec0-8e93-126e76df3aca}
			{8f4e317f-28d7-442c-a6df-1f491f97b326}
			{29869b7c-64c4-42fe-97d5-fbc2fa124160}
			{03d4c32e-e217-4a61-9699-7bbc4729a026}
			{f6b0f0be-a8e4-4468-8fd9-c3c47b8722f9}
			{3443d8cd-e5b6-4f3b-b098-659a0214a079}
			{b7673e6d-cad9-4e9e-b31a-63e8098fdd63}
			{28c458f5-602d-4ac9-a77c-b3f1be503a7e}
			{285c6964-c11a-499e-96d8-bf7c75a223c6}
			{ba340d47-2181-4ca0-a2f6-fae4479dab2a}
			{aff16770-9622-4fbc-a128-3088777605b9}
			{387d9432-a6d1-4474-82cd-0a89aae084ae}
			{19195a55-6da0-11d0-afd3-00c04fd930c9}
",,PIRATE,0x4ba19,DC01$,S-1-5-18,,,,,,,,,,
2026-01-08T21:13:01.611766Z,4662,DC01.pirate.htb,Microsoft-Windows-Security-Auditing,Security,17087,0,"%%7684
				",0x10,-,,,,,,,,,,,,,,,0x0,,,,,,,,,,,,,%{0b0d3777-6f3b-4ff3-8084-1efe0e23fc64},DS,%{e0fa1e8c-9b45-11d0-afdd-00c04fd930c9},,Object Access,,,,,"%%7684
		{e48d0154-bcf8-11d1-8702-00c04fb96050}
			{bf9679e5-0de6-11d0-a285-00aa003049e2}
	{e0fa1e8c-9b45-11d0-afdd-00c04fd930c9}
",,PIRATE,0x4ba19,DC01$,S-1-5-18,,,,,,,,,,
2026-01-08T21:13:01.611776Z,4662,DC01.pirate.htb,Microsoft-Windows-Security-Auditing,Security,17088,0,"%%1538
				%%1542
				",0x1020000,-,,,,,,,,,,,,,,,0x0,,,,,,,,,,,,,%{0b0d3777-6f3b-4ff3-8084-1efe0e23fc64},DS,%{e0fa1e8c-9b45-11d0-afdd-00c04fd930c9},,Object Access,,,,,"%%1538
%%1542
	{e0fa1e8c-9b45-11d0-afdd-00c04fd930c9}
",,PIRATE,0x4ba19,DC01$,S-1-5-18,,,,,,,,,,
2026-01-08T21:13:01.611906Z,4662,DC01.pirate.htb,Microsoft-Windows-Security-Auditing,Security,17089,0,"%%7684
				",0x10,-,,,,,,,,,,,,,,,0x0,,,,,,,,,,,,,%{0b0d3777-6f3b-4ff3-8084-1efe0e23fc64},DS,%{e0fa1e8c-9b45-11d0-afdd-00c04fd930c9},,Object Access,,,,,"%%7684
	{e0fa1e8c-9b45-11d0-afdd-00c04fd930c9}
		{e48d0154-bcf8-11d1-8702-00c04fb96050}
			{bf9679e5-0de6-11d0-a285-00aa003049e2}
			{bf9679e7-0de6-11d0-a285-00aa003049e2}
		{771727b1-31b8-4cdf-ae62-4fe39fadf89e}
			{bf967a77-0de6-11d0-a285-00aa003049e2}
			{bf967a70-0de6-11d0-a285-00aa003049e2}
			{bf967a6f-0de6-11d0-a285-00aa003049e2}
			{bf967a78-0de6-11d0-a285-00aa003049e2}
			{e0fa1e69-9b45-11d0-afdd-00c04fd930c9}
			{675a15fe-3b70-11d2-90cc-00c04fd91ab1}
			{aa12854c-d8fc-4d5e-91ca-368b8d829bee}
			{c79f2199-6da1-46ff-923c-1f3f800c721e}
			{7bea2088-8ce2-423c-b191-66ec506b1595}
			{0dc063c1-52d9-4456-9e15-9c2434aafd94}
			{5c5b7ad2-20fa-44bb-beb3-34b9c0f65579}
			{27d93c40-065a-43c0-bdd8-cdf2c7d120aa}
			{ff9e5552-7db7-4138-8888-05ce320a0323}
			{13361665-916c-4de7-a59d-b1ebbd0de129}
			{80b70aab-8959-4ec0-8e93-126e76df3aca}
			{8f4e317f-28d7-442c-a6df-1f491f97b326}
			{29869b7c-64c4-42fe-97d5-fbc2fa124160}
			{03d4c32e-e217-4a61-9699-7bbc4729a026}
			{f6b0f0be-a8e4-4468-8fd9-c3c47b8722f9}
			{3443d8cd-e5b6-4f3b-b098-659a0214a079}
			{b7673e6d-cad9-4e9e-b31a-63e8098fdd63}
			{28c458f5-602d-4ac9-a77c-b3f1be503a7e}
			{285c6964-c11a-499e-96d8-bf7c75a223c6}
			{ba340d47-2181-4ca0-a2f6-fae4479dab2a}
			{aff16770-9622-4fbc-a128-3088777605b9}
			{387d9432-a6d1-4474-82cd-0a89aae084ae}
			{19195a55-6da0-11d0-afd3-00c04fd930c9}
",,PIRATE,0x4ba19,DC01$,S-1-5-18,,,,,,,,,,
2026-01-08T21:13:01.611927Z,4662,DC01.pirate.htb,Microsoft-Windows-Security-Auditing,Security,17090,0,"%%7684
				",0x10,-,,,,,,,,,,,,,,,0x0,,,,,,,,,,,,,%{0bcb601d-ba63-4df6-8146-e192ecc57b43},DS,%{e0fa1e8c-9b45-11d0-afdd-00c04fd930c9},,Object Access,,,,,"%%7684
		{e48d0154-bcf8-11d1-8702-00c04fb96050}
			{bf9679e5-0de6-11d0-a285-00aa003049e2}
	{e0fa1e8c-9b45-11d0-afdd-00c04fd930c9}
",,PIRATE,0x4ba19,DC01$,S-1-5-18,,,,,,,,,,
2026-01-08T21:13:01.611938Z,4662,DC01.pirate.htb,Microsoft-Windows-Security-Auditing,Security,17091,0,"%%1538
				%%1542
				",0x1020000,-,,,,,,,,,,,,,,,0x0,,,,,,,,,,,,,%{0bcb601d-ba63-4df6-8146-e192ecc57b43},DS,%{e0fa1e8c-9b45-11d0-afdd-00c04fd930c9},,Object Access,,,,,"%%1538
%%1542
	{e0fa1e8c-9b45-11d0-afdd-00c04fd930c9}
",,PIRATE,0x4ba19,DC01$,S-1-5-18,,,,,,,,,,
2026-01-08T21:13:01.612068Z,4662,DC01.pirate.htb,Microsoft-Windows-Security-Auditing,Security,17092,0,"%%7684
				",0x10,-,,,,,,,,,,,,,,,0x0,,,,,,,,,,,,,%{0bcb601d-ba63-4df6-8146-e192ecc57b43},DS,%{e0fa1e8c-9b45-11d0-afdd-00c04fd930c9},,Object Access,,,,,"%%7684
	{e0fa1e8c-9b45-11d0-afdd-00c04fd930c9}
		{e48d0154-bcf8-11d1-8702-00c04fb96050}
			{bf9679e5-0de6-11d0-a285-00aa003049e2}
			{bf9679e7-0de6-11d0-a285-00aa003049e2}
		{771727b1-31b8-4cdf-ae62-4fe39fadf89e}
			{bf967a77-0de6-11d0-a285-00aa003049e2}
			{bf967a70-0de6-11d0-a285-00aa003049e2}
			{bf967a6f-0de6-11d0-a285-00aa003049e2}
			{bf967a78-0de6-11d0-a285-00aa003049e2}
			{e0fa1e69-9b45-11d0-afdd-00c04fd930c9}
			{675a15fe-3b70-11d2-90cc-00c04fd91ab1}
			{aa12854c-d8fc-4d5e-91ca-368b8d829bee}
			{c79f2199-6da1-46ff-923c-1f3f800c721e}
			{7bea2088-8ce2-423c-b191-66ec506b1595}
			{0dc063c1-52d9-4456-9e15-9c2434aafd94}
			{5c5b7ad2-20fa-44bb-beb3-34b9c0f65579}
			{27d93c40-065a-43c0-bdd8-cdf2c7d120aa}
			{ff9e5552-7db7-4138-8888-05ce320a0323}
			{13361665-916c-4de7-a59d-b1ebbd0de129}
			{80b70aab-8959-4ec0-8e93-126e76df3aca}
			{8f4e317f-28d7-442c-a6df-1f491f97b326}
			{29869b7c-64c4-42fe-97d5-fbc2fa124160}
			{03d4c32e-e217-4a61-9699-7bbc4729a026}
			{f6b0f0be-a8e4-4468-8fd9-c3c47b8722f9}
			{3443d8cd-e5b6-4f3b-b098-659a0214a079}
			{b7673e6d-cad9-4e9e-b31a-63e8098fdd63}
			{28c458f5-602d-4ac9-a77c-b3f1be503a7e}
			{285c6964-c11a-499e-96d8-bf7c75a223c6}
			{ba340d47-2181-4ca0-a2f6-fae4479dab2a}
			{aff16770-9622-4fbc-a128-3088777605b9}
			{387d9432-a6d1-4474-82cd-0a89aae084ae}
			{19195a55-6da0-11d0-afd3-00c04fd930c9}
",,PIRATE,0x4ba19,DC01$,S-1-5-18,,,,,,,,,,
2026-01-08T21:13:01.612091Z,4662,DC01.pirate.htb,Microsoft-Windows-Security-Auditing,Security,17093,0,"%%7684
				",0x10,-,,,,,,,,,,,,,,,0x0,,,,,,,,,,,,,%{1043e205-7076-4fa9-b74a-0fc12f106748},DS,%{e0fa1e8c-9b45-11d0-afdd-00c04fd930c9},,Object Access,,,,,"%%7684
		{e48d0154-bcf8-11d1-8702-00c04fb96050}
			{bf9679e5-0de6-11d0-a285-00aa003049e2}
	{e0fa1e8c-9b45-11d0-afdd-00c04fd930c9}
",,PIRATE,0x4ba19,DC01$,S-1-5-18,,,,,,,,,,
2026-01-08T21:13:01.612100Z,4662,DC01.pirate.htb,Microsoft-Windows-Security-Auditing,Security,17094,0,"%%1538
				%%1542
				",0x1020000,-,,,,,,,,,,,,,,,0x0,,,,,,,,,,,,,%{1043e205-7076-4fa9-b74a-0fc12f106748},DS,%{e0fa1e8c-9b45-11d0-afdd-00c04fd930c9},,Object Access,,,,,"%%1538
%%1542
	{e0fa1e8c-9b45-11d0-afdd-00c04fd930c9}
",,PIRATE,0x4ba19,DC01$,S-1-5-18,,,,,,,,,,
2026-01-08T21:13:01.612231Z,4662,DC01.pirate.htb,Microsoft-Windows-Security-Auditing,Security,17095,0,"%%7684
				",0x10,-,,,,,,,,,,,,,,,0x0,,,,,,,,,,,,,%{1043e205-7076-4fa9-b74a-0fc12f106748},DS,%{e0fa1e8c-9b45-11d0-afdd-00c04fd930c9},,Object Access,,,,,"%%7684
	{e0fa1e8c-9b45-11d0-afdd-00c04fd930c9}
		{e48d0154-bcf8-11d1-8702-00c04fb96050}
			{bf9679e5-0de6-11d0-a285-00aa003049e2}
			{bf9679e7-0de6-11d0-a285-00aa003049e2}
		{771727b1-31b8-4cdf-ae62-4fe39fadf89e}
			{bf967a77-0de6-11d0-a285-00aa003049e2}
			{bf967a70-0de6-11d0-a285-00aa003049e2}
			{bf967a6f-0de6-11d0-a285-00aa003049e2}
			{bf967a78-0de6-11d0-a285-00aa003049e2}
			{e0fa1e69-9b45-11d0-afdd-00c04fd930c9}
			{675a15fe-3b70-11d2-90cc-00c04fd91ab1}
			{aa12854c-d8fc-4d5e-91ca-368b8d829bee}
			{c79f2199-6da1-46ff-923c-1f3f800c721e}
			{7bea2088-8ce2-423c-b191-66ec506b1595}
			{0dc063c1-52d9-4456-9e15-9c2434aafd94}
			{5c5b7ad2-20fa-44bb-beb3-34b9c0f65579}
			{27d93c40-065a-43c0-bdd8-cdf2c7d120aa}
			{ff9e5552-7db7-4138-8888-05ce320a0323}
			{13361665-916c-4de7-a59d-b1ebbd0de129}
			{80b70aab-8959-4ec0-8e93-126e76df3aca}
			{8f4e317f-28d7-442c-a6df-1f491f97b326}
			{29869b7c-64c4-42fe-97d5-fbc2fa124160}
			{03d4c32e-e217-4a61-9699-7bbc4729a026}
			{f6b0f0be-a8e4-4468-8fd9-c3c47b8722f9}
			{3443d8cd-e5b6-4f3b-b098-659a0214a079}
			{b7673e6d-cad9-4e9e-b31a-63e8098fdd63}
			{28c458f5-602d-4ac9-a77c-b3f1be503a7e}
			{285c6964-c11a-499e-96d8-bf7c75a223c6}
			{ba340d47-2181-4ca0-a2f6-fae4479dab2a}
			{aff16770-9622-4fbc-a128-3088777605b9}
			{387d9432-a6d1-4474-82cd-0a89aae084ae}
			{19195a55-6da0-11d0-afd3-00c04fd930c9}
",,PIRATE,0x4ba19,DC01$,S-1-5-18,,,,,,,,,,
2026-01-08T21:13:01.612255Z,4662,DC01.pirate.htb,Microsoft-Windows-Security-Auditing,Security,17096,0,"%%7684
				",0x10,-,,,,,,,,,,,,,,,0x0,,,,,,,,,,,,,%{27edafa5-bfe4-48d4-91c3-fc68f5ffb639},DS,%{e0fa1e8c-9b45-11d0-afdd-00c04fd930c9},,Object Access,,,,,"%%7684
		{e48d0154-bcf8-11d1-8702-00c04fb96050}
			{bf9679e5-0de6-11d0-a285-00aa003049e2}
	{e0fa1e8c-9b45-11d0-afdd-00c04fd930c9}
",,PIRATE,0x4ba19,DC01$,S-1-5-18,,,,,,,,,,
2026-01-08T21:13:01.612265Z,4662,DC01.pirate.htb,Microsoft-Windows-Security-Auditing,Security,17097,0,"%%1538
				%%1542
				",0x1020000,-,,,,,,,,,,,,,,,0x0,,,,,,,,,,,,,%{27edafa5-bfe4-48d4-91c3-fc68f5ffb639},DS,%{e0fa1e8c-9b45-11d0-afdd-00c04fd930c9},,Object Access,,,,,"%%1538
%%1542
	{e0fa1e8c-9b45-11d0-afdd-00c04fd930c9}
",,PIRATE,0x4ba19,DC01$,S-1-5-18,,,,,,,,,,
