2025-06-11T16:52:06.696724Z,4662,DC01.pirate.htb,Microsoft-Windows-Security-Auditing,Security,15998,0,"%%7684
				",0x10,-,,,,,,,,,,,,,,,0x0,,,,,,,,,,,,,%{2023fab1-9a2c-4430-be1b-bd2a3d3d7774},DS,%{e0fa1e8c-9b45-11d0-afdd-00c04fd930c9},,Object Access,,,,,"%%7684
		{e48d0154-bcf8-11d1-8702-00c04fb96050}
			{bf9679e5-0de6-11d0-a285-00aa003049e2}
	{e0fa1e8c-9b45-11d0-afdd-00c04fd930c9}
",,PIRATE,0x395c6,DC01$,S-1-5-18,,,,,,,,,,
2025-06-11T16:52:06.696727Z,4662,DC01.pirate.htb,Microsoft-Windows-Security-Auditing,Security,15999,0,"%%7682
				",0x4,-,,,,,,,,,,,,,,,0x0,,,,,,,,,,,,,%{afff0694-70ff-4985-9456-bb96e5b03812},DS,%{e0fa1e8b-9b45-11d0-afdd-00c04fd930c9},,Object Access,,,,,"%%7682
	{e0fa1e8b-9b45-11d0-afdd-00c04fd930c9}
",,PIRATE,0x395c6,DC01$,S-1-5-18,,,,,,,,,,
2025-06-11T16:52:06.696729Z,4662,DC01.pirate.htb,Microsoft-Windows-Security-Auditing,Security,16000,0,"%%1538
				",0x20000,-,,,,,,,,,,,,,,,0x0,,,,,,,,,,,,,%{2023fab1-9a2c-4430-be1b-bd2a3d3d7774},DS,%{e0fa1e8c-9b45-11d0-afdd-00c04fd930c9},,Object Access,,,,,"%%1538
	{e0fa1e8c-9b45-11d0-afdd-00c04fd930c9}
",,PIRATE,0x395c6,DC01$,S-1-5-18,,,,,,,,,,
2025-06-11T16:52:06.696755Z,4662,DC01.pirate.htb,Microsoft-Windows-Security-Auditing,Security,16001,0,"%%7684
				",0x10,-,,,,,,,,,,,,,,,0x0,,,,,,,,,,,,,%{2023fab1-9a2c-4430-be1b-bd2a3d3d7774},DS,%{e0fa1e8c-9b45-11d0-afdd-00c04fd930c9},,Object Access,,,,,"%%7684
	{e0fa1e8c-9b45-11d0-afdd-00c04fd930c9}
		{e48d0154-bcf8-11d1-8702-00c04fb96050}
			{bf9679e5-0de6-11d0-a285-00aa003049e2}
			{bf9679e7-0de6-11d0-a285-00aa003049e2}
		{771727b1-31b8-4cdf-ae62-4fe39fadf89e}
			{bf967a77-0de6-11d0-a285-00aa003049e2}
			{bf967a70-0de6-11d0-a285-00aa003049e2}
			{bf967a6f-0de6-11d0-a285-00aa003049e2}
			{bf967a78-0de6-11d0-a285-00aa003049e2}
			{e0fa1e69-9b45-11d0-afdd-00c04fd930c9}
			{675a15fe-3b70-11d2-90cc-00c04fd91ab1}
			{aa12854c-d8fc-4d5e-91ca-368b8d829bee}
			{c79f2199-6da1-46ff-923c-1f3f800c721e}
			{7bea2088-8ce2-423c-b191-66ec506b1595}
			{0dc063c1-52d9-4456-9e15-9c2434aafd94}
			{5c5b7ad2-20fa-44bb-beb3-34b9c0f65579}
			{27d93c40-065a-43c0-bdd8-cdf2c7d120aa}
			{ff9e5552-7db7-4138-8888-05ce320a0323}
			{13361665-916c-4de7-a59d-b1ebbd0de129}
			{80b70aab-8959-4ec0-8e93-126e76df3aca}
			{8f4e317f-28d7-442c-a6df-1f491f97b326}
			{29869b7c-64c4-42fe-97d5-fbc2fa124160}
			{03d4c32e-e217-4a61-9699-7bbc4729a026}
			{f6b0f0be-a8e4-4468-8fd9-c3c47b8722f9}
			{3443d8cd-e5b6-4f3b-b098-659a0214a079}
			{b7673e6d-cad9-4e9e-b31a-63e8098fdd63}
			{28c458f5-602d-4ac9-a77c-b3f1be503a7e}
			{285c6964-c11a-499e-96d8-bf7c75a223c6}
			{ba340d47-2181-4ca0-a2f6-fae4479dab2a}
			{aff16770-9622-4fbc-a128-3088777605b9}
			{387d9432-a6d1-4474-82cd-0a89aae084ae}
			{19195a55-6da0-11d0-afd3-00c04fd930c9}
",,PIRATE,0x395c6,DC01$,S-1-5-18,,,,,,,,,,
2025-06-11T16:52:08.006593Z,4662,DC01.pirate.htb,Microsoft-Windows-Security-Auditing,Security,16002,0,"%%7684
				",0x10,-,,,,,,,,,,,,,,,0x0,,,,,,,,,,,,,%{aff6283f-b417-4237-bc64-56914d112ba3},DS,%{e0fa1e8c-9b45-11d0-afdd-00c04fd930c9},,Object Access,,,,,"%%7684
		{e48d0154-bcf8-11d1-8702-00c04fb96050}
			{bf9679e5-0de6-11d0-a285-00aa003049e2}
	{e0fa1e8c-9b45-11d0-afdd-00c04fd930c9}
",,PIRATE,0x395c6,DC01$,S-1-5-18,,,,,,,,,,
2025-06-11T16:52:08.006596Z,4662,DC01.pirate.htb,Microsoft-Windows-Security-Auditing,Security,16003,0,"%%7682
				",0x4,-,,,,,,,,,,,,,,,0x0,,,,,,,,,,,,,%{afff0694-70ff-4985-9456-bb96e5b03812},DS,%{e0fa1e8b-9b45-11d0-afdd-00c04fd930c9},,Object Access,,,,,"%%7682
	{e0fa1e8b-9b45-11d0-afdd-00c04fd930c9}
",,PIRATE,0x395c6,DC01$,S-1-5-18,,,,,,,,,,
2025-06-11T16:52:08.006599Z,4662,DC01.pirate.htb,Microsoft-Windows-Security-Auditing,Security,16004,0,"%%1538
				",0x20000,-,,,,,,,,,,,,,,,0x0,,,,,,,,,,,,,%{aff6283f-b417-4237-bc64-56914d112ba3},DS,%{e0fa1e8c-9b45-11d0-afdd-00c04fd930c9},,Object Access,,,,,"%%1538
	{e0fa1e8c-9b45-11d0-afdd-00c04fd930c9}
",,PIRATE,0x395c6,DC01$,S-1-5-18,,,,,,,,,,
2025-06-11T16:52:08.006628Z,4662,DC01.pirate.htb,Microsoft-Windows-Security-Auditing,Security,16005,0,"%%7684
				",0x10,-,,,,,,,,,,,,,,,0x0,,,,,,,,,,,,,%{aff6283f-b417-4237-bc64-56914d112ba3},DS,%{e0fa1e8c-9b45-11d0-afdd-00c04fd930c9},,Object Access,,,,,"%%7684
	{e0fa1e8c-9b45-11d0-afdd-00c04fd930c9}
		{e48d0154-bcf8-11d1-8702-00c04fb96050}
			{bf9679e5-0de6-11d0-a285-00aa003049e2}
			{bf9679e7-0de6-11d0-a285-00aa003049e2}
		{771727b1-31b8-4cdf-ae62-4fe39fadf89e}
			{bf967a77-0de6-11d0-a285-00aa003049e2}
			{bf967a70-0de6-11d0-a285-00aa003049e2}
			{bf967a6f-0de6-11d0-a285-00aa003049e2}
			{bf967a78-0de6-11d0-a285-00aa003049e2}
			{e0fa1e69-9b45-11d0-afdd-00c04fd930c9}
			{675a15fe-3b70-11d2-90cc-00c04fd91ab1}
			{aa12854c-d8fc-4d5e-91ca-368b8d829bee}
			{c79f2199-6da1-46ff-923c-1f3f800c721e}
			{7bea2088-8ce2-423c-b191-66ec506b1595}
			{0dc063c1-52d9-4456-9e15-9c2434aafd94}
			{5c5b7ad2-20fa-44bb-beb3-34b9c0f65579}
			{27d93c40-065a-43c0-bdd8-cdf2c7d120aa}
			{ff9e5552-7db7-4138-8888-05ce320a0323}
			{13361665-916c-4de7-a59d-b1ebbd0de129}
			{80b70aab-8959-4ec0-8e93-126e76df3aca}
			{8f4e317f-28d7-442c-a6df-1f491f97b326}
			{29869b7c-64c4-42fe-97d5-fbc2fa124160}
			{03d4c32e-e217-4a61-9699-7bbc4729a026}
			{f6b0f0be-a8e4-4468-8fd9-c3c47b8722f9}
			{3443d8cd-e5b6-4f3b-b098-659a0214a079}
			{b7673e6d-cad9-4e9e-b31a-63e8098fdd63}
			{28c458f5-602d-4ac9-a77c-b3f1be503a7e}
			{285c6964-c11a-499e-96d8-bf7c75a223c6}
			{ba340d47-2181-4ca0-a2f6-fae4479dab2a}
			{aff16770-9622-4fbc-a128-3088777605b9}
			{387d9432-a6d1-4474-82cd-0a89aae084ae}
			{19195a55-6da0-11d0-afd3-00c04fd930c9}
",,PIRATE,0x395c6,DC01$,S-1-5-18,,,,,,,,,,
2025-06-11T16:52:08.008459Z,4662,DC01.pirate.htb,Microsoft-Windows-Security-Auditing,Security,16006,0,"%%7684
				",0x10,-,,,,,,,,,,,,,,,0x0,,,,,,,,,,,,,%{aff6283f-b417-4237-bc64-56914d112ba3},DS,%{e0fa1e8c-9b45-11d0-afdd-00c04fd930c9},,Object Access,,,,,"%%7684
		{e48d0154-bcf8-11d1-8702-00c04fb96050}
			{bf9679e5-0de6-11d0-a285-00aa003049e2}
	{e0fa1e8c-9b45-11d0-afdd-00c04fd930c9}
",,PIRATE,0x395c6,DC01$,S-1-5-18,,,,,,,,,,
2025-06-11T16:52:08.008462Z,4662,DC01.pirate.htb,Microsoft-Windows-Security-Auditing,Security,16007,0,"%%7682
				",0x4,-,,,,,,,,,,,,,,,0x0,,,,,,,,,,,,,%{afff0694-70ff-4985-9456-bb96e5b03812},DS,%{e0fa1e8b-9b45-11d0-afdd-00c04fd930c9},,Object Access,,,,,"%%7682
	{e0fa1e8b-9b45-11d0-afdd-00c04fd930c9}
",,PIRATE,0x395c6,DC01$,S-1-5-18,,,,,,,,,,
2025-06-11T16:52:08.008465Z,4662,DC01.pirate.htb,Microsoft-Windows-Security-Auditing,Security,16008,0,"%%1538
				",0x20000,-,,,,,,,,,,,,,,,0x0,,,,,,,,,,,,,%{aff6283f-b417-4237-bc64-56914d112ba3},DS,%{e0fa1e8c-9b45-11d0-afdd-00c04fd930c9},,Object Access,,,,,"%%1538
	{e0fa1e8c-9b45-11d0-afdd-00c04fd930c9}
",,PIRATE,0x395c6,DC01$,S-1-5-18,,,,,,,,,,
2025-06-11T16:52:08.008491Z,4662,DC01.pirate.htb,Microsoft-Windows-Security-Auditing,Security,16009,0,"%%7684
				",0x10,-,,,,,,,,,,,,,,,0x0,,,,,,,,,,,,,%{aff6283f-b417-4237-bc64-56914d112ba3},DS,%{e0fa1e8c-9b45-11d0-afdd-00c04fd930c9},,Object Access,,,,,"%%7684
	{e0fa1e8c-9b45-11d0-afdd-00c04fd930c9}
		{e48d0154-bcf8-11d1-8702-00c04fb96050}
			{bf9679e5-0de6-11d0-a285-00aa003049e2}
			{bf9679e7-0de6-11d0-a285-00aa003049e2}
		{771727b1-31b8-4cdf-ae62-4fe39fadf89e}
			{bf967a77-0de6-11d0-a285-00aa003049e2}
			{bf967a70-0de6-11d0-a285-00aa003049e2}
			{bf967a6f-0de6-11d0-a285-00aa003049e2}
			{bf967a78-0de6-11d0-a285-00aa003049e2}
			{e0fa1e69-9b45-11d0-afdd-00c04fd930c9}
			{675a15fe-3b70-11d2-90cc-00c04fd91ab1}
			{aa12854c-d8fc-4d5e-91ca-368b8d829bee}
			{c79f2199-6da1-46ff-923c-1f3f800c721e}
			{7bea2088-8ce2-423c-b191-66ec506b1595}
			{0dc063c1-52d9-4456-9e15-9c2434aafd94}
			{5c5b7ad2-20fa-44bb-beb3-34b9c0f65579}
			{27d93c40-065a-43c0-bdd8-cdf2c7d120aa}
			{ff9e5552-7db7-4138-8888-05ce320a0323}
			{13361665-916c-4de7-a59d-b1ebbd0de129}
			{80b70aab-8959-4ec0-8e93-126e76df3aca}
			{8f4e317f-28d7-442c-a6df-1f491f97b326}
			{29869b7c-64c4-42fe-97d5-fbc2fa124160}
			{03d4c32e-e217-4a61-9699-7bbc4729a026}
			{f6b0f0be-a8e4-4468-8fd9-c3c47b8722f9}
			{3443d8cd-e5b6-4f3b-b098-659a0214a079}
			{b7673e6d-cad9-4e9e-b31a-63e8098fdd63}
			{28c458f5-602d-4ac9-a77c-b3f1be503a7e}
			{285c6964-c11a-499e-96d8-bf7c75a223c6}
			{ba340d47-2181-4ca0-a2f6-fae4479dab2a}
			{aff16770-9622-4fbc-a128-3088777605b9}
			{387d9432-a6d1-4474-82cd-0a89aae084ae}
			{19195a55-6da0-11d0-afd3-00c04fd930c9}
",,PIRATE,0x395c6,DC01$,S-1-5-18,,,,,,,,,,
2025-06-11T16:52:08.010026Z,4662,DC01.pirate.htb,Microsoft-Windows-Security-Auditing,Security,16010,0,"%%7684
				",0x10,-,,,,,,,,,,,,,,,0x0,,,,,,,,,,,,,%{aff6283f-b417-4237-bc64-56914d112ba3},DS,%{e0fa1e8c-9b45-11d0-afdd-00c04fd930c9},,Object Access,,,,,"%%7684
		{e48d0154-bcf8-11d1-8702-00c04fb96050}
			{26d97369-6070-11d1-a9c6-0000f80367c1}
	{e0fa1e8c-9b45-11d0-afdd-00c04fd930c9}
",,PIRATE,0x395c6,DC01$,S-1-5-18,,,,,,,,,,
2025-06-11T16:52:08.010029Z,4662,DC01.pirate.htb,Microsoft-Windows-Security-Auditing,Security,16011,0,"%%7682
				",0x4,-,,,,,,,,,,,,,,,0x0,,,,,,,,,,,,,%{afff0694-70ff-4985-9456-bb96e5b03812},DS,%{e0fa1e8b-9b45-11d0-afdd-00c04fd930c9},,Object Access,,,,,"%%7682
	{e0fa1e8b-9b45-11d0-afdd-00c04fd930c9}
",,PIRATE,0x395c6,DC01$,S-1-5-18,,,,,,,,,,
2025-06-11T16:52:08.010031Z,4662,DC01.pirate.htb,Microsoft-Windows-Security-Auditing,Security,16012,0,"%%1538
				",0x20000,-,,,,,,,,,,,,,,,0x0,,,,,,,,,,,,,%{aff6283f-b417-4237-bc64-56914d112ba3},DS,%{e0fa1e8c-9b45-11d0-afdd-00c04fd930c9},,Object Access,,,,,"%%1538
	{e0fa1e8c-9b45-11d0-afdd-00c04fd930c9}
",,PIRATE,0x395c6,DC01$,S-1-5-18,,,,,,,,,,
2025-06-11T16:52:08.010036Z,4662,DC01.pirate.htb,Microsoft-Windows-Security-Auditing,Security,16013,0,"%%7684
				",0x10,-,,,,,,,,,,,,,,,0x0,,,,,,,,,,,,,%{aff6283f-b417-4237-bc64-56914d112ba3},DS,%{e0fa1e8c-9b45-11d0-afdd-00c04fd930c9},,Object Access,,,,,"%%7684
		{771727b1-31b8-4cdf-ae62-4fe39fadf89e}
			{bf967a77-0de6-11d0-a285-00aa003049e2}
			{e0fa1e69-9b45-11d0-afdd-00c04fd930c9}
	{e0fa1e8c-9b45-11d0-afdd-00c04fd930c9}
",,PIRATE,0x395c6,DC01$,S-1-5-18,,,,,,,,,,
2025-06-11T16:52:08.010329Z,4662,DC01.pirate.htb,Microsoft-Windows-Security-Auditing,Security,16014,0,"%%7685
				",0x20,-,,,,,,,,,,,,,,,0x0,,,,,,,,,,,,,%{aff6283f-b417-4237-bc64-56914d112ba3},DS,%{e0fa1e8c-9b45-11d0-afdd-00c04fd930c9},,Object Access,,,,,"%%7685
		{771727b1-31b8-4cdf-ae62-4fe39fadf89e}
			{e0fa1e69-9b45-11d0-afdd-00c04fd930c9}
			{d5eb2eb7-be4e-463b-a214-634a44d7392e}
	{e0fa1e8c-9b45-11d0-afdd-00c04fd930c9}
",,PIRATE,0x356334,DC01$,S-1-5-21-4107424128-4158083573-1300325248-1000,,,,,,,,,,
2025-06-11T16:52:08.012710Z,4662,DC01.pirate.htb,Microsoft-Windows-Security-Auditing,Security,16015,0,"%%7684
				",0x10,-,,,,,,,,,,,,,,,0x0,,,,,,,,,,,,,%{aff6283f-b417-4237-bc64-56914d112ba3},DS,%{e0fa1e8c-9b45-11d0-afdd-00c04fd930c9},,Object Access,,,,,"%%7684
		{e48d0154-bcf8-11d1-8702-00c04fb96050}
			{bf9679e5-0de6-11d0-a285-00aa003049e2}
	{e0fa1e8c-9b45-11d0-afdd-00c04fd930c9}
",,PIRATE,0x395c6,DC01$,S-1-5-18,,,,,,,,,,
2025-06-11T16:52:08.012713Z,4662,DC01.pirate.htb,Microsoft-Windows-Security-Auditing,Security,16016,0,"%%7682
				",0x4,-,,,,,,,,,,,,,,,0x0,,,,,,,,,,,,,%{afff0694-70ff-4985-9456-bb96e5b03812},DS,%{e0fa1e8b-9b45-11d0-afdd-00c04fd930c9},,Object Access,,,,,"%%7682
	{e0fa1e8b-9b45-11d0-afdd-00c04fd930c9}
",,PIRATE,0x395c6,DC01$,S-1-5-18,,,,,,,,,,
2025-06-11T16:52:08.012715Z,4662,DC01.pirate.htb,Microsoft-Windows-Security-Auditing,Security,16017,0,"%%1538
				",0x20000,-,,,,,,,,,,,,,,,0x0,,,,,,,,,,,,,%{aff6283f-b417-4237-bc64-56914d112ba3},DS,%{e0fa1e8c-9b45-11d0-afdd-00c04fd930c9},,Object Access,,,,,"%%1538
	{e0fa1e8c-9b45-11d0-afdd-00c04fd930c9}
",,PIRATE,0x395c6,DC01$,S-1-5-18,,,,,,,,,,
2025-06-11T16:52:08.012741Z,4662,DC01.pirate.htb,Microsoft-Windows-Security-Auditing,Security,16018,0,"%%7684
				",0x10,-,,,,,,,,,,,,,,,0x0,,,,,,,,,,,,,%{aff6283f-b417-4237-bc64-56914d112ba3},DS,%{e0fa1e8c-9b45-11d0-afdd-00c04fd930c9},,Object Access,,,,,"%%7684
	{e0fa1e8c-9b45-11d0-afdd-00c04fd930c9}
		{e48d0154-bcf8-11d1-8702-00c04fb96050}
			{bf9679e5-0de6-11d0-a285-00aa003049e2}
			{bf9679e7-0de6-11d0-a285-00aa003049e2}
		{771727b1-31b8-4cdf-ae62-4fe39fadf89e}
			{bf967a77-0de6-11d0-a285-00aa003049e2}
			{bf967a70-0de6-11d0-a285-00aa003049e2}
			{bf967a6f-0de6-11d0-a285-00aa003049e2}
			{bf967a78-0de6-11d0-a285-00aa003049e2}
			{e0fa1e69-9b45-11d0-afdd-00c04fd930c9}
			{675a15fe-3b70-11d2-90cc-00c04fd91ab1}
			{aa12854c-d8fc-4d5e-91ca-368b8d829bee}
			{c79f2199-6da1-46ff-923c-1f3f800c721e}
			{7bea2088-8ce2-423c-b191-66ec506b1595}
			{0dc063c1-52d9-4456-9e15-9c2434aafd94}
			{5c5b7ad2-20fa-44bb-beb3-34b9c0f65579}
			{27d93c40-065a-43c0-bdd8-cdf2c7d120aa}
			{ff9e5552-7db7-4138-8888-05ce320a0323}
			{13361665-916c-4de7-a59d-b1ebbd0de129}
			{80b70aab-8959-4ec0-8e93-126e76df3aca}
			{8f4e317f-28d7-442c-a6df-1f491f97b326}
			{29869b7c-64c4-42fe-97d5-fbc2fa124160}
			{03d4c32e-e217-4a61-9699-7bbc4729a026}
			{f6b0f0be-a8e4-4468-8fd9-c3c47b8722f9}
			{3443d8cd-e5b6-4f3b-b098-659a0214a079}
			{b7673e6d-cad9-4e9e-b31a-63e8098fdd63}
			{28c458f5-602d-4ac9-a77c-b3f1be503a7e}
			{285c6964-c11a-499e-96d8-bf7c75a223c6}
			{ba340d47-2181-4ca0-a2f6-fae4479dab2a}
			{aff16770-9622-4fbc-a128-3088777605b9}
			{387d9432-a6d1-4474-82cd-0a89aae084ae}
			{19195a55-6da0-11d0-afd3-00c04fd930c9}
",,PIRATE,0x395c6,DC01$,S-1-5-18,,,,,,,,,,
2025-06-11T16:52:10.251453Z,5136,DC01.pirate.htb,Microsoft-Windows-Security-Auditing,Security,16019,0,,,,,,-,dnsRecord,2.5.5.10,%%14672,,,,,pirate.htb,%%14676,,,,,,,,,,,,,dnsNode,"DC=dc01,DC=pirate.htb,cn=MicrosoftDNS,DC=DomainDnsZones,DC=pirate,DC=htb",AFF6283F-B417-4237-BC64-56914D112BA3,,,,6CC5CD75-72F8-4221-A6B1-69CB5197B129,%%14675,,,,,,,PIRATE,0x356334,DC01$,S-1-5-21-4107424128-4158083573-1300325248-1000,,,,,,,,,,
2025-06-11T16:52:10.251606Z,5136,DC01.pirate.htb,Microsoft-Windows-Security-Auditing,Security,16020,0,,,,,,-,dnsRecord,2.5.5.10,%%14672,,,,,pirate.htb,%%14676,,,,,,,,,,,,,dnsNode,"DC=dc01,DC=pirate.htb,cn=MicrosoftDNS,DC=DomainDnsZones,DC=pirate,DC=htb",AFF6283F-B417-4237-BC64-56914D112BA3,,,,6CC5CD75-72F8-4221-A6B1-69CB5197B129,%%14675,,,,,,,PIRATE,0x356334,DC01$,S-1-5-21-4107424128-4158083573-1300325248-1000,,,,,,,,,,
2025-06-11T16:52:10.251745Z,5136,DC01.pirate.htb,Microsoft-Windows-Security-Auditing,Security,16021,0,,,,,,-,dnsRecord,2.5.5.10,%%14672,,,,,pirate.htb,%%14676,,,,,,,,,,,,,dnsNode,"DC=dc01,DC=pirate.htb,cn=MicrosoftDNS,DC=DomainDnsZones,DC=pirate,DC=htb",AFF6283F-B417-4237-BC64-56914D112BA3,,,,6CC5CD75-72F8-4221-A6B1-69CB5197B129,%%14674,,,,,,,PIRATE,0x356334,DC01$,S-1-5-21-4107424128-4158083573-1300325248-1000,,,,,,,,,,
2025-06-11T16:52:10.251885Z,5136,DC01.pirate.htb,Microsoft-Windows-Security-Auditing,Security,16022,0,,,,,,-,dNSTombstoned,2.5.5.8,FALSE,,,,,pirate.htb,%%14676,,,,,,,,,,,,,dnsNode,"DC=dc01,DC=pirate.htb,cn=MicrosoftDNS,DC=DomainDnsZones,DC=pirate,DC=htb",AFF6283F-B417-4237-BC64-56914D112BA3,,,,6CC5CD75-72F8-4221-A6B1-69CB5197B129,%%14675,,,,,,,PIRATE,0x356334,DC01$,S-1-5-21-4107424128-4158083573-1300325248-1000,,,,,,,,,,
2025-06-11T16:52:10.252023Z,5136,DC01.pirate.htb,Microsoft-Windows-Security-Auditing,Security,16023,0,,,,,,-,dNSTombstoned,2.5.5.8,FALSE,,,,,pirate.htb,%%14676,,,,,,,,,,,,,dnsNode,"DC=dc01,DC=pirate.htb,cn=MicrosoftDNS,DC=DomainDnsZones,DC=pirate,DC=htb",AFF6283F-B417-4237-BC64-56914D112BA3,,,,6CC5CD75-72F8-4221-A6B1-69CB5197B129,%%14674,,,,,,,PIRATE,0x356334,DC01$,S-1-5-21-4107424128-4158083573-1300325248-1000,,,,,,,,,,
2025-06-11T16:52:14.143129Z,4662,DC01.pirate.htb,Microsoft-Windows-Security-Auditing,Security,16024,0,"%%7684
				",0x10,-,,,,,,,,,,,,,,,0x0,,,,,,,,,,,,,%{afff0694-70ff-4985-9456-bb96e5b03812},DS,%{e0fa1e8b-9b45-11d0-afdd-00c04fd930c9},,Object Access,,,,,"%%7684
		{e48d0154-bcf8-11d1-8702-00c04fb96050}
			{26d97369-6070-11d1-a9c6-0000f80367c1}
	{e0fa1e8b-9b45-11d0-afdd-00c04fd930c9}
",,PIRATE,0x395c6,DC01$,S-1-5-18,,,,,,,,,,
2025-06-11T16:52:14.143132Z,4662,DC01.pirate.htb,Microsoft-Windows-Security-Auditing,Security,16025,0,"%%1538
				",0x20000,-,,,,,,,,,,,,,,,0x0,,,,,,,,,,,,,%{afff0694-70ff-4985-9456-bb96e5b03812},DS,%{e0fa1e8b-9b45-11d0-afdd-00c04fd930c9},,Object Access,,,,,"%%1538
	{e0fa1e8b-9b45-11d0-afdd-00c04fd930c9}
",,PIRATE,0x395c6,DC01$,S-1-5-18,,,,,,,,,,
2025-06-11T16:52:14.143161Z,4662,DC01.pirate.htb,Microsoft-Windows-Security-Auditing,Security,16026,0,"%%7684
				",0x10,-,,,,,,,,,,,,,,,0x0,,,,,,,,,,,,,%{afff0694-70ff-4985-9456-bb96e5b03812},DS,%{e0fa1e8b-9b45-11d0-afdd-00c04fd930c9},,Object Access,,,,,"%%7684
	{e0fa1e8b-9b45-11d0-afdd-00c04fd930c9}
		{e48d0154-bcf8-11d1-8702-00c04fb96050}
			{bf9679e5-0de6-11d0-a285-00aa003049e2}
			{bf9679e7-0de6-11d0-a285-00aa003049e2}
		{771727b1-31b8-4cdf-ae62-4fe39fadf89e}
			{bf967a77-0de6-11d0-a285-00aa003049e2}
			{bf967a70-0de6-11d0-a285-00aa003049e2}
			{bf967a6f-0de6-11d0-a285-00aa003049e2}
			{bf967a78-0de6-11d0-a285-00aa003049e2}
			{e0fa1e69-9b45-11d0-afdd-00c04fd930c9}
			{675a15fe-3b70-11d2-90cc-00c04fd91ab1}
			{aa12854c-d8fc-4d5e-91ca-368b8d829bee}
			{c79f2199-6da1-46ff-923c-1f3f800c721e}
			{7bea2088-8ce2-423c-b191-66ec506b1595}
			{0dc063c1-52d9-4456-9e15-9c2434aafd94}
			{5c5b7ad2-20fa-44bb-beb3-34b9c0f65579}
			{27d93c40-065a-43c0-bdd8-cdf2c7d120aa}
			{ff9e5552-7db7-4138-8888-05ce320a0323}
			{13361665-916c-4de7-a59d-b1ebbd0de129}
			{80b70aab-8959-4ec0-8e93-126e76df3aca}
			{8f4e317f-28d7-442c-a6df-1f491f97b326}
			{29869b7c-64c4-42fe-97d5-fbc2fa124160}
			{03d4c32e-e217-4a61-9699-7bbc4729a026}
			{f6b0f0be-a8e4-4468-8fd9-c3c47b8722f9}
			{3443d8cd-e5b6-4f3b-b098-659a0214a079}
			{b7673e6d-cad9-4e9e-b31a-63e8098fdd63}
			{28c458f5-602d-4ac9-a77c-b3f1be503a7e}
			{285c6964-c11a-499e-96d8-bf7c75a223c6}
			{ba340d47-2181-4ca0-a2f6-fae4479dab2a}
			{aff16770-9622-4fbc-a128-3088777605b9}
			{387d9432-a6d1-4474-82cd-0a89aae084ae}
			{19195a55-6da0-11d0-afd3-00c04fd930c9}
",,PIRATE,0x395c6,DC01$,S-1-5-18,,,,,,,,,,
2025-06-11T16:52:14.144710Z,4662,DC01.pirate.htb,Microsoft-Windows-Security-Auditing,Security,16027,0,"%%7684
				",0x10,-,,,,,,,,,,,,,,,0x0,,,,,,,,,,,,,%{afff0694-70ff-4985-9456-bb96e5b03812},DS,%{e0fa1e8b-9b45-11d0-afdd-00c04fd930c9},,Object Access,,,,,"%%7684
		{e48d0154-bcf8-11d1-8702-00c04fb96050}
			{26d97369-6070-11d1-a9c6-0000f80367c1}
	{e0fa1e8b-9b45-11d0-afdd-00c04fd930c9}
",,PIRATE,0x395c6,DC01$,S-1-5-18,,,,,,,,,,
2025-06-11T16:52:14.144714Z,4662,DC01.pirate.htb,Microsoft-Windows-Security-Auditing,Security,16028,0,"%%1538
				",0x20000,-,,,,,,,,,,,,,,,0x0,,,,,,,,,,,,,%{afff0694-70ff-4985-9456-bb96e5b03812},DS,%{e0fa1e8b-9b45-11d0-afdd-00c04fd930c9},,Object Access,,,,,"%%1538
	{e0fa1e8b-9b45-11d0-afdd-00c04fd930c9}
",,PIRATE,0x395c6,DC01$,S-1-5-18,,,,,,,,,,
2025-06-11T16:52:14.144741Z,4662,DC01.pirate.htb,Microsoft-Windows-Security-Auditing,Security,16029,0,"%%7684
				",0x10,-,,,,,,,,,,,,,,,0x0,,,,,,,,,,,,,%{afff0694-70ff-4985-9456-bb96e5b03812},DS,%{e0fa1e8b-9b45-11d0-afdd-00c04fd930c9},,Object Access,,,,,"%%7684
	{e0fa1e8b-9b45-11d0-afdd-00c04fd930c9}
		{e48d0154-bcf8-11d1-8702-00c04fb96050}
			{bf9679e5-0de6-11d0-a285-00aa003049e2}
			{bf9679e7-0de6-11d0-a285-00aa003049e2}
		{771727b1-31b8-4cdf-ae62-4fe39fadf89e}
			{bf967a77-0de6-11d0-a285-00aa003049e2}
			{bf967a70-0de6-11d0-a285-00aa003049e2}
			{bf967a6f-0de6-11d0-a285-00aa003049e2}
			{bf967a78-0de6-11d0-a285-00aa003049e2}
			{e0fa1e69-9b45-11d0-afdd-00c04fd930c9}
			{675a15fe-3b70-11d2-90cc-00c04fd91ab1}
			{aa12854c-d8fc-4d5e-91ca-368b8d829bee}
			{c79f2199-6da1-46ff-923c-1f3f800c721e}
			{7bea2088-8ce2-423c-b191-66ec506b1595}
			{0dc063c1-52d9-4456-9e15-9c2434aafd94}
			{5c5b7ad2-20fa-44bb-beb3-34b9c0f65579}
			{27d93c40-065a-43c0-bdd8-cdf2c7d120aa}
			{ff9e5552-7db7-4138-8888-05ce320a0323}
			{13361665-916c-4de7-a59d-b1ebbd0de129}
			{80b70aab-8959-4ec0-8e93-126e76df3aca}
			{8f4e317f-28d7-442c-a6df-1f491f97b326}
			{29869b7c-64c4-42fe-97d5-fbc2fa124160}
			{03d4c32e-e217-4a61-9699-7bbc4729a026}
			{f6b0f0be-a8e4-4468-8fd9-c3c47b8722f9}
			{3443d8cd-e5b6-4f3b-b098-659a0214a079}
			{b7673e6d-cad9-4e9e-b31a-63e8098fdd63}
			{28c458f5-602d-4ac9-a77c-b3f1be503a7e}
			{285c6964-c11a-499e-96d8-bf7c75a223c6}
			{ba340d47-2181-4ca0-a2f6-fae4479dab2a}
			{aff16770-9622-4fbc-a128-3088777605b9}
			{387d9432-a6d1-4474-82cd-0a89aae084ae}
			{19195a55-6da0-11d0-afd3-00c04fd930c9}
",,PIRATE,0x395c6,DC01$,S-1-5-18,,,,,,,,,,
2025-06-11T16:52:14.145009Z,4662,DC01.pirate.htb,Microsoft-Windows-Security-Auditing,Security,16030,0,"%%7684
				",0x10,-,,,,,,,,,,,,,,,0x0,,,,,,,,,,,,,%{aff6283f-b417-4237-bc64-56914d112ba3},DS,%{e0fa1e8c-9b45-11d0-afdd-00c04fd930c9},,Object Access,,,,,"%%7684
		{e48d0154-bcf8-11d1-8702-00c04fb96050}
			{26d97369-6070-11d1-a9c6-0000f80367c1}
		{771727b1-31b8-4cdf-ae62-4fe39fadf89e}
			{bf967a6f-0de6-11d0-a285-00aa003049e2}
	{e0fa1e8c-9b45-11d0-afdd-00c04fd930c9}
",,PIRATE,0x395c6,DC01$,S-1-5-18,,,,,,,,,,
2025-06-11T16:52:14.145012Z,4662,DC01.pirate.htb,Microsoft-Windows-Security-Auditing,Security,16031,0,"%%7682
				",0x4,-,,,,,,,,,,,,,,,0x0,,,,,,,,,,,,,%{afff0694-70ff-4985-9456-bb96e5b03812},DS,%{e0fa1e8b-9b45-11d0-afdd-00c04fd930c9},,Object Access,,,,,"%%7682
	{e0fa1e8b-9b45-11d0-afdd-00c04fd930c9}
",,PIRATE,0x395c6,DC01$,S-1-5-18,,,,,,,,,,
2025-06-11T16:52:14.145014Z,4662,DC01.pirate.htb,Microsoft-Windows-Security-Auditing,Security,16032,0,"%%1538
				%%1542
				",0x1020000,-,,,,,,,,,,,,,,,0x0,,,,,,,,,,,,,%{aff6283f-b417-4237-bc64-56914d112ba3},DS,%{e0fa1e8c-9b45-11d0-afdd-00c04fd930c9},,Object Access,,,,,"%%1538
%%1542
	{e0fa1e8c-9b45-11d0-afdd-00c04fd930c9}
",,PIRATE,0x395c6,DC01$,S-1-5-18,,,,,,,,,,
2025-06-11T16:52:14.145040Z,4662,DC01.pirate.htb,Microsoft-Windows-Security-Auditing,Security,16033,0,"%%7684
				",0x10,-,,,,,,,,,,,,,,,0x0,,,,,,,,,,,,,%{aff6283f-b417-4237-bc64-56914d112ba3},DS,%{e0fa1e8c-9b45-11d0-afdd-00c04fd930c9},,Object Access,,,,,"%%7684
	{e0fa1e8c-9b45-11d0-afdd-00c04fd930c9}
		{e48d0154-bcf8-11d1-8702-00c04fb96050}
			{bf9679e5-0de6-11d0-a285-00aa003049e2}
			{bf9679e7-0de6-11d0-a285-00aa003049e2}
		{771727b1-31b8-4cdf-ae62-4fe39fadf89e}
			{bf967a77-0de6-11d0-a285-00aa003049e2}
			{bf967a70-0de6-11d0-a285-00aa003049e2}
			{bf967a6f-0de6-11d0-a285-00aa003049e2}
			{bf967a78-0de6-11d0-a285-00aa003049e2}
			{e0fa1e69-9b45-11d0-afdd-00c04fd930c9}
			{675a15fe-3b70-11d2-90cc-00c04fd91ab1}
			{aa12854c-d8fc-4d5e-91ca-368b8d829bee}
			{c79f2199-6da1-46ff-923c-1f3f800c721e}
			{7bea2088-8ce2-423c-b191-66ec506b1595}
			{0dc063c1-52d9-4456-9e15-9c2434aafd94}
			{5c5b7ad2-20fa-44bb-beb3-34b9c0f65579}
			{27d93c40-065a-43c0-bdd8-cdf2c7d120aa}
			{ff9e5552-7db7-4138-8888-05ce320a0323}
			{13361665-916c-4de7-a59d-b1ebbd0de129}
			{80b70aab-8959-4ec0-8e93-126e76df3aca}
			{8f4e317f-28d7-442c-a6df-1f491f97b326}
			{29869b7c-64c4-42fe-97d5-fbc2fa124160}
			{03d4c32e-e217-4a61-9699-7bbc4729a026}
			{f6b0f0be-a8e4-4468-8fd9-c3c47b8722f9}
			{3443d8cd-e5b6-4f3b-b098-659a0214a079}
			{b7673e6d-cad9-4e9e-b31a-63e8098fdd63}
			{28c458f5-602d-4ac9-a77c-b3f1be503a7e}
			{285c6964-c11a-499e-96d8-bf7c75a223c6}
			{ba340d47-2181-4ca0-a2f6-fae4479dab2a}
			{aff16770-9622-4fbc-a128-3088777605b9}
			{387d9432-a6d1-4474-82cd-0a89aae084ae}
			{19195a55-6da0-11d0-afd3-00c04fd930c9}
",,PIRATE,0x395c6,DC01$,S-1-5-18,,,,,,,,,,
2025-06-11T16:55:14.162775Z,4662,DC01.pirate.htb,Microsoft-Windows-Security-Auditing,Security,16034,0,"%%7684
				",0x10,-,,,,,,,,,,,,,,,0x0,,,,,,,,,,,,,%{afff0694-70ff-4985-9456-bb96e5b03812},DS,%{e0fa1e8b-9b45-11d0-afdd-00c04fd930c9},,Object Access,,,,,"%%7684
		{e48d0154-bcf8-11d1-8702-00c04fb96050}
			{26d97369-6070-11d1-a9c6-0000f80367c1}
	{e0fa1e8b-9b45-11d0-afdd-00c04fd930c9}
",,PIRATE,0x395c6,DC01$,S-1-5-18,,,,,,,,,,
2025-06-11T16:55:14.162779Z,4662,DC01.pirate.htb,Microsoft-Windows-Security-Auditing,Security,16035,0,"%%1538
				",0x20000,-,,,,,,,,,,,,,,,0x0,,,,,,,,,,,,,%{afff0694-70ff-4985-9456-bb96e5b03812},DS,%{e0fa1e8b-9b45-11d0-afdd-00c04fd930c9},,Object Access,,,,,"%%1538
	{e0fa1e8b-9b45-11d0-afdd-00c04fd930c9}
",,PIRATE,0x395c6,DC01$,S-1-5-18,,,,,,,,,,
2025-06-11T16:55:14.162807Z,4662,DC01.pirate.htb,Microsoft-Windows-Security-Auditing,Security,16036,0,"%%7684
				",0x10,-,,,,,,,,,,,,,,,0x0,,,,,,,,,,,,,%{afff0694-70ff-4985-9456-bb96e5b03812},DS,%{e0fa1e8b-9b45-11d0-afdd-00c04fd930c9},,Object Access,,,,,"%%7684
	{e0fa1e8b-9b45-11d0-afdd-00c04fd930c9}
		{e48d0154-bcf8-11d1-8702-00c04fb96050}
			{bf9679e5-0de6-11d0-a285-00aa003049e2}
			{bf9679e7-0de6-11d0-a285-00aa003049e2}
		{771727b1-31b8-4cdf-ae62-4fe39fadf89e}
			{bf967a77-0de6-11d0-a285-00aa003049e2}
			{bf967a70-0de6-11d0-a285-00aa003049e2}
			{bf967a6f-0de6-11d0-a285-00aa003049e2}
			{bf967a78-0de6-11d0-a285-00aa003049e2}
			{e0fa1e69-9b45-11d0-afdd-00c04fd930c9}
			{675a15fe-3b70-11d2-90cc-00c04fd91ab1}
			{aa12854c-d8fc-4d5e-91ca-368b8d829bee}
			{c79f2199-6da1-46ff-923c-1f3f800c721e}
			{7bea2088-8ce2-423c-b191-66ec506b1595}
			{0dc063c1-52d9-4456-9e15-9c2434aafd94}
			{5c5b7ad2-20fa-44bb-beb3-34b9c0f65579}
			{27d93c40-065a-43c0-bdd8-cdf2c7d120aa}
			{ff9e5552-7db7-4138-8888-05ce320a0323}
			{13361665-916c-4de7-a59d-b1ebbd0de129}
			{80b70aab-8959-4ec0-8e93-126e76df3aca}
			{8f4e317f-28d7-442c-a6df-1f491f97b326}
			{29869b7c-64c4-42fe-97d5-fbc2fa124160}
			{03d4c32e-e217-4a61-9699-7bbc4729a026}
			{f6b0f0be-a8e4-4468-8fd9-c3c47b8722f9}
			{3443d8cd-e5b6-4f3b-b098-659a0214a079}
			{b7673e6d-cad9-4e9e-b31a-63e8098fdd63}
			{28c458f5-602d-4ac9-a77c-b3f1be503a7e}
			{285c6964-c11a-499e-96d8-bf7c75a223c6}
			{ba340d47-2181-4ca0-a2f6-fae4479dab2a}
			{aff16770-9622-4fbc-a128-3088777605b9}
			{387d9432-a6d1-4474-82cd-0a89aae084ae}
			{19195a55-6da0-11d0-afd3-00c04fd930c9}
",,PIRATE,0x395c6,DC01$,S-1-5-18,,,,,,,,,,
2025-06-11T16:55:14.164277Z,4662,DC01.pirate.htb,Microsoft-Windows-Security-Auditing,Security,16037,0,"%%7684
				",0x10,-,,,,,,,,,,,,,,,0x0,,,,,,,,,,,,,%{afff0694-70ff-4985-9456-bb96e5b03812},DS,%{e0fa1e8b-9b45-11d0-afdd-00c04fd930c9},,Object Access,,,,,"%%7684
		{e48d0154-bcf8-11d1-8702-00c04fb96050}
			{26d97369-6070-11d1-a9c6-0000f80367c1}
	{e0fa1e8b-9b45-11d0-afdd-00c04fd930c9}
",,PIRATE,0x395c6,DC01$,S-1-5-18,,,,,,,,,,
2025-06-11T16:55:14.164280Z,4662,DC01.pirate.htb,Microsoft-Windows-Security-Auditing,Security,16038,0,"%%1538
				",0x20000,-,,,,,,,,,,,,,,,0x0,,,,,,,,,,,,,%{afff0694-70ff-4985-9456-bb96e5b03812},DS,%{e0fa1e8b-9b45-11d0-afdd-00c04fd930c9},,Object Access,,,,,"%%1538
	{e0fa1e8b-9b45-11d0-afdd-00c04fd930c9}
",,PIRATE,0x395c6,DC01$,S-1-5-18,,,,,,,,,,
2025-06-11T16:55:14.164306Z,4662,DC01.pirate.htb,Microsoft-Windows-Security-Auditing,Security,16039,0,"%%7684
				",0x10,-,,,,,,,,,,,,,,,0x0,,,,,,,,,,,,,%{afff0694-70ff-4985-9456-bb96e5b03812},DS,%{e0fa1e8b-9b45-11d0-afdd-00c04fd930c9},,Object Access,,,,,"%%7684
	{e0fa1e8b-9b45-11d0-afdd-00c04fd930c9}
		{e48d0154-bcf8-11d1-8702-00c04fb96050}
			{bf9679e5-0de6-11d0-a285-00aa003049e2}
			{bf9679e7-0de6-11d0-a285-00aa003049e2}
		{771727b1-31b8-4cdf-ae62-4fe39fadf89e}
			{bf967a77-0de6-11d0-a285-00aa003049e2}
			{bf967a70-0de6-11d0-a285-00aa003049e2}
			{bf967a6f-0de6-11d0-a285-00aa003049e2}
			{bf967a78-0de6-11d0-a285-00aa003049e2}
			{e0fa1e69-9b45-11d0-afdd-00c04fd930c9}
			{675a15fe-3b70-11d2-90cc-00c04fd91ab1}
			{aa12854c-d8fc-4d5e-91ca-368b8d829bee}
			{c79f2199-6da1-46ff-923c-1f3f800c721e}
			{7bea2088-8ce2-423c-b191-66ec506b1595}
			{0dc063c1-52d9-4456-9e15-9c2434aafd94}
			{5c5b7ad2-20fa-44bb-beb3-34b9c0f65579}
			{27d93c40-065a-43c0-bdd8-cdf2c7d120aa}
			{ff9e5552-7db7-4138-8888-05ce320a0323}
			{13361665-916c-4de7-a59d-b1ebbd0de129}
			{80b70aab-8959-4ec0-8e93-126e76df3aca}
			{8f4e317f-28d7-442c-a6df-1f491f97b326}
			{29869b7c-64c4-42fe-97d5-fbc2fa124160}
			{03d4c32e-e217-4a61-9699-7bbc4729a026}
			{f6b0f0be-a8e4-4468-8fd9-c3c47b8722f9}
			{3443d8cd-e5b6-4f3b-b098-659a0214a079}
			{b7673e6d-cad9-4e9e-b31a-63e8098fdd63}
			{28c458f5-602d-4ac9-a77c-b3f1be503a7e}
			{285c6964-c11a-499e-96d8-bf7c75a223c6}
			{ba340d47-2181-4ca0-a2f6-fae4479dab2a}
			{aff16770-9622-4fbc-a128-3088777605b9}
			{387d9432-a6d1-4474-82cd-0a89aae084ae}
			{19195a55-6da0-11d0-afd3-00c04fd930c9}
",,PIRATE,0x395c6,DC01$,S-1-5-18,,,,,,,,,,
2025-06-11T16:58:14.177410Z,4662,DC01.pirate.htb,Microsoft-Windows-Security-Auditing,Security,16040,0,"%%7684
				",0x10,-,,,,,,,,,,,,,,,0x0,,,,,,,,,,,,,%{afff0694-70ff-4985-9456-bb96e5b03812},DS,%{e0fa1e8b-9b45-11d0-afdd-00c04fd930c9},,Object Access,,,,,"%%7684
		{e48d0154-bcf8-11d1-8702-00c04fb96050}
			{26d97369-6070-11d1-a9c6-0000f80367c1}
	{e0fa1e8b-9b45-11d0-afdd-00c04fd930c9}
",,PIRATE,0x395c6,DC01$,S-1-5-18,,,,,,,,,,
2025-06-11T16:58:14.177413Z,4662,DC01.pirate.htb,Microsoft-Windows-Security-Auditing,Security,16041,0,"%%1538
				",0x20000,-,,,,,,,,,,,,,,,0x0,,,,,,,,,,,,,%{afff0694-70ff-4985-9456-bb96e5b03812},DS,%{e0fa1e8b-9b45-11d0-afdd-00c04fd930c9},,Object Access,,,,,"%%1538
	{e0fa1e8b-9b45-11d0-afdd-00c04fd930c9}
",,PIRATE,0x395c6,DC01$,S-1-5-18,,,,,,,,,,
2025-06-11T16:58:14.177441Z,4662,DC01.pirate.htb,Microsoft-Windows-Security-Auditing,Security,16042,0,"%%7684
				",0x10,-,,,,,,,,,,,,,,,0x0,,,,,,,,,,,,,%{afff0694-70ff-4985-9456-bb96e5b03812},DS,%{e0fa1e8b-9b45-11d0-afdd-00c04fd930c9},,Object Access,,,,,"%%7684
	{e0fa1e8b-9b45-11d0-afdd-00c04fd930c9}
		{e48d0154-bcf8-11d1-8702-00c04fb96050}
			{bf9679e5-0de6-11d0-a285-00aa003049e2}
			{bf9679e7-0de6-11d0-a285-00aa003049e2}
		{771727b1-31b8-4cdf-ae62-4fe39fadf89e}
			{bf967a77-0de6-11d0-a285-00aa003049e2}
			{bf967a70-0de6-11d0-a285-00aa003049e2}
			{bf967a6f-0de6-11d0-a285-00aa003049e2}
			{bf967a78-0de6-11d0-a285-00aa003049e2}
			{e0fa1e69-9b45-11d0-afdd-00c04fd930c9}
			{675a15fe-3b70-11d2-90cc-00c04fd91ab1}
			{aa12854c-d8fc-4d5e-91ca-368b8d829bee}
			{c79f2199-6da1-46ff-923c-1f3f800c721e}
			{7bea2088-8ce2-423c-b191-66ec506b1595}
			{0dc063c1-52d9-4456-9e15-9c2434aafd94}
			{5c5b7ad2-20fa-44bb-beb3-34b9c0f65579}
			{27d93c40-065a-43c0-bdd8-cdf2c7d120aa}
			{ff9e5552-7db7-4138-8888-05ce320a0323}
			{13361665-916c-4de7-a59d-b1ebbd0de129}
			{80b70aab-8959-4ec0-8e93-126e76df3aca}
			{8f4e317f-28d7-442c-a6df-1f491f97b326}
			{29869b7c-64c4-42fe-97d5-fbc2fa124160}
			{03d4c32e-e217-4a61-9699-7bbc4729a026}
			{f6b0f0be-a8e4-4468-8fd9-c3c47b8722f9}
			{3443d8cd-e5b6-4f3b-b098-659a0214a079}
			{b7673e6d-cad9-4e9e-b31a-63e8098fdd63}
			{28c458f5-602d-4ac9-a77c-b3f1be503a7e}
			{285c6964-c11a-499e-96d8-bf7c75a223c6}
			{ba340d47-2181-4ca0-a2f6-fae4479dab2a}
			{aff16770-9622-4fbc-a128-3088777605b9}
			{387d9432-a6d1-4474-82cd-0a89aae084ae}
			{19195a55-6da0-11d0-afd3-00c04fd930c9}
",,PIRATE,0x395c6,DC01$,S-1-5-18,,,,,,,,,,
2025-06-11T16:58:14.178824Z,4662,DC01.pirate.htb,Microsoft-Windows-Security-Auditing,Security,16043,0,"%%7684
				",0x10,-,,,,,,,,,,,,,,,0x0,,,,,,,,,,,,,%{afff0694-70ff-4985-9456-bb96e5b03812},DS,%{e0fa1e8b-9b45-11d0-afdd-00c04fd930c9},,Object Access,,,,,"%%7684
		{e48d0154-bcf8-11d1-8702-00c04fb96050}
			{26d97369-6070-11d1-a9c6-0000f80367c1}
	{e0fa1e8b-9b45-11d0-afdd-00c04fd930c9}
",,PIRATE,0x395c6,DC01$,S-1-5-18,,,,,,,,,,
2025-06-11T16:58:14.178827Z,4662,DC01.pirate.htb,Microsoft-Windows-Security-Auditing,Security,16044,0,"%%1538
				",0x20000,-,,,,,,,,,,,,,,,0x0,,,,,,,,,,,,,%{afff0694-70ff-4985-9456-bb96e5b03812},DS,%{e0fa1e8b-9b45-11d0-afdd-00c04fd930c9},,Object Access,,,,,"%%1538
	{e0fa1e8b-9b45-11d0-afdd-00c04fd930c9}
",,PIRATE,0x395c6,DC01$,S-1-5-18,,,,,,,,,,
2025-06-11T16:58:14.178865Z,4662,DC01.pirate.htb,Microsoft-Windows-Security-Auditing,Security,16045,0,"%%7684
				",0x10,-,,,,,,,,,,,,,,,0x0,,,,,,,,,,,,,%{afff0694-70ff-4985-9456-bb96e5b03812},DS,%{e0fa1e8b-9b45-11d0-afdd-00c04fd930c9},,Object Access,,,,,"%%7684
	{e0fa1e8b-9b45-11d0-afdd-00c04fd930c9}
		{e48d0154-bcf8-11d1-8702-00c04fb96050}
			{bf9679e5-0de6-11d0-a285-00aa003049e2}
			{bf9679e7-0de6-11d0-a285-00aa003049e2}
		{771727b1-31b8-4cdf-ae62-4fe39fadf89e}
			{bf967a77-0de6-11d0-a285-00aa003049e2}
			{bf967a70-0de6-11d0-a285-00aa003049e2}
			{bf967a6f-0de6-11d0-a285-00aa003049e2}
			{bf967a78-0de6-11d0-a285-00aa003049e2}
			{e0fa1e69-9b45-11d0-afdd-00c04fd930c9}
			{675a15fe-3b70-11d2-90cc-00c04fd91ab1}
			{aa12854c-d8fc-4d5e-91ca-368b8d829bee}
			{c79f2199-6da1-46ff-923c-1f3f800c721e}
			{7bea2088-8ce2-423c-b191-66ec506b1595}
			{0dc063c1-52d9-4456-9e15-9c2434aafd94}
			{5c5b7ad2-20fa-44bb-beb3-34b9c0f65579}
			{27d93c40-065a-43c0-bdd8-cdf2c7d120aa}
			{ff9e5552-7db7-4138-8888-05ce320a0323}
			{13361665-916c-4de7-a59d-b1ebbd0de129}
			{80b70aab-8959-4ec0-8e93-126e76df3aca}
			{8f4e317f-28d7-442c-a6df-1f491f97b326}
			{29869b7c-64c4-42fe-97d5-fbc2fa124160}
			{03d4c32e-e217-4a61-9699-7bbc4729a026}
			{f6b0f0be-a8e4-4468-8fd9-c3c47b8722f9}
			{3443d8cd-e5b6-4f3b-b098-659a0214a079}
			{b7673e6d-cad9-4e9e-b31a-63e8098fdd63}
			{28c458f5-602d-4ac9-a77c-b3f1be503a7e}
			{285c6964-c11a-499e-96d8-bf7c75a223c6}
			{ba340d47-2181-4ca0-a2f6-fae4479dab2a}
			{aff16770-9622-4fbc-a128-3088777605b9}
			{387d9432-a6d1-4474-82cd-0a89aae084ae}
			{19195a55-6da0-11d0-afd3-00c04fd930c9}
",,PIRATE,0x395c6,DC01$,S-1-5-18,,,,,,,,,,
2025-06-11T17:01:14.201799Z,4662,DC01.pirate.htb,Microsoft-Windows-Security-Auditing,Security,16046,0,"%%7684
				",0x10,-,,,,,,,,,,,,,,,0x0,,,,,,,,,,,,,%{afff0694-70ff-4985-9456-bb96e5b03812},DS,%{e0fa1e8b-9b45-11d0-afdd-00c04fd930c9},,Object Access,,,,,"%%7684
		{e48d0154-bcf8-11d1-8702-00c04fb96050}
			{26d97369-6070-11d1-a9c6-0000f80367c1}
	{e0fa1e8b-9b45-11d0-afdd-00c04fd930c9}
",,PIRATE,0x395c6,DC01$,S-1-5-18,,,,,,,,,,
2025-06-11T17:01:14.201803Z,4662,DC01.pirate.htb,Microsoft-Windows-Security-Auditing,Security,16047,0,"%%1538
				",0x20000,-,,,,,,,,,,,,,,,0x0,,,,,,,,,,,,,%{afff0694-70ff-4985-9456-bb96e5b03812},DS,%{e0fa1e8b-9b45-11d0-afdd-00c04fd930c9},,Object Access,,,,,"%%1538
	{e0fa1e8b-9b45-11d0-afdd-00c04fd930c9}
",,PIRATE,0x395c6,DC01$,S-1-5-18,,,,,,,,,,
2025-06-11T17:01:14.201831Z,4662,DC01.pirate.htb,Microsoft-Windows-Security-Auditing,Security,16048,0,"%%7684
				",0x10,-,,,,,,,,,,,,,,,0x0,,,,,,,,,,,,,%{afff0694-70ff-4985-9456-bb96e5b03812},DS,%{e0fa1e8b-9b45-11d0-afdd-00c04fd930c9},,Object Access,,,,,"%%7684
	{e0fa1e8b-9b45-11d0-afdd-00c04fd930c9}
		{e48d0154-bcf8-11d1-8702-00c04fb96050}
			{bf9679e5-0de6-11d0-a285-00aa003049e2}
			{bf9679e7-0de6-11d0-a285-00aa003049e2}
		{771727b1-31b8-4cdf-ae62-4fe39fadf89e}
			{bf967a77-0de6-11d0-a285-00aa003049e2}
			{bf967a70-0de6-11d0-a285-00aa003049e2}
			{bf967a6f-0de6-11d0-a285-00aa003049e2}
			{bf967a78-0de6-11d0-a285-00aa003049e2}
			{e0fa1e69-9b45-11d0-afdd-00c04fd930c9}
			{675a15fe-3b70-11d2-90cc-00c04fd91ab1}
			{aa12854c-d8fc-4d5e-91ca-368b8d829bee}
			{c79f2199-6da1-46ff-923c-1f3f800c721e}
			{7bea2088-8ce2-423c-b191-66ec506b1595}
			{0dc063c1-52d9-4456-9e15-9c2434aafd94}
			{5c5b7ad2-20fa-44bb-beb3-34b9c0f65579}
			{27d93c40-065a-43c0-bdd8-cdf2c7d120aa}
			{ff9e5552-7db7-4138-8888-05ce320a0323}
			{13361665-916c-4de7-a59d-b1ebbd0de129}
			{80b70aab-8959-4ec0-8e93-126e76df3aca}
			{8f4e317f-28d7-442c-a6df-1f491f97b326}
			{29869b7c-64c4-42fe-97d5-fbc2fa124160}
			{03d4c32e-e217-4a61-9699-7bbc4729a026}
			{f6b0f0be-a8e4-4468-8fd9-c3c47b8722f9}
			{3443d8cd-e5b6-4f3b-b098-659a0214a079}
			{b7673e6d-cad9-4e9e-b31a-63e8098fdd63}
			{28c458f5-602d-4ac9-a77c-b3f1be503a7e}
			{285c6964-c11a-499e-96d8-bf7c75a223c6}
			{ba340d47-2181-4ca0-a2f6-fae4479dab2a}
			{aff16770-9622-4fbc-a128-3088777605b9}
			{387d9432-a6d1-4474-82cd-0a89aae084ae}
			{19195a55-6da0-11d0-afd3-00c04fd930c9}
",,PIRATE,0x395c6,DC01$,S-1-5-18,,,,,,,,,,
2025-06-11T17:01:14.203238Z,4662,DC01.pirate.htb,Microsoft-Windows-Security-Auditing,Security,16049,0,"%%7684
				",0x10,-,,,,,,,,,,,,,,,0x0,,,,,,,,,,,,,%{afff0694-70ff-4985-9456-bb96e5b03812},DS,%{e0fa1e8b-9b45-11d0-afdd-00c04fd930c9},,Object Access,,,,,"%%7684
		{e48d0154-bcf8-11d1-8702-00c04fb96050}
			{26d97369-6070-11d1-a9c6-0000f80367c1}
	{e0fa1e8b-9b45-11d0-afdd-00c04fd930c9}
",,PIRATE,0x395c6,DC01$,S-1-5-18,,,,,,,,,,
2025-06-11T17:01:14.203241Z,4662,DC01.pirate.htb,Microsoft-Windows-Security-Auditing,Security,16050,0,"%%1538
				",0x20000,-,,,,,,,,,,,,,,,0x0,,,,,,,,,,,,,%{afff0694-70ff-4985-9456-bb96e5b03812},DS,%{e0fa1e8b-9b45-11d0-afdd-00c04fd930c9},,Object Access,,,,,"%%1538
	{e0fa1e8b-9b45-11d0-afdd-00c04fd930c9}
",,PIRATE,0x395c6,DC01$,S-1-5-18,,,,,,,,,,
2025-06-11T17:01:14.203268Z,4662,DC01.pirate.htb,Microsoft-Windows-Security-Auditing,Security,16051,0,"%%7684
				",0x10,-,,,,,,,,,,,,,,,0x0,,,,,,,,,,,,,%{afff0694-70ff-4985-9456-bb96e5b03812},DS,%{e0fa1e8b-9b45-11d0-afdd-00c04fd930c9},,Object Access,,,,,"%%7684
	{e0fa1e8b-9b45-11d0-afdd-00c04fd930c9}
		{e48d0154-bcf8-11d1-8702-00c04fb96050}
			{bf9679e5-0de6-11d0-a285-00aa003049e2}
			{bf9679e7-0de6-11d0-a285-00aa003049e2}
		{771727b1-31b8-4cdf-ae62-4fe39fadf89e}
			{bf967a77-0de6-11d0-a285-00aa003049e2}
			{bf967a70-0de6-11d0-a285-00aa003049e2}
			{bf967a6f-0de6-11d0-a285-00aa003049e2}
			{bf967a78-0de6-11d0-a285-00aa003049e2}
			{e0fa1e69-9b45-11d0-afdd-00c04fd930c9}
			{675a15fe-3b70-11d2-90cc-00c04fd91ab1}
			{aa12854c-d8fc-4d5e-91ca-368b8d829bee}
			{c79f2199-6da1-46ff-923c-1f3f800c721e}
			{7bea2088-8ce2-423c-b191-66ec506b1595}
			{0dc063c1-52d9-4456-9e15-9c2434aafd94}
			{5c5b7ad2-20fa-44bb-beb3-34b9c0f65579}
			{27d93c40-065a-43c0-bdd8-cdf2c7d120aa}
			{ff9e5552-7db7-4138-8888-05ce320a0323}
			{13361665-916c-4de7-a59d-b1ebbd0de129}
			{80b70aab-8959-4ec0-8e93-126e76df3aca}
			{8f4e317f-28d7-442c-a6df-1f491f97b326}
			{29869b7c-64c4-42fe-97d5-fbc2fa124160}
			{03d4c32e-e217-4a61-9699-7bbc4729a026}
			{f6b0f0be-a8e4-4468-8fd9-c3c47b8722f9}
			{3443d8cd-e5b6-4f3b-b098-659a0214a079}
			{b7673e6d-cad9-4e9e-b31a-63e8098fdd63}
			{28c458f5-602d-4ac9-a77c-b3f1be503a7e}
			{285c6964-c11a-499e-96d8-bf7c75a223c6}
			{ba340d47-2181-4ca0-a2f6-fae4479dab2a}
			{aff16770-9622-4fbc-a128-3088777605b9}
			{387d9432-a6d1-4474-82cd-0a89aae084ae}
			{19195a55-6da0-11d0-afd3-00c04fd930c9}
",,PIRATE,0x395c6,DC01$,S-1-5-18,,,,,,,,,,
2025-06-11T17:03:43.693418Z,4662,DC01.pirate.htb,Microsoft-Windows-Security-Auditing,Security,16052,0,"%%7688
				",0x100,-,,,,,,,,,,,,,,,0x0,,,,,,,,,,,,,%{ac6b13ed-ba56-4e14-a1e9-5c6f0c229f7c},DS,%{19195a5b-6da0-11d0-afd3-00c04fd930c9},,Object Access,,,,,"%%7688
		{1131f6aa-9c07-11d1-f79f-00c04fc2dcd2}
	{19195a5b-6da0-11d0-afd3-00c04fd930c9}
",,PIRATE,0xd6230,DC01$,S-1-5-18,,,,,,,,,,
2025-06-11T17:04:14.207164Z,4662,DC01.pirate.htb,Microsoft-Windows-Security-Auditing,Security,16053,0,"%%7684
				",0x10,-,,,,,,,,,,,,,,,0x0,,,,,,,,,,,,,%{afff0694-70ff-4985-9456-bb96e5b03812},DS,%{e0fa1e8b-9b45-11d0-afdd-00c04fd930c9},,Object Access,,,,,"%%7684
		{e48d0154-bcf8-11d1-8702-00c04fb96050}
			{26d97369-6070-11d1-a9c6-0000f80367c1}
	{e0fa1e8b-9b45-11d0-afdd-00c04fd930c9}
",,PIRATE,0x395c6,DC01$,S-1-5-18,,,,,,,,,,
2025-06-11T17:04:14.207168Z,4662,DC01.pirate.htb,Microsoft-Windows-Security-Auditing,Security,16054,0,"%%1538
				",0x20000,-,,,,,,,,,,,,,,,0x0,,,,,,,,,,,,,%{afff0694-70ff-4985-9456-bb96e5b03812},DS,%{e0fa1e8b-9b45-11d0-afdd-00c04fd930c9},,Object Access,,,,,"%%1538
	{e0fa1e8b-9b45-11d0-afdd-00c04fd930c9}
",,PIRATE,0x395c6,DC01$,S-1-5-18,,,,,,,,,,
2025-06-11T17:04:14.207197Z,4662,DC01.pirate.htb,Microsoft-Windows-Security-Auditing,Security,16055,0,"%%7684
				",0x10,-,,,,,,,,,,,,,,,0x0,,,,,,,,,,,,,%{afff0694-70ff-4985-9456-bb96e5b03812},DS,%{e0fa1e8b-9b45-11d0-afdd-00c04fd930c9},,Object Access,,,,,"%%7684
	{e0fa1e8b-9b45-11d0-afdd-00c04fd930c9}
		{e48d0154-bcf8-11d1-8702-00c04fb96050}
			{bf9679e5-0de6-11d0-a285-00aa003049e2}
			{bf9679e7-0de6-11d0-a285-00aa003049e2}
		{771727b1-31b8-4cdf-ae62-4fe39fadf89e}
			{bf967a77-0de6-11d0-a285-00aa003049e2}
			{bf967a70-0de6-11d0-a285-00aa003049e2}
			{bf967a6f-0de6-11d0-a285-00aa003049e2}
			{bf967a78-0de6-11d0-a285-00aa003049e2}
			{e0fa1e69-9b45-11d0-afdd-00c04fd930c9}
			{675a15fe-3b70-11d2-90cc-00c04fd91ab1}
			{aa12854c-d8fc-4d5e-91ca-368b8d829bee}
			{c79f2199-6da1-46ff-923c-1f3f800c721e}
			{7bea2088-8ce2-423c-b191-66ec506b1595}
			{0dc063c1-52d9-4456-9e15-9c2434aafd94}
			{5c5b7ad2-20fa-44bb-beb3-34b9c0f65579}
			{27d93c40-065a-43c0-bdd8-cdf2c7d120aa}
			{ff9e5552-7db7-4138-8888-05ce320a0323}
			{13361665-916c-4de7-a59d-b1ebbd0de129}
			{80b70aab-8959-4ec0-8e93-126e76df3aca}
			{8f4e317f-28d7-442c-a6df-1f491f97b326}
			{29869b7c-64c4-42fe-97d5-fbc2fa124160}
			{03d4c32e-e217-4a61-9699-7bbc4729a026}
			{f6b0f0be-a8e4-4468-8fd9-c3c47b8722f9}
			{3443d8cd-e5b6-4f3b-b098-659a0214a079}
			{b7673e6d-cad9-4e9e-b31a-63e8098fdd63}
			{28c458f5-602d-4ac9-a77c-b3f1be503a7e}
			{285c6964-c11a-499e-96d8-bf7c75a223c6}
			{ba340d47-2181-4ca0-a2f6-fae4479dab2a}
			{aff16770-9622-4fbc-a128-3088777605b9}
			{387d9432-a6d1-4474-82cd-0a89aae084ae}
			{19195a55-6da0-11d0-afd3-00c04fd930c9}
",,PIRATE,0x395c6,DC01$,S-1-5-18,,,,,,,,,,
2025-06-11T17:04:14.208579Z,4662,DC01.pirate.htb,Microsoft-Windows-Security-Auditing,Security,16056,0,"%%7684
				",0x10,-,,,,,,,,,,,,,,,0x0,,,,,,,,,,,,,%{afff0694-70ff-4985-9456-bb96e5b03812},DS,%{e0fa1e8b-9b45-11d0-afdd-00c04fd930c9},,Object Access,,,,,"%%7684
		{e48d0154-bcf8-11d1-8702-00c04fb96050}
			{26d97369-6070-11d1-a9c6-0000f80367c1}
	{e0fa1e8b-9b45-11d0-afdd-00c04fd930c9}
",,PIRATE,0x395c6,DC01$,S-1-5-18,,,,,,,,,,
2025-06-11T17:04:14.208582Z,4662,DC01.pirate.htb,Microsoft-Windows-Security-Auditing,Security,16057,0,"%%1538
				",0x20000,-,,,,,,,,,,,,,,,0x0,,,,,,,,,,,,,%{afff0694-70ff-4985-9456-bb96e5b03812},DS,%{e0fa1e8b-9b45-11d0-afdd-00c04fd930c9},,Object Access,,,,,"%%1538
	{e0fa1e8b-9b45-11d0-afdd-00c04fd930c9}
",,PIRATE,0x395c6,DC01$,S-1-5-18,,,,,,,,,,
2025-06-11T17:04:14.208609Z,4662,DC01.pirate.htb,Microsoft-Windows-Security-Auditing,Security,16058,0,"%%7684
				",0x10,-,,,,,,,,,,,,,,,0x0,,,,,,,,,,,,,%{afff0694-70ff-4985-9456-bb96e5b03812},DS,%{e0fa1e8b-9b45-11d0-afdd-00c04fd930c9},,Object Access,,,,,"%%7684
	{e0fa1e8b-9b45-11d0-afdd-00c04fd930c9}
		{e48d0154-bcf8-11d1-8702-00c04fb96050}
			{bf9679e5-0de6-11d0-a285-00aa003049e2}
			{bf9679e7-0de6-11d0-a285-00aa003049e2}
		{771727b1-31b8-4cdf-ae62-4fe39fadf89e}
			{bf967a77-0de6-11d0-a285-00aa003049e2}
			{bf967a70-0de6-11d0-a285-00aa003049e2}
			{bf967a6f-0de6-11d0-a285-00aa003049e2}
			{bf967a78-0de6-11d0-a285-00aa003049e2}
			{e0fa1e69-9b45-11d0-afdd-00c04fd930c9}
			{675a15fe-3b70-11d2-90cc-00c04fd91ab1}
			{aa12854c-d8fc-4d5e-91ca-368b8d829bee}
			{c79f2199-6da1-46ff-923c-1f3f800c721e}
			{7bea2088-8ce2-423c-b191-66ec506b1595}
			{0dc063c1-52d9-4456-9e15-9c2434aafd94}
			{5c5b7ad2-20fa-44bb-beb3-34b9c0f65579}
			{27d93c40-065a-43c0-bdd8-cdf2c7d120aa}
			{ff9e5552-7db7-4138-8888-05ce320a0323}
			{13361665-916c-4de7-a59d-b1ebbd0de129}
			{80b70aab-8959-4ec0-8e93-126e76df3aca}
			{8f4e317f-28d7-442c-a6df-1f491f97b326}
			{29869b7c-64c4-42fe-97d5-fbc2fa124160}
			{03d4c32e-e217-4a61-9699-7bbc4729a026}
			{f6b0f0be-a8e4-4468-8fd9-c3c47b8722f9}
			{3443d8cd-e5b6-4f3b-b098-659a0214a079}
			{b7673e6d-cad9-4e9e-b31a-63e8098fdd63}
			{28c458f5-602d-4ac9-a77c-b3f1be503a7e}
			{285c6964-c11a-499e-96d8-bf7c75a223c6}
			{ba340d47-2181-4ca0-a2f6-fae4479dab2a}
			{aff16770-9622-4fbc-a128-3088777605b9}
			{387d9432-a6d1-4474-82cd-0a89aae084ae}
			{19195a55-6da0-11d0-afd3-00c04fd930c9}
",,PIRATE,0x395c6,DC01$,S-1-5-18,,,,,,,,,,
2025-06-11T17:07:08.043213Z,4662,DC01.pirate.htb,Microsoft-Windows-Security-Auditing,Security,16059,0,"%%7684
				",0x10,-,,,,,,,,,,,,,,,0x0,,,,,,,,,,,,,%{aff6283f-b417-4237-bc64-56914d112ba3},DS,%{e0fa1e8c-9b45-11d0-afdd-00c04fd930c9},,Object Access,,,,,"%%7684
		{e48d0154-bcf8-11d1-8702-00c04fb96050}
			{bf9679e5-0de6-11d0-a285-00aa003049e2}
	{e0fa1e8c-9b45-11d0-afdd-00c04fd930c9}
",,PIRATE,0x395c6,DC01$,S-1-5-18,,,,,,,,,,
2025-06-11T17:07:08.043216Z,4662,DC01.pirate.htb,Microsoft-Windows-Security-Auditing,Security,16060,0,"%%7682
				",0x4,-,,,,,,,,,,,,,,,0x0,,,,,,,,,,,,,%{afff0694-70ff-4985-9456-bb96e5b03812},DS,%{e0fa1e8b-9b45-11d0-afdd-00c04fd930c9},,Object Access,,,,,"%%7682
	{e0fa1e8b-9b45-11d0-afdd-00c04fd930c9}
",,PIRATE,0x395c6,DC01$,S-1-5-18,,,,,,,,,,
2025-06-11T17:07:08.043218Z,4662,DC01.pirate.htb,Microsoft-Windows-Security-Auditing,Security,16061,0,"%%1538
				",0x20000,-,,,,,,,,,,,,,,,0x0,,,,,,,,,,,,,%{aff6283f-b417-4237-bc64-56914d112ba3},DS,%{e0fa1e8c-9b45-11d0-afdd-00c04fd930c9},,Object Access,,,,,"%%1538
	{e0fa1e8c-9b45-11d0-afdd-00c04fd930c9}
",,PIRATE,0x395c6,DC01$,S-1-5-18,,,,,,,,,,
2025-06-11T17:07:08.043246Z,4662,DC01.pirate.htb,Microsoft-Windows-Security-Auditing,Security,16062,0,"%%7684
				",0x10,-,,,,,,,,,,,,,,,0x0,,,,,,,,,,,,,%{aff6283f-b417-4237-bc64-56914d112ba3},DS,%{e0fa1e8c-9b45-11d0-afdd-00c04fd930c9},,Object Access,,,,,"%%7684
	{e0fa1e8c-9b45-11d0-afdd-00c04fd930c9}
		{e48d0154-bcf8-11d1-8702-00c04fb96050}
			{bf9679e5-0de6-11d0-a285-00aa003049e2}
			{bf9679e7-0de6-11d0-a285-00aa003049e2}
		{771727b1-31b8-4cdf-ae62-4fe39fadf89e}
			{bf967a77-0de6-11d0-a285-00aa003049e2}
			{bf967a70-0de6-11d0-a285-00aa003049e2}
			{bf967a6f-0de6-11d0-a285-00aa003049e2}
			{bf967a78-0de6-11d0-a285-00aa003049e2}
			{e0fa1e69-9b45-11d0-afdd-00c04fd930c9}
			{675a15fe-3b70-11d2-90cc-00c04fd91ab1}
			{aa12854c-d8fc-4d5e-91ca-368b8d829bee}
			{c79f2199-6da1-46ff-923c-1f3f800c721e}
			{7bea2088-8ce2-423c-b191-66ec506b1595}
			{0dc063c1-52d9-4456-9e15-9c2434aafd94}
			{5c5b7ad2-20fa-44bb-beb3-34b9c0f65579}
			{27d93c40-065a-43c0-bdd8-cdf2c7d120aa}
			{ff9e5552-7db7-4138-8888-05ce320a0323}
			{13361665-916c-4de7-a59d-b1ebbd0de129}
			{80b70aab-8959-4ec0-8e93-126e76df3aca}
			{8f4e317f-28d7-442c-a6df-1f491f97b326}
			{29869b7c-64c4-42fe-97d5-fbc2fa124160}
			{03d4c32e-e217-4a61-9699-7bbc4729a026}
			{f6b0f0be-a8e4-4468-8fd9-c3c47b8722f9}
			{3443d8cd-e5b6-4f3b-b098-659a0214a079}
			{b7673e6d-cad9-4e9e-b31a-63e8098fdd63}
			{28c458f5-602d-4ac9-a77c-b3f1be503a7e}
			{285c6964-c11a-499e-96d8-bf7c75a223c6}
			{ba340d47-2181-4ca0-a2f6-fae4479dab2a}
			{aff16770-9622-4fbc-a128-3088777605b9}
			{387d9432-a6d1-4474-82cd-0a89aae084ae}
			{19195a55-6da0-11d0-afd3-00c04fd930c9}
",,PIRATE,0x395c6,DC01$,S-1-5-18,,,,,,,,,,
2025-06-11T17:07:14.216701Z,4662,DC01.pirate.htb,Microsoft-Windows-Security-Auditing,Security,16063,0,"%%7684
				",0x10,-,,,,,,,,,,,,,,,0x0,,,,,,,,,,,,,%{afff0694-70ff-4985-9456-bb96e5b03812},DS,%{e0fa1e8b-9b45-11d0-afdd-00c04fd930c9},,Object Access,,,,,"%%7684
		{e48d0154-bcf8-11d1-8702-00c04fb96050}
			{26d97369-6070-11d1-a9c6-0000f80367c1}
	{e0fa1e8b-9b45-11d0-afdd-00c04fd930c9}
",,PIRATE,0x395c6,DC01$,S-1-5-18,,,,,,,,,,
2025-06-11T17:07:14.216705Z,4662,DC01.pirate.htb,Microsoft-Windows-Security-Auditing,Security,16064,0,"%%1538
				",0x20000,-,,,,,,,,,,,,,,,0x0,,,,,,,,,,,,,%{afff0694-70ff-4985-9456-bb96e5b03812},DS,%{e0fa1e8b-9b45-11d0-afdd-00c04fd930c9},,Object Access,,,,,"%%1538
	{e0fa1e8b-9b45-11d0-afdd-00c04fd930c9}
",,PIRATE,0x395c6,DC01$,S-1-5-18,,,,,,,,,,
2025-06-11T17:07:14.216733Z,4662,DC01.pirate.htb,Microsoft-Windows-Security-Auditing,Security,16065,0,"%%7684
				",0x10,-,,,,,,,,,,,,,,,0x0,,,,,,,,,,,,,%{afff0694-70ff-4985-9456-bb96e5b03812},DS,%{e0fa1e8b-9b45-11d0-afdd-00c04fd930c9},,Object Access,,,,,"%%7684
	{e0fa1e8b-9b45-11d0-afdd-00c04fd930c9}
		{e48d0154-bcf8-11d1-8702-00c04fb96050}
			{bf9679e5-0de6-11d0-a285-00aa003049e2}
			{bf9679e7-0de6-11d0-a285-00aa003049e2}
		{771727b1-31b8-4cdf-ae62-4fe39fadf89e}
			{bf967a77-0de6-11d0-a285-00aa003049e2}
			{bf967a70-0de6-11d0-a285-00aa003049e2}
			{bf967a6f-0de6-11d0-a285-00aa003049e2}
			{bf967a78-0de6-11d0-a285-00aa003049e2}
			{e0fa1e69-9b45-11d0-afdd-00c04fd930c9}
			{675a15fe-3b70-11d2-90cc-00c04fd91ab1}
			{aa12854c-d8fc-4d5e-91ca-368b8d829bee}
			{c79f2199-6da1-46ff-923c-1f3f800c721e}
			{7bea2088-8ce2-423c-b191-66ec506b1595}
			{0dc063c1-52d9-4456-9e15-9c2434aafd94}
			{5c5b7ad2-20fa-44bb-beb3-34b9c0f65579}
			{27d93c40-065a-43c0-bdd8-cdf2c7d120aa}
			{ff9e5552-7db7-4138-8888-05ce320a0323}
			{13361665-916c-4de7-a59d-b1ebbd0de129}
			{80b70aab-8959-4ec0-8e93-126e76df3aca}
			{8f4e317f-28d7-442c-a6df-1f491f97b326}
			{29869b7c-64c4-42fe-97d5-fbc2fa124160}
			{03d4c32e-e217-4a61-9699-7bbc4729a026}
			{f6b0f0be-a8e4-4468-8fd9-c3c47b8722f9}
			{3443d8cd-e5b6-4f3b-b098-659a0214a079}
			{b7673e6d-cad9-4e9e-b31a-63e8098fdd63}
			{28c458f5-602d-4ac9-a77c-b3f1be503a7e}
			{285c6964-c11a-499e-96d8-bf7c75a223c6}
			{ba340d47-2181-4ca0-a2f6-fae4479dab2a}
			{aff16770-9622-4fbc-a128-3088777605b9}
			{387d9432-a6d1-4474-82cd-0a89aae084ae}
			{19195a55-6da0-11d0-afd3-00c04fd930c9}
",,PIRATE,0x395c6,DC01$,S-1-5-18,,,,,,,,,,
2025-06-11T17:07:14.218113Z,4662,DC01.pirate.htb,Microsoft-Windows-Security-Auditing,Security,16066,0,"%%7684
				",0x10,-,,,,,,,,,,,,,,,0x0,,,,,,,,,,,,,%{afff0694-70ff-4985-9456-bb96e5b03812},DS,%{e0fa1e8b-9b45-11d0-afdd-00c04fd930c9},,Object Access,,,,,"%%7684
		{e48d0154-bcf8-11d1-8702-00c04fb96050}
			{26d97369-6070-11d1-a9c6-0000f80367c1}
	{e0fa1e8b-9b45-11d0-afdd-00c04fd930c9}
",,PIRATE,0x395c6,DC01$,S-1-5-18,,,,,,,,,,
2025-06-11T17:07:14.218116Z,4662,DC01.pirate.htb,Microsoft-Windows-Security-Auditing,Security,16067,0,"%%1538
				",0x20000,-,,,,,,,,,,,,,,,0x0,,,,,,,,,,,,,%{afff0694-70ff-4985-9456-bb96e5b03812},DS,%{e0fa1e8b-9b45-11d0-afdd-00c04fd930c9},,Object Access,,,,,"%%1538
	{e0fa1e8b-9b45-11d0-afdd-00c04fd930c9}
",,PIRATE,0x395c6,DC01$,S-1-5-18,,,,,,,,,,
