2025-06-11T13:40:32.728635Z,4662,DC01.pirate.htb,Microsoft-Windows-Security-Auditing,Security,15156,0,"%%7684
				",0x10,-,,,,,,,,,,,,,,,0x0,,,,,,,,,,,,,%{983c1937-6799-4bb4-956d-45b26fad610b},DS,%{bf967a86-0de6-11d0-a285-00aa003049e2},,Object Access,,,,,"%%7684
		{59ba2f42-79a2-11d0-9020-00c04fc2d3cf}
			{3e0abfd0-126a-11d0-a060-00aa006c33ed}
		{e48d0154-bcf8-11d1-8702-00c04fb96050}
			{bf9679e5-0de6-11d0-a285-00aa003049e2}
			{26d97369-6070-11d1-a9c6-0000f80367c1}
	{bf967a86-0de6-11d0-a285-00aa003049e2}
",,PIRATE,0x464ec,Administrator,S-1-5-21-4107424128-4158083573-1300325248-500,,,,,,,,,,
2025-06-11T13:40:32.728641Z,4662,DC01.pirate.htb,Microsoft-Windows-Security-Auditing,Security,15157,0,"%%7682
				",0x4,-,,,,,,,,,,,,,,,0x0,,,,,,,,,,,,,%{5e3ab36b-50b0-4e33-8c6f-fe5965ef07c3},DS,%{bf967a8b-0de6-11d0-a285-00aa003049e2},,Object Access,,,,,"%%7682
	{bf967a8b-0de6-11d0-a285-00aa003049e2}
",,PIRATE,0x464ec,Administrator,S-1-5-21-4107424128-4158083573-1300325248-500,,,,,,,,,,
2025-06-11T13:40:32.728687Z,4662,DC01.pirate.htb,Microsoft-Windows-Security-Auditing,Security,15158,0,"%%7684
				",0x10,-,,,,,,,,,,,,,,,0x0,,,,,,,,,,,,,%{983c1937-6799-4bb4-956d-45b26fad610b},DS,%{bf967a86-0de6-11d0-a285-00aa003049e2},,Object Access,,,,,"%%7684
	{bf967a86-0de6-11d0-a285-00aa003049e2}
		{e48d0154-bcf8-11d1-8702-00c04fb96050}
			{bf9679e5-0de6-11d0-a285-00aa003049e2}
			{bf967a0e-0de6-11d0-a285-00aa003049e2}
			{bf9679e7-0de6-11d0-a285-00aa003049e2}
			{28630ebb-41d5-11d1-a9c1-0000f80367c1}
		{59ba2f42-79a2-11d0-9020-00c04fc2d3cf}
			{bf9679e8-0de6-11d0-a285-00aa003049e2}
			{3e0abfd0-126a-11d0-a060-00aa006c33ed}
		{72e39547-7b18-11d1-adef-00c04fd8d5cd}
			{72e39547-7b18-11d1-adef-00c04fd8d5cd}
		{4c164200-20c0-11d0-a768-00aa006e0529}
			{bf967a68-0de6-11d0-a285-00aa003049e2}
			{2cc4b836-b63f-4940-8d23-ea7acf06af56}
		{77b5b886-944a-11d1-aebd-0000f80367c1}
			{20119867-1d04-4ab7-9371-cfc3d5df0afd}
",,PIRATE,0x464ec,Administrator,S-1-5-21-4107424128-4158083573-1300325248-500,,,,,,,,,,
2025-06-11T13:40:32.729605Z,4662,DC01.pirate.htb,Microsoft-Windows-Security-Auditing,Security,15159,0,"%%7684
				",0x10,-,,,,,,,,,,,,,,,0x0,,,,,,,,,,,,,%{983c1937-6799-4bb4-956d-45b26fad610b},DS,%{bf967a86-0de6-11d0-a285-00aa003049e2},,Object Access,,,,,"%%7684
		{e48d0154-bcf8-11d1-8702-00c04fb96050}
			{f3a64788-5306-11d1-a9c5-0000f80367c1}
	{bf967a86-0de6-11d0-a285-00aa003049e2}
",,PIRATE,0x464ec,Administrator,S-1-5-21-4107424128-4158083573-1300325248-500,,,,,,,,,,
2025-06-11T13:40:32.729608Z,4662,DC01.pirate.htb,Microsoft-Windows-Security-Auditing,Security,15160,0,"%%7682
				",0x4,-,,,,,,,,,,,,,,,0x0,,,,,,,,,,,,,%{5e3ab36b-50b0-4e33-8c6f-fe5965ef07c3},DS,%{bf967a8b-0de6-11d0-a285-00aa003049e2},,Object Access,,,,,"%%7682
	{bf967a8b-0de6-11d0-a285-00aa003049e2}
",,PIRATE,0x464ec,Administrator,S-1-5-21-4107424128-4158083573-1300325248-500,,,,,,,,,,
2025-06-11T13:40:32.729611Z,4662,DC01.pirate.htb,Microsoft-Windows-Security-Auditing,Security,15161,0,"%%1538
				",0x20000,-,,,,,,,,,,,,,,,0x0,,,,,,,,,,,,,%{983c1937-6799-4bb4-956d-45b26fad610b},DS,%{bf967a86-0de6-11d0-a285-00aa003049e2},,Object Access,,,,,"%%1538
	{bf967a86-0de6-11d0-a285-00aa003049e2}
",,PIRATE,0x464ec,Administrator,S-1-5-21-4107424128-4158083573-1300325248-500,,,,,,,,,,
2025-06-11T13:40:32.729618Z,4662,DC01.pirate.htb,Microsoft-Windows-Security-Auditing,Security,15162,0,"%%7684
				",0x10,-,,,,,,,,,,,,,,,0x0,,,,,,,,,,,,,%{983c1937-6799-4bb4-956d-45b26fad610b},DS,%{bf967a86-0de6-11d0-a285-00aa003049e2},,Object Access,,,,,"%%7684
		{e48d0154-bcf8-11d1-8702-00c04fb96050}
			{bf9679e4-0de6-11d0-a285-00aa003049e2}
			{bf9679e7-0de6-11d0-a285-00aa003049e2}
			{28630ebb-41d5-11d1-a9c1-0000f80367c1}
			{f3a64788-5306-11d1-a9c5-0000f80367c1}
		{59ba2f42-79a2-11d0-9020-00c04fc2d3cf}
			{bf9679e8-0de6-11d0-a285-00aa003049e2}
	{bf967a86-0de6-11d0-a285-00aa003049e2}
",,PIRATE,0x464ec,Administrator,S-1-5-21-4107424128-4158083573-1300325248-500,,,,,,,,,,
2025-06-11T13:40:32.729641Z,4662,DC01.pirate.htb,Microsoft-Windows-Security-Auditing,Security,15163,0,"%%7685
				",0x20,-,,,,,,,,,,,,,,,0x0,,,,,,,,,,,,,%{983c1937-6799-4bb4-956d-45b26fad610b},DS,%{bf967a86-0de6-11d0-a285-00aa003049e2},,Object Access,,,,,"%%7685
		{e48d0154-bcf8-11d1-8702-00c04fb96050}
			{f3a64788-5306-11d1-a9c5-0000f80367c1}
	{bf967a86-0de6-11d0-a285-00aa003049e2}
",,PIRATE,0x464ec,Administrator,S-1-5-21-4107424128-4158083573-1300325248-500,,,,,,,,,,
2025-06-11T13:40:32.739732Z,4662,DC01.pirate.htb,Microsoft-Windows-Security-Auditing,Security,15164,0,"%%7684
				",0x10,-,,,,,,,,,,,,,,,0x0,,,,,,,,,,,,,%{983c1937-6799-4bb4-956d-45b26fad610b},DS,%{bf967a86-0de6-11d0-a285-00aa003049e2},,Object Access,,,,,"%%7684
		{59ba2f42-79a2-11d0-9020-00c04fc2d3cf}
			{3e0abfd0-126a-11d0-a060-00aa006c33ed}
		{e48d0154-bcf8-11d1-8702-00c04fb96050}
			{bf9679e5-0de6-11d0-a285-00aa003049e2}
			{26d97369-6070-11d1-a9c6-0000f80367c1}
	{bf967a86-0de6-11d0-a285-00aa003049e2}
",,PIRATE,0x464ec,Administrator,S-1-5-21-4107424128-4158083573-1300325248-500,,,,,,,,,,
2025-06-11T13:40:32.739736Z,4662,DC01.pirate.htb,Microsoft-Windows-Security-Auditing,Security,15165,0,"%%7682
				",0x4,-,,,,,,,,,,,,,,,0x0,,,,,,,,,,,,,%{5e3ab36b-50b0-4e33-8c6f-fe5965ef07c3},DS,%{bf967a8b-0de6-11d0-a285-00aa003049e2},,Object Access,,,,,"%%7682
	{bf967a8b-0de6-11d0-a285-00aa003049e2}
",,PIRATE,0x464ec,Administrator,S-1-5-21-4107424128-4158083573-1300325248-500,,,,,,,,,,
2025-06-11T13:40:32.739749Z,4662,DC01.pirate.htb,Microsoft-Windows-Security-Auditing,Security,15166,0,"%%7684
				",0x10,-,,,,,,,,,,,,,,,0x0,,,,,,,,,,,,,%{983c1937-6799-4bb4-956d-45b26fad610b},DS,%{bf967a86-0de6-11d0-a285-00aa003049e2},,Object Access,,,,,"%%7684
	{bf967a86-0de6-11d0-a285-00aa003049e2}
		{e48d0154-bcf8-11d1-8702-00c04fb96050}
			{bf9679e5-0de6-11d0-a285-00aa003049e2}
			{bf967a0e-0de6-11d0-a285-00aa003049e2}
			{bf9679e7-0de6-11d0-a285-00aa003049e2}
			{28630ebb-41d5-11d1-a9c1-0000f80367c1}
		{59ba2f42-79a2-11d0-9020-00c04fc2d3cf}
			{bf9679e8-0de6-11d0-a285-00aa003049e2}
			{3e0abfd0-126a-11d0-a060-00aa006c33ed}
		{72e39547-7b18-11d1-adef-00c04fd8d5cd}
			{72e39547-7b18-11d1-adef-00c04fd8d5cd}
		{4c164200-20c0-11d0-a768-00aa006e0529}
			{bf967a68-0de6-11d0-a285-00aa003049e2}
			{2cc4b836-b63f-4940-8d23-ea7acf06af56}
		{77b5b886-944a-11d1-aebd-0000f80367c1}
			{20119867-1d04-4ab7-9371-cfc3d5df0afd}
",,PIRATE,0x464ec,Administrator,S-1-5-21-4107424128-4158083573-1300325248-500,,,,,,,,,,
2025-06-11T13:40:32.740750Z,4662,DC01.pirate.htb,Microsoft-Windows-Security-Auditing,Security,15167,0,"%%7684
				",0x10,-,,,,,,,,,,,,,,,0x0,,,,,,,,,,,,,%{983c1937-6799-4bb4-956d-45b26fad610b},DS,%{bf967a86-0de6-11d0-a285-00aa003049e2},,Object Access,,,,,"%%7684
		{e48d0154-bcf8-11d1-8702-00c04fb96050}
			{f3a64788-5306-11d1-a9c5-0000f80367c1}
	{bf967a86-0de6-11d0-a285-00aa003049e2}
",,PIRATE,0x464ec,Administrator,S-1-5-21-4107424128-4158083573-1300325248-500,,,,,,,,,,
2025-06-11T13:40:32.740753Z,4662,DC01.pirate.htb,Microsoft-Windows-Security-Auditing,Security,15168,0,"%%7682
				",0x4,-,,,,,,,,,,,,,,,0x0,,,,,,,,,,,,,%{5e3ab36b-50b0-4e33-8c6f-fe5965ef07c3},DS,%{bf967a8b-0de6-11d0-a285-00aa003049e2},,Object Access,,,,,"%%7682
	{bf967a8b-0de6-11d0-a285-00aa003049e2}
",,PIRATE,0x464ec,Administrator,S-1-5-21-4107424128-4158083573-1300325248-500,,,,,,,,,,
2025-06-11T13:40:32.740755Z,4662,DC01.pirate.htb,Microsoft-Windows-Security-Auditing,Security,15169,0,"%%1538
				",0x20000,-,,,,,,,,,,,,,,,0x0,,,,,,,,,,,,,%{983c1937-6799-4bb4-956d-45b26fad610b},DS,%{bf967a86-0de6-11d0-a285-00aa003049e2},,Object Access,,,,,"%%1538
	{bf967a86-0de6-11d0-a285-00aa003049e2}
",,PIRATE,0x464ec,Administrator,S-1-5-21-4107424128-4158083573-1300325248-500,,,,,,,,,,
2025-06-11T13:40:32.740763Z,4662,DC01.pirate.htb,Microsoft-Windows-Security-Auditing,Security,15170,0,"%%7684
				",0x10,-,,,,,,,,,,,,,,,0x0,,,,,,,,,,,,,%{983c1937-6799-4bb4-956d-45b26fad610b},DS,%{bf967a86-0de6-11d0-a285-00aa003049e2},,Object Access,,,,,"%%7684
		{e48d0154-bcf8-11d1-8702-00c04fb96050}
			{bf9679e4-0de6-11d0-a285-00aa003049e2}
			{bf9679e7-0de6-11d0-a285-00aa003049e2}
			{28630ebb-41d5-11d1-a9c1-0000f80367c1}
			{f3a64788-5306-11d1-a9c5-0000f80367c1}
		{59ba2f42-79a2-11d0-9020-00c04fc2d3cf}
			{bf9679e8-0de6-11d0-a285-00aa003049e2}
	{bf967a86-0de6-11d0-a285-00aa003049e2}
",,PIRATE,0x464ec,Administrator,S-1-5-21-4107424128-4158083573-1300325248-500,,,,,,,,,,
2025-06-11T13:40:32.740788Z,4662,DC01.pirate.htb,Microsoft-Windows-Security-Auditing,Security,15171,0,"%%7685
				",0x20,-,,,,,,,,,,,,,,,0x0,,,,,,,,,,,,,%{983c1937-6799-4bb4-956d-45b26fad610b},DS,%{bf967a86-0de6-11d0-a285-00aa003049e2},,Object Access,,,,,"%%7685
		{e48d0154-bcf8-11d1-8702-00c04fb96050}
			{f3a64788-5306-11d1-a9c5-0000f80367c1}
	{bf967a86-0de6-11d0-a285-00aa003049e2}
",,PIRATE,0x464ec,Administrator,S-1-5-21-4107424128-4158083573-1300325248-500,,,,,,,,,,
2025-06-11T13:40:32.751406Z,4662,DC01.pirate.htb,Microsoft-Windows-Security-Auditing,Security,15172,0,"%%7684
				",0x10,-,,,,,,,,,,,,,,,0x0,,,,,,,,,,,,,%{983c1937-6799-4bb4-956d-45b26fad610b},DS,%{bf967a86-0de6-11d0-a285-00aa003049e2},,Object Access,,,,,"%%7684
		{59ba2f42-79a2-11d0-9020-00c04fc2d3cf}
			{3e0abfd0-126a-11d0-a060-00aa006c33ed}
		{e48d0154-bcf8-11d1-8702-00c04fb96050}
			{bf9679e5-0de6-11d0-a285-00aa003049e2}
			{26d97369-6070-11d1-a9c6-0000f80367c1}
	{bf967a86-0de6-11d0-a285-00aa003049e2}
",,PIRATE,0x464ec,Administrator,S-1-5-21-4107424128-4158083573-1300325248-500,,,,,,,,,,
2025-06-11T13:40:32.751409Z,4662,DC01.pirate.htb,Microsoft-Windows-Security-Auditing,Security,15173,0,"%%7682
				",0x4,-,,,,,,,,,,,,,,,0x0,,,,,,,,,,,,,%{5e3ab36b-50b0-4e33-8c6f-fe5965ef07c3},DS,%{bf967a8b-0de6-11d0-a285-00aa003049e2},,Object Access,,,,,"%%7682
	{bf967a8b-0de6-11d0-a285-00aa003049e2}
",,PIRATE,0x464ec,Administrator,S-1-5-21-4107424128-4158083573-1300325248-500,,,,,,,,,,
2025-06-11T13:40:32.751422Z,4662,DC01.pirate.htb,Microsoft-Windows-Security-Auditing,Security,15174,0,"%%7684
				",0x10,-,,,,,,,,,,,,,,,0x0,,,,,,,,,,,,,%{983c1937-6799-4bb4-956d-45b26fad610b},DS,%{bf967a86-0de6-11d0-a285-00aa003049e2},,Object Access,,,,,"%%7684
	{bf967a86-0de6-11d0-a285-00aa003049e2}
		{e48d0154-bcf8-11d1-8702-00c04fb96050}
			{bf9679e5-0de6-11d0-a285-00aa003049e2}
			{bf967a0e-0de6-11d0-a285-00aa003049e2}
			{bf9679e7-0de6-11d0-a285-00aa003049e2}
			{28630ebb-41d5-11d1-a9c1-0000f80367c1}
		{59ba2f42-79a2-11d0-9020-00c04fc2d3cf}
			{bf9679e8-0de6-11d0-a285-00aa003049e2}
			{3e0abfd0-126a-11d0-a060-00aa006c33ed}
		{72e39547-7b18-11d1-adef-00c04fd8d5cd}
			{72e39547-7b18-11d1-adef-00c04fd8d5cd}
		{4c164200-20c0-11d0-a768-00aa006e0529}
			{bf967a68-0de6-11d0-a285-00aa003049e2}
			{2cc4b836-b63f-4940-8d23-ea7acf06af56}
		{77b5b886-944a-11d1-aebd-0000f80367c1}
			{20119867-1d04-4ab7-9371-cfc3d5df0afd}
",,PIRATE,0x464ec,Administrator,S-1-5-21-4107424128-4158083573-1300325248-500,,,,,,,,,,
2025-06-11T13:40:32.752441Z,4662,DC01.pirate.htb,Microsoft-Windows-Security-Auditing,Security,15175,0,"%%7684
				",0x10,-,,,,,,,,,,,,,,,0x0,,,,,,,,,,,,,%{983c1937-6799-4bb4-956d-45b26fad610b},DS,%{bf967a86-0de6-11d0-a285-00aa003049e2},,Object Access,,,,,"%%7684
		{e48d0154-bcf8-11d1-8702-00c04fb96050}
			{f3a64788-5306-11d1-a9c5-0000f80367c1}
	{bf967a86-0de6-11d0-a285-00aa003049e2}
",,PIRATE,0x464ec,Administrator,S-1-5-21-4107424128-4158083573-1300325248-500,,,,,,,,,,
2025-06-11T13:40:32.752445Z,4662,DC01.pirate.htb,Microsoft-Windows-Security-Auditing,Security,15176,0,"%%7682
				",0x4,-,,,,,,,,,,,,,,,0x0,,,,,,,,,,,,,%{5e3ab36b-50b0-4e33-8c6f-fe5965ef07c3},DS,%{bf967a8b-0de6-11d0-a285-00aa003049e2},,Object Access,,,,,"%%7682
	{bf967a8b-0de6-11d0-a285-00aa003049e2}
",,PIRATE,0x464ec,Administrator,S-1-5-21-4107424128-4158083573-1300325248-500,,,,,,,,,,
2025-06-11T13:40:32.752447Z,4662,DC01.pirate.htb,Microsoft-Windows-Security-Auditing,Security,15177,0,"%%1538
				",0x20000,-,,,,,,,,,,,,,,,0x0,,,,,,,,,,,,,%{983c1937-6799-4bb4-956d-45b26fad610b},DS,%{bf967a86-0de6-11d0-a285-00aa003049e2},,Object Access,,,,,"%%1538
	{bf967a86-0de6-11d0-a285-00aa003049e2}
",,PIRATE,0x464ec,Administrator,S-1-5-21-4107424128-4158083573-1300325248-500,,,,,,,,,,
2025-06-11T13:40:32.752454Z,4662,DC01.pirate.htb,Microsoft-Windows-Security-Auditing,Security,15178,0,"%%7684
				",0x10,-,,,,,,,,,,,,,,,0x0,,,,,,,,,,,,,%{983c1937-6799-4bb4-956d-45b26fad610b},DS,%{bf967a86-0de6-11d0-a285-00aa003049e2},,Object Access,,,,,"%%7684
		{e48d0154-bcf8-11d1-8702-00c04fb96050}
			{bf9679e4-0de6-11d0-a285-00aa003049e2}
			{bf9679e7-0de6-11d0-a285-00aa003049e2}
			{28630ebb-41d5-11d1-a9c1-0000f80367c1}
			{f3a64788-5306-11d1-a9c5-0000f80367c1}
		{59ba2f42-79a2-11d0-9020-00c04fc2d3cf}
			{bf9679e8-0de6-11d0-a285-00aa003049e2}
	{bf967a86-0de6-11d0-a285-00aa003049e2}
",,PIRATE,0x464ec,Administrator,S-1-5-21-4107424128-4158083573-1300325248-500,,,,,,,,,,
2025-06-11T13:40:32.752499Z,4662,DC01.pirate.htb,Microsoft-Windows-Security-Auditing,Security,15179,0,"%%7685
				",0x20,-,,,,,,,,,,,,,,,0x0,,,,,,,,,,,,,%{983c1937-6799-4bb4-956d-45b26fad610b},DS,%{bf967a86-0de6-11d0-a285-00aa003049e2},,Object Access,,,,,"%%7685
		{e48d0154-bcf8-11d1-8702-00c04fb96050}
			{f3a64788-5306-11d1-a9c5-0000f80367c1}
	{bf967a86-0de6-11d0-a285-00aa003049e2}
",,PIRATE,0x464ec,Administrator,S-1-5-21-4107424128-4158083573-1300325248-500,,,,,,,,,,
2025-06-11T13:40:32.762970Z,4662,DC01.pirate.htb,Microsoft-Windows-Security-Auditing,Security,15180,0,"%%7684
				",0x10,-,,,,,,,,,,,,,,,0x0,,,,,,,,,,,,,%{983c1937-6799-4bb4-956d-45b26fad610b},DS,%{bf967a86-0de6-11d0-a285-00aa003049e2},,Object Access,,,,,"%%7684
		{59ba2f42-79a2-11d0-9020-00c04fc2d3cf}
			{3e0abfd0-126a-11d0-a060-00aa006c33ed}
		{e48d0154-bcf8-11d1-8702-00c04fb96050}
			{bf9679e5-0de6-11d0-a285-00aa003049e2}
			{26d97369-6070-11d1-a9c6-0000f80367c1}
	{bf967a86-0de6-11d0-a285-00aa003049e2}
",,PIRATE,0x464ec,Administrator,S-1-5-21-4107424128-4158083573-1300325248-500,,,,,,,,,,
2025-06-11T13:40:32.762974Z,4662,DC01.pirate.htb,Microsoft-Windows-Security-Auditing,Security,15181,0,"%%7682
				",0x4,-,,,,,,,,,,,,,,,0x0,,,,,,,,,,,,,%{5e3ab36b-50b0-4e33-8c6f-fe5965ef07c3},DS,%{bf967a8b-0de6-11d0-a285-00aa003049e2},,Object Access,,,,,"%%7682
	{bf967a8b-0de6-11d0-a285-00aa003049e2}
",,PIRATE,0x464ec,Administrator,S-1-5-21-4107424128-4158083573-1300325248-500,,,,,,,,,,
2025-06-11T13:40:32.762988Z,4662,DC01.pirate.htb,Microsoft-Windows-Security-Auditing,Security,15182,0,"%%7684
				",0x10,-,,,,,,,,,,,,,,,0x0,,,,,,,,,,,,,%{983c1937-6799-4bb4-956d-45b26fad610b},DS,%{bf967a86-0de6-11d0-a285-00aa003049e2},,Object Access,,,,,"%%7684
	{bf967a86-0de6-11d0-a285-00aa003049e2}
		{e48d0154-bcf8-11d1-8702-00c04fb96050}
			{bf9679e5-0de6-11d0-a285-00aa003049e2}
			{bf967a0e-0de6-11d0-a285-00aa003049e2}
			{bf9679e7-0de6-11d0-a285-00aa003049e2}
			{28630ebb-41d5-11d1-a9c1-0000f80367c1}
		{59ba2f42-79a2-11d0-9020-00c04fc2d3cf}
			{bf9679e8-0de6-11d0-a285-00aa003049e2}
			{3e0abfd0-126a-11d0-a060-00aa006c33ed}
		{72e39547-7b18-11d1-adef-00c04fd8d5cd}
			{72e39547-7b18-11d1-adef-00c04fd8d5cd}
		{4c164200-20c0-11d0-a768-00aa006e0529}
			{bf967a68-0de6-11d0-a285-00aa003049e2}
			{2cc4b836-b63f-4940-8d23-ea7acf06af56}
		{77b5b886-944a-11d1-aebd-0000f80367c1}
			{20119867-1d04-4ab7-9371-cfc3d5df0afd}
",,PIRATE,0x464ec,Administrator,S-1-5-21-4107424128-4158083573-1300325248-500,,,,,,,,,,
2025-06-11T13:40:32.763960Z,4662,DC01.pirate.htb,Microsoft-Windows-Security-Auditing,Security,15183,0,"%%7684
				",0x10,-,,,,,,,,,,,,,,,0x0,,,,,,,,,,,,,%{983c1937-6799-4bb4-956d-45b26fad610b},DS,%{bf967a86-0de6-11d0-a285-00aa003049e2},,Object Access,,,,,"%%7684
		{e48d0154-bcf8-11d1-8702-00c04fb96050}
			{f3a64788-5306-11d1-a9c5-0000f80367c1}
	{bf967a86-0de6-11d0-a285-00aa003049e2}
",,PIRATE,0x464ec,Administrator,S-1-5-21-4107424128-4158083573-1300325248-500,,,,,,,,,,
2025-06-11T13:40:32.763963Z,4662,DC01.pirate.htb,Microsoft-Windows-Security-Auditing,Security,15184,0,"%%7682
				",0x4,-,,,,,,,,,,,,,,,0x0,,,,,,,,,,,,,%{5e3ab36b-50b0-4e33-8c6f-fe5965ef07c3},DS,%{bf967a8b-0de6-11d0-a285-00aa003049e2},,Object Access,,,,,"%%7682
	{bf967a8b-0de6-11d0-a285-00aa003049e2}
",,PIRATE,0x464ec,Administrator,S-1-5-21-4107424128-4158083573-1300325248-500,,,,,,,,,,
2025-06-11T13:40:32.763965Z,4662,DC01.pirate.htb,Microsoft-Windows-Security-Auditing,Security,15185,0,"%%1538
				",0x20000,-,,,,,,,,,,,,,,,0x0,,,,,,,,,,,,,%{983c1937-6799-4bb4-956d-45b26fad610b},DS,%{bf967a86-0de6-11d0-a285-00aa003049e2},,Object Access,,,,,"%%1538
	{bf967a86-0de6-11d0-a285-00aa003049e2}
",,PIRATE,0x464ec,Administrator,S-1-5-21-4107424128-4158083573-1300325248-500,,,,,,,,,,
2025-06-11T13:40:32.763973Z,4662,DC01.pirate.htb,Microsoft-Windows-Security-Auditing,Security,15186,0,"%%7684
				",0x10,-,,,,,,,,,,,,,,,0x0,,,,,,,,,,,,,%{983c1937-6799-4bb4-956d-45b26fad610b},DS,%{bf967a86-0de6-11d0-a285-00aa003049e2},,Object Access,,,,,"%%7684
		{e48d0154-bcf8-11d1-8702-00c04fb96050}
			{bf9679e4-0de6-11d0-a285-00aa003049e2}
			{bf9679e7-0de6-11d0-a285-00aa003049e2}
			{28630ebb-41d5-11d1-a9c1-0000f80367c1}
			{f3a64788-5306-11d1-a9c5-0000f80367c1}
		{59ba2f42-79a2-11d0-9020-00c04fc2d3cf}
			{bf9679e8-0de6-11d0-a285-00aa003049e2}
	{bf967a86-0de6-11d0-a285-00aa003049e2}
",,PIRATE,0x464ec,Administrator,S-1-5-21-4107424128-4158083573-1300325248-500,,,,,,,,,,
2025-06-11T13:40:32.764009Z,4662,DC01.pirate.htb,Microsoft-Windows-Security-Auditing,Security,15187,0,"%%7685
				",0x20,-,,,,,,,,,,,,,,,0x0,,,,,,,,,,,,,%{983c1937-6799-4bb4-956d-45b26fad610b},DS,%{bf967a86-0de6-11d0-a285-00aa003049e2},,Object Access,,,,,"%%7685
		{e48d0154-bcf8-11d1-8702-00c04fb96050}
			{f3a64788-5306-11d1-a9c5-0000f80367c1}
	{bf967a86-0de6-11d0-a285-00aa003049e2}
",,PIRATE,0x464ec,Administrator,S-1-5-21-4107424128-4158083573-1300325248-500,,,,,,,,,,
2025-06-11T13:40:32.774176Z,4662,DC01.pirate.htb,Microsoft-Windows-Security-Auditing,Security,15188,0,"%%7684
				",0x10,-,,,,,,,,,,,,,,,0x0,,,,,,,,,,,,,%{983c1937-6799-4bb4-956d-45b26fad610b},DS,%{bf967a86-0de6-11d0-a285-00aa003049e2},,Object Access,,,,,"%%7684
		{59ba2f42-79a2-11d0-9020-00c04fc2d3cf}
			{3e0abfd0-126a-11d0-a060-00aa006c33ed}
		{e48d0154-bcf8-11d1-8702-00c04fb96050}
			{bf9679e5-0de6-11d0-a285-00aa003049e2}
			{26d97369-6070-11d1-a9c6-0000f80367c1}
	{bf967a86-0de6-11d0-a285-00aa003049e2}
",,PIRATE,0x464ec,Administrator,S-1-5-21-4107424128-4158083573-1300325248-500,,,,,,,,,,
2025-06-11T13:40:32.774179Z,4662,DC01.pirate.htb,Microsoft-Windows-Security-Auditing,Security,15189,0,"%%7682
				",0x4,-,,,,,,,,,,,,,,,0x0,,,,,,,,,,,,,%{5e3ab36b-50b0-4e33-8c6f-fe5965ef07c3},DS,%{bf967a8b-0de6-11d0-a285-00aa003049e2},,Object Access,,,,,"%%7682
	{bf967a8b-0de6-11d0-a285-00aa003049e2}
",,PIRATE,0x464ec,Administrator,S-1-5-21-4107424128-4158083573-1300325248-500,,,,,,,,,,
2025-06-11T13:40:32.774192Z,4662,DC01.pirate.htb,Microsoft-Windows-Security-Auditing,Security,15190,0,"%%7684
				",0x10,-,,,,,,,,,,,,,,,0x0,,,,,,,,,,,,,%{983c1937-6799-4bb4-956d-45b26fad610b},DS,%{bf967a86-0de6-11d0-a285-00aa003049e2},,Object Access,,,,,"%%7684
	{bf967a86-0de6-11d0-a285-00aa003049e2}
		{e48d0154-bcf8-11d1-8702-00c04fb96050}
			{bf9679e5-0de6-11d0-a285-00aa003049e2}
			{bf967a0e-0de6-11d0-a285-00aa003049e2}
			{bf9679e7-0de6-11d0-a285-00aa003049e2}
			{28630ebb-41d5-11d1-a9c1-0000f80367c1}
		{59ba2f42-79a2-11d0-9020-00c04fc2d3cf}
			{bf9679e8-0de6-11d0-a285-00aa003049e2}
			{3e0abfd0-126a-11d0-a060-00aa006c33ed}
		{72e39547-7b18-11d1-adef-00c04fd8d5cd}
			{72e39547-7b18-11d1-adef-00c04fd8d5cd}
		{4c164200-20c0-11d0-a768-00aa006e0529}
			{bf967a68-0de6-11d0-a285-00aa003049e2}
			{2cc4b836-b63f-4940-8d23-ea7acf06af56}
		{77b5b886-944a-11d1-aebd-0000f80367c1}
			{20119867-1d04-4ab7-9371-cfc3d5df0afd}
",,PIRATE,0x464ec,Administrator,S-1-5-21-4107424128-4158083573-1300325248-500,,,,,,,,,,
2025-06-11T13:40:32.775256Z,4662,DC01.pirate.htb,Microsoft-Windows-Security-Auditing,Security,15191,0,"%%7684
				",0x10,-,,,,,,,,,,,,,,,0x0,,,,,,,,,,,,,%{983c1937-6799-4bb4-956d-45b26fad610b},DS,%{bf967a86-0de6-11d0-a285-00aa003049e2},,Object Access,,,,,"%%7684
		{e48d0154-bcf8-11d1-8702-00c04fb96050}
			{f3a64788-5306-11d1-a9c5-0000f80367c1}
	{bf967a86-0de6-11d0-a285-00aa003049e2}
",,PIRATE,0x464ec,Administrator,S-1-5-21-4107424128-4158083573-1300325248-500,,,,,,,,,,
2025-06-11T13:40:32.775260Z,4662,DC01.pirate.htb,Microsoft-Windows-Security-Auditing,Security,15192,0,"%%7682
				",0x4,-,,,,,,,,,,,,,,,0x0,,,,,,,,,,,,,%{5e3ab36b-50b0-4e33-8c6f-fe5965ef07c3},DS,%{bf967a8b-0de6-11d0-a285-00aa003049e2},,Object Access,,,,,"%%7682
	{bf967a8b-0de6-11d0-a285-00aa003049e2}
",,PIRATE,0x464ec,Administrator,S-1-5-21-4107424128-4158083573-1300325248-500,,,,,,,,,,
2025-06-11T13:40:32.775263Z,4662,DC01.pirate.htb,Microsoft-Windows-Security-Auditing,Security,15193,0,"%%1538
				",0x20000,-,,,,,,,,,,,,,,,0x0,,,,,,,,,,,,,%{983c1937-6799-4bb4-956d-45b26fad610b},DS,%{bf967a86-0de6-11d0-a285-00aa003049e2},,Object Access,,,,,"%%1538
	{bf967a86-0de6-11d0-a285-00aa003049e2}
",,PIRATE,0x464ec,Administrator,S-1-5-21-4107424128-4158083573-1300325248-500,,,,,,,,,,
2025-06-11T13:40:32.775270Z,4662,DC01.pirate.htb,Microsoft-Windows-Security-Auditing,Security,15194,0,"%%7684
				",0x10,-,,,,,,,,,,,,,,,0x0,,,,,,,,,,,,,%{983c1937-6799-4bb4-956d-45b26fad610b},DS,%{bf967a86-0de6-11d0-a285-00aa003049e2},,Object Access,,,,,"%%7684
		{e48d0154-bcf8-11d1-8702-00c04fb96050}
			{bf9679e4-0de6-11d0-a285-00aa003049e2}
			{bf9679e7-0de6-11d0-a285-00aa003049e2}
			{28630ebb-41d5-11d1-a9c1-0000f80367c1}
			{f3a64788-5306-11d1-a9c5-0000f80367c1}
		{59ba2f42-79a2-11d0-9020-00c04fc2d3cf}
			{bf9679e8-0de6-11d0-a285-00aa003049e2}
	{bf967a86-0de6-11d0-a285-00aa003049e2}
",,PIRATE,0x464ec,Administrator,S-1-5-21-4107424128-4158083573-1300325248-500,,,,,,,,,,
2025-06-11T13:40:32.775273Z,4662,DC01.pirate.htb,Microsoft-Windows-Security-Auditing,Security,15195,0,"%%7685
				",0x20,-,,,,,,,,,,,,,,,0x0,,,,,,,,,,,,,%{983c1937-6799-4bb4-956d-45b26fad610b},DS,%{bf967a86-0de6-11d0-a285-00aa003049e2},,Object Access,,,,,"%%7685
		{e48d0154-bcf8-11d1-8702-00c04fb96050}
			{f3a64788-5306-11d1-a9c5-0000f80367c1}
	{bf967a86-0de6-11d0-a285-00aa003049e2}
",,PIRATE,0x464ec,Administrator,S-1-5-21-4107424128-4158083573-1300325248-500,,,,,,,,,,
2025-06-11T13:40:36.012175Z,5136,DC01.pirate.htb,Microsoft-Windows-Security-Auditing,Security,15196,0,,,,,,-,servicePrincipalName,2.5.5.12,HTTP/WEB01.pirate.htb,,,,,pirate.htb,%%14676,,,,,,,,,,,,,computer,"CN=WEB01,CN=Computers,DC=pirate,DC=htb",983C1937-6799-4BB4-956D-45B26FAD610B,,,,DC793FB8-D707-4C70-8545-D9F2F103EEE9,%%14674,,,,,,,PIRATE,0x464ec,Administrator,S-1-5-21-4107424128-4158083573-1300325248-500,,,,,,,,,,
2025-06-11T13:40:36.012403Z,5136,DC01.pirate.htb,Microsoft-Windows-Security-Auditing,Security,15197,0,,,,,,-,servicePrincipalName,2.5.5.12,HTTP/WEB01,,,,,pirate.htb,%%14676,,,,,,,,,,,,,computer,"CN=WEB01,CN=Computers,DC=pirate,DC=htb",983C1937-6799-4BB4-956D-45B26FAD610B,,,,3FC26064-0F38-4B06-8184-92AF391B1AD7,%%14674,,,,,,,PIRATE,0x464ec,Administrator,S-1-5-21-4107424128-4158083573-1300325248-500,,,,,,,,,,
2025-06-11T13:40:36.012603Z,5136,DC01.pirate.htb,Microsoft-Windows-Security-Auditing,Security,15198,0,,,,,,-,servicePrincipalName,2.5.5.12,TERMSRV/WEB01,,,,,pirate.htb,%%14676,,,,,,,,,,,,,computer,"CN=WEB01,CN=Computers,DC=pirate,DC=htb",983C1937-6799-4BB4-956D-45B26FAD610B,,,,58352C8B-58D1-4199-83AD-56DBE6B889C6,%%14674,,,,,,,PIRATE,0x464ec,Administrator,S-1-5-21-4107424128-4158083573-1300325248-500,,,,,,,,,,
2025-06-11T13:40:36.012765Z,5136,DC01.pirate.htb,Microsoft-Windows-Security-Auditing,Security,15199,0,,,,,,-,servicePrincipalName,2.5.5.12,TERMSRV/WEB01.pirate.htb,,,,,pirate.htb,%%14676,,,,,,,,,,,,,computer,"CN=WEB01,CN=Computers,DC=pirate,DC=htb",983C1937-6799-4BB4-956D-45B26FAD610B,,,,EEFCCBE7-16F3-4E7A-B662-C7D48C73C225,%%14674,,,,,,,PIRATE,0x464ec,Administrator,S-1-5-21-4107424128-4158083573-1300325248-500,,,,,,,,,,
2025-06-11T13:40:36.012910Z,5136,DC01.pirate.htb,Microsoft-Windows-Security-Auditing,Security,15200,0,,,,,,-,servicePrincipalName,2.5.5.12,RestrictedKrbHost/WEB01,,,,,pirate.htb,%%14676,,,,,,,,,,,,,computer,"CN=WEB01,CN=Computers,DC=pirate,DC=htb",983C1937-6799-4BB4-956D-45B26FAD610B,,,,160ACE6E-9E30-473B-A42B-A7627A99463B,%%14674,,,,,,,PIRATE,0x464ec,Administrator,S-1-5-21-4107424128-4158083573-1300325248-500,,,,,,,,,,
2025-06-11T13:40:36.013101Z,5136,DC01.pirate.htb,Microsoft-Windows-Security-Auditing,Security,15201,0,,,,,,-,servicePrincipalName,2.5.5.12,HOST/WEB01,,,,,pirate.htb,%%14676,,,,,,,,,,,,,computer,"CN=WEB01,CN=Computers,DC=pirate,DC=htb",983C1937-6799-4BB4-956D-45B26FAD610B,,,,1750D1DB-0194-4260-BCD1-F9A5B4C55B57,%%14674,,,,,,,PIRATE,0x464ec,Administrator,S-1-5-21-4107424128-4158083573-1300325248-500,,,,,,,,,,
2025-06-11T13:40:36.013246Z,5136,DC01.pirate.htb,Microsoft-Windows-Security-Auditing,Security,15202,0,,,,,,-,servicePrincipalName,2.5.5.12,RestrictedKrbHost/WEB01.pirate.htb,,,,,pirate.htb,%%14676,,,,,,,,,,,,,computer,"CN=WEB01,CN=Computers,DC=pirate,DC=htb",983C1937-6799-4BB4-956D-45B26FAD610B,,,,C3A82024-CA38-4B92-B463-81CCDE61881E,%%14674,,,,,,,PIRATE,0x464ec,Administrator,S-1-5-21-4107424128-4158083573-1300325248-500,,,,,,,,,,
2025-06-11T13:40:36.013415Z,5136,DC01.pirate.htb,Microsoft-Windows-Security-Auditing,Security,15203,0,,,,,,-,servicePrincipalName,2.5.5.12,HOST/WEB01.pirate.htb,,,,,pirate.htb,%%14676,,,,,,,,,,,,,computer,"CN=WEB01,CN=Computers,DC=pirate,DC=htb",983C1937-6799-4BB4-956D-45B26FAD610B,,,,0960EE75-E327-476F-AB22-88352C33FB22,%%14674,,,,,,,PIRATE,0x464ec,Administrator,S-1-5-21-4107424128-4158083573-1300325248-500,,,,,,,,,,
2025-06-11T13:40:40.300625Z,4662,DC01.pirate.htb,Microsoft-Windows-Security-Auditing,Security,15204,0,"%%7684
				",0x10,-,,,,,,,,,,,,,,,0x0,,,,,,,,,,,,,%{5e3ab36b-50b0-4e33-8c6f-fe5965ef07c3},DS,%{bf967a8b-0de6-11d0-a285-00aa003049e2},,Object Access,,,,,"%%7684
		{e48d0154-bcf8-11d1-8702-00c04fb96050}
			{bf9679e5-0de6-11d0-a285-00aa003049e2}
	{bf967a8b-0de6-11d0-a285-00aa003049e2}
",,PIRATE,0x464ec,Administrator,S-1-5-21-4107424128-4158083573-1300325248-500,,,,,,,,,,
2025-06-11T13:40:40.300758Z,4662,DC01.pirate.htb,Microsoft-Windows-Security-Auditing,Security,15205,0,"%%7684
				",0x10,-,,,,,,,,,,,,,,,0x0,,,,,,,,,,,,,%{5e3ab36b-50b0-4e33-8c6f-fe5965ef07c3},DS,%{bf967a8b-0de6-11d0-a285-00aa003049e2},,Object Access,,,,,"%%7684
		{e48d0154-bcf8-11d1-8702-00c04fb96050}
			{bf967a0e-0de6-11d0-a285-00aa003049e2}
			{9a7ad941-ca53-11d1-bbd0-0080c76670c0}
	{bf967a8b-0de6-11d0-a285-00aa003049e2}
",,PIRATE,0x464ec,Administrator,S-1-5-21-4107424128-4158083573-1300325248-500,,,,,,,,,,
2025-06-11T13:40:40.305633Z,4662,DC01.pirate.htb,Microsoft-Windows-Security-Auditing,Security,15206,0,"%%1538
				",0x20000,-,,,,,,,,,,,,,,,0x0,,,,,,,,,,,,,%{5e3ab36b-50b0-4e33-8c6f-fe5965ef07c3},DS,%{bf967a8b-0de6-11d0-a285-00aa003049e2},,Object Access,,,,,"%%1538
	{bf967a8b-0de6-11d0-a285-00aa003049e2}
",,PIRATE,0x464ec,Administrator,S-1-5-21-4107424128-4158083573-1300325248-500,,,,,,,,,,
2025-06-11T13:40:40.305637Z,4662,DC01.pirate.htb,Microsoft-Windows-Security-Auditing,Security,15207,0,"%%7684
				",0x10,-,,,,,,,,,,,,,,,0x0,,,,,,,,,,,,,%{5e3ab36b-50b0-4e33-8c6f-fe5965ef07c3},DS,%{bf967a8b-0de6-11d0-a285-00aa003049e2},,Object Access,,,,,"%%7684
	{bf967a8b-0de6-11d0-a285-00aa003049e2}
",,PIRATE,0x464ec,Administrator,S-1-5-21-4107424128-4158083573-1300325248-500,,,,,,,,,,
2025-06-11T13:40:40.305807Z,4662,DC01.pirate.htb,Microsoft-Windows-Security-Auditing,Security,15208,0,"%%7684
				",0x10,-,,,,,,,,,,,,,,,0x0,,,,,,,,,,,,,%{5e3ab36b-50b0-4e33-8c6f-fe5965ef07c3},DS,%{bf967a8b-0de6-11d0-a285-00aa003049e2},,Object Access,,,,,"%%7684
		{59ba2f42-79a2-11d0-9020-00c04fc2d3cf}
			{c3dbafa6-33df-11d2-98b2-0000f87a57d4}
	{bf967a8b-0de6-11d0-a285-00aa003049e2}
",,PIRATE,0x464ec,Administrator,S-1-5-21-4107424128-4158083573-1300325248-500,,,,,,,,,,
2025-06-11T13:40:40.305992Z,4662,DC01.pirate.htb,Microsoft-Windows-Security-Auditing,Security,15209,0,"%%7684
				",0x10,-,,,,,,,,,,,,,,,0x0,,,,,,,,,,,,,%{5e3ab36b-50b0-4e33-8c6f-fe5965ef07c3},DS,%{bf967a8b-0de6-11d0-a285-00aa003049e2},,Object Access,,,,,"%%7684
		{771727b1-31b8-4cdf-ae62-4fe39fadf89e}
			{bf96798c-0de6-11d0-a285-00aa003049e2}
	{bf967a8b-0de6-11d0-a285-00aa003049e2}
",,PIRATE,0x464ec,Administrator,S-1-5-21-4107424128-4158083573-1300325248-500,,,,,,,,,,
2025-06-11T13:40:40.306149Z,4662,DC01.pirate.htb,Microsoft-Windows-Security-Auditing,Security,15210,0,"%%1538
				",0x20000,-,,,,,,,,,,,,,,,0x0,,,,,,,,,,,,,%{5e3ab36b-50b0-4e33-8c6f-fe5965ef07c3},DS,%{bf967a8b-0de6-11d0-a285-00aa003049e2},,Object Access,,,,,"%%1538
	{bf967a8b-0de6-11d0-a285-00aa003049e2}
",,PIRATE,0x464ec,Administrator,S-1-5-21-4107424128-4158083573-1300325248-500,,,,,,,,,,
2025-06-11T13:40:40.306317Z,4662,DC01.pirate.htb,Microsoft-Windows-Security-Auditing,Security,15211,0,"%%7684
				",0x10,-,,,,,,,,,,,,,,,0x0,,,,,,,,,,,,,%{5e3ab36b-50b0-4e33-8c6f-fe5965ef07c3},DS,%{bf967a8b-0de6-11d0-a285-00aa003049e2},,Object Access,,,,,"%%7684
	{bf967a8b-0de6-11d0-a285-00aa003049e2}
		{e48d0154-bcf8-11d1-8702-00c04fb96050}
			{bf9679e5-0de6-11d0-a285-00aa003049e2}
			{bf96793f-0de6-11d0-a285-00aa003049e2}
			{bf967950-0de6-11d0-a285-00aa003049e2}
			{bf9679e4-0de6-11d0-a285-00aa003049e2}
			{bf967a06-0de6-11d0-a285-00aa003049e2}
			{bf967954-0de6-11d0-a285-00aa003049e2}
			{bf967a1c-0de6-11d0-a285-00aa003049e2}
			{bf967a0e-0de6-11d0-a285-00aa003049e2}
			{bf9679e7-0de6-11d0-a285-00aa003049e2}
			{e0fa1e62-9b45-11d0-afdd-00c04fd930c9}
			{26d97369-6070-11d1-a9c6-0000f80367c1}
		{771727b1-31b8-4cdf-ae62-4fe39fadf89e}
			{167757bc-47f3-11d1-a9c3-0000f80367c1}
			{16775848-47f3-11d1-a9c3-0000f80367c1}
			{bf967a1e-0de6-11d0-a285-00aa003049e2}
			{bf967a1d-0de6-11d0-a285-00aa003049e2}
			{bf9679f4-0de6-11d0-a285-00aa003049e2}
			{bf967a6f-0de6-11d0-a285-00aa003049e2}
			{bf967a73-0de6-11d0-a285-00aa003049e2}
			{bf96791a-0de6-11d0-a285-00aa003049e2}
			{bf96798c-0de6-11d0-a285-00aa003049e2}
			{bf967972-0de6-11d0-a285-00aa003049e2}
			{bf967a71-0de6-11d0-a285-00aa003049e2}
			{bf967a78-0de6-11d0-a285-00aa003049e2}
			{bf967a77-0de6-11d0-a285-00aa003049e2}
			{a8df7498-c5ea-11d1-bbcb-0080c76670c0}
			{bf967a2c-0de6-11d0-a285-00aa003049e2}
			{bf967a3c-0de6-11d0-a285-00aa003049e2}
			{bf967a16-0de6-11d0-a285-00aa003049e2}
			{bf967976-0de6-11d0-a285-00aa003049e2}
			{bf967a21-0de6-11d0-a285-00aa003049e2}
			{bf967948-0de6-11d0-a285-00aa003049e2}
			{244b2970-5abd-11d0-afd2-00c04fd930c9}
			{66171887-8f3c-11d0-afda-00c04fd930c9}
			{bf967a70-0de6-11d0-a285-00aa003049e2}
			{3e10944d-c354-11d0-aff8-0000f80367c1}
			{26d9736e-6070-11d1-a9c6-0000f80367c1}
			{52458019-ca6a-11d0-afff-0000f80367c1}
			{e1aea404-cd5b-11d0-afff-0000f80367c1}
			{05308983-7688-11d1-aded-00c04fd8d5cd}
			{19405b9c-3cfa-11d1-a9c0-0000f80367c1}
			{19405b9e-3cfa-11d1-a9c0-0000f80367c1}
			{0296c124-40da-11d1-a9c0-0000f80367c1}
			{28630ec0-41d5-11d1-a9c1-0000f80367c1}
			{52ab8670-5709-11d1-a9c6-0000f80367c1}
			{bf96798f-0de6-11d0-a285-00aa003049e2}
			{d50c2cdb-8951-11d1-aebc-0000f80367c1}
			{07383082-91df-11d1-aebc-0000f80367c1}
			{00fbf30d-91fe-11d1-aebc-0000f80367c1}
			{2a132579-9373-11d1-aebc-0000f80367c1}
			{2a13257f-9373-11d1-aebc-0000f80367c1}
			{167758ad-47f3-11d1-a9c3-0000f80367c1}
			{e1aea402-cd5b-11d0-afff-0000f80367c1}
			{d167aa4b-8b08-11d2-9939-0000f87a57d4}
			{1ea64e5d-ac0f-11d2-90df-00c04fd91ab1}
			{23773dc2-b63a-11d2-90e1-00c04fd91ab1}
			{178b7bc2-b63a-11d2-90e1-00c04fd91ab1}
			{e48e64e0-12c9-11d3-9102-00c04fd91ab1}
			{67f121dc-7d02-4c7d-82f5-9ad4c950ac34}
			{9e6f3a4d-242c-4f37-b068-36b57f9fc852}
			{2a8c68fc-3a7a-4e87-8720-fe77c51cbe74}
			{ececcd20-a7e0-4688-9ccf-02ece5e287f5}
			{a637d211-5739-4ed1-89b2-88974548bc59}
			{df446e52-b5fa-4ca2-a42f-13f98a526c8f}
			{f85b6228-3734-4525-b6b7-3f3bb220902c}
			{a0dcd536-5158-42fe-8c40-c00a7ad37959}
			{60234769-4819-4615-a1b2-49d2f119acb5}
			{638ec2e8-22e7-409c-85d2-11b21bee72de}
			{2b702515-c1f7-4b3b-b148-c0e4c6ceecb4}
			{94f6f2ac-c76d-4b5e-b71f-f332c3e93c22}
			{5dd68c41-bfdf-438b-9b5d-39d9618bf260}
			{c8bc72e0-a6b4-48f0-94a5-fd76a88c9987}
			{ff155a2a-44e5-4de0-8318-13a58988de4f}
			{37c94ff6-c6d4-498f-b2f9-c6f7f8647809}
			{e8b2c971-a6df-47bc-8d6f-62770d527aa5}
			{f547511c-5b2a-44cc-8358-992a88258164}
			{5e6cf031-bda8-43c8-aca4-8fee4127005b}
			{5a2eacd7-cc2b-48cf-9d9a-b6f1a0024de9}
			{1a3d0d20-5844-4199-ad25-0f5039a76ada}
			{79abe4eb-88f3-48e7-89d6-f4bc7e98c331}
			{8fb59256-55f1-444b-aacb-f5b482fe3459}
			{8ab15858-683e-466d-877f-d640e1f9a611}
			{ce5b01bc-17c6-44b8-9dc1-a9668b00901b}
			{54d522db-ec95-48f5-9bbd-1880ebbb2180}
			{7469b704-edb0-4568-a5a5-59f4862c75a7}
			{998c06ac-3f87-444e-a5df-11b03dc8a50c}
			{ab5543ad-23a1-3b45-b937-9b313d5474a8}
			{5a5661a1-97c6-544b-8056-e430fe7bc554}
			{d5006229-9913-2242-8b17-83761d1e0e5b}
			{78565e80-03d4-4fe3-afac-8c3bca2f3653}
			{b002f407-1340-41eb-bca0-bd7d938e25a9}
			{34f6bdf5-2e79-4c3b-8e14-3d93b75aab89}
			{7bd76b92-3244-438a-ada6-24f5ea34381e}
			{adde62c6-1880-41ed-bd3c-30b7d25e14f0}
			{5eb526d7-d71b-44ae-8cc6-95460052e6ac}
		{59ba2f42-79a2-11d0-9020-00c04fc2d3cf}
			{bf967953-0de6-11d0-a285-00aa003049e2}
			{bf967984-0de6-11d0-a285-00aa003049e2}
			{bf967919-0de6-11d0-a285-00aa003049e2}
		{e45795b3-9455-11d1-aebd-0000f80367c1}
			{bf967a7a-0de6-11d0-a285-00aa003049e2}
			{9a9a0221-4a5b-11d1-a9c3-0000f80367c1}
		{bc0ac240-79a9-11d0-9020-00c04fc2d4cf}
			{bf967991-0de6-11d0-a285-00aa003049e2}
",,PIRATE,0x464ec,Administrator,S-1-5-21-4107424128-4158083573-1300325248-500,,,,,,,,,,
2025-06-11T13:40:40.306516Z,4662,DC01.pirate.htb,Microsoft-Windows-Security-Auditing,Security,15212,0,"%%7684
				",0x10,-,,,,,,,,,,,,,,,0x0,,,,,,,,,,,,,%{5e3ab36b-50b0-4e33-8c6f-fe5965ef07c3},DS,%{bf967a8b-0de6-11d0-a285-00aa003049e2},,Object Access,,,,,"%%7684
		{59ba2f42-79a2-11d0-9020-00c04fc2d3cf}
			{bf967953-0de6-11d0-a285-00aa003049e2}
	{bf967a8b-0de6-11d0-a285-00aa003049e2}
",,PIRATE,0x464ec,Administrator,S-1-5-21-4107424128-4158083573-1300325248-500,,,,,,,,,,
2025-06-11T13:40:40.308175Z,4662,DC01.pirate.htb,Microsoft-Windows-Security-Auditing,Security,15213,0,"%%7684
				",0x10,-,,,,,,,,,,,,,,,0x0,,,,,,,,,,,,,%{5e3ab36b-50b0-4e33-8c6f-fe5965ef07c3},DS,%{bf967a8b-0de6-11d0-a285-00aa003049e2},,Object Access,,,,,"%%7684
		{e48d0154-bcf8-11d1-8702-00c04fb96050}
			{bf9679e5-0de6-11d0-a285-00aa003049e2}
	{bf967a8b-0de6-11d0-a285-00aa003049e2}
",,PIRATE,0x464ec,Administrator,S-1-5-21-4107424128-4158083573-1300325248-500,,,,,,,,,,
2025-06-11T13:40:40.308350Z,4662,DC01.pirate.htb,Microsoft-Windows-Security-Auditing,Security,15214,0,"%%7684
				",0x10,-,,,,,,,,,,,,,,,0x0,,,,,,,,,,,,,%{5e3ab36b-50b0-4e33-8c6f-fe5965ef07c3},DS,%{bf967a8b-0de6-11d0-a285-00aa003049e2},,Object Access,,,,,"%%7684
		{771727b1-31b8-4cdf-ae62-4fe39fadf89e}
			{3860949f-f6a8-4b38-9950-81ecb6bc2982}
	{bf967a8b-0de6-11d0-a285-00aa003049e2}
",,PIRATE,0x464ec,Administrator,S-1-5-21-4107424128-4158083573-1300325248-500,,,,,,,,,,
2025-06-11T13:40:40.310225Z,4662,DC01.pirate.htb,Microsoft-Windows-Security-Auditing,Security,15215,0,"%%7684
				",0x10,-,,,,,,,,,,,,,,,0x0,,,,,,,,,,,,,%{5e3ab36b-50b0-4e33-8c6f-fe5965ef07c3},DS,%{bf967a8b-0de6-11d0-a285-00aa003049e2},,Object Access,,,,,"%%7684
		{e48d0154-bcf8-11d1-8702-00c04fb96050}
			{bf9679e5-0de6-11d0-a285-00aa003049e2}
	{bf967a8b-0de6-11d0-a285-00aa003049e2}
",,PIRATE,0x464ec,Administrator,S-1-5-21-4107424128-4158083573-1300325248-500,,,,,,,,,,
2025-06-11T13:40:40.330337Z,4662,DC01.pirate.htb,Microsoft-Windows-Security-Auditing,Security,15216,0,"%%7684
				",0x10,-,,,,,,,,,,,,,,,0x0,,,,,,,,,,,,,%{5e3ab36b-50b0-4e33-8c6f-fe5965ef07c3},DS,%{bf967a8b-0de6-11d0-a285-00aa003049e2},,Object Access,,,,,"%%7684
		{e48d0154-bcf8-11d1-8702-00c04fb96050}
			{bf967950-0de6-11d0-a285-00aa003049e2}
			{bf967a0e-0de6-11d0-a285-00aa003049e2}
	{bf967a8b-0de6-11d0-a285-00aa003049e2}
",,PIRATE,0x464ec,Administrator,S-1-5-21-4107424128-4158083573-1300325248-500,,,,,,,,,,
2025-06-11T13:40:40.330501Z,4662,DC01.pirate.htb,Microsoft-Windows-Security-Auditing,Security,15217,0,"%%7684
				",0x10,-,,,,,,,,,,,,,,,0x0,,,,,,,,,,,,,%{5e3ab36b-50b0-4e33-8c6f-fe5965ef07c3},DS,%{bf967a8b-0de6-11d0-a285-00aa003049e2},,Object Access,,,,,"%%7684
		{e48d0154-bcf8-11d1-8702-00c04fb96050}
			{bf9679e5-0de6-11d0-a285-00aa003049e2}
	{bf967a8b-0de6-11d0-a285-00aa003049e2}
",,PIRATE,0x464ec,Administrator,S-1-5-21-4107424128-4158083573-1300325248-500,,,,,,,,,,
2025-06-11T13:40:46.867464Z,4662,DC01.pirate.htb,Microsoft-Windows-Security-Auditing,Security,15218,0,"%%1538
				",0x20000,-,,,,,,,,,,,,,,,0x0,,,,,,,,,,,,,%{5e3ab36b-50b0-4e33-8c6f-fe5965ef07c3},DS,%{bf967a8b-0de6-11d0-a285-00aa003049e2},,Object Access,,,,,"%%1538
	{bf967a8b-0de6-11d0-a285-00aa003049e2}
",,PIRATE,0x464ec,Administrator,S-1-5-21-4107424128-4158083573-1300325248-500,,,,,,,,,,
2025-06-11T13:40:46.867469Z,4662,DC01.pirate.htb,Microsoft-Windows-Security-Auditing,Security,15219,0,"%%7684
				",0x10,-,,,,,,,,,,,,,,,0x0,,,,,,,,,,,,,%{5e3ab36b-50b0-4e33-8c6f-fe5965ef07c3},DS,%{bf967a8b-0de6-11d0-a285-00aa003049e2},,Object Access,,,,,"%%7684
	{bf967a8b-0de6-11d0-a285-00aa003049e2}
",,PIRATE,0x464ec,Administrator,S-1-5-21-4107424128-4158083573-1300325248-500,,,,,,,,,,
2025-06-11T13:40:46.875678Z,4662,DC01.pirate.htb,Microsoft-Windows-Security-Auditing,Security,15220,0,"%%7684
				",0x10,-,,,,,,,,,,,,,,,0x0,,,,,,,,,,,,,%{5e3ab36b-50b0-4e33-8c6f-fe5965ef07c3},DS,%{bf967a8b-0de6-11d0-a285-00aa003049e2},,Object Access,,,,,"%%7684
	{bf967a8b-0de6-11d0-a285-00aa003049e2}
",,PIRATE,0x464ec,Administrator,S-1-5-21-4107424128-4158083573-1300325248-500,,,,,,,,,,
2025-06-11T13:40:46.898820Z,4662,DC01.pirate.htb,Microsoft-Windows-Security-Auditing,Security,15221,0,"%%1538
				",0x20000,-,,,,,,,,,,,,,,,0x0,,,,,,,,,,,,,%{5e3ab36b-50b0-4e33-8c6f-fe5965ef07c3},DS,%{bf967a8b-0de6-11d0-a285-00aa003049e2},,Object Access,,,,,"%%1538
	{bf967a8b-0de6-11d0-a285-00aa003049e2}
",,PIRATE,0x464ec,Administrator,S-1-5-21-4107424128-4158083573-1300325248-500,,,,,,,,,,
2025-06-11T13:40:46.898824Z,4662,DC01.pirate.htb,Microsoft-Windows-Security-Auditing,Security,15222,0,"%%7684
				",0x10,-,,,,,,,,,,,,,,,0x0,,,,,,,,,,,,,%{5e3ab36b-50b0-4e33-8c6f-fe5965ef07c3},DS,%{bf967a8b-0de6-11d0-a285-00aa003049e2},,Object Access,,,,,"%%7684
	{bf967a8b-0de6-11d0-a285-00aa003049e2}
",,PIRATE,0x464ec,Administrator,S-1-5-21-4107424128-4158083573-1300325248-500,,,,,,,,,,
2025-06-11T13:41:21.884723Z,4662,DC01.pirate.htb,Microsoft-Windows-Security-Auditing,Security,15223,0,-,0x0,-,,,,,,,,,,,,,,,0x0,,,,,,,,,,,,,%{75cd4f56-94b1-49a5-b6e5-04c82f405d83},DS,%{bf967a86-0de6-11d0-a285-00aa003049e2},,Object Access,,,,,"---
	{bf967a86-0de6-11d0-a285-00aa003049e2}
%%7685
			{3e0abfd0-126a-11d0-a060-00aa006c33ed}
		{4c164200-20c0-11d0-a768-00aa006e0529}
			{bf967a68-0de6-11d0-a285-00aa003049e2}
		{59ba2f42-79a2-11d0-9020-00c04fc2d3cf}
",,PIRATE,0x1351ec,a.white,S-1-5-21-4107424128-4158083573-1300325248-3101,,,,,,,,,,
2025-06-11T13:41:25.839644Z,5136,DC01.pirate.htb,Microsoft-Windows-Security-Auditing,Security,15224,0,,,,,,-,userAccountControl,2.5.5.9,4096,,,,,pirate.htb,%%14676,,,,,,,,,,,,,computer,"CN=ATTACKER,CN=Computers,dc=pirate,dc=htb",75CD4F56-94B1-49A5-B6E5-04C82F405D83,,,,C26C446C-1757-4C57-9CE0-AA151C76DCF0,%%14674,,,,,,,PIRATE,0x1351ec,a.white,S-1-5-21-4107424128-4158083573-1300325248-3101,,,,,,,,,,
2025-06-11T13:41:25.839818Z,5136,DC01.pirate.htb,Microsoft-Windows-Security-Auditing,Security,15225,0,,,,,,-,sAMAccountName,2.5.5.12,ATTACKER$,,,,,pirate.htb,%%14676,,,,,,,,,,,,,computer,"CN=ATTACKER,CN=Computers,dc=pirate,dc=htb",75CD4F56-94B1-49A5-B6E5-04C82F405D83,,,,C26C446C-1757-4C57-9CE0-AA151C76DCF0,%%14674,,,,,,,PIRATE,0x1351ec,a.white,S-1-5-21-4107424128-4158083573-1300325248-3101,,,,,,,,,,
2025-06-11T13:50:48.802336Z,4662,DC01.pirate.htb,Microsoft-Windows-Security-Auditing,Security,15226,0,-,0x0,-,,,,,,,,,,,,,,,0x0,,,,,,,,,,,,,%{c822b694-a457-49f9-b014-2a4fe9bea572},DS,%{bf967a86-0de6-11d0-a285-00aa003049e2},,Object Access,,,,,"---
	{bf967a86-0de6-11d0-a285-00aa003049e2}
%%7685
			{3e0abfd0-126a-11d0-a060-00aa006c33ed}
		{4c164200-20c0-11d0-a768-00aa006e0529}
			{bf967a68-0de6-11d0-a285-00aa003049e2}
		{59ba2f42-79a2-11d0-9020-00c04fc2d3cf}
",,PIRATE,0x17eae8,a.white,S-1-5-21-4107424128-4158083573-1300325248-3101,,,,,,,,,,
2025-06-11T13:50:56.056875Z,5136,DC01.pirate.htb,Microsoft-Windows-Security-Auditing,Security,15227,0,,,,,,-,userAccountControl,2.5.5.9,4096,,,,,pirate.htb,%%14676,,,,,,,,,,,,,computer,"CN=ATTACKER,CN=Computers,dc=pirate,dc=htb",C822B694-A457-49F9-B014-2A4FE9BEA572,,,,B7FE66C6-9C33-4C12-AF3F-1198FEC20009,%%14674,,,,,,,PIRATE,0x17eae8,a.white,S-1-5-21-4107424128-4158083573-1300325248-3101,,,,,,,,,,
2025-06-11T13:50:56.057076Z,5136,DC01.pirate.htb,Microsoft-Windows-Security-Auditing,Security,15228,0,,,,,,-,sAMAccountName,2.5.5.12,ATTACKER$,,,,,pirate.htb,%%14676,,,,,,,,,,,,,computer,"CN=ATTACKER,CN=Computers,dc=pirate,dc=htb",C822B694-A457-49F9-B014-2A4FE9BEA572,,,,B7FE66C6-9C33-4C12-AF3F-1198FEC20009,%%14674,,,,,,,PIRATE,0x17eae8,a.white,S-1-5-21-4107424128-4158083573-1300325248-3101,,,,,,,,,,
2025-06-11T13:51:59.348609Z,4662,DC01.pirate.htb,Microsoft-Windows-Security-Auditing,Security,15229,0,-,0x0,-,,,,,,,,,,,,,,,0x0,,,,,,,,,,,,,%{693ddfc8-c1fa-45d9-9525-7e283d1b7ccf},DS,%{bf967a86-0de6-11d0-a285-00aa003049e2},,Object Access,,,,,"---
	{bf967a86-0de6-11d0-a285-00aa003049e2}
%%7685
			{3e0abfd0-126a-11d0-a060-00aa006c33ed}
		{4c164200-20c0-11d0-a768-00aa006e0529}
			{bf967a68-0de6-11d0-a285-00aa003049e2}
		{59ba2f42-79a2-11d0-9020-00c04fc2d3cf}
",,PIRATE,0x19c0e3,a.white,S-1-5-21-4107424128-4158083573-1300325248-3101,,,,,,,,,,
2025-06-11T13:52:06.124902Z,5136,DC01.pirate.htb,Microsoft-Windows-Security-Auditing,Security,15230,0,,,,,,-,userAccountControl,2.5.5.9,4096,,,,,pirate.htb,%%14676,,,,,,,,,,,,,computer,"CN=ATTACKER,CN=Computers,dc=pirate,dc=htb",693DDFC8-C1FA-45D9-9525-7E283D1B7CCF,,,,E372B8E4-FC4F-4F10-A9EC-3099BFEAC874,%%14674,,,,,,,PIRATE,0x19c0e3,a.white,S-1-5-21-4107424128-4158083573-1300325248-3101,,,,,,,,,,
2025-06-11T13:52:06.125062Z,5136,DC01.pirate.htb,Microsoft-Windows-Security-Auditing,Security,15231,0,,,,,,-,sAMAccountName,2.5.5.12,ATTACKER$,,,,,pirate.htb,%%14676,,,,,,,,,,,,,computer,"CN=ATTACKER,CN=Computers,dc=pirate,dc=htb",693DDFC8-C1FA-45D9-9525-7E283D1B7CCF,,,,E372B8E4-FC4F-4F10-A9EC-3099BFEAC874,%%14674,,,,,,,PIRATE,0x19c0e3,a.white,S-1-5-21-4107424128-4158083573-1300325248-3101,,,,,,,,,,
2025-06-11T14:03:34.862626Z,4616,DC01.pirate.htb,Microsoft-Windows-Security-Auditing,Security,15232,0,,,,,,,,,,,,,,,,,,,,,,,,,,,2025-06-11T14:03:34.852000Z,,,,,,,,,,2025-06-11T13:53:44.131660Z,0x9f0,C:\Program Files\VMware\VMware Tools\vmtoolsd.exe,,,PIRATE,0x3e7,DC01$,S-1-5-18,,,,,,,,,,
2025-06-11T14:09:01.743663Z,4662,DC01.pirate.htb,Microsoft-Windows-Security-Auditing,Security,15233,0,"%%1538
				",0x20000,-,,,,,,,,,,,,,,,0x0,,,,,,,,,,,,,%{afff0694-70ff-4985-9456-bb96e5b03812},DS,%{e0fa1e8b-9b45-11d0-afdd-00c04fd930c9},,Object Access,,,,,"%%1538
	{e0fa1e8b-9b45-11d0-afdd-00c04fd930c9}
",,PIRATE,0x464ec,Administrator,S-1-5-21-4107424128-4158083573-1300325248-500,,,,,,,,,,
2025-06-11T14:09:01.743670Z,4662,DC01.pirate.htb,Microsoft-Windows-Security-Auditing,Security,15234,0,"%%7684
				",0x10,-,,,,,,,,,,,,,,,0x0,,,,,,,,,,,,,%{afff0694-70ff-4985-9456-bb96e5b03812},DS,%{e0fa1e8b-9b45-11d0-afdd-00c04fd930c9},,Object Access,,,,,"%%7684
	{e0fa1e8b-9b45-11d0-afdd-00c04fd930c9}
",,PIRATE,0x464ec,Administrator,S-1-5-21-4107424128-4158083573-1300325248-500,,,,,,,,,,
2025-06-11T14:09:01.749954Z,4662,DC01.pirate.htb,Microsoft-Windows-Security-Auditing,Security,15235,0,"%%7684
				",0x10,-,,,,,,,,,,,,,,,0x0,,,,,,,,,,,,,%{afff0694-70ff-4985-9456-bb96e5b03812},DS,%{e0fa1e8b-9b45-11d0-afdd-00c04fd930c9},,Object Access,,,,,"%%7684
	{e0fa1e8b-9b45-11d0-afdd-00c04fd930c9}
",,PIRATE,0x464ec,Administrator,S-1-5-21-4107424128-4158083573-1300325248-500,,,,,,,,,,
2025-06-11T14:09:01.751662Z,4662,DC01.pirate.htb,Microsoft-Windows-Security-Auditing,Security,15236,0,"%%1538
				",0x20000,-,,,,,,,,,,,,,,,0x0,,,,,,,,,,,,,%{afff0694-70ff-4985-9456-bb96e5b03812},DS,%{e0fa1e8b-9b45-11d0-afdd-00c04fd930c9},,Object Access,,,,,"%%1538
	{e0fa1e8b-9b45-11d0-afdd-00c04fd930c9}
",,PIRATE,0x464ec,Administrator,S-1-5-21-4107424128-4158083573-1300325248-500,,,,,,,,,,
2025-06-11T14:09:01.751666Z,4662,DC01.pirate.htb,Microsoft-Windows-Security-Auditing,Security,15237,0,"%%7684
				",0x10,-,,,,,,,,,,,,,,,0x0,,,,,,,,,,,,,%{afff0694-70ff-4985-9456-bb96e5b03812},DS,%{e0fa1e8b-9b45-11d0-afdd-00c04fd930c9},,Object Access,,,,,"%%7684
	{e0fa1e8b-9b45-11d0-afdd-00c04fd930c9}
",,PIRATE,0x464ec,Administrator,S-1-5-21-4107424128-4158083573-1300325248-500,,,,,,,,,,
2025-06-11T14:09:03.530335Z,4662,DC01.pirate.htb,Microsoft-Windows-Security-Auditing,Security,15238,0,"%%7685
				",0x20,-,,,,,,,,,,,,,,,0x0,,,,,,,,,,,,,%{afff0694-70ff-4985-9456-bb96e5b03812},DS,%{e0fa1e8b-9b45-11d0-afdd-00c04fd930c9},,Object Access,,,,,"%%7685
		{771727b1-31b8-4cdf-ae62-4fe39fadf89e}
			{675a15fe-3b70-11d2-90cc-00c04fd91ab1}
	{e0fa1e8b-9b45-11d0-afdd-00c04fd930c9}
",,PIRATE,0x395c6,DC01$,S-1-5-18,,,,,,,,,,
2025-06-11T14:09:03.530623Z,4662,DC01.pirate.htb,Microsoft-Windows-Security-Auditing,Security,15239,0,"%%7685
				",0x20,-,,,,,,,,,,,,,,,0x0,,,,,,,,,,,,,%{469bd39f-3e90-4f1a-b47e-0432e347ae56},DS,%{e0fa1e8c-9b45-11d0-afdd-00c04fd930c9},,Object Access,,,,,"%%7685
		{59ba2f42-79a2-11d0-9020-00c04fc2d3cf}
			{bf967953-0de6-11d0-a285-00aa003049e2}
		{771727b1-31b8-4cdf-ae62-4fe39fadf89e}
			{675a15fe-3b70-11d2-90cc-00c04fd91ab1}
	{e0fa1e8c-9b45-11d0-afdd-00c04fd930c9}
",,PIRATE,0x395c6,DC01$,S-1-5-18,,,,,,,,,,
2025-06-11T14:09:03.531432Z,4662,DC01.pirate.htb,Microsoft-Windows-Security-Auditing,Security,15240,0,"%%7685
				",0x20,-,,,,,,,,,,,,,,,0x0,,,,,,,,,,,,,%{afff0694-70ff-4985-9456-bb96e5b03812},DS,%{e0fa1e8b-9b45-11d0-afdd-00c04fd930c9},,Object Access,,,,,"%%7685
		{771727b1-31b8-4cdf-ae62-4fe39fadf89e}
			{675a15fe-3b70-11d2-90cc-00c04fd91ab1}
	{e0fa1e8b-9b45-11d0-afdd-00c04fd930c9}
",,PIRATE,0x395c6,DC01$,S-1-5-18,,,,,,,,,,
2025-06-11T14:09:03.532380Z,4662,DC01.pirate.htb,Microsoft-Windows-Security-Auditing,Security,15241,0,"%%7685
				",0x20,-,,,,,,,,,,,,,,,0x0,,,,,,,,,,,,,%{469bd39f-3e90-4f1a-b47e-0432e347ae56},DS,%{e0fa1e8c-9b45-11d0-afdd-00c04fd930c9},,Object Access,,,,,"%%7685
		{59ba2f42-79a2-11d0-9020-00c04fc2d3cf}
			{bf967953-0de6-11d0-a285-00aa003049e2}
		{771727b1-31b8-4cdf-ae62-4fe39fadf89e}
			{675a15fe-3b70-11d2-90cc-00c04fd91ab1}
	{e0fa1e8c-9b45-11d0-afdd-00c04fd930c9}
",,PIRATE,0x395c6,DC01$,S-1-5-18,,,,,,,,,,
2025-06-11T14:09:03.532689Z,4662,DC01.pirate.htb,Microsoft-Windows-Security-Auditing,Security,15242,0,"%%7685
				",0x20,-,,,,,,,,,,,,,,,0x0,,,,,,,,,,,,,%{afff0694-70ff-4985-9456-bb96e5b03812},DS,%{e0fa1e8b-9b45-11d0-afdd-00c04fd930c9},,Object Access,,,,,"%%7685
		{771727b1-31b8-4cdf-ae62-4fe39fadf89e}
			{675a15fe-3b70-11d2-90cc-00c04fd91ab1}
	{e0fa1e8b-9b45-11d0-afdd-00c04fd930c9}
",,PIRATE,0x395c6,DC01$,S-1-5-18,,,,,,,,,,
2025-06-11T14:09:03.533227Z,4662,DC01.pirate.htb,Microsoft-Windows-Security-Auditing,Security,15243,0,"%%7685
				",0x20,-,,,,,,,,,,,,,,,0x0,,,,,,,,,,,,,%{469bd39f-3e90-4f1a-b47e-0432e347ae56},DS,%{e0fa1e8c-9b45-11d0-afdd-00c04fd930c9},,Object Access,,,,,"%%7685
		{59ba2f42-79a2-11d0-9020-00c04fc2d3cf}
			{bf967953-0de6-11d0-a285-00aa003049e2}
		{771727b1-31b8-4cdf-ae62-4fe39fadf89e}
			{675a15fe-3b70-11d2-90cc-00c04fd91ab1}
	{e0fa1e8c-9b45-11d0-afdd-00c04fd930c9}
",,PIRATE,0x395c6,DC01$,S-1-5-18,,,,,,,,,,
2025-06-11T14:09:07.119310Z,5136,DC01.pirate.htb,Microsoft-Windows-Security-Auditing,Security,15244,0,,,,,,-,dNSProperty,2.5.5.10,%%14672,,,,,pirate.htb,%%14676,,,,,,,,,,,,,dnsZone,"DC=pirate.htb,cn=MicrosoftDNS,DC=DomainDnsZones,DC=pirate,DC=htb",AFFF0694-70FF-4985-9456-BB96E5B03812,,,,0C51A8CE-E64E-4393-B778-86C24CA92738,%%14675,,,,,,,NT AUTHORITY,0x395c6,SYSTEM,S-1-5-18,,,,,,,,,,
2025-06-11T14:09:07.119406Z,5136,DC01.pirate.htb,Microsoft-Windows-Security-Auditing,Security,15245,0,,,,,,-,dNSProperty,2.5.5.10,%%14672,,,,,pirate.htb,%%14676,,,,,,,,,,,,,dnsZone,"DC=pirate.htb,cn=MicrosoftDNS,DC=DomainDnsZones,DC=pirate,DC=htb",AFFF0694-70FF-4985-9456-BB96E5B03812,,,,0C51A8CE-E64E-4393-B778-86C24CA92738,%%14675,,,,,,,NT AUTHORITY,0x395c6,SYSTEM,S-1-5-18,,,,,,,,,,
2025-06-11T14:09:07.119469Z,5136,DC01.pirate.htb,Microsoft-Windows-Security-Auditing,Security,15246,0,,,,,,-,dNSProperty,2.5.5.10,%%14672,,,,,pirate.htb,%%14676,,,,,,,,,,,,,dnsZone,"DC=pirate.htb,cn=MicrosoftDNS,DC=DomainDnsZones,DC=pirate,DC=htb",AFFF0694-70FF-4985-9456-BB96E5B03812,,,,0C51A8CE-E64E-4393-B778-86C24CA92738,%%14675,,,,,,,NT AUTHORITY,0x395c6,SYSTEM,S-1-5-18,,,,,,,,,,
2025-06-11T14:09:07.119532Z,5136,DC01.pirate.htb,Microsoft-Windows-Security-Auditing,Security,15247,0,,,,,,-,dNSProperty,2.5.5.10,%%14672,,,,,pirate.htb,%%14676,,,,,,,,,,,,,dnsZone,"DC=pirate.htb,cn=MicrosoftDNS,DC=DomainDnsZones,DC=pirate,DC=htb",AFFF0694-70FF-4985-9456-BB96E5B03812,,,,0C51A8CE-E64E-4393-B778-86C24CA92738,%%14675,,,,,,,NT AUTHORITY,0x395c6,SYSTEM,S-1-5-18,,,,,,,,,,
2025-06-11T14:09:07.119592Z,5136,DC01.pirate.htb,Microsoft-Windows-Security-Auditing,Security,15248,0,,,,,,-,dNSProperty,2.5.5.10,%%14672,,,,,pirate.htb,%%14676,,,,,,,,,,,,,dnsZone,"DC=pirate.htb,cn=MicrosoftDNS,DC=DomainDnsZones,DC=pirate,DC=htb",AFFF0694-70FF-4985-9456-BB96E5B03812,,,,0C51A8CE-E64E-4393-B778-86C24CA92738,%%14675,,,,,,,NT AUTHORITY,0x395c6,SYSTEM,S-1-5-18,,,,,,,,,,
