2026-01-08T21:15:23.486947Z,5136,DC01.pirate.htb,Microsoft-Windows-Security-Auditing,Security,17494,0,,,,,,-,dnsRecord,2.5.5.10,%%14672,,,,,pirate.htb,%%14676,,,,,,,,,,,,,dnsNode,"DC=ForestDnsZones,DC=pirate.htb,cn=MicrosoftDNS,DC=DomainDnsZones,DC=pirate,DC=htb",2023FAB1-9A2C-4430-BE1B-BD2A3D3D7774,,,,B199FA06-38E5-4366-AAAD-E7778AB6B7C1,%%14674,,,,,,,NT AUTHORITY,0xcc692,SYSTEM,S-1-5-18,,,,,,,,,,
2026-01-08T21:15:23.487099Z,5136,DC01.pirate.htb,Microsoft-Windows-Security-Auditing,Security,17495,0,,,,,,-,dnsRecord,2.5.5.10,%%14672,,,,,pirate.htb,%%14676,,,,,,,,,,,,,dnsNode,"DC=ForestDnsZones,DC=pirate.htb,cn=MicrosoftDNS,DC=DomainDnsZones,DC=pirate,DC=htb",2023FAB1-9A2C-4430-BE1B-BD2A3D3D7774,,,,B199FA06-38E5-4366-AAAD-E7778AB6B7C1,%%14674,,,,,,,NT AUTHORITY,0xcc692,SYSTEM,S-1-5-18,,,,,,,,,,
2026-01-08T21:15:23.487248Z,5136,DC01.pirate.htb,Microsoft-Windows-Security-Auditing,Security,17496,0,,,,,,-,dnsRecord,2.5.5.10,%%14672,,,,,pirate.htb,%%14676,,,,,,,,,,,,,dnsNode,"DC=ForestDnsZones,DC=pirate.htb,cn=MicrosoftDNS,DC=DomainDnsZones,DC=pirate,DC=htb",2023FAB1-9A2C-4430-BE1B-BD2A3D3D7774,,,,B199FA06-38E5-4366-AAAD-E7778AB6B7C1,%%14674,,,,,,,NT AUTHORITY,0xcc692,SYSTEM,S-1-5-18,,,,,,,,,,
2026-01-08T21:15:23.487397Z,5136,DC01.pirate.htb,Microsoft-Windows-Security-Auditing,Security,17497,0,,,,,,-,dnsRecord,2.5.5.10,%%14672,,,,,pirate.htb,%%14676,,,,,,,,,,,,,dnsNode,"DC=ForestDnsZones,DC=pirate.htb,cn=MicrosoftDNS,DC=DomainDnsZones,DC=pirate,DC=htb",2023FAB1-9A2C-4430-BE1B-BD2A3D3D7774,,,,B199FA06-38E5-4366-AAAD-E7778AB6B7C1,%%14674,,,,,,,NT AUTHORITY,0xcc692,SYSTEM,S-1-5-18,,,,,,,,,,
2026-01-08T21:15:23.487547Z,5136,DC01.pirate.htb,Microsoft-Windows-Security-Auditing,Security,17498,0,,,,,,-,dnsRecord,2.5.5.10,%%14672,,,,,pirate.htb,%%14676,,,,,,,,,,,,,dnsNode,"DC=ForestDnsZones,DC=pirate.htb,cn=MicrosoftDNS,DC=DomainDnsZones,DC=pirate,DC=htb",2023FAB1-9A2C-4430-BE1B-BD2A3D3D7774,,,,B199FA06-38E5-4366-AAAD-E7778AB6B7C1,%%14674,,,,,,,NT AUTHORITY,0xcc692,SYSTEM,S-1-5-18,,,,,,,,,,
2026-01-08T21:15:23.487698Z,5136,DC01.pirate.htb,Microsoft-Windows-Security-Auditing,Security,17499,0,,,,,,-,dNSTombstoned,2.5.5.8,FALSE,,,,,pirate.htb,%%14676,,,,,,,,,,,,,dnsNode,"DC=ForestDnsZones,DC=pirate.htb,cn=MicrosoftDNS,DC=DomainDnsZones,DC=pirate,DC=htb",2023FAB1-9A2C-4430-BE1B-BD2A3D3D7774,,,,B199FA06-38E5-4366-AAAD-E7778AB6B7C1,%%14675,,,,,,,NT AUTHORITY,0xcc692,SYSTEM,S-1-5-18,,,,,,,,,,
2026-01-08T21:15:23.487849Z,5136,DC01.pirate.htb,Microsoft-Windows-Security-Auditing,Security,17500,0,,,,,,-,dNSTombstoned,2.5.5.8,FALSE,,,,,pirate.htb,%%14676,,,,,,,,,,,,,dnsNode,"DC=ForestDnsZones,DC=pirate.htb,cn=MicrosoftDNS,DC=DomainDnsZones,DC=pirate,DC=htb",2023FAB1-9A2C-4430-BE1B-BD2A3D3D7774,,,,B199FA06-38E5-4366-AAAD-E7778AB6B7C1,%%14674,,,,,,,NT AUTHORITY,0xcc692,SYSTEM,S-1-5-18,,,,,,,,,,
2026-01-08T21:15:23.488491Z,5136,DC01.pirate.htb,Microsoft-Windows-Security-Auditing,Security,17501,0,,,,,,-,dnsRecord,2.5.5.10,%%14672,,,,,pirate.htb,%%14676,,,,,,,,,,,,,dnsNode,"DC=dc01,DC=pirate.htb,cn=MicrosoftDNS,DC=DomainDnsZones,DC=pirate,DC=htb",AFF6283F-B417-4237-BC64-56914D112BA3,,,,C2DCE7FD-1B92-4A7C-9E95-4CEF390997B1,%%14675,,,,,,,PIRATE,0xcb694,DC01$,S-1-5-21-4107424128-4158083573-1300325248-1000,,,,,,,,,,
2026-01-08T21:15:23.488994Z,5136,DC01.pirate.htb,Microsoft-Windows-Security-Auditing,Security,17502,0,,,,,,-,dnsRecord,2.5.5.10,%%14672,,,,,pirate.htb,%%14676,,,,,,,,,,,,,dnsNode,"DC=dc01,DC=pirate.htb,cn=MicrosoftDNS,DC=DomainDnsZones,DC=pirate,DC=htb",AFF6283F-B417-4237-BC64-56914D112BA3,,,,C2DCE7FD-1B92-4A7C-9E95-4CEF390997B1,%%14675,,,,,,,PIRATE,0xcb694,DC01$,S-1-5-21-4107424128-4158083573-1300325248-1000,,,,,,,,,,
2026-01-08T21:15:23.489324Z,5136,DC01.pirate.htb,Microsoft-Windows-Security-Auditing,Security,17503,0,,,,,,-,dnsRecord,2.5.5.10,%%14672,,,,,pirate.htb,%%14676,,,,,,,,,,,,,dnsNode,"DC=dc01,DC=pirate.htb,cn=MicrosoftDNS,DC=DomainDnsZones,DC=pirate,DC=htb",AFF6283F-B417-4237-BC64-56914D112BA3,,,,C2DCE7FD-1B92-4A7C-9E95-4CEF390997B1,%%14674,,,,,,,PIRATE,0xcb694,DC01$,S-1-5-21-4107424128-4158083573-1300325248-1000,,,,,,,,,,
2026-01-08T21:15:23.489648Z,5136,DC01.pirate.htb,Microsoft-Windows-Security-Auditing,Security,17504,0,,,,,,-,dNSTombstoned,2.5.5.8,FALSE,,,,,pirate.htb,%%14676,,,,,,,,,,,,,dnsNode,"DC=dc01,DC=pirate.htb,cn=MicrosoftDNS,DC=DomainDnsZones,DC=pirate,DC=htb",AFF6283F-B417-4237-BC64-56914D112BA3,,,,C2DCE7FD-1B92-4A7C-9E95-4CEF390997B1,%%14675,,,,,,,PIRATE,0xcb694,DC01$,S-1-5-21-4107424128-4158083573-1300325248-1000,,,,,,,,,,
2026-01-08T21:15:23.489978Z,5136,DC01.pirate.htb,Microsoft-Windows-Security-Auditing,Security,17505,0,,,,,,-,dNSTombstoned,2.5.5.8,FALSE,,,,,pirate.htb,%%14676,,,,,,,,,,,,,dnsNode,"DC=dc01,DC=pirate.htb,cn=MicrosoftDNS,DC=DomainDnsZones,DC=pirate,DC=htb",AFF6283F-B417-4237-BC64-56914D112BA3,,,,C2DCE7FD-1B92-4A7C-9E95-4CEF390997B1,%%14674,,,,,,,PIRATE,0xcb694,DC01$,S-1-5-21-4107424128-4158083573-1300325248-1000,,,,,,,,,,
2026-01-08T21:15:23.490354Z,5136,DC01.pirate.htb,Microsoft-Windows-Security-Auditing,Security,17506,0,,,,,,-,dnsRecord,2.5.5.10,%%14672,,,,,pirate.htb,%%14676,,,,,,,,,,,,,dnsNode,"DC=dc01,DC=pirate.htb,cn=MicrosoftDNS,DC=DomainDnsZones,DC=pirate,DC=htb",AFF6283F-B417-4237-BC64-56914D112BA3,,,,66139B8F-8CDF-4E79-91A4-F9987EAAE923,%%14675,,,,,,,NT AUTHORITY,0x4ba19,SYSTEM,S-1-5-18,,,,,,,,,,
2026-01-08T21:15:23.490519Z,5136,DC01.pirate.htb,Microsoft-Windows-Security-Auditing,Security,17507,0,,,,,,-,dnsRecord,2.5.5.10,%%14672,,,,,pirate.htb,%%14676,,,,,,,,,,,,,dnsNode,"DC=dc01,DC=pirate.htb,cn=MicrosoftDNS,DC=DomainDnsZones,DC=pirate,DC=htb",AFF6283F-B417-4237-BC64-56914D112BA3,,,,66139B8F-8CDF-4E79-91A4-F9987EAAE923,%%14674,,,,,,,NT AUTHORITY,0x4ba19,SYSTEM,S-1-5-18,,,,,,,,,,
2026-01-08T21:15:23.490670Z,5136,DC01.pirate.htb,Microsoft-Windows-Security-Auditing,Security,17508,0,,,,,,-,dnsRecord,2.5.5.10,%%14672,,,,,pirate.htb,%%14676,,,,,,,,,,,,,dnsNode,"DC=dc01,DC=pirate.htb,cn=MicrosoftDNS,DC=DomainDnsZones,DC=pirate,DC=htb",AFF6283F-B417-4237-BC64-56914D112BA3,,,,66139B8F-8CDF-4E79-91A4-F9987EAAE923,%%14674,,,,,,,NT AUTHORITY,0x4ba19,SYSTEM,S-1-5-18,,,,,,,,,,
2026-01-08T21:15:23.490820Z,5136,DC01.pirate.htb,Microsoft-Windows-Security-Auditing,Security,17509,0,,,,,,-,dnsRecord,2.5.5.10,%%14672,,,,,pirate.htb,%%14676,,,,,,,,,,,,,dnsNode,"DC=dc01,DC=pirate.htb,cn=MicrosoftDNS,DC=DomainDnsZones,DC=pirate,DC=htb",AFF6283F-B417-4237-BC64-56914D112BA3,,,,66139B8F-8CDF-4E79-91A4-F9987EAAE923,%%14674,,,,,,,NT AUTHORITY,0x4ba19,SYSTEM,S-1-5-18,,,,,,,,,,
2026-01-08T21:15:23.490972Z,5136,DC01.pirate.htb,Microsoft-Windows-Security-Auditing,Security,17510,0,,,,,,-,dNSTombstoned,2.5.5.8,FALSE,,,,,pirate.htb,%%14676,,,,,,,,,,,,,dnsNode,"DC=dc01,DC=pirate.htb,cn=MicrosoftDNS,DC=DomainDnsZones,DC=pirate,DC=htb",AFF6283F-B417-4237-BC64-56914D112BA3,,,,66139B8F-8CDF-4E79-91A4-F9987EAAE923,%%14675,,,,,,,NT AUTHORITY,0x4ba19,SYSTEM,S-1-5-18,,,,,,,,,,
2026-01-08T21:15:23.491123Z,5136,DC01.pirate.htb,Microsoft-Windows-Security-Auditing,Security,17511,0,,,,,,-,dNSTombstoned,2.5.5.8,FALSE,,,,,pirate.htb,%%14676,,,,,,,,,,,,,dnsNode,"DC=dc01,DC=pirate.htb,cn=MicrosoftDNS,DC=DomainDnsZones,DC=pirate,DC=htb",AFF6283F-B417-4237-BC64-56914D112BA3,,,,66139B8F-8CDF-4E79-91A4-F9987EAAE923,%%14674,,,,,,,NT AUTHORITY,0x4ba19,SYSTEM,S-1-5-18,,,,,,,,,,
2026-01-08T21:15:23.491293Z,5136,DC01.pirate.htb,Microsoft-Windows-Security-Auditing,Security,17512,0,,,,,,-,dnsRecord,2.5.5.10,%%14672,,,,,pirate.htb,%%14676,,,,,,,,,,,,,dnsNode,"DC=@,DC=pirate.htb,cn=MicrosoftDNS,DC=DomainDnsZones,DC=pirate,DC=htb",469BD39F-3E90-4F1A-B47E-0432E347AE56,,,,D67EB8C3-C645-43AA-8448-152C5AC05A30,%%14675,,,,,,,NT AUTHORITY,0xcc3ac,SYSTEM,S-1-5-18,,,,,,,,,,
2026-01-08T21:15:23.491454Z,5136,DC01.pirate.htb,Microsoft-Windows-Security-Auditing,Security,17513,0,,,,,,-,dnsRecord,2.5.5.10,%%14672,,,,,pirate.htb,%%14676,,,,,,,,,,,,,dnsNode,"DC=@,DC=pirate.htb,cn=MicrosoftDNS,DC=DomainDnsZones,DC=pirate,DC=htb",469BD39F-3E90-4F1A-B47E-0432E347AE56,,,,D67EB8C3-C645-43AA-8448-152C5AC05A30,%%14675,,,,,,,NT AUTHORITY,0xcc3ac,SYSTEM,S-1-5-18,,,,,,,,,,
2026-01-08T21:15:23.491604Z,5136,DC01.pirate.htb,Microsoft-Windows-Security-Auditing,Security,17514,0,,,,,,-,dnsRecord,2.5.5.10,%%14672,,,,,pirate.htb,%%14676,,,,,,,,,,,,,dnsNode,"DC=@,DC=pirate.htb,cn=MicrosoftDNS,DC=DomainDnsZones,DC=pirate,DC=htb",469BD39F-3E90-4F1A-B47E-0432E347AE56,,,,D67EB8C3-C645-43AA-8448-152C5AC05A30,%%14675,,,,,,,NT AUTHORITY,0xcc3ac,SYSTEM,S-1-5-18,,,,,,,,,,
2026-01-08T21:15:23.491756Z,5136,DC01.pirate.htb,Microsoft-Windows-Security-Auditing,Security,17515,0,,,,,,-,dnsRecord,2.5.5.10,%%14672,,,,,pirate.htb,%%14676,,,,,,,,,,,,,dnsNode,"DC=@,DC=pirate.htb,cn=MicrosoftDNS,DC=DomainDnsZones,DC=pirate,DC=htb",469BD39F-3E90-4F1A-B47E-0432E347AE56,,,,D67EB8C3-C645-43AA-8448-152C5AC05A30,%%14675,,,,,,,NT AUTHORITY,0xcc3ac,SYSTEM,S-1-5-18,,,,,,,,,,
2026-01-08T21:15:23.491905Z,5136,DC01.pirate.htb,Microsoft-Windows-Security-Auditing,Security,17516,0,,,,,,-,dnsRecord,2.5.5.10,%%14672,,,,,pirate.htb,%%14676,,,,,,,,,,,,,dnsNode,"DC=@,DC=pirate.htb,cn=MicrosoftDNS,DC=DomainDnsZones,DC=pirate,DC=htb",469BD39F-3E90-4F1A-B47E-0432E347AE56,,,,D67EB8C3-C645-43AA-8448-152C5AC05A30,%%14675,,,,,,,NT AUTHORITY,0xcc3ac,SYSTEM,S-1-5-18,,,,,,,,,,
2026-01-08T21:15:23.492054Z,5136,DC01.pirate.htb,Microsoft-Windows-Security-Auditing,Security,17517,0,,,,,,-,dnsRecord,2.5.5.10,%%14672,,,,,pirate.htb,%%14676,,,,,,,,,,,,,dnsNode,"DC=@,DC=pirate.htb,cn=MicrosoftDNS,DC=DomainDnsZones,DC=pirate,DC=htb",469BD39F-3E90-4F1A-B47E-0432E347AE56,,,,D67EB8C3-C645-43AA-8448-152C5AC05A30,%%14675,,,,,,,NT AUTHORITY,0xcc3ac,SYSTEM,S-1-5-18,,,,,,,,,,
2026-01-08T21:15:23.492203Z,5136,DC01.pirate.htb,Microsoft-Windows-Security-Auditing,Security,17518,0,,,,,,-,dnsRecord,2.5.5.10,%%14672,,,,,pirate.htb,%%14676,,,,,,,,,,,,,dnsNode,"DC=@,DC=pirate.htb,cn=MicrosoftDNS,DC=DomainDnsZones,DC=pirate,DC=htb",469BD39F-3E90-4F1A-B47E-0432E347AE56,,,,D67EB8C3-C645-43AA-8448-152C5AC05A30,%%14675,,,,,,,NT AUTHORITY,0xcc3ac,SYSTEM,S-1-5-18,,,,,,,,,,
2026-01-08T21:15:23.492367Z,5136,DC01.pirate.htb,Microsoft-Windows-Security-Auditing,Security,17519,0,,,,,,-,dnsRecord,2.5.5.10,%%14672,,,,,pirate.htb,%%14676,,,,,,,,,,,,,dnsNode,"DC=@,DC=pirate.htb,cn=MicrosoftDNS,DC=DomainDnsZones,DC=pirate,DC=htb",469BD39F-3E90-4F1A-B47E-0432E347AE56,,,,D67EB8C3-C645-43AA-8448-152C5AC05A30,%%14674,,,,,,,NT AUTHORITY,0xcc3ac,SYSTEM,S-1-5-18,,,,,,,,,,
2026-01-08T21:15:23.492524Z,5136,DC01.pirate.htb,Microsoft-Windows-Security-Auditing,Security,17520,0,,,,,,-,dnsRecord,2.5.5.10,%%14672,,,,,pirate.htb,%%14676,,,,,,,,,,,,,dnsNode,"DC=@,DC=pirate.htb,cn=MicrosoftDNS,DC=DomainDnsZones,DC=pirate,DC=htb",469BD39F-3E90-4F1A-B47E-0432E347AE56,,,,D67EB8C3-C645-43AA-8448-152C5AC05A30,%%14674,,,,,,,NT AUTHORITY,0xcc3ac,SYSTEM,S-1-5-18,,,,,,,,,,
2026-01-08T21:15:23.492674Z,5136,DC01.pirate.htb,Microsoft-Windows-Security-Auditing,Security,17521,0,,,,,,-,dnsRecord,2.5.5.10,%%14672,,,,,pirate.htb,%%14676,,,,,,,,,,,,,dnsNode,"DC=@,DC=pirate.htb,cn=MicrosoftDNS,DC=DomainDnsZones,DC=pirate,DC=htb",469BD39F-3E90-4F1A-B47E-0432E347AE56,,,,D67EB8C3-C645-43AA-8448-152C5AC05A30,%%14674,,,,,,,NT AUTHORITY,0xcc3ac,SYSTEM,S-1-5-18,,,,,,,,,,
2026-01-08T21:15:23.492853Z,5136,DC01.pirate.htb,Microsoft-Windows-Security-Auditing,Security,17522,0,,,,,,-,dnsRecord,2.5.5.10,%%14672,,,,,pirate.htb,%%14676,,,,,,,,,,,,,dnsNode,"DC=@,DC=pirate.htb,cn=MicrosoftDNS,DC=DomainDnsZones,DC=pirate,DC=htb",469BD39F-3E90-4F1A-B47E-0432E347AE56,,,,D67EB8C3-C645-43AA-8448-152C5AC05A30,%%14674,,,,,,,NT AUTHORITY,0xcc3ac,SYSTEM,S-1-5-18,,,,,,,,,,
2026-01-08T21:15:23.493060Z,5136,DC01.pirate.htb,Microsoft-Windows-Security-Auditing,Security,17523,0,,,,,,-,dnsRecord,2.5.5.10,%%14672,,,,,pirate.htb,%%14676,,,,,,,,,,,,,dnsNode,"DC=@,DC=pirate.htb,cn=MicrosoftDNS,DC=DomainDnsZones,DC=pirate,DC=htb",469BD39F-3E90-4F1A-B47E-0432E347AE56,,,,D67EB8C3-C645-43AA-8448-152C5AC05A30,%%14674,,,,,,,NT AUTHORITY,0xcc3ac,SYSTEM,S-1-5-18,,,,,,,,,,
2026-01-08T21:15:23.493272Z,5136,DC01.pirate.htb,Microsoft-Windows-Security-Auditing,Security,17524,0,,,,,,-,dnsRecord,2.5.5.10,%%14672,,,,,pirate.htb,%%14676,,,,,,,,,,,,,dnsNode,"DC=@,DC=pirate.htb,cn=MicrosoftDNS,DC=DomainDnsZones,DC=pirate,DC=htb",469BD39F-3E90-4F1A-B47E-0432E347AE56,,,,D67EB8C3-C645-43AA-8448-152C5AC05A30,%%14674,,,,,,,NT AUTHORITY,0xcc3ac,SYSTEM,S-1-5-18,,,,,,,,,,
2026-01-08T21:15:23.493482Z,5136,DC01.pirate.htb,Microsoft-Windows-Security-Auditing,Security,17525,0,,,,,,-,dnsRecord,2.5.5.10,%%14672,,,,,pirate.htb,%%14676,,,,,,,,,,,,,dnsNode,"DC=@,DC=pirate.htb,cn=MicrosoftDNS,DC=DomainDnsZones,DC=pirate,DC=htb",469BD39F-3E90-4F1A-B47E-0432E347AE56,,,,D67EB8C3-C645-43AA-8448-152C5AC05A30,%%14674,,,,,,,NT AUTHORITY,0xcc3ac,SYSTEM,S-1-5-18,,,,,,,,,,
2026-01-08T21:15:23.493696Z,5136,DC01.pirate.htb,Microsoft-Windows-Security-Auditing,Security,17526,0,,,,,,-,dnsRecord,2.5.5.10,%%14672,,,,,pirate.htb,%%14676,,,,,,,,,,,,,dnsNode,"DC=@,DC=pirate.htb,cn=MicrosoftDNS,DC=DomainDnsZones,DC=pirate,DC=htb",469BD39F-3E90-4F1A-B47E-0432E347AE56,,,,D67EB8C3-C645-43AA-8448-152C5AC05A30,%%14674,,,,,,,NT AUTHORITY,0xcc3ac,SYSTEM,S-1-5-18,,,,,,,,,,
2026-01-08T21:15:23.493914Z,5136,DC01.pirate.htb,Microsoft-Windows-Security-Auditing,Security,17527,0,,,,,,-,dNSTombstoned,2.5.5.8,FALSE,,,,,pirate.htb,%%14676,,,,,,,,,,,,,dnsNode,"DC=@,DC=pirate.htb,cn=MicrosoftDNS,DC=DomainDnsZones,DC=pirate,DC=htb",469BD39F-3E90-4F1A-B47E-0432E347AE56,,,,D67EB8C3-C645-43AA-8448-152C5AC05A30,%%14675,,,,,,,NT AUTHORITY,0xcc3ac,SYSTEM,S-1-5-18,,,,,,,,,,
2026-01-08T21:15:23.494132Z,5136,DC01.pirate.htb,Microsoft-Windows-Security-Auditing,Security,17528,0,,,,,,-,dNSTombstoned,2.5.5.8,FALSE,,,,,pirate.htb,%%14676,,,,,,,,,,,,,dnsNode,"DC=@,DC=pirate.htb,cn=MicrosoftDNS,DC=DomainDnsZones,DC=pirate,DC=htb",469BD39F-3E90-4F1A-B47E-0432E347AE56,,,,D67EB8C3-C645-43AA-8448-152C5AC05A30,%%14674,,,,,,,NT AUTHORITY,0xcc3ac,SYSTEM,S-1-5-18,,,,,,,,,,
2026-01-08T21:15:23.494373Z,5136,DC01.pirate.htb,Microsoft-Windows-Security-Auditing,Security,17529,0,,,,,,-,dnsRecord,2.5.5.10,%%14672,,,,,pirate.htb,%%14676,,,,,,,,,,,,,dnsNode,"DC=DomainDnsZones,DC=pirate.htb,cn=MicrosoftDNS,DC=DomainDnsZones,DC=pirate,DC=htb",DE445434-0C12-435D-8650-5A209E4581AD,,,,5EEC7192-8053-4C3D-A4D9-76857FA669AA,%%14675,,,,,,,NT AUTHORITY,0xcc4e1,SYSTEM,S-1-5-18,,,,,,,,,,
2026-01-08T21:15:23.494592Z,5136,DC01.pirate.htb,Microsoft-Windows-Security-Auditing,Security,17530,0,,,,,,-,dnsRecord,2.5.5.10,%%14672,,,,,pirate.htb,%%14676,,,,,,,,,,,,,dnsNode,"DC=DomainDnsZones,DC=pirate.htb,cn=MicrosoftDNS,DC=DomainDnsZones,DC=pirate,DC=htb",DE445434-0C12-435D-8650-5A209E4581AD,,,,5EEC7192-8053-4C3D-A4D9-76857FA669AA,%%14675,,,,,,,NT AUTHORITY,0xcc4e1,SYSTEM,S-1-5-18,,,,,,,,,,
2026-01-08T21:15:23.494757Z,5136,DC01.pirate.htb,Microsoft-Windows-Security-Auditing,Security,17531,0,,,,,,-,dnsRecord,2.5.5.10,%%14672,,,,,pirate.htb,%%14676,,,,,,,,,,,,,dnsNode,"DC=DomainDnsZones,DC=pirate.htb,cn=MicrosoftDNS,DC=DomainDnsZones,DC=pirate,DC=htb",DE445434-0C12-435D-8650-5A209E4581AD,,,,5EEC7192-8053-4C3D-A4D9-76857FA669AA,%%14675,,,,,,,NT AUTHORITY,0xcc4e1,SYSTEM,S-1-5-18,,,,,,,,,,
2026-01-08T21:15:23.494908Z,5136,DC01.pirate.htb,Microsoft-Windows-Security-Auditing,Security,17532,0,,,,,,-,dnsRecord,2.5.5.10,%%14672,,,,,pirate.htb,%%14676,,,,,,,,,,,,,dnsNode,"DC=DomainDnsZones,DC=pirate.htb,cn=MicrosoftDNS,DC=DomainDnsZones,DC=pirate,DC=htb",DE445434-0C12-435D-8650-5A209E4581AD,,,,5EEC7192-8053-4C3D-A4D9-76857FA669AA,%%14675,,,,,,,NT AUTHORITY,0xcc4e1,SYSTEM,S-1-5-18,,,,,,,,,,
2026-01-08T21:15:23.495059Z,5136,DC01.pirate.htb,Microsoft-Windows-Security-Auditing,Security,17533,0,,,,,,-,dnsRecord,2.5.5.10,%%14672,,,,,pirate.htb,%%14676,,,,,,,,,,,,,dnsNode,"DC=DomainDnsZones,DC=pirate.htb,cn=MicrosoftDNS,DC=DomainDnsZones,DC=pirate,DC=htb",DE445434-0C12-435D-8650-5A209E4581AD,,,,5EEC7192-8053-4C3D-A4D9-76857FA669AA,%%14675,,,,,,,NT AUTHORITY,0xcc4e1,SYSTEM,S-1-5-18,,,,,,,,,,
2026-01-08T21:15:23.495212Z,5136,DC01.pirate.htb,Microsoft-Windows-Security-Auditing,Security,17534,0,,,,,,-,dnsRecord,2.5.5.10,%%14672,,,,,pirate.htb,%%14676,,,,,,,,,,,,,dnsNode,"DC=DomainDnsZones,DC=pirate.htb,cn=MicrosoftDNS,DC=DomainDnsZones,DC=pirate,DC=htb",DE445434-0C12-435D-8650-5A209E4581AD,,,,5EEC7192-8053-4C3D-A4D9-76857FA669AA,%%14674,,,,,,,NT AUTHORITY,0xcc4e1,SYSTEM,S-1-5-18,,,,,,,,,,
2026-01-08T21:15:23.495426Z,5136,DC01.pirate.htb,Microsoft-Windows-Security-Auditing,Security,17535,0,,,,,,-,dnsRecord,2.5.5.10,%%14672,,,,,pirate.htb,%%14676,,,,,,,,,,,,,dnsNode,"DC=DomainDnsZones,DC=pirate.htb,cn=MicrosoftDNS,DC=DomainDnsZones,DC=pirate,DC=htb",DE445434-0C12-435D-8650-5A209E4581AD,,,,5EEC7192-8053-4C3D-A4D9-76857FA669AA,%%14674,,,,,,,NT AUTHORITY,0xcc4e1,SYSTEM,S-1-5-18,,,,,,,,,,
2026-01-08T21:15:23.495584Z,5136,DC01.pirate.htb,Microsoft-Windows-Security-Auditing,Security,17536,0,,,,,,-,dnsRecord,2.5.5.10,%%14672,,,,,pirate.htb,%%14676,,,,,,,,,,,,,dnsNode,"DC=DomainDnsZones,DC=pirate.htb,cn=MicrosoftDNS,DC=DomainDnsZones,DC=pirate,DC=htb",DE445434-0C12-435D-8650-5A209E4581AD,,,,5EEC7192-8053-4C3D-A4D9-76857FA669AA,%%14674,,,,,,,NT AUTHORITY,0xcc4e1,SYSTEM,S-1-5-18,,,,,,,,,,
2026-01-08T21:15:23.495733Z,5136,DC01.pirate.htb,Microsoft-Windows-Security-Auditing,Security,17537,0,,,,,,-,dnsRecord,2.5.5.10,%%14672,,,,,pirate.htb,%%14676,,,,,,,,,,,,,dnsNode,"DC=DomainDnsZones,DC=pirate.htb,cn=MicrosoftDNS,DC=DomainDnsZones,DC=pirate,DC=htb",DE445434-0C12-435D-8650-5A209E4581AD,,,,5EEC7192-8053-4C3D-A4D9-76857FA669AA,%%14674,,,,,,,NT AUTHORITY,0xcc4e1,SYSTEM,S-1-5-18,,,,,,,,,,
2026-01-08T21:15:23.495884Z,5136,DC01.pirate.htb,Microsoft-Windows-Security-Auditing,Security,17538,0,,,,,,-,dnsRecord,2.5.5.10,%%14672,,,,,pirate.htb,%%14676,,,,,,,,,,,,,dnsNode,"DC=DomainDnsZones,DC=pirate.htb,cn=MicrosoftDNS,DC=DomainDnsZones,DC=pirate,DC=htb",DE445434-0C12-435D-8650-5A209E4581AD,,,,5EEC7192-8053-4C3D-A4D9-76857FA669AA,%%14674,,,,,,,NT AUTHORITY,0xcc4e1,SYSTEM,S-1-5-18,,,,,,,,,,
2026-01-08T21:15:23.496034Z,5136,DC01.pirate.htb,Microsoft-Windows-Security-Auditing,Security,17539,0,,,,,,-,dnsRecord,2.5.5.10,%%14672,,,,,pirate.htb,%%14676,,,,,,,,,,,,,dnsNode,"DC=DomainDnsZones,DC=pirate.htb,cn=MicrosoftDNS,DC=DomainDnsZones,DC=pirate,DC=htb",DE445434-0C12-435D-8650-5A209E4581AD,,,,5EEC7192-8053-4C3D-A4D9-76857FA669AA,%%14674,,,,,,,NT AUTHORITY,0xcc4e1,SYSTEM,S-1-5-18,,,,,,,,,,
2026-01-08T21:15:23.496185Z,5136,DC01.pirate.htb,Microsoft-Windows-Security-Auditing,Security,17540,0,,,,,,-,dNSTombstoned,2.5.5.8,FALSE,,,,,pirate.htb,%%14676,,,,,,,,,,,,,dnsNode,"DC=DomainDnsZones,DC=pirate.htb,cn=MicrosoftDNS,DC=DomainDnsZones,DC=pirate,DC=htb",DE445434-0C12-435D-8650-5A209E4581AD,,,,5EEC7192-8053-4C3D-A4D9-76857FA669AA,%%14675,,,,,,,NT AUTHORITY,0xcc4e1,SYSTEM,S-1-5-18,,,,,,,,,,
2026-01-08T21:15:23.496566Z,5136,DC01.pirate.htb,Microsoft-Windows-Security-Auditing,Security,17541,0,,,,,,-,dNSTombstoned,2.5.5.8,FALSE,,,,,pirate.htb,%%14676,,,,,,,,,,,,,dnsNode,"DC=DomainDnsZones,DC=pirate.htb,cn=MicrosoftDNS,DC=DomainDnsZones,DC=pirate,DC=htb",DE445434-0C12-435D-8650-5A209E4581AD,,,,5EEC7192-8053-4C3D-A4D9-76857FA669AA,%%14674,,,,,,,NT AUTHORITY,0xcc4e1,SYSTEM,S-1-5-18,,,,,,,,,,
2026-01-08T21:15:24.879042Z,4662,DC01.pirate.htb,Microsoft-Windows-Security-Auditing,Security,17542,0,"%%7684
				",0x10,-,,,,,,,,,,,,,,,0x0,,,,,,,,,,,,,%{aff6283f-b417-4237-bc64-56914d112ba3},DS,%{e0fa1e8c-9b45-11d0-afdd-00c04fd930c9},,Object Access,,,,,"%%7684
		{e48d0154-bcf8-11d1-8702-00c04fb96050}
			{bf9679e5-0de6-11d0-a285-00aa003049e2}
	{e0fa1e8c-9b45-11d0-afdd-00c04fd930c9}
",,PIRATE,0x4ba19,DC01$,S-1-5-18,,,,,,,,,,
2026-01-08T21:15:24.879052Z,4662,DC01.pirate.htb,Microsoft-Windows-Security-Auditing,Security,17543,0,"%%7682
				",0x4,-,,,,,,,,,,,,,,,0x0,,,,,,,,,,,,,%{afff0694-70ff-4985-9456-bb96e5b03812},DS,%{e0fa1e8b-9b45-11d0-afdd-00c04fd930c9},,Object Access,,,,,"%%7682
	{e0fa1e8b-9b45-11d0-afdd-00c04fd930c9}
",,PIRATE,0x4ba19,DC01$,S-1-5-18,,,,,,,,,,
2026-01-08T21:15:24.879059Z,4662,DC01.pirate.htb,Microsoft-Windows-Security-Auditing,Security,17544,0,"%%1538
				",0x20000,-,,,,,,,,,,,,,,,0x0,,,,,,,,,,,,,%{aff6283f-b417-4237-bc64-56914d112ba3},DS,%{e0fa1e8c-9b45-11d0-afdd-00c04fd930c9},,Object Access,,,,,"%%1538
	{e0fa1e8c-9b45-11d0-afdd-00c04fd930c9}
",,PIRATE,0x4ba19,DC01$,S-1-5-18,,,,,,,,,,
2026-01-08T21:15:24.879145Z,4662,DC01.pirate.htb,Microsoft-Windows-Security-Auditing,Security,17545,0,"%%7684
				",0x10,-,,,,,,,,,,,,,,,0x0,,,,,,,,,,,,,%{aff6283f-b417-4237-bc64-56914d112ba3},DS,%{e0fa1e8c-9b45-11d0-afdd-00c04fd930c9},,Object Access,,,,,"%%7684
	{e0fa1e8c-9b45-11d0-afdd-00c04fd930c9}
		{e48d0154-bcf8-11d1-8702-00c04fb96050}
			{bf9679e5-0de6-11d0-a285-00aa003049e2}
			{bf9679e7-0de6-11d0-a285-00aa003049e2}
		{771727b1-31b8-4cdf-ae62-4fe39fadf89e}
			{bf967a77-0de6-11d0-a285-00aa003049e2}
			{bf967a70-0de6-11d0-a285-00aa003049e2}
			{bf967a6f-0de6-11d0-a285-00aa003049e2}
			{bf967a78-0de6-11d0-a285-00aa003049e2}
			{e0fa1e69-9b45-11d0-afdd-00c04fd930c9}
			{675a15fe-3b70-11d2-90cc-00c04fd91ab1}
			{aa12854c-d8fc-4d5e-91ca-368b8d829bee}
			{c79f2199-6da1-46ff-923c-1f3f800c721e}
			{7bea2088-8ce2-423c-b191-66ec506b1595}
			{0dc063c1-52d9-4456-9e15-9c2434aafd94}
			{5c5b7ad2-20fa-44bb-beb3-34b9c0f65579}
			{27d93c40-065a-43c0-bdd8-cdf2c7d120aa}
			{ff9e5552-7db7-4138-8888-05ce320a0323}
			{13361665-916c-4de7-a59d-b1ebbd0de129}
			{80b70aab-8959-4ec0-8e93-126e76df3aca}
			{8f4e317f-28d7-442c-a6df-1f491f97b326}
			{29869b7c-64c4-42fe-97d5-fbc2fa124160}
			{03d4c32e-e217-4a61-9699-7bbc4729a026}
			{f6b0f0be-a8e4-4468-8fd9-c3c47b8722f9}
			{3443d8cd-e5b6-4f3b-b098-659a0214a079}
			{b7673e6d-cad9-4e9e-b31a-63e8098fdd63}
			{28c458f5-602d-4ac9-a77c-b3f1be503a7e}
			{285c6964-c11a-499e-96d8-bf7c75a223c6}
			{ba340d47-2181-4ca0-a2f6-fae4479dab2a}
			{aff16770-9622-4fbc-a128-3088777605b9}
			{387d9432-a6d1-4474-82cd-0a89aae084ae}
			{19195a55-6da0-11d0-afd3-00c04fd930c9}
",,PIRATE,0x4ba19,DC01$,S-1-5-18,,,,,,,,,,
2026-01-08T21:15:24.883233Z,4662,DC01.pirate.htb,Microsoft-Windows-Security-Auditing,Security,17546,0,"%%7684
				",0x10,-,,,,,,,,,,,,,,,0x0,,,,,,,,,,,,,%{aff6283f-b417-4237-bc64-56914d112ba3},DS,%{e0fa1e8c-9b45-11d0-afdd-00c04fd930c9},,Object Access,,,,,"%%7684
		{e48d0154-bcf8-11d1-8702-00c04fb96050}
			{bf9679e5-0de6-11d0-a285-00aa003049e2}
	{e0fa1e8c-9b45-11d0-afdd-00c04fd930c9}
",,PIRATE,0x4ba19,DC01$,S-1-5-18,,,,,,,,,,
2026-01-08T21:15:24.883241Z,4662,DC01.pirate.htb,Microsoft-Windows-Security-Auditing,Security,17547,0,"%%7682
				",0x4,-,,,,,,,,,,,,,,,0x0,,,,,,,,,,,,,%{afff0694-70ff-4985-9456-bb96e5b03812},DS,%{e0fa1e8b-9b45-11d0-afdd-00c04fd930c9},,Object Access,,,,,"%%7682
	{e0fa1e8b-9b45-11d0-afdd-00c04fd930c9}
",,PIRATE,0x4ba19,DC01$,S-1-5-18,,,,,,,,,,
2026-01-08T21:15:24.883247Z,4662,DC01.pirate.htb,Microsoft-Windows-Security-Auditing,Security,17548,0,"%%1538
				",0x20000,-,,,,,,,,,,,,,,,0x0,,,,,,,,,,,,,%{aff6283f-b417-4237-bc64-56914d112ba3},DS,%{e0fa1e8c-9b45-11d0-afdd-00c04fd930c9},,Object Access,,,,,"%%1538
	{e0fa1e8c-9b45-11d0-afdd-00c04fd930c9}
",,PIRATE,0x4ba19,DC01$,S-1-5-18,,,,,,,,,,
2026-01-08T21:15:24.883327Z,4662,DC01.pirate.htb,Microsoft-Windows-Security-Auditing,Security,17549,0,"%%7684
				",0x10,-,,,,,,,,,,,,,,,0x0,,,,,,,,,,,,,%{aff6283f-b417-4237-bc64-56914d112ba3},DS,%{e0fa1e8c-9b45-11d0-afdd-00c04fd930c9},,Object Access,,,,,"%%7684
	{e0fa1e8c-9b45-11d0-afdd-00c04fd930c9}
		{e48d0154-bcf8-11d1-8702-00c04fb96050}
			{bf9679e5-0de6-11d0-a285-00aa003049e2}
			{bf9679e7-0de6-11d0-a285-00aa003049e2}
		{771727b1-31b8-4cdf-ae62-4fe39fadf89e}
			{bf967a77-0de6-11d0-a285-00aa003049e2}
			{bf967a70-0de6-11d0-a285-00aa003049e2}
			{bf967a6f-0de6-11d0-a285-00aa003049e2}
			{bf967a78-0de6-11d0-a285-00aa003049e2}
			{e0fa1e69-9b45-11d0-afdd-00c04fd930c9}
			{675a15fe-3b70-11d2-90cc-00c04fd91ab1}
			{aa12854c-d8fc-4d5e-91ca-368b8d829bee}
			{c79f2199-6da1-46ff-923c-1f3f800c721e}
			{7bea2088-8ce2-423c-b191-66ec506b1595}
			{0dc063c1-52d9-4456-9e15-9c2434aafd94}
			{5c5b7ad2-20fa-44bb-beb3-34b9c0f65579}
			{27d93c40-065a-43c0-bdd8-cdf2c7d120aa}
			{ff9e5552-7db7-4138-8888-05ce320a0323}
			{13361665-916c-4de7-a59d-b1ebbd0de129}
			{80b70aab-8959-4ec0-8e93-126e76df3aca}
			{8f4e317f-28d7-442c-a6df-1f491f97b326}
			{29869b7c-64c4-42fe-97d5-fbc2fa124160}
			{03d4c32e-e217-4a61-9699-7bbc4729a026}
			{f6b0f0be-a8e4-4468-8fd9-c3c47b8722f9}
			{3443d8cd-e5b6-4f3b-b098-659a0214a079}
			{b7673e6d-cad9-4e9e-b31a-63e8098fdd63}
			{28c458f5-602d-4ac9-a77c-b3f1be503a7e}
			{285c6964-c11a-499e-96d8-bf7c75a223c6}
			{ba340d47-2181-4ca0-a2f6-fae4479dab2a}
			{aff16770-9622-4fbc-a128-3088777605b9}
			{387d9432-a6d1-4474-82cd-0a89aae084ae}
			{19195a55-6da0-11d0-afd3-00c04fd930c9}
",,PIRATE,0x4ba19,DC01$,S-1-5-18,,,,,,,,,,
2026-01-08T21:15:24.886928Z,4662,DC01.pirate.htb,Microsoft-Windows-Security-Auditing,Security,17550,0,"%%7684
				",0x10,-,,,,,,,,,,,,,,,0x0,,,,,,,,,,,,,%{aff6283f-b417-4237-bc64-56914d112ba3},DS,%{e0fa1e8c-9b45-11d0-afdd-00c04fd930c9},,Object Access,,,,,"%%7684
		{e48d0154-bcf8-11d1-8702-00c04fb96050}
			{26d97369-6070-11d1-a9c6-0000f80367c1}
	{e0fa1e8c-9b45-11d0-afdd-00c04fd930c9}
",,PIRATE,0x4ba19,DC01$,S-1-5-18,,,,,,,,,,
2026-01-08T21:15:24.886937Z,4662,DC01.pirate.htb,Microsoft-Windows-Security-Auditing,Security,17551,0,"%%7682
				",0x4,-,,,,,,,,,,,,,,,0x0,,,,,,,,,,,,,%{afff0694-70ff-4985-9456-bb96e5b03812},DS,%{e0fa1e8b-9b45-11d0-afdd-00c04fd930c9},,Object Access,,,,,"%%7682
	{e0fa1e8b-9b45-11d0-afdd-00c04fd930c9}
",,PIRATE,0x4ba19,DC01$,S-1-5-18,,,,,,,,,,
2026-01-08T21:15:24.886943Z,4662,DC01.pirate.htb,Microsoft-Windows-Security-Auditing,Security,17552,0,"%%1538
				",0x20000,-,,,,,,,,,,,,,,,0x0,,,,,,,,,,,,,%{aff6283f-b417-4237-bc64-56914d112ba3},DS,%{e0fa1e8c-9b45-11d0-afdd-00c04fd930c9},,Object Access,,,,,"%%1538
	{e0fa1e8c-9b45-11d0-afdd-00c04fd930c9}
",,PIRATE,0x4ba19,DC01$,S-1-5-18,,,,,,,,,,
2026-01-08T21:15:24.886957Z,4662,DC01.pirate.htb,Microsoft-Windows-Security-Auditing,Security,17553,0,"%%7684
				",0x10,-,,,,,,,,,,,,,,,0x0,,,,,,,,,,,,,%{aff6283f-b417-4237-bc64-56914d112ba3},DS,%{e0fa1e8c-9b45-11d0-afdd-00c04fd930c9},,Object Access,,,,,"%%7684
		{771727b1-31b8-4cdf-ae62-4fe39fadf89e}
			{bf967a77-0de6-11d0-a285-00aa003049e2}
			{e0fa1e69-9b45-11d0-afdd-00c04fd930c9}
	{e0fa1e8c-9b45-11d0-afdd-00c04fd930c9}
",,PIRATE,0x4ba19,DC01$,S-1-5-18,,,,,,,,,,
2026-01-08T21:15:24.887752Z,4662,DC01.pirate.htb,Microsoft-Windows-Security-Auditing,Security,17554,0,"%%7685
				",0x20,-,,,,,,,,,,,,,,,0x0,,,,,,,,,,,,,%{aff6283f-b417-4237-bc64-56914d112ba3},DS,%{e0fa1e8c-9b45-11d0-afdd-00c04fd930c9},,Object Access,,,,,"%%7685
		{771727b1-31b8-4cdf-ae62-4fe39fadf89e}
			{e0fa1e69-9b45-11d0-afdd-00c04fd930c9}
			{d5eb2eb7-be4e-463b-a214-634a44d7392e}
	{e0fa1e8c-9b45-11d0-afdd-00c04fd930c9}
",,PIRATE,0xd565f,DC01$,S-1-5-21-4107424128-4158083573-1300325248-1000,,,,,,,,,,
2026-01-08T21:15:24.894585Z,4662,DC01.pirate.htb,Microsoft-Windows-Security-Auditing,Security,17555,0,"%%7684
				",0x10,-,,,,,,,,,,,,,,,0x0,,,,,,,,,,,,,%{aff6283f-b417-4237-bc64-56914d112ba3},DS,%{e0fa1e8c-9b45-11d0-afdd-00c04fd930c9},,Object Access,,,,,"%%7684
		{e48d0154-bcf8-11d1-8702-00c04fb96050}
			{bf9679e5-0de6-11d0-a285-00aa003049e2}
	{e0fa1e8c-9b45-11d0-afdd-00c04fd930c9}
",,PIRATE,0x4ba19,DC01$,S-1-5-18,,,,,,,,,,
2026-01-08T21:15:24.894595Z,4662,DC01.pirate.htb,Microsoft-Windows-Security-Auditing,Security,17556,0,"%%7682
				",0x4,-,,,,,,,,,,,,,,,0x0,,,,,,,,,,,,,%{afff0694-70ff-4985-9456-bb96e5b03812},DS,%{e0fa1e8b-9b45-11d0-afdd-00c04fd930c9},,Object Access,,,,,"%%7682
	{e0fa1e8b-9b45-11d0-afdd-00c04fd930c9}
",,PIRATE,0x4ba19,DC01$,S-1-5-18,,,,,,,,,,
2026-01-08T21:15:24.894602Z,4662,DC01.pirate.htb,Microsoft-Windows-Security-Auditing,Security,17557,0,"%%1538
				",0x20000,-,,,,,,,,,,,,,,,0x0,,,,,,,,,,,,,%{aff6283f-b417-4237-bc64-56914d112ba3},DS,%{e0fa1e8c-9b45-11d0-afdd-00c04fd930c9},,Object Access,,,,,"%%1538
	{e0fa1e8c-9b45-11d0-afdd-00c04fd930c9}
",,PIRATE,0x4ba19,DC01$,S-1-5-18,,,,,,,,,,
2026-01-08T21:15:24.894687Z,4662,DC01.pirate.htb,Microsoft-Windows-Security-Auditing,Security,17558,0,"%%7684
				",0x10,-,,,,,,,,,,,,,,,0x0,,,,,,,,,,,,,%{aff6283f-b417-4237-bc64-56914d112ba3},DS,%{e0fa1e8c-9b45-11d0-afdd-00c04fd930c9},,Object Access,,,,,"%%7684
	{e0fa1e8c-9b45-11d0-afdd-00c04fd930c9}
		{e48d0154-bcf8-11d1-8702-00c04fb96050}
			{bf9679e5-0de6-11d0-a285-00aa003049e2}
			{bf9679e7-0de6-11d0-a285-00aa003049e2}
		{771727b1-31b8-4cdf-ae62-4fe39fadf89e}
			{bf967a77-0de6-11d0-a285-00aa003049e2}
			{bf967a70-0de6-11d0-a285-00aa003049e2}
			{bf967a6f-0de6-11d0-a285-00aa003049e2}
			{bf967a78-0de6-11d0-a285-00aa003049e2}
			{e0fa1e69-9b45-11d0-afdd-00c04fd930c9}
			{675a15fe-3b70-11d2-90cc-00c04fd91ab1}
			{aa12854c-d8fc-4d5e-91ca-368b8d829bee}
			{c79f2199-6da1-46ff-923c-1f3f800c721e}
			{7bea2088-8ce2-423c-b191-66ec506b1595}
			{0dc063c1-52d9-4456-9e15-9c2434aafd94}
			{5c5b7ad2-20fa-44bb-beb3-34b9c0f65579}
			{27d93c40-065a-43c0-bdd8-cdf2c7d120aa}
			{ff9e5552-7db7-4138-8888-05ce320a0323}
			{13361665-916c-4de7-a59d-b1ebbd0de129}
			{80b70aab-8959-4ec0-8e93-126e76df3aca}
			{8f4e317f-28d7-442c-a6df-1f491f97b326}
			{29869b7c-64c4-42fe-97d5-fbc2fa124160}
			{03d4c32e-e217-4a61-9699-7bbc4729a026}
			{f6b0f0be-a8e4-4468-8fd9-c3c47b8722f9}
			{3443d8cd-e5b6-4f3b-b098-659a0214a079}
			{b7673e6d-cad9-4e9e-b31a-63e8098fdd63}
			{28c458f5-602d-4ac9-a77c-b3f1be503a7e}
			{285c6964-c11a-499e-96d8-bf7c75a223c6}
			{ba340d47-2181-4ca0-a2f6-fae4479dab2a}
			{aff16770-9622-4fbc-a128-3088777605b9}
			{387d9432-a6d1-4474-82cd-0a89aae084ae}
			{19195a55-6da0-11d0-afd3-00c04fd930c9}
",,PIRATE,0x4ba19,DC01$,S-1-5-18,,,,,,,,,,
2026-01-08T21:15:24.899524Z,4662,DC01.pirate.htb,Microsoft-Windows-Security-Auditing,Security,17559,0,"%%7684
				",0x10,-,,,,,,,,,,,,,,,0x0,,,,,,,,,,,,,%{aff6283f-b417-4237-bc64-56914d112ba3},DS,%{e0fa1e8c-9b45-11d0-afdd-00c04fd930c9},,Object Access,,,,,"%%7684
		{e48d0154-bcf8-11d1-8702-00c04fb96050}
			{bf9679e5-0de6-11d0-a285-00aa003049e2}
	{e0fa1e8c-9b45-11d0-afdd-00c04fd930c9}
",,PIRATE,0x4ba19,DC01$,S-1-5-18,,,,,,,,,,
2026-01-08T21:15:24.899533Z,4662,DC01.pirate.htb,Microsoft-Windows-Security-Auditing,Security,17560,0,"%%7682
				",0x4,-,,,,,,,,,,,,,,,0x0,,,,,,,,,,,,,%{afff0694-70ff-4985-9456-bb96e5b03812},DS,%{e0fa1e8b-9b45-11d0-afdd-00c04fd930c9},,Object Access,,,,,"%%7682
	{e0fa1e8b-9b45-11d0-afdd-00c04fd930c9}
",,PIRATE,0x4ba19,DC01$,S-1-5-18,,,,,,,,,,
2026-01-08T21:15:24.899540Z,4662,DC01.pirate.htb,Microsoft-Windows-Security-Auditing,Security,17561,0,"%%1538
				",0x20000,-,,,,,,,,,,,,,,,0x0,,,,,,,,,,,,,%{aff6283f-b417-4237-bc64-56914d112ba3},DS,%{e0fa1e8c-9b45-11d0-afdd-00c04fd930c9},,Object Access,,,,,"%%1538
	{e0fa1e8c-9b45-11d0-afdd-00c04fd930c9}
",,PIRATE,0x4ba19,DC01$,S-1-5-18,,,,,,,,,,
2026-01-08T21:15:24.899622Z,4662,DC01.pirate.htb,Microsoft-Windows-Security-Auditing,Security,17562,0,"%%7684
				",0x10,-,,,,,,,,,,,,,,,0x0,,,,,,,,,,,,,%{aff6283f-b417-4237-bc64-56914d112ba3},DS,%{e0fa1e8c-9b45-11d0-afdd-00c04fd930c9},,Object Access,,,,,"%%7684
	{e0fa1e8c-9b45-11d0-afdd-00c04fd930c9}
		{e48d0154-bcf8-11d1-8702-00c04fb96050}
			{bf9679e5-0de6-11d0-a285-00aa003049e2}
			{bf9679e7-0de6-11d0-a285-00aa003049e2}
		{771727b1-31b8-4cdf-ae62-4fe39fadf89e}
			{bf967a77-0de6-11d0-a285-00aa003049e2}
			{bf967a70-0de6-11d0-a285-00aa003049e2}
			{bf967a6f-0de6-11d0-a285-00aa003049e2}
			{bf967a78-0de6-11d0-a285-00aa003049e2}
			{e0fa1e69-9b45-11d0-afdd-00c04fd930c9}
			{675a15fe-3b70-11d2-90cc-00c04fd91ab1}
			{aa12854c-d8fc-4d5e-91ca-368b8d829bee}
			{c79f2199-6da1-46ff-923c-1f3f800c721e}
			{7bea2088-8ce2-423c-b191-66ec506b1595}
			{0dc063c1-52d9-4456-9e15-9c2434aafd94}
			{5c5b7ad2-20fa-44bb-beb3-34b9c0f65579}
			{27d93c40-065a-43c0-bdd8-cdf2c7d120aa}
			{ff9e5552-7db7-4138-8888-05ce320a0323}
			{13361665-916c-4de7-a59d-b1ebbd0de129}
			{80b70aab-8959-4ec0-8e93-126e76df3aca}
			{8f4e317f-28d7-442c-a6df-1f491f97b326}
			{29869b7c-64c4-42fe-97d5-fbc2fa124160}
			{03d4c32e-e217-4a61-9699-7bbc4729a026}
			{f6b0f0be-a8e4-4468-8fd9-c3c47b8722f9}
			{3443d8cd-e5b6-4f3b-b098-659a0214a079}
			{b7673e6d-cad9-4e9e-b31a-63e8098fdd63}
			{28c458f5-602d-4ac9-a77c-b3f1be503a7e}
			{285c6964-c11a-499e-96d8-bf7c75a223c6}
			{ba340d47-2181-4ca0-a2f6-fae4479dab2a}
			{aff16770-9622-4fbc-a128-3088777605b9}
			{387d9432-a6d1-4474-82cd-0a89aae084ae}
			{19195a55-6da0-11d0-afd3-00c04fd930c9}
",,PIRATE,0x4ba19,DC01$,S-1-5-18,,,,,,,,,,
2026-01-08T21:15:33.496810Z,5136,DC01.pirate.htb,Microsoft-Windows-Security-Auditing,Security,17563,0,,,,,,-,dnsRecord,2.5.5.10,%%14672,,,,,pirate.htb,%%14676,,,,,,,,,,,,,dnsNode,"DC=dc01,DC=pirate.htb,cn=MicrosoftDNS,DC=DomainDnsZones,DC=pirate,DC=htb",AFF6283F-B417-4237-BC64-56914D112BA3,,,,6AA0C557-EBDE-4BC1-9363-F37393EE40C7,%%14675,,,,,,,PIRATE,0xd565f,DC01$,S-1-5-21-4107424128-4158083573-1300325248-1000,,,,,,,,,,
2026-01-08T21:15:33.497163Z,5136,DC01.pirate.htb,Microsoft-Windows-Security-Auditing,Security,17564,0,,,,,,-,dnsRecord,2.5.5.10,%%14672,,,,,pirate.htb,%%14676,,,,,,,,,,,,,dnsNode,"DC=dc01,DC=pirate.htb,cn=MicrosoftDNS,DC=DomainDnsZones,DC=pirate,DC=htb",AFF6283F-B417-4237-BC64-56914D112BA3,,,,6AA0C557-EBDE-4BC1-9363-F37393EE40C7,%%14675,,,,,,,PIRATE,0xd565f,DC01$,S-1-5-21-4107424128-4158083573-1300325248-1000,,,,,,,,,,
2026-01-08T21:15:33.497681Z,5136,DC01.pirate.htb,Microsoft-Windows-Security-Auditing,Security,17565,0,,,,,,-,dnsRecord,2.5.5.10,%%14672,,,,,pirate.htb,%%14676,,,,,,,,,,,,,dnsNode,"DC=dc01,DC=pirate.htb,cn=MicrosoftDNS,DC=DomainDnsZones,DC=pirate,DC=htb",AFF6283F-B417-4237-BC64-56914D112BA3,,,,6AA0C557-EBDE-4BC1-9363-F37393EE40C7,%%14675,,,,,,,PIRATE,0xd565f,DC01$,S-1-5-21-4107424128-4158083573-1300325248-1000,,,,,,,,,,
2026-01-08T21:15:33.497898Z,5136,DC01.pirate.htb,Microsoft-Windows-Security-Auditing,Security,17566,0,,,,,,-,dnsRecord,2.5.5.10,%%14672,,,,,pirate.htb,%%14676,,,,,,,,,,,,,dnsNode,"DC=dc01,DC=pirate.htb,cn=MicrosoftDNS,DC=DomainDnsZones,DC=pirate,DC=htb",AFF6283F-B417-4237-BC64-56914D112BA3,,,,6AA0C557-EBDE-4BC1-9363-F37393EE40C7,%%14674,,,,,,,PIRATE,0xd565f,DC01$,S-1-5-21-4107424128-4158083573-1300325248-1000,,,,,,,,,,
2026-01-08T21:15:33.498456Z,5136,DC01.pirate.htb,Microsoft-Windows-Security-Auditing,Security,17567,0,,,,,,-,dnsRecord,2.5.5.10,%%14672,,,,,pirate.htb,%%14676,,,,,,,,,,,,,dnsNode,"DC=dc01,DC=pirate.htb,cn=MicrosoftDNS,DC=DomainDnsZones,DC=pirate,DC=htb",AFF6283F-B417-4237-BC64-56914D112BA3,,,,6AA0C557-EBDE-4BC1-9363-F37393EE40C7,%%14674,,,,,,,PIRATE,0xd565f,DC01$,S-1-5-21-4107424128-4158083573-1300325248-1000,,,,,,,,,,
2026-01-08T21:15:33.498818Z,5136,DC01.pirate.htb,Microsoft-Windows-Security-Auditing,Security,17568,0,,,,,,-,dNSTombstoned,2.5.5.8,FALSE,,,,,pirate.htb,%%14676,,,,,,,,,,,,,dnsNode,"DC=dc01,DC=pirate.htb,cn=MicrosoftDNS,DC=DomainDnsZones,DC=pirate,DC=htb",AFF6283F-B417-4237-BC64-56914D112BA3,,,,6AA0C557-EBDE-4BC1-9363-F37393EE40C7,%%14675,,,,,,,PIRATE,0xd565f,DC01$,S-1-5-21-4107424128-4158083573-1300325248-1000,,,,,,,,,,
2026-01-08T21:15:33.499236Z,5136,DC01.pirate.htb,Microsoft-Windows-Security-Auditing,Security,17569,0,,,,,,-,dNSTombstoned,2.5.5.8,FALSE,,,,,pirate.htb,%%14676,,,,,,,,,,,,,dnsNode,"DC=dc01,DC=pirate.htb,cn=MicrosoftDNS,DC=DomainDnsZones,DC=pirate,DC=htb",AFF6283F-B417-4237-BC64-56914D112BA3,,,,6AA0C557-EBDE-4BC1-9363-F37393EE40C7,%%14674,,,,,,,PIRATE,0xd565f,DC01$,S-1-5-21-4107424128-4158083573-1300325248-1000,,,,,,,,,,
2026-01-08T21:16:01.286633Z,4662,DC01.pirate.htb,Microsoft-Windows-Security-Auditing,Security,17570,0,"%%7684
				",0x10,-,,,,,,,,,,,,,,,0x0,,,,,,,,,,,,,%{afff0694-70ff-4985-9456-bb96e5b03812},DS,%{e0fa1e8b-9b45-11d0-afdd-00c04fd930c9},,Object Access,,,,,"%%7684
		{e48d0154-bcf8-11d1-8702-00c04fb96050}
			{26d97369-6070-11d1-a9c6-0000f80367c1}
	{e0fa1e8b-9b45-11d0-afdd-00c04fd930c9}
",,PIRATE,0x4ba19,DC01$,S-1-5-18,,,,,,,,,,
2026-01-08T21:16:01.286695Z,4662,DC01.pirate.htb,Microsoft-Windows-Security-Auditing,Security,17571,0,"%%1538
				",0x20000,-,,,,,,,,,,,,,,,0x0,,,,,,,,,,,,,%{afff0694-70ff-4985-9456-bb96e5b03812},DS,%{e0fa1e8b-9b45-11d0-afdd-00c04fd930c9},,Object Access,,,,,"%%1538
	{e0fa1e8b-9b45-11d0-afdd-00c04fd930c9}
",,PIRATE,0x4ba19,DC01$,S-1-5-18,,,,,,,,,,
2026-01-08T21:16:01.286820Z,4662,DC01.pirate.htb,Microsoft-Windows-Security-Auditing,Security,17572,0,"%%7684
				",0x10,-,,,,,,,,,,,,,,,0x0,,,,,,,,,,,,,%{afff0694-70ff-4985-9456-bb96e5b03812},DS,%{e0fa1e8b-9b45-11d0-afdd-00c04fd930c9},,Object Access,,,,,"%%7684
	{e0fa1e8b-9b45-11d0-afdd-00c04fd930c9}
		{e48d0154-bcf8-11d1-8702-00c04fb96050}
			{bf9679e5-0de6-11d0-a285-00aa003049e2}
			{bf9679e7-0de6-11d0-a285-00aa003049e2}
		{771727b1-31b8-4cdf-ae62-4fe39fadf89e}
			{bf967a77-0de6-11d0-a285-00aa003049e2}
			{bf967a70-0de6-11d0-a285-00aa003049e2}
			{bf967a6f-0de6-11d0-a285-00aa003049e2}
			{bf967a78-0de6-11d0-a285-00aa003049e2}
			{e0fa1e69-9b45-11d0-afdd-00c04fd930c9}
			{675a15fe-3b70-11d2-90cc-00c04fd91ab1}
			{aa12854c-d8fc-4d5e-91ca-368b8d829bee}
			{c79f2199-6da1-46ff-923c-1f3f800c721e}
			{7bea2088-8ce2-423c-b191-66ec506b1595}
			{0dc063c1-52d9-4456-9e15-9c2434aafd94}
			{5c5b7ad2-20fa-44bb-beb3-34b9c0f65579}
			{27d93c40-065a-43c0-bdd8-cdf2c7d120aa}
			{ff9e5552-7db7-4138-8888-05ce320a0323}
			{13361665-916c-4de7-a59d-b1ebbd0de129}
			{80b70aab-8959-4ec0-8e93-126e76df3aca}
			{8f4e317f-28d7-442c-a6df-1f491f97b326}
			{29869b7c-64c4-42fe-97d5-fbc2fa124160}
			{03d4c32e-e217-4a61-9699-7bbc4729a026}
			{f6b0f0be-a8e4-4468-8fd9-c3c47b8722f9}
			{3443d8cd-e5b6-4f3b-b098-659a0214a079}
			{b7673e6d-cad9-4e9e-b31a-63e8098fdd63}
			{28c458f5-602d-4ac9-a77c-b3f1be503a7e}
			{285c6964-c11a-499e-96d8-bf7c75a223c6}
			{ba340d47-2181-4ca0-a2f6-fae4479dab2a}
			{aff16770-9622-4fbc-a128-3088777605b9}
			{387d9432-a6d1-4474-82cd-0a89aae084ae}
			{19195a55-6da0-11d0-afd3-00c04fd930c9}
",,PIRATE,0x4ba19,DC01$,S-1-5-18,,,,,,,,,,
2026-01-08T21:16:01.296662Z,4662,DC01.pirate.htb,Microsoft-Windows-Security-Auditing,Security,17573,0,"%%7684
				",0x10,-,,,,,,,,,,,,,,,0x0,,,,,,,,,,,,,%{afff0694-70ff-4985-9456-bb96e5b03812},DS,%{e0fa1e8b-9b45-11d0-afdd-00c04fd930c9},,Object Access,,,,,"%%7684
		{e48d0154-bcf8-11d1-8702-00c04fb96050}
			{26d97369-6070-11d1-a9c6-0000f80367c1}
	{e0fa1e8b-9b45-11d0-afdd-00c04fd930c9}
",,PIRATE,0x4ba19,DC01$,S-1-5-18,,,,,,,,,,
2026-01-08T21:16:01.296675Z,4662,DC01.pirate.htb,Microsoft-Windows-Security-Auditing,Security,17574,0,"%%1538
				",0x20000,-,,,,,,,,,,,,,,,0x0,,,,,,,,,,,,,%{afff0694-70ff-4985-9456-bb96e5b03812},DS,%{e0fa1e8b-9b45-11d0-afdd-00c04fd930c9},,Object Access,,,,,"%%1538
	{e0fa1e8b-9b45-11d0-afdd-00c04fd930c9}
",,PIRATE,0x4ba19,DC01$,S-1-5-18,,,,,,,,,,
2026-01-08T21:16:01.296794Z,4662,DC01.pirate.htb,Microsoft-Windows-Security-Auditing,Security,17575,0,"%%7684
				",0x10,-,,,,,,,,,,,,,,,0x0,,,,,,,,,,,,,%{afff0694-70ff-4985-9456-bb96e5b03812},DS,%{e0fa1e8b-9b45-11d0-afdd-00c04fd930c9},,Object Access,,,,,"%%7684
	{e0fa1e8b-9b45-11d0-afdd-00c04fd930c9}
		{e48d0154-bcf8-11d1-8702-00c04fb96050}
			{bf9679e5-0de6-11d0-a285-00aa003049e2}
			{bf9679e7-0de6-11d0-a285-00aa003049e2}
		{771727b1-31b8-4cdf-ae62-4fe39fadf89e}
			{bf967a77-0de6-11d0-a285-00aa003049e2}
			{bf967a70-0de6-11d0-a285-00aa003049e2}
			{bf967a6f-0de6-11d0-a285-00aa003049e2}
			{bf967a78-0de6-11d0-a285-00aa003049e2}
			{e0fa1e69-9b45-11d0-afdd-00c04fd930c9}
			{675a15fe-3b70-11d2-90cc-00c04fd91ab1}
			{aa12854c-d8fc-4d5e-91ca-368b8d829bee}
			{c79f2199-6da1-46ff-923c-1f3f800c721e}
			{7bea2088-8ce2-423c-b191-66ec506b1595}
			{0dc063c1-52d9-4456-9e15-9c2434aafd94}
			{5c5b7ad2-20fa-44bb-beb3-34b9c0f65579}
			{27d93c40-065a-43c0-bdd8-cdf2c7d120aa}
			{ff9e5552-7db7-4138-8888-05ce320a0323}
			{13361665-916c-4de7-a59d-b1ebbd0de129}
			{80b70aab-8959-4ec0-8e93-126e76df3aca}
			{8f4e317f-28d7-442c-a6df-1f491f97b326}
			{29869b7c-64c4-42fe-97d5-fbc2fa124160}
			{03d4c32e-e217-4a61-9699-7bbc4729a026}
			{f6b0f0be-a8e4-4468-8fd9-c3c47b8722f9}
			{3443d8cd-e5b6-4f3b-b098-659a0214a079}
			{b7673e6d-cad9-4e9e-b31a-63e8098fdd63}
			{28c458f5-602d-4ac9-a77c-b3f1be503a7e}
			{285c6964-c11a-499e-96d8-bf7c75a223c6}
			{ba340d47-2181-4ca0-a2f6-fae4479dab2a}
			{aff16770-9622-4fbc-a128-3088777605b9}
			{387d9432-a6d1-4474-82cd-0a89aae084ae}
			{19195a55-6da0-11d0-afd3-00c04fd930c9}
",,PIRATE,0x4ba19,DC01$,S-1-5-18,,,,,,,,,,
2026-01-08T21:16:01.297823Z,4662,DC01.pirate.htb,Microsoft-Windows-Security-Auditing,Security,17576,0,"%%7684
				",0x10,-,,,,,,,,,,,,,,,0x0,,,,,,,,,,,,,%{469bd39f-3e90-4f1a-b47e-0432e347ae56},DS,%{e0fa1e8c-9b45-11d0-afdd-00c04fd930c9},,Object Access,,,,,"%%7684
		{e48d0154-bcf8-11d1-8702-00c04fb96050}
			{26d97369-6070-11d1-a9c6-0000f80367c1}
		{771727b1-31b8-4cdf-ae62-4fe39fadf89e}
			{bf967a6f-0de6-11d0-a285-00aa003049e2}
	{e0fa1e8c-9b45-11d0-afdd-00c04fd930c9}
",,PIRATE,0x4ba19,DC01$,S-1-5-18,,,,,,,,,,
2026-01-08T21:16:01.297836Z,4662,DC01.pirate.htb,Microsoft-Windows-Security-Auditing,Security,17577,0,"%%7682
				",0x4,-,,,,,,,,,,,,,,,0x0,,,,,,,,,,,,,%{afff0694-70ff-4985-9456-bb96e5b03812},DS,%{e0fa1e8b-9b45-11d0-afdd-00c04fd930c9},,Object Access,,,,,"%%7682
	{e0fa1e8b-9b45-11d0-afdd-00c04fd930c9}
",,PIRATE,0x4ba19,DC01$,S-1-5-18,,,,,,,,,,
2026-01-08T21:16:01.297847Z,4662,DC01.pirate.htb,Microsoft-Windows-Security-Auditing,Security,17578,0,"%%1538
				%%1542
				",0x1020000,-,,,,,,,,,,,,,,,0x0,,,,,,,,,,,,,%{469bd39f-3e90-4f1a-b47e-0432e347ae56},DS,%{e0fa1e8c-9b45-11d0-afdd-00c04fd930c9},,Object Access,,,,,"%%1538
%%1542
	{e0fa1e8c-9b45-11d0-afdd-00c04fd930c9}
",,PIRATE,0x4ba19,DC01$,S-1-5-18,,,,,,,,,,
2026-01-08T21:16:01.297965Z,4662,DC01.pirate.htb,Microsoft-Windows-Security-Auditing,Security,17579,0,"%%7684
				",0x10,-,,,,,,,,,,,,,,,0x0,,,,,,,,,,,,,%{469bd39f-3e90-4f1a-b47e-0432e347ae56},DS,%{e0fa1e8c-9b45-11d0-afdd-00c04fd930c9},,Object Access,,,,,"%%7684
	{e0fa1e8c-9b45-11d0-afdd-00c04fd930c9}
		{e48d0154-bcf8-11d1-8702-00c04fb96050}
			{bf9679e5-0de6-11d0-a285-00aa003049e2}
			{bf9679e7-0de6-11d0-a285-00aa003049e2}
		{771727b1-31b8-4cdf-ae62-4fe39fadf89e}
			{bf967a77-0de6-11d0-a285-00aa003049e2}
			{bf967a70-0de6-11d0-a285-00aa003049e2}
			{bf967a6f-0de6-11d0-a285-00aa003049e2}
			{bf967a78-0de6-11d0-a285-00aa003049e2}
			{e0fa1e69-9b45-11d0-afdd-00c04fd930c9}
			{675a15fe-3b70-11d2-90cc-00c04fd91ab1}
			{aa12854c-d8fc-4d5e-91ca-368b8d829bee}
			{c79f2199-6da1-46ff-923c-1f3f800c721e}
			{7bea2088-8ce2-423c-b191-66ec506b1595}
			{0dc063c1-52d9-4456-9e15-9c2434aafd94}
			{5c5b7ad2-20fa-44bb-beb3-34b9c0f65579}
			{27d93c40-065a-43c0-bdd8-cdf2c7d120aa}
			{ff9e5552-7db7-4138-8888-05ce320a0323}
			{13361665-916c-4de7-a59d-b1ebbd0de129}
			{80b70aab-8959-4ec0-8e93-126e76df3aca}
			{8f4e317f-28d7-442c-a6df-1f491f97b326}
			{29869b7c-64c4-42fe-97d5-fbc2fa124160}
			{03d4c32e-e217-4a61-9699-7bbc4729a026}
			{f6b0f0be-a8e4-4468-8fd9-c3c47b8722f9}
			{3443d8cd-e5b6-4f3b-b098-659a0214a079}
			{b7673e6d-cad9-4e9e-b31a-63e8098fdd63}
			{28c458f5-602d-4ac9-a77c-b3f1be503a7e}
			{285c6964-c11a-499e-96d8-bf7c75a223c6}
			{ba340d47-2181-4ca0-a2f6-fae4479dab2a}
			{aff16770-9622-4fbc-a128-3088777605b9}
			{387d9432-a6d1-4474-82cd-0a89aae084ae}
			{19195a55-6da0-11d0-afd3-00c04fd930c9}
",,PIRATE,0x4ba19,DC01$,S-1-5-18,,,,,,,,,,
2026-01-08T21:16:01.297990Z,4662,DC01.pirate.htb,Microsoft-Windows-Security-Auditing,Security,17580,0,"%%7684
				",0x10,-,,,,,,,,,,,,,,,0x0,,,,,,,,,,,,,%{de445434-0c12-435d-8650-5a209e4581ad},DS,%{e0fa1e8c-9b45-11d0-afdd-00c04fd930c9},,Object Access,,,,,"%%7684
		{e48d0154-bcf8-11d1-8702-00c04fb96050}
			{26d97369-6070-11d1-a9c6-0000f80367c1}
		{771727b1-31b8-4cdf-ae62-4fe39fadf89e}
			{bf967a6f-0de6-11d0-a285-00aa003049e2}
	{e0fa1e8c-9b45-11d0-afdd-00c04fd930c9}
",,PIRATE,0x4ba19,DC01$,S-1-5-18,,,,,,,,,,
2026-01-08T21:16:01.298000Z,4662,DC01.pirate.htb,Microsoft-Windows-Security-Auditing,Security,17581,0,"%%1538
				%%1542
				",0x1020000,-,,,,,,,,,,,,,,,0x0,,,,,,,,,,,,,%{de445434-0c12-435d-8650-5a209e4581ad},DS,%{e0fa1e8c-9b45-11d0-afdd-00c04fd930c9},,Object Access,,,,,"%%1538
%%1542
	{e0fa1e8c-9b45-11d0-afdd-00c04fd930c9}
",,PIRATE,0x4ba19,DC01$,S-1-5-18,,,,,,,,,,
2026-01-08T21:16:01.298165Z,4662,DC01.pirate.htb,Microsoft-Windows-Security-Auditing,Security,17582,0,"%%7684
				",0x10,-,,,,,,,,,,,,,,,0x0,,,,,,,,,,,,,%{de445434-0c12-435d-8650-5a209e4581ad},DS,%{e0fa1e8c-9b45-11d0-afdd-00c04fd930c9},,Object Access,,,,,"%%7684
	{e0fa1e8c-9b45-11d0-afdd-00c04fd930c9}
		{e48d0154-bcf8-11d1-8702-00c04fb96050}
			{bf9679e5-0de6-11d0-a285-00aa003049e2}
			{bf9679e7-0de6-11d0-a285-00aa003049e2}
		{771727b1-31b8-4cdf-ae62-4fe39fadf89e}
			{bf967a77-0de6-11d0-a285-00aa003049e2}
			{bf967a70-0de6-11d0-a285-00aa003049e2}
			{bf967a6f-0de6-11d0-a285-00aa003049e2}
			{bf967a78-0de6-11d0-a285-00aa003049e2}
			{e0fa1e69-9b45-11d0-afdd-00c04fd930c9}
			{675a15fe-3b70-11d2-90cc-00c04fd91ab1}
			{aa12854c-d8fc-4d5e-91ca-368b8d829bee}
			{c79f2199-6da1-46ff-923c-1f3f800c721e}
			{7bea2088-8ce2-423c-b191-66ec506b1595}
			{0dc063c1-52d9-4456-9e15-9c2434aafd94}
			{5c5b7ad2-20fa-44bb-beb3-34b9c0f65579}
			{27d93c40-065a-43c0-bdd8-cdf2c7d120aa}
			{ff9e5552-7db7-4138-8888-05ce320a0323}
			{13361665-916c-4de7-a59d-b1ebbd0de129}
			{80b70aab-8959-4ec0-8e93-126e76df3aca}
			{8f4e317f-28d7-442c-a6df-1f491f97b326}
			{29869b7c-64c4-42fe-97d5-fbc2fa124160}
			{03d4c32e-e217-4a61-9699-7bbc4729a026}
			{f6b0f0be-a8e4-4468-8fd9-c3c47b8722f9}
			{3443d8cd-e5b6-4f3b-b098-659a0214a079}
			{b7673e6d-cad9-4e9e-b31a-63e8098fdd63}
			{28c458f5-602d-4ac9-a77c-b3f1be503a7e}
			{285c6964-c11a-499e-96d8-bf7c75a223c6}
			{ba340d47-2181-4ca0-a2f6-fae4479dab2a}
			{aff16770-9622-4fbc-a128-3088777605b9}
			{387d9432-a6d1-4474-82cd-0a89aae084ae}
			{19195a55-6da0-11d0-afd3-00c04fd930c9}
",,PIRATE,0x4ba19,DC01$,S-1-5-18,,,,,,,,,,
2026-01-08T21:16:01.298193Z,4662,DC01.pirate.htb,Microsoft-Windows-Security-Auditing,Security,17583,0,"%%7684
				",0x10,-,,,,,,,,,,,,,,,0x0,,,,,,,,,,,,,%{2023fab1-9a2c-4430-be1b-bd2a3d3d7774},DS,%{e0fa1e8c-9b45-11d0-afdd-00c04fd930c9},,Object Access,,,,,"%%7684
		{e48d0154-bcf8-11d1-8702-00c04fb96050}
			{26d97369-6070-11d1-a9c6-0000f80367c1}
		{771727b1-31b8-4cdf-ae62-4fe39fadf89e}
			{bf967a6f-0de6-11d0-a285-00aa003049e2}
	{e0fa1e8c-9b45-11d0-afdd-00c04fd930c9}
",,PIRATE,0x4ba19,DC01$,S-1-5-18,,,,,,,,,,
2026-01-08T21:16:01.298202Z,4662,DC01.pirate.htb,Microsoft-Windows-Security-Auditing,Security,17584,0,"%%1538
				%%1542
				",0x1020000,-,,,,,,,,,,,,,,,0x0,,,,,,,,,,,,,%{2023fab1-9a2c-4430-be1b-bd2a3d3d7774},DS,%{e0fa1e8c-9b45-11d0-afdd-00c04fd930c9},,Object Access,,,,,"%%1538
%%1542
	{e0fa1e8c-9b45-11d0-afdd-00c04fd930c9}
",,PIRATE,0x4ba19,DC01$,S-1-5-18,,,,,,,,,,
2026-01-08T21:16:01.298315Z,4662,DC01.pirate.htb,Microsoft-Windows-Security-Auditing,Security,17585,0,"%%7684
				",0x10,-,,,,,,,,,,,,,,,0x0,,,,,,,,,,,,,%{2023fab1-9a2c-4430-be1b-bd2a3d3d7774},DS,%{e0fa1e8c-9b45-11d0-afdd-00c04fd930c9},,Object Access,,,,,"%%7684
	{e0fa1e8c-9b45-11d0-afdd-00c04fd930c9}
		{e48d0154-bcf8-11d1-8702-00c04fb96050}
			{bf9679e5-0de6-11d0-a285-00aa003049e2}
			{bf9679e7-0de6-11d0-a285-00aa003049e2}
		{771727b1-31b8-4cdf-ae62-4fe39fadf89e}
			{bf967a77-0de6-11d0-a285-00aa003049e2}
			{bf967a70-0de6-11d0-a285-00aa003049e2}
			{bf967a6f-0de6-11d0-a285-00aa003049e2}
			{bf967a78-0de6-11d0-a285-00aa003049e2}
			{e0fa1e69-9b45-11d0-afdd-00c04fd930c9}
			{675a15fe-3b70-11d2-90cc-00c04fd91ab1}
			{aa12854c-d8fc-4d5e-91ca-368b8d829bee}
			{c79f2199-6da1-46ff-923c-1f3f800c721e}
			{7bea2088-8ce2-423c-b191-66ec506b1595}
			{0dc063c1-52d9-4456-9e15-9c2434aafd94}
			{5c5b7ad2-20fa-44bb-beb3-34b9c0f65579}
			{27d93c40-065a-43c0-bdd8-cdf2c7d120aa}
			{ff9e5552-7db7-4138-8888-05ce320a0323}
			{13361665-916c-4de7-a59d-b1ebbd0de129}
			{80b70aab-8959-4ec0-8e93-126e76df3aca}
			{8f4e317f-28d7-442c-a6df-1f491f97b326}
			{29869b7c-64c4-42fe-97d5-fbc2fa124160}
			{03d4c32e-e217-4a61-9699-7bbc4729a026}
			{f6b0f0be-a8e4-4468-8fd9-c3c47b8722f9}
			{3443d8cd-e5b6-4f3b-b098-659a0214a079}
			{b7673e6d-cad9-4e9e-b31a-63e8098fdd63}
			{28c458f5-602d-4ac9-a77c-b3f1be503a7e}
			{285c6964-c11a-499e-96d8-bf7c75a223c6}
			{ba340d47-2181-4ca0-a2f6-fae4479dab2a}
			{aff16770-9622-4fbc-a128-3088777605b9}
			{387d9432-a6d1-4474-82cd-0a89aae084ae}
			{19195a55-6da0-11d0-afd3-00c04fd930c9}
",,PIRATE,0x4ba19,DC01$,S-1-5-18,,,,,,,,,,
2026-01-08T21:16:01.298339Z,4662,DC01.pirate.htb,Microsoft-Windows-Security-Auditing,Security,17586,0,"%%7684
				",0x10,-,,,,,,,,,,,,,,,0x0,,,,,,,,,,,,,%{aff6283f-b417-4237-bc64-56914d112ba3},DS,%{e0fa1e8c-9b45-11d0-afdd-00c04fd930c9},,Object Access,,,,,"%%7684
		{e48d0154-bcf8-11d1-8702-00c04fb96050}
			{26d97369-6070-11d1-a9c6-0000f80367c1}
		{771727b1-31b8-4cdf-ae62-4fe39fadf89e}
			{bf967a6f-0de6-11d0-a285-00aa003049e2}
	{e0fa1e8c-9b45-11d0-afdd-00c04fd930c9}
",,PIRATE,0x4ba19,DC01$,S-1-5-18,,,,,,,,,,
2026-01-08T21:16:01.298348Z,4662,DC01.pirate.htb,Microsoft-Windows-Security-Auditing,Security,17587,0,"%%1538
				%%1542
				",0x1020000,-,,,,,,,,,,,,,,,0x0,,,,,,,,,,,,,%{aff6283f-b417-4237-bc64-56914d112ba3},DS,%{e0fa1e8c-9b45-11d0-afdd-00c04fd930c9},,Object Access,,,,,"%%1538
%%1542
	{e0fa1e8c-9b45-11d0-afdd-00c04fd930c9}
",,PIRATE,0x4ba19,DC01$,S-1-5-18,,,,,,,,,,
