2025-07-29T04:00:22.598136Z,4662,DC01.pirate.htb,Microsoft-Windows-Security-Auditing,Security,16422,0,"%%7685
				",0x20,-,,,,,,,,,,,,,,,0x0,,,,,,,,,,,,,%{2023fab1-9a2c-4430-be1b-bd2a3d3d7774},DS,%{e0fa1e8c-9b45-11d0-afdd-00c04fd930c9},,Object Access,,,,,"%%7685
		{771727b1-31b8-4cdf-ae62-4fe39fadf89e}
			{e0fa1e69-9b45-11d0-afdd-00c04fd930c9}
			{d5eb2eb7-be4e-463b-a214-634a44d7392e}
	{e0fa1e8c-9b45-11d0-afdd-00c04fd930c9}
",,PIRATE,0x83e9b,DC01$,S-1-5-18,,,,,,,,,,
2025-07-29T04:00:22.602457Z,4662,DC01.pirate.htb,Microsoft-Windows-Security-Auditing,Security,16423,0,"%%7684
				",0x10,-,,,,,,,,,,,,,,,0x0,,,,,,,,,,,,,%{469bd39f-3e90-4f1a-b47e-0432e347ae56},DS,%{e0fa1e8c-9b45-11d0-afdd-00c04fd930c9},,Object Access,,,,,"%%7684
		{e48d0154-bcf8-11d1-8702-00c04fb96050}
			{bf9679e5-0de6-11d0-a285-00aa003049e2}
	{e0fa1e8c-9b45-11d0-afdd-00c04fd930c9}
",,PIRATE,0x51aa1,DC01$,S-1-5-18,,,,,,,,,,
2025-07-29T04:00:22.602463Z,4662,DC01.pirate.htb,Microsoft-Windows-Security-Auditing,Security,16424,0,"%%7682
				",0x4,-,,,,,,,,,,,,,,,0x0,,,,,,,,,,,,,%{afff0694-70ff-4985-9456-bb96e5b03812},DS,%{e0fa1e8b-9b45-11d0-afdd-00c04fd930c9},,Object Access,,,,,"%%7682
	{e0fa1e8b-9b45-11d0-afdd-00c04fd930c9}
",,PIRATE,0x51aa1,DC01$,S-1-5-18,,,,,,,,,,
2025-07-29T04:00:22.602468Z,4662,DC01.pirate.htb,Microsoft-Windows-Security-Auditing,Security,16425,0,"%%1538
				",0x20000,-,,,,,,,,,,,,,,,0x0,,,,,,,,,,,,,%{469bd39f-3e90-4f1a-b47e-0432e347ae56},DS,%{e0fa1e8c-9b45-11d0-afdd-00c04fd930c9},,Object Access,,,,,"%%1538
	{e0fa1e8c-9b45-11d0-afdd-00c04fd930c9}
",,PIRATE,0x51aa1,DC01$,S-1-5-18,,,,,,,,,,
2025-07-29T04:00:22.602551Z,4662,DC01.pirate.htb,Microsoft-Windows-Security-Auditing,Security,16426,0,"%%7684
				",0x10,-,,,,,,,,,,,,,,,0x0,,,,,,,,,,,,,%{469bd39f-3e90-4f1a-b47e-0432e347ae56},DS,%{e0fa1e8c-9b45-11d0-afdd-00c04fd930c9},,Object Access,,,,,"%%7684
	{e0fa1e8c-9b45-11d0-afdd-00c04fd930c9}
		{e48d0154-bcf8-11d1-8702-00c04fb96050}
			{bf9679e5-0de6-11d0-a285-00aa003049e2}
			{bf9679e7-0de6-11d0-a285-00aa003049e2}
		{771727b1-31b8-4cdf-ae62-4fe39fadf89e}
			{bf967a77-0de6-11d0-a285-00aa003049e2}
			{bf967a70-0de6-11d0-a285-00aa003049e2}
			{bf967a6f-0de6-11d0-a285-00aa003049e2}
			{bf967a78-0de6-11d0-a285-00aa003049e2}
			{e0fa1e69-9b45-11d0-afdd-00c04fd930c9}
			{675a15fe-3b70-11d2-90cc-00c04fd91ab1}
			{aa12854c-d8fc-4d5e-91ca-368b8d829bee}
			{c79f2199-6da1-46ff-923c-1f3f800c721e}
			{7bea2088-8ce2-423c-b191-66ec506b1595}
			{0dc063c1-52d9-4456-9e15-9c2434aafd94}
			{5c5b7ad2-20fa-44bb-beb3-34b9c0f65579}
			{27d93c40-065a-43c0-bdd8-cdf2c7d120aa}
			{ff9e5552-7db7-4138-8888-05ce320a0323}
			{13361665-916c-4de7-a59d-b1ebbd0de129}
			{80b70aab-8959-4ec0-8e93-126e76df3aca}
			{8f4e317f-28d7-442c-a6df-1f491f97b326}
			{29869b7c-64c4-42fe-97d5-fbc2fa124160}
			{03d4c32e-e217-4a61-9699-7bbc4729a026}
			{f6b0f0be-a8e4-4468-8fd9-c3c47b8722f9}
			{3443d8cd-e5b6-4f3b-b098-659a0214a079}
			{b7673e6d-cad9-4e9e-b31a-63e8098fdd63}
			{28c458f5-602d-4ac9-a77c-b3f1be503a7e}
			{285c6964-c11a-499e-96d8-bf7c75a223c6}
			{ba340d47-2181-4ca0-a2f6-fae4479dab2a}
			{aff16770-9622-4fbc-a128-3088777605b9}
			{387d9432-a6d1-4474-82cd-0a89aae084ae}
			{19195a55-6da0-11d0-afd3-00c04fd930c9}
",,PIRATE,0x51aa1,DC01$,S-1-5-18,,,,,,,,,,
2025-07-29T04:00:22.605489Z,4662,DC01.pirate.htb,Microsoft-Windows-Security-Auditing,Security,16427,0,"%%7684
				",0x10,-,,,,,,,,,,,,,,,0x0,,,,,,,,,,,,,%{469bd39f-3e90-4f1a-b47e-0432e347ae56},DS,%{e0fa1e8c-9b45-11d0-afdd-00c04fd930c9},,Object Access,,,,,"%%7684
		{e48d0154-bcf8-11d1-8702-00c04fb96050}
			{bf9679e5-0de6-11d0-a285-00aa003049e2}
	{e0fa1e8c-9b45-11d0-afdd-00c04fd930c9}
",,PIRATE,0x51aa1,DC01$,S-1-5-18,,,,,,,,,,
2025-07-29T04:00:22.605495Z,4662,DC01.pirate.htb,Microsoft-Windows-Security-Auditing,Security,16428,0,"%%7682
				",0x4,-,,,,,,,,,,,,,,,0x0,,,,,,,,,,,,,%{afff0694-70ff-4985-9456-bb96e5b03812},DS,%{e0fa1e8b-9b45-11d0-afdd-00c04fd930c9},,Object Access,,,,,"%%7682
	{e0fa1e8b-9b45-11d0-afdd-00c04fd930c9}
",,PIRATE,0x51aa1,DC01$,S-1-5-18,,,,,,,,,,
2025-07-29T04:00:22.605517Z,4662,DC01.pirate.htb,Microsoft-Windows-Security-Auditing,Security,16429,0,"%%1538
				",0x20000,-,,,,,,,,,,,,,,,0x0,,,,,,,,,,,,,%{469bd39f-3e90-4f1a-b47e-0432e347ae56},DS,%{e0fa1e8c-9b45-11d0-afdd-00c04fd930c9},,Object Access,,,,,"%%1538
	{e0fa1e8c-9b45-11d0-afdd-00c04fd930c9}
",,PIRATE,0x51aa1,DC01$,S-1-5-18,,,,,,,,,,
2025-07-29T04:00:22.605566Z,4662,DC01.pirate.htb,Microsoft-Windows-Security-Auditing,Security,16430,0,"%%7684
				",0x10,-,,,,,,,,,,,,,,,0x0,,,,,,,,,,,,,%{469bd39f-3e90-4f1a-b47e-0432e347ae56},DS,%{e0fa1e8c-9b45-11d0-afdd-00c04fd930c9},,Object Access,,,,,"%%7684
	{e0fa1e8c-9b45-11d0-afdd-00c04fd930c9}
		{e48d0154-bcf8-11d1-8702-00c04fb96050}
			{bf9679e5-0de6-11d0-a285-00aa003049e2}
			{bf9679e7-0de6-11d0-a285-00aa003049e2}
		{771727b1-31b8-4cdf-ae62-4fe39fadf89e}
			{bf967a77-0de6-11d0-a285-00aa003049e2}
			{bf967a70-0de6-11d0-a285-00aa003049e2}
			{bf967a6f-0de6-11d0-a285-00aa003049e2}
			{bf967a78-0de6-11d0-a285-00aa003049e2}
			{e0fa1e69-9b45-11d0-afdd-00c04fd930c9}
			{675a15fe-3b70-11d2-90cc-00c04fd91ab1}
			{aa12854c-d8fc-4d5e-91ca-368b8d829bee}
			{c79f2199-6da1-46ff-923c-1f3f800c721e}
			{7bea2088-8ce2-423c-b191-66ec506b1595}
			{0dc063c1-52d9-4456-9e15-9c2434aafd94}
			{5c5b7ad2-20fa-44bb-beb3-34b9c0f65579}
			{27d93c40-065a-43c0-bdd8-cdf2c7d120aa}
			{ff9e5552-7db7-4138-8888-05ce320a0323}
			{13361665-916c-4de7-a59d-b1ebbd0de129}
			{80b70aab-8959-4ec0-8e93-126e76df3aca}
			{8f4e317f-28d7-442c-a6df-1f491f97b326}
			{29869b7c-64c4-42fe-97d5-fbc2fa124160}
			{03d4c32e-e217-4a61-9699-7bbc4729a026}
			{f6b0f0be-a8e4-4468-8fd9-c3c47b8722f9}
			{3443d8cd-e5b6-4f3b-b098-659a0214a079}
			{b7673e6d-cad9-4e9e-b31a-63e8098fdd63}
			{28c458f5-602d-4ac9-a77c-b3f1be503a7e}
			{285c6964-c11a-499e-96d8-bf7c75a223c6}
			{ba340d47-2181-4ca0-a2f6-fae4479dab2a}
			{aff16770-9622-4fbc-a128-3088777605b9}
			{387d9432-a6d1-4474-82cd-0a89aae084ae}
			{19195a55-6da0-11d0-afd3-00c04fd930c9}
",,PIRATE,0x51aa1,DC01$,S-1-5-18,,,,,,,,,,
2025-07-29T04:00:22.608999Z,4662,DC01.pirate.htb,Microsoft-Windows-Security-Auditing,Security,16431,0,"%%7684
				",0x10,-,,,,,,,,,,,,,,,0x0,,,,,,,,,,,,,%{469bd39f-3e90-4f1a-b47e-0432e347ae56},DS,%{e0fa1e8c-9b45-11d0-afdd-00c04fd930c9},,Object Access,,,,,"%%7684
		{e48d0154-bcf8-11d1-8702-00c04fb96050}
			{26d97369-6070-11d1-a9c6-0000f80367c1}
	{e0fa1e8c-9b45-11d0-afdd-00c04fd930c9}
",,PIRATE,0x51aa1,DC01$,S-1-5-18,,,,,,,,,,
2025-07-29T04:00:22.609006Z,4662,DC01.pirate.htb,Microsoft-Windows-Security-Auditing,Security,16432,0,"%%7682
				",0x4,-,,,,,,,,,,,,,,,0x0,,,,,,,,,,,,,%{afff0694-70ff-4985-9456-bb96e5b03812},DS,%{e0fa1e8b-9b45-11d0-afdd-00c04fd930c9},,Object Access,,,,,"%%7682
	{e0fa1e8b-9b45-11d0-afdd-00c04fd930c9}
",,PIRATE,0x51aa1,DC01$,S-1-5-18,,,,,,,,,,
2025-07-29T04:00:22.609012Z,4662,DC01.pirate.htb,Microsoft-Windows-Security-Auditing,Security,16433,0,"%%1538
				",0x20000,-,,,,,,,,,,,,,,,0x0,,,,,,,,,,,,,%{469bd39f-3e90-4f1a-b47e-0432e347ae56},DS,%{e0fa1e8c-9b45-11d0-afdd-00c04fd930c9},,Object Access,,,,,"%%1538
	{e0fa1e8c-9b45-11d0-afdd-00c04fd930c9}
",,PIRATE,0x51aa1,DC01$,S-1-5-18,,,,,,,,,,
2025-07-29T04:00:22.609023Z,4662,DC01.pirate.htb,Microsoft-Windows-Security-Auditing,Security,16434,0,"%%7684
				",0x10,-,,,,,,,,,,,,,,,0x0,,,,,,,,,,,,,%{469bd39f-3e90-4f1a-b47e-0432e347ae56},DS,%{e0fa1e8c-9b45-11d0-afdd-00c04fd930c9},,Object Access,,,,,"%%7684
		{771727b1-31b8-4cdf-ae62-4fe39fadf89e}
			{bf967a77-0de6-11d0-a285-00aa003049e2}
			{e0fa1e69-9b45-11d0-afdd-00c04fd930c9}
	{e0fa1e8c-9b45-11d0-afdd-00c04fd930c9}
",,PIRATE,0x51aa1,DC01$,S-1-5-18,,,,,,,,,,
2025-07-29T04:00:22.609034Z,4662,DC01.pirate.htb,Microsoft-Windows-Security-Auditing,Security,16435,0,"%%7685
				",0x20,-,,,,,,,,,,,,,,,0x0,,,,,,,,,,,,,%{469bd39f-3e90-4f1a-b47e-0432e347ae56},DS,%{e0fa1e8c-9b45-11d0-afdd-00c04fd930c9},,Object Access,,,,,"%%7685
		{771727b1-31b8-4cdf-ae62-4fe39fadf89e}
			{e0fa1e69-9b45-11d0-afdd-00c04fd930c9}
			{d5eb2eb7-be4e-463b-a214-634a44d7392e}
	{e0fa1e8c-9b45-11d0-afdd-00c04fd930c9}
",,PIRATE,0x83f16,DC01$,S-1-5-18,,,,,,,,,,
2025-07-29T04:00:22.626183Z,4662,DC01.pirate.htb,Microsoft-Windows-Security-Auditing,Security,16436,0,"%%7684
				",0x10,-,,,,,,,,,,,,,,,0x0,,,,,,,,,,,,,%{de445434-0c12-435d-8650-5a209e4581ad},DS,%{e0fa1e8c-9b45-11d0-afdd-00c04fd930c9},,Object Access,,,,,"%%7684
		{e48d0154-bcf8-11d1-8702-00c04fb96050}
			{bf9679e5-0de6-11d0-a285-00aa003049e2}
	{e0fa1e8c-9b45-11d0-afdd-00c04fd930c9}
",,PIRATE,0x51aa1,DC01$,S-1-5-18,,,,,,,,,,
2025-07-29T04:00:22.626190Z,4662,DC01.pirate.htb,Microsoft-Windows-Security-Auditing,Security,16437,0,"%%7682
				",0x4,-,,,,,,,,,,,,,,,0x0,,,,,,,,,,,,,%{afff0694-70ff-4985-9456-bb96e5b03812},DS,%{e0fa1e8b-9b45-11d0-afdd-00c04fd930c9},,Object Access,,,,,"%%7682
	{e0fa1e8b-9b45-11d0-afdd-00c04fd930c9}
",,PIRATE,0x51aa1,DC01$,S-1-5-18,,,,,,,,,,
2025-07-29T04:00:22.626195Z,4662,DC01.pirate.htb,Microsoft-Windows-Security-Auditing,Security,16438,0,"%%1538
				",0x20000,-,,,,,,,,,,,,,,,0x0,,,,,,,,,,,,,%{de445434-0c12-435d-8650-5a209e4581ad},DS,%{e0fa1e8c-9b45-11d0-afdd-00c04fd930c9},,Object Access,,,,,"%%1538
	{e0fa1e8c-9b45-11d0-afdd-00c04fd930c9}
",,PIRATE,0x51aa1,DC01$,S-1-5-18,,,,,,,,,,
2025-07-29T04:00:22.626253Z,4662,DC01.pirate.htb,Microsoft-Windows-Security-Auditing,Security,16439,0,"%%7684
				",0x10,-,,,,,,,,,,,,,,,0x0,,,,,,,,,,,,,%{de445434-0c12-435d-8650-5a209e4581ad},DS,%{e0fa1e8c-9b45-11d0-afdd-00c04fd930c9},,Object Access,,,,,"%%7684
	{e0fa1e8c-9b45-11d0-afdd-00c04fd930c9}
		{e48d0154-bcf8-11d1-8702-00c04fb96050}
			{bf9679e5-0de6-11d0-a285-00aa003049e2}
			{bf9679e7-0de6-11d0-a285-00aa003049e2}
		{771727b1-31b8-4cdf-ae62-4fe39fadf89e}
			{bf967a77-0de6-11d0-a285-00aa003049e2}
			{bf967a70-0de6-11d0-a285-00aa003049e2}
			{bf967a6f-0de6-11d0-a285-00aa003049e2}
			{bf967a78-0de6-11d0-a285-00aa003049e2}
			{e0fa1e69-9b45-11d0-afdd-00c04fd930c9}
			{675a15fe-3b70-11d2-90cc-00c04fd91ab1}
			{aa12854c-d8fc-4d5e-91ca-368b8d829bee}
			{c79f2199-6da1-46ff-923c-1f3f800c721e}
			{7bea2088-8ce2-423c-b191-66ec506b1595}
			{0dc063c1-52d9-4456-9e15-9c2434aafd94}
			{5c5b7ad2-20fa-44bb-beb3-34b9c0f65579}
			{27d93c40-065a-43c0-bdd8-cdf2c7d120aa}
			{ff9e5552-7db7-4138-8888-05ce320a0323}
			{13361665-916c-4de7-a59d-b1ebbd0de129}
			{80b70aab-8959-4ec0-8e93-126e76df3aca}
			{8f4e317f-28d7-442c-a6df-1f491f97b326}
			{29869b7c-64c4-42fe-97d5-fbc2fa124160}
			{03d4c32e-e217-4a61-9699-7bbc4729a026}
			{f6b0f0be-a8e4-4468-8fd9-c3c47b8722f9}
			{3443d8cd-e5b6-4f3b-b098-659a0214a079}
			{b7673e6d-cad9-4e9e-b31a-63e8098fdd63}
			{28c458f5-602d-4ac9-a77c-b3f1be503a7e}
			{285c6964-c11a-499e-96d8-bf7c75a223c6}
			{ba340d47-2181-4ca0-a2f6-fae4479dab2a}
			{aff16770-9622-4fbc-a128-3088777605b9}
			{387d9432-a6d1-4474-82cd-0a89aae084ae}
			{19195a55-6da0-11d0-afd3-00c04fd930c9}
",,PIRATE,0x51aa1,DC01$,S-1-5-18,,,,,,,,,,
2025-07-29T04:00:22.630003Z,4662,DC01.pirate.htb,Microsoft-Windows-Security-Auditing,Security,16440,0,"%%7684
				",0x10,-,,,,,,,,,,,,,,,0x0,,,,,,,,,,,,,%{de445434-0c12-435d-8650-5a209e4581ad},DS,%{e0fa1e8c-9b45-11d0-afdd-00c04fd930c9},,Object Access,,,,,"%%7684
		{e48d0154-bcf8-11d1-8702-00c04fb96050}
			{bf9679e5-0de6-11d0-a285-00aa003049e2}
	{e0fa1e8c-9b45-11d0-afdd-00c04fd930c9}
",,PIRATE,0x51aa1,DC01$,S-1-5-18,,,,,,,,,,
2025-07-29T04:00:22.630008Z,4662,DC01.pirate.htb,Microsoft-Windows-Security-Auditing,Security,16441,0,"%%7682
				",0x4,-,,,,,,,,,,,,,,,0x0,,,,,,,,,,,,,%{afff0694-70ff-4985-9456-bb96e5b03812},DS,%{e0fa1e8b-9b45-11d0-afdd-00c04fd930c9},,Object Access,,,,,"%%7682
	{e0fa1e8b-9b45-11d0-afdd-00c04fd930c9}
",,PIRATE,0x51aa1,DC01$,S-1-5-18,,,,,,,,,,
2025-07-29T04:00:22.630012Z,4662,DC01.pirate.htb,Microsoft-Windows-Security-Auditing,Security,16442,0,"%%1538
				",0x20000,-,,,,,,,,,,,,,,,0x0,,,,,,,,,,,,,%{de445434-0c12-435d-8650-5a209e4581ad},DS,%{e0fa1e8c-9b45-11d0-afdd-00c04fd930c9},,Object Access,,,,,"%%1538
	{e0fa1e8c-9b45-11d0-afdd-00c04fd930c9}
",,PIRATE,0x51aa1,DC01$,S-1-5-18,,,,,,,,,,
2025-07-29T04:00:22.630058Z,4662,DC01.pirate.htb,Microsoft-Windows-Security-Auditing,Security,16443,0,"%%7684
				",0x10,-,,,,,,,,,,,,,,,0x0,,,,,,,,,,,,,%{de445434-0c12-435d-8650-5a209e4581ad},DS,%{e0fa1e8c-9b45-11d0-afdd-00c04fd930c9},,Object Access,,,,,"%%7684
	{e0fa1e8c-9b45-11d0-afdd-00c04fd930c9}
		{e48d0154-bcf8-11d1-8702-00c04fb96050}
			{bf9679e5-0de6-11d0-a285-00aa003049e2}
			{bf9679e7-0de6-11d0-a285-00aa003049e2}
		{771727b1-31b8-4cdf-ae62-4fe39fadf89e}
			{bf967a77-0de6-11d0-a285-00aa003049e2}
			{bf967a70-0de6-11d0-a285-00aa003049e2}
			{bf967a6f-0de6-11d0-a285-00aa003049e2}
			{bf967a78-0de6-11d0-a285-00aa003049e2}
			{e0fa1e69-9b45-11d0-afdd-00c04fd930c9}
			{675a15fe-3b70-11d2-90cc-00c04fd91ab1}
			{aa12854c-d8fc-4d5e-91ca-368b8d829bee}
			{c79f2199-6da1-46ff-923c-1f3f800c721e}
			{7bea2088-8ce2-423c-b191-66ec506b1595}
			{0dc063c1-52d9-4456-9e15-9c2434aafd94}
			{5c5b7ad2-20fa-44bb-beb3-34b9c0f65579}
			{27d93c40-065a-43c0-bdd8-cdf2c7d120aa}
			{ff9e5552-7db7-4138-8888-05ce320a0323}
			{13361665-916c-4de7-a59d-b1ebbd0de129}
			{80b70aab-8959-4ec0-8e93-126e76df3aca}
			{8f4e317f-28d7-442c-a6df-1f491f97b326}
			{29869b7c-64c4-42fe-97d5-fbc2fa124160}
			{03d4c32e-e217-4a61-9699-7bbc4729a026}
			{f6b0f0be-a8e4-4468-8fd9-c3c47b8722f9}
			{3443d8cd-e5b6-4f3b-b098-659a0214a079}
			{b7673e6d-cad9-4e9e-b31a-63e8098fdd63}
			{28c458f5-602d-4ac9-a77c-b3f1be503a7e}
			{285c6964-c11a-499e-96d8-bf7c75a223c6}
			{ba340d47-2181-4ca0-a2f6-fae4479dab2a}
			{aff16770-9622-4fbc-a128-3088777605b9}
			{387d9432-a6d1-4474-82cd-0a89aae084ae}
			{19195a55-6da0-11d0-afd3-00c04fd930c9}
",,PIRATE,0x51aa1,DC01$,S-1-5-18,,,,,,,,,,
2025-07-29T04:00:22.632356Z,4662,DC01.pirate.htb,Microsoft-Windows-Security-Auditing,Security,16444,0,"%%7684
				",0x10,-,,,,,,,,,,,,,,,0x0,,,,,,,,,,,,,%{de445434-0c12-435d-8650-5a209e4581ad},DS,%{e0fa1e8c-9b45-11d0-afdd-00c04fd930c9},,Object Access,,,,,"%%7684
		{e48d0154-bcf8-11d1-8702-00c04fb96050}
			{26d97369-6070-11d1-a9c6-0000f80367c1}
	{e0fa1e8c-9b45-11d0-afdd-00c04fd930c9}
",,PIRATE,0x51aa1,DC01$,S-1-5-18,,,,,,,,,,
2025-07-29T04:00:22.632362Z,4662,DC01.pirate.htb,Microsoft-Windows-Security-Auditing,Security,16445,0,"%%7682
				",0x4,-,,,,,,,,,,,,,,,0x0,,,,,,,,,,,,,%{afff0694-70ff-4985-9456-bb96e5b03812},DS,%{e0fa1e8b-9b45-11d0-afdd-00c04fd930c9},,Object Access,,,,,"%%7682
	{e0fa1e8b-9b45-11d0-afdd-00c04fd930c9}
",,PIRATE,0x51aa1,DC01$,S-1-5-18,,,,,,,,,,
2025-07-29T04:00:22.632367Z,4662,DC01.pirate.htb,Microsoft-Windows-Security-Auditing,Security,16446,0,"%%1538
				",0x20000,-,,,,,,,,,,,,,,,0x0,,,,,,,,,,,,,%{de445434-0c12-435d-8650-5a209e4581ad},DS,%{e0fa1e8c-9b45-11d0-afdd-00c04fd930c9},,Object Access,,,,,"%%1538
	{e0fa1e8c-9b45-11d0-afdd-00c04fd930c9}
",,PIRATE,0x51aa1,DC01$,S-1-5-18,,,,,,,,,,
2025-07-29T04:00:22.632376Z,4662,DC01.pirate.htb,Microsoft-Windows-Security-Auditing,Security,16447,0,"%%7684
				",0x10,-,,,,,,,,,,,,,,,0x0,,,,,,,,,,,,,%{de445434-0c12-435d-8650-5a209e4581ad},DS,%{e0fa1e8c-9b45-11d0-afdd-00c04fd930c9},,Object Access,,,,,"%%7684
		{771727b1-31b8-4cdf-ae62-4fe39fadf89e}
			{bf967a77-0de6-11d0-a285-00aa003049e2}
			{e0fa1e69-9b45-11d0-afdd-00c04fd930c9}
	{e0fa1e8c-9b45-11d0-afdd-00c04fd930c9}
",,PIRATE,0x51aa1,DC01$,S-1-5-18,,,,,,,,,,
2025-07-29T04:00:22.632859Z,4662,DC01.pirate.htb,Microsoft-Windows-Security-Auditing,Security,16448,0,"%%7685
				",0x20,-,,,,,,,,,,,,,,,0x0,,,,,,,,,,,,,%{de445434-0c12-435d-8650-5a209e4581ad},DS,%{e0fa1e8c-9b45-11d0-afdd-00c04fd930c9},,Object Access,,,,,"%%7685
		{771727b1-31b8-4cdf-ae62-4fe39fadf89e}
			{e0fa1e69-9b45-11d0-afdd-00c04fd930c9}
			{d5eb2eb7-be4e-463b-a214-634a44d7392e}
	{e0fa1e8c-9b45-11d0-afdd-00c04fd930c9}
",,PIRATE,0x84044,DC01$,S-1-5-18,,,,,,,,,,
2025-07-29T04:00:22.637394Z,4662,DC01.pirate.htb,Microsoft-Windows-Security-Auditing,Security,16449,0,"%%7684
				",0x10,-,,,,,,,,,,,,,,,0x0,,,,,,,,,,,,,%{2023fab1-9a2c-4430-be1b-bd2a3d3d7774},DS,%{e0fa1e8c-9b45-11d0-afdd-00c04fd930c9},,Object Access,,,,,"%%7684
		{e48d0154-bcf8-11d1-8702-00c04fb96050}
			{bf9679e5-0de6-11d0-a285-00aa003049e2}
	{e0fa1e8c-9b45-11d0-afdd-00c04fd930c9}
",,PIRATE,0x51aa1,DC01$,S-1-5-18,,,,,,,,,,
2025-07-29T04:00:22.637402Z,4662,DC01.pirate.htb,Microsoft-Windows-Security-Auditing,Security,16450,0,"%%7682
				",0x4,-,,,,,,,,,,,,,,,0x0,,,,,,,,,,,,,%{afff0694-70ff-4985-9456-bb96e5b03812},DS,%{e0fa1e8b-9b45-11d0-afdd-00c04fd930c9},,Object Access,,,,,"%%7682
	{e0fa1e8b-9b45-11d0-afdd-00c04fd930c9}
",,PIRATE,0x51aa1,DC01$,S-1-5-18,,,,,,,,,,
2025-07-29T04:00:22.637407Z,4662,DC01.pirate.htb,Microsoft-Windows-Security-Auditing,Security,16451,0,"%%1538
				",0x20000,-,,,,,,,,,,,,,,,0x0,,,,,,,,,,,,,%{2023fab1-9a2c-4430-be1b-bd2a3d3d7774},DS,%{e0fa1e8c-9b45-11d0-afdd-00c04fd930c9},,Object Access,,,,,"%%1538
	{e0fa1e8c-9b45-11d0-afdd-00c04fd930c9}
",,PIRATE,0x51aa1,DC01$,S-1-5-18,,,,,,,,,,
2025-07-29T04:00:22.637470Z,4662,DC01.pirate.htb,Microsoft-Windows-Security-Auditing,Security,16452,0,"%%7684
				",0x10,-,,,,,,,,,,,,,,,0x0,,,,,,,,,,,,,%{2023fab1-9a2c-4430-be1b-bd2a3d3d7774},DS,%{e0fa1e8c-9b45-11d0-afdd-00c04fd930c9},,Object Access,,,,,"%%7684
	{e0fa1e8c-9b45-11d0-afdd-00c04fd930c9}
		{e48d0154-bcf8-11d1-8702-00c04fb96050}
			{bf9679e5-0de6-11d0-a285-00aa003049e2}
			{bf9679e7-0de6-11d0-a285-00aa003049e2}
		{771727b1-31b8-4cdf-ae62-4fe39fadf89e}
			{bf967a77-0de6-11d0-a285-00aa003049e2}
			{bf967a70-0de6-11d0-a285-00aa003049e2}
			{bf967a6f-0de6-11d0-a285-00aa003049e2}
			{bf967a78-0de6-11d0-a285-00aa003049e2}
			{e0fa1e69-9b45-11d0-afdd-00c04fd930c9}
			{675a15fe-3b70-11d2-90cc-00c04fd91ab1}
			{aa12854c-d8fc-4d5e-91ca-368b8d829bee}
			{c79f2199-6da1-46ff-923c-1f3f800c721e}
			{7bea2088-8ce2-423c-b191-66ec506b1595}
			{0dc063c1-52d9-4456-9e15-9c2434aafd94}
			{5c5b7ad2-20fa-44bb-beb3-34b9c0f65579}
			{27d93c40-065a-43c0-bdd8-cdf2c7d120aa}
			{ff9e5552-7db7-4138-8888-05ce320a0323}
			{13361665-916c-4de7-a59d-b1ebbd0de129}
			{80b70aab-8959-4ec0-8e93-126e76df3aca}
			{8f4e317f-28d7-442c-a6df-1f491f97b326}
			{29869b7c-64c4-42fe-97d5-fbc2fa124160}
			{03d4c32e-e217-4a61-9699-7bbc4729a026}
			{f6b0f0be-a8e4-4468-8fd9-c3c47b8722f9}
			{3443d8cd-e5b6-4f3b-b098-659a0214a079}
			{b7673e6d-cad9-4e9e-b31a-63e8098fdd63}
			{28c458f5-602d-4ac9-a77c-b3f1be503a7e}
			{285c6964-c11a-499e-96d8-bf7c75a223c6}
			{ba340d47-2181-4ca0-a2f6-fae4479dab2a}
			{aff16770-9622-4fbc-a128-3088777605b9}
			{387d9432-a6d1-4474-82cd-0a89aae084ae}
			{19195a55-6da0-11d0-afd3-00c04fd930c9}
",,PIRATE,0x51aa1,DC01$,S-1-5-18,,,,,,,,,,
2025-07-29T04:00:22.640027Z,4662,DC01.pirate.htb,Microsoft-Windows-Security-Auditing,Security,16453,0,"%%7684
				",0x10,-,,,,,,,,,,,,,,,0x0,,,,,,,,,,,,,%{2023fab1-9a2c-4430-be1b-bd2a3d3d7774},DS,%{e0fa1e8c-9b45-11d0-afdd-00c04fd930c9},,Object Access,,,,,"%%7684
		{e48d0154-bcf8-11d1-8702-00c04fb96050}
			{bf9679e5-0de6-11d0-a285-00aa003049e2}
	{e0fa1e8c-9b45-11d0-afdd-00c04fd930c9}
",,PIRATE,0x51aa1,DC01$,S-1-5-18,,,,,,,,,,
2025-07-29T04:00:22.640031Z,4662,DC01.pirate.htb,Microsoft-Windows-Security-Auditing,Security,16454,0,"%%7682
				",0x4,-,,,,,,,,,,,,,,,0x0,,,,,,,,,,,,,%{afff0694-70ff-4985-9456-bb96e5b03812},DS,%{e0fa1e8b-9b45-11d0-afdd-00c04fd930c9},,Object Access,,,,,"%%7682
	{e0fa1e8b-9b45-11d0-afdd-00c04fd930c9}
",,PIRATE,0x51aa1,DC01$,S-1-5-18,,,,,,,,,,
2025-07-29T04:00:22.640034Z,4662,DC01.pirate.htb,Microsoft-Windows-Security-Auditing,Security,16455,0,"%%1538
				",0x20000,-,,,,,,,,,,,,,,,0x0,,,,,,,,,,,,,%{2023fab1-9a2c-4430-be1b-bd2a3d3d7774},DS,%{e0fa1e8c-9b45-11d0-afdd-00c04fd930c9},,Object Access,,,,,"%%1538
	{e0fa1e8c-9b45-11d0-afdd-00c04fd930c9}
",,PIRATE,0x51aa1,DC01$,S-1-5-18,,,,,,,,,,
2025-07-29T04:00:22.640079Z,4662,DC01.pirate.htb,Microsoft-Windows-Security-Auditing,Security,16456,0,"%%7684
				",0x10,-,,,,,,,,,,,,,,,0x0,,,,,,,,,,,,,%{2023fab1-9a2c-4430-be1b-bd2a3d3d7774},DS,%{e0fa1e8c-9b45-11d0-afdd-00c04fd930c9},,Object Access,,,,,"%%7684
	{e0fa1e8c-9b45-11d0-afdd-00c04fd930c9}
		{e48d0154-bcf8-11d1-8702-00c04fb96050}
			{bf9679e5-0de6-11d0-a285-00aa003049e2}
			{bf9679e7-0de6-11d0-a285-00aa003049e2}
		{771727b1-31b8-4cdf-ae62-4fe39fadf89e}
			{bf967a77-0de6-11d0-a285-00aa003049e2}
			{bf967a70-0de6-11d0-a285-00aa003049e2}
			{bf967a6f-0de6-11d0-a285-00aa003049e2}
			{bf967a78-0de6-11d0-a285-00aa003049e2}
			{e0fa1e69-9b45-11d0-afdd-00c04fd930c9}
			{675a15fe-3b70-11d2-90cc-00c04fd91ab1}
			{aa12854c-d8fc-4d5e-91ca-368b8d829bee}
			{c79f2199-6da1-46ff-923c-1f3f800c721e}
			{7bea2088-8ce2-423c-b191-66ec506b1595}
			{0dc063c1-52d9-4456-9e15-9c2434aafd94}
			{5c5b7ad2-20fa-44bb-beb3-34b9c0f65579}
			{27d93c40-065a-43c0-bdd8-cdf2c7d120aa}
			{ff9e5552-7db7-4138-8888-05ce320a0323}
			{13361665-916c-4de7-a59d-b1ebbd0de129}
			{80b70aab-8959-4ec0-8e93-126e76df3aca}
			{8f4e317f-28d7-442c-a6df-1f491f97b326}
			{29869b7c-64c4-42fe-97d5-fbc2fa124160}
			{03d4c32e-e217-4a61-9699-7bbc4729a026}
			{f6b0f0be-a8e4-4468-8fd9-c3c47b8722f9}
			{3443d8cd-e5b6-4f3b-b098-659a0214a079}
			{b7673e6d-cad9-4e9e-b31a-63e8098fdd63}
			{28c458f5-602d-4ac9-a77c-b3f1be503a7e}
			{285c6964-c11a-499e-96d8-bf7c75a223c6}
			{ba340d47-2181-4ca0-a2f6-fae4479dab2a}
			{aff16770-9622-4fbc-a128-3088777605b9}
			{387d9432-a6d1-4474-82cd-0a89aae084ae}
			{19195a55-6da0-11d0-afd3-00c04fd930c9}
",,PIRATE,0x51aa1,DC01$,S-1-5-18,,,,,,,,,,
2025-07-29T04:00:22.642122Z,4662,DC01.pirate.htb,Microsoft-Windows-Security-Auditing,Security,16457,0,"%%7684
				",0x10,-,,,,,,,,,,,,,,,0x0,,,,,,,,,,,,,%{2023fab1-9a2c-4430-be1b-bd2a3d3d7774},DS,%{e0fa1e8c-9b45-11d0-afdd-00c04fd930c9},,Object Access,,,,,"%%7684
		{e48d0154-bcf8-11d1-8702-00c04fb96050}
			{26d97369-6070-11d1-a9c6-0000f80367c1}
	{e0fa1e8c-9b45-11d0-afdd-00c04fd930c9}
",,PIRATE,0x51aa1,DC01$,S-1-5-18,,,,,,,,,,
2025-07-29T04:00:22.642126Z,4662,DC01.pirate.htb,Microsoft-Windows-Security-Auditing,Security,16458,0,"%%7682
				",0x4,-,,,,,,,,,,,,,,,0x0,,,,,,,,,,,,,%{afff0694-70ff-4985-9456-bb96e5b03812},DS,%{e0fa1e8b-9b45-11d0-afdd-00c04fd930c9},,Object Access,,,,,"%%7682
	{e0fa1e8b-9b45-11d0-afdd-00c04fd930c9}
",,PIRATE,0x51aa1,DC01$,S-1-5-18,,,,,,,,,,
2025-07-29T04:00:22.642130Z,4662,DC01.pirate.htb,Microsoft-Windows-Security-Auditing,Security,16459,0,"%%1538
				",0x20000,-,,,,,,,,,,,,,,,0x0,,,,,,,,,,,,,%{2023fab1-9a2c-4430-be1b-bd2a3d3d7774},DS,%{e0fa1e8c-9b45-11d0-afdd-00c04fd930c9},,Object Access,,,,,"%%1538
	{e0fa1e8c-9b45-11d0-afdd-00c04fd930c9}
",,PIRATE,0x51aa1,DC01$,S-1-5-18,,,,,,,,,,
2025-07-29T04:00:22.642137Z,4662,DC01.pirate.htb,Microsoft-Windows-Security-Auditing,Security,16460,0,"%%7684
				",0x10,-,,,,,,,,,,,,,,,0x0,,,,,,,,,,,,,%{2023fab1-9a2c-4430-be1b-bd2a3d3d7774},DS,%{e0fa1e8c-9b45-11d0-afdd-00c04fd930c9},,Object Access,,,,,"%%7684
		{771727b1-31b8-4cdf-ae62-4fe39fadf89e}
			{bf967a77-0de6-11d0-a285-00aa003049e2}
			{e0fa1e69-9b45-11d0-afdd-00c04fd930c9}
	{e0fa1e8c-9b45-11d0-afdd-00c04fd930c9}
",,PIRATE,0x51aa1,DC01$,S-1-5-18,,,,,,,,,,
2025-07-29T04:00:22.643142Z,4662,DC01.pirate.htb,Microsoft-Windows-Security-Auditing,Security,16461,0,"%%7685
				",0x20,-,,,,,,,,,,,,,,,0x0,,,,,,,,,,,,,%{2023fab1-9a2c-4430-be1b-bd2a3d3d7774},DS,%{e0fa1e8c-9b45-11d0-afdd-00c04fd930c9},,Object Access,,,,,"%%7685
		{771727b1-31b8-4cdf-ae62-4fe39fadf89e}
			{e0fa1e69-9b45-11d0-afdd-00c04fd930c9}
			{d5eb2eb7-be4e-463b-a214-634a44d7392e}
	{e0fa1e8c-9b45-11d0-afdd-00c04fd930c9}
",,PIRATE,0x840c2,DC01$,S-1-5-18,,,,,,,,,,
2025-07-29T04:00:31.297032Z,5136,DC01.pirate.htb,Microsoft-Windows-Security-Auditing,Security,16462,0,,,,,,-,dnsRecord,2.5.5.10,%%14672,,,,,pirate.htb,%%14676,,,,,,,,,,,,,dnsNode,"DC=ForestDnsZones,DC=pirate.htb,cn=MicrosoftDNS,DC=DomainDnsZones,DC=pirate,DC=htb",2023FAB1-9A2C-4430-BE1B-BD2A3D3D7774,,,,17F88BFB-EE45-4542-9E2C-356606D8C8B7,%%14675,,,,,,,NT AUTHORITY,0x83e9b,SYSTEM,S-1-5-18,,,,,,,,,,
2025-07-29T04:00:31.297217Z,5136,DC01.pirate.htb,Microsoft-Windows-Security-Auditing,Security,16463,0,,,,,,-,dnsRecord,2.5.5.10,%%14672,,,,,pirate.htb,%%14676,,,,,,,,,,,,,dnsNode,"DC=ForestDnsZones,DC=pirate.htb,cn=MicrosoftDNS,DC=DomainDnsZones,DC=pirate,DC=htb",2023FAB1-9A2C-4430-BE1B-BD2A3D3D7774,,,,17F88BFB-EE45-4542-9E2C-356606D8C8B7,%%14675,,,,,,,NT AUTHORITY,0x83e9b,SYSTEM,S-1-5-18,,,,,,,,,,
2025-07-29T04:00:31.297345Z,5136,DC01.pirate.htb,Microsoft-Windows-Security-Auditing,Security,16464,0,,,,,,-,dnsRecord,2.5.5.10,%%14672,,,,,pirate.htb,%%14676,,,,,,,,,,,,,dnsNode,"DC=ForestDnsZones,DC=pirate.htb,cn=MicrosoftDNS,DC=DomainDnsZones,DC=pirate,DC=htb",2023FAB1-9A2C-4430-BE1B-BD2A3D3D7774,,,,17F88BFB-EE45-4542-9E2C-356606D8C8B7,%%14674,,,,,,,NT AUTHORITY,0x83e9b,SYSTEM,S-1-5-18,,,,,,,,,,
2025-07-29T04:00:31.297472Z,5136,DC01.pirate.htb,Microsoft-Windows-Security-Auditing,Security,16465,0,,,,,,-,dnsRecord,2.5.5.10,%%14672,,,,,pirate.htb,%%14676,,,,,,,,,,,,,dnsNode,"DC=ForestDnsZones,DC=pirate.htb,cn=MicrosoftDNS,DC=DomainDnsZones,DC=pirate,DC=htb",2023FAB1-9A2C-4430-BE1B-BD2A3D3D7774,,,,17F88BFB-EE45-4542-9E2C-356606D8C8B7,%%14674,,,,,,,NT AUTHORITY,0x83e9b,SYSTEM,S-1-5-18,,,,,,,,,,
2025-07-29T04:00:31.297612Z,5136,DC01.pirate.htb,Microsoft-Windows-Security-Auditing,Security,16466,0,,,,,,-,dnsRecord,2.5.5.10,%%14672,,,,,pirate.htb,%%14676,,,,,,,,,,,,,dnsNode,"DC=ForestDnsZones,DC=pirate.htb,cn=MicrosoftDNS,DC=DomainDnsZones,DC=pirate,DC=htb",2023FAB1-9A2C-4430-BE1B-BD2A3D3D7774,,,,17F88BFB-EE45-4542-9E2C-356606D8C8B7,%%14674,,,,,,,NT AUTHORITY,0x83e9b,SYSTEM,S-1-5-18,,,,,,,,,,
2025-07-29T04:00:31.297729Z,5136,DC01.pirate.htb,Microsoft-Windows-Security-Auditing,Security,16467,0,,,,,,-,dNSTombstoned,2.5.5.8,FALSE,,,,,pirate.htb,%%14676,,,,,,,,,,,,,dnsNode,"DC=ForestDnsZones,DC=pirate.htb,cn=MicrosoftDNS,DC=DomainDnsZones,DC=pirate,DC=htb",2023FAB1-9A2C-4430-BE1B-BD2A3D3D7774,,,,17F88BFB-EE45-4542-9E2C-356606D8C8B7,%%14675,,,,,,,NT AUTHORITY,0x83e9b,SYSTEM,S-1-5-18,,,,,,,,,,
2025-07-29T04:00:31.297872Z,5136,DC01.pirate.htb,Microsoft-Windows-Security-Auditing,Security,16468,0,,,,,,-,dNSTombstoned,2.5.5.8,FALSE,,,,,pirate.htb,%%14676,,,,,,,,,,,,,dnsNode,"DC=ForestDnsZones,DC=pirate.htb,cn=MicrosoftDNS,DC=DomainDnsZones,DC=pirate,DC=htb",2023FAB1-9A2C-4430-BE1B-BD2A3D3D7774,,,,17F88BFB-EE45-4542-9E2C-356606D8C8B7,%%14674,,,,,,,NT AUTHORITY,0x83e9b,SYSTEM,S-1-5-18,,,,,,,,,,
2025-07-29T04:00:31.298030Z,5136,DC01.pirate.htb,Microsoft-Windows-Security-Auditing,Security,16469,0,,,,,,-,dnsRecord,2.5.5.10,%%14672,,,,,pirate.htb,%%14676,,,,,,,,,,,,,dnsNode,"DC=DomainDnsZones,DC=pirate.htb,cn=MicrosoftDNS,DC=DomainDnsZones,DC=pirate,DC=htb",DE445434-0C12-435D-8650-5A209E4581AD,,,,F236DF0A-93A0-4836-9663-238E7C407FD1,%%14675,,,,,,,NT AUTHORITY,0x84044,SYSTEM,S-1-5-18,,,,,,,,,,
2025-07-29T04:00:31.298197Z,5136,DC01.pirate.htb,Microsoft-Windows-Security-Auditing,Security,16470,0,,,,,,-,dnsRecord,2.5.5.10,%%14672,,,,,pirate.htb,%%14676,,,,,,,,,,,,,dnsNode,"DC=DomainDnsZones,DC=pirate.htb,cn=MicrosoftDNS,DC=DomainDnsZones,DC=pirate,DC=htb",DE445434-0C12-435D-8650-5A209E4581AD,,,,F236DF0A-93A0-4836-9663-238E7C407FD1,%%14675,,,,,,,NT AUTHORITY,0x84044,SYSTEM,S-1-5-18,,,,,,,,,,
2025-07-29T04:00:31.298361Z,5136,DC01.pirate.htb,Microsoft-Windows-Security-Auditing,Security,16471,0,,,,,,-,dnsRecord,2.5.5.10,%%14672,,,,,pirate.htb,%%14676,,,,,,,,,,,,,dnsNode,"DC=DomainDnsZones,DC=pirate.htb,cn=MicrosoftDNS,DC=DomainDnsZones,DC=pirate,DC=htb",DE445434-0C12-435D-8650-5A209E4581AD,,,,F236DF0A-93A0-4836-9663-238E7C407FD1,%%14675,,,,,,,NT AUTHORITY,0x84044,SYSTEM,S-1-5-18,,,,,,,,,,
2025-07-29T04:00:31.298528Z,5136,DC01.pirate.htb,Microsoft-Windows-Security-Auditing,Security,16472,0,,,,,,-,dnsRecord,2.5.5.10,%%14672,,,,,pirate.htb,%%14676,,,,,,,,,,,,,dnsNode,"DC=DomainDnsZones,DC=pirate.htb,cn=MicrosoftDNS,DC=DomainDnsZones,DC=pirate,DC=htb",DE445434-0C12-435D-8650-5A209E4581AD,,,,F236DF0A-93A0-4836-9663-238E7C407FD1,%%14674,,,,,,,NT AUTHORITY,0x84044,SYSTEM,S-1-5-18,,,,,,,,,,
2025-07-29T04:00:31.298689Z,5136,DC01.pirate.htb,Microsoft-Windows-Security-Auditing,Security,16473,0,,,,,,-,dnsRecord,2.5.5.10,%%14672,,,,,pirate.htb,%%14676,,,,,,,,,,,,,dnsNode,"DC=DomainDnsZones,DC=pirate.htb,cn=MicrosoftDNS,DC=DomainDnsZones,DC=pirate,DC=htb",DE445434-0C12-435D-8650-5A209E4581AD,,,,F236DF0A-93A0-4836-9663-238E7C407FD1,%%14674,,,,,,,NT AUTHORITY,0x84044,SYSTEM,S-1-5-18,,,,,,,,,,
2025-07-29T04:00:31.300713Z,5136,DC01.pirate.htb,Microsoft-Windows-Security-Auditing,Security,16474,0,,,,,,-,dnsRecord,2.5.5.10,%%14672,,,,,pirate.htb,%%14676,,,,,,,,,,,,,dnsNode,"DC=DomainDnsZones,DC=pirate.htb,cn=MicrosoftDNS,DC=DomainDnsZones,DC=pirate,DC=htb",DE445434-0C12-435D-8650-5A209E4581AD,,,,F236DF0A-93A0-4836-9663-238E7C407FD1,%%14674,,,,,,,NT AUTHORITY,0x84044,SYSTEM,S-1-5-18,,,,,,,,,,
2025-07-29T04:00:31.300848Z,5136,DC01.pirate.htb,Microsoft-Windows-Security-Auditing,Security,16475,0,,,,,,-,dnsRecord,2.5.5.10,%%14672,,,,,pirate.htb,%%14676,,,,,,,,,,,,,dnsNode,"DC=DomainDnsZones,DC=pirate.htb,cn=MicrosoftDNS,DC=DomainDnsZones,DC=pirate,DC=htb",DE445434-0C12-435D-8650-5A209E4581AD,,,,F236DF0A-93A0-4836-9663-238E7C407FD1,%%14674,,,,,,,NT AUTHORITY,0x84044,SYSTEM,S-1-5-18,,,,,,,,,,
2025-07-29T04:00:31.300969Z,5136,DC01.pirate.htb,Microsoft-Windows-Security-Auditing,Security,16476,0,,,,,,-,dNSTombstoned,2.5.5.8,FALSE,,,,,pirate.htb,%%14676,,,,,,,,,,,,,dnsNode,"DC=DomainDnsZones,DC=pirate.htb,cn=MicrosoftDNS,DC=DomainDnsZones,DC=pirate,DC=htb",DE445434-0C12-435D-8650-5A209E4581AD,,,,F236DF0A-93A0-4836-9663-238E7C407FD1,%%14675,,,,,,,NT AUTHORITY,0x84044,SYSTEM,S-1-5-18,,,,,,,,,,
2025-07-29T04:00:31.301179Z,5136,DC01.pirate.htb,Microsoft-Windows-Security-Auditing,Security,16477,0,,,,,,-,dNSTombstoned,2.5.5.8,FALSE,,,,,pirate.htb,%%14676,,,,,,,,,,,,,dnsNode,"DC=DomainDnsZones,DC=pirate.htb,cn=MicrosoftDNS,DC=DomainDnsZones,DC=pirate,DC=htb",DE445434-0C12-435D-8650-5A209E4581AD,,,,F236DF0A-93A0-4836-9663-238E7C407FD1,%%14674,,,,,,,NT AUTHORITY,0x84044,SYSTEM,S-1-5-18,,,,,,,,,,
2025-07-29T04:00:31.301298Z,5136,DC01.pirate.htb,Microsoft-Windows-Security-Auditing,Security,16478,0,,,,,,-,dnsRecord,2.5.5.10,%%14672,,,,,pirate.htb,%%14676,,,,,,,,,,,,,dnsNode,"DC=@,DC=pirate.htb,cn=MicrosoftDNS,DC=DomainDnsZones,DC=pirate,DC=htb",469BD39F-3E90-4F1A-B47E-0432E347AE56,,,,ACF0763F-4E87-4CFB-9B27-A2B0A6FFB7B6,%%14675,,,,,,,NT AUTHORITY,0x83c8a,SYSTEM,S-1-5-18,,,,,,,,,,
2025-07-29T04:00:31.301418Z,5136,DC01.pirate.htb,Microsoft-Windows-Security-Auditing,Security,16479,0,,,,,,-,dnsRecord,2.5.5.10,%%14672,,,,,pirate.htb,%%14676,,,,,,,,,,,,,dnsNode,"DC=@,DC=pirate.htb,cn=MicrosoftDNS,DC=DomainDnsZones,DC=pirate,DC=htb",469BD39F-3E90-4F1A-B47E-0432E347AE56,,,,ACF0763F-4E87-4CFB-9B27-A2B0A6FFB7B6,%%14675,,,,,,,NT AUTHORITY,0x83c8a,SYSTEM,S-1-5-18,,,,,,,,,,
2025-07-29T04:00:31.301544Z,5136,DC01.pirate.htb,Microsoft-Windows-Security-Auditing,Security,16480,0,,,,,,-,dnsRecord,2.5.5.10,%%14672,,,,,pirate.htb,%%14676,,,,,,,,,,,,,dnsNode,"DC=@,DC=pirate.htb,cn=MicrosoftDNS,DC=DomainDnsZones,DC=pirate,DC=htb",469BD39F-3E90-4F1A-B47E-0432E347AE56,,,,ACF0763F-4E87-4CFB-9B27-A2B0A6FFB7B6,%%14675,,,,,,,NT AUTHORITY,0x83c8a,SYSTEM,S-1-5-18,,,,,,,,,,
2025-07-29T04:00:31.301660Z,5136,DC01.pirate.htb,Microsoft-Windows-Security-Auditing,Security,16481,0,,,,,,-,dnsRecord,2.5.5.10,%%14672,,,,,pirate.htb,%%14676,,,,,,,,,,,,,dnsNode,"DC=@,DC=pirate.htb,cn=MicrosoftDNS,DC=DomainDnsZones,DC=pirate,DC=htb",469BD39F-3E90-4F1A-B47E-0432E347AE56,,,,ACF0763F-4E87-4CFB-9B27-A2B0A6FFB7B6,%%14675,,,,,,,NT AUTHORITY,0x83c8a,SYSTEM,S-1-5-18,,,,,,,,,,
2025-07-29T04:00:31.301772Z,5136,DC01.pirate.htb,Microsoft-Windows-Security-Auditing,Security,16482,0,,,,,,-,dnsRecord,2.5.5.10,%%14672,,,,,pirate.htb,%%14676,,,,,,,,,,,,,dnsNode,"DC=@,DC=pirate.htb,cn=MicrosoftDNS,DC=DomainDnsZones,DC=pirate,DC=htb",469BD39F-3E90-4F1A-B47E-0432E347AE56,,,,ACF0763F-4E87-4CFB-9B27-A2B0A6FFB7B6,%%14674,,,,,,,NT AUTHORITY,0x83c8a,SYSTEM,S-1-5-18,,,,,,,,,,
2025-07-29T04:00:31.301883Z,5136,DC01.pirate.htb,Microsoft-Windows-Security-Auditing,Security,16483,0,,,,,,-,dnsRecord,2.5.5.10,%%14672,,,,,pirate.htb,%%14676,,,,,,,,,,,,,dnsNode,"DC=@,DC=pirate.htb,cn=MicrosoftDNS,DC=DomainDnsZones,DC=pirate,DC=htb",469BD39F-3E90-4F1A-B47E-0432E347AE56,,,,ACF0763F-4E87-4CFB-9B27-A2B0A6FFB7B6,%%14674,,,,,,,NT AUTHORITY,0x83c8a,SYSTEM,S-1-5-18,,,,,,,,,,
2025-07-29T04:00:31.302036Z,5136,DC01.pirate.htb,Microsoft-Windows-Security-Auditing,Security,16484,0,,,,,,-,dnsRecord,2.5.5.10,%%14672,,,,,pirate.htb,%%14676,,,,,,,,,,,,,dnsNode,"DC=@,DC=pirate.htb,cn=MicrosoftDNS,DC=DomainDnsZones,DC=pirate,DC=htb",469BD39F-3E90-4F1A-B47E-0432E347AE56,,,,ACF0763F-4E87-4CFB-9B27-A2B0A6FFB7B6,%%14674,,,,,,,NT AUTHORITY,0x83c8a,SYSTEM,S-1-5-18,,,,,,,,,,
2025-07-29T04:00:31.302157Z,5136,DC01.pirate.htb,Microsoft-Windows-Security-Auditing,Security,16485,0,,,,,,-,dnsRecord,2.5.5.10,%%14672,,,,,pirate.htb,%%14676,,,,,,,,,,,,,dnsNode,"DC=@,DC=pirate.htb,cn=MicrosoftDNS,DC=DomainDnsZones,DC=pirate,DC=htb",469BD39F-3E90-4F1A-B47E-0432E347AE56,,,,ACF0763F-4E87-4CFB-9B27-A2B0A6FFB7B6,%%14674,,,,,,,NT AUTHORITY,0x83c8a,SYSTEM,S-1-5-18,,,,,,,,,,
2025-07-29T04:00:31.302289Z,5136,DC01.pirate.htb,Microsoft-Windows-Security-Auditing,Security,16486,0,,,,,,-,dnsRecord,2.5.5.10,%%14672,,,,,pirate.htb,%%14676,,,,,,,,,,,,,dnsNode,"DC=@,DC=pirate.htb,cn=MicrosoftDNS,DC=DomainDnsZones,DC=pirate,DC=htb",469BD39F-3E90-4F1A-B47E-0432E347AE56,,,,ACF0763F-4E87-4CFB-9B27-A2B0A6FFB7B6,%%14674,,,,,,,NT AUTHORITY,0x83c8a,SYSTEM,S-1-5-18,,,,,,,,,,
2025-07-29T04:00:31.302416Z,5136,DC01.pirate.htb,Microsoft-Windows-Security-Auditing,Security,16487,0,,,,,,-,dNSTombstoned,2.5.5.8,FALSE,,,,,pirate.htb,%%14676,,,,,,,,,,,,,dnsNode,"DC=@,DC=pirate.htb,cn=MicrosoftDNS,DC=DomainDnsZones,DC=pirate,DC=htb",469BD39F-3E90-4F1A-B47E-0432E347AE56,,,,ACF0763F-4E87-4CFB-9B27-A2B0A6FFB7B6,%%14675,,,,,,,NT AUTHORITY,0x83c8a,SYSTEM,S-1-5-18,,,,,,,,,,
2025-07-29T04:00:31.302541Z,5136,DC01.pirate.htb,Microsoft-Windows-Security-Auditing,Security,16488,0,,,,,,-,dNSTombstoned,2.5.5.8,FALSE,,,,,pirate.htb,%%14676,,,,,,,,,,,,,dnsNode,"DC=@,DC=pirate.htb,cn=MicrosoftDNS,DC=DomainDnsZones,DC=pirate,DC=htb",469BD39F-3E90-4F1A-B47E-0432E347AE56,,,,ACF0763F-4E87-4CFB-9B27-A2B0A6FFB7B6,%%14674,,,,,,,NT AUTHORITY,0x83c8a,SYSTEM,S-1-5-18,,,,,,,,,,
2025-07-29T04:00:31.302660Z,5136,DC01.pirate.htb,Microsoft-Windows-Security-Auditing,Security,16489,0,,,,,,-,dnsRecord,2.5.5.10,%%14672,,,,,pirate.htb,%%14676,,,,,,,,,,,,,dnsNode,"DC=DomainDnsZones,DC=pirate.htb,cn=MicrosoftDNS,DC=DomainDnsZones,DC=pirate,DC=htb",DE445434-0C12-435D-8650-5A209E4581AD,,,,224AA666-9B12-4FFE-8035-B01C3D90E2F5,%%14675,,,,,,,NT AUTHORITY,0x83df3,SYSTEM,S-1-5-18,,,,,,,,,,
2025-07-29T04:00:31.302784Z,5136,DC01.pirate.htb,Microsoft-Windows-Security-Auditing,Security,16490,0,,,,,,-,dnsRecord,2.5.5.10,%%14672,,,,,pirate.htb,%%14676,,,,,,,,,,,,,dnsNode,"DC=DomainDnsZones,DC=pirate.htb,cn=MicrosoftDNS,DC=DomainDnsZones,DC=pirate,DC=htb",DE445434-0C12-435D-8650-5A209E4581AD,,,,224AA666-9B12-4FFE-8035-B01C3D90E2F5,%%14675,,,,,,,NT AUTHORITY,0x83df3,SYSTEM,S-1-5-18,,,,,,,,,,
2025-07-29T04:00:31.302896Z,5136,DC01.pirate.htb,Microsoft-Windows-Security-Auditing,Security,16491,0,,,,,,-,dnsRecord,2.5.5.10,%%14672,,,,,pirate.htb,%%14676,,,,,,,,,,,,,dnsNode,"DC=DomainDnsZones,DC=pirate.htb,cn=MicrosoftDNS,DC=DomainDnsZones,DC=pirate,DC=htb",DE445434-0C12-435D-8650-5A209E4581AD,,,,224AA666-9B12-4FFE-8035-B01C3D90E2F5,%%14674,,,,,,,NT AUTHORITY,0x83df3,SYSTEM,S-1-5-18,,,,,,,,,,
2025-07-29T04:00:31.303044Z,5136,DC01.pirate.htb,Microsoft-Windows-Security-Auditing,Security,16492,0,,,,,,-,dnsRecord,2.5.5.10,%%14672,,,,,pirate.htb,%%14676,,,,,,,,,,,,,dnsNode,"DC=DomainDnsZones,DC=pirate.htb,cn=MicrosoftDNS,DC=DomainDnsZones,DC=pirate,DC=htb",DE445434-0C12-435D-8650-5A209E4581AD,,,,224AA666-9B12-4FFE-8035-B01C3D90E2F5,%%14674,,,,,,,NT AUTHORITY,0x83df3,SYSTEM,S-1-5-18,,,,,,,,,,
2025-07-29T04:00:31.303161Z,5136,DC01.pirate.htb,Microsoft-Windows-Security-Auditing,Security,16493,0,,,,,,-,dnsRecord,2.5.5.10,%%14672,,,,,pirate.htb,%%14676,,,,,,,,,,,,,dnsNode,"DC=DomainDnsZones,DC=pirate.htb,cn=MicrosoftDNS,DC=DomainDnsZones,DC=pirate,DC=htb",DE445434-0C12-435D-8650-5A209E4581AD,,,,224AA666-9B12-4FFE-8035-B01C3D90E2F5,%%14674,,,,,,,NT AUTHORITY,0x83df3,SYSTEM,S-1-5-18,,,,,,,,,,
2025-07-29T04:00:31.303285Z,5136,DC01.pirate.htb,Microsoft-Windows-Security-Auditing,Security,16494,0,,,,,,-,dNSTombstoned,2.5.5.8,FALSE,,,,,pirate.htb,%%14676,,,,,,,,,,,,,dnsNode,"DC=DomainDnsZones,DC=pirate.htb,cn=MicrosoftDNS,DC=DomainDnsZones,DC=pirate,DC=htb",DE445434-0C12-435D-8650-5A209E4581AD,,,,224AA666-9B12-4FFE-8035-B01C3D90E2F5,%%14675,,,,,,,NT AUTHORITY,0x83df3,SYSTEM,S-1-5-18,,,,,,,,,,
2025-07-29T04:00:31.303471Z,5136,DC01.pirate.htb,Microsoft-Windows-Security-Auditing,Security,16495,0,,,,,,-,dNSTombstoned,2.5.5.8,FALSE,,,,,pirate.htb,%%14676,,,,,,,,,,,,,dnsNode,"DC=DomainDnsZones,DC=pirate.htb,cn=MicrosoftDNS,DC=DomainDnsZones,DC=pirate,DC=htb",DE445434-0C12-435D-8650-5A209E4581AD,,,,224AA666-9B12-4FFE-8035-B01C3D90E2F5,%%14674,,,,,,,NT AUTHORITY,0x83df3,SYSTEM,S-1-5-18,,,,,,,,,,
2025-07-29T04:00:31.303586Z,5136,DC01.pirate.htb,Microsoft-Windows-Security-Auditing,Security,16496,0,,,,,,-,dnsRecord,2.5.5.10,%%14672,,,,,pirate.htb,%%14676,,,,,,,,,,,,,dnsNode,"DC=@,DC=pirate.htb,cn=MicrosoftDNS,DC=DomainDnsZones,DC=pirate,DC=htb",469BD39F-3E90-4F1A-B47E-0432E347AE56,,,,5AF3AFB8-A9C1-4539-9752-D2B405C4639C,%%14675,,,,,,,NT AUTHORITY,0x83f16,SYSTEM,S-1-5-18,,,,,,,,,,
2025-07-29T04:00:31.303696Z,5136,DC01.pirate.htb,Microsoft-Windows-Security-Auditing,Security,16497,0,,,,,,-,dnsRecord,2.5.5.10,%%14672,,,,,pirate.htb,%%14676,,,,,,,,,,,,,dnsNode,"DC=@,DC=pirate.htb,cn=MicrosoftDNS,DC=DomainDnsZones,DC=pirate,DC=htb",469BD39F-3E90-4F1A-B47E-0432E347AE56,,,,5AF3AFB8-A9C1-4539-9752-D2B405C4639C,%%14675,,,,,,,NT AUTHORITY,0x83f16,SYSTEM,S-1-5-18,,,,,,,,,,
2025-07-29T04:00:31.303805Z,5136,DC01.pirate.htb,Microsoft-Windows-Security-Auditing,Security,16498,0,,,,,,-,dnsRecord,2.5.5.10,%%14672,,,,,pirate.htb,%%14676,,,,,,,,,,,,,dnsNode,"DC=@,DC=pirate.htb,cn=MicrosoftDNS,DC=DomainDnsZones,DC=pirate,DC=htb",469BD39F-3E90-4F1A-B47E-0432E347AE56,,,,5AF3AFB8-A9C1-4539-9752-D2B405C4639C,%%14675,,,,,,,NT AUTHORITY,0x83f16,SYSTEM,S-1-5-18,,,,,,,,,,
2025-07-29T04:00:31.303914Z,5136,DC01.pirate.htb,Microsoft-Windows-Security-Auditing,Security,16499,0,,,,,,-,dnsRecord,2.5.5.10,%%14672,,,,,pirate.htb,%%14676,,,,,,,,,,,,,dnsNode,"DC=@,DC=pirate.htb,cn=MicrosoftDNS,DC=DomainDnsZones,DC=pirate,DC=htb",469BD39F-3E90-4F1A-B47E-0432E347AE56,,,,5AF3AFB8-A9C1-4539-9752-D2B405C4639C,%%14675,,,,,,,NT AUTHORITY,0x83f16,SYSTEM,S-1-5-18,,,,,,,,,,
2025-07-29T04:00:31.304100Z,5136,DC01.pirate.htb,Microsoft-Windows-Security-Auditing,Security,16500,0,,,,,,-,dnsRecord,2.5.5.10,%%14672,,,,,pirate.htb,%%14676,,,,,,,,,,,,,dnsNode,"DC=@,DC=pirate.htb,cn=MicrosoftDNS,DC=DomainDnsZones,DC=pirate,DC=htb",469BD39F-3E90-4F1A-B47E-0432E347AE56,,,,5AF3AFB8-A9C1-4539-9752-D2B405C4639C,%%14675,,,,,,,NT AUTHORITY,0x83f16,SYSTEM,S-1-5-18,,,,,,,,,,
2025-07-29T04:00:31.305079Z,5136,DC01.pirate.htb,Microsoft-Windows-Security-Auditing,Security,16501,0,,,,,,-,dnsRecord,2.5.5.10,%%14672,,,,,pirate.htb,%%14676,,,,,,,,,,,,,dnsNode,"DC=@,DC=pirate.htb,cn=MicrosoftDNS,DC=DomainDnsZones,DC=pirate,DC=htb",469BD39F-3E90-4F1A-B47E-0432E347AE56,,,,5AF3AFB8-A9C1-4539-9752-D2B405C4639C,%%14674,,,,,,,NT AUTHORITY,0x83f16,SYSTEM,S-1-5-18,,,,,,,,,,
2025-07-29T04:00:31.305083Z,5136,DC01.pirate.htb,Microsoft-Windows-Security-Auditing,Security,16502,0,,,,,,-,dnsRecord,2.5.5.10,%%14672,,,,,pirate.htb,%%14676,,,,,,,,,,,,,dnsNode,"DC=@,DC=pirate.htb,cn=MicrosoftDNS,DC=DomainDnsZones,DC=pirate,DC=htb",469BD39F-3E90-4F1A-B47E-0432E347AE56,,,,5AF3AFB8-A9C1-4539-9752-D2B405C4639C,%%14674,,,,,,,NT AUTHORITY,0x83f16,SYSTEM,S-1-5-18,,,,,,,,,,
2025-07-29T04:00:31.305086Z,5136,DC01.pirate.htb,Microsoft-Windows-Security-Auditing,Security,16503,0,,,,,,-,dnsRecord,2.5.5.10,%%14672,,,,,pirate.htb,%%14676,,,,,,,,,,,,,dnsNode,"DC=@,DC=pirate.htb,cn=MicrosoftDNS,DC=DomainDnsZones,DC=pirate,DC=htb",469BD39F-3E90-4F1A-B47E-0432E347AE56,,,,5AF3AFB8-A9C1-4539-9752-D2B405C4639C,%%14674,,,,,,,NT AUTHORITY,0x83f16,SYSTEM,S-1-5-18,,,,,,,,,,
2025-07-29T04:00:31.305088Z,5136,DC01.pirate.htb,Microsoft-Windows-Security-Auditing,Security,16504,0,,,,,,-,dnsRecord,2.5.5.10,%%14672,,,,,pirate.htb,%%14676,,,,,,,,,,,,,dnsNode,"DC=@,DC=pirate.htb,cn=MicrosoftDNS,DC=DomainDnsZones,DC=pirate,DC=htb",469BD39F-3E90-4F1A-B47E-0432E347AE56,,,,5AF3AFB8-A9C1-4539-9752-D2B405C4639C,%%14674,,,,,,,NT AUTHORITY,0x83f16,SYSTEM,S-1-5-18,,,,,,,,,,
2025-07-29T04:00:31.305090Z,5136,DC01.pirate.htb,Microsoft-Windows-Security-Auditing,Security,16505,0,,,,,,-,dnsRecord,2.5.5.10,%%14672,,,,,pirate.htb,%%14676,,,,,,,,,,,,,dnsNode,"DC=@,DC=pirate.htb,cn=MicrosoftDNS,DC=DomainDnsZones,DC=pirate,DC=htb",469BD39F-3E90-4F1A-B47E-0432E347AE56,,,,5AF3AFB8-A9C1-4539-9752-D2B405C4639C,%%14674,,,,,,,NT AUTHORITY,0x83f16,SYSTEM,S-1-5-18,,,,,,,,,,
2025-07-29T04:00:31.305092Z,5136,DC01.pirate.htb,Microsoft-Windows-Security-Auditing,Security,16506,0,,,,,,-,dnsRecord,2.5.5.10,%%14672,,,,,pirate.htb,%%14676,,,,,,,,,,,,,dnsNode,"DC=@,DC=pirate.htb,cn=MicrosoftDNS,DC=DomainDnsZones,DC=pirate,DC=htb",469BD39F-3E90-4F1A-B47E-0432E347AE56,,,,5AF3AFB8-A9C1-4539-9752-D2B405C4639C,%%14674,,,,,,,NT AUTHORITY,0x83f16,SYSTEM,S-1-5-18,,,,,,,,,,
2025-07-29T04:00:31.305095Z,5136,DC01.pirate.htb,Microsoft-Windows-Security-Auditing,Security,16507,0,,,,,,-,dNSTombstoned,2.5.5.8,FALSE,,,,,pirate.htb,%%14676,,,,,,,,,,,,,dnsNode,"DC=@,DC=pirate.htb,cn=MicrosoftDNS,DC=DomainDnsZones,DC=pirate,DC=htb",469BD39F-3E90-4F1A-B47E-0432E347AE56,,,,5AF3AFB8-A9C1-4539-9752-D2B405C4639C,%%14675,,,,,,,NT AUTHORITY,0x83f16,SYSTEM,S-1-5-18,,,,,,,,,,
2025-07-29T04:00:31.305288Z,5136,DC01.pirate.htb,Microsoft-Windows-Security-Auditing,Security,16508,0,,,,,,-,dNSTombstoned,2.5.5.8,FALSE,,,,,pirate.htb,%%14676,,,,,,,,,,,,,dnsNode,"DC=@,DC=pirate.htb,cn=MicrosoftDNS,DC=DomainDnsZones,DC=pirate,DC=htb",469BD39F-3E90-4F1A-B47E-0432E347AE56,,,,5AF3AFB8-A9C1-4539-9752-D2B405C4639C,%%14674,,,,,,,NT AUTHORITY,0x83f16,SYSTEM,S-1-5-18,,,,,,,,,,
2025-07-29T04:00:31.305589Z,5136,DC01.pirate.htb,Microsoft-Windows-Security-Auditing,Security,16509,0,,,,,,-,dnsRecord,2.5.5.10,%%14672,,,,,pirate.htb,%%14676,,,,,,,,,,,,,dnsNode,"DC=ForestDnsZones,DC=pirate.htb,cn=MicrosoftDNS,DC=DomainDnsZones,DC=pirate,DC=htb",2023FAB1-9A2C-4430-BE1B-BD2A3D3D7774,,,,4F5C3CF2-6E74-42E9-A6EB-708663712411,%%14675,,,,,,,NT AUTHORITY,0x840c2,SYSTEM,S-1-5-18,,,,,,,,,,
2025-07-29T04:00:31.305909Z,5136,DC01.pirate.htb,Microsoft-Windows-Security-Auditing,Security,16510,0,,,,,,-,dnsRecord,2.5.5.10,%%14672,,,,,pirate.htb,%%14676,,,,,,,,,,,,,dnsNode,"DC=ForestDnsZones,DC=pirate.htb,cn=MicrosoftDNS,DC=DomainDnsZones,DC=pirate,DC=htb",2023FAB1-9A2C-4430-BE1B-BD2A3D3D7774,,,,4F5C3CF2-6E74-42E9-A6EB-708663712411,%%14675,,,,,,,NT AUTHORITY,0x840c2,SYSTEM,S-1-5-18,,,,,,,,,,
2025-07-29T04:00:31.306184Z,5136,DC01.pirate.htb,Microsoft-Windows-Security-Auditing,Security,16511,0,,,,,,-,dnsRecord,2.5.5.10,%%14672,,,,,pirate.htb,%%14676,,,,,,,,,,,,,dnsNode,"DC=ForestDnsZones,DC=pirate.htb,cn=MicrosoftDNS,DC=DomainDnsZones,DC=pirate,DC=htb",2023FAB1-9A2C-4430-BE1B-BD2A3D3D7774,,,,4F5C3CF2-6E74-42E9-A6EB-708663712411,%%14675,,,,,,,NT AUTHORITY,0x840c2,SYSTEM,S-1-5-18,,,,,,,,,,
2025-07-29T04:00:31.306445Z,5136,DC01.pirate.htb,Microsoft-Windows-Security-Auditing,Security,16512,0,,,,,,-,dnsRecord,2.5.5.10,%%14672,,,,,pirate.htb,%%14676,,,,,,,,,,,,,dnsNode,"DC=ForestDnsZones,DC=pirate.htb,cn=MicrosoftDNS,DC=DomainDnsZones,DC=pirate,DC=htb",2023FAB1-9A2C-4430-BE1B-BD2A3D3D7774,,,,4F5C3CF2-6E74-42E9-A6EB-708663712411,%%14674,,,,,,,NT AUTHORITY,0x840c2,SYSTEM,S-1-5-18,,,,,,,,,,
2025-07-29T04:00:31.306705Z,5136,DC01.pirate.htb,Microsoft-Windows-Security-Auditing,Security,16513,0,,,,,,-,dnsRecord,2.5.5.10,%%14672,,,,,pirate.htb,%%14676,,,,,,,,,,,,,dnsNode,"DC=ForestDnsZones,DC=pirate.htb,cn=MicrosoftDNS,DC=DomainDnsZones,DC=pirate,DC=htb",2023FAB1-9A2C-4430-BE1B-BD2A3D3D7774,,,,4F5C3CF2-6E74-42E9-A6EB-708663712411,%%14674,,,,,,,NT AUTHORITY,0x840c2,SYSTEM,S-1-5-18,,,,,,,,,,
2025-07-29T04:00:31.306940Z,5136,DC01.pirate.htb,Microsoft-Windows-Security-Auditing,Security,16514,0,,,,,,-,dnsRecord,2.5.5.10,%%14672,,,,,pirate.htb,%%14676,,,,,,,,,,,,,dnsNode,"DC=ForestDnsZones,DC=pirate.htb,cn=MicrosoftDNS,DC=DomainDnsZones,DC=pirate,DC=htb",2023FAB1-9A2C-4430-BE1B-BD2A3D3D7774,,,,4F5C3CF2-6E74-42E9-A6EB-708663712411,%%14674,,,,,,,NT AUTHORITY,0x840c2,SYSTEM,S-1-5-18,,,,,,,,,,
2025-07-29T04:00:31.307215Z,5136,DC01.pirate.htb,Microsoft-Windows-Security-Auditing,Security,16515,0,,,,,,-,dnsRecord,2.5.5.10,%%14672,,,,,pirate.htb,%%14676,,,,,,,,,,,,,dnsNode,"DC=ForestDnsZones,DC=pirate.htb,cn=MicrosoftDNS,DC=DomainDnsZones,DC=pirate,DC=htb",2023FAB1-9A2C-4430-BE1B-BD2A3D3D7774,,,,4F5C3CF2-6E74-42E9-A6EB-708663712411,%%14674,,,,,,,NT AUTHORITY,0x840c2,SYSTEM,S-1-5-18,,,,,,,,,,
2025-07-29T04:00:31.307468Z,5136,DC01.pirate.htb,Microsoft-Windows-Security-Auditing,Security,16516,0,,,,,,-,dNSTombstoned,2.5.5.8,FALSE,,,,,pirate.htb,%%14676,,,,,,,,,,,,,dnsNode,"DC=ForestDnsZones,DC=pirate.htb,cn=MicrosoftDNS,DC=DomainDnsZones,DC=pirate,DC=htb",2023FAB1-9A2C-4430-BE1B-BD2A3D3D7774,,,,4F5C3CF2-6E74-42E9-A6EB-708663712411,%%14675,,,,,,,NT AUTHORITY,0x840c2,SYSTEM,S-1-5-18,,,,,,,,,,
2025-07-29T04:00:31.307689Z,5136,DC01.pirate.htb,Microsoft-Windows-Security-Auditing,Security,16517,0,,,,,,-,dNSTombstoned,2.5.5.8,FALSE,,,,,pirate.htb,%%14676,,,,,,,,,,,,,dnsNode,"DC=ForestDnsZones,DC=pirate.htb,cn=MicrosoftDNS,DC=DomainDnsZones,DC=pirate,DC=htb",2023FAB1-9A2C-4430-BE1B-BD2A3D3D7774,,,,4F5C3CF2-6E74-42E9-A6EB-708663712411,%%14674,,,,,,,NT AUTHORITY,0x840c2,SYSTEM,S-1-5-18,,,,,,,,,,
2025-07-29T04:00:42.656102Z,1100,DC01.pirate.htb,Microsoft-Windows-Eventlog,Security,16518,4,,,,,,,,,,,,,,,,,,,,,,,,,,,,,,,,,,,,,,,,,,,,,,,,,,,,,,,http://manifests.microsoft.com/win/2004/08/windows/eventlog
2025-07-29T04:04:47.468724Z,4688,DC01.pirate.htb,Microsoft-Windows-Security-Auditing,Security,16519,0,,,,,,,,,,,,,,,,,,,,,,,,S-1-16-16384,0x30,,,,,,,,,,,,,0x4,,,,-,0x3e7,-,S-1-5-18,-,0x0,,,-,S-1-0-0,,%%1936,,
2025-07-29T04:04:47.468729Z,4688,DC01.pirate.htb,Microsoft-Windows-Security-Auditing,Security,16520,0,,,,,,,,,,,,,,,,,,,,,,,,S-1-16-16384,0x5c,Registry,,,,,,,,,,,,0x4,,,,-,0x3e7,-,S-1-5-18,-,0x0,,,-,S-1-0-0,,%%1936,,
2025-07-29T04:04:47.468732Z,4696,DC01.pirate.htb,Microsoft-Windows-Security-Auditing,Security,16521,0,,,,,,,,,,,,,,,,,,,,,,,,,,,,,,,,,,,,,,0x4,,,,-,0x3e7,-,S-1-5-18,-,0x3e7,0x5c,Registry,-,S-1-0-0,,,,
2025-07-29T04:04:47.468736Z,4826,DC01.pirate.htb,Microsoft-Windows-Security-Auditing,Security,16522,0,,,,,%%1843,,,,,,,,%%1846,,,%%1843,%%1843,,%%1843,%%1849,-,%%1843,-,,,,,,,,,,,,,,,,,,%%1843,-,0x3e7,-,S-1-5-18,,,,,,,%%1843,,%%1849,
2025-07-29T04:04:47.473612Z,4688,DC01.pirate.htb,Microsoft-Windows-Security-Auditing,Security,16523,0,,,,,,,,,,,,,,,,,,,,,,,,S-1-16-16384,0x130,C:\Windows\System32\smss.exe,,,,,,,,,,,,0x4,,,,-,0x3e7,-,S-1-5-18,-,0x0,,,-,S-1-0-0,,%%1936,,
2025-07-29T04:04:48.080119Z,4688,DC01.pirate.htb,Microsoft-Windows-Security-Auditing,Security,16524,0,,,,,,,,,,,,,,,,,,,,,,,,S-1-16-16384,0x178,C:\Windows\System32\autochk.exe,,,,,,,,,,C:\Windows\System32\smss.exe,,0x130,,,,-,0x3e7,-,S-1-5-18,-,0x0,,,-,S-1-0-0,,%%1936,,
2025-07-29T04:04:48.913593Z,4688,DC01.pirate.htb,Microsoft-Windows-Security-Auditing,Security,16525,0,,,,,,,,,,,,,,,,,,,,,,,,S-1-16-16384,0x1b4,C:\Windows\System32\smss.exe,,,,,,,,,,C:\Windows\System32\smss.exe,,0x130,,,,-,0x3e7,-,S-1-5-18,-,0x0,,,-,S-1-0-0,,%%1936,,
2025-07-29T04:04:49.021424Z,4688,DC01.pirate.htb,Microsoft-Windows-Security-Auditing,Security,16526,0,,,,,,,,,,,,,,,,,,,,,,,,S-1-16-16384,0x1bc,C:\Windows\System32\csrss.exe,,,,,,,,,,C:\Windows\System32\smss.exe,,0x1b4,,,,-,0x3e7,-,S-1-5-18,-,0x0,,,-,S-1-0-0,,%%1936,,
2025-07-29T04:04:49.286546Z,4688,DC01.pirate.htb,Microsoft-Windows-Security-Auditing,Security,16527,0,,,,,,,,,,,,,,,,,,,,,,,,S-1-16-16384,0x21c,C:\Windows\System32\smss.exe,,,,,,,,,,C:\Windows\System32\smss.exe,,0x130,,,,-,0x3e7,-,S-1-5-18,-,0x0,,,-,S-1-0-0,,%%1936,,
2025-07-29T04:04:49.289289Z,4688,DC01.pirate.htb,Microsoft-Windows-Security-Auditing,Security,16528,0,,,,,,,,,,,,,,,,,,,,,,,,S-1-16-16384,0x224,C:\Windows\System32\wininit.exe,,,,,,,,,,C:\Windows\System32\smss.exe,,0x1b4,,,,-,0x3e7,-,S-1-5-18,-,0x0,,,-,S-1-0-0,,%%1936,,
2025-07-29T04:04:49.302731Z,4688,DC01.pirate.htb,Microsoft-Windows-Security-Auditing,Security,16529,0,,,,,,,,,,,,,,,,,,,,,,,,S-1-16-16384,0x22c,C:\Windows\System32\csrss.exe,,,,,,,,,,C:\Windows\System32\smss.exe,,0x21c,,,,-,0x3e7,-,S-1-5-18,-,0x0,,,-,S-1-0-0,,%%1936,,
2025-07-29T04:04:49.352188Z,4688,DC01.pirate.htb,Microsoft-Windows-Security-Auditing,Security,16530,0,,,,,,,,,,,,,,,,,,,,,,,,S-1-16-16384,0x268,C:\Windows\System32\winlogon.exe,,,,,,,,,,C:\Windows\System32\smss.exe,,0x21c,,,,-,0x3e7,-,S-1-5-18,-,0x0,,,-,S-1-0-0,,%%1936,,
2025-07-29T04:04:49.481395Z,4688,DC01.pirate.htb,Microsoft-Windows-Security-Auditing,Security,16531,0,,,,,,,,,,,,,,,,,,,,,,,,S-1-16-16384,0x2ac,C:\Windows\System32\services.exe,,,,,,,,,,C:\Windows\System32\wininit.exe,,0x224,,,,-,0x3e7,-,S-1-5-18,-,0x0,,,-,S-1-0-0,,%%1936,,
2025-07-29T04:04:49.533596Z,4688,DC01.pirate.htb,Microsoft-Windows-Security-Auditing,Security,16532,0,,,,,,,,,,,,,,,,,,,,,,,,S-1-16-16384,0x2c0,C:\Windows\System32\LsaIso.exe,,,,,,,,,,C:\Windows\System32\wininit.exe,,0x224,,,,-,0x3e7,-,S-1-5-18,-,0x0,,,-,S-1-0-0,,%%1936,,
2025-07-29T04:04:49.539385Z,4688,DC01.pirate.htb,Microsoft-Windows-Security-Auditing,Security,16533,0,,,,,,,,,,,,,,,,,,,,,,,,S-1-16-16384,0x2c8,C:\Windows\System32\lsass.exe,,,,,,,,,,C:\Windows\System32\wininit.exe,,0x224,,,,-,0x3e7,-,S-1-5-18,-,0x0,,,-,S-1-0-0,,%%1936,,
