2025-06-11T14:22:35.637117Z,4662,DC01.pirate.htb,Microsoft-Windows-Security-Auditing,Security,15786,0,"%%7684
				",0x10,-,,,,,,,,,,,,,,,0x0,,,,,,,,,,,,,%{a3a0603d-2f95-4860-b5e2-1f8aa69b5507},DS,%{e0fa1e8c-9b45-11d0-afdd-00c04fd930c9},,Object Access,,,,,"%%7684
	{e0fa1e8c-9b45-11d0-afdd-00c04fd930c9}
		{e48d0154-bcf8-11d1-8702-00c04fb96050}
			{bf9679e5-0de6-11d0-a285-00aa003049e2}
			{bf9679e7-0de6-11d0-a285-00aa003049e2}
		{771727b1-31b8-4cdf-ae62-4fe39fadf89e}
			{bf967a77-0de6-11d0-a285-00aa003049e2}
			{bf967a70-0de6-11d0-a285-00aa003049e2}
			{bf967a6f-0de6-11d0-a285-00aa003049e2}
			{bf967a78-0de6-11d0-a285-00aa003049e2}
			{e0fa1e69-9b45-11d0-afdd-00c04fd930c9}
			{675a15fe-3b70-11d2-90cc-00c04fd91ab1}
			{aa12854c-d8fc-4d5e-91ca-368b8d829bee}
			{c79f2199-6da1-46ff-923c-1f3f800c721e}
			{7bea2088-8ce2-423c-b191-66ec506b1595}
			{0dc063c1-52d9-4456-9e15-9c2434aafd94}
			{5c5b7ad2-20fa-44bb-beb3-34b9c0f65579}
			{27d93c40-065a-43c0-bdd8-cdf2c7d120aa}
			{ff9e5552-7db7-4138-8888-05ce320a0323}
			{13361665-916c-4de7-a59d-b1ebbd0de129}
			{80b70aab-8959-4ec0-8e93-126e76df3aca}
			{8f4e317f-28d7-442c-a6df-1f491f97b326}
			{29869b7c-64c4-42fe-97d5-fbc2fa124160}
			{03d4c32e-e217-4a61-9699-7bbc4729a026}
			{f6b0f0be-a8e4-4468-8fd9-c3c47b8722f9}
			{3443d8cd-e5b6-4f3b-b098-659a0214a079}
			{b7673e6d-cad9-4e9e-b31a-63e8098fdd63}
			{28c458f5-602d-4ac9-a77c-b3f1be503a7e}
			{285c6964-c11a-499e-96d8-bf7c75a223c6}
			{ba340d47-2181-4ca0-a2f6-fae4479dab2a}
			{aff16770-9622-4fbc-a128-3088777605b9}
			{387d9432-a6d1-4474-82cd-0a89aae084ae}
			{19195a55-6da0-11d0-afd3-00c04fd930c9}
",,PIRATE,0x395c6,DC01$,S-1-5-18,,,,,,,,,,
2025-06-11T14:22:35.637120Z,4662,DC01.pirate.htb,Microsoft-Windows-Security-Auditing,Security,15787,0,"%%7684
				",0x10,-,,,,,,,,,,,,,,,0x0,,,,,,,,,,,,,%{6b2ac94c-8e2c-47fa-918d-7c3314ae668b},DS,%{e0fa1e8c-9b45-11d0-afdd-00c04fd930c9},,Object Access,,,,,"%%7684
		{e48d0154-bcf8-11d1-8702-00c04fb96050}
			{bf9679e5-0de6-11d0-a285-00aa003049e2}
	{e0fa1e8c-9b45-11d0-afdd-00c04fd930c9}
",,PIRATE,0x395c6,DC01$,S-1-5-18,,,,,,,,,,
2025-06-11T14:22:35.637122Z,4662,DC01.pirate.htb,Microsoft-Windows-Security-Auditing,Security,15788,0,"%%1538
				%%1542
				",0x1020000,-,,,,,,,,,,,,,,,0x0,,,,,,,,,,,,,%{6b2ac94c-8e2c-47fa-918d-7c3314ae668b},DS,%{e0fa1e8c-9b45-11d0-afdd-00c04fd930c9},,Object Access,,,,,"%%1538
%%1542
	{e0fa1e8c-9b45-11d0-afdd-00c04fd930c9}
",,PIRATE,0x395c6,DC01$,S-1-5-18,,,,,,,,,,
2025-06-11T14:22:35.637146Z,4662,DC01.pirate.htb,Microsoft-Windows-Security-Auditing,Security,15789,0,"%%7684
				",0x10,-,,,,,,,,,,,,,,,0x0,,,,,,,,,,,,,%{6b2ac94c-8e2c-47fa-918d-7c3314ae668b},DS,%{e0fa1e8c-9b45-11d0-afdd-00c04fd930c9},,Object Access,,,,,"%%7684
	{e0fa1e8c-9b45-11d0-afdd-00c04fd930c9}
		{e48d0154-bcf8-11d1-8702-00c04fb96050}
			{bf9679e5-0de6-11d0-a285-00aa003049e2}
			{bf9679e7-0de6-11d0-a285-00aa003049e2}
		{771727b1-31b8-4cdf-ae62-4fe39fadf89e}
			{bf967a77-0de6-11d0-a285-00aa003049e2}
			{bf967a70-0de6-11d0-a285-00aa003049e2}
			{bf967a6f-0de6-11d0-a285-00aa003049e2}
			{bf967a78-0de6-11d0-a285-00aa003049e2}
			{e0fa1e69-9b45-11d0-afdd-00c04fd930c9}
			{675a15fe-3b70-11d2-90cc-00c04fd91ab1}
			{aa12854c-d8fc-4d5e-91ca-368b8d829bee}
			{c79f2199-6da1-46ff-923c-1f3f800c721e}
			{7bea2088-8ce2-423c-b191-66ec506b1595}
			{0dc063c1-52d9-4456-9e15-9c2434aafd94}
			{5c5b7ad2-20fa-44bb-beb3-34b9c0f65579}
			{27d93c40-065a-43c0-bdd8-cdf2c7d120aa}
			{ff9e5552-7db7-4138-8888-05ce320a0323}
			{13361665-916c-4de7-a59d-b1ebbd0de129}
			{80b70aab-8959-4ec0-8e93-126e76df3aca}
			{8f4e317f-28d7-442c-a6df-1f491f97b326}
			{29869b7c-64c4-42fe-97d5-fbc2fa124160}
			{03d4c32e-e217-4a61-9699-7bbc4729a026}
			{f6b0f0be-a8e4-4468-8fd9-c3c47b8722f9}
			{3443d8cd-e5b6-4f3b-b098-659a0214a079}
			{b7673e6d-cad9-4e9e-b31a-63e8098fdd63}
			{28c458f5-602d-4ac9-a77c-b3f1be503a7e}
			{285c6964-c11a-499e-96d8-bf7c75a223c6}
			{ba340d47-2181-4ca0-a2f6-fae4479dab2a}
			{aff16770-9622-4fbc-a128-3088777605b9}
			{387d9432-a6d1-4474-82cd-0a89aae084ae}
			{19195a55-6da0-11d0-afd3-00c04fd930c9}
",,PIRATE,0x395c6,DC01$,S-1-5-18,,,,,,,,,,
2025-06-11T14:22:35.637149Z,4662,DC01.pirate.htb,Microsoft-Windows-Security-Auditing,Security,15790,0,"%%7684
				",0x10,-,,,,,,,,,,,,,,,0x0,,,,,,,,,,,,,%{83764865-0c41-4ccb-8e7a-255a914cc33d},DS,%{e0fa1e8c-9b45-11d0-afdd-00c04fd930c9},,Object Access,,,,,"%%7684
		{e48d0154-bcf8-11d1-8702-00c04fb96050}
			{bf9679e5-0de6-11d0-a285-00aa003049e2}
	{e0fa1e8c-9b45-11d0-afdd-00c04fd930c9}
",,PIRATE,0x395c6,DC01$,S-1-5-18,,,,,,,,,,
2025-06-11T14:22:35.637151Z,4662,DC01.pirate.htb,Microsoft-Windows-Security-Auditing,Security,15791,0,"%%1538
				%%1542
				",0x1020000,-,,,,,,,,,,,,,,,0x0,,,,,,,,,,,,,%{83764865-0c41-4ccb-8e7a-255a914cc33d},DS,%{e0fa1e8c-9b45-11d0-afdd-00c04fd930c9},,Object Access,,,,,"%%1538
%%1542
	{e0fa1e8c-9b45-11d0-afdd-00c04fd930c9}
",,PIRATE,0x395c6,DC01$,S-1-5-18,,,,,,,,,,
2025-06-11T14:22:35.637174Z,4662,DC01.pirate.htb,Microsoft-Windows-Security-Auditing,Security,15792,0,"%%7684
				",0x10,-,,,,,,,,,,,,,,,0x0,,,,,,,,,,,,,%{83764865-0c41-4ccb-8e7a-255a914cc33d},DS,%{e0fa1e8c-9b45-11d0-afdd-00c04fd930c9},,Object Access,,,,,"%%7684
	{e0fa1e8c-9b45-11d0-afdd-00c04fd930c9}
		{e48d0154-bcf8-11d1-8702-00c04fb96050}
			{bf9679e5-0de6-11d0-a285-00aa003049e2}
			{bf9679e7-0de6-11d0-a285-00aa003049e2}
		{771727b1-31b8-4cdf-ae62-4fe39fadf89e}
			{bf967a77-0de6-11d0-a285-00aa003049e2}
			{bf967a70-0de6-11d0-a285-00aa003049e2}
			{bf967a6f-0de6-11d0-a285-00aa003049e2}
			{bf967a78-0de6-11d0-a285-00aa003049e2}
			{e0fa1e69-9b45-11d0-afdd-00c04fd930c9}
			{675a15fe-3b70-11d2-90cc-00c04fd91ab1}
			{aa12854c-d8fc-4d5e-91ca-368b8d829bee}
			{c79f2199-6da1-46ff-923c-1f3f800c721e}
			{7bea2088-8ce2-423c-b191-66ec506b1595}
			{0dc063c1-52d9-4456-9e15-9c2434aafd94}
			{5c5b7ad2-20fa-44bb-beb3-34b9c0f65579}
			{27d93c40-065a-43c0-bdd8-cdf2c7d120aa}
			{ff9e5552-7db7-4138-8888-05ce320a0323}
			{13361665-916c-4de7-a59d-b1ebbd0de129}
			{80b70aab-8959-4ec0-8e93-126e76df3aca}
			{8f4e317f-28d7-442c-a6df-1f491f97b326}
			{29869b7c-64c4-42fe-97d5-fbc2fa124160}
			{03d4c32e-e217-4a61-9699-7bbc4729a026}
			{f6b0f0be-a8e4-4468-8fd9-c3c47b8722f9}
			{3443d8cd-e5b6-4f3b-b098-659a0214a079}
			{b7673e6d-cad9-4e9e-b31a-63e8098fdd63}
			{28c458f5-602d-4ac9-a77c-b3f1be503a7e}
			{285c6964-c11a-499e-96d8-bf7c75a223c6}
			{ba340d47-2181-4ca0-a2f6-fae4479dab2a}
			{aff16770-9622-4fbc-a128-3088777605b9}
			{387d9432-a6d1-4474-82cd-0a89aae084ae}
			{19195a55-6da0-11d0-afd3-00c04fd930c9}
",,PIRATE,0x395c6,DC01$,S-1-5-18,,,,,,,,,,
2025-06-11T14:22:35.637178Z,4662,DC01.pirate.htb,Microsoft-Windows-Security-Auditing,Security,15793,0,"%%7684
				",0x10,-,,,,,,,,,,,,,,,0x0,,,,,,,,,,,,,%{1442ac9a-0850-4cee-811c-0420b70ae6be},DS,%{e0fa1e8c-9b45-11d0-afdd-00c04fd930c9},,Object Access,,,,,"%%7684
		{e48d0154-bcf8-11d1-8702-00c04fb96050}
			{bf9679e5-0de6-11d0-a285-00aa003049e2}
	{e0fa1e8c-9b45-11d0-afdd-00c04fd930c9}
",,PIRATE,0x395c6,DC01$,S-1-5-18,,,,,,,,,,
2025-06-11T14:22:35.637180Z,4662,DC01.pirate.htb,Microsoft-Windows-Security-Auditing,Security,15794,0,"%%1538
				%%1542
				",0x1020000,-,,,,,,,,,,,,,,,0x0,,,,,,,,,,,,,%{1442ac9a-0850-4cee-811c-0420b70ae6be},DS,%{e0fa1e8c-9b45-11d0-afdd-00c04fd930c9},,Object Access,,,,,"%%1538
%%1542
	{e0fa1e8c-9b45-11d0-afdd-00c04fd930c9}
",,PIRATE,0x395c6,DC01$,S-1-5-18,,,,,,,,,,
2025-06-11T14:22:35.637203Z,4662,DC01.pirate.htb,Microsoft-Windows-Security-Auditing,Security,15795,0,"%%7684
				",0x10,-,,,,,,,,,,,,,,,0x0,,,,,,,,,,,,,%{1442ac9a-0850-4cee-811c-0420b70ae6be},DS,%{e0fa1e8c-9b45-11d0-afdd-00c04fd930c9},,Object Access,,,,,"%%7684
	{e0fa1e8c-9b45-11d0-afdd-00c04fd930c9}
		{e48d0154-bcf8-11d1-8702-00c04fb96050}
			{bf9679e5-0de6-11d0-a285-00aa003049e2}
			{bf9679e7-0de6-11d0-a285-00aa003049e2}
		{771727b1-31b8-4cdf-ae62-4fe39fadf89e}
			{bf967a77-0de6-11d0-a285-00aa003049e2}
			{bf967a70-0de6-11d0-a285-00aa003049e2}
			{bf967a6f-0de6-11d0-a285-00aa003049e2}
			{bf967a78-0de6-11d0-a285-00aa003049e2}
			{e0fa1e69-9b45-11d0-afdd-00c04fd930c9}
			{675a15fe-3b70-11d2-90cc-00c04fd91ab1}
			{aa12854c-d8fc-4d5e-91ca-368b8d829bee}
			{c79f2199-6da1-46ff-923c-1f3f800c721e}
			{7bea2088-8ce2-423c-b191-66ec506b1595}
			{0dc063c1-52d9-4456-9e15-9c2434aafd94}
			{5c5b7ad2-20fa-44bb-beb3-34b9c0f65579}
			{27d93c40-065a-43c0-bdd8-cdf2c7d120aa}
			{ff9e5552-7db7-4138-8888-05ce320a0323}
			{13361665-916c-4de7-a59d-b1ebbd0de129}
			{80b70aab-8959-4ec0-8e93-126e76df3aca}
			{8f4e317f-28d7-442c-a6df-1f491f97b326}
			{29869b7c-64c4-42fe-97d5-fbc2fa124160}
			{03d4c32e-e217-4a61-9699-7bbc4729a026}
			{f6b0f0be-a8e4-4468-8fd9-c3c47b8722f9}
			{3443d8cd-e5b6-4f3b-b098-659a0214a079}
			{b7673e6d-cad9-4e9e-b31a-63e8098fdd63}
			{28c458f5-602d-4ac9-a77c-b3f1be503a7e}
			{285c6964-c11a-499e-96d8-bf7c75a223c6}
			{ba340d47-2181-4ca0-a2f6-fae4479dab2a}
			{aff16770-9622-4fbc-a128-3088777605b9}
			{387d9432-a6d1-4474-82cd-0a89aae084ae}
			{19195a55-6da0-11d0-afd3-00c04fd930c9}
",,PIRATE,0x395c6,DC01$,S-1-5-18,,,,,,,,,,
2025-06-11T14:22:35.637206Z,4662,DC01.pirate.htb,Microsoft-Windows-Security-Auditing,Security,15796,0,"%%7684
				",0x10,-,,,,,,,,,,,,,,,0x0,,,,,,,,,,,,,%{d1d1821d-2629-4ed5-bd96-cc55a8887464},DS,%{e0fa1e8c-9b45-11d0-afdd-00c04fd930c9},,Object Access,,,,,"%%7684
		{e48d0154-bcf8-11d1-8702-00c04fb96050}
			{bf9679e5-0de6-11d0-a285-00aa003049e2}
	{e0fa1e8c-9b45-11d0-afdd-00c04fd930c9}
",,PIRATE,0x395c6,DC01$,S-1-5-18,,,,,,,,,,
2025-06-11T14:22:35.637222Z,4662,DC01.pirate.htb,Microsoft-Windows-Security-Auditing,Security,15797,0,"%%1538
				%%1542
				",0x1020000,-,,,,,,,,,,,,,,,0x0,,,,,,,,,,,,,%{d1d1821d-2629-4ed5-bd96-cc55a8887464},DS,%{e0fa1e8c-9b45-11d0-afdd-00c04fd930c9},,Object Access,,,,,"%%1538
%%1542
	{e0fa1e8c-9b45-11d0-afdd-00c04fd930c9}
",,PIRATE,0x395c6,DC01$,S-1-5-18,,,,,,,,,,
2025-06-11T14:22:35.637247Z,4662,DC01.pirate.htb,Microsoft-Windows-Security-Auditing,Security,15798,0,"%%7684
				",0x10,-,,,,,,,,,,,,,,,0x0,,,,,,,,,,,,,%{d1d1821d-2629-4ed5-bd96-cc55a8887464},DS,%{e0fa1e8c-9b45-11d0-afdd-00c04fd930c9},,Object Access,,,,,"%%7684
	{e0fa1e8c-9b45-11d0-afdd-00c04fd930c9}
		{e48d0154-bcf8-11d1-8702-00c04fb96050}
			{bf9679e5-0de6-11d0-a285-00aa003049e2}
			{bf9679e7-0de6-11d0-a285-00aa003049e2}
		{771727b1-31b8-4cdf-ae62-4fe39fadf89e}
			{bf967a77-0de6-11d0-a285-00aa003049e2}
			{bf967a70-0de6-11d0-a285-00aa003049e2}
			{bf967a6f-0de6-11d0-a285-00aa003049e2}
			{bf967a78-0de6-11d0-a285-00aa003049e2}
			{e0fa1e69-9b45-11d0-afdd-00c04fd930c9}
			{675a15fe-3b70-11d2-90cc-00c04fd91ab1}
			{aa12854c-d8fc-4d5e-91ca-368b8d829bee}
			{c79f2199-6da1-46ff-923c-1f3f800c721e}
			{7bea2088-8ce2-423c-b191-66ec506b1595}
			{0dc063c1-52d9-4456-9e15-9c2434aafd94}
			{5c5b7ad2-20fa-44bb-beb3-34b9c0f65579}
			{27d93c40-065a-43c0-bdd8-cdf2c7d120aa}
			{ff9e5552-7db7-4138-8888-05ce320a0323}
			{13361665-916c-4de7-a59d-b1ebbd0de129}
			{80b70aab-8959-4ec0-8e93-126e76df3aca}
			{8f4e317f-28d7-442c-a6df-1f491f97b326}
			{29869b7c-64c4-42fe-97d5-fbc2fa124160}
			{03d4c32e-e217-4a61-9699-7bbc4729a026}
			{f6b0f0be-a8e4-4468-8fd9-c3c47b8722f9}
			{3443d8cd-e5b6-4f3b-b098-659a0214a079}
			{b7673e6d-cad9-4e9e-b31a-63e8098fdd63}
			{28c458f5-602d-4ac9-a77c-b3f1be503a7e}
			{285c6964-c11a-499e-96d8-bf7c75a223c6}
			{ba340d47-2181-4ca0-a2f6-fae4479dab2a}
			{aff16770-9622-4fbc-a128-3088777605b9}
			{387d9432-a6d1-4474-82cd-0a89aae084ae}
			{19195a55-6da0-11d0-afd3-00c04fd930c9}
",,PIRATE,0x395c6,DC01$,S-1-5-18,,,,,,,,,,
2025-06-11T14:22:35.637250Z,4662,DC01.pirate.htb,Microsoft-Windows-Security-Auditing,Security,15799,0,"%%7684
				",0x10,-,,,,,,,,,,,,,,,0x0,,,,,,,,,,,,,%{aff6283f-b417-4237-bc64-56914d112ba3},DS,%{e0fa1e8c-9b45-11d0-afdd-00c04fd930c9},,Object Access,,,,,"%%7684
		{e48d0154-bcf8-11d1-8702-00c04fb96050}
			{bf9679e5-0de6-11d0-a285-00aa003049e2}
	{e0fa1e8c-9b45-11d0-afdd-00c04fd930c9}
",,PIRATE,0x395c6,DC01$,S-1-5-18,,,,,,,,,,
2025-06-11T14:22:35.637252Z,4662,DC01.pirate.htb,Microsoft-Windows-Security-Auditing,Security,15800,0,"%%1538
				%%1542
				",0x1020000,-,,,,,,,,,,,,,,,0x0,,,,,,,,,,,,,%{aff6283f-b417-4237-bc64-56914d112ba3},DS,%{e0fa1e8c-9b45-11d0-afdd-00c04fd930c9},,Object Access,,,,,"%%1538
%%1542
	{e0fa1e8c-9b45-11d0-afdd-00c04fd930c9}
",,PIRATE,0x395c6,DC01$,S-1-5-18,,,,,,,,,,
2025-06-11T14:22:35.637276Z,4662,DC01.pirate.htb,Microsoft-Windows-Security-Auditing,Security,15801,0,"%%7684
				",0x10,-,,,,,,,,,,,,,,,0x0,,,,,,,,,,,,,%{aff6283f-b417-4237-bc64-56914d112ba3},DS,%{e0fa1e8c-9b45-11d0-afdd-00c04fd930c9},,Object Access,,,,,"%%7684
	{e0fa1e8c-9b45-11d0-afdd-00c04fd930c9}
		{e48d0154-bcf8-11d1-8702-00c04fb96050}
			{bf9679e5-0de6-11d0-a285-00aa003049e2}
			{bf9679e7-0de6-11d0-a285-00aa003049e2}
		{771727b1-31b8-4cdf-ae62-4fe39fadf89e}
			{bf967a77-0de6-11d0-a285-00aa003049e2}
			{bf967a70-0de6-11d0-a285-00aa003049e2}
			{bf967a6f-0de6-11d0-a285-00aa003049e2}
			{bf967a78-0de6-11d0-a285-00aa003049e2}
			{e0fa1e69-9b45-11d0-afdd-00c04fd930c9}
			{675a15fe-3b70-11d2-90cc-00c04fd91ab1}
			{aa12854c-d8fc-4d5e-91ca-368b8d829bee}
			{c79f2199-6da1-46ff-923c-1f3f800c721e}
			{7bea2088-8ce2-423c-b191-66ec506b1595}
			{0dc063c1-52d9-4456-9e15-9c2434aafd94}
			{5c5b7ad2-20fa-44bb-beb3-34b9c0f65579}
			{27d93c40-065a-43c0-bdd8-cdf2c7d120aa}
			{ff9e5552-7db7-4138-8888-05ce320a0323}
			{13361665-916c-4de7-a59d-b1ebbd0de129}
			{80b70aab-8959-4ec0-8e93-126e76df3aca}
			{8f4e317f-28d7-442c-a6df-1f491f97b326}
			{29869b7c-64c4-42fe-97d5-fbc2fa124160}
			{03d4c32e-e217-4a61-9699-7bbc4729a026}
			{f6b0f0be-a8e4-4468-8fd9-c3c47b8722f9}
			{3443d8cd-e5b6-4f3b-b098-659a0214a079}
			{b7673e6d-cad9-4e9e-b31a-63e8098fdd63}
			{28c458f5-602d-4ac9-a77c-b3f1be503a7e}
			{285c6964-c11a-499e-96d8-bf7c75a223c6}
			{ba340d47-2181-4ca0-a2f6-fae4479dab2a}
			{aff16770-9622-4fbc-a128-3088777605b9}
			{387d9432-a6d1-4474-82cd-0a89aae084ae}
			{19195a55-6da0-11d0-afd3-00c04fd930c9}
",,PIRATE,0x395c6,DC01$,S-1-5-18,,,,,,,,,,
2025-06-11T14:22:35.637279Z,4662,DC01.pirate.htb,Microsoft-Windows-Security-Auditing,Security,15802,0,"%%7684
				",0x10,-,,,,,,,,,,,,,,,0x0,,,,,,,,,,,,,%{de445434-0c12-435d-8650-5a209e4581ad},DS,%{e0fa1e8c-9b45-11d0-afdd-00c04fd930c9},,Object Access,,,,,"%%7684
		{e48d0154-bcf8-11d1-8702-00c04fb96050}
			{bf9679e5-0de6-11d0-a285-00aa003049e2}
	{e0fa1e8c-9b45-11d0-afdd-00c04fd930c9}
",,PIRATE,0x395c6,DC01$,S-1-5-18,,,,,,,,,,
2025-06-11T14:22:35.637281Z,4662,DC01.pirate.htb,Microsoft-Windows-Security-Auditing,Security,15803,0,"%%1538
				%%1542
				",0x1020000,-,,,,,,,,,,,,,,,0x0,,,,,,,,,,,,,%{de445434-0c12-435d-8650-5a209e4581ad},DS,%{e0fa1e8c-9b45-11d0-afdd-00c04fd930c9},,Object Access,,,,,"%%1538
%%1542
	{e0fa1e8c-9b45-11d0-afdd-00c04fd930c9}
",,PIRATE,0x395c6,DC01$,S-1-5-18,,,,,,,,,,
2025-06-11T14:22:35.637304Z,4662,DC01.pirate.htb,Microsoft-Windows-Security-Auditing,Security,15804,0,"%%7684
				",0x10,-,,,,,,,,,,,,,,,0x0,,,,,,,,,,,,,%{de445434-0c12-435d-8650-5a209e4581ad},DS,%{e0fa1e8c-9b45-11d0-afdd-00c04fd930c9},,Object Access,,,,,"%%7684
	{e0fa1e8c-9b45-11d0-afdd-00c04fd930c9}
		{e48d0154-bcf8-11d1-8702-00c04fb96050}
			{bf9679e5-0de6-11d0-a285-00aa003049e2}
			{bf9679e7-0de6-11d0-a285-00aa003049e2}
		{771727b1-31b8-4cdf-ae62-4fe39fadf89e}
			{bf967a77-0de6-11d0-a285-00aa003049e2}
			{bf967a70-0de6-11d0-a285-00aa003049e2}
			{bf967a6f-0de6-11d0-a285-00aa003049e2}
			{bf967a78-0de6-11d0-a285-00aa003049e2}
			{e0fa1e69-9b45-11d0-afdd-00c04fd930c9}
			{675a15fe-3b70-11d2-90cc-00c04fd91ab1}
			{aa12854c-d8fc-4d5e-91ca-368b8d829bee}
			{c79f2199-6da1-46ff-923c-1f3f800c721e}
			{7bea2088-8ce2-423c-b191-66ec506b1595}
			{0dc063c1-52d9-4456-9e15-9c2434aafd94}
			{5c5b7ad2-20fa-44bb-beb3-34b9c0f65579}
			{27d93c40-065a-43c0-bdd8-cdf2c7d120aa}
			{ff9e5552-7db7-4138-8888-05ce320a0323}
			{13361665-916c-4de7-a59d-b1ebbd0de129}
			{80b70aab-8959-4ec0-8e93-126e76df3aca}
			{8f4e317f-28d7-442c-a6df-1f491f97b326}
			{29869b7c-64c4-42fe-97d5-fbc2fa124160}
			{03d4c32e-e217-4a61-9699-7bbc4729a026}
			{f6b0f0be-a8e4-4468-8fd9-c3c47b8722f9}
			{3443d8cd-e5b6-4f3b-b098-659a0214a079}
			{b7673e6d-cad9-4e9e-b31a-63e8098fdd63}
			{28c458f5-602d-4ac9-a77c-b3f1be503a7e}
			{285c6964-c11a-499e-96d8-bf7c75a223c6}
			{ba340d47-2181-4ca0-a2f6-fae4479dab2a}
			{aff16770-9622-4fbc-a128-3088777605b9}
			{387d9432-a6d1-4474-82cd-0a89aae084ae}
			{19195a55-6da0-11d0-afd3-00c04fd930c9}
",,PIRATE,0x395c6,DC01$,S-1-5-18,,,,,,,,,,
2025-06-11T14:22:35.637307Z,4662,DC01.pirate.htb,Microsoft-Windows-Security-Auditing,Security,15805,0,"%%7684
				",0x10,-,,,,,,,,,,,,,,,0x0,,,,,,,,,,,,,%{2023fab1-9a2c-4430-be1b-bd2a3d3d7774},DS,%{e0fa1e8c-9b45-11d0-afdd-00c04fd930c9},,Object Access,,,,,"%%7684
		{e48d0154-bcf8-11d1-8702-00c04fb96050}
			{bf9679e5-0de6-11d0-a285-00aa003049e2}
	{e0fa1e8c-9b45-11d0-afdd-00c04fd930c9}
",,PIRATE,0x395c6,DC01$,S-1-5-18,,,,,,,,,,
2025-06-11T14:22:35.637309Z,4662,DC01.pirate.htb,Microsoft-Windows-Security-Auditing,Security,15806,0,"%%1538
				%%1542
				",0x1020000,-,,,,,,,,,,,,,,,0x0,,,,,,,,,,,,,%{2023fab1-9a2c-4430-be1b-bd2a3d3d7774},DS,%{e0fa1e8c-9b45-11d0-afdd-00c04fd930c9},,Object Access,,,,,"%%1538
%%1542
	{e0fa1e8c-9b45-11d0-afdd-00c04fd930c9}
",,PIRATE,0x395c6,DC01$,S-1-5-18,,,,,,,,,,
2025-06-11T14:22:35.637332Z,4662,DC01.pirate.htb,Microsoft-Windows-Security-Auditing,Security,15807,0,"%%7684
				",0x10,-,,,,,,,,,,,,,,,0x0,,,,,,,,,,,,,%{2023fab1-9a2c-4430-be1b-bd2a3d3d7774},DS,%{e0fa1e8c-9b45-11d0-afdd-00c04fd930c9},,Object Access,,,,,"%%7684
	{e0fa1e8c-9b45-11d0-afdd-00c04fd930c9}
		{e48d0154-bcf8-11d1-8702-00c04fb96050}
			{bf9679e5-0de6-11d0-a285-00aa003049e2}
			{bf9679e7-0de6-11d0-a285-00aa003049e2}
		{771727b1-31b8-4cdf-ae62-4fe39fadf89e}
			{bf967a77-0de6-11d0-a285-00aa003049e2}
			{bf967a70-0de6-11d0-a285-00aa003049e2}
			{bf967a6f-0de6-11d0-a285-00aa003049e2}
			{bf967a78-0de6-11d0-a285-00aa003049e2}
			{e0fa1e69-9b45-11d0-afdd-00c04fd930c9}
			{675a15fe-3b70-11d2-90cc-00c04fd91ab1}
			{aa12854c-d8fc-4d5e-91ca-368b8d829bee}
			{c79f2199-6da1-46ff-923c-1f3f800c721e}
			{7bea2088-8ce2-423c-b191-66ec506b1595}
			{0dc063c1-52d9-4456-9e15-9c2434aafd94}
			{5c5b7ad2-20fa-44bb-beb3-34b9c0f65579}
			{27d93c40-065a-43c0-bdd8-cdf2c7d120aa}
			{ff9e5552-7db7-4138-8888-05ce320a0323}
			{13361665-916c-4de7-a59d-b1ebbd0de129}
			{80b70aab-8959-4ec0-8e93-126e76df3aca}
			{8f4e317f-28d7-442c-a6df-1f491f97b326}
			{29869b7c-64c4-42fe-97d5-fbc2fa124160}
			{03d4c32e-e217-4a61-9699-7bbc4729a026}
			{f6b0f0be-a8e4-4468-8fd9-c3c47b8722f9}
			{3443d8cd-e5b6-4f3b-b098-659a0214a079}
			{b7673e6d-cad9-4e9e-b31a-63e8098fdd63}
			{28c458f5-602d-4ac9-a77c-b3f1be503a7e}
			{285c6964-c11a-499e-96d8-bf7c75a223c6}
			{ba340d47-2181-4ca0-a2f6-fae4479dab2a}
			{aff16770-9622-4fbc-a128-3088777605b9}
			{387d9432-a6d1-4474-82cd-0a89aae084ae}
			{19195a55-6da0-11d0-afd3-00c04fd930c9}
",,PIRATE,0x395c6,DC01$,S-1-5-18,,,,,,,,,,
2025-06-11T14:22:35.637336Z,4662,DC01.pirate.htb,Microsoft-Windows-Security-Auditing,Security,15808,0,"%%7684
				",0x10,-,,,,,,,,,,,,,,,0x0,,,,,,,,,,,,,%{5fb121fb-7551-40f6-a8de-26a2bca2b4ad},DS,%{e0fa1e8c-9b45-11d0-afdd-00c04fd930c9},,Object Access,,,,,"%%7684
		{e48d0154-bcf8-11d1-8702-00c04fb96050}
			{bf9679e5-0de6-11d0-a285-00aa003049e2}
	{e0fa1e8c-9b45-11d0-afdd-00c04fd930c9}
",,PIRATE,0x395c6,DC01$,S-1-5-18,,,,,,,,,,
2025-06-11T14:22:35.637337Z,4662,DC01.pirate.htb,Microsoft-Windows-Security-Auditing,Security,15809,0,"%%1538
				%%1542
				",0x1020000,-,,,,,,,,,,,,,,,0x0,,,,,,,,,,,,,%{5fb121fb-7551-40f6-a8de-26a2bca2b4ad},DS,%{e0fa1e8c-9b45-11d0-afdd-00c04fd930c9},,Object Access,,,,,"%%1538
%%1542
	{e0fa1e8c-9b45-11d0-afdd-00c04fd930c9}
",,PIRATE,0x395c6,DC01$,S-1-5-18,,,,,,,,,,
2025-06-11T14:22:35.637361Z,4662,DC01.pirate.htb,Microsoft-Windows-Security-Auditing,Security,15810,0,"%%7684
				",0x10,-,,,,,,,,,,,,,,,0x0,,,,,,,,,,,,,%{5fb121fb-7551-40f6-a8de-26a2bca2b4ad},DS,%{e0fa1e8c-9b45-11d0-afdd-00c04fd930c9},,Object Access,,,,,"%%7684
	{e0fa1e8c-9b45-11d0-afdd-00c04fd930c9}
		{e48d0154-bcf8-11d1-8702-00c04fb96050}
			{bf9679e5-0de6-11d0-a285-00aa003049e2}
			{bf9679e7-0de6-11d0-a285-00aa003049e2}
		{771727b1-31b8-4cdf-ae62-4fe39fadf89e}
			{bf967a77-0de6-11d0-a285-00aa003049e2}
			{bf967a70-0de6-11d0-a285-00aa003049e2}
			{bf967a6f-0de6-11d0-a285-00aa003049e2}
			{bf967a78-0de6-11d0-a285-00aa003049e2}
			{e0fa1e69-9b45-11d0-afdd-00c04fd930c9}
			{675a15fe-3b70-11d2-90cc-00c04fd91ab1}
			{aa12854c-d8fc-4d5e-91ca-368b8d829bee}
			{c79f2199-6da1-46ff-923c-1f3f800c721e}
			{7bea2088-8ce2-423c-b191-66ec506b1595}
			{0dc063c1-52d9-4456-9e15-9c2434aafd94}
			{5c5b7ad2-20fa-44bb-beb3-34b9c0f65579}
			{27d93c40-065a-43c0-bdd8-cdf2c7d120aa}
			{ff9e5552-7db7-4138-8888-05ce320a0323}
			{13361665-916c-4de7-a59d-b1ebbd0de129}
			{80b70aab-8959-4ec0-8e93-126e76df3aca}
			{8f4e317f-28d7-442c-a6df-1f491f97b326}
			{29869b7c-64c4-42fe-97d5-fbc2fa124160}
			{03d4c32e-e217-4a61-9699-7bbc4729a026}
			{f6b0f0be-a8e4-4468-8fd9-c3c47b8722f9}
			{3443d8cd-e5b6-4f3b-b098-659a0214a079}
			{b7673e6d-cad9-4e9e-b31a-63e8098fdd63}
			{28c458f5-602d-4ac9-a77c-b3f1be503a7e}
			{285c6964-c11a-499e-96d8-bf7c75a223c6}
			{ba340d47-2181-4ca0-a2f6-fae4479dab2a}
			{aff16770-9622-4fbc-a128-3088777605b9}
			{387d9432-a6d1-4474-82cd-0a89aae084ae}
			{19195a55-6da0-11d0-afd3-00c04fd930c9}
",,PIRATE,0x395c6,DC01$,S-1-5-18,,,,,,,,,,
2025-06-11T14:22:35.637364Z,4662,DC01.pirate.htb,Microsoft-Windows-Security-Auditing,Security,15811,0,"%%7684
				",0x10,-,,,,,,,,,,,,,,,0x0,,,,,,,,,,,,,%{c77c20d8-4182-43e8-ad41-6f5292ec53de},DS,%{e0fa1e8c-9b45-11d0-afdd-00c04fd930c9},,Object Access,,,,,"%%7684
		{e48d0154-bcf8-11d1-8702-00c04fb96050}
			{bf9679e5-0de6-11d0-a285-00aa003049e2}
	{e0fa1e8c-9b45-11d0-afdd-00c04fd930c9}
",,PIRATE,0x395c6,DC01$,S-1-5-18,,,,,,,,,,
2025-06-11T14:22:35.637366Z,4662,DC01.pirate.htb,Microsoft-Windows-Security-Auditing,Security,15812,0,"%%1538
				%%1542
				",0x1020000,-,,,,,,,,,,,,,,,0x0,,,,,,,,,,,,,%{c77c20d8-4182-43e8-ad41-6f5292ec53de},DS,%{e0fa1e8c-9b45-11d0-afdd-00c04fd930c9},,Object Access,,,,,"%%1538
%%1542
	{e0fa1e8c-9b45-11d0-afdd-00c04fd930c9}
",,PIRATE,0x395c6,DC01$,S-1-5-18,,,,,,,,,,
2025-06-11T14:22:35.637389Z,4662,DC01.pirate.htb,Microsoft-Windows-Security-Auditing,Security,15813,0,"%%7684
				",0x10,-,,,,,,,,,,,,,,,0x0,,,,,,,,,,,,,%{c77c20d8-4182-43e8-ad41-6f5292ec53de},DS,%{e0fa1e8c-9b45-11d0-afdd-00c04fd930c9},,Object Access,,,,,"%%7684
	{e0fa1e8c-9b45-11d0-afdd-00c04fd930c9}
		{e48d0154-bcf8-11d1-8702-00c04fb96050}
			{bf9679e5-0de6-11d0-a285-00aa003049e2}
			{bf9679e7-0de6-11d0-a285-00aa003049e2}
		{771727b1-31b8-4cdf-ae62-4fe39fadf89e}
			{bf967a77-0de6-11d0-a285-00aa003049e2}
			{bf967a70-0de6-11d0-a285-00aa003049e2}
			{bf967a6f-0de6-11d0-a285-00aa003049e2}
			{bf967a78-0de6-11d0-a285-00aa003049e2}
			{e0fa1e69-9b45-11d0-afdd-00c04fd930c9}
			{675a15fe-3b70-11d2-90cc-00c04fd91ab1}
			{aa12854c-d8fc-4d5e-91ca-368b8d829bee}
			{c79f2199-6da1-46ff-923c-1f3f800c721e}
			{7bea2088-8ce2-423c-b191-66ec506b1595}
			{0dc063c1-52d9-4456-9e15-9c2434aafd94}
			{5c5b7ad2-20fa-44bb-beb3-34b9c0f65579}
			{27d93c40-065a-43c0-bdd8-cdf2c7d120aa}
			{ff9e5552-7db7-4138-8888-05ce320a0323}
			{13361665-916c-4de7-a59d-b1ebbd0de129}
			{80b70aab-8959-4ec0-8e93-126e76df3aca}
			{8f4e317f-28d7-442c-a6df-1f491f97b326}
			{29869b7c-64c4-42fe-97d5-fbc2fa124160}
			{03d4c32e-e217-4a61-9699-7bbc4729a026}
			{f6b0f0be-a8e4-4468-8fd9-c3c47b8722f9}
			{3443d8cd-e5b6-4f3b-b098-659a0214a079}
			{b7673e6d-cad9-4e9e-b31a-63e8098fdd63}
			{28c458f5-602d-4ac9-a77c-b3f1be503a7e}
			{285c6964-c11a-499e-96d8-bf7c75a223c6}
			{ba340d47-2181-4ca0-a2f6-fae4479dab2a}
			{aff16770-9622-4fbc-a128-3088777605b9}
			{387d9432-a6d1-4474-82cd-0a89aae084ae}
			{19195a55-6da0-11d0-afd3-00c04fd930c9}
",,PIRATE,0x395c6,DC01$,S-1-5-18,,,,,,,,,,
2025-06-11T14:22:35.637827Z,4662,DC01.pirate.htb,Microsoft-Windows-Security-Auditing,Security,15814,0,"%%7684
				",0x10,-,,,,,,,,,,,,,,,0x0,,,,,,,,,,,,,%{aff6283f-b417-4237-bc64-56914d112ba3},DS,%{e0fa1e8c-9b45-11d0-afdd-00c04fd930c9},,Object Access,,,,,"%%7684
		{e48d0154-bcf8-11d1-8702-00c04fb96050}
			{bf9679e5-0de6-11d0-a285-00aa003049e2}
	{e0fa1e8c-9b45-11d0-afdd-00c04fd930c9}
",,PIRATE,0x395c6,DC01$,S-1-5-18,,,,,,,,,,
2025-06-11T14:22:35.637830Z,4662,DC01.pirate.htb,Microsoft-Windows-Security-Auditing,Security,15815,0,"%%7682
				",0x4,-,,,,,,,,,,,,,,,0x0,,,,,,,,,,,,,%{afff0694-70ff-4985-9456-bb96e5b03812},DS,%{e0fa1e8b-9b45-11d0-afdd-00c04fd930c9},,Object Access,,,,,"%%7682
	{e0fa1e8b-9b45-11d0-afdd-00c04fd930c9}
",,PIRATE,0x395c6,DC01$,S-1-5-18,,,,,,,,,,
2025-06-11T14:22:35.637833Z,4662,DC01.pirate.htb,Microsoft-Windows-Security-Auditing,Security,15816,0,"%%1538
				",0x20000,-,,,,,,,,,,,,,,,0x0,,,,,,,,,,,,,%{aff6283f-b417-4237-bc64-56914d112ba3},DS,%{e0fa1e8c-9b45-11d0-afdd-00c04fd930c9},,Object Access,,,,,"%%1538
	{e0fa1e8c-9b45-11d0-afdd-00c04fd930c9}
",,PIRATE,0x395c6,DC01$,S-1-5-18,,,,,,,,,,
2025-06-11T14:22:35.637858Z,4662,DC01.pirate.htb,Microsoft-Windows-Security-Auditing,Security,15817,0,"%%7684
				",0x10,-,,,,,,,,,,,,,,,0x0,,,,,,,,,,,,,%{aff6283f-b417-4237-bc64-56914d112ba3},DS,%{e0fa1e8c-9b45-11d0-afdd-00c04fd930c9},,Object Access,,,,,"%%7684
	{e0fa1e8c-9b45-11d0-afdd-00c04fd930c9}
		{e48d0154-bcf8-11d1-8702-00c04fb96050}
			{bf9679e5-0de6-11d0-a285-00aa003049e2}
			{bf9679e7-0de6-11d0-a285-00aa003049e2}
		{771727b1-31b8-4cdf-ae62-4fe39fadf89e}
			{bf967a77-0de6-11d0-a285-00aa003049e2}
			{bf967a70-0de6-11d0-a285-00aa003049e2}
			{bf967a6f-0de6-11d0-a285-00aa003049e2}
			{bf967a78-0de6-11d0-a285-00aa003049e2}
			{e0fa1e69-9b45-11d0-afdd-00c04fd930c9}
			{675a15fe-3b70-11d2-90cc-00c04fd91ab1}
			{aa12854c-d8fc-4d5e-91ca-368b8d829bee}
			{c79f2199-6da1-46ff-923c-1f3f800c721e}
			{7bea2088-8ce2-423c-b191-66ec506b1595}
			{0dc063c1-52d9-4456-9e15-9c2434aafd94}
			{5c5b7ad2-20fa-44bb-beb3-34b9c0f65579}
			{27d93c40-065a-43c0-bdd8-cdf2c7d120aa}
			{ff9e5552-7db7-4138-8888-05ce320a0323}
			{13361665-916c-4de7-a59d-b1ebbd0de129}
			{80b70aab-8959-4ec0-8e93-126e76df3aca}
			{8f4e317f-28d7-442c-a6df-1f491f97b326}
			{29869b7c-64c4-42fe-97d5-fbc2fa124160}
			{03d4c32e-e217-4a61-9699-7bbc4729a026}
			{f6b0f0be-a8e4-4468-8fd9-c3c47b8722f9}
			{3443d8cd-e5b6-4f3b-b098-659a0214a079}
			{b7673e6d-cad9-4e9e-b31a-63e8098fdd63}
			{28c458f5-602d-4ac9-a77c-b3f1be503a7e}
			{285c6964-c11a-499e-96d8-bf7c75a223c6}
			{ba340d47-2181-4ca0-a2f6-fae4479dab2a}
			{aff16770-9622-4fbc-a128-3088777605b9}
			{387d9432-a6d1-4474-82cd-0a89aae084ae}
			{19195a55-6da0-11d0-afd3-00c04fd930c9}
",,PIRATE,0x395c6,DC01$,S-1-5-18,,,,,,,,,,
2025-06-11T14:22:35.638064Z,4662,DC01.pirate.htb,Microsoft-Windows-Security-Auditing,Security,15818,0,"%%7684
				",0x10,-,,,,,,,,,,,,,,,0x0,,,,,,,,,,,,,%{469bd39f-3e90-4f1a-b47e-0432e347ae56},DS,%{e0fa1e8c-9b45-11d0-afdd-00c04fd930c9},,Object Access,,,,,"%%7684
		{e48d0154-bcf8-11d1-8702-00c04fb96050}
			{bf9679e5-0de6-11d0-a285-00aa003049e2}
	{e0fa1e8c-9b45-11d0-afdd-00c04fd930c9}
",,PIRATE,0x395c6,DC01$,S-1-5-18,,,,,,,,,,
2025-06-11T14:22:35.638068Z,4662,DC01.pirate.htb,Microsoft-Windows-Security-Auditing,Security,15819,0,"%%7682
				",0x4,-,,,,,,,,,,,,,,,0x0,,,,,,,,,,,,,%{afff0694-70ff-4985-9456-bb96e5b03812},DS,%{e0fa1e8b-9b45-11d0-afdd-00c04fd930c9},,Object Access,,,,,"%%7682
	{e0fa1e8b-9b45-11d0-afdd-00c04fd930c9}
",,PIRATE,0x395c6,DC01$,S-1-5-18,,,,,,,,,,
2025-06-11T14:22:35.638070Z,4662,DC01.pirate.htb,Microsoft-Windows-Security-Auditing,Security,15820,0,"%%1538
				",0x20000,-,,,,,,,,,,,,,,,0x0,,,,,,,,,,,,,%{469bd39f-3e90-4f1a-b47e-0432e347ae56},DS,%{e0fa1e8c-9b45-11d0-afdd-00c04fd930c9},,Object Access,,,,,"%%1538
	{e0fa1e8c-9b45-11d0-afdd-00c04fd930c9}
",,PIRATE,0x395c6,DC01$,S-1-5-18,,,,,,,,,,
2025-06-11T14:22:35.638097Z,4662,DC01.pirate.htb,Microsoft-Windows-Security-Auditing,Security,15821,0,"%%7684
				",0x10,-,,,,,,,,,,,,,,,0x0,,,,,,,,,,,,,%{469bd39f-3e90-4f1a-b47e-0432e347ae56},DS,%{e0fa1e8c-9b45-11d0-afdd-00c04fd930c9},,Object Access,,,,,"%%7684
	{e0fa1e8c-9b45-11d0-afdd-00c04fd930c9}
		{e48d0154-bcf8-11d1-8702-00c04fb96050}
			{bf9679e5-0de6-11d0-a285-00aa003049e2}
			{bf9679e7-0de6-11d0-a285-00aa003049e2}
		{771727b1-31b8-4cdf-ae62-4fe39fadf89e}
			{bf967a77-0de6-11d0-a285-00aa003049e2}
			{bf967a70-0de6-11d0-a285-00aa003049e2}
			{bf967a6f-0de6-11d0-a285-00aa003049e2}
			{bf967a78-0de6-11d0-a285-00aa003049e2}
			{e0fa1e69-9b45-11d0-afdd-00c04fd930c9}
			{675a15fe-3b70-11d2-90cc-00c04fd91ab1}
			{aa12854c-d8fc-4d5e-91ca-368b8d829bee}
			{c79f2199-6da1-46ff-923c-1f3f800c721e}
			{7bea2088-8ce2-423c-b191-66ec506b1595}
			{0dc063c1-52d9-4456-9e15-9c2434aafd94}
			{5c5b7ad2-20fa-44bb-beb3-34b9c0f65579}
			{27d93c40-065a-43c0-bdd8-cdf2c7d120aa}
			{ff9e5552-7db7-4138-8888-05ce320a0323}
			{13361665-916c-4de7-a59d-b1ebbd0de129}
			{80b70aab-8959-4ec0-8e93-126e76df3aca}
			{8f4e317f-28d7-442c-a6df-1f491f97b326}
			{29869b7c-64c4-42fe-97d5-fbc2fa124160}
			{03d4c32e-e217-4a61-9699-7bbc4729a026}
			{f6b0f0be-a8e4-4468-8fd9-c3c47b8722f9}
			{3443d8cd-e5b6-4f3b-b098-659a0214a079}
			{b7673e6d-cad9-4e9e-b31a-63e8098fdd63}
			{28c458f5-602d-4ac9-a77c-b3f1be503a7e}
			{285c6964-c11a-499e-96d8-bf7c75a223c6}
			{ba340d47-2181-4ca0-a2f6-fae4479dab2a}
			{aff16770-9622-4fbc-a128-3088777605b9}
			{387d9432-a6d1-4474-82cd-0a89aae084ae}
			{19195a55-6da0-11d0-afd3-00c04fd930c9}
",,PIRATE,0x395c6,DC01$,S-1-5-18,,,,,,,,,,
2025-06-11T14:22:44.582301Z,4662,DC01.pirate.htb,Microsoft-Windows-Security-Auditing,Security,15822,0,"%%7682
				",0x4,-,,,,,,,,,,,,,,,0x0,,,,,,,,,,,,,%{afff0694-70ff-4985-9456-bb96e5b03812},DS,%{e0fa1e8b-9b45-11d0-afdd-00c04fd930c9},,Object Access,,,,,"%%7682
	{e0fa1e8b-9b45-11d0-afdd-00c04fd930c9}
",,PIRATE,0x464ec,Administrator,S-1-5-21-4107424128-4158083573-1300325248-500,,,,,,,,,,
2025-06-11T14:22:44.582307Z,4662,DC01.pirate.htb,Microsoft-Windows-Security-Auditing,Security,15823,0,"%%7684
				",0x10,-,,,,,,,,,,,,,,,0x0,,,,,,,,,,,,,%{469bd39f-3e90-4f1a-b47e-0432e347ae56},DS,%{e0fa1e8c-9b45-11d0-afdd-00c04fd930c9},,Object Access,,,,,"%%7684
		{e48d0154-bcf8-11d1-8702-00c04fb96050}
			{bf9679e7-0de6-11d0-a285-00aa003049e2}
	{e0fa1e8c-9b45-11d0-afdd-00c04fd930c9}
",,PIRATE,0x464ec,Administrator,S-1-5-21-4107424128-4158083573-1300325248-500,,,,,,,,,,
2025-06-11T14:22:44.582311Z,4662,DC01.pirate.htb,Microsoft-Windows-Security-Auditing,Security,15824,0,"%%7684
				",0x10,-,,,,,,,,,,,,,,,0x0,,,,,,,,,,,,,%{469bd39f-3e90-4f1a-b47e-0432e347ae56},DS,%{e0fa1e8c-9b45-11d0-afdd-00c04fd930c9},,Object Access,,,,,"%%7684
		{e48d0154-bcf8-11d1-8702-00c04fb96050}
			{bf9679e4-0de6-11d0-a285-00aa003049e2}
	{e0fa1e8c-9b45-11d0-afdd-00c04fd930c9}
",,PIRATE,0x464ec,Administrator,S-1-5-21-4107424128-4158083573-1300325248-500,,,,,,,,,,
2025-06-11T14:22:56.107901Z,4662,DC01.pirate.htb,Microsoft-Windows-Security-Auditing,Security,15825,0,"%%7684
				",0x10,-,,,,,,,,,,,,,,,0x0,,,,,,,,,,,,,%{5fb121fb-7551-40f6-a8de-26a2bca2b4ad},DS,%{e0fa1e8c-9b45-11d0-afdd-00c04fd930c9},,Object Access,,,,,"%%7684
		{e48d0154-bcf8-11d1-8702-00c04fb96050}
			{bf9679e5-0de6-11d0-a285-00aa003049e2}
	{e0fa1e8c-9b45-11d0-afdd-00c04fd930c9}
",,PIRATE,0x395c6,DC01$,S-1-5-18,,,,,,,,,,
2025-06-11T14:22:56.107905Z,4662,DC01.pirate.htb,Microsoft-Windows-Security-Auditing,Security,15826,0,"%%7682
				",0x4,-,,,,,,,,,,,,,,,0x0,,,,,,,,,,,,,%{afff0694-70ff-4985-9456-bb96e5b03812},DS,%{e0fa1e8b-9b45-11d0-afdd-00c04fd930c9},,Object Access,,,,,"%%7682
	{e0fa1e8b-9b45-11d0-afdd-00c04fd930c9}
",,PIRATE,0x395c6,DC01$,S-1-5-18,,,,,,,,,,
2025-06-11T14:22:56.107908Z,4662,DC01.pirate.htb,Microsoft-Windows-Security-Auditing,Security,15827,0,"%%1538
				",0x20000,-,,,,,,,,,,,,,,,0x0,,,,,,,,,,,,,%{5fb121fb-7551-40f6-a8de-26a2bca2b4ad},DS,%{e0fa1e8c-9b45-11d0-afdd-00c04fd930c9},,Object Access,,,,,"%%1538
	{e0fa1e8c-9b45-11d0-afdd-00c04fd930c9}
",,PIRATE,0x395c6,DC01$,S-1-5-18,,,,,,,,,,
2025-06-11T14:22:56.107936Z,4662,DC01.pirate.htb,Microsoft-Windows-Security-Auditing,Security,15828,0,"%%7684
				",0x10,-,,,,,,,,,,,,,,,0x0,,,,,,,,,,,,,%{5fb121fb-7551-40f6-a8de-26a2bca2b4ad},DS,%{e0fa1e8c-9b45-11d0-afdd-00c04fd930c9},,Object Access,,,,,"%%7684
	{e0fa1e8c-9b45-11d0-afdd-00c04fd930c9}
		{e48d0154-bcf8-11d1-8702-00c04fb96050}
			{bf9679e5-0de6-11d0-a285-00aa003049e2}
			{bf9679e7-0de6-11d0-a285-00aa003049e2}
		{771727b1-31b8-4cdf-ae62-4fe39fadf89e}
			{bf967a77-0de6-11d0-a285-00aa003049e2}
			{bf967a70-0de6-11d0-a285-00aa003049e2}
			{bf967a6f-0de6-11d0-a285-00aa003049e2}
			{bf967a78-0de6-11d0-a285-00aa003049e2}
			{e0fa1e69-9b45-11d0-afdd-00c04fd930c9}
			{675a15fe-3b70-11d2-90cc-00c04fd91ab1}
			{aa12854c-d8fc-4d5e-91ca-368b8d829bee}
			{c79f2199-6da1-46ff-923c-1f3f800c721e}
			{7bea2088-8ce2-423c-b191-66ec506b1595}
			{0dc063c1-52d9-4456-9e15-9c2434aafd94}
			{5c5b7ad2-20fa-44bb-beb3-34b9c0f65579}
			{27d93c40-065a-43c0-bdd8-cdf2c7d120aa}
			{ff9e5552-7db7-4138-8888-05ce320a0323}
			{13361665-916c-4de7-a59d-b1ebbd0de129}
			{80b70aab-8959-4ec0-8e93-126e76df3aca}
			{8f4e317f-28d7-442c-a6df-1f491f97b326}
			{29869b7c-64c4-42fe-97d5-fbc2fa124160}
			{03d4c32e-e217-4a61-9699-7bbc4729a026}
			{f6b0f0be-a8e4-4468-8fd9-c3c47b8722f9}
			{3443d8cd-e5b6-4f3b-b098-659a0214a079}
			{b7673e6d-cad9-4e9e-b31a-63e8098fdd63}
			{28c458f5-602d-4ac9-a77c-b3f1be503a7e}
			{285c6964-c11a-499e-96d8-bf7c75a223c6}
			{ba340d47-2181-4ca0-a2f6-fae4479dab2a}
			{aff16770-9622-4fbc-a128-3088777605b9}
			{387d9432-a6d1-4474-82cd-0a89aae084ae}
			{19195a55-6da0-11d0-afd3-00c04fd930c9}
",,PIRATE,0x395c6,DC01$,S-1-5-18,,,,,,,,,,
2025-06-11T14:22:56.109587Z,4662,DC01.pirate.htb,Microsoft-Windows-Security-Auditing,Security,15829,0,"%%7684
				",0x10,-,,,,,,,,,,,,,,,0x0,,,,,,,,,,,,,%{5fb121fb-7551-40f6-a8de-26a2bca2b4ad},DS,%{e0fa1e8c-9b45-11d0-afdd-00c04fd930c9},,Object Access,,,,,"%%7684
		{e48d0154-bcf8-11d1-8702-00c04fb96050}
			{26d97369-6070-11d1-a9c6-0000f80367c1}
	{e0fa1e8c-9b45-11d0-afdd-00c04fd930c9}
",,PIRATE,0x395c6,DC01$,S-1-5-18,,,,,,,,,,
2025-06-11T14:22:56.109592Z,4662,DC01.pirate.htb,Microsoft-Windows-Security-Auditing,Security,15830,0,"%%7682
				",0x4,-,,,,,,,,,,,,,,,0x0,,,,,,,,,,,,,%{afff0694-70ff-4985-9456-bb96e5b03812},DS,%{e0fa1e8b-9b45-11d0-afdd-00c04fd930c9},,Object Access,,,,,"%%7682
	{e0fa1e8b-9b45-11d0-afdd-00c04fd930c9}
",,PIRATE,0x395c6,DC01$,S-1-5-18,,,,,,,,,,
2025-06-11T14:22:56.109594Z,4662,DC01.pirate.htb,Microsoft-Windows-Security-Auditing,Security,15831,0,"%%1538
				",0x20000,-,,,,,,,,,,,,,,,0x0,,,,,,,,,,,,,%{5fb121fb-7551-40f6-a8de-26a2bca2b4ad},DS,%{e0fa1e8c-9b45-11d0-afdd-00c04fd930c9},,Object Access,,,,,"%%1538
	{e0fa1e8c-9b45-11d0-afdd-00c04fd930c9}
",,PIRATE,0x395c6,DC01$,S-1-5-18,,,,,,,,,,
2025-06-11T14:22:56.109598Z,4662,DC01.pirate.htb,Microsoft-Windows-Security-Auditing,Security,15832,0,"%%7684
				",0x10,-,,,,,,,,,,,,,,,0x0,,,,,,,,,,,,,%{5fb121fb-7551-40f6-a8de-26a2bca2b4ad},DS,%{e0fa1e8c-9b45-11d0-afdd-00c04fd930c9},,Object Access,,,,,"%%7684
		{771727b1-31b8-4cdf-ae62-4fe39fadf89e}
			{bf967a77-0de6-11d0-a285-00aa003049e2}
			{e0fa1e69-9b45-11d0-afdd-00c04fd930c9}
	{e0fa1e8c-9b45-11d0-afdd-00c04fd930c9}
",,PIRATE,0x395c6,DC01$,S-1-5-18,,,,,,,,,,
2025-06-11T14:22:56.109798Z,4662,DC01.pirate.htb,Microsoft-Windows-Security-Auditing,Security,15833,0,"%%7685
				",0x20,-,,,,,,,,,,,,,,,0x0,,,,,,,,,,,,,%{5fb121fb-7551-40f6-a8de-26a2bca2b4ad},DS,%{e0fa1e8c-9b45-11d0-afdd-00c04fd930c9},,Object Access,,,,,"%%7685
		{771727b1-31b8-4cdf-ae62-4fe39fadf89e}
			{e0fa1e69-9b45-11d0-afdd-00c04fd930c9}
			{d5eb2eb7-be4e-463b-a214-634a44d7392e}
	{e0fa1e8c-9b45-11d0-afdd-00c04fd930c9}
",,PIRATE,0x464ec,Administrator,S-1-5-21-4107424128-4158083573-1300325248-500,,,,,,,,,,
2025-06-11T14:22:57.397591Z,5136,DC01.pirate.htb,Microsoft-Windows-Security-Auditing,Security,15834,0,,,,,,-,dnsRecord,2.5.5.10,%%14672,,,,,pirate.htb,%%14676,,,,,,,,,,,,,dnsNode,"DC=test1,DC=pirate.htb,cn=MicrosoftDNS,DC=DomainDnsZones,DC=pirate,DC=htb",5FB121FB-7551-40F6-A8DE-26A2BCA2B4AD,,,,1E0031D1-DA68-443A-AD86-1073F920EB80,%%14675,,,,,,,PIRATE,0x464ec,Administrator,S-1-5-21-4107424128-4158083573-1300325248-500,,,,,,,,,,
2025-06-11T14:22:57.397791Z,5136,DC01.pirate.htb,Microsoft-Windows-Security-Auditing,Security,15835,0,,,,,,-,dnsRecord,2.5.5.10,%%14672,,,,,pirate.htb,%%14676,,,,,,,,,,,,,dnsNode,"DC=test1,DC=pirate.htb,cn=MicrosoftDNS,DC=DomainDnsZones,DC=pirate,DC=htb",5FB121FB-7551-40F6-A8DE-26A2BCA2B4AD,,,,1E0031D1-DA68-443A-AD86-1073F920EB80,%%14675,,,,,,,PIRATE,0x464ec,Administrator,S-1-5-21-4107424128-4158083573-1300325248-500,,,,,,,,,,
2025-06-11T14:22:57.397973Z,5136,DC01.pirate.htb,Microsoft-Windows-Security-Auditing,Security,15836,0,,,,,,-,dnsRecord,2.5.5.10,%%14672,,,,,pirate.htb,%%14676,,,,,,,,,,,,,dnsNode,"DC=test1,DC=pirate.htb,cn=MicrosoftDNS,DC=DomainDnsZones,DC=pirate,DC=htb",5FB121FB-7551-40F6-A8DE-26A2BCA2B4AD,,,,1E0031D1-DA68-443A-AD86-1073F920EB80,%%14674,,,,,,,PIRATE,0x464ec,Administrator,S-1-5-21-4107424128-4158083573-1300325248-500,,,,,,,,,,
2025-06-11T14:22:57.398146Z,5136,DC01.pirate.htb,Microsoft-Windows-Security-Auditing,Security,15837,0,,,,,,-,dNSTombstoned,2.5.5.8,TRUE,,,,,pirate.htb,%%14676,,,,,,,,,,,,,dnsNode,"DC=test1,DC=pirate.htb,cn=MicrosoftDNS,DC=DomainDnsZones,DC=pirate,DC=htb",5FB121FB-7551-40F6-A8DE-26A2BCA2B4AD,,,,1E0031D1-DA68-443A-AD86-1073F920EB80,%%14675,,,,,,,PIRATE,0x464ec,Administrator,S-1-5-21-4107424128-4158083573-1300325248-500,,,,,,,,,,
2025-06-11T14:22:57.398289Z,5136,DC01.pirate.htb,Microsoft-Windows-Security-Auditing,Security,15838,0,,,,,,-,dNSTombstoned,2.5.5.8,TRUE,,,,,pirate.htb,%%14676,,,,,,,,,,,,,dnsNode,"DC=test1,DC=pirate.htb,cn=MicrosoftDNS,DC=DomainDnsZones,DC=pirate,DC=htb",5FB121FB-7551-40F6-A8DE-26A2BCA2B4AD,,,,1E0031D1-DA68-443A-AD86-1073F920EB80,%%14674,,,,,,,PIRATE,0x464ec,Administrator,S-1-5-21-4107424128-4158083573-1300325248-500,,,,,,,,,,
2025-06-11T14:23:06.285659Z,4662,DC01.pirate.htb,Microsoft-Windows-Security-Auditing,Security,15839,0,"%%7682
				",0x4,-,,,,,,,,,,,,,,,0x0,,,,,,,,,,,,,%{afff0694-70ff-4985-9456-bb96e5b03812},DS,%{e0fa1e8b-9b45-11d0-afdd-00c04fd930c9},,Object Access,,,,,"%%7682
	{e0fa1e8b-9b45-11d0-afdd-00c04fd930c9}
",,PIRATE,0x464ec,Administrator,S-1-5-21-4107424128-4158083573-1300325248-500,,,,,,,,,,
2025-06-11T14:23:06.285665Z,4662,DC01.pirate.htb,Microsoft-Windows-Security-Auditing,Security,15840,0,"%%7684
				",0x10,-,,,,,,,,,,,,,,,0x0,,,,,,,,,,,,,%{5fb121fb-7551-40f6-a8de-26a2bca2b4ad},DS,%{e0fa1e8c-9b45-11d0-afdd-00c04fd930c9},,Object Access,,,,,"%%7684
		{e48d0154-bcf8-11d1-8702-00c04fb96050}
			{bf9679e7-0de6-11d0-a285-00aa003049e2}
	{e0fa1e8c-9b45-11d0-afdd-00c04fd930c9}
",,PIRATE,0x464ec,Administrator,S-1-5-21-4107424128-4158083573-1300325248-500,,,,,,,,,,
2025-06-11T14:23:06.285669Z,4662,DC01.pirate.htb,Microsoft-Windows-Security-Auditing,Security,15841,0,"%%7684
				",0x10,-,,,,,,,,,,,,,,,0x0,,,,,,,,,,,,,%{5fb121fb-7551-40f6-a8de-26a2bca2b4ad},DS,%{e0fa1e8c-9b45-11d0-afdd-00c04fd930c9},,Object Access,,,,,"%%7684
		{e48d0154-bcf8-11d1-8702-00c04fb96050}
			{bf9679e4-0de6-11d0-a285-00aa003049e2}
	{e0fa1e8c-9b45-11d0-afdd-00c04fd930c9}
",,PIRATE,0x464ec,Administrator,S-1-5-21-4107424128-4158083573-1300325248-500,,,,,,,,,,
2025-06-11T14:23:11.628819Z,4662,DC01.pirate.htb,Microsoft-Windows-Security-Auditing,Security,15842,0,"%%7684
				",0x10,-,,,,,,,,,,,,,,,0x0,,,,,,,,,,,,,%{afff0694-70ff-4985-9456-bb96e5b03812},DS,%{e0fa1e8b-9b45-11d0-afdd-00c04fd930c9},,Object Access,,,,,"%%7684
		{e48d0154-bcf8-11d1-8702-00c04fb96050}
			{26d97369-6070-11d1-a9c6-0000f80367c1}
	{e0fa1e8b-9b45-11d0-afdd-00c04fd930c9}
",,PIRATE,0x395c6,DC01$,S-1-5-18,,,,,,,,,,
2025-06-11T14:23:11.628822Z,4662,DC01.pirate.htb,Microsoft-Windows-Security-Auditing,Security,15843,0,"%%1538
				",0x20000,-,,,,,,,,,,,,,,,0x0,,,,,,,,,,,,,%{afff0694-70ff-4985-9456-bb96e5b03812},DS,%{e0fa1e8b-9b45-11d0-afdd-00c04fd930c9},,Object Access,,,,,"%%1538
	{e0fa1e8b-9b45-11d0-afdd-00c04fd930c9}
",,PIRATE,0x395c6,DC01$,S-1-5-18,,,,,,,,,,
2025-06-11T14:23:11.628857Z,4662,DC01.pirate.htb,Microsoft-Windows-Security-Auditing,Security,15844,0,"%%7684
				",0x10,-,,,,,,,,,,,,,,,0x0,,,,,,,,,,,,,%{afff0694-70ff-4985-9456-bb96e5b03812},DS,%{e0fa1e8b-9b45-11d0-afdd-00c04fd930c9},,Object Access,,,,,"%%7684
	{e0fa1e8b-9b45-11d0-afdd-00c04fd930c9}
		{e48d0154-bcf8-11d1-8702-00c04fb96050}
			{bf9679e5-0de6-11d0-a285-00aa003049e2}
			{bf9679e7-0de6-11d0-a285-00aa003049e2}
		{771727b1-31b8-4cdf-ae62-4fe39fadf89e}
			{bf967a77-0de6-11d0-a285-00aa003049e2}
			{bf967a70-0de6-11d0-a285-00aa003049e2}
			{bf967a6f-0de6-11d0-a285-00aa003049e2}
			{bf967a78-0de6-11d0-a285-00aa003049e2}
			{e0fa1e69-9b45-11d0-afdd-00c04fd930c9}
			{675a15fe-3b70-11d2-90cc-00c04fd91ab1}
			{aa12854c-d8fc-4d5e-91ca-368b8d829bee}
			{c79f2199-6da1-46ff-923c-1f3f800c721e}
			{7bea2088-8ce2-423c-b191-66ec506b1595}
			{0dc063c1-52d9-4456-9e15-9c2434aafd94}
			{5c5b7ad2-20fa-44bb-beb3-34b9c0f65579}
			{27d93c40-065a-43c0-bdd8-cdf2c7d120aa}
			{ff9e5552-7db7-4138-8888-05ce320a0323}
			{13361665-916c-4de7-a59d-b1ebbd0de129}
			{80b70aab-8959-4ec0-8e93-126e76df3aca}
			{8f4e317f-28d7-442c-a6df-1f491f97b326}
			{29869b7c-64c4-42fe-97d5-fbc2fa124160}
			{03d4c32e-e217-4a61-9699-7bbc4729a026}
			{f6b0f0be-a8e4-4468-8fd9-c3c47b8722f9}
			{3443d8cd-e5b6-4f3b-b098-659a0214a079}
			{b7673e6d-cad9-4e9e-b31a-63e8098fdd63}
			{28c458f5-602d-4ac9-a77c-b3f1be503a7e}
			{285c6964-c11a-499e-96d8-bf7c75a223c6}
			{ba340d47-2181-4ca0-a2f6-fae4479dab2a}
			{aff16770-9622-4fbc-a128-3088777605b9}
			{387d9432-a6d1-4474-82cd-0a89aae084ae}
			{19195a55-6da0-11d0-afd3-00c04fd930c9}
",,PIRATE,0x395c6,DC01$,S-1-5-18,,,,,,,,,,
2025-06-11T14:26:11.631552Z,4662,DC01.pirate.htb,Microsoft-Windows-Security-Auditing,Security,15845,0,"%%7684
				",0x10,-,,,,,,,,,,,,,,,0x0,,,,,,,,,,,,,%{afff0694-70ff-4985-9456-bb96e5b03812},DS,%{e0fa1e8b-9b45-11d0-afdd-00c04fd930c9},,Object Access,,,,,"%%7684
		{e48d0154-bcf8-11d1-8702-00c04fb96050}
			{26d97369-6070-11d1-a9c6-0000f80367c1}
	{e0fa1e8b-9b45-11d0-afdd-00c04fd930c9}
",,PIRATE,0x395c6,DC01$,S-1-5-18,,,,,,,,,,
2025-06-11T14:26:11.631556Z,4662,DC01.pirate.htb,Microsoft-Windows-Security-Auditing,Security,15846,0,"%%1538
				",0x20000,-,,,,,,,,,,,,,,,0x0,,,,,,,,,,,,,%{afff0694-70ff-4985-9456-bb96e5b03812},DS,%{e0fa1e8b-9b45-11d0-afdd-00c04fd930c9},,Object Access,,,,,"%%1538
	{e0fa1e8b-9b45-11d0-afdd-00c04fd930c9}
",,PIRATE,0x395c6,DC01$,S-1-5-18,,,,,,,,,,
2025-06-11T14:26:11.631589Z,4662,DC01.pirate.htb,Microsoft-Windows-Security-Auditing,Security,15847,0,"%%7684
				",0x10,-,,,,,,,,,,,,,,,0x0,,,,,,,,,,,,,%{afff0694-70ff-4985-9456-bb96e5b03812},DS,%{e0fa1e8b-9b45-11d0-afdd-00c04fd930c9},,Object Access,,,,,"%%7684
	{e0fa1e8b-9b45-11d0-afdd-00c04fd930c9}
		{e48d0154-bcf8-11d1-8702-00c04fb96050}
			{bf9679e5-0de6-11d0-a285-00aa003049e2}
			{bf9679e7-0de6-11d0-a285-00aa003049e2}
		{771727b1-31b8-4cdf-ae62-4fe39fadf89e}
			{bf967a77-0de6-11d0-a285-00aa003049e2}
			{bf967a70-0de6-11d0-a285-00aa003049e2}
			{bf967a6f-0de6-11d0-a285-00aa003049e2}
			{bf967a78-0de6-11d0-a285-00aa003049e2}
			{e0fa1e69-9b45-11d0-afdd-00c04fd930c9}
			{675a15fe-3b70-11d2-90cc-00c04fd91ab1}
			{aa12854c-d8fc-4d5e-91ca-368b8d829bee}
			{c79f2199-6da1-46ff-923c-1f3f800c721e}
			{7bea2088-8ce2-423c-b191-66ec506b1595}
			{0dc063c1-52d9-4456-9e15-9c2434aafd94}
			{5c5b7ad2-20fa-44bb-beb3-34b9c0f65579}
			{27d93c40-065a-43c0-bdd8-cdf2c7d120aa}
			{ff9e5552-7db7-4138-8888-05ce320a0323}
			{13361665-916c-4de7-a59d-b1ebbd0de129}
			{80b70aab-8959-4ec0-8e93-126e76df3aca}
			{8f4e317f-28d7-442c-a6df-1f491f97b326}
			{29869b7c-64c4-42fe-97d5-fbc2fa124160}
			{03d4c32e-e217-4a61-9699-7bbc4729a026}
			{f6b0f0be-a8e4-4468-8fd9-c3c47b8722f9}
			{3443d8cd-e5b6-4f3b-b098-659a0214a079}
			{b7673e6d-cad9-4e9e-b31a-63e8098fdd63}
			{28c458f5-602d-4ac9-a77c-b3f1be503a7e}
			{285c6964-c11a-499e-96d8-bf7c75a223c6}
			{ba340d47-2181-4ca0-a2f6-fae4479dab2a}
			{aff16770-9622-4fbc-a128-3088777605b9}
			{387d9432-a6d1-4474-82cd-0a89aae084ae}
			{19195a55-6da0-11d0-afd3-00c04fd930c9}
",,PIRATE,0x395c6,DC01$,S-1-5-18,,,,,,,,,,
2025-06-11T14:26:11.633056Z,4662,DC01.pirate.htb,Microsoft-Windows-Security-Auditing,Security,15848,0,"%%7684
				",0x10,-,,,,,,,,,,,,,,,0x0,,,,,,,,,,,,,%{afff0694-70ff-4985-9456-bb96e5b03812},DS,%{e0fa1e8b-9b45-11d0-afdd-00c04fd930c9},,Object Access,,,,,"%%7684
		{e48d0154-bcf8-11d1-8702-00c04fb96050}
			{26d97369-6070-11d1-a9c6-0000f80367c1}
	{e0fa1e8b-9b45-11d0-afdd-00c04fd930c9}
",,PIRATE,0x395c6,DC01$,S-1-5-18,,,,,,,,,,
2025-06-11T14:26:11.633059Z,4662,DC01.pirate.htb,Microsoft-Windows-Security-Auditing,Security,15849,0,"%%1538
				",0x20000,-,,,,,,,,,,,,,,,0x0,,,,,,,,,,,,,%{afff0694-70ff-4985-9456-bb96e5b03812},DS,%{e0fa1e8b-9b45-11d0-afdd-00c04fd930c9},,Object Access,,,,,"%%1538
	{e0fa1e8b-9b45-11d0-afdd-00c04fd930c9}
",,PIRATE,0x395c6,DC01$,S-1-5-18,,,,,,,,,,
2025-06-11T14:26:11.633089Z,4662,DC01.pirate.htb,Microsoft-Windows-Security-Auditing,Security,15850,0,"%%7684
				",0x10,-,,,,,,,,,,,,,,,0x0,,,,,,,,,,,,,%{afff0694-70ff-4985-9456-bb96e5b03812},DS,%{e0fa1e8b-9b45-11d0-afdd-00c04fd930c9},,Object Access,,,,,"%%7684
	{e0fa1e8b-9b45-11d0-afdd-00c04fd930c9}
		{e48d0154-bcf8-11d1-8702-00c04fb96050}
			{bf9679e5-0de6-11d0-a285-00aa003049e2}
			{bf9679e7-0de6-11d0-a285-00aa003049e2}
		{771727b1-31b8-4cdf-ae62-4fe39fadf89e}
			{bf967a77-0de6-11d0-a285-00aa003049e2}
			{bf967a70-0de6-11d0-a285-00aa003049e2}
			{bf967a6f-0de6-11d0-a285-00aa003049e2}
			{bf967a78-0de6-11d0-a285-00aa003049e2}
			{e0fa1e69-9b45-11d0-afdd-00c04fd930c9}
			{675a15fe-3b70-11d2-90cc-00c04fd91ab1}
			{aa12854c-d8fc-4d5e-91ca-368b8d829bee}
			{c79f2199-6da1-46ff-923c-1f3f800c721e}
			{7bea2088-8ce2-423c-b191-66ec506b1595}
			{0dc063c1-52d9-4456-9e15-9c2434aafd94}
			{5c5b7ad2-20fa-44bb-beb3-34b9c0f65579}
			{27d93c40-065a-43c0-bdd8-cdf2c7d120aa}
			{ff9e5552-7db7-4138-8888-05ce320a0323}
			{13361665-916c-4de7-a59d-b1ebbd0de129}
			{80b70aab-8959-4ec0-8e93-126e76df3aca}
			{8f4e317f-28d7-442c-a6df-1f491f97b326}
			{29869b7c-64c4-42fe-97d5-fbc2fa124160}
			{03d4c32e-e217-4a61-9699-7bbc4729a026}
			{f6b0f0be-a8e4-4468-8fd9-c3c47b8722f9}
			{3443d8cd-e5b6-4f3b-b098-659a0214a079}
			{b7673e6d-cad9-4e9e-b31a-63e8098fdd63}
			{28c458f5-602d-4ac9-a77c-b3f1be503a7e}
			{285c6964-c11a-499e-96d8-bf7c75a223c6}
			{ba340d47-2181-4ca0-a2f6-fae4479dab2a}
			{aff16770-9622-4fbc-a128-3088777605b9}
			{387d9432-a6d1-4474-82cd-0a89aae084ae}
			{19195a55-6da0-11d0-afd3-00c04fd930c9}
",,PIRATE,0x395c6,DC01$,S-1-5-18,,,,,,,,,,
2025-06-11T14:26:11.633338Z,4662,DC01.pirate.htb,Microsoft-Windows-Security-Auditing,Security,15851,0,"%%7684
				",0x10,-,,,,,,,,,,,,,,,0x0,,,,,,,,,,,,,%{5fb121fb-7551-40f6-a8de-26a2bca2b4ad},DS,%{e0fa1e8c-9b45-11d0-afdd-00c04fd930c9},,Object Access,,,,,"%%7684
		{e48d0154-bcf8-11d1-8702-00c04fb96050}
			{26d97369-6070-11d1-a9c6-0000f80367c1}
		{771727b1-31b8-4cdf-ae62-4fe39fadf89e}
			{bf967a6f-0de6-11d0-a285-00aa003049e2}
	{e0fa1e8c-9b45-11d0-afdd-00c04fd930c9}
",,PIRATE,0x395c6,DC01$,S-1-5-18,,,,,,,,,,
2025-06-11T14:26:11.633341Z,4662,DC01.pirate.htb,Microsoft-Windows-Security-Auditing,Security,15852,0,"%%7682
				",0x4,-,,,,,,,,,,,,,,,0x0,,,,,,,,,,,,,%{afff0694-70ff-4985-9456-bb96e5b03812},DS,%{e0fa1e8b-9b45-11d0-afdd-00c04fd930c9},,Object Access,,,,,"%%7682
	{e0fa1e8b-9b45-11d0-afdd-00c04fd930c9}
",,PIRATE,0x395c6,DC01$,S-1-5-18,,,,,,,,,,
2025-06-11T14:26:11.633344Z,4662,DC01.pirate.htb,Microsoft-Windows-Security-Auditing,Security,15853,0,"%%1538
				%%1542
				",0x1020000,-,,,,,,,,,,,,,,,0x0,,,,,,,,,,,,,%{5fb121fb-7551-40f6-a8de-26a2bca2b4ad},DS,%{e0fa1e8c-9b45-11d0-afdd-00c04fd930c9},,Object Access,,,,,"%%1538
%%1542
	{e0fa1e8c-9b45-11d0-afdd-00c04fd930c9}
",,PIRATE,0x395c6,DC01$,S-1-5-18,,,,,,,,,,
2025-06-11T14:26:11.633372Z,4662,DC01.pirate.htb,Microsoft-Windows-Security-Auditing,Security,15854,0,"%%7684
				",0x10,-,,,,,,,,,,,,,,,0x0,,,,,,,,,,,,,%{5fb121fb-7551-40f6-a8de-26a2bca2b4ad},DS,%{e0fa1e8c-9b45-11d0-afdd-00c04fd930c9},,Object Access,,,,,"%%7684
	{e0fa1e8c-9b45-11d0-afdd-00c04fd930c9}
		{e48d0154-bcf8-11d1-8702-00c04fb96050}
			{bf9679e5-0de6-11d0-a285-00aa003049e2}
			{bf9679e7-0de6-11d0-a285-00aa003049e2}
		{771727b1-31b8-4cdf-ae62-4fe39fadf89e}
			{bf967a77-0de6-11d0-a285-00aa003049e2}
			{bf967a70-0de6-11d0-a285-00aa003049e2}
			{bf967a6f-0de6-11d0-a285-00aa003049e2}
			{bf967a78-0de6-11d0-a285-00aa003049e2}
			{e0fa1e69-9b45-11d0-afdd-00c04fd930c9}
			{675a15fe-3b70-11d2-90cc-00c04fd91ab1}
			{aa12854c-d8fc-4d5e-91ca-368b8d829bee}
			{c79f2199-6da1-46ff-923c-1f3f800c721e}
			{7bea2088-8ce2-423c-b191-66ec506b1595}
			{0dc063c1-52d9-4456-9e15-9c2434aafd94}
			{5c5b7ad2-20fa-44bb-beb3-34b9c0f65579}
			{27d93c40-065a-43c0-bdd8-cdf2c7d120aa}
			{ff9e5552-7db7-4138-8888-05ce320a0323}
			{13361665-916c-4de7-a59d-b1ebbd0de129}
			{80b70aab-8959-4ec0-8e93-126e76df3aca}
			{8f4e317f-28d7-442c-a6df-1f491f97b326}
			{29869b7c-64c4-42fe-97d5-fbc2fa124160}
			{03d4c32e-e217-4a61-9699-7bbc4729a026}
			{f6b0f0be-a8e4-4468-8fd9-c3c47b8722f9}
			{3443d8cd-e5b6-4f3b-b098-659a0214a079}
			{b7673e6d-cad9-4e9e-b31a-63e8098fdd63}
			{28c458f5-602d-4ac9-a77c-b3f1be503a7e}
			{285c6964-c11a-499e-96d8-bf7c75a223c6}
			{ba340d47-2181-4ca0-a2f6-fae4479dab2a}
			{aff16770-9622-4fbc-a128-3088777605b9}
			{387d9432-a6d1-4474-82cd-0a89aae084ae}
			{19195a55-6da0-11d0-afd3-00c04fd930c9}
",,PIRATE,0x395c6,DC01$,S-1-5-18,,,,,,,,,,
