2025-06-11T17:07:14.218143Z,4662,DC01.pirate.htb,Microsoft-Windows-Security-Auditing,Security,16068,0,"%%7684
				",0x10,-,,,,,,,,,,,,,,,0x0,,,,,,,,,,,,,%{afff0694-70ff-4985-9456-bb96e5b03812},DS,%{e0fa1e8b-9b45-11d0-afdd-00c04fd930c9},,Object Access,,,,,"%%7684
	{e0fa1e8b-9b45-11d0-afdd-00c04fd930c9}
		{e48d0154-bcf8-11d1-8702-00c04fb96050}
			{bf9679e5-0de6-11d0-a285-00aa003049e2}
			{bf9679e7-0de6-11d0-a285-00aa003049e2}
		{771727b1-31b8-4cdf-ae62-4fe39fadf89e}
			{bf967a77-0de6-11d0-a285-00aa003049e2}
			{bf967a70-0de6-11d0-a285-00aa003049e2}
			{bf967a6f-0de6-11d0-a285-00aa003049e2}
			{bf967a78-0de6-11d0-a285-00aa003049e2}
			{e0fa1e69-9b45-11d0-afdd-00c04fd930c9}
			{675a15fe-3b70-11d2-90cc-00c04fd91ab1}
			{aa12854c-d8fc-4d5e-91ca-368b8d829bee}
			{c79f2199-6da1-46ff-923c-1f3f800c721e}
			{7bea2088-8ce2-423c-b191-66ec506b1595}
			{0dc063c1-52d9-4456-9e15-9c2434aafd94}
			{5c5b7ad2-20fa-44bb-beb3-34b9c0f65579}
			{27d93c40-065a-43c0-bdd8-cdf2c7d120aa}
			{ff9e5552-7db7-4138-8888-05ce320a0323}
			{13361665-916c-4de7-a59d-b1ebbd0de129}
			{80b70aab-8959-4ec0-8e93-126e76df3aca}
			{8f4e317f-28d7-442c-a6df-1f491f97b326}
			{29869b7c-64c4-42fe-97d5-fbc2fa124160}
			{03d4c32e-e217-4a61-9699-7bbc4729a026}
			{f6b0f0be-a8e4-4468-8fd9-c3c47b8722f9}
			{3443d8cd-e5b6-4f3b-b098-659a0214a079}
			{b7673e6d-cad9-4e9e-b31a-63e8098fdd63}
			{28c458f5-602d-4ac9-a77c-b3f1be503a7e}
			{285c6964-c11a-499e-96d8-bf7c75a223c6}
			{ba340d47-2181-4ca0-a2f6-fae4479dab2a}
			{aff16770-9622-4fbc-a128-3088777605b9}
			{387d9432-a6d1-4474-82cd-0a89aae084ae}
			{19195a55-6da0-11d0-afd3-00c04fd930c9}
",,PIRATE,0x395c6,DC01$,S-1-5-18,,,,,,,,,,
2025-06-11T17:10:14.242926Z,4662,DC01.pirate.htb,Microsoft-Windows-Security-Auditing,Security,16069,0,"%%7684
				",0x10,-,,,,,,,,,,,,,,,0x0,,,,,,,,,,,,,%{afff0694-70ff-4985-9456-bb96e5b03812},DS,%{e0fa1e8b-9b45-11d0-afdd-00c04fd930c9},,Object Access,,,,,"%%7684
		{e48d0154-bcf8-11d1-8702-00c04fb96050}
			{26d97369-6070-11d1-a9c6-0000f80367c1}
	{e0fa1e8b-9b45-11d0-afdd-00c04fd930c9}
",,PIRATE,0x395c6,DC01$,S-1-5-18,,,,,,,,,,
2025-06-11T17:10:14.242930Z,4662,DC01.pirate.htb,Microsoft-Windows-Security-Auditing,Security,16070,0,"%%1538
				",0x20000,-,,,,,,,,,,,,,,,0x0,,,,,,,,,,,,,%{afff0694-70ff-4985-9456-bb96e5b03812},DS,%{e0fa1e8b-9b45-11d0-afdd-00c04fd930c9},,Object Access,,,,,"%%1538
	{e0fa1e8b-9b45-11d0-afdd-00c04fd930c9}
",,PIRATE,0x395c6,DC01$,S-1-5-18,,,,,,,,,,
2025-06-11T17:10:14.242958Z,4662,DC01.pirate.htb,Microsoft-Windows-Security-Auditing,Security,16071,0,"%%7684
				",0x10,-,,,,,,,,,,,,,,,0x0,,,,,,,,,,,,,%{afff0694-70ff-4985-9456-bb96e5b03812},DS,%{e0fa1e8b-9b45-11d0-afdd-00c04fd930c9},,Object Access,,,,,"%%7684
	{e0fa1e8b-9b45-11d0-afdd-00c04fd930c9}
		{e48d0154-bcf8-11d1-8702-00c04fb96050}
			{bf9679e5-0de6-11d0-a285-00aa003049e2}
			{bf9679e7-0de6-11d0-a285-00aa003049e2}
		{771727b1-31b8-4cdf-ae62-4fe39fadf89e}
			{bf967a77-0de6-11d0-a285-00aa003049e2}
			{bf967a70-0de6-11d0-a285-00aa003049e2}
			{bf967a6f-0de6-11d0-a285-00aa003049e2}
			{bf967a78-0de6-11d0-a285-00aa003049e2}
			{e0fa1e69-9b45-11d0-afdd-00c04fd930c9}
			{675a15fe-3b70-11d2-90cc-00c04fd91ab1}
			{aa12854c-d8fc-4d5e-91ca-368b8d829bee}
			{c79f2199-6da1-46ff-923c-1f3f800c721e}
			{7bea2088-8ce2-423c-b191-66ec506b1595}
			{0dc063c1-52d9-4456-9e15-9c2434aafd94}
			{5c5b7ad2-20fa-44bb-beb3-34b9c0f65579}
			{27d93c40-065a-43c0-bdd8-cdf2c7d120aa}
			{ff9e5552-7db7-4138-8888-05ce320a0323}
			{13361665-916c-4de7-a59d-b1ebbd0de129}
			{80b70aab-8959-4ec0-8e93-126e76df3aca}
			{8f4e317f-28d7-442c-a6df-1f491f97b326}
			{29869b7c-64c4-42fe-97d5-fbc2fa124160}
			{03d4c32e-e217-4a61-9699-7bbc4729a026}
			{f6b0f0be-a8e4-4468-8fd9-c3c47b8722f9}
			{3443d8cd-e5b6-4f3b-b098-659a0214a079}
			{b7673e6d-cad9-4e9e-b31a-63e8098fdd63}
			{28c458f5-602d-4ac9-a77c-b3f1be503a7e}
			{285c6964-c11a-499e-96d8-bf7c75a223c6}
			{ba340d47-2181-4ca0-a2f6-fae4479dab2a}
			{aff16770-9622-4fbc-a128-3088777605b9}
			{387d9432-a6d1-4474-82cd-0a89aae084ae}
			{19195a55-6da0-11d0-afd3-00c04fd930c9}
",,PIRATE,0x395c6,DC01$,S-1-5-18,,,,,,,,,,
2025-06-11T17:10:14.244299Z,4662,DC01.pirate.htb,Microsoft-Windows-Security-Auditing,Security,16072,0,"%%7684
				",0x10,-,,,,,,,,,,,,,,,0x0,,,,,,,,,,,,,%{afff0694-70ff-4985-9456-bb96e5b03812},DS,%{e0fa1e8b-9b45-11d0-afdd-00c04fd930c9},,Object Access,,,,,"%%7684
		{e48d0154-bcf8-11d1-8702-00c04fb96050}
			{26d97369-6070-11d1-a9c6-0000f80367c1}
	{e0fa1e8b-9b45-11d0-afdd-00c04fd930c9}
",,PIRATE,0x395c6,DC01$,S-1-5-18,,,,,,,,,,
2025-06-11T17:10:14.244302Z,4662,DC01.pirate.htb,Microsoft-Windows-Security-Auditing,Security,16073,0,"%%1538
				",0x20000,-,,,,,,,,,,,,,,,0x0,,,,,,,,,,,,,%{afff0694-70ff-4985-9456-bb96e5b03812},DS,%{e0fa1e8b-9b45-11d0-afdd-00c04fd930c9},,Object Access,,,,,"%%1538
	{e0fa1e8b-9b45-11d0-afdd-00c04fd930c9}
",,PIRATE,0x395c6,DC01$,S-1-5-18,,,,,,,,,,
2025-06-11T17:10:14.244329Z,4662,DC01.pirate.htb,Microsoft-Windows-Security-Auditing,Security,16074,0,"%%7684
				",0x10,-,,,,,,,,,,,,,,,0x0,,,,,,,,,,,,,%{afff0694-70ff-4985-9456-bb96e5b03812},DS,%{e0fa1e8b-9b45-11d0-afdd-00c04fd930c9},,Object Access,,,,,"%%7684
	{e0fa1e8b-9b45-11d0-afdd-00c04fd930c9}
		{e48d0154-bcf8-11d1-8702-00c04fb96050}
			{bf9679e5-0de6-11d0-a285-00aa003049e2}
			{bf9679e7-0de6-11d0-a285-00aa003049e2}
		{771727b1-31b8-4cdf-ae62-4fe39fadf89e}
			{bf967a77-0de6-11d0-a285-00aa003049e2}
			{bf967a70-0de6-11d0-a285-00aa003049e2}
			{bf967a6f-0de6-11d0-a285-00aa003049e2}
			{bf967a78-0de6-11d0-a285-00aa003049e2}
			{e0fa1e69-9b45-11d0-afdd-00c04fd930c9}
			{675a15fe-3b70-11d2-90cc-00c04fd91ab1}
			{aa12854c-d8fc-4d5e-91ca-368b8d829bee}
			{c79f2199-6da1-46ff-923c-1f3f800c721e}
			{7bea2088-8ce2-423c-b191-66ec506b1595}
			{0dc063c1-52d9-4456-9e15-9c2434aafd94}
			{5c5b7ad2-20fa-44bb-beb3-34b9c0f65579}
			{27d93c40-065a-43c0-bdd8-cdf2c7d120aa}
			{ff9e5552-7db7-4138-8888-05ce320a0323}
			{13361665-916c-4de7-a59d-b1ebbd0de129}
			{80b70aab-8959-4ec0-8e93-126e76df3aca}
			{8f4e317f-28d7-442c-a6df-1f491f97b326}
			{29869b7c-64c4-42fe-97d5-fbc2fa124160}
			{03d4c32e-e217-4a61-9699-7bbc4729a026}
			{f6b0f0be-a8e4-4468-8fd9-c3c47b8722f9}
			{3443d8cd-e5b6-4f3b-b098-659a0214a079}
			{b7673e6d-cad9-4e9e-b31a-63e8098fdd63}
			{28c458f5-602d-4ac9-a77c-b3f1be503a7e}
			{285c6964-c11a-499e-96d8-bf7c75a223c6}
			{ba340d47-2181-4ca0-a2f6-fae4479dab2a}
			{aff16770-9622-4fbc-a128-3088777605b9}
			{387d9432-a6d1-4474-82cd-0a89aae084ae}
			{19195a55-6da0-11d0-afd3-00c04fd930c9}
",,PIRATE,0x395c6,DC01$,S-1-5-18,,,,,,,,,,
2025-06-11T17:10:34.764548Z,4662,DC01.pirate.htb,Microsoft-Windows-Security-Auditing,Security,16075,0,"%%7684
				",0x10,-,,,,,,,,,,,,,,,0x0,,,,,,,,,,,,,%{aff6283f-b417-4237-bc64-56914d112ba3},DS,%{e0fa1e8c-9b45-11d0-afdd-00c04fd930c9},,Object Access,,,,,"%%7684
		{e48d0154-bcf8-11d1-8702-00c04fb96050}
			{bf9679e5-0de6-11d0-a285-00aa003049e2}
	{e0fa1e8c-9b45-11d0-afdd-00c04fd930c9}
",,PIRATE,0x395c6,DC01$,S-1-5-18,,,,,,,,,,
2025-06-11T17:10:34.764551Z,4662,DC01.pirate.htb,Microsoft-Windows-Security-Auditing,Security,16076,0,"%%7682
				",0x4,-,,,,,,,,,,,,,,,0x0,,,,,,,,,,,,,%{afff0694-70ff-4985-9456-bb96e5b03812},DS,%{e0fa1e8b-9b45-11d0-afdd-00c04fd930c9},,Object Access,,,,,"%%7682
	{e0fa1e8b-9b45-11d0-afdd-00c04fd930c9}
",,PIRATE,0x395c6,DC01$,S-1-5-18,,,,,,,,,,
2025-06-11T17:10:34.764554Z,4662,DC01.pirate.htb,Microsoft-Windows-Security-Auditing,Security,16077,0,"%%1538
				",0x20000,-,,,,,,,,,,,,,,,0x0,,,,,,,,,,,,,%{aff6283f-b417-4237-bc64-56914d112ba3},DS,%{e0fa1e8c-9b45-11d0-afdd-00c04fd930c9},,Object Access,,,,,"%%1538
	{e0fa1e8c-9b45-11d0-afdd-00c04fd930c9}
",,PIRATE,0x395c6,DC01$,S-1-5-18,,,,,,,,,,
2025-06-11T17:10:34.764581Z,4662,DC01.pirate.htb,Microsoft-Windows-Security-Auditing,Security,16078,0,"%%7684
				",0x10,-,,,,,,,,,,,,,,,0x0,,,,,,,,,,,,,%{aff6283f-b417-4237-bc64-56914d112ba3},DS,%{e0fa1e8c-9b45-11d0-afdd-00c04fd930c9},,Object Access,,,,,"%%7684
	{e0fa1e8c-9b45-11d0-afdd-00c04fd930c9}
		{e48d0154-bcf8-11d1-8702-00c04fb96050}
			{bf9679e5-0de6-11d0-a285-00aa003049e2}
			{bf9679e7-0de6-11d0-a285-00aa003049e2}
		{771727b1-31b8-4cdf-ae62-4fe39fadf89e}
			{bf967a77-0de6-11d0-a285-00aa003049e2}
			{bf967a70-0de6-11d0-a285-00aa003049e2}
			{bf967a6f-0de6-11d0-a285-00aa003049e2}
			{bf967a78-0de6-11d0-a285-00aa003049e2}
			{e0fa1e69-9b45-11d0-afdd-00c04fd930c9}
			{675a15fe-3b70-11d2-90cc-00c04fd91ab1}
			{aa12854c-d8fc-4d5e-91ca-368b8d829bee}
			{c79f2199-6da1-46ff-923c-1f3f800c721e}
			{7bea2088-8ce2-423c-b191-66ec506b1595}
			{0dc063c1-52d9-4456-9e15-9c2434aafd94}
			{5c5b7ad2-20fa-44bb-beb3-34b9c0f65579}
			{27d93c40-065a-43c0-bdd8-cdf2c7d120aa}
			{ff9e5552-7db7-4138-8888-05ce320a0323}
			{13361665-916c-4de7-a59d-b1ebbd0de129}
			{80b70aab-8959-4ec0-8e93-126e76df3aca}
			{8f4e317f-28d7-442c-a6df-1f491f97b326}
			{29869b7c-64c4-42fe-97d5-fbc2fa124160}
			{03d4c32e-e217-4a61-9699-7bbc4729a026}
			{f6b0f0be-a8e4-4468-8fd9-c3c47b8722f9}
			{3443d8cd-e5b6-4f3b-b098-659a0214a079}
			{b7673e6d-cad9-4e9e-b31a-63e8098fdd63}
			{28c458f5-602d-4ac9-a77c-b3f1be503a7e}
			{285c6964-c11a-499e-96d8-bf7c75a223c6}
			{ba340d47-2181-4ca0-a2f6-fae4479dab2a}
			{aff16770-9622-4fbc-a128-3088777605b9}
			{387d9432-a6d1-4474-82cd-0a89aae084ae}
			{19195a55-6da0-11d0-afd3-00c04fd930c9}
",,PIRATE,0x395c6,DC01$,S-1-5-18,,,,,,,,,,
2025-06-11T17:10:34.764752Z,4662,DC01.pirate.htb,Microsoft-Windows-Security-Auditing,Security,16079,0,"%%7684
				",0x10,-,,,,,,,,,,,,,,,0x0,,,,,,,,,,,,,%{469bd39f-3e90-4f1a-b47e-0432e347ae56},DS,%{e0fa1e8c-9b45-11d0-afdd-00c04fd930c9},,Object Access,,,,,"%%7684
		{e48d0154-bcf8-11d1-8702-00c04fb96050}
			{bf9679e5-0de6-11d0-a285-00aa003049e2}
	{e0fa1e8c-9b45-11d0-afdd-00c04fd930c9}
",,PIRATE,0x395c6,DC01$,S-1-5-18,,,,,,,,,,
2025-06-11T17:10:34.764755Z,4662,DC01.pirate.htb,Microsoft-Windows-Security-Auditing,Security,16080,0,"%%7682
				",0x4,-,,,,,,,,,,,,,,,0x0,,,,,,,,,,,,,%{afff0694-70ff-4985-9456-bb96e5b03812},DS,%{e0fa1e8b-9b45-11d0-afdd-00c04fd930c9},,Object Access,,,,,"%%7682
	{e0fa1e8b-9b45-11d0-afdd-00c04fd930c9}
",,PIRATE,0x395c6,DC01$,S-1-5-18,,,,,,,,,,
2025-06-11T17:10:34.764757Z,4662,DC01.pirate.htb,Microsoft-Windows-Security-Auditing,Security,16081,0,"%%1538
				",0x20000,-,,,,,,,,,,,,,,,0x0,,,,,,,,,,,,,%{469bd39f-3e90-4f1a-b47e-0432e347ae56},DS,%{e0fa1e8c-9b45-11d0-afdd-00c04fd930c9},,Object Access,,,,,"%%1538
	{e0fa1e8c-9b45-11d0-afdd-00c04fd930c9}
",,PIRATE,0x395c6,DC01$,S-1-5-18,,,,,,,,,,
2025-06-11T17:10:34.764782Z,4662,DC01.pirate.htb,Microsoft-Windows-Security-Auditing,Security,16082,0,"%%7684
				",0x10,-,,,,,,,,,,,,,,,0x0,,,,,,,,,,,,,%{469bd39f-3e90-4f1a-b47e-0432e347ae56},DS,%{e0fa1e8c-9b45-11d0-afdd-00c04fd930c9},,Object Access,,,,,"%%7684
	{e0fa1e8c-9b45-11d0-afdd-00c04fd930c9}
		{e48d0154-bcf8-11d1-8702-00c04fb96050}
			{bf9679e5-0de6-11d0-a285-00aa003049e2}
			{bf9679e7-0de6-11d0-a285-00aa003049e2}
		{771727b1-31b8-4cdf-ae62-4fe39fadf89e}
			{bf967a77-0de6-11d0-a285-00aa003049e2}
			{bf967a70-0de6-11d0-a285-00aa003049e2}
			{bf967a6f-0de6-11d0-a285-00aa003049e2}
			{bf967a78-0de6-11d0-a285-00aa003049e2}
			{e0fa1e69-9b45-11d0-afdd-00c04fd930c9}
			{675a15fe-3b70-11d2-90cc-00c04fd91ab1}
			{aa12854c-d8fc-4d5e-91ca-368b8d829bee}
			{c79f2199-6da1-46ff-923c-1f3f800c721e}
			{7bea2088-8ce2-423c-b191-66ec506b1595}
			{0dc063c1-52d9-4456-9e15-9c2434aafd94}
			{5c5b7ad2-20fa-44bb-beb3-34b9c0f65579}
			{27d93c40-065a-43c0-bdd8-cdf2c7d120aa}
			{ff9e5552-7db7-4138-8888-05ce320a0323}
			{13361665-916c-4de7-a59d-b1ebbd0de129}
			{80b70aab-8959-4ec0-8e93-126e76df3aca}
			{8f4e317f-28d7-442c-a6df-1f491f97b326}
			{29869b7c-64c4-42fe-97d5-fbc2fa124160}
			{03d4c32e-e217-4a61-9699-7bbc4729a026}
			{f6b0f0be-a8e4-4468-8fd9-c3c47b8722f9}
			{3443d8cd-e5b6-4f3b-b098-659a0214a079}
			{b7673e6d-cad9-4e9e-b31a-63e8098fdd63}
			{28c458f5-602d-4ac9-a77c-b3f1be503a7e}
			{285c6964-c11a-499e-96d8-bf7c75a223c6}
			{ba340d47-2181-4ca0-a2f6-fae4479dab2a}
			{aff16770-9622-4fbc-a128-3088777605b9}
			{387d9432-a6d1-4474-82cd-0a89aae084ae}
			{19195a55-6da0-11d0-afd3-00c04fd930c9}
",,PIRATE,0x395c6,DC01$,S-1-5-18,,,,,,,,,,
2025-06-11T17:10:34.765072Z,4662,DC01.pirate.htb,Microsoft-Windows-Security-Auditing,Security,16083,0,"%%7685
				",0x20,-,,,,,,,,,,,,,,,0x0,,,,,,,,,,,,,%{aff6283f-b417-4237-bc64-56914d112ba3},DS,%{e0fa1e8c-9b45-11d0-afdd-00c04fd930c9},,Object Access,,,,,"%%7685
		{771727b1-31b8-4cdf-ae62-4fe39fadf89e}
			{e0fa1e69-9b45-11d0-afdd-00c04fd930c9}
			{d5eb2eb7-be4e-463b-a214-634a44d7392e}
	{e0fa1e8c-9b45-11d0-afdd-00c04fd930c9}
",,PIRATE,0x395c6,DC01$,S-1-5-18,,,,,,,,,,
2025-06-11T17:10:34.767385Z,4662,DC01.pirate.htb,Microsoft-Windows-Security-Auditing,Security,16084,0,"%%7684
				",0x10,-,,,,,,,,,,,,,,,0x0,,,,,,,,,,,,,%{aff6283f-b417-4237-bc64-56914d112ba3},DS,%{e0fa1e8c-9b45-11d0-afdd-00c04fd930c9},,Object Access,,,,,"%%7684
		{e48d0154-bcf8-11d1-8702-00c04fb96050}
			{bf9679e5-0de6-11d0-a285-00aa003049e2}
	{e0fa1e8c-9b45-11d0-afdd-00c04fd930c9}
",,PIRATE,0x395c6,DC01$,S-1-5-18,,,,,,,,,,
2025-06-11T17:10:34.767388Z,4662,DC01.pirate.htb,Microsoft-Windows-Security-Auditing,Security,16085,0,"%%7682
				",0x4,-,,,,,,,,,,,,,,,0x0,,,,,,,,,,,,,%{afff0694-70ff-4985-9456-bb96e5b03812},DS,%{e0fa1e8b-9b45-11d0-afdd-00c04fd930c9},,Object Access,,,,,"%%7682
	{e0fa1e8b-9b45-11d0-afdd-00c04fd930c9}
",,PIRATE,0x395c6,DC01$,S-1-5-18,,,,,,,,,,
2025-06-11T17:10:34.767390Z,4662,DC01.pirate.htb,Microsoft-Windows-Security-Auditing,Security,16086,0,"%%1538
				",0x20000,-,,,,,,,,,,,,,,,0x0,,,,,,,,,,,,,%{aff6283f-b417-4237-bc64-56914d112ba3},DS,%{e0fa1e8c-9b45-11d0-afdd-00c04fd930c9},,Object Access,,,,,"%%1538
	{e0fa1e8c-9b45-11d0-afdd-00c04fd930c9}
",,PIRATE,0x395c6,DC01$,S-1-5-18,,,,,,,,,,
2025-06-11T17:10:34.767416Z,4662,DC01.pirate.htb,Microsoft-Windows-Security-Auditing,Security,16087,0,"%%7684
				",0x10,-,,,,,,,,,,,,,,,0x0,,,,,,,,,,,,,%{aff6283f-b417-4237-bc64-56914d112ba3},DS,%{e0fa1e8c-9b45-11d0-afdd-00c04fd930c9},,Object Access,,,,,"%%7684
	{e0fa1e8c-9b45-11d0-afdd-00c04fd930c9}
		{e48d0154-bcf8-11d1-8702-00c04fb96050}
			{bf9679e5-0de6-11d0-a285-00aa003049e2}
			{bf9679e7-0de6-11d0-a285-00aa003049e2}
		{771727b1-31b8-4cdf-ae62-4fe39fadf89e}
			{bf967a77-0de6-11d0-a285-00aa003049e2}
			{bf967a70-0de6-11d0-a285-00aa003049e2}
			{bf967a6f-0de6-11d0-a285-00aa003049e2}
			{bf967a78-0de6-11d0-a285-00aa003049e2}
			{e0fa1e69-9b45-11d0-afdd-00c04fd930c9}
			{675a15fe-3b70-11d2-90cc-00c04fd91ab1}
			{aa12854c-d8fc-4d5e-91ca-368b8d829bee}
			{c79f2199-6da1-46ff-923c-1f3f800c721e}
			{7bea2088-8ce2-423c-b191-66ec506b1595}
			{0dc063c1-52d9-4456-9e15-9c2434aafd94}
			{5c5b7ad2-20fa-44bb-beb3-34b9c0f65579}
			{27d93c40-065a-43c0-bdd8-cdf2c7d120aa}
			{ff9e5552-7db7-4138-8888-05ce320a0323}
			{13361665-916c-4de7-a59d-b1ebbd0de129}
			{80b70aab-8959-4ec0-8e93-126e76df3aca}
			{8f4e317f-28d7-442c-a6df-1f491f97b326}
			{29869b7c-64c4-42fe-97d5-fbc2fa124160}
			{03d4c32e-e217-4a61-9699-7bbc4729a026}
			{f6b0f0be-a8e4-4468-8fd9-c3c47b8722f9}
			{3443d8cd-e5b6-4f3b-b098-659a0214a079}
			{b7673e6d-cad9-4e9e-b31a-63e8098fdd63}
			{28c458f5-602d-4ac9-a77c-b3f1be503a7e}
			{285c6964-c11a-499e-96d8-bf7c75a223c6}
			{ba340d47-2181-4ca0-a2f6-fae4479dab2a}
			{aff16770-9622-4fbc-a128-3088777605b9}
			{387d9432-a6d1-4474-82cd-0a89aae084ae}
			{19195a55-6da0-11d0-afd3-00c04fd930c9}
",,PIRATE,0x395c6,DC01$,S-1-5-18,,,,,,,,,,
2025-06-11T17:10:34.768192Z,4662,DC01.pirate.htb,Microsoft-Windows-Security-Auditing,Security,16088,0,"%%7684
				",0x10,-,,,,,,,,,,,,,,,0x0,,,,,,,,,,,,,%{aff6283f-b417-4237-bc64-56914d112ba3},DS,%{e0fa1e8c-9b45-11d0-afdd-00c04fd930c9},,Object Access,,,,,"%%7684
		{e48d0154-bcf8-11d1-8702-00c04fb96050}
			{bf9679e5-0de6-11d0-a285-00aa003049e2}
	{e0fa1e8c-9b45-11d0-afdd-00c04fd930c9}
",,PIRATE,0x395c6,DC01$,S-1-5-18,,,,,,,,,,
2025-06-11T17:10:34.768194Z,4662,DC01.pirate.htb,Microsoft-Windows-Security-Auditing,Security,16089,0,"%%7682
				",0x4,-,,,,,,,,,,,,,,,0x0,,,,,,,,,,,,,%{afff0694-70ff-4985-9456-bb96e5b03812},DS,%{e0fa1e8b-9b45-11d0-afdd-00c04fd930c9},,Object Access,,,,,"%%7682
	{e0fa1e8b-9b45-11d0-afdd-00c04fd930c9}
",,PIRATE,0x395c6,DC01$,S-1-5-18,,,,,,,,,,
2025-06-11T17:10:34.768197Z,4662,DC01.pirate.htb,Microsoft-Windows-Security-Auditing,Security,16090,0,"%%1538
				",0x20000,-,,,,,,,,,,,,,,,0x0,,,,,,,,,,,,,%{aff6283f-b417-4237-bc64-56914d112ba3},DS,%{e0fa1e8c-9b45-11d0-afdd-00c04fd930c9},,Object Access,,,,,"%%1538
	{e0fa1e8c-9b45-11d0-afdd-00c04fd930c9}
",,PIRATE,0x395c6,DC01$,S-1-5-18,,,,,,,,,,
2025-06-11T17:10:34.768223Z,4662,DC01.pirate.htb,Microsoft-Windows-Security-Auditing,Security,16091,0,"%%7684
				",0x10,-,,,,,,,,,,,,,,,0x0,,,,,,,,,,,,,%{aff6283f-b417-4237-bc64-56914d112ba3},DS,%{e0fa1e8c-9b45-11d0-afdd-00c04fd930c9},,Object Access,,,,,"%%7684
	{e0fa1e8c-9b45-11d0-afdd-00c04fd930c9}
		{e48d0154-bcf8-11d1-8702-00c04fb96050}
			{bf9679e5-0de6-11d0-a285-00aa003049e2}
			{bf9679e7-0de6-11d0-a285-00aa003049e2}
		{771727b1-31b8-4cdf-ae62-4fe39fadf89e}
			{bf967a77-0de6-11d0-a285-00aa003049e2}
			{bf967a70-0de6-11d0-a285-00aa003049e2}
			{bf967a6f-0de6-11d0-a285-00aa003049e2}
			{bf967a78-0de6-11d0-a285-00aa003049e2}
			{e0fa1e69-9b45-11d0-afdd-00c04fd930c9}
			{675a15fe-3b70-11d2-90cc-00c04fd91ab1}
			{aa12854c-d8fc-4d5e-91ca-368b8d829bee}
			{c79f2199-6da1-46ff-923c-1f3f800c721e}
			{7bea2088-8ce2-423c-b191-66ec506b1595}
			{0dc063c1-52d9-4456-9e15-9c2434aafd94}
			{5c5b7ad2-20fa-44bb-beb3-34b9c0f65579}
			{27d93c40-065a-43c0-bdd8-cdf2c7d120aa}
			{ff9e5552-7db7-4138-8888-05ce320a0323}
			{13361665-916c-4de7-a59d-b1ebbd0de129}
			{80b70aab-8959-4ec0-8e93-126e76df3aca}
			{8f4e317f-28d7-442c-a6df-1f491f97b326}
			{29869b7c-64c4-42fe-97d5-fbc2fa124160}
			{03d4c32e-e217-4a61-9699-7bbc4729a026}
			{f6b0f0be-a8e4-4468-8fd9-c3c47b8722f9}
			{3443d8cd-e5b6-4f3b-b098-659a0214a079}
			{b7673e6d-cad9-4e9e-b31a-63e8098fdd63}
			{28c458f5-602d-4ac9-a77c-b3f1be503a7e}
			{285c6964-c11a-499e-96d8-bf7c75a223c6}
			{ba340d47-2181-4ca0-a2f6-fae4479dab2a}
			{aff16770-9622-4fbc-a128-3088777605b9}
			{387d9432-a6d1-4474-82cd-0a89aae084ae}
			{19195a55-6da0-11d0-afd3-00c04fd930c9}
",,PIRATE,0x395c6,DC01$,S-1-5-18,,,,,,,,,,
2025-06-11T17:10:40.658811Z,5136,DC01.pirate.htb,Microsoft-Windows-Security-Auditing,Security,16092,0,,,,,,-,dnsRecord,2.5.5.10,%%14672,,,,,pirate.htb,%%14676,,,,,,,,,,,,,dnsNode,"DC=dc01,DC=pirate.htb,cn=MicrosoftDNS,DC=DomainDnsZones,DC=pirate,DC=htb",AFF6283F-B417-4237-BC64-56914D112BA3,,,,724A0283-6B00-48B2-A608-6CF5E003412D,%%14675,,,,,,,NT AUTHORITY,0x395c6,SYSTEM,S-1-5-18,,,,,,,,,,
2025-06-11T17:10:40.658904Z,5136,DC01.pirate.htb,Microsoft-Windows-Security-Auditing,Security,16093,0,,,,,,-,dnsRecord,2.5.5.10,%%14672,,,,,pirate.htb,%%14676,,,,,,,,,,,,,dnsNode,"DC=dc01,DC=pirate.htb,cn=MicrosoftDNS,DC=DomainDnsZones,DC=pirate,DC=htb",AFF6283F-B417-4237-BC64-56914D112BA3,,,,724A0283-6B00-48B2-A608-6CF5E003412D,%%14674,,,,,,,NT AUTHORITY,0x395c6,SYSTEM,S-1-5-18,,,,,,,,,,
2025-06-11T17:10:40.658973Z,5136,DC01.pirate.htb,Microsoft-Windows-Security-Auditing,Security,16094,0,,,,,,-,dnsRecord,2.5.5.10,%%14672,,,,,pirate.htb,%%14676,,,,,,,,,,,,,dnsNode,"DC=dc01,DC=pirate.htb,cn=MicrosoftDNS,DC=DomainDnsZones,DC=pirate,DC=htb",AFF6283F-B417-4237-BC64-56914D112BA3,,,,724A0283-6B00-48B2-A608-6CF5E003412D,%%14674,,,,,,,NT AUTHORITY,0x395c6,SYSTEM,S-1-5-18,,,,,,,,,,
2025-06-11T17:10:40.659031Z,5136,DC01.pirate.htb,Microsoft-Windows-Security-Auditing,Security,16095,0,,,,,,-,dNSTombstoned,2.5.5.8,FALSE,,,,,pirate.htb,%%14676,,,,,,,,,,,,,dnsNode,"DC=dc01,DC=pirate.htb,cn=MicrosoftDNS,DC=DomainDnsZones,DC=pirate,DC=htb",AFF6283F-B417-4237-BC64-56914D112BA3,,,,724A0283-6B00-48B2-A608-6CF5E003412D,%%14675,,,,,,,NT AUTHORITY,0x395c6,SYSTEM,S-1-5-18,,,,,,,,,,
2025-06-11T17:10:40.659091Z,5136,DC01.pirate.htb,Microsoft-Windows-Security-Auditing,Security,16096,0,,,,,,-,dNSTombstoned,2.5.5.8,FALSE,,,,,pirate.htb,%%14676,,,,,,,,,,,,,dnsNode,"DC=dc01,DC=pirate.htb,cn=MicrosoftDNS,DC=DomainDnsZones,DC=pirate,DC=htb",AFF6283F-B417-4237-BC64-56914D112BA3,,,,724A0283-6B00-48B2-A608-6CF5E003412D,%%14674,,,,,,,NT AUTHORITY,0x395c6,SYSTEM,S-1-5-18,,,,,,,,,,
2025-06-11T17:13:14.283155Z,4662,DC01.pirate.htb,Microsoft-Windows-Security-Auditing,Security,16097,0,"%%7684
				",0x10,-,,,,,,,,,,,,,,,0x0,,,,,,,,,,,,,%{afff0694-70ff-4985-9456-bb96e5b03812},DS,%{e0fa1e8b-9b45-11d0-afdd-00c04fd930c9},,Object Access,,,,,"%%7684
		{e48d0154-bcf8-11d1-8702-00c04fb96050}
			{26d97369-6070-11d1-a9c6-0000f80367c1}
	{e0fa1e8b-9b45-11d0-afdd-00c04fd930c9}
",,PIRATE,0x395c6,DC01$,S-1-5-18,,,,,,,,,,
2025-06-11T17:13:14.283159Z,4662,DC01.pirate.htb,Microsoft-Windows-Security-Auditing,Security,16098,0,"%%1538
				",0x20000,-,,,,,,,,,,,,,,,0x0,,,,,,,,,,,,,%{afff0694-70ff-4985-9456-bb96e5b03812},DS,%{e0fa1e8b-9b45-11d0-afdd-00c04fd930c9},,Object Access,,,,,"%%1538
	{e0fa1e8b-9b45-11d0-afdd-00c04fd930c9}
",,PIRATE,0x395c6,DC01$,S-1-5-18,,,,,,,,,,
2025-06-11T17:13:14.283187Z,4662,DC01.pirate.htb,Microsoft-Windows-Security-Auditing,Security,16099,0,"%%7684
				",0x10,-,,,,,,,,,,,,,,,0x0,,,,,,,,,,,,,%{afff0694-70ff-4985-9456-bb96e5b03812},DS,%{e0fa1e8b-9b45-11d0-afdd-00c04fd930c9},,Object Access,,,,,"%%7684
	{e0fa1e8b-9b45-11d0-afdd-00c04fd930c9}
		{e48d0154-bcf8-11d1-8702-00c04fb96050}
			{bf9679e5-0de6-11d0-a285-00aa003049e2}
			{bf9679e7-0de6-11d0-a285-00aa003049e2}
		{771727b1-31b8-4cdf-ae62-4fe39fadf89e}
			{bf967a77-0de6-11d0-a285-00aa003049e2}
			{bf967a70-0de6-11d0-a285-00aa003049e2}
			{bf967a6f-0de6-11d0-a285-00aa003049e2}
			{bf967a78-0de6-11d0-a285-00aa003049e2}
			{e0fa1e69-9b45-11d0-afdd-00c04fd930c9}
			{675a15fe-3b70-11d2-90cc-00c04fd91ab1}
			{aa12854c-d8fc-4d5e-91ca-368b8d829bee}
			{c79f2199-6da1-46ff-923c-1f3f800c721e}
			{7bea2088-8ce2-423c-b191-66ec506b1595}
			{0dc063c1-52d9-4456-9e15-9c2434aafd94}
			{5c5b7ad2-20fa-44bb-beb3-34b9c0f65579}
			{27d93c40-065a-43c0-bdd8-cdf2c7d120aa}
			{ff9e5552-7db7-4138-8888-05ce320a0323}
			{13361665-916c-4de7-a59d-b1ebbd0de129}
			{80b70aab-8959-4ec0-8e93-126e76df3aca}
			{8f4e317f-28d7-442c-a6df-1f491f97b326}
			{29869b7c-64c4-42fe-97d5-fbc2fa124160}
			{03d4c32e-e217-4a61-9699-7bbc4729a026}
			{f6b0f0be-a8e4-4468-8fd9-c3c47b8722f9}
			{3443d8cd-e5b6-4f3b-b098-659a0214a079}
			{b7673e6d-cad9-4e9e-b31a-63e8098fdd63}
			{28c458f5-602d-4ac9-a77c-b3f1be503a7e}
			{285c6964-c11a-499e-96d8-bf7c75a223c6}
			{ba340d47-2181-4ca0-a2f6-fae4479dab2a}
			{aff16770-9622-4fbc-a128-3088777605b9}
			{387d9432-a6d1-4474-82cd-0a89aae084ae}
			{19195a55-6da0-11d0-afd3-00c04fd930c9}
",,PIRATE,0x395c6,DC01$,S-1-5-18,,,,,,,,,,
2025-06-11T17:13:14.285288Z,4662,DC01.pirate.htb,Microsoft-Windows-Security-Auditing,Security,16100,0,"%%7684
				",0x10,-,,,,,,,,,,,,,,,0x0,,,,,,,,,,,,,%{afff0694-70ff-4985-9456-bb96e5b03812},DS,%{e0fa1e8b-9b45-11d0-afdd-00c04fd930c9},,Object Access,,,,,"%%7684
		{e48d0154-bcf8-11d1-8702-00c04fb96050}
			{26d97369-6070-11d1-a9c6-0000f80367c1}
	{e0fa1e8b-9b45-11d0-afdd-00c04fd930c9}
",,PIRATE,0x395c6,DC01$,S-1-5-18,,,,,,,,,,
2025-06-11T17:13:14.285291Z,4662,DC01.pirate.htb,Microsoft-Windows-Security-Auditing,Security,16101,0,"%%1538
				",0x20000,-,,,,,,,,,,,,,,,0x0,,,,,,,,,,,,,%{afff0694-70ff-4985-9456-bb96e5b03812},DS,%{e0fa1e8b-9b45-11d0-afdd-00c04fd930c9},,Object Access,,,,,"%%1538
	{e0fa1e8b-9b45-11d0-afdd-00c04fd930c9}
",,PIRATE,0x395c6,DC01$,S-1-5-18,,,,,,,,,,
2025-06-11T17:13:14.285317Z,4662,DC01.pirate.htb,Microsoft-Windows-Security-Auditing,Security,16102,0,"%%7684
				",0x10,-,,,,,,,,,,,,,,,0x0,,,,,,,,,,,,,%{afff0694-70ff-4985-9456-bb96e5b03812},DS,%{e0fa1e8b-9b45-11d0-afdd-00c04fd930c9},,Object Access,,,,,"%%7684
	{e0fa1e8b-9b45-11d0-afdd-00c04fd930c9}
		{e48d0154-bcf8-11d1-8702-00c04fb96050}
			{bf9679e5-0de6-11d0-a285-00aa003049e2}
			{bf9679e7-0de6-11d0-a285-00aa003049e2}
		{771727b1-31b8-4cdf-ae62-4fe39fadf89e}
			{bf967a77-0de6-11d0-a285-00aa003049e2}
			{bf967a70-0de6-11d0-a285-00aa003049e2}
			{bf967a6f-0de6-11d0-a285-00aa003049e2}
			{bf967a78-0de6-11d0-a285-00aa003049e2}
			{e0fa1e69-9b45-11d0-afdd-00c04fd930c9}
			{675a15fe-3b70-11d2-90cc-00c04fd91ab1}
			{aa12854c-d8fc-4d5e-91ca-368b8d829bee}
			{c79f2199-6da1-46ff-923c-1f3f800c721e}
			{7bea2088-8ce2-423c-b191-66ec506b1595}
			{0dc063c1-52d9-4456-9e15-9c2434aafd94}
			{5c5b7ad2-20fa-44bb-beb3-34b9c0f65579}
			{27d93c40-065a-43c0-bdd8-cdf2c7d120aa}
			{ff9e5552-7db7-4138-8888-05ce320a0323}
			{13361665-916c-4de7-a59d-b1ebbd0de129}
			{80b70aab-8959-4ec0-8e93-126e76df3aca}
			{8f4e317f-28d7-442c-a6df-1f491f97b326}
			{29869b7c-64c4-42fe-97d5-fbc2fa124160}
			{03d4c32e-e217-4a61-9699-7bbc4729a026}
			{f6b0f0be-a8e4-4468-8fd9-c3c47b8722f9}
			{3443d8cd-e5b6-4f3b-b098-659a0214a079}
			{b7673e6d-cad9-4e9e-b31a-63e8098fdd63}
			{28c458f5-602d-4ac9-a77c-b3f1be503a7e}
			{285c6964-c11a-499e-96d8-bf7c75a223c6}
			{ba340d47-2181-4ca0-a2f6-fae4479dab2a}
			{aff16770-9622-4fbc-a128-3088777605b9}
			{387d9432-a6d1-4474-82cd-0a89aae084ae}
			{19195a55-6da0-11d0-afd3-00c04fd930c9}
",,PIRATE,0x395c6,DC01$,S-1-5-18,,,,,,,,,,
2025-06-11T17:13:14.285634Z,4662,DC01.pirate.htb,Microsoft-Windows-Security-Auditing,Security,16103,0,"%%7684
				",0x10,-,,,,,,,,,,,,,,,0x0,,,,,,,,,,,,,%{aff6283f-b417-4237-bc64-56914d112ba3},DS,%{e0fa1e8c-9b45-11d0-afdd-00c04fd930c9},,Object Access,,,,,"%%7684
		{e48d0154-bcf8-11d1-8702-00c04fb96050}
			{26d97369-6070-11d1-a9c6-0000f80367c1}
		{771727b1-31b8-4cdf-ae62-4fe39fadf89e}
			{bf967a6f-0de6-11d0-a285-00aa003049e2}
	{e0fa1e8c-9b45-11d0-afdd-00c04fd930c9}
",,PIRATE,0x395c6,DC01$,S-1-5-18,,,,,,,,,,
2025-06-11T17:13:14.285637Z,4662,DC01.pirate.htb,Microsoft-Windows-Security-Auditing,Security,16104,0,"%%7682
				",0x4,-,,,,,,,,,,,,,,,0x0,,,,,,,,,,,,,%{afff0694-70ff-4985-9456-bb96e5b03812},DS,%{e0fa1e8b-9b45-11d0-afdd-00c04fd930c9},,Object Access,,,,,"%%7682
	{e0fa1e8b-9b45-11d0-afdd-00c04fd930c9}
",,PIRATE,0x395c6,DC01$,S-1-5-18,,,,,,,,,,
2025-06-11T17:13:14.285640Z,4662,DC01.pirate.htb,Microsoft-Windows-Security-Auditing,Security,16105,0,"%%1538
				%%1542
				",0x1020000,-,,,,,,,,,,,,,,,0x0,,,,,,,,,,,,,%{aff6283f-b417-4237-bc64-56914d112ba3},DS,%{e0fa1e8c-9b45-11d0-afdd-00c04fd930c9},,Object Access,,,,,"%%1538
%%1542
	{e0fa1e8c-9b45-11d0-afdd-00c04fd930c9}
",,PIRATE,0x395c6,DC01$,S-1-5-18,,,,,,,,,,
2025-06-11T17:13:14.285664Z,4662,DC01.pirate.htb,Microsoft-Windows-Security-Auditing,Security,16106,0,"%%7684
				",0x10,-,,,,,,,,,,,,,,,0x0,,,,,,,,,,,,,%{aff6283f-b417-4237-bc64-56914d112ba3},DS,%{e0fa1e8c-9b45-11d0-afdd-00c04fd930c9},,Object Access,,,,,"%%7684
	{e0fa1e8c-9b45-11d0-afdd-00c04fd930c9}
		{e48d0154-bcf8-11d1-8702-00c04fb96050}
			{bf9679e5-0de6-11d0-a285-00aa003049e2}
			{bf9679e7-0de6-11d0-a285-00aa003049e2}
		{771727b1-31b8-4cdf-ae62-4fe39fadf89e}
			{bf967a77-0de6-11d0-a285-00aa003049e2}
			{bf967a70-0de6-11d0-a285-00aa003049e2}
			{bf967a6f-0de6-11d0-a285-00aa003049e2}
			{bf967a78-0de6-11d0-a285-00aa003049e2}
			{e0fa1e69-9b45-11d0-afdd-00c04fd930c9}
			{675a15fe-3b70-11d2-90cc-00c04fd91ab1}
			{aa12854c-d8fc-4d5e-91ca-368b8d829bee}
			{c79f2199-6da1-46ff-923c-1f3f800c721e}
			{7bea2088-8ce2-423c-b191-66ec506b1595}
			{0dc063c1-52d9-4456-9e15-9c2434aafd94}
			{5c5b7ad2-20fa-44bb-beb3-34b9c0f65579}
			{27d93c40-065a-43c0-bdd8-cdf2c7d120aa}
			{ff9e5552-7db7-4138-8888-05ce320a0323}
			{13361665-916c-4de7-a59d-b1ebbd0de129}
			{80b70aab-8959-4ec0-8e93-126e76df3aca}
			{8f4e317f-28d7-442c-a6df-1f491f97b326}
			{29869b7c-64c4-42fe-97d5-fbc2fa124160}
			{03d4c32e-e217-4a61-9699-7bbc4729a026}
			{f6b0f0be-a8e4-4468-8fd9-c3c47b8722f9}
			{3443d8cd-e5b6-4f3b-b098-659a0214a079}
			{b7673e6d-cad9-4e9e-b31a-63e8098fdd63}
			{28c458f5-602d-4ac9-a77c-b3f1be503a7e}
			{285c6964-c11a-499e-96d8-bf7c75a223c6}
			{ba340d47-2181-4ca0-a2f6-fae4479dab2a}
			{aff16770-9622-4fbc-a128-3088777605b9}
			{387d9432-a6d1-4474-82cd-0a89aae084ae}
			{19195a55-6da0-11d0-afd3-00c04fd930c9}
",,PIRATE,0x395c6,DC01$,S-1-5-18,,,,,,,,,,
2025-06-11T17:16:14.312646Z,4662,DC01.pirate.htb,Microsoft-Windows-Security-Auditing,Security,16107,0,"%%7684
				",0x10,-,,,,,,,,,,,,,,,0x0,,,,,,,,,,,,,%{afff0694-70ff-4985-9456-bb96e5b03812},DS,%{e0fa1e8b-9b45-11d0-afdd-00c04fd930c9},,Object Access,,,,,"%%7684
		{e48d0154-bcf8-11d1-8702-00c04fb96050}
			{26d97369-6070-11d1-a9c6-0000f80367c1}
	{e0fa1e8b-9b45-11d0-afdd-00c04fd930c9}
",,PIRATE,0x395c6,DC01$,S-1-5-18,,,,,,,,,,
2025-06-11T17:16:14.312651Z,4662,DC01.pirate.htb,Microsoft-Windows-Security-Auditing,Security,16108,0,"%%1538
				",0x20000,-,,,,,,,,,,,,,,,0x0,,,,,,,,,,,,,%{afff0694-70ff-4985-9456-bb96e5b03812},DS,%{e0fa1e8b-9b45-11d0-afdd-00c04fd930c9},,Object Access,,,,,"%%1538
	{e0fa1e8b-9b45-11d0-afdd-00c04fd930c9}
",,PIRATE,0x395c6,DC01$,S-1-5-18,,,,,,,,,,
2025-06-11T17:16:14.312686Z,4662,DC01.pirate.htb,Microsoft-Windows-Security-Auditing,Security,16109,0,"%%7684
				",0x10,-,,,,,,,,,,,,,,,0x0,,,,,,,,,,,,,%{afff0694-70ff-4985-9456-bb96e5b03812},DS,%{e0fa1e8b-9b45-11d0-afdd-00c04fd930c9},,Object Access,,,,,"%%7684
	{e0fa1e8b-9b45-11d0-afdd-00c04fd930c9}
		{e48d0154-bcf8-11d1-8702-00c04fb96050}
			{bf9679e5-0de6-11d0-a285-00aa003049e2}
			{bf9679e7-0de6-11d0-a285-00aa003049e2}
		{771727b1-31b8-4cdf-ae62-4fe39fadf89e}
			{bf967a77-0de6-11d0-a285-00aa003049e2}
			{bf967a70-0de6-11d0-a285-00aa003049e2}
			{bf967a6f-0de6-11d0-a285-00aa003049e2}
			{bf967a78-0de6-11d0-a285-00aa003049e2}
			{e0fa1e69-9b45-11d0-afdd-00c04fd930c9}
			{675a15fe-3b70-11d2-90cc-00c04fd91ab1}
			{aa12854c-d8fc-4d5e-91ca-368b8d829bee}
			{c79f2199-6da1-46ff-923c-1f3f800c721e}
			{7bea2088-8ce2-423c-b191-66ec506b1595}
			{0dc063c1-52d9-4456-9e15-9c2434aafd94}
			{5c5b7ad2-20fa-44bb-beb3-34b9c0f65579}
			{27d93c40-065a-43c0-bdd8-cdf2c7d120aa}
			{ff9e5552-7db7-4138-8888-05ce320a0323}
			{13361665-916c-4de7-a59d-b1ebbd0de129}
			{80b70aab-8959-4ec0-8e93-126e76df3aca}
			{8f4e317f-28d7-442c-a6df-1f491f97b326}
			{29869b7c-64c4-42fe-97d5-fbc2fa124160}
			{03d4c32e-e217-4a61-9699-7bbc4729a026}
			{f6b0f0be-a8e4-4468-8fd9-c3c47b8722f9}
			{3443d8cd-e5b6-4f3b-b098-659a0214a079}
			{b7673e6d-cad9-4e9e-b31a-63e8098fdd63}
			{28c458f5-602d-4ac9-a77c-b3f1be503a7e}
			{285c6964-c11a-499e-96d8-bf7c75a223c6}
			{ba340d47-2181-4ca0-a2f6-fae4479dab2a}
			{aff16770-9622-4fbc-a128-3088777605b9}
			{387d9432-a6d1-4474-82cd-0a89aae084ae}
			{19195a55-6da0-11d0-afd3-00c04fd930c9}
",,PIRATE,0x395c6,DC01$,S-1-5-18,,,,,,,,,,
2025-06-11T17:16:14.312693Z,4662,DC01.pirate.htb,Microsoft-Windows-Security-Auditing,Security,16110,0,"%%7684
				",0x10,-,,,,,,,,,,,,,,,0x0,,,,,,,,,,,,,%{afff0694-70ff-4985-9456-bb96e5b03812},DS,%{e0fa1e8b-9b45-11d0-afdd-00c04fd930c9},,Object Access,,,,,"%%7684
		{e48d0154-bcf8-11d1-8702-00c04fb96050}
			{26d97369-6070-11d1-a9c6-0000f80367c1}
	{e0fa1e8b-9b45-11d0-afdd-00c04fd930c9}
",,PIRATE,0x395c6,DC01$,S-1-5-18,,,,,,,,,,
2025-06-11T17:16:14.312695Z,4662,DC01.pirate.htb,Microsoft-Windows-Security-Auditing,Security,16111,0,"%%1538
				",0x20000,-,,,,,,,,,,,,,,,0x0,,,,,,,,,,,,,%{afff0694-70ff-4985-9456-bb96e5b03812},DS,%{e0fa1e8b-9b45-11d0-afdd-00c04fd930c9},,Object Access,,,,,"%%1538
	{e0fa1e8b-9b45-11d0-afdd-00c04fd930c9}
",,PIRATE,0x395c6,DC01$,S-1-5-18,,,,,,,,,,
2025-06-11T17:16:14.312720Z,4662,DC01.pirate.htb,Microsoft-Windows-Security-Auditing,Security,16112,0,"%%7684
				",0x10,-,,,,,,,,,,,,,,,0x0,,,,,,,,,,,,,%{afff0694-70ff-4985-9456-bb96e5b03812},DS,%{e0fa1e8b-9b45-11d0-afdd-00c04fd930c9},,Object Access,,,,,"%%7684
	{e0fa1e8b-9b45-11d0-afdd-00c04fd930c9}
		{e48d0154-bcf8-11d1-8702-00c04fb96050}
			{bf9679e5-0de6-11d0-a285-00aa003049e2}
			{bf9679e7-0de6-11d0-a285-00aa003049e2}
		{771727b1-31b8-4cdf-ae62-4fe39fadf89e}
			{bf967a77-0de6-11d0-a285-00aa003049e2}
			{bf967a70-0de6-11d0-a285-00aa003049e2}
			{bf967a6f-0de6-11d0-a285-00aa003049e2}
			{bf967a78-0de6-11d0-a285-00aa003049e2}
			{e0fa1e69-9b45-11d0-afdd-00c04fd930c9}
			{675a15fe-3b70-11d2-90cc-00c04fd91ab1}
			{aa12854c-d8fc-4d5e-91ca-368b8d829bee}
			{c79f2199-6da1-46ff-923c-1f3f800c721e}
			{7bea2088-8ce2-423c-b191-66ec506b1595}
			{0dc063c1-52d9-4456-9e15-9c2434aafd94}
			{5c5b7ad2-20fa-44bb-beb3-34b9c0f65579}
			{27d93c40-065a-43c0-bdd8-cdf2c7d120aa}
			{ff9e5552-7db7-4138-8888-05ce320a0323}
			{13361665-916c-4de7-a59d-b1ebbd0de129}
			{80b70aab-8959-4ec0-8e93-126e76df3aca}
			{8f4e317f-28d7-442c-a6df-1f491f97b326}
			{29869b7c-64c4-42fe-97d5-fbc2fa124160}
			{03d4c32e-e217-4a61-9699-7bbc4729a026}
			{f6b0f0be-a8e4-4468-8fd9-c3c47b8722f9}
			{3443d8cd-e5b6-4f3b-b098-659a0214a079}
			{b7673e6d-cad9-4e9e-b31a-63e8098fdd63}
			{28c458f5-602d-4ac9-a77c-b3f1be503a7e}
			{285c6964-c11a-499e-96d8-bf7c75a223c6}
			{ba340d47-2181-4ca0-a2f6-fae4479dab2a}
			{aff16770-9622-4fbc-a128-3088777605b9}
			{387d9432-a6d1-4474-82cd-0a89aae084ae}
			{19195a55-6da0-11d0-afd3-00c04fd930c9}
",,PIRATE,0x395c6,DC01$,S-1-5-18,,,,,,,,,,
2025-06-11T17:17:49.654659Z,1100,DC01.pirate.htb,Microsoft-Windows-Eventlog,Security,16113,4,,,,,,,,,,,,,,,,,,,,,,,,,,,,,,,,,,,,,,,,,,,,,,,,,,,,,,,http://manifests.microsoft.com/win/2004/08/windows/eventlog
2025-07-29T03:58:43.183765Z,4688,DC01.pirate.htb,Microsoft-Windows-Security-Auditing,Security,16114,0,,,,,,,,,,,,,,,,,,,,,,,,S-1-16-16384,0x30,,,,,,,,,,,,,0x4,,,,-,0x3e7,-,S-1-5-18,-,0x0,,,-,S-1-0-0,,%%1936,,
2025-07-29T03:58:43.183774Z,4688,DC01.pirate.htb,Microsoft-Windows-Security-Auditing,Security,16115,0,,,,,,,,,,,,,,,,,,,,,,,,S-1-16-16384,0x5c,Registry,,,,,,,,,,,,0x4,,,,-,0x3e7,-,S-1-5-18,-,0x0,,,-,S-1-0-0,,%%1936,,
2025-07-29T03:58:43.183779Z,4696,DC01.pirate.htb,Microsoft-Windows-Security-Auditing,Security,16116,0,,,,,,,,,,,,,,,,,,,,,,,,,,,,,,,,,,,,,,0x4,,,,-,0x3e7,-,S-1-5-18,-,0x3e7,0x5c,Registry,-,S-1-0-0,,,,
2025-07-29T03:58:43.183787Z,4826,DC01.pirate.htb,Microsoft-Windows-Security-Auditing,Security,16117,0,,,,,%%1843,,,,,,,,%%1846,,,%%1843,%%1843,,%%1843,%%1849,-,%%1843,-,,,,,,,,,,,,,,,,,,%%1843,-,0x3e7,-,S-1-5-18,,,,,,,%%1843,,%%1849,
2025-07-29T03:58:43.193517Z,4688,DC01.pirate.htb,Microsoft-Windows-Security-Auditing,Security,16118,0,,,,,,,,,,,,,,,,,,,,,,,,S-1-16-16384,0x160,C:\Windows\System32\smss.exe,,,,,,,,,,,,0x4,,,,-,0x3e7,-,S-1-5-18,-,0x0,,,-,S-1-0-0,,%%1936,,
2025-07-29T03:58:43.684139Z,4688,DC01.pirate.htb,Microsoft-Windows-Security-Auditing,Security,16119,0,,,,,,,,,,,,,,,,,,,,,,,,S-1-16-16384,0x170,C:\Windows\System32\autochk.exe,,,,,,,,,,C:\Windows\System32\smss.exe,,0x160,,,,-,0x3e7,-,S-1-5-18,-,0x0,,,-,S-1-0-0,,%%1936,,
2025-07-29T03:58:47.673025Z,4688,DC01.pirate.htb,Microsoft-Windows-Security-Auditing,Security,16120,0,,,,,,,,,,,,,,,,,,,,,,,,S-1-16-16384,0x1b0,C:\Windows\System32\smss.exe,,,,,,,,,,C:\Windows\System32\smss.exe,,0x160,,,,-,0x3e7,-,S-1-5-18,-,0x0,,,-,S-1-0-0,,%%1936,,
2025-07-29T03:58:47.750173Z,4688,DC01.pirate.htb,Microsoft-Windows-Security-Auditing,Security,16121,0,,,,,,,,,,,,,,,,,,,,,,,,S-1-16-16384,0x1b8,C:\Windows\System32\csrss.exe,,,,,,,,,,C:\Windows\System32\smss.exe,,0x1b0,,,,-,0x3e7,-,S-1-5-18,-,0x0,,,-,S-1-0-0,,%%1936,,
2025-07-29T03:58:47.958427Z,4688,DC01.pirate.htb,Microsoft-Windows-Security-Auditing,Security,16122,0,,,,,,,,,,,,,,,,,,,,,,,,S-1-16-16384,0x218,C:\Windows\System32\smss.exe,,,,,,,,,,C:\Windows\System32\smss.exe,,0x160,,,,-,0x3e7,-,S-1-5-18,-,0x0,,,-,S-1-0-0,,%%1936,,
2025-07-29T03:58:47.962494Z,4688,DC01.pirate.htb,Microsoft-Windows-Security-Auditing,Security,16123,0,,,,,,,,,,,,,,,,,,,,,,,,S-1-16-16384,0x220,C:\Windows\System32\wininit.exe,,,,,,,,,,C:\Windows\System32\smss.exe,,0x1b0,,,,-,0x3e7,-,S-1-5-18,-,0x0,,,-,S-1-0-0,,%%1936,,
2025-07-29T03:58:47.968283Z,4688,DC01.pirate.htb,Microsoft-Windows-Security-Auditing,Security,16124,0,,,,,,,,,,,,,,,,,,,,,,,,S-1-16-16384,0x228,C:\Windows\System32\csrss.exe,,,,,,,,,,C:\Windows\System32\smss.exe,,0x218,,,,-,0x3e7,-,S-1-5-18,-,0x0,,,-,S-1-0-0,,%%1936,,
2025-07-29T03:58:48.003412Z,4688,DC01.pirate.htb,Microsoft-Windows-Security-Auditing,Security,16125,0,,,,,,,,,,,,,,,,,,,,,,,,S-1-16-16384,0x268,C:\Windows\System32\winlogon.exe,,,,,,,,,,C:\Windows\System32\smss.exe,,0x218,,,,-,0x3e7,-,S-1-5-18,-,0x0,,,-,S-1-0-0,,%%1936,,
2025-07-29T03:58:48.116747Z,4688,DC01.pirate.htb,Microsoft-Windows-Security-Auditing,Security,16126,0,,,,,,,,,,,,,,,,,,,,,,,,S-1-16-16384,0x2ac,C:\Windows\System32\services.exe,,,,,,,,,,C:\Windows\System32\wininit.exe,,0x220,,,,-,0x3e7,-,S-1-5-18,-,0x0,,,-,S-1-0-0,,%%1936,,
2025-07-29T03:58:48.176373Z,4688,DC01.pirate.htb,Microsoft-Windows-Security-Auditing,Security,16127,0,,,,,,,,,,,,,,,,,,,,,,,,S-1-16-16384,0x2b8,C:\Windows\System32\LsaIso.exe,,,,,,,,,,C:\Windows\System32\wininit.exe,,0x220,,,,-,0x3e7,-,S-1-5-18,-,0x0,,,-,S-1-0-0,,%%1936,,
2025-07-29T03:58:48.245476Z,4688,DC01.pirate.htb,Microsoft-Windows-Security-Auditing,Security,16128,0,,,,,,,,,,,,,,,,,,,,,,,,S-1-16-16384,0x2cc,C:\Windows\System32\lsass.exe,,,,,,,,,,C:\Windows\System32\wininit.exe,,0x220,,,,-,0x3e7,-,S-1-5-18,-,0x0,,,-,S-1-0-0,,%%1936,,
2025-07-29T03:59:30.385375Z,4662,DC01.pirate.htb,Microsoft-Windows-Security-Auditing,Security,16129,0,"%%7684
				",0x10,-,,,,,,,,,,,,,,,0x0,,,,,,,,,,,,,%{afff0694-70ff-4985-9456-bb96e5b03812},DS,%{e0fa1e8b-9b45-11d0-afdd-00c04fd930c9},,Object Access,,,,,"%%7684
		{e48d0154-bcf8-11d1-8702-00c04fb96050}
			{26d97369-6070-11d1-a9c6-0000f80367c1}
	{e0fa1e8b-9b45-11d0-afdd-00c04fd930c9}
",,PIRATE,0x51aa1,DC01$,S-1-5-18,,,,,,,,,,
2025-07-29T03:59:30.385592Z,4662,DC01.pirate.htb,Microsoft-Windows-Security-Auditing,Security,16130,0,"%%1538
				",0x20000,-,,,,,,,,,,,,,,,0x0,,,,,,,,,,,,,%{afff0694-70ff-4985-9456-bb96e5b03812},DS,%{e0fa1e8b-9b45-11d0-afdd-00c04fd930c9},,Object Access,,,,,"%%1538
	{e0fa1e8b-9b45-11d0-afdd-00c04fd930c9}
",,PIRATE,0x51aa1,DC01$,S-1-5-18,,,,,,,,,,
2025-07-29T03:59:30.385745Z,4662,DC01.pirate.htb,Microsoft-Windows-Security-Auditing,Security,16131,0,"%%7684
				",0x10,-,,,,,,,,,,,,,,,0x0,,,,,,,,,,,,,%{afff0694-70ff-4985-9456-bb96e5b03812},DS,%{e0fa1e8b-9b45-11d0-afdd-00c04fd930c9},,Object Access,,,,,"%%7684
	{e0fa1e8b-9b45-11d0-afdd-00c04fd930c9}
		{e48d0154-bcf8-11d1-8702-00c04fb96050}
			{bf9679e5-0de6-11d0-a285-00aa003049e2}
			{bf9679e7-0de6-11d0-a285-00aa003049e2}
		{771727b1-31b8-4cdf-ae62-4fe39fadf89e}
			{bf967a77-0de6-11d0-a285-00aa003049e2}
			{bf967a70-0de6-11d0-a285-00aa003049e2}
			{bf967a6f-0de6-11d0-a285-00aa003049e2}
			{bf967a78-0de6-11d0-a285-00aa003049e2}
			{e0fa1e69-9b45-11d0-afdd-00c04fd930c9}
			{675a15fe-3b70-11d2-90cc-00c04fd91ab1}
			{aa12854c-d8fc-4d5e-91ca-368b8d829bee}
			{c79f2199-6da1-46ff-923c-1f3f800c721e}
			{7bea2088-8ce2-423c-b191-66ec506b1595}
			{0dc063c1-52d9-4456-9e15-9c2434aafd94}
			{5c5b7ad2-20fa-44bb-beb3-34b9c0f65579}
			{27d93c40-065a-43c0-bdd8-cdf2c7d120aa}
			{ff9e5552-7db7-4138-8888-05ce320a0323}
			{13361665-916c-4de7-a59d-b1ebbd0de129}
			{80b70aab-8959-4ec0-8e93-126e76df3aca}
			{8f4e317f-28d7-442c-a6df-1f491f97b326}
			{29869b7c-64c4-42fe-97d5-fbc2fa124160}
			{03d4c32e-e217-4a61-9699-7bbc4729a026}
			{f6b0f0be-a8e4-4468-8fd9-c3c47b8722f9}
			{3443d8cd-e5b6-4f3b-b098-659a0214a079}
			{b7673e6d-cad9-4e9e-b31a-63e8098fdd63}
			{28c458f5-602d-4ac9-a77c-b3f1be503a7e}
			{285c6964-c11a-499e-96d8-bf7c75a223c6}
			{ba340d47-2181-4ca0-a2f6-fae4479dab2a}
			{aff16770-9622-4fbc-a128-3088777605b9}
			{387d9432-a6d1-4474-82cd-0a89aae084ae}
			{19195a55-6da0-11d0-afd3-00c04fd930c9}
",,PIRATE,0x51aa1,DC01$,S-1-5-18,,,,,,,,,,
2025-07-29T03:59:30.388157Z,4662,DC01.pirate.htb,Microsoft-Windows-Security-Auditing,Security,16132,0,"%%7684
				",0x10,-,,,,,,,,,,,,,,,0x0,,,,,,,,,,,,,%{afff0694-70ff-4985-9456-bb96e5b03812},DS,%{e0fa1e8b-9b45-11d0-afdd-00c04fd930c9},,Object Access,,,,,"%%7684
		{e48d0154-bcf8-11d1-8702-00c04fb96050}
			{26d97369-6070-11d1-a9c6-0000f80367c1}
	{e0fa1e8b-9b45-11d0-afdd-00c04fd930c9}
",,PIRATE,0x51aa1,DC01$,S-1-5-18,,,,,,,,,,
2025-07-29T03:59:30.388208Z,4662,DC01.pirate.htb,Microsoft-Windows-Security-Auditing,Security,16133,0,"%%7684
				",0x10,-,,,,,,,,,,,,,,,0x0,,,,,,,,,,,,,%{afff0694-70ff-4985-9456-bb96e5b03812},DS,%{e0fa1e8b-9b45-11d0-afdd-00c04fd930c9},,Object Access,,,,,"%%7684
		{771727b1-31b8-4cdf-ae62-4fe39fadf89e}
			{3443d8cd-e5b6-4f3b-b098-659a0214a079}
	{e0fa1e8b-9b45-11d0-afdd-00c04fd930c9}
",,PIRATE,0x51aa1,DC01$,S-1-5-18,,,,,,,,,,
2025-07-29T03:59:30.420013Z,4662,DC01.pirate.htb,Microsoft-Windows-Security-Auditing,Security,16134,0,"%%7684
				",0x10,-,,,,,,,,,,,,,,,0x0,,,,,,,,,,,,,%{afff0694-70ff-4985-9456-bb96e5b03812},DS,%{e0fa1e8b-9b45-11d0-afdd-00c04fd930c9},,Object Access,,,,,"%%7684
		{e48d0154-bcf8-11d1-8702-00c04fb96050}
			{26d97369-6070-11d1-a9c6-0000f80367c1}
	{e0fa1e8b-9b45-11d0-afdd-00c04fd930c9}
",,PIRATE,0x51aa1,DC01$,S-1-5-18,,,,,,,,,,
2025-07-29T03:59:30.420067Z,4662,DC01.pirate.htb,Microsoft-Windows-Security-Auditing,Security,16135,0,"%%1538
				",0x20000,-,,,,,,,,,,,,,,,0x0,,,,,,,,,,,,,%{afff0694-70ff-4985-9456-bb96e5b03812},DS,%{e0fa1e8b-9b45-11d0-afdd-00c04fd930c9},,Object Access,,,,,"%%1538
	{e0fa1e8b-9b45-11d0-afdd-00c04fd930c9}
",,PIRATE,0x51aa1,DC01$,S-1-5-18,,,,,,,,,,
2025-07-29T03:59:30.420123Z,4662,DC01.pirate.htb,Microsoft-Windows-Security-Auditing,Security,16136,0,"%%7684
				",0x10,-,,,,,,,,,,,,,,,0x0,,,,,,,,,,,,,%{afff0694-70ff-4985-9456-bb96e5b03812},DS,%{e0fa1e8b-9b45-11d0-afdd-00c04fd930c9},,Object Access,,,,,"%%7684
	{e0fa1e8b-9b45-11d0-afdd-00c04fd930c9}
		{e48d0154-bcf8-11d1-8702-00c04fb96050}
			{bf9679e5-0de6-11d0-a285-00aa003049e2}
			{bf9679e7-0de6-11d0-a285-00aa003049e2}
		{771727b1-31b8-4cdf-ae62-4fe39fadf89e}
			{bf967a77-0de6-11d0-a285-00aa003049e2}
			{bf967a70-0de6-11d0-a285-00aa003049e2}
			{bf967a6f-0de6-11d0-a285-00aa003049e2}
			{bf967a78-0de6-11d0-a285-00aa003049e2}
			{e0fa1e69-9b45-11d0-afdd-00c04fd930c9}
			{675a15fe-3b70-11d2-90cc-00c04fd91ab1}
			{aa12854c-d8fc-4d5e-91ca-368b8d829bee}
			{c79f2199-6da1-46ff-923c-1f3f800c721e}
			{7bea2088-8ce2-423c-b191-66ec506b1595}
			{0dc063c1-52d9-4456-9e15-9c2434aafd94}
			{5c5b7ad2-20fa-44bb-beb3-34b9c0f65579}
			{27d93c40-065a-43c0-bdd8-cdf2c7d120aa}
			{ff9e5552-7db7-4138-8888-05ce320a0323}
			{13361665-916c-4de7-a59d-b1ebbd0de129}
			{80b70aab-8959-4ec0-8e93-126e76df3aca}
			{8f4e317f-28d7-442c-a6df-1f491f97b326}
			{29869b7c-64c4-42fe-97d5-fbc2fa124160}
			{03d4c32e-e217-4a61-9699-7bbc4729a026}
			{f6b0f0be-a8e4-4468-8fd9-c3c47b8722f9}
			{3443d8cd-e5b6-4f3b-b098-659a0214a079}
			{b7673e6d-cad9-4e9e-b31a-63e8098fdd63}
			{28c458f5-602d-4ac9-a77c-b3f1be503a7e}
			{285c6964-c11a-499e-96d8-bf7c75a223c6}
			{ba340d47-2181-4ca0-a2f6-fae4479dab2a}
			{aff16770-9622-4fbc-a128-3088777605b9}
			{387d9432-a6d1-4474-82cd-0a89aae084ae}
			{19195a55-6da0-11d0-afd3-00c04fd930c9}
",,PIRATE,0x51aa1,DC01$,S-1-5-18,,,,,,,,,,
2025-07-29T03:59:30.421262Z,4662,DC01.pirate.htb,Microsoft-Windows-Security-Auditing,Security,16137,0,"%%7684
				",0x10,-,,,,,,,,,,,,,,,0x0,,,,,,,,,,,,,%{469bd39f-3e90-4f1a-b47e-0432e347ae56},DS,%{e0fa1e8c-9b45-11d0-afdd-00c04fd930c9},,Object Access,,,,,"%%7684
		{e48d0154-bcf8-11d1-8702-00c04fb96050}
			{bf9679e5-0de6-11d0-a285-00aa003049e2}
	{e0fa1e8c-9b45-11d0-afdd-00c04fd930c9}
",,PIRATE,0x51aa1,DC01$,S-1-5-18,,,,,,,,,,
2025-07-29T03:59:30.421269Z,4662,DC01.pirate.htb,Microsoft-Windows-Security-Auditing,Security,16138,0,"%%7682
				",0x4,-,,,,,,,,,,,,,,,0x0,,,,,,,,,,,,,%{afff0694-70ff-4985-9456-bb96e5b03812},DS,%{e0fa1e8b-9b45-11d0-afdd-00c04fd930c9},,Object Access,,,,,"%%7682
	{e0fa1e8b-9b45-11d0-afdd-00c04fd930c9}
",,PIRATE,0x51aa1,DC01$,S-1-5-18,,,,,,,,,,
2025-07-29T03:59:30.421273Z,4662,DC01.pirate.htb,Microsoft-Windows-Security-Auditing,Security,16139,0,"%%1538
				%%1542
				",0x1020000,-,,,,,,,,,,,,,,,0x0,,,,,,,,,,,,,%{469bd39f-3e90-4f1a-b47e-0432e347ae56},DS,%{e0fa1e8c-9b45-11d0-afdd-00c04fd930c9},,Object Access,,,,,"%%1538
%%1542
	{e0fa1e8c-9b45-11d0-afdd-00c04fd930c9}
",,PIRATE,0x51aa1,DC01$,S-1-5-18,,,,,,,,,,
2025-07-29T03:59:30.421317Z,4662,DC01.pirate.htb,Microsoft-Windows-Security-Auditing,Security,16140,0,"%%7684
				",0x10,-,,,,,,,,,,,,,,,0x0,,,,,,,,,,,,,%{469bd39f-3e90-4f1a-b47e-0432e347ae56},DS,%{e0fa1e8c-9b45-11d0-afdd-00c04fd930c9},,Object Access,,,,,"%%7684
	{e0fa1e8c-9b45-11d0-afdd-00c04fd930c9}
		{e48d0154-bcf8-11d1-8702-00c04fb96050}
			{bf9679e5-0de6-11d0-a285-00aa003049e2}
			{bf9679e7-0de6-11d0-a285-00aa003049e2}
		{771727b1-31b8-4cdf-ae62-4fe39fadf89e}
			{bf967a77-0de6-11d0-a285-00aa003049e2}
			{bf967a70-0de6-11d0-a285-00aa003049e2}
			{bf967a6f-0de6-11d0-a285-00aa003049e2}
			{bf967a78-0de6-11d0-a285-00aa003049e2}
			{e0fa1e69-9b45-11d0-afdd-00c04fd930c9}
			{675a15fe-3b70-11d2-90cc-00c04fd91ab1}
			{aa12854c-d8fc-4d5e-91ca-368b8d829bee}
			{c79f2199-6da1-46ff-923c-1f3f800c721e}
			{7bea2088-8ce2-423c-b191-66ec506b1595}
			{0dc063c1-52d9-4456-9e15-9c2434aafd94}
			{5c5b7ad2-20fa-44bb-beb3-34b9c0f65579}
			{27d93c40-065a-43c0-bdd8-cdf2c7d120aa}
			{ff9e5552-7db7-4138-8888-05ce320a0323}
			{13361665-916c-4de7-a59d-b1ebbd0de129}
			{80b70aab-8959-4ec0-8e93-126e76df3aca}
			{8f4e317f-28d7-442c-a6df-1f491f97b326}
			{29869b7c-64c4-42fe-97d5-fbc2fa124160}
			{03d4c32e-e217-4a61-9699-7bbc4729a026}
			{f6b0f0be-a8e4-4468-8fd9-c3c47b8722f9}
			{3443d8cd-e5b6-4f3b-b098-659a0214a079}
			{b7673e6d-cad9-4e9e-b31a-63e8098fdd63}
			{28c458f5-602d-4ac9-a77c-b3f1be503a7e}
			{285c6964-c11a-499e-96d8-bf7c75a223c6}
			{ba340d47-2181-4ca0-a2f6-fae4479dab2a}
			{aff16770-9622-4fbc-a128-3088777605b9}
			{387d9432-a6d1-4474-82cd-0a89aae084ae}
			{19195a55-6da0-11d0-afd3-00c04fd930c9}
",,PIRATE,0x51aa1,DC01$,S-1-5-18,,,,,,,,,,
2025-07-29T03:59:30.421324Z,4662,DC01.pirate.htb,Microsoft-Windows-Security-Auditing,Security,16141,0,"%%7684
				",0x10,-,,,,,,,,,,,,,,,0x0,,,,,,,,,,,,,%{3e507f40-276f-4917-b2e4-bc80778e62d0},DS,%{e0fa1e8c-9b45-11d0-afdd-00c04fd930c9},,Object Access,,,,,"%%7684
		{e48d0154-bcf8-11d1-8702-00c04fb96050}
			{bf9679e5-0de6-11d0-a285-00aa003049e2}
	{e0fa1e8c-9b45-11d0-afdd-00c04fd930c9}
",,PIRATE,0x51aa1,DC01$,S-1-5-18,,,,,,,,,,
2025-07-29T03:59:30.421329Z,4662,DC01.pirate.htb,Microsoft-Windows-Security-Auditing,Security,16142,0,"%%1538
				%%1542
				",0x1020000,-,,,,,,,,,,,,,,,0x0,,,,,,,,,,,,,%{3e507f40-276f-4917-b2e4-bc80778e62d0},DS,%{e0fa1e8c-9b45-11d0-afdd-00c04fd930c9},,Object Access,,,,,"%%1538
%%1542
	{e0fa1e8c-9b45-11d0-afdd-00c04fd930c9}
",,PIRATE,0x51aa1,DC01$,S-1-5-18,,,,,,,,,,
2025-07-29T03:59:30.421586Z,4662,DC01.pirate.htb,Microsoft-Windows-Security-Auditing,Security,16143,0,"%%7684
				",0x10,-,,,,,,,,,,,,,,,0x0,,,,,,,,,,,,,%{3e507f40-276f-4917-b2e4-bc80778e62d0},DS,%{e0fa1e8c-9b45-11d0-afdd-00c04fd930c9},,Object Access,,,,,"%%7684
	{e0fa1e8c-9b45-11d0-afdd-00c04fd930c9}
		{e48d0154-bcf8-11d1-8702-00c04fb96050}
			{bf9679e5-0de6-11d0-a285-00aa003049e2}
			{bf9679e7-0de6-11d0-a285-00aa003049e2}
		{771727b1-31b8-4cdf-ae62-4fe39fadf89e}
			{bf967a77-0de6-11d0-a285-00aa003049e2}
			{bf967a70-0de6-11d0-a285-00aa003049e2}
			{bf967a6f-0de6-11d0-a285-00aa003049e2}
			{bf967a78-0de6-11d0-a285-00aa003049e2}
			{e0fa1e69-9b45-11d0-afdd-00c04fd930c9}
			{675a15fe-3b70-11d2-90cc-00c04fd91ab1}
			{aa12854c-d8fc-4d5e-91ca-368b8d829bee}
			{c79f2199-6da1-46ff-923c-1f3f800c721e}
			{7bea2088-8ce2-423c-b191-66ec506b1595}
			{0dc063c1-52d9-4456-9e15-9c2434aafd94}
			{5c5b7ad2-20fa-44bb-beb3-34b9c0f65579}
			{27d93c40-065a-43c0-bdd8-cdf2c7d120aa}
			{ff9e5552-7db7-4138-8888-05ce320a0323}
			{13361665-916c-4de7-a59d-b1ebbd0de129}
			{80b70aab-8959-4ec0-8e93-126e76df3aca}
			{8f4e317f-28d7-442c-a6df-1f491f97b326}
			{29869b7c-64c4-42fe-97d5-fbc2fa124160}
			{03d4c32e-e217-4a61-9699-7bbc4729a026}
			{f6b0f0be-a8e4-4468-8fd9-c3c47b8722f9}
			{3443d8cd-e5b6-4f3b-b098-659a0214a079}
			{b7673e6d-cad9-4e9e-b31a-63e8098fdd63}
			{28c458f5-602d-4ac9-a77c-b3f1be503a7e}
			{285c6964-c11a-499e-96d8-bf7c75a223c6}
			{ba340d47-2181-4ca0-a2f6-fae4479dab2a}
			{aff16770-9622-4fbc-a128-3088777605b9}
			{387d9432-a6d1-4474-82cd-0a89aae084ae}
			{19195a55-6da0-11d0-afd3-00c04fd930c9}
",,PIRATE,0x51aa1,DC01$,S-1-5-18,,,,,,,,,,
2025-07-29T03:59:30.421612Z,4662,DC01.pirate.htb,Microsoft-Windows-Security-Auditing,Security,16144,0,"%%7684
				",0x10,-,,,,,,,,,,,,,,,0x0,,,,,,,,,,,,,%{758c2aeb-ddef-4714-89b0-627f48efb6a5},DS,%{e0fa1e8c-9b45-11d0-afdd-00c04fd930c9},,Object Access,,,,,"%%7684
		{e48d0154-bcf8-11d1-8702-00c04fb96050}
			{bf9679e5-0de6-11d0-a285-00aa003049e2}
	{e0fa1e8c-9b45-11d0-afdd-00c04fd930c9}
",,PIRATE,0x51aa1,DC01$,S-1-5-18,,,,,,,,,,
2025-07-29T03:59:30.421616Z,4662,DC01.pirate.htb,Microsoft-Windows-Security-Auditing,Security,16145,0,"%%1538
				%%1542
				",0x1020000,-,,,,,,,,,,,,,,,0x0,,,,,,,,,,,,,%{758c2aeb-ddef-4714-89b0-627f48efb6a5},DS,%{e0fa1e8c-9b45-11d0-afdd-00c04fd930c9},,Object Access,,,,,"%%1538
%%1542
	{e0fa1e8c-9b45-11d0-afdd-00c04fd930c9}
",,PIRATE,0x51aa1,DC01$,S-1-5-18,,,,,,,,,,
