2025-06-11T14:17:08.176453Z,4662,DC01.pirate.htb,Microsoft-Windows-Security-Auditing,Security,15404,0,"%%7684
				",0x10,-,,,,,,,,,,,,,,,0x0,,,,,,,,,,,,,%{83a1511f-724f-4df3-9a44-6bd35a2b2f50},DS,%{e0fa1e8c-9b45-11d0-afdd-00c04fd930c9},,Object Access,,,,,"%%7684
	{e0fa1e8c-9b45-11d0-afdd-00c04fd930c9}
		{e48d0154-bcf8-11d1-8702-00c04fb96050}
			{bf9679e5-0de6-11d0-a285-00aa003049e2}
			{bf96793f-0de6-11d0-a285-00aa003049e2}
			{bf967950-0de6-11d0-a285-00aa003049e2}
			{bf9679e4-0de6-11d0-a285-00aa003049e2}
			{bf967a06-0de6-11d0-a285-00aa003049e2}
			{bf967954-0de6-11d0-a285-00aa003049e2}
			{bf967a1c-0de6-11d0-a285-00aa003049e2}
			{bf967a0e-0de6-11d0-a285-00aa003049e2}
			{bf9679e7-0de6-11d0-a285-00aa003049e2}
			{e0fa1e62-9b45-11d0-afdd-00c04fd930c9}
			{26d97369-6070-11d1-a9c6-0000f80367c1}
		{771727b1-31b8-4cdf-ae62-4fe39fadf89e}
			{167757bc-47f3-11d1-a9c3-0000f80367c1}
			{16775848-47f3-11d1-a9c3-0000f80367c1}
			{bf967a1e-0de6-11d0-a285-00aa003049e2}
			{bf967a1d-0de6-11d0-a285-00aa003049e2}
			{bf9679f4-0de6-11d0-a285-00aa003049e2}
			{bf967a6f-0de6-11d0-a285-00aa003049e2}
			{bf967a73-0de6-11d0-a285-00aa003049e2}
			{bf96791a-0de6-11d0-a285-00aa003049e2}
			{bf96798c-0de6-11d0-a285-00aa003049e2}
			{bf967972-0de6-11d0-a285-00aa003049e2}
			{bf967a71-0de6-11d0-a285-00aa003049e2}
			{bf967a78-0de6-11d0-a285-00aa003049e2}
			{bf967a77-0de6-11d0-a285-00aa003049e2}
			{a8df7498-c5ea-11d1-bbcb-0080c76670c0}
			{bf967a3c-0de6-11d0-a285-00aa003049e2}
			{bf967a16-0de6-11d0-a285-00aa003049e2}
			{bf967976-0de6-11d0-a285-00aa003049e2}
			{bf967a21-0de6-11d0-a285-00aa003049e2}
			{244b2970-5abd-11d0-afd2-00c04fd930c9}
			{66171887-8f3c-11d0-afda-00c04fd930c9}
			{bf967a70-0de6-11d0-a285-00aa003049e2}
			{e0fa1e69-9b45-11d0-afdd-00c04fd930c9}
			{3e10944d-c354-11d0-aff8-0000f80367c1}
			{26d9736e-6070-11d1-a9c6-0000f80367c1}
			{52458019-ca6a-11d0-afff-0000f80367c1}
			{e1aea404-cd5b-11d0-afff-0000f80367c1}
			{05308983-7688-11d1-aded-00c04fd8d5cd}
			{19405b9c-3cfa-11d1-a9c0-0000f80367c1}
			{19405b9e-3cfa-11d1-a9c0-0000f80367c1}
			{0296c124-40da-11d1-a9c0-0000f80367c1}
			{28630ec0-41d5-11d1-a9c1-0000f80367c1}
			{52ab8670-5709-11d1-a9c6-0000f80367c1}
			{bf96798f-0de6-11d0-a285-00aa003049e2}
			{d50c2cdb-8951-11d1-aebc-0000f80367c1}
			{07383082-91df-11d1-aebc-0000f80367c1}
			{00fbf30d-91fe-11d1-aebc-0000f80367c1}
			{2a132579-9373-11d1-aebc-0000f80367c1}
			{2a13257f-9373-11d1-aebc-0000f80367c1}
			{167758ad-47f3-11d1-a9c3-0000f80367c1}
			{e1aea402-cd5b-11d0-afff-0000f80367c1}
			{675a15fe-3b70-11d2-90cc-00c04fd91ab1}
			{d167aa4b-8b08-11d2-9939-0000f87a57d4}
			{1ea64e5d-ac0f-11d2-90df-00c04fd91ab1}
			{23773dc2-b63a-11d2-90e1-00c04fd91ab1}
			{178b7bc2-b63a-11d2-90e1-00c04fd91ab1}
			{e48e64e0-12c9-11d3-9102-00c04fd91ab1}
			{d5eb2eb7-be4e-463b-a214-634a44d7392e}
			{67f121dc-7d02-4c7d-82f5-9ad4c950ac34}
			{9e6f3a4d-242c-4f37-b068-36b57f9fc852}
			{2a8c68fc-3a7a-4e87-8720-fe77c51cbe74}
			{ececcd20-a7e0-4688-9ccf-02ece5e287f5}
			{a637d211-5739-4ed1-89b2-88974548bc59}
			{df446e52-b5fa-4ca2-a42f-13f98a526c8f}
			{f85b6228-3734-4525-b6b7-3f3bb220902c}
			{a0dcd536-5158-42fe-8c40-c00a7ad37959}
			{60234769-4819-4615-a1b2-49d2f119acb5}
			{2b702515-c1f7-4b3b-b148-c0e4c6ceecb4}
			{94f6f2ac-c76d-4b5e-b71f-f332c3e93c22}
			{5dd68c41-bfdf-438b-9b5d-39d9618bf260}
			{c8bc72e0-a6b4-48f0-94a5-fd76a88c9987}
			{ff155a2a-44e5-4de0-8318-13a58988de4f}
			{37c94ff6-c6d4-498f-b2f9-c6f7f8647809}
			{e8b2c971-a6df-47bc-8d6f-62770d527aa5}
			{f547511c-5b2a-44cc-8358-992a88258164}
			{5e6cf031-bda8-43c8-aca4-8fee4127005b}
			{5a2eacd7-cc2b-48cf-9d9a-b6f1a0024de9}
			{1a3d0d20-5844-4199-ad25-0f5039a76ada}
			{79abe4eb-88f3-48e7-89d6-f4bc7e98c331}
			{8fb59256-55f1-444b-aacb-f5b482fe3459}
			{8ab15858-683e-466d-877f-d640e1f9a611}
			{ce5b01bc-17c6-44b8-9dc1-a9668b00901b}
			{54d522db-ec95-48f5-9bbd-1880ebbb2180}
			{7469b704-edb0-4568-a5a5-59f4862c75a7}
			{998c06ac-3f87-444e-a5df-11b03dc8a50c}
			{ab5543ad-23a1-3b45-b937-9b313d5474a8}
			{5a5661a1-97c6-544b-8056-e430fe7bc554}
			{d5006229-9913-2242-8b17-83761d1e0e5b}
			{78565e80-03d4-4fe3-afac-8c3bca2f3653}
			{b002f407-1340-41eb-bca0-bd7d938e25a9}
			{34f6bdf5-2e79-4c3b-8e14-3d93b75aab89}
			{19195a55-6da0-11d0-afd3-00c04fd930c9}
			{7bd76b92-3244-438a-ada6-24f5ea34381e}
			{adde62c6-1880-41ed-bd3c-30b7d25e14f0}
			{5eb526d7-d71b-44ae-8cc6-95460052e6ac}
		{e45795b3-9455-11d1-aebd-0000f80367c1}
			{9a9a0221-4a5b-11d1-a9c3-0000f80367c1}
			{bf967a7a-0de6-11d0-a285-00aa003049e2}
		{59ba2f42-79a2-11d0-9020-00c04fc2d3cf}
			{bf967984-0de6-11d0-a285-00aa003049e2}
			{bf967919-0de6-11d0-a285-00aa003049e2}
			{bf967953-0de6-11d0-a285-00aa003049e2}
		{bc0ac240-79a9-11d0-9020-00c04fc2d4cf}
			{bf967991-0de6-11d0-a285-00aa003049e2}
",,PIRATE,0x464ec,Administrator,S-1-5-21-4107424128-4158083573-1300325248-500,,,,,,,,,,
2025-06-11T14:17:08.176458Z,4662,DC01.pirate.htb,Microsoft-Windows-Security-Auditing,Security,15405,0,"%%7682
				",0x4,-,,,,,,,,,,,,,,,0x0,,,,,,,,,,,,,%{afff0694-70ff-4985-9456-bb96e5b03812},DS,%{e0fa1e8b-9b45-11d0-afdd-00c04fd930c9},,Object Access,,,,,"%%7682
	{e0fa1e8b-9b45-11d0-afdd-00c04fd930c9}
",,PIRATE,0x464ec,Administrator,S-1-5-21-4107424128-4158083573-1300325248-500,,,,,,,,,,
2025-06-11T14:17:08.176459Z,4662,DC01.pirate.htb,Microsoft-Windows-Security-Auditing,Security,15406,0,"%%1538
				",0x20000,-,,,,,,,,,,,,,,,0x0,,,,,,,,,,,,,%{0b0d3777-6f3b-4ff3-8084-1efe0e23fc64},DS,%{e0fa1e8c-9b45-11d0-afdd-00c04fd930c9},,Object Access,,,,,"%%1538
	{e0fa1e8c-9b45-11d0-afdd-00c04fd930c9}
",,PIRATE,0x464ec,Administrator,S-1-5-21-4107424128-4158083573-1300325248-500,,,,,,,,,,
2025-06-11T14:17:08.176536Z,4662,DC01.pirate.htb,Microsoft-Windows-Security-Auditing,Security,15407,0,"%%7684
				",0x10,-,,,,,,,,,,,,,,,0x0,,,,,,,,,,,,,%{0b0d3777-6f3b-4ff3-8084-1efe0e23fc64},DS,%{e0fa1e8c-9b45-11d0-afdd-00c04fd930c9},,Object Access,,,,,"%%7684
	{e0fa1e8c-9b45-11d0-afdd-00c04fd930c9}
		{e48d0154-bcf8-11d1-8702-00c04fb96050}
			{bf9679e5-0de6-11d0-a285-00aa003049e2}
			{bf96793f-0de6-11d0-a285-00aa003049e2}
			{bf967950-0de6-11d0-a285-00aa003049e2}
			{bf9679e4-0de6-11d0-a285-00aa003049e2}
			{bf967a06-0de6-11d0-a285-00aa003049e2}
			{bf967954-0de6-11d0-a285-00aa003049e2}
			{bf967a1c-0de6-11d0-a285-00aa003049e2}
			{bf967a0e-0de6-11d0-a285-00aa003049e2}
			{bf9679e7-0de6-11d0-a285-00aa003049e2}
			{e0fa1e62-9b45-11d0-afdd-00c04fd930c9}
			{26d97369-6070-11d1-a9c6-0000f80367c1}
		{771727b1-31b8-4cdf-ae62-4fe39fadf89e}
			{167757bc-47f3-11d1-a9c3-0000f80367c1}
			{16775848-47f3-11d1-a9c3-0000f80367c1}
			{bf967a1e-0de6-11d0-a285-00aa003049e2}
			{bf967a1d-0de6-11d0-a285-00aa003049e2}
			{bf9679f4-0de6-11d0-a285-00aa003049e2}
			{bf967a6f-0de6-11d0-a285-00aa003049e2}
			{bf967a73-0de6-11d0-a285-00aa003049e2}
			{bf96791a-0de6-11d0-a285-00aa003049e2}
			{bf96798c-0de6-11d0-a285-00aa003049e2}
			{bf967972-0de6-11d0-a285-00aa003049e2}
			{bf967a71-0de6-11d0-a285-00aa003049e2}
			{bf967a78-0de6-11d0-a285-00aa003049e2}
			{bf967a77-0de6-11d0-a285-00aa003049e2}
			{a8df7498-c5ea-11d1-bbcb-0080c76670c0}
			{bf967a3c-0de6-11d0-a285-00aa003049e2}
			{bf967a16-0de6-11d0-a285-00aa003049e2}
			{bf967976-0de6-11d0-a285-00aa003049e2}
			{bf967a21-0de6-11d0-a285-00aa003049e2}
			{244b2970-5abd-11d0-afd2-00c04fd930c9}
			{66171887-8f3c-11d0-afda-00c04fd930c9}
			{bf967a70-0de6-11d0-a285-00aa003049e2}
			{e0fa1e69-9b45-11d0-afdd-00c04fd930c9}
			{3e10944d-c354-11d0-aff8-0000f80367c1}
			{26d9736e-6070-11d1-a9c6-0000f80367c1}
			{52458019-ca6a-11d0-afff-0000f80367c1}
			{e1aea404-cd5b-11d0-afff-0000f80367c1}
			{05308983-7688-11d1-aded-00c04fd8d5cd}
			{19405b9c-3cfa-11d1-a9c0-0000f80367c1}
			{19405b9e-3cfa-11d1-a9c0-0000f80367c1}
			{0296c124-40da-11d1-a9c0-0000f80367c1}
			{28630ec0-41d5-11d1-a9c1-0000f80367c1}
			{52ab8670-5709-11d1-a9c6-0000f80367c1}
			{bf96798f-0de6-11d0-a285-00aa003049e2}
			{d50c2cdb-8951-11d1-aebc-0000f80367c1}
			{07383082-91df-11d1-aebc-0000f80367c1}
			{00fbf30d-91fe-11d1-aebc-0000f80367c1}
			{2a132579-9373-11d1-aebc-0000f80367c1}
			{2a13257f-9373-11d1-aebc-0000f80367c1}
			{167758ad-47f3-11d1-a9c3-0000f80367c1}
			{e1aea402-cd5b-11d0-afff-0000f80367c1}
			{675a15fe-3b70-11d2-90cc-00c04fd91ab1}
			{d167aa4b-8b08-11d2-9939-0000f87a57d4}
			{1ea64e5d-ac0f-11d2-90df-00c04fd91ab1}
			{23773dc2-b63a-11d2-90e1-00c04fd91ab1}
			{178b7bc2-b63a-11d2-90e1-00c04fd91ab1}
			{e48e64e0-12c9-11d3-9102-00c04fd91ab1}
			{d5eb2eb7-be4e-463b-a214-634a44d7392e}
			{67f121dc-7d02-4c7d-82f5-9ad4c950ac34}
			{9e6f3a4d-242c-4f37-b068-36b57f9fc852}
			{2a8c68fc-3a7a-4e87-8720-fe77c51cbe74}
			{ececcd20-a7e0-4688-9ccf-02ece5e287f5}
			{a637d211-5739-4ed1-89b2-88974548bc59}
			{df446e52-b5fa-4ca2-a42f-13f98a526c8f}
			{f85b6228-3734-4525-b6b7-3f3bb220902c}
			{a0dcd536-5158-42fe-8c40-c00a7ad37959}
			{60234769-4819-4615-a1b2-49d2f119acb5}
			{2b702515-c1f7-4b3b-b148-c0e4c6ceecb4}
			{94f6f2ac-c76d-4b5e-b71f-f332c3e93c22}
			{5dd68c41-bfdf-438b-9b5d-39d9618bf260}
			{c8bc72e0-a6b4-48f0-94a5-fd76a88c9987}
			{ff155a2a-44e5-4de0-8318-13a58988de4f}
			{37c94ff6-c6d4-498f-b2f9-c6f7f8647809}
			{e8b2c971-a6df-47bc-8d6f-62770d527aa5}
			{f547511c-5b2a-44cc-8358-992a88258164}
			{5e6cf031-bda8-43c8-aca4-8fee4127005b}
			{5a2eacd7-cc2b-48cf-9d9a-b6f1a0024de9}
			{1a3d0d20-5844-4199-ad25-0f5039a76ada}
			{79abe4eb-88f3-48e7-89d6-f4bc7e98c331}
			{8fb59256-55f1-444b-aacb-f5b482fe3459}
			{8ab15858-683e-466d-877f-d640e1f9a611}
			{ce5b01bc-17c6-44b8-9dc1-a9668b00901b}
			{54d522db-ec95-48f5-9bbd-1880ebbb2180}
			{7469b704-edb0-4568-a5a5-59f4862c75a7}
			{998c06ac-3f87-444e-a5df-11b03dc8a50c}
			{ab5543ad-23a1-3b45-b937-9b313d5474a8}
			{5a5661a1-97c6-544b-8056-e430fe7bc554}
			{d5006229-9913-2242-8b17-83761d1e0e5b}
			{78565e80-03d4-4fe3-afac-8c3bca2f3653}
			{b002f407-1340-41eb-bca0-bd7d938e25a9}
			{34f6bdf5-2e79-4c3b-8e14-3d93b75aab89}
			{19195a55-6da0-11d0-afd3-00c04fd930c9}
			{7bd76b92-3244-438a-ada6-24f5ea34381e}
			{adde62c6-1880-41ed-bd3c-30b7d25e14f0}
			{5eb526d7-d71b-44ae-8cc6-95460052e6ac}
		{e45795b3-9455-11d1-aebd-0000f80367c1}
			{9a9a0221-4a5b-11d1-a9c3-0000f80367c1}
			{bf967a7a-0de6-11d0-a285-00aa003049e2}
		{59ba2f42-79a2-11d0-9020-00c04fc2d3cf}
			{bf967984-0de6-11d0-a285-00aa003049e2}
			{bf967919-0de6-11d0-a285-00aa003049e2}
			{bf967953-0de6-11d0-a285-00aa003049e2}
		{bc0ac240-79a9-11d0-9020-00c04fc2d4cf}
			{bf967991-0de6-11d0-a285-00aa003049e2}
",,PIRATE,0x464ec,Administrator,S-1-5-21-4107424128-4158083573-1300325248-500,,,,,,,,,,
2025-06-11T14:17:08.176539Z,4662,DC01.pirate.htb,Microsoft-Windows-Security-Auditing,Security,15408,0,"%%7682
				",0x4,-,,,,,,,,,,,,,,,0x0,,,,,,,,,,,,,%{afff0694-70ff-4985-9456-bb96e5b03812},DS,%{e0fa1e8b-9b45-11d0-afdd-00c04fd930c9},,Object Access,,,,,"%%7682
	{e0fa1e8b-9b45-11d0-afdd-00c04fd930c9}
",,PIRATE,0x464ec,Administrator,S-1-5-21-4107424128-4158083573-1300325248-500,,,,,,,,,,
2025-06-11T14:17:08.176541Z,4662,DC01.pirate.htb,Microsoft-Windows-Security-Auditing,Security,15409,0,"%%1538
				",0x20000,-,,,,,,,,,,,,,,,0x0,,,,,,,,,,,,,%{0bcb601d-ba63-4df6-8146-e192ecc57b43},DS,%{e0fa1e8c-9b45-11d0-afdd-00c04fd930c9},,Object Access,,,,,"%%1538
	{e0fa1e8c-9b45-11d0-afdd-00c04fd930c9}
",,PIRATE,0x464ec,Administrator,S-1-5-21-4107424128-4158083573-1300325248-500,,,,,,,,,,
2025-06-11T14:17:08.176616Z,4662,DC01.pirate.htb,Microsoft-Windows-Security-Auditing,Security,15410,0,"%%7684
				",0x10,-,,,,,,,,,,,,,,,0x0,,,,,,,,,,,,,%{0bcb601d-ba63-4df6-8146-e192ecc57b43},DS,%{e0fa1e8c-9b45-11d0-afdd-00c04fd930c9},,Object Access,,,,,"%%7684
	{e0fa1e8c-9b45-11d0-afdd-00c04fd930c9}
		{e48d0154-bcf8-11d1-8702-00c04fb96050}
			{bf9679e5-0de6-11d0-a285-00aa003049e2}
			{bf96793f-0de6-11d0-a285-00aa003049e2}
			{bf967950-0de6-11d0-a285-00aa003049e2}
			{bf9679e4-0de6-11d0-a285-00aa003049e2}
			{bf967a06-0de6-11d0-a285-00aa003049e2}
			{bf967954-0de6-11d0-a285-00aa003049e2}
			{bf967a1c-0de6-11d0-a285-00aa003049e2}
			{bf967a0e-0de6-11d0-a285-00aa003049e2}
			{bf9679e7-0de6-11d0-a285-00aa003049e2}
			{e0fa1e62-9b45-11d0-afdd-00c04fd930c9}
			{26d97369-6070-11d1-a9c6-0000f80367c1}
		{771727b1-31b8-4cdf-ae62-4fe39fadf89e}
			{167757bc-47f3-11d1-a9c3-0000f80367c1}
			{16775848-47f3-11d1-a9c3-0000f80367c1}
			{bf967a1e-0de6-11d0-a285-00aa003049e2}
			{bf967a1d-0de6-11d0-a285-00aa003049e2}
			{bf9679f4-0de6-11d0-a285-00aa003049e2}
			{bf967a6f-0de6-11d0-a285-00aa003049e2}
			{bf967a73-0de6-11d0-a285-00aa003049e2}
			{bf96791a-0de6-11d0-a285-00aa003049e2}
			{bf96798c-0de6-11d0-a285-00aa003049e2}
			{bf967972-0de6-11d0-a285-00aa003049e2}
			{bf967a71-0de6-11d0-a285-00aa003049e2}
			{bf967a78-0de6-11d0-a285-00aa003049e2}
			{bf967a77-0de6-11d0-a285-00aa003049e2}
			{a8df7498-c5ea-11d1-bbcb-0080c76670c0}
			{bf967a3c-0de6-11d0-a285-00aa003049e2}
			{bf967a16-0de6-11d0-a285-00aa003049e2}
			{bf967976-0de6-11d0-a285-00aa003049e2}
			{bf967a21-0de6-11d0-a285-00aa003049e2}
			{244b2970-5abd-11d0-afd2-00c04fd930c9}
			{66171887-8f3c-11d0-afda-00c04fd930c9}
			{bf967a70-0de6-11d0-a285-00aa003049e2}
			{e0fa1e69-9b45-11d0-afdd-00c04fd930c9}
			{3e10944d-c354-11d0-aff8-0000f80367c1}
			{26d9736e-6070-11d1-a9c6-0000f80367c1}
			{52458019-ca6a-11d0-afff-0000f80367c1}
			{e1aea404-cd5b-11d0-afff-0000f80367c1}
			{05308983-7688-11d1-aded-00c04fd8d5cd}
			{19405b9c-3cfa-11d1-a9c0-0000f80367c1}
			{19405b9e-3cfa-11d1-a9c0-0000f80367c1}
			{0296c124-40da-11d1-a9c0-0000f80367c1}
			{28630ec0-41d5-11d1-a9c1-0000f80367c1}
			{52ab8670-5709-11d1-a9c6-0000f80367c1}
			{bf96798f-0de6-11d0-a285-00aa003049e2}
			{d50c2cdb-8951-11d1-aebc-0000f80367c1}
			{07383082-91df-11d1-aebc-0000f80367c1}
			{00fbf30d-91fe-11d1-aebc-0000f80367c1}
			{2a132579-9373-11d1-aebc-0000f80367c1}
			{2a13257f-9373-11d1-aebc-0000f80367c1}
			{167758ad-47f3-11d1-a9c3-0000f80367c1}
			{e1aea402-cd5b-11d0-afff-0000f80367c1}
			{675a15fe-3b70-11d2-90cc-00c04fd91ab1}
			{d167aa4b-8b08-11d2-9939-0000f87a57d4}
			{1ea64e5d-ac0f-11d2-90df-00c04fd91ab1}
			{23773dc2-b63a-11d2-90e1-00c04fd91ab1}
			{178b7bc2-b63a-11d2-90e1-00c04fd91ab1}
			{e48e64e0-12c9-11d3-9102-00c04fd91ab1}
			{d5eb2eb7-be4e-463b-a214-634a44d7392e}
			{67f121dc-7d02-4c7d-82f5-9ad4c950ac34}
			{9e6f3a4d-242c-4f37-b068-36b57f9fc852}
			{2a8c68fc-3a7a-4e87-8720-fe77c51cbe74}
			{ececcd20-a7e0-4688-9ccf-02ece5e287f5}
			{a637d211-5739-4ed1-89b2-88974548bc59}
			{df446e52-b5fa-4ca2-a42f-13f98a526c8f}
			{f85b6228-3734-4525-b6b7-3f3bb220902c}
			{a0dcd536-5158-42fe-8c40-c00a7ad37959}
			{60234769-4819-4615-a1b2-49d2f119acb5}
			{2b702515-c1f7-4b3b-b148-c0e4c6ceecb4}
			{94f6f2ac-c76d-4b5e-b71f-f332c3e93c22}
			{5dd68c41-bfdf-438b-9b5d-39d9618bf260}
			{c8bc72e0-a6b4-48f0-94a5-fd76a88c9987}
			{ff155a2a-44e5-4de0-8318-13a58988de4f}
			{37c94ff6-c6d4-498f-b2f9-c6f7f8647809}
			{e8b2c971-a6df-47bc-8d6f-62770d527aa5}
			{f547511c-5b2a-44cc-8358-992a88258164}
			{5e6cf031-bda8-43c8-aca4-8fee4127005b}
			{5a2eacd7-cc2b-48cf-9d9a-b6f1a0024de9}
			{1a3d0d20-5844-4199-ad25-0f5039a76ada}
			{79abe4eb-88f3-48e7-89d6-f4bc7e98c331}
			{8fb59256-55f1-444b-aacb-f5b482fe3459}
			{8ab15858-683e-466d-877f-d640e1f9a611}
			{ce5b01bc-17c6-44b8-9dc1-a9668b00901b}
			{54d522db-ec95-48f5-9bbd-1880ebbb2180}
			{7469b704-edb0-4568-a5a5-59f4862c75a7}
			{998c06ac-3f87-444e-a5df-11b03dc8a50c}
			{ab5543ad-23a1-3b45-b937-9b313d5474a8}
			{5a5661a1-97c6-544b-8056-e430fe7bc554}
			{d5006229-9913-2242-8b17-83761d1e0e5b}
			{78565e80-03d4-4fe3-afac-8c3bca2f3653}
			{b002f407-1340-41eb-bca0-bd7d938e25a9}
			{34f6bdf5-2e79-4c3b-8e14-3d93b75aab89}
			{19195a55-6da0-11d0-afd3-00c04fd930c9}
			{7bd76b92-3244-438a-ada6-24f5ea34381e}
			{adde62c6-1880-41ed-bd3c-30b7d25e14f0}
			{5eb526d7-d71b-44ae-8cc6-95460052e6ac}
		{e45795b3-9455-11d1-aebd-0000f80367c1}
			{9a9a0221-4a5b-11d1-a9c3-0000f80367c1}
			{bf967a7a-0de6-11d0-a285-00aa003049e2}
		{59ba2f42-79a2-11d0-9020-00c04fc2d3cf}
			{bf967984-0de6-11d0-a285-00aa003049e2}
			{bf967919-0de6-11d0-a285-00aa003049e2}
			{bf967953-0de6-11d0-a285-00aa003049e2}
		{bc0ac240-79a9-11d0-9020-00c04fc2d4cf}
			{bf967991-0de6-11d0-a285-00aa003049e2}
",,PIRATE,0x464ec,Administrator,S-1-5-21-4107424128-4158083573-1300325248-500,,,,,,,,,,
2025-06-11T14:17:08.176619Z,4662,DC01.pirate.htb,Microsoft-Windows-Security-Auditing,Security,15411,0,"%%7682
				",0x4,-,,,,,,,,,,,,,,,0x0,,,,,,,,,,,,,%{afff0694-70ff-4985-9456-bb96e5b03812},DS,%{e0fa1e8b-9b45-11d0-afdd-00c04fd930c9},,Object Access,,,,,"%%7682
	{e0fa1e8b-9b45-11d0-afdd-00c04fd930c9}
",,PIRATE,0x464ec,Administrator,S-1-5-21-4107424128-4158083573-1300325248-500,,,,,,,,,,
2025-06-11T14:17:08.176620Z,4662,DC01.pirate.htb,Microsoft-Windows-Security-Auditing,Security,15412,0,"%%1538
				",0x20000,-,,,,,,,,,,,,,,,0x0,,,,,,,,,,,,,%{1043e205-7076-4fa9-b74a-0fc12f106748},DS,%{e0fa1e8c-9b45-11d0-afdd-00c04fd930c9},,Object Access,,,,,"%%1538
	{e0fa1e8c-9b45-11d0-afdd-00c04fd930c9}
",,PIRATE,0x464ec,Administrator,S-1-5-21-4107424128-4158083573-1300325248-500,,,,,,,,,,
2025-06-11T14:17:08.176696Z,4662,DC01.pirate.htb,Microsoft-Windows-Security-Auditing,Security,15413,0,"%%7684
				",0x10,-,,,,,,,,,,,,,,,0x0,,,,,,,,,,,,,%{1043e205-7076-4fa9-b74a-0fc12f106748},DS,%{e0fa1e8c-9b45-11d0-afdd-00c04fd930c9},,Object Access,,,,,"%%7684
	{e0fa1e8c-9b45-11d0-afdd-00c04fd930c9}
		{e48d0154-bcf8-11d1-8702-00c04fb96050}
			{bf9679e5-0de6-11d0-a285-00aa003049e2}
			{bf96793f-0de6-11d0-a285-00aa003049e2}
			{bf967950-0de6-11d0-a285-00aa003049e2}
			{bf9679e4-0de6-11d0-a285-00aa003049e2}
			{bf967a06-0de6-11d0-a285-00aa003049e2}
			{bf967954-0de6-11d0-a285-00aa003049e2}
			{bf967a1c-0de6-11d0-a285-00aa003049e2}
			{bf967a0e-0de6-11d0-a285-00aa003049e2}
			{bf9679e7-0de6-11d0-a285-00aa003049e2}
			{e0fa1e62-9b45-11d0-afdd-00c04fd930c9}
			{26d97369-6070-11d1-a9c6-0000f80367c1}
		{771727b1-31b8-4cdf-ae62-4fe39fadf89e}
			{167757bc-47f3-11d1-a9c3-0000f80367c1}
			{16775848-47f3-11d1-a9c3-0000f80367c1}
			{bf967a1e-0de6-11d0-a285-00aa003049e2}
			{bf967a1d-0de6-11d0-a285-00aa003049e2}
			{bf9679f4-0de6-11d0-a285-00aa003049e2}
			{bf967a6f-0de6-11d0-a285-00aa003049e2}
			{bf967a73-0de6-11d0-a285-00aa003049e2}
			{bf96791a-0de6-11d0-a285-00aa003049e2}
			{bf96798c-0de6-11d0-a285-00aa003049e2}
			{bf967972-0de6-11d0-a285-00aa003049e2}
			{bf967a71-0de6-11d0-a285-00aa003049e2}
			{bf967a78-0de6-11d0-a285-00aa003049e2}
			{bf967a77-0de6-11d0-a285-00aa003049e2}
			{a8df7498-c5ea-11d1-bbcb-0080c76670c0}
			{bf967a3c-0de6-11d0-a285-00aa003049e2}
			{bf967a16-0de6-11d0-a285-00aa003049e2}
			{bf967976-0de6-11d0-a285-00aa003049e2}
			{bf967a21-0de6-11d0-a285-00aa003049e2}
			{244b2970-5abd-11d0-afd2-00c04fd930c9}
			{66171887-8f3c-11d0-afda-00c04fd930c9}
			{bf967a70-0de6-11d0-a285-00aa003049e2}
			{e0fa1e69-9b45-11d0-afdd-00c04fd930c9}
			{3e10944d-c354-11d0-aff8-0000f80367c1}
			{26d9736e-6070-11d1-a9c6-0000f80367c1}
			{52458019-ca6a-11d0-afff-0000f80367c1}
			{e1aea404-cd5b-11d0-afff-0000f80367c1}
			{05308983-7688-11d1-aded-00c04fd8d5cd}
			{19405b9c-3cfa-11d1-a9c0-0000f80367c1}
			{19405b9e-3cfa-11d1-a9c0-0000f80367c1}
			{0296c124-40da-11d1-a9c0-0000f80367c1}
			{28630ec0-41d5-11d1-a9c1-0000f80367c1}
			{52ab8670-5709-11d1-a9c6-0000f80367c1}
			{bf96798f-0de6-11d0-a285-00aa003049e2}
			{d50c2cdb-8951-11d1-aebc-0000f80367c1}
			{07383082-91df-11d1-aebc-0000f80367c1}
			{00fbf30d-91fe-11d1-aebc-0000f80367c1}
			{2a132579-9373-11d1-aebc-0000f80367c1}
			{2a13257f-9373-11d1-aebc-0000f80367c1}
			{167758ad-47f3-11d1-a9c3-0000f80367c1}
			{e1aea402-cd5b-11d0-afff-0000f80367c1}
			{675a15fe-3b70-11d2-90cc-00c04fd91ab1}
			{d167aa4b-8b08-11d2-9939-0000f87a57d4}
			{1ea64e5d-ac0f-11d2-90df-00c04fd91ab1}
			{23773dc2-b63a-11d2-90e1-00c04fd91ab1}
			{178b7bc2-b63a-11d2-90e1-00c04fd91ab1}
			{e48e64e0-12c9-11d3-9102-00c04fd91ab1}
			{d5eb2eb7-be4e-463b-a214-634a44d7392e}
			{67f121dc-7d02-4c7d-82f5-9ad4c950ac34}
			{9e6f3a4d-242c-4f37-b068-36b57f9fc852}
			{2a8c68fc-3a7a-4e87-8720-fe77c51cbe74}
			{ececcd20-a7e0-4688-9ccf-02ece5e287f5}
			{a637d211-5739-4ed1-89b2-88974548bc59}
			{df446e52-b5fa-4ca2-a42f-13f98a526c8f}
			{f85b6228-3734-4525-b6b7-3f3bb220902c}
			{a0dcd536-5158-42fe-8c40-c00a7ad37959}
			{60234769-4819-4615-a1b2-49d2f119acb5}
			{2b702515-c1f7-4b3b-b148-c0e4c6ceecb4}
			{94f6f2ac-c76d-4b5e-b71f-f332c3e93c22}
			{5dd68c41-bfdf-438b-9b5d-39d9618bf260}
			{c8bc72e0-a6b4-48f0-94a5-fd76a88c9987}
			{ff155a2a-44e5-4de0-8318-13a58988de4f}
			{37c94ff6-c6d4-498f-b2f9-c6f7f8647809}
			{e8b2c971-a6df-47bc-8d6f-62770d527aa5}
			{f547511c-5b2a-44cc-8358-992a88258164}
			{5e6cf031-bda8-43c8-aca4-8fee4127005b}
			{5a2eacd7-cc2b-48cf-9d9a-b6f1a0024de9}
			{1a3d0d20-5844-4199-ad25-0f5039a76ada}
			{79abe4eb-88f3-48e7-89d6-f4bc7e98c331}
			{8fb59256-55f1-444b-aacb-f5b482fe3459}
			{8ab15858-683e-466d-877f-d640e1f9a611}
			{ce5b01bc-17c6-44b8-9dc1-a9668b00901b}
			{54d522db-ec95-48f5-9bbd-1880ebbb2180}
			{7469b704-edb0-4568-a5a5-59f4862c75a7}
			{998c06ac-3f87-444e-a5df-11b03dc8a50c}
			{ab5543ad-23a1-3b45-b937-9b313d5474a8}
			{5a5661a1-97c6-544b-8056-e430fe7bc554}
			{d5006229-9913-2242-8b17-83761d1e0e5b}
			{78565e80-03d4-4fe3-afac-8c3bca2f3653}
			{b002f407-1340-41eb-bca0-bd7d938e25a9}
			{34f6bdf5-2e79-4c3b-8e14-3d93b75aab89}
			{19195a55-6da0-11d0-afd3-00c04fd930c9}
			{7bd76b92-3244-438a-ada6-24f5ea34381e}
			{adde62c6-1880-41ed-bd3c-30b7d25e14f0}
			{5eb526d7-d71b-44ae-8cc6-95460052e6ac}
		{e45795b3-9455-11d1-aebd-0000f80367c1}
			{9a9a0221-4a5b-11d1-a9c3-0000f80367c1}
			{bf967a7a-0de6-11d0-a285-00aa003049e2}
		{59ba2f42-79a2-11d0-9020-00c04fc2d3cf}
			{bf967984-0de6-11d0-a285-00aa003049e2}
			{bf967919-0de6-11d0-a285-00aa003049e2}
			{bf967953-0de6-11d0-a285-00aa003049e2}
		{bc0ac240-79a9-11d0-9020-00c04fc2d4cf}
			{bf967991-0de6-11d0-a285-00aa003049e2}
",,PIRATE,0x464ec,Administrator,S-1-5-21-4107424128-4158083573-1300325248-500,,,,,,,,,,
2025-06-11T14:17:08.176699Z,4662,DC01.pirate.htb,Microsoft-Windows-Security-Auditing,Security,15414,0,"%%7682
				",0x4,-,,,,,,,,,,,,,,,0x0,,,,,,,,,,,,,%{afff0694-70ff-4985-9456-bb96e5b03812},DS,%{e0fa1e8b-9b45-11d0-afdd-00c04fd930c9},,Object Access,,,,,"%%7682
	{e0fa1e8b-9b45-11d0-afdd-00c04fd930c9}
",,PIRATE,0x464ec,Administrator,S-1-5-21-4107424128-4158083573-1300325248-500,,,,,,,,,,
2025-06-11T14:17:08.176700Z,4662,DC01.pirate.htb,Microsoft-Windows-Security-Auditing,Security,15415,0,"%%1538
				",0x20000,-,,,,,,,,,,,,,,,0x0,,,,,,,,,,,,,%{27edafa5-bfe4-48d4-91c3-fc68f5ffb639},DS,%{e0fa1e8c-9b45-11d0-afdd-00c04fd930c9},,Object Access,,,,,"%%1538
	{e0fa1e8c-9b45-11d0-afdd-00c04fd930c9}
",,PIRATE,0x464ec,Administrator,S-1-5-21-4107424128-4158083573-1300325248-500,,,,,,,,,,
2025-06-11T14:17:08.176777Z,4662,DC01.pirate.htb,Microsoft-Windows-Security-Auditing,Security,15416,0,"%%7684
				",0x10,-,,,,,,,,,,,,,,,0x0,,,,,,,,,,,,,%{27edafa5-bfe4-48d4-91c3-fc68f5ffb639},DS,%{e0fa1e8c-9b45-11d0-afdd-00c04fd930c9},,Object Access,,,,,"%%7684
	{e0fa1e8c-9b45-11d0-afdd-00c04fd930c9}
		{e48d0154-bcf8-11d1-8702-00c04fb96050}
			{bf9679e5-0de6-11d0-a285-00aa003049e2}
			{bf96793f-0de6-11d0-a285-00aa003049e2}
			{bf967950-0de6-11d0-a285-00aa003049e2}
			{bf9679e4-0de6-11d0-a285-00aa003049e2}
			{bf967a06-0de6-11d0-a285-00aa003049e2}
			{bf967954-0de6-11d0-a285-00aa003049e2}
			{bf967a1c-0de6-11d0-a285-00aa003049e2}
			{bf967a0e-0de6-11d0-a285-00aa003049e2}
			{bf9679e7-0de6-11d0-a285-00aa003049e2}
			{e0fa1e62-9b45-11d0-afdd-00c04fd930c9}
			{26d97369-6070-11d1-a9c6-0000f80367c1}
		{771727b1-31b8-4cdf-ae62-4fe39fadf89e}
			{167757bc-47f3-11d1-a9c3-0000f80367c1}
			{16775848-47f3-11d1-a9c3-0000f80367c1}
			{bf967a1e-0de6-11d0-a285-00aa003049e2}
			{bf967a1d-0de6-11d0-a285-00aa003049e2}
			{bf9679f4-0de6-11d0-a285-00aa003049e2}
			{bf967a6f-0de6-11d0-a285-00aa003049e2}
			{bf967a73-0de6-11d0-a285-00aa003049e2}
			{bf96791a-0de6-11d0-a285-00aa003049e2}
			{bf96798c-0de6-11d0-a285-00aa003049e2}
			{bf967972-0de6-11d0-a285-00aa003049e2}
			{bf967a71-0de6-11d0-a285-00aa003049e2}
			{bf967a78-0de6-11d0-a285-00aa003049e2}
			{bf967a77-0de6-11d0-a285-00aa003049e2}
			{a8df7498-c5ea-11d1-bbcb-0080c76670c0}
			{bf967a3c-0de6-11d0-a285-00aa003049e2}
			{bf967a16-0de6-11d0-a285-00aa003049e2}
			{bf967976-0de6-11d0-a285-00aa003049e2}
			{bf967a21-0de6-11d0-a285-00aa003049e2}
			{244b2970-5abd-11d0-afd2-00c04fd930c9}
			{66171887-8f3c-11d0-afda-00c04fd930c9}
			{bf967a70-0de6-11d0-a285-00aa003049e2}
			{e0fa1e69-9b45-11d0-afdd-00c04fd930c9}
			{3e10944d-c354-11d0-aff8-0000f80367c1}
			{26d9736e-6070-11d1-a9c6-0000f80367c1}
			{52458019-ca6a-11d0-afff-0000f80367c1}
			{e1aea404-cd5b-11d0-afff-0000f80367c1}
			{05308983-7688-11d1-aded-00c04fd8d5cd}
			{19405b9c-3cfa-11d1-a9c0-0000f80367c1}
			{19405b9e-3cfa-11d1-a9c0-0000f80367c1}
			{0296c124-40da-11d1-a9c0-0000f80367c1}
			{28630ec0-41d5-11d1-a9c1-0000f80367c1}
			{52ab8670-5709-11d1-a9c6-0000f80367c1}
			{bf96798f-0de6-11d0-a285-00aa003049e2}
			{d50c2cdb-8951-11d1-aebc-0000f80367c1}
			{07383082-91df-11d1-aebc-0000f80367c1}
			{00fbf30d-91fe-11d1-aebc-0000f80367c1}
			{2a132579-9373-11d1-aebc-0000f80367c1}
			{2a13257f-9373-11d1-aebc-0000f80367c1}
			{167758ad-47f3-11d1-a9c3-0000f80367c1}
			{e1aea402-cd5b-11d0-afff-0000f80367c1}
			{675a15fe-3b70-11d2-90cc-00c04fd91ab1}
			{d167aa4b-8b08-11d2-9939-0000f87a57d4}
			{1ea64e5d-ac0f-11d2-90df-00c04fd91ab1}
			{23773dc2-b63a-11d2-90e1-00c04fd91ab1}
			{178b7bc2-b63a-11d2-90e1-00c04fd91ab1}
			{e48e64e0-12c9-11d3-9102-00c04fd91ab1}
			{d5eb2eb7-be4e-463b-a214-634a44d7392e}
			{67f121dc-7d02-4c7d-82f5-9ad4c950ac34}
			{9e6f3a4d-242c-4f37-b068-36b57f9fc852}
			{2a8c68fc-3a7a-4e87-8720-fe77c51cbe74}
			{ececcd20-a7e0-4688-9ccf-02ece5e287f5}
			{a637d211-5739-4ed1-89b2-88974548bc59}
			{df446e52-b5fa-4ca2-a42f-13f98a526c8f}
			{f85b6228-3734-4525-b6b7-3f3bb220902c}
			{a0dcd536-5158-42fe-8c40-c00a7ad37959}
			{60234769-4819-4615-a1b2-49d2f119acb5}
			{2b702515-c1f7-4b3b-b148-c0e4c6ceecb4}
			{94f6f2ac-c76d-4b5e-b71f-f332c3e93c22}
			{5dd68c41-bfdf-438b-9b5d-39d9618bf260}
			{c8bc72e0-a6b4-48f0-94a5-fd76a88c9987}
			{ff155a2a-44e5-4de0-8318-13a58988de4f}
			{37c94ff6-c6d4-498f-b2f9-c6f7f8647809}
			{e8b2c971-a6df-47bc-8d6f-62770d527aa5}
			{f547511c-5b2a-44cc-8358-992a88258164}
			{5e6cf031-bda8-43c8-aca4-8fee4127005b}
			{5a2eacd7-cc2b-48cf-9d9a-b6f1a0024de9}
			{1a3d0d20-5844-4199-ad25-0f5039a76ada}
			{79abe4eb-88f3-48e7-89d6-f4bc7e98c331}
			{8fb59256-55f1-444b-aacb-f5b482fe3459}
			{8ab15858-683e-466d-877f-d640e1f9a611}
			{ce5b01bc-17c6-44b8-9dc1-a9668b00901b}
			{54d522db-ec95-48f5-9bbd-1880ebbb2180}
			{7469b704-edb0-4568-a5a5-59f4862c75a7}
			{998c06ac-3f87-444e-a5df-11b03dc8a50c}
			{ab5543ad-23a1-3b45-b937-9b313d5474a8}
			{5a5661a1-97c6-544b-8056-e430fe7bc554}
			{d5006229-9913-2242-8b17-83761d1e0e5b}
			{78565e80-03d4-4fe3-afac-8c3bca2f3653}
			{b002f407-1340-41eb-bca0-bd7d938e25a9}
			{34f6bdf5-2e79-4c3b-8e14-3d93b75aab89}
			{19195a55-6da0-11d0-afd3-00c04fd930c9}
			{7bd76b92-3244-438a-ada6-24f5ea34381e}
			{adde62c6-1880-41ed-bd3c-30b7d25e14f0}
			{5eb526d7-d71b-44ae-8cc6-95460052e6ac}
		{e45795b3-9455-11d1-aebd-0000f80367c1}
			{9a9a0221-4a5b-11d1-a9c3-0000f80367c1}
			{bf967a7a-0de6-11d0-a285-00aa003049e2}
		{59ba2f42-79a2-11d0-9020-00c04fc2d3cf}
			{bf967984-0de6-11d0-a285-00aa003049e2}
			{bf967919-0de6-11d0-a285-00aa003049e2}
			{bf967953-0de6-11d0-a285-00aa003049e2}
		{bc0ac240-79a9-11d0-9020-00c04fc2d4cf}
			{bf967991-0de6-11d0-a285-00aa003049e2}
",,PIRATE,0x464ec,Administrator,S-1-5-21-4107424128-4158083573-1300325248-500,,,,,,,,,,
2025-06-11T14:17:08.176779Z,4662,DC01.pirate.htb,Microsoft-Windows-Security-Auditing,Security,15417,0,"%%7682
				",0x4,-,,,,,,,,,,,,,,,0x0,,,,,,,,,,,,,%{afff0694-70ff-4985-9456-bb96e5b03812},DS,%{e0fa1e8b-9b45-11d0-afdd-00c04fd930c9},,Object Access,,,,,"%%7682
	{e0fa1e8b-9b45-11d0-afdd-00c04fd930c9}
",,PIRATE,0x464ec,Administrator,S-1-5-21-4107424128-4158083573-1300325248-500,,,,,,,,,,
2025-06-11T14:17:08.176781Z,4662,DC01.pirate.htb,Microsoft-Windows-Security-Auditing,Security,15418,0,"%%1538
				",0x20000,-,,,,,,,,,,,,,,,0x0,,,,,,,,,,,,,%{122bbef9-a7a8-4fd5-b3ae-8adfa6638e7f},DS,%{e0fa1e8c-9b45-11d0-afdd-00c04fd930c9},,Object Access,,,,,"%%1538
	{e0fa1e8c-9b45-11d0-afdd-00c04fd930c9}
",,PIRATE,0x464ec,Administrator,S-1-5-21-4107424128-4158083573-1300325248-500,,,,,,,,,,
2025-06-11T14:17:08.176858Z,4662,DC01.pirate.htb,Microsoft-Windows-Security-Auditing,Security,15419,0,"%%7684
				",0x10,-,,,,,,,,,,,,,,,0x0,,,,,,,,,,,,,%{122bbef9-a7a8-4fd5-b3ae-8adfa6638e7f},DS,%{e0fa1e8c-9b45-11d0-afdd-00c04fd930c9},,Object Access,,,,,"%%7684
	{e0fa1e8c-9b45-11d0-afdd-00c04fd930c9}
		{e48d0154-bcf8-11d1-8702-00c04fb96050}
			{bf9679e5-0de6-11d0-a285-00aa003049e2}
			{bf96793f-0de6-11d0-a285-00aa003049e2}
			{bf967950-0de6-11d0-a285-00aa003049e2}
			{bf9679e4-0de6-11d0-a285-00aa003049e2}
			{bf967a06-0de6-11d0-a285-00aa003049e2}
			{bf967954-0de6-11d0-a285-00aa003049e2}
			{bf967a1c-0de6-11d0-a285-00aa003049e2}
			{bf967a0e-0de6-11d0-a285-00aa003049e2}
			{bf9679e7-0de6-11d0-a285-00aa003049e2}
			{e0fa1e62-9b45-11d0-afdd-00c04fd930c9}
			{26d97369-6070-11d1-a9c6-0000f80367c1}
		{771727b1-31b8-4cdf-ae62-4fe39fadf89e}
			{167757bc-47f3-11d1-a9c3-0000f80367c1}
			{16775848-47f3-11d1-a9c3-0000f80367c1}
			{bf967a1e-0de6-11d0-a285-00aa003049e2}
			{bf967a1d-0de6-11d0-a285-00aa003049e2}
			{bf9679f4-0de6-11d0-a285-00aa003049e2}
			{bf967a6f-0de6-11d0-a285-00aa003049e2}
			{bf967a73-0de6-11d0-a285-00aa003049e2}
			{bf96791a-0de6-11d0-a285-00aa003049e2}
			{bf96798c-0de6-11d0-a285-00aa003049e2}
			{bf967972-0de6-11d0-a285-00aa003049e2}
			{bf967a71-0de6-11d0-a285-00aa003049e2}
			{bf967a78-0de6-11d0-a285-00aa003049e2}
			{bf967a77-0de6-11d0-a285-00aa003049e2}
			{a8df7498-c5ea-11d1-bbcb-0080c76670c0}
			{bf967a3c-0de6-11d0-a285-00aa003049e2}
			{bf967a16-0de6-11d0-a285-00aa003049e2}
			{bf967976-0de6-11d0-a285-00aa003049e2}
			{bf967a21-0de6-11d0-a285-00aa003049e2}
			{244b2970-5abd-11d0-afd2-00c04fd930c9}
			{66171887-8f3c-11d0-afda-00c04fd930c9}
			{bf967a70-0de6-11d0-a285-00aa003049e2}
			{e0fa1e69-9b45-11d0-afdd-00c04fd930c9}
			{3e10944d-c354-11d0-aff8-0000f80367c1}
			{26d9736e-6070-11d1-a9c6-0000f80367c1}
			{52458019-ca6a-11d0-afff-0000f80367c1}
			{e1aea404-cd5b-11d0-afff-0000f80367c1}
			{05308983-7688-11d1-aded-00c04fd8d5cd}
			{19405b9c-3cfa-11d1-a9c0-0000f80367c1}
			{19405b9e-3cfa-11d1-a9c0-0000f80367c1}
			{0296c124-40da-11d1-a9c0-0000f80367c1}
			{28630ec0-41d5-11d1-a9c1-0000f80367c1}
			{52ab8670-5709-11d1-a9c6-0000f80367c1}
			{bf96798f-0de6-11d0-a285-00aa003049e2}
			{d50c2cdb-8951-11d1-aebc-0000f80367c1}
			{07383082-91df-11d1-aebc-0000f80367c1}
			{00fbf30d-91fe-11d1-aebc-0000f80367c1}
			{2a132579-9373-11d1-aebc-0000f80367c1}
			{2a13257f-9373-11d1-aebc-0000f80367c1}
			{167758ad-47f3-11d1-a9c3-0000f80367c1}
			{e1aea402-cd5b-11d0-afff-0000f80367c1}
			{675a15fe-3b70-11d2-90cc-00c04fd91ab1}
			{d167aa4b-8b08-11d2-9939-0000f87a57d4}
			{1ea64e5d-ac0f-11d2-90df-00c04fd91ab1}
			{23773dc2-b63a-11d2-90e1-00c04fd91ab1}
			{178b7bc2-b63a-11d2-90e1-00c04fd91ab1}
			{e48e64e0-12c9-11d3-9102-00c04fd91ab1}
			{d5eb2eb7-be4e-463b-a214-634a44d7392e}
			{67f121dc-7d02-4c7d-82f5-9ad4c950ac34}
			{9e6f3a4d-242c-4f37-b068-36b57f9fc852}
			{2a8c68fc-3a7a-4e87-8720-fe77c51cbe74}
			{ececcd20-a7e0-4688-9ccf-02ece5e287f5}
			{a637d211-5739-4ed1-89b2-88974548bc59}
			{df446e52-b5fa-4ca2-a42f-13f98a526c8f}
			{f85b6228-3734-4525-b6b7-3f3bb220902c}
			{a0dcd536-5158-42fe-8c40-c00a7ad37959}
			{60234769-4819-4615-a1b2-49d2f119acb5}
			{2b702515-c1f7-4b3b-b148-c0e4c6ceecb4}
			{94f6f2ac-c76d-4b5e-b71f-f332c3e93c22}
			{5dd68c41-bfdf-438b-9b5d-39d9618bf260}
			{c8bc72e0-a6b4-48f0-94a5-fd76a88c9987}
			{ff155a2a-44e5-4de0-8318-13a58988de4f}
			{37c94ff6-c6d4-498f-b2f9-c6f7f8647809}
			{e8b2c971-a6df-47bc-8d6f-62770d527aa5}
			{f547511c-5b2a-44cc-8358-992a88258164}
			{5e6cf031-bda8-43c8-aca4-8fee4127005b}
			{5a2eacd7-cc2b-48cf-9d9a-b6f1a0024de9}
			{1a3d0d20-5844-4199-ad25-0f5039a76ada}
			{79abe4eb-88f3-48e7-89d6-f4bc7e98c331}
			{8fb59256-55f1-444b-aacb-f5b482fe3459}
			{8ab15858-683e-466d-877f-d640e1f9a611}
			{ce5b01bc-17c6-44b8-9dc1-a9668b00901b}
			{54d522db-ec95-48f5-9bbd-1880ebbb2180}
			{7469b704-edb0-4568-a5a5-59f4862c75a7}
			{998c06ac-3f87-444e-a5df-11b03dc8a50c}
			{ab5543ad-23a1-3b45-b937-9b313d5474a8}
			{5a5661a1-97c6-544b-8056-e430fe7bc554}
			{d5006229-9913-2242-8b17-83761d1e0e5b}
			{78565e80-03d4-4fe3-afac-8c3bca2f3653}
			{b002f407-1340-41eb-bca0-bd7d938e25a9}
			{34f6bdf5-2e79-4c3b-8e14-3d93b75aab89}
			{19195a55-6da0-11d0-afd3-00c04fd930c9}
			{7bd76b92-3244-438a-ada6-24f5ea34381e}
			{adde62c6-1880-41ed-bd3c-30b7d25e14f0}
			{5eb526d7-d71b-44ae-8cc6-95460052e6ac}
		{e45795b3-9455-11d1-aebd-0000f80367c1}
			{9a9a0221-4a5b-11d1-a9c3-0000f80367c1}
			{bf967a7a-0de6-11d0-a285-00aa003049e2}
		{59ba2f42-79a2-11d0-9020-00c04fc2d3cf}
			{bf967984-0de6-11d0-a285-00aa003049e2}
			{bf967919-0de6-11d0-a285-00aa003049e2}
			{bf967953-0de6-11d0-a285-00aa003049e2}
		{bc0ac240-79a9-11d0-9020-00c04fc2d4cf}
			{bf967991-0de6-11d0-a285-00aa003049e2}
",,PIRATE,0x464ec,Administrator,S-1-5-21-4107424128-4158083573-1300325248-500,,,,,,,,,,
2025-06-11T14:17:08.176860Z,4662,DC01.pirate.htb,Microsoft-Windows-Security-Auditing,Security,15420,0,"%%7682
				",0x4,-,,,,,,,,,,,,,,,0x0,,,,,,,,,,,,,%{afff0694-70ff-4985-9456-bb96e5b03812},DS,%{e0fa1e8b-9b45-11d0-afdd-00c04fd930c9},,Object Access,,,,,"%%7682
	{e0fa1e8b-9b45-11d0-afdd-00c04fd930c9}
",,PIRATE,0x464ec,Administrator,S-1-5-21-4107424128-4158083573-1300325248-500,,,,,,,,,,
2025-06-11T14:17:08.176862Z,4662,DC01.pirate.htb,Microsoft-Windows-Security-Auditing,Security,15421,0,"%%1538
				",0x20000,-,,,,,,,,,,,,,,,0x0,,,,,,,,,,,,,%{6d3f5445-e2ba-477e-bca5-81da774e1e1e},DS,%{e0fa1e8c-9b45-11d0-afdd-00c04fd930c9},,Object Access,,,,,"%%1538
	{e0fa1e8c-9b45-11d0-afdd-00c04fd930c9}
",,PIRATE,0x464ec,Administrator,S-1-5-21-4107424128-4158083573-1300325248-500,,,,,,,,,,
2025-06-11T14:17:08.176960Z,4662,DC01.pirate.htb,Microsoft-Windows-Security-Auditing,Security,15422,0,"%%7684
				",0x10,-,,,,,,,,,,,,,,,0x0,,,,,,,,,,,,,%{6d3f5445-e2ba-477e-bca5-81da774e1e1e},DS,%{e0fa1e8c-9b45-11d0-afdd-00c04fd930c9},,Object Access,,,,,"%%7684
	{e0fa1e8c-9b45-11d0-afdd-00c04fd930c9}
		{e48d0154-bcf8-11d1-8702-00c04fb96050}
			{bf9679e5-0de6-11d0-a285-00aa003049e2}
			{bf96793f-0de6-11d0-a285-00aa003049e2}
			{bf967950-0de6-11d0-a285-00aa003049e2}
			{bf9679e4-0de6-11d0-a285-00aa003049e2}
			{bf967a06-0de6-11d0-a285-00aa003049e2}
			{bf967954-0de6-11d0-a285-00aa003049e2}
			{bf967a1c-0de6-11d0-a285-00aa003049e2}
			{bf967a0e-0de6-11d0-a285-00aa003049e2}
			{bf9679e7-0de6-11d0-a285-00aa003049e2}
			{e0fa1e62-9b45-11d0-afdd-00c04fd930c9}
			{26d97369-6070-11d1-a9c6-0000f80367c1}
		{771727b1-31b8-4cdf-ae62-4fe39fadf89e}
			{167757bc-47f3-11d1-a9c3-0000f80367c1}
			{16775848-47f3-11d1-a9c3-0000f80367c1}
			{bf967a1e-0de6-11d0-a285-00aa003049e2}
			{bf967a1d-0de6-11d0-a285-00aa003049e2}
			{bf9679f4-0de6-11d0-a285-00aa003049e2}
			{bf967a6f-0de6-11d0-a285-00aa003049e2}
			{bf967a73-0de6-11d0-a285-00aa003049e2}
			{bf96791a-0de6-11d0-a285-00aa003049e2}
			{bf96798c-0de6-11d0-a285-00aa003049e2}
			{bf967972-0de6-11d0-a285-00aa003049e2}
			{bf967a71-0de6-11d0-a285-00aa003049e2}
			{bf967a78-0de6-11d0-a285-00aa003049e2}
			{bf967a77-0de6-11d0-a285-00aa003049e2}
			{a8df7498-c5ea-11d1-bbcb-0080c76670c0}
			{bf967a3c-0de6-11d0-a285-00aa003049e2}
			{bf967a16-0de6-11d0-a285-00aa003049e2}
			{bf967976-0de6-11d0-a285-00aa003049e2}
			{bf967a21-0de6-11d0-a285-00aa003049e2}
			{244b2970-5abd-11d0-afd2-00c04fd930c9}
			{66171887-8f3c-11d0-afda-00c04fd930c9}
			{bf967a70-0de6-11d0-a285-00aa003049e2}
			{e0fa1e69-9b45-11d0-afdd-00c04fd930c9}
			{3e10944d-c354-11d0-aff8-0000f80367c1}
			{26d9736e-6070-11d1-a9c6-0000f80367c1}
			{52458019-ca6a-11d0-afff-0000f80367c1}
			{e1aea404-cd5b-11d0-afff-0000f80367c1}
			{05308983-7688-11d1-aded-00c04fd8d5cd}
			{19405b9c-3cfa-11d1-a9c0-0000f80367c1}
			{19405b9e-3cfa-11d1-a9c0-0000f80367c1}
			{0296c124-40da-11d1-a9c0-0000f80367c1}
			{28630ec0-41d5-11d1-a9c1-0000f80367c1}
			{52ab8670-5709-11d1-a9c6-0000f80367c1}
			{bf96798f-0de6-11d0-a285-00aa003049e2}
			{d50c2cdb-8951-11d1-aebc-0000f80367c1}
			{07383082-91df-11d1-aebc-0000f80367c1}
			{00fbf30d-91fe-11d1-aebc-0000f80367c1}
			{2a132579-9373-11d1-aebc-0000f80367c1}
			{2a13257f-9373-11d1-aebc-0000f80367c1}
			{167758ad-47f3-11d1-a9c3-0000f80367c1}
			{e1aea402-cd5b-11d0-afff-0000f80367c1}
			{675a15fe-3b70-11d2-90cc-00c04fd91ab1}
			{d167aa4b-8b08-11d2-9939-0000f87a57d4}
			{1ea64e5d-ac0f-11d2-90df-00c04fd91ab1}
			{23773dc2-b63a-11d2-90e1-00c04fd91ab1}
			{178b7bc2-b63a-11d2-90e1-00c04fd91ab1}
			{e48e64e0-12c9-11d3-9102-00c04fd91ab1}
			{d5eb2eb7-be4e-463b-a214-634a44d7392e}
			{67f121dc-7d02-4c7d-82f5-9ad4c950ac34}
			{9e6f3a4d-242c-4f37-b068-36b57f9fc852}
			{2a8c68fc-3a7a-4e87-8720-fe77c51cbe74}
			{ececcd20-a7e0-4688-9ccf-02ece5e287f5}
			{a637d211-5739-4ed1-89b2-88974548bc59}
			{df446e52-b5fa-4ca2-a42f-13f98a526c8f}
			{f85b6228-3734-4525-b6b7-3f3bb220902c}
			{a0dcd536-5158-42fe-8c40-c00a7ad37959}
			{60234769-4819-4615-a1b2-49d2f119acb5}
			{2b702515-c1f7-4b3b-b148-c0e4c6ceecb4}
			{94f6f2ac-c76d-4b5e-b71f-f332c3e93c22}
			{5dd68c41-bfdf-438b-9b5d-39d9618bf260}
			{c8bc72e0-a6b4-48f0-94a5-fd76a88c9987}
			{ff155a2a-44e5-4de0-8318-13a58988de4f}
			{37c94ff6-c6d4-498f-b2f9-c6f7f8647809}
			{e8b2c971-a6df-47bc-8d6f-62770d527aa5}
			{f547511c-5b2a-44cc-8358-992a88258164}
			{5e6cf031-bda8-43c8-aca4-8fee4127005b}
			{5a2eacd7-cc2b-48cf-9d9a-b6f1a0024de9}
			{1a3d0d20-5844-4199-ad25-0f5039a76ada}
			{79abe4eb-88f3-48e7-89d6-f4bc7e98c331}
			{8fb59256-55f1-444b-aacb-f5b482fe3459}
			{8ab15858-683e-466d-877f-d640e1f9a611}
			{ce5b01bc-17c6-44b8-9dc1-a9668b00901b}
			{54d522db-ec95-48f5-9bbd-1880ebbb2180}
			{7469b704-edb0-4568-a5a5-59f4862c75a7}
			{998c06ac-3f87-444e-a5df-11b03dc8a50c}
			{ab5543ad-23a1-3b45-b937-9b313d5474a8}
			{5a5661a1-97c6-544b-8056-e430fe7bc554}
			{d5006229-9913-2242-8b17-83761d1e0e5b}
			{78565e80-03d4-4fe3-afac-8c3bca2f3653}
			{b002f407-1340-41eb-bca0-bd7d938e25a9}
			{34f6bdf5-2e79-4c3b-8e14-3d93b75aab89}
			{19195a55-6da0-11d0-afd3-00c04fd930c9}
			{7bd76b92-3244-438a-ada6-24f5ea34381e}
			{adde62c6-1880-41ed-bd3c-30b7d25e14f0}
			{5eb526d7-d71b-44ae-8cc6-95460052e6ac}
		{e45795b3-9455-11d1-aebd-0000f80367c1}
			{9a9a0221-4a5b-11d1-a9c3-0000f80367c1}
			{bf967a7a-0de6-11d0-a285-00aa003049e2}
		{59ba2f42-79a2-11d0-9020-00c04fc2d3cf}
			{bf967984-0de6-11d0-a285-00aa003049e2}
			{bf967919-0de6-11d0-a285-00aa003049e2}
			{bf967953-0de6-11d0-a285-00aa003049e2}
		{bc0ac240-79a9-11d0-9020-00c04fc2d4cf}
			{bf967991-0de6-11d0-a285-00aa003049e2}
",,PIRATE,0x464ec,Administrator,S-1-5-21-4107424128-4158083573-1300325248-500,,,,,,,,,,
2025-06-11T14:17:08.207053Z,4662,DC01.pirate.htb,Microsoft-Windows-Security-Auditing,Security,15423,0,"%%7682
				",0x4,-,,,,,,,,,,,,,,,0x0,,,,,,,,,,,,,%{afff0694-70ff-4985-9456-bb96e5b03812},DS,%{e0fa1e8b-9b45-11d0-afdd-00c04fd930c9},,Object Access,,,,,"%%7682
	{e0fa1e8b-9b45-11d0-afdd-00c04fd930c9}
",,PIRATE,0x464ec,Administrator,S-1-5-21-4107424128-4158083573-1300325248-500,,,,,,,,,,
2025-06-11T14:17:08.207057Z,4662,DC01.pirate.htb,Microsoft-Windows-Security-Auditing,Security,15424,0,"%%1538
				",0x20000,-,,,,,,,,,,,,,,,0x0,,,,,,,,,,,,,%{a3a0603d-2f95-4860-b5e2-1f8aa69b5507},DS,%{e0fa1e8c-9b45-11d0-afdd-00c04fd930c9},,Object Access,,,,,"%%1538
	{e0fa1e8c-9b45-11d0-afdd-00c04fd930c9}
",,PIRATE,0x464ec,Administrator,S-1-5-21-4107424128-4158083573-1300325248-500,,,,,,,,,,
2025-06-11T14:17:08.207163Z,4662,DC01.pirate.htb,Microsoft-Windows-Security-Auditing,Security,15425,0,"%%7684
				",0x10,-,,,,,,,,,,,,,,,0x0,,,,,,,,,,,,,%{a3a0603d-2f95-4860-b5e2-1f8aa69b5507},DS,%{e0fa1e8c-9b45-11d0-afdd-00c04fd930c9},,Object Access,,,,,"%%7684
	{e0fa1e8c-9b45-11d0-afdd-00c04fd930c9}
		{e48d0154-bcf8-11d1-8702-00c04fb96050}
			{bf9679e5-0de6-11d0-a285-00aa003049e2}
			{bf96793f-0de6-11d0-a285-00aa003049e2}
			{bf967950-0de6-11d0-a285-00aa003049e2}
			{bf9679e4-0de6-11d0-a285-00aa003049e2}
			{bf967a06-0de6-11d0-a285-00aa003049e2}
			{bf967954-0de6-11d0-a285-00aa003049e2}
			{bf967a1c-0de6-11d0-a285-00aa003049e2}
			{bf967a0e-0de6-11d0-a285-00aa003049e2}
			{bf9679e7-0de6-11d0-a285-00aa003049e2}
			{e0fa1e62-9b45-11d0-afdd-00c04fd930c9}
			{26d97369-6070-11d1-a9c6-0000f80367c1}
		{771727b1-31b8-4cdf-ae62-4fe39fadf89e}
			{167757bc-47f3-11d1-a9c3-0000f80367c1}
			{16775848-47f3-11d1-a9c3-0000f80367c1}
			{bf967a1e-0de6-11d0-a285-00aa003049e2}
			{bf967a1d-0de6-11d0-a285-00aa003049e2}
			{bf9679f4-0de6-11d0-a285-00aa003049e2}
			{bf967a6f-0de6-11d0-a285-00aa003049e2}
			{bf967a73-0de6-11d0-a285-00aa003049e2}
			{bf96791a-0de6-11d0-a285-00aa003049e2}
			{bf96798c-0de6-11d0-a285-00aa003049e2}
			{bf967972-0de6-11d0-a285-00aa003049e2}
			{bf967a71-0de6-11d0-a285-00aa003049e2}
			{bf967a78-0de6-11d0-a285-00aa003049e2}
			{bf967a77-0de6-11d0-a285-00aa003049e2}
			{a8df7498-c5ea-11d1-bbcb-0080c76670c0}
			{bf967a3c-0de6-11d0-a285-00aa003049e2}
			{bf967a16-0de6-11d0-a285-00aa003049e2}
			{bf967976-0de6-11d0-a285-00aa003049e2}
			{bf967a21-0de6-11d0-a285-00aa003049e2}
			{244b2970-5abd-11d0-afd2-00c04fd930c9}
			{66171887-8f3c-11d0-afda-00c04fd930c9}
			{bf967a70-0de6-11d0-a285-00aa003049e2}
			{e0fa1e69-9b45-11d0-afdd-00c04fd930c9}
			{3e10944d-c354-11d0-aff8-0000f80367c1}
			{26d9736e-6070-11d1-a9c6-0000f80367c1}
			{52458019-ca6a-11d0-afff-0000f80367c1}
			{e1aea404-cd5b-11d0-afff-0000f80367c1}
			{05308983-7688-11d1-aded-00c04fd8d5cd}
			{19405b9c-3cfa-11d1-a9c0-0000f80367c1}
			{19405b9e-3cfa-11d1-a9c0-0000f80367c1}
			{0296c124-40da-11d1-a9c0-0000f80367c1}
			{28630ec0-41d5-11d1-a9c1-0000f80367c1}
			{52ab8670-5709-11d1-a9c6-0000f80367c1}
			{bf96798f-0de6-11d0-a285-00aa003049e2}
			{d50c2cdb-8951-11d1-aebc-0000f80367c1}
			{07383082-91df-11d1-aebc-0000f80367c1}
			{00fbf30d-91fe-11d1-aebc-0000f80367c1}
			{2a132579-9373-11d1-aebc-0000f80367c1}
			{2a13257f-9373-11d1-aebc-0000f80367c1}
			{167758ad-47f3-11d1-a9c3-0000f80367c1}
			{e1aea402-cd5b-11d0-afff-0000f80367c1}
			{675a15fe-3b70-11d2-90cc-00c04fd91ab1}
			{d167aa4b-8b08-11d2-9939-0000f87a57d4}
			{1ea64e5d-ac0f-11d2-90df-00c04fd91ab1}
			{23773dc2-b63a-11d2-90e1-00c04fd91ab1}
			{178b7bc2-b63a-11d2-90e1-00c04fd91ab1}
			{e48e64e0-12c9-11d3-9102-00c04fd91ab1}
			{d5eb2eb7-be4e-463b-a214-634a44d7392e}
			{67f121dc-7d02-4c7d-82f5-9ad4c950ac34}
			{9e6f3a4d-242c-4f37-b068-36b57f9fc852}
			{2a8c68fc-3a7a-4e87-8720-fe77c51cbe74}
			{ececcd20-a7e0-4688-9ccf-02ece5e287f5}
			{a637d211-5739-4ed1-89b2-88974548bc59}
			{df446e52-b5fa-4ca2-a42f-13f98a526c8f}
			{f85b6228-3734-4525-b6b7-3f3bb220902c}
			{a0dcd536-5158-42fe-8c40-c00a7ad37959}
			{60234769-4819-4615-a1b2-49d2f119acb5}
			{2b702515-c1f7-4b3b-b148-c0e4c6ceecb4}
			{94f6f2ac-c76d-4b5e-b71f-f332c3e93c22}
			{5dd68c41-bfdf-438b-9b5d-39d9618bf260}
			{c8bc72e0-a6b4-48f0-94a5-fd76a88c9987}
			{ff155a2a-44e5-4de0-8318-13a58988de4f}
			{37c94ff6-c6d4-498f-b2f9-c6f7f8647809}
			{e8b2c971-a6df-47bc-8d6f-62770d527aa5}
			{f547511c-5b2a-44cc-8358-992a88258164}
			{5e6cf031-bda8-43c8-aca4-8fee4127005b}
			{5a2eacd7-cc2b-48cf-9d9a-b6f1a0024de9}
			{1a3d0d20-5844-4199-ad25-0f5039a76ada}
			{79abe4eb-88f3-48e7-89d6-f4bc7e98c331}
			{8fb59256-55f1-444b-aacb-f5b482fe3459}
			{8ab15858-683e-466d-877f-d640e1f9a611}
			{ce5b01bc-17c6-44b8-9dc1-a9668b00901b}
			{54d522db-ec95-48f5-9bbd-1880ebbb2180}
			{7469b704-edb0-4568-a5a5-59f4862c75a7}
			{998c06ac-3f87-444e-a5df-11b03dc8a50c}
			{ab5543ad-23a1-3b45-b937-9b313d5474a8}
			{5a5661a1-97c6-544b-8056-e430fe7bc554}
			{d5006229-9913-2242-8b17-83761d1e0e5b}
			{78565e80-03d4-4fe3-afac-8c3bca2f3653}
			{b002f407-1340-41eb-bca0-bd7d938e25a9}
			{34f6bdf5-2e79-4c3b-8e14-3d93b75aab89}
			{19195a55-6da0-11d0-afd3-00c04fd930c9}
			{7bd76b92-3244-438a-ada6-24f5ea34381e}
			{adde62c6-1880-41ed-bd3c-30b7d25e14f0}
			{5eb526d7-d71b-44ae-8cc6-95460052e6ac}
		{e45795b3-9455-11d1-aebd-0000f80367c1}
			{9a9a0221-4a5b-11d1-a9c3-0000f80367c1}
			{bf967a7a-0de6-11d0-a285-00aa003049e2}
		{59ba2f42-79a2-11d0-9020-00c04fc2d3cf}
			{bf967984-0de6-11d0-a285-00aa003049e2}
			{bf967919-0de6-11d0-a285-00aa003049e2}
			{bf967953-0de6-11d0-a285-00aa003049e2}
		{bc0ac240-79a9-11d0-9020-00c04fc2d4cf}
			{bf967991-0de6-11d0-a285-00aa003049e2}
",,PIRATE,0x464ec,Administrator,S-1-5-21-4107424128-4158083573-1300325248-500,,,,,,,,,,
2025-06-11T14:17:08.207552Z,4662,DC01.pirate.htb,Microsoft-Windows-Security-Auditing,Security,15426,0,"%%7682
				",0x4,-,,,,,,,,,,,,,,,0x0,,,,,,,,,,,,,%{afff0694-70ff-4985-9456-bb96e5b03812},DS,%{e0fa1e8b-9b45-11d0-afdd-00c04fd930c9},,Object Access,,,,,"%%7682
	{e0fa1e8b-9b45-11d0-afdd-00c04fd930c9}
",,PIRATE,0x464ec,Administrator,S-1-5-21-4107424128-4158083573-1300325248-500,,,,,,,,,,
2025-06-11T14:17:08.207555Z,4662,DC01.pirate.htb,Microsoft-Windows-Security-Auditing,Security,15427,0,"%%1538
				",0x20000,-,,,,,,,,,,,,,,,0x0,,,,,,,,,,,,,%{6b2ac94c-8e2c-47fa-918d-7c3314ae668b},DS,%{e0fa1e8c-9b45-11d0-afdd-00c04fd930c9},,Object Access,,,,,"%%1538
	{e0fa1e8c-9b45-11d0-afdd-00c04fd930c9}
",,PIRATE,0x464ec,Administrator,S-1-5-21-4107424128-4158083573-1300325248-500,,,,,,,,,,
