2025-07-29T04:08:31.062076Z,4662,DC01.pirate.htb,Microsoft-Windows-Security-Auditing,Security,16873,0,"%%7684
				",0x10,-,,,,,,,,,,,,,,,0x0,,,,,,,,,,,,,%{2023fab1-9a2c-4430-be1b-bd2a3d3d7774},DS,%{e0fa1e8c-9b45-11d0-afdd-00c04fd930c9},,Object Access,,,,,"%%7684
		{e48d0154-bcf8-11d1-8702-00c04fb96050}
			{bf9679e5-0de6-11d0-a285-00aa003049e2}
	{e0fa1e8c-9b45-11d0-afdd-00c04fd930c9}
",,PIRATE,0x36a7a,DC01$,S-1-5-18,,,,,,,,,,
2025-07-29T04:08:31.062083Z,4662,DC01.pirate.htb,Microsoft-Windows-Security-Auditing,Security,16874,0,"%%7682
				",0x4,-,,,,,,,,,,,,,,,0x0,,,,,,,,,,,,,%{afff0694-70ff-4985-9456-bb96e5b03812},DS,%{e0fa1e8b-9b45-11d0-afdd-00c04fd930c9},,Object Access,,,,,"%%7682
	{e0fa1e8b-9b45-11d0-afdd-00c04fd930c9}
",,PIRATE,0x36a7a,DC01$,S-1-5-18,,,,,,,,,,
2025-07-29T04:08:31.062090Z,4662,DC01.pirate.htb,Microsoft-Windows-Security-Auditing,Security,16875,0,"%%1538
				",0x20000,-,,,,,,,,,,,,,,,0x0,,,,,,,,,,,,,%{2023fab1-9a2c-4430-be1b-bd2a3d3d7774},DS,%{e0fa1e8c-9b45-11d0-afdd-00c04fd930c9},,Object Access,,,,,"%%1538
	{e0fa1e8c-9b45-11d0-afdd-00c04fd930c9}
",,PIRATE,0x36a7a,DC01$,S-1-5-18,,,,,,,,,,
2025-07-29T04:08:31.062175Z,4662,DC01.pirate.htb,Microsoft-Windows-Security-Auditing,Security,16876,0,"%%7684
				",0x10,-,,,,,,,,,,,,,,,0x0,,,,,,,,,,,,,%{2023fab1-9a2c-4430-be1b-bd2a3d3d7774},DS,%{e0fa1e8c-9b45-11d0-afdd-00c04fd930c9},,Object Access,,,,,"%%7684
	{e0fa1e8c-9b45-11d0-afdd-00c04fd930c9}
		{e48d0154-bcf8-11d1-8702-00c04fb96050}
			{bf9679e5-0de6-11d0-a285-00aa003049e2}
			{bf9679e7-0de6-11d0-a285-00aa003049e2}
		{771727b1-31b8-4cdf-ae62-4fe39fadf89e}
			{bf967a77-0de6-11d0-a285-00aa003049e2}
			{bf967a70-0de6-11d0-a285-00aa003049e2}
			{bf967a6f-0de6-11d0-a285-00aa003049e2}
			{bf967a78-0de6-11d0-a285-00aa003049e2}
			{e0fa1e69-9b45-11d0-afdd-00c04fd930c9}
			{675a15fe-3b70-11d2-90cc-00c04fd91ab1}
			{aa12854c-d8fc-4d5e-91ca-368b8d829bee}
			{c79f2199-6da1-46ff-923c-1f3f800c721e}
			{7bea2088-8ce2-423c-b191-66ec506b1595}
			{0dc063c1-52d9-4456-9e15-9c2434aafd94}
			{5c5b7ad2-20fa-44bb-beb3-34b9c0f65579}
			{27d93c40-065a-43c0-bdd8-cdf2c7d120aa}
			{ff9e5552-7db7-4138-8888-05ce320a0323}
			{13361665-916c-4de7-a59d-b1ebbd0de129}
			{80b70aab-8959-4ec0-8e93-126e76df3aca}
			{8f4e317f-28d7-442c-a6df-1f491f97b326}
			{29869b7c-64c4-42fe-97d5-fbc2fa124160}
			{03d4c32e-e217-4a61-9699-7bbc4729a026}
			{f6b0f0be-a8e4-4468-8fd9-c3c47b8722f9}
			{3443d8cd-e5b6-4f3b-b098-659a0214a079}
			{b7673e6d-cad9-4e9e-b31a-63e8098fdd63}
			{28c458f5-602d-4ac9-a77c-b3f1be503a7e}
			{285c6964-c11a-499e-96d8-bf7c75a223c6}
			{ba340d47-2181-4ca0-a2f6-fae4479dab2a}
			{aff16770-9622-4fbc-a128-3088777605b9}
			{387d9432-a6d1-4474-82cd-0a89aae084ae}
			{19195a55-6da0-11d0-afd3-00c04fd930c9}
",,PIRATE,0x36a7a,DC01$,S-1-5-18,,,,,,,,,,
2025-07-29T04:08:31.063870Z,4662,DC01.pirate.htb,Microsoft-Windows-Security-Auditing,Security,16877,0,"%%7684
				",0x10,-,,,,,,,,,,,,,,,0x0,,,,,,,,,,,,,%{469bd39f-3e90-4f1a-b47e-0432e347ae56},DS,%{e0fa1e8c-9b45-11d0-afdd-00c04fd930c9},,Object Access,,,,,"%%7684
		{e48d0154-bcf8-11d1-8702-00c04fb96050}
			{bf9679e5-0de6-11d0-a285-00aa003049e2}
	{e0fa1e8c-9b45-11d0-afdd-00c04fd930c9}
",,PIRATE,0x36a7a,DC01$,S-1-5-18,,,,,,,,,,
2025-07-29T04:08:31.063876Z,4662,DC01.pirate.htb,Microsoft-Windows-Security-Auditing,Security,16878,0,"%%7682
				",0x4,-,,,,,,,,,,,,,,,0x0,,,,,,,,,,,,,%{afff0694-70ff-4985-9456-bb96e5b03812},DS,%{e0fa1e8b-9b45-11d0-afdd-00c04fd930c9},,Object Access,,,,,"%%7682
	{e0fa1e8b-9b45-11d0-afdd-00c04fd930c9}
",,PIRATE,0x36a7a,DC01$,S-1-5-18,,,,,,,,,,
2025-07-29T04:08:31.063881Z,4662,DC01.pirate.htb,Microsoft-Windows-Security-Auditing,Security,16879,0,"%%1538
				",0x20000,-,,,,,,,,,,,,,,,0x0,,,,,,,,,,,,,%{469bd39f-3e90-4f1a-b47e-0432e347ae56},DS,%{e0fa1e8c-9b45-11d0-afdd-00c04fd930c9},,Object Access,,,,,"%%1538
	{e0fa1e8c-9b45-11d0-afdd-00c04fd930c9}
",,PIRATE,0x36a7a,DC01$,S-1-5-18,,,,,,,,,,
2025-07-29T04:08:31.063942Z,4662,DC01.pirate.htb,Microsoft-Windows-Security-Auditing,Security,16880,0,"%%7684
				",0x10,-,,,,,,,,,,,,,,,0x0,,,,,,,,,,,,,%{469bd39f-3e90-4f1a-b47e-0432e347ae56},DS,%{e0fa1e8c-9b45-11d0-afdd-00c04fd930c9},,Object Access,,,,,"%%7684
	{e0fa1e8c-9b45-11d0-afdd-00c04fd930c9}
		{e48d0154-bcf8-11d1-8702-00c04fb96050}
			{bf9679e5-0de6-11d0-a285-00aa003049e2}
			{bf9679e7-0de6-11d0-a285-00aa003049e2}
		{771727b1-31b8-4cdf-ae62-4fe39fadf89e}
			{bf967a77-0de6-11d0-a285-00aa003049e2}
			{bf967a70-0de6-11d0-a285-00aa003049e2}
			{bf967a6f-0de6-11d0-a285-00aa003049e2}
			{bf967a78-0de6-11d0-a285-00aa003049e2}
			{e0fa1e69-9b45-11d0-afdd-00c04fd930c9}
			{675a15fe-3b70-11d2-90cc-00c04fd91ab1}
			{aa12854c-d8fc-4d5e-91ca-368b8d829bee}
			{c79f2199-6da1-46ff-923c-1f3f800c721e}
			{7bea2088-8ce2-423c-b191-66ec506b1595}
			{0dc063c1-52d9-4456-9e15-9c2434aafd94}
			{5c5b7ad2-20fa-44bb-beb3-34b9c0f65579}
			{27d93c40-065a-43c0-bdd8-cdf2c7d120aa}
			{ff9e5552-7db7-4138-8888-05ce320a0323}
			{13361665-916c-4de7-a59d-b1ebbd0de129}
			{80b70aab-8959-4ec0-8e93-126e76df3aca}
			{8f4e317f-28d7-442c-a6df-1f491f97b326}
			{29869b7c-64c4-42fe-97d5-fbc2fa124160}
			{03d4c32e-e217-4a61-9699-7bbc4729a026}
			{f6b0f0be-a8e4-4468-8fd9-c3c47b8722f9}
			{3443d8cd-e5b6-4f3b-b098-659a0214a079}
			{b7673e6d-cad9-4e9e-b31a-63e8098fdd63}
			{28c458f5-602d-4ac9-a77c-b3f1be503a7e}
			{285c6964-c11a-499e-96d8-bf7c75a223c6}
			{ba340d47-2181-4ca0-a2f6-fae4479dab2a}
			{aff16770-9622-4fbc-a128-3088777605b9}
			{387d9432-a6d1-4474-82cd-0a89aae084ae}
			{19195a55-6da0-11d0-afd3-00c04fd930c9}
",,PIRATE,0x36a7a,DC01$,S-1-5-18,,,,,,,,,,
2025-07-29T04:08:31.067144Z,4662,DC01.pirate.htb,Microsoft-Windows-Security-Auditing,Security,16881,0,"%%7684
				",0x10,-,,,,,,,,,,,,,,,0x0,,,,,,,,,,,,,%{de445434-0c12-435d-8650-5a209e4581ad},DS,%{e0fa1e8c-9b45-11d0-afdd-00c04fd930c9},,Object Access,,,,,"%%7684
		{e48d0154-bcf8-11d1-8702-00c04fb96050}
			{bf9679e5-0de6-11d0-a285-00aa003049e2}
	{e0fa1e8c-9b45-11d0-afdd-00c04fd930c9}
",,PIRATE,0x36a7a,DC01$,S-1-5-18,,,,,,,,,,
2025-07-29T04:08:31.067151Z,4662,DC01.pirate.htb,Microsoft-Windows-Security-Auditing,Security,16882,0,"%%7682
				",0x4,-,,,,,,,,,,,,,,,0x0,,,,,,,,,,,,,%{afff0694-70ff-4985-9456-bb96e5b03812},DS,%{e0fa1e8b-9b45-11d0-afdd-00c04fd930c9},,Object Access,,,,,"%%7682
	{e0fa1e8b-9b45-11d0-afdd-00c04fd930c9}
",,PIRATE,0x36a7a,DC01$,S-1-5-18,,,,,,,,,,
2025-07-29T04:08:31.067156Z,4662,DC01.pirate.htb,Microsoft-Windows-Security-Auditing,Security,16883,0,"%%1538
				",0x20000,-,,,,,,,,,,,,,,,0x0,,,,,,,,,,,,,%{de445434-0c12-435d-8650-5a209e4581ad},DS,%{e0fa1e8c-9b45-11d0-afdd-00c04fd930c9},,Object Access,,,,,"%%1538
	{e0fa1e8c-9b45-11d0-afdd-00c04fd930c9}
",,PIRATE,0x36a7a,DC01$,S-1-5-18,,,,,,,,,,
2025-07-29T04:08:31.067208Z,4662,DC01.pirate.htb,Microsoft-Windows-Security-Auditing,Security,16884,0,"%%7684
				",0x10,-,,,,,,,,,,,,,,,0x0,,,,,,,,,,,,,%{de445434-0c12-435d-8650-5a209e4581ad},DS,%{e0fa1e8c-9b45-11d0-afdd-00c04fd930c9},,Object Access,,,,,"%%7684
	{e0fa1e8c-9b45-11d0-afdd-00c04fd930c9}
		{e48d0154-bcf8-11d1-8702-00c04fb96050}
			{bf9679e5-0de6-11d0-a285-00aa003049e2}
			{bf9679e7-0de6-11d0-a285-00aa003049e2}
		{771727b1-31b8-4cdf-ae62-4fe39fadf89e}
			{bf967a77-0de6-11d0-a285-00aa003049e2}
			{bf967a70-0de6-11d0-a285-00aa003049e2}
			{bf967a6f-0de6-11d0-a285-00aa003049e2}
			{bf967a78-0de6-11d0-a285-00aa003049e2}
			{e0fa1e69-9b45-11d0-afdd-00c04fd930c9}
			{675a15fe-3b70-11d2-90cc-00c04fd91ab1}
			{aa12854c-d8fc-4d5e-91ca-368b8d829bee}
			{c79f2199-6da1-46ff-923c-1f3f800c721e}
			{7bea2088-8ce2-423c-b191-66ec506b1595}
			{0dc063c1-52d9-4456-9e15-9c2434aafd94}
			{5c5b7ad2-20fa-44bb-beb3-34b9c0f65579}
			{27d93c40-065a-43c0-bdd8-cdf2c7d120aa}
			{ff9e5552-7db7-4138-8888-05ce320a0323}
			{13361665-916c-4de7-a59d-b1ebbd0de129}
			{80b70aab-8959-4ec0-8e93-126e76df3aca}
			{8f4e317f-28d7-442c-a6df-1f491f97b326}
			{29869b7c-64c4-42fe-97d5-fbc2fa124160}
			{03d4c32e-e217-4a61-9699-7bbc4729a026}
			{f6b0f0be-a8e4-4468-8fd9-c3c47b8722f9}
			{3443d8cd-e5b6-4f3b-b098-659a0214a079}
			{b7673e6d-cad9-4e9e-b31a-63e8098fdd63}
			{28c458f5-602d-4ac9-a77c-b3f1be503a7e}
			{285c6964-c11a-499e-96d8-bf7c75a223c6}
			{ba340d47-2181-4ca0-a2f6-fae4479dab2a}
			{aff16770-9622-4fbc-a128-3088777605b9}
			{387d9432-a6d1-4474-82cd-0a89aae084ae}
			{19195a55-6da0-11d0-afd3-00c04fd930c9}
",,PIRATE,0x36a7a,DC01$,S-1-5-18,,,,,,,,,,
2025-07-29T04:08:31.068898Z,4662,DC01.pirate.htb,Microsoft-Windows-Security-Auditing,Security,16885,0,"%%7684
				",0x10,-,,,,,,,,,,,,,,,0x0,,,,,,,,,,,,,%{2023fab1-9a2c-4430-be1b-bd2a3d3d7774},DS,%{e0fa1e8c-9b45-11d0-afdd-00c04fd930c9},,Object Access,,,,,"%%7684
		{e48d0154-bcf8-11d1-8702-00c04fb96050}
			{bf9679e5-0de6-11d0-a285-00aa003049e2}
	{e0fa1e8c-9b45-11d0-afdd-00c04fd930c9}
",,PIRATE,0x36a7a,DC01$,S-1-5-18,,,,,,,,,,
2025-07-29T04:08:31.068904Z,4662,DC01.pirate.htb,Microsoft-Windows-Security-Auditing,Security,16886,0,"%%7682
				",0x4,-,,,,,,,,,,,,,,,0x0,,,,,,,,,,,,,%{afff0694-70ff-4985-9456-bb96e5b03812},DS,%{e0fa1e8b-9b45-11d0-afdd-00c04fd930c9},,Object Access,,,,,"%%7682
	{e0fa1e8b-9b45-11d0-afdd-00c04fd930c9}
",,PIRATE,0x36a7a,DC01$,S-1-5-18,,,,,,,,,,
2025-07-29T04:08:31.068910Z,4662,DC01.pirate.htb,Microsoft-Windows-Security-Auditing,Security,16887,0,"%%1538
				",0x20000,-,,,,,,,,,,,,,,,0x0,,,,,,,,,,,,,%{2023fab1-9a2c-4430-be1b-bd2a3d3d7774},DS,%{e0fa1e8c-9b45-11d0-afdd-00c04fd930c9},,Object Access,,,,,"%%1538
	{e0fa1e8c-9b45-11d0-afdd-00c04fd930c9}
",,PIRATE,0x36a7a,DC01$,S-1-5-18,,,,,,,,,,
2025-07-29T04:08:31.068990Z,4662,DC01.pirate.htb,Microsoft-Windows-Security-Auditing,Security,16888,0,"%%7684
				",0x10,-,,,,,,,,,,,,,,,0x0,,,,,,,,,,,,,%{2023fab1-9a2c-4430-be1b-bd2a3d3d7774},DS,%{e0fa1e8c-9b45-11d0-afdd-00c04fd930c9},,Object Access,,,,,"%%7684
	{e0fa1e8c-9b45-11d0-afdd-00c04fd930c9}
		{e48d0154-bcf8-11d1-8702-00c04fb96050}
			{bf9679e5-0de6-11d0-a285-00aa003049e2}
			{bf9679e7-0de6-11d0-a285-00aa003049e2}
		{771727b1-31b8-4cdf-ae62-4fe39fadf89e}
			{bf967a77-0de6-11d0-a285-00aa003049e2}
			{bf967a70-0de6-11d0-a285-00aa003049e2}
			{bf967a6f-0de6-11d0-a285-00aa003049e2}
			{bf967a78-0de6-11d0-a285-00aa003049e2}
			{e0fa1e69-9b45-11d0-afdd-00c04fd930c9}
			{675a15fe-3b70-11d2-90cc-00c04fd91ab1}
			{aa12854c-d8fc-4d5e-91ca-368b8d829bee}
			{c79f2199-6da1-46ff-923c-1f3f800c721e}
			{7bea2088-8ce2-423c-b191-66ec506b1595}
			{0dc063c1-52d9-4456-9e15-9c2434aafd94}
			{5c5b7ad2-20fa-44bb-beb3-34b9c0f65579}
			{27d93c40-065a-43c0-bdd8-cdf2c7d120aa}
			{ff9e5552-7db7-4138-8888-05ce320a0323}
			{13361665-916c-4de7-a59d-b1ebbd0de129}
			{80b70aab-8959-4ec0-8e93-126e76df3aca}
			{8f4e317f-28d7-442c-a6df-1f491f97b326}
			{29869b7c-64c4-42fe-97d5-fbc2fa124160}
			{03d4c32e-e217-4a61-9699-7bbc4729a026}
			{f6b0f0be-a8e4-4468-8fd9-c3c47b8722f9}
			{3443d8cd-e5b6-4f3b-b098-659a0214a079}
			{b7673e6d-cad9-4e9e-b31a-63e8098fdd63}
			{28c458f5-602d-4ac9-a77c-b3f1be503a7e}
			{285c6964-c11a-499e-96d8-bf7c75a223c6}
			{ba340d47-2181-4ca0-a2f6-fae4479dab2a}
			{aff16770-9622-4fbc-a128-3088777605b9}
			{387d9432-a6d1-4474-82cd-0a89aae084ae}
			{19195a55-6da0-11d0-afd3-00c04fd930c9}
",,PIRATE,0x36a7a,DC01$,S-1-5-18,,,,,,,,,,
2025-07-29T04:08:32.201598Z,4662,DC01.pirate.htb,Microsoft-Windows-Security-Auditing,Security,16889,0,"%%7684
				",0x10,-,,,,,,,,,,,,,,,0x0,,,,,,,,,,,,,%{afff0694-70ff-4985-9456-bb96e5b03812},DS,%{e0fa1e8b-9b45-11d0-afdd-00c04fd930c9},,Object Access,,,,,"%%7684
		{e48d0154-bcf8-11d1-8702-00c04fb96050}
			{26d97369-6070-11d1-a9c6-0000f80367c1}
	{e0fa1e8b-9b45-11d0-afdd-00c04fd930c9}
",,PIRATE,0x36a7a,DC01$,S-1-5-18,,,,,,,,,,
2025-07-29T04:08:32.201617Z,4662,DC01.pirate.htb,Microsoft-Windows-Security-Auditing,Security,16890,0,"%%1538
				",0x20000,-,,,,,,,,,,,,,,,0x0,,,,,,,,,,,,,%{afff0694-70ff-4985-9456-bb96e5b03812},DS,%{e0fa1e8b-9b45-11d0-afdd-00c04fd930c9},,Object Access,,,,,"%%1538
	{e0fa1e8b-9b45-11d0-afdd-00c04fd930c9}
",,PIRATE,0x36a7a,DC01$,S-1-5-18,,,,,,,,,,
2025-07-29T04:08:32.201774Z,4662,DC01.pirate.htb,Microsoft-Windows-Security-Auditing,Security,16891,0,"%%7684
				",0x10,-,,,,,,,,,,,,,,,0x0,,,,,,,,,,,,,%{afff0694-70ff-4985-9456-bb96e5b03812},DS,%{e0fa1e8b-9b45-11d0-afdd-00c04fd930c9},,Object Access,,,,,"%%7684
	{e0fa1e8b-9b45-11d0-afdd-00c04fd930c9}
		{e48d0154-bcf8-11d1-8702-00c04fb96050}
			{bf9679e5-0de6-11d0-a285-00aa003049e2}
			{bf9679e7-0de6-11d0-a285-00aa003049e2}
		{771727b1-31b8-4cdf-ae62-4fe39fadf89e}
			{bf967a77-0de6-11d0-a285-00aa003049e2}
			{bf967a70-0de6-11d0-a285-00aa003049e2}
			{bf967a6f-0de6-11d0-a285-00aa003049e2}
			{bf967a78-0de6-11d0-a285-00aa003049e2}
			{e0fa1e69-9b45-11d0-afdd-00c04fd930c9}
			{675a15fe-3b70-11d2-90cc-00c04fd91ab1}
			{aa12854c-d8fc-4d5e-91ca-368b8d829bee}
			{c79f2199-6da1-46ff-923c-1f3f800c721e}
			{7bea2088-8ce2-423c-b191-66ec506b1595}
			{0dc063c1-52d9-4456-9e15-9c2434aafd94}
			{5c5b7ad2-20fa-44bb-beb3-34b9c0f65579}
			{27d93c40-065a-43c0-bdd8-cdf2c7d120aa}
			{ff9e5552-7db7-4138-8888-05ce320a0323}
			{13361665-916c-4de7-a59d-b1ebbd0de129}
			{80b70aab-8959-4ec0-8e93-126e76df3aca}
			{8f4e317f-28d7-442c-a6df-1f491f97b326}
			{29869b7c-64c4-42fe-97d5-fbc2fa124160}
			{03d4c32e-e217-4a61-9699-7bbc4729a026}
			{f6b0f0be-a8e4-4468-8fd9-c3c47b8722f9}
			{3443d8cd-e5b6-4f3b-b098-659a0214a079}
			{b7673e6d-cad9-4e9e-b31a-63e8098fdd63}
			{28c458f5-602d-4ac9-a77c-b3f1be503a7e}
			{285c6964-c11a-499e-96d8-bf7c75a223c6}
			{ba340d47-2181-4ca0-a2f6-fae4479dab2a}
			{aff16770-9622-4fbc-a128-3088777605b9}
			{387d9432-a6d1-4474-82cd-0a89aae084ae}
			{19195a55-6da0-11d0-afd3-00c04fd930c9}
",,PIRATE,0x36a7a,DC01$,S-1-5-18,,,,,,,,,,
2025-07-29T04:08:32.209089Z,4662,DC01.pirate.htb,Microsoft-Windows-Security-Auditing,Security,16892,0,"%%7684
				",0x10,-,,,,,,,,,,,,,,,0x0,,,,,,,,,,,,,%{afff0694-70ff-4985-9456-bb96e5b03812},DS,%{e0fa1e8b-9b45-11d0-afdd-00c04fd930c9},,Object Access,,,,,"%%7684
		{e48d0154-bcf8-11d1-8702-00c04fb96050}
			{26d97369-6070-11d1-a9c6-0000f80367c1}
	{e0fa1e8b-9b45-11d0-afdd-00c04fd930c9}
",,PIRATE,0x36a7a,DC01$,S-1-5-18,,,,,,,,,,
2025-07-29T04:08:32.209099Z,4662,DC01.pirate.htb,Microsoft-Windows-Security-Auditing,Security,16893,0,"%%1538
				",0x20000,-,,,,,,,,,,,,,,,0x0,,,,,,,,,,,,,%{afff0694-70ff-4985-9456-bb96e5b03812},DS,%{e0fa1e8b-9b45-11d0-afdd-00c04fd930c9},,Object Access,,,,,"%%1538
	{e0fa1e8b-9b45-11d0-afdd-00c04fd930c9}
",,PIRATE,0x36a7a,DC01$,S-1-5-18,,,,,,,,,,
2025-07-29T04:08:32.209183Z,4662,DC01.pirate.htb,Microsoft-Windows-Security-Auditing,Security,16894,0,"%%7684
				",0x10,-,,,,,,,,,,,,,,,0x0,,,,,,,,,,,,,%{afff0694-70ff-4985-9456-bb96e5b03812},DS,%{e0fa1e8b-9b45-11d0-afdd-00c04fd930c9},,Object Access,,,,,"%%7684
	{e0fa1e8b-9b45-11d0-afdd-00c04fd930c9}
		{e48d0154-bcf8-11d1-8702-00c04fb96050}
			{bf9679e5-0de6-11d0-a285-00aa003049e2}
			{bf9679e7-0de6-11d0-a285-00aa003049e2}
		{771727b1-31b8-4cdf-ae62-4fe39fadf89e}
			{bf967a77-0de6-11d0-a285-00aa003049e2}
			{bf967a70-0de6-11d0-a285-00aa003049e2}
			{bf967a6f-0de6-11d0-a285-00aa003049e2}
			{bf967a78-0de6-11d0-a285-00aa003049e2}
			{e0fa1e69-9b45-11d0-afdd-00c04fd930c9}
			{675a15fe-3b70-11d2-90cc-00c04fd91ab1}
			{aa12854c-d8fc-4d5e-91ca-368b8d829bee}
			{c79f2199-6da1-46ff-923c-1f3f800c721e}
			{7bea2088-8ce2-423c-b191-66ec506b1595}
			{0dc063c1-52d9-4456-9e15-9c2434aafd94}
			{5c5b7ad2-20fa-44bb-beb3-34b9c0f65579}
			{27d93c40-065a-43c0-bdd8-cdf2c7d120aa}
			{ff9e5552-7db7-4138-8888-05ce320a0323}
			{13361665-916c-4de7-a59d-b1ebbd0de129}
			{80b70aab-8959-4ec0-8e93-126e76df3aca}
			{8f4e317f-28d7-442c-a6df-1f491f97b326}
			{29869b7c-64c4-42fe-97d5-fbc2fa124160}
			{03d4c32e-e217-4a61-9699-7bbc4729a026}
			{f6b0f0be-a8e4-4468-8fd9-c3c47b8722f9}
			{3443d8cd-e5b6-4f3b-b098-659a0214a079}
			{b7673e6d-cad9-4e9e-b31a-63e8098fdd63}
			{28c458f5-602d-4ac9-a77c-b3f1be503a7e}
			{285c6964-c11a-499e-96d8-bf7c75a223c6}
			{ba340d47-2181-4ca0-a2f6-fae4479dab2a}
			{aff16770-9622-4fbc-a128-3088777605b9}
			{387d9432-a6d1-4474-82cd-0a89aae084ae}
			{19195a55-6da0-11d0-afd3-00c04fd930c9}
",,PIRATE,0x36a7a,DC01$,S-1-5-18,,,,,,,,,,
2025-07-29T04:08:32.211867Z,4662,DC01.pirate.htb,Microsoft-Windows-Security-Auditing,Security,16895,0,"%%7684
				",0x10,-,,,,,,,,,,,,,,,0x0,,,,,,,,,,,,,%{aff6283f-b417-4237-bc64-56914d112ba3},DS,%{e0fa1e8c-9b45-11d0-afdd-00c04fd930c9},,Object Access,,,,,"%%7684
		{e48d0154-bcf8-11d1-8702-00c04fb96050}
			{26d97369-6070-11d1-a9c6-0000f80367c1}
		{771727b1-31b8-4cdf-ae62-4fe39fadf89e}
			{bf967a6f-0de6-11d0-a285-00aa003049e2}
	{e0fa1e8c-9b45-11d0-afdd-00c04fd930c9}
",,PIRATE,0x36a7a,DC01$,S-1-5-18,,,,,,,,,,
2025-07-29T04:08:32.211876Z,4662,DC01.pirate.htb,Microsoft-Windows-Security-Auditing,Security,16896,0,"%%7682
				",0x4,-,,,,,,,,,,,,,,,0x0,,,,,,,,,,,,,%{afff0694-70ff-4985-9456-bb96e5b03812},DS,%{e0fa1e8b-9b45-11d0-afdd-00c04fd930c9},,Object Access,,,,,"%%7682
	{e0fa1e8b-9b45-11d0-afdd-00c04fd930c9}
",,PIRATE,0x36a7a,DC01$,S-1-5-18,,,,,,,,,,
2025-07-29T04:08:32.211884Z,4662,DC01.pirate.htb,Microsoft-Windows-Security-Auditing,Security,16897,0,"%%1538
				%%1542
				",0x1020000,-,,,,,,,,,,,,,,,0x0,,,,,,,,,,,,,%{aff6283f-b417-4237-bc64-56914d112ba3},DS,%{e0fa1e8c-9b45-11d0-afdd-00c04fd930c9},,Object Access,,,,,"%%1538
%%1542
	{e0fa1e8c-9b45-11d0-afdd-00c04fd930c9}
",,PIRATE,0x36a7a,DC01$,S-1-5-18,,,,,,,,,,
2025-07-29T04:08:32.211963Z,4662,DC01.pirate.htb,Microsoft-Windows-Security-Auditing,Security,16898,0,"%%7684
				",0x10,-,,,,,,,,,,,,,,,0x0,,,,,,,,,,,,,%{aff6283f-b417-4237-bc64-56914d112ba3},DS,%{e0fa1e8c-9b45-11d0-afdd-00c04fd930c9},,Object Access,,,,,"%%7684
	{e0fa1e8c-9b45-11d0-afdd-00c04fd930c9}
		{e48d0154-bcf8-11d1-8702-00c04fb96050}
			{bf9679e5-0de6-11d0-a285-00aa003049e2}
			{bf9679e7-0de6-11d0-a285-00aa003049e2}
		{771727b1-31b8-4cdf-ae62-4fe39fadf89e}
			{bf967a77-0de6-11d0-a285-00aa003049e2}
			{bf967a70-0de6-11d0-a285-00aa003049e2}
			{bf967a6f-0de6-11d0-a285-00aa003049e2}
			{bf967a78-0de6-11d0-a285-00aa003049e2}
			{e0fa1e69-9b45-11d0-afdd-00c04fd930c9}
			{675a15fe-3b70-11d2-90cc-00c04fd91ab1}
			{aa12854c-d8fc-4d5e-91ca-368b8d829bee}
			{c79f2199-6da1-46ff-923c-1f3f800c721e}
			{7bea2088-8ce2-423c-b191-66ec506b1595}
			{0dc063c1-52d9-4456-9e15-9c2434aafd94}
			{5c5b7ad2-20fa-44bb-beb3-34b9c0f65579}
			{27d93c40-065a-43c0-bdd8-cdf2c7d120aa}
			{ff9e5552-7db7-4138-8888-05ce320a0323}
			{13361665-916c-4de7-a59d-b1ebbd0de129}
			{80b70aab-8959-4ec0-8e93-126e76df3aca}
			{8f4e317f-28d7-442c-a6df-1f491f97b326}
			{29869b7c-64c4-42fe-97d5-fbc2fa124160}
			{03d4c32e-e217-4a61-9699-7bbc4729a026}
			{f6b0f0be-a8e4-4468-8fd9-c3c47b8722f9}
			{3443d8cd-e5b6-4f3b-b098-659a0214a079}
			{b7673e6d-cad9-4e9e-b31a-63e8098fdd63}
			{28c458f5-602d-4ac9-a77c-b3f1be503a7e}
			{285c6964-c11a-499e-96d8-bf7c75a223c6}
			{ba340d47-2181-4ca0-a2f6-fae4479dab2a}
			{aff16770-9622-4fbc-a128-3088777605b9}
			{387d9432-a6d1-4474-82cd-0a89aae084ae}
			{19195a55-6da0-11d0-afd3-00c04fd930c9}
",,PIRATE,0x36a7a,DC01$,S-1-5-18,,,,,,,,,,
2025-07-29T04:08:32.878344Z,5136,DC01.pirate.htb,Microsoft-Windows-Security-Auditing,Security,16899,0,,,,,,-,dnsRecord,2.5.5.10,%%14672,,,,,pirate.htb,%%14676,,,,,,,,,,,,,dnsNode,"DC=dc01,DC=pirate.htb,cn=MicrosoftDNS,DC=DomainDnsZones,DC=pirate,DC=htb",AFF6283F-B417-4237-BC64-56914D112BA3,,,,CA765679-02DA-40E1-992B-FFB1639F1100,%%14675,,,,,,,NT AUTHORITY,0x36a7a,SYSTEM,S-1-5-18,,,,,,,,,,
2025-07-29T04:08:32.878869Z,5136,DC01.pirate.htb,Microsoft-Windows-Security-Auditing,Security,16900,0,,,,,,-,dnsRecord,2.5.5.10,%%14672,,,,,pirate.htb,%%14676,,,,,,,,,,,,,dnsNode,"DC=dc01,DC=pirate.htb,cn=MicrosoftDNS,DC=DomainDnsZones,DC=pirate,DC=htb",AFF6283F-B417-4237-BC64-56914D112BA3,,,,CA765679-02DA-40E1-992B-FFB1639F1100,%%14675,,,,,,,NT AUTHORITY,0x36a7a,SYSTEM,S-1-5-18,,,,,,,,,,
2025-07-29T04:08:32.879303Z,5136,DC01.pirate.htb,Microsoft-Windows-Security-Auditing,Security,16901,0,,,,,,-,dnsRecord,2.5.5.10,%%14672,,,,,pirate.htb,%%14676,,,,,,,,,,,,,dnsNode,"DC=dc01,DC=pirate.htb,cn=MicrosoftDNS,DC=DomainDnsZones,DC=pirate,DC=htb",AFF6283F-B417-4237-BC64-56914D112BA3,,,,CA765679-02DA-40E1-992B-FFB1639F1100,%%14675,,,,,,,NT AUTHORITY,0x36a7a,SYSTEM,S-1-5-18,,,,,,,,,,
2025-07-29T04:08:32.879462Z,5136,DC01.pirate.htb,Microsoft-Windows-Security-Auditing,Security,16902,0,,,,,,-,dnsRecord,2.5.5.10,%%14672,,,,,pirate.htb,%%14676,,,,,,,,,,,,,dnsNode,"DC=dc01,DC=pirate.htb,cn=MicrosoftDNS,DC=DomainDnsZones,DC=pirate,DC=htb",AFF6283F-B417-4237-BC64-56914D112BA3,,,,CA765679-02DA-40E1-992B-FFB1639F1100,%%14674,,,,,,,NT AUTHORITY,0x36a7a,SYSTEM,S-1-5-18,,,,,,,,,,
2025-07-29T04:08:32.879612Z,5136,DC01.pirate.htb,Microsoft-Windows-Security-Auditing,Security,16903,0,,,,,,-,dNSTombstoned,2.5.5.8,FALSE,,,,,pirate.htb,%%14676,,,,,,,,,,,,,dnsNode,"DC=dc01,DC=pirate.htb,cn=MicrosoftDNS,DC=DomainDnsZones,DC=pirate,DC=htb",AFF6283F-B417-4237-BC64-56914D112BA3,,,,CA765679-02DA-40E1-992B-FFB1639F1100,%%14675,,,,,,,NT AUTHORITY,0x36a7a,SYSTEM,S-1-5-18,,,,,,,,,,
2025-07-29T04:08:32.879758Z,5136,DC01.pirate.htb,Microsoft-Windows-Security-Auditing,Security,16904,0,,,,,,-,dNSTombstoned,2.5.5.8,FALSE,,,,,pirate.htb,%%14676,,,,,,,,,,,,,dnsNode,"DC=dc01,DC=pirate.htb,cn=MicrosoftDNS,DC=DomainDnsZones,DC=pirate,DC=htb",AFF6283F-B417-4237-BC64-56914D112BA3,,,,CA765679-02DA-40E1-992B-FFB1639F1100,%%14674,,,,,,,NT AUTHORITY,0x36a7a,SYSTEM,S-1-5-18,,,,,,,,,,
2025-07-29T04:08:32.879943Z,5136,DC01.pirate.htb,Microsoft-Windows-Security-Auditing,Security,16905,0,,,,,,-,dnsRecord,2.5.5.10,%%14672,,,,,pirate.htb,%%14676,,,,,,,,,,,,,dnsNode,"DC=dc01,DC=pirate.htb,cn=MicrosoftDNS,DC=DomainDnsZones,DC=pirate,DC=htb",AFF6283F-B417-4237-BC64-56914D112BA3,,,,B4FF6A7F-9747-4D4F-8E94-07B2CB4406F3,%%14675,,,,,,,NT AUTHORITY,0x36a7a,SYSTEM,S-1-5-18,,,,,,,,,,
2025-07-29T04:08:32.880279Z,5136,DC01.pirate.htb,Microsoft-Windows-Security-Auditing,Security,16906,0,,,,,,-,dnsRecord,2.5.5.10,%%14672,,,,,pirate.htb,%%14676,,,,,,,,,,,,,dnsNode,"DC=dc01,DC=pirate.htb,cn=MicrosoftDNS,DC=DomainDnsZones,DC=pirate,DC=htb",AFF6283F-B417-4237-BC64-56914D112BA3,,,,B4FF6A7F-9747-4D4F-8E94-07B2CB4406F3,%%14674,,,,,,,NT AUTHORITY,0x36a7a,SYSTEM,S-1-5-18,,,,,,,,,,
2025-07-29T04:08:32.880615Z,5136,DC01.pirate.htb,Microsoft-Windows-Security-Auditing,Security,16907,0,,,,,,-,dnsRecord,2.5.5.10,%%14672,,,,,pirate.htb,%%14676,,,,,,,,,,,,,dnsNode,"DC=dc01,DC=pirate.htb,cn=MicrosoftDNS,DC=DomainDnsZones,DC=pirate,DC=htb",AFF6283F-B417-4237-BC64-56914D112BA3,,,,B4FF6A7F-9747-4D4F-8E94-07B2CB4406F3,%%14674,,,,,,,NT AUTHORITY,0x36a7a,SYSTEM,S-1-5-18,,,,,,,,,,
2025-07-29T04:08:32.880861Z,5136,DC01.pirate.htb,Microsoft-Windows-Security-Auditing,Security,16908,0,,,,,,-,dNSTombstoned,2.5.5.8,FALSE,,,,,pirate.htb,%%14676,,,,,,,,,,,,,dnsNode,"DC=dc01,DC=pirate.htb,cn=MicrosoftDNS,DC=DomainDnsZones,DC=pirate,DC=htb",AFF6283F-B417-4237-BC64-56914D112BA3,,,,B4FF6A7F-9747-4D4F-8E94-07B2CB4406F3,%%14675,,,,,,,NT AUTHORITY,0x36a7a,SYSTEM,S-1-5-18,,,,,,,,,,
2025-07-29T04:08:32.881274Z,5136,DC01.pirate.htb,Microsoft-Windows-Security-Auditing,Security,16909,0,,,,,,-,dNSTombstoned,2.5.5.8,FALSE,,,,,pirate.htb,%%14676,,,,,,,,,,,,,dnsNode,"DC=dc01,DC=pirate.htb,cn=MicrosoftDNS,DC=DomainDnsZones,DC=pirate,DC=htb",AFF6283F-B417-4237-BC64-56914D112BA3,,,,B4FF6A7F-9747-4D4F-8E94-07B2CB4406F3,%%14674,,,,,,,NT AUTHORITY,0x36a7a,SYSTEM,S-1-5-18,,,,,,,,,,
2025-07-29T04:08:32.881461Z,5136,DC01.pirate.htb,Microsoft-Windows-Security-Auditing,Security,16910,0,,,,,,-,dnsRecord,2.5.5.10,%%14672,,,,,pirate.htb,%%14676,,,,,,,,,,,,,dnsNode,"DC=dc01,DC=pirate.htb,cn=MicrosoftDNS,DC=DomainDnsZones,DC=pirate,DC=htb",AFF6283F-B417-4237-BC64-56914D112BA3,,,,C6E60AFB-5E7D-4D90-AA54-B3C2A800F85A,%%14675,,,,,,,NT AUTHORITY,0x36a7a,SYSTEM,S-1-5-18,,,,,,,,,,
2025-07-29T04:08:32.881627Z,5136,DC01.pirate.htb,Microsoft-Windows-Security-Auditing,Security,16911,0,,,,,,-,dnsRecord,2.5.5.10,%%14672,,,,,pirate.htb,%%14676,,,,,,,,,,,,,dnsNode,"DC=dc01,DC=pirate.htb,cn=MicrosoftDNS,DC=DomainDnsZones,DC=pirate,DC=htb",AFF6283F-B417-4237-BC64-56914D112BA3,,,,C6E60AFB-5E7D-4D90-AA54-B3C2A800F85A,%%14675,,,,,,,NT AUTHORITY,0x36a7a,SYSTEM,S-1-5-18,,,,,,,,,,
2025-07-29T04:08:32.881843Z,5136,DC01.pirate.htb,Microsoft-Windows-Security-Auditing,Security,16912,0,,,,,,-,dnsRecord,2.5.5.10,%%14672,,,,,pirate.htb,%%14676,,,,,,,,,,,,,dnsNode,"DC=dc01,DC=pirate.htb,cn=MicrosoftDNS,DC=DomainDnsZones,DC=pirate,DC=htb",AFF6283F-B417-4237-BC64-56914D112BA3,,,,C6E60AFB-5E7D-4D90-AA54-B3C2A800F85A,%%14674,,,,,,,NT AUTHORITY,0x36a7a,SYSTEM,S-1-5-18,,,,,,,,,,
2025-07-29T04:08:32.882006Z,5136,DC01.pirate.htb,Microsoft-Windows-Security-Auditing,Security,16913,0,,,,,,-,dnsRecord,2.5.5.10,%%14672,,,,,pirate.htb,%%14676,,,,,,,,,,,,,dnsNode,"DC=dc01,DC=pirate.htb,cn=MicrosoftDNS,DC=DomainDnsZones,DC=pirate,DC=htb",AFF6283F-B417-4237-BC64-56914D112BA3,,,,C6E60AFB-5E7D-4D90-AA54-B3C2A800F85A,%%14674,,,,,,,NT AUTHORITY,0x36a7a,SYSTEM,S-1-5-18,,,,,,,,,,
2025-07-29T04:08:32.882156Z,5136,DC01.pirate.htb,Microsoft-Windows-Security-Auditing,Security,16914,0,,,,,,-,dnsRecord,2.5.5.10,%%14672,,,,,pirate.htb,%%14676,,,,,,,,,,,,,dnsNode,"DC=dc01,DC=pirate.htb,cn=MicrosoftDNS,DC=DomainDnsZones,DC=pirate,DC=htb",AFF6283F-B417-4237-BC64-56914D112BA3,,,,C6E60AFB-5E7D-4D90-AA54-B3C2A800F85A,%%14674,,,,,,,NT AUTHORITY,0x36a7a,SYSTEM,S-1-5-18,,,,,,,,,,
2025-07-29T04:08:32.882306Z,5136,DC01.pirate.htb,Microsoft-Windows-Security-Auditing,Security,16915,0,,,,,,-,dNSTombstoned,2.5.5.8,FALSE,,,,,pirate.htb,%%14676,,,,,,,,,,,,,dnsNode,"DC=dc01,DC=pirate.htb,cn=MicrosoftDNS,DC=DomainDnsZones,DC=pirate,DC=htb",AFF6283F-B417-4237-BC64-56914D112BA3,,,,C6E60AFB-5E7D-4D90-AA54-B3C2A800F85A,%%14675,,,,,,,NT AUTHORITY,0x36a7a,SYSTEM,S-1-5-18,,,,,,,,,,
2025-07-29T04:08:32.882457Z,5136,DC01.pirate.htb,Microsoft-Windows-Security-Auditing,Security,16916,0,,,,,,-,dNSTombstoned,2.5.5.8,FALSE,,,,,pirate.htb,%%14676,,,,,,,,,,,,,dnsNode,"DC=dc01,DC=pirate.htb,cn=MicrosoftDNS,DC=DomainDnsZones,DC=pirate,DC=htb",AFF6283F-B417-4237-BC64-56914D112BA3,,,,C6E60AFB-5E7D-4D90-AA54-B3C2A800F85A,%%14674,,,,,,,NT AUTHORITY,0x36a7a,SYSTEM,S-1-5-18,,,,,,,,,,
2025-07-29T04:08:32.883272Z,5136,DC01.pirate.htb,Microsoft-Windows-Security-Auditing,Security,16917,0,,,,,,-,dnsRecord,2.5.5.10,%%14672,,,,,pirate.htb,%%14676,,,,,,,,,,,,,dnsNode,"DC=dc01,DC=pirate.htb,cn=MicrosoftDNS,DC=DomainDnsZones,DC=pirate,DC=htb",AFF6283F-B417-4237-BC64-56914D112BA3,,,,06FA8E04-6D1F-4C31-A889-E277EF9217E6,%%14675,,,,,,,PIRATE,0x101a84,DC01$,S-1-5-21-4107424128-4158083573-1300325248-1000,,,,,,,,,,
2025-07-29T04:08:32.883688Z,5136,DC01.pirate.htb,Microsoft-Windows-Security-Auditing,Security,16918,0,,,,,,-,dnsRecord,2.5.5.10,%%14672,,,,,pirate.htb,%%14676,,,,,,,,,,,,,dnsNode,"DC=dc01,DC=pirate.htb,cn=MicrosoftDNS,DC=DomainDnsZones,DC=pirate,DC=htb",AFF6283F-B417-4237-BC64-56914D112BA3,,,,06FA8E04-6D1F-4C31-A889-E277EF9217E6,%%14675,,,,,,,PIRATE,0x101a84,DC01$,S-1-5-21-4107424128-4158083573-1300325248-1000,,,,,,,,,,
2025-07-29T04:08:32.884118Z,5136,DC01.pirate.htb,Microsoft-Windows-Security-Auditing,Security,16919,0,,,,,,-,dnsRecord,2.5.5.10,%%14672,,,,,pirate.htb,%%14676,,,,,,,,,,,,,dnsNode,"DC=dc01,DC=pirate.htb,cn=MicrosoftDNS,DC=DomainDnsZones,DC=pirate,DC=htb",AFF6283F-B417-4237-BC64-56914D112BA3,,,,06FA8E04-6D1F-4C31-A889-E277EF9217E6,%%14675,,,,,,,PIRATE,0x101a84,DC01$,S-1-5-21-4107424128-4158083573-1300325248-1000,,,,,,,,,,
2025-07-29T04:08:32.884650Z,5136,DC01.pirate.htb,Microsoft-Windows-Security-Auditing,Security,16920,0,,,,,,-,dnsRecord,2.5.5.10,%%14672,,,,,pirate.htb,%%14676,,,,,,,,,,,,,dnsNode,"DC=dc01,DC=pirate.htb,cn=MicrosoftDNS,DC=DomainDnsZones,DC=pirate,DC=htb",AFF6283F-B417-4237-BC64-56914D112BA3,,,,06FA8E04-6D1F-4C31-A889-E277EF9217E6,%%14674,,,,,,,PIRATE,0x101a84,DC01$,S-1-5-21-4107424128-4158083573-1300325248-1000,,,,,,,,,,
2025-07-29T04:08:32.885037Z,5136,DC01.pirate.htb,Microsoft-Windows-Security-Auditing,Security,16921,0,,,,,,-,dNSTombstoned,2.5.5.8,FALSE,,,,,pirate.htb,%%14676,,,,,,,,,,,,,dnsNode,"DC=dc01,DC=pirate.htb,cn=MicrosoftDNS,DC=DomainDnsZones,DC=pirate,DC=htb",AFF6283F-B417-4237-BC64-56914D112BA3,,,,06FA8E04-6D1F-4C31-A889-E277EF9217E6,%%14675,,,,,,,PIRATE,0x101a84,DC01$,S-1-5-21-4107424128-4158083573-1300325248-1000,,,,,,,,,,
2025-07-29T04:08:32.885395Z,5136,DC01.pirate.htb,Microsoft-Windows-Security-Auditing,Security,16922,0,,,,,,-,dNSTombstoned,2.5.5.8,FALSE,,,,,pirate.htb,%%14676,,,,,,,,,,,,,dnsNode,"DC=dc01,DC=pirate.htb,cn=MicrosoftDNS,DC=DomainDnsZones,DC=pirate,DC=htb",AFF6283F-B417-4237-BC64-56914D112BA3,,,,06FA8E04-6D1F-4C31-A889-E277EF9217E6,%%14674,,,,,,,PIRATE,0x101a84,DC01$,S-1-5-21-4107424128-4158083573-1300325248-1000,,,,,,,,,,
2025-07-29T04:08:32.885673Z,5136,DC01.pirate.htb,Microsoft-Windows-Security-Auditing,Security,16923,0,,,,,,-,dnsRecord,2.5.5.10,%%14672,,,,,pirate.htb,%%14676,,,,,,,,,,,,,dnsNode,"DC=dc01,DC=pirate.htb,cn=MicrosoftDNS,DC=DomainDnsZones,DC=pirate,DC=htb",AFF6283F-B417-4237-BC64-56914D112BA3,,,,3D0813EC-814E-433B-BF45-FD83DCA75EB1,%%14675,,,,,,,NT AUTHORITY,0x36a7a,SYSTEM,S-1-5-18,,,,,,,,,,
2025-07-29T04:08:32.885829Z,5136,DC01.pirate.htb,Microsoft-Windows-Security-Auditing,Security,16924,0,,,,,,-,dnsRecord,2.5.5.10,%%14672,,,,,pirate.htb,%%14676,,,,,,,,,,,,,dnsNode,"DC=dc01,DC=pirate.htb,cn=MicrosoftDNS,DC=DomainDnsZones,DC=pirate,DC=htb",AFF6283F-B417-4237-BC64-56914D112BA3,,,,3D0813EC-814E-433B-BF45-FD83DCA75EB1,%%14674,,,,,,,NT AUTHORITY,0x36a7a,SYSTEM,S-1-5-18,,,,,,,,,,
2025-07-29T04:08:32.885978Z,5136,DC01.pirate.htb,Microsoft-Windows-Security-Auditing,Security,16925,0,,,,,,-,dnsRecord,2.5.5.10,%%14672,,,,,pirate.htb,%%14676,,,,,,,,,,,,,dnsNode,"DC=dc01,DC=pirate.htb,cn=MicrosoftDNS,DC=DomainDnsZones,DC=pirate,DC=htb",AFF6283F-B417-4237-BC64-56914D112BA3,,,,3D0813EC-814E-433B-BF45-FD83DCA75EB1,%%14674,,,,,,,NT AUTHORITY,0x36a7a,SYSTEM,S-1-5-18,,,,,,,,,,
2025-07-29T04:08:32.886195Z,5136,DC01.pirate.htb,Microsoft-Windows-Security-Auditing,Security,16926,0,,,,,,-,dnsRecord,2.5.5.10,%%14672,,,,,pirate.htb,%%14676,,,,,,,,,,,,,dnsNode,"DC=dc01,DC=pirate.htb,cn=MicrosoftDNS,DC=DomainDnsZones,DC=pirate,DC=htb",AFF6283F-B417-4237-BC64-56914D112BA3,,,,3D0813EC-814E-433B-BF45-FD83DCA75EB1,%%14674,,,,,,,NT AUTHORITY,0x36a7a,SYSTEM,S-1-5-18,,,,,,,,,,
2025-07-29T04:08:32.886350Z,5136,DC01.pirate.htb,Microsoft-Windows-Security-Auditing,Security,16927,0,,,,,,-,dNSTombstoned,2.5.5.8,FALSE,,,,,pirate.htb,%%14676,,,,,,,,,,,,,dnsNode,"DC=dc01,DC=pirate.htb,cn=MicrosoftDNS,DC=DomainDnsZones,DC=pirate,DC=htb",AFF6283F-B417-4237-BC64-56914D112BA3,,,,3D0813EC-814E-433B-BF45-FD83DCA75EB1,%%14675,,,,,,,NT AUTHORITY,0x36a7a,SYSTEM,S-1-5-18,,,,,,,,,,
2025-07-29T04:08:32.886553Z,5136,DC01.pirate.htb,Microsoft-Windows-Security-Auditing,Security,16928,0,,,,,,-,dNSTombstoned,2.5.5.8,FALSE,,,,,pirate.htb,%%14676,,,,,,,,,,,,,dnsNode,"DC=dc01,DC=pirate.htb,cn=MicrosoftDNS,DC=DomainDnsZones,DC=pirate,DC=htb",AFF6283F-B417-4237-BC64-56914D112BA3,,,,3D0813EC-814E-433B-BF45-FD83DCA75EB1,%%14674,,,,,,,NT AUTHORITY,0x36a7a,SYSTEM,S-1-5-18,,,,,,,,,,
2025-07-29T04:08:40.081899Z,4662,DC01.pirate.htb,Microsoft-Windows-Security-Auditing,Security,16929,0,"%%7684
				",0x10,-,,,,,,,,,,,,,,,0x0,,,,,,,,,,,,,%{aff6283f-b417-4237-bc64-56914d112ba3},DS,%{e0fa1e8c-9b45-11d0-afdd-00c04fd930c9},,Object Access,,,,,"%%7684
		{e48d0154-bcf8-11d1-8702-00c04fb96050}
			{bf9679e5-0de6-11d0-a285-00aa003049e2}
	{e0fa1e8c-9b45-11d0-afdd-00c04fd930c9}
",,PIRATE,0x36a7a,DC01$,S-1-5-18,,,,,,,,,,
2025-07-29T04:08:40.081909Z,4662,DC01.pirate.htb,Microsoft-Windows-Security-Auditing,Security,16930,0,"%%7682
				",0x4,-,,,,,,,,,,,,,,,0x0,,,,,,,,,,,,,%{afff0694-70ff-4985-9456-bb96e5b03812},DS,%{e0fa1e8b-9b45-11d0-afdd-00c04fd930c9},,Object Access,,,,,"%%7682
	{e0fa1e8b-9b45-11d0-afdd-00c04fd930c9}
",,PIRATE,0x36a7a,DC01$,S-1-5-18,,,,,,,,,,
2025-07-29T04:08:40.081915Z,4662,DC01.pirate.htb,Microsoft-Windows-Security-Auditing,Security,16931,0,"%%1538
				",0x20000,-,,,,,,,,,,,,,,,0x0,,,,,,,,,,,,,%{aff6283f-b417-4237-bc64-56914d112ba3},DS,%{e0fa1e8c-9b45-11d0-afdd-00c04fd930c9},,Object Access,,,,,"%%1538
	{e0fa1e8c-9b45-11d0-afdd-00c04fd930c9}
",,PIRATE,0x36a7a,DC01$,S-1-5-18,,,,,,,,,,
2025-07-29T04:08:40.081970Z,4662,DC01.pirate.htb,Microsoft-Windows-Security-Auditing,Security,16932,0,"%%7684
				",0x10,-,,,,,,,,,,,,,,,0x0,,,,,,,,,,,,,%{aff6283f-b417-4237-bc64-56914d112ba3},DS,%{e0fa1e8c-9b45-11d0-afdd-00c04fd930c9},,Object Access,,,,,"%%7684
	{e0fa1e8c-9b45-11d0-afdd-00c04fd930c9}
		{e48d0154-bcf8-11d1-8702-00c04fb96050}
			{bf9679e5-0de6-11d0-a285-00aa003049e2}
			{bf9679e7-0de6-11d0-a285-00aa003049e2}
		{771727b1-31b8-4cdf-ae62-4fe39fadf89e}
			{bf967a77-0de6-11d0-a285-00aa003049e2}
			{bf967a70-0de6-11d0-a285-00aa003049e2}
			{bf967a6f-0de6-11d0-a285-00aa003049e2}
			{bf967a78-0de6-11d0-a285-00aa003049e2}
			{e0fa1e69-9b45-11d0-afdd-00c04fd930c9}
			{675a15fe-3b70-11d2-90cc-00c04fd91ab1}
			{aa12854c-d8fc-4d5e-91ca-368b8d829bee}
			{c79f2199-6da1-46ff-923c-1f3f800c721e}
			{7bea2088-8ce2-423c-b191-66ec506b1595}
			{0dc063c1-52d9-4456-9e15-9c2434aafd94}
			{5c5b7ad2-20fa-44bb-beb3-34b9c0f65579}
			{27d93c40-065a-43c0-bdd8-cdf2c7d120aa}
			{ff9e5552-7db7-4138-8888-05ce320a0323}
			{13361665-916c-4de7-a59d-b1ebbd0de129}
			{80b70aab-8959-4ec0-8e93-126e76df3aca}
			{8f4e317f-28d7-442c-a6df-1f491f97b326}
			{29869b7c-64c4-42fe-97d5-fbc2fa124160}
			{03d4c32e-e217-4a61-9699-7bbc4729a026}
			{f6b0f0be-a8e4-4468-8fd9-c3c47b8722f9}
			{3443d8cd-e5b6-4f3b-b098-659a0214a079}
			{b7673e6d-cad9-4e9e-b31a-63e8098fdd63}
			{28c458f5-602d-4ac9-a77c-b3f1be503a7e}
			{285c6964-c11a-499e-96d8-bf7c75a223c6}
			{ba340d47-2181-4ca0-a2f6-fae4479dab2a}
			{aff16770-9622-4fbc-a128-3088777605b9}
			{387d9432-a6d1-4474-82cd-0a89aae084ae}
			{19195a55-6da0-11d0-afd3-00c04fd930c9}
",,PIRATE,0x36a7a,DC01$,S-1-5-18,,,,,,,,,,
2025-07-29T04:08:40.085823Z,4662,DC01.pirate.htb,Microsoft-Windows-Security-Auditing,Security,16933,0,"%%7684
				",0x10,-,,,,,,,,,,,,,,,0x0,,,,,,,,,,,,,%{aff6283f-b417-4237-bc64-56914d112ba3},DS,%{e0fa1e8c-9b45-11d0-afdd-00c04fd930c9},,Object Access,,,,,"%%7684
		{e48d0154-bcf8-11d1-8702-00c04fb96050}
			{bf9679e5-0de6-11d0-a285-00aa003049e2}
	{e0fa1e8c-9b45-11d0-afdd-00c04fd930c9}
",,PIRATE,0x36a7a,DC01$,S-1-5-18,,,,,,,,,,
2025-07-29T04:08:40.085829Z,4662,DC01.pirate.htb,Microsoft-Windows-Security-Auditing,Security,16934,0,"%%7682
				",0x4,-,,,,,,,,,,,,,,,0x0,,,,,,,,,,,,,%{afff0694-70ff-4985-9456-bb96e5b03812},DS,%{e0fa1e8b-9b45-11d0-afdd-00c04fd930c9},,Object Access,,,,,"%%7682
	{e0fa1e8b-9b45-11d0-afdd-00c04fd930c9}
",,PIRATE,0x36a7a,DC01$,S-1-5-18,,,,,,,,,,
2025-07-29T04:08:40.085833Z,4662,DC01.pirate.htb,Microsoft-Windows-Security-Auditing,Security,16935,0,"%%1538
				",0x20000,-,,,,,,,,,,,,,,,0x0,,,,,,,,,,,,,%{aff6283f-b417-4237-bc64-56914d112ba3},DS,%{e0fa1e8c-9b45-11d0-afdd-00c04fd930c9},,Object Access,,,,,"%%1538
	{e0fa1e8c-9b45-11d0-afdd-00c04fd930c9}
",,PIRATE,0x36a7a,DC01$,S-1-5-18,,,,,,,,,,
2025-07-29T04:08:40.085898Z,4662,DC01.pirate.htb,Microsoft-Windows-Security-Auditing,Security,16936,0,"%%7684
				",0x10,-,,,,,,,,,,,,,,,0x0,,,,,,,,,,,,,%{aff6283f-b417-4237-bc64-56914d112ba3},DS,%{e0fa1e8c-9b45-11d0-afdd-00c04fd930c9},,Object Access,,,,,"%%7684
	{e0fa1e8c-9b45-11d0-afdd-00c04fd930c9}
		{e48d0154-bcf8-11d1-8702-00c04fb96050}
			{bf9679e5-0de6-11d0-a285-00aa003049e2}
			{bf9679e7-0de6-11d0-a285-00aa003049e2}
		{771727b1-31b8-4cdf-ae62-4fe39fadf89e}
			{bf967a77-0de6-11d0-a285-00aa003049e2}
			{bf967a70-0de6-11d0-a285-00aa003049e2}
			{bf967a6f-0de6-11d0-a285-00aa003049e2}
			{bf967a78-0de6-11d0-a285-00aa003049e2}
			{e0fa1e69-9b45-11d0-afdd-00c04fd930c9}
			{675a15fe-3b70-11d2-90cc-00c04fd91ab1}
			{aa12854c-d8fc-4d5e-91ca-368b8d829bee}
			{c79f2199-6da1-46ff-923c-1f3f800c721e}
			{7bea2088-8ce2-423c-b191-66ec506b1595}
			{0dc063c1-52d9-4456-9e15-9c2434aafd94}
			{5c5b7ad2-20fa-44bb-beb3-34b9c0f65579}
			{27d93c40-065a-43c0-bdd8-cdf2c7d120aa}
			{ff9e5552-7db7-4138-8888-05ce320a0323}
			{13361665-916c-4de7-a59d-b1ebbd0de129}
			{80b70aab-8959-4ec0-8e93-126e76df3aca}
			{8f4e317f-28d7-442c-a6df-1f491f97b326}
			{29869b7c-64c4-42fe-97d5-fbc2fa124160}
			{03d4c32e-e217-4a61-9699-7bbc4729a026}
			{f6b0f0be-a8e4-4468-8fd9-c3c47b8722f9}
			{3443d8cd-e5b6-4f3b-b098-659a0214a079}
			{b7673e6d-cad9-4e9e-b31a-63e8098fdd63}
			{28c458f5-602d-4ac9-a77c-b3f1be503a7e}
			{285c6964-c11a-499e-96d8-bf7c75a223c6}
			{ba340d47-2181-4ca0-a2f6-fae4479dab2a}
			{aff16770-9622-4fbc-a128-3088777605b9}
			{387d9432-a6d1-4474-82cd-0a89aae084ae}
			{19195a55-6da0-11d0-afd3-00c04fd930c9}
",,PIRATE,0x36a7a,DC01$,S-1-5-18,,,,,,,,,,
2025-07-29T04:08:40.088210Z,4662,DC01.pirate.htb,Microsoft-Windows-Security-Auditing,Security,16937,0,"%%7684
				",0x10,-,,,,,,,,,,,,,,,0x0,,,,,,,,,,,,,%{aff6283f-b417-4237-bc64-56914d112ba3},DS,%{e0fa1e8c-9b45-11d0-afdd-00c04fd930c9},,Object Access,,,,,"%%7684
		{e48d0154-bcf8-11d1-8702-00c04fb96050}
			{26d97369-6070-11d1-a9c6-0000f80367c1}
	{e0fa1e8c-9b45-11d0-afdd-00c04fd930c9}
",,PIRATE,0x36a7a,DC01$,S-1-5-18,,,,,,,,,,
2025-07-29T04:08:40.088218Z,4662,DC01.pirate.htb,Microsoft-Windows-Security-Auditing,Security,16938,0,"%%7682
				",0x4,-,,,,,,,,,,,,,,,0x0,,,,,,,,,,,,,%{afff0694-70ff-4985-9456-bb96e5b03812},DS,%{e0fa1e8b-9b45-11d0-afdd-00c04fd930c9},,Object Access,,,,,"%%7682
	{e0fa1e8b-9b45-11d0-afdd-00c04fd930c9}
",,PIRATE,0x36a7a,DC01$,S-1-5-18,,,,,,,,,,
2025-07-29T04:08:40.088223Z,4662,DC01.pirate.htb,Microsoft-Windows-Security-Auditing,Security,16939,0,"%%1538
				",0x20000,-,,,,,,,,,,,,,,,0x0,,,,,,,,,,,,,%{aff6283f-b417-4237-bc64-56914d112ba3},DS,%{e0fa1e8c-9b45-11d0-afdd-00c04fd930c9},,Object Access,,,,,"%%1538
	{e0fa1e8c-9b45-11d0-afdd-00c04fd930c9}
",,PIRATE,0x36a7a,DC01$,S-1-5-18,,,,,,,,,,
2025-07-29T04:08:40.088233Z,4662,DC01.pirate.htb,Microsoft-Windows-Security-Auditing,Security,16940,0,"%%7684
				",0x10,-,,,,,,,,,,,,,,,0x0,,,,,,,,,,,,,%{aff6283f-b417-4237-bc64-56914d112ba3},DS,%{e0fa1e8c-9b45-11d0-afdd-00c04fd930c9},,Object Access,,,,,"%%7684
		{771727b1-31b8-4cdf-ae62-4fe39fadf89e}
			{bf967a77-0de6-11d0-a285-00aa003049e2}
			{e0fa1e69-9b45-11d0-afdd-00c04fd930c9}
	{e0fa1e8c-9b45-11d0-afdd-00c04fd930c9}
",,PIRATE,0x36a7a,DC01$,S-1-5-18,,,,,,,,,,
2025-07-29T04:08:40.088572Z,4662,DC01.pirate.htb,Microsoft-Windows-Security-Auditing,Security,16941,0,"%%7685
				",0x20,-,,,,,,,,,,,,,,,0x0,,,,,,,,,,,,,%{aff6283f-b417-4237-bc64-56914d112ba3},DS,%{e0fa1e8c-9b45-11d0-afdd-00c04fd930c9},,Object Access,,,,,"%%7685
		{771727b1-31b8-4cdf-ae62-4fe39fadf89e}
			{e0fa1e69-9b45-11d0-afdd-00c04fd930c9}
			{d5eb2eb7-be4e-463b-a214-634a44d7392e}
	{e0fa1e8c-9b45-11d0-afdd-00c04fd930c9}
",,PIRATE,0x1152fa,DC01$,S-1-5-21-4107424128-4158083573-1300325248-1000,,,,,,,,,,
2025-07-29T04:08:42.890830Z,5136,DC01.pirate.htb,Microsoft-Windows-Security-Auditing,Security,16942,0,,,,,,-,dnsRecord,2.5.5.10,%%14672,,,,,pirate.htb,%%14676,,,,,,,,,,,,,dnsNode,"DC=dc01,DC=pirate.htb,cn=MicrosoftDNS,DC=DomainDnsZones,DC=pirate,DC=htb",AFF6283F-B417-4237-BC64-56914D112BA3,,,,B60D27A8-92AE-4E66-A732-3724065F632D,%%14675,,,,,,,PIRATE,0x1152fa,DC01$,S-1-5-21-4107424128-4158083573-1300325248-1000,,,,,,,,,,
2025-07-29T04:08:42.891220Z,5136,DC01.pirate.htb,Microsoft-Windows-Security-Auditing,Security,16943,0,,,,,,-,dnsRecord,2.5.5.10,%%14672,,,,,pirate.htb,%%14676,,,,,,,,,,,,,dnsNode,"DC=dc01,DC=pirate.htb,cn=MicrosoftDNS,DC=DomainDnsZones,DC=pirate,DC=htb",AFF6283F-B417-4237-BC64-56914D112BA3,,,,B60D27A8-92AE-4E66-A732-3724065F632D,%%14675,,,,,,,PIRATE,0x1152fa,DC01$,S-1-5-21-4107424128-4158083573-1300325248-1000,,,,,,,,,,
2025-07-29T04:08:42.891732Z,5136,DC01.pirate.htb,Microsoft-Windows-Security-Auditing,Security,16944,0,,,,,,-,dnsRecord,2.5.5.10,%%14672,,,,,pirate.htb,%%14676,,,,,,,,,,,,,dnsNode,"DC=dc01,DC=pirate.htb,cn=MicrosoftDNS,DC=DomainDnsZones,DC=pirate,DC=htb",AFF6283F-B417-4237-BC64-56914D112BA3,,,,B60D27A8-92AE-4E66-A732-3724065F632D,%%14675,,,,,,,PIRATE,0x1152fa,DC01$,S-1-5-21-4107424128-4158083573-1300325248-1000,,,,,,,,,,
2025-07-29T04:08:42.892118Z,5136,DC01.pirate.htb,Microsoft-Windows-Security-Auditing,Security,16945,0,,,,,,-,dnsRecord,2.5.5.10,%%14672,,,,,pirate.htb,%%14676,,,,,,,,,,,,,dnsNode,"DC=dc01,DC=pirate.htb,cn=MicrosoftDNS,DC=DomainDnsZones,DC=pirate,DC=htb",AFF6283F-B417-4237-BC64-56914D112BA3,,,,B60D27A8-92AE-4E66-A732-3724065F632D,%%14674,,,,,,,PIRATE,0x1152fa,DC01$,S-1-5-21-4107424128-4158083573-1300325248-1000,,,,,,,,,,
2025-07-29T04:08:42.892526Z,5136,DC01.pirate.htb,Microsoft-Windows-Security-Auditing,Security,16946,0,,,,,,-,dnsRecord,2.5.5.10,%%14672,,,,,pirate.htb,%%14676,,,,,,,,,,,,,dnsNode,"DC=dc01,DC=pirate.htb,cn=MicrosoftDNS,DC=DomainDnsZones,DC=pirate,DC=htb",AFF6283F-B417-4237-BC64-56914D112BA3,,,,B60D27A8-92AE-4E66-A732-3724065F632D,%%14674,,,,,,,PIRATE,0x1152fa,DC01$,S-1-5-21-4107424128-4158083573-1300325248-1000,,,,,,,,,,
2025-07-29T04:08:42.892799Z,5136,DC01.pirate.htb,Microsoft-Windows-Security-Auditing,Security,16947,0,,,,,,-,dNSTombstoned,2.5.5.8,FALSE,,,,,pirate.htb,%%14676,,,,,,,,,,,,,dnsNode,"DC=dc01,DC=pirate.htb,cn=MicrosoftDNS,DC=DomainDnsZones,DC=pirate,DC=htb",AFF6283F-B417-4237-BC64-56914D112BA3,,,,B60D27A8-92AE-4E66-A732-3724065F632D,%%14675,,,,,,,PIRATE,0x1152fa,DC01$,S-1-5-21-4107424128-4158083573-1300325248-1000,,,,,,,,,,
2025-07-29T04:08:42.893139Z,5136,DC01.pirate.htb,Microsoft-Windows-Security-Auditing,Security,16948,0,,,,,,-,dNSTombstoned,2.5.5.8,FALSE,,,,,pirate.htb,%%14676,,,,,,,,,,,,,dnsNode,"DC=dc01,DC=pirate.htb,cn=MicrosoftDNS,DC=DomainDnsZones,DC=pirate,DC=htb",AFF6283F-B417-4237-BC64-56914D112BA3,,,,B60D27A8-92AE-4E66-A732-3724065F632D,%%14674,,,,,,,PIRATE,0x1152fa,DC01$,S-1-5-21-4107424128-4158083573-1300325248-1000,,,,,,,,,,
2025-07-29T04:09:37.051830Z,1100,DC01.pirate.htb,Microsoft-Windows-Eventlog,Security,16949,4,,,,,,,,,,,,,,,,,,,,,,,,,,,,,,,,,,,,,,,,,,,,,,,,,,,,,,,http://manifests.microsoft.com/win/2004/08/windows/eventlog
2026-01-08T21:12:11.970148Z,4688,DC01.pirate.htb,Microsoft-Windows-Security-Auditing,Security,16950,0,,,,,,,,,,,,,,,,,,,,,,,,S-1-16-16384,0x30,,,,,,,,,,,,,0x4,,,,-,0x3e7,-,S-1-5-18,-,0x0,,,-,S-1-0-0,,%%1936,,
2026-01-08T21:12:11.970154Z,4688,DC01.pirate.htb,Microsoft-Windows-Security-Auditing,Security,16951,0,,,,,,,,,,,,,,,,,,,,,,,,S-1-16-16384,0x5c,Registry,,,,,,,,,,,,0x4,,,,-,0x3e7,-,S-1-5-18,-,0x0,,,-,S-1-0-0,,%%1936,,
2026-01-08T21:12:11.970158Z,4696,DC01.pirate.htb,Microsoft-Windows-Security-Auditing,Security,16952,0,,,,,,,,,,,,,,,,,,,,,,,,,,,,,,,,,,,,,,0x4,,,,-,0x3e7,-,S-1-5-18,-,0x3e7,0x5c,Registry,-,S-1-0-0,,,,
2026-01-08T21:12:11.970163Z,4826,DC01.pirate.htb,Microsoft-Windows-Security-Auditing,Security,16953,0,,,,,%%1843,,,,,,,,%%1846,,,%%1843,%%1843,,%%1843,%%1849,-,%%1843,-,,,,,,,,,,,,,,,,,,%%1843,-,0x3e7,-,S-1-5-18,,,,,,,%%1843,,%%1849,
2026-01-08T21:12:11.976017Z,4688,DC01.pirate.htb,Microsoft-Windows-Security-Auditing,Security,16954,0,,,,,,,,,,,,,,,,,,,,,,,,S-1-16-16384,0x128,C:\Windows\System32\smss.exe,,,,,,,,,,,,0x4,,,,-,0x3e7,-,S-1-5-18,-,0x0,,,-,S-1-0-0,,%%1936,,
2026-01-08T21:12:12.689265Z,4688,DC01.pirate.htb,Microsoft-Windows-Security-Auditing,Security,16955,0,,,,,,,,,,,,,,,,,,,,,,,,S-1-16-16384,0x170,C:\Windows\System32\autochk.exe,,,,,,,,,,C:\Windows\System32\smss.exe,,0x128,,,,-,0x3e7,-,S-1-5-18,-,0x0,,,-,S-1-0-0,,%%1936,,
2026-01-08T21:12:17.279052Z,4688,DC01.pirate.htb,Microsoft-Windows-Security-Auditing,Security,16956,0,,,,,,,,,,,,,,,,,,,,,,,,S-1-16-16384,0x1ac,C:\Windows\System32\smss.exe,,,,,,,,,,C:\Windows\System32\smss.exe,,0x128,,,,-,0x3e7,-,S-1-5-18,-,0x0,,,-,S-1-0-0,,%%1936,,
2026-01-08T21:12:17.657711Z,4688,DC01.pirate.htb,Microsoft-Windows-Security-Auditing,Security,16957,0,,,,,,,,,,,,,,,,,,,,,,,,S-1-16-16384,0x1b4,C:\Windows\System32\csrss.exe,,,,,,,,,,C:\Windows\System32\smss.exe,,0x1ac,,,,-,0x3e7,-,S-1-5-18,-,0x0,,,-,S-1-0-0,,%%1936,,
2026-01-08T21:12:18.507182Z,4688,DC01.pirate.htb,Microsoft-Windows-Security-Auditing,Security,16958,0,,,,,,,,,,,,,,,,,,,,,,,,S-1-16-16384,0x218,C:\Windows\System32\smss.exe,,,,,,,,,,C:\Windows\System32\smss.exe,,0x128,,,,-,0x3e7,-,S-1-5-18,-,0x0,,,-,S-1-0-0,,%%1936,,
2026-01-08T21:12:18.511629Z,4688,DC01.pirate.htb,Microsoft-Windows-Security-Auditing,Security,16959,0,,,,,,,,,,,,,,,,,,,,,,,,S-1-16-16384,0x220,C:\Windows\System32\wininit.exe,,,,,,,,,,C:\Windows\System32\smss.exe,,0x1ac,,,,-,0x3e7,-,S-1-5-18,-,0x0,,,-,S-1-0-0,,%%1936,,
2026-01-08T21:12:18.518167Z,4688,DC01.pirate.htb,Microsoft-Windows-Security-Auditing,Security,16960,0,,,,,,,,,,,,,,,,,,,,,,,,S-1-16-16384,0x228,C:\Windows\System32\csrss.exe,,,,,,,,,,C:\Windows\System32\smss.exe,,0x218,,,,-,0x3e7,-,S-1-5-18,-,0x0,,,-,S-1-0-0,,%%1936,,
2026-01-08T21:12:18.567100Z,4688,DC01.pirate.htb,Microsoft-Windows-Security-Auditing,Security,16961,0,,,,,,,,,,,,,,,,,,,,,,,,S-1-16-16384,0x264,C:\Windows\System32\winlogon.exe,,,,,,,,,,C:\Windows\System32\smss.exe,,0x218,,,,-,0x3e7,-,S-1-5-18,-,0x0,,,-,S-1-0-0,,%%1936,,
2026-01-08T21:12:18.678254Z,4688,DC01.pirate.htb,Microsoft-Windows-Security-Auditing,Security,16962,0,,,,,,,,,,,,,,,,,,,,,,,,S-1-16-16384,0x2a4,C:\Windows\System32\services.exe,,,,,,,,,,C:\Windows\System32\wininit.exe,,0x220,,,,-,0x3e7,-,S-1-5-18,-,0x0,,,-,S-1-0-0,,%%1936,,
2026-01-08T21:12:18.726236Z,4688,DC01.pirate.htb,Microsoft-Windows-Security-Auditing,Security,16963,0,,,,,,,,,,,,,,,,,,,,,,,,S-1-16-16384,0x2ac,C:\Windows\System32\LsaIso.exe,,,,,,,,,,C:\Windows\System32\wininit.exe,,0x220,,,,-,0x3e7,-,S-1-5-18,-,0x0,,,-,S-1-0-0,,%%1936,,
2026-01-08T21:12:18.737029Z,4688,DC01.pirate.htb,Microsoft-Windows-Security-Auditing,Security,16964,0,,,,,,,,,,,,,,,,,,,,,,,,S-1-16-16384,0x2bc,C:\Windows\System32\lsass.exe,,,,,,,,,,C:\Windows\System32\wininit.exe,,0x220,,,,-,0x3e7,-,S-1-5-18,-,0x0,,,-,S-1-0-0,,%%1936,,
2026-01-08T21:13:00.986630Z,4662,DC01.pirate.htb,Microsoft-Windows-Security-Auditing,Security,16965,0,"%%7684
				",0x10,-,,,,,,,,,,,,,,,0x0,,,,,,,,,,,,,%{afff0694-70ff-4985-9456-bb96e5b03812},DS,%{e0fa1e8b-9b45-11d0-afdd-00c04fd930c9},,Object Access,,,,,"%%7684
		{e48d0154-bcf8-11d1-8702-00c04fb96050}
			{26d97369-6070-11d1-a9c6-0000f80367c1}
	{e0fa1e8b-9b45-11d0-afdd-00c04fd930c9}
",,PIRATE,0x4ba19,DC01$,S-1-5-18,,,,,,,,,,
2026-01-08T21:13:00.986657Z,4662,DC01.pirate.htb,Microsoft-Windows-Security-Auditing,Security,16966,0,"%%1538
				",0x20000,-,,,,,,,,,,,,,,,0x0,,,,,,,,,,,,,%{afff0694-70ff-4985-9456-bb96e5b03812},DS,%{e0fa1e8b-9b45-11d0-afdd-00c04fd930c9},,Object Access,,,,,"%%1538
	{e0fa1e8b-9b45-11d0-afdd-00c04fd930c9}
",,PIRATE,0x4ba19,DC01$,S-1-5-18,,,,,,,,,,
2026-01-08T21:13:00.986789Z,4662,DC01.pirate.htb,Microsoft-Windows-Security-Auditing,Security,16967,0,"%%7684
				",0x10,-,,,,,,,,,,,,,,,0x0,,,,,,,,,,,,,%{afff0694-70ff-4985-9456-bb96e5b03812},DS,%{e0fa1e8b-9b45-11d0-afdd-00c04fd930c9},,Object Access,,,,,"%%7684
	{e0fa1e8b-9b45-11d0-afdd-00c04fd930c9}
		{e48d0154-bcf8-11d1-8702-00c04fb96050}
			{bf9679e5-0de6-11d0-a285-00aa003049e2}
			{bf9679e7-0de6-11d0-a285-00aa003049e2}
		{771727b1-31b8-4cdf-ae62-4fe39fadf89e}
			{bf967a77-0de6-11d0-a285-00aa003049e2}
			{bf967a70-0de6-11d0-a285-00aa003049e2}
			{bf967a6f-0de6-11d0-a285-00aa003049e2}
			{bf967a78-0de6-11d0-a285-00aa003049e2}
			{e0fa1e69-9b45-11d0-afdd-00c04fd930c9}
			{675a15fe-3b70-11d2-90cc-00c04fd91ab1}
			{aa12854c-d8fc-4d5e-91ca-368b8d829bee}
			{c79f2199-6da1-46ff-923c-1f3f800c721e}
			{7bea2088-8ce2-423c-b191-66ec506b1595}
			{0dc063c1-52d9-4456-9e15-9c2434aafd94}
			{5c5b7ad2-20fa-44bb-beb3-34b9c0f65579}
			{27d93c40-065a-43c0-bdd8-cdf2c7d120aa}
			{ff9e5552-7db7-4138-8888-05ce320a0323}
			{13361665-916c-4de7-a59d-b1ebbd0de129}
			{80b70aab-8959-4ec0-8e93-126e76df3aca}
			{8f4e317f-28d7-442c-a6df-1f491f97b326}
			{29869b7c-64c4-42fe-97d5-fbc2fa124160}
			{03d4c32e-e217-4a61-9699-7bbc4729a026}
			{f6b0f0be-a8e4-4468-8fd9-c3c47b8722f9}
			{3443d8cd-e5b6-4f3b-b098-659a0214a079}
			{b7673e6d-cad9-4e9e-b31a-63e8098fdd63}
			{28c458f5-602d-4ac9-a77c-b3f1be503a7e}
			{285c6964-c11a-499e-96d8-bf7c75a223c6}
			{ba340d47-2181-4ca0-a2f6-fae4479dab2a}
			{aff16770-9622-4fbc-a128-3088777605b9}
			{387d9432-a6d1-4474-82cd-0a89aae084ae}
			{19195a55-6da0-11d0-afd3-00c04fd930c9}
",,PIRATE,0x4ba19,DC01$,S-1-5-18,,,,,,,,,,
2026-01-08T21:13:00.989184Z,4662,DC01.pirate.htb,Microsoft-Windows-Security-Auditing,Security,16968,0,"%%7684
				",0x10,-,,,,,,,,,,,,,,,0x0,,,,,,,,,,,,,%{afff0694-70ff-4985-9456-bb96e5b03812},DS,%{e0fa1e8b-9b45-11d0-afdd-00c04fd930c9},,Object Access,,,,,"%%7684
		{e48d0154-bcf8-11d1-8702-00c04fb96050}
			{26d97369-6070-11d1-a9c6-0000f80367c1}
	{e0fa1e8b-9b45-11d0-afdd-00c04fd930c9}
",,PIRATE,0x4ba19,DC01$,S-1-5-18,,,,,,,,,,
2026-01-08T21:13:00.989245Z,4662,DC01.pirate.htb,Microsoft-Windows-Security-Auditing,Security,16969,0,"%%7684
				",0x10,-,,,,,,,,,,,,,,,0x0,,,,,,,,,,,,,%{afff0694-70ff-4985-9456-bb96e5b03812},DS,%{e0fa1e8b-9b45-11d0-afdd-00c04fd930c9},,Object Access,,,,,"%%7684
		{771727b1-31b8-4cdf-ae62-4fe39fadf89e}
			{3443d8cd-e5b6-4f3b-b098-659a0214a079}
	{e0fa1e8b-9b45-11d0-afdd-00c04fd930c9}
",,PIRATE,0x4ba19,DC01$,S-1-5-18,,,,,,,,,,
2026-01-08T21:13:01.061611Z,4662,DC01.pirate.htb,Microsoft-Windows-Security-Auditing,Security,16970,0,"%%7684
				",0x10,-,,,,,,,,,,,,,,,0x0,,,,,,,,,,,,,%{afff0694-70ff-4985-9456-bb96e5b03812},DS,%{e0fa1e8b-9b45-11d0-afdd-00c04fd930c9},,Object Access,,,,,"%%7684
		{e48d0154-bcf8-11d1-8702-00c04fb96050}
			{26d97369-6070-11d1-a9c6-0000f80367c1}
	{e0fa1e8b-9b45-11d0-afdd-00c04fd930c9}
",,PIRATE,0x4ba19,DC01$,S-1-5-18,,,,,,,,,,
