2025-06-11T14:09:07.119651Z,5136,DC01.pirate.htb,Microsoft-Windows-Security-Auditing,Security,15249,0,,,,,,-,dNSProperty,2.5.5.10,%%14672,,,,,pirate.htb,%%14676,,,,,,,,,,,,,dnsZone,"DC=pirate.htb,cn=MicrosoftDNS,DC=DomainDnsZones,DC=pirate,DC=htb",AFFF0694-70FF-4985-9456-BB96E5B03812,,,,0C51A8CE-E64E-4393-B778-86C24CA92738,%%14675,,,,,,,NT AUTHORITY,0x395c6,SYSTEM,S-1-5-18,,,,,,,,,,
2025-06-11T14:09:07.119707Z,5136,DC01.pirate.htb,Microsoft-Windows-Security-Auditing,Security,15250,0,,,,,,-,dNSProperty,2.5.5.10,%%14672,,,,,pirate.htb,%%14676,,,,,,,,,,,,,dnsZone,"DC=pirate.htb,cn=MicrosoftDNS,DC=DomainDnsZones,DC=pirate,DC=htb",AFFF0694-70FF-4985-9456-BB96E5B03812,,,,0C51A8CE-E64E-4393-B778-86C24CA92738,%%14675,,,,,,,NT AUTHORITY,0x395c6,SYSTEM,S-1-5-18,,,,,,,,,,
2025-06-11T14:09:07.119763Z,5136,DC01.pirate.htb,Microsoft-Windows-Security-Auditing,Security,15251,0,,,,,,-,dNSProperty,2.5.5.10,%%14672,,,,,pirate.htb,%%14676,,,,,,,,,,,,,dnsZone,"DC=pirate.htb,cn=MicrosoftDNS,DC=DomainDnsZones,DC=pirate,DC=htb",AFFF0694-70FF-4985-9456-BB96E5B03812,,,,0C51A8CE-E64E-4393-B778-86C24CA92738,%%14675,,,,,,,NT AUTHORITY,0x395c6,SYSTEM,S-1-5-18,,,,,,,,,,
2025-06-11T14:09:07.119814Z,5136,DC01.pirate.htb,Microsoft-Windows-Security-Auditing,Security,15252,0,,,,,,-,dNSProperty,2.5.5.10,%%14672,,,,,pirate.htb,%%14676,,,,,,,,,,,,,dnsZone,"DC=pirate.htb,cn=MicrosoftDNS,DC=DomainDnsZones,DC=pirate,DC=htb",AFFF0694-70FF-4985-9456-BB96E5B03812,,,,0C51A8CE-E64E-4393-B778-86C24CA92738,%%14675,,,,,,,NT AUTHORITY,0x395c6,SYSTEM,S-1-5-18,,,,,,,,,,
2025-06-11T14:09:07.119872Z,5136,DC01.pirate.htb,Microsoft-Windows-Security-Auditing,Security,15253,0,,,,,,-,dNSProperty,2.5.5.10,%%14672,,,,,pirate.htb,%%14676,,,,,,,,,,,,,dnsZone,"DC=pirate.htb,cn=MicrosoftDNS,DC=DomainDnsZones,DC=pirate,DC=htb",AFFF0694-70FF-4985-9456-BB96E5B03812,,,,0C51A8CE-E64E-4393-B778-86C24CA92738,%%14674,,,,,,,NT AUTHORITY,0x395c6,SYSTEM,S-1-5-18,,,,,,,,,,
2025-06-11T14:09:07.119927Z,5136,DC01.pirate.htb,Microsoft-Windows-Security-Auditing,Security,15254,0,,,,,,-,dNSProperty,2.5.5.10,%%14672,,,,,pirate.htb,%%14676,,,,,,,,,,,,,dnsZone,"DC=pirate.htb,cn=MicrosoftDNS,DC=DomainDnsZones,DC=pirate,DC=htb",AFFF0694-70FF-4985-9456-BB96E5B03812,,,,0C51A8CE-E64E-4393-B778-86C24CA92738,%%14674,,,,,,,NT AUTHORITY,0x395c6,SYSTEM,S-1-5-18,,,,,,,,,,
2025-06-11T14:09:07.119983Z,5136,DC01.pirate.htb,Microsoft-Windows-Security-Auditing,Security,15255,0,,,,,,-,dNSProperty,2.5.5.10,%%14672,,,,,pirate.htb,%%14676,,,,,,,,,,,,,dnsZone,"DC=pirate.htb,cn=MicrosoftDNS,DC=DomainDnsZones,DC=pirate,DC=htb",AFFF0694-70FF-4985-9456-BB96E5B03812,,,,0C51A8CE-E64E-4393-B778-86C24CA92738,%%14674,,,,,,,NT AUTHORITY,0x395c6,SYSTEM,S-1-5-18,,,,,,,,,,
2025-06-11T14:09:07.120037Z,5136,DC01.pirate.htb,Microsoft-Windows-Security-Auditing,Security,15256,0,,,,,,-,dNSProperty,2.5.5.10,%%14672,,,,,pirate.htb,%%14676,,,,,,,,,,,,,dnsZone,"DC=pirate.htb,cn=MicrosoftDNS,DC=DomainDnsZones,DC=pirate,DC=htb",AFFF0694-70FF-4985-9456-BB96E5B03812,,,,0C51A8CE-E64E-4393-B778-86C24CA92738,%%14674,,,,,,,NT AUTHORITY,0x395c6,SYSTEM,S-1-5-18,,,,,,,,,,
2025-06-11T14:09:07.120092Z,5136,DC01.pirate.htb,Microsoft-Windows-Security-Auditing,Security,15257,0,,,,,,-,dNSProperty,2.5.5.10,%%14672,,,,,pirate.htb,%%14676,,,,,,,,,,,,,dnsZone,"DC=pirate.htb,cn=MicrosoftDNS,DC=DomainDnsZones,DC=pirate,DC=htb",AFFF0694-70FF-4985-9456-BB96E5B03812,,,,0C51A8CE-E64E-4393-B778-86C24CA92738,%%14674,,,,,,,NT AUTHORITY,0x395c6,SYSTEM,S-1-5-18,,,,,,,,,,
2025-06-11T14:09:07.120146Z,5136,DC01.pirate.htb,Microsoft-Windows-Security-Auditing,Security,15258,0,,,,,,-,dNSProperty,2.5.5.10,%%14672,,,,,pirate.htb,%%14676,,,,,,,,,,,,,dnsZone,"DC=pirate.htb,cn=MicrosoftDNS,DC=DomainDnsZones,DC=pirate,DC=htb",AFFF0694-70FF-4985-9456-BB96E5B03812,,,,0C51A8CE-E64E-4393-B778-86C24CA92738,%%14674,,,,,,,NT AUTHORITY,0x395c6,SYSTEM,S-1-5-18,,,,,,,,,,
2025-06-11T14:09:07.120200Z,5136,DC01.pirate.htb,Microsoft-Windows-Security-Auditing,Security,15259,0,,,,,,-,dNSProperty,2.5.5.10,%%14672,,,,,pirate.htb,%%14676,,,,,,,,,,,,,dnsZone,"DC=pirate.htb,cn=MicrosoftDNS,DC=DomainDnsZones,DC=pirate,DC=htb",AFFF0694-70FF-4985-9456-BB96E5B03812,,,,0C51A8CE-E64E-4393-B778-86C24CA92738,%%14674,,,,,,,NT AUTHORITY,0x395c6,SYSTEM,S-1-5-18,,,,,,,,,,
2025-06-11T14:09:07.120255Z,5136,DC01.pirate.htb,Microsoft-Windows-Security-Auditing,Security,15260,0,,,,,,-,dNSProperty,2.5.5.10,%%14672,,,,,pirate.htb,%%14676,,,,,,,,,,,,,dnsZone,"DC=pirate.htb,cn=MicrosoftDNS,DC=DomainDnsZones,DC=pirate,DC=htb",AFFF0694-70FF-4985-9456-BB96E5B03812,,,,0C51A8CE-E64E-4393-B778-86C24CA92738,%%14674,,,,,,,NT AUTHORITY,0x395c6,SYSTEM,S-1-5-18,,,,,,,,,,
2025-06-11T14:09:07.120330Z,5136,DC01.pirate.htb,Microsoft-Windows-Security-Auditing,Security,15261,0,,,,,,-,dNSProperty,2.5.5.10,%%14672,,,,,pirate.htb,%%14676,,,,,,,,,,,,,dnsZone,"DC=pirate.htb,cn=MicrosoftDNS,DC=DomainDnsZones,DC=pirate,DC=htb",AFFF0694-70FF-4985-9456-BB96E5B03812,,,,0C51A8CE-E64E-4393-B778-86C24CA92738,%%14674,,,,,,,NT AUTHORITY,0x395c6,SYSTEM,S-1-5-18,,,,,,,,,,
2025-06-11T14:09:07.120394Z,5136,DC01.pirate.htb,Microsoft-Windows-Security-Auditing,Security,15262,0,,,,,,-,dNSProperty,2.5.5.10,%%14672,,,,,pirate.htb,%%14676,,,,,,,,,,,,,dnsNode,"DC=@,DC=pirate.htb,cn=MicrosoftDNS,DC=DomainDnsZones,DC=pirate,DC=htb",469BD39F-3E90-4F1A-B47E-0432E347AE56,,,,3DB4C0AF-69B3-4C1D-BAC9-83DD7A8C118A,%%14674,,,,,,,NT AUTHORITY,0x395c6,SYSTEM,S-1-5-18,,,,,,,,,,
2025-06-11T14:09:07.120480Z,5136,DC01.pirate.htb,Microsoft-Windows-Security-Auditing,Security,15263,0,,,,,,-,displayName,2.5.5.12,(same as parent object),,,,,pirate.htb,%%14676,,,,,,,,,,,,,dnsNode,"DC=@,DC=pirate.htb,cn=MicrosoftDNS,DC=DomainDnsZones,DC=pirate,DC=htb",469BD39F-3E90-4F1A-B47E-0432E347AE56,,,,3DB4C0AF-69B3-4C1D-BAC9-83DD7A8C118A,%%14674,,,,,,,NT AUTHORITY,0x395c6,SYSTEM,S-1-5-18,,,,,,,,,,
2025-06-11T14:09:07.120539Z,5136,DC01.pirate.htb,Microsoft-Windows-Security-Auditing,Security,15264,0,,,,,,-,dNSProperty,2.5.5.10,%%14672,,,,,pirate.htb,%%14676,,,,,,,,,,,,,dnsZone,"DC=pirate.htb,cn=MicrosoftDNS,DC=DomainDnsZones,DC=pirate,DC=htb",AFFF0694-70FF-4985-9456-BB96E5B03812,,,,E2FBFF07-17B5-45E4-BF1F-A280BD499C0C,%%14675,,,,,,,NT AUTHORITY,0x395c6,SYSTEM,S-1-5-18,,,,,,,,,,
2025-06-11T14:09:07.120594Z,5136,DC01.pirate.htb,Microsoft-Windows-Security-Auditing,Security,15265,0,,,,,,-,dNSProperty,2.5.5.10,%%14672,,,,,pirate.htb,%%14676,,,,,,,,,,,,,dnsZone,"DC=pirate.htb,cn=MicrosoftDNS,DC=DomainDnsZones,DC=pirate,DC=htb",AFFF0694-70FF-4985-9456-BB96E5B03812,,,,E2FBFF07-17B5-45E4-BF1F-A280BD499C0C,%%14675,,,,,,,NT AUTHORITY,0x395c6,SYSTEM,S-1-5-18,,,,,,,,,,
2025-06-11T14:09:07.120649Z,5136,DC01.pirate.htb,Microsoft-Windows-Security-Auditing,Security,15266,0,,,,,,-,dNSProperty,2.5.5.10,%%14672,,,,,pirate.htb,%%14676,,,,,,,,,,,,,dnsZone,"DC=pirate.htb,cn=MicrosoftDNS,DC=DomainDnsZones,DC=pirate,DC=htb",AFFF0694-70FF-4985-9456-BB96E5B03812,,,,E2FBFF07-17B5-45E4-BF1F-A280BD499C0C,%%14675,,,,,,,NT AUTHORITY,0x395c6,SYSTEM,S-1-5-18,,,,,,,,,,
2025-06-11T14:09:07.120703Z,5136,DC01.pirate.htb,Microsoft-Windows-Security-Auditing,Security,15267,0,,,,,,-,dNSProperty,2.5.5.10,%%14672,,,,,pirate.htb,%%14676,,,,,,,,,,,,,dnsZone,"DC=pirate.htb,cn=MicrosoftDNS,DC=DomainDnsZones,DC=pirate,DC=htb",AFFF0694-70FF-4985-9456-BB96E5B03812,,,,E2FBFF07-17B5-45E4-BF1F-A280BD499C0C,%%14675,,,,,,,NT AUTHORITY,0x395c6,SYSTEM,S-1-5-18,,,,,,,,,,
2025-06-11T14:09:07.120759Z,5136,DC01.pirate.htb,Microsoft-Windows-Security-Auditing,Security,15268,0,,,,,,-,dNSProperty,2.5.5.10,%%14672,,,,,pirate.htb,%%14676,,,,,,,,,,,,,dnsZone,"DC=pirate.htb,cn=MicrosoftDNS,DC=DomainDnsZones,DC=pirate,DC=htb",AFFF0694-70FF-4985-9456-BB96E5B03812,,,,E2FBFF07-17B5-45E4-BF1F-A280BD499C0C,%%14675,,,,,,,NT AUTHORITY,0x395c6,SYSTEM,S-1-5-18,,,,,,,,,,
2025-06-11T14:09:07.120813Z,5136,DC01.pirate.htb,Microsoft-Windows-Security-Auditing,Security,15269,0,,,,,,-,dNSProperty,2.5.5.10,%%14672,,,,,pirate.htb,%%14676,,,,,,,,,,,,,dnsZone,"DC=pirate.htb,cn=MicrosoftDNS,DC=DomainDnsZones,DC=pirate,DC=htb",AFFF0694-70FF-4985-9456-BB96E5B03812,,,,E2FBFF07-17B5-45E4-BF1F-A280BD499C0C,%%14675,,,,,,,NT AUTHORITY,0x395c6,SYSTEM,S-1-5-18,,,,,,,,,,
2025-06-11T14:09:07.120868Z,5136,DC01.pirate.htb,Microsoft-Windows-Security-Auditing,Security,15270,0,,,,,,-,dNSProperty,2.5.5.10,%%14672,,,,,pirate.htb,%%14676,,,,,,,,,,,,,dnsZone,"DC=pirate.htb,cn=MicrosoftDNS,DC=DomainDnsZones,DC=pirate,DC=htb",AFFF0694-70FF-4985-9456-BB96E5B03812,,,,E2FBFF07-17B5-45E4-BF1F-A280BD499C0C,%%14675,,,,,,,NT AUTHORITY,0x395c6,SYSTEM,S-1-5-18,,,,,,,,,,
2025-06-11T14:09:07.120923Z,5136,DC01.pirate.htb,Microsoft-Windows-Security-Auditing,Security,15271,0,,,,,,-,dNSProperty,2.5.5.10,%%14672,,,,,pirate.htb,%%14676,,,,,,,,,,,,,dnsZone,"DC=pirate.htb,cn=MicrosoftDNS,DC=DomainDnsZones,DC=pirate,DC=htb",AFFF0694-70FF-4985-9456-BB96E5B03812,,,,E2FBFF07-17B5-45E4-BF1F-A280BD499C0C,%%14675,,,,,,,NT AUTHORITY,0x395c6,SYSTEM,S-1-5-18,,,,,,,,,,
2025-06-11T14:09:07.120977Z,5136,DC01.pirate.htb,Microsoft-Windows-Security-Auditing,Security,15272,0,,,,,,-,dNSProperty,2.5.5.10,%%14672,,,,,pirate.htb,%%14676,,,,,,,,,,,,,dnsZone,"DC=pirate.htb,cn=MicrosoftDNS,DC=DomainDnsZones,DC=pirate,DC=htb",AFFF0694-70FF-4985-9456-BB96E5B03812,,,,E2FBFF07-17B5-45E4-BF1F-A280BD499C0C,%%14675,,,,,,,NT AUTHORITY,0x395c6,SYSTEM,S-1-5-18,,,,,,,,,,
2025-06-11T14:09:07.121031Z,5136,DC01.pirate.htb,Microsoft-Windows-Security-Auditing,Security,15273,0,,,,,,-,dNSProperty,2.5.5.10,%%14672,,,,,pirate.htb,%%14676,,,,,,,,,,,,,dnsZone,"DC=pirate.htb,cn=MicrosoftDNS,DC=DomainDnsZones,DC=pirate,DC=htb",AFFF0694-70FF-4985-9456-BB96E5B03812,,,,E2FBFF07-17B5-45E4-BF1F-A280BD499C0C,%%14674,,,,,,,NT AUTHORITY,0x395c6,SYSTEM,S-1-5-18,,,,,,,,,,
2025-06-11T14:09:07.121086Z,5136,DC01.pirate.htb,Microsoft-Windows-Security-Auditing,Security,15274,0,,,,,,-,dNSProperty,2.5.5.10,%%14672,,,,,pirate.htb,%%14676,,,,,,,,,,,,,dnsZone,"DC=pirate.htb,cn=MicrosoftDNS,DC=DomainDnsZones,DC=pirate,DC=htb",AFFF0694-70FF-4985-9456-BB96E5B03812,,,,E2FBFF07-17B5-45E4-BF1F-A280BD499C0C,%%14674,,,,,,,NT AUTHORITY,0x395c6,SYSTEM,S-1-5-18,,,,,,,,,,
2025-06-11T14:09:07.121139Z,5136,DC01.pirate.htb,Microsoft-Windows-Security-Auditing,Security,15275,0,,,,,,-,dNSProperty,2.5.5.10,%%14672,,,,,pirate.htb,%%14676,,,,,,,,,,,,,dnsZone,"DC=pirate.htb,cn=MicrosoftDNS,DC=DomainDnsZones,DC=pirate,DC=htb",AFFF0694-70FF-4985-9456-BB96E5B03812,,,,E2FBFF07-17B5-45E4-BF1F-A280BD499C0C,%%14674,,,,,,,NT AUTHORITY,0x395c6,SYSTEM,S-1-5-18,,,,,,,,,,
2025-06-11T14:09:07.121201Z,5136,DC01.pirate.htb,Microsoft-Windows-Security-Auditing,Security,15276,0,,,,,,-,dNSProperty,2.5.5.10,%%14672,,,,,pirate.htb,%%14676,,,,,,,,,,,,,dnsZone,"DC=pirate.htb,cn=MicrosoftDNS,DC=DomainDnsZones,DC=pirate,DC=htb",AFFF0694-70FF-4985-9456-BB96E5B03812,,,,E2FBFF07-17B5-45E4-BF1F-A280BD499C0C,%%14674,,,,,,,NT AUTHORITY,0x395c6,SYSTEM,S-1-5-18,,,,,,,,,,
2025-06-11T14:09:07.121257Z,5136,DC01.pirate.htb,Microsoft-Windows-Security-Auditing,Security,15277,0,,,,,,-,dNSProperty,2.5.5.10,%%14672,,,,,pirate.htb,%%14676,,,,,,,,,,,,,dnsZone,"DC=pirate.htb,cn=MicrosoftDNS,DC=DomainDnsZones,DC=pirate,DC=htb",AFFF0694-70FF-4985-9456-BB96E5B03812,,,,E2FBFF07-17B5-45E4-BF1F-A280BD499C0C,%%14674,,,,,,,NT AUTHORITY,0x395c6,SYSTEM,S-1-5-18,,,,,,,,,,
2025-06-11T14:09:07.121312Z,5136,DC01.pirate.htb,Microsoft-Windows-Security-Auditing,Security,15278,0,,,,,,-,dNSProperty,2.5.5.10,%%14672,,,,,pirate.htb,%%14676,,,,,,,,,,,,,dnsZone,"DC=pirate.htb,cn=MicrosoftDNS,DC=DomainDnsZones,DC=pirate,DC=htb",AFFF0694-70FF-4985-9456-BB96E5B03812,,,,E2FBFF07-17B5-45E4-BF1F-A280BD499C0C,%%14674,,,,,,,NT AUTHORITY,0x395c6,SYSTEM,S-1-5-18,,,,,,,,,,
2025-06-11T14:09:07.121366Z,5136,DC01.pirate.htb,Microsoft-Windows-Security-Auditing,Security,15279,0,,,,,,-,dNSProperty,2.5.5.10,%%14672,,,,,pirate.htb,%%14676,,,,,,,,,,,,,dnsZone,"DC=pirate.htb,cn=MicrosoftDNS,DC=DomainDnsZones,DC=pirate,DC=htb",AFFF0694-70FF-4985-9456-BB96E5B03812,,,,E2FBFF07-17B5-45E4-BF1F-A280BD499C0C,%%14674,,,,,,,NT AUTHORITY,0x395c6,SYSTEM,S-1-5-18,,,,,,,,,,
2025-06-11T14:09:07.121422Z,5136,DC01.pirate.htb,Microsoft-Windows-Security-Auditing,Security,15280,0,,,,,,-,dNSProperty,2.5.5.10,%%14672,,,,,pirate.htb,%%14676,,,,,,,,,,,,,dnsZone,"DC=pirate.htb,cn=MicrosoftDNS,DC=DomainDnsZones,DC=pirate,DC=htb",AFFF0694-70FF-4985-9456-BB96E5B03812,,,,E2FBFF07-17B5-45E4-BF1F-A280BD499C0C,%%14674,,,,,,,NT AUTHORITY,0x395c6,SYSTEM,S-1-5-18,,,,,,,,,,
2025-06-11T14:09:07.121482Z,5136,DC01.pirate.htb,Microsoft-Windows-Security-Auditing,Security,15281,0,,,,,,-,dNSProperty,2.5.5.10,%%14672,,,,,pirate.htb,%%14676,,,,,,,,,,,,,dnsZone,"DC=pirate.htb,cn=MicrosoftDNS,DC=DomainDnsZones,DC=pirate,DC=htb",AFFF0694-70FF-4985-9456-BB96E5B03812,,,,E2FBFF07-17B5-45E4-BF1F-A280BD499C0C,%%14674,,,,,,,NT AUTHORITY,0x395c6,SYSTEM,S-1-5-18,,,,,,,,,,
2025-06-11T14:09:07.121553Z,5136,DC01.pirate.htb,Microsoft-Windows-Security-Auditing,Security,15282,0,,,,,,-,dNSProperty,2.5.5.10,%%14672,,,,,pirate.htb,%%14676,,,,,,,,,,,,,dnsNode,"DC=@,DC=pirate.htb,cn=MicrosoftDNS,DC=DomainDnsZones,DC=pirate,DC=htb",469BD39F-3E90-4F1A-B47E-0432E347AE56,,,,43004B52-365A-4767-9B17-5C9DE6FC9519,%%14675,,,,,,,NT AUTHORITY,0x395c6,SYSTEM,S-1-5-18,,,,,,,,,,
2025-06-11T14:09:07.121614Z,5136,DC01.pirate.htb,Microsoft-Windows-Security-Auditing,Security,15283,0,,,,,,-,dNSProperty,2.5.5.10,%%14672,,,,,pirate.htb,%%14676,,,,,,,,,,,,,dnsNode,"DC=@,DC=pirate.htb,cn=MicrosoftDNS,DC=DomainDnsZones,DC=pirate,DC=htb",469BD39F-3E90-4F1A-B47E-0432E347AE56,,,,43004B52-365A-4767-9B17-5C9DE6FC9519,%%14674,,,,,,,NT AUTHORITY,0x395c6,SYSTEM,S-1-5-18,,,,,,,,,,
2025-06-11T14:09:07.121670Z,5136,DC01.pirate.htb,Microsoft-Windows-Security-Auditing,Security,15284,0,,,,,,-,displayName,2.5.5.12,(same as parent object),,,,,pirate.htb,%%14676,,,,,,,,,,,,,dnsNode,"DC=@,DC=pirate.htb,cn=MicrosoftDNS,DC=DomainDnsZones,DC=pirate,DC=htb",469BD39F-3E90-4F1A-B47E-0432E347AE56,,,,43004B52-365A-4767-9B17-5C9DE6FC9519,%%14675,,,,,,,NT AUTHORITY,0x395c6,SYSTEM,S-1-5-18,,,,,,,,,,
2025-06-11T14:09:07.121729Z,5136,DC01.pirate.htb,Microsoft-Windows-Security-Auditing,Security,15285,0,,,,,,-,displayName,2.5.5.12,(same as parent object),,,,,pirate.htb,%%14676,,,,,,,,,,,,,dnsNode,"DC=@,DC=pirate.htb,cn=MicrosoftDNS,DC=DomainDnsZones,DC=pirate,DC=htb",469BD39F-3E90-4F1A-B47E-0432E347AE56,,,,43004B52-365A-4767-9B17-5C9DE6FC9519,%%14674,,,,,,,NT AUTHORITY,0x395c6,SYSTEM,S-1-5-18,,,,,,,,,,
2025-06-11T14:09:07.121786Z,5136,DC01.pirate.htb,Microsoft-Windows-Security-Auditing,Security,15286,0,,,,,,-,dNSProperty,2.5.5.10,%%14672,,,,,pirate.htb,%%14676,,,,,,,,,,,,,dnsNode,"DC=@,DC=pirate.htb,cn=MicrosoftDNS,DC=DomainDnsZones,DC=pirate,DC=htb",469BD39F-3E90-4F1A-B47E-0432E347AE56,,,,19F15891-7E45-4C16-8DB8-DA53E9279195,%%14675,,,,,,,NT AUTHORITY,0x395c6,SYSTEM,S-1-5-18,,,,,,,,,,
2025-06-11T14:09:07.121852Z,5136,DC01.pirate.htb,Microsoft-Windows-Security-Auditing,Security,15287,0,,,,,,-,dNSProperty,2.5.5.10,%%14672,,,,,pirate.htb,%%14676,,,,,,,,,,,,,dnsNode,"DC=@,DC=pirate.htb,cn=MicrosoftDNS,DC=DomainDnsZones,DC=pirate,DC=htb",469BD39F-3E90-4F1A-B47E-0432E347AE56,,,,19F15891-7E45-4C16-8DB8-DA53E9279195,%%14674,,,,,,,NT AUTHORITY,0x395c6,SYSTEM,S-1-5-18,,,,,,,,,,
2025-06-11T14:09:07.121906Z,5136,DC01.pirate.htb,Microsoft-Windows-Security-Auditing,Security,15288,0,,,,,,-,displayName,2.5.5.12,(same as parent object),,,,,pirate.htb,%%14676,,,,,,,,,,,,,dnsNode,"DC=@,DC=pirate.htb,cn=MicrosoftDNS,DC=DomainDnsZones,DC=pirate,DC=htb",469BD39F-3E90-4F1A-B47E-0432E347AE56,,,,19F15891-7E45-4C16-8DB8-DA53E9279195,%%14675,,,,,,,NT AUTHORITY,0x395c6,SYSTEM,S-1-5-18,,,,,,,,,,
2025-06-11T14:09:07.121965Z,5136,DC01.pirate.htb,Microsoft-Windows-Security-Auditing,Security,15289,0,,,,,,-,displayName,2.5.5.12,(same as parent object),,,,,pirate.htb,%%14676,,,,,,,,,,,,,dnsNode,"DC=@,DC=pirate.htb,cn=MicrosoftDNS,DC=DomainDnsZones,DC=pirate,DC=htb",469BD39F-3E90-4F1A-B47E-0432E347AE56,,,,19F15891-7E45-4C16-8DB8-DA53E9279195,%%14674,,,,,,,NT AUTHORITY,0x395c6,SYSTEM,S-1-5-18,,,,,,,,,,
2025-06-11T14:09:07.122021Z,5136,DC01.pirate.htb,Microsoft-Windows-Security-Auditing,Security,15290,0,,,,,,-,dNSProperty,2.5.5.10,%%14672,,,,,pirate.htb,%%14676,,,,,,,,,,,,,dnsZone,"DC=pirate.htb,cn=MicrosoftDNS,DC=DomainDnsZones,DC=pirate,DC=htb",AFFF0694-70FF-4985-9456-BB96E5B03812,,,,174A5493-5A73-45F5-8E57-4CDB8D4FB26D,%%14675,,,,,,,NT AUTHORITY,0x395c6,SYSTEM,S-1-5-18,,,,,,,,,,
2025-06-11T14:09:07.122077Z,5136,DC01.pirate.htb,Microsoft-Windows-Security-Auditing,Security,15291,0,,,,,,-,dNSProperty,2.5.5.10,%%14672,,,,,pirate.htb,%%14676,,,,,,,,,,,,,dnsZone,"DC=pirate.htb,cn=MicrosoftDNS,DC=DomainDnsZones,DC=pirate,DC=htb",AFFF0694-70FF-4985-9456-BB96E5B03812,,,,174A5493-5A73-45F5-8E57-4CDB8D4FB26D,%%14675,,,,,,,NT AUTHORITY,0x395c6,SYSTEM,S-1-5-18,,,,,,,,,,
2025-06-11T14:09:07.122132Z,5136,DC01.pirate.htb,Microsoft-Windows-Security-Auditing,Security,15292,0,,,,,,-,dNSProperty,2.5.5.10,%%14672,,,,,pirate.htb,%%14676,,,,,,,,,,,,,dnsZone,"DC=pirate.htb,cn=MicrosoftDNS,DC=DomainDnsZones,DC=pirate,DC=htb",AFFF0694-70FF-4985-9456-BB96E5B03812,,,,174A5493-5A73-45F5-8E57-4CDB8D4FB26D,%%14675,,,,,,,NT AUTHORITY,0x395c6,SYSTEM,S-1-5-18,,,,,,,,,,
2025-06-11T14:09:07.122186Z,5136,DC01.pirate.htb,Microsoft-Windows-Security-Auditing,Security,15293,0,,,,,,-,dNSProperty,2.5.5.10,%%14672,,,,,pirate.htb,%%14676,,,,,,,,,,,,,dnsZone,"DC=pirate.htb,cn=MicrosoftDNS,DC=DomainDnsZones,DC=pirate,DC=htb",AFFF0694-70FF-4985-9456-BB96E5B03812,,,,174A5493-5A73-45F5-8E57-4CDB8D4FB26D,%%14675,,,,,,,NT AUTHORITY,0x395c6,SYSTEM,S-1-5-18,,,,,,,,,,
2025-06-11T14:09:07.122241Z,5136,DC01.pirate.htb,Microsoft-Windows-Security-Auditing,Security,15294,0,,,,,,-,dNSProperty,2.5.5.10,%%14672,,,,,pirate.htb,%%14676,,,,,,,,,,,,,dnsZone,"DC=pirate.htb,cn=MicrosoftDNS,DC=DomainDnsZones,DC=pirate,DC=htb",AFFF0694-70FF-4985-9456-BB96E5B03812,,,,174A5493-5A73-45F5-8E57-4CDB8D4FB26D,%%14675,,,,,,,NT AUTHORITY,0x395c6,SYSTEM,S-1-5-18,,,,,,,,,,
2025-06-11T14:09:07.122297Z,5136,DC01.pirate.htb,Microsoft-Windows-Security-Auditing,Security,15295,0,,,,,,-,dNSProperty,2.5.5.10,%%14672,,,,,pirate.htb,%%14676,,,,,,,,,,,,,dnsZone,"DC=pirate.htb,cn=MicrosoftDNS,DC=DomainDnsZones,DC=pirate,DC=htb",AFFF0694-70FF-4985-9456-BB96E5B03812,,,,174A5493-5A73-45F5-8E57-4CDB8D4FB26D,%%14675,,,,,,,NT AUTHORITY,0x395c6,SYSTEM,S-1-5-18,,,,,,,,,,
2025-06-11T14:09:07.122351Z,5136,DC01.pirate.htb,Microsoft-Windows-Security-Auditing,Security,15296,0,,,,,,-,dNSProperty,2.5.5.10,%%14672,,,,,pirate.htb,%%14676,,,,,,,,,,,,,dnsZone,"DC=pirate.htb,cn=MicrosoftDNS,DC=DomainDnsZones,DC=pirate,DC=htb",AFFF0694-70FF-4985-9456-BB96E5B03812,,,,174A5493-5A73-45F5-8E57-4CDB8D4FB26D,%%14675,,,,,,,NT AUTHORITY,0x395c6,SYSTEM,S-1-5-18,,,,,,,,,,
2025-06-11T14:09:07.122405Z,5136,DC01.pirate.htb,Microsoft-Windows-Security-Auditing,Security,15297,0,,,,,,-,dNSProperty,2.5.5.10,%%14672,,,,,pirate.htb,%%14676,,,,,,,,,,,,,dnsZone,"DC=pirate.htb,cn=MicrosoftDNS,DC=DomainDnsZones,DC=pirate,DC=htb",AFFF0694-70FF-4985-9456-BB96E5B03812,,,,174A5493-5A73-45F5-8E57-4CDB8D4FB26D,%%14675,,,,,,,NT AUTHORITY,0x395c6,SYSTEM,S-1-5-18,,,,,,,,,,
2025-06-11T14:09:07.122482Z,5136,DC01.pirate.htb,Microsoft-Windows-Security-Auditing,Security,15298,0,,,,,,-,dNSProperty,2.5.5.10,%%14672,,,,,pirate.htb,%%14676,,,,,,,,,,,,,dnsZone,"DC=pirate.htb,cn=MicrosoftDNS,DC=DomainDnsZones,DC=pirate,DC=htb",AFFF0694-70FF-4985-9456-BB96E5B03812,,,,174A5493-5A73-45F5-8E57-4CDB8D4FB26D,%%14675,,,,,,,NT AUTHORITY,0x395c6,SYSTEM,S-1-5-18,,,,,,,,,,
2025-06-11T14:09:07.122537Z,5136,DC01.pirate.htb,Microsoft-Windows-Security-Auditing,Security,15299,0,,,,,,-,dNSProperty,2.5.5.10,%%14672,,,,,pirate.htb,%%14676,,,,,,,,,,,,,dnsZone,"DC=pirate.htb,cn=MicrosoftDNS,DC=DomainDnsZones,DC=pirate,DC=htb",AFFF0694-70FF-4985-9456-BB96E5B03812,,,,174A5493-5A73-45F5-8E57-4CDB8D4FB26D,%%14674,,,,,,,NT AUTHORITY,0x395c6,SYSTEM,S-1-5-18,,,,,,,,,,
2025-06-11T14:09:07.122591Z,5136,DC01.pirate.htb,Microsoft-Windows-Security-Auditing,Security,15300,0,,,,,,-,dNSProperty,2.5.5.10,%%14672,,,,,pirate.htb,%%14676,,,,,,,,,,,,,dnsZone,"DC=pirate.htb,cn=MicrosoftDNS,DC=DomainDnsZones,DC=pirate,DC=htb",AFFF0694-70FF-4985-9456-BB96E5B03812,,,,174A5493-5A73-45F5-8E57-4CDB8D4FB26D,%%14674,,,,,,,NT AUTHORITY,0x395c6,SYSTEM,S-1-5-18,,,,,,,,,,
2025-06-11T14:09:07.122645Z,5136,DC01.pirate.htb,Microsoft-Windows-Security-Auditing,Security,15301,0,,,,,,-,dNSProperty,2.5.5.10,%%14672,,,,,pirate.htb,%%14676,,,,,,,,,,,,,dnsZone,"DC=pirate.htb,cn=MicrosoftDNS,DC=DomainDnsZones,DC=pirate,DC=htb",AFFF0694-70FF-4985-9456-BB96E5B03812,,,,174A5493-5A73-45F5-8E57-4CDB8D4FB26D,%%14674,,,,,,,NT AUTHORITY,0x395c6,SYSTEM,S-1-5-18,,,,,,,,,,
2025-06-11T14:09:07.122700Z,5136,DC01.pirate.htb,Microsoft-Windows-Security-Auditing,Security,15302,0,,,,,,-,dNSProperty,2.5.5.10,%%14672,,,,,pirate.htb,%%14676,,,,,,,,,,,,,dnsZone,"DC=pirate.htb,cn=MicrosoftDNS,DC=DomainDnsZones,DC=pirate,DC=htb",AFFF0694-70FF-4985-9456-BB96E5B03812,,,,174A5493-5A73-45F5-8E57-4CDB8D4FB26D,%%14674,,,,,,,NT AUTHORITY,0x395c6,SYSTEM,S-1-5-18,,,,,,,,,,
2025-06-11T14:09:07.122754Z,5136,DC01.pirate.htb,Microsoft-Windows-Security-Auditing,Security,15303,0,,,,,,-,dNSProperty,2.5.5.10,%%14672,,,,,pirate.htb,%%14676,,,,,,,,,,,,,dnsZone,"DC=pirate.htb,cn=MicrosoftDNS,DC=DomainDnsZones,DC=pirate,DC=htb",AFFF0694-70FF-4985-9456-BB96E5B03812,,,,174A5493-5A73-45F5-8E57-4CDB8D4FB26D,%%14674,,,,,,,NT AUTHORITY,0x395c6,SYSTEM,S-1-5-18,,,,,,,,,,
2025-06-11T14:09:07.122808Z,5136,DC01.pirate.htb,Microsoft-Windows-Security-Auditing,Security,15304,0,,,,,,-,dNSProperty,2.5.5.10,%%14672,,,,,pirate.htb,%%14676,,,,,,,,,,,,,dnsZone,"DC=pirate.htb,cn=MicrosoftDNS,DC=DomainDnsZones,DC=pirate,DC=htb",AFFF0694-70FF-4985-9456-BB96E5B03812,,,,174A5493-5A73-45F5-8E57-4CDB8D4FB26D,%%14674,,,,,,,NT AUTHORITY,0x395c6,SYSTEM,S-1-5-18,,,,,,,,,,
2025-06-11T14:09:07.122863Z,5136,DC01.pirate.htb,Microsoft-Windows-Security-Auditing,Security,15305,0,,,,,,-,dNSProperty,2.5.5.10,%%14672,,,,,pirate.htb,%%14676,,,,,,,,,,,,,dnsZone,"DC=pirate.htb,cn=MicrosoftDNS,DC=DomainDnsZones,DC=pirate,DC=htb",AFFF0694-70FF-4985-9456-BB96E5B03812,,,,174A5493-5A73-45F5-8E57-4CDB8D4FB26D,%%14674,,,,,,,NT AUTHORITY,0x395c6,SYSTEM,S-1-5-18,,,,,,,,,,
2025-06-11T14:09:07.122917Z,5136,DC01.pirate.htb,Microsoft-Windows-Security-Auditing,Security,15306,0,,,,,,-,dNSProperty,2.5.5.10,%%14672,,,,,pirate.htb,%%14676,,,,,,,,,,,,,dnsZone,"DC=pirate.htb,cn=MicrosoftDNS,DC=DomainDnsZones,DC=pirate,DC=htb",AFFF0694-70FF-4985-9456-BB96E5B03812,,,,174A5493-5A73-45F5-8E57-4CDB8D4FB26D,%%14674,,,,,,,NT AUTHORITY,0x395c6,SYSTEM,S-1-5-18,,,,,,,,,,
2025-06-11T14:09:07.122972Z,5136,DC01.pirate.htb,Microsoft-Windows-Security-Auditing,Security,15307,0,,,,,,-,dNSProperty,2.5.5.10,%%14672,,,,,pirate.htb,%%14676,,,,,,,,,,,,,dnsZone,"DC=pirate.htb,cn=MicrosoftDNS,DC=DomainDnsZones,DC=pirate,DC=htb",AFFF0694-70FF-4985-9456-BB96E5B03812,,,,174A5493-5A73-45F5-8E57-4CDB8D4FB26D,%%14674,,,,,,,NT AUTHORITY,0x395c6,SYSTEM,S-1-5-18,,,,,,,,,,
2025-06-11T14:09:09.173623Z,4662,DC01.pirate.htb,Microsoft-Windows-Security-Auditing,Security,15308,0,"%%7684
				",0x10,-,,,,,,,,,,,,,,,0x0,,,,,,,,,,,,,%{afff0694-70ff-4985-9456-bb96e5b03812},DS,%{e0fa1e8b-9b45-11d0-afdd-00c04fd930c9},,Object Access,,,,,"%%7684
		{e48d0154-bcf8-11d1-8702-00c04fb96050}
			{bf9679e7-0de6-11d0-a285-00aa003049e2}
	{e0fa1e8b-9b45-11d0-afdd-00c04fd930c9}
",,PIRATE,0x464ec,Administrator,S-1-5-21-4107424128-4158083573-1300325248-500,,,,,,,,,,
2025-06-11T14:09:09.173631Z,4662,DC01.pirate.htb,Microsoft-Windows-Security-Auditing,Security,15309,0,"%%7684
				",0x10,-,,,,,,,,,,,,,,,0x0,,,,,,,,,,,,,%{afff0694-70ff-4985-9456-bb96e5b03812},DS,%{e0fa1e8b-9b45-11d0-afdd-00c04fd930c9},,Object Access,,,,,"%%7684
		{e48d0154-bcf8-11d1-8702-00c04fb96050}
			{bf9679e4-0de6-11d0-a285-00aa003049e2}
	{e0fa1e8b-9b45-11d0-afdd-00c04fd930c9}
",,PIRATE,0x464ec,Administrator,S-1-5-21-4107424128-4158083573-1300325248-500,,,,,,,,,,
2025-06-11T14:09:18.527528Z,4662,DC01.pirate.htb,Microsoft-Windows-Security-Auditing,Security,15310,0,"%%7684
				",0x10,-,,,,,,,,,,,,,,,0x0,,,,,,,,,,,,,%{6d59e19b-d689-4acb-9d4c-77e7a290d3e4},DS,%{e0fa1e8c-9b45-11d0-afdd-00c04fd930c9},,Object Access,,,,,"%%7684
		{e48d0154-bcf8-11d1-8702-00c04fb96050}
			{bf9679e5-0de6-11d0-a285-00aa003049e2}
			{bf967a0e-0de6-11d0-a285-00aa003049e2}
	{e0fa1e8c-9b45-11d0-afdd-00c04fd930c9}
",,PIRATE,0x200a8b,gMSA_ADFS_prod$,S-1-5-21-4107424128-4158083573-1300325248-4108,,,,,,,,,,
2025-06-11T14:09:18.527532Z,4662,DC01.pirate.htb,Microsoft-Windows-Security-Auditing,Security,15311,0,"%%7682
				",0x4,-,,,,,,,,,,,,,,,0x0,,,,,,,,,,,,,%{afff0694-70ff-4985-9456-bb96e5b03812},DS,%{e0fa1e8b-9b45-11d0-afdd-00c04fd930c9},,Object Access,,,,,"%%7682
	{e0fa1e8b-9b45-11d0-afdd-00c04fd930c9}
",,PIRATE,0x200a8b,gMSA_ADFS_prod$,S-1-5-21-4107424128-4158083573-1300325248-4108,,,,,,,,,,
2025-06-11T14:09:18.527539Z,4662,DC01.pirate.htb,Microsoft-Windows-Security-Auditing,Security,15312,0,"%%7684
				",0x10,-,,,,,,,,,,,,,,,0x0,,,,,,,,,,,,,%{6d59e19b-d689-4acb-9d4c-77e7a290d3e4},DS,%{e0fa1e8c-9b45-11d0-afdd-00c04fd930c9},,Object Access,,,,,"%%7684
		{e48d0154-bcf8-11d1-8702-00c04fb96050}
			{bf967a0e-0de6-11d0-a285-00aa003049e2}
		{771727b1-31b8-4cdf-ae62-4fe39fadf89e}
			{e0fa1e69-9b45-11d0-afdd-00c04fd930c9}
			{d5eb2eb7-be4e-463b-a214-634a44d7392e}
	{e0fa1e8c-9b45-11d0-afdd-00c04fd930c9}
",,PIRATE,0x200a8b,gMSA_ADFS_prod$,S-1-5-21-4107424128-4158083573-1300325248-4108,,,,,,,,,,
2025-06-11T14:09:18.530416Z,4662,DC01.pirate.htb,Microsoft-Windows-Security-Auditing,Security,15313,0,"%%7685
				",0x20,-,,,,,,,,,,,,,,,0x0,,,,,,,,,,,,,%{6d59e19b-d689-4acb-9d4c-77e7a290d3e4},DS,%{e0fa1e8c-9b45-11d0-afdd-00c04fd930c9},,Object Access,,,,,"%%7685
		{771727b1-31b8-4cdf-ae62-4fe39fadf89e}
			{e0fa1e69-9b45-11d0-afdd-00c04fd930c9}
	{e0fa1e8c-9b45-11d0-afdd-00c04fd930c9}
",,PIRATE,0x200a8b,gMSA_ADFS_prod$,S-1-5-21-4107424128-4158083573-1300325248-4108,,,,,,,,,,
2025-06-11T14:09:20.977994Z,4662,DC01.pirate.htb,Microsoft-Windows-Security-Auditing,Security,15314,0,"%%7682
				",0x4,-,,,,,,,,,,,,,,,0x0,,,,,,,,,,,,,%{afff0694-70ff-4985-9456-bb96e5b03812},DS,%{e0fa1e8b-9b45-11d0-afdd-00c04fd930c9},,Object Access,,,,,"%%7682
	{e0fa1e8b-9b45-11d0-afdd-00c04fd930c9}
",,PIRATE,0x464ec,Administrator,S-1-5-21-4107424128-4158083573-1300325248-500,,,,,,,,,,
2025-06-11T14:09:20.978044Z,4662,DC01.pirate.htb,Microsoft-Windows-Security-Auditing,Security,15315,0,"%%7684
				",0x10,-,,,,,,,,,,,,,,,0x0,,,,,,,,,,,,,%{6d59e19b-d689-4acb-9d4c-77e7a290d3e4},DS,%{e0fa1e8c-9b45-11d0-afdd-00c04fd930c9},,Object Access,,,,,"%%7684
		{e48d0154-bcf8-11d1-8702-00c04fb96050}
			{bf9679e7-0de6-11d0-a285-00aa003049e2}
	{e0fa1e8c-9b45-11d0-afdd-00c04fd930c9}
",,PIRATE,0x464ec,Administrator,S-1-5-21-4107424128-4158083573-1300325248-500,,,,,,,,,,
2025-06-11T14:09:20.978085Z,4662,DC01.pirate.htb,Microsoft-Windows-Security-Auditing,Security,15316,0,"%%7684
				",0x10,-,,,,,,,,,,,,,,,0x0,,,,,,,,,,,,,%{6d59e19b-d689-4acb-9d4c-77e7a290d3e4},DS,%{e0fa1e8c-9b45-11d0-afdd-00c04fd930c9},,Object Access,,,,,"%%7684
		{e48d0154-bcf8-11d1-8702-00c04fb96050}
			{bf9679e4-0de6-11d0-a285-00aa003049e2}
	{e0fa1e8c-9b45-11d0-afdd-00c04fd930c9}
",,PIRATE,0x464ec,Administrator,S-1-5-21-4107424128-4158083573-1300325248-500,,,,,,,,,,
2025-06-11T14:09:27.132714Z,5136,DC01.pirate.htb,Microsoft-Windows-Security-Auditing,Security,15317,0,,,,,,-,dnsRecord,2.5.5.10,%%14672,,,,,pirate.htb,%%14676,,,,,,,,,,,,,dnsNode,"DC=test1,DC=pirate.htb,CN=MicrosoftDNS,DC=DomainDnsZones,DC=pirate,DC=htb",6D59E19B-D689-4ACB-9D4C-77E7A290D3E4,,,,FB5AF7E9-26B3-4EDA-847A-22385897611A,%%14674,,,,,,,PIRATE,0x200a8b,gMSA_ADFS_prod$,S-1-5-21-4107424128-4158083573-1300325248-4108,,,,,,,,,,
2025-06-11T14:09:34.790823Z,4662,DC01.pirate.htb,Microsoft-Windows-Security-Auditing,Security,15318,0,"%%1538
				",0x20000,-,,,,,,,,,,,,,,,0x0,,,,,,,,,,,,,%{afff0694-70ff-4985-9456-bb96e5b03812},DS,%{e0fa1e8b-9b45-11d0-afdd-00c04fd930c9},,Object Access,,,,,"%%1538
	{e0fa1e8b-9b45-11d0-afdd-00c04fd930c9}
",,PIRATE,0x464ec,Administrator,S-1-5-21-4107424128-4158083573-1300325248-500,,,,,,,,,,
2025-06-11T14:09:34.790827Z,4662,DC01.pirate.htb,Microsoft-Windows-Security-Auditing,Security,15319,0,"%%7684
				",0x10,-,,,,,,,,,,,,,,,0x0,,,,,,,,,,,,,%{afff0694-70ff-4985-9456-bb96e5b03812},DS,%{e0fa1e8b-9b45-11d0-afdd-00c04fd930c9},,Object Access,,,,,"%%7684
	{e0fa1e8b-9b45-11d0-afdd-00c04fd930c9}
",,PIRATE,0x464ec,Administrator,S-1-5-21-4107424128-4158083573-1300325248-500,,,,,,,,,,
2025-06-11T14:09:34.791043Z,4662,DC01.pirate.htb,Microsoft-Windows-Security-Auditing,Security,15320,0,"%%7684
				",0x10,-,,,,,,,,,,,,,,,0x0,,,,,,,,,,,,,%{afff0694-70ff-4985-9456-bb96e5b03812},DS,%{e0fa1e8b-9b45-11d0-afdd-00c04fd930c9},,Object Access,,,,,"%%7684
		{59ba2f42-79a2-11d0-9020-00c04fc2d3cf}
			{c3dbafa6-33df-11d2-98b2-0000f87a57d4}
	{e0fa1e8b-9b45-11d0-afdd-00c04fd930c9}
",,PIRATE,0x464ec,Administrator,S-1-5-21-4107424128-4158083573-1300325248-500,,,,,,,,,,
2025-06-11T14:09:34.791239Z,4662,DC01.pirate.htb,Microsoft-Windows-Security-Auditing,Security,15321,0,"%%7684
				",0x10,-,,,,,,,,,,,,,,,0x0,,,,,,,,,,,,,%{afff0694-70ff-4985-9456-bb96e5b03812},DS,%{e0fa1e8b-9b45-11d0-afdd-00c04fd930c9},,Object Access,,,,,"%%7684
		{771727b1-31b8-4cdf-ae62-4fe39fadf89e}
			{bf96798c-0de6-11d0-a285-00aa003049e2}
	{e0fa1e8b-9b45-11d0-afdd-00c04fd930c9}
",,PIRATE,0x464ec,Administrator,S-1-5-21-4107424128-4158083573-1300325248-500,,,,,,,,,,
2025-06-11T14:09:34.791411Z,4662,DC01.pirate.htb,Microsoft-Windows-Security-Auditing,Security,15322,0,"%%1538
				",0x20000,-,,,,,,,,,,,,,,,0x0,,,,,,,,,,,,,%{afff0694-70ff-4985-9456-bb96e5b03812},DS,%{e0fa1e8b-9b45-11d0-afdd-00c04fd930c9},,Object Access,,,,,"%%1538
	{e0fa1e8b-9b45-11d0-afdd-00c04fd930c9}
",,PIRATE,0x464ec,Administrator,S-1-5-21-4107424128-4158083573-1300325248-500,,,,,,,,,,
2025-06-11T14:09:34.791544Z,4662,DC01.pirate.htb,Microsoft-Windows-Security-Auditing,Security,15323,0,"%%7684
				",0x10,-,,,,,,,,,,,,,,,0x0,,,,,,,,,,,,,%{afff0694-70ff-4985-9456-bb96e5b03812},DS,%{e0fa1e8b-9b45-11d0-afdd-00c04fd930c9},,Object Access,,,,,"%%7684
	{e0fa1e8b-9b45-11d0-afdd-00c04fd930c9}
		{e48d0154-bcf8-11d1-8702-00c04fb96050}
			{bf9679e5-0de6-11d0-a285-00aa003049e2}
			{bf96793f-0de6-11d0-a285-00aa003049e2}
			{bf967950-0de6-11d0-a285-00aa003049e2}
			{bf9679e4-0de6-11d0-a285-00aa003049e2}
			{bf967a06-0de6-11d0-a285-00aa003049e2}
			{bf967954-0de6-11d0-a285-00aa003049e2}
			{bf967a1c-0de6-11d0-a285-00aa003049e2}
			{bf967a0e-0de6-11d0-a285-00aa003049e2}
			{bf9679e7-0de6-11d0-a285-00aa003049e2}
			{e0fa1e62-9b45-11d0-afdd-00c04fd930c9}
			{26d97369-6070-11d1-a9c6-0000f80367c1}
		{771727b1-31b8-4cdf-ae62-4fe39fadf89e}
			{167757bc-47f3-11d1-a9c3-0000f80367c1}
			{16775848-47f3-11d1-a9c3-0000f80367c1}
			{bf967a1e-0de6-11d0-a285-00aa003049e2}
			{bf967a1d-0de6-11d0-a285-00aa003049e2}
			{bf9679f4-0de6-11d0-a285-00aa003049e2}
			{bf967a6f-0de6-11d0-a285-00aa003049e2}
			{bf967a73-0de6-11d0-a285-00aa003049e2}
			{bf96791a-0de6-11d0-a285-00aa003049e2}
			{bf96798c-0de6-11d0-a285-00aa003049e2}
			{bf967972-0de6-11d0-a285-00aa003049e2}
			{bf967a71-0de6-11d0-a285-00aa003049e2}
			{bf967a78-0de6-11d0-a285-00aa003049e2}
			{bf967a77-0de6-11d0-a285-00aa003049e2}
			{a8df7498-c5ea-11d1-bbcb-0080c76670c0}
			{bf967a3c-0de6-11d0-a285-00aa003049e2}
			{bf967a16-0de6-11d0-a285-00aa003049e2}
			{bf967976-0de6-11d0-a285-00aa003049e2}
			{bf967a21-0de6-11d0-a285-00aa003049e2}
			{244b2970-5abd-11d0-afd2-00c04fd930c9}
			{66171887-8f3c-11d0-afda-00c04fd930c9}
			{bf967a70-0de6-11d0-a285-00aa003049e2}
			{e0fa1e65-9b45-11d0-afdd-00c04fd930c9}
			{e0fa1e66-9b45-11d0-afdd-00c04fd930c9}
			{e0fa1e67-9b45-11d0-afdd-00c04fd930c9}
			{e0fa1e68-9b45-11d0-afdd-00c04fd930c9}
			{3e10944d-c354-11d0-aff8-0000f80367c1}
			{26d9736e-6070-11d1-a9c6-0000f80367c1}
			{52458019-ca6a-11d0-afff-0000f80367c1}
			{e1aea404-cd5b-11d0-afff-0000f80367c1}
			{05308983-7688-11d1-aded-00c04fd8d5cd}
			{19405b9c-3cfa-11d1-a9c0-0000f80367c1}
			{19405b9e-3cfa-11d1-a9c0-0000f80367c1}
			{0296c120-40da-11d1-a9c0-0000f80367c1}
			{0296c124-40da-11d1-a9c0-0000f80367c1}
			{28630ec0-41d5-11d1-a9c1-0000f80367c1}
			{52ab8670-5709-11d1-a9c6-0000f80367c1}
			{bf96798f-0de6-11d0-a285-00aa003049e2}
			{d50c2cdb-8951-11d1-aebc-0000f80367c1}
			{07383082-91df-11d1-aebc-0000f80367c1}
			{00fbf30d-91fe-11d1-aebc-0000f80367c1}
			{2a132579-9373-11d1-aebc-0000f80367c1}
			{2a13257f-9373-11d1-aebc-0000f80367c1}
			{167758ad-47f3-11d1-a9c3-0000f80367c1}
			{e1aea402-cd5b-11d0-afff-0000f80367c1}
			{675a15fe-3b70-11d2-90cc-00c04fd91ab1}
			{d167aa4b-8b08-11d2-9939-0000f87a57d4}
			{1ea64e5d-ac0f-11d2-90df-00c04fd91ab1}
			{23773dc2-b63a-11d2-90e1-00c04fd91ab1}
			{178b7bc2-b63a-11d2-90e1-00c04fd91ab1}
			{e48e64e0-12c9-11d3-9102-00c04fd91ab1}
			{67f121dc-7d02-4c7d-82f5-9ad4c950ac34}
			{9e6f3a4d-242c-4f37-b068-36b57f9fc852}
			{2a8c68fc-3a7a-4e87-8720-fe77c51cbe74}
			{ececcd20-a7e0-4688-9ccf-02ece5e287f5}
			{a637d211-5739-4ed1-89b2-88974548bc59}
			{df446e52-b5fa-4ca2-a42f-13f98a526c8f}
			{f85b6228-3734-4525-b6b7-3f3bb220902c}
			{a0dcd536-5158-42fe-8c40-c00a7ad37959}
			{60234769-4819-4615-a1b2-49d2f119acb5}
			{2b702515-c1f7-4b3b-b148-c0e4c6ceecb4}
			{94f6f2ac-c76d-4b5e-b71f-f332c3e93c22}
			{5dd68c41-bfdf-438b-9b5d-39d9618bf260}
			{c8bc72e0-a6b4-48f0-94a5-fd76a88c9987}
			{ff155a2a-44e5-4de0-8318-13a58988de4f}
			{37c94ff6-c6d4-498f-b2f9-c6f7f8647809}
			{e8b2c971-a6df-47bc-8d6f-62770d527aa5}
			{f547511c-5b2a-44cc-8358-992a88258164}
			{5e6cf031-bda8-43c8-aca4-8fee4127005b}
			{5a2eacd7-cc2b-48cf-9d9a-b6f1a0024de9}
			{1a3d0d20-5844-4199-ad25-0f5039a76ada}
			{79abe4eb-88f3-48e7-89d6-f4bc7e98c331}
			{8fb59256-55f1-444b-aacb-f5b482fe3459}
			{8ab15858-683e-466d-877f-d640e1f9a611}
			{ce5b01bc-17c6-44b8-9dc1-a9668b00901b}
			{54d522db-ec95-48f5-9bbd-1880ebbb2180}
			{7469b704-edb0-4568-a5a5-59f4862c75a7}
			{aa12854c-d8fc-4d5e-91ca-368b8d829bee}
			{c79f2199-6da1-46ff-923c-1f3f800c721e}
			{7bea2088-8ce2-423c-b191-66ec506b1595}
			{0dc063c1-52d9-4456-9e15-9c2434aafd94}
			{5c5b7ad2-20fa-44bb-beb3-34b9c0f65579}
			{27d93c40-065a-43c0-bdd8-cdf2c7d120aa}
			{ff9e5552-7db7-4138-8888-05ce320a0323}
			{13361665-916c-4de7-a59d-b1ebbd0de129}
			{80b70aab-8959-4ec0-8e93-126e76df3aca}
			{8f4e317f-28d7-442c-a6df-1f491f97b326}
			{29869b7c-64c4-42fe-97d5-fbc2fa124160}
			{03d4c32e-e217-4a61-9699-7bbc4729a026}
			{f6b0f0be-a8e4-4468-8fd9-c3c47b8722f9}
			{3443d8cd-e5b6-4f3b-b098-659a0214a079}
			{b7673e6d-cad9-4e9e-b31a-63e8098fdd63}
			{28c458f5-602d-4ac9-a77c-b3f1be503a7e}
			{285c6964-c11a-499e-96d8-bf7c75a223c6}
			{ba340d47-2181-4ca0-a2f6-fae4479dab2a}
			{aff16770-9622-4fbc-a128-3088777605b9}
			{387d9432-a6d1-4474-82cd-0a89aae084ae}
			{998c06ac-3f87-444e-a5df-11b03dc8a50c}
			{ab5543ad-23a1-3b45-b937-9b313d5474a8}
			{5a5661a1-97c6-544b-8056-e430fe7bc554}
			{d5006229-9913-2242-8b17-83761d1e0e5b}
			{78565e80-03d4-4fe3-afac-8c3bca2f3653}
			{b002f407-1340-41eb-bca0-bd7d938e25a9}
			{34f6bdf5-2e79-4c3b-8e14-3d93b75aab89}
			{19195a55-6da0-11d0-afd3-00c04fd930c9}
			{7bd76b92-3244-438a-ada6-24f5ea34381e}
			{adde62c6-1880-41ed-bd3c-30b7d25e14f0}
			{5eb526d7-d71b-44ae-8cc6-95460052e6ac}
		{bc0ac240-79a9-11d0-9020-00c04fc2d4cf}
			{bf967991-0de6-11d0-a285-00aa003049e2}
		{e45795b3-9455-11d1-aebd-0000f80367c1}
			{bf967a7a-0de6-11d0-a285-00aa003049e2}
			{9a9a0221-4a5b-11d1-a9c3-0000f80367c1}
		{59ba2f42-79a2-11d0-9020-00c04fc2d3cf}
			{bf967919-0de6-11d0-a285-00aa003049e2}
			{bf967953-0de6-11d0-a285-00aa003049e2}
			{bf967984-0de6-11d0-a285-00aa003049e2}
",,PIRATE,0x464ec,Administrator,S-1-5-21-4107424128-4158083573-1300325248-500,,,,,,,,,,
2025-06-11T14:09:34.791742Z,4662,DC01.pirate.htb,Microsoft-Windows-Security-Auditing,Security,15324,0,"%%7684
				",0x10,-,,,,,,,,,,,,,,,0x0,,,,,,,,,,,,,%{afff0694-70ff-4985-9456-bb96e5b03812},DS,%{e0fa1e8b-9b45-11d0-afdd-00c04fd930c9},,Object Access,,,,,"%%7684
		{59ba2f42-79a2-11d0-9020-00c04fc2d3cf}
			{bf967953-0de6-11d0-a285-00aa003049e2}
	{e0fa1e8b-9b45-11d0-afdd-00c04fd930c9}
",,PIRATE,0x464ec,Administrator,S-1-5-21-4107424128-4158083573-1300325248-500,,,,,,,,,,
2025-06-11T14:09:34.793801Z,4662,DC01.pirate.htb,Microsoft-Windows-Security-Auditing,Security,15325,0,"%%7684
				",0x10,-,,,,,,,,,,,,,,,0x0,,,,,,,,,,,,,%{afff0694-70ff-4985-9456-bb96e5b03812},DS,%{e0fa1e8b-9b45-11d0-afdd-00c04fd930c9},,Object Access,,,,,"%%7684
		{e48d0154-bcf8-11d1-8702-00c04fb96050}
			{bf9679e5-0de6-11d0-a285-00aa003049e2}
	{e0fa1e8b-9b45-11d0-afdd-00c04fd930c9}
",,PIRATE,0x464ec,Administrator,S-1-5-21-4107424128-4158083573-1300325248-500,,,,,,,,,,
2025-06-11T14:09:34.793951Z,4662,DC01.pirate.htb,Microsoft-Windows-Security-Auditing,Security,15326,0,"%%7684
				",0x10,-,,,,,,,,,,,,,,,0x0,,,,,,,,,,,,,%{afff0694-70ff-4985-9456-bb96e5b03812},DS,%{e0fa1e8b-9b45-11d0-afdd-00c04fd930c9},,Object Access,,,,,"%%7684
		{771727b1-31b8-4cdf-ae62-4fe39fadf89e}
			{3860949f-f6a8-4b38-9950-81ecb6bc2982}
	{e0fa1e8b-9b45-11d0-afdd-00c04fd930c9}
",,PIRATE,0x464ec,Administrator,S-1-5-21-4107424128-4158083573-1300325248-500,,,,,,,,,,
2025-06-11T14:09:37.493055Z,4662,DC01.pirate.htb,Microsoft-Windows-Security-Auditing,Security,15327,0,"%%1538
				",0x20000,-,,,,,,,,,,,,,,,0x0,,,,,,,,,,,,,%{afff0694-70ff-4985-9456-bb96e5b03812},DS,%{e0fa1e8b-9b45-11d0-afdd-00c04fd930c9},,Object Access,,,,,"%%1538
	{e0fa1e8b-9b45-11d0-afdd-00c04fd930c9}
",,PIRATE,0x464ec,Administrator,S-1-5-21-4107424128-4158083573-1300325248-500,,,,,,,,,,
2025-06-11T14:09:37.493059Z,4662,DC01.pirate.htb,Microsoft-Windows-Security-Auditing,Security,15328,0,"%%7684
				",0x10,-,,,,,,,,,,,,,,,0x0,,,,,,,,,,,,,%{afff0694-70ff-4985-9456-bb96e5b03812},DS,%{e0fa1e8b-9b45-11d0-afdd-00c04fd930c9},,Object Access,,,,,"%%7684
	{e0fa1e8b-9b45-11d0-afdd-00c04fd930c9}
",,PIRATE,0x464ec,Administrator,S-1-5-21-4107424128-4158083573-1300325248-500,,,,,,,,,,
2025-06-11T14:09:37.502405Z,4662,DC01.pirate.htb,Microsoft-Windows-Security-Auditing,Security,15329,0,"%%7684
				",0x10,-,,,,,,,,,,,,,,,0x0,,,,,,,,,,,,,%{afff0694-70ff-4985-9456-bb96e5b03812},DS,%{e0fa1e8b-9b45-11d0-afdd-00c04fd930c9},,Object Access,,,,,"%%7684
	{e0fa1e8b-9b45-11d0-afdd-00c04fd930c9}
",,PIRATE,0x464ec,Administrator,S-1-5-21-4107424128-4158083573-1300325248-500,,,,,,,,,,
2025-06-11T14:09:37.526267Z,4662,DC01.pirate.htb,Microsoft-Windows-Security-Auditing,Security,15330,0,"%%1538
				",0x20000,-,,,,,,,,,,,,,,,0x0,,,,,,,,,,,,,%{afff0694-70ff-4985-9456-bb96e5b03812},DS,%{e0fa1e8b-9b45-11d0-afdd-00c04fd930c9},,Object Access,,,,,"%%1538
	{e0fa1e8b-9b45-11d0-afdd-00c04fd930c9}
",,PIRATE,0x464ec,Administrator,S-1-5-21-4107424128-4158083573-1300325248-500,,,,,,,,,,
2025-06-11T14:09:37.526272Z,4662,DC01.pirate.htb,Microsoft-Windows-Security-Auditing,Security,15331,0,"%%7684
				",0x10,-,,,,,,,,,,,,,,,0x0,,,,,,,,,,,,,%{afff0694-70ff-4985-9456-bb96e5b03812},DS,%{e0fa1e8b-9b45-11d0-afdd-00c04fd930c9},,Object Access,,,,,"%%7684
	{e0fa1e8b-9b45-11d0-afdd-00c04fd930c9}
",,PIRATE,0x464ec,Administrator,S-1-5-21-4107424128-4158083573-1300325248-500,,,,,,,,,,
2025-06-11T14:09:44.716932Z,4662,DC01.pirate.htb,Microsoft-Windows-Security-Auditing,Security,15332,0,"%%1538
				",0x20000,-,,,,,,,,,,,,,,,0x0,,,,,,,,,,,,,%{afff0694-70ff-4985-9456-bb96e5b03812},DS,%{e0fa1e8b-9b45-11d0-afdd-00c04fd930c9},,Object Access,,,,,"%%1538
	{e0fa1e8b-9b45-11d0-afdd-00c04fd930c9}
",,PIRATE,0x464ec,Administrator,S-1-5-21-4107424128-4158083573-1300325248-500,,,,,,,,,,
2025-06-11T14:09:44.716936Z,4662,DC01.pirate.htb,Microsoft-Windows-Security-Auditing,Security,15333,0,"%%7684
				",0x10,-,,,,,,,,,,,,,,,0x0,,,,,,,,,,,,,%{afff0694-70ff-4985-9456-bb96e5b03812},DS,%{e0fa1e8b-9b45-11d0-afdd-00c04fd930c9},,Object Access,,,,,"%%7684
	{e0fa1e8b-9b45-11d0-afdd-00c04fd930c9}
",,PIRATE,0x464ec,Administrator,S-1-5-21-4107424128-4158083573-1300325248-500,,,,,,,,,,
2025-06-11T14:09:44.725935Z,4662,DC01.pirate.htb,Microsoft-Windows-Security-Auditing,Security,15334,0,"%%7684
				",0x10,-,,,,,,,,,,,,,,,0x0,,,,,,,,,,,,,%{afff0694-70ff-4985-9456-bb96e5b03812},DS,%{e0fa1e8b-9b45-11d0-afdd-00c04fd930c9},,Object Access,,,,,"%%7684
	{e0fa1e8b-9b45-11d0-afdd-00c04fd930c9}
",,PIRATE,0x464ec,Administrator,S-1-5-21-4107424128-4158083573-1300325248-500,,,,,,,,,,
2025-06-11T14:09:44.750030Z,4662,DC01.pirate.htb,Microsoft-Windows-Security-Auditing,Security,15335,0,"%%1538
				",0x20000,-,,,,,,,,,,,,,,,0x0,,,,,,,,,,,,,%{afff0694-70ff-4985-9456-bb96e5b03812},DS,%{e0fa1e8b-9b45-11d0-afdd-00c04fd930c9},,Object Access,,,,,"%%1538
	{e0fa1e8b-9b45-11d0-afdd-00c04fd930c9}
",,PIRATE,0x464ec,Administrator,S-1-5-21-4107424128-4158083573-1300325248-500,,,,,,,,,,
2025-06-11T14:09:44.750034Z,4662,DC01.pirate.htb,Microsoft-Windows-Security-Auditing,Security,15336,0,"%%7684
				",0x10,-,,,,,,,,,,,,,,,0x0,,,,,,,,,,,,,%{afff0694-70ff-4985-9456-bb96e5b03812},DS,%{e0fa1e8b-9b45-11d0-afdd-00c04fd930c9},,Object Access,,,,,"%%7684
	{e0fa1e8b-9b45-11d0-afdd-00c04fd930c9}
",,PIRATE,0x464ec,Administrator,S-1-5-21-4107424128-4158083573-1300325248-500,,,,,,,,,,
2025-06-11T14:16:57.315912Z,4662,DC01.pirate.htb,Microsoft-Windows-Security-Auditing,Security,15337,0,"%%1538
				",0x20000,-,,,,,,,,,,,,,,,0x0,,,,,,,,,,,,,%{afff0694-70ff-4985-9456-bb96e5b03812},DS,%{e0fa1e8b-9b45-11d0-afdd-00c04fd930c9},,Object Access,,,,,"%%1538
	{e0fa1e8b-9b45-11d0-afdd-00c04fd930c9}
",,PIRATE,0x464ec,Administrator,S-1-5-21-4107424128-4158083573-1300325248-500,,,,,,,,,,
2025-06-11T14:16:57.315916Z,4662,DC01.pirate.htb,Microsoft-Windows-Security-Auditing,Security,15338,0,"%%7684
				",0x10,-,,,,,,,,,,,,,,,0x0,,,,,,,,,,,,,%{afff0694-70ff-4985-9456-bb96e5b03812},DS,%{e0fa1e8b-9b45-11d0-afdd-00c04fd930c9},,Object Access,,,,,"%%7684
	{e0fa1e8b-9b45-11d0-afdd-00c04fd930c9}
",,PIRATE,0x464ec,Administrator,S-1-5-21-4107424128-4158083573-1300325248-500,,,,,,,,,,
2025-06-11T14:16:57.322808Z,4662,DC01.pirate.htb,Microsoft-Windows-Security-Auditing,Security,15339,0,"%%7684
				",0x10,-,,,,,,,,,,,,,,,0x0,,,,,,,,,,,,,%{afff0694-70ff-4985-9456-bb96e5b03812},DS,%{e0fa1e8b-9b45-11d0-afdd-00c04fd930c9},,Object Access,,,,,"%%7684
	{e0fa1e8b-9b45-11d0-afdd-00c04fd930c9}
",,PIRATE,0x464ec,Administrator,S-1-5-21-4107424128-4158083573-1300325248-500,,,,,,,,,,
2025-06-11T14:16:57.324535Z,4662,DC01.pirate.htb,Microsoft-Windows-Security-Auditing,Security,15340,0,"%%1538
				",0x20000,-,,,,,,,,,,,,,,,0x0,,,,,,,,,,,,,%{afff0694-70ff-4985-9456-bb96e5b03812},DS,%{e0fa1e8b-9b45-11d0-afdd-00c04fd930c9},,Object Access,,,,,"%%1538
	{e0fa1e8b-9b45-11d0-afdd-00c04fd930c9}
",,PIRATE,0x464ec,Administrator,S-1-5-21-4107424128-4158083573-1300325248-500,,,,,,,,,,
2025-06-11T14:16:57.324539Z,4662,DC01.pirate.htb,Microsoft-Windows-Security-Auditing,Security,15341,0,"%%7684
				",0x10,-,,,,,,,,,,,,,,,0x0,,,,,,,,,,,,,%{afff0694-70ff-4985-9456-bb96e5b03812},DS,%{e0fa1e8b-9b45-11d0-afdd-00c04fd930c9},,Object Access,,,,,"%%7684
	{e0fa1e8b-9b45-11d0-afdd-00c04fd930c9}
",,PIRATE,0x464ec,Administrator,S-1-5-21-4107424128-4158083573-1300325248-500,,,,,,,,,,
2025-06-11T14:16:59.135302Z,4662,DC01.pirate.htb,Microsoft-Windows-Security-Auditing,Security,15342,0,"%%7684
				",0x10,-,,,,,,,,,,,,,,,0x0,,,,,,,,,,,,,%{afff0694-70ff-4985-9456-bb96e5b03812},DS,%{e0fa1e8b-9b45-11d0-afdd-00c04fd930c9},,Object Access,,,,,"%%7684
		{e48d0154-bcf8-11d1-8702-00c04fb96050}
			{bf9679e5-0de6-11d0-a285-00aa003049e2}
			{9a7ad941-ca53-11d1-bbd0-0080c76670c0}
	{e0fa1e8b-9b45-11d0-afdd-00c04fd930c9}
",,PIRATE,0x464ec,Administrator,S-1-5-21-4107424128-4158083573-1300325248-500,,,,,,,,,,
2025-06-11T14:16:59.135967Z,4662,DC01.pirate.htb,Microsoft-Windows-Security-Auditing,Security,15343,0,"%%1538
				",0x20000,-,,,,,,,,,,,,,,,0x0,,,,,,,,,,,,,%{afff0694-70ff-4985-9456-bb96e5b03812},DS,%{e0fa1e8b-9b45-11d0-afdd-00c04fd930c9},,Object Access,,,,,"%%1538
	{e0fa1e8b-9b45-11d0-afdd-00c04fd930c9}
",,PIRATE,0x464ec,Administrator,S-1-5-21-4107424128-4158083573-1300325248-500,,,,,,,,,,
2025-06-11T14:16:59.135976Z,4662,DC01.pirate.htb,Microsoft-Windows-Security-Auditing,Security,15344,0,"%%7684
				",0x10,-,,,,,,,,,,,,,,,0x0,,,,,,,,,,,,,%{afff0694-70ff-4985-9456-bb96e5b03812},DS,%{e0fa1e8b-9b45-11d0-afdd-00c04fd930c9},,Object Access,,,,,"%%7684
		{e48d0154-bcf8-11d1-8702-00c04fb96050}
			{bf9679e5-0de6-11d0-a285-00aa003049e2}
			{26d97369-6070-11d1-a9c6-0000f80367c1}
		{771727b1-31b8-4cdf-ae62-4fe39fadf89e}
			{bf96798c-0de6-11d0-a285-00aa003049e2}
			{19195a55-6da0-11d0-afd3-00c04fd930c9}
	{e0fa1e8b-9b45-11d0-afdd-00c04fd930c9}
",,PIRATE,0x464ec,Administrator,S-1-5-21-4107424128-4158083573-1300325248-500,,,,,,,,,,
