2025-07-29T03:59:30.978058Z,4662,DC01.pirate.htb,Microsoft-Windows-Security-Auditing,Security,16267,0,"%%7684
				",0x10,-,,,,,,,,,,,,,,,0x0,,,,,,,,,,,,,%{2023fab1-9a2c-4430-be1b-bd2a3d3d7774},DS,%{e0fa1e8c-9b45-11d0-afdd-00c04fd930c9},,Object Access,,,,,"%%7684
	{e0fa1e8c-9b45-11d0-afdd-00c04fd930c9}
		{e48d0154-bcf8-11d1-8702-00c04fb96050}
			{bf9679e5-0de6-11d0-a285-00aa003049e2}
			{bf9679e7-0de6-11d0-a285-00aa003049e2}
		{771727b1-31b8-4cdf-ae62-4fe39fadf89e}
			{bf967a77-0de6-11d0-a285-00aa003049e2}
			{bf967a70-0de6-11d0-a285-00aa003049e2}
			{bf967a6f-0de6-11d0-a285-00aa003049e2}
			{bf967a78-0de6-11d0-a285-00aa003049e2}
			{e0fa1e69-9b45-11d0-afdd-00c04fd930c9}
			{675a15fe-3b70-11d2-90cc-00c04fd91ab1}
			{aa12854c-d8fc-4d5e-91ca-368b8d829bee}
			{c79f2199-6da1-46ff-923c-1f3f800c721e}
			{7bea2088-8ce2-423c-b191-66ec506b1595}
			{0dc063c1-52d9-4456-9e15-9c2434aafd94}
			{5c5b7ad2-20fa-44bb-beb3-34b9c0f65579}
			{27d93c40-065a-43c0-bdd8-cdf2c7d120aa}
			{ff9e5552-7db7-4138-8888-05ce320a0323}
			{13361665-916c-4de7-a59d-b1ebbd0de129}
			{80b70aab-8959-4ec0-8e93-126e76df3aca}
			{8f4e317f-28d7-442c-a6df-1f491f97b326}
			{29869b7c-64c4-42fe-97d5-fbc2fa124160}
			{03d4c32e-e217-4a61-9699-7bbc4729a026}
			{f6b0f0be-a8e4-4468-8fd9-c3c47b8722f9}
			{3443d8cd-e5b6-4f3b-b098-659a0214a079}
			{b7673e6d-cad9-4e9e-b31a-63e8098fdd63}
			{28c458f5-602d-4ac9-a77c-b3f1be503a7e}
			{285c6964-c11a-499e-96d8-bf7c75a223c6}
			{ba340d47-2181-4ca0-a2f6-fae4479dab2a}
			{aff16770-9622-4fbc-a128-3088777605b9}
			{387d9432-a6d1-4474-82cd-0a89aae084ae}
			{19195a55-6da0-11d0-afd3-00c04fd930c9}
",,PIRATE,0x51aa1,DC01$,S-1-5-18,,,,,,,,,,
2025-07-29T03:59:30.978077Z,4662,DC01.pirate.htb,Microsoft-Windows-Security-Auditing,Security,16268,0,"%%7684
				",0x10,-,,,,,,,,,,,,,,,0x0,,,,,,,,,,,,,%{5fb121fb-7551-40f6-a8de-26a2bca2b4ad},DS,%{e0fa1e8c-9b45-11d0-afdd-00c04fd930c9},,Object Access,,,,,"%%7684
		{e48d0154-bcf8-11d1-8702-00c04fb96050}
			{bf9679e5-0de6-11d0-a285-00aa003049e2}
	{e0fa1e8c-9b45-11d0-afdd-00c04fd930c9}
",,PIRATE,0x51aa1,DC01$,S-1-5-18,,,,,,,,,,
2025-07-29T03:59:30.978087Z,4662,DC01.pirate.htb,Microsoft-Windows-Security-Auditing,Security,16269,0,"%%1538
				%%1542
				",0x1020000,-,,,,,,,,,,,,,,,0x0,,,,,,,,,,,,,%{5fb121fb-7551-40f6-a8de-26a2bca2b4ad},DS,%{e0fa1e8c-9b45-11d0-afdd-00c04fd930c9},,Object Access,,,,,"%%1538
%%1542
	{e0fa1e8c-9b45-11d0-afdd-00c04fd930c9}
",,PIRATE,0x51aa1,DC01$,S-1-5-18,,,,,,,,,,
2025-07-29T03:59:30.978251Z,4662,DC01.pirate.htb,Microsoft-Windows-Security-Auditing,Security,16270,0,"%%7684
				",0x10,-,,,,,,,,,,,,,,,0x0,,,,,,,,,,,,,%{5fb121fb-7551-40f6-a8de-26a2bca2b4ad},DS,%{e0fa1e8c-9b45-11d0-afdd-00c04fd930c9},,Object Access,,,,,"%%7684
	{e0fa1e8c-9b45-11d0-afdd-00c04fd930c9}
		{e48d0154-bcf8-11d1-8702-00c04fb96050}
			{bf9679e5-0de6-11d0-a285-00aa003049e2}
			{bf9679e7-0de6-11d0-a285-00aa003049e2}
		{771727b1-31b8-4cdf-ae62-4fe39fadf89e}
			{bf967a77-0de6-11d0-a285-00aa003049e2}
			{bf967a70-0de6-11d0-a285-00aa003049e2}
			{bf967a6f-0de6-11d0-a285-00aa003049e2}
			{bf967a78-0de6-11d0-a285-00aa003049e2}
			{e0fa1e69-9b45-11d0-afdd-00c04fd930c9}
			{675a15fe-3b70-11d2-90cc-00c04fd91ab1}
			{aa12854c-d8fc-4d5e-91ca-368b8d829bee}
			{c79f2199-6da1-46ff-923c-1f3f800c721e}
			{7bea2088-8ce2-423c-b191-66ec506b1595}
			{0dc063c1-52d9-4456-9e15-9c2434aafd94}
			{5c5b7ad2-20fa-44bb-beb3-34b9c0f65579}
			{27d93c40-065a-43c0-bdd8-cdf2c7d120aa}
			{ff9e5552-7db7-4138-8888-05ce320a0323}
			{13361665-916c-4de7-a59d-b1ebbd0de129}
			{80b70aab-8959-4ec0-8e93-126e76df3aca}
			{8f4e317f-28d7-442c-a6df-1f491f97b326}
			{29869b7c-64c4-42fe-97d5-fbc2fa124160}
			{03d4c32e-e217-4a61-9699-7bbc4729a026}
			{f6b0f0be-a8e4-4468-8fd9-c3c47b8722f9}
			{3443d8cd-e5b6-4f3b-b098-659a0214a079}
			{b7673e6d-cad9-4e9e-b31a-63e8098fdd63}
			{28c458f5-602d-4ac9-a77c-b3f1be503a7e}
			{285c6964-c11a-499e-96d8-bf7c75a223c6}
			{ba340d47-2181-4ca0-a2f6-fae4479dab2a}
			{aff16770-9622-4fbc-a128-3088777605b9}
			{387d9432-a6d1-4474-82cd-0a89aae084ae}
			{19195a55-6da0-11d0-afd3-00c04fd930c9}
",,PIRATE,0x51aa1,DC01$,S-1-5-18,,,,,,,,,,
2025-07-29T03:59:30.978272Z,4662,DC01.pirate.htb,Microsoft-Windows-Security-Auditing,Security,16271,0,"%%7684
				",0x10,-,,,,,,,,,,,,,,,0x0,,,,,,,,,,,,,%{c77c20d8-4182-43e8-ad41-6f5292ec53de},DS,%{e0fa1e8c-9b45-11d0-afdd-00c04fd930c9},,Object Access,,,,,"%%7684
		{e48d0154-bcf8-11d1-8702-00c04fb96050}
			{bf9679e5-0de6-11d0-a285-00aa003049e2}
	{e0fa1e8c-9b45-11d0-afdd-00c04fd930c9}
",,PIRATE,0x51aa1,DC01$,S-1-5-18,,,,,,,,,,
2025-07-29T03:59:30.978281Z,4662,DC01.pirate.htb,Microsoft-Windows-Security-Auditing,Security,16272,0,"%%1538
				%%1542
				",0x1020000,-,,,,,,,,,,,,,,,0x0,,,,,,,,,,,,,%{c77c20d8-4182-43e8-ad41-6f5292ec53de},DS,%{e0fa1e8c-9b45-11d0-afdd-00c04fd930c9},,Object Access,,,,,"%%1538
%%1542
	{e0fa1e8c-9b45-11d0-afdd-00c04fd930c9}
",,PIRATE,0x51aa1,DC01$,S-1-5-18,,,,,,,,,,
2025-07-29T03:59:30.978588Z,4662,DC01.pirate.htb,Microsoft-Windows-Security-Auditing,Security,16273,0,"%%7684
				",0x10,-,,,,,,,,,,,,,,,0x0,,,,,,,,,,,,,%{c77c20d8-4182-43e8-ad41-6f5292ec53de},DS,%{e0fa1e8c-9b45-11d0-afdd-00c04fd930c9},,Object Access,,,,,"%%7684
	{e0fa1e8c-9b45-11d0-afdd-00c04fd930c9}
		{e48d0154-bcf8-11d1-8702-00c04fb96050}
			{bf9679e5-0de6-11d0-a285-00aa003049e2}
			{bf9679e7-0de6-11d0-a285-00aa003049e2}
		{771727b1-31b8-4cdf-ae62-4fe39fadf89e}
			{bf967a77-0de6-11d0-a285-00aa003049e2}
			{bf967a70-0de6-11d0-a285-00aa003049e2}
			{bf967a6f-0de6-11d0-a285-00aa003049e2}
			{bf967a78-0de6-11d0-a285-00aa003049e2}
			{e0fa1e69-9b45-11d0-afdd-00c04fd930c9}
			{675a15fe-3b70-11d2-90cc-00c04fd91ab1}
			{aa12854c-d8fc-4d5e-91ca-368b8d829bee}
			{c79f2199-6da1-46ff-923c-1f3f800c721e}
			{7bea2088-8ce2-423c-b191-66ec506b1595}
			{0dc063c1-52d9-4456-9e15-9c2434aafd94}
			{5c5b7ad2-20fa-44bb-beb3-34b9c0f65579}
			{27d93c40-065a-43c0-bdd8-cdf2c7d120aa}
			{ff9e5552-7db7-4138-8888-05ce320a0323}
			{13361665-916c-4de7-a59d-b1ebbd0de129}
			{80b70aab-8959-4ec0-8e93-126e76df3aca}
			{8f4e317f-28d7-442c-a6df-1f491f97b326}
			{29869b7c-64c4-42fe-97d5-fbc2fa124160}
			{03d4c32e-e217-4a61-9699-7bbc4729a026}
			{f6b0f0be-a8e4-4468-8fd9-c3c47b8722f9}
			{3443d8cd-e5b6-4f3b-b098-659a0214a079}
			{b7673e6d-cad9-4e9e-b31a-63e8098fdd63}
			{28c458f5-602d-4ac9-a77c-b3f1be503a7e}
			{285c6964-c11a-499e-96d8-bf7c75a223c6}
			{ba340d47-2181-4ca0-a2f6-fae4479dab2a}
			{aff16770-9622-4fbc-a128-3088777605b9}
			{387d9432-a6d1-4474-82cd-0a89aae084ae}
			{19195a55-6da0-11d0-afd3-00c04fd930c9}
",,PIRATE,0x51aa1,DC01$,S-1-5-18,,,,,,,,,,
2025-07-29T03:59:39.374761Z,4662,DC01.pirate.htb,Microsoft-Windows-Security-Auditing,Security,16274,0,"%%7685
				",0x20,-,,,,,,,,,,,,,,,0x0,,,,,,,,,,,,,%{d1b955c4-5a95-4a8f-9267-9b58829b2fec},DS,%{bf967a86-0de6-11d0-a285-00aa003049e2},,Object Access,,,,,"%%7685
		{e48d0154-bcf8-11d1-8702-00c04fb96050}
			{f3a64788-5306-11d1-a9c5-0000f80367c1}
	{bf967a86-0de6-11d0-a285-00aa003049e2}
",,PIRATE,0x52f77,DC01$,S-1-5-18,,,,,,,,,,
2025-07-29T03:59:39.376372Z,4662,DC01.pirate.htb,Microsoft-Windows-Security-Auditing,Security,16275,0,"%%7685
				",0x20,-,,,,,,,,,,,,,,,0x0,,,,,,,,,,,,,%{d1b955c4-5a95-4a8f-9267-9b58829b2fec},DS,%{bf967a86-0de6-11d0-a285-00aa003049e2},,Object Access,,,,,"%%7685
		{e48d0154-bcf8-11d1-8702-00c04fb96050}
			{f3a64788-5306-11d1-a9c5-0000f80367c1}
	{bf967a86-0de6-11d0-a285-00aa003049e2}
",,PIRATE,0x52f77,DC01$,S-1-5-18,,,,,,,,,,
2025-07-29T03:59:39.381175Z,4662,DC01.pirate.htb,Microsoft-Windows-Security-Auditing,Security,16276,0,"%%7685
				",0x20,-,,,,,,,,,,,,,,,0x0,,,,,,,,,,,,,%{d1b955c4-5a95-4a8f-9267-9b58829b2fec},DS,%{bf967a86-0de6-11d0-a285-00aa003049e2},,Object Access,,,,,"%%7685
		{e48d0154-bcf8-11d1-8702-00c04fb96050}
			{f3a64788-5306-11d1-a9c5-0000f80367c1}
	{bf967a86-0de6-11d0-a285-00aa003049e2}
",,PIRATE,0x52f77,DC01$,S-1-5-18,,,,,,,,,,
2025-07-29T03:59:39.382106Z,4662,DC01.pirate.htb,Microsoft-Windows-Security-Auditing,Security,16277,0,"%%7685
				",0x20,-,,,,,,,,,,,,,,,0x0,,,,,,,,,,,,,%{d1b955c4-5a95-4a8f-9267-9b58829b2fec},DS,%{bf967a86-0de6-11d0-a285-00aa003049e2},,Object Access,,,,,"%%7685
		{e48d0154-bcf8-11d1-8702-00c04fb96050}
			{f3a64788-5306-11d1-a9c5-0000f80367c1}
	{bf967a86-0de6-11d0-a285-00aa003049e2}
",,PIRATE,0x52f77,DC01$,S-1-5-18,,,,,,,,,,
2025-07-29T03:59:39.392582Z,4662,DC01.pirate.htb,Microsoft-Windows-Security-Auditing,Security,16278,0,"%%7685
				",0x20,-,,,,,,,,,,,,,,,0x0,,,,,,,,,,,,,%{d1b955c4-5a95-4a8f-9267-9b58829b2fec},DS,%{bf967a86-0de6-11d0-a285-00aa003049e2},,Object Access,,,,,"%%7685
		{e48d0154-bcf8-11d1-8702-00c04fb96050}
			{f3a64788-5306-11d1-a9c5-0000f80367c1}
	{bf967a86-0de6-11d0-a285-00aa003049e2}
",,PIRATE,0x52f77,DC01$,S-1-5-18,,,,,,,,,,
2025-07-29T03:59:39.392602Z,4662,DC01.pirate.htb,Microsoft-Windows-Security-Auditing,Security,16279,0,"%%7685
				",0x20,-,,,,,,,,,,,,,,,0x0,,,,,,,,,,,,,%{d1b955c4-5a95-4a8f-9267-9b58829b2fec},DS,%{bf967a86-0de6-11d0-a285-00aa003049e2},,Object Access,,,,,"%%7685
		{e48d0154-bcf8-11d1-8702-00c04fb96050}
			{f3a64788-5306-11d1-a9c5-0000f80367c1}
	{bf967a86-0de6-11d0-a285-00aa003049e2}
",,PIRATE,0x52f77,DC01$,S-1-5-18,,,,,,,,,,
2025-07-29T03:59:40.280848Z,5136,DC01.pirate.htb,Microsoft-Windows-Security-Auditing,Security,16280,0,,,,,,-,dnsRecord,2.5.5.10,%%14672,,,,,pirate.htb,%%14676,,,,,,,,,,,,,dnsNode,"DC=dc01,DC=pirate.htb,cn=MicrosoftDNS,DC=DomainDnsZones,DC=pirate,DC=htb",AFF6283F-B417-4237-BC64-56914D112BA3,,,,A0254E5B-52B8-411E-B0A6-4A287C782513,%%14675,,,,,,,NT AUTHORITY,0x51aa1,SYSTEM,S-1-5-18,,,,,,,,,,
2025-07-29T03:59:40.280857Z,5136,DC01.pirate.htb,Microsoft-Windows-Security-Auditing,Security,16281,0,,,,,,-,dnsRecord,2.5.5.10,%%14672,,,,,pirate.htb,%%14676,,,,,,,,,,,,,dnsNode,"DC=dc01,DC=pirate.htb,cn=MicrosoftDNS,DC=DomainDnsZones,DC=pirate,DC=htb",AFF6283F-B417-4237-BC64-56914D112BA3,,,,A0254E5B-52B8-411E-B0A6-4A287C782513,%%14675,,,,,,,NT AUTHORITY,0x51aa1,SYSTEM,S-1-5-18,,,,,,,,,,
2025-07-29T03:59:40.280861Z,5136,DC01.pirate.htb,Microsoft-Windows-Security-Auditing,Security,16282,0,,,,,,-,dnsRecord,2.5.5.10,%%14672,,,,,pirate.htb,%%14676,,,,,,,,,,,,,dnsNode,"DC=dc01,DC=pirate.htb,cn=MicrosoftDNS,DC=DomainDnsZones,DC=pirate,DC=htb",AFF6283F-B417-4237-BC64-56914D112BA3,,,,A0254E5B-52B8-411E-B0A6-4A287C782513,%%14674,,,,,,,NT AUTHORITY,0x51aa1,SYSTEM,S-1-5-18,,,,,,,,,,
2025-07-29T03:59:40.280864Z,5136,DC01.pirate.htb,Microsoft-Windows-Security-Auditing,Security,16283,0,,,,,,-,dnsRecord,2.5.5.10,%%14672,,,,,pirate.htb,%%14676,,,,,,,,,,,,,dnsNode,"DC=dc01,DC=pirate.htb,cn=MicrosoftDNS,DC=DomainDnsZones,DC=pirate,DC=htb",AFF6283F-B417-4237-BC64-56914D112BA3,,,,A0254E5B-52B8-411E-B0A6-4A287C782513,%%14674,,,,,,,NT AUTHORITY,0x51aa1,SYSTEM,S-1-5-18,,,,,,,,,,
2025-07-29T03:59:40.281200Z,5136,DC01.pirate.htb,Microsoft-Windows-Security-Auditing,Security,16284,0,,,,,,-,dNSTombstoned,2.5.5.8,FALSE,,,,,pirate.htb,%%14676,,,,,,,,,,,,,dnsNode,"DC=dc01,DC=pirate.htb,cn=MicrosoftDNS,DC=DomainDnsZones,DC=pirate,DC=htb",AFF6283F-B417-4237-BC64-56914D112BA3,,,,A0254E5B-52B8-411E-B0A6-4A287C782513,%%14675,,,,,,,NT AUTHORITY,0x51aa1,SYSTEM,S-1-5-18,,,,,,,,,,
2025-07-29T03:59:40.281207Z,5136,DC01.pirate.htb,Microsoft-Windows-Security-Auditing,Security,16285,0,,,,,,-,dNSTombstoned,2.5.5.8,FALSE,,,,,pirate.htb,%%14676,,,,,,,,,,,,,dnsNode,"DC=dc01,DC=pirate.htb,cn=MicrosoftDNS,DC=DomainDnsZones,DC=pirate,DC=htb",AFF6283F-B417-4237-BC64-56914D112BA3,,,,A0254E5B-52B8-411E-B0A6-4A287C782513,%%14674,,,,,,,NT AUTHORITY,0x51aa1,SYSTEM,S-1-5-18,,,,,,,,,,
2025-07-29T03:59:40.281211Z,5136,DC01.pirate.htb,Microsoft-Windows-Security-Auditing,Security,16286,0,,,,,,-,servicePrincipalName,2.5.5.12,Microsoft Virtual Console Service/DC01.pirate.htb,,,,,pirate.htb,%%14676,,,,,,,,,,,,,computer,"CN=DC01,OU=Domain Controllers,DC=pirate,DC=htb",D1B955C4-5A95-4A8F-9267-9B58829B2FEC,,,,145814EA-5882-4CB9-953C-1750D5B84A20,%%14674,,,,,,,NT AUTHORITY,0x52f77,SYSTEM,S-1-5-18,,,,,,,,,,
2025-07-29T03:59:40.281361Z,5136,DC01.pirate.htb,Microsoft-Windows-Security-Auditing,Security,16287,0,,,,,,-,servicePrincipalName,2.5.5.12,Microsoft Virtual Console Service/DC01,,,,,pirate.htb,%%14676,,,,,,,,,,,,,computer,"CN=DC01,OU=Domain Controllers,DC=pirate,DC=htb",D1B955C4-5A95-4A8F-9267-9B58829B2FEC,,,,D0307D3C-3A28-4596-8687-861F8D8637AF,%%14674,,,,,,,NT AUTHORITY,0x52f77,SYSTEM,S-1-5-18,,,,,,,,,,
2025-07-29T03:59:40.281500Z,5136,DC01.pirate.htb,Microsoft-Windows-Security-Auditing,Security,16288,0,,,,,,-,servicePrincipalName,2.5.5.12,Microsoft Virtual System Migration Service/DC01.pirate.htb,,,,,pirate.htb,%%14676,,,,,,,,,,,,,computer,"CN=DC01,OU=Domain Controllers,DC=pirate,DC=htb",D1B955C4-5A95-4A8F-9267-9B58829B2FEC,,,,00FFAE5D-F762-4D27-9842-FF856502D0AF,%%14674,,,,,,,NT AUTHORITY,0x52f77,SYSTEM,S-1-5-18,,,,,,,,,,
2025-07-29T03:59:40.281997Z,5136,DC01.pirate.htb,Microsoft-Windows-Security-Auditing,Security,16289,0,,,,,,-,servicePrincipalName,2.5.5.12,Microsoft Virtual System Migration Service/DC01,,,,,pirate.htb,%%14676,,,,,,,,,,,,,computer,"CN=DC01,OU=Domain Controllers,DC=pirate,DC=htb",D1B955C4-5A95-4A8F-9267-9B58829B2FEC,,,,216286E3-E713-40E9-AA03-65FFB902AC70,%%14674,,,,,,,NT AUTHORITY,0x52f77,SYSTEM,S-1-5-18,,,,,,,,,,
2025-07-29T03:59:40.282004Z,5136,DC01.pirate.htb,Microsoft-Windows-Security-Auditing,Security,16290,0,,,,,,-,servicePrincipalName,2.5.5.12,Hyper-V Replica Service/DC01.pirate.htb,,,,,pirate.htb,%%14676,,,,,,,,,,,,,computer,"CN=DC01,OU=Domain Controllers,DC=pirate,DC=htb",D1B955C4-5A95-4A8F-9267-9B58829B2FEC,,,,D3912750-75F1-40DB-8C5F-412BD83940DA,%%14674,,,,,,,NT AUTHORITY,0x52f77,SYSTEM,S-1-5-18,,,,,,,,,,
2025-07-29T03:59:40.282007Z,5136,DC01.pirate.htb,Microsoft-Windows-Security-Auditing,Security,16291,0,,,,,,-,servicePrincipalName,2.5.5.12,Hyper-V Replica Service/DC01,,,,,pirate.htb,%%14676,,,,,,,,,,,,,computer,"CN=DC01,OU=Domain Controllers,DC=pirate,DC=htb",D1B955C4-5A95-4A8F-9267-9B58829B2FEC,,,,BE9798A3-2337-440C-995D-E7BC953075FE,%%14674,,,,,,,NT AUTHORITY,0x52f77,SYSTEM,S-1-5-18,,,,,,,,,,
2025-07-29T03:59:41.896185Z,4662,DC01.pirate.htb,Microsoft-Windows-Security-Auditing,Security,16292,0,"%%7684
				",0x10,-,,,,,,,,,,,,,,,0x0,,,,,,,,,,,,,%{c77c20d8-4182-43e8-ad41-6f5292ec53de},DS,%{e0fa1e8c-9b45-11d0-afdd-00c04fd930c9},,Object Access,,,,,"%%7684
		{e48d0154-bcf8-11d1-8702-00c04fb96050}
			{bf9679e5-0de6-11d0-a285-00aa003049e2}
	{e0fa1e8c-9b45-11d0-afdd-00c04fd930c9}
",,PIRATE,0x51aa1,DC01$,S-1-5-18,,,,,,,,,,
2025-07-29T03:59:41.896193Z,4662,DC01.pirate.htb,Microsoft-Windows-Security-Auditing,Security,16293,0,"%%7682
				",0x4,-,,,,,,,,,,,,,,,0x0,,,,,,,,,,,,,%{afff0694-70ff-4985-9456-bb96e5b03812},DS,%{e0fa1e8b-9b45-11d0-afdd-00c04fd930c9},,Object Access,,,,,"%%7682
	{e0fa1e8b-9b45-11d0-afdd-00c04fd930c9}
",,PIRATE,0x51aa1,DC01$,S-1-5-18,,,,,,,,,,
2025-07-29T03:59:41.896199Z,4662,DC01.pirate.htb,Microsoft-Windows-Security-Auditing,Security,16294,0,"%%1538
				",0x20000,-,,,,,,,,,,,,,,,0x0,,,,,,,,,,,,,%{c77c20d8-4182-43e8-ad41-6f5292ec53de},DS,%{e0fa1e8c-9b45-11d0-afdd-00c04fd930c9},,Object Access,,,,,"%%1538
	{e0fa1e8c-9b45-11d0-afdd-00c04fd930c9}
",,PIRATE,0x51aa1,DC01$,S-1-5-18,,,,,,,,,,
2025-07-29T03:59:41.896261Z,4662,DC01.pirate.htb,Microsoft-Windows-Security-Auditing,Security,16295,0,"%%7684
				",0x10,-,,,,,,,,,,,,,,,0x0,,,,,,,,,,,,,%{c77c20d8-4182-43e8-ad41-6f5292ec53de},DS,%{e0fa1e8c-9b45-11d0-afdd-00c04fd930c9},,Object Access,,,,,"%%7684
	{e0fa1e8c-9b45-11d0-afdd-00c04fd930c9}
		{e48d0154-bcf8-11d1-8702-00c04fb96050}
			{bf9679e5-0de6-11d0-a285-00aa003049e2}
			{bf9679e7-0de6-11d0-a285-00aa003049e2}
		{771727b1-31b8-4cdf-ae62-4fe39fadf89e}
			{bf967a77-0de6-11d0-a285-00aa003049e2}
			{bf967a70-0de6-11d0-a285-00aa003049e2}
			{bf967a6f-0de6-11d0-a285-00aa003049e2}
			{bf967a78-0de6-11d0-a285-00aa003049e2}
			{e0fa1e69-9b45-11d0-afdd-00c04fd930c9}
			{675a15fe-3b70-11d2-90cc-00c04fd91ab1}
			{aa12854c-d8fc-4d5e-91ca-368b8d829bee}
			{c79f2199-6da1-46ff-923c-1f3f800c721e}
			{7bea2088-8ce2-423c-b191-66ec506b1595}
			{0dc063c1-52d9-4456-9e15-9c2434aafd94}
			{5c5b7ad2-20fa-44bb-beb3-34b9c0f65579}
			{27d93c40-065a-43c0-bdd8-cdf2c7d120aa}
			{ff9e5552-7db7-4138-8888-05ce320a0323}
			{13361665-916c-4de7-a59d-b1ebbd0de129}
			{80b70aab-8959-4ec0-8e93-126e76df3aca}
			{8f4e317f-28d7-442c-a6df-1f491f97b326}
			{29869b7c-64c4-42fe-97d5-fbc2fa124160}
			{03d4c32e-e217-4a61-9699-7bbc4729a026}
			{f6b0f0be-a8e4-4468-8fd9-c3c47b8722f9}
			{3443d8cd-e5b6-4f3b-b098-659a0214a079}
			{b7673e6d-cad9-4e9e-b31a-63e8098fdd63}
			{28c458f5-602d-4ac9-a77c-b3f1be503a7e}
			{285c6964-c11a-499e-96d8-bf7c75a223c6}
			{ba340d47-2181-4ca0-a2f6-fae4479dab2a}
			{aff16770-9622-4fbc-a128-3088777605b9}
			{387d9432-a6d1-4474-82cd-0a89aae084ae}
			{19195a55-6da0-11d0-afd3-00c04fd930c9}
",,PIRATE,0x51aa1,DC01$,S-1-5-18,,,,,,,,,,
2025-07-29T04:00:18.827443Z,4662,DC01.pirate.htb,Microsoft-Windows-Security-Auditing,Security,16296,0,"%%7684
				",0x10,-,,,,,,,,,,,,,,,0x0,,,,,,,,,,,,,%{aff6283f-b417-4237-bc64-56914d112ba3},DS,%{e0fa1e8c-9b45-11d0-afdd-00c04fd930c9},,Object Access,,,,,"%%7684
		{e48d0154-bcf8-11d1-8702-00c04fb96050}
			{bf9679e5-0de6-11d0-a285-00aa003049e2}
	{e0fa1e8c-9b45-11d0-afdd-00c04fd930c9}
",,PIRATE,0x51aa1,DC01$,S-1-5-18,,,,,,,,,,
2025-07-29T04:00:18.827450Z,4662,DC01.pirate.htb,Microsoft-Windows-Security-Auditing,Security,16297,0,"%%7682
				",0x4,-,,,,,,,,,,,,,,,0x0,,,,,,,,,,,,,%{afff0694-70ff-4985-9456-bb96e5b03812},DS,%{e0fa1e8b-9b45-11d0-afdd-00c04fd930c9},,Object Access,,,,,"%%7682
	{e0fa1e8b-9b45-11d0-afdd-00c04fd930c9}
",,PIRATE,0x51aa1,DC01$,S-1-5-18,,,,,,,,,,
2025-07-29T04:00:18.827454Z,4662,DC01.pirate.htb,Microsoft-Windows-Security-Auditing,Security,16298,0,"%%1538
				",0x20000,-,,,,,,,,,,,,,,,0x0,,,,,,,,,,,,,%{aff6283f-b417-4237-bc64-56914d112ba3},DS,%{e0fa1e8c-9b45-11d0-afdd-00c04fd930c9},,Object Access,,,,,"%%1538
	{e0fa1e8c-9b45-11d0-afdd-00c04fd930c9}
",,PIRATE,0x51aa1,DC01$,S-1-5-18,,,,,,,,,,
2025-07-29T04:00:18.827511Z,4662,DC01.pirate.htb,Microsoft-Windows-Security-Auditing,Security,16299,0,"%%7684
				",0x10,-,,,,,,,,,,,,,,,0x0,,,,,,,,,,,,,%{aff6283f-b417-4237-bc64-56914d112ba3},DS,%{e0fa1e8c-9b45-11d0-afdd-00c04fd930c9},,Object Access,,,,,"%%7684
	{e0fa1e8c-9b45-11d0-afdd-00c04fd930c9}
		{e48d0154-bcf8-11d1-8702-00c04fb96050}
			{bf9679e5-0de6-11d0-a285-00aa003049e2}
			{bf9679e7-0de6-11d0-a285-00aa003049e2}
		{771727b1-31b8-4cdf-ae62-4fe39fadf89e}
			{bf967a77-0de6-11d0-a285-00aa003049e2}
			{bf967a70-0de6-11d0-a285-00aa003049e2}
			{bf967a6f-0de6-11d0-a285-00aa003049e2}
			{bf967a78-0de6-11d0-a285-00aa003049e2}
			{e0fa1e69-9b45-11d0-afdd-00c04fd930c9}
			{675a15fe-3b70-11d2-90cc-00c04fd91ab1}
			{aa12854c-d8fc-4d5e-91ca-368b8d829bee}
			{c79f2199-6da1-46ff-923c-1f3f800c721e}
			{7bea2088-8ce2-423c-b191-66ec506b1595}
			{0dc063c1-52d9-4456-9e15-9c2434aafd94}
			{5c5b7ad2-20fa-44bb-beb3-34b9c0f65579}
			{27d93c40-065a-43c0-bdd8-cdf2c7d120aa}
			{ff9e5552-7db7-4138-8888-05ce320a0323}
			{13361665-916c-4de7-a59d-b1ebbd0de129}
			{80b70aab-8959-4ec0-8e93-126e76df3aca}
			{8f4e317f-28d7-442c-a6df-1f491f97b326}
			{29869b7c-64c4-42fe-97d5-fbc2fa124160}
			{03d4c32e-e217-4a61-9699-7bbc4729a026}
			{f6b0f0be-a8e4-4468-8fd9-c3c47b8722f9}
			{3443d8cd-e5b6-4f3b-b098-659a0214a079}
			{b7673e6d-cad9-4e9e-b31a-63e8098fdd63}
			{28c458f5-602d-4ac9-a77c-b3f1be503a7e}
			{285c6964-c11a-499e-96d8-bf7c75a223c6}
			{ba340d47-2181-4ca0-a2f6-fae4479dab2a}
			{aff16770-9622-4fbc-a128-3088777605b9}
			{387d9432-a6d1-4474-82cd-0a89aae084ae}
			{19195a55-6da0-11d0-afd3-00c04fd930c9}
",,PIRATE,0x51aa1,DC01$,S-1-5-18,,,,,,,,,,
2025-07-29T04:00:18.827749Z,4662,DC01.pirate.htb,Microsoft-Windows-Security-Auditing,Security,16300,0,"%%7684
				",0x10,-,,,,,,,,,,,,,,,0x0,,,,,,,,,,,,,%{469bd39f-3e90-4f1a-b47e-0432e347ae56},DS,%{e0fa1e8c-9b45-11d0-afdd-00c04fd930c9},,Object Access,,,,,"%%7684
		{e48d0154-bcf8-11d1-8702-00c04fb96050}
			{bf9679e5-0de6-11d0-a285-00aa003049e2}
	{e0fa1e8c-9b45-11d0-afdd-00c04fd930c9}
",,PIRATE,0x51aa1,DC01$,S-1-5-18,,,,,,,,,,
2025-07-29T04:00:18.827756Z,4662,DC01.pirate.htb,Microsoft-Windows-Security-Auditing,Security,16301,0,"%%7682
				",0x4,-,,,,,,,,,,,,,,,0x0,,,,,,,,,,,,,%{afff0694-70ff-4985-9456-bb96e5b03812},DS,%{e0fa1e8b-9b45-11d0-afdd-00c04fd930c9},,Object Access,,,,,"%%7682
	{e0fa1e8b-9b45-11d0-afdd-00c04fd930c9}
",,PIRATE,0x51aa1,DC01$,S-1-5-18,,,,,,,,,,
2025-07-29T04:00:18.827762Z,4662,DC01.pirate.htb,Microsoft-Windows-Security-Auditing,Security,16302,0,"%%1538
				",0x20000,-,,,,,,,,,,,,,,,0x0,,,,,,,,,,,,,%{469bd39f-3e90-4f1a-b47e-0432e347ae56},DS,%{e0fa1e8c-9b45-11d0-afdd-00c04fd930c9},,Object Access,,,,,"%%1538
	{e0fa1e8c-9b45-11d0-afdd-00c04fd930c9}
",,PIRATE,0x51aa1,DC01$,S-1-5-18,,,,,,,,,,
2025-07-29T04:00:18.827854Z,4662,DC01.pirate.htb,Microsoft-Windows-Security-Auditing,Security,16303,0,"%%7684
				",0x10,-,,,,,,,,,,,,,,,0x0,,,,,,,,,,,,,%{469bd39f-3e90-4f1a-b47e-0432e347ae56},DS,%{e0fa1e8c-9b45-11d0-afdd-00c04fd930c9},,Object Access,,,,,"%%7684
	{e0fa1e8c-9b45-11d0-afdd-00c04fd930c9}
		{e48d0154-bcf8-11d1-8702-00c04fb96050}
			{bf9679e5-0de6-11d0-a285-00aa003049e2}
			{bf9679e7-0de6-11d0-a285-00aa003049e2}
		{771727b1-31b8-4cdf-ae62-4fe39fadf89e}
			{bf967a77-0de6-11d0-a285-00aa003049e2}
			{bf967a70-0de6-11d0-a285-00aa003049e2}
			{bf967a6f-0de6-11d0-a285-00aa003049e2}
			{bf967a78-0de6-11d0-a285-00aa003049e2}
			{e0fa1e69-9b45-11d0-afdd-00c04fd930c9}
			{675a15fe-3b70-11d2-90cc-00c04fd91ab1}
			{aa12854c-d8fc-4d5e-91ca-368b8d829bee}
			{c79f2199-6da1-46ff-923c-1f3f800c721e}
			{7bea2088-8ce2-423c-b191-66ec506b1595}
			{0dc063c1-52d9-4456-9e15-9c2434aafd94}
			{5c5b7ad2-20fa-44bb-beb3-34b9c0f65579}
			{27d93c40-065a-43c0-bdd8-cdf2c7d120aa}
			{ff9e5552-7db7-4138-8888-05ce320a0323}
			{13361665-916c-4de7-a59d-b1ebbd0de129}
			{80b70aab-8959-4ec0-8e93-126e76df3aca}
			{8f4e317f-28d7-442c-a6df-1f491f97b326}
			{29869b7c-64c4-42fe-97d5-fbc2fa124160}
			{03d4c32e-e217-4a61-9699-7bbc4729a026}
			{f6b0f0be-a8e4-4468-8fd9-c3c47b8722f9}
			{3443d8cd-e5b6-4f3b-b098-659a0214a079}
			{b7673e6d-cad9-4e9e-b31a-63e8098fdd63}
			{28c458f5-602d-4ac9-a77c-b3f1be503a7e}
			{285c6964-c11a-499e-96d8-bf7c75a223c6}
			{ba340d47-2181-4ca0-a2f6-fae4479dab2a}
			{aff16770-9622-4fbc-a128-3088777605b9}
			{387d9432-a6d1-4474-82cd-0a89aae084ae}
			{19195a55-6da0-11d0-afd3-00c04fd930c9}
",,PIRATE,0x51aa1,DC01$,S-1-5-18,,,,,,,,,,
2025-07-29T04:00:18.828172Z,4662,DC01.pirate.htb,Microsoft-Windows-Security-Auditing,Security,16304,0,"%%7685
				",0x20,-,,,,,,,,,,,,,,,0x0,,,,,,,,,,,,,%{aff6283f-b417-4237-bc64-56914d112ba3},DS,%{e0fa1e8c-9b45-11d0-afdd-00c04fd930c9},,Object Access,,,,,"%%7685
		{771727b1-31b8-4cdf-ae62-4fe39fadf89e}
			{e0fa1e69-9b45-11d0-afdd-00c04fd930c9}
			{d5eb2eb7-be4e-463b-a214-634a44d7392e}
	{e0fa1e8c-9b45-11d0-afdd-00c04fd930c9}
",,PIRATE,0x51aa1,DC01$,S-1-5-18,,,,,,,,,,
2025-07-29T04:00:18.846006Z,4662,DC01.pirate.htb,Microsoft-Windows-Security-Auditing,Security,16305,0,"%%7684
				",0x10,-,,,,,,,,,,,,,,,0x0,,,,,,,,,,,,,%{aff6283f-b417-4237-bc64-56914d112ba3},DS,%{e0fa1e8c-9b45-11d0-afdd-00c04fd930c9},,Object Access,,,,,"%%7684
		{e48d0154-bcf8-11d1-8702-00c04fb96050}
			{bf9679e5-0de6-11d0-a285-00aa003049e2}
	{e0fa1e8c-9b45-11d0-afdd-00c04fd930c9}
",,PIRATE,0x51aa1,DC01$,S-1-5-18,,,,,,,,,,
2025-07-29T04:00:18.846013Z,4662,DC01.pirate.htb,Microsoft-Windows-Security-Auditing,Security,16306,0,"%%7682
				",0x4,-,,,,,,,,,,,,,,,0x0,,,,,,,,,,,,,%{afff0694-70ff-4985-9456-bb96e5b03812},DS,%{e0fa1e8b-9b45-11d0-afdd-00c04fd930c9},,Object Access,,,,,"%%7682
	{e0fa1e8b-9b45-11d0-afdd-00c04fd930c9}
",,PIRATE,0x51aa1,DC01$,S-1-5-18,,,,,,,,,,
2025-07-29T04:00:18.846017Z,4662,DC01.pirate.htb,Microsoft-Windows-Security-Auditing,Security,16307,0,"%%1538
				",0x20000,-,,,,,,,,,,,,,,,0x0,,,,,,,,,,,,,%{aff6283f-b417-4237-bc64-56914d112ba3},DS,%{e0fa1e8c-9b45-11d0-afdd-00c04fd930c9},,Object Access,,,,,"%%1538
	{e0fa1e8c-9b45-11d0-afdd-00c04fd930c9}
",,PIRATE,0x51aa1,DC01$,S-1-5-18,,,,,,,,,,
2025-07-29T04:00:18.846074Z,4662,DC01.pirate.htb,Microsoft-Windows-Security-Auditing,Security,16308,0,"%%7684
				",0x10,-,,,,,,,,,,,,,,,0x0,,,,,,,,,,,,,%{aff6283f-b417-4237-bc64-56914d112ba3},DS,%{e0fa1e8c-9b45-11d0-afdd-00c04fd930c9},,Object Access,,,,,"%%7684
	{e0fa1e8c-9b45-11d0-afdd-00c04fd930c9}
		{e48d0154-bcf8-11d1-8702-00c04fb96050}
			{bf9679e5-0de6-11d0-a285-00aa003049e2}
			{bf9679e7-0de6-11d0-a285-00aa003049e2}
		{771727b1-31b8-4cdf-ae62-4fe39fadf89e}
			{bf967a77-0de6-11d0-a285-00aa003049e2}
			{bf967a70-0de6-11d0-a285-00aa003049e2}
			{bf967a6f-0de6-11d0-a285-00aa003049e2}
			{bf967a78-0de6-11d0-a285-00aa003049e2}
			{e0fa1e69-9b45-11d0-afdd-00c04fd930c9}
			{675a15fe-3b70-11d2-90cc-00c04fd91ab1}
			{aa12854c-d8fc-4d5e-91ca-368b8d829bee}
			{c79f2199-6da1-46ff-923c-1f3f800c721e}
			{7bea2088-8ce2-423c-b191-66ec506b1595}
			{0dc063c1-52d9-4456-9e15-9c2434aafd94}
			{5c5b7ad2-20fa-44bb-beb3-34b9c0f65579}
			{27d93c40-065a-43c0-bdd8-cdf2c7d120aa}
			{ff9e5552-7db7-4138-8888-05ce320a0323}
			{13361665-916c-4de7-a59d-b1ebbd0de129}
			{80b70aab-8959-4ec0-8e93-126e76df3aca}
			{8f4e317f-28d7-442c-a6df-1f491f97b326}
			{29869b7c-64c4-42fe-97d5-fbc2fa124160}
			{03d4c32e-e217-4a61-9699-7bbc4729a026}
			{f6b0f0be-a8e4-4468-8fd9-c3c47b8722f9}
			{3443d8cd-e5b6-4f3b-b098-659a0214a079}
			{b7673e6d-cad9-4e9e-b31a-63e8098fdd63}
			{28c458f5-602d-4ac9-a77c-b3f1be503a7e}
			{285c6964-c11a-499e-96d8-bf7c75a223c6}
			{ba340d47-2181-4ca0-a2f6-fae4479dab2a}
			{aff16770-9622-4fbc-a128-3088777605b9}
			{387d9432-a6d1-4474-82cd-0a89aae084ae}
			{19195a55-6da0-11d0-afd3-00c04fd930c9}
",,PIRATE,0x51aa1,DC01$,S-1-5-18,,,,,,,,,,
2025-07-29T04:00:18.846409Z,4662,DC01.pirate.htb,Microsoft-Windows-Security-Auditing,Security,16309,0,"%%7684
				",0x10,-,,,,,,,,,,,,,,,0x0,,,,,,,,,,,,,%{469bd39f-3e90-4f1a-b47e-0432e347ae56},DS,%{e0fa1e8c-9b45-11d0-afdd-00c04fd930c9},,Object Access,,,,,"%%7684
		{e48d0154-bcf8-11d1-8702-00c04fb96050}
			{bf9679e5-0de6-11d0-a285-00aa003049e2}
	{e0fa1e8c-9b45-11d0-afdd-00c04fd930c9}
",,PIRATE,0x51aa1,DC01$,S-1-5-18,,,,,,,,,,
2025-07-29T04:00:18.846416Z,4662,DC01.pirate.htb,Microsoft-Windows-Security-Auditing,Security,16310,0,"%%7682
				",0x4,-,,,,,,,,,,,,,,,0x0,,,,,,,,,,,,,%{afff0694-70ff-4985-9456-bb96e5b03812},DS,%{e0fa1e8b-9b45-11d0-afdd-00c04fd930c9},,Object Access,,,,,"%%7682
	{e0fa1e8b-9b45-11d0-afdd-00c04fd930c9}
",,PIRATE,0x51aa1,DC01$,S-1-5-18,,,,,,,,,,
2025-07-29T04:00:18.846422Z,4662,DC01.pirate.htb,Microsoft-Windows-Security-Auditing,Security,16311,0,"%%1538
				",0x20000,-,,,,,,,,,,,,,,,0x0,,,,,,,,,,,,,%{469bd39f-3e90-4f1a-b47e-0432e347ae56},DS,%{e0fa1e8c-9b45-11d0-afdd-00c04fd930c9},,Object Access,,,,,"%%1538
	{e0fa1e8c-9b45-11d0-afdd-00c04fd930c9}
",,PIRATE,0x51aa1,DC01$,S-1-5-18,,,,,,,,,,
2025-07-29T04:00:18.846514Z,4662,DC01.pirate.htb,Microsoft-Windows-Security-Auditing,Security,16312,0,"%%7684
				",0x10,-,,,,,,,,,,,,,,,0x0,,,,,,,,,,,,,%{469bd39f-3e90-4f1a-b47e-0432e347ae56},DS,%{e0fa1e8c-9b45-11d0-afdd-00c04fd930c9},,Object Access,,,,,"%%7684
	{e0fa1e8c-9b45-11d0-afdd-00c04fd930c9}
		{e48d0154-bcf8-11d1-8702-00c04fb96050}
			{bf9679e5-0de6-11d0-a285-00aa003049e2}
			{bf9679e7-0de6-11d0-a285-00aa003049e2}
		{771727b1-31b8-4cdf-ae62-4fe39fadf89e}
			{bf967a77-0de6-11d0-a285-00aa003049e2}
			{bf967a70-0de6-11d0-a285-00aa003049e2}
			{bf967a6f-0de6-11d0-a285-00aa003049e2}
			{bf967a78-0de6-11d0-a285-00aa003049e2}
			{e0fa1e69-9b45-11d0-afdd-00c04fd930c9}
			{675a15fe-3b70-11d2-90cc-00c04fd91ab1}
			{aa12854c-d8fc-4d5e-91ca-368b8d829bee}
			{c79f2199-6da1-46ff-923c-1f3f800c721e}
			{7bea2088-8ce2-423c-b191-66ec506b1595}
			{0dc063c1-52d9-4456-9e15-9c2434aafd94}
			{5c5b7ad2-20fa-44bb-beb3-34b9c0f65579}
			{27d93c40-065a-43c0-bdd8-cdf2c7d120aa}
			{ff9e5552-7db7-4138-8888-05ce320a0323}
			{13361665-916c-4de7-a59d-b1ebbd0de129}
			{80b70aab-8959-4ec0-8e93-126e76df3aca}
			{8f4e317f-28d7-442c-a6df-1f491f97b326}
			{29869b7c-64c4-42fe-97d5-fbc2fa124160}
			{03d4c32e-e217-4a61-9699-7bbc4729a026}
			{f6b0f0be-a8e4-4468-8fd9-c3c47b8722f9}
			{3443d8cd-e5b6-4f3b-b098-659a0214a079}
			{b7673e6d-cad9-4e9e-b31a-63e8098fdd63}
			{28c458f5-602d-4ac9-a77c-b3f1be503a7e}
			{285c6964-c11a-499e-96d8-bf7c75a223c6}
			{ba340d47-2181-4ca0-a2f6-fae4479dab2a}
			{aff16770-9622-4fbc-a128-3088777605b9}
			{387d9432-a6d1-4474-82cd-0a89aae084ae}
			{19195a55-6da0-11d0-afd3-00c04fd930c9}
",,PIRATE,0x51aa1,DC01$,S-1-5-18,,,,,,,,,,
2025-07-29T04:00:21.292479Z,5136,DC01.pirate.htb,Microsoft-Windows-Security-Auditing,Security,16313,0,,,,,,-,dnsRecord,2.5.5.10,%%14672,,,,,pirate.htb,%%14676,,,,,,,,,,,,,dnsNode,"DC=dc01,DC=pirate.htb,cn=MicrosoftDNS,DC=DomainDnsZones,DC=pirate,DC=htb",AFF6283F-B417-4237-BC64-56914D112BA3,,,,A48904C7-BBC1-4142-B9F8-B703A00993F4,%%14675,,,,,,,NT AUTHORITY,0x51aa1,SYSTEM,S-1-5-18,,,,,,,,,,
2025-07-29T04:00:21.292799Z,5136,DC01.pirate.htb,Microsoft-Windows-Security-Auditing,Security,16314,0,,,,,,-,dnsRecord,2.5.5.10,%%14672,,,,,pirate.htb,%%14676,,,,,,,,,,,,,dnsNode,"DC=dc01,DC=pirate.htb,cn=MicrosoftDNS,DC=DomainDnsZones,DC=pirate,DC=htb",AFF6283F-B417-4237-BC64-56914D112BA3,,,,A48904C7-BBC1-4142-B9F8-B703A00993F4,%%14675,,,,,,,NT AUTHORITY,0x51aa1,SYSTEM,S-1-5-18,,,,,,,,,,
2025-07-29T04:00:21.293043Z,5136,DC01.pirate.htb,Microsoft-Windows-Security-Auditing,Security,16315,0,,,,,,-,dnsRecord,2.5.5.10,%%14672,,,,,pirate.htb,%%14676,,,,,,,,,,,,,dnsNode,"DC=dc01,DC=pirate.htb,cn=MicrosoftDNS,DC=DomainDnsZones,DC=pirate,DC=htb",AFF6283F-B417-4237-BC64-56914D112BA3,,,,A48904C7-BBC1-4142-B9F8-B703A00993F4,%%14674,,,,,,,NT AUTHORITY,0x51aa1,SYSTEM,S-1-5-18,,,,,,,,,,
2025-07-29T04:00:21.293344Z,5136,DC01.pirate.htb,Microsoft-Windows-Security-Auditing,Security,16316,0,,,,,,-,dnsRecord,2.5.5.10,%%14672,,,,,pirate.htb,%%14676,,,,,,,,,,,,,dnsNode,"DC=dc01,DC=pirate.htb,cn=MicrosoftDNS,DC=DomainDnsZones,DC=pirate,DC=htb",AFF6283F-B417-4237-BC64-56914D112BA3,,,,A48904C7-BBC1-4142-B9F8-B703A00993F4,%%14674,,,,,,,NT AUTHORITY,0x51aa1,SYSTEM,S-1-5-18,,,,,,,,,,
2025-07-29T04:00:21.293626Z,5136,DC01.pirate.htb,Microsoft-Windows-Security-Auditing,Security,16317,0,,,,,,-,dnsRecord,2.5.5.10,%%14672,,,,,pirate.htb,%%14676,,,,,,,,,,,,,dnsNode,"DC=dc01,DC=pirate.htb,cn=MicrosoftDNS,DC=DomainDnsZones,DC=pirate,DC=htb",AFF6283F-B417-4237-BC64-56914D112BA3,,,,A48904C7-BBC1-4142-B9F8-B703A00993F4,%%14674,,,,,,,NT AUTHORITY,0x51aa1,SYSTEM,S-1-5-18,,,,,,,,,,
2025-07-29T04:00:21.293897Z,5136,DC01.pirate.htb,Microsoft-Windows-Security-Auditing,Security,16318,0,,,,,,-,dNSTombstoned,2.5.5.8,FALSE,,,,,pirate.htb,%%14676,,,,,,,,,,,,,dnsNode,"DC=dc01,DC=pirate.htb,cn=MicrosoftDNS,DC=DomainDnsZones,DC=pirate,DC=htb",AFF6283F-B417-4237-BC64-56914D112BA3,,,,A48904C7-BBC1-4142-B9F8-B703A00993F4,%%14675,,,,,,,NT AUTHORITY,0x51aa1,SYSTEM,S-1-5-18,,,,,,,,,,
2025-07-29T04:00:21.294151Z,5136,DC01.pirate.htb,Microsoft-Windows-Security-Auditing,Security,16319,0,,,,,,-,dNSTombstoned,2.5.5.8,FALSE,,,,,pirate.htb,%%14676,,,,,,,,,,,,,dnsNode,"DC=dc01,DC=pirate.htb,cn=MicrosoftDNS,DC=DomainDnsZones,DC=pirate,DC=htb",AFF6283F-B417-4237-BC64-56914D112BA3,,,,A48904C7-BBC1-4142-B9F8-B703A00993F4,%%14674,,,,,,,NT AUTHORITY,0x51aa1,SYSTEM,S-1-5-18,,,,,,,,,,
2025-07-29T04:00:22.001274Z,4662,DC01.pirate.htb,Microsoft-Windows-Security-Auditing,Security,16320,0,"%%7684
				",0x10,-,,,,,,,,,,,,,,,0x0,,,,,,,,,,,,,%{aff6283f-b417-4237-bc64-56914d112ba3},DS,%{e0fa1e8c-9b45-11d0-afdd-00c04fd930c9},,Object Access,,,,,"%%7684
		{e48d0154-bcf8-11d1-8702-00c04fb96050}
			{bf9679e5-0de6-11d0-a285-00aa003049e2}
	{e0fa1e8c-9b45-11d0-afdd-00c04fd930c9}
",,PIRATE,0x51aa1,DC01$,S-1-5-18,,,,,,,,,,
2025-07-29T04:00:22.001281Z,4662,DC01.pirate.htb,Microsoft-Windows-Security-Auditing,Security,16321,0,"%%7682
				",0x4,-,,,,,,,,,,,,,,,0x0,,,,,,,,,,,,,%{afff0694-70ff-4985-9456-bb96e5b03812},DS,%{e0fa1e8b-9b45-11d0-afdd-00c04fd930c9},,Object Access,,,,,"%%7682
	{e0fa1e8b-9b45-11d0-afdd-00c04fd930c9}
",,PIRATE,0x51aa1,DC01$,S-1-5-18,,,,,,,,,,
2025-07-29T04:00:22.001286Z,4662,DC01.pirate.htb,Microsoft-Windows-Security-Auditing,Security,16322,0,"%%1538
				",0x20000,-,,,,,,,,,,,,,,,0x0,,,,,,,,,,,,,%{aff6283f-b417-4237-bc64-56914d112ba3},DS,%{e0fa1e8c-9b45-11d0-afdd-00c04fd930c9},,Object Access,,,,,"%%1538
	{e0fa1e8c-9b45-11d0-afdd-00c04fd930c9}
",,PIRATE,0x51aa1,DC01$,S-1-5-18,,,,,,,,,,
2025-07-29T04:00:22.001371Z,4662,DC01.pirate.htb,Microsoft-Windows-Security-Auditing,Security,16323,0,"%%7684
				",0x10,-,,,,,,,,,,,,,,,0x0,,,,,,,,,,,,,%{aff6283f-b417-4237-bc64-56914d112ba3},DS,%{e0fa1e8c-9b45-11d0-afdd-00c04fd930c9},,Object Access,,,,,"%%7684
	{e0fa1e8c-9b45-11d0-afdd-00c04fd930c9}
		{e48d0154-bcf8-11d1-8702-00c04fb96050}
			{bf9679e5-0de6-11d0-a285-00aa003049e2}
			{bf9679e7-0de6-11d0-a285-00aa003049e2}
		{771727b1-31b8-4cdf-ae62-4fe39fadf89e}
			{bf967a77-0de6-11d0-a285-00aa003049e2}
			{bf967a70-0de6-11d0-a285-00aa003049e2}
			{bf967a6f-0de6-11d0-a285-00aa003049e2}
			{bf967a78-0de6-11d0-a285-00aa003049e2}
			{e0fa1e69-9b45-11d0-afdd-00c04fd930c9}
			{675a15fe-3b70-11d2-90cc-00c04fd91ab1}
			{aa12854c-d8fc-4d5e-91ca-368b8d829bee}
			{c79f2199-6da1-46ff-923c-1f3f800c721e}
			{7bea2088-8ce2-423c-b191-66ec506b1595}
			{0dc063c1-52d9-4456-9e15-9c2434aafd94}
			{5c5b7ad2-20fa-44bb-beb3-34b9c0f65579}
			{27d93c40-065a-43c0-bdd8-cdf2c7d120aa}
			{ff9e5552-7db7-4138-8888-05ce320a0323}
			{13361665-916c-4de7-a59d-b1ebbd0de129}
			{80b70aab-8959-4ec0-8e93-126e76df3aca}
			{8f4e317f-28d7-442c-a6df-1f491f97b326}
			{29869b7c-64c4-42fe-97d5-fbc2fa124160}
			{03d4c32e-e217-4a61-9699-7bbc4729a026}
			{f6b0f0be-a8e4-4468-8fd9-c3c47b8722f9}
			{3443d8cd-e5b6-4f3b-b098-659a0214a079}
			{b7673e6d-cad9-4e9e-b31a-63e8098fdd63}
			{28c458f5-602d-4ac9-a77c-b3f1be503a7e}
			{285c6964-c11a-499e-96d8-bf7c75a223c6}
			{ba340d47-2181-4ca0-a2f6-fae4479dab2a}
			{aff16770-9622-4fbc-a128-3088777605b9}
			{387d9432-a6d1-4474-82cd-0a89aae084ae}
			{19195a55-6da0-11d0-afd3-00c04fd930c9}
",,PIRATE,0x51aa1,DC01$,S-1-5-18,,,,,,,,,,
2025-07-29T04:00:22.001961Z,4662,DC01.pirate.htb,Microsoft-Windows-Security-Auditing,Security,16324,0,"%%7684
				",0x10,-,,,,,,,,,,,,,,,0x0,,,,,,,,,,,,,%{469bd39f-3e90-4f1a-b47e-0432e347ae56},DS,%{e0fa1e8c-9b45-11d0-afdd-00c04fd930c9},,Object Access,,,,,"%%7684
		{e48d0154-bcf8-11d1-8702-00c04fb96050}
			{bf9679e5-0de6-11d0-a285-00aa003049e2}
	{e0fa1e8c-9b45-11d0-afdd-00c04fd930c9}
",,PIRATE,0x51aa1,DC01$,S-1-5-18,,,,,,,,,,
2025-07-29T04:00:22.001968Z,4662,DC01.pirate.htb,Microsoft-Windows-Security-Auditing,Security,16325,0,"%%7682
				",0x4,-,,,,,,,,,,,,,,,0x0,,,,,,,,,,,,,%{afff0694-70ff-4985-9456-bb96e5b03812},DS,%{e0fa1e8b-9b45-11d0-afdd-00c04fd930c9},,Object Access,,,,,"%%7682
	{e0fa1e8b-9b45-11d0-afdd-00c04fd930c9}
",,PIRATE,0x51aa1,DC01$,S-1-5-18,,,,,,,,,,
2025-07-29T04:00:22.001974Z,4662,DC01.pirate.htb,Microsoft-Windows-Security-Auditing,Security,16326,0,"%%1538
				",0x20000,-,,,,,,,,,,,,,,,0x0,,,,,,,,,,,,,%{469bd39f-3e90-4f1a-b47e-0432e347ae56},DS,%{e0fa1e8c-9b45-11d0-afdd-00c04fd930c9},,Object Access,,,,,"%%1538
	{e0fa1e8c-9b45-11d0-afdd-00c04fd930c9}
",,PIRATE,0x51aa1,DC01$,S-1-5-18,,,,,,,,,,
2025-07-29T04:00:22.002040Z,4662,DC01.pirate.htb,Microsoft-Windows-Security-Auditing,Security,16327,0,"%%7684
				",0x10,-,,,,,,,,,,,,,,,0x0,,,,,,,,,,,,,%{469bd39f-3e90-4f1a-b47e-0432e347ae56},DS,%{e0fa1e8c-9b45-11d0-afdd-00c04fd930c9},,Object Access,,,,,"%%7684
	{e0fa1e8c-9b45-11d0-afdd-00c04fd930c9}
		{e48d0154-bcf8-11d1-8702-00c04fb96050}
			{bf9679e5-0de6-11d0-a285-00aa003049e2}
			{bf9679e7-0de6-11d0-a285-00aa003049e2}
		{771727b1-31b8-4cdf-ae62-4fe39fadf89e}
			{bf967a77-0de6-11d0-a285-00aa003049e2}
			{bf967a70-0de6-11d0-a285-00aa003049e2}
			{bf967a6f-0de6-11d0-a285-00aa003049e2}
			{bf967a78-0de6-11d0-a285-00aa003049e2}
			{e0fa1e69-9b45-11d0-afdd-00c04fd930c9}
			{675a15fe-3b70-11d2-90cc-00c04fd91ab1}
			{aa12854c-d8fc-4d5e-91ca-368b8d829bee}
			{c79f2199-6da1-46ff-923c-1f3f800c721e}
			{7bea2088-8ce2-423c-b191-66ec506b1595}
			{0dc063c1-52d9-4456-9e15-9c2434aafd94}
			{5c5b7ad2-20fa-44bb-beb3-34b9c0f65579}
			{27d93c40-065a-43c0-bdd8-cdf2c7d120aa}
			{ff9e5552-7db7-4138-8888-05ce320a0323}
			{13361665-916c-4de7-a59d-b1ebbd0de129}
			{80b70aab-8959-4ec0-8e93-126e76df3aca}
			{8f4e317f-28d7-442c-a6df-1f491f97b326}
			{29869b7c-64c4-42fe-97d5-fbc2fa124160}
			{03d4c32e-e217-4a61-9699-7bbc4729a026}
			{f6b0f0be-a8e4-4468-8fd9-c3c47b8722f9}
			{3443d8cd-e5b6-4f3b-b098-659a0214a079}
			{b7673e6d-cad9-4e9e-b31a-63e8098fdd63}
			{28c458f5-602d-4ac9-a77c-b3f1be503a7e}
			{285c6964-c11a-499e-96d8-bf7c75a223c6}
			{ba340d47-2181-4ca0-a2f6-fae4479dab2a}
			{aff16770-9622-4fbc-a128-3088777605b9}
			{387d9432-a6d1-4474-82cd-0a89aae084ae}
			{19195a55-6da0-11d0-afd3-00c04fd930c9}
",,PIRATE,0x51aa1,DC01$,S-1-5-18,,,,,,,,,,
2025-07-29T04:00:22.540634Z,4662,DC01.pirate.htb,Microsoft-Windows-Security-Auditing,Security,16328,0,"%%7684
				",0x10,-,,,,,,,,,,,,,,,0x0,,,,,,,,,,,,,%{83a1511f-724f-4df3-9a44-6bd35a2b2f50},DS,%{e0fa1e8c-9b45-11d0-afdd-00c04fd930c9},,Object Access,,,,,"%%7684
		{e48d0154-bcf8-11d1-8702-00c04fb96050}
			{bf9679e5-0de6-11d0-a285-00aa003049e2}
	{e0fa1e8c-9b45-11d0-afdd-00c04fd930c9}
",,PIRATE,0x51aa1,DC01$,S-1-5-18,,,,,,,,,,
2025-07-29T04:00:22.540640Z,4662,DC01.pirate.htb,Microsoft-Windows-Security-Auditing,Security,16329,0,"%%7682
				",0x4,-,,,,,,,,,,,,,,,0x0,,,,,,,,,,,,,%{afff0694-70ff-4985-9456-bb96e5b03812},DS,%{e0fa1e8b-9b45-11d0-afdd-00c04fd930c9},,Object Access,,,,,"%%7682
	{e0fa1e8b-9b45-11d0-afdd-00c04fd930c9}
",,PIRATE,0x51aa1,DC01$,S-1-5-18,,,,,,,,,,
2025-07-29T04:00:22.540644Z,4662,DC01.pirate.htb,Microsoft-Windows-Security-Auditing,Security,16330,0,"%%1538
				",0x20000,-,,,,,,,,,,,,,,,0x0,,,,,,,,,,,,,%{83a1511f-724f-4df3-9a44-6bd35a2b2f50},DS,%{e0fa1e8c-9b45-11d0-afdd-00c04fd930c9},,Object Access,,,,,"%%1538
	{e0fa1e8c-9b45-11d0-afdd-00c04fd930c9}
",,PIRATE,0x51aa1,DC01$,S-1-5-18,,,,,,,,,,
2025-07-29T04:00:22.540692Z,4662,DC01.pirate.htb,Microsoft-Windows-Security-Auditing,Security,16331,0,"%%7684
				",0x10,-,,,,,,,,,,,,,,,0x0,,,,,,,,,,,,,%{83a1511f-724f-4df3-9a44-6bd35a2b2f50},DS,%{e0fa1e8c-9b45-11d0-afdd-00c04fd930c9},,Object Access,,,,,"%%7684
	{e0fa1e8c-9b45-11d0-afdd-00c04fd930c9}
		{e48d0154-bcf8-11d1-8702-00c04fb96050}
			{bf9679e5-0de6-11d0-a285-00aa003049e2}
			{bf9679e7-0de6-11d0-a285-00aa003049e2}
		{771727b1-31b8-4cdf-ae62-4fe39fadf89e}
			{bf967a77-0de6-11d0-a285-00aa003049e2}
			{bf967a70-0de6-11d0-a285-00aa003049e2}
			{bf967a6f-0de6-11d0-a285-00aa003049e2}
			{bf967a78-0de6-11d0-a285-00aa003049e2}
			{e0fa1e69-9b45-11d0-afdd-00c04fd930c9}
			{675a15fe-3b70-11d2-90cc-00c04fd91ab1}
			{aa12854c-d8fc-4d5e-91ca-368b8d829bee}
			{c79f2199-6da1-46ff-923c-1f3f800c721e}
			{7bea2088-8ce2-423c-b191-66ec506b1595}
			{0dc063c1-52d9-4456-9e15-9c2434aafd94}
			{5c5b7ad2-20fa-44bb-beb3-34b9c0f65579}
			{27d93c40-065a-43c0-bdd8-cdf2c7d120aa}
			{ff9e5552-7db7-4138-8888-05ce320a0323}
			{13361665-916c-4de7-a59d-b1ebbd0de129}
			{80b70aab-8959-4ec0-8e93-126e76df3aca}
			{8f4e317f-28d7-442c-a6df-1f491f97b326}
			{29869b7c-64c4-42fe-97d5-fbc2fa124160}
			{03d4c32e-e217-4a61-9699-7bbc4729a026}
			{f6b0f0be-a8e4-4468-8fd9-c3c47b8722f9}
			{3443d8cd-e5b6-4f3b-b098-659a0214a079}
			{b7673e6d-cad9-4e9e-b31a-63e8098fdd63}
			{28c458f5-602d-4ac9-a77c-b3f1be503a7e}
			{285c6964-c11a-499e-96d8-bf7c75a223c6}
			{ba340d47-2181-4ca0-a2f6-fae4479dab2a}
			{aff16770-9622-4fbc-a128-3088777605b9}
			{387d9432-a6d1-4474-82cd-0a89aae084ae}
			{19195a55-6da0-11d0-afd3-00c04fd930c9}
",,PIRATE,0x51aa1,DC01$,S-1-5-18,,,,,,,,,,
2025-07-29T04:00:22.541861Z,4662,DC01.pirate.htb,Microsoft-Windows-Security-Auditing,Security,16332,0,"%%7684
				",0x10,-,,,,,,,,,,,,,,,0x0,,,,,,,,,,,,,%{0b0d3777-6f3b-4ff3-8084-1efe0e23fc64},DS,%{e0fa1e8c-9b45-11d0-afdd-00c04fd930c9},,Object Access,,,,,"%%7684
		{e48d0154-bcf8-11d1-8702-00c04fb96050}
			{bf9679e5-0de6-11d0-a285-00aa003049e2}
	{e0fa1e8c-9b45-11d0-afdd-00c04fd930c9}
",,PIRATE,0x51aa1,DC01$,S-1-5-18,,,,,,,,,,
2025-07-29T04:00:22.541866Z,4662,DC01.pirate.htb,Microsoft-Windows-Security-Auditing,Security,16333,0,"%%7682
				",0x4,-,,,,,,,,,,,,,,,0x0,,,,,,,,,,,,,%{afff0694-70ff-4985-9456-bb96e5b03812},DS,%{e0fa1e8b-9b45-11d0-afdd-00c04fd930c9},,Object Access,,,,,"%%7682
	{e0fa1e8b-9b45-11d0-afdd-00c04fd930c9}
",,PIRATE,0x51aa1,DC01$,S-1-5-18,,,,,,,,,,
2025-07-29T04:00:22.541884Z,4662,DC01.pirate.htb,Microsoft-Windows-Security-Auditing,Security,16334,0,"%%1538
				",0x20000,-,,,,,,,,,,,,,,,0x0,,,,,,,,,,,,,%{0b0d3777-6f3b-4ff3-8084-1efe0e23fc64},DS,%{e0fa1e8c-9b45-11d0-afdd-00c04fd930c9},,Object Access,,,,,"%%1538
	{e0fa1e8c-9b45-11d0-afdd-00c04fd930c9}
",,PIRATE,0x51aa1,DC01$,S-1-5-18,,,,,,,,,,
2025-07-29T04:00:22.542067Z,4662,DC01.pirate.htb,Microsoft-Windows-Security-Auditing,Security,16335,0,"%%7684
				",0x10,-,,,,,,,,,,,,,,,0x0,,,,,,,,,,,,,%{0b0d3777-6f3b-4ff3-8084-1efe0e23fc64},DS,%{e0fa1e8c-9b45-11d0-afdd-00c04fd930c9},,Object Access,,,,,"%%7684
	{e0fa1e8c-9b45-11d0-afdd-00c04fd930c9}
		{e48d0154-bcf8-11d1-8702-00c04fb96050}
			{bf9679e5-0de6-11d0-a285-00aa003049e2}
			{bf9679e7-0de6-11d0-a285-00aa003049e2}
		{771727b1-31b8-4cdf-ae62-4fe39fadf89e}
			{bf967a77-0de6-11d0-a285-00aa003049e2}
			{bf967a70-0de6-11d0-a285-00aa003049e2}
			{bf967a6f-0de6-11d0-a285-00aa003049e2}
			{bf967a78-0de6-11d0-a285-00aa003049e2}
			{e0fa1e69-9b45-11d0-afdd-00c04fd930c9}
			{675a15fe-3b70-11d2-90cc-00c04fd91ab1}
			{aa12854c-d8fc-4d5e-91ca-368b8d829bee}
			{c79f2199-6da1-46ff-923c-1f3f800c721e}
			{7bea2088-8ce2-423c-b191-66ec506b1595}
			{0dc063c1-52d9-4456-9e15-9c2434aafd94}
			{5c5b7ad2-20fa-44bb-beb3-34b9c0f65579}
			{27d93c40-065a-43c0-bdd8-cdf2c7d120aa}
			{ff9e5552-7db7-4138-8888-05ce320a0323}
			{13361665-916c-4de7-a59d-b1ebbd0de129}
			{80b70aab-8959-4ec0-8e93-126e76df3aca}
			{8f4e317f-28d7-442c-a6df-1f491f97b326}
			{29869b7c-64c4-42fe-97d5-fbc2fa124160}
			{03d4c32e-e217-4a61-9699-7bbc4729a026}
			{f6b0f0be-a8e4-4468-8fd9-c3c47b8722f9}
			{3443d8cd-e5b6-4f3b-b098-659a0214a079}
			{b7673e6d-cad9-4e9e-b31a-63e8098fdd63}
			{28c458f5-602d-4ac9-a77c-b3f1be503a7e}
			{285c6964-c11a-499e-96d8-bf7c75a223c6}
			{ba340d47-2181-4ca0-a2f6-fae4479dab2a}
			{aff16770-9622-4fbc-a128-3088777605b9}
			{387d9432-a6d1-4474-82cd-0a89aae084ae}
			{19195a55-6da0-11d0-afd3-00c04fd930c9}
",,PIRATE,0x51aa1,DC01$,S-1-5-18,,,,,,,,,,
2025-07-29T04:00:22.543563Z,4662,DC01.pirate.htb,Microsoft-Windows-Security-Auditing,Security,16336,0,"%%7684
				",0x10,-,,,,,,,,,,,,,,,0x0,,,,,,,,,,,,,%{3e507f40-276f-4917-b2e4-bc80778e62d0},DS,%{e0fa1e8c-9b45-11d0-afdd-00c04fd930c9},,Object Access,,,,,"%%7684
		{e48d0154-bcf8-11d1-8702-00c04fb96050}
			{bf9679e5-0de6-11d0-a285-00aa003049e2}
	{e0fa1e8c-9b45-11d0-afdd-00c04fd930c9}
",,PIRATE,0x51aa1,DC01$,S-1-5-18,,,,,,,,,,
2025-07-29T04:00:22.543568Z,4662,DC01.pirate.htb,Microsoft-Windows-Security-Auditing,Security,16337,0,"%%7682
				",0x4,-,,,,,,,,,,,,,,,0x0,,,,,,,,,,,,,%{afff0694-70ff-4985-9456-bb96e5b03812},DS,%{e0fa1e8b-9b45-11d0-afdd-00c04fd930c9},,Object Access,,,,,"%%7682
	{e0fa1e8b-9b45-11d0-afdd-00c04fd930c9}
",,PIRATE,0x51aa1,DC01$,S-1-5-18,,,,,,,,,,
2025-07-29T04:00:22.543572Z,4662,DC01.pirate.htb,Microsoft-Windows-Security-Auditing,Security,16338,0,"%%1538
				",0x20000,-,,,,,,,,,,,,,,,0x0,,,,,,,,,,,,,%{3e507f40-276f-4917-b2e4-bc80778e62d0},DS,%{e0fa1e8c-9b45-11d0-afdd-00c04fd930c9},,Object Access,,,,,"%%1538
	{e0fa1e8c-9b45-11d0-afdd-00c04fd930c9}
",,PIRATE,0x51aa1,DC01$,S-1-5-18,,,,,,,,,,
2025-07-29T04:00:22.543616Z,4662,DC01.pirate.htb,Microsoft-Windows-Security-Auditing,Security,16339,0,"%%7684
				",0x10,-,,,,,,,,,,,,,,,0x0,,,,,,,,,,,,,%{3e507f40-276f-4917-b2e4-bc80778e62d0},DS,%{e0fa1e8c-9b45-11d0-afdd-00c04fd930c9},,Object Access,,,,,"%%7684
	{e0fa1e8c-9b45-11d0-afdd-00c04fd930c9}
		{e48d0154-bcf8-11d1-8702-00c04fb96050}
			{bf9679e5-0de6-11d0-a285-00aa003049e2}
			{bf9679e7-0de6-11d0-a285-00aa003049e2}
		{771727b1-31b8-4cdf-ae62-4fe39fadf89e}
			{bf967a77-0de6-11d0-a285-00aa003049e2}
			{bf967a70-0de6-11d0-a285-00aa003049e2}
			{bf967a6f-0de6-11d0-a285-00aa003049e2}
			{bf967a78-0de6-11d0-a285-00aa003049e2}
			{e0fa1e69-9b45-11d0-afdd-00c04fd930c9}
			{675a15fe-3b70-11d2-90cc-00c04fd91ab1}
			{aa12854c-d8fc-4d5e-91ca-368b8d829bee}
			{c79f2199-6da1-46ff-923c-1f3f800c721e}
			{7bea2088-8ce2-423c-b191-66ec506b1595}
			{0dc063c1-52d9-4456-9e15-9c2434aafd94}
			{5c5b7ad2-20fa-44bb-beb3-34b9c0f65579}
			{27d93c40-065a-43c0-bdd8-cdf2c7d120aa}
			{ff9e5552-7db7-4138-8888-05ce320a0323}
			{13361665-916c-4de7-a59d-b1ebbd0de129}
			{80b70aab-8959-4ec0-8e93-126e76df3aca}
			{8f4e317f-28d7-442c-a6df-1f491f97b326}
			{29869b7c-64c4-42fe-97d5-fbc2fa124160}
			{03d4c32e-e217-4a61-9699-7bbc4729a026}
			{f6b0f0be-a8e4-4468-8fd9-c3c47b8722f9}
			{3443d8cd-e5b6-4f3b-b098-659a0214a079}
			{b7673e6d-cad9-4e9e-b31a-63e8098fdd63}
			{28c458f5-602d-4ac9-a77c-b3f1be503a7e}
			{285c6964-c11a-499e-96d8-bf7c75a223c6}
			{ba340d47-2181-4ca0-a2f6-fae4479dab2a}
			{aff16770-9622-4fbc-a128-3088777605b9}
			{387d9432-a6d1-4474-82cd-0a89aae084ae}
			{19195a55-6da0-11d0-afd3-00c04fd930c9}
",,PIRATE,0x51aa1,DC01$,S-1-5-18,,,,,,,,,,
2025-07-29T04:00:22.545012Z,4662,DC01.pirate.htb,Microsoft-Windows-Security-Auditing,Security,16340,0,"%%7684
				",0x10,-,,,,,,,,,,,,,,,0x0,,,,,,,,,,,,,%{758c2aeb-ddef-4714-89b0-627f48efb6a5},DS,%{e0fa1e8c-9b45-11d0-afdd-00c04fd930c9},,Object Access,,,,,"%%7684
		{e48d0154-bcf8-11d1-8702-00c04fb96050}
			{bf9679e5-0de6-11d0-a285-00aa003049e2}
	{e0fa1e8c-9b45-11d0-afdd-00c04fd930c9}
",,PIRATE,0x51aa1,DC01$,S-1-5-18,,,,,,,,,,
2025-07-29T04:00:22.545016Z,4662,DC01.pirate.htb,Microsoft-Windows-Security-Auditing,Security,16341,0,"%%7682
				",0x4,-,,,,,,,,,,,,,,,0x0,,,,,,,,,,,,,%{afff0694-70ff-4985-9456-bb96e5b03812},DS,%{e0fa1e8b-9b45-11d0-afdd-00c04fd930c9},,Object Access,,,,,"%%7682
	{e0fa1e8b-9b45-11d0-afdd-00c04fd930c9}
",,PIRATE,0x51aa1,DC01$,S-1-5-18,,,,,,,,,,
2025-07-29T04:00:22.545020Z,4662,DC01.pirate.htb,Microsoft-Windows-Security-Auditing,Security,16342,0,"%%1538
				",0x20000,-,,,,,,,,,,,,,,,0x0,,,,,,,,,,,,,%{758c2aeb-ddef-4714-89b0-627f48efb6a5},DS,%{e0fa1e8c-9b45-11d0-afdd-00c04fd930c9},,Object Access,,,,,"%%1538
	{e0fa1e8c-9b45-11d0-afdd-00c04fd930c9}
",,PIRATE,0x51aa1,DC01$,S-1-5-18,,,,,,,,,,
2025-07-29T04:00:22.545070Z,4662,DC01.pirate.htb,Microsoft-Windows-Security-Auditing,Security,16343,0,"%%7684
				",0x10,-,,,,,,,,,,,,,,,0x0,,,,,,,,,,,,,%{758c2aeb-ddef-4714-89b0-627f48efb6a5},DS,%{e0fa1e8c-9b45-11d0-afdd-00c04fd930c9},,Object Access,,,,,"%%7684
	{e0fa1e8c-9b45-11d0-afdd-00c04fd930c9}
		{e48d0154-bcf8-11d1-8702-00c04fb96050}
			{bf9679e5-0de6-11d0-a285-00aa003049e2}
			{bf9679e7-0de6-11d0-a285-00aa003049e2}
		{771727b1-31b8-4cdf-ae62-4fe39fadf89e}
			{bf967a77-0de6-11d0-a285-00aa003049e2}
			{bf967a70-0de6-11d0-a285-00aa003049e2}
			{bf967a6f-0de6-11d0-a285-00aa003049e2}
			{bf967a78-0de6-11d0-a285-00aa003049e2}
			{e0fa1e69-9b45-11d0-afdd-00c04fd930c9}
			{675a15fe-3b70-11d2-90cc-00c04fd91ab1}
			{aa12854c-d8fc-4d5e-91ca-368b8d829bee}
			{c79f2199-6da1-46ff-923c-1f3f800c721e}
			{7bea2088-8ce2-423c-b191-66ec506b1595}
			{0dc063c1-52d9-4456-9e15-9c2434aafd94}
			{5c5b7ad2-20fa-44bb-beb3-34b9c0f65579}
			{27d93c40-065a-43c0-bdd8-cdf2c7d120aa}
			{ff9e5552-7db7-4138-8888-05ce320a0323}
			{13361665-916c-4de7-a59d-b1ebbd0de129}
			{80b70aab-8959-4ec0-8e93-126e76df3aca}
			{8f4e317f-28d7-442c-a6df-1f491f97b326}
			{29869b7c-64c4-42fe-97d5-fbc2fa124160}
			{03d4c32e-e217-4a61-9699-7bbc4729a026}
			{f6b0f0be-a8e4-4468-8fd9-c3c47b8722f9}
			{3443d8cd-e5b6-4f3b-b098-659a0214a079}
			{b7673e6d-cad9-4e9e-b31a-63e8098fdd63}
			{28c458f5-602d-4ac9-a77c-b3f1be503a7e}
			{285c6964-c11a-499e-96d8-bf7c75a223c6}
			{ba340d47-2181-4ca0-a2f6-fae4479dab2a}
			{aff16770-9622-4fbc-a128-3088777605b9}
			{387d9432-a6d1-4474-82cd-0a89aae084ae}
			{19195a55-6da0-11d0-afd3-00c04fd930c9}
",,PIRATE,0x51aa1,DC01$,S-1-5-18,,,,,,,,,,
2025-07-29T04:00:22.546381Z,4662,DC01.pirate.htb,Microsoft-Windows-Security-Auditing,Security,16344,0,"%%7684
				",0x10,-,,,,,,,,,,,,,,,0x0,,,,,,,,,,,,,%{0bcb601d-ba63-4df6-8146-e192ecc57b43},DS,%{e0fa1e8c-9b45-11d0-afdd-00c04fd930c9},,Object Access,,,,,"%%7684
		{e48d0154-bcf8-11d1-8702-00c04fb96050}
			{bf9679e5-0de6-11d0-a285-00aa003049e2}
	{e0fa1e8c-9b45-11d0-afdd-00c04fd930c9}
",,PIRATE,0x51aa1,DC01$,S-1-5-18,,,,,,,,,,
2025-07-29T04:00:22.546385Z,4662,DC01.pirate.htb,Microsoft-Windows-Security-Auditing,Security,16345,0,"%%7682
				",0x4,-,,,,,,,,,,,,,,,0x0,,,,,,,,,,,,,%{afff0694-70ff-4985-9456-bb96e5b03812},DS,%{e0fa1e8b-9b45-11d0-afdd-00c04fd930c9},,Object Access,,,,,"%%7682
	{e0fa1e8b-9b45-11d0-afdd-00c04fd930c9}
",,PIRATE,0x51aa1,DC01$,S-1-5-18,,,,,,,,,,
2025-07-29T04:00:22.546389Z,4662,DC01.pirate.htb,Microsoft-Windows-Security-Auditing,Security,16346,0,"%%1538
				",0x20000,-,,,,,,,,,,,,,,,0x0,,,,,,,,,,,,,%{0bcb601d-ba63-4df6-8146-e192ecc57b43},DS,%{e0fa1e8c-9b45-11d0-afdd-00c04fd930c9},,Object Access,,,,,"%%1538
	{e0fa1e8c-9b45-11d0-afdd-00c04fd930c9}
",,PIRATE,0x51aa1,DC01$,S-1-5-18,,,,,,,,,,
