2026-03-27T07:55:24.905837Z,"{'#attributes': {'Qualifiers': 16384}, '#text': 1394}",dc.danglingtree.htb,Microsoft-Windows-ActiveDirectory_DomainService,Directory Service,159,4,,,,,,,,,,,,,,
2026-03-27T08:09:54.959341Z,"{'#attributes': {'Qualifiers': 0}, '#text': 102}",dc.danglingtree.htb,NTDS ISAM,Directory Service,160,4,,,NTDS,"864,P,98,0",,,NTDSA: ,0,10,00,26100,0000,,
2026-03-27T08:09:54.959832Z,"{'#attributes': {'Qualifiers': 0}, '#text': 105}",dc.danglingtree.htb,NTDS ISAM,Directory Service,161,4,,,NTDS,"864,D,0,0",,,NTDSA: ,0,0.052,"
[1] 0.002336 +J(0) +M(C:0K, Fs:185, WS:716K # 100K, PF:5456K # 2412K, P:5456K)
[2] 0.003339 +J(0) +M(C:64K, Fs:96, WS:372K # 372K, PF:372K # 372K, P:372K)
[3] 0.000296 +J(0) +M(C:0K, Fs:3, WS:12K # 12K, PF:64K # 64K, P:64K)
[4] 0.011507 -0.000255 (1) WT +J(0) +M(C:0K, Fs:137, WS:468K # 468K, PF:6044K # 6044K, P:6044K)
[5] 0.000341 +J(0) +M(C:0K, Fs:1, WS:4K # 4K, PF:4K # 4K, P:4K)
[6] 0.003435 +J(0) +M(C:0K, Fs:19, WS:72K # 72K, PF:20K # 20K, P:20K)
[7] 0.016434 -0.010061 (21) WT +J(0) +M(C:0K, Fs:2580, WS:10300K # 10300K, PF:10260K # 10260K, P:10260K)
[8] -
[9] -
[10] -
[11] -
[12] -
[13] 0.013113 -0.007965 (22) WT +J(CM:0, PgRf:0, Rd:0/0, Dy:0/0, Lg:616/1) +M(C:0K, Fs:13, WS:-10200K # 20K, PF:-10256K # 12K, P:-10256K)
[14] 0.000036 +J(0) +M(C:0K, Fs:2, WS:8K # 0K, PF:8K # 0K, P:8K)
[15] 0.000448 +J(0) +M(C:0K, Fs:412, WS:1644K # 0K, PF:68K # 0K, P:68K)
[16] 0.000462 -0.000150 (1) WT +J(0) +M(C:0K, Fs:2, WS:0K # 0K, PF:0K # 0K, P:0K).","RBSOn = 0
",,,
2026-03-27T08:09:54.959989Z,"{'#attributes': {'Qualifiers': 0}, '#text': 330}",dc.danglingtree.htb,NTDS ISAM,Directory Service,162,4,,,NTDS,"864,D,50,0",,,NTDSA: ,C:\WINDOWS\NTDS\ntds.dit,0x2580 (9600),9600 (0x2580),9620 (0x2594),,,
2026-03-27T08:09:54.960119Z,"{'#attributes': {'Qualifiers': 0}, '#text': 326}",dc.danglingtree.htb,NTDS ISAM,Directory Service,163,4,,,NTDS,"864,D,50,0",,,NTDSA: ,1,C:\WINDOWS\NTDS\ntds.dit,0,"
[1] 0.000007 +J(0) +M(C:0K, Fs:1, WS:4K # 0K, PF:0K # 0K, P:0K)
[2] 0.000590 -0.000199 (1) WT +J(0) +M(C:0K, Fs:28, WS:48K # 0K, PF:32K # 0K, P:32K)
[3] 0.003433 -0.001143 (6) WT +J(CM:0, PgRf:0, Rd:0/0, Dy:0/0, Lg:3480/2) +M(C:0K, Fs:34, WS:104K # 0K, PF:132K # 0K, P:132K)
[4] 0.000553 +J(0) +M(C:0K, Fs:1, WS:4K # 0K, PF:0K # 0K, P:0K)
[5] -
[6] 0.003540 -0.001107 (2) CM -0.001030 (2) WT +J(CM:2, PgRf:2, Rd:0/2, Dy:0/0, Lg:0/0) +M(C:-56K, Fs:65, WS:204K # 0K, PF:148K # 0K, P:148K)
[7] 0.000005 +J(0)
[8] 0.002280 -0.000386 (1) CM -0.000347 (1) WT +J(CM:1, PgRf:1, Rd:4/1, Dy:0/0, Lg:0/0) +M(C:92K, Fs:54, WS:184K # 0K, PF:292K # 0K, P:292K)
[9] -
[10] -
[11] -
[12] 0.000330 +J(CM:0, PgRf:0, Rd:0/0, Dy:0/0, Lg:54/1) +M(C:0K, Fs:3, WS:12K # 0K, PF:20K # 0K, P:20K)
[13] 0.002938 -0.001736 (6) CM -0.001503 (6) WT +J(CM:6, PgRf:23, Rd:0/6, Dy:0/0, Lg:0/0) +M(C:-24K, Fs:43, WS:52K # 0K, PF:8K # 0K, P:8K)
[14] 0.001018 -0.000736 (4) CM -0.000593 (4) WT +J(CM:4, PgRf:40, Rd:0/4, Dy:0/0, Lg:0/0) +M(C:-24K, Fs:24, WS:-8K # 0K, PF:40K # 0K, P:40K)
[15] 0.000225 -0.000177 (1) CM -0.000143 (1) WT +J(CM:1, PgRf:1, Rd:0/1, Dy:0/0, Lg:0/0) +M(C:0K, Fs:7, WS:0K # 0K, PF:0K # 0K, P:0K)
[16] 0.000017 +J(CM:0, PgRf:1, Rd:0/0, Dy:0/0, Lg:0/0) +M(C:0K, Fs:1, WS:4K # 0K, PF:0K # 0K, P:0K)
[17] 0.000064 +J(CM:0, PgRf:48, Rd:0/0, Dy:0/0, Lg:0/0) +M(C:0K, Fs:5, WS:20K # 0K, PF:0K # 0K, P:0K)
[18] 0.000001 +J(0)
[19] 0.0 +J(0)
[20] 0.000036 +J(CM:0, PgRf:2, Rd:0/0, Dy:0/0, Lg:0/0) +M(C:0K, Fs:3, WS:12K # 0K, PF:4K # 0K, P:4K).",0 0,"lgposAttach = 00000003:0002:0268,
dbv = 1568.290.600 (9600)",
2026-03-27T08:09:54.960248Z,"{'#attributes': {'Qualifiers': 0}, '#text': 330}",dc.danglingtree.htb,NTDS ISAM,Directory Service,164,4,,,NTDS,"864,D,2,0",,,NTDSA: ,C:\WINDOWS\NTDS\temp.edb,0x2580 (9600),9600 (0x2580),9620 (0x2594),,,
2026-03-27T08:09:54.960345Z,"{'#attributes': {'Qualifiers': 0}, '#text': 700}",dc.danglingtree.htb,NTDS ISAM,Directory Service,165,4,,,NTDS,"864,D,0,0",,,NTDSA: ,C:\WINDOWS\NTDS\ntds.dit,,,,,,
2026-03-27T08:09:54.995816Z,"{'#attributes': {'Qualifiers': 0}, '#text': 701}",dc.danglingtree.htb,NTDS ISAM,Directory Service,166,4,,,NTDS,"864,D,0,0",,,NTDSA: ,C:\WINDOWS\NTDS\ntds.dit,2,3/27/2026,0,1,1,5
2026-03-27T08:09:54.956910Z,"{'#attributes': {'Qualifiers': 16384}, '#text': 3033}",dc.danglingtree.htb,Microsoft-Windows-ActiveDirectory_DomainService,Directory Service,167,4,,,,,,,,,,,,,,
2026-03-27T08:09:54.956910Z,"{'#attributes': {'Qualifiers': 16384}, '#text': 3027}",dc.danglingtree.htb,Microsoft-Windows-ActiveDirectory_DomainService,Directory Service,168,4,,3600,,,,,,,,,,,,
2026-03-27T08:09:54.961486Z,"{'#attributes': {'Qualifiers': 16384}, '#text': 1869}",dc.danglingtree.htb,Microsoft-Windows-ActiveDirectory_DomainService,Directory Service,169,4,,,\\dc.danglingtree.htb,Default-First-Site-Name,,,,,,,,,,
2026-03-27T08:31:39.560885Z,"{'#attributes': {'Qualifiers': 16384}, '#text': 2179}",dc.danglingtree.htb,Microsoft-Windows-ActiveDirectory_DomainService,Directory Service,170,4,,65253950709378025,,,,,,,,,,,,
2026-03-27T08:31:40.560720Z,"{'#attributes': {'Qualifiers': 16384}, '#text': 1004}",dc.danglingtree.htb,Microsoft-Windows-ActiveDirectory_DomainService,Directory Service,171,4,,,,,,,,,,,,,,
2026-03-27T21:56:20.049888Z,"{'#attributes': {'Qualifiers': 32768}, '#text': 3051}",dc.danglingtree.htb,Microsoft-Windows-ActiveDirectory_DomainService,Directory Service,172,3,,,,,,,,,,,,,,
2026-03-27T21:56:20.049888Z,"{'#attributes': {'Qualifiers': 32768}, '#text': 3054}",dc.danglingtree.htb,Microsoft-Windows-ActiveDirectory_DomainService,Directory Service,173,3,,,,,,,,,,,,,,
2026-03-27T21:56:20.437691Z,"{'#attributes': {'Qualifiers': 16384}, '#text': 2121}",dc.danglingtree.htb,Microsoft-Windows-ActiveDirectory_DomainService,Directory Service,174,4,,,,,,,,,,,,,,
2026-03-27T21:56:20.437691Z,"{'#attributes': {'Qualifiers': 16384}, '#text': 2406}",dc.danglingtree.htb,Microsoft-Windows-ActiveDirectory_DomainService,Directory Service,175,4,,Recycle Bin Feature,,,,,,,,,,,,
2026-03-27T21:56:20.437691Z,"{'#attributes': {'Qualifiers': 16384}, '#text': 2406}",dc.danglingtree.htb,Microsoft-Windows-ActiveDirectory_DomainService,Directory Service,176,4,,Privileged Access Management Feature,,,,,,,,,,,,
2026-03-27T21:56:20.437691Z,"{'#attributes': {'Qualifiers': 16384}, '#text': 2406}",dc.danglingtree.htb,Microsoft-Windows-ActiveDirectory_DomainService,Directory Service,177,4,,Database 32k Pages Feature,,,,,,,,,,,,
2026-03-27T21:56:20.439697Z,"{'#attributes': {'Qualifiers': 16384}, '#text': 2168}",dc.danglingtree.htb,Microsoft-Windows-ActiveDirectory_DomainService,Directory Service,178,4,,9386127171187442977,,,,,,,,,,,,
2026-03-27T21:56:20.439697Z,"{'#attributes': {'Qualifiers': 16384}, '#text': 2172}",dc.danglingtree.htb,Microsoft-Windows-ActiveDirectory_DomainService,Directory Service,179,4,,65253950709378025,,,,,,,,,,,,
2026-03-27T21:56:20.439697Z,"{'#attributes': {'Qualifiers': 32768}, '#text': 2170}",dc.danglingtree.htb,Microsoft-Windows-ActiveDirectory_DomainService,Directory Service,180,3,,,65253950709378025,9386127171187442977,,,,,,,,,,
2026-03-27T21:56:20.445792Z,"{'#attributes': {'Qualifiers': 16384}, '#text': 1109}",dc.danglingtree.htb,Microsoft-Windows-ActiveDirectory_DomainService,Directory Service,181,4,,,bfdd94f2-6c1a-42b2-9873-103038b60a91,d790e8cf-5759-4e38-8dbb-a9396e621e95,,,32774,,,,,,,
2026-03-27T21:56:20.468043Z,"{'#attributes': {'Qualifiers': 16384}, '#text': 2208}",dc.danglingtree.htb,Microsoft-Windows-ActiveDirectory_DomainService,Directory Service,182,4,,,,,,,,,,,,,,
2026-03-27T21:56:20.470730Z,"{'#attributes': {'Qualifiers': 16384}, '#text': 2179}",dc.danglingtree.htb,Microsoft-Windows-ActiveDirectory_DomainService,Directory Service,183,4,,9386127171187442977,,,,,,,,,,,,
2026-03-27T21:56:20.484243Z,"{'#attributes': {'Qualifiers': 16384}, '#text': 2405}",dc.danglingtree.htb,Microsoft-Windows-ActiveDirectory_DomainService,Directory Service,184,4,,Database 32k Pages Feature,,,,,,,,,,,,
2026-03-27T21:56:20.484243Z,"{'#attributes': {'Qualifiers': 16384}, '#text': 2405}",dc.danglingtree.htb,Microsoft-Windows-ActiveDirectory_DomainService,Directory Service,185,4,,Privileged Access Management Feature,,,,,,,,,,,,
2026-03-27T21:56:20.484243Z,"{'#attributes': {'Qualifiers': 16384}, '#text': 2120}",dc.danglingtree.htb,Microsoft-Windows-ActiveDirectory_DomainService,Directory Service,186,4,,,,,,,,,,,,,,
2026-03-27T21:56:20.484243Z,"{'#attributes': {'Qualifiers': 16384}, '#text': 2405}",dc.danglingtree.htb,Microsoft-Windows-ActiveDirectory_DomainService,Directory Service,187,4,,Recycle Bin Feature,,,,,,,,,,,,
2026-03-27T21:56:30.536957Z,"{'#attributes': {'Qualifiers': 16384}, '#text': 1000}",dc.danglingtree.htb,Microsoft-Windows-ActiveDirectory_DomainService,Directory Service,188,4,,,,,,,,,,,,,,
2026-03-27T21:57:00.551922Z,"{'#attributes': {'Qualifiers': 16384}, '#text': 1394}",dc.danglingtree.htb,Microsoft-Windows-ActiveDirectory_DomainService,Directory Service,189,4,,,,,,,,,,,,,,
2026-03-27T22:11:30.779796Z,"{'#attributes': {'Qualifiers': 0}, '#text': 102}",dc.danglingtree.htb,NTDS ISAM,Directory Service,190,4,,,NTDS,"872,P,98,0",,,NTDSA: ,0,10,00,26100,0000,,
2026-03-27T22:11:30.780151Z,"{'#attributes': {'Qualifiers': 0}, '#text': 105}",dc.danglingtree.htb,NTDS ISAM,Directory Service,191,4,,,NTDS,"872,D,0,0",,,NTDSA: ,0,0.059,"
[1] 0.001470 +J(0) +M(C:0K, Fs:185, WS:716K # 100K, PF:5456K # 2416K, P:5456K)
[2] 0.002259 +J(0) +M(C:64K, Fs:91, WS:352K # 352K, PF:348K # 348K, P:348K)
[3] 0.000230 +J(0) +M(C:0K, Fs:3, WS:12K # 12K, PF:64K # 64K, P:64K)
[4] 0.008748 -0.000176 (1) WT +J(0) +M(C:0K, Fs:134, WS:456K # 456K, PF:6032K # 6032K, P:6032K)
[5] 0.000187 +J(0) +M(C:0K, Fs:4, WS:16K # 16K, PF:12K # 12K, P:12K)
[6] 0.003129 +J(0) +M(C:0K, Fs:18, WS:68K # 68K, PF:20K # 20K, P:20K)
[7] 0.027704 -0.022211 (21) WT +J(0) +M(C:0K, Fs:2580, WS:10300K # 10300K, PF:10260K # 10260K, P:10260K)
[8] -
[9] -
[10] -
[11] -
[12] -
[13] 0.014056 -0.009202 (22) WT +J(CM:0, PgRf:0, Rd:0/0, Dy:0/0, Lg:616/1) +M(C:0K, Fs:13, WS:-10200K # 20K, PF:-10256K # 12K, P:-10256K)
[14] 0.000023 +J(0) +M(C:0K, Fs:1, WS:4K # 0K, PF:4K # 0K, P:4K)
[15] 0.000361 +J(0) +M(C:0K, Fs:412, WS:1644K # 0K, PF:68K # 0K, P:68K)
[16] 0.000380 -0.000184 (1) WT +J(0) +M(C:0K, Fs:2, WS:0K # 0K, PF:0K # 0K, P:0K).","RBSOn = 0
",,,
2026-03-27T22:11:30.780323Z,"{'#attributes': {'Qualifiers': 0}, '#text': 330}",dc.danglingtree.htb,NTDS ISAM,Directory Service,192,4,,,NTDS,"872,D,50,0",,,NTDSA: ,C:\WINDOWS\NTDS\ntds.dit,0x2580 (9600),9600 (0x2580),9620 (0x2594),,,
2026-03-27T22:11:30.780450Z,"{'#attributes': {'Qualifiers': 0}, '#text': 326}",dc.danglingtree.htb,NTDS ISAM,Directory Service,193,4,,,NTDS,"872,D,50,0",,,NTDSA: ,1,C:\WINDOWS\NTDS\ntds.dit,0,"
[1] 0.000003 +J(0) +M(C:0K, Fs:1, WS:4K # 0K, PF:0K # 0K, P:0K)
[2] 0.000510 -0.000270 (1) WT +J(0) +M(C:0K, Fs:28, WS:48K # 0K, PF:32K # 0K, P:32K)
[3] 0.004972 -0.002333 (6) WT +J(CM:0, PgRf:0, Rd:0/0, Dy:0/0, Lg:3480/2) +M(C:0K, Fs:34, WS:104K # 0K, PF:132K # 0K, P:132K)
[4] 0.000700 +J(0) +M(C:0K, Fs:1, WS:4K # 0K, PF:0K # 0K, P:0K)
[5] -
[6] 0.002652 -0.000618 (2) CM -0.000556 (2) WT +J(CM:2, PgRf:2, Rd:0/2, Dy:0/0, Lg:0/0) +M(C:-56K, Fs:65, WS:204K # 0K, PF:148K # 0K, P:148K)
[7] 0.000003 +J(0)
[8] 0.002198 -0.000374 (1) CM -0.000322 (1) WT +J(CM:1, PgRf:1, Rd:4/1, Dy:0/0, Lg:0/0) +M(C:92K, Fs:53, WS:184K # 0K, PF:288K # 0K, P:288K)
[9] -
[10] -
[11] -
[12] 0.000211 +J(CM:0, PgRf:0, Rd:0/0, Dy:0/0, Lg:54/1) +M(C:0K, Fs:3, WS:12K # 0K, PF:20K # 0K, P:20K)
[13] 0.003027 -0.001705 (6) CM -0.001460 (6) WT +J(CM:6, PgRf:23, Rd:0/6, Dy:0/0, Lg:0/0) +M(C:-24K, Fs:43, WS:52K # 0K, PF:8K # 0K, P:8K)
[14] 0.000979 -0.000757 (4) CM -0.000637 (4) WT +J(CM:4, PgRf:40, Rd:0/4, Dy:0/0, Lg:0/0) +M(C:-24K, Fs:24, WS:-8K # 0K, PF:40K # 0K, P:40K)
[15] 0.000168 -0.000136 (1) CM -0.000110 (1) WT +J(CM:1, PgRf:1, Rd:0/1, Dy:0/0, Lg:0/0) +M(C:0K, Fs:7, WS:0K # 0K, PF:0K # 0K, P:0K)
[16] 0.000012 +J(CM:0, PgRf:1, Rd:0/0, Dy:0/0, Lg:0/0) +M(C:0K, Fs:1, WS:4K # 0K, PF:0K # 0K, P:0K)
[17] 0.000037 +J(CM:0, PgRf:48, Rd:0/0, Dy:0/0, Lg:0/0) +M(C:0K, Fs:5, WS:20K # 0K, PF:0K # 0K, P:0K)
[18] 0.0 +J(0)
[19] 0.0 +J(0)
[20] 0.000021 +J(CM:0, PgRf:2, Rd:0/0, Dy:0/0, Lg:0/0) +M(C:0K, Fs:3, WS:12K # 0K, PF:4K # 0K, P:4K).",0 0,"lgposAttach = 00000003:006D:0268,
dbv = 1568.290.600 (9600)",
2026-03-27T22:11:30.780599Z,"{'#attributes': {'Qualifiers': 0}, '#text': 330}",dc.danglingtree.htb,NTDS ISAM,Directory Service,194,4,,,NTDS,"872,D,2,0",,,NTDSA: ,C:\WINDOWS\NTDS\temp.edb,0x2580 (9600),9600 (0x2580),9620 (0x2594),,,
2026-03-27T22:11:30.780742Z,"{'#attributes': {'Qualifiers': 0}, '#text': 700}",dc.danglingtree.htb,NTDS ISAM,Directory Service,195,4,,,NTDS,"872,D,0,0",,,NTDSA: ,C:\WINDOWS\NTDS\ntds.dit,,,,,,
2026-03-27T22:11:30.880226Z,"{'#attributes': {'Qualifiers': 0}, '#text': 701}",dc.danglingtree.htb,NTDS ISAM,Directory Service,196,4,,,NTDS,"872,D,0,0",,,NTDSA: ,C:\WINDOWS\NTDS\ntds.dit,2,3/27/2026,0,1,1,6
2026-03-27T22:11:30.776470Z,"{'#attributes': {'Qualifiers': 16384}, '#text': 3033}",dc.danglingtree.htb,Microsoft-Windows-ActiveDirectory_DomainService,Directory Service,197,4,,,,,,,,,,,,,,
2026-03-27T22:11:30.776470Z,"{'#attributes': {'Qualifiers': 16384}, '#text': 3027}",dc.danglingtree.htb,Microsoft-Windows-ActiveDirectory_DomainService,Directory Service,198,4,,3600,,,,,,,,,,,,
2026-03-27T22:11:30.776470Z,"{'#attributes': {'Qualifiers': 16384}, '#text': 1869}",dc.danglingtree.htb,Microsoft-Windows-ActiveDirectory_DomainService,Directory Service,199,4,,,\\dc.danglingtree.htb,Default-First-Site-Name,,,,,,,,,,
2026-03-27T22:18:21.767780Z,"{'#attributes': {'Qualifiers': 16384}, '#text': 2179}",dc.danglingtree.htb,Microsoft-Windows-ActiveDirectory_DomainService,Directory Service,200,4,,9386127171187442977,,,,,,,,,,,,
2026-03-27T22:18:22.418308Z,"{'#attributes': {'Qualifiers': 16384}, '#text': 1004}",dc.danglingtree.htb,Microsoft-Windows-ActiveDirectory_DomainService,Directory Service,201,4,,,,,,,,,,,,,,
2026-03-27T22:18:39.821717Z,"{'#attributes': {'Qualifiers': 32768}, '#text': 3051}",dc.danglingtree.htb,Microsoft-Windows-ActiveDirectory_DomainService,Directory Service,202,3,,,,,,,,,,,,,,
2026-03-27T22:18:39.821717Z,"{'#attributes': {'Qualifiers': 32768}, '#text': 3054}",dc.danglingtree.htb,Microsoft-Windows-ActiveDirectory_DomainService,Directory Service,203,3,,,,,,,,,,,,,,
2026-03-27T22:18:40.216970Z,"{'#attributes': {'Qualifiers': 16384}, '#text': 2121}",dc.danglingtree.htb,Microsoft-Windows-ActiveDirectory_DomainService,Directory Service,204,4,,,,,,,,,,,,,,
2026-03-27T22:18:40.216970Z,"{'#attributes': {'Qualifiers': 16384}, '#text': 2406}",dc.danglingtree.htb,Microsoft-Windows-ActiveDirectory_DomainService,Directory Service,205,4,,Recycle Bin Feature,,,,,,,,,,,,
2026-03-27T22:18:40.216970Z,"{'#attributes': {'Qualifiers': 16384}, '#text': 2406}",dc.danglingtree.htb,Microsoft-Windows-ActiveDirectory_DomainService,Directory Service,206,4,,Privileged Access Management Feature,,,,,,,,,,,,
2026-03-27T22:18:40.216970Z,"{'#attributes': {'Qualifiers': 16384}, '#text': 2406}",dc.danglingtree.htb,Microsoft-Windows-ActiveDirectory_DomainService,Directory Service,207,4,,Database 32k Pages Feature,,,,,,,,,,,,
2026-03-27T22:18:40.216970Z,"{'#attributes': {'Qualifiers': 16384}, '#text': 2168}",dc.danglingtree.htb,Microsoft-Windows-ActiveDirectory_DomainService,Directory Service,208,4,,9386127171187442977,,,,,,,,,,,,
2026-03-27T22:18:40.216970Z,"{'#attributes': {'Qualifiers': 16384}, '#text': 2172}",dc.danglingtree.htb,Microsoft-Windows-ActiveDirectory_DomainService,Directory Service,209,4,,9386127171187442977,,,,,,,,,,,,
2026-03-27T22:18:40.238092Z,"{'#attributes': {'Qualifiers': 16384}, '#text': 2405}",dc.danglingtree.htb,Microsoft-Windows-ActiveDirectory_DomainService,Directory Service,210,4,,Database 32k Pages Feature,,,,,,,,,,,,
2026-03-27T22:18:40.238092Z,"{'#attributes': {'Qualifiers': 16384}, '#text': 2405}",dc.danglingtree.htb,Microsoft-Windows-ActiveDirectory_DomainService,Directory Service,211,4,,Privileged Access Management Feature,,,,,,,,,,,,
2026-03-27T22:18:40.238092Z,"{'#attributes': {'Qualifiers': 16384}, '#text': 2120}",dc.danglingtree.htb,Microsoft-Windows-ActiveDirectory_DomainService,Directory Service,212,4,,,,,,,,,,,,,,
2026-03-27T22:18:40.238092Z,"{'#attributes': {'Qualifiers': 16384}, '#text': 2405}",dc.danglingtree.htb,Microsoft-Windows-ActiveDirectory_DomainService,Directory Service,213,4,,Recycle Bin Feature,,,,,,,,,,,,
2026-03-27T22:18:50.254882Z,"{'#attributes': {'Qualifiers': 16384}, '#text': 1000}",dc.danglingtree.htb,Microsoft-Windows-ActiveDirectory_DomainService,Directory Service,214,4,,,,,,,,,,,,,,
2026-03-27T22:19:20.260147Z,"{'#attributes': {'Qualifiers': 16384}, '#text': 1394}",dc.danglingtree.htb,Microsoft-Windows-ActiveDirectory_DomainService,Directory Service,215,4,,,,,,,,,,,,,,
2026-03-27T22:22:39.450680Z,"{'#attributes': {'Qualifiers': 16384}, '#text': 2179}",dc.danglingtree.htb,Microsoft-Windows-ActiveDirectory_DomainService,Directory Service,216,4,,9386127171187442977,,,,,,,,,,,,
2026-03-27T22:22:42.064456Z,"{'#attributes': {'Qualifiers': 16384}, '#text': 1004}",dc.danglingtree.htb,Microsoft-Windows-ActiveDirectory_DomainService,Directory Service,217,4,,,,,,,,,,,,,,
2026-03-27T22:22:55.532503Z,"{'#attributes': {'Qualifiers': 32768}, '#text': 3051}",dc.danglingtree.htb,Microsoft-Windows-ActiveDirectory_DomainService,Directory Service,218,3,,,,,,,,,,,,,,
2026-03-27T22:22:55.532503Z,"{'#attributes': {'Qualifiers': 32768}, '#text': 3054}",dc.danglingtree.htb,Microsoft-Windows-ActiveDirectory_DomainService,Directory Service,219,3,,,,,,,,,,,,,,
2026-03-27T22:22:55.843029Z,"{'#attributes': {'Qualifiers': 16384}, '#text': 2121}",dc.danglingtree.htb,Microsoft-Windows-ActiveDirectory_DomainService,Directory Service,220,4,,,,,,,,,,,,,,
2026-03-27T22:22:55.843029Z,"{'#attributes': {'Qualifiers': 16384}, '#text': 2406}",dc.danglingtree.htb,Microsoft-Windows-ActiveDirectory_DomainService,Directory Service,221,4,,Recycle Bin Feature,,,,,,,,,,,,
2026-03-27T22:22:55.843029Z,"{'#attributes': {'Qualifiers': 16384}, '#text': 2406}",dc.danglingtree.htb,Microsoft-Windows-ActiveDirectory_DomainService,Directory Service,222,4,,Privileged Access Management Feature,,,,,,,,,,,,
2026-03-27T22:22:55.843029Z,"{'#attributes': {'Qualifiers': 16384}, '#text': 2406}",dc.danglingtree.htb,Microsoft-Windows-ActiveDirectory_DomainService,Directory Service,223,4,,Database 32k Pages Feature,,,,,,,,,,,,
2026-03-27T22:22:55.845119Z,"{'#attributes': {'Qualifiers': 16384}, '#text': 2168}",dc.danglingtree.htb,Microsoft-Windows-ActiveDirectory_DomainService,Directory Service,224,4,,9386127171187442977,,,,,,,,,,,,
2026-03-27T22:22:55.845119Z,"{'#attributes': {'Qualifiers': 16384}, '#text': 2172}",dc.danglingtree.htb,Microsoft-Windows-ActiveDirectory_DomainService,Directory Service,225,4,,9386127171187442977,,,,,,,,,,,,
2026-03-27T22:22:55.863090Z,"{'#attributes': {'Qualifiers': 16384}, '#text': 2405}",dc.danglingtree.htb,Microsoft-Windows-ActiveDirectory_DomainService,Directory Service,226,4,,Database 32k Pages Feature,,,,,,,,,,,,
2026-03-27T22:22:55.863090Z,"{'#attributes': {'Qualifiers': 16384}, '#text': 2405}",dc.danglingtree.htb,Microsoft-Windows-ActiveDirectory_DomainService,Directory Service,227,4,,Privileged Access Management Feature,,,,,,,,,,,,
2026-03-27T22:22:55.863090Z,"{'#attributes': {'Qualifiers': 16384}, '#text': 2120}",dc.danglingtree.htb,Microsoft-Windows-ActiveDirectory_DomainService,Directory Service,228,4,,,,,,,,,,,,,,
2026-03-27T22:22:55.863090Z,"{'#attributes': {'Qualifiers': 16384}, '#text': 2405}",dc.danglingtree.htb,Microsoft-Windows-ActiveDirectory_DomainService,Directory Service,229,4,,Recycle Bin Feature,,,,,,,,,,,,
2026-03-27T22:23:05.875874Z,"{'#attributes': {'Qualifiers': 16384}, '#text': 1000}",dc.danglingtree.htb,Microsoft-Windows-ActiveDirectory_DomainService,Directory Service,230,4,,,,,,,,,,,,,,
2026-03-27T22:23:35.891292Z,"{'#attributes': {'Qualifiers': 16384}, '#text': 1394}",dc.danglingtree.htb,Microsoft-Windows-ActiveDirectory_DomainService,Directory Service,231,4,,,,,,,,,,,,,,
2026-03-27T22:38:06.039370Z,"{'#attributes': {'Qualifiers': 0}, '#text': 102}",dc.danglingtree.htb,NTDS ISAM,Directory Service,232,4,,,NTDS,"836,P,98,0",,,NTDSA: ,0,10,00,26100,0000,,
2026-03-27T22:38:06.039822Z,"{'#attributes': {'Qualifiers': 0}, '#text': 105}",dc.danglingtree.htb,NTDS ISAM,Directory Service,233,4,,,NTDS,"836,D,0,0",,,NTDSA: ,0,0.036,"
[1] 0.001776 +J(0) +M(C:0K, Fs:185, WS:716K # 100K, PF:5456K # 2416K, P:5456K)
[2] 0.001330 +J(0) +M(C:64K, Fs:96, WS:376K # 376K, PF:372K # 372K, P:372K)
[3] 0.000163 +J(0) +M(C:0K, Fs:3, WS:12K # 12K, PF:64K # 64K, P:64K)
[4] 0.006874 -0.000171 (1) WT +J(0) +M(C:0K, Fs:135, WS:460K # 460K, PF:6036K # 6036K, P:6036K)
[5] 0.000193 +J(0) +M(C:0K, Fs:1, WS:4K # 4K, PF:4K # 4K, P:4K)
[6] 0.001575 +J(0) +M(C:0K, Fs:17, WS:68K # 68K, PF:16K # 16K, P:16K)
[7] 0.012907 -0.007600 (21) WT +J(0) +M(C:0K, Fs:2581, WS:10300K # 10300K, PF:10260K # 10260K, P:10260K)
[8] -
[9] -
[10] -
[11] -
[12] -
[13] 0.010509 -0.006540 (22) WT +J(CM:0, PgRf:0, Rd:0/0, Dy:0/0, Lg:616/1) +M(C:0K, Fs:14, WS:-10200K # 20K, PF:-10256K # 12K, P:-10256K)
[14] 0.000031 +J(0) +M(C:0K, Fs:2, WS:8K # 0K, PF:8K # 0K, P:8K)
[15] 0.000346 +J(0) +M(C:0K, Fs:411, WS:1644K # 0K, PF:64K # 0K, P:64K)
[16] 0.000365 -0.000152 (1) WT +J(0) +M(C:0K, Fs:2, WS:0K # 0K, PF:0K # 0K, P:0K).","RBSOn = 0
",,,
2026-03-27T22:38:06.040111Z,"{'#attributes': {'Qualifiers': 0}, '#text': 330}",dc.danglingtree.htb,NTDS ISAM,Directory Service,234,4,,,NTDS,"836,D,50,0",,,NTDSA: ,C:\WINDOWS\NTDS\ntds.dit,0x2580 (9600),9600 (0x2580),9620 (0x2594),,,
2026-03-27T22:38:06.040357Z,"{'#attributes': {'Qualifiers': 0}, '#text': 326}",dc.danglingtree.htb,NTDS ISAM,Directory Service,235,4,,,NTDS,"836,D,50,0",,,NTDSA: ,1,C:\WINDOWS\NTDS\ntds.dit,0,"
[1] 0.000004 +J(0) +M(C:0K, Fs:1, WS:4K # 0K, PF:0K # 0K, P:0K)
[2] 0.000309 -0.000105 (1) WT +J(0) +M(C:0K, Fs:28, WS:48K # 0K, PF:32K # 0K, P:32K)
[3] 0.002453 -0.000780 (6) WT +J(CM:0, PgRf:0, Rd:0/0, Dy:0/0, Lg:3480/2) +M(C:0K, Fs:37, WS:112K # 0K, PF:140K # 0K, P:140K)
[4] 0.000693 +J(0) +M(C:0K, Fs:1, WS:4K # 0K, PF:0K # 0K, P:0K)
[5] -
[6] 0.001787 -0.000255 (2) CM -0.000183 (2) WT +J(CM:2, PgRf:2, Rd:0/2, Dy:0/0, Lg:0/0) +M(C:-56K, Fs:66, WS:204K # 0K, PF:152K # 0K, P:152K)
[7] 0.000003 +J(0)
[8] 0.001255 -0.000100 (1) CM -0.000071 (1) WT +J(CM:1, PgRf:1, Rd:4/1, Dy:0/0, Lg:0/0) +M(C:92K, Fs:53, WS:184K # 0K, PF:288K # 0K, P:288K)
[9] -
[10] -
[11] -
[12] 0.000218 +J(CM:0, PgRf:0, Rd:0/0, Dy:0/0, Lg:54/1) +M(C:0K, Fs:3, WS:12K # 0K, PF:20K # 0K, P:20K)
[13] 0.001548 -0.000795 (6) CM -0.000622 (6) WT +J(CM:6, PgRf:23, Rd:0/6, Dy:0/0, Lg:0/0) +M(C:-24K, Fs:43, WS:52K # 0K, PF:8K # 0K, P:8K)
[14] 0.000776 -0.000552 (4) CM -0.000414 (4) WT +J(CM:4, PgRf:40, Rd:0/4, Dy:0/0, Lg:0/0) +M(C:-24K, Fs:24, WS:-8K # 0K, PF:40K # 0K, P:40K)
[15] 0.000141 -0.000100 (1) CM -0.000073 (1) WT +J(CM:1, PgRf:1, Rd:0/1, Dy:0/0, Lg:0/0) +M(C:0K, Fs:7, WS:0K # 0K, PF:0K # 0K, P:0K)
[16] 0.000017 +J(CM:0, PgRf:1, Rd:0/0, Dy:0/0, Lg:0/0) +M(C:0K, Fs:1, WS:4K # 0K, PF:0K # 0K, P:0K)
[17] 0.000047 +J(CM:0, PgRf:48, Rd:0/0, Dy:0/0, Lg:0/0) +M(C:0K, Fs:5, WS:20K # 0K, PF:0K # 0K, P:0K)
[18] 0.0 +J(0)
[19] 0.0 +J(0)
[20] 0.000024 +J(CM:0, PgRf:2, Rd:0/0, Dy:0/0, Lg:0/0) +M(C:0K, Fs:3, WS:12K # 0K, PF:4K # 0K, P:4K).",0 0,"lgposAttach = 00000003:00DD:0268,
dbv = 1568.290.600 (9600)",
2026-03-27T22:38:06.040623Z,"{'#attributes': {'Qualifiers': 0}, '#text': 330}",dc.danglingtree.htb,NTDS ISAM,Directory Service,236,4,,,NTDS,"836,D,2,0",,,NTDSA: ,C:\WINDOWS\NTDS\temp.edb,0x2580 (9600),9600 (0x2580),9620 (0x2594),,,
2026-03-27T22:38:06.040746Z,"{'#attributes': {'Qualifiers': 0}, '#text': 700}",dc.danglingtree.htb,NTDS ISAM,Directory Service,237,4,,,NTDS,"836,D,0,0",,,NTDSA: ,C:\WINDOWS\NTDS\ntds.dit,,,,,,
2026-03-27T22:38:06.107886Z,"{'#attributes': {'Qualifiers': 0}, '#text': 701}",dc.danglingtree.htb,NTDS ISAM,Directory Service,238,4,,,NTDS,"836,D,0,0",,,NTDSA: ,C:\WINDOWS\NTDS\ntds.dit,2,3/27/2026,0,1,1,7
2026-03-27T22:38:06.026952Z,"{'#attributes': {'Qualifiers': 16384}, '#text': 3033}",dc.danglingtree.htb,Microsoft-Windows-ActiveDirectory_DomainService,Directory Service,239,4,,,,,,,,,,,,,,
2026-03-27T22:38:06.026952Z,"{'#attributes': {'Qualifiers': 16384}, '#text': 3027}",dc.danglingtree.htb,Microsoft-Windows-ActiveDirectory_DomainService,Directory Service,240,4,,3600,,,,,,,,,,,,
2026-03-27T22:38:06.042308Z,"{'#attributes': {'Qualifiers': 16384}, '#text': 1869}",dc.danglingtree.htb,Microsoft-Windows-ActiveDirectory_DomainService,Directory Service,241,4,,,\\dc.danglingtree.htb,Default-First-Site-Name,,,,,,,,,,
2026-03-27T22:39:33.676155Z,"{'#attributes': {'Qualifiers': 16384}, '#text': 2179}",dc.danglingtree.htb,Microsoft-Windows-ActiveDirectory_DomainService,Directory Service,242,4,,9386127171187442977,,,,,,,,,,,,
2026-03-27T22:39:34.631357Z,"{'#attributes': {'Qualifiers': 16384}, '#text': 1004}",dc.danglingtree.htb,Microsoft-Windows-ActiveDirectory_DomainService,Directory Service,243,4,,,,,,,,,,,,,,
2026-03-27T22:39:50.034567Z,"{'#attributes': {'Qualifiers': 32768}, '#text': 3051}",dc.danglingtree.htb,Microsoft-Windows-ActiveDirectory_DomainService,Directory Service,244,3,,,,,,,,,,,,,,
2026-03-27T22:39:50.034567Z,"{'#attributes': {'Qualifiers': 32768}, '#text': 3054}",dc.danglingtree.htb,Microsoft-Windows-ActiveDirectory_DomainService,Directory Service,245,3,,,,,,,,,,,,,,
2026-03-27T22:39:50.778462Z,"{'#attributes': {'Qualifiers': 16384}, '#text': 2121}",dc.danglingtree.htb,Microsoft-Windows-ActiveDirectory_DomainService,Directory Service,246,4,,,,,,,,,,,,,,
2026-03-27T22:39:50.778462Z,"{'#attributes': {'Qualifiers': 16384}, '#text': 2406}",dc.danglingtree.htb,Microsoft-Windows-ActiveDirectory_DomainService,Directory Service,247,4,,Recycle Bin Feature,,,,,,,,,,,,
2026-03-27T22:39:50.778462Z,"{'#attributes': {'Qualifiers': 16384}, '#text': 2406}",dc.danglingtree.htb,Microsoft-Windows-ActiveDirectory_DomainService,Directory Service,248,4,,Privileged Access Management Feature,,,,,,,,,,,,
2026-03-27T22:39:50.778462Z,"{'#attributes': {'Qualifiers': 16384}, '#text': 2406}",dc.danglingtree.htb,Microsoft-Windows-ActiveDirectory_DomainService,Directory Service,249,4,,Database 32k Pages Feature,,,,,,,,,,,,
2026-03-27T22:39:50.778462Z,"{'#attributes': {'Qualifiers': 16384}, '#text': 2168}",dc.danglingtree.htb,Microsoft-Windows-ActiveDirectory_DomainService,Directory Service,250,4,,9386127171187442977,,,,,,,,,,,,
2026-03-27T22:39:50.778462Z,"{'#attributes': {'Qualifiers': 16384}, '#text': 2172}",dc.danglingtree.htb,Microsoft-Windows-ActiveDirectory_DomainService,Directory Service,251,4,,9386127171187442977,,,,,,,,,,,,
2026-03-27T22:39:50.778462Z,"{'#attributes': {'Qualifiers': 16384}, '#text': 2405}",dc.danglingtree.htb,Microsoft-Windows-ActiveDirectory_DomainService,Directory Service,252,4,,Database 32k Pages Feature,,,,,,,,,,,,
2026-03-27T22:39:50.793736Z,"{'#attributes': {'Qualifiers': 16384}, '#text': 2405}",dc.danglingtree.htb,Microsoft-Windows-ActiveDirectory_DomainService,Directory Service,253,4,,Privileged Access Management Feature,,,,,,,,,,,,
2026-03-27T22:39:50.793736Z,"{'#attributes': {'Qualifiers': 16384}, '#text': 2120}",dc.danglingtree.htb,Microsoft-Windows-ActiveDirectory_DomainService,Directory Service,254,4,,,,,,,,,,,,,,
2026-03-27T22:39:50.793736Z,"{'#attributes': {'Qualifiers': 16384}, '#text': 2405}",dc.danglingtree.htb,Microsoft-Windows-ActiveDirectory_DomainService,Directory Service,255,4,,Recycle Bin Feature,,,,,,,,,,,,
2026-03-27T22:40:00.824547Z,"{'#attributes': {'Qualifiers': 16384}, '#text': 1000}",dc.danglingtree.htb,Microsoft-Windows-ActiveDirectory_DomainService,Directory Service,256,4,,,,,,,,,,,,,,
2026-03-27T22:40:30.855869Z,"{'#attributes': {'Qualifiers': 16384}, '#text': 1394}",dc.danglingtree.htb,Microsoft-Windows-ActiveDirectory_DomainService,Directory Service,257,4,,,,,,,,,,,,,,
2026-03-27T22:55:00.919549Z,"{'#attributes': {'Qualifiers': 0}, '#text': 102}",dc.danglingtree.htb,NTDS ISAM,Directory Service,258,4,,,NTDS,"844,P,98,0",,,NTDSA: ,0,10,00,26100,0000,,
2026-03-27T22:55:00.919940Z,"{'#attributes': {'Qualifiers': 0}, '#text': 105}",dc.danglingtree.htb,NTDS ISAM,Directory Service,259,4,,,NTDS,"844,D,0,0",,,NTDSA: ,0,0.033,"
[1] 0.000954 +J(0) +M(C:0K, Fs:185, WS:716K # 100K, PF:5452K # 2412K, P:5452K)
[2] 0.001282 +J(0) +M(C:64K, Fs:95, WS:368K # 368K, PF:368K # 368K, P:368K)
[3] 0.000171 +J(0) +M(C:0K, Fs:3, WS:12K # 12K, PF:64K # 64K, P:64K)
[4] 0.005504 -0.000107 (1) WT +J(0) +M(C:0K, Fs:135, WS:460K # 460K, PF:6032K # 6032K, P:6032K)
[5] 0.000202 +J(0) +M(C:0K, Fs:2, WS:8K # 8K, PF:8K # 8K, P:8K)
[6] 0.001391 +J(0) +M(C:0K, Fs:17, WS:68K # 68K, PF:16K # 16K, P:16K)
[7] 0.012509 -0.008046 (21) WT +J(0) +M(C:0K, Fs:2580, WS:10300K # 10300K, PF:10260K # 10260K, P:10260K)
[8] -
[9] -
[10] -
[11] -
[12] -
[13] 0.010345 -0.006624 (22) WT +J(CM:0, PgRf:0, Rd:0/0, Dy:0/0, Lg:616/1) +M(C:0K, Fs:15, WS:-10200K # 20K, PF:-10252K # 16K, P:-10252K)
[14] 0.000028 +J(0) +M(C:0K, Fs:1, WS:4K # 0K, PF:4K # 0K, P:4K)
[15] 0.000327 +J(0) +M(C:0K, Fs:411, WS:1644K # 0K, PF:64K # 0K, P:64K)
[16] 0.000323 -0.000123 (1) WT +J(0) +M(C:0K, Fs:3, WS:0K # 0K, PF:0K # 0K, P:0K).","RBSOn = 0
",,,
2026-03-27T22:55:00.920079Z,"{'#attributes': {'Qualifiers': 0}, '#text': 330}",dc.danglingtree.htb,NTDS ISAM,Directory Service,260,4,,,NTDS,"844,D,50,0",,,NTDSA: ,C:\WINDOWS\NTDS\ntds.dit,0x2580 (9600),9600 (0x2580),9620 (0x2594),,,
2026-03-27T22:55:00.920167Z,"{'#attributes': {'Qualifiers': 0}, '#text': 326}",dc.danglingtree.htb,NTDS ISAM,Directory Service,261,4,,,NTDS,"844,D,50,0",,,NTDSA: ,1,C:\WINDOWS\NTDS\ntds.dit,0,"
[1] 0.000003 +J(0) +M(C:0K, Fs:1, WS:4K # 0K, PF:0K # 0K, P:0K)
[2] 0.000325 -0.000136 (1) WT +J(0) +M(C:0K, Fs:29, WS:48K # 0K, PF:36K # 0K, P:36K)
[3] 0.002378 -0.000763 (6) WT +J(CM:0, PgRf:0, Rd:0/0, Dy:0/0, Lg:3480/2) +M(C:0K, Fs:35, WS:108K # 0K, PF:136K # 0K, P:136K)
[4] 0.000384 +J(0) +M(C:0K, Fs:1, WS:4K # 0K, PF:0K # 0K, P:0K)
[5] -
[6] 0.001568 -0.000217 (2) CM -0.000160 (2) WT +J(CM:2, PgRf:2, Rd:0/2, Dy:0/0, Lg:0/0) +M(C:-56K, Fs:64, WS:200K # 0K, PF:144K # 0K, P:144K)
[7] 0.000003 +J(0)
[8] 0.001141 -0.000099 (1) CM -0.000071 (1) WT +J(CM:1, PgRf:1, Rd:4/1, Dy:0/0, Lg:0/0) +M(C:92K, Fs:53, WS:184K # 0K, PF:288K # 0K, P:288K)
[9] -
[10] -
[11] -
[12] 0.000228 +J(CM:0, PgRf:0, Rd:0/0, Dy:0/0, Lg:54/1) +M(C:0K, Fs:5, WS:20K # 0K, PF:28K # 0K, P:28K)
[13] 0.001551 -0.000696 (6) CM -0.000521 (6) WT +J(CM:6, PgRf:23, Rd:0/6, Dy:0/0, Lg:0/0) +M(C:-24K, Fs:43, WS:52K # 0K, PF:8K # 0K, P:8K)
[14] 0.000604 -0.000415 (4) CM -0.000315 (4) WT +J(CM:4, PgRf:40, Rd:0/4, Dy:0/0, Lg:0/0) +M(C:-24K, Fs:24, WS:-8K # 0K, PF:40K # 0K, P:40K)
[15] 0.000136 -0.000106 (1) CM -0.000083 (1) WT +J(CM:1, PgRf:1, Rd:0/1, Dy:0/0, Lg:0/0) +M(C:0K, Fs:7, WS:0K # 0K, PF:0K # 0K, P:0K)
[16] 0.000016 +J(CM:0, PgRf:1, Rd:0/0, Dy:0/0, Lg:0/0) +M(C:0K, Fs:1, WS:4K # 0K, PF:0K # 0K, P:0K)
[17] 0.000060 +J(CM:0, PgRf:48, Rd:0/0, Dy:0/0, Lg:0/0) +M(C:0K, Fs:5, WS:20K # 0K, PF:0K # 0K, P:0K)
[18] 0.0 +J(0)
[19] 0.0 +J(0)
[20] 0.000018 +J(CM:0, PgRf:2, Rd:0/0, Dy:0/0, Lg:0/0) +M(C:0K, Fs:3, WS:12K # 0K, PF:4K # 0K, P:4K).",0 0,"lgposAttach = 00000003:012F:0268,
dbv = 1568.290.600 (9600)",
2026-03-27T22:55:00.921204Z,"{'#attributes': {'Qualifiers': 0}, '#text': 330}",dc.danglingtree.htb,NTDS ISAM,Directory Service,262,4,,,NTDS,"844,D,2,0",,,NTDSA: ,C:\WINDOWS\NTDS\temp.edb,0x2580 (9600),9600 (0x2580),9620 (0x2594),,,
2026-03-27T22:55:00.921345Z,"{'#attributes': {'Qualifiers': 0}, '#text': 700}",dc.danglingtree.htb,NTDS ISAM,Directory Service,263,4,,,NTDS,"844,D,0,0",,,NTDSA: ,C:\WINDOWS\NTDS\ntds.dit,,,,,,
2026-03-27T22:55:00.942894Z,"{'#attributes': {'Qualifiers': 0}, '#text': 701}",dc.danglingtree.htb,NTDS ISAM,Directory Service,264,4,,,NTDS,"844,D,0,0",,,NTDSA: ,C:\WINDOWS\NTDS\ntds.dit,0,3/27/2026,0,1,1,8
2026-03-27T22:55:00.917227Z,"{'#attributes': {'Qualifiers': 16384}, '#text': 3033}",dc.danglingtree.htb,Microsoft-Windows-ActiveDirectory_DomainService,Directory Service,265,4,,,,,,,,,,,,,,
2026-03-27T22:55:00.917227Z,"{'#attributes': {'Qualifiers': 16384}, '#text': 3027}",dc.danglingtree.htb,Microsoft-Windows-ActiveDirectory_DomainService,Directory Service,266,4,,3600,,,,,,,,,,,,
2026-03-27T22:55:00.917227Z,"{'#attributes': {'Qualifiers': 16384}, '#text': 1869}",dc.danglingtree.htb,Microsoft-Windows-ActiveDirectory_DomainService,Directory Service,267,4,,,\\dc.danglingtree.htb,Default-First-Site-Name,,,,,,,,,,
2026-03-27T23:40:01.704058Z,"{'#attributes': {'Qualifiers': 16384}, '#text': 2179}",dc.danglingtree.htb,Microsoft-Windows-ActiveDirectory_DomainService,Directory Service,268,4,,9386127171187442977,,,,,,,,,,,,
2026-03-27T23:40:02.661426Z,"{'#attributes': {'Qualifiers': 16384}, '#text': 1004}",dc.danglingtree.htb,Microsoft-Windows-ActiveDirectory_DomainService,Directory Service,269,4,,,,,,,,,,,,,,
2026-03-27T23:40:17.088333Z,"{'#attributes': {'Qualifiers': 32768}, '#text': 3051}",dc.danglingtree.htb,Microsoft-Windows-ActiveDirectory_DomainService,Directory Service,270,3,,,,,,,,,,,,,,
2026-03-27T23:40:17.088333Z,"{'#attributes': {'Qualifiers': 32768}, '#text': 3054}",dc.danglingtree.htb,Microsoft-Windows-ActiveDirectory_DomainService,Directory Service,271,3,,,,,,,,,,,,,,
2026-03-27T23:40:17.577366Z,"{'#attributes': {'Qualifiers': 16384}, '#text': 2121}",dc.danglingtree.htb,Microsoft-Windows-ActiveDirectory_DomainService,Directory Service,272,4,,,,,,,,,,,,,,
2026-03-27T23:40:17.577366Z,"{'#attributes': {'Qualifiers': 16384}, '#text': 2406}",dc.danglingtree.htb,Microsoft-Windows-ActiveDirectory_DomainService,Directory Service,273,4,,Recycle Bin Feature,,,,,,,,,,,,
2026-03-27T23:40:17.577366Z,"{'#attributes': {'Qualifiers': 16384}, '#text': 2406}",dc.danglingtree.htb,Microsoft-Windows-ActiveDirectory_DomainService,Directory Service,274,4,,Privileged Access Management Feature,,,,,,,,,,,,
2026-03-27T23:40:17.577366Z,"{'#attributes': {'Qualifiers': 16384}, '#text': 2406}",dc.danglingtree.htb,Microsoft-Windows-ActiveDirectory_DomainService,Directory Service,275,4,,Database 32k Pages Feature,,,,,,,,,,,,
2026-03-27T23:40:17.577366Z,"{'#attributes': {'Qualifiers': 16384}, '#text': 2168}",dc.danglingtree.htb,Microsoft-Windows-ActiveDirectory_DomainService,Directory Service,276,4,,9386127171187442977,,,,,,,,,,,,
2026-03-27T23:40:17.577366Z,"{'#attributes': {'Qualifiers': 16384}, '#text': 2172}",dc.danglingtree.htb,Microsoft-Windows-ActiveDirectory_DomainService,Directory Service,277,4,,9386127171187442977,,,,,,,,,,,,
2026-03-27T23:40:17.577366Z,"{'#attributes': {'Qualifiers': 16384}, '#text': 2405}",dc.danglingtree.htb,Microsoft-Windows-ActiveDirectory_DomainService,Directory Service,278,4,,Database 32k Pages Feature,,,,,,,,,,,,
2026-03-27T23:40:17.577366Z,"{'#attributes': {'Qualifiers': 16384}, '#text': 2405}",dc.danglingtree.htb,Microsoft-Windows-ActiveDirectory_DomainService,Directory Service,279,4,,Privileged Access Management Feature,,,,,,,,,,,,
2026-03-27T23:40:17.577366Z,"{'#attributes': {'Qualifiers': 16384}, '#text': 2120}",dc.danglingtree.htb,Microsoft-Windows-ActiveDirectory_DomainService,Directory Service,280,4,,,,,,,,,,,,,,
2026-03-27T23:40:17.577366Z,"{'#attributes': {'Qualifiers': 16384}, '#text': 2405}",dc.danglingtree.htb,Microsoft-Windows-ActiveDirectory_DomainService,Directory Service,281,4,,Recycle Bin Feature,,,,,,,,,,,,
2026-03-27T23:40:27.621668Z,"{'#attributes': {'Qualifiers': 16384}, '#text': 1000}",dc.danglingtree.htb,Microsoft-Windows-ActiveDirectory_DomainService,Directory Service,282,4,,,,,,,,,,,,,,
2026-03-27T23:40:57.647711Z,"{'#attributes': {'Qualifiers': 16384}, '#text': 1394}",dc.danglingtree.htb,Microsoft-Windows-ActiveDirectory_DomainService,Directory Service,283,4,,,,,,,,,,,,,,
2026-03-27T23:43:34.208145Z,"{'#attributes': {'Qualifiers': 16384}, '#text': 2179}",dc.danglingtree.htb,Microsoft-Windows-ActiveDirectory_DomainService,Directory Service,284,4,,9386127171187442977,,,,,,,,,,,,
2026-03-27T23:43:34.832957Z,"{'#attributes': {'Qualifiers': 16384}, '#text': 1004}",dc.danglingtree.htb,Microsoft-Windows-ActiveDirectory_DomainService,Directory Service,285,4,,,,,,,,,,,,,,
2026-03-27T23:43:48.398423Z,"{'#attributes': {'Qualifiers': 32768}, '#text': 3051}",dc.danglingtree.htb,Microsoft-Windows-ActiveDirectory_DomainService,Directory Service,286,3,,,,,,,,,,,,,,
2026-03-27T23:43:48.398423Z,"{'#attributes': {'Qualifiers': 32768}, '#text': 3054}",dc.danglingtree.htb,Microsoft-Windows-ActiveDirectory_DomainService,Directory Service,287,3,,,,,,,,,,,,,,
2026-03-27T23:43:48.768150Z,"{'#attributes': {'Qualifiers': 16384}, '#text': 2121}",dc.danglingtree.htb,Microsoft-Windows-ActiveDirectory_DomainService,Directory Service,288,4,,,,,,,,,,,,,,
2026-03-27T23:43:48.768150Z,"{'#attributes': {'Qualifiers': 16384}, '#text': 2406}",dc.danglingtree.htb,Microsoft-Windows-ActiveDirectory_DomainService,Directory Service,289,4,,Recycle Bin Feature,,,,,,,,,,,,
2026-03-27T23:43:48.768150Z,"{'#attributes': {'Qualifiers': 16384}, '#text': 2406}",dc.danglingtree.htb,Microsoft-Windows-ActiveDirectory_DomainService,Directory Service,290,4,,Privileged Access Management Feature,,,,,,,,,,,,
2026-03-27T23:43:48.768150Z,"{'#attributes': {'Qualifiers': 16384}, '#text': 2406}",dc.danglingtree.htb,Microsoft-Windows-ActiveDirectory_DomainService,Directory Service,291,4,,Database 32k Pages Feature,,,,,,,,,,,,
2026-03-27T23:43:48.768150Z,"{'#attributes': {'Qualifiers': 16384}, '#text': 2168}",dc.danglingtree.htb,Microsoft-Windows-ActiveDirectory_DomainService,Directory Service,292,4,,9386127171187442977,,,,,,,,,,,,
2026-03-27T23:43:48.768150Z,"{'#attributes': {'Qualifiers': 16384}, '#text': 2172}",dc.danglingtree.htb,Microsoft-Windows-ActiveDirectory_DomainService,Directory Service,293,4,,9386127171187442977,,,,,,,,,,,,
2026-03-27T23:43:48.776947Z,"{'#attributes': {'Qualifiers': 16384}, '#text': 2405}",dc.danglingtree.htb,Microsoft-Windows-ActiveDirectory_DomainService,Directory Service,294,4,,Database 32k Pages Feature,,,,,,,,,,,,
2026-03-27T23:43:48.776947Z,"{'#attributes': {'Qualifiers': 16384}, '#text': 2405}",dc.danglingtree.htb,Microsoft-Windows-ActiveDirectory_DomainService,Directory Service,295,4,,Privileged Access Management Feature,,,,,,,,,,,,
2026-03-27T23:43:48.779098Z,"{'#attributes': {'Qualifiers': 16384}, '#text': 2120}",dc.danglingtree.htb,Microsoft-Windows-ActiveDirectory_DomainService,Directory Service,296,4,,,,,,,,,,,,,,
2026-03-27T23:43:48.779098Z,"{'#attributes': {'Qualifiers': 16384}, '#text': 2405}",dc.danglingtree.htb,Microsoft-Windows-ActiveDirectory_DomainService,Directory Service,297,4,,Recycle Bin Feature,,,,,,,,,,,,
2026-03-27T23:43:58.792488Z,"{'#attributes': {'Qualifiers': 16384}, '#text': 1000}",dc.danglingtree.htb,Microsoft-Windows-ActiveDirectory_DomainService,Directory Service,298,4,,,,,,,,,,,,,,
2026-03-27T23:44:28.816246Z,"{'#attributes': {'Qualifiers': 16384}, '#text': 1394}",dc.danglingtree.htb,Microsoft-Windows-ActiveDirectory_DomainService,Directory Service,299,4,,,,,,,,,,,,,,
2026-03-27T23:58:58.857392Z,"{'#attributes': {'Qualifiers': 0}, '#text': 102}",dc.danglingtree.htb,NTDS ISAM,Directory Service,300,4,,,NTDS,"836,P,98,0",,,NTDSA: ,0,10,00,26100,0000,,
2026-03-27T23:58:58.857655Z,"{'#attributes': {'Qualifiers': 0}, '#text': 105}",dc.danglingtree.htb,NTDS ISAM,Directory Service,301,4,,,NTDS,"836,D,0,0",,,NTDSA: ,0,0.028,"
[1] 0.000691 +J(0) +M(C:0K, Fs:185, WS:716K # 100K, PF:5456K # 2416K, P:5456K)
[2] 0.001125 +J(0) +M(C:64K, Fs:96, WS:372K # 372K, PF:368K # 368K, P:368K)
[3] 0.000125 +J(0) +M(C:0K, Fs:4, WS:12K # 12K, PF:68K # 68K, P:68K)
[4] 0.004504 -0.000097 (1) WT +J(0) +M(C:0K, Fs:136, WS:468K # 468K, PF:6040K # 6040K, P:6040K)
[5] 0.000126 +J(0) +M(C:0K, Fs:1, WS:4K # 4K, PF:0K # 0K, P:0K)
[6] 0.002950 +J(0) +M(C:0K, Fs:18, WS:68K # 68K, PF:16K # 16K, P:16K)
[7] 0.008412 -0.004836 (21) WT +J(0) +M(C:0K, Fs:2580, WS:10300K # 10300K, PF:10260K # 10260K, P:10260K)
[8] -
[9] -
[10] -
[11] -
[12] -
[13] 0.009512 -0.005597 (22) WT +J(CM:0, PgRf:0, Rd:0/0, Dy:0/0, Lg:616/1) +M(C:0K, Fs:13, WS:-10200K # 20K, PF:-10256K # 12K, P:-10256K)
[14] 0.000023 +J(0) +M(C:0K, Fs:2, WS:8K # 0K, PF:8K # 0K, P:8K)
[15] 0.000259 +J(0) +M(C:0K, Fs:412, WS:1644K # 0K, PF:68K # 0K, P:68K)
[16] 0.000360 -0.000179 (1) WT +J(0) +M(C:0K, Fs:2, WS:0K # 0K, PF:0K # 0K, P:0K).","RBSOn = 0
",,,
2026-03-27T23:58:58.857781Z,"{'#attributes': {'Qualifiers': 0}, '#text': 330}",dc.danglingtree.htb,NTDS ISAM,Directory Service,302,4,,,NTDS,"836,D,50,0",,,NTDSA: ,C:\WINDOWS\NTDS\ntds.dit,0x2580 (9600),9600 (0x2580),9620 (0x2594),,,
2026-03-27T23:58:58.857864Z,"{'#attributes': {'Qualifiers': 0}, '#text': 326}",dc.danglingtree.htb,NTDS ISAM,Directory Service,303,4,,,NTDS,"836,D,50,0",,,NTDSA: ,1,C:\WINDOWS\NTDS\ntds.dit,0,"
[1] 0.000002 +J(0) +M(C:0K, Fs:1, WS:4K # 0K, PF:0K # 0K, P:0K)
[2] 0.000330 -0.000173 (1) WT +J(0) +M(C:0K, Fs:28, WS:48K # 0K, PF:32K # 0K, P:32K)
[3] 0.002580 -0.001004 (6) WT +J(CM:0, PgRf:0, Rd:0/0, Dy:0/0, Lg:3480/2) +M(C:0K, Fs:34, WS:104K # 0K, PF:132K # 0K, P:132K)
[4] 0.000336 +J(0) +M(C:0K, Fs:1, WS:4K # 0K, PF:0K # 0K, P:0K)
[5] -
[6] 0.001605 -0.000281 (2) CM -0.000219 (2) WT +J(CM:2, PgRf:2, Rd:0/2, Dy:0/0, Lg:0/0) +M(C:-56K, Fs:65, WS:204K # 0K, PF:148K # 0K, P:148K)
[7] 0.000003 +J(0)
[8] 0.001267 -0.000123 (1) CM -0.000100 (1) WT +J(CM:1, PgRf:1, Rd:4/1, Dy:0/0, Lg:0/0) +M(C:92K, Fs:53, WS:184K # 0K, PF:288K # 0K, P:288K)
[9] -
[10] -
[11] -
[12] 0.000317 -0.000001 (1) WT +J(CM:0, PgRf:0, Rd:0/0, Dy:0/0, Lg:54/1) +M(C:0K, Fs:3, WS:12K # 0K, PF:20K # 0K, P:20K)
[13] 0.001602 -0.000865 (6) CM -0.000715 (6) WT +J(CM:6, PgRf:23, Rd:0/6, Dy:0/0, Lg:0/0) +M(C:-24K, Fs:43, WS:52K # 0K, PF:8K # 0K, P:8K)
[14] 0.000611 -0.000440 (4) CM -0.000334 (4) WT +J(CM:4, PgRf:40, Rd:0/4, Dy:0/0, Lg:0/0) +M(C:-24K, Fs:24, WS:-8K # 0K, PF:40K # 0K, P:40K)
[15] 0.000214 -0.000172 (1) CM -0.000152 (1) WT +J(CM:1, PgRf:1, Rd:0/1, Dy:0/0, Lg:0/0) +M(C:0K, Fs:7, WS:0K # 0K, PF:0K # 0K, P:0K)
[16] 0.000021 +J(CM:0, PgRf:1, Rd:0/0, Dy:0/0, Lg:0/0) +M(C:0K, Fs:1, WS:4K # 0K, PF:0K # 0K, P:0K)
[17] 0.000067 +J(CM:0, PgRf:48, Rd:0/0, Dy:0/0, Lg:0/0) +M(C:0K, Fs:5, WS:20K # 0K, PF:0K # 0K, P:0K)
[18] 0.000001 +J(0)
[19] 0.0 +J(0)
[20] 0.000038 +J(CM:0, PgRf:2, Rd:0/0, Dy:0/0, Lg:0/0) +M(C:0K, Fs:3, WS:12K # 0K, PF:4K # 0K, P:4K).",0 0,"lgposAttach = 00000003:0145:0268,
dbv = 1568.290.600 (9600)",
2026-03-27T23:58:58.858045Z,"{'#attributes': {'Qualifiers': 0}, '#text': 330}",dc.danglingtree.htb,NTDS ISAM,Directory Service,304,4,,,NTDS,"836,D,2,0",,,NTDSA: ,C:\WINDOWS\NTDS\temp.edb,0x2580 (9600),9600 (0x2580),9620 (0x2594),,,
2026-03-27T23:58:58.858132Z,"{'#attributes': {'Qualifiers': 0}, '#text': 700}",dc.danglingtree.htb,NTDS ISAM,Directory Service,305,4,,,NTDS,"836,D,0,0",,,NTDSA: ,C:\WINDOWS\NTDS\ntds.dit,,,,,,
2026-03-27T23:58:58.881547Z,"{'#attributes': {'Qualifiers': 0}, '#text': 701}",dc.danglingtree.htb,NTDS ISAM,Directory Service,306,4,,,NTDS,"836,D,0,0",,,NTDSA: ,C:\WINDOWS\NTDS\ntds.dit,0,3/27/2026,0,1,1,9
2026-03-27T23:58:58.854508Z,"{'#attributes': {'Qualifiers': 16384}, '#text': 3033}",dc.danglingtree.htb,Microsoft-Windows-ActiveDirectory_DomainService,Directory Service,307,4,,,,,,,,,,,,,,
2026-03-27T23:58:58.854508Z,"{'#attributes': {'Qualifiers': 16384}, '#text': 3027}",dc.danglingtree.htb,Microsoft-Windows-ActiveDirectory_DomainService,Directory Service,308,4,,3600,,,,,,,,,,,,
2026-03-27T23:58:58.857590Z,"{'#attributes': {'Qualifiers': 16384}, '#text': 1869}",dc.danglingtree.htb,Microsoft-Windows-ActiveDirectory_DomainService,Directory Service,309,4,,,\\dc.danglingtree.htb,Default-First-Site-Name,,,,,,,,,,
2026-03-28T00:05:42.009339Z,"{'#attributes': {'Qualifiers': 16384}, '#text': 2179}",dc.danglingtree.htb,Microsoft-Windows-ActiveDirectory_DomainService,Directory Service,310,4,,9386127171187442977,,,,,,,,,,,,
2026-03-28T00:05:43.277331Z,"{'#attributes': {'Qualifiers': 16384}, '#text': 1004}",dc.danglingtree.htb,Microsoft-Windows-ActiveDirectory_DomainService,Directory Service,311,4,,,,,,,,,,,,,,
2026-03-28T00:05:57.255298Z,"{'#attributes': {'Qualifiers': 32768}, '#text': 3051}",dc.danglingtree.htb,Microsoft-Windows-ActiveDirectory_DomainService,Directory Service,312,3,,,,,,,,,,,,,,
2026-03-28T00:05:57.255298Z,"{'#attributes': {'Qualifiers': 32768}, '#text': 3054}",dc.danglingtree.htb,Microsoft-Windows-ActiveDirectory_DomainService,Directory Service,313,3,,,,,,,,,,,,,,
2026-03-28T00:05:57.540547Z,"{'#attributes': {'Qualifiers': 16384}, '#text': 2121}",dc.danglingtree.htb,Microsoft-Windows-ActiveDirectory_DomainService,Directory Service,314,4,,,,,,,,,,,,,,
2026-03-28T00:05:57.540547Z,"{'#attributes': {'Qualifiers': 16384}, '#text': 2406}",dc.danglingtree.htb,Microsoft-Windows-ActiveDirectory_DomainService,Directory Service,315,4,,Recycle Bin Feature,,,,,,,,,,,,
2026-03-28T00:05:57.540547Z,"{'#attributes': {'Qualifiers': 16384}, '#text': 2406}",dc.danglingtree.htb,Microsoft-Windows-ActiveDirectory_DomainService,Directory Service,316,4,,Privileged Access Management Feature,,,,,,,,,,,,
2026-03-28T00:05:57.540547Z,"{'#attributes': {'Qualifiers': 16384}, '#text': 2406}",dc.danglingtree.htb,Microsoft-Windows-ActiveDirectory_DomainService,Directory Service,317,4,,Database 32k Pages Feature,,,,,,,,,,,,
2026-03-28T00:05:57.540547Z,"{'#attributes': {'Qualifiers': 16384}, '#text': 2168}",dc.danglingtree.htb,Microsoft-Windows-ActiveDirectory_DomainService,Directory Service,318,4,,9386127171187442977,,,,,,,,,,,,
2026-03-28T00:05:57.540547Z,"{'#attributes': {'Qualifiers': 16384}, '#text': 2172}",dc.danglingtree.htb,Microsoft-Windows-ActiveDirectory_DomainService,Directory Service,319,4,,9386127171187442977,,,,,,,,,,,,
2026-03-28T00:05:57.551956Z,"{'#attributes': {'Qualifiers': 16384}, '#text': 2405}",dc.danglingtree.htb,Microsoft-Windows-ActiveDirectory_DomainService,Directory Service,320,4,,Database 32k Pages Feature,,,,,,,,,,,,
2026-03-28T00:05:57.551956Z,"{'#attributes': {'Qualifiers': 16384}, '#text': 2405}",dc.danglingtree.htb,Microsoft-Windows-ActiveDirectory_DomainService,Directory Service,321,4,,Privileged Access Management Feature,,,,,,,,,,,,
2026-03-28T00:05:57.551956Z,"{'#attributes': {'Qualifiers': 16384}, '#text': 2120}",dc.danglingtree.htb,Microsoft-Windows-ActiveDirectory_DomainService,Directory Service,322,4,,,,,,,,,,,,,,
2026-03-28T00:05:57.551956Z,"{'#attributes': {'Qualifiers': 16384}, '#text': 2405}",dc.danglingtree.htb,Microsoft-Windows-ActiveDirectory_DomainService,Directory Service,323,4,,Recycle Bin Feature,,,,,,,,,,,,
2026-03-28T00:06:07.557804Z,"{'#attributes': {'Qualifiers': 16384}, '#text': 1000}",dc.danglingtree.htb,Microsoft-Windows-ActiveDirectory_DomainService,Directory Service,324,4,,,,,,,,,,,,,,
2026-03-28T00:06:37.591586Z,"{'#attributes': {'Qualifiers': 16384}, '#text': 1394}",dc.danglingtree.htb,Microsoft-Windows-ActiveDirectory_DomainService,Directory Service,325,4,,,,,,,,,,,,,,
2026-03-28T00:19:29.905783Z,"{'#attributes': {'Qualifiers': 16384}, '#text': 2179}",dc.danglingtree.htb,Microsoft-Windows-ActiveDirectory_DomainService,Directory Service,326,4,,9386127171187442977,,,,,,,,,,,,
2026-03-28T00:19:30.545400Z,"{'#attributes': {'Qualifiers': 16384}, '#text': 1004}",dc.danglingtree.htb,Microsoft-Windows-ActiveDirectory_DomainService,Directory Service,327,4,,,,,,,,,,,,,,
2026-03-28T00:19:44.396913Z,"{'#attributes': {'Qualifiers': 32768}, '#text': 3051}",dc.danglingtree.htb,Microsoft-Windows-ActiveDirectory_DomainService,Directory Service,328,3,,,,,,,,,,,,,,
2026-03-28T00:19:44.396913Z,"{'#attributes': {'Qualifiers': 32768}, '#text': 3054}",dc.danglingtree.htb,Microsoft-Windows-ActiveDirectory_DomainService,Directory Service,329,3,,,,,,,,,,,,,,
2026-03-28T00:19:44.821638Z,"{'#attributes': {'Qualifiers': 16384}, '#text': 2121}",dc.danglingtree.htb,Microsoft-Windows-ActiveDirectory_DomainService,Directory Service,330,4,,,,,,,,,,,,,,
2026-03-28T00:19:44.821638Z,"{'#attributes': {'Qualifiers': 16384}, '#text': 2406}",dc.danglingtree.htb,Microsoft-Windows-ActiveDirectory_DomainService,Directory Service,331,4,,Recycle Bin Feature,,,,,,,,,,,,
2026-03-28T00:19:44.821638Z,"{'#attributes': {'Qualifiers': 16384}, '#text': 2406}",dc.danglingtree.htb,Microsoft-Windows-ActiveDirectory_DomainService,Directory Service,332,4,,Privileged Access Management Feature,,,,,,,,,,,,
2026-03-28T00:19:44.821638Z,"{'#attributes': {'Qualifiers': 16384}, '#text': 2406}",dc.danglingtree.htb,Microsoft-Windows-ActiveDirectory_DomainService,Directory Service,333,4,,Database 32k Pages Feature,,,,,,,,,,,,
2026-03-28T00:19:44.821638Z,"{'#attributes': {'Qualifiers': 16384}, '#text': 2168}",dc.danglingtree.htb,Microsoft-Windows-ActiveDirectory_DomainService,Directory Service,334,4,,9386127171187442977,,,,,,,,,,,,
2026-03-28T00:19:44.821638Z,"{'#attributes': {'Qualifiers': 16384}, '#text': 2172}",dc.danglingtree.htb,Microsoft-Windows-ActiveDirectory_DomainService,Directory Service,335,4,,9386127171187442977,,,,,,,,,,,,
2026-03-28T00:19:44.821638Z,"{'#attributes': {'Qualifiers': 16384}, '#text': 2405}",dc.danglingtree.htb,Microsoft-Windows-ActiveDirectory_DomainService,Directory Service,336,4,,Database 32k Pages Feature,,,,,,,,,,,,
2026-03-28T00:19:44.821638Z,"{'#attributes': {'Qualifiers': 16384}, '#text': 2405}",dc.danglingtree.htb,Microsoft-Windows-ActiveDirectory_DomainService,Directory Service,337,4,,Privileged Access Management Feature,,,,,,,,,,,,
2026-03-28T00:19:44.821638Z,"{'#attributes': {'Qualifiers': 16384}, '#text': 2120}",dc.danglingtree.htb,Microsoft-Windows-ActiveDirectory_DomainService,Directory Service,338,4,,,,,,,,,,,,,,
2026-03-28T00:19:44.821638Z,"{'#attributes': {'Qualifiers': 16384}, '#text': 2405}",dc.danglingtree.htb,Microsoft-Windows-ActiveDirectory_DomainService,Directory Service,339,4,,Recycle Bin Feature,,,,,,,,,,,,
