2026-04-05T19:03:57.838707Z,"{'#attributes': {'Qualifiers': 16384}, '#text': 2406}",dc.danglingtree.htb,Microsoft-Windows-ActiveDirectory_DomainService,Directory Service,557,4,,Database 32k Pages Feature,,,,,,,,,,,,
2026-04-05T19:03:57.838707Z,"{'#attributes': {'Qualifiers': 16384}, '#text': 2168}",dc.danglingtree.htb,Microsoft-Windows-ActiveDirectory_DomainService,Directory Service,558,4,,3903805372413466195,,,,,,,,,,,,
2026-04-05T19:03:57.838707Z,"{'#attributes': {'Qualifiers': 16384}, '#text': 2172}",dc.danglingtree.htb,Microsoft-Windows-ActiveDirectory_DomainService,Directory Service,559,4,,15146895035138935910,,,,,,,,,,,,
2026-04-05T19:03:57.838707Z,"{'#attributes': {'Qualifiers': 32768}, '#text': 2170}",dc.danglingtree.htb,Microsoft-Windows-ActiveDirectory_DomainService,Directory Service,560,3,,,15146895035138935910,3903805372413466195,,,,,,,,,,
2026-04-05T19:03:57.842750Z,"{'#attributes': {'Qualifiers': 16384}, '#text': 1109}",dc.danglingtree.htb,Microsoft-Windows-ActiveDirectory_DomainService,Directory Service,561,4,,,bc69a20c-e342-458c-bf77-701f3148ab3d,44543404-d0c9-477e-9b58-2001deda2d9f,,,110617,,,,,,,
2026-04-05T19:03:57.853957Z,"{'#attributes': {'Qualifiers': 16384}, '#text': 2208}",dc.danglingtree.htb,Microsoft-Windows-ActiveDirectory_DomainService,Directory Service,562,4,,,,,,,,,,,,,,
2026-04-05T19:03:57.857988Z,"{'#attributes': {'Qualifiers': 16384}, '#text': 2179}",dc.danglingtree.htb,Microsoft-Windows-ActiveDirectory_DomainService,Directory Service,563,4,,3903805372413466195,,,,,,,,,,,,
2026-04-05T19:03:57.866032Z,"{'#attributes': {'Qualifiers': 16384}, '#text': 2405}",dc.danglingtree.htb,Microsoft-Windows-ActiveDirectory_DomainService,Directory Service,564,4,,Database 32k Pages Feature,,,,,,,,,,,,
2026-04-05T19:03:57.866032Z,"{'#attributes': {'Qualifiers': 16384}, '#text': 2405}",dc.danglingtree.htb,Microsoft-Windows-ActiveDirectory_DomainService,Directory Service,565,4,,Privileged Access Management Feature,,,,,,,,,,,,
2026-04-05T19:03:57.866032Z,"{'#attributes': {'Qualifiers': 16384}, '#text': 2120}",dc.danglingtree.htb,Microsoft-Windows-ActiveDirectory_DomainService,Directory Service,566,4,,,,,,,,,,,,,,
2026-04-05T19:03:57.866032Z,"{'#attributes': {'Qualifiers': 16384}, '#text': 2405}",dc.danglingtree.htb,Microsoft-Windows-ActiveDirectory_DomainService,Directory Service,567,4,,Recycle Bin Feature,,,,,,,,,,,,
2026-04-05T19:04:07.895670Z,"{'#attributes': {'Qualifiers': 16384}, '#text': 1000}",dc.danglingtree.htb,Microsoft-Windows-ActiveDirectory_DomainService,Directory Service,568,4,,,,,,,,,,,,,,
2026-04-05T19:04:37.924662Z,"{'#attributes': {'Qualifiers': 16384}, '#text': 1394}",dc.danglingtree.htb,Microsoft-Windows-ActiveDirectory_DomainService,Directory Service,569,4,,,,,,,,,,,,,,
2026-04-05T19:10:43.526624Z,"{'#attributes': {'Qualifiers': 16384}, '#text': 2179}",dc.danglingtree.htb,Microsoft-Windows-ActiveDirectory_DomainService,Directory Service,570,4,,3903805372413466195,,,,,,,,,,,,
2026-04-05T19:10:46.696847Z,"{'#attributes': {'Qualifiers': 16384}, '#text': 1004}",dc.danglingtree.htb,Microsoft-Windows-ActiveDirectory_DomainService,Directory Service,571,4,,,,,,,,,,,,,,
2026-04-05T20:05:21.505852Z,"{'#attributes': {'Qualifiers': 32768}, '#text': 3051}",dc.danglingtree.htb,Microsoft-Windows-ActiveDirectory_DomainService,Directory Service,572,3,,,,,,,,,,,,,,
2026-04-05T20:05:21.505852Z,"{'#attributes': {'Qualifiers': 32768}, '#text': 3054}",dc.danglingtree.htb,Microsoft-Windows-ActiveDirectory_DomainService,Directory Service,573,3,,,,,,,,,,,,,,
2026-04-05T20:05:21.923646Z,"{'#attributes': {'Qualifiers': 16384}, '#text': 2121}",dc.danglingtree.htb,Microsoft-Windows-ActiveDirectory_DomainService,Directory Service,574,4,,,,,,,,,,,,,,
2026-04-05T20:05:21.923646Z,"{'#attributes': {'Qualifiers': 16384}, '#text': 2406}",dc.danglingtree.htb,Microsoft-Windows-ActiveDirectory_DomainService,Directory Service,575,4,,Recycle Bin Feature,,,,,,,,,,,,
2026-04-05T20:05:21.923646Z,"{'#attributes': {'Qualifiers': 16384}, '#text': 2406}",dc.danglingtree.htb,Microsoft-Windows-ActiveDirectory_DomainService,Directory Service,576,4,,Privileged Access Management Feature,,,,,,,,,,,,
2026-04-05T20:05:21.923646Z,"{'#attributes': {'Qualifiers': 16384}, '#text': 2406}",dc.danglingtree.htb,Microsoft-Windows-ActiveDirectory_DomainService,Directory Service,577,4,,Database 32k Pages Feature,,,,,,,,,,,,
2026-04-05T20:05:21.923646Z,"{'#attributes': {'Qualifiers': 16384}, '#text': 2168}",dc.danglingtree.htb,Microsoft-Windows-ActiveDirectory_DomainService,Directory Service,578,4,,17344034019820366201,,,,,,,,,,,,
2026-04-05T20:05:21.923646Z,"{'#attributes': {'Qualifiers': 16384}, '#text': 2172}",dc.danglingtree.htb,Microsoft-Windows-ActiveDirectory_DomainService,Directory Service,579,4,,3903805372413466195,,,,,,,,,,,,
2026-04-05T20:05:21.923646Z,"{'#attributes': {'Qualifiers': 32768}, '#text': 2170}",dc.danglingtree.htb,Microsoft-Windows-ActiveDirectory_DomainService,Directory Service,580,3,,,3903805372413466195,17344034019820366201,,,,,,,,,,
2026-04-05T20:05:21.928174Z,"{'#attributes': {'Qualifiers': 16384}, '#text': 1109}",dc.danglingtree.htb,Microsoft-Windows-ActiveDirectory_DomainService,Directory Service,581,4,,,44543404-d0c9-477e-9b58-2001deda2d9f,3b6b4feb-ae91-447e-af03-24b01383e3e5,,,114714,,,,,,,
2026-04-05T20:05:21.935972Z,"{'#attributes': {'Qualifiers': 16384}, '#text': 2208}",dc.danglingtree.htb,Microsoft-Windows-ActiveDirectory_DomainService,Directory Service,582,4,,,,,,,,,,,,,,
2026-04-05T20:05:21.941375Z,"{'#attributes': {'Qualifiers': 16384}, '#text': 2179}",dc.danglingtree.htb,Microsoft-Windows-ActiveDirectory_DomainService,Directory Service,583,4,,17344034019820366201,,,,,,,,,,,,
2026-04-05T20:05:21.948056Z,"{'#attributes': {'Qualifiers': 16384}, '#text': 2405}",dc.danglingtree.htb,Microsoft-Windows-ActiveDirectory_DomainService,Directory Service,584,4,,Database 32k Pages Feature,,,,,,,,,,,,
2026-04-05T20:05:21.948056Z,"{'#attributes': {'Qualifiers': 16384}, '#text': 2405}",dc.danglingtree.htb,Microsoft-Windows-ActiveDirectory_DomainService,Directory Service,585,4,,Privileged Access Management Feature,,,,,,,,,,,,
2026-04-05T20:05:21.948056Z,"{'#attributes': {'Qualifiers': 16384}, '#text': 2120}",dc.danglingtree.htb,Microsoft-Windows-ActiveDirectory_DomainService,Directory Service,586,4,,,,,,,,,,,,,,
2026-04-05T20:05:21.948056Z,"{'#attributes': {'Qualifiers': 16384}, '#text': 2405}",dc.danglingtree.htb,Microsoft-Windows-ActiveDirectory_DomainService,Directory Service,587,4,,Recycle Bin Feature,,,,,,,,,,,,
2026-04-05T20:05:31.970814Z,"{'#attributes': {'Qualifiers': 16384}, '#text': 1000}",dc.danglingtree.htb,Microsoft-Windows-ActiveDirectory_DomainService,Directory Service,588,4,,,,,,,,,,,,,,
2026-04-05T20:06:02.002244Z,"{'#attributes': {'Qualifiers': 16384}, '#text': 1394}",dc.danglingtree.htb,Microsoft-Windows-ActiveDirectory_DomainService,Directory Service,589,4,,,,,,,,,,,,,,
2026-04-05T20:08:21.043176Z,"{'#attributes': {'Qualifiers': 16384}, '#text': 2179}",dc.danglingtree.htb,Microsoft-Windows-ActiveDirectory_DomainService,Directory Service,590,4,,17344034019820366201,,,,,,,,,,,,
2026-04-05T20:08:23.694370Z,"{'#attributes': {'Qualifiers': 16384}, '#text': 1004}",dc.danglingtree.htb,Microsoft-Windows-ActiveDirectory_DomainService,Directory Service,591,4,,,,,,,,,,,,,,
2026-06-03T19:37:43.352471Z,"{'#attributes': {'Qualifiers': 32768}, '#text': 3051}",dc.danglingtree.htb,Microsoft-Windows-ActiveDirectory_DomainService,Directory Service,592,3,,,,,,,,,,,,,,
2026-06-03T19:37:43.352471Z,"{'#attributes': {'Qualifiers': 32768}, '#text': 3054}",dc.danglingtree.htb,Microsoft-Windows-ActiveDirectory_DomainService,Directory Service,593,3,,,,,,,,,,,,,,
2026-06-03T19:37:43.566653Z,"{'#attributes': {'Qualifiers': 16384}, '#text': 2121}",dc.danglingtree.htb,Microsoft-Windows-ActiveDirectory_DomainService,Directory Service,594,4,,,,,,,,,,,,,,
2026-06-03T19:37:43.566653Z,"{'#attributes': {'Qualifiers': 16384}, '#text': 2406}",dc.danglingtree.htb,Microsoft-Windows-ActiveDirectory_DomainService,Directory Service,595,4,,Recycle Bin Feature,,,,,,,,,,,,
2026-06-03T19:37:43.566653Z,"{'#attributes': {'Qualifiers': 16384}, '#text': 2406}",dc.danglingtree.htb,Microsoft-Windows-ActiveDirectory_DomainService,Directory Service,596,4,,Privileged Access Management Feature,,,,,,,,,,,,
2026-06-03T19:37:43.566653Z,"{'#attributes': {'Qualifiers': 16384}, '#text': 2406}",dc.danglingtree.htb,Microsoft-Windows-ActiveDirectory_DomainService,Directory Service,597,4,,Database 32k Pages Feature,,,,,,,,,,,,
2026-06-03T19:37:43.568664Z,"{'#attributes': {'Qualifiers': 16384}, '#text': 2168}",dc.danglingtree.htb,Microsoft-Windows-ActiveDirectory_DomainService,Directory Service,598,4,,13827876475754236427,,,,,,,,,,,,
2026-06-03T19:37:43.568664Z,"{'#attributes': {'Qualifiers': 16384}, '#text': 2172}",dc.danglingtree.htb,Microsoft-Windows-ActiveDirectory_DomainService,Directory Service,599,4,,17344034019820366201,,,,,,,,,,,,
2026-06-03T19:37:43.568664Z,"{'#attributes': {'Qualifiers': 32768}, '#text': 2170}",dc.danglingtree.htb,Microsoft-Windows-ActiveDirectory_DomainService,Directory Service,600,3,,,17344034019820366201,13827876475754236427,,,,,,,,,,
2026-06-03T19:37:43.575755Z,"{'#attributes': {'Qualifiers': 16384}, '#text': 1109}",dc.danglingtree.htb,Microsoft-Windows-ActiveDirectory_DomainService,Directory Service,601,4,,,3b6b4feb-ae91-447e-af03-24b01383e3e5,0022708e-fdaa-463f-a4f1-d2c452b83d05,,,118811,,,,,,,
2026-06-03T19:37:43.595702Z,"{'#attributes': {'Qualifiers': 16384}, '#text': 2208}",dc.danglingtree.htb,Microsoft-Windows-ActiveDirectory_DomainService,Directory Service,602,4,,,,,,,,,,,,,,
2026-06-03T19:37:43.603588Z,"{'#attributes': {'Qualifiers': 16384}, '#text': 2179}",dc.danglingtree.htb,Microsoft-Windows-ActiveDirectory_DomainService,Directory Service,603,4,,13827876475754236427,,,,,,,,,,,,
2026-06-03T19:37:43.617678Z,"{'#attributes': {'Qualifiers': 16384}, '#text': 2405}",dc.danglingtree.htb,Microsoft-Windows-ActiveDirectory_DomainService,Directory Service,604,4,,Database 32k Pages Feature,,,,,,,,,,,,
2026-06-03T19:37:43.617678Z,"{'#attributes': {'Qualifiers': 16384}, '#text': 2405}",dc.danglingtree.htb,Microsoft-Windows-ActiveDirectory_DomainService,Directory Service,605,4,,Privileged Access Management Feature,,,,,,,,,,,,
2026-06-03T19:37:43.619195Z,"{'#attributes': {'Qualifiers': 16384}, '#text': 2120}",dc.danglingtree.htb,Microsoft-Windows-ActiveDirectory_DomainService,Directory Service,606,4,,,,,,,,,,,,,,
2026-06-03T19:37:43.619195Z,"{'#attributes': {'Qualifiers': 16384}, '#text': 2405}",dc.danglingtree.htb,Microsoft-Windows-ActiveDirectory_DomainService,Directory Service,607,4,,Recycle Bin Feature,,,,,,,,,,,,
2026-06-03T19:37:53.642775Z,"{'#attributes': {'Qualifiers': 16384}, '#text': 1000}",dc.danglingtree.htb,Microsoft-Windows-ActiveDirectory_DomainService,Directory Service,608,4,,,,,,,,,,,,,,
2026-06-03T19:38:23.652960Z,"{'#attributes': {'Qualifiers': 16384}, '#text': 1394}",dc.danglingtree.htb,Microsoft-Windows-ActiveDirectory_DomainService,Directory Service,609,4,,,,,,,,,,,,,,
2026-06-03T19:39:15.626429Z,"{'#attributes': {'Qualifiers': 16384}, '#text': 2179}",dc.danglingtree.htb,Microsoft-Windows-ActiveDirectory_DomainService,Directory Service,610,4,,13827876475754236427,,,,,,,,,,,,
2026-06-03T19:39:17.291580Z,"{'#attributes': {'Qualifiers': 16384}, '#text': 1004}",dc.danglingtree.htb,Microsoft-Windows-ActiveDirectory_DomainService,Directory Service,611,4,,,,,,,,,,,,,,
2026-06-03T19:45:03.148714Z,"{'#attributes': {'Qualifiers': 32768}, '#text': 3051}",dc.danglingtree.htb,Microsoft-Windows-ActiveDirectory_DomainService,Directory Service,612,3,,,,,,,,,,,,,,
2026-06-03T19:45:03.148714Z,"{'#attributes': {'Qualifiers': 32768}, '#text': 3054}",dc.danglingtree.htb,Microsoft-Windows-ActiveDirectory_DomainService,Directory Service,613,3,,,,,,,,,,,,,,
2026-06-03T19:45:03.349345Z,"{'#attributes': {'Qualifiers': 16384}, '#text': 2121}",dc.danglingtree.htb,Microsoft-Windows-ActiveDirectory_DomainService,Directory Service,614,4,,,,,,,,,,,,,,
2026-06-03T19:45:03.349345Z,"{'#attributes': {'Qualifiers': 16384}, '#text': 2406}",dc.danglingtree.htb,Microsoft-Windows-ActiveDirectory_DomainService,Directory Service,615,4,,Recycle Bin Feature,,,,,,,,,,,,
2026-06-03T19:45:03.349711Z,"{'#attributes': {'Qualifiers': 16384}, '#text': 2406}",dc.danglingtree.htb,Microsoft-Windows-ActiveDirectory_DomainService,Directory Service,616,4,,Privileged Access Management Feature,,,,,,,,,,,,
2026-06-03T19:45:03.349711Z,"{'#attributes': {'Qualifiers': 16384}, '#text': 2406}",dc.danglingtree.htb,Microsoft-Windows-ActiveDirectory_DomainService,Directory Service,617,4,,Database 32k Pages Feature,,,,,,,,,,,,
2026-06-03T19:45:03.349711Z,"{'#attributes': {'Qualifiers': 16384}, '#text': 2168}",dc.danglingtree.htb,Microsoft-Windows-ActiveDirectory_DomainService,Directory Service,618,4,,13827876475754236427,,,,,,,,,,,,
2026-06-03T19:45:03.349711Z,"{'#attributes': {'Qualifiers': 16384}, '#text': 2172}",dc.danglingtree.htb,Microsoft-Windows-ActiveDirectory_DomainService,Directory Service,619,4,,13827876475754236427,,,,,,,,,,,,
2026-06-03T19:45:03.367277Z,"{'#attributes': {'Qualifiers': 16384}, '#text': 2405}",dc.danglingtree.htb,Microsoft-Windows-ActiveDirectory_DomainService,Directory Service,620,4,,Database 32k Pages Feature,,,,,,,,,,,,
2026-06-03T19:45:03.367277Z,"{'#attributes': {'Qualifiers': 16384}, '#text': 2405}",dc.danglingtree.htb,Microsoft-Windows-ActiveDirectory_DomainService,Directory Service,621,4,,Privileged Access Management Feature,,,,,,,,,,,,
2026-06-03T19:45:03.367701Z,"{'#attributes': {'Qualifiers': 16384}, '#text': 2120}",dc.danglingtree.htb,Microsoft-Windows-ActiveDirectory_DomainService,Directory Service,622,4,,,,,,,,,,,,,,
2026-06-03T19:45:03.367701Z,"{'#attributes': {'Qualifiers': 16384}, '#text': 2405}",dc.danglingtree.htb,Microsoft-Windows-ActiveDirectory_DomainService,Directory Service,623,4,,Recycle Bin Feature,,,,,,,,,,,,
2026-06-03T19:45:13.391657Z,"{'#attributes': {'Qualifiers': 16384}, '#text': 1000}",dc.danglingtree.htb,Microsoft-Windows-ActiveDirectory_DomainService,Directory Service,624,4,,,,,,,,,,,,,,
2026-06-03T19:45:43.393614Z,"{'#attributes': {'Qualifiers': 16384}, '#text': 1394}",dc.danglingtree.htb,Microsoft-Windows-ActiveDirectory_DomainService,Directory Service,625,4,,,,,,,,,,,,,,
2026-06-03T19:46:45.644946Z,"{'#attributes': {'Qualifiers': 16384}, '#text': 2179}",dc.danglingtree.htb,Microsoft-Windows-ActiveDirectory_DomainService,Directory Service,626,4,,13827876475754236427,,,,,,,,,,,,
2026-06-03T19:46:46.513175Z,"{'#attributes': {'Qualifiers': 16384}, '#text': 1004}",dc.danglingtree.htb,Microsoft-Windows-ActiveDirectory_DomainService,Directory Service,627,4,,,,,,,,,,,,,,
2026-06-03T20:14:18.303403Z,"{'#attributes': {'Qualifiers': 32768}, '#text': 3051}",dc.danglingtree.htb,Microsoft-Windows-ActiveDirectory_DomainService,Directory Service,628,3,,,,,,,,,,,,,,
2026-06-03T20:14:18.303403Z,"{'#attributes': {'Qualifiers': 32768}, '#text': 3054}",dc.danglingtree.htb,Microsoft-Windows-ActiveDirectory_DomainService,Directory Service,629,3,,,,,,,,,,,,,,
2026-06-03T20:14:18.778088Z,"{'#attributes': {'Qualifiers': 16384}, '#text': 2121}",dc.danglingtree.htb,Microsoft-Windows-ActiveDirectory_DomainService,Directory Service,630,4,,,,,,,,,,,,,,
2026-06-03T20:14:18.778088Z,"{'#attributes': {'Qualifiers': 16384}, '#text': 2406}",dc.danglingtree.htb,Microsoft-Windows-ActiveDirectory_DomainService,Directory Service,631,4,,Recycle Bin Feature,,,,,,,,,,,,
2026-06-03T20:14:18.778088Z,"{'#attributes': {'Qualifiers': 16384}, '#text': 2406}",dc.danglingtree.htb,Microsoft-Windows-ActiveDirectory_DomainService,Directory Service,632,4,,Privileged Access Management Feature,,,,,,,,,,,,
2026-06-03T20:14:18.778088Z,"{'#attributes': {'Qualifiers': 16384}, '#text': 2406}",dc.danglingtree.htb,Microsoft-Windows-ActiveDirectory_DomainService,Directory Service,633,4,,Database 32k Pages Feature,,,,,,,,,,,,
2026-06-03T20:14:18.782140Z,"{'#attributes': {'Qualifiers': 16384}, '#text': 2168}",dc.danglingtree.htb,Microsoft-Windows-ActiveDirectory_DomainService,Directory Service,634,4,,11290422834994906176,,,,,,,,,,,,
2026-06-03T20:14:18.782140Z,"{'#attributes': {'Qualifiers': 16384}, '#text': 2172}",dc.danglingtree.htb,Microsoft-Windows-ActiveDirectory_DomainService,Directory Service,635,4,,13827876475754236427,,,,,,,,,,,,
2026-06-03T20:14:18.782140Z,"{'#attributes': {'Qualifiers': 32768}, '#text': 2170}",dc.danglingtree.htb,Microsoft-Windows-ActiveDirectory_DomainService,Directory Service,636,3,,,13827876475754236427,11290422834994906176,,,,,,,,,,
2026-06-03T20:14:18.792003Z,"{'#attributes': {'Qualifiers': 16384}, '#text': 1109}",dc.danglingtree.htb,Microsoft-Windows-ActiveDirectory_DomainService,Directory Service,637,4,,,0022708e-fdaa-463f-a4f1-d2c452b83d05,721482c4-6624-4a1b-a0d6-f0f7705c2615,,,127005,,,,,,,
2026-06-03T20:14:18.818026Z,"{'#attributes': {'Qualifiers': 16384}, '#text': 2208}",dc.danglingtree.htb,Microsoft-Windows-ActiveDirectory_DomainService,Directory Service,638,4,,,,,,,,,,,,,,
2026-06-03T20:14:18.825825Z,"{'#attributes': {'Qualifiers': 16384}, '#text': 2179}",dc.danglingtree.htb,Microsoft-Windows-ActiveDirectory_DomainService,Directory Service,639,4,,11290422834994906176,,,,,,,,,,,,
2026-06-03T20:14:18.846193Z,"{'#attributes': {'Qualifiers': 16384}, '#text': 2405}",dc.danglingtree.htb,Microsoft-Windows-ActiveDirectory_DomainService,Directory Service,640,4,,Database 32k Pages Feature,,,,,,,,,,,,
2026-06-03T20:14:18.846193Z,"{'#attributes': {'Qualifiers': 16384}, '#text': 2405}",dc.danglingtree.htb,Microsoft-Windows-ActiveDirectory_DomainService,Directory Service,641,4,,Privileged Access Management Feature,,,,,,,,,,,,
2026-06-03T20:14:18.848201Z,"{'#attributes': {'Qualifiers': 16384}, '#text': 2120}",dc.danglingtree.htb,Microsoft-Windows-ActiveDirectory_DomainService,Directory Service,642,4,,,,,,,,,,,,,,
2026-06-03T20:14:18.848201Z,"{'#attributes': {'Qualifiers': 16384}, '#text': 2405}",dc.danglingtree.htb,Microsoft-Windows-ActiveDirectory_DomainService,Directory Service,643,4,,Recycle Bin Feature,,,,,,,,,,,,
2026-06-03T20:14:28.863502Z,"{'#attributes': {'Qualifiers': 16384}, '#text': 1000}",dc.danglingtree.htb,Microsoft-Windows-ActiveDirectory_DomainService,Directory Service,644,4,,,,,,,,,,,,,,
2026-06-03T20:14:59.082785Z,"{'#attributes': {'Qualifiers': 16384}, '#text': 1394}",dc.danglingtree.htb,Microsoft-Windows-ActiveDirectory_DomainService,Directory Service,645,4,,,,,,,,,,,,,,
2026-06-03T20:28:01.885340Z,"{'#attributes': {'Qualifiers': 16384}, '#text': 2179}",dc.danglingtree.htb,Microsoft-Windows-ActiveDirectory_DomainService,Directory Service,646,4,,11290422834994906176,,,,,,,,,,,,
2026-06-03T20:28:03.393015Z,"{'#attributes': {'Qualifiers': 16384}, '#text': 1004}",dc.danglingtree.htb,Microsoft-Windows-ActiveDirectory_DomainService,Directory Service,647,4,,,,,,,,,,,,,,
2026-06-03T20:28:28.184358Z,"{'#attributes': {'Qualifiers': 32768}, '#text': 3051}",dc.danglingtree.htb,Microsoft-Windows-ActiveDirectory_DomainService,Directory Service,648,3,,,,,,,,,,,,,,
2026-06-03T20:28:28.184358Z,"{'#attributes': {'Qualifiers': 32768}, '#text': 3054}",dc.danglingtree.htb,Microsoft-Windows-ActiveDirectory_DomainService,Directory Service,649,3,,,,,,,,,,,,,,
2026-06-03T20:28:28.388815Z,"{'#attributes': {'Qualifiers': 16384}, '#text': 2121}",dc.danglingtree.htb,Microsoft-Windows-ActiveDirectory_DomainService,Directory Service,650,4,,,,,,,,,,,,,,
2026-06-03T20:28:28.388815Z,"{'#attributes': {'Qualifiers': 16384}, '#text': 2406}",dc.danglingtree.htb,Microsoft-Windows-ActiveDirectory_DomainService,Directory Service,651,4,,Recycle Bin Feature,,,,,,,,,,,,
2026-06-03T20:28:28.388815Z,"{'#attributes': {'Qualifiers': 16384}, '#text': 2406}",dc.danglingtree.htb,Microsoft-Windows-ActiveDirectory_DomainService,Directory Service,652,4,,Privileged Access Management Feature,,,,,,,,,,,,
2026-06-03T20:28:28.388815Z,"{'#attributes': {'Qualifiers': 16384}, '#text': 2406}",dc.danglingtree.htb,Microsoft-Windows-ActiveDirectory_DomainService,Directory Service,653,4,,Database 32k Pages Feature,,,,,,,,,,,,
2026-06-03T20:28:28.388815Z,"{'#attributes': {'Qualifiers': 16384}, '#text': 2168}",dc.danglingtree.htb,Microsoft-Windows-ActiveDirectory_DomainService,Directory Service,654,4,,11290422834994906176,,,,,,,,,,,,
2026-06-03T20:28:28.390834Z,"{'#attributes': {'Qualifiers': 16384}, '#text': 2172}",dc.danglingtree.htb,Microsoft-Windows-ActiveDirectory_DomainService,Directory Service,655,4,,11290422834994906176,,,,,,,,,,,,
2026-06-03T20:28:28.408927Z,"{'#attributes': {'Qualifiers': 16384}, '#text': 2405}",dc.danglingtree.htb,Microsoft-Windows-ActiveDirectory_DomainService,Directory Service,656,4,,Database 32k Pages Feature,,,,,,,,,,,,
2026-06-03T20:28:28.408927Z,"{'#attributes': {'Qualifiers': 16384}, '#text': 2405}",dc.danglingtree.htb,Microsoft-Windows-ActiveDirectory_DomainService,Directory Service,657,4,,Privileged Access Management Feature,,,,,,,,,,,,
2026-06-03T20:28:28.408927Z,"{'#attributes': {'Qualifiers': 16384}, '#text': 2120}",dc.danglingtree.htb,Microsoft-Windows-ActiveDirectory_DomainService,Directory Service,658,4,,,,,,,,,,,,,,
2026-06-03T20:28:28.410482Z,"{'#attributes': {'Qualifiers': 16384}, '#text': 2405}",dc.danglingtree.htb,Microsoft-Windows-ActiveDirectory_DomainService,Directory Service,659,4,,Recycle Bin Feature,,,,,,,,,,,,
2026-06-03T20:28:38.432123Z,"{'#attributes': {'Qualifiers': 16384}, '#text': 1000}",dc.danglingtree.htb,Microsoft-Windows-ActiveDirectory_DomainService,Directory Service,660,4,,,,,,,,,,,,,,
2026-06-03T20:29:08.452785Z,"{'#attributes': {'Qualifiers': 16384}, '#text': 1394}",dc.danglingtree.htb,Microsoft-Windows-ActiveDirectory_DomainService,Directory Service,661,4,,,,,,,,,,,,,,
2026-06-03T20:31:52.903588Z,"{'#attributes': {'Qualifiers': 16384}, '#text': 2179}",dc.danglingtree.htb,Microsoft-Windows-ActiveDirectory_DomainService,Directory Service,662,4,,11290422834994906176,,,,,,,,,,,,
2026-06-03T20:31:55.160191Z,"{'#attributes': {'Qualifiers': 16384}, '#text': 1004}",dc.danglingtree.htb,Microsoft-Windows-ActiveDirectory_DomainService,Directory Service,663,4,,,,,,,,,,,,,,
2026-06-03T20:32:37.914799Z,"{'#attributes': {'Qualifiers': 32768}, '#text': 3051}",dc.danglingtree.htb,Microsoft-Windows-ActiveDirectory_DomainService,Directory Service,664,3,,,,,,,,,,,,,,
2026-06-03T20:32:37.914799Z,"{'#attributes': {'Qualifiers': 32768}, '#text': 3054}",dc.danglingtree.htb,Microsoft-Windows-ActiveDirectory_DomainService,Directory Service,665,3,,,,,,,,,,,,,,
2026-06-03T20:32:38.207921Z,"{'#attributes': {'Qualifiers': 16384}, '#text': 2121}",dc.danglingtree.htb,Microsoft-Windows-ActiveDirectory_DomainService,Directory Service,666,4,,,,,,,,,,,,,,
2026-06-03T20:32:38.209674Z,"{'#attributes': {'Qualifiers': 16384}, '#text': 2406}",dc.danglingtree.htb,Microsoft-Windows-ActiveDirectory_DomainService,Directory Service,667,4,,Recycle Bin Feature,,,,,,,,,,,,
2026-06-03T20:32:38.209674Z,"{'#attributes': {'Qualifiers': 16384}, '#text': 2406}",dc.danglingtree.htb,Microsoft-Windows-ActiveDirectory_DomainService,Directory Service,668,4,,Privileged Access Management Feature,,,,,,,,,,,,
2026-06-03T20:32:38.209674Z,"{'#attributes': {'Qualifiers': 16384}, '#text': 2406}",dc.danglingtree.htb,Microsoft-Windows-ActiveDirectory_DomainService,Directory Service,669,4,,Database 32k Pages Feature,,,,,,,,,,,,
2026-06-03T20:32:38.209674Z,"{'#attributes': {'Qualifiers': 16384}, '#text': 2168}",dc.danglingtree.htb,Microsoft-Windows-ActiveDirectory_DomainService,Directory Service,670,4,,11290422834994906176,,,,,,,,,,,,
2026-06-03T20:32:38.209674Z,"{'#attributes': {'Qualifiers': 16384}, '#text': 2172}",dc.danglingtree.htb,Microsoft-Windows-ActiveDirectory_DomainService,Directory Service,671,4,,11290422834994906176,,,,,,,,,,,,
2026-06-03T20:32:38.231682Z,"{'#attributes': {'Qualifiers': 16384}, '#text': 2405}",dc.danglingtree.htb,Microsoft-Windows-ActiveDirectory_DomainService,Directory Service,672,4,,Database 32k Pages Feature,,,,,,,,,,,,
2026-06-03T20:32:38.231682Z,"{'#attributes': {'Qualifiers': 16384}, '#text': 2405}",dc.danglingtree.htb,Microsoft-Windows-ActiveDirectory_DomainService,Directory Service,673,4,,Privileged Access Management Feature,,,,,,,,,,,,
2026-06-03T20:32:38.233692Z,"{'#attributes': {'Qualifiers': 16384}, '#text': 2120}",dc.danglingtree.htb,Microsoft-Windows-ActiveDirectory_DomainService,Directory Service,674,4,,,,,,,,,,,,,,
2026-06-03T20:32:38.233692Z,"{'#attributes': {'Qualifiers': 16384}, '#text': 2405}",dc.danglingtree.htb,Microsoft-Windows-ActiveDirectory_DomainService,Directory Service,675,4,,Recycle Bin Feature,,,,,,,,,,,,
2026-06-03T20:32:48.245949Z,"{'#attributes': {'Qualifiers': 16384}, '#text': 1000}",dc.danglingtree.htb,Microsoft-Windows-ActiveDirectory_DomainService,Directory Service,676,4,,,,,,,,,,,,,,
2026-06-03T20:33:18.560031Z,"{'#attributes': {'Qualifiers': 16384}, '#text': 1394}",dc.danglingtree.htb,Microsoft-Windows-ActiveDirectory_DomainService,Directory Service,677,4,,,,,,,,,,,,,,
2026-06-03T20:47:48.515356Z,"{'#attributes': {'Qualifiers': 0}, '#text': 102}",dc.danglingtree.htb,NTDS ISAM,Directory Service,678,4,,,NTDS,"856,P,98,0",,,NTDSA: ,0,10,00,26100,0000,,
2026-06-03T20:47:48.516686Z,"{'#attributes': {'Qualifiers': 0}, '#text': 105}",dc.danglingtree.htb,NTDS ISAM,Directory Service,679,4,,,NTDS,"856,D,0,0",,,NTDSA: ,0,0.160,"
[1] 0.002590 +J(0) +M(C:0K, Fs:154, WS:596K # 104K, PF:5300K # 2416K, P:5300K)
[2] 0.005091 +J(0) +M(C:64K, Fs:93, WS:360K # 360K, PF:360K # 360K, P:360K)
[3] 0.000435 +J(0) +M(C:0K, Fs:4, WS:12K # 12K, PF:64K # 64K, P:64K)
[4] 0.015107 -0.000372 (1) WT +J(0) +M(C:0K, Fs:129, WS:444K # 444K, PF:5992K # 5992K, P:5992K)
[5] 0.000393 +J(0)
[6] 0.005222 +J(0) +M(C:0K, Fs:19, WS:72K # 72K, PF:20K # 20K, P:20K)
[7] 0.063522 -0.052533 (21) WT +J(0) +M(C:0K, Fs:2580, WS:10300K # 10300K, PF:10260K # 10260K, P:10260K)
[8] -
[9] -
[10] -
[11] -
[12] -
[13] 0.060176 -0.052997 (22) WT +J(CM:0, PgRf:0, Rd:0/0, Dy:0/0, Lg:616/1) +M(C:0K, Fs:13, WS:-10200K # 20K, PF:-10256K # 12K, P:-10256K)
[14] 0.000036 +J(0)
[15] 0.000576 +J(0) +M(C:0K, Fs:411, WS:1644K # 0K, PF:64K # 0K, P:64K)
[16] 0.006549 -0.005601 (1) WT +J(0) +M(C:0K, Fs:3, WS:0K # 0K, PF:0K # 0K, P:0K).","RBSOn = 0
",,,
2026-06-03T20:47:48.517072Z,"{'#attributes': {'Qualifiers': 0}, '#text': 330}",dc.danglingtree.htb,NTDS ISAM,Directory Service,680,4,,,NTDS,"856,D,50,0",,,NTDSA: ,C:\WINDOWS\NTDS\ntds.dit,0x2580 (9600),9600 (0x2580),9620 (0x2594),,,
2026-06-03T20:47:48.517501Z,"{'#attributes': {'Qualifiers': 0}, '#text': 326}",dc.danglingtree.htb,NTDS ISAM,Directory Service,681,4,,,NTDS,"856,D,50,0",,,NTDSA: ,1,C:\WINDOWS\NTDS\ntds.dit,0,"
[1] 0.000008 +J(0) +M(C:0K, Fs:1, WS:4K # 0K, PF:0K # 0K, P:0K)
[2] 0.001005 -0.000454 (1) WT +J(0) +M(C:0K, Fs:29, WS:48K # 0K, PF:36K # 0K, P:36K)
[3] 0.236402 -0.105371 (6) WT +J(CM:0, PgRf:0, Rd:0/0, Dy:0/0, Lg:3480/2) +M(C:0K, Fs:34, WS:104K # 0K, PF:116K # 0K, P:116K)
[4] 0.009395 +J(0) +M(C:0K, Fs:1, WS:4K # 0K, PF:0K # 0K, P:0K)
[5] -
[6] 0.007074 -0.001523 (2) CM -0.001427 (2) WT +J(CM:2, PgRf:2, Rd:0/2, Dy:0/0, Lg:0/0) +M(C:-56K, Fs:66, WS:204K # 0K, PF:152K # 0K, P:152K)
[7] 0.000006 +J(0)
[8] 0.005222 -0.001492 (1) CM -0.001451 (1) WT +J(CM:1, PgRf:1, Rd:4/1, Dy:0/0, Lg:0/0) +M(C:156K, Fs:61, WS:216K # 0K, PF:352K # 0K, P:352K)
[9] -
[10] -
[11] -
[12] 0.000540 +J(CM:0, PgRf:0, Rd:0/0, Dy:0/0, Lg:54/1) +M(C:0K, Fs:3, WS:12K # 0K, PF:20K # 0K, P:20K)
[13] 0.005256 -0.003208 (3) CM -0.003050 (3) WT +J(CM:3, PgRf:23, Rd:0/3, Dy:0/0, Lg:0/0) +M(C:-116K, Fs:27, WS:-8K # 0K, PF:-84K # 0K, P:-84K)
[14] 0.002823 -0.002477 (3) CM -0.002366 (3) WT +J(CM:3, PgRf:40, Rd:0/3, Dy:0/0, Lg:0/0) +M(C:-16K, Fs:19, WS:0K # 0K, PF:48K # 0K, P:48K)
[15] 0.001042 -0.000977 (1) CM -0.000945 (1) WT +J(CM:1, PgRf:1, Rd:0/1, Dy:0/0, Lg:0/0) +M(C:0K, Fs:7, WS:0K # 0K, PF:0K # 0K, P:0K)
[16] 0.000023 +J(CM:0, PgRf:1, Rd:0/0, Dy:0/0, Lg:0/0) +M(C:0K, Fs:1, WS:4K # 0K, PF:0K # 0K, P:0K)
[17] 0.000085 +J(CM:0, PgRf:48, Rd:0/0, Dy:0/0, Lg:0/0) +M(C:0K, Fs:5, WS:20K # 0K, PF:0K # 0K, P:0K)
[18] 0.000001 +J(0)
[19] 0.0 +J(0)
[20] 0.000043 +J(CM:0, PgRf:2, Rd:0/0, Dy:0/0, Lg:0/0) +M(C:0K, Fs:4, WS:16K # 0K, PF:8K # 0K, P:8K).",0 0,"lgposAttach = 00000003:036F:0268,
dbv = 1568.290.600 (9600)",
2026-06-03T20:47:48.517889Z,"{'#attributes': {'Qualifiers': 0}, '#text': 330}",dc.danglingtree.htb,NTDS ISAM,Directory Service,682,4,,,NTDS,"856,D,2,0",,,NTDSA: ,C:\WINDOWS\NTDS\temp.edb,0x2580 (9600),9600 (0x2580),9620 (0x2594),,,
2026-06-03T20:47:48.518202Z,"{'#attributes': {'Qualifiers': 0}, '#text': 700}",dc.danglingtree.htb,NTDS ISAM,Directory Service,683,4,,,NTDS,"856,D,0,0",,,NTDSA: ,C:\WINDOWS\NTDS\ntds.dit,,,,,,
2026-06-03T20:47:48.950349Z,"{'#attributes': {'Qualifiers': 0}, '#text': 701}",dc.danglingtree.htb,NTDS ISAM,Directory Service,684,4,,,NTDS,"856,D,0,0",,,NTDSA: ,C:\WINDOWS\NTDS\ntds.dit,1,6/3/2026,0,1,1,12
2026-06-03T20:47:48.507381Z,"{'#attributes': {'Qualifiers': 16384}, '#text': 3033}",dc.danglingtree.htb,Microsoft-Windows-ActiveDirectory_DomainService,Directory Service,685,4,,,,,,,,,,,,,,
2026-06-03T20:47:48.507381Z,"{'#attributes': {'Qualifiers': 16384}, '#text': 3027}",dc.danglingtree.htb,Microsoft-Windows-ActiveDirectory_DomainService,Directory Service,686,4,,3600,,,,,,,,,,,,
2026-06-03T20:47:48.525212Z,"{'#attributes': {'Qualifiers': 16384}, '#text': 1869}",dc.danglingtree.htb,Microsoft-Windows-ActiveDirectory_DomainService,Directory Service,687,4,,,\\dc.danglingtree.htb,Default-First-Site-Name,,,,,,,,,,
2026-06-03T20:49:16.027421Z,"{'#attributes': {'Qualifiers': 16384}, '#text': 2179}",dc.danglingtree.htb,Microsoft-Windows-ActiveDirectory_DomainService,Directory Service,688,4,,11290422834994906176,,,,,,,,,,,,
2026-06-03T20:49:16.789069Z,"{'#attributes': {'Qualifiers': 16384}, '#text': 1004}",dc.danglingtree.htb,Microsoft-Windows-ActiveDirectory_DomainService,Directory Service,689,4,,,,,,,,,,,,,,
2026-06-05T23:37:44.579428Z,"{'#attributes': {'Qualifiers': 32768}, '#text': 3051}",dc.danglingtree.htb,Microsoft-Windows-ActiveDirectory_DomainService,Directory Service,690,3,,,,,,,,,,,,,,
2026-06-05T23:37:44.581535Z,"{'#attributes': {'Qualifiers': 32768}, '#text': 3054}",dc.danglingtree.htb,Microsoft-Windows-ActiveDirectory_DomainService,Directory Service,691,3,,,,,,,,,,,,,,
2026-06-05T23:37:45.153530Z,"{'#attributes': {'Qualifiers': 16384}, '#text': 2121}",dc.danglingtree.htb,Microsoft-Windows-ActiveDirectory_DomainService,Directory Service,692,4,,,,,,,,,,,,,,
2026-06-05T23:37:45.153530Z,"{'#attributes': {'Qualifiers': 16384}, '#text': 2406}",dc.danglingtree.htb,Microsoft-Windows-ActiveDirectory_DomainService,Directory Service,693,4,,Recycle Bin Feature,,,,,,,,,,,,
2026-06-05T23:37:45.153530Z,"{'#attributes': {'Qualifiers': 16384}, '#text': 2406}",dc.danglingtree.htb,Microsoft-Windows-ActiveDirectory_DomainService,Directory Service,694,4,,Privileged Access Management Feature,,,,,,,,,,,,
2026-06-05T23:37:45.153530Z,"{'#attributes': {'Qualifiers': 16384}, '#text': 2406}",dc.danglingtree.htb,Microsoft-Windows-ActiveDirectory_DomainService,Directory Service,695,4,,Database 32k Pages Feature,,,,,,,,,,,,
2026-06-05T23:37:45.157579Z,"{'#attributes': {'Qualifiers': 16384}, '#text': 2168}",dc.danglingtree.htb,Microsoft-Windows-ActiveDirectory_DomainService,Directory Service,696,4,,4579664178600357159,,,,,,,,,,,,
2026-06-05T23:37:45.157579Z,"{'#attributes': {'Qualifiers': 16384}, '#text': 2172}",dc.danglingtree.htb,Microsoft-Windows-ActiveDirectory_DomainService,Directory Service,697,4,,11290422834994906176,,,,,,,,,,,,
2026-06-05T23:37:45.157579Z,"{'#attributes': {'Qualifiers': 32768}, '#text': 2170}",dc.danglingtree.htb,Microsoft-Windows-ActiveDirectory_DomainService,Directory Service,698,3,,,11290422834994906176,4579664178600357159,,,,,,,,,,
2026-06-05T23:37:45.165709Z,"{'#attributes': {'Qualifiers': 16384}, '#text': 1109}",dc.danglingtree.htb,Microsoft-Windows-ActiveDirectory_DomainService,Directory Service,699,4,,,721482c4-6624-4a1b-a0d6-f0f7705c2615,a10c2e4b-5052-4021-98b2-43a060f65ead,,,139296,,,,,,,
2026-06-05T23:37:45.191391Z,"{'#attributes': {'Qualifiers': 16384}, '#text': 2208}",dc.danglingtree.htb,Microsoft-Windows-ActiveDirectory_DomainService,Directory Service,700,4,,,,,,,,,,,,,,
2026-06-05T23:37:45.197442Z,"{'#attributes': {'Qualifiers': 16384}, '#text': 2179}",dc.danglingtree.htb,Microsoft-Windows-ActiveDirectory_DomainService,Directory Service,701,4,,4579664178600357159,,,,,,,,,,,,
2026-06-05T23:37:45.217653Z,"{'#attributes': {'Qualifiers': 16384}, '#text': 2405}",dc.danglingtree.htb,Microsoft-Windows-ActiveDirectory_DomainService,Directory Service,702,4,,Database 32k Pages Feature,,,,,,,,,,,,
2026-06-05T23:37:45.217653Z,"{'#attributes': {'Qualifiers': 16384}, '#text': 2405}",dc.danglingtree.htb,Microsoft-Windows-ActiveDirectory_DomainService,Directory Service,703,4,,Privileged Access Management Feature,,,,,,,,,,,,
2026-06-05T23:37:45.217653Z,"{'#attributes': {'Qualifiers': 16384}, '#text': 2120}",dc.danglingtree.htb,Microsoft-Windows-ActiveDirectory_DomainService,Directory Service,704,4,,,,,,,,,,,,,,
2026-06-05T23:37:45.217653Z,"{'#attributes': {'Qualifiers': 16384}, '#text': 2405}",dc.danglingtree.htb,Microsoft-Windows-ActiveDirectory_DomainService,Directory Service,705,4,,Recycle Bin Feature,,,,,,,,,,,,
2026-06-05T23:37:55.233973Z,"{'#attributes': {'Qualifiers': 16384}, '#text': 1000}",dc.danglingtree.htb,Microsoft-Windows-ActiveDirectory_DomainService,Directory Service,706,4,,,,,,,,,,,,,,
2026-06-05T23:38:25.265049Z,"{'#attributes': {'Qualifiers': 16384}, '#text': 1394}",dc.danglingtree.htb,Microsoft-Windows-ActiveDirectory_DomainService,Directory Service,707,4,,,,,,,,,,,,,,
2026-06-05T23:52:55.933428Z,"{'#attributes': {'Qualifiers': 0}, '#text': 102}",dc.danglingtree.htb,NTDS ISAM,Directory Service,708,4,,,NTDS,"852,P,98,0",,,NTDSA: ,0,10,00,26100,0000,,
2026-06-05T23:52:55.935231Z,"{'#attributes': {'Qualifiers': 0}, '#text': 105}",dc.danglingtree.htb,NTDS ISAM,Directory Service,709,4,,,NTDS,"852,D,0,0",,,NTDSA: ,0,0.140,"
[1] 0.002198 +J(0) +M(C:0K, Fs:154, WS:596K # 104K, PF:5304K # 2420K, P:5304K)
[2] 0.004631 +J(0) +M(C:64K, Fs:93, WS:360K # 360K, PF:360K # 360K, P:360K)
[3] 0.000331 +J(0) +M(C:0K, Fs:3, WS:12K # 12K, PF:64K # 64K, P:64K)
[4] 0.012657 -0.000235 (1) WT +J(0) +M(C:0K, Fs:129, WS:440K # 440K, PF:5984K # 5984K, P:5984K)
[5] 0.000366 +J(0) +M(C:0K, Fs:1, WS:4K # 4K, PF:4K # 4K, P:4K)
[6] 0.004046 +J(0) +M(C:0K, Fs:17, WS:68K # 68K, PF:16K # 16K, P:16K)
[7] 0.064364 -0.057368 (21) WT +J(0) +M(C:0K, Fs:2580, WS:10300K # 10300K, PF:10260K # 10260K, P:10260K)
[8] -
[9] -
[10] -
[11] -
[12] -
[13] 0.048953 -0.043557 (22) WT +J(CM:0, PgRf:0, Rd:0/0, Dy:0/0, Lg:616/1) +M(C:0K, Fs:15, WS:-10200K # 20K, PF:-10252K # 16K, P:-10252K)
[14] 0.000021 +J(0)
[15] 0.000748 +J(0) +M(C:0K, Fs:412, WS:1644K # 0K, PF:68K # 0K, P:68K)
[16] 0.001536 -0.001246 (1) WT +J(0) +M(C:0K, Fs:2, WS:0K # 0K, PF:0K # 0K, P:0K).","RBSOn = 0
",,,
2026-06-05T23:52:55.935603Z,"{'#attributes': {'Qualifiers': 0}, '#text': 330}",dc.danglingtree.htb,NTDS ISAM,Directory Service,710,4,,,NTDS,"852,D,50,0",,,NTDSA: ,C:\WINDOWS\NTDS\ntds.dit,0x2580 (9600),9600 (0x2580),9620 (0x2594),,,
2026-06-05T23:52:55.935901Z,"{'#attributes': {'Qualifiers': 0}, '#text': 326}",dc.danglingtree.htb,NTDS ISAM,Directory Service,711,4,,,NTDS,"852,D,50,0",,,NTDSA: ,1,C:\WINDOWS\NTDS\ntds.dit,0,"
[1] 0.000018 +J(0) +M(C:0K, Fs:1, WS:4K # 0K, PF:0K # 0K, P:0K)
[2] 0.000773 -0.000410 (1) WT +J(0) +M(C:0K, Fs:28, WS:48K # 0K, PF:32K # 0K, P:32K)
[3] 0.007392 -0.003919 (6) WT +J(CM:0, PgRf:0, Rd:0/0, Dy:0/0, Lg:3480/2) +M(C:0K, Fs:33, WS:100K # 0K, PF:112K # 0K, P:112K)
[4] 0.001118 +J(0) +M(C:0K, Fs:1, WS:4K # 0K, PF:0K # 0K, P:0K)
[5] -
[6] 0.004787 -0.001325 (2) CM -0.001259 (2) WT +J(CM:2, PgRf:2, Rd:0/2, Dy:0/0, Lg:0/0) +M(C:-56K, Fs:65, WS:204K # 0K, PF:148K # 0K, P:148K)
[7] 0.000005 +J(0)
[8] 0.003421 -0.000901 (1) CM -0.000828 (1) WT +J(CM:1, PgRf:1, Rd:4/1, Dy:0/0, Lg:0/0) +M(C:92K, Fs:53, WS:184K # 0K, PF:288K # 0K, P:288K)
[9] -
[10] -
[11] -
[12] 0.000323 +J(CM:0, PgRf:0, Rd:0/0, Dy:0/0, Lg:54/1) +M(C:0K, Fs:3, WS:12K # 0K, PF:20K # 0K, P:20K)
[13] 0.005160 -0.003304 (5) CM -0.003146 (5) WT +J(CM:5, PgRf:23, Rd:0/5, Dy:0/0, Lg:0/0) +M(C:-44K, Fs:40, WS:32K # 0K, PF:-12K # 0K, P:-12K)
[14] 0.002590 -0.002275 (3) CM -0.002174 (3) WT +J(CM:3, PgRf:40, Rd:0/3, Dy:0/0, Lg:0/0) +M(C:40K, Fs:19, WS:-8K # 0K, PF:104K # 0K, P:104K)
[15] 0.001075 -0.001009 (1) CM -0.000976 (1) WT +J(CM:1, PgRf:1, Rd:0/1, Dy:0/0, Lg:0/0) +M(C:-28K, Fs:8, WS:4K # 0K, PF:-28K # 0K, P:-28K)
[16] 0.000024 +J(CM:0, PgRf:1, Rd:0/0, Dy:0/0, Lg:0/0) +M(C:0K, Fs:1, WS:4K # 0K, PF:0K # 0K, P:0K)
[17] 0.000085 +J(CM:0, PgRf:48, Rd:0/0, Dy:0/0, Lg:0/0) +M(C:0K, Fs:5, WS:20K # 0K, PF:0K # 0K, P:0K)
[18] 0.000001 +J(0)
[19] 0.0 +J(0)
[20] 0.000035 +J(CM:0, PgRf:2, Rd:0/0, Dy:0/0, Lg:0/0) +M(C:0K, Fs:3, WS:12K # 0K, PF:4K # 0K, P:4K).",0 0,"lgposAttach = 00000003:0384:0268,
dbv = 1568.290.600 (9600)",
2026-06-05T23:52:55.936525Z,"{'#attributes': {'Qualifiers': 0}, '#text': 330}",dc.danglingtree.htb,NTDS ISAM,Directory Service,712,4,,,NTDS,"852,D,2,0",,,NTDSA: ,C:\WINDOWS\NTDS\temp.edb,0x2580 (9600),9600 (0x2580),9620 (0x2594),,,
2026-06-05T23:52:55.936862Z,"{'#attributes': {'Qualifiers': 0}, '#text': 700}",dc.danglingtree.htb,NTDS ISAM,Directory Service,713,4,,,NTDS,"852,D,0,0",,,NTDSA: ,C:\WINDOWS\NTDS\ntds.dit,,,,,,
2026-06-05T23:52:56.764268Z,"{'#attributes': {'Qualifiers': 0}, '#text': 701}",dc.danglingtree.htb,NTDS ISAM,Directory Service,714,4,,,NTDS,"852,D,0,0",,,NTDSA: ,C:\WINDOWS\NTDS\ntds.dit,1,6/5/2026,0,1,1,13
2026-06-05T23:52:55.917645Z,"{'#attributes': {'Qualifiers': 16384}, '#text': 3033}",dc.danglingtree.htb,Microsoft-Windows-ActiveDirectory_DomainService,Directory Service,715,4,,,,,,,,,,,,,,
2026-06-05T23:52:55.919656Z,"{'#attributes': {'Qualifiers': 16384}, '#text': 3027}",dc.danglingtree.htb,Microsoft-Windows-ActiveDirectory_DomainService,Directory Service,716,4,,3600,,,,,,,,,,,,
2026-06-05T23:52:55.943520Z,"{'#attributes': {'Qualifiers': 16384}, '#text': 1869}",dc.danglingtree.htb,Microsoft-Windows-ActiveDirectory_DomainService,Directory Service,717,4,,,\\dc.danglingtree.htb,Default-First-Site-Name,,,,,,,,,,
2026-06-05T23:55:06.660372Z,"{'#attributes': {'Qualifiers': 0}, '#text': 103}",dc.danglingtree.htb,NTDS ISAM,Directory Service,718,4,,,NTDS,"852,T,97,0",,,NTDSA: ,0,"
[1] 0.000010 +J(0)
[2] 0.000033 +J(0) +M(C:0K, Fs:1, WS:4K # 0K, PF:0K # 0K, P:0K)
[3] 0.000004 +J(0)
[4] 0.000009 +J(0)
[5] 0.028654 -0.008459 (7) WT +J(0) +M(C:520K, Fs:473, WS:540K # 0K, PF:520K # 0K, P:520K)
[6] 0.000085 +J(0)
[7] 0.000086 +J(0)
[8] 0.036885 -0.020969 (10) WT +J(CM:0, PgRf:0, Rd:0/0, Dy:0/0, Lg:2705/2) +M(C:0K, Fs:9, WS:-220K # 0K, PF:-220K # 0K, P:-220K)
[9] 0.001980 -0.001541 (1) WT +J(CM:0, PgRf:0, Rd:0/0, Dy:0/0, Lg:66/1) +M(C:0K, Fs:1, WS:4K # 0K, PF:0K # 0K, P:0K)
[10] 0.000025 +J(0)
[11] 0.004787 -0.001959 (2) WT +J(0)
[12] 0.000025 +J(0) +M(C:0K, Fs:0, WS:-4K # 0K, PF:-4K # 0K, P:-4K)
[13] 0.000093 +J(0)
[14] 0.000215 +J(0) +M(C:0K, Fs:0, WS:-556K # 0K, PF:-568K # 0K, P:-568K)
[15] 0.000006 +J(0).",0,,,,
2026-06-05T23:55:06.551928Z,"{'#attributes': {'Qualifiers': 16384}, '#text': 2179}",dc.danglingtree.htb,Microsoft-Windows-ActiveDirectory_DomainService,Directory Service,719,4,,4579664178600357159,,,,,,,,,,,,
2026-06-05T23:55:06.666945Z,"{'#attributes': {'Qualifiers': 16384}, '#text': 1004}",dc.danglingtree.htb,Microsoft-Windows-ActiveDirectory_DomainService,Directory Service,720,4,,,,,,,,,,,,,,
2026-06-05T23:57:04.313048Z,"{'#attributes': {'Qualifiers': 32768}, '#text': 3051}",dc.danglingtree.htb,Microsoft-Windows-ActiveDirectory_DomainService,Directory Service,721,3,,,,,,,,,,,,,,
2026-06-05T23:57:04.313048Z,"{'#attributes': {'Qualifiers': 32768}, '#text': 3054}",dc.danglingtree.htb,Microsoft-Windows-ActiveDirectory_DomainService,Directory Service,722,3,,,,,,,,,,,,,,
2026-06-05T23:57:04.525216Z,"{'#attributes': {'Qualifiers': 16384}, '#text': 2121}",dc.danglingtree.htb,Microsoft-Windows-ActiveDirectory_DomainService,Directory Service,723,4,,,,,,,,,,,,,,
2026-06-05T23:57:04.525216Z,"{'#attributes': {'Qualifiers': 16384}, '#text': 2406}",dc.danglingtree.htb,Microsoft-Windows-ActiveDirectory_DomainService,Directory Service,724,4,,Recycle Bin Feature,,,,,,,,,,,,
2026-06-05T23:57:04.525216Z,"{'#attributes': {'Qualifiers': 16384}, '#text': 2406}",dc.danglingtree.htb,Microsoft-Windows-ActiveDirectory_DomainService,Directory Service,725,4,,Privileged Access Management Feature,,,,,,,,,,,,
2026-06-05T23:57:04.525216Z,"{'#attributes': {'Qualifiers': 16384}, '#text': 2406}",dc.danglingtree.htb,Microsoft-Windows-ActiveDirectory_DomainService,Directory Service,726,4,,Database 32k Pages Feature,,,,,,,,,,,,
2026-06-05T23:57:04.525216Z,"{'#attributes': {'Qualifiers': 16384}, '#text': 2168}",dc.danglingtree.htb,Microsoft-Windows-ActiveDirectory_DomainService,Directory Service,727,4,,4579664178600357159,,,,,,,,,,,,
2026-06-05T23:57:04.525216Z,"{'#attributes': {'Qualifiers': 16384}, '#text': 2172}",dc.danglingtree.htb,Microsoft-Windows-ActiveDirectory_DomainService,Directory Service,728,4,,4579664178600357159,,,,,,,,,,,,
2026-06-05T23:57:04.546453Z,"{'#attributes': {'Qualifiers': 16384}, '#text': 2405}",dc.danglingtree.htb,Microsoft-Windows-ActiveDirectory_DomainService,Directory Service,729,4,,Database 32k Pages Feature,,,,,,,,,,,,
2026-06-05T23:57:04.546453Z,"{'#attributes': {'Qualifiers': 16384}, '#text': 2405}",dc.danglingtree.htb,Microsoft-Windows-ActiveDirectory_DomainService,Directory Service,730,4,,Privileged Access Management Feature,,,,,,,,,,,,
2026-06-05T23:57:04.546453Z,"{'#attributes': {'Qualifiers': 16384}, '#text': 2120}",dc.danglingtree.htb,Microsoft-Windows-ActiveDirectory_DomainService,Directory Service,731,4,,,,,,,,,,,,,,
2026-06-05T23:57:04.546453Z,"{'#attributes': {'Qualifiers': 16384}, '#text': 2405}",dc.danglingtree.htb,Microsoft-Windows-ActiveDirectory_DomainService,Directory Service,732,4,,Recycle Bin Feature,,,,,,,,,,,,
2026-06-05T23:57:14.555387Z,"{'#attributes': {'Qualifiers': 16384}, '#text': 1000}",dc.danglingtree.htb,Microsoft-Windows-ActiveDirectory_DomainService,Directory Service,733,4,,,,,,,,,,,,,,
2026-06-05T23:57:44.566355Z,"{'#attributes': {'Qualifiers': 16384}, '#text': 1394}",dc.danglingtree.htb,Microsoft-Windows-ActiveDirectory_DomainService,Directory Service,734,4,,,,,,,,,,,,,,
2026-06-06T00:12:14.797850Z,"{'#attributes': {'Qualifiers': 0}, '#text': 102}",dc.danglingtree.htb,NTDS ISAM,Directory Service,735,4,,,NTDS,"836,P,98,0",,,NTDSA: ,0,10,00,26100,0000,,
2026-06-06T00:12:14.798541Z,"{'#attributes': {'Qualifiers': 0}, '#text': 105}",dc.danglingtree.htb,NTDS ISAM,Directory Service,736,4,,,NTDS,"836,D,0,0",,,NTDSA: ,0,0.156,"
[1] 0.002249 +J(0) +M(C:0K, Fs:152, WS:592K # 100K, PF:5296K # 2416K, P:5296K)
[2] 0.004523 +J(0) +M(C:64K, Fs:94, WS:364K # 364K, PF:364K # 364K, P:364K)
[3] 0.000345 +J(0) +M(C:0K, Fs:3, WS:12K # 12K, PF:64K # 64K, P:64K)
[4] 0.013928 -0.000231 (1) WT +J(0) +M(C:0K, Fs:126, WS:432K # 432K, PF:5980K # 5980K, P:5980K)
[5] 0.000414 +J(0) +M(C:0K, Fs:3, WS:12K # 12K, PF:8K # 8K, P:8K)
[6] 0.004239 +J(0) +M(C:0K, Fs:18, WS:68K # 68K, PF:20K # 20K, P:20K)
[7] 0.077156 -0.068707 (21) WT +J(0) +M(C:0K, Fs:2580, WS:10300K # 10300K, PF:10260K # 10260K, P:10260K)
[8] -
[9] -
[10] -
[11] -
[12] -
[13] 0.051719 -0.046064 (22) WT +J(CM:0, PgRf:0, Rd:0/0, Dy:0/0, Lg:616/1) +M(C:0K, Fs:14, WS:-10200K # 20K, PF:-10252K # 12K, P:-10252K)
[14] 0.000023 +J(0)
[15] 0.000683 +J(0) +M(C:0K, Fs:411, WS:1644K # 0K, PF:64K # 0K, P:64K)
[16] 0.000640 -0.000340 (1) WT +J(0) +M(C:0K, Fs:2, WS:0K # 0K, PF:0K # 0K, P:0K).","RBSOn = 0
",,,
2026-06-06T00:12:14.798936Z,"{'#attributes': {'Qualifiers': 0}, '#text': 330}",dc.danglingtree.htb,NTDS ISAM,Directory Service,737,4,,,NTDS,"836,D,50,0",,,NTDSA: ,C:\WINDOWS\NTDS\ntds.dit,0x2580 (9600),9600 (0x2580),9620 (0x2594),,,
2026-06-06T00:12:14.799367Z,"{'#attributes': {'Qualifiers': 0}, '#text': 326}",dc.danglingtree.htb,NTDS ISAM,Directory Service,738,4,,,NTDS,"836,D,50,0",,,NTDSA: ,1,C:\WINDOWS\NTDS\ntds.dit,0,"
[1] 0.000006 +J(0) +M(C:0K, Fs:1, WS:4K # 0K, PF:0K # 0K, P:0K)
[2] 0.000732 -0.000371 (1) WT +J(0) +M(C:0K, Fs:28, WS:48K # 0K, PF:32K # 0K, P:32K)
[3] 0.006106 -0.002937 (6) WT +J(CM:0, PgRf:0, Rd:0/0, Dy:0/0, Lg:3480/2) +M(C:0K, Fs:35, WS:100K # 0K, PF:116K # 0K, P:116K)
[4] 0.000857 +J(0) +M(C:0K, Fs:1, WS:4K # 0K, PF:0K # 0K, P:0K)
[5] -
[6] 0.005471 -0.001836 (2) CM -0.001762 (2) WT +J(CM:2, PgRf:2, Rd:0/2, Dy:0/0, Lg:0/0) +M(C:-56K, Fs:66, WS:204K # 0K, PF:152K # 0K, P:152K)
[7] 0.000005 +J(0)
[8] 0.003084 -0.000847 (1) CM -0.000818 (1) WT +J(CM:1, PgRf:1, Rd:4/1, Dy:0/0, Lg:0/0) +M(C:156K, Fs:69, WS:248K # 0K, PF:352K # 0K, P:352K)
[9] -
[10] -
[11] -
[12] 0.000300 +J(CM:0, PgRf:0, Rd:0/0, Dy:0/0, Lg:54/1) +M(C:0K, Fs:3, WS:12K # 0K, PF:20K # 0K, P:20K)
[13] 0.004077 -0.002603 (3) CM -0.002510 (3) WT +J(CM:3, PgRf:23, Rd:0/3, Dy:0/0, Lg:0/0) +M(C:-116K, Fs:19, WS:-40K # 0K, PF:-84K # 0K, P:-84K)
[14] 0.002482 -0.002178 (3) CM -0.002097 (3) WT +J(CM:3, PgRf:40, Rd:0/3, Dy:0/0, Lg:0/0) +M(C:-16K, Fs:19, WS:0K # 0K, PF:48K # 0K, P:48K)
[15] 0.001016 -0.000957 (1) CM -0.000928 (1) WT +J(CM:1, PgRf:1, Rd:0/1, Dy:0/0, Lg:0/0) +M(C:0K, Fs:7, WS:0K # 0K, PF:0K # 0K, P:0K)
[16] 0.000020 +J(CM:0, PgRf:1, Rd:0/0, Dy:0/0, Lg:0/0) +M(C:0K, Fs:1, WS:4K # 0K, PF:0K # 0K, P:0K)
[17] 0.000080 +J(CM:0, PgRf:48, Rd:0/0, Dy:0/0, Lg:0/0) +M(C:0K, Fs:5, WS:20K # 0K, PF:0K # 0K, P:0K)
[18] 0.0 +J(0)
[19] 0.0 +J(0)
[20] 0.000035 +J(CM:0, PgRf:2, Rd:0/0, Dy:0/0, Lg:0/0) +M(C:0K, Fs:3, WS:12K # 0K, PF:4K # 0K, P:4K).",0 0,"lgposAttach = 00000003:040E:0268,
dbv = 1568.290.600 (9600)",
2026-06-06T00:12:14.799883Z,"{'#attributes': {'Qualifiers': 0}, '#text': 330}",dc.danglingtree.htb,NTDS ISAM,Directory Service,739,4,,,NTDS,"836,D,2,0",,,NTDSA: ,C:\WINDOWS\NTDS\temp.edb,0x2580 (9600),9600 (0x2580),9620 (0x2594),,,
2026-06-06T00:12:14.800236Z,"{'#attributes': {'Qualifiers': 0}, '#text': 700}",dc.danglingtree.htb,NTDS ISAM,Directory Service,740,4,,,NTDS,"836,D,0,0",,,NTDSA: ,C:\WINDOWS\NTDS\ntds.dit,,,,,,
2026-06-06T00:12:14.969136Z,"{'#attributes': {'Qualifiers': 0}, '#text': 701}",dc.danglingtree.htb,NTDS ISAM,Directory Service,741,4,,,NTDS,"836,D,0,0",,,NTDSA: ,C:\WINDOWS\NTDS\ntds.dit,1,6/5/2026,0,1,1,14
2026-06-06T00:12:14.794346Z,"{'#attributes': {'Qualifiers': 16384}, '#text': 3033}",dc.danglingtree.htb,Microsoft-Windows-ActiveDirectory_DomainService,Directory Service,742,4,,,,,,,,,,,,,,
2026-06-06T00:12:14.794346Z,"{'#attributes': {'Qualifiers': 16384}, '#text': 3027}",dc.danglingtree.htb,Microsoft-Windows-ActiveDirectory_DomainService,Directory Service,743,4,,3600,,,,,,,,,,,,
2026-06-06T00:12:14.802407Z,"{'#attributes': {'Qualifiers': 16384}, '#text': 1869}",dc.danglingtree.htb,Microsoft-Windows-ActiveDirectory_DomainService,Directory Service,744,4,,,\\dc.danglingtree.htb,Default-First-Site-Name,,,,,,,,,,
2026-06-06T03:56:13.712656Z,"{'#attributes': {'Qualifiers': 16384}, '#text': 2179}",dc.danglingtree.htb,Microsoft-Windows-ActiveDirectory_DomainService,Directory Service,745,4,,4579664178600357159,,,,,,,,,,,,
2026-06-06T03:56:15.499911Z,"{'#attributes': {'Qualifiers': 16384}, '#text': 1004}",dc.danglingtree.htb,Microsoft-Windows-ActiveDirectory_DomainService,Directory Service,746,4,,,,,,,,,,,,,,
2026-06-06T03:56:49.247047Z,"{'#attributes': {'Qualifiers': 32768}, '#text': 3051}",dc.danglingtree.htb,Microsoft-Windows-ActiveDirectory_DomainService,Directory Service,747,3,,,,,,,,,,,,,,
2026-06-06T03:56:49.247511Z,"{'#attributes': {'Qualifiers': 32768}, '#text': 3054}",dc.danglingtree.htb,Microsoft-Windows-ActiveDirectory_DomainService,Directory Service,748,3,,,,,,,,,,,,,,
2026-06-06T03:56:49.448505Z,"{'#attributes': {'Qualifiers': 16384}, '#text': 2121}",dc.danglingtree.htb,Microsoft-Windows-ActiveDirectory_DomainService,Directory Service,749,4,,,,,,,,,,,,,,
2026-06-06T03:56:49.448505Z,"{'#attributes': {'Qualifiers': 16384}, '#text': 2406}",dc.danglingtree.htb,Microsoft-Windows-ActiveDirectory_DomainService,Directory Service,750,4,,Recycle Bin Feature,,,,,,,,,,,,
2026-06-06T03:56:49.448505Z,"{'#attributes': {'Qualifiers': 16384}, '#text': 2406}",dc.danglingtree.htb,Microsoft-Windows-ActiveDirectory_DomainService,Directory Service,751,4,,Privileged Access Management Feature,,,,,,,,,,,,
2026-06-06T03:56:49.448505Z,"{'#attributes': {'Qualifiers': 16384}, '#text': 2406}",dc.danglingtree.htb,Microsoft-Windows-ActiveDirectory_DomainService,Directory Service,752,4,,Database 32k Pages Feature,,,,,,,,,,,,
2026-06-06T03:56:49.448505Z,"{'#attributes': {'Qualifiers': 16384}, '#text': 2168}",dc.danglingtree.htb,Microsoft-Windows-ActiveDirectory_DomainService,Directory Service,753,4,,4579664178600357159,,,,,,,,,,,,
2026-06-06T03:56:49.450518Z,"{'#attributes': {'Qualifiers': 16384}, '#text': 2172}",dc.danglingtree.htb,Microsoft-Windows-ActiveDirectory_DomainService,Directory Service,754,4,,4579664178600357159,,,,,,,,,,,,
2026-06-06T03:56:49.458333Z,"{'#attributes': {'Qualifiers': 16384}, '#text': 2405}",dc.danglingtree.htb,Microsoft-Windows-ActiveDirectory_DomainService,Directory Service,755,4,,Privileged Access Management Feature,,,,,,,,,,,,
2026-06-06T03:56:49.460342Z,"{'#attributes': {'Qualifiers': 16384}, '#text': 2120}",dc.danglingtree.htb,Microsoft-Windows-ActiveDirectory_DomainService,Directory Service,756,4,,,,,,,,,,,,,,
2026-06-06T03:56:49.460342Z,"{'#attributes': {'Qualifiers': 16384}, '#text': 2405}",dc.danglingtree.htb,Microsoft-Windows-ActiveDirectory_DomainService,Directory Service,757,4,,Recycle Bin Feature,,,,,,,,,,,,
