2026-03-28T00:19:54.856473Z,"{'#attributes': {'Qualifiers': 16384}, '#text': 1000}",dc.danglingtree.htb,Microsoft-Windows-ActiveDirectory_DomainService,Directory Service,340,4,,,,,,,,,,,,,,
2026-03-28T00:20:24.855474Z,"{'#attributes': {'Qualifiers': 16384}, '#text': 1394}",dc.danglingtree.htb,Microsoft-Windows-ActiveDirectory_DomainService,Directory Service,341,4,,,,,,,,,,,,,,
2026-03-28T00:25:24.651996Z,"{'#attributes': {'Qualifiers': 16384}, '#text': 2179}",dc.danglingtree.htb,Microsoft-Windows-ActiveDirectory_DomainService,Directory Service,342,4,,9386127171187442977,,,,,,,,,,,,
2026-03-28T00:25:27.876283Z,"{'#attributes': {'Qualifiers': 16384}, '#text': 1004}",dc.danglingtree.htb,Microsoft-Windows-ActiveDirectory_DomainService,Directory Service,343,4,,,,,,,,,,,,,,
2026-03-28T00:25:40.648331Z,"{'#attributes': {'Qualifiers': 32768}, '#text': 3051}",dc.danglingtree.htb,Microsoft-Windows-ActiveDirectory_DomainService,Directory Service,344,3,,,,,,,,,,,,,,
2026-03-28T00:25:40.648331Z,"{'#attributes': {'Qualifiers': 32768}, '#text': 3054}",dc.danglingtree.htb,Microsoft-Windows-ActiveDirectory_DomainService,Directory Service,345,3,,,,,,,,,,,,,,
2026-03-28T00:25:41.187846Z,"{'#attributes': {'Qualifiers': 16384}, '#text': 2121}",dc.danglingtree.htb,Microsoft-Windows-ActiveDirectory_DomainService,Directory Service,346,4,,,,,,,,,,,,,,
2026-03-28T00:25:41.187846Z,"{'#attributes': {'Qualifiers': 16384}, '#text': 2406}",dc.danglingtree.htb,Microsoft-Windows-ActiveDirectory_DomainService,Directory Service,347,4,,Recycle Bin Feature,,,,,,,,,,,,
2026-03-28T00:25:41.187846Z,"{'#attributes': {'Qualifiers': 16384}, '#text': 2406}",dc.danglingtree.htb,Microsoft-Windows-ActiveDirectory_DomainService,Directory Service,348,4,,Privileged Access Management Feature,,,,,,,,,,,,
2026-03-28T00:25:41.187846Z,"{'#attributes': {'Qualifiers': 16384}, '#text': 2406}",dc.danglingtree.htb,Microsoft-Windows-ActiveDirectory_DomainService,Directory Service,349,4,,Database 32k Pages Feature,,,,,,,,,,,,
2026-03-28T00:25:41.187846Z,"{'#attributes': {'Qualifiers': 16384}, '#text': 2168}",dc.danglingtree.htb,Microsoft-Windows-ActiveDirectory_DomainService,Directory Service,350,4,,9386127171187442977,,,,,,,,,,,,
2026-03-28T00:25:41.187846Z,"{'#attributes': {'Qualifiers': 16384}, '#text': 2172}",dc.danglingtree.htb,Microsoft-Windows-ActiveDirectory_DomainService,Directory Service,351,4,,9386127171187442977,,,,,,,,,,,,
2026-03-28T00:25:41.187846Z,"{'#attributes': {'Qualifiers': 16384}, '#text': 2405}",dc.danglingtree.htb,Microsoft-Windows-ActiveDirectory_DomainService,Directory Service,352,4,,Database 32k Pages Feature,,,,,,,,,,,,
2026-03-28T00:25:41.187846Z,"{'#attributes': {'Qualifiers': 16384}, '#text': 2405}",dc.danglingtree.htb,Microsoft-Windows-ActiveDirectory_DomainService,Directory Service,353,4,,Privileged Access Management Feature,,,,,,,,,,,,
2026-03-28T00:25:41.187846Z,"{'#attributes': {'Qualifiers': 16384}, '#text': 2120}",dc.danglingtree.htb,Microsoft-Windows-ActiveDirectory_DomainService,Directory Service,354,4,,,,,,,,,,,,,,
2026-03-28T00:25:41.187846Z,"{'#attributes': {'Qualifiers': 16384}, '#text': 2405}",dc.danglingtree.htb,Microsoft-Windows-ActiveDirectory_DomainService,Directory Service,355,4,,Recycle Bin Feature,,,,,,,,,,,,
2026-03-28T00:25:51.210374Z,"{'#attributes': {'Qualifiers': 16384}, '#text': 1000}",dc.danglingtree.htb,Microsoft-Windows-ActiveDirectory_DomainService,Directory Service,356,4,,,,,,,,,,,,,,
2026-03-28T00:26:21.211506Z,"{'#attributes': {'Qualifiers': 16384}, '#text': 1394}",dc.danglingtree.htb,Microsoft-Windows-ActiveDirectory_DomainService,Directory Service,357,4,,,,,,,,,,,,,,
2026-03-28T00:35:39.802771Z,"{'#attributes': {'Qualifiers': 16384}, '#text': 2179}",dc.danglingtree.htb,Microsoft-Windows-ActiveDirectory_DomainService,Directory Service,358,4,,9386127171187442977,,,,,,,,,,,,
2026-03-28T00:35:40.425452Z,"{'#attributes': {'Qualifiers': 16384}, '#text': 1004}",dc.danglingtree.htb,Microsoft-Windows-ActiveDirectory_DomainService,Directory Service,359,4,,,,,,,,,,,,,,
2026-03-28T00:35:55.267383Z,"{'#attributes': {'Qualifiers': 32768}, '#text': 3051}",dc.danglingtree.htb,Microsoft-Windows-ActiveDirectory_DomainService,Directory Service,360,3,,,,,,,,,,,,,,
2026-03-28T00:35:55.267383Z,"{'#attributes': {'Qualifiers': 32768}, '#text': 3054}",dc.danglingtree.htb,Microsoft-Windows-ActiveDirectory_DomainService,Directory Service,361,3,,,,,,,,,,,,,,
2026-03-28T00:35:55.684271Z,"{'#attributes': {'Qualifiers': 16384}, '#text': 2121}",dc.danglingtree.htb,Microsoft-Windows-ActiveDirectory_DomainService,Directory Service,362,4,,,,,,,,,,,,,,
2026-03-28T00:35:55.684271Z,"{'#attributes': {'Qualifiers': 16384}, '#text': 2406}",dc.danglingtree.htb,Microsoft-Windows-ActiveDirectory_DomainService,Directory Service,363,4,,Recycle Bin Feature,,,,,,,,,,,,
2026-03-28T00:35:55.684271Z,"{'#attributes': {'Qualifiers': 16384}, '#text': 2406}",dc.danglingtree.htb,Microsoft-Windows-ActiveDirectory_DomainService,Directory Service,364,4,,Privileged Access Management Feature,,,,,,,,,,,,
2026-03-28T00:35:55.684271Z,"{'#attributes': {'Qualifiers': 16384}, '#text': 2406}",dc.danglingtree.htb,Microsoft-Windows-ActiveDirectory_DomainService,Directory Service,365,4,,Database 32k Pages Feature,,,,,,,,,,,,
2026-03-28T00:35:55.684271Z,"{'#attributes': {'Qualifiers': 16384}, '#text': 2168}",dc.danglingtree.htb,Microsoft-Windows-ActiveDirectory_DomainService,Directory Service,366,4,,9386127171187442977,,,,,,,,,,,,
2026-03-28T00:35:55.684271Z,"{'#attributes': {'Qualifiers': 16384}, '#text': 2172}",dc.danglingtree.htb,Microsoft-Windows-ActiveDirectory_DomainService,Directory Service,367,4,,9386127171187442977,,,,,,,,,,,,
2026-03-28T00:35:55.692839Z,"{'#attributes': {'Qualifiers': 16384}, '#text': 2405}",dc.danglingtree.htb,Microsoft-Windows-ActiveDirectory_DomainService,Directory Service,368,4,,Database 32k Pages Feature,,,,,,,,,,,,
2026-03-28T00:35:55.692839Z,"{'#attributes': {'Qualifiers': 16384}, '#text': 2405}",dc.danglingtree.htb,Microsoft-Windows-ActiveDirectory_DomainService,Directory Service,369,4,,Privileged Access Management Feature,,,,,,,,,,,,
2026-03-28T00:35:55.692839Z,"{'#attributes': {'Qualifiers': 16384}, '#text': 2120}",dc.danglingtree.htb,Microsoft-Windows-ActiveDirectory_DomainService,Directory Service,370,4,,,,,,,,,,,,,,
2026-03-28T00:35:55.692839Z,"{'#attributes': {'Qualifiers': 16384}, '#text': 2405}",dc.danglingtree.htb,Microsoft-Windows-ActiveDirectory_DomainService,Directory Service,371,4,,Recycle Bin Feature,,,,,,,,,,,,
2026-03-28T00:36:05.704361Z,"{'#attributes': {'Qualifiers': 16384}, '#text': 1000}",dc.danglingtree.htb,Microsoft-Windows-ActiveDirectory_DomainService,Directory Service,372,4,,,,,,,,,,,,,,
2026-03-28T00:36:35.713838Z,"{'#attributes': {'Qualifiers': 16384}, '#text': 1394}",dc.danglingtree.htb,Microsoft-Windows-ActiveDirectory_DomainService,Directory Service,373,4,,,,,,,,,,,,,,
2026-03-28T00:51:05.771004Z,"{'#attributes': {'Qualifiers': 0}, '#text': 102}",dc.danglingtree.htb,NTDS ISAM,Directory Service,374,4,,,NTDS,"844,P,98,0",,,NTDSA: ,0,10,00,26100,0000,,
2026-03-28T00:51:05.771266Z,"{'#attributes': {'Qualifiers': 0}, '#text': 105}",dc.danglingtree.htb,NTDS ISAM,Directory Service,375,4,,,NTDS,"844,D,0,0",,,NTDSA: ,0,0.026,"
[1] 0.000626 +J(0) +M(C:0K, Fs:185, WS:716K # 100K, PF:5456K # 2412K, P:5456K)
[2] 0.000873 +J(0) +M(C:64K, Fs:95, WS:372K # 372K, PF:368K # 368K, P:368K)
[3] 0.000101 +J(0) +M(C:0K, Fs:3, WS:12K # 12K, PF:64K # 64K, P:64K)
[4] 0.003789 -0.000090 (1) WT +J(0) +M(C:0K, Fs:147, WS:508K # 508K, PF:6088K # 6088K, P:6088K)
[5] 0.000121 +J(0) +M(C:0K, Fs:2, WS:8K # 8K, PF:4K # 4K, P:4K)
[6] 0.001030 +J(0) +M(C:0K, Fs:17, WS:64K # 64K, PF:16K # 16K, P:16K)
[7] 0.009674 -0.006358 (21) WT +J(0) +M(C:0K, Fs:2580, WS:10300K # 10300K, PF:10260K # 10260K, P:10260K)
[8] -
[9] -
[10] -
[11] -
[12] -
[13] 0.009041 -0.005687 (22) WT +J(CM:0, PgRf:0, Rd:0/0, Dy:0/0, Lg:616/1) +M(C:0K, Fs:13, WS:-10200K # 20K, PF:-10256K # 12K, P:-10256K)
[14] 0.000022 +J(0) +M(C:0K, Fs:2, WS:8K # 0K, PF:8K # 0K, P:8K)
[15] 0.000256 +J(0) +M(C:0K, Fs:412, WS:1644K # 0K, PF:68K # 0K, P:68K)
[16] 0.000349 -0.000196 (1) WT +J(0) +M(C:0K, Fs:2, WS:0K # 0K, PF:0K # 0K, P:0K).","RBSOn = 0
",,,
2026-03-28T00:51:05.771443Z,"{'#attributes': {'Qualifiers': 0}, '#text': 330}",dc.danglingtree.htb,NTDS ISAM,Directory Service,376,4,,,NTDS,"844,D,50,0",,,NTDSA: ,C:\WINDOWS\NTDS\ntds.dit,0x2580 (9600),9600 (0x2580),9620 (0x2594),,,
2026-03-28T00:51:05.771532Z,"{'#attributes': {'Qualifiers': 0}, '#text': 326}",dc.danglingtree.htb,NTDS ISAM,Directory Service,377,4,,,NTDS,"844,D,50,0",,,NTDSA: ,1,C:\WINDOWS\NTDS\ntds.dit,0,"
[1] 0.000004 +J(0) +M(C:0K, Fs:1, WS:4K # 0K, PF:0K # 0K, P:0K)
[2] 0.000401 -0.000206 (1) WT +J(0) +M(C:0K, Fs:28, WS:48K # 0K, PF:32K # 0K, P:32K)
[3] 0.002595 -0.001018 (6) WT +J(CM:0, PgRf:0, Rd:0/0, Dy:0/0, Lg:3480/2) +M(C:0K, Fs:36, WS:108K # 0K, PF:140K # 0K, P:140K)
[4] 0.000297 +J(0) +M(C:0K, Fs:1, WS:4K # 0K, PF:0K # 0K, P:0K)
[5] -
[6] 0.001493 -0.000209 (2) CM -0.000170 (2) WT +J(CM:2, PgRf:2, Rd:0/2, Dy:0/0, Lg:0/0) +M(C:-56K, Fs:65, WS:204K # 0K, PF:148K # 0K, P:148K)
[7] 0.000002 +J(0)
[8] 0.000904 -0.000078 (1) CM -0.000056 (1) WT +J(CM:1, PgRf:1, Rd:4/1, Dy:0/0, Lg:0/0) +M(C:156K, Fs:69, WS:248K # 0K, PF:352K # 0K, P:352K)
[9] -
[10] -
[11] -
[12] 0.000158 +J(CM:0, PgRf:0, Rd:0/0, Dy:0/0, Lg:54/1) +M(C:0K, Fs:3, WS:12K # 0K, PF:20K # 0K, P:20K)
[13] 0.000839 -0.000326 (3) CM -0.000265 (3) WT +J(CM:3, PgRf:23, Rd:0/3, Dy:0/0, Lg:0/0) +M(C:-108K, Fs:19, WS:-32K # 0K, PF:-76K # 0K, P:-76K)
[14] 0.000335 -0.000228 (3) CM -0.000174 (3) WT +J(CM:3, PgRf:40, Rd:0/3, Dy:0/0, Lg:0/0) +M(C:-24K, Fs:19, WS:-8K # 0K, PF:40K # 0K, P:40K)
[15] 0.000083 -0.000063 (1) CM -0.000047 (1) WT +J(CM:1, PgRf:1, Rd:0/1, Dy:0/0, Lg:0/0) +M(C:0K, Fs:7, WS:0K # 0K, PF:0K # 0K, P:0K)
[16] 0.000007 +J(CM:0, PgRf:1, Rd:0/0, Dy:0/0, Lg:0/0) +M(C:0K, Fs:1, WS:4K # 0K, PF:0K # 0K, P:0K)
[17] 0.000129 -0.000074 (1) CM -0.000058 (1) WT +J(CM:1, PgRf:48, Rd:0/1, Dy:0/0, Lg:0/0) +M(C:0K, Fs:12, WS:20K # 0K, PF:0K # 0K, P:0K)
[18] 0.000001 +J(0)
[19] 0.0 +J(0)
[20] 0.000100 -0.000065 (1) CM -0.000046 (1) WT +J(CM:1, PgRf:2, Rd:0/1, Dy:0/0, Lg:0/0) +M(C:0K, Fs:9, WS:8K # 0K, PF:0K # 0K, P:0K).",0 0,"lgposAttach = 00000003:0169:0268,
dbv = 1568.290.600 (9600)",
2026-03-28T00:51:05.771694Z,"{'#attributes': {'Qualifiers': 0}, '#text': 330}",dc.danglingtree.htb,NTDS ISAM,Directory Service,378,4,,,NTDS,"844,D,2,0",,,NTDSA: ,C:\WINDOWS\NTDS\temp.edb,0x2580 (9600),9600 (0x2580),9620 (0x2594),,,
2026-03-28T00:51:05.771771Z,"{'#attributes': {'Qualifiers': 0}, '#text': 700}",dc.danglingtree.htb,NTDS ISAM,Directory Service,379,4,,,NTDS,"844,D,0,0",,,NTDSA: ,C:\WINDOWS\NTDS\ntds.dit,,,,,,
2026-03-28T00:51:05.795099Z,"{'#attributes': {'Qualifiers': 0}, '#text': 701}",dc.danglingtree.htb,NTDS ISAM,Directory Service,380,4,,,NTDS,"844,D,0,0",,,NTDSA: ,C:\WINDOWS\NTDS\ntds.dit,0,3/27/2026,0,1,1,10
2026-03-28T00:51:05.765733Z,"{'#attributes': {'Qualifiers': 16384}, '#text': 3033}",dc.danglingtree.htb,Microsoft-Windows-ActiveDirectory_DomainService,Directory Service,381,4,,,,,,,,,,,,,,
2026-03-28T00:51:05.765733Z,"{'#attributes': {'Qualifiers': 16384}, '#text': 3027}",dc.danglingtree.htb,Microsoft-Windows-ActiveDirectory_DomainService,Directory Service,382,4,,3600,,,,,,,,,,,,
2026-03-28T00:51:05.765733Z,"{'#attributes': {'Qualifiers': 16384}, '#text': 1869}",dc.danglingtree.htb,Microsoft-Windows-ActiveDirectory_DomainService,Directory Service,383,4,,,\\dc.danglingtree.htb,Default-First-Site-Name,,,,,,,,,,
2026-03-28T00:52:51.308212Z,"{'#attributes': {'Qualifiers': 16384}, '#text': 2179}",dc.danglingtree.htb,Microsoft-Windows-ActiveDirectory_DomainService,Directory Service,384,4,,9386127171187442977,,,,,,,,,,,,
2026-03-28T00:52:52.600194Z,"{'#attributes': {'Qualifiers': 16384}, '#text': 1004}",dc.danglingtree.htb,Microsoft-Windows-ActiveDirectory_DomainService,Directory Service,385,4,,,,,,,,,,,,,,
2026-03-28T00:53:05.272039Z,"{'#attributes': {'Qualifiers': 32768}, '#text': 3051}",dc.danglingtree.htb,Microsoft-Windows-ActiveDirectory_DomainService,Directory Service,386,3,,,,,,,,,,,,,,
2026-03-28T00:53:05.272039Z,"{'#attributes': {'Qualifiers': 32768}, '#text': 3054}",dc.danglingtree.htb,Microsoft-Windows-ActiveDirectory_DomainService,Directory Service,387,3,,,,,,,,,,,,,,
2026-03-28T00:53:05.525884Z,"{'#attributes': {'Qualifiers': 16384}, '#text': 2121}",dc.danglingtree.htb,Microsoft-Windows-ActiveDirectory_DomainService,Directory Service,388,4,,,,,,,,,,,,,,
2026-03-28T00:53:05.525884Z,"{'#attributes': {'Qualifiers': 16384}, '#text': 2406}",dc.danglingtree.htb,Microsoft-Windows-ActiveDirectory_DomainService,Directory Service,389,4,,Recycle Bin Feature,,,,,,,,,,,,
2026-03-28T00:53:05.525884Z,"{'#attributes': {'Qualifiers': 16384}, '#text': 2406}",dc.danglingtree.htb,Microsoft-Windows-ActiveDirectory_DomainService,Directory Service,390,4,,Privileged Access Management Feature,,,,,,,,,,,,
2026-03-28T00:53:05.525884Z,"{'#attributes': {'Qualifiers': 16384}, '#text': 2406}",dc.danglingtree.htb,Microsoft-Windows-ActiveDirectory_DomainService,Directory Service,391,4,,Database 32k Pages Feature,,,,,,,,,,,,
2026-03-28T00:53:05.525884Z,"{'#attributes': {'Qualifiers': 16384}, '#text': 2168}",dc.danglingtree.htb,Microsoft-Windows-ActiveDirectory_DomainService,Directory Service,392,4,,9386127171187442977,,,,,,,,,,,,
2026-03-28T00:53:05.525884Z,"{'#attributes': {'Qualifiers': 16384}, '#text': 2172}",dc.danglingtree.htb,Microsoft-Windows-ActiveDirectory_DomainService,Directory Service,393,4,,9386127171187442977,,,,,,,,,,,,
2026-03-28T00:53:05.525884Z,"{'#attributes': {'Qualifiers': 16384}, '#text': 2405}",dc.danglingtree.htb,Microsoft-Windows-ActiveDirectory_DomainService,Directory Service,394,4,,Database 32k Pages Feature,,,,,,,,,,,,
2026-03-28T00:53:05.538595Z,"{'#attributes': {'Qualifiers': 16384}, '#text': 2405}",dc.danglingtree.htb,Microsoft-Windows-ActiveDirectory_DomainService,Directory Service,395,4,,Privileged Access Management Feature,,,,,,,,,,,,
2026-03-28T00:53:05.538595Z,"{'#attributes': {'Qualifiers': 16384}, '#text': 2120}",dc.danglingtree.htb,Microsoft-Windows-ActiveDirectory_DomainService,Directory Service,396,4,,,,,,,,,,,,,,
2026-03-28T00:53:05.538595Z,"{'#attributes': {'Qualifiers': 16384}, '#text': 2405}",dc.danglingtree.htb,Microsoft-Windows-ActiveDirectory_DomainService,Directory Service,397,4,,Recycle Bin Feature,,,,,,,,,,,,
2026-03-28T00:53:15.549480Z,"{'#attributes': {'Qualifiers': 16384}, '#text': 1000}",dc.danglingtree.htb,Microsoft-Windows-ActiveDirectory_DomainService,Directory Service,398,4,,,,,,,,,,,,,,
2026-03-28T00:53:45.574597Z,"{'#attributes': {'Qualifiers': 16384}, '#text': 1394}",dc.danglingtree.htb,Microsoft-Windows-ActiveDirectory_DomainService,Directory Service,399,4,,,,,,,,,,,,,,
2026-03-28T00:56:30.756061Z,"{'#attributes': {'Qualifiers': 16384}, '#text': 2179}",dc.danglingtree.htb,Microsoft-Windows-ActiveDirectory_DomainService,Directory Service,400,4,,9386127171187442977,,,,,,,,,,,,
2026-03-28T00:56:31.413933Z,"{'#attributes': {'Qualifiers': 16384}, '#text': 1004}",dc.danglingtree.htb,Microsoft-Windows-ActiveDirectory_DomainService,Directory Service,401,4,,,,,,,,,,,,,,
2026-03-28T00:56:46.190120Z,"{'#attributes': {'Qualifiers': 32768}, '#text': 3051}",dc.danglingtree.htb,Microsoft-Windows-ActiveDirectory_DomainService,Directory Service,402,3,,,,,,,,,,,,,,
2026-03-28T00:56:46.190120Z,"{'#attributes': {'Qualifiers': 32768}, '#text': 3054}",dc.danglingtree.htb,Microsoft-Windows-ActiveDirectory_DomainService,Directory Service,403,3,,,,,,,,,,,,,,
2026-03-28T00:56:46.770596Z,"{'#attributes': {'Qualifiers': 16384}, '#text': 2121}",dc.danglingtree.htb,Microsoft-Windows-ActiveDirectory_DomainService,Directory Service,404,4,,,,,,,,,,,,,,
2026-03-28T00:56:46.770596Z,"{'#attributes': {'Qualifiers': 16384}, '#text': 2406}",dc.danglingtree.htb,Microsoft-Windows-ActiveDirectory_DomainService,Directory Service,405,4,,Recycle Bin Feature,,,,,,,,,,,,
2026-03-28T00:56:46.770596Z,"{'#attributes': {'Qualifiers': 16384}, '#text': 2406}",dc.danglingtree.htb,Microsoft-Windows-ActiveDirectory_DomainService,Directory Service,406,4,,Privileged Access Management Feature,,,,,,,,,,,,
2026-03-28T00:56:46.770596Z,"{'#attributes': {'Qualifiers': 16384}, '#text': 2406}",dc.danglingtree.htb,Microsoft-Windows-ActiveDirectory_DomainService,Directory Service,407,4,,Database 32k Pages Feature,,,,,,,,,,,,
2026-03-28T00:56:46.770596Z,"{'#attributes': {'Qualifiers': 16384}, '#text': 2168}",dc.danglingtree.htb,Microsoft-Windows-ActiveDirectory_DomainService,Directory Service,408,4,,9386127171187442977,,,,,,,,,,,,
2026-03-28T00:56:46.770596Z,"{'#attributes': {'Qualifiers': 16384}, '#text': 2172}",dc.danglingtree.htb,Microsoft-Windows-ActiveDirectory_DomainService,Directory Service,409,4,,9386127171187442977,,,,,,,,,,,,
2026-03-28T00:56:46.770596Z,"{'#attributes': {'Qualifiers': 16384}, '#text': 2405}",dc.danglingtree.htb,Microsoft-Windows-ActiveDirectory_DomainService,Directory Service,410,4,,Database 32k Pages Feature,,,,,,,,,,,,
2026-03-28T00:56:46.770596Z,"{'#attributes': {'Qualifiers': 16384}, '#text': 2405}",dc.danglingtree.htb,Microsoft-Windows-ActiveDirectory_DomainService,Directory Service,411,4,,Privileged Access Management Feature,,,,,,,,,,,,
2026-03-28T00:56:46.770596Z,"{'#attributes': {'Qualifiers': 16384}, '#text': 2120}",dc.danglingtree.htb,Microsoft-Windows-ActiveDirectory_DomainService,Directory Service,412,4,,,,,,,,,,,,,,
2026-03-28T00:56:46.770596Z,"{'#attributes': {'Qualifiers': 16384}, '#text': 2405}",dc.danglingtree.htb,Microsoft-Windows-ActiveDirectory_DomainService,Directory Service,413,4,,Recycle Bin Feature,,,,,,,,,,,,
2026-03-28T00:56:56.798471Z,"{'#attributes': {'Qualifiers': 16384}, '#text': 1000}",dc.danglingtree.htb,Microsoft-Windows-ActiveDirectory_DomainService,Directory Service,414,4,,,,,,,,,,,,,,
2026-03-28T00:57:26.806832Z,"{'#attributes': {'Qualifiers': 16384}, '#text': 1394}",dc.danglingtree.htb,Microsoft-Windows-ActiveDirectory_DomainService,Directory Service,415,4,,,,,,,,,,,,,,
2026-03-28T01:05:40.018903Z,"{'#attributes': {'Qualifiers': 16384}, '#text': 2179}",dc.danglingtree.htb,Microsoft-Windows-ActiveDirectory_DomainService,Directory Service,416,4,,9386127171187442977,,,,,,,,,,,,
2026-03-28T01:05:40.992686Z,"{'#attributes': {'Qualifiers': 16384}, '#text': 1004}",dc.danglingtree.htb,Microsoft-Windows-ActiveDirectory_DomainService,Directory Service,417,4,,,,,,,,,,,,,,
2026-03-28T01:05:54.850362Z,"{'#attributes': {'Qualifiers': 32768}, '#text': 3051}",dc.danglingtree.htb,Microsoft-Windows-ActiveDirectory_DomainService,Directory Service,418,3,,,,,,,,,,,,,,
2026-03-28T01:05:54.850362Z,"{'#attributes': {'Qualifiers': 32768}, '#text': 3054}",dc.danglingtree.htb,Microsoft-Windows-ActiveDirectory_DomainService,Directory Service,419,3,,,,,,,,,,,,,,
2026-03-28T01:05:55.128397Z,"{'#attributes': {'Qualifiers': 16384}, '#text': 2121}",dc.danglingtree.htb,Microsoft-Windows-ActiveDirectory_DomainService,Directory Service,420,4,,,,,,,,,,,,,,
2026-03-28T01:05:55.128397Z,"{'#attributes': {'Qualifiers': 16384}, '#text': 2406}",dc.danglingtree.htb,Microsoft-Windows-ActiveDirectory_DomainService,Directory Service,421,4,,Recycle Bin Feature,,,,,,,,,,,,
2026-03-28T01:05:55.128397Z,"{'#attributes': {'Qualifiers': 16384}, '#text': 2406}",dc.danglingtree.htb,Microsoft-Windows-ActiveDirectory_DomainService,Directory Service,422,4,,Privileged Access Management Feature,,,,,,,,,,,,
2026-03-28T01:05:55.128397Z,"{'#attributes': {'Qualifiers': 16384}, '#text': 2406}",dc.danglingtree.htb,Microsoft-Windows-ActiveDirectory_DomainService,Directory Service,423,4,,Database 32k Pages Feature,,,,,,,,,,,,
2026-03-28T01:05:55.128397Z,"{'#attributes': {'Qualifiers': 16384}, '#text': 2168}",dc.danglingtree.htb,Microsoft-Windows-ActiveDirectory_DomainService,Directory Service,424,4,,9386127171187442977,,,,,,,,,,,,
2026-03-28T01:05:55.128397Z,"{'#attributes': {'Qualifiers': 16384}, '#text': 2172}",dc.danglingtree.htb,Microsoft-Windows-ActiveDirectory_DomainService,Directory Service,425,4,,9386127171187442977,,,,,,,,,,,,
2026-03-28T01:05:55.134695Z,"{'#attributes': {'Qualifiers': 16384}, '#text': 2405}",dc.danglingtree.htb,Microsoft-Windows-ActiveDirectory_DomainService,Directory Service,426,4,,Database 32k Pages Feature,,,,,,,,,,,,
2026-03-28T01:05:55.134695Z,"{'#attributes': {'Qualifiers': 16384}, '#text': 2405}",dc.danglingtree.htb,Microsoft-Windows-ActiveDirectory_DomainService,Directory Service,427,4,,Privileged Access Management Feature,,,,,,,,,,,,
2026-03-28T01:05:55.134695Z,"{'#attributes': {'Qualifiers': 16384}, '#text': 2120}",dc.danglingtree.htb,Microsoft-Windows-ActiveDirectory_DomainService,Directory Service,428,4,,,,,,,,,,,,,,
2026-03-28T01:05:55.134695Z,"{'#attributes': {'Qualifiers': 16384}, '#text': 2405}",dc.danglingtree.htb,Microsoft-Windows-ActiveDirectory_DomainService,Directory Service,429,4,,Recycle Bin Feature,,,,,,,,,,,,
2026-03-28T01:06:05.173357Z,"{'#attributes': {'Qualifiers': 16384}, '#text': 1000}",dc.danglingtree.htb,Microsoft-Windows-ActiveDirectory_DomainService,Directory Service,430,4,,,,,,,,,,,,,,
2026-03-28T01:06:35.167764Z,"{'#attributes': {'Qualifiers': 16384}, '#text': 1394}",dc.danglingtree.htb,Microsoft-Windows-ActiveDirectory_DomainService,Directory Service,431,4,,,,,,,,,,,,,,
2026-03-28T01:07:55.168074Z,"{'#attributes': {'Qualifiers': 16384}, '#text': 2179}",dc.danglingtree.htb,Microsoft-Windows-ActiveDirectory_DomainService,Directory Service,432,4,,9386127171187442977,,,,,,,,,,,,
2026-03-28T01:07:58.126303Z,"{'#attributes': {'Qualifiers': 16384}, '#text': 1004}",dc.danglingtree.htb,Microsoft-Windows-ActiveDirectory_DomainService,Directory Service,433,4,,,,,,,,,,,,,,
2026-03-28T01:08:10.033568Z,"{'#attributes': {'Qualifiers': 32768}, '#text': 3051}",dc.danglingtree.htb,Microsoft-Windows-ActiveDirectory_DomainService,Directory Service,434,3,,,,,,,,,,,,,,
2026-03-28T01:08:10.033568Z,"{'#attributes': {'Qualifiers': 32768}, '#text': 3054}",dc.danglingtree.htb,Microsoft-Windows-ActiveDirectory_DomainService,Directory Service,435,3,,,,,,,,,,,,,,
2026-03-28T01:08:10.857249Z,"{'#attributes': {'Qualifiers': 16384}, '#text': 2121}",dc.danglingtree.htb,Microsoft-Windows-ActiveDirectory_DomainService,Directory Service,436,4,,,,,,,,,,,,,,
2026-03-28T01:08:10.857249Z,"{'#attributes': {'Qualifiers': 16384}, '#text': 2406}",dc.danglingtree.htb,Microsoft-Windows-ActiveDirectory_DomainService,Directory Service,437,4,,Recycle Bin Feature,,,,,,,,,,,,
2026-03-28T01:08:10.857249Z,"{'#attributes': {'Qualifiers': 16384}, '#text': 2406}",dc.danglingtree.htb,Microsoft-Windows-ActiveDirectory_DomainService,Directory Service,438,4,,Privileged Access Management Feature,,,,,,,,,,,,
2026-03-28T01:08:10.857249Z,"{'#attributes': {'Qualifiers': 16384}, '#text': 2406}",dc.danglingtree.htb,Microsoft-Windows-ActiveDirectory_DomainService,Directory Service,439,4,,Database 32k Pages Feature,,,,,,,,,,,,
2026-03-28T01:08:10.859257Z,"{'#attributes': {'Qualifiers': 16384}, '#text': 2168}",dc.danglingtree.htb,Microsoft-Windows-ActiveDirectory_DomainService,Directory Service,440,4,,9386127171187442977,,,,,,,,,,,,
2026-03-28T01:08:10.859257Z,"{'#attributes': {'Qualifiers': 16384}, '#text': 2172}",dc.danglingtree.htb,Microsoft-Windows-ActiveDirectory_DomainService,Directory Service,441,4,,9386127171187442977,,,,,,,,,,,,
2026-03-28T01:08:10.867343Z,"{'#attributes': {'Qualifiers': 16384}, '#text': 2405}",dc.danglingtree.htb,Microsoft-Windows-ActiveDirectory_DomainService,Directory Service,442,4,,Database 32k Pages Feature,,,,,,,,,,,,
2026-03-28T01:08:10.867343Z,"{'#attributes': {'Qualifiers': 16384}, '#text': 2405}",dc.danglingtree.htb,Microsoft-Windows-ActiveDirectory_DomainService,Directory Service,443,4,,Privileged Access Management Feature,,,,,,,,,,,,
2026-03-28T01:08:10.867343Z,"{'#attributes': {'Qualifiers': 16384}, '#text': 2120}",dc.danglingtree.htb,Microsoft-Windows-ActiveDirectory_DomainService,Directory Service,444,4,,,,,,,,,,,,,,
2026-03-28T01:08:10.867343Z,"{'#attributes': {'Qualifiers': 16384}, '#text': 2405}",dc.danglingtree.htb,Microsoft-Windows-ActiveDirectory_DomainService,Directory Service,445,4,,Recycle Bin Feature,,,,,,,,,,,,
2026-03-28T01:08:20.877491Z,"{'#attributes': {'Qualifiers': 16384}, '#text': 1000}",dc.danglingtree.htb,Microsoft-Windows-ActiveDirectory_DomainService,Directory Service,446,4,,,,,,,,,,,,,,
2026-03-28T01:08:50.891826Z,"{'#attributes': {'Qualifiers': 16384}, '#text': 1394}",dc.danglingtree.htb,Microsoft-Windows-ActiveDirectory_DomainService,Directory Service,447,4,,,,,,,,,,,,,,
2026-03-28T01:19:33.443803Z,"{'#attributes': {'Qualifiers': 16384}, '#text': 2179}",dc.danglingtree.htb,Microsoft-Windows-ActiveDirectory_DomainService,Directory Service,448,4,,9386127171187442977,,,,,,,,,,,,
2026-03-28T01:19:35.326100Z,"{'#attributes': {'Qualifiers': 16384}, '#text': 1004}",dc.danglingtree.htb,Microsoft-Windows-ActiveDirectory_DomainService,Directory Service,449,4,,,,,,,,,,,,,,
2026-04-04T23:29:13.434950Z,"{'#attributes': {'Qualifiers': 32768}, '#text': 3051}",dc.danglingtree.htb,Microsoft-Windows-ActiveDirectory_DomainService,Directory Service,450,3,,,,,,,,,,,,,,
2026-04-04T23:29:13.434950Z,"{'#attributes': {'Qualifiers': 32768}, '#text': 3054}",dc.danglingtree.htb,Microsoft-Windows-ActiveDirectory_DomainService,Directory Service,451,3,,,,,,,,,,,,,,
2026-04-04T23:29:13.869777Z,"{'#attributes': {'Qualifiers': 16384}, '#text': 2121}",dc.danglingtree.htb,Microsoft-Windows-ActiveDirectory_DomainService,Directory Service,452,4,,,,,,,,,,,,,,
2026-04-04T23:29:13.871785Z,"{'#attributes': {'Qualifiers': 16384}, '#text': 2406}",dc.danglingtree.htb,Microsoft-Windows-ActiveDirectory_DomainService,Directory Service,453,4,,Recycle Bin Feature,,,,,,,,,,,,
2026-04-04T23:29:13.871785Z,"{'#attributes': {'Qualifiers': 16384}, '#text': 2406}",dc.danglingtree.htb,Microsoft-Windows-ActiveDirectory_DomainService,Directory Service,454,4,,Privileged Access Management Feature,,,,,,,,,,,,
2026-04-04T23:29:13.871785Z,"{'#attributes': {'Qualifiers': 16384}, '#text': 2406}",dc.danglingtree.htb,Microsoft-Windows-ActiveDirectory_DomainService,Directory Service,455,4,,Database 32k Pages Feature,,,,,,,,,,,,
2026-04-04T23:29:13.871785Z,"{'#attributes': {'Qualifiers': 16384}, '#text': 2168}",dc.danglingtree.htb,Microsoft-Windows-ActiveDirectory_DomainService,Directory Service,456,4,,3101351921401390161,,,,,,,,,,,,
2026-04-04T23:29:13.871785Z,"{'#attributes': {'Qualifiers': 16384}, '#text': 2172}",dc.danglingtree.htb,Microsoft-Windows-ActiveDirectory_DomainService,Directory Service,457,4,,9386127171187442977,,,,,,,,,,,,
2026-04-04T23:29:13.871785Z,"{'#attributes': {'Qualifiers': 32768}, '#text': 2170}",dc.danglingtree.htb,Microsoft-Windows-ActiveDirectory_DomainService,Directory Service,458,3,,,9386127171187442977,3101351921401390161,,,,,,,,,,
2026-04-04T23:29:13.876315Z,"{'#attributes': {'Qualifiers': 16384}, '#text': 1109}",dc.danglingtree.htb,Microsoft-Windows-ActiveDirectory_DomainService,Directory Service,459,4,,,d790e8cf-5759-4e38-8dbb-a9396e621e95,1534c97d-7c22-474a-ab8a-b8478a18568b,,,90132,,,,,,,
2026-04-04T23:29:13.888705Z,"{'#attributes': {'Qualifiers': 16384}, '#text': 2208}",dc.danglingtree.htb,Microsoft-Windows-ActiveDirectory_DomainService,Directory Service,460,4,,,,,,,,,,,,,,
2026-04-04T23:29:13.890718Z,"{'#attributes': {'Qualifiers': 16384}, '#text': 2179}",dc.danglingtree.htb,Microsoft-Windows-ActiveDirectory_DomainService,Directory Service,461,4,,3101351921401390161,,,,,,,,,,,,
2026-04-04T23:29:13.898322Z,"{'#attributes': {'Qualifiers': 16384}, '#text': 2405}",dc.danglingtree.htb,Microsoft-Windows-ActiveDirectory_DomainService,Directory Service,462,4,,Database 32k Pages Feature,,,,,,,,,,,,
2026-04-04T23:29:13.898322Z,"{'#attributes': {'Qualifiers': 16384}, '#text': 2405}",dc.danglingtree.htb,Microsoft-Windows-ActiveDirectory_DomainService,Directory Service,463,4,,Privileged Access Management Feature,,,,,,,,,,,,
2026-04-04T23:29:13.898322Z,"{'#attributes': {'Qualifiers': 16384}, '#text': 2120}",dc.danglingtree.htb,Microsoft-Windows-ActiveDirectory_DomainService,Directory Service,464,4,,,,,,,,,,,,,,
2026-04-04T23:29:13.898322Z,"{'#attributes': {'Qualifiers': 16384}, '#text': 2405}",dc.danglingtree.htb,Microsoft-Windows-ActiveDirectory_DomainService,Directory Service,465,4,,Recycle Bin Feature,,,,,,,,,,,,
2026-04-04T23:29:23.904764Z,"{'#attributes': {'Qualifiers': 16384}, '#text': 1000}",dc.danglingtree.htb,Microsoft-Windows-ActiveDirectory_DomainService,Directory Service,466,4,,,,,,,,,,,,,,
2026-04-04T23:29:53.921140Z,"{'#attributes': {'Qualifiers': 16384}, '#text': 1394}",dc.danglingtree.htb,Microsoft-Windows-ActiveDirectory_DomainService,Directory Service,467,4,,,,,,,,,,,,,,
2026-04-04T23:33:29.653969Z,"{'#attributes': {'Qualifiers': 16384}, '#text': 2179}",dc.danglingtree.htb,Microsoft-Windows-ActiveDirectory_DomainService,Directory Service,468,4,,3101351921401390161,,,,,,,,,,,,
2026-04-04T23:33:30.301597Z,"{'#attributes': {'Qualifiers': 16384}, '#text': 1004}",dc.danglingtree.htb,Microsoft-Windows-ActiveDirectory_DomainService,Directory Service,469,4,,,,,,,,,,,,,,
2026-04-04T23:47:38.917347Z,"{'#attributes': {'Qualifiers': 32768}, '#text': 3051}",dc.danglingtree.htb,Microsoft-Windows-ActiveDirectory_DomainService,Directory Service,470,3,,,,,,,,,,,,,,
2026-04-04T23:47:38.917347Z,"{'#attributes': {'Qualifiers': 32768}, '#text': 3054}",dc.danglingtree.htb,Microsoft-Windows-ActiveDirectory_DomainService,Directory Service,471,3,,,,,,,,,,,,,,
2026-04-04T23:47:39.157968Z,"{'#attributes': {'Qualifiers': 16384}, '#text': 2121}",dc.danglingtree.htb,Microsoft-Windows-ActiveDirectory_DomainService,Directory Service,472,4,,,,,,,,,,,,,,
2026-04-04T23:47:39.157968Z,"{'#attributes': {'Qualifiers': 16384}, '#text': 2406}",dc.danglingtree.htb,Microsoft-Windows-ActiveDirectory_DomainService,Directory Service,473,4,,Recycle Bin Feature,,,,,,,,,,,,
2026-04-04T23:47:39.157968Z,"{'#attributes': {'Qualifiers': 16384}, '#text': 2406}",dc.danglingtree.htb,Microsoft-Windows-ActiveDirectory_DomainService,Directory Service,474,4,,Privileged Access Management Feature,,,,,,,,,,,,
2026-04-04T23:47:39.157968Z,"{'#attributes': {'Qualifiers': 16384}, '#text': 2406}",dc.danglingtree.htb,Microsoft-Windows-ActiveDirectory_DomainService,Directory Service,475,4,,Database 32k Pages Feature,,,,,,,,,,,,
2026-04-04T23:47:39.157968Z,"{'#attributes': {'Qualifiers': 16384}, '#text': 2168}",dc.danglingtree.htb,Microsoft-Windows-ActiveDirectory_DomainService,Directory Service,476,4,,3101351921401390161,,,,,,,,,,,,
2026-04-04T23:47:39.157968Z,"{'#attributes': {'Qualifiers': 16384}, '#text': 2172}",dc.danglingtree.htb,Microsoft-Windows-ActiveDirectory_DomainService,Directory Service,477,4,,3101351921401390161,,,,,,,,,,,,
2026-04-04T23:47:39.166032Z,"{'#attributes': {'Qualifiers': 16384}, '#text': 2405}",dc.danglingtree.htb,Microsoft-Windows-ActiveDirectory_DomainService,Directory Service,478,4,,Database 32k Pages Feature,,,,,,,,,,,,
2026-04-04T23:47:39.166032Z,"{'#attributes': {'Qualifiers': 16384}, '#text': 2405}",dc.danglingtree.htb,Microsoft-Windows-ActiveDirectory_DomainService,Directory Service,479,4,,Privileged Access Management Feature,,,,,,,,,,,,
2026-04-04T23:47:39.166032Z,"{'#attributes': {'Qualifiers': 16384}, '#text': 2120}",dc.danglingtree.htb,Microsoft-Windows-ActiveDirectory_DomainService,Directory Service,480,4,,,,,,,,,,,,,,
2026-04-04T23:47:39.166032Z,"{'#attributes': {'Qualifiers': 16384}, '#text': 2405}",dc.danglingtree.htb,Microsoft-Windows-ActiveDirectory_DomainService,Directory Service,481,4,,Recycle Bin Feature,,,,,,,,,,,,
2026-04-04T23:47:49.176474Z,"{'#attributes': {'Qualifiers': 16384}, '#text': 1000}",dc.danglingtree.htb,Microsoft-Windows-ActiveDirectory_DomainService,Directory Service,482,4,,,,,,,,,,,,,,
2026-04-04T23:48:19.179111Z,"{'#attributes': {'Qualifiers': 16384}, '#text': 1394}",dc.danglingtree.htb,Microsoft-Windows-ActiveDirectory_DomainService,Directory Service,483,4,,,,,,,,,,,,,,
2026-04-05T00:02:49.267017Z,"{'#attributes': {'Qualifiers': 0}, '#text': 102}",dc.danglingtree.htb,NTDS ISAM,Directory Service,484,4,,,NTDS,"852,P,98,0",,,NTDSA: ,0,10,00,26100,0000,,
2026-04-05T00:02:49.267308Z,"{'#attributes': {'Qualifiers': 0}, '#text': 105}",dc.danglingtree.htb,NTDS ISAM,Directory Service,485,4,,,NTDS,"852,D,0,0",,,NTDSA: ,0,0.040,"
[1] 0.000932 +J(0) +M(C:0K, Fs:185, WS:716K # 100K, PF:5456K # 2412K, P:5456K)
[2] 0.001138 +J(0) +M(C:64K, Fs:89, WS:348K # 348K, PF:344K # 344K, P:344K)
[3] 0.000260 +J(0) +M(C:0K, Fs:4, WS:12K # 12K, PF:68K # 68K, P:68K)
[4] 0.008919 -0.000200 (1) WT +J(0) +M(C:0K, Fs:142, WS:496K # 496K, PF:6060K # 6060K, P:6060K)
[5] 0.000440 +J(0) +M(C:0K, Fs:3, WS:12K # 12K, PF:12K # 12K, P:12K)
[6] 0.002155 +J(0) +M(C:0K, Fs:19, WS:72K # 72K, PF:20K # 20K, P:20K)
[7] 0.014120 -0.008980 (21) WT +J(0) +M(C:0K, Fs:2580, WS:10300K # 10300K, PF:10260K # 10260K, P:10260K)
[8] -
[9] -
[10] -
[11] -
[12] -
[13] 0.011507 -0.006643 (22) WT +J(CM:0, PgRf:0, Rd:0/0, Dy:0/0, Lg:616/1) +M(C:0K, Fs:13, WS:-10200K # 20K, PF:-10256K # 12K, P:-10256K)
[14] 0.000022 +J(0) +M(C:0K, Fs:2, WS:8K # 0K, PF:8K # 0K, P:8K)
[15] 0.000303 +J(0) +M(C:0K, Fs:412, WS:1644K # 0K, PF:68K # 0K, P:68K)
[16] 0.000357 -0.000147 (1) WT +J(0) +M(C:0K, Fs:2, WS:0K # 0K, PF:0K # 0K, P:0K).","RBSOn = 0
",,,
2026-04-05T00:02:49.267438Z,"{'#attributes': {'Qualifiers': 0}, '#text': 330}",dc.danglingtree.htb,NTDS ISAM,Directory Service,486,4,,,NTDS,"852,D,50,0",,,NTDSA: ,C:\WINDOWS\NTDS\ntds.dit,0x2580 (9600),9600 (0x2580),9620 (0x2594),,,
2026-04-05T00:02:49.267536Z,"{'#attributes': {'Qualifiers': 0}, '#text': 326}",dc.danglingtree.htb,NTDS ISAM,Directory Service,487,4,,,NTDS,"852,D,50,0",,,NTDSA: ,1,C:\WINDOWS\NTDS\ntds.dit,0,"
[1] 0.000005 +J(0) +M(C:0K, Fs:1, WS:4K # 0K, PF:0K # 0K, P:0K)
[2] 0.000380 -0.000120 (1) WT +J(0) +M(C:0K, Fs:28, WS:48K # 0K, PF:32K # 0K, P:32K)
[3] 0.003829 -0.001478 (6) WT +J(CM:0, PgRf:0, Rd:0/0, Dy:0/0, Lg:3480/2) +M(C:0K, Fs:37, WS:108K # 0K, PF:140K # 0K, P:140K)
[4] 0.000470 +J(0) +M(C:0K, Fs:1, WS:4K # 0K, PF:0K # 0K, P:0K)
[5] -
[6] 0.002004 -0.000360 (2) CM -0.000274 (2) WT +J(CM:2, PgRf:2, Rd:0/2, Dy:0/0, Lg:0/0) +M(C:-56K, Fs:66, WS:204K # 0K, PF:152K # 0K, P:152K)
[7] 0.000006 +J(0)
[8] 0.001438 -0.000129 (1) CM -0.000092 (1) WT +J(CM:1, PgRf:1, Rd:4/1, Dy:0/0, Lg:0/0) +M(C:92K, Fs:52, WS:180K # 0K, PF:284K # 0K, P:284K)
[9] -
[10] -
[11] -
[12] 0.000353 -0.000001 (1) WT +J(CM:0, PgRf:0, Rd:0/0, Dy:0/0, Lg:54/1) +M(C:0K, Fs:3, WS:12K # 0K, PF:20K # 0K, P:20K)
[13] 0.001857 -0.000881 (6) CM -0.000639 (6) WT +J(CM:6, PgRf:23, Rd:0/6, Dy:0/0, Lg:0/0) +M(C:-24K, Fs:44, WS:56K # 0K, PF:12K # 0K, P:12K)
[14] 0.002326 -0.001555 (4) CM -0.001230 (4) WT +J(CM:4, PgRf:40, Rd:0/4, Dy:0/0, Lg:0/0) +M(C:-24K, Fs:24, WS:-8K # 0K, PF:40K # 0K, P:40K)
[15] 0.000380 -0.000281 (1) CM -0.000203 (1) WT +J(CM:1, PgRf:1, Rd:0/1, Dy:0/0, Lg:0/0) +M(C:0K, Fs:7, WS:0K # 0K, PF:0K # 0K, P:0K)
[16] 0.000032 +J(CM:0, PgRf:1, Rd:0/0, Dy:0/0, Lg:0/0) +M(C:0K, Fs:1, WS:4K # 0K, PF:0K # 0K, P:0K)
[17] 0.000079 +J(CM:0, PgRf:48, Rd:0/0, Dy:0/0, Lg:0/0) +M(C:0K, Fs:5, WS:20K # 0K, PF:0K # 0K, P:0K)
[18] 0.000001 +J(0)
[19] 0.0 +J(0)
[20] 0.000052 +J(CM:0, PgRf:2, Rd:0/0, Dy:0/0, Lg:0/0) +M(C:0K, Fs:3, WS:12K # 0K, PF:4K # 0K, P:4K).",0 0,"lgposAttach = 00000003:01AC:0268,
dbv = 1568.290.600 (9600)",
2026-04-05T00:02:49.267716Z,"{'#attributes': {'Qualifiers': 0}, '#text': 330}",dc.danglingtree.htb,NTDS ISAM,Directory Service,488,4,,,NTDS,"852,D,2,0",,,NTDSA: ,C:\WINDOWS\NTDS\temp.edb,0x2580 (9600),9600 (0x2580),9620 (0x2594),,,
2026-04-05T00:02:49.267791Z,"{'#attributes': {'Qualifiers': 0}, '#text': 700}",dc.danglingtree.htb,NTDS ISAM,Directory Service,489,4,,,NTDS,"852,D,0,0",,,NTDSA: ,C:\WINDOWS\NTDS\ntds.dit,,,,,,
2026-04-05T00:02:49.301991Z,"{'#attributes': {'Qualifiers': 0}, '#text': 701}",dc.danglingtree.htb,NTDS ISAM,Directory Service,490,4,,,NTDS,"852,D,0,0",,,NTDSA: ,C:\WINDOWS\NTDS\ntds.dit,2,4/4/2026,0,1,1,11
2026-04-05T00:02:49.254785Z,"{'#attributes': {'Qualifiers': 16384}, '#text': 3033}",dc.danglingtree.htb,Microsoft-Windows-ActiveDirectory_DomainService,Directory Service,491,4,,,,,,,,,,,,,,
2026-04-05T00:02:49.254785Z,"{'#attributes': {'Qualifiers': 16384}, '#text': 3027}",dc.danglingtree.htb,Microsoft-Windows-ActiveDirectory_DomainService,Directory Service,492,4,,3600,,,,,,,,,,,,
2026-04-05T00:02:49.254785Z,"{'#attributes': {'Qualifiers': 16384}, '#text': 1869}",dc.danglingtree.htb,Microsoft-Windows-ActiveDirectory_DomainService,Directory Service,493,4,,,\\dc.danglingtree.htb,Default-First-Site-Name,,,,,,,,,,
2026-04-05T00:05:44.198006Z,"{'#attributes': {'Qualifiers': 16384}, '#text': 2179}",dc.danglingtree.htb,Microsoft-Windows-ActiveDirectory_DomainService,Directory Service,494,4,,3101351921401390161,,,,,,,,,,,,
2026-04-05T00:05:45.451791Z,"{'#attributes': {'Qualifiers': 16384}, '#text': 1004}",dc.danglingtree.htb,Microsoft-Windows-ActiveDirectory_DomainService,Directory Service,495,4,,,,,,,,,,,,,,
2026-04-05T00:52:19.309863Z,"{'#attributes': {'Qualifiers': 32768}, '#text': 3051}",dc.danglingtree.htb,Microsoft-Windows-ActiveDirectory_DomainService,Directory Service,496,3,,,,,,,,,,,,,,
2026-04-05T00:52:19.309863Z,"{'#attributes': {'Qualifiers': 32768}, '#text': 3054}",dc.danglingtree.htb,Microsoft-Windows-ActiveDirectory_DomainService,Directory Service,497,3,,,,,,,,,,,,,,
2026-04-05T00:52:19.509574Z,"{'#attributes': {'Qualifiers': 16384}, '#text': 2121}",dc.danglingtree.htb,Microsoft-Windows-ActiveDirectory_DomainService,Directory Service,498,4,,,,,,,,,,,,,,
2026-04-05T00:52:19.509574Z,"{'#attributes': {'Qualifiers': 16384}, '#text': 2406}",dc.danglingtree.htb,Microsoft-Windows-ActiveDirectory_DomainService,Directory Service,499,4,,Recycle Bin Feature,,,,,,,,,,,,
2026-04-05T00:52:19.509574Z,"{'#attributes': {'Qualifiers': 16384}, '#text': 2406}",dc.danglingtree.htb,Microsoft-Windows-ActiveDirectory_DomainService,Directory Service,500,4,,Privileged Access Management Feature,,,,,,,,,,,,
2026-04-05T00:52:19.509574Z,"{'#attributes': {'Qualifiers': 16384}, '#text': 2406}",dc.danglingtree.htb,Microsoft-Windows-ActiveDirectory_DomainService,Directory Service,501,4,,Database 32k Pages Feature,,,,,,,,,,,,
2026-04-05T00:52:19.509574Z,"{'#attributes': {'Qualifiers': 16384}, '#text': 2168}",dc.danglingtree.htb,Microsoft-Windows-ActiveDirectory_DomainService,Directory Service,502,4,,8356752112295529784,,,,,,,,,,,,
2026-04-05T00:52:19.509574Z,"{'#attributes': {'Qualifiers': 16384}, '#text': 2172}",dc.danglingtree.htb,Microsoft-Windows-ActiveDirectory_DomainService,Directory Service,503,4,,3101351921401390161,,,,,,,,,,,,
2026-04-05T00:52:19.509574Z,"{'#attributes': {'Qualifiers': 32768}, '#text': 2170}",dc.danglingtree.htb,Microsoft-Windows-ActiveDirectory_DomainService,Directory Service,504,3,,,3101351921401390161,8356752112295529784,,,,,,,,,,
2026-04-05T00:52:19.525366Z,"{'#attributes': {'Qualifiers': 16384}, '#text': 1109}",dc.danglingtree.htb,Microsoft-Windows-ActiveDirectory_DomainService,Directory Service,505,4,,,1534c97d-7c22-474a-ab8a-b8478a18568b,7cd1c386-ba9c-4bfb-aa88-f8c40070bb2f,,,98326,,,,,,,
2026-04-05T00:52:19.535901Z,"{'#attributes': {'Qualifiers': 16384}, '#text': 2208}",dc.danglingtree.htb,Microsoft-Windows-ActiveDirectory_DomainService,Directory Service,506,4,,,,,,,,,,,,,,
2026-04-05T00:52:19.539210Z,"{'#attributes': {'Qualifiers': 16384}, '#text': 2179}",dc.danglingtree.htb,Microsoft-Windows-ActiveDirectory_DomainService,Directory Service,507,4,,8356752112295529784,,,,,,,,,,,,
2026-04-05T00:52:19.546541Z,"{'#attributes': {'Qualifiers': 16384}, '#text': 2405}",dc.danglingtree.htb,Microsoft-Windows-ActiveDirectory_DomainService,Directory Service,508,4,,Database 32k Pages Feature,,,,,,,,,,,,
2026-04-05T00:52:19.546541Z,"{'#attributes': {'Qualifiers': 16384}, '#text': 2405}",dc.danglingtree.htb,Microsoft-Windows-ActiveDirectory_DomainService,Directory Service,509,4,,Privileged Access Management Feature,,,,,,,,,,,,
2026-04-05T00:52:19.547287Z,"{'#attributes': {'Qualifiers': 16384}, '#text': 2120}",dc.danglingtree.htb,Microsoft-Windows-ActiveDirectory_DomainService,Directory Service,510,4,,,,,,,,,,,,,,
2026-04-05T00:52:19.547287Z,"{'#attributes': {'Qualifiers': 16384}, '#text': 2405}",dc.danglingtree.htb,Microsoft-Windows-ActiveDirectory_DomainService,Directory Service,511,4,,Recycle Bin Feature,,,,,,,,,,,,
2026-04-05T00:52:29.565359Z,"{'#attributes': {'Qualifiers': 16384}, '#text': 1000}",dc.danglingtree.htb,Microsoft-Windows-ActiveDirectory_DomainService,Directory Service,512,4,,,,,,,,,,,,,,
2026-04-05T00:52:59.562488Z,"{'#attributes': {'Qualifiers': 16384}, '#text': 1394}",dc.danglingtree.htb,Microsoft-Windows-ActiveDirectory_DomainService,Directory Service,513,4,,,,,,,,,,,,,,
2026-04-05T01:01:42.768515Z,"{'#attributes': {'Qualifiers': 16384}, '#text': 2179}",dc.danglingtree.htb,Microsoft-Windows-ActiveDirectory_DomainService,Directory Service,514,4,,8356752112295529784,,,,,,,,,,,,
2026-04-05T01:01:44.665884Z,"{'#attributes': {'Qualifiers': 16384}, '#text': 1004}",dc.danglingtree.htb,Microsoft-Windows-ActiveDirectory_DomainService,Directory Service,515,4,,,,,,,,,,,,,,
2026-04-05T01:01:56.885214Z,"{'#attributes': {'Qualifiers': 32768}, '#text': 3051}",dc.danglingtree.htb,Microsoft-Windows-ActiveDirectory_DomainService,Directory Service,516,3,,,,,,,,,,,,,,
2026-04-05T01:01:56.885214Z,"{'#attributes': {'Qualifiers': 32768}, '#text': 3054}",dc.danglingtree.htb,Microsoft-Windows-ActiveDirectory_DomainService,Directory Service,517,3,,,,,,,,,,,,,,
2026-04-05T01:01:57.544726Z,"{'#attributes': {'Qualifiers': 16384}, '#text': 2121}",dc.danglingtree.htb,Microsoft-Windows-ActiveDirectory_DomainService,Directory Service,518,4,,,,,,,,,,,,,,
2026-04-05T01:01:57.544726Z,"{'#attributes': {'Qualifiers': 16384}, '#text': 2406}",dc.danglingtree.htb,Microsoft-Windows-ActiveDirectory_DomainService,Directory Service,519,4,,Recycle Bin Feature,,,,,,,,,,,,
2026-04-05T01:01:57.544726Z,"{'#attributes': {'Qualifiers': 16384}, '#text': 2406}",dc.danglingtree.htb,Microsoft-Windows-ActiveDirectory_DomainService,Directory Service,520,4,,Privileged Access Management Feature,,,,,,,,,,,,
2026-04-05T01:01:57.544726Z,"{'#attributes': {'Qualifiers': 16384}, '#text': 2406}",dc.danglingtree.htb,Microsoft-Windows-ActiveDirectory_DomainService,Directory Service,521,4,,Database 32k Pages Feature,,,,,,,,,,,,
2026-04-05T01:01:57.544726Z,"{'#attributes': {'Qualifiers': 16384}, '#text': 2168}",dc.danglingtree.htb,Microsoft-Windows-ActiveDirectory_DomainService,Directory Service,522,4,,8356752112295529784,,,,,,,,,,,,
2026-04-05T01:01:57.544726Z,"{'#attributes': {'Qualifiers': 16384}, '#text': 2172}",dc.danglingtree.htb,Microsoft-Windows-ActiveDirectory_DomainService,Directory Service,523,4,,8356752112295529784,,,,,,,,,,,,
2026-04-05T01:01:57.544726Z,"{'#attributes': {'Qualifiers': 16384}, '#text': 2405}",dc.danglingtree.htb,Microsoft-Windows-ActiveDirectory_DomainService,Directory Service,524,4,,Database 32k Pages Feature,,,,,,,,,,,,
2026-04-05T01:01:57.544726Z,"{'#attributes': {'Qualifiers': 16384}, '#text': 2405}",dc.danglingtree.htb,Microsoft-Windows-ActiveDirectory_DomainService,Directory Service,525,4,,Privileged Access Management Feature,,,,,,,,,,,,
2026-04-05T01:01:57.544726Z,"{'#attributes': {'Qualifiers': 16384}, '#text': 2120}",dc.danglingtree.htb,Microsoft-Windows-ActiveDirectory_DomainService,Directory Service,526,4,,,,,,,,,,,,,,
2026-04-05T01:01:57.544726Z,"{'#attributes': {'Qualifiers': 16384}, '#text': 2405}",dc.danglingtree.htb,Microsoft-Windows-ActiveDirectory_DomainService,Directory Service,527,4,,Recycle Bin Feature,,,,,,,,,,,,
2026-04-05T01:02:07.556594Z,"{'#attributes': {'Qualifiers': 16384}, '#text': 1000}",dc.danglingtree.htb,Microsoft-Windows-ActiveDirectory_DomainService,Directory Service,528,4,,,,,,,,,,,,,,
2026-04-05T01:02:37.588863Z,"{'#attributes': {'Qualifiers': 16384}, '#text': 1394}",dc.danglingtree.htb,Microsoft-Windows-ActiveDirectory_DomainService,Directory Service,529,4,,,,,,,,,,,,,,
2026-04-05T01:15:11.634034Z,"{'#attributes': {'Qualifiers': 16384}, '#text': 2179}",dc.danglingtree.htb,Microsoft-Windows-ActiveDirectory_DomainService,Directory Service,530,4,,8356752112295529784,,,,,,,,,,,,
2026-04-05T01:15:12.918866Z,"{'#attributes': {'Qualifiers': 16384}, '#text': 1004}",dc.danglingtree.htb,Microsoft-Windows-ActiveDirectory_DomainService,Directory Service,531,4,,,,,,,,,,,,,,
2026-04-05T01:40:08.347944Z,"{'#attributes': {'Qualifiers': 32768}, '#text': 3051}",dc.danglingtree.htb,Microsoft-Windows-ActiveDirectory_DomainService,Directory Service,532,3,,,,,,,,,,,,,,
2026-04-05T01:40:08.347944Z,"{'#attributes': {'Qualifiers': 32768}, '#text': 3054}",dc.danglingtree.htb,Microsoft-Windows-ActiveDirectory_DomainService,Directory Service,533,3,,,,,,,,,,,,,,
2026-04-05T01:40:08.527803Z,"{'#attributes': {'Qualifiers': 16384}, '#text': 2121}",dc.danglingtree.htb,Microsoft-Windows-ActiveDirectory_DomainService,Directory Service,534,4,,,,,,,,,,,,,,
2026-04-05T01:40:08.527803Z,"{'#attributes': {'Qualifiers': 16384}, '#text': 2406}",dc.danglingtree.htb,Microsoft-Windows-ActiveDirectory_DomainService,Directory Service,535,4,,Recycle Bin Feature,,,,,,,,,,,,
2026-04-05T01:40:08.527803Z,"{'#attributes': {'Qualifiers': 16384}, '#text': 2406}",dc.danglingtree.htb,Microsoft-Windows-ActiveDirectory_DomainService,Directory Service,536,4,,Privileged Access Management Feature,,,,,,,,,,,,
2026-04-05T01:40:08.527803Z,"{'#attributes': {'Qualifiers': 16384}, '#text': 2406}",dc.danglingtree.htb,Microsoft-Windows-ActiveDirectory_DomainService,Directory Service,537,4,,Database 32k Pages Feature,,,,,,,,,,,,
2026-04-05T01:40:08.529810Z,"{'#attributes': {'Qualifiers': 16384}, '#text': 2168}",dc.danglingtree.htb,Microsoft-Windows-ActiveDirectory_DomainService,Directory Service,538,4,,15146895035138935910,,,,,,,,,,,,
2026-04-05T01:40:08.529810Z,"{'#attributes': {'Qualifiers': 16384}, '#text': 2172}",dc.danglingtree.htb,Microsoft-Windows-ActiveDirectory_DomainService,Directory Service,539,4,,8356752112295529784,,,,,,,,,,,,
2026-04-05T01:40:08.529810Z,"{'#attributes': {'Qualifiers': 32768}, '#text': 2170}",dc.danglingtree.htb,Microsoft-Windows-ActiveDirectory_DomainService,Directory Service,540,3,,,8356752112295529784,15146895035138935910,,,,,,,,,,
2026-04-05T01:40:08.533860Z,"{'#attributes': {'Qualifiers': 16384}, '#text': 1109}",dc.danglingtree.htb,Microsoft-Windows-ActiveDirectory_DomainService,Directory Service,541,4,,,7cd1c386-ba9c-4bfb-aa88-f8c40070bb2f,bc69a20c-e342-458c-bf77-701f3148ab3d,,,106520,,,,,,,
2026-04-05T01:40:08.545760Z,"{'#attributes': {'Qualifiers': 16384}, '#text': 2208}",dc.danglingtree.htb,Microsoft-Windows-ActiveDirectory_DomainService,Directory Service,542,4,,,,,,,,,,,,,,
2026-04-05T01:40:08.547781Z,"{'#attributes': {'Qualifiers': 16384}, '#text': 2179}",dc.danglingtree.htb,Microsoft-Windows-ActiveDirectory_DomainService,Directory Service,543,4,,15146895035138935910,,,,,,,,,,,,
2026-04-05T01:40:08.554825Z,"{'#attributes': {'Qualifiers': 16384}, '#text': 2405}",dc.danglingtree.htb,Microsoft-Windows-ActiveDirectory_DomainService,Directory Service,544,4,,Database 32k Pages Feature,,,,,,,,,,,,
2026-04-05T01:40:08.554825Z,"{'#attributes': {'Qualifiers': 16384}, '#text': 2405}",dc.danglingtree.htb,Microsoft-Windows-ActiveDirectory_DomainService,Directory Service,545,4,,Privileged Access Management Feature,,,,,,,,,,,,
2026-04-05T01:40:08.555336Z,"{'#attributes': {'Qualifiers': 16384}, '#text': 2120}",dc.danglingtree.htb,Microsoft-Windows-ActiveDirectory_DomainService,Directory Service,546,4,,,,,,,,,,,,,,
2026-04-05T01:40:08.555336Z,"{'#attributes': {'Qualifiers': 16384}, '#text': 2405}",dc.danglingtree.htb,Microsoft-Windows-ActiveDirectory_DomainService,Directory Service,547,4,,Recycle Bin Feature,,,,,,,,,,,,
2026-04-05T01:40:18.563984Z,"{'#attributes': {'Qualifiers': 16384}, '#text': 1000}",dc.danglingtree.htb,Microsoft-Windows-ActiveDirectory_DomainService,Directory Service,548,4,,,,,,,,,,,,,,
2026-04-05T01:40:48.597132Z,"{'#attributes': {'Qualifiers': 16384}, '#text': 1394}",dc.danglingtree.htb,Microsoft-Windows-ActiveDirectory_DomainService,Directory Service,549,4,,,,,,,,,,,,,,
2026-04-05T01:42:32.324254Z,"{'#attributes': {'Qualifiers': 16384}, '#text': 2179}",dc.danglingtree.htb,Microsoft-Windows-ActiveDirectory_DomainService,Directory Service,550,4,,15146895035138935910,,,,,,,,,,,,
2026-04-05T01:42:33.921771Z,"{'#attributes': {'Qualifiers': 16384}, '#text': 1004}",dc.danglingtree.htb,Microsoft-Windows-ActiveDirectory_DomainService,Directory Service,551,4,,,,,,,,,,,,,,
2026-04-05T19:03:57.501292Z,"{'#attributes': {'Qualifiers': 32768}, '#text': 3051}",dc.danglingtree.htb,Microsoft-Windows-ActiveDirectory_DomainService,Directory Service,552,3,,,,,,,,,,,,,,
2026-04-05T19:03:57.501292Z,"{'#attributes': {'Qualifiers': 32768}, '#text': 3054}",dc.danglingtree.htb,Microsoft-Windows-ActiveDirectory_DomainService,Directory Service,553,3,,,,,,,,,,,,,,
2026-04-05T19:03:57.838707Z,"{'#attributes': {'Qualifiers': 16384}, '#text': 2121}",dc.danglingtree.htb,Microsoft-Windows-ActiveDirectory_DomainService,Directory Service,554,4,,,,,,,,,,,,,,
2026-04-05T19:03:57.838707Z,"{'#attributes': {'Qualifiers': 16384}, '#text': 2406}",dc.danglingtree.htb,Microsoft-Windows-ActiveDirectory_DomainService,Directory Service,555,4,,Recycle Bin Feature,,,,,,,,,,,,
2026-04-05T19:03:57.838707Z,"{'#attributes': {'Qualifiers': 16384}, '#text': 2406}",dc.danglingtree.htb,Microsoft-Windows-ActiveDirectory_DomainService,Directory Service,556,4,,Privileged Access Management Feature,,,,,,,,,,,,
