TimeGenerated,EventID,Computer,Provider,Channel,RecordID,Level,Binary,Data_text,Data_text_0,Data_text_1,Data_text_10,Data_text_11,Data_text_2,Data_text_3,Data_text_4,Data_text_5,Data_text_6,Data_text_7,Data_text_8,Data_text_9
2026-03-26T05:33:58.939782Z,"{'#attributes': {'Qualifiers': 0}, '#text': 102}",dc,NTDS ISAM,Directory Service,1,4,,,NTDS,"852,P,98,0",,,NTDSA: ,0,10,00,26100,0000,,
2026-03-26T05:33:58.964207Z,"{'#attributes': {'Qualifiers': 0}, '#text': 105}",dc,NTDS ISAM,Directory Service,2,4,,,NTDS,"852,D,0,0",,,NTDSA: ,0,0.031,"
[1] 0.000974 +J(0) +M(C:0K, Fs:96, WS:368K # 0K, PF:4556K # 0K, P:4556K)
[2] 0.000080 +J(0) +M(C:64K, Fs:4, WS:8K # 0K, PF:80K # 0K, P:80K)
[3] 0.000007 +J(0) +M(C:0K, Fs:1, WS:4K # 0K, PF:64K # 0K, P:64K)
[4] 0.005408 -0.000105 (1) WT +J(0) +M(C:0K, Fs:165, WS:584K # 0K, PF:6800K # 2776K, P:6800K)
[5] 0.000214 +J(0)
[6] 0.000622 +J(0) +M(C:0K, Fs:3, WS:8K # 0K, PF:12K # 12K, P:12K)
[7] -
[8] -
[9] -
[10] -
[11] -
[12] -
[13] 0.021056 -0.005321 (37) WT +J(CM:0, PgRf:0, Rd:0/0, Dy:0/0, Lg:616/1) +M(C:0K, Fs:2697, WS:528K # 6168K, PF:4K # 10260K, P:4K)
[14] 0.000036 +J(0)
[15] 0.000785 +J(0) +M(C:0K, Fs:411, WS:1640K # 0K, PF:68K # 0K, P:68K)
[16] 0.001772 -0.000100 (2) WT +J(0) +M(C:0K, Fs:2, WS:0K # 0K, PF:0K # 0K, P:0K).","RBSOn = 0
",,,
2026-03-26T05:33:58.973779Z,"{'#attributes': {'Qualifiers': 0}, '#text': 330}",dc,NTDS ISAM,Directory Service,3,4,,,NTDS,"852,D,50,0",,,NTDSA: ,C:\WINDOWS\NTDS\ntds.dit,0x2580 (9600),9600 (0x2580),9620 (0x2594),,,
2026-03-26T05:33:58.976418Z,"{'#attributes': {'Qualifiers': 0}, '#text': 643}",dc,NTDS ISAM,Directory Service,4,3,,,NTDS,"852,D,50,0",,,NTDSA: ,C:\WINDOWS\NTDS\ntds.dit,en-US,00000001-57ee-1e5c-00b4-d0000bb1e11e,0006040300060403,00000001-57ee-1e5c-00b4-d0000bb1e11e,0006050200060502,
2026-03-26T05:33:58.976631Z,"{'#attributes': {'Qualifiers': 0}, '#text': 609}",dc,NTDS ISAM,Directory Service,5,4,,,NTDS,"852,D,50,0",26100,0,NTDSA: ,C:\WINDOWS\NTDS\ntds.dit,10,0,25911,0,10,0
2026-03-26T05:33:58.990080Z,"{'#attributes': {'Qualifiers': 0}, '#text': 614}",dc,NTDS ISAM,Directory Service,6,3,,,NTDS,"852,D,50,0",0006050200060502,,NTDSA: ,C:\WINDOWS\NTDS\ntds.dit,PDNT_index,datatable,en-US,00000001-57ee-1e5c-00b4-d0000bb1e11e,0006040300060403,00000001-57ee-1e5c-00b4-d0000bb1e11e
2026-03-26T05:33:58.994080Z,"{'#attributes': {'Qualifiers': 0}, '#text': 327}",dc,NTDS ISAM,Directory Service,7,4,,,NTDS,"852,D,50,0",,,NTDSA: ,1,C:\WINDOWS\NTDS\ntds.dit,0,"
[1] 0.000002 +J(0)
[2] 0.0 +J(0)
[3] 0.000002 +J(0)
[4] 0.0 +J(0)
[5] 0.0 +J(0)
[6] 0.000142 +J(0)
[7] 0.000021 +J(0)
[8] 0.000353 -0.000122 (1) WT +J(CM:0, PgRf:0, Rd:0/0, Dy:0/0, Lg:4042/2)
[9] 0.002747 -0.001279 (6) WT +J(0) +M(C:0K, Fs:10, WS:-20K # 0K, PF:-20K # 0K, P:-20K)
[10] 0.000145 +J(0)
[11] 0.000082 +J(0) +M(C:0K, Fs:0, WS:-96K # 0K, PF:-96K # 0K, P:-96K).",0 0,lgposDetach = 00000001:0002:0036,
2026-03-26T05:33:58.999061Z,"{'#attributes': {'Qualifiers': 0}, '#text': 330}",dc,NTDS ISAM,Directory Service,8,4,,,NTDS,"852,D,50,0",,,NTDSA: ,C:\WINDOWS\NTDS\ntds.dit,0x2580 (9600),9600 (0x2580),9620 (0x2594),,,
2026-03-26T05:33:59.000715Z,"{'#attributes': {'Qualifiers': 0}, '#text': 326}",dc,NTDS ISAM,Directory Service,9,4,,,NTDS,"852,D,50,0",,,NTDSA: ,1,C:\WINDOWS\NTDS\ntds.dit,0,"
[1] 0.000002 +J(0)
[2] 0.000235 -0.000044 (1) WT +J(0) +M(C:0K, Fs:24, WS:32K # 0K, PF:32K # 0K, P:32K)
[3] 0.002432 -0.000959 (6) WT +J(CM:0, PgRf:0, Rd:0/0, Dy:0/0, Lg:4096/2) +M(C:0K, Fs:14, WS:24K # 0K, PF:20K # 0K, P:20K)
[4] 0.000402 +J(0)
[5] -
[6] 0.000308 -0.000170 (2) CM -0.000110 (2) WT +J(CM:2, PgRf:2, Rd:0/2, Dy:0/0, Lg:0/0) +M(C:-24K, Fs:8, WS:-24K # 0K, PF:-24K # 0K, P:-24K)
[7] 0.000002 +J(0)
[8] 0.000375 -0.000174 (1) CM -0.000147 (1) WT +J(CM:1, PgRf:1, Rd:6/1, Dy:0/0, Lg:0/0) +M(C:220K, Fs:46, WS:156K # 0K, PF:220K # 0K, P:220K)
[9] -
[10] -
[11] -
[12] 0.000527 +J(CM:0, PgRf:0, Rd:0/0, Dy:0/0, Lg:54/1) +M(C:0K, Fs:1, WS:4K # 0K, PF:0K # 0K, P:0K)
[13] 0.000445 -0.000228 (3) CM -0.000142 (3) WT +J(CM:3, PgRf:23, Rd:0/3, Dy:0/0, Lg:0/0) +M(C:-80K, Fs:16, WS:-16K # 0K, PF:-80K # 0K, P:-80K)
[14] 0.000121 -0.000062 (1) CM -0.000036 (1) WT +J(CM:1, PgRf:40, Rd:0/1, Dy:0/0, Lg:0/0) +M(C:-28K, Fs:1, WS:-24K # 0K, PF:-24K # 0K, P:-24K)
[15] 0.000084 -0.000051 (1) CM -0.000033 (1) WT +J(CM:1, PgRf:1, Rd:0/1, Dy:0/0, Lg:0/0) +M(C:0K, Fs:7, WS:0K # 0K, PF:0K # 0K, P:0K)
[16] 0.000006 +J(CM:0, PgRf:1, Rd:0/0, Dy:0/0, Lg:0/0)
[17] 0.0 +J(0)
[18] 0.0 +J(0)
[19] 0.0 +J(0)
[20] 0.000436 -0.000203 (2) WT +J(CM:0, PgRf:2, Rd:0/0, Dy:0/0, Lg:0/0) +M(C:0K, Fs:8, WS:0K # 0K, PF:0K # 0K, P:0K).",1 0,"lgposAttach = 00000001:0003:0000,
dbv = 1568.290.600 (9600)",
2026-03-26T05:33:59.006158Z,"{'#attributes': {'Qualifiers': 0}, '#text': 330}",dc,NTDS ISAM,Directory Service,10,4,,,NTDS,"852,D,2,0",,,NTDSA: ,C:\WINDOWS\NTDS\temp.edb,0x2580 (9600),9600 (0x2580),9620 (0x2594),,,
2026-03-26T05:33:59.059240Z,"{'#attributes': {'Qualifiers': 0}, '#text': 327}",dc,NTDS ISAM,Directory Service,11,4,,,NTDS,"852,D,51,0",,,NTDSA: ,1,C:\WINDOWS\NTDS\ntds.dit,0,"
[1] 0.000005 +J(0)
[2] 0.000001 +J(0)
[3] 0.000135 +J(0)
[4] 0.000004 +J(0)
[5] 0.0 +J(0)
[6] 0.002672 -0.001826 (7) WT +J(0) +M(C:-152K, Fs:9, WS:-144K # 0K, PF:-148K # 0K, P:-148K)
[7] 0.000043 +J(0)
[8] 0.000457 -0.000128 (1) WT +J(CM:0, PgRf:0, Rd:0/0, Dy:0/0, Lg:4096/2) +M(C:0K, Fs:1, WS:4K # 0K, PF:0K # 0K, P:0K)
[9] 0.001874 -0.000935 (6) WT +J(0) +M(C:0K, Fs:10, WS:-20K # 0K, PF:-20K # 0K, P:-20K)
[10] 0.000165 +J(0)
[11] 0.000126 +J(0) +M(C:0K, Fs:0, WS:-96K # 0K, PF:-96K # 0K, P:-96K).",0 0,lgposDetach = 00000001:00AD:0000,
2026-03-26T05:33:59.065502Z,"{'#attributes': {'Qualifiers': 0}, '#text': 330}",dc,NTDS ISAM,Directory Service,12,4,,,NTDS,"852,D,50,0",,,NTDSA: ,C:\WINDOWS\NTDS\ntds.dit,0x2580 (9600),9600 (0x2580),9620 (0x2594),,,
2026-03-26T05:33:59.066556Z,"{'#attributes': {'Qualifiers': 0}, '#text': 643}",dc,NTDS ISAM,Directory Service,13,3,,,NTDS,"852,D,50,0",,,NTDSA: ,C:\WINDOWS\NTDS\ntds.dit,en-US,00000001-57ee-1e5c-00b4-d0000bb1e11e,0006040300060403,00000001-57ee-1e5c-00b4-d0000bb1e11e,0006050200060502,
2026-03-26T05:33:59.066725Z,"{'#attributes': {'Qualifiers': 0}, '#text': 609}",dc,NTDS ISAM,Directory Service,14,4,,,NTDS,"852,D,50,0",26100,0,NTDSA: ,C:\WINDOWS\NTDS\ntds.dit,10,0,26100,0,10,0
2026-03-26T05:33:59.070279Z,"{'#attributes': {'Qualifiers': 0}, '#text': 611}",dc,NTDS ISAM,Directory Service,15,4,,,NTDS,"852,D,50,0",0006050200060502,,NTDSA: ,C:\WINDOWS\NTDS\ntds.dit,PDNT_index,datatable,en-US,00000001-57ee-1e5c-00b4-d0000bb1e11e,0006040300060403,00000001-57ee-1e5c-00b4-d0000bb1e11e
2026-03-26T05:33:59.078061Z,"{'#attributes': {'Qualifiers': 0}, '#text': 611}",dc,NTDS ISAM,Directory Service,16,4,,,NTDS,"852,D,50,0",0006050200060502,,NTDSA: ,C:\WINDOWS\NTDS\ntds.dit,INDEX_000201CC,datatable,en-US,00000001-57ee-1e5c-00b4-d0000bb1e11e,0006040300060403,00000001-57ee-1e5c-00b4-d0000bb1e11e
2026-03-26T05:33:59.078934Z,"{'#attributes': {'Qualifiers': 0}, '#text': 611}",dc,NTDS ISAM,Directory Service,17,4,,,NTDS,"852,D,50,0",0006050200060502,,NTDSA: ,C:\WINDOWS\NTDS\ntds.dit,INDEX_00090001,datatable,en-US,00000001-57ee-1e5c-00b4-d0000bb1e11e,0006040300060403,00000001-57ee-1e5c-00b4-d0000bb1e11e
2026-03-26T05:33:59.102939Z,"{'#attributes': {'Qualifiers': 0}, '#text': 611}",dc,NTDS ISAM,Directory Service,18,4,,,NTDS,"852,D,50,0",0006050200060502,,NTDSA: ,C:\WINDOWS\NTDS\ntds.dit,INDEX_00000003,datatable,en-US,00000001-57ee-1e5c-00b4-d0000bb1e11e,0006040300060403,00000001-57ee-1e5c-00b4-d0000bb1e11e
2026-03-26T05:33:59.104274Z,"{'#attributes': {'Qualifiers': 0}, '#text': 612}",dc,NTDS ISAM,Directory Service,19,4,,,NTDS,"852,D,50,0",,,NTDSA: ,C:\WINDOWS\NTDS\ntds.dit,,,,,,
2026-03-26T05:33:59.105572Z,"{'#attributes': {'Qualifiers': 0}, '#text': 326}",dc,NTDS ISAM,Directory Service,20,4,,,NTDS,"852,D,50,0",,,NTDSA: ,1,C:\WINDOWS\NTDS\ntds.dit,0,"
[1] 0.000003 +J(0)
[2] 0.000666 -0.000231 (1) WT +J(0) +M(C:0K, Fs:24, WS:32K # 0K, PF:32K # 0K, P:32K)
[3] 0.002708 -0.000751 (6) WT +J(CM:0, PgRf:0, Rd:0/0, Dy:0/0, Lg:4096/2) +M(C:0K, Fs:14, WS:24K # 0K, PF:20K # 0K, P:20K)
[4] 0.000220 +J(0)
[5] -
[6] 0.000213 -0.000132 (2) CM -0.000087 (2) WT +J(CM:2, PgRf:2, Rd:0/2, Dy:0/0, Lg:0/0) +M(C:-8K, Fs:13, WS:-4K # 0K, PF:-4K # 0K, P:-4K)
[7] 0.000001 +J(0)
[8] 0.000814 -0.000507 (1) CM -0.000495 (1) WT +J(CM:1, PgRf:1, Rd:13/0, Dy:0/0, Lg:0/0) +M(C:296K, Fs:65, WS:232K # 0K, PF:296K # 0K, P:296K)
[9] -
[10] -
[11] -
[12] 0.000563 +J(CM:0, PgRf:0, Rd:0/0, Dy:0/0, Lg:54/1) +M(C:0K, Fs:2, WS:8K # 0K, PF:4K # 0K, P:4K)
[13] 0.000495 -0.000274 (2) CM -0.000158 (2) WT +J(CM:2, PgRf:23, Rd:0/2, Dy:0/0, Lg:0/0) +M(C:-80K, Fs:16, WS:-16K # 0K, PF:-80K # 0K, P:-80K)
[14] 0.000179 -0.000072 (1) CM -0.000043 (1) WT +J(CM:1, PgRf:40, Rd:0/1, Dy:0/0, Lg:0/0) +M(C:-124K, Fs:1, WS:-120K # 0K, PF:-124K # 0K, P:-124K)
[15] 0.000003 +J(CM:0, PgRf:1, Rd:0/0, Dy:0/0, Lg:0/0)
[16] 0.000003 +J(CM:0, PgRf:1, Rd:0/0, Dy:0/0, Lg:0/0)
[17] 0.000314 +J(CM:0, PgRf:42, Rd:0/0, Dy:0/0, Lg:0/0)
[18] 0.0 +J(0)
[19] 0.038713 -0.022783 (214) CM -0.017171 (215) WT +J(CM:214, PgRf:9125, Rd:0/214, Dy:8/507, Lg:41024/1018) +M(C:112K, Fs:1414, WS:404K # 0K, PF:296K # 0K, P:296K)
[20] 0.000013 +J(CM:0, PgRf:2, Rd:0/0, Dy:0/0, Lg:0/0).",1 0,"lgposAttach = 00000001:00AE:0000,
dbv = 1568.290.600 (9600)",
2026-03-26T05:33:59.115379Z,"{'#attributes': {'Qualifiers': 0}, '#text': 327}",dc,NTDS ISAM,Directory Service,21,4,,,NTDS,"852,D,51,0",,,NTDSA: ,1,C:\WINDOWS\NTDS\ntds.dit,0,"
[1] 0.000001 +J(0)
[2] 0.0 +J(0)
[3] 0.004003 -0.003989 (1) WT +J(0) +M(C:-32K, Fs:164, WS:-4K # 0K, PF:-32K # 0K, P:-32K)
[4] 0.000001 +J(0)
[5] 0.0 +J(0)
[6] 0.001391 -0.000653 (6) WT +J(0) +M(C:-28K, Fs:30, WS:-28K # 0K, PF:-28K # 0K, P:-28K)
[7] 0.000025 +J(0)
[8] 0.000436 -0.000169 (2) WT +J(CM:0, PgRf:0, Rd:0/0, Dy:0/0, Lg:488/2)
[9] 0.001632 -0.000721 (6) WT +J(0) +M(C:0K, Fs:10, WS:-20K # 0K, PF:-20K # 0K, P:-20K)
[10] 0.000208 +J(0)
[11] 0.000115 +J(0) +M(C:0K, Fs:0, WS:-32K # 0K, PF:-32K # 0K, P:-32K).",0 0,lgposDetach = 00000001:00B9:0E18,
2026-03-26T05:33:59.121338Z,"{'#attributes': {'Qualifiers': 0}, '#text': 330}",dc,NTDS ISAM,Directory Service,22,4,,,NTDS,"852,D,50,0",,,NTDSA: ,C:\WINDOWS\NTDS\ntds.dit,0x2580 (9600),9600 (0x2580),9620 (0x2594),,,
2026-03-26T05:33:59.122721Z,"{'#attributes': {'Qualifiers': 0}, '#text': 326}",dc,NTDS ISAM,Directory Service,23,4,,,NTDS,"852,D,50,0",,,NTDSA: ,1,C:\WINDOWS\NTDS\ntds.dit,0,"
[1] 0.000014 +J(0)
[2] 0.000737 -0.000160 (1) WT +J(0) +M(C:0K, Fs:24, WS:32K # 0K, PF:32K # 0K, P:32K)
[3] 0.002191 -0.000639 (6) WT +J(CM:0, PgRf:0, Rd:0/0, Dy:0/0, Lg:4096/2) +M(C:0K, Fs:14, WS:24K # 0K, PF:20K # 0K, P:20K)
[4] 0.000212 +J(0)
[5] -
[6] 0.000192 -0.000121 (2) CM -0.000079 (2) WT +J(CM:2, PgRf:2, Rd:0/2, Dy:0/0, Lg:0/0) +M(C:-48K, Fs:2, WS:-48K # 0K, PF:-48K # 0K, P:-48K)
[7] 0.000001 +J(0)
[8] 0.000717 -0.000558 (1) CM -0.000547 (1) WT +J(CM:1, PgRf:1, Rd:14/0, Dy:0/0, Lg:0/0) +M(C:164K, Fs:48, WS:164K # 0K, PF:164K # 0K, P:164K)
[9] -
[10] -
[11] -
[12] 0.000762 +J(CM:0, PgRf:0, Rd:0/0, Dy:0/0, Lg:54/1) +M(C:0K, Fs:1, WS:4K # 0K, PF:20K # 0K, P:20K)
[13] 0.000626 -0.000339 (2) CM -0.000182 (2) WT +J(CM:2, PgRf:23, Rd:0/2, Dy:0/0, Lg:0/0) +M(C:-52K, Fs:7, WS:-52K # 0K, PF:-52K # 0K, P:-52K)
[14] 0.000269 -0.000162 (2) CM -0.000110 (2) WT +J(CM:2, PgRf:40, Rd:0/2, Dy:0/0, Lg:0/0) +M(C:-28K, Fs:7, WS:-28K # 0K, PF:-28K # 0K, P:-28K)
[15] 0.000003 +J(CM:0, PgRf:1, Rd:0/0, Dy:0/0, Lg:0/0)
[16] 0.000004 +J(CM:0, PgRf:1, Rd:0/0, Dy:0/0, Lg:0/0)
[17] 0.000022 +J(CM:0, PgRf:48, Rd:0/0, Dy:0/0, Lg:0/0)
[18] 0.0 +J(0)
[19] 0.0 +J(0)
[20] 0.000005 +J(CM:0, PgRf:2, Rd:0/0, Dy:0/0, Lg:0/0).",1 0,"lgposAttach = 00000001:00BA:0000,
dbv = 1568.290.600 (9600)",
2026-03-26T05:33:59.106848Z,"{'#attributes': {'Qualifiers': 32768}, '#text': 1463}",dc,Microsoft-Windows-ActiveDirectory_DomainService,Directory Service,24,3,,,,,,,,,,,,,,
2026-03-26T05:33:59.155384Z,"{'#attributes': {'Qualifiers': 16384}, '#text': 2013}",dc,Microsoft-Windows-ActiveDirectory_DomainService,Directory Service,25,4,,,4,PDNT_index +PDNT_col INDEX_000201CC +ATTm131532 INDEX_00090001 +ATTm589825 INDEX_00000003 +ATTm3 ,,,,,,,,,,
2026-03-26T05:33:59.192030Z,"{'#attributes': {'Qualifiers': 16384}, '#text': 2014}",dc,Microsoft-Windows-ActiveDirectory_DomainService,Directory Service,26,4,,4,,,,,,,,,,,,
2026-03-26T05:33:59.310444Z,"{'#attributes': {'Qualifiers': 16384}, '#text': 2120}",dc,Microsoft-Windows-ActiveDirectory_DomainService,Directory Service,27,4,,,,,,,,,,,,,,
2026-03-26T05:33:59.310444Z,"{'#attributes': {'Qualifiers': 16384}, '#text': 2405}",dc,Microsoft-Windows-ActiveDirectory_DomainService,Directory Service,28,4,,Recycle Bin Feature,,,,,,,,,,,,
2026-03-26T05:33:59.310444Z,"{'#attributes': {'Qualifiers': 16384}, '#text': 2405}",dc,Microsoft-Windows-ActiveDirectory_DomainService,Directory Service,29,4,,Privileged Access Management Feature,,,,,,,,,,,,
2026-03-26T05:33:59.310444Z,"{'#attributes': {'Qualifiers': 16384}, '#text': 2405}",dc,Microsoft-Windows-ActiveDirectory_DomainService,Directory Service,30,4,,Database 32k Pages Feature,,,,,,,,,,,,
2026-03-26T05:34:03.574093Z,"{'#attributes': {'Qualifiers': 0}, '#text': 700}",dc,NTDS ISAM,Directory Service,31,4,,,NTDS,"852,D,0,0",,,NTDSA: ,C:\WINDOWS\NTDS\ntds.dit,,,,,,
2026-03-26T05:34:03.595452Z,"{'#attributes': {'Qualifiers': 0}, '#text': 701}",dc,NTDS ISAM,Directory Service,32,4,,,NTDS,"852,D,0,0",,,NTDSA: ,C:\WINDOWS\NTDS\ntds.dit,2,3/25/2026,0,1,1,1
2026-03-26T05:34:03.786317Z,"{'#attributes': {'Qualifiers': 0}, '#text': 103}",dc,NTDS ISAM,Directory Service,33,4,,,NTDS,"852,T,97,0",,,NTDSA: ,0,"
[1] 0.000004 +J(0)
[2] 0.000007 +J(0)
[3] 0.000069 +J(CM:0, PgRf:9, Rd:0/0, Dy:0/18, Lg:460/17) +M(C:28K, Fs:7, WS:28K # 0K, PF:40K # 0K, P:40K)
[4] 0.000002 +J(0) +M(C:0K, Fs:3, WS:12K # 0K, PF:0K # 0K, P:0K)
[5] 0.017687 -0.007649 (5) WT +J(0) +M(C:-1940K, Fs:863, WS:-1800K # 0K, PF:-1800K # 0K, P:-1800K)
[6] 0.000011 +J(0)
[7] 0.000004 +J(0)
[8] 0.002770 -0.000611 (10) WT +J(CM:0, PgRf:0, Rd:0/0, Dy:0/0, Lg:2299/2) +M(C:0K, Fs:9, WS:-92K # 0K, PF:-92K # 0K, P:-92K)
[9] 0.000232 -0.000107 (1) WT +J(CM:0, PgRf:0, Rd:0/0, Dy:0/0, Lg:66/1)
[10] 0.000045 +J(0)
[11] 0.000463 -0.000084 (2) WT +J(0)
[12] 0.000015 +J(0) +M(C:0K, Fs:0, WS:-4K # 0K, PF:-4K # 0K, P:-4K)
[13] 0.000131 +J(0)
[14] 0.000653 +J(0) +M(C:0K, Fs:0, WS:-10248K # 0K, PF:-10264K # 0K, P:-10264K)
[15] 0.000003 +J(0).",0,,,,
2026-03-26T05:34:03.549817Z,"{'#attributes': {'Qualifiers': 16384}, '#text': 1898}",dc,Microsoft-Windows-ActiveDirectory_DomainService,Directory Service,34,4,,"CN=domain-dns,CN=Schema,CN=Configuration,DC=danglingtree,DC=htb",,,,,,,,,,,,
2026-03-26T05:34:03.550542Z,"{'#attributes': {'Qualifiers': 16384}, '#text': 1898}",dc,Microsoft-Windows-ActiveDirectory_DomainService,Directory Service,35,4,,"CN=sam-domain,CN=Schema,CN=Configuration,DC=danglingtree,DC=htb",,,,,,,,,,,,
2026-03-26T05:34:03.571219Z,"{'#attributes': {'Qualifiers': 16384}, '#text': 3033}",dc,Microsoft-Windows-ActiveDirectory_DomainService,Directory Service,36,4,,,,,,,,,,,,,,
2026-03-26T05:34:03.571219Z,"{'#attributes': {'Qualifiers': 16384}, '#text': 3027}",dc,Microsoft-Windows-ActiveDirectory_DomainService,Directory Service,37,4,,3600,,,,,,,,,,,,
2026-03-26T05:34:03.574239Z,"{'#attributes': {'Qualifiers': 16384}, '#text': 1000}",dc,Microsoft-Windows-ActiveDirectory_DomainService,Directory Service,38,4,,,,,,,,,,,,,,
2026-03-26T05:34:03.638306Z,"{'#attributes': {'Qualifiers': 16384}, '#text': 2064}",dc,Microsoft-Windows-ActiveDirectory_DomainService,Directory Service,39,4,,,,,,,,,,,,,,
2026-03-26T05:34:03.788550Z,"{'#attributes': {'Qualifiers': 16384}, '#text': 1004}",dc,Microsoft-Windows-ActiveDirectory_DomainService,Directory Service,40,4,,,,,,,,,,,,,,
2026-03-26T05:34:48.656894Z,"{'#attributes': {'Qualifiers': 16384}, '#text': 2064}",dc.danglingtree.htb,Microsoft-Windows-ActiveDirectory_DomainService,Directory Service,41,4,,,,,,,,,,,,,,
2026-03-26T05:34:48.738527Z,"{'#attributes': {'Qualifiers': 32768}, '#text': 3051}",dc.danglingtree.htb,Microsoft-Windows-ActiveDirectory_DomainService,Directory Service,42,3,,,,,,,,,,,,,,
2026-03-26T05:34:48.738527Z,"{'#attributes': {'Qualifiers': 32768}, '#text': 3054}",dc.danglingtree.htb,Microsoft-Windows-ActiveDirectory_DomainService,Directory Service,43,3,,,,,,,,,,,,,,
2026-03-26T05:34:49.258937Z,"{'#attributes': {'Qualifiers': 16384}, '#text': 2121}",dc.danglingtree.htb,Microsoft-Windows-ActiveDirectory_DomainService,Directory Service,44,4,,,,,,,,,,,,,,
2026-03-26T05:34:49.258937Z,"{'#attributes': {'Qualifiers': 16384}, '#text': 2406}",dc.danglingtree.htb,Microsoft-Windows-ActiveDirectory_DomainService,Directory Service,45,4,,Recycle Bin Feature,,,,,,,,,,,,
2026-03-26T05:34:49.258937Z,"{'#attributes': {'Qualifiers': 16384}, '#text': 2406}",dc.danglingtree.htb,Microsoft-Windows-ActiveDirectory_DomainService,Directory Service,46,4,,Privileged Access Management Feature,,,,,,,,,,,,
2026-03-26T05:34:49.258937Z,"{'#attributes': {'Qualifiers': 16384}, '#text': 2406}",dc.danglingtree.htb,Microsoft-Windows-ActiveDirectory_DomainService,Directory Service,47,4,,Database 32k Pages Feature,,,,,,,,,,,,
2026-03-26T05:34:49.260966Z,"{'#attributes': {'Qualifiers': 16384}, '#text': 2168}",dc.danglingtree.htb,Microsoft-Windows-ActiveDirectory_DomainService,Directory Service,48,4,,17107821466833273542,,,,,,,,,,,,
2026-03-26T05:34:49.270739Z,"{'#attributes': {'Qualifiers': 16384}, '#text': 2405}",dc.danglingtree.htb,Microsoft-Windows-ActiveDirectory_DomainService,Directory Service,49,4,,Database 32k Pages Feature,,,,,,,,,,,,
2026-03-26T05:34:49.270739Z,"{'#attributes': {'Qualifiers': 16384}, '#text': 2405}",dc.danglingtree.htb,Microsoft-Windows-ActiveDirectory_DomainService,Directory Service,50,4,,Privileged Access Management Feature,,,,,,,,,,,,
2026-03-26T05:34:49.272215Z,"{'#attributes': {'Qualifiers': 16384}, '#text': 2120}",dc.danglingtree.htb,Microsoft-Windows-ActiveDirectory_DomainService,Directory Service,51,4,,,,,,,,,,,,,,
2026-03-26T05:34:49.272215Z,"{'#attributes': {'Qualifiers': 16384}, '#text': 2405}",dc.danglingtree.htb,Microsoft-Windows-ActiveDirectory_DomainService,Directory Service,52,4,,Recycle Bin Feature,,,,,,,,,,,,
2026-03-26T05:34:59.319298Z,"{'#attributes': {'Qualifiers': 16384}, '#text': 1000}",dc.danglingtree.htb,Microsoft-Windows-ActiveDirectory_DomainService,Directory Service,53,4,,,,,,,,,,,,,,
2026-03-26T05:35:29.334567Z,"{'#attributes': {'Qualifiers': 16384}, '#text': 1394}",dc.danglingtree.htb,Microsoft-Windows-ActiveDirectory_DomainService,Directory Service,54,4,,,,,,,,,,,,,,
2026-03-26T05:35:33.584738Z,"{'#attributes': {'Qualifiers': 16384}, '#text': 1404}",dc.danglingtree.htb,Microsoft-Windows-ActiveDirectory_DomainService,Directory Service,55,4,,,,,,,,,,,,,,
2026-03-26T05:36:59.389072Z,"{'#attributes': {'Qualifiers': 16384}, '#text': 2065}",dc.danglingtree.htb,Microsoft-Windows-ActiveDirectory_DomainService,Directory Service,56,4,,,,,,,,,,,,,,
2026-03-26T05:39:49.322361Z,"{'#attributes': {'Qualifiers': 16384}, '#text': 2961}",dc.danglingtree.htb,Microsoft-Windows-ActiveDirectory_DomainService,Directory Service,57,4,,8,,,,,,,,,,,,
2026-03-26T05:39:49.322997Z,"{'#attributes': {'Qualifiers': 16384}, '#text': 2013}",dc.danglingtree.htb,Microsoft-Windows-ActiveDirectory_DomainService,Directory Service,58,4,,,3,link_base_and_data_v2_index +link_base link_bdnt_and_base_and_data_v2_index +backlink_DNT link_dnt_and_base_and_data_v2_index +link_DNT ,,,,,,,,,,
2026-03-26T05:39:49.327733Z,"{'#attributes': {'Qualifiers': 16384}, '#text': 2014}",dc.danglingtree.htb,Microsoft-Windows-ActiveDirectory_DomainService,Directory Service,59,4,,3,,,,,,,,,,,,
2026-03-26T05:39:49.327733Z,"{'#attributes': {'Qualifiers': 16384}, '#text': 2962}",dc.danglingtree.htb,Microsoft-Windows-ActiveDirectory_DomainService,Directory Service,60,4,,8,,,,,,,,,,,,
2026-03-26T05:44:31.001659Z,"{'#attributes': {'Qualifiers': 32768}, '#text': 1220}",dc.danglingtree.htb,Microsoft-Windows-ActiveDirectory_DomainService,Directory Service,61,3,,,8009030e,No credentials are available in the security package,,,,,,,,,,
2026-03-26T05:45:13.171242Z,"{'#attributes': {'Qualifiers': 16384}, '#text': 2179}",dc.danglingtree.htb,Microsoft-Windows-ActiveDirectory_DomainService,Directory Service,62,4,,17107821466833273542,,,,,,,,,,,,
2026-03-26T05:45:15.094828Z,"{'#attributes': {'Qualifiers': 16384}, '#text': 1004}",dc.danglingtree.htb,Microsoft-Windows-ActiveDirectory_DomainService,Directory Service,63,4,,,,,,,,,,,,,,
2026-03-26T05:45:28.248228Z,"{'#attributes': {'Qualifiers': 32768}, '#text': 3051}",dc.danglingtree.htb,Microsoft-Windows-ActiveDirectory_DomainService,Directory Service,64,3,,,,,,,,,,,,,,
2026-03-26T05:45:28.248228Z,"{'#attributes': {'Qualifiers': 32768}, '#text': 3054}",dc.danglingtree.htb,Microsoft-Windows-ActiveDirectory_DomainService,Directory Service,65,3,,,,,,,,,,,,,,
2026-03-26T05:45:28.751861Z,"{'#attributes': {'Qualifiers': 16384}, '#text': 2121}",dc.danglingtree.htb,Microsoft-Windows-ActiveDirectory_DomainService,Directory Service,66,4,,,,,,,,,,,,,,
2026-03-26T05:45:28.751861Z,"{'#attributes': {'Qualifiers': 16384}, '#text': 2406}",dc.danglingtree.htb,Microsoft-Windows-ActiveDirectory_DomainService,Directory Service,67,4,,Recycle Bin Feature,,,,,,,,,,,,
2026-03-26T05:45:28.751861Z,"{'#attributes': {'Qualifiers': 16384}, '#text': 2406}",dc.danglingtree.htb,Microsoft-Windows-ActiveDirectory_DomainService,Directory Service,68,4,,Privileged Access Management Feature,,,,,,,,,,,,
2026-03-26T05:45:28.751861Z,"{'#attributes': {'Qualifiers': 16384}, '#text': 2406}",dc.danglingtree.htb,Microsoft-Windows-ActiveDirectory_DomainService,Directory Service,69,4,,Database 32k Pages Feature,,,,,,,,,,,,
2026-03-26T05:45:28.751861Z,"{'#attributes': {'Qualifiers': 16384}, '#text': 2168}",dc.danglingtree.htb,Microsoft-Windows-ActiveDirectory_DomainService,Directory Service,70,4,,17107821466833273542,,,,,,,,,,,,
2026-03-26T05:45:28.751861Z,"{'#attributes': {'Qualifiers': 16384}, '#text': 2172}",dc.danglingtree.htb,Microsoft-Windows-ActiveDirectory_DomainService,Directory Service,71,4,,17107821466833273542,,,,,,,,,,,,
2026-03-26T05:45:28.767103Z,"{'#attributes': {'Qualifiers': 16384}, '#text': 2405}",dc.danglingtree.htb,Microsoft-Windows-ActiveDirectory_DomainService,Directory Service,72,4,,Database 32k Pages Feature,,,,,,,,,,,,
2026-03-26T05:45:28.767103Z,"{'#attributes': {'Qualifiers': 16384}, '#text': 2405}",dc.danglingtree.htb,Microsoft-Windows-ActiveDirectory_DomainService,Directory Service,73,4,,Privileged Access Management Feature,,,,,,,,,,,,
2026-03-26T05:45:28.767103Z,"{'#attributes': {'Qualifiers': 16384}, '#text': 2120}",dc.danglingtree.htb,Microsoft-Windows-ActiveDirectory_DomainService,Directory Service,74,4,,,,,,,,,,,,,,
2026-03-26T05:45:28.767103Z,"{'#attributes': {'Qualifiers': 16384}, '#text': 2405}",dc.danglingtree.htb,Microsoft-Windows-ActiveDirectory_DomainService,Directory Service,75,4,,Recycle Bin Feature,,,,,,,,,,,,
2026-03-26T05:45:38.786537Z,"{'#attributes': {'Qualifiers': 16384}, '#text': 1000}",dc.danglingtree.htb,Microsoft-Windows-ActiveDirectory_DomainService,Directory Service,76,4,,,,,,,,,,,,,,
2026-03-26T05:46:08.802126Z,"{'#attributes': {'Qualifiers': 16384}, '#text': 1394}",dc.danglingtree.htb,Microsoft-Windows-ActiveDirectory_DomainService,Directory Service,77,4,,,,,,,,,,,,,,
2026-03-26T06:00:38.907000Z,"{'#attributes': {'Qualifiers': 0}, '#text': 102}",dc.danglingtree.htb,NTDS ISAM,Directory Service,78,4,,,NTDS,"856,P,98,0",,,NTDSA: ,0,10,00,26100,0000,,
2026-03-26T06:00:38.907662Z,"{'#attributes': {'Qualifiers': 0}, '#text': 105}",dc.danglingtree.htb,NTDS ISAM,Directory Service,79,4,,,NTDS,"856,D,0,0",,,NTDSA: ,0,0.026,"
[1] 0.000776 +J(0) +M(C:0K, Fs:185, WS:716K # 100K, PF:5452K # 2412K, P:5452K)
[2] 0.001015 +J(0) +M(C:64K, Fs:96, WS:372K # 372K, PF:372K # 372K, P:372K)
[3] 0.000118 +J(0) +M(C:0K, Fs:3, WS:12K # 12K, PF:64K # 64K, P:64K)
[4] 0.004639 -0.000091 (1) WT +J(0) +M(C:0K, Fs:136, WS:468K # 468K, PF:6044K # 6044K, P:6044K)
[5] 0.000138 +J(0) +M(C:0K, Fs:5, WS:20K # 20K, PF:16K # 16K, P:16K)
[6] 0.001180 +J(0) +M(C:0K, Fs:17, WS:68K # 68K, PF:16K # 16K, P:16K)
[7] 0.009897 -0.006200 (21) WT +J(0) +M(C:0K, Fs:2580, WS:10300K # 10300K, PF:10260K # 10260K, P:10260K)
[8] -
[9] -
[10] -
[11] -
[12] -
[13] 0.007355 -0.004913 (22) WT +J(CM:0, PgRf:0, Rd:0/0, Dy:0/0, Lg:616/1) +M(C:0K, Fs:13, WS:-10200K # 20K, PF:-10256K # 12K, P:-10256K)
[14] 0.000017 +J(0) +M(C:0K, Fs:1, WS:4K # 0K, PF:4K # 0K, P:4K)
[15] 0.000240 +J(0) +M(C:0K, Fs:412, WS:1644K # 0K, PF:68K # 0K, P:68K)
[16] 0.000299 -0.000164 (1) WT +J(0) +M(C:0K, Fs:2, WS:0K # 0K, PF:0K # 0K, P:0K).","RBSOn = 0
",,,
2026-03-26T06:00:38.908231Z,"{'#attributes': {'Qualifiers': 0}, '#text': 330}",dc.danglingtree.htb,NTDS ISAM,Directory Service,80,4,,,NTDS,"856,D,50,0",,,NTDSA: ,C:\WINDOWS\NTDS\ntds.dit,0x2580 (9600),9600 (0x2580),9620 (0x2594),,,
2026-03-26T06:00:38.908957Z,"{'#attributes': {'Qualifiers': 0}, '#text': 326}",dc.danglingtree.htb,NTDS ISAM,Directory Service,81,4,,,NTDS,"856,D,50,0",,,NTDSA: ,1,C:\WINDOWS\NTDS\ntds.dit,0,"
[1] 0.000002 +J(0) +M(C:0K, Fs:1, WS:4K # 0K, PF:0K # 0K, P:0K)
[2] 0.000276 -0.000125 (1) WT +J(0) +M(C:0K, Fs:28, WS:48K # 0K, PF:32K # 0K, P:32K)
[3] 0.001760 -0.000585 (6) WT +J(CM:0, PgRf:0, Rd:0/0, Dy:0/0, Lg:3480/2) +M(C:0K, Fs:36, WS:104K # 0K, PF:140K # 0K, P:140K)
[4] 0.000252 +J(0) +M(C:0K, Fs:1, WS:4K # 0K, PF:0K # 0K, P:0K)
[5] -
[6] 0.001635 -0.000174 (2) CM -0.000130 (2) WT +J(CM:2, PgRf:2, Rd:0/2, Dy:0/0, Lg:0/0) +M(C:-56K, Fs:64, WS:200K # 0K, PF:144K # 0K, P:144K)
[7] 0.000002 +J(0)
[8] 0.000868 -0.000080 (1) CM -0.000062 (1) WT +J(CM:1, PgRf:1, Rd:4/1, Dy:0/0, Lg:0/0) +M(C:156K, Fs:69, WS:248K # 0K, PF:352K # 0K, P:352K)
[9] -
[10] -
[11] -
[12] 0.000155 +J(CM:0, PgRf:0, Rd:0/0, Dy:0/0, Lg:54/1) +M(C:0K, Fs:3, WS:12K # 0K, PF:20K # 0K, P:20K)
[13] 0.000955 -0.000345 (3) CM -0.000286 (3) WT +J(CM:3, PgRf:23, Rd:0/3, Dy:0/0, Lg:0/0) +M(C:-112K, Fs:25, WS:-36K # 0K, PF:-80K # 0K, P:-80K)
[14] 0.000936 -0.000714 (7) CM -0.000598 (7) WT +J(CM:7, PgRf:43, Rd:0/7, Dy:0/0, Lg:0/0) +M(C:16K, Fs:49, WS:32K # 0K, PF:80K # 0K, P:80K)
[15] 0.000146 -0.000127 (1) CM -0.000112 (1) WT +J(CM:1, PgRf:1, Rd:0/1, Dy:0/0, Lg:0/0) +M(C:0K, Fs:7, WS:0K # 0K, PF:0K # 0K, P:0K)
[16] 0.000007 +J(CM:0, PgRf:1, Rd:0/0, Dy:0/0, Lg:0/0) +M(C:0K, Fs:1, WS:4K # 0K, PF:0K # 0K, P:0K)
[17] 0.000186 -0.000124 (1) CM -0.000109 (1) WT +J(CM:1, PgRf:48, Rd:0/1, Dy:0/0, Lg:0/0) +M(C:0K, Fs:12, WS:20K # 0K, PF:0K # 0K, P:0K)
[18] 0.000001 +J(0)
[19] 0.0 +J(0)
[20] 0.000152 -0.000123 (1) CM -0.000105 (1) WT +J(CM:1, PgRf:2, Rd:0/1, Dy:0/0, Lg:0/0) +M(C:0K, Fs:9, WS:8K # 0K, PF:0K # 0K, P:0K).",0 0,"lgposAttach = 00000002:0748:0268,
dbv = 1568.290.600 (9600)",
2026-03-26T06:00:38.909547Z,"{'#attributes': {'Qualifiers': 0}, '#text': 330}",dc.danglingtree.htb,NTDS ISAM,Directory Service,82,4,,,NTDS,"856,D,2,0",,,NTDSA: ,C:\WINDOWS\NTDS\temp.edb,0x2580 (9600),9600 (0x2580),9620 (0x2594),,,
2026-03-26T06:00:38.909888Z,"{'#attributes': {'Qualifiers': 0}, '#text': 700}",dc.danglingtree.htb,NTDS ISAM,Directory Service,83,4,,,NTDS,"856,D,0,0",,,NTDSA: ,C:\WINDOWS\NTDS\ntds.dit,,,,,,
2026-03-26T06:00:38.963526Z,"{'#attributes': {'Qualifiers': 0}, '#text': 701}",dc.danglingtree.htb,NTDS ISAM,Directory Service,84,4,,,NTDS,"856,D,0,0",,,NTDSA: ,C:\WINDOWS\NTDS\ntds.dit,4,3/25/2026,0,1,1,2
2026-03-26T06:00:38.895020Z,"{'#attributes': {'Qualifiers': 16384}, '#text': 3033}",dc.danglingtree.htb,Microsoft-Windows-ActiveDirectory_DomainService,Directory Service,85,4,,,,,,,,,,,,,,
2026-03-26T06:00:38.895020Z,"{'#attributes': {'Qualifiers': 16384}, '#text': 3027}",dc.danglingtree.htb,Microsoft-Windows-ActiveDirectory_DomainService,Directory Service,86,4,,3600,,,,,,,,,,,,
2026-03-26T06:00:38.907777Z,"{'#attributes': {'Qualifiers': 16384}, '#text': 1869}",dc.danglingtree.htb,Microsoft-Windows-ActiveDirectory_DomainService,Directory Service,87,4,,,\\dc.danglingtree.htb,Default-First-Site-Name,,,,,,,,,,
2026-03-26T06:27:25.893879Z,"{'#attributes': {'Qualifiers': 16384}, '#text': 2179}",dc.danglingtree.htb,Microsoft-Windows-ActiveDirectory_DomainService,Directory Service,88,4,,17107821466833273542,,,,,,,,,,,,
2026-03-26T06:27:27.136872Z,"{'#attributes': {'Qualifiers': 16384}, '#text': 1004}",dc.danglingtree.htb,Microsoft-Windows-ActiveDirectory_DomainService,Directory Service,89,4,,,,,,,,,,,,,,
2026-03-26T06:39:58.616563Z,"{'#attributes': {'Qualifiers': 32768}, '#text': 3051}",dc.danglingtree.htb,Microsoft-Windows-ActiveDirectory_DomainService,Directory Service,90,3,,,,,,,,,,,,,,
2026-03-26T06:39:58.616563Z,"{'#attributes': {'Qualifiers': 32768}, '#text': 3054}",dc.danglingtree.htb,Microsoft-Windows-ActiveDirectory_DomainService,Directory Service,91,3,,,,,,,,,,,,,,
2026-03-26T06:39:59.089417Z,"{'#attributes': {'Qualifiers': 16384}, '#text': 2121}",dc.danglingtree.htb,Microsoft-Windows-ActiveDirectory_DomainService,Directory Service,92,4,,,,,,,,,,,,,,
2026-03-26T06:39:59.089417Z,"{'#attributes': {'Qualifiers': 16384}, '#text': 2406}",dc.danglingtree.htb,Microsoft-Windows-ActiveDirectory_DomainService,Directory Service,93,4,,Recycle Bin Feature,,,,,,,,,,,,
2026-03-26T06:39:59.089417Z,"{'#attributes': {'Qualifiers': 16384}, '#text': 2406}",dc.danglingtree.htb,Microsoft-Windows-ActiveDirectory_DomainService,Directory Service,94,4,,Privileged Access Management Feature,,,,,,,,,,,,
2026-03-26T06:39:59.089417Z,"{'#attributes': {'Qualifiers': 16384}, '#text': 2406}",dc.danglingtree.htb,Microsoft-Windows-ActiveDirectory_DomainService,Directory Service,95,4,,Database 32k Pages Feature,,,,,,,,,,,,
2026-03-26T06:39:59.104770Z,"{'#attributes': {'Qualifiers': 16384}, '#text': 2168}",dc.danglingtree.htb,Microsoft-Windows-ActiveDirectory_DomainService,Directory Service,96,4,,17107821466833273542,,,,,,,,,,,,
2026-03-26T06:39:59.104770Z,"{'#attributes': {'Qualifiers': 16384}, '#text': 2172}",dc.danglingtree.htb,Microsoft-Windows-ActiveDirectory_DomainService,Directory Service,97,4,,17107821466833273542,,,,,,,,,,,,
2026-03-26T06:39:59.108602Z,"{'#attributes': {'Qualifiers': 16384}, '#text': 2405}",dc.danglingtree.htb,Microsoft-Windows-ActiveDirectory_DomainService,Directory Service,98,4,,Database 32k Pages Feature,,,,,,,,,,,,
2026-03-26T06:39:59.108602Z,"{'#attributes': {'Qualifiers': 16384}, '#text': 2405}",dc.danglingtree.htb,Microsoft-Windows-ActiveDirectory_DomainService,Directory Service,99,4,,Privileged Access Management Feature,,,,,,,,,,,,
2026-03-26T06:39:59.108602Z,"{'#attributes': {'Qualifiers': 16384}, '#text': 2120}",dc.danglingtree.htb,Microsoft-Windows-ActiveDirectory_DomainService,Directory Service,100,4,,,,,,,,,,,,,,
2026-03-26T06:39:59.108602Z,"{'#attributes': {'Qualifiers': 16384}, '#text': 2405}",dc.danglingtree.htb,Microsoft-Windows-ActiveDirectory_DomainService,Directory Service,101,4,,Recycle Bin Feature,,,,,,,,,,,,
2026-03-26T06:40:09.129766Z,"{'#attributes': {'Qualifiers': 16384}, '#text': 1000}",dc.danglingtree.htb,Microsoft-Windows-ActiveDirectory_DomainService,Directory Service,102,4,,,,,,,,,,,,,,
2026-03-26T06:40:39.156350Z,"{'#attributes': {'Qualifiers': 16384}, '#text': 1394}",dc.danglingtree.htb,Microsoft-Windows-ActiveDirectory_DomainService,Directory Service,103,4,,,,,,,,,,,,,,
2026-03-26T06:55:09.227347Z,"{'#attributes': {'Qualifiers': 0}, '#text': 102}",dc.danglingtree.htb,NTDS ISAM,Directory Service,104,4,,,NTDS,"868,P,98,0",,,NTDSA: ,0,10,00,26100,0000,,
2026-03-26T06:55:09.227713Z,"{'#attributes': {'Qualifiers': 0}, '#text': 105}",dc.danglingtree.htb,NTDS ISAM,Directory Service,105,4,,,NTDS,"868,D,0,0",,,NTDSA: ,0,0.025,"
[1] 0.000750 +J(0) +M(C:0K, Fs:185, WS:716K # 100K, PF:5456K # 2412K, P:5456K)
[2] 0.000870 +J(0) +M(C:64K, Fs:91, WS:352K # 352K, PF:352K # 352K, P:352K)
[3] 0.000105 +J(0) +M(C:0K, Fs:3, WS:12K # 12K, PF:64K # 64K, P:64K)
[4] 0.004470 -0.000201 (1) WT +J(0) +M(C:0K, Fs:135, WS:460K # 460K, PF:6032K # 6032K, P:6032K)
[5] 0.000130 +J(0) +M(C:0K, Fs:1, WS:4K # 4K, PF:4K # 4K, P:4K)
[6] 0.001435 +J(0) +M(C:0K, Fs:17, WS:68K # 68K, PF:16K # 16K, P:16K)
[7] 0.009480 -0.006241 (21) WT +J(0) +M(C:0K, Fs:2580, WS:10300K # 10300K, PF:10260K # 10260K, P:10260K)
[8] -
[9] -
[10] -
[11] -
[12] -
[13] 0.007422 -0.005164 (22) WT +J(CM:0, PgRf:0, Rd:0/0, Dy:0/0, Lg:616/1) +M(C:0K, Fs:13, WS:-10200K # 20K, PF:-10256K # 12K, P:-10256K)
[14] 0.000020 +J(0) +M(C:0K, Fs:1, WS:4K # 0K, PF:4K # 0K, P:4K)
[15] 0.000384 +J(0) +M(C:0K, Fs:411, WS:1644K # 0K, PF:64K # 0K, P:64K)
[16] 0.000235 -0.000107 (1) WT +J(0) +M(C:0K, Fs:2, WS:0K # 0K, PF:0K # 0K, P:0K).","RBSOn = 0
",,,
2026-03-26T06:55:09.227860Z,"{'#attributes': {'Qualifiers': 0}, '#text': 330}",dc.danglingtree.htb,NTDS ISAM,Directory Service,106,4,,,NTDS,"868,D,50,0",,,NTDSA: ,C:\WINDOWS\NTDS\ntds.dit,0x2580 (9600),9600 (0x2580),9620 (0x2594),,,
2026-03-26T06:55:09.227980Z,"{'#attributes': {'Qualifiers': 0}, '#text': 326}",dc.danglingtree.htb,NTDS ISAM,Directory Service,107,4,,,NTDS,"868,D,50,0",,,NTDSA: ,1,C:\WINDOWS\NTDS\ntds.dit,0,"
[1] 0.000002 +J(0) +M(C:0K, Fs:1, WS:4K # 0K, PF:0K # 0K, P:0K)
[2] 0.000223 -0.000075 (1) WT +J(0) +M(C:0K, Fs:28, WS:48K # 0K, PF:32K # 0K, P:32K)
[3] 0.002853 -0.000776 (6) WT +J(CM:0, PgRf:0, Rd:0/0, Dy:0/0, Lg:3480/2) +M(C:0K, Fs:37, WS:112K # 0K, PF:144K # 0K, P:144K)
[4] 0.000262 +J(0) +M(C:0K, Fs:1, WS:4K # 0K, PF:0K # 0K, P:0K)
[5] -
[6] 0.001292 -0.000169 (2) CM -0.000125 (2) WT +J(CM:2, PgRf:2, Rd:0/2, Dy:0/0, Lg:0/0) +M(C:-56K, Fs:66, WS:208K # 0K, PF:152K # 0K, P:152K)
[7] 0.000002 +J(0)
[8] 0.000991 -0.000079 (1) CM -0.000052 (1) WT +J(CM:1, PgRf:1, Rd:4/1, Dy:0/0, Lg:0/0) +M(C:156K, Fs:68, WS:244K # 0K, PF:348K # 0K, P:348K)
[9] -
[10] -
[11] -
[12] 0.000177 +J(CM:0, PgRf:0, Rd:0/0, Dy:0/0, Lg:54/1) +M(C:0K, Fs:5, WS:20K # 0K, PF:28K # 0K, P:28K)
[13] 0.001106 -0.000349 (3) CM -0.000270 (3) WT +J(CM:3, PgRf:23, Rd:0/3, Dy:0/0, Lg:0/0) +M(C:-88K, Fs:26, WS:-12K # 0K, PF:-56K # 0K, P:-56K)
[14] 0.000532 -0.000400 (4) CM -0.000328 (4) WT +J(CM:4, PgRf:40, Rd:0/4, Dy:0/0, Lg:0/0) +M(C:-24K, Fs:24, WS:-8K # 0K, PF:40K # 0K, P:40K)
[15] 0.000081 -0.000060 (1) CM -0.000044 (1) WT +J(CM:1, PgRf:1, Rd:0/1, Dy:0/0, Lg:0/0) +M(C:-8K, Fs:5, WS:-8K # 0K, PF:-8K # 0K, P:-8K)
[16] 0.000008 +J(CM:0, PgRf:1, Rd:0/0, Dy:0/0, Lg:0/0) +M(C:0K, Fs:1, WS:4K # 0K, PF:0K # 0K, P:0K)
[17] 0.000035 +J(CM:0, PgRf:48, Rd:0/0, Dy:0/0, Lg:0/0) +M(C:0K, Fs:5, WS:20K # 0K, PF:0K # 0K, P:0K)
[18] 0.0 +J(0)
[19] 0.0 +J(0)
[20] 0.000013 +J(CM:0, PgRf:2, Rd:0/0, Dy:0/0, Lg:0/0) +M(C:0K, Fs:3, WS:12K # 0K, PF:4K # 0K, P:4K).",0 0,"lgposAttach = 00000002:080F:0268,
dbv = 1568.290.600 (9600)",
2026-03-26T06:55:09.228118Z,"{'#attributes': {'Qualifiers': 0}, '#text': 330}",dc.danglingtree.htb,NTDS ISAM,Directory Service,108,4,,,NTDS,"868,D,2,0",,,NTDSA: ,C:\WINDOWS\NTDS\temp.edb,0x2580 (9600),9600 (0x2580),9620 (0x2594),,,
2026-03-26T06:55:09.228253Z,"{'#attributes': {'Qualifiers': 0}, '#text': 700}",dc.danglingtree.htb,NTDS ISAM,Directory Service,109,4,,,NTDS,"868,D,0,0",,,NTDSA: ,C:\WINDOWS\NTDS\ntds.dit,,,,,,
2026-03-26T06:55:09.277945Z,"{'#attributes': {'Qualifiers': 0}, '#text': 701}",dc.danglingtree.htb,NTDS ISAM,Directory Service,110,4,,,NTDS,"868,D,0,0",,,NTDSA: ,C:\WINDOWS\NTDS\ntds.dit,0,3/25/2026,0,1,1,3
2026-03-26T06:55:09.222036Z,"{'#attributes': {'Qualifiers': 16384}, '#text': 3033}",dc.danglingtree.htb,Microsoft-Windows-ActiveDirectory_DomainService,Directory Service,111,4,,,,,,,,,,,,,,
2026-03-26T06:55:09.222036Z,"{'#attributes': {'Qualifiers': 16384}, '#text': 3027}",dc.danglingtree.htb,Microsoft-Windows-ActiveDirectory_DomainService,Directory Service,112,4,,3600,,,,,,,,,,,,
2026-03-26T06:55:09.232372Z,"{'#attributes': {'Qualifiers': 16384}, '#text': 1869}",dc.danglingtree.htb,Microsoft-Windows-ActiveDirectory_DomainService,Directory Service,113,4,,,\\dc.danglingtree.htb,Default-First-Site-Name,,,,,,,,,,
2026-03-26T07:51:45.733298Z,"{'#attributes': {'Qualifiers': 16384}, '#text': 2179}",dc.danglingtree.htb,Microsoft-Windows-ActiveDirectory_DomainService,Directory Service,114,4,,17107821466833273542,,,,,,,,,,,,
2026-03-26T07:51:47.304468Z,"{'#attributes': {'Qualifiers': 16384}, '#text': 1004}",dc.danglingtree.htb,Microsoft-Windows-ActiveDirectory_DomainService,Directory Service,115,4,,,,,,,,,,,,,,
2026-03-26T20:54:54.022282Z,"{'#attributes': {'Qualifiers': 32768}, '#text': 3051}",dc.danglingtree.htb,Microsoft-Windows-ActiveDirectory_DomainService,Directory Service,116,3,,,,,,,,,,,,,,
2026-03-26T20:54:54.022282Z,"{'#attributes': {'Qualifiers': 32768}, '#text': 3054}",dc.danglingtree.htb,Microsoft-Windows-ActiveDirectory_DomainService,Directory Service,117,3,,,,,,,,,,,,,,
2026-03-26T20:54:54.436183Z,"{'#attributes': {'Qualifiers': 16384}, '#text': 2121}",dc.danglingtree.htb,Microsoft-Windows-ActiveDirectory_DomainService,Directory Service,118,4,,,,,,,,,,,,,,
2026-03-26T20:54:54.436183Z,"{'#attributes': {'Qualifiers': 16384}, '#text': 2406}",dc.danglingtree.htb,Microsoft-Windows-ActiveDirectory_DomainService,Directory Service,119,4,,Recycle Bin Feature,,,,,,,,,,,,
2026-03-26T20:54:54.436183Z,"{'#attributes': {'Qualifiers': 16384}, '#text': 2406}",dc.danglingtree.htb,Microsoft-Windows-ActiveDirectory_DomainService,Directory Service,120,4,,Privileged Access Management Feature,,,,,,,,,,,,
2026-03-26T20:54:54.436183Z,"{'#attributes': {'Qualifiers': 16384}, '#text': 2406}",dc.danglingtree.htb,Microsoft-Windows-ActiveDirectory_DomainService,Directory Service,121,4,,Database 32k Pages Feature,,,,,,,,,,,,
2026-03-26T20:54:54.438191Z,"{'#attributes': {'Qualifiers': 16384}, '#text': 2168}",dc.danglingtree.htb,Microsoft-Windows-ActiveDirectory_DomainService,Directory Service,122,4,,65253950709378025,,,,,,,,,,,,
2026-03-26T20:54:54.438191Z,"{'#attributes': {'Qualifiers': 16384}, '#text': 2172}",dc.danglingtree.htb,Microsoft-Windows-ActiveDirectory_DomainService,Directory Service,123,4,,17107821466833273542,,,,,,,,,,,,
2026-03-26T20:54:54.438191Z,"{'#attributes': {'Qualifiers': 32768}, '#text': 2170}",dc.danglingtree.htb,Microsoft-Windows-ActiveDirectory_DomainService,Directory Service,124,3,,,17107821466833273542,65253950709378025,,,,,,,,,,
2026-03-26T20:54:54.446081Z,"{'#attributes': {'Qualifiers': 16384}, '#text': 1109}",dc.danglingtree.htb,Microsoft-Windows-ActiveDirectory_DomainService,Directory Service,125,4,,,01ce9647-67d8-46e5-ba68-267242bfd7c5,bfdd94f2-6c1a-42b2-9873-103038b60a91,,,24580,,,,,,,
2026-03-26T20:54:54.460300Z,"{'#attributes': {'Qualifiers': 16384}, '#text': 2208}",dc.danglingtree.htb,Microsoft-Windows-ActiveDirectory_DomainService,Directory Service,126,4,,,,,,,,,,,,,,
2026-03-26T20:54:54.464085Z,"{'#attributes': {'Qualifiers': 16384}, '#text': 2179}",dc.danglingtree.htb,Microsoft-Windows-ActiveDirectory_DomainService,Directory Service,127,4,,65253950709378025,,,,,,,,,,,,
2026-03-26T20:54:54.472118Z,"{'#attributes': {'Qualifiers': 16384}, '#text': 2405}",dc.danglingtree.htb,Microsoft-Windows-ActiveDirectory_DomainService,Directory Service,128,4,,Database 32k Pages Feature,,,,,,,,,,,,
2026-03-26T20:54:54.472118Z,"{'#attributes': {'Qualifiers': 16384}, '#text': 2405}",dc.danglingtree.htb,Microsoft-Windows-ActiveDirectory_DomainService,Directory Service,129,4,,Privileged Access Management Feature,,,,,,,,,,,,
2026-03-26T20:54:54.472118Z,"{'#attributes': {'Qualifiers': 16384}, '#text': 2120}",dc.danglingtree.htb,Microsoft-Windows-ActiveDirectory_DomainService,Directory Service,130,4,,,,,,,,,,,,,,
2026-03-26T20:54:54.472118Z,"{'#attributes': {'Qualifiers': 16384}, '#text': 2405}",dc.danglingtree.htb,Microsoft-Windows-ActiveDirectory_DomainService,Directory Service,131,4,,Recycle Bin Feature,,,,,,,,,,,,
2026-03-26T20:55:04.494050Z,"{'#attributes': {'Qualifiers': 16384}, '#text': 1000}",dc.danglingtree.htb,Microsoft-Windows-ActiveDirectory_DomainService,Directory Service,132,4,,,,,,,,,,,,,,
2026-03-26T20:55:34.505245Z,"{'#attributes': {'Qualifiers': 16384}, '#text': 1394}",dc.danglingtree.htb,Microsoft-Windows-ActiveDirectory_DomainService,Directory Service,133,4,,,,,,,,,,,,,,
2026-03-26T21:10:04.581873Z,"{'#attributes': {'Qualifiers': 0}, '#text': 102}",dc.danglingtree.htb,NTDS ISAM,Directory Service,134,4,,,NTDS,"872,P,98,0",,,NTDSA: ,0,10,00,26100,0000,,
2026-03-26T21:10:04.582392Z,"{'#attributes': {'Qualifiers': 0}, '#text': 105}",dc.danglingtree.htb,NTDS ISAM,Directory Service,135,4,,,NTDS,"872,D,0,0",,,NTDSA: ,0,0.042,"
[1] 0.001207 +J(0) +M(C:0K, Fs:184, WS:716K # 100K, PF:5456K # 2412K, P:5456K)
[2] 0.001909 +J(0) +M(C:64K, Fs:91, WS:352K # 352K, PF:352K # 352K, P:352K)
[3] 0.000131 +J(0) +M(C:0K, Fs:3, WS:12K # 12K, PF:64K # 64K, P:64K)
[4] 0.006802 -0.000123 (1) WT +J(0) +M(C:0K, Fs:140, WS:476K # 476K, PF:6044K # 6044K, P:6044K)
[5] 0.000138 +J(0) +M(C:0K, Fs:3, WS:12K # 12K, PF:12K # 12K, P:12K)
[6] 0.001883 +J(0) +M(C:0K, Fs:18, WS:68K # 68K, PF:16K # 16K, P:16K)
[7] 0.020336 -0.016870 (21) WT +J(0) +M(C:0K, Fs:2580, WS:10300K # 10300K, PF:10260K # 10260K, P:10260K)
[8] -
[9] -
[10] -
[11] -
[12] -
[13] 0.009355 -0.005781 (22) WT +J(CM:0, PgRf:0, Rd:0/0, Dy:0/0, Lg:616/1) +M(C:0K, Fs:14, WS:-10200K # 20K, PF:-10252K # 12K, P:-10252K)
[14] 0.000020 +J(0) +M(C:0K, Fs:1, WS:4K # 0K, PF:4K # 0K, P:4K)
[15] 0.000310 +J(0) +M(C:0K, Fs:411, WS:1644K # 0K, PF:64K # 0K, P:64K)
[16] 0.000315 -0.000156 (1) WT +J(0) +M(C:0K, Fs:2, WS:0K # 0K, PF:0K # 0K, P:0K).","RBSOn = 0
",,,
2026-03-26T21:10:04.582737Z,"{'#attributes': {'Qualifiers': 0}, '#text': 330}",dc.danglingtree.htb,NTDS ISAM,Directory Service,136,4,,,NTDS,"872,D,50,0",,,NTDSA: ,C:\WINDOWS\NTDS\ntds.dit,0x2580 (9600),9600 (0x2580),9620 (0x2594),,,
2026-03-26T21:10:04.583030Z,"{'#attributes': {'Qualifiers': 0}, '#text': 326}",dc.danglingtree.htb,NTDS ISAM,Directory Service,137,4,,,NTDS,"872,D,50,0",,,NTDSA: ,1,C:\WINDOWS\NTDS\ntds.dit,0,"
[1] 0.000002 +J(0) +M(C:0K, Fs:1, WS:4K # 0K, PF:0K # 0K, P:0K)
[2] 0.000327 -0.000186 (1) WT +J(0) +M(C:0K, Fs:28, WS:48K # 0K, PF:32K # 0K, P:32K)
[3] 0.003607 -0.001875 (6) WT +J(CM:0, PgRf:0, Rd:0/0, Dy:0/0, Lg:3480/2) +M(C:0K, Fs:33, WS:100K # 0K, PF:128K # 0K, P:128K)
[4] 0.000337 +J(0) +M(C:0K, Fs:1, WS:4K # 0K, PF:0K # 0K, P:0K)
[5] -
[6] 0.001923 -0.000263 (2) CM -0.000193 (2) WT +J(CM:2, PgRf:2, Rd:0/2, Dy:0/0, Lg:0/0) +M(C:-56K, Fs:65, WS:204K # 0K, PF:148K # 0K, P:148K)
[7] 0.000003 +J(0)
[8] 0.001967 -0.000260 (1) CM -0.000229 (1) WT +J(CM:1, PgRf:1, Rd:4/1, Dy:0/0, Lg:0/0) +M(C:92K, Fs:53, WS:184K # 0K, PF:288K # 0K, P:288K)
[9] -
[10] -
[11] -
[12] 0.000465 +J(CM:0, PgRf:0, Rd:0/0, Dy:0/0, Lg:54/1) +M(C:0K, Fs:5, WS:20K # 0K, PF:28K # 0K, P:28K)
[13] 0.002716 -0.001713 (6) CM -0.001528 (6) WT +J(CM:6, PgRf:23, Rd:0/6, Dy:0/0, Lg:0/0) +M(C:-24K, Fs:43, WS:52K # 0K, PF:8K # 0K, P:8K)
[14] 0.000871 -0.000671 (4) CM -0.000579 (4) WT +J(CM:4, PgRf:40, Rd:0/4, Dy:0/0, Lg:0/0) +M(C:-24K, Fs:24, WS:-8K # 0K, PF:40K # 0K, P:40K)
[15] 0.000321 -0.000273 (1) CM -0.000241 (1) WT +J(CM:1, PgRf:1, Rd:0/1, Dy:0/0, Lg:0/0) +M(C:0K, Fs:7, WS:0K # 0K, PF:0K # 0K, P:0K)
[16] 0.000015 +J(CM:0, PgRf:1, Rd:0/0, Dy:0/0, Lg:0/0) +M(C:0K, Fs:1, WS:4K # 0K, PF:0K # 0K, P:0K)
[17] 0.000059 +J(CM:0, PgRf:48, Rd:0/0, Dy:0/0, Lg:0/0) +M(C:0K, Fs:5, WS:20K # 0K, PF:0K # 0K, P:0K)
[18] 0.000001 +J(0)
[19] 0.0 +J(0)
[20] 0.000035 +J(CM:0, PgRf:2, Rd:0/0, Dy:0/0, Lg:0/0) +M(C:0K, Fs:3, WS:12K # 0K, PF:4K # 0K, P:4K).",0 0,"lgposAttach = 00000002:0926:0268,
dbv = 1568.290.600 (9600)",
2026-03-26T21:10:04.583443Z,"{'#attributes': {'Qualifiers': 0}, '#text': 330}",dc.danglingtree.htb,NTDS ISAM,Directory Service,138,4,,,NTDS,"872,D,2,0",,,NTDSA: ,C:\WINDOWS\NTDS\temp.edb,0x2580 (9600),9600 (0x2580),9620 (0x2594),,,
2026-03-26T21:10:04.583593Z,"{'#attributes': {'Qualifiers': 0}, '#text': 700}",dc.danglingtree.htb,NTDS ISAM,Directory Service,139,4,,,NTDS,"872,D,0,0",,,NTDSA: ,C:\WINDOWS\NTDS\ntds.dit,,,,,,
2026-03-26T21:10:04.624818Z,"{'#attributes': {'Qualifiers': 0}, '#text': 701}",dc.danglingtree.htb,NTDS ISAM,Directory Service,140,4,,,NTDS,"872,D,0,0",,,NTDSA: ,C:\WINDOWS\NTDS\ntds.dit,3,3/26/2026,0,1,1,4
2026-03-26T21:10:04.571147Z,"{'#attributes': {'Qualifiers': 16384}, '#text': 3033}",dc.danglingtree.htb,Microsoft-Windows-ActiveDirectory_DomainService,Directory Service,141,4,,,,,,,,,,,,,,
2026-03-26T21:10:04.571147Z,"{'#attributes': {'Qualifiers': 16384}, '#text': 3027}",dc.danglingtree.htb,Microsoft-Windows-ActiveDirectory_DomainService,Directory Service,142,4,,3600,,,,,,,,,,,,
2026-03-26T21:10:04.583127Z,"{'#attributes': {'Qualifiers': 16384}, '#text': 1869}",dc.danglingtree.htb,Microsoft-Windows-ActiveDirectory_DomainService,Directory Service,143,4,,,\\dc.danglingtree.htb,Default-First-Site-Name,,,,,,,,,,
2026-03-26T21:46:47.305773Z,"{'#attributes': {'Qualifiers': 16384}, '#text': 2179}",dc.danglingtree.htb,Microsoft-Windows-ActiveDirectory_DomainService,Directory Service,144,4,,65253950709378025,,,,,,,,,,,,
2026-03-26T21:46:50.587790Z,"{'#attributes': {'Qualifiers': 16384}, '#text': 1004}",dc.danglingtree.htb,Microsoft-Windows-ActiveDirectory_DomainService,Directory Service,145,4,,,,,,,,,,,,,,
2026-03-27T07:54:44.326174Z,"{'#attributes': {'Qualifiers': 32768}, '#text': 3051}",dc.danglingtree.htb,Microsoft-Windows-ActiveDirectory_DomainService,Directory Service,146,3,,,,,,,,,,,,,,
2026-03-27T07:54:44.326174Z,"{'#attributes': {'Qualifiers': 32768}, '#text': 3054}",dc.danglingtree.htb,Microsoft-Windows-ActiveDirectory_DomainService,Directory Service,147,3,,,,,,,,,,,,,,
2026-03-27T07:54:44.855901Z,"{'#attributes': {'Qualifiers': 16384}, '#text': 2121}",dc.danglingtree.htb,Microsoft-Windows-ActiveDirectory_DomainService,Directory Service,148,4,,,,,,,,,,,,,,
2026-03-27T07:54:44.855901Z,"{'#attributes': {'Qualifiers': 16384}, '#text': 2406}",dc.danglingtree.htb,Microsoft-Windows-ActiveDirectory_DomainService,Directory Service,149,4,,Recycle Bin Feature,,,,,,,,,,,,
2026-03-27T07:54:44.855901Z,"{'#attributes': {'Qualifiers': 16384}, '#text': 2406}",dc.danglingtree.htb,Microsoft-Windows-ActiveDirectory_DomainService,Directory Service,150,4,,Privileged Access Management Feature,,,,,,,,,,,,
2026-03-27T07:54:44.855901Z,"{'#attributes': {'Qualifiers': 16384}, '#text': 2406}",dc.danglingtree.htb,Microsoft-Windows-ActiveDirectory_DomainService,Directory Service,151,4,,Database 32k Pages Feature,,,,,,,,,,,,
2026-03-27T07:54:44.857920Z,"{'#attributes': {'Qualifiers': 16384}, '#text': 2168}",dc.danglingtree.htb,Microsoft-Windows-ActiveDirectory_DomainService,Directory Service,152,4,,65253950709378025,,,,,,,,,,,,
2026-03-27T07:54:44.857920Z,"{'#attributes': {'Qualifiers': 16384}, '#text': 2172}",dc.danglingtree.htb,Microsoft-Windows-ActiveDirectory_DomainService,Directory Service,153,4,,65253950709378025,,,,,,,,,,,,
2026-03-27T07:54:44.876785Z,"{'#attributes': {'Qualifiers': 16384}, '#text': 2405}",dc.danglingtree.htb,Microsoft-Windows-ActiveDirectory_DomainService,Directory Service,154,4,,Database 32k Pages Feature,,,,,,,,,,,,
2026-03-27T07:54:44.876785Z,"{'#attributes': {'Qualifiers': 16384}, '#text': 2405}",dc.danglingtree.htb,Microsoft-Windows-ActiveDirectory_DomainService,Directory Service,155,4,,Privileged Access Management Feature,,,,,,,,,,,,
2026-03-27T07:54:44.877720Z,"{'#attributes': {'Qualifiers': 16384}, '#text': 2120}",dc.danglingtree.htb,Microsoft-Windows-ActiveDirectory_DomainService,Directory Service,156,4,,,,,,,,,,,,,,
2026-03-27T07:54:44.877720Z,"{'#attributes': {'Qualifiers': 16384}, '#text': 2405}",dc.danglingtree.htb,Microsoft-Windows-ActiveDirectory_DomainService,Directory Service,157,4,,Recycle Bin Feature,,,,,,,,,,,,
2026-03-27T07:54:54.890764Z,"{'#attributes': {'Qualifiers': 16384}, '#text': 1000}",dc.danglingtree.htb,Microsoft-Windows-ActiveDirectory_DomainService,Directory Service,158,4,,,,,,,,,,,,,,
