2026-08-05T03:39:46.424373Z,"{'#attributes': {'Qualifiers': 16384}, '#text': 1869}",dc.danglingtree.htb,Microsoft-Windows-ActiveDirectory_DomainService,Directory Service,931,4,,,\\dc.danglingtree.htb,Default-First-Site-Name,,,,,,,,,,
2026-08-05T03:39:47.783167Z,"{'#attributes': {'Qualifiers': 0}, '#text': 102}",dc.danglingtree.htb,NTDS ISAM,Directory Service,932,4,,,NTDS,"852,P,98,0",,,NTDSA: ,0,10,00,26100,0000,,
2026-08-05T03:39:47.783704Z,"{'#attributes': {'Qualifiers': 0}, '#text': 105}",dc.danglingtree.htb,NTDS ISAM,Directory Service,933,4,,,NTDS,"852,D,0,0",,,NTDSA: ,0,0.201,"
[1] 0.000603 +J(0) +M(C:0K, Fs:99, WS:376K # 0K, PF:4400K # 1520K, P:4400K)
[2] 0.000331 +J(0) +M(C:64K, Fs:148, WS:580K # 468K, PF:1264K # 1264K, P:1264K)
[3] 0.000027 +J(0) +M(C:0K, Fs:7, WS:24K # 24K, PF:64K # 64K, P:64K)
[4] 0.003824 -0.000249 (1) WT +J(0) +M(C:0K, Fs:125, WS:428K # 428K, PF:6008K # 6008K, P:6008K)
[5] 0.000387 +J(0) +M(C:0K, Fs:1, WS:4K # 4K, PF:0K # 0K, P:0K)
[6] 0.005153 +J(0) +M(C:0K, Fs:16, WS:60K # 60K, PF:16K # 16K, P:16K)
[7] 0.119390 -0.113160 (21) WT +J(0) +M(C:0K, Fs:2577, WS:10288K # 10288K, PF:10260K # 10260K, P:10260K)
[8] -
[9] -
[10] -
[11] -
[12] -
[13] 0.069681 -0.064480 (22) WT +J(CM:0, PgRf:0, Rd:0/0, Dy:0/0, Lg:616/1) +M(C:0K, Fs:14, WS:-10200K # 24K, PF:-10252K # 12K, P:-10252K)
[14] 0.000033 +J(0) +M(C:0K, Fs:1, WS:4K # 0K, PF:0K # 0K, P:0K)
[15] 0.000564 +J(0) +M(C:0K, Fs:411, WS:1644K # 0K, PF:64K # 0K, P:64K)
[16] 0.000598 -0.000337 (1) WT +J(0) +M(C:0K, Fs:2, WS:0K # 0K, PF:0K # 0K, P:0K).","RBSOn = 0
",,,
2026-08-05T03:39:47.784047Z,"{'#attributes': {'Qualifiers': 0}, '#text': 330}",dc.danglingtree.htb,NTDS ISAM,Directory Service,934,4,,,NTDS,"852,D,50,0",,,NTDSA: ,C:\WINDOWS\NTDS\ntds.dit,0x2580 (9600),9600 (0x2580),9620 (0x2594),,,
2026-08-05T03:39:47.784382Z,"{'#attributes': {'Qualifiers': 0}, '#text': 326}",dc.danglingtree.htb,NTDS ISAM,Directory Service,935,4,,,NTDS,"852,D,50,0",,,NTDSA: ,1,C:\WINDOWS\NTDS\ntds.dit,0,"
[1] 0.000008 +J(0) +M(C:0K, Fs:1, WS:4K # 0K, PF:0K # 0K, P:0K)
[2] 0.000656 -0.000324 (1) WT +J(0) +M(C:0K, Fs:26, WS:40K # 0K, PF:32K # 0K, P:32K)
[3] 0.007208 -0.002120 (6) WT +J(CM:0, PgRf:0, Rd:0/0, Dy:0/0, Lg:3480/2) +M(C:0K, Fs:33, WS:100K # 0K, PF:112K # 0K, P:112K)
[4] 0.000627 +J(0) +M(C:0K, Fs:1, WS:4K # 0K, PF:0K # 0K, P:0K)
[5] -
[6] 0.003824 -0.003373 (2) CM -0.003305 (2) WT +J(CM:2, PgRf:2, Rd:0/2, Dy:0/0, Lg:0/0) +M(C:-56K, Fs:66, WS:208K # 0K, PF:148K # 0K, P:148K)
[7] 0.000002 +J(0)
[8] 0.002388 -0.001991 (1) CM -0.001953 (1) WT +J(CM:1, PgRf:1, Rd:4/1, Dy:0/0, Lg:0/0) +M(C:156K, Fs:62, WS:220K # 0K, PF:352K # 0K, P:352K)
[9] -
[10] -
[11] -
[12] 0.000295 +J(CM:0, PgRf:0, Rd:0/0, Dy:0/0, Lg:54/1) +M(C:0K, Fs:3, WS:12K # 0K, PF:20K # 0K, P:20K)
[13] 0.004173 -0.003671 (3) CM -0.003562 (3) WT +J(CM:3, PgRf:23, Rd:0/3, Dy:0/0, Lg:0/0) +M(C:-116K, Fs:33, WS:-4K # 0K, PF:-84K # 0K, P:-84K)
[14] 0.001960 -0.001691 (3) CM -0.001604 (3) WT +J(CM:3, PgRf:40, Rd:0/3, Dy:0/0, Lg:0/0) +M(C:-24K, Fs:16, WS:-12K # 0K, PF:40K # 0K, P:40K)
[15] 0.000010 +J(CM:0, PgRf:1, Rd:0/0, Dy:0/0, Lg:0/0)
[16] 0.000016 +J(CM:0, PgRf:1, Rd:0/0, Dy:0/0, Lg:0/0) +M(C:0K, Fs:1, WS:4K # 0K, PF:0K # 0K, P:0K)
[17] 0.000097 +J(CM:0, PgRf:48, Rd:0/0, Dy:0/0, Lg:0/0) +M(C:0K, Fs:6, WS:24K # 0K, PF:0K # 0K, P:0K)
[18] 0.000001 +J(0)
[19] 0.0 +J(0)
[20] 0.000045 +J(CM:0, PgRf:2, Rd:0/0, Dy:0/0, Lg:0/0) +M(C:0K, Fs:5, WS:20K # 0K, PF:8K # 0K, P:8K).",0 0,"lgposAttach = 00000003:0627:0268,
dbv = 1568.290.600 (9600)",
2026-08-05T03:39:47.784745Z,"{'#attributes': {'Qualifiers': 0}, '#text': 330}",dc.danglingtree.htb,NTDS ISAM,Directory Service,936,4,,,NTDS,"852,D,2,0",,,NTDSA: ,C:\WINDOWS\NTDS\temp.edb,0x2580 (9600),9600 (0x2580),9620 (0x2594),,,
2026-08-05T03:39:47.785092Z,"{'#attributes': {'Qualifiers': 0}, '#text': 700}",dc.danglingtree.htb,NTDS ISAM,Directory Service,937,4,,,NTDS,"852,D,0,0",,,NTDSA: ,C:\WINDOWS\NTDS\ntds.dit,,,,,,
2026-08-05T03:39:48.124840Z,"{'#attributes': {'Qualifiers': 0}, '#text': 701}",dc.danglingtree.htb,NTDS ISAM,Directory Service,938,4,,,NTDS,"852,D,0,0",,,NTDSA: ,C:\WINDOWS\NTDS\ntds.dit,0,8/4/2026,0,1,1,19
2026-08-05T03:39:47.778579Z,"{'#attributes': {'Qualifiers': 16384}, '#text': 3033}",dc.danglingtree.htb,Microsoft-Windows-ActiveDirectory_DomainService,Directory Service,939,4,,,,,,,,,,,,,,
2026-08-05T03:39:47.778579Z,"{'#attributes': {'Qualifiers': 16384}, '#text': 3027}",dc.danglingtree.htb,Microsoft-Windows-ActiveDirectory_DomainService,Directory Service,940,4,,3600,,,,,,,,,,,,
2026-08-05T04:24:46.644585Z,"{'#attributes': {'Qualifiers': 32768}, '#text': 2089}",dc.danglingtree.htb,Microsoft-Windows-ActiveDirectory_DomainService,Directory Service,941,3,,,"DC=danglingtree,DC=htb",90,,,System\CurrentControlSet\Services\NTDS\Parameters,Backup Latency Threshold (days),,,,,,
2026-08-05T04:24:46.645097Z,"{'#attributes': {'Qualifiers': 32768}, '#text': 2089}",dc.danglingtree.htb,Microsoft-Windows-ActiveDirectory_DomainService,Directory Service,942,3,,,"CN=Configuration,DC=danglingtree,DC=htb",90,,,System\CurrentControlSet\Services\NTDS\Parameters,Backup Latency Threshold (days),,,,,,
2026-08-05T04:24:46.645097Z,"{'#attributes': {'Qualifiers': 32768}, '#text': 2089}",dc.danglingtree.htb,Microsoft-Windows-ActiveDirectory_DomainService,Directory Service,943,3,,,"CN=Schema,CN=Configuration,DC=danglingtree,DC=htb",90,,,System\CurrentControlSet\Services\NTDS\Parameters,Backup Latency Threshold (days),,,,,,
2026-08-05T04:24:46.645097Z,"{'#attributes': {'Qualifiers': 32768}, '#text': 2089}",dc.danglingtree.htb,Microsoft-Windows-ActiveDirectory_DomainService,Directory Service,944,3,,,"DC=DomainDnsZones,DC=danglingtree,DC=htb",90,,,System\CurrentControlSet\Services\NTDS\Parameters,Backup Latency Threshold (days),,,,,,
2026-08-05T04:24:46.645097Z,"{'#attributes': {'Qualifiers': 32768}, '#text': 2089}",dc.danglingtree.htb,Microsoft-Windows-ActiveDirectory_DomainService,Directory Service,945,3,,,"DC=ForestDnsZones,DC=danglingtree,DC=htb",90,,,System\CurrentControlSet\Services\NTDS\Parameters,Backup Latency Threshold (days),,,,,,
2026-08-05T04:56:27.852561Z,"{'#attributes': {'Qualifiers': 0}, '#text': 103}",dc.danglingtree.htb,NTDS ISAM,Directory Service,946,4,,,NTDS,"852,T,97,0",,,NTDSA: ,0,"
[1] 0.000007 +J(0) +M(C:0K, Fs:1, WS:4K # 0K, PF:0K # 0K, P:0K)
[2] 0.000103 +J(0) +M(C:0K, Fs:3, WS:12K # 0K, PF:0K # 0K, P:0K)
[3] 0.000023 +J(0) +M(C:0K, Fs:1, WS:4K # 0K, PF:0K # 0K, P:0K)
[4] 0.000016 +J(0)
[5] 0.062887 -0.013257 (6) WT +J(0) +M(C:-116K, Fs:93, WS:-44K # 0K, PF:-116K # 0K, P:-116K)
[6] 0.000027 +J(0)
[7] 0.000013 +J(0) +M(C:0K, Fs:1, WS:4K # 0K, PF:0K # 0K, P:0K)
[8] 0.027034 -0.010085 (10) WT +J(CM:0, PgRf:0, Rd:0/0, Dy:0/0, Lg:3645/2) +M(C:0K, Fs:21, WS:-112K # 0K, PF:-216K # 0K, P:-216K)
[9] 0.003660 -0.001432 (1) WT +J(CM:0, PgRf:0, Rd:0/0, Dy:0/0, Lg:66/1) +M(C:0K, Fs:2, WS:8K # 0K, PF:20K # 0K, P:20K)
[10] 0.000029 +J(0)
[11] 0.006726 -0.002979 (2) WT +J(0)
[12] 0.000021 +J(0) +M(C:0K, Fs:0, WS:-4K # 0K, PF:-4K # 0K, P:-4K)
[13] 0.000071 +J(0) +M(C:0K, Fs:1, WS:4K # 0K, PF:0K # 0K, P:0K)
[14] 0.000103 +J(0) +M(C:0K, Fs:0, WS:-52K # 0K, PF:-96K # 0K, P:-96K)
[15] 0.000006 +J(0).",0,,,,
2026-08-05T04:56:27.711784Z,"{'#attributes': {'Qualifiers': 16384}, '#text': 2179}",dc.danglingtree.htb,Microsoft-Windows-ActiveDirectory_DomainService,Directory Service,947,4,,3187160350560347194,,,,,,,,,,,,
2026-08-05T04:56:27.856169Z,"{'#attributes': {'Qualifiers': 16384}, '#text': 1004}",dc.danglingtree.htb,Microsoft-Windows-ActiveDirectory_DomainService,Directory Service,948,4,,,,,,,,,,,,,,
2026-08-05T05:27:56.895323Z,"{'#attributes': {'Qualifiers': 32768}, '#text': 3051}",dc.danglingtree.htb,Microsoft-Windows-ActiveDirectory_DomainService,Directory Service,949,3,,,,,,,,,,,,,,
2026-08-05T05:27:56.895323Z,"{'#attributes': {'Qualifiers': 32768}, '#text': 3054}",dc.danglingtree.htb,Microsoft-Windows-ActiveDirectory_DomainService,Directory Service,950,3,,,,,,,,,,,,,,
2026-08-05T05:27:57.307748Z,"{'#attributes': {'Qualifiers': 16384}, '#text': 2121}",dc.danglingtree.htb,Microsoft-Windows-ActiveDirectory_DomainService,Directory Service,951,4,,,,,,,,,,,,,,
2026-08-05T05:27:57.307748Z,"{'#attributes': {'Qualifiers': 16384}, '#text': 2406}",dc.danglingtree.htb,Microsoft-Windows-ActiveDirectory_DomainService,Directory Service,952,4,,Recycle Bin Feature,,,,,,,,,,,,
2026-08-05T05:27:57.307748Z,"{'#attributes': {'Qualifiers': 16384}, '#text': 2406}",dc.danglingtree.htb,Microsoft-Windows-ActiveDirectory_DomainService,Directory Service,953,4,,Privileged Access Management Feature,,,,,,,,,,,,
2026-08-05T05:27:57.307748Z,"{'#attributes': {'Qualifiers': 16384}, '#text': 2406}",dc.danglingtree.htb,Microsoft-Windows-ActiveDirectory_DomainService,Directory Service,954,4,,Database 32k Pages Feature,,,,,,,,,,,,
2026-08-05T05:27:57.309757Z,"{'#attributes': {'Qualifiers': 16384}, '#text': 2168}",dc.danglingtree.htb,Microsoft-Windows-ActiveDirectory_DomainService,Directory Service,955,4,,16245985670867539011,,,,,,,,,,,,
2026-08-05T05:27:57.309757Z,"{'#attributes': {'Qualifiers': 16384}, '#text': 2172}",dc.danglingtree.htb,Microsoft-Windows-ActiveDirectory_DomainService,Directory Service,956,4,,3187160350560347194,,,,,,,,,,,,
2026-08-05T05:27:57.309757Z,"{'#attributes': {'Qualifiers': 32768}, '#text': 2170}",dc.danglingtree.htb,Microsoft-Windows-ActiveDirectory_DomainService,Directory Service,957,3,,,3187160350560347194,16245985670867539011,,,,,,,,,,
2026-08-05T05:27:57.317160Z,"{'#attributes': {'Qualifiers': 16384}, '#text': 1109}",dc.danglingtree.htb,Microsoft-Windows-ActiveDirectory_DomainService,Directory Service,958,4,,,9265944d-49b3-4bf6-93d7-0abd28031ead,f35ab58f-d5ef-4552-9e00-7f81410ade8a,,,180266,,,,,,,
2026-08-05T05:27:57.339149Z,"{'#attributes': {'Qualifiers': 16384}, '#text': 2208}",dc.danglingtree.htb,Microsoft-Windows-ActiveDirectory_DomainService,Directory Service,959,4,,,,,,,,,,,,,,
2026-08-05T05:27:57.350959Z,"{'#attributes': {'Qualifiers': 16384}, '#text': 2179}",dc.danglingtree.htb,Microsoft-Windows-ActiveDirectory_DomainService,Directory Service,960,4,,16245985670867539011,,,,,,,,,,,,
2026-08-05T05:27:57.371137Z,"{'#attributes': {'Qualifiers': 16384}, '#text': 2405}",dc.danglingtree.htb,Microsoft-Windows-ActiveDirectory_DomainService,Directory Service,961,4,,Privileged Access Management Feature,,,,,,,,,,,,
2026-08-05T05:27:57.371137Z,"{'#attributes': {'Qualifiers': 16384}, '#text': 2120}",dc.danglingtree.htb,Microsoft-Windows-ActiveDirectory_DomainService,Directory Service,962,4,,,,,,,,,,,,,,
2026-08-05T05:27:57.373146Z,"{'#attributes': {'Qualifiers': 16384}, '#text': 2405}",dc.danglingtree.htb,Microsoft-Windows-ActiveDirectory_DomainService,Directory Service,963,4,,Recycle Bin Feature,,,,,,,,,,,,
2026-08-05T05:27:57.373146Z,"{'#attributes': {'Qualifiers': 16384}, '#text': 2405}",dc.danglingtree.htb,Microsoft-Windows-ActiveDirectory_DomainService,Directory Service,964,4,,Database 32k Pages Feature,,,,,,,,,,,,
2026-08-05T05:28:07.453611Z,"{'#attributes': {'Qualifiers': 16384}, '#text': 1000}",dc.danglingtree.htb,Microsoft-Windows-ActiveDirectory_DomainService,Directory Service,965,4,,,,,,,,,,,,,,
2026-08-05T05:28:37.463262Z,"{'#attributes': {'Qualifiers': 16384}, '#text': 1394}",dc.danglingtree.htb,Microsoft-Windows-ActiveDirectory_DomainService,Directory Service,966,4,,,,,,,,,,,,,,
2026-08-05T05:34:36.252856Z,"{'#attributes': {'Qualifiers': 16384}, '#text': 2179}",dc.danglingtree.htb,Microsoft-Windows-ActiveDirectory_DomainService,Directory Service,967,4,,16245985670867539011,,,,,,,,,,,,
2026-08-05T05:34:36.598086Z,"{'#attributes': {'Qualifiers': 16384}, '#text': 1004}",dc.danglingtree.htb,Microsoft-Windows-ActiveDirectory_DomainService,Directory Service,968,4,,,,,,,,,,,,,,
2026-08-05T05:42:37.492151Z,"{'#attributes': {'Qualifiers': 32768}, '#text': 3051}",dc.danglingtree.htb,Microsoft-Windows-ActiveDirectory_DomainService,Directory Service,969,3,,,,,,,,,,,,,,
2026-08-05T05:42:37.492151Z,"{'#attributes': {'Qualifiers': 32768}, '#text': 3054}",dc.danglingtree.htb,Microsoft-Windows-ActiveDirectory_DomainService,Directory Service,970,3,,,,,,,,,,,,,,
2026-08-05T05:42:38.146493Z,"{'#attributes': {'Qualifiers': 16384}, '#text': 2121}",dc.danglingtree.htb,Microsoft-Windows-ActiveDirectory_DomainService,Directory Service,971,4,,,,,,,,,,,,,,
2026-08-05T05:42:38.146493Z,"{'#attributes': {'Qualifiers': 16384}, '#text': 2406}",dc.danglingtree.htb,Microsoft-Windows-ActiveDirectory_DomainService,Directory Service,972,4,,Recycle Bin Feature,,,,,,,,,,,,
2026-08-05T05:42:38.146493Z,"{'#attributes': {'Qualifiers': 16384}, '#text': 2406}",dc.danglingtree.htb,Microsoft-Windows-ActiveDirectory_DomainService,Directory Service,973,4,,Privileged Access Management Feature,,,,,,,,,,,,
2026-08-05T05:42:38.146493Z,"{'#attributes': {'Qualifiers': 16384}, '#text': 2406}",dc.danglingtree.htb,Microsoft-Windows-ActiveDirectory_DomainService,Directory Service,974,4,,Database 32k Pages Feature,,,,,,,,,,,,
2026-08-05T05:42:38.148505Z,"{'#attributes': {'Qualifiers': 16384}, '#text': 2168}",dc.danglingtree.htb,Microsoft-Windows-ActiveDirectory_DomainService,Directory Service,975,4,,16245985670867539011,,,,,,,,,,,,
2026-08-05T05:42:38.148505Z,"{'#attributes': {'Qualifiers': 16384}, '#text': 2172}",dc.danglingtree.htb,Microsoft-Windows-ActiveDirectory_DomainService,Directory Service,976,4,,16245985670867539011,,,,,,,,,,,,
2026-08-05T05:42:38.156617Z,"{'#attributes': {'Qualifiers': 16384}, '#text': 2405}",dc.danglingtree.htb,Microsoft-Windows-ActiveDirectory_DomainService,Directory Service,977,4,,Privileged Access Management Feature,,,,,,,,,,,,
2026-08-05T05:42:38.156617Z,"{'#attributes': {'Qualifiers': 16384}, '#text': 2120}",dc.danglingtree.htb,Microsoft-Windows-ActiveDirectory_DomainService,Directory Service,978,4,,,,,,,,,,,,,,
2026-08-05T05:42:38.156617Z,"{'#attributes': {'Qualifiers': 16384}, '#text': 2405}",dc.danglingtree.htb,Microsoft-Windows-ActiveDirectory_DomainService,Directory Service,979,4,,Recycle Bin Feature,,,,,,,,,,,,
2026-08-05T05:42:38.158370Z,"{'#attributes': {'Qualifiers': 16384}, '#text': 2405}",dc.danglingtree.htb,Microsoft-Windows-ActiveDirectory_DomainService,Directory Service,980,4,,Database 32k Pages Feature,,,,,,,,,,,,
2026-08-05T05:42:48.163153Z,"{'#attributes': {'Qualifiers': 16384}, '#text': 1000}",dc.danglingtree.htb,Microsoft-Windows-ActiveDirectory_DomainService,Directory Service,981,4,,,,,,,,,,,,,,
2026-08-05T05:43:18.167279Z,"{'#attributes': {'Qualifiers': 16384}, '#text': 1394}",dc.danglingtree.htb,Microsoft-Windows-ActiveDirectory_DomainService,Directory Service,982,4,,,,,,,,,,,,,,
2026-08-05T05:45:50.669447Z,"{'#attributes': {'Qualifiers': 16384}, '#text': 2179}",dc.danglingtree.htb,Microsoft-Windows-ActiveDirectory_DomainService,Directory Service,983,4,,16245985670867539011,,,,,,,,,,,,
2026-08-05T05:45:51.726852Z,"{'#attributes': {'Qualifiers': 16384}, '#text': 1004}",dc.danglingtree.htb,Microsoft-Windows-ActiveDirectory_DomainService,Directory Service,984,4,,,,,,,,,,,,,,
2026-08-06T15:17:19.634269Z,"{'#attributes': {'Qualifiers': 32768}, '#text': 3051}",dc.danglingtree.htb,Microsoft-Windows-ActiveDirectory_DomainService,Directory Service,985,3,,,,,,,,,,,,,,
2026-08-06T15:17:19.634269Z,"{'#attributes': {'Qualifiers': 32768}, '#text': 3054}",dc.danglingtree.htb,Microsoft-Windows-ActiveDirectory_DomainService,Directory Service,986,3,,,,,,,,,,,,,,
2026-08-06T15:17:20.029564Z,"{'#attributes': {'Qualifiers': 16384}, '#text': 2121}",dc.danglingtree.htb,Microsoft-Windows-ActiveDirectory_DomainService,Directory Service,987,4,,,,,,,,,,,,,,
2026-08-06T15:17:20.029564Z,"{'#attributes': {'Qualifiers': 16384}, '#text': 2406}",dc.danglingtree.htb,Microsoft-Windows-ActiveDirectory_DomainService,Directory Service,988,4,,Recycle Bin Feature,,,,,,,,,,,,
2026-08-06T15:17:20.029564Z,"{'#attributes': {'Qualifiers': 16384}, '#text': 2406}",dc.danglingtree.htb,Microsoft-Windows-ActiveDirectory_DomainService,Directory Service,989,4,,Privileged Access Management Feature,,,,,,,,,,,,
2026-08-06T15:17:20.029564Z,"{'#attributes': {'Qualifiers': 16384}, '#text': 2406}",dc.danglingtree.htb,Microsoft-Windows-ActiveDirectory_DomainService,Directory Service,990,4,,Database 32k Pages Feature,,,,,,,,,,,,
2026-08-06T15:17:20.031586Z,"{'#attributes': {'Qualifiers': 16384}, '#text': 2168}",dc.danglingtree.htb,Microsoft-Windows-ActiveDirectory_DomainService,Directory Service,991,4,,720392319221454330,,,,,,,,,,,,
2026-08-06T15:17:20.031586Z,"{'#attributes': {'Qualifiers': 16384}, '#text': 2172}",dc.danglingtree.htb,Microsoft-Windows-ActiveDirectory_DomainService,Directory Service,992,4,,16245985670867539011,,,,,,,,,,,,
2026-08-06T15:17:20.031586Z,"{'#attributes': {'Qualifiers': 32768}, '#text': 2170}",dc.danglingtree.htb,Microsoft-Windows-ActiveDirectory_DomainService,Directory Service,993,3,,,16245985670867539011,720392319221454330,,,,,,,,,,
2026-08-06T15:17:20.039653Z,"{'#attributes': {'Qualifiers': 16384}, '#text': 1109}",dc.danglingtree.htb,Microsoft-Windows-ActiveDirectory_DomainService,Directory Service,994,4,,,f35ab58f-d5ef-4552-9e00-7f81410ade8a,8eff46c2-58cb-4307-9ef3-d756e31f8686,,,188460,,,,,,,
2026-08-06T15:17:20.061363Z,"{'#attributes': {'Qualifiers': 16384}, '#text': 2208}",dc.danglingtree.htb,Microsoft-Windows-ActiveDirectory_DomainService,Directory Service,995,4,,,,,,,,,,,,,,
2026-08-06T15:17:20.069426Z,"{'#attributes': {'Qualifiers': 16384}, '#text': 2179}",dc.danglingtree.htb,Microsoft-Windows-ActiveDirectory_DomainService,Directory Service,996,4,,720392319221454330,,,,,,,,,,,,
2026-08-06T15:17:20.083287Z,"{'#attributes': {'Qualifiers': 16384}, '#text': 2405}",dc.danglingtree.htb,Microsoft-Windows-ActiveDirectory_DomainService,Directory Service,997,4,,Privileged Access Management Feature,,,,,,,,,,,,
2026-08-06T15:17:20.083287Z,"{'#attributes': {'Qualifiers': 16384}, '#text': 2120}",dc.danglingtree.htb,Microsoft-Windows-ActiveDirectory_DomainService,Directory Service,998,4,,,,,,,,,,,,,,
2026-08-06T15:17:20.083287Z,"{'#attributes': {'Qualifiers': 16384}, '#text': 2405}",dc.danglingtree.htb,Microsoft-Windows-ActiveDirectory_DomainService,Directory Service,999,4,,Recycle Bin Feature,,,,,,,,,,,,
2026-08-06T15:17:20.083287Z,"{'#attributes': {'Qualifiers': 16384}, '#text': 2405}",dc.danglingtree.htb,Microsoft-Windows-ActiveDirectory_DomainService,Directory Service,1000,4,,Database 32k Pages Feature,,,,,,,,,,,,
2026-08-06T15:17:30.205318Z,"{'#attributes': {'Qualifiers': 16384}, '#text': 1000}",dc.danglingtree.htb,Microsoft-Windows-ActiveDirectory_DomainService,Directory Service,1001,4,,,,,,,,,,,,,,
2026-08-06T15:18:00.465503Z,"{'#attributes': {'Qualifiers': 16384}, '#text': 1394}",dc.danglingtree.htb,Microsoft-Windows-ActiveDirectory_DomainService,Directory Service,1002,4,,,,,,,,,,,,,,
2026-08-06T15:32:33.851932Z,"{'#attributes': {'Qualifiers': 0}, '#text': 102}",dc.danglingtree.htb,NTDS ISAM,Directory Service,1003,4,,,NTDS,"832,P,98,0",,,NTDSA: ,0,10,00,26100,0000,,
2026-08-06T15:32:33.852599Z,"{'#attributes': {'Qualifiers': 0}, '#text': 105}",dc.danglingtree.htb,NTDS ISAM,Directory Service,1004,4,,,NTDS,"832,D,0,0",,,NTDSA: ,0,0.128,"
[1] 0.000674 +J(0) +M(C:0K, Fs:104, WS:396K # 0K, PF:5300K # 2420K, P:5300K)
[2] 0.000896 +J(0) +M(C:64K, Fs:147, WS:576K # 484K, PF:368K # 368K, P:368K)
[3] 0.000028 +J(0) +M(C:0K, Fs:4, WS:12K # 12K, PF:64K # 64K, P:64K)
[4] 0.004646 -0.000744 (1) WT +J(0) +M(C:0K, Fs:122, WS:416K # 416K, PF:6024K # 6024K, P:6024K)
[5] 0.000394 +J(0) +M(C:0K, Fs:5, WS:20K # 20K, PF:16K # 16K, P:16K)
[6] 0.003959 +J(0) +M(C:0K, Fs:16, WS:60K # 60K, PF:16K # 16K, P:16K)
[7] 0.076244 -0.067820 (21) WT +J(0) +M(C:0K, Fs:2577, WS:10288K # 10288K, PF:10260K # 10260K, P:10260K)
[8] -
[9] -
[10] -
[11] -
[12] -
[13] 0.039365 -0.034275 (22) WT +J(CM:0, PgRf:0, Rd:0/0, Dy:0/0, Lg:616/1) +M(C:0K, Fs:13, WS:-10200K # 24K, PF:-10256K # 12K, P:-10256K)
[14] 0.000030 +J(0) +M(C:0K, Fs:1, WS:4K # 0K, PF:0K # 0K, P:0K)
[15] 0.000882 +J(0) +M(C:0K, Fs:411, WS:1644K # 0K, PF:64K # 0K, P:64K)
[16] 0.001005 -0.000701 (1) WT +J(0) +M(C:0K, Fs:2, WS:0K # 0K, PF:0K # 0K, P:0K).","RBSOn = 0
",,,
2026-08-06T15:32:33.852976Z,"{'#attributes': {'Qualifiers': 0}, '#text': 330}",dc.danglingtree.htb,NTDS ISAM,Directory Service,1005,4,,,NTDS,"832,D,50,0",,,NTDSA: ,C:\WINDOWS\NTDS\ntds.dit,0x2580 (9600),9600 (0x2580),9620 (0x2594),,,
2026-08-06T15:32:33.853290Z,"{'#attributes': {'Qualifiers': 0}, '#text': 326}",dc.danglingtree.htb,NTDS ISAM,Directory Service,1006,4,,,NTDS,"832,D,50,0",,,NTDSA: ,1,C:\WINDOWS\NTDS\ntds.dit,0,"
[1] 0.000008 +J(0) +M(C:0K, Fs:1, WS:4K # 0K, PF:0K # 0K, P:0K)
[2] 0.000848 -0.000461 (1) WT +J(0) +M(C:0K, Fs:26, WS:40K # 0K, PF:32K # 0K, P:32K)
[3] 0.007596 -0.003902 (6) WT +J(CM:0, PgRf:0, Rd:0/0, Dy:0/0, Lg:3480/2) +M(C:0K, Fs:32, WS:96K # 0K, PF:108K # 0K, P:108K)
[4] 0.000368 +J(0) +M(C:0K, Fs:1, WS:4K # 0K, PF:0K # 0K, P:0K)
[5] -
[6] 0.001371 -0.000910 (2) CM -0.000843 (2) WT +J(CM:2, PgRf:2, Rd:0/2, Dy:0/0, Lg:0/0) +M(C:-56K, Fs:66, WS:208K # 0K, PF:148K # 0K, P:148K)
[7] 0.000002 +J(0)
[8] 0.001169 -0.000754 (1) CM -0.000714 (1) WT +J(CM:1, PgRf:1, Rd:4/1, Dy:0/0, Lg:0/0) +M(C:156K, Fs:63, WS:220K # 0K, PF:356K # 0K, P:356K)
[9] -
[10] -
[11] -
[12] 0.000320 +J(CM:0, PgRf:0, Rd:0/0, Dy:0/0, Lg:54/1) +M(C:0K, Fs:4, WS:16K # 0K, PF:24K # 0K, P:24K)
[13] 0.002067 -0.001525 (3) CM -0.001416 (3) WT +J(CM:3, PgRf:23, Rd:0/3, Dy:0/0, Lg:0/0) +M(C:-116K, Fs:34, WS:0K # 0K, PF:-80K # 0K, P:-80K)
[14] 0.001423 -0.001115 (3) CM -0.001023 (3) WT +J(CM:3, PgRf:40, Rd:0/3, Dy:0/0, Lg:0/0) +M(C:-24K, Fs:17, WS:-8K # 0K, PF:44K # 0K, P:44K)
[15] 0.000009 +J(CM:0, PgRf:1, Rd:0/0, Dy:0/0, Lg:0/0)
[16] 0.000014 +J(CM:0, PgRf:1, Rd:0/0, Dy:0/0, Lg:0/0) +M(C:0K, Fs:1, WS:4K # 0K, PF:0K # 0K, P:0K)
[17] 0.000093 +J(CM:0, PgRf:48, Rd:0/0, Dy:0/0, Lg:0/0) +M(C:0K, Fs:6, WS:24K # 0K, PF:0K # 0K, P:0K)
[18] 0.000001 +J(0)
[19] 0.0 +J(0)
[20] 0.000032 +J(CM:0, PgRf:2, Rd:0/0, Dy:0/0, Lg:0/0) +M(C:0K, Fs:3, WS:12K # 0K, PF:0K # 0K, P:0K).",0 0,"lgposAttach = 00000003:065A:0268,
dbv = 1568.290.600 (9600)",
2026-08-06T15:32:33.853653Z,"{'#attributes': {'Qualifiers': 0}, '#text': 330}",dc.danglingtree.htb,NTDS ISAM,Directory Service,1007,4,,,NTDS,"832,D,2,0",,,NTDSA: ,C:\WINDOWS\NTDS\temp.edb,0x2580 (9600),9600 (0x2580),9620 (0x2594),,,
2026-08-06T15:32:33.854008Z,"{'#attributes': {'Qualifiers': 0}, '#text': 700}",dc.danglingtree.htb,NTDS ISAM,Directory Service,1008,4,,,NTDS,"832,D,0,0",,,NTDSA: ,C:\WINDOWS\NTDS\ntds.dit,,,,,,
2026-08-06T15:32:34.077370Z,"{'#attributes': {'Qualifiers': 0}, '#text': 701}",dc.danglingtree.htb,NTDS ISAM,Directory Service,1009,4,,,NTDS,"832,D,0,0",,,NTDSA: ,C:\WINDOWS\NTDS\ntds.dit,0,8/6/2026,0,1,1,20
2026-08-06T15:32:33.282611Z,"{'#attributes': {'Qualifiers': 16384}, '#text': 1869}",dc.danglingtree.htb,Microsoft-Windows-ActiveDirectory_DomainService,Directory Service,1010,4,,,\\dc.danglingtree.htb,Default-First-Site-Name,,,,,,,,,,
2026-08-06T15:32:33.846782Z,"{'#attributes': {'Qualifiers': 16384}, '#text': 3033}",dc.danglingtree.htb,Microsoft-Windows-ActiveDirectory_DomainService,Directory Service,1011,4,,,,,,,,,,,,,,
2026-08-06T15:32:33.846782Z,"{'#attributes': {'Qualifiers': 16384}, '#text': 3027}",dc.danglingtree.htb,Microsoft-Windows-ActiveDirectory_DomainService,Directory Service,1012,4,,3600,,,,,,,,,,,,
2026-08-06T16:13:07.503794Z,"{'#attributes': {'Qualifiers': 0}, '#text': 103}",dc.danglingtree.htb,NTDS ISAM,Directory Service,1013,4,,,NTDS,"832,T,97,0",,,NTDSA: ,0,"
[1] 0.000034 +J(0)
[2] 0.000041 +J(0)
[3] 0.000003 +J(0)
[4] 0.000013 +J(0)
[5] 0.017498 -0.007809 (6) WT +J(0) +M(C:-8K, Fs:64, WS:-8K # 0K, PF:-8K # 0K, P:-8K)
[6] 0.000013 +J(0)
[7] 0.000007 +J(0)
[8] 0.015337 -0.003429 (9) WT +J(CM:0, PgRf:0, Rd:0/0, Dy:0/0, Lg:4096/2) +M(C:0K, Fs:10, WS:-216K # 0K, PF:-220K # 0K, P:-220K)
[9] 0.002784 -0.002246 (1) WT +J(CM:0, PgRf:0, Rd:0/0, Dy:0/0, Lg:66/1) +M(C:0K, Fs:1, WS:4K # 0K, PF:20K # 0K, P:20K)
[10] 0.000024 +J(0)
[11] 0.003150 -0.000586 (2) WT +J(0)
[12] 0.000019 +J(0) +M(C:0K, Fs:0, WS:-4K # 0K, PF:-4K # 0K, P:-4K)
[13] 0.000068 +J(0)
[14] 0.000068 +J(0) +M(C:0K, Fs:0, WS:-92K # 0K, PF:-112K # 0K, P:-112K)
[15] 0.000003 +J(0).",0,,,,
2026-08-06T16:13:07.363735Z,"{'#attributes': {'Qualifiers': 16384}, '#text': 2179}",dc.danglingtree.htb,Microsoft-Windows-ActiveDirectory_DomainService,Directory Service,1014,4,,720392319221454330,,,,,,,,,,,,
2026-08-06T16:13:07.553818Z,"{'#attributes': {'Qualifiers': 16384}, '#text': 1004}",dc.danglingtree.htb,Microsoft-Windows-ActiveDirectory_DomainService,Directory Service,1015,4,,,,,,,,,,,,,,
2026-08-11T09:49:29.848636Z,"{'#attributes': {'Qualifiers': 32768}, '#text': 3051}",dc.danglingtree.htb,Microsoft-Windows-ActiveDirectory_DomainService,Directory Service,1016,3,,,,,,,,,,,,,,
2026-08-11T09:49:29.848636Z,"{'#attributes': {'Qualifiers': 32768}, '#text': 3054}",dc.danglingtree.htb,Microsoft-Windows-ActiveDirectory_DomainService,Directory Service,1017,3,,,,,,,,,,,,,,
2026-08-11T09:49:30.036762Z,"{'#attributes': {'Qualifiers': 16384}, '#text': 2121}",dc.danglingtree.htb,Microsoft-Windows-ActiveDirectory_DomainService,Directory Service,1018,4,,,,,,,,,,,,,,
2026-08-11T09:49:30.036762Z,"{'#attributes': {'Qualifiers': 16384}, '#text': 2406}",dc.danglingtree.htb,Microsoft-Windows-ActiveDirectory_DomainService,Directory Service,1019,4,,Recycle Bin Feature,,,,,,,,,,,,
2026-08-11T09:49:30.036762Z,"{'#attributes': {'Qualifiers': 16384}, '#text': 2406}",dc.danglingtree.htb,Microsoft-Windows-ActiveDirectory_DomainService,Directory Service,1020,4,,Privileged Access Management Feature,,,,,,,,,,,,
2026-08-11T09:49:30.036762Z,"{'#attributes': {'Qualifiers': 16384}, '#text': 2406}",dc.danglingtree.htb,Microsoft-Windows-ActiveDirectory_DomainService,Directory Service,1021,4,,Database 32k Pages Feature,,,,,,,,,,,,
2026-08-11T09:49:30.038351Z,"{'#attributes': {'Qualifiers': 16384}, '#text': 2168}",dc.danglingtree.htb,Microsoft-Windows-ActiveDirectory_DomainService,Directory Service,1022,4,,9110312007540177019,,,,,,,,,,,,
2026-08-11T09:49:30.038351Z,"{'#attributes': {'Qualifiers': 16384}, '#text': 2172}",dc.danglingtree.htb,Microsoft-Windows-ActiveDirectory_DomainService,Directory Service,1023,4,,720392319221454330,,,,,,,,,,,,
2026-08-11T09:49:30.038351Z,"{'#attributes': {'Qualifiers': 32768}, '#text': 2170}",dc.danglingtree.htb,Microsoft-Windows-ActiveDirectory_DomainService,Directory Service,1024,3,,,720392319221454330,9110312007540177019,,,,,,,,,,
2026-08-11T09:49:30.050271Z,"{'#attributes': {'Qualifiers': 16384}, '#text': 1109}",dc.danglingtree.htb,Microsoft-Windows-ActiveDirectory_DomainService,Directory Service,1025,4,,,8eff46c2-58cb-4307-9ef3-d756e31f8686,f2b1d7eb-1bef-4f0e-9934-91719bfee6fb,,,192557,,,,,,,
2026-08-11T09:49:30.057283Z,"{'#attributes': {'Qualifiers': 16384}, '#text': 2208}",dc.danglingtree.htb,Microsoft-Windows-ActiveDirectory_DomainService,Directory Service,1026,4,,,,,,,,,,,,,,
2026-08-11T09:49:30.061307Z,"{'#attributes': {'Qualifiers': 16384}, '#text': 2179}",dc.danglingtree.htb,Microsoft-Windows-ActiveDirectory_DomainService,Directory Service,1027,4,,9110312007540177019,,,,,,,,,,,,
2026-08-11T09:49:30.065844Z,"{'#attributes': {'Qualifiers': 16384}, '#text': 2405}",dc.danglingtree.htb,Microsoft-Windows-ActiveDirectory_DomainService,Directory Service,1028,4,,Privileged Access Management Feature,,,,,,,,,,,,
2026-08-11T09:49:30.066350Z,"{'#attributes': {'Qualifiers': 16384}, '#text': 2120}",dc.danglingtree.htb,Microsoft-Windows-ActiveDirectory_DomainService,Directory Service,1029,4,,,,,,,,,,,,,,
2026-08-11T09:49:30.066350Z,"{'#attributes': {'Qualifiers': 16384}, '#text': 2405}",dc.danglingtree.htb,Microsoft-Windows-ActiveDirectory_DomainService,Directory Service,1030,4,,Recycle Bin Feature,,,,,,,,,,,,
2026-08-11T09:49:30.066350Z,"{'#attributes': {'Qualifiers': 16384}, '#text': 2405}",dc.danglingtree.htb,Microsoft-Windows-ActiveDirectory_DomainService,Directory Service,1031,4,,Database 32k Pages Feature,,,,,,,,,,,,
2026-08-11T09:49:40.096046Z,"{'#attributes': {'Qualifiers': 16384}, '#text': 1000}",dc.danglingtree.htb,Microsoft-Windows-ActiveDirectory_DomainService,Directory Service,1032,4,,,,,,,,,,,,,,
2026-08-11T09:50:10.150224Z,"{'#attributes': {'Qualifiers': 16384}, '#text': 1394}",dc.danglingtree.htb,Microsoft-Windows-ActiveDirectory_DomainService,Directory Service,1033,4,,,,,,,,,,,,,,
2026-08-11T10:04:43.564610Z,"{'#attributes': {'Qualifiers': 0}, '#text': 102}",dc.danglingtree.htb,NTDS ISAM,Directory Service,1034,4,,,NTDS,"928,P,98,0",,,NTDSA: ,0,10,00,26100,0000,,
2026-08-11T10:04:43.565045Z,"{'#attributes': {'Qualifiers': 0}, '#text': 105}",dc.danglingtree.htb,NTDS ISAM,Directory Service,1035,4,,,NTDS,"928,D,0,0",,,NTDSA: ,0,0.025,"
[1] 0.000441 +J(0) +M(C:0K, Fs:102, WS:388K # 0K, PF:4560K # 1516K, P:4560K)
[2] 0.000229 +J(0) +M(C:64K, Fs:143, WS:552K # 328K, PF:1264K # 1264K, P:1264K)
[3] 0.000018 +J(0) +M(C:0K, Fs:9, WS:36K # 36K, PF:64K # 64K, P:64K)
[4] 0.002514 -0.000291 (1) WT +J(0) +M(C:0K, Fs:159, WS:556K # 556K, PF:6036K # 6036K, P:6036K)
[5] 0.000316 +J(0) +M(C:0K, Fs:1, WS:4K # 4K, PF:0K # 0K, P:0K)
[6] 0.001731 +J(0) +M(C:0K, Fs:15, WS:60K # 60K, PF:16K # 16K, P:16K)
[7] 0.011367 -0.008391 (21) WT +J(0) +M(C:0K, Fs:2577, WS:10288K # 10288K, PF:10260K # 10260K, P:10260K)
[8] -
[9] -
[10] -
[11] -
[12] -
[13] 0.007899 -0.005123 (22) WT +J(CM:0, PgRf:0, Rd:0/0, Dy:0/0, Lg:616/1) +M(C:0K, Fs:13, WS:-10200K # 24K, PF:-10256K # 12K, P:-10256K)
[14] 0.000056 +J(0) +M(C:0K, Fs:4, WS:16K # 0K, PF:12K # 0K, P:12K)
[15] 0.000411 +J(0) +M(C:0K, Fs:411, WS:1644K # 0K, PF:64K # 0K, P:64K)
[16] 0.000344 -0.000167 (1) WT +J(0) +M(C:0K, Fs:2, WS:0K # 0K, PF:0K # 0K, P:0K).","RBSOn = 0
",,,
2026-08-11T10:04:43.565367Z,"{'#attributes': {'Qualifiers': 0}, '#text': 330}",dc.danglingtree.htb,NTDS ISAM,Directory Service,1036,4,,,NTDS,"928,D,50,0",,,NTDSA: ,C:\WINDOWS\NTDS\ntds.dit,0x2580 (9600),9600 (0x2580),9620 (0x2594),,,
2026-08-11T10:04:43.565614Z,"{'#attributes': {'Qualifiers': 0}, '#text': 326}",dc.danglingtree.htb,NTDS ISAM,Directory Service,1037,4,,,NTDS,"928,D,50,0",,,NTDSA: ,1,C:\WINDOWS\NTDS\ntds.dit,0,"
[1] 0.000006 +J(0) +M(C:0K, Fs:1, WS:4K # 0K, PF:0K # 0K, P:0K)
[2] 0.000471 -0.000268 (1) WT +J(0) +M(C:0K, Fs:26, WS:40K # 0K, PF:32K # 0K, P:32K)
[3] 0.003442 -0.001662 (6) WT +J(CM:0, PgRf:0, Rd:0/0, Dy:0/0, Lg:3480/2) +M(C:0K, Fs:34, WS:100K # 0K, PF:132K # 0K, P:132K)
[4] 0.000299 +J(0) +M(C:0K, Fs:1, WS:4K # 0K, PF:0K # 0K, P:0K)
[5] -
[6] 0.001001 -0.000646 (2) CM -0.000604 (2) WT +J(CM:2, PgRf:2, Rd:0/2, Dy:0/0, Lg:0/0) +M(C:-56K, Fs:66, WS:208K # 0K, PF:148K # 0K, P:148K)
[7] 0.000002 +J(0)
[8] 0.000582 -0.000323 (1) CM -0.000299 (1) WT +J(CM:1, PgRf:1, Rd:4/1, Dy:0/0, Lg:0/0) +M(C:156K, Fs:70, WS:252K # 0K, PF:352K # 0K, P:352K)
[9] -
[10] -
[11] -
[12] 0.000214 +J(CM:0, PgRf:0, Rd:0/0, Dy:0/0, Lg:54/1) +M(C:0K, Fs:4, WS:16K # 0K, PF:24K # 0K, P:24K)
[13] 0.001134 -0.000823 (3) CM -0.000757 (3) WT +J(CM:3, PgRf:23, Rd:0/3, Dy:0/0, Lg:0/0) +M(C:-88K, Fs:28, WS:-4K # 0K, PF:-56K # 0K, P:-56K)
[14] 0.001285 -0.001059 (4) CM -0.000985 (4) WT +J(CM:4, PgRf:40, Rd:0/4, Dy:0/0, Lg:0/0) +M(C:-24K, Fs:23, WS:-12K # 0K, PF:40K # 0K, P:40K)
[15] 0.000293 -0.000250 (1) CM -0.000229 (1) WT +J(CM:1, PgRf:1, Rd:0/1, Dy:0/0, Lg:0/0) +M(C:-8K, Fs:5, WS:-8K # 0K, PF:-8K # 0K, P:-8K)
[16] 0.000017 +J(CM:0, PgRf:1, Rd:0/0, Dy:0/0, Lg:0/0) +M(C:0K, Fs:1, WS:4K # 0K, PF:0K # 0K, P:0K)
[17] 0.000055 +J(CM:0, PgRf:48, Rd:0/0, Dy:0/0, Lg:0/0) +M(C:0K, Fs:6, WS:24K # 0K, PF:0K # 0K, P:0K)
[18] 0.000001 +J(0)
[19] 0.0 +J(0)
[20] 0.000017 +J(CM:0, PgRf:2, Rd:0/0, Dy:0/0, Lg:0/0) +M(C:0K, Fs:3, WS:12K # 0K, PF:0K # 0K, P:0K).",0 0,"lgposAttach = 00000003:0670:0268,
dbv = 1568.290.600 (9600)",
2026-08-11T10:04:43.565865Z,"{'#attributes': {'Qualifiers': 0}, '#text': 330}",dc.danglingtree.htb,NTDS ISAM,Directory Service,1038,4,,,NTDS,"928,D,2,0",,,NTDSA: ,C:\WINDOWS\NTDS\temp.edb,0x2580 (9600),9600 (0x2580),9620 (0x2594),,,
2026-08-11T10:04:43.566090Z,"{'#attributes': {'Qualifiers': 0}, '#text': 700}",dc.danglingtree.htb,NTDS ISAM,Directory Service,1039,4,,,NTDS,"928,D,0,0",,,NTDSA: ,C:\WINDOWS\NTDS\ntds.dit,,,,,,
2026-08-11T10:04:43.601582Z,"{'#attributes': {'Qualifiers': 0}, '#text': 701}",dc.danglingtree.htb,NTDS ISAM,Directory Service,1040,4,,,NTDS,"928,D,0,0",,,NTDSA: ,C:\WINDOWS\NTDS\ntds.dit,0,8/11/2026,0,1,1,21
2026-08-11T10:04:43.484002Z,"{'#attributes': {'Qualifiers': 16384}, '#text': 1869}",dc.danglingtree.htb,Microsoft-Windows-ActiveDirectory_DomainService,Directory Service,1041,4,,,\\dc.danglingtree.htb,Default-First-Site-Name,,,,,,,,,,
2026-08-11T10:04:43.561121Z,"{'#attributes': {'Qualifiers': 16384}, '#text': 3033}",dc.danglingtree.htb,Microsoft-Windows-ActiveDirectory_DomainService,Directory Service,1042,4,,,,,,,,,,,,,,
2026-08-11T10:04:43.563126Z,"{'#attributes': {'Qualifiers': 16384}, '#text': 3027}",dc.danglingtree.htb,Microsoft-Windows-ActiveDirectory_DomainService,Directory Service,1043,4,,3600,,,,,,,,,,,,
2026-08-11T10:49:43.489433Z,"{'#attributes': {'Qualifiers': 32768}, '#text': 2089}",dc.danglingtree.htb,Microsoft-Windows-ActiveDirectory_DomainService,Directory Service,1044,3,,,"DC=danglingtree,DC=htb",90,,,System\CurrentControlSet\Services\NTDS\Parameters,Backup Latency Threshold (days),,,,,,
2026-08-11T10:49:43.489433Z,"{'#attributes': {'Qualifiers': 32768}, '#text': 2089}",dc.danglingtree.htb,Microsoft-Windows-ActiveDirectory_DomainService,Directory Service,1045,3,,,"CN=Configuration,DC=danglingtree,DC=htb",90,,,System\CurrentControlSet\Services\NTDS\Parameters,Backup Latency Threshold (days),,,,,,
2026-08-11T10:49:43.489433Z,"{'#attributes': {'Qualifiers': 32768}, '#text': 2089}",dc.danglingtree.htb,Microsoft-Windows-ActiveDirectory_DomainService,Directory Service,1046,3,,,"CN=Schema,CN=Configuration,DC=danglingtree,DC=htb",90,,,System\CurrentControlSet\Services\NTDS\Parameters,Backup Latency Threshold (days),,,,,,
2026-08-11T10:49:43.491447Z,"{'#attributes': {'Qualifiers': 32768}, '#text': 2089}",dc.danglingtree.htb,Microsoft-Windows-ActiveDirectory_DomainService,Directory Service,1047,3,,,"DC=DomainDnsZones,DC=danglingtree,DC=htb",90,,,System\CurrentControlSet\Services\NTDS\Parameters,Backup Latency Threshold (days),,,,,,
2026-08-11T10:49:43.491447Z,"{'#attributes': {'Qualifiers': 32768}, '#text': 2089}",dc.danglingtree.htb,Microsoft-Windows-ActiveDirectory_DomainService,Directory Service,1048,3,,,"DC=ForestDnsZones,DC=danglingtree,DC=htb",90,,,System\CurrentControlSet\Services\NTDS\Parameters,Backup Latency Threshold (days),,,,,,
