2026-06-06T03:56:49.460342Z,"{'#attributes': {'Qualifiers': 16384}, '#text': 2405}",dc.danglingtree.htb,Microsoft-Windows-ActiveDirectory_DomainService,Directory Service,758,4,,Database 32k Pages Feature,,,,,,,,,,,,
2026-06-06T03:56:59.540024Z,"{'#attributes': {'Qualifiers': 16384}, '#text': 1000}",dc.danglingtree.htb,Microsoft-Windows-ActiveDirectory_DomainService,Directory Service,759,4,,,,,,,,,,,,,,
2026-06-06T03:57:29.819392Z,"{'#attributes': {'Qualifiers': 16384}, '#text': 1394}",dc.danglingtree.htb,Microsoft-Windows-ActiveDirectory_DomainService,Directory Service,760,4,,,,,,,,,,,,,,
2026-06-06T04:03:06.932417Z,"{'#attributes': {'Qualifiers': 16384}, '#text': 2179}",dc.danglingtree.htb,Microsoft-Windows-ActiveDirectory_DomainService,Directory Service,761,4,,4579664178600357159,,,,,,,,,,,,
2026-06-06T04:03:08.465291Z,"{'#attributes': {'Qualifiers': 16384}, '#text': 1004}",dc.danglingtree.htb,Microsoft-Windows-ActiveDirectory_DomainService,Directory Service,762,4,,,,,,,,,,,,,,
2026-06-06T04:03:34.811323Z,"{'#attributes': {'Qualifiers': 32768}, '#text': 3051}",dc.danglingtree.htb,Microsoft-Windows-ActiveDirectory_DomainService,Directory Service,763,3,,,,,,,,,,,,,,
2026-06-06T04:03:34.811323Z,"{'#attributes': {'Qualifiers': 32768}, '#text': 3054}",dc.danglingtree.htb,Microsoft-Windows-ActiveDirectory_DomainService,Directory Service,764,3,,,,,,,,,,,,,,
2026-06-06T04:03:35.500386Z,"{'#attributes': {'Qualifiers': 16384}, '#text': 2121}",dc.danglingtree.htb,Microsoft-Windows-ActiveDirectory_DomainService,Directory Service,765,4,,,,,,,,,,,,,,
2026-06-06T04:03:35.500386Z,"{'#attributes': {'Qualifiers': 16384}, '#text': 2406}",dc.danglingtree.htb,Microsoft-Windows-ActiveDirectory_DomainService,Directory Service,766,4,,Recycle Bin Feature,,,,,,,,,,,,
2026-06-06T04:03:35.500386Z,"{'#attributes': {'Qualifiers': 16384}, '#text': 2406}",dc.danglingtree.htb,Microsoft-Windows-ActiveDirectory_DomainService,Directory Service,767,4,,Privileged Access Management Feature,,,,,,,,,,,,
2026-06-06T04:03:35.500386Z,"{'#attributes': {'Qualifiers': 16384}, '#text': 2406}",dc.danglingtree.htb,Microsoft-Windows-ActiveDirectory_DomainService,Directory Service,768,4,,Database 32k Pages Feature,,,,,,,,,,,,
2026-06-06T04:03:35.504447Z,"{'#attributes': {'Qualifiers': 16384}, '#text': 2168}",dc.danglingtree.htb,Microsoft-Windows-ActiveDirectory_DomainService,Directory Service,769,4,,4579664178600357159,,,,,,,,,,,,
2026-06-06T04:03:35.504447Z,"{'#attributes': {'Qualifiers': 16384}, '#text': 2172}",dc.danglingtree.htb,Microsoft-Windows-ActiveDirectory_DomainService,Directory Service,770,4,,4579664178600357159,,,,,,,,,,,,
2026-06-06T04:03:35.524986Z,"{'#attributes': {'Qualifiers': 16384}, '#text': 2405}",dc.danglingtree.htb,Microsoft-Windows-ActiveDirectory_DomainService,Directory Service,771,4,,Privileged Access Management Feature,,,,,,,,,,,,
2026-06-06T04:03:35.524986Z,"{'#attributes': {'Qualifiers': 16384}, '#text': 2120}",dc.danglingtree.htb,Microsoft-Windows-ActiveDirectory_DomainService,Directory Service,772,4,,,,,,,,,,,,,,
2026-06-06T04:03:35.524986Z,"{'#attributes': {'Qualifiers': 16384}, '#text': 2405}",dc.danglingtree.htb,Microsoft-Windows-ActiveDirectory_DomainService,Directory Service,773,4,,Recycle Bin Feature,,,,,,,,,,,,
2026-06-06T04:03:35.524986Z,"{'#attributes': {'Qualifiers': 16384}, '#text': 2405}",dc.danglingtree.htb,Microsoft-Windows-ActiveDirectory_DomainService,Directory Service,774,4,,Database 32k Pages Feature,,,,,,,,,,,,
2026-06-06T04:03:45.546101Z,"{'#attributes': {'Qualifiers': 16384}, '#text': 1000}",dc.danglingtree.htb,Microsoft-Windows-ActiveDirectory_DomainService,Directory Service,775,4,,,,,,,,,,,,,,
2026-06-06T04:04:15.568278Z,"{'#attributes': {'Qualifiers': 16384}, '#text': 1394}",dc.danglingtree.htb,Microsoft-Windows-ActiveDirectory_DomainService,Directory Service,776,4,,,,,,,,,,,,,,
2026-06-06T04:18:47.850624Z,"{'#attributes': {'Qualifiers': 0}, '#text': 102}",dc.danglingtree.htb,NTDS ISAM,Directory Service,777,4,,,NTDS,"828,P,98,0",,,NTDSA: ,0,10,00,26100,0000,,
2026-06-06T04:18:47.851191Z,"{'#attributes': {'Qualifiers': 0}, '#text': 105}",dc.danglingtree.htb,NTDS ISAM,Directory Service,778,4,,,NTDS,"828,D,0,0",,,NTDSA: ,0,0.168,"
[1] 0.001976 +J(0) +M(C:0K, Fs:154, WS:596K # 104K, PF:5296K # 2412K, P:5296K)
[2] 0.005332 +J(0) +M(C:64K, Fs:96, WS:372K # 372K, PF:368K # 368K, P:368K)
[3] 0.000321 +J(0) +M(C:0K, Fs:3, WS:12K # 12K, PF:64K # 64K, P:64K)
[4] 0.017071 -0.000265 (1) WT +J(0) +M(C:0K, Fs:133, WS:420K # 420K, PF:5952K # 5952K, P:5952K)
[5] 0.000372 +J(0) +M(C:0K, Fs:2, WS:8K # 8K, PF:8K # 8K, P:8K)
[6] 0.004045 +J(0) +M(C:0K, Fs:17, WS:68K # 68K, PF:20K # 20K, P:20K)
[7] 0.084406 -0.076666 (21) WT +J(0) +M(C:0K, Fs:2577, WS:10288K # 10288K, PF:10260K # 10260K, P:10260K)
[8] -
[9] -
[10] -
[11] -
[12] -
[13] 0.052437 -0.046974 (22) WT +J(CM:0, PgRf:0, Rd:0/0, Dy:0/0, Lg:616/1) +M(C:0K, Fs:14, WS:-10200K # 24K, PF:-10252K # 12K, P:-10252K)
[14] 0.000027 +J(0) +M(C:0K, Fs:1, WS:4K # 0K, PF:0K # 0K, P:0K)
[15] 0.000714 +J(0) +M(C:0K, Fs:411, WS:1644K # 0K, PF:64K # 0K, P:64K)
[16] 0.001389 -0.001114 (1) WT +J(0) +M(C:0K, Fs:2, WS:0K # 0K, PF:0K # 0K, P:0K).","RBSOn = 0
",,,
2026-06-06T04:18:47.936509Z,"{'#attributes': {'Qualifiers': 0}, '#text': 330}",dc.danglingtree.htb,NTDS ISAM,Directory Service,779,4,,,NTDS,"828,D,50,0",,,NTDSA: ,C:\WINDOWS\NTDS\ntds.dit,0x2580 (9600),9600 (0x2580),9620 (0x2594),,,
2026-06-06T04:18:47.936851Z,"{'#attributes': {'Qualifiers': 0}, '#text': 326}",dc.danglingtree.htb,NTDS ISAM,Directory Service,780,4,,,NTDS,"828,D,50,0",,,NTDSA: ,1,C:\WINDOWS\NTDS\ntds.dit,0,"
[1] 0.000006 +J(0) +M(C:0K, Fs:1, WS:4K # 0K, PF:0K # 0K, P:0K)
[2] 0.000745 -0.000378 (1) WT +J(0) +M(C:0K, Fs:27, WS:40K # 0K, PF:32K # 0K, P:32K)
[3] 0.005851 -0.002373 (6) WT +J(CM:0, PgRf:0, Rd:0/0, Dy:0/0, Lg:3480/2) +M(C:0K, Fs:34, WS:100K # 0K, PF:116K # 0K, P:116K)
[4] 0.000806 +J(0) +M(C:0K, Fs:1, WS:4K # 0K, PF:0K # 0K, P:0K)
[5] -
[6] 0.005184 -0.002166 (2) CM -0.002088 (2) WT +J(CM:2, PgRf:2, Rd:0/2, Dy:0/0, Lg:0/0) +M(C:-56K, Fs:66, WS:208K # 0K, PF:148K # 0K, P:148K)
[7] 0.000006 +J(0)
[8] 0.004217 -0.001036 (1) CM -0.000997 (1) WT +J(CM:1, PgRf:1, Rd:4/1, Dy:0/0, Lg:0/0) +M(C:156K, Fs:70, WS:252K # 0K, PF:352K # 0K, P:352K)
[9] -
[10] -
[11] -
[12] 0.000373 +J(CM:0, PgRf:0, Rd:0/0, Dy:0/0, Lg:54/1) +M(C:0K, Fs:3, WS:12K # 0K, PF:20K # 0K, P:20K)
[13] 0.004200 -0.002607 (3) CM -0.002472 (3) WT +J(CM:3, PgRf:23, Rd:0/3, Dy:0/0, Lg:0/0) +M(C:-116K, Fs:22, WS:-28K # 0K, PF:-80K # 0K, P:-80K)
[14] 0.001569 -0.001256 (3) CM -0.001158 (3) WT +J(CM:3, PgRf:40, Rd:0/3, Dy:0/0, Lg:0/0) +M(C:-16K, Fs:18, WS:-4K # 0K, PF:48K # 0K, P:48K)
[15] 0.000556 -0.000490 (1) CM -0.000453 (1) WT +J(CM:1, PgRf:1, Rd:0/1, Dy:0/0, Lg:0/0) +M(C:0K, Fs:7, WS:0K # 0K, PF:0K # 0K, P:0K)
[16] 0.000022 +J(CM:0, PgRf:1, Rd:0/0, Dy:0/0, Lg:0/0) +M(C:0K, Fs:1, WS:4K # 0K, PF:0K # 0K, P:0K)
[17] 0.000085 +J(CM:0, PgRf:48, Rd:0/0, Dy:0/0, Lg:0/0) +M(C:0K, Fs:6, WS:24K # 0K, PF:0K # 0K, P:0K)
[18] 0.0 +J(0)
[19] 0.0 +J(0)
[20] 0.000043 +J(CM:0, PgRf:2, Rd:0/0, Dy:0/0, Lg:0/0) +M(C:0K, Fs:5, WS:20K # 0K, PF:8K # 0K, P:8K).",0 0,"lgposAttach = 00000003:0448:0268,
dbv = 1568.290.600 (9600)",
2026-06-06T04:18:47.937296Z,"{'#attributes': {'Qualifiers': 0}, '#text': 330}",dc.danglingtree.htb,NTDS ISAM,Directory Service,781,4,,,NTDS,"828,D,2,0",,,NTDSA: ,C:\WINDOWS\NTDS\temp.edb,0x2580 (9600),9600 (0x2580),9620 (0x2594),,,
2026-06-06T04:18:47.939301Z,"{'#attributes': {'Qualifiers': 0}, '#text': 700}",dc.danglingtree.htb,NTDS ISAM,Directory Service,782,4,,,NTDS,"828,D,0,0",,,NTDSA: ,C:\WINDOWS\NTDS\ntds.dit,,,,,,
2026-06-06T04:18:48.294919Z,"{'#attributes': {'Qualifiers': 0}, '#text': 701}",dc.danglingtree.htb,NTDS ISAM,Directory Service,783,4,,,NTDS,"828,D,0,0",,,NTDSA: ,C:\WINDOWS\NTDS\ntds.dit,0,6/5/2026,0,1,1,15
2026-06-06T04:18:47.838203Z,"{'#attributes': {'Qualifiers': 16384}, '#text': 3033}",dc.danglingtree.htb,Microsoft-Windows-ActiveDirectory_DomainService,Directory Service,784,4,,,,,,,,,,,,,,
2026-06-06T04:18:47.843972Z,"{'#attributes': {'Qualifiers': 16384}, '#text': 3027}",dc.danglingtree.htb,Microsoft-Windows-ActiveDirectory_DomainService,Directory Service,785,4,,3600,,,,,,,,,,,,
2026-06-06T04:18:47.946818Z,"{'#attributes': {'Qualifiers': 16384}, '#text': 1869}",dc.danglingtree.htb,Microsoft-Windows-ActiveDirectory_DomainService,Directory Service,786,4,,,\\dc.danglingtree.htb,Default-First-Site-Name,,,,,,,,,,
2026-06-06T05:39:39.260464Z,"{'#attributes': {'Qualifiers': 0}, '#text': 103}",dc.danglingtree.htb,NTDS ISAM,Directory Service,787,4,,,NTDS,"828,T,97,0",,,NTDSA: ,0,"
[1] 0.000008 +J(0)
[2] 0.000022 +J(0)
[3] 0.000002 +J(0)
[4] 0.000006 +J(0)
[5] 0.016202 -0.008589 (7) WT +J(0) +M(C:332K, Fs:260, WS:380K # 0K, PF:372K # 0K, P:372K)
[6] 0.000014 +J(0)
[7] 0.000007 +J(0)
[8] 0.027912 -0.013566 (10) WT +J(CM:0, PgRf:0, Rd:0/0, Dy:0/0, Lg:2689/2) +M(C:0K, Fs:14, WS:-500K # 0K, PF:-236K # 0K, P:-236K)
[9] 0.002950 -0.002075 (1) WT +J(CM:0, PgRf:0, Rd:0/0, Dy:0/0, Lg:66/1) +M(C:0K, Fs:1, WS:4K # 0K, PF:0K # 0K, P:0K)
[10] 0.000033 +J(0)
[11] 0.004569 -0.000649 (2) WT +J(0)
[12] 0.000020 +J(0) +M(C:0K, Fs:0, WS:-4K # 0K, PF:-4K # 0K, P:-4K)
[13] 0.000075 +J(0)
[14] 0.000061 +J(0) +M(C:0K, Fs:0, WS:-80K # 0K, PF:-96K # 0K, P:-96K)
[15] 0.000004 +J(0).",0,,,,
2026-06-06T05:39:39.096236Z,"{'#attributes': {'Qualifiers': 16384}, '#text': 2179}",dc.danglingtree.htb,Microsoft-Windows-ActiveDirectory_DomainService,Directory Service,788,4,,4579664178600357159,,,,,,,,,,,,
2026-06-06T05:39:39.272007Z,"{'#attributes': {'Qualifiers': 16384}, '#text': 1004}",dc.danglingtree.htb,Microsoft-Windows-ActiveDirectory_DomainService,Directory Service,789,4,,,,,,,,,,,,,,
2026-06-08T16:26:30.971060Z,"{'#attributes': {'Qualifiers': 32768}, '#text': 3051}",dc.danglingtree.htb,Microsoft-Windows-ActiveDirectory_DomainService,Directory Service,790,3,,,,,,,,,,,,,,
2026-06-08T16:26:30.971060Z,"{'#attributes': {'Qualifiers': 32768}, '#text': 3054}",dc.danglingtree.htb,Microsoft-Windows-ActiveDirectory_DomainService,Directory Service,791,3,,,,,,,,,,,,,,
2026-06-08T16:26:31.472237Z,"{'#attributes': {'Qualifiers': 16384}, '#text': 2121}",dc.danglingtree.htb,Microsoft-Windows-ActiveDirectory_DomainService,Directory Service,792,4,,,,,,,,,,,,,,
2026-06-08T16:26:31.472237Z,"{'#attributes': {'Qualifiers': 16384}, '#text': 2406}",dc.danglingtree.htb,Microsoft-Windows-ActiveDirectory_DomainService,Directory Service,793,4,,Recycle Bin Feature,,,,,,,,,,,,
2026-06-08T16:26:31.472237Z,"{'#attributes': {'Qualifiers': 16384}, '#text': 2406}",dc.danglingtree.htb,Microsoft-Windows-ActiveDirectory_DomainService,Directory Service,794,4,,Privileged Access Management Feature,,,,,,,,,,,,
2026-06-08T16:26:31.472237Z,"{'#attributes': {'Qualifiers': 16384}, '#text': 2406}",dc.danglingtree.htb,Microsoft-Windows-ActiveDirectory_DomainService,Directory Service,795,4,,Database 32k Pages Feature,,,,,,,,,,,,
2026-06-08T16:26:31.478285Z,"{'#attributes': {'Qualifiers': 16384}, '#text': 2168}",dc.danglingtree.htb,Microsoft-Windows-ActiveDirectory_DomainService,Directory Service,796,4,,4579664178600357159,,,,,,,,,,,,
2026-06-08T16:26:31.478285Z,"{'#attributes': {'Qualifiers': 16384}, '#text': 2172}",dc.danglingtree.htb,Microsoft-Windows-ActiveDirectory_DomainService,Directory Service,797,4,,4579664178600357159,,,,,,,,,,,,
2026-06-08T16:26:31.499935Z,"{'#attributes': {'Qualifiers': 16384}, '#text': 2405}",dc.danglingtree.htb,Microsoft-Windows-ActiveDirectory_DomainService,Directory Service,798,4,,Privileged Access Management Feature,,,,,,,,,,,,
2026-06-08T16:26:31.499935Z,"{'#attributes': {'Qualifiers': 16384}, '#text': 2120}",dc.danglingtree.htb,Microsoft-Windows-ActiveDirectory_DomainService,Directory Service,799,4,,,,,,,,,,,,,,
2026-06-08T16:26:31.499935Z,"{'#attributes': {'Qualifiers': 16384}, '#text': 2405}",dc.danglingtree.htb,Microsoft-Windows-ActiveDirectory_DomainService,Directory Service,800,4,,Recycle Bin Feature,,,,,,,,,,,,
2026-06-08T16:26:31.499935Z,"{'#attributes': {'Qualifiers': 16384}, '#text': 2405}",dc.danglingtree.htb,Microsoft-Windows-ActiveDirectory_DomainService,Directory Service,801,4,,Database 32k Pages Feature,,,,,,,,,,,,
2026-06-08T16:26:41.504849Z,"{'#attributes': {'Qualifiers': 16384}, '#text': 1000}",dc.danglingtree.htb,Microsoft-Windows-ActiveDirectory_DomainService,Directory Service,802,4,,,,,,,,,,,,,,
2026-06-08T16:27:11.509465Z,"{'#attributes': {'Qualifiers': 16384}, '#text': 1394}",dc.danglingtree.htb,Microsoft-Windows-ActiveDirectory_DomainService,Directory Service,803,4,,,,,,,,,,,,,,
2026-06-08T16:41:42.610263Z,"{'#attributes': {'Qualifiers': 0}, '#text': 102}",dc.danglingtree.htb,NTDS ISAM,Directory Service,804,4,,,NTDS,"836,P,98,0",,,NTDSA: ,0,10,00,26100,0000,,
2026-06-08T16:41:42.610983Z,"{'#attributes': {'Qualifiers': 0}, '#text': 105}",dc.danglingtree.htb,NTDS ISAM,Directory Service,805,4,,,NTDS,"836,D,0,0",,,NTDSA: ,0,0.171,"
[1] 0.001587 +J(0) +M(C:0K, Fs:153, WS:596K # 104K, PF:5296K # 2416K, P:5296K)
[2] 0.003477 +J(0) +M(C:64K, Fs:95, WS:368K # 368K, PF:364K # 364K, P:364K)
[3] 0.000499 +J(0) +M(C:0K, Fs:3, WS:12K # 12K, PF:64K # 64K, P:64K)
[4] 0.016933 -0.000256 (1) WT +J(0) +M(C:0K, Fs:132, WS:448K # 448K, PF:5992K # 5992K, P:5992K)
[5] 0.000387 +J(0) +M(C:0K, Fs:4, WS:16K # 16K, PF:16K # 16K, P:16K)
[6] 0.004856 +J(0) +M(C:0K, Fs:17, WS:64K # 64K, PF:16K # 16K, P:16K)
[7] 0.086238 -0.078021 (21) WT +J(0) +M(C:0K, Fs:2578, WS:10248K # 10248K, PF:10216K # 10260K, P:10216K)
[8] -
[9] -
[10] -
[11] -
[12] -
[13] 0.054899 -0.049417 (22) WT +J(CM:0, PgRf:0, Rd:0/0, Dy:0/0, Lg:616/1) +M(C:0K, Fs:14, WS:-10200K # 24K, PF:-10252K # 0K, P:-10252K)
[14] 0.000025 +J(0) +M(C:0K, Fs:1, WS:4K # 0K, PF:0K # 0K, P:0K)
[15] 0.000755 +J(0) +M(C:0K, Fs:411, WS:1644K # 0K, PF:64K # 0K, P:64K)
[16] 0.000966 -0.000567 (1) WT +J(0) +M(C:0K, Fs:2, WS:0K # 0K, PF:0K # 0K, P:0K).","RBSOn = 0
",,,
2026-06-08T16:41:42.611998Z,"{'#attributes': {'Qualifiers': 0}, '#text': 330}",dc.danglingtree.htb,NTDS ISAM,Directory Service,806,4,,,NTDS,"836,D,50,0",,,NTDSA: ,C:\WINDOWS\NTDS\ntds.dit,0x2580 (9600),9600 (0x2580),9620 (0x2594),,,
2026-06-08T16:41:42.612559Z,"{'#attributes': {'Qualifiers': 0}, '#text': 326}",dc.danglingtree.htb,NTDS ISAM,Directory Service,807,4,,,NTDS,"836,D,50,0",,,NTDSA: ,1,C:\WINDOWS\NTDS\ntds.dit,0,"
[1] 0.000006 +J(0) +M(C:0K, Fs:1, WS:4K # 0K, PF:0K # 0K, P:0K)
[2] 0.000699 -0.000370 (1) WT +J(0) +M(C:0K, Fs:26, WS:40K # 0K, PF:32K # 0K, P:32K)
[3] 0.006004 -0.002591 (6) WT +J(CM:0, PgRf:0, Rd:0/0, Dy:0/0, Lg:3480/2) +M(C:0K, Fs:33, WS:100K # 0K, PF:112K # 0K, P:112K)
[4] 0.000947 +J(0) +M(C:0K, Fs:1, WS:4K # 0K, PF:0K # 0K, P:0K)
[5] -
[6] 0.004885 -0.002147 (2) CM -0.002052 (2) WT +J(CM:2, PgRf:2, Rd:0/2, Dy:0/0, Lg:0/0) +M(C:-56K, Fs:66, WS:208K # 0K, PF:148K # 0K, P:148K)
[7] 0.000004 +J(0)
[8] 0.004421 -0.001003 (1) CM -0.000962 (1) WT +J(CM:1, PgRf:1, Rd:4/1, Dy:0/0, Lg:0/0) +M(C:156K, Fs:62, WS:220K # 0K, PF:352K # 0K, P:352K)
[9] -
[10] -
[11] -
[12] 0.000371 +J(CM:0, PgRf:0, Rd:0/0, Dy:0/0, Lg:54/1) +M(C:0K, Fs:4, WS:16K # 0K, PF:24K # 0K, P:24K)
[13] 0.004121 -0.002545 (3) CM -0.002432 (3) WT +J(CM:3, PgRf:23, Rd:0/3, Dy:0/0, Lg:0/0) +M(C:-116K, Fs:28, WS:-4K # 0K, PF:-84K # 0K, P:-84K)
[14] 0.001543 -0.001247 (3) CM -0.001148 (3) WT +J(CM:3, PgRf:40, Rd:0/3, Dy:0/0, Lg:0/0) +M(C:-16K, Fs:18, WS:-4K # 0K, PF:48K # 0K, P:48K)
[15] 0.000562 -0.000498 (1) CM -0.000462 (1) WT +J(CM:1, PgRf:1, Rd:0/1, Dy:0/0, Lg:0/0) +M(C:0K, Fs:7, WS:0K # 0K, PF:0K # 0K, P:0K)
[16] 0.000023 +J(CM:0, PgRf:1, Rd:0/0, Dy:0/0, Lg:0/0) +M(C:0K, Fs:1, WS:4K # 0K, PF:0K # 0K, P:0K)
[17] 0.000085 +J(CM:0, PgRf:48, Rd:0/0, Dy:0/0, Lg:0/0) +M(C:0K, Fs:6, WS:24K # 0K, PF:0K # 0K, P:0K)
[18] 0.000001 +J(0)
[19] 0.0 +J(0)
[20] 0.000044 +J(CM:0, PgRf:2, Rd:0/0, Dy:0/0, Lg:0/0) +M(C:0K, Fs:5, WS:20K # 0K, PF:8K # 0K, P:8K).",0 0,"lgposAttach = 00000003:045B:0268,
dbv = 1568.290.600 (9600)",
2026-06-08T16:41:42.616136Z,"{'#attributes': {'Qualifiers': 0}, '#text': 330}",dc.danglingtree.htb,NTDS ISAM,Directory Service,808,4,,,NTDS,"836,D,2,0",,,NTDSA: ,C:\WINDOWS\NTDS\temp.edb,0x2580 (9600),9600 (0x2580),9620 (0x2594),,,
2026-06-08T16:41:42.616552Z,"{'#attributes': {'Qualifiers': 0}, '#text': 700}",dc.danglingtree.htb,NTDS ISAM,Directory Service,809,4,,,NTDS,"836,D,0,0",,,NTDSA: ,C:\WINDOWS\NTDS\ntds.dit,,,,,,
2026-06-08T16:41:43.247467Z,"{'#attributes': {'Qualifiers': 0}, '#text': 701}",dc.danglingtree.htb,NTDS ISAM,Directory Service,810,4,,,NTDS,"836,D,0,0",,,NTDSA: ,C:\WINDOWS\NTDS\ntds.dit,0,6/8/2026,0,1,1,16
2026-06-08T16:41:42.558231Z,"{'#attributes': {'Qualifiers': 16384}, '#text': 3033}",dc.danglingtree.htb,Microsoft-Windows-ActiveDirectory_DomainService,Directory Service,811,4,,,,,,,,,,,,,,
2026-06-08T16:41:42.604281Z,"{'#attributes': {'Qualifiers': 16384}, '#text': 3027}",dc.danglingtree.htb,Microsoft-Windows-ActiveDirectory_DomainService,Directory Service,812,4,,3600,,,,,,,,,,,,
2026-06-08T16:41:42.626129Z,"{'#attributes': {'Qualifiers': 16384}, '#text': 1869}",dc.danglingtree.htb,Microsoft-Windows-ActiveDirectory_DomainService,Directory Service,813,4,,,\\dc.danglingtree.htb,Default-First-Site-Name,,,,,,,,,,
2026-06-08T17:28:56.542734Z,"{'#attributes': {'Qualifiers': 16384}, '#text': 2179}",dc.danglingtree.htb,Microsoft-Windows-ActiveDirectory_DomainService,Directory Service,814,4,,4579664178600357159,,,,,,,,,,,,
2026-06-08T17:28:57.036974Z,"{'#attributes': {'Qualifiers': 16384}, '#text': 1004}",dc.danglingtree.htb,Microsoft-Windows-ActiveDirectory_DomainService,Directory Service,815,4,,,,,,,,,,,,,,
2026-08-03T16:39:52.064628Z,"{'#attributes': {'Qualifiers': 32768}, '#text': 3051}",dc.danglingtree.htb,Microsoft-Windows-ActiveDirectory_DomainService,Directory Service,816,3,,,,,,,,,,,,,,
2026-08-03T16:39:52.064628Z,"{'#attributes': {'Qualifiers': 32768}, '#text': 3054}",dc.danglingtree.htb,Microsoft-Windows-ActiveDirectory_DomainService,Directory Service,817,3,,,,,,,,,,,,,,
2026-08-03T16:39:52.239431Z,"{'#attributes': {'Qualifiers': 16384}, '#text': 2121}",dc.danglingtree.htb,Microsoft-Windows-ActiveDirectory_DomainService,Directory Service,818,4,,,,,,,,,,,,,,
2026-08-03T16:39:52.239431Z,"{'#attributes': {'Qualifiers': 16384}, '#text': 2406}",dc.danglingtree.htb,Microsoft-Windows-ActiveDirectory_DomainService,Directory Service,819,4,,Recycle Bin Feature,,,,,,,,,,,,
2026-08-03T16:39:52.239431Z,"{'#attributes': {'Qualifiers': 16384}, '#text': 2406}",dc.danglingtree.htb,Microsoft-Windows-ActiveDirectory_DomainService,Directory Service,820,4,,Privileged Access Management Feature,,,,,,,,,,,,
2026-08-03T16:39:52.241441Z,"{'#attributes': {'Qualifiers': 16384}, '#text': 2406}",dc.danglingtree.htb,Microsoft-Windows-ActiveDirectory_DomainService,Directory Service,821,4,,Database 32k Pages Feature,,,,,,,,,,,,
2026-08-03T16:39:52.243452Z,"{'#attributes': {'Qualifiers': 16384}, '#text': 2168}",dc.danglingtree.htb,Microsoft-Windows-ActiveDirectory_DomainService,Directory Service,822,4,,14389077450396760994,,,,,,,,,,,,
2026-08-03T16:39:52.243452Z,"{'#attributes': {'Qualifiers': 16384}, '#text': 2172}",dc.danglingtree.htb,Microsoft-Windows-ActiveDirectory_DomainService,Directory Service,823,4,,4579664178600357159,,,,,,,,,,,,
2026-08-03T16:39:52.243452Z,"{'#attributes': {'Qualifiers': 32768}, '#text': 2170}",dc.danglingtree.htb,Microsoft-Windows-ActiveDirectory_DomainService,Directory Service,824,3,,,4579664178600357159,14389077450396760994,,,,,,,,,,
2026-08-03T16:39:52.249497Z,"{'#attributes': {'Qualifiers': 16384}, '#text': 1109}",dc.danglingtree.htb,Microsoft-Windows-ActiveDirectory_DomainService,Directory Service,825,4,,,a10c2e4b-5052-4021-98b2-43a060f65ead,acd90c29-4ffa-4187-9980-bab0ed2d2618,,,159781,,,,,,,
2026-08-03T16:39:52.271152Z,"{'#attributes': {'Qualifiers': 16384}, '#text': 2208}",dc.danglingtree.htb,Microsoft-Windows-ActiveDirectory_DomainService,Directory Service,826,4,,,,,,,,,,,,,,
2026-08-03T16:39:52.277306Z,"{'#attributes': {'Qualifiers': 16384}, '#text': 2179}",dc.danglingtree.htb,Microsoft-Windows-ActiveDirectory_DomainService,Directory Service,827,4,,14389077450396760994,,,,,,,,,,,,
2026-08-03T16:39:52.295199Z,"{'#attributes': {'Qualifiers': 16384}, '#text': 2405}",dc.danglingtree.htb,Microsoft-Windows-ActiveDirectory_DomainService,Directory Service,828,4,,Privileged Access Management Feature,,,,,,,,,,,,
2026-08-03T16:39:52.295199Z,"{'#attributes': {'Qualifiers': 16384}, '#text': 2120}",dc.danglingtree.htb,Microsoft-Windows-ActiveDirectory_DomainService,Directory Service,829,4,,,,,,,,,,,,,,
2026-08-03T16:39:52.295199Z,"{'#attributes': {'Qualifiers': 16384}, '#text': 2405}",dc.danglingtree.htb,Microsoft-Windows-ActiveDirectory_DomainService,Directory Service,830,4,,Recycle Bin Feature,,,,,,,,,,,,
2026-08-03T16:39:52.295199Z,"{'#attributes': {'Qualifiers': 16384}, '#text': 2405}",dc.danglingtree.htb,Microsoft-Windows-ActiveDirectory_DomainService,Directory Service,831,4,,Database 32k Pages Feature,,,,,,,,,,,,
2026-08-03T16:40:02.310956Z,"{'#attributes': {'Qualifiers': 16384}, '#text': 1000}",dc.danglingtree.htb,Microsoft-Windows-ActiveDirectory_DomainService,Directory Service,832,4,,,,,,,,,,,,,,
2026-08-03T16:40:32.314377Z,"{'#attributes': {'Qualifiers': 16384}, '#text': 1394}",dc.danglingtree.htb,Microsoft-Windows-ActiveDirectory_DomainService,Directory Service,833,4,,,,,,,,,,,,,,
2026-08-03T16:55:03.726491Z,"{'#attributes': {'Qualifiers': 0}, '#text': 102}",dc.danglingtree.htb,NTDS ISAM,Directory Service,834,4,,,NTDS,"828,P,98,0",,,NTDSA: ,0,10,00,26100,0000,,
2026-08-03T16:55:03.727049Z,"{'#attributes': {'Qualifiers': 0}, '#text': 105}",dc.danglingtree.htb,NTDS ISAM,Directory Service,835,4,,,NTDS,"828,D,0,0",,,NTDSA: ,0,0.187,"
[1] 0.001591 +J(0) +M(C:0K, Fs:153, WS:592K # 96K, PF:5296K # 2412K, P:5296K)
[2] 0.004298 +J(0) +M(C:64K, Fs:95, WS:368K # 368K, PF:364K # 364K, P:364K)
[3] 0.000442 +J(0) +M(C:0K, Fs:3, WS:12K # 12K, PF:64K # 64K, P:64K)
[4] 0.013107 -0.000253 (1) WT +J(0) +M(C:0K, Fs:132, WS:400K # 400K, PF:5940K # 5940K, P:5940K)
[5] 0.000378 +J(0) +M(C:0K, Fs:5, WS:20K # 20K, PF:20K # 20K, P:20K)
[6] 0.004932 +J(0) +M(C:0K, Fs:17, WS:64K # 64K, PF:16K # 16K, P:16K)
[7] 0.097651 -0.091085 (21) WT +J(0) +M(C:0K, Fs:2577, WS:10288K # 10288K, PF:10260K # 10260K, P:10260K)
[8] -
[9] -
[10] -
[11] -
[12] -
[13] 0.062355 -0.057293 (22) WT +J(CM:0, PgRf:0, Rd:0/0, Dy:0/0, Lg:616/1) +M(C:0K, Fs:14, WS:-10200K # 24K, PF:-10252K # 12K, P:-10252K)
[14] 0.000042 +J(0) +M(C:0K, Fs:2, WS:8K # 0K, PF:4K # 0K, P:4K)
[15] 0.000569 +J(0) +M(C:0K, Fs:411, WS:1644K # 0K, PF:64K # 0K, P:64K)
[16] 0.001649 -0.001428 (1) WT +J(0) +M(C:0K, Fs:2, WS:0K # 0K, PF:0K # 0K, P:0K).","RBSOn = 0
",,,
2026-08-03T16:55:03.727387Z,"{'#attributes': {'Qualifiers': 0}, '#text': 330}",dc.danglingtree.htb,NTDS ISAM,Directory Service,836,4,,,NTDS,"828,D,50,0",,,NTDSA: ,C:\WINDOWS\NTDS\ntds.dit,0x2580 (9600),9600 (0x2580),9620 (0x2594),,,
2026-08-03T16:55:03.727717Z,"{'#attributes': {'Qualifiers': 0}, '#text': 326}",dc.danglingtree.htb,NTDS ISAM,Directory Service,837,4,,,NTDS,"828,D,50,0",,,NTDSA: ,1,C:\WINDOWS\NTDS\ntds.dit,0,"
[1] 0.000005 +J(0) +M(C:0K, Fs:1, WS:4K # 0K, PF:0K # 0K, P:0K)
[2] 0.000579 -0.000257 (1) WT +J(0) +M(C:0K, Fs:26, WS:40K # 0K, PF:32K # 0K, P:32K)
[3] 0.006007 -0.003021 (6) WT +J(CM:0, PgRf:0, Rd:0/0, Dy:0/0, Lg:3480/2) +M(C:0K, Fs:33, WS:100K # 0K, PF:112K # 0K, P:112K)
[4] 0.000807 +J(0) +M(C:0K, Fs:1, WS:4K # 0K, PF:0K # 0K, P:0K)
[5] -
[6] 0.006041 -0.002982 (2) CM -0.002911 (2) WT +J(CM:2, PgRf:2, Rd:0/2, Dy:0/0, Lg:0/0) +M(C:-56K, Fs:65, WS:204K # 0K, PF:144K # 0K, P:144K)
[7] 0.000004 +J(0)
[8] 0.003997 -0.001341 (1) CM -0.001303 (1) WT +J(CM:1, PgRf:1, Rd:4/1, Dy:0/0, Lg:0/0) +M(C:156K, Fs:63, WS:220K # 0K, PF:356K # 0K, P:356K)
[9] -
[10] -
[11] -
[12] 0.000287 +J(CM:0, PgRf:0, Rd:0/0, Dy:0/0, Lg:54/1) +M(C:0K, Fs:3, WS:12K # 0K, PF:20K # 0K, P:20K)
[13] 0.004719 -0.003157 (3) CM -0.003038 (3) WT +J(CM:3, PgRf:23, Rd:0/3, Dy:0/0, Lg:0/0) +M(C:-116K, Fs:33, WS:-4K # 0K, PF:-84K # 0K, P:-84K)
[14] 0.002009 -0.001699 (3) CM -0.001594 (3) WT +J(CM:3, PgRf:40, Rd:0/3, Dy:0/0, Lg:0/0) +M(C:-24K, Fs:16, WS:-12K # 0K, PF:40K # 0K, P:40K)
[15] 0.000009 +J(CM:0, PgRf:1, Rd:0/0, Dy:0/0, Lg:0/0)
[16] 0.000013 +J(CM:0, PgRf:1, Rd:0/0, Dy:0/0, Lg:0/0) +M(C:0K, Fs:1, WS:4K # 0K, PF:0K # 0K, P:0K)
[17] 0.000075 +J(CM:0, PgRf:48, Rd:0/0, Dy:0/0, Lg:0/0) +M(C:0K, Fs:6, WS:24K # 0K, PF:0K # 0K, P:0K)
[18] 0.0 +J(0)
[19] 0.0 +J(0)
[20] 0.000037 +J(CM:0, PgRf:2, Rd:0/0, Dy:0/0, Lg:0/0) +M(C:0K, Fs:5, WS:20K # 0K, PF:8K # 0K, P:8K).",0 0,"lgposAttach = 00000003:046E:0268,
dbv = 1568.290.600 (9600)",
2026-08-03T16:55:03.728044Z,"{'#attributes': {'Qualifiers': 0}, '#text': 330}",dc.danglingtree.htb,NTDS ISAM,Directory Service,838,4,,,NTDS,"828,D,2,0",,,NTDSA: ,C:\WINDOWS\NTDS\temp.edb,0x2580 (9600),9600 (0x2580),9620 (0x2594),,,
2026-08-03T16:55:03.728452Z,"{'#attributes': {'Qualifiers': 0}, '#text': 700}",dc.danglingtree.htb,NTDS ISAM,Directory Service,839,4,,,NTDS,"828,D,0,0",,,NTDSA: ,C:\WINDOWS\NTDS\ntds.dit,,,,,,
2026-08-03T16:55:03.713770Z,"{'#attributes': {'Qualifiers': 16384}, '#text': 3033}",dc.danglingtree.htb,Microsoft-Windows-ActiveDirectory_DomainService,Directory Service,840,4,,,,,,,,,,,,,,
2026-08-03T16:55:03.715780Z,"{'#attributes': {'Qualifiers': 16384}, '#text': 3027}",dc.danglingtree.htb,Microsoft-Windows-ActiveDirectory_DomainService,Directory Service,841,4,,3600,,,,,,,,,,,,
2026-08-03T16:55:04.095580Z,"{'#attributes': {'Qualifiers': 16384}, '#text': 1869}",dc.danglingtree.htb,Microsoft-Windows-ActiveDirectory_DomainService,Directory Service,842,4,,,\\dc.danglingtree.htb,Default-First-Site-Name,,,,,,,,,,
2026-08-03T16:55:04.881120Z,"{'#attributes': {'Qualifiers': 0}, '#text': 701}",dc.danglingtree.htb,NTDS ISAM,Directory Service,843,4,,,NTDS,"828,D,0,0",,,NTDSA: ,C:\WINDOWS\NTDS\ntds.dit,1,8/3/2026,1,1,1,17
2026-08-03T17:40:02.351976Z,"{'#attributes': {'Qualifiers': 32768}, '#text': 2089}",dc.danglingtree.htb,Microsoft-Windows-ActiveDirectory_DomainService,Directory Service,844,3,,,"DC=danglingtree,DC=htb",90,,,System\CurrentControlSet\Services\NTDS\Parameters,Backup Latency Threshold (days),,,,,,
2026-08-03T17:40:02.351976Z,"{'#attributes': {'Qualifiers': 32768}, '#text': 2089}",dc.danglingtree.htb,Microsoft-Windows-ActiveDirectory_DomainService,Directory Service,845,3,,,"CN=Configuration,DC=danglingtree,DC=htb",90,,,System\CurrentControlSet\Services\NTDS\Parameters,Backup Latency Threshold (days),,,,,,
2026-08-03T17:40:02.351976Z,"{'#attributes': {'Qualifiers': 32768}, '#text': 2089}",dc.danglingtree.htb,Microsoft-Windows-ActiveDirectory_DomainService,Directory Service,846,3,,,"CN=Schema,CN=Configuration,DC=danglingtree,DC=htb",90,,,System\CurrentControlSet\Services\NTDS\Parameters,Backup Latency Threshold (days),,,,,,
2026-08-03T17:40:02.351976Z,"{'#attributes': {'Qualifiers': 32768}, '#text': 2089}",dc.danglingtree.htb,Microsoft-Windows-ActiveDirectory_DomainService,Directory Service,847,3,,,"DC=DomainDnsZones,DC=danglingtree,DC=htb",90,,,System\CurrentControlSet\Services\NTDS\Parameters,Backup Latency Threshold (days),,,,,,
2026-08-03T17:40:02.351976Z,"{'#attributes': {'Qualifiers': 32768}, '#text': 2089}",dc.danglingtree.htb,Microsoft-Windows-ActiveDirectory_DomainService,Directory Service,848,3,,,"DC=ForestDnsZones,DC=danglingtree,DC=htb",90,,,System\CurrentControlSet\Services\NTDS\Parameters,Backup Latency Threshold (days),,,,,,
2026-08-03T18:24:46.480840Z,"{'#attributes': {'Qualifiers': 16384}, '#text': 2179}",dc.danglingtree.htb,Microsoft-Windows-ActiveDirectory_DomainService,Directory Service,849,4,,14389077450396760994,,,,,,,,,,,,
2026-08-03T18:24:47.901301Z,"{'#attributes': {'Qualifiers': 16384}, '#text': 1004}",dc.danglingtree.htb,Microsoft-Windows-ActiveDirectory_DomainService,Directory Service,850,4,,,,,,,,,,,,,,
2026-08-04T16:03:04.206458Z,"{'#attributes': {'Qualifiers': 32768}, '#text': 3051}",dc.danglingtree.htb,Microsoft-Windows-ActiveDirectory_DomainService,Directory Service,851,3,,,,,,,,,,,,,,
2026-08-04T16:03:04.206458Z,"{'#attributes': {'Qualifiers': 32768}, '#text': 3054}",dc.danglingtree.htb,Microsoft-Windows-ActiveDirectory_DomainService,Directory Service,852,3,,,,,,,,,,,,,,
2026-08-04T16:03:04.755920Z,"{'#attributes': {'Qualifiers': 16384}, '#text': 2121}",dc.danglingtree.htb,Microsoft-Windows-ActiveDirectory_DomainService,Directory Service,853,4,,,,,,,,,,,,,,
2026-08-04T16:03:04.755920Z,"{'#attributes': {'Qualifiers': 16384}, '#text': 2406}",dc.danglingtree.htb,Microsoft-Windows-ActiveDirectory_DomainService,Directory Service,854,4,,Recycle Bin Feature,,,,,,,,,,,,
2026-08-04T16:03:04.755920Z,"{'#attributes': {'Qualifiers': 16384}, '#text': 2406}",dc.danglingtree.htb,Microsoft-Windows-ActiveDirectory_DomainService,Directory Service,855,4,,Privileged Access Management Feature,,,,,,,,,,,,
2026-08-04T16:03:04.755920Z,"{'#attributes': {'Qualifiers': 16384}, '#text': 2406}",dc.danglingtree.htb,Microsoft-Windows-ActiveDirectory_DomainService,Directory Service,856,4,,Database 32k Pages Feature,,,,,,,,,,,,
2026-08-04T16:03:04.757930Z,"{'#attributes': {'Qualifiers': 16384}, '#text': 2168}",dc.danglingtree.htb,Microsoft-Windows-ActiveDirectory_DomainService,Directory Service,857,4,,16192981728072842683,,,,,,,,,,,,
2026-08-04T16:03:04.757930Z,"{'#attributes': {'Qualifiers': 16384}, '#text': 2172}",dc.danglingtree.htb,Microsoft-Windows-ActiveDirectory_DomainService,Directory Service,858,4,,14389077450396760994,,,,,,,,,,,,
2026-08-04T16:03:04.757930Z,"{'#attributes': {'Qualifiers': 32768}, '#text': 2170}",dc.danglingtree.htb,Microsoft-Windows-ActiveDirectory_DomainService,Directory Service,859,3,,,14389077450396760994,16192981728072842683,,,,,,,,,,
2026-08-04T16:03:04.765273Z,"{'#attributes': {'Qualifiers': 16384}, '#text': 1109}",dc.danglingtree.htb,Microsoft-Windows-ActiveDirectory_DomainService,Directory Service,860,4,,,acd90c29-4ffa-4187-9980-bab0ed2d2618,ae514abf-2ac3-4ca4-8b53-26cbdc962faf,,,163878,,,,,,,
2026-08-04T16:03:04.787215Z,"{'#attributes': {'Qualifiers': 16384}, '#text': 2179}",dc.danglingtree.htb,Microsoft-Windows-ActiveDirectory_DomainService,Directory Service,861,4,,16192981728072842683,,,,,,,,,,,,
2026-08-04T16:03:04.787215Z,"{'#attributes': {'Qualifiers': 16384}, '#text': 2208}",dc.danglingtree.htb,Microsoft-Windows-ActiveDirectory_DomainService,Directory Service,862,4,,,,,,,,,,,,,,
2026-08-04T16:03:04.797031Z,"{'#attributes': {'Qualifiers': 16384}, '#text': 2405}",dc.danglingtree.htb,Microsoft-Windows-ActiveDirectory_DomainService,Directory Service,863,4,,Privileged Access Management Feature,,,,,,,,,,,,
2026-08-04T16:03:04.799048Z,"{'#attributes': {'Qualifiers': 16384}, '#text': 2120}",dc.danglingtree.htb,Microsoft-Windows-ActiveDirectory_DomainService,Directory Service,864,4,,,,,,,,,,,,,,
2026-08-04T16:03:04.799048Z,"{'#attributes': {'Qualifiers': 16384}, '#text': 2405}",dc.danglingtree.htb,Microsoft-Windows-ActiveDirectory_DomainService,Directory Service,865,4,,Recycle Bin Feature,,,,,,,,,,,,
2026-08-04T16:03:04.799048Z,"{'#attributes': {'Qualifiers': 16384}, '#text': 2405}",dc.danglingtree.htb,Microsoft-Windows-ActiveDirectory_DomainService,Directory Service,866,4,,Database 32k Pages Feature,,,,,,,,,,,,
2026-08-04T16:03:14.802990Z,"{'#attributes': {'Qualifiers': 16384}, '#text': 1000}",dc.danglingtree.htb,Microsoft-Windows-ActiveDirectory_DomainService,Directory Service,867,4,,,,,,,,,,,,,,
2026-08-04T16:03:44.932434Z,"{'#attributes': {'Qualifiers': 16384}, '#text': 1394}",dc.danglingtree.htb,Microsoft-Windows-ActiveDirectory_DomainService,Directory Service,868,4,,,,,,,,,,,,,,
2026-08-04T16:08:05.782337Z,"{'#attributes': {'Qualifiers': 16384}, '#text': 2179}",dc.danglingtree.htb,Microsoft-Windows-ActiveDirectory_DomainService,Directory Service,869,4,,16192981728072842683,,,,,,,,,,,,
2026-08-04T16:08:06.745687Z,"{'#attributes': {'Qualifiers': 16384}, '#text': 1004}",dc.danglingtree.htb,Microsoft-Windows-ActiveDirectory_DomainService,Directory Service,870,4,,,,,,,,,,,,,,
2026-08-05T02:48:56.093680Z,"{'#attributes': {'Qualifiers': 32768}, '#text': 3051}",dc.danglingtree.htb,Microsoft-Windows-ActiveDirectory_DomainService,Directory Service,871,3,,,,,,,,,,,,,,
2026-08-05T02:48:56.093680Z,"{'#attributes': {'Qualifiers': 32768}, '#text': 3054}",dc.danglingtree.htb,Microsoft-Windows-ActiveDirectory_DomainService,Directory Service,872,3,,,,,,,,,,,,,,
2026-08-05T02:48:56.528485Z,"{'#attributes': {'Qualifiers': 16384}, '#text': 2121}",dc.danglingtree.htb,Microsoft-Windows-ActiveDirectory_DomainService,Directory Service,873,4,,,,,,,,,,,,,,
2026-08-05T02:48:56.528485Z,"{'#attributes': {'Qualifiers': 16384}, '#text': 2406}",dc.danglingtree.htb,Microsoft-Windows-ActiveDirectory_DomainService,Directory Service,874,4,,Recycle Bin Feature,,,,,,,,,,,,
2026-08-05T02:48:56.528485Z,"{'#attributes': {'Qualifiers': 16384}, '#text': 2406}",dc.danglingtree.htb,Microsoft-Windows-ActiveDirectory_DomainService,Directory Service,875,4,,Privileged Access Management Feature,,,,,,,,,,,,
2026-08-05T02:48:56.528485Z,"{'#attributes': {'Qualifiers': 16384}, '#text': 2406}",dc.danglingtree.htb,Microsoft-Windows-ActiveDirectory_DomainService,Directory Service,876,4,,Database 32k Pages Feature,,,,,,,,,,,,
2026-08-05T02:48:56.530511Z,"{'#attributes': {'Qualifiers': 16384}, '#text': 2168}",dc.danglingtree.htb,Microsoft-Windows-ActiveDirectory_DomainService,Directory Service,877,4,,3187160350560347194,,,,,,,,,,,,
2026-08-05T02:48:56.530511Z,"{'#attributes': {'Qualifiers': 16384}, '#text': 2172}",dc.danglingtree.htb,Microsoft-Windows-ActiveDirectory_DomainService,Directory Service,878,4,,16192981728072842683,,,,,,,,,,,,
2026-08-05T02:48:56.530511Z,"{'#attributes': {'Qualifiers': 32768}, '#text': 2170}",dc.danglingtree.htb,Microsoft-Windows-ActiveDirectory_DomainService,Directory Service,879,3,,,16192981728072842683,3187160350560347194,,,,,,,,,,
2026-08-05T02:48:56.536560Z,"{'#attributes': {'Qualifiers': 16384}, '#text': 1109}",dc.danglingtree.htb,Microsoft-Windows-ActiveDirectory_DomainService,Directory Service,880,4,,,ae514abf-2ac3-4ca4-8b53-26cbdc962faf,9265944d-49b3-4bf6-93d7-0abd28031ead,,,167975,,,,,,,
2026-08-05T02:48:56.556182Z,"{'#attributes': {'Qualifiers': 16384}, '#text': 2208}",dc.danglingtree.htb,Microsoft-Windows-ActiveDirectory_DomainService,Directory Service,881,4,,,,,,,,,,,,,,
2026-08-05T02:48:56.568557Z,"{'#attributes': {'Qualifiers': 16384}, '#text': 2179}",dc.danglingtree.htb,Microsoft-Windows-ActiveDirectory_DomainService,Directory Service,882,4,,3187160350560347194,,,,,,,,,,,,
2026-08-05T02:48:56.590459Z,"{'#attributes': {'Qualifiers': 16384}, '#text': 2405}",dc.danglingtree.htb,Microsoft-Windows-ActiveDirectory_DomainService,Directory Service,883,4,,Privileged Access Management Feature,,,,,,,,,,,,
2026-08-05T02:48:56.590459Z,"{'#attributes': {'Qualifiers': 16384}, '#text': 2120}",dc.danglingtree.htb,Microsoft-Windows-ActiveDirectory_DomainService,Directory Service,884,4,,,,,,,,,,,,,,
2026-08-05T02:48:56.590459Z,"{'#attributes': {'Qualifiers': 16384}, '#text': 2405}",dc.danglingtree.htb,Microsoft-Windows-ActiveDirectory_DomainService,Directory Service,885,4,,Recycle Bin Feature,,,,,,,,,,,,
2026-08-05T02:48:56.590459Z,"{'#attributes': {'Qualifiers': 16384}, '#text': 2405}",dc.danglingtree.htb,Microsoft-Windows-ActiveDirectory_DomainService,Directory Service,886,4,,Database 32k Pages Feature,,,,,,,,,,,,
2026-08-05T02:49:06.769693Z,"{'#attributes': {'Qualifiers': 16384}, '#text': 1000}",dc.danglingtree.htb,Microsoft-Windows-ActiveDirectory_DomainService,Directory Service,887,4,,,,,,,,,,,,,,
2026-08-05T02:49:36.939867Z,"{'#attributes': {'Qualifiers': 16384}, '#text': 1394}",dc.danglingtree.htb,Microsoft-Windows-ActiveDirectory_DomainService,Directory Service,888,4,,,,,,,,,,,,,,
2026-08-05T03:04:10.805527Z,"{'#attributes': {'Qualifiers': 0}, '#text': 102}",dc.danglingtree.htb,NTDS ISAM,Directory Service,889,4,,,NTDS,"844,P,98,0",,,NTDSA: ,0,10,00,26100,0000,,
2026-08-05T03:04:10.806228Z,"{'#attributes': {'Qualifiers': 0}, '#text': 105}",dc.danglingtree.htb,NTDS ISAM,Directory Service,890,4,,,NTDS,"844,D,0,0",,,NTDSA: ,0,0.204,"
[1] 0.000621 +J(0) +M(C:0K, Fs:103, WS:388K # 0K, PF:5300K # 2416K, P:5300K)
[2] 0.000664 +J(0) +M(C:64K, Fs:148, WS:580K # 480K, PF:364K # 364K, P:364K)
[3] 0.000027 +J(0) +M(C:0K, Fs:3, WS:12K # 12K, PF:64K # 64K, P:64K)
[4] 0.003827 -0.000286 (1) WT +J(0) +M(C:0K, Fs:122, WS:416K # 416K, PF:5996K # 5996K, P:5996K)
[5] 0.000387 +J(0) +M(C:0K, Fs:2, WS:8K # 8K, PF:4K # 4K, P:4K)
[6] 0.004621 +J(0) +M(C:0K, Fs:15, WS:56K # 56K, PF:16K # 16K, P:16K)
[7] 0.122190 -0.115635 (21) WT +J(0) +M(C:0K, Fs:2577, WS:10288K # 10288K, PF:10260K # 10260K, P:10260K)
[8] -
[9] -
[10] -
[11] -
[12] -
[13] 0.069558 -0.064529 (22) WT +J(CM:0, PgRf:0, Rd:0/0, Dy:0/0, Lg:616/1) +M(C:0K, Fs:16, WS:-10192K # 32K, PF:-10252K # 12K, P:-10252K)
[14] 0.000028 +J(0) +M(C:0K, Fs:1, WS:4K # 0K, PF:0K # 0K, P:0K)
[15] 0.000716 +J(0) +M(C:0K, Fs:411, WS:1644K # 0K, PF:64K # 0K, P:64K)
[16] 0.001464 -0.001197 (1) WT +J(0) +M(C:0K, Fs:3, WS:4K # 0K, PF:4K # 0K, P:4K).","RBSOn = 0
",,,
2026-08-05T03:04:10.806673Z,"{'#attributes': {'Qualifiers': 0}, '#text': 330}",dc.danglingtree.htb,NTDS ISAM,Directory Service,891,4,,,NTDS,"844,D,50,0",,,NTDSA: ,C:\WINDOWS\NTDS\ntds.dit,0x2580 (9600),9600 (0x2580),9620 (0x2594),,,
2026-08-05T03:04:10.807100Z,"{'#attributes': {'Qualifiers': 0}, '#text': 326}",dc.danglingtree.htb,NTDS ISAM,Directory Service,892,4,,,NTDS,"844,D,50,0",,,NTDSA: ,1,C:\WINDOWS\NTDS\ntds.dit,0,"
[1] 0.000008 +J(0) +M(C:0K, Fs:1, WS:4K # 0K, PF:0K # 0K, P:0K)
[2] 0.000644 -0.000275 (1) WT +J(0) +M(C:0K, Fs:26, WS:40K # 0K, PF:32K # 0K, P:32K)
[3] 0.008532 -0.005708 (6) WT +J(CM:0, PgRf:0, Rd:0/0, Dy:0/0, Lg:3480/2) +M(C:0K, Fs:33, WS:100K # 0K, PF:112K # 0K, P:112K)
[4] 0.000509 +J(0) +M(C:0K, Fs:1, WS:4K # 0K, PF:0K # 0K, P:0K)
[5] -
[6] 0.003590 -0.003109 (2) CM -0.003028 (2) WT +J(CM:2, PgRf:2, Rd:0/2, Dy:0/0, Lg:0/0) +M(C:-56K, Fs:67, WS:208K # 0K, PF:152K # 0K, P:152K)
[7] 0.000003 +J(0)
[8] 0.002296 -0.001915 (1) CM -0.001874 (1) WT +J(CM:1, PgRf:1, Rd:4/1, Dy:0/0, Lg:0/0) +M(C:156K, Fs:70, WS:252K # 0K, PF:352K # 0K, P:352K)
[9] -
[10] -
[11] -
[12] 0.000290 +J(CM:0, PgRf:0, Rd:0/0, Dy:0/0, Lg:54/1) +M(C:0K, Fs:3, WS:12K # 0K, PF:20K # 0K, P:20K)
[13] 0.003974 -0.003509 (3) CM -0.003393 (3) WT +J(CM:3, PgRf:23, Rd:0/3, Dy:0/0, Lg:0/0) +M(C:-116K, Fs:25, WS:-36K # 0K, PF:-84K # 0K, P:-84K)
[14] 0.001950 -0.001666 (3) CM -0.001573 (3) WT +J(CM:3, PgRf:40, Rd:0/3, Dy:0/0, Lg:0/0) +M(C:-24K, Fs:16, WS:-12K # 0K, PF:40K # 0K, P:40K)
[15] 0.000010 +J(CM:0, PgRf:1, Rd:0/0, Dy:0/0, Lg:0/0)
[16] 0.000014 +J(CM:0, PgRf:1, Rd:0/0, Dy:0/0, Lg:0/0) +M(C:0K, Fs:1, WS:4K # 0K, PF:0K # 0K, P:0K)
[17] 0.000097 +J(CM:0, PgRf:48, Rd:0/0, Dy:0/0, Lg:0/0) +M(C:0K, Fs:6, WS:24K # 0K, PF:0K # 0K, P:0K)
[18] 0.000001 +J(0)
[19] 0.0 +J(0)
[20] 0.000047 +J(CM:0, PgRf:2, Rd:0/0, Dy:0/0, Lg:0/0) +M(C:0K, Fs:5, WS:20K # 0K, PF:8K # 0K, P:8K).",0 0,"lgposAttach = 00000003:060A:0268,
dbv = 1568.290.600 (9600)",
2026-08-05T03:04:10.807550Z,"{'#attributes': {'Qualifiers': 0}, '#text': 330}",dc.danglingtree.htb,NTDS ISAM,Directory Service,893,4,,,NTDS,"844,D,2,0",,,NTDSA: ,C:\WINDOWS\NTDS\temp.edb,0x2580 (9600),9600 (0x2580),9620 (0x2594),,,
2026-08-05T03:04:10.807891Z,"{'#attributes': {'Qualifiers': 0}, '#text': 700}",dc.danglingtree.htb,NTDS ISAM,Directory Service,894,4,,,NTDS,"844,D,0,0",,,NTDSA: ,C:\WINDOWS\NTDS\ntds.dit,,,,,,
2026-08-05T03:04:10.947384Z,"{'#attributes': {'Qualifiers': 0}, '#text': 701}",dc.danglingtree.htb,NTDS ISAM,Directory Service,895,4,,,NTDS,"844,D,0,0",,,NTDSA: ,C:\WINDOWS\NTDS\ntds.dit,0,8/4/2026,0,1,1,18
2026-08-05T03:04:10.072228Z,"{'#attributes': {'Qualifiers': 16384}, '#text': 1869}",dc.danglingtree.htb,Microsoft-Windows-ActiveDirectory_DomainService,Directory Service,896,4,,,\\dc.danglingtree.htb,Default-First-Site-Name,,,,,,,,,,
2026-08-05T03:04:10.798301Z,"{'#attributes': {'Qualifiers': 16384}, '#text': 3033}",dc.danglingtree.htb,Microsoft-Windows-ActiveDirectory_DomainService,Directory Service,897,4,,,,,,,,,,,,,,
2026-08-05T03:04:10.798301Z,"{'#attributes': {'Qualifiers': 16384}, '#text': 3027}",dc.danglingtree.htb,Microsoft-Windows-ActiveDirectory_DomainService,Directory Service,898,4,,3600,,,,,,,,,,,,
2026-08-05T03:12:29.792151Z,"{'#attributes': {'Qualifiers': 16384}, '#text': 2179}",dc.danglingtree.htb,Microsoft-Windows-ActiveDirectory_DomainService,Directory Service,899,4,,3187160350560347194,,,,,,,,,,,,
2026-08-05T03:12:30.585996Z,"{'#attributes': {'Qualifiers': 16384}, '#text': 1004}",dc.danglingtree.htb,Microsoft-Windows-ActiveDirectory_DomainService,Directory Service,900,4,,,,,,,,,,,,,,
2026-08-05T03:13:03.507928Z,"{'#attributes': {'Qualifiers': 32768}, '#text': 3051}",dc.danglingtree.htb,Microsoft-Windows-ActiveDirectory_DomainService,Directory Service,901,3,,,,,,,,,,,,,,
2026-08-05T03:13:03.507928Z,"{'#attributes': {'Qualifiers': 32768}, '#text': 3054}",dc.danglingtree.htb,Microsoft-Windows-ActiveDirectory_DomainService,Directory Service,902,3,,,,,,,,,,,,,,
2026-08-05T03:13:03.680223Z,"{'#attributes': {'Qualifiers': 16384}, '#text': 2121}",dc.danglingtree.htb,Microsoft-Windows-ActiveDirectory_DomainService,Directory Service,903,4,,,,,,,,,,,,,,
2026-08-05T03:13:03.680223Z,"{'#attributes': {'Qualifiers': 16384}, '#text': 2406}",dc.danglingtree.htb,Microsoft-Windows-ActiveDirectory_DomainService,Directory Service,904,4,,Recycle Bin Feature,,,,,,,,,,,,
2026-08-05T03:13:03.680223Z,"{'#attributes': {'Qualifiers': 16384}, '#text': 2406}",dc.danglingtree.htb,Microsoft-Windows-ActiveDirectory_DomainService,Directory Service,905,4,,Privileged Access Management Feature,,,,,,,,,,,,
2026-08-05T03:13:03.680223Z,"{'#attributes': {'Qualifiers': 16384}, '#text': 2406}",dc.danglingtree.htb,Microsoft-Windows-ActiveDirectory_DomainService,Directory Service,906,4,,Database 32k Pages Feature,,,,,,,,,,,,
2026-08-05T03:13:03.680223Z,"{'#attributes': {'Qualifiers': 16384}, '#text': 2168}",dc.danglingtree.htb,Microsoft-Windows-ActiveDirectory_DomainService,Directory Service,907,4,,3187160350560347194,,,,,,,,,,,,
2026-08-05T03:13:03.680223Z,"{'#attributes': {'Qualifiers': 16384}, '#text': 2172}",dc.danglingtree.htb,Microsoft-Windows-ActiveDirectory_DomainService,Directory Service,908,4,,3187160350560347194,,,,,,,,,,,,
2026-08-05T03:13:03.690294Z,"{'#attributes': {'Qualifiers': 16384}, '#text': 2405}",dc.danglingtree.htb,Microsoft-Windows-ActiveDirectory_DomainService,Directory Service,909,4,,Privileged Access Management Feature,,,,,,,,,,,,
2026-08-05T03:13:03.692305Z,"{'#attributes': {'Qualifiers': 16384}, '#text': 2120}",dc.danglingtree.htb,Microsoft-Windows-ActiveDirectory_DomainService,Directory Service,910,4,,,,,,,,,,,,,,
2026-08-05T03:13:03.692305Z,"{'#attributes': {'Qualifiers': 16384}, '#text': 2405}",dc.danglingtree.htb,Microsoft-Windows-ActiveDirectory_DomainService,Directory Service,911,4,,Recycle Bin Feature,,,,,,,,,,,,
2026-08-05T03:13:03.692305Z,"{'#attributes': {'Qualifiers': 16384}, '#text': 2405}",dc.danglingtree.htb,Microsoft-Windows-ActiveDirectory_DomainService,Directory Service,912,4,,Database 32k Pages Feature,,,,,,,,,,,,
2026-08-05T03:13:13.698628Z,"{'#attributes': {'Qualifiers': 16384}, '#text': 1000}",dc.danglingtree.htb,Microsoft-Windows-ActiveDirectory_DomainService,Directory Service,913,4,,,,,,,,,,,,,,
2026-08-05T03:13:43.739897Z,"{'#attributes': {'Qualifiers': 16384}, '#text': 1394}",dc.danglingtree.htb,Microsoft-Windows-ActiveDirectory_DomainService,Directory Service,914,4,,,,,,,,,,,,,,
2026-08-05T03:23:38.839733Z,"{'#attributes': {'Qualifiers': 16384}, '#text': 2179}",dc.danglingtree.htb,Microsoft-Windows-ActiveDirectory_DomainService,Directory Service,915,4,,3187160350560347194,,,,,,,,,,,,
2026-08-05T03:23:40.481393Z,"{'#attributes': {'Qualifiers': 16384}, '#text': 1004}",dc.danglingtree.htb,Microsoft-Windows-ActiveDirectory_DomainService,Directory Service,916,4,,,,,,,,,,,,,,
2026-08-05T03:24:32.884239Z,"{'#attributes': {'Qualifiers': 32768}, '#text': 3051}",dc.danglingtree.htb,Microsoft-Windows-ActiveDirectory_DomainService,Directory Service,917,3,,,,,,,,,,,,,,
2026-08-05T03:24:32.884239Z,"{'#attributes': {'Qualifiers': 32768}, '#text': 3054}",dc.danglingtree.htb,Microsoft-Windows-ActiveDirectory_DomainService,Directory Service,918,3,,,,,,,,,,,,,,
2026-08-05T03:24:33.534355Z,"{'#attributes': {'Qualifiers': 16384}, '#text': 2121}",dc.danglingtree.htb,Microsoft-Windows-ActiveDirectory_DomainService,Directory Service,919,4,,,,,,,,,,,,,,
2026-08-05T03:24:33.534355Z,"{'#attributes': {'Qualifiers': 16384}, '#text': 2406}",dc.danglingtree.htb,Microsoft-Windows-ActiveDirectory_DomainService,Directory Service,920,4,,Recycle Bin Feature,,,,,,,,,,,,
2026-08-05T03:24:33.534355Z,"{'#attributes': {'Qualifiers': 16384}, '#text': 2406}",dc.danglingtree.htb,Microsoft-Windows-ActiveDirectory_DomainService,Directory Service,921,4,,Privileged Access Management Feature,,,,,,,,,,,,
2026-08-05T03:24:33.534355Z,"{'#attributes': {'Qualifiers': 16384}, '#text': 2406}",dc.danglingtree.htb,Microsoft-Windows-ActiveDirectory_DomainService,Directory Service,922,4,,Database 32k Pages Feature,,,,,,,,,,,,
2026-08-05T03:24:33.536379Z,"{'#attributes': {'Qualifiers': 16384}, '#text': 2168}",dc.danglingtree.htb,Microsoft-Windows-ActiveDirectory_DomainService,Directory Service,923,4,,3187160350560347194,,,,,,,,,,,,
2026-08-05T03:24:33.536379Z,"{'#attributes': {'Qualifiers': 16384}, '#text': 2172}",dc.danglingtree.htb,Microsoft-Windows-ActiveDirectory_DomainService,Directory Service,924,4,,3187160350560347194,,,,,,,,,,,,
2026-08-05T03:24:33.546212Z,"{'#attributes': {'Qualifiers': 16384}, '#text': 2405}",dc.danglingtree.htb,Microsoft-Windows-ActiveDirectory_DomainService,Directory Service,925,4,,Privileged Access Management Feature,,,,,,,,,,,,
2026-08-05T03:24:33.548243Z,"{'#attributes': {'Qualifiers': 16384}, '#text': 2120}",dc.danglingtree.htb,Microsoft-Windows-ActiveDirectory_DomainService,Directory Service,926,4,,,,,,,,,,,,,,
2026-08-05T03:24:33.548243Z,"{'#attributes': {'Qualifiers': 16384}, '#text': 2405}",dc.danglingtree.htb,Microsoft-Windows-ActiveDirectory_DomainService,Directory Service,927,4,,Recycle Bin Feature,,,,,,,,,,,,
2026-08-05T03:24:33.548243Z,"{'#attributes': {'Qualifiers': 16384}, '#text': 2405}",dc.danglingtree.htb,Microsoft-Windows-ActiveDirectory_DomainService,Directory Service,928,4,,Database 32k Pages Feature,,,,,,,,,,,,
2026-08-05T03:24:43.556090Z,"{'#attributes': {'Qualifiers': 16384}, '#text': 1000}",dc.danglingtree.htb,Microsoft-Windows-ActiveDirectory_DomainService,Directory Service,929,4,,,,,,,,,,,,,,
2026-08-05T03:25:13.563543Z,"{'#attributes': {'Qualifiers': 16384}, '#text': 1394}",dc.danglingtree.htb,Microsoft-Windows-ActiveDirectory_DomainService,Directory Service,930,4,,,,,,,,,,,,,,
