2026-06-03T19:38:07.594855Z,"{'#attributes': {'Qualifiers': 16384}, '#text': 902}",dc.danglingtree.htb,Microsoft-Windows-Security-SPP,Application,2064,0,,,,,,,,,,,,,,,,,,,,,,,10.0.26100.32230,,,,,,,,,,,,,,,,,,,,,,,,,,,,,,,,,,,,,,,,,,,,,,,,,,,,,,,,,,,,,,,,,,,,,,,,,,,,,,,,,,,,,,,,,
2026-06-03T19:38:07.895452Z,"{'#attributes': {'Qualifiers': 0}, '#text': 258}",dc.danglingtree.htb,VMUpgradeHelper,Application,2065,4,,,,,,,,,,,,,,,,,,,,,,,,,,,,,,,,,,,,,,,,,,,,,,,,,,,,,,,,,,,,,,,,,,,,,,,,,,,,,,,,,,,,,,,,,,,,,,,,,,,,,,,,,,,,,,,,
2026-06-03T19:38:07.897219Z,"{'#attributes': {'Qualifiers': 0}, '#text': 100}",dc.danglingtree.htb,WLMS,Application,2066,4,,,,,,,,,,,,,,,,,,,,,,,,,,,,,,,,,,,,,,,,,,,,,,,,,,,,,,,,,,,,,,,,,,,,,,,,,,,,,,,,,,,,,,,,,,,,,,,,,,,,,,,,,,,,,,,,
2026-06-03T19:38:09.346709Z,"{'#attributes': {'Qualifiers': 0}, '#text': 271}",dc.danglingtree.htb,VMUpgradeHelper,Application,2067,4,,,,,,,,,,,,,,,,,,,,,,,,,,,,,,,,,,,,,,,,,,,,,,,,,,,,,,,,,,,,,,,,,,,,,,,,,,,,,,,,,,,,,,,,,,,,,,,,,,,,,,,,,,,,,,,,
2026-06-03T19:38:13.553284Z,"{'#attributes': {'Qualifiers': 0}, '#text': 1000}",dc.danglingtree.htb,VGAuth,Application,2068,0,,,,,,,,,,,,,,,,,,,,,,,vmtoolsd: Username and password mismatch for 'administrator',,,,,,,,,,,,,,,,,,,,,,,,,,,,,,,,,,,,,,,,,,,,,,,,,,,,,,,,,,,,,,,,,,,,,,,,,,,,,,,,,,,,,,,,,
2026-06-03T19:38:18.802793Z,"{'#attributes': {'Qualifiers': 0}, '#text': 1000}",dc.danglingtree.htb,VGAuth,Application,2069,0,,,,,,,,,,,,,,,,,,,,,,,vmtoolsd: Username and password mismatch for 'administrator',,,,,,,,,,,,,,,,,,,,,,,,,,,,,,,,,,,,,,,,,,,,,,,,,,,,,,,,,,,,,,,,,,,,,,,,,,,,,,,,,,,,,,,,,
2026-06-03T19:38:19.016524Z,"{'#attributes': {'Qualifiers': 0}, '#text': 0}",dc.danglingtree.htb,WindowsAdminCenterAccountManagement,Application,2070,4,,,,,,,,,,,,,,,,,,,,,,,Service started successfully.,,,,,,,,,,,,,,,,,,,,,,,,,,,,,,,,,,,,,,,,,,,,,,,,,,,,,,,,,,,,,,,,,,,,,,,,,,,,,,,,,,,,,,,,,
2026-06-03T19:38:22.879623Z,"{'#attributes': {'Qualifiers': 49152}, '#text': 8200}",dc.danglingtree.htb,Microsoft-Windows-Security-SPP,Application,2071,2,,,,,,,,,,,,,,,,,,,,,,,,hr=0x80072EE7,"00010001(0x00000000, 12:38:10:003 - https://activation-v2.sls.microsoft.com/SLActivateProduct/SLActivateProduct.asmx?configextension=Retail)
00020001(0x00000000, 12:38:10:009)
00030001(0x00000000, 12:38:10:012 - https://activation-v2.sls.microsoft.com)
00030002(0x00000000, 12:38:10:012 - 0)
00040001(0x00000000, 12:38:10:012 - https://activation-v2.sls.microsoft.com)
00040002(0x00000000, 12:38:10:226 - 1, <NULL>, <NULL>, <NULL>)
00050002(0x80072F94, 12:38:10:228 - 0, 1)
00040006(0x00000001, 12:38:10:228 - 0, https://activation-v2.sls.microsoft.com, <N/A>, <N/A>)
00020005(0x00000000, 12:38:10:228 - 0)
00020008(0x80072EE7, 12:38:22:863 - SOAPAction: ""http://microsoft.com/SL/ProductActivationService/IssueToken""
Content-Type: text/xml; charset=utf-8
, <soap:Envelope xmlns:soap=""http://schemas.xmlsoap.org/soap/envelope/"" xmlns:xsi=""http://www.w3.org/2001/XMLSchema-instance"" xmlns:xsd=""http://www.w3.org/2001/XMLSchema"" xmlns:soapenc=""http://schemas.xmlsoap.org/soap/encoding/""><soap:Body><RequestSecurityToken xmlns=""http://schemas.xmlsoap.org/ws/2004/04/security/trust""><TokenType>ProductActivation</TokenType><RequestType>http://schemas.xmlsoap.org/ws/2004/04/security/trust/Issue</RequestType><UseKey><Values xmlns:q1=""http://schemas.xmlsoap.org/ws/2004/04/security/trust"" soapenc:arrayType=""q1:TokenEntry[1]""><TokenEntry><Name>PublishLicense</Name><Value>5Q1qo2DVImZwnWaI3oFVcT44GlFFNCDPDd4FM/XqBJno2NCCUUzTfVje5i46QNou5xbxty4wI8UvEKTmb+YPu+XvZHyX7pzwCIIyPWqgSxCXA5kA1uBIRqXkNAOphhUHvMj37HgZI5V+HFT76TbgHKlIuoQU/19asAmtGNKJPTQcvjgDR4yMjKNdJO934KSN7+9OU0yvlGfz/8lweXhBu/fhSf87OxdMqoL8X5Kc65bFEwgcj6g3Htm15plwKJbRXUX0C+NV8NebWNgBPh2txGTW8jGpMewGOi5rUEcC7Czj9okgAks7UvcbRq2yLidyPLfKFjI4xqf9IwBO9S2pAbWVVO3lUCklMdvsUaeBhUnKhGOl7LsVOvik9d7jIZWpcWZKFkA3LKNx42ItX/JxJsbfnx1m1YaZnWptuMnOKd40Jfr15iELeCIXlgW/qkjNdRwIBLgbvDAyMS4pA1SyGAUVEJtHlblRrwdX3cbvwaBu1PN/z8MLPZFlq1vxYYW1brFhjJZcVx+B00MQVLjdl8n+tzqvMjC+5KDvCJlYIK5/E5r40MU5dy8dmmO+FlvrL4UPMSmoHDWaqeLDPSTgN6Blq/4RJCtXRAV+UEgWYGxj7sfG3wQJosgL+/gUnupGHGWO23u7xX0w5eNAd4f+RMeqnp+Tha9I/CO1a78Iga+9pH/vzGdo4rx7ZFQEmGr6vOvMYOgQE0ER+UAR/tCU3WI8Vm6EfyjlRk5kVlhIZggRaXYjBKPdoR2Lu8c7Euz61SGCt/Kkrhuf6rkq1PnOfUSrbeB6XhFfm/3nzI9ck6jLlQdrooBBeqpKywSDBNLyYcZ2tKxt9fz8pT884cPRTetmIwuioRITca4uCyFwgkSvx0ns8LcYzFwrEfTsvdhLa35bVkGIMAaym3xxNyg/HujrlGRXqpZy40lxA/aJK+VcDB6I3j1UqDat5QsZganqFw9eyI/GE7sRGSCdeU4hyAeXao1UaM3SIeRuOPgz1SyrnCZDKCAkIZtfDBGY9XfKWLrwyinsJq/mvWHiwznxqMRkGj+bAM+tpfcMo7/GGXn0GLJUqc5Cksh1Vc9qPqcGeV8Cw201iwlq2n39d6+k2XNxjUhiWkiPyfogxwMNTc8Y3j/Bv97py4YN3sXZf628LGlM6gFKUYKNejZFUrf2aveClT6OQnoZP8QXAfMIFLXmQjZoD/3wFXh5i73EqMb8Wd0XuIZXOiG9LrsRFp7rVi1psPj7RlA3gDMgVbb58P13L3Bsh+teDZL4EJllPFTgp0tfG7wkhRp9t3QDarkcEs3wPYknNunos7rff4VU7YTPrlULcUA9VzTx9vT4qxLJC+JhrtaqIv5C5TiiQStq/EytIJDy6CaT+PYrRDZb0/OF1uvZTp/Z21L8qihpqBFuV6byEnV+kFr0v3nlK4mEKXfxhfo6nRVhxmm3/X+lvL3n/ych4Rc5Bfw35/81Ej2xjsniqK54ZCOrQJ73psaZZ2qV9l6HEd6TlE4Rx/BDnhTKGCQHenGU/rUJqXKg4jnfgE+kwKbGowC543j0YBss4GxSgONpC4BWlGRtSbQdu4Ch+qRm39GPb59d601gDPda7mZ/si67PF/mKsYSxZU3OMs3mTlpVfxzJqln/W1rg8Cef76zeDh0vFebsHgo+La4QongwIrYmRT9AYryVov/nRpyFI+eUpLF985u1mwwae6+vPHiULz8vC5dbHd4zV6LGv2cxKttUg3dDieWCh3MsZjnGzGDjsaDocrn4/XB0o0TOLD8F1zzqh9Xye+xWdFqipDRIjy1JF6Eke9J4By5ngb/41MxobsuNEbnOy3VMx0Lp7/8Wk1QCRo2cehlzRxOPpujYAuOCOiEZq3ueEnTzy/yajjzMLwVkWKftjVS/Mxl6xvw5AGvdYq5AnZgbd+9NdxJ5FeZ7QfSJRWeVmQsjdav0GyzxQ+Eln8+PWCnlP2Gi0JrNI2t5YdFeVIQ2MEz3RoIBlRJNUoRNlU82gT3B1fa5xJbNBl8dCwvtRkpci3xdLLrOlLJcd6xDGDJF2FVJj6pRswbxXjoNho0omX+4owNuxSFU5T3jFnui/khQKh4TkANvYnZL1y86Jwi9zpwsftAHPkwBSujZ02mIXFAwt2keTUaLNWEkivmD320z7Bp8dVenKdiAKj0mw2CvlFrKcuqfBxNVMJHYgdcAxwdMSLrmv37ZNRr1/F7eJNAwmeTLwhWa5SiWdUyyTM5n0HIZPrhJNBCnG7031JTL/NB0ezAV7IDJifuV2XaqLA35OZ67L34Mj3QTM3FYWZO9RntumbuLcgENQLxewk9aj+TT+9Rna2KoTQofmsxtUT4P5Vtax26tqzDyOxe/3Y7Sj9MS/D8UHIWYhMIAeSBoFkvuySJGYQd6kOzz5NBJZQs/tDY/AwnAl9NG+/Dr7NRUEtH19kaZI4IwnUjmtjukYP3RBd0nlp4MkrqM2dWmxq119Ed9k5NERTMGJo8g+6DGmkt7nGlLPWTdnYl3i8LDpqmKQluuDN2vzR7HDTRCiKKuwPrVJIx7g18is3v442G3nsxc7etqUvCdsRbVeCphmYsd3ak/2Y5ykTiTXtS6D5FS1TXRXAAz6W3G7+p5xPHyBstXw7vjriWGcyolnuGhw1pibDloPEX9E0QafLXso8IKKXwTfkL1OsPxnAiwL67gsQPXl3yM2o4ZttNVrD5lKUkdsdf1++fvFp/u/KlHkzMMxNetFFtMnoxq2eRte3qblHGxwTdZ5XmIjNwsPxpEWW8YKXZxY1Wqkqr0N4eUqx5T0nESoKDGBEQa9f+QiSOGNhUUc0v8JcH/sPtvWmntqlQ6o4EManlAV6IB2ZgndDmk1Zx3v8mb0nKAPerUIr+6OMHShghpRhHW+wFtIYXbI1enV4d30hbGfftWms8/q+u8rKJQvMadxTEdLoEknUrydYwg26oJd4FmEUZPVG/0aeL8Q9AEnoS6nmyXUbkeKm+ta/r9nqvc/Co+CVpnQibiVJ8c4qlnGKqi9MlkdaBTXFx4MXmIoD8IgqoKiIm9zPQ4OALsy5ft/alI9N2mkMZ/Y1IyMi4cO+GxfPSrDToqoOtxipsfW8zXwSYN+21yo8fGRwBB7pTPj8jB5+K1JsjmmfWB04xjaxb+vDtKFogaE6FwfBtlwuEl1Jnp+skOriS8QaAtkLOqRKRtS8QQ3dlFSKd5f775689S3EJT4EZiqpBMzjy41+nBKj9hhh69Kq9GdAeY8DKTEjN9wnSng3CtTtWPtjCYDoDabP8NW6ee1t4+Y7NEBJpp63jmXJfqXuUZ/An2jJlC+SvVBGD3/NeoTXQLTo79OYAc/hawahiEPSn4cBDQbSDMSYDvJCKP19tT5vpBO7tisosfvoPkNMAs7BKYFjaVvSE2j5/6Wdu3Dt1a0zNJ/JQOd+J5JTTvAmLr26LOA7iunMI26WVD8kNzE9VB1HAwfA+PFIcbLtGPftUIGBgknnmoKr+u49RI7C6meOJDPTUGc1EpgBCjyNcbyyE/+rRc0AHvHNbgQRwniQJlfjg0vc1TfAKZ4CqMvxfjo69abrcSIKCkIS25/FziqHmnpXBEUw8kpB0wip35YI1ziPAeNh0gvp3yVaHGqzfOyg09uF0Sv5pMC4B7FpRg5QzTVe7B8CadJ23Bm5Ay01I9rtRZ8VoPyPfmX/5HOlCftTE6NVRI5/unpgjSC9izIu0bK2obNr8/Skdccs23ecmadajasH2WT+UUyq2bKa7+RjFVZ78mzPBkfRAytBSUVo/a/sKrrdDNFC3k9FRtom30FA2jNmzmcSQ07X54DHQ1fnUtT8ik1GtvkTi3q4Yd4VOBgf3NDZm3+hmd5De5wKfHvFnmXus+TiWh+hSeQgqjSd4SjadjxgEscwE2qYFkhzWyS5T0IWE6fPHhnZiJprlIVTtDgB8+4T6Wmzf8SVH/8njXbydXQzYB8LyGf6pUWzGYMGyrV8dXy6OdzfwPC/OgxQazc0jDBLTLSBUztR70alsg4hoGCRe+nvfS2abStfkcbnuzYgg/0yblbyltANN7mczbMDvxHq4MZBGyXk9MuC2ZyyPijSk1xqBmQgoysnJhTCtzhHs+Yfc/Xntmzbs+Ud9xGjbDiqtXF7xvs1R58/Fecw3yO4qYye4zQOQGj0wwoyZXmDv75/cMmoATgxY+Yytp00L4TiW/B3a2+lhydelRVJ2mM1yFwsk7us3cjcU85c3DivDl9GJPwvMKVbIh8i9phCLWHIQrYRXwg6ACJ+ITIuaEStjDYVk1wgnpUmZcMeEs8jMMlv35pkLWfAU3Wh7gzuTL6u92d/SPhjXnriPOxM9PVd0U17RmvCzt18rMj9R+etet/e0vKzDIMhpsYa71baY2XpAz3n+Wut0bFczdyb55UgE0LAqPvmfnkFyJl8rCf8DrKjdd/lkfdOEabGnJ/hINaKKxgmct02U1bNtw2m3XR1WynPvAw4EfYABU09poh+tGLWQBuHn/w7bkFTMW1/oZLiW73oQblj4751Z/WLdBHBAA31BqQRO2Spz4fV1y+VDR2TSgRujP8CfypWfk2EI0f9riw9GoU2K5MvYAHepvsrVFB/ydxvWLKtRC7HMK+s7MTwist5jG4nAZOsjC9akYL/tDwNB9GJcsPbop559Pjl+mx7fF+wXpOkpvxEW8HzmVE40Bl70aa9OnbkBWkx+Vme7Q0P5o4MPcWqJZ8rT9qq+2KeXuiQ27AJwd3z1B6ECAUIGgQrPRp8HB6Xq5kYIFfeqnygTMaUsVTfbFaeA79xg9ePq1TF0U0KuZfjBsqlgzR3ojxmCVyg5SLUTauxbFTtIcFFAqHFBcgxYa5f0BSm1t0MsIxfmctdiMukIliKqzH1RjIUIZ/a/963ADYqGE2bKzCq7+w9UQB8AauynHu+LjZrJtpzS1ZexkDggFoAva9fR2lh3Y1dvo98RRM0hw/UsUVZo2n5oICReL9vZi8VYssSRtSCuCM8VwEo78dejZb1kz9YKuQPuaBXJoZZQD5hJWGCFISHWrRMtujxfFM8TTE3iUhD82GzkdK0PcxR5rziXQZo5aBFnd3StjrT7sxVnU78UmXFQn7tyyG+e1dVLWQ+WPaEaj7a0sMSk79i71Rd8oLYdw2AiMRUPs9jYnWlhvXQLJVAxvsoE/XVICU56pCMV9dXIm5W80ZhPz6W6F+soEyVALaAvRLXwgWO2LbL8uBQJyjULBDtUqvRQ0ITKmlDVMtV8o/dGR7HHmr+2VmwgF5jiqOOYEFY0E8gqnFOkLFLBdaTiE9dIcZarrrHNYJp2Zfuf4zVIWEBRZWaz7iMo7aOsee1gnENhXNJXQvFbPVFn8lmGchFZeLZS9w0z6Szl/xBojhIW/8nbo8asqu46DwnkSpQ+bAg7WOkuohqls1i5et2xwowxIh+fWPnEh6OJFfWZ9C0CQ9q3VUwvmYsg4vHu5NFDuWuOSmvM4mkUMG7BWWuQzfWzFX+kCMy6Na+GG3fa4v4i0nWCG+q1CxLDm2twV8Hq1CesdigYLejyNNtg21+CC7lOab8pwYbS7vDIqp6ccWdj/g2k3AsjgkRyiMXY9lwDFAQvfeLjj2ZWuFV8d/1JLHkzMSAVO8lJEwjHnR0yPb7bHE/Z6oUkIopUcjzRjTKW5qGgWsoO1LqO6CTYg2IPtGY7J+HLuLafwnBTuT3RHITTssBf0afMWy8+U5cNS0YWlErfU/dN9rd5nguAh73AApmgbFkitwWm6d8x7DgWjuII/w0Dq8mPq4Np7g9HHc0NAf231CIVdNUQUbKlVTATn6XxdGLe64CVWgsM/jJXAQgvACoN3vjJ0iSllnos7ezQBVwLokpSwhZQKIA4ecFU3CsrDdmIjYrQ9/KjQSY8mWafeukyXYHmWbR0mQfo7Usap2rYIWjIVxscMmoRDIcMeF1W1OsXrFmXfLxs4KDaqjqLSJkAyP7CvqJVUohYrWD2Y72msadpHc0bPDWFsswNSlauvgRPsVTJg/UbsZF8gq/ls4naM6rYkzrwHYsNvrFQn0GlNigwDsF+hMWD21/OmJrv4qgD8a87cKIBgxq4EFWO4sCltQaepWfv8AwibP118hayvBrQlMDPvCSMoq93S+7+3yrjT8uUbh/cuqPatj7tFZdCyGD8ejOvYlXwj5fB7XP2qybr0sf3SKoSTHGaLiThkGXd2j1IA0CkIpS4/1m9TMxE+B+XZ3vHAk76rRvKq5UDQZaXBc1SDxYIVc0GEkcaRNTUuzherTpgLZkObxEfbSszgFywhq3xsw732hVnvlBCjU883U3elckWxdedqcCRepGLpZGCDjNYhNT6w6pl/Z0jGvScLUsBjF/vRANJ1W0tE9a96+H0pbEow+Kvx0Ndtmrh99xs/TPxk7pnKbIwlC6WItWr/Uw4sylaYN081yPfP5no9BPiQ0Raw5ZZgSZQm+KuuHDbh8vW1utuOgwok7kIi1itY8GFqHFvyIRIwL01XKUjwaO9Ck5PidUXrpWtl/N1NZfsmLrp12AWi+i69HnGHSJVhK7h2D0Eq6EQ3HXVLMcOQpOI90e7G2iTCYDa2NqNpH+M0Poymw4RKL5+frR5WJ+ZTQ2X2WJQz5rmeoof9zKSwkrUxFVGsMXxcxM1bQfoCEtAHwlkAjaiG0Y+9phB2aLCqncjL+fMDyivecrbuOtuZ/NOW2QM943DBuxHmhYe+NIpzTSTOjMJ9F1YFT7q585OoQ0EkHHSbE0rbeFo7zjcilWDRIsTrXKKw6yty8QkdfOX959HwUes8Bff/bY42K0VCNb1ndT0UKZFZiBMJVoE/Ah8VAfs+LmOMQkl5p8cB8WooppzHuZmHNoxpctUoTbw+ipJGfW8k9G9haMwcemFG4OuU5JM3WvxKqjCdDi+cyayPU0pbQBRJl9aYWu2whvwHsnXKn7jSd7bMsbRnoaXePRBp6ExB522NdjA0ft7PGFyDaQiBe6+SPSeavMxARN7QhrlPeuPRg+A0fwUxYzxKa5B512AdNgNWnBfQ6s0k13B9v2nZXvnONVcCV7FApK82zPmR2xAwKl/nJ+1mpYJc65C2QHBDWAJX7Z+CaUAkTof6ukXX7za3xienVWc26FtvVzVdjAKbsrlxYq5v4OBrBSW5919KkWm505mmRAESRWC9xAZN5oFNZ6EP5fYbZxWhqslYuztysc9SaoBUd2ooylFOfjJiPphnzeiocXOchGjWHqNJbFjkc9eoxFNSBLY+oLxhXoTMT+ekCLHerKukWwE/GmSVbMg5mJDomdIw8SnTfF4/DrIh/Ww6aPuUVRToRCjlomiURwrQcJkP4yCmpuT3vBfTi+86s5UqOTxkwXX7g2IK3xlM8ZQ68UeMHiDAErsxOo7OM+VtEsRWv38uUkyracRoe98u9RkO0v2BU7xFc8wv2JZYDK0HhM7GRVBubYwzDQ8vkkY2J2laIsCpH4DoOwCTyiUs4+q+iMIeFDxvjBqcYtsHO/k9UiUQHW+PthG+BFMDNB96fBuoY8pG2XzR62eqmocJH1GpN3HpBsDoNHQ6Xg0jU6MFSZ89WW5P3I1a6zFPOzGdy8+zhAzpymE1fnh/WQi6MbQcT6NYs4hSiDIJQZjShIyt0mbt6r9iSAB9LLIQDYokaR55EHhmwLRV67FFZ0mu4IA1loF+tYqHLHJfJ02n71qIoAWQhzwrL+wbcFvx4nn4OBTMs2vGBBpKtYzQgl0MIAzNJCqmAP4dnKENL8Rr6oM3WpKV7X91CshQ2ILep2q86i+RL10nYRE4hbicgXSyuZWufw7E2UStCEPqux8+QSK9QWl0085wZHT5SbZSGSwkHC0o92+Y1fRnohHxorZ0PL72WjC2cKdFyaxaijmLrvIldmwjX7DwNXlRfLq+9/kbBDf4lSWX9pLZzvPo1IL3EinsumUQWnNmbBloTKffoC6aCmaAPWBlUunbXFD9NT+VtYUHyFdHi+Q7YDpWSiQ3lill8Aaer+TcipSKVzxptsw/MgsIIvM9cAATVhOFYyn0MFHJg2Ac65Y3fberaOkO5XRe/djsOhf6oskqZwJNn1YvOs6JIVrbOJnS7EcFFvhJf3Bx0hIXD6DKNZ8S0HkAeP00/MILINoLGS0Re0PL2D2qf400RHDPicdyrpnp+P8fr4Z3l/7x13dDJEgHQR1pP37d51E/oui2jx7ZZQcbu/EK0nVtxP+t6FBZD7X5F4qx9Dt4P2tVWV4eGx4d7sN5MRjI6nv2Jwfp3bptEVwMoFt2ZLsiVZhgPCZsp8nsJmBrTN/4Bxk2u/DrI6F13/bmXfzNsfO9pdptjAji4fms4x4LkSHL8wqC//8RwwDw85o4NrEyiIfexKCT8YW8x5rTrBzYe9xCZCmR6g7dxS1/rtYU5p0P+C5y0E92BFbKi92d/4ncYsgTu2Ev8fIrcOIGdHxsfm63TynYSRp8VzPSULpVpA2KKUFj3yew2nOKI/nKe25FMgjUbHKmtxarXu/jJJ5prPS7mV79Ah0ERSus8Gg4bOu+Kn+kGr/TbXcHp0+VGRBLllSvEwCjHsai0pvpEjowkMFUoP9ARGsj9rbCN09Q7ZLUwMIgT0GEvMJkCpg0N7bX6TmkdlDEflyeYa1441cGqBHDf/dPC+QWftYxAsUm+DZCJNTm7fTBuOzuNUPn6eYmalOqW6gkerT+v2Bxq37KimgJvxgbY4Er80aa6BryaEplRmllMYznx4VpOBGlsgqtF2BIEPnP3Hx+dxGXZIPzEUS3kTLsePYJ+Ko1FXNksK2wwJSzHLOJEB5d4Or+5VYA+ygBi7nyjwB4TuP/laMAKudXtulJQgLM8OEUq3aH8GLDw4OEkjChBK5QV6F/YDO3blUaBbprAOOatMLVGjYTLq3o0/lCRbLR5TWN8MPhA/Qnqu9ZXnD/tKc43mwnkT0exhTH3zVkSKeurW0IMEqIqPvPQuCJXVrbIaBF0dyN+0mRb4OHEkXcxm3kA0MbSqUZugb7YmX3uTF3zailFU4u4HMTM8J+LJKJWXGH5qAL8Mlv8mKyusEsM6LvMlYqkc9/oiITC1+IT5wjYpXnT24woWZDcHSUuIs/19OuGKYuMoH8F06WoMJEnCa7Gk6arne1UOF2rSe3RjYC0j4kEDpB9XPJ6Jger7EbZBQqqim7J4Y8LwFlFNjgHiln5YxKsyysIMORFsjNON5o1Tkh5TrT/ogPBgmesjbvUE6SpXkX2v+1n+s8CWG9i1eG8Fzv44b+PPTXEOqWViRnJRUVsdAQituXGA3AJc0ytTA3Vyb8eKUwcxBHBE5UxsuQZTpcj+mwAB/W0EDeoQAe9Q7XRNf65dGj5zYrTZNZ23rqKWDoS6RNlkzf3vZeDVzQ1DT7zrjY/t4deaubBLsF3641iJEH0+IG0Z6lw21Rr63uB6nortfQ4sb+ausYGhYDi7VldwT0CSMTlvpoDcQ8Y+5i+iBvd+CiRMbRByF8LfcG5MnS5u+yz5x4YEF9qUnPVaDtP+CTc1fMpFANtNYtRlBNe1XgJi+vmvKyeKptilpW8JRgeC1ltXCO70fVKYApl7cT2ouZBa+gdHnENqSm/JXDGHhGH4JL0hjdMNssFZMM1wXvZJcqmT1c40k1/6FZHFDbtURTJ+7Poz7nPy3ErhJ3+tFWDiYPXAChvktUgTTJckPdZ3vlOT2eW6PHwozQv9k15sEzvKaBAc7glyH1s0AVtiZb900dNJgcHDqzimrwI6x5Rv7hc1DtV5zLpSQS5qN3mP1+dQtPhJD5oEuxHql6Ao+CJetqVa5Mj5yxbGxtHFvNr1Ytzv/7vzn1zuvdLDKXWR1bnG9hoDaJH0iwd8ZyHWVPGOC1mPLeBePt72rdRD15btoaTMbD4PIuiq+1C2Zr97IfP1gyYQ3qe7i1TuHQZHpcDK+sX9iXhz5+5oafQ467JYDbOenORBjibIFoXx8D1y8ri4gYOIXroTyMFgzzJ44Y1tUhA4e2LysRf5EwtWQnfMYpESnFqcY+5NQ9S29rj3eC+Ve5mAO77CpLVJ97mkQpIvIKaMx3yeuciU3Wv0IZ/Xfm7lEhczlbALo/HFIL/bxVFqDBNxzX6ucEho650i4webMBR57X872iXM57RfzKZiiaW61Kk4bP6DOjK8hYH8CsfVEkl2bQjO/fDa/mY6vvQUr8/UYqGsmy5kocJl9T0GC0pgsb1YhT4J7LlCO6cE9UIwqnjvFaT3/V3kNfIdircFkg0UPgWAQ2+zQKNXA5QQho907D7ewih78opzdxXf31jUvsJEFIkx1K/FF3vcS99W+9OL/ED5EbxMIJhXqztwfzc/iftzYNY8a/Dokxjh3kiwN32D3sq71fLL36MnoslnKTQdQ+7zZhGqGQf1FLSl0eqi073tJne7G6hrSXI1sw+ZBN1KEbGT8kctHw0Y15U7hRDpUM/LpGMOY3spj1h4E8fje8ihXWFH3eqw/MzLRxUSm7VqPrO9moFYYAfLz0zojcsI5pr9/AcLVhMYyiQb9YSYUJrAPhd+Z63Cy0d5rQAGZFS2OgZPX0YLAg5g0VetQ/5ipJRYkAzpqNDqKWRgfwhqszoiVYgLEprITzwG4DWHdHqIvlVhxRZ6FU8yWVD9fxhx0YEFbWK2q1MhWka+mCCLIdA3RiR/Tv2yzf3LffJjQUX+eGWV74GdMFF/TSDPlMO7jZ/Bis9FSjFzkgeQG16HrmhBF5RWv2QM6sbRJl1cJQdpGYMKsho9PboT4G7S7nFnXE55EQjrm9dJHc4XUe4CbvfwOr9FGixYHYwBZEHns+AZuFiXQal8IfqGtm4HacnPu0xXeXEWSKm0eofxBG4DOIY9zX7hWlV0Rh50ii9SScUwZrlwTfLb1elWIshGEWxZ3wF64QEbh8MeBA/74T1EvoWwuG4HyKkIZxNyPdQrVql/N3c1G1xI9AYrZ2e/qt+wMYG7CKa1ylBhQTNA5PocIoQOTScqroqkUDH6v2TscFXZ7yKZgwaFL4JlSzlChNEndWCUp64kl/0e6J/nm/SSFkMPJg4HT/RhWP+AFYlAogQZJt0NQ5RTZ3zVSybX4VbT1kxv62bxgeX4mEL8U6QsTGCrNWuYVNhcCZEwy/jO1S4BWCK3IfyxtXM5wbK2D7OQUXg7XXP9xTsvjCGzOiWXQDLfBPLxNP2xhcbMCwy3pdd1c91urgcDsyCcl34uMa4cCHvcTe+oN7F+Gp11k2zymhBsRL3xySVvx1mMtnPBpyTJCu59UTpoHr/bXuJ/gENCCb1JKo/iK3tw3AzoBzN1r6XWbPoYk3RdVhRRQsgLQLu+zbzsSodVGUDxlEkUGIjFfAzmMLUry0rv413Gn+/ZVOsfiVoVqAgcR85JP/gTV7t1hB1Lr3gFlinDVN00XRmV6eXdveJXpzILs3d3IZ7VOTEzn1lNBibHZ71b5S27IWaZKdUnR/iODEEo6ypie88MVHoNN7bQPnDUZcRXiM2o7ZqibpDXwQYkqdCIX+yS6J3JbG7kL3o6Tkievxv0RguuJIMNh/e+0Mzs79YuPIeTPS7UuWq1+zTbVn0myO/U5xEjYu79CcqeiUyXd5ISxe4Ul5iiSVEQuiRaGbFktFsXaOYuV4way2xQ6XoMGBT4KtwQZfk0HpzDla3F9VGc/LCJD1Jl+NP5InNplQz9sudoF2INnSKGpsz4Xi/YE32Wy1UN1NpgEFMDpyv0HCyysprLXz1njmLnpYq8z1Khf688fEqpJ9oDe+KjkrWvXZk+Fyw+HdcxwyU3Opa5SXGp2jbLF1bADFnuwZpeCeXzy/yaRkonAS6pXj8vQKzilsyTPiweoI7Y7fKQOTajRIndpNVduXBBJhCJBRMIw3S4TxbXYAx7gBphVUcq1IDLvw/2I7T4t3gzMZROg4KYiMKdRVk/8xpdViyZ5UAFrNqJTX32uMe06JFJW7F9X7StrcHx1ypEnnmlPedfFBtUczhvHpKVLMeQDDlxibISPpwDS3XZuMh/XfJcfgg6wO5XzjJhPLQjffZhj6cUMczkWXR9dJacV/xzKCIwYl2HF1ALExZksN9P0R6qA0I4j2QU4xBGcMMudhjdDbNOpqWWvGFbCjKlU7H0J6yt0vrNRPS72Tklv3c7YIKj32WoL800jXnoZwIC9eLjZ62bcdRpAsHMWU/14DwQtlzg11DNTGXETCoGJ2mbSCtFR9WnmxtFvRfMGK4h81y1KQZcyRHm9Y60RYRAbNdRZWocGk5sxJ4zHsAyEQEh588Z2xBPmpkebOh1XggQJo+eHb8HqtpVcZwtKFctStASclPWrIDT9qXQ6pCfD0KF5+94EDX93ZO9e6PGyLfCQzu2medzigVi+Cc2jY3Kby3JJa51pNFyeOIhkIR/7ReK+gxc+A6k9waZlyxSmV9mxs3TDq48SmD+z/ZUEPnUN6Mvg5W/ZEbqijmgn8o8ajGg5POTog2S3910sA+Tuu41HoQQvw3/Qs/KwAVLDF9RaoaCQhdA4JRy+oQ/vqFBqJJZ39GfIbGI7KYW32cOn2bNhkuqflIkk+U+W6F4Rewm0hy6Vvk1DOzHi+f+zu8rySdSqoLGvaKXJdPv+L+Uo6kef5X9RQ4sB+ZhbpZhE7MUZKdm2Syi8uzGVmQ+UC1Z22rn7tFav0GPS3a9LDeQMMhRBRF6j0OplNb2TcN6ynTErS8nqWkGJ27P4HRoLlPy8TN9IHnB6ICu/INPQtb5I3D/GLnoELdJVXWwCUhNfSUD0Dm3T86GwAH++/7ZxcPC3ibxc6j2glTHrMPsyRC7toq0iCSXyyiKC4NgTOPbwuQ8YABr699yGD8mNVh/mibbyiuCjbPBqoTa/XoVk34gYhNb1lU/hCCx2+xQezhQL8smiJYU65HVI5C0TeC1S8idpTBsJu9/22dCZKGPDoZ+gB+Nyogp9oXjlAY1CvsXkndUPuF8w34ic4QsJnNUaEeLwMVTkJTzCEdz4oEiRFGcZxCIpfBLvxQxrK9MZmfFfK5fnM/u0UKAV6ZoOVwhcK6eaIHiP2lFSvcGhiqDxsAD0QObJe8vuoXSi4nAxZcksPXrs1554Fd3HPobfqj3eWksKRpUQDPkYooJtoxm/RR57Bk7C6py0bshXZGW6a8wU79/6OP0wvvbDzVxBAyDqrH6JYNTejCVzr/ESrfVWd1r6BPZkhCMRdshwlF+pG4vGD5YrF6x3sKcKB+wD/rMJoswhfoL7Als8LX4c9FRPT9xDIhdSMeeTh6M6T2+syzERUjsjjH+g4P8b5/5KK+a+b/vHZ4K1SCIAYhg0Eju2xKIUH5MzeFcWbNf4KofG3NWb4WywUZuAyFIHWauZgRDCL2LW/ad55r57dDVGbE/4pe9baxTfEccbZFJsDxpK6FcEPeJ3qg/EkTh0rucqhqO+1nPcc3V52NLDAGIsuzJq1nUy3tu/R5T2cVvF1AxjwoiQfz4uEwj08sw4cLyLvgsBmlE3Q9xdV8UYWww1+sA5WisHkrSP2UfDo70iU9c573CmWr5uv4PXpE6PJ9dtDfphzPNOEscV1fTCllHGOSnyFA2txq50vG2IEuGzNt6lETVHkkndQGPS1n5oVZ2GJCl+IHR/edTZMRxAMkT3+85+qePCKNKGhkNBlITE4GDkfHskWLvuEp5Jz21kD+jgesuieOPHeLXiGzUTONJlAIPDRWH3rVgti1k+k2wDqUWF1WSBz9ReaD3jgC/bhJITRjHJz8VOujbc4cBYZ74XfwAerUW4Llem50qf0kKhHyyzRx18C7Ze363L/UG10o653OKtUJzAswuBOZ4VWRBiXuPptJzQsa0T1XkQipP6hakxMBo1CmSpfJ54MGc03TJLZSlBfMgqXxefuM8nEYKBknL2WrsuoqKtdbsCrynIAZXmlDFupqEPAnkQoODCcP+VOjPwJPBU1pHF6lVTKXdLENO3+FBbILadWmca7rMCTCRoJqWsmrYYHrAQNnfRNivD1czr2tm1L50pWuRCUTo7+7y9rcZe9fZak1VtKpIJoc940VBydR0j4JCru6sU9hRz+6azO1VfHvFe1zfcSIVbDimeybi+0eR/Np34JaQnIMLYhpw5dF8+ogcW/t4T6rPepPwvv7c8pZFC0qyJXf2Ln1rhoOpWkBAUROK1NfBRt74sKM2J7SYhDnmabhmJcUy6pQiqVrFJAP2NpGqNBD8hu06xgMQPMMJImJpercrj9cka9g7FWjQPJLW34VDZwbvu5WDgem8uCeDwOIWkwCdpA3xqBjQPIW/pTm3PD9gJcsCuVMdStYFLuROOUsqoqqjZ0crPR0otLR3QXGJP7R0ROMtHtS4rAXyl1tU/jeHGd42vyFsrB/LFIjsTyK0Vz8zPv2r+Q+OoLA0DKxLzx9oaRgct8Jh5Nue7xD9b24boqBhzZDYcVQ0Y8Z1r4zyb/y3RMNmcamZDXN9YNS6su+hgm9wtIEPsftGCxplqjyTOar6F+Dkffo8QFhu4JKOCi6kapyU64YgJfb50jj77OuuO59JMpWnKbzSSwuSzATTGajqFJ3/rytUbE0dxltECMm5/4kFVTvkHwaRaQjdVczMJdqnRgUL9uh135CBvdXtV8s3tkn3qXElY1AmGxQJ8zOx5Kf7afNrAaMXSTE+sX8cOzgNFHNMogVriN5DeAi+CgaC7g7Za+q+WaBNuzmTBfTomDhq1eYHMZDbiBwucJ92Uv4SQOzTanC7PPoD+uewDnzlrsAdot3vy6Cq6ZIM65EO5QS/X0pWweY67OqLkzNtW4P/9eIoq5xEm9rAa+bxybYUVXO/cIJ9P9Qwyypv3yUaMrPjocJnKuBKnysQNdh2drwLalp+b0CtgiuzM6ZKKlWJPeyxK7JxV0VkWKqK+S/ETdHR264hOUalrwO7Etfflanh8RJZ1UYa0tbCKOv/Vo/EdQp0TOVwSB7xIE6OP98pTgxIXqohIRlPBK+5Pbid7SK88kHeoNNs04t1c2Ot1OjIikA4WiLTTXIHaAQ0QCmJmFrdZNgULrGmP2zo3FYbtS+0dWRNkOE6xPEwl6xdkuO+SjoLwG8MN2u82FGbAFb2qM1zanyq52pF6Bvxxik7o9e3AYEpDn5N5YtLf+DY+NPGD3DPCTaUePMiMLaDLxUTYsp4r/26nb4i61y2q8C5dE9fc6OsMdg0OFobH5YyXDhedvsx+jNMuXe8a1XxlXLhFBWsQDBwVfqOTWPA/49yl3SzFQmwpKzdu9MuhFZp/sBV95P4qZA3ZTKw2Q9AMJhnkzjTnobA6Hvz4nqL5TwwKIv6TMThsxSLbl34e/f8D8kK+CD8sT2MupcPuesCaxfmCFooKYOOiXq/OL4kvpyuExqJYjoDGfMO77y+oEKGWZp0hav5sgx69TpOQZgZRa8jbpvlt4Ujzjn78Lr0ONp5pEjjDa9U/+ctuamMIndrA8gFemcUQx/heR13xaH2PAY/Y4Q8Ma4Seu3UkrNwlDdDGqcGoRGzFVnEiYqRWm8KzdTu0Ncv+UHQ8q1t/z3P8x5ZaIgEu33Gosq4iAVKvifp3iaPjiR9NXgs5554LRbv/RBccgxulxMuinj81NOayMuibjGj+keDhXxY7ib7mEFkfVP9dCw/JJIoQGSHj1yz62IPSlDJyTjU9812Mw1atDMYLbEKmSbRmB+Xcb7LtzTHw9fWz7/wtscOKeSh+VmFEnwiBUMWXBvXQMsfDvULYjLSpmgs60xe558p+mCkQIapInB6f3z0u6N/2kgQuB6585EqMpmTWkXoseqPB3KcAZXf4Yzv21akruAIVroX1oplvtA==</Value></TokenEntry></Values></UseKey><Claims><Values xmlns:q1=""http://schemas.xmlsoap.org/ws/2004/04/security/trust"" soapenc:arrayType=""q1:TokenEntry[17]""><TokenEntry><Name>SessionKey</Name><Value>Fi5cwWKSEEEeOZ94ZR1kjhJzbKdJScljvHVYdr0mGP0lwZGraH2C68+Xevytuts3+cgLiuNXv6Su2P+PDQeC5NDLfhhAU7TQ5p0BqGzIZAdiggBlH44L1flz7oHvnL2NnHHwQMZhjUHYXsbxn6H98MjTWVhZi91jotUu+XoThnExT1nBi5gbCXhueJscGSWgjsMlwwQ3V0Og+nnQv6trHbi18jvYRgoF9s+wH+NH0rqmFwp5T4pg8lcBGV/sxWx+HuaFXRfYFybs0q1yz8irxA0vJzLFdYULnof+q2MABTi4Bw6Vs1OjtzQ729rub5F5d125/c6J44zhyUYcgPYSVA==</Value></TokenEntry><TokenEntry><Name>BindingType</Name><Value>cBjSYxhe7M9sa7f+LKynRDkgmLF8+vrT9EnUxUqdh7A=</Value></TokenEntry><TokenEntry><Name>Binding</Name><Value>kjfDnmhHHxAHJWugIF8NepcuVJJa5yyVciMA+FtUoFigQFAyPYT957PnWcDbXZ5g9Kb1Q7osPPvU0eiFh/PMPfFz9zf15hk7cRULcB8iNjQ=</Value></TokenEntry><TokenEntry><Name>ProductKey</Name><Value>fs23P97oiMOMKd44kSVH1CFWW3NIzsrtKq11a7tyAyw=</Value></TokenEntry><TokenEntry><Name>ProductKeyType</Name><Value>cBjSYxhe7M9sa7f+LKynRFYH3hzG5qcNfoEn2VY3FAg=</Value></TokenEntry><TokenEntry><Name>ProductKeyActConfigId</Name><Value>Yx71tnFZGAoy0/C2+cWlVhnwPLOWHnYzL1/cl5jUCqR+O+Co9SdGPsMKGIrU7JWMpWixg5GKLQXeh0hEjPdtqbAqrSFO2Zpgrsz49EJFBVw=</Value></TokenEntry><TokenEntry><Name>SppSvcVersion</Name><Value>iLs/vYUdPx8wFbFZjSUPzA==</Value></TokenEntry><TokenEntry><Name>otherInfoPublic.licenseCategory</Name><Value>1bWRbMoY+uaMLOo2/mAExhuJ4dL9MaRlGMBlp3BpmyA=</Value></TokenEntry><TokenEntry><Name>otherInfoPrivate.licenseCategory</Name><Value>1bWRbMoY+uaMLOo2/mAExvtFeO/ObihsTv4CtuzeXmA=</Value></TokenEntry><TokenEntry><Name>otherInfoPublic.sysprepAction</Name><Value>i8Gu94JXi0xqEhOI+MoW6A==</Value></TokenEntry><TokenEntry><Name>otherInfoPrivate.sysprepAction</Name><Value>i8Gu94JXi0xqEhOI+MoW6A==</Value></TokenEntry><TokenEntry><Name>ClientInformation</Name><Value>cDmPtGKa1EmzYfyWkokVdppX4NjbAkZEhGj2Y/7l0cSOF91erqyD6jWnG4PT7Z9fdKmM5I/t6nvWji49kWExdA==</Value></TokenEntry><TokenEntry><Name>ReferralInformation</Name><Value>z6komgGn3s9GEfuh88xrJIV6rnaSKYgLmQMQl9fhE8D9Fn5TibihpLql3w8YaYvIZrhiXb/gfsNSsFe7s0MtBw==</Value></TokenEntry><TokenEntry><Name>ClientSystemTime</Name><Value>zZUkZZnVIjqRyQfK9hkCGn2hUvEUjLALiPdmQrQNYjY=</Value></TokenEntry><TokenEntry><Name>ClientSystemTimeUtc</Name><Value>zZUkZZnVIjqRyQfK9hkCGn2hUvEUjLALiPdmQrQNYjY=</Value></TokenEntry><TokenEntry><Name>otherInfoPublic.secureStoreId</Name><Value>4kaajmJwguT6Tho2ihs5X60rwyfCUGwe/LEc/RkupnTAiY5KMHE6mhR8ZbutdOMG</Value></TokenEntry><TokenEntry><Name>otherInfoPrivate.secureStoreId</Name><Value>4kaajmJwguT6Tho2ihs5X60rwyfCUGwe/LEc/RkupnTAiY5KMHE6mhR8ZbutdOMG</Value></TokenEntry></Values></Claims></RequestSecurityToken></soap:Body></soap:Envelope>)
00010002(0x80072EE7, 12:38:22:874 - <NULL>)
00010003(0x80072EE7, 12:38:22:874)
",,,,,,,,,,,,,,,,,,,,,,,,,,,,,,,,,,,,,,,,,,,,,,,,,,,,,,,,,,,,,,,,,,,,,,,,,,,,,,,,,,,,,,,
2026-06-03T19:38:22.966344Z,"{'#attributes': {'Qualifiers': 49152}, '#text': 1014}",dc.danglingtree.htb,Microsoft-Windows-Security-SPP,Application,2072,2,,,,,,,,,,,,,,,,,,,,,,,,hr=0x80072EE7,753c53a2-4274-4339-8c2e-f66c0b9646c5,,,,,,,,,,,,,,,,,,,,,,,,,,,,,,,,,,,,,,,,,,,,,,,,,,,,,,,,,,,,,,,,,,,,,,,,,,,,,,,,,,,,,,,
2026-06-03T19:38:24.021290Z,"{'#attributes': {'Qualifiers': 0}, '#text': 1000}",dc.danglingtree.htb,VGAuth,Application,2073,0,,,,,,,,,,,,,,,,,,,,,,,vmtoolsd: Username and password successfully validated for 'administrator',,,,,,,,,,,,,,,,,,,,,,,,,,,,,,,,,,,,,,,,,,,,,,,,,,,,,,,,,,,,,,,,,,,,,,,,,,,,,,,,,,,,,,,,,
2026-06-03T19:38:24.389181Z,"{'#attributes': {'Qualifiers': 16384}, '#text': 1003}",dc.danglingtree.htb,Microsoft-Windows-Security-SPP,Application,2074,4,,,,,,,,,,,,,,,,,,,,,,,,55c92734-d682-4d71-983e-d6ec3f16059f,"
1: 753c53a2-4274-4339-8c2e-f66c0b9646c5, 1, 1 [(0 [0xC004E003, 0, 0], [( 2 0xC004F00F 0 0 msft:rm/algorithm/hwid/4.0 0x00000000 0)( 1 0x00000000)(?)( 2 0xC004F00F 0 0 msft:rm/algorithm/hwid/4.0 0x00000000 0)(?)(?)( 10 0x00000000 msft:rm/algorithm/flags/1.0)(?)])(1 )(2 )(3 [0x00000000, 0, 0], [( 6 0xC004F009 10 0)( 1 0x00000000)( 6 0xC004F009 10 0)(?)(?)(?)( 10 0x00000000 msft:rm/algorithm/flags/1.0)( 11 0x00000000 0xC004F00F)])]

",,,,,,,,,,,,,,,,,,,,,,,,,,,,,,,,,,,,,,,,,,,,,,,,,,,,,,,,,,,,,,,,,,,,,,,,,,,,,,,,,,,,,,,
2026-06-03T19:38:24.944985Z,"{'#attributes': {'Qualifiers': 49152}, '#text': 8198}",dc.danglingtree.htb,Microsoft-Windows-Security-SPP,Application,2075,2,,,,,,,,,,,,,,,,,,,,,,,,hr=0x8007139F,RuleId=3482d82e-ca2c-4e1f-8864-da0267b484b2;Action=AutoActivate;AppId=55c92734-d682-4d71-983e-d6ec3f16059f;SkuId=753c53a2-4274-4339-8c2e-f66c0b9646c5;NotificationInterval=1440;Trigger=TimerEvent,,,,,,,,,,,,,,,,,,,,,,,,,,,,,,,,,,,,,,,,,,,,,,,,,,,,,,,,,,,,,,,,,,,,,,,,,,,,,,,,,,,,,,,
2026-06-03T19:38:29.252356Z,"{'#attributes': {'Qualifiers': 0}, '#text': 102}",dc.danglingtree.htb,ESENT,Application,2076,4,,,,,,,,,,,,,,,,,,,,,,,,certsrv.exe,"3800,P,98,0",,0,10,00,26100,0000,,,,,,,,,,,,,,,,,,,,,,,,,,,,,,,,,,,,,,,,,,,,,,,,,,,,,,,,,,,,,,,,,,,,,,,,,,,,,,,,,
2026-06-03T19:38:29.391026Z,"{'#attributes': {'Qualifiers': 0}, '#text': 105}",dc.danglingtree.htb,ESENT,Application,2077,4,,,,,,,,,,,,,,,,,,,,,,,,certsrv.exe,"3800,D,0,0",,0,0.167,"
[1] 0.001020 +J(0) +M(C:0K, Fs:123, WS:476K # 476K, PF:2492K # 2216K, P:2492K)
[2] 0.000601 +J(0) +M(C:3200K, Fs:171, WS:668K # 668K, PF:4184K # 4184K, P:4184K)
[3] 0.000031 +J(0) +M(C:0K, Fs:6, WS:24K # 24K, PF:64K # 64K, P:64K)
[4] 0.000191 +J(0) +M(C:0K, Fs:60, WS:240K # 240K, PF:512K # 512K, P:512K)
[5] 0.000778 +J(0) +M(C:0K, Fs:45, WS:180K # 180K, PF:20K # 20K, P:20K)
[6] 0.136170 +J(0) +M(C:0K, Fs:34, WS:132K # 132K, PF:16K # 16K, P:16K)
[7] 0.014960 -0.011162 (3) WT +J(0) +M(C:0K, Fs:280, WS:1120K # 1120K, PF:1024K # 1024K, P:1024K)
[8] -
[9] -
[10] -
[11] -
[12] -
[13] 0.011769 -0.009448 (4) WT +J(CM:0, PgRf:0, Rd:0/0, Dy:0/0, Lg:616/1) +M(C:0K, Fs:26, WS:-932K # 72K, PF:-952K # 72K, P:-952K)
[14] 0.000028 +J(0) +M(C:0K, Fs:2, WS:8K # 0K, PF:0K # 0K, P:0K)
[15] 0.000320 +J(0) +M(C:0K, Fs:101, WS:404K # 0K, PF:64K # 0K, P:64K)
[16] 0.000820 -0.000539 (1) WT +J(0) +M(C:0K, Fs:2, WS:0K # 0K, PF:0K # 0K, P:0K).","RBSOn = 0
",,,,,,,,,,,,,,,,,,,,,,,,,,,,,,,,,,,,,,,,,,,,,,,,,,,,,,,,,,,,,,,,,,,,,,,,,,,,,,,,,,
2026-06-03T19:38:29.431382Z,"{'#attributes': {'Qualifiers': 0}, '#text': 326}",dc.danglingtree.htb,ESENT,Application,2078,4,,,,,,,,,,,,,,,,,,,,,,,,certsrv.exe,"3800,D,50,0",,1,C:\WINDOWS\system32\CertLog\danglingtree-DC-CA.edb,0,"
[1] 0.000007 +J(0) +M(C:0K, Fs:1, WS:4K # 0K, PF:0K # 0K, P:0K)
[2] 0.001292 -0.000705 (1) WT +J(0) +M(C:0K, Fs:21, WS:20K # 0K, PF:4K # 0K, P:4K)
[3] 0.023830 -0.016855 (6) WT +J(CM:0, PgRf:0, Rd:0/0, Dy:0/0, Lg:3480/2) +M(C:0K, Fs:33, WS:128K # 0K, PF:120K # 0K, P:120K)
[4] 0.002761 +J(0) +M(C:0K, Fs:1, WS:4K # 0K, PF:0K # 0K, P:0K)
[5] -
[6] 0.001927 -0.001663 (2) CM -0.001470 (2) WT +J(CM:2, PgRf:2, Rd:0/2, Dy:0/0, Lg:0/0) +M(C:0K, Fs:43, WS:172K # 0K, PF:132K # 0K, P:132K)
[7] 0.000007 +J(0)
[8] 0.002154 -0.001474 (1) CM -0.001454 (1) WT +J(CM:1, PgRf:1, Rd:14/0, Dy:0/0, Lg:0/0) +M(C:0K, Fs:37, WS:148K # 0K, PF:196K # 0K, P:196K)
[9] -
[10] -
[11] -
[12] 0.000020 +J(CM:0, PgRf:0, Rd:0/0, Dy:0/0, Lg:54/1) +M(C:0K, Fs:2, WS:8K # 0K, PF:20K # 0K, P:20K)
[13] 0.001228 -0.000858 (2) CM -0.000768 (2) WT +J(CM:2, PgRf:23, Rd:0/2, Dy:0/0, Lg:0/0) +M(C:0K, Fs:21, WS:84K # 60K, PF:4K # 0K, P:4K)
[14] 0.000629 -0.000404 (1) CM -0.000295 (1) WT +J(CM:1, PgRf:40, Rd:0/1, Dy:0/0, Lg:0/0) +M(C:0K, Fs:8, WS:32K # 32K, PF:72K # 0K, P:72K)
[15] 0.000012 +J(CM:0, PgRf:1, Rd:0/0, Dy:0/0, Lg:0/0)
[16] 0.000015 +J(CM:0, PgRf:1, Rd:0/0, Dy:0/0, Lg:0/0) +M(C:0K, Fs:1, WS:4K # 4K, PF:0K # 0K, P:0K)
[17] 0.000074 +J(CM:0, PgRf:42, Rd:0/0, Dy:0/0, Lg:0/0) +M(C:0K, Fs:6, WS:24K # 24K, PF:0K # 0K, P:0K)
[18] 0.000001 +J(0)
[19] 0.000001 +J(0)
[20] 0.000032 +J(CM:0, PgRf:3, Rd:0/0, Dy:0/0, Lg:0/0) +M(C:0K, Fs:3, WS:12K # 12K, PF:0K # 0K, P:0K).",0 0,"lgposAttach = 00000002:0095:0268,
dbv = 1568.300.620 (9620)",,,,,,,,,,,,,,,,,,,,,,,,,,,,,,,,,,,,,,,,,,,,,,,,,,,,,,,,,,,,,,,,,,,,,,,,,,,,,,,,
2026-06-03T19:38:29.442246Z,"{'#attributes': {'Qualifiers': 0}, '#text': 102}",dc.danglingtree.htb,ESENT,Application,2079,4,,,,,,,,,,,,,,,,,,,,,,,,DFSRs,"3860,P,98,0",\\.\C:\System Volume Information\DFSR\database_E634_3FD1_343F_A409\dfsr.db: ,0,10,00,26100,0000,,,,,,,,,,,,,,,,,,,,,,,,,,,,,,,,,,,,,,,,,,,,,,,,,,,,,,,,,,,,,,,,,,,,,,,,,,,,,,,,,
2026-06-03T19:38:29.504800Z,"{'#attributes': {'Qualifiers': 0}, '#text': 105}",dc.danglingtree.htb,ESENT,Application,2080,4,,,,,,,,,,,,,,,,,,,,,,,,DFSRs,"3860,D,0,0",\\.\C:\System Volume Information\DFSR\database_E634_3FD1_343F_A409\dfsr.db: ,0,0.078,"
[1] 0.012642 +J(0) +M(C:0K, Fs:303, WS:1180K # 1180K, PF:6588K # 6580K, P:6588K)
[2] 0.000916 +J(0) +M(C:16K, Fs:104, WS:408K # 408K, PF:320K # 320K, P:320K)
[3] 0.000149 +J(0) +M(C:0K, Fs:2, WS:4K # 4K, PF:68K # 68K, P:68K)
[4] 0.000403 +J(0) +M(C:2032K, Fs:45, WS:176K # 176K, PF:2436K # 2436K, P:2436K)
[5] 0.001500 +J(0) +M(C:0K, Fs:13, WS:52K # 52K, PF:20K # 20K, P:20K)
[6] 0.001351 +J(0) +M(C:0K, Fs:13, WS:52K # 52K, PF:12K # 12K, P:12K)
[7] -
[8] -
[9] -
[10] -
[11] -
[12] -
[13] 0.055742 -0.037830 (22) WT +J(CM:0, PgRf:0, Rd:0/0, Dy:0/0, Lg:616/1) +M(C:0K, Fs:1519, WS:856K # 5952K, PF:8K # 5136K, P:8K)
[14] 0.000026 +J(0) +M(C:0K, Fs:1, WS:4K # 0K, PF:0K # 0K, P:0K)
[15] 0.000225 +J(0) +M(C:0K, Fs:66, WS:260K # 0K, PF:68K # 0K, P:68K)
[16] 0.005193 -0.000182 (3) WT +J(0) +M(C:0K, Fs:3, WS:4K # 0K, PF:0K # 0K, P:0K).","RBSOn = 0
",,,,,,,,,,,,,,,,,,,,,,,,,,,,,,,,,,,,,,,,,,,,,,,,,,,,,,,,,,,,,,,,,,,,,,,,,,,,,,,,,,
2026-06-03T19:38:30.332090Z,"{'#attributes': {'Qualifiers': 0}, '#text': 325}",dc.danglingtree.htb,ESENT,Application,2081,4,,,,,,,,,,,,,,,,,,,,,,,,DFSRs,"3860,D,35,0",\\.\C:\System Volume Information\DFSR\database_E634_3FD1_343F_A409\dfsr.db: ,1,\\.\C:\System Volume Information\DFSR\database_E634_3FD1_343F_A409\dfsr.db,0,"
[1] 0.000186 +J(0) +M(C:0K, Fs:3, WS:12K # 0K, PF:8K # 0K, P:8K)
[2] 0.004272 -0.001397 (1) WT +J(CM:0, PgRf:0, Rd:0/0, Dy:0/0, Lg:3480/2) +M(C:0K, Fs:2, WS:8K # 0K, PF:0K # 0K, P:0K)
[3] 0.009495 -0.000003 (3) WT +J(0) +M(C:0K, Fs:12, WS:40K # 0K, PF:20K # 0K, P:20K)
[4] 0.002227 +J(0) +M(C:0K, Fs:2, WS:8K # 0K, PF:0K # 0K, P:0K)
[5] 0.012499 -0.010622 (3) WT +J(CM:0, PgRf:3, Rd:0/0, Dy:3/6, Lg:122/4) +M(C:0K, Fs:72, WS:280K # 0K, PF:268K # 0K, P:268K)
[6] 0.006965 -0.002985 (2) WT +J(CM:0, PgRf:215, Rd:0/0, Dy:12/420, Lg:24454/461) +M(C:0K, Fs:84, WS:336K # 0K, PF:224K # 0K, P:224K)
[7] 0.003929 -0.002553 (3) WT +J(CM:0, PgRf:0, Rd:0/0, Dy:0/0, Lg:4096/3) +M(C:0K, Fs:6, WS:16K # 0K, PF:0K # 0K, P:0K)
[8] 0.000005 +J(0)
[9] 0.736208 -0.735173 (4) WT +J(0) +M(C:-52K, Fs:10, WS:-44K # 0K, PF:-68K # 0K, P:-68K)
[10] 0.048064 -0.012454 (7) WT +J(CM:0, PgRf:385, Rd:0/0, Dy:7/109, Lg:20701/156) +M(C:12K, Fs:60, WS:232K # 0K, PF:104K # 0K, P:104K)
[11] 0.000005 +J(0).",0 0,"lgposCreate = 00000001:0001:0268,
dbv = 1568.300.620 (9620)",,,,,,,,,,,,,,,,,,,,,,,,,,,,,,,,,,,,,,,,,,,,,,,,,,,,,,,,,,,,,,,,,,,,,,,,,,,,,,,,
2026-06-03T19:38:31.264918Z,77,dc.danglingtree.htb,Microsoft-Windows-CertificationAuthority,Application,2082,3,,,,,,,,,,,,,,,,,,,,,,,,,,,,,,,,,,,,,,,,,,,,,,,,,,,,,,,,,,,,,,,,,,,,,,,Windows default,,,,,,,,,,,,,,,,,,,,,,,"The RemoteAccessVPN Certificate Template could not be loaded.  Element not found. 0x80070490 (WIN32: 1168 ERROR_NOT_FOUND).
",,MSG_POLICY_LOG_WARNING,,,,,,,,,,,,,,,,
2026-06-03T19:38:31.298837Z,77,dc.danglingtree.htb,Microsoft-Windows-CertificationAuthority,Application,2083,3,,,,,,,,,,,,,,,,,,,,,,,,,,,,,,,,,,,,,,,,,,,,,,,,,,,,,,,,,,,,,,,,,,,,,,,Windows default,,,,,,,,,,,,,,,,,,,,,,,"The EmployeeAuthTemplate Certificate Template could not be loaded.  Element not found. 0x80070490 (WIN32: 1168 ERROR_NOT_FOUND).
",,MSG_POLICY_LOG_WARNING,,,,,,,,,,,,,,,,
2026-06-03T19:38:31.320783Z,77,dc.danglingtree.htb,Microsoft-Windows-CertificationAuthority,Application,2084,3,,,,,,,,,,,,,,,,,,,,,,,,,,,,,,,,,,,,,,,,,,,,,,,,,,,,,,,,,,,,,,,,,,,,,,,Windows default,,,,,,,,,,,,,,,,,,,,,,,"The VPNUserTemplate Certificate Template could not be loaded.  Element not found. 0x80070490 (WIN32: 1168 ERROR_NOT_FOUND).
",,MSG_POLICY_LOG_WARNING,,,,,,,,,,,,,,,,
2026-06-03T19:38:33.530656Z,26,dc.danglingtree.htb,Microsoft-Windows-CertificationAuthority,Application,2085,4,,,,,,,,,,,,,,,,,danglingtree-DC-CA,,,,dc.danglingtree.htb,  DC=,,,,,,,,,,,,,,,,,,,,,,,,,,,,,,,,,,,,,,,,,,,,,,,,,,,,,,,,,,,,,,,,,,,,,,,,,,MSG_I_SERVER_STARTED,,,,,,,,,,,,,,,,
2026-06-03T19:38:34.708336Z,1016,dc.danglingtree.htb,Microsoft-Windows-Perflib,Application,2086,3,,,,,,,,,,,,,0x2a3de4f0f1c,3956,,,,,,,,,,,,,,,,,,,,,,,,,,,,,,,,,C:\WINDOWS\system32\dnsperf.dll,,,,,,,,,,,,,,,,,,,,,,,,,,,,,,,,,,,,,DNS,,,,,,,,,,,,,,,,,,,,,,,,,,,,
