2026-03-26T06:17:15.761209Z,132,dc.danglingtree.htb,Microsoft-Windows-WinRM,Microsoft-Windows-WinRM/Operational,2063,4,,,,,Enumeration,,
2026-03-26T06:17:15.762618Z,145,dc.danglingtree.htb,Microsoft-Windows-WinRM,Microsoft-Windows-WinRM/Operational,2064,4,,,,,Enumeration,,http://schemas.microsoft.com/wbem/wsman/1/Config/Plugin
2026-03-26T06:17:15.765674Z,254,dc.danglingtree.htb,Microsoft-Windows-WinRM,Microsoft-Windows-WinRM/Operational,2065,4,,,,,,,
2026-03-26T06:17:15.765676Z,132,dc.danglingtree.htb,Microsoft-Windows-WinRM,Microsoft-Windows-WinRM/Operational,2066,4,,,,,Enumeration,,
2026-03-26T06:17:15.766466Z,145,dc.danglingtree.htb,Microsoft-Windows-WinRM,Microsoft-Windows-WinRM/Operational,2067,4,,,,,Enumeration,,http://schemas.microsoft.com/wbem/wsman/1/Config/Plugin
2026-03-26T06:17:15.768653Z,254,dc.danglingtree.htb,Microsoft-Windows-WinRM,Microsoft-Windows-WinRM/Operational,2068,4,,,,,,,
2026-03-26T06:17:15.768655Z,132,dc.danglingtree.htb,Microsoft-Windows-WinRM,Microsoft-Windows-WinRM/Operational,2069,4,,,,,Enumeration,,
2026-03-26T06:17:15.769629Z,145,dc.danglingtree.htb,Microsoft-Windows-WinRM,Microsoft-Windows-WinRM/Operational,2070,4,,,,,Enumeration,,http://schemas.microsoft.com/wbem/wsman/1/Config/Plugin
2026-03-26T06:17:15.771876Z,254,dc.danglingtree.htb,Microsoft-Windows-WinRM,Microsoft-Windows-WinRM/Operational,2071,4,,,,,,,
2026-03-26T06:17:15.771877Z,132,dc.danglingtree.htb,Microsoft-Windows-WinRM,Microsoft-Windows-WinRM/Operational,2072,4,,,,,Enumeration,,
2026-03-26T06:17:15.772748Z,145,dc.danglingtree.htb,Microsoft-Windows-WinRM,Microsoft-Windows-WinRM/Operational,2073,4,,,,,Enumeration,,http://schemas.microsoft.com/wbem/wsman/1/Config/Plugin
2026-03-26T06:17:15.775192Z,254,dc.danglingtree.htb,Microsoft-Windows-WinRM,Microsoft-Windows-WinRM/Operational,2074,4,,,,,,,
2026-03-26T06:17:15.775193Z,132,dc.danglingtree.htb,Microsoft-Windows-WinRM,Microsoft-Windows-WinRM/Operational,2075,4,,,,,Enumeration,,
2026-03-26T06:17:15.775893Z,145,dc.danglingtree.htb,Microsoft-Windows-WinRM,Microsoft-Windows-WinRM/Operational,2076,4,,,,,Enumeration,,http://schemas.microsoft.com/wbem/wsman/1/Config/Plugin
2026-03-26T06:17:15.778547Z,254,dc.danglingtree.htb,Microsoft-Windows-WinRM,Microsoft-Windows-WinRM/Operational,2077,4,,,,,,,
2026-03-26T06:17:15.778548Z,132,dc.danglingtree.htb,Microsoft-Windows-WinRM,Microsoft-Windows-WinRM/Operational,2078,4,,,,,Enumeration,,
2026-03-26T06:17:15.779670Z,145,dc.danglingtree.htb,Microsoft-Windows-WinRM,Microsoft-Windows-WinRM/Operational,2079,4,,,,,Enumeration,,http://schemas.microsoft.com/wbem/wsman/1/Config/Plugin
2026-03-26T06:17:15.782009Z,254,dc.danglingtree.htb,Microsoft-Windows-WinRM,Microsoft-Windows-WinRM/Operational,2080,4,,,,,,,
2026-03-26T06:17:15.782010Z,132,dc.danglingtree.htb,Microsoft-Windows-WinRM,Microsoft-Windows-WinRM/Operational,2081,4,,,,,Enumeration,,
2026-03-26T06:17:15.782779Z,145,dc.danglingtree.htb,Microsoft-Windows-WinRM,Microsoft-Windows-WinRM/Operational,2082,4,,,,,Enumeration,,http://schemas.microsoft.com/wbem/wsman/1/Config/Plugin
2026-03-26T06:17:15.784891Z,254,dc.danglingtree.htb,Microsoft-Windows-WinRM,Microsoft-Windows-WinRM/Operational,2083,4,,,,,,,
2026-03-26T06:17:15.784892Z,132,dc.danglingtree.htb,Microsoft-Windows-WinRM,Microsoft-Windows-WinRM/Operational,2084,4,,,,,Enumeration,,
2026-03-26T06:17:15.785558Z,145,dc.danglingtree.htb,Microsoft-Windows-WinRM,Microsoft-Windows-WinRM/Operational,2085,4,,,,,Enumeration,,http://schemas.microsoft.com/wbem/wsman/1/Config/Plugin
2026-03-26T06:17:15.787761Z,254,dc.danglingtree.htb,Microsoft-Windows-WinRM,Microsoft-Windows-WinRM/Operational,2086,4,,,,,,,
2026-03-26T06:17:15.787762Z,132,dc.danglingtree.htb,Microsoft-Windows-WinRM,Microsoft-Windows-WinRM/Operational,2087,4,,,,,Enumeration,,
2026-03-26T06:17:15.789066Z,145,dc.danglingtree.htb,Microsoft-Windows-WinRM,Microsoft-Windows-WinRM/Operational,2088,4,,,,,Enumeration,,http://schemas.microsoft.com/wbem/wsman/1/Config/Plugin
2026-03-26T06:17:15.791343Z,254,dc.danglingtree.htb,Microsoft-Windows-WinRM,Microsoft-Windows-WinRM/Operational,2089,4,,,,,,,
2026-03-26T06:17:15.791344Z,132,dc.danglingtree.htb,Microsoft-Windows-WinRM,Microsoft-Windows-WinRM/Operational,2090,4,,,,,Enumeration,,
2026-03-26T06:17:15.791989Z,145,dc.danglingtree.htb,Microsoft-Windows-WinRM,Microsoft-Windows-WinRM/Operational,2091,4,,,,,Enumeration,,http://schemas.microsoft.com/wbem/wsman/1/Config/Plugin
2026-03-26T06:17:15.795047Z,254,dc.danglingtree.htb,Microsoft-Windows-WinRM,Microsoft-Windows-WinRM/Operational,2092,4,,,,,,,
2026-03-26T06:17:15.795048Z,132,dc.danglingtree.htb,Microsoft-Windows-WinRM,Microsoft-Windows-WinRM/Operational,2093,4,,,,,Enumeration,,
2026-03-26T06:17:15.796264Z,145,dc.danglingtree.htb,Microsoft-Windows-WinRM,Microsoft-Windows-WinRM/Operational,2094,4,,,,,Enumeration,,http://schemas.microsoft.com/wbem/wsman/1/Config/Plugin
2026-03-26T06:17:15.798766Z,254,dc.danglingtree.htb,Microsoft-Windows-WinRM,Microsoft-Windows-WinRM/Operational,2095,4,,,,,,,
2026-03-26T06:17:15.798767Z,132,dc.danglingtree.htb,Microsoft-Windows-WinRM,Microsoft-Windows-WinRM/Operational,2096,4,,,,,Enumeration,,
2026-03-26T06:17:15.799692Z,145,dc.danglingtree.htb,Microsoft-Windows-WinRM,Microsoft-Windows-WinRM/Operational,2097,4,,,,,Enumeration,,http://schemas.microsoft.com/wbem/wsman/1/Config/Plugin
2026-03-26T06:17:15.802992Z,254,dc.danglingtree.htb,Microsoft-Windows-WinRM,Microsoft-Windows-WinRM/Operational,2098,4,,,,,,,
2026-03-26T06:17:15.802993Z,132,dc.danglingtree.htb,Microsoft-Windows-WinRM,Microsoft-Windows-WinRM/Operational,2099,4,,,,,Enumeration,,
2026-03-26T06:17:15.804214Z,145,dc.danglingtree.htb,Microsoft-Windows-WinRM,Microsoft-Windows-WinRM/Operational,2100,4,,,,,Enumeration,,http://schemas.microsoft.com/wbem/wsman/1/Config/Plugin
2026-03-26T06:17:15.807481Z,254,dc.danglingtree.htb,Microsoft-Windows-WinRM,Microsoft-Windows-WinRM/Operational,2101,4,,,,,,,
2026-03-26T06:17:15.807482Z,132,dc.danglingtree.htb,Microsoft-Windows-WinRM,Microsoft-Windows-WinRM/Operational,2102,4,,,,,Enumeration,,
2026-03-26T06:17:15.809479Z,145,dc.danglingtree.htb,Microsoft-Windows-WinRM,Microsoft-Windows-WinRM/Operational,2103,4,,,,,Enumeration,,http://schemas.microsoft.com/wbem/wsman/1/Config/Plugin
2026-03-26T06:17:15.813517Z,254,dc.danglingtree.htb,Microsoft-Windows-WinRM,Microsoft-Windows-WinRM/Operational,2104,4,,,,,,,
2026-03-26T06:17:15.813519Z,132,dc.danglingtree.htb,Microsoft-Windows-WinRM,Microsoft-Windows-WinRM/Operational,2105,4,,,,,Enumeration,,
2026-03-26T06:17:15.817125Z,145,dc.danglingtree.htb,Microsoft-Windows-WinRM,Microsoft-Windows-WinRM/Operational,2106,4,,,,,Enumeration,,http://schemas.microsoft.com/wbem/wsman/1/Config/Plugin
2026-03-26T06:17:15.820604Z,254,dc.danglingtree.htb,Microsoft-Windows-WinRM,Microsoft-Windows-WinRM/Operational,2107,4,,,,,,,
2026-03-26T06:17:15.820606Z,132,dc.danglingtree.htb,Microsoft-Windows-WinRM,Microsoft-Windows-WinRM/Operational,2108,4,,,,,Enumeration,,
2026-03-26T06:17:15.821037Z,145,dc.danglingtree.htb,Microsoft-Windows-WinRM,Microsoft-Windows-WinRM/Operational,2109,4,,,,,Get,,http://schemas.microsoft.com/wbem/wsman/1/Config/Plugin
2026-03-26T06:17:15.822165Z,254,dc.danglingtree.htb,Microsoft-Windows-WinRM,Microsoft-Windows-WinRM/Operational,2110,4,,,,,,,
2026-03-26T06:17:15.822167Z,132,dc.danglingtree.htb,Microsoft-Windows-WinRM,Microsoft-Windows-WinRM/Operational,2111,4,,,,,Get,,
2026-03-26T06:17:15.823052Z,145,dc.danglingtree.htb,Microsoft-Windows-WinRM,Microsoft-Windows-WinRM/Operational,2112,4,,,,,Enumeration,,http://schemas.microsoft.com/wbem/wsman/1/Config/Plugin
2026-03-26T06:17:15.827799Z,254,dc.danglingtree.htb,Microsoft-Windows-WinRM,Microsoft-Windows-WinRM/Operational,2113,4,,,,,,,
2026-03-26T06:17:15.827801Z,132,dc.danglingtree.htb,Microsoft-Windows-WinRM,Microsoft-Windows-WinRM/Operational,2114,4,,,,,Enumeration,,
2026-03-26T06:17:15.829034Z,145,dc.danglingtree.htb,Microsoft-Windows-WinRM,Microsoft-Windows-WinRM/Operational,2115,4,,,,,Enumeration,,http://schemas.microsoft.com/wbem/wsman/1/Config/Plugin
2026-03-26T06:17:15.832185Z,254,dc.danglingtree.htb,Microsoft-Windows-WinRM,Microsoft-Windows-WinRM/Operational,2116,4,,,,,,,
2026-03-26T06:17:15.832187Z,132,dc.danglingtree.htb,Microsoft-Windows-WinRM,Microsoft-Windows-WinRM/Operational,2117,4,,,,,Enumeration,,
2026-03-26T06:17:15.834769Z,145,dc.danglingtree.htb,Microsoft-Windows-WinRM,Microsoft-Windows-WinRM/Operational,2118,4,,,,,Enumeration,,http://schemas.microsoft.com/wbem/wsman/1/Config/Plugin
2026-03-26T06:17:15.838016Z,254,dc.danglingtree.htb,Microsoft-Windows-WinRM,Microsoft-Windows-WinRM/Operational,2119,4,,,,,,,
2026-03-26T06:17:15.838017Z,132,dc.danglingtree.htb,Microsoft-Windows-WinRM,Microsoft-Windows-WinRM/Operational,2120,4,,,,,Enumeration,,
2026-03-26T06:17:15.839125Z,145,dc.danglingtree.htb,Microsoft-Windows-WinRM,Microsoft-Windows-WinRM/Operational,2121,4,,,,,Enumeration,,http://schemas.microsoft.com/wbem/wsman/1/Config/Plugin
2026-03-26T06:17:15.842075Z,254,dc.danglingtree.htb,Microsoft-Windows-WinRM,Microsoft-Windows-WinRM/Operational,2122,4,,,,,,,
2026-03-26T06:17:15.842076Z,132,dc.danglingtree.htb,Microsoft-Windows-WinRM,Microsoft-Windows-WinRM/Operational,2123,4,,,,,Enumeration,,
2026-03-26T06:17:15.844009Z,145,dc.danglingtree.htb,Microsoft-Windows-WinRM,Microsoft-Windows-WinRM/Operational,2124,4,,,,,Enumeration,,http://schemas.microsoft.com/wbem/wsman/1/Config/Plugin
2026-03-26T06:17:15.848800Z,254,dc.danglingtree.htb,Microsoft-Windows-WinRM,Microsoft-Windows-WinRM/Operational,2125,4,,,,,,,
2026-03-26T06:17:15.848801Z,132,dc.danglingtree.htb,Microsoft-Windows-WinRM,Microsoft-Windows-WinRM/Operational,2126,4,,,,,Enumeration,,
2026-03-26T06:17:15.850768Z,145,dc.danglingtree.htb,Microsoft-Windows-WinRM,Microsoft-Windows-WinRM/Operational,2127,4,,,,,Enumeration,,http://schemas.microsoft.com/wbem/wsman/1/Config/Plugin
2026-03-26T06:17:15.854772Z,254,dc.danglingtree.htb,Microsoft-Windows-WinRM,Microsoft-Windows-WinRM/Operational,2128,4,,,,,,,
2026-03-26T06:17:15.854774Z,132,dc.danglingtree.htb,Microsoft-Windows-WinRM,Microsoft-Windows-WinRM/Operational,2129,4,,,,,Enumeration,,
2026-03-26T06:17:15.856020Z,145,dc.danglingtree.htb,Microsoft-Windows-WinRM,Microsoft-Windows-WinRM/Operational,2130,4,,,,,Enumeration,,http://schemas.microsoft.com/wbem/wsman/1/Config/Plugin
2026-03-26T06:17:15.858964Z,254,dc.danglingtree.htb,Microsoft-Windows-WinRM,Microsoft-Windows-WinRM/Operational,2131,4,,,,,,,
2026-03-26T06:17:15.858966Z,132,dc.danglingtree.htb,Microsoft-Windows-WinRM,Microsoft-Windows-WinRM/Operational,2132,4,,,,,Enumeration,,
2026-03-26T06:17:15.860215Z,145,dc.danglingtree.htb,Microsoft-Windows-WinRM,Microsoft-Windows-WinRM/Operational,2133,4,,,,,Enumeration,,http://schemas.microsoft.com/wbem/wsman/1/Config/Plugin
2026-03-26T06:17:15.865703Z,254,dc.danglingtree.htb,Microsoft-Windows-WinRM,Microsoft-Windows-WinRM/Operational,2134,4,,,,,,,
2026-03-26T06:17:15.865704Z,132,dc.danglingtree.htb,Microsoft-Windows-WinRM,Microsoft-Windows-WinRM/Operational,2135,4,,,,,Enumeration,,
2026-03-26T06:17:15.873723Z,145,dc.danglingtree.htb,Microsoft-Windows-WinRM,Microsoft-Windows-WinRM/Operational,2136,4,,,,,Enumeration,,http://schemas.microsoft.com/wbem/wsman/1/Config/Plugin
2026-03-26T06:17:15.877242Z,254,dc.danglingtree.htb,Microsoft-Windows-WinRM,Microsoft-Windows-WinRM/Operational,2137,4,,,,,,,
2026-03-26T06:17:15.877244Z,132,dc.danglingtree.htb,Microsoft-Windows-WinRM,Microsoft-Windows-WinRM/Operational,2138,4,,,,,Enumeration,,
2026-03-26T06:17:15.878921Z,145,dc.danglingtree.htb,Microsoft-Windows-WinRM,Microsoft-Windows-WinRM/Operational,2139,4,,,,,Enumeration,,http://schemas.microsoft.com/wbem/wsman/1/Config/Plugin
2026-03-26T06:17:15.885180Z,254,dc.danglingtree.htb,Microsoft-Windows-WinRM,Microsoft-Windows-WinRM/Operational,2140,4,,,,,,,
2026-03-26T06:17:15.885181Z,132,dc.danglingtree.htb,Microsoft-Windows-WinRM,Microsoft-Windows-WinRM/Operational,2141,4,,,,,Enumeration,,
2026-03-26T06:17:15.886908Z,145,dc.danglingtree.htb,Microsoft-Windows-WinRM,Microsoft-Windows-WinRM/Operational,2142,4,,,,,Enumeration,,http://schemas.microsoft.com/wbem/wsman/1/Config/Plugin
2026-03-26T06:17:15.890278Z,254,dc.danglingtree.htb,Microsoft-Windows-WinRM,Microsoft-Windows-WinRM/Operational,2143,4,,,,,,,
2026-03-26T06:17:15.890279Z,132,dc.danglingtree.htb,Microsoft-Windows-WinRM,Microsoft-Windows-WinRM/Operational,2144,4,,,,,Enumeration,,
2026-03-26T06:17:15.891456Z,145,dc.danglingtree.htb,Microsoft-Windows-WinRM,Microsoft-Windows-WinRM/Operational,2145,4,,,,,Enumeration,,http://schemas.microsoft.com/wbem/wsman/1/Config/Plugin
2026-03-26T06:17:15.896302Z,254,dc.danglingtree.htb,Microsoft-Windows-WinRM,Microsoft-Windows-WinRM/Operational,2146,4,,,,,,,
2026-03-26T06:17:15.896304Z,132,dc.danglingtree.htb,Microsoft-Windows-WinRM,Microsoft-Windows-WinRM/Operational,2147,4,,,,,Enumeration,,
2026-03-26T06:17:15.898223Z,145,dc.danglingtree.htb,Microsoft-Windows-WinRM,Microsoft-Windows-WinRM/Operational,2148,4,,,,,Enumeration,,http://schemas.microsoft.com/wbem/wsman/1/Config/Plugin
2026-03-26T06:17:15.901443Z,254,dc.danglingtree.htb,Microsoft-Windows-WinRM,Microsoft-Windows-WinRM/Operational,2149,4,,,,,,,
2026-03-26T06:17:15.901444Z,132,dc.danglingtree.htb,Microsoft-Windows-WinRM,Microsoft-Windows-WinRM/Operational,2150,4,,,,,Enumeration,,
2026-03-26T06:17:15.903029Z,145,dc.danglingtree.htb,Microsoft-Windows-WinRM,Microsoft-Windows-WinRM/Operational,2151,4,,,,,Enumeration,,http://schemas.microsoft.com/wbem/wsman/1/Config/Plugin
2026-03-26T06:17:15.906964Z,254,dc.danglingtree.htb,Microsoft-Windows-WinRM,Microsoft-Windows-WinRM/Operational,2152,4,,,,,,,
2026-03-26T06:17:15.906965Z,132,dc.danglingtree.htb,Microsoft-Windows-WinRM,Microsoft-Windows-WinRM/Operational,2153,4,,,,,Enumeration,,
2026-03-26T06:17:15.908858Z,145,dc.danglingtree.htb,Microsoft-Windows-WinRM,Microsoft-Windows-WinRM/Operational,2154,4,,,,,Enumeration,,http://schemas.microsoft.com/wbem/wsman/1/Config/Plugin
2026-03-26T06:17:15.913975Z,254,dc.danglingtree.htb,Microsoft-Windows-WinRM,Microsoft-Windows-WinRM/Operational,2155,4,,,,,,,
2026-03-26T06:17:15.913976Z,132,dc.danglingtree.htb,Microsoft-Windows-WinRM,Microsoft-Windows-WinRM/Operational,2156,4,,,,,Enumeration,,
2026-03-26T06:17:15.915058Z,145,dc.danglingtree.htb,Microsoft-Windows-WinRM,Microsoft-Windows-WinRM/Operational,2157,4,,,,,Enumeration,,http://schemas.microsoft.com/wbem/wsman/1/Config/Plugin
2026-03-26T06:17:15.918082Z,254,dc.danglingtree.htb,Microsoft-Windows-WinRM,Microsoft-Windows-WinRM/Operational,2158,4,,,,,,,
2026-03-26T06:17:15.918084Z,132,dc.danglingtree.htb,Microsoft-Windows-WinRM,Microsoft-Windows-WinRM/Operational,2159,4,,,,,Enumeration,,
2026-03-26T06:17:15.919793Z,145,dc.danglingtree.htb,Microsoft-Windows-WinRM,Microsoft-Windows-WinRM/Operational,2160,4,,,,,Enumeration,,http://schemas.microsoft.com/wbem/wsman/1/Config/Plugin
2026-03-26T06:17:15.923828Z,254,dc.danglingtree.htb,Microsoft-Windows-WinRM,Microsoft-Windows-WinRM/Operational,2161,4,,,,,,,
2026-03-26T06:17:15.923829Z,132,dc.danglingtree.htb,Microsoft-Windows-WinRM,Microsoft-Windows-WinRM/Operational,2162,4,,,,,Enumeration,,
2026-03-26T06:17:15.925268Z,145,dc.danglingtree.htb,Microsoft-Windows-WinRM,Microsoft-Windows-WinRM/Operational,2163,4,,,,,Enumeration,,http://schemas.microsoft.com/wbem/wsman/1/Config/Plugin
2026-03-26T06:17:15.928863Z,254,dc.danglingtree.htb,Microsoft-Windows-WinRM,Microsoft-Windows-WinRM/Operational,2164,4,,,,,,,
2026-03-26T06:17:15.928865Z,132,dc.danglingtree.htb,Microsoft-Windows-WinRM,Microsoft-Windows-WinRM/Operational,2165,4,,,,,Enumeration,,
2026-03-26T06:17:15.930007Z,145,dc.danglingtree.htb,Microsoft-Windows-WinRM,Microsoft-Windows-WinRM/Operational,2166,4,,,,,Enumeration,,http://schemas.microsoft.com/wbem/wsman/1/Config/Plugin
2026-03-26T06:17:15.933397Z,254,dc.danglingtree.htb,Microsoft-Windows-WinRM,Microsoft-Windows-WinRM/Operational,2167,4,,,,,,,
2026-03-26T06:17:15.933399Z,132,dc.danglingtree.htb,Microsoft-Windows-WinRM,Microsoft-Windows-WinRM/Operational,2168,4,,,,,Enumeration,,
2026-03-26T06:17:15.936223Z,145,dc.danglingtree.htb,Microsoft-Windows-WinRM,Microsoft-Windows-WinRM/Operational,2169,4,,,,,Enumeration,,http://schemas.microsoft.com/wbem/wsman/1/Config/Plugin
2026-03-26T06:17:15.940160Z,254,dc.danglingtree.htb,Microsoft-Windows-WinRM,Microsoft-Windows-WinRM/Operational,2170,4,,,,,,,
2026-03-26T06:17:15.940162Z,132,dc.danglingtree.htb,Microsoft-Windows-WinRM,Microsoft-Windows-WinRM/Operational,2171,4,,,,,Enumeration,,
2026-03-26T06:17:15.942304Z,145,dc.danglingtree.htb,Microsoft-Windows-WinRM,Microsoft-Windows-WinRM/Operational,2172,4,,,,,Enumeration,,http://schemas.microsoft.com/wbem/wsman/1/Config/Plugin
2026-03-26T06:17:15.946636Z,254,dc.danglingtree.htb,Microsoft-Windows-WinRM,Microsoft-Windows-WinRM/Operational,2173,4,,,,,,,
2026-03-26T06:17:15.946637Z,132,dc.danglingtree.htb,Microsoft-Windows-WinRM,Microsoft-Windows-WinRM/Operational,2174,4,,,,,Enumeration,,
2026-03-26T06:17:15.948354Z,145,dc.danglingtree.htb,Microsoft-Windows-WinRM,Microsoft-Windows-WinRM/Operational,2175,4,,,,,Enumeration,,http://schemas.microsoft.com/wbem/wsman/1/Config/Plugin
2026-03-26T06:17:15.951443Z,254,dc.danglingtree.htb,Microsoft-Windows-WinRM,Microsoft-Windows-WinRM/Operational,2176,4,,,,,,,
2026-03-26T06:17:15.951445Z,132,dc.danglingtree.htb,Microsoft-Windows-WinRM,Microsoft-Windows-WinRM/Operational,2177,4,,,,,Enumeration,,
2026-03-26T06:17:15.952883Z,145,dc.danglingtree.htb,Microsoft-Windows-WinRM,Microsoft-Windows-WinRM/Operational,2178,4,,,,,Enumeration,,http://schemas.microsoft.com/wbem/wsman/1/Config/Plugin
2026-03-26T06:17:15.957079Z,254,dc.danglingtree.htb,Microsoft-Windows-WinRM,Microsoft-Windows-WinRM/Operational,2179,4,,,,,,,
2026-03-26T06:17:15.957080Z,132,dc.danglingtree.htb,Microsoft-Windows-WinRM,Microsoft-Windows-WinRM/Operational,2180,4,,,,,Enumeration,,
2026-03-26T06:17:15.958686Z,145,dc.danglingtree.htb,Microsoft-Windows-WinRM,Microsoft-Windows-WinRM/Operational,2181,4,,,,,Enumeration,,http://schemas.microsoft.com/wbem/wsman/1/Config/Plugin
2026-03-26T06:17:15.962945Z,254,dc.danglingtree.htb,Microsoft-Windows-WinRM,Microsoft-Windows-WinRM/Operational,2182,4,,,,,,,
2026-03-26T06:17:15.962948Z,132,dc.danglingtree.htb,Microsoft-Windows-WinRM,Microsoft-Windows-WinRM/Operational,2183,4,,,,,Enumeration,,
2026-03-26T06:17:15.965661Z,145,dc.danglingtree.htb,Microsoft-Windows-WinRM,Microsoft-Windows-WinRM/Operational,2184,4,,,,,Enumeration,,http://schemas.microsoft.com/wbem/wsman/1/Config/Plugin
2026-03-26T06:17:15.969165Z,254,dc.danglingtree.htb,Microsoft-Windows-WinRM,Microsoft-Windows-WinRM/Operational,2185,4,,,,,,,
2026-03-26T06:17:15.969166Z,132,dc.danglingtree.htb,Microsoft-Windows-WinRM,Microsoft-Windows-WinRM/Operational,2186,4,,,,,Enumeration,,
2026-03-26T06:17:15.971368Z,145,dc.danglingtree.htb,Microsoft-Windows-WinRM,Microsoft-Windows-WinRM/Operational,2187,4,,,,,Enumeration,,http://schemas.microsoft.com/wbem/wsman/1/Config/Plugin
2026-03-26T06:17:15.975144Z,254,dc.danglingtree.htb,Microsoft-Windows-WinRM,Microsoft-Windows-WinRM/Operational,2188,4,,,,,,,
2026-03-26T06:17:15.975146Z,132,dc.danglingtree.htb,Microsoft-Windows-WinRM,Microsoft-Windows-WinRM/Operational,2189,4,,,,,Enumeration,,
2026-03-26T06:17:15.976265Z,145,dc.danglingtree.htb,Microsoft-Windows-WinRM,Microsoft-Windows-WinRM/Operational,2190,4,,,,,Get,,http://schemas.microsoft.com/wbem/wsman/1/Config/Plugin
2026-03-26T06:17:15.977897Z,254,dc.danglingtree.htb,Microsoft-Windows-WinRM,Microsoft-Windows-WinRM/Operational,2191,4,,,,,,,
2026-03-26T06:17:15.977898Z,132,dc.danglingtree.htb,Microsoft-Windows-WinRM,Microsoft-Windows-WinRM/Operational,2192,4,,,,,Get,,
2026-03-26T06:17:15.979207Z,145,dc.danglingtree.htb,Microsoft-Windows-WinRM,Microsoft-Windows-WinRM/Operational,2193,4,,,,,Enumeration,,http://schemas.microsoft.com/wbem/wsman/1/Config/Plugin
2026-03-26T06:17:15.982532Z,254,dc.danglingtree.htb,Microsoft-Windows-WinRM,Microsoft-Windows-WinRM/Operational,2194,4,,,,,,,
2026-03-26T06:17:15.982533Z,132,dc.danglingtree.htb,Microsoft-Windows-WinRM,Microsoft-Windows-WinRM/Operational,2195,4,,,,,Enumeration,,
2026-03-26T06:17:15.983721Z,145,dc.danglingtree.htb,Microsoft-Windows-WinRM,Microsoft-Windows-WinRM/Operational,2196,4,,,,,Enumeration,,http://schemas.microsoft.com/wbem/wsman/1/Config/Plugin
2026-03-26T06:17:15.987182Z,254,dc.danglingtree.htb,Microsoft-Windows-WinRM,Microsoft-Windows-WinRM/Operational,2197,4,,,,,,,
2026-03-26T06:17:15.987183Z,132,dc.danglingtree.htb,Microsoft-Windows-WinRM,Microsoft-Windows-WinRM/Operational,2198,4,,,,,Enumeration,,
2026-03-26T06:17:15.989086Z,145,dc.danglingtree.htb,Microsoft-Windows-WinRM,Microsoft-Windows-WinRM/Operational,2199,4,,,,,Enumeration,,http://schemas.microsoft.com/wbem/wsman/1/Config/Plugin
2026-03-26T06:17:15.994153Z,254,dc.danglingtree.htb,Microsoft-Windows-WinRM,Microsoft-Windows-WinRM/Operational,2200,4,,,,,,,
2026-03-26T06:17:15.994154Z,132,dc.danglingtree.htb,Microsoft-Windows-WinRM,Microsoft-Windows-WinRM/Operational,2201,4,,,,,Enumeration,,
2026-03-26T06:17:15.997951Z,145,dc.danglingtree.htb,Microsoft-Windows-WinRM,Microsoft-Windows-WinRM/Operational,2202,4,,,,,Enumeration,,http://schemas.microsoft.com/wbem/wsman/1/Config/Plugin
2026-03-26T06:17:16.001505Z,254,dc.danglingtree.htb,Microsoft-Windows-WinRM,Microsoft-Windows-WinRM/Operational,2203,4,,,,,,,
2026-03-26T06:17:16.001507Z,132,dc.danglingtree.htb,Microsoft-Windows-WinRM,Microsoft-Windows-WinRM/Operational,2204,4,,,,,Enumeration,,
2026-03-26T06:17:16.008647Z,145,dc.danglingtree.htb,Microsoft-Windows-WinRM,Microsoft-Windows-WinRM/Operational,2205,4,,,,,Enumeration,,http://schemas.microsoft.com/wbem/wsman/1/Config/Plugin
2026-03-26T06:17:16.016528Z,254,dc.danglingtree.htb,Microsoft-Windows-WinRM,Microsoft-Windows-WinRM/Operational,2206,4,,,,,,,
2026-03-26T06:17:16.016529Z,132,dc.danglingtree.htb,Microsoft-Windows-WinRM,Microsoft-Windows-WinRM/Operational,2207,4,,,,,Enumeration,,
2026-03-26T06:17:16.019465Z,145,dc.danglingtree.htb,Microsoft-Windows-WinRM,Microsoft-Windows-WinRM/Operational,2208,4,,,,,Enumeration,,http://schemas.microsoft.com/wbem/wsman/1/Config/Plugin
2026-03-26T06:17:16.023860Z,254,dc.danglingtree.htb,Microsoft-Windows-WinRM,Microsoft-Windows-WinRM/Operational,2209,4,,,,,,,
2026-03-26T06:17:16.023861Z,132,dc.danglingtree.htb,Microsoft-Windows-WinRM,Microsoft-Windows-WinRM/Operational,2210,4,,,,,Enumeration,,
2026-03-26T06:17:16.025787Z,145,dc.danglingtree.htb,Microsoft-Windows-WinRM,Microsoft-Windows-WinRM/Operational,2211,4,,,,,Enumeration,,http://schemas.microsoft.com/wbem/wsman/1/Config/Plugin
2026-03-26T06:17:16.031462Z,254,dc.danglingtree.htb,Microsoft-Windows-WinRM,Microsoft-Windows-WinRM/Operational,2212,4,,,,,,,
2026-03-26T06:17:16.031464Z,132,dc.danglingtree.htb,Microsoft-Windows-WinRM,Microsoft-Windows-WinRM/Operational,2213,4,,,,,Enumeration,,
2026-03-26T06:17:16.033966Z,145,dc.danglingtree.htb,Microsoft-Windows-WinRM,Microsoft-Windows-WinRM/Operational,2214,4,,,,,Enumeration,,http://schemas.microsoft.com/wbem/wsman/1/Config/Plugin
2026-03-26T06:17:16.037357Z,254,dc.danglingtree.htb,Microsoft-Windows-WinRM,Microsoft-Windows-WinRM/Operational,2215,4,,,,,,,
2026-03-26T06:17:16.037358Z,132,dc.danglingtree.htb,Microsoft-Windows-WinRM,Microsoft-Windows-WinRM/Operational,2216,4,,,,,Enumeration,,
2026-03-26T06:17:16.038462Z,145,dc.danglingtree.htb,Microsoft-Windows-WinRM,Microsoft-Windows-WinRM/Operational,2217,4,,,,,Enumeration,,http://schemas.microsoft.com/wbem/wsman/1/Config/Plugin
2026-03-26T06:17:16.043136Z,254,dc.danglingtree.htb,Microsoft-Windows-WinRM,Microsoft-Windows-WinRM/Operational,2218,4,,,,,,,
2026-03-26T06:17:16.043138Z,132,dc.danglingtree.htb,Microsoft-Windows-WinRM,Microsoft-Windows-WinRM/Operational,2219,4,,,,,Enumeration,,
2026-03-26T06:17:16.045882Z,145,dc.danglingtree.htb,Microsoft-Windows-WinRM,Microsoft-Windows-WinRM/Operational,2220,4,,,,,Enumeration,,http://schemas.microsoft.com/wbem/wsman/1/Config/Plugin
2026-03-26T06:17:16.049337Z,254,dc.danglingtree.htb,Microsoft-Windows-WinRM,Microsoft-Windows-WinRM/Operational,2221,4,,,,,,,
2026-03-26T06:17:16.049338Z,132,dc.danglingtree.htb,Microsoft-Windows-WinRM,Microsoft-Windows-WinRM/Operational,2222,4,,,,,Enumeration,,
2026-03-26T06:17:16.052172Z,145,dc.danglingtree.htb,Microsoft-Windows-WinRM,Microsoft-Windows-WinRM/Operational,2223,4,,,,,Enumeration,,http://schemas.microsoft.com/wbem/wsman/1/Config/Plugin
2026-03-26T06:17:16.057014Z,254,dc.danglingtree.htb,Microsoft-Windows-WinRM,Microsoft-Windows-WinRM/Operational,2224,4,,,,,,,
2026-03-26T06:17:16.057015Z,132,dc.danglingtree.htb,Microsoft-Windows-WinRM,Microsoft-Windows-WinRM/Operational,2225,4,,,,,Enumeration,,
2026-03-26T06:17:16.058342Z,145,dc.danglingtree.htb,Microsoft-Windows-WinRM,Microsoft-Windows-WinRM/Operational,2226,4,,,,,Enumeration,,http://schemas.microsoft.com/wbem/wsman/1/Config/Plugin
2026-03-26T06:17:16.063130Z,254,dc.danglingtree.htb,Microsoft-Windows-WinRM,Microsoft-Windows-WinRM/Operational,2227,4,,,,,,,
2026-03-26T06:17:16.063131Z,132,dc.danglingtree.htb,Microsoft-Windows-WinRM,Microsoft-Windows-WinRM/Operational,2228,4,,,,,Enumeration,,
2026-03-26T06:17:16.064844Z,145,dc.danglingtree.htb,Microsoft-Windows-WinRM,Microsoft-Windows-WinRM/Operational,2229,4,,,,,Enumeration,,http://schemas.microsoft.com/wbem/wsman/1/Config/Plugin
2026-03-26T06:17:16.068822Z,254,dc.danglingtree.htb,Microsoft-Windows-WinRM,Microsoft-Windows-WinRM/Operational,2230,4,,,,,,,
2026-03-26T06:17:16.068823Z,132,dc.danglingtree.htb,Microsoft-Windows-WinRM,Microsoft-Windows-WinRM/Operational,2231,4,,,,,Enumeration,,
2026-03-26T06:17:16.071136Z,145,dc.danglingtree.htb,Microsoft-Windows-WinRM,Microsoft-Windows-WinRM/Operational,2232,4,,,,,Enumeration,,http://schemas.microsoft.com/wbem/wsman/1/Config/Plugin
2026-03-26T06:17:16.076600Z,254,dc.danglingtree.htb,Microsoft-Windows-WinRM,Microsoft-Windows-WinRM/Operational,2233,4,,,,,,,
2026-03-26T06:17:16.076602Z,132,dc.danglingtree.htb,Microsoft-Windows-WinRM,Microsoft-Windows-WinRM/Operational,2234,4,,,,,Enumeration,,
2026-03-26T06:17:16.079628Z,145,dc.danglingtree.htb,Microsoft-Windows-WinRM,Microsoft-Windows-WinRM/Operational,2235,4,,,,,Enumeration,,http://schemas.microsoft.com/wbem/wsman/1/Config/Plugin
2026-03-26T06:17:16.082713Z,254,dc.danglingtree.htb,Microsoft-Windows-WinRM,Microsoft-Windows-WinRM/Operational,2236,4,,,,,,,
2026-03-26T06:17:16.082714Z,132,dc.danglingtree.htb,Microsoft-Windows-WinRM,Microsoft-Windows-WinRM/Operational,2237,4,,,,,Enumeration,,
2026-03-26T06:17:16.084390Z,145,dc.danglingtree.htb,Microsoft-Windows-WinRM,Microsoft-Windows-WinRM/Operational,2238,4,,,,,Enumeration,,http://schemas.microsoft.com/wbem/wsman/1/Config/Plugin
2026-03-26T06:17:16.087410Z,254,dc.danglingtree.htb,Microsoft-Windows-WinRM,Microsoft-Windows-WinRM/Operational,2239,4,,,,,,,
2026-03-26T06:17:16.087411Z,132,dc.danglingtree.htb,Microsoft-Windows-WinRM,Microsoft-Windows-WinRM/Operational,2240,4,,,,,Enumeration,,
2026-03-26T06:17:16.090980Z,145,dc.danglingtree.htb,Microsoft-Windows-WinRM,Microsoft-Windows-WinRM/Operational,2241,4,,,,,Enumeration,,http://schemas.microsoft.com/wbem/wsman/1/Config/Plugin
2026-03-26T06:17:16.095883Z,254,dc.danglingtree.htb,Microsoft-Windows-WinRM,Microsoft-Windows-WinRM/Operational,2242,4,,,,,,,
2026-03-26T06:17:16.095886Z,132,dc.danglingtree.htb,Microsoft-Windows-WinRM,Microsoft-Windows-WinRM/Operational,2243,4,,,,,Enumeration,,
2026-03-26T06:17:16.097660Z,145,dc.danglingtree.htb,Microsoft-Windows-WinRM,Microsoft-Windows-WinRM/Operational,2244,4,,,,,Enumeration,,http://schemas.microsoft.com/wbem/wsman/1/Config/Plugin
2026-03-26T06:17:16.100943Z,254,dc.danglingtree.htb,Microsoft-Windows-WinRM,Microsoft-Windows-WinRM/Operational,2245,4,,,,,,,
2026-03-26T06:17:16.100945Z,132,dc.danglingtree.htb,Microsoft-Windows-WinRM,Microsoft-Windows-WinRM/Operational,2246,4,,,,,Enumeration,,
2026-03-26T06:17:16.103659Z,145,dc.danglingtree.htb,Microsoft-Windows-WinRM,Microsoft-Windows-WinRM/Operational,2247,4,,,,,Enumeration,,http://schemas.microsoft.com/wbem/wsman/1/Config/Plugin
2026-03-26T06:17:16.109170Z,254,dc.danglingtree.htb,Microsoft-Windows-WinRM,Microsoft-Windows-WinRM/Operational,2248,4,,,,,,,
2026-03-26T06:17:16.109172Z,132,dc.danglingtree.htb,Microsoft-Windows-WinRM,Microsoft-Windows-WinRM/Operational,2249,4,,,,,Enumeration,,
2026-03-26T06:17:16.110498Z,145,dc.danglingtree.htb,Microsoft-Windows-WinRM,Microsoft-Windows-WinRM/Operational,2250,4,,,,,Enumeration,,http://schemas.microsoft.com/wbem/wsman/1/Config/Plugin
2026-03-26T06:17:16.113425Z,254,dc.danglingtree.htb,Microsoft-Windows-WinRM,Microsoft-Windows-WinRM/Operational,2251,4,,,,,,,
2026-03-26T06:17:16.113426Z,132,dc.danglingtree.htb,Microsoft-Windows-WinRM,Microsoft-Windows-WinRM/Operational,2252,4,,,,,Enumeration,,
2026-03-26T06:17:16.114074Z,145,dc.danglingtree.htb,Microsoft-Windows-WinRM,Microsoft-Windows-WinRM/Operational,2253,4,,,,,Get,,http://schemas.microsoft.com/wbem/wsman/1/Config/Plugin
2026-03-26T06:17:16.115739Z,254,dc.danglingtree.htb,Microsoft-Windows-WinRM,Microsoft-Windows-WinRM/Operational,2254,4,,,,,,,
2026-03-26T06:17:16.115741Z,132,dc.danglingtree.htb,Microsoft-Windows-WinRM,Microsoft-Windows-WinRM/Operational,2255,4,,,,,Get,,
2026-03-26T06:17:16.116456Z,145,dc.danglingtree.htb,Microsoft-Windows-WinRM,Microsoft-Windows-WinRM/Operational,2256,4,,,,,Enumeration,,http://schemas.microsoft.com/wbem/wsman/1/Config/Plugin
2026-03-26T06:17:16.120624Z,254,dc.danglingtree.htb,Microsoft-Windows-WinRM,Microsoft-Windows-WinRM/Operational,2257,4,,,,,,,
2026-03-26T06:17:16.120625Z,132,dc.danglingtree.htb,Microsoft-Windows-WinRM,Microsoft-Windows-WinRM/Operational,2258,4,,,,,Enumeration,,
2026-03-26T06:17:16.121948Z,145,dc.danglingtree.htb,Microsoft-Windows-WinRM,Microsoft-Windows-WinRM/Operational,2259,4,,,,,Enumeration,,http://schemas.microsoft.com/wbem/wsman/1/Config/Plugin
2026-03-26T06:17:16.125238Z,254,dc.danglingtree.htb,Microsoft-Windows-WinRM,Microsoft-Windows-WinRM/Operational,2260,4,,,,,,,
2026-03-26T06:17:16.125239Z,132,dc.danglingtree.htb,Microsoft-Windows-WinRM,Microsoft-Windows-WinRM/Operational,2261,4,,,,,Enumeration,,
2026-03-26T06:17:16.129056Z,145,dc.danglingtree.htb,Microsoft-Windows-WinRM,Microsoft-Windows-WinRM/Operational,2262,4,,,,,Enumeration,,http://schemas.microsoft.com/wbem/wsman/1/Config/Plugin
2026-03-26T06:17:16.132002Z,254,dc.danglingtree.htb,Microsoft-Windows-WinRM,Microsoft-Windows-WinRM/Operational,2263,4,,,,,,,
2026-03-26T06:17:16.132004Z,132,dc.danglingtree.htb,Microsoft-Windows-WinRM,Microsoft-Windows-WinRM/Operational,2264,4,,,,,Enumeration,,
2026-03-26T06:17:16.134736Z,145,dc.danglingtree.htb,Microsoft-Windows-WinRM,Microsoft-Windows-WinRM/Operational,2265,4,,,,,Enumeration,,http://schemas.microsoft.com/wbem/wsman/1/Config/Plugin
2026-03-26T06:17:16.139382Z,254,dc.danglingtree.htb,Microsoft-Windows-WinRM,Microsoft-Windows-WinRM/Operational,2266,4,,,,,,,
2026-03-26T06:17:16.139384Z,132,dc.danglingtree.htb,Microsoft-Windows-WinRM,Microsoft-Windows-WinRM/Operational,2267,4,,,,,Enumeration,,
2026-03-26T06:17:16.140862Z,145,dc.danglingtree.htb,Microsoft-Windows-WinRM,Microsoft-Windows-WinRM/Operational,2268,4,,,,,Enumeration,,http://schemas.microsoft.com/wbem/wsman/1/Config/Plugin
2026-03-26T06:17:16.145321Z,254,dc.danglingtree.htb,Microsoft-Windows-WinRM,Microsoft-Windows-WinRM/Operational,2269,4,,,,,,,
2026-03-26T06:17:16.145323Z,132,dc.danglingtree.htb,Microsoft-Windows-WinRM,Microsoft-Windows-WinRM/Operational,2270,4,,,,,Enumeration,,
2026-03-26T06:17:16.147644Z,145,dc.danglingtree.htb,Microsoft-Windows-WinRM,Microsoft-Windows-WinRM/Operational,2271,4,,,,,Enumeration,,http://schemas.microsoft.com/wbem/wsman/1/Config/Plugin
2026-03-26T06:17:16.150752Z,254,dc.danglingtree.htb,Microsoft-Windows-WinRM,Microsoft-Windows-WinRM/Operational,2272,4,,,,,,,
2026-03-26T06:17:16.150754Z,132,dc.danglingtree.htb,Microsoft-Windows-WinRM,Microsoft-Windows-WinRM/Operational,2273,4,,,,,Enumeration,,
2026-03-26T06:17:16.158258Z,145,dc.danglingtree.htb,Microsoft-Windows-WinRM,Microsoft-Windows-WinRM/Operational,2274,4,,,,,Enumeration,,http://schemas.microsoft.com/wbem/wsman/1/Config/Plugin
2026-03-26T06:17:16.162719Z,254,dc.danglingtree.htb,Microsoft-Windows-WinRM,Microsoft-Windows-WinRM/Operational,2275,4,,,,,,,
2026-03-26T06:17:16.162720Z,132,dc.danglingtree.htb,Microsoft-Windows-WinRM,Microsoft-Windows-WinRM/Operational,2276,4,,,,,Enumeration,,
2026-03-26T06:17:16.164254Z,145,dc.danglingtree.htb,Microsoft-Windows-WinRM,Microsoft-Windows-WinRM/Operational,2277,4,,,,,Enumeration,,http://schemas.microsoft.com/wbem/wsman/1/Config/Plugin
2026-03-26T06:17:16.168095Z,254,dc.danglingtree.htb,Microsoft-Windows-WinRM,Microsoft-Windows-WinRM/Operational,2278,4,,,,,,,
2026-03-26T06:17:16.168096Z,132,dc.danglingtree.htb,Microsoft-Windows-WinRM,Microsoft-Windows-WinRM/Operational,2279,4,,,,,Enumeration,,
2026-03-26T06:17:16.170107Z,145,dc.danglingtree.htb,Microsoft-Windows-WinRM,Microsoft-Windows-WinRM/Operational,2280,4,,,,,Enumeration,,http://schemas.microsoft.com/wbem/wsman/1/Config/Plugin
2026-03-26T06:17:16.175002Z,254,dc.danglingtree.htb,Microsoft-Windows-WinRM,Microsoft-Windows-WinRM/Operational,2281,4,,,,,,,
2026-03-26T06:17:16.175004Z,132,dc.danglingtree.htb,Microsoft-Windows-WinRM,Microsoft-Windows-WinRM/Operational,2282,4,,,,,Enumeration,,
2026-03-26T06:17:16.177472Z,145,dc.danglingtree.htb,Microsoft-Windows-WinRM,Microsoft-Windows-WinRM/Operational,2283,4,,,,,Enumeration,,http://schemas.microsoft.com/wbem/wsman/1/Config/Plugin
2026-03-26T06:17:16.182160Z,254,dc.danglingtree.htb,Microsoft-Windows-WinRM,Microsoft-Windows-WinRM/Operational,2284,4,,,,,,,
2026-03-26T06:17:16.182161Z,132,dc.danglingtree.htb,Microsoft-Windows-WinRM,Microsoft-Windows-WinRM/Operational,2285,4,,,,,Enumeration,,
2026-03-26T06:17:16.183435Z,145,dc.danglingtree.htb,Microsoft-Windows-WinRM,Microsoft-Windows-WinRM/Operational,2286,4,,,,,Enumeration,,http://schemas.microsoft.com/wbem/wsman/1/Config/Plugin
2026-03-26T06:17:16.188774Z,254,dc.danglingtree.htb,Microsoft-Windows-WinRM,Microsoft-Windows-WinRM/Operational,2287,4,,,,,,,
2026-03-26T06:17:16.188775Z,132,dc.danglingtree.htb,Microsoft-Windows-WinRM,Microsoft-Windows-WinRM/Operational,2288,4,,,,,Enumeration,,
2026-03-26T06:17:16.189965Z,145,dc.danglingtree.htb,Microsoft-Windows-WinRM,Microsoft-Windows-WinRM/Operational,2289,4,,,,,Enumeration,,http://schemas.microsoft.com/wbem/wsman/1/Config/Plugin
2026-03-26T06:17:16.196963Z,254,dc.danglingtree.htb,Microsoft-Windows-WinRM,Microsoft-Windows-WinRM/Operational,2290,4,,,,,,,
2026-03-26T06:17:16.196965Z,132,dc.danglingtree.htb,Microsoft-Windows-WinRM,Microsoft-Windows-WinRM/Operational,2291,4,,,,,Enumeration,,
2026-03-26T06:17:16.198047Z,145,dc.danglingtree.htb,Microsoft-Windows-WinRM,Microsoft-Windows-WinRM/Operational,2292,4,,,,,Enumeration,,http://schemas.microsoft.com/wbem/wsman/1/Config/Plugin
2026-03-26T06:17:16.203841Z,254,dc.danglingtree.htb,Microsoft-Windows-WinRM,Microsoft-Windows-WinRM/Operational,2293,4,,,,,,,
2026-03-26T06:17:16.203843Z,132,dc.danglingtree.htb,Microsoft-Windows-WinRM,Microsoft-Windows-WinRM/Operational,2294,4,,,,,Enumeration,,
2026-03-26T06:17:16.205350Z,145,dc.danglingtree.htb,Microsoft-Windows-WinRM,Microsoft-Windows-WinRM/Operational,2295,4,,,,,Enumeration,,http://schemas.microsoft.com/wbem/wsman/1/Config/Plugin
2026-03-26T06:17:16.217552Z,254,dc.danglingtree.htb,Microsoft-Windows-WinRM,Microsoft-Windows-WinRM/Operational,2296,4,,,,,,,
2026-03-26T06:17:16.217555Z,132,dc.danglingtree.htb,Microsoft-Windows-WinRM,Microsoft-Windows-WinRM/Operational,2297,4,,,,,Enumeration,,
2026-03-26T06:17:16.219983Z,145,dc.danglingtree.htb,Microsoft-Windows-WinRM,Microsoft-Windows-WinRM/Operational,2298,4,,,,,Enumeration,,http://schemas.microsoft.com/wbem/wsman/1/Config/Plugin
2026-03-26T06:17:16.224629Z,254,dc.danglingtree.htb,Microsoft-Windows-WinRM,Microsoft-Windows-WinRM/Operational,2299,4,,,,,,,
2026-03-26T06:17:16.224630Z,132,dc.danglingtree.htb,Microsoft-Windows-WinRM,Microsoft-Windows-WinRM/Operational,2300,4,,,,,Enumeration,,
2026-03-26T06:17:16.225840Z,145,dc.danglingtree.htb,Microsoft-Windows-WinRM,Microsoft-Windows-WinRM/Operational,2301,4,,,,,Enumeration,,http://schemas.microsoft.com/wbem/wsman/1/Config/Plugin
2026-03-26T06:17:16.229689Z,254,dc.danglingtree.htb,Microsoft-Windows-WinRM,Microsoft-Windows-WinRM/Operational,2302,4,,,,,,,
2026-03-26T06:17:16.229690Z,132,dc.danglingtree.htb,Microsoft-Windows-WinRM,Microsoft-Windows-WinRM/Operational,2303,4,,,,,Enumeration,,
2026-03-26T06:17:16.230102Z,145,dc.danglingtree.htb,Microsoft-Windows-WinRM,Microsoft-Windows-WinRM/Operational,2304,4,,,,,Get,,http://schemas.microsoft.com/wbem/wsman/1/Config/Plugin
2026-03-26T06:17:16.231729Z,254,dc.danglingtree.htb,Microsoft-Windows-WinRM,Microsoft-Windows-WinRM/Operational,2305,4,,,,,,,
2026-03-26T06:17:16.231730Z,132,dc.danglingtree.htb,Microsoft-Windows-WinRM,Microsoft-Windows-WinRM/Operational,2306,4,,,,,Get,,
2026-03-26T06:17:16.236167Z,145,dc.danglingtree.htb,Microsoft-Windows-WinRM,Microsoft-Windows-WinRM/Operational,2307,4,,,,,Enumeration,,http://schemas.microsoft.com/wbem/wsman/1/Config/Plugin
2026-03-26T06:17:16.239706Z,254,dc.danglingtree.htb,Microsoft-Windows-WinRM,Microsoft-Windows-WinRM/Operational,2308,4,,,,,,,
2026-03-26T06:17:16.239708Z,132,dc.danglingtree.htb,Microsoft-Windows-WinRM,Microsoft-Windows-WinRM/Operational,2309,4,,,,,Enumeration,,
2026-03-26T06:17:16.240123Z,145,dc.danglingtree.htb,Microsoft-Windows-WinRM,Microsoft-Windows-WinRM/Operational,2310,4,,,,,Get,,http://schemas.microsoft.com/wbem/wsman/1/Config/Plugin
2026-03-26T06:17:16.241584Z,254,dc.danglingtree.htb,Microsoft-Windows-WinRM,Microsoft-Windows-WinRM/Operational,2311,4,,,,,,,
2026-03-26T06:17:16.241585Z,132,dc.danglingtree.htb,Microsoft-Windows-WinRM,Microsoft-Windows-WinRM/Operational,2312,4,,,,,Get,,
2026-03-26T06:17:16.243603Z,145,dc.danglingtree.htb,Microsoft-Windows-WinRM,Microsoft-Windows-WinRM/Operational,2313,4,,,,,Enumeration,,http://schemas.microsoft.com/wbem/wsman/1/Config/Plugin
2026-03-26T06:17:16.248797Z,254,dc.danglingtree.htb,Microsoft-Windows-WinRM,Microsoft-Windows-WinRM/Operational,2314,4,,,,,,,
2026-03-26T06:17:16.248798Z,132,dc.danglingtree.htb,Microsoft-Windows-WinRM,Microsoft-Windows-WinRM/Operational,2315,4,,,,,Enumeration,,
2026-03-26T06:17:16.249597Z,145,dc.danglingtree.htb,Microsoft-Windows-WinRM,Microsoft-Windows-WinRM/Operational,2316,4,,,,,Get,,http://schemas.microsoft.com/wbem/wsman/1/Config/Plugin
2026-03-26T06:17:16.251245Z,254,dc.danglingtree.htb,Microsoft-Windows-WinRM,Microsoft-Windows-WinRM/Operational,2317,4,,,,,,,
2026-03-26T06:17:16.251246Z,132,dc.danglingtree.htb,Microsoft-Windows-WinRM,Microsoft-Windows-WinRM/Operational,2318,4,,,,,Get,,
2026-03-26T06:17:16.253031Z,145,dc.danglingtree.htb,Microsoft-Windows-WinRM,Microsoft-Windows-WinRM/Operational,2319,4,,,,,Enumeration,,http://schemas.microsoft.com/wbem/wsman/1/Config/Plugin
2026-03-26T06:17:16.257218Z,254,dc.danglingtree.htb,Microsoft-Windows-WinRM,Microsoft-Windows-WinRM/Operational,2320,4,,,,,,,
2026-03-26T06:17:16.257219Z,132,dc.danglingtree.htb,Microsoft-Windows-WinRM,Microsoft-Windows-WinRM/Operational,2321,4,,,,,Enumeration,,
2026-03-26T06:17:16.257950Z,145,dc.danglingtree.htb,Microsoft-Windows-WinRM,Microsoft-Windows-WinRM/Operational,2322,4,,,,,Get,,http://schemas.microsoft.com/wbem/wsman/1/Config/Plugin
2026-03-26T06:17:16.259376Z,254,dc.danglingtree.htb,Microsoft-Windows-WinRM,Microsoft-Windows-WinRM/Operational,2323,4,,,,,,,
2026-03-26T06:17:16.259377Z,132,dc.danglingtree.htb,Microsoft-Windows-WinRM,Microsoft-Windows-WinRM/Operational,2324,4,,,,,Get,,
2026-03-26T06:17:16.260663Z,145,dc.danglingtree.htb,Microsoft-Windows-WinRM,Microsoft-Windows-WinRM/Operational,2325,4,,,,,Enumeration,,http://schemas.microsoft.com/wbem/wsman/1/Config/Plugin
2026-03-26T06:17:16.266846Z,254,dc.danglingtree.htb,Microsoft-Windows-WinRM,Microsoft-Windows-WinRM/Operational,2326,4,,,,,,,
2026-03-26T06:17:16.266847Z,132,dc.danglingtree.htb,Microsoft-Windows-WinRM,Microsoft-Windows-WinRM/Operational,2327,4,,,,,Enumeration,,
2026-03-26T06:17:16.267398Z,145,dc.danglingtree.htb,Microsoft-Windows-WinRM,Microsoft-Windows-WinRM/Operational,2328,4,,,,,Get,,http://schemas.microsoft.com/wbem/wsman/1/Config/Plugin
2026-03-26T06:17:16.269178Z,254,dc.danglingtree.htb,Microsoft-Windows-WinRM,Microsoft-Windows-WinRM/Operational,2329,4,,,,,,,
2026-03-26T06:17:16.269179Z,132,dc.danglingtree.htb,Microsoft-Windows-WinRM,Microsoft-Windows-WinRM/Operational,2330,4,,,,,Get,,
2026-03-26T06:17:16.270201Z,145,dc.danglingtree.htb,Microsoft-Windows-WinRM,Microsoft-Windows-WinRM/Operational,2331,4,,,,,Get,,http://schemas.microsoft.com/wbem/wsman/1/Config/Plugin
2026-03-26T06:17:16.272045Z,254,dc.danglingtree.htb,Microsoft-Windows-WinRM,Microsoft-Windows-WinRM/Operational,2332,4,,,,,,,
2026-03-26T06:17:16.272047Z,132,dc.danglingtree.htb,Microsoft-Windows-WinRM,Microsoft-Windows-WinRM/Operational,2333,4,,,,,Get,,
2026-03-26T06:17:16.273120Z,145,dc.danglingtree.htb,Microsoft-Windows-WinRM,Microsoft-Windows-WinRM/Operational,2334,4,,,,,Put,,http://schemas.microsoft.com/wbem/wsman/1/Config/Plugin
2026-03-26T06:17:16.282029Z,254,dc.danglingtree.htb,Microsoft-Windows-WinRM,Microsoft-Windows-WinRM/Operational,2335,4,,,,,,,
2026-03-26T06:17:16.282031Z,132,dc.danglingtree.htb,Microsoft-Windows-WinRM,Microsoft-Windows-WinRM/Operational,2336,4,,,,,Put,,
2026-03-26T06:17:16.283042Z,145,dc.danglingtree.htb,Microsoft-Windows-WinRM,Microsoft-Windows-WinRM/Operational,2337,4,,,,,Get,,http://schemas.microsoft.com/wbem/wsman/1/Config/Plugin
2026-03-26T06:17:16.300367Z,254,dc.danglingtree.htb,Microsoft-Windows-WinRM,Microsoft-Windows-WinRM/Operational,2338,4,,,,,,,
2026-03-26T06:17:16.300369Z,132,dc.danglingtree.htb,Microsoft-Windows-WinRM,Microsoft-Windows-WinRM/Operational,2339,4,,,,,Get,,
2026-03-26T06:17:16.301735Z,145,dc.danglingtree.htb,Microsoft-Windows-WinRM,Microsoft-Windows-WinRM/Operational,2340,4,,,,,Enumeration,,http://schemas.microsoft.com/wbem/wsman/1/Config/Plugin
2026-03-26T06:17:16.305929Z,254,dc.danglingtree.htb,Microsoft-Windows-WinRM,Microsoft-Windows-WinRM/Operational,2341,4,,,,,,,
2026-03-26T06:17:16.305930Z,132,dc.danglingtree.htb,Microsoft-Windows-WinRM,Microsoft-Windows-WinRM/Operational,2342,4,,,,,Enumeration,,
2026-03-26T06:17:16.306796Z,145,dc.danglingtree.htb,Microsoft-Windows-WinRM,Microsoft-Windows-WinRM/Operational,2343,4,,,,,Put,,http://schemas.microsoft.com/wbem/wsman/1/Config/Plugin
2026-03-26T06:17:16.314625Z,254,dc.danglingtree.htb,Microsoft-Windows-WinRM,Microsoft-Windows-WinRM/Operational,2344,4,,,,,,,
2026-03-26T06:17:16.314627Z,132,dc.danglingtree.htb,Microsoft-Windows-WinRM,Microsoft-Windows-WinRM/Operational,2345,4,,,,,Put,,
2026-03-26T06:17:16.322077Z,145,dc.danglingtree.htb,Microsoft-Windows-WinRM,Microsoft-Windows-WinRM/Operational,2346,4,,,,,Enumeration,,http://schemas.microsoft.com/wbem/wsman/1/Config/Plugin
2026-03-26T06:17:16.339764Z,254,dc.danglingtree.htb,Microsoft-Windows-WinRM,Microsoft-Windows-WinRM/Operational,2347,4,,,,,,,
2026-03-26T06:17:16.339766Z,132,dc.danglingtree.htb,Microsoft-Windows-WinRM,Microsoft-Windows-WinRM/Operational,2348,4,,,,,Enumeration,,
2026-03-26T06:17:16.347242Z,145,dc.danglingtree.htb,Microsoft-Windows-WinRM,Microsoft-Windows-WinRM/Operational,2349,4,,,,,Get,,http://schemas.microsoft.com/wbem/wsman/1/Config/Plugin
2026-03-26T06:17:16.349699Z,254,dc.danglingtree.htb,Microsoft-Windows-WinRM,Microsoft-Windows-WinRM/Operational,2350,4,,,,,,,
2026-03-26T06:17:16.349701Z,132,dc.danglingtree.htb,Microsoft-Windows-WinRM,Microsoft-Windows-WinRM/Operational,2351,4,,,,,Get,,
2026-03-26T06:17:16.356984Z,145,dc.danglingtree.htb,Microsoft-Windows-WinRM,Microsoft-Windows-WinRM/Operational,2352,4,,,,,Enumeration,,http://schemas.microsoft.com/wbem/wsman/1/Config/Plugin
2026-03-26T06:17:16.362826Z,254,dc.danglingtree.htb,Microsoft-Windows-WinRM,Microsoft-Windows-WinRM/Operational,2353,4,,,,,,,
2026-03-26T06:17:16.362828Z,132,dc.danglingtree.htb,Microsoft-Windows-WinRM,Microsoft-Windows-WinRM/Operational,2354,4,,,,,Enumeration,,
2026-03-26T06:17:16.364057Z,145,dc.danglingtree.htb,Microsoft-Windows-WinRM,Microsoft-Windows-WinRM/Operational,2355,4,,,,,Get,,http://schemas.microsoft.com/wbem/wsman/1/Config/Plugin
2026-03-26T06:17:16.366258Z,254,dc.danglingtree.htb,Microsoft-Windows-WinRM,Microsoft-Windows-WinRM/Operational,2356,4,,,,,,,
2026-03-26T06:17:16.366259Z,132,dc.danglingtree.htb,Microsoft-Windows-WinRM,Microsoft-Windows-WinRM/Operational,2357,4,,,,,Get,,
2026-03-26T06:17:16.369859Z,145,dc.danglingtree.htb,Microsoft-Windows-WinRM,Microsoft-Windows-WinRM/Operational,2358,4,,,,,Enumeration,,http://schemas.microsoft.com/wbem/wsman/1/Config/Plugin
2026-03-26T06:17:16.376388Z,254,dc.danglingtree.htb,Microsoft-Windows-WinRM,Microsoft-Windows-WinRM/Operational,2359,4,,,,,,,
2026-03-26T06:17:16.376393Z,132,dc.danglingtree.htb,Microsoft-Windows-WinRM,Microsoft-Windows-WinRM/Operational,2360,4,,,,,Enumeration,,
2026-03-26T06:17:16.377356Z,145,dc.danglingtree.htb,Microsoft-Windows-WinRM,Microsoft-Windows-WinRM/Operational,2361,4,,,,,Get,,http://schemas.microsoft.com/wbem/wsman/1/Config/Plugin
2026-03-26T06:17:16.381267Z,254,dc.danglingtree.htb,Microsoft-Windows-WinRM,Microsoft-Windows-WinRM/Operational,2362,4,,,,,,,
2026-03-26T06:17:16.381269Z,132,dc.danglingtree.htb,Microsoft-Windows-WinRM,Microsoft-Windows-WinRM/Operational,2363,4,,,,,Get,,
2026-03-26T06:17:16.382761Z,145,dc.danglingtree.htb,Microsoft-Windows-WinRM,Microsoft-Windows-WinRM/Operational,2364,4,,,,,Enumeration,,http://schemas.microsoft.com/wbem/wsman/1/Config/Plugin
2026-03-26T06:17:16.390645Z,254,dc.danglingtree.htb,Microsoft-Windows-WinRM,Microsoft-Windows-WinRM/Operational,2365,4,,,,,,,
2026-03-26T06:17:16.390647Z,132,dc.danglingtree.htb,Microsoft-Windows-WinRM,Microsoft-Windows-WinRM/Operational,2366,4,,,,,Enumeration,,
2026-03-26T06:17:16.391838Z,145,dc.danglingtree.htb,Microsoft-Windows-WinRM,Microsoft-Windows-WinRM/Operational,2367,4,,,,,Get,,http://schemas.microsoft.com/wbem/wsman/1/Config/Plugin
2026-03-26T06:17:16.394914Z,254,dc.danglingtree.htb,Microsoft-Windows-WinRM,Microsoft-Windows-WinRM/Operational,2368,4,,,,,,,
2026-03-26T06:17:16.394915Z,132,dc.danglingtree.htb,Microsoft-Windows-WinRM,Microsoft-Windows-WinRM/Operational,2369,4,,,,,Get,,
2026-03-26T06:17:16.399005Z,145,dc.danglingtree.htb,Microsoft-Windows-WinRM,Microsoft-Windows-WinRM/Operational,2370,4,,,,,Enumeration,,http://schemas.microsoft.com/wbem/wsman/1/Config/Plugin
2026-03-26T06:17:16.404937Z,254,dc.danglingtree.htb,Microsoft-Windows-WinRM,Microsoft-Windows-WinRM/Operational,2371,4,,,,,,,
2026-03-26T06:17:16.404939Z,132,dc.danglingtree.htb,Microsoft-Windows-WinRM,Microsoft-Windows-WinRM/Operational,2372,4,,,,,Enumeration,,
2026-03-26T06:17:16.405421Z,145,dc.danglingtree.htb,Microsoft-Windows-WinRM,Microsoft-Windows-WinRM/Operational,2373,4,,,,,Get,,http://schemas.microsoft.com/wbem/wsman/1/Config/Plugin
2026-03-26T06:17:16.408527Z,254,dc.danglingtree.htb,Microsoft-Windows-WinRM,Microsoft-Windows-WinRM/Operational,2374,4,,,,,,,
2026-03-26T06:17:16.408528Z,132,dc.danglingtree.htb,Microsoft-Windows-WinRM,Microsoft-Windows-WinRM/Operational,2375,4,,,,,Get,,
2026-03-26T06:17:16.411536Z,145,dc.danglingtree.htb,Microsoft-Windows-WinRM,Microsoft-Windows-WinRM/Operational,2376,4,,,,,Enumeration,,http://schemas.microsoft.com/wbem/wsman/1/Config/Plugin
2026-03-26T06:17:16.416368Z,254,dc.danglingtree.htb,Microsoft-Windows-WinRM,Microsoft-Windows-WinRM/Operational,2377,4,,,,,,,
2026-03-26T06:17:16.416370Z,132,dc.danglingtree.htb,Microsoft-Windows-WinRM,Microsoft-Windows-WinRM/Operational,2378,4,,,,,Enumeration,,
2026-03-26T06:17:16.417118Z,145,dc.danglingtree.htb,Microsoft-Windows-WinRM,Microsoft-Windows-WinRM/Operational,2379,4,,,,,Get,,http://schemas.microsoft.com/wbem/wsman/1/Config/Plugin
2026-03-26T06:17:16.418746Z,254,dc.danglingtree.htb,Microsoft-Windows-WinRM,Microsoft-Windows-WinRM/Operational,2380,4,,,,,,,
2026-03-26T06:17:16.418747Z,132,dc.danglingtree.htb,Microsoft-Windows-WinRM,Microsoft-Windows-WinRM/Operational,2381,4,,,,,Get,,
2026-03-26T06:17:16.422573Z,145,dc.danglingtree.htb,Microsoft-Windows-WinRM,Microsoft-Windows-WinRM/Operational,2382,4,,,,,Enumeration,,http://schemas.microsoft.com/wbem/wsman/1/Config/Plugin
2026-03-26T06:17:16.430262Z,254,dc.danglingtree.htb,Microsoft-Windows-WinRM,Microsoft-Windows-WinRM/Operational,2383,4,,,,,,,
2026-03-26T06:17:16.430264Z,132,dc.danglingtree.htb,Microsoft-Windows-WinRM,Microsoft-Windows-WinRM/Operational,2384,4,,,,,Enumeration,,
2026-03-26T06:17:16.430860Z,145,dc.danglingtree.htb,Microsoft-Windows-WinRM,Microsoft-Windows-WinRM/Operational,2385,4,,,,,Get,,http://schemas.microsoft.com/wbem/wsman/1/Config/Plugin
2026-03-26T06:17:16.431968Z,254,dc.danglingtree.htb,Microsoft-Windows-WinRM,Microsoft-Windows-WinRM/Operational,2386,4,,,,,,,
2026-03-26T06:17:16.431970Z,132,dc.danglingtree.htb,Microsoft-Windows-WinRM,Microsoft-Windows-WinRM/Operational,2387,4,,,,,Get,,
2026-03-26T06:17:16.435218Z,145,dc.danglingtree.htb,Microsoft-Windows-WinRM,Microsoft-Windows-WinRM/Operational,2388,4,,,,,Enumeration,,http://schemas.microsoft.com/wbem/wsman/1/Config/Plugin
2026-03-26T06:17:16.440238Z,254,dc.danglingtree.htb,Microsoft-Windows-WinRM,Microsoft-Windows-WinRM/Operational,2389,4,,,,,,,
2026-03-26T06:17:16.440239Z,132,dc.danglingtree.htb,Microsoft-Windows-WinRM,Microsoft-Windows-WinRM/Operational,2390,4,,,,,Enumeration,,
2026-03-26T06:17:16.441716Z,145,dc.danglingtree.htb,Microsoft-Windows-WinRM,Microsoft-Windows-WinRM/Operational,2391,4,,,,,Get,,http://schemas.microsoft.com/wbem/wsman/1/Config/Plugin
