2026-03-28T00:05:41.996421Z,211,dc.danglingtree.htb,Microsoft-Windows-WinRM,Microsoft-Windows-WinRM/Operational,2714,4,,,,,,,
2026-03-28T00:05:42.570554Z,212,dc.danglingtree.htb,Microsoft-Windows-WinRM,Microsoft-Windows-WinRM/Operational,2715,4,,,,,,,
2026-03-28T00:06:07.892017Z,208,dc.danglingtree.htb,Microsoft-Windows-WinRM,Microsoft-Windows-WinRM/Operational,2716,4,,,,,,,
2026-03-28T00:06:08.067415Z,209,dc.danglingtree.htb,Microsoft-Windows-WinRM,Microsoft-Windows-WinRM/Operational,2717,4,,,,,,,
2026-03-28T00:06:28.375643Z,145,dc.danglingtree.htb,Microsoft-Windows-WinRM,Microsoft-Windows-WinRM/Operational,2718,4,,,,,Enumeration,,http://schemas.microsoft.com/wbem/wsman/1/config/listener
2026-03-28T00:06:28.400117Z,132,dc.danglingtree.htb,Microsoft-Windows-WinRM,Microsoft-Windows-WinRM/Operational,2719,4,,,,,Enumeration,,
2026-03-28T00:06:28.446842Z,145,dc.danglingtree.htb,Microsoft-Windows-WinRM,Microsoft-Windows-WinRM/Operational,2720,4,,,,,Enumeration,,http://schemas.microsoft.com/wbem/wsman/1/windows/shell
2026-03-28T00:06:28.451634Z,132,dc.danglingtree.htb,Microsoft-Windows-WinRM,Microsoft-Windows-WinRM/Operational,2721,4,,,,,Enumeration,,
2026-03-28T00:16:34.631533Z,145,dc.danglingtree.htb,Microsoft-Windows-WinRM,Microsoft-Windows-WinRM/Operational,2722,4,,,,,Enumeration,,http://schemas.microsoft.com/wbem/wsman/1/config/listener
2026-03-28T00:16:34.650953Z,132,dc.danglingtree.htb,Microsoft-Windows-WinRM,Microsoft-Windows-WinRM/Operational,2723,4,,,,,Enumeration,,
2026-03-28T00:16:34.677585Z,145,dc.danglingtree.htb,Microsoft-Windows-WinRM,Microsoft-Windows-WinRM/Operational,2724,4,,,,,Enumeration,,http://schemas.microsoft.com/wbem/wsman/1/windows/shell
2026-03-28T00:16:34.701299Z,132,dc.danglingtree.htb,Microsoft-Windows-WinRM,Microsoft-Windows-WinRM/Operational,2725,4,,,,,Enumeration,,
2026-03-28T00:19:29.884082Z,211,dc.danglingtree.htb,Microsoft-Windows-WinRM,Microsoft-Windows-WinRM/Operational,2726,4,,,,,,,
2026-03-28T00:19:30.439227Z,212,dc.danglingtree.htb,Microsoft-Windows-WinRM,Microsoft-Windows-WinRM/Operational,2727,4,,,,,,,
2026-03-28T00:19:55.158191Z,208,dc.danglingtree.htb,Microsoft-Windows-WinRM,Microsoft-Windows-WinRM/Operational,2728,4,,,,,,,
2026-03-28T00:19:55.341733Z,209,dc.danglingtree.htb,Microsoft-Windows-WinRM,Microsoft-Windows-WinRM/Operational,2729,4,,,,,,,
2026-03-28T00:20:15.838395Z,145,dc.danglingtree.htb,Microsoft-Windows-WinRM,Microsoft-Windows-WinRM/Operational,2730,4,,,,,Enumeration,,http://schemas.microsoft.com/wbem/wsman/1/config/listener
2026-03-28T00:20:15.864756Z,132,dc.danglingtree.htb,Microsoft-Windows-WinRM,Microsoft-Windows-WinRM/Operational,2731,4,,,,,Enumeration,,
2026-03-28T00:20:15.923143Z,145,dc.danglingtree.htb,Microsoft-Windows-WinRM,Microsoft-Windows-WinRM/Operational,2732,4,,,,,Enumeration,,http://schemas.microsoft.com/wbem/wsman/1/windows/shell
2026-03-28T00:20:15.928719Z,132,dc.danglingtree.htb,Microsoft-Windows-WinRM,Microsoft-Windows-WinRM/Operational,2733,4,,,,,Enumeration,,
2026-03-28T00:21:32.935443Z,145,dc.danglingtree.htb,Microsoft-Windows-WinRM,Microsoft-Windows-WinRM/Operational,2734,4,,,,,Enumeration,,http://schemas.microsoft.com/wbem/wsman/1/windows/shell
2026-03-28T00:21:32.944380Z,132,dc.danglingtree.htb,Microsoft-Windows-WinRM,Microsoft-Windows-WinRM/Operational,2735,4,,,,,Enumeration,,
2026-03-28T00:25:24.634218Z,211,dc.danglingtree.htb,Microsoft-Windows-WinRM,Microsoft-Windows-WinRM/Operational,2736,4,,,,,,,
2026-03-28T00:25:25.200138Z,212,dc.danglingtree.htb,Microsoft-Windows-WinRM,Microsoft-Windows-WinRM/Operational,2737,4,,,,,,,
2026-03-28T00:25:51.491598Z,208,dc.danglingtree.htb,Microsoft-Windows-WinRM,Microsoft-Windows-WinRM/Operational,2738,4,,,,,,,
2026-03-28T00:25:51.681252Z,209,dc.danglingtree.htb,Microsoft-Windows-WinRM,Microsoft-Windows-WinRM/Operational,2739,4,,,,,,,
2026-03-28T00:26:12.034354Z,145,dc.danglingtree.htb,Microsoft-Windows-WinRM,Microsoft-Windows-WinRM/Operational,2740,4,,,,,Enumeration,,http://schemas.microsoft.com/wbem/wsman/1/config/listener
2026-03-28T00:26:12.058881Z,132,dc.danglingtree.htb,Microsoft-Windows-WinRM,Microsoft-Windows-WinRM/Operational,2741,4,,,,,Enumeration,,
2026-03-28T00:26:12.110633Z,145,dc.danglingtree.htb,Microsoft-Windows-WinRM,Microsoft-Windows-WinRM/Operational,2742,4,,,,,Enumeration,,http://schemas.microsoft.com/wbem/wsman/1/windows/shell
2026-03-28T00:26:12.115005Z,132,dc.danglingtree.htb,Microsoft-Windows-WinRM,Microsoft-Windows-WinRM/Operational,2743,4,,,,,Enumeration,,
2026-03-28T00:35:39.793763Z,211,dc.danglingtree.htb,Microsoft-Windows-WinRM,Microsoft-Windows-WinRM/Operational,2744,4,,,,,,,
2026-03-28T00:35:40.335056Z,212,dc.danglingtree.htb,Microsoft-Windows-WinRM,Microsoft-Windows-WinRM/Operational,2745,4,,,,,,,
2026-03-28T00:36:05.970760Z,208,dc.danglingtree.htb,Microsoft-Windows-WinRM,Microsoft-Windows-WinRM/Operational,2746,4,,,,,,,
2026-03-28T00:36:06.179371Z,209,dc.danglingtree.htb,Microsoft-Windows-WinRM,Microsoft-Windows-WinRM/Operational,2747,4,,,,,,,
2026-03-28T00:36:26.434185Z,145,dc.danglingtree.htb,Microsoft-Windows-WinRM,Microsoft-Windows-WinRM/Operational,2748,4,,,,,Enumeration,,http://schemas.microsoft.com/wbem/wsman/1/config/listener
2026-03-28T00:36:26.457715Z,132,dc.danglingtree.htb,Microsoft-Windows-WinRM,Microsoft-Windows-WinRM/Operational,2749,4,,,,,Enumeration,,
2026-03-28T00:36:26.504625Z,145,dc.danglingtree.htb,Microsoft-Windows-WinRM,Microsoft-Windows-WinRM/Operational,2750,4,,,,,Enumeration,,http://schemas.microsoft.com/wbem/wsman/1/windows/shell
2026-03-28T00:36:26.508687Z,132,dc.danglingtree.htb,Microsoft-Windows-WinRM,Microsoft-Windows-WinRM/Operational,2751,4,,,,,Enumeration,,
2026-03-28T00:41:19.849804Z,145,dc.danglingtree.htb,Microsoft-Windows-WinRM,Microsoft-Windows-WinRM/Operational,2752,4,,,,,Enumeration,,http://schemas.microsoft.com/wbem/wsman/1/config/listener
2026-03-28T00:41:19.868512Z,132,dc.danglingtree.htb,Microsoft-Windows-WinRM,Microsoft-Windows-WinRM/Operational,2753,4,,,,,Enumeration,,
2026-03-28T00:41:19.907439Z,145,dc.danglingtree.htb,Microsoft-Windows-WinRM,Microsoft-Windows-WinRM/Operational,2754,4,,,,,Enumeration,,http://schemas.microsoft.com/wbem/wsman/1/windows/shell
2026-03-28T00:41:19.913038Z,132,dc.danglingtree.htb,Microsoft-Windows-WinRM,Microsoft-Windows-WinRM/Operational,2755,4,,,,,Enumeration,,
2026-03-28T00:41:19.937104Z,145,dc.danglingtree.htb,Microsoft-Windows-WinRM,Microsoft-Windows-WinRM/Operational,2756,4,,,,,Enumeration,,http://schemas.microsoft.com/wbem/wsman/1/windows/shell
2026-03-28T00:41:19.942806Z,132,dc.danglingtree.htb,Microsoft-Windows-WinRM,Microsoft-Windows-WinRM/Operational,2757,4,,,,,Enumeration,,
2026-03-28T00:43:59.000316Z,145,dc.danglingtree.htb,Microsoft-Windows-WinRM,Microsoft-Windows-WinRM/Operational,2758,4,,,,,Enumeration,,http://schemas.microsoft.com/wbem/wsman/1/config/listener
2026-03-28T00:43:59.018716Z,132,dc.danglingtree.htb,Microsoft-Windows-WinRM,Microsoft-Windows-WinRM/Operational,2759,4,,,,,Enumeration,,
2026-03-28T00:43:59.048089Z,145,dc.danglingtree.htb,Microsoft-Windows-WinRM,Microsoft-Windows-WinRM/Operational,2760,4,,,,,Enumeration,,http://schemas.microsoft.com/wbem/wsman/1/windows/shell
2026-03-28T00:43:59.052883Z,132,dc.danglingtree.htb,Microsoft-Windows-WinRM,Microsoft-Windows-WinRM/Operational,2761,4,,,,,Enumeration,,
2026-03-28T00:43:59.070898Z,145,dc.danglingtree.htb,Microsoft-Windows-WinRM,Microsoft-Windows-WinRM/Operational,2762,4,,,,,Enumeration,,http://schemas.microsoft.com/wbem/wsman/1/windows/shell
2026-03-28T00:43:59.075419Z,132,dc.danglingtree.htb,Microsoft-Windows-WinRM,Microsoft-Windows-WinRM/Operational,2763,4,,,,,Enumeration,,
2026-03-28T00:45:15.866122Z,145,dc.danglingtree.htb,Microsoft-Windows-WinRM,Microsoft-Windows-WinRM/Operational,2764,4,,,,,Enumeration,,http://schemas.microsoft.com/wbem/wsman/1/windows/shell
2026-03-28T00:45:15.872366Z,132,dc.danglingtree.htb,Microsoft-Windows-WinRM,Microsoft-Windows-WinRM/Operational,2765,4,,,,,Enumeration,,
2026-03-28T00:50:55.853294Z,145,dc.danglingtree.htb,Microsoft-Windows-WinRM,Microsoft-Windows-WinRM/Operational,2766,4,,,,,Enumeration,,http://schemas.microsoft.com/wbem/wsman/1/config/listener
2026-03-28T00:50:55.872823Z,132,dc.danglingtree.htb,Microsoft-Windows-WinRM,Microsoft-Windows-WinRM/Operational,2767,4,,,,,Enumeration,,
2026-03-28T00:50:55.904063Z,145,dc.danglingtree.htb,Microsoft-Windows-WinRM,Microsoft-Windows-WinRM/Operational,2768,4,,,,,Enumeration,,http://schemas.microsoft.com/wbem/wsman/1/windows/shell
2026-03-28T00:50:55.908719Z,132,dc.danglingtree.htb,Microsoft-Windows-WinRM,Microsoft-Windows-WinRM/Operational,2769,4,,,,,Enumeration,,
2026-03-28T00:50:55.926997Z,145,dc.danglingtree.htb,Microsoft-Windows-WinRM,Microsoft-Windows-WinRM/Operational,2770,4,,,,,Enumeration,,http://schemas.microsoft.com/wbem/wsman/1/windows/shell
2026-03-28T00:50:55.932568Z,132,dc.danglingtree.htb,Microsoft-Windows-WinRM,Microsoft-Windows-WinRM/Operational,2771,4,,,,,Enumeration,,
2026-03-28T00:52:51.294178Z,211,dc.danglingtree.htb,Microsoft-Windows-WinRM,Microsoft-Windows-WinRM/Operational,2772,4,,,,,,,
2026-03-28T00:52:51.848978Z,212,dc.danglingtree.htb,Microsoft-Windows-WinRM,Microsoft-Windows-WinRM/Operational,2773,4,,,,,,,
2026-03-28T00:53:15.810332Z,208,dc.danglingtree.htb,Microsoft-Windows-WinRM,Microsoft-Windows-WinRM/Operational,2774,4,,,,,,,
2026-03-28T00:53:16.007066Z,209,dc.danglingtree.htb,Microsoft-Windows-WinRM,Microsoft-Windows-WinRM/Operational,2775,4,,,,,,,
2026-03-28T00:53:36.273467Z,145,dc.danglingtree.htb,Microsoft-Windows-WinRM,Microsoft-Windows-WinRM/Operational,2776,4,,,,,Enumeration,,http://schemas.microsoft.com/wbem/wsman/1/config/listener
2026-03-28T00:53:36.302920Z,132,dc.danglingtree.htb,Microsoft-Windows-WinRM,Microsoft-Windows-WinRM/Operational,2777,4,,,,,Enumeration,,
2026-03-28T00:53:36.353388Z,145,dc.danglingtree.htb,Microsoft-Windows-WinRM,Microsoft-Windows-WinRM/Operational,2778,4,,,,,Enumeration,,http://schemas.microsoft.com/wbem/wsman/1/windows/shell
2026-03-28T00:53:36.357027Z,132,dc.danglingtree.htb,Microsoft-Windows-WinRM,Microsoft-Windows-WinRM/Operational,2779,4,,,,,Enumeration,,
2026-03-28T00:56:30.750597Z,211,dc.danglingtree.htb,Microsoft-Windows-WinRM,Microsoft-Windows-WinRM/Operational,2780,4,,,,,,,
2026-03-28T00:56:31.310279Z,212,dc.danglingtree.htb,Microsoft-Windows-WinRM,Microsoft-Windows-WinRM/Operational,2781,4,,,,,,,
2026-03-28T00:56:57.082582Z,208,dc.danglingtree.htb,Microsoft-Windows-WinRM,Microsoft-Windows-WinRM/Operational,2782,4,,,,,,,
2026-03-28T00:56:57.281447Z,209,dc.danglingtree.htb,Microsoft-Windows-WinRM,Microsoft-Windows-WinRM/Operational,2783,4,,,,,,,
2026-03-28T00:57:17.538517Z,145,dc.danglingtree.htb,Microsoft-Windows-WinRM,Microsoft-Windows-WinRM/Operational,2784,4,,,,,Enumeration,,http://schemas.microsoft.com/wbem/wsman/1/config/listener
2026-03-28T00:57:17.560656Z,132,dc.danglingtree.htb,Microsoft-Windows-WinRM,Microsoft-Windows-WinRM/Operational,2785,4,,,,,Enumeration,,
2026-03-28T00:57:17.606690Z,145,dc.danglingtree.htb,Microsoft-Windows-WinRM,Microsoft-Windows-WinRM/Operational,2786,4,,,,,Enumeration,,http://schemas.microsoft.com/wbem/wsman/1/windows/shell
2026-03-28T00:57:17.611291Z,132,dc.danglingtree.htb,Microsoft-Windows-WinRM,Microsoft-Windows-WinRM/Operational,2787,4,,,,,Enumeration,,
2026-03-28T01:01:51.102406Z,145,dc.danglingtree.htb,Microsoft-Windows-WinRM,Microsoft-Windows-WinRM/Operational,2788,4,,,,,Enumeration,,http://schemas.microsoft.com/wbem/wsman/1/config/listener
2026-03-28T01:01:51.121881Z,132,dc.danglingtree.htb,Microsoft-Windows-WinRM,Microsoft-Windows-WinRM/Operational,2789,4,,,,,Enumeration,,
2026-03-28T01:01:51.152793Z,145,dc.danglingtree.htb,Microsoft-Windows-WinRM,Microsoft-Windows-WinRM/Operational,2790,4,,,,,Enumeration,,http://schemas.microsoft.com/wbem/wsman/1/windows/shell
2026-03-28T01:01:51.158385Z,132,dc.danglingtree.htb,Microsoft-Windows-WinRM,Microsoft-Windows-WinRM/Operational,2791,4,,,,,Enumeration,,
2026-03-28T01:05:40.012415Z,211,dc.danglingtree.htb,Microsoft-Windows-WinRM,Microsoft-Windows-WinRM/Operational,2792,4,,,,,,,
2026-03-28T01:05:40.536080Z,212,dc.danglingtree.htb,Microsoft-Windows-WinRM,Microsoft-Windows-WinRM/Operational,2793,4,,,,,,,
2026-03-28T01:06:05.431384Z,208,dc.danglingtree.htb,Microsoft-Windows-WinRM,Microsoft-Windows-WinRM/Operational,2794,4,,,,,,,
2026-03-28T01:06:05.537051Z,209,dc.danglingtree.htb,Microsoft-Windows-WinRM,Microsoft-Windows-WinRM/Operational,2795,4,,,,,,,
2026-03-28T01:06:26.014358Z,145,dc.danglingtree.htb,Microsoft-Windows-WinRM,Microsoft-Windows-WinRM/Operational,2796,4,,,,,Enumeration,,http://schemas.microsoft.com/wbem/wsman/1/config/listener
2026-03-28T01:06:26.040030Z,132,dc.danglingtree.htb,Microsoft-Windows-WinRM,Microsoft-Windows-WinRM/Operational,2797,4,,,,,Enumeration,,
2026-03-28T01:06:35.444540Z,145,dc.danglingtree.htb,Microsoft-Windows-WinRM,Microsoft-Windows-WinRM/Operational,2798,4,,,,,Enumeration,,http://schemas.microsoft.com/wbem/wsman/1/windows/shell
2026-03-28T01:06:35.453545Z,132,dc.danglingtree.htb,Microsoft-Windows-WinRM,Microsoft-Windows-WinRM/Operational,2799,4,,,,,Enumeration,,
2026-03-28T01:07:31.594623Z,145,dc.danglingtree.htb,Microsoft-Windows-WinRM,Microsoft-Windows-WinRM/Operational,2800,4,,,,,Enumeration,,http://schemas.microsoft.com/wbem/wsman/1/windows/shell
2026-03-28T01:07:31.599215Z,132,dc.danglingtree.htb,Microsoft-Windows-WinRM,Microsoft-Windows-WinRM/Operational,2801,4,,,,,Enumeration,,
2026-03-28T01:07:55.156555Z,211,dc.danglingtree.htb,Microsoft-Windows-WinRM,Microsoft-Windows-WinRM/Operational,2802,4,,,,,,,
2026-03-28T01:07:55.701158Z,212,dc.danglingtree.htb,Microsoft-Windows-WinRM,Microsoft-Windows-WinRM/Operational,2803,4,,,,,,,
2026-03-28T01:08:21.243123Z,208,dc.danglingtree.htb,Microsoft-Windows-WinRM,Microsoft-Windows-WinRM/Operational,2804,4,,,,,,,
2026-03-28T01:08:21.393148Z,209,dc.danglingtree.htb,Microsoft-Windows-WinRM,Microsoft-Windows-WinRM/Operational,2805,4,,,,,,,
2026-03-28T01:08:41.724882Z,145,dc.danglingtree.htb,Microsoft-Windows-WinRM,Microsoft-Windows-WinRM/Operational,2806,4,,,,,Enumeration,,http://schemas.microsoft.com/wbem/wsman/1/config/listener
2026-03-28T01:08:41.753507Z,132,dc.danglingtree.htb,Microsoft-Windows-WinRM,Microsoft-Windows-WinRM/Operational,2807,4,,,,,Enumeration,,
2026-03-28T01:08:41.806856Z,145,dc.danglingtree.htb,Microsoft-Windows-WinRM,Microsoft-Windows-WinRM/Operational,2808,4,,,,,Enumeration,,http://schemas.microsoft.com/wbem/wsman/1/windows/shell
2026-03-28T01:08:41.810937Z,132,dc.danglingtree.htb,Microsoft-Windows-WinRM,Microsoft-Windows-WinRM/Operational,2809,4,,,,,Enumeration,,
2026-03-28T01:09:31.362602Z,145,dc.danglingtree.htb,Microsoft-Windows-WinRM,Microsoft-Windows-WinRM/Operational,2810,4,,,,,Enumeration,,http://schemas.microsoft.com/wbem/wsman/1/windows/shell
2026-03-28T01:09:31.366856Z,132,dc.danglingtree.htb,Microsoft-Windows-WinRM,Microsoft-Windows-WinRM/Operational,2811,4,,,,,Enumeration,,
2026-03-28T01:19:33.432896Z,211,dc.danglingtree.htb,Microsoft-Windows-WinRM,Microsoft-Windows-WinRM/Operational,2812,4,,,,,,,
2026-03-28T01:19:33.962143Z,212,dc.danglingtree.htb,Microsoft-Windows-WinRM,Microsoft-Windows-WinRM/Operational,2813,4,,,,,,,
2026-04-04T23:29:24.161462Z,208,dc.danglingtree.htb,Microsoft-Windows-WinRM,Microsoft-Windows-WinRM/Operational,2814,4,,,,,,,
2026-04-04T23:29:24.360678Z,209,dc.danglingtree.htb,Microsoft-Windows-WinRM,Microsoft-Windows-WinRM/Operational,2815,4,,,,,,,
2026-04-04T23:29:44.716998Z,145,dc.danglingtree.htb,Microsoft-Windows-WinRM,Microsoft-Windows-WinRM/Operational,2816,4,,,,,Enumeration,,http://schemas.microsoft.com/wbem/wsman/1/config/listener
2026-04-04T23:29:44.743194Z,132,dc.danglingtree.htb,Microsoft-Windows-WinRM,Microsoft-Windows-WinRM/Operational,2817,4,,,,,Enumeration,,
2026-04-04T23:29:44.804561Z,145,dc.danglingtree.htb,Microsoft-Windows-WinRM,Microsoft-Windows-WinRM/Operational,2818,4,,,,,Enumeration,,http://schemas.microsoft.com/wbem/wsman/1/windows/shell
2026-04-04T23:29:44.808349Z,132,dc.danglingtree.htb,Microsoft-Windows-WinRM,Microsoft-Windows-WinRM/Operational,2819,4,,,,,Enumeration,,
2026-04-04T23:30:29.185367Z,145,dc.danglingtree.htb,Microsoft-Windows-WinRM,Microsoft-Windows-WinRM/Operational,2820,4,,,,,Enumeration,,http://schemas.microsoft.com/wbem/wsman/1/windows/shell
2026-04-04T23:30:29.190244Z,132,dc.danglingtree.htb,Microsoft-Windows-WinRM,Microsoft-Windows-WinRM/Operational,2821,4,,,,,Enumeration,,
2026-04-04T23:33:29.642282Z,211,dc.danglingtree.htb,Microsoft-Windows-WinRM,Microsoft-Windows-WinRM/Operational,2822,4,,,,,,,
2026-04-04T23:33:30.218650Z,212,dc.danglingtree.htb,Microsoft-Windows-WinRM,Microsoft-Windows-WinRM/Operational,2823,4,,,,,,,
2026-04-04T23:47:49.485838Z,208,dc.danglingtree.htb,Microsoft-Windows-WinRM,Microsoft-Windows-WinRM/Operational,2824,4,,,,,,,
2026-04-04T23:47:49.686068Z,209,dc.danglingtree.htb,Microsoft-Windows-WinRM,Microsoft-Windows-WinRM/Operational,2825,4,,,,,,,
2026-04-04T23:48:10.013902Z,145,dc.danglingtree.htb,Microsoft-Windows-WinRM,Microsoft-Windows-WinRM/Operational,2826,4,,,,,Enumeration,,http://schemas.microsoft.com/wbem/wsman/1/config/listener
2026-04-04T23:48:10.053881Z,132,dc.danglingtree.htb,Microsoft-Windows-WinRM,Microsoft-Windows-WinRM/Operational,2827,4,,,,,Enumeration,,
2026-04-04T23:48:10.116811Z,145,dc.danglingtree.htb,Microsoft-Windows-WinRM,Microsoft-Windows-WinRM/Operational,2828,4,,,,,Enumeration,,http://schemas.microsoft.com/wbem/wsman/1/windows/shell
2026-04-04T23:48:10.120883Z,132,dc.danglingtree.htb,Microsoft-Windows-WinRM,Microsoft-Windows-WinRM/Operational,2829,4,,,,,Enumeration,,
2026-04-04T23:48:54.500453Z,145,dc.danglingtree.htb,Microsoft-Windows-WinRM,Microsoft-Windows-WinRM/Operational,2830,4,,,,,Enumeration,,http://schemas.microsoft.com/wbem/wsman/1/windows/shell
2026-04-04T23:48:54.504843Z,132,dc.danglingtree.htb,Microsoft-Windows-WinRM,Microsoft-Windows-WinRM/Operational,2831,4,,,,,Enumeration,,
2026-04-05T00:05:44.182169Z,211,dc.danglingtree.htb,Microsoft-Windows-WinRM,Microsoft-Windows-WinRM/Operational,2832,4,,,,,,,
2026-04-05T00:05:44.714863Z,212,dc.danglingtree.htb,Microsoft-Windows-WinRM,Microsoft-Windows-WinRM/Operational,2833,4,,,,,,,
2026-04-05T00:52:29.886395Z,208,dc.danglingtree.htb,Microsoft-Windows-WinRM,Microsoft-Windows-WinRM/Operational,2834,4,,,,,,,
2026-04-05T00:52:30.064450Z,209,dc.danglingtree.htb,Microsoft-Windows-WinRM,Microsoft-Windows-WinRM/Operational,2835,4,,,,,,,
2026-04-05T00:52:50.414040Z,145,dc.danglingtree.htb,Microsoft-Windows-WinRM,Microsoft-Windows-WinRM/Operational,2836,4,,,,,Enumeration,,http://schemas.microsoft.com/wbem/wsman/1/config/listener
2026-04-05T00:52:50.440542Z,132,dc.danglingtree.htb,Microsoft-Windows-WinRM,Microsoft-Windows-WinRM/Operational,2837,4,,,,,Enumeration,,
2026-04-05T00:52:50.495808Z,145,dc.danglingtree.htb,Microsoft-Windows-WinRM,Microsoft-Windows-WinRM/Operational,2838,4,,,,,Enumeration,,http://schemas.microsoft.com/wbem/wsman/1/windows/shell
2026-04-05T00:52:50.500846Z,132,dc.danglingtree.htb,Microsoft-Windows-WinRM,Microsoft-Windows-WinRM/Operational,2839,4,,,,,Enumeration,,
2026-04-05T00:53:35.218046Z,145,dc.danglingtree.htb,Microsoft-Windows-WinRM,Microsoft-Windows-WinRM/Operational,2840,4,,,,,Enumeration,,http://schemas.microsoft.com/wbem/wsman/1/windows/shell
2026-04-05T00:53:35.223400Z,132,dc.danglingtree.htb,Microsoft-Windows-WinRM,Microsoft-Windows-WinRM/Operational,2841,4,,,,,Enumeration,,
2026-04-05T00:55:16.214368Z,41,dc.danglingtree.htb,Microsoft-Windows-WinRM,Microsoft-Windows-WinRM/Operational,2842,4,ServerManager.exe,,,,,,
2026-04-05T00:55:16.214752Z,44,dc.danglingtree.htb,Microsoft-Windows-WinRM,Microsoft-Windows-WinRM/Operational,2843,4,,,<local>,,,,
2026-04-05T00:55:16.217094Z,44,dc.danglingtree.htb,Microsoft-Windows-WinRM,Microsoft-Windows-WinRM/Operational,2844,4,,,<local>,,,,
2026-04-05T00:55:16.219714Z,47,dc.danglingtree.htb,Microsoft-Windows-WinRM,Microsoft-Windows-WinRM/Operational,2845,4,,*,,root\microsoft\windows\smb,,EnumerateInstances,
2026-04-05T00:55:16.219717Z,47,dc.danglingtree.htb,Microsoft-Windows-WinRM,Microsoft-Windows-WinRM/Operational,2846,4,,*,,root\microsoft\windows\storage,,EnumerateInstances,
2026-04-05T00:55:16.289531Z,47,dc.danglingtree.htb,Microsoft-Windows-WinRM,Microsoft-Windows-WinRM/Operational,2847,4,,MSFT_SmbShare,,root/microsoft/windows/smb,,GetClass,
2026-04-05T00:55:16.300839Z,48,dc.danglingtree.htb,Microsoft-Windows-WinRM,Microsoft-Windows-WinRM/Operational,2848,4,,,,,,,
2026-04-05T00:55:16.301086Z,132,dc.danglingtree.htb,Microsoft-Windows-WinRM,Microsoft-Windows-WinRM/Operational,2849,4,,,,,Get,,
2026-04-05T00:55:16.303304Z,48,dc.danglingtree.htb,Microsoft-Windows-WinRM,Microsoft-Windows-WinRM/Operational,2850,4,,,,,,,
2026-04-05T00:55:16.304071Z,132,dc.danglingtree.htb,Microsoft-Windows-WinRM,Microsoft-Windows-WinRM/Operational,2851,4,,,,,Enumeration,,
2026-04-05T00:55:16.337892Z,45,dc.danglingtree.htb,Microsoft-Windows-WinRM,Microsoft-Windows-WinRM/Operational,2852,4,,,,,,,
2026-04-05T00:55:16.479837Z,47,dc.danglingtree.htb,Microsoft-Windows-WinRM,Microsoft-Windows-WinRM/Operational,2853,4,,MSFT_Volume,,root/microsoft/windows/storage,,GetClass,
2026-04-05T00:55:16.487197Z,48,dc.danglingtree.htb,Microsoft-Windows-WinRM,Microsoft-Windows-WinRM/Operational,2854,4,,,,,,,
2026-04-05T00:55:16.487230Z,132,dc.danglingtree.htb,Microsoft-Windows-WinRM,Microsoft-Windows-WinRM/Operational,2855,4,,,,,Get,,
2026-04-05T00:55:16.488335Z,48,dc.danglingtree.htb,Microsoft-Windows-WinRM,Microsoft-Windows-WinRM/Operational,2856,4,,,,,,,
2026-04-05T00:55:16.488380Z,132,dc.danglingtree.htb,Microsoft-Windows-WinRM,Microsoft-Windows-WinRM/Operational,2857,4,,,,,Enumeration,,
2026-04-05T00:55:16.488490Z,47,dc.danglingtree.htb,Microsoft-Windows-WinRM,Microsoft-Windows-WinRM/Operational,2858,4,,*,,root\microsoft\windows\storage,,EnumerateInstances,
2026-04-05T00:55:16.508527Z,47,dc.danglingtree.htb,Microsoft-Windows-WinRM,Microsoft-Windows-WinRM/Operational,2859,4,,MSFT_Partition,,root/microsoft/windows/storage,,GetClass,
2026-04-05T00:55:16.511027Z,48,dc.danglingtree.htb,Microsoft-Windows-WinRM,Microsoft-Windows-WinRM/Operational,2860,4,,,,,,,
2026-04-05T00:55:16.511097Z,132,dc.danglingtree.htb,Microsoft-Windows-WinRM,Microsoft-Windows-WinRM/Operational,2861,4,,,,,Get,,
2026-04-05T00:55:16.512081Z,48,dc.danglingtree.htb,Microsoft-Windows-WinRM,Microsoft-Windows-WinRM/Operational,2862,4,,,,,,,
2026-04-05T00:55:16.512127Z,132,dc.danglingtree.htb,Microsoft-Windows-WinRM,Microsoft-Windows-WinRM/Operational,2863,4,,,,,Enumeration,,
2026-04-05T00:55:16.512204Z,47,dc.danglingtree.htb,Microsoft-Windows-WinRM,Microsoft-Windows-WinRM/Operational,2864,4,,*,,root\microsoft\windows\storage,,EnumerateInstances,
2026-04-05T00:55:16.528278Z,47,dc.danglingtree.htb,Microsoft-Windows-WinRM,Microsoft-Windows-WinRM/Operational,2865,4,,MSFT_Disk,,root/microsoft/windows/storage,,GetClass,
2026-04-05T00:55:16.531190Z,48,dc.danglingtree.htb,Microsoft-Windows-WinRM,Microsoft-Windows-WinRM/Operational,2866,4,,,,,,,
2026-04-05T00:55:16.531313Z,132,dc.danglingtree.htb,Microsoft-Windows-WinRM,Microsoft-Windows-WinRM/Operational,2867,4,,,,,Get,,
2026-04-05T00:55:16.531443Z,48,dc.danglingtree.htb,Microsoft-Windows-WinRM,Microsoft-Windows-WinRM/Operational,2868,4,,,,,,,
2026-04-05T00:55:16.531603Z,132,dc.danglingtree.htb,Microsoft-Windows-WinRM,Microsoft-Windows-WinRM/Operational,2869,4,,,,,Enumeration,,
2026-04-05T00:55:16.531662Z,47,dc.danglingtree.htb,Microsoft-Windows-WinRM,Microsoft-Windows-WinRM/Operational,2870,4,,*,,root\microsoft\windows\storage,,EnumerateInstances,
2026-04-05T00:55:16.546748Z,132,dc.danglingtree.htb,Microsoft-Windows-WinRM,Microsoft-Windows-WinRM/Operational,2871,4,,,,,Enumeration,,
2026-04-05T00:55:16.546769Z,48,dc.danglingtree.htb,Microsoft-Windows-WinRM,Microsoft-Windows-WinRM/Operational,2872,4,,,,,,,
2026-04-05T00:55:16.546967Z,47,dc.danglingtree.htb,Microsoft-Windows-WinRM,Microsoft-Windows-WinRM/Operational,2873,4,,*,,root\microsoft\windows\storage,,EnumerateInstances,
2026-04-05T00:55:16.567881Z,47,dc.danglingtree.htb,Microsoft-Windows-WinRM,Microsoft-Windows-WinRM/Operational,2874,4,,MSFT_PhysicalDisk,,root/microsoft/windows/storage,,GetClass,
2026-04-05T00:55:16.570761Z,48,dc.danglingtree.htb,Microsoft-Windows-WinRM,Microsoft-Windows-WinRM/Operational,2875,4,,,,,,,
2026-04-05T00:55:16.570833Z,132,dc.danglingtree.htb,Microsoft-Windows-WinRM,Microsoft-Windows-WinRM/Operational,2876,4,,,,,Get,,
2026-04-05T00:55:16.570938Z,48,dc.danglingtree.htb,Microsoft-Windows-WinRM,Microsoft-Windows-WinRM/Operational,2877,4,,,,,,,
2026-04-05T00:55:16.571067Z,132,dc.danglingtree.htb,Microsoft-Windows-WinRM,Microsoft-Windows-WinRM/Operational,2878,4,,,,,Enumeration,,
2026-04-05T00:55:16.571150Z,47,dc.danglingtree.htb,Microsoft-Windows-WinRM,Microsoft-Windows-WinRM/Operational,2879,4,,*,,root\microsoft\windows\storage,,EnumerateInstances,
2026-04-05T00:55:16.594513Z,47,dc.danglingtree.htb,Microsoft-Windows-WinRM,Microsoft-Windows-WinRM/Operational,2880,4,,MSFT_StoragePool,,root/microsoft/windows/storage,,GetClass,
2026-04-05T00:55:16.599174Z,48,dc.danglingtree.htb,Microsoft-Windows-WinRM,Microsoft-Windows-WinRM/Operational,2881,4,,,,,,,
2026-04-05T00:55:16.599247Z,132,dc.danglingtree.htb,Microsoft-Windows-WinRM,Microsoft-Windows-WinRM/Operational,2882,4,,,,,Get,,
2026-04-05T00:55:16.599372Z,48,dc.danglingtree.htb,Microsoft-Windows-WinRM,Microsoft-Windows-WinRM/Operational,2883,4,,,,,,,
2026-04-05T00:55:16.599511Z,132,dc.danglingtree.htb,Microsoft-Windows-WinRM,Microsoft-Windows-WinRM/Operational,2884,4,,,,,Enumeration,,
2026-04-05T00:55:16.599645Z,47,dc.danglingtree.htb,Microsoft-Windows-WinRM,Microsoft-Windows-WinRM/Operational,2885,4,,*,,root\microsoft\windows\storage,,EnumerateInstances,
2026-04-05T00:55:16.621948Z,47,dc.danglingtree.htb,Microsoft-Windows-WinRM,Microsoft-Windows-WinRM/Operational,2886,4,,MSFT_StorageSubSystem,,root/microsoft/windows/storage,,GetClass,
2026-04-05T00:55:16.627251Z,48,dc.danglingtree.htb,Microsoft-Windows-WinRM,Microsoft-Windows-WinRM/Operational,2887,4,,,,,,,
2026-04-05T00:55:16.627417Z,132,dc.danglingtree.htb,Microsoft-Windows-WinRM,Microsoft-Windows-WinRM/Operational,2888,4,,,,,Get,,
2026-04-05T00:55:16.627785Z,48,dc.danglingtree.htb,Microsoft-Windows-WinRM,Microsoft-Windows-WinRM/Operational,2889,4,,,,,,,
2026-04-05T00:55:16.628003Z,132,dc.danglingtree.htb,Microsoft-Windows-WinRM,Microsoft-Windows-WinRM/Operational,2890,4,,,,,Enumeration,,
2026-04-05T00:55:16.628082Z,47,dc.danglingtree.htb,Microsoft-Windows-WinRM,Microsoft-Windows-WinRM/Operational,2891,4,,*,,root\microsoft\windows\storage,,EnumerateInstances,
2026-04-05T00:55:16.644327Z,47,dc.danglingtree.htb,Microsoft-Windows-WinRM,Microsoft-Windows-WinRM/Operational,2892,4,,MSFT_ResiliencySetting,,root/microsoft/windows/storage,,GetClass,
2026-04-05T00:55:16.646048Z,48,dc.danglingtree.htb,Microsoft-Windows-WinRM,Microsoft-Windows-WinRM/Operational,2893,4,,,,,,,
2026-04-05T00:55:16.646111Z,132,dc.danglingtree.htb,Microsoft-Windows-WinRM,Microsoft-Windows-WinRM/Operational,2894,4,,,,,Get,,
2026-04-05T00:55:16.646939Z,48,dc.danglingtree.htb,Microsoft-Windows-WinRM,Microsoft-Windows-WinRM/Operational,2895,4,,,,,,,
2026-04-05T00:55:16.646982Z,132,dc.danglingtree.htb,Microsoft-Windows-WinRM,Microsoft-Windows-WinRM/Operational,2896,4,,,,,Enumeration,,
2026-04-05T00:55:16.647054Z,47,dc.danglingtree.htb,Microsoft-Windows-WinRM,Microsoft-Windows-WinRM/Operational,2897,4,,*,,root\microsoft\windows\storage,,EnumerateInstances,
2026-04-05T00:55:16.661103Z,47,dc.danglingtree.htb,Microsoft-Windows-WinRM,Microsoft-Windows-WinRM/Operational,2898,4,,MSFT_StorageSubSystemToStoragePool,,root/microsoft/windows/storage,,GetClass,
2026-04-05T00:55:16.662205Z,48,dc.danglingtree.htb,Microsoft-Windows-WinRM,Microsoft-Windows-WinRM/Operational,2899,4,,,,,,,
2026-04-05T00:55:16.662230Z,132,dc.danglingtree.htb,Microsoft-Windows-WinRM,Microsoft-Windows-WinRM/Operational,2900,4,,,,,Get,,
2026-04-05T00:55:16.662272Z,48,dc.danglingtree.htb,Microsoft-Windows-WinRM,Microsoft-Windows-WinRM/Operational,2901,4,,,,,,,
2026-04-05T00:55:16.662383Z,132,dc.danglingtree.htb,Microsoft-Windows-WinRM,Microsoft-Windows-WinRM/Operational,2902,4,,,,,Enumeration,,
2026-04-05T00:55:16.662460Z,47,dc.danglingtree.htb,Microsoft-Windows-WinRM,Microsoft-Windows-WinRM/Operational,2903,4,,*,,root\microsoft\windows\storage,,EnumerateInstances,
2026-04-05T00:55:16.675377Z,47,dc.danglingtree.htb,Microsoft-Windows-WinRM,Microsoft-Windows-WinRM/Operational,2904,4,,MSFT_StoragePoolToPhysicalDisk,,root/microsoft/windows/storage,,GetClass,
2026-04-05T00:55:16.676708Z,48,dc.danglingtree.htb,Microsoft-Windows-WinRM,Microsoft-Windows-WinRM/Operational,2905,4,,,,,,,
2026-04-05T00:55:16.676757Z,132,dc.danglingtree.htb,Microsoft-Windows-WinRM,Microsoft-Windows-WinRM/Operational,2906,4,,,,,Get,,
2026-04-05T00:55:16.676837Z,48,dc.danglingtree.htb,Microsoft-Windows-WinRM,Microsoft-Windows-WinRM/Operational,2907,4,,,,,,,
2026-04-05T00:55:16.677031Z,132,dc.danglingtree.htb,Microsoft-Windows-WinRM,Microsoft-Windows-WinRM/Operational,2908,4,,,,,Enumeration,,
2026-04-05T00:55:16.677145Z,47,dc.danglingtree.htb,Microsoft-Windows-WinRM,Microsoft-Windows-WinRM/Operational,2909,4,,*,,root\microsoft\windows\storage,,EnumerateInstances,
2026-04-05T00:55:16.688086Z,132,dc.danglingtree.htb,Microsoft-Windows-WinRM,Microsoft-Windows-WinRM/Operational,2910,4,,,,,Enumeration,,
2026-04-05T00:55:16.688105Z,48,dc.danglingtree.htb,Microsoft-Windows-WinRM,Microsoft-Windows-WinRM/Operational,2911,4,,,,,,,
2026-04-05T00:55:16.688268Z,47,dc.danglingtree.htb,Microsoft-Windows-WinRM,Microsoft-Windows-WinRM/Operational,2912,4,,*,,root\microsoft\windows\storage,,EnumerateInstances,
2026-04-05T00:55:16.710035Z,47,dc.danglingtree.htb,Microsoft-Windows-WinRM,Microsoft-Windows-WinRM/Operational,2913,4,,MSFT_PartitionToVolume,,root/microsoft/windows/storage,,GetClass,
2026-04-05T00:55:16.711745Z,48,dc.danglingtree.htb,Microsoft-Windows-WinRM,Microsoft-Windows-WinRM/Operational,2914,4,,,,,,,
2026-04-05T00:55:16.711771Z,132,dc.danglingtree.htb,Microsoft-Windows-WinRM,Microsoft-Windows-WinRM/Operational,2915,4,,,,,Get,,
2026-04-05T00:55:16.712676Z,48,dc.danglingtree.htb,Microsoft-Windows-WinRM,Microsoft-Windows-WinRM/Operational,2916,4,,,,,,,
2026-04-05T00:55:16.712722Z,132,dc.danglingtree.htb,Microsoft-Windows-WinRM,Microsoft-Windows-WinRM/Operational,2917,4,,,,,Enumeration,,
2026-04-05T00:55:16.712805Z,47,dc.danglingtree.htb,Microsoft-Windows-WinRM,Microsoft-Windows-WinRM/Operational,2918,4,,*,,root\microsoft\windows\storage,,EnumerateInstances,
2026-04-05T00:55:16.728762Z,47,dc.danglingtree.htb,Microsoft-Windows-WinRM,Microsoft-Windows-WinRM/Operational,2919,4,,MSFT_StoragePoolToResiliencySetting,,root/microsoft/windows/storage,,GetClass,
2026-04-05T00:55:16.730380Z,48,dc.danglingtree.htb,Microsoft-Windows-WinRM,Microsoft-Windows-WinRM/Operational,2920,4,,,,,,,
2026-04-05T00:55:16.730407Z,132,dc.danglingtree.htb,Microsoft-Windows-WinRM,Microsoft-Windows-WinRM/Operational,2921,4,,,,,Get,,
2026-04-05T00:55:16.731247Z,48,dc.danglingtree.htb,Microsoft-Windows-WinRM,Microsoft-Windows-WinRM/Operational,2922,4,,,,,,,
2026-04-05T00:55:16.731289Z,132,dc.danglingtree.htb,Microsoft-Windows-WinRM,Microsoft-Windows-WinRM/Operational,2923,4,,,,,Enumeration,,
2026-04-05T00:55:16.731396Z,47,dc.danglingtree.htb,Microsoft-Windows-WinRM,Microsoft-Windows-WinRM/Operational,2924,4,,*,,root\microsoft\windows\storage,,EnumerateInstances,
2026-04-05T00:55:16.740659Z,132,dc.danglingtree.htb,Microsoft-Windows-WinRM,Microsoft-Windows-WinRM/Operational,2925,4,,,,,Enumeration,,
2026-04-05T00:55:16.740681Z,48,dc.danglingtree.htb,Microsoft-Windows-WinRM,Microsoft-Windows-WinRM/Operational,2926,4,,,,,,,
2026-04-05T00:55:16.740937Z,47,dc.danglingtree.htb,Microsoft-Windows-WinRM,Microsoft-Windows-WinRM/Operational,2927,4,,*,,root\microsoft\windows\storage,,EnumerateInstances,
2026-04-05T00:55:16.752826Z,132,dc.danglingtree.htb,Microsoft-Windows-WinRM,Microsoft-Windows-WinRM/Operational,2928,4,,,,,Enumeration,,
2026-04-05T00:55:16.752848Z,48,dc.danglingtree.htb,Microsoft-Windows-WinRM,Microsoft-Windows-WinRM/Operational,2929,4,,,,,,,
2026-04-05T00:55:16.753023Z,47,dc.danglingtree.htb,Microsoft-Windows-WinRM,Microsoft-Windows-WinRM/Operational,2930,4,,*,,root\microsoft\windows\storage,,EnumerateInstances,
2026-04-05T00:55:16.761614Z,132,dc.danglingtree.htb,Microsoft-Windows-WinRM,Microsoft-Windows-WinRM/Operational,2931,4,,,,,Enumeration,,
2026-04-05T00:55:16.761635Z,48,dc.danglingtree.htb,Microsoft-Windows-WinRM,Microsoft-Windows-WinRM/Operational,2932,4,,,,,,,
2026-04-05T00:55:16.761810Z,47,dc.danglingtree.htb,Microsoft-Windows-WinRM,Microsoft-Windows-WinRM/Operational,2933,4,,*,,root\microsoft\windows\storage,,EnumerateInstances,
2026-04-05T00:55:16.773372Z,47,dc.danglingtree.htb,Microsoft-Windows-WinRM,Microsoft-Windows-WinRM/Operational,2934,4,,MSFT_StorageNode,,root/microsoft/windows/storage,,GetClass,
2026-04-05T00:55:16.775079Z,48,dc.danglingtree.htb,Microsoft-Windows-WinRM,Microsoft-Windows-WinRM/Operational,2935,4,,,,,,,
2026-04-05T00:55:16.775106Z,132,dc.danglingtree.htb,Microsoft-Windows-WinRM,Microsoft-Windows-WinRM/Operational,2936,4,,,,,Get,,
2026-04-05T00:55:16.775159Z,48,dc.danglingtree.htb,Microsoft-Windows-WinRM,Microsoft-Windows-WinRM/Operational,2937,4,,,,,,,
2026-04-05T00:55:16.775274Z,132,dc.danglingtree.htb,Microsoft-Windows-WinRM,Microsoft-Windows-WinRM/Operational,2938,4,,,,,Enumeration,,
2026-04-05T00:55:16.775358Z,47,dc.danglingtree.htb,Microsoft-Windows-WinRM,Microsoft-Windows-WinRM/Operational,2939,4,,*,,root\microsoft\windows\storage,,EnumerateInstances,
2026-04-05T00:55:16.787320Z,47,dc.danglingtree.htb,Microsoft-Windows-WinRM,Microsoft-Windows-WinRM/Operational,2940,4,,MSFT_StorageNodeToPhysicalDisk,,root/microsoft/windows/storage,,GetClass,
2026-04-05T00:55:16.788724Z,48,dc.danglingtree.htb,Microsoft-Windows-WinRM,Microsoft-Windows-WinRM/Operational,2941,4,,,,,,,
2026-04-05T00:55:16.788748Z,132,dc.danglingtree.htb,Microsoft-Windows-WinRM,Microsoft-Windows-WinRM/Operational,2942,4,,,,,Get,,
2026-04-05T00:55:16.788798Z,48,dc.danglingtree.htb,Microsoft-Windows-WinRM,Microsoft-Windows-WinRM/Operational,2943,4,,,,,,,
2026-04-05T00:55:16.788919Z,132,dc.danglingtree.htb,Microsoft-Windows-WinRM,Microsoft-Windows-WinRM/Operational,2944,4,,,,,Enumeration,,
2026-04-05T00:55:16.789002Z,47,dc.danglingtree.htb,Microsoft-Windows-WinRM,Microsoft-Windows-WinRM/Operational,2945,4,,*,,root\microsoft\windows\storage,,EnumerateInstances,
2026-04-05T00:55:16.797181Z,132,dc.danglingtree.htb,Microsoft-Windows-WinRM,Microsoft-Windows-WinRM/Operational,2946,4,,,,,Enumeration,,
2026-04-05T00:55:16.797202Z,48,dc.danglingtree.htb,Microsoft-Windows-WinRM,Microsoft-Windows-WinRM/Operational,2947,4,,,,,,,
2026-04-05T00:55:16.797385Z,47,dc.danglingtree.htb,Microsoft-Windows-WinRM,Microsoft-Windows-WinRM/Operational,2948,4,,*,,root\microsoft\windows\storage,,EnumerateInstances,
2026-04-05T00:55:16.808874Z,47,dc.danglingtree.htb,Microsoft-Windows-WinRM,Microsoft-Windows-WinRM/Operational,2949,4,,MSFT_StorageNodeToStoragePool,,root/microsoft/windows/storage,,GetClass,
2026-04-05T00:55:16.810434Z,48,dc.danglingtree.htb,Microsoft-Windows-WinRM,Microsoft-Windows-WinRM/Operational,2950,4,,,,,,,
2026-04-05T00:55:16.810474Z,132,dc.danglingtree.htb,Microsoft-Windows-WinRM,Microsoft-Windows-WinRM/Operational,2951,4,,,,,Get,,
2026-04-05T00:55:16.810527Z,48,dc.danglingtree.htb,Microsoft-Windows-WinRM,Microsoft-Windows-WinRM/Operational,2952,4,,,,,,,
2026-04-05T00:55:16.810652Z,132,dc.danglingtree.htb,Microsoft-Windows-WinRM,Microsoft-Windows-WinRM/Operational,2953,4,,,,,Enumeration,,
2026-04-05T00:55:16.810738Z,47,dc.danglingtree.htb,Microsoft-Windows-WinRM,Microsoft-Windows-WinRM/Operational,2954,4,,*,,root\microsoft\windows\storage,,EnumerateInstances,
2026-04-05T00:55:16.819668Z,132,dc.danglingtree.htb,Microsoft-Windows-WinRM,Microsoft-Windows-WinRM/Operational,2955,4,,,,,Enumeration,,
2026-04-05T00:55:16.819690Z,48,dc.danglingtree.htb,Microsoft-Windows-WinRM,Microsoft-Windows-WinRM/Operational,2956,4,,,,,,,
2026-04-05T00:55:16.819944Z,47,dc.danglingtree.htb,Microsoft-Windows-WinRM,Microsoft-Windows-WinRM/Operational,2957,4,,*,,root\microsoft\windows\storage,,EnumerateInstances,
2026-04-05T00:55:16.827889Z,132,dc.danglingtree.htb,Microsoft-Windows-WinRM,Microsoft-Windows-WinRM/Operational,2958,4,,,,,Enumeration,,
2026-04-05T00:55:16.827911Z,48,dc.danglingtree.htb,Microsoft-Windows-WinRM,Microsoft-Windows-WinRM/Operational,2959,4,,,,,,,
2026-04-05T00:55:16.828112Z,47,dc.danglingtree.htb,Microsoft-Windows-WinRM,Microsoft-Windows-WinRM/Operational,2960,4,,*,,root\microsoft\windows\storage,,EnumerateInstances,
2026-04-05T00:55:16.840785Z,47,dc.danglingtree.htb,Microsoft-Windows-WinRM,Microsoft-Windows-WinRM/Operational,2961,4,,MSFT_StorageNodeToDisk,,root/microsoft/windows/storage,,GetClass,
2026-04-05T00:55:16.842149Z,48,dc.danglingtree.htb,Microsoft-Windows-WinRM,Microsoft-Windows-WinRM/Operational,2962,4,,,,,,,
2026-04-05T00:55:16.842184Z,132,dc.danglingtree.htb,Microsoft-Windows-WinRM,Microsoft-Windows-WinRM/Operational,2963,4,,,,,Get,,
2026-04-05T00:55:16.842230Z,48,dc.danglingtree.htb,Microsoft-Windows-WinRM,Microsoft-Windows-WinRM/Operational,2964,4,,,,,,,
2026-04-05T00:55:16.842344Z,132,dc.danglingtree.htb,Microsoft-Windows-WinRM,Microsoft-Windows-WinRM/Operational,2965,4,,,,,Enumeration,,
2026-04-05T00:55:16.842418Z,47,dc.danglingtree.htb,Microsoft-Windows-WinRM,Microsoft-Windows-WinRM/Operational,2966,4,,*,,root\microsoft\windows\storage,,EnumerateInstances,
2026-04-05T00:55:16.860626Z,47,dc.danglingtree.htb,Microsoft-Windows-WinRM,Microsoft-Windows-WinRM/Operational,2967,4,,MSFT_StorageNodeToVolume,,root/microsoft/windows/storage,,GetClass,
2026-04-05T00:55:16.861727Z,48,dc.danglingtree.htb,Microsoft-Windows-WinRM,Microsoft-Windows-WinRM/Operational,2968,4,,,,,,,
2026-04-05T00:55:16.861764Z,132,dc.danglingtree.htb,Microsoft-Windows-WinRM,Microsoft-Windows-WinRM/Operational,2969,4,,,,,Get,,
2026-04-05T00:55:16.863066Z,48,dc.danglingtree.htb,Microsoft-Windows-WinRM,Microsoft-Windows-WinRM/Operational,2970,4,,,,,,,
2026-04-05T00:55:16.863129Z,132,dc.danglingtree.htb,Microsoft-Windows-WinRM,Microsoft-Windows-WinRM/Operational,2971,4,,,,,Enumeration,,
2026-04-05T00:55:16.882827Z,44,dc.danglingtree.htb,Microsoft-Windows-WinRM,Microsoft-Windows-WinRM/Operational,2972,4,,,<local>,,,,
2026-04-05T00:55:16.883206Z,47,dc.danglingtree.htb,Microsoft-Windows-WinRM,Microsoft-Windows-WinRM/Operational,2973,4,,*,,root\microsoft\windows\storage,,EnumerateInstances,
2026-04-05T00:55:16.917919Z,132,dc.danglingtree.htb,Microsoft-Windows-WinRM,Microsoft-Windows-WinRM/Operational,2974,4,,,,,Enumeration,,
2026-04-05T00:55:16.917941Z,48,dc.danglingtree.htb,Microsoft-Windows-WinRM,Microsoft-Windows-WinRM/Operational,2975,4,,,,,,,
2026-04-05T00:55:16.934765Z,45,dc.danglingtree.htb,Microsoft-Windows-WinRM,Microsoft-Windows-WinRM/Operational,2976,4,,,,,,,
2026-04-05T00:55:16.937660Z,45,dc.danglingtree.htb,Microsoft-Windows-WinRM,Microsoft-Windows-WinRM/Operational,2977,4,,,,,,,
2026-04-05T00:57:30.530834Z,44,dc.danglingtree.htb,Microsoft-Windows-WinRM,Microsoft-Windows-WinRM/Operational,2978,4,,,<local>,,,,
2026-04-05T00:57:30.532149Z,47,dc.danglingtree.htb,Microsoft-Windows-WinRM,Microsoft-Windows-WinRM/Operational,2979,4,,MSFT_SmbServerConfiguration,,root\microsoft\windows\smb,,GetConfiguration,
2026-04-05T00:57:30.553115Z,47,dc.danglingtree.htb,Microsoft-Windows-WinRM,Microsoft-Windows-WinRM/Operational,2980,4,,MSFT_SmbServerConfiguration,,root/microsoft/windows/smb,,GetClass,
2026-04-05T00:57:30.561350Z,48,dc.danglingtree.htb,Microsoft-Windows-WinRM,Microsoft-Windows-WinRM/Operational,2981,4,,,,,,,
2026-04-05T00:57:30.561461Z,132,dc.danglingtree.htb,Microsoft-Windows-WinRM,Microsoft-Windows-WinRM/Operational,2982,4,,,,,Get,,
2026-04-05T00:57:30.561641Z,48,dc.danglingtree.htb,Microsoft-Windows-WinRM,Microsoft-Windows-WinRM/Operational,2983,4,,,,,,,
2026-04-05T00:57:30.562034Z,132,dc.danglingtree.htb,Microsoft-Windows-WinRM,Microsoft-Windows-WinRM/Operational,2984,4,,,,,Invoke,,
2026-04-05T00:57:30.564423Z,45,dc.danglingtree.htb,Microsoft-Windows-WinRM,Microsoft-Windows-WinRM/Operational,2985,4,,,,,,,
2026-04-05T00:57:58.781072Z,44,dc.danglingtree.htb,Microsoft-Windows-WinRM,Microsoft-Windows-WinRM/Operational,2986,4,,,<local>,,,,
2026-04-05T00:57:58.782873Z,47,dc.danglingtree.htb,Microsoft-Windows-WinRM,Microsoft-Windows-WinRM/Operational,2987,4,,MSFT_SmbShare,,root\microsoft\windows\smb,,CreateShare,
2026-04-05T00:57:58.783806Z,47,dc.danglingtree.htb,Microsoft-Windows-WinRM,Microsoft-Windows-WinRM/Operational,2988,4,,MSFT_SmbShare,,root/microsoft/windows/smb,,GetClass,
2026-04-05T00:57:58.799609Z,48,dc.danglingtree.htb,Microsoft-Windows-WinRM,Microsoft-Windows-WinRM/Operational,2989,4,,,,,,,
2026-04-05T00:57:58.799639Z,132,dc.danglingtree.htb,Microsoft-Windows-WinRM,Microsoft-Windows-WinRM/Operational,2990,4,,,,,Get,,
2026-04-05T00:57:58.844470Z,48,dc.danglingtree.htb,Microsoft-Windows-WinRM,Microsoft-Windows-WinRM/Operational,2991,4,,,,,,,
2026-04-05T00:57:58.844730Z,132,dc.danglingtree.htb,Microsoft-Windows-WinRM,Microsoft-Windows-WinRM/Operational,2992,4,,,,,Invoke,,
2026-04-05T00:57:58.845529Z,47,dc.danglingtree.htb,Microsoft-Windows-WinRM,Microsoft-Windows-WinRM/Operational,2993,4,,MSFT_SmbShare,,root/microsoft/windows/smb,,ModifyInstance,
2026-04-05T00:57:58.857293Z,48,dc.danglingtree.htb,Microsoft-Windows-WinRM,Microsoft-Windows-WinRM/Operational,2994,4,,,,,,,
2026-04-05T00:57:58.857415Z,132,dc.danglingtree.htb,Microsoft-Windows-WinRM,Microsoft-Windows-WinRM/Operational,2995,4,,,,,Put,,
2026-04-05T00:57:58.858593Z,45,dc.danglingtree.htb,Microsoft-Windows-WinRM,Microsoft-Windows-WinRM/Operational,2996,4,,,,,,,
2026-04-05T01:00:46.160060Z,42,dc.danglingtree.htb,Microsoft-Windows-WinRM,Microsoft-Windows-WinRM/Operational,2997,4,,,,,,,
2026-04-05T01:01:42.762905Z,211,dc.danglingtree.htb,Microsoft-Windows-WinRM,Microsoft-Windows-WinRM/Operational,2998,4,,,,,,,
2026-04-05T01:01:43.324481Z,212,dc.danglingtree.htb,Microsoft-Windows-WinRM,Microsoft-Windows-WinRM/Operational,2999,4,,,,,,,
2026-04-05T01:02:07.909133Z,208,dc.danglingtree.htb,Microsoft-Windows-WinRM,Microsoft-Windows-WinRM/Operational,3000,4,,,,,,,
2026-04-05T01:02:08.105827Z,209,dc.danglingtree.htb,Microsoft-Windows-WinRM,Microsoft-Windows-WinRM/Operational,3001,4,,,,,,,
2026-04-05T01:02:28.367616Z,145,dc.danglingtree.htb,Microsoft-Windows-WinRM,Microsoft-Windows-WinRM/Operational,3002,4,,,,,Enumeration,,http://schemas.microsoft.com/wbem/wsman/1/config/listener
2026-04-05T01:02:28.392784Z,132,dc.danglingtree.htb,Microsoft-Windows-WinRM,Microsoft-Windows-WinRM/Operational,3003,4,,,,,Enumeration,,
2026-04-05T01:02:28.443098Z,145,dc.danglingtree.htb,Microsoft-Windows-WinRM,Microsoft-Windows-WinRM/Operational,3004,4,,,,,Enumeration,,http://schemas.microsoft.com/wbem/wsman/1/windows/shell
2026-04-05T01:02:28.447410Z,132,dc.danglingtree.htb,Microsoft-Windows-WinRM,Microsoft-Windows-WinRM/Operational,3005,4,,,,,Enumeration,,
2026-04-05T01:03:11.852672Z,145,dc.danglingtree.htb,Microsoft-Windows-WinRM,Microsoft-Windows-WinRM/Operational,3006,4,,,,,Enumeration,,http://schemas.microsoft.com/wbem/wsman/1/windows/shell
2026-04-05T01:03:11.858102Z,132,dc.danglingtree.htb,Microsoft-Windows-WinRM,Microsoft-Windows-WinRM/Operational,3007,4,,,,,Enumeration,,
2026-04-05T01:05:41.139329Z,145,dc.danglingtree.htb,Microsoft-Windows-WinRM,Microsoft-Windows-WinRM/Operational,3008,4,,,,,Invoke,,http://schemas.microsoft.com/wbem/wsman/1/config/service
2026-04-05T01:05:41.183588Z,132,dc.danglingtree.htb,Microsoft-Windows-WinRM,Microsoft-Windows-WinRM/Operational,3009,4,,,,,Invoke,,
2026-04-05T01:15:11.623793Z,211,dc.danglingtree.htb,Microsoft-Windows-WinRM,Microsoft-Windows-WinRM/Operational,3010,4,,,,,,,
2026-04-05T01:15:12.167042Z,212,dc.danglingtree.htb,Microsoft-Windows-WinRM,Microsoft-Windows-WinRM/Operational,3011,4,,,,,,,
2026-04-05T01:40:19.064914Z,208,dc.danglingtree.htb,Microsoft-Windows-WinRM,Microsoft-Windows-WinRM/Operational,3012,4,,,,,,,
2026-04-05T01:40:19.234042Z,209,dc.danglingtree.htb,Microsoft-Windows-WinRM,Microsoft-Windows-WinRM/Operational,3013,4,,,,,,,
2026-04-05T01:40:39.576354Z,145,dc.danglingtree.htb,Microsoft-Windows-WinRM,Microsoft-Windows-WinRM/Operational,3014,4,,,,,Enumeration,,http://schemas.microsoft.com/wbem/wsman/1/config/listener
2026-04-05T01:40:39.614235Z,132,dc.danglingtree.htb,Microsoft-Windows-WinRM,Microsoft-Windows-WinRM/Operational,3015,4,,,,,Enumeration,,
2026-04-05T01:40:39.667268Z,145,dc.danglingtree.htb,Microsoft-Windows-WinRM,Microsoft-Windows-WinRM/Operational,3016,4,,,,,Enumeration,,http://schemas.microsoft.com/wbem/wsman/1/windows/shell
2026-04-05T01:40:39.671704Z,132,dc.danglingtree.htb,Microsoft-Windows-WinRM,Microsoft-Windows-WinRM/Operational,3017,4,,,,,Enumeration,,
2026-04-05T01:41:22.810044Z,145,dc.danglingtree.htb,Microsoft-Windows-WinRM,Microsoft-Windows-WinRM/Operational,3018,4,,,,,Enumeration,,http://schemas.microsoft.com/wbem/wsman/1/windows/shell
2026-04-05T01:41:22.814736Z,132,dc.danglingtree.htb,Microsoft-Windows-WinRM,Microsoft-Windows-WinRM/Operational,3019,4,,,,,Enumeration,,
2026-04-05T01:42:32.317120Z,211,dc.danglingtree.htb,Microsoft-Windows-WinRM,Microsoft-Windows-WinRM/Operational,3020,4,,,,,,,
2026-04-05T01:42:32.863499Z,212,dc.danglingtree.htb,Microsoft-Windows-WinRM,Microsoft-Windows-WinRM/Operational,3021,4,,,,,,,
2026-04-05T19:04:08.205038Z,208,dc.danglingtree.htb,Microsoft-Windows-WinRM,Microsoft-Windows-WinRM/Operational,3022,4,,,,,,,
2026-04-05T19:04:08.381584Z,209,dc.danglingtree.htb,Microsoft-Windows-WinRM,Microsoft-Windows-WinRM/Operational,3023,4,,,,,,,
2026-04-05T19:04:28.851482Z,145,dc.danglingtree.htb,Microsoft-Windows-WinRM,Microsoft-Windows-WinRM/Operational,3024,4,,,,,Enumeration,,http://schemas.microsoft.com/wbem/wsman/1/config/listener
2026-04-05T19:04:28.875621Z,132,dc.danglingtree.htb,Microsoft-Windows-WinRM,Microsoft-Windows-WinRM/Operational,3025,4,,,,,Enumeration,,
2026-04-05T19:04:28.930589Z,145,dc.danglingtree.htb,Microsoft-Windows-WinRM,Microsoft-Windows-WinRM/Operational,3026,4,,,,,Enumeration,,http://schemas.microsoft.com/wbem/wsman/1/windows/shell
2026-04-05T19:04:28.934528Z,132,dc.danglingtree.htb,Microsoft-Windows-WinRM,Microsoft-Windows-WinRM/Operational,3027,4,,,,,Enumeration,,
2026-04-05T19:05:14.918960Z,145,dc.danglingtree.htb,Microsoft-Windows-WinRM,Microsoft-Windows-WinRM/Operational,3028,4,,,,,Enumeration,,http://schemas.microsoft.com/wbem/wsman/1/windows/shell
2026-04-05T19:05:14.923687Z,132,dc.danglingtree.htb,Microsoft-Windows-WinRM,Microsoft-Windows-WinRM/Operational,3029,4,,,,,Enumeration,,
2026-04-05T19:10:43.495618Z,211,dc.danglingtree.htb,Microsoft-Windows-WinRM,Microsoft-Windows-WinRM/Operational,3030,4,,,,,,,
2026-04-05T19:10:44.119930Z,212,dc.danglingtree.htb,Microsoft-Windows-WinRM,Microsoft-Windows-WinRM/Operational,3031,4,,,,,,,
2026-04-05T20:05:32.425974Z,208,dc.danglingtree.htb,Microsoft-Windows-WinRM,Microsoft-Windows-WinRM/Operational,3032,4,,,,,,,
2026-04-05T20:05:32.627126Z,209,dc.danglingtree.htb,Microsoft-Windows-WinRM,Microsoft-Windows-WinRM/Operational,3033,4,,,,,,,
2026-04-05T20:05:53.014622Z,145,dc.danglingtree.htb,Microsoft-Windows-WinRM,Microsoft-Windows-WinRM/Operational,3034,4,,,,,Enumeration,,http://schemas.microsoft.com/wbem/wsman/1/config/listener
2026-04-05T20:05:53.044875Z,132,dc.danglingtree.htb,Microsoft-Windows-WinRM,Microsoft-Windows-WinRM/Operational,3035,4,,,,,Enumeration,,
2026-04-05T20:05:53.100577Z,145,dc.danglingtree.htb,Microsoft-Windows-WinRM,Microsoft-Windows-WinRM/Operational,3036,4,,,,,Enumeration,,http://schemas.microsoft.com/wbem/wsman/1/windows/shell
2026-04-05T20:05:53.104735Z,132,dc.danglingtree.htb,Microsoft-Windows-WinRM,Microsoft-Windows-WinRM/Operational,3037,4,,,,,Enumeration,,
2026-04-05T20:06:37.190280Z,145,dc.danglingtree.htb,Microsoft-Windows-WinRM,Microsoft-Windows-WinRM/Operational,3038,4,,,,,Enumeration,,http://schemas.microsoft.com/wbem/wsman/1/windows/shell
2026-04-05T20:06:37.195202Z,132,dc.danglingtree.htb,Microsoft-Windows-WinRM,Microsoft-Windows-WinRM/Operational,3039,4,,,,,Enumeration,,
2026-04-05T20:08:21.035791Z,211,dc.danglingtree.htb,Microsoft-Windows-WinRM,Microsoft-Windows-WinRM/Operational,3040,4,,,,,,,
2026-04-05T20:08:21.596810Z,212,dc.danglingtree.htb,Microsoft-Windows-WinRM,Microsoft-Windows-WinRM/Operational,3041,4,,,,,,,
2026-06-03T19:37:59.104835Z,208,dc.danglingtree.htb,Microsoft-Windows-WinRM,Microsoft-Windows-WinRM/Operational,3042,4,,,,,,,
2026-06-03T19:38:00.996396Z,209,dc.danglingtree.htb,Microsoft-Windows-WinRM,Microsoft-Windows-WinRM/Operational,3043,4,,,,,,,
2026-06-03T19:38:29.422082Z,145,dc.danglingtree.htb,Microsoft-Windows-WinRM,Microsoft-Windows-WinRM/Operational,3044,4,,,,,Enumeration,,http://schemas.microsoft.com/wbem/wsman/1/config/listener
2026-06-03T19:38:30.437332Z,132,dc.danglingtree.htb,Microsoft-Windows-WinRM,Microsoft-Windows-WinRM/Operational,3045,4,,,,,Enumeration,,
2026-06-03T19:38:33.649608Z,145,dc.danglingtree.htb,Microsoft-Windows-WinRM,Microsoft-Windows-WinRM/Operational,3046,4,,,,,Enumeration,,http://schemas.microsoft.com/wbem/wsman/1/windows/shell
2026-06-03T19:38:33.667292Z,132,dc.danglingtree.htb,Microsoft-Windows-WinRM,Microsoft-Windows-WinRM/Operational,3047,4,,,,,Enumeration,,
2026-06-03T19:39:15.611345Z,211,dc.danglingtree.htb,Microsoft-Windows-WinRM,Microsoft-Windows-WinRM/Operational,3048,4,,,,,,,
2026-06-03T19:39:16.170260Z,212,dc.danglingtree.htb,Microsoft-Windows-WinRM,Microsoft-Windows-WinRM/Operational,3049,4,,,,,,,
