2026-03-26T06:15:02.545614Z,"{'#attributes': {'Qualifiers': 0}, '#text': 4097}",dc.danglingtree.htb,Microsoft-Windows-CAPI2,Application,275,4,,,,,,,,,,,,,,,,,,,,,,,,"CN=Microsoft Identity Verification Root Certificate Authority 2020, O=Microsoft Corporation, C=US",F40042E2E5F7E8EF8189FED15519AECE42C3BFA2,,,,,,,,,,,,,,,,,,,,,,,,,,,,,,,,,,,,,,,,,,,,,,,,,,,,,,,,,,,,,,,,,,,,,,,,,,,,,,,,,,,,,,,
2026-03-26T06:15:08.317902Z,"{'#attributes': {'Qualifiers': 0}, '#text': 2001}",dc.danglingtree.htb,WAC-Configuration,Application,276,4,,,,,,,,,,,,,,,,,,,,,,,2026-03-25T23:15:08 Level=INFO ExitCode=0 Message=Installation of Windows Admin Center started.,,,,,,,,,,,,,,,,,,,,,,,,,,,,,,,,,,,,,,,,,,,,,,,,,,,,,,,,,,,,,,,,,,,,,,,,,,,,,,,,,,,,,,,,,
2026-03-26T06:15:08.334953Z,"{'#attributes': {'Qualifiers': 0}, '#text': 1004}",dc.danglingtree.htb,WAC-Configuration,Application,277,4,,,,,,,,,,,,,,,,,,,,,,,2026-03-25T23:15:08 Level=INFO ExitCode=0 Message=Register-WACConfigurationEventLogSource: Successfully registered event log source.,,,,,,,,,,,,,,,,,,,,,,,,,,,,,,,,,,,,,,,,,,,,,,,,,,,,,,,,,,,,,,,,,,,,,,,,,,,,,,,,,,,,,,,,,
2026-03-26T06:15:09.615400Z,"{'#attributes': {'Qualifiers': 0}, '#text': 1004}",dc.danglingtree.htb,WAC-Configuration,Application,278,4,,,,,,,,,,,,,,,,,,,,,,,2026-03-25T23:15:09 Level=INFO ExitCode=0 Message=Import-WACBuildSignerCertificate: Successfully imported the build signer certificate(s).,,,,,,,,,,,,,,,,,,,,,,,,,,,,,,,,,,,,,,,,,,,,,,,,,,,,,,,,,,,,,,,,,,,,,,,,,,,,,,,,,,,,,,,,,
2026-03-26T06:15:09.983137Z,"{'#attributes': {'Qualifiers': 0}, '#text': 1001}",dc.danglingtree.htb,WAC-Configuration,Application,279,4,,,,,,,,,,,,,,,,,,,,,,,2026-03-25T23:15:09 Level=INFO ExitCode=0 Message=Get-WACv1HAInstalled: Starting...,,,,,,,,,,,,,,,,,,,,,,,,,,,,,,,,,,,,,,,,,,,,,,,,,,,,,,,,,,,,,,,,,,,,,,,,,,,,,,,,,,,,,,,,,
2026-03-26T06:15:10.017780Z,"{'#attributes': {'Qualifiers': 0}, '#text': 1001}",dc.danglingtree.htb,WAC-Configuration,Application,280,4,,,,,,,,,,,,,,,,,,,,,,,2026-03-25T23:15:09 Level=INFO ExitCode=0 Message=Get-WACv1HAInstalled: A previous version of Windows Admin Center installed as HA was not found.,,,,,,,,,,,,,,,,,,,,,,,,,,,,,,,,,,,,,,,,,,,,,,,,,,,,,,,,,,,,,,,,,,,,,,,,,,,,,,,,,,,,,,,,,
2026-03-26T06:15:10.395405Z,"{'#attributes': {'Qualifiers': 0}, '#text': 1001}",dc.danglingtree.htb,WAC-Configuration,Application,281,4,,,,,,,,,,,,,,,,,,,,,,,2026-03-25T23:15:10 Level=INFO ExitCode=1 Message=Get-WACInstallationStatus: WAC is not installed.,,,,,,,,,,,,,,,,,,,,,,,,,,,,,,,,,,,,,,,,,,,,,,,,,,,,,,,,,,,,,,,,,,,,,,,,,,,,,,,,,,,,,,,,,
2026-03-26T06:15:10.442695Z,"{'#attributes': {'Qualifiers': 0}, '#text': 1001}",dc.danglingtree.htb,WAC-Configuration,Application,282,4,,,,,,,,,,,,,,,,,,,,,,,2026-03-25T23:15:10 Level=INFO ExitCode=0 Message=FindFreePortRange - Found the range: 6601-6610,,,,,,,,,,,,,,,,,,,,,,,,,,,,,,,,,,,,,,,,,,,,,,,,,,,,,,,,,,,,,,,,,,,,,,,,,,,,,,,,,,,,,,,,,
2026-03-26T06:15:10.460534Z,"{'#attributes': {'Qualifiers': 0}, '#text': 1001}",dc.danglingtree.htb,WAC-Configuration,Application,283,4,,,,,,,,,,,,,,,,,,,,,,,2026-03-25T23:15:10 Level=INFO ExitCode=0 Message=FindFreePortRange - RangeSize (10).,,,,,,,,,,,,,,,,,,,,,,,,,,,,,,,,,,,,,,,,,,,,,,,,,,,,,,,,,,,,,,,,,,,,,,,,,,,,,,,,,,,,,,,,,
2026-03-26T06:15:10.599774Z,"{'#attributes': {'Qualifiers': 0}, '#text': 1004}",dc.danglingtree.htb,WAC-Configuration,Application,284,4,,,,,,,,,,,,,,,,,,,,,,,2026-03-25T23:15:10 Level=INFO ExitCode=0 Message=Export-WACInstallerSettings: Successfully exported the installer settings when WAC is not installed.,,,,,,,,,,,,,,,,,,,,,,,,,,,,,,,,,,,,,,,,,,,,,,,,,,,,,,,,,,,,,,,,,,,,,,,,,,,,,,,,,,,,,,,,,
2026-03-26T06:15:11.107046Z,"{'#attributes': {'Qualifiers': 0}, '#text': 1001}",dc.danglingtree.htb,WAC-Configuration,Application,285,4,,,,,,,,,,,,,,,,,,,,,,,2026-03-25T23:15:11 Level=INFO ExitCode=0 Message=Get-WACHasDesktop: Current OS does have desktop.,,,,,,,,,,,,,,,,,,,,,,,,,,,,,,,,,,,,,,,,,,,,,,,,,,,,,,,,,,,,,,,,,,,,,,,,,,,,,,,,,,,,,,,,,
2026-03-26T06:15:11.449516Z,"{'#attributes': {'Qualifiers': 0}, '#text': 1001}",dc.danglingtree.htb,WAC-Configuration,Application,286,4,,,,,,,,,,,,,,,,,,,,,,,2026-03-25T23:15:11 Level=INFO ExitCode=0 Message=Get-WACSetupType: Starting...,,,,,,,,,,,,,,,,,,,,,,,,,,,,,,,,,,,,,,,,,,,,,,,,,,,,,,,,,,,,,,,,,,,,,,,,,,,,,,,,,,,,,,,,,
2026-03-26T06:15:14.489873Z,"{'#attributes': {'Qualifiers': 0}, '#text': 1005}",dc.danglingtree.htb,WAC-Configuration,Application,287,2,,,,,,,,,,,,,,,,,,,,,,,2026-03-25T23:15:14 Level=ERROR ExitCode=1 Message=Get-WACSetupType: Unsupported SKU type. dc is not considered being a a Windows computer.  Error: ,,,,,,,,,,,,,,,,,,,,,,,,,,,,,,,,,,,,,,,,,,,,,,,,,,,,,,,,,,,,,,,,,,,,,,,,,,,,,,,,,,,,,,,,,
2026-03-26T06:15:26.901783Z,"{'#attributes': {'Qualifiers': 0}, '#text': 1001}",dc.danglingtree.htb,WAC-Configuration,Application,288,4,,,,,,,,,,,,,,,,,,,,,,,2026-03-25T23:15:26 Level=INFO ExitCode=0 Message=TestMigrationStatus: V1 not installed.,,,,,,,,,,,,,,,,,,,,,,,,,,,,,,,,,,,,,,,,,,,,,,,,,,,,,,,,,,,,,,,,,,,,,,,,,,,,,,,,,,,,,,,,,
2026-03-26T06:16:10.381021Z,"{'#attributes': {'Qualifiers': 16384}, '#text': 1704}",dc.danglingtree.htb,SceCli,Application,289,4,,,,,,,,,,,,,,,,,,,,,,,,,,,,,,,,,,,,,,,,,,,,,,,,,,,,,,,,,,,,,,,,,,,,,,,,,,,,,,,,,,,,,,,,,,,,,,,,,,,,,,,,,,,,,,,,
2026-03-26T06:16:47.782819Z,"{'#attributes': {'Qualifiers': 0}, '#text': 1001}",dc.danglingtree.htb,WAC-Configuration,Application,290,4,,,,,,,,,,,,,,,,,,,,,,,2026-03-25T23:16:47 Level=INFO ExitCode=0 Message=Stopping Windows Admin Center service...,,,,,,,,,,,,,,,,,,,,,,,,,,,,,,,,,,,,,,,,,,,,,,,,,,,,,,,,,,,,,,,,,,,,,,,,,,,,,,,,,,,,,,,,,
2026-03-26T06:16:47.893310Z,"{'#attributes': {'Qualifiers': 0}, '#text': 1004}",dc.danglingtree.htb,WAC-Configuration,Application,291,4,,,,,,,,,,,,,,,,,,,,,,,2026-03-25T23:16:47 Level=INFO ExitCode=0 Message=Stop-WACService: Windows Admin Center service is already stopped or not available.,,,,,,,,,,,,,,,,,,,,,,,,,,,,,,,,,,,,,,,,,,,,,,,,,,,,,,,,,,,,,,,,,,,,,,,,,,,,,,,,,,,,,,,,,
2026-03-26T06:16:48.443155Z,"{'#attributes': {'Qualifiers': 0}, '#text': 1001}",dc.danglingtree.htb,WAC-Configuration,Application,292,4,,,,,,,,,,,,,,,,,,,,,,,2026-03-25T23:16:48 Level=INFO ExitCode=0 Message=Get-WACHasDesktop: Current OS does have desktop.,,,,,,,,,,,,,,,,,,,,,,,,,,,,,,,,,,,,,,,,,,,,,,,,,,,,,,,,,,,,,,,,,,,,,,,,,,,,,,,,,,,,,,,,,
2026-03-26T06:16:59.466515Z,"{'#attributes': {'Qualifiers': 0}, '#text': 1013}",dc.danglingtree.htb,MsiInstaller,Application,293,2,,,,,,,,,,7B45464345394136362D324330432D344342382D384638462D3734333241334444394330367D,,,,,,,,,,,,,,"Product: SmarterMail -- The server name or address could not be resolved

https://builds.dotnet.microsoft.com/dotnet/aspnetcore/Runtime/10.0.0/dotnet-hosting-10.0.0-win.exe",(NULL),(NULL),(NULL),(NULL),(NULL),,,,,,,,,,,,,,,,,,,,,,,,,,,,,,,,,,,,,,,,,,,,,,,,,,,,,,,,,,,,,,,,,,,,,,,,,,,,,,,,,,,
2026-03-26T06:17:01.440993Z,"{'#attributes': {'Qualifiers': 0}, '#text': 1040}",dc.danglingtree.htb,MsiInstaller,Application,294,4,,,,,,,,,,,,,,,,,,,,,,,,C:\Users\Administrator\AppData\Roaming\SmarterTools\SmarterMail\prerequisites\RM\rewrite_amd64_en-US.msi,2488,(NULL),(NULL),(NULL),(NULL),,,,,,,,,,,,,,,,,,,,,,,,,,,,,,,,,,,,,,,,,,,,,,,,,,,,,,,,,,,,,,,,,,,,,,,,,,,,,,,,,,,
2026-03-26T06:17:06.295707Z,"{'#attributes': {'Qualifiers': 0}, '#text': 4112}",dc.danglingtree.htb,Microsoft-Windows-CAPI2,Application,295,4,,,,,,,,,,,,,,,,,,,,,,,"‎Thursday, ‎September ‎4, ‎2025 8:20:48 PM",,,,,,,,,,,,,,,,,,,,,,,,,,,,,,,,,,,,,,,,,,,,,,,,,,,,,,,,,,,,,,,,,,,,,,,,,,,,,,,,,,,,,,,,,
2026-03-26T06:17:06.323473Z,"{'#attributes': {'Qualifiers': 0}, '#text': 4097}",dc.danglingtree.htb,Microsoft-Windows-CAPI2,Application,296,4,,,,,,,,,,,,,,,,,,,,,,,,"CN=DigiCert Global Root G2, OU=www.digicert.com, O=DigiCert Inc, C=US",DF3C24F9BFD666761B268073FE06D1CC8D4F82A4,,,,,,,,,,,,,,,,,,,,,,,,,,,,,,,,,,,,,,,,,,,,,,,,,,,,,,,,,,,,,,,,,,,,,,,,,,,,,,,,,,,,,,,
2026-03-26T06:17:06.403933Z,10000,dc.danglingtree.htb,Microsoft-Windows-RestartManager,Application,297,4,,,,,,,,,,,,,,,,,,,,,,,,,,,,,,,,,,,,,,,,,,,,,,,,,,,,,,,,,,,,,,,,,,,,,,,,,,,,,,,,,,0,,,,,,,,,2026-03-26T06:17:06.403172Z,,,,,,http://www.microsoft.com/2005/08/Windows/Reliability/RestartManager/,,,,,,,,,,,,,,,
2026-03-26T06:17:11.159460Z,"{'#attributes': {'Qualifiers': 0}, '#text': 11707}",dc.danglingtree.htb,MsiInstaller,Application,298,4,,,,,,,,,,7B39424341323131382D463735332D344131452D424346332D3541383230373239393635437D,,,,,,,,,,,,,,Product: IIS URL Rewrite Module 2 -- Installation completed successfully.,(NULL),(NULL),(NULL),(NULL),(NULL),,,,,,,,,,,,,,,,,,,,,,,,,,,,,,,,,,,,,,,,,,,,,,,,,,,,,,,,,,,,,,,,,,,,,,,,,,,,,,,,,,,
2026-03-26T06:17:11.159751Z,"{'#attributes': {'Qualifiers': 0}, '#text': 1033}",dc.danglingtree.htb,MsiInstaller,Application,299,4,,,,,,,,,,7B39424341323131382D463735332D344131452D424346332D3541383230373239393635437D3030303066386666336361393733623066626230393436623936306639343139646534373030303030393034,,,,,,,,,,,,,,IIS URL Rewrite Module 2,7.2.1993,1033,0,Microsoft Corporation,(NULL),,,,,,,,,,,,,,,,,,,,,,,,,,,,,,,,,,,,,,,,,,,,,,,,,,,,,,,,,,,,,,,,,,,,,,,,,,,,,,,,,,,
2026-03-26T06:17:11.174168Z,"{'#attributes': {'Qualifiers': 0}, '#text': 1042}",dc.danglingtree.htb,MsiInstaller,Application,300,4,,,,,,,,,,,,,,,,,,,,,,,,C:\Users\Administrator\AppData\Roaming\SmarterTools\SmarterMail\prerequisites\RM\rewrite_amd64_en-US.msi,2488,(NULL),(NULL),(NULL),(NULL),,,,,,,,,,,,,,,,,,,,,,,,,,,,,,,,,,,,,,,,,,,,,,,,,,,,,,,,,,,,,,,,,,,,,,,,,,,,,,,,,,,
2026-03-26T06:17:11.243056Z,"{'#attributes': {'Qualifiers': 0}, '#text': 1040}",dc.danglingtree.htb,MsiInstaller,Application,301,4,,,,,,,,,,,,,,,,,,,,,,,,C:\Users\Administrator\AppData\Roaming\SmarterTools\SmarterMail\prerequisites\ARR\requestRouter_amd64.msi,8744,(NULL),(NULL),(NULL),(NULL),,,,,,,,,,,,,,,,,,,,,,,,,,,,,,,,,,,,,,,,,,,,,,,,,,,,,,,,,,,,,,,,,,,,,,,,,,,,,,,,,,,
2026-03-26T06:17:11.166428Z,10001,dc.danglingtree.htb,Microsoft-Windows-RestartManager,Application,302,4,,,,,,,,,,,,,,,,,,,,,,,,,,,,,,,,,,,,,,,,,,,,,,,,,,,,,,,,,,,,,,,,,,,,,,,,,,,,,,,,,,0,,,,,,,,,2026-03-26T06:17:06.403172Z,,,,,,http://www.microsoft.com/2005/08/Windows/Reliability/RestartManager/,,,,,,,,,,,,,,,
2026-03-26T06:17:11.277209Z,10000,dc.danglingtree.htb,Microsoft-Windows-RestartManager,Application,303,4,,,,,,,,,,,,,,,,,,,,,,,,,,,,,,,,,,,,,,,,,,,,,,,,,,,,,,,,,,,,,,,,,,,,,,,,,,,,,,,,,,0,,,,,,,,,2026-03-26T06:17:11.276666Z,,,,,,http://www.microsoft.com/2005/08/Windows/Reliability/RestartManager/,,,,,,,,,,,,,,,
2026-03-26T06:17:11.863664Z,1000,dc.danglingtree.htb,Microsoft-Windows-LoadPerf,Application,304,4,,,,,,,,,,,,,,,,,,,,,,,,,,,,,,,,,,,,,,,,,,,,,,,,,,,,,,,,,,,,,,,,,,,,,,,,,,,,,,,,,,,,,,,,,,,,,,,,,LoadPerf,,0,,{2ea61e86-28c7-498f-aa4d-df8d11504c40},,,,ARR_CounterProvider,,,,,,,
2026-03-26T06:17:12.880405Z,"{'#attributes': {'Qualifiers': 0}, '#text': 11707}",dc.danglingtree.htb,MsiInstaller,Application,305,4,,,,,,,,,,7B33433837364534442D423438362D343946412D414233332D4439343336373335374136397D,,,,,,,,,,,,,,Product: Microsoft Application Request Routing 3.0 -- Installation completed successfully.,(NULL),(NULL),(NULL),(NULL),(NULL),,,,,,,,,,,,,,,,,,,,,,,,,,,,,,,,,,,,,,,,,,,,,,,,,,,,,,,,,,,,,,,,,,,,,,,,,,,,,,,,,,,
2026-03-26T06:17:12.880618Z,"{'#attributes': {'Qualifiers': 0}, '#text': 1033}",dc.danglingtree.htb,MsiInstaller,Application,306,4,,,,,,,,,,7B33433837364534442D423438362D343946412D414233332D4439343336373335374136397D3030303061383539613738303865356236613931626430666433353661363939323565323030303030393034,,,,,,,,,,,,,,Microsoft Application Request Routing 3.0,3.0.05311,1033,0,Microsoft Corporation,(NULL),,,,,,,,,,,,,,,,,,,,,,,,,,,,,,,,,,,,,,,,,,,,,,,,,,,,,,,,,,,,,,,,,,,,,,,,,,,,,,,,,,,
2026-03-26T06:17:12.892507Z,"{'#attributes': {'Qualifiers': 0}, '#text': 1042}",dc.danglingtree.htb,MsiInstaller,Application,307,4,,,,,,,,,,,,,,,,,,,,,,,,C:\Users\Administrator\AppData\Roaming\SmarterTools\SmarterMail\prerequisites\ARR\requestRouter_amd64.msi,8744,(NULL),(NULL),(NULL),(NULL),,,,,,,,,,,,,,,,,,,,,,,,,,,,,,,,,,,,,,,,,,,,,,,,,,,,,,,,,,,,,,,,,,,,,,,,,,,,,,,,,,,
2026-03-26T06:17:12.885659Z,10001,dc.danglingtree.htb,Microsoft-Windows-RestartManager,Application,308,4,,,,,,,,,,,,,,,,,,,,,,,,,,,,,,,,,,,,,,,,,,,,,,,,,,,,,,,,,,,,,,,,,,,,,,,,,,,,,,,,,,0,,,,,,,,,2026-03-26T06:17:11.276666Z,,,,,,http://www.microsoft.com/2005/08/Windows/Reliability/RestartManager/,,,,,,,,,,,,,,,
2026-03-26T06:17:14.122577Z,"{'#attributes': {'Qualifiers': 0}, '#text': 1040}",dc.danglingtree.htb,MsiInstaller,Application,309,4,,,,,,,,,,,,,,,,,,,,,,,,C:\Users\Administrator\AppData\Roaming\SmarterTools\SmarterMail 100.0.9504.27800\install\SmarterMail.msi,8204,(NULL),(NULL),(NULL),(NULL),,,,,,,,,,,,,,,,,,,,,,,,,,,,,,,,,,,,,,,,,,,,,,,,,,,,,,,,,,,,,,,,,,,,,,,,,,,,,,,,,,,
2026-03-26T06:17:14.217643Z,10000,dc.danglingtree.htb,Microsoft-Windows-RestartManager,Application,310,4,,,,,,,,,,,,,,,,,,,,,,,,,,,,,,,,,,,,,,,,,,,,,,,,,,,,,,,,,,,,,,,,,,,,,,,,,,,,,,,,,,0,,,,,,,,,2026-03-26T06:17:14.217365Z,,,,,,http://www.microsoft.com/2005/08/Windows/Reliability/RestartManager/,,,,,,,,,,,,,,,
2026-03-26T06:17:16.779059Z,"{'#attributes': {'Qualifiers': 0}, '#text': 1004}",dc.danglingtree.htb,WAC-Configuration,Application,311,4,,,,,,,,,,,,,,,,,,,,,,,2026-03-25T23:17:16 Level=INFO ExitCode=0 Message=Enable-WACPSRemoting: Successfully configured PowerShell Remoting.,,,,,,,,,,,,,,,,,,,,,,,,,,,,,,,,,,,,,,,,,,,,,,,,,,,,,,,,,,,,,,,,,,,,,,,,,,,,,,,,,,,,,,,,,
2026-03-26T06:17:17.390937Z,"{'#attributes': {'Qualifiers': 0}, '#text': 1001}",dc.danglingtree.htb,WAC-Configuration,Application,312,4,,,,,,,,,,,,,,,,,,,,,,,2026-03-25T23:17:17 Level=INFO ExitCode=0 Message=Removing existing self-signed certificates...,,,,,,,,,,,,,,,,,,,,,,,,,,,,,,,,,,,,,,,,,,,,,,,,,,,,,,,,,,,,,,,,,,,,,,,,,,,,,,,,,,,,,,,,,
2026-03-26T06:17:17.512426Z,"{'#attributes': {'Qualifiers': 0}, '#text': 1004}",dc.danglingtree.htb,WAC-Configuration,Application,313,4,,,,,,,,,,,,,,,,,,,,,,,2026-03-25T23:17:17 Level=INFO ExitCode=0 Message=Remove-WACSelfSignedCertificate: Successfully removed self signed certificate.,,,,,,,,,,,,,,,,,,,,,,,,,,,,,,,,,,,,,,,,,,,,,,,,,,,,,,,,,,,,,,,,,,,,,,,,,,,,,,,,,,,,,,,,,
2026-03-26T06:17:18.258941Z,"{'#attributes': {'Qualifiers': 0}, '#text': 1001}",dc.danglingtree.htb,WAC-Configuration,Application,314,4,,,,,,,,,,,,,,,,,,,,,,,2026-03-25T23:17:18 Level=INFO ExitCode=0 Message=Set-WACEndpointFqdn: Service FQDN is the same as local FQDN.,,,,,,,,,,,,,,,,,,,,,,,,,,,,,,,,,,,,,,,,,,,,,,,,,,,,,,,,,,,,,,,,,,,,,,,,,,,,,,,,,,,,,,,,,
2026-03-26T06:17:18.461481Z,"{'#attributes': {'Qualifiers': 0}, '#text': 1004}",dc.danglingtree.htb,WAC-Configuration,Application,315,4,,,,,,,,,,,,,,,,,,,,,,,2026-03-25T23:17:18 Level=INFO ExitCode=0 Message=Set-WACEndpointFqdn: Updated Endpoint and Service FQDN.,,,,,,,,,,,,,,,,,,,,,,,,,,,,,,,,,,,,,,,,,,,,,,,,,,,,,,,,,,,,,,,,,,,,,,,,,,,,,,,,,,,,,,,,,
2026-03-26T06:17:22.115753Z,"{'#attributes': {'Qualifiers': 0}, '#text': 4113}",dc.danglingtree.htb,Microsoft-Windows-CAPI2,Application,316,4,,,,,,,,,,,,,,,,,,,,,,,"‎Wednesday, ‎May ‎31, ‎2017 4:28:59 PM",,,,,,,,,,,,,,,,,,,,,,,,,,,,,,,,,,,,,,,,,,,,,,,,,,,,,,,,,,,,,,,,,,,,,,,,,,,,,,,,,,,,,,,,,
2026-03-26T06:17:23.239647Z,"{'#attributes': {'Qualifiers': 0}, '#text': 1004}",dc.danglingtree.htb,WAC-Configuration,Application,317,4,,,,,,,,,,,,,,,,,,,,,,,2026-03-25T23:17:23 Level=INFO ExitCode=0 Message=Copy-WACTempUpdaterProcessFiles: Successfully copied Windows Admin Center Updater process files.,,,,,,,,,,,,,,,,,,,,,,,,,,,,,,,,,,,,,,,,,,,,,,,,,,,,,,,,,,,,,,,,,,,,,,,,,,,,,,,,,,,,,,,,,
2026-03-26T06:17:25.791640Z,"{'#attributes': {'Qualifiers': 0}, '#text': 1004}",dc.danglingtree.htb,WAC-Configuration,Application,318,4,,,,,,,,,,,,,,,,,,,,,,,2026-03-25T23:17:25 Level=INFO ExitCode=0 Message=Register-WACUpdaterScheduledTask: Successfully registered Windows Admin Center Updater scheduled task.,,,,,,,,,,,,,,,,,,,,,,,,,,,,,,,,,,,,,,,,,,,,,,,,,,,,,,,,,,,,,,,,,,,,,,,,,,,,,,,,,,,,,,,,,
2026-03-26T06:17:26.470206Z,"{'#attributes': {'Qualifiers': 0}, '#text': 1004}",dc.danglingtree.htb,WAC-Configuration,Application,319,4,,,,,,,,,,,,,,,,,,,,,,,2026-03-25T23:17:26 Level=INFO ExitCode=0 Message=Register-WACService: Successfully registered Windows Admin Center service.,,,,,,,,,,,,,,,,,,,,,,,,,,,,,,,,,,,,,,,,,,,,,,,,,,,,,,,,,,,,,,,,,,,,,,,,,,,,,,,,,,,,,,,,,
2026-03-26T06:17:27.080507Z,"{'#attributes': {'Qualifiers': 0}, '#text': 1004}",dc.danglingtree.htb,WAC-Configuration,Application,320,4,,,,,,,,,,,,,,,,,,,,,,,2026-03-25T23:17:27 Level=INFO ExitCode=0 Message=Set-WACInstallDate: Successfully set WAC install date to 20260325,,,,,,,,,,,,,,,,,,,,,,,,,,,,,,,,,,,,,,,,,,,,,,,,,,,,,,,,,,,,,,,,,,,,,,,,,,,,,,,,,,,,,,,,,
2026-03-26T06:17:27.800560Z,"{'#attributes': {'Qualifiers': 0}, '#text': 1004}",dc.danglingtree.htb,WAC-Configuration,Application,321,4,,,,,,,,,,,,,,,,,,,,,,,2026-03-25T23:17:27 Level=INFO ExitCode=0 Message=Set-WACFileVersion: Successfully set WAC file version to 2.6.11.4,,,,,,,,,,,,,,,,,,,,,,,,,,,,,,,,,,,,,,,,,,,,,,,,,,,,,,,,,,,,,,,,,,,,,,,,,,,,,,,,,,,,,,,,,
2026-03-26T06:17:27.666333Z,1001,dc.danglingtree.htb,Windows Error Reporting,Application,322,4,,,,,,,,,"
\\?\C:\WINDOWS\LiveKernelReports\WATCHDOG\WATCHDOG-20260325-2220.dmp
\\?\C:\WINDOWS\SystemTemp\WER-265843-0.sysdata.xml
\\?\C:\ProgramData\Microsoft\Windows\WER\Temp\WER.6348921d-21db-4dba-bca9-7346eab204f4.tmp.WERInternalMetadata.xml
\\?\C:\ProgramData\Microsoft\Windows\WER\Temp\WER.086551b6-2092-43dc-ba79-f77f9c0c712b.tmp.csv
\\?\C:\ProgramData\Microsoft\Windows\WER\Temp\WER.b5bbf212-e4ed-44d2-94dc-9a1f611b3bbf.tmp.txt
\\?\C:\ProgramData\Microsoft\Windows\WER\Temp\WER.fe28f9df-1df2-44d8-a0d9-a297c14bfa51.tmp.xml",,LKD_0x1A8_10_OSGraphicsMonitorNoModeSetTSDD_dxgkrnl!DISPLAYSTATECHECKER::CreateBlackScreenLiveDump,0,,,,,,0,81077f85-b54d-4945-a53e-9647d9c3e76d,,,,,,,,,,,,,,,,,,,LiveKernelEvent,,,,,,,,,,,,,,,,,,,1a8,,a,0,0,0,10_0_26100,0_0,272_3,,,,,,,,,,,0,,adce6cda-94ad-4a5e-ae60-9128eead73f4,268435556,,Not available,,,,,,\\?\C:\ProgramData\Microsoft\Windows\WER\ReportArchive\Kernel_1a8_1bb6b61f8d70287bd75b2b66f7a1d1e54e9a3a2_00000000_cab_adce6cda-94ad-4a5e-ae60-9128eead73f4,,,,,,,,,,,,,,,,,,,,,,,,,
2026-03-26T06:17:28.410619Z,"{'#attributes': {'Qualifiers': 0}, '#text': 1004}",dc.danglingtree.htb,WAC-Configuration,Application,323,4,,,,,,,,,,,,,,,,,,,,,,,2026-03-25T23:17:28 Level=INFO ExitCode=0 Message=Set-WACNuGetVersion: Successfully set WAC NuGet version.,,,,,,,,,,,,,,,,,,,,,,,,,,,,,,,,,,,,,,,,,,,,,,,,,,,,,,,,,,,,,,,,,,,,,,,,,,,,,,,,,,,,,,,,,
2026-03-26T06:17:28.927144Z,"{'#attributes': {'Qualifiers': 0}, '#text': 1001}",dc.danglingtree.htb,WAC-Configuration,Application,324,4,,,,,,,,,,,,,,,,,,,,,,,2026-03-25T23:17:28 Level=INFO ExitCode=0 Message=Setting WinRM TrustedHosts configuration...,,,,,,,,,,,,,,,,,,,,,,,,,,,,,,,,,,,,,,,,,,,,,,,,,,,,,,,,,,,,,,,,,,,,,,,,,,,,,,,,,,,,,,,,,
2026-03-26T06:17:29.020739Z,"{'#attributes': {'Qualifiers': 0}, '#text': 1004}",dc.danglingtree.htb,WAC-Configuration,Application,325,4,,,,,,,,,,,,,,,,,,,,,,,2026-03-25T23:17:29 Level=INFO ExitCode=0 Message=Set-WACWinRmTrustedHosts: Successfully set TrustedHosts to *.,,,,,,,,,,,,,,,,,,,,,,,,,,,,,,,,,,,,,,,,,,,,,,,,,,,,,,,,,,,,,,,,,,,,,,,,,,,,,,,,,,,,,,,,,
2026-03-26T06:17:29.581879Z,"{'#attributes': {'Qualifiers': 0}, '#text': 1004}",dc.danglingtree.htb,WAC-Configuration,Application,326,4,,,,,,,,,,,,,,,,,,,,,,,2026-03-25T23:17:29 Level=INFO ExitCode=0 Message=Set-WACWinRmOverHttps: Successfully set WAC WinRM over HTTPS configuration.,,,,,,,,,,,,,,,,,,,,,,,,,,,,,,,,,,,,,,,,,,,,,,,,,,,,,,,,,,,,,,,,,,,,,,,,,,,,,,,,,,,,,,,,,
2026-03-26T06:17:30.199808Z,"{'#attributes': {'Qualifiers': 0}, '#text': 1004}",dc.danglingtree.htb,WAC-Configuration,Application,327,4,,,,,,,,,,,,,,,,,,,,,,,2026-03-25T23:17:30 Level=INFO ExitCode=0 Message=Set-WACSoftwareUpdateMode: Successfully set WAC software update mode.,,,,,,,,,,,,,,,,,,,,,,,,,,,,,,,,,,,,,,,,,,,,,,,,,,,,,,,,,,,,,,,,,,,,,,,,,,,,,,,,,,,,,,,,,
2026-03-26T06:17:30.721119Z,"{'#attributes': {'Qualifiers': 0}, '#text': 1004}",dc.danglingtree.htb,WAC-Configuration,Application,328,4,,,,,,,,,,,,,,,,,,,,,,,2026-03-25T23:17:30 Level=INFO ExitCode=0 Message=Set-WACTelemetryPrivacy: Successfully set WAC telemetry privacy mode.,,,,,,,,,,,,,,,,,,,,,,,,,,,,,,,,,,,,,,,,,,,,,,,,,,,,,,,,,,,,,,,,,,,,,,,,,,,,,,,,,,,,,,,,,
2026-03-26T06:17:31.266939Z,"{'#attributes': {'Qualifiers': 0}, '#text': 1004}",dc.danglingtree.htb,WAC-Configuration,Application,329,4,,,,,,,,,,,,,,,,,,,,,,,2026-03-25T23:17:31 Level=INFO ExitCode=0 Message=Set-WACLoginMode: Successfully set WAC login mode.,,,,,,,,,,,,,,,,,,,,,,,,,,,,,,,,,,,,,,,,,,,,,,,,,,,,,,,,,,,,,,,,,,,,,,,,,,,,,,,,,,,,,,,,,
2026-03-26T06:17:31.792273Z,"{'#attributes': {'Qualifiers': 0}, '#text': 1001}",dc.danglingtree.htb,WAC-Configuration,Application,330,4,,,,,,,,,,,,,,,,,,,,,,,2026-03-25T23:17:31 Level=INFO ExitCode=0 Message=Set-WACCertificateSubjectName: Starting to set certificate subject name. Target: All,,,,,,,,,,,,,,,,,,,,,,,,,,,,,,,,,,,,,,,,,,,,,,,,,,,,,,,,,,,,,,,,,,,,,,,,,,,,,,,,,,,,,,,,,
2026-03-26T06:17:31.923920Z,"{'#attributes': {'Qualifiers': 0}, '#text': 1001}",dc.danglingtree.htb,WAC-Configuration,Application,331,4,,,,,,,,,,,,,,,,,,,,,,,2026-03-25T23:17:31 Level=INFO ExitCode=0 Message=The certificate subject name for the front-end endpoint has been set to dc.danglingtree.htb.,,,,,,,,,,,,,,,,,,,,,,,,,,,,,,,,,,,,,,,,,,,,,,,,,,,,,,,,,,,,,,,,,,,,,,,,,,,,,,,,,,,,,,,,,
2026-03-26T06:17:31.951468Z,"{'#attributes': {'Qualifiers': 0}, '#text': 1001}",dc.danglingtree.htb,WAC-Configuration,Application,332,4,,,,,,,,,,,,,,,,,,,,,,,2026-03-25T23:17:31 Level=INFO ExitCode=0 Message=The certificate subject name for the service endpoint has been set to dc.danglingtree.htb.,,,,,,,,,,,,,,,,,,,,,,,,,,,,,,,,,,,,,,,,,,,,,,,,,,,,,,,,,,,,,,,,,,,,,,,,,,,,,,,,,,,,,,,,,
2026-03-26T06:17:31.965472Z,"{'#attributes': {'Qualifiers': 0}, '#text': 1004}",dc.danglingtree.htb,WAC-Configuration,Application,333,4,,,,,,,,,,,,,,,,,,,,,,,2026-03-25T23:17:31 Level=INFO ExitCode=0 Message=Set-WACCertificateSubjectName: Successfully set WAC certificate subject name.,,,,,,,,,,,,,,,,,,,,,,,,,,,,,,,,,,,,,,,,,,,,,,,,,,,,,,,,,,,,,,,,,,,,,,,,,,,,,,,,,,,,,,,,,
2026-03-26T06:17:32.546349Z,"{'#attributes': {'Qualifiers': 0}, '#text': 1004}",dc.danglingtree.htb,WAC-Configuration,Application,334,4,,,,,,,,,,,,,,,,,,,,,,,2026-03-25T23:17:32 Level=INFO ExitCode=0 Message=Set-WACCertificateAcl: Successfully set WAC certificate access control list.,,,,,,,,,,,,,,,,,,,,,,,,,,,,,,,,,,,,,,,,,,,,,,,,,,,,,,,,,,,,,,,,,,,,,,,,,,,,,,,,,,,,,,,,,
2026-03-26T06:17:33.607689Z,"{'#attributes': {'Qualifiers': 0}, '#text': 1004}",dc.danglingtree.htb,WAC-Configuration,Application,335,4,,,,,,,,,,,,,,,,,,,,,,,2026-03-25T23:17:33 Level=INFO ExitCode=0 Message=Register-WACAccountManagementService: Successfully registered Windows Admin Center Account Management service.,,,,,,,,,,,,,,,,,,,,,,,,,,,,,,,,,,,,,,,,,,,,,,,,,,,,,,,,,,,,,,,,,,,,,,,,,,,,,,,,,,,,,,,,,
2026-03-26T06:17:34.681754Z,"{'#attributes': {'Qualifiers': 0}, '#text': 1001}",dc.danglingtree.htb,WAC-Configuration,Application,336,4,,,,,,,,,,,,,,,,,,,,,,,2026-03-25T23:17:34 Level=INFO ExitCode=0 Message=Registering WAC local CredSSP configuration...,,,,,,,,,,,,,,,,,,,,,,,,,,,,,,,,,,,,,,,,,,,,,,,,,,,,,,,,,,,,,,,,,,,,,,,,,,,,,,,,,,,,,,,,,
2026-03-26T06:17:35.448743Z,"{'#attributes': {'Qualifiers': 0}, '#text': 1001}",dc.danglingtree.htb,WAC-Configuration,Application,337,4,,,,,,,,,,,,,,,,,,,,,,,2026-03-25T23:17:35 Level=INFO ExitCode=0 Message=Register-WACLocalCredSSP: Created local group and added current user.,,,,,,,,,,,,,,,,,,,,,,,,,,,,,,,,,,,,,,,,,,,,,,,,,,,,,,,,,,,,,,,,,,,,,,,,,,,,,,,,,,,,,,,,,
2026-03-26T06:17:35.571729Z,"{'#attributes': {'Qualifiers': 0}, '#text': 1001}",dc.danglingtree.htb,WAC-Configuration,Application,338,4,,,,,,,,,,,,,,,,,,,,,,,2026-03-25T23:17:35 Level=INFO ExitCode=0 Message=Register-WACLocalCredSSP: Configured CredSSP script module.,,,,,,,,,,,,,,,,,,,,,,,,,,,,,,,,,,,,,,,,,,,,,,,,,,,,,,,,,,,,,,,,,,,,,,,,,,,,,,,,,,,,,,,,,
2026-03-26T06:17:35.693702Z,"{'#attributes': {'Qualifiers': 0}, '#text': 1001}",dc.danglingtree.htb,WAC-Configuration,Application,339,4,,,,,,,,,,,,,,,,,,,,,,,2026-03-25T23:17:35 Level=INFO ExitCode=0 Message=Register-WACLocalCredSSP: Imported signer certificates.,,,,,,,,,,,,,,,,,,,,,,,,,,,,,,,,,,,,,,,,,,,,,,,,,,,,,,,,,,,,,,,,,,,,,,,,,,,,,,,,,,,,,,,,,
2026-03-26T06:17:35.726302Z,"{'#attributes': {'Qualifiers': 0}, '#text': 1001}",dc.danglingtree.htb,WAC-Configuration,Application,340,4,,,,,,,,,,,,,,,,,,,,,,,2026-03-25T23:17:35 Level=INFO ExitCode=0 Message=Register-WACLocalCredSSP: Created role capabilities settings file.,,,,,,,,,,,,,,,,,,,,,,,,,,,,,,,,,,,,,,,,,,,,,,,,,,,,,,,,,,,,,,,,,,,,,,,,,,,,,,,,,,,,,,,,,
2026-03-26T06:17:35.829249Z,"{'#attributes': {'Qualifiers': 0}, '#text': 1005}",dc.danglingtree.htb,WAC-Configuration,Application,341,2,,,,,,,,,,,,,,,,,,,,,,,"2026-03-25T23:17:35 Level=ERROR ExitCode=1 Message=Register-WACLocalCredSSP: Failed to register CredSSP session configuration. Error: Could not grant remote access to 'DC\Windows Admin Center CredSSP': 'Some or all identity references could not be translated.'. The session configuration has been registered, but this group does not have access. To resolve this error, provide a valid group name and register the session configuration again.",,,,,,,,,,,,,,,,,,,,,,,,,,,,,,,,,,,,,,,,,,,,,,,,,,,,,,,,,,,,,,,,,,,,,,,,,,,,,,,,,,,,,,,,,
2026-03-26T06:17:37.458957Z,"{'#attributes': {'Qualifiers': 0}, '#text': 1004}",dc.danglingtree.htb,WAC-Configuration,Application,342,4,,,,,,,,,,,,,,,,,,,,,,,2026-03-25T23:17:37 Level=INFO ExitCode=0 Message=Initialize-WACDatabase: Successfully initialized database.,,,,,,,,,,,,,,,,,,,,,,,,,,,,,,,,,,,,,,,,,,,,,,,,,,,,,,,,,,,,,,,,,,,,,,,,,,,,,,,,,,,,,,,,,
2026-03-26T06:17:38.016234Z,"{'#attributes': {'Qualifiers': 0}, '#text': 1001}",dc.danglingtree.htb,WAC-Configuration,Application,343,4,,,,,,,,,,,,,,,,,,,,,,,2026-03-25T23:17:38 Level=INFO ExitCode=0 Message=Import-WACExistingExtensions: No previously installed extensions to import.,,,,,,,,,,,,,,,,,,,,,,,,,,,,,,,,,,,,,,,,,,,,,,,,,,,,,,,,,,,,,,,,,,,,,,,,,,,,,,,,,,,,,,,,,
2026-03-26T06:17:38.484492Z,"{'#attributes': {'Qualifiers': 0}, '#text': 1001}",dc.danglingtree.htb,WAC-Configuration,Application,344,4,,,,,,,,,,,,,,,,,,,,,,,2026-03-25T23:17:38 Level=INFO ExitCode=0 Message=Import-WACExistingPlugins: No previously installed plugins to import.,,,,,,,,,,,,,,,,,,,,,,,,,,,,,,,,,,,,,,,,,,,,,,,,,,,,,,,,,,,,,,,,,,,,,,,,,,,,,,,,,,,,,,,,,
2026-03-26T06:17:39.084737Z,"{'#attributes': {'Qualifiers': 0}, '#text': 1004}",dc.danglingtree.htb,WAC-Configuration,Application,345,4,,,,,,,,,,,,,,,,,,,,,,,2026-03-25T23:17:39 Level=INFO ExitCode=0 Message=New-WACEventLog: Successfully created Windows Admin Center event log.,,,,,,,,,,,,,,,,,,,,,,,,,,,,,,,,,,,,,,,,,,,,,,,,,,,,,,,,,,,,,,,,,,,,,,,,,,,,,,,,,,,,,,,,,
2026-03-26T06:17:39.479138Z,"{'#attributes': {'Qualifiers': 0}, '#text': 1001}",dc.danglingtree.htb,WAC-Configuration,Application,346,4,,,,,,,,,,,,,,,,,,,,,,,2026-03-25T23:17:39 Level=INFO ExitCode=1 Message=Test-WACInstallationFailure: Installation failure check completed. Result: 1,,,,,,,,,,,,,,,,,,,,,,,,,,,,,,,,,,,,,,,,,,,,,,,,,,,,,,,,,,,,,,,,,,,,,,,,,,,,,,,,,,,,,,,,,
2026-03-26T06:23:39.057661Z,"{'#attributes': {'Qualifiers': 0}, '#text': 0}",dc.danglingtree.htb,MailService,Application,347,4,,,,,,,,,,,,,,,,,,,,,,,Service started successfully.,,,,,,,,,,,,,,,,,,,,,,,,,,,,,,,,,,,,,,,,,,,,,,,,,,,,,,,,,,,,,,,,,,,,,,,,,,,,,,,,,,,,,,,,,
2026-03-26T06:23:41.263599Z,"{'#attributes': {'Qualifiers': 0}, '#text': 1042}",dc.danglingtree.htb,MsiInstaller,Application,348,4,,,,,,,,,,,,,,,,,,,,,,,,C:\Users\Administrator\AppData\Roaming\SmarterTools\SmarterMail 100.0.9504.27800\install\SmarterMail.msi,8204,(NULL),(NULL),(NULL),(NULL),,,,,,,,,,,,,,,,,,,,,,,,,,,,,,,,,,,,,,,,,,,,,,,,,,,,,,,,,,,,,,,,,,,,,,,,,,,,,,,,,,,
2026-03-26T06:23:41.269783Z,"{'#attributes': {'Qualifiers': 0}, '#text': 11707}",dc.danglingtree.htb,MsiInstaller,Application,349,4,,,,,,,,,,7B45464345394136362D324330432D344342382D384638462D3734333241334444394330367D,,,,,,,,,,,,,,Product: SmarterMail -- Installation completed successfully.,(NULL),(NULL),(NULL),(NULL),(NULL),,,,,,,,,,,,,,,,,,,,,,,,,,,,,,,,,,,,,,,,,,,,,,,,,,,,,,,,,,,,,,,,,,,,,,,,,,,,,,,,,,,
2026-03-26T06:23:41.270042Z,"{'#attributes': {'Qualifiers': 0}, '#text': 1033}",dc.danglingtree.htb,MsiInstaller,Application,350,4,,,,,,,,,,7B45464345394136362D324330432D344342382D384638462D3734333241334444394330367D3030303036653266613432363535313537343137646237346565616132303532313838303030303030393034,,,,,,,,,,,,,,SmarterMail,100.0.9504.27800,1033,0,SmarterTools,(NULL),,,,,,,,,,,,,,,,,,,,,,,,,,,,,,,,,,,,,,,,,,,,,,,,,,,,,,,,,,,,,,,,,,,,,,,,,,,,,,,,,,,
2026-03-26T06:23:41.256332Z,10001,dc.danglingtree.htb,Microsoft-Windows-RestartManager,Application,351,4,,,,,,,,,,,,,,,,,,,,,,,,,,,,,,,,,,,,,,,,,,,,,,,,,,,,,,,,,,,,,,,,,,,,,,,,,,,,,,,,,,0,,,,,,,,,2026-03-26T06:17:14.217365Z,,,,,,http://www.microsoft.com/2005/08/Windows/Reliability/RestartManager/,,,,,,,,,,,,,,,
2026-03-26T06:23:50.594827Z,1000,dc.danglingtree.htb,Microsoft-Windows-LoadPerf,Application,352,4,,,,,,,,,,,,,,,,,,,,,,,,,,,,,,,,,,,,,,,,,,,,,,,,,,,,,,,,,,,,,,,,,,,,,,,,,,,,,,,,,,,,,,,,,,,,,,,,,LoadPerf,AE3C0000DA3C0000,8,,SmarterMail,,,,SmarterMail,,,,,,,
2026-03-26T06:23:51.629782Z,"{'#attributes': {'Qualifiers': 0}, '#text': 4097}",dc.danglingtree.htb,Microsoft-Windows-CAPI2,Application,353,4,,,,,,,,,,,,,,,,,,,,,,,,"CN=ISRG Root X1, O=Internet Security Research Group, C=US",CABD2A79A1076A31F21D253635CB039D4329A5E8,,,,,,,,,,,,,,,,,,,,,,,,,,,,,,,,,,,,,,,,,,,,,,,,,,,,,,,,,,,,,,,,,,,,,,,,,,,,,,,,,,,,,,,
2026-03-26T06:26:15.018757Z,1001,dc.danglingtree.htb,Windows Error Reporting,Application,354,4,,,,,,,,,"
\\?\C:\Users\Administrator\AppData\Local\Temp\RDR5FB1.tmp\empty.txt
\\?\C:\ProgramData\Microsoft\Windows\WER\Temp\WER.e498361c-4529-46ea-9523-70ee7c993c27.tmp.WERInternalMetadata.xml
\\?\C:\ProgramData\Microsoft\Windows\WER\Temp\WER.932516cb-15b0-4ef0-86ea-799b299888e0.tmp.csv
\\?\C:\ProgramData\Microsoft\Windows\WER\Temp\WER.7f47de69-769e-4ace-b2cf-5f840fb6621c.tmp.txt
\\?\C:\ProgramData\Microsoft\Windows\WER\Temp\WER.f1a31ca9-6000-4d89-9617-ddb7aab12e42.tmp.xml",,2225305994898038371,5,,,,,,0,0,,,,,,,,,,,,,,,,,,,RADAR_PRE_LEAK_64,,,,,,8a089489e0c5885b6ee1e0031e71de63,,,,,,,,,,,,,MailService.exe,,100.0.9504.27800,10.0.26100.2.0.0,,,,,,,,,,,,,,,,0,,3578df1d-cfc3-4640-b182-68d0e02e64e5,268435456,,Not available,,,,,,NULL,,,,,,,,,,,,,,,,,,,,,,,,,
2026-03-26T06:26:49.773881Z,"{'#attributes': {'Qualifiers': 0}, '#text': 11707}",dc.danglingtree.htb,MsiInstaller,Application,355,4,,,,,,,,,,7B45464345394136362D324330432D344342382D384638462D3734333241334444394330367D,,,,,,,,,,,,,,Product: SmarterMail -- Installation completed successfully.,(NULL),(NULL),(NULL),(NULL),(NULL),,,,,,,,,,,,,,,,,,,,,,,,,,,,,,,,,,,,,,,,,,,,,,,,,,,,,,,,,,,,,,,,,,,,,,,,,,,,,,,,,,,
2026-03-26T06:26:49.774363Z,"{'#attributes': {'Qualifiers': 0}, '#text': 1033}",dc.danglingtree.htb,MsiInstaller,Application,356,4,,,,,,,,,,7B45464345394136362D324330432D344342382D384638462D3734333241334444394330367D3030303036653266613432363535313537343137646237346565616132303532313838303030303030393034,,,,,,,,,,,,,,SmarterMail,100.0.9504.27800,1033,0,SmarterTools,(NULL),,,,,,,,,,,,,,,,,,,,,,,,,,,,,,,,,,,,,,,,,,,,,,,,,,,,,,,,,,,,,,,,,,,,,,,,,,,,,,,,,,,
2026-03-26T06:27:06.033807Z,"{'#attributes': {'Qualifiers': 0}, '#text': 1004}",dc.danglingtree.htb,WAC-Configuration,Application,357,4,,,,,,,,,,,,,,,,,,,,,,,2026-03-25T23:27:05 Level=INFO ExitCode=0 Message=Add-WACUserSIDToSecurityDescriptor: Successfully set user SID to service secirity descriptor.,,,,,,,,,,,,,,,,,,,,,,,,,,,,,,,,,,,,,,,,,,,,,,,,,,,,,,,,,,,,,,,,,,,,,,,,,,,,,,,,,,,,,,,,,
2026-03-26T06:27:06.044746Z,"{'#attributes': {'Qualifiers': 0}, '#text': 1004}",dc.danglingtree.htb,WAC-Configuration,Application,358,4,,,,,,,,,,,,,,,,,,,,,,,2026-03-25T23:27:06 Level=INFO ExitCode=0 Message=Set-WACServiceSecurityDescriptor: Successfully set security descriptor.,,,,,,,,,,,,,,,,,,,,,,,,,,,,,,,,,,,,,,,,,,,,,,,,,,,,,,,,,,,,,,,,,,,,,,,,,,,,,,,,,,,,,,,,,
2026-03-26T06:27:06.688563Z,"{'#attributes': {'Qualifiers': 0}, '#text': 0}",dc.danglingtree.htb,WindowsAdminCenterAccountManagement,Application,359,4,,,,,,,,,,,,,,,,,,,,,,,Service started successfully.,,,,,,,,,,,,,,,,,,,,,,,,,,,,,,,,,,,,,,,,,,,,,,,,,,,,,,,,,,,,,,,,,,,,,,,,,,,,,,,,,,,,,,,,,
2026-03-26T06:27:24.273825Z,"{'#attributes': {'Qualifiers': 32768}, '#text': 6000}",dc.danglingtree.htb,Microsoft-Windows-Winlogon,Application,360,4,,,,,,,,,,D9060000,,,,,,,,,,,,,WSearch,,,,,,,,,,,,,,,,,,,,,,,,,,,,,,,,,,,,,,,,,,,,,,,,,,,,,,,,,,,,,,,,,,,,,,,,,,,,,,,,,,,,,,,,,
2026-03-26T06:27:25.593839Z,"{'#attributes': {'Qualifiers': 0}, '#text': 260}",dc.danglingtree.htb,VMUpgradeHelper,Application,361,4,,,,,,,,,,,,,,,,,,,,,,,,,,,,,,,,,,,,,,,,,,,,,,,,,,,,,,,,,,,,,,,,,,,,,,,,,,,,,,,,,,,,,,,,,,,,,,,,,,,,,,,,,,,,,,,,
2026-03-26T06:27:25.595076Z,"{'#attributes': {'Qualifiers': 0}, '#text': 272}",dc.danglingtree.htb,VMUpgradeHelper,Application,362,4,,,,,,,,,,,,,,,,,,,,,,,,,,,,,,,,,,,,,,,,,,,,,,,,,,,,,,,,,,,,,,,,,,,,,,,,,,,,,,,,,,,,,,,,,,,,,,,,,,,,,,,,,,,,,,,,
2026-03-26T06:27:25.609153Z,"{'#attributes': {'Qualifiers': 0}, '#text': 108}",dc.danglingtree.htb,VMTools,Application,363,4,,,,,,,,,,,,,,,,,,,,,,,,,,,,,,,,,,,,,,,,,,,,,,,,,,,,,,,,,,,,,,,,,,,,,,,,,,,,,,,,,,,,,,,,,,,,,,,,,,,,,,,,,,,,,,,,
2026-03-26T06:27:25.940704Z,"{'#attributes': {'Qualifiers': 0}, '#text': 103}",dc.danglingtree.htb,ESENT,Application,364,4,,,,,,,,,,,,,,,,,,,,,,,,certsrv.exe,"3304,T,97,0",,0,"
[1] 0.000048 +J(0)
[2] 0.000014 +J(0)
[3] 0.000003 +J(0)
[4] 0.000009 +J(0)
[5] 0.015325 -0.012262 (4) WT +J(0) +M(C:0K, Fs:6, WS:20K # 0K, PF:12K # 0K, P:12K)
[6] 0.000013 +J(0)
[7] 0.000012 +J(0)
[8] 0.004235 -0.001465 (10) WT +J(CM:0, PgRf:0, Rd:0/0, Dy:0/0, Lg:3816/2) +M(C:0K, Fs:5, WS:-24K # 0K, PF:-28K # 0K, P:-28K)
[9] 0.000561 -0.000328 (1) WT +J(CM:0, PgRf:0, Rd:0/0, Dy:0/0, Lg:66/1) +M(C:0K, Fs:2, WS:8K # 0K, PF:0K # 0K, P:0K)
[10] 0.000011 +J(0)
[11] 0.000555 -0.000148 (2) WT +J(0)
[12] 0.000012 +J(0) +M(C:0K, Fs:0, WS:-4K # 0K, PF:-4K # 0K, P:-4K)
[13] 0.000045 +J(0)
[14] 0.000015 +J(0) +M(C:0K, Fs:0, WS:-64K # 0K, PF:-72K # 0K, P:-72K)
[15] 0.000001 +J(0).",0,,,,,,,,,,,,,,,,,,,,,,,,,,,,,,,,,,,,,,,,,,,,,,,,,,,,,,,,,,,,,,,,,,,,,,,,,,,,,,,,,,,
2026-03-26T06:27:25.940809Z,"{'#attributes': {'Qualifiers': 0}, '#text': 13}",dc.danglingtree.htb,VSS,Application,365,2,,,,,,,,,,2D20436F64653A20575254575254494330303030343932332D2043616C6C3A20575254575254494330303030343931362D205049443A202030303030333332382D205449443A202030303030363631362D20434D443A2020433A5C57494E444F57535C73797374656D33325C737663686F73742E657865202D6B204E6574776F726B53657276696365202D70202020202D20557365723A204E616D653A204E5420415554484F524954595C4E4554574F524B20534552564943452C205349443A532D312D352D3230,,,,,,,,,,,,,,{4e14fba2-2e22-11d1-9964-00c04fbbb345},CEventSystem,"0x8007045b, A system shutdown is in progress.
",,,,,,,,,,,,,,,,,,,,,,,,,,,,,,,,,,,,,,,,,,,,,,,,,,,,,,,,,,,,,,,,,,,,,,,,,,,,,,,,,,,,,,
2026-03-26T06:27:25.941046Z,"{'#attributes': {'Qualifiers': 16384}, '#text': 4111}",dc.danglingtree.htb,Microsoft-Windows-MSDTC,Application,366,4,,,,,,,,,,4D005300440054004300,,,,,,,,,,,,,,,,,,,,,,,,,,,,,,,,,,,,,,,,,,,,,,,,,,,,,,,,,,,,,,,,,,,,,,,,,,,,,,,,,,,,,,,,,,,,,,,,,,,,,,
2026-03-26T06:27:25.970210Z,"{'#attributes': {'Qualifiers': 0}, '#text': 8193}",dc.danglingtree.htb,VSS,Application,367,2,,,,,,,,,,2D20436F64653A20575254575254494330303030343933302D2043616C6C3A20575254575254494330303030343931362D205049443A202030303030333332382D205449443A202030303030363631362D20434D443A2020433A5C57494E444F57535C73797374656D33325C737663686F73742E657865202D6B204E6574776F726B53657276696365202D70202020202D20557365723A204E616D653A204E5420415554484F524954595C4E4554574F524B20534552564943452C205349443A532D312D352D3230,,,,,,,,,,,,,,CoCreateInstance,"0x8007045b, A system shutdown is in progress.
",,,,,,,,,,,,,,,,,,,,,,,,,,,,,,,,,,,,,,,,,,,,,,,,,,,,,,,,,,,,,,,,,,,,,,,,,,,,,,,,,,,,,,,
2026-03-26T06:27:25.979331Z,"{'#attributes': {'Qualifiers': 0}, '#text': 0}",dc.danglingtree.htb,WindowsAdminCenterAccountManagement,Application,368,4,,,,,,,,,,,,,,,,,,,,,,,Service has been successfully shut down.,,,,,,,,,,,,,,,,,,,,,,,,,,,,,,,,,,,,,,,,,,,,,,,,,,,,,,,,,,,,,,,,,,,,,,,,,,,,,,,,,,,,,,,,,
2026-03-26T06:27:25.962746Z,1532,dc.danglingtree.htb,Microsoft-Windows-User Profiles Service,Application,369,4,,,,,,,,,,,,,,,,,,,,,,,,,,,,,,,,,,,,,,,,,,,,,,,,,,,,,,,,,,,,,,,,,,,,,,,,,,,,,,,,,,,,,,,,,,,,,,,,,,,,,,,,,,,,,,,,
2026-03-26T06:27:26.158765Z,38,dc.danglingtree.htb,Microsoft-Windows-CertificationAuthority,Application,370,4,,,,,,,,,,,,,,,,,danglingtree-DC-CA,,,,,,,,,,,,,,,,,,,,,,,,,,,,,,,,,,,,,,,,,,,,,,,,,,,,,,,,,,,,,,,,,,,,,,,,,,,,,,,MSG_I_SERVER_STOPPED,,,,,,,,,,,,,,,,
2026-03-26T06:39:59.675882Z,1531,dc.danglingtree.htb,Microsoft-Windows-User Profiles Service,Application,371,4,,,,,,,,,,,,,,,,,,,,,,,,,,,,,,,,,,,,,,,,,,,,,,,,,,,,,,,,,,,,,,,,,,,,,,,,,,,,,,,,,,,,,,,,,,,,,,,,,,,,,,,,,,,,,,,,
2026-03-26T06:40:01.622828Z,"{'#attributes': {'Qualifiers': 16384}, '#text': 900}",dc.danglingtree.htb,Microsoft-Windows-Security-SPP,Application,372,4,,,,,,,,,,,,,,,,,,,,,,,TriggerStarted:6,,,,,,,,,,,,,,,,,,,,,,,,,,,,,,,,,,,,,,,,,,,,,,,,,,,,,,,,,,,,,,,,,,,,,,,,,,,,,,,,,,,,,,,,,
2026-03-26T06:40:01.681505Z,"{'#attributes': {'Qualifiers': 49152}, '#text': 16394}",dc.danglingtree.htb,Microsoft-Windows-Security-SPP,Application,373,4,,,,,,,,,,,,,,,,,,,,,,,,,,,,,,,,,,,,,,,,,,,,,,,,,,,,,,,,,,,,,,,,,,,,,,,,,,,,,,,,,,,,,,,,,,,,,,,,,,,,,,,,,,,,,,,,
2026-03-26T06:40:01.722951Z,"{'#attributes': {'Qualifiers': 16384}, '#text': 1066}",dc.danglingtree.htb,Microsoft-Windows-Security-SPP,Application,374,4,,,,,,,,,,,,,,,,,,,,,,,"C:\WINDOWS\system32\sppwinob.dll, msft:spp/windowsfunctionality/agent/7.0, 0x00000000, 0x00000000
C:\WINDOWS\system32\sppobjs.dll, msft:rm/algorithm/inherited/1.0, 0x00000000, 0x00000000
C:\WINDOWS\system32\sppobjs.dll, msft:rm/algorithm/phone/1.0, 0x00000000, 0x00000000
C:\WINDOWS\system32\sppobjs.dll, msft:rm/algorithm/pkey/detect, 0x00000000, 0x00000000
C:\WINDOWS\system32\sppobjs.dll, msft:spp/ActionScheduler/1.0, 0x00000000, 0x00000000
C:\WINDOWS\system32\sppobjs.dll, msft:spp/TaskScheduler/1.0, 0x00000000, 0x00000000
C:\WINDOWS\system32\sppobjs.dll, msft:spp/statecollector/pkey, 0x00000000, 0x00000000
C:\WINDOWS\system32\sppobjs.dll, msft:spp/volume/services/kms/1.0, 0x00000000, 0x00000000
C:\WINDOWS\system32\sppobjs.dll, msft:spp/volume/services/kms/activationinfo/1.0, 0x00000000, 0x00000000
",,,,,,,,,,,,,,,,,,,,,,,,,,,,,,,,,,,,,,,,,,,,,,,,,,,,,,,,,,,,,,,,,,,,,,,,,,,,,,,,,,,,,,,,,
2026-03-26T06:40:01.800832Z,"{'#attributes': {'Qualifiers': 16384}, '#text': 1034}",dc.danglingtree.htb,Microsoft-Windows-Security-SPP,Application,375,4,,,,,,,,,,,,,,,,,,,,,,,,Security-SPP-WriteWauMarker,500,,,,,,,,,,,,,,,,,,,,,,,,,,,,,,,,,,,,,,,,,,,,,,,,,,,,,,,,,,,,,,,,,,,,,,,,,,,,,,,,,,,,,,,
2026-03-26T06:40:01.810228Z,"{'#attributes': {'Qualifiers': 16384}, '#text': 1003}",dc.danglingtree.htb,Microsoft-Windows-Security-SPP,Application,376,4,,,,,,,,,,,,,,,,,,,,,,,,55c92734-d682-4d71-983e-d6ec3f16059f,"
1: 753c53a2-4274-4339-8c2e-f66c0b9646c5, 1, 0 [(0 )(1 )(2 )(3 [0x00000000, 0, 1], [(?)( 1 0x00000000)( 6 0x00000000 10 14316)(?)(?)(?)( 10 0x00000000 msft:rm/algorithm/flags/1.0)(?)])]

",,,,,,,,,,,,,,,,,,,,,,,,,,,,,,,,,,,,,,,,,,,,,,,,,,,,,,,,,,,,,,,,,,,,,,,,,,,,,,,,,,,,,,,
2026-03-26T06:40:01.843435Z,"{'#attributes': {'Qualifiers': 16384}, '#text': 902}",dc.danglingtree.htb,Microsoft-Windows-Security-SPP,Application,377,0,,,,,,,,,,,,,,,,,,,,,,,10.0.26100.32230,,,,,,,,,,,,,,,,,,,,,,,,,,,,,,,,,,,,,,,,,,,,,,,,,,,,,,,,,,,,,,,,,,,,,,,,,,,,,,,,,,,,,,,,,
2026-03-26T06:40:01.885197Z,"{'#attributes': {'Qualifiers': 16384}, '#text': 16388}",dc.danglingtree.htb,Microsoft-Windows-Security-SPP,Application,378,4,,,,,,,,,,,,,,,,,,,,,,,,2026-03-26T06:40:01Z,2026-03-26T06:40:01Z,,,,,,,,,,,,,,,,,,,,,,,,,,,,,,,,,,,,,,,,,,,,,,,,,,,,,,,,,,,,,,,,,,,,,,,,,,,,,,,,,,,,,,,
2026-03-26T06:40:01.933383Z,"{'#attributes': {'Qualifiers': 16384}, '#text': 8230}",dc.danglingtree.htb,Microsoft-Windows-Security-SPP,Application,379,4,,,,,,,,,,,,,,,,,,,,,,,Security-SPP-Action-StateData (REG_SZ) =AppId=55c92734-d682-4d71-983e-d6ec3f16059f;GraceEndDate=2026/04/05:05:16:01;LastConsumptionReason=0x4004f00c;LastNotificationId=NeverActivated;LicenseState=SL_LICENSING_STATUS_IN_GRACE_PERIOD;PartialProductKey=7H9YG;ProductKeyType=Retail:TB:Eval;SkuId=753c53a2-4274-4339-8c2e-f66c0b9646c5;ruleId=31e71c49-8da7-4a2f-ad92-45d98a1c79ba;uxDifferentiator=TIMEBASED_EVAL,,,,,,,,,,,,,,,,,,,,,,,,,,,,,,,,,,,,,,,,,,,,,,,,,,,,,,,,,,,,,,,,,,,,,,,,,,,,,,,,,,,,,,,,,
2026-03-26T06:40:09.578832Z,"{'#attributes': {'Qualifiers': 0}, '#text': 105}",dc.danglingtree.htb,VMTools,Application,380,4,,,,,,,,,,,,,,,,,,,,,,,,,,,,,,,,,,,,,,,,,,,,,,,,,,,,,,,,,,,,,,,,,,,,,,,,,,,,,,,,,,,,,,,,,,,,,,,,,,,,,,,,,,,,,,,,
2026-03-26T06:40:10.111472Z,"{'#attributes': {'Qualifiers': 16384}, '#text': 781}",dc.danglingtree.htb,Microsoft-Windows-Complus,Application,381,4,,,,,,,,,,,,,,,,,,,,,,,,,,,,,,,,,,,,,,,,,,,,,,,,,,,,,,,,,,,,,,,,,,,,,,,,,,,,,,,,,,,,,,,,,,,,,,,,,,,,,86400,,,,SuppressDuplicateDuration,Software\Microsoft\COM3\Eventlog,,,,,,
2026-03-26T06:40:09.632594Z,5615,dc.danglingtree.htb,Microsoft-Windows-WMI,Application,382,4,,,,,,,,,,,,,,,,,,,,,,,,,,,,,,,,,,,,,,,,,,,,,,,,,,,,,,,,,,,,,,,,,,,,,,,,,,,,,,,,,,,,,,,,,,,,,,,,,,,,,,,,,,,,,,,,
2026-03-26T06:40:10.055758Z,5617,dc.danglingtree.htb,Microsoft-Windows-WMI,Application,383,4,,,,,,,,,,,,,,,,,,,,,,,,,,,,,,,,,,,,,,,,,,,,,,,,,,,,,,,,,,,,,,,,,,,,,,,,,,,,,,,,,,,,,,,,,,,,,,,,,,,,,,,,,,,,,,,,
2026-03-26T06:40:10.807051Z,"{'#attributes': {'Qualifiers': 16384}, '#text': 4202}",dc.danglingtree.htb,Microsoft-Windows-MSDTC 2,Application,384,4,,,,,,,,,,,,,,,,,,,,,,,,,,,,,,,,,,,,,,,,,,,,,,,,,,,,,,,,,,,,,,,,,,,,,,,,,,,,,,,,,,,,,,,,,,,,,,,,,,,,,0,0,0,1,0,0,0,0,0,1,Mutual Authentication Required,NT AUTHORITY\NetworkService
2026-03-26T06:40:10.864562Z,"{'#attributes': {'Qualifiers': 0}, '#text': 258}",dc.danglingtree.htb,VMUpgradeHelper,Application,385,4,,,,,,,,,,,,,,,,,,,,,,,,,,,,,,,,,,,,,,,,,,,,,,,,,,,,,,,,,,,,,,,,,,,,,,,,,,,,,,,,,,,,,,,,,,,,,,,,,,,,,,,,,,,,,,,,
2026-03-26T06:40:11.046403Z,"{'#attributes': {'Qualifiers': 0}, '#text': 271}",dc.danglingtree.htb,VMUpgradeHelper,Application,386,4,,,,,,,,,,,,,,,,,,,,,,,,,,,,,,,,,,,,,,,,,,,,,,,,,,,,,,,,,,,,,,,,,,,,,,,,,,,,,,,,,,,,,,,,,,,,,,,,,,,,,,,,,,,,,,,,
2026-03-26T06:40:11.163477Z,"{'#attributes': {'Qualifiers': 0}, '#text': 0}",dc.danglingtree.htb,WindowsAdminCenterAccountManagement,Application,387,4,,,,,,,,,,,,,,,,,,,,,,,Service started successfully.,,,,,,,,,,,,,,,,,,,,,,,,,,,,,,,,,,,,,,,,,,,,,,,,,,,,,,,,,,,,,,,,,,,,,,,,,,,,,,,,,,,,,,,,,
2026-03-26T06:40:11.580453Z,"{'#attributes': {'Qualifiers': 0}, '#text': 0}",dc.danglingtree.htb,MailService,Application,388,4,,,,,,,,,,,,,,,,,,,,,,,Service started successfully.,,,,,,,,,,,,,,,,,,,,,,,,,,,,,,,,,,,,,,,,,,,,,,,,,,,,,,,,,,,,,,,,,,,,,,,,,,,,,,,,,,,,,,,,,
2026-03-26T06:40:15.345779Z,"{'#attributes': {'Qualifiers': 16384}, '#text': 1013}",dc.danglingtree.htb,Microsoft-Windows-Security-SPP,Application,389,0,,,,,,,,,,,,,,,,,,,,,,,753c53a2-4274-4339-8c2e-f66c0b9646c5,,,,,,,,,,,,,,,,,,,,,,,,,,,,,,,,,,,,,,,,,,,,,,,,,,,,,,,,,,,,,,,,,,,,,,,,,,,,,,,,,,,,,,,,,
2026-03-26T06:40:15.369714Z,"{'#attributes': {'Qualifiers': 16384}, '#text': 1004}",dc.danglingtree.htb,Microsoft-Windows-Security-SPP,Application,390,4,,,,,,,,,,,,,,,,,,,,,,,,XrML 2.1 License - {msft:sl/EUL/ACTIVATED/PUBLIC},c893f45c-67a2-4cd0-9139-3b35ac458984,,,,,,,,,,,,,,,,,,,,,,,,,,,,,,,,,,,,,,,,,,,,,,,,,,,,,,,,,,,,,,,,,,,,,,,,,,,,,,,,,,,,,,,
2026-03-26T06:40:15.370738Z,"{'#attributes': {'Qualifiers': 16384}, '#text': 1004}",dc.danglingtree.htb,Microsoft-Windows-Security-SPP,Application,391,4,,,,,,,,,,,,,,,,,,,,,,,,XrML 2.1 License - {msft:sl/EUL/ACTIVATED/PRIVATE},4bc275cc-10ed-4ccb-8a0f-e6035ecc2826,,,,,,,,,,,,,,,,,,,,,,,,,,,,,,,,,,,,,,,,,,,,,,,,,,,,,,,,,,,,,,,,,,,,,,,,,,,,,,,,,,,,,,,
2026-03-26T06:40:15.408914Z,"{'#attributes': {'Qualifiers': 32768}, '#text': 1067}",dc.danglingtree.htb,Microsoft-Windows-Security-SPP,Application,392,4,,,,,,,,,,01000000,,,,,,,,,,,,,,0x00000000,753c53a2-4274-4339-8c2e-f66c0b9646c5,SL_ACTIVATION_VALIDATION_IN_PROGRESS,,,,,,,,,,,,,,,,,,,,,,,,,,,,,,,,,,,,,,,,,,,,,,,,,,,,,,,,,,,,,,,,,,,,,,,,,,,,,,,,,,,,,,
2026-03-26T06:40:17.608975Z,"{'#attributes': {'Qualifiers': 49152}, '#text': 20488}",dc.danglingtree.htb,Microsoft-Windows-Security-SPP,Application,393,4,,,,,,,,,,,,,,,,,,,,,,,,,,,,,,,,,,,,,,,,,,,,,,,,,,,,,,,,,,,,,,,,,,,,,,,,,,,,,,,,,,,,,,,,,,,,,,,,,,,,,,,,,,,,,,,,
2026-03-26T06:40:18.890822Z,"{'#attributes': {'Qualifiers': 49152}, '#text': 20481}",dc.danglingtree.htb,Microsoft-Windows-Security-SPP,Application,394,4,,,,,,,,,,,,,,,,,,,,,,,,,,,,,,,,,,,,,,,,,,,,,,,,,,,,,,,,,,,,,,,,,,,,,,,,,,,,,,,,,,,,,,,,,,,,,,,,,,,,,,,,,,,,,,,,
2026-03-26T06:40:19.123053Z,"{'#attributes': {'Qualifiers': 49152}, '#text': 20482}",dc.danglingtree.htb,Microsoft-Windows-Security-SPP,Application,395,4,,,,,,,,,,,,,,,,,,,,,,,,,,,,,,,,,,,,,,,,,,,,,,,,,,,,,,,,,,,,,,,,,,,,,,,,,,,,,,,,,,,,,,,,,,,,,,,,,,,,,,,,,,,,,,,,
2026-03-26T06:40:24.888572Z,"{'#attributes': {'Qualifiers': 16384}, '#text': 1034}",dc.danglingtree.htb,Microsoft-Windows-Security-SPP,Application,396,4,,,,,,,,,,,,,,,,,,,,,,,,Security-SPP-WriteWauMarker,500,,,,,,,,,,,,,,,,,,,,,,,,,,,,,,,,,,,,,,,,,,,,,,,,,,,,,,,,,,,,,,,,,,,,,,,,,,,,,,,,,,,,,,,
2026-03-26T06:40:24.932499Z,"{'#attributes': {'Qualifiers': 49152}, '#text': 20489}",dc.danglingtree.htb,Microsoft-Windows-Security-SPP,Application,397,4,,,,,,,,,,,,,,,,,,,,,,,,,,,,,,,,,,,,,,,,,,,,,,,,,,,,,,,,,,,,,,,,,,,,,,,,,,,,,,,,,,,,,,,,,,,,,,,,,,,,,,,,,,,,,,,,
2026-03-26T06:40:27.466929Z,"{'#attributes': {'Qualifiers': 16384}, '#text': 12305}",dc.danglingtree.htb,Microsoft-Windows-Security-SPP,Application,398,4,,,,,,,,,,,,,,,,,,,,,,,55c92734-d682-4d71-983e-d6ec3f16059f,,,,,,,,,,,,,,,,,,,,,,,,,,,,,,,,,,,,,,,,,,,,,,,,,,,,,,,,,,,,,,,,,,,,,,,,,,,,,,,,,,,,,,,,,
2026-03-26T06:40:27.468205Z,"{'#attributes': {'Qualifiers': 16384}, '#text': 12304}",dc.danglingtree.htb,Microsoft-Windows-Security-SPP,Application,399,4,,,,,,,,,,,,,,,,,,,,,,,{99d92734-d682-4d71-983e-d6ec3f16059f},,,,,,,,,,,,,,,,,,,,,,,,,,,,,,,,,,,,,,,,,,,,,,,,,,,,,,,,,,,,,,,,,,,,,,,,,,,,,,,,,,,,,,,,,
2026-03-26T06:40:30.495830Z,"{'#attributes': {'Qualifiers': 16384}, '#text': 12311}",dc.danglingtree.htb,Microsoft-Windows-Security-SPP,Application,400,4,,,,,,,,,,,,,,,,,,,,,,,,,,,,,,,,,,,,,,,,,,,,,,,,,,,,,,,,,,,,,,,,,,,,,,,,,,,,,,,,,,,,,,,,,,,,,,,,,,,,,,,,,,,,,,,,
2026-03-26T06:40:32.101867Z,"{'#attributes': {'Qualifiers': 16384}, '#text': 1036}",dc.danglingtree.htb,Microsoft-Windows-Security-SPP,Application,401,4,,,,,,,,,,,,,,,,,,,,,,,,259200,9,,,,,,,,,,,,,,,,,,,,,,,,,,,,,,,,,,,,,,,,,,,,,,,,,,,,,,,,,,,,,,,,,,,,,,,,,,,,,,,,,,,,,,,
2026-03-26T06:40:32.115625Z,"{'#attributes': {'Qualifiers': 16384}, '#text': 1034}",dc.danglingtree.htb,Microsoft-Windows-Security-SPP,Application,402,4,,,,,,,,,,,,,,,,,,,,,,,,Security-SPP-Reserved-LicenseProperties,100,,,,,,,,,,,,,,,,,,,,,,,,,,,,,,,,,,,,,,,,,,,,,,,,,,,,,,,,,,,,,,,,,,,,,,,,,,,,,,,,,,,,,,,
2026-03-26T06:40:32.116559Z,"{'#attributes': {'Qualifiers': 16384}, '#text': 1033}",dc.danglingtree.htb,Microsoft-Windows-Security-SPP,Application,403,4,,,,,,,,,,,,,,,,,,,,,,,,(Security-SPP-Reserved-EnableNotificationMode) ,55c92734-d682-4d71-983e-d6ec3f16059f,753c53a2-4274-4339-8c2e-f66c0b9646c5,,,,,,,,,,,,,,,,,,,,,,,,,,,,,,,,,,,,,,,,,,,,,,,,,,,,,,,,,,,,,,,,,,,,,,,,,,,,,,,,,,,,,,
2026-03-26T06:40:32.209504Z,"{'#attributes': {'Qualifiers': 16384}, '#text': 1003}",dc.danglingtree.htb,Microsoft-Windows-Security-SPP,Application,404,4,,,,,,,,,,,,,,,,,,,,,,,,55c92734-d682-4d71-983e-d6ec3f16059f,"
1: 753c53a2-4274-4339-8c2e-f66c0b9646c5, 1, 1 [(0 [0x00000000, 1, 0], [(?)( 1 0x00000000)(?)( 2 0x00000000 0 0 msft:rm/algorithm/hwid/4.0 0x00000000 0)(?)( 9 0x00000000 180 259200)( 10 0x00000000 msft:rm/algorithm/flags/1.0)(?)])(1 )(2 )(3 )]

",,,,,,,,,,,,,,,,,,,,,,,,,,,,,,,,,,,,,,,,,,,,,,,,,,,,,,,,,,,,,,,,,,,,,,,,,,,,,,,,,,,,,,,
2026-03-26T06:40:32.209432Z,"{'#attributes': {'Qualifiers': 16384}, '#text': 1003}",dc.danglingtree.htb,Microsoft-Windows-Security-SPP,Application,405,4,,,,,,,,,,,,,,,,,,,,,,,,55c92734-d682-4d71-983e-d6ec3f16059f,"
1: 753c53a2-4274-4339-8c2e-f66c0b9646c5, 1, 1 [(0 [0x00000000, 1, 0], [(?)( 1 0x00000000)(?)( 2 0x00000000 0 0 msft:rm/algorithm/hwid/4.0 0x00000000 0)(?)( 9 0x00000000 180 259200)( 10 0x00000000 msft:rm/algorithm/flags/1.0)(?)])(1 )(2 )(3 )]

",,,,,,,,,,,,,,,,,,,,,,,,,,,,,,,,,,,,,,,,,,,,,,,,,,,,,,,,,,,,,,,,,,,,,,,,,,,,,,,,,,,,,,,
2026-03-26T06:40:32.212704Z,"{'#attributes': {'Qualifiers': 32768}, '#text': 1037}",dc.danglingtree.htb,Microsoft-Windows-Security-SPP,Application,406,4,,,,,,,,,,,,,,,,,,,,,,,,validity,259200,,,,,,,,,,,,,,,,,,,,,,,,,,,,,,,,,,,,,,,,,,,,,,,,,,,,,,,,,,,,,,,,,,,,,,,,,,,,,,,,,,,,,,,
2026-03-26T06:40:32.226171Z,"{'#attributes': {'Qualifiers': 16384}, '#text': 16388}",dc.danglingtree.htb,Microsoft-Windows-Security-SPP,Application,407,4,,,,,,,,,,,,,,,,,,,,,,,,2026-03-26T06:40:32Z,2026-03-26T06:40:32Z,,,,,,,,,,,,,,,,,,,,,,,,,,,,,,,,,,,,,,,,,,,,,,,,,,,,,,,,,,,,,,,,,,,,,,,,,,,,,,,,,,,,,,,
