2026-03-26T05:26:28.474860Z,"{'#attributes': {'Qualifiers': 49152}, '#text': 8200}",dc,Microsoft-Windows-Security-SPP,Application,110,2,,,,,,,,,,,,,,,,,,,,,,,,hr=0x80072EE7,"00010001(0x00000000, 22:26:28:450 - https://activation-v2.sls.microsoft.com/SLActivateProduct/SLActivateProduct.asmx?configextension=Retail)
00020001(0x00000000, 22:26:28:452)
00030001(0x00000000, 22:26:28:454 - https://activation-v2.sls.microsoft.com)
00030002(0x00000000, 22:26:28:454 - 0)
00040001(0x00000000, 22:26:28:454 - https://activation-v2.sls.microsoft.com)
00040002(0x00000000, 22:26:28:458 - 1, <NULL>, <NULL>, <NULL>)
00050002(0x80072F94, 22:26:28:460 - 0, 1)
00040006(0x00000001, 22:26:28:460 - 0, https://activation-v2.sls.microsoft.com, <N/A>, <N/A>)
00020005(0x00000000, 22:26:28:460 - 0)
00020008(0x80072EE7, 22:26:28:471 - SOAPAction: ""http://microsoft.com/SL/ProductActivationService/IssueToken""
Content-Type: text/xml; charset=utf-8
, <soap:Envelope xmlns:soap=""http://schemas.xmlsoap.org/soap/envelope/"" xmlns:xsi=""http://www.w3.org/2001/XMLSchema-instance"" xmlns:xsd=""http://www.w3.org/2001/XMLSchema"" xmlns:soapenc=""http://schemas.xmlsoap.org/soap/encoding/""><soap:Body><RequestSecurityToken xmlns=""http://schemas.xmlsoap.org/ws/2004/04/security/trust""><TokenType>ProductActivation</TokenType><RequestType>http://schemas.xmlsoap.org/ws/2004/04/security/trust/Issue</RequestType><UseKey><Values xmlns:q1=""http://schemas.xmlsoap.org/ws/2004/04/security/trust"" soapenc:arrayType=""q1:TokenEntry[1]""><TokenEntry><Name>PublishLicense</Name><Value>KzqAADDe53I1b2CbDkMch+A+XnNI2GwXdALIp8MlI3Y9BImJ3T+1CQWUHFE/4SlhN7xHdIsqWDnhV9PSfIJgQsVbA1930AWLwBIZIE+isNc1fYDhT8MM/6DmuE4Ejy8ZXgI8jmEnhoiNMJIJrYmcV8z1ZMlGjDwycL5PWPCooteAtTiDUT/7NWPjK9RP+vr7pzh0bpXo0CWe+vmDveMSypEJrYB7jbkkpDbmOz76xPJJ4i99d6IE0UqovPQCN8xzQAQm1wi+DvFjajRJFC572uu2uzHSOiQgwpx0UcUgVy0nHX76/qbng1epUpUtpyZ9AiM/V8I7TeoxmACh4wXrQaAkc0lTrMtqUwu3z96IlLQSV9C1f5yZ115DiPnYS7YeA9WxcmHFuqnNoXBxujUeOBLQSKNjZ4LnCkU08k9IcKnADHSXnhGb0+1rvJSyZnx36LMuqiKZBLVofYE/c7Z+OmLz7/QyQM26MOBuyDQWrq+V8wARgQ3Be1synsK39z43I0Lmu6DE/AB5hj+ljuzI9xI3JxhFT6e0HfYBAP4zCPZlXsJITc6uctHZdqWZUbXIfuniZHYCWdJZLrrAjxrQNolUFmKXMDqomtLTU9T02lHOUszDOZ1QTVtvBKTkpSNrj8N/2RtbMheiMHJHlsONFxZaFBD9OEOI/s6BCTzQrTVK95GYLZpF+wMgYzAjLNv39ZrTi/Xhu0I1EqkPHa92N2qpfPv85Fc5N1Uhvdv8Y0+K8P4n++M2L4ssEp8h000P2Xsu/puQRTEOpFb9QwriUlvJ7ZNqshbXiGvwjAFCD8SFMWcqJ1P7ilsDaYWiQsKq6uR9qUm4pVfpgcr6A/705+UO+22IE/3IL7B5fTKS37MuLOtPgDBmSayPrX5j0OYFRdaJTPkg6f2nlaj4tY7DWBCw75pAr+cY/OhoqYIW+wnZseZITPuptmDEYtuFygY2eU5vRdwV6kO0mvSGBeZ0K849NsFofKvA32RQESBHcEUpFc4wjtRupIDLpXqMW0Iswt5nTqyTtlOYtv7gnIdI/6NI8KKsDqpchE0JsLqZ8Hfv5YzwSMu7li1JLlUxUAOYkLILJA32+MFiTsegeXE68tP2+xtxQszL0Z5SCN5pVT0jMpyxogdu3KNPct40HKSlL0j9PgXQ47jUjZjm8p4ekHY7X65CV6WbDSYkadJiVip9QoOkEz/zVrgyPUs+zo0Z7PMzmuZhLmYX8G/+Co0TRDAl8pbS6HCKeI32W4R+HoVsjVVRFBhRS93ARW/q/FFZGfSZgwQ594Gbv2k9+BeD7dn207l2FHJ1HW9DRZLykg0t+m3719DXaAvjzpynBm0ys7HYO0yq83/3jf0/zJiZU+eQaOLOGBcO1/wAsft62CYfC3Abd88zFb+VwIZEEttrH0lkQau+NACb7vFeQanW+gadTv/xuhGa2OSlgTQ5KG5aSDXxmQnMxk+FwFIuquXUI7QrN9KpXWuD7IczefsB1ltecu/1172696GRzO9oxQuMGxcRKH8ZSc54J4dS9QDTGXmGgxTdURsHSxoILYKUtffQueawYVUX2lNeDJOYBjePIdCo4xV8PmvcWSO4en30JI/V/uADFohbr4D8Fv+RKZGp/3PX0vx/7JzP/Q3aDwlTC0WkYWg3A6cmZ7Mwly7Brr6zlpyyrFVsSKqyg1MPmYY3/Wri6G9KfUpeNZ+HwY+tmkYP8ZjM8e1IxFdi1md6KgX95iqrq+ZXHBLHlLWDLUcMuY5xYI6R+e8g7BWFXJx3o87Vl+HYnFAmgnBBEq3tvhxgJr5Ylc4ymqigRoKY+7qDfFpgXvG8Pbe9Zo95ReytdC8QZvxKIRiXKJDXoSNWZ8kVbNg24jY6UAENG/dLQ7qZDLeR0hST0F+PdPphUzR6VgDTb/eoItiCDRPtjPSGjAB0bB84jT4Vi8I8q/qOY2Y48gsYgwq9HRlOIetdhf7xuWV7BPWG3//qDFqlOCDti96VoMnuCiT3SRTsNEXe397Xy2MRQ0RQwGs4OcTlcDvsGaioXVk7aLKP7saz3DBHp+GPr71LM/jMzEwo1rTKcGE3OLRUGcpEO7DEjeBVckn1qMnwjAvSI+pFr3KOZ6p1OXSLW8YkTCzAg9JUp07AVoITWvFIlx+f1rW2XJ+fHUID0P1NcWSasmA/rCvX0WojcC5smgQB87fXDsF+RKq7jL5I7punbbsP2skH7iUjASK7uzIdvqHi4tGJrcj/G4oioJO372CdRHgUjyvQYHQarCUjtqmenqSiwC8107aO6P5i3NK6prn9WC0oiX4EELJkkgxpdyn6lI8ATY0S6YKLVN9pr17YGqqoOu6F6CsxEJBsK97fsU3aGxM/opceHRiMwK7MT8Kqca35Fa0WWO3B6JlxmAQyUh7zpTqdlqiuIeudqzakJWoZKLaujIbKo785jT/xE+0bf7m5hX/e2hohjGOjH4BKjeKyp6oN3K5jO+NPeu4+N8f6ZMmVsakdBbLQXKuohkExNvCBM3hP90HmX9XXl8VuoNj/BxtmoNPzNO5mTIHZb6rfCUcqeLxGYl1CnG7UmBMDF7g+tNPO/c4lfyMCy9Yc/3QSBfQsDEShdHyy8EXd/WLGq0H4hRT9rw09UbvMaR/pS8/fbU5ISteZRtimHAjw/A5QBH946bEFcpCJWIs7gyuFk1OU6lBHqQ5a+2yCF+HBnLbiDlV8tf7ZdowTqJ1wcdxpl8SI2FuHgBlM9eabaE8SndZB0XA+zIJ4Cn5iucZsOBTrAFaQuZtb2uBaTq3QrvkEWD8JRXPdFK1yCcNUfWlzbu0o88cOa4n3jrwoBszZUo6cj6VsbmcwKSrNvq0Wj8oPku5U7BYlTSF7NU76zxuz3uwsop1oiiqfC559pz5UXbFwaflMtxbgz3Onx68UGSCxxYqr7FttVMn3vpbRHsuyXlhzq2gWOdSoTAGGWTgX5hRol40lRWcmq3nYSgJCsEPaZYZpUExrQsdOYatI7T/XP6BWRb12TOv+esj8VM2h23hJp3k1Q0pP6l4I1c3sJopJSRkVLvhvMIhlroDL2NPJG4qmSB/m5hlw0m56iAko0L+KPRGvM43gjEf64juItRaEbVJIPGbfbYOaCXRSVpNpPUr3rvfnoMP9vFxRS5npRtWqQ+UodvRCAjMurjHl19pJwUbhUYOHZPV50XQuyOagCLA6nMSqD+JdoXX2kHJ9T5hJzit3A7g0so1SjnJa5hLNoHcI0sI7UuH59H3i96f+ScqxcVFIrbbfR0VX/+O9+cCm+d+NtBY3SK5LYr9YSqCRdkJehYzuVP/wQeWcYQnNUfJfMLSGtF+pDGYydbQYx7Gg8uy88buGN2NO9GL7YIWDbb2uT+uT7IkHqH05QpeqfiJB+LaVZwGwYqWN3oNm9tSKKp5ST7NoiMFYQWEsDSRl+P4JGuciU2XNx6wp4h0h8gnUXxo0K0VNeykArCJishvyy5khzDBZCCDTpvg2gTNr+RYR+fD4Naj93K0EHuIzGssgAAKqUE0jtadjrHjEdLqLXmjOCnt8ay8Gh+F4q17e8cQrMm0zGOkuSLjD+M9fBsNODAhytTcxeZvP+3ukUQMwcmfDZ4vN9GBFzgu//rpXuEMYItmyzmLNe2kLXrbv49rx8t6BJUswYroFf2I/+eWJ0PwDq0XZcQU/z6KYxZrk9hlWgob5auUtKjvapKzN1pd+mUYNb5z6dQgnoS/qf36y+E7Parg3eL0ICGcCtrP9ElHVSxtaGO4KFA5L2BI+hRDMn01Tf0JbvewoSq9+F+BtF9ykI5IP0luzsgGIMByl0TfcVjWWgh1SmCXd8QtzczAROl4HFIbyoW2aapC9QESzIrCAD6dIAiYVo4LR/1eeFSM8BgMU17xd4j5opPfOU2gi/Bi8YCqIJkoVaKbzUYzQnt6Q0cda+frGLSdUUf2Mtc7isxNZmE3rt/YLpcq66oLQGUe536StDLidpa0u2CgnW73tksgBw0xttjUTPxKTBrCIG50/6KCGD/vhcCtR/pVxMCCUINovZqfn82Txf7+VjvPx/4ve/w/PwqE2IvzXM7mI+d3yJi6ITdYpAEdjHArewb4kUyOyChtzLr9FflIukfeGT87wZ8NCg2iLcbVDwix0GX2w5aOTDsk5iD+Dw4O+cklXYnE6V5R2yVqal+SoeMesvaU8oEnY6ySVbStJYvnQ8oj87CQHj0zX8zWtYTgz+HarDo4DHI0tuMKLmJdhuk8KjxmVyhHF/jPkDHHd77iOeHRqyV+4daT7cNKNywU+drtZK0DYKyphkd4e8eiUYux8f/Hsoyhy1/EmKgrV46/2/Yj0hFutyGXTGIv2NPuNrrFWSIUpH/yc0fODs0gql4eDg4q2BacteXlqebkOLhqOuItCPYesJWfgbR8XOwGJ6982xzCNnbCoa7MDHSRfVVt0UpmtXEuf8IBrgxjFE3LgYt5cdg04CoI1VJKbFgYbWbhyuXAu0HLY/fvWKv7xFjZKCDSdFY61SJRVszR/RrXSBVE1TvbchEYV7QKptVFObIITmFkO6ysfHx8q+gwAXbhMDaKkKY83Wxbv0W/DVI5k5mPXEVC+yYOcEnWUB8msT6KN813Fqdi5VhZWZdsLPYoTWrXIWRl0yyiuZUgDUCqJgrBNfLtjtQX2+6BVO7+v59E1Dya3iFGB+aBnT/bIwpAHo4rqvNLP55CIyoWThm58cFgzDfxIr2dGfyhOVAFIuzQgKeNSCgAO0DcanhfIeEGfcc6A5DCWuX+SKSuYtJ1VaDZHT5mR9nQcvJCkgzBc9M+lEs242j520Qo4q8NZPQ5i4kzqZZdlhshKJTsTi/7rtzEb8wQNI3GI43eyfsABT3vCJxQOAwmD21eLSq7PdkVFLKTqbxm4VbMw6JiwNBP1HRE6bZy8P/kr9sriyoz2NSthF7nPXqCyo3oiCCtHAE2yaNGXZxFR+MNHFy1MjB2Hd6+zPKiI49b2b/uzDFm7vvXU5syzy8w9+T5nVm0yke+80xCqSu0yl0bh//sB8RFCTozcVp4kPDUjE95iD9v08FYzTzrIi+avZI97Qc00PG7D/jr0pDgV5hDhn1ehskli5x0BtlDg4GlQKz1HB/C58P/LLxw7RUUznY3u4BGRezLWpo2+hiIpDJjmRly43QLEFqKTzOWAkTG2gpYx7bbs6aYT778PuV3Ro4Z6LTBBiOZmGWGTlYreONHsVn43ODFFQ5gsan2n6mSNDDBQixgHwx33c2A4MAfsnuB1GnJyQyVJ7/RXWIjJZ+7X6P3gyvlbcjeYexXdqo1g7mwMGnCktyF8OI+sP0CTQ41zqTby+Y0GF1d2o136wEGuhQKVDjmZzSUrACeBg+qhz/7yFS+zk/dV5lttyQnme5J3SPL8qReLVnBm5YC51+UVlwy4cWc/Y8FMnqprUTEc8cn2GWuXNU2FKgN+cZHMJkzyCi4UG4lzAx4SjbslLeJrAIe8FnVv+hh7YMBh5hnQCyHA9Xx9CydzXNnSeoEy14c3N7klH5LK3GezpAf7sZWgtM9o6rrETzXY/N9uNKR4znP1HOWAfR/iEYO8A7p31wcrNCgsoyf2UCtPaHv2cAoRLR1+7uKL0GmJT0aE37MAMiRKQX8d4Nwb+SH5BYkf6U+sBH8g0ZHfQj7tLMEiq29V4r+FZ+1VX7vBH9/wTomUpd1nkq5U4f7NAgtVcmsQlX2KXRKxl/EDbs8we/eY8bIJQVRjDSY1TnQGVPcJe0DFusJPirPukwyvow9oCKCcMnWymyvSkY96fT0vD+yON5Em4YFUfwCbPoprX1f3LgWnCZSasKNCiAQJf8utXNm2XOP80qnTdeyMLBcy8tOttmSa/FaIASffJ2oSbsW+zbg/yljw5cwel6cDfLvVjjazuImWcPaFvgeW0oL6js5t+kRzfY1IZyt3M653K1S7lBB/dZy6jB34TV92Lpw4DoqYNm6UVbvmVO35B9avSPGTv8AclvnLeInAN9UOS4UMcgY02Mhx5fezl/RVzotY7eIy+D5R3yH7LELfq/KT7+WhFJsYWh+pOg+AMkn9RN/U/5JnXZlpMhI+jJZSP03mu43Gh9Mx1k5rqWTKQS4FDH2gPYNhp+Nxbs3bahDTpztGsyIcOfDvE6PAxJn92uRMiVy4jYivI8ZN7uf/N8OtUbMRVnGU7+JToPb1M0v4MhRcZIsH/W8e9MhGHp7Pgthbx1hQNInzNksaVNCB+DdKagDTpsQh9wRwvH+n9VlylfUTK24+WqT3wLsPDzW5ZjbMGeUk8wuc6zkwTQVfGMAK+n7DR+HgIMT38LEMfJN4jjlvBI7xH/QGSreOQLQAnr5AplZidXD4XMLLZusUZc1z/O5qjmWbcwcklXu1bsB+Mqarix88lITHle/spstwcOYtj5f9cPIfGOU3DyOC4badtFAXMi+z9uNJc4e7QsmGCZTVR0UB6xPsct0BqBcm3tLvoq+pHBekDDEylTuh2/z+Q7ejPuV6R78Sdb3sZ8zKxwjRTuPJZSk/r8DsAe6cTW0UE4SDKTGwqmnjCRJGKoSYJQm8sIhQJaJaBGWQs6EthdJggejpJfkOhersJgUTC9NomaNxqGqbNoDt4iKwmmsb9E+NbQrGbe4UHgxoN2SdDP04LvPH+6kcCKiVwOU2NbKmN0csHvLrTU+LAfJh4FR6Xi8czy7/AzCOpgijbqVRF3ktxmsjpJqo0kaKlNoLOd0o3Ef36ICZ44bpc0MWoH+d73gYl/E2xMb/51JEq6yHFQHMG/URJB60LEOltq+REZwXSUYl0dXlK6QmBiON/VcaMJSnV7a/ArG22VwL6Xqg335owsY99l7/s5ElxSyID8tkZBV7xIKBfvQqGhrGjzfYeCrz5Yiv/FAV4IDhfbV25Gi3cxaPCmwE/tBxlUiuwc7vYqqGEn2L4eMAA60Gtd10UoPyTCGR1gPMZXnoy9zRLevL4gtTEMhKNYvP7HHzvk7M6OYzGqWOhln1jS+dlZXG/0Dm5CbGjBIh/VE6Pcm/0nYdQOTMDKIWxdfLy85c2MRJhKa36XfKzyXHLklyN6pxLGTfWZ/kWHs5ss+78zEzbSJqjOaDozxUYeH0AcjhMy1hRn91xL0cE8jina5z4ZuiMulx3vm2XYeHf79Igk1AXQRlws2ku0KcgoB3T090SLU6+QGJ3ds3bnYnD7Vl3MVbtqFcbmOzSphbb37haTBKAsgs7IEwF6SmlOeg+SrPmQ/NIsm2DKKjf+q6uYdc3fp1ccad/Rao+Fdjmy8I1WTjoiTl6cMqzMoe8dyR9X2pI7w6VITLqdaQsZSxtlc2909trTjK7pDaj3qs/Cm3kQ52vfsobKf5vPYHzXmbNY0h30Lh/FklSXTz7h5rwVvmKpKSUUdkG4PD3UMcBLWTUF9LPgJKKiUPp+1oSIHOCCpNbe8T0dKBI0KFsvO9nO0PaHqIZ5hJqPoLhXas7HXcrkCURTH8tVmfz9Uj1jr9AJgTOay104HH2+ml+eg1FamV9quAUSjJI0IJhAsIU4mtJQIPCH7phi4uyJTSQTIpwvLJ0FKmnBg/5RTQyDII7+LL3z5Y8gtbqGlc0QbF64a07kbWcTBfPbFPT1WqG9h34ZMFypZyChxC3gnwWFFvarg6Wrzord7jfIJlGsQmhfDkTRfTqmqM0UGPe9B2Ujp/gVxr1b9IhqZMb7Q6j7WYG7Nz57yHMj9KvILpI/tGkS7swyw7zfSqQxdrbdC+iy5bWf3olSJW7ywy14ADs0ZXzeo3pgMngm/M1Klmvz+p8kaDhJK+oe/RLELg7Ul9GIYtVgOjBt6gNWrak9bK15dHHXwktT/TYRO3pIefJhj85gfIsOUWIs87RoOUZ3GghVGo0nneQxtd85EDi2MHCM4ydxBg+Ph9mJUi0F0cJ6NcUwAUeaBQEKPMfaVtfUE3sZQrCftnZ8g0Wfk0HnGvNWq3L7RH4WoTfz2eezmvasHV9SjEnvGLeFbUIQdsG9/Md8BcLT8/9DF47z6QjR4E4eqJ8zCaCbwKF/p7ykBshElmL5qAqLhqsLqKh+4Z9ssb+hJwpb6cuPJwZWpx7WoD9yRDJy/Yx11UZ6/7e0Za9sI3YLbeHK0ao0EOPm2SAZiCYeI2FeVpKkTF3a+rKv35WZEODA4iHoJ+d1LMyWFrhCwTC8+i8uKWSWQX/DshHUUGUDzUNdux3HuYyrapLNQxtT/TvF1SFsCBR9TWgMhN8nD5NOf2ngjn/jZuu0CZjgVb2FPyxpIgXzhGJbRtxxuHK/QaTAhVm2LG4HY8bO+hY1Jf3QK68Mr8KDZS1ptRgMy8mzLm5sY1hioSSmIU6UkJLBS/dvJRIYb1nIjVUTy0eOAQbHSY6pkCjJm9inl8FskHAvy4q4DTgkH2upVGHPijBIkjpsT+xqBTYJtbJnsaTUPt+df/f+XN1eVohlOX1cQ2SbrVVbGn8T5nuwQFIu3FsPDd79FUGan9lBpbyyVz7zKAvTeqyFjqJ/P794SAbVhPI/eygR4KxaJt+pGfarPNnafRG9g4LCFcpXrr6hN55bXuabBOgyYj/nMqwMabjRGYVwuPC7VOnaYOgwQVejV51/A/YCjV+rbiP19qQIM7GaHJWene7AoozyvjjKMp5VMA4oDSsJ/w78erPf/Mze2yrNSpQcRgj+gTWWeQsVYKZ2lB2FqY1EX/Ofoloj3jNCmeXQj+s4PugtZ28i06OigBG+h5CuWgdsK0aeGjyqtl0hceBwzWHk1t215ZPagZyH8ooCE9hIN8KryOWbyCDmZXalt8Yg8l/jTcbJBj4+27n/vaxZ8T78j89VWnNJVpq8OlLzTqBCvc27TEJYBNQohVeKz9wOKg1kWGs+polKkC66CxyHmIfmrP+os+y5LAr5aPUTQ5q3Af55lCY9Ws82N0a9STQM7fKVb457/tLFd/289j0N+Bhuv7gCo5xBLAbZ/9eyMmv83vHWycpmeFs0FrQautuF0EXtRm0olsYgaEiVqzVqxO1qDX2tVFC72loPzhZSkPF6mmC9B6lQ5/jdn+DYZ7KQR3tfoetU3HwAxbxUNAmImG0HpjlPfN2BbSkvwpdLr7IMp96VtjCs4smCh/GHKXxndIUJcep8Pc3LoaBsF3HZVtQ8HnaqvrBvj3Iym1pjQ7dOj+nUJG0M7mcsxhXk57IxV9X4II2/j+BgiyYgw830j3GzgkscO6l4kJ22wjaEtvy1AOP3L2K1Cdd32Td5Pop0tQcZI3Z1dBoWtny7HWNmsAISFwgGexoP42ohcVQXrpfzZK2rHTX2PygStTST7rFyC2uoXez4qDqDnqaV6TRjZDzYPB14EDwSUH9EvvkPxJK7IpSvY/VeiUElgRhfv2jjcHU+owa93pQg8/NNP1bjWq7TqvSRIwFZ0/WU1KifwIeXH5/UVyPPThyZqEDugkuW5ZHCqgbWW+KXeFpDf8NH6gE4NxspD4JWYDT2jjyfFVacjq0ckI+bzTqpQvoZySsgLjhEqULSXKI7gM8gp8AwJkcRLTg2QLZKSXQh2YIRP9M53yvwQrDfy08ssFidDUBvP06puhsG1DdmIqLkzxmFW/3zV/s7vo+KH9UxlkykS5gjfQ9UtA9TMrRROPIPauMFCnU5OL1ALNDOnQ5RMh6CJj/nW5vlDkQN1RQYjSZ/SbhuFoXReqqr9DcaVtDJtPKG/ZBKBkYIrBI+P8RIdmMm1jEEXnT1XoCfn8T0I95/9W3s0VcckYwcHyArLZbfdLqrYyPLi5PuAjHaLO3SAbJshwUEpWLuk+fmyezvonJb7Yig0lcsmuqldoII58AjR5wVNcL8JBYg+crO91+7+weHSfadyDqASvKECIssLTCxIQo+1XlrzFNBnpmEVG6sOecrTOLmcQkwNQ5SuU3ZcCEM4259+H88jOE+i9gcV6AC6OE+xrZMBYwFD+s7vIyLIrPV1ZsBKl0UUjyTTL4bhLW2q1pawpKX0AKD4hi/8ct7bd6I7icQ6pY/GJ9jLnRmQR5zK0FP86uzhS57KIUYN7Q0+FzN7ZLuM5J3IcwkubdvxYtbaraim5ZDELHMzOrKjT0D5z3oHBnpxAjNnd9AO8TDP61ebJeKsID0iKn4OqOu6si4uvM7OBYiLG9khe1So8vOU3MHlhzdap2HpMuPBaH3pIV/YNclscoK+Yl5zRCEvKjF3geAbo7u41FC0YVCYLXjIoAePMYEdthq9W/g/dXPEneSoFZ6mDjRnkJK2UllLvpt4Tgq/h0ZZpmFTRyyD3IZy5uRAzEWCV7A6oBZGDw20+n4Z7k63+Aj8K/j4XkgYEiLYbJn/tdq2dPPAlpmyDH4sf5tU8NtMDwZGnefVDMIxycWD65AW3eUo4KiSv0e9cO8afbMHOgLfQJPoTaqkYMxsJg2wAdXq0icL/Zh6AseeWvRAIAG8OqMf40aCqNYPtx33mNmZmluTHrLuU4n5URvsITT8mUyot6qb23fqnDbXMyVL3BH0qCoeWH18aGca+Ysfttl+wLOjj5NQIGyhVTBEju5K4btzPL0HpE3RrdM3SwYm5cIaPSZVpPWohdsgEa+Z0ucehZFvq14UFFZbz3dCw5a//fdLp8ehFaH2j5x8ZULKRkWqBo4d+gj64OEDKohOzo7BUrWwC6+M1fhXBMSadw/gd2qQxDS3HVJCwQ6LjR4sO6NEnzmQ/oVRsS00/tJFox60IpBsa2sDzg2WxGPfBFt9XN97+Or1sHyfPBVu/AT9I1IOzc1dMVpO8lymlAfBn1XH9fVFArJhM2ytE7sa/wMEw6pt361vhvPbeAqwT2jC/wlD8mPAzJgsgsatpdALGUhcOszttJB/rjyTnddBPZXFo7JEO1ZsWoUlth70nhrkyAnrmQGIMTxoJtGbaFE5FOPLHtQKZu54ygZP4/MCA3K9hYThGegS2t2u0Svif1SIfpNB4V7JOFpI8ZIMcGIObSM0xZ5FzgsMV6Dt3Ab7f+uBf4dW7A7QTVRfWsqSlNqXwAC3W9vMA2TIG1Rt6OzC66PAAhhupCkLagZec5zwZEGNkZdhjnC+FdtMJGvSLlo9WLyI66MNb2FRgNEnCTt8PcmF4YHmX0coMBMCJxJI67c0+rUZcSdem5KgXfHodO6aA4XtpV75WlynEsaxV8+yCHeVW7ZS1hXlwoHRFJPfeve3WYhMiWW52vI6dBAPeDeMcmmQULINb68a4De45lKXpPki43z5iTmRbPKQq6QvWEudP3uoxTJbzQ2uUO9eRGeLFw3sw65LERwST1X01VkO3sWFEKsVtUiiEBE8JBO7qL+0aStzwAN3hPl/SHOV7qqTUeYo6gY9+15aK2RfcU5UmbstetTUYDLozSimP03MggxzOdhue0LpR0YdW8XGQGStYD6An3LUAW8UsaG97GCC9TgyJ9eLzpIHAy3fF3c+KZJXIqp1f2JRRnQiu+pjmSmcadS50qFVKG6Zv0yRO8ZSabsEL78LetYt6GzDiC81Nro7Z5STI7Up1wMs7i7wP7JY8wiqIb7lRKcRiso2/DtEeeaPABf9rPJL6ZlUrOhfTqZ+doVD8BemnJAF5xmkvqL8G5kvwDEo8n3VXDZ+UwdTNtzLFxa73ULAkZpJ9Y6PvE342XnPBrutRICpXNu1ReCzbJlW8AlE2jQFRfz9pN/tXdTpL3K5xr9S4YXeSVO28TBXgelJ5o2pzJj07hx2fBZd5jJJhpTzegLIXhpc3WuRZT3osqyTWga2m0zGUNF291SfaOZ2JfBV+kf9JJDmGg1SMaRfduwFJOWCw1S190pB9KQpx3VhzOZy+vKuzdelwLql9gzZ3+x7mz5Zt4LWaz/xqihoO3pjxRVxT6S8WsLaMAnKT/GodzeDG/H4fUPoPFF/OK2M7KD7pYGK8EImxVOCkeNzjktBdsUYu4K0opC9VQAZvfxLVaGnTW4YbzFp7XqcwwNniyE5SF+nr+gkaM4hM2JYqb/fUOS2x19G2x8q3wKVgJb65Enr9RcGZVtV2Bwo7rHHACWitnw3Sz9MdzCz8LMlKUNmh8BZ/17PDv+sRs5mParXCEwn+Pil0vRsCI6scaMhtRH0YhbXNylNTov7od5c/1o4yk4lyMu1kJQtkbopme89+DeHBfXId+0gEwQoHZb3v4jlO9ktIos6V1pxnp8feDVtBi2+3CcXXNlJvxn6xgj9PLhTjOKEbnHeeXzBdzVZ0/myxpUcVBeEcI+Sv4WIEpnABWmQvAJPg/BlzVYMSnBzA6IB0EvqzK8ZcNDWbdi6DVKoAD9pjF6V9gReBgBzwhirYUoK7p5Qw1+D0xtH2AJ8XOpLrnckp6Ef9GLcSqhiwfKzNO2xaYw5iDseKEwy/NMhRVwpy/a/TZzbrQmRWY7n+InWdbahW35AWo7yChu9Xglwb59+iteSJdsKc+zsCxV1NERaXRhjfK5eGAyNRuM84Og0ZY9JUCiBY/5rU9hB7BEdXkli6UIgU7/UGL4ucCGsVo7CX8Qwtd+7I6PpcePub4xWvwQFEdV4yuKeCDjqpG8NFsHOlnodHlZkI4E9uRlAxIhBm5PkrDxpt78mQQQ5rEteRIXGNdmU53wGqTfOebhThXShsuBrK2oNqwVaLgtVfWDjK7LMpFvY0HMH4+YWbxPHVA27taajl143dzFKO32pqN4QUNsGsutYexqTpdENTp4yeHRHoNsifKuL+hNvS9K4MI2w9CRRzp/DQaZG+BGWJhmb+aQEJ837dJvTGV7LJKlWIJ8H+zv5iaRdnr35W6q2abJaZ+2x/1u2HlR5oUK5Wd1Te3Ju6eVeFSbcWRXmVU5LTNMVI76P/fzWiPlw5HQRAQbL/HFO+PRZ83rc701gchcqp3Sczty8r2zMvM9tu2yGQYWGqhHP+e4bWMIsnA4MURh0qCOsdWfLDp2RFOiZvb4eHneSDu+H0H+iZs98BsCJFOBbsM8ut/Cr4hupdEvgjQoG7DtR/PnB8YcuIPJ+cxkjlk7k9RlE+MPcRYp6GZK3VphvoYgDQTJ2MuSMooxXfAIkarPypRGnahGLfIByLOf+j1Fjva//ffFXmAInVzzaBaG1Ju2V5W8zhNb6nF6o47P0GMkZhK9ijm79hqPY9rK3YQPupYt/+7qVwva/BF1jbx8QcfclyOFNGbApE3qNauns7EXMWi2c0/kL5ildkFtsybm+7MrU9Re+YQfWVDjvCZBoQXVPVxScoxt3jN1tga8PeROzy0jQubxdFK4Q8w0fIuasMJS6NsDuxyM4qkywKKJCToXBglkMZK/JuJlgZ9MVQxbLGfpNbLYHZHzSdpwGumaXSoG9dYk1qmJvqNLj2g/r2oJ2dRS5AGyIldSWDHISayQQ/hFYR43otO7ElKANETgxS/Ue1SrifOIcBmvpa4gc2FBtBK8GEo6h4bGXvw4zrJdiVR7Vh9ttHD47S9Qp91R1eNdnHxuNPKz5gX0JnNx6n7DaeGDMtfKsVfQFN5iFS2XizSQ11k/IBFqt8eErWimajIvzbAj0wKS32+QNoR62u2mxg5kmxwdC4t3Z5Rv8yxnaWIy078DhNhqwmx4fPM/A+kJWRVLrXC15rsoVzxgtxFooqjTzxeMmKYJcx+ze7dd/t6HcDyvzBDHYPz+QRB6pIgFBiLUOBlOHMy3AJEvYVv0CKXwQaoGQ4ctPp+tJLxizfAzMGhvuZgBrGdvBiMjnlnXwDNnY76QcUaZTAZbZTrAcab740Wu+glrSZI9liQjA/cNcf9Qq9JreSV5AX+Q3tXmQDND1FfCVV578GEqFKMRInqdtAyV4MHRkJnLXo80kF1w5+ib5Qoatq/ko0WpvAHJjPTZKKnS8bIbQ+EmILvTCBsi4xCmJuAopuNN5IJjWB8/1fkjDHZWzlH6psfRtYNyTbHyi5WIHtQRZWaYWG9zL/UrnkX06RF4WrzG9t/woc6QqSOr3/t81S8bJItguj/NnSpdO9uQ3Gogmiep/KmLtR0auMBaabEAX0KrEtV4sqCuSAJoEbg2qYXhGfMynfn3sFBvTDUciKcMSi7v3eN9m+ikxogXS8M6ldgZ1o97eri9qStl2056PZENWjaVVC/cSKiBYa0mpgRXPWQ5LNrD/fJ4Ddyfylud8BCucRjILvFDiIxWitydJ0XmeHAn/K6LdTnv/EgwSh/csZuH7jWPysx7O6ZDcktOioG6gRjsHJMl3eq+gzLgdRAGI+Q9L5Lkcy06r/U9NWiJjkJaR3uT+DUv3Sx7tdyKXpes4QZXZjpBB+tHNlSkmUwiX+qlHzXfjh5YiO+7p07rmAUqbqhJ+cE3UAB+nWXfIIBnAQU30JgU/DOTmyooBFGsibZKMhOB7alyFUxCbBo2ZMlyPoX5Wn7oWHXewrUvroV8GBvn/jgl1EwGpPlDYuvEWPC4BvJFmzstC/0OcJziVKkLFQJd3Lkkp0pvZ0up6o1va3LICm3PJcKis8J6ddmaqHMAaqH0Hf5pEv2WqpDvVQYz4lEg/0NZU6Hc5got1TzcGpQSApapblked+gcV+maC3Bu6U85q4J3kqu96xbHKce14Q8tj7vDGZ3mXw7l1p3LeS/JBzdhFC+8mQW1ddNLMTKNUlJjaLEOiu3PyyZPnk5XB2OqPZsLOwdpMds/mv6Q8sgWEaV7NaFz8KY/6+LPIwvMRUHcRVTC10aTVRtucdROWk34Y4UpjVBgscQKUqvRldEFZGQSvo1FUK72y0xnGfGQg4lqKJthollI0ZxvOq5Felbeev05UnfcfqieLzesrtnmBBEr9Bemb2NfzSJ+hiVFaqHICZ9aPpr885TD4N7vRHsXb67HwLVUPMm/gzbzIDXNYAbmZGOHV5UrkbejIsB7sUi2kqNGZif0j7H3sZnoaskDYLTs2g+wMLG97bkMFgGrMq4NtKTt0A2osgQ3VzgvdWdaPa3D7Muf4qjrXG/BCiKNIrjYCSjIqkmlHlgKzV9bru5O2x1hOfBI79IxeINAfOmcoSVQJWcLA8EVY8Ebo9x09Qiwmt5xOfGMwXzTM/xgalk0DQSZ0Zo7UrUOkmPICYAY0ELFCmtVyHovqRndMaYWcYjmqTBWRCRc+nZQyiE9F/E/duNz04KM11leff1ldN/57ZxLU4EKSx2G+KJww3Cl+GrrvTqcqtEohe29EvwdRRwztIwJkJp14gxnby66GA8ZR4dQif9ybYDbJ0Z8lWQQJeM8/FkL0YNrXBugza8Ccxb5EoOc5XyvsfVu7QJwZQ1wtLY9GFw/EEAEGfB9kOAPObMgWMy2+im/Bj9Gtuqan6+sA298n+MmnPngLFTrC+AUyYUGT2tkVgYN71FiRMaXNBGX0nAkKZXMOpOAskm/rSfP4O0RzBbOpq1Ojmrd+7VdsobyEYoDzZ5hB1aZ8rPwpRQz+/TUbiQ9h7fjqfmCZ5eAZE0CkXcaNtEieYk38sKb3KtGkOxk6DTs7nH+3vpe7Tkberk+eYlau0q3soCFo9GJ63hZqjG76asLeERGD1od9qHH5AX5qdU9KAV4sRKrNoqOSsR9BMx5zSR5f5pnJ1WBazRYQ1KYqDlApEEH9z3MN94X5xntECa8GvUjxa8Xsh8EO0vKGkDAxmlGvLYogwr2WkLdNZKinasUHqrHIUexX3AoToOBcnJdLoT//AlYI/CT9sxEfuAI19C05nQBfWs8btSeFHTFWRVJT5Nuez3jZJDicKOyJbwrF6ko60RgD3I/+2/wrIIkdYgDmfHnUZPsEe8wtZt9uTOPqzrbSXNLp0xedWKgztKEcxaYlLp2kHNfwfW8BwN+x4q1LmTUO8aEi1XQ==</Value></TokenEntry></Values></UseKey><Claims><Values xmlns:q1=""http://schemas.xmlsoap.org/ws/2004/04/security/trust"" soapenc:arrayType=""q1:TokenEntry[17]""><TokenEntry><Name>SessionKey</Name><Value>EtQjtw7e+I/2OqzAIHRUU37+TbWdVUYa5pwlcn5vqKCU+hlBLPrAz1M+4dGUmHkJFq3CE3wEhgRMjfeBC9WM1OYiDl/O7QPCXhDDt73KgFtJ15iule5UFcDuaJpOBijH0r7n3Y7buah1FVPmxb8KWmcnK8TkH6otXilKRDx3VttlZyKVrgbmbRRgKcMUAGwJmAGN0rhsolTKEemQ4S0pC46W3Rv0diEeR9PunyJEDHY/kaGkZtI4jGe/MaI0O6mVFkgKfkLuOImYAweZgykVeUZt7+9xwfgkWFhNcjDz+9bc9/i9hd3dCYqHfOHgS9cVRbq35L532zXr1/ssLfJNxA==</Value></TokenEntry><TokenEntry><Name>BindingType</Name><Value>b7LN2dsrm1Uw4qgvo1YW49z7czevynOX/5gXdDZ4J50=</Value></TokenEntry><TokenEntry><Name>Binding</Name><Value>48E+aLFYvH2b7z+nTwT5fKl8P2xSd1aVyXKPdanijHvkMHD31mpsywp199Osn8LWQGsguFT46igdeE+eiy4vBavJvghepjiIeq8VNk0/eS0=</Value></TokenEntry><TokenEntry><Name>ProductKey</Name><Value>/RUMAlyQEk0SCKKSYfGLXMZYTTajcW/TDfT0hslKOD0=</Value></TokenEntry><TokenEntry><Name>ProductKeyType</Name><Value>b7LN2dsrm1Uw4qgvo1YW4zOTw007VvQiKSMf4TC/a6U=</Value></TokenEntry><TokenEntry><Name>ProductKeyActConfigId</Name><Value>vrfnz+AI9kYUyfawZUDTnOPGahsalvy18vhMEVEzB85K2zMNGDHPHFxjM4VR7QsCKYUif7sUGDExKAZE4zXMD4S62E1P+5wMj2yZaDv8uIQ=</Value></TokenEntry><TokenEntry><Name>SppSvcVersion</Name><Value>pfKVjoA/jQcw11mr2YkelQ==</Value></TokenEntry><TokenEntry><Name>otherInfoPublic.licenseCategory</Name><Value>HZkYOf/ubSON8Ezy1rVPot69zACSD6sW7SxdiulKSA4=</Value></TokenEntry><TokenEntry><Name>otherInfoPrivate.licenseCategory</Name><Value>HZkYOf/ubSON8Ezy1rVPoqP1lUn+bRI0M5Mw3fBeOog=</Value></TokenEntry><TokenEntry><Name>otherInfoPublic.sysprepAction</Name><Value>l/wt1zflDHYebLB1oWzPZg==</Value></TokenEntry><TokenEntry><Name>otherInfoPrivate.sysprepAction</Name><Value>l/wt1zflDHYebLB1oWzPZg==</Value></TokenEntry><TokenEntry><Name>ClientInformation</Name><Value>kpYE/0pK9qrN/sbl8YCIt08shqaTXbSbZOBxpuaYx7QFdfSLyD3m4sSXcVHzpObtF3sNRW61wNq1ao27Idbr3A==</Value></TokenEntry><TokenEntry><Name>ReferralInformation</Name><Value>0AUYr12ZTfM8hF2f+zZMGnBOKOmXgDozZcJu/AsyC/ULtpFWp5BugmootA800OC+DrhDaaaKdq+9II5uLU/DNA==</Value></TokenEntry><TokenEntry><Name>ClientSystemTime</Name><Value>44hoAfrDj1OzhzC435iRcnxy9Sdoz4CczzaFFpvOUcE=</Value></TokenEntry><TokenEntry><Name>ClientSystemTimeUtc</Name><Value>44hoAfrDj1OzhzC435iRcnxy9Sdoz4CczzaFFpvOUcE=</Value></TokenEntry><TokenEntry><Name>otherInfoPublic.secureStoreId</Name><Value>5p8bWkUq5ZCiAfYfsuc2lgEQQPvw1FS4uYfpAx3ZtsGgCGmyYhH4to3xR8MG4JYr</Value></TokenEntry><TokenEntry><Name>otherInfoPrivate.secureStoreId</Name><Value>5p8bWkUq5ZCiAfYfsuc2lgEQQPvw1FS4uYfpAx3ZtsGgCGmyYhH4to3xR8MG4JYr</Value></TokenEntry></Values></Claims></RequestSecurityToken></soap:Body></soap:Envelope>)
00010002(0x80072EE7, 22:26:28:473 - <NULL>)
00010003(0x80072EE7, 22:26:28:473)
",,,,,,,,,,,,,,,,,,,,,,,,,,,,,,,,,,,,,,,,,,,,,,,,,,,,,,,,,,,,,,,,,,,,,,,,,,,,,,,,,,,,,,,
2026-03-26T05:26:28.476301Z,"{'#attributes': {'Qualifiers': 49152}, '#text': 1014}",dc,Microsoft-Windows-Security-SPP,Application,111,2,,,,,,,,,,,,,,,,,,,,,,,,hr=0x80072EE7,753c53a2-4274-4339-8c2e-f66c0b9646c5,,,,,,,,,,,,,,,,,,,,,,,,,,,,,,,,,,,,,,,,,,,,,,,,,,,,,,,,,,,,,,,,,,,,,,,,,,,,,,,,,,,,,,,
2026-03-26T05:26:28.577146Z,"{'#attributes': {'Qualifiers': 16384}, '#text': 1003}",dc,Microsoft-Windows-Security-SPP,Application,112,4,,,,,,,,,,,,,,,,,,,,,,,,55c92734-d682-4d71-983e-d6ec3f16059f,"
1: 753c53a2-4274-4339-8c2e-f66c0b9646c5, 1, 1 [(0 )(1 )(2 )(3 [0x00000000, 0, 1], [(?)( 1 0x00000000)( 6 0x00000000 10 14389)(?)(?)(?)( 10 0x00000000 msft:rm/algorithm/flags/1.0)(?)])]

",,,,,,,,,,,,,,,,,,,,,,,,,,,,,,,,,,,,,,,,,,,,,,,,,,,,,,,,,,,,,,,,,,,,,,,,,,,,,,,,,,,,,,,
2026-03-26T05:26:28.601224Z,"{'#attributes': {'Qualifiers': 16384}, '#text': 1003}",dc,Microsoft-Windows-Security-SPP,Application,113,4,,,,,,,,,,,,,,,,,,,,,,,,55c92734-d682-4d71-983e-d6ec3f16059f,"
1: 753c53a2-4274-4339-8c2e-f66c0b9646c5, 1, 1 [(0 )(1 )(2 )(3 [0x00000000, 0, 1], [(?)( 1 0x00000000)( 6 0x00000000 10 14389)(?)(?)(?)( 10 0x00000000 msft:rm/algorithm/flags/1.0)(?)])]

",,,,,,,,,,,,,,,,,,,,,,,,,,,,,,,,,,,,,,,,,,,,,,,,,,,,,,,,,,,,,,,,,,,,,,,,,,,,,,,,,,,,,,,
2026-03-26T05:26:28.610031Z,"{'#attributes': {'Qualifiers': 49152}, '#text': 8198}",dc,Microsoft-Windows-Security-SPP,Application,114,2,,,,,,,,,,,,,,,,,,,,,,,,hr=0x80072EE7,RuleId=31e71c49-8da7-4a2f-ad92-45d98a1c79ba;Action=AutoActivate;AppId=55c92734-d682-4d71-983e-d6ec3f16059f;SkuId=753c53a2-4274-4339-8c2e-f66c0b9646c5;NotificationInterval=1440;Trigger=UserLogon;SessionId=1,,,,,,,,,,,,,,,,,,,,,,,,,,,,,,,,,,,,,,,,,,,,,,,,,,,,,,,,,,,,,,,,,,,,,,,,,,,,,,,,,,,,,,,
2026-03-26T05:26:35.334524Z,"{'#attributes': {'Qualifiers': 16384}, '#text': 1003}",dc,Microsoft-Windows-Security-SPP,Application,115,4,,,,,,,,,,,,,,,,,,,,,,,,55c92734-d682-4d71-983e-d6ec3f16059f,"
1: 753c53a2-4274-4339-8c2e-f66c0b9646c5, 1, 1 [(0 )(1 )(2 )(3 [0x00000000, 0, 1], [(?)( 1 0x00000000)( 6 0x00000000 10 14389)(?)(?)(?)( 10 0x00000000 msft:rm/algorithm/flags/1.0)(?)])]

",,,,,,,,,,,,,,,,,,,,,,,,,,,,,,,,,,,,,,,,,,,,,,,,,,,,,,,,,,,,,,,,,,,,,,,,,,,,,,,,,,,,,,,
2026-03-26T05:27:07.760644Z,"{'#attributes': {'Qualifiers': 16384}, '#text': 16388}",dc,Microsoft-Windows-Security-SPP,Application,116,4,,,,,,,,,,,,,,,,,,,,,,,,2026-03-26T05:27:07Z,2026-03-26T05:27:07Z,,,,,,,,,,,,,,,,,,,,,,,,,,,,,,,,,,,,,,,,,,,,,,,,,,,,,,,,,,,,,,,,,,,,,,,,,,,,,,,,,,,,,,,
2026-03-26T05:27:07.809819Z,"{'#attributes': {'Qualifiers': 16384}, '#text': 8230}",dc,Microsoft-Windows-Security-SPP,Application,117,4,,,,,,,,,,,,,,,,,,,,,,,Security-SPP-Action-StateData (REG_SZ) =AppId=55c92734-d682-4d71-983e-d6ec3f16059f;GraceEndDate=2026/04/05:05:15:07;LastConsumptionReason=0x4004f00c;LastNotificationId=NeverActivated;LicenseState=SL_LICENSING_STATUS_IN_GRACE_PERIOD;PartialProductKey=7H9YG;ProductKeyType=Retail:TB:Eval;SkuId=753c53a2-4274-4339-8c2e-f66c0b9646c5;ruleId=31e71c49-8da7-4a2f-ad92-45d98a1c79ba;uxDifferentiator=TIMEBASED_EVAL,,,,,,,,,,,,,,,,,,,,,,,,,,,,,,,,,,,,,,,,,,,,,,,,,,,,,,,,,,,,,,,,,,,,,,,,,,,,,,,,,,,,,,,,,
2026-03-26T05:27:07.904108Z,"{'#attributes': {'Qualifiers': 49152}, '#text': 8200}",dc,Microsoft-Windows-Security-SPP,Application,118,2,,,,,,,,,,,,,,,,,,,,,,,,hr=0x80072EE7,"00010001(0x00000000, 22:27:07:882 - https://activation-v2.sls.microsoft.com/SLActivateProduct/SLActivateProduct.asmx?configextension=Retail)
00020001(0x00000000, 22:27:07:884)
00030001(0x00000000, 22:27:07:886 - https://activation-v2.sls.microsoft.com)
00030002(0x00000000, 22:27:07:886 - 0)
00040001(0x00000000, 22:27:07:886 - https://activation-v2.sls.microsoft.com)
00040002(0x00000000, 22:27:07:888 - 1, <NULL>, <NULL>, <NULL>)
00050002(0x80072F94, 22:27:07:890 - 0, 1)
00040006(0x00000001, 22:27:07:890 - 0, https://activation-v2.sls.microsoft.com, <N/A>, <N/A>)
00020005(0x00000000, 22:27:07:890 - 0)
00020008(0x80072EE7, 22:27:07:900 - SOAPAction: ""http://microsoft.com/SL/ProductActivationService/IssueToken""
Content-Type: text/xml; charset=utf-8
, <soap:Envelope xmlns:soap=""http://schemas.xmlsoap.org/soap/envelope/"" xmlns:xsi=""http://www.w3.org/2001/XMLSchema-instance"" xmlns:xsd=""http://www.w3.org/2001/XMLSchema"" xmlns:soapenc=""http://schemas.xmlsoap.org/soap/encoding/""><soap:Body><RequestSecurityToken xmlns=""http://schemas.xmlsoap.org/ws/2004/04/security/trust""><TokenType>ProductActivation</TokenType><RequestType>http://schemas.xmlsoap.org/ws/2004/04/security/trust/Issue</RequestType><UseKey><Values xmlns:q1=""http://schemas.xmlsoap.org/ws/2004/04/security/trust"" soapenc:arrayType=""q1:TokenEntry[1]""><TokenEntry><Name>PublishLicense</Name><Value>9UAHllRedauhHT3GeH4J6IaHZALmsnuk2jkTETN/i4zjq6mQORRmJIjPe/vfMFBJqSw+Zy0wCnSd4Il0a52f0W7m/dDZLfZmVrmHTKcPDOqkrQ8OILp7b+rxGSrqcrRssbHl2nj5Eo3kPKRhCd6+yXn/C9nWCU2y61mGFWijYPyXpH9FHc3t4cUpnjPVOHCfOT97PlBMgFGVZZCkmGrnXG4Zg+K3auCRYdjRAfIg30ghRI9Sv3HuFj4qrftXe6ZGSc/eCV0Ezbcw4jJryp3ZV1vxZzLWhdBWC7yj0PWQ7x2ylYkXMwImCZfjtCZF4jIxDptvOhMBZFrXu+zWj0UqmfWwrX7lJ5A3I7Z97bXHb220Pawngk2Ux+a3XsQvvQCo2e3Ikta/jmyipY0n0jNKSEcQBmT2nYd8Qfji3Dm0LQTjN9jnB2uXDSnPCy2np9YOo74edxbSS2NHOW8mtkZ/Wz98iXmFrzlzoPDY4d4IZNnLY1u9yzHHv9zvw6lvLczRlJpc8ONVkOcaGEMWP83HYAbG84agnUiEcQ50g960FJiMBRoHhJvUH6Wz7JF9po0uq62ioTiRWdPKodtqBHsyAsVD+lWCfqzghJ2j+/ELtF2UnY/trP9BjcdjSY9bMyX/2IlRRg0MM1IlwgMdz24S0zYymwI/gQ23ZdnBeIquSskaXTlMb03d0FnaX2htlXAxNDjotisEXhYQsMWS1sjTlyM6TlfZEBQ+k9cFILJfhxIEdRvs+scHIsZiGS05SmVWpK2XQVX0yFBPZmVmNst/Bn7osQb/CLigUESuUS3dpkWds1gLeu+Ws0qXysdjPSO6U80Bf0/gWBJOGQys3P8EFNmynahNceoIpH1Vx9NTMKr7Og1l3uuSvkc+2NF9DKTklQSifaiUAC5oosz+aLqUtlaGg1fhrFzTYBN91h+RwuFPcVfTTUxqQAg4/AyvBkPCwZE8GjcemEFDIV0S4EJMi+z8aB5KSee2SyQxnhuExRYsfc1xCF2c38kSilDA8Ify+I9391YeTsHwyCUcWBOwMuoZXBaIKVYjDXfsZjQ9Nj/Put2sNJpqyUt4WWyt+ObUPsHjqysKmkvoRWs1JsrzPx/JsAULXTznbTix2W47l/gGVo04KVinHQ9jlX9fiPFZgO+LZGol+LMg9PCzCojmJYNOQ5soJFgu62pS0o6H5vEJj8GK8nHhol4m3c8ZYj74LGo3nkj24j4+9Hw8AHOE8pT8jH63n/vW1p6B5L5A7e9BwwAtTx9GQ+rtS2qOtwh2HdiQaYrpNkTh9fIyi5cQHjUZJy4lR76HP0D4B3Q2i2ssW3onRaxBD56xEQ607wXrmgTNB9MX+Zaf6IBlueG7ZowKcInpslG5JvOXA4vsQm7dAC5zt56NFRHIgqk0+QUSlaNEckXsYDFv3OGNkD9pcku8HhbXklT/FeVzdjY0aXypGHPC0HfNiGxh5ISjM2Cfuzzle8XHvlDcgi3KkiPIuAhByDGCbfduP//eyK1IaLdCwKI8UP7+mx8JTXGwtd58bNRtmuLmZCJa34FtHl2Lss84pLPIY7uN3bIGPNuoyCHqMK337cSGr5yip08X6ZdQF+AnhqD9cav/mwC4k9KS9kw1esUtxdijl3R6RNY+YqwLCs1xoVZuLfbCLAubLF3lpkKdwx7DkOPaUBkKLGZPSbp9nugGcqqSURskYACM/GMxKPtREVuRSlG7DUG3m+0uip2+i3DZbuqkKXzEVaMqNyBtdg8yPVz0IvAlRG2ICFmJ5Qpu3E/jt8EXgKDCB9pLPAZ6F9rBsK64YIr3dmLhEf46hJywjJ9t2Lt2C0QSgl0Ljl2cRMlyDgZtWq2wYY3LT+UM7Gy1jyphCaBI/+/1aD9FEzBrT1IZ39sVKxIAb3n7j48BRfMy1zDATASet4pMdrfBZ/1GjBOqcwvdqELDjEYTJDs+hFby/NCyWVqNV89XFZSci4orzOIaxFU0vqcU7JYn2gNniUKzN5WHyV459Jnqcl9mP8WUfETdqDZaFD2JiYa0B4/UsbekhB96Q4YkOnWWJZ+NTUgHEo2plczZA7+0AzlvBIFwCgQbJ/tr+5ET1p6zIqe7kqfbJ17aWeJ6dkCCKBeyBpMnZiF/7kSuxLJJxtnn+yrpyUvi/Rtt1InKj/HuWnXXpdLaUWffttWBZ1ed+TC8mx0MRYfAGGbIw0/MdXAoU2zzJu6JHXGbUwuuX+X3UtR62fiyxJ5EYNgQgFJNoIt8JRwiCoHU8Hd1lxf+9DIJ8lb8dtyOC822ESrPDzrHsMgwHCzS9ghwGuJMwLgVCzmvzC0A+juJcjrLxLqxNU2mYpxcmjCcL3BnUIRZuL6dfNvXSNZLU6ZpyplnUHG2Orw9zcAryGKeIb88rGnTImisDAmliUdzSlooO4TCT47Oe1zT6GjDUh/Ja8u1iqgJQJpXWNK3MvPlULBZlilrNo4xNh3NE9+yKx5h8BGM7XFZ8uFzHZr8Mk78LFIqkVyHme1o069VyRQUOxiBXz9J68Qa6vzsuOBO9RsPN2K0jn58CZH6bXVc9+CsKR1d2bQ0svgPk98er2PhjUH7yBqUXGplkYIZDHAXLl4+XwxE9i935mwnSyEdqXJJ0QlAIMzg43e/d2CORGzQmSUYWoTbI2vd6+YqhuzOWDbnfNYj8VsKUhazsuJs/VRJMUPXJXRgnQGAgtPyvwne2CHNPdu4xitc8ftpq5SaOJNUKhBZj4QHrKqAh+SZmUvHqWRae4gMzWaAmr0ddPv6oMlhO3Vastnkm7iU7co1gjMLZ9pPW8twqDbQLZ0ujXbX6eOyAYZALyxHzrvXU508iWwbcpqWaPEaaWe8YLeAiO5aWILnCAmSxgS1BgQc2C4VUoTxH+BVa+Rc+LZX/LTwJOpWPouqfWrRUy+1Fq8onDocpicmBG73u036pFj2WkDonh3f+kJj94weGvYhC2PUBOopjdLNP+LUG+nWUbaW1x7uvXj/nIIlUhOHOm7yu0O/unwr3JpscPeLvqU/YVwNxHwjsQPi8+sWPyrBR6efzIwabUMpK14oZk2AZFHg4OmGy0W/ENLorrLoU+LMvNHKNoiSp1tvcS3B2uvXmWl3qvDbdotgFFirSu8mQBXEwMjXwgbeWfcDGrema5G5jflTkobH6s7lVENqQ048KkB1PjBYQ8a8rNKbj/Vo4T8kU+6TRFnpXoTUuO/z/hjUWp2qWMK296yhInKstsnI6QQLd8/NCnUtlsIiXZw1RrKFuw89gHZw8/6BBU8WjFXhlI3h4fKOtMKNy0rbCPFP01qgC1nx/RBvUatOE09dTMNKLP7jB6Cnj+YBex3SyvNJjOOcQ2dmVdoypZcILNY8W5wBA8hXvLwoUmife/81S8NJCcmbE1uB7D8hzPSHWWUrndJoqyFX/bWwJSNOV/+ymTEzyo0fvR7bug7VU3kbw+EyKXCSseY7LOCt4E2+6XSpBl1kEvrygjH256s7J8GZQTyodtErxCvHr9aiPMuHlYF49UEyHhZqiHv3hTHt6DAmZbXwd/hImhiym4tZvwx8jt6FRU17liq1qlIJlakocRy3ZK9fd7OL6lUtN5OpIkR0W1IYOQmhfngOcgz9gwLzn5UlGy479b1a04QeXsZfpZ1P4Lc6zS/l4xbdbBWmhMvMz3+9J8kugudHq6fsXnU4uqfWZEgb3C1dt9mzxGws4zpAhXlOL5VMAV0ZG9szsgtSI1yrPxPerO/0p52SUsq92Z9S2M06q0qnObLGlHw9t2SmUNKxtC7rcnclIVEeVRUV7CW1jUHPXfhyFJ7JyEYYVKk7ocJt/AexpSIkwa+h1DKNdgauKu6KeGXO02sIdVSMLbUwzibAr9lFljOyujbbJQFk9X3TLl0Fx5092Um6Av6LAVVXIXmdQwgHW/5Tl3MdCjFI+bFKm/5NHqXJvjWsOyvsRKBeG7WecFkPQrWkC3wn9OhH8rR+LGoSJeY1ZiS9QFXiNjMpIAl2HcreeLjSGIaxJu3dMu5Vuxy7Yd+Q5V9kd6xAyNtSYC6ys0HJOb342Ket+va1oZRcmrrHSN/Woa6IWI9Ie+ZTKF2Z3+8jx8g6WbcynG5gximl+QNDIegPOEC23/CBXKALN9APnPy4em12dbdLz+/F75MhINzdF84YMFI3PlEBZnKLzA2zuT9mUe30Dw/lph7N/rnWEBO5Gobs/bYHkoigyAPVEObGBTGF+tMmbKSVacSuXSYdhdLPf30/kR/Hj46CQBF6ZdUGmcJACJT1Bn2GoQIFEqt2i1XiEs4k9UjAhk/pvz+L64DUoPWdsDZxmuE9ztOwL6/qRjV3QXLhrSmsG4Jh6674BwgdJb/iBUxpk6C9enpcbDp5hpKT5ZqP9ETxvEeXtC1DTsWo3zsj3B9fq1Z1Smz8cpw6tNmWf2Jb41Kbpq44DlVrOJVlzdZvqvs1273h8Uij9JghNyHL2Z+PqhXK7ASgUHDMUtQjWe0PJPoXLZi8t/R1wsUsV69yivwuxI86FhbSZ39+DXrFrdSgLRxBs2YSmR88ZFt7LZb9j+yeFx9dPC4/JhUj7pv6IUgRhA4otAVk62NOBRiLA4Ck3Y4Vwa4jGXlXE5qJqdLW3ogZ2ONNKPwpmbSCbLYf1W5D6x7zzyngrnMbXMnIgvLUBVS3cllGOMhqLMxgV4t4CdNnNhh4/ZxyYeAQuRhwEAH/o1X+9Yj8DLZgwGXyMc8uy0+PXJIinTor/iCoJklLDUNs2Zdnu6p7F2qdstApuY03jQ58Penng2t6JWP1Y6zKPwvj29i32dyYXnXAl40AmYO5rbJyStnU9gAmHe4khFXPNq/d/US7Zzn1WNW/JJYhxZXUvT5go+ALaEwrME+vE+LZ2v7eyW273rzaCSb3aHOWT5n1LqbK4ActqbzV0mMyYCjlr3APU15Wv9iYzGyICHrpx2h8Y++weFo5DMN6zgTJcQDrgEAdbeBaf+CqN5Kq0/PH4JEk+fsYf3VL4YzfeXpsos9Zp2vVBsD7JKMsA+N/cudLWRM9enzqXksIrdyhhuSgtqFFVz3j4QzLD9ojYZD5XgccBrhsYLqH4gZB3tGpdywlBmlG0MqXtFvNgvO9TFVHQhWr4p9ju5NJINo90fKECH+pAj8PpNT+F+qmZUuLKBjMh4NdzY7F0dHwbw5XWAuwCDWQbcmrkoJof95KKEV/qf/yb442xdTb44eoQPBjYCRWvr7A4873bAtc5qkLbJl9Bt8i04XsvZQX5lywLoAJmS3d61HqW5WG2p3KadRr3dBkaDHHqFPg/KpIn75nfj0O6oADgJ97wAw5FW3QaMkIXkT04g6yNv6FHtqjljz+zXjCfiliFq5b7pmyw58gA5+FDP7RSuGj5GD+ztOK0eAwTHXkJLw2T3De2N48UmTsYT2i4vUz0M/Z+XtjJMv92j7DLDNhGFflYNNTp0YnqyEY6/1KPDLklJprENdAtvxcpP+c/XAjUtL6IW9INHqU3B0gYYCyzjopEFzWg4Rpqp5ykN4crJ1zxhCjLklHyT5EKStkTXZ15WvHcSsPFOTGRhcQIk28QzTzYhmFO4OjwBk5ytudzhRBbYxBzuV2iIfgfSFy+nrX5crek/FqlV2rtnACMeGOg8jqfR/gbRdH9o8BuHU776A+KaC+84t91KRyV1za6VfFZSSKIeVrDs511bW2Xh+RigKJPSHYMxcLb97FNCCDlW2+s4P9B7t44yv+ExWqtg/yYuEFRLbrTfXJ8HK27C1TykAbT73EF5+wzReLdvA+b3gR+HzZW9OjgbZTwDP7NXaTCEhcrFQCX6e+HTMaMula+IIRi8xrvOZ/UrCHbulIy4auJl8DBRDKhAQWReD/4S0gxedhGS6QrAx8aFuM0K+O/baFqY0Vid3ELkmlx7m/JK5IQA6H1iEBT6Hh/JOxPRe31Dg/ma6QOmXJRex9G7Z6KPa4kFyvztPesZPNgDI85CakqutzmDW6XozISc6OiOTp6t1JLnSR8Eb1r8ghRVOJXBbtTlMiNCcwWLcr8OzNKb6t9/lCJ9cStORrYY2yaAaAQqR1iVGj/gZzhUeE6T/AAjhruLXVCw2kGmav1tmgOmYov5B53soCOkt1CMLjMWAMEMSajyYxkfxVg3dKmlYJ1LcHIc61g1H4XTroOvBG/wnrohiihdcbPwV7XKrFCAONoLjTqPtY6/+lQbXAR0rdDNN1eyxeRTAMWwqo1MzBrQu/ChQ2BKML74ifBU5lEM/9YS784Q3j1mTH3FyvB4srvH3WdF8pTBFbZkeS9X78G76ElNT4kkraV/sonosw+LwljdMFPJivYdXmt9oAlG60CNrgEFmNgpRTpxEQFjf59EmaE3EDrlTN/iBwj0ccJAMPQ/TSjmRTHDKPXszhyCgpTSZCrFK9Bl1d0CZbNReNeNY8j5PzKb/XppJlJYhGs095tE3bQRfjqP6zBBsd4i0cN5K76Jfr4whZYHuTbtZSXUyeCJn261rgcyq9gVGpUahRpn7TUREW2nw+ARMf9P2cfFMTRnYxkQY/ykaQP4LJo6f++hzspsfB4E2KV4xBF9QsMLz5jup7/skSDYbLOjqb0PM2TxLY3qzSZME7oNGR8QL6a5mdA0AVQqQS2/bXQRWcQOVObAkBZHSxYguNBgSC2cBMlmjqKLOQEXn7gHtFlBBh4HnU72g9qI3km+VHPgfBcFYxkk5jAjxvHElAbKGQ3HpyE3hzLwldidiXuJnJypydGfO1KkFTGD0uKrEXfGHacgtH2GzPy9TFHsTDBWrsLL4bj3IHn6tmBJTFANkawOpa23Z8C6zveRNfEa0OyV0B7FDFSxL4ZEb1nsys1OVfvhd/ajFpjutNk9KGLfZsnwALMMC8LLlF8QoP+tqYXt5O1VFPmqC3sehBZUAf1CAP1Dcq+b2VUK5O5+XnC0R+HUMossaJiADdj+xmPLSlreQWBfRTM+ITfG1Wh66U7/L22DfdMyjjJSRZg83XLl2QxtxHmqVGX1xjHj4Kx7gJr8Gw65Tz6fSjSavFehVffmNpXH3ZR2j0CVZ8rgzUWO6efW6ekbZmjZMUhKueq6pRB2kpKghPEFNrr6TecSQhunPh7J1aeYyL25SdSE5mlP7xCUznMrdrXzB6QpZIVnh9tNSqN439WOWM2sEumhEqM1psEo/7Cj4wcMznc5TCg7nABkcDj3lLZK4KQKalL5N8Eq+Fsf1/GinCIJ4EYGpXsvoT/vOzmoVYQetb5jQMXQl/QkPAAJDb+ESrJ5Ce8YEPgbR7uv+QRR9YmDXLZ/qT5chFxEMAhTPXSmt3eErknncJBAaAnnzCwgyMXZDdZ9yg7cj3UEofBjw9neg9hM43fTjgyy1CIF8hwVeJ9vAUSDvPh8s7BuLMklDCROii9NATWOHyk3D+D9PXm7x9p7nmbFIUc5BLCqLu9RbnOEF3fGBd6SeSk+4rkG4A/yqaQKr2i30rfx5lxYGRidsTH5WkzHJTd/w+EgAov/jqnO9oa8oQoUq/dXDtaW/ikHzyyqatwHpt96Ee7BNYjiCQUZeDHtivh95NXvFtQZQE/8ucZrC/WEJ/+M1z0kkCLWNtIhVUiM/yeANfWl3bQuzp0Pru4faS4Wd3mIHxdrug0Nm8vsZuK9zq47CgIxrnWrKoKW0jHSJHn2ZaBTDFtouzn9C72gtsKqyz5gIkkSke6CBx6eeDR80wAHryIMxIsJKBXx2EOpLBgLJIJHiI8k95lwEVzXtOwRs+T2CbLbMRexDukUes1QI9Yh+3+MhtNzwGB/JzkCCn/HXmV/fyl0EFc1LGjMh0Z9KRUSBeMJsoQfItyDkp1tWH+I2Sd4k1Hg2T/SPQYBmVgnqanWB3SwusbnQ8xYAoqqTFSCULoa9WNpJozJu6kiOzhJ6lswuK2PoDqFZrIomZ0Ks6yq0+zuO3ZhlgTqUX3AylgWM32Kh35HmGw4arfHpFuPmnNbsjR7GdASdgODX5NZXOI+lP7VCuW1BRzZ+19LOXCCz9+IVEgG5axsve9403//MZFg/GZRhjLxu1xGX2dWQLRzt6ip7ve26tL+kSFFmAWTGC2/d2UQzKwSxGgA2Wmksg3cXarcRIQeqHJPieNij43Aikj7Qrji+ZTXd/ab9k8NwbuiLFJ9Gh+o9thkNr1I4h+lOtjizPbVNZA+lenb9iL3W2HVVEevceeoWuBwwBlefpLlqbhcgD8xOrU5ncutSePOjo5Cu8CVbMp/q8OY5XDBWlzzf24bTNv3WwXGvKhlWUMb5Gu+UEDaTP+ESgcpnh95ZGQx5QRMqnc92OMFaecJTSvGlA1S57PXm/N/x9kkSP+oxx2yffTBM9QCwSOD911zxDKkCm9KXIxxA1B80636Ws0TMrvHAeBV4If5oQzeGYgEUGGQX7FT14fMYn7Qxl2ktALXiJD6UeR8/97L8jDQ9S58RMnmyPLHrAVMgMs+K0RfYzWlmoFwNIDfMhAfejJ/DaJlSVP6BmM8ClhCBoGBps2dMeuyICNXtuiE5+9rTFI8GPmXh143334x6jPnhhHQeXGg/OVH2n6/P7G+Ut1ytgUckBkq+amgPJ38qZQqn+2SyyxlowOBoPsWwMm7gkKVii5814kvq8/C3aL3kYSri77S2IKKx0v+NffWXXy/4Y01fb9lo2Xb5d28tZ/IH8r5ePYwRdzWqvd/uz2vMpX4DbXquQuAXai3vceCCsMkuwqmp/l4x0aNQICiHHE5JhFdQmFfP1lTEurPsO/xmlKnhnla0dHHQBMGXhfluuZQ0crZ/6rCqI36wtfJD5i8uKSfNvsphJb9kawwxy/IjpSi5ROhvbaNAtODVNWdpcIt1Tvo9857Bv/8wMr0w9obcFUt3px1wSF6PcLFeg5nrzJ1zy12LbtjpTjcPMgkuuBcqwdO37oBPpXDcKGxblDpFcYl5u/qM1FvE8AyrHZPrasZEACGvmDeC6NYaZnzR0Kyhd00hWgMRgMO0NOAb3i2SKsp9WMZbhLD5BmbxbXvyZnpqwAXVw95y+g++PkLqEPCu/5SahgFB2LKP95Cwi/95VALHTOT5TDTRWEw6xB4MnhF82+8pdnCSCUgkMVpQO7Lgd8prGr7P/JDQdbpxZDZN2S9Qh/LaAyggV80+VMFUU/rVzzF79XsScVCtqVps7KYJ2wo0522r9uUkuKHRPBMCFnZtFBMKlrgeeoajBFFNGXAdFBf9kvTIi7Sv4ahOfKLo2KZrLnd6MYdjHM7wwQDil5aMkjIG1Lg32E7EKRchZZOKzCeRcxpJ2zy4/0mgGbtGEux5YFBPn3pJIMyh6rW2G72vIXPyDwRy82UmMsUJTBnXfsjWx5Yh1rrhTRQ6eszBlBKn6ntkAGXbD6qRFMpFY1X/mFnpEAJc6vZJLCjK7CwHXuCOHGX9LGiayz98pKqq9h6umMDjgAoCmvWFJE3VZdzFx8caAJBfi0RjoK5RG3UCgUFUj/iABbN7mrXrjx6Zj/WHAEalZ+XqOsEWBi9ZzexSZk29jLe2a7URmrzRSDItulA3KZs1bjeO23ZgMsBfi158Zew1vKI5TknsTQkPk6eJjK95nFCUWlj1kL6lT4NPYiu41Q4fqEocKhY3+6f+aSfs4Bex4jkyOS6Cw09JDwNvDPkgM1kyIEj2Rl027ThI/rf19t2VyGs3JX50lmvLreVGvPQIzjyhwjeBvS/H/qj58zQ9JePuQU2eJHV8V7OILvbR7E9AB6txlsgsVRZ3a+O+9is2Zf6MpCYnCv5nRiIszeLq95ZIXLvl8lFkNRiFDhd5oJ3Ryt4XIQTUTvDSv6ojlFT3Grv8Ao+oK/6ujmCXrUkx8U0sVv5KV38NC+mWDNlLz68bCx+jQ1Mr9Jhmhu2CaF7y45jD55EIxLQ7snb3gvJaN9sxyEw75T8xwQ8NPs3IX5gabGs+J5uPqHBHrjQ0EDNEonq82JKg7TacGL9FCzDJHCd5wdc+KLpXdToESKEFGiBKshSn/u/RTDryZ2DqEnqzO93DXlHxZVb4V779sh4I0ydmhVZ3N1dZaqYaGBeWncudiMnbqmN6ds49BpMDWrzvMns90Gr/uSJmUDvnMS9DV0ipsTxTmvUArhGqoLiaQ8xolvS4aBUUkK0pzbfQyllnIXMAp/qkQruvgpaFfMjQlg4FkgrVax1QYnrbJzxUlax+3vi3ZbAovzvNG6BZx3NFkYLNKvNX/5iQLDMTfFAzzDlqlzFwRH+RBIo6y0JmKKqfGx6kOGldTeZkq/fMPaeGLxnpyZ+lf2xwUHBVJjTTpPWqAYfn1HhoOZxtWCxCnWDswmPcq7qPdpMT+DVkUlQiHwimTatOckihZ4iZvlm+UuW2MfMmUJ1zRS0Hk05J4+DChX8C9/oxnJVEK2QMsaYVBpufod5SkxQah8jJq7ahKfNkirQZHIZ1nTLSn9NbGD+xw4EveR2M84JYFIjTGKdtlMmxDsfdu3X2sfGk+k1u5YGuiN+rOZHeV1WiIeJus5J5dQ+rJoxDSrMnW5Yx2nEWjn9SbtNRNdNfkZG/1FJMnKxhSzmPcTtYtOwlHjX3RfegmgN7kpYNoTw1oTic+g9BY/FAY+UhfDsXPiJ8PyKarHveGrY5VnZ51WiDq9MdOk1WmvG5drZ/PeTcQuIoyvYS3i2Zkf9Q4rjAQLmDbTxVgT3aw6Ifjw3RERTrwL9RfqYrlEBzdD6yph/F8sqfsn8eyMQxJ2UmDFXdK/on8khOr1U/3qRdUh2XIaU2H+BkNi88zYc6+vlD47tCwv+QCQS4NY/ok9hccSTYsFExACCzOzXabM9YTQBIM9XwVO3kCspwj4jOZfvq4wWQUR3fDT/g96NRzL9EEC+JqmGxNOmkVOq2xjYZIXp+jyTAcVKuablMyAjA+O3IwMYh+JAb7fQVOjtblvBMtQDnmGs6igigqslY1Bjnz3ov8zGjYHIQDsOsDNS5TKRIyaTW9US4DCPnQEYfnUabhvQVYCRbRHVmqhQpB3NfEvHD8OtLbe+Co/I+bHU20zHjtqFoT5rY6Rn8ZysVkpysXDe60RJZMhDxZk9TIHQX3qkNCFgHVF/WYO+Whxv+Ds00tVlTGaiNAAp1QgVS7/CyXcRzNULtZ6/32JwvCcvghKIRBy9PLUwAHdfEnUwjlcjEptbco4qY3fXEeJsIurCxuY0MKVNvAzqq3kKr46T8Yp6vO7wc++qNU0YAeXgULCePYMi+kICEQMNXXertRBU20H3hNkjMKF/hGtIjubCUvSST2mktJWJJEEciyks7tplItXuYyjQRi+BEzufmzTWz+2iBDoph/u9TuVrLfNQX+zvNk2U34Lkq0V2PxobNcv/6yTJWziCMSqkgKKnHbMMVydE4jozIgVu8XbIpMl1nEos5cLXqskO8ZXK25N5P0Dt16bt/MDvL2cEccwOpJHVmDOcU9/Yzz3sIXuPjzFPyiDKvvYuvDJ8glaCXp3Bx6Fh1fKUlz2Wx992FWEiveGpysUEzRooFn5T8vNGaq5OfgbFgzOu6nO0uef0ewaJU6k42ZtHRfjNixntLgccEvYV8QF9jrSM/D43R8Z/+mPo1A3w8+1kcd3pC5VUS9LdcCQNR+xcYxnEX1pqwOjdVJZ47AaeXDCoPDqS0pW2q0LQOFns+JuTXamJ7DVb1Y5+j8fR6I0vkqFrXz2a0lJ+iW2dwySm3LOpLv6PprDRWVwefEE7DZud9J2l3CLx1jiw/n47HeJL7pU/cUeu83igPbEh99+lJsWcG+xPf9OfAhK4fZlYB1QbVQiUo6Z+EwpFvR6L197IkWN7f3fvBtmnbJIsBOEKa4ebhCckDlyGUjQNu4AIi38+UiBZ1zpngBjX809ziw47bDBBSdV6qEYVxC53G214hJL+ilPgfQJ5djquMzXs/ZHKS8NliblLOTG2MY+FcYccC/Crvak121yfgNYQ/a+cs0qrEeYDSXJqgecGuBJVuRzFpbEe6zudoNkEqeCuT9ix7Wc/tnYid5sv7m10pnNecWB6FeXhVYTxyvTke7wY+z0SQmIT3maVsPu5fwFcj3Sf6DHRsl2jrdLqUOtelXZcVrciXZaC9zwmmfGEUd82zAuNloFxLOgQtKozJAs/MpzZavM8+G9Av9NQKserkaPurmy2VHoFa8opG9lLeI32Cg9naaPUOw+GbdAMMNlHsyhp9Vtboi6+34usuBKDnasIWg5k/BpG1qtAAVHQgdxkmyram4cOHJblgeyqrGggGr66ctpsM2Z5TgNCIYzgryuYlfeb08/71EGfumaNNgc9StD3eXzGfbp4jt5qNj8m+LBW18AQYqHZ/mhmWwknz6MrIkMLUfIrzox8xh+foUeYRbRiHD6isqFPFlj5eyAnEo10EYlXhCBzbc+p4S+LtID6R1yjpuAo2BLvDEhHb30iDKM04fXOb/OqwagLr3BaEF0fVKd+pWHRm+tkwsONiwgsOTUzb1W5jZcjhmohjjmGOi4Y6SsFWqj8NfpTDIczB+0k6EzDY7347yEcpVPpXuBV4eVtsDaOpVBFaKUyZ6H6SsNPpGYt2pBu3O5BSUitzruKr7EH2Nt6jq95C2p1wFwMpYqDoeO+9g3NMP4uwyVNaZrZbQZSDABAcsxk+5oCwnjcUNUeoOjDW9GLRWF5dqAu7yMuEhMWgnIL7PEw+ieCJgCHb8iG7IQVvP0TjBinX2sTtARorjrBrtKrr5jfyrbQzp4i/2vpvTRE6m35bLsDP+UAWu3ZCz0PMM8ksd+5fedghG8XT33uDgzZBEl4vXqh8DjREaRGp1yxeCLr5hhFghFDP7ShQQxsV9Utwc9o70abIJJNN1EB1301V+7QHq26XRQS1t27v4ajOMoTSz0ethbHaszBD+E365rrVyt/3qQvObSlJJi4k3UOAaz2sCymt25VvZdPOHKrvFNMy/MCxarQvyxm6T/OXtVGwUevfnrZdTtkWyrMqdL4yRIaYK8hv6Mm1v4QGEju9IYzbda6hobHLodzGxgKL8BSgSmgEQZxRFHqx56XmfIjTG1jNTy65iPRDX5oYmLc3q34/autErJ3Mxb5wJ09jNcftUTzW+9oNeuSAJBERctaVTQqx466wBjVR0K7bJpDMGjWpnKVnQseq4FV11v6Dz0fdE0lb8uvQYqelTDX6JOFG9lSzPEjYckPgGofC4DFurf+OjyUPjze5t25spsfNuWvK+PLqPcnnKuwcxLI1RmNwulsJWg0jcictPQ9BOyqk5gxyxCPV3xGX/tlJW8ziUQC2ChS4JHK3SIvANfeuFMJXLbOLzHgtODisXhUKrVYjnKsvC+xcnUxPDVAGI6d4MHxeMUa0CYAQ4D7Ao1XvZqWJQ0T+oUKci6FxKOmRpgRb4CRO+6dtLCNpsGDVe3ERLQfASOF2Phavmro/TgL3KpozJBOH2tEQV9Iijm3gRERMfnkeDwRekn4PA9W/D3H1CJxd3TdET1xi4bAw+d/J5U5D/7C/7GwxpEOSCq3CBHkzlMHznSXkHI0bZj9Wn4aiMq8sG47NwKWDMcNOxF7rFD9Rb1e9E3TX8qN/kXJ7qThReVGC/2ZmPQyfjMMIYelfuIXWvqYf5zXNT26hngvCz6LVbShqzhejt54yWaRQl8deOXUaNDdkGq18UyOqtaUcN2zBO56DV80SCCTritAovnv6EAHpF941Li9Ax/STq5Mfy1BP2nnUICbgy+Y9K1rloI2ZRjMmxyf5fUtntWtJWTihB8FPGvJ01AhQ90jvM6rKCKQ3WbRgjDM153rCWsBjfm2zMB6zUrE8L2mt77m7wQ2TlZWDDgCbTdBIS2uFLbyiJolNx5UGk0NeZqOR0sWVIXwZr3i+yW710zLl3yoy1FBezN7ed3Yp+2wB8ASVknHvZHqTkqYB6SXlUe3ffwfBEa9Tvf/jnowKPavYTC4kBaxGzSEBpdXBYLPk+YVOhxbUHVnZuHwngntCPoW8RSCUrEMnfRzHqxeA3l0W3kh4zHEm0Q8VEPkqeNPZKG0zEztU5yAIe9LC4YueWuB6V8ogtBE964bNFcocXCN83/pX/vPysWaZDdXoKD4snBK+vyQq8Ww44wuk5+1efxlvuxXMNMKeYwAVvIXl91AejSTmIMdcLOoSNaxew3RTntFC9qGZQPS1b6P9eOqSupKBVuCgDTkoqnBPfbGd/9VkV6664P4koHxopbOJpGDpYRm+6Sx5HYlTXA4S4fN2RlQbnveMC2+awyylWCEqbN/vzv7+hbiz/8F3MZSUNUtnpLNNk5EV2HT2vSkgCF7SRBOLvqcqebOCd1/ReQV6p60cyZHnE+nQ1zTHf3d2rYK1T3UUbCsS/EhH35QgAIVABYFwL1K6Ll5Fyn6WBrUzliAglfwEOqC6Z/4xIrxxld8o6GCivHNh8HCyeMLBFJuVXr0sKSD0VjJ/coYLRmxkUF0KHieVaJJLc01DXvJjwnjnPT1vgLoNxcLTK9x4SV/zye2kXH8Gu85wGCQpoah/v/M41gx46LxdA8TLqK4iL3R2F2rIPzujAdRBrSd6iTgNfV7TiQEn5kEH/mXk1p7wqAqgsbEWXMIdvqdrUOxwav0VtKi1rvjhTVjkt+ZyRLFOExUrQ6mHHTWiuMQwP1cQjYS81TzPHOgl6OU/ODCyNWLy5/cJgFCvnjRBuA94rzNVBmKOZntR4qiLgZDxnOuFIB3sEHqF47NbQbK3eaHqHnh7kaaXV4pKVP2n12gkrefZzp6TUoIe7rXKxlS92UMn8MeV+jxdmFGtYG3mvxshV62QJ7SftBkWj117kG64VBtc61KnIIyi1s0iECSpOZmn9I4vW58mDwjRdIuaHSoQLz90MJs6uymVDGU637aPvbsfo0aZxkDPorpIpNh7rs+bjG1pGkTsA4WUotTy16AATlWYHQs31Kuczd89v+8/0ACZ/X+7rBIgWaLr6++vu6KlpOiLkpMdqP3dRMefFlcQy666fOALU1KJYs720VnovmKkeaYN/pRlsmw0heH6XAJ75QXdZIT8pW/p6DjDByE6vuKxx8XUPKVECzhdmy0q2mIdSbZfDldskMGhltQ83gvpcA4XFDOVRaTYuGnUQ5rNkH0MC5C118e6fupPBm2QGWD/m+UENO+CI6kh/5Cf8+jH4Byr2EnwBDKXH1TSat65zB1pQe/8l1vzTypbCFTCMiaWtis8ZxaTuXoQ1z9lhHv+Ur6lnCMYwOw0BAM/BBv/ULILYe4+zrJP1oCwxFcOhCLrGLEGtTUVp65Dbmo1IaMFQ8b8cmoxKf3G0Lro8gGjya1SPtcsAO+NciQF2nNcE4OkDtIwQ4v5PUK98K82Zt38Hwhel8T+LzAws801HvTy1X8Dknh35iFEd6s1Te5U8MHLzA8Xa44w4jr8rA8X2Q6UV4Qx3B4/sXt1BaYmTJ0SzLIwTUJCX4rLhNG+Qogv26DMpZ4Y8BiC4cWEqERgQ1us846fGRI8XPYpPY91QZNFv4r/I6uoMWBeX0OK+bWTrUhUmtSw7f2h+ig5RKE1BMt78nNxdOZ6J2RshB8gxonU/MUaOEBz5y5QHY52vWgpKDUpAwwac0VfpRi6820Yy7t+8nXDirNKb4BVttmJ9f4RclD401Q+b3wlitgJQe2gto8/O4J+vU+pS3wPA+ivwhQ9mBZlr7YZmb8NySX8ssrKw6R4AHug2vFBbCFpPfkWEzVu/N1vM7F9JyIVsChncFUo6KYGGDQFN2TJZSCq9r/qbBRBIWl9PLt84p0aqTRifH11VLT77G4WIe15rijt25Xj1/jodVlM0bGCAc9Z0d3rRNbzVAA==</Value></TokenEntry></Values></UseKey><Claims><Values xmlns:q1=""http://schemas.xmlsoap.org/ws/2004/04/security/trust"" soapenc:arrayType=""q1:TokenEntry[17]""><TokenEntry><Name>SessionKey</Name><Value>jFg5EoXhU2qzBjb2jAfzwRU+9Lkyt5BZY20okfyKMOHdQcb70qO9n3ZwENMBfDar+fSiXAeMVfaxVzDhAUd+W1AD1Vz+lETJYS+RNZYFgZXjxht2rpOh2ZRfBMcuEPRzS/NHfQ+CjM0f6wgtcVW1xXRFHMYPO8LXoXVZU84cWBHDIOI0DdCskyemgLaasRQBP7A6LzExf6KtgBZpqYVn1UV2hBTvDZ87B9MR946WKLyPeofHraaYmn48olQPM1h9bEKBHc5SWjN416JIqMQP1HzSqZ1olYmlFodwRrxsxKh19Jrr8IxjfXQdDd6TrA57kFQfrVn6AGdoUJn+UNNGoA==</Value></TokenEntry><TokenEntry><Name>BindingType</Name><Value>mE5VSjjdLG8m77KrDu2v5xNeqD+qpFQxJ9x7VUewSaM=</Value></TokenEntry><TokenEntry><Name>Binding</Name><Value>zWpQIKFBnQsmYigME4XgvKRkDqR+NXav/w7NVWJTKH3aVI+E2FcGhv4Sx4uubzlQqJxUKhw5ti6IQo74ePzqR4+Z7Tur0yNMY5msrqh5F0U=</Value></TokenEntry><TokenEntry><Name>ProductKey</Name><Value>oRRPrYrx3RBWyAvYuJ5s98WIcJEZ6zsaAdUJ4kp8f2Y=</Value></TokenEntry><TokenEntry><Name>ProductKeyType</Name><Value>mE5VSjjdLG8m77KrDu2v5+leSJ9HMaLSv3R8gED6GRU=</Value></TokenEntry><TokenEntry><Name>ProductKeyActConfigId</Name><Value>a7T2MhpOnqaEC/cc+f8+TrrytjDXB772os0TDtM/6qPJl3qm+OjrRAkTdtNO1gV6kB8eeop00zm/mQ9wBtJMTwasx27bRt15p5s7/rRPLBE=</Value></TokenEntry><TokenEntry><Name>SppSvcVersion</Name><Value>/E6W1bCOlPAQpvmxgdA0Xg==</Value></TokenEntry><TokenEntry><Name>otherInfoPublic.licenseCategory</Name><Value>wMaiht5ObyAJ4Vziu7l6J+I3s1AWpNvk3HXwwcCG2N8=</Value></TokenEntry><TokenEntry><Name>otherInfoPrivate.licenseCategory</Name><Value>wMaiht5ObyAJ4Vziu7l6J+2A2GxpNzfGD1PSANy4L7U=</Value></TokenEntry><TokenEntry><Name>otherInfoPublic.sysprepAction</Name><Value>GM3hnExcmR6XF2gU9izFsw==</Value></TokenEntry><TokenEntry><Name>otherInfoPrivate.sysprepAction</Name><Value>GM3hnExcmR6XF2gU9izFsw==</Value></TokenEntry><TokenEntry><Name>ClientInformation</Name><Value>g2zFwlgagL4Dkk/7VFAmsYHVn2fYzdmSI0kfgtMz7PYrVvMVV+dhlAtTc0FTscCjUaaimV2HHPm821BX41Ultw==</Value></TokenEntry><TokenEntry><Name>ReferralInformation</Name><Value>YDaDIttrr7t8FxcNgkaw/QbQSd2v5SBnHx2PHr/fw+qiUydKVwpui2RZiOloBYMOC5ZZc2xRMo3txjgb3Y8bsg==</Value></TokenEntry><TokenEntry><Name>ClientSystemTime</Name><Value>6bPkDACB4wLW4cbsv2vIxLjeZRLbtR/OGUCRdXHeXeU=</Value></TokenEntry><TokenEntry><Name>ClientSystemTimeUtc</Name><Value>6bPkDACB4wLW4cbsv2vIxLjeZRLbtR/OGUCRdXHeXeU=</Value></TokenEntry><TokenEntry><Name>otherInfoPublic.secureStoreId</Name><Value>JCXM2KvLUnMwiIvvSqUN+6nu5Mb2IPSTpb+aATw4aRpBteZrkJH6xutUmc1DmM0R</Value></TokenEntry><TokenEntry><Name>otherInfoPrivate.secureStoreId</Name><Value>JCXM2KvLUnMwiIvvSqUN+6nu5Mb2IPSTpb+aATw4aRpBteZrkJH6xutUmc1DmM0R</Value></TokenEntry></Values></Claims></RequestSecurityToken></soap:Body></soap:Envelope>)
00010002(0x80072EE7, 22:27:07:902 - <NULL>)
00010003(0x80072EE7, 22:27:07:902)
",,,,,,,,,,,,,,,,,,,,,,,,,,,,,,,,,,,,,,,,,,,,,,,,,,,,,,,,,,,,,,,,,,,,,,,,,,,,,,,,,,,,,,,
2026-03-26T05:27:07.905214Z,"{'#attributes': {'Qualifiers': 49152}, '#text': 1014}",dc,Microsoft-Windows-Security-SPP,Application,119,2,,,,,,,,,,,,,,,,,,,,,,,,hr=0x80072EE7,753c53a2-4274-4339-8c2e-f66c0b9646c5,,,,,,,,,,,,,,,,,,,,,,,,,,,,,,,,,,,,,,,,,,,,,,,,,,,,,,,,,,,,,,,,,,,,,,,,,,,,,,,,,,,,,,,
