2026-03-26T05:21:06.910753Z,"{'#attributes': {'Qualifiers': 16384}, '#text': 1066}",dc,Microsoft-Windows-Security-SPP,Application,81,4,,,,,,,,,,,,,,,,,,,,,,,"C:\WINDOWS\system32\sppwinob.dll, msft:spp/windowsfunctionality/agent/7.0, 0x00000000, 0x00000000
C:\WINDOWS\system32\sppobjs.dll, msft:rm/algorithm/inherited/1.0, 0x00000000, 0x00000000
C:\WINDOWS\system32\sppobjs.dll, msft:rm/algorithm/phone/1.0, 0x00000000, 0x00000000
C:\WINDOWS\system32\sppobjs.dll, msft:rm/algorithm/pkey/detect, 0x00000000, 0x00000000
C:\WINDOWS\system32\sppobjs.dll, msft:spp/ActionScheduler/1.0, 0x00000000, 0x00000000
C:\WINDOWS\system32\sppobjs.dll, msft:spp/TaskScheduler/1.0, 0x00000000, 0x00000000
C:\WINDOWS\system32\sppobjs.dll, msft:spp/statecollector/pkey, 0x00000000, 0x00000000
C:\WINDOWS\system32\sppobjs.dll, msft:spp/volume/services/kms/1.0, 0x00000000, 0x00000000
C:\WINDOWS\system32\sppobjs.dll, msft:spp/volume/services/kms/activationinfo/1.0, 0x00000000, 0x00000000
",,,,,,,,,,,,,,,,,,,,,,,,,,,,,,,,,,,,,,,,,,,,,,,,,,,,,,,,,,,,,,,,,,,,,,,,,,,,,,,,,,,,,,,,,
2026-03-26T05:21:06.967980Z,"{'#attributes': {'Qualifiers': 16384}, '#text': 781}",dc,Microsoft-Windows-Complus,Application,82,4,,,,,,,,,,,,,,,,,,,,,,,,,,,,,,,,,,,,,,,,,,,,,,,,,,,,,,,,,,,,,,,,,,,,,,,,,,,,,,,,,,,,,,,,,,,,,,,,,,,,,86400,,,,SuppressDuplicateDuration,Software\Microsoft\COM3\Eventlog,,,,,,
2026-03-26T05:21:06.499589Z,5615,dc,Microsoft-Windows-WMI,Application,83,4,,,,,,,,,,,,,,,,,,,,,,,,,,,,,,,,,,,,,,,,,,,,,,,,,,,,,,,,,,,,,,,,,,,,,,,,,,,,,,,,,,,,,,,,,,,,,,,,,,,,,,,,,,,,,,,,
2026-03-26T05:21:07.045832Z,"{'#attributes': {'Qualifiers': 16384}, '#text': 1034}",dc,Microsoft-Windows-Security-SPP,Application,84,4,,,,,,,,,,,,,,,,,,,,,,,,Security-SPP-WriteWauMarker,500,,,,,,,,,,,,,,,,,,,,,,,,,,,,,,,,,,,,,,,,,,,,,,,,,,,,,,,,,,,,,,,,,,,,,,,,,,,,,,,,,,,,,,,
2026-03-26T05:21:07.077218Z,"{'#attributes': {'Qualifiers': 16384}, '#text': 1003}",dc,Microsoft-Windows-Security-SPP,Application,85,4,,,,,,,,,,,,,,,,,,,,,,,,55c92734-d682-4d71-983e-d6ec3f16059f,"
1: 753c53a2-4274-4339-8c2e-f66c0b9646c5, 1, 0 [(0 )(1 )(2 )(3 [0x00000000, 0, 1], [(?)( 1 0x00000000)( 6 0x00000000 10 14394)(?)(?)(?)( 10 0x00000000 msft:rm/algorithm/flags/1.0)(?)])]

",,,,,,,,,,,,,,,,,,,,,,,,,,,,,,,,,,,,,,,,,,,,,,,,,,,,,,,,,,,,,,,,,,,,,,,,,,,,,,,,,,,,,,,
2026-03-26T05:21:07.131679Z,"{'#attributes': {'Qualifiers': 16384}, '#text': 902}",dc,Microsoft-Windows-Security-SPP,Application,86,0,,,,,,,,,,,,,,,,,,,,,,,10.0.26100.32230,,,,,,,,,,,,,,,,,,,,,,,,,,,,,,,,,,,,,,,,,,,,,,,,,,,,,,,,,,,,,,,,,,,,,,,,,,,,,,,,,,,,,,,,,
2026-03-26T05:21:07.335181Z,"{'#attributes': {'Qualifiers': 0}, '#text': 258}",dc,VMUpgradeHelper,Application,87,4,,,,,,,,,,,,,,,,,,,,,,,,,,,,,,,,,,,,,,,,,,,,,,,,,,,,,,,,,,,,,,,,,,,,,,,,,,,,,,,,,,,,,,,,,,,,,,,,,,,,,,,,,,,,,,,,
2026-03-26T05:21:07.357862Z,"{'#attributes': {'Qualifiers': 16384}, '#text': 4202}",dc,Microsoft-Windows-MSDTC 2,Application,88,4,,,,,,,,,,,,,,,,,,,,,,,,,,,,,,,,,,,,,,,,,,,,,,,,,,,,,,,,,,,,,,,,,,,,,,,,,,,,,,,,,,,,,,,,,,,,,,,,,,,,,0,0,0,1,0,0,0,0,0,1,Mutual Authentication Required,NT AUTHORITY\NetworkService
2026-03-26T05:21:07.427255Z,"{'#attributes': {'Qualifiers': 0}, '#text': 271}",dc,VMUpgradeHelper,Application,89,4,,,,,,,,,,,,,,,,,,,,,,,,,,,,,,,,,,,,,,,,,,,,,,,,,,,,,,,,,,,,,,,,,,,,,,,,,,,,,,,,,,,,,,,,,,,,,,,,,,,,,,,,,,,,,,,,
2026-03-26T05:21:07.158744Z,5617,dc,Microsoft-Windows-WMI,Application,90,4,,,,,,,,,,,,,,,,,,,,,,,,,,,,,,,,,,,,,,,,,,,,,,,,,,,,,,,,,,,,,,,,,,,,,,,,,,,,,,,,,,,,,,,,,,,,,,,,,,,,,,,,,,,,,,,,
2026-03-26T05:21:32.353595Z,1000,dc,Microsoft-Windows-LoadPerf,Application,91,4,,,,,,,,,,,,,,,,,,,,,,,,,,,,,,,,,,,,,,,,,,,,,,,,,,,,,,,,,,,,,,,,,,,,,,,,,,,,,,,,,,,,,,,,,,,,,,,,,LoadPerf,F230000098310000,8,,WmiApRpl,,,,WmiApRpl,,,,,,,
2026-03-26T05:22:07.819628Z,"{'#attributes': {'Qualifiers': 16384}, '#text': 16388}",dc,Microsoft-Windows-Security-SPP,Application,92,4,,,,,,,,,,,,,,,,,,,,,,,,2026-03-26T05:22:07Z,2026-03-26T05:22:07Z,,,,,,,,,,,,,,,,,,,,,,,,,,,,,,,,,,,,,,,,,,,,,,,,,,,,,,,,,,,,,,,,,,,,,,,,,,,,,,,,,,,,,,,
2026-03-26T05:22:08.311554Z,"{'#attributes': {'Qualifiers': 16384}, '#text': 8230}",dc,Microsoft-Windows-Security-SPP,Application,93,4,,,,,,,,,,,,,,,,,,,,,,,Security-SPP-Action-StateData (REG_SZ) =AppId=55c92734-d682-4d71-983e-d6ec3f16059f;GraceEndDate=2026/04/05:05:15:08;LastConsumptionReason=0x4004f00c;LastNotificationId=NeverActivated;LicenseState=SL_LICENSING_STATUS_IN_GRACE_PERIOD;PartialProductKey=7H9YG;ProductKeyType=Retail:TB:Eval;SkuId=753c53a2-4274-4339-8c2e-f66c0b9646c5;ruleId=31e71c49-8da7-4a2f-ad92-45d98a1c79ba;uxDifferentiator=TIMEBASED_EVAL,,,,,,,,,,,,,,,,,,,,,,,,,,,,,,,,,,,,,,,,,,,,,,,,,,,,,,,,,,,,,,,,,,,,,,,,,,,,,,,,,,,,,,,,,
2026-03-26T05:22:09.279419Z,"{'#attributes': {'Qualifiers': 49152}, '#text': 8200}",dc,Microsoft-Windows-Security-SPP,Application,94,2,,,,,,,,,,,,,,,,,,,,,,,,hr=0x80072EE7,"00010001(0x00000000, 22:22:09:265 - https://activation-v2.sls.microsoft.com/SLActivateProduct/SLActivateProduct.asmx?configextension=Retail)
00020001(0x00000000, 22:22:09:267)
00030001(0x00000000, 22:22:09:268 - https://activation-v2.sls.microsoft.com)
00030002(0x00000000, 22:22:09:268 - 0)
00040001(0x00000000, 22:22:09:268 - https://activation-v2.sls.microsoft.com)
00040002(0x00000000, 22:22:09:268 - 1, <NULL>, <NULL>, <NULL>)
00050002(0x80072F94, 22:22:09:268 - 0, 1)
00040006(0x00000001, 22:22:09:268 - 0, https://activation-v2.sls.microsoft.com, <N/A>, <N/A>)
00020005(0x00000000, 22:22:09:268 - 0)
00020008(0x80072EE7, 22:22:09:268 - SOAPAction: ""http://microsoft.com/SL/ProductActivationService/IssueToken""
Content-Type: text/xml; charset=utf-8
, <soap:Envelope xmlns:soap=""http://schemas.xmlsoap.org/soap/envelope/"" xmlns:xsi=""http://www.w3.org/2001/XMLSchema-instance"" xmlns:xsd=""http://www.w3.org/2001/XMLSchema"" xmlns:soapenc=""http://schemas.xmlsoap.org/soap/encoding/""><soap:Body><RequestSecurityToken xmlns=""http://schemas.xmlsoap.org/ws/2004/04/security/trust""><TokenType>ProductActivation</TokenType><RequestType>http://schemas.xmlsoap.org/ws/2004/04/security/trust/Issue</RequestType><UseKey><Values xmlns:q1=""http://schemas.xmlsoap.org/ws/2004/04/security/trust"" soapenc:arrayType=""q1:TokenEntry[1]""><TokenEntry><Name>PublishLicense</Name><Value>yXvXyLoAC1JcRKyEYPSFVIL6r39/ADR9lIoxOv1unTb5goxSNZka0Kxk6TxCOhqgEAUWdmwZgHpwkHwRdw7hGS7c+6ybKABJwxkU6QFvF1BmT/p1E70FBDrM2klrUZxfrEXmOQaU+eEmukmJPd+O1eRKud0A/AcLqPOkXTT5VT0BYB1FKgn0Fnga9H5Yzragc9Th6IF6icmUszw+1mXW+r23YcQDiPfroh3qkfvJaA1otDFrXQmm7Aihfef9vj+RHXv7YfzHJMWcIIl3ohLpL63V6XQ53MFdjgrxNfPrQeAL0t4GQcphMR4Krd186/uE+SMFHHmzFGP/f/YfEf5LfP/uPkNRMb2ittFkBzaZ9swtXxdSdcOPR/NREIsU/RTbR2ZnsSwsqonhD/AjTfjztm17WBv/bvqU9SctpasDIfAgs7A4mPYkUThVUIFE9YxAZqmpFSVDWdHffN0iO975xrSB1DtPQHUYoeQFM+Pu+6ZWeNPXKuKpTZOoUZo9OZAwnMwFoLXHw6+xSWLxKmQpiTlLl03SvHtxnGPhSvDznigu/exwUyA2rpG9ZwXy3/Kp9Tj04gikB+lNcQ+iytBUWDgRx7fu9FI3+YGPyaB8WTj4FJZrry7WVtYS/+OwOARlRU2Yj4Y9shRVkwk/uaz0Zuk9fuY+hp8iGtkWELCgnHRJymQs5tHhYbi1urHKDWSHc6xcQl3fvZsZ/fNA0XaRmyWkB/3T2sQCgUrsCi3Ex3hCipyMoiqo6lz2bXpsIV/yAR+bf8YIMTuRzdJtTUxW4yjeX9P41wldTH8hZfK9FzaEQTAyYKx1HNL1tKm3ZoMrx2Rt8t6jnFVbXzC2yGHn22TGWFywuC864wAPSlfm0vA4SzkCsdWwA8ZSZZjkG/OSkTSU/Uc9cbvOjqJk5QVx8xnYRNK9CpZ9ibWS/7e/gsta9YmSpJfIZDiX/Wvcnz90NLciv99A/QZ8uX3qmBr2nj/aSy/fRRwVHfFyvFUyDdeL75zdkCBFCBWV4h8O/DkVeTXyFj2VXMuLnc322ZTAKeZqon74IJNq4ewrcD0UmeCcuniLcJiCjKC/TvT5GmFq9N+mFKbmw/FOxM+WOEIwR1m16e40MxVTRsqnJ5Yx8nF5ZV3Y1D0oQtBtdxBrbOe1V+rAEr1ZjpkvhLFz1q6yiEPr6fY/4rb6czO4eFL5EroVPRSvMpivLU7997MyDMRNKseYkxYz0+1DGlaN5QzkjoQuOOdyal/FS4ZWlS7l73ZlQ/HG9q8G367H8MHqRt+EL34SCBmWBSsea6ixtkXhhsMGeMyuGwoDxtBo55LaD1308Ttyr9Q3v6MmWFwjMzVP88Zu6DqrSbevmvj8koOEpV1OxL+n+dkheMtd84RTkfMp5rUhI2Vqtx+mHoGsP4ywqQR34aWGCt2NmeLfL0zAYoxaYAGpG34/2G1t0O9T+IdVX+csVIQqlb9F9R4QlDa55JEn1UMW9DhSGzDwypBTyixj+1wYbfGD+mXrVwb/wfz1OwJVcTVo/z6bDpw8N9PBabF+PM6KX0Gj7X9P6q8FIbym1X/HYnELVTxP1WVt0FjQZb1oAJEQsHRFsu9/kXEkFnA9seTbNvbJfEDTrG00BczYuunZ18IuqIr1pMJE9ETdO1+r74gkYnvcp8OHO+nnk+w0GDodasMJ+vKsPuTbatPABgiGYL6Hhjz2q/sB3b9E1Sh0/2wExF1mL2puuDarkF7gfEcFXTTUeUaPfTLzqCW0AVKCeu9MeH1NlNk1oCMN7hTfXxL93cKbVl/Yq5NjioeXcW3SyjazBBvSs5T/r1GgKy0rWqkFCclF+b0X8la3WGf7M1NlBtyYRWCWSS6k450B62iftUOUn/bwE0SDDVIxVrPdIgAc6kuNMAygSX2eaa+nUTO217pj5i+PG5acJ8utbYj5BNGWUC1has5Jm2j5KBP8QiT82aQQOJ1e3z7ynQD97h5xzmx3s7RYt2y5XE2xkU57nnjmBCmNizGSlao0B2p92RxWUfgtJF4G3G9D2glSeIInCGbkLme+k2Vm4KpskAMwUfau14GvVHHLW5cV3OYc/+Mk4++7j0yylqdcQmwL8JqguEmNobgjFBz7HNd6TkKH5i53D7bzWmYXRqxjSTF6P8z3byDAnlUOnSFToTa7YEnqQjSWFH++SveipCyQ5nh7QeCpjUZH21tbfn3mPMjdbKnWwfX5DoYGUPhpMXbXFEC3QpXoq8ky2w9Yr81S3LPWJJZWWXSY2I7tvvmC8/ngRIZ+JuNorKskLzMwxFkY8aQGsJGmEjfAfX6CErvwvaZxlUeM7Ze/iFRG3YTxPAHZalBPOIFKjx1RvqkzgV/hljK1VJ/+tbGcHghCLFCfFD5RLNqNx+Nl/9LZJFIuJO91XUPXN7D7D24x7kJQ5igVBImw856QS+i7MC2hQuGQUS2sI1c5hsaqVFUfuDPi3Hr2xkq3X3pUTanpA7fREyjeehRfJAqZwwGQwIySECCZnEPAttWbu8ItBjHlCSW4kCtsXvZVA9kXAcDp+PnWZrybubvca0Z9oZumuNxYQob1YzP7G7vHCqb3gxqXm5XJytFnzr5r6O5tUVYZD+z2bEdp1shU75wv6VVWCwS8TLO2Fqxv/N3Eycis5L6YtnT8hi5ko8jglm3VpEXd+zVpYyLD9t/6OSLJvQ6EtCrOa128ftR8BUZLaj/hAh8xNR6qUzRe7Mte48ySftkk0wzIyXc7p2QnBuLOTiYCE7byhobXjr4CsVotiRf3mVIGzvcssDV1S7G6fYpZVrtLnujTmBEwgkQtJ7v9OZLXJSa0hqHuE9xM71UwlB1t+XzzWQFL10n0HLyx5oZ4BzAKQZ9Ar59emisER7K3Mx9GQSk4lJgGMjVQ3nNYOVM/q/q6Q58euxQRTLH09SfJv/n6wn/fKIub2eBkSrgnkVLfclrXkfBbeRS00U0NOFPsyysJ/ltU3qw3ZK40keDcTLMSaeMLHOSZrWfCpUv75Kqs4djabTK2Ow3o6ZrLMWFRh1c5H5/HKVsNX/shzFU2Giqzsp3rBzZkPUZUE3lKM6udbZtJVswVxVrMTlQhz8hJsvu4DpB9xlZcUitHC44MlW2BnHrFqXreiIOLr/Jqi7UJXQ0THaJAqAxdOIbQjbimHVbDhzqL1DpCFg/bgNjwteS0gXNyUnbamfqCcE2x8t9gL5TKTij4t7fP9p+1CnRNxP+rcp4nSMFq/6N4nHljOiyPwTp7WIZI4kGei+IRHfAgN0p9zMzJUJRo8bdJp4ytZuyVLMUpnrvx2+7d6IdflO4t6+oDCRi4gUkPdlHiJ809mMpNghV5admiyT6qo40oJB12zGZdIEC3eZ8OXOcWSfI+66mJU58ZEbrckgFDio6T7DHM6irT3mwTBOXsYKcg/dTRTOlN13s89RsJinGKwnp6XA4nsd6LJYy/z59V1R1HyBTgyWqqC6FC7GJFDDwKf7LS76bVhg7KJ2fkj6FxhNVPrzMzx3v794arBZPGPTXvMH4PpiG+C2TVLqwrKoV5YRPhS9cAU8lqnV8ztBlpVYnBrdwTVHhEC6kAWO75hcVSyXcGrF3FwXcqPs05QlOtryNLJJs9u7g9UH7BeEx8XLEcYll+KO3XEq2npxIiDT/oCdWXdWHJ91PIjtu+dCnKaZJ+t4TA1yS8OeqAfW5S5mccvjptiPJwPMa6JShj3yVFAnMb3rLnRB5ACnDM2KgpJLKBXr1rwegjXzfwAf9VO+9MXsDf/OKlvLEqg44MGfkp15HypRsjrd9qPJ5Hti9jmgNspXQe55BDeIFtCfXKM44kCLMPoV0CJss3wj9Xudntbl1ezB0oQLg/gHDlpz5ijdofigUzC3oVM/P1FDeijaC9LGISfy8VzAu0R6wyIT4fFxltyKHKYD4bnuZOIZnMXJ2sq7naKppo1IrpsY2Yi1WgrGM7l/qO2iNchN70fa4OF3ntloa/z6+Lr7OjkCQrDOXxZchVlSQ9HOcwkqMjNbo2tg9fioNH5JSMbs/bz0q+gYhV0+n1Goax/un85d2UYJZl4Pq8BMqTNsuyZ0wQjyVrYHwqidWuTiuxqUeBrvxmtXGQ5VpN1cy1viwtEgwMPylNXPqGaHBZ8GkWB97/JHTyAL6+8SAojXlF7YHtgIWkc7cGR9Pj4qgSxdp6mue1w/JijPYEyUDbmsZbXlmRNHNBLziXUzIL2Khmw5blj4lVi5izl25HFl5IiDZj9s9grSrcQAuQ0JeahiBQL1CC6BUw3uaABTKz1NYo5g0KuywHHQUZ3frarsskZYrch7HE/okQTE+7Ovhn6yA4sXiafRwxePtqCQZcktY/buKCjmO+9SVco0X3d1hZ2IbgyQBIPryfjaWE/+738Ctjlirxe/anKjxG0Ja+yxOp3y4aSyyE5SjKNKL1MegYJcY1PSHVpjUPbCq4TWq9pt91POwYFXva+0/UQfUFp2HjG0ktmma+5FJAHlE59+S5mF0QNTHop0gho3jUhXPk2C+HMszvF0yiVZi0gj888PTG0vIxxWV1HUU4n6JdKedHISYgeqPnqTnf/XVx1PbuJAq4T9DWh/8BvwvoCGQcMZuAS5Ms3wtdlPNY0xXzRKRqvNZWGMkRSPyOhTlTNp9Vn8yi042Ea8x0bfA8vSaiqqp+5826yEw3LMJVhn6SiFf+oz3WeKuiaTxB2MRYXOPAj8S9S/x2cQaCmbi34D4sBk/gr6jySW/sTM0caE6CthU6y6I4nHRmTdbJkOWOvTwqYo9tjURgxg1wFLnwJOae5ya79BNoFHJrEDtuuOt66m32pZZLUai10veYi2fb6Fq1PcV3gnKsdnOUqr/4mHT4JCEDaR1odtlFLUfD7dzHTiYfiCaoheC5J71AfR2d/o4f2PRYq0sUrw4BvIUvdWI8U4W+Xmy0EOQuROEaBeU/oS1PRi5g8NY9iRe4vpHXMHB+q9p9VRE4ZuGUt4gzsMEmDUAF7eEOe6f5t5I+8Tw/b7N3ERX2KYjXmBnmrCisa2nGEMDGuYVNbsm0lPIu4kJHGdVX/s/kDT4qCYFdgD0H3UzgUX0FaSP9K6NYzbhbuqn/cWmHcrMYVVyK+2pVtwRxRI8n54KVwdkef2jVty5P4dkoVBXcpLiqlpLpz+8xCmUzxT+Y16bIAgyo8OGVYYQ/V4NkZob4gf9HNwUs9ALF0ZqZc5mbIkhCBIGjPDGwvxLK+Xy81WZPBIMFxZJ65/9L8XUmHS5f3w6gRQBi8Tp6kxjj0SnpIsetxxZL48EO/3TGVbFRUgyOy2RLnuSsdDLt6EpFtH92H0dYK4OAVzOzopE9UtJ1v5LXsbo05bl6Ycn6J2P0q759kaNBCx5UK4/YTvStHZ1Gdjekw7A99r2of7c7jiHdlJGWPVai1T4Zgb5iWfOZiBHiE8YKnn7SKfuPYMx/tjvIJNyaB5+XRdst7wjKo+NLn+GHPfroi71nncycrgPUQwVb1qyTqtW61EGuNimXJPSgNFe+VhlsYU3wYpQOkf01/YUogPn8Yy5f+sereA1FQLpwnp6d/noo1+uoYSrjQFeRib6SylvW3RtaXsOgoOXfKFutQfmx/4ximn+yxoGvm4QvZfYuAqe++tAeSKCujSaeOnrrh7/n16v/HwJSXx9TV7dEBMjIeIuIhGYamqbZqty67vX8QU9mKV7j5D/Ger26TPU/q5Jy0v40tvHvR3ZOeX5yyVsmcWAOBBDmvpG/DQSRhRIc9EPhqulT2yotwuxurgUkEd4YFA3VbpejG0ipUuLkpexNRU1KxOn70siGaPJL+72gP5NT867nRRWpgd8BQE14NH3dxOsJl6wmFVYhBVlDuZn9er3/9Ad0M6V9mFtBsngC9V4X5A4pwZXZuX1tvwpdQVdS9exdkQX3l6wgAQ8d4BdtK1iqoItjoRsKcvlxyOUX98J443DZ2PqfJ4fN1eb9ED4OXtBi1UomCs1k0/Tj6mVRom4FDhW7bVRag/230Dk8oVEeGwHJCczIvpa+OpgIOv/8OzYF35Qehhgh+CVWkNHlO4S1lpkjlE0IgZwOGlTzFXpKDvoVyVEXEcwljJ0ObQU+a/3pLkBUtNduBSX4Bh+2r61po9NSjBOSNUb/ijD+isLg0RB0U/oJKWJyie6oMOgGvrGwvDzCAjYFuc5vcWitVza2GD9QYPC+RwLoj8MuvaFqpX46nZzWJRHyAv5x/nNip7ajrD+FI03kiOm9NNKHNrFvGqyGpQWrbD0u7mEawjh8zB8NKNqbpz3zeZaBwfih8jLGkcqr1/kjPEX9MnLvLrlD/kz7adqiEHntOqNi0L4k9n82W+ubP6Hp9xmKEeD6hpTLiLq0mXvVmV6bFEIkqQ7oTJNMEhLEeeQ1eOyTjHLpyMfz2/fZHKW07zR3pL2lkf9zyFK0h6AgGohRN1Uib+yEzUz+yJJLefZlli14saxwqYk3wYOv9l4/iRL7F7K7h/Z86MHey13TVI03pBEZYJ45X9Bx1eRnBdEan60FQj9IT/ejxVm3RgZ05uuBCSJzVjv/X6jf2NLG+7gltO6ybB0+nkyF/DrnC5603DxwFW6R8tAkctfBntlbTXAqRg5BrrGdNohp4oVCG4zZl1Dy17mQ+UT85awqsgiA82BSrLT/wNiMD7ZddDNHVIW4EU3kyq15wOIOPrnLySYpwejK8XwEodBlNBwmdJq/C216OmV4ZTxYNmc79UvKcwiyUBVAktBiEDxtf4ypl13HtG1fb/xWQ9R820UOWJBp2YVK0z2rkkRAwrhFrkwwMBnoNsD3Cuv31ibTB1Pfg7RTVy0XKvZwdeyoH/YSdeLpVCDHztF8JvtJ3gxgwyVXMXrCIEa9s+9GmhkKDUghdoTS4eJPUM6OostG85N2s3h2bU6pTVmWBPCTKsvl6eBnhpZ48FXk1w9kX5RGtib51hCj/sZPz5Sblmh2R6cOQ0O0tgYI7Vkh+r9VIOWacyA+G089DfwP2ZUK1TIiYFRHxDYpqBWgLD3DM/5DOhc+XGyF57hm30AJJD6musf4zf983n+BafyQDBrBkXnum/2Vnbq+WVfvvHvh0Qv0Ov9NOru3gTCdNWSOJwBM625VSU9PpjK8XMXap0uQH4FRYVjgn1B6tU23aPQtgypAOXsCyxoglLOkDx+wNY8SP5qVNH1a73xY0z3V5mxHYZuDqTKoNgi6sh2EpTaL8wjCGrV3ytgIktn5sEvDLiUyM3FOUhdKVIC4Ux+GPe+hzSqK5O5Ytmnvv8D1uxP1R1RUUhwq6+c5Jnot11N+OXEepcuGX6NDbl3xFXML6l1nfBEMfgnODPBJMnXFCt4oNvANCeDkpAQ50Lvdj+/JQ4Gbhk90NMT2ym5u1Q5p7NeSzVhpQe48flNEh0nGLWOwxXZgq0sEzJ8lnslKxZGxxthQVH+a647Y1F9A69VcwfCgHIIqbqkt9McY9RF4tYv4I0LkY30oKx2u6CpYHIkskk9Ik3SYo2I2JpQOdXRj/8JTntaOUJyUgKoSLg+YPhgKCsNgOe8h228d2v/uDPC0iZ+4xHx9rGqnfkdW057M/OHW6sZTOXPGQrUZ3kupOlcnNzioBwTAQt/t4SkGRGhVLnfHyek1bQ8+5nsEu6D1mrHivKs3ThHFJ83ir2KPjgVSe+Wr8OP8wx8VQmhlZ66+7+6WgOZaHCnunVmiHLDGd4tRnPDpADm0SiHpiFbKKYyEfq/bRRC/m80cj6BJCYwDWusOTfF4XR1U/HsaAJYXtDoK6PGfmcR19cg8HUy7cKBG6f+yg9K/fUatWa80s7qBwWZcZks991++wwE1WTFoBwGNJgZgFOy5AT4Jfo89yGXDGvalBWCLMLnOpnYTgLMRAiHioyiPIi4IW2lmwW5i6hg5xh3U7YfBl4Itu0goJtvhY93kLBG4R9D5kcQGDYJRDjLpoJ88mCWOOrk6qqSr/xvEDprv9SFY9G+YIaMEdX4CZHwcvxPMG4l1+7FANmpfhV7WQRam9qquyxgM9cPnRmGx0mEAnhvFC0GpEEXmjjvyIaLw5KbHq7TYkkYVYEZQEnjyMixneTzHCZGOAaV9jehXmjQBPBDBNKgCJgnVbFzHbkkEdVVRrd8lFZJrwetRmDCJh8N07R1NOOUN8oihGInNWDeT6ujHp1/ZLQTBV75zqC7Yy98YPXfJqJjP0oeh2nGU1uoZY+POfTrPBMOnb2JYBNq5aSNK24mHt3ONr3YhUAYRiTD3jK3KLpJXAFG0WQSo1/r0O3N2evKaHaGGqw21iFOvm9b/1mLg3dxnJ0MlOa9rCcrnakQhh3qlGat+ERU+9IdIQ4Ajza3PftnaT1leGzw55Nnlk4aUfvDSzGe5+yIXpTUP5o26//1R1DI69Lf4iTOXptT+rVT1uDbNZotbd3rPhF0OHthx1LADBVz9LAGb6MEElAXD3Daz6FiERJlzEgBTXFeG725GN07ZFc2XZLqAbVUOFsqCza3QbP1tt9dUVZFhWvMxjlP6RmR6SVLYREWvOnqXuoieVw0ejaWH7SsF1MoAPQwutjIi7RfRNcq3Fix+smznCZ41hIsBd83Xv1NMoil3Y4yG2yG+stWkhUiECZH42bPcRUJTceFKUYKR2mqqEhOIWKMA3UPor6l+p8PWGsPX95tXaLAHBii0MjNW3WEpsA5h/7Tpn0AVjT597kaSeaswgSaYD1azdr33jUA98a7JI/5gKLc4LXtgKtLYtHBmczmbSyCsjjsP/xRYWvZl3GnWB+XRMhyIpivQHPOoG5+3CHzsHRw0ltZurzehTJ6a8jJFrm8h9fDI0rsRq73/xTLcdUstKuN5vz/G+FsYb5q84tyKyzW2lpOpRaJ6PqY2RwO5pobzLH5pdWMwkYPAVYTPBhXGOoOH/+0P15yzTzPzVlPq/YViZREoVooWEIDEhOXvNvMEFuFPOY2kJtQnLkIsFsZy9iKRYmJhw+kM5NW4jcn6fiKiJdq326w3kUi4kXFN0IIagUjoTdxGc2Tfq4u7a4wv65xJ3K2AHb9B7yo65PVW2fcCfWnKR6ChdRd1NtN1jwc/YEtKG+KdJ503YuD92f0ZVHDfuIldbgdDlC/U+iv7LuGasTyUCTDfs87JG4eJOHdn6N+mX5tb9nQqQTY/W2dVeGcu9EwpT2h8827J13/QVkixGfjR8Do2F4/DNkyDUvSCqlQnxNH8ybHEBzAeQmyroD50ihMjzGZduvdfaDPijbp/+V152iVKFzx1XKvgalWgP+psUVQ/K9nVUW8Z1pIAVDivgTlCs/1vc8rBtSH7PDc74kQQ9qeEkhnHIXC6B4F4/ZjMMM+uGdVTl/eek0d88teCqWymFIyMBtfPx6q2fA1m1n5tpGP27MCGoohDWRwgtbdyKuFWimlyvhFIYgDNDsAIH/Bhv+fYUdXbZ5M8M9HZO3I0gbbriNrnqxGQ9b5ha9FsIet/jRzuOk42wXkAnAbM8til/oWJPFOyTcR7wLOgfbLr8Xe/aS+ZJKkyVXreffVR8S6g//jmVzYyWwG4SU9Ybvl3vA3J4vZ9yt6+3ymMN5fp1zBI6cnjl6/VecUAkM+5j9s53LgDuyamAmNqmkuOQMl0bX2oR5M+6kOES1/bAT6E6GnV4Yw/y1UdmW4cgm2qf/FgHNSjtFdA3eS8g1zjHmN3gwpPQtXu9BpdETsqSUZEqC1IbnDvWUgGoeRvxeTHrETrudUsVkDUIHgP2q9IaeSuiFVGtk06uk0P+8SQ95xz3CvFoK237RKJ3sRvlp84Vh7tzD4P9Xevrt7UESUEuQWil2Do3B0Fb63JwjSaypK3tqofdXaqod9R7Cd7rHZpEJvWfHyTF1WOUjCtyXtR7q+lkmuyxscnPXZMLzW/hA9cKAQGbglGHm9oZLO53pEIu2v+xAHgJ+ZgipWZ8c4hur1Vb2zZagmgVK9NJDXPRmrKsoB76Wk9dwme86LMHRtKEiAij0XvO2+eZ7wR4/CEJZ6MCvvgLGotblNsm+hHTbzkYEU1I0zoI+iUzT/aZYSU/bPiYXVTprG7tN1G3/Rzsudu4euvvbhXFw1vsnsA4g26FQ8mLoB0XO6lSwF3S3V09C+G7yeN0l5Xj45j7z7ALLOMRZxgIrHxiFQlsidozZtOIY/UtbxzV8BhMmPv+q4WVoRVV0qPEUFR4R+Fp6Q9thj8+FVBqnCLf2IgP1LI4FCZOfMNLrrLSGGkayqrmR1Efc57kJ8bnhdYVUmHZ5rsJMBnyj408ygSiGOJenC0vayztHqO7fuAhPMjFEa9jlGcA8WVtNGBReM9wPc/QsCKeiws1cxjViF1zQfLI6wMrUQ8ztvuDEunNBqC4H+4kFWEXEZq2UDB80J5u6kzdf6fn8ZYCK08ayUQWNfVgki0JhKo/0XrqOrOBAcHf2WKH9QsZvRT01ONPIk6B0P8w1H58TcH088teci4+c4VOgRkWBSSS1LAosLw9zs/CcxmwvewjmObj+gMUqHoZv9Fy8l+LK6/XlGzkOTI2WKjdDyzDWBvxZLx0e1iyk/b7CUAFv3szh3gc0oRACvibNG8YxQmihQ51Qe4lnKWzno8kffMWAbpO1sHnfJRaqO9KptGLQtRB+0cGKBVqLgn10UZZWS6yd8yFtMT0XRpdiimv6IP8TbehZqiABAfCm0S0H+Xfa3FviX+9t/xEcspQ/rNHtfVNgv95N3jLLk13R1uFfYD0HBpi2UZO+J9BpQ6WSUC5+d3Xj8B8gOtaCequBQyLbcHneVxK8pBb13FCpDGy8rJ4rfegic/64fbKr7OxY6IjUIyM1lB+C3gPJX4Z1gpo9K9oqtk8YMOPqnQwANPFL4+U6mFqYuPvKH4CTMon8ZDshi5wyLstQ5W8LleFPDGSrYOXgC9MCwBQlKfS5edbPqArNiIc6fo8XXhUpr+OlxsXLAqAPh12nJVy3LZxbtfIe/XdYAhugm8xe8Oj9ErcabXBkhiU6vt7tn6rsXfp2Wi0k0vvKW1j/6kvYVGW4CUGbO6K8KX2qjhiAFU9rewRUkQMSGNaMx8zx7xWlsEwz4YXxaCU/G+vUvbm+/DgT6YLCeD59P2pASlp5lMHZ4C6XNYmi7YwYCVZEhDyzJrIW/TEGeQKNS9WA3cbgSXwZhzJ1yPVsQF9Tq8dqbyPFxye9CAkXs2G7fBAZcOe81TNbccEPoqdYOejuB+j4lqhCC2meDv/9CA8AuzNUzwcbWJhpQUKhWxfY3XBZwc1stLBZ+gRyyLiyUesZ1cZGEV2OuV6N51PGSwnuKz7S6Iqk/MmPp3FKcHB0xPtj5KYjWUfS6OVx/mMhWeNlOGnM60Ibo0LGAeO2zzqPaw2PZxBgkGeU8TRKz6of6Zq9aQ6ITdhRO9AWEwq1wid7NjGfZd8zFEtlsSmZ6YBq49Al07pvCltcHqZ9QcywKhtYUy5jE9MDOLrdM/ey+8rv57IPRCqFFFwXXJ4lagAdz4IT8+A7KvdTqLPVC3B9WS4pIWPbMl9Bxe/DSZH0sv6Dg0aUugV4LEfJr9A3CXTk+PbXF37HWclNo0JAFsPJOM7Tvw/dWSaHZkYeSC5t3rPjJ/tVr7kYSVOaWIT6B2N+xfhYBw15AkY2FM/y/p4Rkj7dnHXYr8l4/KdIO7ECmDTv3lGqNTPqJxp3QeEzfXledNq9QtzX4i+xT11V3131+Qk8512IzoXWYAD3h4x/ySbEnkBA1rOiWvmTJ/im7csif3Eg9tjtgi8mW3ICUS6YjMFIxNwyBS8scxdwfBQXm/f6AriYZcTlqx1IJEGb3cekXsI2MUABQKEU/1ZTVar3AcXdbKhyHzJlktLR8UiFJl6Snwz25d+sueUlCWrE6mEunqsNiX/cBgT2CiSqPS/JWWklqf/PT2E4f0cG6T7HtdBQujkcwUI1puDFjKBdk+cUYVZLhmHMSq+ocZl5T8X87IXaVGGyNaA3pEwPodobOVrn0DHOjAI+HPJe78aR21ODe4Ld2UisY1GSc7jMNAie6ws6EkjJQO0mdr2PnEJI1Kn7RJOJZMoUQq/JykLxpyBaUlnQAmytxg/ANWkuVJOau3aXKspzSzAELIuYMZ61ymMAyfwdj+y1tS40i6FtRDwhsshrxSaIzCWYB6vO+WHQCd6W71MPu6etyhbOouCj6e2exMORk3Dy+Olg/0fdxja+wf01X29o4n0j3TVSy1mYc6xE/yvnerQMTkioLGpiaqi9Sum7cyCNZKl12c1HXcaN1MpyUIcgchC/BM8kcpSL1XJE7Q4qHkMxOjLvZJUp5WMpi2joZPigrKNKn7BCWvJ6fsyeKyFIb1I1YvEUtuqTODH7bIKOjGcBbPSmdBSv1HZDdpyBM9eoZmd/RdW1fvCnW+b/4xIyKA/rzqS2mKEtdamGj6Jxf500KAxgvrycSDE6GF8mwhc1Jyi5Of0zvtPj0QhNlkj95NQhXfc7t3iYgHdpNiCcRM82pbOIauX3WpEkkMuWd1EACtOrlzogkUpXRfMow7KDu1xuqC7lpfoxphuLxlOMclD8jCorl7g9tlltJtsVXw9gwQ4Q53Zq0uI8jUMhJj55FJKAllwZAbf4jjzWx4W+FWEhK5/RO7Z/05aRnzt+HzmmjAQQMy+QAmRjbnnxuP0cX8w0qIcPQPXdrLkgNvWl8uul5o0se8ZNNWxlVQ/K9jZgd2DVUXyk6I01sgoy5jOEQjaL7YCS4Ol+U6RFf9szHKmwrkUHPyWbn4QmDOxSGacgyUMsVmhEXxIKUOAHr7f4RGPrQgBXsyvrNqVS/R0KNme3F+Gmiv/7BAm51mY15GUNJ0P+J1s4YK4Gfl0HQ1mKoTuknJF62pgVyUPDsLZp+Ucs69Mn/UQCfzuunQGTN9AbjwbCivrqVblAXoGjk2Qj9+OLFmpT5wbCCGGYaWGaAdAqQ0Kyd2V+WiV4Q+C8lXfKV2JwS/AlrRbQxccKKNmfPxLHDiMLmj2vITap6ZLft5P04Q/xzJ8Nhj0XDa/I+wqIAiWnJ3YWxBxHRLJ6/UD3gZF5fuHFEdyIaE+cPas/vkuYLagUoSG32Kd3C5pgkXlc+8stJYgvur5PWSJf8zxbGp2Rmyi+Gz1Xw9QK8JWRqU3G6k19wP/TODVPqniFABSgUquKTJtwtPh9TezqeV4bISqRcPDzcb32qsfMmwfaWWYRQ7vOeGOfX8aQO6++emCYodyOKpWIrc+fsXaxQfYoJ4awgucqcRu7kniTKL2sXU1skpKwuPjdMsfhtCUlqcC1Bw5QUNjH+So7TFAijeAJ7AsZLPr3IzccvKpx5EnU1P9GZSOxzpWu1xvH59qZJkjOmFr70rddenKSNY20zJYPyf/db2WlAM8j/BBV9Hf9THuOxk1uNsj/p6lcn+bisHSGzngkAXQJmbRvNop4JO9ZThpxnYv32wwSBe+0cWH1tVRK96TuyfDKrMWg5GpkgocRlbBCG/K9R5q+630W5FbXq74wloZQXeNi+et0lt+0Kr63LCkR1KDmXQb91B56bDoe8otBtSbUYWxvdEJc4rebpvl7pdjtoakum0KyPEuIg8iB2+8ZpnLqRDQO/o/0cw7Kvq/dZxBeOep4Pyk+84p3LgFa4DBB8Y+dmpVwy8wPpqR/iO7xu6zsJvsyn+gU//pKW33EyIIZTR92gqsdDwY1DpYKltBzbWsxLvkscU1B6m8RqpfuG1YQ4fdY+L6ItFG37yzESoCMdfYdfAXyLvceCFMrTQMuY5z6KGOVYP/zBJkM2ufptR+cdNNsq+CsaGYf6kFo4ZBjQY0PEe2NNqvnw6NFIPmwK8j7Sukoo4TdOqAMKoPx0Rf5js8seVhbUyTy7+EGzJdeFfyzVphPScUsiIZ9IlrMoKW8CzIMX11Ky95liXmWCci68TVUB3BksAOMK5YVKG9mCcFjk9QNf4Jy8qADWIh3XzetgY4hdhB/fdHV5wu0CFlTSnoj9NMaiAsgl0l3SJodBUcrEm7eMofFBGSVJYgj7hcEL3pkU2uhdokBJA24c/6vhkxmy5Hca/TYu+rmUc8Fdp9sdby1hZmtA1tY+WcnGzzr82lR2to+sWcBoz3WQTWnLszRlh5ha3jFHaKy/fVkCA74KMztXSD2IvX0j3GRjRYCsaBMqqf4zX37M5T10knZ4ajFG8prG+91tLRXYsHgAshYOYjuOo0HV4c/Tn5VfVumaAtv5sYovYWV9DpLTLEQ9Fimw1nRDcaL9tpEJwRQwv+3k8zgqUhsnugKXtM0aNTEi+1IswHUk6779iUTAUSSxZnltRSTKVCmsftCgfBi4P55EgkLMzIls0KsE4DqkFsbHKs4jagCnkZm8G8AhMaunwn0F0VD3mpjI2LF29EEAzlvLt/Kkprh12Vglkqs5qsuB8Q1zOZcF0XhEv0htSVrsRC9xt9w1tveo+1V5PgUMYlfCFpfuK28bnPEItfahEqj2egaciY3QpssRDb6ovG+sv0q+sjxhANNLTOOsMtCKisV2VOFbGTcRiYZhTLmzhd1Lyy5qyGnBuMW09Txdz5zRBoSWnh7OJGJcqAFbJ9L2A8H+ZYKi7H3/x3L9aid9BvSjQSAlDLdMKHxc9vQu7P89XJXuaJ+iyItU9rXUp5O9SMKW0FiAb5jDE76q2YyBf31zOWj+iBKt7K+ucFl/Ajw/b5WghqJHBlDo5o6saN2jvXmU6fGnJ0S3hDFniL3QJvvNIPqtmy2xrVbOhFhsrjjc+ZkZJTQw8kSDX1VSmT+X9zOTT4VDrD7jrLLyaFQ6EGt5K1d8fYTHxdg95g9+JNLkkj9HulubXNU4Jih8TwnRVcC0z8yXfkzIjwt/gAt4pN8UF07RXGPYREDCypkP5QZfHyZI5G/YN23XrgvhMO/12YeqzscpsEiPgivkxznIi9MGdje/A5+oYjk2/MPrF31wEX7I66sT4DhIBKwr+ZyHiwal6+1uW2mN4smrn3GN49/hiDronO9RuEIJmP3gQ30Hbp4wtpdwNXoZ8Rfrc9+yNaMWQ1WLlZRkG0jdbsbln5wJTl9FYLvseB+iwrTvx7NLuyTbPtUnsie1NxH1eHiBYu8a9/mP7CQJMD9hv2a5s7Bgsu6j6RD2IsJL7hoosEW+0krBy7YNgnAWmMuJbfgr1ByDDC7A/bF9to1CechqC0QbYECl4yWOQ423Kxm/+2dx5DO/PippXl1wOhsYThl+QbD/zKmeI/L/IOu9GDocx4qU3BVoiymZk0RRWFRfvbxESl6UzEVyikVsvGKpz+G90KbyJtq3AZsupgQ/7shUrtCO7kVRGR0eVZc/CrxMshINw6WzZdSaMVks9xNztbwZ0rU6aDRwh5D7EllOKx/K9r4PW/gdxrnuWykE3IeQNYvmX/RR7qVYAuR8/2mVPskLPQG6XqANqOZZaKe4hPPZHu0/Krq0sA8QqXy1b/K/oslEFa6kLNtZiurwKikyukSCYe+NXZ24bxi3+8gOg+57Nlt/XMGBNRZ+dKWLQ4LfSZ++ggeZC5w6ghx5PMqdlmTIzF8NmZPSjJ+/XE/TOh6PisogRb4pIOCugdA9rbAOdG+vjZYqj9lUACeo/LgmsgBveheHr5lsW4JH+Px/Vuef4b1OU8wM5ss8Jvt8xLf/EF6C3bkdPkPOmCOyRjlF6mzZqH90MTA5mpUFXSS046mZMuvUHKQJ3lOL6NUmoAYP0rXwB/lwGWKr2H/VXI0F6deQ1ktDpZaeiroRCLfoNnWuog3ReTe4rPuoQeeuc6YbjFgN3qAuAwndooYKdToy5xQ330BbyJUL99a0yyUVsevEds/zQareZVl71iOJT9A==</Value></TokenEntry></Values></UseKey><Claims><Values xmlns:q1=""http://schemas.xmlsoap.org/ws/2004/04/security/trust"" soapenc:arrayType=""q1:TokenEntry[17]""><TokenEntry><Name>SessionKey</Name><Value>JYhiYh7OYGzkOJ2qAtt7zvuiHs/68HyMShrA+Qo4sXrfpN0aYlyQwHsA7XRe8psCrpFcmUSGsZyN2bxCFGYfQY3bia5f63FaFTHVcC8/Ob9NmEPjsmp9mnwj0PXtJVI5DC85DyFaSHtTOrmLHMQqr9WwT1h6iJQbPqmTUrFuyhwcRwxA96wWL64RB7LOHregRG0slTFFo4Pepjhm4EYs31EKwfDn42Tzs09zI0n7l2bLjxI7RSXrbFIES7+o1PjRJPGyKakQympJ2lfcAjUfGwtxXmKGaURbeo2cJizVJA0rcvo/DyMTfVegvy3HhvP4doLR+4B3cCpMDh3Xi5I0Hg==</Value></TokenEntry><TokenEntry><Name>BindingType</Name><Value>KrpKA9NVbOCW0Kc9ntvF4HFVFlIVsV+tO6W2WJTTzbA=</Value></TokenEntry><TokenEntry><Name>Binding</Name><Value>v51lBG8ZDMUx16uIBJHBvUBgPBf0Q4E1X//GCnmLIVuA4P4PwlgS0Ggt1k1ue72XsJxkAYBcAJhjsCs2+Y1O0RyV1yJxAF0PHQ+YbARLjDs=</Value></TokenEntry><TokenEntry><Name>ProductKey</Name><Value>gHZhx8oheJsGw1ZAgqJEkJzXeSSWwUELFUtmhM3vMvw=</Value></TokenEntry><TokenEntry><Name>ProductKeyType</Name><Value>KrpKA9NVbOCW0Kc9ntvF4EAOvxeWHJMRdyq9nSkB+UQ=</Value></TokenEntry><TokenEntry><Name>ProductKeyActConfigId</Name><Value>d9/4uqS2WqI42uUhRALy+rGGsoFeONY31iuKLH0e8VcS03YlfvAUZip8A3ju/8p2nsZisuLts2VaujYsSBfuoD4PfEAC8L7Y+XbG/D116YE=</Value></TokenEntry><TokenEntry><Name>SppSvcVersion</Name><Value>ppWkpiZQPM54ivmAVGKkGw==</Value></TokenEntry><TokenEntry><Name>otherInfoPublic.licenseCategory</Name><Value>nXzW1f9uhHCigT6pmI11r/crxq/Bq1oyCkO+RlP/YVY=</Value></TokenEntry><TokenEntry><Name>otherInfoPrivate.licenseCategory</Name><Value>nXzW1f9uhHCigT6pmI11rxIDSOV0U8rGw67A9NCXX8w=</Value></TokenEntry><TokenEntry><Name>otherInfoPublic.sysprepAction</Name><Value>Zbtymwl7T4syIsHjYUKpIA==</Value></TokenEntry><TokenEntry><Name>otherInfoPrivate.sysprepAction</Name><Value>Zbtymwl7T4syIsHjYUKpIA==</Value></TokenEntry><TokenEntry><Name>ClientInformation</Name><Value>CLNxSm/vcVd+iO41GT5GEKvxpglQ3CJC9w5kZRJSxhM9nXOigLHHLbw3J44xUqIbWSnfoNe1EGRz5oW5cbJeyw==</Value></TokenEntry><TokenEntry><Name>ReferralInformation</Name><Value>KTdz81NFyuCSItf41tHDBKuqGy7XdcbuRmhvI4y1Tp1zVtnW3zNmazyokFU1eyw2FbsEPJB67+7tnMwzvZ9Zxw==</Value></TokenEntry><TokenEntry><Name>ClientSystemTime</Name><Value>Jrm8ypylWF0Yk++QmMTYHib0bzijHPZz0mmRJCFHFRw=</Value></TokenEntry><TokenEntry><Name>ClientSystemTimeUtc</Name><Value>Jrm8ypylWF0Yk++QmMTYHib0bzijHPZz0mmRJCFHFRw=</Value></TokenEntry><TokenEntry><Name>otherInfoPublic.secureStoreId</Name><Value>jAMkuF13739w6oQBpUoqfHxZ0QaOfcMkYlXNhg6OLrGBiJgEWnlZYldMCnq1cZ26</Value></TokenEntry><TokenEntry><Name>otherInfoPrivate.secureStoreId</Name><Value>jAMkuF13739w6oQBpUoqfHxZ0QaOfcMkYlXNhg6OLrGBiJgEWnlZYldMCnq1cZ26</Value></TokenEntry></Values></Claims></RequestSecurityToken></soap:Body></soap:Envelope>)
00010002(0x80072EE7, 22:22:09:277 - <NULL>)
00010003(0x80072EE7, 22:22:09:277)
",,,,,,,,,,,,,,,,,,,,,,,,,,,,,,,,,,,,,,,,,,,,,,,,,,,,,,,,,,,,,,,,,,,,,,,,,,,,,,,,,,,,,,,
2026-03-26T05:22:09.280294Z,"{'#attributes': {'Qualifiers': 49152}, '#text': 1014}",dc,Microsoft-Windows-Security-SPP,Application,95,2,,,,,,,,,,,,,,,,,,,,,,,,hr=0x80072EE7,753c53a2-4274-4339-8c2e-f66c0b9646c5,,,,,,,,,,,,,,,,,,,,,,,,,,,,,,,,,,,,,,,,,,,,,,,,,,,,,,,,,,,,,,,,,,,,,,,,,,,,,,,,,,,,,,,
2026-03-26T05:22:09.335008Z,"{'#attributes': {'Qualifiers': 16384}, '#text': 1003}",dc,Microsoft-Windows-Security-SPP,Application,96,4,,,,,,,,,,,,,,,,,,,,,,,,55c92734-d682-4d71-983e-d6ec3f16059f,"
1: 753c53a2-4274-4339-8c2e-f66c0b9646c5, 1, 1 [(0 )(1 )(2 )(3 [0x00000000, 0, 1], [(?)( 1 0x00000000)( 6 0x00000000 10 14393)(?)(?)(?)( 10 0x00000000 msft:rm/algorithm/flags/1.0)(?)])]

",,,,,,,,,,,,,,,,,,,,,,,,,,,,,,,,,,,,,,,,,,,,,,,,,,,,,,,,,,,,,,,,,,,,,,,,,,,,,,,,,,,,,,,
2026-03-26T05:22:09.342437Z,"{'#attributes': {'Qualifiers': 49152}, '#text': 8198}",dc,Microsoft-Windows-Security-SPP,Application,97,2,,,,,,,,,,,,,,,,,,,,,,,,hr=0x8007139F,RuleId=31e71c49-8da7-4a2f-ad92-45d98a1c79ba;Action=AutoActivate;AppId=55c92734-d682-4d71-983e-d6ec3f16059f;SkuId=753c53a2-4274-4339-8c2e-f66c0b9646c5;NotificationInterval=1440;Trigger=NetworkAvailable,,,,,,,,,,,,,,,,,,,,,,,,,,,,,,,,,,,,,,,,,,,,,,,,,,,,,,,,,,,,,,,,,,,,,,,,,,,,,,,,,,,,,,,
2026-03-26T05:23:08.208619Z,"{'#attributes': {'Qualifiers': 0}, '#text': 0}",dc,edgeupdate,Application,98,4,,,,,,,,,,,,,,,,,,,,,,,Service stopped,,,,,,,,,,,,,,,,,,,,,,,,,,,,,,,,,,,,,,,,,,,,,,,,,,,,,,,,,,,,,,,,,,,,,,,,,,,,,,,,,,,,,,,,,
2026-03-26T05:23:29.546501Z,1001,dc,Microsoft-Windows-LoadPerf,Application,99,4,,,,,,,,,,,,,,,,,,,,,,,,,,,,,,,,,,,,,,,,,,,,,,,,,,,,,,,,,,,,,,,,,,,,,,,,,,,,,,,,,,,,,,,,,,,,,,,,,LoadPerf,F0300000C4020000,8,,WmiApRpl,,,,WmiApRpl,,,,,,,
2026-03-26T05:23:29.591634Z,1000,dc,Microsoft-Windows-LoadPerf,Application,100,4,,,,,,,,,,,,,,,,,,,,,,,,,,,,,,,,,,,,,,,,,,,,,,,,,,,,,,,,,,,,,,,,,,,,,,,,,,,,,,,,,,,,,,,,,,,,,,,,,LoadPerf,F230000098310000,8,,WmiApRpl,,,,WmiApRpl,,,,,,,
2026-03-26T05:24:06.534902Z,1001,dc,Windows Error Reporting,Application,101,4,,,,,,,,,"
\\?\C:\WINDOWS\LiveKernelReports\WATCHDOG\WATCHDOG-20260325-2220.dmp
\\?\C:\WINDOWS\SystemTemp\WER-265843-0.sysdata.xml
\\?\C:\ProgramData\Microsoft\Windows\WER\Temp\WER.6348921d-21db-4dba-bca9-7346eab204f4.tmp.WERInternalMetadata.xml
\\?\C:\ProgramData\Microsoft\Windows\WER\Temp\WER.086551b6-2092-43dc-ba79-f77f9c0c712b.tmp.csv
\\?\C:\ProgramData\Microsoft\Windows\WER\Temp\WER.b5bbf212-e4ed-44d2-94dc-9a1f611b3bbf.tmp.txt
\\?\C:\ProgramData\Microsoft\Windows\WER\Temp\WER.fe28f9df-1df2-44d8-a0d9-a297c14bfa51.tmp.xml",,,0,,,,,,0,0,,,,,,,,,,,,,,,,,,,LiveKernelEvent,,,,,,,,,,,,,,,,,,,1a8,,a,0,0,0,10_0_26100,0_0,272_3,,,,,,,,,,,0,,adce6cda-94ad-4a5e-ae60-9128eead73f4,100,,Not available,,,,,,\\?\C:\ProgramData\Microsoft\Windows\WER\ReportQueue\Kernel_1a8_1bb6b61f8d70287bd75b2b66f7a1d1e54e9a3a2_00000000_cab_adce6cda-94ad-4a5e-ae60-9128eead73f4,,,,,,,,,,,,,,,,,,,,,,,,,
2026-03-26T05:24:08.501341Z,"{'#attributes': {'Qualifiers': 0}, '#text': 8224}",dc,VSS,Application,102,4,,,,,,,,,,2D20436F64653A2020434F525356434330303030303737322D2043616C6C3A2020434F525356434330303030303735342D205049443A202030303030343338342D205449443A202030303030343430382D20434D443A2020433A5C57494E444F57535C73797374656D33325C76737376632E6578652020202D20557365723A204E616D653A204E5420415554484F524954595C53595354454D2C205349443A532D312D352D313820,,,,,,,,,,,,,,,,,,,,,,,,,,,,,,,,,,,,,,,,,,,,,,,,,,,,,,,,,,,,,,,,,,,,,,,,,,,,,,,,,,,,,,,,,,,,,,,,,,,,,,
2026-03-26T05:24:10.134584Z,"{'#attributes': {'Qualifiers': 0}, '#text': 0}",dc,edgeupdate,Application,103,4,,,,,,,,,,,,,,,,,,,,,,,Service stopped,,,,,,,,,,,,,,,,,,,,,,,,,,,,,,,,,,,,,,,,,,,,,,,,,,,,,,,,,,,,,,,,,,,,,,,,,,,,,,,,,,,,,,,,,
2026-03-26T05:25:14.480770Z,1001,dc,Microsoft-Windows-LoadPerf,Application,104,4,,,,,,,,,,,,,,,,,,,,,,,,,,,,,,,,,,,,,,,,,,,,,,,,,,,,,,,,,,,,,,,,,,,,,,,,,,,,,,,,,,,,,,,,,,,,,,,,,LoadPerf,F0300000C4020000,8,,WmiApRpl,,,,WmiApRpl,,,,,,,
2026-03-26T05:25:14.515087Z,1000,dc,Microsoft-Windows-LoadPerf,Application,105,4,,,,,,,,,,,,,,,,,,,,,,,,,,,,,,,,,,,,,,,,,,,,,,,,,,,,,,,,,,,,,,,,,,,,,,,,,,,,,,,,,,,,,,,,,,,,,,,,,LoadPerf,F230000098310000,8,,WmiApRpl,,,,WmiApRpl,,,,,,,
2026-03-26T05:26:26.059249Z,"{'#attributes': {'Qualifiers': 32768}, '#text': 6003}",dc,Microsoft-Windows-Winlogon,Application,106,4,,,,,,,,,,D9060000,,,,,,,,,,,,,SessionEnv,,,,,,,,,,,,,,,,,,,,,,,,,,,,,,,,,,,,,,,,,,,,,,,,,,,,,,,,,,,,,,,,,,,,,,,,,,,,,,,,,,,,,,,,,
2026-03-26T05:26:26.499071Z,"{'#attributes': {'Qualifiers': 32768}, '#text': 6000}",dc,Microsoft-Windows-Winlogon,Application,107,4,,,,,,,,,,D9060000,,,,,,,,,,,,,SessionEnv,,,,,,,,,,,,,,,,,,,,,,,,,,,,,,,,,,,,,,,,,,,,,,,,,,,,,,,,,,,,,,,,,,,,,,,,,,,,,,,,,,,,,,,,,
2026-03-26T05:26:27.273812Z,"{'#attributes': {'Qualifiers': 16384}, '#text': 16388}",dc,Microsoft-Windows-Security-SPP,Application,108,4,,,,,,,,,,,,,,,,,,,,,,,,2026-03-26T05:26:27Z,2026-03-26T05:26:27Z,,,,,,,,,,,,,,,,,,,,,,,,,,,,,,,,,,,,,,,,,,,,,,,,,,,,,,,,,,,,,,,,,,,,,,,,,,,,,,,,,,,,,,,
2026-03-26T05:26:28.188481Z,"{'#attributes': {'Qualifiers': 16384}, '#text': 8230}",dc,Microsoft-Windows-Security-SPP,Application,109,4,,,,,,,,,,,,,,,,,,,,,,,Security-SPP-Action-StateData (REG_SZ) =AppId=55c92734-d682-4d71-983e-d6ec3f16059f;GraceEndDate=2026/04/05:05:15:28;LastConsumptionReason=0x4004f00c;LastNotificationId=NeverActivated;LicenseState=SL_LICENSING_STATUS_IN_GRACE_PERIOD;PartialProductKey=7H9YG;ProductKeyType=Retail:TB:Eval;SkuId=753c53a2-4274-4339-8c2e-f66c0b9646c5;ruleId=31e71c49-8da7-4a2f-ad92-45d98a1c79ba;uxDifferentiator=TIMEBASED_EVAL,,,,,,,,,,,,,,,,,,,,,,,,,,,,,,,,,,,,,,,,,,,,,,,,,,,,,,,,,,,,,,,,,,,,,,,,,,,,,,,,,,,,,,,,,
