2026-03-26T05:45:27.968901Z,16962,dc.danglingtree.htb,Microsoft-Windows-Directory-Services-SAM,System,1278,4,,,,,,,,,,,,,,,,,,,,,,,,,,,,,,,,,,,,,,,,,,,,,,,,,,,,,,,,,,,,,,,,,,,,,,,,,,,,,,,,,,,,,,,,,,,,,,,,,,,,,,,,,,,,,,,,,,,,,,,,,,,,,,,,,,,,,,,,,,,,,,,,,,,,,,,,,,,,,,,,,,,,,,,,,,,,,,,,,,,,,,,,,,,,,,,,,,,,,,,,,,,,,,,,,,,,,,,,,,,,,,,,,,,,,,,,SAMMSG_RESTRICT_REMOTE_SAM_DEFAULT_SD,,,,,,,,,,,,,,,,,,,,,
2026-03-26T05:45:28.789816Z,16977,dc.danglingtree.htb,Microsoft-Windows-Directory-Services-SAM,System,1279,4,,,,,,,,,,,,,,,,,,,,,,,,,,,,,,,,,,,,,,,,,,,,,,,,,,,,,,,,,,,,,,,,,,,,,,,,,,,,,,,,,,,,,,,,,,,,,,,,,,,,,,,,,,,,,,,,,,,,,7,0,,,,,,,,,,,,,,,,,,,,,,,,,,,,,,,,,,,,,,,,,,,,,,,,,,,,,,,,,,,,,,,,,,,,,,,0,,,,,,,,,,,,,,,,,,,,,,,,,,,,,,,,,,,,,,,,,,,SAMMSG_MINPWDLEN_SETTINGS_IN_EFFECT,,,,,,,,,,,,,,,,,,,,,
2026-03-26T05:45:28.796537Z,16977,dc.danglingtree.htb,Microsoft-Windows-Directory-Services-SAM,System,1280,4,,,,,,,,,,,,,,,,,,,,,,,,,,,,,,,,,,,,,,,,,,,,,,,,,,,,,,,,,,,,,,,,,,,,,,,,,,,,,,,,,,,,,,,,,,,,,,,,,,,,,,,,,,,,,,,,,,,,,7,-1,,,,,,,,,,,,,,,,,,,,,,,,,,,,,,,,,,,,,,,,,,,,,,,,,,,,,,,,,,,,,,,,,,,,,,,0,,,,,,,,,,,,,,,,,,,,,,,,,,,,,,,,,,,,,,,,,,,SAMMSG_MINPWDLEN_SETTINGS_IN_EFFECT,,,,,,,,,,,,,,,,,,,,,
2026-03-26T05:45:28.796539Z,16983,dc.danglingtree.htb,Microsoft-Windows-Directory-Services-SAM,System,1281,4,,,,,,,,,,,,,,,,,,,,,,,,,,,,,,,,,,,,,,,,,,,,,,,,,,,,,,,,,,,,,,,,,,,,,,,,,,,,,,,,,,,,,,,,,,,,,,,,,,,,,,,,,,,,,,,,,,,,,,,,,,,,SAMMSG_AUDIT_LEGACY_PWD_RPC_METHODS_OFF,,,,,,,,,,,,,,,,,,,,,,,,,,,,,,,,,,,,,,,,,,,,,,,,,,,,,,,,,,,,,,,,,,,,,,,,,,,,,,,,,,,,,,,,,,,,,,,,,,,,,,,,,,,,,,,,,,,,,,,,,,,,,,,,,
2026-03-26T05:45:28.806298Z,16993,dc.danglingtree.htb,Microsoft-Windows-Directory-Services-SAM,System,1282,4,,,,,,,,,,,,,,,,,,,,,,,,,,,,,,,,,,,,,,,,,,,,,,,,,,,,,,,,,,,,,,,,,,,,,,,,,,,,,,,,,,,,,,,,,,,,,,,,,,,,,,,,,,,,,,,,,,,,,,,,,,,,SAMMSG_LAPS_INIT_SUCCESS,,,,,,,,,,,,,,,,,,,,,,,,,,,,,,,,,,,,,,,,,,,,,,,,,,,,,,,,,,,,,,,,,,,,,,,,,,,,,,,,,,,,,,,,,,,,,,,,,,,,,,,,,,,,,,,,,,,,,,,,,,,,,,,,,
2026-03-26T05:45:28.854685Z,"{'#attributes': {'Qualifiers': 16384}, '#text': 7036}",dc.danglingtree.htb,Service Control Manager,System,1283,4,,,,,,,,,,50006C007500670050006C00610079002F0034000000,,,,,,,,,,,,,,,,,,,,,,,,,,,,,,,,,,,,,,,,,,,,,,,,,,,,,,,,,,,,,,,,,,,,,,,,,,,,,,,,,,,,,,,,,,,,,,,,,,,,,,,,,,,,,,,,,,,,,,,,,,,,,,,,,,,,,,,,,,,,,,,,,,,,,,,,,,,,,,,,,,,,,,,,,,,,,,,,,,,,,,,,,,,,,,,,,,,,,,,,,,,,,,,,,,,,,,,,,,,,,,,,,,PlugPlay,,,running,,,,,,,,,,,,,,
2026-03-26T05:45:28.872872Z,"{'#attributes': {'Qualifiers': 16384}, '#text': 7036}",dc.danglingtree.htb,Service Control Manager,System,1284,4,,,,,,,,,,50006F007700650072002F0034000000,,,,,,,,,,,,,,,,,,,,,,,,,,,,,,,,,,,,,,,,,,,,,,,,,,,,,,,,,,,,,,,,,,,,,,,,,,,,,,,,,,,,,,,,,,,,,,,,,,,,,,,,,,,,,,,,,,,,,,,,,,,,,,,,,,,,,,,,,,,,,,,,,,,,,,,,,,,,,,,,,,,,,,,,,,,,,,,,,,,,,,,,,,,,,,,,,,,,,,,,,,,,,,,,,,,,,,,,,,,,,,,,,,Power,,,running,,,,,,,,,,,,,,
2026-03-26T05:45:28.891908Z,"{'#attributes': {'Qualifiers': 16384}, '#text': 7036}",dc.danglingtree.htb,Service Control Manager,System,1285,4,,,,,,,,,,440063006F006D004C00610075006E00630068002F0034000000,,,,,,,,,,,,,,,,,,,,,,,,,,,,,,,,,,,,,,,,,,,,,,,,,,,,,,,,,,,,,,,,,,,,,,,,,,,,,,,,,,,,,,,,,,,,,,,,,,,,,,,,,,,,,,,,,,,,,,,,,,,,,,,,,,,,,,,,,,,,,,,,,,,,,,,,,,,,,,,,,,,,,,,,,,,,,,,,,,,,,,,,,,,,,,,,,,,,,,,,,,,,,,,,,,,,,,,,,,,,,,,,,,DcomLaunch,,,running,,,,,,,,,,,,,,
2026-03-26T05:45:28.934770Z,"{'#attributes': {'Qualifiers': 16384}, '#text': 7036}",dc.danglingtree.htb,Service Control Manager,System,1286,4,,,,,,,,,,5200700063004500700074004D00610070007000650072002F0034000000,,,,,,,,,,,,,,,,,,,,,,,,,,,,,,,,,,,,,,,,,,,,,,,,,,,,,,,,,,,,,,,,,,,,,,,,,,,,,,,,,,,,,,,,,,,,,,,,,,,,,,,,,,,,,,,,,,,,,,,,,,,,,,,,,,,,,,,,,,,,,,,,,,,,,,,,,,,,,,,,,,,,,,,,,,,,,,,,,,,,,,,,,,,,,,,,,,,,,,,,,,,,,,,,,,,,,,,,,,,,,,,,,,RpcEptMapper,,,running,,,,,,,,,,,,,,
2026-03-26T05:45:28.946734Z,"{'#attributes': {'Qualifiers': 16384}, '#text': 7036}",dc.danglingtree.htb,Service Control Manager,System,1287,4,,,,,,,,,,520070006300530073002F0034000000,,,,,,,,,,,,,,,,,,,,,,,,,,,,,,,,,,,,,,,,,,,,,,,,,,,,,,,,,,,,,,,,,,,,,,,,,,,,,,,,,,,,,,,,,,,,,,,,,,,,,,,,,,,,,,,,,,,,,,,,,,,,,,,,,,,,,,,,,,,,,,,,,,,,,,,,,,,,,,,,,,,,,,,,,,,,,,,,,,,,,,,,,,,,,,,,,,,,,,,,,,,,,,,,,,,,,,,,,,,,,,,,,,RpcSs,,,running,,,,,,,,,,,,,,
2026-03-26T05:45:28.995070Z,"{'#attributes': {'Qualifiers': 16384}, '#text': 7036}",dc.danglingtree.htb,Service Control Manager,System,1288,4,,,,,,,,,,4C0053004D002F0034000000,,,,,,,,,,,,,,,,,,,,,,,,,,,,,,,,,,,,,,,,,,,,,,,,,,,,,,,,,,,,,,,,,,,,,,,,,,,,,,,,,,,,,,,,,,,,,,,,,,,,,,,,,,,,,,,,,,,,,,,,,,,,,,,,,,,,,,,,,,,,,,,,,,,,,,,,,,,,,,,,,,,,,,,,,,,,,,,,,,,,,,,,,,,,,,,,,,,,,,,,,,,,,,,,,,,,,,,,,,,,,,,,,,LSM,,,running,,,,,,,,,,,,,,
2026-03-26T05:45:29.038044Z,"{'#attributes': {'Qualifiers': 16384}, '#text': 7036}",dc.danglingtree.htb,Service Control Manager,System,1289,4,,,,,,,,,,420072006F006B006500720049006E006600720061007300740072007500630074007500720065002F0034000000,,,,,,,,,,,,,,,,,,,,,,,,,,,,,,,,,,,,,,,,,,,,,,,,,,,,,,,,,,,,,,,,,,,,,,,,,,,,,,,,,,,,,,,,,,,,,,,,,,,,,,,,,,,,,,,,,,,,,,,,,,,,,,,,,,,,,,,,,,,,,,,,,,,,,,,,,,,,,,,,,,,,,,,,,,,,,,,,,,,,,,,,,,,,,,,,,,,,,,,,,,,,,,,,,,,,,,,,,,,,,,,,,,BrokerInfrastructure,,,running,,,,,,,,,,,,,,
2026-03-26T05:45:29.052682Z,"{'#attributes': {'Qualifiers': 16384}, '#text': 7036}",dc.danglingtree.htb,Service Control Manager,System,1290,4,,,,,,,,,,530079007300740065006D004500760065006E0074007300420072006F006B00650072002F0034000000,,,,,,,,,,,,,,,,,,,,,,,,,,,,,,,,,,,,,,,,,,,,,,,,,,,,,,,,,,,,,,,,,,,,,,,,,,,,,,,,,,,,,,,,,,,,,,,,,,,,,,,,,,,,,,,,,,,,,,,,,,,,,,,,,,,,,,,,,,,,,,,,,,,,,,,,,,,,,,,,,,,,,,,,,,,,,,,,,,,,,,,,,,,,,,,,,,,,,,,,,,,,,,,,,,,,,,,,,,,,,,,,,,SystemEventsBroker,,,running,,,,,,,,,,,,,,
2026-03-26T05:45:29.110533Z,"{'#attributes': {'Qualifiers': 16384}, '#text': 7036}",dc.danglingtree.htb,Service Control Manager,System,1291,4,,,,,,,,,,6E00730069002F0034000000,,,,,,,,,,,,,,,,,,,,,,,,,,,,,,,,,,,,,,,,,,,,,,,,,,,,,,,,,,,,,,,,,,,,,,,,,,,,,,,,,,,,,,,,,,,,,,,,,,,,,,,,,,,,,,,,,,,,,,,,,,,,,,,,,,,,,,,,,,,,,,,,,,,,,,,,,,,,,,,,,,,,,,,,,,,,,,,,,,,,,,,,,,,,,,,,,,,,,,,,,,,,,,,,,,,,,,,,,,,,,,,,,,nsi,,,running,,,,,,,,,,,,,,
2026-03-26T05:45:29.111376Z,"{'#attributes': {'Qualifiers': 16384}, '#text': 7036}",dc.danglingtree.htb,Service Control Manager,System,1292,4,,,,,,,,,,5000720069006E00740044006500760069006300650043006F006E00660069006700750072006100740069006F006E0053006500720076006900630065002F0034000000,,,,,,,,,,,,,,,,,,,,,,,,,,,,,,,,,,,,,,,,,,,,,,,,,,,,,,,,,,,,,,,,,,,,,,,,,,,,,,,,,,,,,,,,,,,,,,,,,,,,,,,,,,,,,,,,,,,,,,,,,,,,,,,,,,,,,,,,,,,,,,,,,,,,,,,,,,,,,,,,,,,,,,,,,,,,,,,,,,,,,,,,,,,,,,,,,,,,,,,,,,,,,,,,,,,,,,,,,,,,,,,,,,PrintDeviceConfigurationService,,,running,,,,,,,,,,,,,,
2026-03-26T05:45:29.116532Z,"{'#attributes': {'Qualifiers': 16384}, '#text': 7036}",dc.danglingtree.htb,Service Control Manager,System,1293,4,,,,,,,,,,6C006D0068006F007300740073002F0034000000,,,,,,,,,,,,,,,,,,,,,,,,,,,,,,,,,,,,,,,,,,,,,,,,,,,,,,,,,,,,,,,,,,,,,,,,,,,,,,,,,,,,,,,,,,,,,,,,,,,,,,,,,,,,,,,,,,,,,,,,,,,,,,,,,,,,,,,,,,,,,,,,,,,,,,,,,,,,,,,,,,,,,,,,,,,,,,,,,,,,,,,,,,,,,,,,,,,,,,,,,,,,,,,,,,,,,,,,,,,,,,,,,,lmhosts,,,running,,,,,,,,,,,,,,
2026-03-26T05:45:29.141082Z,"{'#attributes': {'Qualifiers': 16384}, '#text': 7036}",dc.danglingtree.htb,Service Control Manager,System,1294,4,,,,,,,,,,540069006D006500420072006F006B00650072005300760063002F0034000000,,,,,,,,,,,,,,,,,,,,,,,,,,,,,,,,,,,,,,,,,,,,,,,,,,,,,,,,,,,,,,,,,,,,,,,,,,,,,,,,,,,,,,,,,,,,,,,,,,,,,,,,,,,,,,,,,,,,,,,,,,,,,,,,,,,,,,,,,,,,,,,,,,,,,,,,,,,,,,,,,,,,,,,,,,,,,,,,,,,,,,,,,,,,,,,,,,,,,,,,,,,,,,,,,,,,,,,,,,,,,,,,,,TimeBrokerSvc,,,running,,,,,,,,,,,,,,
2026-03-26T05:45:29.151488Z,50036,dc.danglingtree.htb,Microsoft-Windows-Dhcp-Client,System,1295,4,,,,,,,,,,,,,,,,,,,,,,,,,,,,,,,,,,,,,,,,,,,,,,,,,,,,,,,,,,,,,,,,,,,,,,,,,,,,,,,,,,,,,,,,,,,,,,,,,,,,,,,,,,,,,,,,,,,,,,,,,,,,,,,,,,,,,,,,,,,,,,,,,,,,,,,,,,,,,,,,,,,,,,,,,,,,,,,,,,,,,,,,,,,,,,,,,,,,,,,,,,,,,,,,,,,,,,,,,,,,,,,,,,,,,,,,,,,,,,,,,,,,,,,,,,,,,
2026-03-26T05:45:29.151589Z,50103,dc.danglingtree.htb,Microsoft-Windows-Dhcp-Client,System,1296,4,,,,,,,,,,,,,,,,,,,,,,,,,,,,,,,,,,,,,,,,,,,,,,,,,,,,,,,,,,,,,,,,,,,,,,,,,,,,,,,,,,,,,,,,,,,,,,,,,,,,,,,,,,,,,,,,,,,,,,,,,,,,,,,,,,,,,,,,,,,,,,,,,,,,,,,,,,,,,,,,,,,,,,,,,,,,,,,,,,,,,,,,,,,,,,,,,,,,,,,,,,,,,,,,,,,,,,,,,,,,,,,,,,,,,,,,,,,,,,,,,,,,,,,,,,,,,
2026-03-26T05:45:29.151633Z,50036,dc.danglingtree.htb,Microsoft-Windows-Dhcp-Client,System,1297,4,,,,,,,,,,,,,,,,,,,,,,,,,,,,,,,,,,,,,,,,,,,,,,,,,,,,,,,,,,,,,,,,,,,,,,,,,,,,,,,,,,,,,,,,,,,,,,,,,,,,,,,,,,,,,,,,,,,,,,,,,,,,,,,,,,,,,,,,,,,,,,,,,,,,,,,,,,,,,,,,,,,,,,,,,,,,,,,,,,,,,,,,,,,,,,,,,,,,,,,,,,,,,,,,,,,,,,,,,,,,,,,,,,,,,,,,,,,,,,,,,,,,,,,,,,,,,
2026-03-26T05:45:29.154221Z,"{'#attributes': {'Qualifiers': 16384}, '#text': 7036}",dc.danglingtree.htb,Service Control Manager,System,1298,4,,,,,,,,,,44006E007300630061006300680065002F0034000000,,,,,,,,,,,,,,,,,,,,,,,,,,,,,,,,,,,,,,,,,,,,,,,,,,,,,,,,,,,,,,,,,,,,,,,,,,,,,,,,,,,,,,,,,,,,,,,,,,,,,,,,,,,,,,,,,,,,,,,,,,,,,,,,,,,,,,,,,,,,,,,,,,,,,,,,,,,,,,,,,,,,,,,,,,,,,,,,,,,,,,,,,,,,,,,,,,,,,,,,,,,,,,,,,,,,,,,,,,,,,,,,,,Dnscache,,,running,,,,,,,,,,,,,,
2026-03-26T05:45:29.165555Z,51046,dc.danglingtree.htb,Microsoft-Windows-DHCPv6-Client,System,1299,4,,,,,,,,,,,,,,,,,,,,,,,,,,,,,,,,,,,,,,,,,,,,,,,,,,,,,,,,,,,,,,,,,,,,,,,,,,,,,,,,,,,,,,,,,,,,,,,,,,,,,,,,,,,,,,,,,,,,,,,,,,,,,,,,,,,,,,,,,,,,,,,,,,,,,,,,,,,,,,,,,,,,,,,,,,,,,,,,,,,,,,,,,,,,,,,,,,,,,,,,,,,,,,,,,,,,,,,,,,,,,,,,,,,,,,,,,,,,,,,,,,,,,,,,,,,,,
2026-03-26T05:45:29.168386Z,"{'#attributes': {'Qualifiers': 16384}, '#text': 7036}",dc.danglingtree.htb,Service Control Manager,System,1300,4,,,,,,,,,,44006800630070002F0034000000,,,,,,,,,,,,,,,,,,,,,,,,,,,,,,,,,,,,,,,,,,,,,,,,,,,,,,,,,,,,,,,,,,,,,,,,,,,,,,,,,,,,,,,,,,,,,,,,,,,,,,,,,,,,,,,,,,,,,,,,,,,,,,,,,,,,,,,,,,,,,,,,,,,,,,,,,,,,,,,,,,,,,,,,,,,,,,,,,,,,,,,,,,,,,,,,,,,,,,,,,,,,,,,,,,,,,,,,,,,,,,,,,,Dhcp,,,running,,,,,,,,,,,,,,
2026-03-26T05:45:29.186505Z,"{'#attributes': {'Qualifiers': 16384}, '#text': 7036}",dc.danglingtree.htb,Service Control Manager,System,1301,4,,,,,,,,,,6E0065007400700072006F0066006D002F0034000000,,,,,,,,,,,,,,,,,,,,,,,,,,,,,,,,,,,,,,,,,,,,,,,,,,,,,,,,,,,,,,,,,,,,,,,,,,,,,,,,,,,,,,,,,,,,,,,,,,,,,,,,,,,,,,,,,,,,,,,,,,,,,,,,,,,,,,,,,,,,,,,,,,,,,,,,,,,,,,,,,,,,,,,,,,,,,,,,,,,,,,,,,,,,,,,,,,,,,,,,,,,,,,,,,,,,,,,,,,,,,,,,,,netprofm,,,running,,,,,,,,,,,,,,
2026-03-26T05:45:29.195712Z,6,dc.danglingtree.htb,Microsoft-Windows-FilterManager,System,1302,4,,,,,,,,,,,,,,,,,,,,,,,,,,,,,,,,,,,,,,,,,,,,,,,,,,,,bfs,3,,2078-10-20T10:48:06.000000Z,10,0,,,,,,,,,,,,,,,,,,,,,,,0x0,,,,,,,,,,,,,,,,,,,,,,,,,,,,,,,,,,,,,,,,,,,,,,,,,,,,,,,,,,,,,,,,,,,,,,,,,,,,,,,,,,,,,,,,,,,,,,,,,,,,,,,,,,,,,,,,,,,,,,,,,,,,,,,,,,,,,,,,,,,,,,,,,,,,,,,,,,,,,,,,,,,,,,,,,,,,,
2026-03-26T05:45:29.203598Z,6,dc.danglingtree.htb,Microsoft-Windows-FilterManager,System,1303,4,,,,,,,,,,,,,,,,,,,,,,,,,,,,,,,,,,,,,,,,,,,,,,,,,,,,wcifs,5,,2016-12-16T21:06:51.000000Z,10,0,,,,,,,,,,,,,,,,,,,,,,,0x0,,,,,,,,,,,,,,,,,,,,,,,,,,,,,,,,,,,,,,,,,,,,,,,,,,,,,,,,,,,,,,,,,,,,,,,,,,,,,,,,,,,,,,,,,,,,,,,,,,,,,,,,,,,,,,,,,,,,,,,,,,,,,,,,,,,,,,,,,,,,,,,,,,,,,,,,,,,,,,,,,,,,,,,,,,,,,
2026-03-26T05:45:29.212441Z,6,dc.danglingtree.htb,Microsoft-Windows-FilterManager,System,1304,4,,,,,,,,,,,,,,,,,,,,,,,,,,,,,,,,,,,,,,,,,,,,,,,,,,,,luafv,5,,2008-10-01T17:58:34.000000Z,10,0,,,,,,,,,,,,,,,,,,,,,,,0x0,,,,,,,,,,,,,,,,,,,,,,,,,,,,,,,,,,,,,,,,,,,,,,,,,,,,,,,,,,,,,,,,,,,,,,,,,,,,,,,,,,,,,,,,,,,,,,,,,,,,,,,,,,,,,,,,,,,,,,,,,,,,,,,,,,,,,,,,,,,,,,,,,,,,,,,,,,,,,,,,,,,,,,,,,,,,,
2026-03-26T05:45:29.227574Z,6,dc.danglingtree.htb,Microsoft-Windows-FilterManager,System,1305,4,,,,,,,,,,,,,,,,,,,,,,,,,,,,,,,,,,,,,,,,,,,,,,,,,,,,CldFlt,6,,2048-02-26T16:08:07.000000Z,10,0,,,,,,,,,,,,,,,,,,,,,,,0x0,,,,,,,,,,,,,,,,,,,,,,,,,,,,,,,,,,,,,,,,,,,,,,,,,,,,,,,,,,,,,,,,,,,,,,,,,,,,,,,,,,,,,,,,,,,,,,,,,,,,,,,,,,,,,,,,,,,,,,,,,,,,,,,,,,,,,,,,,,,,,,,,,,,,,,,,,,,,,,,,,,,,,,,,,,,,,
2026-03-26T05:45:29.227587Z,1,dc.danglingtree.htb,Microsoft-Windows-FilterManager,System,1306,4,,,,,,,,,,,,,,,,,,,,,,,,,,,,,,,,,,,,,,,,,,,,,,,,,,,,CldFlt,6,,2048-02-26T16:08:07.000000Z,10,0,,,,,,,,,,,,,,,,,,,,,,,0x0,,,,,,,,,,,,,,,,,,,,,,,,,,,,,,,,,,,,,,,,,,,,,,,,,,,,,,,,,,,,,,,,,,,,,,,,,,,,,,,,,,,,,,,,,,,,,,,,,,,,,,,,,,,,,,,,,,,,,,,,,,,,,,,,,,,,,,,,,,,,,,,,,,,,,,,,,,,,,,,,,,,,,,,,,,,,,
2026-03-26T05:45:29.230518Z,6,dc.danglingtree.htb,Microsoft-Windows-FilterManager,System,1307,4,,,,,,,,,,,,,,,,,,,,,,,,,,,,,,,,,,,,,,,,,,,,,,,,,,,,CldFlt,6,,2048-02-26T16:08:07.000000Z,10,0,,,,,,,,,,,,,,,,,,,,,,,0x0,,,,,,,,,,,,,,,,,,,,,,,,,,,,,,,,,,,,,,,,,,,,,,,,,,,,,,,,,,,,,,,,,,,,,,,,,,,,,,,,,,,,,,,,,,,,,,,,,,,,,,,,,,,,,,,,,,,,,,,,,,,,,,,,,,,,,,,,,,,,,,,,,,,,,,,,,,,,,,,,,,,,,,,,,,,,,
2026-03-26T05:45:29.230870Z,6,dc.danglingtree.htb,Microsoft-Windows-FilterManager,System,1308,4,,,,,,,,,,,,,,,,,,,,,,,,,,,,,,,,,,,,,,,,,,,,,,,,,,,,UnionFS,7,,2047-02-21T04:01:20.000000Z,10,0,,,,,,,,,,,,,,,,,,,,,,,0x0,,,,,,,,,,,,,,,,,,,,,,,,,,,,,,,,,,,,,,,,,,,,,,,,,,,,,,,,,,,,,,,,,,,,,,,,,,,,,,,,,,,,,,,,,,,,,,,,,,,,,,,,,,,,,,,,,,,,,,,,,,,,,,,,,,,,,,,,,,,,,,,,,,,,,,,,,,,,,,,,,,,,,,,,,,,,,
2026-03-26T05:45:29.236466Z,6,dc.danglingtree.htb,Microsoft-Windows-FilterManager,System,1309,4,,,,,,,,,,,,,,,,,,,,,,,,,,,,,,,,,,,,,,,,,,,,,,,,,,,,storqosflt,10,,2021-03-19T03:47:34.000000Z,10,0,,,,,,,,,,,,,,,,,,,,,,,0x0,,,,,,,,,,,,,,,,,,,,,,,,,,,,,,,,,,,,,,,,,,,,,,,,,,,,,,,,,,,,,,,,,,,,,,,,,,,,,,,,,,,,,,,,,,,,,,,,,,,,,,,,,,,,,,,,,,,,,,,,,,,,,,,,,,,,,,,,,,,,,,,,,,,,,,,,,,,,,,,,,,,,,,,,,,,,,
2026-03-26T05:45:29.244139Z,6,dc.danglingtree.htb,Microsoft-Windows-FilterManager,System,1310,4,,,,,,,,,,,,,,,,,,,,,,,,,,,,,,,,,,,,,,,,,,,,,,,,,,,,bindflt,7,,2010-01-25T12:51:53.000000Z,10,0,,,,,,,,,,,,,,,,,,,,,,,0x0,,,,,,,,,,,,,,,,,,,,,,,,,,,,,,,,,,,,,,,,,,,,,,,,,,,,,,,,,,,,,,,,,,,,,,,,,,,,,,,,,,,,,,,,,,,,,,,,,,,,,,,,,,,,,,,,,,,,,,,,,,,,,,,,,,,,,,,,,,,,,,,,,,,,,,,,,,,,,,,,,,,,,,,,,,,,,
2026-03-26T05:45:29.245692Z,"{'#attributes': {'Qualifiers': 16384}, '#text': 7036}",dc.danglingtree.htb,Service Control Manager,System,1311,4,,,,,,,,,,4E005400440053002F0034000000,,,,,,,,,,,,,,,,,,,,,,,,,,,,,,,,,,,,,,,,,,,,,,,,,,,,,,,,,,,,,,,,,,,,,,,,,,,,,,,,,,,,,,,,,,,,,,,,,,,,,,,,,,,,,,,,,,,,,,,,,,,,,,,,,,,,,,,,,,,,,,,,,,,,,,,,,,,,,,,,,,,,,,,,,,,,,,,,,,,,,,,,,,,,,,,,,,,,,,,,,,,,,,,,,,,,,,,,,,,,,,,,,,NTDS,,,running,,,,,,,,,,,,,,
2026-03-26T05:45:29.248965Z,1014,dc.danglingtree.htb,Microsoft-Windows-DNS-Client,System,1312,3,,,,,1700000000000000000000000000000000000000000000010000000000000000000000000000000000000000000000000000000000000000000000000000000000000000000000000000000000000000000000000000000000000000000000000000000000000000000000000000000000000000000000000000000000000000,128,,,,,,,,,,,,,,,,,,1448,,,,,,,,,,,,,,,,,,,,,,,,,,,,,,,,,,,,,,,,,,,,,,,,,,,,,,,,,,,,,,,,,,,,,,,,,,,,,,,,,,,,,,,,,,,,,,,,,,,,,,,,,,,,,,,,,,,,,,,,,,,,,,,,,,,,,,,,,,,,,,,,,,,,,,,,,,,,,,,,,,_ldap._tcp.dc._msdcs.danglingtree.htb.,,,,,,,,,,,,,,,,,,,,,,,,,,,,,,,,,,,,,,,,,,,,,,,,,,,,,,,,,,,,,,,,,,,
2026-03-26T05:45:29.254033Z,"{'#attributes': {'Qualifiers': 16384}, '#text': 7036}",dc.danglingtree.htb,Service Control Manager,System,1313,4,,,,,,,,,,57005000440042007500730045006E0075006D002F0034000000,,,,,,,,,,,,,,,,,,,,,,,,,,,,,,,,,,,,,,,,,,,,,,,,,,,,,,,,,,,,,,,,,,,,,,,,,,,,,,,,,,,,,,,,,,,,,,,,,,,,,,,,,,,,,,,,,,,,,,,,,,,,,,,,,,,,,,,,,,,,,,,,,,,,,,,,,,,,,,,,,,,,,,,,,,,,,,,,,,,,,,,,,,,,,,,,,,,,,,,,,,,,,,,,,,,,,,,,,,,,,,,,,,WPDBusEnum,,,running,,,,,,,,,,,,,,
2026-03-26T05:45:29.264004Z,"{'#attributes': {'Qualifiers': 16384}, '#text': 7036}",dc.danglingtree.htb,Service Control Manager,System,1314,4,,,,,,,,,,440073006D005300760063002F0034000000,,,,,,,,,,,,,,,,,,,,,,,,,,,,,,,,,,,,,,,,,,,,,,,,,,,,,,,,,,,,,,,,,,,,,,,,,,,,,,,,,,,,,,,,,,,,,,,,,,,,,,,,,,,,,,,,,,,,,,,,,,,,,,,,,,,,,,,,,,,,,,,,,,,,,,,,,,,,,,,,,,,,,,,,,,,,,,,,,,,,,,,,,,,,,,,,,,,,,,,,,,,,,,,,,,,,,,,,,,,,,,,,,,DsmSvc,,,running,,,,,,,,,,,,,,
2026-03-26T05:45:29.264004Z,"{'#attributes': {'Qualifiers': 16384}, '#text': 7036}",dc.danglingtree.htb,Service Control Manager,System,1315,4,,,,,,,,,,4E006300620053006500720076006900630065002F0034000000,,,,,,,,,,,,,,,,,,,,,,,,,,,,,,,,,,,,,,,,,,,,,,,,,,,,,,,,,,,,,,,,,,,,,,,,,,,,,,,,,,,,,,,,,,,,,,,,,,,,,,,,,,,,,,,,,,,,,,,,,,,,,,,,,,,,,,,,,,,,,,,,,,,,,,,,,,,,,,,,,,,,,,,,,,,,,,,,,,,,,,,,,,,,,,,,,,,,,,,,,,,,,,,,,,,,,,,,,,,,,,,,,,NcbService,,,running,,,,,,,,,,,,,,
2026-03-26T05:45:29.283012Z,"{'#attributes': {'Qualifiers': 16384}, '#text': 7036}",dc.danglingtree.htb,Service Control Manager,System,1316,4,,,,,,,,,,570069006E0048007400740070004100750074006F00500072006F00780079005300760063002F0034000000,,,,,,,,,,,,,,,,,,,,,,,,,,,,,,,,,,,,,,,,,,,,,,,,,,,,,,,,,,,,,,,,,,,,,,,,,,,,,,,,,,,,,,,,,,,,,,,,,,,,,,,,,,,,,,,,,,,,,,,,,,,,,,,,,,,,,,,,,,,,,,,,,,,,,,,,,,,,,,,,,,,,,,,,,,,,,,,,,,,,,,,,,,,,,,,,,,,,,,,,,,,,,,,,,,,,,,,,,,,,,,,,,,WinHttpAutoProxySvc,,,running,,,,,,,,,,,,,,
2026-03-26T05:45:29.302696Z,"{'#attributes': {'Qualifiers': 16384}, '#text': 7036}",dc.danglingtree.htb,Service Control Manager,System,1317,4,,,,,,,,,,5400680065006D00650073002F0034000000,,,,,,,,,,,,,,,,,,,,,,,,,,,,,,,,,,,,,,,,,,,,,,,,,,,,,,,,,,,,,,,,,,,,,,,,,,,,,,,,,,,,,,,,,,,,,,,,,,,,,,,,,,,,,,,,,,,,,,,,,,,,,,,,,,,,,,,,,,,,,,,,,,,,,,,,,,,,,,,,,,,,,,,,,,,,,,,,,,,,,,,,,,,,,,,,,,,,,,,,,,,,,,,,,,,,,,,,,,,,,,,,,,Themes,,,running,,,,,,,,,,,,,,
2026-03-26T05:45:29.306577Z,"{'#attributes': {'Qualifiers': 16384}, '#text': 7036}",dc.danglingtree.htb,Service Control Manager,System,1318,4,,,,,,,,,,4500760065006E007400530079007300740065006D002F0034000000,,,,,,,,,,,,,,,,,,,,,,,,,,,,,,,,,,,,,,,,,,,,,,,,,,,,,,,,,,,,,,,,,,,,,,,,,,,,,,,,,,,,,,,,,,,,,,,,,,,,,,,,,,,,,,,,,,,,,,,,,,,,,,,,,,,,,,,,,,,,,,,,,,,,,,,,,,,,,,,,,,,,,,,,,,,,,,,,,,,,,,,,,,,,,,,,,,,,,,,,,,,,,,,,,,,,,,,,,,,,,,,,,,EventSystem,,,running,,,,,,,,,,,,,,
2026-03-26T05:45:29.314735Z,"{'#attributes': {'Qualifiers': 16384}, '#text': 7036}",dc.danglingtree.htb,Service Control Manager,System,1319,4,,,,,,,,,,500072006F0066005300760063002F0034000000,,,,,,,,,,,,,,,,,,,,,,,,,,,,,,,,,,,,,,,,,,,,,,,,,,,,,,,,,,,,,,,,,,,,,,,,,,,,,,,,,,,,,,,,,,,,,,,,,,,,,,,,,,,,,,,,,,,,,,,,,,,,,,,,,,,,,,,,,,,,,,,,,,,,,,,,,,,,,,,,,,,,,,,,,,,,,,,,,,,,,,,,,,,,,,,,,,,,,,,,,,,,,,,,,,,,,,,,,,,,,,,,,,ProfSvc,,,running,,,,,,,,,,,,,,
2026-03-26T05:45:29.315487Z,"{'#attributes': {'Qualifiers': 16384}, '#text': 7036}",dc.danglingtree.htb,Service Control Manager,System,1320,4,,,,,,,,,,670070007300760063002F0034000000,,,,,,,,,,,,,,,,,,,,,,,,,,,,,,,,,,,,,,,,,,,,,,,,,,,,,,,,,,,,,,,,,,,,,,,,,,,,,,,,,,,,,,,,,,,,,,,,,,,,,,,,,,,,,,,,,,,,,,,,,,,,,,,,,,,,,,,,,,,,,,,,,,,,,,,,,,,,,,,,,,,,,,,,,,,,,,,,,,,,,,,,,,,,,,,,,,,,,,,,,,,,,,,,,,,,,,,,,,,,,,,,,,gpsvc,,,running,,,,,,,,,,,,,,
2026-03-26T05:45:29.325761Z,"{'#attributes': {'Qualifiers': 16384}, '#text': 7036}",dc.danglingtree.htb,Service Control Manager,System,1321,4,,,,,,,,,,530045004E0053002F0034000000,,,,,,,,,,,,,,,,,,,,,,,,,,,,,,,,,,,,,,,,,,,,,,,,,,,,,,,,,,,,,,,,,,,,,,,,,,,,,,,,,,,,,,,,,,,,,,,,,,,,,,,,,,,,,,,,,,,,,,,,,,,,,,,,,,,,,,,,,,,,,,,,,,,,,,,,,,,,,,,,,,,,,,,,,,,,,,,,,,,,,,,,,,,,,,,,,,,,,,,,,,,,,,,,,,,,,,,,,,,,,,,,,,SENS,,,running,,,,,,,,,,,,,,
2026-03-26T05:45:29.345007Z,"{'#attributes': {'Qualifiers': 16384}, '#text': 7036}",dc.danglingtree.htb,Service Control Manager,System,1322,4,,,,,,,,,,4500760065006E0074004C006F0067002F0034000000,,,,,,,,,,,,,,,,,,,,,,,,,,,,,,,,,,,,,,,,,,,,,,,,,,,,,,,,,,,,,,,,,,,,,,,,,,,,,,,,,,,,,,,,,,,,,,,,,,,,,,,,,,,,,,,,,,,,,,,,,,,,,,,,,,,,,,,,,,,,,,,,,,,,,,,,,,,,,,,,,,,,,,,,,,,,,,,,,,,,,,,,,,,,,,,,,,,,,,,,,,,,,,,,,,,,,,,,,,,,,,,,,,EventLog,,,running,,,,,,,,,,,,,,
2026-03-26T05:45:29.361567Z,"{'#attributes': {'Qualifiers': 16384}, '#text': 7036}",dc.danglingtree.htb,Service Control Manager,System,1323,4,,,,,,,,,,46006F006E007400430061006300680065002F0034000000,,,,,,,,,,,,,,,,,,,,,,,,,,,,,,,,,,,,,,,,,,,,,,,,,,,,,,,,,,,,,,,,,,,,,,,,,,,,,,,,,,,,,,,,,,,,,,,,,,,,,,,,,,,,,,,,,,,,,,,,,,,,,,,,,,,,,,,,,,,,,,,,,,,,,,,,,,,,,,,,,,,,,,,,,,,,,,,,,,,,,,,,,,,,,,,,,,,,,,,,,,,,,,,,,,,,,,,,,,,,,,,,,,FontCache,,,running,,,,,,,,,,,,,,
2026-03-26T05:45:29.390195Z,"{'#attributes': {'Qualifiers': 16384}, '#text': 7036}",dc.danglingtree.htb,Service Control Manager,System,1324,4,,,,,,,,,,41007500640069006F0045006E00640070006F0069006E0074004200750069006C006400650072002F0034000000,,,,,,,,,,,,,,,,,,,,,,,,,,,,,,,,,,,,,,,,,,,,,,,,,,,,,,,,,,,,,,,,,,,,,,,,,,,,,,,,,,,,,,,,,,,,,,,,,,,,,,,,,,,,,,,,,,,,,,,,,,,,,,,,,,,,,,,,,,,,,,,,,,,,,,,,,,,,,,,,,,,,,,,,,,,,,,,,,,,,,,,,,,,,,,,,,,,,,,,,,,,,,,,,,,,,,,,,,,,,,,,,,,AudioEndpointBuilder,,,running,,,,,,,,,,,,,,
2026-03-26T05:45:29.430218Z,"{'#attributes': {'Qualifiers': 16384}, '#text': 7036}",dc.danglingtree.htb,Service Control Manager,System,1325,4,,,,,,,,,,4200460045002F0034000000,,,,,,,,,,,,,,,,,,,,,,,,,,,,,,,,,,,,,,,,,,,,,,,,,,,,,,,,,,,,,,,,,,,,,,,,,,,,,,,,,,,,,,,,,,,,,,,,,,,,,,,,,,,,,,,,,,,,,,,,,,,,,,,,,,,,,,,,,,,,,,,,,,,,,,,,,,,,,,,,,,,,,,,,,,,,,,,,,,,,,,,,,,,,,,,,,,,,,,,,,,,,,,,,,,,,,,,,,,,,,,,,,,BFE,,,running,,,,,,,,,,,,,,
2026-03-26T05:45:29.461195Z,"{'#attributes': {'Qualifiers': 16384}, '#text': 7036}",dc.danglingtree.htb,Service Control Manager,System,1326,4,,,,,,,,,,540065007800740049006E007000750074004D0061006E006100670065006D0065006E00740053006500720076006900630065002F0034000000,,,,,,,,,,,,,,,,,,,,,,,,,,,,,,,,,,,,,,,,,,,,,,,,,,,,,,,,,,,,,,,,,,,,,,,,,,,,,,,,,,,,,,,,,,,,,,,,,,,,,,,,,,,,,,,,,,,,,,,,,,,,,,,,,,,,,,,,,,,,,,,,,,,,,,,,,,,,,,,,,,,,,,,,,,,,,,,,,,,,,,,,,,,,,,,,,,,,,,,,,,,,,,,,,,,,,,,,,,,,,,,,,,TextInputManagementService,,,running,,,,,,,,,,,,,,
2026-03-26T05:45:29.468482Z,"{'#attributes': {'Qualifiers': 16384}, '#text': 7036}",dc.danglingtree.htb,Service Control Manager,System,1327,4,,,,,,,,,,5300630068006500640075006C0065002F0034000000,,,,,,,,,,,,,,,,,,,,,,,,,,,,,,,,,,,,,,,,,,,,,,,,,,,,,,,,,,,,,,,,,,,,,,,,,,,,,,,,,,,,,,,,,,,,,,,,,,,,,,,,,,,,,,,,,,,,,,,,,,,,,,,,,,,,,,,,,,,,,,,,,,,,,,,,,,,,,,,,,,,,,,,,,,,,,,,,,,,,,,,,,,,,,,,,,,,,,,,,,,,,,,,,,,,,,,,,,,,,,,,,,,Schedule,,,running,,,,,,,,,,,,,,
2026-03-26T05:45:29.489339Z,"{'#attributes': {'Qualifiers': 16384}, '#text': 7036}",dc.danglingtree.htb,Service Control Manager,System,1328,4,,,,,,,,,,41007500640069006F007300720076002F0034000000,,,,,,,,,,,,,,,,,,,,,,,,,,,,,,,,,,,,,,,,,,,,,,,,,,,,,,,,,,,,,,,,,,,,,,,,,,,,,,,,,,,,,,,,,,,,,,,,,,,,,,,,,,,,,,,,,,,,,,,,,,,,,,,,,,,,,,,,,,,,,,,,,,,,,,,,,,,,,,,,,,,,,,,,,,,,,,,,,,,,,,,,,,,,,,,,,,,,,,,,,,,,,,,,,,,,,,,,,,,,,,,,,,Audiosrv,,,running,,,,,,,,,,,,,,
2026-03-26T05:45:29.490739Z,"{'#attributes': {'Qualifiers': 16384}, '#text': 7036}",dc.danglingtree.htb,Service Control Manager,System,1329,4,,,,,,,,,,6900700068006C0070007300760063002F0034000000,,,,,,,,,,,,,,,,,,,,,,,,,,,,,,,,,,,,,,,,,,,,,,,,,,,,,,,,,,,,,,,,,,,,,,,,,,,,,,,,,,,,,,,,,,,,,,,,,,,,,,,,,,,,,,,,,,,,,,,,,,,,,,,,,,,,,,,,,,,,,,,,,,,,,,,,,,,,,,,,,,,,,,,,,,,,,,,,,,,,,,,,,,,,,,,,,,,,,,,,,,,,,,,,,,,,,,,,,,,,,,,,,,iphlpsvc,,,running,,,,,,,,,,,,,,
2026-03-26T05:45:29.548819Z,112,dc.danglingtree.htb,Microsoft-Windows-HttpService,System,1330,4,,,,,,,,,,,,,,,,,,,,,,,,,,,,,,,,,,,,,,,,,,,,,,,,,,,,,,,,,,,,,,,,,,,,,,,,,,,,,,,,,,,,,,,,,,,,,,,,,,,,,,,,,,,,,,,,,,,,,,,,,,,,,,,,,,,,,,,,,,,,,,,,,,,,,,,,,,,,,,,,,,,,,,,,,,,,,,,,,4,,,,,,,,,,,,,0,,,,,,,,,,,,,,,,,,,,,,,,,,,,,,,,,,,http://*:5357/,,S-1-5-18,,,,,,,,,,,,,,,,,,,,,,,,,,
2026-03-26T05:45:29.548836Z,112,dc.danglingtree.htb,Microsoft-Windows-HttpService,System,1331,4,,,,,,,,,,,,,,,,,,,,,,,,,,,,,,,,,,,,,,,,,,,,,,,,,,,,,,,,,,,,,,,,,,,,,,,,,,,,,,,,,,,,,,,,,,,,,,,,,,,,,,,,,,,,,,,,,,,,,,,,,,,,,,,,,,,,,,,,,,,,,,,,,,,,,,,,,,,,,,,,,,,,,,,,,,,,,,,,,4,,,,,,,,,,,,,0,,,,,,,,,,,,,,,,,,,,,,,,,,,,,,,,,,,http://+:80/Temporary_Listen_Addresses/,,S-1-5-18,,,,,,,,,,,,,,,,,,,,,,,,,,
2026-03-26T05:45:29.548844Z,112,dc.danglingtree.htb,Microsoft-Windows-HttpService,System,1332,4,,,,,,,,,,,,,,,,,,,,,,,,,,,,,,,,,,,,,,,,,,,,,,,,,,,,,,,,,,,,,,,,,,,,,,,,,,,,,,,,,,,,,,,,,,,,,,,,,,,,,,,,,,,,,,,,,,,,,,,,,,,,,,,,,,,,,,,,,,,,,,,,,,,,,,,,,,,,,,,,,,,,,,,,,,,,,,,,,4,,,,,,,,,,,,,0,,,,,,,,,,,,,,,,,,,,,,,,,,,,,,,,,,,https://*:5358/,,S-1-5-18,,,,,,,,,,,,,,,,,,,,,,,,,,
2026-03-26T05:45:29.548857Z,112,dc.danglingtree.htb,Microsoft-Windows-HttpService,System,1333,4,,,,,,,,,,,,,,,,,,,,,,,,,,,,,,,,,,,,,,,,,,,,,,,,,,,,,,,,,,,,,,,,,,,,,,,,,,,,,,,,,,,,,,,,,,,,,,,,,,,,,,,,,,,,,,,,,,,,,,,,,,,,,,,,,,,,,,,,,,,,,,,,,,,,,,,,,,,,,,,,,,,,,,,,,,,,,,,,,4,,,,,,,,,,,,,0,,,,,,,,,,,,,,,,,,,,,,,,,,,,,,,,,,,https://+:5986/wsman/,,S-1-5-18,,,,,,,,,,,,,,,,,,,,,,,,,,
2026-03-26T05:45:29.548865Z,112,dc.danglingtree.htb,Microsoft-Windows-HttpService,System,1334,4,,,,,,,,,,,,,,,,,,,,,,,,,,,,,,,,,,,,,,,,,,,,,,,,,,,,,,,,,,,,,,,,,,,,,,,,,,,,,,,,,,,,,,,,,,,,,,,,,,,,,,,,,,,,,,,,,,,,,,,,,,,,,,,,,,,,,,,,,,,,,,,,,,,,,,,,,,,,,,,,,,,,,,,,,,,,,,,,,4,,,,,,,,,,,,,0,,,,,,,,,,,,,,,,,,,,,,,,,,,,,,,,,,,http://+:47001/wsman/,,S-1-5-18,,,,,,,,,,,,,,,,,,,,,,,,,,
2026-03-26T05:45:29.548874Z,112,dc.danglingtree.htb,Microsoft-Windows-HttpService,System,1335,4,,,,,,,,,,,,,,,,,,,,,,,,,,,,,,,,,,,,,,,,,,,,,,,,,,,,,,,,,,,,,,,,,,,,,,,,,,,,,,,,,,,,,,,,,,,,,,,,,,,,,,,,,,,,,,,,,,,,,,,,,,,,,,,,,,,,,,,,,,,,,,,,,,,,,,,,,,,,,,,,,,,,,,,,,,,,,,,,,4,,,,,,,,,,,,,0,,,,,,,,,,,,,,,,,,,,,,,,,,,,,,,,,,,http://+:5985/wsman/,,S-1-5-18,,,,,,,,,,,,,,,,,,,,,,,,,,
2026-03-26T05:45:29.548882Z,112,dc.danglingtree.htb,Microsoft-Windows-HttpService,System,1336,4,,,,,,,,,,,,,,,,,,,,,,,,,,,,,,,,,,,,,,,,,,,,,,,,,,,,,,,,,,,,,,,,,,,,,,,,,,,,,,,,,,,,,,,,,,,,,,,,,,,,,,,,,,,,,,,,,,,,,,,,,,,,,,,,,,,,,,,,,,,,,,,,,,,,,,,,,,,,,,,,,,,,,,,,,,,,,,,,,4,,,,,,,,,,,,,0,,,,,,,,,,,,,,,,,,,,,,,,,,,,,,,,,,,http://*:2869/,,S-1-5-18,,,,,,,,,,,,,,,,,,,,,,,,,,
2026-03-26T05:45:29.548891Z,112,dc.danglingtree.htb,Microsoft-Windows-HttpService,System,1337,4,,,,,,,,,,,,,,,,,,,,,,,,,,,,,,,,,,,,,,,,,,,,,,,,,,,,,,,,,,,,,,,,,,,,,,,,,,,,,,,,,,,,,,,,,,,,,,,,,,,,,,,,,,,,,,,,,,,,,,,,,,,,,,,,,,,,,,,,,,,,,,,,,,,,,,,,,,,,,,,,,,,,,,,,,,,,,,,,,4,,,,,,,,,,,,,0,,,,,,,,,,,,,,,,,,,,,,,,,,,,,,,,,,,https://+:3392/rdp/,,S-1-5-18,,,,,,,,,,,,,,,,,,,,,,,,,,
2026-03-26T05:45:29.548900Z,112,dc.danglingtree.htb,Microsoft-Windows-HttpService,System,1338,4,,,,,,,,,,,,,,,,,,,,,,,,,,,,,,,,,,,,,,,,,,,,,,,,,,,,,,,,,,,,,,,,,,,,,,,,,,,,,,,,,,,,,,,,,,,,,,,,,,,,,,,,,,,,,,,,,,,,,,,,,,,,,,,,,,,,,,,,,,,,,,,,,,,,,,,,,,,,,,,,,,,,,,,,,,,,,,,,,4,,,,,,,,,,,,,0,,,,,,,,,,,,,,,,,,,,,,,,,,,,,,,,,,,http://+:3387/rdp/,,S-1-5-18,,,,,,,,,,,,,,,,,,,,,,,,,,
2026-03-26T05:45:29.548920Z,112,dc.danglingtree.htb,Microsoft-Windows-HttpService,System,1339,4,,,,,,,,,,,,,,,,,,,,,,,,,,,,,,,,,,,,,,,,,,,,,,,,,,,,,,,,,,,,,,,,,,,,,,,,,,,,,,,,,,,,,,,,,,,,,,,,,,,,,,,,,,,,,,,,,,,,,,,,,,,,,,,,,,,,,,,,,,,,,,,,,,,,,,,,,,,,,,,,,,,,,,,,,,,,,,,,,4,,,,,,,,,,,,,0,,,,,,,,,,,,,,,,,,,,,,,,,,,,,,,,,,,https://+:443/sra_{BA195980-CD49-458b-9E23-C84EE0ADCD75}/,,S-1-5-18,,,,,,,,,,,,,,,,,,,,,,,,,,
2026-03-26T05:45:29.548931Z,112,dc.danglingtree.htb,Microsoft-Windows-HttpService,System,1340,4,,,,,,,,,,,,,,,,,,,,,,,,,,,,,,,,,,,,,,,,,,,,,,,,,,,,,,,,,,,,,,,,,,,,,,,,,,,,,,,,,,,,,,,,,,,,,,,,,,,,,,,,,,,,,,,,,,,,,,,,,,,,,,,,,,,,,,,,,,,,,,,,,,,,,,,,,,,,,,,,,,,,,,,,,,,,,,,,,4,,,,,,,,,,,,,0,,,,,,,,,,,,,,,,,,,,,,,,,,,,,,,,,,,http://+:10247/apps/,,S-1-5-18,,,,,,,,,,,,,,,,,,,,,,,,,,
2026-03-26T05:45:29.548941Z,112,dc.danglingtree.htb,Microsoft-Windows-HttpService,System,1341,4,,,,,,,,,,,,,,,,,,,,,,,,,,,,,,,,,,,,,,,,,,,,,,,,,,,,,,,,,,,,,,,,,,,,,,,,,,,,,,,,,,,,,,,,,,,,,,,,,,,,,,,,,,,,,,,,,,,,,,,,,,,,,,,,,,,,,,,,,,,,,,,,,,,,,,,,,,,,,,,,,,,,,,,,,,,,,,,,,4,,,,,,,,,,,,,0,,,,,,,,,,,,,,,,,,,,,,,,,,,,,,,,,,,https://+:10245/WMPNSSv4/,,S-1-5-18,,,,,,,,,,,,,,,,,,,,,,,,,,
2026-03-26T05:45:29.549000Z,112,dc.danglingtree.htb,Microsoft-Windows-HttpService,System,1342,4,,,,,,,,,,,,,,,,,,,,,,,,,,,,,,,,,,,,,,,,,,,,,,,,,,,,,,,,,,,,,,,,,,,,,,,,,,,,,,,,,,,,,,,,,,,,,,,,,,,,,,,,,,,,,,,,,,,,,,,,,,,,,,,,,,,,,,,,,,,,,,,,,,,,,,,,,,,,,,,,,,,,,,,,,,,,,,,,,4,,,,,,,,,,,,,0,,,,,,,,,,,,,,,,,,,,,,,,,,,,,,,,,,,http://+:10243/WMPNSSv4/,,S-1-5-18,,,,,,,,,,,,,,,,,,,,,,,,,,
2026-03-26T05:45:29.549012Z,112,dc.danglingtree.htb,Microsoft-Windows-HttpService,System,1343,4,,,,,,,,,,,,,,,,,,,,,,,,,,,,,,,,,,,,,,,,,,,,,,,,,,,,,,,,,,,,,,,,,,,,,,,,,,,,,,,,,,,,,,,,,,,,,,,,,,,,,,,,,,,,,,,,,,,,,,,,,,,,,,,,,,,,,,,,,,,,,,,,,,,,,,,,,,,,,,,,,,,,,,,,,,,,,,,,,4,,,,,,,,,,,,,0,,,,,,,,,,,,,,,,,,,,,,,,,,,,,,,,,,,http://+:10246/MDEServer/,,S-1-5-18,,,,,,,,,,,,,,,,,,,,,,,,,,
2026-03-26T05:45:29.558946Z,"{'#attributes': {'Qualifiers': 16384}, '#text': 7036}",dc.danglingtree.htb,Service Control Manager,System,1344,4,,,,,,,,,,4E00630061005300760063002F0031000000,,,,,,,,,,,,,,,,,,,,,,,,,,,,,,,,,,,,,,,,,,,,,,,,,,,,,,,,,,,,,,,,,,,,,,,,,,,,,,,,,,,,,,,,,,,,,,,,,,,,,,,,,,,,,,,,,,,,,,,,,,,,,,,,,,,,,,,,,,,,,,,,,,,,,,,,,,,,,,,,,,,,,,,,,,,,,,,,,,,,,,,,,,,,,,,,,,,,,,,,,,,,,,,,,,,,,,,,,,,,,,,,,,NcaSvc,,,stopped,,,,,,,,,,,,,,
2026-03-26T05:45:29.565931Z,"{'#attributes': {'Qualifiers': 16384}, '#text': 7036}",dc.danglingtree.htb,Service Control Manager,System,1345,4,,,,,,,,,,5300680065006C006C004800570044006500740065006300740069006F006E002F0034000000,,,,,,,,,,,,,,,,,,,,,,,,,,,,,,,,,,,,,,,,,,,,,,,,,,,,,,,,,,,,,,,,,,,,,,,,,,,,,,,,,,,,,,,,,,,,,,,,,,,,,,,,,,,,,,,,,,,,,,,,,,,,,,,,,,,,,,,,,,,,,,,,,,,,,,,,,,,,,,,,,,,,,,,,,,,,,,,,,,,,,,,,,,,,,,,,,,,,,,,,,,,,,,,,,,,,,,,,,,,,,,,,,,ShellHWDetection,,,running,,,,,,,,,,,,,,
2026-03-26T05:45:29.587489Z,"{'#attributes': {'Qualifiers': 16384}, '#text': 7036}",dc.danglingtree.htb,Service Control Manager,System,1346,4,,,,,,,,,,570063006D007300760063002F0034000000,,,,,,,,,,,,,,,,,,,,,,,,,,,,,,,,,,,,,,,,,,,,,,,,,,,,,,,,,,,,,,,,,,,,,,,,,,,,,,,,,,,,,,,,,,,,,,,,,,,,,,,,,,,,,,,,,,,,,,,,,,,,,,,,,,,,,,,,,,,,,,,,,,,,,,,,,,,,,,,,,,,,,,,,,,,,,,,,,,,,,,,,,,,,,,,,,,,,,,,,,,,,,,,,,,,,,,,,,,,,,,,,,,Wcmsvc,,,running,,,,,,,,,,,,,,
2026-03-26T05:45:29.643022Z,"{'#attributes': {'Qualifiers': 16384}, '#text': 7036}",dc.danglingtree.htb,Service Control Manager,System,1347,4,,,,,,,,,,530070006F006F006C00650072002F0034000000,,,,,,,,,,,,,,,,,,,,,,,,,,,,,,,,,,,,,,,,,,,,,,,,,,,,,,,,,,,,,,,,,,,,,,,,,,,,,,,,,,,,,,,,,,,,,,,,,,,,,,,,,,,,,,,,,,,,,,,,,,,,,,,,,,,,,,,,,,,,,,,,,,,,,,,,,,,,,,,,,,,,,,,,,,,,,,,,,,,,,,,,,,,,,,,,,,,,,,,,,,,,,,,,,,,,,,,,,,,,,,,,,,Spooler,,,running,,,,,,,,,,,,,,
2026-03-26T05:45:29.667825Z,"{'#attributes': {'Qualifiers': 16384}, '#text': 7036}",dc.danglingtree.htb,Service Control Manager,System,1348,4,,,,,,,,,,4C0061006E006D0061006E0057006F0072006B00730074006100740069006F006E002F0034000000,,,,,,,,,,,,,,,,,,,,,,,,,,,,,,,,,,,,,,,,,,,,,,,,,,,,,,,,,,,,,,,,,,,,,,,,,,,,,,,,,,,,,,,,,,,,,,,,,,,,,,,,,,,,,,,,,,,,,,,,,,,,,,,,,,,,,,,,,,,,,,,,,,,,,,,,,,,,,,,,,,,,,,,,,,,,,,,,,,,,,,,,,,,,,,,,,,,,,,,,,,,,,,,,,,,,,,,,,,,,,,,,,,LanmanWorkstation,,,running,,,,,,,,,,,,,,
2026-03-26T05:45:29.667825Z,"{'#attributes': {'Qualifiers': 16384}, '#text': 7036}",dc.danglingtree.htb,Service Control Manager,System,1349,4,,,,,,,,,,6D00700073007300760063002F0034000000,,,,,,,,,,,,,,,,,,,,,,,,,,,,,,,,,,,,,,,,,,,,,,,,,,,,,,,,,,,,,,,,,,,,,,,,,,,,,,,,,,,,,,,,,,,,,,,,,,,,,,,,,,,,,,,,,,,,,,,,,,,,,,,,,,,,,,,,,,,,,,,,,,,,,,,,,,,,,,,,,,,,,,,,,,,,,,,,,,,,,,,,,,,,,,,,,,,,,,,,,,,,,,,,,,,,,,,,,,,,,,,,,,mpssvc,,,running,,,,,,,,,,,,,,
2026-03-26T05:45:29.667825Z,"{'#attributes': {'Qualifiers': 16384}, '#text': 7036}",dc.danglingtree.htb,Service Control Manager,System,1350,4,,,,,,,,,,4B00640063002F0034000000,,,,,,,,,,,,,,,,,,,,,,,,,,,,,,,,,,,,,,,,,,,,,,,,,,,,,,,,,,,,,,,,,,,,,,,,,,,,,,,,,,,,,,,,,,,,,,,,,,,,,,,,,,,,,,,,,,,,,,,,,,,,,,,,,,,,,,,,,,,,,,,,,,,,,,,,,,,,,,,,,,,,,,,,,,,,,,,,,,,,,,,,,,,,,,,,,,,,,,,,,,,,,,,,,,,,,,,,,,,,,,,,,,Kdc,,,running,,,,,,,,,,,,,,
2026-03-26T05:45:29.673351Z,"{'#attributes': {'Qualifiers': 16384}, '#text': 7036}",dc.danglingtree.htb,Service Control Manager,System,1351,4,,,,,,,,,,55007300650072004D0061006E0061006700650072002F0034000000,,,,,,,,,,,,,,,,,,,,,,,,,,,,,,,,,,,,,,,,,,,,,,,,,,,,,,,,,,,,,,,,,,,,,,,,,,,,,,,,,,,,,,,,,,,,,,,,,,,,,,,,,,,,,,,,,,,,,,,,,,,,,,,,,,,,,,,,,,,,,,,,,,,,,,,,,,,,,,,,,,,,,,,,,,,,,,,,,,,,,,,,,,,,,,,,,,,,,,,,,,,,,,,,,,,,,,,,,,,,,,,,,,UserManager,,,running,,,,,,,,,,,,,,
2026-03-26T05:45:29.683632Z,1014,dc.danglingtree.htb,Microsoft-Windows-DNS-Client,System,1352,3,,,,,1700000000000000000000000000000000000000000000010000000000000000000000000000000000000000000000000000000000000000000000000000000000000000000000000000000000000000000000000000000000000000000000000000000000000000000000000000000000000000000000000000000000000000,128,,,,,,,,,,,,,,,,,,2644,,,,,,,,,,,,,,,,,,,,,,,,,,,,,,,,,,,,,,,,,,,,,,,,,,,,,,,,,,,,,,,,,,,,,,,,,,,,,,,,,,,,,,,,,,,,,,,,,,,,,,,,,,,,,,,,,,,,,,,,,,,,,,,,,,,,,,,,,,,,,,,,,,,,,,,,,,,,,,,,,,_ldap._tcp.dc._msdcs.danglingtree.htb.,,,,,,,,,,,,,,,,,,,,,,,,,,,,,,,,,,,,,,,,,,,,,,,,,,,,,,,,,,,,,,,,,,,
2026-03-26T05:45:29.942533Z,"{'#attributes': {'Qualifiers': 16384}, '#text': 7036}",dc.danglingtree.htb,Service Control Manager,System,1353,4,,,,,,,,,,530074006100740065005200650070006F007300690074006F00720079002F0034000000,,,,,,,,,,,,,,,,,,,,,,,,,,,,,,,,,,,,,,,,,,,,,,,,,,,,,,,,,,,,,,,,,,,,,,,,,,,,,,,,,,,,,,,,,,,,,,,,,,,,,,,,,,,,,,,,,,,,,,,,,,,,,,,,,,,,,,,,,,,,,,,,,,,,,,,,,,,,,,,,,,,,,,,,,,,,,,,,,,,,,,,,,,,,,,,,,,,,,,,,,,,,,,,,,,,,,,,,,,,,,,,,,,StateRepository,,,running,,,,,,,,,,,,,,
2026-03-26T05:45:30.043792Z,"{'#attributes': {'Qualifiers': 16384}, '#text': 7036}",dc.danglingtree.htb,Service Control Manager,System,1354,4,,,,,,,,,,41007000700058005300760063002F0034000000,,,,,,,,,,,,,,,,,,,,,,,,,,,,,,,,,,,,,,,,,,,,,,,,,,,,,,,,,,,,,,,,,,,,,,,,,,,,,,,,,,,,,,,,,,,,,,,,,,,,,,,,,,,,,,,,,,,,,,,,,,,,,,,,,,,,,,,,,,,,,,,,,,,,,,,,,,,,,,,,,,,,,,,,,,,,,,,,,,,,,,,,,,,,,,,,,,,,,,,,,,,,,,,,,,,,,,,,,,,,,,,,,,AppXSvc,,,running,,,,,,,,,,,,,,
2026-03-26T05:45:30.121303Z,"{'#attributes': {'Qualifiers': 16384}, '#text': 7036}",dc.danglingtree.htb,Service Control Manager,System,1355,4,,,,,,,,,,49004B0045004500580054002F0034000000,,,,,,,,,,,,,,,,,,,,,,,,,,,,,,,,,,,,,,,,,,,,,,,,,,,,,,,,,,,,,,,,,,,,,,,,,,,,,,,,,,,,,,,,,,,,,,,,,,,,,,,,,,,,,,,,,,,,,,,,,,,,,,,,,,,,,,,,,,,,,,,,,,,,,,,,,,,,,,,,,,,,,,,,,,,,,,,,,,,,,,,,,,,,,,,,,,,,,,,,,,,,,,,,,,,,,,,,,,,,,,,,,,IKEEXT,,,running,,,,,,,,,,,,,,
2026-03-26T05:45:30.137830Z,"{'#attributes': {'Qualifiers': 16384}, '#text': 7036}",dc.danglingtree.htb,Service Control Manager,System,1356,4,,,,,,,,,,7300700070007300760063002F0034000000,,,,,,,,,,,,,,,,,,,,,,,,,,,,,,,,,,,,,,,,,,,,,,,,,,,,,,,,,,,,,,,,,,,,,,,,,,,,,,,,,,,,,,,,,,,,,,,,,,,,,,,,,,,,,,,,,,,,,,,,,,,,,,,,,,,,,,,,,,,,,,,,,,,,,,,,,,,,,,,,,,,,,,,,,,,,,,,,,,,,,,,,,,,,,,,,,,,,,,,,,,,,,,,,,,,,,,,,,,,,,,,,,,sppsvc,,,running,,,,,,,,,,,,,,
2026-03-26T05:45:30.151283Z,"{'#attributes': {'Qualifiers': 16384}, '#text': 7036}",dc.danglingtree.htb,Service Control Manager,System,1357,4,,,,,,,,,,50006F006C006900630079004100670065006E0074002F0034000000,,,,,,,,,,,,,,,,,,,,,,,,,,,,,,,,,,,,,,,,,,,,,,,,,,,,,,,,,,,,,,,,,,,,,,,,,,,,,,,,,,,,,,,,,,,,,,,,,,,,,,,,,,,,,,,,,,,,,,,,,,,,,,,,,,,,,,,,,,,,,,,,,,,,,,,,,,,,,,,,,,,,,,,,,,,,,,,,,,,,,,,,,,,,,,,,,,,,,,,,,,,,,,,,,,,,,,,,,,,,,,,,,,PolicyAgent,,,running,,,,,,,,,,,,,,
2026-03-26T05:45:30.393755Z,1014,dc.danglingtree.htb,Microsoft-Windows-DNS-Client,System,1358,3,,,,,1700000000000000000000000000000000000000000000010000000000000000000000000000000000000000000000000000000000000000000000000000000000000000000000000000000000000000000000000000000000000000000000000000000000000000000000000000000000000000000000000000000000000000,128,,,,,,,,,,,,,,,,,,1804,,,,,,,,,,,,,,,,,,,,,,,,,,,,,,,,,,,,,,,,,,,,,,,,,,,,,,,,,,,,,,,,,,,,,,,,,,,,,,,,,,,,,,,,,,,,,,,,,,,,,,,,,,,,,,,,,,,,,,,,,,,,,,,,,,,,,,,,,,,,,,,,,,,,,,,,,,,,,,,,,,wpad,,,,,,,,,,,,,,,,,,,,,,,,,,,,,,,,,,,,,,,,,,,,,,,,,,,,,,,,,,,,,,,,,,,
2026-03-26T05:45:30.564288Z,"{'#attributes': {'Qualifiers': 16384}, '#text': 7036}",dc.danglingtree.htb,Service Control Manager,System,1359,4,,,,,,,,,,4C006900630065006E00730065004D0061006E0061006700650072002F0034000000,,,,,,,,,,,,,,,,,,,,,,,,,,,,,,,,,,,,,,,,,,,,,,,,,,,,,,,,,,,,,,,,,,,,,,,,,,,,,,,,,,,,,,,,,,,,,,,,,,,,,,,,,,,,,,,,,,,,,,,,,,,,,,,,,,,,,,,,,,,,,,,,,,,,,,,,,,,,,,,,,,,,,,,,,,,,,,,,,,,,,,,,,,,,,,,,,,,,,,,,,,,,,,,,,,,,,,,,,,,,,,,,,,LicenseManager,,,running,,,,,,,,,,,,,,
2026-03-26T05:45:30.704868Z,"{'#attributes': {'Qualifiers': 16384}, '#text': 7036}",dc.danglingtree.htb,Service Control Manager,System,1360,4,,,,,,,,,,43006C00690070005300560043002F0034000000,,,,,,,,,,,,,,,,,,,,,,,,,,,,,,,,,,,,,,,,,,,,,,,,,,,,,,,,,,,,,,,,,,,,,,,,,,,,,,,,,,,,,,,,,,,,,,,,,,,,,,,,,,,,,,,,,,,,,,,,,,,,,,,,,,,,,,,,,,,,,,,,,,,,,,,,,,,,,,,,,,,,,,,,,,,,,,,,,,,,,,,,,,,,,,,,,,,,,,,,,,,,,,,,,,,,,,,,,,,,,,,,,,ClipSVC,,,running,,,,,,,,,,,,,,
2026-03-26T05:45:30.805657Z,"{'#attributes': {'Qualifiers': 16384}, '#text': 7036}",dc.danglingtree.htb,Service Control Manager,System,1361,4,,,,,,,,,,77006C00690064007300760063002F0034000000,,,,,,,,,,,,,,,,,,,,,,,,,,,,,,,,,,,,,,,,,,,,,,,,,,,,,,,,,,,,,,,,,,,,,,,,,,,,,,,,,,,,,,,,,,,,,,,,,,,,,,,,,,,,,,,,,,,,,,,,,,,,,,,,,,,,,,,,,,,,,,,,,,,,,,,,,,,,,,,,,,,,,,,,,,,,,,,,,,,,,,,,,,,,,,,,,,,,,,,,,,,,,,,,,,,,,,,,,,,,,,,,,,wlidsvc,,,running,,,,,,,,,,,,,,
2026-03-26T05:45:30.863613Z,"{'#attributes': {'Qualifiers': 16384}, '#text': 7036}",dc.danglingtree.htb,Service Control Manager,System,1362,4,,,,,,,,,,4B0065007900490073006F002F0034000000,,,,,,,,,,,,,,,,,,,,,,,,,,,,,,,,,,,,,,,,,,,,,,,,,,,,,,,,,,,,,,,,,,,,,,,,,,,,,,,,,,,,,,,,,,,,,,,,,,,,,,,,,,,,,,,,,,,,,,,,,,,,,,,,,,,,,,,,,,,,,,,,,,,,,,,,,,,,,,,,,,,,,,,,,,,,,,,,,,,,,,,,,,,,,,,,,,,,,,,,,,,,,,,,,,,,,,,,,,,,,,,,,,KeyIso,,,running,,,,,,,,,,,,,,
2026-03-26T05:45:39.121260Z,"{'#attributes': {'Qualifiers': 16384}, '#text': 14533}",dc.danglingtree.htb,Microsoft-Windows-DfsSvc,System,1363,4,,,,,,,,,,,,,,,,,,,,,,,,,,,,,,,,,,,,,,,,,,,,,,,,,,,,,,,,,,,,,,,,,,,,,,,,,,,,,,,,,,,,,,,,,,,,,,,,,,,,,,,,,,,,,,,,,,,,,,,,,,,,DfsFinishBuildingNamespace,,,,,,,,,,,,,,,,,,,,,,,,,,,,,,,,,,,,,,,,,,,,,,,,,,,,,,,,,,,,,,,,,,,,,,,,,,,,,,,,,,,,,,,,,,,,,,,,,,,,,,,,,,,,,,,,,,,,,,,,,,,,,,,,,
2026-03-26T05:45:39.123990Z,"{'#attributes': {'Qualifiers': 16384}, '#text': 14531}",dc.danglingtree.htb,Microsoft-Windows-DfsSvc,System,1364,4,,,,,,,,,,,,,,,,,,,,,,,,,,,,,,,,,,,,,,,,,,,,,,,,,,,,,,,,,,,,,,,,,,,,,,,,,,,,,,,,,,,,,,,,,,,,,,,,,,,,,,,,,,,,,,,,,,,,,,,,,,,,DfsFinishInit,,,,,,,,,,,,,,,,,,,,,,,,,,,,,,,,,,,,,,,,,,,,,,,,,,,,,,,,,,,,,,,,,,,,,,,,,,,,,,,,,,,,,,,,,,,,,,,,,,,,,,,,,,,,,,,,,,,,,,,,,,,,,,,,,
2026-03-26T05:45:39.197949Z,"{'#attributes': {'Qualifiers': 16384}, '#text': 5211}",dc.danglingtree.htb,Microsoft-Windows-WAS,System,1365,4,,,,,,,,,,,,,,,,,,,,,,,,,,,,,,,,,ConfigurationSystem,,,,,,,,,,,,,,,,,,,,,,,,,,,,,,,,,,,,,,,,,,,,,,,,,,,,,,,,,,,,,,,,,,,,,,,,,,,,,,,,,,,,,,,,,,,,,,,,,,,,,,,,,,,,,,,,,,,,,,,,,,,,,,,,,,,,,,,,,,,,,,,,,,,,,,,,,,,,,,,Classic,,,,,,,,,,,,,,,,,,,,,,,,,,,,,,,,,,,,,,,,,,,,,,,,,,,,,,,,,,,,,
2026-03-26T05:45:39.279068Z,"{'#attributes': {'Qualifiers': 7}, '#text': 10148}",dc.danglingtree.htb,Microsoft-Windows-WinRM,System,1366,4,,,,,,,,,,,,,,,,,,,,,,,,,,,,,,,,,,,,,,,,,,,,,,,,,,,,,,,,,,,,,,,,,,,,,,,,,,,,,,,,,,,,,,,,,,,,,,,,,,,,,,,,,,,,,,,,,,,,,,,,,,,,Started Listening,,,,,,,,,,,,,,,,,,,,,,,,,,,,,,,,,,,,,,,,,,,,,,,,,,,,,,,,,,,,,,,,,,,,,,,,,,,,,,,,,,,,,,,,,,,,,,,,,,,,,,,,,,,,,,,,,,,,,,,,,,,,,,,,,
2026-03-26T05:45:39.417723Z,"{'#attributes': {'Qualifiers': 16896}, '#text': 3}",dc.danglingtree.htb,Virtual Disk Service,System,1367,4,,,,,,,,,,,,,,,,,,,,,,,,,,,,,,,,,,,,,,,,@2010005,,,,,,,,,,,,,,,,,,,,,,,,,,,,,,,,,,,,,,,,,,,,,,,,,,,,,,,,,,,,,,,,,,,,,,,,,,,,,,,,,,,,,,,,,,,,,,,,,,,,,,,,,,,,,,,,,,,,,,,,,,,,,,,,,,,,,,,,,,,,,,,,,,,,,,,,,,,,,,,,,,,,,,,,,,,,,,,,,,,,,,,,,,,,,,,,,,,,,,,,,,,,,,,,,,,,,
2026-03-26T05:45:38.796783Z,"{'#attributes': {'Qualifiers': 16384}, '#text': 7036}",dc.danglingtree.htb,Service Control Manager,System,1368,4,,,,,,,,,,530061006D00530073002F0034000000,,,,,,,,,,,,,,,,,,,,,,,,,,,,,,,,,,,,,,,,,,,,,,,,,,,,,,,,,,,,,,,,,,,,,,,,,,,,,,,,,,,,,,,,,,,,,,,,,,,,,,,,,,,,,,,,,,,,,,,,,,,,,,,,,,,,,,,,,,,,,,,,,,,,,,,,,,,,,,,,,,,,,,,,,,,,,,,,,,,,,,,,,,,,,,,,,,,,,,,,,,,,,,,,,,,,,,,,,,,,,,,,,,SamSs,,,running,,,,,,,,,,,,,,
2026-03-26T05:45:38.844251Z,"{'#attributes': {'Qualifiers': 16384}, '#text': 7036}",dc.danglingtree.htb,Service Control Manager,System,1369,4,,,,,,,,,,4C0061006E006D0061006E005300650072007600650072002F0034000000,,,,,,,,,,,,,,,,,,,,,,,,,,,,,,,,,,,,,,,,,,,,,,,,,,,,,,,,,,,,,,,,,,,,,,,,,,,,,,,,,,,,,,,,,,,,,,,,,,,,,,,,,,,,,,,,,,,,,,,,,,,,,,,,,,,,,,,,,,,,,,,,,,,,,,,,,,,,,,,,,,,,,,,,,,,,,,,,,,,,,,,,,,,,,,,,,,,,,,,,,,,,,,,,,,,,,,,,,,,,,,,,,,LanmanServer,,,running,,,,,,,,,,,,,,
2026-03-26T05:45:38.915676Z,"{'#attributes': {'Qualifiers': 16384}, '#text': 7036}",dc.danglingtree.htb,Service Control Manager,System,1370,4,,,,,,,,,,520065006D006F0074006500520065006700690073007400720079002F0034000000,,,,,,,,,,,,,,,,,,,,,,,,,,,,,,,,,,,,,,,,,,,,,,,,,,,,,,,,,,,,,,,,,,,,,,,,,,,,,,,,,,,,,,,,,,,,,,,,,,,,,,,,,,,,,,,,,,,,,,,,,,,,,,,,,,,,,,,,,,,,,,,,,,,,,,,,,,,,,,,,,,,,,,,,,,,,,,,,,,,,,,,,,,,,,,,,,,,,,,,,,,,,,,,,,,,,,,,,,,,,,,,,,,RemoteRegistry,,,running,,,,,,,,,,,,,,
2026-03-26T05:45:39.066965Z,"{'#attributes': {'Qualifiers': 16384}, '#text': 7036}",dc.danglingtree.htb,Service Control Manager,System,1371,4,,,,,,,,,,44004600530052002F0034000000,,,,,,,,,,,,,,,,,,,,,,,,,,,,,,,,,,,,,,,,,,,,,,,,,,,,,,,,,,,,,,,,,,,,,,,,,,,,,,,,,,,,,,,,,,,,,,,,,,,,,,,,,,,,,,,,,,,,,,,,,,,,,,,,,,,,,,,,,,,,,,,,,,,,,,,,,,,,,,,,,,,,,,,,,,,,,,,,,,,,,,,,,,,,,,,,,,,,,,,,,,,,,,,,,,,,,,,,,,,,,,,,,,DFSR,,,running,,,,,,,,,,,,,,
2026-03-26T05:45:39.073206Z,"{'#attributes': {'Qualifiers': 16384}, '#text': 7036}",dc.danglingtree.htb,Service Control Manager,System,1372,4,,,,,,,,,,43006F00720065004D006500730073006100670069006E0067005200650067006900730074007200610072002F0034000000,,,,,,,,,,,,,,,,,,,,,,,,,,,,,,,,,,,,,,,,,,,,,,,,,,,,,,,,,,,,,,,,,,,,,,,,,,,,,,,,,,,,,,,,,,,,,,,,,,,,,,,,,,,,,,,,,,,,,,,,,,,,,,,,,,,,,,,,,,,,,,,,,,,,,,,,,,,,,,,,,,,,,,,,,,,,,,,,,,,,,,,,,,,,,,,,,,,,,,,,,,,,,,,,,,,,,,,,,,,,,,,,,,CoreMessagingRegistrar,,,running,,,,,,,,,,,,,,
2026-03-26T05:45:39.075279Z,"{'#attributes': {'Qualifiers': 16384}, '#text': 7036}",dc.danglingtree.htb,Service Control Manager,System,1373,4,,,,,,,,,,4400660073002F0034000000,,,,,,,,,,,,,,,,,,,,,,,,,,,,,,,,,,,,,,,,,,,,,,,,,,,,,,,,,,,,,,,,,,,,,,,,,,,,,,,,,,,,,,,,,,,,,,,,,,,,,,,,,,,,,,,,,,,,,,,,,,,,,,,,,,,,,,,,,,,,,,,,,,,,,,,,,,,,,,,,,,,,,,,,,,,,,,,,,,,,,,,,,,,,,,,,,,,,,,,,,,,,,,,,,,,,,,,,,,,,,,,,,,Dfs,,,running,,,,,,,,,,,,,,
2026-03-26T05:45:39.077301Z,"{'#attributes': {'Qualifiers': 16384}, '#text': 7036}",dc.danglingtree.htb,Service Control Manager,System,1374,4,,,,,,,,,,430072007900700074005300760063002F0034000000,,,,,,,,,,,,,,,,,,,,,,,,,,,,,,,,,,,,,,,,,,,,,,,,,,,,,,,,,,,,,,,,,,,,,,,,,,,,,,,,,,,,,,,,,,,,,,,,,,,,,,,,,,,,,,,,,,,,,,,,,,,,,,,,,,,,,,,,,,,,,,,,,,,,,,,,,,,,,,,,,,,,,,,,,,,,,,,,,,,,,,,,,,,,,,,,,,,,,,,,,,,,,,,,,,,,,,,,,,,,,,,,,,CryptSvc,,,running,,,,,,,,,,,,,,
2026-03-26T05:45:39.081377Z,"{'#attributes': {'Qualifiers': 16384}, '#text': 7036}",dc.danglingtree.htb,Service Control Manager,System,1375,4,,,,,,,,,,57004C004D0053002F0034000000,,,,,,,,,,,,,,,,,,,,,,,,,,,,,,,,,,,,,,,,,,,,,,,,,,,,,,,,,,,,,,,,,,,,,,,,,,,,,,,,,,,,,,,,,,,,,,,,,,,,,,,,,,,,,,,,,,,,,,,,,,,,,,,,,,,,,,,,,,,,,,,,,,,,,,,,,,,,,,,,,,,,,,,,,,,,,,,,,,,,,,,,,,,,,,,,,,,,,,,,,,,,,,,,,,,,,,,,,,,,,,,,,,WLMS,,,running,,,,,,,,,,,,,,
2026-03-26T05:45:39.091509Z,"{'#attributes': {'Qualifiers': 16384}, '#text': 7036}",dc.danglingtree.htb,Service Control Manager,System,1376,4,,,,,,,,,,5300790073004D00610069006E002F0034000000,,,,,,,,,,,,,,,,,,,,,,,,,,,,,,,,,,,,,,,,,,,,,,,,,,,,,,,,,,,,,,,,,,,,,,,,,,,,,,,,,,,,,,,,,,,,,,,,,,,,,,,,,,,,,,,,,,,,,,,,,,,,,,,,,,,,,,,,,,,,,,,,,,,,,,,,,,,,,,,,,,,,,,,,,,,,,,,,,,,,,,,,,,,,,,,,,,,,,,,,,,,,,,,,,,,,,,,,,,,,,,,,,,SysMain,,,running,,,,,,,,,,,,,,
2026-03-26T05:45:39.108953Z,"{'#attributes': {'Qualifiers': 16384}, '#text': 7036}",dc.danglingtree.htb,Service Control Manager,System,1377,4,,,,,,,,,,56004700410075007400680053006500720076006900630065002F0034000000,,,,,,,,,,,,,,,,,,,,,,,,,,,,,,,,,,,,,,,,,,,,,,,,,,,,,,,,,,,,,,,,,,,,,,,,,,,,,,,,,,,,,,,,,,,,,,,,,,,,,,,,,,,,,,,,,,,,,,,,,,,,,,,,,,,,,,,,,,,,,,,,,,,,,,,,,,,,,,,,,,,,,,,,,,,,,,,,,,,,,,,,,,,,,,,,,,,,,,,,,,,,,,,,,,,,,,,,,,,,,,,,,,VGAuthService,,,running,,,,,,,,,,,,,,
2026-03-26T05:45:39.109460Z,"{'#attributes': {'Qualifiers': 16384}, '#text': 7036}",dc.danglingtree.htb,Service Control Manager,System,1378,4,,,,,,,,,,41007000700048006F00730074005300760063002F0034000000,,,,,,,,,,,,,,,,,,,,,,,,,,,,,,,,,,,,,,,,,,,,,,,,,,,,,,,,,,,,,,,,,,,,,,,,,,,,,,,,,,,,,,,,,,,,,,,,,,,,,,,,,,,,,,,,,,,,,,,,,,,,,,,,,,,,,,,,,,,,,,,,,,,,,,,,,,,,,,,,,,,,,,,,,,,,,,,,,,,,,,,,,,,,,,,,,,,,,,,,,,,,,,,,,,,,,,,,,,,,,,,,,,AppHostSvc,,,running,,,,,,,,,,,,,,
2026-03-26T05:45:39.116011Z,"{'#attributes': {'Qualifiers': 16384}, '#text': 7036}",dc.danglingtree.htb,Service Control Manager,System,1379,4,,,,,,,,,,570069006E006D0067006D0074002F0034000000,,,,,,,,,,,,,,,,,,,,,,,,,,,,,,,,,,,,,,,,,,,,,,,,,,,,,,,,,,,,,,,,,,,,,,,,,,,,,,,,,,,,,,,,,,,,,,,,,,,,,,,,,,,,,,,,,,,,,,,,,,,,,,,,,,,,,,,,,,,,,,,,,,,,,,,,,,,,,,,,,,,,,,,,,,,,,,,,,,,,,,,,,,,,,,,,,,,,,,,,,,,,,,,,,,,,,,,,,,,,,,,,,,Winmgmt,,,running,,,,,,,,,,,,,,
2026-03-26T05:45:39.120935Z,"{'#attributes': {'Qualifiers': 16384}, '#text': 7036}",dc.danglingtree.htb,Service Control Manager,System,1380,4,,,,,,,,,,56004D0054006F006F006C0073002F0034000000,,,,,,,,,,,,,,,,,,,,,,,,,,,,,,,,,,,,,,,,,,,,,,,,,,,,,,,,,,,,,,,,,,,,,,,,,,,,,,,,,,,,,,,,,,,,,,,,,,,,,,,,,,,,,,,,,,,,,,,,,,,,,,,,,,,,,,,,,,,,,,,,,,,,,,,,,,,,,,,,,,,,,,,,,,,,,,,,,,,,,,,,,,,,,,,,,,,,,,,,,,,,,,,,,,,,,,,,,,,,,,,,,,VMTools,,,running,,,,,,,,,,,,,,
2026-03-26T05:45:39.126691Z,"{'#attributes': {'Qualifiers': 16384}, '#text': 7036}",dc.danglingtree.htb,Service Control Manager,System,1381,4,,,,,,,,,,43006500720074005300760063002F0034000000,,,,,,,,,,,,,,,,,,,,,,,,,,,,,,,,,,,,,,,,,,,,,,,,,,,,,,,,,,,,,,,,,,,,,,,,,,,,,,,,,,,,,,,,,,,,,,,,,,,,,,,,,,,,,,,,,,,,,,,,,,,,,,,,,,,,,,,,,,,,,,,,,,,,,,,,,,,,,,,,,,,,,,,,,,,,,,,,,,,,,,,,,,,,,,,,,,,,,,,,,,,,,,,,,,,,,,,,,,,,,,,,,,CertSvc,,,running,,,,,,,,,,,,,,
2026-03-26T05:45:39.133528Z,"{'#attributes': {'Qualifiers': 16384}, '#text': 7036}",dc.danglingtree.htb,Service Control Manager,System,1382,4,,,,,,,,,,490073006D0053006500720076002F0034000000,,,,,,,,,,,,,,,,,,,,,,,,,,,,,,,,,,,,,,,,,,,,,,,,,,,,,,,,,,,,,,,,,,,,,,,,,,,,,,,,,,,,,,,,,,,,,,,,,,,,,,,,,,,,,,,,,,,,,,,,,,,,,,,,,,,,,,,,,,,,,,,,,,,,,,,,,,,,,,,,,,,,,,,,,,,,,,,,,,,,,,,,,,,,,,,,,,,,,,,,,,,,,,,,,,,,,,,,,,,,,,,,,,IsmServ,,,running,,,,,,,,,,,,,,
2026-03-26T05:45:39.156572Z,"{'#attributes': {'Qualifiers': 16384}, '#text': 7036}",dc.danglingtree.htb,Service Control Manager,System,1383,4,,,,,,,,,,4400690073007000420072006F006B00650072004400650073006B0074006F0070005300760063002F0034000000,,,,,,,,,,,,,,,,,,,,,,,,,,,,,,,,,,,,,,,,,,,,,,,,,,,,,,,,,,,,,,,,,,,,,,,,,,,,,,,,,,,,,,,,,,,,,,,,,,,,,,,,,,,,,,,,,,,,,,,,,,,,,,,,,,,,,,,,,,,,,,,,,,,,,,,,,,,,,,,,,,,,,,,,,,,,,,,,,,,,,,,,,,,,,,,,,,,,,,,,,,,,,,,,,,,,,,,,,,,,,,,,,,DispBrokerDesktopSvc,,,running,,,,,,,,,,,,,,
2026-03-26T05:45:39.218314Z,"{'#attributes': {'Qualifiers': 16384}, '#text': 7036}",dc.danglingtree.htb,Service Control Manager,System,1384,4,,,,,,,,,,570070006E0053006500720076006900630065002F0034000000,,,,,,,,,,,,,,,,,,,,,,,,,,,,,,,,,,,,,,,,,,,,,,,,,,,,,,,,,,,,,,,,,,,,,,,,,,,,,,,,,,,,,,,,,,,,,,,,,,,,,,,,,,,,,,,,,,,,,,,,,,,,,,,,,,,,,,,,,,,,,,,,,,,,,,,,,,,,,,,,,,,,,,,,,,,,,,,,,,,,,,,,,,,,,,,,,,,,,,,,,,,,,,,,,,,,,,,,,,,,,,,,,,WpnService,,,running,,,,,,,,,,,,,,
2026-03-26T05:45:39.253538Z,"{'#attributes': {'Qualifiers': 16384}, '#text': 7036}",dc.danglingtree.htb,Service Control Manager,System,1385,4,,,,,,,,,,5700410053002F0034000000,,,,,,,,,,,,,,,,,,,,,,,,,,,,,,,,,,,,,,,,,,,,,,,,,,,,,,,,,,,,,,,,,,,,,,,,,,,,,,,,,,,,,,,,,,,,,,,,,,,,,,,,,,,,,,,,,,,,,,,,,,,,,,,,,,,,,,,,,,,,,,,,,,,,,,,,,,,,,,,,,,,,,,,,,,,,,,,,,,,,,,,,,,,,,,,,,,,,,,,,,,,,,,,,,,,,,,,,,,,,,,,,,,WAS,,,running,,,,,,,,,,,,,,
2026-03-26T05:45:39.278549Z,113,dc.danglingtree.htb,Microsoft-Windows-HttpService,System,1386,4,,,,,,,,,,,,,,,,,,,,,,,,,,,,,,,,,,,,,,,,,,,,,,,,,,,,,,,,,,,,,,,,,,,,,,,,,,,\Device\HarddiskVolume3\Windows\System32\svchost.exe,,,,,,,,,,,,,,,,,,,,,,,,,,,,,,,,,,,,,,,,,,,,,,,,,,,,,,,,,,,,,,,,,,,,,,,,,,,,,,,,,,,,,,,,,,,,,,,,,,,,,,3660,,,,,,,,,,,,,,,,,,,,,,,,,,,0,,,,,,,,,,,,,,,,,,,,,http://+:47001/wsman/,18302628894760501249,S-1-5-20,,,,,,,,,,,,,,,,,,,,,,,,,,
