TimeGenerated,EventID,Computer,Provider,Channel,RecordID,Level,Address,CallerImageName,ClientProcessId,Function,Param1,Reason,Session,SessionID,SessionId,Source,TargetSession,User,attributes_xmlns,messageName
2026-03-26T05:15:02.061630Z,32,WIN-N4R0DVP0PKP,Microsoft-Windows-TerminalServices-LocalSessionManager,Microsoft-Windows-TerminalServices-LocalSessionManager/Operational,1,4,,,,,,,,,,,,,Event_NS,RDSAppXPlugin
2026-03-26T05:15:02.065754Z,34,WIN-N4R0DVP0PKP,Microsoft-Windows-TerminalServices-LocalSessionManager,Microsoft-Windows-TerminalServices-LocalSessionManager/Operational,2,4,,,,,,,,,,,,,,
2026-03-26T05:15:02.067934Z,34,WIN-N4R0DVP0PKP,Microsoft-Windows-TerminalServices-LocalSessionManager,Microsoft-Windows-TerminalServices-LocalSessionManager/Operational,3,4,,,,,,,,,,,,,,
2026-03-26T05:15:02.068255Z,34,WIN-N4R0DVP0PKP,Microsoft-Windows-TerminalServices-LocalSessionManager,Microsoft-Windows-TerminalServices-LocalSessionManager/Operational,4,4,,,,,,,,,,,,,,
2026-03-26T05:15:02.068373Z,34,WIN-N4R0DVP0PKP,Microsoft-Windows-TerminalServices-LocalSessionManager,Microsoft-Windows-TerminalServices-LocalSessionManager/Operational,5,4,,,,,,,,,,,,,,
2026-03-26T05:15:02.068627Z,34,WIN-N4R0DVP0PKP,Microsoft-Windows-TerminalServices-LocalSessionManager,Microsoft-Windows-TerminalServices-LocalSessionManager/Operational,6,4,,,,,,,,,,,,,,
2026-03-26T05:15:09.925674Z,34,WIN-N4R0DVP0PKP,Microsoft-Windows-TerminalServices-LocalSessionManager,Microsoft-Windows-TerminalServices-LocalSessionManager/Operational,7,4,,,,,,,,,,,,,,
2026-03-26T05:15:09.926677Z,34,WIN-N4R0DVP0PKP,Microsoft-Windows-TerminalServices-LocalSessionManager,Microsoft-Windows-TerminalServices-LocalSessionManager/Operational,8,4,,,,,,,,,,,,,,
2026-03-26T05:15:09.973690Z,34,WIN-N4R0DVP0PKP,Microsoft-Windows-TerminalServices-LocalSessionManager,Microsoft-Windows-TerminalServices-LocalSessionManager/Operational,9,4,,,,,,,,,,,,,,
2026-03-26T05:15:09.974388Z,34,WIN-N4R0DVP0PKP,Microsoft-Windows-TerminalServices-LocalSessionManager,Microsoft-Windows-TerminalServices-LocalSessionManager/Operational,10,4,,,,,,,,,,,,,,
2026-03-26T05:15:24.613514Z,34,WIN-N4R0DVP0PKP,Microsoft-Windows-TerminalServices-LocalSessionManager,Microsoft-Windows-TerminalServices-LocalSessionManager/Operational,11,4,,,,,,,,,,,,,,
2026-03-26T05:15:24.749596Z,34,WIN-N4R0DVP0PKP,Microsoft-Windows-TerminalServices-LocalSessionManager,Microsoft-Windows-TerminalServices-LocalSessionManager/Operational,12,4,,,,,,,,,,,,,,
2026-03-26T05:15:24.749764Z,34,WIN-N4R0DVP0PKP,Microsoft-Windows-TerminalServices-LocalSessionManager,Microsoft-Windows-TerminalServices-LocalSessionManager/Operational,13,4,,,,,,,,,,,,,,
2026-03-26T05:15:25.313990Z,34,WIN-N4R0DVP0PKP,Microsoft-Windows-TerminalServices-LocalSessionManager,Microsoft-Windows-TerminalServices-LocalSessionManager/Operational,14,4,,,,,,,,,,,,,,
2026-03-26T05:15:59.694962Z,34,WIN-N4R0DVP0PKP,Microsoft-Windows-TerminalServices-LocalSessionManager,Microsoft-Windows-TerminalServices-LocalSessionManager/Operational,15,4,,,,,,,,,,,,,,
2026-03-26T05:15:59.695107Z,34,WIN-N4R0DVP0PKP,Microsoft-Windows-TerminalServices-LocalSessionManager,Microsoft-Windows-TerminalServices-LocalSessionManager/Operational,16,4,,,,,,,,,,,,,,
2026-03-26T05:15:59.743078Z,34,WIN-N4R0DVP0PKP,Microsoft-Windows-TerminalServices-LocalSessionManager,Microsoft-Windows-TerminalServices-LocalSessionManager/Operational,17,4,,,,,,,,,,,,,,
2026-03-26T05:15:59.751181Z,54,WIN-N4R0DVP0PKP,Microsoft-Windows-TerminalServices-LocalSessionManager,Microsoft-Windows-TerminalServices-LocalSessionManager/Operational,18,4,,,,,,,,,,,,,,
2026-03-26T05:16:25.087090Z,32,WIN-N4R0DVP0PKP,Microsoft-Windows-TerminalServices-LocalSessionManager,Microsoft-Windows-TerminalServices-LocalSessionManager/Operational,19,4,,,,,,,,,,,,,Event_NS,RDSAppXPlugin
2026-03-26T05:16:25.092333Z,34,WIN-N4R0DVP0PKP,Microsoft-Windows-TerminalServices-LocalSessionManager,Microsoft-Windows-TerminalServices-LocalSessionManager/Operational,20,4,,,,,,,,,,,,,,
2026-03-26T05:16:25.093023Z,34,WIN-N4R0DVP0PKP,Microsoft-Windows-TerminalServices-LocalSessionManager,Microsoft-Windows-TerminalServices-LocalSessionManager/Operational,21,4,,,,,,,,,,,,,,
2026-03-26T05:16:25.093286Z,34,WIN-N4R0DVP0PKP,Microsoft-Windows-TerminalServices-LocalSessionManager,Microsoft-Windows-TerminalServices-LocalSessionManager/Operational,22,4,,,,,,,,,,,,,,
2026-03-26T05:16:25.093574Z,34,WIN-N4R0DVP0PKP,Microsoft-Windows-TerminalServices-LocalSessionManager,Microsoft-Windows-TerminalServices-LocalSessionManager/Operational,23,4,,,,,,,,,,,,,,
2026-03-26T05:16:25.093855Z,34,WIN-N4R0DVP0PKP,Microsoft-Windows-TerminalServices-LocalSessionManager,Microsoft-Windows-TerminalServices-LocalSessionManager/Operational,24,4,,,,,,,,,,,,,,
2026-03-26T05:16:28.960963Z,34,WIN-N4R0DVP0PKP,Microsoft-Windows-TerminalServices-LocalSessionManager,Microsoft-Windows-TerminalServices-LocalSessionManager/Operational,25,4,,,,,,,,,,,,,,
2026-03-26T05:16:28.962307Z,34,WIN-N4R0DVP0PKP,Microsoft-Windows-TerminalServices-LocalSessionManager,Microsoft-Windows-TerminalServices-LocalSessionManager/Operational,26,4,,,,,,,,,,,,,,
2026-03-26T05:16:29.017762Z,34,WIN-N4R0DVP0PKP,Microsoft-Windows-TerminalServices-LocalSessionManager,Microsoft-Windows-TerminalServices-LocalSessionManager/Operational,27,4,,,,,,,,,,,,,,
2026-03-26T05:16:29.419651Z,34,WIN-N4R0DVP0PKP,Microsoft-Windows-TerminalServices-LocalSessionManager,Microsoft-Windows-TerminalServices-LocalSessionManager/Operational,28,4,,,,,,,,,,,,,,
2026-03-26T05:16:29.512511Z,34,WIN-N4R0DVP0PKP,Microsoft-Windows-TerminalServices-LocalSessionManager,Microsoft-Windows-TerminalServices-LocalSessionManager/Operational,29,4,,,,,,,,,,,,,,
2026-03-26T05:16:29.512621Z,34,WIN-N4R0DVP0PKP,Microsoft-Windows-TerminalServices-LocalSessionManager,Microsoft-Windows-TerminalServices-LocalSessionManager/Operational,30,4,,,,,,,,,,,,,,
2026-03-26T05:16:32.362074Z,34,WIN-N4R0DVP0PKP,Microsoft-Windows-TerminalServices-LocalSessionManager,Microsoft-Windows-TerminalServices-LocalSessionManager/Operational,31,4,,,,,,,,,,,,,,
2026-03-26T05:16:32.622930Z,34,WIN-N4R0DVP0PKP,Microsoft-Windows-TerminalServices-LocalSessionManager,Microsoft-Windows-TerminalServices-LocalSessionManager/Operational,32,4,,,,,,,,,,,,,,
2026-03-26T05:17:36.356023Z,34,WIN-N4R0DVP0PKP,Microsoft-Windows-TerminalServices-LocalSessionManager,Microsoft-Windows-TerminalServices-LocalSessionManager/Operational,33,4,,,,,,,,,,,,,,
2026-03-26T05:17:38.360302Z,34,WIN-N4R0DVP0PKP,Microsoft-Windows-TerminalServices-LocalSessionManager,Microsoft-Windows-TerminalServices-LocalSessionManager/Operational,34,4,,,,,,,,,,,,,,
2026-03-26T05:19:08.084961Z,41,WIN-N4R0DVP0PKP,Microsoft-Windows-TerminalServices-LocalSessionManager,Microsoft-Windows-TerminalServices-LocalSessionManager/Operational,35,4,,,,,,,,1,,,,WIN-N4R0DVP0PKP\Administrator,Event_NS,
2026-03-26T05:19:08.085845Z,42,WIN-N4R0DVP0PKP,Microsoft-Windows-TerminalServices-LocalSessionManager,Microsoft-Windows-TerminalServices-LocalSessionManager/Operational,36,4,,,,,,,,1,,,,WIN-N4R0DVP0PKP\Administrator,Event_NS,
2026-03-26T05:19:11.256738Z,21,WIN-N4R0DVP0PKP,Microsoft-Windows-TerminalServices-LocalSessionManager,Microsoft-Windows-TerminalServices-LocalSessionManager/Operational,37,4,LOCAL,,,,,,,1,,,,WIN-N4R0DVP0PKP\Administrator,Event_NS,
2026-03-26T05:19:11.590500Z,22,WIN-N4R0DVP0PKP,Microsoft-Windows-TerminalServices-LocalSessionManager,Microsoft-Windows-TerminalServices-LocalSessionManager/Operational,38,4,LOCAL,,,,,,,1,,,,WIN-N4R0DVP0PKP\Administrator,Event_NS,
2026-03-26T05:20:43.948664Z,54,WIN-N4R0DVP0PKP,Microsoft-Windows-TerminalServices-LocalSessionManager,Microsoft-Windows-TerminalServices-LocalSessionManager/Operational,39,4,,,,,,,,,,,,,,
2026-03-26T05:20:49.685935Z,23,WIN-N4R0DVP0PKP,Microsoft-Windows-TerminalServices-LocalSessionManager,Microsoft-Windows-TerminalServices-LocalSessionManager/Operational,40,4,,,,,,,,1,,,,WIN-N4R0DVP0PKP\Administrator,Event_NS,
2026-03-26T05:21:05.033544Z,32,dc,Microsoft-Windows-TerminalServices-LocalSessionManager,Microsoft-Windows-TerminalServices-LocalSessionManager/Operational,41,4,,,,,,,,,,,,,Event_NS,RDSAppXPlugin
2026-03-26T05:26:26.050000Z,41,dc,Microsoft-Windows-TerminalServices-LocalSessionManager,Microsoft-Windows-TerminalServices-LocalSessionManager/Operational,42,4,,,,,,,,1,,,,DC\Administrator,Event_NS,
2026-03-26T05:26:26.051464Z,42,dc,Microsoft-Windows-TerminalServices-LocalSessionManager,Microsoft-Windows-TerminalServices-LocalSessionManager/Operational,43,4,,,,,,,,1,,,,DC\Administrator,Event_NS,
2026-03-26T05:26:26.211181Z,21,dc,Microsoft-Windows-TerminalServices-LocalSessionManager,Microsoft-Windows-TerminalServices-LocalSessionManager/Operational,44,4,LOCAL,,,,,,,1,,,,DC\Administrator,Event_NS,
2026-03-26T05:26:26.523845Z,22,dc,Microsoft-Windows-TerminalServices-LocalSessionManager,Microsoft-Windows-TerminalServices-LocalSessionManager/Operational,45,4,LOCAL,,,,,,,1,,,,DC\Administrator,Event_NS,
2026-03-26T05:34:35.386508Z,54,dc,Microsoft-Windows-TerminalServices-LocalSessionManager,Microsoft-Windows-TerminalServices-LocalSessionManager/Operational,46,4,,,,,,,,,,,,,,
2026-03-26T05:34:37.676179Z,23,dc,Microsoft-Windows-TerminalServices-LocalSessionManager,Microsoft-Windows-TerminalServices-LocalSessionManager/Operational,47,4,,,,,,,,1,,,,DC\Administrator,Event_NS,
2026-03-26T05:34:49.658117Z,32,dc.danglingtree.htb,Microsoft-Windows-TerminalServices-LocalSessionManager,Microsoft-Windows-TerminalServices-LocalSessionManager/Operational,48,4,,,,,,,,,,,,,Event_NS,RDSAppXPlugin
2026-03-26T05:37:05.492758Z,59,dc.danglingtree.htb,Microsoft-Windows-TerminalServices-LocalSessionManager,Microsoft-Windows-TerminalServices-LocalSessionManager/Operational,49,4,,"""LogonUI.exe"" /flags:0x2 /state0:0xa3bd2855 /state1:0x41c64e6d",1088,RpcGetCurrentSessionCapabilities,,,,,1,,,,Event_NS,
2026-03-26T05:37:05.493119Z,59,dc.danglingtree.htb,Microsoft-Windows-TerminalServices-LocalSessionManager,Microsoft-Windows-TerminalServices-LocalSessionManager/Operational,50,4,,"""LogonUI.exe"" /flags:0x2 /state0:0xa3bd2855 /state1:0x41c64e6d",1088,RpcGetCurrentSessionCapabilities,,,,,1,,,,Event_NS,
2026-03-26T05:37:25.557390Z,41,dc.danglingtree.htb,Microsoft-Windows-TerminalServices-LocalSessionManager,Microsoft-Windows-TerminalServices-LocalSessionManager/Operational,51,4,,,,,,,,1,,,,DANGLINGTREE\Administrator,Event_NS,
2026-03-26T05:37:25.558404Z,42,dc.danglingtree.htb,Microsoft-Windows-TerminalServices-LocalSessionManager,Microsoft-Windows-TerminalServices-LocalSessionManager/Operational,52,4,,,,,,,,1,,,,DANGLINGTREE\Administrator,Event_NS,
2026-03-26T05:37:25.692135Z,21,dc.danglingtree.htb,Microsoft-Windows-TerminalServices-LocalSessionManager,Microsoft-Windows-TerminalServices-LocalSessionManager/Operational,53,4,LOCAL,,,,,,,1,,,,DANGLINGTREE\Administrator,Event_NS,
2026-03-26T05:37:25.872996Z,22,dc.danglingtree.htb,Microsoft-Windows-TerminalServices-LocalSessionManager,Microsoft-Windows-TerminalServices-LocalSessionManager/Operational,54,4,LOCAL,,,,,,,1,,,,DANGLINGTREE\Administrator,Event_NS,
2026-03-26T05:42:56.023263Z,59,dc.danglingtree.htb,Microsoft-Windows-TerminalServices-LocalSessionManager,Microsoft-Windows-TerminalServices-LocalSessionManager/Operational,55,4,,C:\WINDOWS\system32\wsmprovhost.exe -Embedding,4860,RpcGetCurrentSessionCapabilities,,,,,1,,,,Event_NS,
2026-03-26T05:42:56.024559Z,59,dc.danglingtree.htb,Microsoft-Windows-TerminalServices-LocalSessionManager,Microsoft-Windows-TerminalServices-LocalSessionManager/Operational,56,4,,C:\WINDOWS\system32\wsmprovhost.exe -Embedding,4860,RpcGetCurrentSessionCapabilities,,,,,1,,,,Event_NS,
2026-03-26T05:42:56.231500Z,59,dc.danglingtree.htb,Microsoft-Windows-TerminalServices-LocalSessionManager,Microsoft-Windows-TerminalServices-LocalSessionManager/Operational,57,4,,C:\WINDOWS\system32\wsmprovhost.exe -Embedding,4860,RpcGetCurrentSessionCapabilities,,,,,1,,,,Event_NS,
2026-03-26T05:42:56.232865Z,59,dc.danglingtree.htb,Microsoft-Windows-TerminalServices-LocalSessionManager,Microsoft-Windows-TerminalServices-LocalSessionManager/Operational,58,4,,C:\WINDOWS\system32\wsmprovhost.exe -Embedding,4860,RpcGetCurrentSessionCapabilities,,,,,1,,,,Event_NS,
2026-03-26T05:42:56.236910Z,59,dc.danglingtree.htb,Microsoft-Windows-TerminalServices-LocalSessionManager,Microsoft-Windows-TerminalServices-LocalSessionManager/Operational,59,4,,C:\WINDOWS\system32\wsmprovhost.exe -Embedding,4860,RpcGetCurrentSessionCapabilities,,,,,1,,,,Event_NS,
2026-03-26T05:42:56.237231Z,59,dc.danglingtree.htb,Microsoft-Windows-TerminalServices-LocalSessionManager,Microsoft-Windows-TerminalServices-LocalSessionManager/Operational,60,4,,C:\WINDOWS\system32\wsmprovhost.exe -Embedding,4860,RpcGetCurrentSessionCapabilities,,,,,1,,,,Event_NS,
2026-03-26T05:42:56.237494Z,59,dc.danglingtree.htb,Microsoft-Windows-TerminalServices-LocalSessionManager,Microsoft-Windows-TerminalServices-LocalSessionManager/Operational,61,4,,C:\WINDOWS\system32\wsmprovhost.exe -Embedding,4860,RpcGetCurrentSessionCapabilities,,,,,1,,,,Event_NS,
2026-03-26T05:42:56.237719Z,59,dc.danglingtree.htb,Microsoft-Windows-TerminalServices-LocalSessionManager,Microsoft-Windows-TerminalServices-LocalSessionManager/Operational,62,4,,C:\WINDOWS\system32\wsmprovhost.exe -Embedding,4860,RpcGetCurrentSessionCapabilities,,,,,1,,,,Event_NS,
2026-03-26T05:42:56.237936Z,59,dc.danglingtree.htb,Microsoft-Windows-TerminalServices-LocalSessionManager,Microsoft-Windows-TerminalServices-LocalSessionManager/Operational,63,4,,C:\WINDOWS\system32\wsmprovhost.exe -Embedding,4860,RpcGetCurrentSessionCapabilities,,,,,1,,,,Event_NS,
2026-03-26T05:42:56.238151Z,59,dc.danglingtree.htb,Microsoft-Windows-TerminalServices-LocalSessionManager,Microsoft-Windows-TerminalServices-LocalSessionManager/Operational,64,4,,C:\WINDOWS\system32\wsmprovhost.exe -Embedding,4860,RpcGetCurrentSessionCapabilities,,,,,1,,,,Event_NS,
2026-03-26T05:42:56.238367Z,59,dc.danglingtree.htb,Microsoft-Windows-TerminalServices-LocalSessionManager,Microsoft-Windows-TerminalServices-LocalSessionManager/Operational,65,4,,C:\WINDOWS\system32\wsmprovhost.exe -Embedding,4860,RpcGetCurrentSessionCapabilities,,,,,1,,,,Event_NS,
2026-03-26T05:42:56.238598Z,59,dc.danglingtree.htb,Microsoft-Windows-TerminalServices-LocalSessionManager,Microsoft-Windows-TerminalServices-LocalSessionManager/Operational,66,4,,C:\WINDOWS\system32\wsmprovhost.exe -Embedding,4860,RpcGetCurrentSessionCapabilities,,,,,1,,,,Event_NS,
2026-03-26T05:42:56.238879Z,59,dc.danglingtree.htb,Microsoft-Windows-TerminalServices-LocalSessionManager,Microsoft-Windows-TerminalServices-LocalSessionManager/Operational,67,4,,C:\WINDOWS\system32\wsmprovhost.exe -Embedding,4860,RpcGetCurrentSessionCapabilities,,,,,1,,,,Event_NS,
2026-03-26T05:42:56.251481Z,59,dc.danglingtree.htb,Microsoft-Windows-TerminalServices-LocalSessionManager,Microsoft-Windows-TerminalServices-LocalSessionManager/Operational,68,4,,C:\WINDOWS\system32\wsmprovhost.exe -Embedding,4860,RpcGetCurrentSessionCapabilities,,,,,1,,,,Event_NS,
2026-03-26T05:43:00.140023Z,59,dc.danglingtree.htb,Microsoft-Windows-TerminalServices-LocalSessionManager,Microsoft-Windows-TerminalServices-LocalSessionManager/Operational,69,4,,C:\WINDOWS\system32\wsmprovhost.exe -Embedding,4860,RpcGetCurrentSessionCapabilities,,,,,1,,,,Event_NS,
2026-03-26T05:43:00.839290Z,59,dc.danglingtree.htb,Microsoft-Windows-TerminalServices-LocalSessionManager,Microsoft-Windows-TerminalServices-LocalSessionManager/Operational,70,4,,C:\WINDOWS\system32\wsmprovhost.exe -Embedding,4860,RpcGetCurrentSessionCapabilities,,,,,1,,,,Event_NS,
2026-03-26T05:43:05.352011Z,59,dc.danglingtree.htb,Microsoft-Windows-TerminalServices-LocalSessionManager,Microsoft-Windows-TerminalServices-LocalSessionManager/Operational,71,4,,C:\WINDOWS\system32\wsmprovhost.exe -Embedding,4860,RpcGetCurrentSessionCapabilities,,,,,1,,,,Event_NS,
2026-03-26T05:43:05.794341Z,59,dc.danglingtree.htb,Microsoft-Windows-TerminalServices-LocalSessionManager,Microsoft-Windows-TerminalServices-LocalSessionManager/Operational,72,4,,C:\WINDOWS\system32\wsmprovhost.exe -Embedding,4860,RpcGetCurrentSessionCapabilities,,,,,1,,,,Event_NS,
2026-03-26T05:43:06.539190Z,59,dc.danglingtree.htb,Microsoft-Windows-TerminalServices-LocalSessionManager,Microsoft-Windows-TerminalServices-LocalSessionManager/Operational,73,4,,C:\WINDOWS\system32\wsmprovhost.exe -Embedding,4860,RpcGetCurrentSessionCapabilities,,,,,1,,,,Event_NS,
2026-03-26T05:43:06.703762Z,59,dc.danglingtree.htb,Microsoft-Windows-TerminalServices-LocalSessionManager,Microsoft-Windows-TerminalServices-LocalSessionManager/Operational,74,4,,C:\WINDOWS\system32\wsmprovhost.exe -Embedding,4860,RpcGetCurrentSessionCapabilities,,,,,1,,,,Event_NS,
2026-03-26T05:43:16.557166Z,59,dc.danglingtree.htb,Microsoft-Windows-TerminalServices-LocalSessionManager,Microsoft-Windows-TerminalServices-LocalSessionManager/Operational,75,4,,C:\WINDOWS\system32\wsmprovhost.exe -Embedding,4860,RpcGetCurrentSessionCapabilities,,,,,1,,,,Event_NS,
2026-03-26T05:44:03.348117Z,59,dc.danglingtree.htb,Microsoft-Windows-TerminalServices-LocalSessionManager,Microsoft-Windows-TerminalServices-LocalSessionManager/Operational,76,4,,C:\WINDOWS\system32\wsmprovhost.exe -Embedding,4860,RpcGetCurrentSessionCapabilities,,,,,1,,,,Event_NS,
2026-03-26T05:44:03.355573Z,59,dc.danglingtree.htb,Microsoft-Windows-TerminalServices-LocalSessionManager,Microsoft-Windows-TerminalServices-LocalSessionManager/Operational,77,4,,C:\WINDOWS\system32\wsmprovhost.exe -Embedding,4860,RpcGetCurrentSessionCapabilities,,,,,1,,,,Event_NS,
2026-03-26T05:44:03.356425Z,59,dc.danglingtree.htb,Microsoft-Windows-TerminalServices-LocalSessionManager,Microsoft-Windows-TerminalServices-LocalSessionManager/Operational,78,4,,C:\WINDOWS\system32\wsmprovhost.exe -Embedding,4860,RpcGetCurrentSessionCapabilities,,,,,1,,,,Event_NS,
2026-03-26T05:44:03.357590Z,59,dc.danglingtree.htb,Microsoft-Windows-TerminalServices-LocalSessionManager,Microsoft-Windows-TerminalServices-LocalSessionManager/Operational,79,4,,C:\WINDOWS\system32\wsmprovhost.exe -Embedding,4860,RpcGetCurrentSessionCapabilities,,,,,1,,,,Event_NS,
2026-03-26T05:44:03.358005Z,59,dc.danglingtree.htb,Microsoft-Windows-TerminalServices-LocalSessionManager,Microsoft-Windows-TerminalServices-LocalSessionManager/Operational,80,4,,C:\WINDOWS\system32\wsmprovhost.exe -Embedding,4860,RpcGetCurrentSessionCapabilities,,,,,1,,,,Event_NS,
2026-03-26T05:44:03.358256Z,59,dc.danglingtree.htb,Microsoft-Windows-TerminalServices-LocalSessionManager,Microsoft-Windows-TerminalServices-LocalSessionManager/Operational,81,4,,C:\WINDOWS\system32\wsmprovhost.exe -Embedding,4860,RpcGetCurrentSessionCapabilities,,,,,1,,,,Event_NS,
2026-03-26T05:44:03.358725Z,59,dc.danglingtree.htb,Microsoft-Windows-TerminalServices-LocalSessionManager,Microsoft-Windows-TerminalServices-LocalSessionManager/Operational,82,4,,C:\WINDOWS\system32\wsmprovhost.exe -Embedding,4860,RpcGetCurrentSessionCapabilities,,,,,1,,,,Event_NS,
2026-03-26T05:44:03.359342Z,59,dc.danglingtree.htb,Microsoft-Windows-TerminalServices-LocalSessionManager,Microsoft-Windows-TerminalServices-LocalSessionManager/Operational,83,4,,C:\WINDOWS\system32\wsmprovhost.exe -Embedding,4860,RpcGetCurrentSessionCapabilities,,,,,1,,,,Event_NS,
2026-03-26T05:44:03.359839Z,59,dc.danglingtree.htb,Microsoft-Windows-TerminalServices-LocalSessionManager,Microsoft-Windows-TerminalServices-LocalSessionManager/Operational,84,4,,C:\WINDOWS\system32\wsmprovhost.exe -Embedding,4860,RpcGetCurrentSessionCapabilities,,,,,1,,,,Event_NS,
2026-03-26T05:44:03.360445Z,59,dc.danglingtree.htb,Microsoft-Windows-TerminalServices-LocalSessionManager,Microsoft-Windows-TerminalServices-LocalSessionManager/Operational,85,4,,C:\WINDOWS\system32\wsmprovhost.exe -Embedding,4860,RpcGetCurrentSessionCapabilities,,,,,1,,,,Event_NS,
2026-03-26T05:44:03.360942Z,59,dc.danglingtree.htb,Microsoft-Windows-TerminalServices-LocalSessionManager,Microsoft-Windows-TerminalServices-LocalSessionManager/Operational,86,4,,C:\WINDOWS\system32\wsmprovhost.exe -Embedding,4860,RpcGetCurrentSessionCapabilities,,,,,1,,,,Event_NS,
2026-03-26T05:44:03.361505Z,59,dc.danglingtree.htb,Microsoft-Windows-TerminalServices-LocalSessionManager,Microsoft-Windows-TerminalServices-LocalSessionManager/Operational,87,4,,C:\WINDOWS\system32\wsmprovhost.exe -Embedding,4860,RpcGetCurrentSessionCapabilities,,,,,1,,,,Event_NS,
2026-03-26T05:44:03.366922Z,59,dc.danglingtree.htb,Microsoft-Windows-TerminalServices-LocalSessionManager,Microsoft-Windows-TerminalServices-LocalSessionManager/Operational,88,4,,C:\WINDOWS\system32\wsmprovhost.exe -Embedding,4860,RpcGetCurrentSessionCapabilities,,,,,1,,,,Event_NS,
2026-03-26T05:44:04.560338Z,59,dc.danglingtree.htb,Microsoft-Windows-TerminalServices-LocalSessionManager,Microsoft-Windows-TerminalServices-LocalSessionManager/Operational,89,4,,C:\WINDOWS\system32\wsmprovhost.exe -Embedding,4860,RpcGetCurrentSessionCapabilities,,,,,1,,,,Event_NS,
2026-03-26T05:44:04.844733Z,59,dc.danglingtree.htb,Microsoft-Windows-TerminalServices-LocalSessionManager,Microsoft-Windows-TerminalServices-LocalSessionManager/Operational,90,4,,C:\WINDOWS\system32\wsmprovhost.exe -Embedding,4860,RpcGetCurrentSessionCapabilities,,,,,1,,,,Event_NS,
2026-03-26T05:44:08.822550Z,59,dc.danglingtree.htb,Microsoft-Windows-TerminalServices-LocalSessionManager,Microsoft-Windows-TerminalServices-LocalSessionManager/Operational,91,4,,C:\WINDOWS\system32\wsmprovhost.exe -Embedding,4860,RpcGetCurrentSessionCapabilities,,,,,1,,,,Event_NS,
2026-03-26T05:44:09.834836Z,59,dc.danglingtree.htb,Microsoft-Windows-TerminalServices-LocalSessionManager,Microsoft-Windows-TerminalServices-LocalSessionManager/Operational,92,4,,C:\WINDOWS\system32\wsmprovhost.exe -Embedding,4860,RpcGetCurrentSessionCapabilities,,,,,1,,,,Event_NS,
2026-03-26T05:44:16.411803Z,59,dc.danglingtree.htb,Microsoft-Windows-TerminalServices-LocalSessionManager,Microsoft-Windows-TerminalServices-LocalSessionManager/Operational,93,4,,C:\WINDOWS\system32\wsmprovhost.exe -Embedding,4860,RpcGetCurrentSessionCapabilities,,,,,1,,,,Event_NS,
2026-03-26T05:44:16.992715Z,59,dc.danglingtree.htb,Microsoft-Windows-TerminalServices-LocalSessionManager,Microsoft-Windows-TerminalServices-LocalSessionManager/Operational,94,4,,C:\WINDOWS\system32\wsmprovhost.exe -Embedding,4860,RpcGetCurrentSessionCapabilities,,,,,1,,,,Event_NS,
2026-03-26T05:44:18.961779Z,59,dc.danglingtree.htb,Microsoft-Windows-TerminalServices-LocalSessionManager,Microsoft-Windows-TerminalServices-LocalSessionManager/Operational,95,4,,C:\WINDOWS\system32\wsmprovhost.exe -Embedding,4860,RpcGetCurrentSessionCapabilities,,,,,1,,,,Event_NS,
2026-03-26T05:45:12.946155Z,23,dc.danglingtree.htb,Microsoft-Windows-TerminalServices-LocalSessionManager,Microsoft-Windows-TerminalServices-LocalSessionManager/Operational,96,4,,,,,,,,1,,,,DANGLINGTREE\Administrator,Event_NS,
2026-03-26T05:45:12.967474Z,54,dc.danglingtree.htb,Microsoft-Windows-TerminalServices-LocalSessionManager,Microsoft-Windows-TerminalServices-LocalSessionManager/Operational,97,4,,,,,,,,,,,,,,
2026-03-26T05:45:28.995899Z,32,dc.danglingtree.htb,Microsoft-Windows-TerminalServices-LocalSessionManager,Microsoft-Windows-TerminalServices-LocalSessionManager/Operational,98,4,,,,,,,,,,,,,Event_NS,RDSAppXPlugin
2026-03-26T05:47:04.102075Z,59,dc.danglingtree.htb,Microsoft-Windows-TerminalServices-LocalSessionManager,Microsoft-Windows-TerminalServices-LocalSessionManager/Operational,99,4,,"""LogonUI.exe"" /flags:0x2 /state0:0xa3bd2855 /state1:0x41c64e6d",1088,RpcGetCurrentSessionCapabilities,,,,,1,,,,Event_NS,
2026-03-26T05:47:04.102622Z,59,dc.danglingtree.htb,Microsoft-Windows-TerminalServices-LocalSessionManager,Microsoft-Windows-TerminalServices-LocalSessionManager/Operational,100,4,,"""LogonUI.exe"" /flags:0x2 /state0:0xa3bd2855 /state1:0x41c64e6d",1088,RpcGetCurrentSessionCapabilities,,,,,1,,,,Event_NS,
2026-03-26T05:47:18.412853Z,41,dc.danglingtree.htb,Microsoft-Windows-TerminalServices-LocalSessionManager,Microsoft-Windows-TerminalServices-LocalSessionManager/Operational,101,4,,,,,,,,1,,,,DANGLINGTREE\Administrator,Event_NS,
2026-03-26T05:47:18.413642Z,42,dc.danglingtree.htb,Microsoft-Windows-TerminalServices-LocalSessionManager,Microsoft-Windows-TerminalServices-LocalSessionManager/Operational,102,4,,,,,,,,1,,,,DANGLINGTREE\Administrator,Event_NS,
2026-03-26T05:47:18.547871Z,21,dc.danglingtree.htb,Microsoft-Windows-TerminalServices-LocalSessionManager,Microsoft-Windows-TerminalServices-LocalSessionManager/Operational,103,4,LOCAL,,,,,,,1,,,,DANGLINGTREE\Administrator,Event_NS,
2026-03-26T05:47:18.734722Z,22,dc.danglingtree.htb,Microsoft-Windows-TerminalServices-LocalSessionManager,Microsoft-Windows-TerminalServices-LocalSessionManager/Operational,104,4,LOCAL,,,,,,,1,,,,DANGLINGTREE\Administrator,Event_NS,
2026-03-26T05:48:29.816272Z,59,dc.danglingtree.htb,Microsoft-Windows-TerminalServices-LocalSessionManager,Microsoft-Windows-TerminalServices-LocalSessionManager/Operational,105,4,,C:\WINDOWS\system32\svchost.exe -k netsvcs -s CertPropSvc,7336,RpcGetCurrentSessionCapabilities,,,,,0,,,,Event_NS,
2026-03-26T05:48:29.816886Z,59,dc.danglingtree.htb,Microsoft-Windows-TerminalServices-LocalSessionManager,Microsoft-Windows-TerminalServices-LocalSessionManager/Operational,106,4,,C:\WINDOWS\system32\svchost.exe -k netsvcs -s CertPropSvc,7336,RpcGetCurrentSessionCapabilities,,,,,0,,,,Event_NS,
2026-03-26T05:48:29.817270Z,59,dc.danglingtree.htb,Microsoft-Windows-TerminalServices-LocalSessionManager,Microsoft-Windows-TerminalServices-LocalSessionManager/Operational,107,4,,C:\WINDOWS\system32\svchost.exe -k netsvcs -s CertPropSvc,7336,RpcGetCurrentSessionCapabilities,,,,,0,,,,Event_NS,
2026-03-26T06:27:24.275184Z,23,dc.danglingtree.htb,Microsoft-Windows-TerminalServices-LocalSessionManager,Microsoft-Windows-TerminalServices-LocalSessionManager/Operational,108,4,,,,,,,,1,,,,DANGLINGTREE\Administrator,Event_NS,
2026-03-26T06:27:24.318381Z,54,dc.danglingtree.htb,Microsoft-Windows-TerminalServices-LocalSessionManager,Microsoft-Windows-TerminalServices-LocalSessionManager/Operational,109,4,,,,,,,,,,,,,,
2026-03-26T06:39:59.322155Z,32,dc.danglingtree.htb,Microsoft-Windows-TerminalServices-LocalSessionManager,Microsoft-Windows-TerminalServices-LocalSessionManager/Operational,110,4,,,,,,,,,,,,,Event_NS,RDSAppXPlugin
2026-03-26T06:41:17.228189Z,59,dc.danglingtree.htb,Microsoft-Windows-TerminalServices-LocalSessionManager,Microsoft-Windows-TerminalServices-LocalSessionManager/Operational,111,4,,"""LogonUI.exe"" /flags:0x2 /state0:0xa3bd2055 /state1:0x41c64e6d",1124,RpcGetCurrentSessionCapabilities,,,,,1,,,,Event_NS,
2026-03-26T06:41:17.228534Z,59,dc.danglingtree.htb,Microsoft-Windows-TerminalServices-LocalSessionManager,Microsoft-Windows-TerminalServices-LocalSessionManager/Operational,112,4,,"""LogonUI.exe"" /flags:0x2 /state0:0xa3bd2055 /state1:0x41c64e6d",1124,RpcGetCurrentSessionCapabilities,,,,,1,,,,Event_NS,
2026-03-26T06:41:27.191489Z,41,dc.danglingtree.htb,Microsoft-Windows-TerminalServices-LocalSessionManager,Microsoft-Windows-TerminalServices-LocalSessionManager/Operational,113,4,,,,,,,,1,,,,DANGLINGTREE\Administrator,Event_NS,
2026-03-26T06:41:27.194572Z,42,dc.danglingtree.htb,Microsoft-Windows-TerminalServices-LocalSessionManager,Microsoft-Windows-TerminalServices-LocalSessionManager/Operational,114,4,,,,,,,,1,,,,DANGLINGTREE\Administrator,Event_NS,
2026-03-26T06:41:27.290175Z,59,dc.danglingtree.htb,Microsoft-Windows-TerminalServices-LocalSessionManager,Microsoft-Windows-TerminalServices-LocalSessionManager/Operational,115,4,,C:\WINDOWS\system32\svchost.exe -k netsvcs -s CertPropSvc,1660,RpcGetCurrentSessionCapabilities,,,,,0,,,,Event_NS,
2026-03-26T06:41:27.291059Z,59,dc.danglingtree.htb,Microsoft-Windows-TerminalServices-LocalSessionManager,Microsoft-Windows-TerminalServices-LocalSessionManager/Operational,116,4,,C:\WINDOWS\system32\svchost.exe -k netsvcs -s CertPropSvc,1660,RpcGetCurrentSessionCapabilities,,,,,0,,,,Event_NS,
2026-03-26T06:41:27.292392Z,59,dc.danglingtree.htb,Microsoft-Windows-TerminalServices-LocalSessionManager,Microsoft-Windows-TerminalServices-LocalSessionManager/Operational,117,4,,C:\WINDOWS\system32\svchost.exe -k netsvcs -s CertPropSvc,1660,RpcGetCurrentSessionCapabilities,,,,,0,,,,Event_NS,
2026-03-26T06:41:27.332613Z,21,dc.danglingtree.htb,Microsoft-Windows-TerminalServices-LocalSessionManager,Microsoft-Windows-TerminalServices-LocalSessionManager/Operational,118,4,LOCAL,,,,,,,1,,,,DANGLINGTREE\Administrator,Event_NS,
2026-03-26T06:41:27.504993Z,22,dc.danglingtree.htb,Microsoft-Windows-TerminalServices-LocalSessionManager,Microsoft-Windows-TerminalServices-LocalSessionManager/Operational,119,4,LOCAL,,,,,,,1,,,,DANGLINGTREE\Administrator,Event_NS,
2026-03-26T07:19:26.006426Z,59,dc.danglingtree.htb,Microsoft-Windows-TerminalServices-LocalSessionManager,Microsoft-Windows-TerminalServices-LocalSessionManager/Operational,120,4,,"""LogonUI.exe"" /flags:0x0 /state0:0xa3fe7055 /state1:0x41c64e6d",1536,RpcGetCurrentSessionCapabilities,,,,,1,,,,Event_NS,
2026-03-26T07:19:26.007308Z,59,dc.danglingtree.htb,Microsoft-Windows-TerminalServices-LocalSessionManager,Microsoft-Windows-TerminalServices-LocalSessionManager/Operational,121,4,,"""LogonUI.exe"" /flags:0x0 /state0:0xa3fe7055 /state1:0x41c64e6d",1536,RpcGetCurrentSessionCapabilities,,,,,1,,,,Event_NS,
2026-03-26T07:19:35.466150Z,59,dc.danglingtree.htb,Microsoft-Windows-TerminalServices-LocalSessionManager,Microsoft-Windows-TerminalServices-LocalSessionManager/Operational,122,4,,C:\WINDOWS\system32\svchost.exe -k netsvcs -s CertPropSvc,1660,RpcGetCurrentSessionCapabilities,,,,,0,,,,Event_NS,
2026-03-26T07:51:45.355108Z,23,dc.danglingtree.htb,Microsoft-Windows-TerminalServices-LocalSessionManager,Microsoft-Windows-TerminalServices-LocalSessionManager/Operational,123,4,,,,,,,,1,,,,DANGLINGTREE\Administrator,Event_NS,
2026-03-26T07:51:45.395878Z,54,dc.danglingtree.htb,Microsoft-Windows-TerminalServices-LocalSessionManager,Microsoft-Windows-TerminalServices-LocalSessionManager/Operational,124,4,,,,,,,,,,,,,,
2026-03-26T20:54:54.698689Z,32,dc.danglingtree.htb,Microsoft-Windows-TerminalServices-LocalSessionManager,Microsoft-Windows-TerminalServices-LocalSessionManager/Operational,125,4,,,,,,,,,,,,,Event_NS,RDSAppXPlugin
2026-03-26T20:57:37.910668Z,59,dc.danglingtree.htb,Microsoft-Windows-TerminalServices-LocalSessionManager,Microsoft-Windows-TerminalServices-LocalSessionManager/Operational,126,4,,"""LogonUI.exe"" /flags:0x2 /state0:0xa3bd2055 /state1:0x41c64e6d",1096,RpcGetCurrentSessionCapabilities,,,,,1,,,,Event_NS,
2026-03-26T20:57:37.911002Z,59,dc.danglingtree.htb,Microsoft-Windows-TerminalServices-LocalSessionManager,Microsoft-Windows-TerminalServices-LocalSessionManager/Operational,127,4,,"""LogonUI.exe"" /flags:0x2 /state0:0xa3bd2055 /state1:0x41c64e6d",1096,RpcGetCurrentSessionCapabilities,,,,,1,,,,Event_NS,
2026-03-26T20:57:48.000222Z,41,dc.danglingtree.htb,Microsoft-Windows-TerminalServices-LocalSessionManager,Microsoft-Windows-TerminalServices-LocalSessionManager/Operational,128,4,,,,,,,,1,,,,DANGLINGTREE\Administrator,Event_NS,
2026-03-26T20:57:48.003228Z,42,dc.danglingtree.htb,Microsoft-Windows-TerminalServices-LocalSessionManager,Microsoft-Windows-TerminalServices-LocalSessionManager/Operational,129,4,,,,,,,,1,,,,DANGLINGTREE\Administrator,Event_NS,
2026-03-26T20:57:48.116187Z,59,dc.danglingtree.htb,Microsoft-Windows-TerminalServices-LocalSessionManager,Microsoft-Windows-TerminalServices-LocalSessionManager/Operational,130,4,,C:\WINDOWS\system32\svchost.exe -k netsvcs -s CertPropSvc,2120,RpcGetCurrentSessionCapabilities,,,,,0,,,,Event_NS,
2026-03-26T20:57:48.116804Z,59,dc.danglingtree.htb,Microsoft-Windows-TerminalServices-LocalSessionManager,Microsoft-Windows-TerminalServices-LocalSessionManager/Operational,131,4,,C:\WINDOWS\system32\svchost.exe -k netsvcs -s CertPropSvc,2120,RpcGetCurrentSessionCapabilities,,,,,0,,,,Event_NS,
2026-03-26T20:57:48.118615Z,59,dc.danglingtree.htb,Microsoft-Windows-TerminalServices-LocalSessionManager,Microsoft-Windows-TerminalServices-LocalSessionManager/Operational,132,4,,C:\WINDOWS\system32\svchost.exe -k netsvcs -s CertPropSvc,2120,RpcGetCurrentSessionCapabilities,,,,,0,,,,Event_NS,
2026-03-26T20:57:48.161342Z,21,dc.danglingtree.htb,Microsoft-Windows-TerminalServices-LocalSessionManager,Microsoft-Windows-TerminalServices-LocalSessionManager/Operational,133,4,LOCAL,,,,,,,1,,,,DANGLINGTREE\Administrator,Event_NS,
2026-03-26T20:57:48.363879Z,22,dc.danglingtree.htb,Microsoft-Windows-TerminalServices-LocalSessionManager,Microsoft-Windows-TerminalServices-LocalSessionManager/Operational,134,4,LOCAL,,,,,,,1,,,,DANGLINGTREE\Administrator,Event_NS,
2026-03-26T21:03:58.412876Z,59,dc.danglingtree.htb,Microsoft-Windows-TerminalServices-LocalSessionManager,Microsoft-Windows-TerminalServices-LocalSessionManager/Operational,135,4,,"""C:\WINDOWS\system32\mmc.exe"" ""C:\WINDOWS\system32\taskschd.msc"" /s",9064,RpcGetCurrentSessionCapabilities,,,,,1,,,,Event_NS,
2026-03-26T21:03:58.413411Z,59,dc.danglingtree.htb,Microsoft-Windows-TerminalServices-LocalSessionManager,Microsoft-Windows-TerminalServices-LocalSessionManager/Operational,136,4,,"""C:\WINDOWS\system32\mmc.exe"" ""C:\WINDOWS\system32\taskschd.msc"" /s",9064,RpcGetCurrentSessionCapabilities,,,,,1,,,,Event_NS,
2026-03-26T21:06:17.454765Z,59,dc.danglingtree.htb,Microsoft-Windows-TerminalServices-LocalSessionManager,Microsoft-Windows-TerminalServices-LocalSessionManager/Operational,137,4,,"""C:\WINDOWS\system32\mmc.exe"" ""C:\WINDOWS\system32\taskschd.msc"" /s",9064,RpcGetCurrentSessionCapabilities,,,,,1,,,,Event_NS,
2026-03-26T21:23:08.888201Z,59,dc.danglingtree.htb,Microsoft-Windows-TerminalServices-LocalSessionManager,Microsoft-Windows-TerminalServices-LocalSessionManager/Operational,138,4,,"""C:\Windows\System32\CredentialUIBroker.exe"" NonAppContainerFailedMip -Embedding",960,RpcGetCurrentSessionCapabilities,,,,,1,,,,Event_NS,
2026-03-26T21:23:08.888929Z,59,dc.danglingtree.htb,Microsoft-Windows-TerminalServices-LocalSessionManager,Microsoft-Windows-TerminalServices-LocalSessionManager/Operational,139,4,,"""C:\Windows\System32\CredentialUIBroker.exe"" NonAppContainerFailedMip -Embedding",960,RpcGetCurrentSessionCapabilities,,,,,1,,,,Event_NS,
2026-03-26T21:23:29.597818Z,59,dc.danglingtree.htb,Microsoft-Windows-TerminalServices-LocalSessionManager,Microsoft-Windows-TerminalServices-LocalSessionManager/Operational,140,4,,"""C:\Windows\System32\CredentialUIBroker.exe"" NonAppContainerFailedMip -Embedding",5436,RpcGetCurrentSessionCapabilities,,,,,1,,,,Event_NS,
2026-03-26T21:23:29.598286Z,59,dc.danglingtree.htb,Microsoft-Windows-TerminalServices-LocalSessionManager,Microsoft-Windows-TerminalServices-LocalSessionManager/Operational,141,4,,"""C:\Windows\System32\CredentialUIBroker.exe"" NonAppContainerFailedMip -Embedding",5436,RpcGetCurrentSessionCapabilities,,,,,1,,,,Event_NS,
2026-03-26T21:23:36.777543Z,59,dc.danglingtree.htb,Microsoft-Windows-TerminalServices-LocalSessionManager,Microsoft-Windows-TerminalServices-LocalSessionManager/Operational,142,4,,"""C:\WINDOWS\system32\mstsc.exe"" ",5192,RpcGetCurrentSessionCapabilities,,,,,1,,,,Event_NS,
2026-03-26T21:23:36.779402Z,59,dc.danglingtree.htb,Microsoft-Windows-TerminalServices-LocalSessionManager,Microsoft-Windows-TerminalServices-LocalSessionManager/Operational,143,4,,"""C:\WINDOWS\system32\mstsc.exe"" ",5192,RpcGetCurrentSessionCapabilities,,,,,1,,,,Event_NS,
2026-03-26T21:23:36.873690Z,41,dc.danglingtree.htb,Microsoft-Windows-TerminalServices-LocalSessionManager,Microsoft-Windows-TerminalServices-LocalSessionManager/Operational,144,4,,,,,,,,2,,,,DANGLINGTREE\noah.b,Event_NS,
2026-03-26T21:23:36.907257Z,59,dc.danglingtree.htb,Microsoft-Windows-TerminalServices-LocalSessionManager,Microsoft-Windows-TerminalServices-LocalSessionManager/Operational,145,4,,C:\WINDOWS\system32\svchost.exe -k LocalSystemNetworkRestricted -s ScDeviceEnum,1384,RpcGetCurrentSessionCapabilities,,,,,0,,,,Event_NS,
2026-03-26T21:23:36.912992Z,59,dc.danglingtree.htb,Microsoft-Windows-TerminalServices-LocalSessionManager,Microsoft-Windows-TerminalServices-LocalSessionManager/Operational,146,4,,C:\WINDOWS\system32\svchost.exe -k LocalSystemNetworkRestricted -s ScDeviceEnum,1384,RpcGetCurrentSessionCapabilities,,,,,0,,,,Event_NS,
2026-03-26T21:23:36.916472Z,59,dc.danglingtree.htb,Microsoft-Windows-TerminalServices-LocalSessionManager,Microsoft-Windows-TerminalServices-LocalSessionManager/Operational,147,4,,C:\WINDOWS\system32\svchost.exe -k LocalSystemNetworkRestricted -s ScDeviceEnum,1384,RpcGetCurrentSessionCapabilities,,,,,0,,,,Event_NS,
2026-03-26T21:23:36.919364Z,59,dc.danglingtree.htb,Microsoft-Windows-TerminalServices-LocalSessionManager,Microsoft-Windows-TerminalServices-LocalSessionManager/Operational,148,4,,C:\WINDOWS\system32\svchost.exe -k LocalSystemNetworkRestricted -s ScDeviceEnum,1384,RpcGetCurrentSessionCapabilities,,,,,0,,,,Event_NS,
2026-03-26T21:23:36.940997Z,42,dc.danglingtree.htb,Microsoft-Windows-TerminalServices-LocalSessionManager,Microsoft-Windows-TerminalServices-LocalSessionManager/Operational,149,4,,,,,,,,2,,,,DANGLINGTREE\noah.b,Event_NS,
2026-03-26T21:23:38.948676Z,21,dc.danglingtree.htb,Microsoft-Windows-TerminalServices-LocalSessionManager,Microsoft-Windows-TerminalServices-LocalSessionManager/Operational,150,4,::%16777216,,,,,,,2,,,,DANGLINGTREE\noah.b,Event_NS,
2026-03-26T21:23:39.151012Z,22,dc.danglingtree.htb,Microsoft-Windows-TerminalServices-LocalSessionManager,Microsoft-Windows-TerminalServices-LocalSessionManager/Operational,151,4,::%16777216,,,,,,,2,,,,DANGLINGTREE\noah.b,Event_NS,
2026-03-26T21:46:42.828422Z,54,dc.danglingtree.htb,Microsoft-Windows-TerminalServices-LocalSessionManager,Microsoft-Windows-TerminalServices-LocalSessionManager/Operational,152,4,,,,,,,,,,,,,,
2026-03-26T21:46:43.184591Z,40,dc.danglingtree.htb,Microsoft-Windows-TerminalServices-LocalSessionManager,Microsoft-Windows-TerminalServices-LocalSessionManager/Operational,153,4,,,,,,2147942464,2,,,,,,Event_NS,
2026-03-26T21:46:43.402471Z,24,dc.danglingtree.htb,Microsoft-Windows-TerminalServices-LocalSessionManager,Microsoft-Windows-TerminalServices-LocalSessionManager/Operational,154,4,::%16777216,,,,,,,2,,,,DANGLINGTREE\noah.b,Event_NS,
2026-03-26T21:46:44.680685Z,23,dc.danglingtree.htb,Microsoft-Windows-TerminalServices-LocalSessionManager,Microsoft-Windows-TerminalServices-LocalSessionManager/Operational,155,4,,,,,,,,2,,,,DANGLINGTREE\noah.b,Event_NS,
2026-03-26T21:46:45.654385Z,23,dc.danglingtree.htb,Microsoft-Windows-TerminalServices-LocalSessionManager,Microsoft-Windows-TerminalServices-LocalSessionManager/Operational,156,4,,,,,,,,1,,,,DANGLINGTREE\Administrator,Event_NS,
2026-03-27T07:54:45.397564Z,32,dc.danglingtree.htb,Microsoft-Windows-TerminalServices-LocalSessionManager,Microsoft-Windows-TerminalServices-LocalSessionManager/Operational,157,4,,,,,,,,,,,,,Event_NS,RDSAppXPlugin
2026-03-27T07:56:45.660599Z,59,dc.danglingtree.htb,Microsoft-Windows-TerminalServices-LocalSessionManager,Microsoft-Windows-TerminalServices-LocalSessionManager/Operational,158,4,,"""LogonUI.exe"" /flags:0x2 /state0:0xa3bd2055 /state1:0x41c64e6d",1072,RpcGetCurrentSessionCapabilities,,,,,1,,,,Event_NS,
2026-03-27T07:56:45.661533Z,59,dc.danglingtree.htb,Microsoft-Windows-TerminalServices-LocalSessionManager,Microsoft-Windows-TerminalServices-LocalSessionManager/Operational,159,4,,"""LogonUI.exe"" /flags:0x2 /state0:0xa3bd2055 /state1:0x41c64e6d",1072,RpcGetCurrentSessionCapabilities,,,,,1,,,,Event_NS,
2026-03-27T07:57:08.385637Z,41,dc.danglingtree.htb,Microsoft-Windows-TerminalServices-LocalSessionManager,Microsoft-Windows-TerminalServices-LocalSessionManager/Operational,160,4,,,,,,,,1,,,,DANGLINGTREE\Administrator,Event_NS,
2026-03-27T07:57:08.388702Z,42,dc.danglingtree.htb,Microsoft-Windows-TerminalServices-LocalSessionManager,Microsoft-Windows-TerminalServices-LocalSessionManager/Operational,161,4,,,,,,,,1,,,,DANGLINGTREE\Administrator,Event_NS,
2026-03-27T07:57:08.456582Z,59,dc.danglingtree.htb,Microsoft-Windows-TerminalServices-LocalSessionManager,Microsoft-Windows-TerminalServices-LocalSessionManager/Operational,162,4,,C:\WINDOWS\system32\svchost.exe -k netsvcs -s CertPropSvc,2096,RpcGetCurrentSessionCapabilities,,,,,0,,,,Event_NS,
2026-03-27T07:57:08.457324Z,59,dc.danglingtree.htb,Microsoft-Windows-TerminalServices-LocalSessionManager,Microsoft-Windows-TerminalServices-LocalSessionManager/Operational,163,4,,C:\WINDOWS\system32\svchost.exe -k netsvcs -s CertPropSvc,2096,RpcGetCurrentSessionCapabilities,,,,,0,,,,Event_NS,
2026-03-27T07:57:08.458021Z,59,dc.danglingtree.htb,Microsoft-Windows-TerminalServices-LocalSessionManager,Microsoft-Windows-TerminalServices-LocalSessionManager/Operational,164,4,,C:\WINDOWS\system32\svchost.exe -k netsvcs -s CertPropSvc,2096,RpcGetCurrentSessionCapabilities,,,,,0,,,,Event_NS,
2026-03-27T07:57:08.509750Z,21,dc.danglingtree.htb,Microsoft-Windows-TerminalServices-LocalSessionManager,Microsoft-Windows-TerminalServices-LocalSessionManager/Operational,165,4,LOCAL,,,,,,,1,,,,DANGLINGTREE\Administrator,Event_NS,
2026-03-27T07:57:08.741684Z,22,dc.danglingtree.htb,Microsoft-Windows-TerminalServices-LocalSessionManager,Microsoft-Windows-TerminalServices-LocalSessionManager/Operational,166,4,LOCAL,,,,,,,1,,,,DANGLINGTREE\Administrator,Event_NS,
2026-03-27T08:31:38.101787Z,23,dc.danglingtree.htb,Microsoft-Windows-TerminalServices-LocalSessionManager,Microsoft-Windows-TerminalServices-LocalSessionManager/Operational,167,4,,,,,,,,1,,,,DANGLINGTREE\Administrator,Event_NS,
2026-03-27T08:31:38.137683Z,54,dc.danglingtree.htb,Microsoft-Windows-TerminalServices-LocalSessionManager,Microsoft-Windows-TerminalServices-LocalSessionManager/Operational,168,4,,,,,,,,,,,,,,
2026-03-27T21:56:20.775694Z,32,dc.danglingtree.htb,Microsoft-Windows-TerminalServices-LocalSessionManager,Microsoft-Windows-TerminalServices-LocalSessionManager/Operational,169,4,,,,,,,,,,,,,Event_NS,RDSAppXPlugin
2026-03-27T21:59:18.224590Z,59,dc.danglingtree.htb,Microsoft-Windows-TerminalServices-LocalSessionManager,Microsoft-Windows-TerminalServices-LocalSessionManager/Operational,170,4,,"""LogonUI.exe"" /flags:0x2 /state0:0xa3bd2055 /state1:0x41c64e6d",1100,RpcGetCurrentSessionCapabilities,,,,,1,,,,Event_NS,
2026-03-27T21:59:18.225227Z,59,dc.danglingtree.htb,Microsoft-Windows-TerminalServices-LocalSessionManager,Microsoft-Windows-TerminalServices-LocalSessionManager/Operational,171,4,,"""LogonUI.exe"" /flags:0x2 /state0:0xa3bd2055 /state1:0x41c64e6d",1100,RpcGetCurrentSessionCapabilities,,,,,1,,,,Event_NS,
2026-03-27T21:59:28.391808Z,41,dc.danglingtree.htb,Microsoft-Windows-TerminalServices-LocalSessionManager,Microsoft-Windows-TerminalServices-LocalSessionManager/Operational,172,4,,,,,,,,1,,,,DANGLINGTREE\Administrator,Event_NS,
2026-03-27T21:59:28.396155Z,42,dc.danglingtree.htb,Microsoft-Windows-TerminalServices-LocalSessionManager,Microsoft-Windows-TerminalServices-LocalSessionManager/Operational,173,4,,,,,,,,1,,,,DANGLINGTREE\Administrator,Event_NS,
2026-03-27T21:59:28.475049Z,59,dc.danglingtree.htb,Microsoft-Windows-TerminalServices-LocalSessionManager,Microsoft-Windows-TerminalServices-LocalSessionManager/Operational,174,4,,C:\WINDOWS\system32\svchost.exe -k netsvcs -s CertPropSvc,2072,RpcGetCurrentSessionCapabilities,,,,,0,,,,Event_NS,
2026-03-27T21:59:28.478836Z,59,dc.danglingtree.htb,Microsoft-Windows-TerminalServices-LocalSessionManager,Microsoft-Windows-TerminalServices-LocalSessionManager/Operational,175,4,,C:\WINDOWS\system32\svchost.exe -k netsvcs -s CertPropSvc,2072,RpcGetCurrentSessionCapabilities,,,,,0,,,,Event_NS,
2026-03-27T21:59:28.479077Z,59,dc.danglingtree.htb,Microsoft-Windows-TerminalServices-LocalSessionManager,Microsoft-Windows-TerminalServices-LocalSessionManager/Operational,176,4,,C:\WINDOWS\system32\svchost.exe -k netsvcs -s CertPropSvc,2072,RpcGetCurrentSessionCapabilities,,,,,0,,,,Event_NS,
2026-03-27T21:59:28.533650Z,21,dc.danglingtree.htb,Microsoft-Windows-TerminalServices-LocalSessionManager,Microsoft-Windows-TerminalServices-LocalSessionManager/Operational,177,4,LOCAL,,,,,,,1,,,,DANGLINGTREE\Administrator,Event_NS,
2026-03-27T21:59:28.780972Z,22,dc.danglingtree.htb,Microsoft-Windows-TerminalServices-LocalSessionManager,Microsoft-Windows-TerminalServices-LocalSessionManager/Operational,178,4,LOCAL,,,,,,,1,,,,DANGLINGTREE\Administrator,Event_NS,
2026-03-27T22:00:17.668941Z,59,dc.danglingtree.htb,Microsoft-Windows-TerminalServices-LocalSessionManager,Microsoft-Windows-TerminalServices-LocalSessionManager/Operational,179,4,,"""C:\Windows\System32\CredentialUIBroker.exe"" NonAppContainerFailedMip -Embedding",8444,RpcGetCurrentSessionCapabilities,,,,,1,,,,Event_NS,
2026-03-27T22:00:17.669535Z,59,dc.danglingtree.htb,Microsoft-Windows-TerminalServices-LocalSessionManager,Microsoft-Windows-TerminalServices-LocalSessionManager/Operational,180,4,,"""C:\Windows\System32\CredentialUIBroker.exe"" NonAppContainerFailedMip -Embedding",8444,RpcGetCurrentSessionCapabilities,,,,,1,,,,Event_NS,
2026-03-27T22:00:56.383736Z,59,dc.danglingtree.htb,Microsoft-Windows-TerminalServices-LocalSessionManager,Microsoft-Windows-TerminalServices-LocalSessionManager/Operational,181,4,,"""C:\Windows\System32\CredentialUIBroker.exe"" NonAppContainerFailedMip -Embedding",8216,RpcGetCurrentSessionCapabilities,,,,,1,,,,Event_NS,
2026-03-27T22:00:56.384338Z,59,dc.danglingtree.htb,Microsoft-Windows-TerminalServices-LocalSessionManager,Microsoft-Windows-TerminalServices-LocalSessionManager/Operational,182,4,,"""C:\Windows\System32\CredentialUIBroker.exe"" NonAppContainerFailedMip -Embedding",8216,RpcGetCurrentSessionCapabilities,,,,,1,,,,Event_NS,
2026-03-27T22:01:24.936370Z,59,dc.danglingtree.htb,Microsoft-Windows-TerminalServices-LocalSessionManager,Microsoft-Windows-TerminalServices-LocalSessionManager/Operational,183,4,,"""C:\WINDOWS\system32\mstsc.exe"" ",3892,RpcGetCurrentSessionCapabilities,,,,,1,,,,Event_NS,
2026-03-27T22:01:24.937155Z,59,dc.danglingtree.htb,Microsoft-Windows-TerminalServices-LocalSessionManager,Microsoft-Windows-TerminalServices-LocalSessionManager/Operational,184,4,,"""C:\WINDOWS\system32\mstsc.exe"" ",3892,RpcGetCurrentSessionCapabilities,,,,,1,,,,Event_NS,
2026-03-27T22:01:24.945597Z,59,dc.danglingtree.htb,Microsoft-Windows-TerminalServices-LocalSessionManager,Microsoft-Windows-TerminalServices-LocalSessionManager/Operational,185,4,,C:\WINDOWS\system32\svchost.exe -k LocalSystemNetworkRestricted -s ScDeviceEnum,6656,RpcGetCurrentSessionCapabilities,,,,,0,,,,Event_NS,
2026-03-27T22:01:24.954541Z,59,dc.danglingtree.htb,Microsoft-Windows-TerminalServices-LocalSessionManager,Microsoft-Windows-TerminalServices-LocalSessionManager/Operational,186,4,,C:\WINDOWS\system32\svchost.exe -k LocalSystemNetworkRestricted -s ScDeviceEnum,6656,RpcGetCurrentSessionCapabilities,,,,,0,,,,Event_NS,
2026-03-27T22:01:24.956756Z,59,dc.danglingtree.htb,Microsoft-Windows-TerminalServices-LocalSessionManager,Microsoft-Windows-TerminalServices-LocalSessionManager/Operational,187,4,,C:\WINDOWS\system32\svchost.exe -k LocalSystemNetworkRestricted -s ScDeviceEnum,6656,RpcGetCurrentSessionCapabilities,,,,,0,,,,Event_NS,
2026-03-27T22:01:24.960574Z,59,dc.danglingtree.htb,Microsoft-Windows-TerminalServices-LocalSessionManager,Microsoft-Windows-TerminalServices-LocalSessionManager/Operational,188,4,,C:\WINDOWS\system32\svchost.exe -k LocalSystemNetworkRestricted -s ScDeviceEnum,6656,RpcGetCurrentSessionCapabilities,,,,,0,,,,Event_NS,
2026-03-27T22:01:24.999266Z,41,dc.danglingtree.htb,Microsoft-Windows-TerminalServices-LocalSessionManager,Microsoft-Windows-TerminalServices-LocalSessionManager/Operational,189,4,,,,,,,,2,,,,DANGLINGTREE\noah.b,Event_NS,
2026-03-27T22:01:25.012267Z,42,dc.danglingtree.htb,Microsoft-Windows-TerminalServices-LocalSessionManager,Microsoft-Windows-TerminalServices-LocalSessionManager/Operational,190,4,,,,,,,,2,,,,DANGLINGTREE\noah.b,Event_NS,
2026-03-27T22:01:25.304682Z,21,dc.danglingtree.htb,Microsoft-Windows-TerminalServices-LocalSessionManager,Microsoft-Windows-TerminalServices-LocalSessionManager/Operational,191,4,::%16777216,,,,,,,2,,,,DANGLINGTREE\noah.b,Event_NS,
2026-03-27T22:01:25.494151Z,22,dc.danglingtree.htb,Microsoft-Windows-TerminalServices-LocalSessionManager,Microsoft-Windows-TerminalServices-LocalSessionManager/Operational,192,4,::%16777216,,,,,,,2,,,,DANGLINGTREE\noah.b,Event_NS,
2026-03-27T22:03:48.690105Z,40,dc.danglingtree.htb,Microsoft-Windows-TerminalServices-LocalSessionManager,Microsoft-Windows-TerminalServices-LocalSessionManager/Operational,193,4,,,,,,0,2,,,,,,Event_NS,
2026-03-27T22:03:49.155308Z,24,dc.danglingtree.htb,Microsoft-Windows-TerminalServices-LocalSessionManager,Microsoft-Windows-TerminalServices-LocalSessionManager/Operational,194,4,::%16777216,,,,,,,2,,,,DANGLINGTREE\noah.b,Event_NS,
2026-03-27T22:12:49.664824Z,59,dc.danglingtree.htb,Microsoft-Windows-TerminalServices-LocalSessionManager,Microsoft-Windows-TerminalServices-LocalSessionManager/Operational,195,4,,"""C:\WINDOWS\system32\mmc.exe"" ""C:\WINDOWS\system32\taskschd.msc"" /s",10000,RpcGetCurrentSessionCapabilities,,,,,1,,,,Event_NS,
2026-03-27T22:12:49.665438Z,59,dc.danglingtree.htb,Microsoft-Windows-TerminalServices-LocalSessionManager,Microsoft-Windows-TerminalServices-LocalSessionManager/Operational,196,4,,"""C:\WINDOWS\system32\mmc.exe"" ""C:\WINDOWS\system32\taskschd.msc"" /s",10000,RpcGetCurrentSessionCapabilities,,,,,1,,,,Event_NS,
2026-03-27T22:18:18.149525Z,23,dc.danglingtree.htb,Microsoft-Windows-TerminalServices-LocalSessionManager,Microsoft-Windows-TerminalServices-LocalSessionManager/Operational,197,4,,,,,,,,1,,,,DANGLINGTREE\Administrator,Event_NS,
