2026-04-04T23:50:20.855989Z,"{'#attributes': {'Qualifiers': 16384}, '#text': 16384}",dc.danglingtree.htb,Microsoft-Windows-Security-SPP,Application,1673,4,,,,,,,,,,,,,,,,,,,,,,,,2026-08-23T06:40:20Z,RulesEngine,,,,,,,,,,,,,,,,,,,,,,,,,,,,,,,,,,,,,,,,,,,,,,,,,,,,,,,,,,,,,,,,,,,,,,,,,,,,,,,,,,,,,,,
2026-04-04T23:50:51.656719Z,"{'#attributes': {'Qualifiers': 0}, '#text': 8224}",dc.danglingtree.htb,VSS,Application,1674,4,,,,,,,,,,2D20436F64653A2020434F525356434330303030303737322D2043616C6C3A2020434F525356434330303030303735342D205049443A202030303030353332302D205449443A202030303030353334302D20434D443A2020433A5C57494E444F57535C73797374656D33325C76737376632E6578652020202D20557365723A204E616D653A204E5420415554484F524954595C53595354454D2C205349443A532D312D352D313820,,,,,,,,,,,,,,,,,,,,,,,,,,,,,,,,,,,,,,,,,,,,,,,,,,,,,,,,,,,,,,,,,,,,,,,,,,,,,,,,,,,,,,,,,,,,,,,,,,,,,,
2026-04-04T23:50:52.842299Z,1001,dc.danglingtree.htb,Windows Error Reporting,Application,1675,4,,,,,,,,,"
\\?\C:\ProgramData\Microsoft\Windows\WER\Temp\WER.63504de0-de0f-42cb-823c-d6b27dc7a5b9.tmp.mdmp
\\?\C:\ProgramData\Microsoft\Windows\WER\Temp\WER.9b7dd4e0-cd8c-4fa4-b1f0-3ae18d467743.tmp.WERInternalMetadata.xml
\\?\C:\ProgramData\Microsoft\Windows\WER\Temp\WER.c43a3a66-5e48-472b-9eba-ed14c3c7c8a1.tmp.xml
\\?\C:\Windows\SystemTemp\WER.3219d386-3428-49e6-ab36-20f7a8616098.tmp.appcompat.txt",,,0,,,,,,0,0,,,,,,,,,,,,,,,,,,,APPCRASH,,,,,,,,,,,,,,,,,,,WindowsAdminCenterAccountManagement.exe,,2.6.11.4,69340000,KERNELBASE.dll,10.0.26100.32230,93531557,e0434352,00000000000ca80a,,,,,,,,,,,0,,baf481de-0711-4175-b128-28e7dc87e508,100,,Not available,,,,,,\\?\C:\ProgramData\Microsoft\Windows\WER\ReportQueue\AppCrash_WindowsAdminCent_a6fb81939b9f405e50f372bdcaf57e747b9d9ae_67a50925_cab_6542128a-8437-4e43-b987-2aa60e55c189,,,,,,,,,,,,,,,,,,,,,,,,,
2026-04-04T23:51:04.954045Z,1001,dc.danglingtree.htb,Windows Error Reporting,Application,1676,4,,,,,,,,,"
\\?\C:\ProgramData\Microsoft\Windows\WER\Temp\WER.1d1ec7e6-40ce-4387-9eb8-d279060c54ab.tmp.mdmp
\\?\C:\ProgramData\Microsoft\Windows\WER\Temp\WER.bc0a6d57-8cfb-4189-a22d-df2b7bad3e2e.tmp.WERInternalMetadata.xml
\\?\C:\ProgramData\Microsoft\Windows\WER\Temp\WER.1605a100-ec7e-48e9-8552-ff110d4156ac.tmp.csv
\\?\C:\ProgramData\Microsoft\Windows\WER\Temp\WER.1a75d2dd-7984-4178-a0c2-67ea5667021e.tmp.txt
\\?\C:\ProgramData\Microsoft\Windows\WER\Temp\WER.dbc1c743-45d8-4151-ab6b-02efd68c4346.tmp.xml
\\?\C:\Users\noah.b\AppData\Local\Temp\WER.5c4d0046-fba0-4e0f-b86b-ed90376f6f12.tmp.appcompat.txt
\\?\C:\ProgramData\Microsoft\Windows\WER\ReportQueue\AppCrash_MicrosoftWindows_9f86a51281dab8c088db1448d07468a41d6f1226_23fe3459_cab_fe5fd375-1701-4a6c-a4e4-a7e546ec8317\memory.hdmp",,,0,,,,,,0,0,,,,,,,,,,,,,,,,,,,MoAppCrash,,,,,,,,,,,,,,,,,,,MicrosoftWindows.Client.CBS_1000.26100.275.0_x64__cw5n1h2txyewy,,praid:Global.Accounts,10.0.26100.1,5bc61463,combase.dll,10.0.26100.32230,afe300b1,d0020017,000000000008eea4,,,,,,,,,,0,,7b667a66-1518-4c0f-85e8-df6556056eb7,100,,Not available,,,,,,\\?\C:\ProgramData\Microsoft\Windows\WER\ReportQueue\AppCrash_MicrosoftWindows_9f86a51281dab8c088db1448d07468a41d6f1226_23fe3459_cab_fe5fd375-1701-4a6c-a4e4-a7e546ec8317,,,,,,,,,,,,,,,,,,,,,,,,,
2026-04-04T23:51:04.999602Z,1001,dc.danglingtree.htb,Windows Error Reporting,Application,1677,4,,,,,,,,,"
\\?\C:\ProgramData\Microsoft\Windows\WER\Temp\WER.aeeb4342-4a19-4e9b-bad9-8fe00459755d.tmp.WERInternalMetadata.xml",,,0,,,,,,0,0,,,,,,,,,,,,,,,,,,,APPCRASH,,,,,,,,,,,,,,,,,,,WindowsAdminCenterAccountManagement.exe,,2.6.11.4,69340000,KERNELBASE.dll,10.0.26100.32230,93531557,e0434352,00000000000ca80a,,,,,,,,,,,0,,0ef9a54b-0012-428b-b818-a440ae77f469,4196,,Not available,,,,,,\\?\C:\ProgramData\Microsoft\Windows\WER\ReportQueue\AppCrash_WindowsAdminCent_a6fb81939b9f405e50f372bdcaf57e747b9d9ae_67a50925_1cc804e1-e587-4a15-a8ca-cf1621ea084e,,,,,,,,,,,,,,,,,,,,,,,,,
2026-04-04T23:51:05.035710Z,1001,dc.danglingtree.htb,Windows Error Reporting,Application,1678,4,,,,,,,,,"
\\?\C:\ProgramData\Microsoft\Windows\WER\Temp\WER.99b886c8-e0e8-489a-a0d9-28654514a882.tmp.mdmp
\\?\C:\ProgramData\Microsoft\Windows\WER\Temp\WER.84a59963-a4f1-4aea-80ca-52fbcdde9735.tmp.WERInternalMetadata.xml
\\?\C:\ProgramData\Microsoft\Windows\WER\Temp\WER.2b2d82e4-8100-4a4d-a1fe-67005fb175d5.tmp.csv
\\?\C:\ProgramData\Microsoft\Windows\WER\Temp\WER.ce8b0763-44e1-4360-9cb5-be90b8f45d17.tmp.txt
\\?\C:\ProgramData\Microsoft\Windows\WER\Temp\WER.439bc349-79ca-47ec-ab9c-ee1cb4c83190.tmp.xml
\\?\C:\Users\Administrator\AppData\Local\Temp\WER.af501206-ea97-4c7f-bbb3-734c84137372.tmp.appcompat.txt
\\?\C:\ProgramData\Microsoft\Windows\WER\ReportQueue\AppCrash_mmc.exe_c785c1e2799bfe946cb6f099faac7058efaa6ad9_b676ff93_cab_9cdf66ab-fb64-47a7-a7ba-60679bad1335\memory.hdmp",,,0,,,,,,0,0,,,,,,,,,,,,,,,,,,,APPCRASH,,,,,,,,,,,,,,,,,,,mmc.exe,,10.0.26100.32230,1865ebef,dsuiext.dll,10.0.26100.1150,1cdcad27,c0000005,000000000000602b,,,,,,,,,,,0,,4c2af429-541a-47f0-9124-c3290b0dda82,100,,Not available,,,,,,\\?\C:\ProgramData\Microsoft\Windows\WER\ReportQueue\AppCrash_mmc.exe_c785c1e2799bfe946cb6f099faac7058efaa6ad9_b676ff93_cab_9cdf66ab-fb64-47a7-a7ba-60679bad1335,,,,,,,,,,,,,,,,,,,,,,,,,
2026-04-04T23:51:05.071204Z,1001,dc.danglingtree.htb,Windows Error Reporting,Application,1679,4,,,,,,,,,"
\\?\C:\ProgramData\Microsoft\Windows\WER\Temp\WER.ec2c7b21-5169-48da-952f-5eee27f33588.tmp.WERInternalMetadata.xml",,,0,,,,,,0,0,,,,,,,,,,,,,,,,,,,APPCRASH,,,,,,,,,,,,,,,,,,,WindowsAdminCenterAccountManagement.exe,,2.6.11.4,69340000,KERNELBASE.dll,10.0.26100.32230,93531557,e0434352,00000000000ca80a,,,,,,,,,,,0,,d86281ad-cfc0-4d58-9136-ad64403dcc4b,4196,,Not available,,,,,,\\?\C:\ProgramData\Microsoft\Windows\WER\ReportQueue\AppCrash_WindowsAdminCent_a6fb81939b9f405e50f372bdcaf57e747b9d9ae_67a50925_afcba7d8-e588-47ca-8c74-8b7c9144a88c,,,,,,,,,,,,,,,,,,,,,,,,,
2026-04-04T23:51:05.122599Z,1001,dc.danglingtree.htb,Windows Error Reporting,Application,1680,4,,,,,,,,,"
\\?\C:\ProgramData\Microsoft\Windows\WER\Temp\WER.7ea2ac62-439c-4e90-a738-c631706ee4f4.tmp.WERInternalMetadata.xml",,,0,,,,,,0,0,,,,,,,,,,,,,,,,,,,APPCRASH,,,,,,,,,,,,,,,,,,,WindowsAdminCenterAccountManagement.exe,,2.6.11.4,69340000,KERNELBASE.dll,10.0.26100.32230,93531557,e0434352,00000000000ca80a,,,,,,,,,,,0,,1e61fdde-a841-4f0f-8bc0-9db10ea518e9,4196,,Not available,,,,,,\\?\C:\ProgramData\Microsoft\Windows\WER\ReportQueue\AppCrash_WindowsAdminCent_a6fb81939b9f405e50f372bdcaf57e747b9d9ae_67a50925_2bfd22eb-df18-437d-acd2-9f3328e62723,,,,,,,,,,,,,,,,,,,,,,,,,
2026-04-04T23:51:05.181573Z,1001,dc.danglingtree.htb,Windows Error Reporting,Application,1681,4,,,,,,,,,"
\\?\C:\ProgramData\Microsoft\Windows\WER\Temp\WER.3f3f3ab6-0a12-428d-ae38-24556afbbece.tmp.WERInternalMetadata.xml",,,0,,,,,,0,0,,,,,,,,,,,,,,,,,,,APPCRASH,,,,,,,,,,,,,,,,,,,WindowsAdminCenterAccountManagement.exe,,2.6.11.4,69340000,KERNELBASE.dll,10.0.26100.32230,93531557,e0434352,00000000000ca80a,,,,,,,,,,,0,,343f66a9-d88e-482c-85ad-8fbc386bdae7,4196,,Not available,,,,,,\\?\C:\ProgramData\Microsoft\Windows\WER\ReportQueue\AppCrash_WindowsAdminCent_a6fb81939b9f405e50f372bdcaf57e747b9d9ae_67a50925_f9b7f7cf-6310-4817-9a61-3d85cf17fd4d,,,,,,,,,,,,,,,,,,,,,,,,,
2026-04-04T23:51:05.238499Z,1001,dc.danglingtree.htb,Windows Error Reporting,Application,1682,4,,,,,,,,,"
\\?\C:\ProgramData\Microsoft\Windows\WER\Temp\WER.c09853b3-473d-4a8c-b8c2-5f20defb8285.tmp.WERInternalMetadata.xml",,,0,,,,,,0,0,,,,,,,,,,,,,,,,,,,APPCRASH,,,,,,,,,,,,,,,,,,,WindowsAdminCenterAccountManagement.exe,,2.6.11.4,69340000,KERNELBASE.dll,10.0.26100.32230,93531557,e0434352,00000000000ca80a,,,,,,,,,,,0,,88a0a671-ead0-4612-a149-32c10b23a659,4196,,Not available,,,,,,\\?\C:\ProgramData\Microsoft\Windows\WER\ReportQueue\AppCrash_WindowsAdminCent_a6fb81939b9f405e50f372bdcaf57e747b9d9ae_67a50925_18517c4a-40fd-4842-a388-9f2d336e30df,,,,,,,,,,,,,,,,,,,,,,,,,
2026-04-04T23:51:05.334898Z,1001,dc.danglingtree.htb,Windows Error Reporting,Application,1683,4,,,,,,,,,"
\\?\C:\ProgramData\Microsoft\Windows\WER\Temp\WER.4f60373f-bbcb-41c8-a82a-ace36a5f422d.tmp.WERInternalMetadata.xml",,,0,,,,,,0,0,,,,,,,,,,,,,,,,,,,APPCRASH,,,,,,,,,,,,,,,,,,,WindowsAdminCenterAccountManagement.exe,,2.6.11.4,69340000,KERNELBASE.dll,10.0.26100.32230,93531557,e0434352,00000000000ca80a,,,,,,,,,,,0,,d7b70e89-9544-4afd-8131-86b61eaba5fa,4196,,Not available,,,,,,\\?\C:\ProgramData\Microsoft\Windows\WER\ReportQueue\AppCrash_WindowsAdminCent_a6fb81939b9f405e50f372bdcaf57e747b9d9ae_67a50925_3e71d999-fbb6-4d87-9da0-b9009dc9da5c,,,,,,,,,,,,,,,,,,,,,,,,,
2026-04-04T23:51:05.407780Z,1001,dc.danglingtree.htb,Windows Error Reporting,Application,1684,4,,,,,,,,,"
\\?\C:\ProgramData\Microsoft\Windows\WER\Temp\WER.1982577a-4407-4e71-8095-8b4a8d923525.tmp.WERInternalMetadata.xml",,,0,,,,,,0,0,,,,,,,,,,,,,,,,,,,APPCRASH,,,,,,,,,,,,,,,,,,,WindowsAdminCenterAccountManagement.exe,,2.6.11.4,69340000,KERNELBASE.dll,10.0.26100.32230,93531557,e0434352,00000000000ca80a,,,,,,,,,,,0,,3debe1d9-dfee-4ff9-8042-2f0c90970f96,4196,,Not available,,,,,,\\?\C:\ProgramData\Microsoft\Windows\WER\ReportQueue\AppCrash_WindowsAdminCent_a6fb81939b9f405e50f372bdcaf57e747b9d9ae_67a50925_889ef46f-49f7-40db-b9dd-612754b15230,,,,,,,,,,,,,,,,,,,,,,,,,
2026-04-04T23:51:05.458102Z,1001,dc.danglingtree.htb,Windows Error Reporting,Application,1685,4,,,,,,,,,"
\\?\C:\ProgramData\Microsoft\Windows\WER\Temp\WER.40401428-b157-48f0-ba74-ba1f20524db3.tmp.WERInternalMetadata.xml
\\?\C:\ProgramData\Microsoft\Windows\WER\Temp\WER.c1420784-8d95-476d-bb61-d2d6a42dd889.tmp.csv
\\?\C:\ProgramData\Microsoft\Windows\WER\Temp\WER.4e5be364-9a78-48ea-ae05-3fc4aabadb6b.tmp.txt
\\?\C:\ProgramData\Microsoft\Windows\WER\Temp\WER.52d6f2c9-9b58-4b51-bd42-bced27f47a17.tmp.xml
\\?\C:\ProgramData\Microsoft\Windows\WER\Temp\WER.ee8f3c4d-cb38-4f88-8443-bee6b8d959e5.tmp.mdmp
\\?\C:\ProgramData\Microsoft\Windows\WER\ReportQueue\Critical_powershell.exe_5e458e2e3d5289f825289b586821f771a1cfa9b_00000000_cab_b71bf056-56d0-4ee1-8704-7cdf3b1651be\memory.hdmp
\\?\C:\Users\Administrator\AppData\Local\Temp\WER.c689e076-6800-4863-a403-9dc9446f5caf.tmp.WERDataCollectionStatus.txt",,,0,,,,,,0,0,,,,,,,,,,,,,,,,,,,PowerShell,,,,,,,,,,,,,,,,,,,powershell.exe,,10.0.26100.7462,System.InvalidOperationException,System.InvalidOperationException,unknown,owerShell.Internal.GB18030BugFixConsolePal.ReadKey,PSRead..adKey Thread,,,,,,,,,,,,0,,b71bf056-56d0-4ee1-8704-7cdf3b1651be,100,,Not available,,,,,,\\?\C:\ProgramData\Microsoft\Windows\WER\ReportQueue\Critical_powershell.exe_5e458e2e3d5289f825289b586821f771a1cfa9b_00000000_cab_b71bf056-56d0-4ee1-8704-7cdf3b1651be,,,,,,,,,,,,,,,,,,,,,,,,,
2026-04-04T23:51:05.528855Z,1001,dc.danglingtree.htb,Windows Error Reporting,Application,1686,4,,,,,,,,,"
\\?\C:\ProgramData\Microsoft\Windows\WER\Temp\WER.62f3c78b-deaf-481f-ade8-11fcffaa8ca7.tmp.WERInternalMetadata.xml
\\?\C:\ProgramData\Microsoft\Windows\WER\Temp\WER.6b6f48e1-3a2d-4fb2-ac84-db0364d8ef35.tmp.csv
\\?\C:\ProgramData\Microsoft\Windows\WER\Temp\WER.c55f7015-41ff-40db-b378-41da9c7f127c.tmp.txt
\\?\C:\ProgramData\Microsoft\Windows\WER\Temp\WER.572031f4-3fc9-49ae-946d-a00d5cf369cf.tmp.xml
\\?\C:\ProgramData\Microsoft\Windows\WER\Temp\WER.6bba3d72-06b6-4ae6-8cf1-93b6876bbd2e.tmp.mdmp
\\?\C:\ProgramData\Microsoft\Windows\WER\ReportQueue\Critical_powershell.exe_5e458e2e3d5289f825289b586821f771a1cfa9b_00000000_cab_96da6391-ab92-4b0e-a569-5a903f8defb1\memory.hdmp
\\?\C:\Users\Administrator\AppData\Local\Temp\WER.44e75a98-f36b-4003-9bd0-41cd3cc5a6a7.tmp.WERDataCollectionStatus.txt",,,0,,,,,,0,0,,,,,,,,,,,,,,,,,,,PowerShell,,,,,,,,,,,,,,,,,,,powershell.exe,,10.0.26100.7462,System.InvalidOperationException,System.InvalidOperationException,unknown,owerShell.Internal.GB18030BugFixConsolePal.ReadKey,PSRead..adKey Thread,,,,,,,,,,,,0,,96da6391-ab92-4b0e-a569-5a903f8defb1,100,,Not available,,,,,,\\?\C:\ProgramData\Microsoft\Windows\WER\ReportQueue\Critical_powershell.exe_5e458e2e3d5289f825289b586821f771a1cfa9b_00000000_cab_96da6391-ab92-4b0e-a569-5a903f8defb1,,,,,,,,,,,,,,,,,,,,,,,,,
2026-04-04T23:51:05.574455Z,1001,dc.danglingtree.htb,Windows Error Reporting,Application,1687,4,,,,,,,,,"
\\?\C:\ProgramData\Microsoft\Windows\WER\Temp\WER.cd7ea8ce-ee41-475a-b1e2-81a4c59082ba.tmp.WERInternalMetadata.xml",,,0,,,,,,0,0,,,,,,,,,,,,,,,,,,,APPCRASH,,,,,,,,,,,,,,,,,,,WindowsAdminCenterAccountManagement.exe,,2.6.11.4,69340000,KERNELBASE.dll,10.0.26100.32230,93531557,e0434352,00000000000ca80a,,,,,,,,,,,0,,1746a3b8-077f-4fb3-8c1e-1cf8d0d4c83f,4196,,Not available,,,,,,\\?\C:\ProgramData\Microsoft\Windows\WER\ReportQueue\AppCrash_WindowsAdminCent_a6fb81939b9f405e50f372bdcaf57e747b9d9ae_67a50925_59a00db3-7249-4108-b6f9-d9c40ea2fe59,,,,,,,,,,,,,,,,,,,,,,,,,
2026-04-04T23:51:05.614708Z,1001,dc.danglingtree.htb,Windows Error Reporting,Application,1688,4,,,,,,,,,"
\\?\C:\ProgramData\Microsoft\Windows\WER\Temp\WER.06619afd-d8ec-41cd-947a-3c87c6a19cb7.tmp.WERInternalMetadata.xml",,,0,,,,,,0,0,,,,,,,,,,,,,,,,,,,APPCRASH,,,,,,,,,,,,,,,,,,,WindowsAdminCenterAccountManagement.exe,,2.6.11.4,69340000,KERNELBASE.dll,10.0.26100.32230,93531557,e0434352,00000000000ca80a,,,,,,,,,,,0,,e21d5eae-d822-410f-af2c-2964a7f8ba5a,4196,,Not available,,,,,,\\?\C:\ProgramData\Microsoft\Windows\WER\ReportQueue\AppCrash_WindowsAdminCent_a6fb81939b9f405e50f372bdcaf57e747b9d9ae_67a50925_247019e6-e577-4e49-a157-60c07796b8db,,,,,,,,,,,,,,,,,,,,,,,,,
2026-04-04T23:51:05.654290Z,1001,dc.danglingtree.htb,Windows Error Reporting,Application,1689,4,,,,,,,,,"
\\?\C:\ProgramData\Microsoft\Windows\WER\Temp\WER.1458da03-42a8-4223-8a27-b6347feefa0c.tmp.mdmp
\\?\C:\ProgramData\Microsoft\Windows\WER\Temp\WER.f38af2a4-ab3d-41b4-9a65-8bec27dfdaff.tmp.WERInternalMetadata.xml
\\?\C:\ProgramData\Microsoft\Windows\WER\Temp\WER.8f4c3db4-de71-4886-9b47-763c1d5367bb.tmp.csv
\\?\C:\ProgramData\Microsoft\Windows\WER\Temp\WER.88d1528e-b950-42cd-8943-ca1103fa390f.tmp.txt
\\?\C:\ProgramData\Microsoft\Windows\WER\Temp\WER.eef51ec4-7a34-408e-aa21-f9751cc2a74e.tmp.xml
\\?\C:\Users\svc_mail\AppData\Local\Temp\WER.e6f9d246-dd45-4746-b3d4-99ae51425bd0.tmp.appcompat.txt
\\?\C:\ProgramData\Microsoft\Windows\WER\ReportQueue\AppCrash_MicrosoftWindows_9f86a51281dab8c088db1448d07468a41d6f1226_23fe3459_cab_f523e223-9c49-4508-a8bb-290bf7d7b18c\memory.hdmp",,,0,,,,,,0,0,,,,,,,,,,,,,,,,,,,MoAppCrash,,,,,,,,,,,,,,,,,,,MicrosoftWindows.Client.CBS_1000.26100.275.0_x64__cw5n1h2txyewy,,praid:Global.Accounts,10.0.26100.1,5bc61463,combase.dll,10.0.26100.32230,afe300b1,d0020017,000000000008eea4,,,,,,,,,,0,,53e5e329-beb7-4040-b291-c6f9d833b982,100,,Not available,,,,,,\\?\C:\ProgramData\Microsoft\Windows\WER\ReportQueue\AppCrash_MicrosoftWindows_9f86a51281dab8c088db1448d07468a41d6f1226_23fe3459_cab_f523e223-9c49-4508-a8bb-290bf7d7b18c,,,,,,,,,,,,,,,,,,,,,,,,,
2026-04-04T23:51:05.700114Z,1001,dc.danglingtree.htb,Windows Error Reporting,Application,1690,4,,,,,,,,,"
\\?\C:\ProgramData\Microsoft\Windows\WER\Temp\WER.1b7ef4f7-073c-40a2-8c25-6b8b3848601d.tmp.WERInternalMetadata.xml",,,0,,,,,,0,0,,,,,,,,,,,,,,,,,,,APPCRASH,,,,,,,,,,,,,,,,,,,WindowsAdminCenterAccountManagement.exe,,2.6.11.4,69340000,KERNELBASE.dll,10.0.26100.32230,93531557,e0434352,00000000000ca80a,,,,,,,,,,,0,,14679b8b-5891-4ba9-93c9-a689669208a4,4196,,Not available,,,,,,\\?\C:\ProgramData\Microsoft\Windows\WER\ReportQueue\AppCrash_WindowsAdminCent_a6fb81939b9f405e50f372bdcaf57e747b9d9ae_67a50925_eddd456a-f468-48ec-b83e-6abcc0e4f1a3,,,,,,,,,,,,,,,,,,,,,,,,,
2026-04-04T23:51:05.738294Z,1001,dc.danglingtree.htb,Windows Error Reporting,Application,1691,4,,,,,,,,,"
\\?\C:\ProgramData\Microsoft\Windows\WER\Temp\WER.bdd90792-a7a2-4472-8a09-2418a9ebb202.tmp.WERInternalMetadata.xml",,,0,,,,,,0,0,,,,,,,,,,,,,,,,,,,APPCRASH,,,,,,,,,,,,,,,,,,,WindowsAdminCenterAccountManagement.exe,,2.6.11.4,69340000,KERNELBASE.dll,10.0.26100.32230,93531557,e0434352,00000000000ca80a,,,,,,,,,,,0,,395fe2f3-a6ae-465b-9c33-e9282dde5b9c,4196,,Not available,,,,,,\\?\C:\ProgramData\Microsoft\Windows\WER\ReportQueue\AppCrash_WindowsAdminCent_a6fb81939b9f405e50f372bdcaf57e747b9d9ae_67a50925_c105b3c0-7cbf-4167-a9d6-06b774739bdb,,,,,,,,,,,,,,,,,,,,,,,,,
2026-04-04T23:51:05.777815Z,1001,dc.danglingtree.htb,Windows Error Reporting,Application,1692,4,,,,,,,,,"
\\?\C:\ProgramData\Microsoft\Windows\WER\Temp\WER.a269a01d-15b3-4137-83fa-115ee09a19b5.tmp.WERInternalMetadata.xml",,,0,,,,,,0,0,,,,,,,,,,,,,,,,,,,APPCRASH,,,,,,,,,,,,,,,,,,,WindowsAdminCenterAccountManagement.exe,,2.6.11.4,69340000,KERNELBASE.dll,10.0.26100.32230,93531557,e0434352,00000000000ca80a,,,,,,,,,,,0,,dd3ab9ff-9ef4-428e-a731-050dce30185f,4196,,Not available,,,,,,\\?\C:\ProgramData\Microsoft\Windows\WER\ReportQueue\AppCrash_WindowsAdminCent_a6fb81939b9f405e50f372bdcaf57e747b9d9ae_67a50925_e9234eb8-a24b-4f66-b300-e29d75b70559,,,,,,,,,,,,,,,,,,,,,,,,,
2026-04-04T23:51:05.824089Z,1001,dc.danglingtree.htb,Windows Error Reporting,Application,1693,4,,,,,,,,,"
\\?\C:\ProgramData\Microsoft\Windows\WER\Temp\WER.888024aa-3ba1-4e02-99df-611829dfbb87.tmp.WERInternalMetadata.xml",,,0,,,,,,0,0,,,,,,,,,,,,,,,,,,,APPCRASH,,,,,,,,,,,,,,,,,,,WindowsAdminCenterAccountManagement.exe,,2.6.11.4,69340000,KERNELBASE.dll,10.0.26100.32230,93531557,e0434352,00000000000ca80a,,,,,,,,,,,0,,491fbeb1-d6d1-451b-969f-e38a8e260306,4196,,Not available,,,,,,\\?\C:\ProgramData\Microsoft\Windows\WER\ReportQueue\AppCrash_WindowsAdminCent_a6fb81939b9f405e50f372bdcaf57e747b9d9ae_67a50925_d25aa3ba-f86d-456a-a7b2-7ed9d9e43713,,,,,,,,,,,,,,,,,,,,,,,,,
2026-04-04T23:52:00.697612Z,1001,dc.danglingtree.htb,Microsoft-Windows-LoadPerf,Application,1694,4,,,,,,,,,,,,,,,,,,,,,,,,,,,,,,,,,,,,,,,,,,,,,,,,,,,,,,,,,,,,,,,,,,,,,,,,,,,,,,,,,,,,,,,,,,,,,,,,,LoadPerf,DA3C0000C4020000,8,,WmiApRpl,,,,WmiApRpl,,,,,,,
2026-04-04T23:52:00.731071Z,1000,dc.danglingtree.htb,Microsoft-Windows-LoadPerf,Application,1695,4,,,,,,,,,,,,,,,,,,,,,,,,,,,,,,,,,,,,,,,,,,,,,,,,,,,,,,,,,,,,,,,,,,,,,,,,,,,,,,,,,,,,,,,,,,,,,,,,,LoadPerf,DC3C0000823D0000,8,,WmiApRpl,,,,WmiApRpl,,,,,,,
2026-04-04T23:53:49.781516Z,"{'#attributes': {'Qualifiers': 49152}, '#text': 16394}",dc.danglingtree.htb,Microsoft-Windows-Security-SPP,Application,1696,4,,,,,,,,,,,,,,,,,,,,,,,,,,,,,,,,,,,,,,,,,,,,,,,,,,,,,,,,,,,,,,,,,,,,,,,,,,,,,,,,,,,,,,,,,,,,,,,,,,,,,,,,,,,,,,,,
2026-04-04T23:54:20.034876Z,"{'#attributes': {'Qualifiers': 16384}, '#text': 16384}",dc.danglingtree.htb,Microsoft-Windows-Security-SPP,Application,1697,4,,,,,,,,,,,,,,,,,,,,,,,,2026-08-23T06:40:20Z,RulesEngine,,,,,,,,,,,,,,,,,,,,,,,,,,,,,,,,,,,,,,,,,,,,,,,,,,,,,,,,,,,,,,,,,,,,,,,,,,,,,,,,,,,,,,,
2026-04-04T23:55:53.540260Z,"{'#attributes': {'Qualifiers': 0}, '#text': 0}",dc.danglingtree.htb,edgeupdate,Application,1698,4,,,,,,,,,,,,,,,,,,,,,,,Service stopped,,,,,,,,,,,,,,,,,,,,,,,,,,,,,,,,,,,,,,,,,,,,,,,,,,,,,,,,,,,,,,,,,,,,,,,,,,,,,,,,,,,,,,,,,
2026-04-04T23:58:19.990357Z,"{'#attributes': {'Qualifiers': 16384}, '#text': 1704}",dc.danglingtree.htb,SceCli,Application,1699,4,,,,,,,,,,,,,,,,,,,,,,,,,,,,,,,,,,,,,,,,,,,,,,,,,,,,,,,,,,,,,,,,,,,,,,,,,,,,,,,,,,,,,,,,,,,,,,,,,,,,,,,,,,,,,,,,
2026-04-04T23:59:11.851453Z,"{'#attributes': {'Qualifiers': 0}, '#text': 102}",dc.danglingtree.htb,ESENT,Application,1700,4,,,,,,,,,,,,,,,,,,,,,,,,svchost,"5828,P,98,0",DS_Token_DB: ,0,10,00,26100,0000,,,,,,,,,,,,,,,,,,,,,,,,,,,,,,,,,,,,,,,,,,,,,,,,,,,,,,,,,,,,,,,,,,,,,,,,,,,,,,,,,
2026-04-04T23:59:11.855414Z,"{'#attributes': {'Qualifiers': 0}, '#text': 300}",dc.danglingtree.htb,ESENT,Application,1701,4,,,,,,,,,,,,,,,,,,,,,,,,svchost,"5828,R,98,0",DS_Token_DB: ,,,,,,,,,,,,,,,,,,,,,,,,,,,,,,,,,,,,,,,,,,,,,,,,,,,,,,,,,,,,,,,,,,,,,,,,,,,,,,,,,,,,,,
2026-04-04T23:59:11.899306Z,"{'#attributes': {'Qualifiers': 0}, '#text': 301}",dc.danglingtree.htb,ESENT,Application,1702,4,,,,,,,,,,,,,,,,,,,,,,,,svchost,"5828,R,98,0",DS_Token_DB: ,C:\WINDOWS\system32\config\systemprofile\AppData\Local\DataSharing\Storage\DSS00001.log,"
[1] 0.042715 -0.029856 (222) CM -0.024135 (233) WT +J(CM:222, PgRf:281, Rd:0/222, Dy:0/0, Lg:53046/644) +M(C:8K, Fs:171, WS:592K # 592K, PF:576K # 580K, P:576K).",Insert   ,244,,,,,,,,,,,,,,,,,,,,,,,,,,,,,,,,,,,,,,,,,,,,,,,,,,,,,,,,,,,,,,,,,,,,,,,,,,,,,,,,,,
2026-04-04T23:59:11.902987Z,"{'#attributes': {'Qualifiers': 0}, '#text': 301}",dc.danglingtree.htb,ESENT,Application,1703,4,,,,,,,,,,,,,,,,,,,,,,,,svchost,"5828,R,98,0",DS_Token_DB: ,C:\WINDOWS\system32\config\systemprofile\AppData\Local\DataSharing\Storage\DSS.log,"
[1] 0.001256 -0.000810 (3) CM -0.000766 (3) WT +J(CM:3, PgRf:140, Rd:19/1, Dy:0/0, Lg:24286/293) +M(C:120K, Fs:35, WS:140K # 140K, PF:136K # 132K, P:136K).",Insert   ,97,,,,,,,,,,,,,,,,,,,,,,,,,,,,,,,,,,,,,,,,,,,,,,,,,,,,,,,,,,,,,,,,,,,,,,,,,,,,,,,,,,
2026-04-04T23:59:11.910208Z,"{'#attributes': {'Qualifiers': 0}, '#text': 302}",dc.danglingtree.htb,ESENT,Application,1704,4,,,,,,,,,,,,,,,,,,,,,,,,svchost,"5828,U,98,0",DS_Token_DB: ,,,,,,,,,,,,,,,,,,,,,,,,,,,,,,,,,,,,,,,,,,,,,,,,,,,,,,,,,,,,,,,,,,,,,,,,,,,,,,,,,,,,,,
2026-04-04T23:59:11.911786Z,"{'#attributes': {'Qualifiers': 0}, '#text': 105}",dc.danglingtree.htb,ESENT,Application,1705,4,,,,,,,,,,,,,,,,,,,,,,,,svchost,"5828,D,0,0",DS_Token_DB: ,0,0.069,"
[1] 0.003340 +J(0) +M(C:0K, Fs:255, WS:1004K # 1004K, PF:3488K # 3488K, P:3488K)
[2] 0.001754 +J(0) +M(C:8K, Fs:107, WS:424K # 424K, PF:328K # 328K, P:328K)
[3] 0.000024 +J(0) +M(C:0K, Fs:2, WS:4K # 4K, PF:68K # 68K, P:68K)
[4] 0.001167 +J(0) +M(C:0K, Fs:36, WS:144K # 144K, PF:172K # 172K, P:172K)
[5] 0.001312 +J(0) +M(C:0K, Fs:13, WS:52K # 52K, PF:28K # 28K, P:28K)
[6] 0.001970 +J(0) +M(C:0K, Fs:46, WS:184K # 184K, PF:20K # 20K, P:20K)
[7] 0.000854 -0.000521 (2) WT +J(0) +M(C:0K, Fs:39, WS:156K # 156K, PF:64K # 64K, P:64K)
[8] 0.045606 -0.029856 (222) CM -0.024799 (236) WT +J(CM:222, PgRf:281, Rd:0/222, Dy:0/0, Lg:53046/644) +M(C:8K, Fs:198, WS:692K # 692K, PF:648K # 652K, P:648K)
[9] 0.004168 -0.000810 (3) CM -0.001718 (7) WT +J(CM:3, PgRf:140, Rd:25/1, Dy:0/0, Lg:24286/293) +M(C:128K, Fs:56, WS:220K # 220K, PF:160K # 156K, P:160K) + 1 lgens
[10] 0.000542 -0.000115 (1) WT +J(0) +M(C:0K, Fs:0, WS:-60K # 0K, PF:-60K # 0K, P:-60K)
[11] 0.000069 +J(CM:0, PgRf:0, Rd:0/0, Dy:0/0, Lg:49/1) +M(C:0K, Fs:7, WS:28K # 0K, PF:0K # 0K, P:0K)
[12] 0.000188 +J(0)
[13] 0.007351 -0.000259 (2) CM -0.002093 (19) WT +J(CM:2, PgRf:2, Rd:0/2, Dy:0/0, Lg:8759/5) +M(C:0K, Fs:41, WS:44K # 76K, PF:32K # 40K, P:32K)
[14] 0.000010 +J(0)
[15] 0.000008 +J(0)
[16] 0.000219 -0.000090 (1) WT +J(0) +M(C:0K, Fs:2, WS:0K # 0K, PF:0K # 0K, P:0K).","lgposV2[] = 00000001:0001:0000 - 00000001:000E:01AA - 00000002:0007:0000 - 00000002:0007:0000 (00000000:0000:0000)
cReInits = 1
RBSOn = 0
",,,,,,,,,,,,,,,,,,,,,,,,,,,,,,,,,,,,,,,,,,,,,,,,,,,,,,,,,,,,,,,,,,,,,,,,,,,,,,,,,,
2026-04-04T23:59:11.916559Z,"{'#attributes': {'Qualifiers': 0}, '#text': 326}",dc.danglingtree.htb,ESENT,Application,1706,4,,,,,,,,,,,,,,,,,,,,,,,,svchost,"5828,D,50,0",DS_Token_DB: ,1,C:\WINDOWS\system32\config\systemprofile\AppData\Local\DataSharing\Storage\DSTokenDB2.dat,0,"
[1] 0.000002 +J(0)
[2] 0.000430 -0.000132 (1) WT +J(0) +M(C:0K, Fs:17, WS:4K # 4K, PF:4K # 4K, P:4K)
[3] 0.002651 -0.000477 (6) WT +J(CM:0, PgRf:0, Rd:0/0, Dy:0/0, Lg:3480/2) +M(C:0K, Fs:6, WS:20K # 0K, PF:20K # 0K, P:20K)
[4] 0.000358 +J(0) +M(C:0K, Fs:1, WS:4K # 0K, PF:4K # 0K, P:4K)
[5] -
[6] 0.000024 +J(CM:0, PgRf:2, Rd:0/0, Dy:0/0, Lg:0/0)
[7] 0.000001 +J(0)
[8] 0.000142 +J(CM:0, PgRf:1, Rd:4/0, Dy:0/0, Lg:0/0) +M(C:0K, Fs:21, WS:84K # 44K, PF:196K # 156K, P:196K)
[9] -
[10] -
[11] -
[12] 0.000013 +J(CM:0, PgRf:0, Rd:0/0, Dy:0/0, Lg:54/1) +M(C:0K, Fs:1, WS:4K # 4K, PF:20K # 20K, P:20K)
[13] 0.000112 +J(CM:0, PgRf:23, Rd:0/0, Dy:0/0, Lg:0/0) +M(C:0K, Fs:16, WS:64K # 64K, PF:4K # 4K, P:4K)
[14] 0.000071 +J(CM:0, PgRf:40, Rd:0/0, Dy:0/0, Lg:0/0) +M(C:0K, Fs:5, WS:20K # 20K, PF:0K # 0K, P:0K)
[15] 0.000005 +J(CM:0, PgRf:1, Rd:0/0, Dy:0/0, Lg:0/0)
[16] 0.000008 +J(CM:0, PgRf:1, Rd:0/0, Dy:0/0, Lg:0/0) +M(C:0K, Fs:1, WS:4K # 4K, PF:0K # 0K, P:0K)
[17] 0.000050 +J(CM:0, PgRf:42, Rd:0/0, Dy:0/0, Lg:0/0) +M(C:0K, Fs:6, WS:24K # 24K, PF:0K # 0K, P:0K)
[18] 0.000001 +J(0)
[19] 0.0 +J(0)
[20] 0.000025 +J(CM:0, PgRf:3, Rd:0/0, Dy:0/0, Lg:0/0) +M(C:0K, Fs:2, WS:8K # 8K, PF:0K # 0K, P:0K).",1 0,"lgposAttach = 00000002:0009:0268,
dbv = 1568.300.620 (9620)",,,,,,,,,,,,,,,,,,,,,,,,,,,,,,,,,,,,,,,,,,,,,,,,,,,,,,,,,,,,,,,,,,,,,,,,,,,,,,,,
2026-04-05T00:02:11.477508Z,"{'#attributes': {'Qualifiers': 0}, '#text': 8224}",dc.danglingtree.htb,VSS,Application,1707,4,,,,,,,,,,2D20436F64653A2020434F525356434330303030303737322D2043616C6C3A2020434F525356434330303030303735342D205049443A202030303030303630302D205449443A202030303030363135322D20434D443A2020433A5C57494E444F57535C73797374656D33325C76737376632E6578652020202D20557365723A204E616D653A204E5420415554484F524954595C53595354454D2C205349443A532D312D352D313820,,,,,,,,,,,,,,,,,,,,,,,,,,,,,,,,,,,,,,,,,,,,,,,,,,,,,,,,,,,,,,,,,,,,,,,,,,,,,,,,,,,,,,,,,,,,,,,,,,,,,,
2026-04-05T00:05:38.885772Z,"{'#attributes': {'Qualifiers': 32768}, '#text': 6000}",dc.danglingtree.htb,Microsoft-Windows-Winlogon,Application,1708,4,,,,,,,,,,D9060000,,,,,,,,,,,,,WSearch,,,,,,,,,,,,,,,,,,,,,,,,,,,,,,,,,,,,,,,,,,,,,,,,,,,,,,,,,,,,,,,,,,,,,,,,,,,,,,,,,,,,,,,,,
2026-04-05T00:05:44.035419Z,"{'#attributes': {'Qualifiers': 0}, '#text': 260}",dc.danglingtree.htb,VMUpgradeHelper,Application,1709,4,,,,,,,,,,,,,,,,,,,,,,,,,,,,,,,,,,,,,,,,,,,,,,,,,,,,,,,,,,,,,,,,,,,,,,,,,,,,,,,,,,,,,,,,,,,,,,,,,,,,,,,,,,,,,,,,
2026-04-05T00:05:44.035786Z,"{'#attributes': {'Qualifiers': 0}, '#text': 272}",dc.danglingtree.htb,VMUpgradeHelper,Application,1710,4,,,,,,,,,,,,,,,,,,,,,,,,,,,,,,,,,,,,,,,,,,,,,,,,,,,,,,,,,,,,,,,,,,,,,,,,,,,,,,,,,,,,,,,,,,,,,,,,,,,,,,,,,,,,,,,,
2026-04-05T00:05:44.043196Z,"{'#attributes': {'Qualifiers': 0}, '#text': 108}",dc.danglingtree.htb,VMTools,Application,1711,4,,,,,,,,,,,,,,,,,,,,,,,,,,,,,,,,,,,,,,,,,,,,,,,,,,,,,,,,,,,,,,,,,,,,,,,,,,,,,,,,,,,,,,,,,,,,,,,,,,,,,,,,,,,,,,,,
2026-04-05T00:05:44.218380Z,"{'#attributes': {'Qualifiers': 0}, '#text': 13}",dc.danglingtree.htb,VSS,Application,1712,2,,,,,,,,,,2D20436F64653A20575254575254494330303030343932332D2043616C6C3A20575254575254494330303030343931362D205049443A202030303030333234302D205449443A202030303030333432302D20434D443A2020433A5C57494E444F57535C73797374656D33325C737663686F73742E657865202D6B20617070686F7374202D7320417070486F73745376632D20557365723A204E616D653A204E5420415554484F524954595C53595354454D2C205349443A532D312D352D313820,,,,,,,,,,,,,,{4e14fba2-2e22-11d1-9964-00c04fbbb345},CEventSystem,"0x8007045b, A system shutdown is in progress.
",,,,,,,,,,,,,,,,,,,,,,,,,,,,,,,,,,,,,,,,,,,,,,,,,,,,,,,,,,,,,,,,,,,,,,,,,,,,,,,,,,,,,,
2026-04-05T00:05:44.219602Z,"{'#attributes': {'Qualifiers': 0}, '#text': 8193}",dc.danglingtree.htb,VSS,Application,1713,2,,,,,,,,,,2D20436F64653A20575254575254494330303030343933302D2043616C6C3A20575254575254494330303030343931362D205049443A202030303030333234302D205449443A202030303030333432302D20434D443A2020433A5C57494E444F57535C73797374656D33325C737663686F73742E657865202D6B20617070686F7374202D7320417070486F73745376632D20557365723A204E616D653A204E5420415554484F524954595C53595354454D2C205349443A532D312D352D313820,,,,,,,,,,,,,,CoCreateInstance,"0x8007045b, A system shutdown is in progress.
",,,,,,,,,,,,,,,,,,,,,,,,,,,,,,,,,,,,,,,,,,,,,,,,,,,,,,,,,,,,,,,,,,,,,,,,,,,,,,,,,,,,,,,
2026-04-05T00:05:44.221654Z,"{'#attributes': {'Qualifiers': 16384}, '#text': 4111}",dc.danglingtree.htb,Microsoft-Windows-MSDTC,Application,1714,4,,,,,,,,,,4D005300440054004300,,,,,,,,,,,,,,,,,,,,,,,,,,,,,,,,,,,,,,,,,,,,,,,,,,,,,,,,,,,,,,,,,,,,,,,,,,,,,,,,,,,,,,,,,,,,,,,,,,,,,,
2026-04-05T00:05:44.245870Z,"{'#attributes': {'Qualifiers': 0}, '#text': 13}",dc.danglingtree.htb,VSS,Application,1715,2,,,,,,,,,,2D20436F64653A20575254575254494330303030343932332D2043616C6C3A20575254575254494330303030343931362D205049443A202030303030333234302D205449443A202030303030333432302D20434D443A2020433A5C57494E444F57535C73797374656D33325C737663686F73742E657865202D6B20617070686F7374202D7320417070486F73745376632D20557365723A204E616D653A204E5420415554484F524954595C53595354454D2C205349443A532D312D352D313820,,,,,,,,,,,,,,{4e14fba2-2e22-11d1-9964-00c04fbbb345},CEventSystem,"0x8007045b, A system shutdown is in progress.
",,,,,,,,,,,,,,,,,,,,,,,,,,,,,,,,,,,,,,,,,,,,,,,,,,,,,,,,,,,,,,,,,,,,,,,,,,,,,,,,,,,,,,
2026-04-05T00:05:44.256748Z,1532,dc.danglingtree.htb,Microsoft-Windows-User Profiles Service,Application,1716,4,,,,,,,,,,,,,,,,,,,,,,,,,,,,,,,,,,,,,,,,,,,,,,,,,,,,,,,,,,,,,,,,,,,,,,,,,,,,,,,,,,,,,,,,,,,,,,,,,,,,,,,,,,,,,,,,
2026-04-05T00:05:44.318085Z,38,dc.danglingtree.htb,Microsoft-Windows-CertificationAuthority,Application,1717,4,,,,,,,,,,,,,,,,,danglingtree-DC-CA,,,,,,,,,,,,,,,,,,,,,,,,,,,,,,,,,,,,,,,,,,,,,,,,,,,,,,,,,,,,,,,,,,,,,,,,,,,,,,,MSG_I_SERVER_STOPPED,,,,,,,,,,,,,,,,
2026-04-05T00:52:20.033100Z,1531,dc.danglingtree.htb,Microsoft-Windows-User Profiles Service,Application,1718,4,,,,,,,,,,,,,,,,,,,,,,,,,,,,,,,,,,,,,,,,,,,,,,,,,,,,,,,,,,,,,,,,,,,,,,,,,,,,,,,,,,,,,,,,,,,,,,,,,,,,,,,,,,,,,,,,
2026-04-05T00:52:29.933191Z,"{'#attributes': {'Qualifiers': 0}, '#text': 105}",dc.danglingtree.htb,VMTools,Application,1719,4,,,,,,,,,,,,,,,,,,,,,,,,,,,,,,,,,,,,,,,,,,,,,,,,,,,,,,,,,,,,,,,,,,,,,,,,,,,,,,,,,,,,,,,,,,,,,,,,,,,,,,,,,,,,,,,,
2026-04-05T00:52:30.049644Z,"{'#attributes': {'Qualifiers': 16384}, '#text': 900}",dc.danglingtree.htb,Microsoft-Windows-Security-SPP,Application,1720,4,,,,,,,,,,,,,,,,,,,,,,,TriggerStarted:6,,,,,,,,,,,,,,,,,,,,,,,,,,,,,,,,,,,,,,,,,,,,,,,,,,,,,,,,,,,,,,,,,,,,,,,,,,,,,,,,,,,,,,,,,
2026-04-05T00:52:30.171278Z,"{'#attributes': {'Qualifiers': 49152}, '#text': 16394}",dc.danglingtree.htb,Microsoft-Windows-Security-SPP,Application,1721,4,,,,,,,,,,,,,,,,,,,,,,,,,,,,,,,,,,,,,,,,,,,,,,,,,,,,,,,,,,,,,,,,,,,,,,,,,,,,,,,,,,,,,,,,,,,,,,,,,,,,,,,,,,,,,,,,
2026-04-05T00:52:30.259505Z,"{'#attributes': {'Qualifiers': 16384}, '#text': 1066}",dc.danglingtree.htb,Microsoft-Windows-Security-SPP,Application,1722,4,,,,,,,,,,,,,,,,,,,,,,,"C:\WINDOWS\system32\sppwinob.dll, msft:spp/windowsfunctionality/agent/7.0, 0x00000000, 0x00000000
C:\WINDOWS\system32\sppobjs.dll, msft:rm/algorithm/inherited/1.0, 0x00000000, 0x00000000
C:\WINDOWS\system32\sppobjs.dll, msft:rm/algorithm/phone/1.0, 0x00000000, 0x00000000
C:\WINDOWS\system32\sppobjs.dll, msft:rm/algorithm/pkey/detect, 0x00000000, 0x00000000
C:\WINDOWS\system32\sppobjs.dll, msft:spp/ActionScheduler/1.0, 0x00000000, 0x00000000
C:\WINDOWS\system32\sppobjs.dll, msft:spp/TaskScheduler/1.0, 0x00000000, 0x00000000
C:\WINDOWS\system32\sppobjs.dll, msft:spp/statecollector/pkey, 0x00000000, 0x00000000
C:\WINDOWS\system32\sppobjs.dll, msft:spp/volume/services/kms/1.0, 0x00000000, 0x00000000
C:\WINDOWS\system32\sppobjs.dll, msft:spp/volume/services/kms/activationinfo/1.0, 0x00000000, 0x00000000
",,,,,,,,,,,,,,,,,,,,,,,,,,,,,,,,,,,,,,,,,,,,,,,,,,,,,,,,,,,,,,,,,,,,,,,,,,,,,,,,,,,,,,,,,
2026-04-05T00:52:30.412340Z,"{'#attributes': {'Qualifiers': 16384}, '#text': 1034}",dc.danglingtree.htb,Microsoft-Windows-Security-SPP,Application,1723,4,,,,,,,,,,,,,,,,,,,,,,,,Security-SPP-Reserved-LicenseProperties,100,,,,,,,,,,,,,,,,,,,,,,,,,,,,,,,,,,,,,,,,,,,,,,,,,,,,,,,,,,,,,,,,,,,,,,,,,,,,,,,,,,,,,,,
2026-04-05T00:52:30.413241Z,"{'#attributes': {'Qualifiers': 16384}, '#text': 1033}",dc.danglingtree.htb,Microsoft-Windows-Security-SPP,Application,1724,4,,,,,,,,,,,,,,,,,,,,,,,,(Security-SPP-Reserved-EnableNotificationMode) ,55c92734-d682-4d71-983e-d6ec3f16059f,753c53a2-4274-4339-8c2e-f66c0b9646c5,,,,,,,,,,,,,,,,,,,,,,,,,,,,,,,,,,,,,,,,,,,,,,,,,,,,,,,,,,,,,,,,,,,,,,,,,,,,,,,,,,,,,,
2026-04-05T00:52:30.418300Z,"{'#attributes': {'Qualifiers': 16384}, '#text': 1003}",dc.danglingtree.htb,Microsoft-Windows-Security-SPP,Application,1725,4,,,,,,,,,,,,,,,,,,,,,,,,55c92734-d682-4d71-983e-d6ec3f16059f,"
1: 753c53a2-4274-4339-8c2e-f66c0b9646c5, 1, 0 [(0 [0x00000000, 1, 0], [(?)( 1 0x00000000)(?)( 2 0x00000000 0 0 msft:rm/algorithm/hwid/4.0 0x00000000 0)(?)( 9 0x00000000 180 245149)( 10 0x00000000 msft:rm/algorithm/flags/1.0)(?)])(1 )(2 )(3 )]

",,,,,,,,,,,,,,,,,,,,,,,,,,,,,,,,,,,,,,,,,,,,,,,,,,,,,,,,,,,,,,,,,,,,,,,,,,,,,,,,,,,,,,,
2026-04-05T00:52:30.428149Z,"{'#attributes': {'Qualifiers': 32768}, '#text': 1037}",dc.danglingtree.htb,Microsoft-Windows-Security-SPP,Application,1726,4,,,,,,,,,,,,,,,,,,,,,,,,validity,245149,,,,,,,,,,,,,,,,,,,,,,,,,,,,,,,,,,,,,,,,,,,,,,,,,,,,,,,,,,,,,,,,,,,,,,,,,,,,,,,,,,,,,,,
2026-04-05T00:52:30.443319Z,"{'#attributes': {'Qualifiers': 16384}, '#text': 902}",dc.danglingtree.htb,Microsoft-Windows-Security-SPP,Application,1727,0,,,,,,,,,,,,,,,,,,,,,,,10.0.26100.32230,,,,,,,,,,,,,,,,,,,,,,,,,,,,,,,,,,,,,,,,,,,,,,,,,,,,,,,,,,,,,,,,,,,,,,,,,,,,,,,,,,,,,,,,,
2026-04-05T00:52:30.574341Z,"{'#attributes': {'Qualifiers': 0}, '#text': 258}",dc.danglingtree.htb,VMUpgradeHelper,Application,1728,4,,,,,,,,,,,,,,,,,,,,,,,,,,,,,,,,,,,,,,,,,,,,,,,,,,,,,,,,,,,,,,,,,,,,,,,,,,,,,,,,,,,,,,,,,,,,,,,,,,,,,,,,,,,,,,,,
2026-04-05T00:52:30.560453Z,"{'#attributes': {'Qualifiers': 16384}, '#text': 781}",dc.danglingtree.htb,Microsoft-Windows-Complus,Application,1729,4,,,,,,,,,,,,,,,,,,,,,,,,,,,,,,,,,,,,,,,,,,,,,,,,,,,,,,,,,,,,,,,,,,,,,,,,,,,,,,,,,,,,,,,,,,,,,,,,,,,,,86400,,,,SuppressDuplicateDuration,Software\Microsoft\COM3\Eventlog,,,,,,
2026-04-05T00:52:30.811895Z,"{'#attributes': {'Qualifiers': 16384}, '#text': 4202}",dc.danglingtree.htb,Microsoft-Windows-MSDTC 2,Application,1730,4,,,,,,,,,,,,,,,,,,,,,,,,,,,,,,,,,,,,,,,,,,,,,,,,,,,,,,,,,,,,,,,,,,,,,,,,,,,,,,,,,,,,,,,,,,,,,,,,,,,,,0,0,0,1,0,0,0,0,0,1,Mutual Authentication Required,NT AUTHORITY\NetworkService
2026-04-05T00:52:29.945733Z,5615,dc.danglingtree.htb,Microsoft-Windows-WMI,Application,1731,4,,,,,,,,,,,,,,,,,,,,,,,,,,,,,,,,,,,,,,,,,,,,,,,,,,,,,,,,,,,,,,,,,,,,,,,,,,,,,,,,,,,,,,,,,,,,,,,,,,,,,,,,,,,,,,,,
2026-04-05T00:52:30.862124Z,"{'#attributes': {'Qualifiers': 0}, '#text': 271}",dc.danglingtree.htb,VMUpgradeHelper,Application,1732,4,,,,,,,,,,,,,,,,,,,,,,,,,,,,,,,,,,,,,,,,,,,,,,,,,,,,,,,,,,,,,,,,,,,,,,,,,,,,,,,,,,,,,,,,,,,,,,,,,,,,,,,,,,,,,,,,
2026-04-05T00:52:30.328387Z,5617,dc.danglingtree.htb,Microsoft-Windows-WMI,Application,1733,4,,,,,,,,,,,,,,,,,,,,,,,,,,,,,,,,,,,,,,,,,,,,,,,,,,,,,,,,,,,,,,,,,,,,,,,,,,,,,,,,,,,,,,,,,,,,,,,,,,,,,,,,,,,,,,,,
2026-04-05T00:52:31.174543Z,"{'#attributes': {'Qualifiers': 0}, '#text': 0}",dc.danglingtree.htb,WindowsAdminCenterAccountManagement,Application,1734,4,,,,,,,,,,,,,,,,,,,,,,,Service started successfully.,,,,,,,,,,,,,,,,,,,,,,,,,,,,,,,,,,,,,,,,,,,,,,,,,,,,,,,,,,,,,,,,,,,,,,,,,,,,,,,,,,,,,,,,,
2026-04-05T00:52:56.926340Z,"{'#attributes': {'Qualifiers': 0}, '#text': 102}",dc.danglingtree.htb,ESENT,Application,1735,4,,,,,,,,,,,,,,,,,,,,,,,,DFSRs,"3304,P,98,0",\\.\C:\System Volume Information\DFSR\database_E634_3FD1_343F_A409\dfsr.db: ,0,10,00,26100,0000,,,,,,,,,,,,,,,,,,,,,,,,,,,,,,,,,,,,,,,,,,,,,,,,,,,,,,,,,,,,,,,,,,,,,,,,,,,,,,,,,
2026-04-05T00:52:56.948145Z,"{'#attributes': {'Qualifiers': 0}, '#text': 105}",dc.danglingtree.htb,ESENT,Application,1736,4,,,,,,,,,,,,,,,,,,,,,,,,DFSRs,"3304,D,0,0",\\.\C:\System Volume Information\DFSR\database_E634_3FD1_343F_A409\dfsr.db: ,0,0.025,"
[1] 0.002600 +J(0) +M(C:0K, Fs:340, WS:1316K # 1316K, PF:6712K # 6704K, P:6712K)
[2] 0.000187 +J(0) +M(C:16K, Fs:109, WS:428K # 428K, PF:300K # 300K, P:300K)
[3] 0.000010 +J(0) +M(C:0K, Fs:2, WS:4K # 4K, PF:68K # 68K, P:68K)
[4] 0.000192 +J(0) +M(C:2032K, Fs:49, WS:112K # 116K, PF:2344K # 2344K, P:2344K)
[5] 0.000436 +J(0) +M(C:0K, Fs:14, WS:44K # 40K, PF:20K # 32K, P:20K)
[6] 0.000484 +J(0) +M(C:0K, Fs:15, WS:60K # 60K, PF:12K # 0K, P:12K)
[7] -
[8] -
[9] -
[10] -
[11] -
[12] -
[13] 0.016924 -0.010123 (22) WT +J(CM:0, PgRf:0, Rd:0/0, Dy:0/0, Lg:616/1) +M(C:0K, Fs:1491, WS:772K # 5868K, PF:20K # 5148K, P:20K)
[14] 0.000014 +J(0) +M(C:0K, Fs:1, WS:4K # 0K, PF:0K # 0K, P:0K)
[15] 0.000068 +J(0) +M(C:0K, Fs:66, WS:260K # 0K, PF:68K # 0K, P:68K)
[16] 0.004070 -0.000436 (3) WT +J(0) +M(C:0K, Fs:3, WS:4K # 0K, PF:0K # 0K, P:0K).","RBSOn = 0
",,,,,,,,,,,,,,,,,,,,,,,,,,,,,,,,,,,,,,,,,,,,,,,,,,,,,,,,,,,,,,,,,,,,,,,,,,,,,,,,,,
2026-04-05T00:52:56.957627Z,"{'#attributes': {'Qualifiers': 0}, '#text': 325}",dc.danglingtree.htb,ESENT,Application,1737,4,,,,,,,,,,,,,,,,,,,,,,,,DFSRs,"3304,D,35,0",\\.\C:\System Volume Information\DFSR\database_E634_3FD1_343F_A409\dfsr.db: ,1,\\.\C:\System Volume Information\DFSR\database_E634_3FD1_343F_A409\dfsr.db,0,"
[1] 0.000044 +J(0) +M(C:0K, Fs:3, WS:12K # 0K, PF:8K # 0K, P:8K)
[2] 0.001191 -0.000079 (1) WT +J(CM:0, PgRf:0, Rd:0/0, Dy:0/0, Lg:3480/2) +M(C:0K, Fs:2, WS:8K # 0K, PF:0K # 0K, P:0K)
[3] 0.002365 +J(0) +M(C:0K, Fs:12, WS:40K # 0K, PF:20K # 0K, P:20K)
[4] 0.000203 +J(0) +M(C:0K, Fs:2, WS:8K # 0K, PF:0K # 0K, P:0K)
[5] 0.000671 -0.000284 (3) WT +J(CM:0, PgRf:3, Rd:0/0, Dy:3/6, Lg:122/4) +M(C:0K, Fs:67, WS:260K # 0K, PF:248K # 0K, P:248K)
[6] 0.000832 -0.000117 (2) WT +J(CM:0, PgRf:215, Rd:0/0, Dy:12/420, Lg:24454/461) +M(C:0K, Fs:84, WS:336K # 0K, PF:224K # 0K, P:224K)
[7] 0.000295 -0.000140 (3) WT +J(CM:0, PgRf:0, Rd:0/0, Dy:0/0, Lg:4096/3) +M(C:0K, Fs:6, WS:16K # 0K, PF:0K # 0K, P:0K)
[8] 0.000001 +J(0)
[9] 0.000879 -0.000621 (3) WT +J(0) +M(C:-52K, Fs:7, WS:-32K # 0K, PF:-48K # 0K, P:-48K)
[10] 0.001430 -0.000356 (7) WT +J(CM:0, PgRf:385, Rd:0/0, Dy:7/109, Lg:20701/156) +M(C:12K, Fs:59, WS:228K # 0K, PF:104K # 0K, P:104K)
[11] 0.000001 +J(0).",0 0,"lgposCreate = 00000001:0001:0268,
dbv = 1568.300.620 (9620)",,,,,,,,,,,,,,,,,,,,,,,,,,,,,,,,,,,,,,,,,,,,,,,,,,,,,,,,,,,,,,,,,,,,,,,,,,,,,,,,
2026-04-05T00:52:59.859012Z,"{'#attributes': {'Qualifiers': 0}, '#text': 102}",dc.danglingtree.htb,ESENT,Application,1738,4,,,,,,,,,,,,,,,,,,,,,,,,certsrv.exe,"3260,P,98,0",,0,10,00,26100,0000,,,,,,,,,,,,,,,,,,,,,,,,,,,,,,,,,,,,,,,,,,,,,,,,,,,,,,,,,,,,,,,,,,,,,,,,,,,,,,,,,
2026-04-05T00:52:59.865937Z,"{'#attributes': {'Qualifiers': 0}, '#text': 105}",dc.danglingtree.htb,ESENT,Application,1739,4,,,,,,,,,,,,,,,,,,,,,,,,certsrv.exe,"3260,D,0,0",,0,0.008,"
[1] 0.000425 +J(0) +M(C:0K, Fs:127, WS:492K # 492K, PF:2504K # 2228K, P:2504K)
[2] 0.000301 +J(0) +M(C:3200K, Fs:173, WS:676K # 676K, PF:4172K # 4172K, P:4172K)
[3] 0.000020 +J(0) +M(C:0K, Fs:9, WS:36K # 36K, PF:64K # 64K, P:64K)
[4] 0.000094 +J(0) +M(C:0K, Fs:53, WS:208K # 208K, PF:500K # 500K, P:500K)
[5] 0.000258 +J(0) +M(C:0K, Fs:39, WS:156K # 156K, PF:24K # 24K, P:24K)
[6] 0.001468 +J(0) +M(C:0K, Fs:33, WS:132K # 132K, PF:12K # 12K, P:12K)
[7] 0.003272 -0.001964 (3) WT +J(0) +M(C:0K, Fs:281, WS:1120K # 1120K, PF:1028K # 1028K, P:1028K)
[8] -
[9] -
[10] -
[11] -
[12] -
[13] 0.002186 -0.001045 (4) WT +J(CM:0, PgRf:0, Rd:0/0, Dy:0/0, Lg:616/1) +M(C:0K, Fs:14, WS:-980K # 24K, PF:-1024K # 12K, P:-1024K)
[14] 0.000009 +J(0) +M(C:0K, Fs:1, WS:4K # 0K, PF:0K # 0K, P:0K)
[15] 0.000082 +J(0) +M(C:0K, Fs:101, WS:404K # 0K, PF:64K # 0K, P:64K)
[16] 0.000194 -0.000096 (1) WT +J(0) +M(C:0K, Fs:3, WS:4K # 0K, PF:0K # 0K, P:0K).","RBSOn = 0
",,,,,,,,,,,,,,,,,,,,,,,,,,,,,,,,,,,,,,,,,,,,,,,,,,,,,,,,,,,,,,,,,,,,,,,,,,,,,,,,,,
2026-04-05T00:52:59.872081Z,"{'#attributes': {'Qualifiers': 0}, '#text': 326}",dc.danglingtree.htb,ESENT,Application,1740,4,,,,,,,,,,,,,,,,,,,,,,,,certsrv.exe,"3260,D,50,0",,1,C:\WINDOWS\system32\CertLog\danglingtree-DC-CA.edb,0,"
[1] 0.000003 +J(0) +M(C:0K, Fs:1, WS:4K # 0K, PF:0K # 0K, P:0K)
[2] 0.000491 -0.000168 (1) WT +J(0) +M(C:0K, Fs:21, WS:20K # 0K, PF:4K # 0K, P:4K)
[3] 0.003377 -0.001081 (6) WT +J(CM:0, PgRf:0, Rd:0/0, Dy:0/0, Lg:3480/2) +M(C:0K, Fs:37, WS:136K # 0K, PF:136K # 0K, P:136K)
[4] 0.000250 +J(0) +M(C:0K, Fs:1, WS:4K # 0K, PF:0K # 0K, P:0K)
[5] -
[6] 0.000461 -0.000300 (2) CM -0.000231 (2) WT +J(CM:2, PgRf:2, Rd:0/2, Dy:0/0, Lg:0/0) +M(C:0K, Fs:44, WS:176K # 0K, PF:136K # 0K, P:136K)
[7] 0.000002 +J(0)
[8] 0.000516 -0.000401 (1) CM -0.000391 (1) WT +J(CM:1, PgRf:1, Rd:14/0, Dy:0/0, Lg:0/0) +M(C:0K, Fs:37, WS:148K # 0K, PF:196K # 0K, P:196K)
[9] -
[10] -
[11] -
[12] 0.000017 +J(CM:0, PgRf:0, Rd:0/0, Dy:0/0, Lg:54/1) +M(C:0K, Fs:2, WS:8K # 0K, PF:20K # 0K, P:20K)
[13] 0.000409 -0.000248 (2) CM -0.000186 (2) WT +J(CM:2, PgRf:23, Rd:0/2, Dy:0/0, Lg:0/0) +M(C:0K, Fs:21, WS:84K # 64K, PF:4K # 0K, P:4K)
[14] 0.000182 -0.000118 (1) CM -0.000095 (1) WT +J(CM:1, PgRf:40, Rd:0/1, Dy:0/0, Lg:0/0) +M(C:0K, Fs:5, WS:20K # 20K, PF:64K # 0K, P:64K)
[15] 0.000004 +J(CM:0, PgRf:1, Rd:0/0, Dy:0/0, Lg:0/0)
[16] 0.000004 +J(CM:0, PgRf:1, Rd:0/0, Dy:0/0, Lg:0/0) +M(C:0K, Fs:1, WS:4K # 4K, PF:0K # 0K, P:0K)
[17] 0.000023 +J(CM:0, PgRf:42, Rd:0/0, Dy:0/0, Lg:0/0) +M(C:0K, Fs:6, WS:24K # 24K, PF:0K # 0K, P:0K)
[18] 0.0 +J(0)
[19] 0.0 +J(0)
[20] 0.000010 +J(CM:0, PgRf:3, Rd:0/0, Dy:0/0, Lg:0/0) +M(C:0K, Fs:3, WS:12K # 12K, PF:0K # 0K, P:0K).",0 0,"lgposAttach = 00000002:0068:0268,
dbv = 1568.300.620 (9620)",,,,,,,,,,,,,,,,,,,,,,,,,,,,,,,,,,,,,,,,,,,,,,,,,,,,,,,,,,,,,,,,,,,,,,,,,,,,,,,,
2026-04-05T00:53:00.523818Z,"{'#attributes': {'Qualifiers': 16384}, '#text': 16384}",dc.danglingtree.htb,Microsoft-Windows-Security-SPP,Application,1741,4,,,,,,,,,,,,,,,,,,,,,,,,2026-04-06T00:52:00Z,TBL,,,,,,,,,,,,,,,,,,,,,,,,,,,,,,,,,,,,,,,,,,,,,,,,,,,,,,,,,,,,,,,,,,,,,,,,,,,,,,,,,,,,,,,
2026-04-05T00:53:00.526876Z,"{'#attributes': {'Qualifiers': 16384}, '#text': 903}",dc.danglingtree.htb,Microsoft-Windows-Security-SPP,Application,1742,0,,,,,,,,,,,,,,,,,,,,,,,,,,,,,,,,,,,,,,,,,,,,,,,,,,,,,,,,,,,,,,,,,,,,,,,,,,,,,,,,,,,,,,,,,,,,,,,,,,,,,,,,,,,,,,,,
2026-04-05T00:53:07.554144Z,"{'#attributes': {'Qualifiers': 49152}, '#text': 16394}",dc.danglingtree.htb,Microsoft-Windows-Security-SPP,Application,1743,4,,,,,,,,,,,,,,,,,,,,,,,,,,,,,,,,,,,,,,,,,,,,,,,,,,,,,,,,,,,,,,,,,,,,,,,,,,,,,,,,,,,,,,,,,,,,,,,,,,,,,,,,,,,,,,,,
2026-04-05T00:53:07.849370Z,"{'#attributes': {'Qualifiers': 16384}, '#text': 1003}",dc.danglingtree.htb,Microsoft-Windows-Security-SPP,Application,1744,4,,,,,,,,,,,,,,,,,,,,,,,,55c92734-d682-4d71-983e-d6ec3f16059f,"
1: 753c53a2-4274-4339-8c2e-f66c0b9646c5, 1, 1 [(0 [0x00000000, 1, 0], [(?)( 1 0x00000000)(?)( 2 0x00000000 0 0 msft:rm/algorithm/hwid/4.0 0x00000000 0)(?)( 9 0x00000000 180 245148)( 10 0x00000000 msft:rm/algorithm/flags/1.0)(?)])(1 )(2 )(3 )]

",,,,,,,,,,,,,,,,,,,,,,,,,,,,,,,,,,,,,,,,,,,,,,,,,,,,,,,,,,,,,,,,,,,,,,,,,,,,,,,,,,,,,,,
2026-04-05T00:53:11.554877Z,77,dc.danglingtree.htb,Microsoft-Windows-CertificationAuthority,Application,1745,3,,,,,,,,,,,,,,,,,,,,,,,,,,,,,,,,,,,,,,,,,,,,,,,,,,,,,,,,,,,,,,,,,,,,,,,Windows default,,,,,,,,,,,,,,,,,,,,,,,"The RemoteAccessVPN Certificate Template could not be loaded.  Element not found. 0x80070490 (WIN32: 1168 ERROR_NOT_FOUND).
",,MSG_POLICY_LOG_WARNING,,,,,,,,,,,,,,,,
2026-04-05T00:53:11.560390Z,77,dc.danglingtree.htb,Microsoft-Windows-CertificationAuthority,Application,1746,3,,,,,,,,,,,,,,,,,,,,,,,,,,,,,,,,,,,,,,,,,,,,,,,,,,,,,,,,,,,,,,,,,,,,,,,Windows default,,,,,,,,,,,,,,,,,,,,,,,"The EmployeeAuthTemplate Certificate Template could not be loaded.  Element not found. 0x80070490 (WIN32: 1168 ERROR_NOT_FOUND).
",,MSG_POLICY_LOG_WARNING,,,,,,,,,,,,,,,,
2026-04-05T00:53:11.564516Z,77,dc.danglingtree.htb,Microsoft-Windows-CertificationAuthority,Application,1747,3,,,,,,,,,,,,,,,,,,,,,,,,,,,,,,,,,,,,,,,,,,,,,,,,,,,,,,,,,,,,,,,,,,,,,,,Windows default,,,,,,,,,,,,,,,,,,,,,,,"The VPNUserTemplate Certificate Template could not be loaded.  Element not found. 0x80070490 (WIN32: 1168 ERROR_NOT_FOUND).
",,MSG_POLICY_LOG_WARNING,,,,,,,,,,,,,,,,
2026-04-05T00:53:11.624999Z,26,dc.danglingtree.htb,Microsoft-Windows-CertificationAuthority,Application,1748,4,,,,,,,,,,,,,,,,,danglingtree-DC-CA,,,,dc.danglingtree.htb,  DC=,,,,,,,,,,,,,,,,,,,,,,,,,,,,,,,,,,,,,,,,,,,,,,,,,,,,,,,,,,,,,,,,,,,,,,,,,,MSG_I_SERVER_STARTED,,,,,,,,,,,,,,,,
2026-04-05T00:53:35.203493Z,1008,dc.danglingtree.htb,Microsoft-Windows-Perflib,Application,1749,3,,,,,,,,,,,,,,,,,,,,,,,,,,,,,,,,,,,,,,,,,,,,,,,C:\WINDOWS\system32\mscoree.dll,,,,,,,,,,,,,,,,,,,,,,,,,,,,,,,,,,,,,.NETFramework,,,,,,,,,,,5,,,,,,,,,,,,,,,,,
2026-04-05T00:53:35.227565Z,1008,dc.danglingtree.htb,Microsoft-Windows-Perflib,Application,1750,3,,,,,,,,,,,,,,,,,,,,,,,,,,,,,,,,,,,,,,,,,,,,,,,C:\WINDOWS\system32\esentprf.dll,,,,,,,,,,,,,,,,,,,,,,,,,,,,,,,,,,,,,ESENT,,,,,,,,,,,5,,,,,,,,,,,,,,,,,
2026-04-05T00:53:35.277178Z,1016,dc.danglingtree.htb,Microsoft-Windows-Perflib,Application,1751,3,,,,,,,,,,,,,0x29696852e70,1132,,,,,,,,,,,,,,,,,,,,,,,,,,,,,,,,,C:\Windows\System32\perfts.dll,,,,,,,,,,,,,,,,,,,,,,,,,,,,,,,,,,,,,TermService,,,,,,,,,,,,,,,,,,,,,,,,,,,,
2026-04-05T00:53:35.280431Z,1008,dc.danglingtree.htb,Microsoft-Windows-Perflib,Application,1752,3,,,,,,,,,,,,,,,,,,,,,,,,,,,,,,,,,,,,,,,,,,,,,,,C:\WINDOWS\system32\wbem\wmiaprpl.dll,,,,,,,,,,,,,,,,,,,,,,,,,,,,,,,,,,,,,WmiApRpl,,,,,,,,,,,21,,,,,,,,,,,,,,,,,
2026-04-05T00:53:37.927233Z,"{'#attributes': {'Qualifiers': 16384}, '#text': 16384}",dc.danglingtree.htb,Microsoft-Windows-Security-SPP,Application,1753,4,,,,,,,,,,,,,,,,,,,,,,,,2026-08-23T06:39:37Z,RulesEngine,,,,,,,,,,,,,,,,,,,,,,,,,,,,,,,,,,,,,,,,,,,,,,,,,,,,,,,,,,,,,,,,,,,,,,,,,,,,,,,,,,,,,,,
2026-04-05T00:54:30.744281Z,"{'#attributes': {'Qualifiers': 0}, '#text': 0}",dc.danglingtree.htb,edgeupdate,Application,1754,4,,,,,,,,,,,,,,,,,,,,,,,Service stopped,,,,,,,,,,,,,,,,,,,,,,,,,,,,,,,,,,,,,,,,,,,,,,,,,,,,,,,,,,,,,,,,,,,,,,,,,,,,,,,,,,,,,,,,,
2026-04-05T00:54:31.199140Z,"{'#attributes': {'Qualifiers': 16384}, '#text': 900}",dc.danglingtree.htb,Microsoft-Windows-Security-SPP,Application,1755,4,,,,,,,,,,,,,,,,,,,,,,,<explicit>,,,,,,,,,,,,,,,,,,,,,,,,,,,,,,,,,,,,,,,,,,,,,,,,,,,,,,,,,,,,,,,,,,,,,,,,,,,,,,,,,,,,,,,,,
2026-04-05T00:54:31.238027Z,"{'#attributes': {'Qualifiers': 49152}, '#text': 16394}",dc.danglingtree.htb,Microsoft-Windows-Security-SPP,Application,1756,4,,,,,,,,,,,,,,,,,,,,,,,,,,,,,,,,,,,,,,,,,,,,,,,,,,,,,,,,,,,,,,,,,,,,,,,,,,,,,,,,,,,,,,,,,,,,,,,,,,,,,,,,,,,,,,,,
