2026-04-05T19:10:43.639341Z,38,dc.danglingtree.htb,Microsoft-Windows-CertificationAuthority,Application,2000,4,,,,,,,,,,,,,,,,,danglingtree-DC-CA,,,,,,,,,,,,,,,,,,,,,,,,,,,,,,,,,,,,,,,,,,,,,,,,,,,,,,,,,,,,,,,,,,,,,,,,,,,,,,,MSG_I_SERVER_STOPPED,,,,,,,,,,,,,,,,
2026-04-05T19:10:43.746232Z,1000,dc.danglingtree.htb,Application Error,Application,2001,2,,WindowsAdminCenterAccountManagement.exe,C:\Program Files\WindowsAdminCenter\Service\WindowsAdminCenterAccountManagement.exe,69340000,,2.6.11.4,,,,,,,,,,,,,,,,,,,,,,,,,,,,,,,,,e0434352,,00000000000ca80a,,,,3d6ad7b1-0c35-48c6-afb0-0f7553d8739a,,,,KERNELBASE.dll,C:\WINDOWS\System32\KERNELBASE.dll,93531557,10.0.26100.32230,,,,,,,,,,,,,,,,,,,,0x1dcc52efb778400,0x13f4,,,,,,,,,,,,,,,,,,,,,,,,,,,,,,,,,,,,,,,
2026-04-05T19:10:44.206081Z,1001,dc.danglingtree.htb,Windows Error Reporting,Application,2002,4,,,,,,,,,"
\\?\C:\ProgramData\Microsoft\Windows\WER\Temp\WER.7585317b-f58f-4eb0-a158-d26e2c44c5f0.tmp.mdmp
\\?\C:\ProgramData\Microsoft\Windows\WER\Temp\WER.3115ed39-9c52-4f4d-a704-b713ada572ea.tmp.WERInternalMetadata.xml
\\?\C:\ProgramData\Microsoft\Windows\WER\Temp\WER.a62acf10-1a1d-4190-a3ef-177e53f22d96.tmp.xml
\\?\C:\Windows\SystemTemp\WER.fe511d32-7598-4748-8bfd-1aac3e901b4c.tmp.appcompat.txt",,,0,,,,,,0,0,,,,,,,,,,,,,,,,,,,APPCRASH,,,,,,,,,,,,,,,,,,,WindowsAdminCenterAccountManagement.exe,,2.6.11.4,69340000,KERNELBASE.dll,10.0.26100.32230,93531557,e0434352,00000000000ca80a,,,,,,,,,,,0,,3d6ad7b1-0c35-48c6-afb0-0f7553d8739a,4,,Not available,,,,,,\\?\C:\ProgramData\Microsoft\Windows\WER\ReportQueue\AppCrash_WindowsAdminCent_a6fb81939b9f405e50f372bdcaf57e747b9d9ae_67a50925_cab_9b482b84-191c-4f96-8c58-8c757d7a53f8,,,,,,,,,,,,,,,,,,,,,,,,,
2026-04-05T20:05:22.597728Z,1531,dc.danglingtree.htb,Microsoft-Windows-User Profiles Service,Application,2003,4,,,,,,,,,,,,,,,,,,,,,,,,,,,,,,,,,,,,,,,,,,,,,,,,,,,,,,,,,,,,,,,,,,,,,,,,,,,,,,,,,,,,,,,,,,,,,,,,,,,,,,,,,,,,,,,,
2026-04-05T20:05:32.451121Z,"{'#attributes': {'Qualifiers': 0}, '#text': 105}",dc.danglingtree.htb,VMTools,Application,2004,4,,,,,,,,,,,,,,,,,,,,,,,,,,,,,,,,,,,,,,,,,,,,,,,,,,,,,,,,,,,,,,,,,,,,,,,,,,,,,,,,,,,,,,,,,,,,,,,,,,,,,,,,,,,,,,,,
2026-04-05T20:05:32.663559Z,"{'#attributes': {'Qualifiers': 16384}, '#text': 900}",dc.danglingtree.htb,Microsoft-Windows-Security-SPP,Application,2005,4,,,,,,,,,,,,,,,,,,,,,,,TriggerStarted:6,,,,,,,,,,,,,,,,,,,,,,,,,,,,,,,,,,,,,,,,,,,,,,,,,,,,,,,,,,,,,,,,,,,,,,,,,,,,,,,,,,,,,,,,,
2026-04-05T20:05:32.810851Z,"{'#attributes': {'Qualifiers': 49152}, '#text': 16394}",dc.danglingtree.htb,Microsoft-Windows-Security-SPP,Application,2006,4,,,,,,,,,,,,,,,,,,,,,,,,,,,,,,,,,,,,,,,,,,,,,,,,,,,,,,,,,,,,,,,,,,,,,,,,,,,,,,,,,,,,,,,,,,,,,,,,,,,,,,,,,,,,,,,,
2026-04-05T20:05:32.889614Z,"{'#attributes': {'Qualifiers': 16384}, '#text': 1066}",dc.danglingtree.htb,Microsoft-Windows-Security-SPP,Application,2007,4,,,,,,,,,,,,,,,,,,,,,,,"C:\WINDOWS\system32\sppwinob.dll, msft:spp/windowsfunctionality/agent/7.0, 0x00000000, 0x00000000
C:\WINDOWS\system32\sppobjs.dll, msft:rm/algorithm/inherited/1.0, 0x00000000, 0x00000000
C:\WINDOWS\system32\sppobjs.dll, msft:rm/algorithm/phone/1.0, 0x00000000, 0x00000000
C:\WINDOWS\system32\sppobjs.dll, msft:rm/algorithm/pkey/detect, 0x00000000, 0x00000000
C:\WINDOWS\system32\sppobjs.dll, msft:spp/ActionScheduler/1.0, 0x00000000, 0x00000000
C:\WINDOWS\system32\sppobjs.dll, msft:spp/TaskScheduler/1.0, 0x00000000, 0x00000000
C:\WINDOWS\system32\sppobjs.dll, msft:spp/statecollector/pkey, 0x00000000, 0x00000000
C:\WINDOWS\system32\sppobjs.dll, msft:spp/volume/services/kms/1.0, 0x00000000, 0x00000000
C:\WINDOWS\system32\sppobjs.dll, msft:spp/volume/services/kms/activationinfo/1.0, 0x00000000, 0x00000000
",,,,,,,,,,,,,,,,,,,,,,,,,,,,,,,,,,,,,,,,,,,,,,,,,,,,,,,,,,,,,,,,,,,,,,,,,,,,,,,,,,,,,,,,,
2026-04-05T20:05:32.941419Z,"{'#attributes': {'Qualifiers': 16384}, '#text': 1040}",dc.danglingtree.htb,Microsoft-Windows-Security-SPP,Application,2008,4,,,,,,,,,,5E0000000A00300000000100030001000100010001000000010001000000E861A06071480C5CE6B7DFE07A9DFC1467B063A9FDF85ED60D0001000101000201000301000401000500000601000700000801000901000A01000B00000C01002E0000000000030001000100010001000000010001000000E861DE0D0C5CE6B7DFE090F6FC1467B063A903F65ED6,,,,,,,,,,,,,,55c92734-d682-4d71-983e-d6ec3f16059f,753c53a2-4274-4339-8c2e-f66c0b9646c5,,,,,,,,,,,,,,,,,,,,,,,,,,,,,,,,,,,,,,,,,,,,,,,,,,,,,,,,,,,,,,,,,,,,,,,,,,,,,,,,,,,,,,,
2026-04-05T20:05:32.962278Z,"{'#attributes': {'Qualifiers': 16384}, '#text': 781}",dc.danglingtree.htb,Microsoft-Windows-Complus,Application,2009,4,,,,,,,,,,,,,,,,,,,,,,,,,,,,,,,,,,,,,,,,,,,,,,,,,,,,,,,,,,,,,,,,,,,,,,,,,,,,,,,,,,,,,,,,,,,,,,,,,,,,,86400,,,,SuppressDuplicateDuration,Software\Microsoft\COM3\Eventlog,,,,,,
2026-04-05T20:05:33.003126Z,"{'#attributes': {'Qualifiers': 16384}, '#text': 1003}",dc.danglingtree.htb,Microsoft-Windows-Security-SPP,Application,2010,4,,,,,,,,,,,,,,,,,,,,,,,,55c92734-d682-4d71-983e-d6ec3f16059f,"
1: 753c53a2-4274-4339-8c2e-f66c0b9646c5, 1, 1 [(0 [0xC004E003, 0, 0], [( 2 0xC004F00F 0 0 msft:rm/algorithm/hwid/4.0 0x00000000 0)( 1 0x00000000)(?)( 2 0xC004F00F 0 0 msft:rm/algorithm/hwid/4.0 0x00000000 0)(?)(?)( 10 0x00000000 msft:rm/algorithm/flags/1.0)(?)])(1 )(2 )(3 [0x00000000, 0, 0], [( 6 0xC004F009 10 0)( 1 0x00000000)( 6 0xC004F009 10 0)(?)(?)(?)( 10 0x00000000 msft:rm/algorithm/flags/1.0)( 11 0x00000000 0xC004F00F)])]

",,,,,,,,,,,,,,,,,,,,,,,,,,,,,,,,,,,,,,,,,,,,,,,,,,,,,,,,,,,,,,,,,,,,,,,,,,,,,,,,,,,,,,,
2026-04-05T20:05:33.031697Z,"{'#attributes': {'Qualifiers': 16384}, '#text': 902}",dc.danglingtree.htb,Microsoft-Windows-Security-SPP,Application,2011,0,,,,,,,,,,,,,,,,,,,,,,,10.0.26100.32230,,,,,,,,,,,,,,,,,,,,,,,,,,,,,,,,,,,,,,,,,,,,,,,,,,,,,,,,,,,,,,,,,,,,,,,,,,,,,,,,,,,,,,,,,
2026-04-05T20:05:33.060838Z,"{'#attributes': {'Qualifiers': 0}, '#text': 100}",dc.danglingtree.htb,WLMS,Application,2012,4,,,,,,,,,,,,,,,,,,,,,,,,,,,,,,,,,,,,,,,,,,,,,,,,,,,,,,,,,,,,,,,,,,,,,,,,,,,,,,,,,,,,,,,,,,,,,,,,,,,,,,,,,,,,,,,,
2026-04-05T20:05:33.195807Z,"{'#attributes': {'Qualifiers': 16384}, '#text': 4202}",dc.danglingtree.htb,Microsoft-Windows-MSDTC 2,Application,2013,4,,,,,,,,,,,,,,,,,,,,,,,,,,,,,,,,,,,,,,,,,,,,,,,,,,,,,,,,,,,,,,,,,,,,,,,,,,,,,,,,,,,,,,,,,,,,,,,,,,,,,0,0,0,1,0,0,0,0,0,1,Mutual Authentication Required,NT AUTHORITY\NetworkService
2026-04-05T20:05:33.245403Z,"{'#attributes': {'Qualifiers': 0}, '#text': 258}",dc.danglingtree.htb,VMUpgradeHelper,Application,2014,4,,,,,,,,,,,,,,,,,,,,,,,,,,,,,,,,,,,,,,,,,,,,,,,,,,,,,,,,,,,,,,,,,,,,,,,,,,,,,,,,,,,,,,,,,,,,,,,,,,,,,,,,,,,,,,,,
2026-04-05T20:05:33.350587Z,"{'#attributes': {'Qualifiers': 0}, '#text': 271}",dc.danglingtree.htb,VMUpgradeHelper,Application,2015,4,,,,,,,,,,,,,,,,,,,,,,,,,,,,,,,,,,,,,,,,,,,,,,,,,,,,,,,,,,,,,,,,,,,,,,,,,,,,,,,,,,,,,,,,,,,,,,,,,,,,,,,,,,,,,,,,
2026-04-05T20:05:32.488375Z,5615,dc.danglingtree.htb,Microsoft-Windows-WMI,Application,2016,4,,,,,,,,,,,,,,,,,,,,,,,,,,,,,,,,,,,,,,,,,,,,,,,,,,,,,,,,,,,,,,,,,,,,,,,,,,,,,,,,,,,,,,,,,,,,,,,,,,,,,,,,,,,,,,,,
2026-04-05T20:05:32.949621Z,5617,dc.danglingtree.htb,Microsoft-Windows-WMI,Application,2017,4,,,,,,,,,,,,,,,,,,,,,,,,,,,,,,,,,,,,,,,,,,,,,,,,,,,,,,,,,,,,,,,,,,,,,,,,,,,,,,,,,,,,,,,,,,,,,,,,,,,,,,,,,,,,,,,,
2026-04-05T20:05:33.942481Z,"{'#attributes': {'Qualifiers': 0}, '#text': 0}",dc.danglingtree.htb,WindowsAdminCenterAccountManagement,Application,2018,4,,,,,,,,,,,,,,,,,,,,,,,Service started successfully.,,,,,,,,,,,,,,,,,,,,,,,,,,,,,,,,,,,,,,,,,,,,,,,,,,,,,,,,,,,,,,,,,,,,,,,,,,,,,,,,,,,,,,,,,
2026-04-05T20:06:02.241675Z,"{'#attributes': {'Qualifiers': 0}, '#text': 102}",dc.danglingtree.htb,ESENT,Application,2019,4,,,,,,,,,,,,,,,,,,,,,,,,certsrv.exe,"3512,P,98,0",,0,10,00,26100,0000,,,,,,,,,,,,,,,,,,,,,,,,,,,,,,,,,,,,,,,,,,,,,,,,,,,,,,,,,,,,,,,,,,,,,,,,,,,,,,,,,
2026-04-05T20:06:02.252184Z,"{'#attributes': {'Qualifiers': 0}, '#text': 105}",dc.danglingtree.htb,ESENT,Application,2020,4,,,,,,,,,,,,,,,,,,,,,,,,certsrv.exe,"3512,D,0,0",,0,0.013,"
[1] 0.001161 +J(0) +M(C:0K, Fs:214, WS:840K # 840K, PF:2984K # 2712K, P:2984K)
[2] 0.000528 +J(0) +M(C:3200K, Fs:146, WS:572K # 572K, PF:3680K # 3676K, P:3680K)
[3] 0.000017 +J(0) +M(C:0K, Fs:1, WS:4K # 4K, PF:64K # 64K, P:64K)
[4] 0.000152 +J(0) +M(C:0K, Fs:28, WS:108K # 108K, PF:504K # 504K, P:504K)
[5] 0.000535 +J(0) +M(C:0K, Fs:11, WS:44K # 44K, PF:24K # 24K, P:24K)
[6] 0.002481 +J(0) +M(C:0K, Fs:33, WS:132K # 132K, PF:12K # 12K, P:12K)
[7] 0.003733 -0.002541 (3) WT +J(0) +M(C:0K, Fs:281, WS:1120K # 1120K, PF:1028K # 1028K, P:1028K)
[8] -
[9] -
[10] -
[11] -
[12] -
[13] 0.003663 -0.001705 (4) WT +J(CM:0, PgRf:0, Rd:0/0, Dy:0/0, Lg:616/1) +M(C:0K, Fs:14, WS:-980K # 24K, PF:-1024K # 12K, P:-1024K)
[14] 0.000016 +J(0) +M(C:0K, Fs:1, WS:4K # 0K, PF:0K # 0K, P:0K)
[15] 0.000126 +J(0) +M(C:0K, Fs:101, WS:404K # 0K, PF:64K # 0K, P:64K)
[16] 0.000347 -0.000127 (1) WT +J(0) +M(C:0K, Fs:2, WS:0K # 0K, PF:0K # 0K, P:0K).","RBSOn = 0
",,,,,,,,,,,,,,,,,,,,,,,,,,,,,,,,,,,,,,,,,,,,,,,,,,,,,,,,,,,,,,,,,,,,,,,,,,,,,,,,,,
2026-04-05T20:06:02.256646Z,"{'#attributes': {'Qualifiers': 0}, '#text': 102}",dc.danglingtree.htb,ESENT,Application,2021,4,,,,,,,,,,,,,,,,,,,,,,,,DFSRs,"3576,P,98,0",\\.\C:\System Volume Information\DFSR\database_E634_3FD1_343F_A409\dfsr.db: ,0,10,00,26100,0000,,,,,,,,,,,,,,,,,,,,,,,,,,,,,,,,,,,,,,,,,,,,,,,,,,,,,,,,,,,,,,,,,,,,,,,,,,,,,,,,,
2026-04-05T20:06:02.259819Z,"{'#attributes': {'Qualifiers': 0}, '#text': 326}",dc.danglingtree.htb,ESENT,Application,2022,4,,,,,,,,,,,,,,,,,,,,,,,,certsrv.exe,"3512,D,50,0",,1,C:\WINDOWS\system32\CertLog\danglingtree-DC-CA.edb,0,"
[1] 0.000004 +J(0) +M(C:0K, Fs:1, WS:4K # 0K, PF:0K # 0K, P:0K)
[2] 0.000808 -0.000501 (1) WT +J(0) +M(C:0K, Fs:22, WS:20K # 0K, PF:4K # 0K, P:4K)
[3] 0.003022 -0.001000 (6) WT +J(CM:0, PgRf:0, Rd:0/0, Dy:0/0, Lg:3480/2) +M(C:0K, Fs:35, WS:132K # 0K, PF:128K # 0K, P:128K)
[4] 0.000163 +J(0) +M(C:0K, Fs:1, WS:4K # 0K, PF:0K # 0K, P:0K)
[5] -
[6] 0.000194 -0.000122 (2) CM -0.000085 (2) WT +J(CM:2, PgRf:2, Rd:0/2, Dy:0/0, Lg:0/0) +M(C:0K, Fs:43, WS:172K # 0K, PF:132K # 0K, P:132K)
[7] 0.000001 +J(0)
[8] 0.000374 -0.000273 (1) CM -0.000263 (1) WT +J(CM:1, PgRf:1, Rd:14/0, Dy:0/0, Lg:0/0) +M(C:0K, Fs:38, WS:152K # 0K, PF:200K # 0K, P:200K)
[9] -
[10] -
[11] -
[12] 0.000016 +J(CM:0, PgRf:0, Rd:0/0, Dy:0/0, Lg:54/1) +M(C:0K, Fs:2, WS:8K # 0K, PF:20K # 0K, P:20K)
[13] 0.000594 -0.000425 (2) CM -0.000351 (2) WT +J(CM:2, PgRf:23, Rd:0/2, Dy:0/0, Lg:0/0) +M(C:0K, Fs:21, WS:84K # 64K, PF:4K # 0K, P:4K)
[14] 0.000740 -0.000641 (1) CM -0.000613 (1) WT +J(CM:1, PgRf:40, Rd:0/1, Dy:0/0, Lg:0/0) +M(C:0K, Fs:6, WS:24K # 24K, PF:64K # 0K, P:64K)
[15] 0.000008 +J(CM:0, PgRf:1, Rd:0/0, Dy:0/0, Lg:0/0)
[16] 0.000009 +J(CM:0, PgRf:1, Rd:0/0, Dy:0/0, Lg:0/0) +M(C:0K, Fs:1, WS:4K # 4K, PF:0K # 0K, P:0K)
[17] 0.000081 +J(CM:0, PgRf:42, Rd:0/0, Dy:0/0, Lg:0/0) +M(C:0K, Fs:6, WS:24K # 24K, PF:0K # 0K, P:0K)
[18] 0.000001 +J(0)
[19] 0.0 +J(0)
[20] 0.000028 +J(CM:0, PgRf:3, Rd:0/0, Dy:0/0, Lg:0/0) +M(C:0K, Fs:3, WS:12K # 12K, PF:0K # 0K, P:0K).",0 0,"lgposAttach = 00000002:008C:0268,
dbv = 1568.300.620 (9620)",,,,,,,,,,,,,,,,,,,,,,,,,,,,,,,,,,,,,,,,,,,,,,,,,,,,,,,,,,,,,,,,,,,,,,,,,,,,,,,,
2026-04-05T20:06:02.274076Z,"{'#attributes': {'Qualifiers': 0}, '#text': 105}",dc.danglingtree.htb,ESENT,Application,2023,4,,,,,,,,,,,,,,,,,,,,,,,,DFSRs,"3576,D,0,0",\\.\C:\System Volume Information\DFSR\database_E634_3FD1_343F_A409\dfsr.db: ,0,0.023,"
[1] 0.003701 +J(0) +M(C:0K, Fs:341, WS:1324K # 1324K, PF:6748K # 6652K, P:6748K)
[2] 0.000290 +J(0) +M(C:16K, Fs:112, WS:440K # 440K, PF:380K # 376K, P:380K)
[3] 0.000016 +J(0) +M(C:0K, Fs:1, WS:4K # 4K, PF:64K # 64K, P:64K)
[4] 0.000304 +J(0) +M(C:2032K, Fs:50, WS:192K # 192K, PF:2460K # 2460K, P:2460K)
[5] 0.000835 +J(0) +M(C:0K, Fs:14, WS:-24K # 24K, PF:-80K # 0K, P:-80K)
[6] 0.000981 +J(0) +M(C:0K, Fs:16, WS:52K # 4K, PF:12K # 0K, P:12K)
[7] -
[8] -
[9] -
[10] -
[11] -
[12] -
[13] 0.015013 -0.005418 (22) WT +J(CM:0, PgRf:0, Rd:0/0, Dy:0/0, Lg:616/1) +M(C:0K, Fs:1492, WS:776K # 5872K, PF:20K # 5080K, P:20K)
[14] 0.000018 +J(0) +M(C:0K, Fs:1, WS:4K # 0K, PF:0K # 0K, P:0K)
[15] 0.000104 +J(0) +M(C:0K, Fs:65, WS:260K # 0K, PF:64K # 0K, P:64K)
[16] 0.001445 -0.000109 (1) WT +J(0) +M(C:0K, Fs:5, WS:4K # 0K, PF:0K # 0K, P:0K).","RBSOn = 0
",,,,,,,,,,,,,,,,,,,,,,,,,,,,,,,,,,,,,,,,,,,,,,,,,,,,,,,,,,,,,,,,,,,,,,,,,,,,,,,,,,
2026-04-05T20:06:02.289967Z,"{'#attributes': {'Qualifiers': 0}, '#text': 325}",dc.danglingtree.htb,ESENT,Application,2024,4,,,,,,,,,,,,,,,,,,,,,,,,DFSRs,"3576,D,35,0",\\.\C:\System Volume Information\DFSR\database_E634_3FD1_343F_A409\dfsr.db: ,1,\\.\C:\System Volume Information\DFSR\database_E634_3FD1_343F_A409\dfsr.db,0,"
[1] 0.000112 +J(0) +M(C:0K, Fs:4, WS:12K # 0K, PF:12K # 0K, P:12K)
[2] 0.000542 -0.000118 (1) WT +J(CM:0, PgRf:0, Rd:0/0, Dy:0/0, Lg:3480/2) +M(C:0K, Fs:2, WS:8K # 0K, PF:0K # 0K, P:0K)
[3] 0.003776 -0.000002 (2) WT +J(0) +M(C:0K, Fs:12, WS:40K # 0K, PF:20K # 0K, P:20K)
[4] 0.000693 +J(0) +M(C:0K, Fs:2, WS:8K # 0K, PF:0K # 0K, P:0K)
[5] 0.001790 -0.000897 (3) WT +J(CM:0, PgRf:3, Rd:0/0, Dy:3/6, Lg:122/4) +M(C:0K, Fs:72, WS:280K # 0K, PF:264K # 0K, P:264K)
[6] 0.001518 -0.000209 (2) WT +J(CM:0, PgRf:215, Rd:0/0, Dy:12/420, Lg:24454/461) +M(C:0K, Fs:83, WS:332K # 0K, PF:220K # 0K, P:220K)
[7] 0.000553 -0.000241 (3) WT +J(CM:0, PgRf:0, Rd:0/0, Dy:0/0, Lg:4096/3) +M(C:0K, Fs:6, WS:16K # 0K, PF:0K # 0K, P:0K)
[8] 0.000003 +J(0)
[9] 0.001842 -0.001225 (3) WT +J(0) +M(C:-52K, Fs:7, WS:-32K # 0K, PF:-48K # 0K, P:-48K)
[10] 0.003048 -0.000709 (7) WT +J(CM:0, PgRf:385, Rd:0/0, Dy:7/109, Lg:20701/156) +M(C:12K, Fs:59, WS:228K # 0K, PF:104K # 0K, P:104K)
[11] 0.000002 +J(0).",0 0,"lgposCreate = 00000001:0001:0268,
dbv = 1568.300.620 (9620)",,,,,,,,,,,,,,,,,,,,,,,,,,,,,,,,,,,,,,,,,,,,,,,,,,,,,,,,,,,,,,,,,,,,,,,,,,,,,,,,
2026-04-05T20:06:06.884652Z,"{'#attributes': {'Qualifiers': 16384}, '#text': 1003}",dc.danglingtree.htb,Microsoft-Windows-Security-SPP,Application,2025,4,,,,,,,,,,,,,,,,,,,,,,,,55c92734-d682-4d71-983e-d6ec3f16059f,"
1: 753c53a2-4274-4339-8c2e-f66c0b9646c5, 1, 1 [(0 [0xC004E003, 0, 0], [( 2 0xC004F00F 0 0 msft:rm/algorithm/hwid/4.0 0x00000000 0)( 1 0x00000000)(?)( 2 0xC004F00F 0 0 msft:rm/algorithm/hwid/4.0 0x00000000 0)(?)(?)( 10 0x00000000 msft:rm/algorithm/flags/1.0)(?)])(1 )(2 )(3 [0x00000000, 0, 0], [( 6 0xC004F009 10 0)( 1 0x00000000)( 6 0xC004F009 10 0)(?)(?)(?)( 10 0x00000000 msft:rm/algorithm/flags/1.0)( 11 0x00000000 0xC004F00F)])]

",,,,,,,,,,,,,,,,,,,,,,,,,,,,,,,,,,,,,,,,,,,,,,,,,,,,,,,,,,,,,,,,,,,,,,,,,,,,,,,,,,,,,,,
2026-04-05T20:06:07.852666Z,"{'#attributes': {'Qualifiers': 16384}, '#text': 1003}",dc.danglingtree.htb,Microsoft-Windows-Security-SPP,Application,2026,4,,,,,,,,,,,,,,,,,,,,,,,,55c92734-d682-4d71-983e-d6ec3f16059f,"
1: 753c53a2-4274-4339-8c2e-f66c0b9646c5, 1, 1 [(0 [0xC004E003, 0, 0], [( 2 0xC004F00F 0 0 msft:rm/algorithm/hwid/4.0 0x00000000 0)( 1 0x00000000)(?)( 2 0xC004F00F 0 0 msft:rm/algorithm/hwid/4.0 0x00000000 0)(?)(?)( 10 0x00000000 msft:rm/algorithm/flags/1.0)(?)])(1 )(2 )(3 [0x00000000, 0, 0], [( 6 0xC004F009 10 0)( 1 0x00000000)( 6 0xC004F009 10 0)(?)(?)(?)( 10 0x00000000 msft:rm/algorithm/flags/1.0)( 11 0x00000000 0xC004F00F)])]

",,,,,,,,,,,,,,,,,,,,,,,,,,,,,,,,,,,,,,,,,,,,,,,,,,,,,,,,,,,,,,,,,,,,,,,,,,,,,,,,,,,,,,,
2026-04-05T20:06:07.878555Z,"{'#attributes': {'Qualifiers': 16384}, '#text': 1003}",dc.danglingtree.htb,Microsoft-Windows-Security-SPP,Application,2027,4,,,,,,,,,,,,,,,,,,,,,,,,55c92734-d682-4d71-983e-d6ec3f16059f,"
1: 753c53a2-4274-4339-8c2e-f66c0b9646c5, 1, 1 [(0 [0xC004E003, 0, 0], [( 2 0xC004F00F 0 0 msft:rm/algorithm/hwid/4.0 0x00000000 0)( 1 0x00000000)(?)( 2 0xC004F00F 0 0 msft:rm/algorithm/hwid/4.0 0x00000000 0)(?)(?)( 10 0x00000000 msft:rm/algorithm/flags/1.0)(?)])(1 )(2 )(3 [0x00000000, 0, 0], [( 6 0xC004F009 10 0)( 1 0x00000000)( 6 0xC004F009 10 0)(?)(?)(?)( 10 0x00000000 msft:rm/algorithm/flags/1.0)( 11 0x00000000 0xC004F00F)])]

",,,,,,,,,,,,,,,,,,,,,,,,,,,,,,,,,,,,,,,,,,,,,,,,,,,,,,,,,,,,,,,,,,,,,,,,,,,,,,,,,,,,,,,
2026-04-05T20:06:07.889551Z,"{'#attributes': {'Qualifiers': 49152}, '#text': 8198}",dc.danglingtree.htb,Microsoft-Windows-Security-SPP,Application,2028,2,,,,,,,,,,,,,,,,,,,,,,,,hr=0xC004E028,RuleId=3482d82e-ca2c-4e1f-8864-da0267b484b2;Action=AutoActivate;AppId=55c92734-d682-4d71-983e-d6ec3f16059f;SkuId=753c53a2-4274-4339-8c2e-f66c0b9646c5;NotificationInterval=1440;Trigger=NetworkAvailable,,,,,,,,,,,,,,,,,,,,,,,,,,,,,,,,,,,,,,,,,,,,,,,,,,,,,,,,,,,,,,,,,,,,,,,,,,,,,,,,,,,,,,,
2026-04-05T20:06:14.843532Z,"{'#attributes': {'Qualifiers': 49152}, '#text': 8200}",dc.danglingtree.htb,Microsoft-Windows-Security-SPP,Application,2029,2,,,,,,,,,,,,,,,,,,,,,,,,hr=0x80072EE7,"00010001(0x00000000, 13:06:03:549 - https://activation-v2.sls.microsoft.com/SLActivateProduct/SLActivateProduct.asmx?configextension=Retail)
00020001(0x00000000, 13:06:03:551)
00030001(0x00000000, 13:06:03:552 - https://activation-v2.sls.microsoft.com)
00030002(0x00000000, 13:06:03:552 - 0)
00040001(0x00000000, 13:06:03:552 - https://activation-v2.sls.microsoft.com)
00040002(0x00000000, 13:06:03:555 - 1, <NULL>, <NULL>, <NULL>)
00050002(0x80072F94, 13:06:03:556 - 0, 1)
00040006(0x00000001, 13:06:03:556 - 0, https://activation-v2.sls.microsoft.com, <N/A>, <N/A>)
00020005(0x00000000, 13:06:03:556 - 0)
00020008(0x80072EE7, 13:06:14:830 - SOAPAction: ""http://microsoft.com/SL/ProductActivationService/IssueToken""
Content-Type: text/xml; charset=utf-8
, <soap:Envelope xmlns:soap=""http://schemas.xmlsoap.org/soap/envelope/"" xmlns:xsi=""http://www.w3.org/2001/XMLSchema-instance"" xmlns:xsd=""http://www.w3.org/2001/XMLSchema"" xmlns:soapenc=""http://schemas.xmlsoap.org/soap/encoding/""><soap:Body><RequestSecurityToken xmlns=""http://schemas.xmlsoap.org/ws/2004/04/security/trust""><TokenType>ProductActivation</TokenType><RequestType>http://schemas.xmlsoap.org/ws/2004/04/security/trust/Issue</RequestType><UseKey><Values xmlns:q1=""http://schemas.xmlsoap.org/ws/2004/04/security/trust"" soapenc:arrayType=""q1:TokenEntry[1]""><TokenEntry><Name>PublishLicense</Name><Value>m89HW0PDL15Pux8emyLpVT389QEVwiyd3mp8tucnLLqm28IzQkTKF5QBRfO95HgtvIRF2CBwRh25zInMezbQ5JvDlnFvJiMJSH9WcX1cJlApabsTdpacLuqFAeKaaWX1TZh/Vt07NvD2w4U2A0pfLCl33XP5Dz46/fMq/b/rmDSEjieLHqzi9hY/CRAArFgKds5IcWlzmssep9NRn1Cdf0j/obUS/OSrPehAiP+uOnQUhwRzA0s1LsbHgl7K3XsBmxzSoQdlf53l/0pH/7y3ZT3EC7BVO0jdtbfF+l2F1xTwVzxf/29Xu9ZlYf2wYKVEoyseOZYMoigKG//wWJJZuQq6VBGU2dKmTnSfPtNJHEx81d049R34km+csoWv1JhSeAF3DRc9FCxGUzk1FrqquAitvuUd3pkvWvchy15EOrOEFfOdyKxuUvQx6iMnnKnio4kxKYlflbPhxv6Omliszml9UwCP6SIm0ZU+ehM0M9SAX9baNLm2xDkzs9JW6A6mZAHnM+gexntjuhVeuvSYBawlSoeO3SZG8RDTJi662fUeb1Xvk8AkKrtlay0PXkPLxuffO/yxwbSu4yS1hhKg8JPKrz4+mNgstnil1Ft82t1i//TqZhwQbQqVjHEGAafIfKuXS8kIjHZGXyhd0v7+YrKKVwfBskQQ+EnWfTibCZ5+d/2IWxvO7/cCq9TKKjvI85guF7ceY/XAhKMH/X5655glX6ttztjO8wmd5GY/EVdNhrUqoQCRK7tNr+LsJUZQCNLWb0ar78MpV7oE4hnul7w6qKTatu/ygUpsmiR12ZUJS+hcmV2UP+++44uwWhdnCm7By2RgkgYncBStRfmUGiVmSIdsMFI7kMokf8aSX+IOwwlINWyHqfL52HmM8Il8DSQ9DzJKSsvxwCqDpqvpns1H8L0dUBY9GQzpPL0ieYZ7gRVJvgDPoeHM3Vf+z5P7VDrBV0DFsfSKtTYGjeIyMDPTR6WnJihLxlR/xVp8V1jIHHepdm1AINksOR3R7l+N6MtYdDv8ebK8u5vU23NngkB+2xjChrAfRCM2oYu6moQfDh7SCoXBjgqh4km1ovvCjx494c5tVKQeQJaKjjHVIXOFlDb52/RAetDa3l3r4Py4ZhvjeIMK/qHJPwfmMu+HXMSiFXfokMHgnI4G55yB2kJ8tosPaRptPMfIaWhNEBCGV29/SE9n/y4oJAbuyVlhaQXwKQ4cRxfTwCNOM7zPxEmPeHj+8SX45W8SuK0uqkuFQwzNhJJkypTmFl9zhtTfeqUQAO/TKoV1HWUdwG8Pysilo3HIxRoTgxwMr1MdXTeSmQLaoELiI1V9mO40sb6LZfC1veBXYndle8q7kWcbosfEBWDqQJxUGmRRFnSFixot3zaI0+DvYHEp3av5tgP6qfQCy7Re933b37lZVcqeKej/ghVmgE+SGPMgy+m4TgoLyg9lOQO1jPhfujobdS6VXSEPdXd90XVCbb249EhKMIXOvo2OS2pTd4Pq9/udTb2LlXJGThdXTQDR5Yr5NhNVE6SXrB6X56Q5VUzX+ms8jkeJcQ2YcfvrHAXgRGVHfL8KnvIWTA+XElcJ803JNwx9D3DH6jgMkg9TdKQYOzQ2vSopS6lhPWW86f2ehc3EuuTrBD7wc/0hdKYRsG0gf9ERXnBxduVVZZ0KCF7VhWyEXGc8dqhsfsq7tKI8Ey8Rtq+I4V5eCIkXmyQ4878xn1oQYmkAcTVDIIiSBa4VLF6+Q6Y7KzZNDkvRGtdMecp40FeXPSDB2fiYh0h2UWyKJGyn4zxT6IWVSzCgR20onhF22g5p1OMkEI25YymP2Mlly6aqLlfj4j48JexVqUFOxKNxbE+DksZzsobe79LdricUJq6aIDSxd9XZ8VEdmlyfVk7KE7QNs7LSnR8c9T2sBiPk/8jVF8552ELQad24ucASG3G1INXXt/AZ1jNubNvGyAARP03R6xpShK/uKRxSSKi7Tce29FTtnQw/2ji6tkkx8/wgu2fRkz81MNmuF+OLlkIR23AH55DviKcaePn9cllnwkVO8TiknAaC4ugTrW4SEgrmYL6uqD/a2LuuiPBc423X96blLyMyz90Po3qbbyteTX8dxcvSeSyjr365i+wVelbE94stlP95gPBSqWnvWQZJk/H0btjNpyzDRy4F2AwmaqWV7mfnQxxGyqU44WqzQHHKLbhZ7fdfTZIpxiAZwZCROUfUxNiA9CR/VWP+e9lAE3NqKLz1eWYfwKV62mxM3GBjwKo6mzW7noAvuB+ovirey55BEMlV/ESbrwoqqoM1D2Bf60qEgtXgUGakmuDXmJhpDAIbOJMKeTs/ZQJko1A9YvtZ3ID1uQC1QcPa5aN10xJY9dMRShEJIw659IXEtV7yg1zCX26yCgFyxfPxBxxo7+VA6+9Q3UV0yRsvvybJZZfYuN9ZRbIzwCl2vMJFLmNeoTR6hH0ht9tGp8kiNL9w92Gz1M5depoV4bqDGyx5GGNir4Nn/Rbklc0OrurZBvjke6igZG2n/uuoopSuiIkgYdGgkCIuohBRzmJRTb2lCgUv5rUHBnB0f7tiyhG6VpP76bbSXj1ucguhhHmZc3zuhyHolKUFAeGhjaNPmhCncgQTtoJpG0J2V5UzXlE5cZcDqvWnb1VEov3XlF/B4RR3r6Nou/J/HU3I+kdzDMj6OTwtphRNdFlNU2P4rZu7E1F2uSVOuRcD24ppP6YVAJwGNFgV7La6TvQ3cLQCQGWhr2LdDngUuy3juo5UYvWvM0SnGP4xfRN3LgfdnYtHoNN5Xa4NrjKpugFG7AwtzvGu0C3vVrueqs5gHHv+RmUWt8wjw2yXxQQkPGt9xi3ysb6tGTgLQqNC6pouvUIHiTZy5RvA8hAgQSnfvypizLIIOapfnCtOOSKugbsaNcn5S+rthcWvsFo7JU9fmQqhXhIll2kqEq/4Yl3CXV7CJV/zaJqFEKTzoCVmtpkbexlMV4KOz9tHwwVJgkiy70JBLLawimms829fJKfjcNYZl1ScWUzm6edbwr+hTq+4KTznpi1of4bjC5SiAe2C88pdpsIw74Dnr6DZB7RaYZ9h5yGRw4QMy9gDbJgJifwp6cb3vMj52K5aClfkUWA8KyPP9TtuOpN1BY+34Ypfr9Lir6L7M+Cclfl3cp0Mo0CVjF7EOmitpvyS9AQFRTeeNz7QRmo20EYWNy9JUOZv077WJ2WMLcKbRMfFBxTApcPdCZIpQP0sIg5RMSuWQueEP6htiZjkz2jB7ps3S1x4USHj6nEdt65gi++7zziSjHQhYwGIHoIl+0VawsFqSliRRZx/y7hwaS/yPIiHdih125q+T/U0gJQuH8H9VwA4kvabGyejWzDHcL1EULv6ZESACmOZ74YMNiMfrCwH4TWlQmZxnaW7NJ+SgkrPINgPWIV/Lc2dp2T29MRLLRo8ft/Ab3BG2hARoCLWnaQNMOg8l7ceXb0w74wxVQ6l1i7TvY5sQJjC2IfCQi0oCcRRlz/ACCiVsKDie938MOXnbQr4vrDSsudd/Q0jJN/bIT5v5rcrH5FSxu/2XAmqoJnOOsvPRkw2cO9haMHpEznJWeITSKrFUNYXbNDaGNPi39svZlosoiGON2VD+uOnN4l2FShEe6lH3vH0tIkU1IAO5C60cz68+weFo1dfcELkBtk7nIh/AbMY1THng3wqjy4jCULoSh/rQQIxjI+Lf2udtSvnn9N4JiMcVs8JaB5CjOf4J4CHfOpAuChvEHeD3REyk0QBHTM6FGbkdORfHLgTgcF6rKNcDiDsufurw6pZ+ufv+870paAc6Wk/URnior/9UW/FuhIsCKwi+EozFtd1MEVUNHsLBa781pbdinuTAoP1u0djyfH3dMxGIeoYI8yExXVKdwDxPhSkadpzhyBzr+Z7PzPOCdR/mAxx5t4Y83uvDkUyga3atcMg0f9PMHW+nL6JriCyFgYfzYVYPepy+W92sbRi1PbIyIpeQoYp8RK1AZlM1Z866qH9FqwrHJpffr6hjFpz7NmsIfPOdSEKHJnLMb0kTIMoOXIMFA2AsLwLA1Q91/ro9UOh7x1pUuz+pFFAPt9BFTg/G6i55w2fwcqpUdjGi4w/JLE3ed/SGDJ+j+jsdtpykLlo0mKpTJj62KYc5D0I7u0b0DdOMGKJxh6Mtf2Ae4Hmr/CcGDcM7CvpXgoW0bm8sDRRD8lFwZKch2yRD7CDKFRT2Iysa5cLDVnMWtLhSpP957v8SJfhal8VKAk/QsGgX987g/gXsxBCM9vm0JHK8VOCWMw4rb1Kkt6PZCrpLzNgJyEPXJ5IqTUxTrTK0m7tpRQwhDds/Q8NTFF4ocxLb8mQl79c/q/SfAMmExb4AofxY4hJQkwpK6XyH4JraVIe0BWvYZ+Ea2rLAaNsfAKXjy6+EglGU+pxAJUOn9HqCe27fblhWGWwuH8xqObfed5+TBJYjhmHRj5vpu3n+WsvV/8oRyjnP/ikf5LnAeGlBVVoZWgZ5bJU+cxmtSvDQxA+xqWwHQiDVFt3wyXWDwvdP/FSm4RrlJWFPMzMa0aSdyvqb1Xwqp0ZygBuenpmMt/9zQAUPYymnGmCMzjChhTGmHHPys0p9/G6C8yNqUhSFko8hHHlr+PYO/nDCwaQZEpKrzxDlUwaTCRBXeU7HdbOiDt56BGUG6PqnyHiHQI29qTyttBzAFemM6aBTisGo0zVPd2TSKK5K24gjyxJMVjLJRu8uKGqXK48KDOZiiCrRGsQ0GuSbs9PxSxC3UAC9BsfFoZ51WoQ4uLAkiDqQ0KksjONB9ofai3MZTSAOyJz1TOPn+YSUNnQF1qKTa2FRzMRwtDlWIMB9R7DptueIKjCdmC1C/SJmmLLc1CRsPLdkZlp7f2pZ8ZFsQk9SaEP8xgVkSwX+9DyidaiFuUVEV/EWAam/inWxT0wmmEm6RSFQK8AYTvXryHIrza+TQGi1iiX08bAgr3eo3WfjEkQSc8GkihIuBglCXNDTHh/GhDmZQ3XWZ/81K1xS4vU7Njm6Y5qxuKf/vULSIApZYScU8dWkKxsowhXMmaamEBK2FgC1RRcVFWenCr4SdpHSFilT/4h2ZnWlC2/U8hNmDfDZ13xzo2rXl62G/OgycqBhI6oq/OXWEd/ArjkIgVRvn3I2m7fXEQGExwrlvk+RCAg111Q+TToAsuZk/R6fTE1jecP2TenTfv+PQVdz/qBqSLyTh9eSW5vRRe2WopOH1jbjjzXcq/WitGxONdgAMUFb+kPwjZsU4rpFbdQ5JjqoDHeXxhfwYGG11uiOqCpr4X4XTbuOLtY+fMWGZsnUMIDTL5/fKttQZYxV9n0FPLDCSngCXbP8h277fUXueWIy/OMEkstMe7jo7zJ6jsWmdfhesZkRYEnQ8WnzSWlaq8imLmfJFLhHuNr1np389GMOyiEji08FOhrsOYidTF4hZlysqvyWh9Zys+iQfH3E2V2snWG1UrY9EIHnORfXsMwXwH2vihZ6EvrEJjUBbsqdEchjlPkwNIE63XkJ5ND36He7kZJDLyD0BjoOCxXAIEm1n+iW9G0g9R9ry6LD35Ln+ItUkp+QU842uZYUe+NpZWlCqOlRQHy6tAWiXrhsCkh1/HTkzT7uTICSFizmQEln7DugZCfTr3Izas5biVgJmaTusL+wWlSv1a8FWBFDZ6JaGSOyjvI86Nku4qwBSPb+x8OuFPATyK2asEs8s8dEcnHIeEyUD+mc1ES5gYOAoPf+lzBj0Kl7+t1Wbz+idHZ/CQcw0PgiWHUXzAm85en+3huwwbWWjLmyByB6cDRhv2LaMIe/ScbOxzU1msIZaq7U5onkdNUdqX1X64wFPl6p3ZjeGKMiWiO1yYglbEcU8huvIKR4dBg2vv1V1qln5RGfAWtSavGV7moKysa8nsARqF23B+TWWArstf1iHhqUuuCQO+50/kWzwVOxB9Yd1V9kZ0sx26Rmwu552nFTngp+cqvvlZJsZ18uOTDg8YRAGS3UDbf4NOiksxx/qCrRlAy6GEhVx0zXpDqxUUVmd1iFF+Rmu5+N5gtWTQlQuINQfzX6PVN6v447H+M82fL5wsPeibxQWepFdPQ3IDqibsjCIFQo7o+b+tWxO7c3bgKssE4DYvvgoi+4OASoh2UgCRa1VfoeHmzxoh8SjZhTFDjMqUocBF9cVT8nCLAvsC2PuDF0s1eJVrgroEetmLFqWujvxu9NFMAiWDiAqsCZU0WX1rNWt0MB/3LGXD+fbVjvL16DPOfklGrIrZzC/1EhpoBhE2waC+j3jNhBaYDG38pxj+lOCdZpK54nmPH2xfXTdHWDrmmqb5Pjztx29kSNMRwTee9ZCkubVpgWeFkyibF9lIJsn6CgYhHCVHTjE94Uo2ZgqXwvv6+wsC5HlwZXKM0zrLwErnIkBG6RhA4VwROsJgbiL1DfVSWZYq/NjliNsY9leniiM2JGsj2nHwaKNsiQBk5tylDbB/kNRsGomxDcdkvoWR+FP29Czhvmr4ViVqsL0rJFMMYXTH9ObQ4ZNainrzrFGA+CgMHKxrAbxneY1BLrcuB+YUAKvwv1YJPGgIVWP3/vEDnX6EsZqACtZcaOU1PVuBCiZ2Es/rto3FQd57HnMkrYGtidJwInrlwYhxfMAAvdtl+M93GaRPsxczowfK32UFyynmLSjittFf8goSOG/W0kBH63Yv6z4MNALpBMU9c2u86D7NhokF64IPEEt3gqTKhqvU+lo4alX7CcENe4vaiTz++rAp0UfdRifWwJLKfWNBWyR5L/VuDGFB/UMgVRNKr32wyqJmN/cacw/9r/m33SUSJEDnjkjukDWEUqohY/JjSaVDvnEa9zTQvqWA0hO/DDMiWjLsgQXW+TpkgaRVTXzMIwH98JHGdilk+8DTH1pFf6lZ/IGieiEkN1AXITdUQdz9ZCRbW5t5HGHHt/lWgzRGoP5/ZO8IuT2TOqn716hfUhW6ztcDgrZbqwbKMEWgDdZU8HLWxWNRxcTdPu1/jPPgC+EmXYJ8C3PKQxU8PwKDH38MW6e/BJ/kxL5b3SMbyuekVxpjI5GpjXOrdY8YGUVDECWGV5KPn/ZqpQQCSNMGca/xbV+S7yvMV9nJfhcsYBPNQ1c5bUVUq7zAbovHNw7yGHg103jVmEuoXevGg21CnmVlpt+F+3YFyMEg1Y4fAl0DtCYEgpYEfiDZqHUW0+HIJOvx9A+nv5pg95Y76Jss+gNqKQyfE+0W5emZ61/PnoY/cqxj4tAHBDKiJhguIK6x2KvikJXo9k4ZVOvLOD/3XJdlqvvPa9LVqCzLZERTdSLxr1R49kyO2VoTfhcPU3WGIAKJNd8gJqhfCuAUNSWWpc8gc/UoBDKATsDFHSx9Q/e9qMtsUSnbKrfDO4jVRiqF1UKMb3g/r5u8v4CK7cI2y/p2wxTJVNvs24L3Bq9b9hZCyATCOueA/aWdiBot7qCauozvHzNTKiQICXHt5gXdHJGMagyxm8ApgsfgPWOSSCC3F8Xyh09AKKaX5tiMbVr+2EfMVc8CElwHn/KFAkg9/l7Sn0v1BLjKXp3B/1x7DYEjkN5XzjHbnyWnf6lgqa/g5qj3C5rgzWW/1c86dZlPdEQk21hXXJf5G2tur5DRqh2CycvepIWLGNB55QCl0w/YLXmNvn7anpxQpAp0gnW5hA4npDeXVKypa6jL4lANYlLGZ/jvdQBBf9HwWkKQIjh5SGUdscuCll2f0ljkrJbeoHhn5DxDK35d9qE+5s9uhewpUyznojO6odZrKWVVDwFAuils5ezuT2jEt7UjWnA0HWqDD9UwLdqe/F/R6duNLAN0rdBZn2PAbLS92apPBXhnPE49yXr1cVkg8978VXKKlxfPT1oMQuWmT49mIqenM/K1cfVsNCuacFcEwuPamu0W7FUmZI2kr7/i4SXormK6B4UmnjQHFMaeRzEoA6n8vEA5puwkewWrr+S2mTUy30Fuh1whQr102dYcO8qdNkInSNavy2ZTBmpbOLzktgPdzdkT06LT8hIlsoKniGi6Y8GPrJwGkWhuLwQBtoSG6cCMTGwu1l57ZtRHrxcYY4S4eGyGFYlLLhrBULKcMi2trl4vvKsmld6B50hgIXMKwySAYimJtV42841ufzwO5xwZ6UpM/AD26NxBigZZjiJn4npRzJvKjitZh09NWx70ZwaMvSTEIDUdDWk4qfBzBJ+kTlWqFhjYOFuv3kbbTpbjxbXOw4GiTcmNeWDgy0/lUx4dNtdL97aQ6ySeOH2BKalkmxvPUhriKUEYDU2yO7GCfY/UR6pfOSGP3aHjVDv14r8bzWgnYU6wtsM6uNw2uK20VdWez8B3BQylJ118GTHPOIEU+lzGYkOKqzhQ3HnamC3GsjnTrR53Th7v2WA3vwWu/l3RLo85FgX7nRgsXWDND9sJ3Lm6HufE6SYiCkAbh7SVy7uVi7VWM3aOXUfN4jdYji4/2H0B96stEh98OoFowE+hifiFCkNWJOrjcYiTSaHtSknogkex1isA1z5YKeEBDIYWMHvioqQ1shcR7FL0N7ZkFhLtdafQL4tNAgOZSM/AkwqGPdOV1LJ4kzDkWM2xClA8in+Z6EQnCNE/xw+CIZDZQI3KZ4UPoryZg7kP587YqHGsclxv73WNRTNaIvaYeztnPto08Cer+vxIcENy+wYs/6/QiK6U53afuzrryJtRF9d1nb93zkR0gHtSidIl0HPfa0kfT1Ha1Itd2tWWrYL11SunJs3T9SAVexcEPtCIRDfI3g3/Wq+q9as+Ol2XaJVgFqDM8XYFp4ji1AFLK44UiLli7eBOesGCF9BJUWasd7rwTcYU3Xv6PXXrf335G13GsxRkZXBKgtFsosOtNnjzp2S62B7xzAY4kO3xT/DNgRl3xnk9WvBuKsE+w5MfFG+rx9TsAlCb8tTtrVJvReQn8OUudIXp0J1WUe29CCJJabgAFU5LuVNihn865M7kkgGXO7M86aiIuzJrRPrXICOTHCwNkT9gm3hw+lJiAGmfE+Uy07NsBaVOo5tt2Q872rh4e5DQ7AaQltks/4T5cjF1KL2lepp3RHMRon+ayNsXqIpnVoDTnaFjfn6IeX5fG7YRIiXPagV9fhRvgRlU26l5d85idlAWivsciJc5PuYsAxcaQIIUvtk7LMMXvuSPtjqd09psYDT1yqcLZS5RnzfUvY4brjAEhNNjJOuPYvcUR6m8QgIRoOKWqBGvWH4toF02uwAJBq3BMoU97tC6GsNx59d/hd1zNaZG7lDf2jkJsKy3GLTQSVdbW543XY//y33cHZeMg4B6aiv1JK9pXr4I5jEc5sdGPB+EWN9PgZRSY8Hf8JmrLBkpf3hJxDMp6REE8UR1RS0iWgo/Ya/na9VgDmrr9Ar1x+Rh+GpNSD/Q1LINNyrIPvt07BnhVUdBLirnvWcl9ILt23E5e+HcgXACvEpaZqJiX16UuaTN7/5/h2/cBXMISc8q5VA1Ovb62FljDfRvhnsankiDfYKpvYyKbbd3hj+KpFpXHUNODDqqrukCxbuUxQv5z3uHRUoF4mTj+/GdD32+4g2BrKIEkszYVi9jKo9JVWNB5Qxivt2PeXkmgX3GJ9t6OX1elT3AJe1DulG52NL5EltMsaKaT2/v87aBQVXfRZ18vA16RMNhd40/TUNZCUyJlsxDVBGDgWrY2/KhKD3wuWibVGQ1y1eX2Xo1o8Y+ujZ2C0T8JL29nWd7yB+YMpIUUj4vbKAxN1AwLx0VlIboU1lZAx+VrFAUweWHZ1S3e7EnINyOimJ4Kuj+3eFFEWoCdZsSd6yKa0aojDzEQlGG4LALcFD/sBmCBF6mMAnPmiNZ1yt7YKQ+2vvYPYxukRPBU5BbR34UHIWZiRkQ/BszukBU4DqOWbU25NisZgx38wiXWSNvA887US3tLUqsd0arvDObTyvCub3aFWe4XEHwzIL6aUhYtliw55wBhnpEpq/J8VmvVevX8oUQDBQzenHkuPPMPeCNclQBpK9mTd/+nP7de139LGRe/fBY1VFWFiKbReAMZbXRjKgcNQjolgmq+K5izCPaKt+L9+q0+vxJJ4kFeOkw9iJb4WVWvez0GNQUoVu87zYKDGJuvpNRTmKB2wHDWDyTznvi9oWdOIxacGzqaixB40ZcyY1fHaqAzDoTZDUzY/Yz7NGQ23Zm4BnrNkua4HxSCkeizqFdW76LDooTLJG/XczaC0+F1nPlSGrY/9afcq2OaTl1hHRZhkymdzWyir8RQppcuWrdZ6FdGGH1q2ZHYglaH3I+WvAz1t2/67Mpph1c4P9mGXe5q3q0GdDxx/rUokFHG2TU/DhkCOqBhdlUS4O722YcHhHT1+gTviv54WJDhzKc8tyAW3Eo2RwVLqcHYr5AsPv+8tot0eDbDCO7qtLjdh9Eazxm2cRbKvL1iiI/ZoKC2tCVvOfJ/1jfDjVPlkcPvVUOjE1n60Kvjmku+3jZx7hl2YcL23rB/Oa/1M0TuVdBNpy0GZfPbMsc/qG3wv+zoG3nitMbPGlK+ed2jwEWQ2+n66cM3QX8KZwQQ12jws9Idjp4iLKJNMrVGWL2Wj0TUz4gOURpu3qLBJNw1OOlp19LK7dfDqooUbzgTWc8qZ0f4hlzxYAvh2avk90QBOunhONUJ3fyqv+z2bnEl4yBFlCPvy7MMRNPU1xvNbCARegcATL4WXRWmNMLGjD1iTbSfH9be5UMRdgu1Kx+uVJwGb+A+m0SO0OwUHQ5OQow+0EuN1KXkzmE7rQ+dGvdf2YS5UzE/QdbxuKAArYQCA7uoQeSVUf5sLZH4LGb5ixp6N2UXevrHloAroKlGekPFsbXc8iukci2+FDojWlYRAgzk0LQNkW2yOW/MDHgoniJetNWIwjo7c6TF+f9LxVJaCqQln1D7xl+9rURpuLcAOidcpAad/Lf2GEYiGntBrV22eYYDX/7CMVANAt50fcs1ZN0wQvF3POzzn5+DYNKOcMnUB/r+3A+4cmdlgrfKqv1pvNMCMemo9+ukpG/xae865KdYdAQH8TfEbKs1jpucR1qX7An2ipA2Ea9pl2jecp0SehKIAs1IsUBT+z2sXYSd7+jZk2QffMt+QOPUHBcSZYjUksGaXAlZXfGa00XMBk2oe12fmd8J0GW/7/XdWmQHTbhNIDWSvyJ8NzJf7wxuF2+Rfat9DPp7X4PF8K24qX5awXYCoPxea5gLMzIFNdukqNmTD63hEb3VMzVnXj6zJ4rROzyJXqWNhJPJPZ+yvGQ6D3y7dmSK/c+ojN9XQYpUzXzJ3X80BK4wNPmiSA2rsZcQS9gdWQe6l3WXXnxUHiDdfPR1Rq/jpch51tQzQJd74AiIBXAWvnzMOFhOPxzEGSof//Q/dtpam6BYxFCDiJyQy4Wub06EW27pBXEWhddwpGpXL/YpnKHVxoiPaeJEhYDk862uYBx+7ucSWLVKVXZ0pZO4Hyv/XeHwQ+2730+neOvJ3p582dYknqH1li+a9NpbDo3qa1m2lqhItnF54ipjKG1rHgh/wetX7SsAQvE4Ct5qkZ6Fq02JUQLDColygIB/uF220l0jaVJ0FgYoFBvUpJe9tP1rnewwZQsguYZNlL0Q1RNMtsnOjjjYU1h9RoSb+v6iwE0rQdD3Bbw62B34bxpLGOxNTZ1eJgiJ/WO2OnMau1IuWnMqmcV+XDhZ84i4UC6tgAFZeCEwGkT1/JLIm4g5itau/3+hsdErOntDQVADxylOwKq+hCBAO7RwU5O27FCfvUGWvIw0Wqr2Bl2g5UB6OrKUBTSeEaMdAjV+teLj69/G2CBZNUS6la1rybyiLfvTgiBOw8E2gf8fO3wAZvaKpKgWgXVejaOwLJzMQhd1CAT6dWCxeUFdnmEzKkTly+MhWKJg4v6xmIq0qWpyIiGfjqgSeUBprjdOwPt/XzcgFh4lxTXZEJN10KjIaQUoiNRcTv1hPAEGEfmEZ49ImwAs1Fx3XrLtuoDzXhH3KE+pi6A6Wsb6QUx0UsG+bKEFia+OEjUNfPai87dLGZD/mC/qYM9UEvy3JNmoYSTCONCdOaM4GHmEsRdKQa6TDsLvFC9DarVRnSbCj+5e+aO+Bz4nnj5V8Z/ZOCq3y1R9qltL8ol1g42pKw8CtCdpq6yuxachv9eo98KgkvopBDG3XdkLICZqXSYXzbCS9shr8fYD6rqkrJevl6gqyOgyqY4XzYf6ouZ2uy7vzt5Rs6Occ1Ij//UBLn9pKpSLYSozJq5qmy6+GWSC7DmbhAjg0zXx/PqK8ZD/9l74+EhRlbe7lJC1yCMLjvHBjEgaKaVwRCBUI3vEdRY0YCEOHYiT4u4DGKw5Bcu9ukEHMb6xTkYgJbHp/9BOxC9/jDWO/XOmI39jrgcMxOKAFLQcCaTdXXwH/pDCybLJRHwnYF0YbvW4a5iyh+doyZ3lKM3C+uL3fnSGT2sMyQB9RKfQi9cyAjnVw61ES6GcZbe3YaUc4zYr3xaKrHKWnRyFXpj1PiMXmFmN133VKirYOeDoksjOdehRS8dx1wUHmIh3nHQtFxXID2LkyrKJYgaEkNnhwDwQPjHXOUp+RqCRRXazsIkYgip8RU+PCC6HOAea0tt/AWuWk+yKW4wGJv/MMi6KZap7ljfVMS6OF1D1s4ftJMP7hV+QPV3Ag8t0hoQVYwyQEMgm5nvmsqAn5EXc9mlBoCc+0GXP6NDGSSLxv9cf6Itph/vh2PNCMdT3yz6YAMHwyjaJ/5wyulch4nBsWs1B5pSCYa1+rx7wJOPxVlSCLbndDh1U6rylYzUwwEZVnm+HAkYp0IeB3wWKPdgIMtGEcr0ookw0vwZmcyRRnn2nx0zzwQNdGbaXTv+jRG15GV8FmSTYOG7gwluMYXtpIPJwj35ZOJjMpKc9/nhOFRh2TI4JlavE72EFNYF1lhLebaMJfNN/mLLIIhoOuTrelbD25zeOtHxIpk3If+ebQ40+kmsbu5KSVngCs+R0FPowJkCWsgW+bzCrliaKtVUELw0AbzfER5lNgrLD0B/UN+UyMEygjNEe67ZX5X10eNKPbfwxaBsi0d7HR9EDMo6MHKx5FssSHV4tKtbJwrCdsckI7oIXz82pBPIzcpF2oOedZMJ1KKy5qEKR7niqftUb08n6TUxBJmEMaWIKv3v45cMexuRWPeVP76Bf1IRt1ySPI7jH0CmDTj5Dsdj4BWNUy9fd9FYd0mrcg2bwTs4XaUG0FNYvPVzO14Q1WM/yKuJv05/OWMAxTmsgnJ0j8zwnXk5lKCW+BW9K6CzAf2RFyPckuyMeBIVdFlkjhGW3jc+zmyjzfAssH19olEnehxiK51sSS6god92Xf4lI89X7P+Bn0CMdZSD15Gb9pkSAAhHBy1/7MpKTiPBSKB7vwDtuszwEF/I6aYOyC+J89Pm1d8KkEml3BwY9324qHlsQH+GJRlthUcDlk88tKFWNWXif9AHrloLON78Gh1SIM3rVkt0tNAePlun/BsQmZv5NayivTCk13nEYs29Oi7UWNKAiGfMztMR65isNb8GQn8i5I/RVX60S3V5eGTnjTmWno0BsPLvDMEq7w51ZWp4mq834DDobTdNMUmJeUyuS8Nb9eKU0Ob+IgomxnLdCZPwBA5Q/+JBSBYxb04t+MAt4HYZOqggJdpYXm3ewlXKP21pAYGlUsMaJAAfHoHdImI/xEGc1KRUp9G3t0GmlCpHvxZIllgwajIUJMCgCsSa43xLf8sNhLABepdx4wIlz7DHjLUUacU2vEon0LbKdNgEMaLjI9tPNP1vwklnpU+kaRYpzuwQNuJXZGQZrTYL2+Pa2w2Msu3gMYvVZydn8k4T6Pqw8fbIoU7XKkbvRcCOb9h0Dntw8o3f7UauoQhsdvLNq2nNJ8aJPszLsnqSNg+3ml2du0ROtYmwBfPTS3HdbHEEoem92/LGJcc4RtHPdcSMNc5DdcoV2RPIWaKnRXRqzUIpQI7MDTm/CRXqRFvZkBe/a0iQjkt14ZvACZDBNK5OWXypC1q4/f2AZRXeIfTZIhrB2U1pV0b7f9YcP4Kyc4GWrbayCVolCqumsoMwQXU6wAKkP+oRfywKluVuh5F/MBO75K1/G/KxXBtcE98kGzihkjKmccHodEtHs76rdLPTFrc0Hhg/cJIODWgNJmKLutYiYc7wH9MTYRUofa3vwfLO5kJZOBPApCcZDPTXE1G0XDTtT6t6R+btNaFxrKeOcUdxAxXB6dYhctCpvYBN+2pu3fF6RWoSm1Aejxi3z2eyrmMjkKeEYrFKpoRKIIjESaiGdkqf8FoQky6FYes/os47U/lSchvGB/TgDbEu5aoUnQdL8dFomQmyDnHHfdg/5hqxiVZs3VENF1CrPGRoWeEafCOIYdJmr/GlgVLVCUyX7S59M5U44NpNssSavGInxLyGprh8EqHYQ+RTy1RPInLAEm2veJNAHgv68wE2EMZfHIKwWqikVYarJ4MLUcp+IlSfIaUqxuPik2wm3hJQrK58cYYnxBQbMQnV3U9yh1qir8krAWocbu2OHeWVl/MypJH13rBuKTXa+7MIFqvmRuNZ14oGFXUWo/q//oIrRXg2//QWhXkTr3zpv+qDPbyKqatn0WkrocSkrOBn8cJxRoBZ6NqqhNFF8yENm4TVYLe2sWMrxCu1xpUXdlWJOF2p0IHjZe/XU6SroKArLUrofX62Jffvtx6Y3qW0IqZct8Bs76eB1u4quRUec3Y7ZeACUzdPDEUNEcZxHzczXc/9RldYfQPM/5zz0gNuy0hWfecTwOEThZgp3aIjirlEOn7hoqozCDWbhb7DUqC6G0w7Dc4rqNmW8uWSXz3C3TyzPdk6my1QtjrorB1S9xA9lKVYftRy2t7sux+H2E+rCMAOfqvHzxJQ0LQp98ladZj7x9DUMleVF6i2TYPzvZZC8Wl10bRDryBNNIaa8i70QiuUNS0h8xg2Xm09Vy62dRTjgboo+KBd49h/1X3haoiC78vbc1ePI5vxjr83a77SQ+H6oUQZGpN26vl1GwaC134CpwDgpcD+cUrA2jQJ5CPr6LckAZ+Xz8nr8M1MLA6DHtrCl080slGnjwvZ5Kjdufw1FB2uLOa+wQQr+X9am8WsRBD4GR37/AFXNIfRPXDrNjDnCm2Ckuho0zjpxY96DT5skRx7bjvvfKb64J3b5Q9JOraCGnkv5+shJkfDtlXEQ/v3uD8rQMHCSBTZmZbXHMFD7LGJv64w/C36ED1XXO11GlpR86e3lEqaoc/2xEVXtu8sn7WFomKBUuZjFB9iq+aj99IcRBMe0kDE7oe/tszuVIwEGl373yVWxPiBzb/K6MUeqhXcLZunz5elqzgnYPMW9LKDibUJ6hyD0j0yjkJcJw4kzUc0ILM8UnJjcsS5Rv6zyaHU8YtGHYGeK4cQ4h1vYTDHlHnD9xejl+Eh1nhlEFdEpQrsvLrcmZAFD57PaQHRVs5K8MNyVn1j7AdqFVNjPOOi7rAz6gGWR4k9CKuDd42DD60IfEphsjcraNqVeTuG1lFAhjwI/kpCfp76QG+Uq5oSNGP3LS/U3hPisTX0Qz1ZOhvIEz2JD9QiA6pDoqV1WWV6mc/DB+juHWz1P25KbS606hLFoK8Zo3cb1LPyOholbk2/gpoLDpSCJkHxALxwXYs0kgJLGiHUq1jEln1clBIrpey7qPPmyLoOhPc8/bTb6Q9529MTFNZ4HY4/51LoXf9X8W44sSkoByAQu1bzHZBfWJr7mXXVpyR7XysEwoqc5bQJ+TXVTxMH+RdF+gw==</Value></TokenEntry></Values></UseKey><Claims><Values xmlns:q1=""http://schemas.xmlsoap.org/ws/2004/04/security/trust"" soapenc:arrayType=""q1:TokenEntry[17]""><TokenEntry><Name>SessionKey</Name><Value>qJsjBTIZwHty7df9wZruwjS0uQzvWq+zH3Rgkr0h1j2DbICsDx3gxV4Ua2Z6wYjIkg8TuwYXX5eappBoH0mAVgGGhWb5Oj3wEtAmu+ySTsoshoH/iP2YWjxMs1XDZ1s6wV+/t8rMerOhp2exbFcPHf4ykSBQytkgKSMipoJNLu/CPGYkWOYl5wiZRf3tzWCLGbPNtMPT8kZ5hFZ7x4kG58gkE6URVYTXCJzRbQc7/SpCz0Sn/NH6FimC3wwKpEhVW9dZbgCGvJETvDF2GbCGj4cmn3hHgcq1thIi1wEJ9mthYJqPrP3oQktxW1QLgEuiMN/oA9mMxFG882Vt+m8FuQ==</Value></TokenEntry><TokenEntry><Name>BindingType</Name><Value>/VVLqO1Ujv6U8tNV2MPwM3u5DhH7AtvwqfZ3jPf29Gc=</Value></TokenEntry><TokenEntry><Name>Binding</Name><Value>gMX/YqEQjCBpobngmdji13yUcLrMvVloBizFx8jGOhASMFdPWCJXul2H/AAvHAzajoqOPwEjavda59F7WVuWtYuVc1ofpDbiE77O64bQtfc=</Value></TokenEntry><TokenEntry><Name>ProductKey</Name><Value>Knvpi/WAvYwQ5/UwcMDoVOYJTV0M7RkUeYG573QGOHo=</Value></TokenEntry><TokenEntry><Name>ProductKeyType</Name><Value>/VVLqO1Ujv6U8tNV2MPwM3NQqwnUAmGn0wfc2Fnn2PE=</Value></TokenEntry><TokenEntry><Name>ProductKeyActConfigId</Name><Value>z3b/OQ1nj2N1nWWC7R/dD7ogVyBsIHG4HGz0Sf4hB32TZ99OOXhjOWNhGKlmREZAftIF4629rdj/S5dB74IgtaePZ1eyyXGoypmT4bQFKIc=</Value></TokenEntry><TokenEntry><Name>SppSvcVersion</Name><Value>UNrf44iw8fTgwpuJfB8LDA==</Value></TokenEntry><TokenEntry><Name>otherInfoPublic.licenseCategory</Name><Value>YBL6NJ5bQXuI9ZB4SbrwOq1Hi2BZZdg1OhFtzWIIJHY=</Value></TokenEntry><TokenEntry><Name>otherInfoPrivate.licenseCategory</Name><Value>YBL6NJ5bQXuI9ZB4SbrwOiPDf3Vi499I0kjltrHWOEg=</Value></TokenEntry><TokenEntry><Name>otherInfoPublic.sysprepAction</Name><Value>X7+84WyYLChbjjnSU8VBew==</Value></TokenEntry><TokenEntry><Name>otherInfoPrivate.sysprepAction</Name><Value>X7+84WyYLChbjjnSU8VBew==</Value></TokenEntry><TokenEntry><Name>ClientInformation</Name><Value>/a+zFc/bGx49X7f53+Ilh7DKLYFlQqb4LJvRWQXrIV3SPYiFxR4xaqjIickIN6lD+1L7IQj5IyGbj2SBC2BNiQ==</Value></TokenEntry><TokenEntry><Name>ReferralInformation</Name><Value>35I4JMr+Tu2eJLIu1MTYQiXizcP8RoADnkDyua48ACGRReGIjXgyRs0JWpDTGl3hyTR7xYsMtLJn07rJFs+HKw==</Value></TokenEntry><TokenEntry><Name>ClientSystemTime</Name><Value>WQ3Ek8nskRq9VAdOnnK5lvoKTmKsOK6l7wYh/dwuLQ4=</Value></TokenEntry><TokenEntry><Name>ClientSystemTimeUtc</Name><Value>WQ3Ek8nskRq9VAdOnnK5lvoKTmKsOK6l7wYh/dwuLQ4=</Value></TokenEntry><TokenEntry><Name>otherInfoPublic.secureStoreId</Name><Value>CSz94tgUonW1k8NZquxpKbqwnY9b4nOJaZGnqNbecxGQ3gw2DhYOWTdnGpdwAxkO</Value></TokenEntry><TokenEntry><Name>otherInfoPrivate.secureStoreId</Name><Value>CSz94tgUonW1k8NZquxpKbqwnY9b4nOJaZGnqNbecxGQ3gw2DhYOWTdnGpdwAxkO</Value></TokenEntry></Values></Claims></RequestSecurityToken></soap:Body></soap:Envelope>)
00010002(0x80072EE7, 13:06:14:839 - <NULL>)
00010003(0x80072EE7, 13:06:14:839)
",,,,,,,,,,,,,,,,,,,,,,,,,,,,,,,,,,,,,,,,,,,,,,,,,,,,,,,,,,,,,,,,,,,,,,,,,,,,,,,,,,,,,,,
2026-04-05T20:06:14.847859Z,"{'#attributes': {'Qualifiers': 49152}, '#text': 1014}",dc.danglingtree.htb,Microsoft-Windows-Security-SPP,Application,2030,2,,,,,,,,,,,,,,,,,,,,,,,,hr=0x80072EE7,753c53a2-4274-4339-8c2e-f66c0b9646c5,,,,,,,,,,,,,,,,,,,,,,,,,,,,,,,,,,,,,,,,,,,,,,,,,,,,,,,,,,,,,,,,,,,,,,,,,,,,,,,,,,,,,,,
2026-04-05T20:06:14.962561Z,"{'#attributes': {'Qualifiers': 16384}, '#text': 1003}",dc.danglingtree.htb,Microsoft-Windows-Security-SPP,Application,2031,4,,,,,,,,,,,,,,,,,,,,,,,,55c92734-d682-4d71-983e-d6ec3f16059f,"
1: 753c53a2-4274-4339-8c2e-f66c0b9646c5, 1, 1 [(0 [0xC004E003, 0, 0], [( 2 0xC004F00F 0 0 msft:rm/algorithm/hwid/4.0 0x00000000 0)( 1 0x00000000)(?)( 2 0xC004F00F 0 0 msft:rm/algorithm/hwid/4.0 0x00000000 0)(?)(?)( 10 0x00000000 msft:rm/algorithm/flags/1.0)(?)])(1 )(2 )(3 [0x00000000, 0, 0], [( 6 0xC004F009 10 0)( 1 0x00000000)( 6 0xC004F009 10 0)(?)(?)(?)( 10 0x00000000 msft:rm/algorithm/flags/1.0)( 11 0x00000000 0xC004F00F)])]

",,,,,,,,,,,,,,,,,,,,,,,,,,,,,,,,,,,,,,,,,,,,,,,,,,,,,,,,,,,,,,,,,,,,,,,,,,,,,,,,,,,,,,,
2026-04-05T20:06:14.998780Z,"{'#attributes': {'Qualifiers': 16384}, '#text': 1003}",dc.danglingtree.htb,Microsoft-Windows-Security-SPP,Application,2032,4,,,,,,,,,,,,,,,,,,,,,,,,55c92734-d682-4d71-983e-d6ec3f16059f,"
1: 753c53a2-4274-4339-8c2e-f66c0b9646c5, 1, 1 [(0 [0xC004E003, 0, 0], [( 2 0xC004F00F 0 0 msft:rm/algorithm/hwid/4.0 0x00000000 0)( 1 0x00000000)(?)( 2 0xC004F00F 0 0 msft:rm/algorithm/hwid/4.0 0x00000000 0)(?)(?)( 10 0x00000000 msft:rm/algorithm/flags/1.0)(?)])(1 )(2 )(3 [0x00000000, 0, 0], [( 6 0xC004F009 10 0)( 1 0x00000000)( 6 0xC004F009 10 0)(?)(?)(?)( 10 0x00000000 msft:rm/algorithm/flags/1.0)( 11 0x00000000 0xC004F00F)])]

",,,,,,,,,,,,,,,,,,,,,,,,,,,,,,,,,,,,,,,,,,,,,,,,,,,,,,,,,,,,,,,,,,,,,,,,,,,,,,,,,,,,,,,
2026-04-05T20:06:15.009936Z,"{'#attributes': {'Qualifiers': 49152}, '#text': 8198}",dc.danglingtree.htb,Microsoft-Windows-Security-SPP,Application,2033,2,,,,,,,,,,,,,,,,,,,,,,,,hr=0x80072EE7,RuleId=3482d82e-ca2c-4e1f-8864-da0267b484b2;Action=AutoActivate;AppId=55c92734-d682-4d71-983e-d6ec3f16059f;SkuId=753c53a2-4274-4339-8c2e-f66c0b9646c5;NotificationInterval=1440;Trigger=UserLogon;SessionId=1,,,,,,,,,,,,,,,,,,,,,,,,,,,,,,,,,,,,,,,,,,,,,,,,,,,,,,,,,,,,,,,,,,,,,,,,,,,,,,,,,,,,,,,
2026-04-05T20:06:14.417723Z,77,dc.danglingtree.htb,Microsoft-Windows-CertificationAuthority,Application,2034,3,,,,,,,,,,,,,,,,,,,,,,,,,,,,,,,,,,,,,,,,,,,,,,,,,,,,,,,,,,,,,,,,,,,,,,,Windows default,,,,,,,,,,,,,,,,,,,,,,,"The RemoteAccessVPN Certificate Template could not be loaded.  Element not found. 0x80070490 (WIN32: 1168 ERROR_NOT_FOUND).
",,MSG_POLICY_LOG_WARNING,,,,,,,,,,,,,,,,
2026-04-05T20:06:14.422517Z,77,dc.danglingtree.htb,Microsoft-Windows-CertificationAuthority,Application,2035,3,,,,,,,,,,,,,,,,,,,,,,,,,,,,,,,,,,,,,,,,,,,,,,,,,,,,,,,,,,,,,,,,,,,,,,,Windows default,,,,,,,,,,,,,,,,,,,,,,,"The EmployeeAuthTemplate Certificate Template could not be loaded.  Element not found. 0x80070490 (WIN32: 1168 ERROR_NOT_FOUND).
",,MSG_POLICY_LOG_WARNING,,,,,,,,,,,,,,,,
2026-04-05T20:06:14.426560Z,77,dc.danglingtree.htb,Microsoft-Windows-CertificationAuthority,Application,2036,3,,,,,,,,,,,,,,,,,,,,,,,,,,,,,,,,,,,,,,,,,,,,,,,,,,,,,,,,,,,,,,,,,,,,,,,Windows default,,,,,,,,,,,,,,,,,,,,,,,"The VPNUserTemplate Certificate Template could not be loaded.  Element not found. 0x80070490 (WIN32: 1168 ERROR_NOT_FOUND).
",,MSG_POLICY_LOG_WARNING,,,,,,,,,,,,,,,,
2026-04-05T20:06:14.486790Z,26,dc.danglingtree.htb,Microsoft-Windows-CertificationAuthority,Application,2037,4,,,,,,,,,,,,,,,,,danglingtree-DC-CA,,,,dc.danglingtree.htb,  DC=,,,,,,,,,,,,,,,,,,,,,,,,,,,,,,,,,,,,,,,,,,,,,,,,,,,,,,,,,,,,,,,,,,,,,,,,,,MSG_I_SERVER_STARTED,,,,,,,,,,,,,,,,
2026-04-05T20:06:37.178195Z,1008,dc.danglingtree.htb,Microsoft-Windows-Perflib,Application,2038,3,,,,,,,,,,,,,,,,,,,,,,,,,,,,,,,,,,,,,,,,,,,,,,,C:\WINDOWS\system32\mscoree.dll,,,,,,,,,,,,,,,,,,,,,,,,,,,,,,,,,,,,,.NETFramework,,,,,,,,,,,5,,,,,,,,,,,,,,,,,
2026-04-05T20:06:37.200091Z,1008,dc.danglingtree.htb,Microsoft-Windows-Perflib,Application,2039,3,,,,,,,,,,,,,,,,,,,,,,,,,,,,,,,,,,,,,,,,,,,,,,,C:\WINDOWS\system32\esentprf.dll,,,,,,,,,,,,,,,,,,,,,,,,,,,,,,,,,,,,,ESENT,,,,,,,,,,,5,,,,,,,,,,,,,,,,,
2026-04-05T20:06:37.243996Z,1016,dc.danglingtree.htb,Microsoft-Windows-Perflib,Application,2040,3,,,,,,,,,,,,,0x27b50c54638,1132,,,,,,,,,,,,,,,,,,,,,,,,,,,,,,,,,C:\Windows\System32\perfts.dll,,,,,,,,,,,,,,,,,,,,,,,,,,,,,,,,,,,,,TermService,,,,,,,,,,,,,,,,,,,,,,,,,,,,
2026-04-05T20:06:37.246643Z,1008,dc.danglingtree.htb,Microsoft-Windows-Perflib,Application,2041,3,,,,,,,,,,,,,,,,,,,,,,,,,,,,,,,,,,,,,,,,,,,,,,,C:\WINDOWS\system32\wbem\wmiaprpl.dll,,,,,,,,,,,,,,,,,,,,,,,,,,,,,,,,,,,,,WmiApRpl,,,,,,,,,,,21,,,,,,,,,,,,,,,,,
2026-04-05T20:07:06.887235Z,"{'#attributes': {'Qualifiers': 0}, '#text': 0}",dc.danglingtree.htb,edgeupdate,Application,2042,4,,,,,,,,,,,,,,,,,,,,,,,Service stopped,,,,,,,,,,,,,,,,,,,,,,,,,,,,,,,,,,,,,,,,,,,,,,,,,,,,,,,,,,,,,,,,,,,,,,,,,,,,,,,,,,,,,,,,,
2026-04-05T20:07:33.502113Z,"{'#attributes': {'Qualifiers': 0}, '#text': 0}",dc.danglingtree.htb,edgeupdate,Application,2043,4,,,,,,,,,,,,,,,,,,,,,,,Service stopped,,,,,,,,,,,,,,,,,,,,,,,,,,,,,,,,,,,,,,,,,,,,,,,,,,,,,,,,,,,,,,,,,,,,,,,,,,,,,,,,,,,,,,,,,
2026-04-05T20:08:19.639148Z,"{'#attributes': {'Qualifiers': 32768}, '#text': 6000}",dc.danglingtree.htb,Microsoft-Windows-Winlogon,Application,2044,4,,,,,,,,,,D9060000,,,,,,,,,,,,,WSearch,,,,,,,,,,,,,,,,,,,,,,,,,,,,,,,,,,,,,,,,,,,,,,,,,,,,,,,,,,,,,,,,,,,,,,,,,,,,,,,,,,,,,,,,,
2026-04-05T20:08:20.863986Z,"{'#attributes': {'Qualifiers': 0}, '#text': 260}",dc.danglingtree.htb,VMUpgradeHelper,Application,2045,4,,,,,,,,,,,,,,,,,,,,,,,,,,,,,,,,,,,,,,,,,,,,,,,,,,,,,,,,,,,,,,,,,,,,,,,,,,,,,,,,,,,,,,,,,,,,,,,,,,,,,,,,,,,,,,,,
2026-04-05T20:08:20.864165Z,"{'#attributes': {'Qualifiers': 0}, '#text': 272}",dc.danglingtree.htb,VMUpgradeHelper,Application,2046,4,,,,,,,,,,,,,,,,,,,,,,,,,,,,,,,,,,,,,,,,,,,,,,,,,,,,,,,,,,,,,,,,,,,,,,,,,,,,,,,,,,,,,,,,,,,,,,,,,,,,,,,,,,,,,,,,
2026-04-05T20:08:20.882739Z,"{'#attributes': {'Qualifiers': 0}, '#text': 108}",dc.danglingtree.htb,VMTools,Application,2047,4,,,,,,,,,,,,,,,,,,,,,,,,,,,,,,,,,,,,,,,,,,,,,,,,,,,,,,,,,,,,,,,,,,,,,,,,,,,,,,,,,,,,,,,,,,,,,,,,,,,,,,,,,,,,,,,,
2026-04-05T20:08:21.055563Z,"{'#attributes': {'Qualifiers': 16384}, '#text': 4111}",dc.danglingtree.htb,Microsoft-Windows-MSDTC,Application,2048,4,,,,,,,,,,4D005300440054004300,,,,,,,,,,,,,,,,,,,,,,,,,,,,,,,,,,,,,,,,,,,,,,,,,,,,,,,,,,,,,,,,,,,,,,,,,,,,,,,,,,,,,,,,,,,,,,,,,,,,,,
2026-04-05T20:08:21.045010Z,1532,dc.danglingtree.htb,Microsoft-Windows-User Profiles Service,Application,2049,4,,,,,,,,,,,,,,,,,,,,,,,,,,,,,,,,,,,,,,,,,,,,,,,,,,,,,,,,,,,,,,,,,,,,,,,,,,,,,,,,,,,,,,,,,,,,,,,,,,,,,,,,,,,,,,,,
2026-04-05T20:08:21.208657Z,1000,dc.danglingtree.htb,Application Error,Application,2050,2,,WindowsAdminCenterAccountManagement.exe,C:\Program Files\WindowsAdminCenter\Service\WindowsAdminCenterAccountManagement.exe,69340000,,2.6.11.4,,,,,,,,,,,,,,,,,,,,,,,,,,,,,,,,,e0434352,,00000000000ca80a,,,,aa3cdcc8-04d6-4bab-ad2d-2bd3c316bc9b,,,,KERNELBASE.dll,C:\WINDOWS\System32\KERNELBASE.dll,93531557,10.0.26100.32230,,,,,,,,,,,,,,,,,,,,0x1dcc5378f66dad5,0xc48,,,,,,,,,,,,,,,,,,,,,,,,,,,,,,,,,,,,,,,
2026-04-05T20:08:21.272412Z,38,dc.danglingtree.htb,Microsoft-Windows-CertificationAuthority,Application,2051,4,,,,,,,,,,,,,,,,,danglingtree-DC-CA,,,,,,,,,,,,,,,,,,,,,,,,,,,,,,,,,,,,,,,,,,,,,,,,,,,,,,,,,,,,,,,,,,,,,,,,,,,,,,,MSG_I_SERVER_STOPPED,,,,,,,,,,,,,,,,
2026-04-05T20:08:21.720047Z,1001,dc.danglingtree.htb,Windows Error Reporting,Application,2052,4,,,,,,,,,,,,0,,,,,,0,0,,,,,,,,,,,,,,,,,,,APPCRASH,,,,,,,,,,,,,,,,,,,WindowsAdminCenterAccountManagement.exe,,2.6.11.4,69340000,KERNELBASE.dll,10.0.26100.32230,93531557,e0434352,00000000000ca80a,,,,,,,,,,,0,,aa3cdcc8-04d6-4bab-ad2d-2bd3c316bc9b,4100,,Not available,,,,,,\\?\C:\ProgramData\Microsoft\Windows\WER\ReportQueue\AppCrash_WindowsAdminCent_a6fb81939b9f405e50f372bdcaf57e747b9d9ae_67a50925_a1a327eb-52e3-4caa-91c8-ef24bdbd68bf,,,,,,,,,,,,,,,,,,,,,,,,,
2026-06-03T19:37:47.301817Z,1531,dc.danglingtree.htb,Microsoft-Windows-User Profiles Service,Application,2053,4,,,,,,,,,,,,,,,,,,,,,,,,,,,,,,,,,,,,,,,,,,,,,,,,,,,,,,,,,,,,,,,,,,,,,,,,,,,,,,,,,,,,,,,,,,,,,,,,,,,,,,,,,,,,,,,,
2026-06-03T19:37:59.123570Z,"{'#attributes': {'Qualifiers': 0}, '#text': 105}",dc.danglingtree.htb,VMTools,Application,2054,4,,,,,,,,,,,,,,,,,,,,,,,,,,,,,,,,,,,,,,,,,,,,,,,,,,,,,,,,,,,,,,,,,,,,,,,,,,,,,,,,,,,,,,,,,,,,,,,,,,,,,,,,,,,,,,,,
2026-06-03T19:38:00.089420Z,5615,dc.danglingtree.htb,Microsoft-Windows-WMI,Application,2055,4,,,,,,,,,,,,,,,,,,,,,,,,,,,,,,,,,,,,,,,,,,,,,,,,,,,,,,,,,,,,,,,,,,,,,,,,,,,,,,,,,,,,,,,,,,,,,,,,,,,,,,,,,,,,,,,,
2026-06-03T19:38:01.600384Z,"{'#attributes': {'Qualifiers': 16384}, '#text': 900}",dc.danglingtree.htb,Microsoft-Windows-Security-SPP,Application,2056,4,,,,,,,,,,,,,,,,,,,,,,,TriggerStarted:6,,,,,,,,,,,,,,,,,,,,,,,,,,,,,,,,,,,,,,,,,,,,,,,,,,,,,,,,,,,,,,,,,,,,,,,,,,,,,,,,,,,,,,,,,
2026-06-03T19:38:03.696892Z,"{'#attributes': {'Qualifiers': 49152}, '#text': 16394}",dc.danglingtree.htb,Microsoft-Windows-Security-SPP,Application,2057,4,,,,,,,,,,,,,,,,,,,,,,,,,,,,,,,,,,,,,,,,,,,,,,,,,,,,,,,,,,,,,,,,,,,,,,,,,,,,,,,,,,,,,,,,,,,,,,,,,,,,,,,,,,,,,,,,
2026-06-03T19:38:03.729924Z,"{'#attributes': {'Qualifiers': 16384}, '#text': 781}",dc.danglingtree.htb,Microsoft-Windows-Complus,Application,2058,4,,,,,,,,,,,,,,,,,,,,,,,,,,,,,,,,,,,,,,,,,,,,,,,,,,,,,,,,,,,,,,,,,,,,,,,,,,,,,,,,,,,,,,,,,,,,,,,,,,,,,86400,,,,SuppressDuplicateDuration,Software\Microsoft\COM3\Eventlog,,,,,,
2026-06-03T19:38:04.372303Z,"{'#attributes': {'Qualifiers': 16384}, '#text': 1066}",dc.danglingtree.htb,Microsoft-Windows-Security-SPP,Application,2059,4,,,,,,,,,,,,,,,,,,,,,,,"C:\WINDOWS\system32\sppwinob.dll, msft:spp/windowsfunctionality/agent/7.0, 0x00000000, 0x00000000
C:\WINDOWS\system32\sppobjs.dll, msft:rm/algorithm/inherited/1.0, 0x00000000, 0x00000000
C:\WINDOWS\system32\sppobjs.dll, msft:rm/algorithm/phone/1.0, 0x00000000, 0x00000000
C:\WINDOWS\system32\sppobjs.dll, msft:rm/algorithm/pkey/detect, 0x00000000, 0x00000000
C:\WINDOWS\system32\sppobjs.dll, msft:spp/ActionScheduler/1.0, 0x00000000, 0x00000000
C:\WINDOWS\system32\sppobjs.dll, msft:spp/TaskScheduler/1.0, 0x00000000, 0x00000000
C:\WINDOWS\system32\sppobjs.dll, msft:spp/statecollector/pkey, 0x00000000, 0x00000000
C:\WINDOWS\system32\sppobjs.dll, msft:spp/volume/services/kms/1.0, 0x00000000, 0x00000000
C:\WINDOWS\system32\sppobjs.dll, msft:spp/volume/services/kms/activationinfo/1.0, 0x00000000, 0x00000000
",,,,,,,,,,,,,,,,,,,,,,,,,,,,,,,,,,,,,,,,,,,,,,,,,,,,,,,,,,,,,,,,,,,,,,,,,,,,,,,,,,,,,,,,,
2026-06-03T19:38:05.155925Z,"{'#attributes': {'Qualifiers': 16384}, '#text': 1040}",dc.danglingtree.htb,Microsoft-Windows-Security-SPP,Application,2060,4,,,,,,,,,,5C0000000A002E0000000000030001000100010001000000010001000000E861DE0D0C5CE6B7DFE090F6FC1467B063A903F65ED60D0001000101000201000301000401000500000601000700000801000901000A01000B00000C01002E0000000000030001000100010001000000010001000000E861EE790C5CE6B7DFE0DAF7FC1467B063A9397BC6EF,,,,,,,,,,,,,,55c92734-d682-4d71-983e-d6ec3f16059f,753c53a2-4274-4339-8c2e-f66c0b9646c5,,,,,,,,,,,,,,,,,,,,,,,,,,,,,,,,,,,,,,,,,,,,,,,,,,,,,,,,,,,,,,,,,,,,,,,,,,,,,,,,,,,,,,,
2026-06-03T19:38:04.348151Z,5617,dc.danglingtree.htb,Microsoft-Windows-WMI,Application,2061,4,,,,,,,,,,,,,,,,,,,,,,,,,,,,,,,,,,,,,,,,,,,,,,,,,,,,,,,,,,,,,,,,,,,,,,,,,,,,,,,,,,,,,,,,,,,,,,,,,,,,,,,,,,,,,,,,
2026-06-03T19:38:06.489370Z,"{'#attributes': {'Qualifiers': 16384}, '#text': 4202}",dc.danglingtree.htb,Microsoft-Windows-MSDTC 2,Application,2062,4,,,,,,,,,,,,,,,,,,,,,,,,,,,,,,,,,,,,,,,,,,,,,,,,,,,,,,,,,,,,,,,,,,,,,,,,,,,,,,,,,,,,,,,,,,,,,,,,,,,,,0,0,0,1,0,0,0,0,0,1,Mutual Authentication Required,NT AUTHORITY\NetworkService
2026-06-03T19:38:07.077626Z,"{'#attributes': {'Qualifiers': 16384}, '#text': 1003}",dc.danglingtree.htb,Microsoft-Windows-Security-SPP,Application,2063,4,,,,,,,,,,,,,,,,,,,,,,,,55c92734-d682-4d71-983e-d6ec3f16059f,"
1: 753c53a2-4274-4339-8c2e-f66c0b9646c5, 1, 1 [(0 [0xC004E003, 0, 0], [( 2 0xC004F00F 0 0 msft:rm/algorithm/hwid/4.0 0x00000000 0)( 1 0x00000000)(?)( 2 0xC004F00F 0 0 msft:rm/algorithm/hwid/4.0 0x00000000 0)(?)(?)( 10 0x00000000 msft:rm/algorithm/flags/1.0)(?)])(1 )(2 )(3 [0x00000000, 0, 0], [( 6 0xC004F009 10 0)( 1 0x00000000)( 6 0xC004F009 10 0)(?)(?)(?)( 10 0x00000000 msft:rm/algorithm/flags/1.0)( 11 0x00000000 0xC004F00F)])]

",,,,,,,,,,,,,,,,,,,,,,,,,,,,,,,,,,,,,,,,,,,,,,,,,,,,,,,,,,,,,,,,,,,,,,,,,,,,,,,,,,,,,,,
