2026-03-26T06:17:14.837093Z,254,dc.danglingtree.htb,Microsoft-Windows-WinRM,Microsoft-Windows-WinRM/Operational,1405,4,,,,,,,
2026-03-26T06:17:14.837094Z,132,dc.danglingtree.htb,Microsoft-Windows-WinRM,Microsoft-Windows-WinRM/Operational,1406,4,,,,,Enumeration,,
2026-03-26T06:17:14.837847Z,145,dc.danglingtree.htb,Microsoft-Windows-WinRM,Microsoft-Windows-WinRM/Operational,1407,4,,,,,Enumeration,,http://schemas.microsoft.com/wbem/wsman/1/Config/Plugin
2026-03-26T06:17:14.839895Z,254,dc.danglingtree.htb,Microsoft-Windows-WinRM,Microsoft-Windows-WinRM/Operational,1408,4,,,,,,,
2026-03-26T06:17:14.839896Z,132,dc.danglingtree.htb,Microsoft-Windows-WinRM,Microsoft-Windows-WinRM/Operational,1409,4,,,,,Enumeration,,
2026-03-26T06:17:14.841132Z,145,dc.danglingtree.htb,Microsoft-Windows-WinRM,Microsoft-Windows-WinRM/Operational,1410,4,,,,,Enumeration,,http://schemas.microsoft.com/wbem/wsman/1/Config/Plugin
2026-03-26T06:17:14.843236Z,254,dc.danglingtree.htb,Microsoft-Windows-WinRM,Microsoft-Windows-WinRM/Operational,1411,4,,,,,,,
2026-03-26T06:17:14.843236Z,132,dc.danglingtree.htb,Microsoft-Windows-WinRM,Microsoft-Windows-WinRM/Operational,1412,4,,,,,Enumeration,,
2026-03-26T06:17:14.844485Z,145,dc.danglingtree.htb,Microsoft-Windows-WinRM,Microsoft-Windows-WinRM/Operational,1413,4,,,,,Enumeration,,http://schemas.microsoft.com/wbem/wsman/1/Config/Plugin
2026-03-26T06:17:14.847089Z,254,dc.danglingtree.htb,Microsoft-Windows-WinRM,Microsoft-Windows-WinRM/Operational,1414,4,,,,,,,
2026-03-26T06:17:14.847090Z,132,dc.danglingtree.htb,Microsoft-Windows-WinRM,Microsoft-Windows-WinRM/Operational,1415,4,,,,,Enumeration,,
2026-03-26T06:17:14.848445Z,145,dc.danglingtree.htb,Microsoft-Windows-WinRM,Microsoft-Windows-WinRM/Operational,1416,4,,,,,Enumeration,,http://schemas.microsoft.com/wbem/wsman/1/Config/Plugin
2026-03-26T06:17:14.852306Z,254,dc.danglingtree.htb,Microsoft-Windows-WinRM,Microsoft-Windows-WinRM/Operational,1417,4,,,,,,,
2026-03-26T06:17:14.852307Z,132,dc.danglingtree.htb,Microsoft-Windows-WinRM,Microsoft-Windows-WinRM/Operational,1418,4,,,,,Enumeration,,
2026-03-26T06:17:14.853452Z,145,dc.danglingtree.htb,Microsoft-Windows-WinRM,Microsoft-Windows-WinRM/Operational,1419,4,,,,,Enumeration,,http://schemas.microsoft.com/wbem/wsman/1/Config/Plugin
2026-03-26T06:17:14.856574Z,254,dc.danglingtree.htb,Microsoft-Windows-WinRM,Microsoft-Windows-WinRM/Operational,1420,4,,,,,,,
2026-03-26T06:17:14.856575Z,132,dc.danglingtree.htb,Microsoft-Windows-WinRM,Microsoft-Windows-WinRM/Operational,1421,4,,,,,Enumeration,,
2026-03-26T06:17:14.857609Z,145,dc.danglingtree.htb,Microsoft-Windows-WinRM,Microsoft-Windows-WinRM/Operational,1422,4,,,,,Enumeration,,http://schemas.microsoft.com/wbem/wsman/1/Config/Plugin
2026-03-26T06:17:14.860207Z,254,dc.danglingtree.htb,Microsoft-Windows-WinRM,Microsoft-Windows-WinRM/Operational,1423,4,,,,,,,
2026-03-26T06:17:14.860209Z,132,dc.danglingtree.htb,Microsoft-Windows-WinRM,Microsoft-Windows-WinRM/Operational,1424,4,,,,,Enumeration,,
2026-03-26T06:17:14.862930Z,145,dc.danglingtree.htb,Microsoft-Windows-WinRM,Microsoft-Windows-WinRM/Operational,1425,4,,,,,Enumeration,,http://schemas.microsoft.com/wbem/wsman/1/Config/Plugin
2026-03-26T06:17:14.866497Z,254,dc.danglingtree.htb,Microsoft-Windows-WinRM,Microsoft-Windows-WinRM/Operational,1426,4,,,,,,,
2026-03-26T06:17:14.866499Z,132,dc.danglingtree.htb,Microsoft-Windows-WinRM,Microsoft-Windows-WinRM/Operational,1427,4,,,,,Enumeration,,
2026-03-26T06:17:14.867637Z,145,dc.danglingtree.htb,Microsoft-Windows-WinRM,Microsoft-Windows-WinRM/Operational,1428,4,,,,,Enumeration,,http://schemas.microsoft.com/wbem/wsman/1/Config/Plugin
2026-03-26T06:17:14.870309Z,254,dc.danglingtree.htb,Microsoft-Windows-WinRM,Microsoft-Windows-WinRM/Operational,1429,4,,,,,,,
2026-03-26T06:17:14.870310Z,132,dc.danglingtree.htb,Microsoft-Windows-WinRM,Microsoft-Windows-WinRM/Operational,1430,4,,,,,Enumeration,,
2026-03-26T06:17:14.871112Z,145,dc.danglingtree.htb,Microsoft-Windows-WinRM,Microsoft-Windows-WinRM/Operational,1431,4,,,,,Enumeration,,http://schemas.microsoft.com/wbem/wsman/1/Config/Plugin
2026-03-26T06:17:14.873415Z,254,dc.danglingtree.htb,Microsoft-Windows-WinRM,Microsoft-Windows-WinRM/Operational,1432,4,,,,,,,
2026-03-26T06:17:14.873417Z,132,dc.danglingtree.htb,Microsoft-Windows-WinRM,Microsoft-Windows-WinRM/Operational,1433,4,,,,,Enumeration,,
2026-03-26T06:17:14.875019Z,145,dc.danglingtree.htb,Microsoft-Windows-WinRM,Microsoft-Windows-WinRM/Operational,1434,4,,,,,Enumeration,,http://schemas.microsoft.com/wbem/wsman/1/Config/Plugin
2026-03-26T06:17:14.878304Z,254,dc.danglingtree.htb,Microsoft-Windows-WinRM,Microsoft-Windows-WinRM/Operational,1435,4,,,,,,,
2026-03-26T06:17:14.878305Z,132,dc.danglingtree.htb,Microsoft-Windows-WinRM,Microsoft-Windows-WinRM/Operational,1436,4,,,,,Enumeration,,
2026-03-26T06:17:14.879324Z,145,dc.danglingtree.htb,Microsoft-Windows-WinRM,Microsoft-Windows-WinRM/Operational,1437,4,,,,,Enumeration,,http://schemas.microsoft.com/wbem/wsman/1/Config/Plugin
2026-03-26T06:17:14.881716Z,254,dc.danglingtree.htb,Microsoft-Windows-WinRM,Microsoft-Windows-WinRM/Operational,1438,4,,,,,,,
2026-03-26T06:17:14.881717Z,132,dc.danglingtree.htb,Microsoft-Windows-WinRM,Microsoft-Windows-WinRM/Operational,1439,4,,,,,Enumeration,,
2026-03-26T06:17:14.882809Z,145,dc.danglingtree.htb,Microsoft-Windows-WinRM,Microsoft-Windows-WinRM/Operational,1440,4,,,,,Enumeration,,http://schemas.microsoft.com/wbem/wsman/1/Config/Plugin
2026-03-26T06:17:14.886115Z,254,dc.danglingtree.htb,Microsoft-Windows-WinRM,Microsoft-Windows-WinRM/Operational,1441,4,,,,,,,
2026-03-26T06:17:14.886116Z,132,dc.danglingtree.htb,Microsoft-Windows-WinRM,Microsoft-Windows-WinRM/Operational,1442,4,,,,,Enumeration,,
2026-03-26T06:17:14.888403Z,145,dc.danglingtree.htb,Microsoft-Windows-WinRM,Microsoft-Windows-WinRM/Operational,1443,4,,,,,Enumeration,,http://schemas.microsoft.com/wbem/wsman/1/Config/Plugin
2026-03-26T06:17:14.891539Z,254,dc.danglingtree.htb,Microsoft-Windows-WinRM,Microsoft-Windows-WinRM/Operational,1444,4,,,,,,,
2026-03-26T06:17:14.891540Z,132,dc.danglingtree.htb,Microsoft-Windows-WinRM,Microsoft-Windows-WinRM/Operational,1445,4,,,,,Enumeration,,
2026-03-26T06:17:14.892993Z,145,dc.danglingtree.htb,Microsoft-Windows-WinRM,Microsoft-Windows-WinRM/Operational,1446,4,,,,,Enumeration,,http://schemas.microsoft.com/wbem/wsman/1/Config/Plugin
2026-03-26T06:17:14.895668Z,254,dc.danglingtree.htb,Microsoft-Windows-WinRM,Microsoft-Windows-WinRM/Operational,1447,4,,,,,,,
2026-03-26T06:17:14.895669Z,132,dc.danglingtree.htb,Microsoft-Windows-WinRM,Microsoft-Windows-WinRM/Operational,1448,4,,,,,Enumeration,,
2026-03-26T06:17:14.897136Z,145,dc.danglingtree.htb,Microsoft-Windows-WinRM,Microsoft-Windows-WinRM/Operational,1449,4,,,,,Enumeration,,http://schemas.microsoft.com/wbem/wsman/1/Config/Plugin
2026-03-26T06:17:14.899828Z,254,dc.danglingtree.htb,Microsoft-Windows-WinRM,Microsoft-Windows-WinRM/Operational,1450,4,,,,,,,
2026-03-26T06:17:14.899829Z,132,dc.danglingtree.htb,Microsoft-Windows-WinRM,Microsoft-Windows-WinRM/Operational,1451,4,,,,,Enumeration,,
2026-03-26T06:17:14.900864Z,145,dc.danglingtree.htb,Microsoft-Windows-WinRM,Microsoft-Windows-WinRM/Operational,1452,4,,,,,Enumeration,,http://schemas.microsoft.com/wbem/wsman/1/Config/Plugin
2026-03-26T06:17:14.903654Z,254,dc.danglingtree.htb,Microsoft-Windows-WinRM,Microsoft-Windows-WinRM/Operational,1453,4,,,,,,,
2026-03-26T06:17:14.903655Z,132,dc.danglingtree.htb,Microsoft-Windows-WinRM,Microsoft-Windows-WinRM/Operational,1454,4,,,,,Enumeration,,
2026-03-26T06:17:14.904566Z,145,dc.danglingtree.htb,Microsoft-Windows-WinRM,Microsoft-Windows-WinRM/Operational,1455,4,,,,,Enumeration,,http://schemas.microsoft.com/wbem/wsman/1/Config/Plugin
2026-03-26T06:17:14.906889Z,254,dc.danglingtree.htb,Microsoft-Windows-WinRM,Microsoft-Windows-WinRM/Operational,1456,4,,,,,,,
2026-03-26T06:17:14.906890Z,132,dc.danglingtree.htb,Microsoft-Windows-WinRM,Microsoft-Windows-WinRM/Operational,1457,4,,,,,Enumeration,,
2026-03-26T06:17:14.908763Z,145,dc.danglingtree.htb,Microsoft-Windows-WinRM,Microsoft-Windows-WinRM/Operational,1458,4,,,,,Enumeration,,http://schemas.microsoft.com/wbem/wsman/1/Config/Plugin
2026-03-26T06:17:14.911872Z,254,dc.danglingtree.htb,Microsoft-Windows-WinRM,Microsoft-Windows-WinRM/Operational,1459,4,,,,,,,
2026-03-26T06:17:14.911874Z,132,dc.danglingtree.htb,Microsoft-Windows-WinRM,Microsoft-Windows-WinRM/Operational,1460,4,,,,,Enumeration,,
2026-03-26T06:17:14.913103Z,145,dc.danglingtree.htb,Microsoft-Windows-WinRM,Microsoft-Windows-WinRM/Operational,1461,4,,,,,Enumeration,,http://schemas.microsoft.com/wbem/wsman/1/Config/Plugin
2026-03-26T06:17:14.916028Z,254,dc.danglingtree.htb,Microsoft-Windows-WinRM,Microsoft-Windows-WinRM/Operational,1462,4,,,,,,,
2026-03-26T06:17:14.916029Z,132,dc.danglingtree.htb,Microsoft-Windows-WinRM,Microsoft-Windows-WinRM/Operational,1463,4,,,,,Enumeration,,
2026-03-26T06:17:14.916464Z,145,dc.danglingtree.htb,Microsoft-Windows-WinRM,Microsoft-Windows-WinRM/Operational,1464,4,,,,,Get,,http://schemas.microsoft.com/wbem/wsman/1/Config/Plugin
2026-03-26T06:17:14.917667Z,254,dc.danglingtree.htb,Microsoft-Windows-WinRM,Microsoft-Windows-WinRM/Operational,1465,4,,,,,,,
2026-03-26T06:17:14.917668Z,132,dc.danglingtree.htb,Microsoft-Windows-WinRM,Microsoft-Windows-WinRM/Operational,1466,4,,,,,Get,,
2026-03-26T06:17:14.918576Z,145,dc.danglingtree.htb,Microsoft-Windows-WinRM,Microsoft-Windows-WinRM/Operational,1467,4,,,,,Enumeration,,http://schemas.microsoft.com/wbem/wsman/1/Config/Plugin
2026-03-26T06:17:14.920923Z,254,dc.danglingtree.htb,Microsoft-Windows-WinRM,Microsoft-Windows-WinRM/Operational,1468,4,,,,,,,
2026-03-26T06:17:14.920924Z,132,dc.danglingtree.htb,Microsoft-Windows-WinRM,Microsoft-Windows-WinRM/Operational,1469,4,,,,,Enumeration,,
2026-03-26T06:17:14.925758Z,145,dc.danglingtree.htb,Microsoft-Windows-WinRM,Microsoft-Windows-WinRM/Operational,1470,4,,,,,Enumeration,,http://schemas.microsoft.com/wbem/wsman/1/Config/Plugin
2026-03-26T06:17:14.928812Z,254,dc.danglingtree.htb,Microsoft-Windows-WinRM,Microsoft-Windows-WinRM/Operational,1471,4,,,,,,,
2026-03-26T06:17:14.928813Z,132,dc.danglingtree.htb,Microsoft-Windows-WinRM,Microsoft-Windows-WinRM/Operational,1472,4,,,,,Enumeration,,
2026-03-26T06:17:14.930352Z,145,dc.danglingtree.htb,Microsoft-Windows-WinRM,Microsoft-Windows-WinRM/Operational,1473,4,,,,,Enumeration,,http://schemas.microsoft.com/wbem/wsman/1/Config/Plugin
2026-03-26T06:17:14.933192Z,254,dc.danglingtree.htb,Microsoft-Windows-WinRM,Microsoft-Windows-WinRM/Operational,1474,4,,,,,,,
2026-03-26T06:17:14.933194Z,132,dc.danglingtree.htb,Microsoft-Windows-WinRM,Microsoft-Windows-WinRM/Operational,1475,4,,,,,Enumeration,,
2026-03-26T06:17:14.934241Z,145,dc.danglingtree.htb,Microsoft-Windows-WinRM,Microsoft-Windows-WinRM/Operational,1476,4,,,,,Enumeration,,http://schemas.microsoft.com/wbem/wsman/1/Config/Plugin
2026-03-26T06:17:14.936702Z,254,dc.danglingtree.htb,Microsoft-Windows-WinRM,Microsoft-Windows-WinRM/Operational,1477,4,,,,,,,
2026-03-26T06:17:14.936703Z,132,dc.danglingtree.htb,Microsoft-Windows-WinRM,Microsoft-Windows-WinRM/Operational,1478,4,,,,,Enumeration,,
2026-03-26T06:17:14.937507Z,145,dc.danglingtree.htb,Microsoft-Windows-WinRM,Microsoft-Windows-WinRM/Operational,1479,4,,,,,Enumeration,,http://schemas.microsoft.com/wbem/wsman/1/Config/Plugin
2026-03-26T06:17:14.940017Z,254,dc.danglingtree.htb,Microsoft-Windows-WinRM,Microsoft-Windows-WinRM/Operational,1480,4,,,,,,,
2026-03-26T06:17:14.940018Z,132,dc.danglingtree.htb,Microsoft-Windows-WinRM,Microsoft-Windows-WinRM/Operational,1481,4,,,,,Enumeration,,
2026-03-26T06:17:14.942484Z,145,dc.danglingtree.htb,Microsoft-Windows-WinRM,Microsoft-Windows-WinRM/Operational,1482,4,,,,,Enumeration,,http://schemas.microsoft.com/wbem/wsman/1/Config/Plugin
2026-03-26T06:17:14.945415Z,254,dc.danglingtree.htb,Microsoft-Windows-WinRM,Microsoft-Windows-WinRM/Operational,1483,4,,,,,,,
2026-03-26T06:17:14.945418Z,132,dc.danglingtree.htb,Microsoft-Windows-WinRM,Microsoft-Windows-WinRM/Operational,1484,4,,,,,Enumeration,,
2026-03-26T06:17:14.946424Z,145,dc.danglingtree.htb,Microsoft-Windows-WinRM,Microsoft-Windows-WinRM/Operational,1485,4,,,,,Enumeration,,http://schemas.microsoft.com/wbem/wsman/1/Config/Plugin
2026-03-26T06:17:14.949305Z,254,dc.danglingtree.htb,Microsoft-Windows-WinRM,Microsoft-Windows-WinRM/Operational,1486,4,,,,,,,
2026-03-26T06:17:14.949306Z,132,dc.danglingtree.htb,Microsoft-Windows-WinRM,Microsoft-Windows-WinRM/Operational,1487,4,,,,,Enumeration,,
2026-03-26T06:17:14.952033Z,145,dc.danglingtree.htb,Microsoft-Windows-WinRM,Microsoft-Windows-WinRM/Operational,1488,4,,,,,Enumeration,,http://schemas.microsoft.com/wbem/wsman/1/Config/Plugin
2026-03-26T06:17:14.954488Z,254,dc.danglingtree.htb,Microsoft-Windows-WinRM,Microsoft-Windows-WinRM/Operational,1489,4,,,,,,,
2026-03-26T06:17:14.954489Z,132,dc.danglingtree.htb,Microsoft-Windows-WinRM,Microsoft-Windows-WinRM/Operational,1490,4,,,,,Enumeration,,
2026-03-26T06:17:14.956064Z,145,dc.danglingtree.htb,Microsoft-Windows-WinRM,Microsoft-Windows-WinRM/Operational,1491,4,,,,,Enumeration,,http://schemas.microsoft.com/wbem/wsman/1/Config/Plugin
2026-03-26T06:17:14.959154Z,254,dc.danglingtree.htb,Microsoft-Windows-WinRM,Microsoft-Windows-WinRM/Operational,1492,4,,,,,,,
2026-03-26T06:17:14.959155Z,132,dc.danglingtree.htb,Microsoft-Windows-WinRM,Microsoft-Windows-WinRM/Operational,1493,4,,,,,Enumeration,,
2026-03-26T06:17:14.961202Z,145,dc.danglingtree.htb,Microsoft-Windows-WinRM,Microsoft-Windows-WinRM/Operational,1494,4,,,,,Enumeration,,http://schemas.microsoft.com/wbem/wsman/1/Config/Plugin
2026-03-26T06:17:14.965639Z,254,dc.danglingtree.htb,Microsoft-Windows-WinRM,Microsoft-Windows-WinRM/Operational,1495,4,,,,,,,
2026-03-26T06:17:14.965640Z,132,dc.danglingtree.htb,Microsoft-Windows-WinRM,Microsoft-Windows-WinRM/Operational,1496,4,,,,,Enumeration,,
2026-03-26T06:17:14.967417Z,145,dc.danglingtree.htb,Microsoft-Windows-WinRM,Microsoft-Windows-WinRM/Operational,1497,4,,,,,Enumeration,,http://schemas.microsoft.com/wbem/wsman/1/Config/Plugin
2026-03-26T06:17:14.969982Z,254,dc.danglingtree.htb,Microsoft-Windows-WinRM,Microsoft-Windows-WinRM/Operational,1498,4,,,,,,,
2026-03-26T06:17:14.969983Z,132,dc.danglingtree.htb,Microsoft-Windows-WinRM,Microsoft-Windows-WinRM/Operational,1499,4,,,,,Enumeration,,
2026-03-26T06:17:14.971170Z,145,dc.danglingtree.htb,Microsoft-Windows-WinRM,Microsoft-Windows-WinRM/Operational,1500,4,,,,,Enumeration,,http://schemas.microsoft.com/wbem/wsman/1/Config/Plugin
2026-03-26T06:17:14.973746Z,254,dc.danglingtree.htb,Microsoft-Windows-WinRM,Microsoft-Windows-WinRM/Operational,1501,4,,,,,,,
2026-03-26T06:17:14.973747Z,132,dc.danglingtree.htb,Microsoft-Windows-WinRM,Microsoft-Windows-WinRM/Operational,1502,4,,,,,Enumeration,,
2026-03-26T06:17:14.974615Z,145,dc.danglingtree.htb,Microsoft-Windows-WinRM,Microsoft-Windows-WinRM/Operational,1503,4,,,,,Enumeration,,http://schemas.microsoft.com/wbem/wsman/1/Config/Plugin
2026-03-26T06:17:14.977266Z,254,dc.danglingtree.htb,Microsoft-Windows-WinRM,Microsoft-Windows-WinRM/Operational,1504,4,,,,,,,
2026-03-26T06:17:14.977267Z,132,dc.danglingtree.htb,Microsoft-Windows-WinRM,Microsoft-Windows-WinRM/Operational,1505,4,,,,,Enumeration,,
2026-03-26T06:17:14.978647Z,145,dc.danglingtree.htb,Microsoft-Windows-WinRM,Microsoft-Windows-WinRM/Operational,1506,4,,,,,Enumeration,,http://schemas.microsoft.com/wbem/wsman/1/Config/Plugin
2026-03-26T06:17:14.981017Z,254,dc.danglingtree.htb,Microsoft-Windows-WinRM,Microsoft-Windows-WinRM/Operational,1507,4,,,,,,,
2026-03-26T06:17:14.981018Z,132,dc.danglingtree.htb,Microsoft-Windows-WinRM,Microsoft-Windows-WinRM/Operational,1508,4,,,,,Enumeration,,
2026-03-26T06:17:14.981792Z,145,dc.danglingtree.htb,Microsoft-Windows-WinRM,Microsoft-Windows-WinRM/Operational,1509,4,,,,,Enumeration,,http://schemas.microsoft.com/wbem/wsman/1/Config/Plugin
2026-03-26T06:17:14.984083Z,254,dc.danglingtree.htb,Microsoft-Windows-WinRM,Microsoft-Windows-WinRM/Operational,1510,4,,,,,,,
2026-03-26T06:17:14.984084Z,132,dc.danglingtree.htb,Microsoft-Windows-WinRM,Microsoft-Windows-WinRM/Operational,1511,4,,,,,Enumeration,,
2026-03-26T06:17:14.985101Z,145,dc.danglingtree.htb,Microsoft-Windows-WinRM,Microsoft-Windows-WinRM/Operational,1512,4,,,,,Enumeration,,http://schemas.microsoft.com/wbem/wsman/1/Config/Plugin
2026-03-26T06:17:14.987859Z,254,dc.danglingtree.htb,Microsoft-Windows-WinRM,Microsoft-Windows-WinRM/Operational,1513,4,,,,,,,
2026-03-26T06:17:14.987861Z,132,dc.danglingtree.htb,Microsoft-Windows-WinRM,Microsoft-Windows-WinRM/Operational,1514,4,,,,,Enumeration,,
2026-03-26T06:17:14.989543Z,145,dc.danglingtree.htb,Microsoft-Windows-WinRM,Microsoft-Windows-WinRM/Operational,1515,4,,,,,Enumeration,,http://schemas.microsoft.com/wbem/wsman/1/Config/Plugin
2026-03-26T06:17:14.992271Z,254,dc.danglingtree.htb,Microsoft-Windows-WinRM,Microsoft-Windows-WinRM/Operational,1516,4,,,,,,,
2026-03-26T06:17:14.992272Z,132,dc.danglingtree.htb,Microsoft-Windows-WinRM,Microsoft-Windows-WinRM/Operational,1517,4,,,,,Enumeration,,
2026-03-26T06:17:14.993730Z,145,dc.danglingtree.htb,Microsoft-Windows-WinRM,Microsoft-Windows-WinRM/Operational,1518,4,,,,,Enumeration,,http://schemas.microsoft.com/wbem/wsman/1/Config/Plugin
2026-03-26T06:17:14.997664Z,254,dc.danglingtree.htb,Microsoft-Windows-WinRM,Microsoft-Windows-WinRM/Operational,1519,4,,,,,,,
2026-03-26T06:17:14.997665Z,132,dc.danglingtree.htb,Microsoft-Windows-WinRM,Microsoft-Windows-WinRM/Operational,1520,4,,,,,Enumeration,,
2026-03-26T06:17:14.999357Z,145,dc.danglingtree.htb,Microsoft-Windows-WinRM,Microsoft-Windows-WinRM/Operational,1521,4,,,,,Enumeration,,http://schemas.microsoft.com/wbem/wsman/1/Config/Plugin
2026-03-26T06:17:15.002239Z,254,dc.danglingtree.htb,Microsoft-Windows-WinRM,Microsoft-Windows-WinRM/Operational,1522,4,,,,,,,
2026-03-26T06:17:15.002240Z,132,dc.danglingtree.htb,Microsoft-Windows-WinRM,Microsoft-Windows-WinRM/Operational,1523,4,,,,,Enumeration,,
2026-03-26T06:17:15.003488Z,145,dc.danglingtree.htb,Microsoft-Windows-WinRM,Microsoft-Windows-WinRM/Operational,1524,4,,,,,Enumeration,,http://schemas.microsoft.com/wbem/wsman/1/Config/Plugin
2026-03-26T06:17:15.006188Z,254,dc.danglingtree.htb,Microsoft-Windows-WinRM,Microsoft-Windows-WinRM/Operational,1525,4,,,,,,,
2026-03-26T06:17:15.006190Z,132,dc.danglingtree.htb,Microsoft-Windows-WinRM,Microsoft-Windows-WinRM/Operational,1526,4,,,,,Enumeration,,
2026-03-26T06:17:15.006666Z,145,dc.danglingtree.htb,Microsoft-Windows-WinRM,Microsoft-Windows-WinRM/Operational,1527,4,,,,,Get,,http://schemas.microsoft.com/wbem/wsman/1/Config/Plugin
2026-03-26T06:17:15.007738Z,254,dc.danglingtree.htb,Microsoft-Windows-WinRM,Microsoft-Windows-WinRM/Operational,1528,4,,,,,,,
2026-03-26T06:17:15.007739Z,132,dc.danglingtree.htb,Microsoft-Windows-WinRM,Microsoft-Windows-WinRM/Operational,1529,4,,,,,Get,,
2026-03-26T06:17:15.008618Z,145,dc.danglingtree.htb,Microsoft-Windows-WinRM,Microsoft-Windows-WinRM/Operational,1530,4,,,,,Enumeration,,http://schemas.microsoft.com/wbem/wsman/1/Config/Plugin
2026-03-26T06:17:15.011219Z,254,dc.danglingtree.htb,Microsoft-Windows-WinRM,Microsoft-Windows-WinRM/Operational,1531,4,,,,,,,
2026-03-26T06:17:15.011220Z,132,dc.danglingtree.htb,Microsoft-Windows-WinRM,Microsoft-Windows-WinRM/Operational,1532,4,,,,,Enumeration,,
2026-03-26T06:17:15.012321Z,145,dc.danglingtree.htb,Microsoft-Windows-WinRM,Microsoft-Windows-WinRM/Operational,1533,4,,,,,Enumeration,,http://schemas.microsoft.com/wbem/wsman/1/Config/Plugin
2026-03-26T06:17:15.014752Z,254,dc.danglingtree.htb,Microsoft-Windows-WinRM,Microsoft-Windows-WinRM/Operational,1534,4,,,,,,,
2026-03-26T06:17:15.014753Z,132,dc.danglingtree.htb,Microsoft-Windows-WinRM,Microsoft-Windows-WinRM/Operational,1535,4,,,,,Enumeration,,
2026-03-26T06:17:15.016342Z,145,dc.danglingtree.htb,Microsoft-Windows-WinRM,Microsoft-Windows-WinRM/Operational,1536,4,,,,,Enumeration,,http://schemas.microsoft.com/wbem/wsman/1/Config/Plugin
2026-03-26T06:17:15.018735Z,254,dc.danglingtree.htb,Microsoft-Windows-WinRM,Microsoft-Windows-WinRM/Operational,1537,4,,,,,,,
2026-03-26T06:17:15.018737Z,132,dc.danglingtree.htb,Microsoft-Windows-WinRM,Microsoft-Windows-WinRM/Operational,1538,4,,,,,Enumeration,,
2026-03-26T06:17:15.023445Z,145,dc.danglingtree.htb,Microsoft-Windows-WinRM,Microsoft-Windows-WinRM/Operational,1539,4,,,,,Enumeration,,http://schemas.microsoft.com/wbem/wsman/1/Config/Plugin
2026-03-26T06:17:15.026072Z,254,dc.danglingtree.htb,Microsoft-Windows-WinRM,Microsoft-Windows-WinRM/Operational,1540,4,,,,,,,
2026-03-26T06:17:15.026073Z,132,dc.danglingtree.htb,Microsoft-Windows-WinRM,Microsoft-Windows-WinRM/Operational,1541,4,,,,,Enumeration,,
2026-03-26T06:17:15.026960Z,145,dc.danglingtree.htb,Microsoft-Windows-WinRM,Microsoft-Windows-WinRM/Operational,1542,4,,,,,Enumeration,,http://schemas.microsoft.com/wbem/wsman/1/Config/Plugin
2026-03-26T06:17:15.029213Z,254,dc.danglingtree.htb,Microsoft-Windows-WinRM,Microsoft-Windows-WinRM/Operational,1543,4,,,,,,,
2026-03-26T06:17:15.029214Z,132,dc.danglingtree.htb,Microsoft-Windows-WinRM,Microsoft-Windows-WinRM/Operational,1544,4,,,,,Enumeration,,
2026-03-26T06:17:15.030221Z,145,dc.danglingtree.htb,Microsoft-Windows-WinRM,Microsoft-Windows-WinRM/Operational,1545,4,,,,,Enumeration,,http://schemas.microsoft.com/wbem/wsman/1/Config/Plugin
2026-03-26T06:17:15.032588Z,254,dc.danglingtree.htb,Microsoft-Windows-WinRM,Microsoft-Windows-WinRM/Operational,1546,4,,,,,,,
2026-03-26T06:17:15.032590Z,132,dc.danglingtree.htb,Microsoft-Windows-WinRM,Microsoft-Windows-WinRM/Operational,1547,4,,,,,Enumeration,,
2026-03-26T06:17:15.034015Z,145,dc.danglingtree.htb,Microsoft-Windows-WinRM,Microsoft-Windows-WinRM/Operational,1548,4,,,,,Enumeration,,http://schemas.microsoft.com/wbem/wsman/1/Config/Plugin
2026-03-26T06:17:15.036486Z,254,dc.danglingtree.htb,Microsoft-Windows-WinRM,Microsoft-Windows-WinRM/Operational,1549,4,,,,,,,
2026-03-26T06:17:15.036488Z,132,dc.danglingtree.htb,Microsoft-Windows-WinRM,Microsoft-Windows-WinRM/Operational,1550,4,,,,,Enumeration,,
2026-03-26T06:17:15.037365Z,145,dc.danglingtree.htb,Microsoft-Windows-WinRM,Microsoft-Windows-WinRM/Operational,1551,4,,,,,Enumeration,,http://schemas.microsoft.com/wbem/wsman/1/Config/Plugin
2026-03-26T06:17:15.039632Z,254,dc.danglingtree.htb,Microsoft-Windows-WinRM,Microsoft-Windows-WinRM/Operational,1552,4,,,,,,,
2026-03-26T06:17:15.039633Z,132,dc.danglingtree.htb,Microsoft-Windows-WinRM,Microsoft-Windows-WinRM/Operational,1553,4,,,,,Enumeration,,
2026-03-26T06:17:15.040663Z,145,dc.danglingtree.htb,Microsoft-Windows-WinRM,Microsoft-Windows-WinRM/Operational,1554,4,,,,,Enumeration,,http://schemas.microsoft.com/wbem/wsman/1/Config/Plugin
2026-03-26T06:17:15.042973Z,254,dc.danglingtree.htb,Microsoft-Windows-WinRM,Microsoft-Windows-WinRM/Operational,1555,4,,,,,,,
2026-03-26T06:17:15.042974Z,132,dc.danglingtree.htb,Microsoft-Windows-WinRM,Microsoft-Windows-WinRM/Operational,1556,4,,,,,Enumeration,,
2026-03-26T06:17:15.044479Z,145,dc.danglingtree.htb,Microsoft-Windows-WinRM,Microsoft-Windows-WinRM/Operational,1557,4,,,,,Enumeration,,http://schemas.microsoft.com/wbem/wsman/1/Config/Plugin
2026-03-26T06:17:15.047389Z,254,dc.danglingtree.htb,Microsoft-Windows-WinRM,Microsoft-Windows-WinRM/Operational,1558,4,,,,,,,
2026-03-26T06:17:15.047406Z,132,dc.danglingtree.htb,Microsoft-Windows-WinRM,Microsoft-Windows-WinRM/Operational,1559,4,,,,,Enumeration,,
2026-03-26T06:17:15.048139Z,145,dc.danglingtree.htb,Microsoft-Windows-WinRM,Microsoft-Windows-WinRM/Operational,1560,4,,,,,Enumeration,,http://schemas.microsoft.com/wbem/wsman/1/Config/Plugin
2026-03-26T06:17:15.052629Z,254,dc.danglingtree.htb,Microsoft-Windows-WinRM,Microsoft-Windows-WinRM/Operational,1561,4,,,,,,,
2026-03-26T06:17:15.052630Z,132,dc.danglingtree.htb,Microsoft-Windows-WinRM,Microsoft-Windows-WinRM/Operational,1562,4,,,,,Enumeration,,
2026-03-26T06:17:15.054236Z,145,dc.danglingtree.htb,Microsoft-Windows-WinRM,Microsoft-Windows-WinRM/Operational,1563,4,,,,,Enumeration,,http://schemas.microsoft.com/wbem/wsman/1/Config/Plugin
2026-03-26T06:17:15.056687Z,254,dc.danglingtree.htb,Microsoft-Windows-WinRM,Microsoft-Windows-WinRM/Operational,1564,4,,,,,,,
2026-03-26T06:17:15.056688Z,132,dc.danglingtree.htb,Microsoft-Windows-WinRM,Microsoft-Windows-WinRM/Operational,1565,4,,,,,Enumeration,,
2026-03-26T06:17:15.057592Z,145,dc.danglingtree.htb,Microsoft-Windows-WinRM,Microsoft-Windows-WinRM/Operational,1566,4,,,,,Enumeration,,http://schemas.microsoft.com/wbem/wsman/1/Config/Plugin
2026-03-26T06:17:15.059878Z,254,dc.danglingtree.htb,Microsoft-Windows-WinRM,Microsoft-Windows-WinRM/Operational,1567,4,,,,,,,
2026-03-26T06:17:15.059879Z,132,dc.danglingtree.htb,Microsoft-Windows-WinRM,Microsoft-Windows-WinRM/Operational,1568,4,,,,,Enumeration,,
2026-03-26T06:17:15.060944Z,145,dc.danglingtree.htb,Microsoft-Windows-WinRM,Microsoft-Windows-WinRM/Operational,1569,4,,,,,Enumeration,,http://schemas.microsoft.com/wbem/wsman/1/Config/Plugin
2026-03-26T06:17:15.064626Z,254,dc.danglingtree.htb,Microsoft-Windows-WinRM,Microsoft-Windows-WinRM/Operational,1570,4,,,,,,,
2026-03-26T06:17:15.064627Z,132,dc.danglingtree.htb,Microsoft-Windows-WinRM,Microsoft-Windows-WinRM/Operational,1571,4,,,,,Enumeration,,
2026-03-26T06:17:15.065981Z,145,dc.danglingtree.htb,Microsoft-Windows-WinRM,Microsoft-Windows-WinRM/Operational,1572,4,,,,,Enumeration,,http://schemas.microsoft.com/wbem/wsman/1/Config/Plugin
2026-03-26T06:17:15.068354Z,254,dc.danglingtree.htb,Microsoft-Windows-WinRM,Microsoft-Windows-WinRM/Operational,1573,4,,,,,,,
2026-03-26T06:17:15.068355Z,132,dc.danglingtree.htb,Microsoft-Windows-WinRM,Microsoft-Windows-WinRM/Operational,1574,4,,,,,Enumeration,,
2026-03-26T06:17:15.068994Z,145,dc.danglingtree.htb,Microsoft-Windows-WinRM,Microsoft-Windows-WinRM/Operational,1575,4,,,,,Enumeration,,http://schemas.microsoft.com/wbem/wsman/1/Config/Plugin
2026-03-26T06:17:15.071361Z,254,dc.danglingtree.htb,Microsoft-Windows-WinRM,Microsoft-Windows-WinRM/Operational,1576,4,,,,,,,
2026-03-26T06:17:15.071362Z,132,dc.danglingtree.htb,Microsoft-Windows-WinRM,Microsoft-Windows-WinRM/Operational,1577,4,,,,,Enumeration,,
2026-03-26T06:17:15.071807Z,145,dc.danglingtree.htb,Microsoft-Windows-WinRM,Microsoft-Windows-WinRM/Operational,1578,4,,,,,Get,,http://schemas.microsoft.com/wbem/wsman/1/Config/Plugin
2026-03-26T06:17:15.072717Z,254,dc.danglingtree.htb,Microsoft-Windows-WinRM,Microsoft-Windows-WinRM/Operational,1579,4,,,,,,,
2026-03-26T06:17:15.072719Z,132,dc.danglingtree.htb,Microsoft-Windows-WinRM,Microsoft-Windows-WinRM/Operational,1580,4,,,,,Get,,
2026-03-26T06:17:15.078478Z,145,dc.danglingtree.htb,Microsoft-Windows-WinRM,Microsoft-Windows-WinRM/Operational,1581,4,,,,,Enumeration,,http://schemas.microsoft.com/wbem/wsman/1/Config/Plugin
2026-03-26T06:17:15.081178Z,254,dc.danglingtree.htb,Microsoft-Windows-WinRM,Microsoft-Windows-WinRM/Operational,1582,4,,,,,,,
2026-03-26T06:17:15.081179Z,132,dc.danglingtree.htb,Microsoft-Windows-WinRM,Microsoft-Windows-WinRM/Operational,1583,4,,,,,Enumeration,,
2026-03-26T06:17:15.081675Z,145,dc.danglingtree.htb,Microsoft-Windows-WinRM,Microsoft-Windows-WinRM/Operational,1584,4,,,,,Get,,http://schemas.microsoft.com/wbem/wsman/1/Config/Plugin
2026-03-26T06:17:15.082793Z,254,dc.danglingtree.htb,Microsoft-Windows-WinRM,Microsoft-Windows-WinRM/Operational,1585,4,,,,,,,
2026-03-26T06:17:15.082794Z,132,dc.danglingtree.htb,Microsoft-Windows-WinRM,Microsoft-Windows-WinRM/Operational,1586,4,,,,,Get,,
2026-03-26T06:17:15.084089Z,145,dc.danglingtree.htb,Microsoft-Windows-WinRM,Microsoft-Windows-WinRM/Operational,1587,4,,,,,Enumeration,,http://schemas.microsoft.com/wbem/wsman/1/Config/Plugin
2026-03-26T06:17:15.086694Z,254,dc.danglingtree.htb,Microsoft-Windows-WinRM,Microsoft-Windows-WinRM/Operational,1588,4,,,,,,,
2026-03-26T06:17:15.086695Z,132,dc.danglingtree.htb,Microsoft-Windows-WinRM,Microsoft-Windows-WinRM/Operational,1589,4,,,,,Enumeration,,
2026-03-26T06:17:15.087025Z,145,dc.danglingtree.htb,Microsoft-Windows-WinRM,Microsoft-Windows-WinRM/Operational,1590,4,,,,,Get,,http://schemas.microsoft.com/wbem/wsman/1/Config/Plugin
2026-03-26T06:17:15.087920Z,254,dc.danglingtree.htb,Microsoft-Windows-WinRM,Microsoft-Windows-WinRM/Operational,1591,4,,,,,,,
2026-03-26T06:17:15.087921Z,132,dc.danglingtree.htb,Microsoft-Windows-WinRM,Microsoft-Windows-WinRM/Operational,1592,4,,,,,Get,,
2026-03-26T06:17:15.089183Z,145,dc.danglingtree.htb,Microsoft-Windows-WinRM,Microsoft-Windows-WinRM/Operational,1593,4,,,,,Enumeration,,http://schemas.microsoft.com/wbem/wsman/1/Config/Plugin
2026-03-26T06:17:15.091466Z,254,dc.danglingtree.htb,Microsoft-Windows-WinRM,Microsoft-Windows-WinRM/Operational,1594,4,,,,,,,
2026-03-26T06:17:15.091467Z,132,dc.danglingtree.htb,Microsoft-Windows-WinRM,Microsoft-Windows-WinRM/Operational,1595,4,,,,,Enumeration,,
2026-03-26T06:17:15.091788Z,145,dc.danglingtree.htb,Microsoft-Windows-WinRM,Microsoft-Windows-WinRM/Operational,1596,4,,,,,Get,,http://schemas.microsoft.com/wbem/wsman/1/Config/Plugin
2026-03-26T06:17:15.092670Z,254,dc.danglingtree.htb,Microsoft-Windows-WinRM,Microsoft-Windows-WinRM/Operational,1597,4,,,,,,,
2026-03-26T06:17:15.092671Z,132,dc.danglingtree.htb,Microsoft-Windows-WinRM,Microsoft-Windows-WinRM/Operational,1598,4,,,,,Get,,
2026-03-26T06:17:15.093473Z,145,dc.danglingtree.htb,Microsoft-Windows-WinRM,Microsoft-Windows-WinRM/Operational,1599,4,,,,,Enumeration,,http://schemas.microsoft.com/wbem/wsman/1/Config/Plugin
2026-03-26T06:17:15.096333Z,254,dc.danglingtree.htb,Microsoft-Windows-WinRM,Microsoft-Windows-WinRM/Operational,1600,4,,,,,,,
2026-03-26T06:17:15.096334Z,132,dc.danglingtree.htb,Microsoft-Windows-WinRM,Microsoft-Windows-WinRM/Operational,1601,4,,,,,Enumeration,,
2026-03-26T06:17:15.096704Z,145,dc.danglingtree.htb,Microsoft-Windows-WinRM,Microsoft-Windows-WinRM/Operational,1602,4,,,,,Get,,http://schemas.microsoft.com/wbem/wsman/1/Config/Plugin
2026-03-26T06:17:15.097981Z,254,dc.danglingtree.htb,Microsoft-Windows-WinRM,Microsoft-Windows-WinRM/Operational,1603,4,,,,,,,
2026-03-26T06:17:15.097982Z,132,dc.danglingtree.htb,Microsoft-Windows-WinRM,Microsoft-Windows-WinRM/Operational,1604,4,,,,,Get,,
2026-03-26T06:17:15.098551Z,145,dc.danglingtree.htb,Microsoft-Windows-WinRM,Microsoft-Windows-WinRM/Operational,1605,4,,,,,Get,,http://schemas.microsoft.com/wbem/wsman/1/Config/Plugin
2026-03-26T06:17:15.099532Z,254,dc.danglingtree.htb,Microsoft-Windows-WinRM,Microsoft-Windows-WinRM/Operational,1606,4,,,,,,,
2026-03-26T06:17:15.099533Z,132,dc.danglingtree.htb,Microsoft-Windows-WinRM,Microsoft-Windows-WinRM/Operational,1607,4,,,,,Get,,
2026-03-26T06:17:15.099864Z,145,dc.danglingtree.htb,Microsoft-Windows-WinRM,Microsoft-Windows-WinRM/Operational,1608,4,,,,,Put,,http://schemas.microsoft.com/wbem/wsman/1/Config/Plugin
2026-03-26T06:17:15.103587Z,254,dc.danglingtree.htb,Microsoft-Windows-WinRM,Microsoft-Windows-WinRM/Operational,1609,4,,,,,,,
2026-03-26T06:17:15.103589Z,132,dc.danglingtree.htb,Microsoft-Windows-WinRM,Microsoft-Windows-WinRM/Operational,1610,4,,,,,Put,,
2026-03-26T06:17:15.104372Z,145,dc.danglingtree.htb,Microsoft-Windows-WinRM,Microsoft-Windows-WinRM/Operational,1611,4,,,,,Get,,http://schemas.microsoft.com/wbem/wsman/1/Config/Plugin
2026-03-26T06:17:15.112592Z,254,dc.danglingtree.htb,Microsoft-Windows-WinRM,Microsoft-Windows-WinRM/Operational,1612,4,,,,,,,
2026-03-26T06:17:15.112594Z,132,dc.danglingtree.htb,Microsoft-Windows-WinRM,Microsoft-Windows-WinRM/Operational,1613,4,,,,,Get,,
2026-03-26T06:17:15.113221Z,145,dc.danglingtree.htb,Microsoft-Windows-WinRM,Microsoft-Windows-WinRM/Operational,1614,4,,,,,Enumeration,,http://schemas.microsoft.com/wbem/wsman/1/Config/Plugin
2026-03-26T06:17:15.115914Z,254,dc.danglingtree.htb,Microsoft-Windows-WinRM,Microsoft-Windows-WinRM/Operational,1615,4,,,,,,,
2026-03-26T06:17:15.115915Z,132,dc.danglingtree.htb,Microsoft-Windows-WinRM,Microsoft-Windows-WinRM/Operational,1616,4,,,,,Enumeration,,
2026-03-26T06:17:15.116513Z,145,dc.danglingtree.htb,Microsoft-Windows-WinRM,Microsoft-Windows-WinRM/Operational,1617,4,,,,,Put,,http://schemas.microsoft.com/wbem/wsman/1/Config/Plugin
2026-03-26T06:17:15.120387Z,254,dc.danglingtree.htb,Microsoft-Windows-WinRM,Microsoft-Windows-WinRM/Operational,1618,4,,,,,,,
2026-03-26T06:17:15.120389Z,132,dc.danglingtree.htb,Microsoft-Windows-WinRM,Microsoft-Windows-WinRM/Operational,1619,4,,,,,Put,,
2026-03-26T06:17:15.123531Z,145,dc.danglingtree.htb,Microsoft-Windows-WinRM,Microsoft-Windows-WinRM/Operational,1620,4,,,,,Enumeration,,http://schemas.microsoft.com/wbem/wsman/1/Config/Plugin
2026-03-26T06:17:15.130822Z,254,dc.danglingtree.htb,Microsoft-Windows-WinRM,Microsoft-Windows-WinRM/Operational,1621,4,,,,,,,
2026-03-26T06:17:15.130823Z,132,dc.danglingtree.htb,Microsoft-Windows-WinRM,Microsoft-Windows-WinRM/Operational,1622,4,,,,,Enumeration,,
2026-03-26T06:17:15.131216Z,145,dc.danglingtree.htb,Microsoft-Windows-WinRM,Microsoft-Windows-WinRM/Operational,1623,4,,,,,Get,,http://schemas.microsoft.com/wbem/wsman/1/Config/Plugin
2026-03-26T06:17:15.131985Z,254,dc.danglingtree.htb,Microsoft-Windows-WinRM,Microsoft-Windows-WinRM/Operational,1624,4,,,,,,,
2026-03-26T06:17:15.131986Z,132,dc.danglingtree.htb,Microsoft-Windows-WinRM,Microsoft-Windows-WinRM/Operational,1625,4,,,,,Get,,
2026-03-26T06:17:15.135552Z,145,dc.danglingtree.htb,Microsoft-Windows-WinRM,Microsoft-Windows-WinRM/Operational,1626,4,,,,,Enumeration,,http://schemas.microsoft.com/wbem/wsman/1/Config/Plugin
2026-03-26T06:17:15.138153Z,254,dc.danglingtree.htb,Microsoft-Windows-WinRM,Microsoft-Windows-WinRM/Operational,1627,4,,,,,,,
2026-03-26T06:17:15.138154Z,132,dc.danglingtree.htb,Microsoft-Windows-WinRM,Microsoft-Windows-WinRM/Operational,1628,4,,,,,Enumeration,,
2026-03-26T06:17:15.138504Z,145,dc.danglingtree.htb,Microsoft-Windows-WinRM,Microsoft-Windows-WinRM/Operational,1629,4,,,,,Get,,http://schemas.microsoft.com/wbem/wsman/1/Config/Plugin
2026-03-26T06:17:15.139531Z,254,dc.danglingtree.htb,Microsoft-Windows-WinRM,Microsoft-Windows-WinRM/Operational,1630,4,,,,,,,
2026-03-26T06:17:15.139533Z,132,dc.danglingtree.htb,Microsoft-Windows-WinRM,Microsoft-Windows-WinRM/Operational,1631,4,,,,,Get,,
2026-03-26T06:17:15.140847Z,145,dc.danglingtree.htb,Microsoft-Windows-WinRM,Microsoft-Windows-WinRM/Operational,1632,4,,,,,Enumeration,,http://schemas.microsoft.com/wbem/wsman/1/Config/Plugin
2026-03-26T06:17:15.143696Z,254,dc.danglingtree.htb,Microsoft-Windows-WinRM,Microsoft-Windows-WinRM/Operational,1633,4,,,,,,,
2026-03-26T06:17:15.143697Z,132,dc.danglingtree.htb,Microsoft-Windows-WinRM,Microsoft-Windows-WinRM/Operational,1634,4,,,,,Enumeration,,
2026-03-26T06:17:15.144300Z,145,dc.danglingtree.htb,Microsoft-Windows-WinRM,Microsoft-Windows-WinRM/Operational,1635,4,,,,,Get,,http://schemas.microsoft.com/wbem/wsman/1/Config/Plugin
2026-03-26T06:17:15.145141Z,254,dc.danglingtree.htb,Microsoft-Windows-WinRM,Microsoft-Windows-WinRM/Operational,1636,4,,,,,,,
2026-03-26T06:17:15.145142Z,132,dc.danglingtree.htb,Microsoft-Windows-WinRM,Microsoft-Windows-WinRM/Operational,1637,4,,,,,Get,,
2026-03-26T06:17:15.146453Z,145,dc.danglingtree.htb,Microsoft-Windows-WinRM,Microsoft-Windows-WinRM/Operational,1638,4,,,,,Enumeration,,http://schemas.microsoft.com/wbem/wsman/1/Config/Plugin
2026-03-26T06:17:15.148771Z,254,dc.danglingtree.htb,Microsoft-Windows-WinRM,Microsoft-Windows-WinRM/Operational,1639,4,,,,,,,
2026-03-26T06:17:15.148772Z,132,dc.danglingtree.htb,Microsoft-Windows-WinRM,Microsoft-Windows-WinRM/Operational,1640,4,,,,,Enumeration,,
2026-03-26T06:17:15.149311Z,145,dc.danglingtree.htb,Microsoft-Windows-WinRM,Microsoft-Windows-WinRM/Operational,1641,4,,,,,Get,,http://schemas.microsoft.com/wbem/wsman/1/Config/Plugin
2026-03-26T06:17:15.150722Z,254,dc.danglingtree.htb,Microsoft-Windows-WinRM,Microsoft-Windows-WinRM/Operational,1642,4,,,,,,,
2026-03-26T06:17:15.150724Z,132,dc.danglingtree.htb,Microsoft-Windows-WinRM,Microsoft-Windows-WinRM/Operational,1643,4,,,,,Get,,
2026-03-26T06:17:15.153473Z,145,dc.danglingtree.htb,Microsoft-Windows-WinRM,Microsoft-Windows-WinRM/Operational,1644,4,,,,,Enumeration,,http://schemas.microsoft.com/wbem/wsman/1/Config/Plugin
2026-03-26T06:17:15.156426Z,254,dc.danglingtree.htb,Microsoft-Windows-WinRM,Microsoft-Windows-WinRM/Operational,1645,4,,,,,,,
2026-03-26T06:17:15.156427Z,132,dc.danglingtree.htb,Microsoft-Windows-WinRM,Microsoft-Windows-WinRM/Operational,1646,4,,,,,Enumeration,,
2026-03-26T06:17:15.156910Z,145,dc.danglingtree.htb,Microsoft-Windows-WinRM,Microsoft-Windows-WinRM/Operational,1647,4,,,,,Get,,http://schemas.microsoft.com/wbem/wsman/1/Config/Plugin
2026-03-26T06:17:15.157756Z,254,dc.danglingtree.htb,Microsoft-Windows-WinRM,Microsoft-Windows-WinRM/Operational,1648,4,,,,,,,
2026-03-26T06:17:15.157757Z,132,dc.danglingtree.htb,Microsoft-Windows-WinRM,Microsoft-Windows-WinRM/Operational,1649,4,,,,,Get,,
2026-03-26T06:17:15.162663Z,145,dc.danglingtree.htb,Microsoft-Windows-WinRM,Microsoft-Windows-WinRM/Operational,1650,4,,,,,Enumeration,,http://schemas.microsoft.com/wbem/wsman/1/Config/Plugin
2026-03-26T06:17:15.165382Z,254,dc.danglingtree.htb,Microsoft-Windows-WinRM,Microsoft-Windows-WinRM/Operational,1651,4,,,,,,,
2026-03-26T06:17:15.165383Z,132,dc.danglingtree.htb,Microsoft-Windows-WinRM,Microsoft-Windows-WinRM/Operational,1652,4,,,,,Enumeration,,
2026-03-26T06:17:15.165784Z,145,dc.danglingtree.htb,Microsoft-Windows-WinRM,Microsoft-Windows-WinRM/Operational,1653,4,,,,,Get,,http://schemas.microsoft.com/wbem/wsman/1/Config/Plugin
2026-03-26T06:17:15.166535Z,254,dc.danglingtree.htb,Microsoft-Windows-WinRM,Microsoft-Windows-WinRM/Operational,1654,4,,,,,,,
2026-03-26T06:17:15.166536Z,132,dc.danglingtree.htb,Microsoft-Windows-WinRM,Microsoft-Windows-WinRM/Operational,1655,4,,,,,Get,,
2026-03-26T06:17:15.168536Z,145,dc.danglingtree.htb,Microsoft-Windows-WinRM,Microsoft-Windows-WinRM/Operational,1656,4,,,,,Enumeration,,http://schemas.microsoft.com/wbem/wsman/1/Config/Plugin
2026-03-26T06:17:15.171459Z,254,dc.danglingtree.htb,Microsoft-Windows-WinRM,Microsoft-Windows-WinRM/Operational,1657,4,,,,,,,
2026-03-26T06:17:15.171461Z,132,dc.danglingtree.htb,Microsoft-Windows-WinRM,Microsoft-Windows-WinRM/Operational,1658,4,,,,,Enumeration,,
2026-03-26T06:17:15.172119Z,145,dc.danglingtree.htb,Microsoft-Windows-WinRM,Microsoft-Windows-WinRM/Operational,1659,4,,,,,Get,,http://schemas.microsoft.com/wbem/wsman/1/Config/Plugin
2026-03-26T06:17:15.173389Z,254,dc.danglingtree.htb,Microsoft-Windows-WinRM,Microsoft-Windows-WinRM/Operational,1660,4,,,,,,,
2026-03-26T06:17:15.173390Z,132,dc.danglingtree.htb,Microsoft-Windows-WinRM,Microsoft-Windows-WinRM/Operational,1661,4,,,,,Get,,
2026-03-26T06:17:15.176385Z,145,dc.danglingtree.htb,Microsoft-Windows-WinRM,Microsoft-Windows-WinRM/Operational,1662,4,,,,,Enumeration,,http://schemas.microsoft.com/wbem/wsman/1/Config/Plugin
2026-03-26T06:17:15.179679Z,254,dc.danglingtree.htb,Microsoft-Windows-WinRM,Microsoft-Windows-WinRM/Operational,1663,4,,,,,,,
2026-03-26T06:17:15.179680Z,132,dc.danglingtree.htb,Microsoft-Windows-WinRM,Microsoft-Windows-WinRM/Operational,1664,4,,,,,Enumeration,,
2026-03-26T06:17:15.180096Z,145,dc.danglingtree.htb,Microsoft-Windows-WinRM,Microsoft-Windows-WinRM/Operational,1665,4,,,,,Get,,http://schemas.microsoft.com/wbem/wsman/1/Config/Plugin
2026-03-26T06:17:15.181032Z,254,dc.danglingtree.htb,Microsoft-Windows-WinRM,Microsoft-Windows-WinRM/Operational,1666,4,,,,,,,
2026-03-26T06:17:15.181033Z,132,dc.danglingtree.htb,Microsoft-Windows-WinRM,Microsoft-Windows-WinRM/Operational,1667,4,,,,,Get,,
2026-03-26T06:17:15.181811Z,145,dc.danglingtree.htb,Microsoft-Windows-WinRM,Microsoft-Windows-WinRM/Operational,1668,4,,,,,Enumeration,,http://schemas.microsoft.com/wbem/wsman/1/Config/Plugin
2026-03-26T06:17:15.184995Z,254,dc.danglingtree.htb,Microsoft-Windows-WinRM,Microsoft-Windows-WinRM/Operational,1669,4,,,,,,,
2026-03-26T06:17:15.184997Z,132,dc.danglingtree.htb,Microsoft-Windows-WinRM,Microsoft-Windows-WinRM/Operational,1670,4,,,,,Enumeration,,
2026-03-26T06:17:15.185434Z,145,dc.danglingtree.htb,Microsoft-Windows-WinRM,Microsoft-Windows-WinRM/Operational,1671,4,,,,,Get,,http://schemas.microsoft.com/wbem/wsman/1/Config/Plugin
2026-03-26T06:17:15.186333Z,254,dc.danglingtree.htb,Microsoft-Windows-WinRM,Microsoft-Windows-WinRM/Operational,1672,4,,,,,,,
2026-03-26T06:17:15.186334Z,132,dc.danglingtree.htb,Microsoft-Windows-WinRM,Microsoft-Windows-WinRM/Operational,1673,4,,,,,Get,,
2026-03-26T06:17:15.189861Z,145,dc.danglingtree.htb,Microsoft-Windows-WinRM,Microsoft-Windows-WinRM/Operational,1674,4,,,,,Enumeration,,http://schemas.microsoft.com/wbem/wsman/1/Config/Plugin
2026-03-26T06:17:15.193017Z,254,dc.danglingtree.htb,Microsoft-Windows-WinRM,Microsoft-Windows-WinRM/Operational,1675,4,,,,,,,
2026-03-26T06:17:15.193018Z,132,dc.danglingtree.htb,Microsoft-Windows-WinRM,Microsoft-Windows-WinRM/Operational,1676,4,,,,,Enumeration,,
2026-03-26T06:17:15.193969Z,145,dc.danglingtree.htb,Microsoft-Windows-WinRM,Microsoft-Windows-WinRM/Operational,1677,4,,,,,Enumeration,,http://schemas.microsoft.com/wbem/wsman/1/Config/Plugin
2026-03-26T06:17:15.197654Z,254,dc.danglingtree.htb,Microsoft-Windows-WinRM,Microsoft-Windows-WinRM/Operational,1678,4,,,,,,,
2026-03-26T06:17:15.197655Z,132,dc.danglingtree.htb,Microsoft-Windows-WinRM,Microsoft-Windows-WinRM/Operational,1679,4,,,,,Enumeration,,
2026-03-26T06:17:15.199166Z,145,dc.danglingtree.htb,Microsoft-Windows-WinRM,Microsoft-Windows-WinRM/Operational,1680,4,,,,,Enumeration,,http://schemas.microsoft.com/wbem/wsman/1/Config/Plugin
2026-03-26T06:17:15.203630Z,254,dc.danglingtree.htb,Microsoft-Windows-WinRM,Microsoft-Windows-WinRM/Operational,1681,4,,,,,,,
2026-03-26T06:17:15.203631Z,132,dc.danglingtree.htb,Microsoft-Windows-WinRM,Microsoft-Windows-WinRM/Operational,1682,4,,,,,Enumeration,,
2026-03-26T06:17:15.205560Z,145,dc.danglingtree.htb,Microsoft-Windows-WinRM,Microsoft-Windows-WinRM/Operational,1683,4,,,,,Enumeration,,http://schemas.microsoft.com/wbem/wsman/1/Config/Plugin
2026-03-26T06:17:15.209311Z,254,dc.danglingtree.htb,Microsoft-Windows-WinRM,Microsoft-Windows-WinRM/Operational,1684,4,,,,,,,
2026-03-26T06:17:15.209312Z,132,dc.danglingtree.htb,Microsoft-Windows-WinRM,Microsoft-Windows-WinRM/Operational,1685,4,,,,,Enumeration,,
2026-03-26T06:17:15.210712Z,145,dc.danglingtree.htb,Microsoft-Windows-WinRM,Microsoft-Windows-WinRM/Operational,1686,4,,,,,Enumeration,,http://schemas.microsoft.com/wbem/wsman/1/Config/Plugin
2026-03-26T06:17:15.214805Z,254,dc.danglingtree.htb,Microsoft-Windows-WinRM,Microsoft-Windows-WinRM/Operational,1687,4,,,,,,,
2026-03-26T06:17:15.214808Z,132,dc.danglingtree.htb,Microsoft-Windows-WinRM,Microsoft-Windows-WinRM/Operational,1688,4,,,,,Enumeration,,
2026-03-26T06:17:15.216883Z,145,dc.danglingtree.htb,Microsoft-Windows-WinRM,Microsoft-Windows-WinRM/Operational,1689,4,,,,,Enumeration,,http://schemas.microsoft.com/wbem/wsman/1/Config/Plugin
2026-03-26T06:17:15.220781Z,254,dc.danglingtree.htb,Microsoft-Windows-WinRM,Microsoft-Windows-WinRM/Operational,1690,4,,,,,,,
2026-03-26T06:17:15.220782Z,132,dc.danglingtree.htb,Microsoft-Windows-WinRM,Microsoft-Windows-WinRM/Operational,1691,4,,,,,Enumeration,,
2026-03-26T06:17:15.222010Z,145,dc.danglingtree.htb,Microsoft-Windows-WinRM,Microsoft-Windows-WinRM/Operational,1692,4,,,,,Enumeration,,http://schemas.microsoft.com/wbem/wsman/1/Config/Plugin
2026-03-26T06:17:15.226270Z,254,dc.danglingtree.htb,Microsoft-Windows-WinRM,Microsoft-Windows-WinRM/Operational,1693,4,,,,,,,
2026-03-26T06:17:15.226271Z,132,dc.danglingtree.htb,Microsoft-Windows-WinRM,Microsoft-Windows-WinRM/Operational,1694,4,,,,,Enumeration,,
2026-03-26T06:17:15.228495Z,145,dc.danglingtree.htb,Microsoft-Windows-WinRM,Microsoft-Windows-WinRM/Operational,1695,4,,,,,Enumeration,,http://schemas.microsoft.com/wbem/wsman/1/Config/Plugin
2026-03-26T06:17:15.232867Z,254,dc.danglingtree.htb,Microsoft-Windows-WinRM,Microsoft-Windows-WinRM/Operational,1696,4,,,,,,,
2026-03-26T06:17:15.232869Z,132,dc.danglingtree.htb,Microsoft-Windows-WinRM,Microsoft-Windows-WinRM/Operational,1697,4,,,,,Enumeration,,
2026-03-26T06:17:15.234465Z,145,dc.danglingtree.htb,Microsoft-Windows-WinRM,Microsoft-Windows-WinRM/Operational,1698,4,,,,,Enumeration,,http://schemas.microsoft.com/wbem/wsman/1/Config/Plugin
2026-03-26T06:17:15.238377Z,254,dc.danglingtree.htb,Microsoft-Windows-WinRM,Microsoft-Windows-WinRM/Operational,1699,4,,,,,,,
2026-03-26T06:17:15.238378Z,132,dc.danglingtree.htb,Microsoft-Windows-WinRM,Microsoft-Windows-WinRM/Operational,1700,4,,,,,Enumeration,,
2026-03-26T06:17:15.239817Z,145,dc.danglingtree.htb,Microsoft-Windows-WinRM,Microsoft-Windows-WinRM/Operational,1701,4,,,,,Enumeration,,http://schemas.microsoft.com/wbem/wsman/1/Config/Plugin
2026-03-26T06:17:15.244300Z,254,dc.danglingtree.htb,Microsoft-Windows-WinRM,Microsoft-Windows-WinRM/Operational,1702,4,,,,,,,
2026-03-26T06:17:15.244302Z,132,dc.danglingtree.htb,Microsoft-Windows-WinRM,Microsoft-Windows-WinRM/Operational,1703,4,,,,,Enumeration,,
2026-03-26T06:17:15.245967Z,145,dc.danglingtree.htb,Microsoft-Windows-WinRM,Microsoft-Windows-WinRM/Operational,1704,4,,,,,Enumeration,,http://schemas.microsoft.com/wbem/wsman/1/Config/Plugin
2026-03-26T06:17:15.249900Z,254,dc.danglingtree.htb,Microsoft-Windows-WinRM,Microsoft-Windows-WinRM/Operational,1705,4,,,,,,,
2026-03-26T06:17:15.249901Z,132,dc.danglingtree.htb,Microsoft-Windows-WinRM,Microsoft-Windows-WinRM/Operational,1706,4,,,,,Enumeration,,
2026-03-26T06:17:15.251331Z,145,dc.danglingtree.htb,Microsoft-Windows-WinRM,Microsoft-Windows-WinRM/Operational,1707,4,,,,,Enumeration,,http://schemas.microsoft.com/wbem/wsman/1/Config/Plugin
2026-03-26T06:17:15.254649Z,254,dc.danglingtree.htb,Microsoft-Windows-WinRM,Microsoft-Windows-WinRM/Operational,1708,4,,,,,,,
2026-03-26T06:17:15.254651Z,132,dc.danglingtree.htb,Microsoft-Windows-WinRM,Microsoft-Windows-WinRM/Operational,1709,4,,,,,Enumeration,,
2026-03-26T06:17:15.255874Z,145,dc.danglingtree.htb,Microsoft-Windows-WinRM,Microsoft-Windows-WinRM/Operational,1710,4,,,,,Enumeration,,http://schemas.microsoft.com/wbem/wsman/1/Config/Plugin
2026-03-26T06:17:15.259231Z,254,dc.danglingtree.htb,Microsoft-Windows-WinRM,Microsoft-Windows-WinRM/Operational,1711,4,,,,,,,
2026-03-26T06:17:15.259233Z,132,dc.danglingtree.htb,Microsoft-Windows-WinRM,Microsoft-Windows-WinRM/Operational,1712,4,,,,,Enumeration,,
2026-03-26T06:17:15.266208Z,145,dc.danglingtree.htb,Microsoft-Windows-WinRM,Microsoft-Windows-WinRM/Operational,1713,4,,,,,Enumeration,,http://schemas.microsoft.com/wbem/wsman/1/Config/Plugin
2026-03-26T06:17:15.269936Z,254,dc.danglingtree.htb,Microsoft-Windows-WinRM,Microsoft-Windows-WinRM/Operational,1714,4,,,,,,,
2026-03-26T06:17:15.269938Z,132,dc.danglingtree.htb,Microsoft-Windows-WinRM,Microsoft-Windows-WinRM/Operational,1715,4,,,,,Enumeration,,
2026-03-26T06:17:15.271033Z,145,dc.danglingtree.htb,Microsoft-Windows-WinRM,Microsoft-Windows-WinRM/Operational,1716,4,,,,,Enumeration,,http://schemas.microsoft.com/wbem/wsman/1/Config/Plugin
2026-03-26T06:17:15.274604Z,254,dc.danglingtree.htb,Microsoft-Windows-WinRM,Microsoft-Windows-WinRM/Operational,1717,4,,,,,,,
2026-03-26T06:17:15.274605Z,132,dc.danglingtree.htb,Microsoft-Windows-WinRM,Microsoft-Windows-WinRM/Operational,1718,4,,,,,Enumeration,,
2026-03-26T06:17:15.275670Z,145,dc.danglingtree.htb,Microsoft-Windows-WinRM,Microsoft-Windows-WinRM/Operational,1719,4,,,,,Enumeration,,http://schemas.microsoft.com/wbem/wsman/1/Config/Plugin
2026-03-26T06:17:15.279259Z,254,dc.danglingtree.htb,Microsoft-Windows-WinRM,Microsoft-Windows-WinRM/Operational,1720,4,,,,,,,
2026-03-26T06:17:15.279260Z,132,dc.danglingtree.htb,Microsoft-Windows-WinRM,Microsoft-Windows-WinRM/Operational,1721,4,,,,,Enumeration,,
2026-03-26T06:17:15.281237Z,145,dc.danglingtree.htb,Microsoft-Windows-WinRM,Microsoft-Windows-WinRM/Operational,1722,4,,,,,Enumeration,,http://schemas.microsoft.com/wbem/wsman/1/Config/Plugin
2026-03-26T06:17:15.284448Z,254,dc.danglingtree.htb,Microsoft-Windows-WinRM,Microsoft-Windows-WinRM/Operational,1723,4,,,,,,,
2026-03-26T06:17:15.284449Z,132,dc.danglingtree.htb,Microsoft-Windows-WinRM,Microsoft-Windows-WinRM/Operational,1724,4,,,,,Enumeration,,
2026-03-26T06:17:15.285422Z,145,dc.danglingtree.htb,Microsoft-Windows-WinRM,Microsoft-Windows-WinRM/Operational,1725,4,,,,,Enumeration,,http://schemas.microsoft.com/wbem/wsman/1/Config/Plugin
2026-03-26T06:17:15.288858Z,254,dc.danglingtree.htb,Microsoft-Windows-WinRM,Microsoft-Windows-WinRM/Operational,1726,4,,,,,,,
2026-03-26T06:17:15.288859Z,132,dc.danglingtree.htb,Microsoft-Windows-WinRM,Microsoft-Windows-WinRM/Operational,1727,4,,,,,Enumeration,,
2026-03-26T06:17:15.290293Z,145,dc.danglingtree.htb,Microsoft-Windows-WinRM,Microsoft-Windows-WinRM/Operational,1728,4,,,,,Enumeration,,http://schemas.microsoft.com/wbem/wsman/1/Config/Plugin
2026-03-26T06:17:15.294304Z,254,dc.danglingtree.htb,Microsoft-Windows-WinRM,Microsoft-Windows-WinRM/Operational,1729,4,,,,,,,
2026-03-26T06:17:15.294306Z,132,dc.danglingtree.htb,Microsoft-Windows-WinRM,Microsoft-Windows-WinRM/Operational,1730,4,,,,,Enumeration,,
2026-03-26T06:17:15.295297Z,145,dc.danglingtree.htb,Microsoft-Windows-WinRM,Microsoft-Windows-WinRM/Operational,1731,4,,,,,Enumeration,,http://schemas.microsoft.com/wbem/wsman/1/Config/Plugin
2026-03-26T06:17:15.297859Z,254,dc.danglingtree.htb,Microsoft-Windows-WinRM,Microsoft-Windows-WinRM/Operational,1732,4,,,,,,,
2026-03-26T06:17:15.297860Z,132,dc.danglingtree.htb,Microsoft-Windows-WinRM,Microsoft-Windows-WinRM/Operational,1733,4,,,,,Enumeration,,
