2026-06-03T20:36:20.951482Z,1008,dc.danglingtree.htb,Microsoft-Windows-Perflib,Application,3069,3,,,,,,,,,,,,,,,,,,,,,,,,,,,,,,,,,,,,,,,,,,,,,,,C:\WINDOWS\system32\wbem\wmiaprpl.dll,,,,,,,,,,,,,,,,,,,,,,,,,,,,,,,,,,,,,WmiApRpl,,,,,,,,,,,21,,,,,,,,,,,,,,,,,
2026-06-03T20:36:22.733979Z,1001,dc.danglingtree.htb,Windows Error Reporting,Application,3070,4,,,,,,,,,"
\\?\C:\Windows\Logs\MoSetup\UpdateAgent.log
\\?\C:\ProgramData\Microsoft\Windows\WER\Temp\WER.bc0f14e8-e129-43c9-a188-f384b1cc61b6.tmp.WERInternalMetadata.xml
\\?\C:\ProgramData\Microsoft\Windows\WER\Temp\WER.8a1fd930-18a0-4d19-998c-f6334f8192d2.tmp.csv
\\?\C:\ProgramData\Microsoft\Windows\WER\Temp\WER.34768d64-1052-4a65-ae6e-05f288ed28b1.tmp.txt
\\?\C:\ProgramData\Microsoft\Windows\WER\Temp\WER.9b6fcd47-b661-4471-89c6-4055e190974a.tmp.xml
\\?\C:\WINDOWS\logs\mosetup\UpdateAgent.log
\\?\C:\WINDOWS\logs\cbs\CBS.log
\\?\C:\WINDOWS\logs\windowsupdate\WindowsUpdate.20260404.162939.486.1.etl
\\?\C:\WINDOWS\logs\windowsupdate\WindowsUpdate.20260404.164807.862.1.etl
\\?\C:\WINDOWS\logs\windowsupdate\WindowsUpdate.20260404.175245.225.1.etl
\\?\C:\WINDOWS\logs\windowsupdate\WindowsUpdate.20260404.180226.210.1.etl
\\?\C:\WINDOWS\logs\windowsupdate\WindowsUpdate.20260404.184037.410.1.etl
\\?\C:\WINDOWS\logs\windowsupdate\WindowsUpdate.20260405.120426.675.1.etl
\\?\C:\WINDOWS\logs\windowsupdate\WindowsUpdate.20260405.130550.867.1.etl
\\?\C:\WINDOWS\logs\windowsupdate\WindowsUpdate.20260603.123849.428.1.etl
\\?\C:\WINDOWS\logs\windowsupdate\WindowsUpdate.20260603.124555.445.1.etl
\\?\C:\WINDOWS\logs\windowsupdate\WindowsUpdate.20260603.131458.717.1.etl
\\?\C:\WINDOWS\logs\windowsupdate\WindowsUpdate.20260603.131458.717.10.etl
\\?\C:\WINDOWS\logs\windowsupdate\WindowsUpdate.20260603.131458.717.11.etl
\\?\C:\WINDOWS\logs\windowsupdate\WindowsUpdate.20260603.131458.717.2.etl
\\?\C:\WINDOWS\logs\windowsupdate\WindowsUpdate.20260603.131458.717.3.etl
\\?\C:\WINDOWS\logs\windowsupdate\WindowsUpdate.20260603.131458.717.4.etl
\\?\C:\WINDOWS\logs\windowsupdate\WindowsUpdate.20260603.131458.717.5.etl
\\?\C:\WINDOWS\logs\windowsupdate\WindowsUpdate.20260603.131458.717.6.etl
\\?\C:\WINDOWS\logs\windowsupdate\WindowsUpdate.20260603.131458.717.7.etl
\\?\C:\WINDOWS\logs\windowsupdate\WindowsUpdate.20260603.131458.717.8.etl
\\?\C:\WINDOWS\logs\windowsupdate\WindowsUpdate.20260603.131458.717.9.etl
\\?\C:\ProgramData\usoshared\logs\system\UpdateSessionOrchestration.15bca148-b3dd-4c23-b00e-810a3ba6f5e5.1.etl
\\?\C:\ProgramData\usoshared\logs\system\UpdateSessionOrchestration.15bca148-b3dd-4c23-b00e-810a3ba6f5e5.2.etl
\\?\C:\ProgramData\usoshared\logs\system\UpdateSessionOrchestration.15bca148-b3dd-4c23-b00e-810a3ba6f5e5.3.etl
\\?\C:\ProgramData\usoshared\logs\system\UpdateSessionOrchestration.19c56c1d-54d3-4297-bb27-f5b9688aae10.1.etl
\\?\C:\ProgramData\usoshared\logs\system\UpdateSessionOrchestration.2dc642dd-23ec-4a7e-8f68-121c80886ab9.1.etl
\\?\C:\ProgramData\usoshared\logs\system\UpdateSessionOrchestration.44cda293-cc62-45a0-a259-603107376179.1.etl
\\?\C:\ProgramData\usoshared\logs\system\UpdateSessionOrchestration.4de408ea-2d34-417b-a47c-d8e5e88352a7.1.etl
\\?\C:\ProgramData\usoshared\logs\system\UpdateSessionOrchestration.51ca8068-11de-420d-b9a8-f47216809b7c.1.etl
\\?\C:\ProgramData\usoshared\logs\system\UpdateSessionOrchestration.55ec99a4-c451-4560-8794-ee3ab8eda464.1.etl
\\?\C:\ProgramData\usoshared\logs\system\UpdateSessionOrchestration.5e67258a-e74c-4a5e-980a-02963e55d4c4.1.etl
\\?\C:\ProgramData\usoshared\logs\system\UpdateSessionOrchestration.6c19a401-73ba-44a8-8bd0-8974d9ea56e2.1.etl
\\?\C:\ProgramData\usoshared\logs\system\UpdateSessionOrchestration.6c19a401-73ba-44a8-8bd0-8974d9ea56e2.2.etl
\\?\C:\ProgramData\usoshared\logs\system\UpdateSessionOrchestration.6c19a401-73ba-44a8-8bd0-8974d9ea56e2.3.etl
\\?\C:\ProgramData\usoshared\logs\system\UpdateSessionOrchestration.6c19a401-73ba-44a8-8bd0-8974d9ea56e2.4.etl
\\?\C:\ProgramData\usoshared\logs\system\UpdateSessionOrchestration.6c19a401-73ba-44a8-8bd0-8974d9ea56e2.5.etl
\\?\C:\ProgramData\usoshared\logs\system\UpdateSessionOrchestration.6c19a401-73ba-44a8-8bd0-8974d9ea56e2.6.etl
\\?\C:\ProgramData\usoshared\logs\system\UpdateSessionOrchestration.6c19a401-73ba-44a8-8bd0-8974d9ea56e2.7.etl
\\?\C:\ProgramData\usoshared\logs\system\UpdateSessionOrchestration.6c19a401-73ba-44a8-8bd0-8974d9ea56e2.8.etl
\\?\C:\ProgramData\usoshared\logs\system\UpdateSessionOrchestration.6c19a401-73ba-44a8-8bd0-8974d9ea56e2.9.etl
\\?\C:\ProgramData\usoshared\logs\system\UpdateSessionOrchestration.6ca9c7b2-ff3e-4418-aa88-48dc2846111f.1.etl
\\?\C:\ProgramData\usoshared\logs\system\UpdateSessionOrchestration.736d9408-2722-43c9-bde5-6a5910d086e8.1.etl
\\?\C:\ProgramData\usoshared\logs\system\UpdateSessionOrchestration.736d9408-2722-43c9-bde5-6a5910d086e8.2.etl
\\?\C:\ProgramData\usoshared\logs\system\UpdateSessionOrchestration.a53c3e93-6981-4e34-b5f7-c0238b9a24d4.1.etl
\\?\C:\ProgramData\usoshared\logs\system\UpdateSessionOrchestration.a53c3e93-6981-4e34-b5f7-c0238b9a24d4.2.etl
\\?\C:\ProgramData\usoshared\logs\system\UpdateSessionOrchestration.a597a86c-97e5-44a8-8b69-d048b430c845.1.etl
\\?\C:\ProgramData\usoshared\logs\system\UpdateSessionOrchestration.b78708ef-75d1-4936-bf60-886f2ba1b6ec.5.etl
\\?\C:\ProgramData\usoshared\logs\system\UpdateSessionOrchestration.b78708ef-75d1-4936-bf60-886f2ba1b6ec.6.etl
\\?\C:\ProgramData\usoshared\logs\system\UpdateSessionOrchestration.b78708ef-75d1-4936-bf60-886f2ba1b6ec.7.etl
\\?\C:\ProgramData\usoshared\logs\system\UpdateSessionOrchestration.b78708ef-75d1-4936-bf60-886f2ba1b6ec.8.etl
\\?\C:\ProgramData\usoshared\logs\system\UpdateSessionOrchestration.bee1cc31-e1af-44c1-917e-161d52b74022.1.etl
\\?\C:\ProgramData\usoshared\logs\system\UpdateSessionOrchestration.bfe1acf4-3b7f-4d22-927f-f6ad6ed82df2.1.etl
\\?\C:\ProgramData\usoshared\logs\system\UpdateSessionOrchestration.bfe1acf4-3b7f-4d22-927f-f6ad6ed82df2.2.etl
\\?\C:\ProgramData\usoshared\logs\system\UpdateSessionOrchestration.bfe1acf4-3b7f-4d22-927f-f6ad6ed82df2.3.etl
\\?\C:\ProgramData\usoshared\logs\system\UpdateSessionOrchestration.bfe1acf4-3b7f-4d22-927f-f6ad6ed82df2.4.etl
\\?\C:\ProgramData\usoshared\logs\system\UpdateSessionOrchestration.cd2b629c-6d3c-4cb6-88f6-ddbc75e4e309.1.etl
\\?\C:\ProgramData\usoshared\logs\system\UpdateSessionOrchestration.d3a7b5b9-f0e2-4baa-8e4e-ba54926ea5dc.1.etl
\\?\C:\ProgramData\usoshared\logs\system\UpdateSessionOrchestration.dbe17921-6ef7-473c-8702-539f34bdd048.1.etl
\\?\C:\ProgramData\usoshared\logs\system\UpdateSessionOrchestration.e5f69910-01a3-410e-957b-7a76a17e0b96.1.etl
\\?\C:\ProgramData\usoshared\logs\system\UpdateSessionOrchestration.e5f69910-01a3-410e-957b-7a76a17e0b96.2.etl
\\?\C:\ProgramData\usoshared\logs\system\UpdateSessionOrchestration.e5f69910-01a3-410e-957b-7a76a17e0b96.3.etl
\\?\C:\ProgramData\usoshared\logs\system\UpdateSessionOrchestration.e88fa265-f2b2-49dd-8b25-845ab15f1208.1.etl
\\?\C:\ProgramData\usoshared\logs\system\UpdateSessionOrchestration.f02c4276-fa4e-4c3b-9aaf-8865b7af32a6.1.etl
\\?\C:\ProgramData\usoprivate\updatestore\store.bak
\\?\C:\ProgramData\usoprivate\updatestore\store.db
\\?\C:\Windows\SystemTemp\WER.11937f0e-5c85-4fb4-a958-2cbc45ea0a56.tmp.reg.txt
\\?\C:\Windows\SystemTemp\WER.b9ebae96-e33f-4570-b963-d8a7a37820d6.tmp.WERDataCollectionStatus.txt",,2037985867396536152,5,,,,,,0,0,,,,,,,,,,,,,,,,,,,UpdateAgentDiag,,,,,,1570d87427f2261f6c486159436fd758,,,,,,,,,,,,,0,32230,X,1,0x80010108,amd64,26100,ge_release,26100,lt_release_svc_prod1,,,,,,,,,,0,,5fc40744-abc9-442e-b823-47043c162b27,12,,Not available,,,,,,\\?\C:\ProgramData\Microsoft\Windows\WER\ReportQueue\NonCritical_0_71ec83ec7619a07e30af11476ea0d8ec56ca386_00000000_cab_5fc40744-abc9-442e-b823-47043c162b27,,,,,,,,,,,,,,,,,,,,,,,,,
2026-06-03T20:36:25.838090Z,1001,dc.danglingtree.htb,Windows Error Reporting,Application,3071,4,,,,,,,,,"
\\?\C:\Windows\Logs\MoSetup\UpdateAgent.log
\\?\C:\ProgramData\Microsoft\Windows\WER\Temp\WER.bc0f14e8-e129-43c9-a188-f384b1cc61b6.tmp.WERInternalMetadata.xml
\\?\C:\ProgramData\Microsoft\Windows\WER\Temp\WER.8a1fd930-18a0-4d19-998c-f6334f8192d2.tmp.csv
\\?\C:\ProgramData\Microsoft\Windows\WER\Temp\WER.34768d64-1052-4a65-ae6e-05f288ed28b1.tmp.txt
\\?\C:\ProgramData\Microsoft\Windows\WER\Temp\WER.9b6fcd47-b661-4471-89c6-4055e190974a.tmp.xml
\\?\C:\WINDOWS\logs\mosetup\UpdateAgent.log
\\?\C:\WINDOWS\logs\cbs\CBS.log
\\?\C:\WINDOWS\logs\windowsupdate\WindowsUpdate.20260404.162939.486.1.etl
\\?\C:\WINDOWS\logs\windowsupdate\WindowsUpdate.20260404.164807.862.1.etl
\\?\C:\WINDOWS\logs\windowsupdate\WindowsUpdate.20260404.175245.225.1.etl
\\?\C:\WINDOWS\logs\windowsupdate\WindowsUpdate.20260404.180226.210.1.etl
\\?\C:\WINDOWS\logs\windowsupdate\WindowsUpdate.20260404.184037.410.1.etl
\\?\C:\WINDOWS\logs\windowsupdate\WindowsUpdate.20260405.120426.675.1.etl
\\?\C:\WINDOWS\logs\windowsupdate\WindowsUpdate.20260405.130550.867.1.etl
\\?\C:\WINDOWS\logs\windowsupdate\WindowsUpdate.20260603.123849.428.1.etl
\\?\C:\WINDOWS\logs\windowsupdate\WindowsUpdate.20260603.124555.445.1.etl
\\?\C:\WINDOWS\logs\windowsupdate\WindowsUpdate.20260603.131458.717.1.etl
\\?\C:\WINDOWS\logs\windowsupdate\WindowsUpdate.20260603.131458.717.10.etl
\\?\C:\WINDOWS\logs\windowsupdate\WindowsUpdate.20260603.131458.717.11.etl
\\?\C:\WINDOWS\logs\windowsupdate\WindowsUpdate.20260603.131458.717.2.etl
\\?\C:\WINDOWS\logs\windowsupdate\WindowsUpdate.20260603.131458.717.3.etl
\\?\C:\WINDOWS\logs\windowsupdate\WindowsUpdate.20260603.131458.717.4.etl
\\?\C:\WINDOWS\logs\windowsupdate\WindowsUpdate.20260603.131458.717.5.etl
\\?\C:\WINDOWS\logs\windowsupdate\WindowsUpdate.20260603.131458.717.6.etl
\\?\C:\WINDOWS\logs\windowsupdate\WindowsUpdate.20260603.131458.717.7.etl
\\?\C:\WINDOWS\logs\windowsupdate\WindowsUpdate.20260603.131458.717.8.etl
\\?\C:\WINDOWS\logs\windowsupdate\WindowsUpdate.20260603.131458.717.9.etl
\\?\C:\ProgramData\usoshared\logs\system\UpdateSessionOrchestration.15bca148-b3dd-4c23-b00e-810a3ba6f5e5.1.etl
\\?\C:\ProgramData\usoshared\logs\system\UpdateSessionOrchestration.15bca148-b3dd-4c23-b00e-810a3ba6f5e5.2.etl
\\?\C:\ProgramData\usoshared\logs\system\UpdateSessionOrchestration.15bca148-b3dd-4c23-b00e-810a3ba6f5e5.3.etl
\\?\C:\ProgramData\usoshared\logs\system\UpdateSessionOrchestration.19c56c1d-54d3-4297-bb27-f5b9688aae10.1.etl
\\?\C:\ProgramData\usoshared\logs\system\UpdateSessionOrchestration.2dc642dd-23ec-4a7e-8f68-121c80886ab9.1.etl
\\?\C:\ProgramData\usoshared\logs\system\UpdateSessionOrchestration.44cda293-cc62-45a0-a259-603107376179.1.etl
\\?\C:\ProgramData\usoshared\logs\system\UpdateSessionOrchestration.4de408ea-2d34-417b-a47c-d8e5e88352a7.1.etl
\\?\C:\ProgramData\usoshared\logs\system\UpdateSessionOrchestration.51ca8068-11de-420d-b9a8-f47216809b7c.1.etl
\\?\C:\ProgramData\usoshared\logs\system\UpdateSessionOrchestration.55ec99a4-c451-4560-8794-ee3ab8eda464.1.etl
\\?\C:\ProgramData\usoshared\logs\system\UpdateSessionOrchestration.5e67258a-e74c-4a5e-980a-02963e55d4c4.1.etl
\\?\C:\ProgramData\usoshared\logs\system\UpdateSessionOrchestration.6c19a401-73ba-44a8-8bd0-8974d9ea56e2.1.etl
\\?\C:\ProgramData\usoshared\logs\system\UpdateSessionOrchestration.6c19a401-73ba-44a8-8bd0-8974d9ea56e2.2.etl
\\?\C:\ProgramData\usoshared\logs\system\UpdateSessionOrchestration.6c19a401-73ba-44a8-8bd0-8974d9ea56e2.3.etl
\\?\C:\ProgramData\usoshared\logs\system\UpdateSessionOrchestration.6c19a401-73ba-44a8-8bd0-8974d9ea56e2.4.etl
\\?\C:\ProgramData\usoshared\logs\system\UpdateSessionOrchestration.6c19a401-73ba-44a8-8bd0-8974d9ea56e2.5.etl
\\?\C:\ProgramData\usoshared\logs\system\UpdateSessionOrchestration.6c19a401-73ba-44a8-8bd0-8974d9ea56e2.6.etl
\\?\C:\ProgramData\usoshared\logs\system\UpdateSessionOrchestration.6c19a401-73ba-44a8-8bd0-8974d9ea56e2.7.etl
\\?\C:\ProgramData\usoshared\logs\system\UpdateSessionOrchestration.6c19a401-73ba-44a8-8bd0-8974d9ea56e2.8.etl
\\?\C:\ProgramData\usoshared\logs\system\UpdateSessionOrchestration.6c19a401-73ba-44a8-8bd0-8974d9ea56e2.9.etl
\\?\C:\ProgramData\usoshared\logs\system\UpdateSessionOrchestration.6ca9c7b2-ff3e-4418-aa88-48dc2846111f.1.etl
\\?\C:\ProgramData\usoshared\logs\system\UpdateSessionOrchestration.736d9408-2722-43c9-bde5-6a5910d086e8.1.etl
\\?\C:\ProgramData\usoshared\logs\system\UpdateSessionOrchestration.736d9408-2722-43c9-bde5-6a5910d086e8.2.etl
\\?\C:\ProgramData\usoshared\logs\system\UpdateSessionOrchestration.a53c3e93-6981-4e34-b5f7-c0238b9a24d4.1.etl
\\?\C:\ProgramData\usoshared\logs\system\UpdateSessionOrchestration.a53c3e93-6981-4e34-b5f7-c0238b9a24d4.2.etl
\\?\C:\ProgramData\usoshared\logs\system\UpdateSessionOrchestration.a597a86c-97e5-44a8-8b69-d048b430c845.1.etl
\\?\C:\ProgramData\usoshared\logs\system\UpdateSessionOrchestration.b78708ef-75d1-4936-bf60-886f2ba1b6ec.5.etl
\\?\C:\ProgramData\usoshared\logs\system\UpdateSessionOrchestration.b78708ef-75d1-4936-bf60-886f2ba1b6ec.6.etl
\\?\C:\ProgramData\usoshared\logs\system\UpdateSessionOrchestration.b78708ef-75d1-4936-bf60-886f2ba1b6ec.7.etl
\\?\C:\ProgramData\usoshared\logs\system\UpdateSessionOrchestration.b78708ef-75d1-4936-bf60-886f2ba1b6ec.8.etl
\\?\C:\ProgramData\usoshared\logs\system\UpdateSessionOrchestration.bee1cc31-e1af-44c1-917e-161d52b74022.1.etl
\\?\C:\ProgramData\usoshared\logs\system\UpdateSessionOrchestration.bfe1acf4-3b7f-4d22-927f-f6ad6ed82df2.1.etl
\\?\C:\ProgramData\usoshared\logs\system\UpdateSessionOrchestration.bfe1acf4-3b7f-4d22-927f-f6ad6ed82df2.2.etl
\\?\C:\ProgramData\usoshared\logs\system\UpdateSessionOrchestration.bfe1acf4-3b7f-4d22-927f-f6ad6ed82df2.3.etl
\\?\C:\ProgramData\usoshared\logs\system\UpdateSessionOrchestration.bfe1acf4-3b7f-4d22-927f-f6ad6ed82df2.4.etl
\\?\C:\ProgramData\usoshared\logs\system\UpdateSessionOrchestration.cd2b629c-6d3c-4cb6-88f6-ddbc75e4e309.1.etl
\\?\C:\ProgramData\usoshared\logs\system\UpdateSessionOrchestration.d3a7b5b9-f0e2-4baa-8e4e-ba54926ea5dc.1.etl
\\?\C:\ProgramData\usoshared\logs\system\UpdateSessionOrchestration.dbe17921-6ef7-473c-8702-539f34bdd048.1.etl
\\?\C:\ProgramData\usoshared\logs\system\UpdateSessionOrchestration.e5f69910-01a3-410e-957b-7a76a17e0b96.1.etl
\\?\C:\ProgramData\usoshared\logs\system\UpdateSessionOrchestration.e5f69910-01a3-410e-957b-7a76a17e0b96.2.etl
\\?\C:\ProgramData\usoshared\logs\system\UpdateSessionOrchestration.e5f69910-01a3-410e-957b-7a76a17e0b96.3.etl
\\?\C:\ProgramData\usoshared\logs\system\UpdateSessionOrchestration.e88fa265-f2b2-49dd-8b25-845ab15f1208.1.etl
\\?\C:\ProgramData\usoshared\logs\system\UpdateSessionOrchestration.f02c4276-fa4e-4c3b-9aaf-8865b7af32a6.1.etl
\\?\C:\ProgramData\usoprivate\updatestore\store.bak
\\?\C:\ProgramData\usoprivate\updatestore\store.db
\\?\C:\Windows\SystemTemp\WER.11937f0e-5c85-4fb4-a958-2cbc45ea0a56.tmp.reg.txt
\\?\C:\Windows\SystemTemp\WER.b9ebae96-e33f-4570-b963-d8a7a37820d6.tmp.WERDataCollectionStatus.txt",,2037985867396536152,5,,,,,,0,0,,,,,,,,,,,,,,,,,,,UpdateAgentDiag,,,,,,1570d87427f2261f6c486159436fd758,,,,,,,,,,,,,0,32230,X,1,0x80010108,amd64,26100,ge_release,26100,lt_release_svc_prod1,,,,,,,,,,0,,5fc40744-abc9-442e-b823-47043c162b27,12,,Not available,,,,,,\\?\C:\ProgramData\Microsoft\Windows\WER\ReportQueue\NonCritical_0_71ec83ec7619a07e30af11476ea0d8ec56ca386_00000000_cab_5fc40744-abc9-442e-b823-47043c162b27,,,,,,,,,,,,,,,,,,,,,,,,,
2026-06-03T20:38:37.991444Z,"{'#attributes': {'Qualifiers': 49152}, '#text': 16394}",dc.danglingtree.htb,Microsoft-Windows-Security-SPP,Application,3072,4,,,,,,,,,,,,,,,,,,,,,,,,,,,,,,,,,,,,,,,,,,,,,,,,,,,,,,,,,,,,,,,,,,,,,,,,,,,,,,,,,,,,,,,,,,,,,,,,,,,,,,,,,,,,,,,,
2026-06-03T20:38:38.081699Z,"{'#attributes': {'Qualifiers': 49152}, '#text': 16397}",dc.danglingtree.htb,Microsoft-Windows-Security-SPP,Application,3073,4,,,,,,,,,,,,,,,,,,,,,,,0x0000A8BC,,,,,,,,,,,,,,,,,,,,,,,,,,,,,,,,,,,,,,,,,,,,,,,,,,,,,,,,,,,,,,,,,,,,,,,,,,,,,,,,,,,,,,,,,
2026-06-03T20:39:08.695225Z,"{'#attributes': {'Qualifiers': 16384}, '#text': 16384}",dc.danglingtree.htb,Microsoft-Windows-Security-SPP,Application,3074,4,,,,,,,,,,,,,,,,,,,,,,,,2026-06-04T20:33:08Z,RulesEngine,,,,,,,,,,,,,,,,,,,,,,,,,,,,,,,,,,,,,,,,,,,,,,,,,,,,,,,,,,,,,,,,,,,,,,,,,,,,,,,,,,,,,,,
2026-06-03T20:40:25.942838Z,"{'#attributes': {'Qualifiers': 0}, '#text': 1000}",dc.danglingtree.htb,VGAuth,Application,3075,0,,,,,,,,,,,,,,,,,,,,,,,vmtoolsd: Username and password successfully validated for 'administrator',,,,,,,,,,,,,,,,,,,,,,,,,,,,,,,,,,,,,,,,,,,,,,,,,,,,,,,,,,,,,,,,,,,,,,,,,,,,,,,,,,,,,,,,,
2026-06-03T20:40:26.710243Z,"{'#attributes': {'Qualifiers': 0}, '#text': 1000}",dc.danglingtree.htb,VGAuth,Application,3076,0,,,,,,,,,,,,,,,,,,,,,,,vmtoolsd: Username and password successfully validated for 'administrator',,,,,,,,,,,,,,,,,,,,,,,,,,,,,,,,,,,,,,,,,,,,,,,,,,,,,,,,,,,,,,,,,,,,,,,,,,,,,,,,,,,,,,,,,
2026-06-03T20:40:26.757012Z,"{'#attributes': {'Qualifiers': 0}, '#text': 1000}",dc.danglingtree.htb,VGAuth,Application,3077,0,,,,,,,,,,,,,,,,,,,,,,,vmtoolsd: Username and password successfully validated for 'administrator',,,,,,,,,,,,,,,,,,,,,,,,,,,,,,,,,,,,,,,,,,,,,,,,,,,,,,,,,,,,,,,,,,,,,,,,,,,,,,,,,,,,,,,,,
2026-06-03T20:40:27.108878Z,"{'#attributes': {'Qualifiers': 0}, '#text': 1000}",dc.danglingtree.htb,VGAuth,Application,3078,0,,,,,,,,,,,,,,,,,,,,,,,vmtoolsd: Username and password successfully validated for 'administrator',,,,,,,,,,,,,,,,,,,,,,,,,,,,,,,,,,,,,,,,,,,,,,,,,,,,,,,,,,,,,,,,,,,,,,,,,,,,,,,,,,,,,,,,,
2026-06-03T20:40:27.159568Z,"{'#attributes': {'Qualifiers': 0}, '#text': 1000}",dc.danglingtree.htb,VGAuth,Application,3079,0,,,,,,,,,,,,,,,,,,,,,,,vmtoolsd: Username and password successfully validated for 'administrator',,,,,,,,,,,,,,,,,,,,,,,,,,,,,,,,,,,,,,,,,,,,,,,,,,,,,,,,,,,,,,,,,,,,,,,,,,,,,,,,,,,,,,,,,
2026-06-03T20:40:27.398867Z,"{'#attributes': {'Qualifiers': 0}, '#text': 1000}",dc.danglingtree.htb,VGAuth,Application,3080,0,,,,,,,,,,,,,,,,,,,,,,,vmtoolsd: Username and password successfully validated for 'administrator',,,,,,,,,,,,,,,,,,,,,,,,,,,,,,,,,,,,,,,,,,,,,,,,,,,,,,,,,,,,,,,,,,,,,,,,,,,,,,,,,,,,,,,,,
2026-06-03T20:40:27.458102Z,"{'#attributes': {'Qualifiers': 0}, '#text': 1000}",dc.danglingtree.htb,VGAuth,Application,3081,0,,,,,,,,,,,,,,,,,,,,,,,vmtoolsd: Username and password successfully validated for 'administrator',,,,,,,,,,,,,,,,,,,,,,,,,,,,,,,,,,,,,,,,,,,,,,,,,,,,,,,,,,,,,,,,,,,,,,,,,,,,,,,,,,,,,,,,,
2026-06-03T20:40:28.414607Z,"{'#attributes': {'Qualifiers': 0}, '#text': 1000}",dc.danglingtree.htb,VGAuth,Application,3082,0,,,,,,,,,,,,,,,,,,,,,,,vmtoolsd: Username and password successfully validated for 'administrator',,,,,,,,,,,,,,,,,,,,,,,,,,,,,,,,,,,,,,,,,,,,,,,,,,,,,,,,,,,,,,,,,,,,,,,,,,,,,,,,,,,,,,,,,
2026-06-03T20:40:28.752013Z,"{'#attributes': {'Qualifiers': 0}, '#text': 1000}",dc.danglingtree.htb,VGAuth,Application,3083,0,,,,,,,,,,,,,,,,,,,,,,,vmtoolsd: Username and password successfully validated for 'administrator',,,,,,,,,,,,,,,,,,,,,,,,,,,,,,,,,,,,,,,,,,,,,,,,,,,,,,,,,,,,,,,,,,,,,,,,,,,,,,,,,,,,,,,,,
2026-06-03T20:40:31.055346Z,"{'#attributes': {'Qualifiers': 0}, '#text': 1000}",dc.danglingtree.htb,VGAuth,Application,3084,0,,,,,,,,,,,,,,,,,,,,,,,vmtoolsd: Username and password successfully validated for 'administrator',,,,,,,,,,,,,,,,,,,,,,,,,,,,,,,,,,,,,,,,,,,,,,,,,,,,,,,,,,,,,,,,,,,,,,,,,,,,,,,,,,,,,,,,,
2026-06-03T20:40:31.644320Z,"{'#attributes': {'Qualifiers': 49152}, '#text': 16394}",dc.danglingtree.htb,Microsoft-Windows-Security-SPP,Application,3085,4,,,,,,,,,,,,,,,,,,,,,,,,,,,,,,,,,,,,,,,,,,,,,,,,,,,,,,,,,,,,,,,,,,,,,,,,,,,,,,,,,,,,,,,,,,,,,,,,,,,,,,,,,,,,,,,,
2026-06-03T20:40:32.490329Z,"{'#attributes': {'Qualifiers': 49152}, '#text': 16397}",dc.danglingtree.htb,Microsoft-Windows-Security-SPP,Application,3086,4,,,,,,,,,,,,,,,,,,,,,,,0x0000A8BB,,,,,,,,,,,,,,,,,,,,,,,,,,,,,,,,,,,,,,,,,,,,,,,,,,,,,,,,,,,,,,,,,,,,,,,,,,,,,,,,,,,,,,,,,
2026-06-03T20:40:33.525002Z,"{'#attributes': {'Qualifiers': 0}, '#text': 1000}",dc.danglingtree.htb,VGAuth,Application,3087,0,,,,,,,,,,,,,,,,,,,,,,,vmtoolsd: Username and password successfully validated for 'administrator',,,,,,,,,,,,,,,,,,,,,,,,,,,,,,,,,,,,,,,,,,,,,,,,,,,,,,,,,,,,,,,,,,,,,,,,,,,,,,,,,,,,,,,,,
2026-06-03T20:40:34.237206Z,"{'#attributes': {'Qualifiers': 16384}, '#text': 1072}",dc.danglingtree.htb,Microsoft-Windows-Security-SPP,Application,3088,0,,,,,,,,,,,,,,,,,,,,,,,ecc748b4-08de-4d57-abdb-6da44495a8f7,,,,,,,,,,,,,,,,,,,,,,,,,,,,,,,,,,,,,,,,,,,,,,,,,,,,,,,,,,,,,,,,,,,,,,,,,,,,,,,,,,,,,,,,,
2026-06-03T20:40:36.072882Z,"{'#attributes': {'Qualifiers': 0}, '#text': 1000}",dc.danglingtree.htb,VGAuth,Application,3089,0,,,,,,,,,,,,,,,,,,,,,,,vmtoolsd: Username and password successfully validated for 'administrator',,,,,,,,,,,,,,,,,,,,,,,,,,,,,,,,,,,,,,,,,,,,,,,,,,,,,,,,,,,,,,,,,,,,,,,,,,,,,,,,,,,,,,,,,
2026-06-03T20:40:36.427886Z,"{'#attributes': {'Qualifiers': 16384}, '#text': 1072}",dc.danglingtree.htb,Microsoft-Windows-Security-SPP,Application,3090,0,,,,,,,,,,,,,,,,,,,,,,,ecc748b4-08de-4d57-abdb-6da44495a8f7,,,,,,,,,,,,,,,,,,,,,,,,,,,,,,,,,,,,,,,,,,,,,,,,,,,,,,,,,,,,,,,,,,,,,,,,,,,,,,,,,,,,,,,,,
2026-06-03T20:40:36.501210Z,"{'#attributes': {'Qualifiers': 16384}, '#text': 1034}",dc.danglingtree.htb,Microsoft-Windows-Security-SPP,Application,3091,4,,,,,,,,,,,,,,,,,,,,,,,,AAD-AddDeviceJoinUserToAdminGroup-Policy,100,,,,,,,,,,,,,,,,,,,,,,,,,,,,,,,,,,,,,,,,,,,,,,,,,,,,,,,,,,,,,,,,,,,,,,,,,,,,,,,,,,,,,,,
2026-06-03T20:40:36.766715Z,"{'#attributes': {'Qualifiers': 16384}, '#text': 1034}",dc.danglingtree.htb,Microsoft-Windows-Security-SPP,Application,3092,4,,,,,,,,,,,,,,,,,,,,,,,,Security-SPP-WriteWauMarker,500,,,,,,,,,,,,,,,,,,,,,,,,,,,,,,,,,,,,,,,,,,,,,,,,,,,,,,,,,,,,,,,,,,,,,,,,,,,,,,,,,,,,,,,
2026-06-03T20:40:36.770130Z,"{'#attributes': {'Qualifiers': 16384}, '#text': 1033}",dc.danglingtree.htb,Microsoft-Windows-Security-SPP,Application,3093,4,,,,,,,,,,,,,,,,,,,,,,,,(Security-SPP-Reserved-EnableNotificationMode) ,55c92734-d682-4d71-983e-d6ec3f16059f,ecc748b4-08de-4d57-abdb-6da44495a8f7,,,,,,,,,,,,,,,,,,,,,,,,,,,,,,,,,,,,,,,,,,,,,,,,,,,,,,,,,,,,,,,,,,,,,,,,,,,,,,,,,,,,,,
2026-06-03T20:40:36.885909Z,"{'#attributes': {'Qualifiers': 16384}, '#text': 1003}",dc.danglingtree.htb,Microsoft-Windows-Security-SPP,Application,3094,4,,,,,,,,,,,,,,,,,,,,,,,,55c92734-d682-4d71-983e-d6ec3f16059f,"
1: 0d1bd880-2140-43c0-a2e1-506998451d6c, 1, 0 [(0 [0xC004F014, 0, 0], [(?)(?)(?)(?)(?)(?)(?)(?)])(1 )(2 )(3 )]
2: 1b0d9de5-e09d-4257-8221-6970f082d4e9, 1, 0 [(0 [0xC004F014, 0, 0], [(?)(?)(?)(?)(?)(?)(?)(?)])(1 )(2 )(3 )]
3: 66354793-4375-42ee-a9be-74e94d28bbf9, 1, 0 [(0 [0xC004F014, 0, 0], [(?)(?)(?)(?)(?)(?)(?)(?)])(1 )(2 )(3 )]
4: 6bad0243-1c35-46b2-b8e6-7a853e37413f, 1, 0 [(0 [0xC004F014, 0, 0], [(?)(?)(?)(?)(?)(?)(?)(?)])(1 )(2 )(3 )]
5: 6ff6be9b-b2df-433f-85c1-37daf0eb6826, 1, 0 [(0 [0xC004F014, 0, 0], [(?)(?)(?)(?)(?)(?)(?)(?)])(1 )(2 )(3 )]
6: 7990b601-c924-4e58-b271-ab1d6d61d303, 1, 0 [(0 [0xC004F014, 0, 0], [(?)(?)(?)(?)(?)(?)(?)(?)])(1 )(2 )(3 )]
7: 7dc26449-db21-4e09-ba37-28f2958506a6, 1, 0 [(0 [0xC004F014, 0, 0], [(?)(?)(?)(?)(?)(?)(?)(?)])(1 )(2 )(3 )]
8: 82fcf64d-f9dd-4411-9c79-f2eed16d4eb8, 1, 0 [(0 [0xC004F014, 0, 0], [(?)(?)(?)(?)(?)(?)(?)(?)])(1 )(2 )(3 )]
9: 84e331f6-4279-48c4-ab10-b75139181351, 1, 0 [(0 [0xC004F014, 0, 0], [(?)(?)(?)(?)(?)(?)(?)(?)])(1 )(2 )(3 )]
10: 919155fb-b42b-4371-9e4b-9c2e954507a6, 1, 0 [(0 [0xC004F014, 0, 0], [(?)(?)(?)(?)(?)(?)(?)(?)])(1 )(2 )(3 )]
11: 9a5d353c-2d22-4e58-b60e-9fcfed846922, 1, 0 [(0 [0xC004F014, 0, 0], [(?)(?)(?)(?)(?)(?)(?)(?)])(1 )(2 )(3 )]
12: caac9bf3-3daf-4da1-85b1-334e0fa7ed10, 1, 0 [(0 [0xC004F014, 0, 0], [(?)(?)(?)(?)(?)(?)(?)(?)])(1 )(2 )(3 )]
13: d81adfb0-9c6e-4274-8453-7dec8cce3fe9, 1, 0 [(0 [0xC004F014, 0, 0], [(?)(?)(?)(?)(?)(?)(?)(?)])(1 )(2 )(3 )]
14: ecc748b4-08de-4d57-abdb-6da44495a8f7, 1, 0 [(0 )(1 [0x00000000, 1, 0], [(?)( 1 0x00000000)(?)( 2 0x00000000 0 0 msft:rm/algorithm/phone/1.0 0x00000000 0)(?)(?)( 10 0x00000000 msft:rm/algorithm/flags/1.0)(?)])(2 )(3 )]

",,,,,,,,,,,,,,,,,,,,,,,,,,,,,,,,,,,,,,,,,,,,,,,,,,,,,,,,,,,,,,,,,,,,,,,,,,,,,,,,,,,,,,,
2026-06-03T20:40:37.379869Z,"{'#attributes': {'Qualifiers': 49152}, '#text': 20492}",dc.danglingtree.htb,Microsoft-Windows-Security-SPP,Application,3095,4,,,,,,,,,,,,,,,,,,,,,,,0x00000000,,,,,,,,,,,,,,,,,,,,,,,,,,,,,,,,,,,,,,,,,,,,,,,,,,,,,,,,,,,,,,,,,,,,,,,,,,,,,,,,,,,,,,,,,
2026-06-03T20:40:37.411668Z,"{'#attributes': {'Qualifiers': 49152}, '#text': 16398}",dc.danglingtree.htb,Microsoft-Windows-Security-SPP,Application,3096,2,,,,,,,,,,,,,,,,,,,,,,,,0x80070490,No grace timer found,,,,,,,,,,,,,,,,,,,,,,,,,,,,,,,,,,,,,,,,,,,,,,,,,,,,,,,,,,,,,,,,,,,,,,,,,,,,,,,,,,,,,,,
2026-06-03T20:40:38.606112Z,"{'#attributes': {'Qualifiers': 16384}, '#text': 1072}",dc.danglingtree.htb,Microsoft-Windows-Security-SPP,Application,3097,0,,,,,,,,,,,,,,,,,,,,,,,ecc748b4-08de-4d57-abdb-6da44495a8f7,,,,,,,,,,,,,,,,,,,,,,,,,,,,,,,,,,,,,,,,,,,,,,,,,,,,,,,,,,,,,,,,,,,,,,,,,,,,,,,,,,,,,,,,,
2026-06-03T20:40:38.623462Z,"{'#attributes': {'Qualifiers': 0}, '#text': 1000}",dc.danglingtree.htb,VGAuth,Application,3098,0,,,,,,,,,,,,,,,,,,,,,,,vmtoolsd: Username and password successfully validated for 'administrator',,,,,,,,,,,,,,,,,,,,,,,,,,,,,,,,,,,,,,,,,,,,,,,,,,,,,,,,,,,,,,,,,,,,,,,,,,,,,,,,,,,,,,,,,
2026-06-03T20:40:39.167298Z,"{'#attributes': {'Qualifiers': 16384}, '#text': 1072}",dc.danglingtree.htb,Microsoft-Windows-Security-SPP,Application,3099,0,,,,,,,,,,,,,,,,,,,,,,,ecc748b4-08de-4d57-abdb-6da44495a8f7,,,,,,,,,,,,,,,,,,,,,,,,,,,,,,,,,,,,,,,,,,,,,,,,,,,,,,,,,,,,,,,,,,,,,,,,,,,,,,,,,,,,,,,,,
2026-06-03T20:40:39.197760Z,"{'#attributes': {'Qualifiers': 16384}, '#text': 1003}",dc.danglingtree.htb,Microsoft-Windows-Security-SPP,Application,3100,4,,,,,,,,,,,,,,,,,,,,,,,,55c92734-d682-4d71-983e-d6ec3f16059f,"
1: ecc748b4-08de-4d57-abdb-6da44495a8f7, 1, 1 [(0 )(1 [0x00000000, 1, 0], [(?)( 1 0x00000000)(?)( 2 0x00000000 0 0 msft:rm/algorithm/phone/1.0 0x00000000 0)(?)(?)( 10 0x00000000 msft:rm/algorithm/flags/1.0)(?)])(2 )(3 )]

",,,,,,,,,,,,,,,,,,,,,,,,,,,,,,,,,,,,,,,,,,,,,,,,,,,,,,,,,,,,,,,,,,,,,,,,,,,,,,,,,,,,,,,
2026-06-03T20:40:41.236922Z,"{'#attributes': {'Qualifiers': 0}, '#text': 1000}",dc.danglingtree.htb,VGAuth,Application,3101,0,,,,,,,,,,,,,,,,,,,,,,,vmtoolsd: Username and password successfully validated for 'administrator',,,,,,,,,,,,,,,,,,,,,,,,,,,,,,,,,,,,,,,,,,,,,,,,,,,,,,,,,,,,,,,,,,,,,,,,,,,,,,,,,,,,,,,,,
2026-06-03T20:40:41.784294Z,"{'#attributes': {'Qualifiers': 0}, '#text': 1000}",dc.danglingtree.htb,VGAuth,Application,3102,0,,,,,,,,,,,,,,,,,,,,,,,vmtoolsd: Username and password successfully validated for 'administrator',,,,,,,,,,,,,,,,,,,,,,,,,,,,,,,,,,,,,,,,,,,,,,,,,,,,,,,,,,,,,,,,,,,,,,,,,,,,,,,,,,,,,,,,,
2026-06-03T20:40:42.495719Z,"{'#attributes': {'Qualifiers': 0}, '#text': 1000}",dc.danglingtree.htb,VGAuth,Application,3103,0,,,,,,,,,,,,,,,,,,,,,,,vmtoolsd: Username and password successfully validated for 'administrator',,,,,,,,,,,,,,,,,,,,,,,,,,,,,,,,,,,,,,,,,,,,,,,,,,,,,,,,,,,,,,,,,,,,,,,,,,,,,,,,,,,,,,,,,
2026-06-03T20:40:42.540565Z,"{'#attributes': {'Qualifiers': 0}, '#text': 1000}",dc.danglingtree.htb,VGAuth,Application,3104,0,,,,,,,,,,,,,,,,,,,,,,,vmtoolsd: Username and password successfully validated for 'administrator',,,,,,,,,,,,,,,,,,,,,,,,,,,,,,,,,,,,,,,,,,,,,,,,,,,,,,,,,,,,,,,,,,,,,,,,,,,,,,,,,,,,,,,,,
2026-06-03T20:40:42.584947Z,"{'#attributes': {'Qualifiers': 0}, '#text': 1000}",dc.danglingtree.htb,VGAuth,Application,3105,0,,,,,,,,,,,,,,,,,,,,,,,vmtoolsd: Username and password successfully validated for 'administrator',,,,,,,,,,,,,,,,,,,,,,,,,,,,,,,,,,,,,,,,,,,,,,,,,,,,,,,,,,,,,,,,,,,,,,,,,,,,,,,,,,,,,,,,,
2026-06-03T20:40:42.628418Z,"{'#attributes': {'Qualifiers': 0}, '#text': 1000}",dc.danglingtree.htb,VGAuth,Application,3106,0,,,,,,,,,,,,,,,,,,,,,,,vmtoolsd: Username and password successfully validated for 'administrator',,,,,,,,,,,,,,,,,,,,,,,,,,,,,,,,,,,,,,,,,,,,,,,,,,,,,,,,,,,,,,,,,,,,,,,,,,,,,,,,,,,,,,,,,
2026-06-03T20:40:42.956965Z,"{'#attributes': {'Qualifiers': 0}, '#text': 1000}",dc.danglingtree.htb,VGAuth,Application,3107,0,,,,,,,,,,,,,,,,,,,,,,,vmtoolsd: Username and password successfully validated for 'administrator',,,,,,,,,,,,,,,,,,,,,,,,,,,,,,,,,,,,,,,,,,,,,,,,,,,,,,,,,,,,,,,,,,,,,,,,,,,,,,,,,,,,,,,,,
2026-06-03T20:40:42.991686Z,"{'#attributes': {'Qualifiers': 0}, '#text': 1000}",dc.danglingtree.htb,VGAuth,Application,3108,0,,,,,,,,,,,,,,,,,,,,,,,vmtoolsd: Username and password successfully validated for 'administrator',,,,,,,,,,,,,,,,,,,,,,,,,,,,,,,,,,,,,,,,,,,,,,,,,,,,,,,,,,,,,,,,,,,,,,,,,,,,,,,,,,,,,,,,,
2026-06-03T20:40:43.047846Z,"{'#attributes': {'Qualifiers': 0}, '#text': 1000}",dc.danglingtree.htb,VGAuth,Application,3109,0,,,,,,,,,,,,,,,,,,,,,,,vmtoolsd: Username and password successfully validated for 'administrator',,,,,,,,,,,,,,,,,,,,,,,,,,,,,,,,,,,,,,,,,,,,,,,,,,,,,,,,,,,,,,,,,,,,,,,,,,,,,,,,,,,,,,,,,
2026-06-03T20:40:43.416086Z,"{'#attributes': {'Qualifiers': 16384}, '#text': 16388}",dc.danglingtree.htb,Microsoft-Windows-Security-SPP,Application,3110,4,,,,,,,,,,,,,,,,,,,,,,,,2026-06-03T20:40:42Z,2026-06-03T20:40:43Z,,,,,,,,,,,,,,,,,,,,,,,,,,,,,,,,,,,,,,,,,,,,,,,,,,,,,,,,,,,,,,,,,,,,,,,,,,,,,,,,,,,,,,,
2026-06-03T20:40:46.845055Z,"{'#attributes': {'Qualifiers': 16384}, '#text': 1072}",dc.danglingtree.htb,Microsoft-Windows-Security-SPP,Application,3111,0,,,,,,,,,,,,,,,,,,,,,,,ecc748b4-08de-4d57-abdb-6da44495a8f7,,,,,,,,,,,,,,,,,,,,,,,,,,,,,,,,,,,,,,,,,,,,,,,,,,,,,,,,,,,,,,,,,,,,,,,,,,,,,,,,,,,,,,,,,
2026-06-03T20:40:53.989472Z,"{'#attributes': {'Qualifiers': 49152}, '#text': 16398}",dc.danglingtree.htb,Microsoft-Windows-Security-SPP,Application,3112,2,,,,,,,,,,,,,,,,,,,,,,,,0x80070490,No grace timer found,,,,,,,,,,,,,,,,,,,,,,,,,,,,,,,,,,,,,,,,,,,,,,,,,,,,,,,,,,,,,,,,,,,,,,,,,,,,,,,,,,,,,,,
2026-06-03T20:40:54.850559Z,"{'#attributes': {'Qualifiers': 16384}, '#text': 8230}",dc.danglingtree.htb,Microsoft-Windows-Security-SPP,Application,3113,4,,,,,,,,,,,,,,,,,,,,,,,Security-SPP-Action-StateData (REG_SZ) =AppId=55c92734-d682-4d71-983e-d6ec3f16059f;LastConsumptionReason=0x00000000;LastNotificationId=Cleanup;LicenseState=SL_LICENSING_STATUS_LICENSED;PartialProductKey=CPVBD;ProductKeyType=Volume:MAK;SkuId=ecc748b4-08de-4d57-abdb-6da44495a8f7;ruleId=379cccfb-d4e0-48fe-b0f2-0136097be147;uxDifferentiator=RETAIL,,,,,,,,,,,,,,,,,,,,,,,,,,,,,,,,,,,,,,,,,,,,,,,,,,,,,,,,,,,,,,,,,,,,,,,,,,,,,,,,,,,,,,,,,
2026-06-03T20:40:55.252235Z,"{'#attributes': {'Qualifiers': 49152}, '#text': 8197}",dc.danglingtree.htb,Microsoft-Windows-Security-SPP,Application,3114,4,,,,,,,,,,,,,,,,,,,,,,,RuleId=379cccfb-d4e0-48fe-b0f2-0136097be147;Action=CleanupState;AppId=55c92734-d682-4d71-983e-d6ec3f16059f;SkuId=ecc748b4-08de-4d57-abdb-6da44495a8f7;Trigger=TimerEvent,,,,,,,,,,,,,,,,,,,,,,,,,,,,,,,,,,,,,,,,,,,,,,,,,,,,,,,,,,,,,,,,,,,,,,,,,,,,,,,,,,,,,,,,,
2026-06-03T20:41:18.976462Z,"{'#attributes': {'Qualifiers': 0}, '#text': 1000}",dc.danglingtree.htb,VGAuth,Application,3115,0,,,,,,,,,,,,,,,,,,,,,,,vmtoolsd: Username and password successfully validated for 'administrator',,,,,,,,,,,,,,,,,,,,,,,,,,,,,,,,,,,,,,,,,,,,,,,,,,,,,,,,,,,,,,,,,,,,,,,,,,,,,,,,,,,,,,,,,
2026-06-03T20:41:19.345340Z,"{'#attributes': {'Qualifiers': 0}, '#text': 1000}",dc.danglingtree.htb,VGAuth,Application,3116,0,,,,,,,,,,,,,,,,,,,,,,,vmtoolsd: Username and password successfully validated for 'administrator',,,,,,,,,,,,,,,,,,,,,,,,,,,,,,,,,,,,,,,,,,,,,,,,,,,,,,,,,,,,,,,,,,,,,,,,,,,,,,,,,,,,,,,,,
2026-06-03T20:41:22.067545Z,"{'#attributes': {'Qualifiers': 0}, '#text': 1000}",dc.danglingtree.htb,VGAuth,Application,3117,0,,,,,,,,,,,,,,,,,,,,,,,vmtoolsd: Username and password successfully validated for 'administrator',,,,,,,,,,,,,,,,,,,,,,,,,,,,,,,,,,,,,,,,,,,,,,,,,,,,,,,,,,,,,,,,,,,,,,,,,,,,,,,,,,,,,,,,,
2026-06-03T20:41:22.479243Z,"{'#attributes': {'Qualifiers': 0}, '#text': 1000}",dc.danglingtree.htb,VGAuth,Application,3118,0,,,,,,,,,,,,,,,,,,,,,,,vmtoolsd: Username and password successfully validated for 'administrator',,,,,,,,,,,,,,,,,,,,,,,,,,,,,,,,,,,,,,,,,,,,,,,,,,,,,,,,,,,,,,,,,,,,,,,,,,,,,,,,,,,,,,,,,
2026-06-03T20:41:23.973947Z,"{'#attributes': {'Qualifiers': 0}, '#text': 1000}",dc.danglingtree.htb,VGAuth,Application,3119,0,,,,,,,,,,,,,,,,,,,,,,,vmtoolsd: Username and password successfully validated for 'administrator',,,,,,,,,,,,,,,,,,,,,,,,,,,,,,,,,,,,,,,,,,,,,,,,,,,,,,,,,,,,,,,,,,,,,,,,,,,,,,,,,,,,,,,,,
2026-06-03T20:41:24.020034Z,"{'#attributes': {'Qualifiers': 0}, '#text': 1000}",dc.danglingtree.htb,VGAuth,Application,3120,0,,,,,,,,,,,,,,,,,,,,,,,vmtoolsd: Username and password successfully validated for 'administrator',,,,,,,,,,,,,,,,,,,,,,,,,,,,,,,,,,,,,,,,,,,,,,,,,,,,,,,,,,,,,,,,,,,,,,,,,,,,,,,,,,,,,,,,,
2026-06-03T20:41:24.359969Z,"{'#attributes': {'Qualifiers': 0}, '#text': 1000}",dc.danglingtree.htb,VGAuth,Application,3121,0,,,,,,,,,,,,,,,,,,,,,,,vmtoolsd: Username and password successfully validated for 'administrator',,,,,,,,,,,,,,,,,,,,,,,,,,,,,,,,,,,,,,,,,,,,,,,,,,,,,,,,,,,,,,,,,,,,,,,,,,,,,,,,,,,,,,,,,
2026-06-03T20:41:24.422573Z,"{'#attributes': {'Qualifiers': 0}, '#text': 1000}",dc.danglingtree.htb,VGAuth,Application,3122,0,,,,,,,,,,,,,,,,,,,,,,,vmtoolsd: Username and password successfully validated for 'administrator',,,,,,,,,,,,,,,,,,,,,,,,,,,,,,,,,,,,,,,,,,,,,,,,,,,,,,,,,,,,,,,,,,,,,,,,,,,,,,,,,,,,,,,,,
2026-06-03T20:41:24.473790Z,"{'#attributes': {'Qualifiers': 0}, '#text': 1000}",dc.danglingtree.htb,VGAuth,Application,3123,0,,,,,,,,,,,,,,,,,,,,,,,vmtoolsd: Username and password successfully validated for 'administrator',,,,,,,,,,,,,,,,,,,,,,,,,,,,,,,,,,,,,,,,,,,,,,,,,,,,,,,,,,,,,,,,,,,,,,,,,,,,,,,,,,,,,,,,,
2026-06-03T20:41:24.732678Z,"{'#attributes': {'Qualifiers': 0}, '#text': 1000}",dc.danglingtree.htb,VGAuth,Application,3124,0,,,,,,,,,,,,,,,,,,,,,,,vmtoolsd: Username and password successfully validated for 'administrator',,,,,,,,,,,,,,,,,,,,,,,,,,,,,,,,,,,,,,,,,,,,,,,,,,,,,,,,,,,,,,,,,,,,,,,,,,,,,,,,,,,,,,,,,
2026-06-03T20:41:25.167534Z,"{'#attributes': {'Qualifiers': 0}, '#text': 1000}",dc.danglingtree.htb,VGAuth,Application,3125,0,,,,,,,,,,,,,,,,,,,,,,,vmtoolsd: Username and password successfully validated for 'administrator',,,,,,,,,,,,,,,,,,,,,,,,,,,,,,,,,,,,,,,,,,,,,,,,,,,,,,,,,,,,,,,,,,,,,,,,,,,,,,,,,,,,,,,,,
2026-06-03T20:41:28.264541Z,"{'#attributes': {'Qualifiers': 16384}, '#text': 16384}",dc.danglingtree.htb,Microsoft-Windows-Security-SPP,Application,3126,4,,,,,,,,,,,,,,,,,,,,,,,,2126-05-10T20:41:28Z,RulesEngine,,,,,,,,,,,,,,,,,,,,,,,,,,,,,,,,,,,,,,,,,,,,,,,,,,,,,,,,,,,,,,,,,,,,,,,,,,,,,,,,,,,,,,,
2026-06-03T20:41:34.528756Z,"{'#attributes': {'Qualifiers': 0}, '#text': 1000}",dc.danglingtree.htb,VGAuth,Application,3127,0,,,,,,,,,,,,,,,,,,,,,,,vmtoolsd: Username and password successfully validated for 'administrator',,,,,,,,,,,,,,,,,,,,,,,,,,,,,,,,,,,,,,,,,,,,,,,,,,,,,,,,,,,,,,,,,,,,,,,,,,,,,,,,,,,,,,,,,
2026-06-03T20:41:35.366413Z,"{'#attributes': {'Qualifiers': 0}, '#text': 1000}",dc.danglingtree.htb,VGAuth,Application,3128,0,,,,,,,,,,,,,,,,,,,,,,,vmtoolsd: Username and password successfully validated for 'administrator',,,,,,,,,,,,,,,,,,,,,,,,,,,,,,,,,,,,,,,,,,,,,,,,,,,,,,,,,,,,,,,,,,,,,,,,,,,,,,,,,,,,,,,,,
2026-06-03T20:41:35.410697Z,"{'#attributes': {'Qualifiers': 0}, '#text': 1000}",dc.danglingtree.htb,VGAuth,Application,3129,0,,,,,,,,,,,,,,,,,,,,,,,vmtoolsd: Username and password successfully validated for 'administrator',,,,,,,,,,,,,,,,,,,,,,,,,,,,,,,,,,,,,,,,,,,,,,,,,,,,,,,,,,,,,,,,,,,,,,,,,,,,,,,,,,,,,,,,,
2026-06-03T20:41:35.747925Z,"{'#attributes': {'Qualifiers': 0}, '#text': 1000}",dc.danglingtree.htb,VGAuth,Application,3130,0,,,,,,,,,,,,,,,,,,,,,,,vmtoolsd: Username and password successfully validated for 'administrator',,,,,,,,,,,,,,,,,,,,,,,,,,,,,,,,,,,,,,,,,,,,,,,,,,,,,,,,,,,,,,,,,,,,,,,,,,,,,,,,,,,,,,,,,
2026-06-03T20:41:35.808223Z,"{'#attributes': {'Qualifiers': 0}, '#text': 1000}",dc.danglingtree.htb,VGAuth,Application,3131,0,,,,,,,,,,,,,,,,,,,,,,,vmtoolsd: Username and password successfully validated for 'administrator',,,,,,,,,,,,,,,,,,,,,,,,,,,,,,,,,,,,,,,,,,,,,,,,,,,,,,,,,,,,,,,,,,,,,,,,,,,,,,,,,,,,,,,,,
2026-06-03T20:41:35.853790Z,"{'#attributes': {'Qualifiers': 0}, '#text': 1000}",dc.danglingtree.htb,VGAuth,Application,3132,0,,,,,,,,,,,,,,,,,,,,,,,vmtoolsd: Username and password successfully validated for 'administrator',,,,,,,,,,,,,,,,,,,,,,,,,,,,,,,,,,,,,,,,,,,,,,,,,,,,,,,,,,,,,,,,,,,,,,,,,,,,,,,,,,,,,,,,,
2026-06-03T20:41:36.178850Z,"{'#attributes': {'Qualifiers': 0}, '#text': 1000}",dc.danglingtree.htb,VGAuth,Application,3133,0,,,,,,,,,,,,,,,,,,,,,,,vmtoolsd: Username and password successfully validated for 'administrator',,,,,,,,,,,,,,,,,,,,,,,,,,,,,,,,,,,,,,,,,,,,,,,,,,,,,,,,,,,,,,,,,,,,,,,,,,,,,,,,,,,,,,,,,
2026-06-03T20:41:37.975864Z,"{'#attributes': {'Qualifiers': 0}, '#text': 1000}",dc.danglingtree.htb,VGAuth,Application,3134,0,,,,,,,,,,,,,,,,,,,,,,,vmtoolsd: Username and password successfully validated for 'administrator',,,,,,,,,,,,,,,,,,,,,,,,,,,,,,,,,,,,,,,,,,,,,,,,,,,,,,,,,,,,,,,,,,,,,,,,,,,,,,,,,,,,,,,,,
2026-06-03T20:41:38.416524Z,"{'#attributes': {'Qualifiers': 0}, '#text': 1000}",dc.danglingtree.htb,VGAuth,Application,3135,0,,,,,,,,,,,,,,,,,,,,,,,vmtoolsd: Username and password successfully validated for 'administrator',,,,,,,,,,,,,,,,,,,,,,,,,,,,,,,,,,,,,,,,,,,,,,,,,,,,,,,,,,,,,,,,,,,,,,,,,,,,,,,,,,,,,,,,,
2026-06-03T20:41:41.034434Z,"{'#attributes': {'Qualifiers': 0}, '#text': 1000}",dc.danglingtree.htb,VGAuth,Application,3136,0,,,,,,,,,,,,,,,,,,,,,,,vmtoolsd: Username and password successfully validated for 'administrator',,,,,,,,,,,,,,,,,,,,,,,,,,,,,,,,,,,,,,,,,,,,,,,,,,,,,,,,,,,,,,,,,,,,,,,,,,,,,,,,,,,,,,,,,
2026-06-03T20:41:42.488096Z,"{'#attributes': {'Qualifiers': 49152}, '#text': 16394}",dc.danglingtree.htb,Microsoft-Windows-Security-SPP,Application,3137,4,,,,,,,,,,,,,,,,,,,,,,,,,,,,,,,,,,,,,,,,,,,,,,,,,,,,,,,,,,,,,,,,,,,,,,,,,,,,,,,,,,,,,,,,,,,,,,,,,,,,,,,,,,,,,,,,
2026-06-03T20:41:42.913585Z,"{'#attributes': {'Qualifiers': 16384}, '#text': 16389}",dc.danglingtree.htb,Microsoft-Windows-Security-SPP,Application,3138,4,,,,,,,,,,,,,,,,,,,,,,,0xC004D30B,,,,,,,,,,,,,,,,,,,,,,,,,,,,,,,,,,,,,,,,,,,,,,,,,,,,,,,,,,,,,,,,,,,,,,,,,,,,,,,,,,,,,,,,,
2026-06-03T20:41:43.407058Z,"{'#attributes': {'Qualifiers': 0}, '#text': 1000}",dc.danglingtree.htb,VGAuth,Application,3139,0,,,,,,,,,,,,,,,,,,,,,,,vmtoolsd: Username and password successfully validated for 'administrator',,,,,,,,,,,,,,,,,,,,,,,,,,,,,,,,,,,,,,,,,,,,,,,,,,,,,,,,,,,,,,,,,,,,,,,,,,,,,,,,,,,,,,,,,
2026-06-03T20:41:45.212625Z,"{'#attributes': {'Qualifiers': 16384}, '#text': 1072}",dc.danglingtree.htb,Microsoft-Windows-Security-SPP,Application,3140,0,,,,,,,,,,,,,,,,,,,,,,,ecc748b4-08de-4d57-abdb-6da44495a8f7,,,,,,,,,,,,,,,,,,,,,,,,,,,,,,,,,,,,,,,,,,,,,,,,,,,,,,,,,,,,,,,,,,,,,,,,,,,,,,,,,,,,,,,,,
2026-06-03T20:41:45.688962Z,"{'#attributes': {'Qualifiers': 0}, '#text': 1000}",dc.danglingtree.htb,VGAuth,Application,3141,0,,,,,,,,,,,,,,,,,,,,,,,vmtoolsd: Username and password successfully validated for 'administrator',,,,,,,,,,,,,,,,,,,,,,,,,,,,,,,,,,,,,,,,,,,,,,,,,,,,,,,,,,,,,,,,,,,,,,,,,,,,,,,,,,,,,,,,,
2026-06-03T20:41:48.369017Z,"{'#attributes': {'Qualifiers': 0}, '#text': 1000}",dc.danglingtree.htb,VGAuth,Application,3142,0,,,,,,,,,,,,,,,,,,,,,,,vmtoolsd: Username and password successfully validated for 'administrator',,,,,,,,,,,,,,,,,,,,,,,,,,,,,,,,,,,,,,,,,,,,,,,,,,,,,,,,,,,,,,,,,,,,,,,,,,,,,,,,,,,,,,,,,
2026-06-03T20:41:51.380589Z,"{'#attributes': {'Qualifiers': 0}, '#text': 1000}",dc.danglingtree.htb,VGAuth,Application,3143,0,,,,,,,,,,,,,,,,,,,,,,,vmtoolsd: Username and password successfully validated for 'administrator',,,,,,,,,,,,,,,,,,,,,,,,,,,,,,,,,,,,,,,,,,,,,,,,,,,,,,,,,,,,,,,,,,,,,,,,,,,,,,,,,,,,,,,,,
2026-06-03T20:41:52.057326Z,"{'#attributes': {'Qualifiers': 0}, '#text': 1000}",dc.danglingtree.htb,VGAuth,Application,3144,0,,,,,,,,,,,,,,,,,,,,,,,vmtoolsd: Username and password successfully validated for 'administrator',,,,,,,,,,,,,,,,,,,,,,,,,,,,,,,,,,,,,,,,,,,,,,,,,,,,,,,,,,,,,,,,,,,,,,,,,,,,,,,,,,,,,,,,,
2026-06-03T20:41:52.996338Z,"{'#attributes': {'Qualifiers': 0}, '#text': 1000}",dc.danglingtree.htb,VGAuth,Application,3145,0,,,,,,,,,,,,,,,,,,,,,,,vmtoolsd: Username and password successfully validated for 'administrator',,,,,,,,,,,,,,,,,,,,,,,,,,,,,,,,,,,,,,,,,,,,,,,,,,,,,,,,,,,,,,,,,,,,,,,,,,,,,,,,,,,,,,,,,
2026-06-03T20:41:53.055977Z,"{'#attributes': {'Qualifiers': 0}, '#text': 1000}",dc.danglingtree.htb,VGAuth,Application,3146,0,,,,,,,,,,,,,,,,,,,,,,,vmtoolsd: Username and password successfully validated for 'administrator',,,,,,,,,,,,,,,,,,,,,,,,,,,,,,,,,,,,,,,,,,,,,,,,,,,,,,,,,,,,,,,,,,,,,,,,,,,,,,,,,,,,,,,,,
2026-06-03T20:41:53.100893Z,"{'#attributes': {'Qualifiers': 0}, '#text': 1000}",dc.danglingtree.htb,VGAuth,Application,3147,0,,,,,,,,,,,,,,,,,,,,,,,vmtoolsd: Username and password successfully validated for 'administrator',,,,,,,,,,,,,,,,,,,,,,,,,,,,,,,,,,,,,,,,,,,,,,,,,,,,,,,,,,,,,,,,,,,,,,,,,,,,,,,,,,,,,,,,,
2026-06-03T20:41:53.150452Z,"{'#attributes': {'Qualifiers': 0}, '#text': 1000}",dc.danglingtree.htb,VGAuth,Application,3148,0,,,,,,,,,,,,,,,,,,,,,,,vmtoolsd: Username and password successfully validated for 'administrator',,,,,,,,,,,,,,,,,,,,,,,,,,,,,,,,,,,,,,,,,,,,,,,,,,,,,,,,,,,,,,,,,,,,,,,,,,,,,,,,,,,,,,,,,
2026-06-03T20:41:53.444050Z,"{'#attributes': {'Qualifiers': 0}, '#text': 1000}",dc.danglingtree.htb,VGAuth,Application,3149,0,,,,,,,,,,,,,,,,,,,,,,,vmtoolsd: Username and password successfully validated for 'administrator',,,,,,,,,,,,,,,,,,,,,,,,,,,,,,,,,,,,,,,,,,,,,,,,,,,,,,,,,,,,,,,,,,,,,,,,,,,,,,,,,,,,,,,,,
2026-06-03T20:41:53.478338Z,"{'#attributes': {'Qualifiers': 0}, '#text': 1000}",dc.danglingtree.htb,VGAuth,Application,3150,0,,,,,,,,,,,,,,,,,,,,,,,vmtoolsd: Username and password successfully validated for 'administrator',,,,,,,,,,,,,,,,,,,,,,,,,,,,,,,,,,,,,,,,,,,,,,,,,,,,,,,,,,,,,,,,,,,,,,,,,,,,,,,,,,,,,,,,,
2026-06-03T20:41:53.537035Z,"{'#attributes': {'Qualifiers': 0}, '#text': 1000}",dc.danglingtree.htb,VGAuth,Application,3151,0,,,,,,,,,,,,,,,,,,,,,,,vmtoolsd: Username and password successfully validated for 'administrator',,,,,,,,,,,,,,,,,,,,,,,,,,,,,,,,,,,,,,,,,,,,,,,,,,,,,,,,,,,,,,,,,,,,,,,,,,,,,,,,,,,,,,,,,
2026-06-03T20:41:54.862707Z,"{'#attributes': {'Qualifiers': 0}, '#text': 1000}",dc.danglingtree.htb,VGAuth,Application,3152,0,,,,,,,,,,,,,,,,,,,,,,,vmtoolsd: Username and password successfully validated for 'administrator',,,,,,,,,,,,,,,,,,,,,,,,,,,,,,,,,,,,,,,,,,,,,,,,,,,,,,,,,,,,,,,,,,,,,,,,,,,,,,,,,,,,,,,,,
2026-06-03T20:41:55.357141Z,"{'#attributes': {'Qualifiers': 0}, '#text': 1000}",dc.danglingtree.htb,VGAuth,Application,3153,0,,,,,,,,,,,,,,,,,,,,,,,vmtoolsd: Username and password successfully validated for 'administrator',,,,,,,,,,,,,,,,,,,,,,,,,,,,,,,,,,,,,,,,,,,,,,,,,,,,,,,,,,,,,,,,,,,,,,,,,,,,,,,,,,,,,,,,,
2026-06-03T20:41:57.748809Z,"{'#attributes': {'Qualifiers': 0}, '#text': 1000}",dc.danglingtree.htb,VGAuth,Application,3154,0,,,,,,,,,,,,,,,,,,,,,,,vmtoolsd: Username and password successfully validated for 'administrator',,,,,,,,,,,,,,,,,,,,,,,,,,,,,,,,,,,,,,,,,,,,,,,,,,,,,,,,,,,,,,,,,,,,,,,,,,,,,,,,,,,,,,,,,
2026-06-03T20:41:58.178524Z,"{'#attributes': {'Qualifiers': 0}, '#text': 1000}",dc.danglingtree.htb,VGAuth,Application,3155,0,,,,,,,,,,,,,,,,,,,,,,,vmtoolsd: Username and password successfully validated for 'administrator',,,,,,,,,,,,,,,,,,,,,,,,,,,,,,,,,,,,,,,,,,,,,,,,,,,,,,,,,,,,,,,,,,,,,,,,,,,,,,,,,,,,,,,,,
2026-06-03T20:41:59.238206Z,"{'#attributes': {'Qualifiers': 0}, '#text': 1000}",dc.danglingtree.htb,VGAuth,Application,3156,0,,,,,,,,,,,,,,,,,,,,,,,vmtoolsd: Username and password successfully validated for 'administrator',,,,,,,,,,,,,,,,,,,,,,,,,,,,,,,,,,,,,,,,,,,,,,,,,,,,,,,,,,,,,,,,,,,,,,,,,,,,,,,,,,,,,,,,,
2026-06-03T20:41:59.556134Z,"{'#attributes': {'Qualifiers': 0}, '#text': 1000}",dc.danglingtree.htb,VGAuth,Application,3157,0,,,,,,,,,,,,,,,,,,,,,,,vmtoolsd: Username and password successfully validated for 'administrator',,,,,,,,,,,,,,,,,,,,,,,,,,,,,,,,,,,,,,,,,,,,,,,,,,,,,,,,,,,,,,,,,,,,,,,,,,,,,,,,,,,,,,,,,
2026-06-03T20:41:59.602375Z,"{'#attributes': {'Qualifiers': 0}, '#text': 1000}",dc.danglingtree.htb,VGAuth,Application,3158,0,,,,,,,,,,,,,,,,,,,,,,,vmtoolsd: Username and password successfully validated for 'administrator',,,,,,,,,,,,,,,,,,,,,,,,,,,,,,,,,,,,,,,,,,,,,,,,,,,,,,,,,,,,,,,,,,,,,,,,,,,,,,,,,,,,,,,,,
2026-06-03T20:41:59.659210Z,"{'#attributes': {'Qualifiers': 0}, '#text': 1000}",dc.danglingtree.htb,VGAuth,Application,3159,0,,,,,,,,,,,,,,,,,,,,,,,vmtoolsd: Username and password successfully validated for 'administrator',,,,,,,,,,,,,,,,,,,,,,,,,,,,,,,,,,,,,,,,,,,,,,,,,,,,,,,,,,,,,,,,,,,,,,,,,,,,,,,,,,,,,,,,,
2026-06-03T20:41:59.707612Z,"{'#attributes': {'Qualifiers': 0}, '#text': 1000}",dc.danglingtree.htb,VGAuth,Application,3160,0,,,,,,,,,,,,,,,,,,,,,,,vmtoolsd: Username and password successfully validated for 'administrator',,,,,,,,,,,,,,,,,,,,,,,,,,,,,,,,,,,,,,,,,,,,,,,,,,,,,,,,,,,,,,,,,,,,,,,,,,,,,,,,,,,,,,,,,
2026-06-03T20:42:00.000349Z,"{'#attributes': {'Qualifiers': 0}, '#text': 1000}",dc.danglingtree.htb,VGAuth,Application,3161,0,,,,,,,,,,,,,,,,,,,,,,,vmtoolsd: Username and password successfully validated for 'administrator',,,,,,,,,,,,,,,,,,,,,,,,,,,,,,,,,,,,,,,,,,,,,,,,,,,,,,,,,,,,,,,,,,,,,,,,,,,,,,,,,,,,,,,,,
2026-06-03T20:42:00.476723Z,"{'#attributes': {'Qualifiers': 0}, '#text': 1000}",dc.danglingtree.htb,VGAuth,Application,3162,0,,,,,,,,,,,,,,,,,,,,,,,vmtoolsd: Username and password successfully validated for 'administrator',,,,,,,,,,,,,,,,,,,,,,,,,,,,,,,,,,,,,,,,,,,,,,,,,,,,,,,,,,,,,,,,,,,,,,,,,,,,,,,,,,,,,,,,,
2026-06-03T20:42:07.422864Z,"{'#attributes': {'Qualifiers': 0}, '#text': 1000}",dc.danglingtree.htb,VGAuth,Application,3163,0,,,,,,,,,,,,,,,,,,,,,,,vmtoolsd: Username and password successfully validated for 'administrator',,,,,,,,,,,,,,,,,,,,,,,,,,,,,,,,,,,,,,,,,,,,,,,,,,,,,,,,,,,,,,,,,,,,,,,,,,,,,,,,,,,,,,,,,
2026-06-03T20:42:10.016275Z,"{'#attributes': {'Qualifiers': 0}, '#text': 1000}",dc.danglingtree.htb,VGAuth,Application,3164,0,,,,,,,,,,,,,,,,,,,,,,,vmtoolsd: Username and password successfully validated for 'administrator',,,,,,,,,,,,,,,,,,,,,,,,,,,,,,,,,,,,,,,,,,,,,,,,,,,,,,,,,,,,,,,,,,,,,,,,,,,,,,,,,,,,,,,,,
2026-06-03T20:42:10.281726Z,"{'#attributes': {'Qualifiers': 0}, '#text': 1000}",dc.danglingtree.htb,VGAuth,Application,3165,0,,,,,,,,,,,,,,,,,,,,,,,vmtoolsd: Username and password successfully validated for 'administrator',,,,,,,,,,,,,,,,,,,,,,,,,,,,,,,,,,,,,,,,,,,,,,,,,,,,,,,,,,,,,,,,,,,,,,,,,,,,,,,,,,,,,,,,,
2026-06-03T20:42:10.351849Z,"{'#attributes': {'Qualifiers': 0}, '#text': 1000}",dc.danglingtree.htb,VGAuth,Application,3166,0,,,,,,,,,,,,,,,,,,,,,,,vmtoolsd: Username and password successfully validated for 'administrator',,,,,,,,,,,,,,,,,,,,,,,,,,,,,,,,,,,,,,,,,,,,,,,,,,,,,,,,,,,,,,,,,,,,,,,,,,,,,,,,,,,,,,,,,
2026-06-03T20:42:10.400594Z,"{'#attributes': {'Qualifiers': 0}, '#text': 1000}",dc.danglingtree.htb,VGAuth,Application,3167,0,,,,,,,,,,,,,,,,,,,,,,,vmtoolsd: Username and password successfully validated for 'administrator',,,,,,,,,,,,,,,,,,,,,,,,,,,,,,,,,,,,,,,,,,,,,,,,,,,,,,,,,,,,,,,,,,,,,,,,,,,,,,,,,,,,,,,,,
2026-06-03T20:42:10.443918Z,"{'#attributes': {'Qualifiers': 0}, '#text': 1000}",dc.danglingtree.htb,VGAuth,Application,3168,0,,,,,,,,,,,,,,,,,,,,,,,vmtoolsd: Username and password successfully validated for 'administrator',,,,,,,,,,,,,,,,,,,,,,,,,,,,,,,,,,,,,,,,,,,,,,,,,,,,,,,,,,,,,,,,,,,,,,,,,,,,,,,,,,,,,,,,,
2026-06-03T20:42:10.747825Z,"{'#attributes': {'Qualifiers': 0}, '#text': 1000}",dc.danglingtree.htb,VGAuth,Application,3169,0,,,,,,,,,,,,,,,,,,,,,,,vmtoolsd: Username and password successfully validated for 'administrator',,,,,,,,,,,,,,,,,,,,,,,,,,,,,,,,,,,,,,,,,,,,,,,,,,,,,,,,,,,,,,,,,,,,,,,,,,,,,,,,,,,,,,,,,
2026-06-03T20:42:12.410366Z,"{'#attributes': {'Qualifiers': 0}, '#text': 1000}",dc.danglingtree.htb,VGAuth,Application,3170,0,,,,,,,,,,,,,,,,,,,,,,,vmtoolsd: Username and password successfully validated for 'administrator',,,,,,,,,,,,,,,,,,,,,,,,,,,,,,,,,,,,,,,,,,,,,,,,,,,,,,,,,,,,,,,,,,,,,,,,,,,,,,,,,,,,,,,,,
2026-06-03T20:42:12.857445Z,"{'#attributes': {'Qualifiers': 0}, '#text': 1000}",dc.danglingtree.htb,VGAuth,Application,3171,0,,,,,,,,,,,,,,,,,,,,,,,vmtoolsd: Username and password successfully validated for 'administrator',,,,,,,,,,,,,,,,,,,,,,,,,,,,,,,,,,,,,,,,,,,,,,,,,,,,,,,,,,,,,,,,,,,,,,,,,,,,,,,,,,,,,,,,,
2026-06-03T20:42:15.181678Z,"{'#attributes': {'Qualifiers': 0}, '#text': 1000}",dc.danglingtree.htb,VGAuth,Application,3172,0,,,,,,,,,,,,,,,,,,,,,,,vmtoolsd: Username and password successfully validated for 'administrator',,,,,,,,,,,,,,,,,,,,,,,,,,,,,,,,,,,,,,,,,,,,,,,,,,,,,,,,,,,,,,,,,,,,,,,,,,,,,,,,,,,,,,,,,
