2026-03-26T05:34:49.926021Z,6,dc.danglingtree.htb,Microsoft-Windows-FilterManager,System,949,4,,,,,,,,,,,,,,,,,,,,,,,,,,,,,,,,,,,,,,,,,,,,,,,,,,,,storqosflt,10,,2021-03-19T03:47:34.000000Z,10,0,,,,,,,,,,,,,,,,,,,,,,,0x0,,,,,,,,,,,,,,,,,,,,,,,,,,,,,,,,,,,,,,,,,,,,,,,,,,,,,,,,,,,,,,,,,,,,,,,,,,,,,,,,,,,,,,,,,,,,,,,,,,,,,,,,,,,,,,,,,,,,,,,,,,,,,,,,,,,,,,,,,,,,,,,,,,,,,,,,,,,,,,,,,,,,,,,,,,,,,
2026-03-26T05:34:49.931573Z,6,dc.danglingtree.htb,Microsoft-Windows-FilterManager,System,950,4,,,,,,,,,,,,,,,,,,,,,,,,,,,,,,,,,,,,,,,,,,,,,,,,,,,,bindflt,7,,2010-01-25T12:51:53.000000Z,10,0,,,,,,,,,,,,,,,,,,,,,,,0x0,,,,,,,,,,,,,,,,,,,,,,,,,,,,,,,,,,,,,,,,,,,,,,,,,,,,,,,,,,,,,,,,,,,,,,,,,,,,,,,,,,,,,,,,,,,,,,,,,,,,,,,,,,,,,,,,,,,,,,,,,,,,,,,,,,,,,,,,,,,,,,,,,,,,,,,,,,,,,,,,,,,,,,,,,,,,,
2026-03-26T05:34:49.931757Z,"{'#attributes': {'Qualifiers': 16384}, '#text': 7036}",dc.danglingtree.htb,Service Control Manager,System,951,4,,,,,,,,,,4E006300620053006500720076006900630065002F0034000000,,,,,,,,,,,,,,,,,,,,,,,,,,,,,,,,,,,,,,,,,,,,,,,,,,,,,,,,,,,,,,,,,,,,,,,,,,,,,,,,,,,,,,,,,,,,,,,,,,,,,,,,,,,,,,,,,,,,,,,,,,,,,,,,,,,,,,,,,,,,,,,,,,,,,,,,,,,,,,,,,,,,,,,,,,,,,,,,,,,,,,,,,,,,,,,,,,,,,,,,,,,,,,,,,,,,,,,,,,,,,,,,,,NcbService,,,running,,,,,,,,,,,,,,
2026-03-26T05:34:49.931757Z,"{'#attributes': {'Qualifiers': 16384}, '#text': 7036}",dc.danglingtree.htb,Service Control Manager,System,952,4,,,,,,,,,,440073006D005300760063002F0034000000,,,,,,,,,,,,,,,,,,,,,,,,,,,,,,,,,,,,,,,,,,,,,,,,,,,,,,,,,,,,,,,,,,,,,,,,,,,,,,,,,,,,,,,,,,,,,,,,,,,,,,,,,,,,,,,,,,,,,,,,,,,,,,,,,,,,,,,,,,,,,,,,,,,,,,,,,,,,,,,,,,,,,,,,,,,,,,,,,,,,,,,,,,,,,,,,,,,,,,,,,,,,,,,,,,,,,,,,,,,,,,,,,,DsmSvc,,,running,,,,,,,,,,,,,,
2026-03-26T05:34:49.931757Z,"{'#attributes': {'Qualifiers': 16384}, '#text': 7036}",dc.danglingtree.htb,Service Control Manager,System,953,4,,,,,,,,,,57005000440042007500730045006E0075006D002F0034000000,,,,,,,,,,,,,,,,,,,,,,,,,,,,,,,,,,,,,,,,,,,,,,,,,,,,,,,,,,,,,,,,,,,,,,,,,,,,,,,,,,,,,,,,,,,,,,,,,,,,,,,,,,,,,,,,,,,,,,,,,,,,,,,,,,,,,,,,,,,,,,,,,,,,,,,,,,,,,,,,,,,,,,,,,,,,,,,,,,,,,,,,,,,,,,,,,,,,,,,,,,,,,,,,,,,,,,,,,,,,,,,,,,WPDBusEnum,,,running,,,,,,,,,,,,,,
2026-03-26T05:34:49.933294Z,"{'#attributes': {'Qualifiers': 16384}, '#text': 7036}",dc.danglingtree.htb,Service Control Manager,System,954,4,,,,,,,,,,4E005400440053002F0034000000,,,,,,,,,,,,,,,,,,,,,,,,,,,,,,,,,,,,,,,,,,,,,,,,,,,,,,,,,,,,,,,,,,,,,,,,,,,,,,,,,,,,,,,,,,,,,,,,,,,,,,,,,,,,,,,,,,,,,,,,,,,,,,,,,,,,,,,,,,,,,,,,,,,,,,,,,,,,,,,,,,,,,,,,,,,,,,,,,,,,,,,,,,,,,,,,,,,,,,,,,,,,,,,,,,,,,,,,,,,,,,,,,,NTDS,,,running,,,,,,,,,,,,,,
2026-03-26T05:34:49.948446Z,"{'#attributes': {'Qualifiers': 16384}, '#text': 7036}",dc.danglingtree.htb,Service Control Manager,System,955,4,,,,,,,,,,570069006E0048007400740070004100750074006F00500072006F00780079005300760063002F0034000000,,,,,,,,,,,,,,,,,,,,,,,,,,,,,,,,,,,,,,,,,,,,,,,,,,,,,,,,,,,,,,,,,,,,,,,,,,,,,,,,,,,,,,,,,,,,,,,,,,,,,,,,,,,,,,,,,,,,,,,,,,,,,,,,,,,,,,,,,,,,,,,,,,,,,,,,,,,,,,,,,,,,,,,,,,,,,,,,,,,,,,,,,,,,,,,,,,,,,,,,,,,,,,,,,,,,,,,,,,,,,,,,,,WinHttpAutoProxySvc,,,running,,,,,,,,,,,,,,
2026-03-26T05:34:49.971720Z,"{'#attributes': {'Qualifiers': 16384}, '#text': 7036}",dc.danglingtree.htb,Service Control Manager,System,956,4,,,,,,,,,,5400680065006D00650073002F0034000000,,,,,,,,,,,,,,,,,,,,,,,,,,,,,,,,,,,,,,,,,,,,,,,,,,,,,,,,,,,,,,,,,,,,,,,,,,,,,,,,,,,,,,,,,,,,,,,,,,,,,,,,,,,,,,,,,,,,,,,,,,,,,,,,,,,,,,,,,,,,,,,,,,,,,,,,,,,,,,,,,,,,,,,,,,,,,,,,,,,,,,,,,,,,,,,,,,,,,,,,,,,,,,,,,,,,,,,,,,,,,,,,,,Themes,,,running,,,,,,,,,,,,,,
2026-03-26T05:34:49.983041Z,"{'#attributes': {'Qualifiers': 16384}, '#text': 7036}",dc.danglingtree.htb,Service Control Manager,System,957,4,,,,,,,,,,500072006F0066005300760063002F0034000000,,,,,,,,,,,,,,,,,,,,,,,,,,,,,,,,,,,,,,,,,,,,,,,,,,,,,,,,,,,,,,,,,,,,,,,,,,,,,,,,,,,,,,,,,,,,,,,,,,,,,,,,,,,,,,,,,,,,,,,,,,,,,,,,,,,,,,,,,,,,,,,,,,,,,,,,,,,,,,,,,,,,,,,,,,,,,,,,,,,,,,,,,,,,,,,,,,,,,,,,,,,,,,,,,,,,,,,,,,,,,,,,,,ProfSvc,,,running,,,,,,,,,,,,,,
2026-03-26T05:34:49.984006Z,"{'#attributes': {'Qualifiers': 16384}, '#text': 7036}",dc.danglingtree.htb,Service Control Manager,System,958,4,,,,,,,,,,4500760065006E007400530079007300740065006D002F0034000000,,,,,,,,,,,,,,,,,,,,,,,,,,,,,,,,,,,,,,,,,,,,,,,,,,,,,,,,,,,,,,,,,,,,,,,,,,,,,,,,,,,,,,,,,,,,,,,,,,,,,,,,,,,,,,,,,,,,,,,,,,,,,,,,,,,,,,,,,,,,,,,,,,,,,,,,,,,,,,,,,,,,,,,,,,,,,,,,,,,,,,,,,,,,,,,,,,,,,,,,,,,,,,,,,,,,,,,,,,,,,,,,,,EventSystem,,,running,,,,,,,,,,,,,,
2026-03-26T05:34:49.984006Z,"{'#attributes': {'Qualifiers': 16384}, '#text': 7036}",dc.danglingtree.htb,Service Control Manager,System,959,4,,,,,,,,,,670070007300760063002F0034000000,,,,,,,,,,,,,,,,,,,,,,,,,,,,,,,,,,,,,,,,,,,,,,,,,,,,,,,,,,,,,,,,,,,,,,,,,,,,,,,,,,,,,,,,,,,,,,,,,,,,,,,,,,,,,,,,,,,,,,,,,,,,,,,,,,,,,,,,,,,,,,,,,,,,,,,,,,,,,,,,,,,,,,,,,,,,,,,,,,,,,,,,,,,,,,,,,,,,,,,,,,,,,,,,,,,,,,,,,,,,,,,,,,gpsvc,,,running,,,,,,,,,,,,,,
2026-03-26T05:34:50.004113Z,"{'#attributes': {'Qualifiers': 16384}, '#text': 7036}",dc.danglingtree.htb,Service Control Manager,System,960,4,,,,,,,,,,530045004E0053002F0034000000,,,,,,,,,,,,,,,,,,,,,,,,,,,,,,,,,,,,,,,,,,,,,,,,,,,,,,,,,,,,,,,,,,,,,,,,,,,,,,,,,,,,,,,,,,,,,,,,,,,,,,,,,,,,,,,,,,,,,,,,,,,,,,,,,,,,,,,,,,,,,,,,,,,,,,,,,,,,,,,,,,,,,,,,,,,,,,,,,,,,,,,,,,,,,,,,,,,,,,,,,,,,,,,,,,,,,,,,,,,,,,,,,,SENS,,,running,,,,,,,,,,,,,,
2026-03-26T05:34:50.016598Z,"{'#attributes': {'Qualifiers': 16384}, '#text': 7036}",dc.danglingtree.htb,Service Control Manager,System,961,4,,,,,,,,,,4500760065006E0074004C006F0067002F0034000000,,,,,,,,,,,,,,,,,,,,,,,,,,,,,,,,,,,,,,,,,,,,,,,,,,,,,,,,,,,,,,,,,,,,,,,,,,,,,,,,,,,,,,,,,,,,,,,,,,,,,,,,,,,,,,,,,,,,,,,,,,,,,,,,,,,,,,,,,,,,,,,,,,,,,,,,,,,,,,,,,,,,,,,,,,,,,,,,,,,,,,,,,,,,,,,,,,,,,,,,,,,,,,,,,,,,,,,,,,,,,,,,,,EventLog,,,running,,,,,,,,,,,,,,
2026-03-26T05:34:50.046078Z,"{'#attributes': {'Qualifiers': 16384}, '#text': 7036}",dc.danglingtree.htb,Service Control Manager,System,962,4,,,,,,,,,,46006F006E007400430061006300680065002F0034000000,,,,,,,,,,,,,,,,,,,,,,,,,,,,,,,,,,,,,,,,,,,,,,,,,,,,,,,,,,,,,,,,,,,,,,,,,,,,,,,,,,,,,,,,,,,,,,,,,,,,,,,,,,,,,,,,,,,,,,,,,,,,,,,,,,,,,,,,,,,,,,,,,,,,,,,,,,,,,,,,,,,,,,,,,,,,,,,,,,,,,,,,,,,,,,,,,,,,,,,,,,,,,,,,,,,,,,,,,,,,,,,,,,FontCache,,,running,,,,,,,,,,,,,,
2026-03-26T05:34:50.068020Z,"{'#attributes': {'Qualifiers': 16384}, '#text': 7036}",dc.danglingtree.htb,Service Control Manager,System,963,4,,,,,,,,,,41007500640069006F0045006E00640070006F0069006E0074004200750069006C006400650072002F0034000000,,,,,,,,,,,,,,,,,,,,,,,,,,,,,,,,,,,,,,,,,,,,,,,,,,,,,,,,,,,,,,,,,,,,,,,,,,,,,,,,,,,,,,,,,,,,,,,,,,,,,,,,,,,,,,,,,,,,,,,,,,,,,,,,,,,,,,,,,,,,,,,,,,,,,,,,,,,,,,,,,,,,,,,,,,,,,,,,,,,,,,,,,,,,,,,,,,,,,,,,,,,,,,,,,,,,,,,,,,,,,,,,,,AudioEndpointBuilder,,,running,,,,,,,,,,,,,,
2026-03-26T05:34:50.118393Z,"{'#attributes': {'Qualifiers': 16384}, '#text': 7036}",dc.danglingtree.htb,Service Control Manager,System,964,4,,,,,,,,,,4200460045002F0034000000,,,,,,,,,,,,,,,,,,,,,,,,,,,,,,,,,,,,,,,,,,,,,,,,,,,,,,,,,,,,,,,,,,,,,,,,,,,,,,,,,,,,,,,,,,,,,,,,,,,,,,,,,,,,,,,,,,,,,,,,,,,,,,,,,,,,,,,,,,,,,,,,,,,,,,,,,,,,,,,,,,,,,,,,,,,,,,,,,,,,,,,,,,,,,,,,,,,,,,,,,,,,,,,,,,,,,,,,,,,,,,,,,,BFE,,,running,,,,,,,,,,,,,,
2026-03-26T05:34:50.130610Z,"{'#attributes': {'Qualifiers': 16384}, '#text': 7036}",dc.danglingtree.htb,Service Control Manager,System,965,4,,,,,,,,,,540065007800740049006E007000750074004D0061006E006100670065006D0065006E00740053006500720076006900630065002F0034000000,,,,,,,,,,,,,,,,,,,,,,,,,,,,,,,,,,,,,,,,,,,,,,,,,,,,,,,,,,,,,,,,,,,,,,,,,,,,,,,,,,,,,,,,,,,,,,,,,,,,,,,,,,,,,,,,,,,,,,,,,,,,,,,,,,,,,,,,,,,,,,,,,,,,,,,,,,,,,,,,,,,,,,,,,,,,,,,,,,,,,,,,,,,,,,,,,,,,,,,,,,,,,,,,,,,,,,,,,,,,,,,,,,TextInputManagementService,,,running,,,,,,,,,,,,,,
2026-03-26T05:34:50.163674Z,"{'#attributes': {'Qualifiers': 16384}, '#text': 7036}",dc.danglingtree.htb,Service Control Manager,System,966,4,,,,,,,,,,5300630068006500640075006C0065002F0034000000,,,,,,,,,,,,,,,,,,,,,,,,,,,,,,,,,,,,,,,,,,,,,,,,,,,,,,,,,,,,,,,,,,,,,,,,,,,,,,,,,,,,,,,,,,,,,,,,,,,,,,,,,,,,,,,,,,,,,,,,,,,,,,,,,,,,,,,,,,,,,,,,,,,,,,,,,,,,,,,,,,,,,,,,,,,,,,,,,,,,,,,,,,,,,,,,,,,,,,,,,,,,,,,,,,,,,,,,,,,,,,,,,,Schedule,,,running,,,,,,,,,,,,,,
2026-03-26T05:34:50.184150Z,"{'#attributes': {'Qualifiers': 16384}, '#text': 7036}",dc.danglingtree.htb,Service Control Manager,System,967,4,,,,,,,,,,41007500640069006F007300720076002F0034000000,,,,,,,,,,,,,,,,,,,,,,,,,,,,,,,,,,,,,,,,,,,,,,,,,,,,,,,,,,,,,,,,,,,,,,,,,,,,,,,,,,,,,,,,,,,,,,,,,,,,,,,,,,,,,,,,,,,,,,,,,,,,,,,,,,,,,,,,,,,,,,,,,,,,,,,,,,,,,,,,,,,,,,,,,,,,,,,,,,,,,,,,,,,,,,,,,,,,,,,,,,,,,,,,,,,,,,,,,,,,,,,,,,Audiosrv,,,running,,,,,,,,,,,,,,
2026-03-26T05:34:50.195843Z,"{'#attributes': {'Qualifiers': 16384}, '#text': 7036}",dc.danglingtree.htb,Service Control Manager,System,968,4,,,,,,,,,,6900700068006C0070007300760063002F0034000000,,,,,,,,,,,,,,,,,,,,,,,,,,,,,,,,,,,,,,,,,,,,,,,,,,,,,,,,,,,,,,,,,,,,,,,,,,,,,,,,,,,,,,,,,,,,,,,,,,,,,,,,,,,,,,,,,,,,,,,,,,,,,,,,,,,,,,,,,,,,,,,,,,,,,,,,,,,,,,,,,,,,,,,,,,,,,,,,,,,,,,,,,,,,,,,,,,,,,,,,,,,,,,,,,,,,,,,,,,,,,,,,,,iphlpsvc,,,running,,,,,,,,,,,,,,
2026-03-26T05:34:50.243560Z,"{'#attributes': {'Qualifiers': 16384}, '#text': 7036}",dc.danglingtree.htb,Service Control Manager,System,969,4,,,,,,,,,,4E00630061005300760063002F0031000000,,,,,,,,,,,,,,,,,,,,,,,,,,,,,,,,,,,,,,,,,,,,,,,,,,,,,,,,,,,,,,,,,,,,,,,,,,,,,,,,,,,,,,,,,,,,,,,,,,,,,,,,,,,,,,,,,,,,,,,,,,,,,,,,,,,,,,,,,,,,,,,,,,,,,,,,,,,,,,,,,,,,,,,,,,,,,,,,,,,,,,,,,,,,,,,,,,,,,,,,,,,,,,,,,,,,,,,,,,,,,,,,,,NcaSvc,,,stopped,,,,,,,,,,,,,,
2026-03-26T05:34:50.254398Z,112,dc.danglingtree.htb,Microsoft-Windows-HttpService,System,970,4,,,,,,,,,,,,,,,,,,,,,,,,,,,,,,,,,,,,,,,,,,,,,,,,,,,,,,,,,,,,,,,,,,,,,,,,,,,,,,,,,,,,,,,,,,,,,,,,,,,,,,,,,,,,,,,,,,,,,,,,,,,,,,,,,,,,,,,,,,,,,,,,,,,,,,,,,,,,,,,,,,,,,,,,,,,,,,,,,4,,,,,,,,,,,,,0,,,,,,,,,,,,,,,,,,,,,,,,,,,,,,,,,,,http://*:5357/,,S-1-5-18,,,,,,,,,,,,,,,,,,,,,,,,,,
2026-03-26T05:34:50.254416Z,112,dc.danglingtree.htb,Microsoft-Windows-HttpService,System,971,4,,,,,,,,,,,,,,,,,,,,,,,,,,,,,,,,,,,,,,,,,,,,,,,,,,,,,,,,,,,,,,,,,,,,,,,,,,,,,,,,,,,,,,,,,,,,,,,,,,,,,,,,,,,,,,,,,,,,,,,,,,,,,,,,,,,,,,,,,,,,,,,,,,,,,,,,,,,,,,,,,,,,,,,,,,,,,,,,,4,,,,,,,,,,,,,0,,,,,,,,,,,,,,,,,,,,,,,,,,,,,,,,,,,http://+:80/Temporary_Listen_Addresses/,,S-1-5-18,,,,,,,,,,,,,,,,,,,,,,,,,,
2026-03-26T05:34:50.254455Z,112,dc.danglingtree.htb,Microsoft-Windows-HttpService,System,972,4,,,,,,,,,,,,,,,,,,,,,,,,,,,,,,,,,,,,,,,,,,,,,,,,,,,,,,,,,,,,,,,,,,,,,,,,,,,,,,,,,,,,,,,,,,,,,,,,,,,,,,,,,,,,,,,,,,,,,,,,,,,,,,,,,,,,,,,,,,,,,,,,,,,,,,,,,,,,,,,,,,,,,,,,,,,,,,,,,4,,,,,,,,,,,,,0,,,,,,,,,,,,,,,,,,,,,,,,,,,,,,,,,,,https://*:5358/,,S-1-5-18,,,,,,,,,,,,,,,,,,,,,,,,,,
2026-03-26T05:34:50.254482Z,112,dc.danglingtree.htb,Microsoft-Windows-HttpService,System,973,4,,,,,,,,,,,,,,,,,,,,,,,,,,,,,,,,,,,,,,,,,,,,,,,,,,,,,,,,,,,,,,,,,,,,,,,,,,,,,,,,,,,,,,,,,,,,,,,,,,,,,,,,,,,,,,,,,,,,,,,,,,,,,,,,,,,,,,,,,,,,,,,,,,,,,,,,,,,,,,,,,,,,,,,,,,,,,,,,,4,,,,,,,,,,,,,0,,,,,,,,,,,,,,,,,,,,,,,,,,,,,,,,,,,https://+:5986/wsman/,,S-1-5-18,,,,,,,,,,,,,,,,,,,,,,,,,,
2026-03-26T05:34:50.254504Z,112,dc.danglingtree.htb,Microsoft-Windows-HttpService,System,974,4,,,,,,,,,,,,,,,,,,,,,,,,,,,,,,,,,,,,,,,,,,,,,,,,,,,,,,,,,,,,,,,,,,,,,,,,,,,,,,,,,,,,,,,,,,,,,,,,,,,,,,,,,,,,,,,,,,,,,,,,,,,,,,,,,,,,,,,,,,,,,,,,,,,,,,,,,,,,,,,,,,,,,,,,,,,,,,,,,4,,,,,,,,,,,,,0,,,,,,,,,,,,,,,,,,,,,,,,,,,,,,,,,,,http://+:47001/wsman/,,S-1-5-18,,,,,,,,,,,,,,,,,,,,,,,,,,
2026-03-26T05:34:50.254538Z,112,dc.danglingtree.htb,Microsoft-Windows-HttpService,System,975,4,,,,,,,,,,,,,,,,,,,,,,,,,,,,,,,,,,,,,,,,,,,,,,,,,,,,,,,,,,,,,,,,,,,,,,,,,,,,,,,,,,,,,,,,,,,,,,,,,,,,,,,,,,,,,,,,,,,,,,,,,,,,,,,,,,,,,,,,,,,,,,,,,,,,,,,,,,,,,,,,,,,,,,,,,,,,,,,,,4,,,,,,,,,,,,,0,,,,,,,,,,,,,,,,,,,,,,,,,,,,,,,,,,,http://+:5985/wsman/,,S-1-5-18,,,,,,,,,,,,,,,,,,,,,,,,,,
2026-03-26T05:34:50.254561Z,112,dc.danglingtree.htb,Microsoft-Windows-HttpService,System,976,4,,,,,,,,,,,,,,,,,,,,,,,,,,,,,,,,,,,,,,,,,,,,,,,,,,,,,,,,,,,,,,,,,,,,,,,,,,,,,,,,,,,,,,,,,,,,,,,,,,,,,,,,,,,,,,,,,,,,,,,,,,,,,,,,,,,,,,,,,,,,,,,,,,,,,,,,,,,,,,,,,,,,,,,,,,,,,,,,,4,,,,,,,,,,,,,0,,,,,,,,,,,,,,,,,,,,,,,,,,,,,,,,,,,http://*:2869/,,S-1-5-18,,,,,,,,,,,,,,,,,,,,,,,,,,
2026-03-26T05:34:50.254583Z,112,dc.danglingtree.htb,Microsoft-Windows-HttpService,System,977,4,,,,,,,,,,,,,,,,,,,,,,,,,,,,,,,,,,,,,,,,,,,,,,,,,,,,,,,,,,,,,,,,,,,,,,,,,,,,,,,,,,,,,,,,,,,,,,,,,,,,,,,,,,,,,,,,,,,,,,,,,,,,,,,,,,,,,,,,,,,,,,,,,,,,,,,,,,,,,,,,,,,,,,,,,,,,,,,,,4,,,,,,,,,,,,,0,,,,,,,,,,,,,,,,,,,,,,,,,,,,,,,,,,,https://+:3392/rdp/,,S-1-5-18,,,,,,,,,,,,,,,,,,,,,,,,,,
2026-03-26T05:34:50.254606Z,112,dc.danglingtree.htb,Microsoft-Windows-HttpService,System,978,4,,,,,,,,,,,,,,,,,,,,,,,,,,,,,,,,,,,,,,,,,,,,,,,,,,,,,,,,,,,,,,,,,,,,,,,,,,,,,,,,,,,,,,,,,,,,,,,,,,,,,,,,,,,,,,,,,,,,,,,,,,,,,,,,,,,,,,,,,,,,,,,,,,,,,,,,,,,,,,,,,,,,,,,,,,,,,,,,,4,,,,,,,,,,,,,0,,,,,,,,,,,,,,,,,,,,,,,,,,,,,,,,,,,http://+:3387/rdp/,,S-1-5-18,,,,,,,,,,,,,,,,,,,,,,,,,,
2026-03-26T05:34:50.254648Z,112,dc.danglingtree.htb,Microsoft-Windows-HttpService,System,979,4,,,,,,,,,,,,,,,,,,,,,,,,,,,,,,,,,,,,,,,,,,,,,,,,,,,,,,,,,,,,,,,,,,,,,,,,,,,,,,,,,,,,,,,,,,,,,,,,,,,,,,,,,,,,,,,,,,,,,,,,,,,,,,,,,,,,,,,,,,,,,,,,,,,,,,,,,,,,,,,,,,,,,,,,,,,,,,,,,4,,,,,,,,,,,,,0,,,,,,,,,,,,,,,,,,,,,,,,,,,,,,,,,,,https://+:443/sra_{BA195980-CD49-458b-9E23-C84EE0ADCD75}/,,S-1-5-18,,,,,,,,,,,,,,,,,,,,,,,,,,
2026-03-26T05:34:50.254672Z,112,dc.danglingtree.htb,Microsoft-Windows-HttpService,System,980,4,,,,,,,,,,,,,,,,,,,,,,,,,,,,,,,,,,,,,,,,,,,,,,,,,,,,,,,,,,,,,,,,,,,,,,,,,,,,,,,,,,,,,,,,,,,,,,,,,,,,,,,,,,,,,,,,,,,,,,,,,,,,,,,,,,,,,,,,,,,,,,,,,,,,,,,,,,,,,,,,,,,,,,,,,,,,,,,,,4,,,,,,,,,,,,,0,,,,,,,,,,,,,,,,,,,,,,,,,,,,,,,,,,,http://+:10247/apps/,,S-1-5-18,,,,,,,,,,,,,,,,,,,,,,,,,,
2026-03-26T05:34:50.254695Z,112,dc.danglingtree.htb,Microsoft-Windows-HttpService,System,981,4,,,,,,,,,,,,,,,,,,,,,,,,,,,,,,,,,,,,,,,,,,,,,,,,,,,,,,,,,,,,,,,,,,,,,,,,,,,,,,,,,,,,,,,,,,,,,,,,,,,,,,,,,,,,,,,,,,,,,,,,,,,,,,,,,,,,,,,,,,,,,,,,,,,,,,,,,,,,,,,,,,,,,,,,,,,,,,,,,4,,,,,,,,,,,,,0,,,,,,,,,,,,,,,,,,,,,,,,,,,,,,,,,,,https://+:10245/WMPNSSv4/,,S-1-5-18,,,,,,,,,,,,,,,,,,,,,,,,,,
2026-03-26T05:34:50.254723Z,112,dc.danglingtree.htb,Microsoft-Windows-HttpService,System,982,4,,,,,,,,,,,,,,,,,,,,,,,,,,,,,,,,,,,,,,,,,,,,,,,,,,,,,,,,,,,,,,,,,,,,,,,,,,,,,,,,,,,,,,,,,,,,,,,,,,,,,,,,,,,,,,,,,,,,,,,,,,,,,,,,,,,,,,,,,,,,,,,,,,,,,,,,,,,,,,,,,,,,,,,,,,,,,,,,,4,,,,,,,,,,,,,0,,,,,,,,,,,,,,,,,,,,,,,,,,,,,,,,,,,http://+:10243/WMPNSSv4/,,S-1-5-18,,,,,,,,,,,,,,,,,,,,,,,,,,
2026-03-26T05:34:50.254768Z,112,dc.danglingtree.htb,Microsoft-Windows-HttpService,System,983,4,,,,,,,,,,,,,,,,,,,,,,,,,,,,,,,,,,,,,,,,,,,,,,,,,,,,,,,,,,,,,,,,,,,,,,,,,,,,,,,,,,,,,,,,,,,,,,,,,,,,,,,,,,,,,,,,,,,,,,,,,,,,,,,,,,,,,,,,,,,,,,,,,,,,,,,,,,,,,,,,,,,,,,,,,,,,,,,,,4,,,,,,,,,,,,,0,,,,,,,,,,,,,,,,,,,,,,,,,,,,,,,,,,,http://+:10246/MDEServer/,,S-1-5-18,,,,,,,,,,,,,,,,,,,,,,,,,,
2026-03-26T05:34:50.269618Z,"{'#attributes': {'Qualifiers': 16384}, '#text': 7036}",dc.danglingtree.htb,Service Control Manager,System,984,4,,,,,,,,,,5300680065006C006C004800570044006500740065006300740069006F006E002F0034000000,,,,,,,,,,,,,,,,,,,,,,,,,,,,,,,,,,,,,,,,,,,,,,,,,,,,,,,,,,,,,,,,,,,,,,,,,,,,,,,,,,,,,,,,,,,,,,,,,,,,,,,,,,,,,,,,,,,,,,,,,,,,,,,,,,,,,,,,,,,,,,,,,,,,,,,,,,,,,,,,,,,,,,,,,,,,,,,,,,,,,,,,,,,,,,,,,,,,,,,,,,,,,,,,,,,,,,,,,,,,,,,,,,ShellHWDetection,,,running,,,,,,,,,,,,,,
2026-03-26T05:34:50.299620Z,"{'#attributes': {'Qualifiers': 16384}, '#text': 7036}",dc.danglingtree.htb,Service Control Manager,System,985,4,,,,,,,,,,50006F006C006900630079004100670065006E0074002F0034000000,,,,,,,,,,,,,,,,,,,,,,,,,,,,,,,,,,,,,,,,,,,,,,,,,,,,,,,,,,,,,,,,,,,,,,,,,,,,,,,,,,,,,,,,,,,,,,,,,,,,,,,,,,,,,,,,,,,,,,,,,,,,,,,,,,,,,,,,,,,,,,,,,,,,,,,,,,,,,,,,,,,,,,,,,,,,,,,,,,,,,,,,,,,,,,,,,,,,,,,,,,,,,,,,,,,,,,,,,,,,,,,,,,PolicyAgent,,,running,,,,,,,,,,,,,,
2026-03-26T05:34:50.323835Z,"{'#attributes': {'Qualifiers': 16384}, '#text': 7036}",dc.danglingtree.htb,Service Control Manager,System,986,4,,,,,,,,,,570063006D007300760063002F0034000000,,,,,,,,,,,,,,,,,,,,,,,,,,,,,,,,,,,,,,,,,,,,,,,,,,,,,,,,,,,,,,,,,,,,,,,,,,,,,,,,,,,,,,,,,,,,,,,,,,,,,,,,,,,,,,,,,,,,,,,,,,,,,,,,,,,,,,,,,,,,,,,,,,,,,,,,,,,,,,,,,,,,,,,,,,,,,,,,,,,,,,,,,,,,,,,,,,,,,,,,,,,,,,,,,,,,,,,,,,,,,,,,,,Wcmsvc,,,running,,,,,,,,,,,,,,
2026-03-26T05:34:50.332264Z,"{'#attributes': {'Qualifiers': 16384}, '#text': 7036}",dc.danglingtree.htb,Service Control Manager,System,987,4,,,,,,,,,,530070006F006F006C00650072002F0034000000,,,,,,,,,,,,,,,,,,,,,,,,,,,,,,,,,,,,,,,,,,,,,,,,,,,,,,,,,,,,,,,,,,,,,,,,,,,,,,,,,,,,,,,,,,,,,,,,,,,,,,,,,,,,,,,,,,,,,,,,,,,,,,,,,,,,,,,,,,,,,,,,,,,,,,,,,,,,,,,,,,,,,,,,,,,,,,,,,,,,,,,,,,,,,,,,,,,,,,,,,,,,,,,,,,,,,,,,,,,,,,,,,,Spooler,,,running,,,,,,,,,,,,,,
2026-03-26T05:34:50.337547Z,"{'#attributes': {'Qualifiers': 16384}, '#text': 7036}",dc.danglingtree.htb,Service Control Manager,System,988,4,,,,,,,,,,49004B0045004500580054002F0034000000,,,,,,,,,,,,,,,,,,,,,,,,,,,,,,,,,,,,,,,,,,,,,,,,,,,,,,,,,,,,,,,,,,,,,,,,,,,,,,,,,,,,,,,,,,,,,,,,,,,,,,,,,,,,,,,,,,,,,,,,,,,,,,,,,,,,,,,,,,,,,,,,,,,,,,,,,,,,,,,,,,,,,,,,,,,,,,,,,,,,,,,,,,,,,,,,,,,,,,,,,,,,,,,,,,,,,,,,,,,,,,,,,,IKEEXT,,,running,,,,,,,,,,,,,,
2026-03-26T05:34:50.367172Z,"{'#attributes': {'Qualifiers': 16384}, '#text': 7036}",dc.danglingtree.htb,Service Control Manager,System,989,4,,,,,,,,,,4C0061006E006D0061006E0057006F0072006B00730074006100740069006F006E002F0034000000,,,,,,,,,,,,,,,,,,,,,,,,,,,,,,,,,,,,,,,,,,,,,,,,,,,,,,,,,,,,,,,,,,,,,,,,,,,,,,,,,,,,,,,,,,,,,,,,,,,,,,,,,,,,,,,,,,,,,,,,,,,,,,,,,,,,,,,,,,,,,,,,,,,,,,,,,,,,,,,,,,,,,,,,,,,,,,,,,,,,,,,,,,,,,,,,,,,,,,,,,,,,,,,,,,,,,,,,,,,,,,,,,,LanmanWorkstation,,,running,,,,,,,,,,,,,,
2026-03-26T05:34:50.368995Z,"{'#attributes': {'Qualifiers': 16384}, '#text': 7036}",dc.danglingtree.htb,Service Control Manager,System,990,4,,,,,,,,,,4B00640063002F0034000000,,,,,,,,,,,,,,,,,,,,,,,,,,,,,,,,,,,,,,,,,,,,,,,,,,,,,,,,,,,,,,,,,,,,,,,,,,,,,,,,,,,,,,,,,,,,,,,,,,,,,,,,,,,,,,,,,,,,,,,,,,,,,,,,,,,,,,,,,,,,,,,,,,,,,,,,,,,,,,,,,,,,,,,,,,,,,,,,,,,,,,,,,,,,,,,,,,,,,,,,,,,,,,,,,,,,,,,,,,,,,,,,,,Kdc,,,running,,,,,,,,,,,,,,
2026-03-26T05:34:50.382751Z,"{'#attributes': {'Qualifiers': 16384}, '#text': 7036}",dc.danglingtree.htb,Service Control Manager,System,991,4,,,,,,,,,,55007300650072004D0061006E0061006700650072002F0034000000,,,,,,,,,,,,,,,,,,,,,,,,,,,,,,,,,,,,,,,,,,,,,,,,,,,,,,,,,,,,,,,,,,,,,,,,,,,,,,,,,,,,,,,,,,,,,,,,,,,,,,,,,,,,,,,,,,,,,,,,,,,,,,,,,,,,,,,,,,,,,,,,,,,,,,,,,,,,,,,,,,,,,,,,,,,,,,,,,,,,,,,,,,,,,,,,,,,,,,,,,,,,,,,,,,,,,,,,,,,,,,,,,,UserManager,,,running,,,,,,,,,,,,,,
2026-03-26T05:34:50.390948Z,1014,dc.danglingtree.htb,Microsoft-Windows-DNS-Client,System,992,3,,,,,1700000000000000000000000000000000000000000000010000000000000000000000000000000000000000000000000000000000000000000000000000000000000000000000000000000000000000000000000000000000000000000000000000000000000000000000000000000000000000000000000000000000000000,128,,,,,,,,,,,,,,,,,,2724,,,,,,,,,,,,,,,,,,,,,,,,,,,,,,,,,,,,,,,,,,,,,,,,,,,,,,,,,,,,,,,,,,,,,,,,,,,,,,,,,,,,,,,,,,,,,,,,,,,,,,,,,,,,,,,,,,,,,,,,,,,,,,,,,,,,,,,,,,,,,,,,,,,,,,,,,,,,,,,,,,_ldap._tcp.dc._msdcs.danglingtree.htb.,,,,,,,,,,,,,,,,,,,,,,,,,,,,,,,,,,,,,,,,,,,,,,,,,,,,,,,,,,,,,,,,,,,
2026-03-26T05:34:50.412296Z,"{'#attributes': {'Qualifiers': 16384}, '#text': 7036}",dc.danglingtree.htb,Service Control Manager,System,993,4,,,,,,,,,,6D00700073007300760063002F0034000000,,,,,,,,,,,,,,,,,,,,,,,,,,,,,,,,,,,,,,,,,,,,,,,,,,,,,,,,,,,,,,,,,,,,,,,,,,,,,,,,,,,,,,,,,,,,,,,,,,,,,,,,,,,,,,,,,,,,,,,,,,,,,,,,,,,,,,,,,,,,,,,,,,,,,,,,,,,,,,,,,,,,,,,,,,,,,,,,,,,,,,,,,,,,,,,,,,,,,,,,,,,,,,,,,,,,,,,,,,,,,,,,,,mpssvc,,,running,,,,,,,,,,,,,,
2026-03-26T05:34:50.710021Z,"{'#attributes': {'Qualifiers': 16384}, '#text': 7036}",dc.danglingtree.htb,Service Control Manager,System,994,4,,,,,,,,,,530074006100740065005200650070006F007300690074006F00720079002F0034000000,,,,,,,,,,,,,,,,,,,,,,,,,,,,,,,,,,,,,,,,,,,,,,,,,,,,,,,,,,,,,,,,,,,,,,,,,,,,,,,,,,,,,,,,,,,,,,,,,,,,,,,,,,,,,,,,,,,,,,,,,,,,,,,,,,,,,,,,,,,,,,,,,,,,,,,,,,,,,,,,,,,,,,,,,,,,,,,,,,,,,,,,,,,,,,,,,,,,,,,,,,,,,,,,,,,,,,,,,,,,,,,,,,StateRepository,,,running,,,,,,,,,,,,,,
2026-03-26T05:34:50.834424Z,"{'#attributes': {'Qualifiers': 16384}, '#text': 7036}",dc.danglingtree.htb,Service Control Manager,System,995,4,,,,,,,,,,41007000700058005300760063002F0034000000,,,,,,,,,,,,,,,,,,,,,,,,,,,,,,,,,,,,,,,,,,,,,,,,,,,,,,,,,,,,,,,,,,,,,,,,,,,,,,,,,,,,,,,,,,,,,,,,,,,,,,,,,,,,,,,,,,,,,,,,,,,,,,,,,,,,,,,,,,,,,,,,,,,,,,,,,,,,,,,,,,,,,,,,,,,,,,,,,,,,,,,,,,,,,,,,,,,,,,,,,,,,,,,,,,,,,,,,,,,,,,,,,,AppXSvc,,,running,,,,,,,,,,,,,,
2026-03-26T05:34:50.848145Z,"{'#attributes': {'Qualifiers': 16384}, '#text': 7036}",dc.danglingtree.htb,Service Control Manager,System,996,4,,,,,,,,,,7300700070007300760063002F0034000000,,,,,,,,,,,,,,,,,,,,,,,,,,,,,,,,,,,,,,,,,,,,,,,,,,,,,,,,,,,,,,,,,,,,,,,,,,,,,,,,,,,,,,,,,,,,,,,,,,,,,,,,,,,,,,,,,,,,,,,,,,,,,,,,,,,,,,,,,,,,,,,,,,,,,,,,,,,,,,,,,,,,,,,,,,,,,,,,,,,,,,,,,,,,,,,,,,,,,,,,,,,,,,,,,,,,,,,,,,,,,,,,,,sppsvc,,,running,,,,,,,,,,,,,,
2026-03-26T05:34:50.907186Z,1014,dc.danglingtree.htb,Microsoft-Windows-DNS-Client,System,997,3,,,,,1700000000000000000000000000000000000000000000010000000000000000000000000000000000000000000000000000000000000000000000000000000000000000000000000000000000000000000000000000000000000000000000000000000000000000000000000000000000000000000000000000000000000000,128,,,,,,,,,,,,,,,,,,1792,,,,,,,,,,,,,,,,,,,,,,,,,,,,,,,,,,,,,,,,,,,,,,,,,,,,,,,,,,,,,,,,,,,,,,,,,,,,,,,,,,,,,,,,,,,,,,,,,,,,,,,,,,,,,,,,,,,,,,,,,,,,,,,,,,,,,,,,,,,,,,,,,,,,,,,,,,,,,,,,,,wpad,,,,,,,,,,,,,,,,,,,,,,,,,,,,,,,,,,,,,,,,,,,,,,,,,,,,,,,,,,,,,,,,,,,
2026-03-26T05:34:51.284706Z,"{'#attributes': {'Qualifiers': 16384}, '#text': 7036}",dc.danglingtree.htb,Service Control Manager,System,998,4,,,,,,,,,,4C006900630065006E00730065004D0061006E0061006700650072002F0034000000,,,,,,,,,,,,,,,,,,,,,,,,,,,,,,,,,,,,,,,,,,,,,,,,,,,,,,,,,,,,,,,,,,,,,,,,,,,,,,,,,,,,,,,,,,,,,,,,,,,,,,,,,,,,,,,,,,,,,,,,,,,,,,,,,,,,,,,,,,,,,,,,,,,,,,,,,,,,,,,,,,,,,,,,,,,,,,,,,,,,,,,,,,,,,,,,,,,,,,,,,,,,,,,,,,,,,,,,,,,,,,,,,,LicenseManager,,,running,,,,,,,,,,,,,,
2026-03-26T05:34:51.447291Z,"{'#attributes': {'Qualifiers': 16384}, '#text': 7036}",dc.danglingtree.htb,Service Control Manager,System,999,4,,,,,,,,,,43006C00690070005300560043002F0034000000,,,,,,,,,,,,,,,,,,,,,,,,,,,,,,,,,,,,,,,,,,,,,,,,,,,,,,,,,,,,,,,,,,,,,,,,,,,,,,,,,,,,,,,,,,,,,,,,,,,,,,,,,,,,,,,,,,,,,,,,,,,,,,,,,,,,,,,,,,,,,,,,,,,,,,,,,,,,,,,,,,,,,,,,,,,,,,,,,,,,,,,,,,,,,,,,,,,,,,,,,,,,,,,,,,,,,,,,,,,,,,,,,,ClipSVC,,,running,,,,,,,,,,,,,,
2026-03-26T05:34:51.590492Z,"{'#attributes': {'Qualifiers': 16384}, '#text': 7036}",dc.danglingtree.htb,Service Control Manager,System,1000,4,,,,,,,,,,77006C00690064007300760063002F0034000000,,,,,,,,,,,,,,,,,,,,,,,,,,,,,,,,,,,,,,,,,,,,,,,,,,,,,,,,,,,,,,,,,,,,,,,,,,,,,,,,,,,,,,,,,,,,,,,,,,,,,,,,,,,,,,,,,,,,,,,,,,,,,,,,,,,,,,,,,,,,,,,,,,,,,,,,,,,,,,,,,,,,,,,,,,,,,,,,,,,,,,,,,,,,,,,,,,,,,,,,,,,,,,,,,,,,,,,,,,,,,,,,,,wlidsvc,,,running,,,,,,,,,,,,,,
2026-03-26T05:34:51.654796Z,"{'#attributes': {'Qualifiers': 16384}, '#text': 7036}",dc.danglingtree.htb,Service Control Manager,System,1001,4,,,,,,,,,,4B0065007900490073006F002F0034000000,,,,,,,,,,,,,,,,,,,,,,,,,,,,,,,,,,,,,,,,,,,,,,,,,,,,,,,,,,,,,,,,,,,,,,,,,,,,,,,,,,,,,,,,,,,,,,,,,,,,,,,,,,,,,,,,,,,,,,,,,,,,,,,,,,,,,,,,,,,,,,,,,,,,,,,,,,,,,,,,,,,,,,,,,,,,,,,,,,,,,,,,,,,,,,,,,,,,,,,,,,,,,,,,,,,,,,,,,,,,,,,,,,KeyIso,,,running,,,,,,,,,,,,,,
2026-03-26T05:34:59.651355Z,"{'#attributes': {'Qualifiers': 16384}, '#text': 14533}",dc.danglingtree.htb,Microsoft-Windows-DfsSvc,System,1002,4,,,,,,,,,,,,,,,,,,,,,,,,,,,,,,,,,,,,,,,,,,,,,,,,,,,,,,,,,,,,,,,,,,,,,,,,,,,,,,,,,,,,,,,,,,,,,,,,,,,,,,,,,,,,,,,,,,,,,,,,,,,,DfsFinishBuildingNamespace,,,,,,,,,,,,,,,,,,,,,,,,,,,,,,,,,,,,,,,,,,,,,,,,,,,,,,,,,,,,,,,,,,,,,,,,,,,,,,,,,,,,,,,,,,,,,,,,,,,,,,,,,,,,,,,,,,,,,,,,,,,,,,,,,
2026-03-26T05:34:59.653250Z,"{'#attributes': {'Qualifiers': 16384}, '#text': 14531}",dc.danglingtree.htb,Microsoft-Windows-DfsSvc,System,1003,4,,,,,,,,,,,,,,,,,,,,,,,,,,,,,,,,,,,,,,,,,,,,,,,,,,,,,,,,,,,,,,,,,,,,,,,,,,,,,,,,,,,,,,,,,,,,,,,,,,,,,,,,,,,,,,,,,,,,,,,,,,,,DfsFinishInit,,,,,,,,,,,,,,,,,,,,,,,,,,,,,,,,,,,,,,,,,,,,,,,,,,,,,,,,,,,,,,,,,,,,,,,,,,,,,,,,,,,,,,,,,,,,,,,,,,,,,,,,,,,,,,,,,,,,,,,,,,,,,,,,,
2026-03-26T05:34:59.739308Z,"{'#attributes': {'Qualifiers': 7}, '#text': 10148}",dc.danglingtree.htb,Microsoft-Windows-WinRM,System,1004,4,,,,,,,,,,,,,,,,,,,,,,,,,,,,,,,,,,,,,,,,,,,,,,,,,,,,,,,,,,,,,,,,,,,,,,,,,,,,,,,,,,,,,,,,,,,,,,,,,,,,,,,,,,,,,,,,,,,,,,,,,,,,Started Listening,,,,,,,,,,,,,,,,,,,,,,,,,,,,,,,,,,,,,,,,,,,,,,,,,,,,,,,,,,,,,,,,,,,,,,,,,,,,,,,,,,,,,,,,,,,,,,,,,,,,,,,,,,,,,,,,,,,,,,,,,,,,,,,,,
2026-03-26T05:34:59.900263Z,"{'#attributes': {'Qualifiers': 16896}, '#text': 3}",dc.danglingtree.htb,Virtual Disk Service,System,1005,4,,,,,,,,,,,,,,,,,,,,,,,,,,,,,,,,,,,,,,,,@2010005,,,,,,,,,,,,,,,,,,,,,,,,,,,,,,,,,,,,,,,,,,,,,,,,,,,,,,,,,,,,,,,,,,,,,,,,,,,,,,,,,,,,,,,,,,,,,,,,,,,,,,,,,,,,,,,,,,,,,,,,,,,,,,,,,,,,,,,,,,,,,,,,,,,,,,,,,,,,,,,,,,,,,,,,,,,,,,,,,,,,,,,,,,,,,,,,,,,,,,,,,,,,,,,,,,,,,
2026-03-26T05:34:59.337488Z,"{'#attributes': {'Qualifiers': 16384}, '#text': 7036}",dc.danglingtree.htb,Service Control Manager,System,1006,4,,,,,,,,,,530061006D00530073002F0034000000,,,,,,,,,,,,,,,,,,,,,,,,,,,,,,,,,,,,,,,,,,,,,,,,,,,,,,,,,,,,,,,,,,,,,,,,,,,,,,,,,,,,,,,,,,,,,,,,,,,,,,,,,,,,,,,,,,,,,,,,,,,,,,,,,,,,,,,,,,,,,,,,,,,,,,,,,,,,,,,,,,,,,,,,,,,,,,,,,,,,,,,,,,,,,,,,,,,,,,,,,,,,,,,,,,,,,,,,,,,,,,,,,,SamSs,,,running,,,,,,,,,,,,,,
2026-03-26T05:34:59.391619Z,"{'#attributes': {'Qualifiers': 16384}, '#text': 7036}",dc.danglingtree.htb,Service Control Manager,System,1007,4,,,,,,,,,,4C0061006E006D0061006E005300650072007600650072002F0034000000,,,,,,,,,,,,,,,,,,,,,,,,,,,,,,,,,,,,,,,,,,,,,,,,,,,,,,,,,,,,,,,,,,,,,,,,,,,,,,,,,,,,,,,,,,,,,,,,,,,,,,,,,,,,,,,,,,,,,,,,,,,,,,,,,,,,,,,,,,,,,,,,,,,,,,,,,,,,,,,,,,,,,,,,,,,,,,,,,,,,,,,,,,,,,,,,,,,,,,,,,,,,,,,,,,,,,,,,,,,,,,,,,,LanmanServer,,,running,,,,,,,,,,,,,,
2026-03-26T05:34:59.473574Z,"{'#attributes': {'Qualifiers': 16384}, '#text': 7036}",dc.danglingtree.htb,Service Control Manager,System,1008,4,,,,,,,,,,4500460053002F0034000000,,,,,,,,,,,,,,,,,,,,,,,,,,,,,,,,,,,,,,,,,,,,,,,,,,,,,,,,,,,,,,,,,,,,,,,,,,,,,,,,,,,,,,,,,,,,,,,,,,,,,,,,,,,,,,,,,,,,,,,,,,,,,,,,,,,,,,,,,,,,,,,,,,,,,,,,,,,,,,,,,,,,,,,,,,,,,,,,,,,,,,,,,,,,,,,,,,,,,,,,,,,,,,,,,,,,,,,,,,,,,,,,,,EFS,,,running,,,,,,,,,,,,,,
2026-03-26T05:34:59.518035Z,"{'#attributes': {'Qualifiers': 16384}, '#text': 7036}",dc.danglingtree.htb,Service Control Manager,System,1009,4,,,,,,,,,,430072007900700074005300760063002F0034000000,,,,,,,,,,,,,,,,,,,,,,,,,,,,,,,,,,,,,,,,,,,,,,,,,,,,,,,,,,,,,,,,,,,,,,,,,,,,,,,,,,,,,,,,,,,,,,,,,,,,,,,,,,,,,,,,,,,,,,,,,,,,,,,,,,,,,,,,,,,,,,,,,,,,,,,,,,,,,,,,,,,,,,,,,,,,,,,,,,,,,,,,,,,,,,,,,,,,,,,,,,,,,,,,,,,,,,,,,,,,,,,,,,CryptSvc,,,running,,,,,,,,,,,,,,
2026-03-26T05:34:59.522707Z,"{'#attributes': {'Qualifiers': 16384}, '#text': 7036}",dc.danglingtree.htb,Service Control Manager,System,1010,4,,,,,,,,,,520065006D006F0074006500520065006700690073007400720079002F0034000000,,,,,,,,,,,,,,,,,,,,,,,,,,,,,,,,,,,,,,,,,,,,,,,,,,,,,,,,,,,,,,,,,,,,,,,,,,,,,,,,,,,,,,,,,,,,,,,,,,,,,,,,,,,,,,,,,,,,,,,,,,,,,,,,,,,,,,,,,,,,,,,,,,,,,,,,,,,,,,,,,,,,,,,,,,,,,,,,,,,,,,,,,,,,,,,,,,,,,,,,,,,,,,,,,,,,,,,,,,,,,,,,,,RemoteRegistry,,,running,,,,,,,,,,,,,,
2026-03-26T05:34:59.576124Z,"{'#attributes': {'Qualifiers': 16384}, '#text': 7036}",dc.danglingtree.htb,Service Control Manager,System,1011,4,,,,,,,,,,490073006D0053006500720076002F0034000000,,,,,,,,,,,,,,,,,,,,,,,,,,,,,,,,,,,,,,,,,,,,,,,,,,,,,,,,,,,,,,,,,,,,,,,,,,,,,,,,,,,,,,,,,,,,,,,,,,,,,,,,,,,,,,,,,,,,,,,,,,,,,,,,,,,,,,,,,,,,,,,,,,,,,,,,,,,,,,,,,,,,,,,,,,,,,,,,,,,,,,,,,,,,,,,,,,,,,,,,,,,,,,,,,,,,,,,,,,,,,,,,,,IsmServ,,,running,,,,,,,,,,,,,,
2026-03-26T05:34:59.586424Z,"{'#attributes': {'Qualifiers': 16384}, '#text': 7036}",dc.danglingtree.htb,Service Control Manager,System,1012,4,,,,,,,,,,43006F00720065004D006500730073006100670069006E0067005200650067006900730074007200610072002F0034000000,,,,,,,,,,,,,,,,,,,,,,,,,,,,,,,,,,,,,,,,,,,,,,,,,,,,,,,,,,,,,,,,,,,,,,,,,,,,,,,,,,,,,,,,,,,,,,,,,,,,,,,,,,,,,,,,,,,,,,,,,,,,,,,,,,,,,,,,,,,,,,,,,,,,,,,,,,,,,,,,,,,,,,,,,,,,,,,,,,,,,,,,,,,,,,,,,,,,,,,,,,,,,,,,,,,,,,,,,,,,,,,,,,CoreMessagingRegistrar,,,running,,,,,,,,,,,,,,
2026-03-26T05:34:59.590104Z,"{'#attributes': {'Qualifiers': 16384}, '#text': 7036}",dc.danglingtree.htb,Service Control Manager,System,1013,4,,,,,,,,,,44004600530052002F0034000000,,,,,,,,,,,,,,,,,,,,,,,,,,,,,,,,,,,,,,,,,,,,,,,,,,,,,,,,,,,,,,,,,,,,,,,,,,,,,,,,,,,,,,,,,,,,,,,,,,,,,,,,,,,,,,,,,,,,,,,,,,,,,,,,,,,,,,,,,,,,,,,,,,,,,,,,,,,,,,,,,,,,,,,,,,,,,,,,,,,,,,,,,,,,,,,,,,,,,,,,,,,,,,,,,,,,,,,,,,,,,,,,,,DFSR,,,running,,,,,,,,,,,,,,
2026-03-26T05:34:59.590457Z,"{'#attributes': {'Qualifiers': 16384}, '#text': 7036}",dc.danglingtree.htb,Service Control Manager,System,1014,4,,,,,,,,,,570069006E006D0067006D0074002F0034000000,,,,,,,,,,,,,,,,,,,,,,,,,,,,,,,,,,,,,,,,,,,,,,,,,,,,,,,,,,,,,,,,,,,,,,,,,,,,,,,,,,,,,,,,,,,,,,,,,,,,,,,,,,,,,,,,,,,,,,,,,,,,,,,,,,,,,,,,,,,,,,,,,,,,,,,,,,,,,,,,,,,,,,,,,,,,,,,,,,,,,,,,,,,,,,,,,,,,,,,,,,,,,,,,,,,,,,,,,,,,,,,,,,Winmgmt,,,running,,,,,,,,,,,,,,
2026-03-26T05:34:59.599284Z,"{'#attributes': {'Qualifiers': 16384}, '#text': 7036}",dc.danglingtree.htb,Service Control Manager,System,1015,4,,,,,,,,,,57004C004D0053002F0034000000,,,,,,,,,,,,,,,,,,,,,,,,,,,,,,,,,,,,,,,,,,,,,,,,,,,,,,,,,,,,,,,,,,,,,,,,,,,,,,,,,,,,,,,,,,,,,,,,,,,,,,,,,,,,,,,,,,,,,,,,,,,,,,,,,,,,,,,,,,,,,,,,,,,,,,,,,,,,,,,,,,,,,,,,,,,,,,,,,,,,,,,,,,,,,,,,,,,,,,,,,,,,,,,,,,,,,,,,,,,,,,,,,,WLMS,,,running,,,,,,,,,,,,,,
2026-03-26T05:34:59.602292Z,"{'#attributes': {'Qualifiers': 16384}, '#text': 7036}",dc.danglingtree.htb,Service Control Manager,System,1016,4,,,,,,,,,,56004700410075007400680053006500720076006900630065002F0034000000,,,,,,,,,,,,,,,,,,,,,,,,,,,,,,,,,,,,,,,,,,,,,,,,,,,,,,,,,,,,,,,,,,,,,,,,,,,,,,,,,,,,,,,,,,,,,,,,,,,,,,,,,,,,,,,,,,,,,,,,,,,,,,,,,,,,,,,,,,,,,,,,,,,,,,,,,,,,,,,,,,,,,,,,,,,,,,,,,,,,,,,,,,,,,,,,,,,,,,,,,,,,,,,,,,,,,,,,,,,,,,,,,,VGAuthService,,,running,,,,,,,,,,,,,,
2026-03-26T05:34:59.611359Z,"{'#attributes': {'Qualifiers': 16384}, '#text': 7036}",dc.danglingtree.htb,Service Control Manager,System,1017,4,,,,,,,,,,5300790073004D00610069006E002F0034000000,,,,,,,,,,,,,,,,,,,,,,,,,,,,,,,,,,,,,,,,,,,,,,,,,,,,,,,,,,,,,,,,,,,,,,,,,,,,,,,,,,,,,,,,,,,,,,,,,,,,,,,,,,,,,,,,,,,,,,,,,,,,,,,,,,,,,,,,,,,,,,,,,,,,,,,,,,,,,,,,,,,,,,,,,,,,,,,,,,,,,,,,,,,,,,,,,,,,,,,,,,,,,,,,,,,,,,,,,,,,,,,,,,SysMain,,,running,,,,,,,,,,,,,,
2026-03-26T05:34:59.640358Z,"{'#attributes': {'Qualifiers': 16384}, '#text': 7036}",dc.danglingtree.htb,Service Control Manager,System,1018,4,,,,,,,,,,4400660073002F0034000000,,,,,,,,,,,,,,,,,,,,,,,,,,,,,,,,,,,,,,,,,,,,,,,,,,,,,,,,,,,,,,,,,,,,,,,,,,,,,,,,,,,,,,,,,,,,,,,,,,,,,,,,,,,,,,,,,,,,,,,,,,,,,,,,,,,,,,,,,,,,,,,,,,,,,,,,,,,,,,,,,,,,,,,,,,,,,,,,,,,,,,,,,,,,,,,,,,,,,,,,,,,,,,,,,,,,,,,,,,,,,,,,,,Dfs,,,running,,,,,,,,,,,,,,
2026-03-26T05:34:59.645535Z,"{'#attributes': {'Qualifiers': 16384}, '#text': 7036}",dc.danglingtree.htb,Service Control Manager,System,1019,4,,,,,,,,,,56004D0054006F006F006C0073002F0034000000,,,,,,,,,,,,,,,,,,,,,,,,,,,,,,,,,,,,,,,,,,,,,,,,,,,,,,,,,,,,,,,,,,,,,,,,,,,,,,,,,,,,,,,,,,,,,,,,,,,,,,,,,,,,,,,,,,,,,,,,,,,,,,,,,,,,,,,,,,,,,,,,,,,,,,,,,,,,,,,,,,,,,,,,,,,,,,,,,,,,,,,,,,,,,,,,,,,,,,,,,,,,,,,,,,,,,,,,,,,,,,,,,,VMTools,,,running,,,,,,,,,,,,,,
2026-03-26T05:34:59.677385Z,"{'#attributes': {'Qualifiers': 16384}, '#text': 7036}",dc.danglingtree.htb,Service Control Manager,System,1020,4,,,,,,,,,,570070006E0053006500720076006900630065002F0034000000,,,,,,,,,,,,,,,,,,,,,,,,,,,,,,,,,,,,,,,,,,,,,,,,,,,,,,,,,,,,,,,,,,,,,,,,,,,,,,,,,,,,,,,,,,,,,,,,,,,,,,,,,,,,,,,,,,,,,,,,,,,,,,,,,,,,,,,,,,,,,,,,,,,,,,,,,,,,,,,,,,,,,,,,,,,,,,,,,,,,,,,,,,,,,,,,,,,,,,,,,,,,,,,,,,,,,,,,,,,,,,,,,,WpnService,,,running,,,,,,,,,,,,,,
2026-03-26T05:34:59.697791Z,"{'#attributes': {'Qualifiers': 16384}, '#text': 7036}",dc.danglingtree.htb,Service Control Manager,System,1021,4,,,,,,,,,,4400690073007000420072006F006B00650072004400650073006B0074006F0070005300760063002F0034000000,,,,,,,,,,,,,,,,,,,,,,,,,,,,,,,,,,,,,,,,,,,,,,,,,,,,,,,,,,,,,,,,,,,,,,,,,,,,,,,,,,,,,,,,,,,,,,,,,,,,,,,,,,,,,,,,,,,,,,,,,,,,,,,,,,,,,,,,,,,,,,,,,,,,,,,,,,,,,,,,,,,,,,,,,,,,,,,,,,,,,,,,,,,,,,,,,,,,,,,,,,,,,,,,,,,,,,,,,,,,,,,,,,DispBrokerDesktopSvc,,,running,,,,,,,,,,,,,,
2026-03-26T05:34:59.738510Z,113,dc.danglingtree.htb,Microsoft-Windows-HttpService,System,1022,4,,,,,,,,,,,,,,,,,,,,,,,,,,,,,,,,,,,,,,,,,,,,,,,,,,,,,,,,,,,,,,,,,,,,,,,,,,,\Device\HarddiskVolume3\Windows\System32\svchost.exe,,,,,,,,,,,,,,,,,,,,,,,,,,,,,,,,,,,,,,,,,,,,,,,,,,,,,,,,,,,,,,,,,,,,,,,,,,,,,,,,,,,,,,,,,,,,,,,,,,,,,,3584,,,,,,,,,,,,,,,,,,,,,,,,,,,0,,,,,,,,,,,,,,,,,,,,,http://+:47001/wsman/,18302628894760501249,S-1-5-20,,,,,,,,,,,,,,,,,,,,,,,,,,
2026-03-26T05:34:59.742890Z,"{'#attributes': {'Qualifiers': 16384}, '#text': 7036}",dc.danglingtree.htb,Service Control Manager,System,1023,4,,,,,,,,,,56004D003300440053006500720076006900630065002F0034000000,,,,,,,,,,,,,,,,,,,,,,,,,,,,,,,,,,,,,,,,,,,,,,,,,,,,,,,,,,,,,,,,,,,,,,,,,,,,,,,,,,,,,,,,,,,,,,,,,,,,,,,,,,,,,,,,,,,,,,,,,,,,,,,,,,,,,,,,,,,,,,,,,,,,,,,,,,,,,,,,,,,,,,,,,,,,,,,,,,,,,,,,,,,,,,,,,,,,,,,,,,,,,,,,,,,,,,,,,,,,,,,,,,VM3DService,,,running,,,,,,,,,,,,,,
2026-03-26T05:34:59.744741Z,113,dc.danglingtree.htb,Microsoft-Windows-HttpService,System,1024,4,,,,,,,,,,,,,,,,,,,,,,,,,,,,,,,,,,,,,,,,,,,,,,,,,,,,,,,,,,,,,,,,,,,,,,,,,,,\Device\HarddiskVolume3\Windows\System32\svchost.exe,,,,,,,,,,,,,,,,,,,,,,,,,,,,,,,,,,,,,,,,,,,,,,,,,,,,,,,,,,,,,,,,,,,,,,,,,,,,,,,,,,,,,,,,,,,,,,,,,,,,,,3584,,,,,,,,,,,,,,,,,,,,,,,,,,,0,,,,,,,,,,,,,,,,,,,,,http://+:5985/wsman/,18302628894760501249,S-1-5-20,,,,,,,,,,,,,,,,,,,,,,,,,,
2026-03-26T05:34:59.751454Z,"{'#attributes': {'Qualifiers': 16384}, '#text': 7036}",dc.danglingtree.htb,Service Control Manager,System,1025,4,,,,,,,,,,570069006E0052004D002F0034000000,,,,,,,,,,,,,,,,,,,,,,,,,,,,,,,,,,,,,,,,,,,,,,,,,,,,,,,,,,,,,,,,,,,,,,,,,,,,,,,,,,,,,,,,,,,,,,,,,,,,,,,,,,,,,,,,,,,,,,,,,,,,,,,,,,,,,,,,,,,,,,,,,,,,,,,,,,,,,,,,,,,,,,,,,,,,,,,,,,,,,,,,,,,,,,,,,,,,,,,,,,,,,,,,,,,,,,,,,,,,,,,,,,WinRM,,,running,,,,,,,,,,,,,,
2026-03-26T05:34:59.788485Z,"{'#attributes': {'Qualifiers': 16384}, '#text': 7036}",dc.danglingtree.htb,Service Control Manager,System,1026,4,,,,,,,,,,630061006D007300760063002F0034000000,,,,,,,,,,,,,,,,,,,,,,,,,,,,,,,,,,,,,,,,,,,,,,,,,,,,,,,,,,,,,,,,,,,,,,,,,,,,,,,,,,,,,,,,,,,,,,,,,,,,,,,,,,,,,,,,,,,,,,,,,,,,,,,,,,,,,,,,,,,,,,,,,,,,,,,,,,,,,,,,,,,,,,,,,,,,,,,,,,,,,,,,,,,,,,,,,,,,,,,,,,,,,,,,,,,,,,,,,,,,,,,,,,camsvc,,,running,,,,,,,,,,,,,,
2026-03-26T05:34:59.860968Z,"{'#attributes': {'Qualifiers': 16384}, '#text': 7036}",dc.danglingtree.htb,Service Control Manager,System,1027,4,,,,,,,,,,570069006E0044006500660065006E0064002F0034000000,,,,,,,,,,,,,,,,,,,,,,,,,,,,,,,,,,,,,,,,,,,,,,,,,,,,,,,,,,,,,,,,,,,,,,,,,,,,,,,,,,,,,,,,,,,,,,,,,,,,,,,,,,,,,,,,,,,,,,,,,,,,,,,,,,,,,,,,,,,,,,,,,,,,,,,,,,,,,,,,,,,,,,,,,,,,,,,,,,,,,,,,,,,,,,,,,,,,,,,,,,,,,,,,,,,,,,,,,,,,,,,,,,WinDefend,,,running,,,,,,,,,,,,,,
2026-03-26T05:34:59.861378Z,"{'#attributes': {'Qualifiers': 16384}, '#text': 7036}",dc.danglingtree.htb,Service Control Manager,System,1028,4,,,,,,,,,,76006D007600730073002F0034000000,,,,,,,,,,,,,,,,,,,,,,,,,,,,,,,,,,,,,,,,,,,,,,,,,,,,,,,,,,,,,,,,,,,,,,,,,,,,,,,,,,,,,,,,,,,,,,,,,,,,,,,,,,,,,,,,,,,,,,,,,,,,,,,,,,,,,,,,,,,,,,,,,,,,,,,,,,,,,,,,,,,,,,,,,,,,,,,,,,,,,,,,,,,,,,,,,,,,,,,,,,,,,,,,,,,,,,,,,,,,,,,,,,vmvss,,,running,,,,,,,,,,,,,,
2026-03-26T05:34:59.884140Z,"{'#attributes': {'Qualifiers': 16384}, '#text': 7036}",dc.danglingtree.htb,Service Control Manager,System,1029,4,,,,,,,,,,57005300410049004600610062007200690063005300760063002F0034000000,,,,,,,,,,,,,,,,,,,,,,,,,,,,,,,,,,,,,,,,,,,,,,,,,,,,,,,,,,,,,,,,,,,,,,,,,,,,,,,,,,,,,,,,,,,,,,,,,,,,,,,,,,,,,,,,,,,,,,,,,,,,,,,,,,,,,,,,,,,,,,,,,,,,,,,,,,,,,,,,,,,,,,,,,,,,,,,,,,,,,,,,,,,,,,,,,,,,,,,,,,,,,,,,,,,,,,,,,,,,,,,,,,WSAIFabricSvc,,,running,,,,,,,,,,,,,,
2026-03-26T05:34:59.904307Z,"{'#attributes': {'Qualifiers': 16384}, '#text': 7036}",dc.danglingtree.htb,Service Control Manager,System,1030,4,,,,,,,,,,7600640073002F0034000000,,,,,,,,,,,,,,,,,,,,,,,,,,,,,,,,,,,,,,,,,,,,,,,,,,,,,,,,,,,,,,,,,,,,,,,,,,,,,,,,,,,,,,,,,,,,,,,,,,,,,,,,,,,,,,,,,,,,,,,,,,,,,,,,,,,,,,,,,,,,,,,,,,,,,,,,,,,,,,,,,,,,,,,,,,,,,,,,,,,,,,,,,,,,,,,,,,,,,,,,,,,,,,,,,,,,,,,,,,,,,,,,,,vds,,,running,,,,,,,,,,,,,,
2026-03-26T05:34:59.919933Z,"{'#attributes': {'Qualifiers': 16384}, '#text': 7036}",dc.danglingtree.htb,Service Control Manager,System,1031,4,,,,,,,,,,43004F004D005300790073004100700070002F0034000000,,,,,,,,,,,,,,,,,,,,,,,,,,,,,,,,,,,,,,,,,,,,,,,,,,,,,,,,,,,,,,,,,,,,,,,,,,,,,,,,,,,,,,,,,,,,,,,,,,,,,,,,,,,,,,,,,,,,,,,,,,,,,,,,,,,,,,,,,,,,,,,,,,,,,,,,,,,,,,,,,,,,,,,,,,,,,,,,,,,,,,,,,,,,,,,,,,,,,,,,,,,,,,,,,,,,,,,,,,,,,,,,,,COMSysApp,,,running,,,,,,,,,,,,,,
2026-03-26T05:35:00.060330Z,"{'#attributes': {'Qualifiers': 16384}, '#text': 7036}",dc.danglingtree.htb,Service Control Manager,System,1032,4,,,,,,,,,,440069006100670054007200610063006B002F0034000000,,,,,,,,,,,,,,,,,,,,,,,,,,,,,,,,,,,,,,,,,,,,,,,,,,,,,,,,,,,,,,,,,,,,,,,,,,,,,,,,,,,,,,,,,,,,,,,,,,,,,,,,,,,,,,,,,,,,,,,,,,,,,,,,,,,,,,,,,,,,,,,,,,,,,,,,,,,,,,,,,,,,,,,,,,,,,,,,,,,,,,,,,,,,,,,,,,,,,,,,,,,,,,,,,,,,,,,,,,,,,,,,,,DiagTrack,,,running,,,,,,,,,,,,,,
2026-03-26T05:35:00.311388Z,"{'#attributes': {'Qualifiers': 16384}, '#text': 7036}",dc.danglingtree.htb,Service Control Manager,System,1033,4,,,,,,,,,,4D0053004400540043002F0034000000,,,,,,,,,,,,,,,,,,,,,,,,,,,,,,,,,,,,,,,,,,,,,,,,,,,,,,,,,,,,,,,,,,,,,,,,,,,,,,,,,,,,,,,,,,,,,,,,,,,,,,,,,,,,,,,,,,,,,,,,,,,,,,,,,,,,,,,,,,,,,,,,,,,,,,,,,,,,,,,,,,,,,,,,,,,,,,,,,,,,,,,,,,,,,,,,,,,,,,,,,,,,,,,,,,,,,,,,,,,,,,,,,,MSDTC,,,running,,,,,,,,,,,,,,
2026-03-26T05:35:00.955445Z,"{'#attributes': {'Qualifiers': 49152}, '#text': 7026}",dc.danglingtree.htb,Service Control Manager,System,1034,4,,,,,,,,,,,,,,,,,,,,,,,,,,,,,,,,,,,,,,,,,,,,,,,,,,,,,,,,,,,,,,,,,,,,,,,,,,,,,,,,,,,,,,,,,,,,,,,,,,,,,,,,,,,,,,,,,,,,,,,,,,,,,,,,,,,,,,,,,,,,,,,,,,,,,,,,,,,,,,,,,,,,,,,,,,,,,,,,,,,,,,,,,,,,,,,,,,,,,,,,,,,,,,,,,,,,,,,,,,,,,,,,,,,,,,,,,,,,"
dam
uiomap",,,,,,,,,,,,,,,,,
2026-03-26T05:35:00.984956Z,"{'#attributes': {'Qualifiers': 16384}, '#text': 7036}",dc.danglingtree.htb,Service Control Manager,System,1035,4,,,,,,,,,,41004400570053002F0034000000,,,,,,,,,,,,,,,,,,,,,,,,,,,,,,,,,,,,,,,,,,,,,,,,,,,,,,,,,,,,,,,,,,,,,,,,,,,,,,,,,,,,,,,,,,,,,,,,,,,,,,,,,,,,,,,,,,,,,,,,,,,,,,,,,,,,,,,,,,,,,,,,,,,,,,,,,,,,,,,,,,,,,,,,,,,,,,,,,,,,,,,,,,,,,,,,,,,,,,,,,,,,,,,,,,,,,,,,,,,,,,,,,,ADWS,,,running,,,,,,,,,,,,,,
2026-03-26T05:35:01.201053Z,"{'#attributes': {'Qualifiers': 16384}, '#text': 7040}",dc.danglingtree.htb,Service Control Manager,System,1036,4,,,,,,,,,,,,,,,,,,,,,,,,,,,,,,,,,,,,,,,,,,,,,,,,,,,,,,,,,,,,,,,,,,,,,,,,,,,,,,,,,,,,,,,,,,,,,,,,,,,,,,,,,,,,,,,,,,,,,,,,,,,,,,,,,,,,,,,,,,,,,,,,,,,,,,,,,,,,,,,,,,,,,,,,,,,,,,,,,,,,,,,,,,,,,,,,,,,,,,,,,,,,,,,,,,,,,,,,,,,,,,,,,,,,,,,,,,,,Background Intelligent Transfer Service,,,demand start,auto start,BITS,,,,,,,,,,,,
2026-03-26T05:35:01.343565Z,"{'#attributes': {'Qualifiers': 16384}, '#text': 7036}",dc.danglingtree.htb,Service Control Manager,System,1037,4,,,,,,,,,,42004900540053002F0034000000,,,,,,,,,,,,,,,,,,,,,,,,,,,,,,,,,,,,,,,,,,,,,,,,,,,,,,,,,,,,,,,,,,,,,,,,,,,,,,,,,,,,,,,,,,,,,,,,,,,,,,,,,,,,,,,,,,,,,,,,,,,,,,,,,,,,,,,,,,,,,,,,,,,,,,,,,,,,,,,,,,,,,,,,,,,,,,,,,,,,,,,,,,,,,,,,,,,,,,,,,,,,,,,,,,,,,,,,,,,,,,,,,,Background Intelligent Transfer Service,,,running,,,,,,,,,,,,,,
2026-03-26T05:35:01.424591Z,"{'#attributes': {'Qualifiers': 16384}, '#text': 7036}",dc.danglingtree.htb,Service Control Manager,System,1038,4,,,,,,,,,,5600530053002F0034000000,,,,,,,,,,,,,,,,,,,,,,,,,,,,,,,,,,,,,,,,,,,,,,,,,,,,,,,,,,,,,,,,,,,,,,,,,,,,,,,,,,,,,,,,,,,,,,,,,,,,,,,,,,,,,,,,,,,,,,,,,,,,,,,,,,,,,,,,,,,,,,,,,,,,,,,,,,,,,,,,,,,,,,,,,,,,,,,,,,,,,,,,,,,,,,,,,,,,,,,,,,,,,,,,,,,,,,,,,,,,,,,,,,Volume Shadow Copy,,,running,,,,,,,,,,,,,,
2026-03-26T05:35:01.616338Z,"{'#attributes': {'Qualifiers': 16384}, '#text': 7036}",dc.danglingtree.htb,Service Control Manager,System,1039,4,,,,,,,,,,77006D006900410070005300720076002F0034000000,,,,,,,,,,,,,,,,,,,,,,,,,,,,,,,,,,,,,,,,,,,,,,,,,,,,,,,,,,,,,,,,,,,,,,,,,,,,,,,,,,,,,,,,,,,,,,,,,,,,,,,,,,,,,,,,,,,,,,,,,,,,,,,,,,,,,,,,,,,,,,,,,,,,,,,,,,,,,,,,,,,,,,,,,,,,,,,,,,,,,,,,,,,,,,,,,,,,,,,,,,,,,,,,,,,,,,,,,,,,,,,,,,WMI Performance Adapter,,,running,,,,,,,,,,,,,,
2026-03-26T05:35:01.805771Z,"{'#attributes': {'Qualifiers': 16384}, '#text': 7036}",dc.danglingtree.htb,Service Control Manager,System,1040,4,,,,,,,,,,77006D006900410070005300720076002F0031000000,,,,,,,,,,,,,,,,,,,,,,,,,,,,,,,,,,,,,,,,,,,,,,,,,,,,,,,,,,,,,,,,,,,,,,,,,,,,,,,,,,,,,,,,,,,,,,,,,,,,,,,,,,,,,,,,,,,,,,,,,,,,,,,,,,,,,,,,,,,,,,,,,,,,,,,,,,,,,,,,,,,,,,,,,,,,,,,,,,,,,,,,,,,,,,,,,,,,,,,,,,,,,,,,,,,,,,,,,,,,,,,,,,WMI Performance Adapter,,,stopped,,,,,,,,,,,,,,
2026-03-26T05:35:11.807238Z,"{'#attributes': {'Qualifiers': 7}, '#text': 10154}",dc.danglingtree.htb,Microsoft-Windows-WinRM,System,1041,3,,,,,,,,,,,,,,,,,,,,,,,,,,,,,,,,,,,,,,,,,,,,,,,,,,,,,,,,,,,,,,,,,,,,,,,,,,,,,,,,,,,,,,,,,,,,,,,,,,,,,,,,,,,,,,,,,,,,,,,,,,,,,,,,,,,,,,,,,,,,,,,,,,,,,,,,,,,,,,,,,,,,,,,,,,,,,,,,,,,,,,,,,,,,,,,,,,,,,,,,,,,,,,,,,,,,,,,,,,,,,,,,,,,,,,,,,,1355,,,,,,,,,,,,,,WSMAN/dc.danglingtree.htb,WSMAN/dc,,,,
2026-03-26T05:35:17.559922Z,"{'#attributes': {'Qualifiers': 0}, '#text': 5836}",dc.danglingtree.htb,NETLOGON,System,1042,4,,,,,,,,,,,,,,,,,,,,,,,,,,,,,,,,,,,,,,,,20,,,,,,,,,,,,,,,,,,,,,,,,,,,,,,,,,,,,,,,,,,,,,,,,,,,,,,,,,,,,,,,,,,,,,,,,,,,,,,,,,,,,,,,,,,,,,,,,,,,,,,,,,,,,,,,,,,,,,,,,,,,,,,,,,,,,,,,,,,,,,,,,,,,,,,,,,,,,,,,,,,,,,,,,,,,,,,,,,,,,,,,,,,,,,,,,,,,,,,,,,,,,,,,,,,,,,
2026-03-26T05:35:17.559969Z,"{'#attributes': {'Qualifiers': 16384}, '#text': 7036}",dc.danglingtree.htb,Service Control Manager,System,1043,4,,,,,,,,,,4E00650074006C006F0067006F006E002F0034000000,,,,,,,,,,,,,,,,,,,,,,,,,,,,,,,,,,,,,,,,,,,,,,,,,,,,,,,,,,,,,,,,,,,,,,,,,,,,,,,,,,,,,,,,,,,,,,,,,,,,,,,,,,,,,,,,,,,,,,,,,,,,,,,,,,,,,,,,,,,,,,,,,,,,,,,,,,,,,,,,,,,,,,,,,,,,,,,,,,,,,,,,,,,,,,,,,,,,,,,,,,,,,,,,,,,,,,,,,,,,,,,,,,Netlogon,,,running,,,,,,,,,,,,,,
2026-03-26T05:35:19.825621Z,139,dc.danglingtree.htb,Microsoft-Windows-Time-Service,System,1044,4,,,,,,,,,,,,,,,,,,,,,,,,,,,,,,,,,,,,,,,,,,,,,,,,,,,,,,,,,,,,,,,,,,,,,,,,,,,,,,,,,,,,,,,,,,,,,,,,,,,,,,,,,,,,,,,,,,,,,,,,,,,,TMP_EVENT_START_ADVERTISING,,,,,,,,,,,,,,,,,,,,,,,,,,,,,,,,,,,,,,,,,,,,,,,,,,,,,,,,,,,,,,,,,,,,,,,,,,,,,,,,,,,,,,,,,,,,,,,,,,,,,,,,,,,,,,,,,,,,,,,,,,,,,,,,,
2026-03-26T05:35:19.825628Z,143,dc.danglingtree.htb,Microsoft-Windows-Time-Service,System,1045,4,,,,,,,,,,,,,,,,,,,,,,,,,,,,,,,,,,,,,,,,,,,,,,,,,,,,,,,,,,,,,,,,,,,,,,,,,,,,,,,,,,,,,,,,,,,,,,,,,,,,,,,,,,,,,,,,,,,,,,,,,,,,TMP_EVENT_START_ADVERTISING_GT,,,,,,,,,,,,,,,,,,,,,,,,,,,,,,,,,,,,,,,,,,,,,,,,,,,,,,,,,,,,,,,,,,,,,,,,,,,,,,,,,,,,,,,,,,,,,,,,,,,,,,,,,,,,,,,,,,,,,,,,,,,,,,,,,
2026-03-26T05:35:19.840434Z,12,dc.danglingtree.htb,Microsoft-Windows-Time-Service,System,1046,3,,,,,,,,,,,,,,,,,,,,,,,,,,,,,,,,,,,,,,,,,,,,,,,,,,,,,,,,,,,,,,,,,,,,,,,,,,,,,,,,,,,,,,,,,,,,,,,,,,,,,,,,,,,,,,,,,,,,,,,,,,,,TMP_EVENT_DOMAIN_HIERARCHY_ROOT,,,,,,,,,,,,,,,,,,,,,,,,,,,,,,,,,,,,,,,,,,,,,,,,,,,,,,,,,,,,,,,,,,,,,,,,,,,,,,,,,,,,,,,,,,,,,,,,,,,,,,,,,,,,,,,,,,,,,,,,,,,,,,,,,
2026-03-26T05:35:19.845504Z,"{'#attributes': {'Qualifiers': 16384}, '#text': 7036}",dc.danglingtree.htb,Service Control Manager,System,1047,4,,,,,,,,,,570033003200540069006D0065002F0034000000,,,,,,,,,,,,,,,,,,,,,,,,,,,,,,,,,,,,,,,,,,,,,,,,,,,,,,,,,,,,,,,,,,,,,,,,,,,,,,,,,,,,,,,,,,,,,,,,,,,,,,,,,,,,,,,,,,,,,,,,,,,,,,,,,,,,,,,,,,,,,,,,,,,,,,,,,,,,,,,,,,,,,,,,,,,,,,,,,,,,,,,,,,,,,,,,,,,,,,,,,,,,,,,,,,,,,,,,,,,,,,,,,,W32Time,,,running,,,,,,,,,,,,,,
2026-03-26T05:35:20.077674Z,"{'#attributes': {'Qualifiers': 16384}, '#text': 7036}",dc.danglingtree.htb,Service Control Manager,System,1048,4,,,,,,,,,,77006D006900410070005300720076002F0034000000,,,,,,,,,,,,,,,,,,,,,,,,,,,,,,,,,,,,,,,,,,,,,,,,,,,,,,,,,,,,,,,,,,,,,,,,,,,,,,,,,,,,,,,,,,,,,,,,,,,,,,,,,,,,,,,,,,,,,,,,,,,,,,,,,,,,,,,,,,,,,,,,,,,,,,,,,,,,,,,,,,,,,,,,,,,,,,,,,,,,,,,,,,,,,,,,,,,,,,,,,,,,,,,,,,,,,,,,,,,,,,,,,,WMI Performance Adapter,,,running,,,,,,,,,,,,,,
2026-03-26T05:35:29.721994Z,"{'#attributes': {'Qualifiers': 49152}, '#text': 7}",dc.danglingtree.htb,Microsoft-Windows-Kerberos-Key-Distribution-Center,System,1049,2,,,,,,,,,,0D0000C0,,,,,,,,,,,,,,,,,,,,,,,,,,,,,,,,,,,,,,,,,,,,,,,,,,,,,,,,,,,,,,,,,,,,,,,,,,,,,,,,,,,,,,,,,,,,,,,,,,,,,,,0x108,,,,,,,,,,,,,,,,,,,,,,,,,,,,,,,,,,,,,,,,,,,,,,,,,,,,,,,,,,,,,,,,,,,,,,,,,,,,,,,,,,,,,,,,,,,,,,,,,,,,,,,,,,,,,,,,,,,,,,,,,,,,,,,,,,,,,,,,,,,,
2026-03-26T05:35:29.339488Z,"{'#attributes': {'Qualifiers': 16384}, '#text': 7036}",dc.danglingtree.htb,Service Control Manager,System,1050,4,,,,,,,,,,44004E0053002F0034000000,,,,,,,,,,,,,,,,,,,,,,,,,,,,,,,,,,,,,,,,,,,,,,,,,,,,,,,,,,,,,,,,,,,,,,,,,,,,,,,,,,,,,,,,,,,,,,,,,,,,,,,,,,,,,,,,,,,,,,,,,,,,,,,,,,,,,,,,,,,,,,,,,,,,,,,,,,,,,,,,,,,,,,,,,,,,,,,,,,,,,,,,,,,,,,,,,,,,,,,,,,,,,,,,,,,,,,,,,,,,,,,,,,DNS,,,running,,,,,,,,,,,,,,
2026-03-26T05:35:29.340690Z,16647,dc.danglingtree.htb,Microsoft-Windows-Directory-Services-SAM,System,1051,4,,,,,,,,,,,,,,,,,,,,,,,,,,,,,,,,,,,,,,,,,,,,,,,,,,,,,,,,,,,,,,,,,,,,,,,,,,,,,,,,,,,,,,,,,,,,,,,,,,,,,,,,,,,,,,,,,,,,,,,,,,,,SAMMSG_REQUESTING_NEW_RID_POOL,,,,,,,,,,,,,,,,,,,,,,,,,,,,,,,,,,,,,,,,,,,,,,,,,,,,,,,,,,,,,,,,,,,,,,,,,,,,,,,,,,,,,,,,,,,,,,,,,,,,,,,,,,,,,,,,,,,,,,,,,,,,,,,,,
2026-03-26T05:35:29.343135Z,16648,dc.danglingtree.htb,Microsoft-Windows-Directory-Services-SAM,System,1052,4,,,,,,,,,,00000000,,,,,,,,,,,,,,,,,,,,,,,,,,,,,,,,,,,,,,,,,,,,,,,,,,,,,,,,,,,,,,,,,,,,,,,,,,,,,,,,,,,,,,,,,,,,,,,,,,,,,,,,,,,,,,,,,,,,,,,,,,,,,,,,,,,,,,,,,,,,,,,,,,,,,,,,,,,,,,,,,,,,,,,,,,,,,,,,,,,,,,,,,,,,,,,,,,,,,,,,,,,,,,,,,,,,,,,,,,,,,,SAMMSG_RID_REQUEST_STATUS_SUCCESS,,,,,,,,,,,,,,,,,,,,,
2026-03-26T05:35:29.699437Z,"{'#attributes': {'Qualifiers': 16384}, '#text': 7036}",dc.danglingtree.htb,Service Control Manager,System,1053,4,,,,,,,,,,7300700070007300760063002F0034000000,,,,,,,,,,,,,,,,,,,,,,,,,,,,,,,,,,,,,,,,,,,,,,,,,,,,,,,,,,,,,,,,,,,,,,,,,,,,,,,,,,,,,,,,,,,,,,,,,,,,,,,,,,,,,,,,,,,,,,,,,,,,,,,,,,,,,,,,,,,,,,,,,,,,,,,,,,,,,,,,,,,,,,,,,,,,,,,,,,,,,,,,,,,,,,,,,,,,,,,,,,,,,,,,,,,,,,,,,,,,,,,,,,sppsvc,,,running,,,,,,,,,,,,,,
2026-03-26T05:35:31.989219Z,"{'#attributes': {'Qualifiers': 16384}, '#text': 7036}",dc.danglingtree.htb,Service Control Manager,System,1054,4,,,,,,,,,,540072007500730074006500640049006E007300740061006C006C00650072002F0034000000,,,,,,,,,,,,,,,,,,,,,,,,,,,,,,,,,,,,,,,,,,,,,,,,,,,,,,,,,,,,,,,,,,,,,,,,,,,,,,,,,,,,,,,,,,,,,,,,,,,,,,,,,,,,,,,,,,,,,,,,,,,,,,,,,,,,,,,,,,,,,,,,,,,,,,,,,,,,,,,,,,,,,,,,,,,,,,,,,,,,,,,,,,,,,,,,,,,,,,,,,,,,,,,,,,,,,,,,,,,,,,,,,,Windows Modules Installer,,,running,,,,,,,,,,,,,,
2026-03-26T05:35:32.868417Z,"{'#attributes': {'Qualifiers': 16384}, '#text': 7040}",dc.danglingtree.htb,Service Control Manager,System,1055,4,,,,,,,,,,,,,,,,,,,,,,,,,,,,,,,,,,,,,,,,,,,,,,,,,,,,,,,,,,,,,,,,,,,,,,,,,,,,,,,,,,,,,,,,,,,,,,,,,,,,,,,,,,,,,,,,,,,,,,,,,,,,,,,,,,,,,,,,,,,,,,,,,,,,,,,,,,,,,,,,,,,,,,,,,,,,,,,,,,,,,,,,,,,,,,,,,,,,,,,,,,,,,,,,,,,,,,,,,,,,,,,,,,,,,,,,,,,,Windows Modules Installer,,,demand start,auto start,TrustedInstaller,,,,,,,,,,,,
2026-03-26T05:35:33.935796Z,"{'#attributes': {'Qualifiers': 16384}, '#text': 7040}",dc.danglingtree.htb,Service Control Manager,System,1056,4,,,,,,,,,,,,,,,,,,,,,,,,,,,,,,,,,,,,,,,,,,,,,,,,,,,,,,,,,,,,,,,,,,,,,,,,,,,,,,,,,,,,,,,,,,,,,,,,,,,,,,,,,,,,,,,,,,,,,,,,,,,,,,,,,,,,,,,,,,,,,,,,,,,,,,,,,,,,,,,,,,,,,,,,,,,,,,,,,,,,,,,,,,,,,,,,,,,,,,,,,,,,,,,,,,,,,,,,,,,,,,,,,,,,,,,,,,,,Windows Modules Installer,,,auto start,demand start,TrustedInstaller,,,,,,,,,,,,
