2026-03-26T05:46:23.627805Z,"{'#attributes': {'Qualifiers': 49152}, '#text': 8200}",dc.danglingtree.htb,Microsoft-Windows-Security-SPP,Application,242,2,,,,,,,,,,,,,,,,,,,,,,,,hr=0x80072EE7,"00010001(0x00000000, 22:46:12:341 - https://activation-v2.sls.microsoft.com/SLActivateProduct/SLActivateProduct.asmx?configextension=Retail)
00020001(0x00000000, 22:46:12:341)
00030001(0x00000000, 22:46:12:343 - https://activation-v2.sls.microsoft.com)
00030002(0x00000000, 22:46:12:343 - 0)
00040001(0x00000000, 22:46:12:343 - https://activation-v2.sls.microsoft.com)
00040002(0x00000000, 22:46:12:345 - 1, <NULL>, <NULL>, <NULL>)
00050002(0x80072F94, 22:46:12:346 - 0, 1)
00040006(0x00000001, 22:46:12:346 - 0, https://activation-v2.sls.microsoft.com, <N/A>, <N/A>)
00020005(0x00000000, 22:46:12:346 - 0)
00020008(0x80072EE7, 22:46:23:619 - SOAPAction: ""http://microsoft.com/SL/ProductActivationService/IssueToken""
Content-Type: text/xml; charset=utf-8
, <soap:Envelope xmlns:soap=""http://schemas.xmlsoap.org/soap/envelope/"" xmlns:xsi=""http://www.w3.org/2001/XMLSchema-instance"" xmlns:xsd=""http://www.w3.org/2001/XMLSchema"" xmlns:soapenc=""http://schemas.xmlsoap.org/soap/encoding/""><soap:Body><RequestSecurityToken xmlns=""http://schemas.xmlsoap.org/ws/2004/04/security/trust""><TokenType>ProductActivation</TokenType><RequestType>http://schemas.xmlsoap.org/ws/2004/04/security/trust/Issue</RequestType><UseKey><Values xmlns:q1=""http://schemas.xmlsoap.org/ws/2004/04/security/trust"" soapenc:arrayType=""q1:TokenEntry[1]""><TokenEntry><Name>PublishLicense</Name><Value>QQ5TyvZG1jOjw+PfwmLcjsm+U4WqUVdgrjL5BJa0sgu3ajPooFrSfzV2rTlKLLUkU5hrnIl6VjqwwAGXHVVEB5/MEUj4Ehoo5CiYnHaalIJsajrTyO1zs9vyTf/2YWlU7q+IZyj/ynBs/UluAOYpWDKDztQGC+mnDEuSE3U7qmjGfbQSaTg4DkEODe+0tt6UHneVh0If62RuH4IBS1/QZmCingDYB+99zP+9r/NNDsO+y8kNbacLYdIygoMIJ0SWeSpwvtkCNezTbgV2xF29gnaCAR6HSyhVLM8x16jAw70ysNJr5Et9g2x/lcKjC+RaaH2LhRddGxRlghOe1P7qqYmO9EjhUaXfO8s5Fx+PrHiSGWvRdRddduRFIpvXfX6C4RdsY82+oAtAsYwsp7yVzE3575Evkf7usKOUNvG+B/Iumcy9yW0LVeLbPifXNINyT7W3SdNW0gtkfezF4T+PcRgM8fnRXEy6WAAtXAy5tXifK0vYTTFyzuJnAzyvPT9IoVt7UXg+QexhymGB3WSUxyKJ/M7cfvFbZ5JCu6xGAZYZgQ+SzSV/GZPvFbrNd6nennhHseO5LYV2NjbrH322CwlImKcUsXbfwoGiTlMS/YfM/CL5Pp+IpxoB9jwb7OhtZ9RCDWWAcGIJ1plaLB25P7Vx3G07s5uTjhJTPAKCvmKM//HkrP3aB4eqOC0rOwlMvW/lqy7VfIT7XUU+DQMh1GHLnceBY4+0Gq53D1rANULb7F+o5Mw508e3FjI9y/Ce98nsekU1I9+r6He34qnp3qj0+gBVxgNA2y/m56DB7OW+cKymazZ9H5Yp+FvF0xaGSEBoF5Cqx3duLRd9BmmqH8Et7w/p52iht+UJnCnJ4zzCUdWVTOJw5pjRJUfo+smKRJqrVIhPFWhDTcjlKa0XQJ6tPtJgGu8pY9ym6TAz5YmhCI0EVvU8HeNf8owxDVF/XTh7MSkQOFj14aLPuBZHI3/eJR2cjp6mb2XHPbyqzapgGOVW0tA2EYIPhbpimcqvf1eocwxDJhMoyKyZSr0pS4MD+8pD9SDIARzwAa9y94hdAV8rUfCCx5kXWwlaXYri006sbyVgb0KQaloATgF0PVlNyEPvU0wx1A8+mkCOVWrAuU8sId+CUXyrRucNf9yMONQgWZo4Vu48MPwWSlsI8ZfQoR2Jm3hSynvh2A3S77gExvw9Y9fp6qTeCtPTfI/1kbkyJ0bXYl+SYDYaUk8U7XSZbE89Xz2AhaRqLgZvqiXI2jvvYIMtw4d2PPhtKSdUczjfWrVNBMtMureCMXSahNHpG98SA8DeApDoqh0u1YY9sCRAsw9hUgtXigiMapNLtFqZ6hwuHAByqDa16lP/T37QL4/ojwhwe6FkNmplrPd7fXVQauPrC0vQajQMyHsWKmJ117fTRdy7pAcrg8VL3DPEx4QLcZng87YEE3fTu5akhIp71D57LvH1uUY9Jm0K6CiFlzc6wS9LKF1FikdG/6NsG61ouaOIwJG8O3A15hv4MPLkEIfDoEcig+FrqoBICLh6SodMviBrUcLLOeqIx7MWOzP9d/vLsWvHlL5da0zrkirCXYL8bW4842mSO/FwfuyPV/hhBAwzFh1iSXYdAdbLsg7KdKGsoQLQCC8+p4DkXzoY+pbZOc/RJ4b/IF632nSQJUe/ggBMM/XlRdq8+hQCEj1xq83B1LR2yrA/ysoqYSHNLnRea4azMnYd4HdPfi83EZvITv2YLn15hagZZTMHxan8dqbBqHTqlcNpXchRrNWEZFeOSE54QewJnbQR2nIqagLYmO8kqqySsneDeWPQVdHsMN4QU0RVBCLu6rEe4NrGmCungkrxBvP4r8UoATXjDAMXV291Q7JZ8TOViuM4cn/XsrHHbUoJGFE5x9qI4RWG1ARiZeeyorPdbW46pTOoGUypPE+PFhEsoiXqPgvuybc/E36eqTB7F2xkE3/2wkGiEdC/pKkppx5GOeGl1Lrnc+VQO67pN6jjOjojpBDXco0B9O6ah4bg2X3X3xIwRRE8KTGP5aKo07Y779xYGAodyCDjMG2Y9tnH/SfFt8YorJwwKHnXq7uftua9WSk+y2nQcn8asJkAocCcJuBtX7gXAisioERBkn4wXMhJE5YzRlSklmCw6rk2uP2aYdmIJ+rIFDl9o6mpCVNuVpSLGZ1OAj0LOkDKCwKiX8fUyUv/9scus+ssJPmoux+GlJOE2ySSwf3Ytk7+mIug1vHF4OecNppaswDvmJZ2WBjxG7VbaF4ehkpqAqwNuO+W2rqLfKvI4Q2k5CALazkL9jw2psQ7wBGg7x4x6z0O35RsavItMdIDeDYS/wotKEtlVo+vihGnfw9sV3bC3NOM/Gz6aWJDqUSG84gsYMnTJiL1eLGVnHPcl9CI5l+kHXmF1Gyz5m5mZFNMyrajBRK7pOY+KOiAICHJjEtIQYZ+kLi1A5QvxqUeNfRLwU6CzdvWXseSwLtUmV9JAmSj6Iyd3FgwSHEDuKSJEiw2DQNbDJ8wMj8VpZ6GWvEkW+MPzZEOOL1Xs/bXkYo0sG03CeEmsSSSJApzDiAH5MgZEri8EJY7fVamyrVkbVVRi4Q3NGgrN/9wpbaMu+xRc48Z+enXY2SsEe/Z9Ew2UvGeqWrEBNUMp4429/BJd10VXq3ej4t+EkcBSRPe3Aq0lFJxD919uYbqQLaYroYFBVwrt35fwc/Z7FH8Nwy+AYd6QApadoWPN39Cpjr+kTF2rWW7XK0ANzbkvz4GVXSuh/zlBGnDxrknKJVyNjNR3v1JGNhGRvQUAA8LKfEgPxMQyjptYlzOHkHeWm65/+6OlVwGT7DLHxX5QuD5vN37S1h5Zhqj66UPnMYcyXICtfAr3VHqLW3dSnP4c6f50ga+cErB+zRLPiKE4A2LRaxJNMl0KEw7QuwF/2a4NLxS3z4F7JWnu/Hj4lV2lco6bjOTTxUlRu5Oj15ogF2M4U9cdEE6k/3MgwHeyslo8vvr7IxHa38h2CMHcuvv0O13SkW4/b8iTRM1pyfDk4Kp1fugp1X7sd5MwaoPUojDXtWHzU2H6t6y4bL57WeoTMb41RCG1DeYoWI6B/s4myHuZmITljA+hW1fUpzvGQRKkmHrcup+seQ++xXxQfD59uBW59BPlmyjzXiT6fKkKOr7qIPk6kpDIvV4fBXCRdFTNhQgEwZnKOBUZfFMYDSW12RXVyMNAT+/8H8KgXspjtHrUNlL1+DqQlAGT0WpWh8eF4jZntD4kAofV3NHyJCT8MOy7nVt7B4Ba2OzYqfollySKPKNYk8R7HSeW4ZLm0muTMS4xEwE62ouSiouKYVh39t3gAUWqOIjSSEc25bn0B23TVnxQ6Ku0FBfGNgdmvSbKY33X49OkEx5qisg7VI48pJzw7lMuPZsYqergVF9fvX99pVQXqs2Ea6ffRVGNkWA7dCgB7rDE9epJF/MxAW0djC6uTNI/o/EIlbXdsmOfb/jX+Ti/FyzUVZG6an+MRozcAz9DTIRYzMh6tD92WVW6SWMi4FgOvFsIT9/PiyMmYTvbSU1Wl0wGb5aq3pAitY4FZyDFkesaE8TfiUkSs9vLLsCQlB1MQwWjSCHSBXJAwGGJ1Y7zdzHpapBWcy1olmxcsEwjE7Fo/g+NT7GAD+EJfhTv9bM+aZ8RsB9ZTEskfLmHYyC1nCj9uCJDAUnl2IMp6pBHBDpgAaVwe6zWBrNHQQlW4wOsPwGXyV5UKPhKnws+yksSekqGwn5Zxn3Cf6wdHSeDR4Le7NyO+T5jPuDQurEmwsRSYiByyosZm+kcHOciBOmNBDImwdOSRlRCQrqt+sJuMFmXsjuITBVmO0m9WBC+xDjIjF18ilBLDsxC0UsybiWOGxPMm0+ginvSMsVTdzT/5ibZKJm3TXzQE4DLMooFKZfAeQGIplKgWhtAuMYul3fsL+ZKPMXybXMScVeVZdqys10OzB9p8pDcKpYu+Hebcwvsuc111wiSCqk+T1Rk/ImNwrh+2dUtui0BO1OMsWMxAHnrKs91nMk2i+J4RlgWwQqGH8kUGveo/QwG/ifAKBndFZUyRNZqaO/PiuC1diBhOCQTQmBC5GsjvguACUkSF7w0r1k5uhXn7VTVftsyaAH9eic8pvcaON3m4K0uC2cKa8A6sm43ZP4+I5U9Ml/HtlI+p4VZ7dBhb5PwCowiSK4CNUCkv2w/E+fLA8WG0QIuK3Bq+JN//TfrvpLhycRQYEJATBze+jsIXZD9gqt8K9TmJIC4jDi72mVZVJr7gkn5aLedttmUOfb+1BRAd1v986w7vQ6b7ImfA67RWoB+A6Pqd5PEPbmgl2x46+6lE8sJVxovLUoOv2ikpXu5lwA2NP4Vu4I3lhANkMJZzu6AjyjKrLqUYMNVMnKnRzhxq0XWZOz2A6mskw8fsxWFKvy77APBQOg/PpyD56xZ6G9awE43OChEft7cOr3ZHGwn0oWhCm9fqmm+0gNEEPoTDQbim9bh1n8s1Px32O/V11HofOG8RMh8uPsyx8SltMlbexf2xAEaxVvC2N2achRvkDXD+msx7thG5tj3St0bTgiv8DDNNVRa8yJCQipDmZfqhfsmoWqz+Zp0aWLChoQI8Ec2FXEWlFefaQP1NgtruN4mcPlpuiihAFVQ+zx385uaaCp2p7jBWkCHmW/EvBfBllnaT9HADYI5cLT/4bfM8wn8bujVLt3lYwJCZnpF+jZoQNdoqtrp4QRG/wTdrIGawxEbtlJvcgsw0u+6+4zArdQO8t1MY7RxfqbpDz3KaKJZN1Jzt8fhW+0zPFksAsR3N8OtTEcTtKNF1y2+0lM8x3uCKzNzssAzzHeLTTukvpvabRW3i76+XAsWIIlG/qpU0p4CwfMY9nnUnsLy1qNOPyluyD0U5XF9CrlpczXgLPZF8wOW+7Mzn9F3m3/eKvFKCmoDgvVikSeh/AChipiSE52Eqiu3UG9UOUYP5oTvc4rcWU/x1Xl3zkA3sbmGP8+sbJqRUM2IiLqZL5l2sUHT5HV6Voqbc1JRZyuUzXcPk6R/ecxv9JouRb4axfdQkmPWYNgWpw4cVdc9dSu2DFH7J2JdRg53n9/uEifPue7aihdaVhAkLHsuiOtNBw9XB1eLnBTEBLjGV0eyrR0dXZh6bcyG50/o8hXr8OlVcALAKxjKFH3wY2yg2+0vZkuIcjf6/BhTF32zrlzAsjJnSBhJ4pw2f15FPQp4N5OubZ+0b6GK2B2csv08CvKs4+mAqKCVPDZoSwV3fw5DVpZd2jfw2XEen2gpdSBZ/jUX97HWO6g4a0iT3eaG24mW153n7wKH3RQ9AiXvPB+eqiTTCr5d3mVCTjAJqsHoAFJ+Yvan71XcVi6mJkl5kZx95TQ/vZ5BerGZekG1kAVsvMVq+wAs3rxkWYkPojPvM1ddkFFK1I/5+dD3HZUZCNcaXTTCHPjHTzuui91pYGRFwmwBJUEoQ6eOqBZxAkXTvmzc9UJNcNXm9eXpdRApxRrjgTEX01FgF7axNNwg1rhARs+8R+BL37zuDiib2wITSQlFtwNs9xPZxtvTaFiLa34JKeA/OMyi5BrIfS9uPxRLyEzEiqTiT7PM7OUV5QMKPX2Y+je4v80Qw2v7sz74QKK+TWBUHRLiMOAyUElyDvhIg9ofZMhiteNGlLLQ1oTPXz7Pc46hMZaD9z2MPL/XwsboZinNegiJYK/L0P3RNMIwk5vF4uY6pPp/SbU6wBHpnT2iq8dDZRCfYSDylPP9p/0Uviem+H06aXWcrYFYNeB2JJiid3Wwe4X31m/0izAy6uOlLgAzqiXFWQepMJyb8lt6EA5FxxZlX4xNzJoQuB+7Ioch+HkbL5m2RTa4jyltIvs0Gjy5EgQgIdDk3lIsa8MPvB9UhaLLqxebegvHEQmpQoVY93P+GO30avI4gwDHLOOwPnU61bqfqJP8hoMSLR/ndYXQflXsgDcxAd5KKlsigwGlpC0ix10cbqROz2K5BSkfKNkzUTT1TCgr832WJd5Nl7F4e0hSpGVO8cyL24xTcw685GICm+BM0wkjk4+1WHm6WEStGLtz15u3kvTqpYBosXkpdHgQHxCIccFNijKnHT9Numjg3Aavv7hgIEbcMBO1bzbejzML1kdlFI3dm777TF5Bpba3TuVBnmUHC93ZF6sNIHaQerGaspyPzk+GKW5mYa9Sht8SxdvGkmv+QI7bpDSBM+yQmLvEMz9wdG/4orY+47QTo+UgsWk7mQHNLkj2ZwZj4k2rsScNHl1dIczt4Oy4qRf/eych0/ioj/SVJiPGWWZxgxPrn72b4V9sjU7+GnFtfZN0r6LnU9F0lo5ZMVd5bV4ReH6vdnxnar4tjz5yBNxXxaXzSw29ooe6ztkzlXp8iZsE3QzqAil4BLpPyQnyvXg8PjMF9MjjtvZIVX4FDJCW0vMAMr2ubsCIkROr+s2SrAwYCa4BqtwF31qm29bVAX/u6QRNm8rbE9OL9yzuL1XZEvnOUtkIXj1o45C9vfx4PIwPtMPu20p18Ei984C+sK3/qRJ4DvhTX56mgowsQNSNsLWwXkWRRGvTxPLsv4aW6yqTMOGR0UXqKBk9FZPLf8vkbHJPxmHLcQETCoRQALhURr74wyY1hCajVM605wNOssFsgugYJO26DvJp1mujuIg0laeLbcLoBxIWLLNUzVKWszoDsgdpMicPE30pNgBJvbeviz4SxDcg5HtPG+nEnDA8dy+FfSPAhVVJzzlzASGbjd6214BOeo9gAES3jAoVbWq/eftsg27KA1mCXS0LpV8JU+LMt5cgiQSJeBQehusR9jVhxc6eOIdbw9Esecws4Hrz2vAV8G2GgDLnqZibvQMKa5XQzpA95Lv+iy77OkApuUZ3ak7rNIPyKnWELyJRY0B1hh4D2/R2zEY7ccDPzQt66xiP1uEu9exS2dPmU6/z4Y0B9BCObjJASx9KBFb/2CerLrZCD3s77QLY174OVqBLCYOD1+7TYIh5N+f/SkXEjdhniNcB95+0lxY1ML3zmPEHVrmVSE32O5ep9v+w3xjUH2DC8Vb9skaSnVQKxTut4ctBow7hlSUUGPDJQtV0jEt3PJIJIf5h1W3obhbAs6KlRbm3pkOGQ9oCryGtauP5nO/nfuMxVaJPwBqEJAMKIfm5mSytv9edpL/4p1HPLkL2US0Nusk2jVmLjgA3E9c6wMknq0f4AihUws+E/802hzhksN0PZ6nltaZOajuDjrClw+UXBcbxGceHouakOD4entstAC5NPV6OW14EZrB4sQCWQWAkOu7oCWHGZoTUPQnt+yls2De2YcZuSQCqm7DnQXoCGSyCEq1OjSJDjKIlJC5vAFnSWlaEalJpPR7mon4fDVPPxrvSVgTtZZ+Nymunmlz86AoN6cClYPHJohKSkpDMyhuPK6+cMuL8qZrPJRg+anYI4JICq+m9j7oA1FE7YYb2hk5SCfyydCJ5rSm82XB/c17wU+jXTCUKsBQmWuXVUN/donSzmdjO/pjyqlLk7DYAUKz0Ko6OE2FVWV7JnfEi7BU1Oj6YvTYG9oQ3Rg5PJldX6aoIzYAvnWFMq/RmsQkMaOnW/HPSg7evqrps6jOttvoC4riuooQrRNPNX1iCAW4JZJwmhZc3ud/JtpDw0zNg3ViuZAwuI84NjzQtbmDLdj8awbeO+j3rjOoc00tKYCujMBeosq0pzQdiE/+VhaWMkbiGgLbV7Q9k/xTmrQTKLIsL2k7/UY9hgwFKYzujvkeT9oA/SVPaXEfeIaCCkpqoVeP1wjsu0qLeEBsRwXrRdZCEnBgYQsVwQDLsI46LqOVmZK7GXA5ojc5oXoNlLzPihCQQ5rzsfqB52wsqASWEUwjncTDVgEYTCPvXynN5yL5seTNNdmXidCrxrp49VoJ50jQ9JQt8W2k+k/wzWQg5AugMYNmAC2HckBz7kNEq6tO/u3JFswXLPSfXYSyiXS9G3i9fSuFC5pvyfwCP0eAMsYBbNAIjfDa8RVUhlWc4hNakQZuUvRr0kGgey7C5JEEjiVhul1jYbDjf/7swgnZsJBwrQcx+GM9TfN8TAznsQuNZr+pLcl4Kx1ieq8k16wDZOhC2D+aTdsDX8BMTQGFLi3Yc3CVDeKZ5h8xO1U0Uy34OIQ0cp9TMs2AC50IqsZG3u+M6dls3FkEVRtM6tJ6xMg7GwsjN71mwY6ycJOxLYNkkDlIBmmMsegiE0UvhkUinjY3SMqjD7H3pZCHq/8km3muWECH4to8R3I2UtaVQu8ynhGKu6Z+spAB9hQCLp3FO1djXZlEonFnyGOp7NtWWjsTSW+DTlHzNXsYi+ICMsPwu0dTmmx5gjEMhyC6JTA/BSdIudhCrih//mHlzlRJ1/qr8LpuKNEy7GNLjclKHDx/8AixVQRX/ABtrKv/UcZpzdzwFtolkGIf8otebIoTbkXgluhk1aTFNtaIKj6CmW3zAcq5OwN53TBvqrxTA+NjaW8Z+3R87w2GYimwTkfP6IxcDwljxIihGYPG3mUx8ZbAR/1Pagn9SUOLcybJ7COTPVyPqChnBimC8uJj15rdtW9UvwmkqUhIopYPhpLp5lIemUIs3nHjaPW8eTGVNP4Dj89eMDf2L2OMo7agt7dmCzln1c4gooA65N8l0AvVXkg/Yw3D1f3UHAqvVHaU/9aHAAk6QTd3Rmjk3lGnAivYUjwZuHNo3u68G94i+M8+mzhYgOWE54OsDyrip4RaBFhxCVvQ9Eis2Bsk2pQsG7z0qrOZn4xM/Wl2i5flM7vD1NUm1pKH11toprDpCPu6lvvKPpOVFLhNAB0vJdFkEfRBBPmAI6SJSBoyIVXJBy9zsKDr4dcbBjOZOooRzQtZeOvfFhq5IsQYKa9d6nb5xT5VglmnHYmrgYP0LmTlNsXVoioiXcOJuSa9+RwiYgLq2GXWJ+PaiZwwliXj67tG8h2c11dsEUOjvztyNYpkZVU2I+Y2MhXZoNdpbjKRDnXpz6qKC1xm/24jJ6GbPA2ptFHeFsY3P5W4DmMmu28FTwtD9Dak/4dBK9KcPnPCADm2v1AT0cb945evW/i1ooAZAVJe20tIHd9yttaZ7Uv1FNA4ut7ed5QmGpnzDY+dSlg8wGY0bRvqeeJcR9mmpZkP9Nl3zH2P22cmI2bksNBvX36mmQQG7fACGrA0pyXTUdqZlo1Xtwu70sFc2haGRT+9oqHryu5/83oJkumh+/iS/tRo5N9zNbL9az8Aom9XPTFE2h+kkhojefpMXYTf11QdfVmNhC6aV3IsKiOxW9rzT13Pn2vleeUHveT6x4JpxI0YL1GG9IO0IW8v5d4YS64iE3NAF3HIPGpTg7UpNp1XSMBw7R202Tedq5bgQsWQrzap8yaY/uP06QhjcGXF46UkkJw2jIeov7gBQEBmpQNxa523HLAxS3zyFmHag9L6wXRBJj1G+M4APV2hsF97srNdaUZYU+xvWj/56vGHcABLb+4tO749NvMMJS7bfsKYsZe/ddT2kY3PbZaVXhJQmo+8pJ5pEcgJPVE89LatRTOtYPpJKzpmF9acIHiyxWWW7Vlm2oDXJBnONBTuImVDU6gOf7b9um3IQyZYH+IvL8cwbhOEIDVI7MLv09wOn5R2BCMwM3pFuTgQeTgBbaBto0mgWHYOq43uWw+nGNcSMH8heUQ3BwEAdgwAF7WLBmrwbcDbLPkuIqvJeM2mnTyEvGN2MKXhLzWMpAgm+o2oJad5CUORG6tCJMSMMW8jk9jpgTOfNuRVQZLFxjbiKdqnsjUcaaFTXodAhkMWPI7HPBUlCHFgezfsUw3QWurY8ygM7PZRPxXLrQYPyXEniwhG4SgV2cUEnauQHn46j45bLQJPnpoY9R1ZB6I6JKmSLwGFS399vsZ71vYNbVooNNzb+bP8WGpnJrGu/xe1i09GECUbhFE1wlKQY+nlM8l/uQSXCp7/ojIHx0fx//len2wVi26U0MgYLLh/rLZzGDtc9JNsQxaQY1l3sn1lE8xp+Zi+A8nsSLIi/5Cc4g9Zm6Fu6uMgoQnM62wXRB7u78hyQ1/BrjPBiajAaDKvlPQVLdqDnk1vdqrGsx7JSu7SELUGHMdrE7J0rXaFNiZYDlOm+1a9QVoQM3vzupSrjuLOkHAkmjnMhUUoize7CMoQPyykAIy5CiQtN8BqJH37LXUreOtrcfCrOjwuDS/uJjD3PB3+6l1ugtlxbuaXwe1xDmBtTR79bgY9we/ueXzc7irtVYq1s6FURjBDivVtyFex48V4tux5IHfqRTbRfB2qniJJNJJT7m4Ktg/PgVtmP5lqFRvhvWdyWpbcf12p8rVTwlHV2XLMGS/TtOSisWg4kCFj0XixPu/dsrgQHFQ2VTplUk4D8oWkcPA2+wtojC1y27/Ao9rXK+ac8y80RdiHZV3AihwWqNEDNQ4OvAAMpx84Foki8I11yyy6QHwM8W7/KMHDnVDlb7RO5TdOcpixV9GFFkZiz6dcae1SF1jCgcdHD/COfNJEDYMn1Y7FPFNFF1EIioSVx4BA1RCBCLRyMi+ADjJqBHcApPuAEZISnH9znFEgavyptD/FfqrSRW9An1Z0uOVN8TvO3JaUOA5CEjvgirkbJK/pZHWrWUHpEyd0qy1UajYoS0hrQfuECCujRduPTKGGzvKbaXttdMzqia33tzLC6TAhaMaFYTCG23h76XfyiF0Gwi8embrobMfwobnEd+32HrgxXSILMTvD0O8/hVl0VTyAr9tMkeT3TEx278rVneow3OTbFhV4/Mp9ydJMG3OZTUSv4dG3pBDVDNbTCDKm80k06GEsKBNQd57MMgrlFlBqcyMmH5xHOqVEiGFx/nLgq6qP4rdOz5SjdGLQMl6FJOxXd0lAj6ytjOPlTMDD4cMd9szh0yseUJWUVPU5PdDmc09fOGNyzcSASQdKSX2SBlbLpXyiIJDHoIFBO/jG5TvH7i5fVf69s59+9O6S9sCK78EgwP8XPOWruIg5MPbJGObHSEX9Q68POUY8gGiqyEQR/OC99N0SqGsTk3iyE0FCXjwqT4CglCEl01CSHlP6ppQ20S3R6rwffk4z0SBHbDenlG5+cxWol6l6ab+FHl6IycT2uE1X2IqRDkmOEzVS0dqVlaYjwHjnRNj+9GR7AgKwcTxgjhXRvrKbiXIap1hJqppftn8NylTGchfS+Ksmws3kfOw0BMTe+tR3PmqMA25oNXkdAE85484iFky9LjBNJe7vho/e0vSAnO+ngcss1pP9HnixhEu88+sSHmJ1F3gOfgAx05lOmk7RgUyqEUW4Q8nfR7ZscQ8+uNDrHwPlD2o7E24/OG1Gb32JSUI4L5whkbjJnw89sNFk31N59LAJAe14eqmNxY6aVwYfth/+2Boy8tmkJShMfYeVMV4TqY0Z5mNkPpLg+amr6KlA6bX7gMK4+V1MFYepLTVKSFX4VO1g1vk/eekwoJbshr9q03KJBdT/XwKSWjI1GRCQT7cEFHyGIr9aRXDoa1SR9hoUDfXvP8Z9bz48gGTXqjZeZD2NbCeq2dmlhE5Q3RzaNHhNRRkMP/FgdnJp2m5fvLqruB+p6AFOpkP2VNMi68R1C6nnLFs9Kus83tMEViwhwRtYaE5gTbSahELaGPrRuhIAUlCxVJUBs5wSOBdEYr4XrJ3UyiZFNxqShMS1p/brqVVXp2N0tZqXvMO8SbjsI6IJP/W2YNUeJokDH44nzhNHOGjSVROoIV3/WNhPOBXw/Oveppsc0bfVucxAPM96vi9nKmiyl2/CHWUmci3AfEvgBk7gUs6Ld7tSnS65rRfREmE/rhcR70ruqeA2dal8CX2c2vuWu2FKrhB+MWwTpzzTaHricHX0VpwLc1KdtshiadprIEnuZKkGamUPHe6L1KIwi/Wsb3iqAvyql6TnpppxgOG+zLCVxRc8EkBCwOKxynioli1wHRMia2RjLJ1QEDRDjQDKAAAKNi/s3yfGw7iFo2Fs72r9fI9YSjwhqDoxBFdsebU1nT56z1QglHx54fgqnkzg4lnMzUVMAzdyU+BT1TvCtlFnVslMhc59xiQlnn8EEOMMCVHUxUfCXXN3zaEqSeKFt5RzrtxdMQ82XQvRiQgP49W3DLlcRZbLZZBet/zZvixRt0V/wWgXDdLW2Kh83hPSoJaN7ZHq6mnXySWLnifINwsUH0B5eJLzNtsqIUBQT0bOSzCJnoNQc0oJjBOhgTjJwUIuWibTi2902qZP9hPhcVldzGxxL5AUqwFr9NDILj57br92MOOr2cmmPmFD2V1z6gx4c0J3dzW/iDKCQNXrHAd3uVa/jX7Uj6etaK8VkNZoee3S8MBrt9W9W21cctdMIEquhQA7jKT7UjEaNuVimWs16Q32obhuyypkhcxk0N5bSCJI6yVxDGzzLVG97gTJ2q6M2dEQ4BUnWF1/PTgXWgf8kza0kdVABM4id3ZHAnGnUb8I6SOtPD8mnuCJkncKXU+XK+5u6L9azSVJRuK7NCudSHcY4OqJAmXMI0BL6wwtK7AzmiDvPSRgYSLEPCkjlWefY9pdKwZj1p7g/R1PuDTH4AaocZ3ZciMSIAlk4lJrdQQevGoCvMu7Js0Pu6SvEm8XUeoLk4o9mH9ZBEe+2XEUfypqkQxZETPz9xkpTn6/lgUXccdzLheKPVd3KHyYvFJkXbMzmt3gd+VCFsPbxPxPXM6/tEQDEGRrNtVLxkv6chye0mz4z5aLHpIsQWjZaN5UOb6yB3hXsIde2eUUBL+c1B9QLg5tiV2HROGiVypLDiXfwj2YXaXfxwhyFRMEOsesfezCbIy/yb8huvN4m4gzpizmHq8oUFve+Hc1jBDwXDQr8hp6N1ECCE4+WZhbZcZVMJyLBfyvNt+hizUjkf+tApRanz3yTR4Np4dttthtdTQHnLwIePjWCLCvAVv1rRs75pZu5n1md+xDfyCMvRpfQ3U34xYAF95xhF43i/cx58qktLZ+8/5cdrl919g8VnllDRb6uxKsD3xVOiDlTJ55nGsv511qLvXi5gSQsowChmRSK2/BbtPgGHvIYyXJe0nyzEID+hte/mJTcZcfi8Ob5qJWB2zdqfZAuGsnjxbgHA3QBRIBL1EnA33q/IUcGPJ1Gvb0dgXfRJxXsnDaq0vOy65nBTych1/RzqUuWa5jy7dHeYMTSvMwzk/mPTOQDMYOOO7Yhr7AQP3h7YxMSKfiG8oslQTB9AqucDikNhLVTKS+lhxQL6Cg3ObF7qFkUf9dczaZ3vfS2zAdm0EjINJ9VXYG5+7b0aPreJeMDrRdMTzt+WR02yXp3scXaSb5RQvEaU86tKkoUaqKJfCPpZehsOR+Ud9m1XUSBnPlgJYeJ0K4UMdV7HYZD7VutEHh1zYFXK7BwSfyCaB8n64lIHTE+S/NdpoZzKyoY0aR8dLtgN6v2uvLAi62xN4ZsA1y4cMPPoWm8Lz+WwSFLx9WRlB7hrQJsAOu9y8B5MjQ55toB3W4DD7yUrqK1oGP6KaibrDBmZ7Xo/snIN9M1oXX7Fibkj50hARf03GzDam4oUk0dgJUhqf6ose7MU6bKVg/qRnueqtlNRPglnKz39tnhlWHdUeOerhCXI181zP8OGllDQRfizZiP959+Ia+y16YAYYXMn6WiXexcDiu158s6LPwwZw9mj2e1Z7aPe7fhisLAfy1f5e198kmKdVh2RDxLJTPIfYZANFlloMUn+aNEcpNFM5NRwhzmDe3RkpoHNeY0/zXksqNCEOMb+s0DOTIcGF8xnUXn1JRsFhL3F5cm6z0lyJtiVqbWYG7qx7UwMkS36W031Ao4wOvUvDr4M9m8uV6+9c3dRpfM0OIQJN8Dde4QL+2ETEky4A05In6S8bBc0JCExhIwcvlKXjjDR05SWrGZ8Ge0ZSkuTYC1EY3DZr3Sgnab5wXWvDT+J2OelT42BEyf4L03m02Pt0Fm6+X3KV687WHU3iarAzSE27vrgiUy/o9yI/QeVawQiX8MZmOZbKdSeveogtwnb7/gKbZD1YjIlsfTI+3AGAmLDcpFxfNBQkLYiyek2s09iZDLQUrNJr8vQXZ1TbS1B5D4pJAT+kGFQGncHx//hYyBZ849ye0oe5urU1r5IRbITfjlPSkEHY+jRwi9UP34uf2TYan9i9L7M6qc156zGwQR+VnP9Uo9tqr4T5XR2KtURKbekwqzsbO/EEUBxuhh9PrJ/DjaErdRAhm9XbdAFY9vWbfV8ddpQmxq0ojkFb5jcrWBMEYYo/wNcu9ulKVa7lygU0rXhZ3RKxaifyTq9MUycrBRSNPGoaYZ7JZWYFHWnK1h9JfeCeWeV+HqmyVEBkoRsnpfw6gwoRQyAJqCazDqkBrVyEGuyBNQcc23vJUfICy6CEf97HwMNP9OCpRdhdV2EoUgY53ktVDmgQiguz3lHmXd43A4YMxw1zPpkjqAm/cJc7jA2tiQXoj/Je7BEqB9Jl4GqNKEsqDtUpT47iCTwKRCIj3+FwXMoUzKXjEPQD2xO/NsT28iPer6sYB+k9hTEBC1D3HbfpLefjHiXYIVosqt1vY2NRKbzvHNjrfnksh9TMPf/y7PVTLh5ymI29ksxyhfADzahKynQPpjH6yg7wQXxleSZpmPj5IaL287OnVJ3O3Kh4z66IVS+GUDKRllH38GZX4i6VzgNc20J2Caf+QOKzcTfFy6aKhJ2jgzWm1wEYgSwXppQJgwi/WIQpI+MAF/bOn6JysN+npP6LbINq1uMUx7h06btRFWhDNBcUr0+y6YhKw/KOXlPJq9UKKGNpf0ydfG3WUlVRN0y+DVPwqy059VV34Htey7IXUU/0Vgkb6TbUNos4EjI+jBI+33TB+uH9VEWeuWYnJzG0e8TxP/qHq+ZRicx9+uYczk8jcYciQIM9HxRs98BW04fVKKteEOZhUbinJ9zVx+hDTxdX79OUuRUYG1bY/DiLMuzBP/8mcnizjRcW13F1GA4ahWHTV6aGE991wwaQPcoT2F8h3WtJGN0Id+Xp0gQ7pV7QUVKjbpKfTegbKD9elrzOacycr0WgyZ2YJjTTtbJPClOhObd5hSLGnmW7+z+9lga/hSJWzFWjSUWjkzGdoIAWhrlEMvvdDfVKjm5ukkGiC5478hztDtc7VHUXHneqIoNJyQEUwn720iUaY/h59EAKGuX8uuWKQj8jyhRgPsMZiLZeGNtq17+O1hJHerf3ALzDpeVSNYBm8j/dnwmRrpc7mSaUTPg6EtTygo0r+g/rDIP9d3X4dMMff90fa+odrEwL35t1sGQM9emDbSNKuhe56RtCDaEmV5xpeFTVV1sDWKcjYKmn2tD2qb4LNT75Z6oqKczYaM6QFzU3Eo1+Satt2iub9Ss5JePLXHBONjVywqCFklyTm2EH8lP2+aYRFxM2nrvdVVQ19DTX5jVN8grVFPs7vctcXyVqmCBrVEjbQ5G+UsuV7VKmWbyGHJoqQqYqZr46rCZ+w50VYKCp+JUpNa4wg4uyRiK6zy5G0UsosmZxUtEU08+rmRiDZ8WnYVIrmcqQFJ5wKM/fHGEVqSCMoIS0ear/sHhDljkvCv07DtcDMPlGtPkqSvm8l6IJUy1WEbsYAKo9hrclYylEfqjAHDuIArmxOanQG9ylIFN/vsP9UNQfdhX+l5xX6J85yv3aExr3zbXZo8wlfmPgFkiOz5hJcSVkfa511HiYMZnXZE7z1HCh48Pah22uO+jkCeet3tpYDU9tuzJM3l8VIyu8W48TE+zeqGnEkRQV5o46muKsQznhDD0lOm1VLtTTwvrbPGA==</Value></TokenEntry></Values></UseKey><Claims><Values xmlns:q1=""http://schemas.xmlsoap.org/ws/2004/04/security/trust"" soapenc:arrayType=""q1:TokenEntry[17]""><TokenEntry><Name>SessionKey</Name><Value>Pbk8GHmS1DFUMZaNygAmn+slweD0FAPxZeBmFqp7isdglYEps7G1fR0gs4+WXCRaTrkFG3DW0gMsiFRDMyoRSA4vN5jR3QmCTWbZERTZKkvT7aFN+Y3pV1nyoieHBsQKvt4WNXuEObsnrdXHWF5C+NecSifb4DroFvEtj8ntJ6dXaTzAbiv0pdQSksoKM9NzlfxNtJTBGR9kHwCcNJDMyTS09c/r6am5koLKHRNVkQGNjFiQAdTMgTmjNEa9p4YSw8XmxD7r8iCT9nya7RDGvRLGCHNksDHJOeAig2ApSFP6aptcBaUr7LyeRFnB86TBON2J7TMJt+nGe1b+fKyN9g==</Value></TokenEntry><TokenEntry><Name>BindingType</Name><Value>BDP4o4YCsZ0kXzrJtKd6xYO8pm8+szq5Km5NLNZz+dQ=</Value></TokenEntry><TokenEntry><Name>Binding</Name><Value>jdt68vAkp9O4uzMMIhy2rcMZkOP6V1AyNet+cVmnTHtWkqxLeULdwHa9QmhJl0bPN0KFep9d273YUbcFPWE+xI+q9JWj2XtPwYuQ3su3NoU=</Value></TokenEntry><TokenEntry><Name>ProductKey</Name><Value>SZ4q8vkTg5LjzS3OXbWLu3O9d1SJayOe1grXZdvNNEs=</Value></TokenEntry><TokenEntry><Name>ProductKeyType</Name><Value>BDP4o4YCsZ0kXzrJtKd6xXELV8M0yD+Jd9nvVc6eKwE=</Value></TokenEntry><TokenEntry><Name>ProductKeyActConfigId</Name><Value>DanmS1b+7u3t2lXYLt3RGiATTlCIUXPF7LzHL9GJGSl/jdO5/dIt2NzDpPoUcf4ppjUjBqpkQKTjv/oxBP7dqX9NZXxIHiSHlWoAYgKQtA8=</Value></TokenEntry><TokenEntry><Name>SppSvcVersion</Name><Value>SYEqHRPQLeKcfRraO86RoA==</Value></TokenEntry><TokenEntry><Name>otherInfoPublic.licenseCategory</Name><Value>xfT/VMFDT2gWlt/YQ/YKKWFrrAisPsciwgYEaOS+Hvg=</Value></TokenEntry><TokenEntry><Name>otherInfoPrivate.licenseCategory</Name><Value>xfT/VMFDT2gWlt/YQ/YKKWPCsVRjnojlP7kN3IW/kWA=</Value></TokenEntry><TokenEntry><Name>otherInfoPublic.sysprepAction</Name><Value>+z0PmKP0/nP1gnre/eSVSQ==</Value></TokenEntry><TokenEntry><Name>otherInfoPrivate.sysprepAction</Name><Value>+z0PmKP0/nP1gnre/eSVSQ==</Value></TokenEntry><TokenEntry><Name>ClientInformation</Name><Value>vI3LDs05LI1R2sY+Xxx79HUc2aacARHLf0myWg5Wwdr1VtqC3RmJb7/mDVelHEmEA0Zwg1w5bRZuEfL0RcR2/g==</Value></TokenEntry><TokenEntry><Name>ReferralInformation</Name><Value>qUSTh8GnJa4ZYKzTl5UO1RvnfDSIlHF/1Gta1xDrpTn22c9xcHet/jaD+G8pd6UE0tvlDfOVS8l40DSh/1rSqw==</Value></TokenEntry><TokenEntry><Name>ClientSystemTime</Name><Value>5G5MCgNfVyUwnnCIDeKJqI//Gy/InCxNSaf9yWSDbOU=</Value></TokenEntry><TokenEntry><Name>ClientSystemTimeUtc</Name><Value>5G5MCgNfVyUwnnCIDeKJqI//Gy/InCxNSaf9yWSDbOU=</Value></TokenEntry><TokenEntry><Name>otherInfoPublic.secureStoreId</Name><Value>BYxaY0d97JM3F2IWtYdYo9HjgERl73899GiapnWpes+s1YMxRjRFZlhxqwBA7ita</Value></TokenEntry><TokenEntry><Name>otherInfoPrivate.secureStoreId</Name><Value>BYxaY0d97JM3F2IWtYdYo9HjgERl73899GiapnWpes+s1YMxRjRFZlhxqwBA7ita</Value></TokenEntry></Values></Claims></RequestSecurityToken></soap:Body></soap:Envelope>)
00010002(0x80072EE7, 22:46:23:623 - <NULL>)
00010003(0x80072EE7, 22:46:23:623)
",,,,,,,,,,,,,,,,,,,,,,,,,,,,,,,,,,,,,,,,,,,,,,,,,,,,,,,,,,,,,,,,,,,,,,,,,,,,,,,,,,,,,,,
2026-03-26T05:46:23.629683Z,"{'#attributes': {'Qualifiers': 49152}, '#text': 1014}",dc.danglingtree.htb,Microsoft-Windows-Security-SPP,Application,243,2,,,,,,,,,,,,,,,,,,,,,,,,hr=0x80072EE7,753c53a2-4274-4339-8c2e-f66c0b9646c5,,,,,,,,,,,,,,,,,,,,,,,,,,,,,,,,,,,,,,,,,,,,,,,,,,,,,,,,,,,,,,,,,,,,,,,,,,,,,,,,,,,,,,,
2026-03-26T05:46:23.691938Z,"{'#attributes': {'Qualifiers': 16384}, '#text': 1003}",dc.danglingtree.htb,Microsoft-Windows-Security-SPP,Application,244,4,,,,,,,,,,,,,,,,,,,,,,,,55c92734-d682-4d71-983e-d6ec3f16059f,"
1: 753c53a2-4274-4339-8c2e-f66c0b9646c5, 1, 1 [(0 )(1 )(2 )(3 [0x00000000, 0, 1], [(?)( 1 0x00000000)( 6 0x00000000 10 14369)(?)(?)(?)( 10 0x00000000 msft:rm/algorithm/flags/1.0)(?)])]

",,,,,,,,,,,,,,,,,,,,,,,,,,,,,,,,,,,,,,,,,,,,,,,,,,,,,,,,,,,,,,,,,,,,,,,,,,,,,,,,,,,,,,,
2026-03-26T05:46:23.701446Z,"{'#attributes': {'Qualifiers': 49152}, '#text': 8198}",dc.danglingtree.htb,Microsoft-Windows-Security-SPP,Application,245,2,,,,,,,,,,,,,,,,,,,,,,,,hr=0x8007139F,RuleId=31e71c49-8da7-4a2f-ad92-45d98a1c79ba;Action=AutoActivate;AppId=55c92734-d682-4d71-983e-d6ec3f16059f;SkuId=753c53a2-4274-4339-8c2e-f66c0b9646c5;NotificationInterval=1440;Trigger=NetworkAvailable,,,,,,,,,,,,,,,,,,,,,,,,,,,,,,,,,,,,,,,,,,,,,,,,,,,,,,,,,,,,,,,,,,,,,,,,,,,,,,,,,,,,,,,
2026-03-26T05:47:18.419066Z,"{'#attributes': {'Qualifiers': 32768}, '#text': 6003}",dc.danglingtree.htb,Microsoft-Windows-Winlogon,Application,246,4,,,,,,,,,,D9060000,,,,,,,,,,,,,SessionEnv,,,,,,,,,,,,,,,,,,,,,,,,,,,,,,,,,,,,,,,,,,,,,,,,,,,,,,,,,,,,,,,,,,,,,,,,,,,,,,,,,,,,,,,,,
2026-03-26T05:47:18.727002Z,"{'#attributes': {'Qualifiers': 32768}, '#text': 6000}",dc.danglingtree.htb,Microsoft-Windows-Winlogon,Application,247,4,,,,,,,,,,D9060000,,,,,,,,,,,,,SessionEnv,,,,,,,,,,,,,,,,,,,,,,,,,,,,,,,,,,,,,,,,,,,,,,,,,,,,,,,,,,,,,,,,,,,,,,,,,,,,,,,,,,,,,,,,,
2026-03-26T05:47:19.121191Z,"{'#attributes': {'Qualifiers': 16384}, '#text': 16388}",dc.danglingtree.htb,Microsoft-Windows-Security-SPP,Application,248,4,,,,,,,,,,,,,,,,,,,,,,,,2026-03-26T05:47:19Z,2026-03-26T05:47:19Z,,,,,,,,,,,,,,,,,,,,,,,,,,,,,,,,,,,,,,,,,,,,,,,,,,,,,,,,,,,,,,,,,,,,,,,,,,,,,,,,,,,,,,,
2026-03-26T05:47:19.370543Z,"{'#attributes': {'Qualifiers': 16384}, '#text': 8230}",dc.danglingtree.htb,Microsoft-Windows-Security-SPP,Application,249,4,,,,,,,,,,,,,,,,,,,,,,,Security-SPP-Action-StateData (REG_SZ) =AppId=55c92734-d682-4d71-983e-d6ec3f16059f;GraceEndDate=2026/04/05:05:15:19;LastConsumptionReason=0x4004f00c;LastNotificationId=NeverActivated;LicenseState=SL_LICENSING_STATUS_IN_GRACE_PERIOD;PartialProductKey=7H9YG;ProductKeyType=Retail:TB:Eval;SkuId=753c53a2-4274-4339-8c2e-f66c0b9646c5;ruleId=31e71c49-8da7-4a2f-ad92-45d98a1c79ba;uxDifferentiator=TIMEBASED_EVAL,,,,,,,,,,,,,,,,,,,,,,,,,,,,,,,,,,,,,,,,,,,,,,,,,,,,,,,,,,,,,,,,,,,,,,,,,,,,,,,,,,,,,,,,,
2026-03-26T05:47:24.647223Z,"{'#attributes': {'Qualifiers': 16384}, '#text': 1003}",dc.danglingtree.htb,Microsoft-Windows-Security-SPP,Application,250,4,,,,,,,,,,,,,,,,,,,,,,,,55c92734-d682-4d71-983e-d6ec3f16059f,"
1: 753c53a2-4274-4339-8c2e-f66c0b9646c5, 1, 1 [(0 )(1 )(2 )(3 [0x00000000, 0, 1], [(?)( 1 0x00000000)( 6 0x00000000 10 14368)(?)(?)(?)( 10 0x00000000 msft:rm/algorithm/flags/1.0)(?)])]

",,,,,,,,,,,,,,,,,,,,,,,,,,,,,,,,,,,,,,,,,,,,,,,,,,,,,,,,,,,,,,,,,,,,,,,,,,,,,,,,,,,,,,,
2026-03-26T05:47:31.579159Z,"{'#attributes': {'Qualifiers': 49152}, '#text': 8200}",dc.danglingtree.htb,Microsoft-Windows-Security-SPP,Application,251,2,,,,,,,,,,,,,,,,,,,,,,,,hr=0x80072EE7,"00010001(0x00000000, 22:47:19:489 - https://activation-v2.sls.microsoft.com/SLActivateProduct/SLActivateProduct.asmx?configextension=Retail)
00020001(0x00000000, 22:47:19:492)
00030001(0x00000000, 22:47:19:492 - https://activation-v2.sls.microsoft.com)
00030002(0x00000000, 22:47:19:492 - 0)
00040001(0x00000000, 22:47:19:492 - https://activation-v2.sls.microsoft.com)
00040002(0x00000000, 22:47:19:494 - 1, <NULL>, <NULL>, <NULL>)
00050002(0x80072F94, 22:47:19:496 - 0, 1)
00040006(0x00000001, 22:47:19:496 - 0, https://activation-v2.sls.microsoft.com, <N/A>, <N/A>)
00020005(0x00000000, 22:47:19:496 - 0)
00020008(0x80072EE7, 22:47:31:570 - SOAPAction: ""http://microsoft.com/SL/ProductActivationService/IssueToken""
Content-Type: text/xml; charset=utf-8
, <soap:Envelope xmlns:soap=""http://schemas.xmlsoap.org/soap/envelope/"" xmlns:xsi=""http://www.w3.org/2001/XMLSchema-instance"" xmlns:xsd=""http://www.w3.org/2001/XMLSchema"" xmlns:soapenc=""http://schemas.xmlsoap.org/soap/encoding/""><soap:Body><RequestSecurityToken xmlns=""http://schemas.xmlsoap.org/ws/2004/04/security/trust""><TokenType>ProductActivation</TokenType><RequestType>http://schemas.xmlsoap.org/ws/2004/04/security/trust/Issue</RequestType><UseKey><Values xmlns:q1=""http://schemas.xmlsoap.org/ws/2004/04/security/trust"" soapenc:arrayType=""q1:TokenEntry[1]""><TokenEntry><Name>PublishLicense</Name><Value>stZNOPkH/CXhh2wDz1uZu9kKvJA2DZe4QxWyh0j+I5n6FcezwuyU7PjnRfzriZCIYMg6cc4EuB4kppkJbtP0v51is37efl7XFK9hRmRh0aBfYJpdgQXt1iuFkY2LdlhjAg8a+AA0qIpvEMlDp90kdGQu8DBNg6wpEovJruo/U4PA5bwbvAaf9QlHK7hzz96mmXW4UiMR7zHE4jC4NjRvciB87BwNmhgqWt+QvfG2y8s+qeij+yQ2dI0VQR/sDNFyUGjAT00XWBK7B/XeIhtEN0BC9QvRmZmQsJPus8OD7fHBsfLCR0jsHhD4Nu5dnxV7EJxiyT5gqJVB6PuxKTXu8jQ+Ui261ZMcvArt9gm3Gs0+assIPB9xI+3wxB0h7pNqrYFiz/ygqN5wxkHItVrsyu0Y10NJP2NZzvVQdSdayQqtKHUOUnoH3yx1FxjbvbAySa1y3ru7jPwPUB8o6dhbdJGfrPQO5FLyglE/2cBr52o0R+DI+1YDbeldih/M9C99SqhO3ptVDtNfsBMZFy+jy2fO3uGVJR94xY+Onvf2FpC5VVuCbPKOk8NdQXHqonK2tmGxmZu3X9OLE/V0Y54wfA2ik6OLiHQnICvF48+IBDwfHGueVCu0u+U7nmUtKcAIHR2KAiwLw4JoXuhcofToOTAW+mhvCS5SHNEUwdvUW9PXC+Ni8Zm5xXHUhGD33wmfwJXCOV7UCnl4ePK6JGLob0AK+eVGgrEt5jw4VOzLuiqY06zIPVl3z/E7nzHdlrGIdt3YjwWv84nEa/t7K0ukqxmcp5l/aZzoMI4uOCEqtpjquRNCwqF6+Io6qUh917OgTCcB0nDSFOSZNYcOaaO56YoTbhOTCyByDGs3qJUf4PdTx81XUHA6OzPq4Ezx9NKEd/1CWHeircdeC78uowNr+IwdOWYmKo1FsignsXWmHhFIewMbpQiv98wHWj/7Y+qwYbdOr1Jj6gPRj6hBPWtrBoQy2IA6M1Q3mt04aWQASSi+rIkWfRALJv+pUKtHjx7ynWGzffKshSX5TIAe9J/gip5Ij8RfmqzWnvmkgSvUH23oL+uaH05s1ufGTjJ4f40laU7nL1/gP7pcls+er81/ttBI99azA/YrGD0KS0bCxA+2e7sB4TyU1QFIIf8sYLL/4BBbOcb3tQ0lGYiCC+pGQSa0exbMEgADSGgaA2Uiwu7yUzPFONUqcly+1vq0pBTEa3TJZsd5/U9G8H4l6yLuKe/iPGrLKRmISC93/odn1c6azA6hhPde+UkmxAkSa6x7gj/uWxaUeDQxiVAR2fKl0SQjJR+h1jiFtdBuWJCX8Pk150gJa9xALpXGv7XtQBwskcKaJGXtTiXrf3Bc/z6qp4GiFttmMwayvmjOHVtGgWUBAEXJH/ZjPUvpQxEobJ8N9IRYfLPfAMcToKE1oXRD7T115Hfjr6UA6NxSP4816RdiybayW2DvDyyb3zAt0TbWsMyxknSxB5Hs8L1powSdjKZNJsuruu0jCmH5ib7GNMKDi2/B9xsja6ZXFAu224uI3gWYEUoFdnZ9dFUe+IDzKKyGgV1WSr4Jh6UBtwO+K7xuexswewOIYV4Jskysvep2cjj1G0Bwhje3XkMjCeFlhVtXBpnPrfHJ5bNzvW1jhRmICFBbcWqXYc1cFS8Aq2BNlT8/FhHUssK7KcVAFKmVjIGuYZtqID2xyRMr5HsYDynIaRaprFPKwCt5kKG6429xJhoFXjLj3ZpRrHZkdGoR28FvENy11lXlDuJ9IIhbIrZCZUFXPRBnU+bNaPZw42iu//pDXRn4VO/GaO0j74CpyLx1Segx95Or8uo+lTw+QaDs6bcvUvJgkLICfA0Yu2B3WiYMM34vj7evKRR9qPeaW6KY1cRJrTNIXqLBtbXWUG8sH/fgNIO15shOfEQ1pBkwXe5NAyZyGa1j3VD6xcWwuvpUVF+T4Y56u+eOLlDuPZ8zGOt16wiTveda8z9VlXtPx713s1ohDGtKhIkuXXaW1lUSInTgR1q5+7KSQcAzDZ0UDGNq0gK3cbWPfnCbZtUaLr8KDV9yPX8BknPzc2dkFA16Mc8ig7/xp5kz1R5S46ZJsa0JRONz7RGLN8LcjBtPXaRGX9wB0HnFTtIpMbSTTbLx8NfxaHziX228zptToHDCkC0PetcwtIi96cB1OCn+pzRXETLlqNtHSB8AhqAoi08KZ/CZ6H5TRUUr1oAK6fameHv6rUqpRryu1Uulcw1KYUijABX/1WAEL9sqFyVjRtcq4gsN8H34vWX8Nf9uFV8b97bmRW2Qs+FR0uudlvYVfs8il+31a/+5KXVFWzCm2ukbDP3m5oflgsFnseDo6ADIifa4GFR/vrg2H72RA1oRAo3YXp2HnB3hWDzI48GSkltZINJOXuy/GmdRt/meQqOrSe64yvFtMdc0sR4lmWaB/Cv2GfVWnEqO2G62wJI8cwuCp9XWOzLmq7O107MfqtaQwIaN/NjRUK1Vwp7gyJ16C4PPT/EFo4QOWJGtFJ+Nv5irphgL8R1fcDDwomVla/oWE5PDzHCm07Xg66Vzoq9YVUgVEs6rg5o2Q9hZ21nNVTnAF5xaNOcmG9tgeVcXpKfcIFmEgaGDhe1vrAc7omOnL+zQrAikO2x/+5sKUtZEPkTZm59zSp8iulN87GCDTFsclhyGhRhcNnkz+xFsVG0+ROJSGjkiFTb/pHUWYyMkebTPIzNWFvov9JxZ/9OyuNJooYqDK69t0FQCCC2Gis2wNFnaWTyRn8bYQyirUFfvUBOboXWPHRTYYM0iRvszU9JmBsCaE9YF4c4DUctfA9uE46KXSyQ6CUiBHG8FewATkKHIG4rwOZLsLmGDzZyn6NqubpZlwqelQFvioQwblRnsd2njPhop/mV4kkVJG6Qj5xMeNuLmfr7emhVsAXNR8tb8GjpvMJdS4BklZCM6zbmIUXDTYMHjPdHQQ4v7T11u6hyEViUHZl5KMrpnQQonfCrB1ke8yjLvC8NkGt/P0l/kSUd2+1+rimB2gb5xWpsh6/XywMOQoxmt2aD1dNUYfow/xXmRdZgQQ7UztLa7CrFxOWWqoqTaASW9jI4F0T1Jv3x5g5wDIjL5/ZadeIMMYCrz0MWnuu95QvTu9oCQKk6S+Ntbey+ZX/xiR0DWDegEasWf6VKdlrODagGukJcJmS9V9pWpUWqAutAOIktBmg6fJmKu4n3qBtYYpl9Mlx9yEGA8TRdLam0BNgXj67HrPLI4zhpj5af60fS0ZAxLwXiaeXYtH97h7tXvcJelUdNcOYB/axHIqtM7Z20cVOURxgClylm1qiWB1TIBU8+/U7J6vvnGuYkngsjsdMNBjPoZd4yBlFQ8TzzF1cbBm7UaJWjAC02lsHotKbRMu+u8v17+vVdnWy/m3kr+AJpCV/5LMjC5ILiwV2d+uTIDc807z0UZqBG640oajBlglvV4RoqSmyYWaHdFdLTYTYRrPr6yI9MOdUKUwdNbGJJMv+8haFteh8lZUELs2yXxQi6zDXaIdByPCFM3cssICzt29ceV9VlPf5eZWd1RdrZD030huba1gdXUzMLE5mYcz9GuF3P027bfP0w/v/dcmwt91dcq/7tDhg8Yk4knQfspNEYAepD9lorDLz/cJuMF6s4BD7bXawrvUoQgocxxjt+C2uRoR7UbYl8byUC6rXP5kYwgRJFqujQiBm9CTt/7nNyv3oiEGmbyKfqm50w+ZUIsjSBALk3s317ToJhjE7WIxKjmCiNR0RQokKFC1WcIP0/hfQmLYP1XLZuoId0G6mmZxsg5sSd6D4kV2cXsoUxsl7Jzu8kgfdaGiykJcWZUJhvdUUb3TEr9QnfHStX1ZBdN6s8yNqLCnLm1U3mqFSIvpHEwip9CkGoETYMf2oZwSPmB7BJZdgqt/qlU9zKKYDRGpZEXz67VAItg58JzegYuuAMNBjyCWM7OaDBW5YuiKiXEb8mRuXwcmhueHxmfO6oIZPQPfuJU+KijIOeVILnk6iWniqyKlYP9HXHpwXQ3G+GIjzL0kC8XzjgzEppXuSihPVivQh0Ry13x6FUdMPQG+AfCdL3lULP4usQ8p3ufbA99wL5SfqdiSQkP4Yb7GHZgALL5E7f9t7TgZN9DSjc319rnpuU0+o8/uwAX8IkaVHeOWM3NyQBD2y4E3GPKd8Ere/s9mruKqhal5rqZP3B0iF+RSXc2E5PiWs7lKWy3wzG5lDsdfers52t1WqXiFPcxz1Cot3rV9MEENTPm3tyaEoilJ9lTfERJrl2ET0yTqMtZUmC5mBCGuK2pA6xI4Qoy8y2aeJduF63HHqYFPuIXRmVIGzL6ltWvmBXaS2pEy3lrwT7WspgKHrp/5Y+VNN0O51U0m88arZWBXXBim0BKHgD/ehzYUTmZiHKC/J5vzOmnmmsme06c+DuIoT82SCmYtgmFzkPmEl9GVvhRUnFRLfQSjfwOdtlV1ly3U+dom0T7RF7fzd014aZcIk34wj6cJ/d5MKlPNWv2CK4ppfylkMq71XrLsqH/VnxLwd0GkzEGJxpO+SKmVqEG8A4sC/HH8rD4FS/NYzIU58gL7SIRTwj9c2cLZecgWEa95pA0wDwCCjUyPcgYMFipEGCpKnLEmosV8386iztOrJJS8zQhzupfglCbvcZQTzdpVkLLQ71E8WtKKcrCe5A5GiAMsgSknSC643VW0nan7gxRbrrRx4Whc2a0M6VXqVbvqQW1t8AMbzfye/PUWvrkbqpezkBxM6FuNsSL1sVu34WitL4B1RCj2Cum0siF9WIazbWNkLYMOteGsCnQ7sk4SUzj8Em2rS3VC9Pk/6wpIfEVBsTGN7GYn8AE6GNQJy1tF/vWfXnDjB21cw2+tPJG4XC382NlgZcP+cU2xDes4vblx1MXFW6IbNbR0odcz1xqUg5AMQsI8aFstqAlPqJIMl9cYBliHrlWbx7mkNZY5esDrdNNpU5n2sFulDxQ0dpHjD7axNeNtHi3qacFkXJCCcTXPZkXnkk4dPLNfQlHHkmXkd9amLENuIQGKi0+JWLE0ldQhNPyYxdsZwitR6w26Lkcv4VMky/AtogOtYLSR/FXvSdLoan1k0/2FLtWQkegmLDN2QQUVABfx7QXk6XIOswSfKKp0x3rPX8u5ZmWBZIcoPMAHujpmSyNS6sq+kRtNbThr/F0vySlrwStjA4R2mYLxkoZV7Tk9Ge3XibfqnXhFFFIIuY5X48s+lLPDqi/Iwp/dQe6LCOpfFMgfsvZg1SRxn0tsYvugWtQtqbr+hl1eqNJ2tvqyG2c6tB4NITUHFJGoqWKpP/fKMf8uUh0es+2cThFoBIy24xnH3BueWVlQ3gdTj6F+mexZpCPan3iSHL4daS7ef2Ptgs55ILzV4lwzvxF/1tJI7wbaOJNiJVxIjsBSx13ulGXI4YZfkar9HZH7UQox/ioPAuawis6Tzh6WiVveQxm6IzvyIxa0Lsw1TS6JHsKTf7YFKFd1epDFKOQ+3QORBCDXzJ02DYo+2n5uinXb/5iXWkghvs1YKVUsAJce76h9TgFDlxCAkWodHoT+9M2FTzbUyVsXGJmkVs06qOsHihlzBYA2Itjm6a7cJlho9zs9ERIRNP9BGOyBXYWA0q4FA29a67ubmMZkdtn6GIxh8n0gOvl8j+iipqZLT2De9CqbFDHAdxAvJIPDFKrh2dKtmTMcKu0ZyMxChp/24jPm2gO4TERL2KQfML5tB/0jgmKHiEnbTCYTBsQAp90MB8S00xBfcSZm8EP7xxhZo8jP9x5aOch4NkLq1dWqvZLMGqW3p9Jm61nJO675sQDq7eV/MKeUTsppIIQ1HqcUq74LNf5wsDSIzhSYrNoAz2ggaNGR0TSkO9pWZ3+w9ZZFOWiRgzo2CkbO2hs319aL/nkq0DxgSa6KIyD6r5+eTPsFpmM/b6LruG3Khb2LJQvZ4uOQNjUGJD+EI1XO4sDZV45dsQ0YQm+seuGLbe/WMLDrrgtHn79W13pRHt4PIxAExACBbifqGF9Id3rQ2KV2eG41Ha22ARHMtHS7uKfAeSWGTZ8gqgC9oi3UwEULEn7npLo4BFBdb68LO1gN5e+/LybEfzA+wGHPtmtz6Lle/iJmDgxojG1aw5ku7OMwr+Q1AWNMZINkuIzj07D98Giqxck1vyJqKtpTgyGd1Tt7J8l597euaxmY60MSenUty2IHC2vNhTdUO0tc8Y5xAnBM44Zo/tMf8eItP3F1ryahQ7FAGzYV1ce7HJnl276z5M/KVhwmkQ3x3JCqN/0ty0riC94QAN7CSvSeSPgdoZFgZVgOuT5Eo7km0oOE12js1akNvZysqppBx9MRpEKRDsRnCHXJHF6kiIMs2Wm29BpcRN/pGWYs2giZjqUzm6+mO5aD953zPhOH4G6nK7XFF0pcrWP046lSTO+Hlk10TcR/c5ZJD9WmfjKvtDexvmDLhTb3w5BwBy3kUUD+G+BhskmHp1Ljsz5igE7LClX1QLPPO1tRZBEvTruxOGS62/9q8bxHn2pWXp/0qShn99l5w4ycRh18O07ZiiLQWIVGgiVX8F8nxDNllo64E+0IBPjSkbrTlbvMAump3MCL+nlWCBe120zBqeug/T2ZW9BsCEPR4FG7uKuBCRL8Hq4KI6Dl+JWWwbbnwnerBxrRxbOv5ElyCd3yOHf80QMTSe3eTmjy6Q8NlwVsArDe9M5z7ZaHgGMmRIxPRmkwyBJGqY7otLTOkYnXv/GTYswgOaOOAb5INMF5bL+OCbo5MoPMU+tQMT/2GZowyrJm1s1hv+OnRZPPaDdlkqbD+hnF6CsQ1NTMeo6Z0ddI4FvWMOkjnjrk4H9oz+cc0zH5rTBKr9bwh2UKpFOXhitKe95aAi2+ghe48DzatkkiofmXTb3/0Cs7QvNPb3CzLmKeIhaULSMkvCagpNn9yazCOg0U+kHX2i6ZQNBgWTTjwwm6XY+oLWbhzCFXShXjkvWUgKNmvYf1RuXFm0LMs5+HD71Sy05GBHdlClO792qWjeL1nehIWmcPyo/+Z27pWh9kCsSh+cCt10bx56hpKzd7kOkQmcfO0dQ0qNmdUaI9jQQm12Y2ic1c69QW40onKLzZmo0Aqpd9Z/VWGkAHV0Uy1RfzfRE6u9uwpnPxw4mgPNhmKeP3ADko3NafsPYqoCoXoMWWL6FcFY6/CcUPrn79rrd0wqgtg2+sOu/JwArkN1nuw7wK4Pt9Lg/HgII0PIk7mDKhXftsBHDqJaJEpqnEKku0UddARRlyiiCeKxO1f6XMfsU2EHoX5QHVdP5KokmaZR2+pWjltswJxyxfuRbjLwQTVoegIXXV7C7AyBJ8ujLI5B5eqbWkfExq+rN8e9DrsYwVrLYHoqSPHkJ1g9WwQxBo5OsEOxMdBHsale4R3tCACESMMuwaxYT40zQbH6BlklPAP3RHE3VJQMpZe4HtzqY07lZE5VLoh2XRpzlCKFwyXjzWn7mXDV5Qsw3LeFQXHJmwPUwSzPzdZ6JQlaDo6G6tuXTUFocMfN1AkxifYUJbVA9HcOBGekslyCFQzCYUnMSS6nyzEPWdh9llA8JnIJAB5uZuIMwJeEX7/E/HErYcBrO+f8fy6ZXz4h4bm3TK0sgZBdhILgO5H0FjoGrKL05dc/L2mRyZWa616f4QGIaetC9VzD2xJbAQGXwE+5XJRNDt/NZ8SkUpIgyghhreSY070IUZUXWnHSBuV3bevPBkj5fPfnGI7ZHk2X2nvsNOBspWvzt5PC4ev+Poh7FDS+He6aIT6O3WGi6NZXFgy2xarbT02eG58t0nI8B45+YXT0dxfvzS3VUap1ejpeMKeihD12kqXA8GxzWkk2j6Lx6FV2JS/LRO4J2ANWQW3Ds411ShFfKETu/7/rDY9CSQ1lCDx5bR+25AH7QzlXLMK0OtFR0/sWph7qYrjnTQxEDWnAJS7lm/1O0OBn0/OUE4G1uo5jhnyARl+RtWje9Kox09/pV4qYNl4MIOVNq5CwyjJ2aV562eIDVMnaAxjAV1Cqyz8OI9jtmWPOD4/NgZHUjtOhfqeY8zZbxq2Hn1jnVu6meAI7j8qeJU5IyCJO0y1VhPR68jP3Fuban/rk0OnB+lHgWejnfqOJEJfRxdF56kNGzOjk3KJUv6xBgZ1jey51lg51gER6wP1tH2rpSm7CuRp+R0qI7k2lV1jP0iSnPSyK4oxQBQuKTmHpDCU3hdd4k4vVfh64itw/FwBR53BSDoIRgKaZRUTrOdixfj3H/uP1EAzKRZ0nmKD9SZwNPaItoBOtWifC/wwSIR7kdA4v+g9XEJgqPS3yGWLkm3zC/LyWEBTEWYtQNViw2DzV6xIT4+f049uXe43K3qmX5K6sus/KbY8+c1e0I1J82Shf/jUhrmUn+4UH/1YIApEP28sJjlejtd3qlk7xjfv9qyP9+woY+NS36yT+H7DzeGLUe1JoVhuK3+5t9BZaKuoZTdLgovPhxyUCkzuDyyODUBKFAKWP584mXoHCcUYPZ3sobLUiPQbjq+PQ2PR8NxouHx0R5D6GYmOIYdc1Jty2o8sUkSmS4tXyo9wb+e388N+U+UXlX432jGmP3C45aRtMEtKw5JlyJkbJWoyGcGSqE+VBrEAJbZwp3KNDYFX3j+BxyTOZnqckCo0rcyDg1/ndR3ifxp3BJikBh+jN8ao7lIhoiqdkKUX47UHJuOGITJywEi3qmCR7mFE1D0Ok1dIJVZTgxeVs6z/ox6R36etqdJcniKEEbrLQjqNATsXDCWiC7X9dCf1Cq2KSWUG+Be86XUIS4wMLKHVcCOnJGxMIhPnVl37FIhvC8clD28Q9+Rq+RQniodsXrlOW347LHPNqci3UqYzYJ+l3WszR2g2Z4XTh8lYM0K4ozNVLFHANb8GSNeEqtuvr82XYxpS4WgUIZJAapzCnq9qDRpwX/uFH40jUYzj2ymHZgzzN90RNVWQyHWsz9opNluQu/6OmX2N+YxAZbBP8z7S0skiqfGJ7CSB90knQXaZP7Hp/p7rNwPZqKIipY66oF1zeeG3ybCXne+D6Itn80mqidVNGYBxFwLHIKOaRXOUt0uUZXOFPpjE0GOidliUXH1tjze/M/7s5bcVLSndX6ktGOJfimf5IKbhOSYJQmZzj2mhZulDUuXN92KXiN79FEIh1O7oeWi2K9iFqlSXgDGxlBF4/RRtE9w29Gs2ApHKu39I9cL6BArd5J4W27uYo5d4P03QAeyN57cXJ1s4+eiOrfrW/EqAToTp6xxcdkdpNqGGo6VVCtTE1s4xPB+muhPO/iwfnup3oHk3yphqAm33CFEajh5XljehF0IMNOR8lQQBq+h9SrEi6GDqJXZfTeXfqmlFPI57OltsxhZrSlxRuv+S9tmXqiJd0ngomEdG9I8WUmAMIgcEIE9v+rSgHSh9AEqS+u33OedCv7Quixx4DWdPVda5jNVOq3LPHqCBFuCbPYi70XSd4xNjcPYTWqoo6SoPSstc0/8chB7kg1hA5Ml5l3gfDurZOgeox9iYoLdDp/EAnaf9IYabaocz/GBXEZxGAZCLp9djGbXNBOdEFEku88g/GaopqCIsE5aQZ5YF3IbKwC2L2lASwusMpD6t/UL2bJO6m6Ag1XNixxL+eDRm1lmDOmelNf581mA78XiWgad8fBk0AWTjaTZGEdNkEYx/dfyF+RSWy/Wh3opLv+EVF0KGuax+PaZazfMMeHK7xKy2MBzwW703gq6gdCxTLpPMq1C9PLaD//o4V/0s8Rzx9zSn4oho49f0dZOrNuyTncNppCp4hWidUJaIDlRuM+4mcLtJOidym/pHyuyKw3i3jsc6wknceJmexmdLQj2vKOvfHuABKZhB/VHE6p95DK9FoNYNMUgY+RY07xMyfm0gKJ5pHdptbNmzILN0N1irFPKm1xIHlDbGI6lTk1OjYffL0Q4aUWjgSjwKCZdVDMALyMaKl4Nvh+GRYFYZQbJoUJqY1TmSFaXRiyfVNKTjzucj7Ypq6YXKAoTw2eBGbqwm1bLe5zpyrlOAXhhHsMkyt/+l3i6l+n9QC6kGQRl5anE0ATWRJrPc5IUZmh30wqj/hbu7XXRLws/U/xc9YCI/HBfsKvYsBTH9u9QWy4Bja7u/F+DUqPdq0fhnOUAL+T1WGQZoufS9VoXRkrD/PX2PInN5NrA9UJ+w4QGO+NmOoq5AO2iHoMo220PjvU+zGTpo1Lp+2GbQ9BJAeolMQ0jyERbNmGdkCkSQfRc6qHmDcydjV18UbMj429D9jbTVQwjyAdsiQ7vJoymz+GKpNx84ij6xqdtg1jmTkh+ysi86545aeB99nONDFFTK5vvGmdZOytSxoZuOS9N5nXHMlBbubKu1zMV1s3c3z9GvnDGYhNJZmddxn55Inwugmd9FjvMoytuemoFNv3EiCljEIc9lAGOPJJ9BJCmL79nVPkkAijEvZ9jZWOzlfxKQawETsVsL4aTvj7NalohRvBCf3S3S+giBjZ2ab4CiiYL2J2RM1FWWvRCRv4uPfMPO5XPSEvjUSdHTHkYIOp27C2twg7FZYUDKCNLBs2UdQIiezGri8Swg7ysLhCDN5gBaXykC6FZ0lDac14Upoh7RmvBKA8AQcsITMiuej8WyT7cIxVIDP+1hTi3+Cx8aLCZPesOPgwADsWV7Gly/+1/FK5xk8SiFvdN3zAR1N02eR5WOal9+UvgO0ghJJ+YEPHJ89wRGA+MMyBP0Ggeh0dGINv//1goUrnZSJVaqN1xRBOZOeLkO9eqc/pmvv2+QFL7bfA5Y/AJ26fqeZBywYmycR5GRvL+qoMdB9dRa/sZPKSpFl0I+UMWh8kJHDMaPgzi0LTqeSTK71xmXZ2vHs98BhGYNxa7IMalJEreekcXnxg88NKDH3xyxvywpPfCGDup7ElFvC5Yy84ywi4qSPcbwQ9GYA0Ll35WVfXgfPf3IIyhfsjAlEFsBfgiaOQQ7knNeBnjDwvKkvNNWcMF43qctQTz7dGm/jWFuHxWvj8MUt0gud9xknFNINs1YAg+iLOxDbegbUEe5kWEP1fVq6B00G5b7IFP0ijNd/YaRbY4PiR7/fDPU19UVurlwCfZELeNASwJIn3m0QW5hbCkiufuoJ957ck6nWGFQiAx8EFAS6C4BMIqvz6rhZY0o8n9+52acjSYwQEO9hEHQvUzrrk6zdl+vpCJdom0Rz4+fZgm6dEOLyhJuPpNdfaiY7Fdbt5f/Qm9zyGdnMcIVuszvEZ5KfdWQbxYsyKawCOyrSTEMaHRrTvPtBXbcHoizcw8a5xAgdbtRA4CoMwqipoEzw0JHcQig0+peoLT47aou1B+FWEaZObl0LTVn4g+FBmWZ03D0s7yijLzTBalu5Y8WBQRE3IGOlka4FzKiHP8FrGs65paip3PIrMXBwdUAR5usPrfwu/2M9YugZsJoIjspJKKiQlZUYRGR67T2ZHGDq9T1fU0q1Bs7fAOvsMHAwMgIiQQJ4ysDDloXYA/zs6TFQGbdT30tWCq0z+fPeGVsqErdLATxsvwK4NpbRoFw5lOuBZfswe6HCFREYlaQ11TzrfEwUXMMoiEncqP4ZvlPNprUwTDSxrPkatv/tDQQIRxWnHp3ESoQGz2TvY55p5IUumJzPzgmM3U7JMeKn4gC9l/ArTK1asNnD5PMirUn+Of2uSwiS2kheZk4Htyrt5dZ9HKDbsWg6t+qFFhcZWHKc9QhSpg33MmgF5XP++yRnKFa71t5kMhqHYdiLrjYOkLAvUjlQkc82N4iukJ/7pvmIyzN/LZ9vCF/3VYbC4Ru4VH5X5NJ5e+kUEnAbEaeKYgyTsH4hVjeu40I/9X5EnLm6YHTQvNMcAehpm82pVQQPSh1CYEO4lX0KTS93s13sESRA0C5HTSzo5AMSHZpFrjSljMH9cIF7alsc9R/A5QrJrQvi7Kq7QbVVCBw/T1/4RKtX4MCE6fDs18W0OHTPVPTHYLiJFEGL5Fwr7QAOP/DuFKqEktKpN76K3IJ9aeD/DIISDEKHzTVI8Lp3l0eY6uYgyNpnlHHC4ahy1gx1DtOTJMvh/+YbIRo/Z1WbQkIC6ICwXg9bEh4viGyvtlNxsp/q3PSzKq8Kg6sO10absqTiR7URh0IHe2AGJ4abcPqbIXXF4e7t+62Sos1BDI2hfbriC2EO3E/Qe6aYQBI9VBYhzd2ujkh5DacPWzhXZz3WilQ6lLX4e3gQQbFPkhmXs/7SSJ5kPfTPEDEyDMZf6kiguldJLM9RzCQyd7KDdvL6wt4nExTmTAj7x5gus8JMd61s+a3z5yYiaV5K8pGIeucuhVjcbxAF6Flh7RkHYkiwORFz4nGdfH8EO9raEMjY9xMUq64kEUNRUFp8z2lqF1zI9mAnINyB8keQtnu5aX2sljsQiTw5XJECatbnDsblImA3iNZFcastNfakzrNX+osaMZbbg1c/PUgAeLpr3Y+2Y11PdNpb0GBAiuyGjp4IbT51chwttV7b5zw+pXRImIz0XucIl3zL0qhveLN6S7fvZW1DNKzmLdx2bFjAHeux/xL9D97OGDt/FbLkDkMG9mULZ7gUNzztxgCj/Rl7MEvHF1CM8N+YbVnZCtZF6JgezVqRhE8pVHCY85DXUhpx0yCVQINarFQ5bQ1Haz7gH0PUL3JsjWFHS/p51yr1edOFFlcJbyRgwYcmTUV0UrzzQrEWt+teXtVPKXPmNMra+8BIVGLrGGIiokx9cJPRm8iRA2/KDfk8L5/4tyZmum5Al7QjAmfh0wsfjOgQb0oWxsczjA/Ulz3fugLn0DWdvi3QV0PPpDOHM7qpJRBwInCNgtQnr1iujzv6gWefa//SSNCTHFQhVeDOGrmKiGKH/pRReYOgTyegi8zEc+IInisKdVZreSd+/5O12kESjyzaQBwxq1pQWs3XfKZetVR0BaJOvICv7eCMuoW8sDXre3mj1D/CC4ZST65hLofOR7TyN/IlhePQqiUUIdlEF7eiuIJOxE3RR17A6D6MJj9v3Vwi394fr0otwBLU5t5th53pcR7hlmMkC+aHJCKq3u1vnizz6dOx4p+mxgimIAlT3KDMLKxmTx0qdqYjphzZMqzvmAjb5RBO4ia3ull1cytlFZ58dm2wyRyEh5/unnU+aYStlf+0BZIxsrshiCIczhnlPKEFfJpv26tta2EFMC6OZgX4YzZm7MaItAfQfyFcmFDcezSxD52jHUj945SFKxR4dvVh5IRf4IZNAxcN8PbK5QGYrNVxvB5UoLlu3+PwGnNszblh04Tq7NjflT8qFZ3U3e4fiKRN2ra0QFQ1SjnGj44entUAyC7yslhqqMIoRoKaxXe6ESONxTccPUeiwc4H/mRJn1qUDWMqLGnw5gv0PZn6JJiDR17GHjpYUq5wW+rbANxXKCHvIyTWUaobnB20PtrZUqdgUn3HycSdJAfZ8bIxL3CT6MRfPjlqX/o7jXeapxTxfm5/2+xSozZihsBIyYEG0PRIY3IlICSE21/mI6dSIgXxDStGZVRfsdMga7ps6dGD5r5mMePAk8yssoNiQ60C/Dduh1LYsLVCiLAYf4DgVh9a+cLfd7WHNOCyIh93YurEXZgwrNNIPn0Uqs6YT8zuIGZ69jL0o7lPCh04AsYU6XmNgOPCifm3Z7BnlkZhziIt1dpi1spORwasHB4xunA0j+k/SNn0WExa2VJGxjSjSBHBikPM95ZKGEQb8S7hseqZTnHE0WEluyNQe3r45NT2lKWekznatFv5dicRKl/RVJ2JySyAZoCMwoiJZAkleeo7DZyJgMnYLgO6TGe8pcZAwEZ6YKCuf33ZzZzTg9f3n/wdNiVx9gi7PvMmrREto4GdJr9MrbwJFxHCRf8fUnpMaotYrA4WNGeVrFbo+covZsRCPQDOQoPMpgwE51qHVsWBsi2XbjvhVr5Kl4jR0RV28fin4+xqwntEdxxCtyY3HL7PteZc9RDzzcUQ/fbVWOhybD1Sl0Nt9nO040TNDBRh7n5Rl26/jRxKVWZoZmYaf7N4sWzUPGwlJm3Gu93IIK38xsyrEevB0gJottTrf/bfbCHmIMJewoD8H6JYrjFYqJNhZrHd8ZCywbBQ09baypGU6M8VxgHNThp0yyD/VBBLTjzotvO4cdLzDph0QO+O91nGSJ4s5RhVbJsB2DxuHqVDK8YkD0EDsGUmpMI7QgkXLipXtJEjABRp2aCq11g8rfZQQC+ta0VViRNwBh8qmA/viWA+iByfQNGPJIfjmhckUACTCA2LKGm3S0he+5Bl8EhNSeD0eyivm9N90szAM3kNsgfDbUJ+lqvgKYV9R9gDfIpnC8YGDX8Q9VLz822dsvdMr8WDmf2+KIhInGQs1YHv2/eR9IswnevyehSVHClQeqHTHKL8Qh7vMPIxhlfc+GabazYS71tfjQ14zs4R7+46bEZUhzMKC2qOJyogvB0HNenHjPXsAbrl/ZCVDO3a8xOORVLaae+UU8F7acVpYA4YUpB7QCoBQIIEa+maLG3IOFUoDIJBfPSJt1R/DoWL2v8zwpxt3x/1cKRdtFqzfm72fd/GSLrGv9RBlnMA7maw6CATfn23UklHt3fa66hNIRnVc6Fet4vEbMISbOCN0Ew/OCzfxFDRIjpP9UCG+RK2dJfxd4EHrW89h117w3Bv9hYMkmKmPRAJRr/Fr16ni5FQp6R60gft5KmcoTWRZo1vs8/QpJE6JnSxIjM+G5ZCG+Al/EsIoX5ohNm0u+oJePGQgytcXoKOeRuGM76NF8g8dx6UHwS13BAQ659yAQi+/5lStRQ+cYiapvEFGmQ9nPxdQlBa6f8rRx74E4B+Hkn2dLYhYrzAcbS63sPQh9s/NuORq0FvWMD8YIlmG9rUN5FvIgLLXs50O/LUQxV7xazcPzXkzD7CpUCeG3QGccL9T5g/3zDajLWtCmcPYo0PNXnEY4heT1gOK+nVz0XEm9z1/R97IaSd2VYBC2U8Qnf6PO+wjbwzG/B/ipgQTB+dts2yEupHh06GiYZaMykNmRuzr3+DiomgAZJNQsMkiPv5wioJPU8FWSyKk21OnN1RiRKDHbgEQh73tUeVpwp5/ERPha2I3yAMLahG+Ru9i9AYtO746Tfrym1RbsZ1pAvZjoXjbqWMoA7wb0KCfM8KyEzbVFDCUxtYJV+huzoEXubazlN9tLv56aDd4Gjh1mLJbydyTd3MMZ1++SFtTXr+SNes2eAMDo/DMDcQI9Lhi3zdfnMaw1nYral/DaVibWsmQpOwgd8a9CkXHnxZh+NkdJ/rs2DGSFB3uObXGVqAdG/I0xoG/63BddTXrdv7a5Z2ppY/Qz34Up714ZcEu2AFY6ct7aI7zpR4QI+SEOry9MEdJ0Rtt3EfP1C9Xv8Ku2zBD0MajzvL7zQEDh36A5EmyUPwRmbuHuS7cxV9xNMQcdm4V1qmYogqsTavqeT2lcRRQSyVsjSXRRMwzuwJEWaiuuEeiaigM87LdFVwP4Sr7/mZg4RJECyc9ekG7175WdrvYjBd4dI3ME9bXwMKgYYrvUH91KgmKm9fohGoSyfuRHJ5PbzQqizCU9vCJ3tLp38JcVB0w+3iO/D75bpPS3e7GmQ/E2IIiFM93wfK6US/AQ/2FDiwkh1oS9nrgqRKncHvJMVEGDuC6pZj1n6GWdDKZsFoqpKm1Pu0OHpnUcWqHvd5l1Y0k7Z+DYgYW0pEDTHbRFv2QzzdNooL3IgDH1CBvb4R4VwguCY5nD4+ki1CzqEj839w51GuSJjge3K9kFsEsFccwwg==</Value></TokenEntry></Values></UseKey><Claims><Values xmlns:q1=""http://schemas.xmlsoap.org/ws/2004/04/security/trust"" soapenc:arrayType=""q1:TokenEntry[17]""><TokenEntry><Name>SessionKey</Name><Value>OYztngNLGseBecD1CAEbNTVxkzW77d/3/sjBxlGwYIYCdFJ3g1Nhiv68E7PLS7EhDOHPg28ZoBJFZAjLJW1s+OO8jvpaecNVWej69NJGG10CYsHqfASpP3AH6KjXCtflZKGYA+X5Ozp77LjBn9VSgw/JwStPBX8/ssS/C7NMfRTol/c9siSNE2IWnoUFlYP+bLgAbBO1FqmFoIOUAd0s+NAC3h7Re/dEdgiqROxpP39RGVxdW0GdB/VOIE0iaQUctFvxeAoTNTDPIUF+NWzEjPbHwUkoELk1PuWvfv81tpFRq06pmanKPJhlvqEe0sbg6cTqWG3DQcQqiZz3BXP7jQ==</Value></TokenEntry><TokenEntry><Name>BindingType</Name><Value>vczMfAktxbH3bsYIYPF793i54hRHIPO4w1rXGxzo88M=</Value></TokenEntry><TokenEntry><Name>Binding</Name><Value>bEmkH2sD28Vv1UdtDfdfwXtz6AWDQC+ERu0cK6VefB8zvzsMAJHCA6l+3CSealayIVbi5zwlIEI8m7XdRiypwfV1MSlsiOuMpCNo0DG+Qsw=</Value></TokenEntry><TokenEntry><Name>ProductKey</Name><Value>gYB0XBkxjHWOzkDm5O5KapInrUnfxO+tSn4XU9LMroM=</Value></TokenEntry><TokenEntry><Name>ProductKeyType</Name><Value>vczMfAktxbH3bsYIYPF79+B8DTZHUZEnriJbxcuCqO8=</Value></TokenEntry><TokenEntry><Name>ProductKeyActConfigId</Name><Value>xJPFDrPSGwi9onCUJBa9CqUI5JV2Z5t63rM3+d8rBHRxsgE1dySTOXX5Yebjb83k55udGIBniLE5LswiTghdaZ0fR3OKcra3dDOwR/YIeTs=</Value></TokenEntry><TokenEntry><Name>SppSvcVersion</Name><Value>BgcNSk8e7HD++FjGjLEomQ==</Value></TokenEntry><TokenEntry><Name>otherInfoPublic.licenseCategory</Name><Value>Lkm+/5ge1p3xdHND1nQkv9GNZD6/XG0e20lgRY4kiEU=</Value></TokenEntry><TokenEntry><Name>otherInfoPrivate.licenseCategory</Name><Value>Lkm+/5ge1p3xdHND1nQkv9JLxCDV0QQBeC4z8lZy+SA=</Value></TokenEntry><TokenEntry><Name>otherInfoPublic.sysprepAction</Name><Value>8pVkbor+LqZoQvYiGhWcQQ==</Value></TokenEntry><TokenEntry><Name>otherInfoPrivate.sysprepAction</Name><Value>8pVkbor+LqZoQvYiGhWcQQ==</Value></TokenEntry><TokenEntry><Name>ClientInformation</Name><Value>aPL7S/rD2EjygQ/bNTxImEY25Ahet9sDIPtw9eWj0MCbipZZ5ACZcwa0G8i1lJKiYmWZDGutF4uLOVCCJxoL5g==</Value></TokenEntry><TokenEntry><Name>ReferralInformation</Name><Value>+YEk1iCYP7pov29GO7zhsCCP+u9filhzJvKargHdWTHUrfGlb22Jx1agv7wI7oDxw1B2Mww3uD7tUwISKWd51w==</Value></TokenEntry><TokenEntry><Name>ClientSystemTime</Name><Value>eTk0zvT981vpj1UTMThwv6x/FSsJKkEmFgIWJ+nMGkI=</Value></TokenEntry><TokenEntry><Name>ClientSystemTimeUtc</Name><Value>eTk0zvT981vpj1UTMThwv6x/FSsJKkEmFgIWJ+nMGkI=</Value></TokenEntry><TokenEntry><Name>otherInfoPublic.secureStoreId</Name><Value>MoUBkV8a+Wke2iBDK2SDweyQTwLItJdSx9CXPS80vTBlBKI25ZCyC3P7qJs9G1RM</Value></TokenEntry><TokenEntry><Name>otherInfoPrivate.secureStoreId</Name><Value>MoUBkV8a+Wke2iBDK2SDweyQTwLItJdSx9CXPS80vTBlBKI25ZCyC3P7qJs9G1RM</Value></TokenEntry></Values></Claims></RequestSecurityToken></soap:Body></soap:Envelope>)
00010002(0x80072EE7, 22:47:31:576 - <NULL>)
00010003(0x80072EE7, 22:47:31:576)
",,,,,,,,,,,,,,,,,,,,,,,,,,,,,,,,,,,,,,,,,,,,,,,,,,,,,,,,,,,,,,,,,,,,,,,,,,,,,,,,,,,,,,,
2026-03-26T05:47:31.581208Z,"{'#attributes': {'Qualifiers': 49152}, '#text': 1014}",dc.danglingtree.htb,Microsoft-Windows-Security-SPP,Application,252,2,,,,,,,,,,,,,,,,,,,,,,,,hr=0x80072EE7,753c53a2-4274-4339-8c2e-f66c0b9646c5,,,,,,,,,,,,,,,,,,,,,,,,,,,,,,,,,,,,,,,,,,,,,,,,,,,,,,,,,,,,,,,,,,,,,,,,,,,,,,,,,,,,,,,
2026-03-26T05:47:31.672593Z,"{'#attributes': {'Qualifiers': 16384}, '#text': 1003}",dc.danglingtree.htb,Microsoft-Windows-Security-SPP,Application,253,4,,,,,,,,,,,,,,,,,,,,,,,,55c92734-d682-4d71-983e-d6ec3f16059f,"
1: 753c53a2-4274-4339-8c2e-f66c0b9646c5, 1, 1 [(0 )(1 )(2 )(3 [0x00000000, 0, 1], [(?)( 1 0x00000000)( 6 0x00000000 10 14368)(?)(?)(?)( 10 0x00000000 msft:rm/algorithm/flags/1.0)(?)])]

",,,,,,,,,,,,,,,,,,,,,,,,,,,,,,,,,,,,,,,,,,,,,,,,,,,,,,,,,,,,,,,,,,,,,,,,,,,,,,,,,,,,,,,
2026-03-26T05:47:31.687634Z,"{'#attributes': {'Qualifiers': 16384}, '#text': 1003}",dc.danglingtree.htb,Microsoft-Windows-Security-SPP,Application,254,4,,,,,,,,,,,,,,,,,,,,,,,,55c92734-d682-4d71-983e-d6ec3f16059f,"
1: 753c53a2-4274-4339-8c2e-f66c0b9646c5, 1, 1 [(0 )(1 )(2 )(3 [0x00000000, 0, 1], [(?)( 1 0x00000000)( 6 0x00000000 10 14368)(?)(?)(?)( 10 0x00000000 msft:rm/algorithm/flags/1.0)(?)])]

",,,,,,,,,,,,,,,,,,,,,,,,,,,,,,,,,,,,,,,,,,,,,,,,,,,,,,,,,,,,,,,,,,,,,,,,,,,,,,,,,,,,,,,
2026-03-26T05:47:31.694678Z,"{'#attributes': {'Qualifiers': 49152}, '#text': 8198}",dc.danglingtree.htb,Microsoft-Windows-Security-SPP,Application,255,2,,,,,,,,,,,,,,,,,,,,,,,,hr=0x80072EE7,RuleId=31e71c49-8da7-4a2f-ad92-45d98a1c79ba;Action=AutoActivate;AppId=55c92734-d682-4d71-983e-d6ec3f16059f;SkuId=753c53a2-4274-4339-8c2e-f66c0b9646c5;NotificationInterval=1440;Trigger=UserLogon;SessionId=1,,,,,,,,,,,,,,,,,,,,,,,,,,,,,,,,,,,,,,,,,,,,,,,,,,,,,,,,,,,,,,,,,,,,,,,,,,,,,,,,,,,,,,,
2026-03-26T05:47:39.963861Z,"{'#attributes': {'Qualifiers': 0}, '#text': 0}",dc.danglingtree.htb,edgeupdate,Application,256,4,,,,,,,,,,,,,,,,,,,,,,,Service stopped,,,,,,,,,,,,,,,,,,,,,,,,,,,,,,,,,,,,,,,,,,,,,,,,,,,,,,,,,,,,,,,,,,,,,,,,,,,,,,,,,,,,,,,,,
2026-03-26T05:48:40.888803Z,"{'#attributes': {'Qualifiers': 0}, '#text': 8224}",dc.danglingtree.htb,VSS,Application,257,4,,,,,,,,,,2D20436F64653A2020434F525356434330303030303737322D2043616C6C3A2020434F525356434330303030303735342D205049443A202030303030323836302D205449443A202030303030313936382D20434D443A2020433A5C57494E444F57535C73797374656D33325C76737376632E6578652020202D20557365723A204E616D653A204E5420415554484F524954595C53595354454D2C205349443A532D312D352D313820,,,,,,,,,,,,,,,,,,,,,,,,,,,,,,,,,,,,,,,,,,,,,,,,,,,,,,,,,,,,,,,,,,,,,,,,,,,,,,,,,,,,,,,,,,,,,,,,,,,,,,
2026-03-26T05:48:41.443085Z,1001,dc.danglingtree.htb,Windows Error Reporting,Application,258,4,,,,,,,,,"
\\?\C:\WINDOWS\LiveKernelReports\WATCHDOG\WATCHDOG-20260325-2220.dmp
\\?\C:\WINDOWS\SystemTemp\WER-265843-0.sysdata.xml
\\?\C:\ProgramData\Microsoft\Windows\WER\Temp\WER.6348921d-21db-4dba-bca9-7346eab204f4.tmp.WERInternalMetadata.xml
\\?\C:\ProgramData\Microsoft\Windows\WER\Temp\WER.086551b6-2092-43dc-ba79-f77f9c0c712b.tmp.csv
\\?\C:\ProgramData\Microsoft\Windows\WER\Temp\WER.b5bbf212-e4ed-44d2-94dc-9a1f611b3bbf.tmp.txt
\\?\C:\ProgramData\Microsoft\Windows\WER\Temp\WER.fe28f9df-1df2-44d8-a0d9-a297c14bfa51.tmp.xml",,,0,,,,,,0,0,,,,,,,,,,,,,,,,,,,LiveKernelEvent,,,,,,,,,,,,,,,,,,,1a8,,a,0,0,0,10_0_26100,0_0,272_3,,,,,,,,,,,0,,adce6cda-94ad-4a5e-ae60-9128eead73f4,100,,Not available,,,,,,\\?\C:\ProgramData\Microsoft\Windows\WER\ReportQueue\Kernel_1a8_1bb6b61f8d70287bd75b2b66f7a1d1e54e9a3a2_00000000_cab_adce6cda-94ad-4a5e-ae60-9128eead73f4,,,,,,,,,,,,,,,,,,,,,,,,,
2026-03-26T05:49:54.872164Z,1001,dc.danglingtree.htb,Microsoft-Windows-LoadPerf,Application,259,4,,,,,,,,,,,,,,,,,,,,,,,,,,,,,,,,,,,,,,,,,,,,,,,,,,,,,,,,,,,,,,,,,,,,,,,,,,,,,,,,,,,,,,,,,,,,,,,,,LoadPerf,C43B0000C4020000,8,,WmiApRpl,,,,WmiApRpl,,,,,,,
2026-03-26T05:49:54.903362Z,1000,dc.danglingtree.htb,Microsoft-Windows-LoadPerf,Application,260,4,,,,,,,,,,,,,,,,,,,,,,,,,,,,,,,,,,,,,,,,,,,,,,,,,,,,,,,,,,,,,,,,,,,,,,,,,,,,,,,,,,,,,,,,,,,,,,,,,LoadPerf,C63B00006C3C0000,8,,WmiApRpl,,,,WmiApRpl,,,,,,,
2026-03-26T05:51:12.245490Z,"{'#attributes': {'Qualifiers': 16384}, '#text': 16388}",dc.danglingtree.htb,Microsoft-Windows-Security-SPP,Application,261,4,,,,,,,,,,,,,,,,,,,,,,,,2026-03-26T05:51:12Z,2026-03-26T05:51:12Z,,,,,,,,,,,,,,,,,,,,,,,,,,,,,,,,,,,,,,,,,,,,,,,,,,,,,,,,,,,,,,,,,,,,,,,,,,,,,,,,,,,,,,,
2026-03-26T05:51:12.284921Z,"{'#attributes': {'Qualifiers': 16384}, '#text': 8230}",dc.danglingtree.htb,Microsoft-Windows-Security-SPP,Application,262,4,,,,,,,,,,,,,,,,,,,,,,,Security-SPP-Action-StateData (REG_SZ) =AppId=55c92734-d682-4d71-983e-d6ec3f16059f;GraceEndDate=2026/04/05:05:15:12;LastConsumptionReason=0x4004f00c;LastNotificationId=NeverActivated;LicenseState=SL_LICENSING_STATUS_IN_GRACE_PERIOD;PartialProductKey=7H9YG;ProductKeyType=Retail:TB:Eval;SkuId=753c53a2-4274-4339-8c2e-f66c0b9646c5;ruleId=31e71c49-8da7-4a2f-ad92-45d98a1c79ba;uxDifferentiator=TIMEBASED_EVAL,,,,,,,,,,,,,,,,,,,,,,,,,,,,,,,,,,,,,,,,,,,,,,,,,,,,,,,,,,,,,,,,,,,,,,,,,,,,,,,,,,,,,,,,,
