2026-03-26T05:19:20.761208Z,16,WIN-N4R0DVP0PKP,Microsoft-Windows-Kernel-General,System,438,4,,,,,,,,,,,,,,,,,,,,,,,,,,,,,,,,,,,,,,,,,,,,,,,,,,,,,,,,,,1,,,,,,,,,,,,,,,,,,,,,,,,,,,,,,,,\??\C:\Users\Administrator\AppData\Local\Packages\Microsoft.Windows.StartMenuExperienceHost_cw5n1h2txyewy\Settings\settings.dat,127,,,,,,,,,,,,,,,,3,,,,,,,,,,,,,,,,,,,,,,,,,,,,,,,,,,,,,,,,,,,,,,,,,,,,,,,,,,,,,,,,,,,,,,,,,,,,,,,,,,,,,,,,,,,,,,,,,,,,,,,,,,,,,,,,,,,,,,,,,,,,,,,,,,,,,,,,,,,,,,,,,,
2026-03-26T05:19:21.010670Z,"{'#attributes': {'Qualifiers': 16384}, '#text': 7036}",WIN-N4R0DVP0PKP,Service Control Manager,System,439,4,,,,,,,,,,44006D0045006E0072006F006C006C006D0065006E0074005300760063002F0034000000,,,,,,,,,,,,,,,,,,,,,,,,,,,,,,,,,,,,,,,,,,,,,,,,,,,,,,,,,,,,,,,,,,,,,,,,,,,,,,,,,,,,,,,,,,,,,,,,,,,,,,,,,,,,,,,,,,,,,,,,,,,,,,,,,,,,,,,,,,,,,,,,,,,,,,,,,,,,,,,,,,,,,,,,,,,,,,,,,,,,,,,,,,,,,,,,,,,,,,,,,,,,,,,,,,,,,,,,,,,,,,,,,,Device Management Enrollment Service,,,running,,,,,,,,,,,,,,
2026-03-26T05:19:23.101916Z,"{'#attributes': {'Qualifiers': 16384}, '#text': 7036}",WIN-N4R0DVP0PKP,Service Control Manager,System,440,4,,,,,,,,,,770069007300760063002F0034000000,,,,,,,,,,,,,,,,,,,,,,,,,,,,,,,,,,,,,,,,,,,,,,,,,,,,,,,,,,,,,,,,,,,,,,,,,,,,,,,,,,,,,,,,,,,,,,,,,,,,,,,,,,,,,,,,,,,,,,,,,,,,,,,,,,,,,,,,,,,,,,,,,,,,,,,,,,,,,,,,,,,,,,,,,,,,,,,,,,,,,,,,,,,,,,,,,,,,,,,,,,,,,,,,,,,,,,,,,,,,,,,,,,Windows Insider Service,,,running,,,,,,,,,,,,,,
2026-03-26T05:19:24.541556Z,"{'#attributes': {'Qualifiers': 16384}, '#text': 7036}",WIN-N4R0DVP0PKP,Service Control Manager,System,441,4,,,,,,,,,,44006D0045006E0072006F006C006C006D0065006E0074005300760063002F0031000000,,,,,,,,,,,,,,,,,,,,,,,,,,,,,,,,,,,,,,,,,,,,,,,,,,,,,,,,,,,,,,,,,,,,,,,,,,,,,,,,,,,,,,,,,,,,,,,,,,,,,,,,,,,,,,,,,,,,,,,,,,,,,,,,,,,,,,,,,,,,,,,,,,,,,,,,,,,,,,,,,,,,,,,,,,,,,,,,,,,,,,,,,,,,,,,,,,,,,,,,,,,,,,,,,,,,,,,,,,,,,,,,,,Device Management Enrollment Service,,,stopped,,,,,,,,,,,,,,
2026-03-26T05:19:31.280393Z,"{'#attributes': {'Qualifiers': 16384}, '#text': 7036}",WIN-N4R0DVP0PKP,Service Control Manager,System,442,4,,,,,,,,,,65006400670065007500700064006100740065002F0034000000,,,,,,,,,,,,,,,,,,,,,,,,,,,,,,,,,,,,,,,,,,,,,,,,,,,,,,,,,,,,,,,,,,,,,,,,,,,,,,,,,,,,,,,,,,,,,,,,,,,,,,,,,,,,,,,,,,,,,,,,,,,,,,,,,,,,,,,,,,,,,,,,,,,,,,,,,,,,,,,,,,,,,,,,,,,,,,,,,,,,,,,,,,,,,,,,,,,,,,,,,,,,,,,,,,,,,,,,,,,,,,,,,,Microsoft Edge Update Service (edgeupdate),,,running,,,,,,,,,,,,,,
2026-03-26T05:19:35.029618Z,"{'#attributes': {'Qualifiers': 16384}, '#text': 7040}",WIN-N4R0DVP0PKP,Service Control Manager,System,443,4,,,,,,,,,,,,,,,,,,,,,,,,,,,,,,,,,,,,,,,,,,,,,,,,,,,,,,,,,,,,,,,,,,,,,,,,,,,,,,,,,,,,,,,,,,,,,,,,,,,,,,,,,,,,,,,,,,,,,,,,,,,,,,,,,,,,,,,,,,,,,,,,,,,,,,,,,,,,,,,,,,,,,,,,,,,,,,,,,,,,,,,,,,,,,,,,,,,,,,,,,,,,,,,,,,,,,,,,,,,,,,,,,,,,,,,,,,,,Windows Modules Installer,,,demand start,auto start,TrustedInstaller,,,,,,,,,,,,
2026-03-26T05:19:37.772097Z,"{'#attributes': {'Qualifiers': 16384}, '#text': 7036}",WIN-N4R0DVP0PKP,Service Control Manager,System,444,4,,,,,,,,,,5000720069006E0074005300630061006E00420072006F006B006500720053006500720076006900630065002F0031000000,,,,,,,,,,,,,,,,,,,,,,,,,,,,,,,,,,,,,,,,,,,,,,,,,,,,,,,,,,,,,,,,,,,,,,,,,,,,,,,,,,,,,,,,,,,,,,,,,,,,,,,,,,,,,,,,,,,,,,,,,,,,,,,,,,,,,,,,,,,,,,,,,,,,,,,,,,,,,,,,,,,,,,,,,,,,,,,,,,,,,,,,,,,,,,,,,,,,,,,,,,,,,,,,,,,,,,,,,,,,,,,,,,PrintScanBrokerService,,,stopped,,,,,,,,,,,,,,
2026-03-26T05:19:38.627703Z,"{'#attributes': {'Qualifiers': 16384}, '#text': 7036}",WIN-N4R0DVP0PKP,Service Control Manager,System,445,4,,,,,,,,,,5000720069006E00740044006500760069006300650043006F006E00660069006700750072006100740069006F006E0053006500720076006900630065002F0031000000,,,,,,,,,,,,,,,,,,,,,,,,,,,,,,,,,,,,,,,,,,,,,,,,,,,,,,,,,,,,,,,,,,,,,,,,,,,,,,,,,,,,,,,,,,,,,,,,,,,,,,,,,,,,,,,,,,,,,,,,,,,,,,,,,,,,,,,,,,,,,,,,,,,,,,,,,,,,,,,,,,,,,,,,,,,,,,,,,,,,,,,,,,,,,,,,,,,,,,,,,,,,,,,,,,,,,,,,,,,,,,,,,,Print Device Configuration Service,,,stopped,,,,,,,,,,,,,,
2026-03-26T05:19:39.341099Z,"{'#attributes': {'Qualifiers': 16384}, '#text': 7036}",WIN-N4R0DVP0PKP,Service Control Manager,System,446,4,,,,,,,,,,4E00500053004D005300760063005F0031003300390038003000630065002F0034000000,,,,,,,,,,,,,,,,,,,,,,,,,,,,,,,,,,,,,,,,,,,,,,,,,,,,,,,,,,,,,,,,,,,,,,,,,,,,,,,,,,,,,,,,,,,,,,,,,,,,,,,,,,,,,,,,,,,,,,,,,,,,,,,,,,,,,,,,,,,,,,,,,,,,,,,,,,,,,,,,,,,,,,,,,,,,,,,,,,,,,,,,,,,,,,,,,,,,,,,,,,,,,,,,,,,,,,,,,,,,,,,,,,Now Playing Session Manager Service_13980ce,,,running,,,,,,,,,,,,,,
2026-03-26T05:19:41.539855Z,"{'#attributes': {'Qualifiers': 16384}, '#text': 7036}",WIN-N4R0DVP0PKP,Service Control Manager,System,447,4,,,,,,,,,,4600720061006D0065005300650072007600650072004D006F006E00690074006F0072002F0031000000,,,,,,,,,,,,,,,,,,,,,,,,,,,,,,,,,,,,,,,,,,,,,,,,,,,,,,,,,,,,,,,,,,,,,,,,,,,,,,,,,,,,,,,,,,,,,,,,,,,,,,,,,,,,,,,,,,,,,,,,,,,,,,,,,,,,,,,,,,,,,,,,,,,,,,,,,,,,,,,,,,,,,,,,,,,,,,,,,,,,,,,,,,,,,,,,,,,,,,,,,,,,,,,,,,,,,,,,,,,,,,,,,,Windows Camera Frame Server Monitor,,,stopped,,,,,,,,,,,,,,
2026-03-26T05:19:47.412729Z,"{'#attributes': {'Qualifiers': 16384}, '#text': 7040}",WIN-N4R0DVP0PKP,Service Control Manager,System,448,4,,,,,,,,,,,,,,,,,,,,,,,,,,,,,,,,,,,,,,,,,,,,,,,,,,,,,,,,,,,,,,,,,,,,,,,,,,,,,,,,,,,,,,,,,,,,,,,,,,,,,,,,,,,,,,,,,,,,,,,,,,,,,,,,,,,,,,,,,,,,,,,,,,,,,,,,,,,,,,,,,,,,,,,,,,,,,,,,,,,,,,,,,,,,,,,,,,,,,,,,,,,,,,,,,,,,,,,,,,,,,,,,,,,,,,,,,,,,Windows Modules Installer,,,auto start,demand start,TrustedInstaller,,,,,,,,,,,,
2026-03-26T05:19:53.485812Z,"{'#attributes': {'Qualifiers': 16384}, '#text': 7036}",WIN-N4R0DVP0PKP,Service Control Manager,System,449,4,,,,,,,,,,65006400670065007500700064006100740065002F0031000000,,,,,,,,,,,,,,,,,,,,,,,,,,,,,,,,,,,,,,,,,,,,,,,,,,,,,,,,,,,,,,,,,,,,,,,,,,,,,,,,,,,,,,,,,,,,,,,,,,,,,,,,,,,,,,,,,,,,,,,,,,,,,,,,,,,,,,,,,,,,,,,,,,,,,,,,,,,,,,,,,,,,,,,,,,,,,,,,,,,,,,,,,,,,,,,,,,,,,,,,,,,,,,,,,,,,,,,,,,,,,,,,,,Microsoft Edge Update Service (edgeupdate),,,stopped,,,,,,,,,,,,,,
2026-03-26T05:19:59.071335Z,"{'#attributes': {'Qualifiers': 16384}, '#text': 7040}",WIN-N4R0DVP0PKP,Service Control Manager,System,450,4,,,,,,,,,,,,,,,,,,,,,,,,,,,,,,,,,,,,,,,,,,,,,,,,,,,,,,,,,,,,,,,,,,,,,,,,,,,,,,,,,,,,,,,,,,,,,,,,,,,,,,,,,,,,,,,,,,,,,,,,,,,,,,,,,,,,,,,,,,,,,,,,,,,,,,,,,,,,,,,,,,,,,,,,,,,,,,,,,,,,,,,,,,,,,,,,,,,,,,,,,,,,,,,,,,,,,,,,,,,,,,,,,,,,,,,,,,,,Program Compatibility Assistant Service,,,demand start,auto start,PcaSvc,,,,,,,,,,,,
2026-03-26T05:20:01.141424Z,"{'#attributes': {'Qualifiers': 16384}, '#text': 7036}",WIN-N4R0DVP0PKP,Service Control Manager,System,451,4,,,,,,,,,,6D00730069007300650072007600650072002F0034000000,,,,,,,,,,,,,,,,,,,,,,,,,,,,,,,,,,,,,,,,,,,,,,,,,,,,,,,,,,,,,,,,,,,,,,,,,,,,,,,,,,,,,,,,,,,,,,,,,,,,,,,,,,,,,,,,,,,,,,,,,,,,,,,,,,,,,,,,,,,,,,,,,,,,,,,,,,,,,,,,,,,,,,,,,,,,,,,,,,,,,,,,,,,,,,,,,,,,,,,,,,,,,,,,,,,,,,,,,,,,,,,,,,Windows Installer,,,running,,,,,,,,,,,,,,
2026-03-26T05:20:05.470324Z,"{'#attributes': {'Qualifiers': 16384}, '#text': 7036}",WIN-N4R0DVP0PKP,Service Control Manager,System,452,4,,,,,,,,,,530065006300750072006900740079004800650061006C007400680053006500720076006900630065002F0034000000,,,,,,,,,,,,,,,,,,,,,,,,,,,,,,,,,,,,,,,,,,,,,,,,,,,,,,,,,,,,,,,,,,,,,,,,,,,,,,,,,,,,,,,,,,,,,,,,,,,,,,,,,,,,,,,,,,,,,,,,,,,,,,,,,,,,,,,,,,,,,,,,,,,,,,,,,,,,,,,,,,,,,,,,,,,,,,,,,,,,,,,,,,,,,,,,,,,,,,,,,,,,,,,,,,,,,,,,,,,,,,,,,,Windows Security Service,,,running,,,,,,,,,,,,,,
2026-03-26T05:20:18.192601Z,"{'#attributes': {'Qualifiers': 16384}, '#text': 7045}",WIN-N4R0DVP0PKP,Service Control Manager,System,453,4,,,LocalSystem,,,,,,,,,,,,,,,,,,,,,,,,,,,,,,,,,,,,,,,,,,,,,,,,,,,,,,,,,,,,,,,,,,,,,,,,,,,,,,,,,,,,,,,,,,,,,,,,"""C:\Program Files\VMware\VMware Tools\VMware VGAuth\VGAuthService.exe""",,,,,,,,,,,,,,,,,,,,,,,,,,,,,,,,,,,,,,,,,,,,,,,,,,,,,,,,,,,,,,,,,,,,,,,,,,,,,,,,,,,,,,,,,,,,,,VMware Alias Manager and Ticket Service,user mode service,,,,,,,,auto start,,,,,,,,,,,,,,,,,,,,,,,,,,,,,,,,,,,,,,,,,,,,,,,,,,,
2026-03-26T05:20:19.605608Z,"{'#attributes': {'Qualifiers': 16384}, '#text': 7036}",WIN-N4R0DVP0PKP,Service Control Manager,System,454,4,,,,,,,,,,7300700070007300760063002F0034000000,,,,,,,,,,,,,,,,,,,,,,,,,,,,,,,,,,,,,,,,,,,,,,,,,,,,,,,,,,,,,,,,,,,,,,,,,,,,,,,,,,,,,,,,,,,,,,,,,,,,,,,,,,,,,,,,,,,,,,,,,,,,,,,,,,,,,,,,,,,,,,,,,,,,,,,,,,,,,,,,,,,,,,,,,,,,,,,,,,,,,,,,,,,,,,,,,,,,,,,,,,,,,,,,,,,,,,,,,,,,,,,,,,Software Protection,,,running,,,,,,,,,,,,,,
2026-03-26T05:20:19.846136Z,"{'#attributes': {'Qualifiers': 16384}, '#text': 7045}",WIN-N4R0DVP0PKP,Service Control Manager,System,455,4,,,,,,,,,,,,,,,,,,,,,,,,,,,,,,,,,,,,,,,,,,,,,,,,,,,,,,,,,,,,,,,,,,,,,,,,,,,,,,,,,,,,,,,,,,,,,,,,,,,System32\drivers\vmci.sys,,,,,,,,,,,,,,,,,,,,,,,,,,,,,,,,,,,,,,,,,,,,,,,,,,,,,,,,,,,,,,,,,,,,,,,,,,,,,,,,,,,,,,,,,,,,,,VMware VMCI Bus Driver,kernel mode driver,,,,,,,,boot start,,,,,,,,,,,,,,,,,,,,,,,,,,,,,,,,,,,,,,,,,,,,,,,,,,,
2026-03-26T05:20:19.933382Z,"{'#attributes': {'Qualifiers': 16392}, '#text': 3}",WIN-N4R0DVP0PKP,vmci,System,456,4,,,,,,,,,,00000000020028000000000003000840030008400000000000000000000000000000000000000000,,,,,,,,,,,,,,,,,,,,,,,,,,,,,,,,"VMCI: Using capabilities (0x1c).
",,,,,,,,,,,,,,,,,,,,,,,,,,,,,,,,,,,,,,,,,,,,,,,,,,,,,,,,,,,,,,,,,,,,,,,,,,,,,,,,,,,,,,,,,,,,,,,,,,,,,,,,,,,,,,,,,,,,,,,,,,,,,,,,,,,,,,,,,,,,,,,,,,,,,,,,,,,,,,,,,,,,,,,,,,,,,,,,,,,,,,,,,,,,,,,,,,,,,,,,,,,,,,,,,,,
2026-03-26T05:20:20.055973Z,"{'#attributes': {'Qualifiers': 16392}, '#text': 3}",WIN-N4R0DVP0PKP,vmci,System,457,4,,,,,,,,,,00000000020028000000000003000840030008400000000000000000000000000000000000000000,,,,,,,,,,,,,,,,,,,,,,,,,,,,,,,,"VMCI: Using capabilities (0x1c).
",,,,,,,,,,,,,,,,,,,,,,,,,,,,,,,,,,,,,,,,,,,,,,,,,,,,,,,,,,,,,,,,,,,,,,,,,,,,,,,,,,,,,,,,,,,,,,,,,,,,,,,,,,,,,,,,,,,,,,,,,,,,,,,,,,,,,,,,,,,,,,,,,,,,,,,,,,,,,,,,,,,,,,,,,,,,,,,,,,,,,,,,,,,,,,,,,,,,,,,,,,,,,,,,,,,
2026-03-26T05:20:20.226236Z,"{'#attributes': {'Qualifiers': 16384}, '#text': 7045}",WIN-N4R0DVP0PKP,Service Control Manager,System,458,4,,,,,,,,,,,,,,,,,,,,,,,,,,,,,,,,,,,,,,,,,,,,,,,,,,,,,,,,,,,,,,,,,,,,,,,,,,,,,,,,,,,,,,,,,,,,,,,,,,,\SystemRoot\system32\DRIVERS\vsock.sys,,,,,,,,,,,,,,,,,,,,,,,,,,,,,,,,,,,,,,,,,,,,,,,,,,,,,,,,,,,,,,,,,,,,,,,,,,,,,,,,,,,,,,,,,,,,,,vSockets Virtual Machine Communication Interface Sockets driver,kernel mode driver,,,,,,,,system start,,,,,,,,,,,,,,,,,,,,,,,,,,,,,,,,,,,,,,,,,,,,,,,,,,,
2026-03-26T05:20:20.299177Z,"{'#attributes': {'Qualifiers': 16384}, '#text': 7040}",WIN-N4R0DVP0PKP,Service Control Manager,System,459,4,,,,,,,,,,,,,,,,,,,,,,,,,,,,,,,,,,,,,,,,,,,,,,,,,,,,,,,,,,,,,,,,,,,,,,,,,,,,,,,,,,,,,,,,,,,,,,,,,,,,,,,,,,,,,,,,,,,,,,,,,,,,,,,,,,,,,,,,,,,,,,,,,,,,,,,,,,,,,,,,,,,,,,,,,,,,,,,,,,,,,,,,,,,,,,,,,,,,,,,,,,,,,,,,,,,,,,,,,,,,,,,,,,,,,,,,,,,,Windows Socket 2.0 Non-IFS Service Provider Support Environment,,,disabled,system start,ws2ifsl,,,,,,,,,,,,
2026-03-26T05:20:20.406343Z,"{'#attributes': {'Qualifiers': 16384}, '#text': 7036}",WIN-N4R0DVP0PKP,Service Control Manager,System,460,4,,,,,,,,,,56004700410075007400680053006500720076006900630065002F0034000000,,,,,,,,,,,,,,,,,,,,,,,,,,,,,,,,,,,,,,,,,,,,,,,,,,,,,,,,,,,,,,,,,,,,,,,,,,,,,,,,,,,,,,,,,,,,,,,,,,,,,,,,,,,,,,,,,,,,,,,,,,,,,,,,,,,,,,,,,,,,,,,,,,,,,,,,,,,,,,,,,,,,,,,,,,,,,,,,,,,,,,,,,,,,,,,,,,,,,,,,,,,,,,,,,,,,,,,,,,,,,,,,,,VMware Alias Manager and Ticket Service,,,running,,,,,,,,,,,,,,
2026-03-26T05:20:26.435863Z,"{'#attributes': {'Qualifiers': 16384}, '#text': 7045}",WIN-N4R0DVP0PKP,Service Control Manager,System,461,4,,,,,,,,,,,,,,,,,,,,,,,,,,,,,,,,,,,,,,,,,,,,,,,,,,,,,,,,,,,,,,,,,,,,,,,,,,,,,,,,,,,,,,,,,,,,,,,,,,,\SystemRoot\System32\drivers\vmusbmouse.sys,,,,,,,,,,,,,,,,,,,,,,,,,,,,,,,,,,,,,,,,,,,,,,,,,,,,,,,,,,,,,,,,,,,,,,,,,,,,,,,,,,,,,,,,,,,,,,VMware USB Pointing Device,kernel mode driver,,,,,,,,demand start,,,,,,,,,,,,,,,,,,,,,,,,,,,,,,,,,,,,,,,,,,,,,,,,,,,
2026-03-26T05:20:27.886188Z,"{'#attributes': {'Qualifiers': 16384}, '#text': 7045}",WIN-N4R0DVP0PKP,Service Control Manager,System,462,4,,,,,,,,,,,,,,,,,,,,,,,,,,,,,,,,,,,,,,,,,,,,,,,,,,,,,,,,,,,,,,,,,,,,,,,,,,,,,,,,,,,,,,,,,,,,,,,,,,,\SystemRoot\System32\drivers\vmmouse.sys,,,,,,,,,,,,,,,,,,,,,,,,,,,,,,,,,,,,,,,,,,,,,,,,,,,,,,,,,,,,,,,,,,,,,,,,,,,,,,,,,,,,,,,,,,,,,,VMware Pointing Device,kernel mode driver,,,,,,,,demand start,,,,,,,,,,,,,,,,,,,,,,,,,,,,,,,,,,,,,,,,,,,,,,,,,,,
2026-03-26T05:20:27.985234Z,225,WIN-N4R0DVP0PKP,Microsoft-Windows-Kernel-PnP,System,463,3,,,,,,,,,,,,,,,,,,,,,,,,,,,,,,0,,,,,,,,,,,,,,,,,,,,ACPI\PNP0303\4&1bd7f811&0,25,,,,,,,,,,,,,,,,,,,,,,,,,,,,,,,,,,,,,,,,,,,,,,,,,,,,,,,,,,,,,,,,,,,,,,,,,,,,,,,,,,,,,,,,,,,,,,,,,,,,,,,,,,,,,,,,,,,,,,,,,,,,,,4,,System,6,,,,,,,,,,,,,,,,,,,,,,,,,,,,,,,,,,,,,,,,,,,,,,,,,"ACPI\PNP0303\4&1bd7f811&0
",27,,,,,,,,,,,,,,,,,,,,,,,
2026-03-26T05:20:28.057617Z,"{'#attributes': {'Qualifiers': 16384}, '#text': 7045}",WIN-N4R0DVP0PKP,Service Control Manager,System,464,4,,,,,,,,,,,,,,,,,,,,,,,,,,,,,,,,,,,,,,,,,,,,,,,,,,,,,,,,,,,,,,,,,,,,,,,,,,,,,,,,,,,,,,,,,,,,,,,,,,,\SystemRoot\system32\DRIVERS\vmmemctl.sys,,,,,,,,,,,,,,,,,,,,,,,,,,,,,,,,,,,,,,,,,,,,,,,,,,,,,,,,,,,,,,,,,,,,,,,,,,,,,,,,,,,,,,,,,,,,,,Memory Control Driver,kernel mode driver,,,,,,,,auto start,,,,,,,,,,,,,,,,,,,,,,,,,,,,,,,,,,,,,,,,,,,,,,,,,,,
2026-03-26T05:20:29.164784Z,"{'#attributes': {'Qualifiers': 16384}, '#text': 7045}",WIN-N4R0DVP0PKP,Service Control Manager,System,465,4,,,,,,,,,,,,,,,,,,,,,,,,,,,,,,,,,,,,,,,,,,,,,,,,,,,,,,,,,,,,,,,,,,,,,,,,,,,,,,,,,,,,,,,,,,,,,,,,,,,system32\DRIVERS\vmhgfs.sys,,,,,,,,,,,,,,,,,,,,,,,,,,,,,,,,,,,,,,,,,,,,,,,,,,,,,,,,,,,,,,,,,,,,,,,,,,,,,,,,,,,,,,,,,,,,,,VMware Host Guest Client Redirector,kernel mode driver,,,,,,,,demand start,,,,,,,,,,,,,,,,,,,,,,,,,,,,,,,,,,,,,,,,,,,,,,,,,,,
2026-03-26T05:20:29.283070Z,"{'#attributes': {'Qualifiers': 16384}, '#text': 7045}",WIN-N4R0DVP0PKP,Service Control Manager,System,466,4,,,,,,,,,,,,,,,,,,,,,,,,,,,,,,,,,,,,,,,,,,,,,,,,,,,,,,,,,,,,,,,,,,,,,,,,,,,,,,,,,,,,,,,,,,,,,,,,,,,\SystemRoot\system32\DRIVERS\vmrawdsk.sys,,,,,,,,,,,,,,,,,,,,,,,,,,,,,,,,,,,,,,,,,,,,,,,,,,,,,,,,,,,,,,,,,,,,,,,,,,,,,,,,,,,,,,,,,,,,,,VMware Physical Disk Helper,kernel mode driver,,,,,,,,system start,,,,,,,,,,,,,,,,,,,,,,,,,,,,,,,,,,,,,,,,,,,,,,,,,,,
2026-03-26T05:20:31.719087Z,"{'#attributes': {'Qualifiers': 16384}, '#text': 7036}",WIN-N4R0DVP0PKP,Service Control Manager,System,467,4,,,,,,,,,,65006400670065007500700064006100740065002F0034000000,,,,,,,,,,,,,,,,,,,,,,,,,,,,,,,,,,,,,,,,,,,,,,,,,,,,,,,,,,,,,,,,,,,,,,,,,,,,,,,,,,,,,,,,,,,,,,,,,,,,,,,,,,,,,,,,,,,,,,,,,,,,,,,,,,,,,,,,,,,,,,,,,,,,,,,,,,,,,,,,,,,,,,,,,,,,,,,,,,,,,,,,,,,,,,,,,,,,,,,,,,,,,,,,,,,,,,,,,,,,,,,,,,Microsoft Edge Update Service (edgeupdate),,,running,,,,,,,,,,,,,,
2026-03-26T05:20:33.056669Z,"{'#attributes': {'Qualifiers': 16384}, '#text': 7045}",WIN-N4R0DVP0PKP,Service Control Manager,System,468,4,,,,,,,,,,,,,,,,,,,,,,,,,,,,,,,,,,,,,,,,,,,,,,,,,,,,,,,,,,,,,,,,,,,,,,,,,,,,,,,,,,,,,,,,,,,,,,,,,,,\SystemRoot\System32\DriverStore\FileRepository\vm3d.inf_amd64_eba3f0b96d8538e4\vm3dmp.sys,,,,,,,,,,,,,,,,,,,,,,,,,,,,,,,,,,,,,,,,,,,,,,,,,,,,,,,,,,,,,,,,,,,,,,,,,,,,,,,,,,,,,,,,,,,,,,vm3dmp,kernel mode driver,,,,,,,,demand start,,,,,,,,,,,,,,,,,,,,,,,,,,,,,,,,,,,,,,,,,,,,,,,,,,,
2026-03-26T05:20:33.067289Z,"{'#attributes': {'Qualifiers': 16384}, '#text': 7045}",WIN-N4R0DVP0PKP,Service Control Manager,System,469,4,,,,,,,,,,,,,,,,,,,,,,,,,,,,,,,,,,,,,,,,,,,,,,,,,,,,,,,,,,,,,,,,,,,,,,,,,,,,,,,,,,,,,,,,,,,,,,,,,,,\SystemRoot\System32\DriverStore\FileRepository\vm3d.inf_amd64_eba3f0b96d8538e4\vm3dmp-debug.sys,,,,,,,,,,,,,,,,,,,,,,,,,,,,,,,,,,,,,,,,,,,,,,,,,,,,,,,,,,,,,,,,,,,,,,,,,,,,,,,,,,,,,,,,,,,,,,vm3dmp-debug,kernel mode driver,,,,,,,,demand start,,,,,,,,,,,,,,,,,,,,,,,,,,,,,,,,,,,,,,,,,,,,,,,,,,,
2026-03-26T05:20:33.080655Z,"{'#attributes': {'Qualifiers': 16384}, '#text': 7045}",WIN-N4R0DVP0PKP,Service Control Manager,System,470,4,,,,,,,,,,,,,,,,,,,,,,,,,,,,,,,,,,,,,,,,,,,,,,,,,,,,,,,,,,,,,,,,,,,,,,,,,,,,,,,,,,,,,,,,,,,,,,,,,,,\SystemRoot\System32\DriverStore\FileRepository\vm3d.inf_amd64_eba3f0b96d8538e4\vm3dmp-stats.sys,,,,,,,,,,,,,,,,,,,,,,,,,,,,,,,,,,,,,,,,,,,,,,,,,,,,,,,,,,,,,,,,,,,,,,,,,,,,,,,,,,,,,,,,,,,,,,vm3dmp-stats,kernel mode driver,,,,,,,,demand start,,,,,,,,,,,,,,,,,,,,,,,,,,,,,,,,,,,,,,,,,,,,,,,,,,,
2026-03-26T05:20:33.093355Z,"{'#attributes': {'Qualifiers': 16384}, '#text': 7045}",WIN-N4R0DVP0PKP,Service Control Manager,System,471,4,,,,,,,,,,,,,,,,,,,,,,,,,,,,,,,,,,,,,,,,,,,,,,,,,,,,,,,,,,,,,,,,,,,,,,,,,,,,,,,,,,,,,,,,,,,,,,,,,,,\SystemRoot\System32\DriverStore\FileRepository\vm3d.inf_amd64_eba3f0b96d8538e4\vm3dmp_loader.sys,,,,,,,,,,,,,,,,,,,,,,,,,,,,,,,,,,,,,,,,,,,,,,,,,,,,,,,,,,,,,,,,,,,,,,,,,,,,,,,,,,,,,,,,,,,,,,vm3dmp_loader,kernel mode driver,,,,,,,,demand start,,,,,,,,,,,,,,,,,,,,,,,,,,,,,,,,,,,,,,,,,,,,,,,,,,,
2026-03-26T05:20:33.630833Z,"{'#attributes': {'Qualifiers': 16384}, '#text': 7036}",WIN-N4R0DVP0PKP,Service Control Manager,System,472,4,,,,,,,,,,5700650072005300760063002F0034000000,,,,,,,,,,,,,,,,,,,,,,,,,,,,,,,,,,,,,,,,,,,,,,,,,,,,,,,,,,,,,,,,,,,,,,,,,,,,,,,,,,,,,,,,,,,,,,,,,,,,,,,,,,,,,,,,,,,,,,,,,,,,,,,,,,,,,,,,,,,,,,,,,,,,,,,,,,,,,,,,,,,,,,,,,,,,,,,,,,,,,,,,,,,,,,,,,,,,,,,,,,,,,,,,,,,,,,,,,,,,,,,,,,Windows Error Reporting Service,,,running,,,,,,,,,,,,,,
2026-03-26T05:20:33.656203Z,"{'#attributes': {'Qualifiers': 16384}, '#text': 7045}",WIN-N4R0DVP0PKP,Service Control Manager,System,473,4,,,LocalSystem,,,,,,,,,,,,,,,,,,,,,,,,,,,,,,,,,,,,,,,,,,,,,,,,,,,,,,,,,,,,,,,,,,,,,,,,,,,,,,,,,,,,,,,,,,,,,,,,"""C:\Program Files\VMware\VMware Tools\vm3dservice.exe""",,,,,,,,,,,,,,,,,,,,,,,,,,,,,,,,,,,,,,,,,,,,,,,,,,,,,,,,,,,,,,,,,,,,,,,,,,,,,,,,,,,,,,,,,,,,,,VMware SVGA Helper Service,user mode service,,,,,,,,auto start,,,,,,,,,,,,,,,,,,,,,,,,,,,,,,,,,,,,,,,,,,,,,,,,,,,
2026-03-26T05:20:34.566377Z,"{'#attributes': {'Qualifiers': 16384}, '#text': 7045}",WIN-N4R0DVP0PKP,Service Control Manager,System,474,4,,,LocalSystem,,,,,,,,,,,,,,,,,,,,,,,,,,,,,,,,,,,,,,,,,,,,,,,,,,,,,,,,,,,,,,,,,,,,,,,,,,,,,,,,,,,,,,,,,,,,,,,,"""C:\Program Files\VMware\VMware Tools\vmtoolsd.exe""",,,,,,,,,,,,,,,,,,,,,,,,,,,,,,,,,,,,,,,,,,,,,,,,,,,,,,,,,,,,,,,,,,,,,,,,,,,,,,,,,,,,,,,,,,,,,,VMware Tools,user mode service,,,,,,,,auto start,,,,,,,,,,,,,,,,,,,,,,,,,,,,,,,,,,,,,,,,,,,,,,,,,,,
2026-03-26T05:20:34.627192Z,"{'#attributes': {'Qualifiers': 16384}, '#text': 7036}",WIN-N4R0DVP0PKP,Service Control Manager,System,475,4,,,,,,,,,,56004D0054006F006F006C0073002F0034000000,,,,,,,,,,,,,,,,,,,,,,,,,,,,,,,,,,,,,,,,,,,,,,,,,,,,,,,,,,,,,,,,,,,,,,,,,,,,,,,,,,,,,,,,,,,,,,,,,,,,,,,,,,,,,,,,,,,,,,,,,,,,,,,,,,,,,,,,,,,,,,,,,,,,,,,,,,,,,,,,,,,,,,,,,,,,,,,,,,,,,,,,,,,,,,,,,,,,,,,,,,,,,,,,,,,,,,,,,,,,,,,,,,VMware Tools,,,running,,,,,,,,,,,,,,
2026-03-26T05:20:36.268825Z,"{'#attributes': {'Qualifiers': 0}, '#text': 4107}",WIN-N4R0DVP0PKP,Display,System,476,4,,,,,,,,,,,,,,,,,,,,,,,,,,,,,,,,,,,,,,,,,,,,,,,,,,,,,,,,,,,,,,,,,,,,,,,,,,,,,,,,,,,,,,,,,,,,,,,,,,,,,,,,,,,,,,,,,,,,,,,,,,,,,,,,,,,,,,,,,,,,,,,,,,,,,,,,,,,,,,,,,,,,,,,,,,,,,,,,,,,,,,,,,,,,,,,,,,,,,,,,,,,,,,,,,,,,,,,,,,,,,,,,,,,,,,,,,,,,,,,,,,,,,,,,,,,,,
2026-03-26T05:20:36.001074Z,"{'#attributes': {'Qualifiers': 16384}, '#text': 7036}",WIN-N4R0DVP0PKP,Service Control Manager,System,477,4,,,,,,,,,,43004F004D005300790073004100700070002F0034000000,,,,,,,,,,,,,,,,,,,,,,,,,,,,,,,,,,,,,,,,,,,,,,,,,,,,,,,,,,,,,,,,,,,,,,,,,,,,,,,,,,,,,,,,,,,,,,,,,,,,,,,,,,,,,,,,,,,,,,,,,,,,,,,,,,,,,,,,,,,,,,,,,,,,,,,,,,,,,,,,,,,,,,,,,,,,,,,,,,,,,,,,,,,,,,,,,,,,,,,,,,,,,,,,,,,,,,,,,,,,,,,,,,COM+ System Application,,,running,,,,,,,,,,,,,,
2026-03-26T05:20:36.500630Z,"{'#attributes': {'Qualifiers': 16384}, '#text': 7045}",WIN-N4R0DVP0PKP,Service Control Manager,System,478,4,,,NT AUTHORITY\LocalService,,,,,,,,,,,,,,,,,,,,,,,,,,,,,,,,,,,,,,,,,,,,,,,,,,,,,,,,,,,,,,,,,,,,,,,,,,,,,,,,,,,,,,,,,,,,,,,,C:\WINDOWS\system32\dllhost.exe /Processid:{D9DB4241-5BC4-4E81-8482-715165902476},,,,,,,,,,,,,,,,,,,,,,,,,,,,,,,,,,,,,,,,,,,,,,,,,,,,,,,,,,,,,,,,,,,,,,,,,,,,,,,,,,,,,,,,,,,,,,VMware Snapshot Provider,user mode service,,,,,,,,demand start,,,,,,,,,,,,,,,,,,,,,,,,,,,,,,,,,,,,,,,,,,,,,,,,,,,
2026-03-26T05:20:41.349655Z,"{'#attributes': {'Qualifiers': 16384}, '#text': 7036}",WIN-N4R0DVP0PKP,Service Control Manager,System,479,4,,,,,,,,,,770069007300760063002F0031000000,,,,,,,,,,,,,,,,,,,,,,,,,,,,,,,,,,,,,,,,,,,,,,,,,,,,,,,,,,,,,,,,,,,,,,,,,,,,,,,,,,,,,,,,,,,,,,,,,,,,,,,,,,,,,,,,,,,,,,,,,,,,,,,,,,,,,,,,,,,,,,,,,,,,,,,,,,,,,,,,,,,,,,,,,,,,,,,,,,,,,,,,,,,,,,,,,,,,,,,,,,,,,,,,,,,,,,,,,,,,,,,,,,Windows Insider Service,,,stopped,,,,,,,,,,,,,,
2026-03-26T05:20:41.780683Z,"{'#attributes': {'Qualifiers': 16384}, '#text': 7036}",WIN-N4R0DVP0PKP,Service Control Manager,System,480,4,,,,,,,,,,57006100610053004D0065006400690063005300760063002F0031000000,,,,,,,,,,,,,,,,,,,,,,,,,,,,,,,,,,,,,,,,,,,,,,,,,,,,,,,,,,,,,,,,,,,,,,,,,,,,,,,,,,,,,,,,,,,,,,,,,,,,,,,,,,,,,,,,,,,,,,,,,,,,,,,,,,,,,,,,,,,,,,,,,,,,,,,,,,,,,,,,,,,,,,,,,,,,,,,,,,,,,,,,,,,,,,,,,,,,,,,,,,,,,,,,,,,,,,,,,,,,,,,,,,WaaSMedicSvc,,,stopped,,,,,,,,,,,,,,
2026-03-26T05:20:42.243085Z,26,WIN-N4R0DVP0PKP,Application Popup,System,481,4,,,,,,,,,,,,,,,,,,,,,,Windows - No Disk,,,,,,,,,,,,,,,,,,,,,,,,,,,,,,,,,,,,,,,,,,,,,,,,,,,,,,,,,,,,,,,,,,,,,,,,,,,,,,,,,,,,,,,,,,,,,,Exception Processing Message 0xc0000013 - Unexpected parameters,,,,,,,,,,,,,,,,,,,,,,,,,,,,,,,,,,,,,,,,,,,,,,,,,,,,,,,,,,,,,,,,,,,,,,,,,,,,,,,,,,,,,,,,,,,,,,,,,,,,,,,,,,,,,,,,,,,,,,,,,,,,,,,,,,,,,,,,,
2026-03-26T05:20:43.944996Z,"{'#attributes': {'Qualifiers': 32768}, '#text': 1074}",WIN-N4R0DVP0PKP,User32,System,482,4,,,,,,,,,,,,,,,,,,,,,,,,,,,,,,,,,,,,,,,,,,,,,,,,,,,,,,,,,,,,,,,,,,,,,,,,,,,,,,,,,,,,,,,,,,,,,,,,,,,,,,,,,,,,,,,,,,,,,,,,,,,,,,,,,,,,,,,,,,,,,,,,,,,,,,,,,,,,,,,,,,,,,,,,,,,,,,,,,,,,,,,,,,,,,,,,,,,,,,,,,,,,,,,,,,,,,,,,,,,,,,,,,,,,,,,,,,,,msiexec.exe,,,WIN-N4R0DVP0PKP,No title for this reason could be found,0x80030002,restart,The Windows Installer initiated a system restart to complete or continue the configuration of 'VMware Tools'.,NT AUTHORITY\SYSTEM,,,,,,,,,
2026-03-26T05:20:49.214161Z,100,WIN-N4R0DVP0PKP,winsrvext,System,483,3,,,,,,,,,,,,,,,,,,,,,,,,,,,,,,,,,,,,,,,,,,,,,,,,,,,,,,,,,,,,,,,,,,,,,,,,,,,,,,,,,,,,,,,,,,,,,,,,,,,,,,,,,,,,,,,,,,,,,,,,,,,,,,,,,,,,,,,,,,,,,,,,,,,,,,,,,,,,,,,,,,,,,,,,,,,,,,,,,,C:\Program Files\VMware\VMware Tools\vmtoolsd.exe,,,,,,,,,,,,,,,,,,,5000,,,,,,,,,,,,,,,,,,,,,,,,,,,,,,,,,,,,,,,,,,,,,,,,,,,,,,,,
2026-03-26T05:20:49.456035Z,"{'#attributes': {'Qualifiers': 16384}, '#text': 7036}",WIN-N4R0DVP0PKP,Service Control Manager,System,484,4,,,,,,,,,,4E00500053004D005300760063005F0031003300390038003000630065002F0031000000,,,,,,,,,,,,,,,,,,,,,,,,,,,,,,,,,,,,,,,,,,,,,,,,,,,,,,,,,,,,,,,,,,,,,,,,,,,,,,,,,,,,,,,,,,,,,,,,,,,,,,,,,,,,,,,,,,,,,,,,,,,,,,,,,,,,,,,,,,,,,,,,,,,,,,,,,,,,,,,,,,,,,,,,,,,,,,,,,,,,,,,,,,,,,,,,,,,,,,,,,,,,,,,,,,,,,,,,,,,,,,,,,,Now Playing Session Manager Service_13980ce,,,stopped,,,,,,,,,,,,,,
2026-03-26T05:20:49.457379Z,"{'#attributes': {'Qualifiers': 16384}, '#text': 7036}",WIN-N4R0DVP0PKP,Service Control Manager,System,485,4,,,,,,,,,,550064006B0055007300650072005300760063005F0031003300390038003000630065002F0031000000,,,,,,,,,,,,,,,,,,,,,,,,,,,,,,,,,,,,,,,,,,,,,,,,,,,,,,,,,,,,,,,,,,,,,,,,,,,,,,,,,,,,,,,,,,,,,,,,,,,,,,,,,,,,,,,,,,,,,,,,,,,,,,,,,,,,,,,,,,,,,,,,,,,,,,,,,,,,,,,,,,,,,,,,,,,,,,,,,,,,,,,,,,,,,,,,,,,,,,,,,,,,,,,,,,,,,,,,,,,,,,,,,,Udk User Service_13980ce,,,stopped,,,,,,,,,,,,,,
2026-03-26T05:20:49.484445Z,"{'#attributes': {'Qualifiers': 16384}, '#text': 7036}",WIN-N4R0DVP0PKP,Service Control Manager,System,486,4,,,,,,,,,,43004400500055007300650072005300760063005F0031003300390038003000630065002F0031000000,,,,,,,,,,,,,,,,,,,,,,,,,,,,,,,,,,,,,,,,,,,,,,,,,,,,,,,,,,,,,,,,,,,,,,,,,,,,,,,,,,,,,,,,,,,,,,,,,,,,,,,,,,,,,,,,,,,,,,,,,,,,,,,,,,,,,,,,,,,,,,,,,,,,,,,,,,,,,,,,,,,,,,,,,,,,,,,,,,,,,,,,,,,,,,,,,,,,,,,,,,,,,,,,,,,,,,,,,,,,,,,,,,Connected Devices Platform User Service_13980ce,,,stopped,,,,,,,,,,,,,,
2026-03-26T05:20:49.494427Z,"{'#attributes': {'Qualifiers': 16384}, '#text': 7036}",WIN-N4R0DVP0PKP,Service Control Manager,System,487,4,,,,,,,,,,570070006E00550073006500720053006500720076006900630065005F0031003300390038003000630065002F0031000000,,,,,,,,,,,,,,,,,,,,,,,,,,,,,,,,,,,,,,,,,,,,,,,,,,,,,,,,,,,,,,,,,,,,,,,,,,,,,,,,,,,,,,,,,,,,,,,,,,,,,,,,,,,,,,,,,,,,,,,,,,,,,,,,,,,,,,,,,,,,,,,,,,,,,,,,,,,,,,,,,,,,,,,,,,,,,,,,,,,,,,,,,,,,,,,,,,,,,,,,,,,,,,,,,,,,,,,,,,,,,,,,,,Windows Push Notifications User Service_13980ce,,,stopped,,,,,,,,,,,,,,
2026-03-26T05:20:49.620472Z,"{'#attributes': {'Qualifiers': 16384}, '#text': 7036}",WIN-N4R0DVP0PKP,Service Control Manager,System,488,4,,,,,,,,,,7300700070007300760063002F0034000000,,,,,,,,,,,,,,,,,,,,,,,,,,,,,,,,,,,,,,,,,,,,,,,,,,,,,,,,,,,,,,,,,,,,,,,,,,,,,,,,,,,,,,,,,,,,,,,,,,,,,,,,,,,,,,,,,,,,,,,,,,,,,,,,,,,,,,,,,,,,,,,,,,,,,,,,,,,,,,,,,,,,,,,,,,,,,,,,,,,,,,,,,,,,,,,,,,,,,,,,,,,,,,,,,,,,,,,,,,,,,,,,,,Software Protection,,,running,,,,,,,,,,,,,,
2026-03-26T05:20:49.741633Z,7002,WIN-N4R0DVP0PKP,Microsoft-Windows-Winlogon,System,489,4,,,,,,,,,,,,,,,,,,,,,,,,,,,,,,,,,,,,,,,,,,,,,,,,,,,,,,,,,,,,,,,,,,,,,,,,,,,,,,,,,,,,,,,,,,,,,,,,,,,,,,,,,,,,,,,,,,,,,,,,,,,,,,,,,,,,,,,,,,,,,,,,,,,,,,,,,,,,,,,,,,,,,,,,,,,,,,,,,,,,,,,,,,,,,,,,,,,,,,,,,,,,,,,,,,,,,,1,,,,,,,,,,,,,S-1-5-21-4220238332-57023728-1129110646-500,,,,,,,,,,,,,,,,,,,,,,,,,,
2026-03-26T05:20:49.746040Z,"{'#attributes': {'Qualifiers': 16384}, '#text': 7036}",WIN-N4R0DVP0PKP,Service Control Manager,System,490,4,,,,,,,,,,4600720061006D0065005300650072007600650072004D006F006E00690074006F0072002F0034000000,,,,,,,,,,,,,,,,,,,,,,,,,,,,,,,,,,,,,,,,,,,,,,,,,,,,,,,,,,,,,,,,,,,,,,,,,,,,,,,,,,,,,,,,,,,,,,,,,,,,,,,,,,,,,,,,,,,,,,,,,,,,,,,,,,,,,,,,,,,,,,,,,,,,,,,,,,,,,,,,,,,,,,,,,,,,,,,,,,,,,,,,,,,,,,,,,,,,,,,,,,,,,,,,,,,,,,,,,,,,,,,,,,Windows Camera Frame Server Monitor,,,running,,,,,,,,,,,,,,
2026-03-26T05:20:49.844016Z,"{'#attributes': {'Qualifiers': 16384}, '#text': 7036}",WIN-N4R0DVP0PKP,Service Control Manager,System,491,4,,,,,,,,,,44006500760069006300650049006E007300740061006C006C002F0031000000,,,,,,,,,,,,,,,,,,,,,,,,,,,,,,,,,,,,,,,,,,,,,,,,,,,,,,,,,,,,,,,,,,,,,,,,,,,,,,,,,,,,,,,,,,,,,,,,,,,,,,,,,,,,,,,,,,,,,,,,,,,,,,,,,,,,,,,,,,,,,,,,,,,,,,,,,,,,,,,,,,,,,,,,,,,,,,,,,,,,,,,,,,,,,,,,,,,,,,,,,,,,,,,,,,,,,,,,,,,,,,,,,,Device Install Service,,,stopped,,,,,,,,,,,,,,
2026-03-26T05:20:49.858826Z,"{'#attributes': {'Qualifiers': 16384}, '#text': 7036}",WIN-N4R0DVP0PKP,Service Control Manager,System,492,4,,,,,,,,,,670070007300760063002F0031000000,,,,,,,,,,,,,,,,,,,,,,,,,,,,,,,,,,,,,,,,,,,,,,,,,,,,,,,,,,,,,,,,,,,,,,,,,,,,,,,,,,,,,,,,,,,,,,,,,,,,,,,,,,,,,,,,,,,,,,,,,,,,,,,,,,,,,,,,,,,,,,,,,,,,,,,,,,,,,,,,,,,,,,,,,,,,,,,,,,,,,,,,,,,,,,,,,,,,,,,,,,,,,,,,,,,,,,,,,,,,,,,,,,Group Policy Client,,,stopped,,,,,,,,,,,,,,
2026-03-26T05:20:50.005200Z,"{'#attributes': {'Qualifiers': 16384}, '#text': 7036}",WIN-N4R0DVP0PKP,Service Control Manager,System,493,4,,,,,,,,,,540072007500730074006500640049006E007300740061006C006C00650072002F0031000000,,,,,,,,,,,,,,,,,,,,,,,,,,,,,,,,,,,,,,,,,,,,,,,,,,,,,,,,,,,,,,,,,,,,,,,,,,,,,,,,,,,,,,,,,,,,,,,,,,,,,,,,,,,,,,,,,,,,,,,,,,,,,,,,,,,,,,,,,,,,,,,,,,,,,,,,,,,,,,,,,,,,,,,,,,,,,,,,,,,,,,,,,,,,,,,,,,,,,,,,,,,,,,,,,,,,,,,,,,,,,,,,,,Windows Modules Installer,,,stopped,,,,,,,,,,,,,,
2026-03-26T05:20:50.042862Z,"{'#attributes': {'Qualifiers': 16384}, '#text': 7036}",WIN-N4R0DVP0PKP,Service Control Manager,System,494,4,,,,,,,,,,5700620069006F0053007200760063002F0031000000,,,,,,,,,,,,,,,,,,,,,,,,,,,,,,,,,,,,,,,,,,,,,,,,,,,,,,,,,,,,,,,,,,,,,,,,,,,,,,,,,,,,,,,,,,,,,,,,,,,,,,,,,,,,,,,,,,,,,,,,,,,,,,,,,,,,,,,,,,,,,,,,,,,,,,,,,,,,,,,,,,,,,,,,,,,,,,,,,,,,,,,,,,,,,,,,,,,,,,,,,,,,,,,,,,,,,,,,,,,,,,,,,,Windows Biometric Service,,,stopped,,,,,,,,,,,,,,
2026-03-26T05:20:50.042862Z,"{'#attributes': {'Qualifiers': 16384}, '#text': 7036}",WIN-N4R0DVP0PKP,Service Control Manager,System,495,4,,,,,,,,,,530065006300750072006900740079004800650061006C007400680053006500720076006900630065002F0031000000,,,,,,,,,,,,,,,,,,,,,,,,,,,,,,,,,,,,,,,,,,,,,,,,,,,,,,,,,,,,,,,,,,,,,,,,,,,,,,,,,,,,,,,,,,,,,,,,,,,,,,,,,,,,,,,,,,,,,,,,,,,,,,,,,,,,,,,,,,,,,,,,,,,,,,,,,,,,,,,,,,,,,,,,,,,,,,,,,,,,,,,,,,,,,,,,,,,,,,,,,,,,,,,,,,,,,,,,,,,,,,,,,,Windows Security Service,,,stopped,,,,,,,,,,,,,,
2026-03-26T05:20:50.060133Z,"{'#attributes': {'Qualifiers': 16384}, '#text': 7036}",WIN-N4R0DVP0PKP,Service Control Manager,System,496,4,,,,,,,,,,56004D0054006F006F006C0073002F0031000000,,,,,,,,,,,,,,,,,,,,,,,,,,,,,,,,,,,,,,,,,,,,,,,,,,,,,,,,,,,,,,,,,,,,,,,,,,,,,,,,,,,,,,,,,,,,,,,,,,,,,,,,,,,,,,,,,,,,,,,,,,,,,,,,,,,,,,,,,,,,,,,,,,,,,,,,,,,,,,,,,,,,,,,,,,,,,,,,,,,,,,,,,,,,,,,,,,,,,,,,,,,,,,,,,,,,,,,,,,,,,,,,,,VMware Tools,,,stopped,,,,,,,,,,,,,,
2026-03-26T05:20:50.060445Z,"{'#attributes': {'Qualifiers': 16384}, '#text': 7036}",WIN-N4R0DVP0PKP,Service Control Manager,System,497,4,,,,,,,,,,410070007000520065006100640069006E006500730073002F0031000000,,,,,,,,,,,,,,,,,,,,,,,,,,,,,,,,,,,,,,,,,,,,,,,,,,,,,,,,,,,,,,,,,,,,,,,,,,,,,,,,,,,,,,,,,,,,,,,,,,,,,,,,,,,,,,,,,,,,,,,,,,,,,,,,,,,,,,,,,,,,,,,,,,,,,,,,,,,,,,,,,,,,,,,,,,,,,,,,,,,,,,,,,,,,,,,,,,,,,,,,,,,,,,,,,,,,,,,,,,,,,,,,,,App Readiness,,,stopped,,,,,,,,,,,,,,
2026-03-26T05:20:50.078467Z,"{'#attributes': {'Qualifiers': 16384}, '#text': 7036}",WIN-N4R0DVP0PKP,Service Control Manager,System,498,4,,,,,,,,,,550041004C005300560043002F0031000000,,,,,,,,,,,,,,,,,,,,,,,,,,,,,,,,,,,,,,,,,,,,,,,,,,,,,,,,,,,,,,,,,,,,,,,,,,,,,,,,,,,,,,,,,,,,,,,,,,,,,,,,,,,,,,,,,,,,,,,,,,,,,,,,,,,,,,,,,,,,,,,,,,,,,,,,,,,,,,,,,,,,,,,,,,,,,,,,,,,,,,,,,,,,,,,,,,,,,,,,,,,,,,,,,,,,,,,,,,,,,,,,,,User Access Logging Service,,,stopped,,,,,,,,,,,,,,
2026-03-26T05:20:50.127059Z,"{'#attributes': {'Qualifiers': 16384}, '#text': 7036}",WIN-N4R0DVP0PKP,Service Control Manager,System,499,4,,,,,,,,,,440069006100670054007200610063006B002F0031000000,,,,,,,,,,,,,,,,,,,,,,,,,,,,,,,,,,,,,,,,,,,,,,,,,,,,,,,,,,,,,,,,,,,,,,,,,,,,,,,,,,,,,,,,,,,,,,,,,,,,,,,,,,,,,,,,,,,,,,,,,,,,,,,,,,,,,,,,,,,,,,,,,,,,,,,,,,,,,,,,,,,,,,,,,,,,,,,,,,,,,,,,,,,,,,,,,,,,,,,,,,,,,,,,,,,,,,,,,,,,,,,,,,Connected User Experiences and Telemetry,,,stopped,,,,,,,,,,,,,,
2026-03-26T05:20:50.153497Z,"{'#attributes': {'Qualifiers': 16384}, '#text': 7036}",WIN-N4R0DVP0PKP,Service Control Manager,System,500,4,,,,,,,,,,4E0067006300430074006E0072005300760063002F0031000000,,,,,,,,,,,,,,,,,,,,,,,,,,,,,,,,,,,,,,,,,,,,,,,,,,,,,,,,,,,,,,,,,,,,,,,,,,,,,,,,,,,,,,,,,,,,,,,,,,,,,,,,,,,,,,,,,,,,,,,,,,,,,,,,,,,,,,,,,,,,,,,,,,,,,,,,,,,,,,,,,,,,,,,,,,,,,,,,,,,,,,,,,,,,,,,,,,,,,,,,,,,,,,,,,,,,,,,,,,,,,,,,,,Microsoft Passport Container,,,stopped,,,,,,,,,,,,,,
2026-03-26T05:20:50.239332Z,"{'#attributes': {'Qualifiers': 16384}, '#text': 7036}",WIN-N4R0DVP0PKP,Service Control Manager,System,501,4,,,,,,,,,,570064006900530079007300740065006D0048006F00730074002F0031000000,,,,,,,,,,,,,,,,,,,,,,,,,,,,,,,,,,,,,,,,,,,,,,,,,,,,,,,,,,,,,,,,,,,,,,,,,,,,,,,,,,,,,,,,,,,,,,,,,,,,,,,,,,,,,,,,,,,,,,,,,,,,,,,,,,,,,,,,,,,,,,,,,,,,,,,,,,,,,,,,,,,,,,,,,,,,,,,,,,,,,,,,,,,,,,,,,,,,,,,,,,,,,,,,,,,,,,,,,,,,,,,,,,Diagnostic System Host,,,stopped,,,,,,,,,,,,,,
2026-03-26T05:20:50.239332Z,"{'#attributes': {'Qualifiers': 16384}, '#text': 7036}",WIN-N4R0DVP0PKP,Service Control Manager,System,502,4,,,,,,,,,,5600610075006C0074005300760063002F0031000000,,,,,,,,,,,,,,,,,,,,,,,,,,,,,,,,,,,,,,,,,,,,,,,,,,,,,,,,,,,,,,,,,,,,,,,,,,,,,,,,,,,,,,,,,,,,,,,,,,,,,,,,,,,,,,,,,,,,,,,,,,,,,,,,,,,,,,,,,,,,,,,,,,,,,,,,,,,,,,,,,,,,,,,,,,,,,,,,,,,,,,,,,,,,,,,,,,,,,,,,,,,,,,,,,,,,,,,,,,,,,,,,,,Credential Manager,,,stopped,,,,,,,,,,,,,,
2026-03-26T05:20:50.240957Z,50104,WIN-N4R0DVP0PKP,Microsoft-Windows-Dhcp-Client,System,503,4,,,,,,,,,,,,,,,,,,,,,,,,,,,,,,,,,,,,,,,,,,,,,,,,,,,,,,,,,,,,,,,,,,,,,,,,,,,,,,,,,,,,,,,,,,,,,,,,,,,,,,,,,,,,,,,,,,,,,,,,,,,,,,,,,,,,,,,,,,,,,,,,,,,,,,,,,,,,,,,,,,,,,,,,,,,,,,,,,,,,,,,,,,,,,,,,,,,,,,,,,,,,,,,,,,,,,,,,,,,,,,,,,,,,,,,,,,,,,,,,,,,,,,,,,,,,,
2026-03-26T05:20:50.241378Z,"{'#attributes': {'Qualifiers': 16384}, '#text': 7036}",WIN-N4R0DVP0PKP,Service Control Manager,System,504,4,,,,,,,,,,50006C007500670050006C00610079002F0031000000,,,,,,,,,,,,,,,,,,,,,,,,,,,,,,,,,,,,,,,,,,,,,,,,,,,,,,,,,,,,,,,,,,,,,,,,,,,,,,,,,,,,,,,,,,,,,,,,,,,,,,,,,,,,,,,,,,,,,,,,,,,,,,,,,,,,,,,,,,,,,,,,,,,,,,,,,,,,,,,,,,,,,,,,,,,,,,,,,,,,,,,,,,,,,,,,,,,,,,,,,,,,,,,,,,,,,,,,,,,,,,,,,,Plug and Play,,,stopped,,,,,,,,,,,,,,
2026-03-26T05:20:50.242740Z,"{'#attributes': {'Qualifiers': 16384}, '#text': 7036}",WIN-N4R0DVP0PKP,Service Control Manager,System,505,4,,,,,,,,,,570033003200540069006D0065002F0031000000,,,,,,,,,,,,,,,,,,,,,,,,,,,,,,,,,,,,,,,,,,,,,,,,,,,,,,,,,,,,,,,,,,,,,,,,,,,,,,,,,,,,,,,,,,,,,,,,,,,,,,,,,,,,,,,,,,,,,,,,,,,,,,,,,,,,,,,,,,,,,,,,,,,,,,,,,,,,,,,,,,,,,,,,,,,,,,,,,,,,,,,,,,,,,,,,,,,,,,,,,,,,,,,,,,,,,,,,,,,,,,,,,,Windows Time,,,stopped,,,,,,,,,,,,,,
2026-03-26T05:20:50.243173Z,50105,WIN-N4R0DVP0PKP,Microsoft-Windows-Dhcp-Client,System,506,4,,,,,,,,,,,,,,,,,,,,,,,,,,,,,,,,,,,,,,,,,,,,,,,,,,,,,,,,,,,,,,,,,,,,,,,,,,,,,,,,,,,,,,,,,,,,,,,,,,,,,,,,,,,,,,,,,,,,,,,,,,,,,,,,,,,,,,,,,,,,,,,,,,,,,,,,,,,,,,,,,,,,,,,,,,,,,,,,,,,,,,,,,,,,,,,,,,,,,,,,,,,,,,,,,,,,,,,,,,,,,,,,,,,,,,,,,,,,,,,,,,,,,,,,,,,,,
2026-03-26T05:20:50.244770Z,"{'#attributes': {'Qualifiers': 16384}, '#text': 7036}",WIN-N4R0DVP0PKP,Service Control Manager,System,507,4,,,,,,,,,,57004C004D0053002F0031000000,,,,,,,,,,,,,,,,,,,,,,,,,,,,,,,,,,,,,,,,,,,,,,,,,,,,,,,,,,,,,,,,,,,,,,,,,,,,,,,,,,,,,,,,,,,,,,,,,,,,,,,,,,,,,,,,,,,,,,,,,,,,,,,,,,,,,,,,,,,,,,,,,,,,,,,,,,,,,,,,,,,,,,,,,,,,,,,,,,,,,,,,,,,,,,,,,,,,,,,,,,,,,,,,,,,,,,,,,,,,,,,,,,Windows Licensing Monitoring Service,,,stopped,,,,,,,,,,,,,,
2026-03-26T05:20:50.246278Z,114,WIN-N4R0DVP0PKP,Microsoft-Windows-HttpService,System,508,4,,,,,,,,,,,,,,,,,,,,,,,,,,,,,,,,,,,,,,,,,,,,,,,,,,,,,,,,,,,,,,,,,,,,,,,,,,,\Device\HarddiskVolume3\Windows\System32\svchost.exe,,,,,,,,,,,,,,,,,,,,,,,,,,,,,,,,,,,,,,,,,,,,,,,,,,,,,,,,,,,,,,,,,,,,,,,,,,,,,,,,,,,,,,,,,,,,,,,,,,,,,,2556,,,,,,,,,,,,,,,,,,,,,,,,,,,,,,,,,,,,,,,,,,,,,,,,http://+:47001/wsman/,18302628890465533953,S-1-5-20,,,,,,,,,,,,,,,,,,,,,,,,,,
2026-03-26T05:20:50.246429Z,114,WIN-N4R0DVP0PKP,Microsoft-Windows-HttpService,System,509,4,,,,,,,,,,,,,,,,,,,,,,,,,,,,,,,,,,,,,,,,,,,,,,,,,,,,,,,,,,,,,,,,,,,,,,,,,,,\Device\HarddiskVolume3\Windows\System32\svchost.exe,,,,,,,,,,,,,,,,,,,,,,,,,,,,,,,,,,,,,,,,,,,,,,,,,,,,,,,,,,,,,,,,,,,,,,,,,,,,,,,,,,,,,,,,,,,,,,,,,,,,,,2556,,,,,,,,,,,,,,,,,,,,,,,,,,,,,,,,,,,,,,,,,,,,,,,,http://+:5985/wsman/,18302628890465533953,S-1-5-20,,,,,,,,,,,,,,,,,,,,,,,,,,
2026-03-26T05:20:50.246688Z,"{'#attributes': {'Qualifiers': 16384}, '#text': 7036}",WIN-N4R0DVP0PKP,Service Control Manager,System,510,4,,,,,,,,,,570069006E006D0067006D0074002F0031000000,,,,,,,,,,,,,,,,,,,,,,,,,,,,,,,,,,,,,,,,,,,,,,,,,,,,,,,,,,,,,,,,,,,,,,,,,,,,,,,,,,,,,,,,,,,,,,,,,,,,,,,,,,,,,,,,,,,,,,,,,,,,,,,,,,,,,,,,,,,,,,,,,,,,,,,,,,,,,,,,,,,,,,,,,,,,,,,,,,,,,,,,,,,,,,,,,,,,,,,,,,,,,,,,,,,,,,,,,,,,,,,,,,Windows Management Instrumentation,,,stopped,,,,,,,,,,,,,,
2026-03-26T05:20:50.249475Z,"{'#attributes': {'Qualifiers': 16384}, '#text': 7036}",WIN-N4R0DVP0PKP,Service Control Manager,System,511,4,,,,,,,,,,500072006F0066005300760063002F0031000000,,,,,,,,,,,,,,,,,,,,,,,,,,,,,,,,,,,,,,,,,,,,,,,,,,,,,,,,,,,,,,,,,,,,,,,,,,,,,,,,,,,,,,,,,,,,,,,,,,,,,,,,,,,,,,,,,,,,,,,,,,,,,,,,,,,,,,,,,,,,,,,,,,,,,,,,,,,,,,,,,,,,,,,,,,,,,,,,,,,,,,,,,,,,,,,,,,,,,,,,,,,,,,,,,,,,,,,,,,,,,,,,,,User Profile Service,,,stopped,,,,,,,,,,,,,,
2026-03-26T05:20:50.251393Z,50106,WIN-N4R0DVP0PKP,Microsoft-Windows-Dhcp-Client,System,512,4,,,,,,,,,,,,,,,,,,,,,,,,,,,,,,,,,,,,,,,,,,,,,,,,,,,,,,,,,,,,,,,,,,,,,,,,,,,,,,,,,,,,,,,,,,,,,,,,,,,,,,,,,,,,,,,,,,,,,,,,,,,,,,,,,,,,,,,,,,,,,,,,,,,,,,,,,,,,,,,,,,,,,,,,,,,,,,,,,,,,,,,,,,,,,,,,,,,,,,,,,,,,,,,,,,,,,,,,,,,,,,,,,,,,,,,,,,,,,,,,,,,,,,,,,,,,,
2026-03-26T05:20:50.261120Z,51047,WIN-N4R0DVP0PKP,Microsoft-Windows-DHCPv6-Client,System,513,4,,,,,,,,,,,,,,,,,,,,,,,,,,,,,,,,,,,,,,,,,,,,,,,,,,,,,,,,,,,,,,,1,,,,,,,,,,,,,,,,,,,,,,,,,,,,,,,,,,,,,,,,,,,,,,,,,,,,,,,,,,,,,,,,,,,,,,,,,,,,,,,,,,,,,,,,,,,,,,,,,,,,,,,,,,,,,,,,,,,,,,,,,,,,,,,,,,,,,,,,,,,,,,,,,,,,,,,,,,,,,,,,,,,,,,,,,,,,,,,,,,,,,,,,,,,,,,
2026-03-26T05:20:50.261122Z,51057,WIN-N4R0DVP0PKP,Microsoft-Windows-DHCPv6-Client,System,514,4,,,,,,,,,,,,,,,,,,,,,,,,,,,,,,,,,,,,,,,,,,,,,,,,,,,,,,,,,,,,,,,1,,,,,,,,,,,,,,,,,,,,,,,,,,,,,,,,,,,,,,,,,,,,,,,,,,,,,,,,,,,,,,,,,,,,,,,,,,,,,,,,,,,,,,,,,,,,,,,,,,,,,,,,,,,,,,,,,,,,,,,,,,,,,,,,,,,,,,,,,,,,,,,,,,,,,,,,,,,,,,,,,,,,,,,,,,,,,,,,,,,,,,,,,,,,,,
2026-03-26T05:20:50.303842Z,"{'#attributes': {'Qualifiers': 32768}, '#text': 6006}",WIN-N4R0DVP0PKP,EventLog,System,515,4,,,,,,,,,,0100000000000000,,,,,,,,,,,,,,,,,,,,,,,,,,,,,,,,,,,,,,,,,,,,,,,,,,,,,,,,,,,,,,,,,,,,,,,,,,,,,,,,,,,,,,,,,,,,,,,,,,,,,,,,,,,,,,,,,,,,,,,,,,,,,,,,,,,,,,,,,,,,,,,,,,,,,,,,,,,,,,,,,,,,,,,,,,,,,,,,,,,,,,,,,,,,,,,,,,,,,,,,,,,,,,,,,,,,,,,,,,,,,,,,,,,,,,,,,,,,,,,,,,,
2026-03-26T05:20:50.268843Z,"{'#attributes': {'Qualifiers': 16384}, '#text': 7036}",WIN-N4R0DVP0PKP,Service Control Manager,System,516,4,,,,,,,,,,43006C00690070005300560043002F0031000000,,,,,,,,,,,,,,,,,,,,,,,,,,,,,,,,,,,,,,,,,,,,,,,,,,,,,,,,,,,,,,,,,,,,,,,,,,,,,,,,,,,,,,,,,,,,,,,,,,,,,,,,,,,,,,,,,,,,,,,,,,,,,,,,,,,,,,,,,,,,,,,,,,,,,,,,,,,,,,,,,,,,,,,,,,,,,,,,,,,,,,,,,,,,,,,,,,,,,,,,,,,,,,,,,,,,,,,,,,,,,,,,,,Client License Service (ClipSVC),,,stopped,,,,,,,,,,,,,,
2026-03-26T05:20:50.268843Z,"{'#attributes': {'Qualifiers': 16384}, '#text': 7036}",WIN-N4R0DVP0PKP,Service Control Manager,System,517,4,,,,,,,,,,6D00730069007300650072007600650072002F0031000000,,,,,,,,,,,,,,,,,,,,,,,,,,,,,,,,,,,,,,,,,,,,,,,,,,,,,,,,,,,,,,,,,,,,,,,,,,,,,,,,,,,,,,,,,,,,,,,,,,,,,,,,,,,,,,,,,,,,,,,,,,,,,,,,,,,,,,,,,,,,,,,,,,,,,,,,,,,,,,,,,,,,,,,,,,,,,,,,,,,,,,,,,,,,,,,,,,,,,,,,,,,,,,,,,,,,,,,,,,,,,,,,,,Windows Installer,,,stopped,,,,,,,,,,,,,,
2026-03-26T05:20:50.268843Z,"{'#attributes': {'Qualifiers': 16384}, '#text': 7036}",WIN-N4R0DVP0PKP,Service Control Manager,System,518,4,,,,,,,,,,46006F006E007400430061006300680065002F0031000000,,,,,,,,,,,,,,,,,,,,,,,,,,,,,,,,,,,,,,,,,,,,,,,,,,,,,,,,,,,,,,,,,,,,,,,,,,,,,,,,,,,,,,,,,,,,,,,,,,,,,,,,,,,,,,,,,,,,,,,,,,,,,,,,,,,,,,,,,,,,,,,,,,,,,,,,,,,,,,,,,,,,,,,,,,,,,,,,,,,,,,,,,,,,,,,,,,,,,,,,,,,,,,,,,,,,,,,,,,,,,,,,,,Windows Font Cache Service,,,stopped,,,,,,,,,,,,,,
2026-03-26T05:20:50.268843Z,"{'#attributes': {'Qualifiers': 16384}, '#text': 7036}",WIN-N4R0DVP0PKP,Service Control Manager,System,519,4,,,,,,,,,,5300790073004D00610069006E002F0031000000,,,,,,,,,,,,,,,,,,,,,,,,,,,,,,,,,,,,,,,,,,,,,,,,,,,,,,,,,,,,,,,,,,,,,,,,,,,,,,,,,,,,,,,,,,,,,,,,,,,,,,,,,,,,,,,,,,,,,,,,,,,,,,,,,,,,,,,,,,,,,,,,,,,,,,,,,,,,,,,,,,,,,,,,,,,,,,,,,,,,,,,,,,,,,,,,,,,,,,,,,,,,,,,,,,,,,,,,,,,,,,,,,,SysMain,,,stopped,,,,,,,,,,,,,,
