2026-03-27T22:25:38.972603Z,"{'#attributes': {'Qualifiers': 16384}, '#text': 16384}",dc.danglingtree.htb,Microsoft-Windows-Security-SPP,Application,825,4,,,,,,,,,,,,,,,,,,,,,,,,2026-08-23T06:39:38Z,RulesEngine,,,,,,,,,,,,,,,,,,,,,,,,,,,,,,,,,,,,,,,,,,,,,,,,,,,,,,,,,,,,,,,,,,,,,,,,,,,,,,,,,,,,,,,
2026-03-27T22:26:09.985366Z,"{'#attributes': {'Qualifiers': 0}, '#text': 8224}",dc.danglingtree.htb,VSS,Application,826,4,,,,,,,,,,2D20436F64653A2020434F525356434330303030303737322D2043616C6C3A2020434F525356434330303030303735342D205049443A202030303030353232302D205449443A202030303030353235362D20434D443A2020433A5C57494E444F57535C73797374656D33325C76737376632E6578652020202D20557365723A204E616D653A204E5420415554484F524954595C53595354454D2C205349443A532D312D352D313820,,,,,,,,,,,,,,,,,,,,,,,,,,,,,,,,,,,,,,,,,,,,,,,,,,,,,,,,,,,,,,,,,,,,,,,,,,,,,,,,,,,,,,,,,,,,,,,,,,,,,,
2026-03-27T22:26:09.779999Z,1001,dc.danglingtree.htb,Windows Error Reporting,Application,827,4,,,,,,,,,"
\\?\C:\ProgramData\Microsoft\Windows\WER\Temp\WER.63504de0-de0f-42cb-823c-d6b27dc7a5b9.tmp.mdmp
\\?\C:\ProgramData\Microsoft\Windows\WER\Temp\WER.9b7dd4e0-cd8c-4fa4-b1f0-3ae18d467743.tmp.WERInternalMetadata.xml
\\?\C:\ProgramData\Microsoft\Windows\WER\Temp\WER.c43a3a66-5e48-472b-9eba-ed14c3c7c8a1.tmp.xml
\\?\C:\Windows\SystemTemp\WER.3219d386-3428-49e6-ab36-20f7a8616098.tmp.appcompat.txt",,,0,,,,,,0,0,,,,,,,,,,,,,,,,,,,APPCRASH,,,,,,,,,,,,,,,,,,,WindowsAdminCenterAccountManagement.exe,,2.6.11.4,69340000,KERNELBASE.dll,10.0.26100.32230,93531557,e0434352,00000000000ca80a,,,,,,,,,,,0,,baf481de-0711-4175-b128-28e7dc87e508,100,,Not available,,,,,,\\?\C:\ProgramData\Microsoft\Windows\WER\ReportQueue\AppCrash_WindowsAdminCent_a6fb81939b9f405e50f372bdcaf57e747b9d9ae_67a50925_cab_6542128a-8437-4e43-b987-2aa60e55c189,,,,,,,,,,,,,,,,,,,,,,,,,
2026-03-27T22:26:10.031003Z,1001,dc.danglingtree.htb,Windows Error Reporting,Application,828,4,,,,,,,,,"
\\?\C:\ProgramData\Microsoft\Windows\WER\Temp\WER.1d1ec7e6-40ce-4387-9eb8-d279060c54ab.tmp.mdmp
\\?\C:\ProgramData\Microsoft\Windows\WER\Temp\WER.bc0a6d57-8cfb-4189-a22d-df2b7bad3e2e.tmp.WERInternalMetadata.xml
\\?\C:\ProgramData\Microsoft\Windows\WER\Temp\WER.1605a100-ec7e-48e9-8552-ff110d4156ac.tmp.csv
\\?\C:\ProgramData\Microsoft\Windows\WER\Temp\WER.1a75d2dd-7984-4178-a0c2-67ea5667021e.tmp.txt
\\?\C:\ProgramData\Microsoft\Windows\WER\Temp\WER.dbc1c743-45d8-4151-ab6b-02efd68c4346.tmp.xml
\\?\C:\Users\noah.b\AppData\Local\Temp\WER.5c4d0046-fba0-4e0f-b86b-ed90376f6f12.tmp.appcompat.txt
\\?\C:\ProgramData\Microsoft\Windows\WER\ReportQueue\AppCrash_MicrosoftWindows_9f86a51281dab8c088db1448d07468a41d6f1226_23fe3459_cab_fe5fd375-1701-4a6c-a4e4-a7e546ec8317\memory.hdmp",,,0,,,,,,0,0,,,,,,,,,,,,,,,,,,,MoAppCrash,,,,,,,,,,,,,,,,,,,MicrosoftWindows.Client.CBS_1000.26100.275.0_x64__cw5n1h2txyewy,,praid:Global.Accounts,10.0.26100.1,5bc61463,combase.dll,10.0.26100.32230,afe300b1,d0020017,000000000008eea4,,,,,,,,,,0,,7b667a66-1518-4c0f-85e8-df6556056eb7,100,,Not available,,,,,,\\?\C:\ProgramData\Microsoft\Windows\WER\ReportQueue\AppCrash_MicrosoftWindows_9f86a51281dab8c088db1448d07468a41d6f1226_23fe3459_cab_fe5fd375-1701-4a6c-a4e4-a7e546ec8317,,,,,,,,,,,,,,,,,,,,,,,,,
2026-03-27T22:26:10.254511Z,1001,dc.danglingtree.htb,Windows Error Reporting,Application,829,4,,,,,,,,,"
\\?\C:\ProgramData\Microsoft\Windows\WER\Temp\WER.aeeb4342-4a19-4e9b-bad9-8fe00459755d.tmp.WERInternalMetadata.xml",,,0,,,,,,0,0,,,,,,,,,,,,,,,,,,,APPCRASH,,,,,,,,,,,,,,,,,,,WindowsAdminCenterAccountManagement.exe,,2.6.11.4,69340000,KERNELBASE.dll,10.0.26100.32230,93531557,e0434352,00000000000ca80a,,,,,,,,,,,0,,0ef9a54b-0012-428b-b818-a440ae77f469,4196,,Not available,,,,,,\\?\C:\ProgramData\Microsoft\Windows\WER\ReportQueue\AppCrash_WindowsAdminCent_a6fb81939b9f405e50f372bdcaf57e747b9d9ae_67a50925_1cc804e1-e587-4a15-a8ca-cf1621ea084e,,,,,,,,,,,,,,,,,,,,,,,,,
2026-03-27T22:26:10.347977Z,1001,dc.danglingtree.htb,Windows Error Reporting,Application,830,4,,,,,,,,,"
\\?\C:\ProgramData\Microsoft\Windows\WER\Temp\WER.99b886c8-e0e8-489a-a0d9-28654514a882.tmp.mdmp
\\?\C:\ProgramData\Microsoft\Windows\WER\Temp\WER.84a59963-a4f1-4aea-80ca-52fbcdde9735.tmp.WERInternalMetadata.xml
\\?\C:\ProgramData\Microsoft\Windows\WER\Temp\WER.2b2d82e4-8100-4a4d-a1fe-67005fb175d5.tmp.csv
\\?\C:\ProgramData\Microsoft\Windows\WER\Temp\WER.ce8b0763-44e1-4360-9cb5-be90b8f45d17.tmp.txt
\\?\C:\ProgramData\Microsoft\Windows\WER\Temp\WER.439bc349-79ca-47ec-ab9c-ee1cb4c83190.tmp.xml
\\?\C:\Users\Administrator\AppData\Local\Temp\WER.af501206-ea97-4c7f-bbb3-734c84137372.tmp.appcompat.txt
\\?\C:\ProgramData\Microsoft\Windows\WER\ReportQueue\AppCrash_mmc.exe_c785c1e2799bfe946cb6f099faac7058efaa6ad9_b676ff93_cab_9cdf66ab-fb64-47a7-a7ba-60679bad1335\memory.hdmp",,,0,,,,,,0,0,,,,,,,,,,,,,,,,,,,APPCRASH,,,,,,,,,,,,,,,,,,,mmc.exe,,10.0.26100.32230,1865ebef,dsuiext.dll,10.0.26100.1150,1cdcad27,c0000005,000000000000602b,,,,,,,,,,,0,,4c2af429-541a-47f0-9124-c3290b0dda82,100,,Not available,,,,,,\\?\C:\ProgramData\Microsoft\Windows\WER\ReportQueue\AppCrash_mmc.exe_c785c1e2799bfe946cb6f099faac7058efaa6ad9_b676ff93_cab_9cdf66ab-fb64-47a7-a7ba-60679bad1335,,,,,,,,,,,,,,,,,,,,,,,,,
2026-03-27T22:26:10.434341Z,1001,dc.danglingtree.htb,Windows Error Reporting,Application,831,4,,,,,,,,,"
\\?\C:\ProgramData\Microsoft\Windows\WER\Temp\WER.ec2c7b21-5169-48da-952f-5eee27f33588.tmp.WERInternalMetadata.xml",,,0,,,,,,0,0,,,,,,,,,,,,,,,,,,,APPCRASH,,,,,,,,,,,,,,,,,,,WindowsAdminCenterAccountManagement.exe,,2.6.11.4,69340000,KERNELBASE.dll,10.0.26100.32230,93531557,e0434352,00000000000ca80a,,,,,,,,,,,0,,d86281ad-cfc0-4d58-9136-ad64403dcc4b,4196,,Not available,,,,,,\\?\C:\ProgramData\Microsoft\Windows\WER\ReportQueue\AppCrash_WindowsAdminCent_a6fb81939b9f405e50f372bdcaf57e747b9d9ae_67a50925_afcba7d8-e588-47ca-8c74-8b7c9144a88c,,,,,,,,,,,,,,,,,,,,,,,,,
2026-03-27T22:26:10.558136Z,1001,dc.danglingtree.htb,Windows Error Reporting,Application,832,4,,,,,,,,,"
\\?\C:\ProgramData\Microsoft\Windows\WER\Temp\WER.7ea2ac62-439c-4e90-a738-c631706ee4f4.tmp.WERInternalMetadata.xml",,,0,,,,,,0,0,,,,,,,,,,,,,,,,,,,APPCRASH,,,,,,,,,,,,,,,,,,,WindowsAdminCenterAccountManagement.exe,,2.6.11.4,69340000,KERNELBASE.dll,10.0.26100.32230,93531557,e0434352,00000000000ca80a,,,,,,,,,,,0,,1e61fdde-a841-4f0f-8bc0-9db10ea518e9,4196,,Not available,,,,,,\\?\C:\ProgramData\Microsoft\Windows\WER\ReportQueue\AppCrash_WindowsAdminCent_a6fb81939b9f405e50f372bdcaf57e747b9d9ae_67a50925_2bfd22eb-df18-437d-acd2-9f3328e62723,,,,,,,,,,,,,,,,,,,,,,,,,
2026-03-27T22:26:10.634250Z,1001,dc.danglingtree.htb,Windows Error Reporting,Application,833,4,,,,,,,,,"
\\?\C:\ProgramData\Microsoft\Windows\WER\Temp\WER.3f3f3ab6-0a12-428d-ae38-24556afbbece.tmp.WERInternalMetadata.xml",,,0,,,,,,0,0,,,,,,,,,,,,,,,,,,,APPCRASH,,,,,,,,,,,,,,,,,,,WindowsAdminCenterAccountManagement.exe,,2.6.11.4,69340000,KERNELBASE.dll,10.0.26100.32230,93531557,e0434352,00000000000ca80a,,,,,,,,,,,0,,343f66a9-d88e-482c-85ad-8fbc386bdae7,4196,,Not available,,,,,,\\?\C:\ProgramData\Microsoft\Windows\WER\ReportQueue\AppCrash_WindowsAdminCent_a6fb81939b9f405e50f372bdcaf57e747b9d9ae_67a50925_f9b7f7cf-6310-4817-9a61-3d85cf17fd4d,,,,,,,,,,,,,,,,,,,,,,,,,
2026-03-27T22:27:33.169555Z,1001,dc.danglingtree.htb,Microsoft-Windows-LoadPerf,Application,834,4,,,,,,,,,,,,,,,,,,,,,,,,,,,,,,,,,,,,,,,,,,,,,,,,,,,,,,,,,,,,,,,,,,,,,,,,,,,,,,,,,,,,,,,,,,,,,,,,,LoadPerf,DA3C0000C4020000,8,,WmiApRpl,,,,WmiApRpl,,,,,,,
2026-03-27T22:27:33.222456Z,1000,dc.danglingtree.htb,Microsoft-Windows-LoadPerf,Application,835,4,,,,,,,,,,,,,,,,,,,,,,,,,,,,,,,,,,,,,,,,,,,,,,,,,,,,,,,,,,,,,,,,,,,,,,,,,,,,,,,,,,,,,,,,,,,,,,,,,LoadPerf,DC3C0000823D0000,8,,WmiApRpl,,,,WmiApRpl,,,,,,,
2026-03-27T22:28:56.332077Z,"{'#attributes': {'Qualifiers': 0}, '#text': 0}",dc.danglingtree.htb,MailService,Application,836,2,,,,,,,,,,,,,,,,,,,,,,,"Failed writing new mailConfig.json: Access to the path 'C:\Program Files (x86)\SmarterTools\SmarterMail\Service\mailConfig.old.xml' is denied.
",,,,,,,,,,,,,,,,,,,,,,,,,,,,,,,,,,,,,,,,,,,,,,,,,,,,,,,,,,,,,,,,,,,,,,,,,,,,,,,,,,,,,,,,,
2026-03-27T22:28:56.689847Z,1008,dc.danglingtree.htb,Microsoft-Windows-Perflib,Application,837,3,,,,,,,,,,,,,,,,,,,,,,,,,,,,,,,,,,,,,,,,,,,,,,,C:\WINDOWS\system32\mscoree.dll,,,,,,,,,,,,,,,,,,,,,,,,,,,,,,,,,,,,,.NETFramework,,,,,,,,,,,5,,,,,,,,,,,,,,,,,
2026-03-27T22:28:57.010480Z,1008,dc.danglingtree.htb,Microsoft-Windows-Perflib,Application,838,3,,,,,,,,,,,,,,,,,,,,,,,,,,,,,,,,,,,,,,,,,,,,,,,C:\WINDOWS\system32\esentprf.dll,,,,,,,,,,,,,,,,,,,,,,,,,,,,,,,,,,,,,ESENT,,,,,,,,,,,5,,,,,,,,,,,,,,,,,
2026-03-27T22:28:57.127822Z,1016,dc.danglingtree.htb,Microsoft-Windows-Perflib,Application,839,3,,,,,,,,,,,,,0x2b11e030890,1132,,,,,,,,,,,,,,,,,,,,,,,,,,,,,,,,,C:\Windows\System32\perfts.dll,,,,,,,,,,,,,,,,,,,,,,,,,,,,,,,,,,,,,TermService,,,,,,,,,,,,,,,,,,,,,,,,,,,,
2026-03-27T22:28:57.134563Z,1008,dc.danglingtree.htb,Microsoft-Windows-Perflib,Application,840,3,,,,,,,,,,,,,,,,,,,,,,,,,,,,,,,,,,,,,,,,,,,,,,,C:\WINDOWS\system32\wbem\wmiaprpl.dll,,,,,,,,,,,,,,,,,,,,,,,,,,,,,,,,,,,,,WmiApRpl,,,,,,,,,,,21,,,,,,,,,,,,,,,,,
2026-03-27T22:31:17.590770Z,1016,dc.danglingtree.htb,Microsoft-Windows-Perflib,Application,841,3,,,,,,,,,,,,,0x21f6b95b0e0,1132,,,,,,,,,,,,,,,,,,,,,,,,,,,,,,,,,C:\Windows\System32\perfts.dll,,,,,,,,,,,,,,,,,,,,,,,,,,,,,,,,,,,,,TermService,,,,,,,,,,,,,,,,,,,,,,,,,,,,
2026-03-27T22:35:10.192888Z,1008,dc.danglingtree.htb,Microsoft-Windows-Perflib,Application,842,3,,,,,,,,,,,,,,,,,,,,,,,,,,,,,,,,,,,,,,,,,,,,,,,C:\WINDOWS\system32\mscoree.dll,,,,,,,,,,,,,,,,,,,,,,,,,,,,,,,,,,,,,.NETFramework,,,,,,,,,,,5,,,,,,,,,,,,,,,,,
2026-03-27T22:35:10.391340Z,1008,dc.danglingtree.htb,Microsoft-Windows-Perflib,Application,843,3,,,,,,,,,,,,,,,,,,,,,,,,,,,,,,,,,,,,,,,,,,,,,,,C:\WINDOWS\system32\esentprf.dll,,,,,,,,,,,,,,,,,,,,,,,,,,,,,,,,,,,,,ESENT,,,,,,,,,,,5,,,,,,,,,,,,,,,,,
2026-03-27T22:35:10.471391Z,1008,dc.danglingtree.htb,Microsoft-Windows-Perflib,Application,844,3,,,,,,,,,,,,,,,,,,,,,,,,,,,,,,,,,,,,,,,,,,,,,,,C:\WINDOWS\system32\wbem\wmiaprpl.dll,,,,,,,,,,,,,,,,,,,,,,,,,,,,,,,,,,,,,WmiApRpl,,,,,,,,,,,21,,,,,,,,,,,,,,,,,
2026-03-27T22:38:28.144754Z,"{'#attributes': {'Qualifiers': 32768}, '#text': 256}",dc.danglingtree.htb,Edge,Application,845,4,,,,,,,,,,,,,,,,,,,,,,,[2560:10096:0327/153828.143:INFO:chrome\browser\extensions\extension_garbage_collector.cc:188] Garbage collection for extensions on file thread is complete.,,,,,,,,,,,,,,,,,,,,,,,,,,,,,,,,,,,,,,,,,,,,,,,,,,,,,,,,,,,,,,,,,,,,,,,,,,,,,,,,,,,,,,,,,
2026-03-27T22:39:32.257781Z,"{'#attributes': {'Qualifiers': 32768}, '#text': 6000}",dc.danglingtree.htb,Microsoft-Windows-Winlogon,Application,846,4,,,,,,,,,,D9060000,,,,,,,,,,,,,WSearch,,,,,,,,,,,,,,,,,,,,,,,,,,,,,,,,,,,,,,,,,,,,,,,,,,,,,,,,,,,,,,,,,,,,,,,,,,,,,,,,,,,,,,,,,
2026-03-27T22:39:33.446747Z,"{'#attributes': {'Qualifiers': 0}, '#text': 260}",dc.danglingtree.htb,VMUpgradeHelper,Application,847,4,,,,,,,,,,,,,,,,,,,,,,,,,,,,,,,,,,,,,,,,,,,,,,,,,,,,,,,,,,,,,,,,,,,,,,,,,,,,,,,,,,,,,,,,,,,,,,,,,,,,,,,,,,,,,,,,
2026-03-27T22:39:33.447282Z,"{'#attributes': {'Qualifiers': 0}, '#text': 272}",dc.danglingtree.htb,VMUpgradeHelper,Application,848,4,,,,,,,,,,,,,,,,,,,,,,,,,,,,,,,,,,,,,,,,,,,,,,,,,,,,,,,,,,,,,,,,,,,,,,,,,,,,,,,,,,,,,,,,,,,,,,,,,,,,,,,,,,,,,,,,
2026-03-27T22:39:33.458646Z,"{'#attributes': {'Qualifiers': 0}, '#text': 108}",dc.danglingtree.htb,VMTools,Application,849,4,,,,,,,,,,,,,,,,,,,,,,,,,,,,,,,,,,,,,,,,,,,,,,,,,,,,,,,,,,,,,,,,,,,,,,,,,,,,,,,,,,,,,,,,,,,,,,,,,,,,,,,,,,,,,,,,
2026-03-27T22:39:33.675816Z,1532,dc.danglingtree.htb,Microsoft-Windows-User Profiles Service,Application,850,4,,,,,,,,,,,,,,,,,,,,,,,,,,,,,,,,,,,,,,,,,,,,,,,,,,,,,,,,,,,,,,,,,,,,,,,,,,,,,,,,,,,,,,,,,,,,,,,,,,,,,,,,,,,,,,,,
2026-03-27T22:39:33.929220Z,1000,dc.danglingtree.htb,Application Error,Application,851,2,,WindowsAdminCenterAccountManagement.exe,C:\Program Files\WindowsAdminCenter\Service\WindowsAdminCenterAccountManagement.exe,69340000,,2.6.11.4,,,,,,,,,,,,,,,,,,,,,,,,,,,,,,,,,e0434352,,00000000000ca80a,,,,88a0a671-ead0-4612-a149-32c10b23a659,,,,KERNELBASE.dll,C:\WINDOWS\System32\KERNELBASE.dll,93531557,10.0.26100.32230,,,,,,,,,,,,,,,,,,,,0x1dcbe384a326038,0x13c8,,,,,,,,,,,,,,,,,,,,,,,,,,,,,,,,,,,,,,,
2026-03-27T22:39:34.049417Z,38,dc.danglingtree.htb,Microsoft-Windows-CertificationAuthority,Application,852,4,,,,,,,,,,,,,,,,,danglingtree-DC-CA,,,,,,,,,,,,,,,,,,,,,,,,,,,,,,,,,,,,,,,,,,,,,,,,,,,,,,,,,,,,,,,,,,,,,,,,,,,,,,,MSG_I_SERVER_STOPPED,,,,,,,,,,,,,,,,
2026-03-27T22:39:34.622452Z,1001,dc.danglingtree.htb,Windows Error Reporting,Application,853,4,,,,,,,,,,,,0,,,,,,0,0,,,,,,,,,,,,,,,,,,,APPCRASH,,,,,,,,,,,,,,,,,,,WindowsAdminCenterAccountManagement.exe,,2.6.11.4,69340000,KERNELBASE.dll,10.0.26100.32230,93531557,e0434352,00000000000ca80a,,,,,,,,,,,0,,88a0a671-ead0-4612-a149-32c10b23a659,4100,,Not available,,,,,,\\?\C:\ProgramData\Microsoft\Windows\WER\ReportQueue\AppCrash_WindowsAdminCent_a6fb81939b9f405e50f372bdcaf57e747b9d9ae_67a50925_18517c4a-40fd-4842-a388-9f2d336e30df,,,,,,,,,,,,,,,,,,,,,,,,,
2026-03-27T22:39:51.471611Z,1531,dc.danglingtree.htb,Microsoft-Windows-User Profiles Service,Application,854,4,,,,,,,,,,,,,,,,,,,,,,,,,,,,,,,,,,,,,,,,,,,,,,,,,,,,,,,,,,,,,,,,,,,,,,,,,,,,,,,,,,,,,,,,,,,,,,,,,,,,,,,,,,,,,,,,
2026-03-27T22:40:01.408123Z,"{'#attributes': {'Qualifiers': 0}, '#text': 105}",dc.danglingtree.htb,VMTools,Application,855,4,,,,,,,,,,,,,,,,,,,,,,,,,,,,,,,,,,,,,,,,,,,,,,,,,,,,,,,,,,,,,,,,,,,,,,,,,,,,,,,,,,,,,,,,,,,,,,,,,,,,,,,,,,,,,,,,
2026-03-27T22:40:01.638160Z,"{'#attributes': {'Qualifiers': 16384}, '#text': 900}",dc.danglingtree.htb,Microsoft-Windows-Security-SPP,Application,856,4,,,,,,,,,,,,,,,,,,,,,,,TriggerStarted:6,,,,,,,,,,,,,,,,,,,,,,,,,,,,,,,,,,,,,,,,,,,,,,,,,,,,,,,,,,,,,,,,,,,,,,,,,,,,,,,,,,,,,,,,,
2026-03-27T22:40:01.930949Z,"{'#attributes': {'Qualifiers': 49152}, '#text': 16394}",dc.danglingtree.htb,Microsoft-Windows-Security-SPP,Application,857,4,,,,,,,,,,,,,,,,,,,,,,,,,,,,,,,,,,,,,,,,,,,,,,,,,,,,,,,,,,,,,,,,,,,,,,,,,,,,,,,,,,,,,,,,,,,,,,,,,,,,,,,,,,,,,,,,
2026-03-27T22:40:02.050785Z,"{'#attributes': {'Qualifiers': 16384}, '#text': 1066}",dc.danglingtree.htb,Microsoft-Windows-Security-SPP,Application,858,4,,,,,,,,,,,,,,,,,,,,,,,"C:\WINDOWS\system32\sppwinob.dll, msft:spp/windowsfunctionality/agent/7.0, 0x00000000, 0x00000000
C:\WINDOWS\system32\sppobjs.dll, msft:rm/algorithm/inherited/1.0, 0x00000000, 0x00000000
C:\WINDOWS\system32\sppobjs.dll, msft:rm/algorithm/phone/1.0, 0x00000000, 0x00000000
C:\WINDOWS\system32\sppobjs.dll, msft:rm/algorithm/pkey/detect, 0x00000000, 0x00000000
C:\WINDOWS\system32\sppobjs.dll, msft:spp/ActionScheduler/1.0, 0x00000000, 0x00000000
C:\WINDOWS\system32\sppobjs.dll, msft:spp/TaskScheduler/1.0, 0x00000000, 0x00000000
C:\WINDOWS\system32\sppobjs.dll, msft:spp/statecollector/pkey, 0x00000000, 0x00000000
C:\WINDOWS\system32\sppobjs.dll, msft:spp/volume/services/kms/1.0, 0x00000000, 0x00000000
C:\WINDOWS\system32\sppobjs.dll, msft:spp/volume/services/kms/activationinfo/1.0, 0x00000000, 0x00000000
",,,,,,,,,,,,,,,,,,,,,,,,,,,,,,,,,,,,,,,,,,,,,,,,,,,,,,,,,,,,,,,,,,,,,,,,,,,,,,,,,,,,,,,,,
2026-03-27T22:40:02.066662Z,"{'#attributes': {'Qualifiers': 16384}, '#text': 781}",dc.danglingtree.htb,Microsoft-Windows-Complus,Application,859,4,,,,,,,,,,,,,,,,,,,,,,,,,,,,,,,,,,,,,,,,,,,,,,,,,,,,,,,,,,,,,,,,,,,,,,,,,,,,,,,,,,,,,,,,,,,,,,,,,,,,,86400,,,,SuppressDuplicateDuration,Software\Microsoft\COM3\Eventlog,,,,,,
2026-03-27T22:40:02.158637Z,"{'#attributes': {'Qualifiers': 16384}, '#text': 1003}",dc.danglingtree.htb,Microsoft-Windows-Security-SPP,Application,860,4,,,,,,,,,,,,,,,,,,,,,,,,55c92734-d682-4d71-983e-d6ec3f16059f,"
1: 753c53a2-4274-4339-8c2e-f66c0b9646c5, 1, 1 [(0 [0x00000000, 1, 0], [(?)( 1 0x00000000)(?)( 2 0x00000000 0 0 msft:rm/algorithm/hwid/4.0 0x00000000 0)(?)( 9 0x00000000 180 256801)( 10 0x00000000 msft:rm/algorithm/flags/1.0)(?)])(1 )(2 )(3 )]

",,,,,,,,,,,,,,,,,,,,,,,,,,,,,,,,,,,,,,,,,,,,,,,,,,,,,,,,,,,,,,,,,,,,,,,,,,,,,,,,,,,,,,,
2026-03-27T22:40:02.175644Z,"{'#attributes': {'Qualifiers': 32768}, '#text': 1037}",dc.danglingtree.htb,Microsoft-Windows-Security-SPP,Application,861,4,,,,,,,,,,,,,,,,,,,,,,,,validity,256801,,,,,,,,,,,,,,,,,,,,,,,,,,,,,,,,,,,,,,,,,,,,,,,,,,,,,,,,,,,,,,,,,,,,,,,,,,,,,,,,,,,,,,,
2026-03-27T22:40:02.208108Z,"{'#attributes': {'Qualifiers': 16384}, '#text': 902}",dc.danglingtree.htb,Microsoft-Windows-Security-SPP,Application,862,0,,,,,,,,,,,,,,,,,,,,,,,10.0.26100.32230,,,,,,,,,,,,,,,,,,,,,,,,,,,,,,,,,,,,,,,,,,,,,,,,,,,,,,,,,,,,,,,,,,,,,,,,,,,,,,,,,,,,,,,,,
2026-03-27T22:40:01.438169Z,5615,dc.danglingtree.htb,Microsoft-Windows-WMI,Application,863,4,,,,,,,,,,,,,,,,,,,,,,,,,,,,,,,,,,,,,,,,,,,,,,,,,,,,,,,,,,,,,,,,,,,,,,,,,,,,,,,,,,,,,,,,,,,,,,,,,,,,,,,,,,,,,,,,
2026-03-27T22:40:02.025459Z,5617,dc.danglingtree.htb,Microsoft-Windows-WMI,Application,864,4,,,,,,,,,,,,,,,,,,,,,,,,,,,,,,,,,,,,,,,,,,,,,,,,,,,,,,,,,,,,,,,,,,,,,,,,,,,,,,,,,,,,,,,,,,,,,,,,,,,,,,,,,,,,,,,,
2026-03-27T22:40:02.428933Z,"{'#attributes': {'Qualifiers': 0}, '#text': 258}",dc.danglingtree.htb,VMUpgradeHelper,Application,865,4,,,,,,,,,,,,,,,,,,,,,,,,,,,,,,,,,,,,,,,,,,,,,,,,,,,,,,,,,,,,,,,,,,,,,,,,,,,,,,,,,,,,,,,,,,,,,,,,,,,,,,,,,,,,,,,,
2026-03-27T22:40:02.489785Z,"{'#attributes': {'Qualifiers': 16384}, '#text': 4202}",dc.danglingtree.htb,Microsoft-Windows-MSDTC 2,Application,866,4,,,,,,,,,,,,,,,,,,,,,,,,,,,,,,,,,,,,,,,,,,,,,,,,,,,,,,,,,,,,,,,,,,,,,,,,,,,,,,,,,,,,,,,,,,,,,,,,,,,,,0,0,0,1,0,0,0,0,0,1,Mutual Authentication Required,NT AUTHORITY\NetworkService
2026-03-27T22:40:02.665299Z,"{'#attributes': {'Qualifiers': 0}, '#text': 271}",dc.danglingtree.htb,VMUpgradeHelper,Application,867,4,,,,,,,,,,,,,,,,,,,,,,,,,,,,,,,,,,,,,,,,,,,,,,,,,,,,,,,,,,,,,,,,,,,,,,,,,,,,,,,,,,,,,,,,,,,,,,,,,,,,,,,,,,,,,,,,
2026-03-27T22:40:03.258121Z,"{'#attributes': {'Qualifiers': 0}, '#text': 0}",dc.danglingtree.htb,WindowsAdminCenterAccountManagement,Application,868,4,,,,,,,,,,,,,,,,,,,,,,,Service started successfully.,,,,,,,,,,,,,,,,,,,,,,,,,,,,,,,,,,,,,,,,,,,,,,,,,,,,,,,,,,,,,,,,,,,,,,,,,,,,,,,,,,,,,,,,,
2026-03-27T22:40:28.365933Z,"{'#attributes': {'Qualifiers': 0}, '#text': 102}",dc.danglingtree.htb,ESENT,Application,869,4,,,,,,,,,,,,,,,,,,,,,,,,DFSRs,"3332,P,98,0",\\.\C:\System Volume Information\DFSR\database_E634_3FD1_343F_A409\dfsr.db: ,0,10,00,26100,0000,,,,,,,,,,,,,,,,,,,,,,,,,,,,,,,,,,,,,,,,,,,,,,,,,,,,,,,,,,,,,,,,,,,,,,,,,,,,,,,,,
2026-03-27T22:40:28.388990Z,"{'#attributes': {'Qualifiers': 0}, '#text': 105}",dc.danglingtree.htb,ESENT,Application,870,4,,,,,,,,,,,,,,,,,,,,,,,,DFSRs,"3332,D,0,0",\\.\C:\System Volume Information\DFSR\database_E634_3FD1_343F_A409\dfsr.db: ,0,0.030,"
[1] 0.005507 +J(0) +M(C:0K, Fs:320, WS:1216K # 1220K, PF:6584K # 6496K, P:6584K)
[2] 0.000288 +J(0) +M(C:16K, Fs:103, WS:404K # 400K, PF:312K # 300K, P:312K)
[3] 0.000015 +J(0) +M(C:0K, Fs:2, WS:4K # 4K, PF:68K # 68K, P:68K)
[4] 0.000242 +J(0) +M(C:2032K, Fs:48, WS:180K # 180K, PF:2428K # 2428K, P:2428K)
[5] 0.000551 +J(0) +M(C:0K, Fs:13, WS:52K # 52K, PF:20K # 20K, P:20K)
[6] 0.000918 +J(0) +M(C:0K, Fs:23, WS:80K # 80K, PF:12K # 12K, P:12K)
[7] 0.011943 -0.008673 (11) WT +J(0) +M(C:0K, Fs:1307, WS:5208K # 5208K, PF:5116K # 5116K, P:5116K)
[8] -
[9] -
[10] -
[11] -
[12] -
[13] 0.009509 -0.006910 (12) WT +J(CM:0, PgRf:0, Rd:0/0, Dy:0/0, Lg:616/1) +M(C:0K, Fs:12, WS:-5084K # 16K, PF:-5124K # 12K, P:-5124K)
[14] 0.000017 +J(0) +M(C:0K, Fs:1, WS:4K # 0K, PF:0K # 0K, P:0K)
[15] 0.000105 +J(0) +M(C:0K, Fs:65, WS:260K # 0K, PF:64K # 0K, P:64K)
[16] 0.000553 -0.000409 (1) WT +J(0) +M(C:0K, Fs:2, WS:0K # 0K, PF:0K # 0K, P:0K).","RBSOn = 0
",,,,,,,,,,,,,,,,,,,,,,,,,,,,,,,,,,,,,,,,,,,,,,,,,,,,,,,,,,,,,,,,,,,,,,,,,,,,,,,,,,
2026-03-27T22:40:28.402118Z,"{'#attributes': {'Qualifiers': 0}, '#text': 326}",dc.danglingtree.htb,ESENT,Application,871,4,,,,,,,,,,,,,,,,,,,,,,,,DFSRs,"3332,D,50,0",\\.\C:\System Volume Information\DFSR\database_E634_3FD1_343F_A409\dfsr.db: ,1,\\.\C:\System Volume Information\DFSR\database_E634_3FD1_343F_A409\dfsr.db,0,"
[1] 0.000003 +J(0) +M(C:0K, Fs:1, WS:4K # 0K, PF:0K # 0K, P:0K)
[2] 0.000732 -0.000469 (1) WT +J(0) +M(C:0K, Fs:22, WS:24K # 0K, PF:8K # 0K, P:8K)
[3] 0.006169 -0.002379 (6) WT +J(CM:0, PgRf:0, Rd:0/0, Dy:0/0, Lg:3480/2) +M(C:0K, Fs:43, WS:160K # 0K, PF:152K # 0K, P:152K)
[4] 0.000349 +J(0) +M(C:0K, Fs:1, WS:4K # 0K, PF:0K # 0K, P:0K)
[5] -
[6] 0.000892 -0.000721 (2) CM -0.000642 (2) WT +J(CM:2, PgRf:2, Rd:0/2, Dy:0/0, Lg:0/0) +M(C:-8K, Fs:44, WS:168K # 0K, PF:120K # 0K, P:120K)
[7] 0.000002 +J(0)
[8] 0.000852 -0.000691 (1) CM -0.000677 (1) WT +J(CM:1, PgRf:1, Rd:14/0, Dy:0/0, Lg:0/0) +M(C:-4K, Fs:51, WS:200K # 0K, PF:192K # 0K, P:192K)
[9] -
[10] -
[11] -
[12] 0.000011 +J(CM:0, PgRf:0, Rd:0/0, Dy:0/0, Lg:54/1) +M(C:0K, Fs:2, WS:8K # 0K, PF:20K # 0K, P:20K)
[13] 0.000513 -0.000406 (1) CM -0.000367 (1) WT +J(CM:1, PgRf:23, Rd:0/1, Dy:0/0, Lg:0/0) +M(C:-8K, Fs:21, WS:76K # 0K, PF:0K # 0K, P:0K)
[14] 0.000554 -0.000392 (1) CM -0.000352 (1) WT +J(CM:1, PgRf:40, Rd:0/1, Dy:0/0, Lg:0/0) +M(C:-4K, Fs:6, WS:20K # 0K, PF:60K # 0K, P:60K)
[15] 0.000005 +J(CM:0, PgRf:1, Rd:0/0, Dy:0/0, Lg:0/0)
[16] 0.000005 +J(CM:0, PgRf:1, Rd:0/0, Dy:0/0, Lg:0/0) +M(C:0K, Fs:1, WS:4K # 0K, PF:0K # 0K, P:0K)
[17] 0.000015 +J(CM:0, PgRf:36, Rd:0/0, Dy:0/0, Lg:0/0)
[18] 0.0 +J(0)
[19] 0.0 +J(0)
[20] 0.000014 +J(CM:0, PgRf:3, Rd:0/0, Dy:0/0, Lg:0/0) +M(C:0K, Fs:3, WS:12K # 0K, PF:0K # 0K, P:0K).",0 0,"lgposAttach = 00000001:0159:0268,
dbv = 1568.300.620 (9620)",,,,,,,,,,,,,,,,,,,,,,,,,,,,,,,,,,,,,,,,,,,,,,,,,,,,,,,,,,,,,,,,,,,,,,,,,,,,,,,,
2026-03-27T22:40:31.191642Z,"{'#attributes': {'Qualifiers': 0}, '#text': 102}",dc.danglingtree.htb,ESENT,Application,872,4,,,,,,,,,,,,,,,,,,,,,,,,certsrv.exe,"3280,P,98,0",,0,10,00,26100,0000,,,,,,,,,,,,,,,,,,,,,,,,,,,,,,,,,,,,,,,,,,,,,,,,,,,,,,,,,,,,,,,,,,,,,,,,,,,,,,,,,
2026-03-27T22:40:31.198561Z,"{'#attributes': {'Qualifiers': 0}, '#text': 105}",dc.danglingtree.htb,ESENT,Application,873,4,,,,,,,,,,,,,,,,,,,,,,,,certsrv.exe,"3280,D,0,0",,0,0.009,"
[1] 0.000674 +J(0) +M(C:0K, Fs:133, WS:516K # 516K, PF:2516K # 2240K, P:2516K)
[2] 0.000332 +J(0) +M(C:3200K, Fs:208, WS:816K # 816K, PF:4156K # 4156K, P:4156K)
[3] 0.000008 +J(0) +M(C:0K, Fs:4, WS:16K # 16K, PF:68K # 68K, P:68K)
[4] 0.000082 +J(0) +M(C:0K, Fs:45, WS:176K # 176K, PF:516K # 516K, P:516K)
[5] 0.000397 +J(0) +M(C:0K, Fs:11, WS:44K # 44K, PF:0K # 0K, P:0K)
[6] 0.001579 +J(0) +M(C:0K, Fs:32, WS:128K # 128K, PF:12K # 12K, P:12K)
[7] 0.002533 -0.001506 (3) WT +J(0) +M(C:0K, Fs:281, WS:1120K # 1120K, PF:1028K # 1028K, P:1028K)
[8] -
[9] -
[10] -
[11] -
[12] -
[13] 0.002699 -0.001068 (4) WT +J(CM:0, PgRf:0, Rd:0/0, Dy:0/0, Lg:616/1) +M(C:0K, Fs:14, WS:-980K # 24K, PF:-1020K # 12K, P:-1020K)
[14] 0.000013 +J(0) +M(C:0K, Fs:1, WS:4K # 0K, PF:0K # 0K, P:0K)
[15] 0.000146 +J(0) +M(C:0K, Fs:101, WS:404K # 0K, PF:64K # 0K, P:64K)
[16] 0.000337 -0.000120 (1) WT +J(0) +M(C:0K, Fs:3, WS:4K # 0K, PF:4K # 0K, P:4K).","RBSOn = 0
",,,,,,,,,,,,,,,,,,,,,,,,,,,,,,,,,,,,,,,,,,,,,,,,,,,,,,,,,,,,,,,,,,,,,,,,,,,,,,,,,,
2026-03-27T22:40:31.208362Z,"{'#attributes': {'Qualifiers': 0}, '#text': 326}",dc.danglingtree.htb,ESENT,Application,874,4,,,,,,,,,,,,,,,,,,,,,,,,certsrv.exe,"3280,D,50,0",,1,C:\WINDOWS\system32\CertLog\danglingtree-DC-CA.edb,0,"
[1] 0.000004 +J(0) +M(C:0K, Fs:1, WS:4K # 0K, PF:0K # 0K, P:0K)
[2] 0.000697 -0.000318 (1) WT +J(0) +M(C:0K, Fs:21, WS:20K # 0K, PF:4K # 0K, P:4K)
[3] 0.005781 -0.001640 (6) WT +J(CM:0, PgRf:0, Rd:0/0, Dy:0/0, Lg:3480/2) +M(C:0K, Fs:35, WS:136K # 0K, PF:124K # 0K, P:124K)
[4] 0.000343 +J(0) +M(C:0K, Fs:1, WS:4K # 0K, PF:0K # 0K, P:0K)
[5] -
[6] 0.000454 -0.000331 (2) CM -0.000256 (2) WT +J(CM:2, PgRf:2, Rd:0/2, Dy:0/0, Lg:0/0) +M(C:0K, Fs:44, WS:176K # 0K, PF:136K # 0K, P:136K)
[7] 0.000002 +J(0)
[8] 0.000419 -0.000254 (1) CM -0.000239 (1) WT +J(CM:1, PgRf:1, Rd:14/0, Dy:0/0, Lg:0/0) +M(C:0K, Fs:37, WS:148K # 0K, PF:196K # 0K, P:196K)
[9] -
[10] -
[11] -
[12] 0.000012 +J(CM:0, PgRf:0, Rd:0/0, Dy:0/0, Lg:54/1) +M(C:0K, Fs:2, WS:8K # 0K, PF:20K # 0K, P:20K)
[13] 0.000494 -0.000324 (2) CM -0.000226 (2) WT +J(CM:2, PgRf:23, Rd:0/2, Dy:0/0, Lg:0/0) +M(C:0K, Fs:21, WS:84K # 72K, PF:4K # 0K, P:4K)
[14] 0.000611 -0.000421 (1) CM -0.000352 (1) WT +J(CM:1, PgRf:40, Rd:0/1, Dy:0/0, Lg:0/0) +M(C:0K, Fs:5, WS:20K # 20K, PF:64K # 0K, P:64K)
[15] 0.000015 +J(CM:0, PgRf:1, Rd:0/0, Dy:0/0, Lg:0/0)
[16] 0.000014 +J(CM:0, PgRf:1, Rd:0/0, Dy:0/0, Lg:0/0) +M(C:0K, Fs:1, WS:4K # 4K, PF:0K # 0K, P:0K)
[17] 0.000072 +J(CM:0, PgRf:42, Rd:0/0, Dy:0/0, Lg:0/0) +M(C:0K, Fs:6, WS:24K # 24K, PF:0K # 0K, P:0K)
[18] 0.000002 +J(0)
[19] 0.0 +J(0)
[20] 0.000041 +J(CM:0, PgRf:3, Rd:0/0, Dy:0/0, Lg:0/0) +M(C:0K, Fs:3, WS:12K # 12K, PF:0K # 0K, P:0K).",0 0,"lgposAttach = 00000001:00ED:0268,
dbv = 1568.300.620 (9620)",,,,,,,,,,,,,,,,,,,,,,,,,,,,,,,,,,,,,,,,,,,,,,,,,,,,,,,,,,,,,,,,,,,,,,,,,,,,,,,,
2026-03-27T22:40:31.357591Z,77,dc.danglingtree.htb,Microsoft-Windows-CertificationAuthority,Application,875,3,,,,,,,,,,,,,,,,,,,,,,,,,,,,,,,,,,,,,,,,,,,,,,,,,,,,,,,,,,,,,,,,,,,,,,,Windows default,,,,,,,,,,,,,,,,,,,,,,,"The RemoteAccessVPN Certificate Template could not be loaded.  Element not found. 0x80070490 (WIN32: 1168 ERROR_NOT_FOUND).
",,MSG_POLICY_LOG_WARNING,,,,,,,,,,,,,,,,
2026-03-27T22:40:31.363920Z,77,dc.danglingtree.htb,Microsoft-Windows-CertificationAuthority,Application,876,3,,,,,,,,,,,,,,,,,,,,,,,,,,,,,,,,,,,,,,,,,,,,,,,,,,,,,,,,,,,,,,,,,,,,,,,Windows default,,,,,,,,,,,,,,,,,,,,,,,"The EmployeeAuthTemplate Certificate Template could not be loaded.  Element not found. 0x80070490 (WIN32: 1168 ERROR_NOT_FOUND).
",,MSG_POLICY_LOG_WARNING,,,,,,,,,,,,,,,,
2026-03-27T22:40:31.370072Z,77,dc.danglingtree.htb,Microsoft-Windows-CertificationAuthority,Application,877,3,,,,,,,,,,,,,,,,,,,,,,,,,,,,,,,,,,,,,,,,,,,,,,,,,,,,,,,,,,,,,,,,,,,,,,,Windows default,,,,,,,,,,,,,,,,,,,,,,,"The VPNUserTemplate Certificate Template could not be loaded.  Element not found. 0x80070490 (WIN32: 1168 ERROR_NOT_FOUND).
",,MSG_POLICY_LOG_WARNING,,,,,,,,,,,,,,,,
2026-03-27T22:40:31.447270Z,26,dc.danglingtree.htb,Microsoft-Windows-CertificationAuthority,Application,878,4,,,,,,,,,,,,,,,,,danglingtree-DC-CA,,,,dc.danglingtree.htb,  DC=,,,,,,,,,,,,,,,,,,,,,,,,,,,,,,,,,,,,,,,,,,,,,,,,,,,,,,,,,,,,,,,,,,,,,,,,,,MSG_I_SERVER_STARTED,,,,,,,,,,,,,,,,
2026-03-27T22:40:32.298713Z,"{'#attributes': {'Qualifiers': 16384}, '#text': 16384}",dc.danglingtree.htb,Microsoft-Windows-Security-SPP,Application,879,4,,,,,,,,,,,,,,,,,,,,,,,,2026-03-28T22:39:32Z,TBL,,,,,,,,,,,,,,,,,,,,,,,,,,,,,,,,,,,,,,,,,,,,,,,,,,,,,,,,,,,,,,,,,,,,,,,,,,,,,,,,,,,,,,,
2026-03-27T22:40:32.305131Z,"{'#attributes': {'Qualifiers': 16384}, '#text': 903}",dc.danglingtree.htb,Microsoft-Windows-Security-SPP,Application,880,0,,,,,,,,,,,,,,,,,,,,,,,,,,,,,,,,,,,,,,,,,,,,,,,,,,,,,,,,,,,,,,,,,,,,,,,,,,,,,,,,,,,,,,,,,,,,,,,,,,,,,,,,,,,,,,,,
2026-03-27T22:40:54.193260Z,"{'#attributes': {'Qualifiers': 49152}, '#text': 16394}",dc.danglingtree.htb,Microsoft-Windows-Security-SPP,Application,881,4,,,,,,,,,,,,,,,,,,,,,,,,,,,,,,,,,,,,,,,,,,,,,,,,,,,,,,,,,,,,,,,,,,,,,,,,,,,,,,,,,,,,,,,,,,,,,,,,,,,,,,,,,,,,,,,,
2026-03-27T22:40:54.516740Z,"{'#attributes': {'Qualifiers': 16384}, '#text': 1003}",dc.danglingtree.htb,Microsoft-Windows-Security-SPP,Application,882,4,,,,,,,,,,,,,,,,,,,,,,,,55c92734-d682-4d71-983e-d6ec3f16059f,"
1: 753c53a2-4274-4339-8c2e-f66c0b9646c5, 1, 1 [(0 [0x00000000, 1, 0], [(?)( 1 0x00000000)(?)( 2 0x00000000 0 0 msft:rm/algorithm/hwid/4.0 0x00000000 0)(?)( 9 0x00000000 180 256800)( 10 0x00000000 msft:rm/algorithm/flags/1.0)(?)])(1 )(2 )(3 )]

",,,,,,,,,,,,,,,,,,,,,,,,,,,,,,,,,,,,,,,,,,,,,,,,,,,,,,,,,,,,,,,,,,,,,,,,,,,,,,,,,,,,,,,
2026-03-27T22:41:24.617142Z,"{'#attributes': {'Qualifiers': 16384}, '#text': 16384}",dc.danglingtree.htb,Microsoft-Windows-Security-SPP,Application,883,4,,,,,,,,,,,,,,,,,,,,,,,,2026-08-23T06:40:24Z,RulesEngine,,,,,,,,,,,,,,,,,,,,,,,,,,,,,,,,,,,,,,,,,,,,,,,,,,,,,,,,,,,,,,,,,,,,,,,,,,,,,,,,,,,,,,,
2026-03-27T22:41:36.969282Z,"{'#attributes': {'Qualifiers': 32768}, '#text': 256}",dc.danglingtree.htb,Edge,Application,884,4,,,,,,,,,,,,,,,,,,,,,,,[8036:3808:0327/154136.967:INFO:chrome\browser\extensions\extension_garbage_collector.cc:188] Garbage collection for extensions on file thread is complete.,,,,,,,,,,,,,,,,,,,,,,,,,,,,,,,,,,,,,,,,,,,,,,,,,,,,,,,,,,,,,,,,,,,,,,,,,,,,,,,,,,,,,,,,,
2026-03-27T22:42:02.640569Z,"{'#attributes': {'Qualifiers': 0}, '#text': 0}",dc.danglingtree.htb,edgeupdate,Application,885,4,,,,,,,,,,,,,,,,,,,,,,,Service stopped,,,,,,,,,,,,,,,,,,,,,,,,,,,,,,,,,,,,,,,,,,,,,,,,,,,,,,,,,,,,,,,,,,,,,,,,,,,,,,,,,,,,,,,,,
2026-03-27T22:42:02.960033Z,"{'#attributes': {'Qualifiers': 16384}, '#text': 900}",dc.danglingtree.htb,Microsoft-Windows-Security-SPP,Application,886,4,,,,,,,,,,,,,,,,,,,,,,,<explicit>,,,,,,,,,,,,,,,,,,,,,,,,,,,,,,,,,,,,,,,,,,,,,,,,,,,,,,,,,,,,,,,,,,,,,,,,,,,,,,,,,,,,,,,,,
2026-03-27T22:42:02.995398Z,"{'#attributes': {'Qualifiers': 49152}, '#text': 16394}",dc.danglingtree.htb,Microsoft-Windows-Security-SPP,Application,887,4,,,,,,,,,,,,,,,,,,,,,,,,,,,,,,,,,,,,,,,,,,,,,,,,,,,,,,,,,,,,,,,,,,,,,,,,,,,,,,,,,,,,,,,,,,,,,,,,,,,,,,,,,,,,,,,,
2026-03-27T22:42:33.046127Z,"{'#attributes': {'Qualifiers': 16384}, '#text': 16384}",dc.danglingtree.htb,Microsoft-Windows-Security-SPP,Application,888,4,,,,,,,,,,,,,,,,,,,,,,,,2026-08-23T06:39:33Z,RulesEngine,,,,,,,,,,,,,,,,,,,,,,,,,,,,,,,,,,,,,,,,,,,,,,,,,,,,,,,,,,,,,,,,,,,,,,,,,,,,,,,,,,,,,,,
2026-03-27T22:43:03.673208Z,"{'#attributes': {'Qualifiers': 0}, '#text': 8224}",dc.danglingtree.htb,VSS,Application,889,4,,,,,,,,,,2D20436F64653A2020434F525356434330303030303737322D2043616C6C3A2020434F525356434330303030303735342D205049443A202030303030353239322D205449443A202030303030353331362D20434D443A2020433A5C57494E444F57535C73797374656D33325C76737376632E6578652020202D20557365723A204E616D653A204E5420415554484F524954595C53595354454D2C205349443A532D312D352D313820,,,,,,,,,,,,,,,,,,,,,,,,,,,,,,,,,,,,,,,,,,,,,,,,,,,,,,,,,,,,,,,,,,,,,,,,,,,,,,,,,,,,,,,,,,,,,,,,,,,,,,
2026-03-27T22:43:03.881310Z,1001,dc.danglingtree.htb,Windows Error Reporting,Application,890,4,,,,,,,,,"
\\?\C:\ProgramData\Microsoft\Windows\WER\Temp\WER.63504de0-de0f-42cb-823c-d6b27dc7a5b9.tmp.mdmp
\\?\C:\ProgramData\Microsoft\Windows\WER\Temp\WER.9b7dd4e0-cd8c-4fa4-b1f0-3ae18d467743.tmp.WERInternalMetadata.xml
\\?\C:\ProgramData\Microsoft\Windows\WER\Temp\WER.c43a3a66-5e48-472b-9eba-ed14c3c7c8a1.tmp.xml
\\?\C:\Windows\SystemTemp\WER.3219d386-3428-49e6-ab36-20f7a8616098.tmp.appcompat.txt",,,0,,,,,,0,0,,,,,,,,,,,,,,,,,,,APPCRASH,,,,,,,,,,,,,,,,,,,WindowsAdminCenterAccountManagement.exe,,2.6.11.4,69340000,KERNELBASE.dll,10.0.26100.32230,93531557,e0434352,00000000000ca80a,,,,,,,,,,,0,,baf481de-0711-4175-b128-28e7dc87e508,100,,Not available,,,,,,\\?\C:\ProgramData\Microsoft\Windows\WER\ReportQueue\AppCrash_WindowsAdminCent_a6fb81939b9f405e50f372bdcaf57e747b9d9ae_67a50925_cab_6542128a-8437-4e43-b987-2aa60e55c189,,,,,,,,,,,,,,,,,,,,,,,,,
2026-03-27T22:43:03.926918Z,1001,dc.danglingtree.htb,Windows Error Reporting,Application,891,4,,,,,,,,,"
\\?\C:\ProgramData\Microsoft\Windows\WER\Temp\WER.1d1ec7e6-40ce-4387-9eb8-d279060c54ab.tmp.mdmp
\\?\C:\ProgramData\Microsoft\Windows\WER\Temp\WER.bc0a6d57-8cfb-4189-a22d-df2b7bad3e2e.tmp.WERInternalMetadata.xml
\\?\C:\ProgramData\Microsoft\Windows\WER\Temp\WER.1605a100-ec7e-48e9-8552-ff110d4156ac.tmp.csv
\\?\C:\ProgramData\Microsoft\Windows\WER\Temp\WER.1a75d2dd-7984-4178-a0c2-67ea5667021e.tmp.txt
\\?\C:\ProgramData\Microsoft\Windows\WER\Temp\WER.dbc1c743-45d8-4151-ab6b-02efd68c4346.tmp.xml
\\?\C:\Users\noah.b\AppData\Local\Temp\WER.5c4d0046-fba0-4e0f-b86b-ed90376f6f12.tmp.appcompat.txt
\\?\C:\ProgramData\Microsoft\Windows\WER\ReportQueue\AppCrash_MicrosoftWindows_9f86a51281dab8c088db1448d07468a41d6f1226_23fe3459_cab_fe5fd375-1701-4a6c-a4e4-a7e546ec8317\memory.hdmp",,,0,,,,,,0,0,,,,,,,,,,,,,,,,,,,MoAppCrash,,,,,,,,,,,,,,,,,,,MicrosoftWindows.Client.CBS_1000.26100.275.0_x64__cw5n1h2txyewy,,praid:Global.Accounts,10.0.26100.1,5bc61463,combase.dll,10.0.26100.32230,afe300b1,d0020017,000000000008eea4,,,,,,,,,,0,,7b667a66-1518-4c0f-85e8-df6556056eb7,100,,Not available,,,,,,\\?\C:\ProgramData\Microsoft\Windows\WER\ReportQueue\AppCrash_MicrosoftWindows_9f86a51281dab8c088db1448d07468a41d6f1226_23fe3459_cab_fe5fd375-1701-4a6c-a4e4-a7e546ec8317,,,,,,,,,,,,,,,,,,,,,,,,,
2026-03-27T22:43:03.964374Z,1001,dc.danglingtree.htb,Windows Error Reporting,Application,892,4,,,,,,,,,"
\\?\C:\ProgramData\Microsoft\Windows\WER\Temp\WER.aeeb4342-4a19-4e9b-bad9-8fe00459755d.tmp.WERInternalMetadata.xml",,,0,,,,,,0,0,,,,,,,,,,,,,,,,,,,APPCRASH,,,,,,,,,,,,,,,,,,,WindowsAdminCenterAccountManagement.exe,,2.6.11.4,69340000,KERNELBASE.dll,10.0.26100.32230,93531557,e0434352,00000000000ca80a,,,,,,,,,,,0,,0ef9a54b-0012-428b-b818-a440ae77f469,4196,,Not available,,,,,,\\?\C:\ProgramData\Microsoft\Windows\WER\ReportQueue\AppCrash_WindowsAdminCent_a6fb81939b9f405e50f372bdcaf57e747b9d9ae_67a50925_1cc804e1-e587-4a15-a8ca-cf1621ea084e,,,,,,,,,,,,,,,,,,,,,,,,,
2026-03-27T22:43:03.999915Z,1001,dc.danglingtree.htb,Windows Error Reporting,Application,893,4,,,,,,,,,"
\\?\C:\ProgramData\Microsoft\Windows\WER\Temp\WER.99b886c8-e0e8-489a-a0d9-28654514a882.tmp.mdmp
\\?\C:\ProgramData\Microsoft\Windows\WER\Temp\WER.84a59963-a4f1-4aea-80ca-52fbcdde9735.tmp.WERInternalMetadata.xml
\\?\C:\ProgramData\Microsoft\Windows\WER\Temp\WER.2b2d82e4-8100-4a4d-a1fe-67005fb175d5.tmp.csv
\\?\C:\ProgramData\Microsoft\Windows\WER\Temp\WER.ce8b0763-44e1-4360-9cb5-be90b8f45d17.tmp.txt
\\?\C:\ProgramData\Microsoft\Windows\WER\Temp\WER.439bc349-79ca-47ec-ab9c-ee1cb4c83190.tmp.xml
\\?\C:\Users\Administrator\AppData\Local\Temp\WER.af501206-ea97-4c7f-bbb3-734c84137372.tmp.appcompat.txt
\\?\C:\ProgramData\Microsoft\Windows\WER\ReportQueue\AppCrash_mmc.exe_c785c1e2799bfe946cb6f099faac7058efaa6ad9_b676ff93_cab_9cdf66ab-fb64-47a7-a7ba-60679bad1335\memory.hdmp",,,0,,,,,,0,0,,,,,,,,,,,,,,,,,,,APPCRASH,,,,,,,,,,,,,,,,,,,mmc.exe,,10.0.26100.32230,1865ebef,dsuiext.dll,10.0.26100.1150,1cdcad27,c0000005,000000000000602b,,,,,,,,,,,0,,4c2af429-541a-47f0-9124-c3290b0dda82,100,,Not available,,,,,,\\?\C:\ProgramData\Microsoft\Windows\WER\ReportQueue\AppCrash_mmc.exe_c785c1e2799bfe946cb6f099faac7058efaa6ad9_b676ff93_cab_9cdf66ab-fb64-47a7-a7ba-60679bad1335,,,,,,,,,,,,,,,,,,,,,,,,,
2026-03-27T22:43:04.038765Z,1001,dc.danglingtree.htb,Windows Error Reporting,Application,894,4,,,,,,,,,"
\\?\C:\ProgramData\Microsoft\Windows\WER\Temp\WER.ec2c7b21-5169-48da-952f-5eee27f33588.tmp.WERInternalMetadata.xml",,,0,,,,,,0,0,,,,,,,,,,,,,,,,,,,APPCRASH,,,,,,,,,,,,,,,,,,,WindowsAdminCenterAccountManagement.exe,,2.6.11.4,69340000,KERNELBASE.dll,10.0.26100.32230,93531557,e0434352,00000000000ca80a,,,,,,,,,,,0,,d86281ad-cfc0-4d58-9136-ad64403dcc4b,4196,,Not available,,,,,,\\?\C:\ProgramData\Microsoft\Windows\WER\ReportQueue\AppCrash_WindowsAdminCent_a6fb81939b9f405e50f372bdcaf57e747b9d9ae_67a50925_afcba7d8-e588-47ca-8c74-8b7c9144a88c,,,,,,,,,,,,,,,,,,,,,,,,,
2026-03-27T22:43:04.077836Z,1001,dc.danglingtree.htb,Windows Error Reporting,Application,895,4,,,,,,,,,"
\\?\C:\ProgramData\Microsoft\Windows\WER\Temp\WER.7ea2ac62-439c-4e90-a738-c631706ee4f4.tmp.WERInternalMetadata.xml",,,0,,,,,,0,0,,,,,,,,,,,,,,,,,,,APPCRASH,,,,,,,,,,,,,,,,,,,WindowsAdminCenterAccountManagement.exe,,2.6.11.4,69340000,KERNELBASE.dll,10.0.26100.32230,93531557,e0434352,00000000000ca80a,,,,,,,,,,,0,,1e61fdde-a841-4f0f-8bc0-9db10ea518e9,4196,,Not available,,,,,,\\?\C:\ProgramData\Microsoft\Windows\WER\ReportQueue\AppCrash_WindowsAdminCent_a6fb81939b9f405e50f372bdcaf57e747b9d9ae_67a50925_2bfd22eb-df18-437d-acd2-9f3328e62723,,,,,,,,,,,,,,,,,,,,,,,,,
2026-03-27T22:43:04.118661Z,1001,dc.danglingtree.htb,Windows Error Reporting,Application,896,4,,,,,,,,,"
\\?\C:\ProgramData\Microsoft\Windows\WER\Temp\WER.3f3f3ab6-0a12-428d-ae38-24556afbbece.tmp.WERInternalMetadata.xml",,,0,,,,,,0,0,,,,,,,,,,,,,,,,,,,APPCRASH,,,,,,,,,,,,,,,,,,,WindowsAdminCenterAccountManagement.exe,,2.6.11.4,69340000,KERNELBASE.dll,10.0.26100.32230,93531557,e0434352,00000000000ca80a,,,,,,,,,,,0,,343f66a9-d88e-482c-85ad-8fbc386bdae7,4196,,Not available,,,,,,\\?\C:\ProgramData\Microsoft\Windows\WER\ReportQueue\AppCrash_WindowsAdminCent_a6fb81939b9f405e50f372bdcaf57e747b9d9ae_67a50925_f9b7f7cf-6310-4817-9a61-3d85cf17fd4d,,,,,,,,,,,,,,,,,,,,,,,,,
2026-03-27T22:43:04.160059Z,1001,dc.danglingtree.htb,Windows Error Reporting,Application,897,4,,,,,,,,,"
\\?\C:\ProgramData\Microsoft\Windows\WER\Temp\WER.c09853b3-473d-4a8c-b8c2-5f20defb8285.tmp.WERInternalMetadata.xml",,,0,,,,,,0,0,,,,,,,,,,,,,,,,,,,APPCRASH,,,,,,,,,,,,,,,,,,,WindowsAdminCenterAccountManagement.exe,,2.6.11.4,69340000,KERNELBASE.dll,10.0.26100.32230,93531557,e0434352,00000000000ca80a,,,,,,,,,,,0,,88a0a671-ead0-4612-a149-32c10b23a659,4196,,Not available,,,,,,\\?\C:\ProgramData\Microsoft\Windows\WER\ReportQueue\AppCrash_WindowsAdminCent_a6fb81939b9f405e50f372bdcaf57e747b9d9ae_67a50925_18517c4a-40fd-4842-a388-9f2d336e30df,,,,,,,,,,,,,,,,,,,,,,,,,
2026-03-27T22:44:21.449434Z,1001,dc.danglingtree.htb,Microsoft-Windows-LoadPerf,Application,898,4,,,,,,,,,,,,,,,,,,,,,,,,,,,,,,,,,,,,,,,,,,,,,,,,,,,,,,,,,,,,,,,,,,,,,,,,,,,,,,,,,,,,,,,,,,,,,,,,,LoadPerf,DA3C0000C4020000,8,,WmiApRpl,,,,WmiApRpl,,,,,,,
2026-03-27T22:44:21.486603Z,1000,dc.danglingtree.htb,Microsoft-Windows-LoadPerf,Application,899,4,,,,,,,,,,,,,,,,,,,,,,,,,,,,,,,,,,,,,,,,,,,,,,,,,,,,,,,,,,,,,,,,,,,,,,,,,,,,,,,,,,,,,,,,,,,,,,,,,LoadPerf,DC3C0000823D0000,8,,WmiApRpl,,,,WmiApRpl,,,,,,,
2026-03-27T23:10:02.381831Z,"{'#attributes': {'Qualifiers': 49152}, '#text': 16394}",dc.danglingtree.htb,Microsoft-Windows-Security-SPP,Application,900,4,,,,,,,,,,,,,,,,,,,,,,,,,,,,,,,,,,,,,,,,,,,,,,,,,,,,,,,,,,,,,,,,,,,,,,,,,,,,,,,,,,,,,,,,,,,,,,,,,,,,,,,,,,,,,,,,
2026-03-27T23:10:32.733046Z,"{'#attributes': {'Qualifiers': 16384}, '#text': 16384}",dc.danglingtree.htb,Microsoft-Windows-Security-SPP,Application,901,4,,,,,,,,,,,,,,,,,,,,,,,,2026-08-23T06:39:32Z,RulesEngine,,,,,,,,,,,,,,,,,,,,,,,,,,,,,,,,,,,,,,,,,,,,,,,,,,,,,,,,,,,,,,,,,,,,,,,,,,,,,,,,,,,,,,,
2026-03-27T23:40:01.414628Z,"{'#attributes': {'Qualifiers': 32768}, '#text': 6000}",dc.danglingtree.htb,Microsoft-Windows-Winlogon,Application,902,4,,,,,,,,,,D9060000,,,,,,,,,,,,,WSearch,,,,,,,,,,,,,,,,,,,,,,,,,,,,,,,,,,,,,,,,,,,,,,,,,,,,,,,,,,,,,,,,,,,,,,,,,,,,,,,,,,,,,,,,,
2026-03-27T23:40:01.525933Z,"{'#attributes': {'Qualifiers': 0}, '#text': 260}",dc.danglingtree.htb,VMUpgradeHelper,Application,903,4,,,,,,,,,,,,,,,,,,,,,,,,,,,,,,,,,,,,,,,,,,,,,,,,,,,,,,,,,,,,,,,,,,,,,,,,,,,,,,,,,,,,,,,,,,,,,,,,,,,,,,,,,,,,,,,,
2026-03-27T23:40:01.526387Z,"{'#attributes': {'Qualifiers': 0}, '#text': 272}",dc.danglingtree.htb,VMUpgradeHelper,Application,904,4,,,,,,,,,,,,,,,,,,,,,,,,,,,,,,,,,,,,,,,,,,,,,,,,,,,,,,,,,,,,,,,,,,,,,,,,,,,,,,,,,,,,,,,,,,,,,,,,,,,,,,,,,,,,,,,,
2026-03-27T23:40:01.545450Z,"{'#attributes': {'Qualifiers': 0}, '#text': 108}",dc.danglingtree.htb,VMTools,Application,905,4,,,,,,,,,,,,,,,,,,,,,,,,,,,,,,,,,,,,,,,,,,,,,,,,,,,,,,,,,,,,,,,,,,,,,,,,,,,,,,,,,,,,,,,,,,,,,,,,,,,,,,,,,,,,,,,,
2026-03-27T23:40:01.711546Z,1532,dc.danglingtree.htb,Microsoft-Windows-User Profiles Service,Application,906,4,,,,,,,,,,,,,,,,,,,,,,,,,,,,,,,,,,,,,,,,,,,,,,,,,,,,,,,,,,,,,,,,,,,,,,,,,,,,,,,,,,,,,,,,,,,,,,,,,,,,,,,,,,,,,,,,
2026-03-27T23:40:01.877477Z,1000,dc.danglingtree.htb,Application Error,Application,907,2,,WindowsAdminCenterAccountManagement.exe,C:\Program Files\WindowsAdminCenter\Service\WindowsAdminCenterAccountManagement.exe,69340000,,2.6.11.4,,,,,,,,,,,,,,,,,,,,,,,,,,,,,,,,,e0434352,,00000000000ca80a,,,,d7b70e89-9544-4afd-8131-86b61eaba5fa,,,,KERNELBASE.dll,C:\WINDOWS\System32\KERNELBASE.dll,93531557,10.0.26100.32230,,,,,,,,,,,,,,,,,,,,0x1dcbe3aa68ab09f,0x131c,,,,,,,,,,,,,,,,,,,,,,,,,,,,,,,,,,,,,,,
2026-03-27T23:40:01.911787Z,38,dc.danglingtree.htb,Microsoft-Windows-CertificationAuthority,Application,908,4,,,,,,,,,,,,,,,,,danglingtree-DC-CA,,,,,,,,,,,,,,,,,,,,,,,,,,,,,,,,,,,,,,,,,,,,,,,,,,,,,,,,,,,,,,,,,,,,,,,,,,,,,,,MSG_I_SERVER_STOPPED,,,,,,,,,,,,,,,,
2026-03-27T23:40:02.321009Z,1001,dc.danglingtree.htb,Windows Error Reporting,Application,909,4,,,,,,,,,,,,0,,,,,,0,0,,,,,,,,,,,,,,,,,,,APPCRASH,,,,,,,,,,,,,,,,,,,WindowsAdminCenterAccountManagement.exe,,2.6.11.4,69340000,KERNELBASE.dll,10.0.26100.32230,93531557,e0434352,00000000000ca80a,,,,,,,,,,,0,,d7b70e89-9544-4afd-8131-86b61eaba5fa,4100,,Not available,,,,,,\\?\C:\ProgramData\Microsoft\Windows\WER\ReportQueue\AppCrash_WindowsAdminCent_a6fb81939b9f405e50f372bdcaf57e747b9d9ae_67a50925_3e71d999-fbb6-4d87-9da0-b9009dc9da5c,,,,,,,,,,,,,,,,,,,,,,,,,
2026-03-27T23:40:18.118398Z,1531,dc.danglingtree.htb,Microsoft-Windows-User Profiles Service,Application,910,4,,,,,,,,,,,,,,,,,,,,,,,,,,,,,,,,,,,,,,,,,,,,,,,,,,,,,,,,,,,,,,,,,,,,,,,,,,,,,,,,,,,,,,,,,,,,,,,,,,,,,,,,,,,,,,,,
2026-03-27T23:40:27.929694Z,"{'#attributes': {'Qualifiers': 0}, '#text': 105}",dc.danglingtree.htb,VMTools,Application,911,4,,,,,,,,,,,,,,,,,,,,,,,,,,,,,,,,,,,,,,,,,,,,,,,,,,,,,,,,,,,,,,,,,,,,,,,,,,,,,,,,,,,,,,,,,,,,,,,,,,,,,,,,,,,,,,,,
2026-03-27T23:40:28.133833Z,"{'#attributes': {'Qualifiers': 16384}, '#text': 900}",dc.danglingtree.htb,Microsoft-Windows-Security-SPP,Application,912,4,,,,,,,,,,,,,,,,,,,,,,,TriggerStarted:6,,,,,,,,,,,,,,,,,,,,,,,,,,,,,,,,,,,,,,,,,,,,,,,,,,,,,,,,,,,,,,,,,,,,,,,,,,,,,,,,,,,,,,,,,
2026-03-27T23:40:28.266808Z,"{'#attributes': {'Qualifiers': 49152}, '#text': 16394}",dc.danglingtree.htb,Microsoft-Windows-Security-SPP,Application,913,4,,,,,,,,,,,,,,,,,,,,,,,,,,,,,,,,,,,,,,,,,,,,,,,,,,,,,,,,,,,,,,,,,,,,,,,,,,,,,,,,,,,,,,,,,,,,,,,,,,,,,,,,,,,,,,,,
2026-03-27T23:40:28.335103Z,"{'#attributes': {'Qualifiers': 16384}, '#text': 1066}",dc.danglingtree.htb,Microsoft-Windows-Security-SPP,Application,914,4,,,,,,,,,,,,,,,,,,,,,,,"C:\WINDOWS\system32\sppwinob.dll, msft:spp/windowsfunctionality/agent/7.0, 0x00000000, 0x00000000
C:\WINDOWS\system32\sppobjs.dll, msft:rm/algorithm/inherited/1.0, 0x00000000, 0x00000000
C:\WINDOWS\system32\sppobjs.dll, msft:rm/algorithm/phone/1.0, 0x00000000, 0x00000000
C:\WINDOWS\system32\sppobjs.dll, msft:rm/algorithm/pkey/detect, 0x00000000, 0x00000000
C:\WINDOWS\system32\sppobjs.dll, msft:spp/ActionScheduler/1.0, 0x00000000, 0x00000000
C:\WINDOWS\system32\sppobjs.dll, msft:spp/TaskScheduler/1.0, 0x00000000, 0x00000000
C:\WINDOWS\system32\sppobjs.dll, msft:spp/statecollector/pkey, 0x00000000, 0x00000000
C:\WINDOWS\system32\sppobjs.dll, msft:spp/volume/services/kms/1.0, 0x00000000, 0x00000000
C:\WINDOWS\system32\sppobjs.dll, msft:spp/volume/services/kms/activationinfo/1.0, 0x00000000, 0x00000000
",,,,,,,,,,,,,,,,,,,,,,,,,,,,,,,,,,,,,,,,,,,,,,,,,,,,,,,,,,,,,,,,,,,,,,,,,,,,,,,,,,,,,,,,,
2026-03-27T23:40:28.403006Z,"{'#attributes': {'Qualifiers': 16384}, '#text': 1003}",dc.danglingtree.htb,Microsoft-Windows-Security-SPP,Application,915,4,,,,,,,,,,,,,,,,,,,,,,,,55c92734-d682-4d71-983e-d6ec3f16059f,"
1: 753c53a2-4274-4339-8c2e-f66c0b9646c5, 1, 1 [(0 [0x00000000, 1, 0], [(?)( 1 0x00000000)(?)( 2 0x00000000 0 0 msft:rm/algorithm/hwid/4.0 0x00000000 0)(?)( 9 0x00000000 180 256741)( 10 0x00000000 msft:rm/algorithm/flags/1.0)(?)])(1 )(2 )(3 )]

",,,,,,,,,,,,,,,,,,,,,,,,,,,,,,,,,,,,,,,,,,,,,,,,,,,,,,,,,,,,,,,,,,,,,,,,,,,,,,,,,,,,,,,
2026-03-27T23:40:28.411736Z,"{'#attributes': {'Qualifiers': 32768}, '#text': 1037}",dc.danglingtree.htb,Microsoft-Windows-Security-SPP,Application,916,4,,,,,,,,,,,,,,,,,,,,,,,,validity,256741,,,,,,,,,,,,,,,,,,,,,,,,,,,,,,,,,,,,,,,,,,,,,,,,,,,,,,,,,,,,,,,,,,,,,,,,,,,,,,,,,,,,,,,
2026-03-27T23:40:28.425456Z,"{'#attributes': {'Qualifiers': 16384}, '#text': 902}",dc.danglingtree.htb,Microsoft-Windows-Security-SPP,Application,917,0,,,,,,,,,,,,,,,,,,,,,,,10.0.26100.32230,,,,,,,,,,,,,,,,,,,,,,,,,,,,,,,,,,,,,,,,,,,,,,,,,,,,,,,,,,,,,,,,,,,,,,,,,,,,,,,,,,,,,,,,,
2026-03-27T23:40:27.960079Z,5615,dc.danglingtree.htb,Microsoft-Windows-WMI,Application,918,4,,,,,,,,,,,,,,,,,,,,,,,,,,,,,,,,,,,,,,,,,,,,,,,,,,,,,,,,,,,,,,,,,,,,,,,,,,,,,,,,,,,,,,,,,,,,,,,,,,,,,,,,,,,,,,,,
2026-03-27T23:40:28.317504Z,5617,dc.danglingtree.htb,Microsoft-Windows-WMI,Application,919,4,,,,,,,,,,,,,,,,,,,,,,,,,,,,,,,,,,,,,,,,,,,,,,,,,,,,,,,,,,,,,,,,,,,,,,,,,,,,,,,,,,,,,,,,,,,,,,,,,,,,,,,,,,,,,,,,
2026-03-27T23:40:28.593237Z,"{'#attributes': {'Qualifiers': 0}, '#text': 258}",dc.danglingtree.htb,VMUpgradeHelper,Application,920,4,,,,,,,,,,,,,,,,,,,,,,,,,,,,,,,,,,,,,,,,,,,,,,,,,,,,,,,,,,,,,,,,,,,,,,,,,,,,,,,,,,,,,,,,,,,,,,,,,,,,,,,,,,,,,,,,
2026-03-27T23:40:28.700553Z,"{'#attributes': {'Qualifiers': 16384}, '#text': 781}",dc.danglingtree.htb,Microsoft-Windows-Complus,Application,921,4,,,,,,,,,,,,,,,,,,,,,,,,,,,,,,,,,,,,,,,,,,,,,,,,,,,,,,,,,,,,,,,,,,,,,,,,,,,,,,,,,,,,,,,,,,,,,,,,,,,,,86400,,,,SuppressDuplicateDuration,Software\Microsoft\COM3\Eventlog,,,,,,
2026-03-27T23:40:28.906590Z,"{'#attributes': {'Qualifiers': 0}, '#text': 271}",dc.danglingtree.htb,VMUpgradeHelper,Application,922,4,,,,,,,,,,,,,,,,,,,,,,,,,,,,,,,,,,,,,,,,,,,,,,,,,,,,,,,,,,,,,,,,,,,,,,,,,,,,,,,,,,,,,,,,,,,,,,,,,,,,,,,,,,,,,,,,
