2026-06-03T20:28:57.802055Z,"{'#attributes': {'Qualifiers': 16384}, '#text': 1004}",dc.danglingtree.htb,Microsoft-Windows-Security-SPP,Application,2833,4,,,,,,,,,,,,,,,,,,,,,,,,Windows(R) UL oob License (Public),cd2cba14-32fa-452d-a399-f81093fe84a4,,,,,,,,,,,,,,,,,,,,,,,,,,,,,,,,,,,,,,,,,,,,,,,,,,,,,,,,,,,,,,,,,,,,,,,,,,,,,,,,,,,,,,,
2026-06-03T20:28:57.803211Z,"{'#attributes': {'Qualifiers': 16384}, '#text': 1004}",dc.danglingtree.htb,Microsoft-Windows-Security-SPP,Application,2834,4,,,,,,,,,,,,,,,,,,,,,,,,Windows(R) UL oob License (Private),83fefe6d-d1a5-4e9f-825b-8b852d0188cc,,,,,,,,,,,,,,,,,,,,,,,,,,,,,,,,,,,,,,,,,,,,,,,,,,,,,,,,,,,,,,,,,,,,,,,,,,,,,,,,,,,,,,,
2026-06-03T20:28:57.815504Z,"{'#attributes': {'Qualifiers': 16384}, '#text': 1004}",dc.danglingtree.htb,Microsoft-Windows-Security-SPP,Application,2835,4,,,,,,,,,,,,,,,,,,,,,,,,Windows(R) UL volume License (Public),53de2148-42f7-4fa0-9b97-9115c1560254,,,,,,,,,,,,,,,,,,,,,,,,,,,,,,,,,,,,,,,,,,,,,,,,,,,,,,,,,,,,,,,,,,,,,,,,,,,,,,,,,,,,,,,
2026-06-03T20:28:57.816417Z,"{'#attributes': {'Qualifiers': 16384}, '#text': 1004}",dc.danglingtree.htb,Microsoft-Windows-Security-SPP,Application,2836,4,,,,,,,,,,,,,,,,,,,,,,,,Windows(R) UL volume License (Private),8005c41b-77fa-497d-8da2-b99e25212522,,,,,,,,,,,,,,,,,,,,,,,,,,,,,,,,,,,,,,,,,,,,,,,,,,,,,,,,,,,,,,,,,,,,,,,,,,,,,,,,,,,,,,,
2026-06-03T20:28:57.895989Z,"{'#attributes': {'Qualifiers': 16384}, '#text': 1004}",dc.danglingtree.htb,Microsoft-Windows-Security-SPP,Application,2837,4,,,,,,,,,,,,,,,,,,,,,,,,Windows(R) Publishing License (Public),dd4f48b7-9d1e-46bc-8c05-ee1d6e3f7b42,,,,,,,,,,,,,,,,,,,,,,,,,,,,,,,,,,,,,,,,,,,,,,,,,,,,,,,,,,,,,,,,,,,,,,,,,,,,,,,,,,,,,,,
2026-06-03T20:28:57.897152Z,"{'#attributes': {'Qualifiers': 16384}, '#text': 1004}",dc.danglingtree.htb,Microsoft-Windows-Security-SPP,Application,2838,4,,,,,,,,,,,,,,,,,,,,,,,,Windows(R) Publishing License (Private),33ec858d-8c85-4aac-b2f4-9b6dff1ce3a3,,,,,,,,,,,,,,,,,,,,,,,,,,,,,,,,,,,,,,,,,,,,,,,,,,,,,,,,,,,,,,,,,,,,,,,,,,,,,,,,,,,,,,,
2026-06-03T20:28:57.980986Z,"{'#attributes': {'Qualifiers': 16384}, '#text': 1004}",dc.danglingtree.htb,Microsoft-Windows-Security-SPP,Application,2839,4,,,,,,,,,,,,,,,,,,,,,,,,Windows(R) UL oob License (Public),718a253b-c8a8-4187-a511-1abed378582a,,,,,,,,,,,,,,,,,,,,,,,,,,,,,,,,,,,,,,,,,,,,,,,,,,,,,,,,,,,,,,,,,,,,,,,,,,,,,,,,,,,,,,,
2026-06-03T20:28:57.982175Z,"{'#attributes': {'Qualifiers': 16384}, '#text': 1004}",dc.danglingtree.htb,Microsoft-Windows-Security-SPP,Application,2840,4,,,,,,,,,,,,,,,,,,,,,,,,Windows(R) UL oob License (Private),09195b36-ebd9-473f-b4fe-a2a0472be787,,,,,,,,,,,,,,,,,,,,,,,,,,,,,,,,,,,,,,,,,,,,,,,,,,,,,,,,,,,,,,,,,,,,,,,,,,,,,,,,,,,,,,,
2026-06-03T20:28:58.020854Z,"{'#attributes': {'Qualifiers': 16384}, '#text': 1004}",dc.danglingtree.htb,Microsoft-Windows-Security-SPP,Application,2841,4,,,,,,,,,,,,,,,,,,,,,,,,Windows(R) UL phone License (Public),17213617-c6c7-4499-946f-f860660496e0,,,,,,,,,,,,,,,,,,,,,,,,,,,,,,,,,,,,,,,,,,,,,,,,,,,,,,,,,,,,,,,,,,,,,,,,,,,,,,,,,,,,,,,
2026-06-03T20:28:58.025797Z,"{'#attributes': {'Qualifiers': 16384}, '#text': 1004}",dc.danglingtree.htb,Microsoft-Windows-Security-SPP,Application,2842,4,,,,,,,,,,,,,,,,,,,,,,,,Windows(R) UL phone License (Private),f3507585-2557-43ce-aac5-bdb6d61ced09,,,,,,,,,,,,,,,,,,,,,,,,,,,,,,,,,,,,,,,,,,,,,,,,,,,,,,,,,,,,,,,,,,,,,,,,,,,,,,,,,,,,,,,
2026-06-03T20:28:58.068338Z,"{'#attributes': {'Qualifiers': 16384}, '#text': 1004}",dc.danglingtree.htb,Microsoft-Windows-Security-SPP,Application,2843,4,,,,,,,,,,,,,,,,,,,,,,,,Windows(R) UL store License (Public),95b3bf0b-c981-4a8a-abac-99be5301f6e6,,,,,,,,,,,,,,,,,,,,,,,,,,,,,,,,,,,,,,,,,,,,,,,,,,,,,,,,,,,,,,,,,,,,,,,,,,,,,,,,,,,,,,,
2026-06-03T20:28:58.069683Z,"{'#attributes': {'Qualifiers': 16384}, '#text': 1004}",dc.danglingtree.htb,Microsoft-Windows-Security-SPP,Application,2844,4,,,,,,,,,,,,,,,,,,,,,,,,Windows(R) UL store License (Private),91f49f80-1efb-43dd-9ddf-9d6002e2acef,,,,,,,,,,,,,,,,,,,,,,,,,,,,,,,,,,,,,,,,,,,,,,,,,,,,,,,,,,,,,,,,,,,,,,,,,,,,,,,,,,,,,,,
2026-06-03T20:28:58.081014Z,"{'#attributes': {'Qualifiers': 16384}, '#text': 1004}",dc.danglingtree.htb,Microsoft-Windows-Security-SPP,Application,2845,4,,,,,,,,,,,,,,,,,,,,,,,,Windows(R) UL oob License (Public),20262646-538d-4bed-b355-3b04524188d9,,,,,,,,,,,,,,,,,,,,,,,,,,,,,,,,,,,,,,,,,,,,,,,,,,,,,,,,,,,,,,,,,,,,,,,,,,,,,,,,,,,,,,,
2026-06-03T20:28:58.082067Z,"{'#attributes': {'Qualifiers': 16384}, '#text': 1004}",dc.danglingtree.htb,Microsoft-Windows-Security-SPP,Application,2846,4,,,,,,,,,,,,,,,,,,,,,,,,Windows(R) UL oob License (Private),4855afbb-cdcd-4ecd-ab6d-6f769c0792e7,,,,,,,,,,,,,,,,,,,,,,,,,,,,,,,,,,,,,,,,,,,,,,,,,,,,,,,,,,,,,,,,,,,,,,,,,,,,,,,,,,,,,,,
2026-06-03T20:28:58.207433Z,"{'#attributes': {'Qualifiers': 16384}, '#text': 1004}",dc.danglingtree.htb,Microsoft-Windows-Security-SPP,Application,2847,4,,,,,,,,,,,,,,,,,,,,,,,,Windows(R) UL inherited License (Public),56822e39-2f8a-45cd-a204-95b6570377f9,,,,,,,,,,,,,,,,,,,,,,,,,,,,,,,,,,,,,,,,,,,,,,,,,,,,,,,,,,,,,,,,,,,,,,,,,,,,,,,,,,,,,,,
2026-06-03T20:28:58.212938Z,"{'#attributes': {'Qualifiers': 16384}, '#text': 1004}",dc.danglingtree.htb,Microsoft-Windows-Security-SPP,Application,2848,4,,,,,,,,,,,,,,,,,,,,,,,,Windows(R) UL inherited License (Private),25f08883-481f-4f1b-af5b-42e31e74ae85,,,,,,,,,,,,,,,,,,,,,,,,,,,,,,,,,,,,,,,,,,,,,,,,,,,,,,,,,,,,,,,,,,,,,,,,,,,,,,,,,,,,,,,
2026-06-03T20:29:00.153893Z,"{'#attributes': {'Qualifiers': 16384}, '#text': 1016}",dc.danglingtree.htb,Microsoft-Windows-Security-SPP,Application,2849,4,,,,,,,,,,,,,,,,,,,,,,,,ecc748b4-08de-4d57-abdb-6da44495a8f7,c5976a87-b53a-c692-0f5a-b54487c074c1,,,,,,,,,,,,,,,,,,,,,,,,,,,,,,,,,,,,,,,,,,,,,,,,,,,,,,,,,,,,,,,,,,,,,,,,,,,,,,,,,,,,,,,
2026-06-03T20:29:00.554875Z,"{'#attributes': {'Qualifiers': 0}, '#text': 1000}",dc.danglingtree.htb,VGAuth,Application,2850,0,,,,,,,,,,,,,,,,,,,,,,,vmtoolsd: Username and password mismatch for 'administrator',,,,,,,,,,,,,,,,,,,,,,,,,,,,,,,,,,,,,,,,,,,,,,,,,,,,,,,,,,,,,,,,,,,,,,,,,,,,,,,,,,,,,,,,,
2026-06-03T20:29:01.850522Z,"{'#attributes': {'Qualifiers': 16384}, '#text': 1034}",dc.danglingtree.htb,Microsoft-Windows-Security-SPP,Application,2851,4,,,,,,,,,,,,,,,,,,,,,,,,AAD-AddDeviceJoinUserToAdminGroup-Policy,100,,,,,,,,,,,,,,,,,,,,,,,,,,,,,,,,,,,,,,,,,,,,,,,,,,,,,,,,,,,,,,,,,,,,,,,,,,,,,,,,,,,,,,,
2026-06-03T20:29:01.861315Z,"{'#attributes': {'Qualifiers': 16384}, '#text': 1034}",dc.danglingtree.htb,Microsoft-Windows-Security-SPP,Application,2852,4,,,,,,,,,,,,,,,,,,,,,,,,Security-SPP-WriteWauMarker,500,,,,,,,,,,,,,,,,,,,,,,,,,,,,,,,,,,,,,,,,,,,,,,,,,,,,,,,,,,,,,,,,,,,,,,,,,,,,,,,,,,,,,,,
2026-06-03T20:29:04.017392Z,"{'#attributes': {'Qualifiers': 16384}, '#text': 1003}",dc.danglingtree.htb,Microsoft-Windows-Security-SPP,Application,2853,4,,,,,,,,,,,,,,,,,,,,,,,,55c92734-d682-4d71-983e-d6ec3f16059f,"
1: 0d1bd880-2140-43c0-a2e1-506998451d6c, 1, 0 [(0 [0xC004F014, 0, 0], [(?)(?)(?)(?)(?)(?)(?)(?)])(1 )(2 )(3 )]
2: 1b0d9de5-e09d-4257-8221-6970f082d4e9, 1, 0 [(0 [0xC004F014, 0, 0], [(?)(?)(?)(?)(?)(?)(?)(?)])(1 )(2 )(3 )]
3: 66354793-4375-42ee-a9be-74e94d28bbf9, 1, 0 [(0 [0xC004F014, 0, 0], [(?)(?)(?)(?)(?)(?)(?)(?)])(1 )(2 )(3 )]
4: 6bad0243-1c35-46b2-b8e6-7a853e37413f, 1, 0 [(0 [0xC004F014, 0, 0], [(?)(?)(?)(?)(?)(?)(?)(?)])(1 )(2 )(3 )]
5: 6ff6be9b-b2df-433f-85c1-37daf0eb6826, 1, 0 [(0 [0xC004F014, 0, 0], [(?)(?)(?)(?)(?)(?)(?)(?)])(1 )(2 )(3 )]
6: 7990b601-c924-4e58-b271-ab1d6d61d303, 1, 0 [(0 [0xC004F014, 0, 0], [(?)(?)(?)(?)(?)(?)(?)(?)])(1 )(2 )(3 )]
7: 7dc26449-db21-4e09-ba37-28f2958506a6, 1, 0 [(0 [0xC004F014, 0, 0], [(?)(?)(?)(?)(?)(?)(?)(?)])(1 )(2 )(3 )]
8: 82fcf64d-f9dd-4411-9c79-f2eed16d4eb8, 1, 0 [(0 [0xC004F014, 0, 0], [(?)(?)(?)(?)(?)(?)(?)(?)])(1 )(2 )(3 )]
9: 84e331f6-4279-48c4-ab10-b75139181351, 1, 0 [(0 [0xC004F014, 0, 0], [(?)(?)(?)(?)(?)(?)(?)(?)])(1 )(2 )(3 )]
10: 919155fb-b42b-4371-9e4b-9c2e954507a6, 1, 0 [(0 [0xC004F014, 0, 0], [(?)(?)(?)(?)(?)(?)(?)(?)])(1 )(2 )(3 )]
11: 9a5d353c-2d22-4e58-b60e-9fcfed846922, 1, 0 [(0 [0xC004F014, 0, 0], [(?)(?)(?)(?)(?)(?)(?)(?)])(1 )(2 )(3 )]
12: caac9bf3-3daf-4da1-85b1-334e0fa7ed10, 1, 0 [(0 [0xC004F014, 0, 0], [(?)(?)(?)(?)(?)(?)(?)(?)])(1 )(2 )(3 )]
13: d81adfb0-9c6e-4274-8453-7dec8cce3fe9, 1, 0 [(0 [0xC004F014, 0, 0], [(?)(?)(?)(?)(?)(?)(?)(?)])(1 )(2 )(3 )]
14: ecc748b4-08de-4d57-abdb-6da44495a8f7, 1, 0 [(0 )(1 )(2 [0xC004E003, 0, 0], [( 1 0xC004F034)( 1 0xC004F034)(?)(?)(?)(?)(?)(?)])(3 [0x00000000, 0, 0], [( 6 0xC004F009 0 0)( 1 0x00000000)( 6 0xC004F009 0 0)(?)(?)(?)( 10 0x00000000 msft:rm/algorithm/flags/1.0)( 11 0x00000000 0xC004F034)])]

",,,,,,,,,,,,,,,,,,,,,,,,,,,,,,,,,,,,,,,,,,,,,,,,,,,,,,,,,,,,,,,,,,,,,,,,,,,,,,,,,,,,,,,
2026-06-03T20:29:04.474610Z,"{'#attributes': {'Qualifiers': 16384}, '#text': 16388}",dc.danglingtree.htb,Microsoft-Windows-Security-SPP,Application,2854,4,,,,,,,,,,,,,,,,,,,,,,,,2026-06-03T20:29:04Z,2026-06-03T20:29:04Z,,,,,,,,,,,,,,,,,,,,,,,,,,,,,,,,,,,,,,,,,,,,,,,,,,,,,,,,,,,,,,,,,,,,,,,,,,,,,,,,,,,,,,,
2026-06-03T20:29:05.939784Z,"{'#attributes': {'Qualifiers': 0}, '#text': 1000}",dc.danglingtree.htb,VGAuth,Application,2855,0,,,,,,,,,,,,,,,,,,,,,,,vmtoolsd: Username and password mismatch for 'administrator',,,,,,,,,,,,,,,,,,,,,,,,,,,,,,,,,,,,,,,,,,,,,,,,,,,,,,,,,,,,,,,,,,,,,,,,,,,,,,,,,,,,,,,,,
2026-06-03T20:29:06.400484Z,"{'#attributes': {'Qualifiers': 16384}, '#text': 1061}",dc.danglingtree.htb,Microsoft-Windows-Security-SPP,Application,2856,4,,,,,,,,,,,,,,,,,,,,,,,,79,7,,,,,,,,,,,,,,,,,,,,,,,,,,,,,,,,,,,,,,,,,,,,,,,,,,,,,,,,,,,,,,,,,,,,,,,,,,,,,,,,,,,,,,,
2026-06-03T20:29:06.684305Z,"{'#attributes': {'Qualifiers': 16384}, '#text': 902}",dc.danglingtree.htb,Microsoft-Windows-Security-SPP,Application,2857,0,,,,,,,,,,,,,,,,,,,,,,,10.0.26100.32230,,,,,,,,,,,,,,,,,,,,,,,,,,,,,,,,,,,,,,,,,,,,,,,,,,,,,,,,,,,,,,,,,,,,,,,,,,,,,,,,,,,,,,,,,
2026-06-03T20:29:07.551799Z,"{'#attributes': {'Qualifiers': 49152}, '#text': 16398}",dc.danglingtree.htb,Microsoft-Windows-Security-SPP,Application,2858,2,,,,,,,,,,,,,,,,,,,,,,,,0x80070490,No grace timer found,,,,,,,,,,,,,,,,,,,,,,,,,,,,,,,,,,,,,,,,,,,,,,,,,,,,,,,,,,,,,,,,,,,,,,,,,,,,,,,,,,,,,,,
2026-06-03T20:29:07.563884Z,"{'#attributes': {'Qualifiers': 16384}, '#text': 8230}",dc.danglingtree.htb,Microsoft-Windows-Security-SPP,Application,2859,4,,,,,,,,,,,,,,,,,,,,,,,Security-SPP-Action-StateData (REG_SZ) =AppId=55c92734-d682-4d71-983e-d6ec3f16059f;LastConsumptionReason=0xc004f034;LastNotificationId=NeverActivated;LicenseState=SL_LICENSING_STATUS_NOTIFICATION;PartialProductKey=CPVBD;ProductKeyType=Volume:MAK;SkuId=ecc748b4-08de-4d57-abdb-6da44495a8f7;ruleId=31e71c49-8da7-4a2f-ad92-45d98a1c79ba;uxDifferentiator=RETAIL,,,,,,,,,,,,,,,,,,,,,,,,,,,,,,,,,,,,,,,,,,,,,,,,,,,,,,,,,,,,,,,,,,,,,,,,,,,,,,,,,,,,,,,,,
2026-06-03T20:29:08.171259Z,"{'#attributes': {'Qualifiers': 49152}, '#text': 8198}",dc.danglingtree.htb,Microsoft-Windows-Security-SPP,Application,2860,2,,,,,,,,,,,,,,,,,,,,,,,,hr=0x80004005,RuleId=31e71c49-8da7-4a2f-ad92-45d98a1c79ba;Action=AutoActivate;AppId=55c92734-d682-4d71-983e-d6ec3f16059f;SkuId=ecc748b4-08de-4d57-abdb-6da44495a8f7;NotificationInterval=1440;Trigger=TimerEvent,,,,,,,,,,,,,,,,,,,,,,,,,,,,,,,,,,,,,,,,,,,,,,,,,,,,,,,,,,,,,,,,,,,,,,,,,,,,,,,,,,,,,,,
2026-06-03T20:29:12.552577Z,"{'#attributes': {'Qualifiers': 0}, '#text': 1000}",dc.danglingtree.htb,VGAuth,Application,2861,0,,,,,,,,,,,,,,,,,,,,,,,vmtoolsd: Username and password successfully validated for 'administrator',,,,,,,,,,,,,,,,,,,,,,,,,,,,,,,,,,,,,,,,,,,,,,,,,,,,,,,,,,,,,,,,,,,,,,,,,,,,,,,,,,,,,,,,,
2026-06-03T20:29:14.453466Z,"{'#attributes': {'Qualifiers': 0}, '#text': 102}",dc.danglingtree.htb,ESENT,Application,2862,4,,,,,,,,,,,,,,,,,,,,,,,,DFSRs,"3288,P,98,0",\\.\C:\System Volume Information\DFSR\database_E634_3FD1_343F_A409\dfsr.db: ,0,10,00,26100,0000,,,,,,,,,,,,,,,,,,,,,,,,,,,,,,,,,,,,,,,,,,,,,,,,,,,,,,,,,,,,,,,,,,,,,,,,,,,,,,,,,
2026-06-03T20:29:14.598170Z,"{'#attributes': {'Qualifiers': 0}, '#text': 105}",dc.danglingtree.htb,ESENT,Application,2863,4,,,,,,,,,,,,,,,,,,,,,,,,DFSRs,"3288,D,0,0",\\.\C:\System Volume Information\DFSR\database_E634_3FD1_343F_A409\dfsr.db: ,0,0.155,"
[1] 0.008085 +J(0) +M(C:0K, Fs:282, WS:1104K # 1104K, PF:6460K # 6456K, P:6460K)
[2] 0.000379 +J(0) +M(C:16K, Fs:101, WS:396K # 396K, PF:288K # 284K, P:288K)
[3] 0.000028 +J(0) +M(C:0K, Fs:1, WS:4K # 4K, PF:64K # 64K, P:64K)
[4] 0.000558 +J(0) +M(C:2032K, Fs:46, WS:180K # 180K, PF:2408K # 2408K, P:2408K)
[5] 0.001318 +J(0) +M(C:0K, Fs:12, WS:48K # 48K, PF:20K # 20K, P:20K)
[6] 0.001604 +J(0) +M(C:0K, Fs:20, WS:76K # 76K, PF:16K # 16K, P:16K)
[7] 0.084111 -0.054124 (11) WT +J(0) +M(C:0K, Fs:1372, WS:5368K # 5368K, PF:5072K # 5208K, P:5072K)
[8] -
[9] -
[10] -
[11] -
[12] -
[13] 0.057378 -0.052629 (12) WT +J(CM:0, PgRf:0, Rd:0/0, Dy:0/0, Lg:616/1) +M(C:0K, Fs:12, WS:-5084K # 16K, PF:-5120K # 0K, P:-5120K)
[14] 0.000035 +J(0) +M(C:0K, Fs:1, WS:4K # 0K, PF:0K # 0K, P:0K)
[15] 0.000252 +J(0) +M(C:0K, Fs:65, WS:260K # 0K, PF:64K # 0K, P:64K)
[16] 0.001318 -0.001055 (1) WT +J(0) +M(C:0K, Fs:2, WS:0K # 0K, PF:0K # 0K, P:0K).","RBSOn = 0
",,,,,,,,,,,,,,,,,,,,,,,,,,,,,,,,,,,,,,,,,,,,,,,,,,,,,,,,,,,,,,,,,,,,,,,,,,,,,,,,,,
2026-06-03T20:29:14.940596Z,"{'#attributes': {'Qualifiers': 0}, '#text': 102}",dc.danglingtree.htb,ESENT,Application,2864,4,,,,,,,,,,,,,,,,,,,,,,,,certsrv.exe,"3168,P,98,0",,0,10,00,26100,0000,,,,,,,,,,,,,,,,,,,,,,,,,,,,,,,,,,,,,,,,,,,,,,,,,,,,,,,,,,,,,,,,,,,,,,,,,,,,,,,,,
2026-06-03T20:29:14.976696Z,"{'#attributes': {'Qualifiers': 0}, '#text': 326}",dc.danglingtree.htb,ESENT,Application,2865,4,,,,,,,,,,,,,,,,,,,,,,,,DFSRs,"3288,D,50,0",\\.\C:\System Volume Information\DFSR\database_E634_3FD1_343F_A409\dfsr.db: ,1,\\.\C:\System Volume Information\DFSR\database_E634_3FD1_343F_A409\dfsr.db,0,"
[1] 0.000007 +J(0) +M(C:0K, Fs:1, WS:4K # 0K, PF:0K # 0K, P:0K)
[2] 0.004675 -0.004248 (1) WT +J(0) +M(C:0K, Fs:22, WS:24K # 0K, PF:8K # 0K, P:8K)
[3] 0.338298 -0.089533 (6) WT +J(CM:0, PgRf:0, Rd:0/0, Dy:0/0, Lg:3480/2) +M(C:0K, Fs:35, WS:128K # 0K, PF:120K # 0K, P:120K)
[4] 0.002707 +J(0) +M(C:0K, Fs:1, WS:4K # 0K, PF:0K # 0K, P:0K)
[5] -
[6] 0.004074 -0.003834 (2) CM -0.003764 (2) WT +J(CM:2, PgRf:2, Rd:0/2, Dy:0/0, Lg:0/0) +M(C:-8K, Fs:44, WS:168K # 0K, PF:124K # 0K, P:124K)
[7] 0.000003 +J(0)
[8] 0.011680 -0.011352 (1) CM -0.011333 (1) WT +J(CM:1, PgRf:1, Rd:14/0, Dy:0/0, Lg:0/0) +M(C:-4K, Fs:52, WS:204K # 0K, PF:192K # 0K, P:192K)
[9] -
[10] -
[11] -
[12] 0.000022 +J(CM:0, PgRf:0, Rd:0/0, Dy:0/0, Lg:54/1) +M(C:0K, Fs:2, WS:8K # 0K, PF:20K # 0K, P:20K)
[13] 0.005266 -0.005012 (1) CM -0.004958 (1) WT +J(CM:1, PgRf:23, Rd:0/1, Dy:0/0, Lg:0/0) +M(C:-8K, Fs:22, WS:80K # 0K, PF:0K # 0K, P:0K)
[14] 0.009946 -0.009681 (1) CM -0.009625 (1) WT +J(CM:1, PgRf:40, Rd:0/1, Dy:0/0, Lg:0/0) +M(C:-4K, Fs:6, WS:20K # 0K, PF:60K # 0K, P:60K)
[15] 0.000027 +J(CM:0, PgRf:1, Rd:0/0, Dy:0/0, Lg:0/0)
[16] 0.000022 +J(CM:0, PgRf:1, Rd:0/0, Dy:0/0, Lg:0/0) +M(C:0K, Fs:1, WS:4K # 0K, PF:0K # 0K, P:0K)
[17] 0.000062 +J(CM:0, PgRf:36, Rd:0/0, Dy:0/0, Lg:0/0)
[18] 0.000001 +J(0)
[19] 0.0 +J(0)
[20] 0.000045 +J(CM:0, PgRf:3, Rd:0/0, Dy:0/0, Lg:0/0) +M(C:0K, Fs:3, WS:12K # 0K, PF:0K # 0K, P:0K).",0 0,"lgposAttach = 00000001:022D:0268,
dbv = 1568.300.620 (9620)",,,,,,,,,,,,,,,,,,,,,,,,,,,,,,,,,,,,,,,,,,,,,,,,,,,,,,,,,,,,,,,,,,,,,,,,,,,,,,,,
2026-06-03T20:29:15.282239Z,"{'#attributes': {'Qualifiers': 0}, '#text': 105}",dc.danglingtree.htb,ESENT,Application,2866,4,,,,,,,,,,,,,,,,,,,,,,,,certsrv.exe,"3168,D,0,0",,0,0.347,"
[1] 0.003270 +J(0) +M(C:0K, Fs:180, WS:704K # 704K, PF:2876K # 2600K, P:2876K)
[2] 0.000920 +J(0) +M(C:3200K, Fs:150, WS:588K # 588K, PF:3668K # 3668K, P:3668K)
[3] 0.000019 +J(0) +M(C:0K, Fs:2, WS:4K # 4K, PF:68K # 68K, P:68K)
[4] 0.000164 +J(0) +M(C:0K, Fs:24, WS:96K # 96K, PF:496K # 496K, P:496K)
[5] 0.000660 +J(0) +M(C:0K, Fs:11, WS:44K # 44K, PF:20K # 20K, P:20K)
[6] 0.003494 +J(0) +M(C:0K, Fs:34, WS:132K # 132K, PF:12K # 12K, P:12K)
[7] 0.016710 -0.014995 (3) WT +J(0) +M(C:0K, Fs:280, WS:1120K # 1120K, PF:1024K # 1024K, P:1024K)
[8] -
[9] -
[10] -
[11] -
[12] -
[13] 0.023500 -0.020304 (4) WT +J(CM:0, PgRf:0, Rd:0/0, Dy:0/0, Lg:616/1) +M(C:0K, Fs:14, WS:-980K # 24K, PF:-1020K # 12K, P:-1020K)
[14] 0.000035 +J(0) +M(C:0K, Fs:2, WS:8K # 0K, PF:4K # 0K, P:4K)
[15] 0.000364 +J(0) +M(C:0K, Fs:101, WS:404K # 0K, PF:64K # 0K, P:64K)
[16] 0.297786 -0.011702 (1) WT +J(0) +M(C:0K, Fs:2, WS:0K # 0K, PF:0K # 0K, P:0K).","RBSOn = 0
",,,,,,,,,,,,,,,,,,,,,,,,,,,,,,,,,,,,,,,,,,,,,,,,,,,,,,,,,,,,,,,,,,,,,,,,,,,,,,,,,,
2026-06-03T20:29:15.411894Z,"{'#attributes': {'Qualifiers': 0}, '#text': 326}",dc.danglingtree.htb,ESENT,Application,2867,4,,,,,,,,,,,,,,,,,,,,,,,,certsrv.exe,"3168,D,50,0",,1,C:\WINDOWS\system32\CertLog\danglingtree-DC-CA.edb,0,"
[1] 0.000007 +J(0) +M(C:0K, Fs:1, WS:4K # 0K, PF:0K # 0K, P:0K)
[2] 0.012314 -0.011707 (1) WT +J(0) +M(C:0K, Fs:21, WS:20K # 0K, PF:4K # 0K, P:4K)
[3] 0.080955 -0.061601 (6) WT +J(CM:0, PgRf:0, Rd:0/0, Dy:0/0, Lg:3480/2) +M(C:0K, Fs:34, WS:132K # 0K, PF:124K # 0K, P:124K)
[4] 0.001626 +J(0) +M(C:0K, Fs:1, WS:4K # 0K, PF:0K # 0K, P:0K)
[5] -
[6] 0.003480 -0.002944 (2) CM -0.002863 (2) WT +J(CM:2, PgRf:2, Rd:0/2, Dy:0/0, Lg:0/0) +M(C:0K, Fs:43, WS:172K # 0K, PF:132K # 0K, P:132K)
[7] 0.000004 +J(0)
[8] 0.008768 -0.008504 (1) CM -0.008485 (1) WT +J(CM:1, PgRf:1, Rd:14/0, Dy:0/0, Lg:0/0) +M(C:0K, Fs:40, WS:160K # 0K, PF:212K # 0K, P:212K)
[9] -
[10] -
[11] -
[12] 0.000024 +J(CM:0, PgRf:0, Rd:0/0, Dy:0/0, Lg:54/1) +M(C:0K, Fs:2, WS:8K # 0K, PF:20K # 0K, P:20K)
[13] 0.011999 -0.011763 (2) CM -0.011677 (2) WT +J(CM:2, PgRf:23, Rd:0/2, Dy:0/0, Lg:0/0) +M(C:0K, Fs:21, WS:84K # 76K, PF:4K # 0K, P:4K)
[14] 0.009141 -0.008946 (1) CM -0.008906 (1) WT +J(CM:1, PgRf:40, Rd:0/1, Dy:0/0, Lg:0/0) +M(C:0K, Fs:6, WS:24K # 24K, PF:64K # 0K, P:64K)
[15] 0.000013 +J(CM:0, PgRf:1, Rd:0/0, Dy:0/0, Lg:0/0)
[16] 0.000013 +J(CM:0, PgRf:1, Rd:0/0, Dy:0/0, Lg:0/0) +M(C:0K, Fs:1, WS:4K # 4K, PF:0K # 0K, P:0K)
[17] 0.000070 +J(CM:0, PgRf:42, Rd:0/0, Dy:0/0, Lg:0/0) +M(C:0K, Fs:6, WS:24K # 24K, PF:0K # 0K, P:0K)
[18] 0.0 +J(0)
[19] 0.0 +J(0)
[20] 0.000035 +J(CM:0, PgRf:3, Rd:0/0, Dy:0/0, Lg:0/0) +M(C:0K, Fs:3, WS:12K # 12K, PF:0K # 0K, P:0K).",0 0,"lgposAttach = 00000002:00B5:0268,
dbv = 1568.300.620 (9620)",,,,,,,,,,,,,,,,,,,,,,,,,,,,,,,,,,,,,,,,,,,,,,,,,,,,,,,,,,,,,,,,,,,,,,,,,,,,,,,,
2026-06-03T20:29:18.562496Z,77,dc.danglingtree.htb,Microsoft-Windows-CertificationAuthority,Application,2868,3,,,,,,,,,,,,,,,,,,,,,,,,,,,,,,,,,,,,,,,,,,,,,,,,,,,,,,,,,,,,,,,,,,,,,,,Windows default,,,,,,,,,,,,,,,,,,,,,,,"The RemoteAccessVPN Certificate Template could not be loaded.  Element not found. 0x80070490 (WIN32: 1168 ERROR_NOT_FOUND).
",,MSG_POLICY_LOG_WARNING,,,,,,,,,,,,,,,,
2026-06-03T20:29:18.576136Z,77,dc.danglingtree.htb,Microsoft-Windows-CertificationAuthority,Application,2869,3,,,,,,,,,,,,,,,,,,,,,,,,,,,,,,,,,,,,,,,,,,,,,,,,,,,,,,,,,,,,,,,,,,,,,,,Windows default,,,,,,,,,,,,,,,,,,,,,,,"The EmployeeAuthTemplate Certificate Template could not be loaded.  Element not found. 0x80070490 (WIN32: 1168 ERROR_NOT_FOUND).
",,MSG_POLICY_LOG_WARNING,,,,,,,,,,,,,,,,
2026-06-03T20:29:18.898010Z,77,dc.danglingtree.htb,Microsoft-Windows-CertificationAuthority,Application,2870,3,,,,,,,,,,,,,,,,,,,,,,,,,,,,,,,,,,,,,,,,,,,,,,,,,,,,,,,,,,,,,,,,,,,,,,,Windows default,,,,,,,,,,,,,,,,,,,,,,,"The VPNUserTemplate Certificate Template could not be loaded.  Element not found. 0x80070490 (WIN32: 1168 ERROR_NOT_FOUND).
",,MSG_POLICY_LOG_WARNING,,,,,,,,,,,,,,,,
2026-06-03T20:29:20.678377Z,"{'#attributes': {'Qualifiers': 16384}, '#text': 16388}",dc.danglingtree.htb,Microsoft-Windows-Security-SPP,Application,2871,4,,,,,,,,,,,,,,,,,,,,,,,,2026-06-03T20:29:13Z,2026-06-03T20:29:13Z,,,,,,,,,,,,,,,,,,,,,,,,,,,,,,,,,,,,,,,,,,,,,,,,,,,,,,,,,,,,,,,,,,,,,,,,,,,,,,,,,,,,,,,
2026-06-03T20:29:19.952602Z,26,dc.danglingtree.htb,Microsoft-Windows-CertificationAuthority,Application,2872,4,,,,,,,,,,,,,,,,,danglingtree-DC-CA,,,,dc.danglingtree.htb,  DC=,,,,,,,,,,,,,,,,,,,,,,,,,,,,,,,,,,,,,,,,,,,,,,,,,,,,,,,,,,,,,,,,,,,,,,,,,,MSG_I_SERVER_STARTED,,,,,,,,,,,,,,,,
2026-06-03T20:29:29.135107Z,"{'#attributes': {'Qualifiers': 49152}, '#text': 16398}",dc.danglingtree.htb,Microsoft-Windows-Security-SPP,Application,2873,2,,,,,,,,,,,,,,,,,,,,,,,,0x80070490,No grace timer found,,,,,,,,,,,,,,,,,,,,,,,,,,,,,,,,,,,,,,,,,,,,,,,,,,,,,,,,,,,,,,,,,,,,,,,,,,,,,,,,,,,,,,,
2026-06-03T20:29:29.160588Z,"{'#attributes': {'Qualifiers': 16384}, '#text': 8230}",dc.danglingtree.htb,Microsoft-Windows-Security-SPP,Application,2874,4,,,,,,,,,,,,,,,,,,,,,,,Security-SPP-Action-StateData (REG_SZ) =AppId=55c92734-d682-4d71-983e-d6ec3f16059f;LastConsumptionReason=0xc004f034;LastNotificationId=NeverActivated;LicenseState=SL_LICENSING_STATUS_NOTIFICATION;PartialProductKey=CPVBD;ProductKeyType=Volume:MAK;SkuId=ecc748b4-08de-4d57-abdb-6da44495a8f7;ruleId=31e71c49-8da7-4a2f-ad92-45d98a1c79ba;uxDifferentiator=RETAIL,,,,,,,,,,,,,,,,,,,,,,,,,,,,,,,,,,,,,,,,,,,,,,,,,,,,,,,,,,,,,,,,,,,,,,,,,,,,,,,,,,,,,,,,,
2026-06-03T20:29:29.609754Z,"{'#attributes': {'Qualifiers': 49152}, '#text': 8198}",dc.danglingtree.htb,Microsoft-Windows-Security-SPP,Application,2875,2,,,,,,,,,,,,,,,,,,,,,,,,hr=0x80004005,RuleId=31e71c49-8da7-4a2f-ad92-45d98a1c79ba;Action=AutoActivate;AppId=55c92734-d682-4d71-983e-d6ec3f16059f;SkuId=ecc748b4-08de-4d57-abdb-6da44495a8f7;NotificationInterval=1440;Trigger=NetworkAvailable,,,,,,,,,,,,,,,,,,,,,,,,,,,,,,,,,,,,,,,,,,,,,,,,,,,,,,,,,,,,,,,,,,,,,,,,,,,,,,,,,,,,,,,
2026-06-03T20:29:31.276571Z,1001,dc.danglingtree.htb,Windows Error Reporting,Application,2876,4,,,,,,,,,"
\\?\C:\Windows\Logs\MoSetup\UpdateAgent.log
\\?\C:\ProgramData\Microsoft\Windows\WER\Temp\WER.bc0f14e8-e129-43c9-a188-f384b1cc61b6.tmp.WERInternalMetadata.xml
\\?\C:\ProgramData\Microsoft\Windows\WER\Temp\WER.8a1fd930-18a0-4d19-998c-f6334f8192d2.tmp.csv
\\?\C:\ProgramData\Microsoft\Windows\WER\Temp\WER.34768d64-1052-4a65-ae6e-05f288ed28b1.tmp.txt
\\?\C:\ProgramData\Microsoft\Windows\WER\Temp\WER.9b6fcd47-b661-4471-89c6-4055e190974a.tmp.xml
\\?\C:\WINDOWS\logs\mosetup\UpdateAgent.log
\\?\C:\WINDOWS\logs\cbs\CBS.log
\\?\C:\WINDOWS\logs\windowsupdate\WindowsUpdate.20260404.162939.486.1.etl
\\?\C:\WINDOWS\logs\windowsupdate\WindowsUpdate.20260404.164807.862.1.etl
\\?\C:\WINDOWS\logs\windowsupdate\WindowsUpdate.20260404.175245.225.1.etl
\\?\C:\WINDOWS\logs\windowsupdate\WindowsUpdate.20260404.180226.210.1.etl
\\?\C:\WINDOWS\logs\windowsupdate\WindowsUpdate.20260404.184037.410.1.etl
\\?\C:\WINDOWS\logs\windowsupdate\WindowsUpdate.20260405.120426.675.1.etl
\\?\C:\WINDOWS\logs\windowsupdate\WindowsUpdate.20260405.130550.867.1.etl
\\?\C:\WINDOWS\logs\windowsupdate\WindowsUpdate.20260603.123849.428.1.etl
\\?\C:\WINDOWS\logs\windowsupdate\WindowsUpdate.20260603.124555.445.1.etl
\\?\C:\WINDOWS\logs\windowsupdate\WindowsUpdate.20260603.131458.717.1.etl
\\?\C:\WINDOWS\logs\windowsupdate\WindowsUpdate.20260603.131458.717.10.etl
\\?\C:\WINDOWS\logs\windowsupdate\WindowsUpdate.20260603.131458.717.11.etl
\\?\C:\WINDOWS\logs\windowsupdate\WindowsUpdate.20260603.131458.717.2.etl
\\?\C:\WINDOWS\logs\windowsupdate\WindowsUpdate.20260603.131458.717.3.etl
\\?\C:\WINDOWS\logs\windowsupdate\WindowsUpdate.20260603.131458.717.4.etl
\\?\C:\WINDOWS\logs\windowsupdate\WindowsUpdate.20260603.131458.717.5.etl
\\?\C:\WINDOWS\logs\windowsupdate\WindowsUpdate.20260603.131458.717.6.etl
\\?\C:\WINDOWS\logs\windowsupdate\WindowsUpdate.20260603.131458.717.7.etl
\\?\C:\WINDOWS\logs\windowsupdate\WindowsUpdate.20260603.131458.717.8.etl
\\?\C:\WINDOWS\logs\windowsupdate\WindowsUpdate.20260603.131458.717.9.etl
\\?\C:\ProgramData\usoshared\logs\system\UpdateSessionOrchestration.15bca148-b3dd-4c23-b00e-810a3ba6f5e5.1.etl
\\?\C:\ProgramData\usoshared\logs\system\UpdateSessionOrchestration.15bca148-b3dd-4c23-b00e-810a3ba6f5e5.2.etl
\\?\C:\ProgramData\usoshared\logs\system\UpdateSessionOrchestration.15bca148-b3dd-4c23-b00e-810a3ba6f5e5.3.etl
\\?\C:\ProgramData\usoshared\logs\system\UpdateSessionOrchestration.19c56c1d-54d3-4297-bb27-f5b9688aae10.1.etl
\\?\C:\ProgramData\usoshared\logs\system\UpdateSessionOrchestration.2dc642dd-23ec-4a7e-8f68-121c80886ab9.1.etl
\\?\C:\ProgramData\usoshared\logs\system\UpdateSessionOrchestration.44cda293-cc62-45a0-a259-603107376179.1.etl
\\?\C:\ProgramData\usoshared\logs\system\UpdateSessionOrchestration.4de408ea-2d34-417b-a47c-d8e5e88352a7.1.etl
\\?\C:\ProgramData\usoshared\logs\system\UpdateSessionOrchestration.51ca8068-11de-420d-b9a8-f47216809b7c.1.etl
\\?\C:\ProgramData\usoshared\logs\system\UpdateSessionOrchestration.55ec99a4-c451-4560-8794-ee3ab8eda464.1.etl
\\?\C:\ProgramData\usoshared\logs\system\UpdateSessionOrchestration.5e67258a-e74c-4a5e-980a-02963e55d4c4.1.etl
\\?\C:\ProgramData\usoshared\logs\system\UpdateSessionOrchestration.6c19a401-73ba-44a8-8bd0-8974d9ea56e2.1.etl
\\?\C:\ProgramData\usoshared\logs\system\UpdateSessionOrchestration.6c19a401-73ba-44a8-8bd0-8974d9ea56e2.2.etl
\\?\C:\ProgramData\usoshared\logs\system\UpdateSessionOrchestration.6c19a401-73ba-44a8-8bd0-8974d9ea56e2.3.etl
\\?\C:\ProgramData\usoshared\logs\system\UpdateSessionOrchestration.6c19a401-73ba-44a8-8bd0-8974d9ea56e2.4.etl
\\?\C:\ProgramData\usoshared\logs\system\UpdateSessionOrchestration.6c19a401-73ba-44a8-8bd0-8974d9ea56e2.5.etl
\\?\C:\ProgramData\usoshared\logs\system\UpdateSessionOrchestration.6c19a401-73ba-44a8-8bd0-8974d9ea56e2.6.etl
\\?\C:\ProgramData\usoshared\logs\system\UpdateSessionOrchestration.6c19a401-73ba-44a8-8bd0-8974d9ea56e2.7.etl
\\?\C:\ProgramData\usoshared\logs\system\UpdateSessionOrchestration.6c19a401-73ba-44a8-8bd0-8974d9ea56e2.8.etl
\\?\C:\ProgramData\usoshared\logs\system\UpdateSessionOrchestration.6c19a401-73ba-44a8-8bd0-8974d9ea56e2.9.etl
\\?\C:\ProgramData\usoshared\logs\system\UpdateSessionOrchestration.6ca9c7b2-ff3e-4418-aa88-48dc2846111f.1.etl
\\?\C:\ProgramData\usoshared\logs\system\UpdateSessionOrchestration.736d9408-2722-43c9-bde5-6a5910d086e8.1.etl
\\?\C:\ProgramData\usoshared\logs\system\UpdateSessionOrchestration.736d9408-2722-43c9-bde5-6a5910d086e8.2.etl
\\?\C:\ProgramData\usoshared\logs\system\UpdateSessionOrchestration.a53c3e93-6981-4e34-b5f7-c0238b9a24d4.1.etl
\\?\C:\ProgramData\usoshared\logs\system\UpdateSessionOrchestration.a53c3e93-6981-4e34-b5f7-c0238b9a24d4.2.etl
\\?\C:\ProgramData\usoshared\logs\system\UpdateSessionOrchestration.a597a86c-97e5-44a8-8b69-d048b430c845.1.etl
\\?\C:\ProgramData\usoshared\logs\system\UpdateSessionOrchestration.b78708ef-75d1-4936-bf60-886f2ba1b6ec.5.etl
\\?\C:\ProgramData\usoshared\logs\system\UpdateSessionOrchestration.b78708ef-75d1-4936-bf60-886f2ba1b6ec.6.etl
\\?\C:\ProgramData\usoshared\logs\system\UpdateSessionOrchestration.b78708ef-75d1-4936-bf60-886f2ba1b6ec.7.etl
\\?\C:\ProgramData\usoshared\logs\system\UpdateSessionOrchestration.b78708ef-75d1-4936-bf60-886f2ba1b6ec.8.etl
\\?\C:\ProgramData\usoshared\logs\system\UpdateSessionOrchestration.bee1cc31-e1af-44c1-917e-161d52b74022.1.etl
\\?\C:\ProgramData\usoshared\logs\system\UpdateSessionOrchestration.bfe1acf4-3b7f-4d22-927f-f6ad6ed82df2.1.etl
\\?\C:\ProgramData\usoshared\logs\system\UpdateSessionOrchestration.bfe1acf4-3b7f-4d22-927f-f6ad6ed82df2.2.etl
\\?\C:\ProgramData\usoshared\logs\system\UpdateSessionOrchestration.bfe1acf4-3b7f-4d22-927f-f6ad6ed82df2.3.etl
\\?\C:\ProgramData\usoshared\logs\system\UpdateSessionOrchestration.bfe1acf4-3b7f-4d22-927f-f6ad6ed82df2.4.etl
\\?\C:\ProgramData\usoshared\logs\system\UpdateSessionOrchestration.cd2b629c-6d3c-4cb6-88f6-ddbc75e4e309.1.etl
\\?\C:\ProgramData\usoshared\logs\system\UpdateSessionOrchestration.d3a7b5b9-f0e2-4baa-8e4e-ba54926ea5dc.1.etl
\\?\C:\ProgramData\usoshared\logs\system\UpdateSessionOrchestration.dbe17921-6ef7-473c-8702-539f34bdd048.1.etl
\\?\C:\ProgramData\usoshared\logs\system\UpdateSessionOrchestration.e5f69910-01a3-410e-957b-7a76a17e0b96.1.etl
\\?\C:\ProgramData\usoshared\logs\system\UpdateSessionOrchestration.e5f69910-01a3-410e-957b-7a76a17e0b96.2.etl
\\?\C:\ProgramData\usoshared\logs\system\UpdateSessionOrchestration.e5f69910-01a3-410e-957b-7a76a17e0b96.3.etl
\\?\C:\ProgramData\usoshared\logs\system\UpdateSessionOrchestration.e88fa265-f2b2-49dd-8b25-845ab15f1208.1.etl
\\?\C:\ProgramData\usoshared\logs\system\UpdateSessionOrchestration.f02c4276-fa4e-4c3b-9aaf-8865b7af32a6.1.etl
\\?\C:\ProgramData\usoprivate\updatestore\store.bak
\\?\C:\ProgramData\usoprivate\updatestore\store.db
\\?\C:\Windows\SystemTemp\WER.11937f0e-5c85-4fb4-a958-2cbc45ea0a56.tmp.reg.txt
\\?\C:\Windows\SystemTemp\WER.b9ebae96-e33f-4570-b963-d8a7a37820d6.tmp.WERDataCollectionStatus.txt",,2037985867396536152,5,,,,,,0,0,,,,,,,,,,,,,,,,,,,UpdateAgentDiag,,,,,,1570d87427f2261f6c486159436fd758,,,,,,,,,,,,,0,32230,X,1,0x80010108,amd64,26100,ge_release,26100,lt_release_svc_prod1,,,,,,,,,,0,,5fc40744-abc9-442e-b823-47043c162b27,12,,Not available,,,,,,\\?\C:\ProgramData\Microsoft\Windows\WER\ReportQueue\NonCritical_0_71ec83ec7619a07e30af11476ea0d8ec56ca386_00000000_cab_5fc40744-abc9-442e-b823-47043c162b27,,,,,,,,,,,,,,,,,,,,,,,,,
2026-06-03T20:29:33.701155Z,"{'#attributes': {'Qualifiers': 0}, '#text': 1000}",dc.danglingtree.htb,VGAuth,Application,2877,0,,,,,,,,,,,,,,,,,,,,,,,vmtoolsd: Username and password successfully validated for 'administrator',,,,,,,,,,,,,,,,,,,,,,,,,,,,,,,,,,,,,,,,,,,,,,,,,,,,,,,,,,,,,,,,,,,,,,,,,,,,,,,,,,,,,,,,,
2026-06-03T20:29:34.705103Z,"{'#attributes': {'Qualifiers': 0}, '#text': 1000}",dc.danglingtree.htb,VGAuth,Application,2878,0,,,,,,,,,,,,,,,,,,,,,,,vmtoolsd: Username and password successfully validated for 'administrator',,,,,,,,,,,,,,,,,,,,,,,,,,,,,,,,,,,,,,,,,,,,,,,,,,,,,,,,,,,,,,,,,,,,,,,,,,,,,,,,,,,,,,,,,
2026-06-03T20:29:34.805820Z,"{'#attributes': {'Qualifiers': 0}, '#text': 1000}",dc.danglingtree.htb,VGAuth,Application,2879,0,,,,,,,,,,,,,,,,,,,,,,,vmtoolsd: Username and password successfully validated for 'administrator',,,,,,,,,,,,,,,,,,,,,,,,,,,,,,,,,,,,,,,,,,,,,,,,,,,,,,,,,,,,,,,,,,,,,,,,,,,,,,,,,,,,,,,,,
2026-06-03T20:29:34.906494Z,"{'#attributes': {'Qualifiers': 0}, '#text': 1000}",dc.danglingtree.htb,VGAuth,Application,2880,0,,,,,,,,,,,,,,,,,,,,,,,vmtoolsd: Username and password successfully validated for 'administrator',,,,,,,,,,,,,,,,,,,,,,,,,,,,,,,,,,,,,,,,,,,,,,,,,,,,,,,,,,,,,,,,,,,,,,,,,,,,,,,,,,,,,,,,,
2026-06-03T20:29:35.028629Z,"{'#attributes': {'Qualifiers': 0}, '#text': 1000}",dc.danglingtree.htb,VGAuth,Application,2881,0,,,,,,,,,,,,,,,,,,,,,,,vmtoolsd: Username and password successfully validated for 'administrator',,,,,,,,,,,,,,,,,,,,,,,,,,,,,,,,,,,,,,,,,,,,,,,,,,,,,,,,,,,,,,,,,,,,,,,,,,,,,,,,,,,,,,,,,
2026-06-03T20:29:35.080602Z,"{'#attributes': {'Qualifiers': 0}, '#text': 1000}",dc.danglingtree.htb,VGAuth,Application,2882,0,,,,,,,,,,,,,,,,,,,,,,,vmtoolsd: Username and password successfully validated for 'administrator',,,,,,,,,,,,,,,,,,,,,,,,,,,,,,,,,,,,,,,,,,,,,,,,,,,,,,,,,,,,,,,,,,,,,,,,,,,,,,,,,,,,,,,,,
2026-06-03T20:29:35.171612Z,"{'#attributes': {'Qualifiers': 0}, '#text': 1000}",dc.danglingtree.htb,VGAuth,Application,2883,0,,,,,,,,,,,,,,,,,,,,,,,vmtoolsd: Username and password successfully validated for 'administrator',,,,,,,,,,,,,,,,,,,,,,,,,,,,,,,,,,,,,,,,,,,,,,,,,,,,,,,,,,,,,,,,,,,,,,,,,,,,,,,,,,,,,,,,,
2026-06-03T20:29:36.821075Z,"{'#attributes': {'Qualifiers': 0}, '#text': 1000}",dc.danglingtree.htb,VGAuth,Application,2884,0,,,,,,,,,,,,,,,,,,,,,,,vmtoolsd: Username and password successfully validated for 'administrator',,,,,,,,,,,,,,,,,,,,,,,,,,,,,,,,,,,,,,,,,,,,,,,,,,,,,,,,,,,,,,,,,,,,,,,,,,,,,,,,,,,,,,,,,
2026-06-03T20:29:37.381145Z,"{'#attributes': {'Qualifiers': 0}, '#text': 1000}",dc.danglingtree.htb,VGAuth,Application,2885,0,,,,,,,,,,,,,,,,,,,,,,,vmtoolsd: Username and password successfully validated for 'administrator',,,,,,,,,,,,,,,,,,,,,,,,,,,,,,,,,,,,,,,,,,,,,,,,,,,,,,,,,,,,,,,,,,,,,,,,,,,,,,,,,,,,,,,,,
2026-06-03T20:29:40.568855Z,"{'#attributes': {'Qualifiers': 0}, '#text': 1000}",dc.danglingtree.htb,VGAuth,Application,2886,0,,,,,,,,,,,,,,,,,,,,,,,vmtoolsd: Username and password successfully validated for 'administrator',,,,,,,,,,,,,,,,,,,,,,,,,,,,,,,,,,,,,,,,,,,,,,,,,,,,,,,,,,,,,,,,,,,,,,,,,,,,,,,,,,,,,,,,,
2026-06-03T20:29:42.945504Z,"{'#attributes': {'Qualifiers': 0}, '#text': 1000}",dc.danglingtree.htb,VGAuth,Application,2887,0,,,,,,,,,,,,,,,,,,,,,,,vmtoolsd: Username and password successfully validated for 'administrator',,,,,,,,,,,,,,,,,,,,,,,,,,,,,,,,,,,,,,,,,,,,,,,,,,,,,,,,,,,,,,,,,,,,,,,,,,,,,,,,,,,,,,,,,
2026-06-03T20:29:43.442610Z,"{'#attributes': {'Qualifiers': 0}, '#text': 1000}",dc.danglingtree.htb,VGAuth,Application,2888,0,,,,,,,,,,,,,,,,,,,,,,,vmtoolsd: Username and password successfully validated for 'administrator',,,,,,,,,,,,,,,,,,,,,,,,,,,,,,,,,,,,,,,,,,,,,,,,,,,,,,,,,,,,,,,,,,,,,,,,,,,,,,,,,,,,,,,,,
2026-06-03T20:29:44.409862Z,"{'#attributes': {'Qualifiers': 0}, '#text': 1000}",dc.danglingtree.htb,VGAuth,Application,2889,0,,,,,,,,,,,,,,,,,,,,,,,vmtoolsd: Username and password successfully validated for 'administrator',,,,,,,,,,,,,,,,,,,,,,,,,,,,,,,,,,,,,,,,,,,,,,,,,,,,,,,,,,,,,,,,,,,,,,,,,,,,,,,,,,,,,,,,,
2026-06-03T20:29:44.462551Z,"{'#attributes': {'Qualifiers': 0}, '#text': 1000}",dc.danglingtree.htb,VGAuth,Application,2890,0,,,,,,,,,,,,,,,,,,,,,,,vmtoolsd: Username and password successfully validated for 'administrator',,,,,,,,,,,,,,,,,,,,,,,,,,,,,,,,,,,,,,,,,,,,,,,,,,,,,,,,,,,,,,,,,,,,,,,,,,,,,,,,,,,,,,,,,
2026-06-03T20:29:44.874019Z,"{'#attributes': {'Qualifiers': 0}, '#text': 1000}",dc.danglingtree.htb,VGAuth,Application,2891,0,,,,,,,,,,,,,,,,,,,,,,,vmtoolsd: Username and password successfully validated for 'administrator',,,,,,,,,,,,,,,,,,,,,,,,,,,,,,,,,,,,,,,,,,,,,,,,,,,,,,,,,,,,,,,,,,,,,,,,,,,,,,,,,,,,,,,,,
2026-06-03T20:29:44.948733Z,"{'#attributes': {'Qualifiers': 0}, '#text': 1000}",dc.danglingtree.htb,VGAuth,Application,2892,0,,,,,,,,,,,,,,,,,,,,,,,vmtoolsd: Username and password successfully validated for 'administrator',,,,,,,,,,,,,,,,,,,,,,,,,,,,,,,,,,,,,,,,,,,,,,,,,,,,,,,,,,,,,,,,,,,,,,,,,,,,,,,,,,,,,,,,,
2026-06-03T20:29:45.057018Z,"{'#attributes': {'Qualifiers': 0}, '#text': 1000}",dc.danglingtree.htb,VGAuth,Application,2893,0,,,,,,,,,,,,,,,,,,,,,,,vmtoolsd: Username and password successfully validated for 'administrator',,,,,,,,,,,,,,,,,,,,,,,,,,,,,,,,,,,,,,,,,,,,,,,,,,,,,,,,,,,,,,,,,,,,,,,,,,,,,,,,,,,,,,,,,
2026-06-03T20:29:45.167487Z,"{'#attributes': {'Qualifiers': 0}, '#text': 1000}",dc.danglingtree.htb,VGAuth,Application,2894,0,,,,,,,,,,,,,,,,,,,,,,,vmtoolsd: Username and password successfully validated for 'administrator',,,,,,,,,,,,,,,,,,,,,,,,,,,,,,,,,,,,,,,,,,,,,,,,,,,,,,,,,,,,,,,,,,,,,,,,,,,,,,,,,,,,,,,,,
2026-06-03T20:29:45.554112Z,"{'#attributes': {'Qualifiers': 0}, '#text': 1000}",dc.danglingtree.htb,VGAuth,Application,2895,0,,,,,,,,,,,,,,,,,,,,,,,vmtoolsd: Username and password successfully validated for 'administrator',,,,,,,,,,,,,,,,,,,,,,,,,,,,,,,,,,,,,,,,,,,,,,,,,,,,,,,,,,,,,,,,,,,,,,,,,,,,,,,,,,,,,,,,,
2026-06-03T20:29:44.879326Z,1001,dc.danglingtree.htb,Windows Error Reporting,Application,2896,4,,,,,,,,,"
\\?\C:\ProgramData\Microsoft\Windows\WER\Temp\WER.2df3c649-0596-41dd-9580-ee10b5d96e1f.tmp.mdmp
\\?\C:\ProgramData\Microsoft\Windows\WER\Temp\WER.4e3abf85-2ecb-43c9-9181-f7f4f18d69ce.tmp.WERInternalMetadata.xml
\\?\C:\ProgramData\Microsoft\Windows\WER\Temp\WER.753194a0-b51b-42cd-9288-0f9673eca086.tmp.xml
\\?\C:\Windows\SystemTemp\WER.cc48f020-a6e0-4cbf-abab-f64c46d4d10e.tmp.appcompat.txt",,,0,,,,,,0,0,,,,,,,,,,,,,,,,,,,APPCRASH,,,,,,,,,,,,,,,,,,,WindowsAdminCenterAccountManagement.exe,,2.6.11.4,69340000,KERNELBASE.dll,10.0.26100.32230,93531557,e0434352,00000000000ca80a,,,,,,,,,,,0,,2e2dd86b-bcde-46b5-9be7-4752d36affec,100,,Not available,,,,,,\\?\C:\ProgramData\Microsoft\Windows\WER\ReportQueue\AppCrash_WindowsAdminCent_a6fb81939b9f405e50f372bdcaf57e747b9d9ae_67a50925_cab_0c429f53-463b-43de-9d36-235bff0657bc,,,,,,,,,,,,,,,,,,,,,,,,,
2026-06-03T20:29:46.248979Z,"{'#attributes': {'Qualifiers': 0}, '#text': 1000}",dc.danglingtree.htb,VGAuth,Application,2897,0,,,,,,,,,,,,,,,,,,,,,,,vmtoolsd: Username and password successfully validated for 'administrator',,,,,,,,,,,,,,,,,,,,,,,,,,,,,,,,,,,,,,,,,,,,,,,,,,,,,,,,,,,,,,,,,,,,,,,,,,,,,,,,,,,,,,,,,
2026-06-03T20:29:46.826137Z,"{'#attributes': {'Qualifiers': 0}, '#text': 1000}",dc.danglingtree.htb,VGAuth,Application,2898,0,,,,,,,,,,,,,,,,,,,,,,,vmtoolsd: Username and password successfully validated for 'administrator',,,,,,,,,,,,,,,,,,,,,,,,,,,,,,,,,,,,,,,,,,,,,,,,,,,,,,,,,,,,,,,,,,,,,,,,,,,,,,,,,,,,,,,,,
2026-06-03T20:29:49.225137Z,"{'#attributes': {'Qualifiers': 0}, '#text': 1000}",dc.danglingtree.htb,VGAuth,Application,2899,0,,,,,,,,,,,,,,,,,,,,,,,vmtoolsd: Username and password successfully validated for 'administrator',,,,,,,,,,,,,,,,,,,,,,,,,,,,,,,,,,,,,,,,,,,,,,,,,,,,,,,,,,,,,,,,,,,,,,,,,,,,,,,,,,,,,,,,,
2026-06-03T20:29:49.777266Z,"{'#attributes': {'Qualifiers': 0}, '#text': 1000}",dc.danglingtree.htb,VGAuth,Application,2900,0,,,,,,,,,,,,,,,,,,,,,,,vmtoolsd: Username and password successfully validated for 'administrator',,,,,,,,,,,,,,,,,,,,,,,,,,,,,,,,,,,,,,,,,,,,,,,,,,,,,,,,,,,,,,,,,,,,,,,,,,,,,,,,,,,,,,,,,
2026-06-03T20:29:50.914196Z,"{'#attributes': {'Qualifiers': 0}, '#text': 1000}",dc.danglingtree.htb,VGAuth,Application,2901,0,,,,,,,,,,,,,,,,,,,,,,,vmtoolsd: Username and password successfully validated for 'administrator',,,,,,,,,,,,,,,,,,,,,,,,,,,,,,,,,,,,,,,,,,,,,,,,,,,,,,,,,,,,,,,,,,,,,,,,,,,,,,,,,,,,,,,,,
2026-06-03T20:29:50.967078Z,"{'#attributes': {'Qualifiers': 0}, '#text': 1000}",dc.danglingtree.htb,VGAuth,Application,2902,0,,,,,,,,,,,,,,,,,,,,,,,vmtoolsd: Username and password successfully validated for 'administrator',,,,,,,,,,,,,,,,,,,,,,,,,,,,,,,,,,,,,,,,,,,,,,,,,,,,,,,,,,,,,,,,,,,,,,,,,,,,,,,,,,,,,,,,,
2026-06-03T20:29:51.070570Z,"{'#attributes': {'Qualifiers': 0}, '#text': 1000}",dc.danglingtree.htb,VGAuth,Application,2903,0,,,,,,,,,,,,,,,,,,,,,,,vmtoolsd: Username and password successfully validated for 'administrator',,,,,,,,,,,,,,,,,,,,,,,,,,,,,,,,,,,,,,,,,,,,,,,,,,,,,,,,,,,,,,,,,,,,,,,,,,,,,,,,,,,,,,,,,
2026-06-03T20:29:51.193432Z,"{'#attributes': {'Qualifiers': 0}, '#text': 1000}",dc.danglingtree.htb,VGAuth,Application,2904,0,,,,,,,,,,,,,,,,,,,,,,,vmtoolsd: Username and password successfully validated for 'administrator',,,,,,,,,,,,,,,,,,,,,,,,,,,,,,,,,,,,,,,,,,,,,,,,,,,,,,,,,,,,,,,,,,,,,,,,,,,,,,,,,,,,,,,,,
2026-06-03T20:29:51.355818Z,"{'#attributes': {'Qualifiers': 0}, '#text': 1000}",dc.danglingtree.htb,VGAuth,Application,2905,0,,,,,,,,,,,,,,,,,,,,,,,vmtoolsd: Username and password successfully validated for 'administrator',,,,,,,,,,,,,,,,,,,,,,,,,,,,,,,,,,,,,,,,,,,,,,,,,,,,,,,,,,,,,,,,,,,,,,,,,,,,,,,,,,,,,,,,,
2026-06-03T20:29:51.403615Z,"{'#attributes': {'Qualifiers': 0}, '#text': 1000}",dc.danglingtree.htb,VGAuth,Application,2906,0,,,,,,,,,,,,,,,,,,,,,,,vmtoolsd: Username and password successfully validated for 'administrator',,,,,,,,,,,,,,,,,,,,,,,,,,,,,,,,,,,,,,,,,,,,,,,,,,,,,,,,,,,,,,,,,,,,,,,,,,,,,,,,,,,,,,,,,
2026-06-03T20:29:51.588549Z,"{'#attributes': {'Qualifiers': 0}, '#text': 1000}",dc.danglingtree.htb,VGAuth,Application,2907,0,,,,,,,,,,,,,,,,,,,,,,,vmtoolsd: Username and password successfully validated for 'administrator',,,,,,,,,,,,,,,,,,,,,,,,,,,,,,,,,,,,,,,,,,,,,,,,,,,,,,,,,,,,,,,,,,,,,,,,,,,,,,,,,,,,,,,,,
2026-06-03T20:30:00.365211Z,"{'#attributes': {'Qualifiers': 16384}, '#text': 16384}",dc.danglingtree.htb,Microsoft-Windows-Security-SPP,Application,2908,4,,,,,,,,,,,,,,,,,,,,,,,,2026-06-04T20:29:00Z,RulesEngine,,,,,,,,,,,,,,,,,,,,,,,,,,,,,,,,,,,,,,,,,,,,,,,,,,,,,,,,,,,,,,,,,,,,,,,,,,,,,,,,,,,,,,,
2026-06-03T20:30:00.381562Z,"{'#attributes': {'Qualifiers': 16384}, '#text': 903}",dc.danglingtree.htb,Microsoft-Windows-Security-SPP,Application,2909,0,,,,,,,,,,,,,,,,,,,,,,,,,,,,,,,,,,,,,,,,,,,,,,,,,,,,,,,,,,,,,,,,,,,,,,,,,,,,,,,,,,,,,,,,,,,,,,,,,,,,,,,,,,,,,,,,
2026-06-03T20:30:54.885556Z,"{'#attributes': {'Qualifiers': 0}, '#text': 0}",dc.danglingtree.htb,edgeupdate,Application,2910,4,,,,,,,,,,,,,,,,,,,,,,,Service stopped,,,,,,,,,,,,,,,,,,,,,,,,,,,,,,,,,,,,,,,,,,,,,,,,,,,,,,,,,,,,,,,,,,,,,,,,,,,,,,,,,,,,,,,,,
2026-06-03T20:30:56.428172Z,"{'#attributes': {'Qualifiers': 16384}, '#text': 900}",dc.danglingtree.htb,Microsoft-Windows-Security-SPP,Application,2911,4,,,,,,,,,,,,,,,,,,,,,,,<explicit>,,,,,,,,,,,,,,,,,,,,,,,,,,,,,,,,,,,,,,,,,,,,,,,,,,,,,,,,,,,,,,,,,,,,,,,,,,,,,,,,,,,,,,,,,
2026-06-03T20:30:57.400758Z,"{'#attributes': {'Qualifiers': 49152}, '#text': 16394}",dc.danglingtree.htb,Microsoft-Windows-Security-SPP,Application,2912,4,,,,,,,,,,,,,,,,,,,,,,,,,,,,,,,,,,,,,,,,,,,,,,,,,,,,,,,,,,,,,,,,,,,,,,,,,,,,,,,,,,,,,,,,,,,,,,,,,,,,,,,,,,,,,,,,
2026-06-03T20:30:57.592492Z,"{'#attributes': {'Qualifiers': 16384}, '#text': 16389}",dc.danglingtree.htb,Microsoft-Windows-Security-SPP,Application,2913,4,,,,,,,,,,,,,,,,,,,,,,,0xC004D30B,,,,,,,,,,,,,,,,,,,,,,,,,,,,,,,,,,,,,,,,,,,,,,,,,,,,,,,,,,,,,,,,,,,,,,,,,,,,,,,,,,,,,,,,,
2026-06-03T20:31:02.162403Z,"{'#attributes': {'Qualifiers': 32768}, '#text': 6005}",dc.danglingtree.htb,Microsoft-Windows-Winlogon,Application,2914,3,,,,,,,,,,00000000,,,,,,,,,,,,,,TrustedInstaller,CreateSession,,,,,,,,,,,,,,,,,,,,,,,,,,,,,,,,,,,,,,,,,,,,,,,,,,,,,,,,,,,,,,,,,,,,,,,,,,,,,,,,,,,,,,,
2026-06-03T20:31:24.970012Z,"{'#attributes': {'Qualifiers': 32768}, '#text': 6006}",dc.danglingtree.htb,Microsoft-Windows-Winlogon,Application,2915,3,,,,,,,,,,00000000,,,,,,,,,,,,,,TrustedInstaller,82,CreateSession,,,,,,,,,,,,,,,,,,,,,,,,,,,,,,,,,,,,,,,,,,,,,,,,,,,,,,,,,,,,,,,,,,,,,,,,,,,,,,,,,,,,,,
