2026-08-11T10:07:38.516664Z,132,dc.danglingtree.htb,Microsoft-Windows-WinRM,Microsoft-Windows-WinRM/Operational,3367,4,,,,,Enumeration,,
2026-08-11T10:07:38.601702Z,145,dc.danglingtree.htb,Microsoft-Windows-WinRM,Microsoft-Windows-WinRM/Operational,3368,4,,,,,Enumeration,,http://schemas.microsoft.com/wbem/wsman/1/windows/shell
2026-08-11T10:07:38.608325Z,132,dc.danglingtree.htb,Microsoft-Windows-WinRM,Microsoft-Windows-WinRM/Operational,3369,4,,,,,Enumeration,,
2026-08-11T10:27:42.510384Z,145,dc.danglingtree.htb,Microsoft-Windows-WinRM,Microsoft-Windows-WinRM/Operational,3370,4,,,,,Enumeration,,http://schemas.microsoft.com/wbem/wsman/1/config/listener
2026-08-11T10:27:42.561330Z,132,dc.danglingtree.htb,Microsoft-Windows-WinRM,Microsoft-Windows-WinRM/Operational,3371,4,,,,,Enumeration,,
2026-08-11T10:27:42.640865Z,145,dc.danglingtree.htb,Microsoft-Windows-WinRM,Microsoft-Windows-WinRM/Operational,3372,4,,,,,Enumeration,,http://schemas.microsoft.com/wbem/wsman/1/windows/shell
2026-08-11T10:27:42.649269Z,132,dc.danglingtree.htb,Microsoft-Windows-WinRM,Microsoft-Windows-WinRM/Operational,3373,4,,,,,Enumeration,,
2026-08-11T10:47:47.612417Z,145,dc.danglingtree.htb,Microsoft-Windows-WinRM,Microsoft-Windows-WinRM/Operational,3374,4,,,,,Enumeration,,http://schemas.microsoft.com/wbem/wsman/1/config/listener
2026-08-11T10:47:47.679936Z,132,dc.danglingtree.htb,Microsoft-Windows-WinRM,Microsoft-Windows-WinRM/Operational,3375,4,,,,,Enumeration,,
2026-08-11T10:47:47.761267Z,145,dc.danglingtree.htb,Microsoft-Windows-WinRM,Microsoft-Windows-WinRM/Operational,3376,4,,,,,Enumeration,,http://schemas.microsoft.com/wbem/wsman/1/windows/shell
2026-08-11T10:47:47.768735Z,132,dc.danglingtree.htb,Microsoft-Windows-WinRM,Microsoft-Windows-WinRM/Operational,3377,4,,,,,Enumeration,,
2026-08-11T11:07:53.547449Z,145,dc.danglingtree.htb,Microsoft-Windows-WinRM,Microsoft-Windows-WinRM/Operational,3378,4,,,,,Enumeration,,http://schemas.microsoft.com/wbem/wsman/1/config/listener
2026-08-11T11:07:53.583477Z,132,dc.danglingtree.htb,Microsoft-Windows-WinRM,Microsoft-Windows-WinRM/Operational,3379,4,,,,,Enumeration,,
2026-08-11T11:07:53.653033Z,145,dc.danglingtree.htb,Microsoft-Windows-WinRM,Microsoft-Windows-WinRM/Operational,3380,4,,,,,Enumeration,,http://schemas.microsoft.com/wbem/wsman/1/windows/shell
2026-08-11T11:07:53.658921Z,132,dc.danglingtree.htb,Microsoft-Windows-WinRM,Microsoft-Windows-WinRM/Operational,3381,4,,,,,Enumeration,,
2026-08-11T11:27:58.813298Z,145,dc.danglingtree.htb,Microsoft-Windows-WinRM,Microsoft-Windows-WinRM/Operational,3382,4,,,,,Enumeration,,http://schemas.microsoft.com/wbem/wsman/1/config/listener
2026-08-11T11:27:58.860102Z,132,dc.danglingtree.htb,Microsoft-Windows-WinRM,Microsoft-Windows-WinRM/Operational,3383,4,,,,,Enumeration,,
2026-08-11T11:27:58.930988Z,145,dc.danglingtree.htb,Microsoft-Windows-WinRM,Microsoft-Windows-WinRM/Operational,3384,4,,,,,Enumeration,,http://schemas.microsoft.com/wbem/wsman/1/windows/shell
2026-08-11T11:27:58.937915Z,132,dc.danglingtree.htb,Microsoft-Windows-WinRM,Microsoft-Windows-WinRM/Operational,3385,4,,,,,Enumeration,,
2026-08-11T11:48:04.344449Z,145,dc.danglingtree.htb,Microsoft-Windows-WinRM,Microsoft-Windows-WinRM/Operational,3386,4,,,,,Enumeration,,http://schemas.microsoft.com/wbem/wsman/1/config/listener
2026-08-11T11:48:04.394056Z,132,dc.danglingtree.htb,Microsoft-Windows-WinRM,Microsoft-Windows-WinRM/Operational,3387,4,,,,,Enumeration,,
2026-08-11T11:48:04.493427Z,145,dc.danglingtree.htb,Microsoft-Windows-WinRM,Microsoft-Windows-WinRM/Operational,3388,4,,,,,Enumeration,,http://schemas.microsoft.com/wbem/wsman/1/windows/shell
2026-08-11T11:48:04.503003Z,132,dc.danglingtree.htb,Microsoft-Windows-WinRM,Microsoft-Windows-WinRM/Operational,3389,4,,,,,Enumeration,,
2026-08-11T12:08:09.872308Z,145,dc.danglingtree.htb,Microsoft-Windows-WinRM,Microsoft-Windows-WinRM/Operational,3390,4,,,,,Enumeration,,http://schemas.microsoft.com/wbem/wsman/1/config/listener
2026-08-11T12:08:09.910661Z,132,dc.danglingtree.htb,Microsoft-Windows-WinRM,Microsoft-Windows-WinRM/Operational,3391,4,,,,,Enumeration,,
2026-08-11T12:08:09.982948Z,145,dc.danglingtree.htb,Microsoft-Windows-WinRM,Microsoft-Windows-WinRM/Operational,3392,4,,,,,Enumeration,,http://schemas.microsoft.com/wbem/wsman/1/windows/shell
2026-08-11T12:08:09.990662Z,132,dc.danglingtree.htb,Microsoft-Windows-WinRM,Microsoft-Windows-WinRM/Operational,3393,4,,,,,Enumeration,,
2026-08-11T12:28:15.369192Z,145,dc.danglingtree.htb,Microsoft-Windows-WinRM,Microsoft-Windows-WinRM/Operational,3394,4,,,,,Enumeration,,http://schemas.microsoft.com/wbem/wsman/1/config/listener
2026-08-11T12:28:15.420255Z,132,dc.danglingtree.htb,Microsoft-Windows-WinRM,Microsoft-Windows-WinRM/Operational,3395,4,,,,,Enumeration,,
2026-08-11T12:28:15.483889Z,145,dc.danglingtree.htb,Microsoft-Windows-WinRM,Microsoft-Windows-WinRM/Operational,3396,4,,,,,Enumeration,,http://schemas.microsoft.com/wbem/wsman/1/windows/shell
2026-08-11T12:28:15.490632Z,132,dc.danglingtree.htb,Microsoft-Windows-WinRM,Microsoft-Windows-WinRM/Operational,3397,4,,,,,Enumeration,,
2026-08-11T12:48:20.722007Z,145,dc.danglingtree.htb,Microsoft-Windows-WinRM,Microsoft-Windows-WinRM/Operational,3398,4,,,,,Enumeration,,http://schemas.microsoft.com/wbem/wsman/1/config/listener
2026-08-11T12:48:20.776289Z,132,dc.danglingtree.htb,Microsoft-Windows-WinRM,Microsoft-Windows-WinRM/Operational,3399,4,,,,,Enumeration,,
2026-08-11T12:48:20.854002Z,145,dc.danglingtree.htb,Microsoft-Windows-WinRM,Microsoft-Windows-WinRM/Operational,3400,4,,,,,Enumeration,,http://schemas.microsoft.com/wbem/wsman/1/windows/shell
2026-08-11T12:48:20.862472Z,132,dc.danglingtree.htb,Microsoft-Windows-WinRM,Microsoft-Windows-WinRM/Operational,3401,4,,,,,Enumeration,,
2026-08-11T13:08:26.249030Z,145,dc.danglingtree.htb,Microsoft-Windows-WinRM,Microsoft-Windows-WinRM/Operational,3402,4,,,,,Enumeration,,http://schemas.microsoft.com/wbem/wsman/1/config/listener
2026-08-11T13:08:26.292130Z,132,dc.danglingtree.htb,Microsoft-Windows-WinRM,Microsoft-Windows-WinRM/Operational,3403,4,,,,,Enumeration,,
2026-08-11T13:08:26.359204Z,145,dc.danglingtree.htb,Microsoft-Windows-WinRM,Microsoft-Windows-WinRM/Operational,3404,4,,,,,Enumeration,,http://schemas.microsoft.com/wbem/wsman/1/windows/shell
2026-08-11T13:08:26.366815Z,132,dc.danglingtree.htb,Microsoft-Windows-WinRM,Microsoft-Windows-WinRM/Operational,3405,4,,,,,Enumeration,,
2026-08-11T13:28:31.305607Z,145,dc.danglingtree.htb,Microsoft-Windows-WinRM,Microsoft-Windows-WinRM/Operational,3406,4,,,,,Enumeration,,http://schemas.microsoft.com/wbem/wsman/1/config/listener
2026-08-11T13:28:31.367021Z,132,dc.danglingtree.htb,Microsoft-Windows-WinRM,Microsoft-Windows-WinRM/Operational,3407,4,,,,,Enumeration,,
2026-08-11T13:28:31.438319Z,145,dc.danglingtree.htb,Microsoft-Windows-WinRM,Microsoft-Windows-WinRM/Operational,3408,4,,,,,Enumeration,,http://schemas.microsoft.com/wbem/wsman/1/windows/shell
2026-08-11T13:28:31.445549Z,132,dc.danglingtree.htb,Microsoft-Windows-WinRM,Microsoft-Windows-WinRM/Operational,3409,4,,,,,Enumeration,,
2026-08-11T13:35:04.954011Z,145,dc.danglingtree.htb,Microsoft-Windows-WinRM,Microsoft-Windows-WinRM/Operational,3410,4,,,,,Enumeration,,http://schemas.microsoft.com/wbem/wsman/1/config/listener
2026-08-11T13:35:05.006681Z,132,dc.danglingtree.htb,Microsoft-Windows-WinRM,Microsoft-Windows-WinRM/Operational,3411,4,,,,,Enumeration,,
2026-08-11T13:35:05.075120Z,145,dc.danglingtree.htb,Microsoft-Windows-WinRM,Microsoft-Windows-WinRM/Operational,3412,4,,,,,Enumeration,,http://schemas.microsoft.com/wbem/wsman/1/windows/shell
2026-08-11T13:35:05.082755Z,132,dc.danglingtree.htb,Microsoft-Windows-WinRM,Microsoft-Windows-WinRM/Operational,3413,4,,,,,Enumeration,,
2026-08-11T13:35:05.141395Z,145,dc.danglingtree.htb,Microsoft-Windows-WinRM,Microsoft-Windows-WinRM/Operational,3414,4,,,,,Enumeration,,http://schemas.microsoft.com/wbem/wsman/1/windows/shell
2026-08-11T13:35:05.149447Z,132,dc.danglingtree.htb,Microsoft-Windows-WinRM,Microsoft-Windows-WinRM/Operational,3415,4,,,,,Enumeration,,
2026-08-11T13:48:36.658706Z,145,dc.danglingtree.htb,Microsoft-Windows-WinRM,Microsoft-Windows-WinRM/Operational,3416,4,,,,,Enumeration,,http://schemas.microsoft.com/wbem/wsman/1/config/listener
2026-08-11T13:48:36.724729Z,132,dc.danglingtree.htb,Microsoft-Windows-WinRM,Microsoft-Windows-WinRM/Operational,3417,4,,,,,Enumeration,,
2026-08-11T13:48:36.813190Z,145,dc.danglingtree.htb,Microsoft-Windows-WinRM,Microsoft-Windows-WinRM/Operational,3418,4,,,,,Enumeration,,http://schemas.microsoft.com/wbem/wsman/1/windows/shell
2026-08-11T13:48:36.819850Z,132,dc.danglingtree.htb,Microsoft-Windows-WinRM,Microsoft-Windows-WinRM/Operational,3419,4,,,,,Enumeration,,
2026-08-11T14:08:41.598558Z,145,dc.danglingtree.htb,Microsoft-Windows-WinRM,Microsoft-Windows-WinRM/Operational,3420,4,,,,,Enumeration,,http://schemas.microsoft.com/wbem/wsman/1/config/listener
2026-08-11T14:08:41.644610Z,132,dc.danglingtree.htb,Microsoft-Windows-WinRM,Microsoft-Windows-WinRM/Operational,3421,4,,,,,Enumeration,,
2026-08-11T14:08:41.710181Z,145,dc.danglingtree.htb,Microsoft-Windows-WinRM,Microsoft-Windows-WinRM/Operational,3422,4,,,,,Enumeration,,http://schemas.microsoft.com/wbem/wsman/1/windows/shell
2026-08-11T14:08:41.717142Z,132,dc.danglingtree.htb,Microsoft-Windows-WinRM,Microsoft-Windows-WinRM/Operational,3423,4,,,,,Enumeration,,
