2026-04-05T19:04:08.927822Z,"{'#attributes': {'Qualifiers': 16384}, '#text': 1003}",dc.danglingtree.htb,Microsoft-Windows-Security-SPP,Application,1935,4,,,,,,,,,,,,,,,,,,,,,,,,55c92734-d682-4d71-983e-d6ec3f16059f,"
1: 753c53a2-4274-4339-8c2e-f66c0b9646c5, 1, 0 [(0 [0xC004E003, 0, 0], [( 2 0xC004F00F 0 0 msft:rm/algorithm/hwid/4.0 0x00000000 0)( 1 0x00000000)(?)( 2 0xC004F00F 0 0 msft:rm/algorithm/hwid/4.0 0x00000000 0)(?)(?)( 10 0x00000000 msft:rm/algorithm/flags/1.0)(?)])(1 )(2 )(3 [0x00000000, 0, 0], [( 6 0xC004F009 10 0)( 1 0x00000000)( 6 0xC004F009 10 0)(?)(?)(?)( 10 0x00000000 msft:rm/algorithm/flags/1.0)( 11 0x00000000 0xC004F00F)])]

",,,,,,,,,,,,,,,,,,,,,,,,,,,,,,,,,,,,,,,,,,,,,,,,,,,,,,,,,,,,,,,,,,,,,,,,,,,,,,,,,,,,,,,
2026-04-05T19:04:08.953375Z,"{'#attributes': {'Qualifiers': 0}, '#text': 258}",dc.danglingtree.htb,VMUpgradeHelper,Application,1936,4,,,,,,,,,,,,,,,,,,,,,,,,,,,,,,,,,,,,,,,,,,,,,,,,,,,,,,,,,,,,,,,,,,,,,,,,,,,,,,,,,,,,,,,,,,,,,,,,,,,,,,,,,,,,,,,,
2026-04-05T19:04:09.002005Z,"{'#attributes': {'Qualifiers': 16384}, '#text': 902}",dc.danglingtree.htb,Microsoft-Windows-Security-SPP,Application,1937,0,,,,,,,,,,,,,,,,,,,,,,,10.0.26100.32230,,,,,,,,,,,,,,,,,,,,,,,,,,,,,,,,,,,,,,,,,,,,,,,,,,,,,,,,,,,,,,,,,,,,,,,,,,,,,,,,,,,,,,,,,
2026-04-05T19:04:09.040473Z,"{'#attributes': {'Qualifiers': 0}, '#text': 100}",dc.danglingtree.htb,WLMS,Application,1938,4,,,,,,,,,,,,,,,,,,,,,,,,,,,,,,,,,,,,,,,,,,,,,,,,,,,,,,,,,,,,,,,,,,,,,,,,,,,,,,,,,,,,,,,,,,,,,,,,,,,,,,,,,,,,,,,,
2026-04-05T19:04:09.146563Z,"{'#attributes': {'Qualifiers': 0}, '#text': 271}",dc.danglingtree.htb,VMUpgradeHelper,Application,1939,4,,,,,,,,,,,,,,,,,,,,,,,,,,,,,,,,,,,,,,,,,,,,,,,,,,,,,,,,,,,,,,,,,,,,,,,,,,,,,,,,,,,,,,,,,,,,,,,,,,,,,,,,,,,,,,,,
2026-04-05T19:04:08.282567Z,5615,dc.danglingtree.htb,Microsoft-Windows-WMI,Application,1940,4,,,,,,,,,,,,,,,,,,,,,,,,,,,,,,,,,,,,,,,,,,,,,,,,,,,,,,,,,,,,,,,,,,,,,,,,,,,,,,,,,,,,,,,,,,,,,,,,,,,,,,,,,,,,,,,,
2026-04-05T19:04:08.705064Z,5617,dc.danglingtree.htb,Microsoft-Windows-WMI,Application,1941,4,,,,,,,,,,,,,,,,,,,,,,,,,,,,,,,,,,,,,,,,,,,,,,,,,,,,,,,,,,,,,,,,,,,,,,,,,,,,,,,,,,,,,,,,,,,,,,,,,,,,,,,,,,,,,,,,
2026-04-05T19:04:09.192682Z,"{'#attributes': {'Qualifiers': 16384}, '#text': 4202}",dc.danglingtree.htb,Microsoft-Windows-MSDTC 2,Application,1942,4,,,,,,,,,,,,,,,,,,,,,,,,,,,,,,,,,,,,,,,,,,,,,,,,,,,,,,,,,,,,,,,,,,,,,,,,,,,,,,,,,,,,,,,,,,,,,,,,,,,,,0,0,0,1,0,0,0,0,0,1,Mutual Authentication Required,NT AUTHORITY\NetworkService
2026-04-05T19:04:09.201019Z,"{'#attributes': {'Qualifiers': 16384}, '#text': 16388}",dc.danglingtree.htb,Microsoft-Windows-Security-SPP,Application,1943,4,,,,,,,,,,,,,,,,,,,,,,,,2026-04-05T19:04:09Z,2026-04-05T19:04:09Z,,,,,,,,,,,,,,,,,,,,,,,,,,,,,,,,,,,,,,,,,,,,,,,,,,,,,,,,,,,,,,,,,,,,,,,,,,,,,,,,,,,,,,,
2026-04-05T19:04:09.349351Z,"{'#attributes': {'Qualifiers': 16384}, '#text': 8230}",dc.danglingtree.htb,Microsoft-Windows-Security-SPP,Application,1944,4,,,,,,,,,,,,,,,,,,,,,,,Security-SPP-Action-StateData (REG_SZ) =AppId=55c92734-d682-4d71-983e-d6ec3f16059f;LastConsumptionReason=0xc004f00f;LastNotificationId=ReActivateRequired;LicenseState=SL_LICENSING_STATUS_NOTIFICATION;PartialProductKey=7H9YG;ProductKeyType=Retail:TB:Eval;SkuId=753c53a2-4274-4339-8c2e-f66c0b9646c5;ruleId=3482d82e-ca2c-4e1f-8864-da0267b484b2;uxDifferentiator=TIMEBASED_EVAL,,,,,,,,,,,,,,,,,,,,,,,,,,,,,,,,,,,,,,,,,,,,,,,,,,,,,,,,,,,,,,,,,,,,,,,,,,,,,,,,,,,,,,,,,
2026-04-05T19:04:09.764422Z,"{'#attributes': {'Qualifiers': 0}, '#text': 0}",dc.danglingtree.htb,WindowsAdminCenterAccountManagement,Application,1945,4,,,,,,,,,,,,,,,,,,,,,,,Service started successfully.,,,,,,,,,,,,,,,,,,,,,,,,,,,,,,,,,,,,,,,,,,,,,,,,,,,,,,,,,,,,,,,,,,,,,,,,,,,,,,,,,,,,,,,,,
2026-04-05T19:04:21.823083Z,"{'#attributes': {'Qualifiers': 49152}, '#text': 8200}",dc.danglingtree.htb,Microsoft-Windows-Security-SPP,Application,1946,2,,,,,,,,,,,,,,,,,,,,,,,,hr=0x80072EE7,"00010001(0x00000000, 12:04:09:748 - https://activation-v2.sls.microsoft.com/SLActivateProduct/SLActivateProduct.asmx?configextension=Retail)
00020001(0x00000000, 12:04:09:750)
00030001(0x00000000, 12:04:09:751 - https://activation-v2.sls.microsoft.com)
00030002(0x00000000, 12:04:09:751 - 0)
00040001(0x00000000, 12:04:09:751 - https://activation-v2.sls.microsoft.com)
00040002(0x00000000, 12:04:09:753 - 1, <NULL>, <NULL>, <NULL>)
00050002(0x80072F94, 12:04:09:755 - 0, 1)
00040006(0x00000001, 12:04:09:755 - 0, https://activation-v2.sls.microsoft.com, <N/A>, <N/A>)
00020005(0x00000000, 12:04:09:755 - 0)
00020008(0x80072EE7, 12:04:21:815 - SOAPAction: ""http://microsoft.com/SL/ProductActivationService/IssueToken""
Content-Type: text/xml; charset=utf-8
, <soap:Envelope xmlns:soap=""http://schemas.xmlsoap.org/soap/envelope/"" xmlns:xsi=""http://www.w3.org/2001/XMLSchema-instance"" xmlns:xsd=""http://www.w3.org/2001/XMLSchema"" xmlns:soapenc=""http://schemas.xmlsoap.org/soap/encoding/""><soap:Body><RequestSecurityToken xmlns=""http://schemas.xmlsoap.org/ws/2004/04/security/trust""><TokenType>ProductActivation</TokenType><RequestType>http://schemas.xmlsoap.org/ws/2004/04/security/trust/Issue</RequestType><UseKey><Values xmlns:q1=""http://schemas.xmlsoap.org/ws/2004/04/security/trust"" soapenc:arrayType=""q1:TokenEntry[1]""><TokenEntry><Name>PublishLicense</Name><Value>BkJ+uPLe6xulW1XBqv2U+FplmRhOiG3O8+AW2cVnLgJoRoxIwhXDXx9UXITZ4mKLAaxytabby8v3rB+Rl+sIZFK2sl2ap16Hl5ICxuf97UL8OJuzynKMJ/vI+adqi9I21NWBi+0peIrLCuivZJSdg7G8gdoKVwgic0/DVY1Qep23Q6TORQHL10XXhm8bcV/ZMa8nEAScmd6TG6OA7c94IkmTX7VTTtPdp3+54hKX1s2k0xXTRmjeUnYR7oUh21k8h/5n54JmdoINY7TEOMnrHnf+o2plk2FmBZwT0f60ZBJFf/Xn1Ci8opSeADDUyQ0SOGLlM1kZhUMPx+gzQL+YcBhJDqPBqx5vvZ4x8RDGaw9tijSNQc/cUvuoWDigsk5srCdxgypU+hDKPlYOkLYbjnKn4ytJaE4qEcNhuoGZfhzdQ4FU/1VrYnmTukiAILaWOtAI4oT0ivELD2DGd5AXUTFrLG36xaqlGedfUA4waYhRVzY0xGdwHbKTt0RKj3E62CUmFDH+ZqHZiRBszMjSX1OEPXljIcaf2JdBuUKufEGbQ0i/HSNLCIWyeF9PxZgZJHb9lrPPM23XDLSFv95H6m4PwjZtvu64Zac0ac/9EECTsQ6gej2FJepOfCxeFPcW9ZmdgPV2NznuS7oWp6bVSrLKCvOR124cuKWKUVQOsgM0zPlxWDFiWd98h0WKFtabfg4UeT9W9QgE88cl6BvpjJYDVAidwGdNqWR+NKgiPM9GV0qud4XLmd1NQOdbBxGM7gutl4mQRUbUOBZYidKhoSpj/7ut8Owj8A++v3uVvWYLubK3pY1p3S2Yhb9ggtUrEVrC8vBWJKXXSDRthwBHr0g5bgv8l1SHhuYHLTmzOzMGuQS7U6doASjAG+jtPWK4HhUqDvAPHiHcXs16tkgv3Kg/VDdogPi41jAfkvQFw3E4QP0yiKxr6y3t7pqcT8TPuu++48LkUS0iGfdSsO2fMbdRxw+TrUAUSgA83wDDp3wNd1ESXVDgW/IH7oOqy6VDzG/uKAb99kfrkQ7W4ANSVN3GeXXkrKDCWvB7V3A4sqPO91amZO2R0+cVfoc3KWQnHdRQy8tU80+W3w3Ij6HbS9oS2pDLTKY0hl+dl+xfn0lxlsVJRl0EHF3kFDgIodU4gCT34vTzKS6LXctk3zuYiEgvVH0xaIRk9CN92IIS9YtBrgUddzlZ5IHV4VY54jg8qaepRmAW7VU+8lsjvdvyaNcturvWxk9srN7erBwZdv6TDCEXMXVt4uHGG42gHL3WU4v2GGiDpdOqO14GXsCYBwGxZGedlyX/WGFccFrMCPCuJlYbHo1dTO1eopX/VuKGa2pT71ZUQNM2y410OEJo3Zx6U5rDpenWjF/iZu+D6zCVsbgZpTShH5AWOAUXpLuvhqB2HeOSdIPOVcVVsZoYcrjSNPiwh9t2yko7PxtBUZW698rgS61m+7Irr2okjDYSifMndcDsyWAKIlHMyTdAVuzbCMVS3yTyN1VX/cd3d1AnmIdJwnVQKJ5d1hTOSdUnQhzYTTAg4IgmXCjbZdXGKaO6OCW1Xjc6kMcdnGANvTI/OV16cJIhbvwEu+uydran7ZGX3H/Yjila+Bif+r3dFVEdgCqXGvmMAiOtVnstAMP+WJIEsgBhV93bhffq2XNQJkiGA9yRXpIotkxMSt1MRCvwnpq0yVMph+MJmPyU/grqziTuTKoRMv2wmAn8wR+NMxl+nZhG4Z24s2dHlr4mwGxifb00DRxerDef7RvvdS5rr5aIu332j71PXEfbHxMSSZQOOxdrpbJ8nLTKFzDJ38Mg++KkV5rW9DWDiFzLptSUJjZ6t05Q1CQ9qHlJCgxxQ8S0XUv6AEETRUnRZXjGhiNRvP+o7dFQnUydqlXT53Hk6o4Bc0C/0M57QaK0zsNjC8t88N9Srx6Zih9oDHZRDJOD6lLixyzhC6Mn6kriiJ8P7aLuh+IrsQvh1afKAi93+R47GN4cfYn74mOxhDchVc9FmCQAHpaywhpsuaAFatpGmOc7/OXNVeA9LegrFTPCdZeYD24X/XFyvhi0xr+1y9M4u6/e7yXzagQBkAKbrb23cZE0p2wo2JCJpX5ZoT3INjPqVHLWAzdRurlTt4aNWAuurAq2A+CjiRS9lFLX2xtxlGa9GtE4eH7PhNxHc/dM0qO2e6tgY0ZGiY5Sw4KAoOi1r6ckAHvoE/JIZjBNGTOPNTQGW+6ZnoYoDPkGdb7e993KslFZIQZ2b/fX8k8E81V3+ceuSf8aKGeha/EXBhaFQ582Od1a/ZO2Zzrg9Lh8gy5cSz2CJ6Z0qY3BavDJsd31+jWF2Vk2NUFAGDxrfVScbGQnCJu2LKd79V2EQceh8p6vyoVIATEBlnHlmgqBVYv9d1YWxeUDBeXmczkD+fLDkdnQmAr3SsukwsYRBnEfGRUWzZXSIZSW3fabJdeoIbBj4OFo4P41AgZ706H5OK6m5SGibiDY+KwyoxtAHtpXW5D+3geN6OaBkAe6hzWOCbfHOcqOFrY25rMnLr5Buo8/OW9eddIwZYS9cCPuZsEURD8VWwBBt8RzkzE+vVpciT0KkPqDfCGjeQ9qDy05U9YxYbe6ErLe1oEcTfcxeLwIANszrfvZdFGKaYW/tdYiOdw6yp3hXPeV0n4IJqQo+9HTxuSos0K1UASqtmkftHOE6c8bKHMJdBS7z2UowkZDx/PJKzkAsW1lgg97JojFKPTgS6PBFIhih3c2iHz85R2gNjwjEhCK/65IKYXzXgyUqKuHdXMqsoV4iUW6Obs+6scpfv6uH+WKdPa3bVUCbVMvq+wfM9D6HiEL83pypeuPRcltHLYzkR1TsOjmdbl0QQJtQF/yvu6KbQZBju5z8jvt8vT73vVa37TC/fa9CnIpVsVVELLHiQqQ78/MPWBmSaUQgD6T+9yjF4dr9zmnex5Ylha+KFy6GMx0bNdesl6SOi8VZMaorhjGQcduHTkpGGqhbm/Wp9CvqsXbJKcdBOjFuHRuLJsJEQIv1UQE6H6ZJdbK739EV42dJXReKXJJPItq0uC4EIqNe9MRirGOnE526mIiLX2b5S3XtewiJZlgV2k9tXsaHRD9YnIrYYGBN+3jRdhxj5tmFt8ySrxCQGxZHq/A/WKPx8VpHarHnlheP7kxNG5JP6Eod2mxlzs+bv8Da3q/tRdDKd8ZZHyPhA6taeDLK3asYxUBWHmawxV7sAfzfFTSKlYd264aKL4U8R3LNXJtJ65A1plFGi8BC5YJ9FB1m+ihYvTo5x8vJ8qYZML/eADEs5lTllfQtD1i6QoKXD4vuFqY7CXAHzZ0el1kEBV6b/6PItEL+FytlFrPgbkLQUnOTnmGPB+HWfNv9D6auzmW6LsZ84JOcB0YgwxMPV8s1ADnmeLVqf/CHnhHdlsLR9TC55LRZCJzndl5BoH2fB/hH+79zaDXkFGWqEFkHjF4k6rJYLSQ/PI9anZ964+uPtBggJeqxLdJPW0G5IZzBQ5PnERS+hG5EY2E5GLL0Ylv9sSMYKJ3vJFwAgdcmCkkJh5D4mPKD/wXh20jbZHQ0OpRRT02vImUFBZDOduklpbQ+LMOcpcPt2ZtDiiU20bmavsoHZkgPS06+/pZ/F6TUbfceAOZXm01gLYSvpihI4+xuXnYq36VKI4uKdkcParw/z5KsOruYbZrDb8c4SlqZ5ORUph4rHsDfgwgYPsSQPZ2Dp6t9B+QOcYSgmwSZ8GkoDTEMnaMbv4I5W/F/nDWvLJwPYm2x4TjUJiw6rLISovjJo29ojVDkkx+AW3M7GeOj1EsWHKGJkWwX5EGV7tkRUojzL46xt/ze3IJ1LDP81HDzi6IWqUZr7BcEPxSBa55fpCY+X2lfU8/U3cJrBM86s01VyuNNK4HqglCubbj2RB8Os8WvhLyswPUUokYUIbs7nXjyDp0Rig3B7DwqTZnCxTJDh7B7IgMxNeCUA3hwQ7nRCmmGGfGQYexLZhetS/tXw82MhgC6x+y5Qhgd14eqyutAg1KZsDuHwXpSRO20LbrjFlCKNWRCEyrBG8bscgt3DKtoeyDBbSDv8onkJuCPY1WQAF13qoIwM/AftV1l5jsjnM/2Q3YyQNJVITq5Z0altXzE5iOBhfMVqbLyZaXFQe9WO9K4Bc3NVpCrR3T0ga0GzzCbO8Fs4I/fHWJN86MlI4XVwIDK3d2h+1lp8tJPBGDQsgACovVaOGhA8SWpQXMchskX50z0jZf30wXTzaXTnBAVjccRv0QTeeYkgOk4rRqLTEa5ibRE5u5NLZgl2opMOKusuvWjIl9wRrQuOuafm8GvKxiucphZ3tmilXLy8l+l2hg73vXwJTiw7bIAqUWgrvHB/Hi/BXpQJvw/rKNLo/sZqsQ55AoDlsKT9kb5nvwFP879SDodXI12ZeEh7PlH5HXB5QOSIFW+ik0kiu+A4yXmq+FuUgpkxsi7UdJfEG+r/SEgewtEr26pCf4Wd3Fck6YGaWWLpXKx5Jnq+KQnAA+h9w/201IrLgA5eCUtyw3I8yerbbV+i39i3ndorHnA4opNrdscIxb5vdKrpLt0IAmGfgMd14Yhc+wIU9A+S9BzE6t7tZmkMOTOLXLXYB8vCFHw9EN2KDKgA/5Ald51SgAUsW7O91MSTpd9BMxKqnBgZGYXLWivmcdd1dBwRc27jx9OPtjMlhM61rDHHyM+a3AhX8fqemEVvRB3mXI5Up5Hzj58Xw67/EcxlNp4tJmE8f2r7Tw7eCsH2H5fpvY7UgFSsiP+Rr23Ws+AsLTC3KfRM6rDwssPKNofoD3a4FsF0MRtlX5VicmrNeQrQI65Vvqn1jZLEfUWs283T4FnPC6uDzEmqOrIgwC2JyyVTwn9o9vroX2h2gtVoTvFA3DMeILhTtZSEJB8beiK2HdafS5slymXYfzj0znzjhObtAAOgaoJzDpBS6fUlW6O+pDoDko842b8ZUZKY7D1Lj8cO6IUfLH7WSLAUptGF/786VjISDSKIntNziesT/Bo7Ikg5kNjOxb13heXag/9JimqC4Tr4KZdlonAFSHIEslhh6VgeZ51LQpHkG01NJFchX3pIeQwMkKqON9MPA9rcq4hfLwKGWMqNyjEYhmeKRtwFG8Buyo7d54dt6tf8NeKLnjQKA8EyL7dEAb9Tf8AWsP8/XUQgGUaI/wS7HY8ocpSp4Nq2Nq1Ah5j7krnvYTbs1val+wITz7cMhDKhYmOxrvPRHfZiAp9H509hzsqiIU2B6tRKZbS/QRYABAcoaVjtK4kFVGiRPhctos07zW+VDzkRHAhLAHydiXZxljJ8Eqggat+gD+L/g06B/j+utBvoADWOcxNC5MEoqLum8/18VYEDGbag12HPD/sxvbmThbQLbOhduv5ASpbg8FervUqcOOuHUHaZqk1wbsdrs7n7vyGKuN3HQ/mgnKAvBs5Np8fazuvoXzmzoTlPtVJ0fDFd47gVyMvUQ47zz2jjMuw3ww0FLup0lYH2BppVHoZ1VCUE3mKN9fx8J0jdnIasw0S40msbuQdPDmAiYAz6Ld7cfRlf1SfoOtCehkjKFcJicTV9/AG6LOr4rpp1ze69znMSjHVQlmYfM/2zJ2mheMXXLkt5CeKZCk0cg2/dVo0Hwkwf0zZnZ6N8CV17cIL3CkbOnr1Ve1H8yhX2qkInzAoHX9+uiHpaZ+43DuTQau9XuIRXG21Z2qx9gNDIsI5hvmmsVne3o7bup59Av7lBxnNt5+DTJJ3dV3AW5pM5RzPn6ZGukRxiaLNhienJoreqIoV2EM8GOvxNCVnWXb4ALLjTCvXQ78MRe+u/K7hwRngOdpf5CD+VVQS1o2+VySy7euyKYsoR2nl57eRHP0PHqQPyW8N20lv8V1nPog6b2dAVakI08smxGw3aCQgjxlN/Iq+xp6FMedAUDs2dCK0y9Hwl/0m/ZUR8DU1aOd1Heg9pAZJ81ZVHpHfOZok1v/Bbs6XP2NzNo/xw70a5xWxxMsfm/qcsshsaFXmOUM+c+ntNJbUPl+Vl7L4YIoJoti31OPlzzy3jxP8zHj4dwG+K5N6EyqvPtkqmMx+P48biXwxfPsSHD8vRhuUpNKAQ47McOWD9fbzmz6YZ7vtSkWFBE6YqL4XcCVNiXLTQx3oXO32NpFNyavbt9DvGfFMaRrX/i3qyUiy5PE/lJjkROKK7vgXHvz+G/sxpf1voF6Xi1RacGWdTelcvQRavdNk6OSQqH17Uc/q6xWGVHRUYPLpk/FQ7Puyu0/MsOsdegMxoaPQsiivlG/mwLw1zHy8mwOojNLkWwB0LtaqgT5ll+EYAFML7/HaKj4oOef3kwoNtc/R+JiJ8Ojv3k7syefL7ouCH/dGkvfhr2lTXvURG/2CWJGVUvwgRoUkE4RheAkhA+I0D4IIlJBlBr28A9feMa3al+ncNfV6km0kbyruy0tz65jHdxrWn+fY0VnbXQICzo4A8LNo8zp2htPlxqiO/aiWM0rjrd45lLVyeYZP3v8iKvEBbpVrvpmWG/AevJFytbxsbb/6+8fgsRvlXLF9g5UU3tR80ZDPybvanFUffm19OApagEYOoplq8l/N1Mu3RnC5HswyhpCB9PimtgC7X/icEWgrJanzopxvkM3ynjFOUYoFyonKX1dEnKhzMHA2m95wr0krQ5DKrFHlZjVu6NW+WvJBFNrcotyoRpPiLjZwXe4aA5GnE0cq0vZc3eTcKFv8Fj5ebVLNqZv58Frp8H+5XhU1DArnsqsJzstLVaufq53ZXj5SOjNfwKbJgCayQgjw5RvqiSHCLRkJpB1kl2w9f2j2HkC4t6GCPYurIcOjAakE9v3oFZCuFupSSeLsgkrNveY9puPuLM7hFM9g65la1YrsYbdeLLvXLBKMU/wCBIepicchzMC8DDZLi8jB72S3rK590gPLs8U6yZk2vSePgFmTsv4C9OdzSbvLk3YyiIy4r96NuyQPagXYaCfsRVstG1toP1HG8r6CZDEgOPQgjl0mz2HQeyhD+iPSnLLxAAN87eRRb4IUMYxliM4y6WqVTMkPuNELic4LgwsS0JRhHIwPGo+E62HYlJT55Ru+f2MoXQwaYRvKziYoJ0frMblBQtM/bY09P1f3MKn09GZYWu7B4XezFX3TSzEXvSWgnCV2nY3vTvniPdfa9xY4dkzIsBnw9j7s/C61/BG/u+WXZ1l8oM3GzxNDqtedFhsDJktc0K462SdV0k2Skdj54POgo49o77BdSbxXNv7KyVflSdSL9b4HDq2deVWWAEvQMwgGh65Jw9Blc3B1rxdjDHnJlGPJrHdoHsa+jCaYM3nF9EUkSCZDRoIAk1mKCvyM9bYoikv1M71npCwouOzaR5qvlls4JWOdyGSkx3L3DpwjA8KbyWJyOLAO0LEmiMh/+sBJMKGHIb5n6pf7w2k4fxrRVv5N1P/qVjTuC5SVMAwAHNDoeBXg3NPtlIcRcgsbBrsYTSClTUOOrWwYyG2631SKnQGm0mPOMbo2OUPqwkKvM+18zT9ipAhHCuXD9h93OE0mNGeOSz9ifvKsbxPX8PGlzgaur8aCrvfCBeOIUalCQBDQHNy1wq9Sr1xC16WVnZCEwSRuZA3VE/bK8upxV8Kc0nNWeHc3mN6uMdUdKv2voY4qUd/giqCU2Ix/+xBjZds1yYCVEaHwYBDuLd34eAgd70KsLSv3CIHXxqVzHcZgJu+DkByPnMdR9iY9+lq5kEXJZVMZ90nO2fvIxWdezTKwaNcjEuUKrmj+0NAzFh3Rnu4mQa9KSiIPQZ8eotDp6yYqu3K1e2D4IxugBA+0FlUE3Oq5Rtf2xyvOC7IGstgYk82Ias5nIDB6gQWGSvmFUaci08LEDraLPwbB4v0rq/Iq2thZ25BwFZZovDSB8+uDw2uQmyFNjUH0tFHTThnTq6giKDsr4FRbMcxVkQ2+otCKMELRV98O3T6uXhx0Vpd9OJdgGukYOtqT9krWnBKv94vhmCmT9kc+bbhu2+JdOMtm1ql4V2FxRLdaKzWsW09S97rP49zzQw/PX9+LTNOue2bnk3Q+bjlDT8GS9vq2K43GHriY0RgtT0AZ6ABRub9y1coZRWiuwvioWC0rOjSbLckmqT4vZa+avxrA9bk+j4K6rM9+bWDS6xrUYd9vTxFeay8fxnnopQ3i//NWt3N0ATCXW8yOVMNGwPlQL0k9JV/Eon2oMSIcZiF5V01QxMCl4FwnzLlaqoWvuTguiXx/ovTPanugk7A/Po1BnSML6yL1kSSwYmlav3BHyuY3OfPGXJnXbcFPMsljCXiORwp/4OF6eBSMOwjx8+EhLhbNDE8UG8qgAkL6kFs/kz1Xm1HSSf080AWqKTt+S9ewkGYrYpY08EJLEqZEHDbkwTZkEfPvE0DwXmrK4chNQNjO+zqEFHKocOgi1r5SyzGqEzG1ZlK8RGx15iiallfK8tGSOHgj3nunQrE7RZ1mGHg3+iTYwUTXfzRzZhIekxZcNpurRJnGbzEUQoJLwTlLTzVPrCG7MG3C68WHzPnY4lP/H1SoxNoP935fe6BcUyjxbdoTnXSGq7iHDVLI1vkNt90/m2t1OG7LcGgNsaqgp9ghOOG5Ei3bLm1PvCxcVAi8IKBQntO4p6TNanJz5py+Z4uZCwwji2USrGTZxOw6tt8VzoTjVzDbstdiCDxm/Wa0QDfYhDckjN5H8WdxsdoGresE2V5BunQgQRennTxd0QQaIUDDi+H5BSsPzbhFq/ocAmKsXL3xF/dnVn2J+FytN6AvO76Px1bqKF3Oi2Ew3NE/GurnvAOPgDNGn6AJIZh4wjRJcSYxw5xnRNqKdSqrbL3Gi74VMaTM4EOgI0QOYu8PNHjZSu40H1Rs4KOVJw5LjHrCJYtftnB5ivDaUcAgxJs5Vei9iycfDRWU+2wcNJtqy6UItu95GSJF8RC+LjF6DMcT/+7iqitfCfb3HM9bYYuEdd42yUc/AqyqER/nSwYw2yZaqqIetyhRecxfowkYK/RcmHtagX6h2ZBTiimN9EMvfvgbwRBnsruxoGOkhk2ccI9pa47h6AouY1cBLjEjkuY+GgqGJWe+6tGsysgOfQTMi0IUvqBKeQBnRoaJU+uf3qvYFMrI/GBQF3vjPHMpS153IHy/snnN65qT1PVKinskbNWOTZnGx0aC+JrYYgecpsfv1+mJbON4AK07+8wgGUECx8ozOeZuWY15JuRzSkqMUuFUSkG4R2kmNAwnbI0KoqNnD2bLpeDeTgLQxtNFvQVoN0QlXIt435RX+VmJrujjoUgPUpccGtPLopExQ0IGQjd07vF2M45nd4eDsJorWYp12HsdJ8FwGOVbn55IGZEt387FZvYerpJAk6wad4XcCnwoc8UVw76H997Yiv89cqkfVsTbiqzNEbjA31Y24qEIox0OaRu2/Z5PocZINRmEmJlNQ3ZVPrtS7vv/UvBp2YO5a1m++qr7W9P7ltuoNYEO54IqodvEFwbSUghrslHlm0+6vyTimHa47Z5zQdli2HQKQSePlAAMMG21QSIck2GWfjELd2SWFnKUl4Ep1YZPDoQlNfOov2huuH9q8mjNkzKmCju7Jiubr+8y3cISrCAETIllGoiaAiBdaj+VKm66We+N5I20OSB9dbozf6EyyB0JSqpQQT1VqHYaWPpysTRMfNh6NuebEIHkEpi3IQSHDr7zqjzR4Dkxr86gjQdZsO5GWzZw2c9xkIVHu9pHftOLGCgjYAdQ8xMMvMA0YCdybXeEnLeF6Ne1EcWR0qcCurIHpfS9Xjoc+RlllLMU3UBcH3s15XtcVPwG53cZmQ/OdJJwe+3LW57508qP1p83n54dZQnz6NeKrGWaMb7eTgOzK5+AJVPVXjRiienQnJcYA59Y7IsOjcO59JGCpNOEVoqwzByel/0wxE5cADgEU4+OsYDLI24qiuJUGjPNlFqF/KxelvgPRxYd+3ImeSAAK/f7HCz0cnUHS8z8Qz++veP7AVIpyT2n+YMLX1Zo7hrxYeqTWYsXyDT1hz27BeX33+RS3extztOzbXH4BtG/U1HV1PKN41nYRMUlzWNidWjKko0UzOqkbpcsKLDN1EiFYHVZIA47h2WnQB4iexV42Pxwgnebni/YkJ8WGiy7szvmiN5IzT9lzW+40ouAowKEVFXRIX1wZjbLT/llTvffZqyRbes0huhw2woE1AzzFv+X5Q5XblUFFxZC7Q9pKfPnGzbAHuK4UlvCIHiK14m56gJwdA4m8SoAPAJrXLbhoYLzayMmH8pE6pDYhj0rONOsK3f+56JKtJKAuL1Z1PtIUTwbMPJFI1XcHF2Iof5c3Z6gbxyewXMr05dwePYK2ZoNGKBnw3EF4g0zu/5Iv0i3pgHMvyLEVvmNBpmU1zb3c1yREFSME9EOxW4OR7eGWNm7IeSea44Nz7MyrFAoDGGMeq89GXBdeFXWjkKiU2lvza6P8Kbnt4BYCAtzUguXU0TPRl+G20ZVz5qkrCRwk5rgNsGGJ13cHendk5EybLNtNVVcMCnLBIYrNHxS+bnMrbcgOWQVuA6wz9QJPEJGOqRS4xMGbBprb+IQRAsD9TYSnBn6PUHy01as1DQhGGLwiRtgC4b/QwHunA+j2LzoPZ80tv7+T7XgTSHbPVbZOz/vFull0nxrrEkQqkFvjcG2VvwpxBnXeY+3hwwJNwvnsx/OxGQh7UwW3SJLxRZ9z8eCTO9wqD0gSVb1FMMpwwkZyykvAli7mkrkWo+YpkH3kXTzgt+LiDZILX4IeGsGrzYfKBc6/Z2Xrm5hX5HZq/6QyKcQX2diYloKqN9MqWzVspNG4Wo06V0JRy/y/WXuyPup3KrW5wBygqltvUJvqbC9C84qView4mCDWzM1aBBrcWNQgp9ldVx10P4JC99sF8gVMg73mb5OtIcYHIGv5D06CcZs0CThLIucKHfTTn40+SGJWQ+/M5WGN52FrhhnJO859pKMEe67GMTyNXFiOCrhZsCfWfmFbHz7a2OmoWQF5/lr4OEW5JjzHSpJayMyNRwmAhZJ/i45RZDerGtzAtY3jmb99dcSNwv/Aiof1ttOLM041g0OOhs7+oFDTXdWGyNOIXHovaQbmLGFkCqbig7J2KG68chLEVmVSuEVe88yQFurfGuNWz1d1ip/aMt0RfV13pU0loI5lM/1hFnsSeJOpZjlw7+t6n9ZxkQnn8LC91VgzXscI9nM8jBSJ+ecuPaeekCdL8sFsi4xN+OJTGjFWOErLMYj9cpamWwABb+znr31692qxEjqzoqw6cN/iQEdXJo6elv+eSGLDDKBPp5b/KlNCbtEkt5Khxz+DTbetFryy1RaHdb54qMdSnqIqnwmh2kuzt3SNSG04bRaACGmR+YTnhRi4J9w4oEa8roeEOvlJ9H3W3h1ETwrFvm7HIMZ7L8Y4qLujiAqu3DjladgoudsMjeDtTqaAv53kFlWMt6Io1ycDa0OTF+E5/XwxbJ7/0x7fonEkLQ/sX9m/uCPrhuCe2/TEt5EkMJ6ANTApgYg/ucg2Ywy2eXsF5xoI153zmKMSuX61SxtZb6A+1nc7tnnB0JYxDwHysJKWXi6O0U/ZyAfHMgZDoGyJDp3kRRSF2qvV3ZhmD1a4eeTw0mKthLISuiH320827/ay+wMv0I8anMo1d6a3gV0xW2YmP+gUmUTN8ekuWm5cnvgO5VsOTs5WC2uH1uptXyA5/swFf9qr42Kk8znlSQtun2cG+9G2Fm2Y9e/S71S/OI0+SuuOQ34LnXojSsgvq9/4i9zLacg9TkgkV10x71DtD4Ph2s+Zlv0gKHTHxp25BCiibeTliX3YwGf7Ymf2ke33zyLvW9VcfaDVojOrFNo8Dt8BbyuSJqlwkvY/+8d9s001bAuFM405+Vk0fS20PJ56pQpwwXXCUad1ROp/k08OqeiWPoMy6qksBDvflZXA8Tz4BdkSJgPNAiIuyfikK89RLbHEBJS+EmPDPrTm1MOaUnNS0jluaFCEgR8zXBiD6vVvmtqeAMksLdxS84APm1HKu4awhsyTRs7dp3AMm/tS4Gj+nGKFhKU8HMDEvevgbb3BVNnlNFePuUDRtxcEvSjiVTS4wd2IAcc7rlaONrnWTJUa597F5CSvPu+M2tZSLrCDdbhJYrzIHevW5vHuYRsGlp0gl2Of77wj+leD8lmIWwvVUZbv+Xotpp2BcBcjj/QbXVcT9Rp5DQ3v4TnZaXuFc1UjrSlpBG/vo0+a7OACtoBtcaTzv6IFlVkzMIM9qrBkKNyif/r2SxlwMeykzcm1BiONp7VC7iy1toNO8ArwvJxGOFVgyI8vv0vgxTmXARYxFmo0L+9oXqSDjl/EibekDISIYs1Tvx1r+KRdH9QS9BMMMhMASXu10Yh/SxUG4wCsCYZTx5+VMc4RTIAa8dYYFXc2NBsPfa3zhFG6T4K6o67D2Gm0Ur6jUwEGKS70FUrmIxHE+77O27vss8JBjJTYyCROiejIwnZFb96nJtVBQ5k8gveFvXN8UusR7fIT8HSjW5rguM+bVolE49O8Yczd6O6ZBq3ZT2kW2F1Mawf6AbkldAzK1WLgEJMSY+1sGIHW2R7G2grn8N/1p3iXjimZcQWOp6YesO/4DfAxI8oLIJp0TyoycdfzGPBuGnwOMMy58TemVXyIx9cKchKiJkQVyO1aF3+v6JxiSFQ2wF8MDGFlzgIPrLIQiZOJgzTYx2zwNLjNq3mgoOdsgVMqS7yWkXoEWkYwwvkgH6ubvtrf5vn76ll3ifwBahomubhIuAGyAqrSFCmiTOVbNb7TQqT+6s7uFRyAoB3SlKv4xbOsNjKHWI9eFGuqG+hXjUDZe6d9waRMog3x9bfogoj8Tcs9gnZTjXMIreIRE6Qtk1qlcLf4AW3Hq+mZtXXRTKdNEip/MqS7b0mKicl4b8OPh+Q8bEiFIZLJYtBU8tISHvUoj3K8lU5ZFslTF1z4qgdufeGng8/EYgFtqKyc+R0y7OxdECtqA/bUi/xibz8zoQiWtUfWVYmlbpv8d0RQnckTAeSRIcGmzUkbFL4HRMTt3OQ4m/WTYyyxq8Q9vb1SFtbs5El0foeqUlpgIWsQxTgDTH84uZvM3qO43cVg5CsynTyk7SxUXh3HuN7gSA+nTMIVXspsseMAxM/8nBhW+UU7N3DVxJ4arBOq6IMQDJ4u0B6Is8x4/6l70izKKPugs3HQwBZ/G5kZ+L/Fj3+oGzSlScT0u/VKW6TkEWmpfH5a+C+Fg6cV9aft4hArJVRjDySCApud2g5MQ6vEWxjXvGSklxIMwZjb7jkinvgWNj55UPWiJAbzbBgdm3kMA4vmMuk45iJuEk2UzQPwiBzF715ZpVDOuG5mqpVRSnnHAojTF+ju/ZlrgR4BOc3smvEx3kF4kEqkV0pbP8BrCb5owFt20PjDhe3AI0uU3BcVN8U1Zb4YMhcKON/26sjqCpdNaVp/YJiCfw7Mg2/RRkltjCoNOlhOShGR/DQpDa5ZJd+woYor4ZJ0s6SAbJkaL954sUczQ+i9yBNSL8C+oSWLNjc8jiL6Zm9QCEx/UpJFgtl/zf0lqrruWrl2XtbWH9NEbmjg2DGa+mNK2UgRzJPvOfhTWgZStYXfscLKcbHE9I2D960eUDHQnbkiiCMlEZkVrBOpQ+NAnZvOISsEUHB9xcBD22d06hjnWP+j5XLPU8rC/nzD2faUtQRLxp++F7xHBYb61EpkcXrHAUUOOVrf9MIv3h4Isf+wfqJS9AghdM0FwsGI7Y+o01RW+RasuUwkeORa+4PxKGplw6mdT3Mb8f6gOV4xYqERMAVtBVvNW+CT/aLENNuFY/Z56wYq7v83M1CWWps4Gx3/NPhLyg5ZlLi0N2q9P1JEr40k6QwmSxz+/I2m7qwQere7l6hEUOEAxvY7K3FPdNtPtdajmhdUttW99PgmGFMBpNZjI1w4uS2p9QDF5H72HoW5KeQEfiYSvjzoLbMkKMCC0FZFAkhkp0DogWK22b0+iPIKKanH6f1XQoWZVHtmWM7hDAnw2VeA9tJOFuwNu679eM4/PcBZqJRTUkDP/gpQug7wr/acsPXyMqqAFhQu8OenBoWFK2Yj91GU+dsyH0LhXx/P7ybPPDbYh78r7hHV0f37oLz81eWcgiojQ2odNa/y0FyagoJXA/gNrxqH9bqABkB8fpIDGfJGbSj++beUZz9rRiPP7eIkDl46ler5iHVEH3rI4C5NYoLxbJvWgviye41ydqCNVONwGC4GxIbN5b3eAn89h+tf7Lv94SBz6gvATM99CogWIkJMTloADg6bnuucqV+cPeL9jUfZcLnMwIG35gqUlQJtPv8mFV/QmHGxN1iXRpdBdVFrdRde4sMjIrVNn1BCYpCxMhtustfhiOCSxoQKha2NDnvf02qAlEjvR+AbJ8bqqXgE1mHLcj9R3zPR04iTcXPdSqO8HWJwp2E0pPgbPoZ/XjVbwzX7lYyEKWJe/mSEpS5bIzJ0uXe9x/909q5YKJ+BcYQiwXfPli0STTvrzy44y5Tg7sx85V4tnVF6xxaV+Fwf5/ajLVyh3f7hNyIMegO+sRdOVjQ4ydkli2FiTwAuPa8cT/ga0WLOTt7DN8s8nb928lwgWo5EU4yvx/2naIgSEvMlKjF3asuQ77M2IEGhcd7PQ1/1ulREVuj2GuzF6Dn7WfjD2JiwI3dCQLidLjOXttxEWK2OcaKZs7pmJj3U2w7q9lwMoB7cw9BlD+OLMaDDdQnzXHyPqVNkX1GaGyBrRZ0188eZJ2kQOCeOIpCI26HNxmSZh7IGTLxTfrJwqzwiytIMH3aMLbYnC9q4slQJwVGszZr3/dayoWVhbXcIcuRL8itjy11kQwpTHDXIALe0X3PLUHJX4wOoMjnhWXcyeVSTNK2GF2Apa4AiJ6z6P3RanxfyJF2QAhIZ0nZkh0qqBu8Bj8QdIt5lFkxFmRcVarXDXwY3n4NoDlC6DxDDdcXEB1xgpRgQO6ZkvTbGFPrpJKvNeuYZf0C5CW4cRuAxM8mpL4PtLOFnjxQ5TtDEEJsCBvvW2BchtpFhKCdOibWRdETmMnh5sMW6+ebaWlS/fdHjEO8fNk5m0sWYHKFC2KVTazgwQ1KrAxh2B7C39Rh38DcW2UnWnYUoaTapitAiqDof+v+MZ39yxUjRzdMpHIRXZCwDE2sh75zrPgiQKs88FihPB527NfFzKUy3oA33QjDPbFl5kMKpxonZQIoFatZ5bdgkTd36tTc8zV0wEEmTZpOA0egIthxLNii+9QVeEtAiEoI0OnxU+98LILExJOPaqnzVSDjQNxeyHQdb/CXElOtL5LZWYXym2ihn6rAZTMl1f1hZl7vpYAG/lCYUbWJtwAr5FBSthyjvpZo0jYhc0A4N3/9SruNb/gGmEUxUyI7EN/Cq2AeMzZrbMztlp6ZipXYiCMaHFYmp6FyxpWwzbxRu0cKFmuMdkRZ9nKyy4pru4IMbFUM76f1EAoeWlzn0TyfxROX/ZXg2KV/gCWH/RkTG67PnvSGpVfccTWGvH276az5+lZXBosR+neqszwjYIcqwO5/ZzXNQEI9Bl+XLWqRsUi/u2jPkLKioUSVD8Fn3ymMe2EEUZS58bbijbID9YRV7WgT6ssiN1M+OQ67JVgmT6IfulJxqh/PWyGwBje68z0XPzNmrE2AGDinIih65BYmhReb0CTjJwlTcHJXoDLXBhinFO3IXT/unmrtLBgN11f1IdGenP0ziL2qBKtyQgdmphAE8Y3v3mzLr/5st17IZKY7kO0Po5N4U8qtA==</Value></TokenEntry></Values></UseKey><Claims><Values xmlns:q1=""http://schemas.xmlsoap.org/ws/2004/04/security/trust"" soapenc:arrayType=""q1:TokenEntry[17]""><TokenEntry><Name>SessionKey</Name><Value>NgD//08yY2slT76jRZKk/ZljBVHkN4W8Xo9shbvMlvPrsLpH/Qpbo4zJBr4uvLAzXsOuOeBQDtWCsnVV+NvjSKaHoDoDzOyatsBLvEufvTbsc489apI9jceY3xXdrQuZvpvmy3TL5d0jsFT7PAQQD1X10WW/+jg9A1D7ygEI1w71AzDOBUxifgg5qKtOUvr+YDJLPDQJl7yvVGUL6pFbMqzCnbLBz9EoXsJK3wPIwHuPQqPTKCfHPNSQ3rKZj1vGYrj6BrtwSoAQK4NUjCQPMg4jffuzn6zafcTN2hEE4msyAI4tGfkQNF2bnS2jXlQav5TgRp0yfKeBe7LYF58vLg==</Value></TokenEntry><TokenEntry><Name>BindingType</Name><Value>wZX9Wml3T8BJZhF1e/GNzUA8OKLCyVoWtrC+ZCDMP10=</Value></TokenEntry><TokenEntry><Name>Binding</Name><Value>ryLM7xecye5vDLbXNpZpjQf8TFxlqygWdd+ov4cuAg2IvWUxoibYdCc+9eGhHPfO2e9QocCi5SEksPbYJGtEgplZ6jOwJF4iMj1CwXBqO60=</Value></TokenEntry><TokenEntry><Name>ProductKey</Name><Value>1cbOu60+M8NMuBtLxYUtlxiEchRxFwsCY3YFOkUgZfc=</Value></TokenEntry><TokenEntry><Name>ProductKeyType</Name><Value>wZX9Wml3T8BJZhF1e/GNzRTaeV2VyaPR+1/CItknVh4=</Value></TokenEntry><TokenEntry><Name>ProductKeyActConfigId</Name><Value>gv5CIBK04kBWGY5TN1SZfFGREhYg1MwjX8RdjoN6/555Obu83Y4QmjNF9U9GdoFNUWhO7D822idH4WiRBU88yyLx3rDpCybJE727KJ0yIeM=</Value></TokenEntry><TokenEntry><Name>SppSvcVersion</Name><Value>rZCYUD/Bu4JJja+wQnPM+A==</Value></TokenEntry><TokenEntry><Name>otherInfoPublic.licenseCategory</Name><Value>yNMNCaK/c5/e+aaqr5uKkGQxEI+Yv8ODwh1YzLwKeUU=</Value></TokenEntry><TokenEntry><Name>otherInfoPrivate.licenseCategory</Name><Value>yNMNCaK/c5/e+aaqr5uKkPRd0lIwD8RrDpfuNu6oPu4=</Value></TokenEntry><TokenEntry><Name>otherInfoPublic.sysprepAction</Name><Value>mvzI+/AMlDrW6KoQmnvlVw==</Value></TokenEntry><TokenEntry><Name>otherInfoPrivate.sysprepAction</Name><Value>mvzI+/AMlDrW6KoQmnvlVw==</Value></TokenEntry><TokenEntry><Name>ClientInformation</Name><Value>Gft3BQSDw/0HqyClqdna78PtqcVSdzrAChPUn/JFhwNfR40NFlQFfMcq557Iob+CuSJcq5vSzWU/nnH1VDi14Q==</Value></TokenEntry><TokenEntry><Name>ReferralInformation</Name><Value>D9qgj44toE6+MAIFOoUTArbnUZxRKAmw6qWaDJlwtUHLuD8gadNzQsOzeF/B4aJHU1LlmOXPyQ/CzmJi09EbFQ==</Value></TokenEntry><TokenEntry><Name>ClientSystemTime</Name><Value>+y9fZY+O54tIzENlDKd8+2jLYvg9Ojr9vletlYG/jzo=</Value></TokenEntry><TokenEntry><Name>ClientSystemTimeUtc</Name><Value>+y9fZY+O54tIzENlDKd8+2jLYvg9Ojr9vletlYG/jzo=</Value></TokenEntry><TokenEntry><Name>otherInfoPublic.secureStoreId</Name><Value>2JdBPCp+tWkrd979LR4RYNJiuLyljWD1l7wrE3WlH2J9cCYnFNotu8ELG30dif7Z</Value></TokenEntry><TokenEntry><Name>otherInfoPrivate.secureStoreId</Name><Value>2JdBPCp+tWkrd979LR4RYNJiuLyljWD1l7wrE3WlH2J9cCYnFNotu8ELG30dif7Z</Value></TokenEntry></Values></Claims></RequestSecurityToken></soap:Body></soap:Envelope>)
00010002(0x80072EE7, 12:04:21:818 - <NULL>)
00010003(0x80072EE7, 12:04:21:818)
",,,,,,,,,,,,,,,,,,,,,,,,,,,,,,,,,,,,,,,,,,,,,,,,,,,,,,,,,,,,,,,,,,,,,,,,,,,,,,,,,,,,,,,
2026-04-05T19:04:21.828756Z,"{'#attributes': {'Qualifiers': 49152}, '#text': 1014}",dc.danglingtree.htb,Microsoft-Windows-Security-SPP,Application,1947,2,,,,,,,,,,,,,,,,,,,,,,,,hr=0x80072EE7,753c53a2-4274-4339-8c2e-f66c0b9646c5,,,,,,,,,,,,,,,,,,,,,,,,,,,,,,,,,,,,,,,,,,,,,,,,,,,,,,,,,,,,,,,,,,,,,,,,,,,,,,,,,,,,,,,
2026-04-05T19:04:21.934889Z,"{'#attributes': {'Qualifiers': 16384}, '#text': 1003}",dc.danglingtree.htb,Microsoft-Windows-Security-SPP,Application,1948,4,,,,,,,,,,,,,,,,,,,,,,,,55c92734-d682-4d71-983e-d6ec3f16059f,"
1: 753c53a2-4274-4339-8c2e-f66c0b9646c5, 1, 1 [(0 [0xC004E003, 0, 0], [( 2 0xC004F00F 0 0 msft:rm/algorithm/hwid/4.0 0x00000000 0)( 1 0x00000000)(?)( 2 0xC004F00F 0 0 msft:rm/algorithm/hwid/4.0 0x00000000 0)(?)(?)( 10 0x00000000 msft:rm/algorithm/flags/1.0)(?)])(1 )(2 )(3 [0x00000000, 0, 0], [( 6 0xC004F009 10 0)( 1 0x00000000)( 6 0xC004F009 10 0)(?)(?)(?)( 10 0x00000000 msft:rm/algorithm/flags/1.0)( 11 0x00000000 0xC004F00F)])]

",,,,,,,,,,,,,,,,,,,,,,,,,,,,,,,,,,,,,,,,,,,,,,,,,,,,,,,,,,,,,,,,,,,,,,,,,,,,,,,,,,,,,,,
2026-04-05T19:04:21.940091Z,"{'#attributes': {'Qualifiers': 16384}, '#text': 1003}",dc.danglingtree.htb,Microsoft-Windows-Security-SPP,Application,1949,4,,,,,,,,,,,,,,,,,,,,,,,,55c92734-d682-4d71-983e-d6ec3f16059f,"
1: 753c53a2-4274-4339-8c2e-f66c0b9646c5, 1, 1 [(0 [0xC004E003, 0, 0], [( 2 0xC004F00F 0 0 msft:rm/algorithm/hwid/4.0 0x00000000 0)( 1 0x00000000)(?)( 2 0xC004F00F 0 0 msft:rm/algorithm/hwid/4.0 0x00000000 0)(?)(?)( 10 0x00000000 msft:rm/algorithm/flags/1.0)(?)])(1 )(2 )(3 [0x00000000, 0, 0], [( 6 0xC004F009 10 0)( 1 0x00000000)( 6 0xC004F009 10 0)(?)(?)(?)( 10 0x00000000 msft:rm/algorithm/flags/1.0)( 11 0x00000000 0xC004F00F)])]

",,,,,,,,,,,,,,,,,,,,,,,,,,,,,,,,,,,,,,,,,,,,,,,,,,,,,,,,,,,,,,,,,,,,,,,,,,,,,,,,,,,,,,,
2026-04-05T19:04:21.954889Z,"{'#attributes': {'Qualifiers': 49152}, '#text': 8198}",dc.danglingtree.htb,Microsoft-Windows-Security-SPP,Application,1950,2,,,,,,,,,,,,,,,,,,,,,,,,hr=0x8007139F,RuleId=3482d82e-ca2c-4e1f-8864-da0267b484b2;Action=AutoActivate;AppId=55c92734-d682-4d71-983e-d6ec3f16059f;SkuId=753c53a2-4274-4339-8c2e-f66c0b9646c5;NotificationInterval=1440;Trigger=TimerEvent,,,,,,,,,,,,,,,,,,,,,,,,,,,,,,,,,,,,,,,,,,,,,,,,,,,,,,,,,,,,,,,,,,,,,,,,,,,,,,,,,,,,,,,
2026-04-05T19:04:38.204024Z,"{'#attributes': {'Qualifiers': 0}, '#text': 102}",dc.danglingtree.htb,ESENT,Application,1951,4,,,,,,,,,,,,,,,,,,,,,,,,certsrv.exe,"3464,P,98,0",,0,10,00,26100,0000,,,,,,,,,,,,,,,,,,,,,,,,,,,,,,,,,,,,,,,,,,,,,,,,,,,,,,,,,,,,,,,,,,,,,,,,,,,,,,,,,
2026-04-05T19:04:38.210934Z,"{'#attributes': {'Qualifiers': 0}, '#text': 105}",dc.danglingtree.htb,ESENT,Application,1952,4,,,,,,,,,,,,,,,,,,,,,,,,certsrv.exe,"3464,D,0,0",,0,0.009,"
[1] 0.000772 +J(0) +M(C:0K, Fs:131, WS:512K # 512K, PF:2500K # 2224K, P:2500K)
[2] 0.000508 +J(0) +M(C:3200K, Fs:230, WS:904K # 904K, PF:4164K # 4164K, P:4164K)
[3] 0.000013 +J(0) +M(C:0K, Fs:1, WS:4K # 4K, PF:64K # 64K, P:64K)
[4] 0.000147 +J(0) +M(C:0K, Fs:27, WS:104K # 104K, PF:508K # 508K, P:508K)
[5] 0.000477 +J(0) +M(C:0K, Fs:11, WS:44K # 44K, PF:24K # 24K, P:24K)
[6] 0.001464 +J(0) +M(C:0K, Fs:34, WS:132K # 132K, PF:12K # 12K, P:12K)
[7] 0.003558 -0.002226 (3) WT +J(0) +M(C:0K, Fs:280, WS:1120K # 1120K, PF:1024K # 1024K, P:1024K)
[8] -
[9] -
[10] -
[11] -
[12] -
[13] 0.001784 -0.000881 (4) WT +J(CM:0, PgRf:0, Rd:0/0, Dy:0/0, Lg:616/1) +M(C:0K, Fs:14, WS:-980K # 24K, PF:-1020K # 12K, P:-1020K)
[14] 0.000008 +J(0) +M(C:0K, Fs:1, WS:4K # 0K, PF:0K # 0K, P:0K)
[15] 0.000129 +J(0) +M(C:0K, Fs:101, WS:404K # 0K, PF:64K # 0K, P:64K)
[16] 0.000197 -0.000102 (1) WT +J(0) +M(C:0K, Fs:2, WS:0K # 0K, PF:0K # 0K, P:0K).","RBSOn = 0
",,,,,,,,,,,,,,,,,,,,,,,,,,,,,,,,,,,,,,,,,,,,,,,,,,,,,,,,,,,,,,,,,,,,,,,,,,,,,,,,,,
2026-04-05T19:04:38.218364Z,"{'#attributes': {'Qualifiers': 0}, '#text': 326}",dc.danglingtree.htb,ESENT,Application,1953,4,,,,,,,,,,,,,,,,,,,,,,,,certsrv.exe,"3464,D,50,0",,1,C:\WINDOWS\system32\CertLog\danglingtree-DC-CA.edb,0,"
[1] 0.000003 +J(0) +M(C:0K, Fs:1, WS:4K # 0K, PF:0K # 0K, P:0K)
[2] 0.000703 -0.000492 (1) WT +J(0) +M(C:0K, Fs:21, WS:20K # 0K, PF:4K # 0K, P:4K)
[3] 0.004317 -0.001546 (6) WT +J(CM:0, PgRf:0, Rd:0/0, Dy:0/0, Lg:3480/2) +M(C:0K, Fs:36, WS:136K # 0K, PF:128K # 0K, P:128K)
[4] 0.000266 +J(0) +M(C:0K, Fs:1, WS:4K # 0K, PF:0K # 0K, P:0K)
[5] -
[6] 0.000211 -0.000131 (2) CM -0.000084 (2) WT +J(CM:2, PgRf:2, Rd:0/2, Dy:0/0, Lg:0/0) +M(C:0K, Fs:44, WS:176K # 0K, PF:136K # 0K, P:136K)
[7] 0.000001 +J(0)
[8] 0.000404 -0.000296 (1) CM -0.000286 (1) WT +J(CM:1, PgRf:1, Rd:14/0, Dy:0/0, Lg:0/0) +M(C:0K, Fs:37, WS:148K # 0K, PF:196K # 0K, P:196K)
[9] -
[10] -
[11] -
[12] 0.000016 +J(CM:0, PgRf:0, Rd:0/0, Dy:0/0, Lg:54/1) +M(C:0K, Fs:2, WS:8K # 0K, PF:20K # 0K, P:20K)
[13] 0.000643 -0.000494 (2) CM -0.000408 (2) WT +J(CM:2, PgRf:23, Rd:0/2, Dy:0/0, Lg:0/0) +M(C:0K, Fs:22, WS:84K # 64K, PF:8K # 0K, P:8K)
[14] 0.000286 -0.000183 (1) CM -0.000145 (1) WT +J(CM:1, PgRf:40, Rd:0/1, Dy:0/0, Lg:0/0) +M(C:0K, Fs:5, WS:20K # 20K, PF:64K # 0K, P:64K)
[15] 0.000006 +J(CM:0, PgRf:1, Rd:0/0, Dy:0/0, Lg:0/0)
[16] 0.000009 +J(CM:0, PgRf:1, Rd:0/0, Dy:0/0, Lg:0/0) +M(C:0K, Fs:1, WS:4K # 4K, PF:0K # 0K, P:0K)
[17] 0.000046 +J(CM:0, PgRf:42, Rd:0/0, Dy:0/0, Lg:0/0) +M(C:0K, Fs:6, WS:24K # 24K, PF:0K # 0K, P:0K)
[18] 0.000001 +J(0)
[19] 0.0 +J(0)
[20] 0.000025 +J(CM:0, PgRf:3, Rd:0/0, Dy:0/0, Lg:0/0) +M(C:0K, Fs:3, WS:12K # 12K, PF:0K # 0K, P:0K).",0 0,"lgposAttach = 00000002:0083:0268,
dbv = 1568.300.620 (9620)",,,,,,,,,,,,,,,,,,,,,,,,,,,,,,,,,,,,,,,,,,,,,,,,,,,,,,,,,,,,,,,,,,,,,,,,,,,,,,,,
2026-04-05T19:04:38.240854Z,"{'#attributes': {'Qualifiers': 0}, '#text': 102}",dc.danglingtree.htb,ESENT,Application,1954,4,,,,,,,,,,,,,,,,,,,,,,,,DFSRs,"3536,P,98,0",\\.\C:\System Volume Information\DFSR\database_E634_3FD1_343F_A409\dfsr.db: ,0,10,00,26100,0000,,,,,,,,,,,,,,,,,,,,,,,,,,,,,,,,,,,,,,,,,,,,,,,,,,,,,,,,,,,,,,,,,,,,,,,,,,,,,,,,,
2026-04-05T19:04:38.256358Z,"{'#attributes': {'Qualifiers': 0}, '#text': 105}",dc.danglingtree.htb,ESENT,Application,1955,4,,,,,,,,,,,,,,,,,,,,,,,,DFSRs,"3536,D,0,0",\\.\C:\System Volume Information\DFSR\database_E634_3FD1_343F_A409\dfsr.db: ,0,0.021,"
[1] 0.004125 +J(0) +M(C:0K, Fs:346, WS:1268K # 1340K, PF:6644K # 6684K, P:6644K)
[2] 0.000187 +J(0) +M(C:16K, Fs:106, WS:404K # 332K, PF:320K # 220K, P:320K)
[3] 0.000010 +J(0) +M(C:0K, Fs:1, WS:4K # 4K, PF:64K # 64K, P:64K)
[4] 0.000264 +J(0) +M(C:2032K, Fs:53, WS:204K # 204K, PF:2460K # 2460K, P:2460K)
[5] 0.000799 +J(0) +M(C:0K, Fs:14, WS:56K # 56K, PF:24K # 24K, P:24K)
[6] 0.000755 +J(0) +M(C:0K, Fs:13, WS:52K # 52K, PF:12K # 12K, P:12K)
[7] -
[8] -
[9] -
[10] -
[11] -
[12] -
[13] 0.013168 -0.003999 (22) WT +J(CM:0, PgRf:0, Rd:0/0, Dy:0/0, Lg:616/1) +M(C:0K, Fs:1489, WS:764K # 5860K, PF:8K # 5136K, P:8K)
[14] 0.000021 +J(0) +M(C:0K, Fs:1, WS:4K # 0K, PF:0K # 0K, P:0K)
[15] 0.000129 +J(0) +M(C:0K, Fs:66, WS:260K # 0K, PF:68K # 0K, P:68K)
[16] 0.001461 -0.000071 (1) WT +J(0) +M(C:0K, Fs:3, WS:4K # 0K, PF:0K # 0K, P:0K).","RBSOn = 0
",,,,,,,,,,,,,,,,,,,,,,,,,,,,,,,,,,,,,,,,,,,,,,,,,,,,,,,,,,,,,,,,,,,,,,,,,,,,,,,,,,
2026-04-05T19:04:38.269405Z,"{'#attributes': {'Qualifiers': 0}, '#text': 325}",dc.danglingtree.htb,ESENT,Application,1956,4,,,,,,,,,,,,,,,,,,,,,,,,DFSRs,"3536,D,35,0",\\.\C:\System Volume Information\DFSR\database_E634_3FD1_343F_A409\dfsr.db: ,1,\\.\C:\System Volume Information\DFSR\database_E634_3FD1_343F_A409\dfsr.db,0,"
[1] 0.000094 +J(0) +M(C:0K, Fs:3, WS:12K # 0K, PF:8K # 0K, P:8K)
[2] 0.000706 -0.000135 (1) WT +J(CM:0, PgRf:0, Rd:0/0, Dy:0/0, Lg:3480/2) +M(C:0K, Fs:2, WS:8K # 0K, PF:0K # 0K, P:0K)
[3] 0.003056 -0.000002 (2) WT +J(0) +M(C:0K, Fs:14, WS:48K # 0K, PF:32K # 0K, P:32K)
[4] 0.000343 +J(0) +M(C:0K, Fs:2, WS:8K # 0K, PF:0K # 0K, P:0K)
[5] 0.001635 -0.000546 (3) WT +J(CM:0, PgRf:3, Rd:0/0, Dy:3/6, Lg:122/4) +M(C:0K, Fs:72, WS:276K # 0K, PF:268K # 0K, P:268K)
[6] 0.001001 -0.000148 (2) WT +J(CM:0, PgRf:215, Rd:0/0, Dy:12/420, Lg:24454/461) +M(C:0K, Fs:83, WS:332K # 0K, PF:220K # 0K, P:220K)
[7] 0.000592 -0.000227 (3) WT +J(CM:0, PgRf:0, Rd:0/0, Dy:0/0, Lg:4096/3) +M(C:0K, Fs:6, WS:16K # 0K, PF:0K # 0K, P:0K)
[8] 0.000003 +J(0)
[9] 0.001571 -0.001000 (3) WT +J(0) +M(C:-52K, Fs:8, WS:-28K # 0K, PF:-44K # 0K, P:-44K)
[10] 0.002162 -0.000560 (7) WT +J(CM:0, PgRf:385, Rd:0/0, Dy:7/109, Lg:20701/156) +M(C:12K, Fs:60, WS:232K # 0K, PF:112K # 0K, P:112K)
[11] 0.000003 +J(0).",0 0,"lgposCreate = 00000001:0001:0268,
dbv = 1568.300.620 (9620)",,,,,,,,,,,,,,,,,,,,,,,,,,,,,,,,,,,,,,,,,,,,,,,,,,,,,,,,,,,,,,,,,,,,,,,,,,,,,,,,
2026-04-05T19:04:44.487290Z,"{'#attributes': {'Qualifiers': 16384}, '#text': 1003}",dc.danglingtree.htb,Microsoft-Windows-Security-SPP,Application,1957,4,,,,,,,,,,,,,,,,,,,,,,,,55c92734-d682-4d71-983e-d6ec3f16059f,"
1: 753c53a2-4274-4339-8c2e-f66c0b9646c5, 1, 1 [(0 [0xC004E003, 0, 0], [( 2 0xC004F00F 0 0 msft:rm/algorithm/hwid/4.0 0x00000000 0)( 1 0x00000000)(?)( 2 0xC004F00F 0 0 msft:rm/algorithm/hwid/4.0 0x00000000 0)(?)(?)( 10 0x00000000 msft:rm/algorithm/flags/1.0)(?)])(1 )(2 )(3 [0x00000000, 0, 0], [( 6 0xC004F009 10 0)( 1 0x00000000)( 6 0xC004F009 10 0)(?)(?)(?)( 10 0x00000000 msft:rm/algorithm/flags/1.0)( 11 0x00000000 0xC004F00F)])]

",,,,,,,,,,,,,,,,,,,,,,,,,,,,,,,,,,,,,,,,,,,,,,,,,,,,,,,,,,,,,,,,,,,,,,,,,,,,,,,,,,,,,,,
2026-04-05T19:04:44.517354Z,"{'#attributes': {'Qualifiers': 16384}, '#text': 1003}",dc.danglingtree.htb,Microsoft-Windows-Security-SPP,Application,1958,4,,,,,,,,,,,,,,,,,,,,,,,,55c92734-d682-4d71-983e-d6ec3f16059f,"
1: 753c53a2-4274-4339-8c2e-f66c0b9646c5, 1, 1 [(0 [0xC004E003, 0, 0], [( 2 0xC004F00F 0 0 msft:rm/algorithm/hwid/4.0 0x00000000 0)( 1 0x00000000)(?)( 2 0xC004F00F 0 0 msft:rm/algorithm/hwid/4.0 0x00000000 0)(?)(?)( 10 0x00000000 msft:rm/algorithm/flags/1.0)(?)])(1 )(2 )(3 [0x00000000, 0, 0], [( 6 0xC004F009 10 0)( 1 0x00000000)( 6 0xC004F009 10 0)(?)(?)(?)( 10 0x00000000 msft:rm/algorithm/flags/1.0)( 11 0x00000000 0xC004F00F)])]

",,,,,,,,,,,,,,,,,,,,,,,,,,,,,,,,,,,,,,,,,,,,,,,,,,,,,,,,,,,,,,,,,,,,,,,,,,,,,,,,,,,,,,,
2026-04-05T19:04:44.528738Z,"{'#attributes': {'Qualifiers': 49152}, '#text': 8198}",dc.danglingtree.htb,Microsoft-Windows-Security-SPP,Application,1959,2,,,,,,,,,,,,,,,,,,,,,,,,hr=0xC004E028,RuleId=3482d82e-ca2c-4e1f-8864-da0267b484b2;Action=AutoActivate;AppId=55c92734-d682-4d71-983e-d6ec3f16059f;SkuId=753c53a2-4274-4339-8c2e-f66c0b9646c5;NotificationInterval=1440;Trigger=UserLogon;SessionId=1,,,,,,,,,,,,,,,,,,,,,,,,,,,,,,,,,,,,,,,,,,,,,,,,,,,,,,,,,,,,,,,,,,,,,,,,,,,,,,,,,,,,,,,
2026-04-05T19:04:47.930207Z,"{'#attributes': {'Qualifiers': 16384}, '#text': 1003}",dc.danglingtree.htb,Microsoft-Windows-Security-SPP,Application,1960,4,,,,,,,,,,,,,,,,,,,,,,,,55c92734-d682-4d71-983e-d6ec3f16059f,"
1: 753c53a2-4274-4339-8c2e-f66c0b9646c5, 1, 1 [(0 [0xC004E003, 0, 0], [( 2 0xC004F00F 0 0 msft:rm/algorithm/hwid/4.0 0x00000000 0)( 1 0x00000000)(?)( 2 0xC004F00F 0 0 msft:rm/algorithm/hwid/4.0 0x00000000 0)(?)(?)( 10 0x00000000 msft:rm/algorithm/flags/1.0)(?)])(1 )(2 )(3 [0x00000000, 0, 0], [( 6 0xC004F009 10 0)( 1 0x00000000)( 6 0xC004F009 10 0)(?)(?)(?)( 10 0x00000000 msft:rm/algorithm/flags/1.0)( 11 0x00000000 0xC004F00F)])]

",,,,,,,,,,,,,,,,,,,,,,,,,,,,,,,,,,,,,,,,,,,,,,,,,,,,,,,,,,,,,,,,,,,,,,,,,,,,,,,,,,,,,,,
2026-04-05T19:04:50.380113Z,77,dc.danglingtree.htb,Microsoft-Windows-CertificationAuthority,Application,1961,3,,,,,,,,,,,,,,,,,,,,,,,,,,,,,,,,,,,,,,,,,,,,,,,,,,,,,,,,,,,,,,,,,,,,,,,Windows default,,,,,,,,,,,,,,,,,,,,,,,"The RemoteAccessVPN Certificate Template could not be loaded.  Element not found. 0x80070490 (WIN32: 1168 ERROR_NOT_FOUND).
",,MSG_POLICY_LOG_WARNING,,,,,,,,,,,,,,,,
2026-04-05T19:04:50.387547Z,77,dc.danglingtree.htb,Microsoft-Windows-CertificationAuthority,Application,1962,3,,,,,,,,,,,,,,,,,,,,,,,,,,,,,,,,,,,,,,,,,,,,,,,,,,,,,,,,,,,,,,,,,,,,,,,Windows default,,,,,,,,,,,,,,,,,,,,,,,"The EmployeeAuthTemplate Certificate Template could not be loaded.  Element not found. 0x80070490 (WIN32: 1168 ERROR_NOT_FOUND).
",,MSG_POLICY_LOG_WARNING,,,,,,,,,,,,,,,,
2026-04-05T19:04:50.393504Z,77,dc.danglingtree.htb,Microsoft-Windows-CertificationAuthority,Application,1963,3,,,,,,,,,,,,,,,,,,,,,,,,,,,,,,,,,,,,,,,,,,,,,,,,,,,,,,,,,,,,,,,,,,,,,,,Windows default,,,,,,,,,,,,,,,,,,,,,,,"The VPNUserTemplate Certificate Template could not be loaded.  Element not found. 0x80070490 (WIN32: 1168 ERROR_NOT_FOUND).
",,MSG_POLICY_LOG_WARNING,,,,,,,,,,,,,,,,
2026-04-05T19:04:50.479215Z,26,dc.danglingtree.htb,Microsoft-Windows-CertificationAuthority,Application,1964,4,,,,,,,,,,,,,,,,,danglingtree-DC-CA,,,,dc.danglingtree.htb,  DC=,,,,,,,,,,,,,,,,,,,,,,,,,,,,,,,,,,,,,,,,,,,,,,,,,,,,,,,,,,,,,,,,,,,,,,,,,,MSG_I_SERVER_STARTED,,,,,,,,,,,,,,,,
