2026-03-26T05:27:08.040530Z,"{'#attributes': {'Qualifiers': 49152}, '#text': 8200}",dc,Microsoft-Windows-Security-SPP,Application,120,2,,,,,,,,,,,,,,,,,,,,,,,,hr=0x80072EE7,"00010001(0x00000000, 22:27:08:022 - https://activation-v2.sls.microsoft.com/SLActivateProduct/SLActivateProduct.asmx?configextension=Retail)
00020001(0x00000000, 22:27:08:024)
00030001(0x00000000, 22:27:08:025 - https://activation-v2.sls.microsoft.com)
00030002(0x00000000, 22:27:08:025 - 0)
00040001(0x00000000, 22:27:08:025 - https://activation-v2.sls.microsoft.com)
00040002(0x00000000, 22:27:08:028 - 1, <NULL>, <NULL>, <NULL>)
00050002(0x80072F94, 22:27:08:029 - 0, 1)
00040006(0x00000001, 22:27:08:029 - 0, https://activation-v2.sls.microsoft.com, <N/A>, <N/A>)
00020005(0x00000000, 22:27:08:029 - 0)
00020008(0x80072EE7, 22:27:08:035 - SOAPAction: ""http://microsoft.com/SL/ProductActivationService/IssueToken""
Content-Type: text/xml; charset=utf-8
, <soap:Envelope xmlns:soap=""http://schemas.xmlsoap.org/soap/envelope/"" xmlns:xsi=""http://www.w3.org/2001/XMLSchema-instance"" xmlns:xsd=""http://www.w3.org/2001/XMLSchema"" xmlns:soapenc=""http://schemas.xmlsoap.org/soap/encoding/""><soap:Body><RequestSecurityToken xmlns=""http://schemas.xmlsoap.org/ws/2004/04/security/trust""><TokenType>ProductActivation</TokenType><RequestType>http://schemas.xmlsoap.org/ws/2004/04/security/trust/Issue</RequestType><UseKey><Values xmlns:q1=""http://schemas.xmlsoap.org/ws/2004/04/security/trust"" soapenc:arrayType=""q1:TokenEntry[1]""><TokenEntry><Name>PublishLicense</Name><Value>7Uy2QJk9epgaF/CiIlzYi8rOFX3RQW/OmZjEERccwGn/lClcdOrD2wTBPb4mdz37NK6sWKwpOgNM4dTzmNcVjDM8Ts1XVO9rxbM6NED5TISon3ch6psWtLChsTDtv8u7qU6mV/i7+I/UAeKQn5C5x+hYytzbL1tMZGxCZIfFYeKGJ/jkvBKQyl60WY2S1jv2MCereVPbFAy55tMoXuJQVIbQpeRiMjVhimCKh/xJahBW0OLYp6t0aEZh+XPL+KhWZU2TATqv6XyPhlL/rK8/lPr5LUraQSkZMInPFKxR9wh2Z/9VbTrmiMVdoZC2A9YXvFG4qluZP5prsKwWJU3szR2tWrwZCFescjYVeTOo+nN8SCcUNM+c+em+fp51vu7W7A3I8oxQyenwTgoJGfat8lBEXVWgzdblC04yCUwGom7087x/h1iKpO5He1CSb9oBDwjupD+ZJiWUFJa6jVE9qcjfXIK2kBlivrsdUxZonYrmAVgtAr8GEzs8KlCWnYvvoJ0BsmorUpcQ8NijnJ7XHAVqB8eV0UJWgxEeelWj95ZrA8TbQIt9bZXUKAMHYNBD9ZhCaCcTV6hBTEwX/+z8DQJRchxsFSxH+BJtbZPMBpNBx5jU+wXee66Vl+H9F0NE/yzalvOOIRfr0PswmT48XpHl+v2xPj9ogLBA0UktnXtPLRlNoWWdkhnJx+bOLuG/lr22xdPSIG9KiD4eByF+h8PIcPYBw0UHsk44OVX+xD6gPR4eLmeE8SY5mFqoogKG/OvTjR0b2RMCT2i8ugDil4ZSy6dGMvFvlcUdF5rjj/ca2si5E9VrXQZv0vA2zuCWelCNSy38wKP7bOknoVlbDbKpzFoZBfyBm/O6jFZtFJ4qE1JSQ3KHh1nMpVLTIZycmwqMv9CGB+IyqnqwxCRaDvRsu01OH/8bDqhXb/XG1XyHCgUF6ODU8/fOpEGu8cCgbbjdm5mCJ0kujQCWZE+iZFqMTDxUpm7SZmC7cctetQpXDIxzB3fHNC63bM6y6l+6UTmqF9aciyNdgz0OwMEtiehPAMik9rMLPy0uV0jVpi2kqY7ucVRGl6jij+CaIMweB8VqAxTwz+EzF6Ey3a66VcJC2cg6dQr3fryv9AcShKlN6ypCPSO9KhTF48i2YhT9adpd9pBsl/H4qlTD/MGqDp0iHTV2bNv8VMizcth4yCeMn5SsrESrtekYJ8nhgTNd2ZhzRxogcFy5OtLJi3jDCtlxycRhwv1R4hKczYrJUTddoEedIusNPG12yxK2p+FwOiP0s2oqy6Xoh8xWFQM40eKVrAIShZ+lf/3xPf3ggqxAZkO8MXa34lNak2imlGN4UZ4H4tKBdLIUC4+l3Xy/eTmZ4AVU/bBx5y3IPoleBaLsRmP5rGyCpx2XrI9e0e3es0rAWgWPirq9MHASYiuJZnzjzG5QnLkofSTgeZL9xYJ2SgMeDP8mO0+vc7G2jvrr6L3XFOhGKDxL30JWdU/TcA/gvD7NNPy2DPSTBZq8lm7QT6XU5uB7LjAVQkM3fMkoRsClWLnNd2rNf2nL3IQzr5Nh4hGPb+6i7aufJoezY5lvecj+p6L3U3t/i4WpkXmi1/sN5fKZJy6b04k/ngS8G4i79CnyK8QB5g8dvsgbT2b4qtG+wa0Y8vdwnzP+oE/L+JHSsoXrVaANfLW127HL75bX79BMtJKHwf1wTARh7sXkx0ZTRdqBzCPF9gs6G8ers3KOkfb2nG46xjDIJh1uhibUyALokJLfnWpHpcuH0xvlNccUvyJ/yS14C9gQrrTrWDeKbMoNMlRZaEPskRRARpxQ5KYlBWyMC1E9lEm7E01DcCTEaIodbeoCEx6thpPse9uLbqGxXJrO4cpl0llIJQ18IHV/Dp/HNzYz8Y51pnU7j+CPtqBcxKC8fwMsaWy/KUZBNNJB+udCxn31hAM5ychqoa693wpLnrG6J5DVxOky+tJ7jk1Oqmd+lQYfsW6IU79gP6Q8wdS25NgU1R5zyuFwH0kjqiNXputBM57DYIrimXG6yNX6g7IiTLFsK0SVwQVGOoq/DH9ywg9RvFIS75oLKbB5K/Jj9ESE3xAfV57dgxZkAsbR/pbUWsVm29zmebpfwJQaT3wITQduTq4gaWhySWTcEvOI3hahQOzqcRYKg6jGAKEgrHfsrd+S5LWKKM818CMdwdUKG5hWyhWKA8qZEDT9PuttNXf17uCuN43IdXWEWnuPLq47dIKSMPjl7gcd9oUNOWIRK5fXkcbSp52+agkRiCUv5cyJLb7Tbk1BUkkWBS4uOdo9IJOoyQTpflmo+qxe6rMnRL7TD6Je8mGMkS41BMxhWlSpl3YzscT4wkFHNhqjkdUqcnyLL7YgYO/93rK4sLLvRJRkODZEZuGTOY87sc+VKTE3KYS8JeKc+JmsiEXFUqLuH5nY9ZizwVi5wfGXy1p4gyOfVCiQu4o0pExzlfEocuZvDm/teF5yLjf/+T6eL7i+fvsmP4h1AOqiRsr+IbvkeVxysisXhtFhTM4F+DtIZXeM3DKghZlW6KDMj8cVeWfnmlxg3bIHLRYmwGBdbGr5cVkKZczstCiOjI+Sday5BSBAGxQ6hh0jZ6aOmSl+pe4NVF7KPYmgD5oD9tjkRw0O9xYJmY7p/neNaS7fCBhG2v8SBUuz5vWo+0BplIaBfJs5eNsbCVOuvuCaXlet2o/pVlI9QfNXDBVqer2E32ex2VIDIG/p/7u1hQ1dmFuwZGwKsJbPmgjtlsqnQL1Z2yE54idTmQCryLywZLsIeF0TQ/76ucRt7owkKgcqyi2UCRXYzJeU3wkx9RjRgH33TWXrShEJKHU/4DfeZiJMrasI1MQWZ6rLa3aMkzIlixf55tT04qMO/0X6zJdnk3ooIzyocXrFENKaDLBQfrlyJQvLnOwOD7zcIYm2QRlx/MAgceYDSwSY7sCc9W6mFiBSEmi3rDV2kJKM40zkzBxcxCsIWaSIA/8v8ecxzMQBvWqgxELUjm3LRmx21sDvW6aJwxvGRUG2Ir9ovrvq/fJunhcD7G0vbyr6w4J/cyDXVQ8rnzbja9o95wr6ENBMRiN0x5dn/fiECalQZgBbcASokOa12BRfuLsUCzCsOlGb20pU07HXyPzMIfil8yt8oTc3MtXzRkieJ/SA74UXTExNOfvFMRjPZnR2Xq3QoylSlyOGiTAcQT36wqwQyVT3FdGqrdTTuupbiyjykfIYEFoBNBM9JPwbROMiaNIm0on4QLoD34dh9ECNoW70+xYr1fTPmNgy8nYWZl9NucfuOI2PQFBuKB4cYfutOFudHygp/Zu/E/AetRdfrqUNJxDGsmRx/oGBCx+85Gkpo4BxhOe3MJ0wmV6hSK5GD0FlY4NL5DyOkjQD6hStJ+lKlJ7XJ2bJYB6dmTIk5tar+SWwbI781LpHKpzH54g7LOuA9W3uZQlckSctUF2y0l3TfLw36yBpvPJ/hC9LUCu/MxT35n7NoOAemS6YSk+zYsObGIz/zIAmGxPqRFxWNAqQ7y3F5Xa/TGbZWy6ahCdfG8TFPigPK9cjZIJD7cRELRlc/Op6WUfAhAk9lYnG4As2PCkDceYTbU6KxLYQTh2TLmgv9IPxZoYsX/5a/cpB50OwCpA32MR97IBfYXx1GIO81KBaH01IiwWP2YbeYu+qHXKFs0KS2g48hfwmK2rU2MW/UzAoLG1zFUQ2Bz5w+ysGBGJOH1iXIUBGplx0iFtG24TwCt2Wr+SgMQLl8stkBQQNHlrPpsRgAaVt1tZHOo2vuw/JhidlcTgY1To8r3wkQWWUHvdgloUb4p0dvveYDXDTeH7Ue9+OP5PhVIZ6ntQliSd93ltbLKfKmCDXBQi56vhTloZkin4MdU6kBy4/L0eKm9/Cqu6dKi2KR4JRdZppb2XFUyF7yjKMTc9ArTpO/7jg1niB6MrvQcJ5tvijtQ7Zd6H3lUAkwQyEOU4C86aVxdai0HH50YI8rVRnVGrBBymgDMPoxJqxPPJCO9TYypcMmGJZthXhNYcMTjIc2F5hw2PSlRXNcmcWYDcbg8xupnp17S+tXb+kZAxNK+PhwoYoAJg2Pmen3ZqWmxZ3Wk74BR85FgfXCKDlZ3bHtmscVMztDYeIPeTwuLOQyuFn1kV21aahGugUmmMvPtwGth2CVqBx9h6+TDTtIcJGr/rMQxWTgOKodBXv9jLNQv/QUXyk1w5E1qEpsZ5gN63Y5fwEl2DKUueJPaqwsjZG0hvopKRnRFwMtEv9+pkxXzycxZgK9+POBMTqUDRgZK5Lh75051VRz3DNvjTrGhkCZmZ3MO9HCh86wP7Bk9q+jWHJozPnVyLFWMFkOaUlzXk3uXL0nMaV3Fhc79XS4+0JB86ZMZTXtU+n5IzGK1A/hIMhKXZFTTSFHliLK64Z5SLgohAUCGiE72sAvd+cmb94HE8ymdjNmE/y3q8CWmKd+TCvCTcwzv6tmyI/kF4tjlvj9p1BeKyxXlePjHvuEUl4+wGQO1m3+I6RsmRmUuONg0uzRQi6AxEH5+0te7tU9IywUJPZoEMpybR73/yHGnocjOD9fnw1kIBsacgYd493ZiTZovyIG0Z7NVA5TCcsy6gEkvfta19usQQUeaSTzc/F31nvHDf34oXvs9NL66r6c4js0o8ItM2n/y98/0OTypvabaHTTfYEpc6Z7r1Z24uZMAG6TLQpkbiGkjugbBHvInyh/lErzAK272DnaURR/I2pS3/1rrKEyMsEhyVrXe/6JG/85JjZpkiMqAljhucBiEWMveX5Oj1DUg6GZvxUlUL1F/tqOR7eAe1F1uqMZ8ZLeseEyyjJu5cDIH727HdC6jgNRVbTQq+PCFkZyiwuwwVyYibAiAkpCih+LZWKIhtOTW5jx6p+SDJV73v8eKbZpfj1pC044Mk/BIyi5LQoklTBSn+PdHW0+OWAX4nOsIZd8SaiWSEop8hmIdQLAE4pj+/gJbRhJ5e4KvZ7fBDa4LWhC8kyzZXPDtJLFrMBrPtPJmxWT6aSclb/V8XnjklsiBwAI48d5w3sZaNgGpktdhfRbot8g8t6YL7qWmnnRSYqFOhp3xsIrMO7+x8PRFPuEOhg9V8TFofx1Agp1CxN/Bceb3AMWH6ONrGeY5pHzneT6yCE9tD4+eSk5PkvQ7re/FEKhGyNqnbAxYaH3R4dmZ/xjgLNwK2+NXrWk+ibz0x547p3SnNxQSLeNb+SDBobQdmQSR3E5hRnKIEh/vucoJhKCfUBmlinbGe5jTZyWKcpYHHDd7DtKdsbB24QHVlccH8jet87YzCmzyKy+rpLHzCp12Gs2h17Rbetq75G7wnjcSIhJBYmM9zY7pxk3Kg9/pOgpEgNlDt9INvPtb0N2+cpueNc+hvhtB3civh/mLJ1jN8bwoXlDfZuEnC17XEZ/7H1TTeNhybeuaqyAUPDDau865r355bKwxejI6bSJYekBoN5lSUd4knKO0pa2Ln+dXjXb9+d8vRjeNVeJ4VB2SFniMXohdfSsbReQNj5Dh29lXxT2dFcBvda8TPXuEvd86BcOfl0DhR5jUH1maC7wAfv8VN97pMrVfOSQ/WKkuYbmhZvQlrNBB/ObZi2p/Z4r/e+8F58RtvVKu4C+wNqHSz//bC2hSO/c8W5nhfd9LTSmNG439XQf6PBnyhajo8RL4G+rLsIIamH46VmcaR0kQsSBblLaR/n1+vWMaubZEAe6OKsNbfeh5+A/MhriT/w9zwthELX2DC1TiooeiOKGFbyW4Ew4C6Qw/JIcomAHIf+Nyw10j1CI7wiaDVTRacaxaE0pVZIWEbOWWK2pWSFxKRYoVtFHfjvnyPeJwyYyUcD6bC7Ky5ygr6qg7gckUkKrOsqaF8cw/O4VF/wP1vfFRfvs5x/V2by57nV2wZpBBVT21VpsBhQGLiEb/FT3bRaNUQMl8a6aEXEgLi9TrQHR4DaJVdDEKwSjIQz+s8jgvfrl6f97xt/FTMHk5rN6I7j9BYG4w656M0uPPi+bAhuyIJWcl0ibqsq0Y+80Ola07QuEOLTIdjNm+6AKu6cOVXncfltb0dmUHZNovM4aCYkJL/pJkyvoHOgBjfVEdP463bnhxK93cmNdQKtm9nK/0iwwhSwRtgYR1BjFmb7UVqD+zz8JzBFxc/PwrDffDl8jpx+P7GfM4RSvxWvsAt5v5+zjR+1I6FjvBEgl3l79Jysz8GI165hP85+1Oj0L1QXPQxir4ayAuanonkdHNsn8yt8gLy3dkOdkVFJXb04m02Lruz2Vsw5mbk4fj4/bcxNNK1eIPoSkGHAtJL+AkCTNmiKdoqbBz4J7m75uSCfyrmDIdIbFuwUV2asa/bqTUdzBgvm2B6nKZpcUMQAMMlfg8w2iL/nLYOeG0CKjgBxz4+htfWyx/nXviTXswsUixzd8r5V80i/3to0J50aI6pUeE9xnj0hMQhpgnBgXJh9vOSklEVo79G+xtujMxa455lKi+wQAw4hj+AErYSkazYYP565N+b7Lumy+VqZQO4b36joXzFKYcnsdSA9QpAbmE69G+iArT5XAMwctshQ6BpeP4jfqSVi30xN2WJwK2suVpedxtxnjTNhwPzWPZGw2iQshFgl7+69CpphS6Vq6ZJKb6woeZNyR0FBlsZ4nEqEJ8mIYCJsFp2OXXAqpo0TB5iCnqHgFVEInoMV0OrMpcqWjFCa3Q+3MnEhiB9BtqxxR/zUrqWQOvEQ48L5bXRg+1yS2THazD+hzTXBVezbYVL6Fckje1cmW/XGGXaqJv8BVYfT+ZRYIrPzLDbSExmlIsHHdtrEjl0IEMqiR3s350r4ibIN5XaL+y2GhKH8ONY4Q7mC3SSzf6aIewIX5Asw5D8uHsbffs9pzTJTP9MFW2N3Knpo1KPN9s60VqqQ7/bI4wnQNjWGVl53bKPwU37OWpABGXl1GYMiwoO0oXg5wTO1rq9shLHTJqssWNScbhAnbz7TK6qmOwrSXeVNkQ4/pHYd0bFoz7bR6aP/WUYoUK1siukd59Tk2GXRILFKDAU7XFRuixcARTV7VQKAjK0ZxBj75O/rB43iSjascmHRQCuewYvwuyISjzHR4cx0ohbMNLBAuRUD7cFwkzBtpQqnb6ncW/+HKdsDUTnEJ0Er9aS7MySJJhjMepf4YoV8ICP8C/XzcntN1BRbw0G8011Uj5FJSsI0E0UzspIIpmHY4uCgyXjxEqxr8jRLMv6Xhr806POf0XgTNq2MXty8m3ZuR3i0oFa/ktUyWp76KJc01kovpMLOQ0spesglnGWZM7Ljlm9mNOmvdwGsqU0jrNo1YXneehkgZDP8IW65ndOD51Ck7hRLZ0dEia6kdKqqSw9VIQvTFMBxo2oCwJY+Ewih7rfOMjxUO6O8cFiI579EXwtq78s5XDorgfEW9jXz5qBeqZx53Grih0WP0GairIMpoJWf3U7D8bCmJnUVysDmC9/K0av0alI8QJbVwZWbIdZlKiVQTLU6RFRrzWha3Py46FAXCfoN9iOXsNzr5dZffequyYtMtgQAjIgEe4MMfEzuAS76cpJG55J/kggFe+PDY01L5a8wrbxZJwhtHpKmvMFjjyr2sAySiiHr5OIdIuNhq/vZi9zl3WRqc909v4Y9ULJvLRnw+AqdhlpXiZlL+v1McVRlql7Zpb2liA0o2oBX1qT81lY/plo+xhII5BBoMV/n54bXWTlVVsfnhJu7sOnN2rjyIDcb7EESceqB4FgCIOLRaRQYLtr+KCbXmEU16gSRJFECVUdGuE8xN1B2ybLKdnMWvay6P73y8H7/DQ04ZnzkwM8m42AGmqFaSIgg2k0zzwl2pLr6RTHxLOfQwmbRjTNEtXb8BBbTHt0+pOc4va4pbyGuSfEEUmiMum9QwB6IloOCHzhc+mEQHzOsrDafBiFioGyCx8ttF1fGUA4w3PgJFkdVXBIURN7RD17uORBwDqQW3MCkThYKJzrhkc9BFQAJbmHCHoZWwJi9vRbsWrghEpRCc0v5GHBXI2J3Hv/wahhkl+PPB45gNLnNHoesT0+Ag2d8R1SmhXXmt81xsyqAx0JI+5TJ0+TFQ6Vl/gBbJAycBAf9RLLNKNLR8oB4LI+a4JUYVjDcrNq5fgee0pXtM08knu4mlGDNz6hG7CZhi+735xnmELJYeKtOCRhKaDqaeGqybBCgB8FRZIN6b7FjYjsHoexrqu2Te+kwtoxucYtAW8Cs+H6m0nNYqM0NEB1/J62fKkmp3peinGMQvhMDvuYC099ZX7Fw25KI+jkygWvBUTA38NXnUQlt7XFMh/UJMmmFL0MK6TZcod23qEU6bAP5OK0qPm8KyFBlNq90DkWpO77m5DkvqcxKzJIkoTWa4aatRWPsQqQz9Qf7HFHmP38iOvDogVs843ReYyIjuks3Vk88nVp5jkO4Cfc7LxYgYMJ70LBnBXtdJXHBsRnHfOVVbEM/57S99AuOjhKeZ0mEMcDwS2RW9HqGYXzZd8XVe99hqUZP6KmW9nWVVKBG7RgHSLT+AcjtlgWSpbmrq+V4tGXMNAvwHmC29G4FIarRVXESg1XhteT+kYH+OCHyXcyXzBpOfk1gaxladleaaahSGGtu5xohICcF9dpiafgf14vbpHmyLRtLXb8mHbBbFPk2qwV0cr1kUoajS9XnfqB5bhWPwDcelzUBVuZxwY4V24QioYs+ytXKf1lEYB8IdADmgcwP2tgF/DB8ohU7VY4Au/KAxQiWiPdZdIsWadlFrYTCsc9MexTA5WHPAASfhehxpR14P1+Ok/3lm31aibGpdwM1VK3KdaT3gGWRZnDz8VnGL0jDgqvEVpD9+hP7rKy5LH9V0TDeaMfLOFjzhIzn6WqrHNslvae7eCO3kzgD/f66SY/+v7czpSj3tr3RxXZF7en4axaZFD3pLaqURwCG1420qU+eNFrutIigCVvrn+26s4dA2diW735m5sCSCzzDw1vQXMzp9TPCfXouzeT0XSW0/GezQK+sN4quRNr+/v0eGRxD1X6kx3O8oc0gFaanOd4YTgSf3nlDlvSeWpXbmGnYnT5NCX680X2leA8KBKHUeU1d7h1FN1pIv+AIWOuWTp1WWgvg2Y2KONEQZ/gqkxB2xO6y4rMJ9atDGfATybXND4a1eXuyNhYCRDyO636j9X1RZInvNnLym8s2f7zXdZKO6zp+6RVDgfQ6zLpTFHMVja24mINYJoIIaK7RGmUNz4O6UXOtsDqwp40+MvmRzXsSJNMmSWRETZ66qHA6VXQE61/mk7ujwS/rOJH1xuVQXX2AeR4d63CqZu5/0uyYnncQoci1NC6dSvGEFghHPSU9KUeQRuvYms2C95ldqzdDBE1pzUyS7H506ZuK/bmxoNBaeGCP8dh+XgW0/eUuSoaQpMHGSu4qmBpiOTMSoBWUJmxBg9FVVpcQHknx/m4Xe4SNg0KkTJB3JXR07mHbI+MkpzwbC+EH0TtDkcxcgiKGhupBoEnuqz4nMa1eNB+kkrbJBm/o/p3qpoIQWP8d96uz6hZpCsacaVdP/zLCaKdKZw8rkDWQNZt3xUFYDGX6J8wE4PbF5AWPPf0lRBmpV/vFduquBQGMSKAvkKt/wjp5aXHbJKnDfd/nAmp7Ged0K8seJWvmJ2rvyMawgd1mr2cMZonOVlH1h5ZfvQ6T0UlXJHELdCIqJpIRrGB3gOoCYwXzY4D5CWj4I2KPrtaJ0KXbBsYdVJ7DCZWpMYb0gQ+eZcynNvtct3nopzULbHpzEyhWaLZNL9WTQcmZHQ5LAVf1rTOllFs9cRIKrdrffrN4+D1d/TooO5sy031eWs3qiDhkRfU2gLDBYWOyqYXFOawvacl5drdMPp4mCTiMkEIAcn1U+0nQs95JePDcKwcisftLqvC42wS75yAMWyCMbPXow6tzEUI6Az/wGcEhX9H7kUiJH3Q/Sc07aLxiSrYZm3F9VYf28Xwe/+mbhbjd2oMjEJbIMWslGFSODDlo1va/Bh00q54WuKvnGNNS9Vfbf1EA5O77SlvH1tKrofsmEp95+W6N1mODhttRIdoFVE3tMbmNNUaxZf8/CHtNtQH5RAUE9tskgmLtYGHJ9wrZ2XbZzCT+mhOAHxQXcwkzIKGNuzuUKv+xejIS49404/8fIGXialpUEpWJJATBhMmZ1zAmRx5tXAcheoYsWUOtN5E1bSIfZZsDH+h3wQtmRHZWko7sp34Otn3OLIi3RaQI+AdvtzVG/tHV7mFCXZDkTRQbn6QcJW9XnNfU78yp9Ys/BL6bkDtukYcFyuwEEvsugi+E/gQ2uZgPfZj8WbLs7Ff14/U4+4owBKFNPI7fK0KkcwWqSehg8xO+LWdNbMQBE2SOq+yTFajjcUbOdTKQ0UP4/UUSn3s3CndHD7qftMwPFmkO4H7ixWJCw0QABjt1HE2bcrl/uBQcg4uakp5LQYUG2+x0W4/VgeSbE1sYrzt20dKbXtcSGKSGAy9gWSQjHSgn67WvS9gttnVd/Mb+Ns5yQ6zz1sS+ObIxo04FfLng7A6SLOl+oYMxsj2sU5cm9LHBpPqrJgkLvSPKOJhXiCxLllRfRoxcwoMK8F6TE16szbpjiet+wc7CWaiGKOrNe1B/OdjcfncieAxzbQkZY4JACaBErJFQG9w8g7FmX7Mcfvpvy1uFQnmw5ZbowMW9vwj5WmW7RQSnanKqYTHxR2XAkatdm0V/39vD8jmx/6v4b6NvtMFVWkydJUk86MkJEeF+2DUUP9IAvyOjQ2CceiA3p/KpTwRAgZQJeHyH5t2jsxRuHmurY9KaoX2AIY83lg0CmLdJR3uBoe4b0uPQ6qj0KrNY7/AhPfR79rVBvNE8sgtw9eH5x6dXCP65qn2XrgNhSRLoEJilYYtmY/dKmzrU7NU10leJlFAcuJt4TQ55uhlVII69t1iYuchUr32RhqbOZ5dB6DPe4uXYX3xflVxqlrIhmKIyK/h6HH+PrwWl/zamKpDqZB8bT9N5zPLT2e4toX+DANPkKUVMtrk77TvQ9sYMw5kxDGGpFevUbs+kRHGF7mg4WXZuCiiOlY5ib0bjjqqwu3cy3wPoHI+IGSSYp6LZoboGIh0eFwdM5Z0VoLhAbPv2M1d7+tPLwWNjuYWg6xt7AHeihDfMM2jVwpzs83PE8e/BNvKOjqlJ0zYONgPwvsqTmlESDDeikTlI20TEJSn9regNTuUmEf6+cLRR/zaDT9VKXLmX12Hg7g4Los4SK0l7ZaB6MwJofVhXpKzpZnU0AD2ByqKOXxC4yQxu9xrg/x4zm2nWweUo7IpqNcFZeoSZNXtYcxN9ufC5ZW1FekIYksQw0FiCN7azbt22C1b/1LfsHedkc17hZBdYtw/zX7QQG0d5dkhrvAiwqGZFkvl5oInvC17HOtf8rZWmBjgmVNSot9t8w0gC+wSYDu6GGE25sUW4Ca9o4uZZJ8NN/uoivSwjiL/p5m99/4jhK4gotPdeZP2xWR7ChMXGZvtcxK2kvbyznNAH6QmhDdJBcUvoVZpNd1YQluYMMxhQ+2MPplWZ7BX9ggGmkX7okRw3q9Zf3bHAa5PYBBBDzJ9CsdsnlmkPjd8aHKNHF8fNiHby3wJ8XP3vcJJlapzJhcdL6YtBOyy8Fm/0u1JzFwdzkfjHgICYGhg7byt0YdnUj0NEWTOlyrQAAw9b4caqaVmxX9/4n6GL5/WZTFt5s+xa4fdPXYcd9Ryrlp89FqO1V3tISbDAaMReNn5Fc3RKI+iYC4oHeGmCWJrAtBOWkew7tE91StBbhcBBCa36j5spWw/uYS8lxypEc31iAh5xQ4pV4VgEjbiD1GnnqlfRKTJJJ0x+ew5tEg3Q5SQRkfv0t/l+CjHBZrD6t1ia5BagN353KDNl3+f2dVQk27R9kv/m8rReD8tA8/thny6FHIN67jg+fm4vmzzA2Hal1OrpXSofEiJ2diT9p2krRiP+jLtZZkE7aGPnZPkfQltJXjgcJxvUVHm0/Np+lKksqNUe6wHWMvl35iyAdChvPhVz6vepk32OLT0ehnfu9p9gpooYEB4K6f3dI53KrpvJrdOxIHRZjib/sxQFFx1lP/2qS9lZBmPY2eX6EEu9pI9h2sNS1luIZ5ET3s9nR7AY906cSbdwH0W+ceK/h/L745VlFd3tqO8bTbk3lNITpNyY1vVmkU7eP1OgiIfNPJF5yuHdFmno54OAGkpRb8zjFuXTx6ngock8RYRj1Yzi9MonwAyTwViZJ36lXLK+4J3bzTLTVf6yTQ3UCRd875Hn3LzviQ8HdjbHmWrE9wS9dphKDkAGA/Zvx4xI9wMwrRZEUwQI6NMXYSTflGGqjzeJH/jopFzLnr2CqK0+aUEeaY8woJR5wRao3yeuxq6c2JW7dOg5ekokFPFRBnq9N26RdveCoSu635zJSXNakCSMpTfL7UDvS+ZSVno0qeX+Fp2BRuqjVOv5+P1kTKvehf87/hIuHU/yXi0dFZbwfPeLBiODCS2fxV45njO86K6iE02EqjOL8BekBZsp7YXrb7ZqtgTBCg9hDQqmz4s/FlXp26zECLzYQUS6CZ2yOjM6BTFuuHuwuwN9MDyUj59ZeYlL7+9Jwcc+3DOc7hXEknp/LtpSKzW9kzbW+R+2MBct5zjdxBcBd1nPV3ngBL/Vv1Ck/B2EjWXBbbKEtuedZ1nHfFJs0aOvoglcW8+Qo/VNfcmbNai3r97nEUIvoQ1M3B4bHtF/+3r3ruzM1aLJKUGGrAmYj9zhC27WnNNDq09hjxIGZ1S61Yc/X1ZmrQkKqZfebMNvXwwJRQ70A1J6jWoDqelLkNrJj/nK8T0OIGW4M0DJp9u4wE0N11wGmDcdaZk2oC3J/QTBLaNUZmdP/z6G0GSww8LcdRYS5KtBqc+mwEsktDmK9/ClaWKW5bIaLIFzH/g8zDSdoJChgFRMwMnNENiyRt1dEMZjMf/ijN/9txYfc4y8qzXQF7xBTqOxMSix6quHD2ACd5ojDjnHw8d0T6by4wSEPk9t+XRWAwexFC/zIq8ZoVcO2N8coURcxRfaThRINTIOk3+7GeMm9vLyNGD1xUyDhJ3pHOqs7RFX7ddzoVNkYBCyMOkbk3z/fpH5SKqYnRgSoZq/khwB52axU3NNii1mVKBHWhJp21PteRs0CRWPT4rTKz7PeE8o2fWnJtdtuMm8hT0hrCYmlRTHQq5ZmRxlyeNSyAnFyoDzKBYW3BN9JzNcu8kKTIlgDHyADgF5DD7oq8j3GlZoSS9TwqLREwbQFBviikG0fp+fS29tqhG9iFyVlKopkYl7ExT6xgvoTmVTojSHdIy/Vu3mDK8ToBgA8T2obdi3aYCzyCtgBqrdx87w6yMSq0ehXXmREMDN9y6gbtyoxn9KuXj7A9sr0j9bTuJog2Ej4dhBGkCDXllFaM6CjMpKoIRvnuO8CjRs4JGvsauuAX8Dp4Mh3dU1Yb3IywO9zBxhlYFBDJGkFtr9TnZ/X4aErZYVwGBriwBjnrrJjNzvptUzDHMP7iqHOx1+L3CmXJMHi0mYjXtydtY0+RNTPt6KPnZDI4n6/F+fiGqLlTZ6lLV/cq440lECf1e00ZgZTeJZRo8MsAAXHVrEZhA+mvXH0wMOvlzTVSx0pHdtDgvnjOG5Xdu7HsssN6pucO/WWP612P93cQU6Ngy1EmZjNAnEFuhBMjq9jb/2hK1nomj4vMVrYH3OZXcRHQujUgeXF01R9ZoIgbHoVGfajZPcdJoQWI8+X4+GyLPo8lPlx17NCjvzDGhRGv+o4xo3R5HU+Ve1Q8boAvjIN9C0I6aTON+QUTcDTSnz4AAAU57SkC9BS1p8R/S6LURGJeaBCDa1GnFuY5N3uQcJ9bPLT67HD0+aYFGzq3IaNjIkoMsjF1Xq7vDeNGRyqouOkk7VerKUZwRaq3bXgzaALhkEBGoCnnc1iMrIDD/AufxMvm/HCPqVYFMibjlAEt32mhwlrovRETTRpun0Y1HVvISkTnVenjVu4rcJ+1frEXhwFfMckahEcAGbBdjPNnimRmMOxu+Q+7CNjiRlCV5S8N7DahSZHYWg7ttGdvy6NVMwZq6NjWDS95TB+YVf2zZfiuVup9wgE5aSbbKmB2yYcouzV2N50S3dmWHeLY+cGihw+V/MbM6XCpyZmlyw3k4qB3eDTQ/m9v9UVNj93cSqYfLyeLZZcMbvPvWU/KYhFyuV7gkw7zlU4ttAathn0Wo/Qhqe318Mjme4ExTPEFPMDjVuSYHyfv3onWF1kgK5MBQHz2cQ97kvv21qOkNG2/fMRPSaF6LxaudCOCCZS4rFVcCUsVpl0prseoXEiuki5WWG9Uado/dt3isBBrn2ZddFDxMJfEE4RF3mXdxhRRYY/0gAUhOGco7h6F4r2B8PIbDwdEeIyZr4fiHVMioYG4NM+KNy1rJmtg3CfC4cRN3XIhb3/FEFn8QhFSH332errSBZ3cn+PPiMseb/EQ3VGB6d1xGnSWul88bUBIWPkNZ5no2kV8AdOuX12724mDizchD7DqkH/mDKSh/x3/cFU9uWQUALz0Fc3DhC675ULGwENZG+8nqAIudBwfUTlzBaUliO0VvvSgtSyk7h+4FMkiRa8KZq2hzGa3Po4MbnF0HE654lwYXCfJKIDAWcxIPt7elC+gsUvb14BLMGImoD/idOHtvQ7XChr/iyPI2w37nu9bk0kJatPOWNerRjmlJ80zDZG5aMZfewv6IEWwOgjB1H2Rb35Df7WxVd8lRNbNmk3ZPsxOCrDeyzCqk5kPbkZRA39vovZZZvv6GPnEcFLdyaSmjTFbWKpumaefc9cw46w8MOCvJTFUHz+r7gkyGNlnxh+vVO9tiSHkbS8p4HNuH9noMkNZAEwWygnEeGobchz4xRBS3yDXPvg5m7jZgsBYPKx1rqWTj9KDdTR7jTe+4TyVir66kw9lzCE6mWzTcB6BUw4N3Tn9Yj5bACde32LcjsRiOErDOtYkt2Sg8uxqXgs2XPwGkengbaWu0gGBK3+Jxyk6Ydbt2pFBA4DlgIn2p/6U5NS40BPhEzJc+LgmOTP/WbXGZN/vw1NiFyrSQ/+U6Qtbn/Sfy9TZtowOp/rlNS5J82T49vszFm+1tXe7IJr7ZOM1oRXFU1oT+eDiyVpnEUGsCnTqTgFzhZtAKb9Oru+kJtKWRJDifXZawMhImUPThgTwPMpOxNtfxWckBZtk2BFl3549J1j/PwP3qqGZi0PHOyW0RY/AKqyC2+Z8pkVnZPBAgV+s1j5KkcdB2XvDn1RgxXoXgFM/CBYtkDNngUMrzzXt5whVkQ3JTaR2cjd00je9wthNdDWF5NHpP2VmUFGZJzrcfxM4MrNwpfGTzgNPW+htHTlREiniWCLV5ZnlvymSERrit4n8N3pT+48Jef5S92EYnS5oxnPOuvT8UAswlulatckhzcuhBORLaYDxn0XJhO/LGGgDwTInz5j+23SRPeQPYu72zWdlVbjK77eCy2anBglmEuBMOZLy36viExcAzfwbYbYCA4hcqCobONekCfKO04EI4gCXoNLGbUbT8KDlv2wDmAIshZgO5HacWg9zFo9gEjbGOLG2zsbiik+sSwpKkkzWxLCsXXjgouexbPU/v65q5Rcf1MNul31trXVPvkCr6lmNnD1zriBEPMMZWdBHlJpdBRp4Pf8JpEioSlXGSmMd0HrBhApw1eIxzuVUdEhIvwDrGf4W5kT2v/D8DslbgbUqWR1DhaBE27RFnM+3dqqFs8SDJ9WC9duVUy0zd97bJnSxsZtORJFtvFh+axPQ==</Value></TokenEntry></Values></UseKey><Claims><Values xmlns:q1=""http://schemas.xmlsoap.org/ws/2004/04/security/trust"" soapenc:arrayType=""q1:TokenEntry[17]""><TokenEntry><Name>SessionKey</Name><Value>SplNlxFT0dK8Cj7Aso1oOmhUPhkakh1btmU8aKVJjqWVzkhMWewcXZdd3SV4f+XGvamN2XQYqt9qisOpVsNL4qodA4r8l6wi5P5g1lU1ZDLUL+Ba1IzIUx27r+Oj1WgxLY03Efq9taJsyhxvCGV47q3sL/tfDU7QPSrn04rN3HgRpeVch1X/n3IyUO7ubbT//X4y/6tH/kk2plQmvmqoK4h9YwOS47Asf/ewmIeIAcb/+SScsMkpKksC7TLuwvBarCOlQpSKqV01ieXtwZ3C9hojWGyyw8rdFA0oA0fKCQ+nXjSmlXTiTx0T5W3d6l5wnB8mjl/43ldun6JIZIeqEw==</Value></TokenEntry><TokenEntry><Name>BindingType</Name><Value>71DT97jFJpvUxKftAZ97mc6FEkyLr4S51X7QGLqFmcg=</Value></TokenEntry><TokenEntry><Name>Binding</Name><Value>n9bkcSxfUl6xrCHoRsGkyRZ3z9Y/1p4jx341vxTuxsh521H1GuaUwSMdPCW34DY667PzJ9d0NxjqxFATVKeeF/WYDOz4rnAABP5bZ8ojAPA=</Value></TokenEntry><TokenEntry><Name>ProductKey</Name><Value>AGSmsz/woJ14rE+vt4gF6T0kBKUI7uK2TOqqi80Ju8c=</Value></TokenEntry><TokenEntry><Name>ProductKeyType</Name><Value>71DT97jFJpvUxKftAZ97mUdmhG45BhbbYv4iLRTjy7Q=</Value></TokenEntry><TokenEntry><Name>ProductKeyActConfigId</Name><Value>G4cJ4I7DjH02TVzKkXxaQXtoe6IRfHgVdc6L1duRvm35R5SRJhXPOr9X0Dkl3TMyeTBfmkLNq86k7xPxdHsdwKqtkfscowzIh4aeORyrvgw=</Value></TokenEntry><TokenEntry><Name>SppSvcVersion</Name><Value>zZypQIUTxsHzQA+jSxL5Lw==</Value></TokenEntry><TokenEntry><Name>otherInfoPublic.licenseCategory</Name><Value>weRBH0+eaKy7vt8/St0sDrSdXib86A2OzuHdkDvNYm0=</Value></TokenEntry><TokenEntry><Name>otherInfoPrivate.licenseCategory</Name><Value>weRBH0+eaKy7vt8/St0sDh2PfTVlkkgniIvd3Ymhe18=</Value></TokenEntry><TokenEntry><Name>otherInfoPublic.sysprepAction</Name><Value>J2ZuGmgR/JDpYgLE4g/xQg==</Value></TokenEntry><TokenEntry><Name>otherInfoPrivate.sysprepAction</Name><Value>J2ZuGmgR/JDpYgLE4g/xQg==</Value></TokenEntry><TokenEntry><Name>ClientInformation</Name><Value>KKyaOqOVQP//F0QcSgVaAjLrjLMGXGLFQu/1npg4BEBBzEpR3k2T5ncibOZMGm4ytzlS+S7ElVkNmct9207yNw==</Value></TokenEntry><TokenEntry><Name>ReferralInformation</Name><Value>nS2ZRSYXUdxQqhMsWidI7Ggznl8pZp8FhtaOP1xG1QXrhm1tsK2DRz64Lst/gPZ3/6AfRQw2BqMlOfxoKyVdvQ==</Value></TokenEntry><TokenEntry><Name>ClientSystemTime</Name><Value>/4H7viues7dvNFpMshNfsPk1V1azfdwyfP9yXSE/iwc=</Value></TokenEntry><TokenEntry><Name>ClientSystemTimeUtc</Name><Value>/4H7viues7dvNFpMshNfsPk1V1azfdwyfP9yXSE/iwc=</Value></TokenEntry><TokenEntry><Name>otherInfoPublic.secureStoreId</Name><Value>D7llRFmQxw4nOere2A9H1ABRLG53U44Z5jHY/+E3aQcifeZGvBFelV/R1uDtAF0K</Value></TokenEntry><TokenEntry><Name>otherInfoPrivate.secureStoreId</Name><Value>D7llRFmQxw4nOere2A9H1ABRLG53U44Z5jHY/+E3aQcifeZGvBFelV/R1uDtAF0K</Value></TokenEntry></Values></Claims></RequestSecurityToken></soap:Body></soap:Envelope>)
00010002(0x80072EE7, 22:27:08:038 - <NULL>)
00010003(0x80072EE7, 22:27:08:038)
",,,,,,,,,,,,,,,,,,,,,,,,,,,,,,,,,,,,,,,,,,,,,,,,,,,,,,,,,,,,,,,,,,,,,,,,,,,,,,,,,,,,,,,
2026-03-26T05:27:08.041993Z,"{'#attributes': {'Qualifiers': 49152}, '#text': 1014}",dc,Microsoft-Windows-Security-SPP,Application,121,2,,,,,,,,,,,,,,,,,,,,,,,,hr=0x80072EE7,753c53a2-4274-4339-8c2e-f66c0b9646c5,,,,,,,,,,,,,,,,,,,,,,,,,,,,,,,,,,,,,,,,,,,,,,,,,,,,,,,,,,,,,,,,,,,,,,,,,,,,,,,,,,,,,,,
2026-03-26T05:27:08.084727Z,"{'#attributes': {'Qualifiers': 16384}, '#text': 1003}",dc,Microsoft-Windows-Security-SPP,Application,122,4,,,,,,,,,,,,,,,,,,,,,,,,55c92734-d682-4d71-983e-d6ec3f16059f,"
1: 753c53a2-4274-4339-8c2e-f66c0b9646c5, 1, 1 [(0 )(1 )(2 )(3 [0x00000000, 0, 1], [(?)( 1 0x00000000)( 6 0x00000000 10 14388)(?)(?)(?)( 10 0x00000000 msft:rm/algorithm/flags/1.0)(?)])]

",,,,,,,,,,,,,,,,,,,,,,,,,,,,,,,,,,,,,,,,,,,,,,,,,,,,,,,,,,,,,,,,,,,,,,,,,,,,,,,,,,,,,,,
2026-03-26T05:27:08.106255Z,"{'#attributes': {'Qualifiers': 16384}, '#text': 1003}",dc,Microsoft-Windows-Security-SPP,Application,123,4,,,,,,,,,,,,,,,,,,,,,,,,55c92734-d682-4d71-983e-d6ec3f16059f,"
1: 753c53a2-4274-4339-8c2e-f66c0b9646c5, 1, 1 [(0 )(1 )(2 )(3 [0x00000000, 0, 1], [(?)( 1 0x00000000)( 6 0x00000000 10 14388)(?)(?)(?)( 10 0x00000000 msft:rm/algorithm/flags/1.0)(?)])]

",,,,,,,,,,,,,,,,,,,,,,,,,,,,,,,,,,,,,,,,,,,,,,,,,,,,,,,,,,,,,,,,,,,,,,,,,,,,,,,,,,,,,,,
2026-03-26T05:27:08.114692Z,"{'#attributes': {'Qualifiers': 49152}, '#text': 8198}",dc,Microsoft-Windows-Security-SPP,Application,124,2,,,,,,,,,,,,,,,,,,,,,,,,hr=0x80072EE7,RuleId=31e71c49-8da7-4a2f-ad92-45d98a1c79ba;Action=AutoActivate;AppId=55c92734-d682-4d71-983e-d6ec3f16059f;SkuId=753c53a2-4274-4339-8c2e-f66c0b9646c5;NotificationInterval=1440;Trigger=NetworkQuarantineRetry,,,,,,,,,,,,,,,,,,,,,,,,,,,,,,,,,,,,,,,,,,,,,,,,,,,,,,,,,,,,,,,,,,,,,,,,,,,,,,,,,,,,,,,
2026-03-26T05:34:07.856272Z,"{'#attributes': {'Qualifiers': 0}, '#text': 1500}",dc,SceCli,Application,125,4,,,,,,,,,,,,,,,,,,,,,,,C:\WINDOWS\security\templates\DC security.inf,,,,,,,,,,,,,,,,,,,,,,,,,,,,,,,,,,,,,,,,,,,,,,,,,,,,,,,,,,,,,,,,,,,,,,,,,,,,,,,,,,,,,,,,,
2026-03-26T05:34:37.675332Z,"{'#attributes': {'Qualifiers': 32768}, '#text': 6000}",dc,Microsoft-Windows-Winlogon,Application,126,4,,,,,,,,,,D9060000,,,,,,,,,,,,,WSearch,,,,,,,,,,,,,,,,,,,,,,,,,,,,,,,,,,,,,,,,,,,,,,,,,,,,,,,,,,,,,,,,,,,,,,,,,,,,,,,,,,,,,,,,,
2026-03-26T05:34:37.706771Z,"{'#attributes': {'Qualifiers': 32768}, '#text': 6000}",dc,Microsoft-Windows-Winlogon,Application,127,4,,,,,,,,,,D9060000,,,,,,,,,,,,,SessionEnv,,,,,,,,,,,,,,,,,,,,,,,,,,,,,,,,,,,,,,,,,,,,,,,,,,,,,,,,,,,,,,,,,,,,,,,,,,,,,,,,,,,,,,,,,
2026-03-26T05:34:37.918579Z,"{'#attributes': {'Qualifiers': 0}, '#text': 260}",dc,VMUpgradeHelper,Application,128,4,,,,,,,,,,,,,,,,,,,,,,,,,,,,,,,,,,,,,,,,,,,,,,,,,,,,,,,,,,,,,,,,,,,,,,,,,,,,,,,,,,,,,,,,,,,,,,,,,,,,,,,,,,,,,,,,
2026-03-26T05:34:37.919859Z,"{'#attributes': {'Qualifiers': 0}, '#text': 272}",dc,VMUpgradeHelper,Application,129,4,,,,,,,,,,,,,,,,,,,,,,,,,,,,,,,,,,,,,,,,,,,,,,,,,,,,,,,,,,,,,,,,,,,,,,,,,,,,,,,,,,,,,,,,,,,,,,,,,,,,,,,,,,,,,,,,
2026-03-26T05:34:37.930996Z,"{'#attributes': {'Qualifiers': 0}, '#text': 108}",dc,VMTools,Application,130,4,,,,,,,,,,,,,,,,,,,,,,,,,,,,,,,,,,,,,,,,,,,,,,,,,,,,,,,,,,,,,,,,,,,,,,,,,,,,,,,,,,,,,,,,,,,,,,,,,,,,,,,,,,,,,,,,
2026-03-26T05:34:38.113088Z,1532,dc,Microsoft-Windows-User Profiles Service,Application,131,4,,,,,,,,,,,,,,,,,,,,,,,,,,,,,,,,,,,,,,,,,,,,,,,,,,,,,,,,,,,,,,,,,,,,,,,,,,,,,,,,,,,,,,,,,,,,,,,,,,,,,,,,,,,,,,,,
2026-03-26T05:34:49.983182Z,1531,dc.danglingtree.htb,Microsoft-Windows-User Profiles Service,Application,132,4,,,,,,,,,,,,,,,,,,,,,,,,,,,,,,,,,,,,,,,,,,,,,,,,,,,,,,,,,,,,,,,,,,,,,,,,,,,,,,,,,,,,,,,,,,,,,,,,,,,,,,,,,,,,,,,,
2026-03-26T05:34:50.845262Z,"{'#attributes': {'Qualifiers': 16384}, '#text': 900}",dc.danglingtree.htb,Microsoft-Windows-Security-SPP,Application,133,4,,,,,,,,,,,,,,,,,,,,,,,TriggerStarted:6,,,,,,,,,,,,,,,,,,,,,,,,,,,,,,,,,,,,,,,,,,,,,,,,,,,,,,,,,,,,,,,,,,,,,,,,,,,,,,,,,,,,,,,,,
2026-03-26T05:34:50.916608Z,"{'#attributes': {'Qualifiers': 49152}, '#text': 16394}",dc.danglingtree.htb,Microsoft-Windows-Security-SPP,Application,134,4,,,,,,,,,,,,,,,,,,,,,,,,,,,,,,,,,,,,,,,,,,,,,,,,,,,,,,,,,,,,,,,,,,,,,,,,,,,,,,,,,,,,,,,,,,,,,,,,,,,,,,,,,,,,,,,,
2026-03-26T05:34:50.956886Z,"{'#attributes': {'Qualifiers': 16384}, '#text': 1066}",dc.danglingtree.htb,Microsoft-Windows-Security-SPP,Application,135,4,,,,,,,,,,,,,,,,,,,,,,,"C:\WINDOWS\system32\sppwinob.dll, msft:spp/windowsfunctionality/agent/7.0, 0x00000000, 0x00000000
C:\WINDOWS\system32\sppobjs.dll, msft:rm/algorithm/inherited/1.0, 0x00000000, 0x00000000
C:\WINDOWS\system32\sppobjs.dll, msft:rm/algorithm/phone/1.0, 0x00000000, 0x00000000
C:\WINDOWS\system32\sppobjs.dll, msft:rm/algorithm/pkey/detect, 0x00000000, 0x00000000
C:\WINDOWS\system32\sppobjs.dll, msft:spp/ActionScheduler/1.0, 0x00000000, 0x00000000
C:\WINDOWS\system32\sppobjs.dll, msft:spp/TaskScheduler/1.0, 0x00000000, 0x00000000
C:\WINDOWS\system32\sppobjs.dll, msft:spp/statecollector/pkey, 0x00000000, 0x00000000
C:\WINDOWS\system32\sppobjs.dll, msft:spp/volume/services/kms/1.0, 0x00000000, 0x00000000
C:\WINDOWS\system32\sppobjs.dll, msft:spp/volume/services/kms/activationinfo/1.0, 0x00000000, 0x00000000
",,,,,,,,,,,,,,,,,,,,,,,,,,,,,,,,,,,,,,,,,,,,,,,,,,,,,,,,,,,,,,,,,,,,,,,,,,,,,,,,,,,,,,,,,
2026-03-26T05:34:51.032508Z,"{'#attributes': {'Qualifiers': 16384}, '#text': 1034}",dc.danglingtree.htb,Microsoft-Windows-Security-SPP,Application,136,4,,,,,,,,,,,,,,,,,,,,,,,,Security-SPP-WriteWauMarker,500,,,,,,,,,,,,,,,,,,,,,,,,,,,,,,,,,,,,,,,,,,,,,,,,,,,,,,,,,,,,,,,,,,,,,,,,,,,,,,,,,,,,,,,
2026-03-26T05:34:51.042744Z,"{'#attributes': {'Qualifiers': 16384}, '#text': 1003}",dc.danglingtree.htb,Microsoft-Windows-Security-SPP,Application,137,4,,,,,,,,,,,,,,,,,,,,,,,,55c92734-d682-4d71-983e-d6ec3f16059f,"
1: 753c53a2-4274-4339-8c2e-f66c0b9646c5, 1, 0 [(0 )(1 )(2 )(3 [0x00000000, 0, 1], [(?)( 1 0x00000000)( 6 0x00000000 10 14381)(?)(?)(?)( 10 0x00000000 msft:rm/algorithm/flags/1.0)(?)])]

",,,,,,,,,,,,,,,,,,,,,,,,,,,,,,,,,,,,,,,,,,,,,,,,,,,,,,,,,,,,,,,,,,,,,,,,,,,,,,,,,,,,,,,
2026-03-26T05:34:51.087078Z,"{'#attributes': {'Qualifiers': 16384}, '#text': 902}",dc.danglingtree.htb,Microsoft-Windows-Security-SPP,Application,138,0,,,,,,,,,,,,,,,,,,,,,,,10.0.26100.32230,,,,,,,,,,,,,,,,,,,,,,,,,,,,,,,,,,,,,,,,,,,,,,,,,,,,,,,,,,,,,,,,,,,,,,,,,,,,,,,,,,,,,,,,,
2026-03-26T05:34:51.135621Z,"{'#attributes': {'Qualifiers': 16384}, '#text': 16388}",dc.danglingtree.htb,Microsoft-Windows-Security-SPP,Application,139,4,,,,,,,,,,,,,,,,,,,,,,,,2026-03-26T05:34:51Z,2026-03-26T05:34:51Z,,,,,,,,,,,,,,,,,,,,,,,,,,,,,,,,,,,,,,,,,,,,,,,,,,,,,,,,,,,,,,,,,,,,,,,,,,,,,,,,,,,,,,,
2026-03-26T05:34:51.184901Z,"{'#attributes': {'Qualifiers': 16384}, '#text': 8230}",dc.danglingtree.htb,Microsoft-Windows-Security-SPP,Application,140,4,,,,,,,,,,,,,,,,,,,,,,,Security-SPP-Action-StateData (REG_SZ) =AppId=55c92734-d682-4d71-983e-d6ec3f16059f;GraceEndDate=2026/04/05:05:15:51;LastConsumptionReason=0x4004f00c;LastNotificationId=NeverActivated;LicenseState=SL_LICENSING_STATUS_IN_GRACE_PERIOD;PartialProductKey=7H9YG;ProductKeyType=Retail:TB:Eval;SkuId=753c53a2-4274-4339-8c2e-f66c0b9646c5;ruleId=31e71c49-8da7-4a2f-ad92-45d98a1c79ba;uxDifferentiator=TIMEBASED_EVAL,,,,,,,,,,,,,,,,,,,,,,,,,,,,,,,,,,,,,,,,,,,,,,,,,,,,,,,,,,,,,,,,,,,,,,,,,,,,,,,,,,,,,,,,,
2026-03-26T05:34:51.762154Z,"{'#attributes': {'Qualifiers': 49152}, '#text': 8200}",dc.danglingtree.htb,Microsoft-Windows-Security-SPP,Application,141,2,,,,,,,,,,,,,,,,,,,,,,,,hr=0x80072EE7,"00010001(0x00000000, 22:34:51:739 - https://activation-v2.sls.microsoft.com/SLActivateProduct/SLActivateProduct.asmx?configextension=Retail)
00020001(0x00000000, 22:34:51:741)
00030001(0x00000000, 22:34:51:741 - https://activation-v2.sls.microsoft.com)
00030002(0x00000000, 22:34:51:741 - 0)
00040001(0x00000000, 22:34:51:741 - https://activation-v2.sls.microsoft.com)
00040002(0x00000000, 22:34:51:741 - 1, <NULL>, <NULL>, <NULL>)
00050002(0x80072F94, 22:34:51:741 - 0, 1)
00040006(0x00000001, 22:34:51:741 - 0, https://activation-v2.sls.microsoft.com, <N/A>, <N/A>)
00020005(0x00000000, 22:34:51:741 - 0)
00020008(0x80072EE7, 22:34:51:750 - SOAPAction: ""http://microsoft.com/SL/ProductActivationService/IssueToken""
Content-Type: text/xml; charset=utf-8
, <soap:Envelope xmlns:soap=""http://schemas.xmlsoap.org/soap/envelope/"" xmlns:xsi=""http://www.w3.org/2001/XMLSchema-instance"" xmlns:xsd=""http://www.w3.org/2001/XMLSchema"" xmlns:soapenc=""http://schemas.xmlsoap.org/soap/encoding/""><soap:Body><RequestSecurityToken xmlns=""http://schemas.xmlsoap.org/ws/2004/04/security/trust""><TokenType>ProductActivation</TokenType><RequestType>http://schemas.xmlsoap.org/ws/2004/04/security/trust/Issue</RequestType><UseKey><Values xmlns:q1=""http://schemas.xmlsoap.org/ws/2004/04/security/trust"" soapenc:arrayType=""q1:TokenEntry[1]""><TokenEntry><Name>PublishLicense</Name><Value>wXNTFImFsJ8nA8c1+H6wfkkPbDR8Vu7OH4LEu+NO9/01eX6qE1h6TBpOUaZ4vlhwcgAGyI+ExekmnVPoxB4d2OGz+wRNngt6Ybch8YmrgSqqowyK+5zReapfXPf1LDMwoctol+fsvDtlrhR4ryPY7DERajvTQP8//VsAGe2KA7+6HicE9vR+Xmvuuq8wBB2+kU4fFt/a1H5T+DSfUv7d3poioWsoQk8YLXUf/ZND7CnWjGoinm3eOrCfbza3kRsPZk5MttwxBhS9yjkQQ4rZQazFu1DM39x9Oo4WmAREzUkIWPZY0hBpZbCQRHxOrikEWTGxnbjtN6XWfdPtqGo0GYcqjwd1gIw5+YidYf+kFcIilerCfG0EyP4tUbbopJ10f8IURGmgJBnbL6EQZ6vfgVfSOyS+fILf0t+Y1mCixM9vzvycKo65HrGJkEkhlTupZiSZL+ZC6jwhXloPWk8Mz6vPO8q6L7732tnTkeLjV5mZfsQXSlmhEoGQL4FGXUZjInqQj5uaHiCf1M/dfwaUqRa6qGJ8q0/C7dYXxWzxbQJh/5xIlTczNZ8WLGvC3Qigz5n22HcJPE2oAGCny+dS6iGgJJwTJWR+kaTQuQoBiePDKvPsOcSEWTMmZaOfWHOenCn6wgsLVFPsdn4nU2J+f5osCtdp+kf+AQzJiJqcXVHWfcmZzvnXgYBo9lspY6j85q41XPKHZVaIUvVDph/0hS3x6dmMyT9MOwEsKjyXEvSrWCvWTE2MHUlZpB8DTHRauTveh43BDL21VwzWnP+QJ0phYEP1WylFPNPfdvZjY7sZ4Xa2+apPHOZOxQkATly1tA6RN0qE66Bmn3HGT7rDBKTaf4Vw94FWBp8J58BYE8I9rZASBFMRrmfXjOkpKbMbOMNtfoIJESneXnQDEkl/rvUnNrI1XEYXCiehcSk8T+Ud27K3luPCJfubI2WKILwfeoaHYYTIqWgyWEsIOwD861Z1hnVprokulCmXxk+8PaOdlVBbBetntghJmRo3ahCBWGZEGs8RsOHdUDTl/btQi7x7rzuFscg1cgT6JI3A2NviybkMit2oK4BGASYEX7AYe1KTCDGKL70zbtBlo6RUQP0GyqLnf6Qs1JH4lqE5HLixBPXQipF83dJjAUI1MBJnxnLgjHF6NqZIK0psuC3o+NlYSxPYYGd1U3UYwelX5RMUoaGCkAmC1iJJlYMzzyFPdcliI4gJkibEX63D60CVJhmWpG/l5goqUmrJjVS5Ii5nM496zqLKKAoSb1dJruET01AZb4Ea9lXyRkPyYiaFeK3c7fWUjQYOYt8CXjRhZhuMerWmdaOgR/osnkAyQcYmK7zaq+w7xNYFyFCVu+cJ5GQzz1GKLVN/bWHdROq6lLE6KN9/vPhvKNdAKE2iFtCJIHTa0eCDF84mJwiDD02cBRp8EJkyX3b+zJBqmPJUqYooJso0+Qbtg3cixvcUv5ejqCC7j6XrGXW9AbsGOsQnlJvTIrNJN6g8+pciFa0C/SinOCLOVgVvQysMqb8T5Af+k2rfA2TxTVq0mVtOW2RN+ooShdLMN5dU4lDcsKpVEi6IQakt66GJ5iMP+rPattJanTWRE/FS065Gvn7Qmv4IhblZxhqR6J8DHyjeDWij6LzuzB1OmC/kpGRFqKhwL+Lomfy3MZvRPq3NG9GpsdNR7e8OL5/7E1hNJlB4cZOywIBineOFm9DqbnMi/Ga0Smpc6dp4VMK2s4u4fXTb/gyDtuk/kjPbH7GQWEUduGLXFS0R2linQ6jSfI4SEKx3R6zEe3jAqIlLZ/TndK/wyFJ9O2rYlbxTmerfzFAZD6XsYcMgNshy855CzYZ1HNprCDxJOAM63OGoeGCs5/UcHKSa+6Z9rziiRD/+7j+RFXonxcc845s2kGdLrKDuvd1JmcXvI5ai8ZNzaj5sCWxW/RJSMNiR9PToO1VH2OMandWHzQZokMxGAIdkRX7YoVQwrV3qZF9eYU2a6cRYW0ugpFtkjUsQVQ+V0h7cBarH4hLHs/fXYhqG5u0qr8iD4Afw+vo4RpRg/zexr1tqGs1vkV6+5LHCCVI3pD4CMSZTSuQ/2BpmLm0+bYW+KITPhdEWN9/aaDuegBr5NG0zZY9u2NbHrvtMaH1jaDing5D2MjOdqd73thq46KrDqzrSPDqRAZBL3DuP9vEMJTU3yFqWAYrr2R5l9e9ZLDUMS4BqaYhIz4frIgrWnzsnxvcvkVBzmbTQ8dNf3cW8d5xqV91WohoyPi51Lnsee70hLtLg/2YFzE3ToXd1aMAgTjDeljRrBmvxMajA9edToAiDWimiY0cAXy1SeivuiIr4rgLkED391xBcHek2hAGorZX+5yh5OLanuw2ihVhv4AyitU0fRlb/O+0r/IoBf+3Ab4vRwRLKHx2LMqxzOz+2WnMIcpjV0sAZvLc7HPWTQCU9LVhKZCtcs52tauNi9/Jo27Ozmq+rzxUMvbtEPHuGxILRg/In73+EsOeEdkp+zpOhmPS375F+BmxZso7hXZzIu1nsxYXY99Anjy2rP7rH+iUYm7fVWE9mUCdDah3U5ZMF1HlTUKtQ8GzgA6qa6EZTEu7HXO0c9jdakieAB3yRwyD5TnDicQsY+vQlzRQL1pexB6vUQlcAV9QOX/HL8dprLEOF+Xqv6uH4QaMQdV/G3UQRGRXyvpJsZsgqq5a2nrQqMW6eTiBYs3meldGxFtM5hKr5NbbXi58mB5lxl5bleamjW60JWNkTMJKXz/Y4wPe0CmfFLuLtI7vPwwf6VhNOH2mAvVRJ91T323tm+QXjstx9jfqExpukwI0qAXPqef6HrQz8aG5cD2QKtPPQpkq9T6JI7bLuzo3fYm+mzS8exvasRsXPoawTZEtBIkP74qoY9ZIL5eSW5rqibnqx/z9JO3gKTbrcSwblSRLf30XwCSxxjgDmLOybyny1oXEL5itB9ZpaHxpunssQtKodC2poWmCyjbG9Q7e6Dqauvzi1Lh0d4G45ywJruWFoP4LlybosV/jXNAdko8slA5pPPRDU7mWy0JfEKRiuX63YoE5NVKe+xHCFyS+658YyH0xblN3B8I7LwYCN+giWr8hGVtYhhprLg9Ji5Kwa7tmH+Ht8Md14VNeF1A2HDaYkjQfOfYEfW6Qhb9iLktWci5LC8HRX3A81qtL6iB81U5P6xZcXQd+fkWSOrSMajAhbLYA1QjmmK+4r2AoT93m6mm2tWrnzfXxdJi9C/x/Bvelwxu18KJ/ZTrp+arkEVAHbqgELekBqiVOt3O8ntCtCOrBMm2uItbL9TWpxxYT156Uog7QTk7oGOR133/iTvZaGCvyOeOK7FtnBcO+hhY/NWhXIZODHrMDq7OkJiF5VgfYH6O5PlnSUbmtgLJTSg+PY3hgxjhzOXQLq4fqHa9J+bP3M/OGIAwZ8PAAr/tAGuE6wCnTnDAkkiKRUYBa+nxBEA9ufjAWaHn9aOPHx27ykNdb5fIwpkXXbx8oNCQdma9weWyXfD+N2uvo2bx4ZKL+P7LGzWKa2pTozSL0SuENSdIcfr2YI5AU8ofSipd3QzcAB8dUeDxT93DElYWqG8UkmHIqfTjcESYjZzN0xZKMDb6WV2JbwM+A3TAcst4UzCDpayS+e6kgFb4BPuuF5/Gr2kcekjJ4LhW1R9InyF1tPtAMZxmLaxvucwMY4tYRg3kmzWrmKwywaKluoQ35C3xYJfK7sdlpqPAdkIrVL1B7p3cut2sgJpA2JkJ8z1b4q1PfBrqM3wNduSrTQLxO4HtyHxHOQcvoYVpHwre7Jy3bMM9bhZvYWaPhrujWBkwaqO/3zMayxts1OicV1UayQ5wGCqwl3GUE3gl1Wc5PR4PGuf38O2IKhipXmg2dtil4LNmPmJoe3Zg2sC6qOXsjlxhOLET0LBdnfIn9DoESHD9LiVnxULQ4CPuf4tj5FYFzqyMkMkB883s9fvi3gXSugk5Q3p2wVpbGtX/ZawqiyDOe6Nm26HfgzPcm/j9xD3JT963mEQBvYrx8BjbElhErN2oT1hJxt9ZYU4P1HQ/YdX7+sM/Z1VKz9EwREVn+pzIkR1E6trhdG2oVrpOrrzbJVORLW0iBPwdIB9suJCrTmpnX8z+VKHmkPlX3W8N6rJ9cF50S5KXNtYVvSEVC8/zRGUNlYqv+bAgjUI5UiaNSlK7XzpJt9VeHuVHuPvCZ4mYIPhHuMyZ7+v77kAerTT3D8jAkxX+eyDiExempFGqjEqOWjxytvTbZnQCtTQXH4Xl8VQl4WOzNLkrJXlCowtVCV3++IompXWsgW4c4x1QV9Koner8JRkoC5KnvNQxOMUmWdjfnGHrL8e6hfEbondTE8KRxezzNU3+3/zvf7Zkbv71VrJcf2iABunGMYkkzz/rWBkLgb0rqNQLnusA8q2Tb0A97DhVFq4Dsf8jTZFWaMxSIaF4IlmNp1M7GRUzGAMiNXQpq1K65muL5G2x0Snbml58OF60HBfm2JIQe+obs26Z91V5/liw9ppoo2QFwhfLWh7ar9ysSYymHbo2Nty3tvQMjxeTGx98j2WCAVOIuwPPQNb1nVI4DSzrZa/oNcBrxnmu8edz2+dVhSyqMw24zqwvNMaWBsObpDqxkgtegJp2S435lJWjckgqX6Cqu5qRA2xma1a/82w9SnCGsUqjaWb5nuiwawK1VpUL0y2XGtMchcjxVHIAtq8ZrKPPUK8GkctsbTeWMXMjOFOopzRrlwQmkZHsJ1xcudjUztYIF7ZiudxoOZlFZfF3AgwYB+yA/JFzf4Cmc50XFBSC2WhB/GBik3jFO/9NljKXXQNq7UFkenl857W/K82fKU2lC5J1f/gBwsRyBKK8LtmqfcqdSSc/C3AAfy4C9CN9PhTyrqvmZhyA1LUaCAjnYJtHu6AUEIbgt6qZ1ZSKyrji0Z1w216PMUuR5qkNHgAuo6Q0WNHiywYtqrM7m6hnAVYuz2n4ul/dY0TrdmHIN4Jrd6ChADcKC2+sp95pO05ratyz10+0F+MZLc4wbp5r/kRBRSTPm/Ynuk74fWAuE4hvqyZGjyNOMfyMjZD2uTYp0FCoffDG6EcK+bnTg8V5cdHEqJbxdrzoOE7/mwMR451Gln7wqw60I/LOnW+F/BrKZLp2OqAGariHQxOYjjrYWH8G7pRFbYb1QztUWpZXm/QLMw//KlPbFgAldt3+4pJzlxV+wVlsu7ADR5DuPHxU4LJuLmO3DMgDhb/rEM1ZKl7JPzSsMFhCAPwoD+SWhGfWyRxRbp5RrE2LQc43Y4Hkbs99i32femtsIxWZxARo41V5wJ/DY5gZ1Hq4CWXgWzRR9bQuLTFY7xFAPRIj4dTLcWVO7fcmy45Qgy1zWUS3e4qScUeRgRzK+dN0acR5qm0PY3ub8GDZBxlyWSsOcWzE+KFavLRvakSvAB409JlNtdjEeU1nEMbC+a/hx1ISAjrS2kE+J9Efg3U6qTRW9I+DU+Mbzv2i0Ugl8DQ+wd1E+8KuUqPLjzqf+TDcpLGnPIgMA0LJyWxT+WpoNNZJRNZnTAdoGg0iC52ausODDx0aDh5333fVYJ4tmzKD/z5HB8U1HK23suFkyoItgnfzs7iCHniabzltdh9Dt6F2eCtm/OMrAu+L+n2D5/oRBvKvVqNwpfET2HQKU34I/4lCuroUm3MheCiih+7I+cWZLjjAG3nLVCjoiFu6rvLryDiEgkyjs8zFkKLATs7vF764cX57ff5gsQMpA/zW3Sdfpxg2q4A+Lg6a91G/9o/g91GKboj3Na3oJh+SnozIHqXn2m72r+7YLo+Z2PqpwFRdGxFxhbunVKwS3tU+yJyuNoe8SLxB+2vMG3FUd6KMt6RNmMdvSckd4pvdzk3aLv/oq7Vm4GrnaMnQytf7FlAOBlGe1gwieJsyT6JasVrfUFgebMNXtu9uaOPfjrylTTA8DqUu+UDLihvOGEWTp2xoQEtDFBR6VyWZD3LVQVJYOZ1sSWQ+3nP2qY8hRUFh2z9oFhh+AWOTGycUmUtERHmRWtM1tY2hYeUogyq9QtkLJB9LgLace44lrE7BCDqa1TRPK0M2hKjGBVirNMxBeLjRRpPCIstYV5gd0wDDFWWhVfsBdPAtD9PbIYkx4LyLW9+50O5uhX2JV815UBw1hue7+a0Oix/HqBeOS2m98U9tAPBYuMYaaMYMTK/kZdL6Q4q8c+7onjyj5xqXR8/arWxfkg5AYr89n8wVW5ua9Cm3fO/FJ0SrsvNLW0gYL1SyWraIYGm50LXXtij8I6J+pgpbbOTLbB/8qha6B5BV/vjaim4HAbQCaFdMHetaSJanSNa+MaNMPkNu/w0yNEJ7r2LQmKYpxgv5EEbvT9dOq8XOOcjM56819tcY0nLcTFL4TdLITB/wuDuZTpsQo0OxApJv/P0V2RLZPzWwEKapJ5RzqARHLoaYDIPo2pjuk3g7OMcsLPaW6xAE8L6W9MloN5uziGeQ22JP60PYV98rE+yCmCk7R2rb+YdShSJV1vRHsn1TljRb6kODx8Yb8EmQ6YdXX5BTOMqUkRKj+QGn9mGYlyaihGoA28x25lnhvFtVTnTYGUa83BLyhn2gEroug4eojx9T54uvd6tWeyNfF6X+vaxCW4/cmQ5bzKJ+kU8vPtMD6G61STeZOoHa10psY7JKvlNw/L649TfOm0nBVjp7mpdu9dd8LjFS0wiNRgbZh1gbQS4U5Jlt4kObHh9pShw0zUWnuxaLS0duz7pFhDZZPxDIsq9NKGOuzfGYbH8NyYM5NbvTcAkAONyeYTqsNbQZxDyNUciTrdR6vOodWoJnwgxxmnKGlmwomTn/cbJIQJREpSgqd38wuKf8c2xdPGph6OTntQQddeGOLpJ+C2+YNY6L5gvVa/cSno6S/wo05sor+Ui0O5RrVF7ZLg5kfabuXt8m9hmBl4ycVrcLVKQEstKmIPwmD3jrZEjGZW3WZqczdwPUxy/8MS98moVkjBr8c6Hh/sdO65A2YbRLfTKcunZlOoh6KF8fMBiDON0ozL+Rl39Fi4uWPM17j4Bu46s38ylzN1siouUZKHWsT3gXvw9lJiqexQk+VDRPLpTooJx/xn8N1PXa+FTGpbxw2Gb5qsyheEJSSsksMUygleHDCeki6Xh04Tr69lDP9NgX6Pr89f5/AiB/EdIp2CX4DO64z+aQB81Cs+RJYYQBz01+Eekzt956/nWawDvToHTzU6FQIYOcn1jyWlsK+/AuD16Z/P8dKzRrfNwlpXbFw3kY8cOjtCXGUamQ+8vJADyI/9Q1f2ATB8xbP0sPHyIXAD9jPfDC0hZn3ka1c75i4lTov0DQw1HcQ0ONYD7OpgTyK+KUJHBfl4UyQpBGRMBPCJckdcOzhv7yXE1JvYj4wvN0opWImYu6DgX9xlZPpH7u6WTEGZKkqh47FK6RJ5euGXNNOUcT6OKHxPf3eqLhicQ9COevI23+g9aUA/BfdcHyQtqFDtDlT8bSykiSwMQhvEI24TK8ZfcG7ECbLH3ZW0/H+G996EyxtJM7MivzYtaS+NE4avymLMwuUBptFm2V7dkUB8WZEQ7ge4arTf6XzUbRFunR/TWi+9soeNfDC9FMspv7gL3DUxjDhWaglaXCc//Dd0U1F25BKKu4yFdXKaCZP4EWo611AERX5m+hxcEtKSyUmyRRWujyVacGiBQxqL67yGOIgv41iU8byeWQrkvZ0xoquoxjTDClE/P5iyL38ppgguWbMXLAEDLnNRHrL57G6Ec9CaQEzXEGzeOX2OPrq/cxP9taqFMbuO89vlG9QiblcVcT+g1DiPfmluEnOKN8eIxPMKg5fdIwIX2gtU+rzlr4qlr345FquUb+uUKpAb20utnCMr31Tj1vnmdqom6jABxolNkghrYLXEH/inqGWo+KLGJo/aTLNcB4QfobnCyJ05eVIVeHktmKYrU4pmuqtNxdhyf/XTtXx5FUoNBgtukSpfyeP8UGezSFl9waPfwdKr518ZkRSj2IGTvxsXHAbIsVxaVWdzAhhp4u5CaOkF2iRGdyyb/5OjSBmh19BQqYz01Coe9an/qOi3zxX9ksEHwimr95BcD1wnpg8Mm4lgbJKnRSAJd8ZeTQ4MxX9I4ul94UW8OpdvCJAeLQDAzllyle+8JHp/OmzCy0mog23SzavmGq6X4Hyli3g7OuSF1NCPQAIQqWGdelks+ef4LqXQ7jimK758GSXrWkdRgj7RRULK1q3xWB6n81cBPKe/8H/i/dCPuOvOJuoNV6bxIA36d4ieG9KM7evfiiZmVeLj+IIJRaiutqUsiv/jqQx8Vop16EIsjoy3wH1uof3k2szv/hVRXI0qpGuexFttbmt/ycPIa3NpH9FA0m2UxqcBOg/HLF6KTNHQFiavdaPUC+fPqpaIvLhkqo2thlwYIeW18du1k6cxGhpnRN4WQZNh2LsUUgdH93ZYwpqsvkLtlJCpt5nGxgx6X8Tngq344l+0bZ/CReTiKq7MgzEw1JgJbMb4s6iRmEhJ66OOZnV/KccHd5jDET4K+UoRf9Z6+mysJZ6fkVQLcYkanwZkeLZvn/xSim3cOMmeZCzhMJOO1Z//1QWPN1qpy8G4IaCm8mgIf4GaaboAJTtSTEqpwEqYD0M/vyu1AFzan6Vw4pfLH9y+EmaPmSGn6v0AjWt0+KtAIaP5zvXChsmPV8uMLOUQ9thDqgyDSXL1MoFqpNk24yQZ8a5KUXb+JtItvRHyKGiwcRJ41UDYU4zP+IvJV+2BvWWT3/H7MBz2cY1lkgR3fgXvxxEvnB8SvcpfbOo04Oz9mkCIwDN2wd3MDviCGBhwaV26IgPlCe4euk8ANOb8QKrGCfUbdQoCEOvTH4n+RYgfgj18bHw3z8P8fsxBR99Zr3NUflLlWhTmjoq7xB+m3ygpfmy34UBaBpdXW9+IW5zcGRwxGA1eKJR9E7gJu2uxhrWxeIZxMYw71fiWznKx8DZtcX2QOksR5/g4Gx7GmvVT0QXhkQTk1y5RthbhNsE3wlc2Jq7+wASpYnPjtao2TCqhdYm1xa3wUFldl17MP8yg+OEdkN5XISO0/IIZ5Dn7+w/0KkDMtOC18G1C+4V6iMyhFiZlWrc20CHB932+jQZiGsayjAkGYHHlZyQ9Jfi8z1E9buzNPNYr6dZ3ZSQjpzSdnAUUXRPyFgdWnc5o0pt4LGoM6uwYBwm674+haZKcaCjeWQC4q7esQdkZljtjaYosXgGXnrMk/YAPXhsGBh8LFeh7yfieA7Ui5DnUUA2u1CPFiYyZcBLs0GzYLZH407gieRxxoWplJJybSpW6BfkortbdapTOyw34gSDnrgwYvh50Wn19YBfxkAJjXuRIJPjArIgiLVUVbUBuOXmfvq6dNhFvA9R5HzH6BZIDnA4m3U32aCfPEciFYweEgW4dSEFCg9NlXSDbMdz2sLt7ocBMidizBhyJfAnHfFH+rspDCgyD91iVUEv1PRR2tijJcXwbNQnkP+bT1v3AnXh1W5GexscWjbnY4cH2zle7JWROFPOItmWLA9RZcre/DqNGZ603u2QIxRJ+DF7rMCQsDlOM4j9gEWaHkJj97PYmLZUEi6YZDK/RWnxFJOlpyU868S+F7FW79Q1CK+QuPm7H1b07qdGS20gaaM8twMxTJ4Oza1uAv8hNLhjJ0gI7gU52ueQbUYljLRfeB3SiHWknum56ugfVmTjx3UzHup3/gZbtPE/tVQhoD3LpoQQ3vSXmgHIfX6ZdeUHVJ02GKDJQ88zketFuO4z7O4YeTN4SHv/jW1y+CTHWBQWNYPih7hlYQHHkDRAhwQQs8Hb7AD4y/rKlT4+K6fIgHYeTfhx9jEB8RSz1SosBwmCTLS0jj47YlpP53bO+v80qI0BpC7I/BtOhzes4l6ykC7JIjT1syGJ5T5XipyYC8pkJNVdfiaRnh66dU4l95MXfkksZPHBjHwv66zF25iUqngxdfHiWZc9XWRh0cWww+heW0lu4wLMkgXEOczRPZ4fzVfqIrXZqihzAgKptukkn5yvi+LzMi41NDrFP+2B2hc8cEqrEHCj3oXOB+0EAGqwNgUSMsxBcS5SyGewtQdd9aGgsnGx4m5xp3s1cRrWYWs8UKhsfqgKPy2cncuAJO96qNWiRtauSa/Ga3MCyRHSG5Boeh2bE3qx/KCx+GIbSMm8MmtCFA/PUazKw9PdeY+QEJFNQFPJc4JJ5UO17lMJLxBdG+FvlDasl5GdCg/o4Nf11EbVpnnGATUnRaI++xzIkT6369MyUoSNUV6yOZSyuZs4Mu8XYYMSnhoM0T5f03fss2lowdPhXQPgihCgVFtPPL9nWAKm70Gj5WflaN8C+/Nz/ptI0n8FibxCoKL6N1RgTKuyp1JX553nyAzaHMm55lgFXtQWkceHbKzDqLyfpumGJ0U1oZ6oAjlhGlrKGUDtrwTnUnaUy3yzecJHEqntQf6741VbTgYV+ffdJ0Obwb4+augVYUMiFfb9caCJcu4PyuMfItCzSD3disP4isGBHVag5rUG46o1Vd21Iji9R59ga2d+r0rhpANIo4tZZUzxs7S2xcywznq+cx9L2+lnuMQYDfnhPTCx9Dqmx/6uWruW/6gthXTRUFqbLN8VuZdBddpAYzf5eRrnhbkz4YNVsQ8JstjfbNqQ+Srzkcwc/sAQOQyMi1Jqa/GOTwFgb/EHjUjtKUqrSVG+34lk4IvPfZRUkmxzhCLAg1MKqfwrHkV+Nn400B7qPJHiXwarH4VRT6lWNd3D+wdgBWBkz7ONyfJ6KB5Pi6zo1+4I3MWXKY2SH+HjldBfUFKC2d+7t98vv0dnLLp0/f2KwjPCCwEhxn0fyQv+O6/+7mllcdWx2+lIBgFU42GQsk5UNr8OiyvU/7R/n04TE2yMRc0HbwdlYp2cuyPxJXI11N86hnad4596i6Tc3d33W9JaHE+2tkPjQ5sPMTrHlISRkDP6Qc5evA/UgCYPJypJMea/I7/0Q2XweLE+uhIai0mKQaPme/HmRrlULR9wepNeWAgQPZ/x6fJ9wz/yTS3tD68nugVyWrZ9BBdIBONBb21wUpaPeKxI1ZvSv43lBVDKEIX1nkRDJtkQ+HXOSFV87ZHTOkEXCZe9+N7QLt3IQigQQ6Dpe8OMGQy8OJFCM3cMX4Z/DEgZiE5sCRlYZ51rS6YxJM6xnJylMjT2IAKrPGzavZuocD+gUOXgkaf3EN2kOLgXr2IS4dFinme29JMrGZzoVee+GoMGhLNvKnYYHKUwlRS28vne4A8u/HDbe3M/r87MzfF/txQIP7S+Zv6veQJ1oHMtD7LnHRBWs/xLpIJUeHVcBnHTlsHcR1x/ugu+cLZwG2hYR4dbW04cFiPyY21srti69B0PoNjG2NLPTr9Za/WoOiPIdGnz6/JOoeRjtakCRxDyg2tE8gOF3PEa1la7xplvIowfpxZVt6y2ogvIBD1wD5I2dMCWPlGHfnT+n+uYV2xk0Lww0CBUkF8aTFG23ZAGM2GNvPa8BE9LUF2/pwkXDQl4rvvjyLcMjW1rJSGQ/z8P+r+hY1GmBS+vpTqhDAgjTVqaYyQrtILqVzcisZE+NENmrkzBAoLDAJ9yDR5UovJQhR6YRGFszorTgWNXJv4ti15I6dssZzdTMusDqj9Itrmw2U7oa+ZF9LLIjETJqR6yGC8kkELOBWMcXU0Cu/JZGqVPftvdSr9Ym3XqiIpFNM1/j2Dm12POgrSCOOjBz+HxRSR4AHFzuK4AXhBmPqKJGYO6AbX0u8jtb8/P/aMvxRV61fuPGpHg3tCC5KmzkQCSaJr4pUOBetv4d2fyr+FNPTU+xDXd6NKeSJwPhMmcAqfV1R+TBdy1X74Sxa2+gjAY69MxGN2iuCu0mfuD2HbO84C/GvDVTgwMbk0UebhwWzI+KWRnA7DxpcMNdiipjkfIoTNkvYtQrI3MhnDMSLbcmmuBeEVokMNZEsD0mF4vGLaouEFrOf5kw4RSc6N0OIdEPtndhmuXD1kiYDRTMo0OI67ZbH5WRq9rLAtcVQ76fVSp3veGrnZ/fqAi61hjzQqnWe1+W4Zrtvm+fbrWWqbGT7sHYis16cjHpeIHE87ZHAA0PkiRgoCmGB0LaY4ulAQkHEEk5H8oJ3y5shnuD6NdFFxQZSorFegkhCz3MdfSJDZAZM8BC5L9FMXCgXCAg2/3Z0C6FLX7itKVsJdcKoThSSBfZjyTwwTMQb9EtMSQ5Ud/R6TyT8Ag2WOC23QvFQAWIiq7/Ti3TUIGS/AfqAva4PbKkavbADZS5HtUA/d1XIT7QjH04+uNSxHjEYP7wjvGnTu8BcgYyeqy3HIXgpqN5ADi6PrtxDB8pNlTtPwmiR371hDoL7fjn/RZ0AyLauqAJxfew6ZHs0hXqULnGw1bFKuMSiAf3UgPyaxBPHLsPuRvbexN79PGOqhwhdj6Lt2wFOcJ7QcnmdKWel0TItxBvIY2ldG/9fo9fE3Vm1zEEgEANYX5EgF+f9YdtD4m0+lQoh6o7JgmVw6hykvxNMsIYDAdRrO0DRFmPxVTTeJ/unwBAVTsw3qnPtWNOjb2PAoQ8y4Bk4EM5KAK0wLXTmgN8+fwbD6T640XNT2/qYAyPVUjYv4olKz7yOCh5tKpX9d0nWADFmRtpcwOag0mwHglBgbElBY3RPy9vrqK/5XN4FRg9dcJ0SIjjWy6dEz/rLKAQPgpnv2qxY1gbVVB3/ylCYNxaJx2PW3kUCjxDlf1Y18hIpe7Sc17rkBxkiA8X9pxaFr6EeldVVjKKXJ74AX0HIScVur2txuXUsd87qAhs2/aANco8cTYxWGUeteIqOiejjsPQbbin1THFRTma7CI3pjHtBGnvKoV1cCD6Sp+Uq0jQPxKAbP+E+CvYjQPKW1csw2T831XGzEK/emHbbLrDHVqnc8RAne1J1DUoW194OMFnpbI0l4MZOiT41LQKhjojXWZd++CuqVPEeG/2vp3h1DZcaDPR879/SvVilb6aN8gjgFIB1zo0pdoOiTYg2NRNkTA1zwu2aWcOIyAxrYQ8dlDcLl/rxmdWantTgX94xHJj6yDsM/b1sBcYJXl7KWlsv7zsCgmwRhvbbi1TZBnKgQYVkH1BPSAxs8zrZbeiZjxE9r2wjU8QuGbx/marBb0o40IYeCjAa3i+9a5nA26NS5N2Q1ipM1hQ3CYEi0Pugl0dPHBRCHv8HhFj9/8MR1EIvbg0wJmm/no2lI6lpf7dqrdYLKEknOTrwO7H0UOQWzKdKQv/qHKk0tvq5aZGbtieHSy8HlxKr9jhgtEDCxkDoITVQ27pqf1NQegDIdHptOee/9dXHxekap6FNIJw0ZjQheODAYFJR2p8vco7NAg/BBTJsfGQtE7wL1FJwDKeefu7x2ygdWr8XIvoKt86U/DpAZmT8WA2+URw/jCQl1VcQclpGN+rbVPhhLbk/uWFfQNgmoAvrRARcBk45y2XhCcmKL9e5ArYEj9pD41xYTXJw1GfY8K71SDUxFJFVh20hxTZhV3epb5rkKrURnBiIduDr74l1YEh0t/p8dqpn2gkhCqwhz59iS9k34k/FnGyxrdZuK8VVzHAyX7Htk90pRaSBbzWpNG0WlgCTCWR2z0t9Cbqs5SEZKPQO2wITvGE/a8v+l1xx+jxNvGn9h+oQUPm8YNRJFM3jDbr7NqEttEWKlKqmXYW1mDowlNlSKcqnySPA3/yjz96F1mfTz3bZZIv6ir2YKl+lklORARxV3uE83CLqjO8i3LEcpZesoCbMpQsv+pckLvptHYZnrRdG3naIU1izaQ6ZS5kzvZKzjJz6NwmYPjixDGGm/eMd5f1L+//sqlERRdVizy4MsdYfeJp0Nu/fGqkSdRysHu0uKs7RyhUw4UV/tCH5EXXN+yyu5TCCxyLjVAe6UBuFDuYNATR5zxrOGlYPp7Tc+nSZztiMH6o7SErOMVtfCm+ghzzWdR+RrxsBcGpakMVU/EsCPkpRgDzayC0Ey5mwflQAth88Vi7QZDAdgKcSH9WBebM0++2iz+nAbE7PU6VwbnEWG5G6UnP2qGLCSlL+dBE2V4Yq4DKJ3t31okAQsWgQpWfqCRqNb8GiVyjio7c4j6smbJc8/EOM1L+AGb/UpQ8qNbdNMUOfo5JIpxcd0QEX0gAW+RtbTy+1NZcYDVgex0eSfx8wCNUjTbG2j7yMdsiX2n4Qmh52hvLIUDxGlpINA5Du+wfvpekQuwGdtAzCqvOXOiE9+m1ci4YVv2pW+SMUBkCLmxuscHFgVmvVDls0AqdTxuZqUgQbj5y6bjxHkUeN3RHjU24gqyo5JALoIRaURNn6Ie/X/f7jU9ih/LKTxlt0669644DxfvZEvB1C/OdCswDfaGzVW29sVkh8NfPTIkiUzGIu4rDjBUOSySoWT8g1UnmIkMpYRtVhhfal5Wd8o1aWIM19r4hCUhUUfZ2rUsTSAzj/pOQTGPwzFhRqcO88P8i78Kwd8EJJYRx45f9Bf0abn6ZPHXAsIcqxL8vXkPV5Cb13z7Ey60wbz0FOkh3hc+lo5i264ZIfaqvPMPVfOfH9nRB0w9AFKRlTKFaFwaF8BQX76ZtHoNq/UvsqUuY522HB5Omi7YPnYQF6ucs4XNnA9m5vzUGSKeUZgoL85SoKcXVDO6rKLlbto6iWPUT1hz3H+5uL9zNE7dPMPUUKYxRboIoFOZqgdbar0ZqltBxLurKAxFb2Ue0lzRn+zNg9VsQQi3xfwCMvohELgNESc9opKjGvsRf+/qoKuZ2XtrNHa4lXp7iS1bDROpt3G5bxQVX+LPL3E8gyWOZhihwqshvXIWfNkOpLMHQLZHs7D8iO2eUbKsmeHwhubCBwoTPTTTcQZ15M013Woh18YEW+mMoEqU/Hj/ZwzxkvgUjU/v/w/ME2qFLzrJ133W5zkQ2blzYCdeYW+3ZZ0ALQx4S7eu3010KtHgj/68lzfrvJTaSbVjsmxq9ahPWv9pHFozzoWQIour1NSZBMm3KcMFqG9QWWXRIOpiu9+IUCwIt392i0gaXjvOD03+qt3/w7US6i/ahqH+b7DZjVCrE8uNo+/tM4Z6FBu3naCxECKGIZ00Ueh8b/MngiJtEbp9aYhzAUV1BNsFq68/mZiMQtMgmQyirC/WEVjuA1Qt+obOzKm3stInRYBwIhcCtQIa7z/lXf3L1NOIOhj/uSIEZSmeJ4GSnswVNfcH6QWvYfA/u1EWdJi0K1xzq1pacuIurtQlC9YNwfe6QILEygoHysW8HSfyxVGlWVIRbhIxz9YLNLnE8u5SRM+yR1HVnPGBeac5wfkjd//9W7KzRiee/UHBPine+xRpgzWZx+SFQ4aIPgqfOi3CkUdwpQXzYQDGzwRNNlpzlmT1NElDNCM3LBvVBWUsLwxj/y8ABxAjaEnLVFr00kphJIj5ToucXMU3NOGBJpG7H9drIPyrYXZb62kLHUYe7G3pjSCol14YOuWouBKI2Acxc/eYeL/tcXULyk6X2p+WBUyb+8rvytDIQ+fPJ8RQ60gTjG2VJp9rRGLHlVOwzppfrz3D+bgsb7hgr2c8Ub7skdLwzzCRJfKHOZsex4/bIhwPuJFN1/KgvZQbiICtWdsm5UAweSphtosglRjQbXb+VgDfCc3l4zzpObMk7cY1Z/0Mu+X6hUYVkvnd4FXm3YAZl1DLiBIwOGtALyEZ+/y6KqbF+k+HW+xSAwHjZL67joGQLKt50URcHh1bsRauzvdRFJmGLN4ZtkU3HPcYweNKKbmFZndmFsKFzF2JoOo0DHSEzOA==</Value></TokenEntry></Values></UseKey><Claims><Values xmlns:q1=""http://schemas.xmlsoap.org/ws/2004/04/security/trust"" soapenc:arrayType=""q1:TokenEntry[17]""><TokenEntry><Name>SessionKey</Name><Value>e3COVKchfxVP0QW+SRY5YSUiQ2L28LKRHMJk6cu4DxhOwxh5nqgJ8TYnAz1+pPokbpkdeanmbhgJb/uPOxT15s5XgRH9AiKuvy75fqGxKr//Sl7WHzmyoCTZOgakUiywgxXyvqxj68Kk/HqJ8JMJY0ylgA8Fqc0fj7IPE2yO9F4widNZriwPmcjxQJRGjrHnO6Fzg94ZhG0SgKR5V3QK5jm8ND/mkD8lA/blkxTLtKmYWWbWpDPvsoBcap+4qAiGA/7KVI3DuURhVVf6RGqjqIC0lqHcGgLQi5n4pEenOHTGh+TaWP67xZ/CQMzV/re7Q6AMghWhrsa4OndnTJYTiw==</Value></TokenEntry><TokenEntry><Name>BindingType</Name><Value>jykLrovcULwgCPsLEcnPhHlwDWavibjsUPVIEs4uWbE=</Value></TokenEntry><TokenEntry><Name>Binding</Name><Value>y4SqDwGySP/zO5ruLNPRBez6OYy75gT/Hmins6EbRNL3QojK48eSn6qNR2/eABZ107OVUae364xl6rC+vjOlPqm1WnsApPE1D857CkOryfk=</Value></TokenEntry><TokenEntry><Name>ProductKey</Name><Value>EcuoJhkK/FP5FOMt7R9KjapZVOq+dzHhFNHTuD0XWBc=</Value></TokenEntry><TokenEntry><Name>ProductKeyType</Name><Value>jykLrovcULwgCPsLEcnPhDZ74Zo0Ch8wDvI7TCJhQyc=</Value></TokenEntry><TokenEntry><Name>ProductKeyActConfigId</Name><Value>HLJurkJpDfb2+HfBVzKTYrhlB2WYRu4ltLgLApcmBLnbS+fcI3WewV23kTEbeE98LhUeB9M9L5Xgo2JBHq+2WcKU0wIbZrHzd9Oe8So9N1I=</Value></TokenEntry><TokenEntry><Name>SppSvcVersion</Name><Value>JKLUhyzZ5LSABSQnzzqfjg==</Value></TokenEntry><TokenEntry><Name>otherInfoPublic.licenseCategory</Name><Value>7BrG9yTj52+t6i0VMPqJXfBL/mD2A+rbAQcIRNTzNN0=</Value></TokenEntry><TokenEntry><Name>otherInfoPrivate.licenseCategory</Name><Value>7BrG9yTj52+t6i0VMPqJXUYtY0SbbbfCakswfAq6tWU=</Value></TokenEntry><TokenEntry><Name>otherInfoPublic.sysprepAction</Name><Value>aOSGU6jcNcjGI0HZQ2Tb4A==</Value></TokenEntry><TokenEntry><Name>otherInfoPrivate.sysprepAction</Name><Value>aOSGU6jcNcjGI0HZQ2Tb4A==</Value></TokenEntry><TokenEntry><Name>ClientInformation</Name><Value>KKcnCXTFOmonfXMnjF1yNf8dh2h0yg7AVbA/NC+mRn+nPeeeEmG3gVxoI+oXmSw7SJ8tiVlC2hg5zjGKtd0clg==</Value></TokenEntry><TokenEntry><Name>ReferralInformation</Name><Value>n8tzY+SydVHJkLc8dMHyHesAegKMjdEwpv9YJDyuFrG26mCg57Yzeot1cK35Tue572N6sOqaa3fxWWbatqM1sw==</Value></TokenEntry><TokenEntry><Name>ClientSystemTime</Name><Value>62+AFsY0qKJpSr34i2JVb6SuRTCOw508I+9YVwgMGC4=</Value></TokenEntry><TokenEntry><Name>ClientSystemTimeUtc</Name><Value>62+AFsY0qKJpSr34i2JVb6SuRTCOw508I+9YVwgMGC4=</Value></TokenEntry><TokenEntry><Name>otherInfoPublic.secureStoreId</Name><Value>/ZV3CiooMrErD4MlY6Ip+Q7VG29NyjZU3g6Da1adHAg7cYB7RZumIb4/Py1hw3cD</Value></TokenEntry><TokenEntry><Name>otherInfoPrivate.secureStoreId</Name><Value>/ZV3CiooMrErD4MlY6Ip+Q7VG29NyjZU3g6Da1adHAg7cYB7RZumIb4/Py1hw3cD</Value></TokenEntry></Values></Claims></RequestSecurityToken></soap:Body></soap:Envelope>)
00010002(0x80072EE7, 22:34:51:750 - <NULL>)
00010003(0x80072EE7, 22:34:51:750)
",,,,,,,,,,,,,,,,,,,,,,,,,,,,,,,,,,,,,,,,,,,,,,,,,,,,,,,,,,,,,,,,,,,,,,,,,,,,,,,,,,,,,,,
2026-03-26T05:34:51.764685Z,"{'#attributes': {'Qualifiers': 49152}, '#text': 1014}",dc.danglingtree.htb,Microsoft-Windows-Security-SPP,Application,142,2,,,,,,,,,,,,,,,,,,,,,,,,hr=0x80072EE7,753c53a2-4274-4339-8c2e-f66c0b9646c5,,,,,,,,,,,,,,,,,,,,,,,,,,,,,,,,,,,,,,,,,,,,,,,,,,,,,,,,,,,,,,,,,,,,,,,,,,,,,,,,,,,,,,,
2026-03-26T05:34:51.803015Z,"{'#attributes': {'Qualifiers': 16384}, '#text': 1003}",dc.danglingtree.htb,Microsoft-Windows-Security-SPP,Application,143,4,,,,,,,,,,,,,,,,,,,,,,,,55c92734-d682-4d71-983e-d6ec3f16059f,"
1: 753c53a2-4274-4339-8c2e-f66c0b9646c5, 1, 1 [(0 )(1 )(2 )(3 [0x00000000, 0, 1], [(?)( 1 0x00000000)( 6 0x00000000 10 14381)(?)(?)(?)( 10 0x00000000 msft:rm/algorithm/flags/1.0)(?)])]

",,,,,,,,,,,,,,,,,,,,,,,,,,,,,,,,,,,,,,,,,,,,,,,,,,,,,,,,,,,,,,,,,,,,,,,,,,,,,,,,,,,,,,,
2026-03-26T05:34:51.811069Z,"{'#attributes': {'Qualifiers': 49152}, '#text': 8198}",dc.danglingtree.htb,Microsoft-Windows-Security-SPP,Application,144,2,,,,,,,,,,,,,,,,,,,,,,,,hr=0x8007139F,RuleId=31e71c49-8da7-4a2f-ad92-45d98a1c79ba;Action=AutoActivate;AppId=55c92734-d682-4d71-983e-d6ec3f16059f;SkuId=753c53a2-4274-4339-8c2e-f66c0b9646c5;NotificationInterval=1440;Trigger=NetworkAvailable,,,,,,,,,,,,,,,,,,,,,,,,,,,,,,,,,,,,,,,,,,,,,,,,,,,,,,,,,,,,,,,,,,,,,,,,,,,,,,,,,,,,,,,
2026-03-26T05:34:59.642255Z,"{'#attributes': {'Qualifiers': 0}, '#text': 105}",dc.danglingtree.htb,VMTools,Application,145,4,,,,,,,,,,,,,,,,,,,,,,,,,,,,,,,,,,,,,,,,,,,,,,,,,,,,,,,,,,,,,,,,,,,,,,,,,,,,,,,,,,,,,,,,,,,,,,,,,,,,,,,,,,,,,,,,
2026-03-26T05:35:00.025125Z,"{'#attributes': {'Qualifiers': 16384}, '#text': 781}",dc.danglingtree.htb,Microsoft-Windows-Complus,Application,146,4,,,,,,,,,,,,,,,,,,,,,,,,,,,,,,,,,,,,,,,,,,,,,,,,,,,,,,,,,,,,,,,,,,,,,,,,,,,,,,,,,,,,,,,,,,,,,,,,,,,,,86400,,,,SuppressDuplicateDuration,Software\Microsoft\COM3\Eventlog,,,,,,
2026-03-26T05:35:00.269466Z,"{'#attributes': {'Qualifiers': 0}, '#text': 258}",dc.danglingtree.htb,VMUpgradeHelper,Application,147,4,,,,,,,,,,,,,,,,,,,,,,,,,,,,,,,,,,,,,,,,,,,,,,,,,,,,,,,,,,,,,,,,,,,,,,,,,,,,,,,,,,,,,,,,,,,,,,,,,,,,,,,,,,,,,,,,
