2026-06-03T19:46:27.878650Z,"{'#attributes': {'Qualifiers': 49152}, '#text': 8200}",dc.danglingtree.htb,Microsoft-Windows-Security-SPP,Application,2142,2,,,,,,,,,,,,,,,,,,,,,,,,hr=0x80072EE7,"00010001(0x00000000, 12:46:13:259 - https://activation-v2.sls.microsoft.com/SLActivateProduct/SLActivateProduct.asmx?configextension=Retail)
00020001(0x00000000, 12:46:13:268)
00030001(0x00000000, 12:46:13:272 - https://activation-v2.sls.microsoft.com)
00030002(0x00000000, 12:46:13:272 - 0)
00040001(0x00000000, 12:46:13:272 - https://activation-v2.sls.microsoft.com)
00040002(0x00000000, 12:46:13:276 - 1, <NULL>, <NULL>, <NULL>)
00050002(0x80072F94, 12:46:13:290 - 0, 1)
00040006(0x00000001, 12:46:13:290 - 0, https://activation-v2.sls.microsoft.com, <N/A>, <N/A>)
00020005(0x00000000, 12:46:13:290 - 0)
00020008(0x80072EE7, 12:46:27:861 - SOAPAction: ""http://microsoft.com/SL/ProductActivationService/IssueToken""
Content-Type: text/xml; charset=utf-8
, <soap:Envelope xmlns:soap=""http://schemas.xmlsoap.org/soap/envelope/"" xmlns:xsi=""http://www.w3.org/2001/XMLSchema-instance"" xmlns:xsd=""http://www.w3.org/2001/XMLSchema"" xmlns:soapenc=""http://schemas.xmlsoap.org/soap/encoding/""><soap:Body><RequestSecurityToken xmlns=""http://schemas.xmlsoap.org/ws/2004/04/security/trust""><TokenType>ProductActivation</TokenType><RequestType>http://schemas.xmlsoap.org/ws/2004/04/security/trust/Issue</RequestType><UseKey><Values xmlns:q1=""http://schemas.xmlsoap.org/ws/2004/04/security/trust"" soapenc:arrayType=""q1:TokenEntry[1]""><TokenEntry><Name>PublishLicense</Name><Value>36kQFZAmdTxpZ9L3F58yjShpt2jSFsLJIxuA7IXMusAyEFQ3qbwdjgzxqE3DJ/0dcVHFYas84kzbSRgxUt4ZD0Z16PiPEdLsPaJP3oMhHHWYWyos1ghlsagP0Hy0UHEkwFyjG1RZ1+7d1OMquaxGYQVXMyhUJ61hYDyB5I+Nia58QZDyJI6i89OIfgUxV517aQB3Lwd56bYBDfgefcp1OcXCaQm3+z6rFBUY9040lmztkrxZazjl5dvSw8UBP9inATKhi46hRw42gtrMD0kEVJ9bGXR5p60PeD4p79b95m/GftrhviHnTCpoL5kODWJvT0MO629Kilj3kZp0BMDUoH0s5HbgEWItK/MGYFmmSOHLbJ3+HO4SN49gd5ogr9530tGajaWwfUOOr9xeRfFv1H47bso7HvtKTgj4mucjxQzrmMwCGobO6Xnab9mzrSJ5fnw3awFWOV68p0s+hR9vTovgmp/mWhmNYMW+ADRBePNPEEoSbqHVYYohvAlupMx2uNRG/hjGqYY3GkJYDXdZrbXDRuC98/OJX8Xx1pX9JMt21OstpRH/UWUNRGSARMuMruOFUhkAKX0u5fu5+/8m6nnBGk7qvKL4MJypPoV212geoojw3PXp0KtIGkGAGVN9yCUVA2/NZlsfdRXgIH8MAxO7jZs0mvrDl1/q8G/bZF6u4UHZWvmqj/RzXyxPQa/W97XxcJC4/PfQBGWksLs3MndiWF8WNJncyBvsA6nlLjwJ/iO+FHazf/xJqLNK2TxgkiBnCbBDJbh/Y+OyhOBZoKDGNZhnmjZf3h62B/cPo7c6iscyzGF8ieBjlay9Y9NCAWJ7c+Yzu4MMHU5ky9IT/7wbCDU2dR7fC6+mZa1btai6ZUuc79LmEwgxrNHViohuhuBumSaiHDUFTaY7faRM/EYz9cp4FDz+itfm0JzD1eEQaibc+fuSO76TJaGJwJH1BLARjLqNWy+36/ltOASsvTgOSo3ntAnLIjbIXupkGgt9Y9VV7w/N3IsE6xeba5HRama/Yo22nuIn1fqayQOsosD9HFUJnfPZ1tmCwXhsWPUNFrnV/ANERfndhLQoLKTnztg3LwodLPpES83uchS8NBNIKpuwOo5eulR9bt5SwW7DWGc5lUuqkjVtPNnzGK1QQ6vR/4hkvQFTbO19wMUz6RD+/eEFf2T/ZQr8YPwugow5TMoObxfv+MiIxCTRkgk2H5Vi20jsAZOvF9dM8wqY7/apGFp3J1LaOGyIbqjeLm216b5X5gjzNkAxp+H5MQIVLNPxalF9T+UQJDNl/RIGxpB4pQnq5TYvmxQrej8LTjZ0R5tGglIrEErUkK+TnNMi62lFL8JKT1E/sm0IGy4BSJ8nX+zu3hJgF/U258ItByrvlL7vXw0q+RG65RCBszfKc9AUtG/FtwEJbcQxEIFr0lxy1DEA596BqSiNZl08GfLk34HbuPhC4R4v5WvXGXR+RWz3EqJz9FnUkPOhvOdNF8X618hYICr+upo7xs15kgkYT1X1MINSEvA6lOgbr/ki5K2gAPR2cnGddsz1LBigd1oDmqXd4hJ9arGAqpidMfjvX7PahQpU714fJlyTYXXKA+1ua3bFDxiqtkaNl0B6up68mVKFDvwwIjcX+psASETDbOg2AWld9yl8qCOtmqgynmvfTgUG0wp9R7lEj6K2I/3fb6GeuhhT9zYXNVXDYu62lkAivZ2boJQYIGl6v5pNq9pO7R8tQOjtthCJ9fw0cmXcpqF7StXTmL+jn7CipJUdiEhd4GEezSqIb+iTJ+WUr6ALGzCJo9MjVz4IriB1PDlFQqwrLqjFueOTjE5Q0P1SPoEhva+1gEF1n/w64Qga02KqKRn+LEwxlFV5RDXO/NF4zyvRIe1K62oS80C9LkWtXkFP13ZOayq8GPJTK0JfddlOYAgy2/oJcuBUaR3Xa1xpQfC5gmm56dwYdFnIAP4MY5cVy+B2dWhM5MquJPbKACp3vGXHbKoPfyqsDNMvC/Ig85XHthaZsfgMxOiEjdoDBjXifI9EYFIqDEtds92BwMOYZgTwZebxXYv5Q0rRn9iu0DgUbMD9DCZEt5Tn9n/ejinejGLlOARB9lMyUQc6c8LoOHiYoLlf73o6ZJ8EgYK90XPWhQMLj7Tj/qiLqrud4C6C2mY6rims2fk9QCZjM1QiOojE/9krHfmSfmMztPuGbL7dQN4gT6w7IyMtT64m2SN4/nuoLafBaJL+qarzUp3SJhfys+nZZC1Br3ZhgdXBwnkdUcf2HxzvY7w/AePgrQuJw1hc04VOuwgDVC9kddhoPbrm5Gz+2Mghvdtd/gNWjiSbHwV7qEfEQMQIeQ18uW5/SMqgTfcOiKYIkL47rbtzkp6w7tvXlE2LxHFhx0VwNxaB48E+sSmn6l+Wcu5DNJvs+qvn6NO4BMG7KkR8UNCN/urKcXpznjDG//G8d/cNuE6i/0ApOB45Ltzoff/DvwJ71k7SMwejb97i9ovJ8vs7J/zHMt5R9l6ptAaDHXos6g2dv83muO6TbP7TtBG2yDNykWZzacn7IjO6JCQP+DgAmUm8qdVyxopQMkvKdrIADploC2grsDMHtnw0hcWXTzDymL+u92z0E5HxeiZoPB7M10G2fx/OshAABjgkym//F843butrW4FSyxu3aTUbvuNxU/yLAycje33+jSJXV9auZYMKAok2GDhsrDRKLm0w7XxS69VmLMisIXYHQLW5Pdy19c+/H1K9uSMEKnQu5HX7khSIm70btrYkbEQj1dBRMGkqJF4XLfbmdP5S+uNg2BU7QyKzz6FvuXw9CpQwpySC8jJavyaEysoOgsTQ2P3uZCauSMmnUy4aLYKhSzGdi5O4sVPVcZj3zSwgaowSl8e7Cp1+ykVu/lWG6I6P7nZTgeE5FPVm9HfQB9O/hUe5c0/WIs04NWuKY/uO3F0wrzbpT1q3SSt7yIugV1z9ALKYaVyVwZw0wCQaCUEpJDaxQ2DzFa17ITpF/4/htAT0ayg33HPzJmepRmPijIZ7Cg07I23tcHIZDaga7IHa4QocTr3iDvD6g3oVD2F3eVEJWaP/lQHPhl34hBjdmqICF4A6VoJ3935zmwMlnzXqzAB4rgaKMoyUqsUBO9iPY9RvvYZpfPIRCQerxfkMk54Yv+Zhkt3sYMN/AiF8fX7JzZsgZ6aF81FO1go6qszg5GPUD4cUqowL/cZHyd4AMDKCpCqfS+/aAiTq2hj7toHetHolnB3KwJOccwrfGJZDzl8A3eI1fE4vDYANNnochaoFQxu/tpo8A2driTqQUU7o+MZQkJD4zggXUxlhe13dnbWZzmolLMP/vAZWazacbsJD/5encRj3MGcFPE8tBLXbzogWmvzLcGjXAVJi8xNoWm8uM4kcoIUJY3fPMKVnz3GbDWj1LTUmdMqcygE8Md/6ZFjGg/oyqT4p05h7cULHVeY+NV0z7/jNlus8JOoyCr/ElLYt8aeaSFUl+z55XIIidRqVYLzrEgeePaLq7MzVfQ2xiO+SC0lJYxep4sH8SOI8TYA0Y9ryIKeEC7yYphwhI/VJdxJvG3oTrHmQiBBe4y7n30hKY8fzxixG6Spk6inqDB4OnNxJaZ8waB6Kh7cVa6p84elRpZSE5zdyUb+yNZPwXlc94OQgiryay9UonwETW8WewxJsxrFDgvD0DoqH/pfXIXEoQjTti6iKn+Jn4XG3IlxoWRt1GnBxQ/2kCL4pvwoB+gLgYMX6A2l06yIxJHSC6N7TFX3wO4Qkc3rZ2t2To276nQaUokC0rxk4ffekybAHLbKrde6dSWoGauL/VyiZof0TknRCGJnuix6MNppnyNIxQpWOok+SJOr/+Lzsw3SlNJPpVd/SbELQkLiiLk2RpwAJGieuEWhTx4skyPVzB8A1263jxa8y/VibB8zs79qdU5WtC5mY5DJZL/qUsFxCQE8oLtwa0kjdI4q1ZsA542vAdDHU++EP/ifdNn0AvSXFIobCTQlR0f7CZRHlji3LYxtHfIjiT30/gRu+fpewG7VKaLK5/Y5megd/mAlpfRdaJHvoEeuOgHOA8qUrKFPyfQXp4/j2Jl8PbdYy7xooLJdydG/slQs3OF2NtRByXxiSpJ6sE292BHxmC64y6bMwCzI6PAlcegQEjJLQl9Qyo5Va+DupRXI22YhxrlKeShsmoMDVYFPo9pBC1RJJ5f6xbpgTiTge67aBldoe1APQGEQ+eooJU+2yB0W+rGjrt6Xf0H/KM3aZzxFKq1nXARSJhYuVH2KaKbMr/LPKB6MR2MXZgCV9gZSgHPiwl4wVzUrzl9xGdlbnmq4b3kj/5RYvs9N1ucUgNkUxpP+HckNxFnmcZuUws/FpSt6ef8OnPToqz+bU6kOk+fKbCTW5eYYKYiEeo5zYOY1oQMwiTbWzIRFydtIc7ip4YzHJUlRqAIHwk224SO60kU/F3SVXY8WitUJCbEQkYyI9uyPPm84kdRoaMzPhL5rMRroflhVLRj8S5JtG7RWdAAiEnDI5zNAexChfAwmfcLEJ5PhZ1XB1i3MCByeC7GtiSyf0cyOydx83aLznjDeBzHSfXVw/386LL5fhJm13+wrzS0KgzHw1reFFXjtFGfZ7dz/AxHQdRgouDo0+KL6IAD+ZW2uB+BM23fgWjzrfKBF2GM0RZ/qAHVjjFX9U449rMH4+hQUB+ChzXfJR98BjKEjfDMnBLAOF/LXjiN2Fht8Ds01XXYCUGDM6eAIKTJk8L8zTGSvlPblVxL8v41/Dav3Spdr4GFqzi0t4wezM8CXjV20HdxYBuau5aBMeW+ZHRoAy05c4RzH6qtqqpP1668/8ObpFU4qOgOOsseqea/Oj33gmFc5LA7b4D6vJ+vKOCTsbK9xjDnKBrx2cDHhkNI6/vGJLneM4h6rJToW2Qd6SKz1eN7JgBVwNAnPA2JWTA5ZP1EyxWQXYpBSqJo4iA1QnkVFyyK0nNS0rQVIxA5zFlqXxNwk0QXecFaU/lRLEtQmVXT08/zb5S3zv5VRpo0iYP4ZO+KbtcW/2qKUar1SPw9xJr1xM8sWF4HJYuHItRoJwFAebccthvab45sWxdGLLefnPHcOehmMnYfgJ9X2t/bbRLCcXPmqdIAAoo9WWdUqpxHZfghTQ5oj+AeoiMtuwwMBSA82VLBnvPN4iScDa0viKaPtyGqHb6Wg+hGZqczNfIlwD3LAEcNddj+pIDuUDcv1/94OAHgVVo2h5VOXsCMGXiTw2wePVuIieIt2krWjT8GOQ/ax37EKMbSCcp4zpGLNy7aDjxg7eWgIcU3Eekrnt/87TMTtVVO9mLc8RhrmMmY2WUmEu7/QWKK+B3WwtkSKZU6i1OXwmSAID7TTWA+7IQGziPbTSyHgckpg1S6ztUkNrYKSSh++nhM6fFoq6mmCOGP1JDI26DI3dwpJUxQD8qpsSxU+y2UaIeOV/45ShxjvhDYTBaxTdYpfTq5uLQDmjkLlRe1FbG1CODZTd0YwbgMieGPC1GRBj5fmLdhovD8g3XqfhFwuN1OMJzY3uL05AR6ePHx9gz758U4PzhbaY9FycgfPjSKQH5+XPg8JkSHqJfkP7CdhRMzhbgxLvo/mpAFeeHRQVUMZUC993cQsD22jAo11srUnnFWSjMOkv+MMf/OS2Uo6wP07+cv69r4XGReKGih2FTWC4+3o2a/IV3oYgeQVejdkDZ21tjqwkAbNiwJQ7uV5OHq0k1AxE+fD24rkKp8A3bLkvUDZVvdDTDnNnra6BCmnpHzCDIkmooITtnVbpnwV6oz96ECN0LZELuXRuje+N4oXRV36SkuER4oopgDlugLn7LbfKbccKbRT9NO7BJG+ZR0jC4tXF/x8w4f9AxmSmR5TU/N4pCEIUA5ufQaQJFKgD1MAQSALRw/vN18fC/huSPxTS8YogzhAAXzrJMi2TM7LDHtV8LRNY9a1KFIji89GI9JpHr+oSDqQVn35sYtoigFQ2aiOL+N8BcJOS4l0Nw4aho1dH/fpYD62q5/HgA6BSEJjlMrasW3hVY1veySnzk5HTOjkOzeZPCmo0JWfBdmyHp7h3XDLVPUxCjWEDfM5x5B0X1y5qT27jhYcJJ2jTz9BhcRtLEFBB8o2DiVW6m9eIsXnGpRiMpZkMFgtXS+2P+WGd5iU+ej84ZM8fdFLmk3NWx/EkiARXxdhGVkCxTbBoVsZr93Lv7+Bsnb2wkzm93nva8dFOJoSYfZgeEGhUZKymIBx0xhF5qWx/wapt6rIfyenrTy6hPGeruVwiebBU0M5mRXqsOIhHhEm+WELQ7etHJtHIIm0SwMlwnDrtSjyL2dP6Wr2B+J2B7BtiT/awh9e4Fu9PjlFr/UAcwFtcvijI/lBys2HE2O2auHV4HBx4LITpIw6gEHje1Xzl9AwZXoWsNL0zqiLFWD1SNRstk7ZMawXi2QsGIsJ07LcrQn14tOJLslXyyGm0VR+pAmsIMeLFclzk+Wg1zpXFC5Yl1fn5pLOMcwaaD71Xdp45uFrtLhO1YM4Rd0wNCZEjH5GtzB2Nmrlr6YRrKYPRCwFGPeLBoE+O8YjCWxw0s5aOkGCmpIoLVgdG8RiV1xmiJyfc13GF0j7iWxIR6FqBage9n6STOwJcFpaMb1Ihp+B3FtiFNOk1XKDvRBSKMu4Z2WNFAd0HvNJ6n0JZ7qrBYv+e0emeC51O8/vdr1cdaF1qLzjKAUKxgnH1OOZs2Suh1jukmiozMN3Sf0tWLJrSROlV4UechGiQsG2sngluua7MpK43tdnGxNX4157GNq2WCb4pZ8DAaluAhwoqyJW1K79+fRY/Fhyqzz7xRcM8spSErQz78oGm+BUVlnpTmjE595Iiz9wK4AIxaRNnsd65teAIRRiE7+TQNiqJss38H1To/Y8e9KI57h2kYlGITSEQfqP8d1d+g9oSmzO37mlKy41O5/FUjtWqf9JIB5u5aHQPGzh1G0WuVGlaMF7VAUd8+ki7j0BXkBMUvTI/1jwqnF0sJa7fx7MhcFEUKkGXwzI6N3wxPYnxbH5muAFR8JcZh3I+BhvVpT0x7kyQMaNwMyH53QODUSBH2LZpKjcIGadnJMQ7lk774nm6FPyonST3/OjwTuC0ZnR6N8Rjfh6W0aPgnuc8BeB+pdQn27ecMuISjnhbABc/UI8crdKdAx7DoUF+lUlAfjprSqbtVcxxTxfqZ55CN437sFQi8PVrc08lMJbErauI7JmfFJPypxPSkbcHCAo+y4obUdNBPyfQWns5PE0gIczNpBtAIxNNh62LrBQMoo/el9TdDpRME6GBxKgLbQaCec0z475Ns1X/uN8hzPFwu8RV5jppd355pncwe/KIS9ZDkcb9X+F3LmVpKpZKOPcC42qGNsT+Ey9YJ4KTsX/CIGv9NCW4NJENEQltAbozwSTj5V/U4Jbvsqp9cIw33SMfqK3bXgi5Df05Txe2vDkwnfb5bAS793Zd5BTK+17IfVqH+s+rpy5Zcnnf+orxguy4BQPbeP0yVF78Lw5TfVpMPBC7NAEPL2y2ljOeZH+Uddtj+5An8uX6bKDMpQAac6/2YjpeAI7CRkPYf1/YHS6A3w0MV5o8x+66xHv1/A9z85EjypaEN5mXXx+a7lSIpyjT/u6z++9CCLOaanIh3T5/Koxz6VKdpsrclX6StFfYbG07VTv0SDS1LWpz4F5ckl+C+6nm1LJu5dqNgJ/a7za8VRYTKjkbauWVS8JxfsPGSCPRf9/a0r8BZzLMj6Wu/NdvGXDL8PyucvUhbd9r/Vin/6ylJ4+OBPWZEAOEAEX61oMqS8Y1wrgEqG6L6rpj+M2RCh2Zi2xlTXcsMSW4LGTOgwqVxNhMSon4+CyDPLyB4Mdlkar6pmYQ6axh+fJtQ5xvycePmWJdw2ZBM6wJ1ReAIw24RUq6+TGcFVWrVFMFYsDKpBkp/zcBvLxZQyV00BgXbWnkWx0EbRrdllNmJPz1fhDYdhuz7/4nqyws5DjgSXZnLrif+EeoA82vBwHWjwW5qI6EcDLH5dGFke0DYU5falX6VqVlmMUI2NJ9nhC5kxLCTI4U8MhReTC4VBGX7JdMOb1Qg2Se0BHTC5B/EjOyn6md8Q+QHCNjDhGNONIobvKaoNxEv+F0qfbV8Z0a3tr1YMYwa1pbIwfkaOBq7JzklnfJyGdEnmnaDToBSg/BZHTCLJDxdZW1h086MiioLC5ZWtsUq7K5KPNDZcZE9wPhvgIcxFi7eaeHrXzULU9f4Tw9QzGRTrZmzL65jiwkN1QXJQAoup+F1NAKlpjzr030loQu50yFQuQPJUXSMCAZI6OKEY8yLI8aeSm02qCylaZHifmt41jtd4YW2YDSNqIu+seafTYV1tqk/uTlSYCqxHNnWkaC1lvI7upUPSJfJv6BWRoXITed5dJAbBEwh0g11r6tqAnEaVkA5Y9sOs4IBz2w5lvVzg4h7J00/yz85F4e+JrZvBWY/HzE9VuhMx2frW9stjSoNn0hgnwWLaPKeYmg2qBCYvIm8sAuzmytFaUAflvLVe/2z9kDeyaQ3FmgeMRB/sWikwuA+fDfE3MApdH8TqtaXV6TZy4dG1Dps9jnZfc3bCfLhQvso+Ymo6fduCWjnNbEYlzjh8hNVWPQsm534wFwpTP3qY5TH5j7EBqhdWTJpSGNblzKnWlxuzPZBPOHpaU6Mec7f2pd2rZJfO22xe1H+Fe/GZp6V3CeD0j5/UeqXkqCCJqWoWDDKU7Ya144Im5LuwkmZ17xGAVTsUXsvsOiuO9QUakGUlmTGyvcLf2chebDVPXzWa4E//N/4IimQhu+YBSsMPsnnjDz/H5Ap3wb2m0pxxDdNIv6zLMJB/jbxYelH9dzKVyXRpG4v8oyh5nsNNqruQnReyN44Q6RONFQD0oEovivBBuPWwFGrRcIxacTd/15YjjTZaUxOzUjhFDRiAbjTlQEaahXLtXfWzr2GGK5HAI7t55Dgbv49rNrr4mADNJhwRrMWvyQIK/O7Gh+3MFSSCdsnWsbCRvpJU8yjq/co8bC8UO73fCCxJKuRwQjS26Vp0wbIzo3/a7xtGMWjD3mZi9Lgql+cfbRCqx962GXqUFAbEX//ZwJQINSPRo35gZ1s6gE11l3fFBhp8JOje/9DtgKuMcyFXEZR3yHsra+ZzXY+925FfbxQitvjQC256MWbRfgwppEk7W7ShkvJnONInIQW0oQZ1/L4Ect2gizFlIRYJfTWoLwbeKPTJQ79mu32IBNKPpokRz4Ak/uhlq0Pz/SN0O2oHyNrorxiJiHWEjnUH7UHrd+ntDizYHsgmbgg//l+Hrw2Crd4PmyrVmVEr6Hlh1lua0yB7A4ORfffZVBnsvnUN5QHM/T+9tmYgDVyKssF/y0K7T63/JXRsIlWCWL75LLf5e8YH/u/081nFb/kkmX1Zg9g+ZevGQ9MvGyWD4/k/fu1mfMsnbkyA6adZSPGLGXMxM/FwQjYxj0wIc/HRgzDlr5ehdvDFlGIpTahwTC1o/FEo9v4wHuE9mDD078D+WNj0K9u1jKQIbnBXWDCy3EdjQkwixiu7+hGRyXtZFtfejiaPndc3Fc5fY2uF//R9FHpQrNWcDTW/YO//xBCxtXebavzU+EP2KKaj5lZ0i25N5L0D1R8JqONOIW3qkRwbmWiC8wxVURgfgkLbfjajgRmD01kNSESVJ2inGL8/O3xaYw7FVpMaGrCrWidP/Nfnio0qnEGEqqWWxTYbeGXYwL0sTHDtAixG2qIK9FVEKdvwz9NEzq9X1RjbUZ/0h01iG17IwOD1T6ozIKE0Ym7Wszmg1uQSYzmoOpNYHZos4pzBQE+LHFVEoq6WuVUmhql9I7nFJV0UQdetIeGtTKJ/HIO+GhZq8n7OvluHuDwCHqzNtQf5IXMPW8v7UGLyZ5gKIyboucq3BSPb5zHIq0/N+BcPGaxQBiHG/PkYDY6eR5O8VNOABmQY227Mnfmx9ZV7KiEHX4FDhRmWYPmGN9AVqxuCM8TVFST081h6pthvqsnPhEPOBES3FjHpMLNHMBTGfEX6zNhIKOlFGfjipue/ZU2o7oRgBsuSl2H7+6R2R8r0XHWi/0Uf49rcWS3NS0alcNQ2v2BAhF0vkdK0CWmzE/3FIzK7ZD7Ed3a6jtLQM0bSB7t0gGsWwZLga2c95C0Ekb3NHas067FoTNmOBdiQQNqOZfb0ePo4iBG5KVQXYjwhXXLKmk4ONfrGdrRKFi5ELINfo6oYXRcqzu42O0VRX5/WgiMVD957r8R18CLQk5GNSXpaJyDf2N5fy15tMtN3sZibQ67vD8hWkbkm1v3RcfWOMABxs8egj9VzUimKaJjsxA4SAeTQfqAPSxK/k+OgRlXNKsuS0YyT8Q2N1FuhiKqL68b2/I1lP7IDBOIozcb4r3OzQH9SjrEJ6QjZHlJlQHKPsIQ3E3ODrgoGjbsUXaS8xKMK5EAYOBxAhoifjs2BWjFZpXKsnXCSyZYc9UG8XQAtEjln3Mhnyuc9lrAVhvVjp2vKktmiK0lNrfJOfqRhSPYSmNricHND04UA503aLDQ5RAU6JfqPuY0mhZRP4ma8+K56D9wXYokVbtkUm6R5hFvtF3rwL8V8yh7ifgAjJV0haTdpJhdBS+NkpeeDHumhsLC0bLckE5VXSi+ydZaUEa/B5lSenGO5EbXh6yZeOgZoYBbR3uq1ufM02xddLNhhugCYehCMszuNXazA3NM6LGT57ubvO+DhPhC3esVNEWxn3zAiUoK5OahT5w7KCbLCIwf9G4k70YRu5wYs2RNFAxWplY7hsv61k9975xH82ddsxVHiKYoVFOgl8/REqTXLuyn9T3QK1Dw9IB3lbkrhyC2B6mFgdkJhUlkLPCCu1KAxLeceNROtur2pBXTWWNNhE3WX49/dWUZUn58O7af+vtDhaOZuwxaosU1XCIXtHkdfNuQBIhjI8vpCdXqKrYTtEQR12QLMbnGlxfHZnU0ZpEmQXIHXjnajWJVx/oLvLdV08NHGjii/CqyuoBJXw6lER2PAXn1GsviSWk9TtCU6rLZbQIeRTg8rV1nF1dxn1/te85PBx22HlfKlQGnc0BXaCZ4T6Cm5qUSDC7VqVaN8QipdM2sV+V78BfYrjpbx+nOqbv4cV2Js0jdCwDanLMMkmTflN0WLI8w3Ibg8fDjuCWS6C0bFQ1E/mQXfbt6rttKULwsbGZwni2vV5bgPtzrKKAiVYZ1d4LMKJ5dVT6HRvDt7tStLvwUNq1KI9a8UoAnj3KgZKU3UDAqggBlJrTr7aaxLxuXhB7ac0wxO3pyB1+FCvdZJ3Ljk7l+GuS4SmSiIKMnPNkDg08o8pU8Rqf/yZBVJ2M8Zd+ggmEkCu3lVQw9fBJ32SHJi6z4MZVFxCDL2RZOWlXBHve4ieSeER0zggy9n7oztZ8g3fnHVFHdMrqJCAFBmkZHeyx/UT9JofnC4Car32JqVw2glslbUDXJHLV6V9djzKAxvWTguyBlfvY6tiGDAIYklnmLVSZfixCp1GIgSM4whTwdLO60cES6lu1q5kOnZuNRQwt84MK22n+NvxXKXzdwZo3Qh7ggoquhEW8CbafP1ctOgM7EX2fOtT1LByOXOfhEToxsrO2FtNngPJmO320l3pUOcrFvg8AJvygC+uh5/1APWQFif/sDGvXaIYUDNk/wgxKSPpuOBnfH54nicv7zwCSjpvw9ttf/Cbpoy2VN+PQJLwxbew0xpDrMILtG4zwwZN/SUbcLKUwRMJYEjptnfWKfAA+LclamZlIk0m7f6QHj+U3SewttebMtNYG4zAHxqZzhFmtcVsRSUWnxWEb7NWyiFUetUSYa4K2TwfkAvMNWZr5kUmE/pLz4MMfjLGUjbBrRQKtKJKZ7dwPpTVdbUAmP0bCOrSdj4c5HY4BQH4giU9Qip1NxEXWMCzoGwxXJxTQRfjp9eq82qiF9k+vqtvrxAVjaHbOzvzk5chs4dCIuwfO6lqjZn1zo22pPbPz1bqDrjB0c+QkXJ2p3rpjhXxJgDISx3YRDonV5QFKJ0XYJfkoNsFftnEK6PstmMBadmdwh9aTNKiVyHFDPOa2uMHfvx7ZoKrYUpV82GyGOCtVTf6lgVqf7x8RZiIrbCfOS/sVU8rGiSchFaA32Eo4eebOAowAoe+Zp/5WgKjD4vXTmrZY0ZhbxS+gN5R2TSTiPAtU827vIAU6TvaPwiBIJHKGZkvLI5bv6A/jwcA95dxeFPQ8gSAHujIwzrbw/gVHV3uVTg+ScYI19FmH5T3dkS9MvonB9E2vhbORxvniruXktcYBccwwfXANqqT1VA5rcheA5L8OONgGNzDd3Q6Pga9iqt+3wALTamTc5jZ97pO6cmDP+ZMMyv7miC5F0f5Vz/1MuwT62Y98/blBJHTUjlkfGsuaRCCvnHMkcEpoVq3lbNviGT1TULkaoit9bG3/atSOHpMPuCyuBfPyi7cK0XjUQFQFh1+FmPFR29lHeN5kJSQzILX+pr2OOY6Dk9dnEkERrzgoJEquPBgfe5HK+qiHRVyibKGawoFD4gQMSh8whblYuKGSlepgNcftsPfSaiCbgEL6wFLxT9H+ctj3lKwybR9IfxO11urqPa6pGxLnp/+5AENd1vgMg2RFrRhw9I7CuZcxp2bBRNvCob7Z9e2Q8blxO3AHpIqoH/x8NIHefnoGb6zPZYZPRWVuVahYtlkfRZv2YrwJdqsUD7p6zBKXOLuQbgXFzwQwWGR21NhU771iwPdsfOCa+aaj+/k/rJKRROy+rwJVBvU+wexcOHT/0giQPsiY5n3e9kjcBfrXbjTnnblO4GaKUSSVLFuZ1p04g8r2egAwbTsB0pTgIIRP9rQGL6e3AMvOtIVUir9LEJ9G+0+HbwVPJDLcaiFIa5Mv66c+lhOldfjAU/P8V/qsfqX1oLwAhlBV+m1XMeKgEHij7aDeLSu3D795KB8336BTVKV6875ctmpM7K9qMIfWx1soq5MHLT2UYZw6bPVmUXYNtGpcbOGbgHwHe5IpzlRZ0l5MyN2+tD3WI89wk2ctYV8dqmsC+uSa2sHNHTtIFg8Jj3KyIJWPso0SiGWrOl6ckoW2Do1udx/mgpdZVEaePIvIhFOTnrzVQ5L5qJ0wBbiebAr+DPx1mQPD3yaTvDCNGOiGa5Vr9XijXlD12os7hmJB6haLFzLfzSrRH7DpmaufvmaH15+gSgLP8o1FmrZRkjXT4Yrv5k/SJWX3rMfl3RKGh7teSVRx/gGzUenwT0QGW6W8E47Q4thWLyqycxCo1r7sNB9UOmwCGEFKp5xyaPC9Mi3Jw7AZAL5J2VLFKNr7TjqbBrft6lpYTbDmEjg4lWHhgOqnfaOekZC3UZl096YGN0jQcFW9FqGiCUC78gmwNRl8losvYMHnXIEUrEWxJy+fhAvkUTWz7FywEk5QZkppnLyAyPrhSMTNTgVu8v9nFrgSgRIAKWV1WuiMtfyIesvj5NQBW34ZmA9cqmGf8zYWNgjsBHSOh7hlBt0pusJdPXAzg/XJbeuKBuymrtVw/jB1AmSxal4l5OSqMV4Azj8UUFO2IH5De6Kj5/B/qjQYjGptZACnkaUiuXV13f1lUO+g9FpyrT4gIKTMIwRfy7CaCpG1qDCBVYFM9g5QSdLdBoBi/0/2nO3hdoREBUgG0N/a3z6wyJ7M3KWSd0kNMHh68NhwJj2qAPg6z0Dpfi9DhSISW2nSAfjnGf3dnupncM7YSE6GdnBkRGmjstLUNwawxD1ETwmghuA43H4Jko7JsXZBXkHUkzDu45g2X41gGHdhyN0o3drbd+L8ueyFl5IqpUiqmCGnp36+FvYvuBY5Zy+fp4PrkL6XBhBAs16ZxD/l4VRZtP4I5sbyu1FJ/wJvyS62lq04Fk4Q9Bt8YL7lskIzBk6fO2cKQITyMKGGiaYZ28Zq4wl9bwr+rh0Mx2FKsC0mctnySle827jDNhCBwvsGb9unqMZOwoK6QVCn3gSIwPCUK5WNVEkagJGoAb0dPe1dZNkZE5fmHr78SF0/sI7Nj2SCf7/ms2fRpne5kecJoVrRE90ffLUU7F7gYAdKqvLfprNBSekAHaw1Ce/9HSmlKt6YxxfSIXdgRfhvjhgJ0IMfPX21OWm3t+agV62gNs/XwLIsFkFV1llGQ4Xk5JGXnIAwCafvJrn3UuZeBkLzNKHC23zjQlrh41Z/LCRzZ2J1hf9aEt43sExlS7rqQS/4lbEJ6yGwXKa/FaQoWsUPqUmMHq8RdG44OgnkjilLzWIJfXOZ7JTNZo5LHUoSIQARhoYKiHmpmWVUlpgeTSoQNhSLsWvfxxPdqvMlchjQUSo94gN1DHuMjVpl+BvI+jcJOC7YJuyuyzJParIk0lJROL1QvOskMElqnZT+hwWqirP1V1d6OZFFNRmoB8KmJLZX5xiXThl7E/Ve0EV7DTFhQS9YeDpDPLDBG2aafnysifcKnooxeMYtEq6RaZBjJe/g/8MoZzIZgj3jrLrjoRj+tNlHaIfu5M9JPh+qAbHOD1VeTXiljqA81NsNLjJUWbzQjoAgTQJu5S4W66BJq3MasefWEgk/Zyl1EvlW76H986F8LP6BMpDtlw5dp83OcJfR6a/WaAWDQ5vRDaXzBBW1KbGRT62dKg+acUJCDBSjOEQx8NFOO3Tyhj1ct3TuT1N/dIQR0j6r53jTJ0HhoFVwrE/XKE3IsCmGeGdnJeKyoh4wcvmtcFCeM6zeek/j+Y159TyLTH6+1AAuZp55sFmFDpF2EBCZDsAmDZhfy7sBUR/pvAW3kkiaCe8AJ/r9qT+vKbqTdjuMpPSXeOZ1OOPT6aOl4nLPIdtoC/iSLcX47lLj6OJT7rxMCZTHSLp12M2XynPzdZHU4VGocYQO4zCqY+nXEjdcRFv4vrEEfuB7H9Uwu2uVVBKjVvHJqOI2m7wgznIey25Tbdufie7+o1z4q7VGa5gNNitpaNtN3BPNtfZXoJY70RRhgn3JLIxXduI0ZFu4tC49yQn+7qsSm5na/pDN2XJ8ejd0STa8h1oJIX1yFuzntuNK1FF5UKZXlQR82TD6/YP0MHlUr4rND603jnqMpEOthgTtw/ayNl3ULKkbIExQqupW+lXAIkvBhmtOTKgDWDf4h4Ni8fMUKU0KKxLGQTtAE/DOHtp3jnlcPdek6T5XmVIqOrUg8g2PhF1UT7tlbJkVrKN8Yyca1TvXVxHJChBGZbIefLGYGw2xqZlbLcNGwHnLboSDuoL3TPCkJrAFUmMo2MM9Vgcnok4h2G8qzebnIvkpP/3R8EbI8Q42Fhbhtd2KYhcTOgTf3XdsGDb74ztH4WalI4NU/xhZDVV19Dv0xkDl1VTD0h4J3NLoD+bNHfsys9ocVBs2iMiri3rjCoy3CKDZGAn11K8B3DZCtH17gh1Fh1ZCGBwdhyN9TVaZivmD9qqrE7ZK1whnc4FLbZx4aRvHWFhRUC53DQFs4rh/UoPUorC/pahb5/wxfmth2CU2nRp8e+NYE2z7HRyvuNMCgZ72WuDLWIvi2DuFuYiODvzZuDjEQFA0AEFJLqBtNHQOZuP9xiaEeCQjO/3MTRHOheOf0x4rOy/9UbqNqDNUzIC5HvVSvK7A0q6bif+IDh+yvyVDAUdpQfwAbWcKgIyuCWiI+tPGPH98mM9UUJG0n0KKHyODNhXpWWYVotxcQxeeKWYkdAhuCxcuaNLcyBEfyNAeG/0BZcrgv8uLX6uEdnQvXqaeMSOWvOu6WAYYbWoXl24u4oj7S1J8WHgkMDqZEXk9JQ==</Value></TokenEntry></Values></UseKey><Claims><Values xmlns:q1=""http://schemas.xmlsoap.org/ws/2004/04/security/trust"" soapenc:arrayType=""q1:TokenEntry[17]""><TokenEntry><Name>SessionKey</Name><Value>UAOAxLb7fuBXJEc5Lpcpsk19gBYyfet3b2FieQC7M8JnztDeOdX1GXRwW1oZ7QqpqHlBbFJK1oCo9z1ji+8QjRNMYzYMvdg44xuSMIwbn/bs3ZJHKLV3HakNCWs4nmeFYne1sJO0lSocXQl5ANapkU+of0fcs7Ddf5Iu9P3mq7a7dXZZwSbNyt/FYLpRs47P1esEqhb8mh11jNbjDmDScMtaHn39uR0NVTGPJBWctDODhbqtOT57LzJYUdmkak7YFqjKbOVzIPk98aU0ygV3V3h5721TE6ezIlC+NFie5dEvLLpAZsD8NztCWo3AcblcFcM8jBoQgwXZKuF0VBosWQ==</Value></TokenEntry><TokenEntry><Name>BindingType</Name><Value>sJsTvHnd+gUUpuKvFWW0dProtX2oHXutraLngtn/LSs=</Value></TokenEntry><TokenEntry><Name>Binding</Name><Value>G6+kkhycj7scHpH8ox/5N6wXBJuYKdQ8Hvh+suna3nLyikLafLjeEyKN865Ygc3+xNELW0NLWCRNznbyY6fKTu4QZNXwJztUCRfdPTkef4s=</Value></TokenEntry><TokenEntry><Name>ProductKey</Name><Value>dsb35wVjRz6CmUXi0VfO0gWZzw+n9+8re6dzdxdR6H4=</Value></TokenEntry><TokenEntry><Name>ProductKeyType</Name><Value>sJsTvHnd+gUUpuKvFWW0dDBagC98utiyox8NXNCSSQ0=</Value></TokenEntry><TokenEntry><Name>ProductKeyActConfigId</Name><Value>j+qml2DbVIxwPMT1727buFTsbcQqIDnWG6YbE1c/Y/gRe6T5fD/WleMIs7NVfhtXQ/AyR9fYwcRyK5PLX4Gu07GsKaaN5wqFjTdw2U8RJBo=</Value></TokenEntry><TokenEntry><Name>SppSvcVersion</Name><Value>oTkjGc7CqPwH6QUld17/wQ==</Value></TokenEntry><TokenEntry><Name>otherInfoPublic.licenseCategory</Name><Value>qwluis1bvfN3edFaLW6QM+yp9Bk+KfVvYd+lung4wkQ=</Value></TokenEntry><TokenEntry><Name>otherInfoPrivate.licenseCategory</Name><Value>qwluis1bvfN3edFaLW6QMztIfAGaL4KlBd8JHtaWUwg=</Value></TokenEntry><TokenEntry><Name>otherInfoPublic.sysprepAction</Name><Value>Wd1yibeLYZYqFToFnbhiwQ==</Value></TokenEntry><TokenEntry><Name>otherInfoPrivate.sysprepAction</Name><Value>Wd1yibeLYZYqFToFnbhiwQ==</Value></TokenEntry><TokenEntry><Name>ClientInformation</Name><Value>b+ZeJ5+gxLSGHMijEZ4Rpq79RDsOk5Nqm0C9dIV0IsBhL9zsXUeIJpvD6DtbICFNXbG0oR8FhabKUONFC1tdIQ==</Value></TokenEntry><TokenEntry><Name>ReferralInformation</Name><Value>Kd8i6VxDG5NJjb7dxP4bI20szXhxCAU85V8+8i9WM1+jpd9FQEDUKbhApLzAsM9x+EtMzMs3uMh5BWrswVDMPw==</Value></TokenEntry><TokenEntry><Name>ClientSystemTime</Name><Value>HbuRTuFzy6qvBSb824W2TJDMi1oYBGMgF7rzhsx3lCY=</Value></TokenEntry><TokenEntry><Name>ClientSystemTimeUtc</Name><Value>HbuRTuFzy6qvBSb824W2TJDMi1oYBGMgF7rzhsx3lCY=</Value></TokenEntry><TokenEntry><Name>otherInfoPublic.secureStoreId</Name><Value>K2gekBfqmvWbl9z+1dD0j6aTnghFKGzbdYOFCPeuLTIT/dy4KRHNruVG9JEdvtMc</Value></TokenEntry><TokenEntry><Name>otherInfoPrivate.secureStoreId</Name><Value>K2gekBfqmvWbl9z+1dD0j6aTnghFKGzbdYOFCPeuLTIT/dy4KRHNruVG9JEdvtMc</Value></TokenEntry></Values></Claims></RequestSecurityToken></soap:Body></soap:Envelope>)
00010002(0x80072EE7, 12:46:27:873 - <NULL>)
00010003(0x80072EE7, 12:46:27:873)
",,,,,,,,,,,,,,,,,,,,,,,,,,,,,,,,,,,,,,,,,,,,,,,,,,,,,,,,,,,,,,,,,,,,,,,,,,,,,,,,,,,,,,,
2026-06-03T19:46:27.883764Z,"{'#attributes': {'Qualifiers': 49152}, '#text': 1014}",dc.danglingtree.htb,Microsoft-Windows-Security-SPP,Application,2143,2,,,,,,,,,,,,,,,,,,,,,,,,hr=0x80072EE7,753c53a2-4274-4339-8c2e-f66c0b9646c5,,,,,,,,,,,,,,,,,,,,,,,,,,,,,,,,,,,,,,,,,,,,,,,,,,,,,,,,,,,,,,,,,,,,,,,,,,,,,,,,,,,,,,,
2026-06-03T19:46:27.915710Z,"{'#attributes': {'Qualifiers': 0}, '#text': 1000}",dc.danglingtree.htb,VGAuth,Application,2144,0,,,,,,,,,,,,,,,,,,,,,,,vmtoolsd: Username and password successfully validated for 'administrator',,,,,,,,,,,,,,,,,,,,,,,,,,,,,,,,,,,,,,,,,,,,,,,,,,,,,,,,,,,,,,,,,,,,,,,,,,,,,,,,,,,,,,,,,
2026-06-03T19:46:27.974504Z,"{'#attributes': {'Qualifiers': 0}, '#text': 1000}",dc.danglingtree.htb,VGAuth,Application,2145,0,,,,,,,,,,,,,,,,,,,,,,,vmtoolsd: Username and password successfully validated for 'administrator',,,,,,,,,,,,,,,,,,,,,,,,,,,,,,,,,,,,,,,,,,,,,,,,,,,,,,,,,,,,,,,,,,,,,,,,,,,,,,,,,,,,,,,,,
2026-06-03T19:46:28.013230Z,"{'#attributes': {'Qualifiers': 0}, '#text': 1000}",dc.danglingtree.htb,VGAuth,Application,2146,0,,,,,,,,,,,,,,,,,,,,,,,vmtoolsd: Username and password successfully validated for 'administrator',,,,,,,,,,,,,,,,,,,,,,,,,,,,,,,,,,,,,,,,,,,,,,,,,,,,,,,,,,,,,,,,,,,,,,,,,,,,,,,,,,,,,,,,,
2026-06-03T19:46:31.831269Z,"{'#attributes': {'Qualifiers': 49152}, '#text': 8200}",dc.danglingtree.htb,Microsoft-Windows-Security-SPP,Application,2147,2,,,,,,,,,,,,,,,,,,,,,,,,hr=0x80072EE7,"00010001(0x00000000, 12:46:31:759 - https://activation-v2.sls.microsoft.com/SLActivateProduct/SLActivateProduct.asmx?configextension=Retail)
00020001(0x00000000, 12:46:31:763)
00030001(0x00000000, 12:46:31:769 - https://activation-v2.sls.microsoft.com)
00030002(0x00000000, 12:46:31:769 - 0)
00040001(0x00000000, 12:46:31:769 - https://activation-v2.sls.microsoft.com)
00040002(0x00000000, 12:46:31:777 - 1, <NULL>, <NULL>, <NULL>)
00050002(0x80072F94, 12:46:31:783 - 0, 1)
00040006(0x00000001, 12:46:31:783 - 0, https://activation-v2.sls.microsoft.com, <N/A>, <N/A>)
00020005(0x00000000, 12:46:31:783 - 0)
00020008(0x80072EE7, 12:46:31:805 - SOAPAction: ""http://microsoft.com/SL/ProductActivationService/IssueToken""
Content-Type: text/xml; charset=utf-8
, <soap:Envelope xmlns:soap=""http://schemas.xmlsoap.org/soap/envelope/"" xmlns:xsi=""http://www.w3.org/2001/XMLSchema-instance"" xmlns:xsd=""http://www.w3.org/2001/XMLSchema"" xmlns:soapenc=""http://schemas.xmlsoap.org/soap/encoding/""><soap:Body><RequestSecurityToken xmlns=""http://schemas.xmlsoap.org/ws/2004/04/security/trust""><TokenType>ProductActivation</TokenType><RequestType>http://schemas.xmlsoap.org/ws/2004/04/security/trust/Issue</RequestType><UseKey><Values xmlns:q1=""http://schemas.xmlsoap.org/ws/2004/04/security/trust"" soapenc:arrayType=""q1:TokenEntry[1]""><TokenEntry><Name>PublishLicense</Name><Value>RKYrm/E8dW6d8WI4vZyGgBVrS8MXZMXF0CdPB7g6v5H3jJbPRRw7U6qZR9DHVMZoX6Y5YUMcc8RwYIwVNb91NQayBpV+8sS121bF1e5dNQJn7vHrh9IkwUtfGSXsdHk0nVDMbHnZKOUMEuxBDiq4Z9wbyseOk74o2fg6aj0DFyYdcxw5dc2bNAxxKW2pXxTdrd4G1Iy/umALkRrKsB/lIwnQx3coIo1hA+kLw/Vrmkswbm6H084D9QEJGWasDkqp2lv+Stkr2Y2teDkTgoxCkOT+AaC8hqpE5GLPg+s7jf/b2TPx6H0JlpW9SMddrcIFe6Rr9TEV4xahF42ODcs6D8cMvCZOA8G+PMTDN/FgUSrhLJfIZyW5mYX/ZMoyvrnC4P7W3VxY7Amc0tmHNLPxhb/UNSj6e8Ll6UDNEHonmIgXgZxAVaYsU9q9hSavUDEbQnMAm/9I+sCiT3EOHC4qML9QLZDzxRQbVNpUYAq+m1MaQZenGmhgJQf9LKHBiPC4+dbT3GjiDk7qVr9XPnSlsKVAKg9QpymZJtFIQYwrKGhMhToJGakbFEe04sDpDKJ0tse4ZFHtG8AsM4zTBNj/+DIO81VY4wDDQ9E+oWwkj3sKxBKMPEFIWQVgDh8bwe4ihs69xz/+6TKVJlPWPVsfF8wFcLHwvbUIiel199+EPS7g1DO9WfAGbyakGSdWz22fa1G2jvk3wOb2IqQgRldlwbZu/ehPF0isLEVSudjE7x+appgZGgbHE4Jr420wcoSBTDwwkyVZqN71rm9zefXWptNyVWDvd7PjFdEELDZNPdYVjazL8E1dLQngs5u+g+0muquto0YRWFv2tWMfmPmfvD9SC7q/H1r8sB3UbRtD55C+DsiMkyzohyzpdUe2oCahtOhRDhXoFTLrXa4RKFuuCB16z1WdWsOtdtHcthQ1aDfmkiFu6tbCTLOedtRQuO7MR0QN/e1TXuaTELaSbyfWy0oNYxzYtvTEh00c62md6ogQHRXRDRyHICIYu6zIDgcqYwlPFTv1qLcLaF7t4YL5yx3Nbto4Q2b1QC7LmJUoLBTtSRDgGOi/oWsXgwAc4dMh/rgo+U4KKmfsTBFvmx2c5j5iLD53O7MZn8/v5AnbsUnbI4lOaDR3NnJZZ+RzjyMbAdxgwYPY8PXEk8rJHiEvrVT9j2+RtMCQpYFY/2SBK3QD7iDYl8qD9NEprr+6F0ewRW/oq9tMhbczW/OdYLi9p2VVNL7nT82V4zDoJwjI84TCssdNsflB9Li34P1u/OkVKjk1xLQt6AssfTHuXHGKSAbxwg8606RWIXCvrrDBxIQzzEx+J/7g9PFkrtyXEc4XR2bjtAGD9hJwgqXu7gAVDesEpG2TRLsJ5zZw13jyEOQ9J+P/QmE7DSQrdgD/xj4K42f9rJhosqPfVTUpg+q10WciMg7EhrYUhhsfA6RphlJUOgZJQQdTEiSBY9TlmDTsQCqHoYu0hAqdB3P81yV5uTZynBrjD0XtRaNNgc7IuB3M+1so1zRkDsLEgZ0mKn2rg+NniiNOpl1L0A3dDJ0d/H+EULFe+XK7CAoY5Wu6Xb5YjOPQMGN0AGmvGG7bNC5t4Qg/utG2Zxe6FXZw3G6ShqZ+8hbOLUpZMwMT2HPwHNQl29Yitb4IqgQ12w/PueX0RrjDDPRYeqRalt8JHUT1VhdOVhw8bGCYQQ6Uc2seMqsTSSZO3Mb0Z4VUoyx7/JBhY9KiHteUz97PiJDfYr09hsH5ZMz3oaCUYoBdbSSYQVDAoJ2inWFUsEdxle9XzGrR2bWO5etYtMRiQSlMXB57g5gvd8paX7rs183rD8UY2x+gblUsr52bLPqisK8qm2VAV3alEXHDUr+Y+B5a+SyePnjcwyOal2FMgljpqc6e7fQZta6BWFSb0iBSOBAcoDIwwf6V2Ff/1A7xpkdJV099XvNiI/HPRld9/BXmanJFXNVFEzTqaMHaKzWX88VYf3GvkHJ+gsrynRwQsHbjBH75Ifci4yZCCMuHn40X0q36V9q4Et2ElW7ORMDxY9aYPBEWm7aWEYvZJ2jyb3TrZ4RP6EhncoqtURfMy2g2DPTnApPvco9+z9u/2RXANKGWOq0TdYWuxzsMK7/HgwKdQkJd2XuUXby4OxTfR6jLe0DT7SvDj4cCI+NcUruGtai8CCtf2WctCqKpbPg1RZ1z/aQhokHEIn2NpM3AVpF0r+DvK7ClcQaidbqQ7LZ1Ka00q1NJcIVntMTWqDF+nPLfcoIYBhQ/L2PfermC6Lhw6qIsOnVnSEbbSxum3NJXkBlYxzURuesvxaE1oyaidpZJlzlu0lyKqD8XAxA/ACbFGa/1PwzCAtMZG4G6W3fYiKF0dUsH+PGq3Wuvp5YlYZ15YxJnSKtU+zLKU/EeSQEMawgjsy4xfhGkR2borvAhsP+J4IFgdo46b73MDq/7MpHVIhc4H++p/VbVRdXBzS+0t8+gHQdwD+lme6LLCd9Q6OnuSh7YgGOlON0gcvAvxvRNW3nYk7pI181aC0wfhMkgRz2kZFhL2hg9z+NT6Cet8TE7N7gSlY6LJDhyFL2+7q5jX8A+SqPteFKveNXGPUttZp9VI773uND3ABejFNRjXnCW9cSfzj5v5E/m+YRvuAryxBRZMNAyJFyrTB+T4OadSJ8mX3kHuVpUF/QERn6ChCXv3FFz+kXrjReurn6dUPK1YOoXxR0bhwhbBzmOH+rVvldd1TbxG6K0/msLIMhmqeAH/ziBaYl9PCemBN21mREgZ8pFdQVMe+sEpi+GVci7L8i6YGIDQZiOlcD+Fb54pxVgCAq9Q1iykgnb4Ypt70qmCx4iNKaGBbuYWwbytKDMBxzzBKOW4Ohr6F/QWeznWMIU7jqzTf6rloVULvcSKjxBM/GD3ccjXVCpWiXeI4EE7TKmUvRreDuk6Id5/8NyK86rHZaoLRn+0vyUm65d5/BHXfq2ifM6hSAUVQaFX9niDYJRxqILWXa0DOB5FlbrcAu6d532J6CbrCF0w01AFyyQwHBNn30pS6+MhS0ksyx0z8Z/qFDXqtp1409/w/eukbtWGxXe/BSo2fzmf95SqMHzRuN2nCHm2Yo9dEO9LRjTl8mdQOU60b/w1Ayc1IADWlaYYOlwO9wl+Vw9LhMfbWyHRjpHKPD0MkIHeCcx2eL7E7N8OVaePrwbhwSM75OT7GHvJg7PiW+ORbwflIzjuD5CD+ovyIGH1ZkQZM2/r6/vlvlv+a49t785o7s7Nwos8gtLC/ofhsByGf5qxFyXQcgYuqva/VhhoDAiDTfydH3dS+JDoAqBYmwHEqEyHMOrG2g7qYQ1ODDScinFK2jVQxEqNqVveRY8tW8eX06T9nKIYZ56lDIncdRn0iDPMsK0o7dCv+Q+OMGnNFr8JmskM7gqYfNiql6WZNXMnZOeOUGIlg4AcmyLVFxTfMMqptRPtSkCviODRhATxV9lofSkaqv0249ajU/AVjTCCSsWMwjkbqgT5QM8GZyrvUds1qArGpZ79zwamM2J8DcSiLMuvipOipQ8TDGSAzPFkBIstv/BlXMehUte2FneFBGAu15+Z+GjIEIfiPWEB1ZQz9zRzPENcpU2GYMFNbChnpdUm5Sy41rswuLrSCyo9nDiRol94byK32NNfZca2z47rY1L3JJipdA4NpZ/0Vt/ewaGehnCbcus0aIH5gi5wF39M18NFZ7Xq+IjDBm3UPJ7jCkOHzJsE2llAK2Mj6+Nf02p36DQzEmaOnfKddCx3UlkYX4EAA50ysJ9+apmyCzUrZWNHCZBTU4cNkdRewDwAGPGAeFG1LgE3NC73kui6tw9W5z1bkJInIsUjvtB9It4lTDaBzw5F+JbPD4uBv6rtqH24FpGebFAz2JV9RIQnS7PvL8uChX4nx4wgsXGDW2cVYAm9t5ImMq41W7XsLyAqdmRCHfAqwIzpZEo79wBo0olBYw5GshQfc7br4XpbatnkVrBvGyXOMX9D8sIh0nsa/i1/8JMlFBvZWXjf4oO0eHFkcqwlL5c9AJDFnc/2CE9hbs67N24jmO/oIkevQU4OMDnwfXv8iOunRkdSctQm+84E5Zmf+zSGJxYwUpIQQ7uLqk1Guqi6Parv2FwsXD655kBTga3wqjZW1JJ3EaNXOwW9yehCBTRtFuUVA7cznukfgRuTb1JRWSRKDr/ZJp/PqWpu2sjEbzMHr5B5l8rkSqSwL0SjOAnC0Qb86UjrrZKfEvm5e+dKPdvfkajcH7u1kJ3mV0q+8dgxQ6GiCHSdc+g+v4PArqlUGInAvvyEebvEjcUml+fpaBsldJYthKT/138plFE/WL9XF1nB18/xnLJJCWYJ8qoUB42KmfX7FT/ZS7fTFRaCZBU0XmDwF/JElTz5R49O7ezHM4IsgC7sxNAE2pwX+1hVxJH8uey1vtfTqBON19IzvIHA0d3/uJKcHas7FC0HLB4o2Y6aKG04XpHL1XU6at8DM/Q05SFRdnaF9Gf/cxkLu6OGujWXsWE9EGUdLKL49dMUKP9ljzNTKYB8Nx9+uMcecAen9k/cTYn6NRcVWGWVXTv12/0Jt+vcwbfuFjxuySbR6AdTCsiVk5o45QX8of27tBrQ0ufhLQJUXTqePXu4E6/xuuBTplsYCqff1HYNU6w9hxnq/2iGf4t86DNnXwf9RGVu0+Z7oDcohQZOV3lO2DaLDPdX6VN2xVFI4CAFbh0fPSoz6fWrlw45McBSHdNUkKiMkXUdkUxjoeHNkq5tbG/biPUI82r7qHEAUOROorXQjO9QD/RWlc9qmlTQR9m2nwTBM1VzTGFwcWES0rCVzMfK5m8Jd0Ov2vX0Pxp/tU+AJMrsEROoYbDvqXRBCLMdVs8G6e4x4q7suh0tA8v13uGJOAD5HatuiA39rdxVjf9oc4Ig1ztkZlU4j1c76HUgYUJcNxogy8cf20q2/dBl5T6D9BKgiJerR9W8Vep/ra52dZtkaidQ9DUI5abs8zl7HqHOp8Gtp6QYPCt9tq1P2VpnZD44HzZkx+GG0rCLm05S4hkOrDXRd303ydtrVRrAb933nJ5jyBz4/sLbPHO9HmOKPEhCviTYBUJBVQ7WAmUj39RBBfwRbAnzzPXAH4tNg0vcMmVzgIXF1te+yoioeubsFMw0s1r9ASwc0izveZRnfPCLmRs1MSZR/IDlmjzgqlJA62vNOtxfvAFQhTPdbtztY6PSBRlR4+yxUAz4058HLJmeMd+UCEbnsQeHgd97tjHUeywElvfuCn7O/EX6lvzw1Fz+cbfahUcMWPb8ZSk2T/eDaSMEqXLnfJlJ+i+qnKEMzknpwYKRQefx2Ng5v8SXQ2w8gSGA00lNhF+YYfrWyPho6ayrrCQnWjwkRy59K+nTREOnDzXnvTbLfPdDkLMrIY+U8sDSY0tuJ2c48pULdg36TsN6H0eUrqa2tpOnb4hx0qFlZ+0psTbwXtzm0a2Y+BfNJDfdQj8/bLYrY1Xk6BE0I3tv5lejz9dbL2dl0fjtSo6nd9arP7W6UxJKk2Dz9Tg94sYVOv34m7TPykMnjkdX9h9usziZFiOJ1OSrPilxhGW8vr13TzmWSjlrG0r9uWhjaTVSHTz1MqNZ7+mvLB9aHFakv09bkNwn5So3Y/RMtrckM18QEivgfoZvng+ULgyKzqfutWSF9RnMng1NK+Ive+4DfyoDk0CTnq5L2ekxCZDWLuBBCy/06MRn185+ZrClBAjda4l29EAWKeWSlM8cWHrqSLPNMKHQSPNCOOO81IgnJHeuOMKq3Cm4cOFCinloiGvpekF+EfMSYB45HjOkzodOxyzEYYuAufhkIkqlFqbLKyg3cQSskAoppB6RTkJy5LA14E9Eqg4QnwqmHIzAmpdzweDjH7UHfoE+aoAe4yu/wKkj+ukwlJ9ewX7uiR0Dmp18CTGsCU/gEP02OuRxIDMBK8RETGeBIhGebCKFeQTRNb1xbfqbyHD7hp6TpwYQILsi6UNmXrUgE+2Tnz/1k++bgedh4IT/oIcehQ57cgdP3dK8E3wDoI17TKTDygotbGlGhvHsRHBZQfNPuVQgN4FX28HeyF+cR1HdioteqQPzjxEETXNeECJdiXb0EFc01fvMPFb9/SV5qF9FzrnYevT2uIf3J+5GXaOqUczW5nyRAZNhfqbsIy+sGG3BdyxvvZaE/GmySsrm+/C1dcJWAo6jy587KS/arVKfZ7Ud139kNdwhkL8voK17WxdVcTZei+Lnhlibt3pezN/V4A/FdPPTnzvcNpoBlxDddDI1DWjRHH+edCb0h6AmrB8UywTfcLjponC34aoxby/9GjbA576F4aC1AGmvkMtNt1JbPsmOLWqrHBe+uRxMoedEW6D27VFnT3c35gvBTFsMpB0l1Qd4qE6JdY6Qpp3OuhjmRCkNIdw3rwZwJXCt06E5bgPAj4p2E8PV5mgDxfDsmR40fqSMg/x/kv6I9h/u0cKQg1MmaP+syIPxVPY19YKb/ZvJSX//2FaLeJZ0oisfJYkf+3sOW17oQWiJWqGEGZKGk5lazQFlHeGQyqiUOsZZhnQ0OXNVyWwTuY5wFY/l3ILfO8LakGQ6qHT0brsTTicpm2gU8famjRkHR2eoC5iH37aBr6gPJRGGqserviMOOHvxeCnmq5XLMXSRuIFLeov3X5T6hW/Kfw1jQbq6glUQZ1FH4yKNec4BwAcNFkF+Z4hg+DM0iXlYn2dy3rXvDcajadDl65s0QgTZcxwuh+R7IiaS8GSfxSC0HbUOqSnwf6Nc6Xmu8gIyosf7SWJPW33rQSNR7QnI1dOABWHZgsIA3aYlA+DeEKXOyytga+kzUIzk7g1uA8+42pGInxkTOANzXsR4nf37Vl++Ob4h34wNlMeMhT4qFANDPu+i3bvNuQvJh8pTDBy/Iul82SNcM7sLMMLBSeGUuAiOKSZ8qJz1nHcivEHp3I7Rnt/hA/2CV2kShXo04jX4O5S7zZtv+6nTPnAhNWUoOXd7DN7EkgS9zfrXHOgUrRg2IPephD7EKXGBcuDJsmk6Ksyx30Jbb/IZBdCU8hOD9a9MI1htR8ualO2XcufkSblJy1HuJCJZ94ve7k1Hg5Dl+hhbKcz7QEGFw8yxEnZ0OuNhrksY+1SFC7UkW0Rb37l5D/Qdm37ud/YQF5q5p+i6ES3fvJ3083STQQ0G07FJVx7Kaffjw6P9JOaQrl8XT/ikMY+hMY0rNazh1pCfCPgXZtQajgUSdhSJMCrv0/VshwcyrRDeqOebN1fOrkGJ1eOpQ5uja1R8As89wmQZ/Bt2Y/itEk61gzB3/xFUVK35Y4pDRPVQpJwzLaCfh+Lo5smbuRuc+YwFPCn4crrQTjKSZzK9yrO+4GQH86QFY+59YNhq0HqaqExfK+l4ogj3XBWXR8ZG/Q8mxFFCaUH376WwyrODP/KQA7/ujCMaQr1qN5cHzYpJH6d5Q/pq73Hu3pnWH9UpRjdqLANpwhrkHqKhUC7oG4D88MWogGwZaM+Y8UvkcE1evsLKiZS7O3hWLlhwmgmxEHGAdG5Uv85sgUhMCCWromCFOKZB900Bx+cmDbRF/VlB1tGg4pnIggo49yzEb8n+tWh/k79cQpdZEVdDxwbhAFgjIR6RW7GkVS5hvQZE4KaNYE4eBag837f9z+EKFjiFgNocHXiJcaN+GXYJkd2zFRNpaRMpVrwbGYYduY6NaffTTPJLZtrtcm0FF3qRQe6loOXSi+P1gLtV970WBmO4n+VJhpFLlz1aKNPCqx0awy0IA+KD9rXvxU+4ELJ8lr0w4bCTMCxxS19e/sJSGosnkCS8Vf0zDZYyTjHUcTfbcBUJZPKaW4ZJkDugaHtzJh/W2zBLwi7QIY6scQAczBwsCCsuI66CFZ86qxUaZSBldzz3xAUyVQ68A2goTq/TmKG+JHLF4ngRe50HLBN35XBeubyF2dhVdQmtwUdQ8q6FFbpEi3Mez/CYQBngDtMgIrU5aHGpURH7em1lPp/4PP/XbJpROS7QfUObjpts6hDYi+WtA3N31D/uX1nrElM/OvL7LiG6Xuc1XnaJKNPLrf111YnfDWL9IOHOr4P1uXTGJWED84ifUJPGk87CpQWeigtOqwOrwat3Bd8/8tP1r67YEpKv8NTJFrNg3ogczjnCxnVH8/pWVyOQL8Ja5PJNCjEYvmYb/qvta+Oc4uzb4Kn7hFEuwNW7siTOOF+eoOp8sdYcCoTMcIstMkPrx7f03jHv+I/JpH6yLnsXKhmA3IynqDvzkQWug56v4e1qugrkgocP01UW0TBxPdRhslshVwanpYb51Y/61+rHK1+M4APzqddLznMBxrmAMki23KTNGNI/T0KIl991hXa48cpnKzSPRFyi25Qc3hDswu2uY9ie3lHv36b8sL4unFOieWJW3Q+thPHdW1kKtpC8I0PuL4+aTHANqHDY8V6EuaOSdlNS39/n2Q29XvJLhNXOh/aSlgHji7UrwtQYFqSmsVXBcf7jMGGoqBvCLeaXJDT7UQyEyNXfdnm5Y4euPMOzw7kogKssixBbnDH9UO3Mr1VZB7RDgrh4+bqO+VQvpA888aKGfus8q8RMA2desHLGmh5jvRPbHrlOcg76fNj3WyXk9B3y5XkStHlyHvE9gt875qmJz9XsQBdfHSqt/gnr8a1iEeUHvlLnScYBtiF6XAwlAAZvF/gWnl+hApYPoYFRw2zjQjBPcd2Ng/BllE5QxieMjp8megPnYa0QDYXqCZF/CTJRe4Rtv27+ux0DdEjs09mgNvTe3xescatjnR+Qp5gRgXSlfs5jEB4z1uucMuL6QU3BDL0h6CErR1MjUrr4wptMIp8oYvgfQlyMdRexWcVYq296whOhmJTN7b521SdRZYq5iyyXt4ykT2MrBuOUvYRiOU08/REfbB96RP7oHdmRLx2VAvoD4jnrKy6OU+ovRtRs6E4rxZcIG1AP4Kf1SsblZbYP+Cf9TYtPkMwHJr+S+7s3iB4zIXsUBkL/of6Mbd669fSY+3BRLSIskstiWuu1sxYowLFdEIJl35yNq8mWB95hvyO7odyFP0yc6CtZcOcm2VPQo1ndK4bzEHKA01xew2kHFPQsFl5Dj+pnZUBz/HjB3YzEwssD99ZIk5390F6hTEONiTKrPal9InX5XpzXlqGRTvg7LcAeLUXib3dJK9sh5CnkfDoVSaSD5zGtqmJeX9Pf84PEsyXLa+epOWvZ+A9uTXcmVlGLDcxsWb/AYQctXaG0etJIlNxSONEczz+EnY0MZg8l6i5YQixb3TvDPBBsfi0mu0p3q+8n2f2xEpk0We/e/+3TCVHl1/0UcJUJ4LAIqB2A+Rqk07XHiR2yFQiH3X/w5euf77MvnzxfOPTeCE5ic32x0PnqDTFUMtgFl3L50mlMzPeaZo4zhK7skvaXo/75Zs2bNZO4d/MPeFZxYXq0ssSc0/Bttbt2ioB1e2T3gbqlRf31J6ulI0ScV23d5EnFeVwQAvqFrEPaSg8elWPaDWmmEDRVtYDtqBVKkcMQplEwSI2pfLzbZkEumEVG0MsRboYJ/CAavwGBD+722NZwpHBhcXW49ynbfQSH5M/zGVWua8XNEz5QEsII2Ze0VXu4/DQ3da3gefG4xajBqCbbTlAGNJM9eoymELHHG/mzqPujV8u1bGL+jzt756kumf/Ckiuz96QxkONL1hrPkkkm2t/J0jz232KEiddjb6G38lZDnzsMruMjQ5DKG1ySVT7nym01K2OM1xHTN2/Mc8B5VJsInXTughw/DqEjp13HrxZpT1GL+iSJPmTIcEK2PlXRpsNKVndF6y0vhjnoWoQ8PsJR3+j7NpvZhpVF6J6hz3zGLynG9AMWpaHryNDdt2MVlmPxZFakey3kOlU+WhXivT9LvYX0N28CsrfNvwnAhCbEcbYAwpmjPmOsmyRb6ERVoJkNNPVFeQ7xywQv+9Ol8qYDztzyI2j7q2yHVOVKi6qcir9UhXABDluhpfcpMcnT99R3ZMJeShkhabmPfcUbyP38syP9BA7UWf4tTvG5jLiud8PS4CGJwp701qa95lBbFE9Tcp0cOJIRwHtOkMD+bD3RhYBNrg2bibq//469oWrr27hZKvLjxMg5AgSuBR1CyuLRXdMJkFpKGLPZbr2qnKag/4mYgVcFZpHth6zGZCM9r6e6iWWk3US71WJ8Z0GeoNGfw/KYtg34an1nuMGxribZhw/iUO09grS/SKTMs6xMO8AbZqCYSERYvYd4Ooy3UBEtWJmd0ZD4itEGisPZxKc2KwzJJDSob18LQOQoyYxJGQ36HNwdPLd5EjuEo7jxr0meS8c1p5OuQ3xLH10VwHSbG7jzebJ6T4LmUFN/2flZ5bqVrg6Ui5hgTXGOztvrAVkACHUufELWHiFnbIMyNYkDnqRyQRN4IGvg8hKDVzD5I4ey32miyjm7wGsl709zpjb/Ydg4EBSKxoVuCuaoAM6sKGY6KpJTHnIMvfhvHpYCNa4po6kXoJlwQlRZV0bT8l6DDqhpYxJ2MUaZCDSwKpuiucmtG3+LXQtWALN2+Gw+ymxVcnf1y/tmmmFNzGKIn5fpqgBjF7C5r9AF9p3jp35MlWCGRLA5sLkhxGHnfRYmw8nzuvNlil5j5865NHVYhQnIII02FaBLtdZrZ8U+Cn5jgl+An5eBRKYcqQZGT70NmLLvEQLZDGDDE7SHNVDVquWkYRDVzf2t1JQyG+P+clbeujgI63/5ItJHt2d9pAiedEoqOzFfZ0shnao4BuQEQWvvHmiWvO1euzC0Uph/u73aLNpmtGkpQG3YhbtP2JYl4TPQFwQmPRxIJsRs56BJbDKzjq9MpVMaQ1EMJaE1hK/28O0wCEJOe2CyesqL5Sg09BmxgKCvDHkm619BsMX85dUSuRibZfmZiuaURcvDQW0L583x8JOg2QKjNErw7OililkUn4o8fdP3CXm/BZt9JR+eMQv3EZ428pFMvf5Gp0xxAFR+LAaM9KgUlFdp9TjoByD+8OX2EqYogKUe92vIpDHKWkKL73TYY29K3WQ1kM0SQZx502Y+C0ofWR8jLTa5KzUxGNbtetzKqhg5GJyJ7I0o3brL63yDU9A/mu6ckfNbOQtJ4I8gNhuF4DF1WNqUL2Sjq2uWNESlII3kucJj+7USHqFaxhqSeLUxyOLOTo8XPhqx2CZUoqAudOX5OKgQsmmUoQwcdBQY7tTO82jhSeqVzFM1VFlNRHlJQxdMc/ODWwkKLQ96UmMEIV8uco5LkBWq+7uolW7wPtYPa4UeUKLpS+g88m8luSy9S2PnIxRwELOxusvzZ5mhWCUUyyu/7zMKc6Ft2p+xeYzaeviOlWEv41ggxeM00YlgKHHeTWUiHU4xkKhXYl+NBc44auc041KsEQ534PaA4zQWBghB9zjBwVckCTzwOGbF2BBZX3Z7Co9jNvd1IJNQE8ppcfpfpONSV4hjswULZ3MZW6Vg9TIjCkhX3eckaI+tzSBxsB5I6NX72l6ETM0/jzIS8TbIBOYsSIwygMNQq4iaoIPGP/xztvlQSs3gl6mvF+PG0pZMitMc2wZnqpiVhpnMPoVyzslr7c2fPdFl32l+5W8YaIx/HC/gNIfFKT7V+ngig+7FwvWwWISyz6vMjoRZCo2hidpK4o6XZsz1OVNjXUSvF1r/gsiHXOYTE7tx7W2jS4eJ34nBuh5kJoGVLt1xvTEg7I6v2nDo0wA/NIEexzQkFyDu17wws8NNt9hgBa7X+8WAELVUTPH6JXSovQWrwpZNv3YwQ6vaDD3F/GbwvVaulASPoxOy6KJc6wJzW68nBfvqkSUgdJ0SyMEcUBzGo2HEoUC93xx5HVE01wdexPTF1y7b4oKaLIOxBuHRJvL0xicFx3jDB5Qp76kMAR7/X0GHTa8ZbD84VA4fntteVMIQ59Zm/jfeF6SYEr9SOSsaGJw4vkuKlc/sV+m7VqlH8g9VMcmWgXneBESbcjWl60G6VdjQa+u2F6uZywgteypwHR8eEzLSTr9ibfvPAOWwYyeDrSaqsu4tbppOM6FaTVNplT34DdBXxTmWXxjlpWTHtjtjPU2fsTRF1m8H+AzaNjqboOuZfCw6OnQnUKsPQTHDjJG8t+KRvyfvXxEsns7I0dUm7blyFqEnRYCcXekpY7dyiezPmDHrioG1k3pL0WiGGZ4gf1w14BoEjzOSoxPWMYEUm0ZLmcDPbDZGPJsKwtmmUeafrKtP/4NK9OZaV2NxxIr80noZTaCNWZ8k8QAz+Ho/PyBJJTX/Zdax+Z89Z/bfPSMKKvSefX91r+DA8UOKRNJZJEeJzc6zN7ROnv6nY/cXc1FRcqpw+1U4lKgXLhyOMN7tgDWdc5uJKpYHAFmYlvH2P10MVBgIJUFwaA+cLthNzdlW1QqGNXHAGYw9RNYQwAkWOlrWW1mmkB1jRWOshBeJPrjz+17WIQzifNIQrL/l+8gHzsu3pN11hVRXuR7jUJlKkL7FykvJN/z/9vQ/ZfHpsCloj16k3GD0xrvW/wS+wvpX2Fx72DkVkabuagS1o0DX0qXAAW+pTlJXOcr3MIe3IeZQ13p4PtNuaT2FL7dEaEqJPMndaKGEyrQyhLONW8IPNFa7eQVghn6uEwLS0bhZpAKoxfq+a8S+IwOfPFMoHr6USnduJ2HEmoR/hcAKUI96WowOMNsdPyxmwp/fpUdeqWaoEv5LKwX0F44b0U0R1AZVCIEPSaPBHLkdAjOLBF1mfT0tgXCSuJ94fuekhGv97zJHKwOmBRZ5GICxfEJ6Kn3STjDLaZ78/igVt63pbagZ1E3gNdUv/m3r0CnSFSiiZapEh5rexZ+qLPom9W/aUbHBqSQ3irCf/seRVf38x1qQrquqblUInKUJMcq9cE5gcKpseOZGIjZXKLPUiqUk8Impofc/O2e956HLxcCVMcCfECLpRtXNy1/4cHUFzbkVEnT+Uk+al0NnCGEjaQCBlhPm97I9ggp0T2o3gJJRhyV5lOZWYhtDlXY9KcgZr2wSbP985vznC7ysX2qhCU1WgPWZz3M8JF3MlO4WYPz/cXcv42zQe9gstaD6PFuPf547P9rscpIPszIXHTkW8HuyV5b77sFguJUqDxgwyTdkHwC9vSPNPWLDPzPOnhmHQVezbgtpPOCByDAyiXVVGLKyYAQzTGX+0nwSsjIx9GD4O0HG9Y1AhnAHA9fLfx74rSyjwsR4x/DK2Dx/rYBVDUl1LiybZAzuwekUEXZX7bS/2MzYqDyXi7veOW8qvM3dIdqoQSXh2beF3dkNIItcsFJqiSTR0boiQ9tRNEtfpK6S0YYz63getYycmH/8wYPYB5UA9VQqKzJmosL56LOxmN2ggsL1mmbCedq77GCjyTnhprc97gh4AKpx5q3NKt/xQElc2UWWvqpYAym9eGESnmJM7LxuVvOGfhTIVkjM7xopHagXTH1fhkEnTMgRFfQ7sHKZYzufrXZxWPs9V73AGN4jAqnEqTtV11HA2cnJMfeb3HO4K1qYCI6N5fUNbZiGP/lxF5YR7eTL0MdQ25mPesmoTPu9W6GFcKuSkwUqoj5L06olCZ+3hhho12qTlZjCSRGYfH/P1vSxbArOz94ywjYMuSRvLNxr2H09neQ7nrM09cbBPNJDUQO6yfWxmb7+aP9362mjZq/2gjmW4WCTaM3Mt9uJf294UigU1CUMdLEo+99RYrSbo+GLztyWqPOmPq2VFIvoeErdaAkstPsBsLVxI7NaIbACmYcP3T1rTXC8yXv2bAnrn6n2TLsSK5zVOxzbL8RNAFc6FLlxh6pn0IiyW6KNiKRoHPySeFFeTs6M7fWfgYLahMsf99HStAg9zeTm2uKhiRtTQ7a3Z2JhPR3ITcFq9VVwOsHiZjNMJq1dwEqyr74ms1yIAHDNZ0V2wG26W+meGz0TPI4DuJNxnNwuw0mub5ONpKT3QFJH3FdEpqxBlElFDySniWeZny2KxNkyZwGezNka3w6wcV6LkhX/9ixmhapYtjmLo5zTe5wDpx6IZ/TzkUVL4SWQrhAU6CHzdTEhcFd1z5qdNO5GT9yLMfvFeuvZkJ7OglhK6Sp+BdDPtjU4AF8DfecmjIwwwWntNEsEkB/WmSeHgR0YEaHlTkcdV9nPulh8nwrBjoPzEzytM1DAjhErm/D0qg8JJ/d0BjChgrSCKQSXAwnCpAAs2RcKsyyzeOPCiDvfsKF0EiHfABvPEe9Wa8OK43xWEs/8HDf817r+qr8GVspTSnCQdHJ66q7lG8QTkBroLseRcarXwgJEKkiYh+6dA+sHdILuWuACnqaqB2lZUgkcnndIP+an6O1TdAniySqmsuofdOpzM5Xs/b2vg3CEifImnlm+8bZooH221tIHbryCR+2hgr+98CDrDAYmd3soq4/xnx3zumHtF1v3HizuyxDaOKCm6R4/RWApe59IYEPbw10hrqowdPhRqT1DoLvbAhUA76kQYdOcbUH1eCWbrpLfgBdEH5ssawr6OxDc2ndeIDvWaSTRTbp5xB1ff3BH6YUbcdByw3Is7QNHcPt92pxfBwWiCYp3uSQAr1irCCeaVz1iv4YTutv9mXo1Uh2uTbPbvE7lrBxPnM6XibqyIWb83wM1CQQ/UfgsbCPFmqpWR/3cqXV3fwIyCx13L2Q28luffJEKLNT/nzEudY1wNwQxIBIXnXKOCFBfDxbr7Kbzl7oehmbvu49ZIPzd2k14mNkGyxypsNJK6XCIpoI68Otbv0GfJNKCbu1SjHrkVpBXkkg4OGMtauJgYLCGxw5W1lNoG7pRpPYRM/UgjAn2eNDhlWSEVcpD+aIlzQtXazdK8iglY2CkNbuFv2qsa3q1zhmbqRq9EbGM447pchaqiPYeVFS5jSg/fW+uETnTFqu0RjnEwSLNX6COhmS+opvKMXHVwWV7PNUS0J/m5ax3QJt53qPLwHOa/07+6pc33BuUTxjP0K1RnA1669S1wP6ZfEACfNUKFomc5hHu6M41MisZgQvhAuBwQ7MeQuWbsZkJT3MFybIQ9gGOiN+edd/9qXXKY1L8DNylvDMJcX2vSC3kWh7eyNnss+nTyOhUb6vqoJClLA5M7AdWT0rWhinDRHLufSE02v5MehUkmogqk8h5me12GRcoGzDo15TmBeE4QnPZMhpvAcC1jed2HV1GihuBuRHdlXngXAhK2FzITyF1XNztM6FalRRzAqpv37zKdLUNuEZX2J+U1MGf9OarrukzuKV8FIWdCRkcT/RnipY7kavBFriP3i91tj5AkO4qou/7bGs1TjGzcMDJEt7GzvJc6bAwQN53n8E42h3lKpquW9R8FCuSwG9YVnnUaCUuWTwjvLDs8M+Zv+gl8PG6PT5yZ8dn7ADF3tyulmqeiyO5TxyvK+r+jA3WK7VCiTRYbBXJRgOHJG3xWbuAuCpo/PxkW4A55y10T2Ke76aZ8lolvdFgVA08YYPWGbbRXNaNfWPrT1wbtsoDSBiCB4DvMPhbe9DbliPBNd9OFbacF0dHPybeMK5WnbfIm2ye7c+/pa/UJD8wqzECjMayamhwe13jVij8Tigaj6M+Zp0G/BhhpD35if0kf5T0GlIasc2lehti1ilAdt6fduwXAy1Gnv/heGQTomhV6m/b7ysgq3LbQ0MkzQqvOZJYfUtLyKP16napXCo41w494uRPyVLGgz1MgOxllS96QFi+T/yp/q6g2ToR8yiPWHJIUUXAd3tR3f19x5RwbGQwbaZA5u9VEQyb6cknB410gxVnpIBFZWuArPXQuJPZP8GYenkTwHjFg==</Value></TokenEntry></Values></UseKey><Claims><Values xmlns:q1=""http://schemas.xmlsoap.org/ws/2004/04/security/trust"" soapenc:arrayType=""q1:TokenEntry[17]""><TokenEntry><Name>SessionKey</Name><Value>jIHxnpdkdrm23CpIhrN/yQCY1K3KX548A5QdKXTCAr2XTIpcwJKekSUrNhs3bInVUcWeE3srpxkQ3Wkzrq2sn/nDXhQ2NKSICVMIRdq3DEqdF2Z/aydM4Lr3E4DHyPlg3F7kcrfq91bagM0iz24KQfA2lLjug+kab+8PusFFPcF2OihvWa82TcqhCII6lxy6qv189p0I0fLuss5ESppeT/OSug2BaZBAvt5NmFyrGdCqBHaMpmbzWJtlZUa9/xdig7huoihDQmcUCvHLOnb586MM+6UAAZUdJGLxBgGEnycHYOODOIXzxaQWxWXrWWu/1CHy93QyElOyWViDiZDSSw==</Value></TokenEntry><TokenEntry><Name>BindingType</Name><Value>wbpqDyvO+Q+6hvOG2n9+klE/p74oIwEmNwP6p7Xqb6A=</Value></TokenEntry><TokenEntry><Name>Binding</Name><Value>ku6gD4KKoAIr+sGKj88RaPXg+n9ji3oCYr6F79Xv7+58H18Jw7Tr+S6R4ehyIBVpSvDaT7uWvF603k5XlXzrXEmnXfAun3uisJUsCTgnWus=</Value></TokenEntry><TokenEntry><Name>ProductKey</Name><Value>O5qlu7fzTfLdHB63wGtdp1TfjlmtlFq98Sh5+0z5Mrs=</Value></TokenEntry><TokenEntry><Name>ProductKeyType</Name><Value>wbpqDyvO+Q+6hvOG2n9+kouQLrGCSjbUqCRelWk/mtM=</Value></TokenEntry><TokenEntry><Name>ProductKeyActConfigId</Name><Value>eI1tVAkrffvTRkbJjHp2Ld8Q1/iwTxxQmFvjQ7vvijPMPNHM3Y/NbtExc+OLo7OY2DPb8yWEc2hw8ujs6KV0Rx5S0FCAhAxjaMddy/jmDcI=</Value></TokenEntry><TokenEntry><Name>SppSvcVersion</Name><Value>cUsT1HJufgeS7uijxIrvNQ==</Value></TokenEntry><TokenEntry><Name>otherInfoPublic.licenseCategory</Name><Value>WTJfFubiNtOSBqddYeAoS3RPlCHpAclB3ZsH8h26EvY=</Value></TokenEntry><TokenEntry><Name>otherInfoPrivate.licenseCategory</Name><Value>WTJfFubiNtOSBqddYeAoS0Y+OlxyJ48tZNAIvr8VEbY=</Value></TokenEntry><TokenEntry><Name>otherInfoPublic.sysprepAction</Name><Value>caJ89VLyiEDAKZIcgK/LTQ==</Value></TokenEntry><TokenEntry><Name>otherInfoPrivate.sysprepAction</Name><Value>caJ89VLyiEDAKZIcgK/LTQ==</Value></TokenEntry><TokenEntry><Name>ClientInformation</Name><Value>/deG5bIPsECqJzkJ7dINlDwkwhvwHhZYwgFld5K+I1r8TdIKRy9TRVQNS9+5LzHeYdyHiDsu+Pl7XxUFVALL7A==</Value></TokenEntry><TokenEntry><Name>ReferralInformation</Name><Value>msjjwaXtJmMPFYmxysOh3SEfWY4r3tY7L92G+MoMZ5faiWPJ2Jw8Rzc8xRNHCh5r1woeOHnHSJcBN1PCDdgteQ==</Value></TokenEntry><TokenEntry><Name>ClientSystemTime</Name><Value>1HhhfsMUT7sgHaI+NBCp+jZ5pNUOSjUtDME0b1BDU/Q=</Value></TokenEntry><TokenEntry><Name>ClientSystemTimeUtc</Name><Value>1HhhfsMUT7sgHaI+NBCp+jZ5pNUOSjUtDME0b1BDU/Q=</Value></TokenEntry><TokenEntry><Name>otherInfoPublic.secureStoreId</Name><Value>MvaMYVcwK/EH1nqb+E7eFSOPapsAdm/QhL7dniPAXRqUmmEFPIHs5eK1WzgGYZpk</Value></TokenEntry><TokenEntry><Name>otherInfoPrivate.secureStoreId</Name><Value>MvaMYVcwK/EH1nqb+E7eFSOPapsAdm/QhL7dniPAXRqUmmEFPIHs5eK1WzgGYZpk</Value></TokenEntry></Values></Claims></RequestSecurityToken></soap:Body></soap:Envelope>)
00010002(0x80072EE7, 12:46:31:823 - <NULL>)
00010003(0x80072EE7, 12:46:31:823)
",,,,,,,,,,,,,,,,,,,,,,,,,,,,,,,,,,,,,,,,,,,,,,,,,,,,,,,,,,,,,,,,,,,,,,,,,,,,,,,,,,,,,,,
2026-06-03T19:46:31.842364Z,"{'#attributes': {'Qualifiers': 49152}, '#text': 1014}",dc.danglingtree.htb,Microsoft-Windows-Security-SPP,Application,2148,2,,,,,,,,,,,,,,,,,,,,,,,,hr=0x80072EE7,753c53a2-4274-4339-8c2e-f66c0b9646c5,,,,,,,,,,,,,,,,,,,,,,,,,,,,,,,,,,,,,,,,,,,,,,,,,,,,,,,,,,,,,,,,,,,,,,,,,,,,,,,,,,,,,,,
2026-06-03T19:46:34.213821Z,"{'#attributes': {'Qualifiers': 16384}, '#text': 1003}",dc.danglingtree.htb,Microsoft-Windows-Security-SPP,Application,2149,4,,,,,,,,,,,,,,,,,,,,,,,,55c92734-d682-4d71-983e-d6ec3f16059f,"
1: 753c53a2-4274-4339-8c2e-f66c0b9646c5, 1, 1 [(0 [0xC004E003, 0, 0], [( 2 0xC004F00F 0 0 msft:rm/algorithm/hwid/4.0 0x00000000 0)( 1 0x00000000)(?)( 2 0xC004F00F 0 0 msft:rm/algorithm/hwid/4.0 0x00000000 0)(?)(?)( 10 0x00000000 msft:rm/algorithm/flags/1.0)(?)])(1 )(2 )(3 [0x00000000, 0, 0], [( 6 0xC004F009 10 0)( 1 0x00000000)( 6 0xC004F009 10 0)(?)(?)(?)( 10 0x00000000 msft:rm/algorithm/flags/1.0)( 11 0x00000000 0xC004F00F)])]

",,,,,,,,,,,,,,,,,,,,,,,,,,,,,,,,,,,,,,,,,,,,,,,,,,,,,,,,,,,,,,,,,,,,,,,,,,,,,,,,,,,,,,,
2026-06-03T19:46:35.281730Z,"{'#attributes': {'Qualifiers': 16384}, '#text': 1003}",dc.danglingtree.htb,Microsoft-Windows-Security-SPP,Application,2150,4,,,,,,,,,,,,,,,,,,,,,,,,55c92734-d682-4d71-983e-d6ec3f16059f,"
1: 753c53a2-4274-4339-8c2e-f66c0b9646c5, 1, 1 [(0 [0xC004E003, 0, 0], [( 2 0xC004F00F 0 0 msft:rm/algorithm/hwid/4.0 0x00000000 0)( 1 0x00000000)(?)( 2 0xC004F00F 0 0 msft:rm/algorithm/hwid/4.0 0x00000000 0)(?)(?)( 10 0x00000000 msft:rm/algorithm/flags/1.0)(?)])(1 )(2 )(3 [0x00000000, 0, 0], [( 6 0xC004F009 10 0)( 1 0x00000000)( 6 0xC004F009 10 0)(?)(?)(?)( 10 0x00000000 msft:rm/algorithm/flags/1.0)( 11 0x00000000 0xC004F00F)])]

",,,,,,,,,,,,,,,,,,,,,,,,,,,,,,,,,,,,,,,,,,,,,,,,,,,,,,,,,,,,,,,,,,,,,,,,,,,,,,,,,,,,,,,
2026-06-03T19:46:36.105128Z,"{'#attributes': {'Qualifiers': 49152}, '#text': 8198}",dc.danglingtree.htb,Microsoft-Windows-Security-SPP,Application,2151,2,,,,,,,,,,,,,,,,,,,,,,,,hr=0x80072EE7,RuleId=3482d82e-ca2c-4e1f-8864-da0267b484b2;Action=AutoActivate;AppId=55c92734-d682-4d71-983e-d6ec3f16059f;SkuId=753c53a2-4274-4339-8c2e-f66c0b9646c5;NotificationInterval=1440;Trigger=NetworkAvailable,,,,,,,,,,,,,,,,,,,,,,,,,,,,,,,,,,,,,,,,,,,,,,,,,,,,,,,,,,,,,,,,,,,,,,,,,,,,,,,,,,,,,,,
2026-06-03T19:46:36.816927Z,10002,dc.danglingtree.htb,Microsoft-Windows-Winsrv,Application,2152,4,,ServerManager.exe,,,,,,,,,,,,,,,,,,,,,,,,,,,,,,,,,,,,,,,,,,,,,,,,,,,,,,,,,,,,,,,,,,,,,,,,,,,,,,,,,,,,,,,,,,,,,,,http://manifests.microsoft.com/win/2004/08/windows/winsrv,,,,,,,,,,,,,,,
2026-06-03T19:46:45.102491Z,"{'#attributes': {'Qualifiers': 0}, '#text': 0}",dc.danglingtree.htb,edgeupdate,Application,2153,4,,,,,,,,,,,,,,,,,,,,,,,Service stopped,,,,,,,,,,,,,,,,,,,,,,,,,,,,,,,,,,,,,,,,,,,,,,,,,,,,,,,,,,,,,,,,,,,,,,,,,,,,,,,,,,,,,,,,,
2026-06-03T19:46:45.168162Z,"{'#attributes': {'Qualifiers': 32768}, '#text': 6000}",dc.danglingtree.htb,Microsoft-Windows-Winlogon,Application,2154,4,,,,,,,,,,D9060000,,,,,,,,,,,,,WSearch,,,,,,,,,,,,,,,,,,,,,,,,,,,,,,,,,,,,,,,,,,,,,,,,,,,,,,,,,,,,,,,,,,,,,,,,,,,,,,,,,,,,,,,,,
2026-06-03T19:46:45.338928Z,"{'#attributes': {'Qualifiers': 0}, '#text': 260}",dc.danglingtree.htb,VMUpgradeHelper,Application,2155,4,,,,,,,,,,,,,,,,,,,,,,,,,,,,,,,,,,,,,,,,,,,,,,,,,,,,,,,,,,,,,,,,,,,,,,,,,,,,,,,,,,,,,,,,,,,,,,,,,,,,,,,,,,,,,,,,
2026-06-03T19:46:45.339390Z,"{'#attributes': {'Qualifiers': 0}, '#text': 272}",dc.danglingtree.htb,VMUpgradeHelper,Application,2156,4,,,,,,,,,,,,,,,,,,,,,,,,,,,,,,,,,,,,,,,,,,,,,,,,,,,,,,,,,,,,,,,,,,,,,,,,,,,,,,,,,,,,,,,,,,,,,,,,,,,,,,,,,,,,,,,,
2026-06-03T19:46:45.347018Z,"{'#attributes': {'Qualifiers': 0}, '#text': 108}",dc.danglingtree.htb,VMTools,Application,2157,4,,,,,,,,,,,,,,,,,,,,,,,,,,,,,,,,,,,,,,,,,,,,,,,,,,,,,,,,,,,,,,,,,,,,,,,,,,,,,,,,,,,,,,,,,,,,,,,,,,,,,,,,,,,,,,,,
2026-06-03T19:46:45.701522Z,"{'#attributes': {'Qualifiers': 0}, '#text': 13}",dc.danglingtree.htb,VSS,Application,2158,2,,,,,,,,,,2D20436F64653A20575254575254494330303030343932332D2043616C6C3A20575254575254494330303030343931362D205049443A202030303030333131362D205449443A202030303030333231322D20434D443A2020433A5C57494E444F57535C73797374656D33325C737663686F73742E657865202D6B204E6574776F726B53657276696365202D70202020202D20557365723A204E616D653A204E5420415554484F524954595C4E4554574F524B20534552564943452C205349443A532D312D352D3230,,,,,,,,,,,,,,{4e14fba2-2e22-11d1-9964-00c04fbbb345},CEventSystem,"0x8007045b, A system shutdown is in progress.
",,,,,,,,,,,,,,,,,,,,,,,,,,,,,,,,,,,,,,,,,,,,,,,,,,,,,,,,,,,,,,,,,,,,,,,,,,,,,,,,,,,,,,
2026-06-03T19:46:45.679774Z,"{'#attributes': {'Qualifiers': 16384}, '#text': 4111}",dc.danglingtree.htb,Microsoft-Windows-MSDTC,Application,2159,4,,,,,,,,,,4D005300440054004300,,,,,,,,,,,,,,,,,,,,,,,,,,,,,,,,,,,,,,,,,,,,,,,,,,,,,,,,,,,,,,,,,,,,,,,,,,,,,,,,,,,,,,,,,,,,,,,,,,,,,,
2026-06-03T19:46:45.708146Z,"{'#attributes': {'Qualifiers': 0}, '#text': 8225}",dc.danglingtree.htb,VSS,Application,2160,4,,,,,,,,,,2D20436F64653A2020434F525356434330303030303737302D2043616C6C3A2020434F525356434330303030303735342D205049443A202030303030353231322D205449443A202030303030353233322D20434D443A2020433A5C57494E444F57535C73797374656D33325C76737376632E6578652020202D20557365723A204E616D653A204E5420415554484F524954595C53595354454D2C205349443A532D312D352D313820,,,,,,,,,,,,,,,,,,,,,,,,,,,,,,,,,,,,,,,,,,,,,,,,,,,,,,,,,,,,,,,,,,,,,,,,,,,,,,,,,,,,,,,,,,,,,,,,,,,,,,
2026-06-03T19:46:45.708502Z,"{'#attributes': {'Qualifiers': 0}, '#text': 8193}",dc.danglingtree.htb,VSS,Application,2161,2,,,,,,,,,,2D20436F64653A20575254575254494330303030343933302D2043616C6C3A20575254575254494330303030343931362D205049443A202030303030333131362D205449443A202030303030333231322D20434D443A2020433A5C57494E444F57535C73797374656D33325C737663686F73742E657865202D6B204E6574776F726B53657276696365202D70202020202D20557365723A204E616D653A204E5420415554484F524954595C4E4554574F524B20534552564943452C205349443A532D312D352D3230,,,,,,,,,,,,,,CoCreateInstance,"0x8007045b, A system shutdown is in progress.
",,,,,,,,,,,,,,,,,,,,,,,,,,,,,,,,,,,,,,,,,,,,,,,,,,,,,,,,,,,,,,,,,,,,,,,,,,,,,,,,,,,,,,,
2026-06-03T19:46:45.647003Z,1532,dc.danglingtree.htb,Microsoft-Windows-User Profiles Service,Application,2162,4,,,,,,,,,,,,,,,,,,,,,,,,,,,,,,,,,,,,,,,,,,,,,,,,,,,,,,,,,,,,,,,,,,,,,,,,,,,,,,,,,,,,,,,,,,,,,,,,,,,,,,,,,,,,,,,,
2026-06-03T19:46:47.251820Z,38,dc.danglingtree.htb,Microsoft-Windows-CertificationAuthority,Application,2163,4,,,,,,,,,,,,,,,,,danglingtree-DC-CA,,,,,,,,,,,,,,,,,,,,,,,,,,,,,,,,,,,,,,,,,,,,,,,,,,,,,,,,,,,,,,,,,,,,,,,,,,,,,,,MSG_I_SERVER_STOPPED,,,,,,,,,,,,,,,,
2026-06-03T19:46:47.255164Z,1000,dc.danglingtree.htb,Application Error,Application,2164,2,,WindowsAdminCenterAccountManagement.exe,C:\Program Files\WindowsAdminCenter\Service\WindowsAdminCenterAccountManagement.exe,69340000,,2.6.11.4,,,,,,,,,,,,,,,,,,,,,,,,,,,,,,,,,e0434352,,00000000000ca80a,,,,1775389c-3db6-4fa1-88f7-2156ff75504d,,,,KERNELBASE.dll,C:\WINDOWS\System32\KERNELBASE.dll,93531557,10.0.26100.32230,,,,,,,,,,,,,,,,,,,,0x1dcf391872b36e0,0x14a4,,,,,,,,,,,,,,,,,,,,,,,,,,,,,,,,,,,,,,,
2026-06-03T19:46:49.823090Z,1001,dc.danglingtree.htb,Windows Error Reporting,Application,2165,4,,,,,,,,,,,,0,,,,,,0,0,,,,,,,,,,,,,,,,,,,APPCRASH,,,,,,,,,,,,,,,,,,,WindowsAdminCenterAccountManagement.exe,,2.6.11.4,69340000,KERNELBASE.dll,10.0.26100.32230,93531557,e0434352,00000000000ca80a,,,,,,,,,,,0,,1775389c-3db6-4fa1-88f7-2156ff75504d,4100,,Not available,,,,,,\\?\C:\ProgramData\Microsoft\Windows\WER\ReportQueue\AppCrash_WindowsAdminCent_a6fb81939b9f405e50f372bdcaf57e747b9d9ae_67a50925_55f02a9b-11b5-4d40-8be7-cda8fe432027,,,,,,,,,,,,,,,,,,,,,,,,,
2026-06-03T20:14:21.432139Z,1531,dc.danglingtree.htb,Microsoft-Windows-User Profiles Service,Application,2166,4,,,,,,,,,,,,,,,,,,,,,,,,,,,,,,,,,,,,,,,,,,,,,,,,,,,,,,,,,,,,,,,,,,,,,,,,,,,,,,,,,,,,,,,,,,,,,,,,,,,,,,,,,,,,,,,,
2026-06-03T20:14:30.347511Z,"{'#attributes': {'Qualifiers': 0}, '#text': 105}",dc.danglingtree.htb,VMTools,Application,2167,4,,,,,,,,,,,,,,,,,,,,,,,,,,,,,,,,,,,,,,,,,,,,,,,,,,,,,,,,,,,,,,,,,,,,,,,,,,,,,,,,,,,,,,,,,,,,,,,,,,,,,,,,,,,,,,,,
