2026-03-26T05:35:00.307690Z,"{'#attributes': {'Qualifiers': 16384}, '#text': 4202}",dc.danglingtree.htb,Microsoft-Windows-MSDTC 2,Application,148,4,,,,,,,,,,,,,,,,,,,,,,,,,,,,,,,,,,,,,,,,,,,,,,,,,,,,,,,,,,,,,,,,,,,,,,,,,,,,,,,,,,,,,,,,,,,,,,,,,,,,,0,0,0,1,0,0,0,0,0,1,Mutual Authentication Required,NT AUTHORITY\NetworkService
2026-03-26T05:35:00.340414Z,"{'#attributes': {'Qualifiers': 0}, '#text': 271}",dc.danglingtree.htb,VMUpgradeHelper,Application,149,4,,,,,,,,,,,,,,,,,,,,,,,,,,,,,,,,,,,,,,,,,,,,,,,,,,,,,,,,,,,,,,,,,,,,,,,,,,,,,,,,,,,,,,,,,,,,,,,,,,,,,,,,,,,,,,,,
2026-03-26T05:34:59.689810Z,5615,dc.danglingtree.htb,Microsoft-Windows-WMI,Application,150,4,,,,,,,,,,,,,,,,,,,,,,,,,,,,,,,,,,,,,,,,,,,,,,,,,,,,,,,,,,,,,,,,,,,,,,,,,,,,,,,,,,,,,,,,,,,,,,,,,,,,,,,,,,,,,,,,
2026-03-26T05:35:00.033175Z,5617,dc.danglingtree.htb,Microsoft-Windows-WMI,Application,151,4,,,,,,,,,,,,,,,,,,,,,,,,,,,,,,,,,,,,,,,,,,,,,,,,,,,,,,,,,,,,,,,,,,,,,,,,,,,,,,,,,,,,,,,,,,,,,,,,,,,,,,,,,,,,,,,,
2026-03-26T05:35:01.348607Z,1016,dc.danglingtree.htb,Microsoft-Windows-Perflib,Application,152,3,,,,,,,,,,,,,0x17a9006dd44,3956,,,,,,,,,,,,,,,,,,,,,,,,,,,,,,,,,C:\WINDOWS\system32\dnsperf.dll,,,,,,,,,,,,,,,,,,,,,,,,,,,,,,,,,,,,,DNS,,,,,,,,,,,,,,,,,,,,,,,,,,,,
2026-03-26T05:35:01.590549Z,1016,dc.danglingtree.htb,Microsoft-Windows-Perflib,Application,153,3,,,,,,,,,,,,,0x17a9018a1d8,1132,,,,,,,,,,,,,,,,,,,,,,,,,,,,,,,,,C:\Windows\System32\perfts.dll,,,,,,,,,,,,,,,,,,,,,,,,,,,,,,,,,,,,,TermService,,,,,,,,,,,,,,,,,,,,,,,,,,,,
2026-03-26T05:35:01.929872Z,1000,dc.danglingtree.htb,Microsoft-Windows-LoadPerf,Application,154,4,,,,,,,,,,,,,,,,,,,,,,,,,,,,,,,,,,,,,,,,,,,,,,,,,,,,,,,,,,,,,,,,,,,,,,,,,,,,,,,,,,,,,,,,,,,,,,,,,LoadPerf,62360000A8360000,8,,ADWS,,,,Active Directory Web Services,,,,,,,
2026-03-26T05:35:29.609281Z,"{'#attributes': {'Qualifiers': 0}, '#text': 102}",dc.danglingtree.htb,ESENT,Application,155,4,,,,,,,,,,,,,,,,,,,,,,,,DFSRs,"3356,P,98,0",\\.\C:\System Volume Information\DFSR\database_E634_3FD1_343F_A409\dfsr.db: ,0,10,00,26100,0000,,,,,,,,,,,,,,,,,,,,,,,,,,,,,,,,,,,,,,,,,,,,,,,,,,,,,,,,,,,,,,,,,,,,,,,,,,,,,,,,,
2026-03-26T05:35:29.628348Z,"{'#attributes': {'Qualifiers': 0}, '#text': 105}",dc.danglingtree.htb,ESENT,Application,156,4,,,,,,,,,,,,,,,,,,,,,,,,DFSRs,"3356,D,0,0",\\.\C:\System Volume Information\DFSR\database_E634_3FD1_343F_A409\dfsr.db: ,0,0.023,"
[1] 0.002634 +J(0) +M(C:0K, Fs:338, WS:1316K # 1316K, PF:6700K # 6684K, P:6700K)
[2] 0.000171 +J(0) +M(C:16K, Fs:108, WS:424K # 424K, PF:316K # 308K, P:316K)
[3] 0.000010 +J(0) +M(C:0K, Fs:2, WS:4K # 4K, PF:68K # 68K, P:68K)
[4] 0.000216 +J(0) +M(C:2032K, Fs:47, WS:100K # 156K, PF:2340K # 2340K, P:2340K)
[5] 0.000535 +J(0) +M(C:0K, Fs:18, WS:72K # 16K, PF:40K # 40K, P:40K)
[6] 0.000516 +J(0) +M(C:0K, Fs:13, WS:52K # 52K, PF:12K # 12K, P:12K)
[7] -
[8] -
[9] -
[10] -
[11] -
[12] -
[13] 0.015309 -0.007698 (22) WT +J(CM:0, PgRf:0, Rd:0/0, Dy:0/0, Lg:616/1) +M(C:0K, Fs:1479, WS:764K # 5860K, PF:8K # 5132K, P:8K)
[14] 0.000015 +J(0) +M(C:0K, Fs:1, WS:4K # 0K, PF:0K # 0K, P:0K)
[15] 0.000067 +J(0) +M(C:0K, Fs:65, WS:260K # 0K, PF:64K # 0K, P:64K)
[16] 0.003060 -0.000108 (3) WT +J(0) +M(C:0K, Fs:3, WS:4K # 0K, PF:0K # 0K, P:0K).","RBSOn = 0
",,,,,,,,,,,,,,,,,,,,,,,,,,,,,,,,,,,,,,,,,,,,,,,,,,,,,,,,,,,,,,,,,,,,,,,,,,,,,,,,,,
2026-03-26T05:35:29.640889Z,"{'#attributes': {'Qualifiers': 0}, '#text': 325}",dc.danglingtree.htb,ESENT,Application,157,4,,,,,,,,,,,,,,,,,,,,,,,,DFSRs,"3356,D,35,0",\\.\C:\System Volume Information\DFSR\database_E634_3FD1_343F_A409\dfsr.db: ,1,\\.\C:\System Volume Information\DFSR\database_E634_3FD1_343F_A409\dfsr.db,0,"
[1] 0.000043 +J(0) +M(C:0K, Fs:3, WS:12K # 0K, PF:8K # 0K, P:8K)
[2] 0.001638 -0.000074 (1) WT +J(CM:0, PgRf:0, Rd:0/0, Dy:0/0, Lg:3480/2) +M(C:0K, Fs:2, WS:8K # 0K, PF:0K # 0K, P:0K)
[3] 0.002312 -0.000001 (1) WT +J(0) +M(C:0K, Fs:12, WS:40K # 0K, PF:20K # 0K, P:20K)
[4] 0.000560 +J(0) +M(C:0K, Fs:2, WS:8K # 0K, PF:0K # 0K, P:0K)
[5] 0.001235 -0.000525 (3) WT +J(CM:0, PgRf:3, Rd:0/0, Dy:3/6, Lg:122/4) +M(C:0K, Fs:72, WS:276K # 0K, PF:268K # 0K, P:268K)
[6] 0.001635 -0.000234 (2) WT +J(CM:0, PgRf:215, Rd:0/0, Dy:12/420, Lg:24454/461) +M(C:0K, Fs:84, WS:332K # 0K, PF:224K # 0K, P:224K)
[7] 0.000453 -0.000185 (3) WT +J(CM:0, PgRf:0, Rd:0/0, Dy:0/0, Lg:4096/3) +M(C:0K, Fs:6, WS:16K # 0K, PF:0K # 0K, P:0K)
[8] 0.000002 +J(0)
[9] 0.001110 -0.000608 (3) WT +J(0) +M(C:-52K, Fs:6, WS:-36K # 0K, PF:-52K # 0K, P:-52K)
[10] 0.002039 -0.000468 (7) WT +J(CM:0, PgRf:385, Rd:0/0, Dy:7/109, Lg:20701/156) +M(C:12K, Fs:58, WS:224K # 0K, PF:104K # 0K, P:104K)
[11] 0.000003 +J(0).",0 0,"lgposCreate = 00000001:0001:0268,
dbv = 1568.300.620 (9620)",,,,,,,,,,,,,,,,,,,,,,,,,,,,,,,,,,,,,,,,,,,,,,,,,,,,,,,,,,,,,,,,,,,,,,,,,,,,,,,,
2026-03-26T05:35:34.941299Z,"{'#attributes': {'Qualifiers': 16384}, '#text': 16388}",dc.danglingtree.htb,Microsoft-Windows-Security-SPP,Application,158,4,,,,,,,,,,,,,,,,,,,,,,,,2026-03-26T05:35:34Z,2026-03-26T05:35:34Z,,,,,,,,,,,,,,,,,,,,,,,,,,,,,,,,,,,,,,,,,,,,,,,,,,,,,,,,,,,,,,,,,,,,,,,,,,,,,,,,,,,,,,,
2026-03-26T05:35:34.996325Z,"{'#attributes': {'Qualifiers': 16384}, '#text': 8230}",dc.danglingtree.htb,Microsoft-Windows-Security-SPP,Application,159,4,,,,,,,,,,,,,,,,,,,,,,,Security-SPP-Action-StateData (REG_SZ) =AppId=55c92734-d682-4d71-983e-d6ec3f16059f;GraceEndDate=2026/04/05:05:15:34;LastConsumptionReason=0x4004f00c;LastNotificationId=NeverActivated;LicenseState=SL_LICENSING_STATUS_IN_GRACE_PERIOD;PartialProductKey=7H9YG;ProductKeyType=Retail:TB:Eval;SkuId=753c53a2-4274-4339-8c2e-f66c0b9646c5;ruleId=31e71c49-8da7-4a2f-ad92-45d98a1c79ba;uxDifferentiator=TIMEBASED_EVAL,,,,,,,,,,,,,,,,,,,,,,,,,,,,,,,,,,,,,,,,,,,,,,,,,,,,,,,,,,,,,,,,,,,,,,,,,,,,,,,,,,,,,,,,,
2026-03-26T05:35:46.933868Z,"{'#attributes': {'Qualifiers': 49152}, '#text': 8200}",dc.danglingtree.htb,Microsoft-Windows-Security-SPP,Application,160,2,,,,,,,,,,,,,,,,,,,,,,,,hr=0x80072EE7,"00010001(0x00000000, 22:35:35:090 - https://activation-v2.sls.microsoft.com/SLActivateProduct/SLActivateProduct.asmx?configextension=Retail)
00020001(0x00000000, 22:35:35:092)
00030001(0x00000000, 22:35:35:094 - https://activation-v2.sls.microsoft.com)
00030002(0x00000000, 22:35:35:094 - 0)
00040001(0x00000000, 22:35:35:094 - https://activation-v2.sls.microsoft.com)
00040002(0x00000000, 22:35:35:094 - 1, <NULL>, <NULL>, <NULL>)
00050002(0x80072F94, 22:35:35:096 - 0, 1)
00040006(0x00000001, 22:35:35:096 - 0, https://activation-v2.sls.microsoft.com, <N/A>, <N/A>)
00020005(0x00000000, 22:35:35:096 - 0)
00020008(0x80072EE7, 22:35:46:927 - SOAPAction: ""http://microsoft.com/SL/ProductActivationService/IssueToken""
Content-Type: text/xml; charset=utf-8
, <soap:Envelope xmlns:soap=""http://schemas.xmlsoap.org/soap/envelope/"" xmlns:xsi=""http://www.w3.org/2001/XMLSchema-instance"" xmlns:xsd=""http://www.w3.org/2001/XMLSchema"" xmlns:soapenc=""http://schemas.xmlsoap.org/soap/encoding/""><soap:Body><RequestSecurityToken xmlns=""http://schemas.xmlsoap.org/ws/2004/04/security/trust""><TokenType>ProductActivation</TokenType><RequestType>http://schemas.xmlsoap.org/ws/2004/04/security/trust/Issue</RequestType><UseKey><Values xmlns:q1=""http://schemas.xmlsoap.org/ws/2004/04/security/trust"" soapenc:arrayType=""q1:TokenEntry[1]""><TokenEntry><Name>PublishLicense</Name><Value>GIRFafIaQMOdp5U4NT6O/7FqirOoprE08vQ0piz+qvuTh7W3Uz8Rk16o1j29nOFHMmbTSwxmy4FPXL6gSF7c9vzjyW5L3aZLPPQ6NtBWl4uCM8FKVL4BjwuVT0kTU3TuMakKt/o37CPkU8QYOq2mxOxR5Izo+eJEQHsLu/K6lGqSw3uYs89oL6bkuiDCwNQGEab4X+WqE8P+vml+ytUwMs/2sjnG4Kski0me86G1oZMLrMvLsPoFwd7l40BOhZ/LZfKDvEgDkdtNbBoSnoGL5L7+WCfp8zK/ahrGISSMRPkbqcHtpMyY6wBq4DxfMDAf9bIkzF4zPX2KXdyU8YH7Hnp7YhWg9U/IxGO/RAH8ue09hrdMtBrBCjQo4KHr4DKygDf871qfF3BAjpCLrAb7qXirRIA+Dl2dg1heLxqPPOb3DdlwnZzLs4cbOuPNYTaQpMXToO3X9qaPW6dOxfU0q6b1XW5DEKSXRgTqMJJ18xN7B5kDEBDJdj7H2dbP1199jOqF5bJVCFkps/KPwNlS34CkpSCuDfDHw8Y5RdfTwngF10ESprESZVC37drLsO7Lm8si5lsw2wDcByvgGeoMYVlGouqLeQjdlOTKFWg4TdNVgNkWMCkBxEM3nXhMYrN6E3M2Q4wR8qD/LF8IPlueji7Ea30c3nONZZm5kqNferZbDsncApBCEUsGfFO7ZJSyCJ0EutIyyJQ3ftKq7JstJHtZXfMqYtAynE6pp9E9h0I2KAs6IRz50nnsjSqWaam1Cxlkt4HhH7koot5GmPn6DKTpHdVhgREkYE8zFvVfh9UGvouCIJph8dhMHHTyn9iSomtEgpkIjOa8LgFvUr5lZ1rAcnLXwW6BGi2YZDDtJHnc/Tq6aH+8vtSPYNC0XAZYpRd+09ZvBCeqAEnSMFC2CH9qyO2ToVwnQsA/Bsvb1uYBzdaFU/gZhvw4tGFephoLGoEk3GiKddEAWmckyU392VLRi1V0Il3Thzb8aBq64kYaSlnzFkbOX0kEf3hPoNdt+sXugvM8bNjH0CiOj/cQQL0U/VddGmTrh9N4MU6ICtC4SKUpsYhRST58uowdThYM+6+LtbxAn0eNuiveB3nphTXDf+m0WbZITlT8dIuaNwA0dWORze9zt4G/INIZk0s8YXxVepxyf0hTMCCcRJCKb99vtOZTWAvdqYw8gkABAhdM3Uf/li/bN2FSo4AB/ctoxIyxVckAl2sOnPOCev7IwkBkpbW5+qYCcY2q/fULDgAiRPJMk/nMpcGJ6Som/eN2PiloEcxc54bP3k4E8zfHwagqnkdAM7LKrOxEDzK/PRJMR/ILILqK9foF53HrGY5h8bdMR+jaHjryp777cYCBjG7k9K38jnXR12hKrCNyVa/kr6TiiTOUsCpbmXn3sKEjiU0rLTd0ZHqMSecmxdlsW+Jlm1lHW+8ygJKjJ8cv40+8M3+tmelatvaLw5dXRS9frk04aVRTYpcSz/mJBxbWK8HJ5co8BTW1BlFv2f/PwQVmoQxSq91HsAHFPCM7np/0LPBb4+N8YS6ghhCihnr5ueBHRkxHyTMhID9SufBeCcE66iZnAnMU1EHH9deaJ/khaFjIHxlU2YlDlOLnL8INf8myGPuSYQPReTVVOCk6+Tva56TbG3DVqEJ6UBgFGUPiFWwUPI5DtTdw3oD7tuUp8NIGwTlY9qzTLmTsbj1m0GWVTogUhToGTWXeZws7DqO8pYgjLDl3MXbpzVX70PxZmi8jDYg8uJKsOTbGwmFQgVZoS/jTlkwBQqagxQwAzHGXmZELePmT2R1TzCRQ0+d2grwQ1Mn2d2+/3AA5QxP0WJ+Do/UtnPxyOvl5mEWP6DVxxNVP32GzqNSpx6KhtQlrvDSZVOrYYuOTsQk/OnxZyBw90xavJVQuxgaG3WVoiBiX9lp5iX34XchhtE3JKO+zlt/ONU0FWamNxe2f16ztS2Kqbhqn49DDa0TLrRn32WGVv0xMxqigKHvswbJGvrJVHklRZW4yD4/AP70WUSssvYMls2/+4HL2gQgXbnK6k40bg62r4Vi3F7NzdeAliNYCRyWjSXdcqyyd9k2Q+OY1ULJySUq+tWRIJDIJxdeW5dZAMxMqeVPWt8k1jBxc84KpQElon2+UjwFq8Y8YYFbQmdEzgEPjhqCPlhZeUKZn0lzg+ObqlSdawDF6PydtVbnQ/Vz7jG2pYvTLkKcP+XrjreQYHQSrb65kRcnXMQFCQcjS87Puo4kX/SzTZ0zf17FV44DSAXshG5SkQeGNIdd6BR9FpmYIxmDUmXPGLO7Cdc1lVexS10Li90b4YR3xukzqPSc7JbgpYgn0qen9d3g5JssSQyIiI3FsJsLuFFH8WNRaQpSXDMwtHAZyDeNrJQTIgEdrWV3Bdt2IpQZobta9Mpz3BO47jhxqt6md8vRXS54KFasgQJyozAMnbuixoNacBw5RsK/LeNlkmDHvaN+0NhG1mifeM2cOcMGfNj2XAJNzecHL7R9QD/0YEJl+6V11w6c8m1XIPw6FpI9N7gvo11DzW7h6HlOGK00lMtv2ZY5LvUUfyiJXMv4ir77eeexDblPhh3VMwF1vGYVS/b4+OemF6ZtdRxgyTKVF3vt8HTiI/yCRrK5AMVPa2/4WvK+yu/WBQ/lp27WYZ0hGddk9kE2Sx+itzqQOl4eJSaj9fSfBMxPlAWVvckSO0taumPiZG53yI5+lY+TNkjF0w7x0ohTl83/ljQYmDfTokCD2nU5KLMhhNoRhu//VpaYngtdkL0qIe3xqA1p//o+QvPvUJkb7Xcsv+1WbZi03Rk3MlRa++9XWamyTpyKgZEIlbdoPv34LEB92todaxWr7KB6mv/91XyQmN4b3JtReM9uRciCQX6Cyv8Bi/mVCzPgemGgp8j5obzKWFZ7e11ItQT5Msh5zSKAiYEZrZuQ1RiZrzx2MDp5iAME5BfhUpStJ9V3aiYOE2breBVuNwpuo0iD2e0gl9JtSMHO+4DEIzOpYU3B1SjxZB0LnPV2aaOebFlRZ7k+1GZK0emJ0IW2Y7Deub+A30ZDuQF5AK92U/bEE7C7n1TfiQP59Nmc43cGJ8kNUAiNgfyvEObDB0Qd8LWBKLfXprVyGuQByOgeR/tSo1MNQ5HYMxt3z7JNdUFiRWPaMMOpiHEcReYi73F3gcLDWrtlh4vbebhm0DXSR/kZ5kEGCIcv6WRKKhtkRxdzrYaELjrZ7samvj6mQZrEO/R7+e4lAgwRPsoFkL4uubk7zPot0eLm5ODQbYaT5dZ64sbMoEQCEVwk/mv51al76vhXYl0/Osa5AAb+F1Z698N9muhGumjhDD/AzGu08VFvVs0lfwmE1GSf7VrXFeTV2zyJoHYpUjgOU4zUpJSeSE7ufWpXY1jPA4qEh6su3iqPTWK+y6ZhsHi5aXCbEWxVuD0dytKz8lyjWkJCnM2c62J+s7IZFf6Bkcw9TcGZcYUKjeSNg91PzzBJgkgxJhIGea92MFJPv/SI7espOinb4/BikXTnAesTHpMt/X/c5RjhZbuvHIHNhRdX/F8dQ8cR/UZzawYm+PS9SuEsmGbe61/R64onfM551Be+g9kMYjU7TxmR2E4vLCg5JsJXGA08MIiLaJ3x91a8JsNGLdFc816FGE1s4JxpuRtzZrY+i7V7o20TFlhdpr2iJNvEjSDFkqFlqBpYSNF07RPPlP8fu4TRn0sB5tkrw9wPFxuA/phRhgcC27e3nrXF3nr5w1sqBJtsRUHfRR5Hv7x79RFm8wRsePhIHL2GLZ6okRddXbIf0Csztn5fDEKbwikHVnBCvKxYwbjddDkyab5QTbmqYMGnOacLYClROgluBjl29fdiamJTmfzq2xKwz2YS6i8f5h2T7AG1u1tCzKFEbfzhtXsHBCTlja6KqCP0CKwvvzrLHd59tDMGn9ZQw65NX/+yp6tSTjoCxA1o0ulxnlQs/Efl1PVz3T1sV0jpOfNQ70f/ZRA6Q98i1NoJjRQ3O3Zz3dxoCJ+snvSuz+XoFsZgGmh2LnOQKv3cgZ4ravCeCjfQy30kyPXcniiXVKgB0+VH78QWM8Dj7Pd7Q2mongPPngUpwqDpqzfQBvZilF89FxVZi/FH3LVHeCaw55xJo5WaSzLr/Gs0kRNZTS/Jb8TptrQwfv4F4HkPXcs5o/ydH8AG/qovh07khbduujl45hMkq+76BJ5tP1EfBh+5Q7EVH7W9uv0Zc9lqxx5wlVCH9GwFcu/72/OsLWlSqr8zbP2Rc4sPlrmoON3kb07mI9nu1EzVF9piTShUVDR8Bqe/pbu4qYhtrsVsGsuSM1gs8Dv9t8uIQcky1KH+5vAdnER2WK3djf8OXGb1vYg/9XVXXLFwD74WWb4465mX2KwYrN6bvDcY1LLn5iuq/ET6/tMl0T2JYNP9Wr4hjHXcoskI47emoFjZI4uPIghCgbWtOyOSjKvwqLtclw+Hgns7gUf1JO2neZxPrmcifn8XxhUFs4Ih7Txi8nBr+TKDNfb3261Ze2EnKBiZnAiq07lMfpR0QWjFHq7ExNfoZIdQn2HFwI5KVUalS2ivJ6Jg3p4J42mOyXryTCCrMxlpX8StUoLp8GG7GovBXwtav5rYe9ITpW8ChUjigku6JPZica9RJyk359TxTwiDplhZRht2aR1qYbJHHOz2Gin5F/OvrgF/GEPtF9GTLXQPcdtUfm5SeNkIAb5hhj/IrkIVDfyv/OSTN5kdHDISH8l+HHM9dh8yq7PHienx+OsSDSKxQqkILbG2ZegjwWGV/eX7SnGjyMRiyh+qIwX4AliheSwH5u6hjBV2Cc8bCBWuAVkAQbDM2IuoBY6REZBX9wJUK+NlmXOIhH5tF/IvPoR40X82/wsjIXiXE43W91109xNYm9ezYOPX8IYlEyuV3H4Rbi9FAo6U55tD7s9sfa7J1YGBRTZTUUo9KNVabj4SAn/as9zpvgQOf+yfeGyskUCtNki2AB9QwL2FHR/J1rhRrBEu6kFZwNJo7yppgK89QZ/WDDnZ4INUg8U7Go2vctKiqDUeiHHilumxlyDqjoJDQZnLyh1T12mmdnrjZcAEekTCqxneK38FS8augQnmUra9bsQVlMzKZ8ZXG2HUwv57OA2ZkGeVGsL0wwH5vCkE7be7uvgXf0/3c47GGmKLYcFGscNrJyQSRlJEcizSp949Ge4s6Abehmu942aGWF0fA6yalqQE5YfEJfDq7kPgZEpGwCtGGJvHnZy4TH7c9+99dut3wBc1l4M3aftMptig3naWvX1oEfBn7FYp8foHYgG6uE64bSdwfcLvTIR59Ko3g5gkwB6LgR4qJgX0nMygwpwHp0J2/XllG7LlH7gMEHj2VvYOKNWQIS02HUzxS3n+upD9Ruaj727G/LWn+ei9pBdSjcnaXD7IhSgNh5DtEmSnJ/XwwTDZqnonsedRcKiFq0xqLj9dYT3V1qeMQ+p9x/1GzIK06fwALYpZISJFJ8xVxXHaDEEB9fSPX++i4aBrzk84hSoFpINqgGB4rnzLBE3QWGs7Vm1RI8abETHjzkLjn8g5TuSQZku5IIamIYaaJYF9peEEzzX/XaZT2qZjVilnEMMzWpwwr/c3EKdZc+VEBLGbtdtBpq+PdbWBfTU/468h3IUnv4y7TopC3b+bQCe4OgpBZ5Rlgtkf3J8WFecVkJCw2uR0dM045El00Bw+ze9nbJtN7vyZGPJinNws1L5d7YRhg0lsR2thuaKRcZ7WqZeR4Lr+5dYmhgnWEqYDsMBa2j8tEtohZ7X4x4N9WFdYu8DGj/KKC3EACWxjLJYgHcKFrE32XH9aVBpzn/eVAFWcUDabcrOgmy0yk1dtp7clY+7mM8rwI94AiivCUVNuNjCfsEQRW02JcbPZt3G/IbMcvT8aeGeHeBstpWGQojniKh/Y46iyGAZsmaDTO5m4IseLETAt5gXcGkOQlNq8IrYh99g5HbkgcDxIDMrD+nfWWiYM4m8Hr5gxedmMayWxqU5hduX1dkx/c0bpZ6H0m+Tf3VLBsnCdFxCaqpIkxj1Zp+eLa7ZX9bQMnHFI+YFpHQxuY33CoGiZobV6LCfq7CrxJzL5euDEeb9NzY+AhUJJ8cMNKP1WSUGvcCI4CMb+QWaQV6LetCd9dw4dBuGPoo7qbDqWAyDSzF2/iGIiC10DCC581Vg2PbZ0Y7CKmzmKPIntEsxT7Bb6j84NbBGaBxAjxQ7Ni280EdHG1SXpGw1XD5HJeQQwdZn+T5+kib8YBwPd2a4ay7eAmMQPB4V0tUmJAS9eiDlRmYS3aGnW6dctFgpjx+rrXqgVXyiYHcAKc09GRkEucXGGQB+fZEYKlooKqcQ9+SqCSntPvkRq9Exi6T3icssoR/sL+HXMfo+nNGj6n7FpCaixPjrQC8y/cpflo/7z1qpBQvzqDvPleShoJQ3J4QuUTo9EBQdXkD1KFE1/YLeSDEL/qtCR3879v8T7TeW7qyurLIgQ17Fcs3a9T8Sd6Biptu6/lErUoAAZB2Xe3i0+qOSODYgQD/lo7+MIm7vCsP8fj0DDGZ5DJfUFg1NKUBzdRctJvTctKGjwOMr22STm1cZIZL3783WLKDxo3WZiua1UBsrbW/2LNx82jTGK9c/Winhxu/+QZMwTgw6xns6GtB8E3gQfybjl6VTLgh1aJy4TlSWmVbLonQ1vkYSIZpGS53QM3qyIBVyAKB6zhfIts866/58iS6cH/koOpenfCY0kIqGMKV21T0mjpPhqSJlKsIHR8sxElg2QhPOFEvsbNMhheE/Jh7DP5H4VTR2y/sGnblGP6Sfi3VX3rUv0YieR8gklziiVcl0zkGa2UomXZz6mrSLuoh0EOqr+UZLR8wmS+dOAKThDSU9OyMSj2q2P6BxVeJUxeGMxQdjSGolzkiGaKqPWNX6q08fkyv1mXfBm6JyUVfDqWamhxCXiJOFzFQuGA4n1GbEwpve19YxFujYN/qVQmJm1dTAb+M05VISgymHeZAO5qMPd8TYchE/K8kEtKXPb3lwHTRy4ZEjGH+EZplt/jgAndmcqg8fIykge2USH2mu15cl9VbNsypb8wtewRYBqRJ0tTW9Sfk3Al2HpxCc8DpFkuYnMYnwK2jSQ42Q9ejhEfv712JE2ZZATAGBheDhaYu34H7/tS+Tl6vP7pFy54jvAr/3K5r/l/Scsqy7cO9aKKhcHJ8+j89uYFMo9E8WkvBYcYURPqjY0t28t7059G9e9AhP+3oIFvkadUFhMYM0ALFKQwAAUsVKawE3yk7hktiADC44+fEo4MxxKIMBGIVwy0QwNO9Poy6/6YWigUrlNb9K9FQJOCUX12HBOOplV7/eZyqxq+tV2kA0rF5qsxtYeAJ/yMdLd0XTjIF85ZPNfJePQ7jd0jFL2/jylH7NSkmBeZCNOJKJJ0qw3x5fzqi/w3H+fHSDdlXGuTD5xiRJBysr4HyjDv8GLo+UBxXx1ns+zSwY/VSdwKLJT4vdnCkvWlIJSzwXrxzpCBAF4tSztUExU66iOIptiIKnK+2KDZp58M6S8YC8OjgUWnNZfGl3zq1L2WTdZA30+64Qh7okYccaU6iFCKEkNSPUAOfnpdX52LlRWazh/f/sjK2d/smSGssuZgzBBPe43u8cYs2UGV1c502wPR3mpdpK3Zv0bFaQEDE/Nvi5hSbLxf+fgwNSNNvvKpB3nybvldPYH3T3FfsFWYHOM4moYEF+SSPUXKTa93sEV/aryQfFIic5Towun3l97K8kGKto9nj91n6p2KVnhoJwM9w1xs6bRObuiS0TkfhOz/Ky680hoNM8Ci4VUa+HNff41kmB+ldet1pfo7SMvMD63SMhizHbLzX0rcaTawpgmA5Ez6XkUpHUbxcDwWED4qCYLJgdTfqF5FQgtkrqgdD2jRHbEK7J/RCzy6/Jo9NJHITDl2BGYqhLab2WpMcI6x/JUmu2SRxt3xGPTer0Hj9D0w702R8wcGMcRu1LDivfEysHbkgiMjp2htrGE1JtMF8oiQlZcXBqGVP0vZ/BJO7Vl8KPEUv+4bf5tsmjQqg+h4T5otanL28MnvtpAzKowZvvQ2BAlollGd6r2wUyewqxqSmawy3kbzAkyNGnzeZV9EXv2OlWg+xtEmtXsOOfdEKJQFpiY0AtjnzrEeVkb9zpdSLBcOrGQfvoY9nNf/rLJebqGzLBk/Z/o3pvebfPYNWiVxnNONq/13OiU9QxPnGc91Ubl1q0JMsXIKLv5iAGojJggDmboSX5GJ9duKJbapJ4yb0gvhuw5uhM6pXqtddtMz9qhk0z8hBVNWU6WJHiRP6edohJWFrgXyky0kvI53W0b3K0+dcjAvMAF8/pInA/FSD0JHr73zK3Qz3oW7ZPmE5+mE80lhMZd9saJ3Ys5YbYtlbHxCSPpH3wu59MjbhbAmFO2hUQcGI1znMX5USErxbRvDiKOfSXRl3QX58wL0Ts0NnCAg2EdzzpBWYFD/cRnQtLLvrOteMaLDq/yBeHDa9kiZG6oUvVmiXGAPP1aZ0Qcdq7YKPz8YIlt3G3FJQzICWqr2mqc9JI8FL6Uuy3Lott5KmWGxzZALIWfSg2IL4f+kszqW3DOqqADIKl1PHmwwMFc6nHbvmQTKP9Lgkbxf6rodyHooOw2QzJ3g9r7LQ55bVPWOpXtmwNdTfy1+DkCFy7uka+F69NlcTA/F2YRB4zMla9a3pKqTBOd9MXAU5n8ANjKMv3nOJubnabonpVPUQMJXRGN3fWwRCmrLQ+BSg+jH1SFpC+hY4CBEE9+hQlRdRJ9WHFi3T1/DUtFkfLLi30YxOp3Rc3jNg/pFYUs/79IZlS2gkK7wFlHat7CPBj25OTd01mYqkkC7HXZ0Vke5o+zgw5kpZvSv9WJ825bceGF4FPL1XlrktYhBIvJ+XYL1EyU2Ri8qBtPTBNNEHDg90/bZa804BaBmM6b0o2lemsfl0S/ZXlyZ1o+/nZ40f2FA8cUdMfHTYlOqhRBSZQ6dIfiegoP4uJNXxvHR1pWgPjxTnM2mLgFX9bYvmLq7XqEmJS9Pc84TDw8IA4DfS/fjamWInswQSzXuH71nPrR4U0yB0V8mR64LUwq9IzqHmA+9/E1tFXI5PzpWUW2VzmTJzaAmuS/jP9Fobyicu39IKHTDKlbnfjbmwx3XufZhyzvnvwbwZu/bPax5ZEAu61qpF51DF6cUCL8BZ/sr3l4YH50n1uBTYTbiLEFBS79WJlcGHBFWs4SbLh0hnhWrFQPGmiyI1I7Nna80gYPgaFitRrjhDcdZGdIwIxvpalsCA/cx7P+cQOiQ9qJDKkMGc1BTluhZFIs+CB+x+9qJ0mUbZ7LspAwKp8/usbv6rLe9DOIUOg9Qrd/I+coPNVjSs2D4i1k/stoiA3o/POVj2e96EM9Nl3jwRN7GAcnbaQVqD0efVbhgjGJV9VofaMUdFGUESh0CceHOiNCD35ezHn4jz2Dldwh6l6n/tKe1Pb0eY6PeaoCOf6dhVc0y+ZmVSqGkVVccugmtMf5IgXkHDaDfz1jQqRF4FlsPRpo8q7UImZGpbjT/gMDthKnoyf9adCVJKuq2dwaLFNsSwT2TTZyjRHX7ZnDCIM+pGPEw0uAWiCXoO9mchf1ElIBz96aH2SK6SkcohY7GXFoxaGSBb9Ab+exDy5GnMausBz/ssKKr2nOfqXXFSjO1gnR37uVXwr6zrRCwEwqlV2pFrYeb9ttdNoO7mb4GYsYr5i/Wxe+j2ivE7Ydw9/iYzrL6OJL96pduOaKWjoTUZBKlwuJtfjGDYg32GiWTXU6Jbkv3OEhqGI5GB7TRyL1Yp7j+5S3kIl7zBJHDZGL0hlV73w+Je4asBTBMf99s/6tgK5yWaZ7SMA0OkqjL93SaB7Ldd/ByypbZXQBYFtyKmgOSzRsrmB8TP7o3A0qu3Mbe44U3GTMDXo2ydXDUn65DnGWHJ5fPPJgM+Crp+QSlwk9faJYev1u5455C9r6OMw/FrCv4IQZ+ELVPnx9Llbal5rtdRVHthivhhzIo0nuXoKr8P4ijZO1icGXOa0mwmWjyQeT4KEw62R9d7n4VGPJ18WLr23W6KuGpV7dnIvLGmSBR0qSORLTmDKhJXbhORfpSZGa8clsIouF5WoWemb10s2fwFsi36N9Q0r8yI+5UHY1oy+26Ji2d4xk6Z6jNVeu/rTMk3+uBmEIL5JKMi2J0xfJ+Gt98bAnNMm/6RiM7LpzxCgLfV29dYCw/W4abz0vgqlLj80306nnhgqhmI8ndJP6gXhQNV/bIjoZEkjveLnqOGAP5uMWcv7i6+0yDwy4TLE78vWGr+eWZc26ETdRmvM+kdZgNg/+5ibuvZD4zbDY5f2/KPnjVOHFUpjbRw517NqFdPncfGFsTw9RBYtINH60ymYIijzxq2Ep4mMPzKTL0Xtk2DbROSlTJku5i+4pY4v0bwOVECPUfW70gKgcB7ZBMgEJwkomJvcPkAJmGsQETSDU2X5ipKSf8jjRMgN6k9KBDCqYn+JhWb/23f1556a8ZVFE1lj48qcOtdqf7HjRZ+FVTVGUCj4AjthLEI3Bz3UkQJlcUw0t3+60oib17MAjbQ0kxfiWAazOYx62bLHAb5BiVTzvfLB6idlYgmsMLjY9Dx7yMZzFcRrGpJ5YPC/g1Ey/L/kG9b229cVpsPmzvIhWbcCKulLUbZWawTggNDLV7uqhe0fvUysuUEhjogf0RMGtTe49TwXJtnvRwg+3i2Hx40/0+L2Cm2+pDpimoA3672bjkt18L6skN+U63wvs3kw6UCCicOWx+Nejx/jPnuUnvSvCvZ77JlgxOZmMh/23mbJDORBtBmOifotWkh3GB+78czg6J30NMLnOPhRank2duJObSISDrivpHNgvtiot7Y4xttJ3dholnSYHcc2toXuplXNAulEjSyWLxYnlMJHWAxKTc4bjA3sASedz+8XvDVQF6h7BC7Y3z74I1Nx/6Fvq9U5ZLuD/Q0B5awr2QR95hqodC06Io6RdSjh47Ph2AhnOyjiJ9jFS/j5FObYnXlZIfkiTXq/fWkUIElRkXxb4sfFYq/+eoTzv4o4yOYEO/GObG3AgFS2CxmGAOzpdAsAMOvR4bq+kv9a6JVOlZi5cwXwcOhTFNSmrwgVqXRp8vtKhtY09BJUELiWTJFf/fjwXErMA5yOU36JEJDHEKGzVxmVCIums6oxkaRiWH7xYOU0xWhVVCONSwEtWyFWalRDeNbG5PHvByuF/GbwkO6YfEc9zqyTjkc/5sxqfzU/YJkQIFLw4P7BuwsifJ/U/uJ8CqpQQpsygcntj+Qs2Doq7xuEO8m/3D7Mz/VR0ucAKZ7N3Ww/D1hXq71qa027FBWfd0JPlCzAE0GdMJZfV9FsTglYZv3PThNjJ9BzhjNmCQ2MMFI0j6r3FuSpmChvqHxU+zk3xfkTIjxQFH+hzlJ3byyt7AXpPx3Tx5bTd5V3sDkzIbqVfAkgjTAZ5icvVQxif0lyfC2P7hVNpmaczbgScXbJKlKvEjmP/c7Zfidvyf6ZZdZgAmmZXc1ZikoSf3FmgiRXLXpOlMEJp2UzFoYicUXhmBvm/4dofAKURQ/BTnfnjz9e4aZaEaavMvpfX3yDTur+Feh2L8quA2uiBQADbQmgNcc5g0IkwHFvaUUTeS/DewqlZUndszJ2CCoVvHNXddDb5VqQROFUobcj/OaiwjFrbRsFrEFppnA597GyxNsGaRJw/liLorBbdNB7yDPcBC5myPR8mvo9NlgMJP/NYaGyy0tgRpAqIzLaTA/snKK1nX/Ux9tGURK0IULftfLLFccXLw9XIV0y+JkShUkZTlc2IWmnRkZ8TKwgkVzY/VGnrxp1LE9A7L0Vi1a89hcDRDFrbQiq7Kmlu6HegLIjjyKN1PUQ5FrB+UQt4HPGnKijSSHhAWO8In9voV/lT2R930lBP4hIlkTn+3psF0DuGDaNyb+b2W9xLPnvd/Tf+B4t+MDWm3ovE2ItEVTpz/nniMczlTX8WMiTCfCX5f0Q0oAxqvomgIEVeVKWoHP9Hpxae4tL0HNno0OPgcr5VDbEOnvC7pIr6ZUhy7BKuBEXL57CuZl+p9cG4OGrzPkHlT+gFEWDi7Q5qSr9fOmvFlAjdgg/aapVB+G+BslKSMhO1aNLtNKGQKwauxR5zTXqPoQRAt1WXEfNSN6Cm9Nh4ZViw/e6FPWqVpD5+HSg0tNr31xikdT4j6r7jn5wDHLOp3L+KAMpPyjTaybVqLG9rA1fHE5GH9Jo3GzQUHaMHZX3aLRWX2nzmGADPIZnzds0/Y5PqosLDaqD84vaVIu8GejDzWbDjyhX54vhedzwsQQs/hsLPDGdMam6Iw2uRlqLJ5BJNOO7QX5nuTuFzd8SccA4OqHdqjpDtc038zuBJDHD9QB9Alf3LjYwRc0OTTb3tuBMJoh9w+J1QyxYrPq4RFVetnHbooO+UVqiRDJVKyBSkuKcHIDT0lVAkV7AC80kiu8avHXf8eA2LMIzDF3vIv3bP7L8P3KuM/1mOESHLPoA7eSuhY/PYs8yjLznjVk6RTQn6/nn+geaXCTO0Bz+F73VEMp6sXDEcYiCKiHSjQARv1jdxkva5Y0I/cOucBMxxNfRk0IIdMZmXnXe2VeLspFG5s3bC7XH5BgJ0agaOoR7rfxlUoZL9DX2w4BXtzxhPTItKvn90YQrOEz3PQgwEb5g3GyLB2qwOQ5kzB4vSrJr746dxA4hMU4u329VmJ4UA8LG3qUBuEpNrFNF5AD2NQhRjHMzoE0z23CaQDlBT2EYri+I1cZbWqRLzqOx1M+Jtyt1HDWIoWwHHeMh7njaPsXX31/i5SwjEuqVW6ujTS+3srBIGxm/HjszrVxQLu+4YKzauSas6HxdHxhP/UrcH0dsP7YDi6GcACp2zhkRQaTG+xySf9Pd0YZcfeTMG7jwPw3k26CfVno5dkxj8pScHozSBqO4cL/0l7hi+70NZhGwhLMTRU7GbYTuOOsQSyKoCGm4pSn12Se1qzDz1BGcOfqFfO/Nx+Z2PJ1BEDGPofXVsf6+fKLb8fZhBuT6ZHtaQr0lgzvMUFQpuAGrBEuiAxHjcgX6j+t/dOY3lnfqav684m1BTcGhlaZswdcgg4PXM6Y8pyi8ZMo8i40nkLk0PTQFZhAqcTPWbNSY+TerIJc89jEHt1C6GEjMckuFDuqMRs6gYfJFV8yVHz8fTwtS7fmui5oaJz2QThP5Bkd8R3wCUb5tO4Iq03H1YpLYyYWebU4wr89jitCudvyimWdGwcTpPgAHAXm4dNJ0VOLAjsMR6dPX2CgRTIZdZ7MhjRumIWk5BBedcezqJIyEH8bEAOQqTT1pQOY5PKzmgpzKNg00+UqFZxBGgokQsR953s140oQveoEke+s8rIK6eISG4TLoZC1EFC5MYvN8h2NEdk8zO13HDn2VtE5OLzQ3damkiGcNs7rlD/UeHyA6vASFK5xtxBpKU52+Q0ZVhxNFu5ZovsSLCDDM/ArsGF2npQ8dEMWREzSK4rYfJLm301DlayIrUrCAE/R06NhoW2VVglTgui0AaZ+5rXn4msbDiG7UXSQXP80wzhrXrjR4fCp5xdVAjeISgUONlONOPndB6mMag4ANPQyvcAh6QVj07lLpU/E/gKZEabdCvmaukd4bkvFQDZtPoPLI35IjVsEZzmaK3+owWm/a/SEvUq0ez3RPFctjXcl7MYICkYktG91cAcqavy5V9RAMkUxpYdFhEoymgc5qIKCX7+Sa5vPNTI77SYiygy48YbzXLVPLh6SlZhZyI62iFUC41hvcKHRjAxqdLGtLMRdWYXE1hkJU85uLw1VUM/iYFxLFFzOZD06ibUjFZCu2tjPHv+kB3H6u5m/7jfZ2xTbhA8Fd4aSPWmMyLiOhp2kEaIInWuwRiM+VJ7pwqSYKW83kgtencvetda5EjEkJlD+KrDER/qEeAbOJvPjEJCrI10h+kl/7w+fUyL23BcDZDA1rn8KUGMeAijMnfXx+7odT3DCI9Ee/ptVuJbctswTKF1sPcRYCcQe+vUDDekBq+H1YNE6ynX3NwRqQUOyDLSIHvFhrfbj5h5X7DbqDvvDAMF5NEQAsRcGbjub8faqaPhmImnDeLxYfP2dcg+uFpO3LI8Bvxf8kFFV1oEaIHQ6T0cx4msrrW0945u7rN4pt0vsak17gOkbLIPtKOgA31/RLEUu+Bjrh6REaXusrds/BccjIJccsm8yfDLlux45okv8RassY9UnpxJ0TIaKondGNqHOCHfs53dZaN8APGaLIDjWU7sPdPrNJHKIp4SpuMNSDKNjIdr3LhpcQ08Csun7cWiB3HJmkSFfyilSNGWTqMItG+jmvvZCxx6ZAnnI/Q5yd4eNyUKwTGX0VWiGJPZ1Izjkhh+RB0PfHv6hifPih6fiqUDdx9N9KFHSUJ/EqF/BPIlTUyiXAUVhKX6SYkNkZDtFVPQQbzXDnBGDuQU98jIdcvvT9RfgMtISlUWBG2uW+LQyuQJ+f7yE1vCg4F9vhPwg0BarP9aN2Uj+YI/Am92TaEQHm1p0lwGdtrRjAnbdDPMvK01EO6Rx/0IJpmY4Af99jVX9u+6HjN5EOzb5ijuPtXmclr8ILbHWianciFpUgcmTUEQlaxa7oWVy8UQNbMIpb92H6JT7+DMvFbIGhCAa5RkUgGNtS/qAzxwqMfIVzJJOcrqkTMqwfbXlimKvF5tCrucl0MF5c7l5JzLsrqF37Dh9I9XwaIWEu8uWs37nYewus+UnergrZryhx2o35jttdF1tU8hZ2xVbXusY+qbOeXQscvPymF/EbHRgpOVr2XLGCK/HW8qGOgY2Py9ia3UoUZVlsKqJ/rI93gZuISc2s7IbQWFWPGtOaOWQJgJrp8usi5Vh0t6OLiqrmoN7gvvinsKy62CtNAxbm40p/RBdqYlq3mP2rEdUwT+tF6QmnMjKHO3xwdW7Z2xW312p+TotdiAa7cF2cIbZuEJbYJGhhnb8QZJs8oK6/FNg3K4wZiqzQRvxXSVY8sEP/8tpvPxN7It4MvXYicFIh+8adlzO46KHhTMsoB7qObLcGE4oshljQMDNogi9bXIhjhkqeHPblWSbWfY5wh8uhzmpj0RQYj7w4ezFjFzSBu+HAkEIdLUvHuPy6DnOvNDcWAi+xfooU8cRQbX9fvvKZlaDupkuRIXlTaTEoBnVHlpoPRWCDLbLL5M5f73whyUkTto3/WuQnALerEydW9DfS0cyznlu6aJDnGvzwPbd1k4SMFs1P3vgANDINd4p/o2nLWcGxQKeE9vXR7UlG+/wxEPpIT2xNxHYQUABB2xstCBCREtUF9j5i94nfPVAyNASe0gYZJ7Pt9BHAFyFLoBzq+GULLicLwUmJKjxjRx7frTM5n9oGnjVvjLi9H2w72JZ3zDSSpnbddoiPOk8G4zvRCi9r9Y1n8AA1LOQJVq17X25ACH78VZFS6BdImOFDAlL1EK4N0O9/cm6aeHAX33/rnNaa5gpQ2vgB62foCZv9yt5iCkIMh8nV630UObNe0phZrLQoAWNb1Ud2oOWSfLEcIowPrQc9TZXsRb+mO3GmFlhD/oL8Plz90C0bqR3BZOj3b7yoX9CE4m9/WoV3mZSFXfURyD3S4aJKx3/ZXf4sHBSTSMmbV9Kyk/4uIjhYOrZIssbm8ovmw0jtfGHYrFWo0QNO4FsNcqQLFkXrVID1dm/vJ9GtOUCimFLjplz5lb49l83wmhNU6Ciuhiu/e9ajZ2xYgMH1S3GaYR8A==</Value></TokenEntry></Values></UseKey><Claims><Values xmlns:q1=""http://schemas.xmlsoap.org/ws/2004/04/security/trust"" soapenc:arrayType=""q1:TokenEntry[17]""><TokenEntry><Name>SessionKey</Name><Value>DT3OZDmWZjTyicnMfg/Ql4elV4I68Jtn+E8bKXcwge/ML7IV/6pB0qgzdSb6t46tH+PxIEe4us7mObbK7vq2+VkeL3zdUN223xsyncJvLKaT0Sx0DCYBfmmdSfgKqn/RKiUcAogtEzbiuiIgQ4Y7EmekTevfB+EJfmRJ1dRuEw41kD7kahZW6PRHG+nsFP+2QQOORUSwqSFqw3wyGb/5KyRfEqPBRl+FHI5TSFKuNZE7G7UwugKPTYdYy/XitAeiZt8aRL5n5py5wMRCL5vV4C3o7KZhBOyUDZ5Gwc5kLsSPK/syXKvKjkfioNMiekw/t4QgUS9DeSKkRhrnMZyQXQ==</Value></TokenEntry><TokenEntry><Name>BindingType</Name><Value>A1gLPY2S/J9Qaxa40AcvzTSjUt7Sf1IWtHKxQxSL/wY=</Value></TokenEntry><TokenEntry><Name>Binding</Name><Value>JYTTyI3DCcJ2DdMc+r52KWuWaWCGcHSz8YUifOtGYetGgdChs32CWTwMsWzaqjIHI+QuM38Y4Oz2Al7A/IboFQsmQ/CzssRmPMAvvqIYaiY=</Value></TokenEntry><TokenEntry><Name>ProductKey</Name><Value>6/USaZt3K6lHJW1oHU/31R/p7i6LnAbnAjba1CvYjSU=</Value></TokenEntry><TokenEntry><Name>ProductKeyType</Name><Value>A1gLPY2S/J9Qaxa40AcvzTuoVRsbzhlPKaaiFK+KNJ4=</Value></TokenEntry><TokenEntry><Name>ProductKeyActConfigId</Name><Value>MUaVAReTXn05EtcNCcsxcaa7cgkQwu60nbj4mrWIK1H6dlwNUmdK7Ge+8d8EP3mxyUqRE9unpMEfNce2rCCkYQ1CJzjPPBPY6fwN/swjSyU=</Value></TokenEntry><TokenEntry><Name>SppSvcVersion</Name><Value>Osuc15jt05x/FI3Bj/SpDA==</Value></TokenEntry><TokenEntry><Name>otherInfoPublic.licenseCategory</Name><Value>vOevjdlF9qAu8PSd8Bshx66kWzIXq/Qo3Cf5mUwpUsU=</Value></TokenEntry><TokenEntry><Name>otherInfoPrivate.licenseCategory</Name><Value>vOevjdlF9qAu8PSd8Bshx9p7FP6v/D4Ag7mBn1/oMjQ=</Value></TokenEntry><TokenEntry><Name>otherInfoPublic.sysprepAction</Name><Value>1jp5gbvlxGftGtc0V4n7dQ==</Value></TokenEntry><TokenEntry><Name>otherInfoPrivate.sysprepAction</Name><Value>1jp5gbvlxGftGtc0V4n7dQ==</Value></TokenEntry><TokenEntry><Name>ClientInformation</Name><Value>C9KGez1rE5of1oVLJikOM4TXwTvDJjf7EoEqQ7qRgDyOar8ebe6yTgv9iP+Wb7PCWFJ7dBqvVBHIu0QUvkF3Nw==</Value></TokenEntry><TokenEntry><Name>ReferralInformation</Name><Value>TBdkr/lcvJEhRkkpnmPwQ1HN/N7sMc+fMbxh5ieZ+hoEtc7lz/tI1JTIBAP2J6palZB1wV27qEFo5wlX/dFkwA==</Value></TokenEntry><TokenEntry><Name>ClientSystemTime</Name><Value>XVcOPJRqiHuNvZErdqCkUR7H9dvdG1VVIbg7CMP15kk=</Value></TokenEntry><TokenEntry><Name>ClientSystemTimeUtc</Name><Value>XVcOPJRqiHuNvZErdqCkUR7H9dvdG1VVIbg7CMP15kk=</Value></TokenEntry><TokenEntry><Name>otherInfoPublic.secureStoreId</Name><Value>rFqfHs6HCLrkXRn4hwYFIX4Zmxm5kYSm1mQe6qOo+98HU0lkJUkx5F8R5+ztn27p</Value></TokenEntry><TokenEntry><Name>otherInfoPrivate.secureStoreId</Name><Value>rFqfHs6HCLrkXRn4hwYFIX4Zmxm5kYSm1mQe6qOo+98HU0lkJUkx5F8R5+ztn27p</Value></TokenEntry></Values></Claims></RequestSecurityToken></soap:Body></soap:Envelope>)
00010002(0x80072EE7, 22:35:46:931 - <NULL>)
00010003(0x80072EE7, 22:35:46:931)
",,,,,,,,,,,,,,,,,,,,,,,,,,,,,,,,,,,,,,,,,,,,,,,,,,,,,,,,,,,,,,,,,,,,,,,,,,,,,,,,,,,,,,,
2026-03-26T05:35:46.936572Z,"{'#attributes': {'Qualifiers': 49152}, '#text': 1014}",dc.danglingtree.htb,Microsoft-Windows-Security-SPP,Application,161,2,,,,,,,,,,,,,,,,,,,,,,,,hr=0x80072EE7,753c53a2-4274-4339-8c2e-f66c0b9646c5,,,,,,,,,,,,,,,,,,,,,,,,,,,,,,,,,,,,,,,,,,,,,,,,,,,,,,,,,,,,,,,,,,,,,,,,,,,,,,,,,,,,,,,
2026-03-26T05:35:47.000535Z,"{'#attributes': {'Qualifiers': 16384}, '#text': 1003}",dc.danglingtree.htb,Microsoft-Windows-Security-SPP,Application,162,4,,,,,,,,,,,,,,,,,,,,,,,,55c92734-d682-4d71-983e-d6ec3f16059f,"
1: 753c53a2-4274-4339-8c2e-f66c0b9646c5, 1, 1 [(0 )(1 )(2 )(3 [0x00000000, 0, 1], [(?)( 1 0x00000000)( 6 0x00000000 10 14380)(?)(?)(?)( 10 0x00000000 msft:rm/algorithm/flags/1.0)(?)])]

",,,,,,,,,,,,,,,,,,,,,,,,,,,,,,,,,,,,,,,,,,,,,,,,,,,,,,,,,,,,,,,,,,,,,,,,,,,,,,,,,,,,,,,
2026-03-26T05:35:47.007797Z,"{'#attributes': {'Qualifiers': 49152}, '#text': 8198}",dc.danglingtree.htb,Microsoft-Windows-Security-SPP,Application,163,2,,,,,,,,,,,,,,,,,,,,,,,,hr=0x8007139F,RuleId=31e71c49-8da7-4a2f-ad92-45d98a1c79ba;Action=AutoActivate;AppId=55c92734-d682-4d71-983e-d6ec3f16059f;SkuId=753c53a2-4274-4339-8c2e-f66c0b9646c5;NotificationInterval=1440;Trigger=NetworkAvailable,,,,,,,,,,,,,,,,,,,,,,,,,,,,,,,,,,,,,,,,,,,,,,,,,,,,,,,,,,,,,,,,,,,,,,,,,,,,,,,,,,,,,,,
2026-03-26T05:37:01.469654Z,"{'#attributes': {'Qualifiers': 0}, '#text': 0}",dc.danglingtree.htb,edgeupdate,Application,164,4,,,,,,,,,,,,,,,,,,,,,,,Service stopped,,,,,,,,,,,,,,,,,,,,,,,,,,,,,,,,,,,,,,,,,,,,,,,,,,,,,,,,,,,,,,,,,,,,,,,,,,,,,,,,,,,,,,,,,
2026-03-26T05:37:25.564237Z,"{'#attributes': {'Qualifiers': 32768}, '#text': 6003}",dc.danglingtree.htb,Microsoft-Windows-Winlogon,Application,165,4,,,,,,,,,,D9060000,,,,,,,,,,,,,SessionEnv,,,,,,,,,,,,,,,,,,,,,,,,,,,,,,,,,,,,,,,,,,,,,,,,,,,,,,,,,,,,,,,,,,,,,,,,,,,,,,,,,,,,,,,,,
2026-03-26T05:37:25.852576Z,"{'#attributes': {'Qualifiers': 32768}, '#text': 6000}",dc.danglingtree.htb,Microsoft-Windows-Winlogon,Application,166,4,,,,,,,,,,D9060000,,,,,,,,,,,,,SessionEnv,,,,,,,,,,,,,,,,,,,,,,,,,,,,,,,,,,,,,,,,,,,,,,,,,,,,,,,,,,,,,,,,,,,,,,,,,,,,,,,,,,,,,,,,,
2026-03-26T05:37:26.338067Z,"{'#attributes': {'Qualifiers': 16384}, '#text': 16388}",dc.danglingtree.htb,Microsoft-Windows-Security-SPP,Application,167,4,,,,,,,,,,,,,,,,,,,,,,,,2026-03-26T05:37:26Z,2026-03-26T05:37:26Z,,,,,,,,,,,,,,,,,,,,,,,,,,,,,,,,,,,,,,,,,,,,,,,,,,,,,,,,,,,,,,,,,,,,,,,,,,,,,,,,,,,,,,,
2026-03-26T05:37:26.496644Z,"{'#attributes': {'Qualifiers': 16384}, '#text': 8230}",dc.danglingtree.htb,Microsoft-Windows-Security-SPP,Application,168,4,,,,,,,,,,,,,,,,,,,,,,,Security-SPP-Action-StateData (REG_SZ) =AppId=55c92734-d682-4d71-983e-d6ec3f16059f;GraceEndDate=2026/04/05:05:15:26;LastConsumptionReason=0x4004f00c;LastNotificationId=NeverActivated;LicenseState=SL_LICENSING_STATUS_IN_GRACE_PERIOD;PartialProductKey=7H9YG;ProductKeyType=Retail:TB:Eval;SkuId=753c53a2-4274-4339-8c2e-f66c0b9646c5;ruleId=31e71c49-8da7-4a2f-ad92-45d98a1c79ba;uxDifferentiator=TIMEBASED_EVAL,,,,,,,,,,,,,,,,,,,,,,,,,,,,,,,,,,,,,,,,,,,,,,,,,,,,,,,,,,,,,,,,,,,,,,,,,,,,,,,,,,,,,,,,,
2026-03-26T05:37:32.905175Z,"{'#attributes': {'Qualifiers': 16384}, '#text': 1003}",dc.danglingtree.htb,Microsoft-Windows-Security-SPP,Application,169,4,,,,,,,,,,,,,,,,,,,,,,,,55c92734-d682-4d71-983e-d6ec3f16059f,"
1: 753c53a2-4274-4339-8c2e-f66c0b9646c5, 1, 1 [(0 )(1 )(2 )(3 [0x00000000, 0, 1], [(?)( 1 0x00000000)( 6 0x00000000 10 14378)(?)(?)(?)( 10 0x00000000 msft:rm/algorithm/flags/1.0)(?)])]

",,,,,,,,,,,,,,,,,,,,,,,,,,,,,,,,,,,,,,,,,,,,,,,,,,,,,,,,,,,,,,,,,,,,,,,,,,,,,,,,,,,,,,,
2026-03-26T05:37:37.713502Z,"{'#attributes': {'Qualifiers': 49152}, '#text': 8200}",dc.danglingtree.htb,Microsoft-Windows-Security-SPP,Application,170,2,,,,,,,,,,,,,,,,,,,,,,,,hr=0x80072EE7,"00010001(0x00000000, 22:37:26:665 - https://activation-v2.sls.microsoft.com/SLActivateProduct/SLActivateProduct.asmx?configextension=Retail)
00020001(0x00000000, 22:37:26:667)
00030001(0x00000000, 22:37:26:671 - https://activation-v2.sls.microsoft.com)
00030002(0x00000000, 22:37:26:671 - 0)
00040001(0x00000000, 22:37:26:671 - https://activation-v2.sls.microsoft.com)
00040002(0x00000000, 22:37:26:671 - 1, <NULL>, <NULL>, <NULL>)
00050002(0x80072F94, 22:37:26:673 - 0, 1)
00040006(0x00000001, 22:37:26:673 - 0, https://activation-v2.sls.microsoft.com, <N/A>, <N/A>)
00020005(0x00000000, 22:37:26:673 - 0)
00020008(0x80072EE7, 22:37:37:709 - SOAPAction: ""http://microsoft.com/SL/ProductActivationService/IssueToken""
Content-Type: text/xml; charset=utf-8
, <soap:Envelope xmlns:soap=""http://schemas.xmlsoap.org/soap/envelope/"" xmlns:xsi=""http://www.w3.org/2001/XMLSchema-instance"" xmlns:xsd=""http://www.w3.org/2001/XMLSchema"" xmlns:soapenc=""http://schemas.xmlsoap.org/soap/encoding/""><soap:Body><RequestSecurityToken xmlns=""http://schemas.xmlsoap.org/ws/2004/04/security/trust""><TokenType>ProductActivation</TokenType><RequestType>http://schemas.xmlsoap.org/ws/2004/04/security/trust/Issue</RequestType><UseKey><Values xmlns:q1=""http://schemas.xmlsoap.org/ws/2004/04/security/trust"" soapenc:arrayType=""q1:TokenEntry[1]""><TokenEntry><Name>PublishLicense</Name><Value>utF6HP4/vNlE1tOCxHG0yOcW4OPyROf4/7qCI+trKaL746+1TIafdUB4vNSh69vbxUNxpQjdA2mKTKQyQeX49MLrcp+JuNER8nsq1GJiXdipSco+wmpRuxfuO28lCFuDkMw6yyWsJR32fw7IbqZUC/scL3othJr3J9BBu3EO9sPXjsdMbLVDWgAnKqGUJRyrYnd9xdDXBcm4Fz7fPfONEc8IJwPidVSFss4EsHLMKixW8Hl4oLxSoc1n41qOlrwkaAzqEyB5IOKBjVTBIHGkcmLLdjLr405/kkuOtbuyfA3jY12i4B9UsBA8Ncqwy7+RcMHtxHAsabwTB9dZM6peSVW24/CVlxQvRBxMK32f+p1fIYTnFb7XwoTsuYavI/ZCg/cqx67g4Yj67Cj397BvynUXk2ADxV6hGWmI/Al0CL1Dk+LPQFPXVVAO5PZNEt43BoF7mSBefxQo3eKZJWUrTg85ghIW8b8oA1OYthjY0mpW2113ArJT3Djzc+9iq++5CBS+bg7B0ZhkfKlU5kwWtpJIOnFDVCTJ2f+iEEY5tmlinNuJZCfVPx+/MVNcgjg2DClHNPyAZyr17pY23mCQk5+rU//CLrJjNC1K73fiLAXax/E/voFQ5eiICxdGjj3sFnJooWkFdJCvBkGQymwyEcnnY03XppSFAQXFPuv7i7miHe01fAAevP7Xt7BFwnw9p4rXo4/iRP4Iiuub0Cb23ZcAoIX1HXSR6Vmhpr3D1DO7BTgmAIVt3S58jcQN40osoPBLmbRhlLWnmPYLUXVNj5MDo8zr//Q/ydWc1q1Uj0fWiEtVEosUsk3ivl3HrhKe6hg5t+NlVxfeJyWLd16BPCJmYBmaNap6cSpmzMeggWGK2E8DBVKfdD9eP6Rs4tlifToFOdJaVaPkPDHX53CN6ofHMkCUrOyyUuViblUap0MvgJhIZ+uWpCPU2j87/TyQBtSIecQ5oX9ugGnVyGiM0ZRixpziy0GQLkUzcGuIANiuf4oe9IDqKSlQBCfd/Thsf7yQcxyTKu5/+4eRnFHS783SUFsfUs6WgnH4g6xR6d5ZcnmFIL2TYAOyMb2QiJv2NPoZ/jzBpP6e7Jd+UnQutlh6+bPGs3GicYEU4lZa4FWzhqmn5DSfqn6FetuEV9MahaCAM4/YZuM1pq6KXwGnHGEl50VgV5wKHQWjYFjSSdRkmP/cmvw35gxKEm3nAmZwQlT9fAXR5jm/vrDn/iUjIWgrb4iV107b7/dr2euUT0gBP6THFydSD6kzXt39NUwv0Cprp9UZEe5ADAYCGpsUHdJCO3FYh3zMcp47Q51cZsdHZje3aQtjhMhrMJSEWu1V/TgXwvGHOLVJDgSTncTvcmFSILn5nDfkmbpjBCbR7RfM4WFqkUsDBPOMl74YlNPWcsAU5jmDrgQdUxJZEwQF19yGG9vVOEBnlLDUP+6BimFJk5MRtUrFV77XyDaJLGbgK54HQWW6IgexnqzqhzspHwF8y0hfER2ioLrv3uiZprTgr70i5CZysF/38W3UgTwrtSfc2VEEHtR9/lepWIAG8ucm9aXTs+ieKCyXL/bVAICh0DCLCi1PirIDadx5+e04qSzxq96dt7biKvyIA7psQpOROat4aKjuxehomX1k1mPUJKugl0pU5IzRNLLywQUUeQPhI493jXE9aXtMofIVka4+wqbGERDatNZQkmUhwNuGOdtLBzMZHT75n15dlG2ZJXve8pZx/9IvNVZgofD6xIoWFTwx9VjOQx3wyJcF2RM0CAmx1KLDuSkbLBtvRUGnUqRczPNG01aD1o1BeLY5KxX52DGfUKRQt0wssI1bHeCBtB+MU9dFT01p+FR++X6VgJdhepDIP/K8kiS/I6ibYqgcs4GM914Cxbo2TOzP07rnkeaxPfDv4G+Zzryv63Oe2mb3jtY4Dyhjf7+Dp47kdk4S/2RHryA63jBv7d5U4Ij02uT9K2QxngskPxjZ3NBYNh4uxGnZhYZbl05Glx/97S/xJ82MLJ4omI4fA0MSjppbQirp1HBv/C5eAFwxuGCb4/7RLvVf4vQfsbMTVxJkdQHNlD4A3hzq3v299OYQIDy3pBMXwkTwGiDd8bwvSHAJ3G/UA1kJ1uWNbgO9JS2GCe97L40IfrGcWmf0IzEB7OT4ByK4Q678Jtlbi3Ru3G+08Ftsh7HP0F6H05l+eIRt5jrdEVsKX+Cgr6G/a5MEdfnM5Z6XXYKZ4Qyy1cbCFoEtU+9nNQhaF3NHJxWcPyx0G2g9DyUXqTJufgC9nG3sQEbsSmEUsWslYBHbqsEfGgGVG0YJwSRbrO8thxe6JmUP48K4rET7y0Ope6L2rMjG2t8+NwqQQZA9sZvtAAyjHd3eV4afNeWV71rj0r2LgIm5ttOTjF9o1uaaTcCNTYut+RreoDEqnkL7M/aqvphrefK1La1hIyRngksA/QwZiZI23FzUse+VmSSiFmthn1I5fCEjNBMIm+RQd+ZxN20XQYr3/93deKlLTIbM2p22jy1rIH5NlziEJLqzLHDuU9FC+4NG+uElwmiMH9EMBK+c5VjNVeT0TMSJmOxhT4D0ZqfCHPcqOp2zPAgmYK9sLG7RjdohGtGVf13ISpmgIqUbmqbKXlnfs+7vqYdN+UYtiZAgASbWNu1Uh30EpE8NiseJgqF0gIYoBqG3fHvpzjcvKfoUUJj49UFY3VqUM0y/vPaavYFtAia6KMU9sGxhBbvsyTxWifn4sb82H+nwWT6tqrUVYtAfEravFjymd2TROhD4iAXFx0r65FDg9fdtGyeQlV+1qQ6Xgg3NwydxsSwiKW5GD9yg4qLvbR9/FvNsktgirSPBwVZqachx7sBUZ9T8M59GGEMSxyxM8S4Enep/q/f02LpMVhUVIurzyAhiZZcsgfh6GkkBNB3em450sjB+O2s2tjs57myNWWXopaApTwwuKAUvzWJbtWvaHFxWPtnqOhCBJ6b7YkFUrabnmVoBeMDxeNkcqMFTygGsTLdEUPRF6m++W4jGgItGEfNj5I9M1bRxuX938kscek5/7RtN4L8HiuqB2dzGclqGCCZcyr0uj5KziwHt6c7rijpLG7tsj/5+Lkfk2obh4py2VPojKavtgReaBTsle/zGtM++0ZPR8nPvLZvpIlcPzT5BzFTjMqhu5hURrS362SbqV69ca7Kr9JHFzP02k0I+heaElJyCJZPqdrRdsqy5gUInn4v2HQ6FvwmJ+H+b39RdERD8gw3w8FxjFyohQ+ILSZjy0uKNyCJlfkdXQN2gJVhiTiuQb4uVbSVL8NimCfp+r9KzF9ECui2lB5zF6fuzdi8Rb5THUMimZdusAxNcqeIg9/LCQF0G3GU6Il1kQquKnsQ75VlGeVYMd6GbkHUHZHYZcyE525joybCVQNNHLkkTjFAUoNzUsjBtPqC1/k55nPtpN2xVs/XK3Qr+4PLWAOtWHsN0GVrNEpdXDrAiKI/HN6NNnUO5fB+TcSpBUwynv3YbU20OSuZDSASPoZrVvdRjsYlKfovavMK72VN4dyMUZNCGJ2UG31g7SIQ+O7hj2UyRgTGXdyz1jQ2oc/cWJHkSxNv2nggwS2xlT/L+tM3Sh5CSTzBJixQTKLxbJ3gifVV8YbG4SrosRvycewNrzBIWYeP7efmL1Im3o/itpO6yL5eSgwb4eu8dx29ZpCR4b6gKc/9Hvncq9ze+Fn+hCfKqzler5zVyL9qm2Dqudtt0g59QIdphqX0p2xC3ENj9iuWv/Bm4st2BiR7IBVrGmNfvnbqry6O/RsSFjHG97vRPCj6rK2pRoc5kflw9Q6gbOZGARYGPK6kb/WqgMnfzGZFD5GLYZw62dOfA7LAzhuU2fEpbWSuJ0Y6PZll/507W1H5DY2h6AGlthgVg1YrHLCYt1a23J6APH4BQwCJZwfz3+2gfa4hjV5cFdnWMUS3vyc6qvM/P1vdPnTnMgY5LdRtBRI+2T9LRNjDFfVN2ZTLMvuNIoQUM0Rhn0TKo2SgkyqshswuuH1FuYerxkBdJjT3LxeaBFRhznTgrE9B5E40ZbLTzPbu9HbiKDae8EbIS5herlc5c+74HS9q/ZaRDkmcctPmCgEzbqF6hDQbulsROnU7Vp55/DeET2G3EHuO9kpczLmhrM42QwVEVLpcgnuoCSH2FOc48OaMSh/h6Y8GdlhAgyY2bFZ939ydtIGU7HyXAiLrr5Sm5icbrsCiC8yF/7t5fPmZRI9YK1bnaj4dkSSNYBvQl1ZoXFKNvdf8js9EN3ot7b2UuSmd1uHKJ7GGcNSHrX151MaxtH40ESHWmn48ep3+/OcJkBol8g8hemsi1/JdcmY+eTJh1EZD3WmXTtQUkBsnU5lzAUDKqsltC++hZLdQqgN7tHsswcD1yqgh97LVDfYWAL20q80HQHs37HQ0QdPJmGeA1cYDRtBhhhv6c31p2jLEO1ww28nuGsHH+yEOo7SvkWJbGzGBWZ1OcEiihrWvI4XSoRHdYctUFzCCOWViD9B/bmVH0HQPJIbkqs2Z0nST+1mbBxGplAF9l6cWlYOfL2zJIyOAIEP6M3AIVpkFLJiKaE9YxSluyY59BDMqki6KQMEWpl4EnE2or/YmhX9PaGI/PitnM0BdZ//kX2a+eXq5/chCDjn9nY22+oyCO3WfxV89X7mUNI8WPXWBs3dy5x4scrVEuKhYOrQY41J/fLzvejV3fl/HbvQmrimP5eV4aP3IxRd5KsuSgCHGILsc0PDpdTSjeIFyGoxVTTUulT47Hmwr7/HkI3k3TDXNBl1Tv37j8Jf2939eDOG0FyayQB7QYxr11HraeBb5ryxyKEsnjd6gJrgbOG7Fs3PVDD8No5O5ZlPXAQmwVo7ZBsSQ11Hq8QAEn0CRGyz19wZpWkTkrsO04jvicsIxNwsN/Y5AqK2k8z1ZiSHikmKnK49W+UysW9phNn+djElT9KFoaPoQFxBQo3GkM/bU9T3k3J11v3anA3a/Z7Rjf4uK5W4de+PqP23qyICKDZBiA2eWKfLwuTJiD91BO9V87g4342zkT4OnJxflNfiMF2ollAh1NLRorj+6YFL8SvM9cH52qxokT99VSkP1LMPezYITC3ggOklfb0HtQZ0CkZs0qB6psHiIfCz6jSYiqLEa0TLOGhZKxd7rhifWCW7pULsV+5FVN4MI0E7iJpeGAyLRxLCTjMVtxEqwfEK51RzAbhcl8tFt3ExAlERsklL4H9PuD9WgCjpBmLpUnTS/xoIXkPtaoL/VLXD4EuUV0CLySDpz24HV7Vcquo56SeqTUlPElxWdnC6PaUdLDvKy+0SIs6E3KccL6AN6bYUpt3WPwWesmuqNhDS+HSmflKYf9o22L11hgYA7EvQkkYHhs27/saIAeieJtNeL2ArEvUd7gqPy3eWBaCgycmwD1fdzBXAZnxftZaw+6KoYxFzEND+X+6apYT8uRUIvM6xY2j8brEANXyMcMSxSoW7QD7PSd0FGLQ3jherZGj02W5LXFiR9kFMqechKaXQoBPe758UXRJYvXxTVrMWEmFfGbuhUo+qALV+gZFXlcDlfwKtHYLpWki1mFnFCcraNbXwZHSChXVrF3MwOFBiapeTWRUY8kzpNj7n8rnnnINOe3b95YA1lP7sLk3YHuK5Qmt2PfteWsnZtaRaXZUKUAR2V2cPVlL+cyX50f9MVFFrel/haPvbDKWCfAyfLe5F9gw+vB692IyqQLQTLgYD0FydLY27irHTgxth7C5DX5XoSeJMkbynAOjSGN1cWbJFsTyadvu+6OK+N2yVDHKojSj0FYK+2FMtipbcii4NOk7+wx8YrojqllUI99J9xscgjFkZnGhrToy4MkdbDAF1LZXWgrx58dZpZO37GdnqfdRVfFPcSHey5VYc92RTcawAkbe81JmhVHbztcIzg30dwIHaMHrZtDe/Vs4S8PwJUzUffZtAC/xeDYaNT7InGpu8Xig+kxpyNcte/gryr7PYhnSDp6Gu84dhRlOCPNDwRjrvs4kmsfsdApKwQLTt2r36y8tiZ0pvB/qH1lc7MhFp0IBgQOsT7x+nTWeKx3Mes9uaGkH8jylg5wugMP8Rot/gK0kkB2q3dYnQdVBSnywZOAD2l3U/35lz+WkVJRERrn0Dsc9hYsIE3vxfgbkFx3jk6HBpdXE6NtltTq9Q0Z4YlSt6ustGb3G28EqhTXFXAVEgGVPrJ1mEIOyxCdO0yBB3vH0YaLya49519vwEEdr2T4ZJXyuTyFAj7jMTLFVHYC5Dj3usXWGbKnz7zO+3D36e/HCFmm8/NOLPDwOGKnmtPulWJiGihEu4KkzVW2UwlVvLC/7+55n9pckVYlh7wJbGjBj5zq4WDO/I3WhAFA/ksqouKQ+ivGS3XDJEESjPyEqViYSsA3GWjAEoSLMlj1+de2A6/vEvOp/WjLWYRxGx5yh7wgqy6S0dOyACQwCBVgvQe0FqiN9COIzYGnSRZI0xNrm0tjA/1YqjMYNn4NHGOzVAIDYgsRxkaY70PanzJP9Dv1ZvbYx9VnjsLlQKZ4DawfipSqzBeaE+Dj3I1DE6f1bc0qF1F63QXv8QA4pvFKxZfcQas9oWYCqLlFaUK/HhF+7TV3w6qUIOI3Lp6bBSDPj+kpNimQutRLkg07eK5pft/NCO3dRVpLXNYjTwqHEI083bx8VrbRfqH7O993KDaDfB3zbhfefzSCwmIOH/Re9TPXZHbdEqu7llLf24yRBxhYjCuysHKqIMke2Noti4nHwvUpV2fCsBe4c6PNhZDJpnnW2kWQkxYZYQ7Vz+8BM+WeUdznw7nQgElnI8UHnD6bzvBqKFg4AkCVstg2sfNfNOGgkGRoosRrLrVjBmnEzEpgE3tlMkOnuLtc6tyjOR00HNZTlW0eZejZypak0F9IIXPgef9xxw3XMZiIIAgUWEfrEx71X9Bk4DxXOwl8lHbCfCXf9m7ln1ew6v70mg8Zmhx9IdX4i0iXfmeqcGIOqEXVqO850wX53OBs+uyrcCeNpbaYuISHVdRu+jx3q6Jj5nKRE3K4RdEP1oZvXBLLt9uA0PliblfRKVUVOTvoacxIMlzyht/kGnzoYNjS/JtyHJ6iO/TyNjw8c8h8pW59so3e3t4Nnj4scEYzk8TWdONq4OGxLOP6ijaRFvd5svUIjGhVMOmGKO3rxF8EIAoLAxpUCjD30ewrYp6sBFw++VBZZX8zX27M4JX2tKcV3hByT/tU70LKi/woXHxCrebQXFfkNbJa8Xp65hZBlP1smTd0/0ZZT+JHbMij1q/NxqBIymEOKSd/kwA0QVGXDSTeL1UGfsYDxicxjEJ7mITQHrLh3aC4WYSX8yyZYMlcgWJZJRfMLNjmlWTLVTK02k2EmoSnKlNCNnyS6sLpzRqAOMkVn5RHAedoDrC3xjAOIbSKRAl48OGvpjqCERuhoDGXeq664ruD8zAaZoPvDBXHFmJovKzcrZ2ZCHlLaGULNm+1qmh4EXA7MZLIS6yXX7k6VipHqrb1Rtc8wfHDU4soxHxtWRVPseZ25LUQZx9+2UyBBVfddv3KEYmYvbMj36tyVvO1uTN7VGpBV7DAuLEx3OD4ZVkVK8BC+I1MsF1M8mIZD0b7E52+vVxOc3GPsLj7huoAS+G0i6XGsdFsuL8gNn38KZVWmxx/wJ9CzR9nrktA+2i9f2jFiUBD84fVqfPlRwp61EuDpjznOJhbALhwx42e56392fRr4T5C2T4nvmvttxlIQfC53fTOL2ZCcXxLBfH54yJFYrpWVP2rObmGrI2+fs5AQoDnQrweq9vsbDVYzVZ79Kzc57RT5P5mKiLe4GzY/d/DQUP2A6LxC1ghJJvg3U1nxWR06liCM1Lte/kYAQehs/BOh9nVMKxnMoEnjDSUJxit5gezY8eox36qBltbzJz2ZBjRAd5Tpx778YytxbOzB1hfgg8Xjw6h0eRcle61eEBPFxhrtLZp2NNoW8Wgxhex4LUrqZROHYuVm0i0gVKVKS79CLgdn9evGJMWzEBMD+Xd1ubZPq08PwnsCEnhM8427WDkEQL04vN9Uexpw9JN5VYJPzrHYHo8ik5Iwypfvz1Mn1hp2R5sEBcYe/A4v8uxmYZmlpyegtVD+4M7ARMUiuAq2DrKwLnX2rYrnl55dyKAg3nwa/GJSrUuWFDLDA2M312SyIhdkNHBLYYMskd7rbwob4ZEXXNMzobrEifAdD3DnZyn2A1Rdo+Zs0o7xTgEjAA6LsJVYkGCMmk8trAceCcE0pXZ4qi47Oj8FOKG0RxVXxM9aA793kzOp05xkhZBryi48po3bXWGHWRkW0hR1bcfW7Ml8ix5b1ZjVRml9J9XT4/n48KUVE2c8FB0H2g6i6FSYr2Ie4idn4SyDRSFYSg/eI78EBgpmjbVGdcT81x6iTp78PFcuTv4yathuwRG8OipqS/GcKF/7bQawlGu6EOj+pNdNry9k8wndneKdeyHamxDkiX2fA19b8Q1v7BOQ0iF7zXbNZMI6rSaCkpDdQIynsaupJLiwlAnL3XbRa8BwPEtjJbUxwqWjcbLvP66lvAUzTq9cIEeHYXBwXySdyxbgsA+RU1e3/ftvulhdfbj5iykX07PFGJ1pqt7hifdZvldEDXxs7YwdHX4s4yAZ/FZ8l+XPghvRHHlM0Idgfya1wgGp0X7xzzUSwMx8pEPVLql8TZZDrKbkw13zFCzkuoPebMLYDodD5a/0Wqet+se6AXm7/9A/m3hmEc12PdFH8oTHtEXfCCKVuy16gftqBpY71vki1241FVWUIXzZVZv7pbX12s4JlIy/KlChfyNG0q7h4RAHhVoQtr0rBixoDIV0rLhmX8mdPT5JvXhRXp1DKKY80I513zciluElQ34K8wWPYn6mtdr+nfiIRSTLyKbjQHdrlz+PWwVU28PInG7ZAAlC/KIhFpZM4aAmV/wmSmWpIvqNsO862Lk+HRl4fdvDpeA7ledGyKHicQcMOxW6Nt5+DunGDJa1assbBTBspFw4urAM5KAf08Yd1TXgy6/yNNalCo7K2Wiqv6zYE2WeE271UhUInLWBIF8nXusZeqYzP1pp2YVdYxVt822ygMz2kxrCqrw3iNhlbWL+7bTYCG20Q/byKpjvZ8X9EoDzzG+vpKcoTfd4lUqEd2TIN93i+V3rQ6lt5dly3acB2GE+jrOiEQ2Wu/wqXBip1pEnfdBxlyreUiTITUB8wZVMHJgK0PF8vbokTXdEZPvOKGl8vI982A806BFm9Sde37sOvepN5qwG4Bzbd6PjX+G0lNDz/xRXCSWB//NvPl8qrvq8ed893NATAxwYIk7VONJRecnMoycmPmidMd1N4Bq1g3tuAOnwGCVoUqX+LmT+KvHmg7V3CqBvHQ4+BWC4nFEpS/q3jQFUT2/H/cdGed9T6ShBnp/N4wsQVBHJOqjQJVpAo/plztWX4E1b5qRqv62DA3dSjbXZq2o7/ThepjRSW6ItNNNqCz7LpKBdwcahGdFm24aR8BTckUfdugKcChn1zKLfsiDP6z6KzVkPNIfp+T+RYwY/PsCrzkXdO4cFwjKx/FF3Q1dX9CfD07UtorcbxR/pxY511YgjdV1tS90bLSOe4wByh/yfbxNZnn+jh+PwB44Zg1qxL0ILsI7Ji3YvSfCniFHbc8effPcEPrHgShZH7fXXt7c7wC+bLzeroRyDq/QzxYp/ljLYMn0bkuL/PPBcHWyH0M7kK0NzSDa5/Xp71hKB42irUIDxP8kM/6YK2TIVow+SUtTiE5ifFJ9a0Fj7yBF5o031Jyw8DI84ZWO6+2CQY8TeeGnplnyOPDIwMMGnDeVv1YxMzVvsblo+R2kUfspe0CvBCm/h5JHBV+4KwSd09eyMPn34kf87EEfaxhzsG7ailGTqZPwKFn2hCvKBqPe2+i4YVrfKNeMjKrxPsaDtCX4vgwNBIPX1LC80iyTkSI21NfBsIjHyRxR9w5poDlLNKs2dTNqAPLWvyAvh1zPD4rvObpqeXgO2bW3vc29Cfz6+MOYAc3sAugBF+4v/JLo85lKycl9PWi/9CRs0q5vwvbfkG72iPqWIJlHsXkVjQF+z5XoCPE6sPN4x7VnJKnkHEa2cuQelU23HFRzTUV06FEdNUvJhMz+Q6NkAvZvAVE5zvLRGM1akWQpdF+Gt7uSWaHPlS3QA+7nkhkt2pQca/zIvr52lU45wef55uDqsDALc+w8HAEgYy2/ZmohdS0FdlE0jFx/PuqgCGBH/YExqCCAFXew42pelxAwdK4eJ1JAeKVNvQWBQJEu+B1vPmYmIhvVFrTamTDL3ismlo2fbTcJxciVh2KmlQ8Vye13xO08UspI+oDI2XLDZNseFPS3fHThixtS4VmybnI+YacZHSqPAHpL3p8rrEL21u2nOPol2KurvvIByHjpfH97U5XuKbrIB9M1KCKdIxVUJSJSTOXuNLFW+Sm47CrAKX1lUpMW90x6FDb0eUXRPIcDtzWMCUd5BTnfdR26HExKA+8WQfO698i7+Le20NJKCc57mwAoF2oGkAlzypyfXTwov/z1eXFgQpQpT4dYusgr6YKFjKod51LNuFFR3TCW3YinFhdWRnFnamKwF80WpFKAmSnlJryYDFUZMlvV0W7vbODSZS8dQ5FcR0DeV0jhIOdfUTSWIao6HqDFwiaCCNMysP3K+oAHnyBGk4aHd3ylaI26N8X6T2QyvLPwgQVvbpPIYgwlwgWJy/WhJhq8QC6M5D5jVFV+IveJOr5rGY/lJ+EYDgDWwjlzRdmowFInfZ1P9NxbyfrVNnksCsp6Gu6YtuVilW6zNKen5c0kegPgcSg97ZN9Qm+9UMuRgR+LCqwuQH8xBxT8u1ai4a6xpEoTEqkpgJ7YIl3B1VnEK3fBJJHhfhAQQnzqMcq7k35sIxwkg/Lcgp4+iRXwBeFqYfACTDc8VM+toqxZLzrnqeTZ5Gs9YnG1Y5Zu5yX8Cj5QCcMtpGhqCfIZYsTLkI+4qXGr6ckKxxNln0F9Z7DvlsJ0Uso4YSanOmWdQcRS45uacpMfOq5etKMkNz4/NwBsrTQeefTQN5HzrjS3Rk9YEuhudeUqQ1oMxehTRIxPmTILrKO6bwOCdVXMSm/5yFtpQboqwetpg6ZwfmH3qtZ2Kfz26pa4N6SKHVyAxmlV1mDB5msDXdtV08okdv3e0m3gCuzmWLzh8pAPyD5fqKRgYW3J61+/z/74cteIJ/53gj/O3KkhF7PKpi4qOohl+1Izz0NJkT3hxyXMoGhTgNGom667wAoc1VfjOQ10zhJBORhXsNrshejDZXaLuTImTBhfD13fSrb//tVb5E8IQqvViMCr9BSNxUGafJ1FlLsgvkWPn9XbYzdoRnpvNE+jObSepD08Q2YrnAAufnU22w5MIlzzd1i1q+k2ltsqcOxSHXVfp71sI7fIlJfSAOht3LNF3FD4BbETMIFCnwFUpLYHOgu3QNXNrPNDP+BtbYsOIweFtsCLY7JKUY9J9893UI98g70iV3IAfye2agHwukeOIASdnfXsuepxw5nV3AveePIEgqmsrynFMfr2W6qdP9ljGQmiAybbJ2K3Jpsp+b3Twe84IPGjFPyY1wwl3QbXEG64ynb2YeSIyUK/Y5uK4K01WVpz8UNaCq4KguJF/gkHVVNIFq0lWK1DyL2f4rCREggKOk92M/9kGsKizoQWAsqhMa1WePIXiB4/MI1vswssIaY5FcY/cLT+KuGFvPMyuKPotxe94al+LBxff0Ae+vdEcK0T3YkIwpYHhs5KBQfmmIz184BQBdIlbqGiJSJQxKDAmkp3CQNTRGkmUhhEF59tRvZw80UFf6OaESAjwEYJ6kPLFiedKnvA1GXGV3AGfugcc3SYqigbzA3UfVvNC7FGoxGhTUhikoIMJl2Bp/SE5Oxjy47WqUywG7ibL5pqMIYPnhY1ddhBrLAh5wJPiaLv4BqV89uX6FUwb8ZB8fOBMP0agE+kBXCRWPzlc9NKhKCCbO9JnbX3xIV3JdyIOidFhtymfca4luXT20IlxI6hOVswymouBT2TyL6c/2P9gFeHaTyUyRBwJ1uQcugznP09lhn/2HPiUrvXiISyBmoWnVBPBiUg0PnbGQz7weTP7lKsQLDB5zQUKGCL8LQ5QMbQwlYbm9atixa40wMteSTMfDj7oCRIcFkDXw+3uKbVaOS8vEN1XqiZ3i25xp/9m0Nr9EJoaMPidu2NoLBKuq++orxAW2VGdYvxWItxS9Kmhepg/ww98g8ttKfzTGbyzAZdlwfGIOaq/7dK9FMmJhAT58OXKR5SUOTgzHlHvQjDwF8awAnNjbZqKSmPU2nJFUrekY0empCOGmxaYzrTweT7wTr7DYzO5YtTOmkqeuiKJdWYWQvIc8oyv4ZUkshsGkyhkhDUW7ngMnOhaVxIIjTruXtZd+0qhIS6Sce01pmDT8GQe1GISBhCtP+dBQObS9LGC8EjdETRkWazLhfyIZaaWYBw1c2SsTf8yDtWOzlZT2UwwWiVmVjGZT79t13Ml1iDeHAnAW8YKbXphK7piDB7rwWfPrR9bULXQ5Q0QtiG6g8IYVPeyWYKM1CZSTZvCLy1mp6vuFiifly1ZLudrm9SX/GqFOf0Fyctjp354r/jTU6b/CfIuoZSGbAkGdjtjKQJva2R7BEMpy4t7XKEcN2Zo8iPlO8lqIWk/Ltdw7YjJxYuRz3SV8DgE/Qkgo271PKxXrHLsYcwO4nVhyDyZkXZ9G2s5TBoeRYPG+Pp1KKkZZKwFr18wm38p/9Vw/tKqtohskXFbmjTDwxUJJvsly1D6i+4UubbjrEGTaoxjAa5T1ILpx7JaEdeL24/IkXd86lDkFhYYcTVYaF3On+sXAEGj1nEi+vpb5xoPLAfxifwpYe9XUyuF1T09ARtuVFFpnczVuV92bXz/CedlCIJpeVL9zzdoUY2uZ2wfd9W3QEPyusHBV3L2u2rWOP8tXF3Wr3TvbAGLj5HcISEkOp8iyTgbUMB98ZYxs/MZ5d+Zavyt6BH/kHbsAYkZxrdhIeFMWCu0R/+oMLZhl2g05F34+I0imaLZVZUJPtg4wCpJi5qkD43JeEsI2t0SH2ym+XB3g++nuMCe3j4HjUOUI7STsErYq3vJZ/8NyleBmelKZvmQ1FElMaKtytb9/zQBDut9gkUmnjFGgShHgYNCPFkWGnCQMHwTE3vsXQEjodTVsfhPIkgPWgWlOsoHPooiiuXY2jKLCQ4fEeDw7uygTDxZzg1NX5SOn0Wx2AIp1vcyYDGwk0Jx3obBJDA4Cj6U119lhTmEXiM5EHRhrWpuufEGiqnPTf7ueU/SxnbymkbXsi+2k4StS0LqBjS2rlM4L4eXFJl61Tyj0WOke8SCNh0H0qJwsmPc/We2Dg7zXrhoyJcc0xkMd6V4n9q/Qea/ONw9kX6y6nQ5U3oGXzp3ezT51JTuIPbQE9DsHf6/cMCsjKyNa+6+6Mo9poqPyggoV/LVDsvE6cTYgRm7zgWlQATA1j5ihhYoXnJTCEHifjgoSQ2UCqjhdZ5PaVaJny/j8kNkw+0hL6c6d36BHx55TwPGVBfe5JBAEwxkSd9zFa9f8pBeTJMKsmOjLGcPUJoM9mvINAndxuRU4RUtu4aAvLLl6D1eSyg+qruQ9OUNoBXcTZIvA5SvkztSN5GkDiIt6P3dcJkNaoeYtqhdJ6qQQ2CCS3lXQ/u+vbYx/GayGGRcsK/c02lXIKePgptV4+VYmH3dpdbuPajNaanUSn4TcnBOxk+g8XeueW2EvGkqlIo2pTRmx9aTtFjZDuXzlg+pWJ6Vta0yWMhIxp52Dw+NsnykmnqudPVzX6zBQQFcPG/d0WJEutmAcKwQUaEkZYgxMs2yatW6BlK+s7hrsxxtEgIhSyxb7INWNCNSttHap/dmPwq7hyrIsAmp0d34R+eSDk4T0QFh++re7wnM2/a9bCNAddoJaxrqHJdpl01UUdoLTRy0eRuN6RnOmAhs34MHjL08JK3jt34Ij+dtZkZo813s2CUFJeMy5zGzSK4SO+Afega5SxzNCkWlsE58xwzQDssWHMR165MqIJDyebNPJ8MTgmhEQqAAoCFQEUHyCNlxHbMPw7+Tp9lfL+yM9tJIPVAo2j9foUoCZvQk5ulV8DWkU2PnbFdCEgo+qIlOghwd6WyFZcIIa/FW7XhW/SINimd/CRFJbH9T61tLk91s/x7cxH8m9AqsLmY4AWcTMZdGDb85XiF7ymaNMO3QbhfyMdJ2gvz0VQAAoeTVxpncHoSRb/2/ElraO+J8Lz4VMY0wGXUr+QryA/TR+5Z2GyhFfsmWVBj15lLgq/6O5iY2gC2kuDtbFNK00azogVy/aJui4tgmZ/Qq/9NnAQSZAS/Lbuk4eaj75uSx6HdlQzj4ig4rsndGWGXNm9+wPIZoyof6yn6np9a8X6G4ra5X9vY8f9fW+XPCyWH2k881N9TCnCzurfkvEP2rFAxVnkuaWWYQeKQR8Dtw/zwN7lu6BiRSTQ80mOGvwfFKHOAAZsiiANtsVMEd6D/pbomY1efvazoEk3rqq7ttdURfzrbPpzfHOHJpO/PZRB9X5oBnlBD52mujsbQNqjDWMVJ8eFJ6JkkkqjbdOIEohRFAO9kfQ4+GuQGlgv/pAgnP8ut28xbPXBlgY0XaZGZAJrV4LM3QgDSAgZk8JoiP3muh8S4EnDg/LDYPmAlmnQf0EGpbkm0Xxp9hbPifpjhx9Lz8xrvmrC2pGu0alrJzTk/HLVXudBUYcCrm1wLtxFs1QBD5UoDKgqfxXV1GJ9HozQwmTU/MvhOG47/KRJLsoX7eXLGnvwiG1ScXr2VvzSE/UVHrAVg5jatIsI19WWHHMfY5Q4497sKR37uCixG77C7ttHScgzJMWSVFt6ESTLJfjxet5G2ur6Jb+go+o3GCW9Wp8zWlTjDISBD08r+xUbp7lY2wBvMjE6TytYR8/OU3ZPXTHPfEukRaD6/4q0gA1PSgHeOpzlsClFd7DYELX++Nrwub/+EKCvT7MDUIvldrMHAIQrxGq7mC5R+MKAbO/KcdHmrvv5mU3yEohenR2OMuZ1Lb7EacDhg9ZvV1T5NE1FjIriXOR1/db5sCUp9wV7Y8fE8BHAlDCPUrxlQNCm2PMlj74wvqaaMTQyjFmvo7ZPe/C31XplbY8+SznKi0U0tBW9e80wOJi7g5SXJQUGc2HMOrLesZnEpM1gSXe1j+7cVwXqvTmEmJyMSdNOaA9s+UQS0tvLsUy3H1b8OQWaaZt9EZkUMjMMDedav+L95enTPZTV8lnoktWzPfbiMqu0CphJYoZ1hVWqN7nNBx36VTzf21G4AMU/V+30DImUvBOuSUiwnHDZFSFPn6srrokyVkm4XDAb+4XbLwU8bQEol7IhExAxkJIFSklM+YcYDXUkXLPQoO5GssDYwWhlpVIpxJfc/ahix0egEalt1nwEA4zULW6sX+Jg1gJX54KbPeuC0J5eblk0VFzoGgX/Cx1pWUrmy9piC2DU17zUACwM0GzXyC+hJN8XOAzTrOYaIRXRgUD/eawE+zUZoY2Q13NNlPHTfXHb247d2f3cWz5Sc0sNaHd3LLdZwQ7yECpgqJz+7TTyueCLR+lyoqjq7DG57Ghr1MxWMUBmqeqah47JcvlxOuvgtQWdSkXOJwaPV6JEysPiPiD+ZxBCyithb3HeJq7Mp9ux1QyNBMqIZ04isPqdh61MiA2L16Hm71Wld8TKHS2l2y5B+P+2FkU1hqAcN0FKAhyWO18oCeqqUAIY2ig==</Value></TokenEntry></Values></UseKey><Claims><Values xmlns:q1=""http://schemas.xmlsoap.org/ws/2004/04/security/trust"" soapenc:arrayType=""q1:TokenEntry[17]""><TokenEntry><Name>SessionKey</Name><Value>KTnIBjWA2DnHYJ059s3fhcqaaxEqGu6RBU9kctzRCbmvLYchNK+BVqUUMwOGhWiVjQijexgm5e8fPtgLHtCkr7O1IOyKyeRCymhgXUbF9IO9ZIA/TygfUfQgnGCJAOUadp4yTFxZFI5inOIY+8HV9UHxdv0sEYpVwDEx/xS63gfMEOkQVE4cDsP55B1CdrdKTlyrUvO2fiYwi5Ju4aPK/YjiGrUy4F5I4iPJ95zbk2/w/lAHGH+rco3hBQIDrkTyMktAy0J+n+fYBjz0WCUPQsQYJYpfQNurXwZelnhpOeelaziTiJ98Ellabw2QjoP4X+czhX9CdeQcY6QDoFrXxw==</Value></TokenEntry><TokenEntry><Name>BindingType</Name><Value>cTdOYUJJU8apUbUmlTEFD1BqBcwUhE0tI+fnpXaXkgg=</Value></TokenEntry><TokenEntry><Name>Binding</Name><Value>4Scl1EUK7ty5P0U4tTOYmK1f1tZczoS1pKTm9KvxoFDq0NJbjBXTD7DRcIcNRctLzNbXtPoPhA5ro/ylcqnDQu8I7gwaPYY6Bi7KdATSwec=</Value></TokenEntry><TokenEntry><Name>ProductKey</Name><Value>kVZ3id36h7RhLUByhznsasVvaX3TwNVUSaiUZ3nySh8=</Value></TokenEntry><TokenEntry><Name>ProductKeyType</Name><Value>cTdOYUJJU8apUbUmlTEFD1CLEHOcz+MEfcoUvE19b88=</Value></TokenEntry><TokenEntry><Name>ProductKeyActConfigId</Name><Value>7J1cnoR9oc4q5mJza1GBeU5WdxlWYRXErJ8KAMGvCVraiph9urfoaS05swmH33pHN/FeYB7AI2Ur4d3PI4G4fMlh62ISo8b/Ra37ooURuq4=</Value></TokenEntry><TokenEntry><Name>SppSvcVersion</Name><Value>IuJue+tpRv7C5S8z4DuIXg==</Value></TokenEntry><TokenEntry><Name>otherInfoPublic.licenseCategory</Name><Value>v6wgs8MfqXGNjAmBP10ZMO6HkPmOF+6E2nKDzAMcd04=</Value></TokenEntry><TokenEntry><Name>otherInfoPrivate.licenseCategory</Name><Value>v6wgs8MfqXGNjAmBP10ZMIg2ko2xfAtnnnIBpj09uQ8=</Value></TokenEntry><TokenEntry><Name>otherInfoPublic.sysprepAction</Name><Value>AzXr9dN0L0Jm183L27bVxg==</Value></TokenEntry><TokenEntry><Name>otherInfoPrivate.sysprepAction</Name><Value>AzXr9dN0L0Jm183L27bVxg==</Value></TokenEntry><TokenEntry><Name>ClientInformation</Name><Value>OpJKNbKXvlfG/PDdvbtVQRZn71g3nL4rcum5uIj1no8N50jbY0K9PCOFt2EdRD4WzrqC6K8F3How7VLn9hWCag==</Value></TokenEntry><TokenEntry><Name>ReferralInformation</Name><Value>ydPmGBf4CjX/In9ZlLxXWV8PRyWhWGNBjPpV8En5/mZ9p5G/UY9MhxgmcfF6559VUWOFPofDY4y0+3u3yJvO0w==</Value></TokenEntry><TokenEntry><Name>ClientSystemTime</Name><Value>vQOWCCGYke9iGC4aa09Q6NX2V4PrwN4IYIF30aZg3Rc=</Value></TokenEntry><TokenEntry><Name>ClientSystemTimeUtc</Name><Value>vQOWCCGYke9iGC4aa09Q6NX2V4PrwN4IYIF30aZg3Rc=</Value></TokenEntry><TokenEntry><Name>otherInfoPublic.secureStoreId</Name><Value>AB79UErCcaqb31Cdtb+YHGgYK2q4DMBtpAHNNeik04foIKODGr/8bcjKgLae0xmX</Value></TokenEntry><TokenEntry><Name>otherInfoPrivate.secureStoreId</Name><Value>AB79UErCcaqb31Cdtb+YHGgYK2q4DMBtpAHNNeik04foIKODGr/8bcjKgLae0xmX</Value></TokenEntry></Values></Claims></RequestSecurityToken></soap:Body></soap:Envelope>)
00010002(0x80072EE7, 22:37:37:712 - <NULL>)
00010003(0x80072EE7, 22:37:37:712)
",,,,,,,,,,,,,,,,,,,,,,,,,,,,,,,,,,,,,,,,,,,,,,,,,,,,,,,,,,,,,,,,,,,,,,,,,,,,,,,,,,,,,,,
