TimeGenerated,EventID,Computer,Provider,Channel,RecordID,Level,AnalysisSymbol,AppName,AppPath,AppTimeStamp,AppType,AppVersion,Applications_Application,Applications_Application_1,AttachedFiles,Binary,Bucket,BucketType,Buffer,BytesLeft,CA,CACertIdentifier,CACommonName,CabGuid,CabId,Context,DCName,DCSpecifier,Data_text,Data_text_0,Data_text_1,Data_text_2,Data_text_3,Data_text_4,Data_text_5,Data_text_6,Data_text_7,Data_text_8,Data_text_9,DisplayName,ErrorCode,ErrorMsg,ErrorString,EventName,ExceptionCode,ExeFileName,FaultingOffset,FullPath,HangType,HashedBucket,IntegratorReportId,LDAPPath,Library,MethodName,ModuleName,ModulePath,ModuleTimeStamp,ModuleVersion,Name,Namespace,Operation,OperationError,P1,P10,P2,P3,P4,P5,P6,P7,P8,P9,PackageFamily,PackageFullName,PackageRelativeAppId,Pid,PolicyModuleDescription,ProcessCreationTime,ProcessId,Reason,RebootReasons,Rechecking,RepairTriggerError,ReportId,ReportStatus,RequestId,Response,RmSessionId,ServerID,Service,StartTime,Status,StorePath,TSSessionId,TemplateName,TerminationTime,UTCStartTime,User,Version,WarningMessage,Win32Error,attributes_Name,attributes_xmlns,binaryData,binaryDataSize,nApplications,param1,param10,param11,param12,param2,param3,param4,param5,param6,param7,param8,param9
2026-03-26T05:15:12.458557Z,5615,WIN-N4R0DVP0PKP,Microsoft-Windows-WMI,Application,1,4,,,,,,,,,,,,,,,,,,,,,,,,,,,,,,,,,,,,,,,,,,,,,,,,,,,,,,,,,,,,,,,,,,,,,,,,,,,,,,,,,,,,,,,,,,,,,,,,,,,,,,,,,,,,,,,,
2026-03-26T05:15:12.824132Z,5617,WIN-N4R0DVP0PKP,Microsoft-Windows-WMI,Application,2,4,,,,,,,,,,,,,,,,,,,,,,,,,,,,,,,,,,,,,,,,,,,,,,,,,,,,,,,,,,,,,,,,,,,,,,,,,,,,,,,,,,,,,,,,,,,,,,,,,,,,,,,,,,,,,,,,
2026-03-26T05:15:26.814725Z,"{'#attributes': {'Qualifiers': 0}, '#text': 0}",WIN-N4R0DVP0PKP,edgeupdate,Application,3,4,,,,,,,,,,,,,,,,,,,,,,,Service stopped,,,,,,,,,,,,,,,,,,,,,,,,,,,,,,,,,,,,,,,,,,,,,,,,,,,,,,,,,,,,,,,,,,,,,,,,,,,,,,,,,,,,,,,,,
2026-03-26T05:15:25.826107Z,1531,WIN-N4R0DVP0PKP,Microsoft-Windows-User Profiles Service,Application,4,4,,,,,,,,,,,,,,,,,,,,,,,,,,,,,,,,,,,,,,,,,,,,,,,,,,,,,,,,,,,,,,,,,,,,,,,,,,,,,,,,,,,,,,,,,,,,,,,,,,,,,,,,,,,,,,,,
2026-03-26T05:15:59.899203Z,1532,WIN-N4R0DVP0PKP,Microsoft-Windows-User Profiles Service,Application,5,4,,,,,,,,,,,,,,,,,,,,,,,,,,,,,,,,,,,,,,,,,,,,,,,,,,,,,,,,,,,,,,,,,,,,,,,,,,,,,,,,,,,,,,,,,,,,,,,,,,,,,,,,,,,,,,,,
2026-03-26T05:16:33.600238Z,"{'#attributes': {'Qualifiers': 16384}, '#text': 1034}",WIN-N4R0DVP0PKP,Microsoft-Windows-Security-SPP,Application,6,4,,,,,,,,,,,,,,,,,,,,,,,,Security-SPP-WriteWauMarker,500,,,,,,,,,,,,,,,,,,,,,,,,,,,,,,,,,,,,,,,,,,,,,,,,,,,,,,,,,,,,,,,,,,,,,,,,,,,,,,,,,,,,,,,
2026-03-26T05:16:33.647010Z,"{'#attributes': {'Qualifiers': 16384}, '#text': 1003}",WIN-N4R0DVP0PKP,Microsoft-Windows-Security-SPP,Application,7,4,,,,,,,,,,,,,,,,,,,,,,,,55c92734-d682-4d71-983e-d6ec3f16059f,"
1: 753c53a2-4274-4339-8c2e-f66c0b9646c5, 1, 0 [(0 )(1 )(2 )(3 [0x00000000, 0, 1], [(?)( 1 0x00000000)( 6 0x00000000 10 14399)(?)(?)(?)( 10 0x00000000 msft:rm/algorithm/flags/1.0)(?)])]

",,,,,,,,,,,,,,,,,,,,,,,,,,,,,,,,,,,,,,,,,,,,,,,,,,,,,,,,,,,,,,,,,,,,,,,,,,,,,,,,,,,,,,,
2026-03-26T05:16:33.543865Z,1531,WIN-N4R0DVP0PKP,Microsoft-Windows-User Profiles Service,Application,8,4,,,,,,,,,,,,,,,,,,,,,,,,,,,,,,,,,,,,,,,,,,,,,,,,,,,,,,,,,,,,,,,,,,,,,,,,,,,,,,,,,,,,,,,,,,,,,,,,,,,,,,,,,,,,,,,,
2026-03-26T05:16:34.265251Z,5615,WIN-N4R0DVP0PKP,Microsoft-Windows-WMI,Application,9,4,,,,,,,,,,,,,,,,,,,,,,,,,,,,,,,,,,,,,,,,,,,,,,,,,,,,,,,,,,,,,,,,,,,,,,,,,,,,,,,,,,,,,,,,,,,,,,,,,,,,,,,,,,,,,,,,
2026-03-26T05:16:38.650926Z,5617,WIN-N4R0DVP0PKP,Microsoft-Windows-WMI,Application,10,4,,,,,,,,,,,,,,,,,,,,,,,,,,,,,,,,,,,,,,,,,,,,,,,,,,,,,,,,,,,,,,,,,,,,,,,,,,,,,,,,,,,,,,,,,,,,,,,,,,,,,,,,,,,,,,,,
2026-03-26T05:18:37.599024Z,"{'#attributes': {'Qualifiers': 0}, '#text': 0}",WIN-N4R0DVP0PKP,edgeupdate,Application,11,4,,,,,,,,,,,,,,,,,,,,,,,Service stopped,,,,,,,,,,,,,,,,,,,,,,,,,,,,,,,,,,,,,,,,,,,,,,,,,,,,,,,,,,,,,,,,,,,,,,,,,,,,,,,,,,,,,,,,,
2026-03-26T05:18:38.408142Z,"{'#attributes': {'Qualifiers': 16384}, '#text': 4202}",WIN-N4R0DVP0PKP,Microsoft-Windows-MSDTC 2,Application,12,4,,,,,,,,,,,,,,,,,,,,,,,,,,,,,,,,,,,,,,,,,,,,,,,,,,,,,,,,,,,,,,,,,,,,,,,,,,,,,,,,,,,,,,,,,,,,,,,,,,,,,0,0,0,1,0,0,0,0,0,1,Mutual Authentication Required,NT AUTHORITY\NetworkService
2026-03-26T05:19:08.091009Z,"{'#attributes': {'Qualifiers': 32768}, '#text': 6003}",WIN-N4R0DVP0PKP,Microsoft-Windows-Winlogon,Application,13,4,,,,,,,,,,D9060000,,,,,,,,,,,,,SessionEnv,,,,,,,,,,,,,,,,,,,,,,,,,,,,,,,,,,,,,,,,,,,,,,,,,,,,,,,,,,,,,,,,,,,,,,,,,,,,,,,,,,,,,,,,,
2026-03-26T05:19:09.988112Z,"{'#attributes': {'Qualifiers': 16384}, '#text': 5}",WIN-N4R0DVP0PKP,Microsoft-Windows-Search-ProfileNotify,Application,14,4,,,,,,,,,,,,,,,,,,,,,,,,,,,,,,,,,,,,,,,,,,,,,,,,,,,,,,,,,,,,,,,,,,,,,,,,,,,,,,,,,,,,,,,,,,,,WIN-N4R0DVP0PKP\Administrator,,,,,,,,,,,,,,,,,,,,
2026-03-26T05:19:11.588624Z,"{'#attributes': {'Qualifiers': 32768}, '#text': 6000}",WIN-N4R0DVP0PKP,Microsoft-Windows-Winlogon,Application,15,4,,,,,,,,,,D9060000,,,,,,,,,,,,,SessionEnv,,,,,,,,,,,,,,,,,,,,,,,,,,,,,,,,,,,,,,,,,,,,,,,,,,,,,,,,,,,,,,,,,,,,,,,,,,,,,,,,,,,,,,,,,
2026-03-26T05:19:15.429784Z,"{'#attributes': {'Qualifiers': 16384}, '#text': 16388}",WIN-N4R0DVP0PKP,Microsoft-Windows-Security-SPP,Application,16,4,,,,,,,,,,,,,,,,,,,,,,,,2026-03-26T05:19:15Z,2026-03-26T05:19:15Z,,,,,,,,,,,,,,,,,,,,,,,,,,,,,,,,,,,,,,,,,,,,,,,,,,,,,,,,,,,,,,,,,,,,,,,,,,,,,,,,,,,,,,,
2026-03-26T05:19:15.632519Z,"{'#attributes': {'Qualifiers': 16384}, '#text': 8230}",WIN-N4R0DVP0PKP,Microsoft-Windows-Security-SPP,Application,17,4,,,,,,,,,,,,,,,,,,,,,,,Security-SPP-Action-StateData (REG_SZ) =AppId=55c92734-d682-4d71-983e-d6ec3f16059f;GraceEndDate=2026/04/05:05:15:15;LastConsumptionReason=0x4004f00c;LastNotificationId=NeverActivated;LicenseState=SL_LICENSING_STATUS_IN_GRACE_PERIOD;PartialProductKey=7H9YG;ProductKeyType=Retail:TB:Eval;SkuId=753c53a2-4274-4339-8c2e-f66c0b9646c5;ruleId=31e71c49-8da7-4a2f-ad92-45d98a1c79ba;uxDifferentiator=TIMEBASED_EVAL,,,,,,,,,,,,,,,,,,,,,,,,,,,,,,,,,,,,,,,,,,,,,,,,,,,,,,,,,,,,,,,,,,,,,,,,,,,,,,,,,,,,,,,,,
2026-03-26T05:19:15.917340Z,23,WIN-N4R0DVP0PKP,Microsoft-Windows-AppModel-State,Application,18,3,,,,,,,,,,,,,,,,,,,,,,,,,,,,,,,,,,,,,,,,,,,,,,,,,,,,,,,InitializeDataChangedSignaler,-2147024894,,,,,,,,,,,Microsoft.AAD.BrokerPlugin_cw5n1h2txyewy,,,,,,,,,,,,,,,,,,,,,,,,,,,,,,,,,,,,,,,,,,,,,
2026-03-26T05:19:16.062625Z,24,WIN-N4R0DVP0PKP,Microsoft-Windows-AppModel-State,Application,19,3,,,,,,,,,,,,,,,,,,,,,,,,,,,,,,,,,,,,,,,,,,,,,,,,,,,,,,,InitializeDataChangedSignaler,-2147024894,,,,,,,,,,,Microsoft.AAD.BrokerPlugin_cw5n1h2txyewy,,,,,,,,,,0,,,,,,,,,,,,,,,,,,,,,,,,,,,,,,,,,,,
2026-03-26T05:19:19.637378Z,"{'#attributes': {'Qualifiers': 49152}, '#text': 8200}",WIN-N4R0DVP0PKP,Microsoft-Windows-Security-SPP,Application,20,2,,,,,,,,,,,,,,,,,,,,,,,,hr=0x80072EE7,"00010001(0x00000000, 22:19:19:486 - https://activation-v2.sls.microsoft.com/SLActivateProduct/SLActivateProduct.asmx?configextension=Retail)
00020001(0x00000000, 22:19:19:488)
00030001(0x00000000, 22:19:19:492 - https://activation-v2.sls.microsoft.com)
00030002(0x00000000, 22:19:19:492 - 0)
00040001(0x00000000, 22:19:19:492 - https://activation-v2.sls.microsoft.com)
00040002(0x00000000, 22:19:19:503 - 1, <NULL>, <NULL>, <NULL>)
00050002(0x80072F94, 22:19:19:584 - 0, 1)
00040006(0x00000001, 22:19:19:584 - 0, https://activation-v2.sls.microsoft.com, <N/A>, <N/A>)
00020005(0x00000000, 22:19:19:584 - 0)
00020008(0x80072EE7, 22:19:19:626 - SOAPAction: ""http://microsoft.com/SL/ProductActivationService/IssueToken""
Content-Type: text/xml; charset=utf-8
, <soap:Envelope xmlns:soap=""http://schemas.xmlsoap.org/soap/envelope/"" xmlns:xsi=""http://www.w3.org/2001/XMLSchema-instance"" xmlns:xsd=""http://www.w3.org/2001/XMLSchema"" xmlns:soapenc=""http://schemas.xmlsoap.org/soap/encoding/""><soap:Body><RequestSecurityToken xmlns=""http://schemas.xmlsoap.org/ws/2004/04/security/trust""><TokenType>ProductActivation</TokenType><RequestType>http://schemas.xmlsoap.org/ws/2004/04/security/trust/Issue</RequestType><UseKey><Values xmlns:q1=""http://schemas.xmlsoap.org/ws/2004/04/security/trust"" soapenc:arrayType=""q1:TokenEntry[1]""><TokenEntry><Name>PublishLicense</Name><Value>YW5/XIvR9UdmSYwvDTG8Hwqxrkr6EhVXeyUyklDz0upjlbi7Kn9YAPb8SxH+4eWPhql0PEHZP9kkWL5Br7oGSIYnab02dyMgDgDkgVQZRnpntcoW1Onp4/L/vibT0IbGbjXeZIJgn4VgSnz6tj3FHqUN4iQjK9kon3vhlqmsl9XIbROvj8vcwa5K9tO1LcRPnGWDwhYg9qAG69ISGxsXIJZZYnThEEL301g6ylUgDy+2i4MwWaBqjDOhbrgQUw+gxwJqVLjblYa6fKBCHLZohsWJar9Xz9Fe4NGBn0qkSqIjJIwZa3SA1BtBP3u+H7aQ0zvrWkrl7hnbHunyg51igk00DVMbbg2GmGZp5uB5t6kFFFXqq2xiEZo/nM8WSpYda6sB/MXxLd6e8vfmuSuqNyW2R/XwC0FRmtsmKYtIutL2sMJjykNK1aRDxedod8by/DCmHkvO5U2/bcx2NoOtZ2sXEhge6d/7lQqyQMBfcycBJgU4PR4gD0z49omC7oUy/RsyNXJE4dwQuxyELsWneq6RjzJKqg/lS52QY0QiThWhz4yqlZXYrnRJnTFW59LkYfrsY9okf9/X9yByj/LHnI7S4SZAsiWUtaTRVj7lqH75vRxLvtL5ckGipLSWth7EdovbMrdUlbXNkkb1FUjs5yXilOxwlo+jq6unbWedK0AY4au6Do8dNWw69jra3cdVeKrQ6tPUAvle446OSuBgWTkCFQFWjJTGdkqtnGG6VWVIbJDS70fvNvl7DAVa2++z9Efx+qBMr+GlE9c7GU+qUANBpmSdUSV65qpHeO6silNEAd9dW5Z0lVrQEwNbU1jz3FDDt7fzTGQiT9EooUEG32CVC2Q2JHSGaRlXnQlkDGywa38i+Whm3+YnYGIBMg2YxXGZaQ9Hml4CFgNP6wvvMWJP003juHt3Y1eSVL8722qYOgW386H4EKAtMkxDzBE5eZLuFrYrEZKFAfPPDHcKR0+ZeDtaqhBOPJ/I+K1YXfVansVPbdZrmM01DjzD7Y1E6ucbBCcFWqid+u231dlPHJpdB+kn2xPJwHcmQyNsVR9kr2NnVEroqfp2oCjbRZ+22KvW42tbBH4JtVyHhZ/HMJMgwz6kbByAW9QX/MMeEUixJRgMedhAiz81/NVk9EngEY/M2O7fwuOTkrZXy2W7LDNo9X05C/mepemAhLWjhvbUYI1WaKyofxz3ZVylIR6BdIhwVKNjLzeZ+9XLqjZ42v699+Zt9j2b9QJGdNGdu7qZJ4hVDtGfjJq9OHwneQ36mzJ2mG4/29frHeO5iZWdJ4P8EF2XqZqHsNBxEy/wIp4supB0I2dvSEAmlgNtH8oaRwNJiDiaoTA6Zz+AYUw9QyALCAbX/5i1yfERYsACb2YzDm/fvrHVlNITTHCFRGSRr3wWWJty1ETp1aSv4Dt0FBRIezomglhVcgW2R+lSrLMi/m8vCV5E/M9ROuV4TwwseRrZapLJJx6n1Rh+8cZSsgPVymzxaQyYTPLMNT1Br8MatKV2+xunwV6SqY1LpZV69gecHJIC2SiLYotrPUYEVaE3iZO2dbTIKhnw9LSsI/z1NRWyevR4qIAJ7RHaWiWIxq8S+sDzPak38nFk1TrRNV6q5ucAJuwmFT2IhjT8yiUvOfxEuvASS5OOkgfnASPYk1ua/Q1SuY+t2HYPAmpGA0jte8tzK0GLhWCTk1hOl+NIYFG9NVgrRao8mrdWkExYKAy24lyyb0ya41qd3vREgrc6WfLSnyajM6ujMVd/hlvHRupqfEf9jFxFNcdrZmj50aCzXXs6lIEztm0Kr+f1N/BplyNT1ftpHEMUrQXut2trNs9QwPwT+9AR28AZd6zPwdSP9whCTa2qdKlDxoUKjrO4AGOmgRph9PwaBoDsXxU3wZ4Kcognptkfo5vrjT/u8MJK6wQkR7rX6ztmk5qExcbbWeBQFxmQjyJjUszFeK2nzpgtkC01+4bEAxztlv/NejfqAI/1ZLT+DKXJUYqsvl2kZDGYz1vp8Vq7pYBuXx9N6DwlRVA8V9YkXF7W+hyKvn6l3MBqqF7NRVuXI00vPmhlrVs7JII8V2vbFBflNvB+4nNh2X8EycW3y7dh/2qgSIm0oXyEJiW7TJ0ZfqLpqbq/C3NTvlbfrAjkwt22mQU0KorMY3oDRmBLRb3Mlb317fRc9k4CEfDKiHxmfjylCSQeJYMBGU5EPpLmymEWys4/wWL7Ax1OHo7mHbtve5xzTvHeFDK9zqCldoBfBHnE4xWBbhKKV+SWremhue0ZFSNGktnxD+2bLVWOdkxjjvyWrUxLmvwqGg+b6Z4LlmeLMLVtu4wxRQgRzIzsWhZtP3KPrvPKTfDXINOqCC+JubNj1UZzTHqpKnbuapdrJV9XvdFPDaptPpGMldhDFY5WzYjIgv7iLMpoAavuTZLg4AL88IRqI8S/lJs3tyXwfPBr/80DRfPGR4NIUfP92jh96HZzz0ZbMrQpeuUU1CnM/hHrQj96Zl0JlfnRkoqQPoDRI8uPhwcHOzeJvXZbwjDi5BiXsH/+6TfIpda5ASaPYmZ9mTMfMYwtKk7wM3qT+Yjsh4YdBvEsE8G0Pg9O7169b238zgEBDy8asU7+Yxqiy/dIl5hVR39O2CiRhB0P8s6TzQyVEvM/k315kjbW5yRH03sRU5/lk690Aohs6hFmsxWVlGBLX6ffXYaDjx5IC2YePaPTmVGsnjoxdA7Ca139m43QhrhuKW+jblQCPlVhkFJwVadxL87rZl3U3IZYJEglomwenhE3Wqlkjomrs6J8s9dmeokq/uqPVxKVe0BkQddZQy4oaRqBpJ0Fp20WGiP3ky9JJOrLw05WDqJZWUMIEAGQwuEGOX50UJg9hiZpX6W1SY+lyCuambnyEEe+hyHibCjM1usOn4EUxnx822j1/v/zjLHiXMdgsJ4DOtCbw55xbEyJKtfV29wRXHKJw2m6WXdhxIlsiqYuYGJnF4BQQdrQSXw1ZYWCH0hmq19RhnXL76JJBKSb8PRwNNUdSQlasrJ9uHVun4YDQ4J12x+Z8Y2A0QBT66goDkpxeR8oDqJEOQF3nehWGH/SAukU2Xpu/nRtZ28lZJy3l014cm7p+NI6+csfKncaB0+b+j5GdvbDq1qsd3IkYn24t0IgfYZ/EoNTCNFibZ40ZL+NYrM4GC5Fdc5wBn8PZRIlieEo1j8LNh7L/EdmKgnrM6FJML3MU9CcFcdYZ3vAxyJ9fgUpBxUSAUjxD4zUh37trNtYVCdjPIP6FsGoAoszwkqoWw7Nfg11hnLVMf1fcY8TxLDMAOg/dZ9ibdqRnRqMfW1Dq1I+P2zxLAfhTa5jJDLyx0UQAfIjaAMkg1r/dpZu4OmaJTlqpT4FF447VDNbrJp8kyWC1OP44aWynOkmc8lxZVE+8yi05rnR95YNJScbIYo/RCq14UWsL3jaK78yxLBP2RahzvjfOluFHfMmNCO9cXHEwB/GmSVqm9Dzzwdbk8xb3On/aWx3BFExCVtago/8GpJYC71/FWJnvxn3EQJm7HfkZY0W+rbcP4yzlH9KxY2gmU/6PbQtc5WlyxDnQrMIW05kaw8bcmOQ9et1XJWR7VOw4Kv1164kDFZNgoKHaMF+MF94xJcdU1NWXkMoYuuJTWwYFgJPKo+gTVxeGMGqmmgNwsKoP6z20ejB0BwHooqkNRM7g7vQrg3r3FY+4gMHT+/FZnWo+rmLw9hMzTB/Uha2UqYqgyUJyZjJkebNzNJhgRx3FXKrQTvAjf+Fu+V0tFnPkvYZVghKRTuam3iv7S+PKWHOJSE+9/jxEnCB9DVoXmUmhArSF0Sr/k3AyYaIa0arRY91v0m27SavOZYSOWcqr6Epi7bNeq0im8iuOY6ZbVxmbFKsQ0UJWc0x991w5qTWsZHSSysky+vnQZsayJwiFpw1VS16pSroJHv0CjmhtupfjXtyb5KkeyOdPeHnXYg+dJ3RTrl6p1NhYhGsl6IrD9is14JJgVk7A3+EsCtJnuYGgrkrobIekCh5sTq7nJXjLvq7o9qTnZZqgNmATlwIN8f+sGB51HWD2GOV/urppDgO9SUEBDhPB1hrf8Odcyy1eVAHaJ12UN1RCpKAV7Wds7SSu7j37/cjTsEj5qi+2Eibc0UuDNIuazU9wnSHfoGSwOkG5Epe5VWyblu7PtpaD6ROXtC5pfDaenoAGiTZj+7HBxmQBRDfqItdXWCCgHzlMSvj6GhPMMxDXBoGfxm7sbB6QPL0iBo214QJZeSv/PChL7W2R+VIm4ak7C3gwLLjcb1HGPUrF6baLT6Bw5FkYMo/zE+kh7cmfYDwklqDJwTXKA9v3Z9oj0XkCbMySU6gvCEKn4jl7WVZqcDTawrXNrpjyjJx98XTeoKm8ycPlHs7zBbNaJVJhWZAreipmeluG3POI1D+j/ncNZZJIM/VtCxb2/WtkbQPWYzkvacKUDS9eHXgQnJVcY0QzXc+MZ7yd3K63H9WSZMjOId8N80+p/UBMiSJ35e4C/S5E0dC1kRGyZ8o5kzIFycEXKnp3d8w1voMz9sBi6tfQc8+X7sUDEvwDMiem5UvjxDgKGTHylT/5hPGmUit9ozbYAehRw6tMhh0ZBKcS1cTyPmRDexWZpfILBCI43JRS57g4WnsOjzRqshRlhf4BAeVSbL79gl9ATW4TtLQb+UKlCpssAdUqIOCf4bGILx/DM6ylZzdatIAD2LXkwYf0MWkkjx4t6KnmwdaWpI+ebo43WbfsLFEfHd2PTDgVDTscgzrD+yXPVce51/JuqwV3/mCOyyzuS9zLE/eH/nawm33EfqKmv5DXMYThqk+TSR84+s99MlX4x0WrO1ghs5wkMGUNfshFkYttDYWDMTLlWjeoWsZXpKFdr5PFq0ofVgfRlovP0du3GxZYSOg3TMvuN6rN6JnYChjErMCyXhQTiSJ3hftqUpoP3mpkihlBgMcokWIOEkm/AhMDgC18Lo6DqEuDd6dxZ6Eg878xVDuV1ETVe3bv6vzYr/M3syEDH3k0ToGAaWJ0QCyLLvoVhXRJ8gYVFWsvHO1DcpbAbt+73LbSPcQiKBazWLnjO3/vka7Tc2cGUJyLVKjC3dRfppAH6YxbI+MR0VVwWlnLWHYUFCclftL6A/JBod6dWAxHzgEjrZqEzpSFQM4ln2rsuS8y+bUV2Hh3gBywTv11RnEZ7M91ZzJOlObvX+sOlHJ4wyqEIsNZwlPPzfAsl4ZQku5d+5hT2+ZyD2I9QLG9TWxtCkaATbvvvcBdcyLNIkei+NCAPV9pwSiR8/0EcAqCiTZJOLsTvlqad+RT6dgW3jloeFmXjbP2jLypGlsvFqAsSbI07qSa6DxO6a4eGIXotHG/MEgXCdoE2Y4nEv0nxIqtpcpXm/f3nddbVUOjMNe9b1QCssD7T9Z3F9/QPnz7LG71W+jN/zKq647pu+0jsigpnEYNifYx2EO5DxZ5mdl9z6q93FUP+nQgLRz91keuWxJOgkMLXAhiVpLA0vK6mpUrgj1TB4SWL0iWfNvClszlvop2On07RhbO7hI/sb3/5l7Px4zthdv+N/0wSXatwFZxrZinfxCLPKVzX0Fp4ekT/CwOForzZFDE/cnSIR60nMmQpNoM2LuOeI4fWh+Afu6ZjNtV7pfStnWTEMvu286S/UM68w9j/+GJ9nrJBximaRjU7pjX6S9IL0pfO+Sna8nGaDvB8d7Y4UE4nHmnt3ZX/iRHfXnl1WzqkRRSz9hq8wFaL/mYtDJR0HrNGFEIMh7ocZWE7JOKKG2ejPUpljhdU6VjoHLMslpIpZ6JTjV+bCBqMI4yGVFZ5SDeyB/+FmasQcXJsnwcmRWJuJES8uxH3XNU46QsBdgyXYG4Cpj1ziLBBYUZbTmg/XCsBMSLPFDBmAvaqRsqI+2OPhcycdxrFDwYy0rU9rCNvVX8u9qxbCsJblo81JpQpDhTBkeI+4Upq4KauzeVqIriykTcwuajJYfF6N9bKFNRxO4dKeCKQ+cUHKgFw6p0EeJ6cq8Ogp9/+OR7On1TEuseYb9v2FrLzjMwdUg/P3Vs7p3RDvW809rSoSRcM6MOx1ACqlCubU7rXHBhTWLwSwNmyXdgVb1fQW4xip683RSD2rr8anjfrOtgjadpR9M3VYOwuW534ym4SdhhYecNVBgABEiJBdYE4WKWxmEReqN5hXwQf9C8M7aLKI3FatPSgzf0w61S0OFhbp0N6v1mad6/9/tVEcbPW7ya+/E3j3VjVkHFo3ZDLjN/bhWKYLwakwGJpWYEF8AeuEGRxwylxqNNdacX/PHXkRhxqABtxQc9VJIJdfoztqhQHqGPBVccgk+tu/xShinOO8O86RpFiRcnE2W/wM+nrh8NfytEs6q9dIr9QgVXMiBzmROCaAxGNeBbXoPom8fzmusongktNvDQvOogkPcUupugdvOp+s0xnt4e8oz50Xqr0hCFofnptrBdSLyyAbYOlCQVW7XQOvuhQ/2ExEnAUPSN1C19Cew7BPcwLkHaeY8bxYzXupHyMKkPNcIQ6805V83+Os8eLYd/wm0FEbiWumEE+C+Bs5nO+3gIEJqj9MGgllYxU0MNZDoM2X0uOhpewBWKwemcPa546FWf3U1Mb3dDLpWfh0d0dc8gFLBGhXxivbt3Qc+wTHDNHLlbA7DEbKcasEWL6koF8jARXuLWq9PuoOyYCGJeUaXi/MXVAZZJj7HTjAvMNQtcWeshm+3mkE1ZlhTUuMl/k/vWSHsYxblV3pq/1Y/RkLsXxlR2ejuRQqMVKyUVj9nPV/2h1USHC/XfCZGiypeRJ94DJHsE37yhQWs6iYKG/QxhLSAM+FopKqOrcK2BLH/awWDWcYIrTMZxnkehLb0XToAdCcXxfqmJv3rYGLX00XCNHcPHPikHwwtLP2wZgjdbqFx0tg6sHsegAzvLlA9XtJZFWJq0gdd8641ZF2D9fqV3tPCYNWDdYfT9ewsUdbKcKAH6cZLNqpGr2xu3ABXY2mVu8mABSVEYewbcf0eMxOTifV6AwmNr26Q+dgYJ4z2PgKik4jgazMfIKssmmC2kbnDk3a/CJSu6Qh2DK8l3Ob3tYlKb1mXo+X3pnQ7z8j6uQbF2JJeGcX5nbBfYjsFvNgFHUguKI426UWcUr/lVxWDIBUQV7MdYS9SSIYF3v8dcEFW96yECfmxa84Ba9isdloGJ0dRnmQ1UhLS0DuMZGUD60KofLhGIIO4nBeyZeu7fsFKu0CfJZaiZQgPUEqNQed2BSMY/MGrApFGAItU0oK65wySi1wIEN2w64web1bB6aBmyQ35DWYjM4DsThrVYxZjSx/5qTiP8nbWY1rLta5Nopr0iPPwoK53rr5mHaw/BEakjIVGPPVaP9FEccMZDP/xqAO2tL8bP2YhBWom8Hu9CLBVooPI4DDk4USCIOl7ETaU7BxutF5Y78r+LNgba1H5UdILPysp27P6sW21UQcKeOKMshpujymECQnL+9mEbxINwh+gdvRRxk6dgDhMDPAY0TzzzfRNe3Mhsdr0Il7XHDqVCjfqzel1jiND2qbErk9ncngBpzDOXzEzNtkqw6DIbRuar/ECus1TOQDKwAraahVW3MhEv/spsVVRgytUqDuNVvhEe9eri9sf28BJ/B4nAz9V0uqH5tk4uO5yZWCgS9S5yYk8p2//fMAlil/832bULZy0y2/2vx2gIDUn3wxWFYNFghXKQ3+r9D22AL0ni7yxiYDQRVWCtyhPWJv4yUnrbYgWOAwX9tuLUqOeuuecrlveDlJouVJnP2zgqnFHR06IkFSGgr1ssv5MGFjkCrnULH6cjzcmlb47yT1yP8e6+Jy4zdyEfRjwdSajfmJAW2V0I7lNzveN3dGAvDtZbT+X/AleYc573J930Xe3yLCi9BZzWmtJpOc1SvPjQXOnt1zqLy51CIjKcGQxAU91WBSTJhLchOAUHLK6gfqkuf68ZJAP3QEdzDWpl0DwdnEsy8tnfr1JJP/gffDNg3U8DMu1IriN5IWoXeTTPewmAJ98s7sbZOVRXMroULw7t0iAz4RAOLHwmx34wA7EDhQbB5NCYU7948PQ/9bpnS+L+sLpHayLD9uv4L6UXCV2AJWgwEu5xljgtqB64hV84dkfczBrUImGxaomye/LAD6Gq1IBcl2hdnCTBHywjk/8YG8bcmjhVpW+4UkMWCYvrEyS9ERz2DsPShh1oePBqHKBUw8wZp6X/IWCMOhv5nxmj4yCLIWlo1hW8dOIAS8HHIS3PCRmowikOjVpzWUecjupTqrhKLmUo1eAjcNX5y+mEYpxmIDMzUBV3REmoPNyUles1Yi805xXXv+UO0M1DA2tNJw02e21iTE2Spo6I8Yijp+wNGuUWrfukQNgKDlYIg3rjpS9rl0huOmFKlYd2GAc8jNtYz3F2ZjiFI8fIUW1SkZvuJcjuihdoXem9Z2pbUDxXySswGIko8eIpmLCntrN0YXlcZq6RfnqxwVsa4arc6GdkkhHj3a3k9ck2M0LeFqqwmK4Vne703t7T/9hYca3SWsct3tQzNtsGUyNunq8uQzrpOvFwawj4cm5GqXtgx/NIVfqHZtUu5Hy1jaVi0zJ56bgIll+DGK0ONipLc70FZubhosFVLTmkurjC/AGrmCobAib7s9LXqMwAPc4z0J1Q+Z47KSZ9gC4Z/5w27zbBiZbrrUrF4GTGbw134r3NhBRAt95OfGCMs6CBgh/u22dwOPVy2JAeI0G2tCJGVEDFt5bPsFMmvVunLkN5VbSmm5pnOJi4yfVt4zpzAQrvZ883HCRe4RgZXNFBVCHpKXavfFxiXGKFDEPVHyU+FfG1pPQCKx/wNTeTo7dt0iiU8z2y2o5yInm0Z5bJXAQnvSek3toFvDnkyS+WB32KTSRurbiAOdLKDW14cPs5vo/HlGcMqrZP7dc4hwvULpix9jEAcZh6/i6LQbVUQgP8N0S4gAOW3VOzSf3UBU5cyXOKGyHwxVYhE9AyQYP5SqJ5ErWHv0eFT3y5H8ZQ4lC08+038aE+qt2lszqKZETfJgMvt8ys8ckjQ5H6+g1LnpeIERSTfTxKFaGGsrHiwl1znrs17H+vC2bUA0EwtJtVcCGCfTEf0hKLeL/5ruxdyZhgg/eUn302wGhEMAfkQlhk9T8hh+Go6RfaBWck12ZPMFOQWoP83Ak2NLtk2KcbbixJ3osKi29wTarN4YTcaf1usWbz+FgBqzXZ5iUkA0B1qmfJJiIPyyDE7tg/LVfr2nNYctR+cXe1vtkxeJbXOIdoyYuw0HFkCjRjC56nkcKgiyu0sgfGbyfQ65qQiCXixZuomF9kwowKHh8Shf3JqJZffJLwj7Y9M2+NbtkLo8wAWhgcvXYTLDFVBK88namJrL129t9K2tQUid2R7uDhVweXxCzVMDekU9vURH3QDqrdANssvrjvIx8wPf1PY0vtWqspcIFC5F+2k7/kD5JEoOuVa5+eHiuMccUFiwynC0BliIPp4GmhjGTelMSShv20vPKU+YVf/EWk7+8A6UVLtvHr/ewg7VaRthFW38HITHzZqMm0hFYe9BjElcB+u7z/TjSiOXtIQCE2C3MjAXhc7nPUCWof2RkuSpizbd5Bez2bIeqL9Ef6XR/U+pbDAZHNgxZ+bHp0vUesQwDQEz5muc53kyBi6VywanTy1FLnTNiBsWoZUA0Hq+JgDBJlL/HGjQMfq/Z47RiBPlPhe+bHSnsH78yx6cgxruD/cU49w4Za+2PupQPeruianKbRLZ8eNhTtfg2W4/dOxUYHqSNfdD5jB632VQZu3F4mdTcwJravxri6h2K8X+qI+RQPSumxGLTB1tPqG0x3maZCZ3MYST5HN0i81LkmqtGgmK0CZw45f3kp9jBOAmBZ/Y0btwdV1fZvYWf6WKowNosV5ah0vuiD0IX+f0+abrne6mxcm//VIclcCkNomXRdMd+NFZsdce4S3359b3+kwXX/WAL0cFMl08ckmdc51zHPX2jB1gBdoiWqk8UHM+ZlWW8n81EOiPnxIqQfVUGMqHzG5UwY5lTPgKwt5ZNT0iprQXLIsVK9fCOAoQZBD+xP6KExCW0UrXRCJ1vtwNRCyo6ELYrD6kIsOqXPReEcjYajhvkZM5J9ojrxNWtovFG9qRVgaWAPKE7igDMcFHB+J1NJq6aeDMpmPnI8KKdjxZ/od/amc5vzf0e7n3blE4EZnqJEQHlTyB8IbMcyUSSGUI5Umxsgh22PpjSkwZzX4DfQ1tqTwl0KKAQ4wt8Ej2dsIPVzr93Dqh7YGOha8IY1mZlgPo5M9Y7fUbs7bBUkcbKUBvwX3BDi4XR1j54McpazjECSBVeQ1ASydWlNucezW/DLCLkhFFNaboyj06t5duLz64zkpDVMTuazU7+d7F4680MXiBBbf13UyDO5WW7KWKlV/fFZYWRlLwyv4ZgL166xRLCWmVLDVSzr571CxcuJdxESxsanGYtzEp55nIlUh0a23uTOIMAVw3R+ZvsCmaWVt2JCmjBkoR/uRRc7ZIPe1i4aX3rN0cawIGVuXA/YirycMqoV11qVmuY5UPKTxsIzQB4Ii3Vbkm1N2u6O60meccW6LoOTyLF00jx6fGsR0TAYlM6icGmmMoLSG1ETHZakemk9djiNo3oBNrfSDIjGjOG2FpbYTJOM49qwP6fhcW7uaI2K0XG2fwK0KJm4LtcB5P1VXKKzr22wTelUrEkM4JSJjqqRer927/ZAZYsAFIFTrg2OYqEuHCybehuRMFLAA8EycfdbJee+hXZW4Qiypn7CNerZowPBSyhskYOmC5gj4q5sFEbom4Lvm6NEblSx3oS1tAGPf+1LcI565iqsNfV/BLjxsOLquOC8O3v7pUA01K0YnMQuDmFfKs9BNsGWvfHfyIq2NWE9nHDLHaKU2UHkPRK5azRW46mqSqxQZWShiTm/PTjyxy5Leb+5GTiinhaWAK22x1N4uK3t8CqLbrF03HRPi35JETHN12QQt681pCAew0k9ohHztf8aHmASnU/VxuwGXxzpRhL4y9qn2JwZf+jTdKSkL3w04Cni1MEXoID4DhYc3q90/mlLl87yAUL8wkur1hZOaqW2WUzbEYOEDKxVVxP7MSoZartqFLp9v6eIVJj98FFOObj2Q33XMIsawRlrqk5F5d4u3K0sCZ9Nf7u2C2JObr5IPIhu/FCCH9Kb/qRQsz6/k9a9pQ+qnKVhca0YaHB74l0Ot+Y5diRL3Q+raRpRik/QjvntN2yTLu7t+jwAT1RiQtKEaZxWJnMPv2lELyqB96PJKK0ZYMPv7CcTq3XVTnVMbLo555kGavojfDM7n8bguYjDoc4YBnVGn/2wv6xEWelDOdATg+SLTnWLN+tJw7BRuzhUdFEPf4TrQHIy0x0lV0BVPMuW85/8UCY5U73CLXx8VsZKa2qwb3T1K2D8Zcx+uZUSowcLNk2puZU6xEL0dz99ssCG2Ff8pmd2ZXRKEZC9KFkM6hTncy23FOMswFDGN6y0ejMdssG+eZI4aijtCI3AuDX2+Vu5bCFC6Dgf1Ix1qJBV8Bkbx4Jzw8kgQURkWR9PfZh3/5V1uEN+78kXRUvrFAeqfp1ZMpWqKm5Lb043bElmRPoAnbaXYX4RkaY0q6gn/D0rDaNnawR0oY7GcopcANRcx1ddEeWtJG8LLpZLOhyIURIJEbL5x1l3byTunG3RXSnv736WkAT51q5fTb24OIiuG6sZUNv8cp41P88bzJ1Y9qf8YTvhnzYAav0jwMNdjQ3WKkx7PUecrGzCYuUA0Qjz9mcUeIGuYIh8Ut9P9WTSLmJb/PZoDLPPmDoTugtUU7wJzf8IxFfk3hdpj8C/ecWq+A/kzikCmfOe4kyf6et9EzpST/HtaSLsR3L3CJZM5RtpK+z706kFrDL6El+4lSO3JUBOPJkXDKjaHxzPQQ92o/DkcBgson06OsK73KfIB/S82OVFBathZ82YPQlIckMBu8Nnlr0p0eS+dEVhIjI+ndEMYF4CqFfKWE401YG3iftTXYInl/nnxdlLpa7Za1JXou4EEwwtyU9MdnrzMXRtXs0T0UWidPUK8m5SkaUn4FPATFP0O+Nr3Du4YIqQd0aTBNetIFRhwbEfR+6pnYUpyhqBCO4ne/UgnU/lLspqowK51xoCvOYIw4ddYQZAXJSdS+IQ2NPWOzMpzTf6lLu/O7Tmrw+TLwt0RtYsZPoM7Mbut+DdpieJTGWTaYuofnmZFcu96nynDMpo+qBGYfE8ASG87RX0Z+9AH8Zol4Z6zD3JUfeSNrEm/irQ8kC1xsCkCHyls6bvh6sCiIe5VAaI9tcCQ2KIuMizPXiF2++YolAYLhtJYefQZ5x5ok94I10ENCfAhKOLNWLgiXCifVyUeBE3HlUUzaoiObTt3zt+1rnlPbcWf1ajykEIacUSO4HWNdk+qoaZvjJjzWM6oJY9GqplHd/JB+LfXmd5WFoOA2sPXLTtwgPZX6h5Xj3cfyB/ya/f8dtLsK4VPbfDOxx/w8Pj4Pmp4aYftuWRvWYdKLsja+a2YfjJExu8jmRC7hDZL2Cy1jeHqf5tXETRvs/t/K0bJkP7kU7WpsalHG6ESaQDDhANs5L/+77fK1eUrBrYmnuzy6xbN19MbEaFvY5bzDycyUi3vorZd6D7Oe7pZ3tgGwqVAtrUJjNlJ9yR1u2wnMXl60Uq+YMkoXZIhPL2ewghwZGvaPMVsjbRQEeie5SJB0FbOlZWPLy+pxegRF3r0PSWI3NSbod0KyHjbmq/pigrrskZ/cOwSXMbCZ1dLLfA2NANfDQuGqgTxDYfx40qP3IS1ncxmkjntHu8XGffp2ujcP47mJPoFrXe6kRinNcF8XlnYJzohg9ji4g83GWMLn0eQzAK34kPKBkl1LomiCCcUASq7zHrxoAYLEr2hSTS9IG0OVnWJBnvlgsMJ0Uh+NqOrDV+1hNTfkor6Kpy8yRWRJD2uQ3bC2A5JasFQWIkq42HBBiNjJj+M39U01xiK36c0N4PYeyabPgfV1x5uiDDp0EqVXfxxVHk9bnKcP05j0jP7b1WiMWVPjybdXDoiOYM3owxebjgPQ5zrho5bdILITn0OxJAxkPcAm1Iry6JRe987cjbsbALOaoDzFF8RjixQxSrEJ+9dM7jXlFfhE2MWX1q8li6uDdDWdE5g7RitYefnPgELMW3sCVP7XxH/TsOJf+5Ivf7KapzMm36qohNCtoiI2VFkTx3L729Z+S/txaJYmmkAzxac/CZ4g/mpAWZB1Ju1KF2mfsakpu/MXk/RB0bdySsnCj9m0z6CswpxUWRyb/aF2F07+QE5alUtkEClB7Hr6iCTSvhrpRtq6VIVdcSZSVVLvWfP993t00U+UTesnobR8+P3onsb4L/FCbq6g3t6ySdQDHbMTMtweHP2BDcRZVaB6Dkl64QQnI4tvhXRR/+dc9yJb1pO8chVcVCxNUOxxi3gLVj7vovLqq/WuA/Q9J1GcXd67S5KyOB9daUc/jmVpam0+lmVXOlS8ukHRm4rhnS3Ry0I/iybnYNrQ6WlMXXtHtRXktcc5m8tTc5O993Bzo5VdpBi8F3QsLj4YXsZOSJE2N86jSx5afxiP5UsGi0aUqIbcUdZVJAuSvb/GpRlwh+nQskfEZC+PqvRZT72/nAkmfBcP/SnnTbc3oW2S5YvAL2TjoU3MCx8T6o22awzDFWReUfw7Pq83WUx3no7tVSPbdB7Gx0FwLCE/zqclLE5clzaUXr2bd1zdMKMVYav4zPjUjx+BGfCT1QXJ98EiWrDy/t4ZTx/GnOC2t4HVSMBqqD+tCT5UjQoNismNr9jS4zaCsDL8HFEtRkP4foLubUYrBP3XhjLDy457adSTuuCaFAI+r3hFGgTT7jjdk3xy+Ygs+9I8S+GBH4jwOj5Rfbt1HJ3iH8wifkJy/WttpfLn+Qi5I9J42kby6pUNlnLOpUV1RbrXBsyFr0B7RTGkKNWk7ZOMx2FvIiXImeuPcy6jlqcLasqpnQibXEpVoDg2TUfAx5qizUBqhO7u8nG1DOX9R/P8bxvUOrFkS52kPzazXEkmXSfyVBk5/beL3vCcmuEGWwdem2n45AHb9VWeou57tAdFAxWGHMu9VKASmSUsd0IYbB4TumD0doDUuVZ3L0jiltLdUGymGfDSCee3PQuD5EWigmD+AG2drv2qnPV4pgVr5kpNPepN1AtWv6NLIbbqj/7gxpupUnd0xlEKUWWXoLmreJ3kaLVtOPmbdykWoAepFuXJWYIaISsCc45Wc4dfOspIBxq6LE4HnPr/IWO/ptx0YduKxU3rqEDpDXSybRAnkDAKfNiRR8hwts2nHg48l3E2Grfh+O9r3yKekeEY/BSAEXeSttB0939vrNaHEWeNPvTXJum4Ceir8GlsAtivjHXnaoXt3DZchen0V7GqLYybmLwn6SxbW8wlIV160Zgaa6n6Cb3NqXglSf9k8AIfkQQTS1XDIS3hJ9xhr18LfWyOTd3yYDZo+8A5x+8B5N7UdiQs9yLWBUcD4IfdtBW7XdGNveVgzqRqcpB1RFGp6WDgYzJ3xnEvN+dyB0iYCOVaXzJTH77rIREK+rFxoosKQ+M32z/9MJaoYtBkXNR1rw+nY5gPHstvdfF/G5v1yODp5KG1HZIZ2j+C1+48dBP5mLkeAfvG4TJvvXFBrDhcAKbks1T5rnFmHDR+tXgHuyTwD5r6hLoZjxB5uuT9j97pZ0W21qO38ckYwq0EDez3WlDr1MchQEcArlUCNNkQVDp9y1m48zAsahLl6vZUSXWrsQnqygWu2m4VOsUXPKOLuWC40H879dvT7tJmghZtuI8ouIZ1JXZm/RM1pAMpPYFkCVGhhLBK/rNCLeV/Prc6E0fyqIvIWGJlYtzOnp3V0LMvw4rZyOk1GgyN4RV6z2JCxdUZR95lcvRjfaJp6aPSATci/QiBgNMeSqkdktcetw65E76XvKsqEgAhAAfmtJc02pOuXdZVxbq632G3QdE/gUvNkv3RpnjMB6+j+72aceib47ZSChwBk4gIJyNtBvfxDhlFwHb1cbhUFMcN+Lxid/x1jxHKbhtJq7frxTFpwk+Ya3KW2UrKoSlJsGBbsN2P57hXz4R2nYyVSDuLooSnQvyPz2nYd1xoTwEUQKS04UuyjmM5ecLAA5QT15jeSiT2K634Pjafy92M5ctiyF8mK3YMOjGR9lEQfc0Sn5o7QRmO6UbuFXr9bHA5V6iynlPcsnCSxDqMKTjFVu2+UnCrAOw4P1VbnVLPKzy8J0QiKAAfAWUVJRfVajoel/Jj74ZGeYfAhtWoJUHrcdGKO4hdSPANevbyVktAecSUz+FqGQZZjRbFT2Obo7jybB0hKCS1eMKakyi68DwlCQyTbKZpVb9b7cDp1EhIN3z9N0nV2DX4Qlt+abT9Bcyhh6MnxYoi3eCCUPfUkJUmAf7UM9g8cfCfVOeKbw/wo69OnZwkvdF0RuxwWeoJyb/FWGixltWGyxZNj6DEJ+7K3Kv1j+40EocYz83Ke9lQyi8CthW3rylrcA/dnM8ErP2j9LabbGckuhB+Sua7TKjLU17odDriU9CZsVzZWMuGeSmMX+jV9LkwBuS9EFCt0Dgd8u0VWiwYB2PccX8/SJKNL373fM0bHsQatZGd6c+fjJFnJhCCMERJt9yLiXMsyKGstIuNxuKmYR0+krI5PmE84UvuHWGoED68qESPGVMuXzQPHhckEnERSO8MmhnqXUiC4lRc29agzsXVcC79JRSvdEzxQtc5JrA==</Value></TokenEntry></Values></UseKey><Claims><Values xmlns:q1=""http://schemas.xmlsoap.org/ws/2004/04/security/trust"" soapenc:arrayType=""q1:TokenEntry[17]""><TokenEntry><Name>SessionKey</Name><Value>ZAtsIgYwHFy4O+WXt163i++aAtSqvm6ZG6dTTJ/gg8mwOZhZWyYwyCltY4lhQcCTSyHQessjbZHQuW5LC6+juzidZDrZtHac5kkmDVXpYank+/ghhTjTmMOzXtTv8vcDWo889fbFEPQebpyXK79TXSRARzLvCVxFjFpg9FuCLgbdcECbpfo9adRtL3aOuQ1rnulOTqFn9v4LtyIoVs0iApXMzrL6UfycAndcS04iv1LXjEYN3XnBDMbuyuBPy2L7DWvA8tpNOiEoW6Er+2iyB9kEiKbwMZ7lxNHRQ8WGynMwzZ50voQhLvV9N3RcjFyTUZNiYWmIBwUMXomeGvpRCw==</Value></TokenEntry><TokenEntry><Name>BindingType</Name><Value>Mur1wl2Y9gJdaNCKVSG9DD4+lzwDAvT9f4SopULorTk=</Value></TokenEntry><TokenEntry><Name>Binding</Name><Value>Yh9R5hnoP/oCUvhvMsz9vLaY8EDbkcghWDoKVakDDmEvO/3zn7HHyifMd0SzbIn1jrfUyBdu74d7SYr+WS+8XbjnYpEIpo9DFTe6BgxrFEk=</Value></TokenEntry><TokenEntry><Name>ProductKey</Name><Value>Mmbbzei8/tep01obEkYYOEHm9JQVUHtq/Sa6tADMxEg=</Value></TokenEntry><TokenEntry><Name>ProductKeyType</Name><Value>Mur1wl2Y9gJdaNCKVSG9DLpmtLTlK3/YlNeM2yl03BQ=</Value></TokenEntry><TokenEntry><Name>ProductKeyActConfigId</Name><Value>S75vvBmRbJ0Vm9I8Ch+QX0aSXRx5RbmpdnwKdHvlWBY+S+cVszLgVIVIR9z3T3ijKdBJPU3M8u7VFEQos3lK2EbdGOqVncodjBLsbjBiotc=</Value></TokenEntry><TokenEntry><Name>SppSvcVersion</Name><Value>Lvn+SubVU6fzmLrdxLuntA==</Value></TokenEntry><TokenEntry><Name>otherInfoPublic.licenseCategory</Name><Value>JOtnWXyoI6ZTaOUqyMTupLfJkpNuMsHaVJa2ju0m+EE=</Value></TokenEntry><TokenEntry><Name>otherInfoPrivate.licenseCategory</Name><Value>JOtnWXyoI6ZTaOUqyMTupCheIu3CxSCxDgGfkeTVnrQ=</Value></TokenEntry><TokenEntry><Name>otherInfoPublic.sysprepAction</Name><Value>95vqc58I4DxoMprC1o75zg==</Value></TokenEntry><TokenEntry><Name>otherInfoPrivate.sysprepAction</Name><Value>95vqc58I4DxoMprC1o75zg==</Value></TokenEntry><TokenEntry><Name>ClientInformation</Name><Value>45r9IEYwdtUmVHeorsgJR3K70JNkrBoLSsmvRyn15bzfRrNLgJYcBtJh3qjb7rofSTDR1QbHbchqqRW+OSJ5FQ==</Value></TokenEntry><TokenEntry><Name>ReferralInformation</Name><Value>Q4rHeqXL88bD/p3m76Ednhq0zuQrLK2pNSJEEhR/KE861n9fnAyavYx8g8e8ySlxFZ3wBLZi7vmatfc8niHH0w==</Value></TokenEntry><TokenEntry><Name>ClientSystemTime</Name><Value>pXeHDfy56BpYS9PC37n95uJt7BPTqPpLigLaEgqQK9Q=</Value></TokenEntry><TokenEntry><Name>ClientSystemTimeUtc</Name><Value>pXeHDfy56BpYS9PC37n95uJt7BPTqPpLigLaEgqQK9Q=</Value></TokenEntry><TokenEntry><Name>otherInfoPublic.secureStoreId</Name><Value>PfLXL0YqUysyhvlthWWavvacNH2/6dsYvP5zOrbtCnrJWgqoXhMB90gUS60qOIRA</Value></TokenEntry><TokenEntry><Name>otherInfoPrivate.secureStoreId</Name><Value>PfLXL0YqUysyhvlthWWavvacNH2/6dsYvP5zOrbtCnrJWgqoXhMB90gUS60qOIRA</Value></TokenEntry></Values></Claims></RequestSecurityToken></soap:Body></soap:Envelope>)
00010002(0x80072EE7, 22:19:19:630 - <NULL>)
00010003(0x80072EE7, 22:19:19:630)
",,,,,,,,,,,,,,,,,,,,,,,,,,,,,,,,,,,,,,,,,,,,,,,,,,,,,,,,,,,,,,,,,,,,,,,,,,,,,,,,,,,,,,,
2026-03-26T05:19:19.639303Z,"{'#attributes': {'Qualifiers': 49152}, '#text': 1014}",WIN-N4R0DVP0PKP,Microsoft-Windows-Security-SPP,Application,21,2,,,,,,,,,,,,,,,,,,,,,,,,hr=0x80072EE7,753c53a2-4274-4339-8c2e-f66c0b9646c5,,,,,,,,,,,,,,,,,,,,,,,,,,,,,,,,,,,,,,,,,,,,,,,,,,,,,,,,,,,,,,,,,,,,,,,,,,,,,,,,,,,,,,,
2026-03-26T05:19:19.788897Z,"{'#attributes': {'Qualifiers': 16384}, '#text': 1003}",WIN-N4R0DVP0PKP,Microsoft-Windows-Security-SPP,Application,22,4,,,,,,,,,,,,,,,,,,,,,,,,55c92734-d682-4d71-983e-d6ec3f16059f,"
1: 753c53a2-4274-4339-8c2e-f66c0b9646c5, 1, 1 [(0 )(1 )(2 )(3 [0x00000000, 0, 1], [(?)( 1 0x00000000)( 6 0x00000000 10 14396)(?)(?)(?)( 10 0x00000000 msft:rm/algorithm/flags/1.0)(?)])]

",,,,,,,,,,,,,,,,,,,,,,,,,,,,,,,,,,,,,,,,,,,,,,,,,,,,,,,,,,,,,,,,,,,,,,,,,,,,,,,,,,,,,,,
2026-03-26T05:19:19.788962Z,"{'#attributes': {'Qualifiers': 16384}, '#text': 1003}",WIN-N4R0DVP0PKP,Microsoft-Windows-Security-SPP,Application,23,4,,,,,,,,,,,,,,,,,,,,,,,,55c92734-d682-4d71-983e-d6ec3f16059f,"
1: 753c53a2-4274-4339-8c2e-f66c0b9646c5, 1, 1 [(0 )(1 )(2 )(3 [0x00000000, 0, 1], [(?)( 1 0x00000000)( 6 0x00000000 10 14396)(?)(?)(?)( 10 0x00000000 msft:rm/algorithm/flags/1.0)(?)])]

",,,,,,,,,,,,,,,,,,,,,,,,,,,,,,,,,,,,,,,,,,,,,,,,,,,,,,,,,,,,,,,,,,,,,,,,,,,,,,,,,,,,,,,
2026-03-26T05:19:19.878816Z,"{'#attributes': {'Qualifiers': 16384}, '#text': 1003}",WIN-N4R0DVP0PKP,Microsoft-Windows-Security-SPP,Application,24,4,,,,,,,,,,,,,,,,,,,,,,,,55c92734-d682-4d71-983e-d6ec3f16059f,"
1: 753c53a2-4274-4339-8c2e-f66c0b9646c5, 1, 1 [(0 )(1 )(2 )(3 [0x00000000, 0, 1], [(?)( 1 0x00000000)( 6 0x00000000 10 14396)(?)(?)(?)( 10 0x00000000 msft:rm/algorithm/flags/1.0)(?)])]

",,,,,,,,,,,,,,,,,,,,,,,,,,,,,,,,,,,,,,,,,,,,,,,,,,,,,,,,,,,,,,,,,,,,,,,,,,,,,,,,,,,,,,,
2026-03-26T05:19:19.905016Z,"{'#attributes': {'Qualifiers': 49152}, '#text': 8198}",WIN-N4R0DVP0PKP,Microsoft-Windows-Security-SPP,Application,25,2,,,,,,,,,,,,,,,,,,,,,,,,hr=0x80072EE7,RuleId=31e71c49-8da7-4a2f-ad92-45d98a1c79ba;Action=AutoActivate;AppId=55c92734-d682-4d71-983e-d6ec3f16059f;SkuId=753c53a2-4274-4339-8c2e-f66c0b9646c5;NotificationInterval=1440;Trigger=UserLogon;SessionId=1,,,,,,,,,,,,,,,,,,,,,,,,,,,,,,,,,,,,,,,,,,,,,,,,,,,,,,,,,,,,,,,,,,,,,,,,,,,,,,,,,,,,,,,
2026-03-26T05:19:19.535188Z,23,WIN-N4R0DVP0PKP,Microsoft-Windows-AppModel-State,Application,26,3,,,,,,,,,,,,,,,,,,,,,,,,,,,,,,,,,,,,,,,,,,,,,,,,,,,,,,,InitializeDataChangedSignaler,-2147024894,,,,,,,,,,,Microsoft.Windows.StartMenuExperienceHost_cw5n1h2txyewy,,,,,,,,,,,,,,,,,,,,,,,,,,,,,,,,,,,,,,,,,,,,,
2026-03-26T05:19:19.567846Z,24,WIN-N4R0DVP0PKP,Microsoft-Windows-AppModel-State,Application,27,3,,,,,,,,,,,,,,,,,,,,,,,,,,,,,,,,,,,,,,,,,,,,,,,,,,,,,,,InitializeDataChangedSignaler,-2147024894,,,,,,,,,,,Microsoft.Windows.StartMenuExperienceHost_cw5n1h2txyewy,,,,,,,,,,0,,,,,,,,,,,,,,,,,,,,,,,,,,,,,,,,,,,
2026-03-26T05:19:19.705699Z,23,WIN-N4R0DVP0PKP,Microsoft-Windows-AppModel-State,Application,28,3,,,,,,,,,,,,,,,,,,,,,,,,,,,,,,,,,,,,,,,,,,,,,,,,,,,,,,,InitializeDataChangedSignaler,-2147024894,,,,,,,,,,,Microsoft.Windows.CloudExperienceHost_cw5n1h2txyewy,,,,,,,,,,,,,,,,,,,,,,,,,,,,,,,,,,,,,,,,,,,,,
2026-03-26T05:19:19.861122Z,24,WIN-N4R0DVP0PKP,Microsoft-Windows-AppModel-State,Application,29,3,,,,,,,,,,,,,,,,,,,,,,,,,,,,,,,,,,,,,,,,,,,,,,,,,,,,,,,InitializeDataChangedSignaler,-2147024894,,,,,,,,,,,Microsoft.Windows.CloudExperienceHost_cw5n1h2txyewy,,,,,,,,,,0,,,,,,,,,,,,,,,,,,,,,,,,,,,,,,,,,,,
2026-03-26T05:19:49.485947Z,"{'#attributes': {'Qualifiers': 16384}, '#text': 1003}",WIN-N4R0DVP0PKP,Microsoft-Windows-Security-SPP,Application,30,4,,,,,,,,,,,,,,,,,,,,,,,,55c92734-d682-4d71-983e-d6ec3f16059f,"
1: 753c53a2-4274-4339-8c2e-f66c0b9646c5, 1, 1 [(0 )(1 )(2 )(3 [0x00000000, 0, 1], [(?)( 1 0x00000000)( 6 0x00000000 10 14396)(?)(?)(?)( 10 0x00000000 msft:rm/algorithm/flags/1.0)(?)])]

",,,,,,,,,,,,,,,,,,,,,,,,,,,,,,,,,,,,,,,,,,,,,,,,,,,,,,,,,,,,,,,,,,,,,,,,,,,,,,,,,,,,,,,
2026-03-26T05:19:53.488016Z,"{'#attributes': {'Qualifiers': 0}, '#text': 0}",WIN-N4R0DVP0PKP,edgeupdate,Application,31,4,,,,,,,,,,,,,,,,,,,,,,,Service stopped,,,,,,,,,,,,,,,,,,,,,,,,,,,,,,,,,,,,,,,,,,,,,,,,,,,,,,,,,,,,,,,,,,,,,,,,,,,,,,,,,,,,,,,,,
2026-03-26T05:20:01.181406Z,"{'#attributes': {'Qualifiers': 0}, '#text': 1040}",WIN-N4R0DVP0PKP,MsiInstaller,Application,32,4,,,,,,,,,,,,,,,,,,,,,,,,C:\ProgramData\Package Cache\{D7A66DA5-B103-45C1-A0A7-736C08E2F464}v14.40.33816\packages\vcRuntimeMinimum_x86\vc_runtimeMinimum_x86.msi,7140,(NULL),(NULL),(NULL),(NULL),,,,,,,,,,,,,,,,,,,,,,,,,,,,,,,,,,,,,,,,,,,,,,,,,,,,,,,,,,,,,,,,,,,,,,,,,,,,,,,,,,,
2026-03-26T05:20:01.734613Z,"{'#attributes': {'Qualifiers': 0}, '#text': 11707}",WIN-N4R0DVP0PKP,MsiInstaller,Application,33,4,,,,,,,,,,7B44374136364441352D423130332D343543312D413041372D3733364330384532463436347D,,,,,,,,,,,,,,Product: Microsoft Visual C++ 2022 X86 Minimum Runtime - 14.40.33816 -- Installation completed successfully.,(NULL),(NULL),(NULL),(NULL),(NULL),,,,,,,,,,,,,,,,,,,,,,,,,,,,,,,,,,,,,,,,,,,,,,,,,,,,,,,,,,,,,,,,,,,,,,,,,,,,,,,,,,,
2026-03-26T05:20:01.734907Z,"{'#attributes': {'Qualifiers': 0}, '#text': 1033}",WIN-N4R0DVP0PKP,MsiInstaller,Application,34,4,,,,,,,,,,7B44374136364441352D423130332D343543312D413041372D3733364330384532463436347D3030303033346164373639376431306433383738633362613936323831313735336430383030303030393034,,,,,,,,,,,,,,Microsoft Visual C++ 2022 X86 Minimum Runtime - 14.40.33816,14.40.33816,1033,0,Microsoft Corporation,(NULL),,,,,,,,,,,,,,,,,,,,,,,,,,,,,,,,,,,,,,,,,,,,,,,,,,,,,,,,,,,,,,,,,,,,,,,,,,,,,,,,,,,
2026-03-26T05:20:01.748436Z,"{'#attributes': {'Qualifiers': 0}, '#text': 1042}",WIN-N4R0DVP0PKP,MsiInstaller,Application,35,4,,,,,,,,,,,,,,,,,,,,,,,,C:\ProgramData\Package Cache\{D7A66DA5-B103-45C1-A0A7-736C08E2F464}v14.40.33816\packages\vcRuntimeMinimum_x86\vc_runtimeMinimum_x86.msi,7140,(NULL),(NULL),(NULL),(NULL),,,,,,,,,,,,,,,,,,,,,,,,,,,,,,,,,,,,,,,,,,,,,,,,,,,,,,,,,,,,,,,,,,,,,,,,,,,,,,,,,,,
2026-03-26T05:20:01.774019Z,"{'#attributes': {'Qualifiers': 0}, '#text': 1040}",WIN-N4R0DVP0PKP,MsiInstaller,Application,36,4,,,,,,,,,,,,,,,,,,,,,,,,C:\ProgramData\Package Cache\{0DF1D9F9-6038-4641-AB6D-13DD654758A7}v14.40.33816\packages\vcRuntimeAdditional_x86\vc_runtimeAdditional_x86.msi,7140,(NULL),(NULL),(NULL),(NULL),,,,,,,,,,,,,,,,,,,,,,,,,,,,,,,,,,,,,,,,,,,,,,,,,,,,,,,,,,,,,,,,,,,,,,,,,,,,,,,,,,,
2026-03-26T05:20:02.178615Z,"{'#attributes': {'Qualifiers': 0}, '#text': 11707}",WIN-N4R0DVP0PKP,MsiInstaller,Application,37,4,,,,,,,,,,7B30444631443946392D363033382D343634312D414236442D3133444436353437353841377D,,,,,,,,,,,,,,Product: Microsoft Visual C++ 2022 X86 Additional Runtime - 14.40.33816 -- Installation completed successfully.,(NULL),(NULL),(NULL),(NULL),(NULL),,,,,,,,,,,,,,,,,,,,,,,,,,,,,,,,,,,,,,,,,,,,,,,,,,,,,,,,,,,,,,,,,,,,,,,,,,,,,,,,,,,
2026-03-26T05:20:02.178865Z,"{'#attributes': {'Qualifiers': 0}, '#text': 1033}",WIN-N4R0DVP0PKP,MsiInstaller,Application,38,4,,,,,,,,,,7B30444631443946392D363033382D343634312D414236442D3133444436353437353841377D3030303031366232616530313334303331623065373338383832383661343566663530313030303030393034,,,,,,,,,,,,,,Microsoft Visual C++ 2022 X86 Additional Runtime - 14.40.33816,14.40.33816,1033,0,Microsoft Corporation,(NULL),,,,,,,,,,,,,,,,,,,,,,,,,,,,,,,,,,,,,,,,,,,,,,,,,,,,,,,,,,,,,,,,,,,,,,,,,,,,,,,,,,,
2026-03-26T05:20:02.189124Z,"{'#attributes': {'Qualifiers': 0}, '#text': 1042}",WIN-N4R0DVP0PKP,MsiInstaller,Application,39,4,,,,,,,,,,,,,,,,,,,,,,,,C:\ProgramData\Package Cache\{0DF1D9F9-6038-4641-AB6D-13DD654758A7}v14.40.33816\packages\vcRuntimeAdditional_x86\vc_runtimeAdditional_x86.msi,7140,(NULL),(NULL),(NULL),(NULL),,,,,,,,,,,,,,,,,,,,,,,,,,,,,,,,,,,,,,,,,,,,,,,,,,,,,,,,,,,,,,,,,,,,,,,,,,,,,,,,,,,
2026-03-26T05:20:01.369929Z,10000,WIN-N4R0DVP0PKP,Microsoft-Windows-RestartManager,Application,40,4,,,,,,,,,,,,,,,,,,,,,,,,,,,,,,,,,,,,,,,,,,,,,,,,,,,,,,,,,,,,,,,,,,,,,,,,,,,,,,,,,,0,,,,,,,,,2026-03-26T05:20:01.369042Z,,,,,,http://www.microsoft.com/2005/08/Windows/Reliability/RestartManager/,,,,,,,,,,,,,,,
2026-03-26T05:20:01.739982Z,10001,WIN-N4R0DVP0PKP,Microsoft-Windows-RestartManager,Application,41,4,,,,,,,,,,,,,,,,,,,,,,,,,,,,,,,,,,,,,,,,,,,,,,,,,,,,,,,,,,,,,,,,,,,,,,,,,,,,,,,,,,0,,,,,,,,,2026-03-26T05:20:01.369042Z,,,,,,http://www.microsoft.com/2005/08/Windows/Reliability/RestartManager/,,,,,,,,,,,,,,,
2026-03-26T05:20:01.803824Z,10000,WIN-N4R0DVP0PKP,Microsoft-Windows-RestartManager,Application,42,4,,,,,,,,,,,,,,,,,,,,,,,,,,,,,,,,,,,,,,,,,,,,,,,,,,,,,,,,,,,,,,,,,,,,,,,,,,,,,,,,,,0,,,,,,,,,2026-03-26T05:20:01.803174Z,,,,,,http://www.microsoft.com/2005/08/Windows/Reliability/RestartManager/,,,,,,,,,,,,,,,
2026-03-26T05:20:02.182858Z,10001,WIN-N4R0DVP0PKP,Microsoft-Windows-RestartManager,Application,43,4,,,,,,,,,,,,,,,,,,,,,,,,,,,,,,,,,,,,,,,,,,,,,,,,,,,,,,,,,,,,,,,,,,,,,,,,,,,,,,,,,,0,,,,,,,,,2026-03-26T05:20:01.803174Z,,,,,,http://www.microsoft.com/2005/08/Windows/Reliability/RestartManager/,,,,,,,,,,,,,,,
2026-03-26T05:20:03.368053Z,"{'#attributes': {'Qualifiers': 0}, '#text': 1040}",WIN-N4R0DVP0PKP,MsiInstaller,Application,44,4,,,,,,,,,,,,,,,,,,,,,,,,C:\ProgramData\Package Cache\{560D2DA4-096E-4868-B22A-DA6418FDE6FB}v14.40.33816\packages\vcRuntimeMinimum_amd64\vc_runtimeMinimum_x64.msi,4560,(NULL),(NULL),(NULL),(NULL),,,,,,,,,,,,,,,,,,,,,,,,,,,,,,,,,,,,,,,,,,,,,,,,,,,,,,,,,,,,,,,,,,,,,,,,,,,,,,,,,,,
2026-03-26T05:20:03.765025Z,"{'#attributes': {'Qualifiers': 0}, '#text': 11707}",WIN-N4R0DVP0PKP,MsiInstaller,Application,45,4,,,,,,,,,,7B35363044324441342D303936452D343836382D423232412D4441363431384644453646427D,,,,,,,,,,,,,,Product: Microsoft Visual C++ 2022 X64 Minimum Runtime - 14.40.33816 -- Installation completed successfully.,(NULL),(NULL),(NULL),(NULL),(NULL),,,,,,,,,,,,,,,,,,,,,,,,,,,,,,,,,,,,,,,,,,,,,,,,,,,,,,,,,,,,,,,,,,,,,,,,,,,,,,,,,,,
2026-03-26T05:20:03.765286Z,"{'#attributes': {'Qualifiers': 0}, '#text': 1033}",WIN-N4R0DVP0PKP,MsiInstaller,Application,46,4,,,,,,,,,,7B35363044324441342D303936452D343836382D423232412D4441363431384644453646427D3030303037613735373532643833613463303537363365356263356364333662353038363030303030393034,,,,,,,,,,,,,,Microsoft Visual C++ 2022 X64 Minimum Runtime - 14.40.33816,14.40.33816,1033,0,Microsoft Corporation,(NULL),,,,,,,,,,,,,,,,,,,,,,,,,,,,,,,,,,,,,,,,,,,,,,,,,,,,,,,,,,,,,,,,,,,,,,,,,,,,,,,,,,,
2026-03-26T05:20:03.775614Z,"{'#attributes': {'Qualifiers': 0}, '#text': 1042}",WIN-N4R0DVP0PKP,MsiInstaller,Application,47,4,,,,,,,,,,,,,,,,,,,,,,,,C:\ProgramData\Package Cache\{560D2DA4-096E-4868-B22A-DA6418FDE6FB}v14.40.33816\packages\vcRuntimeMinimum_amd64\vc_runtimeMinimum_x64.msi,4560,(NULL),(NULL),(NULL),(NULL),,,,,,,,,,,,,,,,,,,,,,,,,,,,,,,,,,,,,,,,,,,,,,,,,,,,,,,,,,,,,,,,,,,,,,,,,,,,,,,,,,,
2026-03-26T05:20:03.790792Z,"{'#attributes': {'Qualifiers': 0}, '#text': 1040}",WIN-N4R0DVP0PKP,MsiInstaller,Application,48,4,,,,,,,,,,,,,,,,,,,,,,,,C:\ProgramData\Package Cache\{5904914B-9FC8-44C2-AE48-5C7F30A603EC}v14.40.33816\packages\vcRuntimeAdditional_amd64\vc_runtimeAdditional_x64.msi,4560,(NULL),(NULL),(NULL),(NULL),,,,,,,,,,,,,,,,,,,,,,,,,,,,,,,,,,,,,,,,,,,,,,,,,,,,,,,,,,,,,,,,,,,,,,,,,,,,,,,,,,,
2026-03-26T05:20:04.227000Z,"{'#attributes': {'Qualifiers': 0}, '#text': 11707}",WIN-N4R0DVP0PKP,MsiInstaller,Application,49,4,,,,,,,,,,7B35393034393134422D394643382D343443322D414534382D3543374633304136303345437D,,,,,,,,,,,,,,Product: Microsoft Visual C++ 2022 X64 Additional Runtime - 14.40.33816 -- Installation completed successfully.,(NULL),(NULL),(NULL),(NULL),(NULL),,,,,,,,,,,,,,,,,,,,,,,,,,,,,,,,,,,,,,,,,,,,,,,,,,,,,,,,,,,,,,,,,,,,,,,,,,,,,,,,,,,
2026-03-26T05:20:04.227441Z,"{'#attributes': {'Qualifiers': 0}, '#text': 1033}",WIN-N4R0DVP0PKP,MsiInstaller,Application,50,4,,,,,,,,,,7B35393034393134422D394643382D343443322D414534382D3543374633304136303345437D3030303031363866303436643236326633626638653262343566333162623865633763303030303030393034,,,,,,,,,,,,,,Microsoft Visual C++ 2022 X64 Additional Runtime - 14.40.33816,14.40.33816,1033,0,Microsoft Corporation,(NULL),,,,,,,,,,,,,,,,,,,,,,,,,,,,,,,,,,,,,,,,,,,,,,,,,,,,,,,,,,,,,,,,,,,,,,,,,,,,,,,,,,,
2026-03-26T05:20:04.238845Z,"{'#attributes': {'Qualifiers': 0}, '#text': 1042}",WIN-N4R0DVP0PKP,MsiInstaller,Application,51,4,,,,,,,,,,,,,,,,,,,,,,,,C:\ProgramData\Package Cache\{5904914B-9FC8-44C2-AE48-5C7F30A603EC}v14.40.33816\packages\vcRuntimeAdditional_amd64\vc_runtimeAdditional_x64.msi,4560,(NULL),(NULL),(NULL),(NULL),,,,,,,,,,,,,,,,,,,,,,,,,,,,,,,,,,,,,,,,,,,,,,,,,,,,,,,,,,,,,,,,,,,,,,,,,,,,,,,,,,,
2026-03-26T05:20:03.400149Z,10000,WIN-N4R0DVP0PKP,Microsoft-Windows-RestartManager,Application,52,4,,,,,,,,,,,,,,,,,,,,,,,,,,,,,,,,,,,,,,,,,,,,,,,,,,,,,,,,,,,,,,,,,,,,,,,,,,,,,,,,,,0,,,,,,,,,2026-03-26T05:20:03.399770Z,,,,,,http://www.microsoft.com/2005/08/Windows/Reliability/RestartManager/,,,,,,,,,,,,,,,
2026-03-26T05:20:03.768890Z,10001,WIN-N4R0DVP0PKP,Microsoft-Windows-RestartManager,Application,53,4,,,,,,,,,,,,,,,,,,,,,,,,,,,,,,,,,,,,,,,,,,,,,,,,,,,,,,,,,,,,,,,,,,,,,,,,,,,,,,,,,,0,,,,,,,,,2026-03-26T05:20:03.399770Z,,,,,,http://www.microsoft.com/2005/08/Windows/Reliability/RestartManager/,,,,,,,,,,,,,,,
2026-03-26T05:20:03.820614Z,10000,WIN-N4R0DVP0PKP,Microsoft-Windows-RestartManager,Application,54,4,,,,,,,,,,,,,,,,,,,,,,,,,,,,,,,,,,,,,,,,,,,,,,,,,,,,,,,,,,,,,,,,,,,,,,,,,,,,,,,,,,0,,,,,,,,,2026-03-26T05:20:03.820373Z,,,,,,http://www.microsoft.com/2005/08/Windows/Reliability/RestartManager/,,,,,,,,,,,,,,,
2026-03-26T05:20:04.231619Z,10001,WIN-N4R0DVP0PKP,Microsoft-Windows-RestartManager,Application,55,4,,,,,,,,,,,,,,,,,,,,,,,,,,,,,,,,,,,,,,,,,,,,,,,,,,,,,,,,,,,,,,,,,,,,,,,,,,,,,,,,,,0,,,,,,,,,2026-03-26T05:20:03.820373Z,,,,,,http://www.microsoft.com/2005/08/Windows/Reliability/RestartManager/,,,,,,,,,,,,,,,
2026-03-26T05:20:08.166505Z,"{'#attributes': {'Qualifiers': 0}, '#text': 4097}",WIN-N4R0DVP0PKP,Microsoft-Windows-CAPI2,Application,56,4,,,,,,,,,,,,,,,,,,,,,,,,"CN=DigiCert Assured ID Root CA, OU=www.digicert.com, O=DigiCert Inc, C=US",0563B8630D62D75ABBC8AB1E4BDFB5A899B24D43,,,,,,,,,,,,,,,,,,,,,,,,,,,,,,,,,,,,,,,,,,,,,,,,,,,,,,,,,,,,,,,,,,,,,,,,,,,,,,,,,,,,,,,
2026-03-26T05:20:12.460440Z,"{'#attributes': {'Qualifiers': 0}, '#text': 1040}",WIN-N4R0DVP0PKP,MsiInstaller,Application,57,4,,,,,,,,,,,,,,,,,,,,,,,,C:\Program Files\Common Files\VMware\InstallerCache\{AF083052-1662-4FCB-B9A8-D3F48DE0C06B}.msi,6056,(NULL),(NULL),(NULL),(NULL),,,,,,,,,,,,,,,,,,,,,,,,,,,,,,,,,,,,,,,,,,,,,,,,,,,,,,,,,,,,,,,,,,,,,,,,,,,,,,,,,,,
2026-03-26T05:20:34.627342Z,"{'#attributes': {'Qualifiers': 0}, '#text': 105}",WIN-N4R0DVP0PKP,VMTools,Application,58,4,,,,,,,,,,,,,,,,,,,,,,,,,,,,,,,,,,,,,,,,,,,,,,,,,,,,,,,,,,,,,,,,,,,,,,,,,,,,,,,,,,,,,,,,,,,,,,,,,,,,,,,,,,,,,,,,
2026-03-26T05:20:36.144455Z,"{'#attributes': {'Qualifiers': 16384}, '#text': 781}",WIN-N4R0DVP0PKP,Microsoft-Windows-Complus,Application,59,4,,,,,,,,,,,,,,,,,,,,,,,,,,,,,,,,,,,,,,,,,,,,,,,,,,,,,,,,,,,,,,,,,,,,,,,,,,,,,,,,,,,,,,,,,,,,,,,,,,,,,86400,,,,SuppressDuplicateDuration,Software\Microsoft\COM3\Eventlog,,,,,,
2026-03-26T05:20:41.006972Z,"{'#attributes': {'Qualifiers': 0}, '#text': 1038}",WIN-N4R0DVP0PKP,MsiInstaller,Application,60,4,,,,,,,,,,7B41463038333035322D313636322D344643422D423941382D4433463438444530433036427D3030303065303538366565376463656238636565636237383031623134373036643838373030303030393034,,,,,,,,,,,,,,VMware Tools,12.5.3.24819442,1033,1,2,"VMware, Inc.",,,,,,,,,,,,,,,,,,,,,,,,,,,,,,,,,,,,,,,,,,,,,,,,,,,,,,,,,,,,,,,,,,,,,,,,,,,,,,,,,,,
2026-03-26T05:20:41.041288Z,"{'#attributes': {'Qualifiers': 0}, '#text': 1042}",WIN-N4R0DVP0PKP,MsiInstaller,Application,61,4,,,,,,,,,,,,,,,,,,,,,,,,C:\Program Files\Common Files\VMware\InstallerCache\{AF083052-1662-4FCB-B9A8-D3F48DE0C06B}.msi,6056,(NULL),(NULL),(NULL),(NULL),,,,,,,,,,,,,,,,,,,,,,,,,,,,,,,,,,,,,,,,,,,,,,,,,,,,,,,,,,,,,,,,,,,,,,,,,,,,,,,,,,,
2026-03-26T05:20:43.940187Z,"{'#attributes': {'Qualifiers': 0}, '#text': 11707}",WIN-N4R0DVP0PKP,MsiInstaller,Application,62,4,,,,,,,,,,7B41463038333035322D313636322D344643422D423941382D4433463438444530433036427D,,,,,,,,,,,,,,Product: VMware Tools -- Installation completed successfully.,(NULL),(NULL),(NULL),(NULL),(NULL),,,,,,,,,,,,,,,,,,,,,,,,,,,,,,,,,,,,,,,,,,,,,,,,,,,,,,,,,,,,,,,,,,,,,,,,,,,,,,,,,,,
2026-03-26T05:20:43.940470Z,"{'#attributes': {'Qualifiers': 0}, '#text': 1033}",WIN-N4R0DVP0PKP,MsiInstaller,Application,63,4,,,,,,,,,,7B41463038333035322D313636322D344643422D423941382D4433463438444530433036427D3030303065303538366565376463656238636565636237383031623134373036643838373030303030393034,,,,,,,,,,,,,,VMware Tools,12.5.3.24819442,1033,0,"VMware, Inc.",(NULL),,,,,,,,,,,,,,,,,,,,,,,,,,,,,,,,,,,,,,,,,,,,,,,,,,,,,,,,,,,,,,,,,,,,,,,,,,,,,,,,,,,
2026-03-26T05:20:43.940762Z,"{'#attributes': {'Qualifiers': 0}, '#text': 1038}",WIN-N4R0DVP0PKP,MsiInstaller,Application,64,4,,,,,,,,,,7B41463038333035322D313636322D344643422D423941382D4433463438444530433036427D3030303065303538366565376463656238636565636237383031623134373036643838373030303030393034,,,,,,,,,,,,,,VMware Tools,12.5.3.24819442,1033,1,0,"VMware, Inc.",,,,,,,,,,,,,,,,,,,,,,,,,,,,,,,,,,,,,,,,,,,,,,,,,,,,,,,,,,,,,,,,,,,,,,,,,,,,,,,,,,,
2026-03-26T05:20:43.943114Z,"{'#attributes': {'Qualifiers': 0}, '#text': 1005}",WIN-N4R0DVP0PKP,MsiInstaller,Application,65,4,,,,,,,,,,7B41463038333035322D313636322D344643422D423941382D4433463438444530433036427D,,,,,,,,,,,,,,VMware Tools,(NULL),(NULL),(NULL),(NULL),(NULL),,,,,,,,,,,,,,,,,,,,,,,,,,,,,,,,,,,,,,,,,,,,,,,,,,,,,,,,,,,,,,,,,,,,,,,,,,,,,,,,,,,
2026-03-26T05:20:43.789824Z,1001,WIN-N4R0DVP0PKP,Windows Error Reporting,Application,66,4,,,,,,,,,"
\\?\C:\WINDOWS\LiveKernelReports\WATCHDOG\WATCHDOG-20260325-2220.dmp
\\?\C:\WINDOWS\SystemTemp\WER-265843-0.sysdata.xml
\\?\C:\ProgramData\Microsoft\Windows\WER\Temp\WER.6348921d-21db-4dba-bca9-7346eab204f4.tmp.WERInternalMetadata.xml
\\?\C:\ProgramData\Microsoft\Windows\WER\Temp\WER.086551b6-2092-43dc-ba79-f77f9c0c712b.tmp.csv
\\?\C:\ProgramData\Microsoft\Windows\WER\Temp\WER.b5bbf212-e4ed-44d2-94dc-9a1f611b3bbf.tmp.txt
\\?\C:\ProgramData\Microsoft\Windows\WER\Temp\WER.fe28f9df-1df2-44d8-a0d9-a297c14bfa51.tmp.xml",,,0,,,,,,0,0,,,,,,,,,,,,,,,,,,,LiveKernelEvent,,,,,,,,,,,,,,,,,,,1a8,,a,0,0,0,10_0_26100,0_0,272_3,,,,,,,,,,,0,,adce6cda-94ad-4a5e-ae60-9128eead73f4,4,,Not available,,,,,,\\?\C:\ProgramData\Microsoft\Windows\WER\ReportQueue\Kernel_1a8_1bb6b61f8d70287bd75b2b66f7a1d1e54e9a3a2_00000000_cab_adce6cda-94ad-4a5e-ae60-9128eead73f4,,,,,,,,,,,,,,,,,,,,,,,,,
2026-03-26T05:20:44.448062Z,1001,WIN-N4R0DVP0PKP,Windows Error Reporting,Application,67,4,,,,,,,,,"
\\?\C:\WINDOWS\LiveKernelReports\WATCHDOG\WATCHDOG-20260325-2220.dmp
\\?\C:\WINDOWS\SystemTemp\WER-265843-0.sysdata.xml
\\?\C:\ProgramData\Microsoft\Windows\WER\Temp\WER.6348921d-21db-4dba-bca9-7346eab204f4.tmp.WERInternalMetadata.xml
\\?\C:\ProgramData\Microsoft\Windows\WER\Temp\WER.086551b6-2092-43dc-ba79-f77f9c0c712b.tmp.csv
\\?\C:\ProgramData\Microsoft\Windows\WER\Temp\WER.b5bbf212-e4ed-44d2-94dc-9a1f611b3bbf.tmp.txt
\\?\C:\ProgramData\Microsoft\Windows\WER\Temp\WER.fe28f9df-1df2-44d8-a0d9-a297c14bfa51.tmp.xml",,,0,,,,,,0,0,,,,,,,,,,,,,,,,,,,LiveKernelEvent,,,,,,,,,,,,,,,,,,,1a8,,a,0,0,0,10_0_26100,0_0,272_3,,,,,,,,,,,0,,adce6cda-94ad-4a5e-ae60-9128eead73f4,100,,Not available,,,,,,\\?\C:\ProgramData\Microsoft\Windows\WER\ReportQueue\Kernel_1a8_1bb6b61f8d70287bd75b2b66f7a1d1e54e9a3a2_00000000_cab_adce6cda-94ad-4a5e-ae60-9128eead73f4,,,,,,,,,,,,,,,,,,,,,,,,,
2026-03-26T05:20:49.684650Z,"{'#attributes': {'Qualifiers': 32768}, '#text': 6000}",WIN-N4R0DVP0PKP,Microsoft-Windows-Winlogon,Application,68,4,,,,,,,,,,D9060000,,,,,,,,,,,,,WSearch,,,,,,,,,,,,,,,,,,,,,,,,,,,,,,,,,,,,,,,,,,,,,,,,,,,,,,,,,,,,,,,,,,,,,,,,,,,,,,,,,,,,,,,,,
2026-03-26T05:20:49.741144Z,"{'#attributes': {'Qualifiers': 32768}, '#text': 6000}",WIN-N4R0DVP0PKP,Microsoft-Windows-Winlogon,Application,69,4,,,,,,,,,,D9060000,,,,,,,,,,,,,SessionEnv,,,,,,,,,,,,,,,,,,,,,,,,,,,,,,,,,,,,,,,,,,,,,,,,,,,,,,,,,,,,,,,,,,,,,,,,,,,,,,,,,,,,,,,,,
2026-03-26T05:20:50.052776Z,"{'#attributes': {'Qualifiers': 0}, '#text': 260}",WIN-N4R0DVP0PKP,VMUpgradeHelper,Application,70,4,,,,,,,,,,,,,,,,,,,,,,,,,,,,,,,,,,,,,,,,,,,,,,,,,,,,,,,,,,,,,,,,,,,,,,,,,,,,,,,,,,,,,,,,,,,,,,,,,,,,,,,,,,,,,,,,
2026-03-26T05:20:50.053383Z,"{'#attributes': {'Qualifiers': 0}, '#text': 272}",WIN-N4R0DVP0PKP,VMUpgradeHelper,Application,71,4,,,,,,,,,,,,,,,,,,,,,,,,,,,,,,,,,,,,,,,,,,,,,,,,,,,,,,,,,,,,,,,,,,,,,,,,,,,,,,,,,,,,,,,,,,,,,,,,,,,,,,,,,,,,,,,,
2026-03-26T05:20:50.060484Z,"{'#attributes': {'Qualifiers': 0}, '#text': 108}",WIN-N4R0DVP0PKP,VMTools,Application,72,4,,,,,,,,,,,,,,,,,,,,,,,,,,,,,,,,,,,,,,,,,,,,,,,,,,,,,,,,,,,,,,,,,,,,,,,,,,,,,,,,,,,,,,,,,,,,,,,,,,,,,,,,,,,,,,,,
2026-03-26T05:20:50.259504Z,"{'#attributes': {'Qualifiers': 16384}, '#text': 903}",WIN-N4R0DVP0PKP,Microsoft-Windows-Security-SPP,Application,73,0,,,,,,,,,,,,,,,,,,,,,,,,,,,,,,,,,,,,,,,,,,,,,,,,,,,,,,,,,,,,,,,,,,,,,,,,,,,,,,,,,,,,,,,,,,,,,,,,,,,,,,,,,,,,,,,,
2026-03-26T05:20:49.230976Z,10002,WIN-N4R0DVP0PKP,Microsoft-Windows-Winsrv,Application,74,4,,explorer.exe,,,,,,,,,,,,,,,,,,,,,,,,,,,,,,,,,,,,,,,,,,,,,,,,,,,,,,,,,,,,,,,,,,,,,,,,,,,,,,,,,,,,,,,,,,,,,,,http://manifests.microsoft.com/win/2004/08/windows/winsrv,,,,,,,,,,,,,,,
2026-03-26T05:20:50.250330Z,1532,WIN-N4R0DVP0PKP,Microsoft-Windows-User Profiles Service,Application,75,4,,,,,,,,,,,,,,,,,,,,,,,,,,,,,,,,,,,,,,,,,,,,,,,,,,,,,,,,,,,,,,,,,,,,,,,,,,,,,,,,,,,,,,,,,,,,,,,,,,,,,,,,,,,,,,,,
2026-03-26T05:21:05.553599Z,1531,dc,Microsoft-Windows-User Profiles Service,Application,76,4,,,,,,,,,,,,,,,,,,,,,,,,,,,,,,,,,,,,,,,,,,,,,,,,,,,,,,,,,,,,,,,,,,,,,,,,,,,,,,,,,,,,,,,,,,,,,,,,,,,,,,,,,,,,,,,,
2026-03-26T05:21:06.449272Z,"{'#attributes': {'Qualifiers': 0}, '#text': 105}",dc,VMTools,Application,77,4,,,,,,,,,,,,,,,,,,,,,,,,,,,,,,,,,,,,,,,,,,,,,,,,,,,,,,,,,,,,,,,,,,,,,,,,,,,,,,,,,,,,,,,,,,,,,,,,,,,,,,,,,,,,,,,,
2026-03-26T05:21:06.687150Z,"{'#attributes': {'Qualifiers': 16384}, '#text': 900}",dc,Microsoft-Windows-Security-SPP,Application,78,4,,,,,,,,,,,,,,,,,,,,,,,TriggerStarted:6,,,,,,,,,,,,,,,,,,,,,,,,,,,,,,,,,,,,,,,,,,,,,,,,,,,,,,,,,,,,,,,,,,,,,,,,,,,,,,,,,,,,,,,,,
2026-03-26T05:21:06.827391Z,"{'#attributes': {'Qualifiers': 49152}, '#text': 16394}",dc,Microsoft-Windows-Security-SPP,Application,79,4,,,,,,,,,,,,,,,,,,,,,,,,,,,,,,,,,,,,,,,,,,,,,,,,,,,,,,,,,,,,,,,,,,,,,,,,,,,,,,,,,,,,,,,,,,,,,,,,,,,,,,,,,,,,,,,,
2026-03-26T05:21:06.837405Z,"{'#attributes': {'Qualifiers': 32770}, '#text': 4440}",dc,Microsoft-Windows-Complus,Application,80,3,,,,,,,,,,,,,,,,,,,,,,,,,,,,,,,,,,,,,,,,,,,,,,,,,,,,,,,,,,,,,,,,,,,,,,,,,,,,,,,,,,,,,,,,,,,,,,,,,,,,,"WIN-N4R0DVP0PKP

Server Application ID: {02D4B3F1-FD88-11D1-960D-00805FC79235}
Server Application Instance ID:
{AAD79465-2136-41A3-9D24-DA494754CC43}
Server Application Name: System Application
Comsvcs.dll file version: ENU 2001.12.10941.16384 shp",,,,,,,,,,,
