2026-06-03T20:23:37.684818Z,"{'#attributes': {'Qualifiers': 49152}, '#text': 16394}",dc.danglingtree.htb,Microsoft-Windows-Security-SPP,Application,2577,4,,,,,,,,,,,,,,,,,,,,,,,,,,,,,,,,,,,,,,,,,,,,,,,,,,,,,,,,,,,,,,,,,,,,,,,,,,,,,,,,,,,,,,,,,,,,,,,,,,,,,,,,,,,,,,,,
2026-06-03T20:23:40.137005Z,"{'#attributes': {'Qualifiers': 0}, '#text': 1000}",dc.danglingtree.htb,VGAuth,Application,2578,0,,,,,,,,,,,,,,,,,,,,,,,vmtoolsd: Username and password successfully validated for 'administrator',,,,,,,,,,,,,,,,,,,,,,,,,,,,,,,,,,,,,,,,,,,,,,,,,,,,,,,,,,,,,,,,,,,,,,,,,,,,,,,,,,,,,,,,,
2026-06-03T20:23:42.699342Z,"{'#attributes': {'Qualifiers': 0}, '#text': 1000}",dc.danglingtree.htb,VGAuth,Application,2579,0,,,,,,,,,,,,,,,,,,,,,,,vmtoolsd: Username and password successfully validated for 'administrator',,,,,,,,,,,,,,,,,,,,,,,,,,,,,,,,,,,,,,,,,,,,,,,,,,,,,,,,,,,,,,,,,,,,,,,,,,,,,,,,,,,,,,,,,
2026-06-03T20:23:45.210989Z,"{'#attributes': {'Qualifiers': 0}, '#text': 1000}",dc.danglingtree.htb,VGAuth,Application,2580,0,,,,,,,,,,,,,,,,,,,,,,,vmtoolsd: Username and password successfully validated for 'administrator',,,,,,,,,,,,,,,,,,,,,,,,,,,,,,,,,,,,,,,,,,,,,,,,,,,,,,,,,,,,,,,,,,,,,,,,,,,,,,,,,,,,,,,,,
2026-06-03T20:23:47.756657Z,"{'#attributes': {'Qualifiers': 0}, '#text': 1000}",dc.danglingtree.htb,VGAuth,Application,2581,0,,,,,,,,,,,,,,,,,,,,,,,vmtoolsd: Username and password successfully validated for 'administrator',,,,,,,,,,,,,,,,,,,,,,,,,,,,,,,,,,,,,,,,,,,,,,,,,,,,,,,,,,,,,,,,,,,,,,,,,,,,,,,,,,,,,,,,,
2026-06-03T20:23:50.327300Z,"{'#attributes': {'Qualifiers': 0}, '#text': 1000}",dc.danglingtree.htb,VGAuth,Application,2582,0,,,,,,,,,,,,,,,,,,,,,,,vmtoolsd: Username and password successfully validated for 'administrator',,,,,,,,,,,,,,,,,,,,,,,,,,,,,,,,,,,,,,,,,,,,,,,,,,,,,,,,,,,,,,,,,,,,,,,,,,,,,,,,,,,,,,,,,
2026-06-03T20:23:52.638233Z,"{'#attributes': {'Qualifiers': 0}, '#text': 1000}",dc.danglingtree.htb,VGAuth,Application,2583,0,,,,,,,,,,,,,,,,,,,,,,,vmtoolsd: Username and password successfully validated for 'administrator',,,,,,,,,,,,,,,,,,,,,,,,,,,,,,,,,,,,,,,,,,,,,,,,,,,,,,,,,,,,,,,,,,,,,,,,,,,,,,,,,,,,,,,,,
2026-06-03T20:23:54.972297Z,"{'#attributes': {'Qualifiers': 0}, '#text': 1000}",dc.danglingtree.htb,VGAuth,Application,2584,0,,,,,,,,,,,,,,,,,,,,,,,vmtoolsd: Username and password successfully validated for 'administrator',,,,,,,,,,,,,,,,,,,,,,,,,,,,,,,,,,,,,,,,,,,,,,,,,,,,,,,,,,,,,,,,,,,,,,,,,,,,,,,,,,,,,,,,,
2026-06-03T20:23:57.247672Z,"{'#attributes': {'Qualifiers': 0}, '#text': 1000}",dc.danglingtree.htb,VGAuth,Application,2585,0,,,,,,,,,,,,,,,,,,,,,,,vmtoolsd: Username and password successfully validated for 'administrator',,,,,,,,,,,,,,,,,,,,,,,,,,,,,,,,,,,,,,,,,,,,,,,,,,,,,,,,,,,,,,,,,,,,,,,,,,,,,,,,,,,,,,,,,
2026-06-03T20:23:59.826145Z,"{'#attributes': {'Qualifiers': 0}, '#text': 1000}",dc.danglingtree.htb,VGAuth,Application,2586,0,,,,,,,,,,,,,,,,,,,,,,,vmtoolsd: Username and password successfully validated for 'administrator',,,,,,,,,,,,,,,,,,,,,,,,,,,,,,,,,,,,,,,,,,,,,,,,,,,,,,,,,,,,,,,,,,,,,,,,,,,,,,,,,,,,,,,,,
2026-06-03T20:24:02.161100Z,"{'#attributes': {'Qualifiers': 0}, '#text': 1000}",dc.danglingtree.htb,VGAuth,Application,2587,0,,,,,,,,,,,,,,,,,,,,,,,vmtoolsd: Username and password successfully validated for 'administrator',,,,,,,,,,,,,,,,,,,,,,,,,,,,,,,,,,,,,,,,,,,,,,,,,,,,,,,,,,,,,,,,,,,,,,,,,,,,,,,,,,,,,,,,,
2026-06-03T20:24:04.820595Z,"{'#attributes': {'Qualifiers': 0}, '#text': 1000}",dc.danglingtree.htb,VGAuth,Application,2588,0,,,,,,,,,,,,,,,,,,,,,,,vmtoolsd: Username and password successfully validated for 'administrator',,,,,,,,,,,,,,,,,,,,,,,,,,,,,,,,,,,,,,,,,,,,,,,,,,,,,,,,,,,,,,,,,,,,,,,,,,,,,,,,,,,,,,,,,
2026-06-03T20:24:07.220784Z,"{'#attributes': {'Qualifiers': 0}, '#text': 1000}",dc.danglingtree.htb,VGAuth,Application,2589,0,,,,,,,,,,,,,,,,,,,,,,,vmtoolsd: Username and password successfully validated for 'administrator',,,,,,,,,,,,,,,,,,,,,,,,,,,,,,,,,,,,,,,,,,,,,,,,,,,,,,,,,,,,,,,,,,,,,,,,,,,,,,,,,,,,,,,,,
2026-06-03T20:24:08.889095Z,"{'#attributes': {'Qualifiers': 16384}, '#text': 16384}",dc.danglingtree.htb,Microsoft-Windows-Security-SPP,Application,2590,4,,,,,,,,,,,,,,,,,,,,,,,,2026-08-23T06:41:08Z,RulesEngine,,,,,,,,,,,,,,,,,,,,,,,,,,,,,,,,,,,,,,,,,,,,,,,,,,,,,,,,,,,,,,,,,,,,,,,,,,,,,,,,,,,,,,,
2026-06-03T20:24:09.751029Z,"{'#attributes': {'Qualifiers': 0}, '#text': 1000}",dc.danglingtree.htb,VGAuth,Application,2591,0,,,,,,,,,,,,,,,,,,,,,,,vmtoolsd: Username and password successfully validated for 'administrator',,,,,,,,,,,,,,,,,,,,,,,,,,,,,,,,,,,,,,,,,,,,,,,,,,,,,,,,,,,,,,,,,,,,,,,,,,,,,,,,,,,,,,,,,
2026-06-03T20:24:09.879062Z,1001,dc.danglingtree.htb,Microsoft-Windows-LoadPerf,Application,2592,4,,,,,,,,,,,,,,,,,,,,,,,,,,,,,,,,,,,,,,,,,,,,,,,,,,,,,,,,,,,,,,,,,,,,,,,,,,,,,,,,,,,,,,,,,,,,,,,,,LoadPerf,DA3C0000C4020000,8,,WmiApRpl,,,,WmiApRpl,,,,,,,
2026-06-03T20:24:10.588182Z,1000,dc.danglingtree.htb,Microsoft-Windows-LoadPerf,Application,2593,4,,,,,,,,,,,,,,,,,,,,,,,,,,,,,,,,,,,,,,,,,,,,,,,,,,,,,,,,,,,,,,,,,,,,,,,,,,,,,,,,,,,,,,,,,,,,,,,,,LoadPerf,DC3C0000823D0000,8,,WmiApRpl,,,,WmiApRpl,,,,,,,
2026-06-03T20:24:12.347761Z,"{'#attributes': {'Qualifiers': 0}, '#text': 1000}",dc.danglingtree.htb,VGAuth,Application,2594,0,,,,,,,,,,,,,,,,,,,,,,,vmtoolsd: Username and password successfully validated for 'administrator',,,,,,,,,,,,,,,,,,,,,,,,,,,,,,,,,,,,,,,,,,,,,,,,,,,,,,,,,,,,,,,,,,,,,,,,,,,,,,,,,,,,,,,,,
2026-06-03T20:24:14.839219Z,"{'#attributes': {'Qualifiers': 0}, '#text': 1000}",dc.danglingtree.htb,VGAuth,Application,2595,0,,,,,,,,,,,,,,,,,,,,,,,vmtoolsd: Username and password successfully validated for 'administrator',,,,,,,,,,,,,,,,,,,,,,,,,,,,,,,,,,,,,,,,,,,,,,,,,,,,,,,,,,,,,,,,,,,,,,,,,,,,,,,,,,,,,,,,,
2026-06-03T20:24:17.209439Z,"{'#attributes': {'Qualifiers': 0}, '#text': 1000}",dc.danglingtree.htb,VGAuth,Application,2596,0,,,,,,,,,,,,,,,,,,,,,,,vmtoolsd: Username and password successfully validated for 'administrator',,,,,,,,,,,,,,,,,,,,,,,,,,,,,,,,,,,,,,,,,,,,,,,,,,,,,,,,,,,,,,,,,,,,,,,,,,,,,,,,,,,,,,,,,
2026-06-03T20:24:19.816926Z,"{'#attributes': {'Qualifiers': 0}, '#text': 1000}",dc.danglingtree.htb,VGAuth,Application,2597,0,,,,,,,,,,,,,,,,,,,,,,,vmtoolsd: Username and password successfully validated for 'administrator',,,,,,,,,,,,,,,,,,,,,,,,,,,,,,,,,,,,,,,,,,,,,,,,,,,,,,,,,,,,,,,,,,,,,,,,,,,,,,,,,,,,,,,,,
2026-06-03T20:24:22.597151Z,"{'#attributes': {'Qualifiers': 0}, '#text': 1000}",dc.danglingtree.htb,VGAuth,Application,2598,0,,,,,,,,,,,,,,,,,,,,,,,vmtoolsd: Username and password successfully validated for 'administrator',,,,,,,,,,,,,,,,,,,,,,,,,,,,,,,,,,,,,,,,,,,,,,,,,,,,,,,,,,,,,,,,,,,,,,,,,,,,,,,,,,,,,,,,,
2026-06-03T20:24:25.391934Z,"{'#attributes': {'Qualifiers': 0}, '#text': 1000}",dc.danglingtree.htb,VGAuth,Application,2599,0,,,,,,,,,,,,,,,,,,,,,,,vmtoolsd: Username and password successfully validated for 'administrator',,,,,,,,,,,,,,,,,,,,,,,,,,,,,,,,,,,,,,,,,,,,,,,,,,,,,,,,,,,,,,,,,,,,,,,,,,,,,,,,,,,,,,,,,
2026-06-03T20:24:27.871157Z,"{'#attributes': {'Qualifiers': 0}, '#text': 1000}",dc.danglingtree.htb,VGAuth,Application,2600,0,,,,,,,,,,,,,,,,,,,,,,,vmtoolsd: Username and password successfully validated for 'administrator',,,,,,,,,,,,,,,,,,,,,,,,,,,,,,,,,,,,,,,,,,,,,,,,,,,,,,,,,,,,,,,,,,,,,,,,,,,,,,,,,,,,,,,,,
2026-06-03T20:24:30.376083Z,"{'#attributes': {'Qualifiers': 0}, '#text': 1000}",dc.danglingtree.htb,VGAuth,Application,2601,0,,,,,,,,,,,,,,,,,,,,,,,vmtoolsd: Username and password successfully validated for 'administrator',,,,,,,,,,,,,,,,,,,,,,,,,,,,,,,,,,,,,,,,,,,,,,,,,,,,,,,,,,,,,,,,,,,,,,,,,,,,,,,,,,,,,,,,,
2026-06-03T20:24:32.764015Z,"{'#attributes': {'Qualifiers': 0}, '#text': 1000}",dc.danglingtree.htb,VGAuth,Application,2602,0,,,,,,,,,,,,,,,,,,,,,,,vmtoolsd: Username and password successfully validated for 'administrator',,,,,,,,,,,,,,,,,,,,,,,,,,,,,,,,,,,,,,,,,,,,,,,,,,,,,,,,,,,,,,,,,,,,,,,,,,,,,,,,,,,,,,,,,
2026-06-03T20:24:35.150681Z,"{'#attributes': {'Qualifiers': 0}, '#text': 1000}",dc.danglingtree.htb,VGAuth,Application,2603,0,,,,,,,,,,,,,,,,,,,,,,,vmtoolsd: Username and password successfully validated for 'administrator',,,,,,,,,,,,,,,,,,,,,,,,,,,,,,,,,,,,,,,,,,,,,,,,,,,,,,,,,,,,,,,,,,,,,,,,,,,,,,,,,,,,,,,,,
2026-06-03T20:24:37.623692Z,"{'#attributes': {'Qualifiers': 0}, '#text': 1000}",dc.danglingtree.htb,VGAuth,Application,2604,0,,,,,,,,,,,,,,,,,,,,,,,vmtoolsd: Username and password successfully validated for 'administrator',,,,,,,,,,,,,,,,,,,,,,,,,,,,,,,,,,,,,,,,,,,,,,,,,,,,,,,,,,,,,,,,,,,,,,,,,,,,,,,,,,,,,,,,,
2026-06-03T20:24:39.944054Z,"{'#attributes': {'Qualifiers': 0}, '#text': 1000}",dc.danglingtree.htb,VGAuth,Application,2605,0,,,,,,,,,,,,,,,,,,,,,,,vmtoolsd: Username and password successfully validated for 'administrator',,,,,,,,,,,,,,,,,,,,,,,,,,,,,,,,,,,,,,,,,,,,,,,,,,,,,,,,,,,,,,,,,,,,,,,,,,,,,,,,,,,,,,,,,
2026-06-03T20:24:42.845241Z,"{'#attributes': {'Qualifiers': 0}, '#text': 1000}",dc.danglingtree.htb,VGAuth,Application,2606,0,,,,,,,,,,,,,,,,,,,,,,,vmtoolsd: Username and password successfully validated for 'administrator',,,,,,,,,,,,,,,,,,,,,,,,,,,,,,,,,,,,,,,,,,,,,,,,,,,,,,,,,,,,,,,,,,,,,,,,,,,,,,,,,,,,,,,,,
2026-06-03T20:24:45.176020Z,"{'#attributes': {'Qualifiers': 0}, '#text': 1000}",dc.danglingtree.htb,VGAuth,Application,2607,0,,,,,,,,,,,,,,,,,,,,,,,vmtoolsd: Username and password successfully validated for 'administrator',,,,,,,,,,,,,,,,,,,,,,,,,,,,,,,,,,,,,,,,,,,,,,,,,,,,,,,,,,,,,,,,,,,,,,,,,,,,,,,,,,,,,,,,,
2026-06-03T20:24:47.425700Z,"{'#attributes': {'Qualifiers': 0}, '#text': 1000}",dc.danglingtree.htb,VGAuth,Application,2608,0,,,,,,,,,,,,,,,,,,,,,,,vmtoolsd: Username and password successfully validated for 'administrator',,,,,,,,,,,,,,,,,,,,,,,,,,,,,,,,,,,,,,,,,,,,,,,,,,,,,,,,,,,,,,,,,,,,,,,,,,,,,,,,,,,,,,,,,
2026-06-03T20:24:49.996255Z,"{'#attributes': {'Qualifiers': 0}, '#text': 1000}",dc.danglingtree.htb,VGAuth,Application,2609,0,,,,,,,,,,,,,,,,,,,,,,,vmtoolsd: Username and password successfully validated for 'administrator',,,,,,,,,,,,,,,,,,,,,,,,,,,,,,,,,,,,,,,,,,,,,,,,,,,,,,,,,,,,,,,,,,,,,,,,,,,,,,,,,,,,,,,,,
2026-06-03T20:24:52.891392Z,"{'#attributes': {'Qualifiers': 0}, '#text': 1000}",dc.danglingtree.htb,VGAuth,Application,2610,0,,,,,,,,,,,,,,,,,,,,,,,vmtoolsd: Username and password successfully validated for 'administrator',,,,,,,,,,,,,,,,,,,,,,,,,,,,,,,,,,,,,,,,,,,,,,,,,,,,,,,,,,,,,,,,,,,,,,,,,,,,,,,,,,,,,,,,,
2026-06-03T20:24:55.149651Z,"{'#attributes': {'Qualifiers': 0}, '#text': 1000}",dc.danglingtree.htb,VGAuth,Application,2611,0,,,,,,,,,,,,,,,,,,,,,,,vmtoolsd: Username and password successfully validated for 'administrator',,,,,,,,,,,,,,,,,,,,,,,,,,,,,,,,,,,,,,,,,,,,,,,,,,,,,,,,,,,,,,,,,,,,,,,,,,,,,,,,,,,,,,,,,
2026-06-03T20:24:57.514667Z,"{'#attributes': {'Qualifiers': 0}, '#text': 1000}",dc.danglingtree.htb,VGAuth,Application,2612,0,,,,,,,,,,,,,,,,,,,,,,,vmtoolsd: Username and password successfully validated for 'administrator',,,,,,,,,,,,,,,,,,,,,,,,,,,,,,,,,,,,,,,,,,,,,,,,,,,,,,,,,,,,,,,,,,,,,,,,,,,,,,,,,,,,,,,,,
2026-06-03T20:24:59.748404Z,"{'#attributes': {'Qualifiers': 0}, '#text': 1000}",dc.danglingtree.htb,VGAuth,Application,2613,0,,,,,,,,,,,,,,,,,,,,,,,vmtoolsd: Username and password successfully validated for 'administrator',,,,,,,,,,,,,,,,,,,,,,,,,,,,,,,,,,,,,,,,,,,,,,,,,,,,,,,,,,,,,,,,,,,,,,,,,,,,,,,,,,,,,,,,,
2026-06-03T20:25:02.290410Z,"{'#attributes': {'Qualifiers': 0}, '#text': 1000}",dc.danglingtree.htb,VGAuth,Application,2614,0,,,,,,,,,,,,,,,,,,,,,,,vmtoolsd: Username and password successfully validated for 'administrator',,,,,,,,,,,,,,,,,,,,,,,,,,,,,,,,,,,,,,,,,,,,,,,,,,,,,,,,,,,,,,,,,,,,,,,,,,,,,,,,,,,,,,,,,
2026-06-03T20:25:04.979207Z,"{'#attributes': {'Qualifiers': 0}, '#text': 1000}",dc.danglingtree.htb,VGAuth,Application,2615,0,,,,,,,,,,,,,,,,,,,,,,,vmtoolsd: Username and password successfully validated for 'administrator',,,,,,,,,,,,,,,,,,,,,,,,,,,,,,,,,,,,,,,,,,,,,,,,,,,,,,,,,,,,,,,,,,,,,,,,,,,,,,,,,,,,,,,,,
2026-06-03T20:25:09.865401Z,"{'#attributes': {'Qualifiers': 0}, '#text': 1000}",dc.danglingtree.htb,VGAuth,Application,2616,0,,,,,,,,,,,,,,,,,,,,,,,vmtoolsd: Username and password successfully validated for 'administrator',,,,,,,,,,,,,,,,,,,,,,,,,,,,,,,,,,,,,,,,,,,,,,,,,,,,,,,,,,,,,,,,,,,,,,,,,,,,,,,,,,,,,,,,,
2026-06-03T20:25:12.549735Z,"{'#attributes': {'Qualifiers': 0}, '#text': 1000}",dc.danglingtree.htb,VGAuth,Application,2617,0,,,,,,,,,,,,,,,,,,,,,,,vmtoolsd: Username and password successfully validated for 'administrator',,,,,,,,,,,,,,,,,,,,,,,,,,,,,,,,,,,,,,,,,,,,,,,,,,,,,,,,,,,,,,,,,,,,,,,,,,,,,,,,,,,,,,,,,
2026-06-03T20:25:15.330797Z,"{'#attributes': {'Qualifiers': 0}, '#text': 1000}",dc.danglingtree.htb,VGAuth,Application,2618,0,,,,,,,,,,,,,,,,,,,,,,,vmtoolsd: Username and password successfully validated for 'administrator',,,,,,,,,,,,,,,,,,,,,,,,,,,,,,,,,,,,,,,,,,,,,,,,,,,,,,,,,,,,,,,,,,,,,,,,,,,,,,,,,,,,,,,,,
2026-06-03T20:25:18.145417Z,"{'#attributes': {'Qualifiers': 0}, '#text': 1000}",dc.danglingtree.htb,VGAuth,Application,2619,0,,,,,,,,,,,,,,,,,,,,,,,vmtoolsd: Username and password successfully validated for 'administrator',,,,,,,,,,,,,,,,,,,,,,,,,,,,,,,,,,,,,,,,,,,,,,,,,,,,,,,,,,,,,,,,,,,,,,,,,,,,,,,,,,,,,,,,,
2026-06-03T20:25:20.828262Z,"{'#attributes': {'Qualifiers': 0}, '#text': 1000}",dc.danglingtree.htb,VGAuth,Application,2620,0,,,,,,,,,,,,,,,,,,,,,,,vmtoolsd: Username and password successfully validated for 'administrator',,,,,,,,,,,,,,,,,,,,,,,,,,,,,,,,,,,,,,,,,,,,,,,,,,,,,,,,,,,,,,,,,,,,,,,,,,,,,,,,,,,,,,,,,
2026-06-03T20:25:21.286953Z,"{'#attributes': {'Qualifiers': 0}, '#text': 1000}",dc.danglingtree.htb,VGAuth,Application,2621,0,,,,,,,,,,,,,,,,,,,,,,,vmtoolsd: Username and password successfully validated for 'administrator',,,,,,,,,,,,,,,,,,,,,,,,,,,,,,,,,,,,,,,,,,,,,,,,,,,,,,,,,,,,,,,,,,,,,,,,,,,,,,,,,,,,,,,,,
2026-06-03T20:25:22.358816Z,"{'#attributes': {'Qualifiers': 0}, '#text': 1000}",dc.danglingtree.htb,VGAuth,Application,2622,0,,,,,,,,,,,,,,,,,,,,,,,vmtoolsd: Username and password successfully validated for 'administrator',,,,,,,,,,,,,,,,,,,,,,,,,,,,,,,,,,,,,,,,,,,,,,,,,,,,,,,,,,,,,,,,,,,,,,,,,,,,,,,,,,,,,,,,,
2026-06-03T20:25:22.413100Z,"{'#attributes': {'Qualifiers': 0}, '#text': 1000}",dc.danglingtree.htb,VGAuth,Application,2623,0,,,,,,,,,,,,,,,,,,,,,,,vmtoolsd: Username and password successfully validated for 'administrator',,,,,,,,,,,,,,,,,,,,,,,,,,,,,,,,,,,,,,,,,,,,,,,,,,,,,,,,,,,,,,,,,,,,,,,,,,,,,,,,,,,,,,,,,
2026-06-03T20:25:22.766100Z,"{'#attributes': {'Qualifiers': 0}, '#text': 1000}",dc.danglingtree.htb,VGAuth,Application,2624,0,,,,,,,,,,,,,,,,,,,,,,,vmtoolsd: Username and password successfully validated for 'administrator',,,,,,,,,,,,,,,,,,,,,,,,,,,,,,,,,,,,,,,,,,,,,,,,,,,,,,,,,,,,,,,,,,,,,,,,,,,,,,,,,,,,,,,,,
2026-06-03T20:25:22.811625Z,"{'#attributes': {'Qualifiers': 0}, '#text': 1000}",dc.danglingtree.htb,VGAuth,Application,2625,0,,,,,,,,,,,,,,,,,,,,,,,vmtoolsd: Username and password successfully validated for 'administrator',,,,,,,,,,,,,,,,,,,,,,,,,,,,,,,,,,,,,,,,,,,,,,,,,,,,,,,,,,,,,,,,,,,,,,,,,,,,,,,,,,,,,,,,,
2026-06-03T20:25:22.859947Z,"{'#attributes': {'Qualifiers': 0}, '#text': 1000}",dc.danglingtree.htb,VGAuth,Application,2626,0,,,,,,,,,,,,,,,,,,,,,,,vmtoolsd: Username and password successfully validated for 'administrator',,,,,,,,,,,,,,,,,,,,,,,,,,,,,,,,,,,,,,,,,,,,,,,,,,,,,,,,,,,,,,,,,,,,,,,,,,,,,,,,,,,,,,,,,
2026-06-03T20:25:22.907360Z,"{'#attributes': {'Qualifiers': 0}, '#text': 1000}",dc.danglingtree.htb,VGAuth,Application,2627,0,,,,,,,,,,,,,,,,,,,,,,,vmtoolsd: Username and password successfully validated for 'administrator',,,,,,,,,,,,,,,,,,,,,,,,,,,,,,,,,,,,,,,,,,,,,,,,,,,,,,,,,,,,,,,,,,,,,,,,,,,,,,,,,,,,,,,,,
2026-06-03T20:25:22.956645Z,"{'#attributes': {'Qualifiers': 0}, '#text': 1000}",dc.danglingtree.htb,VGAuth,Application,2628,0,,,,,,,,,,,,,,,,,,,,,,,vmtoolsd: Username and password successfully validated for 'administrator',,,,,,,,,,,,,,,,,,,,,,,,,,,,,,,,,,,,,,,,,,,,,,,,,,,,,,,,,,,,,,,,,,,,,,,,,,,,,,,,,,,,,,,,,
2026-06-03T20:25:24.951059Z,"{'#attributes': {'Qualifiers': 0}, '#text': 1000}",dc.danglingtree.htb,VGAuth,Application,2629,0,,,,,,,,,,,,,,,,,,,,,,,vmtoolsd: Username and password successfully validated for 'administrator',,,,,,,,,,,,,,,,,,,,,,,,,,,,,,,,,,,,,,,,,,,,,,,,,,,,,,,,,,,,,,,,,,,,,,,,,,,,,,,,,,,,,,,,,
2026-06-03T20:25:25.462902Z,"{'#attributes': {'Qualifiers': 0}, '#text': 1000}",dc.danglingtree.htb,VGAuth,Application,2630,0,,,,,,,,,,,,,,,,,,,,,,,vmtoolsd: Username and password successfully validated for 'administrator',,,,,,,,,,,,,,,,,,,,,,,,,,,,,,,,,,,,,,,,,,,,,,,,,,,,,,,,,,,,,,,,,,,,,,,,,,,,,,,,,,,,,,,,,
2026-06-03T20:25:27.964739Z,"{'#attributes': {'Qualifiers': 0}, '#text': 1000}",dc.danglingtree.htb,VGAuth,Application,2631,0,,,,,,,,,,,,,,,,,,,,,,,vmtoolsd: Username and password successfully validated for 'administrator',,,,,,,,,,,,,,,,,,,,,,,,,,,,,,,,,,,,,,,,,,,,,,,,,,,,,,,,,,,,,,,,,,,,,,,,,,,,,,,,,,,,,,,,,
2026-06-03T20:25:28.504504Z,"{'#attributes': {'Qualifiers': 0}, '#text': 1000}",dc.danglingtree.htb,VGAuth,Application,2632,0,,,,,,,,,,,,,,,,,,,,,,,vmtoolsd: Username and password successfully validated for 'administrator',,,,,,,,,,,,,,,,,,,,,,,,,,,,,,,,,,,,,,,,,,,,,,,,,,,,,,,,,,,,,,,,,,,,,,,,,,,,,,,,,,,,,,,,,
2026-06-03T20:25:29.493525Z,"{'#attributes': {'Qualifiers': 0}, '#text': 1000}",dc.danglingtree.htb,VGAuth,Application,2633,0,,,,,,,,,,,,,,,,,,,,,,,vmtoolsd: Username and password successfully validated for 'administrator',,,,,,,,,,,,,,,,,,,,,,,,,,,,,,,,,,,,,,,,,,,,,,,,,,,,,,,,,,,,,,,,,,,,,,,,,,,,,,,,,,,,,,,,,
2026-06-03T20:25:29.806191Z,"{'#attributes': {'Qualifiers': 0}, '#text': 1000}",dc.danglingtree.htb,VGAuth,Application,2634,0,,,,,,,,,,,,,,,,,,,,,,,vmtoolsd: Username and password successfully validated for 'administrator',,,,,,,,,,,,,,,,,,,,,,,,,,,,,,,,,,,,,,,,,,,,,,,,,,,,,,,,,,,,,,,,,,,,,,,,,,,,,,,,,,,,,,,,,
2026-06-03T20:25:29.868985Z,"{'#attributes': {'Qualifiers': 0}, '#text': 1000}",dc.danglingtree.htb,VGAuth,Application,2635,0,,,,,,,,,,,,,,,,,,,,,,,vmtoolsd: Username and password successfully validated for 'administrator',,,,,,,,,,,,,,,,,,,,,,,,,,,,,,,,,,,,,,,,,,,,,,,,,,,,,,,,,,,,,,,,,,,,,,,,,,,,,,,,,,,,,,,,,
2026-06-03T20:25:29.916712Z,"{'#attributes': {'Qualifiers': 0}, '#text': 1000}",dc.danglingtree.htb,VGAuth,Application,2636,0,,,,,,,,,,,,,,,,,,,,,,,vmtoolsd: Username and password successfully validated for 'administrator',,,,,,,,,,,,,,,,,,,,,,,,,,,,,,,,,,,,,,,,,,,,,,,,,,,,,,,,,,,,,,,,,,,,,,,,,,,,,,,,,,,,,,,,,
2026-06-03T20:25:29.980415Z,"{'#attributes': {'Qualifiers': 0}, '#text': 1000}",dc.danglingtree.htb,VGAuth,Application,2637,0,,,,,,,,,,,,,,,,,,,,,,,vmtoolsd: Username and password successfully validated for 'administrator',,,,,,,,,,,,,,,,,,,,,,,,,,,,,,,,,,,,,,,,,,,,,,,,,,,,,,,,,,,,,,,,,,,,,,,,,,,,,,,,,,,,,,,,,
2026-06-03T20:25:30.288503Z,"{'#attributes': {'Qualifiers': 0}, '#text': 1000}",dc.danglingtree.htb,VGAuth,Application,2638,0,,,,,,,,,,,,,,,,,,,,,,,vmtoolsd: Username and password successfully validated for 'administrator',,,,,,,,,,,,,,,,,,,,,,,,,,,,,,,,,,,,,,,,,,,,,,,,,,,,,,,,,,,,,,,,,,,,,,,,,,,,,,,,,,,,,,,,,
2026-06-03T20:25:30.766832Z,"{'#attributes': {'Qualifiers': 0}, '#text': 1000}",dc.danglingtree.htb,VGAuth,Application,2639,0,,,,,,,,,,,,,,,,,,,,,,,vmtoolsd: Username and password successfully validated for 'administrator',,,,,,,,,,,,,,,,,,,,,,,,,,,,,,,,,,,,,,,,,,,,,,,,,,,,,,,,,,,,,,,,,,,,,,,,,,,,,,,,,,,,,,,,,
2026-06-03T20:26:02.398252Z,"{'#attributes': {'Qualifiers': 32768}, '#text': 6000}",dc.danglingtree.htb,Microsoft-Windows-Winlogon,Application,2640,4,,,,,,,,,,D9060000,,,,,,,,,,,,,WSearch,,,,,,,,,,,,,,,,,,,,,,,,,,,,,,,,,,,,,,,,,,,,,,,,,,,,,,,,,,,,,,,,,,,,,,,,,,,,,,,,,,,,,,,,,
2026-06-03T20:26:05.516076Z,"{'#attributes': {'Qualifiers': 49152}, '#text': 16394}",dc.danglingtree.htb,Microsoft-Windows-Security-SPP,Application,2641,4,,,,,,,,,,,,,,,,,,,,,,,,,,,,,,,,,,,,,,,,,,,,,,,,,,,,,,,,,,,,,,,,,,,,,,,,,,,,,,,,,,,,,,,,,,,,,,,,,,,,,,,,,,,,,,,,
2026-06-03T20:26:22.221678Z,"{'#attributes': {'Qualifiers': 0}, '#text': 1000}",dc.danglingtree.htb,VGAuth,Application,2642,0,,,,,,,,,,,,,,,,,,,,,,,vmtoolsd: Username and password successfully validated for 'administrator',,,,,,,,,,,,,,,,,,,,,,,,,,,,,,,,,,,,,,,,,,,,,,,,,,,,,,,,,,,,,,,,,,,,,,,,,,,,,,,,,,,,,,,,,
2026-06-03T20:27:32.825237Z,"{'#attributes': {'Qualifiers': 16384}, '#text': 16384}",dc.danglingtree.htb,Microsoft-Windows-Security-SPP,Application,2643,4,,,,,,,,,,,,,,,,,,,,,,,,2026-08-23T06:40:35Z,RulesEngine,,,,,,,,,,,,,,,,,,,,,,,,,,,,,,,,,,,,,,,,,,,,,,,,,,,,,,,,,,,,,,,,,,,,,,,,,,,,,,,,,,,,,,,
2026-06-03T20:27:35.303964Z,1001,dc.danglingtree.htb,Windows Error Reporting,Application,2644,4,,,,,,,,,"
\\?\C:\Windows\Logs\MoSetup\UpdateAgent.log
\\?\C:\ProgramData\Microsoft\Windows\WER\Temp\WER.bc0f14e8-e129-43c9-a188-f384b1cc61b6.tmp.WERInternalMetadata.xml
\\?\C:\ProgramData\Microsoft\Windows\WER\Temp\WER.8a1fd930-18a0-4d19-998c-f6334f8192d2.tmp.csv
\\?\C:\ProgramData\Microsoft\Windows\WER\Temp\WER.34768d64-1052-4a65-ae6e-05f288ed28b1.tmp.txt
\\?\C:\ProgramData\Microsoft\Windows\WER\Temp\WER.9b6fcd47-b661-4471-89c6-4055e190974a.tmp.xml
\\?\C:\WINDOWS\logs\mosetup\UpdateAgent.log
\\?\C:\WINDOWS\logs\cbs\CBS.log
\\?\C:\WINDOWS\logs\windowsupdate\WindowsUpdate.20260404.162939.486.1.etl
\\?\C:\WINDOWS\logs\windowsupdate\WindowsUpdate.20260404.164807.862.1.etl
\\?\C:\WINDOWS\logs\windowsupdate\WindowsUpdate.20260404.175245.225.1.etl
\\?\C:\WINDOWS\logs\windowsupdate\WindowsUpdate.20260404.180226.210.1.etl
\\?\C:\WINDOWS\logs\windowsupdate\WindowsUpdate.20260404.184037.410.1.etl
\\?\C:\WINDOWS\logs\windowsupdate\WindowsUpdate.20260405.120426.675.1.etl
\\?\C:\WINDOWS\logs\windowsupdate\WindowsUpdate.20260405.130550.867.1.etl
\\?\C:\WINDOWS\logs\windowsupdate\WindowsUpdate.20260603.123849.428.1.etl
\\?\C:\WINDOWS\logs\windowsupdate\WindowsUpdate.20260603.124555.445.1.etl
\\?\C:\WINDOWS\logs\windowsupdate\WindowsUpdate.20260603.131458.717.1.etl
\\?\C:\WINDOWS\logs\windowsupdate\WindowsUpdate.20260603.131458.717.10.etl
\\?\C:\WINDOWS\logs\windowsupdate\WindowsUpdate.20260603.131458.717.11.etl
\\?\C:\WINDOWS\logs\windowsupdate\WindowsUpdate.20260603.131458.717.2.etl
\\?\C:\WINDOWS\logs\windowsupdate\WindowsUpdate.20260603.131458.717.3.etl
\\?\C:\WINDOWS\logs\windowsupdate\WindowsUpdate.20260603.131458.717.4.etl
\\?\C:\WINDOWS\logs\windowsupdate\WindowsUpdate.20260603.131458.717.5.etl
\\?\C:\WINDOWS\logs\windowsupdate\WindowsUpdate.20260603.131458.717.6.etl
\\?\C:\WINDOWS\logs\windowsupdate\WindowsUpdate.20260603.131458.717.7.etl
\\?\C:\WINDOWS\logs\windowsupdate\WindowsUpdate.20260603.131458.717.8.etl
\\?\C:\WINDOWS\logs\windowsupdate\WindowsUpdate.20260603.131458.717.9.etl
\\?\C:\ProgramData\usoshared\logs\system\UpdateSessionOrchestration.15bca148-b3dd-4c23-b00e-810a3ba6f5e5.1.etl
\\?\C:\ProgramData\usoshared\logs\system\UpdateSessionOrchestration.15bca148-b3dd-4c23-b00e-810a3ba6f5e5.2.etl
\\?\C:\ProgramData\usoshared\logs\system\UpdateSessionOrchestration.15bca148-b3dd-4c23-b00e-810a3ba6f5e5.3.etl
\\?\C:\ProgramData\usoshared\logs\system\UpdateSessionOrchestration.19c56c1d-54d3-4297-bb27-f5b9688aae10.1.etl
\\?\C:\ProgramData\usoshared\logs\system\UpdateSessionOrchestration.2dc642dd-23ec-4a7e-8f68-121c80886ab9.1.etl
\\?\C:\ProgramData\usoshared\logs\system\UpdateSessionOrchestration.44cda293-cc62-45a0-a259-603107376179.1.etl
\\?\C:\ProgramData\usoshared\logs\system\UpdateSessionOrchestration.4de408ea-2d34-417b-a47c-d8e5e88352a7.1.etl
\\?\C:\ProgramData\usoshared\logs\system\UpdateSessionOrchestration.51ca8068-11de-420d-b9a8-f47216809b7c.1.etl
\\?\C:\ProgramData\usoshared\logs\system\UpdateSessionOrchestration.55ec99a4-c451-4560-8794-ee3ab8eda464.1.etl
\\?\C:\ProgramData\usoshared\logs\system\UpdateSessionOrchestration.5e67258a-e74c-4a5e-980a-02963e55d4c4.1.etl
\\?\C:\ProgramData\usoshared\logs\system\UpdateSessionOrchestration.6c19a401-73ba-44a8-8bd0-8974d9ea56e2.1.etl
\\?\C:\ProgramData\usoshared\logs\system\UpdateSessionOrchestration.6c19a401-73ba-44a8-8bd0-8974d9ea56e2.2.etl
\\?\C:\ProgramData\usoshared\logs\system\UpdateSessionOrchestration.6c19a401-73ba-44a8-8bd0-8974d9ea56e2.3.etl
\\?\C:\ProgramData\usoshared\logs\system\UpdateSessionOrchestration.6c19a401-73ba-44a8-8bd0-8974d9ea56e2.4.etl
\\?\C:\ProgramData\usoshared\logs\system\UpdateSessionOrchestration.6c19a401-73ba-44a8-8bd0-8974d9ea56e2.5.etl
\\?\C:\ProgramData\usoshared\logs\system\UpdateSessionOrchestration.6c19a401-73ba-44a8-8bd0-8974d9ea56e2.6.etl
\\?\C:\ProgramData\usoshared\logs\system\UpdateSessionOrchestration.6c19a401-73ba-44a8-8bd0-8974d9ea56e2.7.etl
\\?\C:\ProgramData\usoshared\logs\system\UpdateSessionOrchestration.6c19a401-73ba-44a8-8bd0-8974d9ea56e2.8.etl
\\?\C:\ProgramData\usoshared\logs\system\UpdateSessionOrchestration.6c19a401-73ba-44a8-8bd0-8974d9ea56e2.9.etl
\\?\C:\ProgramData\usoshared\logs\system\UpdateSessionOrchestration.6ca9c7b2-ff3e-4418-aa88-48dc2846111f.1.etl
\\?\C:\ProgramData\usoshared\logs\system\UpdateSessionOrchestration.736d9408-2722-43c9-bde5-6a5910d086e8.1.etl
\\?\C:\ProgramData\usoshared\logs\system\UpdateSessionOrchestration.736d9408-2722-43c9-bde5-6a5910d086e8.2.etl
\\?\C:\ProgramData\usoshared\logs\system\UpdateSessionOrchestration.a53c3e93-6981-4e34-b5f7-c0238b9a24d4.1.etl
\\?\C:\ProgramData\usoshared\logs\system\UpdateSessionOrchestration.a53c3e93-6981-4e34-b5f7-c0238b9a24d4.2.etl
\\?\C:\ProgramData\usoshared\logs\system\UpdateSessionOrchestration.a597a86c-97e5-44a8-8b69-d048b430c845.1.etl
\\?\C:\ProgramData\usoshared\logs\system\UpdateSessionOrchestration.b78708ef-75d1-4936-bf60-886f2ba1b6ec.5.etl
\\?\C:\ProgramData\usoshared\logs\system\UpdateSessionOrchestration.b78708ef-75d1-4936-bf60-886f2ba1b6ec.6.etl
\\?\C:\ProgramData\usoshared\logs\system\UpdateSessionOrchestration.b78708ef-75d1-4936-bf60-886f2ba1b6ec.7.etl
\\?\C:\ProgramData\usoshared\logs\system\UpdateSessionOrchestration.b78708ef-75d1-4936-bf60-886f2ba1b6ec.8.etl
\\?\C:\ProgramData\usoshared\logs\system\UpdateSessionOrchestration.bee1cc31-e1af-44c1-917e-161d52b74022.1.etl
\\?\C:\ProgramData\usoshared\logs\system\UpdateSessionOrchestration.bfe1acf4-3b7f-4d22-927f-f6ad6ed82df2.1.etl
\\?\C:\ProgramData\usoshared\logs\system\UpdateSessionOrchestration.bfe1acf4-3b7f-4d22-927f-f6ad6ed82df2.2.etl
\\?\C:\ProgramData\usoshared\logs\system\UpdateSessionOrchestration.bfe1acf4-3b7f-4d22-927f-f6ad6ed82df2.3.etl
\\?\C:\ProgramData\usoshared\logs\system\UpdateSessionOrchestration.bfe1acf4-3b7f-4d22-927f-f6ad6ed82df2.4.etl
\\?\C:\ProgramData\usoshared\logs\system\UpdateSessionOrchestration.cd2b629c-6d3c-4cb6-88f6-ddbc75e4e309.1.etl
\\?\C:\ProgramData\usoshared\logs\system\UpdateSessionOrchestration.d3a7b5b9-f0e2-4baa-8e4e-ba54926ea5dc.1.etl
\\?\C:\ProgramData\usoshared\logs\system\UpdateSessionOrchestration.dbe17921-6ef7-473c-8702-539f34bdd048.1.etl
\\?\C:\ProgramData\usoshared\logs\system\UpdateSessionOrchestration.e5f69910-01a3-410e-957b-7a76a17e0b96.1.etl
\\?\C:\ProgramData\usoshared\logs\system\UpdateSessionOrchestration.e5f69910-01a3-410e-957b-7a76a17e0b96.2.etl
\\?\C:\ProgramData\usoshared\logs\system\UpdateSessionOrchestration.e5f69910-01a3-410e-957b-7a76a17e0b96.3.etl
\\?\C:\ProgramData\usoshared\logs\system\UpdateSessionOrchestration.e88fa265-f2b2-49dd-8b25-845ab15f1208.1.etl
\\?\C:\ProgramData\usoshared\logs\system\UpdateSessionOrchestration.f02c4276-fa4e-4c3b-9aaf-8865b7af32a6.1.etl
\\?\C:\ProgramData\usoprivate\updatestore\store.bak
\\?\C:\ProgramData\usoprivate\updatestore\store.db
\\?\C:\Windows\SystemTemp\WER.11937f0e-5c85-4fb4-a958-2cbc45ea0a56.tmp.reg.txt
\\?\C:\Windows\SystemTemp\WER.b9ebae96-e33f-4570-b963-d8a7a37820d6.tmp.WERDataCollectionStatus.txt",,2037985867396536152,5,,,,,,0,0,,,,,,,,,,,,,,,,,,,UpdateAgentDiag,,,,,,1570d87427f2261f6c486159436fd758,,,,,,,,,,,,,0,32230,X,1,0x80010108,amd64,26100,ge_release,26100,lt_release_svc_prod1,,,,,,,,,,0,,5fc40744-abc9-442e-b823-47043c162b27,12,,Not available,,,,,,\\?\C:\ProgramData\Microsoft\Windows\WER\ReportQueue\NonCritical_0_71ec83ec7619a07e30af11476ea0d8ec56ca386_00000000_cab_5fc40744-abc9-442e-b823-47043c162b27,,,,,,,,,,,,,,,,,,,,,,,,,
2026-06-03T20:27:56.502210Z,1001,dc.danglingtree.htb,Windows Error Reporting,Application,2645,4,,,,,,,,,"
\\?\C:\Windows\Logs\MoSetup\UpdateAgent.log
\\?\C:\ProgramData\Microsoft\Windows\WER\Temp\WER.84289bb1-7cf1-44f5-aed0-5b8e83c086ed.tmp.WERInternalMetadata.xml
\\?\C:\ProgramData\Microsoft\Windows\WER\Temp\WER.8de06835-7bee-4a93-81d1-acf356f889df.tmp.csv
\\?\C:\ProgramData\Microsoft\Windows\WER\Temp\WER.49c7faa9-d1fa-469e-9b67-628d16b93a10.tmp.txt
\\?\C:\ProgramData\Microsoft\Windows\WER\Temp\WER.3a07902e-ca7a-46b7-9371-240efaa99381.tmp.xml
\\?\C:\WINDOWS\logs\mosetup\UpdateAgent.log
\\?\C:\WINDOWS\logs\cbs\CBS.log
\\?\C:\WINDOWS\logs\windowsupdate\WindowsUpdate.20260404.162939.486.1.etl
\\?\C:\WINDOWS\logs\windowsupdate\WindowsUpdate.20260404.164807.862.1.etl
\\?\C:\WINDOWS\logs\windowsupdate\WindowsUpdate.20260404.175245.225.1.etl
\\?\C:\WINDOWS\logs\windowsupdate\WindowsUpdate.20260404.180226.210.1.etl
\\?\C:\WINDOWS\logs\windowsupdate\WindowsUpdate.20260404.184037.410.1.etl
\\?\C:\WINDOWS\logs\windowsupdate\WindowsUpdate.20260405.120426.675.1.etl
\\?\C:\WINDOWS\logs\windowsupdate\WindowsUpdate.20260405.130550.867.1.etl
\\?\C:\WINDOWS\logs\windowsupdate\WindowsUpdate.20260603.123849.428.1.etl
\\?\C:\WINDOWS\logs\windowsupdate\WindowsUpdate.20260603.124555.445.1.etl
\\?\C:\WINDOWS\logs\windowsupdate\WindowsUpdate.20260603.131458.717.1.etl
\\?\C:\WINDOWS\logs\windowsupdate\WindowsUpdate.20260603.131458.717.10.etl
\\?\C:\WINDOWS\logs\windowsupdate\WindowsUpdate.20260603.131458.717.11.etl
\\?\C:\WINDOWS\logs\windowsupdate\WindowsUpdate.20260603.131458.717.2.etl
\\?\C:\WINDOWS\logs\windowsupdate\WindowsUpdate.20260603.131458.717.3.etl
\\?\C:\WINDOWS\logs\windowsupdate\WindowsUpdate.20260603.131458.717.4.etl
\\?\C:\WINDOWS\logs\windowsupdate\WindowsUpdate.20260603.131458.717.5.etl
\\?\C:\WINDOWS\logs\windowsupdate\WindowsUpdate.20260603.131458.717.6.etl
\\?\C:\WINDOWS\logs\windowsupdate\WindowsUpdate.20260603.131458.717.7.etl
\\?\C:\WINDOWS\logs\windowsupdate\WindowsUpdate.20260603.131458.717.8.etl
\\?\C:\WINDOWS\logs\windowsupdate\WindowsUpdate.20260603.131458.717.9.etl
\\?\C:\ProgramData\usoshared\logs\system\UpdateSessionOrchestration.15bca148-b3dd-4c23-b00e-810a3ba6f5e5.1.etl
\\?\C:\ProgramData\usoshared\logs\system\UpdateSessionOrchestration.15bca148-b3dd-4c23-b00e-810a3ba6f5e5.2.etl
\\?\C:\ProgramData\usoshared\logs\system\UpdateSessionOrchestration.15bca148-b3dd-4c23-b00e-810a3ba6f5e5.3.etl
\\?\C:\ProgramData\usoshared\logs\system\UpdateSessionOrchestration.19c56c1d-54d3-4297-bb27-f5b9688aae10.1.etl
\\?\C:\ProgramData\usoshared\logs\system\UpdateSessionOrchestration.2dc642dd-23ec-4a7e-8f68-121c80886ab9.1.etl
\\?\C:\ProgramData\usoshared\logs\system\UpdateSessionOrchestration.44cda293-cc62-45a0-a259-603107376179.1.etl
\\?\C:\ProgramData\usoshared\logs\system\UpdateSessionOrchestration.4de408ea-2d34-417b-a47c-d8e5e88352a7.1.etl
\\?\C:\ProgramData\usoshared\logs\system\UpdateSessionOrchestration.51ca8068-11de-420d-b9a8-f47216809b7c.1.etl
\\?\C:\ProgramData\usoshared\logs\system\UpdateSessionOrchestration.55ec99a4-c451-4560-8794-ee3ab8eda464.1.etl
\\?\C:\ProgramData\usoshared\logs\system\UpdateSessionOrchestration.5e67258a-e74c-4a5e-980a-02963e55d4c4.1.etl
\\?\C:\ProgramData\usoshared\logs\system\UpdateSessionOrchestration.6c19a401-73ba-44a8-8bd0-8974d9ea56e2.1.etl
\\?\C:\ProgramData\usoshared\logs\system\UpdateSessionOrchestration.6c19a401-73ba-44a8-8bd0-8974d9ea56e2.2.etl
\\?\C:\ProgramData\usoshared\logs\system\UpdateSessionOrchestration.6c19a401-73ba-44a8-8bd0-8974d9ea56e2.3.etl
\\?\C:\ProgramData\usoshared\logs\system\UpdateSessionOrchestration.6c19a401-73ba-44a8-8bd0-8974d9ea56e2.4.etl
\\?\C:\ProgramData\usoshared\logs\system\UpdateSessionOrchestration.6c19a401-73ba-44a8-8bd0-8974d9ea56e2.5.etl
\\?\C:\ProgramData\usoshared\logs\system\UpdateSessionOrchestration.6c19a401-73ba-44a8-8bd0-8974d9ea56e2.6.etl
\\?\C:\ProgramData\usoshared\logs\system\UpdateSessionOrchestration.6c19a401-73ba-44a8-8bd0-8974d9ea56e2.7.etl
\\?\C:\ProgramData\usoshared\logs\system\UpdateSessionOrchestration.6c19a401-73ba-44a8-8bd0-8974d9ea56e2.8.etl
\\?\C:\ProgramData\usoshared\logs\system\UpdateSessionOrchestration.6c19a401-73ba-44a8-8bd0-8974d9ea56e2.9.etl
\\?\C:\ProgramData\usoshared\logs\system\UpdateSessionOrchestration.6ca9c7b2-ff3e-4418-aa88-48dc2846111f.1.etl
\\?\C:\ProgramData\usoshared\logs\system\UpdateSessionOrchestration.736d9408-2722-43c9-bde5-6a5910d086e8.1.etl
\\?\C:\ProgramData\usoshared\logs\system\UpdateSessionOrchestration.736d9408-2722-43c9-bde5-6a5910d086e8.2.etl
\\?\C:\ProgramData\usoshared\logs\system\UpdateSessionOrchestration.a53c3e93-6981-4e34-b5f7-c0238b9a24d4.1.etl
\\?\C:\ProgramData\usoshared\logs\system\UpdateSessionOrchestration.a53c3e93-6981-4e34-b5f7-c0238b9a24d4.2.etl
\\?\C:\ProgramData\usoshared\logs\system\UpdateSessionOrchestration.a597a86c-97e5-44a8-8b69-d048b430c845.1.etl
\\?\C:\ProgramData\usoshared\logs\system\UpdateSessionOrchestration.b78708ef-75d1-4936-bf60-886f2ba1b6ec.5.etl
\\?\C:\ProgramData\usoshared\logs\system\UpdateSessionOrchestration.b78708ef-75d1-4936-bf60-886f2ba1b6ec.6.etl
\\?\C:\ProgramData\usoshared\logs\system\UpdateSessionOrchestration.b78708ef-75d1-4936-bf60-886f2ba1b6ec.7.etl
\\?\C:\ProgramData\usoshared\logs\system\UpdateSessionOrchestration.b78708ef-75d1-4936-bf60-886f2ba1b6ec.8.etl
\\?\C:\ProgramData\usoshared\logs\system\UpdateSessionOrchestration.bee1cc31-e1af-44c1-917e-161d52b74022.1.etl
\\?\C:\ProgramData\usoshared\logs\system\UpdateSessionOrchestration.bfe1acf4-3b7f-4d22-927f-f6ad6ed82df2.1.etl
\\?\C:\ProgramData\usoshared\logs\system\UpdateSessionOrchestration.bfe1acf4-3b7f-4d22-927f-f6ad6ed82df2.2.etl
\\?\C:\ProgramData\usoshared\logs\system\UpdateSessionOrchestration.bfe1acf4-3b7f-4d22-927f-f6ad6ed82df2.3.etl
\\?\C:\ProgramData\usoshared\logs\system\UpdateSessionOrchestration.bfe1acf4-3b7f-4d22-927f-f6ad6ed82df2.4.etl
\\?\C:\ProgramData\usoshared\logs\system\UpdateSessionOrchestration.cd2b629c-6d3c-4cb6-88f6-ddbc75e4e309.1.etl
\\?\C:\ProgramData\usoshared\logs\system\UpdateSessionOrchestration.d3a7b5b9-f0e2-4baa-8e4e-ba54926ea5dc.1.etl
\\?\C:\ProgramData\usoshared\logs\system\UpdateSessionOrchestration.dbe17921-6ef7-473c-8702-539f34bdd048.1.etl
\\?\C:\ProgramData\usoshared\logs\system\UpdateSessionOrchestration.e5f69910-01a3-410e-957b-7a76a17e0b96.1.etl
\\?\C:\ProgramData\usoshared\logs\system\UpdateSessionOrchestration.e5f69910-01a3-410e-957b-7a76a17e0b96.2.etl
\\?\C:\ProgramData\usoshared\logs\system\UpdateSessionOrchestration.e5f69910-01a3-410e-957b-7a76a17e0b96.3.etl
\\?\C:\ProgramData\usoshared\logs\system\UpdateSessionOrchestration.e88fa265-f2b2-49dd-8b25-845ab15f1208.1.etl
\\?\C:\ProgramData\usoshared\logs\system\UpdateSessionOrchestration.f02c4276-fa4e-4c3b-9aaf-8865b7af32a6.1.etl
\\?\C:\ProgramData\usoprivate\updatestore\store.bak
\\?\C:\ProgramData\usoprivate\updatestore\store.db
\\?\C:\Windows\SystemTemp\WER.9d70c2bf-f3b4-4d77-822d-c642031a2820.tmp.reg.txt
\\?\C:\Windows\SystemTemp\WER.ae1475bb-2e3f-4b4f-9a23-f5bf7bd3983e.tmp.WERDataCollectionStatus.txt",,1517903361124069710,5,,,,,,3bb3be1b-738d-42df-ba4c-db5aab0f5e9f,1895130725679586975,,,,,,,,,,,,,,,,,,,UpdateAgentDiag,,,,,,695afd0808f538372510ad10932bf14e,,,,,,,,,,,,,0,32860,X,1,0x8007045B,amd64,26100,ge_release,26100,lt_release_svc_prod1,,,,,,,,,,0,,e6e14933-aee5-4701-b8e8-7b87d66bcfc6,268435464,,Not available,,,,,,\\?\C:\ProgramData\Microsoft\Windows\WER\ReportArchive\NonCritical_0_49ab478e6f3e7c4d8ed9ebf6a43ac9209fe5258b_00000000_cab_e6e14933-aee5-4701-b8e8-7b87d66bcfc6,,,,,,,,,,,,,,,,,,,,,,,,,
2026-06-03T20:28:02.472909Z,1532,dc.danglingtree.htb,Microsoft-Windows-User Profiles Service,Application,2646,4,,,,,,,,,,,,,,,,,,,,,,,,,,,,,,,,,,,,,,,,,,,,,,,,,,,,,,,,,,,,,,,,,,,,,,,,,,,,,,,,,,,,,,,,,,,,,,,,,,,,,,,,,,,,,,,,
2026-06-03T20:28:03.800972Z,1000,dc.danglingtree.htb,Application Error,Application,2647,2,,WindowsAdminCenterAccountManagement.exe,C:\Program Files\WindowsAdminCenter\Service\WindowsAdminCenterAccountManagement.exe,69340000,,2.6.11.4,,,,,,,,,,,,,,,,,,,,,,,,,,,,,,,,,e0434352,,00000000000ca80a,,,,2e2dd86b-bcde-46b5-9be7-4752d36affec,,,,KERNELBASE.dll,C:\WINDOWS\System32\KERNELBASE.dll,93531557,10.0.26100.32230,,,,,,,,,,,,,,,,,,,,0x1dcf3959b5bbc06,0x137c,,,,,,,,,,,,,,,,,,,,,,,,,,,,,,,,,,,,,,,
2026-06-03T20:28:03.876054Z,38,dc.danglingtree.htb,Microsoft-Windows-CertificationAuthority,Application,2648,4,,,,,,,,,,,,,,,,,danglingtree-DC-CA,,,,,,,,,,,,,,,,,,,,,,,,,,,,,,,,,,,,,,,,,,,,,,,,,,,,,,,,,,,,,,,,,,,,,,,,,,,,,,,MSG_I_SERVER_STOPPED,,,,,,,,,,,,,,,,
2026-06-03T20:28:09.169173Z,1001,dc.danglingtree.htb,Windows Error Reporting,Application,2649,4,,,,,,,,,"
\\?\C:\ProgramData\Microsoft\Windows\WER\Temp\WER.2df3c649-0596-41dd-9580-ee10b5d96e1f.tmp.mdmp
\\?\C:\ProgramData\Microsoft\Windows\WER\Temp\WER.4e3abf85-2ecb-43c9-9181-f7f4f18d69ce.tmp.WERInternalMetadata.xml
\\?\C:\ProgramData\Microsoft\Windows\WER\Temp\WER.753194a0-b51b-42cd-9288-0f9673eca086.tmp.xml
\\?\C:\Windows\SystemTemp\WER.cc48f020-a6e0-4cbf-abab-f64c46d4d10e.tmp.appcompat.txt",,,0,,,,,,0,0,,,,,,,,,,,,,,,,,,,APPCRASH,,,,,,,,,,,,,,,,,,,WindowsAdminCenterAccountManagement.exe,,2.6.11.4,69340000,KERNELBASE.dll,10.0.26100.32230,93531557,e0434352,00000000000ca80a,,,,,,,,,,,0,,2e2dd86b-bcde-46b5-9be7-4752d36affec,4,,Not available,,,,,,\\?\C:\ProgramData\Microsoft\Windows\WER\ReportQueue\AppCrash_WindowsAdminCent_a6fb81939b9f405e50f372bdcaf57e747b9d9ae_67a50925_cab_0c429f53-463b-43de-9d36-235bff0657bc,,,,,,,,,,,,,,,,,,,,,,,,,
2026-06-03T20:28:30.259145Z,1531,dc.danglingtree.htb,Microsoft-Windows-User Profiles Service,Application,2650,4,,,,,,,,,,,,,,,,,,,,,,,,,,,,,,,,,,,,,,,,,,,,,,,,,,,,,,,,,,,,,,,,,,,,,,,,,,,,,,,,,,,,,,,,,,,,,,,,,,,,,,,,,,,,,,,,
2026-06-03T20:28:40.495456Z,"{'#attributes': {'Qualifiers': 0}, '#text': 105}",dc.danglingtree.htb,VMTools,Application,2651,4,,,,,,,,,,,,,,,,,,,,,,,,,,,,,,,,,,,,,,,,,,,,,,,,,,,,,,,,,,,,,,,,,,,,,,,,,,,,,,,,,,,,,,,,,,,,,,,,,,,,,,,,,,,,,,,,
2026-06-03T20:28:39.829160Z,5615,dc.danglingtree.htb,Microsoft-Windows-WMI,Application,2652,4,,,,,,,,,,,,,,,,,,,,,,,,,,,,,,,,,,,,,,,,,,,,,,,,,,,,,,,,,,,,,,,,,,,,,,,,,,,,,,,,,,,,,,,,,,,,,,,,,,,,,,,,,,,,,,,,
2026-06-03T20:28:42.649677Z,"{'#attributes': {'Qualifiers': 16384}, '#text': 781}",dc.danglingtree.htb,Microsoft-Windows-Complus,Application,2653,4,,,,,,,,,,,,,,,,,,,,,,,,,,,,,,,,,,,,,,,,,,,,,,,,,,,,,,,,,,,,,,,,,,,,,,,,,,,,,,,,,,,,,,,,,,,,,,,,,,,,,86400,,,,SuppressDuplicateDuration,Software\Microsoft\COM3\Eventlog,,,,,,
2026-06-03T20:28:43.298219Z,5617,dc.danglingtree.htb,Microsoft-Windows-WMI,Application,2654,4,,,,,,,,,,,,,,,,,,,,,,,,,,,,,,,,,,,,,,,,,,,,,,,,,,,,,,,,,,,,,,,,,,,,,,,,,,,,,,,,,,,,,,,,,,,,,,,,,,,,,,,,,,,,,,,,
2026-06-03T20:28:44.183174Z,"{'#attributes': {'Qualifiers': 16384}, '#text': 4202}",dc.danglingtree.htb,Microsoft-Windows-MSDTC 2,Application,2655,4,,,,,,,,,,,,,,,,,,,,,,,,,,,,,,,,,,,,,,,,,,,,,,,,,,,,,,,,,,,,,,,,,,,,,,,,,,,,,,,,,,,,,,,,,,,,,,,,,,,,,0,0,0,1,0,0,0,0,0,1,Mutual Authentication Required,NT AUTHORITY\NetworkService
2026-06-03T20:28:48.818401Z,"{'#attributes': {'Qualifiers': 0}, '#text': 258}",dc.danglingtree.htb,VMUpgradeHelper,Application,2656,4,,,,,,,,,,,,,,,,,,,,,,,,,,,,,,,,,,,,,,,,,,,,,,,,,,,,,,,,,,,,,,,,,,,,,,,,,,,,,,,,,,,,,,,,,,,,,,,,,,,,,,,,,,,,,,,,
2026-06-03T20:28:51.293324Z,"{'#attributes': {'Qualifiers': 0}, '#text': 271}",dc.danglingtree.htb,VMUpgradeHelper,Application,2657,4,,,,,,,,,,,,,,,,,,,,,,,,,,,,,,,,,,,,,,,,,,,,,,,,,,,,,,,,,,,,,,,,,,,,,,,,,,,,,,,,,,,,,,,,,,,,,,,,,,,,,,,,,,,,,,,,
2026-06-03T20:28:51.396637Z,"{'#attributes': {'Qualifiers': 16384}, '#text': 900}",dc.danglingtree.htb,Microsoft-Windows-Security-SPP,Application,2658,4,,,,,,,,,,,,,,,,,,,,,,,TriggerStarted:6,,,,,,,,,,,,,,,,,,,,,,,,,,,,,,,,,,,,,,,,,,,,,,,,,,,,,,,,,,,,,,,,,,,,,,,,,,,,,,,,,,,,,,,,,
2026-06-03T20:28:52.666882Z,"{'#attributes': {'Qualifiers': 49152}, '#text': 16394}",dc.danglingtree.htb,Microsoft-Windows-Security-SPP,Application,2659,4,,,,,,,,,,,,,,,,,,,,,,,,,,,,,,,,,,,,,,,,,,,,,,,,,,,,,,,,,,,,,,,,,,,,,,,,,,,,,,,,,,,,,,,,,,,,,,,,,,,,,,,,,,,,,,,,
2026-06-03T20:28:53.171601Z,"{'#attributes': {'Qualifiers': 16384}, '#text': 1066}",dc.danglingtree.htb,Microsoft-Windows-Security-SPP,Application,2660,4,,,,,,,,,,,,,,,,,,,,,,,"C:\WINDOWS\system32\sppwinob.dll, msft:spp/windowsfunctionality/agent/7.0, 0x00000000, 0x00000000
C:\WINDOWS\system32\sppobjs.dll, msft:rm/algorithm/inherited/1.0, 0x00000000, 0x00000000
C:\WINDOWS\system32\sppobjs.dll, msft:rm/algorithm/phone/1.0, 0x00000000, 0x00000000
C:\WINDOWS\system32\sppobjs.dll, msft:rm/algorithm/pkey/detect, 0x00000000, 0x00000000
C:\WINDOWS\system32\sppobjs.dll, msft:spp/ActionScheduler/1.0, 0x00000000, 0x00000000
C:\WINDOWS\system32\sppobjs.dll, msft:spp/TaskScheduler/1.0, 0x00000000, 0x00000000
C:\WINDOWS\system32\sppobjs.dll, msft:spp/statecollector/pkey, 0x00000000, 0x00000000
C:\WINDOWS\system32\sppobjs.dll, msft:spp/volume/services/kms/1.0, 0x00000000, 0x00000000
C:\WINDOWS\system32\sppobjs.dll, msft:spp/volume/services/kms/activationinfo/1.0, 0x00000000, 0x00000000
",,,,,,,,,,,,,,,,,,,,,,,,,,,,,,,,,,,,,,,,,,,,,,,,,,,,,,,,,,,,,,,,,,,,,,,,,,,,,,,,,,,,,,,,,
2026-06-03T20:28:53.607745Z,"{'#attributes': {'Qualifiers': 16384}, '#text': 1004}",dc.danglingtree.htb,Microsoft-Windows-Security-SPP,Application,2661,4,,,,,,,,,,,,,,,,,,,,,,,,CLIENT-RAC Issuance License,95c2c6b8-ea2f-431d-8902-eeafc6376965,,,,,,,,,,,,,,,,,,,,,,,,,,,,,,,,,,,,,,,,,,,,,,,,,,,,,,,,,,,,,,,,,,,,,,,,,,,,,,,,,,,,,,,
2026-06-03T20:28:53.616608Z,"{'#attributes': {'Qualifiers': 16384}, '#text': 1004}",dc.danglingtree.htb,Microsoft-Windows-Security-SPP,Application,2662,4,,,,,,,,,,,,,,,,,,,,,,,,CLIENT-SPC Issuance License,57d6dc1b-f556-4f5b-935b-3b379fd9dda8,,,,,,,,,,,,,,,,,,,,,,,,,,,,,,,,,,,,,,,,,,,,,,,,,,,,,,,,,,,,,,,,,,,,,,,,,,,,,,,,,,,,,,,
2026-06-03T20:28:53.624107Z,"{'#attributes': {'Qualifiers': 16384}, '#text': 1004}",dc.danglingtree.htb,Microsoft-Windows-Security-SPP,Application,2663,4,,,,,,,,,,,,,,,,,,,,,,,,Generic Rights Account Certificate (Private),bc6f46d3-18d9-46f5-9818-aa00ec832013,,,,,,,,,,,,,,,,,,,,,,,,,,,,,,,,,,,,,,,,,,,,,,,,,,,,,,,,,,,,,,,,,,,,,,,,,,,,,,,,,,,,,,,
2026-06-03T20:28:53.633564Z,"{'#attributes': {'Qualifiers': 16384}, '#text': 1004}",dc.danglingtree.htb,Microsoft-Windows-Security-SPP,Application,2664,4,,,,,,,,,,,,,,,,,,,,,,,,Generic Rights Account Certificate (Public),0a256b47-0b27-4145-a5b8-79422fb539cc,,,,,,,,,,,,,,,,,,,,,,,,,,,,,,,,,,,,,,,,,,,,,,,,,,,,,,,,,,,,,,,,,,,,,,,,,,,,,,,,,,,,,,,
2026-06-03T20:28:53.695593Z,"{'#attributes': {'Qualifiers': 16384}, '#text': 1004}",dc.danglingtree.htb,Microsoft-Windows-Security-SPP,Application,2665,4,,,,,,,,,,,,,,,,,,,,,,,,Generic Security Processor Certificate (Private),77ba058e-7d3b-4cbf-be4a-ffe6bb75db60,,,,,,,,,,,,,,,,,,,,,,,,,,,,,,,,,,,,,,,,,,,,,,,,,,,,,,,,,,,,,,,,,,,,,,,,,,,,,,,,,,,,,,,
2026-06-03T20:28:53.712606Z,"{'#attributes': {'Qualifiers': 16384}, '#text': 1004}",dc.danglingtree.htb,Microsoft-Windows-Security-SPP,Application,2666,4,,,,,,,,,,,,,,,,,,,,,,,,Generic Security Processor Certificate (Public),80bedb87-dba9-455b-98c8-a61f025d6a5b,,,,,,,,,,,,,,,,,,,,,,,,,,,,,,,,,,,,,,,,,,,,,,,,,,,,,,,,,,,,,,,,,,,,,,,,,,,,,,,,,,,,,,,
2026-06-03T20:28:53.970650Z,"{'#attributes': {'Qualifiers': 0}, '#text': 0}",dc.danglingtree.htb,WindowsAdminCenterAccountManagement,Application,2667,4,,,,,,,,,,,,,,,,,,,,,,,Service started successfully.,,,,,,,,,,,,,,,,,,,,,,,,,,,,,,,,,,,,,,,,,,,,,,,,,,,,,,,,,,,,,,,,,,,,,,,,,,,,,,,,,,,,,,,,,
2026-06-03T20:28:53.972809Z,"{'#attributes': {'Qualifiers': 16384}, '#text': 1004}",dc.danglingtree.htb,Microsoft-Windows-Security-SPP,Application,2668,4,,,,,,,,,,,,,,,,,,,,,,,,XrML 2.1 License - Product Key Configuration,71ce6518-3581-46da-948d-083c57061836,,,,,,,,,,,,,,,,,,,,,,,,,,,,,,,,,,,,,,,,,,,,,,,,,,,,,,,,,,,,,,,,,,,,,,,,,,,,,,,,,,,,,,,
2026-06-03T20:28:53.981651Z,"{'#attributes': {'Qualifiers': 16384}, '#text': 1004}",dc.danglingtree.htb,Microsoft-Windows-Security-SPP,Application,2669,4,,,,,,,,,,,,,,,,,,,,,,,,Windows(R) csvlk-pack Product PPD License,c354cf95-648c-b1b3-6e2d-5a239a905988,,,,,,,,,,,,,,,,,,,,,,,,,,,,,,,,,,,,,,,,,,,,,,,,,,,,,,,,,,,,,,,,,,,,,,,,,,,,,,,,,,,,,,,
2026-06-03T20:28:54.013137Z,"{'#attributes': {'Qualifiers': 16384}, '#text': 1004}",dc.danglingtree.htb,Microsoft-Windows-Security-SPP,Application,2670,4,,,,,,,,,,,,,,,,,,,,,,,,Windows(R) Publishing License (Public),6dfd5e12-d932-40be-9c21-5437e810261e,,,,,,,,,,,,,,,,,,,,,,,,,,,,,,,,,,,,,,,,,,,,,,,,,,,,,,,,,,,,,,,,,,,,,,,,,,,,,,,,,,,,,,,
2026-06-03T20:28:54.038058Z,"{'#attributes': {'Qualifiers': 16384}, '#text': 1004}",dc.danglingtree.htb,Microsoft-Windows-Security-SPP,Application,2671,4,,,,,,,,,,,,,,,,,,,,,,,,Windows(R) Publishing License (Private),f8b8b08b-7210-4a75-8508-808ba901af34,,,,,,,,,,,,,,,,,,,,,,,,,,,,,,,,,,,,,,,,,,,,,,,,,,,,,,,,,,,,,,,,,,,,,,,,,,,,,,,,,,,,,,,
2026-06-03T20:28:54.052089Z,"{'#attributes': {'Qualifiers': 16384}, '#text': 1004}",dc.danglingtree.htb,Microsoft-Windows-Security-SPP,Application,2672,4,,,,,,,,,,,,,,,,,,,,,,,,Windows(R) UL oob License (Public),7180897a-59d0-4c6f-a749-fa5de4986d22,,,,,,,,,,,,,,,,,,,,,,,,,,,,,,,,,,,,,,,,,,,,,,,,,,,,,,,,,,,,,,,,,,,,,,,,,,,,,,,,,,,,,,,
2026-06-03T20:28:54.053040Z,"{'#attributes': {'Qualifiers': 16384}, '#text': 1004}",dc.danglingtree.htb,Microsoft-Windows-Security-SPP,Application,2673,4,,,,,,,,,,,,,,,,,,,,,,,,Windows(R) UL oob License (Private),8cd84934-565b-4608-9f67-f2e14904cbd2,,,,,,,,,,,,,,,,,,,,,,,,,,,,,,,,,,,,,,,,,,,,,,,,,,,,,,,,,,,,,,,,,,,,,,,,,,,,,,,,,,,,,,,
2026-06-03T20:28:54.072458Z,"{'#attributes': {'Qualifiers': 16384}, '#text': 1004}",dc.danglingtree.htb,Microsoft-Windows-Security-SPP,Application,2674,4,,,,,,,,,,,,,,,,,,,,,,,,Windows(R) UL phone License (Public),c4152e6c-43b6-4213-b69d-1730a55fc372,,,,,,,,,,,,,,,,,,,,,,,,,,,,,,,,,,,,,,,,,,,,,,,,,,,,,,,,,,,,,,,,,,,,,,,,,,,,,,,,,,,,,,,
2026-06-03T20:28:54.073373Z,"{'#attributes': {'Qualifiers': 16384}, '#text': 1004}",dc.danglingtree.htb,Microsoft-Windows-Security-SPP,Application,2675,4,,,,,,,,,,,,,,,,,,,,,,,,Windows(R) UL phone License (Private),3c5717db-7a6f-4226-80c0-5c47b639c900,,,,,,,,,,,,,,,,,,,,,,,,,,,,,,,,,,,,,,,,,,,,,,,,,,,,,,,,,,,,,,,,,,,,,,,,,,,,,,,,,,,,,,,
2026-06-03T20:28:54.087368Z,"{'#attributes': {'Qualifiers': 16384}, '#text': 1004}",dc.danglingtree.htb,Microsoft-Windows-Security-SPP,Application,2676,4,,,,,,,,,,,,,,,,,,,,,,,,Windows(R) UL store License (Public),57d56608-d35a-4793-a72f-683d035314c8,,,,,,,,,,,,,,,,,,,,,,,,,,,,,,,,,,,,,,,,,,,,,,,,,,,,,,,,,,,,,,,,,,,,,,,,,,,,,,,,,,,,,,,
2026-06-03T20:28:54.088274Z,"{'#attributes': {'Qualifiers': 16384}, '#text': 1004}",dc.danglingtree.htb,Microsoft-Windows-Security-SPP,Application,2677,4,,,,,,,,,,,,,,,,,,,,,,,,Windows(R) UL store License (Private),cb5bcee5-f6c2-4bca-ab4b-d9489e6cbe8e,,,,,,,,,,,,,,,,,,,,,,,,,,,,,,,,,,,,,,,,,,,,,,,,,,,,,,,,,,,,,,,,,,,,,,,,,,,,,,,,,,,,,,,
2026-06-03T20:28:54.302426Z,"{'#attributes': {'Qualifiers': 16384}, '#text': 1004}",dc.danglingtree.htb,Microsoft-Windows-Security-SPP,Application,2678,4,,,,,,,,,,,,,,,,,,,,,,,,Windows(R) Publishing License (Public),e600fc83-4cd9-4c41-803c-fdbf664021c9,,,,,,,,,,,,,,,,,,,,,,,,,,,,,,,,,,,,,,,,,,,,,,,,,,,,,,,,,,,,,,,,,,,,,,,,,,,,,,,,,,,,,,,
2026-06-03T20:28:54.303440Z,"{'#attributes': {'Qualifiers': 16384}, '#text': 1004}",dc.danglingtree.htb,Microsoft-Windows-Security-SPP,Application,2679,4,,,,,,,,,,,,,,,,,,,,,,,,Windows(R) Publishing License (Private),74543a4a-b6cd-4170-87e2-46f8ff414744,,,,,,,,,,,,,,,,,,,,,,,,,,,,,,,,,,,,,,,,,,,,,,,,,,,,,,,,,,,,,,,,,,,,,,,,,,,,,,,,,,,,,,,
2026-06-03T20:28:54.353795Z,"{'#attributes': {'Qualifiers': 16384}, '#text': 1004}",dc.danglingtree.htb,Microsoft-Windows-Security-SPP,Application,2680,4,,,,,,,,,,,,,,,,,,,,,,,,Windows(R) UL oob License (Public),4dfa54c7-49e5-4b27-8eb1-03f180131b61,,,,,,,,,,,,,,,,,,,,,,,,,,,,,,,,,,,,,,,,,,,,,,,,,,,,,,,,,,,,,,,,,,,,,,,,,,,,,,,,,,,,,,,
2026-06-03T20:28:54.355039Z,"{'#attributes': {'Qualifiers': 16384}, '#text': 1004}",dc.danglingtree.htb,Microsoft-Windows-Security-SPP,Application,2681,4,,,,,,,,,,,,,,,,,,,,,,,,Windows(R) UL oob License (Private),f53be5b1-3734-440d-b997-339a03c5afd9,,,,,,,,,,,,,,,,,,,,,,,,,,,,,,,,,,,,,,,,,,,,,,,,,,,,,,,,,,,,,,,,,,,,,,,,,,,,,,,,,,,,,,,
2026-06-03T20:28:54.380893Z,"{'#attributes': {'Qualifiers': 16384}, '#text': 1004}",dc.danglingtree.htb,Microsoft-Windows-Security-SPP,Application,2682,4,,,,,,,,,,,,,,,,,,,,,,,,Windows(R) UL phone License (Public),f1281440-2324-46e6-b67a-e78455089188,,,,,,,,,,,,,,,,,,,,,,,,,,,,,,,,,,,,,,,,,,,,,,,,,,,,,,,,,,,,,,,,,,,,,,,,,,,,,,,,,,,,,,,
2026-06-03T20:28:54.400244Z,"{'#attributes': {'Qualifiers': 16384}, '#text': 1004}",dc.danglingtree.htb,Microsoft-Windows-Security-SPP,Application,2683,4,,,,,,,,,,,,,,,,,,,,,,,,Windows(R) UL phone License (Private),620c499d-bdfc-4590-98ba-5a2fc5eeac0d,,,,,,,,,,,,,,,,,,,,,,,,,,,,,,,,,,,,,,,,,,,,,,,,,,,,,,,,,,,,,,,,,,,,,,,,,,,,,,,,,,,,,,,
2026-06-03T20:28:54.409783Z,"{'#attributes': {'Qualifiers': 16384}, '#text': 1004}",dc.danglingtree.htb,Microsoft-Windows-Security-SPP,Application,2684,4,,,,,,,,,,,,,,,,,,,,,,,,Windows(R) UL store License (Public),66296872-8cb2-434d-a92a-04d4196cf460,,,,,,,,,,,,,,,,,,,,,,,,,,,,,,,,,,,,,,,,,,,,,,,,,,,,,,,,,,,,,,,,,,,,,,,,,,,,,,,,,,,,,,,
2026-06-03T20:28:54.410573Z,"{'#attributes': {'Qualifiers': 16384}, '#text': 1004}",dc.danglingtree.htb,Microsoft-Windows-Security-SPP,Application,2685,4,,,,,,,,,,,,,,,,,,,,,,,,Windows(R) UL store License (Private),79e9adf6-0b0b-4446-811a-c8cd16baae13,,,,,,,,,,,,,,,,,,,,,,,,,,,,,,,,,,,,,,,,,,,,,,,,,,,,,,,,,,,,,,,,,,,,,,,,,,,,,,,,,,,,,,,
