2026-03-26T06:17:15.298630Z,145,dc.danglingtree.htb,Microsoft-Windows-WinRM,Microsoft-Windows-WinRM/Operational,1734,4,,,,,Enumeration,,http://schemas.microsoft.com/wbem/wsman/1/Config/Plugin
2026-03-26T06:17:15.301497Z,254,dc.danglingtree.htb,Microsoft-Windows-WinRM,Microsoft-Windows-WinRM/Operational,1735,4,,,,,,,
2026-03-26T06:17:15.301498Z,132,dc.danglingtree.htb,Microsoft-Windows-WinRM,Microsoft-Windows-WinRM/Operational,1736,4,,,,,Enumeration,,
2026-03-26T06:17:15.302646Z,145,dc.danglingtree.htb,Microsoft-Windows-WinRM,Microsoft-Windows-WinRM/Operational,1737,4,,,,,Enumeration,,http://schemas.microsoft.com/wbem/wsman/1/Config/Plugin
2026-03-26T06:17:15.305498Z,254,dc.danglingtree.htb,Microsoft-Windows-WinRM,Microsoft-Windows-WinRM/Operational,1738,4,,,,,,,
2026-03-26T06:17:15.305499Z,132,dc.danglingtree.htb,Microsoft-Windows-WinRM,Microsoft-Windows-WinRM/Operational,1739,4,,,,,Enumeration,,
2026-03-26T06:17:15.306293Z,145,dc.danglingtree.htb,Microsoft-Windows-WinRM,Microsoft-Windows-WinRM/Operational,1740,4,,,,,Enumeration,,http://schemas.microsoft.com/wbem/wsman/1/Config/Plugin
2026-03-26T06:17:15.309095Z,254,dc.danglingtree.htb,Microsoft-Windows-WinRM,Microsoft-Windows-WinRM/Operational,1741,4,,,,,,,
2026-03-26T06:17:15.309096Z,132,dc.danglingtree.htb,Microsoft-Windows-WinRM,Microsoft-Windows-WinRM/Operational,1742,4,,,,,Enumeration,,
2026-03-26T06:17:15.309612Z,145,dc.danglingtree.htb,Microsoft-Windows-WinRM,Microsoft-Windows-WinRM/Operational,1743,4,,,,,Get,,http://schemas.microsoft.com/wbem/wsman/1/Config/Plugin
2026-03-26T06:17:15.310596Z,254,dc.danglingtree.htb,Microsoft-Windows-WinRM,Microsoft-Windows-WinRM/Operational,1744,4,,,,,,,
2026-03-26T06:17:15.310597Z,132,dc.danglingtree.htb,Microsoft-Windows-WinRM,Microsoft-Windows-WinRM/Operational,1745,4,,,,,Get,,
2026-03-26T06:17:15.311530Z,145,dc.danglingtree.htb,Microsoft-Windows-WinRM,Microsoft-Windows-WinRM/Operational,1746,4,,,,,Enumeration,,http://schemas.microsoft.com/wbem/wsman/1/Config/Plugin
2026-03-26T06:17:15.314332Z,254,dc.danglingtree.htb,Microsoft-Windows-WinRM,Microsoft-Windows-WinRM/Operational,1747,4,,,,,,,
2026-03-26T06:17:15.314333Z,132,dc.danglingtree.htb,Microsoft-Windows-WinRM,Microsoft-Windows-WinRM/Operational,1748,4,,,,,Enumeration,,
2026-03-26T06:17:15.315139Z,145,dc.danglingtree.htb,Microsoft-Windows-WinRM,Microsoft-Windows-WinRM/Operational,1749,4,,,,,Enumeration,,http://schemas.microsoft.com/wbem/wsman/1/Config/Plugin
2026-03-26T06:17:15.317483Z,254,dc.danglingtree.htb,Microsoft-Windows-WinRM,Microsoft-Windows-WinRM/Operational,1750,4,,,,,,,
2026-03-26T06:17:15.317483Z,132,dc.danglingtree.htb,Microsoft-Windows-WinRM,Microsoft-Windows-WinRM/Operational,1751,4,,,,,Enumeration,,
2026-03-26T06:17:15.318546Z,145,dc.danglingtree.htb,Microsoft-Windows-WinRM,Microsoft-Windows-WinRM/Operational,1752,4,,,,,Enumeration,,http://schemas.microsoft.com/wbem/wsman/1/Config/Plugin
2026-03-26T06:17:15.322062Z,254,dc.danglingtree.htb,Microsoft-Windows-WinRM,Microsoft-Windows-WinRM/Operational,1753,4,,,,,,,
2026-03-26T06:17:15.322064Z,132,dc.danglingtree.htb,Microsoft-Windows-WinRM,Microsoft-Windows-WinRM/Operational,1754,4,,,,,Enumeration,,
2026-03-26T06:17:15.323468Z,145,dc.danglingtree.htb,Microsoft-Windows-WinRM,Microsoft-Windows-WinRM/Operational,1755,4,,,,,Enumeration,,http://schemas.microsoft.com/wbem/wsman/1/Config/Plugin
2026-03-26T06:17:15.326516Z,254,dc.danglingtree.htb,Microsoft-Windows-WinRM,Microsoft-Windows-WinRM/Operational,1756,4,,,,,,,
2026-03-26T06:17:15.326518Z,132,dc.danglingtree.htb,Microsoft-Windows-WinRM,Microsoft-Windows-WinRM/Operational,1757,4,,,,,Enumeration,,
2026-03-26T06:17:15.328129Z,145,dc.danglingtree.htb,Microsoft-Windows-WinRM,Microsoft-Windows-WinRM/Operational,1758,4,,,,,Enumeration,,http://schemas.microsoft.com/wbem/wsman/1/Config/Plugin
2026-03-26T06:17:15.331344Z,254,dc.danglingtree.htb,Microsoft-Windows-WinRM,Microsoft-Windows-WinRM/Operational,1759,4,,,,,,,
2026-03-26T06:17:15.331345Z,132,dc.danglingtree.htb,Microsoft-Windows-WinRM,Microsoft-Windows-WinRM/Operational,1760,4,,,,,Enumeration,,
2026-03-26T06:17:15.333422Z,145,dc.danglingtree.htb,Microsoft-Windows-WinRM,Microsoft-Windows-WinRM/Operational,1761,4,,,,,Enumeration,,http://schemas.microsoft.com/wbem/wsman/1/Config/Plugin
2026-03-26T06:17:15.336493Z,254,dc.danglingtree.htb,Microsoft-Windows-WinRM,Microsoft-Windows-WinRM/Operational,1762,4,,,,,,,
2026-03-26T06:17:15.336494Z,132,dc.danglingtree.htb,Microsoft-Windows-WinRM,Microsoft-Windows-WinRM/Operational,1763,4,,,,,Enumeration,,
2026-03-26T06:17:15.337844Z,145,dc.danglingtree.htb,Microsoft-Windows-WinRM,Microsoft-Windows-WinRM/Operational,1764,4,,,,,Enumeration,,http://schemas.microsoft.com/wbem/wsman/1/Config/Plugin
2026-03-26T06:17:15.340959Z,254,dc.danglingtree.htb,Microsoft-Windows-WinRM,Microsoft-Windows-WinRM/Operational,1765,4,,,,,,,
2026-03-26T06:17:15.340961Z,132,dc.danglingtree.htb,Microsoft-Windows-WinRM,Microsoft-Windows-WinRM/Operational,1766,4,,,,,Enumeration,,
2026-03-26T06:17:15.342026Z,145,dc.danglingtree.htb,Microsoft-Windows-WinRM,Microsoft-Windows-WinRM/Operational,1767,4,,,,,Enumeration,,http://schemas.microsoft.com/wbem/wsman/1/Config/Plugin
2026-03-26T06:17:15.345434Z,254,dc.danglingtree.htb,Microsoft-Windows-WinRM,Microsoft-Windows-WinRM/Operational,1768,4,,,,,,,
2026-03-26T06:17:15.345435Z,132,dc.danglingtree.htb,Microsoft-Windows-WinRM,Microsoft-Windows-WinRM/Operational,1769,4,,,,,Enumeration,,
2026-03-26T06:17:15.347170Z,145,dc.danglingtree.htb,Microsoft-Windows-WinRM,Microsoft-Windows-WinRM/Operational,1770,4,,,,,Enumeration,,http://schemas.microsoft.com/wbem/wsman/1/Config/Plugin
2026-03-26T06:17:15.350493Z,254,dc.danglingtree.htb,Microsoft-Windows-WinRM,Microsoft-Windows-WinRM/Operational,1771,4,,,,,,,
2026-03-26T06:17:15.350494Z,132,dc.danglingtree.htb,Microsoft-Windows-WinRM,Microsoft-Windows-WinRM/Operational,1772,4,,,,,Enumeration,,
2026-03-26T06:17:15.351681Z,145,dc.danglingtree.htb,Microsoft-Windows-WinRM,Microsoft-Windows-WinRM/Operational,1773,4,,,,,Enumeration,,http://schemas.microsoft.com/wbem/wsman/1/Config/Plugin
2026-03-26T06:17:15.355608Z,254,dc.danglingtree.htb,Microsoft-Windows-WinRM,Microsoft-Windows-WinRM/Operational,1774,4,,,,,,,
2026-03-26T06:17:15.355610Z,132,dc.danglingtree.htb,Microsoft-Windows-WinRM,Microsoft-Windows-WinRM/Operational,1775,4,,,,,Enumeration,,
2026-03-26T06:17:15.357864Z,145,dc.danglingtree.htb,Microsoft-Windows-WinRM,Microsoft-Windows-WinRM/Operational,1776,4,,,,,Enumeration,,http://schemas.microsoft.com/wbem/wsman/1/Config/Plugin
2026-03-26T06:17:15.360806Z,254,dc.danglingtree.htb,Microsoft-Windows-WinRM,Microsoft-Windows-WinRM/Operational,1777,4,,,,,,,
2026-03-26T06:17:15.360807Z,132,dc.danglingtree.htb,Microsoft-Windows-WinRM,Microsoft-Windows-WinRM/Operational,1778,4,,,,,Enumeration,,
2026-03-26T06:17:15.362302Z,145,dc.danglingtree.htb,Microsoft-Windows-WinRM,Microsoft-Windows-WinRM/Operational,1779,4,,,,,Enumeration,,http://schemas.microsoft.com/wbem/wsman/1/Config/Plugin
2026-03-26T06:17:15.365950Z,254,dc.danglingtree.htb,Microsoft-Windows-WinRM,Microsoft-Windows-WinRM/Operational,1780,4,,,,,,,
2026-03-26T06:17:15.365951Z,132,dc.danglingtree.htb,Microsoft-Windows-WinRM,Microsoft-Windows-WinRM/Operational,1781,4,,,,,Enumeration,,
2026-03-26T06:17:15.367118Z,145,dc.danglingtree.htb,Microsoft-Windows-WinRM,Microsoft-Windows-WinRM/Operational,1782,4,,,,,Enumeration,,http://schemas.microsoft.com/wbem/wsman/1/Config/Plugin
2026-03-26T06:17:15.370391Z,254,dc.danglingtree.htb,Microsoft-Windows-WinRM,Microsoft-Windows-WinRM/Operational,1783,4,,,,,,,
2026-03-26T06:17:15.370393Z,132,dc.danglingtree.htb,Microsoft-Windows-WinRM,Microsoft-Windows-WinRM/Operational,1784,4,,,,,Enumeration,,
2026-03-26T06:17:15.372401Z,145,dc.danglingtree.htb,Microsoft-Windows-WinRM,Microsoft-Windows-WinRM/Operational,1785,4,,,,,Enumeration,,http://schemas.microsoft.com/wbem/wsman/1/Config/Plugin
2026-03-26T06:17:15.375906Z,254,dc.danglingtree.htb,Microsoft-Windows-WinRM,Microsoft-Windows-WinRM/Operational,1786,4,,,,,,,
2026-03-26T06:17:15.375909Z,132,dc.danglingtree.htb,Microsoft-Windows-WinRM,Microsoft-Windows-WinRM/Operational,1787,4,,,,,Enumeration,,
2026-03-26T06:17:15.386380Z,145,dc.danglingtree.htb,Microsoft-Windows-WinRM,Microsoft-Windows-WinRM/Operational,1788,4,,,,,Enumeration,,http://schemas.microsoft.com/wbem/wsman/1/Config/Plugin
2026-03-26T06:17:15.389130Z,254,dc.danglingtree.htb,Microsoft-Windows-WinRM,Microsoft-Windows-WinRM/Operational,1789,4,,,,,,,
2026-03-26T06:17:15.389131Z,132,dc.danglingtree.htb,Microsoft-Windows-WinRM,Microsoft-Windows-WinRM/Operational,1790,4,,,,,Enumeration,,
2026-03-26T06:17:15.390164Z,145,dc.danglingtree.htb,Microsoft-Windows-WinRM,Microsoft-Windows-WinRM/Operational,1791,4,,,,,Enumeration,,http://schemas.microsoft.com/wbem/wsman/1/Config/Plugin
2026-03-26T06:17:15.392749Z,254,dc.danglingtree.htb,Microsoft-Windows-WinRM,Microsoft-Windows-WinRM/Operational,1792,4,,,,,,,
2026-03-26T06:17:15.392750Z,132,dc.danglingtree.htb,Microsoft-Windows-WinRM,Microsoft-Windows-WinRM/Operational,1793,4,,,,,Enumeration,,
2026-03-26T06:17:15.394935Z,145,dc.danglingtree.htb,Microsoft-Windows-WinRM,Microsoft-Windows-WinRM/Operational,1794,4,,,,,Enumeration,,http://schemas.microsoft.com/wbem/wsman/1/Config/Plugin
2026-03-26T06:17:15.398529Z,254,dc.danglingtree.htb,Microsoft-Windows-WinRM,Microsoft-Windows-WinRM/Operational,1795,4,,,,,,,
2026-03-26T06:17:15.398530Z,132,dc.danglingtree.htb,Microsoft-Windows-WinRM,Microsoft-Windows-WinRM/Operational,1796,4,,,,,Enumeration,,
2026-03-26T06:17:15.399829Z,145,dc.danglingtree.htb,Microsoft-Windows-WinRM,Microsoft-Windows-WinRM/Operational,1797,4,,,,,Enumeration,,http://schemas.microsoft.com/wbem/wsman/1/Config/Plugin
2026-03-26T06:17:15.403440Z,254,dc.danglingtree.htb,Microsoft-Windows-WinRM,Microsoft-Windows-WinRM/Operational,1798,4,,,,,,,
2026-03-26T06:17:15.403441Z,132,dc.danglingtree.htb,Microsoft-Windows-WinRM,Microsoft-Windows-WinRM/Operational,1799,4,,,,,Enumeration,,
2026-03-26T06:17:15.404743Z,145,dc.danglingtree.htb,Microsoft-Windows-WinRM,Microsoft-Windows-WinRM/Operational,1800,4,,,,,Enumeration,,http://schemas.microsoft.com/wbem/wsman/1/Config/Plugin
2026-03-26T06:17:15.407583Z,254,dc.danglingtree.htb,Microsoft-Windows-WinRM,Microsoft-Windows-WinRM/Operational,1801,4,,,,,,,
2026-03-26T06:17:15.407584Z,132,dc.danglingtree.htb,Microsoft-Windows-WinRM,Microsoft-Windows-WinRM/Operational,1802,4,,,,,Enumeration,,
2026-03-26T06:17:15.409281Z,145,dc.danglingtree.htb,Microsoft-Windows-WinRM,Microsoft-Windows-WinRM/Operational,1803,4,,,,,Enumeration,,http://schemas.microsoft.com/wbem/wsman/1/Config/Plugin
2026-03-26T06:17:15.412362Z,254,dc.danglingtree.htb,Microsoft-Windows-WinRM,Microsoft-Windows-WinRM/Operational,1804,4,,,,,,,
2026-03-26T06:17:15.412363Z,132,dc.danglingtree.htb,Microsoft-Windows-WinRM,Microsoft-Windows-WinRM/Operational,1805,4,,,,,Enumeration,,
2026-03-26T06:17:15.413548Z,145,dc.danglingtree.htb,Microsoft-Windows-WinRM,Microsoft-Windows-WinRM/Operational,1806,4,,,,,Enumeration,,http://schemas.microsoft.com/wbem/wsman/1/Config/Plugin
2026-03-26T06:17:15.416003Z,254,dc.danglingtree.htb,Microsoft-Windows-WinRM,Microsoft-Windows-WinRM/Operational,1807,4,,,,,,,
2026-03-26T06:17:15.416004Z,132,dc.danglingtree.htb,Microsoft-Windows-WinRM,Microsoft-Windows-WinRM/Operational,1808,4,,,,,Enumeration,,
2026-03-26T06:17:15.418044Z,145,dc.danglingtree.htb,Microsoft-Windows-WinRM,Microsoft-Windows-WinRM/Operational,1809,4,,,,,Enumeration,,http://schemas.microsoft.com/wbem/wsman/1/Config/Plugin
2026-03-26T06:17:15.420455Z,254,dc.danglingtree.htb,Microsoft-Windows-WinRM,Microsoft-Windows-WinRM/Operational,1810,4,,,,,,,
2026-03-26T06:17:15.420456Z,132,dc.danglingtree.htb,Microsoft-Windows-WinRM,Microsoft-Windows-WinRM/Operational,1811,4,,,,,Enumeration,,
2026-03-26T06:17:15.421586Z,145,dc.danglingtree.htb,Microsoft-Windows-WinRM,Microsoft-Windows-WinRM/Operational,1812,4,,,,,Enumeration,,http://schemas.microsoft.com/wbem/wsman/1/Config/Plugin
2026-03-26T06:17:15.424153Z,254,dc.danglingtree.htb,Microsoft-Windows-WinRM,Microsoft-Windows-WinRM/Operational,1813,4,,,,,,,
2026-03-26T06:17:15.424154Z,132,dc.danglingtree.htb,Microsoft-Windows-WinRM,Microsoft-Windows-WinRM/Operational,1814,4,,,,,Enumeration,,
2026-03-26T06:17:15.425100Z,145,dc.danglingtree.htb,Microsoft-Windows-WinRM,Microsoft-Windows-WinRM/Operational,1815,4,,,,,Enumeration,,http://schemas.microsoft.com/wbem/wsman/1/Config/Plugin
2026-03-26T06:17:15.428226Z,254,dc.danglingtree.htb,Microsoft-Windows-WinRM,Microsoft-Windows-WinRM/Operational,1816,4,,,,,,,
2026-03-26T06:17:15.428227Z,132,dc.danglingtree.htb,Microsoft-Windows-WinRM,Microsoft-Windows-WinRM/Operational,1817,4,,,,,Enumeration,,
2026-03-26T06:17:15.430391Z,145,dc.danglingtree.htb,Microsoft-Windows-WinRM,Microsoft-Windows-WinRM/Operational,1818,4,,,,,Enumeration,,http://schemas.microsoft.com/wbem/wsman/1/Config/Plugin
2026-03-26T06:17:15.434701Z,254,dc.danglingtree.htb,Microsoft-Windows-WinRM,Microsoft-Windows-WinRM/Operational,1819,4,,,,,,,
2026-03-26T06:17:15.434702Z,132,dc.danglingtree.htb,Microsoft-Windows-WinRM,Microsoft-Windows-WinRM/Operational,1820,4,,,,,Enumeration,,
2026-03-26T06:17:15.435748Z,145,dc.danglingtree.htb,Microsoft-Windows-WinRM,Microsoft-Windows-WinRM/Operational,1821,4,,,,,Enumeration,,http://schemas.microsoft.com/wbem/wsman/1/Config/Plugin
2026-03-26T06:17:15.438808Z,254,dc.danglingtree.htb,Microsoft-Windows-WinRM,Microsoft-Windows-WinRM/Operational,1822,4,,,,,,,
2026-03-26T06:17:15.438809Z,132,dc.danglingtree.htb,Microsoft-Windows-WinRM,Microsoft-Windows-WinRM/Operational,1823,4,,,,,Enumeration,,
2026-03-26T06:17:15.439234Z,145,dc.danglingtree.htb,Microsoft-Windows-WinRM,Microsoft-Windows-WinRM/Operational,1824,4,,,,,Get,,http://schemas.microsoft.com/wbem/wsman/1/Config/Plugin
2026-03-26T06:17:15.440166Z,254,dc.danglingtree.htb,Microsoft-Windows-WinRM,Microsoft-Windows-WinRM/Operational,1825,4,,,,,,,
2026-03-26T06:17:15.440167Z,132,dc.danglingtree.htb,Microsoft-Windows-WinRM,Microsoft-Windows-WinRM/Operational,1826,4,,,,,Get,,
2026-03-26T06:17:15.440971Z,145,dc.danglingtree.htb,Microsoft-Windows-WinRM,Microsoft-Windows-WinRM/Operational,1827,4,,,,,Enumeration,,http://schemas.microsoft.com/wbem/wsman/1/Config/Plugin
2026-03-26T06:17:15.445183Z,254,dc.danglingtree.htb,Microsoft-Windows-WinRM,Microsoft-Windows-WinRM/Operational,1828,4,,,,,,,
2026-03-26T06:17:15.445184Z,132,dc.danglingtree.htb,Microsoft-Windows-WinRM,Microsoft-Windows-WinRM/Operational,1829,4,,,,,Enumeration,,
2026-03-26T06:17:15.446416Z,145,dc.danglingtree.htb,Microsoft-Windows-WinRM,Microsoft-Windows-WinRM/Operational,1830,4,,,,,Enumeration,,http://schemas.microsoft.com/wbem/wsman/1/Config/Plugin
2026-03-26T06:17:15.449667Z,254,dc.danglingtree.htb,Microsoft-Windows-WinRM,Microsoft-Windows-WinRM/Operational,1831,4,,,,,,,
2026-03-26T06:17:15.449668Z,132,dc.danglingtree.htb,Microsoft-Windows-WinRM,Microsoft-Windows-WinRM/Operational,1832,4,,,,,Enumeration,,
2026-03-26T06:17:15.451475Z,145,dc.danglingtree.htb,Microsoft-Windows-WinRM,Microsoft-Windows-WinRM/Operational,1833,4,,,,,Enumeration,,http://schemas.microsoft.com/wbem/wsman/1/Config/Plugin
2026-03-26T06:17:15.454274Z,254,dc.danglingtree.htb,Microsoft-Windows-WinRM,Microsoft-Windows-WinRM/Operational,1834,4,,,,,,,
2026-03-26T06:17:15.454276Z,132,dc.danglingtree.htb,Microsoft-Windows-WinRM,Microsoft-Windows-WinRM/Operational,1835,4,,,,,Enumeration,,
2026-03-26T06:17:15.455312Z,145,dc.danglingtree.htb,Microsoft-Windows-WinRM,Microsoft-Windows-WinRM/Operational,1836,4,,,,,Enumeration,,http://schemas.microsoft.com/wbem/wsman/1/Config/Plugin
2026-03-26T06:17:15.458441Z,254,dc.danglingtree.htb,Microsoft-Windows-WinRM,Microsoft-Windows-WinRM/Operational,1837,4,,,,,,,
2026-03-26T06:17:15.458442Z,132,dc.danglingtree.htb,Microsoft-Windows-WinRM,Microsoft-Windows-WinRM/Operational,1838,4,,,,,Enumeration,,
2026-03-26T06:17:15.459593Z,145,dc.danglingtree.htb,Microsoft-Windows-WinRM,Microsoft-Windows-WinRM/Operational,1839,4,,,,,Enumeration,,http://schemas.microsoft.com/wbem/wsman/1/Config/Plugin
2026-03-26T06:17:15.464135Z,254,dc.danglingtree.htb,Microsoft-Windows-WinRM,Microsoft-Windows-WinRM/Operational,1840,4,,,,,,,
2026-03-26T06:17:15.464136Z,132,dc.danglingtree.htb,Microsoft-Windows-WinRM,Microsoft-Windows-WinRM/Operational,1841,4,,,,,Enumeration,,
2026-03-26T06:17:15.466748Z,145,dc.danglingtree.htb,Microsoft-Windows-WinRM,Microsoft-Windows-WinRM/Operational,1842,4,,,,,Enumeration,,http://schemas.microsoft.com/wbem/wsman/1/Config/Plugin
2026-03-26T06:17:15.470054Z,254,dc.danglingtree.htb,Microsoft-Windows-WinRM,Microsoft-Windows-WinRM/Operational,1843,4,,,,,,,
2026-03-26T06:17:15.470055Z,132,dc.danglingtree.htb,Microsoft-Windows-WinRM,Microsoft-Windows-WinRM/Operational,1844,4,,,,,Enumeration,,
2026-03-26T06:17:15.471272Z,145,dc.danglingtree.htb,Microsoft-Windows-WinRM,Microsoft-Windows-WinRM/Operational,1845,4,,,,,Enumeration,,http://schemas.microsoft.com/wbem/wsman/1/Config/Plugin
2026-03-26T06:17:15.474614Z,254,dc.danglingtree.htb,Microsoft-Windows-WinRM,Microsoft-Windows-WinRM/Operational,1846,4,,,,,,,
2026-03-26T06:17:15.474615Z,132,dc.danglingtree.htb,Microsoft-Windows-WinRM,Microsoft-Windows-WinRM/Operational,1847,4,,,,,Enumeration,,
2026-03-26T06:17:15.476145Z,145,dc.danglingtree.htb,Microsoft-Windows-WinRM,Microsoft-Windows-WinRM/Operational,1848,4,,,,,Enumeration,,http://schemas.microsoft.com/wbem/wsman/1/Config/Plugin
2026-03-26T06:17:15.480107Z,254,dc.danglingtree.htb,Microsoft-Windows-WinRM,Microsoft-Windows-WinRM/Operational,1849,4,,,,,,,
2026-03-26T06:17:15.480108Z,132,dc.danglingtree.htb,Microsoft-Windows-WinRM,Microsoft-Windows-WinRM/Operational,1850,4,,,,,Enumeration,,
2026-03-26T06:17:15.481788Z,145,dc.danglingtree.htb,Microsoft-Windows-WinRM,Microsoft-Windows-WinRM/Operational,1851,4,,,,,Enumeration,,http://schemas.microsoft.com/wbem/wsman/1/Config/Plugin
2026-03-26T06:17:15.484841Z,254,dc.danglingtree.htb,Microsoft-Windows-WinRM,Microsoft-Windows-WinRM/Operational,1852,4,,,,,,,
2026-03-26T06:17:15.484841Z,132,dc.danglingtree.htb,Microsoft-Windows-WinRM,Microsoft-Windows-WinRM/Operational,1853,4,,,,,Enumeration,,
2026-03-26T06:17:15.485744Z,145,dc.danglingtree.htb,Microsoft-Windows-WinRM,Microsoft-Windows-WinRM/Operational,1854,4,,,,,Enumeration,,http://schemas.microsoft.com/wbem/wsman/1/Config/Plugin
2026-03-26T06:17:15.487954Z,254,dc.danglingtree.htb,Microsoft-Windows-WinRM,Microsoft-Windows-WinRM/Operational,1855,4,,,,,,,
2026-03-26T06:17:15.487955Z,132,dc.danglingtree.htb,Microsoft-Windows-WinRM,Microsoft-Windows-WinRM/Operational,1856,4,,,,,Enumeration,,
2026-03-26T06:17:15.492924Z,145,dc.danglingtree.htb,Microsoft-Windows-WinRM,Microsoft-Windows-WinRM/Operational,1857,4,,,,,Enumeration,,http://schemas.microsoft.com/wbem/wsman/1/Config/Plugin
2026-03-26T06:17:15.496181Z,254,dc.danglingtree.htb,Microsoft-Windows-WinRM,Microsoft-Windows-WinRM/Operational,1858,4,,,,,,,
2026-03-26T06:17:15.496183Z,132,dc.danglingtree.htb,Microsoft-Windows-WinRM,Microsoft-Windows-WinRM/Operational,1859,4,,,,,Enumeration,,
2026-03-26T06:17:15.497537Z,145,dc.danglingtree.htb,Microsoft-Windows-WinRM,Microsoft-Windows-WinRM/Operational,1860,4,,,,,Enumeration,,http://schemas.microsoft.com/wbem/wsman/1/Config/Plugin
2026-03-26T06:17:15.499831Z,254,dc.danglingtree.htb,Microsoft-Windows-WinRM,Microsoft-Windows-WinRM/Operational,1861,4,,,,,,,
2026-03-26T06:17:15.499832Z,132,dc.danglingtree.htb,Microsoft-Windows-WinRM,Microsoft-Windows-WinRM/Operational,1862,4,,,,,Enumeration,,
2026-03-26T06:17:15.500646Z,145,dc.danglingtree.htb,Microsoft-Windows-WinRM,Microsoft-Windows-WinRM/Operational,1863,4,,,,,Enumeration,,http://schemas.microsoft.com/wbem/wsman/1/Config/Plugin
2026-03-26T06:17:15.502953Z,254,dc.danglingtree.htb,Microsoft-Windows-WinRM,Microsoft-Windows-WinRM/Operational,1864,4,,,,,,,
2026-03-26T06:17:15.502954Z,132,dc.danglingtree.htb,Microsoft-Windows-WinRM,Microsoft-Windows-WinRM/Operational,1865,4,,,,,Enumeration,,
2026-03-26T06:17:15.504367Z,145,dc.danglingtree.htb,Microsoft-Windows-WinRM,Microsoft-Windows-WinRM/Operational,1866,4,,,,,Enumeration,,http://schemas.microsoft.com/wbem/wsman/1/Config/Plugin
2026-03-26T06:17:15.506567Z,254,dc.danglingtree.htb,Microsoft-Windows-WinRM,Microsoft-Windows-WinRM/Operational,1867,4,,,,,,,
2026-03-26T06:17:15.506567Z,132,dc.danglingtree.htb,Microsoft-Windows-WinRM,Microsoft-Windows-WinRM/Operational,1868,4,,,,,Enumeration,,
2026-03-26T06:17:15.507290Z,145,dc.danglingtree.htb,Microsoft-Windows-WinRM,Microsoft-Windows-WinRM/Operational,1869,4,,,,,Enumeration,,http://schemas.microsoft.com/wbem/wsman/1/Config/Plugin
2026-03-26T06:17:15.509884Z,254,dc.danglingtree.htb,Microsoft-Windows-WinRM,Microsoft-Windows-WinRM/Operational,1870,4,,,,,,,
2026-03-26T06:17:15.509885Z,132,dc.danglingtree.htb,Microsoft-Windows-WinRM,Microsoft-Windows-WinRM/Operational,1871,4,,,,,Enumeration,,
2026-03-26T06:17:15.511070Z,145,dc.danglingtree.htb,Microsoft-Windows-WinRM,Microsoft-Windows-WinRM/Operational,1872,4,,,,,Enumeration,,http://schemas.microsoft.com/wbem/wsman/1/Config/Plugin
2026-03-26T06:17:15.514165Z,254,dc.danglingtree.htb,Microsoft-Windows-WinRM,Microsoft-Windows-WinRM/Operational,1873,4,,,,,,,
2026-03-26T06:17:15.514167Z,132,dc.danglingtree.htb,Microsoft-Windows-WinRM,Microsoft-Windows-WinRM/Operational,1874,4,,,,,Enumeration,,
2026-03-26T06:17:15.516211Z,145,dc.danglingtree.htb,Microsoft-Windows-WinRM,Microsoft-Windows-WinRM/Operational,1875,4,,,,,Enumeration,,http://schemas.microsoft.com/wbem/wsman/1/Config/Plugin
2026-03-26T06:17:15.519280Z,254,dc.danglingtree.htb,Microsoft-Windows-WinRM,Microsoft-Windows-WinRM/Operational,1876,4,,,,,,,
2026-03-26T06:17:15.519282Z,132,dc.danglingtree.htb,Microsoft-Windows-WinRM,Microsoft-Windows-WinRM/Operational,1877,4,,,,,Enumeration,,
2026-03-26T06:17:15.520450Z,145,dc.danglingtree.htb,Microsoft-Windows-WinRM,Microsoft-Windows-WinRM/Operational,1878,4,,,,,Enumeration,,http://schemas.microsoft.com/wbem/wsman/1/Config/Plugin
2026-03-26T06:17:15.524048Z,254,dc.danglingtree.htb,Microsoft-Windows-WinRM,Microsoft-Windows-WinRM/Operational,1879,4,,,,,,,
2026-03-26T06:17:15.524050Z,132,dc.danglingtree.htb,Microsoft-Windows-WinRM,Microsoft-Windows-WinRM/Operational,1880,4,,,,,Enumeration,,
2026-03-26T06:17:15.525747Z,145,dc.danglingtree.htb,Microsoft-Windows-WinRM,Microsoft-Windows-WinRM/Operational,1881,4,,,,,Enumeration,,http://schemas.microsoft.com/wbem/wsman/1/Config/Plugin
2026-03-26T06:17:15.528880Z,254,dc.danglingtree.htb,Microsoft-Windows-WinRM,Microsoft-Windows-WinRM/Operational,1882,4,,,,,,,
2026-03-26T06:17:15.528881Z,132,dc.danglingtree.htb,Microsoft-Windows-WinRM,Microsoft-Windows-WinRM/Operational,1883,4,,,,,Enumeration,,
2026-03-26T06:17:15.529818Z,145,dc.danglingtree.htb,Microsoft-Windows-WinRM,Microsoft-Windows-WinRM/Operational,1884,4,,,,,Enumeration,,http://schemas.microsoft.com/wbem/wsman/1/Config/Plugin
2026-03-26T06:17:15.532607Z,254,dc.danglingtree.htb,Microsoft-Windows-WinRM,Microsoft-Windows-WinRM/Operational,1885,4,,,,,,,
2026-03-26T06:17:15.532609Z,132,dc.danglingtree.htb,Microsoft-Windows-WinRM,Microsoft-Windows-WinRM/Operational,1886,4,,,,,Enumeration,,
2026-03-26T06:17:15.532984Z,145,dc.danglingtree.htb,Microsoft-Windows-WinRM,Microsoft-Windows-WinRM/Operational,1887,4,,,,,Get,,http://schemas.microsoft.com/wbem/wsman/1/Config/Plugin
2026-03-26T06:17:15.533980Z,254,dc.danglingtree.htb,Microsoft-Windows-WinRM,Microsoft-Windows-WinRM/Operational,1888,4,,,,,,,
2026-03-26T06:17:15.533981Z,132,dc.danglingtree.htb,Microsoft-Windows-WinRM,Microsoft-Windows-WinRM/Operational,1889,4,,,,,Get,,
2026-03-26T06:17:15.534541Z,145,dc.danglingtree.htb,Microsoft-Windows-WinRM,Microsoft-Windows-WinRM/Operational,1890,4,,,,,Enumeration,,http://schemas.microsoft.com/wbem/wsman/1/Config/Plugin
2026-03-26T06:17:15.536825Z,254,dc.danglingtree.htb,Microsoft-Windows-WinRM,Microsoft-Windows-WinRM/Operational,1891,4,,,,,,,
2026-03-26T06:17:15.536826Z,132,dc.danglingtree.htb,Microsoft-Windows-WinRM,Microsoft-Windows-WinRM/Operational,1892,4,,,,,Enumeration,,
2026-03-26T06:17:15.537658Z,145,dc.danglingtree.htb,Microsoft-Windows-WinRM,Microsoft-Windows-WinRM/Operational,1893,4,,,,,Enumeration,,http://schemas.microsoft.com/wbem/wsman/1/Config/Plugin
2026-03-26T06:17:15.540014Z,254,dc.danglingtree.htb,Microsoft-Windows-WinRM,Microsoft-Windows-WinRM/Operational,1894,4,,,,,,,
2026-03-26T06:17:15.540015Z,132,dc.danglingtree.htb,Microsoft-Windows-WinRM,Microsoft-Windows-WinRM/Operational,1895,4,,,,,Enumeration,,
2026-03-26T06:17:15.541322Z,145,dc.danglingtree.htb,Microsoft-Windows-WinRM,Microsoft-Windows-WinRM/Operational,1896,4,,,,,Enumeration,,http://schemas.microsoft.com/wbem/wsman/1/Config/Plugin
2026-03-26T06:17:15.544305Z,254,dc.danglingtree.htb,Microsoft-Windows-WinRM,Microsoft-Windows-WinRM/Operational,1897,4,,,,,,,
2026-03-26T06:17:15.544306Z,132,dc.danglingtree.htb,Microsoft-Windows-WinRM,Microsoft-Windows-WinRM/Operational,1898,4,,,,,Enumeration,,
2026-03-26T06:17:15.545966Z,145,dc.danglingtree.htb,Microsoft-Windows-WinRM,Microsoft-Windows-WinRM/Operational,1899,4,,,,,Enumeration,,http://schemas.microsoft.com/wbem/wsman/1/Config/Plugin
2026-03-26T06:17:15.549093Z,254,dc.danglingtree.htb,Microsoft-Windows-WinRM,Microsoft-Windows-WinRM/Operational,1900,4,,,,,,,
2026-03-26T06:17:15.549094Z,132,dc.danglingtree.htb,Microsoft-Windows-WinRM,Microsoft-Windows-WinRM/Operational,1901,4,,,,,Enumeration,,
2026-03-26T06:17:15.549979Z,145,dc.danglingtree.htb,Microsoft-Windows-WinRM,Microsoft-Windows-WinRM/Operational,1902,4,,,,,Enumeration,,http://schemas.microsoft.com/wbem/wsman/1/Config/Plugin
2026-03-26T06:17:15.552989Z,254,dc.danglingtree.htb,Microsoft-Windows-WinRM,Microsoft-Windows-WinRM/Operational,1903,4,,,,,,,
2026-03-26T06:17:15.552990Z,132,dc.danglingtree.htb,Microsoft-Windows-WinRM,Microsoft-Windows-WinRM/Operational,1904,4,,,,,Enumeration,,
2026-03-26T06:17:15.554182Z,145,dc.danglingtree.htb,Microsoft-Windows-WinRM,Microsoft-Windows-WinRM/Operational,1905,4,,,,,Enumeration,,http://schemas.microsoft.com/wbem/wsman/1/Config/Plugin
2026-03-26T06:17:15.556911Z,254,dc.danglingtree.htb,Microsoft-Windows-WinRM,Microsoft-Windows-WinRM/Operational,1906,4,,,,,,,
2026-03-26T06:17:15.556912Z,132,dc.danglingtree.htb,Microsoft-Windows-WinRM,Microsoft-Windows-WinRM/Operational,1907,4,,,,,Enumeration,,
2026-03-26T06:17:15.558228Z,145,dc.danglingtree.htb,Microsoft-Windows-WinRM,Microsoft-Windows-WinRM/Operational,1908,4,,,,,Enumeration,,http://schemas.microsoft.com/wbem/wsman/1/Config/Plugin
2026-03-26T06:17:15.561328Z,254,dc.danglingtree.htb,Microsoft-Windows-WinRM,Microsoft-Windows-WinRM/Operational,1909,4,,,,,,,
2026-03-26T06:17:15.561329Z,132,dc.danglingtree.htb,Microsoft-Windows-WinRM,Microsoft-Windows-WinRM/Operational,1910,4,,,,,Enumeration,,
2026-03-26T06:17:15.562931Z,145,dc.danglingtree.htb,Microsoft-Windows-WinRM,Microsoft-Windows-WinRM/Operational,1911,4,,,,,Enumeration,,http://schemas.microsoft.com/wbem/wsman/1/Config/Plugin
2026-03-26T06:17:15.565896Z,254,dc.danglingtree.htb,Microsoft-Windows-WinRM,Microsoft-Windows-WinRM/Operational,1912,4,,,,,,,
2026-03-26T06:17:15.565897Z,132,dc.danglingtree.htb,Microsoft-Windows-WinRM,Microsoft-Windows-WinRM/Operational,1913,4,,,,,Enumeration,,
2026-03-26T06:17:15.567086Z,145,dc.danglingtree.htb,Microsoft-Windows-WinRM,Microsoft-Windows-WinRM/Operational,1914,4,,,,,Enumeration,,http://schemas.microsoft.com/wbem/wsman/1/Config/Plugin
2026-03-26T06:17:15.569181Z,254,dc.danglingtree.htb,Microsoft-Windows-WinRM,Microsoft-Windows-WinRM/Operational,1915,4,,,,,,,
2026-03-26T06:17:15.569182Z,132,dc.danglingtree.htb,Microsoft-Windows-WinRM,Microsoft-Windows-WinRM/Operational,1916,4,,,,,Enumeration,,
2026-03-26T06:17:15.570399Z,145,dc.danglingtree.htb,Microsoft-Windows-WinRM,Microsoft-Windows-WinRM/Operational,1917,4,,,,,Enumeration,,http://schemas.microsoft.com/wbem/wsman/1/Config/Plugin
2026-03-26T06:17:15.572978Z,254,dc.danglingtree.htb,Microsoft-Windows-WinRM,Microsoft-Windows-WinRM/Operational,1918,4,,,,,,,
2026-03-26T06:17:15.572978Z,132,dc.danglingtree.htb,Microsoft-Windows-WinRM,Microsoft-Windows-WinRM/Operational,1919,4,,,,,Enumeration,,
2026-03-26T06:17:15.573735Z,145,dc.danglingtree.htb,Microsoft-Windows-WinRM,Microsoft-Windows-WinRM/Operational,1920,4,,,,,Enumeration,,http://schemas.microsoft.com/wbem/wsman/1/Config/Plugin
2026-03-26T06:17:15.576038Z,254,dc.danglingtree.htb,Microsoft-Windows-WinRM,Microsoft-Windows-WinRM/Operational,1921,4,,,,,,,
2026-03-26T06:17:15.576039Z,132,dc.danglingtree.htb,Microsoft-Windows-WinRM,Microsoft-Windows-WinRM/Operational,1922,4,,,,,Enumeration,,
2026-03-26T06:17:15.577309Z,145,dc.danglingtree.htb,Microsoft-Windows-WinRM,Microsoft-Windows-WinRM/Operational,1923,4,,,,,Enumeration,,http://schemas.microsoft.com/wbem/wsman/1/Config/Plugin
2026-03-26T06:17:15.580842Z,254,dc.danglingtree.htb,Microsoft-Windows-WinRM,Microsoft-Windows-WinRM/Operational,1924,4,,,,,,,
2026-03-26T06:17:15.580844Z,132,dc.danglingtree.htb,Microsoft-Windows-WinRM,Microsoft-Windows-WinRM/Operational,1925,4,,,,,Enumeration,,
2026-03-26T06:17:15.581704Z,145,dc.danglingtree.htb,Microsoft-Windows-WinRM,Microsoft-Windows-WinRM/Operational,1926,4,,,,,Enumeration,,http://schemas.microsoft.com/wbem/wsman/1/Config/Plugin
2026-03-26T06:17:15.584756Z,254,dc.danglingtree.htb,Microsoft-Windows-WinRM,Microsoft-Windows-WinRM/Operational,1927,4,,,,,,,
2026-03-26T06:17:15.584758Z,132,dc.danglingtree.htb,Microsoft-Windows-WinRM,Microsoft-Windows-WinRM/Operational,1928,4,,,,,Enumeration,,
2026-03-26T06:17:15.589560Z,145,dc.danglingtree.htb,Microsoft-Windows-WinRM,Microsoft-Windows-WinRM/Operational,1929,4,,,,,Enumeration,,http://schemas.microsoft.com/wbem/wsman/1/Config/Plugin
2026-03-26T06:17:15.593213Z,254,dc.danglingtree.htb,Microsoft-Windows-WinRM,Microsoft-Windows-WinRM/Operational,1930,4,,,,,,,
2026-03-26T06:17:15.593214Z,132,dc.danglingtree.htb,Microsoft-Windows-WinRM,Microsoft-Windows-WinRM/Operational,1931,4,,,,,Enumeration,,
2026-03-26T06:17:15.594679Z,145,dc.danglingtree.htb,Microsoft-Windows-WinRM,Microsoft-Windows-WinRM/Operational,1932,4,,,,,Enumeration,,http://schemas.microsoft.com/wbem/wsman/1/Config/Plugin
2026-03-26T06:17:15.598037Z,254,dc.danglingtree.htb,Microsoft-Windows-WinRM,Microsoft-Windows-WinRM/Operational,1933,4,,,,,,,
2026-03-26T06:17:15.598038Z,132,dc.danglingtree.htb,Microsoft-Windows-WinRM,Microsoft-Windows-WinRM/Operational,1934,4,,,,,Enumeration,,
2026-03-26T06:17:15.598725Z,145,dc.danglingtree.htb,Microsoft-Windows-WinRM,Microsoft-Windows-WinRM/Operational,1935,4,,,,,Enumeration,,http://schemas.microsoft.com/wbem/wsman/1/Config/Plugin
2026-03-26T06:17:15.601214Z,254,dc.danglingtree.htb,Microsoft-Windows-WinRM,Microsoft-Windows-WinRM/Operational,1936,4,,,,,,,
2026-03-26T06:17:15.601215Z,132,dc.danglingtree.htb,Microsoft-Windows-WinRM,Microsoft-Windows-WinRM/Operational,1937,4,,,,,Enumeration,,
2026-03-26T06:17:15.602045Z,145,dc.danglingtree.htb,Microsoft-Windows-WinRM,Microsoft-Windows-WinRM/Operational,1938,4,,,,,Get,,http://schemas.microsoft.com/wbem/wsman/1/Config/Plugin
2026-03-26T06:17:15.603571Z,254,dc.danglingtree.htb,Microsoft-Windows-WinRM,Microsoft-Windows-WinRM/Operational,1939,4,,,,,,,
2026-03-26T06:17:15.603572Z,132,dc.danglingtree.htb,Microsoft-Windows-WinRM,Microsoft-Windows-WinRM/Operational,1940,4,,,,,Get,,
2026-03-26T06:17:15.604895Z,145,dc.danglingtree.htb,Microsoft-Windows-WinRM,Microsoft-Windows-WinRM/Operational,1941,4,,,,,Enumeration,,http://schemas.microsoft.com/wbem/wsman/1/Config/Plugin
2026-03-26T06:17:15.609124Z,254,dc.danglingtree.htb,Microsoft-Windows-WinRM,Microsoft-Windows-WinRM/Operational,1942,4,,,,,,,
2026-03-26T06:17:15.609125Z,132,dc.danglingtree.htb,Microsoft-Windows-WinRM,Microsoft-Windows-WinRM/Operational,1943,4,,,,,Enumeration,,
2026-03-26T06:17:15.609639Z,145,dc.danglingtree.htb,Microsoft-Windows-WinRM,Microsoft-Windows-WinRM/Operational,1944,4,,,,,Get,,http://schemas.microsoft.com/wbem/wsman/1/Config/Plugin
2026-03-26T06:17:15.611409Z,254,dc.danglingtree.htb,Microsoft-Windows-WinRM,Microsoft-Windows-WinRM/Operational,1945,4,,,,,,,
2026-03-26T06:17:15.611411Z,132,dc.danglingtree.htb,Microsoft-Windows-WinRM,Microsoft-Windows-WinRM/Operational,1946,4,,,,,Get,,
2026-03-26T06:17:15.613040Z,145,dc.danglingtree.htb,Microsoft-Windows-WinRM,Microsoft-Windows-WinRM/Operational,1947,4,,,,,Enumeration,,http://schemas.microsoft.com/wbem/wsman/1/Config/Plugin
2026-03-26T06:17:15.615885Z,254,dc.danglingtree.htb,Microsoft-Windows-WinRM,Microsoft-Windows-WinRM/Operational,1948,4,,,,,,,
2026-03-26T06:17:15.615886Z,132,dc.danglingtree.htb,Microsoft-Windows-WinRM,Microsoft-Windows-WinRM/Operational,1949,4,,,,,Enumeration,,
2026-03-26T06:17:15.616679Z,145,dc.danglingtree.htb,Microsoft-Windows-WinRM,Microsoft-Windows-WinRM/Operational,1950,4,,,,,Get,,http://schemas.microsoft.com/wbem/wsman/1/Config/Plugin
2026-03-26T06:17:15.617919Z,254,dc.danglingtree.htb,Microsoft-Windows-WinRM,Microsoft-Windows-WinRM/Operational,1951,4,,,,,,,
2026-03-26T06:17:15.617920Z,132,dc.danglingtree.htb,Microsoft-Windows-WinRM,Microsoft-Windows-WinRM/Operational,1952,4,,,,,Get,,
2026-03-26T06:17:15.619264Z,145,dc.danglingtree.htb,Microsoft-Windows-WinRM,Microsoft-Windows-WinRM/Operational,1953,4,,,,,Enumeration,,http://schemas.microsoft.com/wbem/wsman/1/Config/Plugin
2026-03-26T06:17:15.621925Z,254,dc.danglingtree.htb,Microsoft-Windows-WinRM,Microsoft-Windows-WinRM/Operational,1954,4,,,,,,,
2026-03-26T06:17:15.621926Z,132,dc.danglingtree.htb,Microsoft-Windows-WinRM,Microsoft-Windows-WinRM/Operational,1955,4,,,,,Enumeration,,
2026-03-26T06:17:15.622270Z,145,dc.danglingtree.htb,Microsoft-Windows-WinRM,Microsoft-Windows-WinRM/Operational,1956,4,,,,,Get,,http://schemas.microsoft.com/wbem/wsman/1/Config/Plugin
2026-03-26T06:17:15.622886Z,254,dc.danglingtree.htb,Microsoft-Windows-WinRM,Microsoft-Windows-WinRM/Operational,1957,4,,,,,,,
2026-03-26T06:17:15.622887Z,132,dc.danglingtree.htb,Microsoft-Windows-WinRM,Microsoft-Windows-WinRM/Operational,1958,4,,,,,Get,,
2026-03-26T06:17:15.623419Z,145,dc.danglingtree.htb,Microsoft-Windows-WinRM,Microsoft-Windows-WinRM/Operational,1959,4,,,,,Enumeration,,http://schemas.microsoft.com/wbem/wsman/1/Config/Plugin
2026-03-26T06:17:15.625538Z,254,dc.danglingtree.htb,Microsoft-Windows-WinRM,Microsoft-Windows-WinRM/Operational,1960,4,,,,,,,
2026-03-26T06:17:15.625539Z,132,dc.danglingtree.htb,Microsoft-Windows-WinRM,Microsoft-Windows-WinRM/Operational,1961,4,,,,,Enumeration,,
2026-03-26T06:17:15.625831Z,145,dc.danglingtree.htb,Microsoft-Windows-WinRM,Microsoft-Windows-WinRM/Operational,1962,4,,,,,Get,,http://schemas.microsoft.com/wbem/wsman/1/Config/Plugin
2026-03-26T06:17:15.626408Z,254,dc.danglingtree.htb,Microsoft-Windows-WinRM,Microsoft-Windows-WinRM/Operational,1963,4,,,,,,,
2026-03-26T06:17:15.626409Z,132,dc.danglingtree.htb,Microsoft-Windows-WinRM,Microsoft-Windows-WinRM/Operational,1964,4,,,,,Get,,
2026-03-26T06:17:15.626894Z,145,dc.danglingtree.htb,Microsoft-Windows-WinRM,Microsoft-Windows-WinRM/Operational,1965,4,,,,,Get,,http://schemas.microsoft.com/wbem/wsman/1/Config/Plugin
2026-03-26T06:17:15.627898Z,254,dc.danglingtree.htb,Microsoft-Windows-WinRM,Microsoft-Windows-WinRM/Operational,1966,4,,,,,,,
2026-03-26T06:17:15.627899Z,132,dc.danglingtree.htb,Microsoft-Windows-WinRM,Microsoft-Windows-WinRM/Operational,1967,4,,,,,Get,,
2026-03-26T06:17:15.628213Z,145,dc.danglingtree.htb,Microsoft-Windows-WinRM,Microsoft-Windows-WinRM/Operational,1968,4,,,,,Put,,http://schemas.microsoft.com/wbem/wsman/1/Config/Plugin
2026-03-26T06:17:15.631506Z,254,dc.danglingtree.htb,Microsoft-Windows-WinRM,Microsoft-Windows-WinRM/Operational,1969,4,,,,,,,
2026-03-26T06:17:15.631507Z,132,dc.danglingtree.htb,Microsoft-Windows-WinRM,Microsoft-Windows-WinRM/Operational,1970,4,,,,,Put,,
2026-03-26T06:17:15.632179Z,145,dc.danglingtree.htb,Microsoft-Windows-WinRM,Microsoft-Windows-WinRM/Operational,1971,4,,,,,Get,,http://schemas.microsoft.com/wbem/wsman/1/Config/Plugin
2026-03-26T06:17:15.639647Z,254,dc.danglingtree.htb,Microsoft-Windows-WinRM,Microsoft-Windows-WinRM/Operational,1972,4,,,,,,,
2026-03-26T06:17:15.639648Z,132,dc.danglingtree.htb,Microsoft-Windows-WinRM,Microsoft-Windows-WinRM/Operational,1973,4,,,,,Get,,
2026-03-26T06:17:15.640195Z,145,dc.danglingtree.htb,Microsoft-Windows-WinRM,Microsoft-Windows-WinRM/Operational,1974,4,,,,,Enumeration,,http://schemas.microsoft.com/wbem/wsman/1/Config/Plugin
2026-03-26T06:17:15.642417Z,254,dc.danglingtree.htb,Microsoft-Windows-WinRM,Microsoft-Windows-WinRM/Operational,1975,4,,,,,,,
2026-03-26T06:17:15.642417Z,132,dc.danglingtree.htb,Microsoft-Windows-WinRM,Microsoft-Windows-WinRM/Operational,1976,4,,,,,Enumeration,,
2026-03-26T06:17:15.642892Z,145,dc.danglingtree.htb,Microsoft-Windows-WinRM,Microsoft-Windows-WinRM/Operational,1977,4,,,,,Put,,http://schemas.microsoft.com/wbem/wsman/1/Config/Plugin
2026-03-26T06:17:15.645594Z,254,dc.danglingtree.htb,Microsoft-Windows-WinRM,Microsoft-Windows-WinRM/Operational,1978,4,,,,,,,
2026-03-26T06:17:15.645595Z,132,dc.danglingtree.htb,Microsoft-Windows-WinRM,Microsoft-Windows-WinRM/Operational,1979,4,,,,,Put,,
2026-03-26T06:17:15.649631Z,145,dc.danglingtree.htb,Microsoft-Windows-WinRM,Microsoft-Windows-WinRM/Operational,1980,4,,,,,Enumeration,,http://schemas.microsoft.com/wbem/wsman/1/Config/Plugin
2026-03-26T06:17:15.655388Z,254,dc.danglingtree.htb,Microsoft-Windows-WinRM,Microsoft-Windows-WinRM/Operational,1981,4,,,,,,,
2026-03-26T06:17:15.655390Z,132,dc.danglingtree.htb,Microsoft-Windows-WinRM,Microsoft-Windows-WinRM/Operational,1982,4,,,,,Enumeration,,
2026-03-26T06:17:15.655737Z,145,dc.danglingtree.htb,Microsoft-Windows-WinRM,Microsoft-Windows-WinRM/Operational,1983,4,,,,,Get,,http://schemas.microsoft.com/wbem/wsman/1/Config/Plugin
2026-03-26T06:17:15.656571Z,254,dc.danglingtree.htb,Microsoft-Windows-WinRM,Microsoft-Windows-WinRM/Operational,1984,4,,,,,,,
2026-03-26T06:17:15.656572Z,132,dc.danglingtree.htb,Microsoft-Windows-WinRM,Microsoft-Windows-WinRM/Operational,1985,4,,,,,Get,,
2026-03-26T06:17:15.660045Z,145,dc.danglingtree.htb,Microsoft-Windows-WinRM,Microsoft-Windows-WinRM/Operational,1986,4,,,,,Enumeration,,http://schemas.microsoft.com/wbem/wsman/1/Config/Plugin
2026-03-26T06:17:15.663270Z,254,dc.danglingtree.htb,Microsoft-Windows-WinRM,Microsoft-Windows-WinRM/Operational,1987,4,,,,,,,
2026-03-26T06:17:15.663271Z,132,dc.danglingtree.htb,Microsoft-Windows-WinRM,Microsoft-Windows-WinRM/Operational,1988,4,,,,,Enumeration,,
2026-03-26T06:17:15.664047Z,145,dc.danglingtree.htb,Microsoft-Windows-WinRM,Microsoft-Windows-WinRM/Operational,1989,4,,,,,Get,,http://schemas.microsoft.com/wbem/wsman/1/Config/Plugin
2026-03-26T06:17:15.665900Z,254,dc.danglingtree.htb,Microsoft-Windows-WinRM,Microsoft-Windows-WinRM/Operational,1990,4,,,,,,,
2026-03-26T06:17:15.665901Z,132,dc.danglingtree.htb,Microsoft-Windows-WinRM,Microsoft-Windows-WinRM/Operational,1991,4,,,,,Get,,
2026-03-26T06:17:15.667649Z,145,dc.danglingtree.htb,Microsoft-Windows-WinRM,Microsoft-Windows-WinRM/Operational,1992,4,,,,,Enumeration,,http://schemas.microsoft.com/wbem/wsman/1/Config/Plugin
2026-03-26T06:17:15.669940Z,254,dc.danglingtree.htb,Microsoft-Windows-WinRM,Microsoft-Windows-WinRM/Operational,1993,4,,,,,,,
2026-03-26T06:17:15.669941Z,132,dc.danglingtree.htb,Microsoft-Windows-WinRM,Microsoft-Windows-WinRM/Operational,1994,4,,,,,Enumeration,,
2026-03-26T06:17:15.670236Z,145,dc.danglingtree.htb,Microsoft-Windows-WinRM,Microsoft-Windows-WinRM/Operational,1995,4,,,,,Get,,http://schemas.microsoft.com/wbem/wsman/1/Config/Plugin
2026-03-26T06:17:15.671108Z,254,dc.danglingtree.htb,Microsoft-Windows-WinRM,Microsoft-Windows-WinRM/Operational,1996,4,,,,,,,
2026-03-26T06:17:15.671119Z,132,dc.danglingtree.htb,Microsoft-Windows-WinRM,Microsoft-Windows-WinRM/Operational,1997,4,,,,,Get,,
2026-03-26T06:17:15.675291Z,145,dc.danglingtree.htb,Microsoft-Windows-WinRM,Microsoft-Windows-WinRM/Operational,1998,4,,,,,Enumeration,,http://schemas.microsoft.com/wbem/wsman/1/Config/Plugin
2026-03-26T06:17:15.678217Z,254,dc.danglingtree.htb,Microsoft-Windows-WinRM,Microsoft-Windows-WinRM/Operational,1999,4,,,,,,,
2026-03-26T06:17:15.678219Z,132,dc.danglingtree.htb,Microsoft-Windows-WinRM,Microsoft-Windows-WinRM/Operational,2000,4,,,,,Enumeration,,
2026-03-26T06:17:15.678611Z,145,dc.danglingtree.htb,Microsoft-Windows-WinRM,Microsoft-Windows-WinRM/Operational,2001,4,,,,,Get,,http://schemas.microsoft.com/wbem/wsman/1/Config/Plugin
2026-03-26T06:17:15.679655Z,254,dc.danglingtree.htb,Microsoft-Windows-WinRM,Microsoft-Windows-WinRM/Operational,2002,4,,,,,,,
2026-03-26T06:17:15.679656Z,132,dc.danglingtree.htb,Microsoft-Windows-WinRM,Microsoft-Windows-WinRM/Operational,2003,4,,,,,Get,,
2026-03-26T06:17:15.681415Z,145,dc.danglingtree.htb,Microsoft-Windows-WinRM,Microsoft-Windows-WinRM/Operational,2004,4,,,,,Enumeration,,http://schemas.microsoft.com/wbem/wsman/1/Config/Plugin
2026-03-26T06:17:15.684546Z,254,dc.danglingtree.htb,Microsoft-Windows-WinRM,Microsoft-Windows-WinRM/Operational,2005,4,,,,,,,
2026-03-26T06:17:15.684547Z,132,dc.danglingtree.htb,Microsoft-Windows-WinRM,Microsoft-Windows-WinRM/Operational,2006,4,,,,,Enumeration,,
2026-03-26T06:17:15.684967Z,145,dc.danglingtree.htb,Microsoft-Windows-WinRM,Microsoft-Windows-WinRM/Operational,2007,4,,,,,Get,,http://schemas.microsoft.com/wbem/wsman/1/Config/Plugin
2026-03-26T06:17:15.686055Z,254,dc.danglingtree.htb,Microsoft-Windows-WinRM,Microsoft-Windows-WinRM/Operational,2008,4,,,,,,,
2026-03-26T06:17:15.686057Z,132,dc.danglingtree.htb,Microsoft-Windows-WinRM,Microsoft-Windows-WinRM/Operational,2009,4,,,,,Get,,
2026-03-26T06:17:15.687323Z,145,dc.danglingtree.htb,Microsoft-Windows-WinRM,Microsoft-Windows-WinRM/Operational,2010,4,,,,,Enumeration,,http://schemas.microsoft.com/wbem/wsman/1/Config/Plugin
2026-03-26T06:17:15.689858Z,254,dc.danglingtree.htb,Microsoft-Windows-WinRM,Microsoft-Windows-WinRM/Operational,2011,4,,,,,,,
2026-03-26T06:17:15.689859Z,132,dc.danglingtree.htb,Microsoft-Windows-WinRM,Microsoft-Windows-WinRM/Operational,2012,4,,,,,Enumeration,,
2026-03-26T06:17:15.690198Z,145,dc.danglingtree.htb,Microsoft-Windows-WinRM,Microsoft-Windows-WinRM/Operational,2013,4,,,,,Get,,http://schemas.microsoft.com/wbem/wsman/1/Config/Plugin
2026-03-26T06:17:15.691202Z,254,dc.danglingtree.htb,Microsoft-Windows-WinRM,Microsoft-Windows-WinRM/Operational,2014,4,,,,,,,
2026-03-26T06:17:15.691203Z,132,dc.danglingtree.htb,Microsoft-Windows-WinRM,Microsoft-Windows-WinRM/Operational,2015,4,,,,,Get,,
2026-03-26T06:17:15.693863Z,145,dc.danglingtree.htb,Microsoft-Windows-WinRM,Microsoft-Windows-WinRM/Operational,2016,4,,,,,Enumeration,,http://schemas.microsoft.com/wbem/wsman/1/Config/Plugin
2026-03-26T06:17:15.696978Z,254,dc.danglingtree.htb,Microsoft-Windows-WinRM,Microsoft-Windows-WinRM/Operational,2017,4,,,,,,,
2026-03-26T06:17:15.696980Z,132,dc.danglingtree.htb,Microsoft-Windows-WinRM,Microsoft-Windows-WinRM/Operational,2018,4,,,,,Enumeration,,
2026-03-26T06:17:15.697370Z,145,dc.danglingtree.htb,Microsoft-Windows-WinRM,Microsoft-Windows-WinRM/Operational,2019,4,,,,,Get,,http://schemas.microsoft.com/wbem/wsman/1/Config/Plugin
2026-03-26T06:17:15.698648Z,254,dc.danglingtree.htb,Microsoft-Windows-WinRM,Microsoft-Windows-WinRM/Operational,2020,4,,,,,,,
2026-03-26T06:17:15.698649Z,132,dc.danglingtree.htb,Microsoft-Windows-WinRM,Microsoft-Windows-WinRM/Operational,2021,4,,,,,Get,,
2026-03-26T06:17:15.701114Z,145,dc.danglingtree.htb,Microsoft-Windows-WinRM,Microsoft-Windows-WinRM/Operational,2022,4,,,,,Enumeration,,http://schemas.microsoft.com/wbem/wsman/1/Config/Plugin
2026-03-26T06:17:15.704382Z,254,dc.danglingtree.htb,Microsoft-Windows-WinRM,Microsoft-Windows-WinRM/Operational,2023,4,,,,,,,
2026-03-26T06:17:15.704384Z,132,dc.danglingtree.htb,Microsoft-Windows-WinRM,Microsoft-Windows-WinRM/Operational,2024,4,,,,,Enumeration,,
2026-03-26T06:17:15.704951Z,145,dc.danglingtree.htb,Microsoft-Windows-WinRM,Microsoft-Windows-WinRM/Operational,2025,4,,,,,Get,,http://schemas.microsoft.com/wbem/wsman/1/Config/Plugin
2026-03-26T06:17:15.706122Z,254,dc.danglingtree.htb,Microsoft-Windows-WinRM,Microsoft-Windows-WinRM/Operational,2026,4,,,,,,,
2026-03-26T06:17:15.706123Z,132,dc.danglingtree.htb,Microsoft-Windows-WinRM,Microsoft-Windows-WinRM/Operational,2027,4,,,,,Get,,
2026-03-26T06:17:15.706986Z,145,dc.danglingtree.htb,Microsoft-Windows-WinRM,Microsoft-Windows-WinRM/Operational,2028,4,,,,,Enumeration,,http://schemas.microsoft.com/wbem/wsman/1/Config/Plugin
2026-03-26T06:17:15.709793Z,254,dc.danglingtree.htb,Microsoft-Windows-WinRM,Microsoft-Windows-WinRM/Operational,2029,4,,,,,,,
2026-03-26T06:17:15.709794Z,132,dc.danglingtree.htb,Microsoft-Windows-WinRM,Microsoft-Windows-WinRM/Operational,2030,4,,,,,Enumeration,,
2026-03-26T06:17:15.710444Z,145,dc.danglingtree.htb,Microsoft-Windows-WinRM,Microsoft-Windows-WinRM/Operational,2031,4,,,,,Get,,http://schemas.microsoft.com/wbem/wsman/1/Config/Plugin
2026-03-26T06:17:15.711835Z,254,dc.danglingtree.htb,Microsoft-Windows-WinRM,Microsoft-Windows-WinRM/Operational,2032,4,,,,,,,
2026-03-26T06:17:15.711836Z,132,dc.danglingtree.htb,Microsoft-Windows-WinRM,Microsoft-Windows-WinRM/Operational,2033,4,,,,,Get,,
2026-03-26T06:17:15.713731Z,145,dc.danglingtree.htb,Microsoft-Windows-WinRM,Microsoft-Windows-WinRM/Operational,2034,4,,,,,Enumeration,,http://schemas.microsoft.com/wbem/wsman/1/Config/Plugin
2026-03-26T06:17:15.716543Z,254,dc.danglingtree.htb,Microsoft-Windows-WinRM,Microsoft-Windows-WinRM/Operational,2035,4,,,,,,,
2026-03-26T06:17:15.716544Z,132,dc.danglingtree.htb,Microsoft-Windows-WinRM,Microsoft-Windows-WinRM/Operational,2036,4,,,,,Enumeration,,
2026-03-26T06:17:15.716982Z,145,dc.danglingtree.htb,Microsoft-Windows-WinRM,Microsoft-Windows-WinRM/Operational,2037,4,,,,,Get,,http://schemas.microsoft.com/wbem/wsman/1/Config/Plugin
2026-03-26T06:17:15.718399Z,254,dc.danglingtree.htb,Microsoft-Windows-WinRM,Microsoft-Windows-WinRM/Operational,2038,4,,,,,,,
2026-03-26T06:17:15.718400Z,132,dc.danglingtree.htb,Microsoft-Windows-WinRM,Microsoft-Windows-WinRM/Operational,2039,4,,,,,Get,,
2026-03-26T06:17:15.722529Z,145,dc.danglingtree.htb,Microsoft-Windows-WinRM,Microsoft-Windows-WinRM/Operational,2040,4,,,,,Enumeration,,http://schemas.microsoft.com/wbem/wsman/1/Config/Plugin
2026-03-26T06:17:15.725272Z,254,dc.danglingtree.htb,Microsoft-Windows-WinRM,Microsoft-Windows-WinRM/Operational,2041,4,,,,,,,
2026-03-26T06:17:15.725273Z,132,dc.danglingtree.htb,Microsoft-Windows-WinRM,Microsoft-Windows-WinRM/Operational,2042,4,,,,,Enumeration,,
2026-03-26T06:17:15.727148Z,145,dc.danglingtree.htb,Microsoft-Windows-WinRM,Microsoft-Windows-WinRM/Operational,2043,4,,,,,Enumeration,,http://schemas.microsoft.com/wbem/wsman/1/Config/Plugin
2026-03-26T06:17:15.731241Z,254,dc.danglingtree.htb,Microsoft-Windows-WinRM,Microsoft-Windows-WinRM/Operational,2044,4,,,,,,,
2026-03-26T06:17:15.731243Z,132,dc.danglingtree.htb,Microsoft-Windows-WinRM,Microsoft-Windows-WinRM/Operational,2045,4,,,,,Enumeration,,
2026-03-26T06:17:15.734004Z,145,dc.danglingtree.htb,Microsoft-Windows-WinRM,Microsoft-Windows-WinRM/Operational,2046,4,,,,,Enumeration,,http://schemas.microsoft.com/wbem/wsman/1/Config/Plugin
2026-03-26T06:17:15.737147Z,254,dc.danglingtree.htb,Microsoft-Windows-WinRM,Microsoft-Windows-WinRM/Operational,2047,4,,,,,,,
2026-03-26T06:17:15.737148Z,132,dc.danglingtree.htb,Microsoft-Windows-WinRM,Microsoft-Windows-WinRM/Operational,2048,4,,,,,Enumeration,,
2026-03-26T06:17:15.738311Z,145,dc.danglingtree.htb,Microsoft-Windows-WinRM,Microsoft-Windows-WinRM/Operational,2049,4,,,,,Enumeration,,http://schemas.microsoft.com/wbem/wsman/1/Config/Plugin
2026-03-26T06:17:15.740953Z,254,dc.danglingtree.htb,Microsoft-Windows-WinRM,Microsoft-Windows-WinRM/Operational,2050,4,,,,,,,
2026-03-26T06:17:15.740955Z,132,dc.danglingtree.htb,Microsoft-Windows-WinRM,Microsoft-Windows-WinRM/Operational,2051,4,,,,,Enumeration,,
2026-03-26T06:17:15.741699Z,145,dc.danglingtree.htb,Microsoft-Windows-WinRM,Microsoft-Windows-WinRM/Operational,2052,4,,,,,Enumeration,,http://schemas.microsoft.com/wbem/wsman/1/Config/Plugin
2026-03-26T06:17:15.745007Z,254,dc.danglingtree.htb,Microsoft-Windows-WinRM,Microsoft-Windows-WinRM/Operational,2053,4,,,,,,,
2026-03-26T06:17:15.745009Z,132,dc.danglingtree.htb,Microsoft-Windows-WinRM,Microsoft-Windows-WinRM/Operational,2054,4,,,,,Enumeration,,
2026-03-26T06:17:15.746271Z,145,dc.danglingtree.htb,Microsoft-Windows-WinRM,Microsoft-Windows-WinRM/Operational,2055,4,,,,,Enumeration,,http://schemas.microsoft.com/wbem/wsman/1/Config/Plugin
2026-03-26T06:17:15.749767Z,254,dc.danglingtree.htb,Microsoft-Windows-WinRM,Microsoft-Windows-WinRM/Operational,2056,4,,,,,,,
2026-03-26T06:17:15.749768Z,132,dc.danglingtree.htb,Microsoft-Windows-WinRM,Microsoft-Windows-WinRM/Operational,2057,4,,,,,Enumeration,,
2026-03-26T06:17:15.750815Z,145,dc.danglingtree.htb,Microsoft-Windows-WinRM,Microsoft-Windows-WinRM/Operational,2058,4,,,,,Enumeration,,http://schemas.microsoft.com/wbem/wsman/1/Config/Plugin
2026-03-26T06:17:15.753355Z,254,dc.danglingtree.htb,Microsoft-Windows-WinRM,Microsoft-Windows-WinRM/Operational,2059,4,,,,,,,
2026-03-26T06:17:15.753356Z,132,dc.danglingtree.htb,Microsoft-Windows-WinRM,Microsoft-Windows-WinRM/Operational,2060,4,,,,,Enumeration,,
2026-03-26T06:17:15.758310Z,145,dc.danglingtree.htb,Microsoft-Windows-WinRM,Microsoft-Windows-WinRM/Operational,2061,4,,,,,Enumeration,,http://schemas.microsoft.com/wbem/wsman/1/Config/Plugin
2026-03-26T06:17:15.761207Z,254,dc.danglingtree.htb,Microsoft-Windows-WinRM,Microsoft-Windows-WinRM/Operational,2062,4,,,,,,,
