2026-06-03T20:34:36.066275Z,"{'#attributes': {'Qualifiers': 16384}, '#text': 1003}",dc.danglingtree.htb,Microsoft-Windows-Security-SPP,Application,3003,4,,,,,,,,,,,,,,,,,,,,,,,,55c92734-d682-4d71-983e-d6ec3f16059f,"
1: 0d1bd880-2140-43c0-a2e1-506998451d6c, 1, 0 [(0 [0xC004F014, 0, 0], [(?)(?)(?)(?)(?)(?)(?)(?)])(1 )(2 )(3 )]
2: 1b0d9de5-e09d-4257-8221-6970f082d4e9, 1, 0 [(0 [0xC004F014, 0, 0], [(?)(?)(?)(?)(?)(?)(?)(?)])(1 )(2 )(3 )]
3: 66354793-4375-42ee-a9be-74e94d28bbf9, 1, 0 [(0 [0xC004F014, 0, 0], [(?)(?)(?)(?)(?)(?)(?)(?)])(1 )(2 )(3 )]
4: 6bad0243-1c35-46b2-b8e6-7a853e37413f, 1, 0 [(0 [0xC004F014, 0, 0], [(?)(?)(?)(?)(?)(?)(?)(?)])(1 )(2 )(3 )]
5: 6ff6be9b-b2df-433f-85c1-37daf0eb6826, 1, 0 [(0 [0xC004F014, 0, 0], [(?)(?)(?)(?)(?)(?)(?)(?)])(1 )(2 )(3 )]
6: 7990b601-c924-4e58-b271-ab1d6d61d303, 1, 0 [(0 [0xC004F014, 0, 0], [(?)(?)(?)(?)(?)(?)(?)(?)])(1 )(2 )(3 )]
7: 7dc26449-db21-4e09-ba37-28f2958506a6, 1, 0 [(0 [0xC004F014, 0, 0], [(?)(?)(?)(?)(?)(?)(?)(?)])(1 )(2 )(3 )]
8: 82fcf64d-f9dd-4411-9c79-f2eed16d4eb8, 1, 0 [(0 [0xC004F014, 0, 0], [(?)(?)(?)(?)(?)(?)(?)(?)])(1 )(2 )(3 )]
9: 84e331f6-4279-48c4-ab10-b75139181351, 1, 0 [(0 [0xC004F014, 0, 0], [(?)(?)(?)(?)(?)(?)(?)(?)])(1 )(2 )(3 )]
10: 919155fb-b42b-4371-9e4b-9c2e954507a6, 1, 0 [(0 [0xC004F014, 0, 0], [(?)(?)(?)(?)(?)(?)(?)(?)])(1 )(2 )(3 )]
11: 9a5d353c-2d22-4e58-b60e-9fcfed846922, 1, 0 [(0 [0xC004F014, 0, 0], [(?)(?)(?)(?)(?)(?)(?)(?)])(1 )(2 )(3 )]
12: caac9bf3-3daf-4da1-85b1-334e0fa7ed10, 1, 0 [(0 [0xC004F014, 0, 0], [(?)(?)(?)(?)(?)(?)(?)(?)])(1 )(2 )(3 )]
13: d81adfb0-9c6e-4274-8453-7dec8cce3fe9, 1, 0 [(0 [0xC004F014, 0, 0], [(?)(?)(?)(?)(?)(?)(?)(?)])(1 )(2 )(3 )]
14: ecc748b4-08de-4d57-abdb-6da44495a8f7, 1, 0 [(0 )(1 )(2 [0xC004E003, 0, 0], [( 1 0xC004F034)( 1 0xC004F034)(?)(?)(?)(?)(?)(?)])(3 [0x00000000, 0, 0], [( 6 0xC004F009 0 0)( 1 0x00000000)( 6 0xC004F009 0 0)(?)(?)(?)( 10 0x00000000 msft:rm/algorithm/flags/1.0)( 11 0x00000000 0xC004F034)])]

",,,,,,,,,,,,,,,,,,,,,,,,,,,,,,,,,,,,,,,,,,,,,,,,,,,,,,,,,,,,,,,,,,,,,,,,,,,,,,,,,,,,,,,
2026-06-03T20:34:36.621478Z,"{'#attributes': {'Qualifiers': 0}, '#text': 1000}",dc.danglingtree.htb,VGAuth,Application,3004,0,,,,,,,,,,,,,,,,,,,,,,,vmtoolsd: Username and password successfully validated for 'administrator',,,,,,,,,,,,,,,,,,,,,,,,,,,,,,,,,,,,,,,,,,,,,,,,,,,,,,,,,,,,,,,,,,,,,,,,,,,,,,,,,,,,,,,,,
2026-06-03T20:34:39.652650Z,"{'#attributes': {'Qualifiers': 0}, '#text': 1000}",dc.danglingtree.htb,VGAuth,Application,3005,0,,,,,,,,,,,,,,,,,,,,,,,vmtoolsd: Username and password successfully validated for 'administrator',,,,,,,,,,,,,,,,,,,,,,,,,,,,,,,,,,,,,,,,,,,,,,,,,,,,,,,,,,,,,,,,,,,,,,,,,,,,,,,,,,,,,,,,,
2026-06-03T20:34:39.876167Z,"{'#attributes': {'Qualifiers': 0}, '#text': 1000}",dc.danglingtree.htb,VGAuth,Application,3006,0,,,,,,,,,,,,,,,,,,,,,,,vmtoolsd: Username and password successfully validated for 'administrator',,,,,,,,,,,,,,,,,,,,,,,,,,,,,,,,,,,,,,,,,,,,,,,,,,,,,,,,,,,,,,,,,,,,,,,,,,,,,,,,,,,,,,,,,
2026-06-03T20:34:40.794797Z,"{'#attributes': {'Qualifiers': 0}, '#text': 1000}",dc.danglingtree.htb,VGAuth,Application,3007,0,,,,,,,,,,,,,,,,,,,,,,,vmtoolsd: Username and password successfully validated for 'administrator',,,,,,,,,,,,,,,,,,,,,,,,,,,,,,,,,,,,,,,,,,,,,,,,,,,,,,,,,,,,,,,,,,,,,,,,,,,,,,,,,,,,,,,,,
2026-06-03T20:34:40.852884Z,"{'#attributes': {'Qualifiers': 0}, '#text': 1000}",dc.danglingtree.htb,VGAuth,Application,3008,0,,,,,,,,,,,,,,,,,,,,,,,vmtoolsd: Username and password successfully validated for 'administrator',,,,,,,,,,,,,,,,,,,,,,,,,,,,,,,,,,,,,,,,,,,,,,,,,,,,,,,,,,,,,,,,,,,,,,,,,,,,,,,,,,,,,,,,,
2026-06-03T20:34:40.928822Z,"{'#attributes': {'Qualifiers': 0}, '#text': 1000}",dc.danglingtree.htb,VGAuth,Application,3009,0,,,,,,,,,,,,,,,,,,,,,,,vmtoolsd: Username and password successfully validated for 'administrator',,,,,,,,,,,,,,,,,,,,,,,,,,,,,,,,,,,,,,,,,,,,,,,,,,,,,,,,,,,,,,,,,,,,,,,,,,,,,,,,,,,,,,,,,
2026-06-03T20:34:40.997035Z,"{'#attributes': {'Qualifiers': 0}, '#text': 1000}",dc.danglingtree.htb,VGAuth,Application,3010,0,,,,,,,,,,,,,,,,,,,,,,,vmtoolsd: Username and password successfully validated for 'administrator',,,,,,,,,,,,,,,,,,,,,,,,,,,,,,,,,,,,,,,,,,,,,,,,,,,,,,,,,,,,,,,,,,,,,,,,,,,,,,,,,,,,,,,,,
2026-06-03T20:34:41.094361Z,"{'#attributes': {'Qualifiers': 0}, '#text': 1000}",dc.danglingtree.htb,VGAuth,Application,3011,0,,,,,,,,,,,,,,,,,,,,,,,vmtoolsd: Username and password successfully validated for 'administrator',,,,,,,,,,,,,,,,,,,,,,,,,,,,,,,,,,,,,,,,,,,,,,,,,,,,,,,,,,,,,,,,,,,,,,,,,,,,,,,,,,,,,,,,,
2026-06-03T20:34:41.202019Z,"{'#attributes': {'Qualifiers': 0}, '#text': 1000}",dc.danglingtree.htb,VGAuth,Application,3012,0,,,,,,,,,,,,,,,,,,,,,,,vmtoolsd: Username and password successfully validated for 'administrator',,,,,,,,,,,,,,,,,,,,,,,,,,,,,,,,,,,,,,,,,,,,,,,,,,,,,,,,,,,,,,,,,,,,,,,,,,,,,,,,,,,,,,,,,
2026-06-03T20:34:41.517073Z,"{'#attributes': {'Qualifiers': 0}, '#text': 1000}",dc.danglingtree.htb,VGAuth,Application,3013,0,,,,,,,,,,,,,,,,,,,,,,,vmtoolsd: Username and password successfully validated for 'administrator',,,,,,,,,,,,,,,,,,,,,,,,,,,,,,,,,,,,,,,,,,,,,,,,,,,,,,,,,,,,,,,,,,,,,,,,,,,,,,,,,,,,,,,,,
2026-06-03T20:34:43.177136Z,"{'#attributes': {'Qualifiers': 0}, '#text': 1000}",dc.danglingtree.htb,VGAuth,Application,3014,0,,,,,,,,,,,,,,,,,,,,,,,vmtoolsd: Username and password successfully validated for 'administrator',,,,,,,,,,,,,,,,,,,,,,,,,,,,,,,,,,,,,,,,,,,,,,,,,,,,,,,,,,,,,,,,,,,,,,,,,,,,,,,,,,,,,,,,,
2026-06-03T20:34:43.702798Z,"{'#attributes': {'Qualifiers': 0}, '#text': 1000}",dc.danglingtree.htb,VGAuth,Application,3015,0,,,,,,,,,,,,,,,,,,,,,,,vmtoolsd: Username and password successfully validated for 'administrator',,,,,,,,,,,,,,,,,,,,,,,,,,,,,,,,,,,,,,,,,,,,,,,,,,,,,,,,,,,,,,,,,,,,,,,,,,,,,,,,,,,,,,,,,
2026-06-03T20:34:46.302448Z,"{'#attributes': {'Qualifiers': 0}, '#text': 1000}",dc.danglingtree.htb,VGAuth,Application,3016,0,,,,,,,,,,,,,,,,,,,,,,,vmtoolsd: Username and password successfully validated for 'administrator',,,,,,,,,,,,,,,,,,,,,,,,,,,,,,,,,,,,,,,,,,,,,,,,,,,,,,,,,,,,,,,,,,,,,,,,,,,,,,,,,,,,,,,,,
2026-06-03T20:34:47.145525Z,"{'#attributes': {'Qualifiers': 0}, '#text': 1000}",dc.danglingtree.htb,VGAuth,Application,3017,0,,,,,,,,,,,,,,,,,,,,,,,vmtoolsd: Username and password successfully validated for 'administrator',,,,,,,,,,,,,,,,,,,,,,,,,,,,,,,,,,,,,,,,,,,,,,,,,,,,,,,,,,,,,,,,,,,,,,,,,,,,,,,,,,,,,,,,,
2026-06-03T20:34:48.381259Z,"{'#attributes': {'Qualifiers': 0}, '#text': 1000}",dc.danglingtree.htb,VGAuth,Application,3018,0,,,,,,,,,,,,,,,,,,,,,,,vmtoolsd: Username and password successfully validated for 'administrator',,,,,,,,,,,,,,,,,,,,,,,,,,,,,,,,,,,,,,,,,,,,,,,,,,,,,,,,,,,,,,,,,,,,,,,,,,,,,,,,,,,,,,,,,
2026-06-03T20:34:48.432241Z,"{'#attributes': {'Qualifiers': 0}, '#text': 1000}",dc.danglingtree.htb,VGAuth,Application,3019,0,,,,,,,,,,,,,,,,,,,,,,,vmtoolsd: Username and password successfully validated for 'administrator',,,,,,,,,,,,,,,,,,,,,,,,,,,,,,,,,,,,,,,,,,,,,,,,,,,,,,,,,,,,,,,,,,,,,,,,,,,,,,,,,,,,,,,,,
2026-06-03T20:34:48.478024Z,"{'#attributes': {'Qualifiers': 0}, '#text': 1000}",dc.danglingtree.htb,VGAuth,Application,3020,0,,,,,,,,,,,,,,,,,,,,,,,vmtoolsd: Username and password successfully validated for 'administrator',,,,,,,,,,,,,,,,,,,,,,,,,,,,,,,,,,,,,,,,,,,,,,,,,,,,,,,,,,,,,,,,,,,,,,,,,,,,,,,,,,,,,,,,,
2026-06-03T20:34:48.530666Z,"{'#attributes': {'Qualifiers': 0}, '#text': 1000}",dc.danglingtree.htb,VGAuth,Application,3021,0,,,,,,,,,,,,,,,,,,,,,,,vmtoolsd: Username and password successfully validated for 'administrator',,,,,,,,,,,,,,,,,,,,,,,,,,,,,,,,,,,,,,,,,,,,,,,,,,,,,,,,,,,,,,,,,,,,,,,,,,,,,,,,,,,,,,,,,
2026-06-03T20:34:48.589265Z,"{'#attributes': {'Qualifiers': 0}, '#text': 1000}",dc.danglingtree.htb,VGAuth,Application,3022,0,,,,,,,,,,,,,,,,,,,,,,,vmtoolsd: Username and password successfully validated for 'administrator',,,,,,,,,,,,,,,,,,,,,,,,,,,,,,,,,,,,,,,,,,,,,,,,,,,,,,,,,,,,,,,,,,,,,,,,,,,,,,,,,,,,,,,,,
2026-06-03T20:34:49.077094Z,"{'#attributes': {'Qualifiers': 0}, '#text': 1000}",dc.danglingtree.htb,VGAuth,Application,3023,0,,,,,,,,,,,,,,,,,,,,,,,vmtoolsd: Username and password successfully validated for 'administrator',,,,,,,,,,,,,,,,,,,,,,,,,,,,,,,,,,,,,,,,,,,,,,,,,,,,,,,,,,,,,,,,,,,,,,,,,,,,,,,,,,,,,,,,,
2026-06-03T20:34:49.528301Z,"{'#attributes': {'Qualifiers': 0}, '#text': 1000}",dc.danglingtree.htb,VGAuth,Application,3024,0,,,,,,,,,,,,,,,,,,,,,,,vmtoolsd: Username and password successfully validated for 'administrator',,,,,,,,,,,,,,,,,,,,,,,,,,,,,,,,,,,,,,,,,,,,,,,,,,,,,,,,,,,,,,,,,,,,,,,,,,,,,,,,,,,,,,,,,
2026-06-03T20:34:50.114934Z,"{'#attributes': {'Qualifiers': 16384}, '#text': 1003}",dc.danglingtree.htb,Microsoft-Windows-Security-SPP,Application,3025,4,,,,,,,,,,,,,,,,,,,,,,,,55c92734-d682-4d71-983e-d6ec3f16059f,"
1: 0d1bd880-2140-43c0-a2e1-506998451d6c, 1, 0 [(0 [0xC004F014, 0, 0], [(?)(?)(?)(?)(?)(?)(?)(?)])(1 )(2 )(3 )]
2: 1b0d9de5-e09d-4257-8221-6970f082d4e9, 1, 0 [(0 [0xC004F014, 0, 0], [(?)(?)(?)(?)(?)(?)(?)(?)])(1 )(2 )(3 )]
3: 66354793-4375-42ee-a9be-74e94d28bbf9, 1, 0 [(0 [0xC004F014, 0, 0], [(?)(?)(?)(?)(?)(?)(?)(?)])(1 )(2 )(3 )]
4: 6bad0243-1c35-46b2-b8e6-7a853e37413f, 1, 0 [(0 [0xC004F014, 0, 0], [(?)(?)(?)(?)(?)(?)(?)(?)])(1 )(2 )(3 )]
5: 6ff6be9b-b2df-433f-85c1-37daf0eb6826, 1, 0 [(0 [0xC004F014, 0, 0], [(?)(?)(?)(?)(?)(?)(?)(?)])(1 )(2 )(3 )]
6: 7990b601-c924-4e58-b271-ab1d6d61d303, 1, 0 [(0 [0xC004F014, 0, 0], [(?)(?)(?)(?)(?)(?)(?)(?)])(1 )(2 )(3 )]
7: 7dc26449-db21-4e09-ba37-28f2958506a6, 1, 0 [(0 [0xC004F014, 0, 0], [(?)(?)(?)(?)(?)(?)(?)(?)])(1 )(2 )(3 )]
8: 82fcf64d-f9dd-4411-9c79-f2eed16d4eb8, 1, 0 [(0 [0xC004F014, 0, 0], [(?)(?)(?)(?)(?)(?)(?)(?)])(1 )(2 )(3 )]
9: 84e331f6-4279-48c4-ab10-b75139181351, 1, 0 [(0 [0xC004F014, 0, 0], [(?)(?)(?)(?)(?)(?)(?)(?)])(1 )(2 )(3 )]
10: 919155fb-b42b-4371-9e4b-9c2e954507a6, 1, 0 [(0 [0xC004F014, 0, 0], [(?)(?)(?)(?)(?)(?)(?)(?)])(1 )(2 )(3 )]
11: 9a5d353c-2d22-4e58-b60e-9fcfed846922, 1, 0 [(0 [0xC004F014, 0, 0], [(?)(?)(?)(?)(?)(?)(?)(?)])(1 )(2 )(3 )]
12: caac9bf3-3daf-4da1-85b1-334e0fa7ed10, 1, 0 [(0 [0xC004F014, 0, 0], [(?)(?)(?)(?)(?)(?)(?)(?)])(1 )(2 )(3 )]
13: d81adfb0-9c6e-4274-8453-7dec8cce3fe9, 1, 0 [(0 [0xC004F014, 0, 0], [(?)(?)(?)(?)(?)(?)(?)(?)])(1 )(2 )(3 )]
14: ecc748b4-08de-4d57-abdb-6da44495a8f7, 1, 1 [(0 )(1 )(2 [0xC004E003, 0, 0], [( 1 0xC004F034)( 1 0xC004F034)(?)(?)(?)(?)(?)(?)])(3 [0x00000000, 0, 0], [( 6 0xC004F009 0 0)( 1 0x00000000)( 6 0xC004F009 0 0)(?)(?)(?)( 10 0x00000000 msft:rm/algorithm/flags/1.0)( 11 0x00000000 0xC004F034)])]

",,,,,,,,,,,,,,,,,,,,,,,,,,,,,,,,,,,,,,,,,,,,,,,,,,,,,,,,,,,,,,,,,,,,,,,,,,,,,,,,,,,,,,,
2026-06-03T20:34:50.159054Z,"{'#attributes': {'Qualifiers': 16384}, '#text': 1003}",dc.danglingtree.htb,Microsoft-Windows-Security-SPP,Application,3026,4,,,,,,,,,,,,,,,,,,,,,,,,55c92734-d682-4d71-983e-d6ec3f16059f,"
1: ecc748b4-08de-4d57-abdb-6da44495a8f7, 1, 1 [(0 )(1 )(2 [0xC004E003, 0, 0], [( 1 0xC004F034)( 1 0xC004F034)(?)(?)(?)(?)(?)(?)])(3 [0x00000000, 0, 0], [( 6 0xC004F009 0 0)( 1 0x00000000)( 6 0xC004F009 0 0)(?)(?)(?)( 10 0x00000000 msft:rm/algorithm/flags/1.0)( 11 0x00000000 0xC004F034)])]

",,,,,,,,,,,,,,,,,,,,,,,,,,,,,,,,,,,,,,,,,,,,,,,,,,,,,,,,,,,,,,,,,,,,,,,,,,,,,,,,,,,,,,,
2026-06-03T20:34:55.865302Z,"{'#attributes': {'Qualifiers': 0}, '#text': 1000}",dc.danglingtree.htb,VGAuth,Application,3027,0,,,,,,,,,,,,,,,,,,,,,,,vmtoolsd: Username and password successfully validated for 'administrator',,,,,,,,,,,,,,,,,,,,,,,,,,,,,,,,,,,,,,,,,,,,,,,,,,,,,,,,,,,,,,,,,,,,,,,,,,,,,,,,,,,,,,,,,
2026-06-03T20:34:56.352959Z,"{'#attributes': {'Qualifiers': 0}, '#text': 1000}",dc.danglingtree.htb,VGAuth,Application,3028,0,,,,,,,,,,,,,,,,,,,,,,,vmtoolsd: Username and password successfully validated for 'administrator',,,,,,,,,,,,,,,,,,,,,,,,,,,,,,,,,,,,,,,,,,,,,,,,,,,,,,,,,,,,,,,,,,,,,,,,,,,,,,,,,,,,,,,,,
2026-06-03T20:34:56.479646Z,"{'#attributes': {'Qualifiers': 0}, '#text': 1000}",dc.danglingtree.htb,VGAuth,Application,3029,0,,,,,,,,,,,,,,,,,,,,,,,vmtoolsd: Username and password successfully validated for 'administrator',,,,,,,,,,,,,,,,,,,,,,,,,,,,,,,,,,,,,,,,,,,,,,,,,,,,,,,,,,,,,,,,,,,,,,,,,,,,,,,,,,,,,,,,,
2026-06-03T20:34:56.526072Z,"{'#attributes': {'Qualifiers': 0}, '#text': 1000}",dc.danglingtree.htb,VGAuth,Application,3030,0,,,,,,,,,,,,,,,,,,,,,,,vmtoolsd: Username and password successfully validated for 'administrator',,,,,,,,,,,,,,,,,,,,,,,,,,,,,,,,,,,,,,,,,,,,,,,,,,,,,,,,,,,,,,,,,,,,,,,,,,,,,,,,,,,,,,,,,
2026-06-03T20:34:56.571603Z,"{'#attributes': {'Qualifiers': 0}, '#text': 1000}",dc.danglingtree.htb,VGAuth,Application,3031,0,,,,,,,,,,,,,,,,,,,,,,,vmtoolsd: Username and password successfully validated for 'administrator',,,,,,,,,,,,,,,,,,,,,,,,,,,,,,,,,,,,,,,,,,,,,,,,,,,,,,,,,,,,,,,,,,,,,,,,,,,,,,,,,,,,,,,,,
2026-06-03T20:34:56.617697Z,"{'#attributes': {'Qualifiers': 0}, '#text': 1000}",dc.danglingtree.htb,VGAuth,Application,3032,0,,,,,,,,,,,,,,,,,,,,,,,vmtoolsd: Username and password successfully validated for 'administrator',,,,,,,,,,,,,,,,,,,,,,,,,,,,,,,,,,,,,,,,,,,,,,,,,,,,,,,,,,,,,,,,,,,,,,,,,,,,,,,,,,,,,,,,,
2026-06-03T20:34:56.912446Z,"{'#attributes': {'Qualifiers': 0}, '#text': 1000}",dc.danglingtree.htb,VGAuth,Application,3033,0,,,,,,,,,,,,,,,,,,,,,,,vmtoolsd: Username and password successfully validated for 'administrator',,,,,,,,,,,,,,,,,,,,,,,,,,,,,,,,,,,,,,,,,,,,,,,,,,,,,,,,,,,,,,,,,,,,,,,,,,,,,,,,,,,,,,,,,
2026-06-03T20:34:58.412890Z,"{'#attributes': {'Qualifiers': 0}, '#text': 1000}",dc.danglingtree.htb,VGAuth,Application,3034,0,,,,,,,,,,,,,,,,,,,,,,,vmtoolsd: Username and password successfully validated for 'administrator',,,,,,,,,,,,,,,,,,,,,,,,,,,,,,,,,,,,,,,,,,,,,,,,,,,,,,,,,,,,,,,,,,,,,,,,,,,,,,,,,,,,,,,,,
2026-06-03T20:34:59.079426Z,"{'#attributes': {'Qualifiers': 0}, '#text': 1000}",dc.danglingtree.htb,VGAuth,Application,3035,0,,,,,,,,,,,,,,,,,,,,,,,vmtoolsd: Username and password successfully validated for 'administrator',,,,,,,,,,,,,,,,,,,,,,,,,,,,,,,,,,,,,,,,,,,,,,,,,,,,,,,,,,,,,,,,,,,,,,,,,,,,,,,,,,,,,,,,,
2026-06-03T20:35:01.243345Z,"{'#attributes': {'Qualifiers': 0}, '#text': 0}",dc.danglingtree.htb,edgeupdate,Application,3036,4,,,,,,,,,,,,,,,,,,,,,,,Service stopped,,,,,,,,,,,,,,,,,,,,,,,,,,,,,,,,,,,,,,,,,,,,,,,,,,,,,,,,,,,,,,,,,,,,,,,,,,,,,,,,,,,,,,,,,
2026-06-03T20:35:01.680001Z,"{'#attributes': {'Qualifiers': 0}, '#text': 1000}",dc.danglingtree.htb,VGAuth,Application,3037,0,,,,,,,,,,,,,,,,,,,,,,,vmtoolsd: Username and password successfully validated for 'administrator',,,,,,,,,,,,,,,,,,,,,,,,,,,,,,,,,,,,,,,,,,,,,,,,,,,,,,,,,,,,,,,,,,,,,,,,,,,,,,,,,,,,,,,,,
2026-06-03T20:35:04.213116Z,"{'#attributes': {'Qualifiers': 0}, '#text': 1000}",dc.danglingtree.htb,VGAuth,Application,3038,0,,,,,,,,,,,,,,,,,,,,,,,vmtoolsd: Username and password successfully validated for 'administrator',,,,,,,,,,,,,,,,,,,,,,,,,,,,,,,,,,,,,,,,,,,,,,,,,,,,,,,,,,,,,,,,,,,,,,,,,,,,,,,,,,,,,,,,,
2026-06-03T20:35:04.622600Z,"{'#attributes': {'Qualifiers': 0}, '#text': 1000}",dc.danglingtree.htb,VGAuth,Application,3039,0,,,,,,,,,,,,,,,,,,,,,,,vmtoolsd: Username and password successfully validated for 'administrator',,,,,,,,,,,,,,,,,,,,,,,,,,,,,,,,,,,,,,,,,,,,,,,,,,,,,,,,,,,,,,,,,,,,,,,,,,,,,,,,,,,,,,,,,
2026-06-03T20:35:05.742755Z,"{'#attributes': {'Qualifiers': 0}, '#text': 1000}",dc.danglingtree.htb,VGAuth,Application,3040,0,,,,,,,,,,,,,,,,,,,,,,,vmtoolsd: Username and password successfully validated for 'administrator',,,,,,,,,,,,,,,,,,,,,,,,,,,,,,,,,,,,,,,,,,,,,,,,,,,,,,,,,,,,,,,,,,,,,,,,,,,,,,,,,,,,,,,,,
2026-06-03T20:35:05.792335Z,"{'#attributes': {'Qualifiers': 0}, '#text': 1000}",dc.danglingtree.htb,VGAuth,Application,3041,0,,,,,,,,,,,,,,,,,,,,,,,vmtoolsd: Username and password successfully validated for 'administrator',,,,,,,,,,,,,,,,,,,,,,,,,,,,,,,,,,,,,,,,,,,,,,,,,,,,,,,,,,,,,,,,,,,,,,,,,,,,,,,,,,,,,,,,,
2026-06-03T20:35:05.841556Z,"{'#attributes': {'Qualifiers': 0}, '#text': 1000}",dc.danglingtree.htb,VGAuth,Application,3042,0,,,,,,,,,,,,,,,,,,,,,,,vmtoolsd: Username and password successfully validated for 'administrator',,,,,,,,,,,,,,,,,,,,,,,,,,,,,,,,,,,,,,,,,,,,,,,,,,,,,,,,,,,,,,,,,,,,,,,,,,,,,,,,,,,,,,,,,
2026-06-03T20:35:05.903930Z,"{'#attributes': {'Qualifiers': 0}, '#text': 1000}",dc.danglingtree.htb,VGAuth,Application,3043,0,,,,,,,,,,,,,,,,,,,,,,,vmtoolsd: Username and password successfully validated for 'administrator',,,,,,,,,,,,,,,,,,,,,,,,,,,,,,,,,,,,,,,,,,,,,,,,,,,,,,,,,,,,,,,,,,,,,,,,,,,,,,,,,,,,,,,,,
2026-06-03T20:35:05.964959Z,"{'#attributes': {'Qualifiers': 0}, '#text': 1000}",dc.danglingtree.htb,VGAuth,Application,3044,0,,,,,,,,,,,,,,,,,,,,,,,vmtoolsd: Username and password successfully validated for 'administrator',,,,,,,,,,,,,,,,,,,,,,,,,,,,,,,,,,,,,,,,,,,,,,,,,,,,,,,,,,,,,,,,,,,,,,,,,,,,,,,,,,,,,,,,,
2026-06-03T20:35:06.360231Z,"{'#attributes': {'Qualifiers': 0}, '#text': 1000}",dc.danglingtree.htb,VGAuth,Application,3045,0,,,,,,,,,,,,,,,,,,,,,,,vmtoolsd: Username and password successfully validated for 'administrator',,,,,,,,,,,,,,,,,,,,,,,,,,,,,,,,,,,,,,,,,,,,,,,,,,,,,,,,,,,,,,,,,,,,,,,,,,,,,,,,,,,,,,,,,
2026-06-03T20:35:06.398308Z,"{'#attributes': {'Qualifiers': 0}, '#text': 1000}",dc.danglingtree.htb,VGAuth,Application,3046,0,,,,,,,,,,,,,,,,,,,,,,,vmtoolsd: Username and password successfully validated for 'administrator',,,,,,,,,,,,,,,,,,,,,,,,,,,,,,,,,,,,,,,,,,,,,,,,,,,,,,,,,,,,,,,,,,,,,,,,,,,,,,,,,,,,,,,,,
2026-06-03T20:35:08.635922Z,"{'#attributes': {'Qualifiers': 0}, '#text': 1000}",dc.danglingtree.htb,VGAuth,Application,3047,0,,,,,,,,,,,,,,,,,,,,,,,vmtoolsd: Username and password successfully validated for 'administrator',,,,,,,,,,,,,,,,,,,,,,,,,,,,,,,,,,,,,,,,,,,,,,,,,,,,,,,,,,,,,,,,,,,,,,,,,,,,,,,,,,,,,,,,,
2026-06-03T20:35:08.996832Z,1001,dc.danglingtree.htb,Windows Error Reporting,Application,3048,4,,,,,,,,,"
\\?\C:\Windows\Logs\MoSetup\UpdateAgent.log
\\?\C:\ProgramData\Microsoft\Windows\WER\Temp\WER.bc0f14e8-e129-43c9-a188-f384b1cc61b6.tmp.WERInternalMetadata.xml
\\?\C:\ProgramData\Microsoft\Windows\WER\Temp\WER.8a1fd930-18a0-4d19-998c-f6334f8192d2.tmp.csv
\\?\C:\ProgramData\Microsoft\Windows\WER\Temp\WER.34768d64-1052-4a65-ae6e-05f288ed28b1.tmp.txt
\\?\C:\ProgramData\Microsoft\Windows\WER\Temp\WER.9b6fcd47-b661-4471-89c6-4055e190974a.tmp.xml
\\?\C:\WINDOWS\logs\mosetup\UpdateAgent.log
\\?\C:\WINDOWS\logs\cbs\CBS.log
\\?\C:\WINDOWS\logs\windowsupdate\WindowsUpdate.20260404.162939.486.1.etl
\\?\C:\WINDOWS\logs\windowsupdate\WindowsUpdate.20260404.164807.862.1.etl
\\?\C:\WINDOWS\logs\windowsupdate\WindowsUpdate.20260404.175245.225.1.etl
\\?\C:\WINDOWS\logs\windowsupdate\WindowsUpdate.20260404.180226.210.1.etl
\\?\C:\WINDOWS\logs\windowsupdate\WindowsUpdate.20260404.184037.410.1.etl
\\?\C:\WINDOWS\logs\windowsupdate\WindowsUpdate.20260405.120426.675.1.etl
\\?\C:\WINDOWS\logs\windowsupdate\WindowsUpdate.20260405.130550.867.1.etl
\\?\C:\WINDOWS\logs\windowsupdate\WindowsUpdate.20260603.123849.428.1.etl
\\?\C:\WINDOWS\logs\windowsupdate\WindowsUpdate.20260603.124555.445.1.etl
\\?\C:\WINDOWS\logs\windowsupdate\WindowsUpdate.20260603.131458.717.1.etl
\\?\C:\WINDOWS\logs\windowsupdate\WindowsUpdate.20260603.131458.717.10.etl
\\?\C:\WINDOWS\logs\windowsupdate\WindowsUpdate.20260603.131458.717.11.etl
\\?\C:\WINDOWS\logs\windowsupdate\WindowsUpdate.20260603.131458.717.2.etl
\\?\C:\WINDOWS\logs\windowsupdate\WindowsUpdate.20260603.131458.717.3.etl
\\?\C:\WINDOWS\logs\windowsupdate\WindowsUpdate.20260603.131458.717.4.etl
\\?\C:\WINDOWS\logs\windowsupdate\WindowsUpdate.20260603.131458.717.5.etl
\\?\C:\WINDOWS\logs\windowsupdate\WindowsUpdate.20260603.131458.717.6.etl
\\?\C:\WINDOWS\logs\windowsupdate\WindowsUpdate.20260603.131458.717.7.etl
\\?\C:\WINDOWS\logs\windowsupdate\WindowsUpdate.20260603.131458.717.8.etl
\\?\C:\WINDOWS\logs\windowsupdate\WindowsUpdate.20260603.131458.717.9.etl
\\?\C:\ProgramData\usoshared\logs\system\UpdateSessionOrchestration.15bca148-b3dd-4c23-b00e-810a3ba6f5e5.1.etl
\\?\C:\ProgramData\usoshared\logs\system\UpdateSessionOrchestration.15bca148-b3dd-4c23-b00e-810a3ba6f5e5.2.etl
\\?\C:\ProgramData\usoshared\logs\system\UpdateSessionOrchestration.15bca148-b3dd-4c23-b00e-810a3ba6f5e5.3.etl
\\?\C:\ProgramData\usoshared\logs\system\UpdateSessionOrchestration.19c56c1d-54d3-4297-bb27-f5b9688aae10.1.etl
\\?\C:\ProgramData\usoshared\logs\system\UpdateSessionOrchestration.2dc642dd-23ec-4a7e-8f68-121c80886ab9.1.etl
\\?\C:\ProgramData\usoshared\logs\system\UpdateSessionOrchestration.44cda293-cc62-45a0-a259-603107376179.1.etl
\\?\C:\ProgramData\usoshared\logs\system\UpdateSessionOrchestration.4de408ea-2d34-417b-a47c-d8e5e88352a7.1.etl
\\?\C:\ProgramData\usoshared\logs\system\UpdateSessionOrchestration.51ca8068-11de-420d-b9a8-f47216809b7c.1.etl
\\?\C:\ProgramData\usoshared\logs\system\UpdateSessionOrchestration.55ec99a4-c451-4560-8794-ee3ab8eda464.1.etl
\\?\C:\ProgramData\usoshared\logs\system\UpdateSessionOrchestration.5e67258a-e74c-4a5e-980a-02963e55d4c4.1.etl
\\?\C:\ProgramData\usoshared\logs\system\UpdateSessionOrchestration.6c19a401-73ba-44a8-8bd0-8974d9ea56e2.1.etl
\\?\C:\ProgramData\usoshared\logs\system\UpdateSessionOrchestration.6c19a401-73ba-44a8-8bd0-8974d9ea56e2.2.etl
\\?\C:\ProgramData\usoshared\logs\system\UpdateSessionOrchestration.6c19a401-73ba-44a8-8bd0-8974d9ea56e2.3.etl
\\?\C:\ProgramData\usoshared\logs\system\UpdateSessionOrchestration.6c19a401-73ba-44a8-8bd0-8974d9ea56e2.4.etl
\\?\C:\ProgramData\usoshared\logs\system\UpdateSessionOrchestration.6c19a401-73ba-44a8-8bd0-8974d9ea56e2.5.etl
\\?\C:\ProgramData\usoshared\logs\system\UpdateSessionOrchestration.6c19a401-73ba-44a8-8bd0-8974d9ea56e2.6.etl
\\?\C:\ProgramData\usoshared\logs\system\UpdateSessionOrchestration.6c19a401-73ba-44a8-8bd0-8974d9ea56e2.7.etl
\\?\C:\ProgramData\usoshared\logs\system\UpdateSessionOrchestration.6c19a401-73ba-44a8-8bd0-8974d9ea56e2.8.etl
\\?\C:\ProgramData\usoshared\logs\system\UpdateSessionOrchestration.6c19a401-73ba-44a8-8bd0-8974d9ea56e2.9.etl
\\?\C:\ProgramData\usoshared\logs\system\UpdateSessionOrchestration.6ca9c7b2-ff3e-4418-aa88-48dc2846111f.1.etl
\\?\C:\ProgramData\usoshared\logs\system\UpdateSessionOrchestration.736d9408-2722-43c9-bde5-6a5910d086e8.1.etl
\\?\C:\ProgramData\usoshared\logs\system\UpdateSessionOrchestration.736d9408-2722-43c9-bde5-6a5910d086e8.2.etl
\\?\C:\ProgramData\usoshared\logs\system\UpdateSessionOrchestration.a53c3e93-6981-4e34-b5f7-c0238b9a24d4.1.etl
\\?\C:\ProgramData\usoshared\logs\system\UpdateSessionOrchestration.a53c3e93-6981-4e34-b5f7-c0238b9a24d4.2.etl
\\?\C:\ProgramData\usoshared\logs\system\UpdateSessionOrchestration.a597a86c-97e5-44a8-8b69-d048b430c845.1.etl
\\?\C:\ProgramData\usoshared\logs\system\UpdateSessionOrchestration.b78708ef-75d1-4936-bf60-886f2ba1b6ec.5.etl
\\?\C:\ProgramData\usoshared\logs\system\UpdateSessionOrchestration.b78708ef-75d1-4936-bf60-886f2ba1b6ec.6.etl
\\?\C:\ProgramData\usoshared\logs\system\UpdateSessionOrchestration.b78708ef-75d1-4936-bf60-886f2ba1b6ec.7.etl
\\?\C:\ProgramData\usoshared\logs\system\UpdateSessionOrchestration.b78708ef-75d1-4936-bf60-886f2ba1b6ec.8.etl
\\?\C:\ProgramData\usoshared\logs\system\UpdateSessionOrchestration.bee1cc31-e1af-44c1-917e-161d52b74022.1.etl
\\?\C:\ProgramData\usoshared\logs\system\UpdateSessionOrchestration.bfe1acf4-3b7f-4d22-927f-f6ad6ed82df2.1.etl
\\?\C:\ProgramData\usoshared\logs\system\UpdateSessionOrchestration.bfe1acf4-3b7f-4d22-927f-f6ad6ed82df2.2.etl
\\?\C:\ProgramData\usoshared\logs\system\UpdateSessionOrchestration.bfe1acf4-3b7f-4d22-927f-f6ad6ed82df2.3.etl
\\?\C:\ProgramData\usoshared\logs\system\UpdateSessionOrchestration.bfe1acf4-3b7f-4d22-927f-f6ad6ed82df2.4.etl
\\?\C:\ProgramData\usoshared\logs\system\UpdateSessionOrchestration.cd2b629c-6d3c-4cb6-88f6-ddbc75e4e309.1.etl
\\?\C:\ProgramData\usoshared\logs\system\UpdateSessionOrchestration.d3a7b5b9-f0e2-4baa-8e4e-ba54926ea5dc.1.etl
\\?\C:\ProgramData\usoshared\logs\system\UpdateSessionOrchestration.dbe17921-6ef7-473c-8702-539f34bdd048.1.etl
\\?\C:\ProgramData\usoshared\logs\system\UpdateSessionOrchestration.e5f69910-01a3-410e-957b-7a76a17e0b96.1.etl
\\?\C:\ProgramData\usoshared\logs\system\UpdateSessionOrchestration.e5f69910-01a3-410e-957b-7a76a17e0b96.2.etl
\\?\C:\ProgramData\usoshared\logs\system\UpdateSessionOrchestration.e5f69910-01a3-410e-957b-7a76a17e0b96.3.etl
\\?\C:\ProgramData\usoshared\logs\system\UpdateSessionOrchestration.e88fa265-f2b2-49dd-8b25-845ab15f1208.1.etl
\\?\C:\ProgramData\usoshared\logs\system\UpdateSessionOrchestration.f02c4276-fa4e-4c3b-9aaf-8865b7af32a6.1.etl
\\?\C:\ProgramData\usoprivate\updatestore\store.bak
\\?\C:\ProgramData\usoprivate\updatestore\store.db
\\?\C:\Windows\SystemTemp\WER.11937f0e-5c85-4fb4-a958-2cbc45ea0a56.tmp.reg.txt
\\?\C:\Windows\SystemTemp\WER.b9ebae96-e33f-4570-b963-d8a7a37820d6.tmp.WERDataCollectionStatus.txt",,2037985867396536152,5,,,,,,0,0,,,,,,,,,,,,,,,,,,,UpdateAgentDiag,,,,,,1570d87427f2261f6c486159436fd758,,,,,,,,,,,,,0,32230,X,1,0x80010108,amd64,26100,ge_release,26100,lt_release_svc_prod1,,,,,,,,,,0,,5fc40744-abc9-442e-b823-47043c162b27,12,,Not available,,,,,,\\?\C:\ProgramData\Microsoft\Windows\WER\ReportQueue\NonCritical_0_71ec83ec7619a07e30af11476ea0d8ec56ca386_00000000_cab_5fc40744-abc9-442e-b823-47043c162b27,,,,,,,,,,,,,,,,,,,,,,,,,
2026-06-03T20:35:16.237404Z,"{'#attributes': {'Qualifiers': 0}, '#text': 1000}",dc.danglingtree.htb,VGAuth,Application,3049,0,,,,,,,,,,,,,,,,,,,,,,,vmtoolsd: Username and password successfully validated for 'administrator',,,,,,,,,,,,,,,,,,,,,,,,,,,,,,,,,,,,,,,,,,,,,,,,,,,,,,,,,,,,,,,,,,,,,,,,,,,,,,,,,,,,,,,,,
2026-06-03T20:35:16.705984Z,"{'#attributes': {'Qualifiers': 0}, '#text': 1000}",dc.danglingtree.htb,VGAuth,Application,3050,0,,,,,,,,,,,,,,,,,,,,,,,vmtoolsd: Username and password successfully validated for 'administrator',,,,,,,,,,,,,,,,,,,,,,,,,,,,,,,,,,,,,,,,,,,,,,,,,,,,,,,,,,,,,,,,,,,,,,,,,,,,,,,,,,,,,,,,,
2026-06-03T20:35:18.604566Z,1001,dc.danglingtree.htb,Windows Error Reporting,Application,3051,4,,,,,,,,,"
\\?\C:\ProgramData\Microsoft\Windows\WER\Temp\WER.2df3c649-0596-41dd-9580-ee10b5d96e1f.tmp.mdmp
\\?\C:\ProgramData\Microsoft\Windows\WER\Temp\WER.4e3abf85-2ecb-43c9-9181-f7f4f18d69ce.tmp.WERInternalMetadata.xml
\\?\C:\ProgramData\Microsoft\Windows\WER\Temp\WER.753194a0-b51b-42cd-9288-0f9673eca086.tmp.xml
\\?\C:\Windows\SystemTemp\WER.cc48f020-a6e0-4cbf-abab-f64c46d4d10e.tmp.appcompat.txt",,,0,,,,,,0,0,,,,,,,,,,,,,,,,,,,APPCRASH,,,,,,,,,,,,,,,,,,,WindowsAdminCenterAccountManagement.exe,,2.6.11.4,69340000,KERNELBASE.dll,10.0.26100.32230,93531557,e0434352,00000000000ca80a,,,,,,,,,,,0,,2e2dd86b-bcde-46b5-9be7-4752d36affec,100,,Not available,,,,,,\\?\C:\ProgramData\Microsoft\Windows\WER\ReportQueue\AppCrash_WindowsAdminCent_a6fb81939b9f405e50f372bdcaf57e747b9d9ae_67a50925_cab_0c429f53-463b-43de-9d36-235bff0657bc,,,,,,,,,,,,,,,,,,,,,,,,,
2026-06-03T20:35:18.953766Z,"{'#attributes': {'Qualifiers': 0}, '#text': 1000}",dc.danglingtree.htb,VGAuth,Application,3052,0,,,,,,,,,,,,,,,,,,,,,,,vmtoolsd: Username and password successfully validated for 'administrator',,,,,,,,,,,,,,,,,,,,,,,,,,,,,,,,,,,,,,,,,,,,,,,,,,,,,,,,,,,,,,,,,,,,,,,,,,,,,,,,,,,,,,,,,
2026-06-03T20:35:19.013442Z,"{'#attributes': {'Qualifiers': 0}, '#text': 1000}",dc.danglingtree.htb,VGAuth,Application,3053,0,,,,,,,,,,,,,,,,,,,,,,,vmtoolsd: Username and password successfully validated for 'administrator',,,,,,,,,,,,,,,,,,,,,,,,,,,,,,,,,,,,,,,,,,,,,,,,,,,,,,,,,,,,,,,,,,,,,,,,,,,,,,,,,,,,,,,,,
2026-06-03T20:35:19.068819Z,"{'#attributes': {'Qualifiers': 0}, '#text': 1000}",dc.danglingtree.htb,VGAuth,Application,3054,0,,,,,,,,,,,,,,,,,,,,,,,vmtoolsd: Username and password successfully validated for 'administrator',,,,,,,,,,,,,,,,,,,,,,,,,,,,,,,,,,,,,,,,,,,,,,,,,,,,,,,,,,,,,,,,,,,,,,,,,,,,,,,,,,,,,,,,,
2026-06-03T20:35:19.113320Z,"{'#attributes': {'Qualifiers': 0}, '#text': 1000}",dc.danglingtree.htb,VGAuth,Application,3055,0,,,,,,,,,,,,,,,,,,,,,,,vmtoolsd: Username and password successfully validated for 'administrator',,,,,,,,,,,,,,,,,,,,,,,,,,,,,,,,,,,,,,,,,,,,,,,,,,,,,,,,,,,,,,,,,,,,,,,,,,,,,,,,,,,,,,,,,
2026-06-03T20:35:19.412135Z,"{'#attributes': {'Qualifiers': 0}, '#text': 1000}",dc.danglingtree.htb,VGAuth,Application,3056,0,,,,,,,,,,,,,,,,,,,,,,,vmtoolsd: Username and password successfully validated for 'administrator',,,,,,,,,,,,,,,,,,,,,,,,,,,,,,,,,,,,,,,,,,,,,,,,,,,,,,,,,,,,,,,,,,,,,,,,,,,,,,,,,,,,,,,,,
2026-06-03T20:35:19.459127Z,"{'#attributes': {'Qualifiers': 0}, '#text': 1000}",dc.danglingtree.htb,VGAuth,Application,3057,0,,,,,,,,,,,,,,,,,,,,,,,vmtoolsd: Username and password successfully validated for 'administrator',,,,,,,,,,,,,,,,,,,,,,,,,,,,,,,,,,,,,,,,,,,,,,,,,,,,,,,,,,,,,,,,,,,,,,,,,,,,,,,,,,,,,,,,,
2026-06-03T20:35:19.943299Z,"{'#attributes': {'Qualifiers': 0}, '#text': 1000}",dc.danglingtree.htb,VGAuth,Application,3058,0,,,,,,,,,,,,,,,,,,,,,,,vmtoolsd: Username and password successfully validated for 'administrator',,,,,,,,,,,,,,,,,,,,,,,,,,,,,,,,,,,,,,,,,,,,,,,,,,,,,,,,,,,,,,,,,,,,,,,,,,,,,,,,,,,,,,,,,
2026-06-03T20:35:31.177862Z,"{'#attributes': {'Qualifiers': 16384}, '#text': 16384}",dc.danglingtree.htb,Microsoft-Windows-Security-SPP,Application,3059,4,,,,,,,,,,,,,,,,,,,,,,,,2026-06-04T20:33:31Z,RulesEngine,,,,,,,,,,,,,,,,,,,,,,,,,,,,,,,,,,,,,,,,,,,,,,,,,,,,,,,,,,,,,,,,,,,,,,,,,,,,,,,,,,,,,,,
2026-06-03T20:35:31.193299Z,"{'#attributes': {'Qualifiers': 16384}, '#text': 903}",dc.danglingtree.htb,Microsoft-Windows-Security-SPP,Application,3060,0,,,,,,,,,,,,,,,,,,,,,,,,,,,,,,,,,,,,,,,,,,,,,,,,,,,,,,,,,,,,,,,,,,,,,,,,,,,,,,,,,,,,,,,,,,,,,,,,,,,,,,,,,,,,,,,,
2026-06-03T20:35:31.098160Z,1001,dc.danglingtree.htb,Windows Error Reporting,Application,3061,4,,,,,,,,,"
\\?\C:\Windows\Temp\FailureReportMetadata_6207.txt
\\?\C:\ProgramData\Microsoft\Windows\WER\Temp\WER.e3fac1a1-c4ad-40a6-85b8-b52d655f7e9e.tmp.WERInternalMetadata.xml
\\?\C:\ProgramData\Microsoft\Windows\WER\Temp\WER.506bac0b-47ff-4265-ae39-9e776010fa4b.tmp.csv
\\?\C:\ProgramData\Microsoft\Windows\WER\Temp\WER.8c622b26-6249-44fd-9e12-7ee0e7324ea8.tmp.txt
\\?\C:\ProgramData\Microsoft\Windows\WER\Temp\WER.801b418e-3d52-4162-8f8f-64f71c558561.tmp.xml",,,0,,,,,,0,0,,,,,,,,,,,,,,,,,,,StoreAgentSearchUpdatePackagesFailure1,,,,,,,,,,,,,,,,,,,Acquisition;setup-StartProductInstallWithOptionsAsync,,8024402c,26100,32230,Windows.Server,V,,,,,,,,,,,,,0,,ca039122-10e7-4d2b-adca-df9341e4d094,4,,Not available,,,,,,\\?\C:\ProgramData\Microsoft\Windows\WER\ReportQueue\NonCritical_Acquisition;setu_4953cee653af3371d29f37f5fbea56833a808f95_00000000_cab_ca039122-10e7-4d2b-adca-df9341e4d094,,,,,,,,,,,,,,,,,,,,,,,,,
2026-06-03T20:35:36.447984Z,1001,dc.danglingtree.htb,Windows Error Reporting,Application,3062,4,,,,,,,,,"
\\?\C:\Windows\Logs\MoSetup\UpdateAgent.log
\\?\C:\ProgramData\Microsoft\Windows\WER\Temp\WER.bc0f14e8-e129-43c9-a188-f384b1cc61b6.tmp.WERInternalMetadata.xml
\\?\C:\ProgramData\Microsoft\Windows\WER\Temp\WER.8a1fd930-18a0-4d19-998c-f6334f8192d2.tmp.csv
\\?\C:\ProgramData\Microsoft\Windows\WER\Temp\WER.34768d64-1052-4a65-ae6e-05f288ed28b1.tmp.txt
\\?\C:\ProgramData\Microsoft\Windows\WER\Temp\WER.9b6fcd47-b661-4471-89c6-4055e190974a.tmp.xml
\\?\C:\WINDOWS\logs\mosetup\UpdateAgent.log
\\?\C:\WINDOWS\logs\cbs\CBS.log
\\?\C:\WINDOWS\logs\windowsupdate\WindowsUpdate.20260404.162939.486.1.etl
\\?\C:\WINDOWS\logs\windowsupdate\WindowsUpdate.20260404.164807.862.1.etl
\\?\C:\WINDOWS\logs\windowsupdate\WindowsUpdate.20260404.175245.225.1.etl
\\?\C:\WINDOWS\logs\windowsupdate\WindowsUpdate.20260404.180226.210.1.etl
\\?\C:\WINDOWS\logs\windowsupdate\WindowsUpdate.20260404.184037.410.1.etl
\\?\C:\WINDOWS\logs\windowsupdate\WindowsUpdate.20260405.120426.675.1.etl
\\?\C:\WINDOWS\logs\windowsupdate\WindowsUpdate.20260405.130550.867.1.etl
\\?\C:\WINDOWS\logs\windowsupdate\WindowsUpdate.20260603.123849.428.1.etl
\\?\C:\WINDOWS\logs\windowsupdate\WindowsUpdate.20260603.124555.445.1.etl
\\?\C:\WINDOWS\logs\windowsupdate\WindowsUpdate.20260603.131458.717.1.etl
\\?\C:\WINDOWS\logs\windowsupdate\WindowsUpdate.20260603.131458.717.10.etl
\\?\C:\WINDOWS\logs\windowsupdate\WindowsUpdate.20260603.131458.717.11.etl
\\?\C:\WINDOWS\logs\windowsupdate\WindowsUpdate.20260603.131458.717.2.etl
\\?\C:\WINDOWS\logs\windowsupdate\WindowsUpdate.20260603.131458.717.3.etl
\\?\C:\WINDOWS\logs\windowsupdate\WindowsUpdate.20260603.131458.717.4.etl
\\?\C:\WINDOWS\logs\windowsupdate\WindowsUpdate.20260603.131458.717.5.etl
\\?\C:\WINDOWS\logs\windowsupdate\WindowsUpdate.20260603.131458.717.6.etl
\\?\C:\WINDOWS\logs\windowsupdate\WindowsUpdate.20260603.131458.717.7.etl
\\?\C:\WINDOWS\logs\windowsupdate\WindowsUpdate.20260603.131458.717.8.etl
\\?\C:\WINDOWS\logs\windowsupdate\WindowsUpdate.20260603.131458.717.9.etl
\\?\C:\ProgramData\usoshared\logs\system\UpdateSessionOrchestration.15bca148-b3dd-4c23-b00e-810a3ba6f5e5.1.etl
\\?\C:\ProgramData\usoshared\logs\system\UpdateSessionOrchestration.15bca148-b3dd-4c23-b00e-810a3ba6f5e5.2.etl
\\?\C:\ProgramData\usoshared\logs\system\UpdateSessionOrchestration.15bca148-b3dd-4c23-b00e-810a3ba6f5e5.3.etl
\\?\C:\ProgramData\usoshared\logs\system\UpdateSessionOrchestration.19c56c1d-54d3-4297-bb27-f5b9688aae10.1.etl
\\?\C:\ProgramData\usoshared\logs\system\UpdateSessionOrchestration.2dc642dd-23ec-4a7e-8f68-121c80886ab9.1.etl
\\?\C:\ProgramData\usoshared\logs\system\UpdateSessionOrchestration.44cda293-cc62-45a0-a259-603107376179.1.etl
\\?\C:\ProgramData\usoshared\logs\system\UpdateSessionOrchestration.4de408ea-2d34-417b-a47c-d8e5e88352a7.1.etl
\\?\C:\ProgramData\usoshared\logs\system\UpdateSessionOrchestration.51ca8068-11de-420d-b9a8-f47216809b7c.1.etl
\\?\C:\ProgramData\usoshared\logs\system\UpdateSessionOrchestration.55ec99a4-c451-4560-8794-ee3ab8eda464.1.etl
\\?\C:\ProgramData\usoshared\logs\system\UpdateSessionOrchestration.5e67258a-e74c-4a5e-980a-02963e55d4c4.1.etl
\\?\C:\ProgramData\usoshared\logs\system\UpdateSessionOrchestration.6c19a401-73ba-44a8-8bd0-8974d9ea56e2.1.etl
\\?\C:\ProgramData\usoshared\logs\system\UpdateSessionOrchestration.6c19a401-73ba-44a8-8bd0-8974d9ea56e2.2.etl
\\?\C:\ProgramData\usoshared\logs\system\UpdateSessionOrchestration.6c19a401-73ba-44a8-8bd0-8974d9ea56e2.3.etl
\\?\C:\ProgramData\usoshared\logs\system\UpdateSessionOrchestration.6c19a401-73ba-44a8-8bd0-8974d9ea56e2.4.etl
\\?\C:\ProgramData\usoshared\logs\system\UpdateSessionOrchestration.6c19a401-73ba-44a8-8bd0-8974d9ea56e2.5.etl
\\?\C:\ProgramData\usoshared\logs\system\UpdateSessionOrchestration.6c19a401-73ba-44a8-8bd0-8974d9ea56e2.6.etl
\\?\C:\ProgramData\usoshared\logs\system\UpdateSessionOrchestration.6c19a401-73ba-44a8-8bd0-8974d9ea56e2.7.etl
\\?\C:\ProgramData\usoshared\logs\system\UpdateSessionOrchestration.6c19a401-73ba-44a8-8bd0-8974d9ea56e2.8.etl
\\?\C:\ProgramData\usoshared\logs\system\UpdateSessionOrchestration.6c19a401-73ba-44a8-8bd0-8974d9ea56e2.9.etl
\\?\C:\ProgramData\usoshared\logs\system\UpdateSessionOrchestration.6ca9c7b2-ff3e-4418-aa88-48dc2846111f.1.etl
\\?\C:\ProgramData\usoshared\logs\system\UpdateSessionOrchestration.736d9408-2722-43c9-bde5-6a5910d086e8.1.etl
\\?\C:\ProgramData\usoshared\logs\system\UpdateSessionOrchestration.736d9408-2722-43c9-bde5-6a5910d086e8.2.etl
\\?\C:\ProgramData\usoshared\logs\system\UpdateSessionOrchestration.a53c3e93-6981-4e34-b5f7-c0238b9a24d4.1.etl
\\?\C:\ProgramData\usoshared\logs\system\UpdateSessionOrchestration.a53c3e93-6981-4e34-b5f7-c0238b9a24d4.2.etl
\\?\C:\ProgramData\usoshared\logs\system\UpdateSessionOrchestration.a597a86c-97e5-44a8-8b69-d048b430c845.1.etl
\\?\C:\ProgramData\usoshared\logs\system\UpdateSessionOrchestration.b78708ef-75d1-4936-bf60-886f2ba1b6ec.5.etl
\\?\C:\ProgramData\usoshared\logs\system\UpdateSessionOrchestration.b78708ef-75d1-4936-bf60-886f2ba1b6ec.6.etl
\\?\C:\ProgramData\usoshared\logs\system\UpdateSessionOrchestration.b78708ef-75d1-4936-bf60-886f2ba1b6ec.7.etl
\\?\C:\ProgramData\usoshared\logs\system\UpdateSessionOrchestration.b78708ef-75d1-4936-bf60-886f2ba1b6ec.8.etl
\\?\C:\ProgramData\usoshared\logs\system\UpdateSessionOrchestration.bee1cc31-e1af-44c1-917e-161d52b74022.1.etl
\\?\C:\ProgramData\usoshared\logs\system\UpdateSessionOrchestration.bfe1acf4-3b7f-4d22-927f-f6ad6ed82df2.1.etl
\\?\C:\ProgramData\usoshared\logs\system\UpdateSessionOrchestration.bfe1acf4-3b7f-4d22-927f-f6ad6ed82df2.2.etl
\\?\C:\ProgramData\usoshared\logs\system\UpdateSessionOrchestration.bfe1acf4-3b7f-4d22-927f-f6ad6ed82df2.3.etl
\\?\C:\ProgramData\usoshared\logs\system\UpdateSessionOrchestration.bfe1acf4-3b7f-4d22-927f-f6ad6ed82df2.4.etl
\\?\C:\ProgramData\usoshared\logs\system\UpdateSessionOrchestration.cd2b629c-6d3c-4cb6-88f6-ddbc75e4e309.1.etl
\\?\C:\ProgramData\usoshared\logs\system\UpdateSessionOrchestration.d3a7b5b9-f0e2-4baa-8e4e-ba54926ea5dc.1.etl
\\?\C:\ProgramData\usoshared\logs\system\UpdateSessionOrchestration.dbe17921-6ef7-473c-8702-539f34bdd048.1.etl
\\?\C:\ProgramData\usoshared\logs\system\UpdateSessionOrchestration.e5f69910-01a3-410e-957b-7a76a17e0b96.1.etl
\\?\C:\ProgramData\usoshared\logs\system\UpdateSessionOrchestration.e5f69910-01a3-410e-957b-7a76a17e0b96.2.etl
\\?\C:\ProgramData\usoshared\logs\system\UpdateSessionOrchestration.e5f69910-01a3-410e-957b-7a76a17e0b96.3.etl
\\?\C:\ProgramData\usoshared\logs\system\UpdateSessionOrchestration.e88fa265-f2b2-49dd-8b25-845ab15f1208.1.etl
\\?\C:\ProgramData\usoshared\logs\system\UpdateSessionOrchestration.f02c4276-fa4e-4c3b-9aaf-8865b7af32a6.1.etl
\\?\C:\ProgramData\usoprivate\updatestore\store.bak
\\?\C:\ProgramData\usoprivate\updatestore\store.db
\\?\C:\Windows\SystemTemp\WER.11937f0e-5c85-4fb4-a958-2cbc45ea0a56.tmp.reg.txt
\\?\C:\Windows\SystemTemp\WER.b9ebae96-e33f-4570-b963-d8a7a37820d6.tmp.WERDataCollectionStatus.txt",,2037985867396536152,5,,,,,,0,0,,,,,,,,,,,,,,,,,,,UpdateAgentDiag,,,,,,1570d87427f2261f6c486159436fd758,,,,,,,,,,,,,0,32230,X,1,0x80010108,amd64,26100,ge_release,26100,lt_release_svc_prod1,,,,,,,,,,0,,5fc40744-abc9-442e-b823-47043c162b27,12,,Not available,,,,,,\\?\C:\ProgramData\Microsoft\Windows\WER\ReportQueue\NonCritical_0_71ec83ec7619a07e30af11476ea0d8ec56ca386_00000000_cab_5fc40744-abc9-442e-b823-47043c162b27,,,,,,,,,,,,,,,,,,,,,,,,,
2026-06-03T20:35:48.440047Z,1001,dc.danglingtree.htb,Windows Error Reporting,Application,3063,4,,,,,,,,,"
\\?\C:\ProgramData\Microsoft\Windows\WER\Temp\WER.2df3c649-0596-41dd-9580-ee10b5d96e1f.tmp.mdmp
\\?\C:\ProgramData\Microsoft\Windows\WER\Temp\WER.4e3abf85-2ecb-43c9-9181-f7f4f18d69ce.tmp.WERInternalMetadata.xml
\\?\C:\ProgramData\Microsoft\Windows\WER\Temp\WER.753194a0-b51b-42cd-9288-0f9673eca086.tmp.xml
\\?\C:\Windows\SystemTemp\WER.cc48f020-a6e0-4cbf-abab-f64c46d4d10e.tmp.appcompat.txt",,1631551532557261312,4,,,,,,0,0,,,,,,,,,,,,,,,,,,,APPCRASH,,,,,,2c4c73f8ba8145b6e6a46f797ad1da00,,,,,,,,,,,,,WindowsAdminCenterAccountManagement.exe,,2.6.11.4,69340000,KERNELBASE.dll,10.0.26100.32230,93531557,e0434352,00000000000ca80a,,,,,,,,,,,0,,2e2dd86b-bcde-46b5-9be7-4752d36affec,268435556,,Not available,,,,,,\\?\C:\ProgramData\Microsoft\Windows\WER\ReportArchive\AppCrash_WindowsAdminCent_a6fb81939b9f405e50f372bdcaf57e747b9d9ae_67a50925_0c429f53-463b-43de-9d36-235bff0657bc,,,,,,,,,,,,,,,,,,,,,,,,,
2026-06-03T20:35:58.392192Z,"{'#attributes': {'Qualifiers': 0}, '#text': 8224}",dc.danglingtree.htb,VSS,Application,3064,4,,,,,,,,,,2D20436F64653A2020434F525356434330303030303737322D2043616C6C3A2020434F525356434330303030303735342D205049443A202030303030343931362D205449443A202030303030343934302D20434D443A2020433A5C57494E444F57535C73797374656D33325C76737376632E6578652020202D20557365723A204E616D653A204E5420415554484F524954595C53595354454D2C205349443A532D312D352D313820,,,,,,,,,,,,,,,,,,,,,,,,,,,,,,,,,,,,,,,,,,,,,,,,,,,,,,,,,,,,,,,,,,,,,,,,,,,,,,,,,,,,,,,,,,,,,,,,,,,,,,
2026-06-03T20:36:01.742067Z,1001,dc.danglingtree.htb,Windows Error Reporting,Application,3065,4,,,,,,,,,"
\\?\C:\Windows\Temp\FailureReportMetadata_6207.txt
\\?\C:\ProgramData\Microsoft\Windows\WER\Temp\WER.e3fac1a1-c4ad-40a6-85b8-b52d655f7e9e.tmp.WERInternalMetadata.xml
\\?\C:\ProgramData\Microsoft\Windows\WER\Temp\WER.506bac0b-47ff-4265-ae39-9e776010fa4b.tmp.csv
\\?\C:\ProgramData\Microsoft\Windows\WER\Temp\WER.8c622b26-6249-44fd-9e12-7ee0e7324ea8.tmp.txt
\\?\C:\ProgramData\Microsoft\Windows\WER\Temp\WER.801b418e-3d52-4162-8f8f-64f71c558561.tmp.xml",,1165540248463731944,5,,,,,,0,0,,,,,,,,,,,,,,,,,,,StoreAgentSearchUpdatePackagesFailure1,,,,,,3afb662d253ebd30a02cd4ae4119ece8,,,,,,,,,,,,,Acquisition;setup-StartProductInstallWithOptionsAsync,,8024402c,26100,32230,Windows.Server,V,,,,,,,,,,,,,0,,ca039122-10e7-4d2b-adca-df9341e4d094,268435456,,Not available,,,,,,\\?\C:\ProgramData\Microsoft\Windows\WER\ReportArchive\NonCritical_Acquisition;setu_4953cee653af3371d29f37f5fbea56833a808f95_00000000_ca039122-10e7-4d2b-adca-df9341e4d094,,,,,,,,,,,,,,,,,,,,,,,,,
2026-06-03T20:36:12.874424Z,1008,dc.danglingtree.htb,Microsoft-Windows-Perflib,Application,3066,3,,,,,,,,,,,,,,,,,,,,,,,,,,,,,,,,,,,,,,,,,,,,,,,C:\WINDOWS\system32\mscoree.dll,,,,,,,,,,,,,,,,,,,,,,,,,,,,,,,,,,,,,.NETFramework,,,,,,,,,,,5,,,,,,,,,,,,,,,,,
2026-06-03T20:36:16.412231Z,1008,dc.danglingtree.htb,Microsoft-Windows-Perflib,Application,3067,3,,,,,,,,,,,,,,,,,,,,,,,,,,,,,,,,,,,,,,,,,,,,,,,C:\WINDOWS\system32\esentprf.dll,,,,,,,,,,,,,,,,,,,,,,,,,,,,,,,,,,,,,ESENT,,,,,,,,,,,5,,,,,,,,,,,,,,,,,
2026-06-03T20:36:20.943032Z,1016,dc.danglingtree.htb,Microsoft-Windows-Perflib,Application,3068,3,,,,,,,,,,,,,0x14a403e01f0,1132,,,,,,,,,,,,,,,,,,,,,,,,,,,,,,,,,C:\Windows\System32\perfts.dll,,,,,,,,,,,,,,,,,,,,,,,,,,,,,,,,,,,,,TermService,,,,,,,,,,,,,,,,,,,,,,,,,,,,
