2026-06-03T20:28:54.523314Z,"{'#attributes': {'Qualifiers': 16384}, '#text': 1004}",dc.danglingtree.htb,Microsoft-Windows-Security-SPP,Application,2686,4,,,,,,,,,,,,,,,,,,,,,,,,Windows(R) Publishing License (Public),56bc2dc6-5aca-47a2-afda-adc60bcf9599,,,,,,,,,,,,,,,,,,,,,,,,,,,,,,,,,,,,,,,,,,,,,,,,,,,,,,,,,,,,,,,,,,,,,,,,,,,,,,,,,,,,,,,
2026-06-03T20:28:54.524510Z,"{'#attributes': {'Qualifiers': 16384}, '#text': 1004}",dc.danglingtree.htb,Microsoft-Windows-Security-SPP,Application,2687,4,,,,,,,,,,,,,,,,,,,,,,,,Windows(R) Publishing License (Private),ad3a91ea-0033-4d5d-8103-3ff0fcddfbfb,,,,,,,,,,,,,,,,,,,,,,,,,,,,,,,,,,,,,,,,,,,,,,,,,,,,,,,,,,,,,,,,,,,,,,,,,,,,,,,,,,,,,,,
2026-06-03T20:28:54.544888Z,"{'#attributes': {'Qualifiers': 16384}, '#text': 1004}",dc.danglingtree.htb,Microsoft-Windows-Security-SPP,Application,2688,4,,,,,,,,,,,,,,,,,,,,,,,,Windows(R) UL oob License (Public),526261c8-694f-488d-8470-ef0cab8bdc46,,,,,,,,,,,,,,,,,,,,,,,,,,,,,,,,,,,,,,,,,,,,,,,,,,,,,,,,,,,,,,,,,,,,,,,,,,,,,,,,,,,,,,,
2026-06-03T20:28:54.546014Z,"{'#attributes': {'Qualifiers': 16384}, '#text': 1004}",dc.danglingtree.htb,Microsoft-Windows-Security-SPP,Application,2689,4,,,,,,,,,,,,,,,,,,,,,,,,Windows(R) UL oob License (Private),c76c8b15-59c5-4d16-aef8-71a6f810b5d8,,,,,,,,,,,,,,,,,,,,,,,,,,,,,,,,,,,,,,,,,,,,,,,,,,,,,,,,,,,,,,,,,,,,,,,,,,,,,,,,,,,,,,,
2026-06-03T20:28:54.560227Z,"{'#attributes': {'Qualifiers': 16384}, '#text': 1004}",dc.danglingtree.htb,Microsoft-Windows-Security-SPP,Application,2690,4,,,,,,,,,,,,,,,,,,,,,,,,Windows(R) UL phone License (Public),2dc9d467-e511-425d-979f-72697ff7870a,,,,,,,,,,,,,,,,,,,,,,,,,,,,,,,,,,,,,,,,,,,,,,,,,,,,,,,,,,,,,,,,,,,,,,,,,,,,,,,,,,,,,,,
2026-06-03T20:28:54.561191Z,"{'#attributes': {'Qualifiers': 16384}, '#text': 1004}",dc.danglingtree.htb,Microsoft-Windows-Security-SPP,Application,2691,4,,,,,,,,,,,,,,,,,,,,,,,,Windows(R) UL phone License (Private),733c2020-2995-4a90-ae73-238b9f482205,,,,,,,,,,,,,,,,,,,,,,,,,,,,,,,,,,,,,,,,,,,,,,,,,,,,,,,,,,,,,,,,,,,,,,,,,,,,,,,,,,,,,,,
2026-06-03T20:28:54.634611Z,"{'#attributes': {'Qualifiers': 16384}, '#text': 1004}",dc.danglingtree.htb,Microsoft-Windows-Security-SPP,Application,2692,4,,,,,,,,,,,,,,,,,,,,,,,,Windows(R) UL store License (Public),e40fe011-cd17-48a2-9209-e3a28e1af7f5,,,,,,,,,,,,,,,,,,,,,,,,,,,,,,,,,,,,,,,,,,,,,,,,,,,,,,,,,,,,,,,,,,,,,,,,,,,,,,,,,,,,,,,
2026-06-03T20:28:54.635814Z,"{'#attributes': {'Qualifiers': 16384}, '#text': 1004}",dc.danglingtree.htb,Microsoft-Windows-Security-SPP,Application,2693,4,,,,,,,,,,,,,,,,,,,,,,,,Windows(R) UL store License (Private),a610093c-d932-40cd-9502-0410aadc3cf3,,,,,,,,,,,,,,,,,,,,,,,,,,,,,,,,,,,,,,,,,,,,,,,,,,,,,,,,,,,,,,,,,,,,,,,,,,,,,,,,,,,,,,,
2026-06-03T20:28:54.648105Z,"{'#attributes': {'Qualifiers': 16384}, '#text': 1004}",dc.danglingtree.htb,Microsoft-Windows-Security-SPP,Application,2694,4,,,,,,,,,,,,,,,,,,,,,,,,Windows(R) Publishing License (Public),87301bd3-5dea-44f7-ac59-002150db74b0,,,,,,,,,,,,,,,,,,,,,,,,,,,,,,,,,,,,,,,,,,,,,,,,,,,,,,,,,,,,,,,,,,,,,,,,,,,,,,,,,,,,,,,
2026-06-03T20:28:54.649446Z,"{'#attributes': {'Qualifiers': 16384}, '#text': 1004}",dc.danglingtree.htb,Microsoft-Windows-Security-SPP,Application,2695,4,,,,,,,,,,,,,,,,,,,,,,,,Windows(R) Publishing License (Private),92b22935-c962-446a-ba2f-ae408e7cceae,,,,,,,,,,,,,,,,,,,,,,,,,,,,,,,,,,,,,,,,,,,,,,,,,,,,,,,,,,,,,,,,,,,,,,,,,,,,,,,,,,,,,,,
2026-06-03T20:28:54.661765Z,"{'#attributes': {'Qualifiers': 16384}, '#text': 1004}",dc.danglingtree.htb,Microsoft-Windows-Security-SPP,Application,2696,4,,,,,,,,,,,,,,,,,,,,,,,,Windows(R) UL oob License (Public),2b4876b1-73d4-4d24-a2ac-66e817a607b1,,,,,,,,,,,,,,,,,,,,,,,,,,,,,,,,,,,,,,,,,,,,,,,,,,,,,,,,,,,,,,,,,,,,,,,,,,,,,,,,,,,,,,,
2026-06-03T20:28:54.662862Z,"{'#attributes': {'Qualifiers': 16384}, '#text': 1004}",dc.danglingtree.htb,Microsoft-Windows-Security-SPP,Application,2697,4,,,,,,,,,,,,,,,,,,,,,,,,Windows(R) UL oob License (Private),3801925e-affd-4b6d-99a1-35bc7868853c,,,,,,,,,,,,,,,,,,,,,,,,,,,,,,,,,,,,,,,,,,,,,,,,,,,,,,,,,,,,,,,,,,,,,,,,,,,,,,,,,,,,,,,
2026-06-03T20:28:54.679744Z,"{'#attributes': {'Qualifiers': 16384}, '#text': 1004}",dc.danglingtree.htb,Microsoft-Windows-Security-SPP,Application,2698,4,,,,,,,,,,,,,,,,,,,,,,,,Windows(R) UL phone License (Public),284b41e9-1339-41b4-97ab-754598f88df2,,,,,,,,,,,,,,,,,,,,,,,,,,,,,,,,,,,,,,,,,,,,,,,,,,,,,,,,,,,,,,,,,,,,,,,,,,,,,,,,,,,,,,,
2026-06-03T20:28:54.680972Z,"{'#attributes': {'Qualifiers': 16384}, '#text': 1004}",dc.danglingtree.htb,Microsoft-Windows-Security-SPP,Application,2699,4,,,,,,,,,,,,,,,,,,,,,,,,Windows(R) UL phone License (Private),fe294a6c-b2c5-482b-9b49-20f48028942b,,,,,,,,,,,,,,,,,,,,,,,,,,,,,,,,,,,,,,,,,,,,,,,,,,,,,,,,,,,,,,,,,,,,,,,,,,,,,,,,,,,,,,,
2026-06-03T20:28:54.719619Z,"{'#attributes': {'Qualifiers': 16384}, '#text': 1004}",dc.danglingtree.htb,Microsoft-Windows-Security-SPP,Application,2700,4,,,,,,,,,,,,,,,,,,,,,,,,Windows(R) UL store License (Public),678187bd-699c-4dfc-a262-77e9ec456228,,,,,,,,,,,,,,,,,,,,,,,,,,,,,,,,,,,,,,,,,,,,,,,,,,,,,,,,,,,,,,,,,,,,,,,,,,,,,,,,,,,,,,,
2026-06-03T20:28:54.720920Z,"{'#attributes': {'Qualifiers': 16384}, '#text': 1004}",dc.danglingtree.htb,Microsoft-Windows-Security-SPP,Application,2701,4,,,,,,,,,,,,,,,,,,,,,,,,Windows(R) UL store License (Private),274fc213-857e-4638-a905-8ab4c6e6c189,,,,,,,,,,,,,,,,,,,,,,,,,,,,,,,,,,,,,,,,,,,,,,,,,,,,,,,,,,,,,,,,,,,,,,,,,,,,,,,,,,,,,,,
2026-06-03T20:28:54.734147Z,"{'#attributes': {'Qualifiers': 16384}, '#text': 1004}",dc.danglingtree.htb,Microsoft-Windows-Security-SPP,Application,2702,4,,,,,,,,,,,,,,,,,,,,,,,,Windows(R) Publishing License (Public),84b7a03c-dff3-436e-a9f0-dfa9d09b7b00,,,,,,,,,,,,,,,,,,,,,,,,,,,,,,,,,,,,,,,,,,,,,,,,,,,,,,,,,,,,,,,,,,,,,,,,,,,,,,,,,,,,,,,
2026-06-03T20:28:54.735235Z,"{'#attributes': {'Qualifiers': 16384}, '#text': 1004}",dc.danglingtree.htb,Microsoft-Windows-Security-SPP,Application,2703,4,,,,,,,,,,,,,,,,,,,,,,,,Windows(R) Publishing License (Private),25e334d5-d198-47ab-85ff-1b732fd93e9b,,,,,,,,,,,,,,,,,,,,,,,,,,,,,,,,,,,,,,,,,,,,,,,,,,,,,,,,,,,,,,,,,,,,,,,,,,,,,,,,,,,,,,,
2026-06-03T20:28:54.751006Z,"{'#attributes': {'Qualifiers': 16384}, '#text': 1004}",dc.danglingtree.htb,Microsoft-Windows-Security-SPP,Application,2704,4,,,,,,,,,,,,,,,,,,,,,,,,Windows(R) UL oob License (Public),cd208254-2955-4465-b336-a9263315b937,,,,,,,,,,,,,,,,,,,,,,,,,,,,,,,,,,,,,,,,,,,,,,,,,,,,,,,,,,,,,,,,,,,,,,,,,,,,,,,,,,,,,,,
2026-06-03T20:28:54.752204Z,"{'#attributes': {'Qualifiers': 16384}, '#text': 1004}",dc.danglingtree.htb,Microsoft-Windows-Security-SPP,Application,2705,4,,,,,,,,,,,,,,,,,,,,,,,,Windows(R) UL oob License (Private),67a4e8b0-0313-4526-8d61-43a2e05bc6e8,,,,,,,,,,,,,,,,,,,,,,,,,,,,,,,,,,,,,,,,,,,,,,,,,,,,,,,,,,,,,,,,,,,,,,,,,,,,,,,,,,,,,,,
2026-06-03T20:28:54.857736Z,"{'#attributes': {'Qualifiers': 16384}, '#text': 1004}",dc.danglingtree.htb,Microsoft-Windows-Security-SPP,Application,2706,4,,,,,,,,,,,,,,,,,,,,,,,,Windows(R) UL phone License (Public),e778425c-dd02-43e8-b3b2-9cb4e1a8d040,,,,,,,,,,,,,,,,,,,,,,,,,,,,,,,,,,,,,,,,,,,,,,,,,,,,,,,,,,,,,,,,,,,,,,,,,,,,,,,,,,,,,,,
2026-06-03T20:28:54.858806Z,"{'#attributes': {'Qualifiers': 16384}, '#text': 1004}",dc.danglingtree.htb,Microsoft-Windows-Security-SPP,Application,2707,4,,,,,,,,,,,,,,,,,,,,,,,,Windows(R) UL phone License (Private),7ba13e95-c086-489e-b180-fdd843865e90,,,,,,,,,,,,,,,,,,,,,,,,,,,,,,,,,,,,,,,,,,,,,,,,,,,,,,,,,,,,,,,,,,,,,,,,,,,,,,,,,,,,,,,
2026-06-03T20:28:54.900777Z,"{'#attributes': {'Qualifiers': 16384}, '#text': 1004}",dc.danglingtree.htb,Microsoft-Windows-Security-SPP,Application,2708,4,,,,,,,,,,,,,,,,,,,,,,,,Windows(R) UL store License (Public),3d728898-cc81-459b-800e-4b59f5b703a0,,,,,,,,,,,,,,,,,,,,,,,,,,,,,,,,,,,,,,,,,,,,,,,,,,,,,,,,,,,,,,,,,,,,,,,,,,,,,,,,,,,,,,,
2026-06-03T20:28:54.901799Z,"{'#attributes': {'Qualifiers': 16384}, '#text': 1004}",dc.danglingtree.htb,Microsoft-Windows-Security-SPP,Application,2709,4,,,,,,,,,,,,,,,,,,,,,,,,Windows(R) UL store License (Private),0e61b6f2-afc0-42aa-a3e2-b6521671ee96,,,,,,,,,,,,,,,,,,,,,,,,,,,,,,,,,,,,,,,,,,,,,,,,,,,,,,,,,,,,,,,,,,,,,,,,,,,,,,,,,,,,,,,
2026-06-03T20:28:54.912636Z,"{'#attributes': {'Qualifiers': 16384}, '#text': 1004}",dc.danglingtree.htb,Microsoft-Windows-Security-SPP,Application,2710,4,,,,,,,,,,,,,,,,,,,,,,,,Windows(R) Publishing License (Public),e2c4f6d6-1c45-4fa0-b839-c91b42e43a5f,,,,,,,,,,,,,,,,,,,,,,,,,,,,,,,,,,,,,,,,,,,,,,,,,,,,,,,,,,,,,,,,,,,,,,,,,,,,,,,,,,,,,,,
2026-06-03T20:28:54.913621Z,"{'#attributes': {'Qualifiers': 16384}, '#text': 1004}",dc.danglingtree.htb,Microsoft-Windows-Security-SPP,Application,2711,4,,,,,,,,,,,,,,,,,,,,,,,,Windows(R) Publishing License (Private),e30546cc-4087-4b10-9527-fdbd0ed713a1,,,,,,,,,,,,,,,,,,,,,,,,,,,,,,,,,,,,,,,,,,,,,,,,,,,,,,,,,,,,,,,,,,,,,,,,,,,,,,,,,,,,,,,
2026-06-03T20:28:54.926663Z,"{'#attributes': {'Qualifiers': 16384}, '#text': 1004}",dc.danglingtree.htb,Microsoft-Windows-Security-SPP,Application,2712,4,,,,,,,,,,,,,,,,,,,,,,,,Windows(R) UL oob License (Public),1f9e903f-e4af-4d4f-892e-8c1ce3c7f67a,,,,,,,,,,,,,,,,,,,,,,,,,,,,,,,,,,,,,,,,,,,,,,,,,,,,,,,,,,,,,,,,,,,,,,,,,,,,,,,,,,,,,,,
2026-06-03T20:28:54.931670Z,"{'#attributes': {'Qualifiers': 16384}, '#text': 1004}",dc.danglingtree.htb,Microsoft-Windows-Security-SPP,Application,2713,4,,,,,,,,,,,,,,,,,,,,,,,,Windows(R) UL oob License (Private),9d01b535-fcd5-4273-8d63-a1a26ce09118,,,,,,,,,,,,,,,,,,,,,,,,,,,,,,,,,,,,,,,,,,,,,,,,,,,,,,,,,,,,,,,,,,,,,,,,,,,,,,,,,,,,,,,
2026-06-03T20:28:54.981456Z,"{'#attributes': {'Qualifiers': 16384}, '#text': 1004}",dc.danglingtree.htb,Microsoft-Windows-Security-SPP,Application,2714,4,,,,,,,,,,,,,,,,,,,,,,,,Windows(R) UL phone License (Public),d3924eff-1385-40e1-9286-be98d634d224,,,,,,,,,,,,,,,,,,,,,,,,,,,,,,,,,,,,,,,,,,,,,,,,,,,,,,,,,,,,,,,,,,,,,,,,,,,,,,,,,,,,,,,
2026-06-03T20:28:54.982655Z,"{'#attributes': {'Qualifiers': 16384}, '#text': 1004}",dc.danglingtree.htb,Microsoft-Windows-Security-SPP,Application,2715,4,,,,,,,,,,,,,,,,,,,,,,,,Windows(R) UL phone License (Private),6c7572bb-0b8c-42e9-b0f8-4e6277d42509,,,,,,,,,,,,,,,,,,,,,,,,,,,,,,,,,,,,,,,,,,,,,,,,,,,,,,,,,,,,,,,,,,,,,,,,,,,,,,,,,,,,,,,
2026-06-03T20:28:55.130028Z,"{'#attributes': {'Qualifiers': 16384}, '#text': 1004}",dc.danglingtree.htb,Microsoft-Windows-Security-SPP,Application,2716,4,,,,,,,,,,,,,,,,,,,,,,,,Windows(R) UL store License (Public),a3bb6031-77b6-4d28-b1ad-151d562bc3a4,,,,,,,,,,,,,,,,,,,,,,,,,,,,,,,,,,,,,,,,,,,,,,,,,,,,,,,,,,,,,,,,,,,,,,,,,,,,,,,,,,,,,,,
2026-06-03T20:28:55.131319Z,"{'#attributes': {'Qualifiers': 16384}, '#text': 1004}",dc.danglingtree.htb,Microsoft-Windows-Security-SPP,Application,2717,4,,,,,,,,,,,,,,,,,,,,,,,,Windows(R) UL store License (Private),9c154b69-24dd-4da5-be81-ca903b5729a7,,,,,,,,,,,,,,,,,,,,,,,,,,,,,,,,,,,,,,,,,,,,,,,,,,,,,,,,,,,,,,,,,,,,,,,,,,,,,,,,,,,,,,,
2026-06-03T20:28:55.145666Z,"{'#attributes': {'Qualifiers': 16384}, '#text': 1004}",dc.danglingtree.htb,Microsoft-Windows-Security-SPP,Application,2718,4,,,,,,,,,,,,,,,,,,,,,,,,Windows(R) Publishing License (Public),aa96729c-59f9-4299-a46f-ca667c304006,,,,,,,,,,,,,,,,,,,,,,,,,,,,,,,,,,,,,,,,,,,,,,,,,,,,,,,,,,,,,,,,,,,,,,,,,,,,,,,,,,,,,,,
2026-06-03T20:28:55.146657Z,"{'#attributes': {'Qualifiers': 16384}, '#text': 1004}",dc.danglingtree.htb,Microsoft-Windows-Security-SPP,Application,2719,4,,,,,,,,,,,,,,,,,,,,,,,,Windows(R) Publishing License (Private),c7ea86ab-4e57-4328-a756-4324b9ab144f,,,,,,,,,,,,,,,,,,,,,,,,,,,,,,,,,,,,,,,,,,,,,,,,,,,,,,,,,,,,,,,,,,,,,,,,,,,,,,,,,,,,,,,
2026-06-03T20:28:55.193414Z,"{'#attributes': {'Qualifiers': 16384}, '#text': 1004}",dc.danglingtree.htb,Microsoft-Windows-Security-SPP,Application,2720,4,,,,,,,,,,,,,,,,,,,,,,,,Windows(R) UL oob License (Public),b03972f1-d64d-4b2f-ba39-8868fe29f441,,,,,,,,,,,,,,,,,,,,,,,,,,,,,,,,,,,,,,,,,,,,,,,,,,,,,,,,,,,,,,,,,,,,,,,,,,,,,,,,,,,,,,,
2026-06-03T20:28:55.194365Z,"{'#attributes': {'Qualifiers': 16384}, '#text': 1004}",dc.danglingtree.htb,Microsoft-Windows-Security-SPP,Application,2721,4,,,,,,,,,,,,,,,,,,,,,,,,Windows(R) UL oob License (Private),52f46e3d-ba0d-4339-afa3-13a478382c37,,,,,,,,,,,,,,,,,,,,,,,,,,,,,,,,,,,,,,,,,,,,,,,,,,,,,,,,,,,,,,,,,,,,,,,,,,,,,,,,,,,,,,,
2026-06-03T20:28:55.249756Z,"{'#attributes': {'Qualifiers': 16384}, '#text': 1004}",dc.danglingtree.htb,Microsoft-Windows-Security-SPP,Application,2722,4,,,,,,,,,,,,,,,,,,,,,,,,Windows(R) UL phone License (Public),e324f69c-c625-4363-b434-857e96d65ce6,,,,,,,,,,,,,,,,,,,,,,,,,,,,,,,,,,,,,,,,,,,,,,,,,,,,,,,,,,,,,,,,,,,,,,,,,,,,,,,,,,,,,,,
2026-06-03T20:28:55.250784Z,"{'#attributes': {'Qualifiers': 16384}, '#text': 1004}",dc.danglingtree.htb,Microsoft-Windows-Security-SPP,Application,2723,4,,,,,,,,,,,,,,,,,,,,,,,,Windows(R) UL phone License (Private),100ede61-ce1b-4198-80e9-aeed210d5157,,,,,,,,,,,,,,,,,,,,,,,,,,,,,,,,,,,,,,,,,,,,,,,,,,,,,,,,,,,,,,,,,,,,,,,,,,,,,,,,,,,,,,,
2026-06-03T20:28:55.264610Z,"{'#attributes': {'Qualifiers': 16384}, '#text': 1004}",dc.danglingtree.htb,Microsoft-Windows-Security-SPP,Application,2724,4,,,,,,,,,,,,,,,,,,,,,,,,Windows(R) UL store License (Public),f6535577-18e5-42a3-b1b9-dcc127d7d5c7,,,,,,,,,,,,,,,,,,,,,,,,,,,,,,,,,,,,,,,,,,,,,,,,,,,,,,,,,,,,,,,,,,,,,,,,,,,,,,,,,,,,,,,
2026-06-03T20:28:55.265894Z,"{'#attributes': {'Qualifiers': 16384}, '#text': 1004}",dc.danglingtree.htb,Microsoft-Windows-Security-SPP,Application,2725,4,,,,,,,,,,,,,,,,,,,,,,,,Windows(R) UL store License (Private),4648d83a-1550-40ad-b317-0faebd068d99,,,,,,,,,,,,,,,,,,,,,,,,,,,,,,,,,,,,,,,,,,,,,,,,,,,,,,,,,,,,,,,,,,,,,,,,,,,,,,,,,,,,,,,
2026-06-03T20:28:55.277910Z,"{'#attributes': {'Qualifiers': 16384}, '#text': 1004}",dc.danglingtree.htb,Microsoft-Windows-Security-SPP,Application,2726,4,,,,,,,,,,,,,,,,,,,,,,,,Windows(R) Publishing License (Public),2123da5d-2c3e-42af-bd99-27d079284b91,,,,,,,,,,,,,,,,,,,,,,,,,,,,,,,,,,,,,,,,,,,,,,,,,,,,,,,,,,,,,,,,,,,,,,,,,,,,,,,,,,,,,,,
2026-06-03T20:28:55.278911Z,"{'#attributes': {'Qualifiers': 16384}, '#text': 1004}",dc.danglingtree.htb,Microsoft-Windows-Security-SPP,Application,2727,4,,,,,,,,,,,,,,,,,,,,,,,,Windows(R) Publishing License (Private),d89497bb-9f2d-41ee-b16c-259cbf7bc819,,,,,,,,,,,,,,,,,,,,,,,,,,,,,,,,,,,,,,,,,,,,,,,,,,,,,,,,,,,,,,,,,,,,,,,,,,,,,,,,,,,,,,,
2026-06-03T20:28:55.295633Z,"{'#attributes': {'Qualifiers': 16384}, '#text': 1004}",dc.danglingtree.htb,Microsoft-Windows-Security-SPP,Application,2728,4,,,,,,,,,,,,,,,,,,,,,,,,Windows(R) UL oob License (Public),4b381c23-ad10-4275-8cc9-577f99a92f73,,,,,,,,,,,,,,,,,,,,,,,,,,,,,,,,,,,,,,,,,,,,,,,,,,,,,,,,,,,,,,,,,,,,,,,,,,,,,,,,,,,,,,,
2026-06-03T20:28:55.298623Z,"{'#attributes': {'Qualifiers': 16384}, '#text': 1004}",dc.danglingtree.htb,Microsoft-Windows-Security-SPP,Application,2729,4,,,,,,,,,,,,,,,,,,,,,,,,Windows(R) UL oob License (Private),05163c53-821d-45fd-ae39-cc6d37d4e95c,,,,,,,,,,,,,,,,,,,,,,,,,,,,,,,,,,,,,,,,,,,,,,,,,,,,,,,,,,,,,,,,,,,,,,,,,,,,,,,,,,,,,,,
2026-06-03T20:28:55.313480Z,"{'#attributes': {'Qualifiers': 16384}, '#text': 1004}",dc.danglingtree.htb,Microsoft-Windows-Security-SPP,Application,2730,4,,,,,,,,,,,,,,,,,,,,,,,,Windows(R) UL phone License (Public),c5b0c6eb-a13f-4330-ad1a-1a886655158d,,,,,,,,,,,,,,,,,,,,,,,,,,,,,,,,,,,,,,,,,,,,,,,,,,,,,,,,,,,,,,,,,,,,,,,,,,,,,,,,,,,,,,,
2026-06-03T20:28:55.314722Z,"{'#attributes': {'Qualifiers': 16384}, '#text': 1004}",dc.danglingtree.htb,Microsoft-Windows-Security-SPP,Application,2731,4,,,,,,,,,,,,,,,,,,,,,,,,Windows(R) UL phone License (Private),e0272c10-e825-4e61-a705-0574416ac018,,,,,,,,,,,,,,,,,,,,,,,,,,,,,,,,,,,,,,,,,,,,,,,,,,,,,,,,,,,,,,,,,,,,,,,,,,,,,,,,,,,,,,,
2026-06-03T20:28:55.457298Z,"{'#attributes': {'Qualifiers': 16384}, '#text': 1004}",dc.danglingtree.htb,Microsoft-Windows-Security-SPP,Application,2732,4,,,,,,,,,,,,,,,,,,,,,,,,Windows(R) UL store License (Public),14bdd891-6aea-4ff0-ab49-e34e3b276593,,,,,,,,,,,,,,,,,,,,,,,,,,,,,,,,,,,,,,,,,,,,,,,,,,,,,,,,,,,,,,,,,,,,,,,,,,,,,,,,,,,,,,,
2026-06-03T20:28:55.458729Z,"{'#attributes': {'Qualifiers': 16384}, '#text': 1004}",dc.danglingtree.htb,Microsoft-Windows-Security-SPP,Application,2733,4,,,,,,,,,,,,,,,,,,,,,,,,Windows(R) UL store License (Private),61235ebd-57be-43e9-b6d7-87ad9c113ad9,,,,,,,,,,,,,,,,,,,,,,,,,,,,,,,,,,,,,,,,,,,,,,,,,,,,,,,,,,,,,,,,,,,,,,,,,,,,,,,,,,,,,,,
2026-06-03T20:28:55.491786Z,"{'#attributes': {'Qualifiers': 16384}, '#text': 1004}",dc.danglingtree.htb,Microsoft-Windows-Security-SPP,Application,2734,4,,,,,,,,,,,,,,,,,,,,,,,,Windows(R) Publishing License (Public),e9588a4f-930c-4859-9fab-9e983bf99d1c,,,,,,,,,,,,,,,,,,,,,,,,,,,,,,,,,,,,,,,,,,,,,,,,,,,,,,,,,,,,,,,,,,,,,,,,,,,,,,,,,,,,,,,
2026-06-03T20:28:55.492881Z,"{'#attributes': {'Qualifiers': 16384}, '#text': 1004}",dc.danglingtree.htb,Microsoft-Windows-Security-SPP,Application,2735,4,,,,,,,,,,,,,,,,,,,,,,,,Windows(R) Publishing License (Private),9e70d91b-e7a2-4f8b-adce-e5c5cd4bf24b,,,,,,,,,,,,,,,,,,,,,,,,,,,,,,,,,,,,,,,,,,,,,,,,,,,,,,,,,,,,,,,,,,,,,,,,,,,,,,,,,,,,,,,
2026-06-03T20:28:55.506052Z,"{'#attributes': {'Qualifiers': 16384}, '#text': 1004}",dc.danglingtree.htb,Microsoft-Windows-Security-SPP,Application,2736,4,,,,,,,,,,,,,,,,,,,,,,,,Windows(R) UL oob License (Public),0a8a860d-95c1-48a6-9d4e-caa5dc514833,,,,,,,,,,,,,,,,,,,,,,,,,,,,,,,,,,,,,,,,,,,,,,,,,,,,,,,,,,,,,,,,,,,,,,,,,,,,,,,,,,,,,,,
2026-06-03T20:28:55.507257Z,"{'#attributes': {'Qualifiers': 16384}, '#text': 1004}",dc.danglingtree.htb,Microsoft-Windows-Security-SPP,Application,2737,4,,,,,,,,,,,,,,,,,,,,,,,,Windows(R) UL oob License (Private),d3b372dc-4f48-4775-b225-bc18baeec1f9,,,,,,,,,,,,,,,,,,,,,,,,,,,,,,,,,,,,,,,,,,,,,,,,,,,,,,,,,,,,,,,,,,,,,,,,,,,,,,,,,,,,,,,
2026-06-03T20:28:55.616449Z,"{'#attributes': {'Qualifiers': 16384}, '#text': 1004}",dc.danglingtree.htb,Microsoft-Windows-Security-SPP,Application,2738,4,,,,,,,,,,,,,,,,,,,,,,,,Windows(R) UL phone License (Public),fa231b5e-9d18-422c-a4bb-a96bd08f8643,,,,,,,,,,,,,,,,,,,,,,,,,,,,,,,,,,,,,,,,,,,,,,,,,,,,,,,,,,,,,,,,,,,,,,,,,,,,,,,,,,,,,,,
2026-06-03T20:28:55.617427Z,"{'#attributes': {'Qualifiers': 16384}, '#text': 1004}",dc.danglingtree.htb,Microsoft-Windows-Security-SPP,Application,2739,4,,,,,,,,,,,,,,,,,,,,,,,,Windows(R) UL phone License (Private),0128b848-6005-4e82-a163-9b8f37bdbd4e,,,,,,,,,,,,,,,,,,,,,,,,,,,,,,,,,,,,,,,,,,,,,,,,,,,,,,,,,,,,,,,,,,,,,,,,,,,,,,,,,,,,,,,
2026-06-03T20:28:55.633914Z,"{'#attributes': {'Qualifiers': 16384}, '#text': 1004}",dc.danglingtree.htb,Microsoft-Windows-Security-SPP,Application,2740,4,,,,,,,,,,,,,,,,,,,,,,,,Windows(R) UL store License (Public),aa827e6c-6164-4e05-b19f-1342b0dcd98b,,,,,,,,,,,,,,,,,,,,,,,,,,,,,,,,,,,,,,,,,,,,,,,,,,,,,,,,,,,,,,,,,,,,,,,,,,,,,,,,,,,,,,,
2026-06-03T20:28:55.634973Z,"{'#attributes': {'Qualifiers': 16384}, '#text': 1004}",dc.danglingtree.htb,Microsoft-Windows-Security-SPP,Application,2741,4,,,,,,,,,,,,,,,,,,,,,,,,Windows(R) UL store License (Private),983bbac2-897e-4262-aa78-be5ccedd4ff5,,,,,,,,,,,,,,,,,,,,,,,,,,,,,,,,,,,,,,,,,,,,,,,,,,,,,,,,,,,,,,,,,,,,,,,,,,,,,,,,,,,,,,,
2026-06-03T20:28:55.719455Z,"{'#attributes': {'Qualifiers': 16384}, '#text': 1004}",dc.danglingtree.htb,Microsoft-Windows-Security-SPP,Application,2742,4,,,,,,,,,,,,,,,,,,,,,,,,Windows(R) Publishing License (Public),55065887-0986-409a-887b-1eafa57d0218,,,,,,,,,,,,,,,,,,,,,,,,,,,,,,,,,,,,,,,,,,,,,,,,,,,,,,,,,,,,,,,,,,,,,,,,,,,,,,,,,,,,,,,
2026-06-03T20:28:55.720749Z,"{'#attributes': {'Qualifiers': 16384}, '#text': 1004}",dc.danglingtree.htb,Microsoft-Windows-Security-SPP,Application,2743,4,,,,,,,,,,,,,,,,,,,,,,,,Windows(R) Publishing License (Private),76ce8a1a-7004-40a3-b577-e64990c01ce3,,,,,,,,,,,,,,,,,,,,,,,,,,,,,,,,,,,,,,,,,,,,,,,,,,,,,,,,,,,,,,,,,,,,,,,,,,,,,,,,,,,,,,,
2026-06-03T20:28:55.737393Z,"{'#attributes': {'Qualifiers': 16384}, '#text': 1004}",dc.danglingtree.htb,Microsoft-Windows-Security-SPP,Application,2744,4,,,,,,,,,,,,,,,,,,,,,,,,Windows(R) UL oob License (Public),f192f887-8a73-4fa4-bbde-368ec3709c4b,,,,,,,,,,,,,,,,,,,,,,,,,,,,,,,,,,,,,,,,,,,,,,,,,,,,,,,,,,,,,,,,,,,,,,,,,,,,,,,,,,,,,,,
2026-06-03T20:28:55.738411Z,"{'#attributes': {'Qualifiers': 16384}, '#text': 1004}",dc.danglingtree.htb,Microsoft-Windows-Security-SPP,Application,2745,4,,,,,,,,,,,,,,,,,,,,,,,,Windows(R) UL oob License (Private),8fbc6249-3c3b-4d6a-801f-bd239db1ea5c,,,,,,,,,,,,,,,,,,,,,,,,,,,,,,,,,,,,,,,,,,,,,,,,,,,,,,,,,,,,,,,,,,,,,,,,,,,,,,,,,,,,,,,
2026-06-03T20:28:55.761319Z,"{'#attributes': {'Qualifiers': 16384}, '#text': 1004}",dc.danglingtree.htb,Microsoft-Windows-Security-SPP,Application,2746,4,,,,,,,,,,,,,,,,,,,,,,,,Windows(R) UL phone License (Public),91ced0c2-0d9f-43fb-a263-d45f4a182d2b,,,,,,,,,,,,,,,,,,,,,,,,,,,,,,,,,,,,,,,,,,,,,,,,,,,,,,,,,,,,,,,,,,,,,,,,,,,,,,,,,,,,,,,
2026-06-03T20:28:55.762348Z,"{'#attributes': {'Qualifiers': 16384}, '#text': 1004}",dc.danglingtree.htb,Microsoft-Windows-Security-SPP,Application,2747,4,,,,,,,,,,,,,,,,,,,,,,,,Windows(R) UL phone License (Private),d99c75a9-d9ab-4e1a-9ff1-be488f3ef1f7,,,,,,,,,,,,,,,,,,,,,,,,,,,,,,,,,,,,,,,,,,,,,,,,,,,,,,,,,,,,,,,,,,,,,,,,,,,,,,,,,,,,,,,
2026-06-03T20:28:55.776231Z,"{'#attributes': {'Qualifiers': 16384}, '#text': 1004}",dc.danglingtree.htb,Microsoft-Windows-Security-SPP,Application,2748,4,,,,,,,,,,,,,,,,,,,,,,,,Windows(R) UL store License (Public),c524b4e9-a94b-4432-ba5d-cb13f2e2b08b,,,,,,,,,,,,,,,,,,,,,,,,,,,,,,,,,,,,,,,,,,,,,,,,,,,,,,,,,,,,,,,,,,,,,,,,,,,,,,,,,,,,,,,
2026-06-03T20:28:55.777263Z,"{'#attributes': {'Qualifiers': 16384}, '#text': 1004}",dc.danglingtree.htb,Microsoft-Windows-Security-SPP,Application,2749,4,,,,,,,,,,,,,,,,,,,,,,,,Windows(R) UL store License (Private),893048b2-bdbe-4952-b767-fa2787df7c1c,,,,,,,,,,,,,,,,,,,,,,,,,,,,,,,,,,,,,,,,,,,,,,,,,,,,,,,,,,,,,,,,,,,,,,,,,,,,,,,,,,,,,,,
2026-06-03T20:28:55.804461Z,"{'#attributes': {'Qualifiers': 16384}, '#text': 1004}",dc.danglingtree.htb,Microsoft-Windows-Security-SPP,Application,2750,4,,,,,,,,,,,,,,,,,,,,,,,,DefaultPpd-csvlk-pack Component PPD License,cf87d272-7158-05ce-7df4-689302c3bfd9,,,,,,,,,,,,,,,,,,,,,,,,,,,,,,,,,,,,,,,,,,,,,,,,,,,,,,,,,,,,,,,,,,,,,,,,,,,,,,,,,,,,,,,
2026-06-03T20:28:55.841331Z,"{'#attributes': {'Qualifiers': 16384}, '#text': 1004}",dc.danglingtree.htb,Microsoft-Windows-Security-SPP,Application,2751,4,,,,,,,,,,,,,,,,,,,,,,,,DefaultPpd-ServerStandard Component PPD License,d6639c0c-34e5-af2b-e1d3-b866188a3849,,,,,,,,,,,,,,,,,,,,,,,,,,,,,,,,,,,,,,,,,,,,,,,,,,,,,,,,,,,,,,,,,,,,,,,,,,,,,,,,,,,,,,,
2026-06-03T20:28:56.064481Z,"{'#attributes': {'Qualifiers': 16384}, '#text': 1004}",dc.danglingtree.htb,Microsoft-Windows-Security-SPP,Application,2752,4,,,,,,,,,,,,,,,,,,,,,,,,Windows(R) Publishing License (Public),5e4ed7e0-4706-467f-82bd-5cd282a973e4,,,,,,,,,,,,,,,,,,,,,,,,,,,,,,,,,,,,,,,,,,,,,,,,,,,,,,,,,,,,,,,,,,,,,,,,,,,,,,,,,,,,,,,
2026-06-03T20:28:56.065722Z,"{'#attributes': {'Qualifiers': 16384}, '#text': 1004}",dc.danglingtree.htb,Microsoft-Windows-Security-SPP,Application,2753,4,,,,,,,,,,,,,,,,,,,,,,,,Windows(R) Publishing License (Private),138c0938-f99b-47e9-a730-769f513f1c1b,,,,,,,,,,,,,,,,,,,,,,,,,,,,,,,,,,,,,,,,,,,,,,,,,,,,,,,,,,,,,,,,,,,,,,,,,,,,,,,,,,,,,,,
2026-06-03T20:28:56.097061Z,"{'#attributes': {'Qualifiers': 16384}, '#text': 1004}",dc.danglingtree.htb,Microsoft-Windows-Security-SPP,Application,2754,4,,,,,,,,,,,,,,,,,,,,,,,,Windows(R) UL oob License (Public),2cb36c44-ee69-4de6-af67-cfb90d21f750,,,,,,,,,,,,,,,,,,,,,,,,,,,,,,,,,,,,,,,,,,,,,,,,,,,,,,,,,,,,,,,,,,,,,,,,,,,,,,,,,,,,,,,
2026-06-03T20:28:56.098260Z,"{'#attributes': {'Qualifiers': 16384}, '#text': 1004}",dc.danglingtree.htb,Microsoft-Windows-Security-SPP,Application,2755,4,,,,,,,,,,,,,,,,,,,,,,,,Windows(R) UL oob License (Private),73b1ab97-bf0f-4f13-ba93-2cf1aeefeb52,,,,,,,,,,,,,,,,,,,,,,,,,,,,,,,,,,,,,,,,,,,,,,,,,,,,,,,,,,,,,,,,,,,,,,,,,,,,,,,,,,,,,,,
2026-06-03T20:28:56.112608Z,"{'#attributes': {'Qualifiers': 16384}, '#text': 1004}",dc.danglingtree.htb,Microsoft-Windows-Security-SPP,Application,2756,4,,,,,,,,,,,,,,,,,,,,,,,,Windows(R) UL phone License (Public),c18fd67f-9b65-4475-a612-6c699a3b30e3,,,,,,,,,,,,,,,,,,,,,,,,,,,,,,,,,,,,,,,,,,,,,,,,,,,,,,,,,,,,,,,,,,,,,,,,,,,,,,,,,,,,,,,
2026-06-03T20:28:56.113552Z,"{'#attributes': {'Qualifiers': 16384}, '#text': 1004}",dc.danglingtree.htb,Microsoft-Windows-Security-SPP,Application,2757,4,,,,,,,,,,,,,,,,,,,,,,,,Windows(R) UL phone License (Private),5d4dbc2d-8d5b-4eb3-ac73-8a4cefffbf0b,,,,,,,,,,,,,,,,,,,,,,,,,,,,,,,,,,,,,,,,,,,,,,,,,,,,,,,,,,,,,,,,,,,,,,,,,,,,,,,,,,,,,,,
2026-06-03T20:28:56.125451Z,"{'#attributes': {'Qualifiers': 16384}, '#text': 1004}",dc.danglingtree.htb,Microsoft-Windows-Security-SPP,Application,2758,4,,,,,,,,,,,,,,,,,,,,,,,,Windows(R) UL store License (Public),8e94210c-75d2-49d5-9e8a-9fdbb21db973,,,,,,,,,,,,,,,,,,,,,,,,,,,,,,,,,,,,,,,,,,,,,,,,,,,,,,,,,,,,,,,,,,,,,,,,,,,,,,,,,,,,,,,
2026-06-03T20:28:56.126573Z,"{'#attributes': {'Qualifiers': 16384}, '#text': 1004}",dc.danglingtree.htb,Microsoft-Windows-Security-SPP,Application,2759,4,,,,,,,,,,,,,,,,,,,,,,,,Windows(R) UL store License (Private),c62beaa2-1101-4e54-aa54-d4899379fd27,,,,,,,,,,,,,,,,,,,,,,,,,,,,,,,,,,,,,,,,,,,,,,,,,,,,,,,,,,,,,,,,,,,,,,,,,,,,,,,,,,,,,,,
2026-06-03T20:28:56.135653Z,"{'#attributes': {'Qualifiers': 16384}, '#text': 1004}",dc.danglingtree.htb,Microsoft-Windows-Security-SPP,Application,2760,4,,,,,,,,,,,,,,,,,,,,,,,,Windows(R) Publishing License (Public),ad8f0569-4018-4c1e-aee4-3752aaa77dd6,,,,,,,,,,,,,,,,,,,,,,,,,,,,,,,,,,,,,,,,,,,,,,,,,,,,,,,,,,,,,,,,,,,,,,,,,,,,,,,,,,,,,,,
2026-06-03T20:28:56.136513Z,"{'#attributes': {'Qualifiers': 16384}, '#text': 1004}",dc.danglingtree.htb,Microsoft-Windows-Security-SPP,Application,2761,4,,,,,,,,,,,,,,,,,,,,,,,,Windows(R) Publishing License (Private),2afef91a-f32a-47ff-af1b-cc1bcc108557,,,,,,,,,,,,,,,,,,,,,,,,,,,,,,,,,,,,,,,,,,,,,,,,,,,,,,,,,,,,,,,,,,,,,,,,,,,,,,,,,,,,,,,
2026-06-03T20:28:56.146690Z,"{'#attributes': {'Qualifiers': 16384}, '#text': 1004}",dc.danglingtree.htb,Microsoft-Windows-Security-SPP,Application,2762,4,,,,,,,,,,,,,,,,,,,,,,,,Windows(R) UL oob License (Public),d8102559-c666-4504-afc2-b8c2a58097ab,,,,,,,,,,,,,,,,,,,,,,,,,,,,,,,,,,,,,,,,,,,,,,,,,,,,,,,,,,,,,,,,,,,,,,,,,,,,,,,,,,,,,,,
2026-06-03T20:28:56.147572Z,"{'#attributes': {'Qualifiers': 16384}, '#text': 1004}",dc.danglingtree.htb,Microsoft-Windows-Security-SPP,Application,2763,4,,,,,,,,,,,,,,,,,,,,,,,,Windows(R) UL oob License (Private),01794162-5044-45b6-ba0d-8057468591a0,,,,,,,,,,,,,,,,,,,,,,,,,,,,,,,,,,,,,,,,,,,,,,,,,,,,,,,,,,,,,,,,,,,,,,,,,,,,,,,,,,,,,,,
2026-06-03T20:28:56.158856Z,"{'#attributes': {'Qualifiers': 16384}, '#text': 1004}",dc.danglingtree.htb,Microsoft-Windows-Security-SPP,Application,2764,4,,,,,,,,,,,,,,,,,,,,,,,,Windows(R) UL phone License (Public),a5c94572-5764-4cf2-aa42-2365fea8e561,,,,,,,,,,,,,,,,,,,,,,,,,,,,,,,,,,,,,,,,,,,,,,,,,,,,,,,,,,,,,,,,,,,,,,,,,,,,,,,,,,,,,,,
2026-06-03T20:28:56.159723Z,"{'#attributes': {'Qualifiers': 16384}, '#text': 1004}",dc.danglingtree.htb,Microsoft-Windows-Security-SPP,Application,2765,4,,,,,,,,,,,,,,,,,,,,,,,,Windows(R) UL phone License (Private),253b4e1f-beeb-48a7-8059-00e564babf5e,,,,,,,,,,,,,,,,,,,,,,,,,,,,,,,,,,,,,,,,,,,,,,,,,,,,,,,,,,,,,,,,,,,,,,,,,,,,,,,,,,,,,,,
2026-06-03T20:28:56.309453Z,"{'#attributes': {'Qualifiers': 16384}, '#text': 1004}",dc.danglingtree.htb,Microsoft-Windows-Security-SPP,Application,2766,4,,,,,,,,,,,,,,,,,,,,,,,,Windows(R) UL store License (Public),b79e86b3-28e8-4217-8afa-a6a515aeb3bd,,,,,,,,,,,,,,,,,,,,,,,,,,,,,,,,,,,,,,,,,,,,,,,,,,,,,,,,,,,,,,,,,,,,,,,,,,,,,,,,,,,,,,,
2026-06-03T20:28:56.310748Z,"{'#attributes': {'Qualifiers': 16384}, '#text': 1004}",dc.danglingtree.htb,Microsoft-Windows-Security-SPP,Application,2767,4,,,,,,,,,,,,,,,,,,,,,,,,Windows(R) UL store License (Private),e8d3fb76-0159-4fa7-9563-cf97971c5703,,,,,,,,,,,,,,,,,,,,,,,,,,,,,,,,,,,,,,,,,,,,,,,,,,,,,,,,,,,,,,,,,,,,,,,,,,,,,,,,,,,,,,,
2026-06-03T20:28:56.322734Z,"{'#attributes': {'Qualifiers': 16384}, '#text': 1004}",dc.danglingtree.htb,Microsoft-Windows-Security-SPP,Application,2768,4,,,,,,,,,,,,,,,,,,,,,,,,Windows(R) Publishing License (Public),b39e0861-4b18-4a8d-bb2b-7febb2755ac1,,,,,,,,,,,,,,,,,,,,,,,,,,,,,,,,,,,,,,,,,,,,,,,,,,,,,,,,,,,,,,,,,,,,,,,,,,,,,,,,,,,,,,,
2026-06-03T20:28:56.323857Z,"{'#attributes': {'Qualifiers': 16384}, '#text': 1004}",dc.danglingtree.htb,Microsoft-Windows-Security-SPP,Application,2769,4,,,,,,,,,,,,,,,,,,,,,,,,Windows(R) Publishing License (Private),b3fa49b2-37b3-46e4-b8a0-44a9d426c511,,,,,,,,,,,,,,,,,,,,,,,,,,,,,,,,,,,,,,,,,,,,,,,,,,,,,,,,,,,,,,,,,,,,,,,,,,,,,,,,,,,,,,,
2026-06-03T20:28:56.337972Z,"{'#attributes': {'Qualifiers': 16384}, '#text': 1004}",dc.danglingtree.htb,Microsoft-Windows-Security-SPP,Application,2770,4,,,,,,,,,,,,,,,,,,,,,,,,Windows(R) UL oob License (Public),1b367aef-93b2-4517-b135-46ee483e3132,,,,,,,,,,,,,,,,,,,,,,,,,,,,,,,,,,,,,,,,,,,,,,,,,,,,,,,,,,,,,,,,,,,,,,,,,,,,,,,,,,,,,,,
2026-06-03T20:28:56.339319Z,"{'#attributes': {'Qualifiers': 16384}, '#text': 1004}",dc.danglingtree.htb,Microsoft-Windows-Security-SPP,Application,2771,4,,,,,,,,,,,,,,,,,,,,,,,,Windows(R) UL oob License (Private),c7e3ef70-3193-44bd-9c26-95a7b8316a30,,,,,,,,,,,,,,,,,,,,,,,,,,,,,,,,,,,,,,,,,,,,,,,,,,,,,,,,,,,,,,,,,,,,,,,,,,,,,,,,,,,,,,,
2026-06-03T20:28:56.429337Z,"{'#attributes': {'Qualifiers': 16384}, '#text': 1004}",dc.danglingtree.htb,Microsoft-Windows-Security-SPP,Application,2772,4,,,,,,,,,,,,,,,,,,,,,,,,Windows(R) UL phone License (Public),682050c7-5565-4c1d-927c-440b81cf9445,,,,,,,,,,,,,,,,,,,,,,,,,,,,,,,,,,,,,,,,,,,,,,,,,,,,,,,,,,,,,,,,,,,,,,,,,,,,,,,,,,,,,,,
2026-06-03T20:28:56.431057Z,"{'#attributes': {'Qualifiers': 16384}, '#text': 1004}",dc.danglingtree.htb,Microsoft-Windows-Security-SPP,Application,2773,4,,,,,,,,,,,,,,,,,,,,,,,,Windows(R) UL phone License (Private),06e100d7-0939-441f-ad60-371fad2de3ba,,,,,,,,,,,,,,,,,,,,,,,,,,,,,,,,,,,,,,,,,,,,,,,,,,,,,,,,,,,,,,,,,,,,,,,,,,,,,,,,,,,,,,,
2026-06-03T20:28:56.445098Z,"{'#attributes': {'Qualifiers': 16384}, '#text': 1004}",dc.danglingtree.htb,Microsoft-Windows-Security-SPP,Application,2774,4,,,,,,,,,,,,,,,,,,,,,,,,Windows(R) UL store License (Public),dc3bd62c-0a31-440c-82f4-b42b64e24ff8,,,,,,,,,,,,,,,,,,,,,,,,,,,,,,,,,,,,,,,,,,,,,,,,,,,,,,,,,,,,,,,,,,,,,,,,,,,,,,,,,,,,,,,
2026-06-03T20:28:56.496813Z,"{'#attributes': {'Qualifiers': 16384}, '#text': 1004}",dc.danglingtree.htb,Microsoft-Windows-Security-SPP,Application,2775,4,,,,,,,,,,,,,,,,,,,,,,,,Windows(R) UL store License (Private),4aca8980-4e18-43ca-965d-11f011dfb98b,,,,,,,,,,,,,,,,,,,,,,,,,,,,,,,,,,,,,,,,,,,,,,,,,,,,,,,,,,,,,,,,,,,,,,,,,,,,,,,,,,,,,,,
2026-06-03T20:28:56.512705Z,"{'#attributes': {'Qualifiers': 16384}, '#text': 1004}",dc.danglingtree.htb,Microsoft-Windows-Security-SPP,Application,2776,4,,,,,,,,,,,,,,,,,,,,,,,,Windows(R) Publishing License (Public),275a4c22-3b03-43af-a941-ad88946854cd,,,,,,,,,,,,,,,,,,,,,,,,,,,,,,,,,,,,,,,,,,,,,,,,,,,,,,,,,,,,,,,,,,,,,,,,,,,,,,,,,,,,,,,
2026-06-03T20:28:56.513882Z,"{'#attributes': {'Qualifiers': 16384}, '#text': 1004}",dc.danglingtree.htb,Microsoft-Windows-Security-SPP,Application,2777,4,,,,,,,,,,,,,,,,,,,,,,,,Windows(R) Publishing License (Private),8e1423ea-cca2-4a0f-b7d2-0b98dcd41cd9,,,,,,,,,,,,,,,,,,,,,,,,,,,,,,,,,,,,,,,,,,,,,,,,,,,,,,,,,,,,,,,,,,,,,,,,,,,,,,,,,,,,,,,
2026-06-03T20:28:56.527977Z,"{'#attributes': {'Qualifiers': 16384}, '#text': 1004}",dc.danglingtree.htb,Microsoft-Windows-Security-SPP,Application,2778,4,,,,,,,,,,,,,,,,,,,,,,,,Windows(R) UL oob License (Public),97ad3802-0984-4036-83ad-d84d18ab7f79,,,,,,,,,,,,,,,,,,,,,,,,,,,,,,,,,,,,,,,,,,,,,,,,,,,,,,,,,,,,,,,,,,,,,,,,,,,,,,,,,,,,,,,
2026-06-03T20:28:56.531156Z,"{'#attributes': {'Qualifiers': 16384}, '#text': 1004}",dc.danglingtree.htb,Microsoft-Windows-Security-SPP,Application,2779,4,,,,,,,,,,,,,,,,,,,,,,,,Windows(R) UL oob License (Private),fec1c1a7-eb59-45fe-96d0-8d0af54ed917,,,,,,,,,,,,,,,,,,,,,,,,,,,,,,,,,,,,,,,,,,,,,,,,,,,,,,,,,,,,,,,,,,,,,,,,,,,,,,,,,,,,,,,
2026-06-03T20:28:56.579355Z,"{'#attributes': {'Qualifiers': 16384}, '#text': 1004}",dc.danglingtree.htb,Microsoft-Windows-Security-SPP,Application,2780,4,,,,,,,,,,,,,,,,,,,,,,,,Windows(R) UL phone License (Public),8a214e68-a35f-40b7-8ce6-18b12d9d8c52,,,,,,,,,,,,,,,,,,,,,,,,,,,,,,,,,,,,,,,,,,,,,,,,,,,,,,,,,,,,,,,,,,,,,,,,,,,,,,,,,,,,,,,
2026-06-03T20:28:56.580702Z,"{'#attributes': {'Qualifiers': 16384}, '#text': 1004}",dc.danglingtree.htb,Microsoft-Windows-Security-SPP,Application,2781,4,,,,,,,,,,,,,,,,,,,,,,,,Windows(R) UL phone License (Private),ee6b2160-0064-4739-99c4-7e76ec0c2ba7,,,,,,,,,,,,,,,,,,,,,,,,,,,,,,,,,,,,,,,,,,,,,,,,,,,,,,,,,,,,,,,,,,,,,,,,,,,,,,,,,,,,,,,
2026-06-03T20:28:56.617184Z,"{'#attributes': {'Qualifiers': 16384}, '#text': 1004}",dc.danglingtree.htb,Microsoft-Windows-Security-SPP,Application,2782,4,,,,,,,,,,,,,,,,,,,,,,,,Windows(R) UL store License (Public),35cc5c4c-cd94-40de-afa5-e2fcee3e9a42,,,,,,,,,,,,,,,,,,,,,,,,,,,,,,,,,,,,,,,,,,,,,,,,,,,,,,,,,,,,,,,,,,,,,,,,,,,,,,,,,,,,,,,
2026-06-03T20:28:56.618266Z,"{'#attributes': {'Qualifiers': 16384}, '#text': 1004}",dc.danglingtree.htb,Microsoft-Windows-Security-SPP,Application,2783,4,,,,,,,,,,,,,,,,,,,,,,,,Windows(R) UL store License (Private),1d26feed-7cb0-4da6-891f-33c8d7e235ba,,,,,,,,,,,,,,,,,,,,,,,,,,,,,,,,,,,,,,,,,,,,,,,,,,,,,,,,,,,,,,,,,,,,,,,,,,,,,,,,,,,,,,,
2026-06-03T20:28:56.630573Z,"{'#attributes': {'Qualifiers': 16384}, '#text': 1004}",dc.danglingtree.htb,Microsoft-Windows-Security-SPP,Application,2784,4,,,,,,,,,,,,,,,,,,,,,,,,Windows(R) UL oob License (Public),34259901-04a9-4398-ab13-085a8567940f,,,,,,,,,,,,,,,,,,,,,,,,,,,,,,,,,,,,,,,,,,,,,,,,,,,,,,,,,,,,,,,,,,,,,,,,,,,,,,,,,,,,,,,
2026-06-03T20:28:56.631473Z,"{'#attributes': {'Qualifiers': 16384}, '#text': 1004}",dc.danglingtree.htb,Microsoft-Windows-Security-SPP,Application,2785,4,,,,,,,,,,,,,,,,,,,,,,,,Windows(R) UL oob License (Private),a8e66742-dc8d-4142-8d8e-3ccc820c2ef5,,,,,,,,,,,,,,,,,,,,,,,,,,,,,,,,,,,,,,,,,,,,,,,,,,,,,,,,,,,,,,,,,,,,,,,,,,,,,,,,,,,,,,,
2026-06-03T20:28:56.644405Z,"{'#attributes': {'Qualifiers': 16384}, '#text': 1004}",dc.danglingtree.htb,Microsoft-Windows-Security-SPP,Application,2786,4,,,,,,,,,,,,,,,,,,,,,,,,Windows(R) UL oem License (Public),e50d7544-5247-4b75-b9a3-db0ad1688262,,,,,,,,,,,,,,,,,,,,,,,,,,,,,,,,,,,,,,,,,,,,,,,,,,,,,,,,,,,,,,,,,,,,,,,,,,,,,,,,,,,,,,,
2026-06-03T20:28:56.645601Z,"{'#attributes': {'Qualifiers': 16384}, '#text': 1004}",dc.danglingtree.htb,Microsoft-Windows-Security-SPP,Application,2787,4,,,,,,,,,,,,,,,,,,,,,,,,Windows(R) UL oem License (Private),f2758375-1818-4797-b260-c9edc843bed0,,,,,,,,,,,,,,,,,,,,,,,,,,,,,,,,,,,,,,,,,,,,,,,,,,,,,,,,,,,,,,,,,,,,,,,,,,,,,,,,,,,,,,,
2026-06-03T20:28:56.706633Z,"{'#attributes': {'Qualifiers': 16384}, '#text': 1004}",dc.danglingtree.htb,Microsoft-Windows-Security-SPP,Application,2788,4,,,,,,,,,,,,,,,,,,,,,,,,Windows(R) UL oob License (Public),7a363d58-6878-4ad5-a53c-f7108da66510,,,,,,,,,,,,,,,,,,,,,,,,,,,,,,,,,,,,,,,,,,,,,,,,,,,,,,,,,,,,,,,,,,,,,,,,,,,,,,,,,,,,,,,
2026-06-03T20:28:56.707744Z,"{'#attributes': {'Qualifiers': 16384}, '#text': 1004}",dc.danglingtree.htb,Microsoft-Windows-Security-SPP,Application,2789,4,,,,,,,,,,,,,,,,,,,,,,,,Windows(R) UL oob License (Private),d1285a84-accc-4f35-99b2-d978096114fa,,,,,,,,,,,,,,,,,,,,,,,,,,,,,,,,,,,,,,,,,,,,,,,,,,,,,,,,,,,,,,,,,,,,,,,,,,,,,,,,,,,,,,,
2026-06-03T20:28:56.724179Z,"{'#attributes': {'Qualifiers': 16384}, '#text': 1004}",dc.danglingtree.htb,Microsoft-Windows-Security-SPP,Application,2790,4,,,,,,,,,,,,,,,,,,,,,,,,Windows(R) UL oem License (Public),3c3087f4-22ed-4281-81c3-4ced12524696,,,,,,,,,,,,,,,,,,,,,,,,,,,,,,,,,,,,,,,,,,,,,,,,,,,,,,,,,,,,,,,,,,,,,,,,,,,,,,,,,,,,,,,
2026-06-03T20:28:56.733991Z,"{'#attributes': {'Qualifiers': 16384}, '#text': 1004}",dc.danglingtree.htb,Microsoft-Windows-Security-SPP,Application,2791,4,,,,,,,,,,,,,,,,,,,,,,,,Windows(R) UL oem License (Private),0a8df239-7252-4446-a617-a7438b39de79,,,,,,,,,,,,,,,,,,,,,,,,,,,,,,,,,,,,,,,,,,,,,,,,,,,,,,,,,,,,,,,,,,,,,,,,,,,,,,,,,,,,,,,
2026-06-03T20:28:56.743527Z,"{'#attributes': {'Qualifiers': 16384}, '#text': 1004}",dc.danglingtree.htb,Microsoft-Windows-Security-SPP,Application,2792,4,,,,,,,,,,,,,,,,,,,,,,,,Windows(R) Publishing License (Public),07283c30-f294-4c38-ab57-bc56dc12c52a,,,,,,,,,,,,,,,,,,,,,,,,,,,,,,,,,,,,,,,,,,,,,,,,,,,,,,,,,,,,,,,,,,,,,,,,,,,,,,,,,,,,,,,
2026-06-03T20:28:56.744503Z,"{'#attributes': {'Qualifiers': 16384}, '#text': 1004}",dc.danglingtree.htb,Microsoft-Windows-Security-SPP,Application,2793,4,,,,,,,,,,,,,,,,,,,,,,,,Windows(R) Publishing License (Private),280713a9-6025-4964-9036-44eeba1176bf,,,,,,,,,,,,,,,,,,,,,,,,,,,,,,,,,,,,,,,,,,,,,,,,,,,,,,,,,,,,,,,,,,,,,,,,,,,,,,,,,,,,,,,
2026-06-03T20:28:56.827792Z,"{'#attributes': {'Qualifiers': 16384}, '#text': 1004}",dc.danglingtree.htb,Microsoft-Windows-Security-SPP,Application,2794,4,,,,,,,,,,,,,,,,,,,,,,,,Windows(R) UL oob License (Public),6f7fa93b-5eb7-458e-ae04-c0f3f359caf4,,,,,,,,,,,,,,,,,,,,,,,,,,,,,,,,,,,,,,,,,,,,,,,,,,,,,,,,,,,,,,,,,,,,,,,,,,,,,,,,,,,,,,,
2026-06-03T20:28:56.829350Z,"{'#attributes': {'Qualifiers': 16384}, '#text': 1004}",dc.danglingtree.htb,Microsoft-Windows-Security-SPP,Application,2795,4,,,,,,,,,,,,,,,,,,,,,,,,Windows(R) UL oob License (Private),e7b7a4e1-8706-47e5-9797-646779e5269c,,,,,,,,,,,,,,,,,,,,,,,,,,,,,,,,,,,,,,,,,,,,,,,,,,,,,,,,,,,,,,,,,,,,,,,,,,,,,,,,,,,,,,,
2026-06-03T20:28:56.876404Z,"{'#attributes': {'Qualifiers': 16384}, '#text': 1004}",dc.danglingtree.htb,Microsoft-Windows-Security-SPP,Application,2796,4,,,,,,,,,,,,,,,,,,,,,,,,Windows(R) UL phone License (Public),30937681-bafa-4192-a5b6-cf47ca3b9052,,,,,,,,,,,,,,,,,,,,,,,,,,,,,,,,,,,,,,,,,,,,,,,,,,,,,,,,,,,,,,,,,,,,,,,,,,,,,,,,,,,,,,,
2026-06-03T20:28:56.877367Z,"{'#attributes': {'Qualifiers': 16384}, '#text': 1004}",dc.danglingtree.htb,Microsoft-Windows-Security-SPP,Application,2797,4,,,,,,,,,,,,,,,,,,,,,,,,Windows(R) UL phone License (Private),10ad7e88-e220-42c0-b882-4170ba0ed3d3,,,,,,,,,,,,,,,,,,,,,,,,,,,,,,,,,,,,,,,,,,,,,,,,,,,,,,,,,,,,,,,,,,,,,,,,,,,,,,,,,,,,,,,
2026-06-03T20:28:56.896343Z,"{'#attributes': {'Qualifiers': 16384}, '#text': 1004}",dc.danglingtree.htb,Microsoft-Windows-Security-SPP,Application,2798,4,,,,,,,,,,,,,,,,,,,,,,,,Windows(R) UL store License (Public),dfc2e39b-ae2a-4048-b027-05909f815d9b,,,,,,,,,,,,,,,,,,,,,,,,,,,,,,,,,,,,,,,,,,,,,,,,,,,,,,,,,,,,,,,,,,,,,,,,,,,,,,,,,,,,,,,
2026-06-03T20:28:56.897381Z,"{'#attributes': {'Qualifiers': 16384}, '#text': 1004}",dc.danglingtree.htb,Microsoft-Windows-Security-SPP,Application,2799,4,,,,,,,,,,,,,,,,,,,,,,,,Windows(R) UL store License (Private),91ea9729-4b49-4c0f-9579-f2fa8b01e01d,,,,,,,,,,,,,,,,,,,,,,,,,,,,,,,,,,,,,,,,,,,,,,,,,,,,,,,,,,,,,,,,,,,,,,,,,,,,,,,,,,,,,,,
2026-06-03T20:28:56.962517Z,"{'#attributes': {'Qualifiers': 16384}, '#text': 1004}",dc.danglingtree.htb,Microsoft-Windows-Security-SPP,Application,2800,4,,,,,,,,,,,,,,,,,,,,,,,,Windows(R) ServerStandard Product PPD License,2a249026-8aab-92f0-99e5-adaa3672a4ce,,,,,,,,,,,,,,,,,,,,,,,,,,,,,,,,,,,,,,,,,,,,,,,,,,,,,,,,,,,,,,,,,,,,,,,,,,,,,,,,,,,,,,,
2026-06-03T20:28:56.992992Z,"{'#attributes': {'Qualifiers': 16384}, '#text': 1004}",dc.danglingtree.htb,Microsoft-Windows-Security-SPP,Application,2801,4,,,,,,,,,,,,,,,,,,,,,,,,Windows(R) Publishing License (Public),ffb7926f-a275-44c4-b2ac-3479950209ce,,,,,,,,,,,,,,,,,,,,,,,,,,,,,,,,,,,,,,,,,,,,,,,,,,,,,,,,,,,,,,,,,,,,,,,,,,,,,,,,,,,,,,,
2026-06-03T20:28:56.994386Z,"{'#attributes': {'Qualifiers': 16384}, '#text': 1004}",dc.danglingtree.htb,Microsoft-Windows-Security-SPP,Application,2802,4,,,,,,,,,,,,,,,,,,,,,,,,Windows(R) Publishing License (Private),28abbb02-7701-495c-9333-938c17551ea9,,,,,,,,,,,,,,,,,,,,,,,,,,,,,,,,,,,,,,,,,,,,,,,,,,,,,,,,,,,,,,,,,,,,,,,,,,,,,,,,,,,,,,,
2026-06-03T20:28:57.036117Z,"{'#attributes': {'Qualifiers': 16384}, '#text': 1004}",dc.danglingtree.htb,Microsoft-Windows-Security-SPP,Application,2803,4,,,,,,,,,,,,,,,,,,,,,,,,Windows(R) UL oob License (Public),8365a507-c9f2-4911-996a-492e295c4655,,,,,,,,,,,,,,,,,,,,,,,,,,,,,,,,,,,,,,,,,,,,,,,,,,,,,,,,,,,,,,,,,,,,,,,,,,,,,,,,,,,,,,,
2026-06-03T20:28:57.037365Z,"{'#attributes': {'Qualifiers': 16384}, '#text': 1004}",dc.danglingtree.htb,Microsoft-Windows-Security-SPP,Application,2804,4,,,,,,,,,,,,,,,,,,,,,,,,Windows(R) UL oob License (Private),c40606e7-ba53-497e-8998-2cb7c2cb2ccb,,,,,,,,,,,,,,,,,,,,,,,,,,,,,,,,,,,,,,,,,,,,,,,,,,,,,,,,,,,,,,,,,,,,,,,,,,,,,,,,,,,,,,,
2026-06-03T20:28:57.161190Z,"{'#attributes': {'Qualifiers': 16384}, '#text': 1004}",dc.danglingtree.htb,Microsoft-Windows-Security-SPP,Application,2805,4,,,,,,,,,,,,,,,,,,,,,,,,Windows(R) UL phone License (Public),66346076-0fa0-40bf-a3ba-86dc41a53089,,,,,,,,,,,,,,,,,,,,,,,,,,,,,,,,,,,,,,,,,,,,,,,,,,,,,,,,,,,,,,,,,,,,,,,,,,,,,,,,,,,,,,,
2026-06-03T20:28:57.162377Z,"{'#attributes': {'Qualifiers': 16384}, '#text': 1004}",dc.danglingtree.htb,Microsoft-Windows-Security-SPP,Application,2806,4,,,,,,,,,,,,,,,,,,,,,,,,Windows(R) UL phone License (Private),214eda50-11bf-4edc-a403-398bdba6c817,,,,,,,,,,,,,,,,,,,,,,,,,,,,,,,,,,,,,,,,,,,,,,,,,,,,,,,,,,,,,,,,,,,,,,,,,,,,,,,,,,,,,,,
2026-06-03T20:28:57.181256Z,"{'#attributes': {'Qualifiers': 16384}, '#text': 1004}",dc.danglingtree.htb,Microsoft-Windows-Security-SPP,Application,2807,4,,,,,,,,,,,,,,,,,,,,,,,,Windows(R) UL store License (Public),8de2fd16-a583-444e-b7a1-c87fe50785b7,,,,,,,,,,,,,,,,,,,,,,,,,,,,,,,,,,,,,,,,,,,,,,,,,,,,,,,,,,,,,,,,,,,,,,,,,,,,,,,,,,,,,,,
2026-06-03T20:28:57.213967Z,"{'#attributes': {'Qualifiers': 16384}, '#text': 1004}",dc.danglingtree.htb,Microsoft-Windows-Security-SPP,Application,2808,4,,,,,,,,,,,,,,,,,,,,,,,,Windows(R) UL store License (Private),524d3ef0-5d03-4bbd-ae7e-5096ea362a40,,,,,,,,,,,,,,,,,,,,,,,,,,,,,,,,,,,,,,,,,,,,,,,,,,,,,,,,,,,,,,,,,,,,,,,,,,,,,,,,,,,,,,,
2026-06-03T20:28:57.325457Z,"{'#attributes': {'Qualifiers': 16384}, '#text': 1004}",dc.danglingtree.htb,Microsoft-Windows-Security-SPP,Application,2809,4,,,,,,,,,,,,,,,,,,,,,,,,Windows(R) Publishing License (Public),deb83c3a-e375-480a-9b61-eefc72f3a88b,,,,,,,,,,,,,,,,,,,,,,,,,,,,,,,,,,,,,,,,,,,,,,,,,,,,,,,,,,,,,,,,,,,,,,,,,,,,,,,,,,,,,,,
2026-06-03T20:28:57.326860Z,"{'#attributes': {'Qualifiers': 16384}, '#text': 1004}",dc.danglingtree.htb,Microsoft-Windows-Security-SPP,Application,2810,4,,,,,,,,,,,,,,,,,,,,,,,,Windows(R) Publishing License (Private),faac6729-82dd-434d-9493-386358a2898d,,,,,,,,,,,,,,,,,,,,,,,,,,,,,,,,,,,,,,,,,,,,,,,,,,,,,,,,,,,,,,,,,,,,,,,,,,,,,,,,,,,,,,,
2026-06-03T20:28:57.341801Z,"{'#attributes': {'Qualifiers': 16384}, '#text': 1004}",dc.danglingtree.htb,Microsoft-Windows-Security-SPP,Application,2811,4,,,,,,,,,,,,,,,,,,,,,,,,Windows(R) UL oob License (Public),ee70e98b-a7f6-4d64-b93d-211c3155f106,,,,,,,,,,,,,,,,,,,,,,,,,,,,,,,,,,,,,,,,,,,,,,,,,,,,,,,,,,,,,,,,,,,,,,,,,,,,,,,,,,,,,,,
2026-06-03T20:28:57.343321Z,"{'#attributes': {'Qualifiers': 16384}, '#text': 1004}",dc.danglingtree.htb,Microsoft-Windows-Security-SPP,Application,2812,4,,,,,,,,,,,,,,,,,,,,,,,,Windows(R) UL oob License (Private),134abbcd-0922-4db9-a265-43f9608af7b7,,,,,,,,,,,,,,,,,,,,,,,,,,,,,,,,,,,,,,,,,,,,,,,,,,,,,,,,,,,,,,,,,,,,,,,,,,,,,,,,,,,,,,,
2026-06-03T20:28:57.362915Z,"{'#attributes': {'Qualifiers': 16384}, '#text': 1004}",dc.danglingtree.htb,Microsoft-Windows-Security-SPP,Application,2813,4,,,,,,,,,,,,,,,,,,,,,,,,Windows(R) UL phone License (Public),b033789a-64e4-4904-9aee-2e87c1d5f40b,,,,,,,,,,,,,,,,,,,,,,,,,,,,,,,,,,,,,,,,,,,,,,,,,,,,,,,,,,,,,,,,,,,,,,,,,,,,,,,,,,,,,,,
2026-06-03T20:28:57.363951Z,"{'#attributes': {'Qualifiers': 16384}, '#text': 1004}",dc.danglingtree.htb,Microsoft-Windows-Security-SPP,Application,2814,4,,,,,,,,,,,,,,,,,,,,,,,,Windows(R) UL phone License (Private),a497b0aa-c9db-43ce-a290-896ebc595fc0,,,,,,,,,,,,,,,,,,,,,,,,,,,,,,,,,,,,,,,,,,,,,,,,,,,,,,,,,,,,,,,,,,,,,,,,,,,,,,,,,,,,,,,
2026-06-03T20:28:57.466119Z,"{'#attributes': {'Qualifiers': 16384}, '#text': 1004}",dc.danglingtree.htb,Microsoft-Windows-Security-SPP,Application,2815,4,,,,,,,,,,,,,,,,,,,,,,,,Windows(R) UL store License (Public),ad272ca2-07b2-4efe-8b2a-8585d9e71823,,,,,,,,,,,,,,,,,,,,,,,,,,,,,,,,,,,,,,,,,,,,,,,,,,,,,,,,,,,,,,,,,,,,,,,,,,,,,,,,,,,,,,,
2026-06-03T20:28:57.467812Z,"{'#attributes': {'Qualifiers': 16384}, '#text': 1004}",dc.danglingtree.htb,Microsoft-Windows-Security-SPP,Application,2816,4,,,,,,,,,,,,,,,,,,,,,,,,Windows(R) UL store License (Private),68ac4269-4597-45bf-9998-4f08db17c2b3,,,,,,,,,,,,,,,,,,,,,,,,,,,,,,,,,,,,,,,,,,,,,,,,,,,,,,,,,,,,,,,,,,,,,,,,,,,,,,,,,,,,,,,
2026-06-03T20:28:57.480644Z,"{'#attributes': {'Qualifiers': 16384}, '#text': 1004}",dc.danglingtree.htb,Microsoft-Windows-Security-SPP,Application,2817,4,,,,,,,,,,,,,,,,,,,,,,,,Windows(R) Publishing License (Public),735b7d27-9b0b-47d7-982b-1d8e0bc9f290,,,,,,,,,,,,,,,,,,,,,,,,,,,,,,,,,,,,,,,,,,,,,,,,,,,,,,,,,,,,,,,,,,,,,,,,,,,,,,,,,,,,,,,
2026-06-03T20:28:57.481624Z,"{'#attributes': {'Qualifiers': 16384}, '#text': 1004}",dc.danglingtree.htb,Microsoft-Windows-Security-SPP,Application,2818,4,,,,,,,,,,,,,,,,,,,,,,,,Windows(R) Publishing License (Private),770277c7-945a-4f6b-be32-6d88dd7fc5fd,,,,,,,,,,,,,,,,,,,,,,,,,,,,,,,,,,,,,,,,,,,,,,,,,,,,,,,,,,,,,,,,,,,,,,,,,,,,,,,,,,,,,,,
2026-06-03T20:28:57.507490Z,"{'#attributes': {'Qualifiers': 16384}, '#text': 1004}",dc.danglingtree.htb,Microsoft-Windows-Security-SPP,Application,2819,4,,,,,,,,,,,,,,,,,,,,,,,,Windows(R) UL oob License (Public),d62ad2b7-dc08-42b3-8e12-5acb93d1e662,,,,,,,,,,,,,,,,,,,,,,,,,,,,,,,,,,,,,,,,,,,,,,,,,,,,,,,,,,,,,,,,,,,,,,,,,,,,,,,,,,,,,,,
2026-06-03T20:28:57.509145Z,"{'#attributes': {'Qualifiers': 16384}, '#text': 1004}",dc.danglingtree.htb,Microsoft-Windows-Security-SPP,Application,2820,4,,,,,,,,,,,,,,,,,,,,,,,,Windows(R) UL oob License (Private),5a0395de-350a-4968-864f-5f7c1dbb2a3d,,,,,,,,,,,,,,,,,,,,,,,,,,,,,,,,,,,,,,,,,,,,,,,,,,,,,,,,,,,,,,,,,,,,,,,,,,,,,,,,,,,,,,,
2026-06-03T20:28:57.576868Z,"{'#attributes': {'Qualifiers': 16384}, '#text': 1004}",dc.danglingtree.htb,Microsoft-Windows-Security-SPP,Application,2821,4,,,,,,,,,,,,,,,,,,,,,,,,Windows(R) UL phone License (Public),75a4d294-760a-492b-9480-d14611811937,,,,,,,,,,,,,,,,,,,,,,,,,,,,,,,,,,,,,,,,,,,,,,,,,,,,,,,,,,,,,,,,,,,,,,,,,,,,,,,,,,,,,,,
2026-06-03T20:28:57.577994Z,"{'#attributes': {'Qualifiers': 16384}, '#text': 1004}",dc.danglingtree.htb,Microsoft-Windows-Security-SPP,Application,2822,4,,,,,,,,,,,,,,,,,,,,,,,,Windows(R) UL phone License (Private),9d792408-994b-4e9e-af56-7e5ab49f3f08,,,,,,,,,,,,,,,,,,,,,,,,,,,,,,,,,,,,,,,,,,,,,,,,,,,,,,,,,,,,,,,,,,,,,,,,,,,,,,,,,,,,,,,
2026-06-03T20:28:57.588895Z,"{'#attributes': {'Qualifiers': 16384}, '#text': 1004}",dc.danglingtree.htb,Microsoft-Windows-Security-SPP,Application,2823,4,,,,,,,,,,,,,,,,,,,,,,,,Windows(R) UL store License (Public),df50a668-2c10-4b28-8556-cd8e02e2c35c,,,,,,,,,,,,,,,,,,,,,,,,,,,,,,,,,,,,,,,,,,,,,,,,,,,,,,,,,,,,,,,,,,,,,,,,,,,,,,,,,,,,,,,
2026-06-03T20:28:57.589954Z,"{'#attributes': {'Qualifiers': 16384}, '#text': 1004}",dc.danglingtree.htb,Microsoft-Windows-Security-SPP,Application,2824,4,,,,,,,,,,,,,,,,,,,,,,,,Windows(R) UL store License (Private),fd7d553c-8770-47f5-a2eb-9bb74963f606,,,,,,,,,,,,,,,,,,,,,,,,,,,,,,,,,,,,,,,,,,,,,,,,,,,,,,,,,,,,,,,,,,,,,,,,,,,,,,,,,,,,,,,
2026-06-03T20:28:57.648159Z,"{'#attributes': {'Qualifiers': 16384}, '#text': 1004}",dc.danglingtree.htb,Microsoft-Windows-Security-SPP,Application,2825,4,,,,,,,,,,,,,,,,,,,,,,,,Windows(R) Publishing License (Public),a024355c-120b-450e-acc8-9f0e515a63f1,,,,,,,,,,,,,,,,,,,,,,,,,,,,,,,,,,,,,,,,,,,,,,,,,,,,,,,,,,,,,,,,,,,,,,,,,,,,,,,,,,,,,,,
2026-06-03T20:28:57.649269Z,"{'#attributes': {'Qualifiers': 16384}, '#text': 1004}",dc.danglingtree.htb,Microsoft-Windows-Security-SPP,Application,2826,4,,,,,,,,,,,,,,,,,,,,,,,,Windows(R) Publishing License (Private),83675f9b-e2ab-4477-893d-21198b4a5236,,,,,,,,,,,,,,,,,,,,,,,,,,,,,,,,,,,,,,,,,,,,,,,,,,,,,,,,,,,,,,,,,,,,,,,,,,,,,,,,,,,,,,,
2026-06-03T20:28:57.663518Z,"{'#attributes': {'Qualifiers': 16384}, '#text': 1004}",dc.danglingtree.htb,Microsoft-Windows-Security-SPP,Application,2827,4,,,,,,,,,,,,,,,,,,,,,,,,Windows(R) UL oob License (Public),8ec75d07-eec8-443c-b0e3-a4df2a19400b,,,,,,,,,,,,,,,,,,,,,,,,,,,,,,,,,,,,,,,,,,,,,,,,,,,,,,,,,,,,,,,,,,,,,,,,,,,,,,,,,,,,,,,
2026-06-03T20:28:57.664678Z,"{'#attributes': {'Qualifiers': 16384}, '#text': 1004}",dc.danglingtree.htb,Microsoft-Windows-Security-SPP,Application,2828,4,,,,,,,,,,,,,,,,,,,,,,,,Windows(R) UL oob License (Private),62376731-addd-413a-b14e-fe579f0d99e7,,,,,,,,,,,,,,,,,,,,,,,,,,,,,,,,,,,,,,,,,,,,,,,,,,,,,,,,,,,,,,,,,,,,,,,,,,,,,,,,,,,,,,,
2026-06-03T20:28:57.686279Z,"{'#attributes': {'Qualifiers': 16384}, '#text': 1004}",dc.danglingtree.htb,Microsoft-Windows-Security-SPP,Application,2829,4,,,,,,,,,,,,,,,,,,,,,,,,Windows(R) UL phone License (Public),d72d33a3-d2cf-4c52-8881-58bc82d53541,,,,,,,,,,,,,,,,,,,,,,,,,,,,,,,,,,,,,,,,,,,,,,,,,,,,,,,,,,,,,,,,,,,,,,,,,,,,,,,,,,,,,,,
2026-06-03T20:28:57.687520Z,"{'#attributes': {'Qualifiers': 16384}, '#text': 1004}",dc.danglingtree.htb,Microsoft-Windows-Security-SPP,Application,2830,4,,,,,,,,,,,,,,,,,,,,,,,,Windows(R) UL phone License (Private),cfebe402-c155-4516-bddd-f729c2e43e34,,,,,,,,,,,,,,,,,,,,,,,,,,,,,,,,,,,,,,,,,,,,,,,,,,,,,,,,,,,,,,,,,,,,,,,,,,,,,,,,,,,,,,,
2026-06-03T20:28:57.768355Z,"{'#attributes': {'Qualifiers': 16384}, '#text': 1004}",dc.danglingtree.htb,Microsoft-Windows-Security-SPP,Application,2831,4,,,,,,,,,,,,,,,,,,,,,,,,Windows(R) UL store License (Public),697be4dd-984d-48a7-8f0c-bbacd1d2007f,,,,,,,,,,,,,,,,,,,,,,,,,,,,,,,,,,,,,,,,,,,,,,,,,,,,,,,,,,,,,,,,,,,,,,,,,,,,,,,,,,,,,,,
2026-06-03T20:28:57.782772Z,"{'#attributes': {'Qualifiers': 16384}, '#text': 1004}",dc.danglingtree.htb,Microsoft-Windows-Security-SPP,Application,2832,4,,,,,,,,,,,,,,,,,,,,,,,,Windows(R) UL store License (Private),c6f4ad82-8b0a-4e16-b843-9f84049a26fb,,,,,,,,,,,,,,,,,,,,,,,,,,,,,,,,,,,,,,,,,,,,,,,,,,,,,,,,,,,,,,,,,,,,,,,,,,,,,,,,,,,,,,,
