TimeGenerated,EventID,Computer,Provider,Channel,RecordID,Level,Class,ListenerName,Param1,Param2,Param3,attributes_xmlns,listenerName
2026-03-26T05:48:29.634782Z,263,dc.danglingtree.htb,Microsoft-Windows-TerminalServices-RemoteConnectionManager,Microsoft-Windows-TerminalServices-RemoteConnectionManager/Operational,1,4,,,,,,,
2026-03-26T05:48:29.679844Z,20523,dc.danglingtree.htb,Microsoft-Windows-TerminalServices-RemoteConnectionManager,Microsoft-Windows-TerminalServices-RemoteConnectionManager/Operational,2,4,5828227C-20CF-4408-B73F-73AB70B8849F,RDP-Tcp,,,,Event_NS,
2026-03-26T05:48:29.792907Z,258,dc.danglingtree.htb,Microsoft-Windows-TerminalServices-RemoteConnectionManager,Microsoft-Windows-TerminalServices-RemoteConnectionManager/Operational,3,4,,,,,,Event_NS,RDP-Tcp
2026-03-26T05:48:29.831769Z,1136,dc.danglingtree.htb,Microsoft-Windows-TerminalServices-RemoteConnectionManager,Microsoft-Windows-TerminalServices-RemoteConnectionManager/Operational,4,4,,,,,,,
2026-03-26T05:48:29.843059Z,20524,dc.danglingtree.htb,Microsoft-Windows-TerminalServices-RemoteConnectionManager,Microsoft-Windows-TerminalServices-RemoteConnectionManager/Operational,5,4,,,,,,,
2026-03-26T05:48:29.870956Z,263,dc.danglingtree.htb,Microsoft-Windows-TerminalServices-RemoteConnectionManager,Microsoft-Windows-TerminalServices-RemoteConnectionManager/Operational,6,4,,,,,,,
2026-03-26T05:48:29.917027Z,263,dc.danglingtree.htb,Microsoft-Windows-TerminalServices-RemoteConnectionManager,Microsoft-Windows-TerminalServices-RemoteConnectionManager/Operational,7,4,,,,,,,
2026-03-26T05:48:29.977585Z,263,dc.danglingtree.htb,Microsoft-Windows-TerminalServices-RemoteConnectionManager,Microsoft-Windows-TerminalServices-RemoteConnectionManager/Operational,8,4,,,,,,,
2026-03-26T05:48:30.018728Z,263,dc.danglingtree.htb,Microsoft-Windows-TerminalServices-RemoteConnectionManager,Microsoft-Windows-TerminalServices-RemoteConnectionManager/Operational,9,4,,,,,,,
2026-03-26T05:48:30.081036Z,263,dc.danglingtree.htb,Microsoft-Windows-TerminalServices-RemoteConnectionManager,Microsoft-Windows-TerminalServices-RemoteConnectionManager/Operational,10,4,,,,,,,
2026-03-26T06:39:59.471663Z,263,dc.danglingtree.htb,Microsoft-Windows-TerminalServices-RemoteConnectionManager,Microsoft-Windows-TerminalServices-RemoteConnectionManager/Operational,11,4,,,,,,,
2026-03-26T06:39:59.504090Z,20523,dc.danglingtree.htb,Microsoft-Windows-TerminalServices-RemoteConnectionManager,Microsoft-Windows-TerminalServices-RemoteConnectionManager/Operational,12,4,5828227C-20CF-4408-B73F-73AB70B8849F,RDP-Tcp,,,,Event_NS,
2026-03-26T06:39:59.655970Z,258,dc.danglingtree.htb,Microsoft-Windows-TerminalServices-RemoteConnectionManager,Microsoft-Windows-TerminalServices-RemoteConnectionManager/Operational,13,4,,,,,,Event_NS,RDP-Tcp
2026-03-26T06:39:59.826955Z,263,dc.danglingtree.htb,Microsoft-Windows-TerminalServices-RemoteConnectionManager,Microsoft-Windows-TerminalServices-RemoteConnectionManager/Operational,14,4,,,,,,,
2026-03-26T06:39:59.830947Z,263,dc.danglingtree.htb,Microsoft-Windows-TerminalServices-RemoteConnectionManager,Microsoft-Windows-TerminalServices-RemoteConnectionManager/Operational,15,4,,,,,,,
2026-03-26T06:39:59.835749Z,1136,dc.danglingtree.htb,Microsoft-Windows-TerminalServices-RemoteConnectionManager,Microsoft-Windows-TerminalServices-RemoteConnectionManager/Operational,16,4,,,,,,,
2026-03-26T06:39:59.860530Z,263,dc.danglingtree.htb,Microsoft-Windows-TerminalServices-RemoteConnectionManager,Microsoft-Windows-TerminalServices-RemoteConnectionManager/Operational,17,4,,,,,,,
2026-03-26T06:39:59.861955Z,20524,dc.danglingtree.htb,Microsoft-Windows-TerminalServices-RemoteConnectionManager,Microsoft-Windows-TerminalServices-RemoteConnectionManager/Operational,18,4,,,,,,,
2026-03-26T06:39:59.866541Z,263,dc.danglingtree.htb,Microsoft-Windows-TerminalServices-RemoteConnectionManager,Microsoft-Windows-TerminalServices-RemoteConnectionManager/Operational,19,4,,,,,,,
2026-03-26T06:39:59.896491Z,263,dc.danglingtree.htb,Microsoft-Windows-TerminalServices-RemoteConnectionManager,Microsoft-Windows-TerminalServices-RemoteConnectionManager/Operational,20,4,,,,,,,
2026-03-26T07:41:02.783160Z,263,dc.danglingtree.htb,Microsoft-Windows-TerminalServices-RemoteConnectionManager,Microsoft-Windows-TerminalServices-RemoteConnectionManager/Operational,21,4,,,,,,,
2026-03-26T20:54:54.871761Z,263,dc.danglingtree.htb,Microsoft-Windows-TerminalServices-RemoteConnectionManager,Microsoft-Windows-TerminalServices-RemoteConnectionManager/Operational,22,4,,,,,,,
2026-03-26T20:54:54.902267Z,20523,dc.danglingtree.htb,Microsoft-Windows-TerminalServices-RemoteConnectionManager,Microsoft-Windows-TerminalServices-RemoteConnectionManager/Operational,23,4,5828227C-20CF-4408-B73F-73AB70B8849F,RDP-Tcp,,,,Event_NS,
2026-03-26T20:54:55.068934Z,258,dc.danglingtree.htb,Microsoft-Windows-TerminalServices-RemoteConnectionManager,Microsoft-Windows-TerminalServices-RemoteConnectionManager/Operational,24,4,,,,,,Event_NS,RDP-Tcp
2026-03-26T20:54:55.237376Z,263,dc.danglingtree.htb,Microsoft-Windows-TerminalServices-RemoteConnectionManager,Microsoft-Windows-TerminalServices-RemoteConnectionManager/Operational,25,4,,,,,,,
2026-03-26T20:54:55.241957Z,263,dc.danglingtree.htb,Microsoft-Windows-TerminalServices-RemoteConnectionManager,Microsoft-Windows-TerminalServices-RemoteConnectionManager/Operational,26,4,,,,,,,
2026-03-26T20:54:55.248791Z,263,dc.danglingtree.htb,Microsoft-Windows-TerminalServices-RemoteConnectionManager,Microsoft-Windows-TerminalServices-RemoteConnectionManager/Operational,27,4,,,,,,,
2026-03-26T20:54:55.256847Z,1136,dc.danglingtree.htb,Microsoft-Windows-TerminalServices-RemoteConnectionManager,Microsoft-Windows-TerminalServices-RemoteConnectionManager/Operational,28,4,,,,,,,
2026-03-26T20:54:55.259642Z,263,dc.danglingtree.htb,Microsoft-Windows-TerminalServices-RemoteConnectionManager,Microsoft-Windows-TerminalServices-RemoteConnectionManager/Operational,29,4,,,,,,,
2026-03-26T20:54:55.270877Z,263,dc.danglingtree.htb,Microsoft-Windows-TerminalServices-RemoteConnectionManager,Microsoft-Windows-TerminalServices-RemoteConnectionManager/Operational,30,4,,,,,,,
2026-03-26T20:54:55.284707Z,20524,dc.danglingtree.htb,Microsoft-Windows-TerminalServices-RemoteConnectionManager,Microsoft-Windows-TerminalServices-RemoteConnectionManager/Operational,31,4,,,,,,,
2026-03-26T21:00:50.035599Z,263,dc.danglingtree.htb,Microsoft-Windows-TerminalServices-RemoteConnectionManager,Microsoft-Windows-TerminalServices-RemoteConnectionManager/Operational,32,4,,,,,,,
2026-03-26T21:23:08.592841Z,261,dc.danglingtree.htb,Microsoft-Windows-TerminalServices-RemoteConnectionManager,Microsoft-Windows-TerminalServices-RemoteConnectionManager/Operational,33,4,,,,,,Event_NS,RDP-Tcp
2026-03-26T21:23:29.405811Z,261,dc.danglingtree.htb,Microsoft-Windows-TerminalServices-RemoteConnectionManager,Microsoft-Windows-TerminalServices-RemoteConnectionManager/Operational,34,4,,,,,,Event_NS,RDP-Tcp
2026-03-26T21:23:35.902117Z,261,dc.danglingtree.htb,Microsoft-Windows-TerminalServices-RemoteConnectionManager,Microsoft-Windows-TerminalServices-RemoteConnectionManager/Operational,35,4,,,,,,Event_NS,RDP-Tcp
2026-03-26T21:23:35.999325Z,1149,dc.danglingtree.htb,Microsoft-Windows-TerminalServices-RemoteConnectionManager,Microsoft-Windows-TerminalServices-RemoteConnectionManager/Operational,36,4,,,noah.b,DANGLINGTREE,::%16777216,Event_NS,
2026-03-26T21:23:50.532242Z,263,dc.danglingtree.htb,Microsoft-Windows-TerminalServices-RemoteConnectionManager,Microsoft-Windows-TerminalServices-RemoteConnectionManager/Operational,37,4,,,,,,,
2026-03-27T07:54:45.745929Z,263,dc.danglingtree.htb,Microsoft-Windows-TerminalServices-RemoteConnectionManager,Microsoft-Windows-TerminalServices-RemoteConnectionManager/Operational,38,4,,,,,,,
2026-03-27T07:54:45.791376Z,20523,dc.danglingtree.htb,Microsoft-Windows-TerminalServices-RemoteConnectionManager,Microsoft-Windows-TerminalServices-RemoteConnectionManager/Operational,39,4,5828227C-20CF-4408-B73F-73AB70B8849F,RDP-Tcp,,,,Event_NS,
2026-03-27T07:54:46.144551Z,258,dc.danglingtree.htb,Microsoft-Windows-TerminalServices-RemoteConnectionManager,Microsoft-Windows-TerminalServices-RemoteConnectionManager/Operational,40,4,,,,,,Event_NS,RDP-Tcp
2026-03-27T07:54:46.469621Z,263,dc.danglingtree.htb,Microsoft-Windows-TerminalServices-RemoteConnectionManager,Microsoft-Windows-TerminalServices-RemoteConnectionManager/Operational,41,4,,,,,,,
2026-03-27T07:54:46.491039Z,263,dc.danglingtree.htb,Microsoft-Windows-TerminalServices-RemoteConnectionManager,Microsoft-Windows-TerminalServices-RemoteConnectionManager/Operational,42,4,,,,,,,
2026-03-27T07:54:46.502959Z,1136,dc.danglingtree.htb,Microsoft-Windows-TerminalServices-RemoteConnectionManager,Microsoft-Windows-TerminalServices-RemoteConnectionManager/Operational,43,4,,,,,,,
2026-03-27T07:54:46.533680Z,263,dc.danglingtree.htb,Microsoft-Windows-TerminalServices-RemoteConnectionManager,Microsoft-Windows-TerminalServices-RemoteConnectionManager/Operational,44,4,,,,,,,
2026-03-27T07:54:46.547512Z,263,dc.danglingtree.htb,Microsoft-Windows-TerminalServices-RemoteConnectionManager,Microsoft-Windows-TerminalServices-RemoteConnectionManager/Operational,45,4,,,,,,,
2026-03-27T07:54:46.550263Z,20524,dc.danglingtree.htb,Microsoft-Windows-TerminalServices-RemoteConnectionManager,Microsoft-Windows-TerminalServices-RemoteConnectionManager/Operational,46,4,,,,,,,
2026-03-27T07:54:46.575491Z,263,dc.danglingtree.htb,Microsoft-Windows-TerminalServices-RemoteConnectionManager,Microsoft-Windows-TerminalServices-RemoteConnectionManager/Operational,47,4,,,,,,,
2026-03-27T21:56:20.992546Z,263,dc.danglingtree.htb,Microsoft-Windows-TerminalServices-RemoteConnectionManager,Microsoft-Windows-TerminalServices-RemoteConnectionManager/Operational,48,4,,,,,,,
2026-03-27T21:56:21.030137Z,20523,dc.danglingtree.htb,Microsoft-Windows-TerminalServices-RemoteConnectionManager,Microsoft-Windows-TerminalServices-RemoteConnectionManager/Operational,49,4,5828227C-20CF-4408-B73F-73AB70B8849F,RDP-Tcp,,,,Event_NS,
2026-03-27T21:56:21.222844Z,258,dc.danglingtree.htb,Microsoft-Windows-TerminalServices-RemoteConnectionManager,Microsoft-Windows-TerminalServices-RemoteConnectionManager/Operational,50,4,,,,,,Event_NS,RDP-Tcp
2026-03-27T21:56:21.448395Z,263,dc.danglingtree.htb,Microsoft-Windows-TerminalServices-RemoteConnectionManager,Microsoft-Windows-TerminalServices-RemoteConnectionManager/Operational,51,4,,,,,,,
2026-03-27T21:56:21.464438Z,1136,dc.danglingtree.htb,Microsoft-Windows-TerminalServices-RemoteConnectionManager,Microsoft-Windows-TerminalServices-RemoteConnectionManager/Operational,52,4,,,,,,,
2026-03-27T21:56:21.488764Z,263,dc.danglingtree.htb,Microsoft-Windows-TerminalServices-RemoteConnectionManager,Microsoft-Windows-TerminalServices-RemoteConnectionManager/Operational,53,4,,,,,,,
2026-03-27T21:56:21.492232Z,20524,dc.danglingtree.htb,Microsoft-Windows-TerminalServices-RemoteConnectionManager,Microsoft-Windows-TerminalServices-RemoteConnectionManager/Operational,54,4,,,,,,,
2026-03-27T21:56:21.508513Z,263,dc.danglingtree.htb,Microsoft-Windows-TerminalServices-RemoteConnectionManager,Microsoft-Windows-TerminalServices-RemoteConnectionManager/Operational,55,4,,,,,,,
2026-03-27T21:56:21.515435Z,263,dc.danglingtree.htb,Microsoft-Windows-TerminalServices-RemoteConnectionManager,Microsoft-Windows-TerminalServices-RemoteConnectionManager/Operational,56,4,,,,,,,
2026-03-27T21:56:21.536357Z,263,dc.danglingtree.htb,Microsoft-Windows-TerminalServices-RemoteConnectionManager,Microsoft-Windows-TerminalServices-RemoteConnectionManager/Operational,57,4,,,,,,,
2026-03-27T22:00:17.334368Z,261,dc.danglingtree.htb,Microsoft-Windows-TerminalServices-RemoteConnectionManager,Microsoft-Windows-TerminalServices-RemoteConnectionManager/Operational,58,4,,,,,,Event_NS,RDP-Tcp
2026-03-27T22:00:42.899910Z,261,dc.danglingtree.htb,Microsoft-Windows-TerminalServices-RemoteConnectionManager,Microsoft-Windows-TerminalServices-RemoteConnectionManager/Operational,59,4,,,,,,Event_NS,RDP-Tcp
2026-03-27T22:00:56.164951Z,261,dc.danglingtree.htb,Microsoft-Windows-TerminalServices-RemoteConnectionManager,Microsoft-Windows-TerminalServices-RemoteConnectionManager/Operational,60,4,,,,,,Event_NS,RDP-Tcp
2026-03-27T22:01:24.137959Z,261,dc.danglingtree.htb,Microsoft-Windows-TerminalServices-RemoteConnectionManager,Microsoft-Windows-TerminalServices-RemoteConnectionManager/Operational,61,4,,,,,,Event_NS,RDP-Tcp
2026-03-27T22:01:24.203649Z,1149,dc.danglingtree.htb,Microsoft-Windows-TerminalServices-RemoteConnectionManager,Microsoft-Windows-TerminalServices-RemoteConnectionManager/Operational,62,4,,,noah.b,DANGLINGTREE,::%16777216,Event_NS,
2026-03-27T22:01:37.429791Z,263,dc.danglingtree.htb,Microsoft-Windows-TerminalServices-RemoteConnectionManager,Microsoft-Windows-TerminalServices-RemoteConnectionManager/Operational,63,4,,,,,,,
2026-03-27T22:02:15.808860Z,263,dc.danglingtree.htb,Microsoft-Windows-TerminalServices-RemoteConnectionManager,Microsoft-Windows-TerminalServices-RemoteConnectionManager/Operational,64,4,,,,,,,
2026-03-27T22:18:40.789029Z,263,dc.danglingtree.htb,Microsoft-Windows-TerminalServices-RemoteConnectionManager,Microsoft-Windows-TerminalServices-RemoteConnectionManager/Operational,65,4,,,,,,,
2026-03-27T22:18:40.831196Z,20523,dc.danglingtree.htb,Microsoft-Windows-TerminalServices-RemoteConnectionManager,Microsoft-Windows-TerminalServices-RemoteConnectionManager/Operational,66,4,5828227C-20CF-4408-B73F-73AB70B8849F,RDP-Tcp,,,,Event_NS,
2026-03-27T22:18:41.088121Z,258,dc.danglingtree.htb,Microsoft-Windows-TerminalServices-RemoteConnectionManager,Microsoft-Windows-TerminalServices-RemoteConnectionManager/Operational,67,4,,,,,,Event_NS,RDP-Tcp
2026-03-27T22:18:41.385464Z,263,dc.danglingtree.htb,Microsoft-Windows-TerminalServices-RemoteConnectionManager,Microsoft-Windows-TerminalServices-RemoteConnectionManager/Operational,68,4,,,,,,,
2026-03-27T22:18:41.403734Z,263,dc.danglingtree.htb,Microsoft-Windows-TerminalServices-RemoteConnectionManager,Microsoft-Windows-TerminalServices-RemoteConnectionManager/Operational,69,4,,,,,,,
2026-03-27T22:18:41.410107Z,1136,dc.danglingtree.htb,Microsoft-Windows-TerminalServices-RemoteConnectionManager,Microsoft-Windows-TerminalServices-RemoteConnectionManager/Operational,70,4,,,,,,,
2026-03-27T22:18:41.426980Z,263,dc.danglingtree.htb,Microsoft-Windows-TerminalServices-RemoteConnectionManager,Microsoft-Windows-TerminalServices-RemoteConnectionManager/Operational,71,4,,,,,,,
2026-03-27T22:18:41.449836Z,20524,dc.danglingtree.htb,Microsoft-Windows-TerminalServices-RemoteConnectionManager,Microsoft-Windows-TerminalServices-RemoteConnectionManager/Operational,72,4,,,,,,,
2026-03-27T22:18:41.451287Z,263,dc.danglingtree.htb,Microsoft-Windows-TerminalServices-RemoteConnectionManager,Microsoft-Windows-TerminalServices-RemoteConnectionManager/Operational,73,4,,,,,,,
2026-03-27T22:18:41.483384Z,263,dc.danglingtree.htb,Microsoft-Windows-TerminalServices-RemoteConnectionManager,Microsoft-Windows-TerminalServices-RemoteConnectionManager/Operational,74,4,,,,,,,
2026-03-27T22:22:56.495338Z,263,dc.danglingtree.htb,Microsoft-Windows-TerminalServices-RemoteConnectionManager,Microsoft-Windows-TerminalServices-RemoteConnectionManager/Operational,75,4,,,,,,,
2026-03-27T22:22:56.540949Z,20523,dc.danglingtree.htb,Microsoft-Windows-TerminalServices-RemoteConnectionManager,Microsoft-Windows-TerminalServices-RemoteConnectionManager/Operational,76,4,5828227C-20CF-4408-B73F-73AB70B8849F,RDP-Tcp,,,,Event_NS,
2026-03-27T22:22:56.865199Z,258,dc.danglingtree.htb,Microsoft-Windows-TerminalServices-RemoteConnectionManager,Microsoft-Windows-TerminalServices-RemoteConnectionManager/Operational,77,4,,,,,,Event_NS,RDP-Tcp
2026-03-27T22:22:57.173191Z,263,dc.danglingtree.htb,Microsoft-Windows-TerminalServices-RemoteConnectionManager,Microsoft-Windows-TerminalServices-RemoteConnectionManager/Operational,78,4,,,,,,,
2026-03-27T22:22:57.186342Z,263,dc.danglingtree.htb,Microsoft-Windows-TerminalServices-RemoteConnectionManager,Microsoft-Windows-TerminalServices-RemoteConnectionManager/Operational,79,4,,,,,,,
2026-03-27T22:22:57.199346Z,1136,dc.danglingtree.htb,Microsoft-Windows-TerminalServices-RemoteConnectionManager,Microsoft-Windows-TerminalServices-RemoteConnectionManager/Operational,80,4,,,,,,,
2026-03-27T22:22:57.210889Z,263,dc.danglingtree.htb,Microsoft-Windows-TerminalServices-RemoteConnectionManager,Microsoft-Windows-TerminalServices-RemoteConnectionManager/Operational,81,4,,,,,,,
2026-03-27T22:22:57.222486Z,263,dc.danglingtree.htb,Microsoft-Windows-TerminalServices-RemoteConnectionManager,Microsoft-Windows-TerminalServices-RemoteConnectionManager/Operational,82,4,,,,,,,
2026-03-27T22:22:57.232967Z,20524,dc.danglingtree.htb,Microsoft-Windows-TerminalServices-RemoteConnectionManager,Microsoft-Windows-TerminalServices-RemoteConnectionManager/Operational,83,4,,,,,,,
2026-03-27T22:22:57.235310Z,263,dc.danglingtree.htb,Microsoft-Windows-TerminalServices-RemoteConnectionManager,Microsoft-Windows-TerminalServices-RemoteConnectionManager/Operational,84,4,,,,,,,
2026-03-27T22:39:51.219344Z,263,dc.danglingtree.htb,Microsoft-Windows-TerminalServices-RemoteConnectionManager,Microsoft-Windows-TerminalServices-RemoteConnectionManager/Operational,85,4,,,,,,,
2026-03-27T22:39:51.244497Z,20523,dc.danglingtree.htb,Microsoft-Windows-TerminalServices-RemoteConnectionManager,Microsoft-Windows-TerminalServices-RemoteConnectionManager/Operational,86,4,5828227C-20CF-4408-B73F-73AB70B8849F,RDP-Tcp,,,,Event_NS,
2026-03-27T22:39:51.441611Z,258,dc.danglingtree.htb,Microsoft-Windows-TerminalServices-RemoteConnectionManager,Microsoft-Windows-TerminalServices-RemoteConnectionManager/Operational,87,4,,,,,,Event_NS,RDP-Tcp
2026-03-27T22:39:51.641622Z,263,dc.danglingtree.htb,Microsoft-Windows-TerminalServices-RemoteConnectionManager,Microsoft-Windows-TerminalServices-RemoteConnectionManager/Operational,88,4,,,,,,,
2026-03-27T22:39:51.664159Z,263,dc.danglingtree.htb,Microsoft-Windows-TerminalServices-RemoteConnectionManager,Microsoft-Windows-TerminalServices-RemoteConnectionManager/Operational,89,4,,,,,,,
2026-03-27T22:39:51.672646Z,263,dc.danglingtree.htb,Microsoft-Windows-TerminalServices-RemoteConnectionManager,Microsoft-Windows-TerminalServices-RemoteConnectionManager/Operational,90,4,,,,,,,
2026-03-27T22:39:51.677195Z,1136,dc.danglingtree.htb,Microsoft-Windows-TerminalServices-RemoteConnectionManager,Microsoft-Windows-TerminalServices-RemoteConnectionManager/Operational,91,4,,,,,,,
2026-03-27T22:39:51.695661Z,263,dc.danglingtree.htb,Microsoft-Windows-TerminalServices-RemoteConnectionManager,Microsoft-Windows-TerminalServices-RemoteConnectionManager/Operational,92,4,,,,,,,
2026-03-27T22:39:51.716642Z,20524,dc.danglingtree.htb,Microsoft-Windows-TerminalServices-RemoteConnectionManager,Microsoft-Windows-TerminalServices-RemoteConnectionManager/Operational,93,4,,,,,,,
2026-03-27T22:39:51.743058Z,263,dc.danglingtree.htb,Microsoft-Windows-TerminalServices-RemoteConnectionManager,Microsoft-Windows-TerminalServices-RemoteConnectionManager/Operational,94,4,,,,,,,
2026-03-27T23:40:17.917946Z,263,dc.danglingtree.htb,Microsoft-Windows-TerminalServices-RemoteConnectionManager,Microsoft-Windows-TerminalServices-RemoteConnectionManager/Operational,95,4,,,,,,,
2026-03-27T23:40:17.955063Z,20523,dc.danglingtree.htb,Microsoft-Windows-TerminalServices-RemoteConnectionManager,Microsoft-Windows-TerminalServices-RemoteConnectionManager/Operational,96,4,5828227C-20CF-4408-B73F-73AB70B8849F,RDP-Tcp,,,,Event_NS,
2026-03-27T23:40:18.097483Z,258,dc.danglingtree.htb,Microsoft-Windows-TerminalServices-RemoteConnectionManager,Microsoft-Windows-TerminalServices-RemoteConnectionManager/Operational,97,4,,,,,,Event_NS,RDP-Tcp
2026-03-27T23:40:18.281172Z,263,dc.danglingtree.htb,Microsoft-Windows-TerminalServices-RemoteConnectionManager,Microsoft-Windows-TerminalServices-RemoteConnectionManager/Operational,98,4,,,,,,,
2026-03-27T23:40:18.288770Z,1136,dc.danglingtree.htb,Microsoft-Windows-TerminalServices-RemoteConnectionManager,Microsoft-Windows-TerminalServices-RemoteConnectionManager/Operational,99,4,,,,,,,
2026-03-27T23:40:18.293450Z,263,dc.danglingtree.htb,Microsoft-Windows-TerminalServices-RemoteConnectionManager,Microsoft-Windows-TerminalServices-RemoteConnectionManager/Operational,100,4,,,,,,,
2026-03-27T23:40:18.294823Z,263,dc.danglingtree.htb,Microsoft-Windows-TerminalServices-RemoteConnectionManager,Microsoft-Windows-TerminalServices-RemoteConnectionManager/Operational,101,4,,,,,,,
2026-03-27T23:40:18.296516Z,263,dc.danglingtree.htb,Microsoft-Windows-TerminalServices-RemoteConnectionManager,Microsoft-Windows-TerminalServices-RemoteConnectionManager/Operational,102,4,,,,,,,
2026-03-27T23:40:18.302224Z,263,dc.danglingtree.htb,Microsoft-Windows-TerminalServices-RemoteConnectionManager,Microsoft-Windows-TerminalServices-RemoteConnectionManager/Operational,103,4,,,,,,,
2026-03-27T23:40:18.305189Z,20524,dc.danglingtree.htb,Microsoft-Windows-TerminalServices-RemoteConnectionManager,Microsoft-Windows-TerminalServices-RemoteConnectionManager/Operational,104,4,,,,,,,
2026-03-27T23:43:49.107749Z,263,dc.danglingtree.htb,Microsoft-Windows-TerminalServices-RemoteConnectionManager,Microsoft-Windows-TerminalServices-RemoteConnectionManager/Operational,105,4,,,,,,,
2026-03-27T23:43:49.137291Z,20523,dc.danglingtree.htb,Microsoft-Windows-TerminalServices-RemoteConnectionManager,Microsoft-Windows-TerminalServices-RemoteConnectionManager/Operational,106,4,5828227C-20CF-4408-B73F-73AB70B8849F,RDP-Tcp,,,,Event_NS,
2026-03-27T23:43:49.262043Z,258,dc.danglingtree.htb,Microsoft-Windows-TerminalServices-RemoteConnectionManager,Microsoft-Windows-TerminalServices-RemoteConnectionManager/Operational,107,4,,,,,,Event_NS,RDP-Tcp
2026-03-27T23:43:49.398726Z,263,dc.danglingtree.htb,Microsoft-Windows-TerminalServices-RemoteConnectionManager,Microsoft-Windows-TerminalServices-RemoteConnectionManager/Operational,108,4,,,,,,,
2026-03-27T23:43:49.403897Z,1136,dc.danglingtree.htb,Microsoft-Windows-TerminalServices-RemoteConnectionManager,Microsoft-Windows-TerminalServices-RemoteConnectionManager/Operational,109,4,,,,,,,
2026-03-27T23:43:49.411054Z,263,dc.danglingtree.htb,Microsoft-Windows-TerminalServices-RemoteConnectionManager,Microsoft-Windows-TerminalServices-RemoteConnectionManager/Operational,110,4,,,,,,,
2026-03-27T23:43:49.416340Z,263,dc.danglingtree.htb,Microsoft-Windows-TerminalServices-RemoteConnectionManager,Microsoft-Windows-TerminalServices-RemoteConnectionManager/Operational,111,4,,,,,,,
2026-03-27T23:43:49.418592Z,263,dc.danglingtree.htb,Microsoft-Windows-TerminalServices-RemoteConnectionManager,Microsoft-Windows-TerminalServices-RemoteConnectionManager/Operational,112,4,,,,,,,
2026-03-27T23:43:49.430777Z,263,dc.danglingtree.htb,Microsoft-Windows-TerminalServices-RemoteConnectionManager,Microsoft-Windows-TerminalServices-RemoteConnectionManager/Operational,113,4,,,,,,,
2026-03-27T23:43:49.430930Z,20524,dc.danglingtree.htb,Microsoft-Windows-TerminalServices-RemoteConnectionManager,Microsoft-Windows-TerminalServices-RemoteConnectionManager/Operational,114,4,,,,,,,
2026-03-28T00:05:57.865580Z,263,dc.danglingtree.htb,Microsoft-Windows-TerminalServices-RemoteConnectionManager,Microsoft-Windows-TerminalServices-RemoteConnectionManager/Operational,115,4,,,,,,,
2026-03-28T00:05:57.886359Z,20523,dc.danglingtree.htb,Microsoft-Windows-TerminalServices-RemoteConnectionManager,Microsoft-Windows-TerminalServices-RemoteConnectionManager/Operational,116,4,5828227C-20CF-4408-B73F-73AB70B8849F,RDP-Tcp,,,,Event_NS,
2026-03-28T00:05:58.019986Z,258,dc.danglingtree.htb,Microsoft-Windows-TerminalServices-RemoteConnectionManager,Microsoft-Windows-TerminalServices-RemoteConnectionManager/Operational,117,4,,,,,,Event_NS,RDP-Tcp
2026-03-28T00:05:58.144766Z,263,dc.danglingtree.htb,Microsoft-Windows-TerminalServices-RemoteConnectionManager,Microsoft-Windows-TerminalServices-RemoteConnectionManager/Operational,118,4,,,,,,,
2026-03-28T00:05:58.150324Z,263,dc.danglingtree.htb,Microsoft-Windows-TerminalServices-RemoteConnectionManager,Microsoft-Windows-TerminalServices-RemoteConnectionManager/Operational,119,4,,,,,,,
2026-03-28T00:05:58.159005Z,1136,dc.danglingtree.htb,Microsoft-Windows-TerminalServices-RemoteConnectionManager,Microsoft-Windows-TerminalServices-RemoteConnectionManager/Operational,120,4,,,,,,,
2026-03-28T00:05:58.169566Z,263,dc.danglingtree.htb,Microsoft-Windows-TerminalServices-RemoteConnectionManager,Microsoft-Windows-TerminalServices-RemoteConnectionManager/Operational,121,4,,,,,,,
2026-03-28T00:05:58.184481Z,20524,dc.danglingtree.htb,Microsoft-Windows-TerminalServices-RemoteConnectionManager,Microsoft-Windows-TerminalServices-RemoteConnectionManager/Operational,122,4,,,,,,,
2026-03-28T00:05:58.188554Z,263,dc.danglingtree.htb,Microsoft-Windows-TerminalServices-RemoteConnectionManager,Microsoft-Windows-TerminalServices-RemoteConnectionManager/Operational,123,4,,,,,,,
2026-03-28T00:05:58.205303Z,263,dc.danglingtree.htb,Microsoft-Windows-TerminalServices-RemoteConnectionManager,Microsoft-Windows-TerminalServices-RemoteConnectionManager/Operational,124,4,,,,,,,
2026-03-28T00:19:45.135225Z,263,dc.danglingtree.htb,Microsoft-Windows-TerminalServices-RemoteConnectionManager,Microsoft-Windows-TerminalServices-RemoteConnectionManager/Operational,125,4,,,,,,,
2026-03-28T00:19:45.158149Z,20523,dc.danglingtree.htb,Microsoft-Windows-TerminalServices-RemoteConnectionManager,Microsoft-Windows-TerminalServices-RemoteConnectionManager/Operational,126,4,5828227C-20CF-4408-B73F-73AB70B8849F,RDP-Tcp,,,,Event_NS,
2026-03-28T00:19:45.267230Z,258,dc.danglingtree.htb,Microsoft-Windows-TerminalServices-RemoteConnectionManager,Microsoft-Windows-TerminalServices-RemoteConnectionManager/Operational,127,4,,,,,,Event_NS,RDP-Tcp
2026-03-28T00:19:45.423150Z,1136,dc.danglingtree.htb,Microsoft-Windows-TerminalServices-RemoteConnectionManager,Microsoft-Windows-TerminalServices-RemoteConnectionManager/Operational,128,4,,,,,,,
2026-03-28T00:19:45.426662Z,263,dc.danglingtree.htb,Microsoft-Windows-TerminalServices-RemoteConnectionManager,Microsoft-Windows-TerminalServices-RemoteConnectionManager/Operational,129,4,,,,,,,
2026-03-28T00:19:45.430058Z,263,dc.danglingtree.htb,Microsoft-Windows-TerminalServices-RemoteConnectionManager,Microsoft-Windows-TerminalServices-RemoteConnectionManager/Operational,130,4,,,,,,,
2026-03-28T00:19:45.434115Z,20524,dc.danglingtree.htb,Microsoft-Windows-TerminalServices-RemoteConnectionManager,Microsoft-Windows-TerminalServices-RemoteConnectionManager/Operational,131,4,,,,,,,
2026-03-28T00:19:45.438582Z,263,dc.danglingtree.htb,Microsoft-Windows-TerminalServices-RemoteConnectionManager,Microsoft-Windows-TerminalServices-RemoteConnectionManager/Operational,132,4,,,,,,,
2026-03-28T00:19:45.445427Z,263,dc.danglingtree.htb,Microsoft-Windows-TerminalServices-RemoteConnectionManager,Microsoft-Windows-TerminalServices-RemoteConnectionManager/Operational,133,4,,,,,,,
2026-03-28T00:19:45.452908Z,263,dc.danglingtree.htb,Microsoft-Windows-TerminalServices-RemoteConnectionManager,Microsoft-Windows-TerminalServices-RemoteConnectionManager/Operational,134,4,,,,,,,
2026-03-28T00:25:41.502535Z,263,dc.danglingtree.htb,Microsoft-Windows-TerminalServices-RemoteConnectionManager,Microsoft-Windows-TerminalServices-RemoteConnectionManager/Operational,135,4,,,,,,,
2026-03-28T00:25:41.524600Z,20523,dc.danglingtree.htb,Microsoft-Windows-TerminalServices-RemoteConnectionManager,Microsoft-Windows-TerminalServices-RemoteConnectionManager/Operational,136,4,5828227C-20CF-4408-B73F-73AB70B8849F,RDP-Tcp,,,,Event_NS,
2026-03-28T00:25:41.649168Z,258,dc.danglingtree.htb,Microsoft-Windows-TerminalServices-RemoteConnectionManager,Microsoft-Windows-TerminalServices-RemoteConnectionManager/Operational,137,4,,,,,,Event_NS,RDP-Tcp
2026-03-28T00:25:41.772034Z,263,dc.danglingtree.htb,Microsoft-Windows-TerminalServices-RemoteConnectionManager,Microsoft-Windows-TerminalServices-RemoteConnectionManager/Operational,138,4,,,,,,,
2026-03-28T00:25:41.775303Z,263,dc.danglingtree.htb,Microsoft-Windows-TerminalServices-RemoteConnectionManager,Microsoft-Windows-TerminalServices-RemoteConnectionManager/Operational,139,4,,,,,,,
2026-03-28T00:25:41.780033Z,1136,dc.danglingtree.htb,Microsoft-Windows-TerminalServices-RemoteConnectionManager,Microsoft-Windows-TerminalServices-RemoteConnectionManager/Operational,140,4,,,,,,,
2026-03-28T00:25:41.803028Z,20524,dc.danglingtree.htb,Microsoft-Windows-TerminalServices-RemoteConnectionManager,Microsoft-Windows-TerminalServices-RemoteConnectionManager/Operational,141,4,,,,,,,
2026-03-28T00:25:41.804980Z,263,dc.danglingtree.htb,Microsoft-Windows-TerminalServices-RemoteConnectionManager,Microsoft-Windows-TerminalServices-RemoteConnectionManager/Operational,142,4,,,,,,,
2026-03-28T00:25:41.814491Z,263,dc.danglingtree.htb,Microsoft-Windows-TerminalServices-RemoteConnectionManager,Microsoft-Windows-TerminalServices-RemoteConnectionManager/Operational,143,4,,,,,,,
2026-03-28T00:25:41.842765Z,263,dc.danglingtree.htb,Microsoft-Windows-TerminalServices-RemoteConnectionManager,Microsoft-Windows-TerminalServices-RemoteConnectionManager/Operational,144,4,,,,,,,
2026-03-28T00:35:55.996560Z,263,dc.danglingtree.htb,Microsoft-Windows-TerminalServices-RemoteConnectionManager,Microsoft-Windows-TerminalServices-RemoteConnectionManager/Operational,145,4,,,,,,,
2026-03-28T00:35:56.015923Z,20523,dc.danglingtree.htb,Microsoft-Windows-TerminalServices-RemoteConnectionManager,Microsoft-Windows-TerminalServices-RemoteConnectionManager/Operational,146,4,5828227C-20CF-4408-B73F-73AB70B8849F,RDP-Tcp,,,,Event_NS,
2026-03-28T00:35:56.150144Z,258,dc.danglingtree.htb,Microsoft-Windows-TerminalServices-RemoteConnectionManager,Microsoft-Windows-TerminalServices-RemoteConnectionManager/Operational,147,4,,,,,,Event_NS,RDP-Tcp
2026-03-28T00:35:56.348569Z,263,dc.danglingtree.htb,Microsoft-Windows-TerminalServices-RemoteConnectionManager,Microsoft-Windows-TerminalServices-RemoteConnectionManager/Operational,148,4,,,,,,,
2026-03-28T00:35:56.365494Z,263,dc.danglingtree.htb,Microsoft-Windows-TerminalServices-RemoteConnectionManager,Microsoft-Windows-TerminalServices-RemoteConnectionManager/Operational,149,4,,,,,,,
2026-03-28T00:35:56.366504Z,1136,dc.danglingtree.htb,Microsoft-Windows-TerminalServices-RemoteConnectionManager,Microsoft-Windows-TerminalServices-RemoteConnectionManager/Operational,150,4,,,,,,,
2026-03-28T00:35:56.378812Z,263,dc.danglingtree.htb,Microsoft-Windows-TerminalServices-RemoteConnectionManager,Microsoft-Windows-TerminalServices-RemoteConnectionManager/Operational,151,4,,,,,,,
2026-03-28T00:35:56.380397Z,20524,dc.danglingtree.htb,Microsoft-Windows-TerminalServices-RemoteConnectionManager,Microsoft-Windows-TerminalServices-RemoteConnectionManager/Operational,152,4,,,,,,,
2026-03-28T00:35:56.384360Z,263,dc.danglingtree.htb,Microsoft-Windows-TerminalServices-RemoteConnectionManager,Microsoft-Windows-TerminalServices-RemoteConnectionManager/Operational,153,4,,,,,,,
2026-03-28T00:35:56.405819Z,263,dc.danglingtree.htb,Microsoft-Windows-TerminalServices-RemoteConnectionManager,Microsoft-Windows-TerminalServices-RemoteConnectionManager/Operational,154,4,,,,,,,
2026-03-28T00:43:05.524927Z,261,dc.danglingtree.htb,Microsoft-Windows-TerminalServices-RemoteConnectionManager,Microsoft-Windows-TerminalServices-RemoteConnectionManager/Operational,155,4,,,,,,Event_NS,RDP-Tcp
2026-03-28T00:43:10.511826Z,261,dc.danglingtree.htb,Microsoft-Windows-TerminalServices-RemoteConnectionManager,Microsoft-Windows-TerminalServices-RemoteConnectionManager/Operational,156,4,,,,,,Event_NS,RDP-Tcp
2026-03-28T00:48:26.226485Z,263,dc.danglingtree.htb,Microsoft-Windows-TerminalServices-RemoteConnectionManager,Microsoft-Windows-TerminalServices-RemoteConnectionManager/Operational,157,4,,,,,,,
2026-03-28T00:53:05.830391Z,263,dc.danglingtree.htb,Microsoft-Windows-TerminalServices-RemoteConnectionManager,Microsoft-Windows-TerminalServices-RemoteConnectionManager/Operational,158,4,,,,,,,
2026-03-28T00:53:05.850258Z,20523,dc.danglingtree.htb,Microsoft-Windows-TerminalServices-RemoteConnectionManager,Microsoft-Windows-TerminalServices-RemoteConnectionManager/Operational,159,4,5828227C-20CF-4408-B73F-73AB70B8849F,RDP-Tcp,,,,Event_NS,
2026-03-28T00:53:05.947012Z,258,dc.danglingtree.htb,Microsoft-Windows-TerminalServices-RemoteConnectionManager,Microsoft-Windows-TerminalServices-RemoteConnectionManager/Operational,160,4,,,,,,Event_NS,RDP-Tcp
2026-03-28T00:53:06.113992Z,263,dc.danglingtree.htb,Microsoft-Windows-TerminalServices-RemoteConnectionManager,Microsoft-Windows-TerminalServices-RemoteConnectionManager/Operational,161,4,,,,,,,
2026-03-28T00:53:06.117096Z,1136,dc.danglingtree.htb,Microsoft-Windows-TerminalServices-RemoteConnectionManager,Microsoft-Windows-TerminalServices-RemoteConnectionManager/Operational,162,4,,,,,,,
2026-03-28T00:53:06.122078Z,263,dc.danglingtree.htb,Microsoft-Windows-TerminalServices-RemoteConnectionManager,Microsoft-Windows-TerminalServices-RemoteConnectionManager/Operational,163,4,,,,,,,
2026-03-28T00:53:06.127786Z,263,dc.danglingtree.htb,Microsoft-Windows-TerminalServices-RemoteConnectionManager,Microsoft-Windows-TerminalServices-RemoteConnectionManager/Operational,164,4,,,,,,,
2026-03-28T00:53:06.137330Z,20524,dc.danglingtree.htb,Microsoft-Windows-TerminalServices-RemoteConnectionManager,Microsoft-Windows-TerminalServices-RemoteConnectionManager/Operational,165,4,,,,,,,
2026-03-28T00:53:06.137369Z,263,dc.danglingtree.htb,Microsoft-Windows-TerminalServices-RemoteConnectionManager,Microsoft-Windows-TerminalServices-RemoteConnectionManager/Operational,166,4,,,,,,,
2026-03-28T00:53:06.139938Z,263,dc.danglingtree.htb,Microsoft-Windows-TerminalServices-RemoteConnectionManager,Microsoft-Windows-TerminalServices-RemoteConnectionManager/Operational,167,4,,,,,,,
2026-03-28T00:54:13.063144Z,263,dc.danglingtree.htb,Microsoft-Windows-TerminalServices-RemoteConnectionManager,Microsoft-Windows-TerminalServices-RemoteConnectionManager/Operational,168,4,,,,,,,
2026-03-28T00:56:47.067930Z,263,dc.danglingtree.htb,Microsoft-Windows-TerminalServices-RemoteConnectionManager,Microsoft-Windows-TerminalServices-RemoteConnectionManager/Operational,169,4,,,,,,,
2026-03-28T00:56:47.094176Z,20523,dc.danglingtree.htb,Microsoft-Windows-TerminalServices-RemoteConnectionManager,Microsoft-Windows-TerminalServices-RemoteConnectionManager/Operational,170,4,5828227C-20CF-4408-B73F-73AB70B8849F,RDP-Tcp,,,,Event_NS,
2026-03-28T00:56:47.209048Z,258,dc.danglingtree.htb,Microsoft-Windows-TerminalServices-RemoteConnectionManager,Microsoft-Windows-TerminalServices-RemoteConnectionManager/Operational,171,4,,,,,,Event_NS,RDP-Tcp
2026-03-28T00:56:47.345078Z,263,dc.danglingtree.htb,Microsoft-Windows-TerminalServices-RemoteConnectionManager,Microsoft-Windows-TerminalServices-RemoteConnectionManager/Operational,172,4,,,,,,,
2026-03-28T00:56:47.346409Z,1136,dc.danglingtree.htb,Microsoft-Windows-TerminalServices-RemoteConnectionManager,Microsoft-Windows-TerminalServices-RemoteConnectionManager/Operational,173,4,,,,,,,
2026-03-28T00:56:47.363619Z,263,dc.danglingtree.htb,Microsoft-Windows-TerminalServices-RemoteConnectionManager,Microsoft-Windows-TerminalServices-RemoteConnectionManager/Operational,174,4,,,,,,,
2026-03-28T00:56:47.369565Z,263,dc.danglingtree.htb,Microsoft-Windows-TerminalServices-RemoteConnectionManager,Microsoft-Windows-TerminalServices-RemoteConnectionManager/Operational,175,4,,,,,,,
2026-03-28T00:56:47.373935Z,20524,dc.danglingtree.htb,Microsoft-Windows-TerminalServices-RemoteConnectionManager,Microsoft-Windows-TerminalServices-RemoteConnectionManager/Operational,176,4,,,,,,,
2026-03-28T00:56:47.375991Z,263,dc.danglingtree.htb,Microsoft-Windows-TerminalServices-RemoteConnectionManager,Microsoft-Windows-TerminalServices-RemoteConnectionManager/Operational,177,4,,,,,,,
2026-03-28T00:56:47.388892Z,263,dc.danglingtree.htb,Microsoft-Windows-TerminalServices-RemoteConnectionManager,Microsoft-Windows-TerminalServices-RemoteConnectionManager/Operational,178,4,,,,,,,
2026-03-28T00:57:45.232977Z,263,dc.danglingtree.htb,Microsoft-Windows-TerminalServices-RemoteConnectionManager,Microsoft-Windows-TerminalServices-RemoteConnectionManager/Operational,179,4,,,,,,,
2026-03-28T01:05:55.484711Z,263,dc.danglingtree.htb,Microsoft-Windows-TerminalServices-RemoteConnectionManager,Microsoft-Windows-TerminalServices-RemoteConnectionManager/Operational,180,4,,,,,,,
2026-03-28T01:05:55.514396Z,20523,dc.danglingtree.htb,Microsoft-Windows-TerminalServices-RemoteConnectionManager,Microsoft-Windows-TerminalServices-RemoteConnectionManager/Operational,181,4,5828227C-20CF-4408-B73F-73AB70B8849F,RDP-Tcp,,,,Event_NS,
2026-03-28T01:05:55.645000Z,258,dc.danglingtree.htb,Microsoft-Windows-TerminalServices-RemoteConnectionManager,Microsoft-Windows-TerminalServices-RemoteConnectionManager/Operational,182,4,,,,,,Event_NS,RDP-Tcp
2026-03-28T01:05:55.794243Z,263,dc.danglingtree.htb,Microsoft-Windows-TerminalServices-RemoteConnectionManager,Microsoft-Windows-TerminalServices-RemoteConnectionManager/Operational,183,4,,,,,,,
2026-03-28T01:05:55.797016Z,1136,dc.danglingtree.htb,Microsoft-Windows-TerminalServices-RemoteConnectionManager,Microsoft-Windows-TerminalServices-RemoteConnectionManager/Operational,184,4,,,,,,,
2026-03-28T01:05:55.807210Z,263,dc.danglingtree.htb,Microsoft-Windows-TerminalServices-RemoteConnectionManager,Microsoft-Windows-TerminalServices-RemoteConnectionManager/Operational,185,4,,,,,,,
2026-03-28T01:05:55.819926Z,263,dc.danglingtree.htb,Microsoft-Windows-TerminalServices-RemoteConnectionManager,Microsoft-Windows-TerminalServices-RemoteConnectionManager/Operational,186,4,,,,,,,
2026-03-28T01:05:55.840954Z,20524,dc.danglingtree.htb,Microsoft-Windows-TerminalServices-RemoteConnectionManager,Microsoft-Windows-TerminalServices-RemoteConnectionManager/Operational,187,4,,,,,,,
2026-03-28T01:05:55.842677Z,263,dc.danglingtree.htb,Microsoft-Windows-TerminalServices-RemoteConnectionManager,Microsoft-Windows-TerminalServices-RemoteConnectionManager/Operational,188,4,,,,,,,
2026-03-28T01:05:55.853556Z,263,dc.danglingtree.htb,Microsoft-Windows-TerminalServices-RemoteConnectionManager,Microsoft-Windows-TerminalServices-RemoteConnectionManager/Operational,189,4,,,,,,,
2026-03-28T01:08:11.267155Z,263,dc.danglingtree.htb,Microsoft-Windows-TerminalServices-RemoteConnectionManager,Microsoft-Windows-TerminalServices-RemoteConnectionManager/Operational,190,4,,,,,,,
2026-03-28T01:08:11.312325Z,20523,dc.danglingtree.htb,Microsoft-Windows-TerminalServices-RemoteConnectionManager,Microsoft-Windows-TerminalServices-RemoteConnectionManager/Operational,191,4,5828227C-20CF-4408-B73F-73AB70B8849F,RDP-Tcp,,,,Event_NS,
2026-03-28T01:08:11.570654Z,258,dc.danglingtree.htb,Microsoft-Windows-TerminalServices-RemoteConnectionManager,Microsoft-Windows-TerminalServices-RemoteConnectionManager/Operational,192,4,,,,,,Event_NS,RDP-Tcp
2026-03-28T01:08:11.814572Z,263,dc.danglingtree.htb,Microsoft-Windows-TerminalServices-RemoteConnectionManager,Microsoft-Windows-TerminalServices-RemoteConnectionManager/Operational,193,4,,,,,,,
2026-03-28T01:08:11.820946Z,1136,dc.danglingtree.htb,Microsoft-Windows-TerminalServices-RemoteConnectionManager,Microsoft-Windows-TerminalServices-RemoteConnectionManager/Operational,194,4,,,,,,,
2026-03-28T01:08:11.838778Z,20524,dc.danglingtree.htb,Microsoft-Windows-TerminalServices-RemoteConnectionManager,Microsoft-Windows-TerminalServices-RemoteConnectionManager/Operational,195,4,,,,,,,
2026-03-28T01:08:11.839733Z,263,dc.danglingtree.htb,Microsoft-Windows-TerminalServices-RemoteConnectionManager,Microsoft-Windows-TerminalServices-RemoteConnectionManager/Operational,196,4,,,,,,,
2026-03-28T01:08:11.845315Z,263,dc.danglingtree.htb,Microsoft-Windows-TerminalServices-RemoteConnectionManager,Microsoft-Windows-TerminalServices-RemoteConnectionManager/Operational,197,4,,,,,,,
2026-03-28T01:08:11.856644Z,263,dc.danglingtree.htb,Microsoft-Windows-TerminalServices-RemoteConnectionManager,Microsoft-Windows-TerminalServices-RemoteConnectionManager/Operational,198,4,,,,,,,
2026-03-28T01:08:11.864833Z,263,dc.danglingtree.htb,Microsoft-Windows-TerminalServices-RemoteConnectionManager,Microsoft-Windows-TerminalServices-RemoteConnectionManager/Operational,199,4,,,,,,,
2026-03-28T01:18:39.265807Z,261,dc.danglingtree.htb,Microsoft-Windows-TerminalServices-RemoteConnectionManager,Microsoft-Windows-TerminalServices-RemoteConnectionManager/Operational,200,4,,,,,,Event_NS,RDP-Tcp
2026-03-28T01:18:44.211428Z,261,dc.danglingtree.htb,Microsoft-Windows-TerminalServices-RemoteConnectionManager,Microsoft-Windows-TerminalServices-RemoteConnectionManager/Operational,201,4,,,,,,Event_NS,RDP-Tcp
2026-04-04T23:29:14.214287Z,263,dc.danglingtree.htb,Microsoft-Windows-TerminalServices-RemoteConnectionManager,Microsoft-Windows-TerminalServices-RemoteConnectionManager/Operational,202,4,,,,,,,
2026-04-04T23:29:14.240980Z,20523,dc.danglingtree.htb,Microsoft-Windows-TerminalServices-RemoteConnectionManager,Microsoft-Windows-TerminalServices-RemoteConnectionManager/Operational,203,4,5828227C-20CF-4408-B73F-73AB70B8849F,RDP-Tcp,,,,Event_NS,
2026-04-04T23:29:14.410368Z,258,dc.danglingtree.htb,Microsoft-Windows-TerminalServices-RemoteConnectionManager,Microsoft-Windows-TerminalServices-RemoteConnectionManager/Operational,204,4,,,,,,Event_NS,RDP-Tcp
2026-04-04T23:29:14.555287Z,263,dc.danglingtree.htb,Microsoft-Windows-TerminalServices-RemoteConnectionManager,Microsoft-Windows-TerminalServices-RemoteConnectionManager/Operational,205,4,,,,,,,
2026-04-04T23:29:14.558170Z,263,dc.danglingtree.htb,Microsoft-Windows-TerminalServices-RemoteConnectionManager,Microsoft-Windows-TerminalServices-RemoteConnectionManager/Operational,206,4,,,,,,,
2026-04-04T23:29:14.560043Z,263,dc.danglingtree.htb,Microsoft-Windows-TerminalServices-RemoteConnectionManager,Microsoft-Windows-TerminalServices-RemoteConnectionManager/Operational,207,4,,,,,,,
2026-04-04T23:29:14.567487Z,1136,dc.danglingtree.htb,Microsoft-Windows-TerminalServices-RemoteConnectionManager,Microsoft-Windows-TerminalServices-RemoteConnectionManager/Operational,208,4,,,,,,,
2026-04-04T23:29:14.579844Z,263,dc.danglingtree.htb,Microsoft-Windows-TerminalServices-RemoteConnectionManager,Microsoft-Windows-TerminalServices-RemoteConnectionManager/Operational,209,4,,,,,,,
2026-04-04T23:29:14.598635Z,263,dc.danglingtree.htb,Microsoft-Windows-TerminalServices-RemoteConnectionManager,Microsoft-Windows-TerminalServices-RemoteConnectionManager/Operational,210,4,,,,,,,
2026-04-04T23:29:14.601777Z,20524,dc.danglingtree.htb,Microsoft-Windows-TerminalServices-RemoteConnectionManager,Microsoft-Windows-TerminalServices-RemoteConnectionManager/Operational,211,4,,,,,,,
2026-04-04T23:29:45.935536Z,263,dc.danglingtree.htb,Microsoft-Windows-TerminalServices-RemoteConnectionManager,Microsoft-Windows-TerminalServices-RemoteConnectionManager/Operational,212,4,,,,,,,
2026-04-04T23:29:59.931777Z,263,dc.danglingtree.htb,Microsoft-Windows-TerminalServices-RemoteConnectionManager,Microsoft-Windows-TerminalServices-RemoteConnectionManager/Operational,213,4,,,,,,,
2026-04-04T23:47:39.514626Z,263,dc.danglingtree.htb,Microsoft-Windows-TerminalServices-RemoteConnectionManager,Microsoft-Windows-TerminalServices-RemoteConnectionManager/Operational,214,4,,,,,,,
2026-04-04T23:47:39.539563Z,20523,dc.danglingtree.htb,Microsoft-Windows-TerminalServices-RemoteConnectionManager,Microsoft-Windows-TerminalServices-RemoteConnectionManager/Operational,215,4,5828227C-20CF-4408-B73F-73AB70B8849F,RDP-Tcp,,,,Event_NS,
2026-04-04T23:47:39.696488Z,258,dc.danglingtree.htb,Microsoft-Windows-TerminalServices-RemoteConnectionManager,Microsoft-Windows-TerminalServices-RemoteConnectionManager/Operational,216,4,,,,,,Event_NS,RDP-Tcp
2026-04-04T23:47:39.905198Z,263,dc.danglingtree.htb,Microsoft-Windows-TerminalServices-RemoteConnectionManager,Microsoft-Windows-TerminalServices-RemoteConnectionManager/Operational,217,4,,,,,,,
2026-04-04T23:47:39.919187Z,1136,dc.danglingtree.htb,Microsoft-Windows-TerminalServices-RemoteConnectionManager,Microsoft-Windows-TerminalServices-RemoteConnectionManager/Operational,218,4,,,,,,,
2026-04-04T23:47:39.927486Z,263,dc.danglingtree.htb,Microsoft-Windows-TerminalServices-RemoteConnectionManager,Microsoft-Windows-TerminalServices-RemoteConnectionManager/Operational,219,4,,,,,,,
2026-04-04T23:47:39.938899Z,263,dc.danglingtree.htb,Microsoft-Windows-TerminalServices-RemoteConnectionManager,Microsoft-Windows-TerminalServices-RemoteConnectionManager/Operational,220,4,,,,,,,
2026-04-04T23:47:39.941851Z,20524,dc.danglingtree.htb,Microsoft-Windows-TerminalServices-RemoteConnectionManager,Microsoft-Windows-TerminalServices-RemoteConnectionManager/Operational,221,4,,,,,,,
2026-04-04T23:47:39.947855Z,263,dc.danglingtree.htb,Microsoft-Windows-TerminalServices-RemoteConnectionManager,Microsoft-Windows-TerminalServices-RemoteConnectionManager/Operational,222,4,,,,,,,
2026-04-04T23:47:39.956261Z,263,dc.danglingtree.htb,Microsoft-Windows-TerminalServices-RemoteConnectionManager,Microsoft-Windows-TerminalServices-RemoteConnectionManager/Operational,223,4,,,,,,,
2026-04-04T23:48:31.283924Z,263,dc.danglingtree.htb,Microsoft-Windows-TerminalServices-RemoteConnectionManager,Microsoft-Windows-TerminalServices-RemoteConnectionManager/Operational,224,4,,,,,,,
2026-04-05T00:52:19.847072Z,263,dc.danglingtree.htb,Microsoft-Windows-TerminalServices-RemoteConnectionManager,Microsoft-Windows-TerminalServices-RemoteConnectionManager/Operational,225,4,,,,,,,
2026-04-05T00:52:19.867048Z,20523,dc.danglingtree.htb,Microsoft-Windows-TerminalServices-RemoteConnectionManager,Microsoft-Windows-TerminalServices-RemoteConnectionManager/Operational,226,4,5828227C-20CF-4408-B73F-73AB70B8849F,RDP-Tcp,,,,Event_NS,
2026-04-05T00:52:19.972031Z,258,dc.danglingtree.htb,Microsoft-Windows-TerminalServices-RemoteConnectionManager,Microsoft-Windows-TerminalServices-RemoteConnectionManager/Operational,227,4,,,,,,Event_NS,RDP-Tcp
2026-04-05T00:52:20.136901Z,263,dc.danglingtree.htb,Microsoft-Windows-TerminalServices-RemoteConnectionManager,Microsoft-Windows-TerminalServices-RemoteConnectionManager/Operational,228,4,,,,,,,
2026-04-05T00:52:20.147510Z,1136,dc.danglingtree.htb,Microsoft-Windows-TerminalServices-RemoteConnectionManager,Microsoft-Windows-TerminalServices-RemoteConnectionManager/Operational,229,4,,,,,,,
2026-04-05T00:52:20.163351Z,263,dc.danglingtree.htb,Microsoft-Windows-TerminalServices-RemoteConnectionManager,Microsoft-Windows-TerminalServices-RemoteConnectionManager/Operational,230,4,,,,,,,
2026-04-05T00:52:20.177770Z,263,dc.danglingtree.htb,Microsoft-Windows-TerminalServices-RemoteConnectionManager,Microsoft-Windows-TerminalServices-RemoteConnectionManager/Operational,231,4,,,,,,,
2026-04-05T00:52:20.191901Z,20524,dc.danglingtree.htb,Microsoft-Windows-TerminalServices-RemoteConnectionManager,Microsoft-Windows-TerminalServices-RemoteConnectionManager/Operational,232,4,,,,,,,
2026-04-05T00:52:20.201905Z,263,dc.danglingtree.htb,Microsoft-Windows-TerminalServices-RemoteConnectionManager,Microsoft-Windows-TerminalServices-RemoteConnectionManager/Operational,233,4,,,,,,,
2026-04-05T00:52:20.209432Z,263,dc.danglingtree.htb,Microsoft-Windows-TerminalServices-RemoteConnectionManager,Microsoft-Windows-TerminalServices-RemoteConnectionManager/Operational,234,4,,,,,,,
2026-04-05T01:01:57.855056Z,263,dc.danglingtree.htb,Microsoft-Windows-TerminalServices-RemoteConnectionManager,Microsoft-Windows-TerminalServices-RemoteConnectionManager/Operational,235,4,,,,,,,
2026-04-05T01:01:57.876683Z,20523,dc.danglingtree.htb,Microsoft-Windows-TerminalServices-RemoteConnectionManager,Microsoft-Windows-TerminalServices-RemoteConnectionManager/Operational,236,4,5828227C-20CF-4408-B73F-73AB70B8849F,RDP-Tcp,,,,Event_NS,
2026-04-05T01:01:57.980155Z,258,dc.danglingtree.htb,Microsoft-Windows-TerminalServices-RemoteConnectionManager,Microsoft-Windows-TerminalServices-RemoteConnectionManager/Operational,237,4,,,,,,Event_NS,RDP-Tcp
2026-04-05T01:01:58.117611Z,263,dc.danglingtree.htb,Microsoft-Windows-TerminalServices-RemoteConnectionManager,Microsoft-Windows-TerminalServices-RemoteConnectionManager/Operational,238,4,,,,,,,
2026-04-05T01:01:58.120310Z,263,dc.danglingtree.htb,Microsoft-Windows-TerminalServices-RemoteConnectionManager,Microsoft-Windows-TerminalServices-RemoteConnectionManager/Operational,239,4,,,,,,,
2026-04-05T01:01:58.127917Z,263,dc.danglingtree.htb,Microsoft-Windows-TerminalServices-RemoteConnectionManager,Microsoft-Windows-TerminalServices-RemoteConnectionManager/Operational,240,4,,,,,,,
2026-04-05T01:01:58.129440Z,1136,dc.danglingtree.htb,Microsoft-Windows-TerminalServices-RemoteConnectionManager,Microsoft-Windows-TerminalServices-RemoteConnectionManager/Operational,241,4,,,,,,,
2026-04-05T01:01:58.134180Z,263,dc.danglingtree.htb,Microsoft-Windows-TerminalServices-RemoteConnectionManager,Microsoft-Windows-TerminalServices-RemoteConnectionManager/Operational,242,4,,,,,,,
2026-04-05T01:01:58.137887Z,263,dc.danglingtree.htb,Microsoft-Windows-TerminalServices-RemoteConnectionManager,Microsoft-Windows-TerminalServices-RemoteConnectionManager/Operational,243,4,,,,,,,
2026-04-05T01:01:58.145454Z,20524,dc.danglingtree.htb,Microsoft-Windows-TerminalServices-RemoteConnectionManager,Microsoft-Windows-TerminalServices-RemoteConnectionManager/Operational,244,4,,,,,,,
2026-04-05T01:11:36.393652Z,261,dc.danglingtree.htb,Microsoft-Windows-TerminalServices-RemoteConnectionManager,Microsoft-Windows-TerminalServices-RemoteConnectionManager/Operational,245,4,,,,,,Event_NS,RDP-Tcp
