2026-03-27T08:04:40.402236Z,"{'#attributes': {'Qualifiers': 16384}, '#text': 16384}",dc.danglingtree.htb,Microsoft-Windows-Security-SPP,Application,629,4,,,,,,,,,,,,,,,,,,,,,,,,2026-08-23T06:39:40Z,RulesEngine,,,,,,,,,,,,,,,,,,,,,,,,,,,,,,,,,,,,,,,,,,,,,,,,,,,,,,,,,,,,,,,,,,,,,,,,,,,,,,,,,,,,,,,
2026-03-27T08:04:46.660635Z,"{'#attributes': {'Qualifiers': 0}, '#text': 0}",dc.danglingtree.htb,edgeupdate,Application,630,4,,,,,,,,,,,,,,,,,,,,,,,Service stopped,,,,,,,,,,,,,,,,,,,,,,,,,,,,,,,,,,,,,,,,,,,,,,,,,,,,,,,,,,,,,,,,,,,,,,,,,,,,,,,,,,,,,,,,,
2026-03-27T08:06:17.754548Z,"{'#attributes': {'Qualifiers': 0}, '#text': 102}",dc.danglingtree.htb,ESENT,Application,631,4,,,,,,,,,,,,,,,,,,,,,,,,svchost,"4752,P,98,0",DS_Token_DB: ,0,10,00,26100,0000,,,,,,,,,,,,,,,,,,,,,,,,,,,,,,,,,,,,,,,,,,,,,,,,,,,,,,,,,,,,,,,,,,,,,,,,,,,,,,,,,
2026-03-27T08:06:17.766081Z,"{'#attributes': {'Qualifiers': 0}, '#text': 105}",dc.danglingtree.htb,ESENT,Application,632,4,,,,,,,,,,,,,,,,,,,,,,,,svchost,"4752,D,0,0",DS_Token_DB: ,0,0.015,"
[1] 0.001175 +J(0) +M(C:0K, Fs:183, WS:716K # 716K, PF:3488K # 3488K, P:3488K)
[2] 0.000390 +J(0) +M(C:8K, Fs:179, WS:712K # 712K, PF:328K # 328K, P:328K)
[3] 0.000020 +J(0) +M(C:0K, Fs:2, WS:4K # 4K, PF:68K # 68K, P:68K)
[4] 0.000355 -0.000026 (1) WT +J(0) +M(C:0K, Fs:37, WS:148K # 148K, PF:172K # 172K, P:172K)
[5] 0.001106 +J(0) +M(C:0K, Fs:11, WS:44K # 44K, PF:20K # 20K, P:20K)
[6] 0.001747 +J(0) +M(C:0K, Fs:34, WS:132K # 132K, PF:16K # 16K, P:16K)
[7] -
[8] -
[9] -
[10] -
[11] -
[12] -
[13] 0.007556 -0.000513 (4) WT +J(CM:0, PgRf:0, Rd:0/0, Dy:0/0, Lg:616/1) +M(C:0K, Fs:102, WS:344K # 380K, PF:20K # 80K, P:20K)
[14] 0.000010 +J(0) +M(C:0K, Fs:1, WS:4K # 0K, PF:0K # 0K, P:0K)
[15] 0.000029 +J(0) +M(C:0K, Fs:17, WS:68K # 36K, PF:64K # 4K, P:64K)
[16] 0.002439 -0.000118 (3) WT +J(0) +M(C:0K, Fs:3, WS:4K # 8K, PF:0K # 4K, P:0K).","RBSOn = 0
",,,,,,,,,,,,,,,,,,,,,,,,,,,,,,,,,,,,,,,,,,,,,,,,,,,,,,,,,,,,,,,,,,,,,,,,,,,,,,,,,,
2026-03-27T08:06:17.809734Z,"{'#attributes': {'Qualifiers': 0}, '#text': 325}",dc.danglingtree.htb,ESENT,Application,633,4,,,,,,,,,,,,,,,,,,,,,,,,svchost,"4752,D,35,0",DS_Token_DB: ,1,C:\WINDOWS\system32\config\systemprofile\AppData\Local\DataSharing\Storage\DSTokenDB2.dat,0,"
[1] 0.000260 +J(0) +M(C:0K, Fs:2, WS:8K # 8K, PF:4K # 4K, P:4K)
[2] 0.000731 -0.000108 (1) WT +J(CM:0, PgRf:0, Rd:0/0, Dy:0/0, Lg:3480/2) +M(C:0K, Fs:2, WS:8K # 8K, PF:0K # 0K, P:0K)
[3] 0.004533 -0.000005 (3) WT +J(0) +M(C:0K, Fs:11, WS:40K # 44K, PF:24K # 28K, P:24K)
[4] 0.010013 -0.008528 (1) WT +J(0) +M(C:0K, Fs:60, WS:240K # 236K, PF:104K # 100K, P:104K)
[5] 0.001645 -0.000625 (3) WT +J(CM:0, PgRf:3, Rd:0/0, Dy:3/6, Lg:122/4) +M(C:8K, Fs:55, WS:216K # 216K, PF:164K # 168K, P:164K)
[6] 0.002720 -0.000596 (1) WT +J(CM:0, PgRf:259, Rd:0/0, Dy:16/440, Lg:28550/479) +M(C:52K, Fs:113, WS:444K # 444K, PF:628K # 628K, P:628K)
[7] 0.000689 -0.000194 (3) WT +J(CM:0, PgRf:0, Rd:0/0, Dy:0/0, Lg:4096/3) +M(C:0K, Fs:5, WS:16K # 16K, PF:0K # 0K, P:0K)
[8] 0.000002 +J(0)
[9] 0.000997 -0.000505 (3) WT +J(0) +M(C:0K, Fs:1, WS:0K # 4K, PF:0K # 0K, P:0K)
[10] 0.020627 -0.005592 (32) CM -0.011400 (47) WT +J(CM:32, PgRf:428, Rd:0/32, Dy:11/105, Lg:17039/155) +M(C:-8K, Fs:58, WS:196K # 196K, PF:88K # 88K, P:88K)
[11] 0.000003 +J(0).",0 0,"lgposCreate = 00000001:0001:0268,
dbv = 1568.300.620 (9620)",,,,,,,,,,,,,,,,,,,,,,,,,,,,,,,,,,,,,,,,,,,,,,,,,,,,,,,,,,,,,,,,,,,,,,,,,,,,,,,,
2026-03-27T08:08:26.429227Z,"{'#attributes': {'Qualifiers': 0}, '#text': 258}",dc.danglingtree.htb,Microsoft-Windows-Defrag,Application,634,0,,,,,,,,,,00000000ED010000A00100000000000022B651A2296BEDD85E9C8D030000000000000000,,,,,,,,,,,,,,defragmentation,(C:),,,,,,,,,,,,,,,,,,,,,,,,,,,,,,,,,,,,,,,,,,,,,,,,,,,,,,,,,,,,,,,,,,,,,,,,,,,,,,,,,,,,,,,
2026-03-27T08:09:09.421931Z,"{'#attributes': {'Qualifiers': 49152}, '#text': 16394}",dc.danglingtree.htb,Microsoft-Windows-Security-SPP,Application,635,4,,,,,,,,,,,,,,,,,,,,,,,,,,,,,,,,,,,,,,,,,,,,,,,,,,,,,,,,,,,,,,,,,,,,,,,,,,,,,,,,,,,,,,,,,,,,,,,,,,,,,,,,,,,,,,,,
2026-03-27T08:09:17.786147Z,"{'#attributes': {'Qualifiers': 0}, '#text': 8224}",dc.danglingtree.htb,VSS,Application,636,4,,,,,,,,,,2D20436F64653A2020434F525356434330303030303737322D2043616C6C3A2020434F525356434330303030303735342D205049443A202030303030323534342D205449443A202030303030303532382D20434D443A2020433A5C57494E444F57535C73797374656D33325C76737376632E6578652020202D20557365723A204E616D653A204E5420415554484F524954595C53595354454D2C205349443A532D312D352D313820,,,,,,,,,,,,,,,,,,,,,,,,,,,,,,,,,,,,,,,,,,,,,,,,,,,,,,,,,,,,,,,,,,,,,,,,,,,,,,,,,,,,,,,,,,,,,,,,,,,,,,
2026-03-27T08:10:46.119451Z,"{'#attributes': {'Qualifiers': 16384}, '#text': 16384}",dc.danglingtree.htb,Microsoft-Windows-Security-SPP,Application,637,4,,,,,,,,,,,,,,,,,,,,,,,,2026-08-23T06:39:46Z,RulesEngine,,,,,,,,,,,,,,,,,,,,,,,,,,,,,,,,,,,,,,,,,,,,,,,,,,,,,,,,,,,,,,,,,,,,,,,,,,,,,,,,,,,,,,,
2026-03-27T08:14:41.121371Z,"{'#attributes': {'Qualifiers': 49152}, '#text': 16394}",dc.danglingtree.htb,Microsoft-Windows-Security-SPP,Application,638,4,,,,,,,,,,,,,,,,,,,,,,,,,,,,,,,,,,,,,,,,,,,,,,,,,,,,,,,,,,,,,,,,,,,,,,,,,,,,,,,,,,,,,,,,,,,,,,,,,,,,,,,,,,,,,,,,
2026-03-27T08:15:11.411704Z,"{'#attributes': {'Qualifiers': 16384}, '#text': 16384}",dc.danglingtree.htb,Microsoft-Windows-Security-SPP,Application,639,4,,,,,,,,,,,,,,,,,,,,,,,,2026-08-23T06:40:11Z,RulesEngine,,,,,,,,,,,,,,,,,,,,,,,,,,,,,,,,,,,,,,,,,,,,,,,,,,,,,,,,,,,,,,,,,,,,,,,,,,,,,,,,,,,,,,,
2026-03-27T08:17:48.359138Z,"{'#attributes': {'Qualifiers': 49152}, '#text': 16394}",dc.danglingtree.htb,Microsoft-Windows-Security-SPP,Application,640,4,,,,,,,,,,,,,,,,,,,,,,,,,,,,,,,,,,,,,,,,,,,,,,,,,,,,,,,,,,,,,,,,,,,,,,,,,,,,,,,,,,,,,,,,,,,,,,,,,,,,,,,,,,,,,,,,
2026-03-27T08:18:18.591465Z,"{'#attributes': {'Qualifiers': 16384}, '#text': 16384}",dc.danglingtree.htb,Microsoft-Windows-Security-SPP,Application,641,4,,,,,,,,,,,,,,,,,,,,,,,,2026-08-23T06:40:18Z,RulesEngine,,,,,,,,,,,,,,,,,,,,,,,,,,,,,,,,,,,,,,,,,,,,,,,,,,,,,,,,,,,,,,,,,,,,,,,,,,,,,,,,,,,,,,,
2026-03-27T08:20:55.766802Z,"{'#attributes': {'Qualifiers': 49152}, '#text': 16394}",dc.danglingtree.htb,Microsoft-Windows-Security-SPP,Application,642,4,,,,,,,,,,,,,,,,,,,,,,,,,,,,,,,,,,,,,,,,,,,,,,,,,,,,,,,,,,,,,,,,,,,,,,,,,,,,,,,,,,,,,,,,,,,,,,,,,,,,,,,,,,,,,,,,
2026-03-27T08:21:26.062941Z,"{'#attributes': {'Qualifiers': 16384}, '#text': 16384}",dc.danglingtree.htb,Microsoft-Windows-Security-SPP,Application,643,4,,,,,,,,,,,,,,,,,,,,,,,,2026-08-23T06:40:26Z,RulesEngine,,,,,,,,,,,,,,,,,,,,,,,,,,,,,,,,,,,,,,,,,,,,,,,,,,,,,,,,,,,,,,,,,,,,,,,,,,,,,,,,,,,,,,,
2026-03-27T08:21:51.231542Z,"{'#attributes': {'Qualifiers': 0}, '#text': 0}",dc.danglingtree.htb,edgeupdate,Application,644,4,,,,,,,,,,,,,,,,,,,,,,,Service stopped,,,,,,,,,,,,,,,,,,,,,,,,,,,,,,,,,,,,,,,,,,,,,,,,,,,,,,,,,,,,,,,,,,,,,,,,,,,,,,,,,,,,,,,,,
2026-03-27T08:24:02.780497Z,"{'#attributes': {'Qualifiers': 49152}, '#text': 16394}",dc.danglingtree.htb,Microsoft-Windows-Security-SPP,Application,645,4,,,,,,,,,,,,,,,,,,,,,,,,,,,,,,,,,,,,,,,,,,,,,,,,,,,,,,,,,,,,,,,,,,,,,,,,,,,,,,,,,,,,,,,,,,,,,,,,,,,,,,,,,,,,,,,,
2026-03-27T08:24:33.117965Z,"{'#attributes': {'Qualifiers': 16384}, '#text': 16384}",dc.danglingtree.htb,Microsoft-Windows-Security-SPP,Application,646,4,,,,,,,,,,,,,,,,,,,,,,,,2026-08-23T06:39:33Z,RulesEngine,,,,,,,,,,,,,,,,,,,,,,,,,,,,,,,,,,,,,,,,,,,,,,,,,,,,,,,,,,,,,,,,,,,,,,,,,,,,,,,,,,,,,,,
2026-03-27T08:24:56.458218Z,"{'#attributes': {'Qualifiers': 49152}, '#text': 16394}",dc.danglingtree.htb,Microsoft-Windows-Security-SPP,Application,647,4,,,,,,,,,,,,,,,,,,,,,,,,,,,,,,,,,,,,,,,,,,,,,,,,,,,,,,,,,,,,,,,,,,,,,,,,,,,,,,,,,,,,,,,,,,,,,,,,,,,,,,,,,,,,,,,,
2026-03-27T08:25:26.750333Z,"{'#attributes': {'Qualifiers': 16384}, '#text': 16384}",dc.danglingtree.htb,Microsoft-Windows-Security-SPP,Application,648,4,,,,,,,,,,,,,,,,,,,,,,,,2026-08-23T06:40:26Z,RulesEngine,,,,,,,,,,,,,,,,,,,,,,,,,,,,,,,,,,,,,,,,,,,,,,,,,,,,,,,,,,,,,,,,,,,,,,,,,,,,,,,,,,,,,,,
2026-03-27T08:27:10.125267Z,"{'#attributes': {'Qualifiers': 49152}, '#text': 16394}",dc.danglingtree.htb,Microsoft-Windows-Security-SPP,Application,649,4,,,,,,,,,,,,,,,,,,,,,,,,,,,,,,,,,,,,,,,,,,,,,,,,,,,,,,,,,,,,,,,,,,,,,,,,,,,,,,,,,,,,,,,,,,,,,,,,,,,,,,,,,,,,,,,,
2026-03-27T08:27:40.438892Z,"{'#attributes': {'Qualifiers': 16384}, '#text': 16384}",dc.danglingtree.htb,Microsoft-Windows-Security-SPP,Application,650,4,,,,,,,,,,,,,,,,,,,,,,,,2026-08-23T06:39:40Z,RulesEngine,,,,,,,,,,,,,,,,,,,,,,,,,,,,,,,,,,,,,,,,,,,,,,,,,,,,,,,,,,,,,,,,,,,,,,,,,,,,,,,,,,,,,,,
2026-03-27T08:28:59.854465Z,1000,dc.danglingtree.htb,Application Error,Application,651,2,,mmc.exe,C:\WINDOWS\system32\mmc.exe,1865ebef,,10.0.26100.32230,,,,,,,,,,,,,,,,,,,,,,,,,,,,,,,,,c0000005,,000000000000602b,,,,4c2af429-541a-47f0-9124-c3290b0dda82,,,,dsuiext.dll,C:\WINDOWS\system32\dsuiext.dll,1cdcad27,10.0.26100.1150,,,,,,,,,,,,,,,,,,,,0x1dcbdbf89484bb5,0x18bc,,,,,,,,,,,,,,,,,,,,,,,,,,,,,,,,,,,,,,,
2026-03-27T08:29:01.177521Z,1001,dc.danglingtree.htb,Windows Error Reporting,Application,652,4,,,,,,,,,"
\\?\C:\ProgramData\Microsoft\Windows\WER\Temp\WER.99b886c8-e0e8-489a-a0d9-28654514a882.tmp.mdmp
\\?\C:\ProgramData\Microsoft\Windows\WER\Temp\WER.84a59963-a4f1-4aea-80ca-52fbcdde9735.tmp.WERInternalMetadata.xml
\\?\C:\ProgramData\Microsoft\Windows\WER\Temp\WER.2b2d82e4-8100-4a4d-a1fe-67005fb175d5.tmp.csv
\\?\C:\ProgramData\Microsoft\Windows\WER\Temp\WER.ce8b0763-44e1-4360-9cb5-be90b8f45d17.tmp.txt
\\?\C:\ProgramData\Microsoft\Windows\WER\Temp\WER.439bc349-79ca-47ec-ab9c-ee1cb4c83190.tmp.xml
\\?\C:\Users\Administrator\AppData\Local\Temp\WER.af501206-ea97-4c7f-bbb3-734c84137372.tmp.appcompat.txt
\\?\C:\ProgramData\Microsoft\Windows\WER\ReportQueue\AppCrash_mmc.exe_c785c1e2799bfe946cb6f099faac7058efaa6ad9_b676ff93_cab_9cdf66ab-fb64-47a7-a7ba-60679bad1335\memory.hdmp",,,0,,,,,,0,0,,,,,,,,,,,,,,,,,,,APPCRASH,,,,,,,,,,,,,,,,,,,mmc.exe,,10.0.26100.32230,1865ebef,dsuiext.dll,10.0.26100.1150,1cdcad27,c0000005,000000000000602b,,,,,,,,,,,0,,4c2af429-541a-47f0-9124-c3290b0dda82,4,,Not available,,,,,,\\?\C:\ProgramData\Microsoft\Windows\WER\ReportQueue\AppCrash_mmc.exe_c785c1e2799bfe946cb6f099faac7058efaa6ad9_b676ff93_cab_9cdf66ab-fb64-47a7-a7ba-60679bad1335,,,,,,,,,,,,,,,,,,,,,,,,,
2026-03-27T08:29:13.014364Z,1001,dc.danglingtree.htb,Windows Error Reporting,Application,653,4,,,,,,,,,"
\\?\C:\ProgramData\Microsoft\Windows\WER\Temp\WER.63504de0-de0f-42cb-823c-d6b27dc7a5b9.tmp.mdmp
\\?\C:\ProgramData\Microsoft\Windows\WER\Temp\WER.9b7dd4e0-cd8c-4fa4-b1f0-3ae18d467743.tmp.WERInternalMetadata.xml
\\?\C:\ProgramData\Microsoft\Windows\WER\Temp\WER.c43a3a66-5e48-472b-9eba-ed14c3c7c8a1.tmp.xml
\\?\C:\Windows\SystemTemp\WER.3219d386-3428-49e6-ab36-20f7a8616098.tmp.appcompat.txt",,,0,,,,,,0,0,,,,,,,,,,,,,,,,,,,APPCRASH,,,,,,,,,,,,,,,,,,,WindowsAdminCenterAccountManagement.exe,,2.6.11.4,69340000,KERNELBASE.dll,10.0.26100.32230,93531557,e0434352,00000000000ca80a,,,,,,,,,,,0,,baf481de-0711-4175-b128-28e7dc87e508,100,,Not available,,,,,,\\?\C:\ProgramData\Microsoft\Windows\WER\ReportQueue\AppCrash_WindowsAdminCent_a6fb81939b9f405e50f372bdcaf57e747b9d9ae_67a50925_cab_6542128a-8437-4e43-b987-2aa60e55c189,,,,,,,,,,,,,,,,,,,,,,,,,
2026-03-27T08:29:13.070053Z,1001,dc.danglingtree.htb,Windows Error Reporting,Application,654,4,,,,,,,,,"
\\?\C:\ProgramData\Microsoft\Windows\WER\Temp\WER.1d1ec7e6-40ce-4387-9eb8-d279060c54ab.tmp.mdmp
\\?\C:\ProgramData\Microsoft\Windows\WER\Temp\WER.bc0a6d57-8cfb-4189-a22d-df2b7bad3e2e.tmp.WERInternalMetadata.xml
\\?\C:\ProgramData\Microsoft\Windows\WER\Temp\WER.1605a100-ec7e-48e9-8552-ff110d4156ac.tmp.csv
\\?\C:\ProgramData\Microsoft\Windows\WER\Temp\WER.1a75d2dd-7984-4178-a0c2-67ea5667021e.tmp.txt
\\?\C:\ProgramData\Microsoft\Windows\WER\Temp\WER.dbc1c743-45d8-4151-ab6b-02efd68c4346.tmp.xml
\\?\C:\Users\noah.b\AppData\Local\Temp\WER.5c4d0046-fba0-4e0f-b86b-ed90376f6f12.tmp.appcompat.txt
\\?\C:\ProgramData\Microsoft\Windows\WER\ReportQueue\AppCrash_MicrosoftWindows_9f86a51281dab8c088db1448d07468a41d6f1226_23fe3459_cab_fe5fd375-1701-4a6c-a4e4-a7e546ec8317\memory.hdmp",,,0,,,,,,0,0,,,,,,,,,,,,,,,,,,,MoAppCrash,,,,,,,,,,,,,,,,,,,MicrosoftWindows.Client.CBS_1000.26100.275.0_x64__cw5n1h2txyewy,,praid:Global.Accounts,10.0.26100.1,5bc61463,combase.dll,10.0.26100.32230,afe300b1,d0020017,000000000008eea4,,,,,,,,,,0,,7b667a66-1518-4c0f-85e8-df6556056eb7,100,,Not available,,,,,,\\?\C:\ProgramData\Microsoft\Windows\WER\ReportQueue\AppCrash_MicrosoftWindows_9f86a51281dab8c088db1448d07468a41d6f1226_23fe3459_cab_fe5fd375-1701-4a6c-a4e4-a7e546ec8317,,,,,,,,,,,,,,,,,,,,,,,,,
2026-03-27T08:29:13.121398Z,1001,dc.danglingtree.htb,Windows Error Reporting,Application,655,4,,,,,,,,,"
\\?\C:\ProgramData\Microsoft\Windows\WER\Temp\WER.aeeb4342-4a19-4e9b-bad9-8fe00459755d.tmp.WERInternalMetadata.xml",,,0,,,,,,0,0,,,,,,,,,,,,,,,,,,,APPCRASH,,,,,,,,,,,,,,,,,,,WindowsAdminCenterAccountManagement.exe,,2.6.11.4,69340000,KERNELBASE.dll,10.0.26100.32230,93531557,e0434352,00000000000ca80a,,,,,,,,,,,0,,0ef9a54b-0012-428b-b818-a440ae77f469,4196,,Not available,,,,,,\\?\C:\ProgramData\Microsoft\Windows\WER\ReportQueue\AppCrash_WindowsAdminCent_a6fb81939b9f405e50f372bdcaf57e747b9d9ae_67a50925_1cc804e1-e587-4a15-a8ca-cf1621ea084e,,,,,,,,,,,,,,,,,,,,,,,,,
2026-03-27T08:29:13.174721Z,1001,dc.danglingtree.htb,Windows Error Reporting,Application,656,4,,,,,,,,,"
\\?\C:\ProgramData\Microsoft\Windows\WER\Temp\WER.99b886c8-e0e8-489a-a0d9-28654514a882.tmp.mdmp
\\?\C:\ProgramData\Microsoft\Windows\WER\Temp\WER.84a59963-a4f1-4aea-80ca-52fbcdde9735.tmp.WERInternalMetadata.xml
\\?\C:\ProgramData\Microsoft\Windows\WER\Temp\WER.2b2d82e4-8100-4a4d-a1fe-67005fb175d5.tmp.csv
\\?\C:\ProgramData\Microsoft\Windows\WER\Temp\WER.ce8b0763-44e1-4360-9cb5-be90b8f45d17.tmp.txt
\\?\C:\ProgramData\Microsoft\Windows\WER\Temp\WER.439bc349-79ca-47ec-ab9c-ee1cb4c83190.tmp.xml
\\?\C:\Users\Administrator\AppData\Local\Temp\WER.af501206-ea97-4c7f-bbb3-734c84137372.tmp.appcompat.txt
\\?\C:\ProgramData\Microsoft\Windows\WER\ReportQueue\AppCrash_mmc.exe_c785c1e2799bfe946cb6f099faac7058efaa6ad9_b676ff93_cab_9cdf66ab-fb64-47a7-a7ba-60679bad1335\memory.hdmp",,,0,,,,,,0,0,,,,,,,,,,,,,,,,,,,APPCRASH,,,,,,,,,,,,,,,,,,,mmc.exe,,10.0.26100.32230,1865ebef,dsuiext.dll,10.0.26100.1150,1cdcad27,c0000005,000000000000602b,,,,,,,,,,,0,,4c2af429-541a-47f0-9124-c3290b0dda82,100,,Not available,,,,,,\\?\C:\ProgramData\Microsoft\Windows\WER\ReportQueue\AppCrash_mmc.exe_c785c1e2799bfe946cb6f099faac7058efaa6ad9_b676ff93_cab_9cdf66ab-fb64-47a7-a7ba-60679bad1335,,,,,,,,,,,,,,,,,,,,,,,,,
2026-03-27T08:31:38.100905Z,"{'#attributes': {'Qualifiers': 32768}, '#text': 6000}",dc.danglingtree.htb,Microsoft-Windows-Winlogon,Application,657,4,,,,,,,,,,D9060000,,,,,,,,,,,,,WSearch,,,,,,,,,,,,,,,,,,,,,,,,,,,,,,,,,,,,,,,,,,,,,,,,,,,,,,,,,,,,,,,,,,,,,,,,,,,,,,,,,,,,,,,,,
2026-03-27T08:31:39.310114Z,"{'#attributes': {'Qualifiers': 0}, '#text': 260}",dc.danglingtree.htb,VMUpgradeHelper,Application,658,4,,,,,,,,,,,,,,,,,,,,,,,,,,,,,,,,,,,,,,,,,,,,,,,,,,,,,,,,,,,,,,,,,,,,,,,,,,,,,,,,,,,,,,,,,,,,,,,,,,,,,,,,,,,,,,,,
2026-03-27T08:31:39.311628Z,"{'#attributes': {'Qualifiers': 0}, '#text': 272}",dc.danglingtree.htb,VMUpgradeHelper,Application,659,4,,,,,,,,,,,,,,,,,,,,,,,,,,,,,,,,,,,,,,,,,,,,,,,,,,,,,,,,,,,,,,,,,,,,,,,,,,,,,,,,,,,,,,,,,,,,,,,,,,,,,,,,,,,,,,,,
2026-03-27T08:31:39.327190Z,"{'#attributes': {'Qualifiers': 0}, '#text': 108}",dc.danglingtree.htb,VMTools,Application,660,4,,,,,,,,,,,,,,,,,,,,,,,,,,,,,,,,,,,,,,,,,,,,,,,,,,,,,,,,,,,,,,,,,,,,,,,,,,,,,,,,,,,,,,,,,,,,,,,,,,,,,,,,,,,,,,,,
2026-03-27T08:31:39.540862Z,"{'#attributes': {'Qualifiers': 16384}, '#text': 4111}",dc.danglingtree.htb,Microsoft-Windows-MSDTC,Application,661,4,,,,,,,,,,4D005300440054004300,,,,,,,,,,,,,,,,,,,,,,,,,,,,,,,,,,,,,,,,,,,,,,,,,,,,,,,,,,,,,,,,,,,,,,,,,,,,,,,,,,,,,,,,,,,,,,,,,,,,,,
2026-03-27T08:31:39.633300Z,1532,dc.danglingtree.htb,Microsoft-Windows-User Profiles Service,Application,662,4,,,,,,,,,,,,,,,,,,,,,,,,,,,,,,,,,,,,,,,,,,,,,,,,,,,,,,,,,,,,,,,,,,,,,,,,,,,,,,,,,,,,,,,,,,,,,,,,,,,,,,,,,,,,,,,,
2026-03-27T08:31:39.788776Z,38,dc.danglingtree.htb,Microsoft-Windows-CertificationAuthority,Application,663,4,,,,,,,,,,,,,,,,,danglingtree-DC-CA,,,,,,,,,,,,,,,,,,,,,,,,,,,,,,,,,,,,,,,,,,,,,,,,,,,,,,,,,,,,,,,,,,,,,,,,,,,,,,,MSG_I_SERVER_STOPPED,,,,,,,,,,,,,,,,
2026-03-27T08:31:39.858120Z,1000,dc.danglingtree.htb,Application Error,Application,664,2,,WindowsAdminCenterAccountManagement.exe,C:\Program Files\WindowsAdminCenter\Service\WindowsAdminCenterAccountManagement.exe,69340000,,2.6.11.4,,,,,,,,,,,,,,,,,,,,,,,,,,,,,,,,,e0434352,,00000000000ca80a,,,,d86281ad-cfc0-4d58-9136-ad64403dcc4b,,,,KERNELBASE.dll,C:\WINDOWS\System32\KERNELBASE.dll,93531557,10.0.26100.32230,,,,,,,,,,,,,,,,,,,,0x1dcbdbf0126e7a0,0x13a4,,,,,,,,,,,,,,,,,,,,,,,,,,,,,,,,,,,,,,,
2026-03-27T08:31:40.472473Z,1001,dc.danglingtree.htb,Windows Error Reporting,Application,665,4,,,,,,,,,,,,0,,,,,,0,0,,,,,,,,,,,,,,,,,,,APPCRASH,,,,,,,,,,,,,,,,,,,WindowsAdminCenterAccountManagement.exe,,2.6.11.4,69340000,KERNELBASE.dll,10.0.26100.32230,93531557,e0434352,00000000000ca80a,,,,,,,,,,,0,,d86281ad-cfc0-4d58-9136-ad64403dcc4b,4100,,Not available,,,,,,\\?\C:\ProgramData\Microsoft\Windows\WER\ReportQueue\AppCrash_WindowsAdminCent_a6fb81939b9f405e50f372bdcaf57e747b9d9ae_67a50925_afcba7d8-e588-47ca-8c74-8b7c9144a88c,,,,,,,,,,,,,,,,,,,,,,,,,
2026-03-27T21:56:21.238192Z,1531,dc.danglingtree.htb,Microsoft-Windows-User Profiles Service,Application,666,4,,,,,,,,,,,,,,,,,,,,,,,,,,,,,,,,,,,,,,,,,,,,,,,,,,,,,,,,,,,,,,,,,,,,,,,,,,,,,,,,,,,,,,,,,,,,,,,,,,,,,,,,,,,,,,,,
2026-03-27T21:56:31.010061Z,"{'#attributes': {'Qualifiers': 0}, '#text': 105}",dc.danglingtree.htb,VMTools,Application,667,4,,,,,,,,,,,,,,,,,,,,,,,,,,,,,,,,,,,,,,,,,,,,,,,,,,,,,,,,,,,,,,,,,,,,,,,,,,,,,,,,,,,,,,,,,,,,,,,,,,,,,,,,,,,,,,,,
2026-03-27T21:56:31.193605Z,"{'#attributes': {'Qualifiers': 16384}, '#text': 900}",dc.danglingtree.htb,Microsoft-Windows-Security-SPP,Application,668,4,,,,,,,,,,,,,,,,,,,,,,,TriggerStarted:6,,,,,,,,,,,,,,,,,,,,,,,,,,,,,,,,,,,,,,,,,,,,,,,,,,,,,,,,,,,,,,,,,,,,,,,,,,,,,,,,,,,,,,,,,
2026-03-27T21:56:31.412969Z,"{'#attributes': {'Qualifiers': 49152}, '#text': 16394}",dc.danglingtree.htb,Microsoft-Windows-Security-SPP,Application,669,4,,,,,,,,,,,,,,,,,,,,,,,,,,,,,,,,,,,,,,,,,,,,,,,,,,,,,,,,,,,,,,,,,,,,,,,,,,,,,,,,,,,,,,,,,,,,,,,,,,,,,,,,,,,,,,,,
2026-03-27T21:56:31.520850Z,"{'#attributes': {'Qualifiers': 16384}, '#text': 1066}",dc.danglingtree.htb,Microsoft-Windows-Security-SPP,Application,670,4,,,,,,,,,,,,,,,,,,,,,,,"C:\WINDOWS\system32\sppwinob.dll, msft:spp/windowsfunctionality/agent/7.0, 0x00000000, 0x00000000
C:\WINDOWS\system32\sppobjs.dll, msft:rm/algorithm/inherited/1.0, 0x00000000, 0x00000000
C:\WINDOWS\system32\sppobjs.dll, msft:rm/algorithm/phone/1.0, 0x00000000, 0x00000000
C:\WINDOWS\system32\sppobjs.dll, msft:rm/algorithm/pkey/detect, 0x00000000, 0x00000000
C:\WINDOWS\system32\sppobjs.dll, msft:spp/ActionScheduler/1.0, 0x00000000, 0x00000000
C:\WINDOWS\system32\sppobjs.dll, msft:spp/TaskScheduler/1.0, 0x00000000, 0x00000000
C:\WINDOWS\system32\sppobjs.dll, msft:spp/statecollector/pkey, 0x00000000, 0x00000000
C:\WINDOWS\system32\sppobjs.dll, msft:spp/volume/services/kms/1.0, 0x00000000, 0x00000000
C:\WINDOWS\system32\sppobjs.dll, msft:spp/volume/services/kms/activationinfo/1.0, 0x00000000, 0x00000000
",,,,,,,,,,,,,,,,,,,,,,,,,,,,,,,,,,,,,,,,,,,,,,,,,,,,,,,,,,,,,,,,,,,,,,,,,,,,,,,,,,,,,,,,,
2026-03-27T21:56:31.596021Z,"{'#attributes': {'Qualifiers': 16384}, '#text': 781}",dc.danglingtree.htb,Microsoft-Windows-Complus,Application,671,4,,,,,,,,,,,,,,,,,,,,,,,,,,,,,,,,,,,,,,,,,,,,,,,,,,,,,,,,,,,,,,,,,,,,,,,,,,,,,,,,,,,,,,,,,,,,,,,,,,,,,86400,,,,SuppressDuplicateDuration,Software\Microsoft\COM3\Eventlog,,,,,,
2026-03-27T21:56:31.620180Z,"{'#attributes': {'Qualifiers': 16384}, '#text': 1003}",dc.danglingtree.htb,Microsoft-Windows-Security-SPP,Application,672,4,,,,,,,,,,,,,,,,,,,,,,,,55c92734-d682-4d71-983e-d6ec3f16059f,"
1: 753c53a2-4274-4339-8c2e-f66c0b9646c5, 1, 1 [(0 [0x00000000, 1, 0], [(?)( 1 0x00000000)(?)( 2 0x00000000 0 0 msft:rm/algorithm/hwid/4.0 0x00000000 0)(?)( 9 0x00000000 180 256845)( 10 0x00000000 msft:rm/algorithm/flags/1.0)(?)])(1 )(2 )(3 )]

",,,,,,,,,,,,,,,,,,,,,,,,,,,,,,,,,,,,,,,,,,,,,,,,,,,,,,,,,,,,,,,,,,,,,,,,,,,,,,,,,,,,,,,
2026-03-27T21:56:31.626123Z,"{'#attributes': {'Qualifiers': 32768}, '#text': 1037}",dc.danglingtree.htb,Microsoft-Windows-Security-SPP,Application,673,4,,,,,,,,,,,,,,,,,,,,,,,,validity,256845,,,,,,,,,,,,,,,,,,,,,,,,,,,,,,,,,,,,,,,,,,,,,,,,,,,,,,,,,,,,,,,,,,,,,,,,,,,,,,,,,,,,,,,
2026-03-27T21:56:31.648439Z,"{'#attributes': {'Qualifiers': 16384}, '#text': 902}",dc.danglingtree.htb,Microsoft-Windows-Security-SPP,Application,674,0,,,,,,,,,,,,,,,,,,,,,,,10.0.26100.32230,,,,,,,,,,,,,,,,,,,,,,,,,,,,,,,,,,,,,,,,,,,,,,,,,,,,,,,,,,,,,,,,,,,,,,,,,,,,,,,,,,,,,,,,,
2026-03-27T21:56:31.994487Z,"{'#attributes': {'Qualifiers': 16384}, '#text': 4202}",dc.danglingtree.htb,Microsoft-Windows-MSDTC 2,Application,675,4,,,,,,,,,,,,,,,,,,,,,,,,,,,,,,,,,,,,,,,,,,,,,,,,,,,,,,,,,,,,,,,,,,,,,,,,,,,,,,,,,,,,,,,,,,,,,,,,,,,,,0,0,0,1,0,0,0,0,0,1,Mutual Authentication Required,NT AUTHORITY\NetworkService
2026-03-27T21:56:32.046462Z,"{'#attributes': {'Qualifiers': 0}, '#text': 258}",dc.danglingtree.htb,VMUpgradeHelper,Application,676,4,,,,,,,,,,,,,,,,,,,,,,,,,,,,,,,,,,,,,,,,,,,,,,,,,,,,,,,,,,,,,,,,,,,,,,,,,,,,,,,,,,,,,,,,,,,,,,,,,,,,,,,,,,,,,,,,
2026-03-27T21:56:31.116779Z,5615,dc.danglingtree.htb,Microsoft-Windows-WMI,Application,677,4,,,,,,,,,,,,,,,,,,,,,,,,,,,,,,,,,,,,,,,,,,,,,,,,,,,,,,,,,,,,,,,,,,,,,,,,,,,,,,,,,,,,,,,,,,,,,,,,,,,,,,,,,,,,,,,,
2026-03-27T21:56:31.680743Z,5617,dc.danglingtree.htb,Microsoft-Windows-WMI,Application,678,4,,,,,,,,,,,,,,,,,,,,,,,,,,,,,,,,,,,,,,,,,,,,,,,,,,,,,,,,,,,,,,,,,,,,,,,,,,,,,,,,,,,,,,,,,,,,,,,,,,,,,,,,,,,,,,,,
2026-03-27T21:56:32.193027Z,"{'#attributes': {'Qualifiers': 0}, '#text': 271}",dc.danglingtree.htb,VMUpgradeHelper,Application,679,4,,,,,,,,,,,,,,,,,,,,,,,,,,,,,,,,,,,,,,,,,,,,,,,,,,,,,,,,,,,,,,,,,,,,,,,,,,,,,,,,,,,,,,,,,,,,,,,,,,,,,,,,,,,,,,,,
2026-03-27T21:56:33.257066Z,"{'#attributes': {'Qualifiers': 0}, '#text': 0}",dc.danglingtree.htb,WindowsAdminCenterAccountManagement,Application,680,4,,,,,,,,,,,,,,,,,,,,,,,Service started successfully.,,,,,,,,,,,,,,,,,,,,,,,,,,,,,,,,,,,,,,,,,,,,,,,,,,,,,,,,,,,,,,,,,,,,,,,,,,,,,,,,,,,,,,,,,
2026-03-27T21:56:57.985988Z,"{'#attributes': {'Qualifiers': 0}, '#text': 102}",dc.danglingtree.htb,ESENT,Application,681,4,,,,,,,,,,,,,,,,,,,,,,,,DFSRs,"3356,P,98,0",\\.\C:\System Volume Information\DFSR\database_E634_3FD1_343F_A409\dfsr.db: ,0,10,00,26100,0000,,,,,,,,,,,,,,,,,,,,,,,,,,,,,,,,,,,,,,,,,,,,,,,,,,,,,,,,,,,,,,,,,,,,,,,,,,,,,,,,,
2026-03-27T21:56:58.026371Z,"{'#attributes': {'Qualifiers': 0}, '#text': 105}",dc.danglingtree.htb,ESENT,Application,682,4,,,,,,,,,,,,,,,,,,,,,,,,DFSRs,"3356,D,0,0",\\.\C:\System Volume Information\DFSR\database_E634_3FD1_343F_A409\dfsr.db: ,0,0.047,"
[1] 0.006114 +J(0) +M(C:0K, Fs:352, WS:1280K # 1324K, PF:6648K # 6708K, P:6648K)
[2] 0.000395 +J(0) +M(C:16K, Fs:108, WS:424K # 380K, PF:340K # 248K, P:340K)
[3] 0.000020 +J(0) +M(C:0K, Fs:2, WS:4K # 4K, PF:68K # 68K, P:68K)
[4] 0.000208 +J(0) +M(C:2032K, Fs:47, WS:180K # 180K, PF:2440K # 2440K, P:2440K)
[5] 0.000511 +J(0) +M(C:0K, Fs:14, WS:56K # 56K, PF:24K # 24K, P:24K)
[6] 0.000677 +J(0) +M(C:0K, Fs:13, WS:52K # 52K, PF:12K # 12K, P:12K)
[7] -
[8] -
[9] -
[10] -
[11] -
[12] -
[13] 0.034594 -0.020958 (22) WT +J(CM:0, PgRf:0, Rd:0/0, Dy:0/0, Lg:616/1) +M(C:0K, Fs:1488, WS:764K # 5860K, PF:8K # 5132K, P:8K)
[14] 0.000015 +J(0) +M(C:0K, Fs:1, WS:4K # 0K, PF:0K # 0K, P:0K)
[15] 0.000123 +J(0) +M(C:0K, Fs:65, WS:260K # 0K, PF:64K # 0K, P:64K)
[16] 0.004798 -0.000244 (3) WT +J(0) +M(C:0K, Fs:3, WS:4K # 0K, PF:0K # 0K, P:0K).","RBSOn = 0
",,,,,,,,,,,,,,,,,,,,,,,,,,,,,,,,,,,,,,,,,,,,,,,,,,,,,,,,,,,,,,,,,,,,,,,,,,,,,,,,,,
2026-03-27T21:56:58.052105Z,"{'#attributes': {'Qualifiers': 0}, '#text': 325}",dc.danglingtree.htb,ESENT,Application,683,4,,,,,,,,,,,,,,,,,,,,,,,,DFSRs,"3356,D,35,0",\\.\C:\System Volume Information\DFSR\database_E634_3FD1_343F_A409\dfsr.db: ,1,\\.\C:\System Volume Information\DFSR\database_E634_3FD1_343F_A409\dfsr.db,0,"
[1] 0.000106 +J(0) +M(C:0K, Fs:3, WS:12K # 0K, PF:8K # 0K, P:8K)
[2] 0.001425 -0.000309 (1) WT +J(CM:0, PgRf:0, Rd:0/0, Dy:0/0, Lg:3480/2) +M(C:0K, Fs:2, WS:8K # 0K, PF:0K # 0K, P:0K)
[3] 0.005920 -0.000004 (3) WT +J(0) +M(C:0K, Fs:12, WS:36K # 0K, PF:20K # 0K, P:20K)
[4] 0.000627 +J(0) +M(C:0K, Fs:2, WS:8K # 0K, PF:0K # 0K, P:0K)
[5] 0.001613 -0.000814 (3) WT +J(CM:0, PgRf:3, Rd:0/0, Dy:3/6, Lg:122/4) +M(C:0K, Fs:74, WS:280K # 0K, PF:272K # 0K, P:272K)
[6] 0.001645 -0.000319 (2) WT +J(CM:0, PgRf:215, Rd:0/0, Dy:12/420, Lg:24454/461) +M(C:0K, Fs:84, WS:336K # 0K, PF:224K # 0K, P:224K)
[7] 0.001763 -0.001105 (3) WT +J(CM:0, PgRf:0, Rd:0/0, Dy:0/0, Lg:4096/3) +M(C:0K, Fs:6, WS:16K # 0K, PF:0K # 0K, P:0K)
[8] 0.000003 +J(0)
[9] 0.004007 -0.003043 (3) WT +J(0) +M(C:-52K, Fs:7, WS:-32K # 0K, PF:-48K # 0K, P:-48K)
[10] 0.005241 -0.001840 (7) WT +J(CM:0, PgRf:385, Rd:0/0, Dy:7/109, Lg:20701/156) +M(C:12K, Fs:60, WS:232K # 0K, PF:104K # 0K, P:104K)
[11] 0.000002 +J(0).",0 0,"lgposCreate = 00000001:0001:0268,
dbv = 1568.300.620 (9620)",,,,,,,,,,,,,,,,,,,,,,,,,,,,,,,,,,,,,,,,,,,,,,,,,,,,,,,,,,,,,,,,,,,,,,,,,,,,,,,,
2026-03-27T21:57:00.919478Z,"{'#attributes': {'Qualifiers': 0}, '#text': 102}",dc.danglingtree.htb,ESENT,Application,684,4,,,,,,,,,,,,,,,,,,,,,,,,certsrv.exe,"3300,P,98,0",,0,10,00,26100,0000,,,,,,,,,,,,,,,,,,,,,,,,,,,,,,,,,,,,,,,,,,,,,,,,,,,,,,,,,,,,,,,,,,,,,,,,,,,,,,,,,
2026-03-27T21:57:00.930433Z,"{'#attributes': {'Qualifiers': 0}, '#text': 105}",dc.danglingtree.htb,ESENT,Application,685,4,,,,,,,,,,,,,,,,,,,,,,,,certsrv.exe,"3300,D,0,0",,0,0.013,"
[1] 0.000778 +J(0) +M(C:0K, Fs:131, WS:508K # 508K, PF:2500K # 2232K, P:2500K)
[2] 0.000527 +J(0) +M(C:3200K, Fs:229, WS:904K # 904K, PF:4160K # 4160K, P:4160K)
[3] 0.000025 +J(0) +M(C:0K, Fs:1, WS:4K # 4K, PF:64K # 64K, P:64K)
[4] 0.000286 +J(0) +M(C:0K, Fs:27, WS:104K # 104K, PF:504K # 504K, P:504K)
[5] 0.000383 +J(0) +M(C:0K, Fs:11, WS:44K # 44K, PF:28K # 28K, P:28K)
[6] 0.001906 +J(0) +M(C:0K, Fs:34, WS:136K # 136K, PF:12K # 12K, P:12K)
[7] 0.004898 -0.003915 (3) WT +J(0) +M(C:0K, Fs:280, WS:1116K # 1116K, PF:1028K # 1028K, P:1028K)
[8] -
[9] -
[10] -
[11] -
[12] -
[13] 0.003743 -0.001705 (4) WT +J(CM:0, PgRf:0, Rd:0/0, Dy:0/0, Lg:616/1) +M(C:0K, Fs:14, WS:-976K # 24K, PF:-1024K # 12K, P:-1024K)
[14] 0.000017 +J(0) +M(C:0K, Fs:1, WS:4K # 0K, PF:0K # 0K, P:0K)
[15] 0.000136 +J(0) +M(C:0K, Fs:101, WS:404K # 0K, PF:64K # 0K, P:64K)
[16] 0.000468 -0.000231 (1) WT +J(0) +M(C:0K, Fs:2, WS:0K # 0K, PF:0K # 0K, P:0K).","RBSOn = 0
",,,,,,,,,,,,,,,,,,,,,,,,,,,,,,,,,,,,,,,,,,,,,,,,,,,,,,,,,,,,,,,,,,,,,,,,,,,,,,,,,,
2026-03-27T21:57:00.946712Z,"{'#attributes': {'Qualifiers': 0}, '#text': 326}",dc.danglingtree.htb,ESENT,Application,686,4,,,,,,,,,,,,,,,,,,,,,,,,certsrv.exe,"3300,D,50,0",,1,C:\WINDOWS\system32\CertLog\danglingtree-DC-CA.edb,0,"
[1] 0.000007 +J(0) +M(C:0K, Fs:1, WS:4K # 0K, PF:0K # 0K, P:0K)
[2] 0.001190 -0.000710 (1) WT +J(0) +M(C:0K, Fs:21, WS:20K # 0K, PF:4K # 0K, P:4K)
[3] 0.009025 -0.005152 (6) WT +J(CM:0, PgRf:0, Rd:0/0, Dy:0/0, Lg:3480/2) +M(C:0K, Fs:36, WS:136K # 0K, PF:128K # 0K, P:128K)
[4] 0.000573 +J(0) +M(C:0K, Fs:1, WS:4K # 0K, PF:0K # 0K, P:0K)
[5] -
[6] 0.000759 -0.000577 (2) CM -0.000497 (2) WT +J(CM:2, PgRf:2, Rd:0/2, Dy:0/0, Lg:0/0) +M(C:0K, Fs:44, WS:176K # 0K, PF:136K # 0K, P:136K)
[7] 0.000003 +J(0)
[8] 0.001468 -0.001143 (1) CM -0.001128 (1) WT +J(CM:1, PgRf:1, Rd:14/0, Dy:0/0, Lg:0/0) +M(C:0K, Fs:37, WS:148K # 0K, PF:196K # 0K, P:196K)
[9] -
[10] -
[11] -
[12] 0.000029 +J(CM:0, PgRf:0, Rd:0/0, Dy:0/0, Lg:54/1) +M(C:0K, Fs:2, WS:8K # 0K, PF:20K # 0K, P:20K)
[13] 0.001613 -0.001291 (2) CM -0.001150 (2) WT +J(CM:2, PgRf:23, Rd:0/2, Dy:0/0, Lg:0/0) +M(C:0K, Fs:21, WS:84K # 68K, PF:4K # 0K, P:4K)
[14] 0.000533 -0.000364 (1) CM -0.000302 (1) WT +J(CM:1, PgRf:40, Rd:0/1, Dy:0/0, Lg:0/0) +M(C:0K, Fs:6, WS:24K # 24K, PF:64K # 0K, P:64K)
[15] 0.000011 +J(CM:0, PgRf:1, Rd:0/0, Dy:0/0, Lg:0/0)
[16] 0.000015 +J(CM:0, PgRf:1, Rd:0/0, Dy:0/0, Lg:0/0) +M(C:0K, Fs:1, WS:4K # 4K, PF:0K # 0K, P:0K)
[17] 0.000070 +J(CM:0, PgRf:42, Rd:0/0, Dy:0/0, Lg:0/0) +M(C:0K, Fs:6, WS:24K # 24K, PF:0K # 0K, P:0K)
[18] 0.000002 +J(0)
[19] 0.0 +J(0)
[20] 0.000072 +J(CM:0, PgRf:3, Rd:0/0, Dy:0/0, Lg:0/0) +M(C:0K, Fs:3, WS:12K # 12K, PF:0K # 0K, P:0K).",0 0,"lgposAttach = 00000001:00D2:0268,
dbv = 1568.300.620 (9620)",,,,,,,,,,,,,,,,,,,,,,,,,,,,,,,,,,,,,,,,,,,,,,,,,,,,,,,,,,,,,,,,,,,,,,,,,,,,,,,,
2026-03-27T21:57:01.119896Z,77,dc.danglingtree.htb,Microsoft-Windows-CertificationAuthority,Application,687,3,,,,,,,,,,,,,,,,,,,,,,,,,,,,,,,,,,,,,,,,,,,,,,,,,,,,,,,,,,,,,,,,,,,,,,,Windows default,,,,,,,,,,,,,,,,,,,,,,,"The VPNUserTemplate Certificate Template could not be loaded.  Element not found. 0x80070490 (WIN32: 1168 ERROR_NOT_FOUND).
",,MSG_POLICY_LOG_WARNING,,,,,,,,,,,,,,,,
2026-03-27T21:57:01.210920Z,26,dc.danglingtree.htb,Microsoft-Windows-CertificationAuthority,Application,688,4,,,,,,,,,,,,,,,,,danglingtree-DC-CA,,,,dc.danglingtree.htb,  DC=,,,,,,,,,,,,,,,,,,,,,,,,,,,,,,,,,,,,,,,,,,,,,,,,,,,,,,,,,,,,,,,,,,,,,,,,,,MSG_I_SERVER_STARTED,,,,,,,,,,,,,,,,
2026-03-27T21:57:01.764635Z,"{'#attributes': {'Qualifiers': 16384}, '#text': 16384}",dc.danglingtree.htb,Microsoft-Windows-Security-SPP,Application,689,4,,,,,,,,,,,,,,,,,,,,,,,,2026-03-28T21:56:01Z,TBL,,,,,,,,,,,,,,,,,,,,,,,,,,,,,,,,,,,,,,,,,,,,,,,,,,,,,,,,,,,,,,,,,,,,,,,,,,,,,,,,,,,,,,,
2026-03-27T21:57:01.769762Z,"{'#attributes': {'Qualifiers': 16384}, '#text': 903}",dc.danglingtree.htb,Microsoft-Windows-Security-SPP,Application,690,0,,,,,,,,,,,,,,,,,,,,,,,,,,,,,,,,,,,,,,,,,,,,,,,,,,,,,,,,,,,,,,,,,,,,,,,,,,,,,,,,,,,,,,,,,,,,,,,,,,,,,,,,,,,,,,,,
2026-03-27T21:58:33.049269Z,"{'#attributes': {'Qualifiers': 0}, '#text': 0}",dc.danglingtree.htb,edgeupdate,Application,691,4,,,,,,,,,,,,,,,,,,,,,,,Service stopped,,,,,,,,,,,,,,,,,,,,,,,,,,,,,,,,,,,,,,,,,,,,,,,,,,,,,,,,,,,,,,,,,,,,,,,,,,,,,,,,,,,,,,,,,
2026-03-27T21:58:33.489294Z,"{'#attributes': {'Qualifiers': 16384}, '#text': 900}",dc.danglingtree.htb,Microsoft-Windows-Security-SPP,Application,692,4,,,,,,,,,,,,,,,,,,,,,,,<explicit>,,,,,,,,,,,,,,,,,,,,,,,,,,,,,,,,,,,,,,,,,,,,,,,,,,,,,,,,,,,,,,,,,,,,,,,,,,,,,,,,,,,,,,,,,
2026-03-27T21:58:33.555035Z,"{'#attributes': {'Qualifiers': 49152}, '#text': 16394}",dc.danglingtree.htb,Microsoft-Windows-Security-SPP,Application,693,4,,,,,,,,,,,,,,,,,,,,,,,,,,,,,,,,,,,,,,,,,,,,,,,,,,,,,,,,,,,,,,,,,,,,,,,,,,,,,,,,,,,,,,,,,,,,,,,,,,,,,,,,,,,,,,,,
2026-03-27T21:59:03.618621Z,"{'#attributes': {'Qualifiers': 16384}, '#text': 16384}",dc.danglingtree.htb,Microsoft-Windows-Security-SPP,Application,694,4,,,,,,,,,,,,,,,,,,,,,,,,2026-08-23T06:40:03Z,RulesEngine,,,,,,,,,,,,,,,,,,,,,,,,,,,,,,,,,,,,,,,,,,,,,,,,,,,,,,,,,,,,,,,,,,,,,,,,,,,,,,,,,,,,,,,
2026-03-27T21:59:33.295210Z,"{'#attributes': {'Qualifiers': 0}, '#text': 8224}",dc.danglingtree.htb,VSS,Application,695,4,,,,,,,,,,2D20436F64653A2020434F525356434330303030303737322D2043616C6C3A2020434F525356434330303030303735342D205049443A202030303030353236342D205449443A202030303030353238342D20434D443A2020433A5C57494E444F57535C73797374656D33325C76737376632E6578652020202D20557365723A204E616D653A204E5420415554484F524954595C53595354454D2C205349443A532D312D352D313820,,,,,,,,,,,,,,,,,,,,,,,,,,,,,,,,,,,,,,,,,,,,,,,,,,,,,,,,,,,,,,,,,,,,,,,,,,,,,,,,,,,,,,,,,,,,,,,,,,,,,,
2026-03-27T21:59:33.822999Z,1001,dc.danglingtree.htb,Windows Error Reporting,Application,696,4,,,,,,,,,"
\\?\C:\ProgramData\Microsoft\Windows\WER\Temp\WER.63504de0-de0f-42cb-823c-d6b27dc7a5b9.tmp.mdmp
\\?\C:\ProgramData\Microsoft\Windows\WER\Temp\WER.9b7dd4e0-cd8c-4fa4-b1f0-3ae18d467743.tmp.WERInternalMetadata.xml
\\?\C:\ProgramData\Microsoft\Windows\WER\Temp\WER.c43a3a66-5e48-472b-9eba-ed14c3c7c8a1.tmp.xml
\\?\C:\Windows\SystemTemp\WER.3219d386-3428-49e6-ab36-20f7a8616098.tmp.appcompat.txt",,,0,,,,,,0,0,,,,,,,,,,,,,,,,,,,APPCRASH,,,,,,,,,,,,,,,,,,,WindowsAdminCenterAccountManagement.exe,,2.6.11.4,69340000,KERNELBASE.dll,10.0.26100.32230,93531557,e0434352,00000000000ca80a,,,,,,,,,,,0,,baf481de-0711-4175-b128-28e7dc87e508,100,,Not available,,,,,,\\?\C:\ProgramData\Microsoft\Windows\WER\ReportQueue\AppCrash_WindowsAdminCent_a6fb81939b9f405e50f372bdcaf57e747b9d9ae_67a50925_cab_6542128a-8437-4e43-b987-2aa60e55c189,,,,,,,,,,,,,,,,,,,,,,,,,
2026-03-27T21:59:33.913366Z,1001,dc.danglingtree.htb,Windows Error Reporting,Application,697,4,,,,,,,,,"
\\?\C:\ProgramData\Microsoft\Windows\WER\Temp\WER.1d1ec7e6-40ce-4387-9eb8-d279060c54ab.tmp.mdmp
\\?\C:\ProgramData\Microsoft\Windows\WER\Temp\WER.bc0a6d57-8cfb-4189-a22d-df2b7bad3e2e.tmp.WERInternalMetadata.xml
\\?\C:\ProgramData\Microsoft\Windows\WER\Temp\WER.1605a100-ec7e-48e9-8552-ff110d4156ac.tmp.csv
\\?\C:\ProgramData\Microsoft\Windows\WER\Temp\WER.1a75d2dd-7984-4178-a0c2-67ea5667021e.tmp.txt
\\?\C:\ProgramData\Microsoft\Windows\WER\Temp\WER.dbc1c743-45d8-4151-ab6b-02efd68c4346.tmp.xml
\\?\C:\Users\noah.b\AppData\Local\Temp\WER.5c4d0046-fba0-4e0f-b86b-ed90376f6f12.tmp.appcompat.txt
\\?\C:\ProgramData\Microsoft\Windows\WER\ReportQueue\AppCrash_MicrosoftWindows_9f86a51281dab8c088db1448d07468a41d6f1226_23fe3459_cab_fe5fd375-1701-4a6c-a4e4-a7e546ec8317\memory.hdmp",,,0,,,,,,0,0,,,,,,,,,,,,,,,,,,,MoAppCrash,,,,,,,,,,,,,,,,,,,MicrosoftWindows.Client.CBS_1000.26100.275.0_x64__cw5n1h2txyewy,,praid:Global.Accounts,10.0.26100.1,5bc61463,combase.dll,10.0.26100.32230,afe300b1,d0020017,000000000008eea4,,,,,,,,,,0,,7b667a66-1518-4c0f-85e8-df6556056eb7,100,,Not available,,,,,,\\?\C:\ProgramData\Microsoft\Windows\WER\ReportQueue\AppCrash_MicrosoftWindows_9f86a51281dab8c088db1448d07468a41d6f1226_23fe3459_cab_fe5fd375-1701-4a6c-a4e4-a7e546ec8317,,,,,,,,,,,,,,,,,,,,,,,,,
2026-03-27T21:59:33.985640Z,1001,dc.danglingtree.htb,Windows Error Reporting,Application,698,4,,,,,,,,,"
\\?\C:\ProgramData\Microsoft\Windows\WER\Temp\WER.aeeb4342-4a19-4e9b-bad9-8fe00459755d.tmp.WERInternalMetadata.xml",,,0,,,,,,0,0,,,,,,,,,,,,,,,,,,,APPCRASH,,,,,,,,,,,,,,,,,,,WindowsAdminCenterAccountManagement.exe,,2.6.11.4,69340000,KERNELBASE.dll,10.0.26100.32230,93531557,e0434352,00000000000ca80a,,,,,,,,,,,0,,0ef9a54b-0012-428b-b818-a440ae77f469,4196,,Not available,,,,,,\\?\C:\ProgramData\Microsoft\Windows\WER\ReportQueue\AppCrash_WindowsAdminCent_a6fb81939b9f405e50f372bdcaf57e747b9d9ae_67a50925_1cc804e1-e587-4a15-a8ca-cf1621ea084e,,,,,,,,,,,,,,,,,,,,,,,,,
2026-03-27T21:59:34.073979Z,1001,dc.danglingtree.htb,Windows Error Reporting,Application,699,4,,,,,,,,,"
\\?\C:\ProgramData\Microsoft\Windows\WER\Temp\WER.99b886c8-e0e8-489a-a0d9-28654514a882.tmp.mdmp
\\?\C:\ProgramData\Microsoft\Windows\WER\Temp\WER.84a59963-a4f1-4aea-80ca-52fbcdde9735.tmp.WERInternalMetadata.xml
\\?\C:\ProgramData\Microsoft\Windows\WER\Temp\WER.2b2d82e4-8100-4a4d-a1fe-67005fb175d5.tmp.csv
\\?\C:\ProgramData\Microsoft\Windows\WER\Temp\WER.ce8b0763-44e1-4360-9cb5-be90b8f45d17.tmp.txt
\\?\C:\ProgramData\Microsoft\Windows\WER\Temp\WER.439bc349-79ca-47ec-ab9c-ee1cb4c83190.tmp.xml
\\?\C:\Users\Administrator\AppData\Local\Temp\WER.af501206-ea97-4c7f-bbb3-734c84137372.tmp.appcompat.txt
\\?\C:\ProgramData\Microsoft\Windows\WER\ReportQueue\AppCrash_mmc.exe_c785c1e2799bfe946cb6f099faac7058efaa6ad9_b676ff93_cab_9cdf66ab-fb64-47a7-a7ba-60679bad1335\memory.hdmp",,,0,,,,,,0,0,,,,,,,,,,,,,,,,,,,APPCRASH,,,,,,,,,,,,,,,,,,,mmc.exe,,10.0.26100.32230,1865ebef,dsuiext.dll,10.0.26100.1150,1cdcad27,c0000005,000000000000602b,,,,,,,,,,,0,,4c2af429-541a-47f0-9124-c3290b0dda82,100,,Not available,,,,,,\\?\C:\ProgramData\Microsoft\Windows\WER\ReportQueue\AppCrash_mmc.exe_c785c1e2799bfe946cb6f099faac7058efaa6ad9_b676ff93_cab_9cdf66ab-fb64-47a7-a7ba-60679bad1335,,,,,,,,,,,,,,,,,,,,,,,,,
2026-03-27T21:59:34.142860Z,1001,dc.danglingtree.htb,Windows Error Reporting,Application,700,4,,,,,,,,,"
\\?\C:\ProgramData\Microsoft\Windows\WER\Temp\WER.ec2c7b21-5169-48da-952f-5eee27f33588.tmp.WERInternalMetadata.xml",,,0,,,,,,0,0,,,,,,,,,,,,,,,,,,,APPCRASH,,,,,,,,,,,,,,,,,,,WindowsAdminCenterAccountManagement.exe,,2.6.11.4,69340000,KERNELBASE.dll,10.0.26100.32230,93531557,e0434352,00000000000ca80a,,,,,,,,,,,0,,d86281ad-cfc0-4d58-9136-ad64403dcc4b,4196,,Not available,,,,,,\\?\C:\ProgramData\Microsoft\Windows\WER\ReportQueue\AppCrash_WindowsAdminCent_a6fb81939b9f405e50f372bdcaf57e747b9d9ae_67a50925_afcba7d8-e588-47ca-8c74-8b7c9144a88c,,,,,,,,,,,,,,,,,,,,,,,,,
2026-03-27T21:59:39.251150Z,"{'#attributes': {'Qualifiers': 49152}, '#text': 16394}",dc.danglingtree.htb,Microsoft-Windows-Security-SPP,Application,701,4,,,,,,,,,,,,,,,,,,,,,,,,,,,,,,,,,,,,,,,,,,,,,,,,,,,,,,,,,,,,,,,,,,,,,,,,,,,,,,,,,,,,,,,,,,,,,,,,,,,,,,,,,,,,,,,,
2026-03-27T21:59:39.599884Z,"{'#attributes': {'Qualifiers': 16384}, '#text': 1003}",dc.danglingtree.htb,Microsoft-Windows-Security-SPP,Application,702,4,,,,,,,,,,,,,,,,,,,,,,,,55c92734-d682-4d71-983e-d6ec3f16059f,"
1: 753c53a2-4274-4339-8c2e-f66c0b9646c5, 1, 1 [(0 [0x00000000, 1, 0], [(?)( 1 0x00000000)(?)( 2 0x00000000 0 0 msft:rm/algorithm/hwid/4.0 0x00000000 0)(?)( 9 0x00000000 180 256841)( 10 0x00000000 msft:rm/algorithm/flags/1.0)(?)])(1 )(2 )(3 )]

",,,,,,,,,,,,,,,,,,,,,,,,,,,,,,,,,,,,,,,,,,,,,,,,,,,,,,,,,,,,,,,,,,,,,,,,,,,,,,,,,,,,,,,
2026-03-27T22:00:09.716126Z,"{'#attributes': {'Qualifiers': 16384}, '#text': 16384}",dc.danglingtree.htb,Microsoft-Windows-Security-SPP,Application,703,4,,,,,,,,,,,,,,,,,,,,,,,,2026-08-23T06:40:09Z,RulesEngine,,,,,,,,,,,,,,,,,,,,,,,,,,,,,,,,,,,,,,,,,,,,,,,,,,,,,,,,,,,,,,,,,,,,,,,,,,,,,,,,,,,,,,,
2026-03-27T22:00:13.962844Z,"{'#attributes': {'Qualifiers': 0}, '#text': 0}",dc.danglingtree.htb,edgeupdate,Application,704,4,,,,,,,,,,,,,,,,,,,,,,,Service stopped,,,,,,,,,,,,,,,,,,,,,,,,,,,,,,,,,,,,,,,,,,,,,,,,,,,,,,,,,,,,,,,,,,,,,,,,,,,,,,,,,,,,,,,,,
2026-03-27T22:00:49.100280Z,1001,dc.danglingtree.htb,Microsoft-Windows-LoadPerf,Application,705,4,,,,,,,,,,,,,,,,,,,,,,,,,,,,,,,,,,,,,,,,,,,,,,,,,,,,,,,,,,,,,,,,,,,,,,,,,,,,,,,,,,,,,,,,,,,,,,,,,LoadPerf,DA3C0000C4020000,8,,WmiApRpl,,,,WmiApRpl,,,,,,,
2026-03-27T22:00:49.160541Z,1000,dc.danglingtree.htb,Microsoft-Windows-LoadPerf,Application,706,4,,,,,,,,,,,,,,,,,,,,,,,,,,,,,,,,,,,,,,,,,,,,,,,,,,,,,,,,,,,,,,,,,,,,,,,,,,,,,,,,,,,,,,,,,,,,,,,,,LoadPerf,DC3C0000823D0000,8,,WmiApRpl,,,,WmiApRpl,,,,,,,
2026-03-27T22:04:53.576058Z,"{'#attributes': {'Qualifiers': 49152}, '#text': 16394}",dc.danglingtree.htb,Microsoft-Windows-Security-SPP,Application,707,4,,,,,,,,,,,,,,,,,,,,,,,,,,,,,,,,,,,,,,,,,,,,,,,,,,,,,,,,,,,,,,,,,,,,,,,,,,,,,,,,,,,,,,,,,,,,,,,,,,,,,,,,,,,,,,,,
2026-03-27T22:05:03.073862Z,1001,dc.danglingtree.htb,Windows Error Reporting,Application,708,4,,,,,,,,,"
\\?\C:\ProgramData\Microsoft\Windows\WER\Temp\WER.63504de0-de0f-42cb-823c-d6b27dc7a5b9.tmp.mdmp
\\?\C:\ProgramData\Microsoft\Windows\WER\Temp\WER.9b7dd4e0-cd8c-4fa4-b1f0-3ae18d467743.tmp.WERInternalMetadata.xml
\\?\C:\ProgramData\Microsoft\Windows\WER\Temp\WER.c43a3a66-5e48-472b-9eba-ed14c3c7c8a1.tmp.xml
\\?\C:\Windows\SystemTemp\WER.3219d386-3428-49e6-ab36-20f7a8616098.tmp.appcompat.txt",,,0,,,,,,0,0,,,,,,,,,,,,,,,,,,,APPCRASH,,,,,,,,,,,,,,,,,,,WindowsAdminCenterAccountManagement.exe,,2.6.11.4,69340000,KERNELBASE.dll,10.0.26100.32230,93531557,e0434352,00000000000ca80a,,,,,,,,,,,0,,baf481de-0711-4175-b128-28e7dc87e508,100,,Not available,,,,,,\\?\C:\ProgramData\Microsoft\Windows\WER\ReportQueue\AppCrash_WindowsAdminCent_a6fb81939b9f405e50f372bdcaf57e747b9d9ae_67a50925_cab_6542128a-8437-4e43-b987-2aa60e55c189,,,,,,,,,,,,,,,,,,,,,,,,,
2026-03-27T22:05:03.143849Z,1001,dc.danglingtree.htb,Windows Error Reporting,Application,709,4,,,,,,,,,"
\\?\C:\ProgramData\Microsoft\Windows\WER\Temp\WER.1d1ec7e6-40ce-4387-9eb8-d279060c54ab.tmp.mdmp
\\?\C:\ProgramData\Microsoft\Windows\WER\Temp\WER.bc0a6d57-8cfb-4189-a22d-df2b7bad3e2e.tmp.WERInternalMetadata.xml
\\?\C:\ProgramData\Microsoft\Windows\WER\Temp\WER.1605a100-ec7e-48e9-8552-ff110d4156ac.tmp.csv
\\?\C:\ProgramData\Microsoft\Windows\WER\Temp\WER.1a75d2dd-7984-4178-a0c2-67ea5667021e.tmp.txt
\\?\C:\ProgramData\Microsoft\Windows\WER\Temp\WER.dbc1c743-45d8-4151-ab6b-02efd68c4346.tmp.xml
\\?\C:\Users\noah.b\AppData\Local\Temp\WER.5c4d0046-fba0-4e0f-b86b-ed90376f6f12.tmp.appcompat.txt
\\?\C:\ProgramData\Microsoft\Windows\WER\ReportQueue\AppCrash_MicrosoftWindows_9f86a51281dab8c088db1448d07468a41d6f1226_23fe3459_cab_fe5fd375-1701-4a6c-a4e4-a7e546ec8317\memory.hdmp",,,0,,,,,,0,0,,,,,,,,,,,,,,,,,,,MoAppCrash,,,,,,,,,,,,,,,,,,,MicrosoftWindows.Client.CBS_1000.26100.275.0_x64__cw5n1h2txyewy,,praid:Global.Accounts,10.0.26100.1,5bc61463,combase.dll,10.0.26100.32230,afe300b1,d0020017,000000000008eea4,,,,,,,,,,0,,7b667a66-1518-4c0f-85e8-df6556056eb7,100,,Not available,,,,,,\\?\C:\ProgramData\Microsoft\Windows\WER\ReportQueue\AppCrash_MicrosoftWindows_9f86a51281dab8c088db1448d07468a41d6f1226_23fe3459_cab_fe5fd375-1701-4a6c-a4e4-a7e546ec8317,,,,,,,,,,,,,,,,,,,,,,,,,
2026-03-27T22:05:03.234815Z,1001,dc.danglingtree.htb,Windows Error Reporting,Application,710,4,,,,,,,,,"
\\?\C:\ProgramData\Microsoft\Windows\WER\Temp\WER.aeeb4342-4a19-4e9b-bad9-8fe00459755d.tmp.WERInternalMetadata.xml",,,0,,,,,,0,0,,,,,,,,,,,,,,,,,,,APPCRASH,,,,,,,,,,,,,,,,,,,WindowsAdminCenterAccountManagement.exe,,2.6.11.4,69340000,KERNELBASE.dll,10.0.26100.32230,93531557,e0434352,00000000000ca80a,,,,,,,,,,,0,,0ef9a54b-0012-428b-b818-a440ae77f469,4196,,Not available,,,,,,\\?\C:\ProgramData\Microsoft\Windows\WER\ReportQueue\AppCrash_WindowsAdminCent_a6fb81939b9f405e50f372bdcaf57e747b9d9ae_67a50925_1cc804e1-e587-4a15-a8ca-cf1621ea084e,,,,,,,,,,,,,,,,,,,,,,,,,
2026-03-27T22:05:03.289034Z,1001,dc.danglingtree.htb,Windows Error Reporting,Application,711,4,,,,,,,,,"
\\?\C:\ProgramData\Microsoft\Windows\WER\Temp\WER.99b886c8-e0e8-489a-a0d9-28654514a882.tmp.mdmp
\\?\C:\ProgramData\Microsoft\Windows\WER\Temp\WER.84a59963-a4f1-4aea-80ca-52fbcdde9735.tmp.WERInternalMetadata.xml
\\?\C:\ProgramData\Microsoft\Windows\WER\Temp\WER.2b2d82e4-8100-4a4d-a1fe-67005fb175d5.tmp.csv
\\?\C:\ProgramData\Microsoft\Windows\WER\Temp\WER.ce8b0763-44e1-4360-9cb5-be90b8f45d17.tmp.txt
\\?\C:\ProgramData\Microsoft\Windows\WER\Temp\WER.439bc349-79ca-47ec-ab9c-ee1cb4c83190.tmp.xml
\\?\C:\Users\Administrator\AppData\Local\Temp\WER.af501206-ea97-4c7f-bbb3-734c84137372.tmp.appcompat.txt
\\?\C:\ProgramData\Microsoft\Windows\WER\ReportQueue\AppCrash_mmc.exe_c785c1e2799bfe946cb6f099faac7058efaa6ad9_b676ff93_cab_9cdf66ab-fb64-47a7-a7ba-60679bad1335\memory.hdmp",,,0,,,,,,0,0,,,,,,,,,,,,,,,,,,,APPCRASH,,,,,,,,,,,,,,,,,,,mmc.exe,,10.0.26100.32230,1865ebef,dsuiext.dll,10.0.26100.1150,1cdcad27,c0000005,000000000000602b,,,,,,,,,,,0,,4c2af429-541a-47f0-9124-c3290b0dda82,100,,Not available,,,,,,\\?\C:\ProgramData\Microsoft\Windows\WER\ReportQueue\AppCrash_mmc.exe_c785c1e2799bfe946cb6f099faac7058efaa6ad9_b676ff93_cab_9cdf66ab-fb64-47a7-a7ba-60679bad1335,,,,,,,,,,,,,,,,,,,,,,,,,
2026-03-27T22:05:03.348982Z,1001,dc.danglingtree.htb,Windows Error Reporting,Application,712,4,,,,,,,,,"
\\?\C:\ProgramData\Microsoft\Windows\WER\Temp\WER.ec2c7b21-5169-48da-952f-5eee27f33588.tmp.WERInternalMetadata.xml",,,0,,,,,,0,0,,,,,,,,,,,,,,,,,,,APPCRASH,,,,,,,,,,,,,,,,,,,WindowsAdminCenterAccountManagement.exe,,2.6.11.4,69340000,KERNELBASE.dll,10.0.26100.32230,93531557,e0434352,00000000000ca80a,,,,,,,,,,,0,,d86281ad-cfc0-4d58-9136-ad64403dcc4b,4196,,Not available,,,,,,\\?\C:\ProgramData\Microsoft\Windows\WER\ReportQueue\AppCrash_WindowsAdminCent_a6fb81939b9f405e50f372bdcaf57e747b9d9ae_67a50925_afcba7d8-e588-47ca-8c74-8b7c9144a88c,,,,,,,,,,,,,,,,,,,,,,,,,
2026-03-27T22:05:23.888457Z,"{'#attributes': {'Qualifiers': 16384}, '#text': 16384}",dc.danglingtree.htb,Microsoft-Windows-Security-SPP,Application,713,4,,,,,,,,,,,,,,,,,,,,,,,,2026-08-23T06:40:23Z,RulesEngine,,,,,,,,,,,,,,,,,,,,,,,,,,,,,,,,,,,,,,,,,,,,,,,,,,,,,,,,,,,,,,,,,,,,,,,,,,,,,,,,,,,,,,,
2026-03-27T22:07:04.600779Z,"{'#attributes': {'Qualifiers': 16384}, '#text': 1704}",dc.danglingtree.htb,SceCli,Application,714,4,,,,,,,,,,,,,,,,,,,,,,,,,,,,,,,,,,,,,,,,,,,,,,,,,,,,,,,,,,,,,,,,,,,,,,,,,,,,,,,,,,,,,,,,,,,,,,,,,,,,,,,,,,,,,,,,
2026-03-27T22:08:10.490821Z,"{'#attributes': {'Qualifiers': 16384}, '#text': 1704}",dc.danglingtree.htb,SceCli,Application,715,4,,,,,,,,,,,,,,,,,,,,,,,,,,,,,,,,,,,,,,,,,,,,,,,,,,,,,,,,,,,,,,,,,,,,,,,,,,,,,,,,,,,,,,,,,,,,,,,,,,,,,,,,,,,,,,,,
2026-03-27T22:11:49.018670Z,23,dc.danglingtree.htb,Microsoft-Windows-AppModel-State,Application,716,3,,,,,,,,,,,,,,,,,,,,,,,,,,,,,,,,,,,,,,,,,,,,,,,,,,,,,,,InitializeDataChangedSignaler,-2147024894,,,,,,,,,,,Microsoft.Windows.ShellExperienceHost_cw5n1h2txyewy,,,,,,,,,,,,,,,,,,,,,,,,,,,,,,,,,,,,,,,,,,,,,
2026-03-27T22:11:49.144796Z,24,dc.danglingtree.htb,Microsoft-Windows-AppModel-State,Application,717,3,,,,,,,,,,,,,,,,,,,,,,,,,,,,,,,,,,,,,,,,,,,,,,,,,,,,,,,InitializeDataChangedSignaler,-2147024894,,,,,,,,,,,Microsoft.Windows.ShellExperienceHost_cw5n1h2txyewy,,,,,,,,,,0,,,,,,,,,,,,,,,,,,,,,,,,,,,,,,,,,,,
2026-03-27T22:12:36.422885Z,"{'#attributes': {'Qualifiers': 32768}, '#text': 256}",dc.danglingtree.htb,Edge,Application,718,4,,,,,,,,,,,,,,,,,,,,,,,[7008:8576:0327/151236.420:INFO:chrome\browser\extensions\extension_garbage_collector.cc:188] Garbage collection for extensions on file thread is complete.,,,,,,,,,,,,,,,,,,,,,,,,,,,,,,,,,,,,,,,,,,,,,,,,,,,,,,,,,,,,,,,,,,,,,,,,,,,,,,,,,,,,,,,,,
2026-03-27T22:13:23.760326Z,"{'#attributes': {'Qualifiers': 0}, '#text': 0}",dc.danglingtree.htb,MailService,Application,719,2,,,,,,,,,,,,,,,,,,,,,,,"Failed writing new mailConfig.json: Access to the path 'C:\Program Files (x86)\SmarterTools\SmarterMail\Service\mailConfig.old.xml' is denied.
",,,,,,,,,,,,,,,,,,,,,,,,,,,,,,,,,,,,,,,,,,,,,,,,,,,,,,,,,,,,,,,,,,,,,,,,,,,,,,,,,,,,,,,,,
2026-03-27T22:13:25.585524Z,1008,dc.danglingtree.htb,Microsoft-Windows-Perflib,Application,720,3,,,,,,,,,,,,,,,,,,,,,,,,,,,,,,,,,,,,,,,,,,,,,,,C:\WINDOWS\system32\mscoree.dll,,,,,,,,,,,,,,,,,,,,,,,,,,,,,,,,,,,,,.NETFramework,,,,,,,,,,,5,,,,,,,,,,,,,,,,,
2026-03-27T22:13:25.945781Z,1008,dc.danglingtree.htb,Microsoft-Windows-Perflib,Application,721,3,,,,,,,,,,,,,,,,,,,,,,,,,,,,,,,,,,,,,,,,,,,,,,,C:\WINDOWS\system32\esentprf.dll,,,,,,,,,,,,,,,,,,,,,,,,,,,,,,,,,,,,,ESENT,,,,,,,,,,,5,,,,,,,,,,,,,,,,,
2026-03-27T22:13:26.211093Z,1016,dc.danglingtree.htb,Microsoft-Windows-Perflib,Application,722,3,,,,,,,,,,,,,0x1dbc0fd8690,1364,,,,,,,,,,,,,,,,,,,,,,,,,,,,,,,,,C:\Windows\System32\perfts.dll,,,,,,,,,,,,,,,,,,,,,,,,,,,,,,,,,,,,,TermService,,,,,,,,,,,,,,,,,,,,,,,,,,,,
2026-03-27T22:13:26.290580Z,1008,dc.danglingtree.htb,Microsoft-Windows-Perflib,Application,723,3,,,,,,,,,,,,,,,,,,,,,,,,,,,,,,,,,,,,,,,,,,,,,,,C:\WINDOWS\system32\wbem\wmiaprpl.dll,,,,,,,,,,,,,,,,,,,,,,,,,,,,,,,,,,,,,WmiApRpl,,,,,,,,,,,21,,,,,,,,,,,,,,,,,
2026-03-27T22:18:18.147829Z,"{'#attributes': {'Qualifiers': 32768}, '#text': 6000}",dc.danglingtree.htb,Microsoft-Windows-Winlogon,Application,724,4,,,,,,,,,,D9060000,,,,,,,,,,,,,WSearch,,,,,,,,,,,,,,,,,,,,,,,,,,,,,,,,,,,,,,,,,,,,,,,,,,,,,,,,,,,,,,,,,,,,,,,,,,,,,,,,,,,,,,,,,
2026-03-27T22:18:20.250319Z,"{'#attributes': {'Qualifiers': 32768}, '#text': 6000}",dc.danglingtree.htb,Microsoft-Windows-Winlogon,Application,725,4,,,,,,,,,,D9060000,,,,,,,,,,,,,WSearch,,,,,,,,,,,,,,,,,,,,,,,,,,,,,,,,,,,,,,,,,,,,,,,,,,,,,,,,,,,,,,,,,,,,,,,,,,,,,,,,,,,,,,,,,
2026-03-27T22:18:21.470228Z,"{'#attributes': {'Qualifiers': 0}, '#text': 260}",dc.danglingtree.htb,VMUpgradeHelper,Application,726,4,,,,,,,,,,,,,,,,,,,,,,,,,,,,,,,,,,,,,,,,,,,,,,,,,,,,,,,,,,,,,,,,,,,,,,,,,,,,,,,,,,,,,,,,,,,,,,,,,,,,,,,,,,,,,,,,
2026-03-27T22:18:21.470674Z,"{'#attributes': {'Qualifiers': 0}, '#text': 272}",dc.danglingtree.htb,VMUpgradeHelper,Application,727,4,,,,,,,,,,,,,,,,,,,,,,,,,,,,,,,,,,,,,,,,,,,,,,,,,,,,,,,,,,,,,,,,,,,,,,,,,,,,,,,,,,,,,,,,,,,,,,,,,,,,,,,,,,,,,,,,
2026-03-27T22:18:21.484732Z,"{'#attributes': {'Qualifiers': 0}, '#text': 108}",dc.danglingtree.htb,VMTools,Application,728,4,,,,,,,,,,,,,,,,,,,,,,,,,,,,,,,,,,,,,,,,,,,,,,,,,,,,,,,,,,,,,,,,,,,,,,,,,,,,,,,,,,,,,,,,,,,,,,,,,,,,,,,,,,,,,,,,
2026-03-27T22:18:21.830592Z,"{'#attributes': {'Qualifiers': 0}, '#text': 13}",dc.danglingtree.htb,VSS,Application,729,2,,,,,,,,,,2D20436F64653A20575254575254494330303030343932332D2043616C6C3A20575254575254494330303030343931362D205049443A202030303030333035322D205449443A202030303030393331322D20434D443A2020433A5C57494E444F57535C73797374656D33325C737663686F73742E657865202D6B204E6574776F726B53657276696365202D70202020202D20557365723A204E616D653A204E5420415554484F524954595C4E4554574F524B20534552564943452C205349443A532D312D352D3230,,,,,,,,,,,,,,{4e14fba2-2e22-11d1-9964-00c04fbbb345},CEventSystem,"0x8007045b, A system shutdown is in progress.
",,,,,,,,,,,,,,,,,,,,,,,,,,,,,,,,,,,,,,,,,,,,,,,,,,,,,,,,,,,,,,,,,,,,,,,,,,,,,,,,,,,,,,
