2026-03-27T22:18:18.178173Z,54,dc.danglingtree.htb,Microsoft-Windows-TerminalServices-LocalSessionManager,Microsoft-Windows-TerminalServices-LocalSessionManager/Operational,198,4,,,,,,,,,,,,,,
2026-03-27T22:18:20.252098Z,23,dc.danglingtree.htb,Microsoft-Windows-TerminalServices-LocalSessionManager,Microsoft-Windows-TerminalServices-LocalSessionManager/Operational,199,4,,,,,,,,2,,,,DANGLINGTREE\noah.b,Event_NS,
2026-03-27T22:18:40.524653Z,32,dc.danglingtree.htb,Microsoft-Windows-TerminalServices-LocalSessionManager,Microsoft-Windows-TerminalServices-LocalSessionManager/Operational,200,4,,,,,,,,,,,,,Event_NS,RDSAppXPlugin
2026-03-27T22:19:43.208622Z,59,dc.danglingtree.htb,Microsoft-Windows-TerminalServices-LocalSessionManager,Microsoft-Windows-TerminalServices-LocalSessionManager/Operational,201,4,,"""LogonUI.exe"" /flags:0x2 /state0:0xa3bd2055 /state1:0x41c64e6d",1068,RpcGetCurrentSessionCapabilities,,,,,1,,,,Event_NS,
2026-03-27T22:19:43.210011Z,59,dc.danglingtree.htb,Microsoft-Windows-TerminalServices-LocalSessionManager,Microsoft-Windows-TerminalServices-LocalSessionManager/Operational,202,4,,"""LogonUI.exe"" /flags:0x2 /state0:0xa3bd2055 /state1:0x41c64e6d",1068,RpcGetCurrentSessionCapabilities,,,,,1,,,,Event_NS,
2026-03-27T22:19:49.584233Z,41,dc.danglingtree.htb,Microsoft-Windows-TerminalServices-LocalSessionManager,Microsoft-Windows-TerminalServices-LocalSessionManager/Operational,203,4,,,,,,,,1,,,,DANGLINGTREE\Administrator,Event_NS,
2026-03-27T22:19:49.589230Z,42,dc.danglingtree.htb,Microsoft-Windows-TerminalServices-LocalSessionManager,Microsoft-Windows-TerminalServices-LocalSessionManager/Operational,204,4,,,,,,,,1,,,,DANGLINGTREE\Administrator,Event_NS,
2026-03-27T22:19:49.709473Z,59,dc.danglingtree.htb,Microsoft-Windows-TerminalServices-LocalSessionManager,Microsoft-Windows-TerminalServices-LocalSessionManager/Operational,205,4,,C:\WINDOWS\system32\svchost.exe -k netsvcs -s CertPropSvc,2032,RpcGetCurrentSessionCapabilities,,,,,0,,,,Event_NS,
2026-03-27T22:19:49.713409Z,59,dc.danglingtree.htb,Microsoft-Windows-TerminalServices-LocalSessionManager,Microsoft-Windows-TerminalServices-LocalSessionManager/Operational,206,4,,C:\WINDOWS\system32\svchost.exe -k netsvcs -s CertPropSvc,2032,RpcGetCurrentSessionCapabilities,,,,,0,,,,Event_NS,
2026-03-27T22:19:49.716624Z,59,dc.danglingtree.htb,Microsoft-Windows-TerminalServices-LocalSessionManager,Microsoft-Windows-TerminalServices-LocalSessionManager/Operational,207,4,,C:\WINDOWS\system32\svchost.exe -k netsvcs -s CertPropSvc,2032,RpcGetCurrentSessionCapabilities,,,,,0,,,,Event_NS,
2026-03-27T22:19:49.760363Z,21,dc.danglingtree.htb,Microsoft-Windows-TerminalServices-LocalSessionManager,Microsoft-Windows-TerminalServices-LocalSessionManager/Operational,208,4,LOCAL,,,,,,,1,,,,DANGLINGTREE\Administrator,Event_NS,
2026-03-27T22:19:50.084264Z,22,dc.danglingtree.htb,Microsoft-Windows-TerminalServices-LocalSessionManager,Microsoft-Windows-TerminalServices-LocalSessionManager/Operational,209,4,LOCAL,,,,,,,1,,,,DANGLINGTREE\Administrator,Event_NS,
2026-03-27T22:21:38.110564Z,59,dc.danglingtree.htb,Microsoft-Windows-TerminalServices-LocalSessionManager,Microsoft-Windows-TerminalServices-LocalSessionManager/Operational,210,4,,"""C:\WINDOWS\system32\mmc.exe"" ""C:\WINDOWS\system32\taskschd.msc"" /s",3740,RpcGetCurrentSessionCapabilities,,,,,1,,,,Event_NS,
2026-03-27T22:21:38.111752Z,59,dc.danglingtree.htb,Microsoft-Windows-TerminalServices-LocalSessionManager,Microsoft-Windows-TerminalServices-LocalSessionManager/Operational,211,4,,"""C:\WINDOWS\system32\mmc.exe"" ""C:\WINDOWS\system32\taskschd.msc"" /s",3740,RpcGetCurrentSessionCapabilities,,,,,1,,,,Event_NS,
2026-03-27T22:22:37.979238Z,23,dc.danglingtree.htb,Microsoft-Windows-TerminalServices-LocalSessionManager,Microsoft-Windows-TerminalServices-LocalSessionManager/Operational,212,4,,,,,,,,1,,,,DANGLINGTREE\Administrator,Event_NS,
2026-03-27T22:22:38.001356Z,54,dc.danglingtree.htb,Microsoft-Windows-TerminalServices-LocalSessionManager,Microsoft-Windows-TerminalServices-LocalSessionManager/Operational,213,4,,,,,,,,,,,,,,
2026-03-27T22:22:56.249965Z,32,dc.danglingtree.htb,Microsoft-Windows-TerminalServices-LocalSessionManager,Microsoft-Windows-TerminalServices-LocalSessionManager/Operational,214,4,,,,,,,,,,,,,Event_NS,RDSAppXPlugin
2026-03-27T22:23:40.110070Z,59,dc.danglingtree.htb,Microsoft-Windows-TerminalServices-LocalSessionManager,Microsoft-Windows-TerminalServices-LocalSessionManager/Operational,215,4,,"""LogonUI.exe"" /flags:0x2 /state0:0xa3bd2055 /state1:0x41c64e6d",1064,RpcGetCurrentSessionCapabilities,,,,,1,,,,Event_NS,
2026-03-27T22:23:40.110689Z,59,dc.danglingtree.htb,Microsoft-Windows-TerminalServices-LocalSessionManager,Microsoft-Windows-TerminalServices-LocalSessionManager/Operational,216,4,,"""LogonUI.exe"" /flags:0x2 /state0:0xa3bd2055 /state1:0x41c64e6d",1064,RpcGetCurrentSessionCapabilities,,,,,1,,,,Event_NS,
2026-03-27T22:23:54.963327Z,41,dc.danglingtree.htb,Microsoft-Windows-TerminalServices-LocalSessionManager,Microsoft-Windows-TerminalServices-LocalSessionManager/Operational,217,4,,,,,,,,1,,,,DANGLINGTREE\Administrator,Event_NS,
2026-03-27T22:23:54.967544Z,42,dc.danglingtree.htb,Microsoft-Windows-TerminalServices-LocalSessionManager,Microsoft-Windows-TerminalServices-LocalSessionManager/Operational,218,4,,,,,,,,1,,,,DANGLINGTREE\Administrator,Event_NS,
2026-03-27T22:23:55.226878Z,59,dc.danglingtree.htb,Microsoft-Windows-TerminalServices-LocalSessionManager,Microsoft-Windows-TerminalServices-LocalSessionManager/Operational,219,4,,C:\WINDOWS\system32\svchost.exe -k netsvcs -s CertPropSvc,2076,RpcGetCurrentSessionCapabilities,,,,,0,,,,Event_NS,
2026-03-27T22:23:55.229157Z,59,dc.danglingtree.htb,Microsoft-Windows-TerminalServices-LocalSessionManager,Microsoft-Windows-TerminalServices-LocalSessionManager/Operational,220,4,,C:\WINDOWS\system32\svchost.exe -k netsvcs -s CertPropSvc,2076,RpcGetCurrentSessionCapabilities,,,,,0,,,,Event_NS,
2026-03-27T22:23:55.230564Z,59,dc.danglingtree.htb,Microsoft-Windows-TerminalServices-LocalSessionManager,Microsoft-Windows-TerminalServices-LocalSessionManager/Operational,221,4,,C:\WINDOWS\system32\svchost.exe -k netsvcs -s CertPropSvc,2076,RpcGetCurrentSessionCapabilities,,,,,0,,,,Event_NS,
2026-03-27T22:23:55.299590Z,21,dc.danglingtree.htb,Microsoft-Windows-TerminalServices-LocalSessionManager,Microsoft-Windows-TerminalServices-LocalSessionManager/Operational,222,4,LOCAL,,,,,,,1,,,,DANGLINGTREE\Administrator,Event_NS,
2026-03-27T22:23:55.643004Z,22,dc.danglingtree.htb,Microsoft-Windows-TerminalServices-LocalSessionManager,Microsoft-Windows-TerminalServices-LocalSessionManager/Operational,223,4,LOCAL,,,,,,,1,,,,DANGLINGTREE\Administrator,Event_NS,
2026-03-27T22:24:52.340791Z,59,dc.danglingtree.htb,Microsoft-Windows-TerminalServices-LocalSessionManager,Microsoft-Windows-TerminalServices-LocalSessionManager/Operational,224,4,,"""C:\WINDOWS\system32\mmc.exe"" ""C:\WINDOWS\system32\taskschd.msc"" /s",9608,RpcGetCurrentSessionCapabilities,,,,,1,,,,Event_NS,
2026-03-27T22:24:52.341351Z,59,dc.danglingtree.htb,Microsoft-Windows-TerminalServices-LocalSessionManager,Microsoft-Windows-TerminalServices-LocalSessionManager/Operational,225,4,,"""C:\WINDOWS\system32\mmc.exe"" ""C:\WINDOWS\system32\taskschd.msc"" /s",9608,RpcGetCurrentSessionCapabilities,,,,,1,,,,Event_NS,
2026-03-27T22:39:32.259194Z,23,dc.danglingtree.htb,Microsoft-Windows-TerminalServices-LocalSessionManager,Microsoft-Windows-TerminalServices-LocalSessionManager/Operational,226,4,,,,,,,,1,,,,DANGLINGTREE\Administrator,Event_NS,
2026-03-27T22:39:32.286686Z,54,dc.danglingtree.htb,Microsoft-Windows-TerminalServices-LocalSessionManager,Microsoft-Windows-TerminalServices-LocalSessionManager/Operational,227,4,,,,,,,,,,,,,,
2026-03-27T22:39:51.028628Z,32,dc.danglingtree.htb,Microsoft-Windows-TerminalServices-LocalSessionManager,Microsoft-Windows-TerminalServices-LocalSessionManager/Operational,228,4,,,,,,,,,,,,,Event_NS,RDSAppXPlugin
2026-03-27T22:40:41.785219Z,59,dc.danglingtree.htb,Microsoft-Windows-TerminalServices-LocalSessionManager,Microsoft-Windows-TerminalServices-LocalSessionManager/Operational,229,4,,"""LogonUI.exe"" /flags:0x2 /state0:0xa3bd2055 /state1:0x41c64e6d",1076,RpcGetCurrentSessionCapabilities,,,,,1,,,,Event_NS,
2026-03-27T22:40:41.785652Z,59,dc.danglingtree.htb,Microsoft-Windows-TerminalServices-LocalSessionManager,Microsoft-Windows-TerminalServices-LocalSessionManager/Operational,230,4,,"""LogonUI.exe"" /flags:0x2 /state0:0xa3bd2055 /state1:0x41c64e6d",1076,RpcGetCurrentSessionCapabilities,,,,,1,,,,Event_NS,
2026-03-27T22:40:49.543803Z,41,dc.danglingtree.htb,Microsoft-Windows-TerminalServices-LocalSessionManager,Microsoft-Windows-TerminalServices-LocalSessionManager/Operational,231,4,,,,,,,,1,,,,DANGLINGTREE\Administrator,Event_NS,
2026-03-27T22:40:49.546736Z,42,dc.danglingtree.htb,Microsoft-Windows-TerminalServices-LocalSessionManager,Microsoft-Windows-TerminalServices-LocalSessionManager/Operational,232,4,,,,,,,,1,,,,DANGLINGTREE\Administrator,Event_NS,
2026-03-27T22:40:49.640311Z,59,dc.danglingtree.htb,Microsoft-Windows-TerminalServices-LocalSessionManager,Microsoft-Windows-TerminalServices-LocalSessionManager/Operational,233,4,,C:\WINDOWS\system32\svchost.exe -k netsvcs -s CertPropSvc,1464,RpcGetCurrentSessionCapabilities,,,,,0,,,,Event_NS,
2026-03-27T22:40:49.642735Z,59,dc.danglingtree.htb,Microsoft-Windows-TerminalServices-LocalSessionManager,Microsoft-Windows-TerminalServices-LocalSessionManager/Operational,234,4,,C:\WINDOWS\system32\svchost.exe -k netsvcs -s CertPropSvc,1464,RpcGetCurrentSessionCapabilities,,,,,0,,,,Event_NS,
2026-03-27T22:40:49.645099Z,59,dc.danglingtree.htb,Microsoft-Windows-TerminalServices-LocalSessionManager,Microsoft-Windows-TerminalServices-LocalSessionManager/Operational,235,4,,C:\WINDOWS\system32\svchost.exe -k netsvcs -s CertPropSvc,1464,RpcGetCurrentSessionCapabilities,,,,,0,,,,Event_NS,
2026-03-27T22:40:49.676915Z,21,dc.danglingtree.htb,Microsoft-Windows-TerminalServices-LocalSessionManager,Microsoft-Windows-TerminalServices-LocalSessionManager/Operational,236,4,LOCAL,,,,,,,1,,,,DANGLINGTREE\Administrator,Event_NS,
2026-03-27T22:40:49.834344Z,22,dc.danglingtree.htb,Microsoft-Windows-TerminalServices-LocalSessionManager,Microsoft-Windows-TerminalServices-LocalSessionManager/Operational,237,4,LOCAL,,,,,,,1,,,,DANGLINGTREE\Administrator,Event_NS,
2026-03-27T23:18:48.472031Z,59,dc.danglingtree.htb,Microsoft-Windows-TerminalServices-LocalSessionManager,Microsoft-Windows-TerminalServices-LocalSessionManager/Operational,238,4,,"""LogonUI.exe"" /flags:0x0 /state0:0xa384b055 /state1:0x41c64e6d",7856,RpcGetCurrentSessionCapabilities,,,,,1,,,,Event_NS,
2026-03-27T23:18:48.472442Z,59,dc.danglingtree.htb,Microsoft-Windows-TerminalServices-LocalSessionManager,Microsoft-Windows-TerminalServices-LocalSessionManager/Operational,239,4,,"""LogonUI.exe"" /flags:0x0 /state0:0xa384b055 /state1:0x41c64e6d",7856,RpcGetCurrentSessionCapabilities,,,,,1,,,,Event_NS,
2026-03-27T23:33:58.661357Z,59,dc.danglingtree.htb,Microsoft-Windows-TerminalServices-LocalSessionManager,Microsoft-Windows-TerminalServices-LocalSessionManager/Operational,240,4,,"""LogonUI.exe"" /flags:0x0 /state0:0xa384b055 /state1:0x41c64e6d",7856,RpcGetCurrentSessionCapabilities,,,,,1,,,,Event_NS,
2026-03-27T23:33:58.661699Z,59,dc.danglingtree.htb,Microsoft-Windows-TerminalServices-LocalSessionManager,Microsoft-Windows-TerminalServices-LocalSessionManager/Operational,241,4,,"""LogonUI.exe"" /flags:0x0 /state0:0xa384b055 /state1:0x41c64e6d",7856,RpcGetCurrentSessionCapabilities,,,,,1,,,,Event_NS,
2026-03-27T23:34:07.299945Z,59,dc.danglingtree.htb,Microsoft-Windows-TerminalServices-LocalSessionManager,Microsoft-Windows-TerminalServices-LocalSessionManager/Operational,242,4,,C:\WINDOWS\system32\svchost.exe -k netsvcs -s CertPropSvc,1464,RpcGetCurrentSessionCapabilities,,,,,0,,,,Event_NS,
2026-03-27T23:39:21.287991Z,59,dc.danglingtree.htb,Microsoft-Windows-TerminalServices-LocalSessionManager,Microsoft-Windows-TerminalServices-LocalSessionManager/Operational,243,4,,"""C:\WINDOWS\system32\mmc.exe"" ""C:\WINDOWS\system32\taskschd.msc"" /s",2888,RpcGetCurrentSessionCapabilities,,,,,1,,,,Event_NS,
2026-03-27T23:39:21.288567Z,59,dc.danglingtree.htb,Microsoft-Windows-TerminalServices-LocalSessionManager,Microsoft-Windows-TerminalServices-LocalSessionManager/Operational,244,4,,"""C:\WINDOWS\system32\mmc.exe"" ""C:\WINDOWS\system32\taskschd.msc"" /s",2888,RpcGetCurrentSessionCapabilities,,,,,1,,,,Event_NS,
2026-03-27T23:40:01.415649Z,23,dc.danglingtree.htb,Microsoft-Windows-TerminalServices-LocalSessionManager,Microsoft-Windows-TerminalServices-LocalSessionManager/Operational,245,4,,,,,,,,1,,,,DANGLINGTREE\Administrator,Event_NS,
2026-03-27T23:40:01.449740Z,54,dc.danglingtree.htb,Microsoft-Windows-TerminalServices-LocalSessionManager,Microsoft-Windows-TerminalServices-LocalSessionManager/Operational,246,4,,,,,,,,,,,,,,
2026-03-27T23:40:17.779247Z,32,dc.danglingtree.htb,Microsoft-Windows-TerminalServices-LocalSessionManager,Microsoft-Windows-TerminalServices-LocalSessionManager/Operational,247,4,,,,,,,,,,,,,Event_NS,RDSAppXPlugin
2026-03-27T23:41:39.564090Z,59,dc.danglingtree.htb,Microsoft-Windows-TerminalServices-LocalSessionManager,Microsoft-Windows-TerminalServices-LocalSessionManager/Operational,248,4,,"""LogonUI.exe"" /flags:0x2 /state0:0xa3bd2055 /state1:0x41c64e6d",1064,RpcGetCurrentSessionCapabilities,,,,,1,,,,Event_NS,
2026-03-27T23:41:39.564415Z,59,dc.danglingtree.htb,Microsoft-Windows-TerminalServices-LocalSessionManager,Microsoft-Windows-TerminalServices-LocalSessionManager/Operational,249,4,,"""LogonUI.exe"" /flags:0x2 /state0:0xa3bd2055 /state1:0x41c64e6d",1064,RpcGetCurrentSessionCapabilities,,,,,1,,,,Event_NS,
2026-03-27T23:41:49.913877Z,41,dc.danglingtree.htb,Microsoft-Windows-TerminalServices-LocalSessionManager,Microsoft-Windows-TerminalServices-LocalSessionManager/Operational,250,4,,,,,,,,1,,,,DANGLINGTREE\Administrator,Event_NS,
2026-03-27T23:41:49.916171Z,42,dc.danglingtree.htb,Microsoft-Windows-TerminalServices-LocalSessionManager,Microsoft-Windows-TerminalServices-LocalSessionManager/Operational,251,4,,,,,,,,1,,,,DANGLINGTREE\Administrator,Event_NS,
2026-03-27T23:41:50.013704Z,59,dc.danglingtree.htb,Microsoft-Windows-TerminalServices-LocalSessionManager,Microsoft-Windows-TerminalServices-LocalSessionManager/Operational,252,4,,C:\WINDOWS\system32\svchost.exe -k netsvcs -s CertPropSvc,1660,RpcGetCurrentSessionCapabilities,,,,,0,,,,Event_NS,
2026-03-27T23:41:50.015117Z,59,dc.danglingtree.htb,Microsoft-Windows-TerminalServices-LocalSessionManager,Microsoft-Windows-TerminalServices-LocalSessionManager/Operational,253,4,,C:\WINDOWS\system32\svchost.exe -k netsvcs -s CertPropSvc,1660,RpcGetCurrentSessionCapabilities,,,,,0,,,,Event_NS,
2026-03-27T23:41:50.015681Z,59,dc.danglingtree.htb,Microsoft-Windows-TerminalServices-LocalSessionManager,Microsoft-Windows-TerminalServices-LocalSessionManager/Operational,254,4,,C:\WINDOWS\system32\svchost.exe -k netsvcs -s CertPropSvc,1660,RpcGetCurrentSessionCapabilities,,,,,0,,,,Event_NS,
2026-03-27T23:41:50.049646Z,21,dc.danglingtree.htb,Microsoft-Windows-TerminalServices-LocalSessionManager,Microsoft-Windows-TerminalServices-LocalSessionManager/Operational,255,4,LOCAL,,,,,,,1,,,,DANGLINGTREE\Administrator,Event_NS,
2026-03-27T23:41:50.205484Z,22,dc.danglingtree.htb,Microsoft-Windows-TerminalServices-LocalSessionManager,Microsoft-Windows-TerminalServices-LocalSessionManager/Operational,256,4,LOCAL,,,,,,,1,,,,DANGLINGTREE\Administrator,Event_NS,
2026-03-27T23:43:32.911312Z,23,dc.danglingtree.htb,Microsoft-Windows-TerminalServices-LocalSessionManager,Microsoft-Windows-TerminalServices-LocalSessionManager/Operational,257,4,,,,,,,,1,,,,DANGLINGTREE\Administrator,Event_NS,
2026-03-27T23:43:32.926338Z,54,dc.danglingtree.htb,Microsoft-Windows-TerminalServices-LocalSessionManager,Microsoft-Windows-TerminalServices-LocalSessionManager/Operational,258,4,,,,,,,,,,,,,,
2026-03-27T23:43:48.964229Z,32,dc.danglingtree.htb,Microsoft-Windows-TerminalServices-LocalSessionManager,Microsoft-Windows-TerminalServices-LocalSessionManager/Operational,259,4,,,,,,,,,,,,,Event_NS,RDSAppXPlugin
2026-03-27T23:44:47.872087Z,59,dc.danglingtree.htb,Microsoft-Windows-TerminalServices-LocalSessionManager,Microsoft-Windows-TerminalServices-LocalSessionManager/Operational,260,4,,"""LogonUI.exe"" /flags:0x2 /state0:0xa3bd2055 /state1:0x41c64e6d",1064,RpcGetCurrentSessionCapabilities,,,,,1,,,,Event_NS,
2026-03-27T23:44:47.872397Z,59,dc.danglingtree.htb,Microsoft-Windows-TerminalServices-LocalSessionManager,Microsoft-Windows-TerminalServices-LocalSessionManager/Operational,261,4,,"""LogonUI.exe"" /flags:0x2 /state0:0xa3bd2055 /state1:0x41c64e6d",1064,RpcGetCurrentSessionCapabilities,,,,,1,,,,Event_NS,
2026-03-27T23:46:01.476235Z,41,dc.danglingtree.htb,Microsoft-Windows-TerminalServices-LocalSessionManager,Microsoft-Windows-TerminalServices-LocalSessionManager/Operational,262,4,,,,,,,,1,,,,DANGLINGTREE\Administrator,Event_NS,
2026-03-27T23:46:01.478902Z,42,dc.danglingtree.htb,Microsoft-Windows-TerminalServices-LocalSessionManager,Microsoft-Windows-TerminalServices-LocalSessionManager/Operational,263,4,,,,,,,,1,,,,DANGLINGTREE\Administrator,Event_NS,
2026-03-27T23:46:01.523072Z,59,dc.danglingtree.htb,Microsoft-Windows-TerminalServices-LocalSessionManager,Microsoft-Windows-TerminalServices-LocalSessionManager/Operational,264,4,,C:\WINDOWS\system32\svchost.exe -k netsvcs -s CertPropSvc,1944,RpcGetCurrentSessionCapabilities,,,,,0,,,,Event_NS,
2026-03-27T23:46:01.525305Z,59,dc.danglingtree.htb,Microsoft-Windows-TerminalServices-LocalSessionManager,Microsoft-Windows-TerminalServices-LocalSessionManager/Operational,265,4,,C:\WINDOWS\system32\svchost.exe -k netsvcs -s CertPropSvc,1944,RpcGetCurrentSessionCapabilities,,,,,0,,,,Event_NS,
2026-03-27T23:46:01.526035Z,59,dc.danglingtree.htb,Microsoft-Windows-TerminalServices-LocalSessionManager,Microsoft-Windows-TerminalServices-LocalSessionManager/Operational,266,4,,C:\WINDOWS\system32\svchost.exe -k netsvcs -s CertPropSvc,1944,RpcGetCurrentSessionCapabilities,,,,,0,,,,Event_NS,
2026-03-27T23:46:01.555946Z,21,dc.danglingtree.htb,Microsoft-Windows-TerminalServices-LocalSessionManager,Microsoft-Windows-TerminalServices-LocalSessionManager/Operational,267,4,LOCAL,,,,,,,1,,,,DANGLINGTREE\Administrator,Event_NS,
2026-03-27T23:46:01.716674Z,22,dc.danglingtree.htb,Microsoft-Windows-TerminalServices-LocalSessionManager,Microsoft-Windows-TerminalServices-LocalSessionManager/Operational,268,4,LOCAL,,,,,,,1,,,,DANGLINGTREE\Administrator,Event_NS,
2026-03-28T00:05:40.666144Z,23,dc.danglingtree.htb,Microsoft-Windows-TerminalServices-LocalSessionManager,Microsoft-Windows-TerminalServices-LocalSessionManager/Operational,269,4,,,,,,,,1,,,,DANGLINGTREE\Administrator,Event_NS,
2026-03-28T00:05:40.684738Z,54,dc.danglingtree.htb,Microsoft-Windows-TerminalServices-LocalSessionManager,Microsoft-Windows-TerminalServices-LocalSessionManager/Operational,270,4,,,,,,,,,,,,,,
2026-03-28T00:05:57.738596Z,32,dc.danglingtree.htb,Microsoft-Windows-TerminalServices-LocalSessionManager,Microsoft-Windows-TerminalServices-LocalSessionManager/Operational,271,4,,,,,,,,,,,,,Event_NS,RDSAppXPlugin
2026-03-28T00:06:46.145109Z,59,dc.danglingtree.htb,Microsoft-Windows-TerminalServices-LocalSessionManager,Microsoft-Windows-TerminalServices-LocalSessionManager/Operational,272,4,,"""LogonUI.exe"" /flags:0x2 /state0:0xa3bd2055 /state1:0x41c64e6d",1056,RpcGetCurrentSessionCapabilities,,,,,1,,,,Event_NS,
2026-03-28T00:06:46.145409Z,59,dc.danglingtree.htb,Microsoft-Windows-TerminalServices-LocalSessionManager,Microsoft-Windows-TerminalServices-LocalSessionManager/Operational,273,4,,"""LogonUI.exe"" /flags:0x2 /state0:0xa3bd2055 /state1:0x41c64e6d",1056,RpcGetCurrentSessionCapabilities,,,,,1,,,,Event_NS,
2026-03-28T00:06:56.638195Z,41,dc.danglingtree.htb,Microsoft-Windows-TerminalServices-LocalSessionManager,Microsoft-Windows-TerminalServices-LocalSessionManager/Operational,274,4,,,,,,,,1,,,,DANGLINGTREE\Administrator,Event_NS,
2026-03-28T00:06:56.641779Z,42,dc.danglingtree.htb,Microsoft-Windows-TerminalServices-LocalSessionManager,Microsoft-Windows-TerminalServices-LocalSessionManager/Operational,275,4,,,,,,,,1,,,,DANGLINGTREE\Administrator,Event_NS,
2026-03-28T00:06:56.744132Z,59,dc.danglingtree.htb,Microsoft-Windows-TerminalServices-LocalSessionManager,Microsoft-Windows-TerminalServices-LocalSessionManager/Operational,276,4,,C:\WINDOWS\system32\svchost.exe -k netsvcs -s CertPropSvc,1648,RpcGetCurrentSessionCapabilities,,,,,0,,,,Event_NS,
2026-03-28T00:06:56.746358Z,59,dc.danglingtree.htb,Microsoft-Windows-TerminalServices-LocalSessionManager,Microsoft-Windows-TerminalServices-LocalSessionManager/Operational,277,4,,C:\WINDOWS\system32\svchost.exe -k netsvcs -s CertPropSvc,1648,RpcGetCurrentSessionCapabilities,,,,,0,,,,Event_NS,
2026-03-28T00:06:56.746403Z,59,dc.danglingtree.htb,Microsoft-Windows-TerminalServices-LocalSessionManager,Microsoft-Windows-TerminalServices-LocalSessionManager/Operational,278,4,,C:\WINDOWS\system32\svchost.exe -k netsvcs -s CertPropSvc,1648,RpcGetCurrentSessionCapabilities,,,,,0,,,,Event_NS,
2026-03-28T00:06:56.772328Z,21,dc.danglingtree.htb,Microsoft-Windows-TerminalServices-LocalSessionManager,Microsoft-Windows-TerminalServices-LocalSessionManager/Operational,279,4,LOCAL,,,,,,,1,,,,DANGLINGTREE\Administrator,Event_NS,
2026-03-28T00:06:56.924274Z,22,dc.danglingtree.htb,Microsoft-Windows-TerminalServices-LocalSessionManager,Microsoft-Windows-TerminalServices-LocalSessionManager/Operational,280,4,LOCAL,,,,,,,1,,,,DANGLINGTREE\Administrator,Event_NS,
2026-03-28T00:19:28.591499Z,23,dc.danglingtree.htb,Microsoft-Windows-TerminalServices-LocalSessionManager,Microsoft-Windows-TerminalServices-LocalSessionManager/Operational,281,4,,,,,,,,1,,,,DANGLINGTREE\Administrator,Event_NS,
2026-03-28T00:19:28.620528Z,54,dc.danglingtree.htb,Microsoft-Windows-TerminalServices-LocalSessionManager,Microsoft-Windows-TerminalServices-LocalSessionManager/Operational,282,4,,,,,,,,,,,,,,
2026-03-28T00:19:45.011080Z,32,dc.danglingtree.htb,Microsoft-Windows-TerminalServices-LocalSessionManager,Microsoft-Windows-TerminalServices-LocalSessionManager/Operational,283,4,,,,,,,,,,,,,Event_NS,RDSAppXPlugin
2026-03-28T00:20:33.877644Z,59,dc.danglingtree.htb,Microsoft-Windows-TerminalServices-LocalSessionManager,Microsoft-Windows-TerminalServices-LocalSessionManager/Operational,284,4,,"""LogonUI.exe"" /flags:0x2 /state0:0xa3bd2055 /state1:0x41c64e6d",1064,RpcGetCurrentSessionCapabilities,,,,,1,,,,Event_NS,
2026-03-28T00:20:33.878022Z,59,dc.danglingtree.htb,Microsoft-Windows-TerminalServices-LocalSessionManager,Microsoft-Windows-TerminalServices-LocalSessionManager/Operational,285,4,,"""LogonUI.exe"" /flags:0x2 /state0:0xa3bd2055 /state1:0x41c64e6d",1064,RpcGetCurrentSessionCapabilities,,,,,1,,,,Event_NS,
2026-03-28T00:20:44.776562Z,41,dc.danglingtree.htb,Microsoft-Windows-TerminalServices-LocalSessionManager,Microsoft-Windows-TerminalServices-LocalSessionManager/Operational,286,4,,,,,,,,1,,,,DANGLINGTREE\Administrator,Event_NS,
2026-03-28T00:20:44.779308Z,42,dc.danglingtree.htb,Microsoft-Windows-TerminalServices-LocalSessionManager,Microsoft-Windows-TerminalServices-LocalSessionManager/Operational,287,4,,,,,,,,1,,,,DANGLINGTREE\Administrator,Event_NS,
2026-03-28T00:20:44.879501Z,59,dc.danglingtree.htb,Microsoft-Windows-TerminalServices-LocalSessionManager,Microsoft-Windows-TerminalServices-LocalSessionManager/Operational,288,4,,C:\WINDOWS\system32\svchost.exe -k netsvcs -s CertPropSvc,2008,RpcGetCurrentSessionCapabilities,,,,,0,,,,Event_NS,
2026-03-28T00:20:44.879811Z,59,dc.danglingtree.htb,Microsoft-Windows-TerminalServices-LocalSessionManager,Microsoft-Windows-TerminalServices-LocalSessionManager/Operational,289,4,,C:\WINDOWS\system32\svchost.exe -k netsvcs -s CertPropSvc,2008,RpcGetCurrentSessionCapabilities,,,,,0,,,,Event_NS,
2026-03-28T00:20:44.881419Z,59,dc.danglingtree.htb,Microsoft-Windows-TerminalServices-LocalSessionManager,Microsoft-Windows-TerminalServices-LocalSessionManager/Operational,290,4,,C:\WINDOWS\system32\svchost.exe -k netsvcs -s CertPropSvc,2008,RpcGetCurrentSessionCapabilities,,,,,0,,,,Event_NS,
2026-03-28T00:20:44.912704Z,21,dc.danglingtree.htb,Microsoft-Windows-TerminalServices-LocalSessionManager,Microsoft-Windows-TerminalServices-LocalSessionManager/Operational,291,4,LOCAL,,,,,,,1,,,,DANGLINGTREE\Administrator,Event_NS,
2026-03-28T00:20:45.076147Z,22,dc.danglingtree.htb,Microsoft-Windows-TerminalServices-LocalSessionManager,Microsoft-Windows-TerminalServices-LocalSessionManager/Operational,292,4,LOCAL,,,,,,,1,,,,DANGLINGTREE\Administrator,Event_NS,
2026-03-28T00:25:06.953464Z,59,dc.danglingtree.htb,Microsoft-Windows-TerminalServices-LocalSessionManager,Microsoft-Windows-TerminalServices-LocalSessionManager/Operational,293,4,,"""C:\WINDOWS\system32\mmc.exe"" ""C:\WINDOWS\system32\taskschd.msc"" /s",9120,RpcGetCurrentSessionCapabilities,,,,,1,,,,Event_NS,
2026-03-28T00:25:06.954502Z,59,dc.danglingtree.htb,Microsoft-Windows-TerminalServices-LocalSessionManager,Microsoft-Windows-TerminalServices-LocalSessionManager/Operational,294,4,,"""C:\WINDOWS\system32\mmc.exe"" ""C:\WINDOWS\system32\taskschd.msc"" /s",9120,RpcGetCurrentSessionCapabilities,,,,,1,,,,Event_NS,
2026-03-28T00:25:23.080016Z,23,dc.danglingtree.htb,Microsoft-Windows-TerminalServices-LocalSessionManager,Microsoft-Windows-TerminalServices-LocalSessionManager/Operational,295,4,,,,,,,,1,,,,DANGLINGTREE\Administrator,Event_NS,
2026-03-28T00:25:23.141496Z,54,dc.danglingtree.htb,Microsoft-Windows-TerminalServices-LocalSessionManager,Microsoft-Windows-TerminalServices-LocalSessionManager/Operational,296,4,,,,,,,,,,,,,,
2026-03-28T00:25:41.371581Z,32,dc.danglingtree.htb,Microsoft-Windows-TerminalServices-LocalSessionManager,Microsoft-Windows-TerminalServices-LocalSessionManager/Operational,297,4,,,,,,,,,,,,,Event_NS,RDSAppXPlugin
2026-03-28T00:26:27.587637Z,59,dc.danglingtree.htb,Microsoft-Windows-TerminalServices-LocalSessionManager,Microsoft-Windows-TerminalServices-LocalSessionManager/Operational,298,4,,"""LogonUI.exe"" /flags:0x2 /state0:0xa3bd2055 /state1:0x41c64e6d",1060,RpcGetCurrentSessionCapabilities,,,,,1,,,,Event_NS,
2026-03-28T00:26:27.588094Z,59,dc.danglingtree.htb,Microsoft-Windows-TerminalServices-LocalSessionManager,Microsoft-Windows-TerminalServices-LocalSessionManager/Operational,299,4,,"""LogonUI.exe"" /flags:0x2 /state0:0xa3bd2055 /state1:0x41c64e6d",1060,RpcGetCurrentSessionCapabilities,,,,,1,,,,Event_NS,
2026-03-28T00:28:51.743930Z,59,dc.danglingtree.htb,Microsoft-Windows-TerminalServices-LocalSessionManager,Microsoft-Windows-TerminalServices-LocalSessionManager/Operational,300,4,,"""LogonUI.exe"" /flags:0x2 /state0:0xa3bd2055 /state1:0x41c64e6d",1060,RpcGetCurrentSessionCapabilities,,,,,1,,,,Event_NS,
2026-03-28T00:28:51.745776Z,59,dc.danglingtree.htb,Microsoft-Windows-TerminalServices-LocalSessionManager,Microsoft-Windows-TerminalServices-LocalSessionManager/Operational,301,4,,"""LogonUI.exe"" /flags:0x2 /state0:0xa3bd2055 /state1:0x41c64e6d",1060,RpcGetCurrentSessionCapabilities,,,,,1,,,,Event_NS,
2026-03-28T00:29:11.091960Z,41,dc.danglingtree.htb,Microsoft-Windows-TerminalServices-LocalSessionManager,Microsoft-Windows-TerminalServices-LocalSessionManager/Operational,302,4,,,,,,,,1,,,,DANGLINGTREE\Administrator,Event_NS,
2026-03-28T00:29:11.094672Z,42,dc.danglingtree.htb,Microsoft-Windows-TerminalServices-LocalSessionManager,Microsoft-Windows-TerminalServices-LocalSessionManager/Operational,303,4,,,,,,,,1,,,,DANGLINGTREE\Administrator,Event_NS,
2026-03-28T00:29:11.141736Z,59,dc.danglingtree.htb,Microsoft-Windows-TerminalServices-LocalSessionManager,Microsoft-Windows-TerminalServices-LocalSessionManager/Operational,304,4,,C:\WINDOWS\system32\svchost.exe -k netsvcs -s CertPropSvc,1700,RpcGetCurrentSessionCapabilities,,,,,0,,,,Event_NS,
2026-03-28T00:29:11.142122Z,59,dc.danglingtree.htb,Microsoft-Windows-TerminalServices-LocalSessionManager,Microsoft-Windows-TerminalServices-LocalSessionManager/Operational,305,4,,C:\WINDOWS\system32\svchost.exe -k netsvcs -s CertPropSvc,1700,RpcGetCurrentSessionCapabilities,,,,,0,,,,Event_NS,
2026-03-28T00:29:11.145007Z,59,dc.danglingtree.htb,Microsoft-Windows-TerminalServices-LocalSessionManager,Microsoft-Windows-TerminalServices-LocalSessionManager/Operational,306,4,,C:\WINDOWS\system32\svchost.exe -k netsvcs -s CertPropSvc,1700,RpcGetCurrentSessionCapabilities,,,,,0,,,,Event_NS,
2026-03-28T00:29:11.175843Z,21,dc.danglingtree.htb,Microsoft-Windows-TerminalServices-LocalSessionManager,Microsoft-Windows-TerminalServices-LocalSessionManager/Operational,307,4,LOCAL,,,,,,,1,,,,DANGLINGTREE\Administrator,Event_NS,
2026-03-28T00:29:11.306775Z,22,dc.danglingtree.htb,Microsoft-Windows-TerminalServices-LocalSessionManager,Microsoft-Windows-TerminalServices-LocalSessionManager/Operational,308,4,LOCAL,,,,,,,1,,,,DANGLINGTREE\Administrator,Event_NS,
2026-03-28T00:35:38.465739Z,23,dc.danglingtree.htb,Microsoft-Windows-TerminalServices-LocalSessionManager,Microsoft-Windows-TerminalServices-LocalSessionManager/Operational,309,4,,,,,,,,1,,,,DANGLINGTREE\Administrator,Event_NS,
2026-03-28T00:35:38.483300Z,54,dc.danglingtree.htb,Microsoft-Windows-TerminalServices-LocalSessionManager,Microsoft-Windows-TerminalServices-LocalSessionManager/Operational,310,4,,,,,,,,,,,,,,
2026-03-28T00:35:55.866925Z,32,dc.danglingtree.htb,Microsoft-Windows-TerminalServices-LocalSessionManager,Microsoft-Windows-TerminalServices-LocalSessionManager/Operational,311,4,,,,,,,,,,,,,Event_NS,RDSAppXPlugin
2026-03-28T00:36:46.812624Z,59,dc.danglingtree.htb,Microsoft-Windows-TerminalServices-LocalSessionManager,Microsoft-Windows-TerminalServices-LocalSessionManager/Operational,312,4,,"""LogonUI.exe"" /flags:0x2 /state0:0xa3bd2055 /state1:0x41c64e6d",1068,RpcGetCurrentSessionCapabilities,,,,,1,,,,Event_NS,
2026-03-28T00:36:46.812958Z,59,dc.danglingtree.htb,Microsoft-Windows-TerminalServices-LocalSessionManager,Microsoft-Windows-TerminalServices-LocalSessionManager/Operational,313,4,,"""LogonUI.exe"" /flags:0x2 /state0:0xa3bd2055 /state1:0x41c64e6d",1068,RpcGetCurrentSessionCapabilities,,,,,1,,,,Event_NS,
2026-03-28T00:36:54.994222Z,41,dc.danglingtree.htb,Microsoft-Windows-TerminalServices-LocalSessionManager,Microsoft-Windows-TerminalServices-LocalSessionManager/Operational,314,4,,,,,,,,1,,,,DANGLINGTREE\Administrator,Event_NS,
2026-03-28T00:36:54.997247Z,42,dc.danglingtree.htb,Microsoft-Windows-TerminalServices-LocalSessionManager,Microsoft-Windows-TerminalServices-LocalSessionManager/Operational,315,4,,,,,,,,1,,,,DANGLINGTREE\Administrator,Event_NS,
2026-03-28T00:36:55.092043Z,59,dc.danglingtree.htb,Microsoft-Windows-TerminalServices-LocalSessionManager,Microsoft-Windows-TerminalServices-LocalSessionManager/Operational,316,4,,C:\WINDOWS\system32\svchost.exe -k netsvcs -s CertPropSvc,1920,RpcGetCurrentSessionCapabilities,,,,,0,,,,Event_NS,
2026-03-28T00:36:55.095818Z,59,dc.danglingtree.htb,Microsoft-Windows-TerminalServices-LocalSessionManager,Microsoft-Windows-TerminalServices-LocalSessionManager/Operational,317,4,,C:\WINDOWS\system32\svchost.exe -k netsvcs -s CertPropSvc,1920,RpcGetCurrentSessionCapabilities,,,,,0,,,,Event_NS,
2026-03-28T00:36:55.096151Z,59,dc.danglingtree.htb,Microsoft-Windows-TerminalServices-LocalSessionManager,Microsoft-Windows-TerminalServices-LocalSessionManager/Operational,318,4,,C:\WINDOWS\system32\svchost.exe -k netsvcs -s CertPropSvc,1920,RpcGetCurrentSessionCapabilities,,,,,0,,,,Event_NS,
2026-03-28T00:36:55.129042Z,21,dc.danglingtree.htb,Microsoft-Windows-TerminalServices-LocalSessionManager,Microsoft-Windows-TerminalServices-LocalSessionManager/Operational,319,4,LOCAL,,,,,,,1,,,,DANGLINGTREE\Administrator,Event_NS,
2026-03-28T00:36:55.304940Z,22,dc.danglingtree.htb,Microsoft-Windows-TerminalServices-LocalSessionManager,Microsoft-Windows-TerminalServices-LocalSessionManager/Operational,320,4,LOCAL,,,,,,,1,,,,DANGLINGTREE\Administrator,Event_NS,
2026-03-28T00:46:55.812460Z,59,dc.danglingtree.htb,Microsoft-Windows-TerminalServices-LocalSessionManager,Microsoft-Windows-TerminalServices-LocalSessionManager/Operational,321,4,,"""C:\WINDOWS\system32\mmc.exe"" ""C:\WINDOWS\system32\taskschd.msc"" /s",1524,RpcGetCurrentSessionCapabilities,,,,,1,,,,Event_NS,
2026-03-28T00:46:55.813027Z,59,dc.danglingtree.htb,Microsoft-Windows-TerminalServices-LocalSessionManager,Microsoft-Windows-TerminalServices-LocalSessionManager/Operational,322,4,,"""C:\WINDOWS\system32\mmc.exe"" ""C:\WINDOWS\system32\taskschd.msc"" /s",1524,RpcGetCurrentSessionCapabilities,,,,,1,,,,Event_NS,
2026-03-28T00:48:42.509010Z,59,dc.danglingtree.htb,Microsoft-Windows-TerminalServices-LocalSessionManager,Microsoft-Windows-TerminalServices-LocalSessionManager/Operational,323,4,,"""C:\WINDOWS\system32\mmc.exe"" ""C:\WINDOWS\system32\taskschd.msc"" /s",1524,RpcGetCurrentSessionCapabilities,,,,,1,,,,Event_NS,
2026-03-28T00:52:49.989251Z,23,dc.danglingtree.htb,Microsoft-Windows-TerminalServices-LocalSessionManager,Microsoft-Windows-TerminalServices-LocalSessionManager/Operational,324,4,,,,,,,,1,,,,DANGLINGTREE\Administrator,Event_NS,
2026-03-28T00:52:50.006256Z,54,dc.danglingtree.htb,Microsoft-Windows-TerminalServices-LocalSessionManager,Microsoft-Windows-TerminalServices-LocalSessionManager/Operational,325,4,,,,,,,,,,,,,,
2026-03-28T00:53:05.709513Z,32,dc.danglingtree.htb,Microsoft-Windows-TerminalServices-LocalSessionManager,Microsoft-Windows-TerminalServices-LocalSessionManager/Operational,326,4,,,,,,,,,,,,,Event_NS,RDSAppXPlugin
2026-03-28T00:53:48.973292Z,59,dc.danglingtree.htb,Microsoft-Windows-TerminalServices-LocalSessionManager,Microsoft-Windows-TerminalServices-LocalSessionManager/Operational,327,4,,"""LogonUI.exe"" /flags:0x2 /state0:0xa3bd2055 /state1:0x41c64e6d",1060,RpcGetCurrentSessionCapabilities,,,,,1,,,,Event_NS,
2026-03-28T00:53:48.976673Z,59,dc.danglingtree.htb,Microsoft-Windows-TerminalServices-LocalSessionManager,Microsoft-Windows-TerminalServices-LocalSessionManager/Operational,328,4,,"""LogonUI.exe"" /flags:0x2 /state0:0xa3bd2055 /state1:0x41c64e6d",1060,RpcGetCurrentSessionCapabilities,,,,,1,,,,Event_NS,
2026-03-28T00:53:48.998733Z,59,dc.danglingtree.htb,Microsoft-Windows-TerminalServices-LocalSessionManager,Microsoft-Windows-TerminalServices-LocalSessionManager/Operational,329,4,,"""LogonUI.exe"" /flags:0x2 /state0:0xa3bd2055 /state1:0x41c64e6d",1060,RpcGetCurrentSessionCapabilities,,,,,1,,,,Event_NS,
2026-03-28T00:53:49.103820Z,41,dc.danglingtree.htb,Microsoft-Windows-TerminalServices-LocalSessionManager,Microsoft-Windows-TerminalServices-LocalSessionManager/Operational,330,4,,,,,,,,1,,,,DANGLINGTREE\svc_mail,Event_NS,
2026-03-28T00:53:49.107002Z,42,dc.danglingtree.htb,Microsoft-Windows-TerminalServices-LocalSessionManager,Microsoft-Windows-TerminalServices-LocalSessionManager/Operational,331,4,,,,,,,,1,,,,DANGLINGTREE\svc_mail,Event_NS,
2026-03-28T00:53:49.372299Z,59,dc.danglingtree.htb,Microsoft-Windows-TerminalServices-LocalSessionManager,Microsoft-Windows-TerminalServices-LocalSessionManager/Operational,332,4,,C:\WINDOWS\system32\svchost.exe -k netsvcs -s CertPropSvc,1876,RpcGetCurrentSessionCapabilities,,,,,0,,,,Event_NS,
2026-03-28T00:53:49.373782Z,59,dc.danglingtree.htb,Microsoft-Windows-TerminalServices-LocalSessionManager,Microsoft-Windows-TerminalServices-LocalSessionManager/Operational,333,4,,C:\WINDOWS\system32\svchost.exe -k netsvcs -s CertPropSvc,1876,RpcGetCurrentSessionCapabilities,,,,,0,,,,Event_NS,
2026-03-28T00:53:49.374844Z,59,dc.danglingtree.htb,Microsoft-Windows-TerminalServices-LocalSessionManager,Microsoft-Windows-TerminalServices-LocalSessionManager/Operational,334,4,,C:\WINDOWS\system32\svchost.exe -k netsvcs -s CertPropSvc,1876,RpcGetCurrentSessionCapabilities,,,,,0,,,,Event_NS,
2026-03-28T00:53:49.375036Z,21,dc.danglingtree.htb,Microsoft-Windows-TerminalServices-LocalSessionManager,Microsoft-Windows-TerminalServices-LocalSessionManager/Operational,335,4,LOCAL,,,,,,,1,,,,DANGLINGTREE\svc_mail,Event_NS,
2026-03-28T00:53:49.552363Z,22,dc.danglingtree.htb,Microsoft-Windows-TerminalServices-LocalSessionManager,Microsoft-Windows-TerminalServices-LocalSessionManager/Operational,336,4,LOCAL,,,,,,,1,,,,DANGLINGTREE\svc_mail,Event_NS,
2026-03-28T00:54:30.474502Z,23,dc.danglingtree.htb,Microsoft-Windows-TerminalServices-LocalSessionManager,Microsoft-Windows-TerminalServices-LocalSessionManager/Operational,337,4,,,,,,,,1,,,,DANGLINGTREE\svc_mail,Event_NS,
2026-03-28T00:54:30.510190Z,39,dc.danglingtree.htb,Microsoft-Windows-TerminalServices-LocalSessionManager,Microsoft-Windows-TerminalServices-LocalSessionManager/Operational,338,4,,,,,,,,,,1,1,,Event_NS,
2026-03-28T00:54:30.510207Z,40,dc.danglingtree.htb,Microsoft-Windows-TerminalServices-LocalSessionManager,Microsoft-Windows-TerminalServices-LocalSessionManager/Operational,339,4,,,,,,11,1,,,,,,Event_NS,
2026-03-28T00:54:30.586688Z,24,dc.danglingtree.htb,Microsoft-Windows-TerminalServices-LocalSessionManager,Microsoft-Windows-TerminalServices-LocalSessionManager/Operational,340,4,LOCAL,,,,,,,1,,,,DANGLINGTREE\svc_mail,Event_NS,
2026-03-28T00:54:32.843734Z,59,dc.danglingtree.htb,Microsoft-Windows-TerminalServices-LocalSessionManager,Microsoft-Windows-TerminalServices-LocalSessionManager/Operational,341,4,,"""LogonUI.exe"" /flags:0x2 /state0:0xa38ab855 /state1:0x41c64e6d",8340,RpcGetCurrentSessionCapabilities,,,,,2,,,,Event_NS,
2026-03-28T00:54:32.844061Z,59,dc.danglingtree.htb,Microsoft-Windows-TerminalServices-LocalSessionManager,Microsoft-Windows-TerminalServices-LocalSessionManager/Operational,342,4,,"""LogonUI.exe"" /flags:0x2 /state0:0xa38ab855 /state1:0x41c64e6d",8340,RpcGetCurrentSessionCapabilities,,,,,2,,,,Event_NS,
2026-03-28T00:55:18.863188Z,41,dc.danglingtree.htb,Microsoft-Windows-TerminalServices-LocalSessionManager,Microsoft-Windows-TerminalServices-LocalSessionManager/Operational,343,4,,,,,,,,2,,,,DANGLINGTREE\administrator,Event_NS,
2026-03-28T00:55:18.864684Z,42,dc.danglingtree.htb,Microsoft-Windows-TerminalServices-LocalSessionManager,Microsoft-Windows-TerminalServices-LocalSessionManager/Operational,344,4,,,,,,,,2,,,,DANGLINGTREE\administrator,Event_NS,
2026-03-28T00:55:18.927955Z,59,dc.danglingtree.htb,Microsoft-Windows-TerminalServices-LocalSessionManager,Microsoft-Windows-TerminalServices-LocalSessionManager/Operational,345,4,,C:\WINDOWS\system32\svchost.exe -k netsvcs -s CertPropSvc,1876,RpcGetCurrentSessionCapabilities,,,,,0,,,,Event_NS,
2026-03-28T00:55:18.932052Z,59,dc.danglingtree.htb,Microsoft-Windows-TerminalServices-LocalSessionManager,Microsoft-Windows-TerminalServices-LocalSessionManager/Operational,346,4,,C:\WINDOWS\system32\svchost.exe -k netsvcs -s CertPropSvc,1876,RpcGetCurrentSessionCapabilities,,,,,0,,,,Event_NS,
2026-03-28T00:55:18.933649Z,59,dc.danglingtree.htb,Microsoft-Windows-TerminalServices-LocalSessionManager,Microsoft-Windows-TerminalServices-LocalSessionManager/Operational,347,4,,C:\WINDOWS\system32\svchost.exe -k netsvcs -s CertPropSvc,1876,RpcGetCurrentSessionCapabilities,,,,,0,,,,Event_NS,
2026-03-28T00:55:18.955650Z,21,dc.danglingtree.htb,Microsoft-Windows-TerminalServices-LocalSessionManager,Microsoft-Windows-TerminalServices-LocalSessionManager/Operational,348,4,LOCAL,,,,,,,2,,,,DANGLINGTREE\administrator,Event_NS,
2026-03-28T00:55:19.092814Z,22,dc.danglingtree.htb,Microsoft-Windows-TerminalServices-LocalSessionManager,Microsoft-Windows-TerminalServices-LocalSessionManager/Operational,349,4,LOCAL,,,,,,,2,,,,DANGLINGTREE\administrator,Event_NS,
2026-03-28T00:56:16.408359Z,59,dc.danglingtree.htb,Microsoft-Windows-TerminalServices-LocalSessionManager,Microsoft-Windows-TerminalServices-LocalSessionManager/Operational,350,4,,"""C:\WINDOWS\system32\mmc.exe"" ""C:\WINDOWS\system32\taskschd.msc"" /s",6116,RpcGetCurrentSessionCapabilities,,,,,2,,,,Event_NS,
2026-03-28T00:56:16.409028Z,59,dc.danglingtree.htb,Microsoft-Windows-TerminalServices-LocalSessionManager,Microsoft-Windows-TerminalServices-LocalSessionManager/Operational,351,4,,"""C:\WINDOWS\system32\mmc.exe"" ""C:\WINDOWS\system32\taskschd.msc"" /s",6116,RpcGetCurrentSessionCapabilities,,,,,2,,,,Event_NS,
2026-03-28T00:56:29.393470Z,23,dc.danglingtree.htb,Microsoft-Windows-TerminalServices-LocalSessionManager,Microsoft-Windows-TerminalServices-LocalSessionManager/Operational,352,4,,,,,,,,2,,,,DANGLINGTREE\administrator,Event_NS,
2026-03-28T00:56:29.416626Z,54,dc.danglingtree.htb,Microsoft-Windows-TerminalServices-LocalSessionManager,Microsoft-Windows-TerminalServices-LocalSessionManager/Operational,353,4,,,,,,,,,,,,,,
2026-03-28T00:56:46.936807Z,32,dc.danglingtree.htb,Microsoft-Windows-TerminalServices-LocalSessionManager,Microsoft-Windows-TerminalServices-LocalSessionManager/Operational,354,4,,,,,,,,,,,,,Event_NS,RDSAppXPlugin
2026-03-28T00:57:33.435654Z,59,dc.danglingtree.htb,Microsoft-Windows-TerminalServices-LocalSessionManager,Microsoft-Windows-TerminalServices-LocalSessionManager/Operational,355,4,,"""LogonUI.exe"" /flags:0x2 /state0:0xa3bd2055 /state1:0x41c64e6d",1076,RpcGetCurrentSessionCapabilities,,,,,1,,,,Event_NS,
2026-03-28T00:57:33.436062Z,59,dc.danglingtree.htb,Microsoft-Windows-TerminalServices-LocalSessionManager,Microsoft-Windows-TerminalServices-LocalSessionManager/Operational,356,4,,"""LogonUI.exe"" /flags:0x2 /state0:0xa3bd2055 /state1:0x41c64e6d",1076,RpcGetCurrentSessionCapabilities,,,,,1,,,,Event_NS,
2026-03-28T00:57:33.457862Z,59,dc.danglingtree.htb,Microsoft-Windows-TerminalServices-LocalSessionManager,Microsoft-Windows-TerminalServices-LocalSessionManager/Operational,357,4,,"""LogonUI.exe"" /flags:0x2 /state0:0xa3bd2055 /state1:0x41c64e6d",1076,RpcGetCurrentSessionCapabilities,,,,,1,,,,Event_NS,
2026-03-28T00:57:33.548870Z,41,dc.danglingtree.htb,Microsoft-Windows-TerminalServices-LocalSessionManager,Microsoft-Windows-TerminalServices-LocalSessionManager/Operational,358,4,,,,,,,,1,,,,DANGLINGTREE\svc_mail,Event_NS,
2026-03-28T00:57:33.551426Z,42,dc.danglingtree.htb,Microsoft-Windows-TerminalServices-LocalSessionManager,Microsoft-Windows-TerminalServices-LocalSessionManager/Operational,359,4,,,,,,,,1,,,,DANGLINGTREE\svc_mail,Event_NS,
2026-03-28T00:57:33.676471Z,59,dc.danglingtree.htb,Microsoft-Windows-TerminalServices-LocalSessionManager,Microsoft-Windows-TerminalServices-LocalSessionManager/Operational,360,4,,C:\WINDOWS\system32\svchost.exe -k netsvcs -s CertPropSvc,2012,RpcGetCurrentSessionCapabilities,,,,,0,,,,Event_NS,
2026-03-28T00:57:33.677630Z,59,dc.danglingtree.htb,Microsoft-Windows-TerminalServices-LocalSessionManager,Microsoft-Windows-TerminalServices-LocalSessionManager/Operational,361,4,,C:\WINDOWS\system32\svchost.exe -k netsvcs -s CertPropSvc,2012,RpcGetCurrentSessionCapabilities,,,,,0,,,,Event_NS,
2026-03-28T00:57:33.678349Z,59,dc.danglingtree.htb,Microsoft-Windows-TerminalServices-LocalSessionManager,Microsoft-Windows-TerminalServices-LocalSessionManager/Operational,362,4,,C:\WINDOWS\system32\svchost.exe -k netsvcs -s CertPropSvc,2012,RpcGetCurrentSessionCapabilities,,,,,0,,,,Event_NS,
2026-03-28T00:57:33.678856Z,21,dc.danglingtree.htb,Microsoft-Windows-TerminalServices-LocalSessionManager,Microsoft-Windows-TerminalServices-LocalSessionManager/Operational,363,4,LOCAL,,,,,,,1,,,,DANGLINGTREE\svc_mail,Event_NS,
2026-03-28T00:57:33.821372Z,22,dc.danglingtree.htb,Microsoft-Windows-TerminalServices-LocalSessionManager,Microsoft-Windows-TerminalServices-LocalSessionManager/Operational,364,4,LOCAL,,,,,,,1,,,,DANGLINGTREE\svc_mail,Event_NS,
2026-03-28T01:00:02.800332Z,59,dc.danglingtree.htb,Microsoft-Windows-TerminalServices-LocalSessionManager,Microsoft-Windows-TerminalServices-LocalSessionManager/Operational,365,4,,consent.exe 7564 562 000001F5611A2900,1756,RpcGetCurrentSessionCapabilities,,,,,1,,,,Event_NS,
2026-03-28T01:00:02.800872Z,59,dc.danglingtree.htb,Microsoft-Windows-TerminalServices-LocalSessionManager,Microsoft-Windows-TerminalServices-LocalSessionManager/Operational,366,4,,consent.exe 7564 562 000001F5611A2900,1756,RpcGetCurrentSessionCapabilities,,,,,1,,,,Event_NS,
2026-03-28T01:04:03.186509Z,23,dc.danglingtree.htb,Microsoft-Windows-TerminalServices-LocalSessionManager,Microsoft-Windows-TerminalServices-LocalSessionManager/Operational,367,4,,,,,,,,1,,,,DANGLINGTREE\svc_mail,Event_NS,
2026-03-28T01:04:03.215238Z,39,dc.danglingtree.htb,Microsoft-Windows-TerminalServices-LocalSessionManager,Microsoft-Windows-TerminalServices-LocalSessionManager/Operational,368,4,,,,,,,,,,1,1,,Event_NS,
2026-03-28T01:04:03.215248Z,40,dc.danglingtree.htb,Microsoft-Windows-TerminalServices-LocalSessionManager,Microsoft-Windows-TerminalServices-LocalSessionManager/Operational,369,4,,,,,,11,1,,,,,,Event_NS,
2026-03-28T01:04:03.300689Z,24,dc.danglingtree.htb,Microsoft-Windows-TerminalServices-LocalSessionManager,Microsoft-Windows-TerminalServices-LocalSessionManager/Operational,370,4,LOCAL,,,,,,,1,,,,DANGLINGTREE\svc_mail,Event_NS,
2026-03-28T01:04:08.069722Z,59,dc.danglingtree.htb,Microsoft-Windows-TerminalServices-LocalSessionManager,Microsoft-Windows-TerminalServices-LocalSessionManager/Operational,371,4,,"""LogonUI.exe"" /flags:0x2 /state0:0xa385c055 /state1:0x41c64e6d",8344,RpcGetCurrentSessionCapabilities,,,,,2,,,,Event_NS,
2026-03-28T01:04:08.070209Z,59,dc.danglingtree.htb,Microsoft-Windows-TerminalServices-LocalSessionManager,Microsoft-Windows-TerminalServices-LocalSessionManager/Operational,372,4,,"""LogonUI.exe"" /flags:0x2 /state0:0xa385c055 /state1:0x41c64e6d",8344,RpcGetCurrentSessionCapabilities,,,,,2,,,,Event_NS,
2026-03-28T01:04:31.092657Z,41,dc.danglingtree.htb,Microsoft-Windows-TerminalServices-LocalSessionManager,Microsoft-Windows-TerminalServices-LocalSessionManager/Operational,373,4,,,,,,,,2,,,,DANGLINGTREE\administrator,Event_NS,
2026-03-28T01:04:31.095248Z,42,dc.danglingtree.htb,Microsoft-Windows-TerminalServices-LocalSessionManager,Microsoft-Windows-TerminalServices-LocalSessionManager/Operational,374,4,,,,,,,,2,,,,DANGLINGTREE\administrator,Event_NS,
2026-03-28T01:04:31.156244Z,59,dc.danglingtree.htb,Microsoft-Windows-TerminalServices-LocalSessionManager,Microsoft-Windows-TerminalServices-LocalSessionManager/Operational,375,4,,C:\WINDOWS\system32\svchost.exe -k netsvcs -s CertPropSvc,2012,RpcGetCurrentSessionCapabilities,,,,,0,,,,Event_NS,
2026-03-28T01:04:31.160497Z,59,dc.danglingtree.htb,Microsoft-Windows-TerminalServices-LocalSessionManager,Microsoft-Windows-TerminalServices-LocalSessionManager/Operational,376,4,,C:\WINDOWS\system32\svchost.exe -k netsvcs -s CertPropSvc,2012,RpcGetCurrentSessionCapabilities,,,,,0,,,,Event_NS,
2026-03-28T01:04:31.160590Z,59,dc.danglingtree.htb,Microsoft-Windows-TerminalServices-LocalSessionManager,Microsoft-Windows-TerminalServices-LocalSessionManager/Operational,377,4,,C:\WINDOWS\system32\svchost.exe -k netsvcs -s CertPropSvc,2012,RpcGetCurrentSessionCapabilities,,,,,0,,,,Event_NS,
2026-03-28T01:04:31.177680Z,21,dc.danglingtree.htb,Microsoft-Windows-TerminalServices-LocalSessionManager,Microsoft-Windows-TerminalServices-LocalSessionManager/Operational,378,4,LOCAL,,,,,,,2,,,,DANGLINGTREE\administrator,Event_NS,
2026-03-28T01:04:31.304462Z,22,dc.danglingtree.htb,Microsoft-Windows-TerminalServices-LocalSessionManager,Microsoft-Windows-TerminalServices-LocalSessionManager/Operational,379,4,LOCAL,,,,,,,2,,,,DANGLINGTREE\administrator,Event_NS,
2026-03-28T01:05:38.760727Z,23,dc.danglingtree.htb,Microsoft-Windows-TerminalServices-LocalSessionManager,Microsoft-Windows-TerminalServices-LocalSessionManager/Operational,380,4,,,,,,,,2,,,,DANGLINGTREE\administrator,Event_NS,
2026-03-28T01:05:38.781104Z,54,dc.danglingtree.htb,Microsoft-Windows-TerminalServices-LocalSessionManager,Microsoft-Windows-TerminalServices-LocalSessionManager/Operational,381,4,,,,,,,,,,,,,,
2026-03-28T01:05:55.326327Z,32,dc.danglingtree.htb,Microsoft-Windows-TerminalServices-LocalSessionManager,Microsoft-Windows-TerminalServices-LocalSessionManager/Operational,382,4,,,,,,,,,,,,,Event_NS,RDSAppXPlugin
2026-03-28T01:06:35.672210Z,59,dc.danglingtree.htb,Microsoft-Windows-TerminalServices-LocalSessionManager,Microsoft-Windows-TerminalServices-LocalSessionManager/Operational,383,4,,"""LogonUI.exe"" /flags:0x2 /state0:0xa3bd2055 /state1:0x41c64e6d",1064,RpcGetCurrentSessionCapabilities,,,,,1,,,,Event_NS,
2026-03-28T01:06:35.672597Z,59,dc.danglingtree.htb,Microsoft-Windows-TerminalServices-LocalSessionManager,Microsoft-Windows-TerminalServices-LocalSessionManager/Operational,384,4,,"""LogonUI.exe"" /flags:0x2 /state0:0xa3bd2055 /state1:0x41c64e6d",1064,RpcGetCurrentSessionCapabilities,,,,,1,,,,Event_NS,
2026-03-28T01:06:35.696757Z,59,dc.danglingtree.htb,Microsoft-Windows-TerminalServices-LocalSessionManager,Microsoft-Windows-TerminalServices-LocalSessionManager/Operational,385,4,,"""LogonUI.exe"" /flags:0x2 /state0:0xa3bd2055 /state1:0x41c64e6d",1064,RpcGetCurrentSessionCapabilities,,,,,1,,,,Event_NS,
2026-03-28T01:06:35.759185Z,41,dc.danglingtree.htb,Microsoft-Windows-TerminalServices-LocalSessionManager,Microsoft-Windows-TerminalServices-LocalSessionManager/Operational,386,4,,,,,,,,1,,,,DANGLINGTREE\administrator,Event_NS,
2026-03-28T01:06:35.763022Z,42,dc.danglingtree.htb,Microsoft-Windows-TerminalServices-LocalSessionManager,Microsoft-Windows-TerminalServices-LocalSessionManager/Operational,387,4,,,,,,,,1,,,,DANGLINGTREE\administrator,Event_NS,
2026-03-28T01:06:35.903578Z,59,dc.danglingtree.htb,Microsoft-Windows-TerminalServices-LocalSessionManager,Microsoft-Windows-TerminalServices-LocalSessionManager/Operational,388,4,,C:\WINDOWS\system32\svchost.exe -k netsvcs -s CertPropSvc,2044,RpcGetCurrentSessionCapabilities,,,,,0,,,,Event_NS,
