2026-03-26T05:21:05.893127Z,112,dc,Microsoft-Windows-HttpService,System,641,4,,,,,,,,,,,,,,,,,,,,,,,,,,,,,,,,,,,,,,,,,,,,,,,,,,,,,,,,,,,,,,,,,,,,,,,,,,,,,,,,,,,,,,,,,,,,,,,,,,,,,,,,,,,,,,,,,,,,,,,,,,,,,,,,,,,,,,,,,,,,,,,,,,,,,,,,,,,,,,,,,,,,,,,,,,,,,,,,,4,,,,,,,,,,,,,0,,,,,,,,,,,,,,,,,,,,,,,,,,,,,,,,,,,http://+:10243/WMPNSSv4/,,S-1-5-18,,,,,,,,,,,,,,,,,,,,,,,,,,
2026-03-26T05:21:05.893138Z,112,dc,Microsoft-Windows-HttpService,System,642,4,,,,,,,,,,,,,,,,,,,,,,,,,,,,,,,,,,,,,,,,,,,,,,,,,,,,,,,,,,,,,,,,,,,,,,,,,,,,,,,,,,,,,,,,,,,,,,,,,,,,,,,,,,,,,,,,,,,,,,,,,,,,,,,,,,,,,,,,,,,,,,,,,,,,,,,,,,,,,,,,,,,,,,,,,,,,,,,,,4,,,,,,,,,,,,,0,,,,,,,,,,,,,,,,,,,,,,,,,,,,,,,,,,,http://+:10246/MDEServer/,,S-1-5-18,,,,,,,,,,,,,,,,,,,,,,,,,,
2026-03-26T05:21:05.894181Z,"{'#attributes': {'Qualifiers': 16384}, '#text': 7036}",dc,Service Control Manager,System,643,4,,,,,,,,,,5300680065006C006C004800570044006500740065006300740069006F006E002F0034000000,,,,,,,,,,,,,,,,,,,,,,,,,,,,,,,,,,,,,,,,,,,,,,,,,,,,,,,,,,,,,,,,,,,,,,,,,,,,,,,,,,,,,,,,,,,,,,,,,,,,,,,,,,,,,,,,,,,,,,,,,,,,,,,,,,,,,,,,,,,,,,,,,,,,,,,,,,,,,,,,,,,,,,,,,,,,,,,,,,,,,,,,,,,,,,,,,,,,,,,,,,,,,,,,,,,,,,,,,,,,,,,,,,ShellHWDetection,,,running,,,,,,,,,,,,,,
2026-03-26T05:21:05.913950Z,"{'#attributes': {'Qualifiers': 16384}, '#text': 7036}",dc,Service Control Manager,System,644,4,,,,,,,,,,570063006D007300760063002F0034000000,,,,,,,,,,,,,,,,,,,,,,,,,,,,,,,,,,,,,,,,,,,,,,,,,,,,,,,,,,,,,,,,,,,,,,,,,,,,,,,,,,,,,,,,,,,,,,,,,,,,,,,,,,,,,,,,,,,,,,,,,,,,,,,,,,,,,,,,,,,,,,,,,,,,,,,,,,,,,,,,,,,,,,,,,,,,,,,,,,,,,,,,,,,,,,,,,,,,,,,,,,,,,,,,,,,,,,,,,,,,,,,,,,Wcmsvc,,,running,,,,,,,,,,,,,,
2026-03-26T05:21:06.000525Z,"{'#attributes': {'Qualifiers': 16384}, '#text': 7036}",dc,Service Control Manager,System,645,4,,,,,,,,,,55007300650072004D0061006E0061006700650072002F0034000000,,,,,,,,,,,,,,,,,,,,,,,,,,,,,,,,,,,,,,,,,,,,,,,,,,,,,,,,,,,,,,,,,,,,,,,,,,,,,,,,,,,,,,,,,,,,,,,,,,,,,,,,,,,,,,,,,,,,,,,,,,,,,,,,,,,,,,,,,,,,,,,,,,,,,,,,,,,,,,,,,,,,,,,,,,,,,,,,,,,,,,,,,,,,,,,,,,,,,,,,,,,,,,,,,,,,,,,,,,,,,,,,,,UserManager,,,running,,,,,,,,,,,,,,
2026-03-26T05:21:06.005879Z,"{'#attributes': {'Qualifiers': 16384}, '#text': 7036}",dc,Service Control Manager,System,646,4,,,,,,,,,,530070006F006F006C00650072002F0034000000,,,,,,,,,,,,,,,,,,,,,,,,,,,,,,,,,,,,,,,,,,,,,,,,,,,,,,,,,,,,,,,,,,,,,,,,,,,,,,,,,,,,,,,,,,,,,,,,,,,,,,,,,,,,,,,,,,,,,,,,,,,,,,,,,,,,,,,,,,,,,,,,,,,,,,,,,,,,,,,,,,,,,,,,,,,,,,,,,,,,,,,,,,,,,,,,,,,,,,,,,,,,,,,,,,,,,,,,,,,,,,,,,,Spooler,,,running,,,,,,,,,,,,,,
2026-03-26T05:21:06.067917Z,"{'#attributes': {'Qualifiers': 16384}, '#text': 7036}",dc,Service Control Manager,System,647,4,,,,,,,,,,4C0061006E006D0061006E0057006F0072006B00730074006100740069006F006E002F0034000000,,,,,,,,,,,,,,,,,,,,,,,,,,,,,,,,,,,,,,,,,,,,,,,,,,,,,,,,,,,,,,,,,,,,,,,,,,,,,,,,,,,,,,,,,,,,,,,,,,,,,,,,,,,,,,,,,,,,,,,,,,,,,,,,,,,,,,,,,,,,,,,,,,,,,,,,,,,,,,,,,,,,,,,,,,,,,,,,,,,,,,,,,,,,,,,,,,,,,,,,,,,,,,,,,,,,,,,,,,,,,,,,,,LanmanWorkstation,,,running,,,,,,,,,,,,,,
2026-03-26T05:21:06.138547Z,"{'#attributes': {'Qualifiers': 16384}, '#text': 7036}",dc,Service Control Manager,System,648,4,,,,,,,,,,52006D005300760063002F0034000000,,,,,,,,,,,,,,,,,,,,,,,,,,,,,,,,,,,,,,,,,,,,,,,,,,,,,,,,,,,,,,,,,,,,,,,,,,,,,,,,,,,,,,,,,,,,,,,,,,,,,,,,,,,,,,,,,,,,,,,,,,,,,,,,,,,,,,,,,,,,,,,,,,,,,,,,,,,,,,,,,,,,,,,,,,,,,,,,,,,,,,,,,,,,,,,,,,,,,,,,,,,,,,,,,,,,,,,,,,,,,,,,,,RmSvc,,,running,,,,,,,,,,,,,,
2026-03-26T05:21:06.213298Z,"{'#attributes': {'Qualifiers': 16384}, '#text': 7036}",dc,Service Control Manager,System,649,4,,,,,,,,,,4200460045002F0034000000,,,,,,,,,,,,,,,,,,,,,,,,,,,,,,,,,,,,,,,,,,,,,,,,,,,,,,,,,,,,,,,,,,,,,,,,,,,,,,,,,,,,,,,,,,,,,,,,,,,,,,,,,,,,,,,,,,,,,,,,,,,,,,,,,,,,,,,,,,,,,,,,,,,,,,,,,,,,,,,,,,,,,,,,,,,,,,,,,,,,,,,,,,,,,,,,,,,,,,,,,,,,,,,,,,,,,,,,,,,,,,,,,,BFE,,,running,,,,,,,,,,,,,,
2026-03-26T05:21:06.645898Z,"{'#attributes': {'Qualifiers': 7}, '#text': 10148}",dc,Microsoft-Windows-WinRM,System,650,4,,,,,,,,,,,,,,,,,,,,,,,,,,,,,,,,,,,,,,,,,,,,,,,,,,,,,,,,,,,,,,,,,,,,,,,,,,,,,,,,,,,,,,,,,,,,,,,,,,,,,,,,,,,,,,,,,,,,,,,,,,,,Started Listening,,,,,,,,,,,,,,,,,,,,,,,,,,,,,,,,,,,,,,,,,,,,,,,,,,,,,,,,,,,,,,,,,,,,,,,,,,,,,,,,,,,,,,,,,,,,,,,,,,,,,,,,,,,,,,,,,,,,,,,,,,,,,,,,,
2026-03-26T05:21:06.365851Z,"{'#attributes': {'Qualifiers': 16384}, '#text': 7036}",dc,Service Control Manager,System,651,4,,,,,,,,,,6900700068006C0070007300760063002F0034000000,,,,,,,,,,,,,,,,,,,,,,,,,,,,,,,,,,,,,,,,,,,,,,,,,,,,,,,,,,,,,,,,,,,,,,,,,,,,,,,,,,,,,,,,,,,,,,,,,,,,,,,,,,,,,,,,,,,,,,,,,,,,,,,,,,,,,,,,,,,,,,,,,,,,,,,,,,,,,,,,,,,,,,,,,,,,,,,,,,,,,,,,,,,,,,,,,,,,,,,,,,,,,,,,,,,,,,,,,,,,,,,,,,iphlpsvc,,,running,,,,,,,,,,,,,,
2026-03-26T05:21:06.407094Z,"{'#attributes': {'Qualifiers': 16384}, '#text': 7036}",dc,Service Control Manager,System,652,4,,,,,,,,,,520065006D006F0074006500520065006700690073007400720079002F0034000000,,,,,,,,,,,,,,,,,,,,,,,,,,,,,,,,,,,,,,,,,,,,,,,,,,,,,,,,,,,,,,,,,,,,,,,,,,,,,,,,,,,,,,,,,,,,,,,,,,,,,,,,,,,,,,,,,,,,,,,,,,,,,,,,,,,,,,,,,,,,,,,,,,,,,,,,,,,,,,,,,,,,,,,,,,,,,,,,,,,,,,,,,,,,,,,,,,,,,,,,,,,,,,,,,,,,,,,,,,,,,,,,,,RemoteRegistry,,,running,,,,,,,,,,,,,,
2026-03-26T05:21:06.408709Z,"{'#attributes': {'Qualifiers': 16384}, '#text': 7036}",dc,Service Control Manager,System,653,4,,,,,,,,,,5300790073004D00610069006E002F0034000000,,,,,,,,,,,,,,,,,,,,,,,,,,,,,,,,,,,,,,,,,,,,,,,,,,,,,,,,,,,,,,,,,,,,,,,,,,,,,,,,,,,,,,,,,,,,,,,,,,,,,,,,,,,,,,,,,,,,,,,,,,,,,,,,,,,,,,,,,,,,,,,,,,,,,,,,,,,,,,,,,,,,,,,,,,,,,,,,,,,,,,,,,,,,,,,,,,,,,,,,,,,,,,,,,,,,,,,,,,,,,,,,,,SysMain,,,running,,,,,,,,,,,,,,
2026-03-26T05:21:06.415489Z,"{'#attributes': {'Qualifiers': 16384}, '#text': 7036}",dc,Service Control Manager,System,654,4,,,,,,,,,,430072007900700074005300760063002F0034000000,,,,,,,,,,,,,,,,,,,,,,,,,,,,,,,,,,,,,,,,,,,,,,,,,,,,,,,,,,,,,,,,,,,,,,,,,,,,,,,,,,,,,,,,,,,,,,,,,,,,,,,,,,,,,,,,,,,,,,,,,,,,,,,,,,,,,,,,,,,,,,,,,,,,,,,,,,,,,,,,,,,,,,,,,,,,,,,,,,,,,,,,,,,,,,,,,,,,,,,,,,,,,,,,,,,,,,,,,,,,,,,,,,CryptSvc,,,running,,,,,,,,,,,,,,
2026-03-26T05:21:06.426534Z,"{'#attributes': {'Qualifiers': 16384}, '#text': 7036}",dc,Service Control Manager,System,655,4,,,,,,,,,,56004700410075007400680053006500720076006900630065002F0034000000,,,,,,,,,,,,,,,,,,,,,,,,,,,,,,,,,,,,,,,,,,,,,,,,,,,,,,,,,,,,,,,,,,,,,,,,,,,,,,,,,,,,,,,,,,,,,,,,,,,,,,,,,,,,,,,,,,,,,,,,,,,,,,,,,,,,,,,,,,,,,,,,,,,,,,,,,,,,,,,,,,,,,,,,,,,,,,,,,,,,,,,,,,,,,,,,,,,,,,,,,,,,,,,,,,,,,,,,,,,,,,,,,,VGAuthService,,,running,,,,,,,,,,,,,,
2026-03-26T05:21:06.446614Z,"{'#attributes': {'Qualifiers': 16384}, '#text': 7036}",dc,Service Control Manager,System,656,4,,,,,,,,,,57004C004D0053002F0034000000,,,,,,,,,,,,,,,,,,,,,,,,,,,,,,,,,,,,,,,,,,,,,,,,,,,,,,,,,,,,,,,,,,,,,,,,,,,,,,,,,,,,,,,,,,,,,,,,,,,,,,,,,,,,,,,,,,,,,,,,,,,,,,,,,,,,,,,,,,,,,,,,,,,,,,,,,,,,,,,,,,,,,,,,,,,,,,,,,,,,,,,,,,,,,,,,,,,,,,,,,,,,,,,,,,,,,,,,,,,,,,,,,,WLMS,,,running,,,,,,,,,,,,,,
2026-03-26T05:21:06.452834Z,"{'#attributes': {'Qualifiers': 16384}, '#text': 7036}",dc,Service Control Manager,System,657,4,,,,,,,,,,56004D0054006F006F006C0073002F0034000000,,,,,,,,,,,,,,,,,,,,,,,,,,,,,,,,,,,,,,,,,,,,,,,,,,,,,,,,,,,,,,,,,,,,,,,,,,,,,,,,,,,,,,,,,,,,,,,,,,,,,,,,,,,,,,,,,,,,,,,,,,,,,,,,,,,,,,,,,,,,,,,,,,,,,,,,,,,,,,,,,,,,,,,,,,,,,,,,,,,,,,,,,,,,,,,,,,,,,,,,,,,,,,,,,,,,,,,,,,,,,,,,,,VMTools,,,running,,,,,,,,,,,,,,
2026-03-26T05:21:06.452834Z,"{'#attributes': {'Qualifiers': 16384}, '#text': 7036}",dc,Service Control Manager,System,658,4,,,,,,,,,,540072006B0057006B0073002F0034000000,,,,,,,,,,,,,,,,,,,,,,,,,,,,,,,,,,,,,,,,,,,,,,,,,,,,,,,,,,,,,,,,,,,,,,,,,,,,,,,,,,,,,,,,,,,,,,,,,,,,,,,,,,,,,,,,,,,,,,,,,,,,,,,,,,,,,,,,,,,,,,,,,,,,,,,,,,,,,,,,,,,,,,,,,,,,,,,,,,,,,,,,,,,,,,,,,,,,,,,,,,,,,,,,,,,,,,,,,,,,,,,,,,TrkWks,,,running,,,,,,,,,,,,,,
2026-03-26T05:21:06.456167Z,"{'#attributes': {'Qualifiers': 16384}, '#text': 7036}",dc,Service Control Manager,System,659,4,,,,,,,,,,570069006E006D0067006D0074002F0034000000,,,,,,,,,,,,,,,,,,,,,,,,,,,,,,,,,,,,,,,,,,,,,,,,,,,,,,,,,,,,,,,,,,,,,,,,,,,,,,,,,,,,,,,,,,,,,,,,,,,,,,,,,,,,,,,,,,,,,,,,,,,,,,,,,,,,,,,,,,,,,,,,,,,,,,,,,,,,,,,,,,,,,,,,,,,,,,,,,,,,,,,,,,,,,,,,,,,,,,,,,,,,,,,,,,,,,,,,,,,,,,,,,,Winmgmt,,,running,,,,,,,,,,,,,,
2026-03-26T05:21:06.476556Z,"{'#attributes': {'Qualifiers': 16384}, '#text': 7036}",dc,Service Control Manager,System,660,4,,,,,,,,,,56004D003300440053006500720076006900630065002F0034000000,,,,,,,,,,,,,,,,,,,,,,,,,,,,,,,,,,,,,,,,,,,,,,,,,,,,,,,,,,,,,,,,,,,,,,,,,,,,,,,,,,,,,,,,,,,,,,,,,,,,,,,,,,,,,,,,,,,,,,,,,,,,,,,,,,,,,,,,,,,,,,,,,,,,,,,,,,,,,,,,,,,,,,,,,,,,,,,,,,,,,,,,,,,,,,,,,,,,,,,,,,,,,,,,,,,,,,,,,,,,,,,,,,VM3DService,,,running,,,,,,,,,,,,,,
2026-03-26T05:21:06.476556Z,"{'#attributes': {'Qualifiers': 16384}, '#text': 7036}",dc,Service Control Manager,System,661,4,,,,,,,,,,6D00700073007300760063002F0034000000,,,,,,,,,,,,,,,,,,,,,,,,,,,,,,,,,,,,,,,,,,,,,,,,,,,,,,,,,,,,,,,,,,,,,,,,,,,,,,,,,,,,,,,,,,,,,,,,,,,,,,,,,,,,,,,,,,,,,,,,,,,,,,,,,,,,,,,,,,,,,,,,,,,,,,,,,,,,,,,,,,,,,,,,,,,,,,,,,,,,,,,,,,,,,,,,,,,,,,,,,,,,,,,,,,,,,,,,,,,,,,,,,,mpssvc,,,running,,,,,,,,,,,,,,
2026-03-26T05:21:06.497268Z,"{'#attributes': {'Qualifiers': 16384}, '#text': 7036}",dc,Service Control Manager,System,662,4,,,,,,,,,,570033003200540069006D0065002F0034000000,,,,,,,,,,,,,,,,,,,,,,,,,,,,,,,,,,,,,,,,,,,,,,,,,,,,,,,,,,,,,,,,,,,,,,,,,,,,,,,,,,,,,,,,,,,,,,,,,,,,,,,,,,,,,,,,,,,,,,,,,,,,,,,,,,,,,,,,,,,,,,,,,,,,,,,,,,,,,,,,,,,,,,,,,,,,,,,,,,,,,,,,,,,,,,,,,,,,,,,,,,,,,,,,,,,,,,,,,,,,,,,,,,W32Time,,,running,,,,,,,,,,,,,,
2026-03-26T05:21:06.525751Z,134,dc,Microsoft-Windows-Time-Service,System,663,3,,,,,,,,,,,,,,,,,,,,,,,,,,,,,,,,,,,,,,,,,,,,,,,,,,,,,,,,,,,,"time.windows.com,0x8",,,,,,,,,,,,,No such host is known. (0x80072AF9),,,,,,,,,,,,,,,,,,,,,,,,,,,,,,,,,,,,,,,,,,,,,,,,,,,,,,,,,,,,,,,,,,,,,,,,,,,,,,,,,,,,,,,,,,,,,,,,,,,,,,,,,,,,,,,,,,,,,,15,,,,,,,,,,,,,,,,,,,,,,,,,,,,,,,,,,,,,,,,,TMP_EVENT_MANUAL_PEER_DNS_ERROR,,,,,,,,,,,,,,,,,,,,,
2026-03-26T05:21:06.580265Z,"{'#attributes': {'Qualifiers': 16384}, '#text': 7036}",dc,Service Control Manager,System,664,4,,,,,,,,,,570070006E0053006500720076006900630065002F0034000000,,,,,,,,,,,,,,,,,,,,,,,,,,,,,,,,,,,,,,,,,,,,,,,,,,,,,,,,,,,,,,,,,,,,,,,,,,,,,,,,,,,,,,,,,,,,,,,,,,,,,,,,,,,,,,,,,,,,,,,,,,,,,,,,,,,,,,,,,,,,,,,,,,,,,,,,,,,,,,,,,,,,,,,,,,,,,,,,,,,,,,,,,,,,,,,,,,,,,,,,,,,,,,,,,,,,,,,,,,,,,,,,,,WpnService,,,running,,,,,,,,,,,,,,
2026-03-26T05:21:06.580265Z,"{'#attributes': {'Qualifiers': 16384}, '#text': 7036}",dc,Service Control Manager,System,665,4,,,,,,,,,,4C0061006E006D0061006E005300650072007600650072002F0034000000,,,,,,,,,,,,,,,,,,,,,,,,,,,,,,,,,,,,,,,,,,,,,,,,,,,,,,,,,,,,,,,,,,,,,,,,,,,,,,,,,,,,,,,,,,,,,,,,,,,,,,,,,,,,,,,,,,,,,,,,,,,,,,,,,,,,,,,,,,,,,,,,,,,,,,,,,,,,,,,,,,,,,,,,,,,,,,,,,,,,,,,,,,,,,,,,,,,,,,,,,,,,,,,,,,,,,,,,,,,,,,,,,,LanmanServer,,,running,,,,,,,,,,,,,,
2026-03-26T05:21:06.638625Z,113,dc,Microsoft-Windows-HttpService,System,666,4,,,,,,,,,,,,,,,,,,,,,,,,,,,,,,,,,,,,,,,,,,,,,,,,,,,,,,,,,,,,,,,,,,,,,,,,,,,\Device\HarddiskVolume3\Windows\System32\svchost.exe,,,,,,,,,,,,,,,,,,,,,,,,,,,,,,,,,,,,,,,,,,,,,,,,,,,,,,,,,,,,,,,,,,,,,,,,,,,,,,,,,,,,,,,,,,,,,,,,,,,,,,3168,,,,,,,,,,,,,,,,,,,,,,,,,,,0,,,,,,,,,,,,,,,,,,,,,http://+:47001/wsman/,18302628894760501249,S-1-5-20,,,,,,,,,,,,,,,,,,,,,,,,,,
2026-03-26T05:21:06.647465Z,113,dc,Microsoft-Windows-HttpService,System,667,4,,,,,,,,,,,,,,,,,,,,,,,,,,,,,,,,,,,,,,,,,,,,,,,,,,,,,,,,,,,,,,,,,,,,,,,,,,,\Device\HarddiskVolume3\Windows\System32\svchost.exe,,,,,,,,,,,,,,,,,,,,,,,,,,,,,,,,,,,,,,,,,,,,,,,,,,,,,,,,,,,,,,,,,,,,,,,,,,,,,,,,,,,,,,,,,,,,,,,,,,,,,,3168,,,,,,,,,,,,,,,,,,,,,,,,,,,0,,,,,,,,,,,,,,,,,,,,,http://+:5985/wsman/,18302628894760501249,S-1-5-20,,,,,,,,,,,,,,,,,,,,,,,,,,
2026-03-26T05:21:06.657142Z,"{'#attributes': {'Qualifiers': 16384}, '#text': 7036}",dc,Service Control Manager,System,668,4,,,,,,,,,,570069006E0052004D002F0034000000,,,,,,,,,,,,,,,,,,,,,,,,,,,,,,,,,,,,,,,,,,,,,,,,,,,,,,,,,,,,,,,,,,,,,,,,,,,,,,,,,,,,,,,,,,,,,,,,,,,,,,,,,,,,,,,,,,,,,,,,,,,,,,,,,,,,,,,,,,,,,,,,,,,,,,,,,,,,,,,,,,,,,,,,,,,,,,,,,,,,,,,,,,,,,,,,,,,,,,,,,,,,,,,,,,,,,,,,,,,,,,,,,,WinRM,,,running,,,,,,,,,,,,,,
2026-03-26T05:21:06.698297Z,"{'#attributes': {'Qualifiers': 16384}, '#text': 7036}",dc,Service Control Manager,System,669,4,,,,,,,,,,7300700070007300760063002F0034000000,,,,,,,,,,,,,,,,,,,,,,,,,,,,,,,,,,,,,,,,,,,,,,,,,,,,,,,,,,,,,,,,,,,,,,,,,,,,,,,,,,,,,,,,,,,,,,,,,,,,,,,,,,,,,,,,,,,,,,,,,,,,,,,,,,,,,,,,,,,,,,,,,,,,,,,,,,,,,,,,,,,,,,,,,,,,,,,,,,,,,,,,,,,,,,,,,,,,,,,,,,,,,,,,,,,,,,,,,,,,,,,,,,sppsvc,,,running,,,,,,,,,,,,,,
2026-03-26T05:21:06.731506Z,"{'#attributes': {'Qualifiers': 16384}, '#text': 7036}",dc,Service Control Manager,System,670,4,,,,,,,,,,76006D007600730073002F0034000000,,,,,,,,,,,,,,,,,,,,,,,,,,,,,,,,,,,,,,,,,,,,,,,,,,,,,,,,,,,,,,,,,,,,,,,,,,,,,,,,,,,,,,,,,,,,,,,,,,,,,,,,,,,,,,,,,,,,,,,,,,,,,,,,,,,,,,,,,,,,,,,,,,,,,,,,,,,,,,,,,,,,,,,,,,,,,,,,,,,,,,,,,,,,,,,,,,,,,,,,,,,,,,,,,,,,,,,,,,,,,,,,,,vmvss,,,running,,,,,,,,,,,,,,
2026-03-26T05:21:06.758800Z,"{'#attributes': {'Qualifiers': 16384}, '#text': 7036}",dc,Service Control Manager,System,671,4,,,,,,,,,,570069006E0044006500660065006E0064002F0034000000,,,,,,,,,,,,,,,,,,,,,,,,,,,,,,,,,,,,,,,,,,,,,,,,,,,,,,,,,,,,,,,,,,,,,,,,,,,,,,,,,,,,,,,,,,,,,,,,,,,,,,,,,,,,,,,,,,,,,,,,,,,,,,,,,,,,,,,,,,,,,,,,,,,,,,,,,,,,,,,,,,,,,,,,,,,,,,,,,,,,,,,,,,,,,,,,,,,,,,,,,,,,,,,,,,,,,,,,,,,,,,,,,,WinDefend,,,running,,,,,,,,,,,,,,
2026-03-26T05:21:06.794003Z,"{'#attributes': {'Qualifiers': 16384}, '#text': 7036}",dc,Service Control Manager,System,672,4,,,,,,,,,,43004F004D005300790073004100700070002F0034000000,,,,,,,,,,,,,,,,,,,,,,,,,,,,,,,,,,,,,,,,,,,,,,,,,,,,,,,,,,,,,,,,,,,,,,,,,,,,,,,,,,,,,,,,,,,,,,,,,,,,,,,,,,,,,,,,,,,,,,,,,,,,,,,,,,,,,,,,,,,,,,,,,,,,,,,,,,,,,,,,,,,,,,,,,,,,,,,,,,,,,,,,,,,,,,,,,,,,,,,,,,,,,,,,,,,,,,,,,,,,,,,,,,COMSysApp,,,running,,,,,,,,,,,,,,
2026-03-26T05:21:07.132494Z,"{'#attributes': {'Qualifiers': 16384}, '#text': 7036}",dc,Service Control Manager,System,673,4,,,,,,,,,,530074006100740065005200650070006F007300690074006F00720079002F0034000000,,,,,,,,,,,,,,,,,,,,,,,,,,,,,,,,,,,,,,,,,,,,,,,,,,,,,,,,,,,,,,,,,,,,,,,,,,,,,,,,,,,,,,,,,,,,,,,,,,,,,,,,,,,,,,,,,,,,,,,,,,,,,,,,,,,,,,,,,,,,,,,,,,,,,,,,,,,,,,,,,,,,,,,,,,,,,,,,,,,,,,,,,,,,,,,,,,,,,,,,,,,,,,,,,,,,,,,,,,,,,,,,,,StateRepository,,,running,,,,,,,,,,,,,,
2026-03-26T05:21:07.169548Z,"{'#attributes': {'Qualifiers': 49152}, '#text': 7026}",dc,Service Control Manager,System,674,4,,,,,,,,,,,,,,,,,,,,,,,,,,,,,,,,,,,,,,,,,,,,,,,,,,,,,,,,,,,,,,,,,,,,,,,,,,,,,,,,,,,,,,,,,,,,,,,,,,,,,,,,,,,,,,,,,,,,,,,,,,,,,,,,,,,,,,,,,,,,,,,,,,,,,,,,,,,,,,,,,,,,,,,,,,,,,,,,,,,,,,,,,,,,,,,,,,,,,,,,,,,,,,,,,,,,,,,,,,,,,,,,,,,,,,,,,,,,"
dam
uiomap",,,,,,,,,,,,,,,,,
2026-03-26T05:21:07.212422Z,"{'#attributes': {'Qualifiers': 16384}, '#text': 7036}",dc,Service Control Manager,System,675,4,,,,,,,,,,630061006D007300760063002F0034000000,,,,,,,,,,,,,,,,,,,,,,,,,,,,,,,,,,,,,,,,,,,,,,,,,,,,,,,,,,,,,,,,,,,,,,,,,,,,,,,,,,,,,,,,,,,,,,,,,,,,,,,,,,,,,,,,,,,,,,,,,,,,,,,,,,,,,,,,,,,,,,,,,,,,,,,,,,,,,,,,,,,,,,,,,,,,,,,,,,,,,,,,,,,,,,,,,,,,,,,,,,,,,,,,,,,,,,,,,,,,,,,,,,Capability Access Manager Service,,,running,,,,,,,,,,,,,,
2026-03-26T05:21:07.217243Z,"{'#attributes': {'Qualifiers': 16384}, '#text': 7036}",dc,Service Control Manager,System,676,4,,,,,,,,,,41007000700058005300760063002F0034000000,,,,,,,,,,,,,,,,,,,,,,,,,,,,,,,,,,,,,,,,,,,,,,,,,,,,,,,,,,,,,,,,,,,,,,,,,,,,,,,,,,,,,,,,,,,,,,,,,,,,,,,,,,,,,,,,,,,,,,,,,,,,,,,,,,,,,,,,,,,,,,,,,,,,,,,,,,,,,,,,,,,,,,,,,,,,,,,,,,,,,,,,,,,,,,,,,,,,,,,,,,,,,,,,,,,,,,,,,,,,,,,,,,AppXSvc,,,running,,,,,,,,,,,,,,
2026-03-26T05:21:07.259215Z,"{'#attributes': {'Qualifiers': 16384}, '#text': 7036}",dc,Service Control Manager,System,677,4,,,,,,,,,,57005300410049004600610062007200690063005300760063002F0034000000,,,,,,,,,,,,,,,,,,,,,,,,,,,,,,,,,,,,,,,,,,,,,,,,,,,,,,,,,,,,,,,,,,,,,,,,,,,,,,,,,,,,,,,,,,,,,,,,,,,,,,,,,,,,,,,,,,,,,,,,,,,,,,,,,,,,,,,,,,,,,,,,,,,,,,,,,,,,,,,,,,,,,,,,,,,,,,,,,,,,,,,,,,,,,,,,,,,,,,,,,,,,,,,,,,,,,,,,,,,,,,,,,,WSAIFabricSvc,,,running,,,,,,,,,,,,,,
2026-03-26T05:21:07.362118Z,"{'#attributes': {'Qualifiers': 16384}, '#text': 7036}",dc,Service Control Manager,System,678,4,,,,,,,,,,4D0053004400540043002F0034000000,,,,,,,,,,,,,,,,,,,,,,,,,,,,,,,,,,,,,,,,,,,,,,,,,,,,,,,,,,,,,,,,,,,,,,,,,,,,,,,,,,,,,,,,,,,,,,,,,,,,,,,,,,,,,,,,,,,,,,,,,,,,,,,,,,,,,,,,,,,,,,,,,,,,,,,,,,,,,,,,,,,,,,,,,,,,,,,,,,,,,,,,,,,,,,,,,,,,,,,,,,,,,,,,,,,,,,,,,,,,,,,,,,MSDTC,,,running,,,,,,,,,,,,,,
2026-03-26T05:21:07.369034Z,"{'#attributes': {'Qualifiers': 16384}, '#text': 7036}",dc,Service Control Manager,System,679,4,,,,,,,,,,440069006100670054007200610063006B002F0034000000,,,,,,,,,,,,,,,,,,,,,,,,,,,,,,,,,,,,,,,,,,,,,,,,,,,,,,,,,,,,,,,,,,,,,,,,,,,,,,,,,,,,,,,,,,,,,,,,,,,,,,,,,,,,,,,,,,,,,,,,,,,,,,,,,,,,,,,,,,,,,,,,,,,,,,,,,,,,,,,,,,,,,,,,,,,,,,,,,,,,,,,,,,,,,,,,,,,,,,,,,,,,,,,,,,,,,,,,,,,,,,,,,,DiagTrack,,,running,,,,,,,,,,,,,,
2026-03-26T05:21:08.039343Z,134,dc,Microsoft-Windows-Time-Service,System,680,3,,,,,,,,,,,,,,,,,,,,,,,,,,,,,,,,,,,,,,,,,,,,,,,,,,,,,,,,,,,,"time.windows.com,0x8",,,,,,,,,,,,,No such host is known. (0x80072AF9),,,,,,,,,,,,,,,,,,,,,,,,,,,,,,,,,,,,,,,,,,,,,,,,,,,,,,,,,,,,,,,,,,,,,,,,,,,,,,,,,,,,,,,,,,,,,,,,,,,,,,,,,,,,,,,,,,,,,,15,,,,,,,,,,,,,,,,,,,,,,,,,,,,,,,,,,,,,,,,,TMP_EVENT_MANUAL_PEER_DNS_ERROR,,,,,,,,,,,,,,,,,,,,,
2026-03-26T05:21:08.478499Z,"{'#attributes': {'Qualifiers': 16384}, '#text': 7036}",dc,Service Control Manager,System,681,4,,,,,,,,,,5600530053002F0034000000,,,,,,,,,,,,,,,,,,,,,,,,,,,,,,,,,,,,,,,,,,,,,,,,,,,,,,,,,,,,,,,,,,,,,,,,,,,,,,,,,,,,,,,,,,,,,,,,,,,,,,,,,,,,,,,,,,,,,,,,,,,,,,,,,,,,,,,,,,,,,,,,,,,,,,,,,,,,,,,,,,,,,,,,,,,,,,,,,,,,,,,,,,,,,,,,,,,,,,,,,,,,,,,,,,,,,,,,,,,,,,,,,,Volume Shadow Copy,,,running,,,,,,,,,,,,,,
2026-03-26T05:21:12.911875Z,"{'#attributes': {'Qualifiers': 16384}, '#text': 7036}",dc,Service Control Manager,System,682,4,,,,,,,,,,570064004E00690073005300760063002F0034000000,,,,,,,,,,,,,,,,,,,,,,,,,,,,,,,,,,,,,,,,,,,,,,,,,,,,,,,,,,,,,,,,,,,,,,,,,,,,,,,,,,,,,,,,,,,,,,,,,,,,,,,,,,,,,,,,,,,,,,,,,,,,,,,,,,,,,,,,,,,,,,,,,,,,,,,,,,,,,,,,,,,,,,,,,,,,,,,,,,,,,,,,,,,,,,,,,,,,,,,,,,,,,,,,,,,,,,,,,,,,,,,,,,Microsoft Defender Antivirus Network Inspection Service,,,running,,,,,,,,,,,,,,
2026-03-26T05:21:28.070901Z,"{'#attributes': {'Qualifiers': 16384}, '#text': 7040}",dc,Service Control Manager,System,683,4,,,,,,,,,,,,,,,,,,,,,,,,,,,,,,,,,,,,,,,,,,,,,,,,,,,,,,,,,,,,,,,,,,,,,,,,,,,,,,,,,,,,,,,,,,,,,,,,,,,,,,,,,,,,,,,,,,,,,,,,,,,,,,,,,,,,,,,,,,,,,,,,,,,,,,,,,,,,,,,,,,,,,,,,,,,,,,,,,,,,,,,,,,,,,,,,,,,,,,,,,,,,,,,,,,,,,,,,,,,,,,,,,,,,,,,,,,,,Background Intelligent Transfer Service,,,demand start,auto start,BITS,,,,,,,,,,,,
2026-03-26T05:21:28.686284Z,"{'#attributes': {'Qualifiers': 16384}, '#text': 7036}",dc,Service Control Manager,System,684,4,,,,,,,,,,42004900540053002F0034000000,,,,,,,,,,,,,,,,,,,,,,,,,,,,,,,,,,,,,,,,,,,,,,,,,,,,,,,,,,,,,,,,,,,,,,,,,,,,,,,,,,,,,,,,,,,,,,,,,,,,,,,,,,,,,,,,,,,,,,,,,,,,,,,,,,,,,,,,,,,,,,,,,,,,,,,,,,,,,,,,,,,,,,,,,,,,,,,,,,,,,,,,,,,,,,,,,,,,,,,,,,,,,,,,,,,,,,,,,,,,,,,,,,Background Intelligent Transfer Service,,,running,,,,,,,,,,,,,,
2026-03-26T05:21:29.026958Z,"{'#attributes': {'Qualifiers': 16384}, '#text': 7036}",dc,Service Control Manager,System,685,4,,,,,,,,,,77006D006900410070005300720076002F0034000000,,,,,,,,,,,,,,,,,,,,,,,,,,,,,,,,,,,,,,,,,,,,,,,,,,,,,,,,,,,,,,,,,,,,,,,,,,,,,,,,,,,,,,,,,,,,,,,,,,,,,,,,,,,,,,,,,,,,,,,,,,,,,,,,,,,,,,,,,,,,,,,,,,,,,,,,,,,,,,,,,,,,,,,,,,,,,,,,,,,,,,,,,,,,,,,,,,,,,,,,,,,,,,,,,,,,,,,,,,,,,,,,,,WMI Performance Adapter,,,running,,,,,,,,,,,,,,
2026-03-26T05:21:37.186597Z,"{'#attributes': {'Qualifiers': 16384}, '#text': 7036}",dc,Service Control Manager,System,686,4,,,,,,,,,,7300700070007300760063002F0034000000,,,,,,,,,,,,,,,,,,,,,,,,,,,,,,,,,,,,,,,,,,,,,,,,,,,,,,,,,,,,,,,,,,,,,,,,,,,,,,,,,,,,,,,,,,,,,,,,,,,,,,,,,,,,,,,,,,,,,,,,,,,,,,,,,,,,,,,,,,,,,,,,,,,,,,,,,,,,,,,,,,,,,,,,,,,,,,,,,,,,,,,,,,,,,,,,,,,,,,,,,,,,,,,,,,,,,,,,,,,,,,,,,,sppsvc,,,running,,,,,,,,,,,,,,
2026-03-26T05:21:58.921823Z,134,dc,Microsoft-Windows-Time-Service,System,687,3,,,,,,,,,,,,,,,,,,,,,,,,,,,,,,,,,,,,,,,,,,,,,,,,,,,,,,,,,,,,"time.windows.com,0x8",,,,,,,,,,,,,No such host is known. (0x80072AF9),,,,,,,,,,,,,,,,,,,,,,,,,,,,,,,,,,,,,,,,,,,,,,,,,,,,,,,,,,,,,,,,,,,,,,,,,,,,,,,,,,,,,,,,,,,,,,,,,,,,,,,,,,,,,,,,,,,,,,15,,,,,,,,,,,,,,,,,,,,,,,,,,,,,,,,,,,,,,,,,TMP_EVENT_MANUAL_PEER_DNS_ERROR,,,,,,,,,,,,,,,,,,,,,
2026-03-26T05:22:08.716217Z,"{'#attributes': {'Qualifiers': 16384}, '#text': 7036}",dc,Service Control Manager,System,688,4,,,,,,,,,,4C006900630065006E00730065004D0061006E0061006700650072002F0034000000,,,,,,,,,,,,,,,,,,,,,,,,,,,,,,,,,,,,,,,,,,,,,,,,,,,,,,,,,,,,,,,,,,,,,,,,,,,,,,,,,,,,,,,,,,,,,,,,,,,,,,,,,,,,,,,,,,,,,,,,,,,,,,,,,,,,,,,,,,,,,,,,,,,,,,,,,,,,,,,,,,,,,,,,,,,,,,,,,,,,,,,,,,,,,,,,,,,,,,,,,,,,,,,,,,,,,,,,,,,,,,,,,,Windows License Manager Service,,,running,,,,,,,,,,,,,,
2026-03-26T05:22:08.922606Z,"{'#attributes': {'Qualifiers': 16384}, '#text': 7036}",dc,Service Control Manager,System,689,4,,,,,,,,,,43006C00690070005300560043002F0034000000,,,,,,,,,,,,,,,,,,,,,,,,,,,,,,,,,,,,,,,,,,,,,,,,,,,,,,,,,,,,,,,,,,,,,,,,,,,,,,,,,,,,,,,,,,,,,,,,,,,,,,,,,,,,,,,,,,,,,,,,,,,,,,,,,,,,,,,,,,,,,,,,,,,,,,,,,,,,,,,,,,,,,,,,,,,,,,,,,,,,,,,,,,,,,,,,,,,,,,,,,,,,,,,,,,,,,,,,,,,,,,,,,,Client License Service (ClipSVC),,,running,,,,,,,,,,,,,,
2026-03-26T05:22:09.114846Z,"{'#attributes': {'Qualifiers': 16384}, '#text': 7036}",dc,Service Control Manager,System,690,4,,,,,,,,,,77006C00690064007300760063002F0034000000,,,,,,,,,,,,,,,,,,,,,,,,,,,,,,,,,,,,,,,,,,,,,,,,,,,,,,,,,,,,,,,,,,,,,,,,,,,,,,,,,,,,,,,,,,,,,,,,,,,,,,,,,,,,,,,,,,,,,,,,,,,,,,,,,,,,,,,,,,,,,,,,,,,,,,,,,,,,,,,,,,,,,,,,,,,,,,,,,,,,,,,,,,,,,,,,,,,,,,,,,,,,,,,,,,,,,,,,,,,,,,,,,,Microsoft Account Sign-in Assistant,,,running,,,,,,,,,,,,,,
2026-03-26T05:22:09.186129Z,"{'#attributes': {'Qualifiers': 16384}, '#text': 7036}",dc,Service Control Manager,System,691,4,,,,,,,,,,4B0065007900490073006F002F0034000000,,,,,,,,,,,,,,,,,,,,,,,,,,,,,,,,,,,,,,,,,,,,,,,,,,,,,,,,,,,,,,,,,,,,,,,,,,,,,,,,,,,,,,,,,,,,,,,,,,,,,,,,,,,,,,,,,,,,,,,,,,,,,,,,,,,,,,,,,,,,,,,,,,,,,,,,,,,,,,,,,,,,,,,,,,,,,,,,,,,,,,,,,,,,,,,,,,,,,,,,,,,,,,,,,,,,,,,,,,,,,,,,,,CNG Key Isolation,,,running,,,,,,,,,,,,,,
2026-03-26T05:22:39.352172Z,"{'#attributes': {'Qualifiers': 16384}, '#text': 7036}",dc,Service Control Manager,System,692,4,,,,,,,,,,7300700070007300760063002F0034000000,,,,,,,,,,,,,,,,,,,,,,,,,,,,,,,,,,,,,,,,,,,,,,,,,,,,,,,,,,,,,,,,,,,,,,,,,,,,,,,,,,,,,,,,,,,,,,,,,,,,,,,,,,,,,,,,,,,,,,,,,,,,,,,,,,,,,,,,,,,,,,,,,,,,,,,,,,,,,,,,,,,,,,,,,,,,,,,,,,,,,,,,,,,,,,,,,,,,,,,,,,,,,,,,,,,,,,,,,,,,,,,,,,sppsvc,,,running,,,,,,,,,,,,,,
2026-03-26T05:23:05.194252Z,"{'#attributes': {'Qualifiers': 16384}, '#text': 7036}",dc,Service Control Manager,System,693,4,,,,,,,,,,5000720069006E00740044006500760069006300650043006F006E00660069006700750072006100740069006F006E0053006500720076006900630065002F0031000000,,,,,,,,,,,,,,,,,,,,,,,,,,,,,,,,,,,,,,,,,,,,,,,,,,,,,,,,,,,,,,,,,,,,,,,,,,,,,,,,,,,,,,,,,,,,,,,,,,,,,,,,,,,,,,,,,,,,,,,,,,,,,,,,,,,,,,,,,,,,,,,,,,,,,,,,,,,,,,,,,,,,,,,,,,,,,,,,,,,,,,,,,,,,,,,,,,,,,,,,,,,,,,,,,,,,,,,,,,,,,,,,,,Print Device Configuration Service,,,stopped,,,,,,,,,,,,,,
2026-03-26T05:23:05.483323Z,"{'#attributes': {'Qualifiers': 16384}, '#text': 7036}",dc,Service Control Manager,System,694,4,,,,,,,,,,57005000440042007500730045006E0075006D002F0031000000,,,,,,,,,,,,,,,,,,,,,,,,,,,,,,,,,,,,,,,,,,,,,,,,,,,,,,,,,,,,,,,,,,,,,,,,,,,,,,,,,,,,,,,,,,,,,,,,,,,,,,,,,,,,,,,,,,,,,,,,,,,,,,,,,,,,,,,,,,,,,,,,,,,,,,,,,,,,,,,,,,,,,,,,,,,,,,,,,,,,,,,,,,,,,,,,,,,,,,,,,,,,,,,,,,,,,,,,,,,,,,,,,,WPDBusEnum,,,stopped,,,,,,,,,,,,,,
2026-03-26T05:23:08.053242Z,"{'#attributes': {'Qualifiers': 0}, '#text': 4107}",dc,Display,System,695,4,,,,,,,,,,,,,,,,,,,,,,,,,,,,,,,,,,,,,,,,,,,,,,,,,,,,,,,,,,,,,,,,,,,,,,,,,,,,,,,,,,,,,,,,,,,,,,,,,,,,,,,,,,,,,,,,,,,,,,,,,,,,,,,,,,,,,,,,,,,,,,,,,,,,,,,,,,,,,,,,,,,,,,,,,,,,,,,,,,,,,,,,,,,,,,,,,,,,,,,,,,,,,,,,,,,,,,,,,,,,,,,,,,,,,,,,,,,,,,,,,,,,,,,,,,,,,
2026-03-26T05:23:07.623396Z,"{'#attributes': {'Qualifiers': 16384}, '#text': 7036}",dc,Service Control Manager,System,696,4,,,,,,,,,,4300440050005300760063002F0034000000,,,,,,,,,,,,,,,,,,,,,,,,,,,,,,,,,,,,,,,,,,,,,,,,,,,,,,,,,,,,,,,,,,,,,,,,,,,,,,,,,,,,,,,,,,,,,,,,,,,,,,,,,,,,,,,,,,,,,,,,,,,,,,,,,,,,,,,,,,,,,,,,,,,,,,,,,,,,,,,,,,,,,,,,,,,,,,,,,,,,,,,,,,,,,,,,,,,,,,,,,,,,,,,,,,,,,,,,,,,,,,,,,,Connected Devices Platform Service,,,running,,,,,,,,,,,,,,
2026-03-26T05:23:07.881099Z,"{'#attributes': {'Qualifiers': 16384}, '#text': 7036}",dc,Service Control Manager,System,697,4,,,,,,,,,,4400500053002F0034000000,,,,,,,,,,,,,,,,,,,,,,,,,,,,,,,,,,,,,,,,,,,,,,,,,,,,,,,,,,,,,,,,,,,,,,,,,,,,,,,,,,,,,,,,,,,,,,,,,,,,,,,,,,,,,,,,,,,,,,,,,,,,,,,,,,,,,,,,,,,,,,,,,,,,,,,,,,,,,,,,,,,,,,,,,,,,,,,,,,,,,,,,,,,,,,,,,,,,,,,,,,,,,,,,,,,,,,,,,,,,,,,,,,Diagnostic Policy Service,,,running,,,,,,,,,,,,,,
2026-03-26T05:23:07.970342Z,"{'#attributes': {'Qualifiers': 16384}, '#text': 7036}",dc,Service Control Manager,System,698,4,,,,,,,,,,570064006900530079007300740065006D0048006F00730074002F0034000000,,,,,,,,,,,,,,,,,,,,,,,,,,,,,,,,,,,,,,,,,,,,,,,,,,,,,,,,,,,,,,,,,,,,,,,,,,,,,,,,,,,,,,,,,,,,,,,,,,,,,,,,,,,,,,,,,,,,,,,,,,,,,,,,,,,,,,,,,,,,,,,,,,,,,,,,,,,,,,,,,,,,,,,,,,,,,,,,,,,,,,,,,,,,,,,,,,,,,,,,,,,,,,,,,,,,,,,,,,,,,,,,,,Diagnostic System Host,,,running,,,,,,,,,,,,,,
2026-03-26T05:23:08.198266Z,"{'#attributes': {'Qualifiers': 16384}, '#text': 7036}",dc,Service Control Manager,System,699,4,,,,,,,,,,65006400670065007500700064006100740065002F0034000000,,,,,,,,,,,,,,,,,,,,,,,,,,,,,,,,,,,,,,,,,,,,,,,,,,,,,,,,,,,,,,,,,,,,,,,,,,,,,,,,,,,,,,,,,,,,,,,,,,,,,,,,,,,,,,,,,,,,,,,,,,,,,,,,,,,,,,,,,,,,,,,,,,,,,,,,,,,,,,,,,,,,,,,,,,,,,,,,,,,,,,,,,,,,,,,,,,,,,,,,,,,,,,,,,,,,,,,,,,,,,,,,,,Microsoft Edge Update Service (edgeupdate),,,running,,,,,,,,,,,,,,
2026-03-26T05:23:08.207392Z,"{'#attributes': {'Qualifiers': 16384}, '#text': 7036}",dc,Service Control Manager,System,700,4,,,,,,,,,,65006400670065007500700064006100740065002F0031000000,,,,,,,,,,,,,,,,,,,,,,,,,,,,,,,,,,,,,,,,,,,,,,,,,,,,,,,,,,,,,,,,,,,,,,,,,,,,,,,,,,,,,,,,,,,,,,,,,,,,,,,,,,,,,,,,,,,,,,,,,,,,,,,,,,,,,,,,,,,,,,,,,,,,,,,,,,,,,,,,,,,,,,,,,,,,,,,,,,,,,,,,,,,,,,,,,,,,,,,,,,,,,,,,,,,,,,,,,,,,,,,,,,Microsoft Edge Update Service (edgeupdate),,,stopped,,,,,,,,,,,,,,
2026-03-26T05:23:08.364933Z,"{'#attributes': {'Qualifiers': 16384}, '#text': 7036}",dc,Service Control Manager,System,701,4,,,,,,,,,,49006E00760065006E0074006F00720079005300760063002F0034000000,,,,,,,,,,,,,,,,,,,,,,,,,,,,,,,,,,,,,,,,,,,,,,,,,,,,,,,,,,,,,,,,,,,,,,,,,,,,,,,,,,,,,,,,,,,,,,,,,,,,,,,,,,,,,,,,,,,,,,,,,,,,,,,,,,,,,,,,,,,,,,,,,,,,,,,,,,,,,,,,,,,,,,,,,,,,,,,,,,,,,,,,,,,,,,,,,,,,,,,,,,,,,,,,,,,,,,,,,,,,,,,,,,Inventory and Compatibility Appraisal service,,,running,,,,,,,,,,,,,,
2026-03-26T05:23:08.591624Z,"{'#attributes': {'Qualifiers': 16384}, '#text': 7036}",dc,Service Control Manager,System,702,4,,,,,,,,,,5000630061005300760063002F0034000000,,,,,,,,,,,,,,,,,,,,,,,,,,,,,,,,,,,,,,,,,,,,,,,,,,,,,,,,,,,,,,,,,,,,,,,,,,,,,,,,,,,,,,,,,,,,,,,,,,,,,,,,,,,,,,,,,,,,,,,,,,,,,,,,,,,,,,,,,,,,,,,,,,,,,,,,,,,,,,,,,,,,,,,,,,,,,,,,,,,,,,,,,,,,,,,,,,,,,,,,,,,,,,,,,,,,,,,,,,,,,,,,,,Program Compatibility Assistant Service,,,running,,,,,,,,,,,,,,
2026-03-26T05:23:08.962646Z,"{'#attributes': {'Qualifiers': 16384}, '#text': 7036}",dc,Service Control Manager,System,703,4,,,,,,,,,,530074006F0072005300760063002F0034000000,,,,,,,,,,,,,,,,,,,,,,,,,,,,,,,,,,,,,,,,,,,,,,,,,,,,,,,,,,,,,,,,,,,,,,,,,,,,,,,,,,,,,,,,,,,,,,,,,,,,,,,,,,,,,,,,,,,,,,,,,,,,,,,,,,,,,,,,,,,,,,,,,,,,,,,,,,,,,,,,,,,,,,,,,,,,,,,,,,,,,,,,,,,,,,,,,,,,,,,,,,,,,,,,,,,,,,,,,,,,,,,,,,Storage Service,,,running,,,,,,,,,,,,,,
2026-03-26T05:23:10.589976Z,"{'#attributes': {'Qualifiers': 16384}, '#text': 7036}",dc,Service Control Manager,System,704,4,,,,,,,,,,4E0065007400530065007400750070005300760063002F0034000000,,,,,,,,,,,,,,,,,,,,,,,,,,,,,,,,,,,,,,,,,,,,,,,,,,,,,,,,,,,,,,,,,,,,,,,,,,,,,,,,,,,,,,,,,,,,,,,,,,,,,,,,,,,,,,,,,,,,,,,,,,,,,,,,,,,,,,,,,,,,,,,,,,,,,,,,,,,,,,,,,,,,,,,,,,,,,,,,,,,,,,,,,,,,,,,,,,,,,,,,,,,,,,,,,,,,,,,,,,,,,,,,,,Network Setup Service,,,running,,,,,,,,,,,,,,
2026-03-26T05:23:12.507759Z,"{'#attributes': {'Qualifiers': 16384}, '#text': 7036}",dc,Service Control Manager,System,705,4,,,,,,,,,,550041004C005300560043002F0034000000,,,,,,,,,,,,,,,,,,,,,,,,,,,,,,,,,,,,,,,,,,,,,,,,,,,,,,,,,,,,,,,,,,,,,,,,,,,,,,,,,,,,,,,,,,,,,,,,,,,,,,,,,,,,,,,,,,,,,,,,,,,,,,,,,,,,,,,,,,,,,,,,,,,,,,,,,,,,,,,,,,,,,,,,,,,,,,,,,,,,,,,,,,,,,,,,,,,,,,,,,,,,,,,,,,,,,,,,,,,,,,,,,,User Access Logging Service,,,running,,,,,,,,,,,,,,
2026-03-26T05:23:12.843184Z,"{'#attributes': {'Qualifiers': 16384}, '#text': 7036}",dc,Service Control Manager,System,706,4,,,,,,,,,,57006100610053004D0065006400690063005300760063002F0034000000,,,,,,,,,,,,,,,,,,,,,,,,,,,,,,,,,,,,,,,,,,,,,,,,,,,,,,,,,,,,,,,,,,,,,,,,,,,,,,,,,,,,,,,,,,,,,,,,,,,,,,,,,,,,,,,,,,,,,,,,,,,,,,,,,,,,,,,,,,,,,,,,,,,,,,,,,,,,,,,,,,,,,,,,,,,,,,,,,,,,,,,,,,,,,,,,,,,,,,,,,,,,,,,,,,,,,,,,,,,,,,,,,,WaaSMedicSvc,,,running,,,,,,,,,,,,,,
2026-03-26T05:23:12.868680Z,"{'#attributes': {'Qualifiers': 16384}, '#text': 7036}",dc,Service Control Manager,System,707,4,,,,,,,,,,550073006F005300760063002F0034000000,,,,,,,,,,,,,,,,,,,,,,,,,,,,,,,,,,,,,,,,,,,,,,,,,,,,,,,,,,,,,,,,,,,,,,,,,,,,,,,,,,,,,,,,,,,,,,,,,,,,,,,,,,,,,,,,,,,,,,,,,,,,,,,,,,,,,,,,,,,,,,,,,,,,,,,,,,,,,,,,,,,,,,,,,,,,,,,,,,,,,,,,,,,,,,,,,,,,,,,,,,,,,,,,,,,,,,,,,,,,,,,,,,Update Orchestrator Service,,,running,,,,,,,,,,,,,,
2026-03-26T05:23:29.594176Z,"{'#attributes': {'Qualifiers': 16384}, '#text': 7036}",dc,Service Control Manager,System,708,4,,,,,,,,,,77006D006900410070005300720076002F0031000000,,,,,,,,,,,,,,,,,,,,,,,,,,,,,,,,,,,,,,,,,,,,,,,,,,,,,,,,,,,,,,,,,,,,,,,,,,,,,,,,,,,,,,,,,,,,,,,,,,,,,,,,,,,,,,,,,,,,,,,,,,,,,,,,,,,,,,,,,,,,,,,,,,,,,,,,,,,,,,,,,,,,,,,,,,,,,,,,,,,,,,,,,,,,,,,,,,,,,,,,,,,,,,,,,,,,,,,,,,,,,,,,,,WMI Performance Adapter,,,stopped,,,,,,,,,,,,,,
2026-03-26T05:23:46.628385Z,"{'#attributes': {'Qualifiers': 16384}, '#text': 7036}",dc,Service Control Manager,System,709,4,,,,,,,,,,65006400670065007500700064006100740065002F0034000000,,,,,,,,,,,,,,,,,,,,,,,,,,,,,,,,,,,,,,,,,,,,,,,,,,,,,,,,,,,,,,,,,,,,,,,,,,,,,,,,,,,,,,,,,,,,,,,,,,,,,,,,,,,,,,,,,,,,,,,,,,,,,,,,,,,,,,,,,,,,,,,,,,,,,,,,,,,,,,,,,,,,,,,,,,,,,,,,,,,,,,,,,,,,,,,,,,,,,,,,,,,,,,,,,,,,,,,,,,,,,,,,,,Microsoft Edge Update Service (edgeupdate),,,running,,,,,,,,,,,,,,
2026-03-26T05:24:08.499790Z,"{'#attributes': {'Qualifiers': 16384}, '#text': 7036}",dc,Service Control Manager,System,710,4,,,,,,,,,,76006D007600730073002F0031000000,,,,,,,,,,,,,,,,,,,,,,,,,,,,,,,,,,,,,,,,,,,,,,,,,,,,,,,,,,,,,,,,,,,,,,,,,,,,,,,,,,,,,,,,,,,,,,,,,,,,,,,,,,,,,,,,,,,,,,,,,,,,,,,,,,,,,,,,,,,,,,,,,,,,,,,,,,,,,,,,,,,,,,,,,,,,,,,,,,,,,,,,,,,,,,,,,,,,,,,,,,,,,,,,,,,,,,,,,,,,,,,,,,VMware Snapshot Provider,,,stopped,,,,,,,,,,,,,,
2026-03-26T05:24:08.548198Z,"{'#attributes': {'Qualifiers': 16384}, '#text': 7036}",dc,Service Control Manager,System,711,4,,,,,,,,,,5600530053002F0031000000,,,,,,,,,,,,,,,,,,,,,,,,,,,,,,,,,,,,,,,,,,,,,,,,,,,,,,,,,,,,,,,,,,,,,,,,,,,,,,,,,,,,,,,,,,,,,,,,,,,,,,,,,,,,,,,,,,,,,,,,,,,,,,,,,,,,,,,,,,,,,,,,,,,,,,,,,,,,,,,,,,,,,,,,,,,,,,,,,,,,,,,,,,,,,,,,,,,,,,,,,,,,,,,,,,,,,,,,,,,,,,,,,,Volume Shadow Copy,,,stopped,,,,,,,,,,,,,,
2026-03-26T05:24:10.131825Z,"{'#attributes': {'Qualifiers': 16384}, '#text': 7036}",dc,Service Control Manager,System,712,4,,,,,,,,,,65006400670065007500700064006100740065002F0031000000,,,,,,,,,,,,,,,,,,,,,,,,,,,,,,,,,,,,,,,,,,,,,,,,,,,,,,,,,,,,,,,,,,,,,,,,,,,,,,,,,,,,,,,,,,,,,,,,,,,,,,,,,,,,,,,,,,,,,,,,,,,,,,,,,,,,,,,,,,,,,,,,,,,,,,,,,,,,,,,,,,,,,,,,,,,,,,,,,,,,,,,,,,,,,,,,,,,,,,,,,,,,,,,,,,,,,,,,,,,,,,,,,,Microsoft Edge Update Service (edgeupdate),,,stopped,,,,,,,,,,,,,,
2026-03-26T05:24:12.846499Z,"{'#attributes': {'Qualifiers': 16384}, '#text': 7036}",dc,Service Control Manager,System,713,4,,,,,,,,,,57006100610053004D0065006400690063005300760063002F0031000000,,,,,,,,,,,,,,,,,,,,,,,,,,,,,,,,,,,,,,,,,,,,,,,,,,,,,,,,,,,,,,,,,,,,,,,,,,,,,,,,,,,,,,,,,,,,,,,,,,,,,,,,,,,,,,,,,,,,,,,,,,,,,,,,,,,,,,,,,,,,,,,,,,,,,,,,,,,,,,,,,,,,,,,,,,,,,,,,,,,,,,,,,,,,,,,,,,,,,,,,,,,,,,,,,,,,,,,,,,,,,,,,,,WaaSMedicSvc,,,stopped,,,,,,,,,,,,,,
2026-03-26T05:25:29.477780Z,"{'#attributes': {'Qualifiers': 16384}, '#text': 7040}",dc,Service Control Manager,System,714,4,,,,,,,,,,,,,,,,,,,,,,,,,,,,,,,,,,,,,,,,,,,,,,,,,,,,,,,,,,,,,,,,,,,,,,,,,,,,,,,,,,,,,,,,,,,,,,,,,,,,,,,,,,,,,,,,,,,,,,,,,,,,,,,,,,,,,,,,,,,,,,,,,,,,,,,,,,,,,,,,,,,,,,,,,,,,,,,,,,,,,,,,,,,,,,,,,,,,,,,,,,,,,,,,,,,,,,,,,,,,,,,,,,,,,,,,,,,,Background Intelligent Transfer Service,,,auto start,demand start,BITS,,,,,,,,,,,,
2026-03-26T05:25:29.508921Z,"{'#attributes': {'Qualifiers': 16384}, '#text': 7036}",dc,Service Control Manager,System,715,4,,,,,,,,,,42004900540053002F0031000000,,,,,,,,,,,,,,,,,,,,,,,,,,,,,,,,,,,,,,,,,,,,,,,,,,,,,,,,,,,,,,,,,,,,,,,,,,,,,,,,,,,,,,,,,,,,,,,,,,,,,,,,,,,,,,,,,,,,,,,,,,,,,,,,,,,,,,,,,,,,,,,,,,,,,,,,,,,,,,,,,,,,,,,,,,,,,,,,,,,,,,,,,,,,,,,,,,,,,,,,,,,,,,,,,,,,,,,,,,,,,,,,,,Background Intelligent Transfer Service,,,stopped,,,,,,,,,,,,,,
2026-03-26T05:26:06.557308Z,1796,dc,Microsoft-Windows-TPM-WMI,System,716,2,,,,,,,,,,,,,,,,,,,,,,,,,,,,,,,,,,,,,,,,,,,,,,,,,,,,,,,,,,,,,,,,,,,,,,,,,,,,,,,,,,,,,,,-2147020471,,,,,,,,,,,,,,,,,,,,,,,,,,,,,,,,,,,,,,,,,,,,,,,,,,,,,,,,,,,,,,,,,,,,,,,,,,,,,,,,,,,,,,,,,,,,,,,,,,,,,,,,,,,,,,,,,,,,,,,,,,,,,,,,,,,,,,,,,DBX,,,,,,,,,,,,,,,,,,,,,,,,,,,,,
2026-03-26T05:26:06.557320Z,1796,dc,Microsoft-Windows-TPM-WMI,System,717,2,,,,,,,,,,,,,,,,,,,,,,,,,,,,,,,,,,,,,,,,,,,,,,,,,,,,,,,,,,,,,,,,,,,,,,,,,,,,,,,,,,,,,,,-2147020471,,,,,,,,,,,,,,,,,,,,,,,,,,,,,,,,,,,,,,,,,,,,,,,,,,,,,,,,,,,,,,,,,,,,,,,,,,,,,,,,,,,,,,,,,,,,,,,,,,,,,,,,,,,,,,,,,,,,,,,,,,,,,,,,,,,,,,,,,SBAT,,,,,,,,,,,,,,,,,,,,,,,,,,,,,
2026-03-26T05:26:10.781796Z,"{'#attributes': {'Qualifiers': 16384}, '#text': 7036}",dc,Service Control Manager,System,718,4,,,,,,,,,,4E0065007400530065007400750070005300760063002F0031000000,,,,,,,,,,,,,,,,,,,,,,,,,,,,,,,,,,,,,,,,,,,,,,,,,,,,,,,,,,,,,,,,,,,,,,,,,,,,,,,,,,,,,,,,,,,,,,,,,,,,,,,,,,,,,,,,,,,,,,,,,,,,,,,,,,,,,,,,,,,,,,,,,,,,,,,,,,,,,,,,,,,,,,,,,,,,,,,,,,,,,,,,,,,,,,,,,,,,,,,,,,,,,,,,,,,,,,,,,,,,,,,,,,Network Setup Service,,,stopped,,,,,,,,,,,,,,
2026-03-26T05:26:26.053632Z,7001,dc,Microsoft-Windows-Winlogon,System,719,4,,,,,,,,,,,,,,,,,,,,,,,,,,,,,,,,,,,,,,,,,,,,,,,,,,,,,,,,,,,,,,,,,,,,,,,,,,,,,,,,,,,,,,,,,,,,,,,,,,,,,,,,,,,,,,,,,,,,,,,,,,,,,,,,,,,,,,,,,,,,,,,,,,,,,,,,,,,,,,,,,,,,,,,,,,,,,,,,,,,,,,,,,,,,,,,,,,,,,,,,,,,,,,,,,,,,,,1,,,,,,,,,,,,,S-1-5-21-4220238332-57023728-1129110646-500,,,,,,,,,,,,,,,,,,,,,,,,,,
2026-03-26T05:26:26.570828Z,"{'#attributes': {'Qualifiers': 16384}, '#text': 7036}",dc,Service Control Manager,System,720,4,,,,,,,,,,4600720061006D0065005300650072007600650072004D006F006E00690074006F0072002F0034000000,,,,,,,,,,,,,,,,,,,,,,,,,,,,,,,,,,,,,,,,,,,,,,,,,,,,,,,,,,,,,,,,,,,,,,,,,,,,,,,,,,,,,,,,,,,,,,,,,,,,,,,,,,,,,,,,,,,,,,,,,,,,,,,,,,,,,,,,,,,,,,,,,,,,,,,,,,,,,,,,,,,,,,,,,,,,,,,,,,,,,,,,,,,,,,,,,,,,,,,,,,,,,,,,,,,,,,,,,,,,,,,,,,Windows Camera Frame Server Monitor,,,running,,,,,,,,,,,,,,
2026-03-26T05:26:26.586466Z,"{'#attributes': {'Qualifiers': 16384}, '#text': 7036}",dc,Service Control Manager,System,721,4,,,,,,,,,,43004400500055007300650072005300760063005F00370065003100390065002F0034000000,,,,,,,,,,,,,,,,,,,,,,,,,,,,,,,,,,,,,,,,,,,,,,,,,,,,,,,,,,,,,,,,,,,,,,,,,,,,,,,,,,,,,,,,,,,,,,,,,,,,,,,,,,,,,,,,,,,,,,,,,,,,,,,,,,,,,,,,,,,,,,,,,,,,,,,,,,,,,,,,,,,,,,,,,,,,,,,,,,,,,,,,,,,,,,,,,,,,,,,,,,,,,,,,,,,,,,,,,,,,,,,,,,Connected Devices Platform User Service_7e19e,,,running,,,,,,,,,,,,,,
2026-03-26T05:26:26.677106Z,"{'#attributes': {'Qualifiers': 16384}, '#text': 7036}",dc,Service Control Manager,System,722,4,,,,,,,,,,570070006E00550073006500720053006500720076006900630065005F00370065003100390065002F0034000000,,,,,,,,,,,,,,,,,,,,,,,,,,,,,,,,,,,,,,,,,,,,,,,,,,,,,,,,,,,,,,,,,,,,,,,,,,,,,,,,,,,,,,,,,,,,,,,,,,,,,,,,,,,,,,,,,,,,,,,,,,,,,,,,,,,,,,,,,,,,,,,,,,,,,,,,,,,,,,,,,,,,,,,,,,,,,,,,,,,,,,,,,,,,,,,,,,,,,,,,,,,,,,,,,,,,,,,,,,,,,,,,,,Windows Push Notifications User Service_7e19e,,,running,,,,,,,,,,,,,,
2026-03-26T05:26:26.709131Z,"{'#attributes': {'Qualifiers': 16384}, '#text': 7036}",dc,Service Control Manager,System,723,4,,,,,,,,,,54006F006B0065006E00420072006F006B00650072002F0034000000,,,,,,,,,,,,,,,,,,,,,,,,,,,,,,,,,,,,,,,,,,,,,,,,,,,,,,,,,,,,,,,,,,,,,,,,,,,,,,,,,,,,,,,,,,,,,,,,,,,,,,,,,,,,,,,,,,,,,,,,,,,,,,,,,,,,,,,,,,,,,,,,,,,,,,,,,,,,,,,,,,,,,,,,,,,,,,,,,,,,,,,,,,,,,,,,,,,,,,,,,,,,,,,,,,,,,,,,,,,,,,,,,,Web Account Manager,,,running,,,,,,,,,,,,,,
2026-03-26T05:26:27.490596Z,"{'#attributes': {'Qualifiers': 16384}, '#text': 7036}",dc,Service Control Manager,System,724,4,,,,,,,,,,410070007000520065006100640069006E006500730073002F0034000000,,,,,,,,,,,,,,,,,,,,,,,,,,,,,,,,,,,,,,,,,,,,,,,,,,,,,,,,,,,,,,,,,,,,,,,,,,,,,,,,,,,,,,,,,,,,,,,,,,,,,,,,,,,,,,,,,,,,,,,,,,,,,,,,,,,,,,,,,,,,,,,,,,,,,,,,,,,,,,,,,,,,,,,,,,,,,,,,,,,,,,,,,,,,,,,,,,,,,,,,,,,,,,,,,,,,,,,,,,,,,,,,,,App Readiness,,,running,,,,,,,,,,,,,,
2026-03-26T05:26:28.313909Z,"{'#attributes': {'Qualifiers': 16384}, '#text': 7036}",dc,Service Control Manager,System,725,4,,,,,,,,,,41007000700069006E0066006F002F0034000000,,,,,,,,,,,,,,,,,,,,,,,,,,,,,,,,,,,,,,,,,,,,,,,,,,,,,,,,,,,,,,,,,,,,,,,,,,,,,,,,,,,,,,,,,,,,,,,,,,,,,,,,,,,,,,,,,,,,,,,,,,,,,,,,,,,,,,,,,,,,,,,,,,,,,,,,,,,,,,,,,,,,,,,,,,,,,,,,,,,,,,,,,,,,,,,,,,,,,,,,,,,,,,,,,,,,,,,,,,,,,,,,,,Application Information,,,running,,,,,,,,,,,,,,
2026-03-26T05:26:29.164305Z,"{'#attributes': {'Qualifiers': 16384}, '#text': 7036}",dc,Service Control Manager,System,726,4,,,,,,,,,,550064006B0055007300650072005300760063005F00370065003100390065002F0034000000,,,,,,,,,,,,,,,,,,,,,,,,,,,,,,,,,,,,,,,,,,,,,,,,,,,,,,,,,,,,,,,,,,,,,,,,,,,,,,,,,,,,,,,,,,,,,,,,,,,,,,,,,,,,,,,,,,,,,,,,,,,,,,,,,,,,,,,,,,,,,,,,,,,,,,,,,,,,,,,,,,,,,,,,,,,,,,,,,,,,,,,,,,,,,,,,,,,,,,,,,,,,,,,,,,,,,,,,,,,,,,,,,,Udk User Service_7e19e,,,running,,,,,,,,,,,,,,
2026-03-26T05:26:30.967418Z,"{'#attributes': {'Qualifiers': 16384}, '#text': 7036}",dc,Service Control Manager,System,727,4,,,,,,,,,,770069007300760063002F0034000000,,,,,,,,,,,,,,,,,,,,,,,,,,,,,,,,,,,,,,,,,,,,,,,,,,,,,,,,,,,,,,,,,,,,,,,,,,,,,,,,,,,,,,,,,,,,,,,,,,,,,,,,,,,,,,,,,,,,,,,,,,,,,,,,,,,,,,,,,,,,,,,,,,,,,,,,,,,,,,,,,,,,,,,,,,,,,,,,,,,,,,,,,,,,,,,,,,,,,,,,,,,,,,,,,,,,,,,,,,,,,,,,,,Windows Insider Service,,,running,,,,,,,,,,,,,,
2026-03-26T05:26:34.615098Z,"{'#attributes': {'Qualifiers': 16384}, '#text': 7036}",dc,Service Control Manager,System,728,4,,,,,,,,,,4E0065007400530065007400750070005300760063002F0034000000,,,,,,,,,,,,,,,,,,,,,,,,,,,,,,,,,,,,,,,,,,,,,,,,,,,,,,,,,,,,,,,,,,,,,,,,,,,,,,,,,,,,,,,,,,,,,,,,,,,,,,,,,,,,,,,,,,,,,,,,,,,,,,,,,,,,,,,,,,,,,,,,,,,,,,,,,,,,,,,,,,,,,,,,,,,,,,,,,,,,,,,,,,,,,,,,,,,,,,,,,,,,,,,,,,,,,,,,,,,,,,,,,,Network Setup Service,,,running,,,,,,,,,,,,,,
2026-03-26T05:26:35.770412Z,"{'#attributes': {'Qualifiers': 16384}, '#text': 7036}",dc,Service Control Manager,System,729,4,,,,,,,,,,530065006300750072006900740079004800650061006C007400680053006500720076006900630065002F0034000000,,,,,,,,,,,,,,,,,,,,,,,,,,,,,,,,,,,,,,,,,,,,,,,,,,,,,,,,,,,,,,,,,,,,,,,,,,,,,,,,,,,,,,,,,,,,,,,,,,,,,,,,,,,,,,,,,,,,,,,,,,,,,,,,,,,,,,,,,,,,,,,,,,,,,,,,,,,,,,,,,,,,,,,,,,,,,,,,,,,,,,,,,,,,,,,,,,,,,,,,,,,,,,,,,,,,,,,,,,,,,,,,,,Windows Security Service,,,running,,,,,,,,,,,,,,
2026-03-26T05:26:44.659294Z,"{'#attributes': {'Qualifiers': 16384}, '#text': 7036}",dc,Service Control Manager,System,730,4,,,,,,,,,,63006200640068007300760063005F00370065003100390065002F0034000000,,,,,,,,,,,,,,,,,,,,,,,,,,,,,,,,,,,,,,,,,,,,,,,,,,,,,,,,,,,,,,,,,,,,,,,,,,,,,,,,,,,,,,,,,,,,,,,,,,,,,,,,,,,,,,,,,,,,,,,,,,,,,,,,,,,,,,,,,,,,,,,,,,,,,,,,,,,,,,,,,,,,,,,,,,,,,,,,,,,,,,,,,,,,,,,,,,,,,,,,,,,,,,,,,,,,,,,,,,,,,,,,,,Clipboard User Service_7e19e,,,running,,,,,,,,,,,,,,
2026-03-26T05:26:56.346905Z,"{'#attributes': {'Qualifiers': 16384}, '#text': 7036}",dc,Service Control Manager,System,731,4,,,,,,,,,,540072007500730074006500640049006E007300740061006C006C00650072002F0034000000,,,,,,,,,,,,,,,,,,,,,,,,,,,,,,,,,,,,,,,,,,,,,,,,,,,,,,,,,,,,,,,,,,,,,,,,,,,,,,,,,,,,,,,,,,,,,,,,,,,,,,,,,,,,,,,,,,,,,,,,,,,,,,,,,,,,,,,,,,,,,,,,,,,,,,,,,,,,,,,,,,,,,,,,,,,,,,,,,,,,,,,,,,,,,,,,,,,,,,,,,,,,,,,,,,,,,,,,,,,,,,,,,,Windows Modules Installer,,,running,,,,,,,,,,,,,,
2026-03-26T05:26:56.572242Z,"{'#attributes': {'Qualifiers': 16384}, '#text': 7036}",dc,Service Control Manager,System,732,4,,,,,,,,,,4600720061006D0065005300650072007600650072004D006F006E00690074006F0072002F0031000000,,,,,,,,,,,,,,,,,,,,,,,,,,,,,,,,,,,,,,,,,,,,,,,,,,,,,,,,,,,,,,,,,,,,,,,,,,,,,,,,,,,,,,,,,,,,,,,,,,,,,,,,,,,,,,,,,,,,,,,,,,,,,,,,,,,,,,,,,,,,,,,,,,,,,,,,,,,,,,,,,,,,,,,,,,,,,,,,,,,,,,,,,,,,,,,,,,,,,,,,,,,,,,,,,,,,,,,,,,,,,,,,,,Windows Camera Frame Server Monitor,,,stopped,,,,,,,,,,,,,,
2026-03-26T05:27:05.388587Z,"{'#attributes': {'Qualifiers': 16384}, '#text': 7036}",dc,Service Control Manager,System,733,4,,,,,,,,,,7300700070007300760063002F0034000000,,,,,,,,,,,,,,,,,,,,,,,,,,,,,,,,,,,,,,,,,,,,,,,,,,,,,,,,,,,,,,,,,,,,,,,,,,,,,,,,,,,,,,,,,,,,,,,,,,,,,,,,,,,,,,,,,,,,,,,,,,,,,,,,,,,,,,,,,,,,,,,,,,,,,,,,,,,,,,,,,,,,,,,,,,,,,,,,,,,,,,,,,,,,,,,,,,,,,,,,,,,,,,,,,,,,,,,,,,,,,,,,,,Software Protection,,,running,,,,,,,,,,,,,,
2026-03-26T05:27:05.396379Z,"{'#attributes': {'Qualifiers': 16384}, '#text': 7036}",dc,Service Control Manager,System,734,4,,,,,,,,,,50006F006C006900630079004100670065006E0074002F0034000000,,,,,,,,,,,,,,,,,,,,,,,,,,,,,,,,,,,,,,,,,,,,,,,,,,,,,,,,,,,,,,,,,,,,,,,,,,,,,,,,,,,,,,,,,,,,,,,,,,,,,,,,,,,,,,,,,,,,,,,,,,,,,,,,,,,,,,,,,,,,,,,,,,,,,,,,,,,,,,,,,,,,,,,,,,,,,,,,,,,,,,,,,,,,,,,,,,,,,,,,,,,,,,,,,,,,,,,,,,,,,,,,,,IPsec Policy Agent,,,running,,,,,,,,,,,,,,
2026-03-26T05:27:05.522435Z,"{'#attributes': {'Qualifiers': 16384}, '#text': 7040}",dc,Service Control Manager,System,735,4,,,,,,,,,,,,,,,,,,,,,,,,,,,,,,,,,,,,,,,,,,,,,,,,,,,,,,,,,,,,,,,,,,,,,,,,,,,,,,,,,,,,,,,,,,,,,,,,,,,,,,,,,,,,,,,,,,,,,,,,,,,,,,,,,,,,,,,,,,,,,,,,,,,,,,,,,,,,,,,,,,,,,,,,,,,,,,,,,,,,,,,,,,,,,,,,,,,,,,,,,,,,,,,,,,,,,,,,,,,,,,,,,,,,,,,,,,,,IKE and AuthIP IPsec Keying Modules,,,demand start,auto start,IKEEXT,,,,,,,,,,,,
2026-03-26T05:27:05.522435Z,"{'#attributes': {'Qualifiers': 16384}, '#text': 7036}",dc,Service Control Manager,System,736,4,,,,,,,,,,49004B0045004500580054002F0034000000,,,,,,,,,,,,,,,,,,,,,,,,,,,,,,,,,,,,,,,,,,,,,,,,,,,,,,,,,,,,,,,,,,,,,,,,,,,,,,,,,,,,,,,,,,,,,,,,,,,,,,,,,,,,,,,,,,,,,,,,,,,,,,,,,,,,,,,,,,,,,,,,,,,,,,,,,,,,,,,,,,,,,,,,,,,,,,,,,,,,,,,,,,,,,,,,,,,,,,,,,,,,,,,,,,,,,,,,,,,,,,,,,,IKE and AuthIP IPsec Keying Modules,,,running,,,,,,,,,,,,,,
2026-03-26T05:27:31.452296Z,"{'#attributes': {'Qualifiers': 16384}, '#text': 7036}",dc,Service Control Manager,System,737,4,,,,,,,,,,770069007300760063002F0031000000,,,,,,,,,,,,,,,,,,,,,,,,,,,,,,,,,,,,,,,,,,,,,,,,,,,,,,,,,,,,,,,,,,,,,,,,,,,,,,,,,,,,,,,,,,,,,,,,,,,,,,,,,,,,,,,,,,,,,,,,,,,,,,,,,,,,,,,,,,,,,,,,,,,,,,,,,,,,,,,,,,,,,,,,,,,,,,,,,,,,,,,,,,,,,,,,,,,,,,,,,,,,,,,,,,,,,,,,,,,,,,,,,,Windows Insider Service,,,stopped,,,,,,,,,,,,,,
2026-03-26T05:27:38.124583Z,"{'#attributes': {'Qualifiers': 16384}, '#text': 7036}",dc,Service Control Manager,System,738,4,,,,,,,,,,7300700070007300760063002F0034000000,,,,,,,,,,,,,,,,,,,,,,,,,,,,,,,,,,,,,,,,,,,,,,,,,,,,,,,,,,,,,,,,,,,,,,,,,,,,,,,,,,,,,,,,,,,,,,,,,,,,,,,,,,,,,,,,,,,,,,,,,,,,,,,,,,,,,,,,,,,,,,,,,,,,,,,,,,,,,,,,,,,,,,,,,,,,,,,,,,,,,,,,,,,,,,,,,,,,,,,,,,,,,,,,,,,,,,,,,,,,,,,,,,Software Protection,,,running,,,,,,,,,,,,,,
2026-03-26T05:28:07.464108Z,"{'#attributes': {'Qualifiers': 16384}, '#text': 7036}",dc,Service Control Manager,System,739,4,,,,,,,,,,4E0065007400530065007400750070005300760063002F0031000000,,,,,,,,,,,,,,,,,,,,,,,,,,,,,,,,,,,,,,,,,,,,,,,,,,,,,,,,,,,,,,,,,,,,,,,,,,,,,,,,,,,,,,,,,,,,,,,,,,,,,,,,,,,,,,,,,,,,,,,,,,,,,,,,,,,,,,,,,,,,,,,,,,,,,,,,,,,,,,,,,,,,,,,,,,,,,,,,,,,,,,,,,,,,,,,,,,,,,,,,,,,,,,,,,,,,,,,,,,,,,,,,,,Network Setup Service,,,stopped,,,,,,,,,,,,,,
2026-03-26T05:28:08.127775Z,"{'#attributes': {'Qualifiers': 16384}, '#text': 7036}",dc,Service Control Manager,System,740,4,,,,,,,,,,7300700070007300760063002F0034000000,,,,,,,,,,,,,,,,,,,,,,,,,,,,,,,,,,,,,,,,,,,,,,,,,,,,,,,,,,,,,,,,,,,,,,,,,,,,,,,,,,,,,,,,,,,,,,,,,,,,,,,,,,,,,,,,,,,,,,,,,,,,,,,,,,,,,,,,,,,,,,,,,,,,,,,,,,,,,,,,,,,,,,,,,,,,,,,,,,,,,,,,,,,,,,,,,,,,,,,,,,,,,,,,,,,,,,,,,,,,,,,,,,Software Protection,,,running,,,,,,,,,,,,,,
2026-03-26T05:28:26.933267Z,"{'#attributes': {'Qualifiers': 16384}, '#text': 7036}",dc,Service Control Manager,System,741,4,,,,,,,,,,4F006E006500530079006E0063005300760063005F00370065003100390065002F0034000000,,,,,,,,,,,,,,,,,,,,,,,,,,,,,,,,,,,,,,,,,,,,,,,,,,,,,,,,,,,,,,,,,,,,,,,,,,,,,,,,,,,,,,,,,,,,,,,,,,,,,,,,,,,,,,,,,,,,,,,,,,,,,,,,,,,,,,,,,,,,,,,,,,,,,,,,,,,,,,,,,,,,,,,,,,,,,,,,,,,,,,,,,,,,,,,,,,,,,,,,,,,,,,,,,,,,,,,,,,,,,,,,,,Sync Host_7e19e,,,running,,,,,,,,,,,,,,
2026-03-26T05:28:26.943038Z,"{'#attributes': {'Qualifiers': 16384}, '#text': 7036}",dc,Service Control Manager,System,742,4,,,,,,,,,,5600610075006C0074005300760063002F0034000000,,,,,,,,,,,,,,,,,,,,,,,,,,,,,,,,,,,,,,,,,,,,,,,,,,,,,,,,,,,,,,,,,,,,,,,,,,,,,,,,,,,,,,,,,,,,,,,,,,,,,,,,,,,,,,,,,,,,,,,,,,,,,,,,,,,,,,,,,,,,,,,,,,,,,,,,,,,,,,,,,,,,,,,,,,,,,,,,,,,,,,,,,,,,,,,,,,,,,,,,,,,,,,,,,,,,,,,,,,,,,,,,,,Credential Manager,,,running,,,,,,,,,,,,,,
2026-03-26T05:28:38.139735Z,"{'#attributes': {'Qualifiers': 16384}, '#text': 7036}",dc,Service Control Manager,System,743,4,,,,,,,,,,7300700070007300760063002F0034000000,,,,,,,,,,,,,,,,,,,,,,,,,,,,,,,,,,,,,,,,,,,,,,,,,,,,,,,,,,,,,,,,,,,,,,,,,,,,,,,,,,,,,,,,,,,,,,,,,,,,,,,,,,,,,,,,,,,,,,,,,,,,,,,,,,,,,,,,,,,,,,,,,,,,,,,,,,,,,,,,,,,,,,,,,,,,,,,,,,,,,,,,,,,,,,,,,,,,,,,,,,,,,,,,,,,,,,,,,,,,,,,,,,Software Protection,,,running,,,,,,,,,,,,,,
2026-03-26T05:29:08.160694Z,"{'#attributes': {'Qualifiers': 16384}, '#text': 7036}",dc,Service Control Manager,System,744,4,,,,,,,,,,7300700070007300760063002F0034000000,,,,,,,,,,,,,,,,,,,,,,,,,,,,,,,,,,,,,,,,,,,,,,,,,,,,,,,,,,,,,,,,,,,,,,,,,,,,,,,,,,,,,,,,,,,,,,,,,,,,,,,,,,,,,,,,,,,,,,,,,,,,,,,,,,,,,,,,,,,,,,,,,,,,,,,,,,,,,,,,,,,,,,,,,,,,,,,,,,,,,,,,,,,,,,,,,,,,,,,,,,,,,,,,,,,,,,,,,,,,,,,,,,Software Protection,,,running,,,,,,,,,,,,,,
2026-03-26T05:29:38.175812Z,"{'#attributes': {'Qualifiers': 16384}, '#text': 7036}",dc,Service Control Manager,System,745,4,,,,,,,,,,7300700070007300760063002F0034000000,,,,,,,,,,,,,,,,,,,,,,,,,,,,,,,,,,,,,,,,,,,,,,,,,,,,,,,,,,,,,,,,,,,,,,,,,,,,,,,,,,,,,,,,,,,,,,,,,,,,,,,,,,,,,,,,,,,,,,,,,,,,,,,,,,,,,,,,,,,,,,,,,,,,,,,,,,,,,,,,,,,,,,,,,,,,,,,,,,,,,,,,,,,,,,,,,,,,,,,,,,,,,,,,,,,,,,,,,,,,,,,,,,Software Protection,,,running,,,,,,,,,,,,,,
2026-03-26T05:29:42.057749Z,"{'#attributes': {'Qualifiers': 16384}, '#text': 7040}",dc,Service Control Manager,System,746,4,,,,,,,,,,,,,,,,,,,,,,,,,,,,,,,,,,,,,,,,,,,,,,,,,,,,,,,,,,,,,,,,,,,,,,,,,,,,,,,,,,,,,,,,,,,,,,,,,,,,,,,,,,,,,,,,,,,,,,,,,,,,,,,,,,,,,,,,,,,,,,,,,,,,,,,,,,,,,,,,,,,,,,,,,,,,,,,,,,,,,,,,,,,,,,,,,,,,,,,,,,,,,,,,,,,,,,,,,,,,,,,,,,,,,,,,,,,,Windows Modules Installer,,,demand start,auto start,TrustedInstaller,,,,,,,,,,,,
2026-03-26T05:29:51.982525Z,"{'#attributes': {'Qualifiers': 16384}, '#text': 14533}",dc,Microsoft-Windows-DfsSvc,System,747,4,,,,,,,,,,,,,,,,,,,,,,,,,,,,,,,,,,,,,,,,,,,,,,,,,,,,,,,,,,,,,,,,,,,,,,,,,,,,,,,,,,,,,,,,,,,,,,,,,,,,,,,,,,,,,,,,,,,,,,,,,,,,DfsFinishBuildingNamespace,,,,,,,,,,,,,,,,,,,,,,,,,,,,,,,,,,,,,,,,,,,,,,,,,,,,,,,,,,,,,,,,,,,,,,,,,,,,,,,,,,,,,,,,,,,,,,,,,,,,,,,,,,,,,,,,,,,,,,,,,,,,,,,,,
2026-03-26T05:29:52.004499Z,"{'#attributes': {'Qualifiers': 16384}, '#text': 14531}",dc,Microsoft-Windows-DfsSvc,System,748,4,,,,,,,,,,,,,,,,,,,,,,,,,,,,,,,,,,,,,,,,,,,,,,,,,,,,,,,,,,,,,,,,,,,,,,,,,,,,,,,,,,,,,,,,,,,,,,,,,,,,,,,,,,,,,,,,,,,,,,,,,,,,DfsFinishInit,,,,,,,,,,,,,,,,,,,,,,,,,,,,,,,,,,,,,,,,,,,,,,,,,,,,,,,,,,,,,,,,,,,,,,,,,,,,,,,,,,,,,,,,,,,,,,,,,,,,,,,,,,,,,,,,,,,,,,,,,,,,,,,,,
2026-03-26T05:29:52.180916Z,"{'#attributes': {'Qualifiers': 16896}, '#text': 3}",dc,Virtual Disk Service,System,749,4,,,,,,,,,,,,,,,,,,,,,,,,,,,,,,,,,,,,,,,,@2010005,,,,,,,,,,,,,,,,,,,,,,,,,,,,,,,,,,,,,,,,,,,,,,,,,,,,,,,,,,,,,,,,,,,,,,,,,,,,,,,,,,,,,,,,,,,,,,,,,,,,,,,,,,,,,,,,,,,,,,,,,,,,,,,,,,,,,,,,,,,,,,,,,,,,,,,,,,,,,,,,,,,,,,,,,,,,,,,,,,,,,,,,,,,,,,,,,,,,,,,,,,,,,,,,,,,,,
2026-03-26T05:29:51.947216Z,"{'#attributes': {'Qualifiers': 16384}, '#text': 7036}",dc,Service Control Manager,System,750,4,,,,,,,,,,44004600530052002F0034000000,,,,,,,,,,,,,,,,,,,,,,,,,,,,,,,,,,,,,,,,,,,,,,,,,,,,,,,,,,,,,,,,,,,,,,,,,,,,,,,,,,,,,,,,,,,,,,,,,,,,,,,,,,,,,,,,,,,,,,,,,,,,,,,,,,,,,,,,,,,,,,,,,,,,,,,,,,,,,,,,,,,,,,,,,,,,,,,,,,,,,,,,,,,,,,,,,,,,,,,,,,,,,,,,,,,,,,,,,,,,,,,,,,DFS Replication,,,running,,,,,,,,,,,,,,
2026-03-26T05:29:51.950938Z,6,dc,Microsoft-Windows-FilterManager,System,751,4,,,,,,,,,,,,,,,,,,,,,,,,,,,,,,,,,,,,,,,,,,,,,,,,,,,,DfsrRo,6,,1998-09-18T16:30:36.000000Z,10,0,,,,,,,,,,,,,,,,,,,,,,,0x0,,,,,,,,,,,,,,,,,,,,,,,,,,,,,,,,,,,,,,,,,,,,,,,,,,,,,,,,,,,,,,,,,,,,,,,,,,,,,,,,,,,,,,,,,,,,,,,,,,,,,,,,,,,,,,,,,,,,,,,,,,,,,,,,,,,,,,,,,,,,,,,,,,,,,,,,,,,,,,,,,,,,,,,,,,,,,
