2026-03-26T05:40:59.918738Z,"{'#attributes': {'Qualifiers': 16384}, '#text': 5}",dc.danglingtree.htb,Microsoft-Windows-Search-ProfileNotify,Application,192,4,,,,,,,,,,,,,,,,,,,,,,,,,,,,,,,,,,,,,,,,,,,,,,,,,,,,,,,,,,,,,,,,,,,,,,,,,,,,,,,,,,,,,,,,,,,,IIS APPPOOL\.NET v4.5,,,,,,,,,,,,,,,,,,,,
2026-03-26T05:42:26.837151Z,"{'#attributes': {'Qualifiers': 16384}, '#text': 1704}",dc.danglingtree.htb,SceCli,Application,193,4,,,,,,,,,,,,,,,,,,,,,,,,,,,,,,,,,,,,,,,,,,,,,,,,,,,,,,,,,,,,,,,,,,,,,,,,,,,,,,,,,,,,,,,,,,,,,,,,,,,,,,,,,,,,,,,,
2026-03-26T05:42:39.487786Z,1001,dc.danglingtree.htb,Windows Error Reporting,Application,194,4,,,,,,,,,"
\\?\C:\Users\Administrator\AppData\Local\Temp\RDR1AF8.tmp\empty.txt
\\?\C:\ProgramData\Microsoft\Windows\WER\Temp\WER.a54b97fc-b143-4554-95af-a70190d79991.tmp.WERInternalMetadata.xml
\\?\C:\ProgramData\Microsoft\Windows\WER\Temp\WER.a5b8a5b2-789a-4832-81f4-f86e94ebaa32.tmp.csv
\\?\C:\ProgramData\Microsoft\Windows\WER\Temp\WER.995340fd-f1a3-4c00-a159-9ce953dd0497.tmp.txt
\\?\C:\ProgramData\Microsoft\Windows\WER\Temp\WER.b7221c96-399c-45ae-afa1-a247f70c68c3.tmp.xml",,,0,,,,,,0,0,,,,,,,,,,,,,,,,,,,RADAR_PRE_LEAK_64,,,,,,,,,,,,,,,,,,,lsass.exe,,10.0.26100.7309,10.0.26100.2.0.0,,,,,,,,,,,,,,,,0,,98b37913-491f-4364-a07f-0f7311bf4e8c,536871008,,Not available,,,,,,NULL,,,,,,,,,,,,,,,,,,,,,,,,,
2026-03-26T05:44:31.247443Z,"{'#attributes': {'Qualifiers': 0}, '#text': 102}",dc.danglingtree.htb,ESENT,Application,195,4,,,,,,,,,,,,,,,,,,,,,,,,certsrv.exe,"2672,P,98,0",,0,10,00,26100,0000,,,,,,,,,,,,,,,,,,,,,,,,,,,,,,,,,,,,,,,,,,,,,,,,,,,,,,,,,,,,,,,,,,,,,,,,,,,,,,,,,
2026-03-26T05:44:31.257394Z,"{'#attributes': {'Qualifiers': 0}, '#text': 105}",dc.danglingtree.htb,ESENT,Application,196,4,,,,,,,,,,,,,,,,,,,,,,,,certsrv.exe,"2672,D,0,0",,0,0.011,"
[1] 0.000378 +J(0) +M(C:0K, Fs:124, WS:476K # 476K, PF:2500K # 2224K, P:2500K)
[2] 0.000265 +J(0) +M(C:3200K, Fs:145, WS:572K # 572K, PF:3652K # 3652K, P:3652K)
[3] 0.000007 +J(0) +M(C:0K, Fs:1, WS:4K # 4K, PF:64K # 64K, P:64K)
[4] 0.000093 +J(0) +M(C:0K, Fs:35, WS:136K # 136K, PF:512K # 512K, P:512K)
[5] 0.000258 +J(0) +M(C:0K, Fs:55, WS:220K # 220K, PF:516K # 516K, P:516K)
[6] 0.000726 +J(0) +M(C:0K, Fs:67, WS:264K # 264K, PF:12K # 12K, P:12K)
[7] -
[8] -
[9] -
[10] -
[11] -
[12] -
[13] 0.007636 -0.001513 (6) WT +J(CM:0, PgRf:0, Rd:0/0, Dy:0/0, Lg:616/1) +M(C:0K, Fs:448, WS:768K # 1768K, PF:16K # 1036K, P:16K)
[14] 0.000012 +J(0) +M(C:0K, Fs:1, WS:4K # 0K, PF:0K # 0K, P:0K)
[15] 0.000089 +J(0) +M(C:0K, Fs:101, WS:404K # 0K, PF:64K # 0K, P:64K)
[16] 0.001704 -0.000182 (2) WT +J(0) +M(C:0K, Fs:3, WS:4K # 0K, PF:0K # 0K, P:0K).","RBSOn = 0
",,,,,,,,,,,,,,,,,,,,,,,,,,,,,,,,,,,,,,,,,,,,,,,,,,,,,,,,,,,,,,,,,,,,,,,,,,,,,,,,,,
2026-03-26T05:44:31.268382Z,"{'#attributes': {'Qualifiers': 0}, '#text': 325}",dc.danglingtree.htb,ESENT,Application,197,4,,,,,,,,,,,,,,,,,,,,,,,,certsrv.exe,"2672,D,35,0",,1,C:\WINDOWS\system32\CertLog\danglingtree-DC-CA.edb,0,"
[1] 0.000036 +J(0) +M(C:0K, Fs:2, WS:8K # 0K, PF:4K # 0K, P:4K)
[2] 0.000852 -0.000420 (1) WT +J(CM:0, PgRf:0, Rd:0/0, Dy:0/0, Lg:3480/2) +M(C:0K, Fs:2, WS:8K # 0K, PF:0K # 0K, P:0K)
[3] 0.001728 -0.000002 (2) WT +J(0) +M(C:0K, Fs:11, WS:40K # 0K, PF:20K # 0K, P:20K)
[4] 0.000242 +J(0) +M(C:0K, Fs:2, WS:8K # 0K, PF:0K # 0K, P:0K)
[5] 0.000897 -0.000442 (3) WT +J(CM:0, PgRf:3, Rd:0/0, Dy:3/6, Lg:122/4) +M(C:0K, Fs:61, WS:240K # 0K, PF:240K # 0K, P:240K)
[6] 0.001601 -0.000391 (2) WT +J(CM:0, PgRf:259, Rd:0/0, Dy:16/440, Lg:28550/479) +M(C:0K, Fs:116, WS:460K # 304K, PF:508K # 0K, P:508K)
[7] 0.000690 -0.000321 (3) WT +J(CM:0, PgRf:0, Rd:0/0, Dy:0/0, Lg:4096/3) +M(C:0K, Fs:5, WS:16K # 16K, PF:0K # 0K, P:0K)
[8] 0.000003 +J(0)
[9] 0.001168 -0.000699 (3) WT +J(0) +M(C:0K, Fs:5, WS:16K # 16K, PF:0K # 0K, P:0K)
[10] 0.003083 -0.000925 (7) WT +J(CM:0, PgRf:428, Rd:0/0, Dy:7/109, Lg:20701/156) +M(C:0K, Fs:45, WS:176K # 180K, PF:24K # 0K, P:24K)
[11] 0.000003 +J(0).",0 0,"lgposCreate = 00000001:0001:0268,
dbv = 1568.300.620 (9620)",,,,,,,,,,,,,,,,,,,,,,,,,,,,,,,,,,,,,,,,,,,,,,,,,,,,,,,,,,,,,,,,,,,,,,,,,,,,,,,,
2026-03-26T05:44:31.345494Z,103,dc.danglingtree.htb,Microsoft-Windows-CertificationAuthority,Application,198,3,,,,,,,,,,,,,,,,0,,,,,,,,,,,,,,,,,,,,,,,,,,,,,,"ldap:///CN=danglingtree-DC-CA,CN=Certification Authorities,CN=Public Key Services,CN=Services,CN=Configuration,DC=danglingtree,DC=htb?cACertificate?base?objectClass=certificationAuthority",,,,,,,,,,,,,,,,,,,,,,,,,,,,,,,,,,,,,,,,,,,,,,,,,,MSG_E_MISSING_POLICY_ROOT,,,,,,,,,,,,,,,,
2026-03-26T05:44:31.567998Z,26,dc.danglingtree.htb,Microsoft-Windows-CertificationAuthority,Application,199,4,,,,,,,,,,,,,,,,,danglingtree-DC-CA,,,,dc.danglingtree.htb,  DC=,,,,,,,,,,,,,,,,,,,,,,,,,,,,,,,,,,,,,,,,,,,,,,,,,,,,,,,,,,,,,,,,,,,,,,,,,,MSG_I_SERVER_STARTED,,,,,,,,,,,,,,,,
2026-03-26T05:44:56.814906Z,"{'#attributes': {'Qualifiers': 0}, '#text': 1130}",dc.danglingtree.htb,.NET Runtime Optimization Service,Application,200,0,,,,,,,,,,,,,,,,,,,,,,,.NET Runtime Optimization Service (4.0.30319.0) - Installed from repository: mscorlib,,,,,,,,,,,,,,,,,,,,,,,,,,,,,,,,,,,,,,,,,,,,,,,,,,,,,,,,,,,,,,,,,,,,,,,,,,,,,,,,,,,,,,,,,
2026-03-26T05:45:12.945489Z,"{'#attributes': {'Qualifiers': 32768}, '#text': 6000}",dc.danglingtree.htb,Microsoft-Windows-Winlogon,Application,201,4,,,,,,,,,,D9060000,,,,,,,,,,,,,WSearch,,,,,,,,,,,,,,,,,,,,,,,,,,,,,,,,,,,,,,,,,,,,,,,,,,,,,,,,,,,,,,,,,,,,,,,,,,,,,,,,,,,,,,,,,
2026-03-26T05:45:12.966712Z,"{'#attributes': {'Qualifiers': 32768}, '#text': 6000}",dc.danglingtree.htb,Microsoft-Windows-Winlogon,Application,202,4,,,,,,,,,,D9060000,,,,,,,,,,,,,SessionEnv,,,,,,,,,,,,,,,,,,,,,,,,,,,,,,,,,,,,,,,,,,,,,,,,,,,,,,,,,,,,,,,,,,,,,,,,,,,,,,,,,,,,,,,,,
2026-03-26T05:45:13.008821Z,"{'#attributes': {'Qualifiers': 0}, '#text': 260}",dc.danglingtree.htb,VMUpgradeHelper,Application,203,4,,,,,,,,,,,,,,,,,,,,,,,,,,,,,,,,,,,,,,,,,,,,,,,,,,,,,,,,,,,,,,,,,,,,,,,,,,,,,,,,,,,,,,,,,,,,,,,,,,,,,,,,,,,,,,,,
2026-03-26T05:45:13.009024Z,"{'#attributes': {'Qualifiers': 0}, '#text': 272}",dc.danglingtree.htb,VMUpgradeHelper,Application,204,4,,,,,,,,,,,,,,,,,,,,,,,,,,,,,,,,,,,,,,,,,,,,,,,,,,,,,,,,,,,,,,,,,,,,,,,,,,,,,,,,,,,,,,,,,,,,,,,,,,,,,,,,,,,,,,,,
2026-03-26T05:45:13.016889Z,"{'#attributes': {'Qualifiers': 0}, '#text': 108}",dc.danglingtree.htb,VMTools,Application,205,4,,,,,,,,,,,,,,,,,,,,,,,,,,,,,,,,,,,,,,,,,,,,,,,,,,,,,,,,,,,,,,,,,,,,,,,,,,,,,,,,,,,,,,,,,,,,,,,,,,,,,,,,,,,,,,,,
2026-03-26T05:45:13.193576Z,"{'#attributes': {'Qualifiers': 16384}, '#text': 903}",dc.danglingtree.htb,Microsoft-Windows-Security-SPP,Application,206,0,,,,,,,,,,,,,,,,,,,,,,,,,,,,,,,,,,,,,,,,,,,,,,,,,,,,,,,,,,,,,,,,,,,,,,,,,,,,,,,,,,,,,,,,,,,,,,,,,,,,,,,,,,,,,,,,
2026-03-26T05:45:13.195297Z,"{'#attributes': {'Qualifiers': 16384}, '#text': 4111}",dc.danglingtree.htb,Microsoft-Windows-MSDTC,Application,207,4,,,,,,,,,,4D005300440054004300,,,,,,,,,,,,,,,,,,,,,,,,,,,,,,,,,,,,,,,,,,,,,,,,,,,,,,,,,,,,,,,,,,,,,,,,,,,,,,,,,,,,,,,,,,,,,,,,,,,,,,
2026-03-26T05:45:13.183358Z,1532,dc.danglingtree.htb,Microsoft-Windows-User Profiles Service,Application,208,4,,,,,,,,,,,,,,,,,,,,,,,,,,,,,,,,,,,,,,,,,,,,,,,,,,,,,,,,,,,,,,,,,,,,,,,,,,,,,,,,,,,,,,,,,,,,,,,,,,,,,,,,,,,,,,,,
2026-03-26T05:45:13.386525Z,38,dc.danglingtree.htb,Microsoft-Windows-CertificationAuthority,Application,209,4,,,,,,,,,,,,,,,,,danglingtree-DC-CA,,,,,,,,,,,,,,,,,,,,,,,,,,,,,,,,,,,,,,,,,,,,,,,,,,,,,,,,,,,,,,,,,,,,,,,,,,,,,,,MSG_I_SERVER_STOPPED,,,,,,,,,,,,,,,,
2026-03-26T05:45:29.314882Z,1531,dc.danglingtree.htb,Microsoft-Windows-User Profiles Service,Application,210,4,,,,,,,,,,,,,,,,,,,,,,,,,,,,,,,,,,,,,,,,,,,,,,,,,,,,,,,,,,,,,,,,,,,,,,,,,,,,,,,,,,,,,,,,,,,,,,,,,,,,,,,,,,,,,,,,
2026-03-26T05:45:30.135998Z,"{'#attributes': {'Qualifiers': 16384}, '#text': 900}",dc.danglingtree.htb,Microsoft-Windows-Security-SPP,Application,211,4,,,,,,,,,,,,,,,,,,,,,,,TriggerStarted:6,,,,,,,,,,,,,,,,,,,,,,,,,,,,,,,,,,,,,,,,,,,,,,,,,,,,,,,,,,,,,,,,,,,,,,,,,,,,,,,,,,,,,,,,,
2026-03-26T05:45:30.195530Z,"{'#attributes': {'Qualifiers': 49152}, '#text': 16394}",dc.danglingtree.htb,Microsoft-Windows-Security-SPP,Application,212,4,,,,,,,,,,,,,,,,,,,,,,,,,,,,,,,,,,,,,,,,,,,,,,,,,,,,,,,,,,,,,,,,,,,,,,,,,,,,,,,,,,,,,,,,,,,,,,,,,,,,,,,,,,,,,,,,
2026-03-26T05:45:30.231902Z,"{'#attributes': {'Qualifiers': 16384}, '#text': 1066}",dc.danglingtree.htb,Microsoft-Windows-Security-SPP,Application,213,4,,,,,,,,,,,,,,,,,,,,,,,"C:\WINDOWS\system32\sppwinob.dll, msft:spp/windowsfunctionality/agent/7.0, 0x00000000, 0x00000000
C:\WINDOWS\system32\sppobjs.dll, msft:rm/algorithm/inherited/1.0, 0x00000000, 0x00000000
C:\WINDOWS\system32\sppobjs.dll, msft:rm/algorithm/phone/1.0, 0x00000000, 0x00000000
C:\WINDOWS\system32\sppobjs.dll, msft:rm/algorithm/pkey/detect, 0x00000000, 0x00000000
C:\WINDOWS\system32\sppobjs.dll, msft:spp/ActionScheduler/1.0, 0x00000000, 0x00000000
C:\WINDOWS\system32\sppobjs.dll, msft:spp/TaskScheduler/1.0, 0x00000000, 0x00000000
C:\WINDOWS\system32\sppobjs.dll, msft:spp/statecollector/pkey, 0x00000000, 0x00000000
C:\WINDOWS\system32\sppobjs.dll, msft:spp/volume/services/kms/1.0, 0x00000000, 0x00000000
C:\WINDOWS\system32\sppobjs.dll, msft:spp/volume/services/kms/activationinfo/1.0, 0x00000000, 0x00000000
",,,,,,,,,,,,,,,,,,,,,,,,,,,,,,,,,,,,,,,,,,,,,,,,,,,,,,,,,,,,,,,,,,,,,,,,,,,,,,,,,,,,,,,,,
2026-03-26T05:45:30.300752Z,"{'#attributes': {'Qualifiers': 16384}, '#text': 1034}",dc.danglingtree.htb,Microsoft-Windows-Security-SPP,Application,214,4,,,,,,,,,,,,,,,,,,,,,,,,Security-SPP-WriteWauMarker,500,,,,,,,,,,,,,,,,,,,,,,,,,,,,,,,,,,,,,,,,,,,,,,,,,,,,,,,,,,,,,,,,,,,,,,,,,,,,,,,,,,,,,,,
2026-03-26T05:45:30.309000Z,"{'#attributes': {'Qualifiers': 16384}, '#text': 1003}",dc.danglingtree.htb,Microsoft-Windows-Security-SPP,Application,215,4,,,,,,,,,,,,,,,,,,,,,,,,55c92734-d682-4d71-983e-d6ec3f16059f,"
1: 753c53a2-4274-4339-8c2e-f66c0b9646c5, 1, 0 [(0 )(1 )(2 )(3 [0x00000000, 0, 1], [(?)( 1 0x00000000)( 6 0x00000000 10 14370)(?)(?)(?)( 10 0x00000000 msft:rm/algorithm/flags/1.0)(?)])]

",,,,,,,,,,,,,,,,,,,,,,,,,,,,,,,,,,,,,,,,,,,,,,,,,,,,,,,,,,,,,,,,,,,,,,,,,,,,,,,,,,,,,,,
2026-03-26T05:45:30.341072Z,"{'#attributes': {'Qualifiers': 16384}, '#text': 902}",dc.danglingtree.htb,Microsoft-Windows-Security-SPP,Application,216,0,,,,,,,,,,,,,,,,,,,,,,,10.0.26100.32230,,,,,,,,,,,,,,,,,,,,,,,,,,,,,,,,,,,,,,,,,,,,,,,,,,,,,,,,,,,,,,,,,,,,,,,,,,,,,,,,,,,,,,,,,
2026-03-26T05:45:30.402287Z,"{'#attributes': {'Qualifiers': 16384}, '#text': 16388}",dc.danglingtree.htb,Microsoft-Windows-Security-SPP,Application,217,4,,,,,,,,,,,,,,,,,,,,,,,,2026-03-26T05:45:30Z,2026-03-26T05:45:30Z,,,,,,,,,,,,,,,,,,,,,,,,,,,,,,,,,,,,,,,,,,,,,,,,,,,,,,,,,,,,,,,,,,,,,,,,,,,,,,,,,,,,,,,
2026-03-26T05:45:30.447405Z,"{'#attributes': {'Qualifiers': 16384}, '#text': 8230}",dc.danglingtree.htb,Microsoft-Windows-Security-SPP,Application,218,4,,,,,,,,,,,,,,,,,,,,,,,Security-SPP-Action-StateData (REG_SZ) =AppId=55c92734-d682-4d71-983e-d6ec3f16059f;GraceEndDate=2026/04/05:05:15:30;LastConsumptionReason=0x4004f00c;LastNotificationId=NeverActivated;LicenseState=SL_LICENSING_STATUS_IN_GRACE_PERIOD;PartialProductKey=7H9YG;ProductKeyType=Retail:TB:Eval;SkuId=753c53a2-4274-4339-8c2e-f66c0b9646c5;ruleId=31e71c49-8da7-4a2f-ad92-45d98a1c79ba;uxDifferentiator=TIMEBASED_EVAL,,,,,,,,,,,,,,,,,,,,,,,,,,,,,,,,,,,,,,,,,,,,,,,,,,,,,,,,,,,,,,,,,,,,,,,,,,,,,,,,,,,,,,,,,
2026-03-26T05:45:30.963362Z,"{'#attributes': {'Qualifiers': 49152}, '#text': 8200}",dc.danglingtree.htb,Microsoft-Windows-Security-SPP,Application,219,2,,,,,,,,,,,,,,,,,,,,,,,,hr=0x80072EE7,"00010001(0x00000000, 22:45:30:940 - https://activation-v2.sls.microsoft.com/SLActivateProduct/SLActivateProduct.asmx?configextension=Retail)
00020001(0x00000000, 22:45:30:943)
00030001(0x00000000, 22:45:30:943 - https://activation-v2.sls.microsoft.com)
00030002(0x00000000, 22:45:30:943 - 0)
00040001(0x00000000, 22:45:30:943 - https://activation-v2.sls.microsoft.com)
00040002(0x00000000, 22:45:30:943 - 1, <NULL>, <NULL>, <NULL>)
00050002(0x80072F94, 22:45:30:943 - 0, 1)
00040006(0x00000001, 22:45:30:943 - 0, https://activation-v2.sls.microsoft.com, <N/A>, <N/A>)
00020005(0x00000000, 22:45:30:943 - 0)
00020008(0x80072EE7, 22:45:30:958 - SOAPAction: ""http://microsoft.com/SL/ProductActivationService/IssueToken""
Content-Type: text/xml; charset=utf-8
, <soap:Envelope xmlns:soap=""http://schemas.xmlsoap.org/soap/envelope/"" xmlns:xsi=""http://www.w3.org/2001/XMLSchema-instance"" xmlns:xsd=""http://www.w3.org/2001/XMLSchema"" xmlns:soapenc=""http://schemas.xmlsoap.org/soap/encoding/""><soap:Body><RequestSecurityToken xmlns=""http://schemas.xmlsoap.org/ws/2004/04/security/trust""><TokenType>ProductActivation</TokenType><RequestType>http://schemas.xmlsoap.org/ws/2004/04/security/trust/Issue</RequestType><UseKey><Values xmlns:q1=""http://schemas.xmlsoap.org/ws/2004/04/security/trust"" soapenc:arrayType=""q1:TokenEntry[1]""><TokenEntry><Name>PublishLicense</Name><Value>/rrq/XHaeGFhGiXet5Wjp/1nCTaOrzQkHGWh5PEmlI/VNfoXzYVKff8iac7OLQMkBxZ3El9thz8vujGyhl0SlZrW4ORbpkvgv5/GkYhdD0DZXrMPCCOuB4Ux3dIHv5c9FtrI5swzKWtscXl78eDZX9YcRldUs9/FGSLD0auf9Db4ycQy7r6isV9BsFZqAjh2W1/a9BOCXIl1XfpCSmXdJGvgKSxEgi0mwLr835IlFnRfMunWKokWQRNkgJZWBex0ieMVmJTRU8v0OgE8nfFV7VgXoMlfYrGPw2oue5fDTuIQBAgVM9zP58ZV70z/12cXvCYHkDXL70VUs7n+bXb4Wn45C6GXSAqApqVwAcwEBktPToWbWtTXnm1Xy3yiMMqp5AZ0dEaQOuhy+2Cu7ha8hNQRcDMhZKQieOq58WVXjhgBG9kQyW014h1/l0RFhpohvzFSHQ46UxJ2ka8Di/uW69FwTEUOYGUWvi1br8hHaXXXIT3vxHwAth1/fsRxPsqWsxCNRgzNaYKSwSnyMjBRj/QNHrPMw5KJeGSXw/QAOFga6OH8RfJx6OGWGNQv9vBQ49c54gghofK5qYfBVSJXjKbvcb2DfQa4oe8a6yzujxsjtIn9FRwVGH2lha+RA8o5d/fELJ7WaZGrzh9wF1g8RtCYwS7EA1UKhQju13nLaTPrYH+biT/LjeDYJ2ReCOsIKrk2FS+qW4sLB5v7b4durIm8Cs21YmfMw6sxqib0UkUaLuycQ8wkx7xzm3h3jOPCp2zB/+zit5E5q2caQqdIbeA0ksSn0V69BDVUVK9fSK2zGDO8fJlceglHPj3fg/3vf/876AhwPmEh9nu8KM37lWGNqgFklqialUqAMeaznUyCwy1KsojmKG69nhNJychlwxaPAw+vIevn5GMuJTUKEIKFi3fClcrjnUfH+zXfecvZI57VOdntT6hxNESBScOKzeA1uVHAAaULfVBIbKZXi+M0cLVIbmQkpIm/N28EYeycCTAr43k5ewXsv9XpGBPAePTF9S63M3X6d5EWjo42ErdGGCzFUkkwjkGYdtAeJE18do/3bTPucsFL/8y8AYBD0MV29LrxwycZWsB3DPYab3jZGcznnGihgzRCk0mE1SHwmC1TdlzVz9SUqkGo0p2+Jrm8ghYxA/KpnRtaM/avaK8zqikkuyN1k2QevE7LiMeJ2ww7PMLWVegwvmN2DYdv63kBXsAtdvkQm28LR4CbBFPiOF0bT9CKGz/T7fwQ1POi5q7f7zkOA04iauKWGogdnYavzpRY3gD+pBjSe9gQAynAd10VyD4zrWqBsIZ+41V83gubU7vM57SLLAjiwRfLzjlmvtHy9/xOG6lM9AZwI2rAm96/HuiU72LpKtfWBp93h7LWS8TX9ZvfxOG/SxF012km6GjlVhkkVZY2J7v5XApg5AuFX2GUYZnwldy8aXHvGbnozP95wBUMVroNG9FAMjPMlq3K2THJ6L7qXg6yZPFd0USAOp10oyWMBnqbvksSBQm/OAZ2IDUiqFv9i9AU10mh2BsM+5IxeKM9mwXlQMOb5jbt89LK906jhkz0QIvKPlyK17jysVOfA5WRuVvJ6dgHsbK0FK4SCnhmrXDqDUcvF++fDA7qeCVDXexWPx7sAWphhjT4XI5ONHxlpFyphIWwjlQc3A+0vbbdNfe8P/MaizJF4lasjYTTSmyNi/QL9XcmWDdgMRipV+mBhOnO/eT4QuzoADm7PgYrJCAEuKoSmVKJkUZDiWcJuFXGB3vZNbBuYc9BhfXWS7qS57kaG8P9D81oTUn4qNNiYGQjybexCxn/GN5SYpwgdbbLYD/BV+ChaPaLVWbgRj4bMPmUeLwq6RvsOdO9Zbo7IHpyBo/PLZ2m4j1AZzGy1AeARr4IvU5dp+eHWK0+6fteFMw8T1UbJ1S8epyHEoHyqfzE+qDidDpxBWJrb0JSPH3NXb8+3L1BDs8nOOr/CpBkkE+bxkgd5CAe58xGBLTXl+xRy21lh/fa+Ood4n1BIhRYot2sDeZkd6VB06bvIrgNw9GCwk/mfgZHwWq5eThJKz+dCXBmCcSqVyQ7+mzn0SwLqE0wwdIoQcBa/uaN2bB2D05BQV2HebwwNgzIXt3SyyQ98hT7tTwfTw3mYbgP/qP1jSQiJbeLLDCEVUW8RwDly3H0U875Mi0WGHeM60NW+t2FKvLd6qjlwG+htLx+wsbfUeSv1XOU3+1Gj1N3KyVPqvjBGPB0QCGLiGmDcCNYcx1qn5KgtyGDzRyNt/AijsnWNn1YhqfzSN1q/kO0hSk+7Noipmi/RlQ261uGuVkcAmOKjo3b9sqhRAhlx19VCad4Mv+h6VEnXIQ8lIBMWZctXTznMw0fKInvCfMHtmoanuvv9lfFQjddG27I7En7Xr1+Xbz9kXB3q3HnVQSu9Vol+tg5iTz5ayfmFD39Vj23TbhO87jfPFV0PoUNR84hy+RXBJrGKd4hNInQM/W5miB0ZyEbpvMipuh4tuiA7/BMqQ9MJmlzLNaOv5WCOL1iwIkpgJ5KKSVouWG0cWWDNcPhgxUtEiCTS5WijjytLgRzbT8oQWqU1gY1787hOI1ZpIyZPRDiJ1Qn8kBMoyhUL1jHwHlEjVdyFihHW6QOiS4iPDSrdRhp+DTlm3uiOnqPDFdbrdOR3o1HEIhdgBJng1O3HeZ2jGqtftuY1nnDHdTOXSqOFzGxH/tHMia7WXvJB3uoae2rd7wsDXqa3kU7x0zmwSlt4/7ZnDQK6P8/Dlvf4p2J+irLaj1w5S3peAUX9zzsZ48prcTbBVgZHwzJWcea0aOE+TTlcvpyAZi95KFMgnD8mJWDsm6kLHk+5m+chhOR3n7M6EU6KoZjkKKn2QsQ2NtVAzhnr1EzHPB4eEcnOdyN+KtMXRGk59bdSjIwuah2SbDvLlgE8d6A7Znu41hPqzMYjwXABUS237NVuDHHB8fZ26JCIudUd005WK1LyMUNO3lcNhCjqVxvwqDnW+RAnfZusnJza1k42LwOfVKdM4aUrWOH5hukG50IXN6kFNwQYVzvLqzPdtpiELRww3JhVnpzRazITvieyljuA9hr4Hc+UO/KcaxWMXF7OXL7zc5gVPYg4la0w05LlJquqaPBOrSVI2/pzHNiOPFf669Ntk+QNUkFOKw1I3yUQD00LsCzSdEJijIg/nVhlFamSrG5Ebl/7zaB3318QdRXlZhZze5JdtUsXbxezofPGVsFiVfPIKIoZGDiw9Uxsz2OGC2mKlZXHX2llNqwTwvmVJb7BLE8dyFV9U0S8t6xX66vM9piogdO/YLfrN8u3UcSnGCC857Ui7ptC8q34Uw/7ZQDI3vlV6XaDpK1DhHzbmDN5q7yHJmB4wWN7eDEgLZU7tQ+3FQsrr8LoRiRICNz+cI7mFLTCbX6RcPG+DFNndEvuSkLd11fXC8x7tfZAwHEGWlVzHty5zwBBfXAN4xafdoH/O1V/qgv2VUlNxXTM7BJDHJYA4lBXlU1paAQKQtE0r1et+eiWvF8kxmhtZERjoTb7Jd01VNZ6c7mNFOoKgjQz2d8zK/nZ34/ytz9pkdf3TAQmdzrVpP7g1fosVoFGZD8851fiQxLnsZx5Er6NkZF/XzphJavxZZ8wzzaklt1bhAWybbj7ivqmuNZ89ryBnFvM2ZLNrUbAzAeWGBZAOMe0OsYNOfjMzcYNOaQoxIJOHpquYtfL6OCRFSIYAMAzaxUYkeKAwIN0TZPAZ9g9vUIBQcmbvw5IAaxYToSK6NnRsF/KI/1ygpVBURs6ze/yQFUDHIK5KZ7cd6I1v6yVbe8YHB+Legi5k/cyxhUKF2NrfnV1UUAB/HybTh1Pp8N4vwBUS4nYV8EgeBMs4rbZzjtXF/HOM8l8BgHa3KnIArd5uvEEl4MIVYdlZ4Cf6ePDXhqgSClz6alJAIp05+vlXpyRSzEtIjfsRpcFsUd2PIeTaz1UX+5bcKYl+/0AEoY2d7snVZSgGmxtxTmfaJXl9bmlEykIzeb49emFDOSpQFvg56Njr5UBufd76ZM6w8+sJRlvV25rYRAlsi27jfalgwcFn+BN/G62mwg0cGilg8zmbjiCL5Kc4dLCHIxt5RttiDURqWRcIMwIGKJjSbrqau0ClbZQZolITFi3mz5I2tbjNbdZbvYti9vIPfXIqUepW3eNKL4SDY/IhTAM+VdDnVcCRMS2032OuMPdaH+pn4tyTItBxcSTrdeSzAnis8GJRhiZe6DPjigYLnnwTNA0ASHIpIbQuQuoqzclV7mSOS3WSEyY0KjCN9evSA7SlRPYaXQY4zzlJRRY/hJZJAj8PQYWzI+eFFjPZYohdNrK9a+U0CZz7I4HFAPSnjrbq1wyDd7dOAXeK2JE9lNQ0x/LBC1YTozjL2LS0hoTZxdsu2OhCtnrl3wE5AMwygRS8w9g+ozjEvKdLafomKfxyK16t/K1pS1DncaeWUdihDKYWQV0Y+135gIhw/45iu9Olh1vzM8xo8OIE2j8zdLuh8kwO4mW6oN15DQkSHC4+6a1goAJ+PZaOoiAgrlf3Px8yQQetl5KhHhkR4iS46nR1PfuVAU0LPhdee/MxCOykERM8c6XDlCB3dcnYevOyAvxcq21vgNzOf3p6JrV8fl6QUCaAgNt34045TsiIwy7V/QneZRnGiwTIsjJJgxivqSEztQMqmzntAHWrl81z32CD0dACoWopp6cTTMlKbcdKAVLfivNV8vblNVmiRg0oSuhhPGEocdr/BnBr2mYRprqJLYlZBYHbBXBzzgfl2/X2Em+KEjL5Cmu9vHNXgx6OyZiVBtotl4LhCQ2aiT4fLcirUUHJqg7Bj7j0AuWSQ84iXyhhAh1Np9HOlcevULXHNTxs/tAs0rnASmZPz1pkLsdpWBepWRG5PGLbgdSH73z3SYxgb+T25Y2YGNE+R30QmlG6eruSfoXg1fIHjLeRIT5O6CXvu8EGpncINUsisD/1vkhX/cl9S89bZDG1oBWhrKLn67F6gCF1rV5CqTJjFc+0NiWJEmUX6DjDqTmmXvuI/6ayZ/K0QJrWr6rR8AfvY7nOHuTDln1Ic2Ev8tB7KKmEvLbf6kAfEOHC44uB4PPyoSHveZBUWQrAaFMVQshEmhwAhcCG7GG8/OrvM26O7LpcziJUGTjknbwfgIpP5jC+GyTQVKQQJwCDV2C9OfHPwuI5pUCWNgKow2eMjigs0f+pPoMCYBjbpkFITwrItj15Hwu+pWACUjto6woLwiROnmbWPDpNJVTP2ypz0ZaQjh94mxRjKRmrS4Rn219mUK7zRnf0/mLIycoFGZgPuTyf+mHiLs+a+587680+itOk7q3hRbgYsIsdPKeuqNcWBN7yUyDfUS7gKeaUJ9m0RIpm95XJo0QfVcDJrlcCn3kbvJ2k9WmhVgmX9CJflwtsiMiUdB7j9PQ5l9NtnHS7zjqUJ8pegjECQMu/s9quddDvIF28QnxQYRrSMCuxSzUm6lHzuaw+Trz2+gN9/uzZMZ+zWNLAFpp0fhYyVI/TmiH1DR5MMO6sIL6NmdSnQL4uIlyQNsiOx90/l+WocmiW5+cOQMHuqLAoQFoic6pJTipQ7+UrTPo+CXtEej7WK9EH9sMf76cRSAe25kOLtEbS6qGt2B3mZLL9XsdTw1mxkNEI5U7UrcQrnifaBLqe8fitXDalqo5M/5bDxJrWnLlbJsAVHzs9eTj+9tbhWgvymzJ5ZofOAf1DfLRQysgFCeOmU/QQUs/PEgpq/wwklU1EcsnLSL/EMT+BPHpgUUFWI0FuBFguflZUcKI5A0RFhY96Tw6w8DdojGI4ilganJAnXcKJXO2PdsBbsOfRpekihTjzgi/TjtnJK4ysPPc0jQ2YWmSdFQgVJ5Z5JiuX9+PalBW8K1Kfxb48yOyNhuA6LqDYvlZvPTKzueVUTteRv5KUoVrc/BYYCeaHRKySA1g/phV0JLmWZIh1bYqRdGKY4yhm7E+0QT2TZirRwM8yttqBfEMELnsFYn0vVArW++Ejdk1Yj+q2OS1sMekMqNbfv5W7nxaAAe8EfNNWxhNPCsgAUn7gkS4n/7UILJtiCyaYmwYwdfvhT9rR2SyOLuGyFxe7N4htCMpaDxY2Ii/8NSvcPzRtcBZjLkhZ+7RgzoTC9HjadjFw9ElSPFOKaUgmWlcai8QP0J+uWD9qcqOuYTzMu74Zt306VFcUY1v8UUVfZLAeWkBWFhNo3JReQw+TlrpMhBJVlR7TyqGJ5mvpmu7nxAIUX3J60zdYkUS1vDLY3m9TzE0Hjk6VP89LCihQEWH8mu/0w3tGIY+Ls19SeGbbT98FYpIWs2Dh5Vcs/nBDZJRWM34lWyWd95a3VuEm42WHcKxF3v+C3UaJNm5CM6sPmNA/b+eroyfkqkGmKs0fTLr57bUAKwSL4km844kqcZ82G8aUElOm1Yrvr5T2FspafBjZde8xxRwIh9Wu05egd/vMrUXiA9ZjknvSNRFhc7nrGWFJV/XuLukCAswP3UVXCqZ1PyUrfxyT8BAWJL9Thm8DGC7mByV2ZdmgJvoRz7jkc5D5mFj6CMZxNvlScbWJAtdwvTcssBO50Bw9imAAvF06wx//p7dVMie6lLnwXi3uHqucTO+CxWbZS7Q6Ek3gyZViCt/KRd6TT0CGXzt4hcaKvKKzO847ZznkCjxFuaMva+YZExUB1ilz1r5Ip1cA2tpQifsbD+b4Jue8SLLyZjO4QQEHm+qbofKdNC3P7c4CcksaPtZ1zaBtJZ0BwRGCJ705xUhXxgV3JYs7v8pLo/03O9eFjpCO55VJ7Em4XIHZlg5RgG25lnOBwGv0Zn3ox75MLzJ63x2DwPTtw69u5lDhCtlv8bSixvAtA2yIJwap94mJpcuKmIH3ZqMxLC9cSSJxltTK5MZ7yeRhPCrLju5GUNp5U49p+HYZ2uq4riHI4SwBVpJykRMzipGZf5D81MLZlCV25GCezBzy7cUmeWpVgikYefHsx2eqHstXs2soiXlhxP8qgma2ei22N8dWilNEPvyaD3SEceOOy1DvUYCl9Z7ONLrweFpRYMQY4MjEJ/O1M41TEkmNEUi8XfMLvCsLWq29kPPKpxvLkFExSb916KIzag6qQJ/zzL7Ebln7W89ve65Mg0NyEPG1oJ7QwVadEChiF1YzaK2oE1pJ8Mvur7F05u9KZb2O9N65Xs7nP0VgqeE435vdgCZTF2AaO3LK++V/U+sVghCBUX4vXl3LKsx+Bq4vZs5ld21riYPVsK+oldtmrg4lqt1FqVs78LdyadbU1bGepLB09wGQsKIsZltt/ntV7Gp161OK0ds61wDl8Lsgk8Y4CQ/i7roI2lSJeiCwaAOCn+xCfnq7ELWZHYtFdNP62azF96y1hC7mlQU/3SyBuv3P7vg+B5D12R59p+COfSOV86Yon9ecCywdNWj2sClwrhC2GtGjnTD8FKqxq9E/kInrL1tUSHzVQzelYCW5BWY6j7Izd4pmQv4tEQUQUXpkKcHyFeg5vO7qtvjpJlMgI462dfslDrZ1/AhdRLozY9laTF1lH+vne0SqN1oK60IX7E/rplnAkXfyoM0yOXb9aD3WwjBt2Mf3K56vfCucnt6eg5Z3MHjFS35YzRKBS1ELNMXWUzAl9qXwsYMHEqx3MlwQ9XB0arKQvGru5ZbZglfLpBG8De2XWoh6+UG1Ez1BlP0qnh7+qUidE1AfGK79/UX+JhKTqzz86LOOr7N80a+RBdgD0aLAgFqWH0zd6xyOR5iNwwTljvrSxegm7HEA+DH30WsiiCF0WbMrKyiUIWRyAuR1qODmUn3m3BpaCAdmT7Jz2k9kKJ/ABSM3HNg89HiFn7EroKtVgUCU5ythKNsnl8tTRggS/SZzRMVOXHUaYuulCqITj+huDkX+3mt87+W0e9ow/r8Fj4BoB9WX7f8EMOFl/J8xs8YzcSjn4PlBEYfe8OoGYEwJsENsNCQlfK4cI0L9/rhsFleML1THJPCLIcrT1hu4zL8l4s7cmrvwpopaD07ZS1D+zRX8zusPLYbU6FsO2DTI31pNW8htm7D99eH5/YG52r1UMi3K08+XOxlk105fUhXy2lcyrnsuL93qJpdlLSHBK2GTbcfW0+MDha6OPmRhDNkXCj1hiXYZ6UO13BO8Bycg0TyVylPDCou+f/S6n2pOK1OoWlwi86fv9xOMMgS1x4MllfaQKYLfAWGmOTLwV4/Uv/MwYjDK8YmMmiC+X9/bnZxmyuSpPorr4M5HMcHaDE9TbSKCBFQx4lFpG1iQ3eN/rIjvma0E3hajt8NCQWVGMQFRw2l+IW5nw8xLnWTcYPUK/GK25ei8dr9HlqfzrshegKzqSmWKOI4GfOlMv+/MAs3nojAulv/PXcNlxXE70BguoIZu5EH/ny1IDnVOSCeusGbEw/9YLukNCdmzpF3FLBTfvsLQxJ5eGbg0Yt5DonV4+NoLxW1PslwgnRhEwik+9mvkdnSriFkFi1ruPxNuqxHVXFsJdOjtd7Hr508uMPQa+GMpUn+++Gdhfdl4Mb2HXb//noy1B1+SW9HkfINXHeH847woUWs4CMomPAxpYGFmV3VrxUGXYkc3s06BWhpPA8Fp77BjNTI9dqxHWkjiC+F1wuKyHLlMzR+7E17KxyYqIXlFHWpCODg+hDExotN+M18bJ/e0g6dZB+gk2u814QAoys6T12V0MjG6Vr3gykdn65HECEkbZ1tUOIETpRKcSttXp4gCJdnWK1nzVmi7ZFdc62A4HeK778ezcEM157o48LKvcM5XOZXuBvunXp2M7zKPUEL25BmT8qvgYdRbpy8FTwKD7Ap1tZdl9J4ZOW84kZWEiZRRSGie6ev0mqwC+EwY8uZCmKgkT6xE+CJ8tm1zHT4WbsTAU35HMv7mYb2u9p0MJZzImqKc7dNsRCKBXKI0wBXothTN1/YcteO1ertMLW5sF7MdKI31csZCttM07WtycUwJkpw1OpJb6aL/Smy9uinw/BpkDddO/i2tEw/bBkVx9hojeiup9MWx7GB9iLzHmkVhs7EhFaBhBI9Evw0zLX0Lm0ar215GaYEMwyIVsKW6ia9Lm0pJi2zxLihp4bn8j0IjaOroZqYCvaVILgMPqxWJLqwqhENzTZ5bubR3njsMHpZHL0SWzScGeHK+/argZrL02cMFd+ULHfbg5fVdwnB1OGpcudjEyJOCqAxz09rT0kWTspEI1GJHc19CTsP586xs0yW+dsK44QpjzHvvzt/M7syvGQFGp5bvaBkwZNL3+0OYy8CWJsSmYUwRxRIE/eoftyRjRRKD/OmNgdza2jVFr70cauYxaNTOW/brbzlbNe9vZqIuKQvQgN3KM+ofi2uxJRxbfdC1Vx+Cfv+zgDwhtVTNiFRYJJ2Cb78iKxBQA2IGhxwoimAd8EI4reYxaHH5FrEfbmFczO0EtA+CCb6MHQRfNacZCrVKjQYcdbPZ0l0rsCnH9Jw/uuTCBTSzpgpBnPbEkOxjtGlnAuJocVgoUZICa6wHsdnr23G2fPzFy4EaccKoAIlFDIBajEdV77Ujyq/4DqK0slFtGwnvbCUIc+d8I18xl1VwbGxwxTIXumUVceLQ54DMrkFnPuJ9mRTwKflK/zDsppGfqCnUlHkbZdGEnxMLMFrF0srBs4kxxvZMeVAt4b3S9ReACnL8XVlhUTm/VLVAiPTNKaK9zD+3lF7i57lyMUAqHFSnS61d/qDTcY0S3o5nsl6JfOMAfY/i1YJ+DFj6pUBW65VSor3zuT34io18e/Y3lzOgr0CCGOknnPC2XN38N+NsvldjIqmUHwDdTH/oFEuHmUgJuZGVX3aTDC9M6wxhcolvy0ezCVJRPz02Jb1CJ9ouWHjqM6KzAuUzsizxvlvBNJzQ4dwA5xoSdchXkUIp53+rZBKa/0e9yl4caauBZFWFtfkSKxdCGz421tBH0Y28u2PeGuBoXCfhoVJeBKcwPVw57MZOZ+Rn0z/pnCPwplbbXa7DHILX3jDj7EviqqXGh2N3LzqIGJyOWXvP/I/5Meg/C02oXryWfSCMJAwDSNxwxtcy5fCwoRYr2VoVnoYEevUMhe4fXt98FSV2c1Pw6cBkTLJPMpq0wPwmMj45uYkZ6czinZnRUSCaDxp52KeER3uWDCGb/sPiUIFs/h7JaQx3l+Xg+P8dcaFROaQg5C2I9DV8wsFmGku3aF9NCcul9cO55VOhOf7CQirs0PtGMBtSko+3LwpiiBL9ZbKwBiWTTLk0BxgfIrxQgA/E0/VQuq5Y0bSLzXrumVCtE7XQHApgijatcTRXkRJnCe7UcrRCCHcLh32pCP97K2aHrRfQlkPJTDhlI9KfPgXuN4WcsNyOJbmxUZr0QJnTiWCMSec2M4FigOA8Ly0+xiNYAkMEPwEIDxHaF3t/HYFKWEYjroSTIvZj7W5oKI/S14R7R1oAOTRCG9GrK5hJHP2G/+g7jn2qyxduZIerkcSnFKDXh0ekvPia6fQ6JuEdSeaU3vWm9cUlnBgwOIbmEBgFOdWNEu4qcFYefrb9i2lzIHFkbcavxpC4kYUdyPVNq8vhdbHPEp774d2YyMwvfY4NFivX7GQmufgZY1yeRzGJcQR1SG9OZhU04nVHTUfgNpdl4YtK2+hob/vwlAvtkuSRQaWUz39F3YIbsPciinQczYz34o2UrmXq1yo7fBuXYIcWoUDBbGor20Kmjk+4YkVHtUTgrkwRpTNsqsMpccZR05wjU564I2zRVsdWi6gLg4RGpYJfLzDUOlz7/owI+r0KzpLxsykvGIiVIOdpxenazH07UCYjMH4feVwz0EV5RFhmhY8c2nBkpqsRpyDiH6ZDsgM1s/5xSHAZPCXoyBsh9z9AqObq9VFTBs4FMqOVvIuE6a81zcOe+mVDZgKdzq8gkDEK8p5t6MPmAumWrciLdyMRxI2PnYstp8Fo8px6FVBepXMbg20KbEWHUzwf476tG90nfLNKr+NZ7qiDgkwfCjPY3uASmiyZfIGgLWcyUo5CwgDxNPeERFlr4DUvYjOqCchlPegXTTM3Atw94OhcIZVb8B4mOTjqk/IW5dAqz8jeHL/FpgqNM1FqQGF1Vsx/cpB25cMsbqN+BG37emnKeESyd+uchKDI4Z4rFs2cwPZAPWrPJjAOydCRD9qajz1tjUdvqRHfmiCe2jZ9JmuZNGXkSUUCgBVFL8W8cSRWbThL31vKk1rNXNhqQUEvlCLdl9GHnFbz4+qwt9jeq4mKvArODLErtu2WFdp2Umt1cjTPjqmjm9wa7KwHohLONc7UFVaOyizSefnY85cG4RwNrim3emYiedH8Aiax+bJK8k1G0cmFD54ky/w71Pu+rdHshwB/Fca1foLkt04alhXzrc1eUK7R3c4SG6exIA5Et/9kvzEC6s9xHQv3xCdCT9o+4Cavkv3qNV6F5tgbdt4hMPRrmejZy9DdlqIrhxvf1xj7TPjKfJEqD8oPqPX1wm5CKlxlnsbcx0DFPYBzb0s7RtRrdlF3M971vzRGzkKyItdEMmJ3FoPYoDFcmUVaHPjqpHMLruql6MYfdtH+UkxYKVzGjqAW0OeDFgm5u5jT164bCzc8n7T5mrrBVHQaHiFjG7zPHjxSxViXRuJIDErdwCKvFLc8MvFLQ3BwB7yb2Dj789hE1I4xaFuD1rr5MqYu0zG4BDO0NuqVhao5oW4j1lACNAmzH6/sikShgMw9qpjq4Pn+f5JgVkkmD1NYd6x9nxnMjBphHOojjobYK/benFl+M+82AHJm5SbLKZr5It/2DUUMI6nkpMfedQrqQP7x07pSPS4hzQN3S8634laJB1YRz0k5DbgVMcqqu6l9qTk7Dm1MYNqDdzSR2ozGij14TS8I/1LeAAtqYP9lX7dyAqTpif15jsoC+DrQZckMu4xv17PGL2xQzryRS9n56WlOZmbiqzf9ohUkF+9wEQo3ulBsoUPPGeeQ08jD2FiyWqcCSjclR9bL2K+eAoN+SLsCCNyl4HMpdtP2MgFQS6E1V+k2zVzK6Z9OSkE7FkvpF1IAvPzTrvXvFGqWlyHDVBv9JbTrGId1qHmZFf0xKhExhxmKGTEsmJl7tujciGcrQyt0HGMMgFz2L0FLAOiwLu/t+lyRTV4qkLqHv/Ua/09bnioxoPTpY7eUj+3S7vSBRQZaWkUiRenie3YPewhvADkNdbVc0+Nm6NkvJVd/BHD/KIsFIZMnS7V+pCJHr6e/Pt5Pko6+X15xmIp5OK38RmlPyDLnH8aibKcc699syTb42GQjXjy7w9MeJuAmDEJiR5iszMHZJghuuG1vmcYcK5yf/k2PJ0G6wALNaN9zpYqKh0r/FlFS6US9ed6hxb410U5RDUbYGejkTI9LOFmaKKmn84DbdofdoIxdvnY8wyAIsyMR87T+EhqN6FbWXECT8NilAF2uI8AT1+ZgKNilXh6QGuK9HXJUO58eqT+UcrsbAjNsnfSwvbhjpgz3Pu/CB4iRsh5zLx6/3ZWRbbknUlmow5zlAOsqiwjRPxO11jCr2Og1XsIR9hkKOGTsqNf48W0fT8ZVCkeTCQRleliqZh6F9fJhPpQ7fI/bmo3TfNnqN/YJNqO1CrQdwsq/WSRVF2QUXyDvHgW1CZcV9qBbOtyjiB4N4YTALLFtia3xzSiF6f+maZ5OMCnFxrPdDdJhnLNpeqbNQbza2mpd3RVbjtq1T28VZMJKqj21pdhUD+RR5+4hex1r5Slv7lJM8VMjIArY/e67EckLF3K1EZoKvS+1kccB2UQ0xvupfHOCKQJEc+aseMu0DNynakWVDmvbH4rz2yS4HlNWWGl43oMhZBt3Ovn082kwk88ZF8KY/7c0G0aV+eZLYR238v2F+CbZ1tozvlul7GaD6e0WX/VG88LWyA6nyrc15aIh7w+piXCrMBoEtFj2Tyoi/BzOrlusXhWXjr6Wv0S/7hfNWZRiC0jIAFRgSHr1WsnPgPWSnXsNmz6q7FAPHt/GvlXpYnKvNoYLbs8eQD13q4iEfCMEWZLDUa+D3WPGUc31VgVXE/z6jXPiGJneAK9rMgI8ch7OB0PGNsMn9aEvjEOBJwUA51e+Txglh6detk2ucVx/Q2dHlK/B7gY9SIN3Uwg3XuUemoQ4KsC6ApbBZNgnoO81U7iUUL5WDkRGmlzzk3P0hykAM5kpu1N1NHf4FBYFl9/WET0xfAB5paSfrKMPH89ozVlqrs+fHflF+zTV3IuB6zAbnBuCeOSpailypdhuc8Bp7MWDYmrwG01anI/NVnBgabniZ1OX45YTr30C1m9LtSduICtSQYofnVD5NwApEJP3SeS+mwlscXEiRJbTmVVfZ7Kx9vw9C+VAYGxwT6s9etxOAJViX0fQXhIkx5wIHyXuAPfyAA7g/skqZP8xueOa2dXCZIa1ngb72WQwjXwuNW9ESXanLC5ivGJwuueHPf+ILcQVsAEgvsV7L0GB0y7HsY8AqF5FVu9jPplCz/7c6vENUpcHZniEX94l+gC4Js4qUYMCSraW9608FX7x4mkmTyw2JLsbw8jNKKNQuqA6GQFgpg7Y5LUgQpnmIrLx7yB+0v9JN/qymUY4KsjEb+5Gct+G9TTPYyvIKVOxgdZ1WDWb+HLCOGzrkACpZ4mqlz8U47aqwthWESqvjjd/kE/v25XiKs4FCmr6qHZG2gjImic3mCqfIYA6afkRDlpExqPYAriQCgrzTmQNPU7CnS83oJ07xSPv7FcpqqFOtinqcoPlJDDvbfXfe1IGC/pe91s/e5B19Aw2rrNkK55gP4QVpVOXAPu2nHkKh+AFbE/USwDDzthO43Fi67xAoX1DZGb+ZFNEAy5UGDETlTl1/5S4vX8YqtM/QaUeCvsNGnTFS5t6iUPo0JCb3etuCzHRrmuV0jFBRvMytUi7MgTeXD0DURTgSsfMDZgKywRYipoiAJfXrxx2hUK9d6CvuTssMWn5Aa9K+F/Lcfzc+/AQ+4oeluK6XM8tI5QYDdsKr/sJ3Mjg7+aUEDBd7Rml/Wx/iRRaVj9SeG9T3fhTR8PpDXa+FLy6F2pjMXirjjy9AVCvgsClHzvZBqKo+rhi2SS0vQiZ+QGLwHh8gp6+eP+AtjaTGZQD9ETyK/ig5QR1ZbaDN5/3DJn1LP8aS3CoC17WAXfk1h7fGQpwjxdgBJGFIv1nAUaYzB3fNidBik+3p4GInrOuALKI/ok+BhLdXDnx0JFInAYGv2vqsDrJSM1Sy5jX2vwlgAB3aVIgwB5iW6jnW47CvKH+4sgW63sOBGLNzTZ5kFbrusVZnSo39Murz7o/b4Ji86OlosaPVZpzOV7REn2MAc06gGg6jev2g0jFOIpR/LIwPlwgmylQevomAZMd8ELhbZXlah90qS1U/g9Wmunun29FUEJ1E5i145h7DUhYdSCoO5FNDjl5TOzqQOw8uzx6YjjIkVmNrynIULPCkAQW7WVK5sWdOcsBYj9t1S65wq+tD18v7Jl340eDutoo2x8BhboRZvlN1UeGMZNjvbyNE/gV7rN/ahVlRFen/23dwoNXrrhj3kJZyjTMIuUcBAbyU6vlZvTdW1dmiHsuCpwCJu5hx+kiT2DjZiFc6KFI2odyNN4Ww2Amg9tQ2ydVw0I2pvlExs+U8Ooci2F9v5njJxGQYi6GYZ6ZOYyOMSDuEIJgfk9dIJTtyQwBKF7J0u/PYsgUUHl3oqMylO+E7hzY6C8d/gApryZS62bhXj7i8OvhvMamzBl0w5+3bM8CPmqbNSah+sIZ4u69PVrDRLq0G8cI9pcDZ6yDALdlcQ4E9qUEg2c8WJIaihVGYO0H6frjpRLFIlHO7E1AkPDdrM0R7CPKvWcS8ttMVbxudrFcxciI6pOtXamD5/tw+ArJPK9KQhb/1q45E1ezylzwu7BeaBr/DHdhOD7nYulKexyK0oM/8J0tin5hv13baSzB8+DIo5T6sDCTBRg+eWhhEq+qS8ku8sWpR7NI/dlljIhYQJcc7N1Z6Vh1l6/rKL3FA90P032la9ifjmjLFFeDvCqY2OKEG6KXWbyrd5cRzbIE9gI1km3lDP/HuyYOhPUKVsG9GR4fqhVsb3jJBnOHJCyvKM0Mil94I6ulFZ0gToIYclyWMJw5CSM4RS6XYKXAZ/Y5esZAYnoYJyxmkSOG6j480ZR3qcXTEwYhjZh+IX2BqtMY6bloeL6QulmVsTBPAeyi8TJ5nRq8CMvDNxMSqsjOCybCGhjIfWYSnV4dGFcHxr48QXgfx0akpzHwllSlY8i2x4n6AoAynHZ+0rB01buX1ahv5/zDoI5v9X3CpHI6HXWeZA2IUh5qZJvMgV1JxNd6MTxV6ZlnXj3UnwX3dcSkk3d0lEPHSE1OW1OURbZAzK0w8rLTpmiZ+swcD3pViYvJrK32P6dpML+5DGNoVjU1xTGW1u1h/QnnSMeyhjpksXMJgjzHIUfX3Zn3bpjrKKAii7veWD+MJ5YL1xew2td2QRNUUrNV1qYvhOSKWb6lPnRDB7qZB4lno/sgDaAyOFi8xMgshY2OIg57mX0Wz+V8MiWH1Ah86dAhcZS8TwswM7OXWj4e1pLa+pVioVKUKCIt1+ZJC8lMYso64HzobqDMZpwjCkFznXnpnd5aUAeclBK2pekeWSIGYdXq29qqwopzEylbIdM/44H861X4XC9BtA5v7z97xFuCcYgXBHCyxurTCnXNc3Nnx48/f96RgZjU0E5fa2SRgg1iBJZwKl/Zk9TaSDGFoMz6KPux4ouBPJUXNDXJZnNnOmlNb2kbX1nw==</Value></TokenEntry></Values></UseKey><Claims><Values xmlns:q1=""http://schemas.xmlsoap.org/ws/2004/04/security/trust"" soapenc:arrayType=""q1:TokenEntry[17]""><TokenEntry><Name>SessionKey</Name><Value>JvfmUFDl/JPlaLCKRK3/OAyOqQU+xjhJw7LeojlLeuLDKQHmNusH4WKbKbOL2khYAxTUp4VGu6BL8nxRrLonhFTav3bc7ZsVsWmUgkzZiblq1UOW5riMyoskGBGPoHlDuoIRlYR0HgoKlydjgJ6hRB4RxjE4gsCfCMElHoiYDHuYS4su9Bm0P6SvD7H1/3d1TPjBL1ebKP/qnbmwhG/0hc7O/ylralce3mTYEk8SyHlVi05UNyBd5QPXk3qrWmbNzIoXid18BBkfQ8ibwOBvjd7NuQs0GQ6zEpGh1uy3FhFFHT2zk/6zJw+uH3oTzGGdXMUNfKSDa15WdS+WD+Ltuw==</Value></TokenEntry><TokenEntry><Name>BindingType</Name><Value>iLKyiD3jqLZuWaw2xzKxIGGFv8nGt+p2o3LZtx8L+o4=</Value></TokenEntry><TokenEntry><Name>Binding</Name><Value>JKI5x543396tby1e7+1HgD3ynSIxEXZBBnRd0Qn0R2cxeAYazsvXZSjm+MRzRGZ86a3y/1Yqk4Xz3nFjsIH1NyDYv/33wydV3vEr+WGe3YE=</Value></TokenEntry><TokenEntry><Name>ProductKey</Name><Value>4zt5G4yUCAAJlfzcoFK5d4+4ve0a3gTR5pDBFYDTdPQ=</Value></TokenEntry><TokenEntry><Name>ProductKeyType</Name><Value>iLKyiD3jqLZuWaw2xzKxINFXvxQSb3RetB2xYoYRkRI=</Value></TokenEntry><TokenEntry><Name>ProductKeyActConfigId</Name><Value>dJSaqjlWH87Qu1YaWag9aEylZekhPEAN4no0ajBkxVuhUdeh9XcM39kIpO3kFqjvw2Zjzn2xvjMt7NE5SQ5nBQUHlqDg8g4M+YL+VzmlkAY=</Value></TokenEntry><TokenEntry><Name>SppSvcVersion</Name><Value>YflVswuoJOyHMKoUT+pt7g==</Value></TokenEntry><TokenEntry><Name>otherInfoPublic.licenseCategory</Name><Value>TtpDyA5w1HbK/0ItgQNbAp6gJxEu3F0ZkpyxKZguYNI=</Value></TokenEntry><TokenEntry><Name>otherInfoPrivate.licenseCategory</Name><Value>TtpDyA5w1HbK/0ItgQNbAo6IfJY9OkIs3QfjSW/rFJc=</Value></TokenEntry><TokenEntry><Name>otherInfoPublic.sysprepAction</Name><Value>+WA2u5rKQaW0IgBFllL5Pg==</Value></TokenEntry><TokenEntry><Name>otherInfoPrivate.sysprepAction</Name><Value>+WA2u5rKQaW0IgBFllL5Pg==</Value></TokenEntry><TokenEntry><Name>ClientInformation</Name><Value>v5tscUVuV3weVK6eR/bEP1XKbSPLxZHeEl/uvhaXky/z+zSlvA5CEnV1T2uC9gKEVo77oUqu6mEW4LCUwRvxdw==</Value></TokenEntry><TokenEntry><Name>ReferralInformation</Name><Value>bpqTfUhtIRqtAic222hmbDNE1zoyIyJ+E0b4siW5nR2mwGgR1BxLI6+UPNqt/u3kywHAIHHuXIDOLok161MqJw==</Value></TokenEntry><TokenEntry><Name>ClientSystemTime</Name><Value>0pg+o9Kxh1sHeMegfyDBPsNL3Z+WGL13MaHcPcK0cLY=</Value></TokenEntry><TokenEntry><Name>ClientSystemTimeUtc</Name><Value>0pg+o9Kxh1sHeMegfyDBPsNL3Z+WGL13MaHcPcK0cLY=</Value></TokenEntry><TokenEntry><Name>otherInfoPublic.secureStoreId</Name><Value>ravHgKUwqJaMDBognt5ULWiUKahdDzUXgws1ZGBW24VeOyWmt6dGObIMTSAhj9B0</Value></TokenEntry><TokenEntry><Name>otherInfoPrivate.secureStoreId</Name><Value>ravHgKUwqJaMDBognt5ULWiUKahdDzUXgws1ZGBW24VeOyWmt6dGObIMTSAhj9B0</Value></TokenEntry></Values></Claims></RequestSecurityToken></soap:Body></soap:Envelope>)
00010002(0x80072EE7, 22:45:30:958 - <NULL>)
00010003(0x80072EE7, 22:45:30:958)
",,,,,,,,,,,,,,,,,,,,,,,,,,,,,,,,,,,,,,,,,,,,,,,,,,,,,,,,,,,,,,,,,,,,,,,,,,,,,,,,,,,,,,,
2026-03-26T05:45:30.964117Z,"{'#attributes': {'Qualifiers': 49152}, '#text': 1014}",dc.danglingtree.htb,Microsoft-Windows-Security-SPP,Application,220,2,,,,,,,,,,,,,,,,,,,,,,,,hr=0x80072EE7,753c53a2-4274-4339-8c2e-f66c0b9646c5,,,,,,,,,,,,,,,,,,,,,,,,,,,,,,,,,,,,,,,,,,,,,,,,,,,,,,,,,,,,,,,,,,,,,,,,,,,,,,,,,,,,,,,
2026-03-26T05:45:31.002927Z,"{'#attributes': {'Qualifiers': 16384}, '#text': 1003}",dc.danglingtree.htb,Microsoft-Windows-Security-SPP,Application,221,4,,,,,,,,,,,,,,,,,,,,,,,,55c92734-d682-4d71-983e-d6ec3f16059f,"
1: 753c53a2-4274-4339-8c2e-f66c0b9646c5, 1, 1 [(0 )(1 )(2 )(3 [0x00000000, 0, 1], [(?)( 1 0x00000000)( 6 0x00000000 10 14370)(?)(?)(?)( 10 0x00000000 msft:rm/algorithm/flags/1.0)(?)])]

",,,,,,,,,,,,,,,,,,,,,,,,,,,,,,,,,,,,,,,,,,,,,,,,,,,,,,,,,,,,,,,,,,,,,,,,,,,,,,,,,,,,,,,
2026-03-26T05:45:31.010869Z,"{'#attributes': {'Qualifiers': 49152}, '#text': 8198}",dc.danglingtree.htb,Microsoft-Windows-Security-SPP,Application,222,2,,,,,,,,,,,,,,,,,,,,,,,,hr=0x8007139F,RuleId=31e71c49-8da7-4a2f-ad92-45d98a1c79ba;Action=AutoActivate;AppId=55c92734-d682-4d71-983e-d6ec3f16059f;SkuId=753c53a2-4274-4339-8c2e-f66c0b9646c5;NotificationInterval=1440;Trigger=NetworkAvailable,,,,,,,,,,,,,,,,,,,,,,,,,,,,,,,,,,,,,,,,,,,,,,,,,,,,,,,,,,,,,,,,,,,,,,,,,,,,,,,,,,,,,,,
2026-03-26T05:45:39.116722Z,"{'#attributes': {'Qualifiers': 0}, '#text': 105}",dc.danglingtree.htb,VMTools,Application,223,4,,,,,,,,,,,,,,,,,,,,,,,,,,,,,,,,,,,,,,,,,,,,,,,,,,,,,,,,,,,,,,,,,,,,,,,,,,,,,,,,,,,,,,,,,,,,,,,,,,,,,,,,,,,,,,,,
2026-03-26T05:45:39.508458Z,"{'#attributes': {'Qualifiers': 16384}, '#text': 781}",dc.danglingtree.htb,Microsoft-Windows-Complus,Application,224,4,,,,,,,,,,,,,,,,,,,,,,,,,,,,,,,,,,,,,,,,,,,,,,,,,,,,,,,,,,,,,,,,,,,,,,,,,,,,,,,,,,,,,,,,,,,,,,,,,,,,,86400,,,,SuppressDuplicateDuration,Software\Microsoft\COM3\Eventlog,,,,,,
2026-03-26T05:45:39.738276Z,"{'#attributes': {'Qualifiers': 16384}, '#text': 4202}",dc.danglingtree.htb,Microsoft-Windows-MSDTC 2,Application,225,4,,,,,,,,,,,,,,,,,,,,,,,,,,,,,,,,,,,,,,,,,,,,,,,,,,,,,,,,,,,,,,,,,,,,,,,,,,,,,,,,,,,,,,,,,,,,,,,,,,,,,0,0,0,1,0,0,0,0,0,1,Mutual Authentication Required,NT AUTHORITY\NetworkService
2026-03-26T05:45:39.919971Z,"{'#attributes': {'Qualifiers': 0}, '#text': 258}",dc.danglingtree.htb,VMUpgradeHelper,Application,226,4,,,,,,,,,,,,,,,,,,,,,,,,,,,,,,,,,,,,,,,,,,,,,,,,,,,,,,,,,,,,,,,,,,,,,,,,,,,,,,,,,,,,,,,,,,,,,,,,,,,,,,,,,,,,,,,,
2026-03-26T05:45:40.016356Z,"{'#attributes': {'Qualifiers': 0}, '#text': 271}",dc.danglingtree.htb,VMUpgradeHelper,Application,227,4,,,,,,,,,,,,,,,,,,,,,,,,,,,,,,,,,,,,,,,,,,,,,,,,,,,,,,,,,,,,,,,,,,,,,,,,,,,,,,,,,,,,,,,,,,,,,,,,,,,,,,,,,,,,,,,,
2026-03-26T05:45:39.167724Z,5615,dc.danglingtree.htb,Microsoft-Windows-WMI,Application,228,4,,,,,,,,,,,,,,,,,,,,,,,,,,,,,,,,,,,,,,,,,,,,,,,,,,,,,,,,,,,,,,,,,,,,,,,,,,,,,,,,,,,,,,,,,,,,,,,,,,,,,,,,,,,,,,,,
2026-03-26T05:45:39.695026Z,5617,dc.danglingtree.htb,Microsoft-Windows-WMI,Application,229,4,,,,,,,,,,,,,,,,,,,,,,,,,,,,,,,,,,,,,,,,,,,,,,,,,,,,,,,,,,,,,,,,,,,,,,,,,,,,,,,,,,,,,,,,,,,,,,,,,,,,,,,,,,,,,,,,
2026-03-26T05:46:06.128331Z,"{'#attributes': {'Qualifiers': 0}, '#text': 102}",dc.danglingtree.htb,ESENT,Application,230,4,,,,,,,,,,,,,,,,,,,,,,,,DFSRs,"3368,P,98,0",\\.\C:\System Volume Information\DFSR\database_E634_3FD1_343F_A409\dfsr.db: ,0,10,00,26100,0000,,,,,,,,,,,,,,,,,,,,,,,,,,,,,,,,,,,,,,,,,,,,,,,,,,,,,,,,,,,,,,,,,,,,,,,,,,,,,,,,,
2026-03-26T05:46:06.140347Z,"{'#attributes': {'Qualifiers': 0}, '#text': 105}",dc.danglingtree.htb,ESENT,Application,231,4,,,,,,,,,,,,,,,,,,,,,,,,DFSRs,"3368,D,0,0",\\.\C:\System Volume Information\DFSR\database_E634_3FD1_343F_A409\dfsr.db: ,0,0.016,"
[1] 0.002895 +J(0) +M(C:0K, Fs:329, WS:1192K # 1244K, PF:6532K # 6628K, P:6532K)
[2] 0.000217 +J(0) +M(C:16K, Fs:107, WS:420K # 368K, PF:324K # 224K, P:324K)
[3] 0.000014 +J(0) +M(C:0K, Fs:2, WS:4K # 4K, PF:68K # 68K, P:68K)
[4] 0.000237 +J(0) +M(C:2032K, Fs:46, WS:180K # 180K, PF:2436K # 2436K, P:2436K)
[5] 0.000412 +J(0) +M(C:0K, Fs:17, WS:68K # 68K, PF:36K # 36K, P:36K)
[6] 0.000672 +J(0) +M(C:0K, Fs:21, WS:80K # 80K, PF:16K # 16K, P:16K)
[7] 0.005975 -0.003913 (11) WT +J(0) +M(C:0K, Fs:1321, WS:5216K # 5216K, PF:5116K # 5160K, P:5116K)
[8] -
[9] -
[10] -
[11] -
[12] -
[13] 0.004802 -0.002803 (12) WT +J(CM:0, PgRf:0, Rd:0/0, Dy:0/0, Lg:616/1) +M(C:0K, Fs:12, WS:-5084K # 16K, PF:-5124K # 0K, P:-5124K)
[14] 0.000027 +J(0) +M(C:0K, Fs:1, WS:4K # 0K, PF:0K # 0K, P:0K)
[15] 0.000059 +J(0) +M(C:0K, Fs:65, WS:260K # 0K, PF:64K # 0K, P:64K)
[16] 0.000250 -0.000124 (1) WT +J(0) +M(C:0K, Fs:2, WS:0K # 0K, PF:0K # 0K, P:0K).","RBSOn = 0
",,,,,,,,,,,,,,,,,,,,,,,,,,,,,,,,,,,,,,,,,,,,,,,,,,,,,,,,,,,,,,,,,,,,,,,,,,,,,,,,,,
2026-03-26T05:46:06.146078Z,"{'#attributes': {'Qualifiers': 0}, '#text': 326}",dc.danglingtree.htb,ESENT,Application,232,4,,,,,,,,,,,,,,,,,,,,,,,,DFSRs,"3368,D,50,0",\\.\C:\System Volume Information\DFSR\database_E634_3FD1_343F_A409\dfsr.db: ,1,\\.\C:\System Volume Information\DFSR\database_E634_3FD1_343F_A409\dfsr.db,0,"
[1] 0.000006 +J(0) +M(C:0K, Fs:1, WS:4K # 0K, PF:0K # 0K, P:0K)
[2] 0.000516 -0.000194 (1) WT +J(0) +M(C:0K, Fs:22, WS:24K # 0K, PF:8K # 0K, P:8K)
[3] 0.003269 -0.001160 (6) WT +J(CM:0, PgRf:0, Rd:0/0, Dy:0/0, Lg:3480/2) +M(C:0K, Fs:46, WS:176K # 0K, PF:168K # 0K, P:168K)
[4] 0.000284 +J(0) +M(C:0K, Fs:1, WS:4K # 0K, PF:0K # 0K, P:0K)
[5] -
[6] 0.000221 -0.000123 (2) CM -0.000080 (2) WT +J(CM:2, PgRf:2, Rd:0/2, Dy:0/0, Lg:0/0) +M(C:-8K, Fs:44, WS:168K # 0K, PF:120K # 0K, P:120K)
[7] 0.000001 +J(0)
[8] 0.000363 -0.000243 (1) CM -0.000233 (1) WT +J(CM:1, PgRf:1, Rd:14/0, Dy:0/0, Lg:0/0) +M(C:-4K, Fs:50, WS:196K # 0K, PF:188K # 0K, P:188K)
[9] -
[10] -
[11] -
[12] 0.000009 +J(CM:0, PgRf:0, Rd:0/0, Dy:0/0, Lg:54/1) +M(C:0K, Fs:2, WS:8K # 0K, PF:20K # 0K, P:20K)
[13] 0.000224 -0.000134 (1) CM -0.000112 (1) WT +J(CM:1, PgRf:23, Rd:0/1, Dy:0/0, Lg:0/0) +M(C:-8K, Fs:21, WS:76K # 0K, PF:0K # 0K, P:0K)
[14] 0.000125 -0.000063 (1) CM -0.000045 (1) WT +J(CM:1, PgRf:40, Rd:0/1, Dy:0/0, Lg:0/0) +M(C:-4K, Fs:6, WS:20K # 0K, PF:60K # 0K, P:60K)
[15] 0.000005 +J(CM:0, PgRf:1, Rd:0/0, Dy:0/0, Lg:0/0)
[16] 0.000005 +J(CM:0, PgRf:1, Rd:0/0, Dy:0/0, Lg:0/0) +M(C:0K, Fs:1, WS:4K # 0K, PF:0K # 0K, P:0K)
[17] 0.000012 +J(CM:0, PgRf:36, Rd:0/0, Dy:0/0, Lg:0/0)
[18] 0.0 +J(0)
[19] 0.0 +J(0)
[20] 0.000012 +J(CM:0, PgRf:3, Rd:0/0, Dy:0/0, Lg:0/0) +M(C:0K, Fs:3, WS:12K # 0K, PF:0K # 0K, P:0K).",0 0,"lgposAttach = 00000001:0176:0268,
dbv = 1568.300.620 (9620)",,,,,,,,,,,,,,,,,,,,,,,,,,,,,,,,,,,,,,,,,,,,,,,,,,,,,,,,,,,,,,,,,,,,,,,,,,,,,,,,
2026-03-26T05:46:09.052826Z,"{'#attributes': {'Qualifiers': 0}, '#text': 102}",dc.danglingtree.htb,ESENT,Application,233,4,,,,,,,,,,,,,,,,,,,,,,,,certsrv.exe,"3304,P,98,0",,0,10,00,26100,0000,,,,,,,,,,,,,,,,,,,,,,,,,,,,,,,,,,,,,,,,,,,,,,,,,,,,,,,,,,,,,,,,,,,,,,,,,,,,,,,,,
2026-03-26T05:46:09.059782Z,"{'#attributes': {'Qualifiers': 0}, '#text': 105}",dc.danglingtree.htb,ESENT,Application,234,4,,,,,,,,,,,,,,,,,,,,,,,,certsrv.exe,"3304,D,0,0",,0,0.008,"
[1] 0.000459 +J(0) +M(C:0K, Fs:132, WS:508K # 508K, PF:2516K # 2240K, P:2516K)
[2] 0.000272 +J(0) +M(C:3200K, Fs:172, WS:672K # 672K, PF:4168K # 4168K, P:4168K)
[3] 0.000006 +J(0) +M(C:0K, Fs:4, WS:16K # 16K, PF:64K # 64K, P:64K)
[4] 0.000082 +J(0) +M(C:0K, Fs:58, WS:232K # 232K, PF:516K # 516K, P:516K)
[5] 0.000269 +J(0) +M(C:0K, Fs:41, WS:160K # 160K, PF:12K # 12K, P:12K)
[6] 0.001604 +J(0) +M(C:0K, Fs:32, WS:128K # 128K, PF:12K # 12K, P:12K)
[7] 0.002410 -0.001217 (3) WT +J(0) +M(C:0K, Fs:281, WS:1120K # 1120K, PF:1028K # 1028K, P:1028K)
[8] -
[9] -
[10] -
[11] -
[12] -
[13] 0.002710 -0.001355 (4) WT +J(CM:0, PgRf:0, Rd:0/0, Dy:0/0, Lg:616/1) +M(C:0K, Fs:14, WS:-980K # 24K, PF:-1024K # 12K, P:-1024K)
[14] 0.000010 +J(0) +M(C:0K, Fs:1, WS:4K # 0K, PF:0K # 0K, P:0K)
[15] 0.000094 +J(0) +M(C:0K, Fs:101, WS:404K # 0K, PF:64K # 0K, P:64K)
[16] 0.000373 -0.000256 (1) WT +J(0) +M(C:0K, Fs:3, WS:0K # 0K, PF:0K # 0K, P:0K).","RBSOn = 0
",,,,,,,,,,,,,,,,,,,,,,,,,,,,,,,,,,,,,,,,,,,,,,,,,,,,,,,,,,,,,,,,,,,,,,,,,,,,,,,,,,
2026-03-26T05:46:09.066959Z,"{'#attributes': {'Qualifiers': 0}, '#text': 326}",dc.danglingtree.htb,ESENT,Application,235,4,,,,,,,,,,,,,,,,,,,,,,,,certsrv.exe,"3304,D,50,0",,1,C:\WINDOWS\system32\CertLog\danglingtree-DC-CA.edb,0,"
[1] 0.000003 +J(0) +M(C:0K, Fs:1, WS:4K # 0K, PF:0K # 0K, P:0K)
[2] 0.000427 -0.000135 (1) WT +J(0) +M(C:0K, Fs:22, WS:20K # 0K, PF:8K # 0K, P:8K)
[3] 0.004008 -0.001194 (6) WT +J(CM:0, PgRf:0, Rd:0/0, Dy:0/0, Lg:3480/2) +M(C:0K, Fs:33, WS:128K # 0K, PF:120K # 0K, P:120K)
[4] 0.000336 +J(0) +M(C:0K, Fs:1, WS:4K # 0K, PF:0K # 0K, P:0K)
[5] -
[6] 0.000454 -0.000280 (2) CM -0.000208 (2) WT +J(CM:2, PgRf:2, Rd:0/2, Dy:0/0, Lg:0/0) +M(C:0K, Fs:44, WS:176K # 0K, PF:136K # 0K, P:136K)
[7] 0.000003 +J(0)
[8] 0.000454 -0.000253 (1) CM -0.000222 (1) WT +J(CM:1, PgRf:1, Rd:14/0, Dy:0/0, Lg:0/0) +M(C:0K, Fs:37, WS:148K # 0K, PF:196K # 0K, P:196K)
[9] -
[10] -
[11] -
[12] 0.000017 +J(CM:0, PgRf:0, Rd:0/0, Dy:0/0, Lg:54/1) +M(C:0K, Fs:2, WS:8K # 0K, PF:20K # 0K, P:20K)
[13] 0.000475 -0.000265 (2) CM -0.000193 (2) WT +J(CM:2, PgRf:23, Rd:0/2, Dy:0/0, Lg:0/0) +M(C:0K, Fs:22, WS:88K # 64K, PF:8K # 0K, P:8K)
[14] 0.000256 -0.000143 (1) CM -0.000096 (1) WT +J(CM:1, PgRf:40, Rd:0/1, Dy:0/0, Lg:0/0) +M(C:0K, Fs:5, WS:20K # 20K, PF:64K # 0K, P:64K)
[15] 0.000007 +J(CM:0, PgRf:1, Rd:0/0, Dy:0/0, Lg:0/0)
[16] 0.000010 +J(CM:0, PgRf:1, Rd:0/0, Dy:0/0, Lg:0/0) +M(C:0K, Fs:1, WS:4K # 4K, PF:0K # 0K, P:0K)
[17] 0.000054 +J(CM:0, PgRf:42, Rd:0/0, Dy:0/0, Lg:0/0) +M(C:0K, Fs:6, WS:24K # 24K, PF:0K # 0K, P:0K)
[18] 0.000001 +J(0)
[19] 0.0 +J(0)
[20] 0.000030 +J(CM:0, PgRf:3, Rd:0/0, Dy:0/0, Lg:0/0) +M(C:0K, Fs:3, WS:12K # 12K, PF:0K # 0K, P:0K).",0 0,"lgposAttach = 00000001:00A6:0268,
dbv = 1568.300.620 (9620)",,,,,,,,,,,,,,,,,,,,,,,,,,,,,,,,,,,,,,,,,,,,,,,,,,,,,,,,,,,,,,,,,,,,,,,,,,,,,,,,
2026-03-26T05:46:12.239439Z,"{'#attributes': {'Qualifiers': 16384}, '#text': 16388}",dc.danglingtree.htb,Microsoft-Windows-Security-SPP,Application,236,4,,,,,,,,,,,,,,,,,,,,,,,,2026-03-26T05:46:12Z,2026-03-26T05:46:12Z,,,,,,,,,,,,,,,,,,,,,,,,,,,,,,,,,,,,,,,,,,,,,,,,,,,,,,,,,,,,,,,,,,,,,,,,,,,,,,,,,,,,,,,
2026-03-26T05:46:12.276409Z,"{'#attributes': {'Qualifiers': 16384}, '#text': 8230}",dc.danglingtree.htb,Microsoft-Windows-Security-SPP,Application,237,4,,,,,,,,,,,,,,,,,,,,,,,Security-SPP-Action-StateData (REG_SZ) =AppId=55c92734-d682-4d71-983e-d6ec3f16059f;GraceEndDate=2026/04/05:05:15:12;LastConsumptionReason=0x4004f00c;LastNotificationId=NeverActivated;LicenseState=SL_LICENSING_STATUS_IN_GRACE_PERIOD;PartialProductKey=7H9YG;ProductKeyType=Retail:TB:Eval;SkuId=753c53a2-4274-4339-8c2e-f66c0b9646c5;ruleId=31e71c49-8da7-4a2f-ad92-45d98a1c79ba;uxDifferentiator=TIMEBASED_EVAL,,,,,,,,,,,,,,,,,,,,,,,,,,,,,,,,,,,,,,,,,,,,,,,,,,,,,,,,,,,,,,,,,,,,,,,,,,,,,,,,,,,,,,,,,
2026-03-26T05:46:20.936916Z,"{'#attributes': {'Qualifiers': 33370}, '#text': 82}",dc.danglingtree.htb,Microsoft-Windows-CertificateServicesClient-CertEnroll,Application,238,2,,,,,,,,,,,,,,,,,,,,Local system,,,,,,,,,,,,,,,The RPC server is unavailable. 0x800706ba (WIN32: 1722 RPC_S_SERVER_UNAVAILABLE),,,,,,,,,,,,,,,,,,,,,,,,,,,,,,,,,,,,,,,,,,,,,,,,{0F6A2D6D-C466-4421-9148-82DD019F1693},,,,,,DomainController,,,,,,,,,,,,,,,,,,,,,,,
2026-03-26T05:46:20.939824Z,"{'#attributes': {'Qualifiers': 49754}, '#text': 13}",dc.danglingtree.htb,Microsoft-Windows-CertificateServicesClient-CertEnroll,Application,239,2,,,,,,,,,,,,,,,dc.danglingtree.htb\danglingtree-DC-CA,,,,,Local system,,,,,,,,,,,,,,,The RPC server is unavailable. 0x800706ba (WIN32: 1722 RPC_S_SERVER_UNAVAILABLE),,,,,,,,,,,,,,,,,,,,,,,,,,,,,,,,,,,,,,,,,,,,,N/A,,,,,,,,,DomainController,,,,,,,,,,,,,,,,,,,,,,,
2026-03-26T05:46:20.943266Z,"{'#attributes': {'Qualifiers': 16384}, '#text': 6}",dc.danglingtree.htb,Microsoft-Windows-CertificateServicesClient-AutoEnrollment,Application,240,2,,,,,,,,,,,,,,,,,,,,local system,,,,,,,,,,,,,,,0x800706ba,"The RPC server is unavailable.
",,,,,,,,,,,,,,,,,,,,,,,,,,,,,,,,,,,,,,,,,,,,,,,,,,,,,,,,,,,,,,,,,,,,,,,,,,,,
2026-03-26T05:46:20.966115Z,26,dc.danglingtree.htb,Microsoft-Windows-CertificationAuthority,Application,241,4,,,,,,,,,,,,,,,,,danglingtree-DC-CA,,,,dc.danglingtree.htb,  DC=,,,,,,,,,,,,,,,,,,,,,,,,,,,,,,,,,,,,,,,,,,,,,,,,,,,,,,,,,,,,,,,,,,,,,,,,,,MSG_I_SERVER_STARTED,,,,,,,,,,,,,,,,
