2026-06-03T20:31:27.742533Z,"{'#attributes': {'Qualifiers': 16384}, '#text': 16384}",dc.danglingtree.htb,Microsoft-Windows-Security-SPP,Application,2916,4,,,,,,,,,,,,,,,,,,,,,,,,2026-06-04T20:29:27Z,RulesEngine,,,,,,,,,,,,,,,,,,,,,,,,,,,,,,,,,,,,,,,,,,,,,,,,,,,,,,,,,,,,,,,,,,,,,,,,,,,,,,,,,,,,,,,
2026-06-03T20:31:33.388128Z,1001,dc.danglingtree.htb,Windows Error Reporting,Application,2917,4,,,,,,,,,"
\\?\C:\Windows\Logs\MoSetup\UpdateAgent.log
\\?\C:\ProgramData\Microsoft\Windows\WER\Temp\WER.bc0f14e8-e129-43c9-a188-f384b1cc61b6.tmp.WERInternalMetadata.xml
\\?\C:\ProgramData\Microsoft\Windows\WER\Temp\WER.8a1fd930-18a0-4d19-998c-f6334f8192d2.tmp.csv
\\?\C:\ProgramData\Microsoft\Windows\WER\Temp\WER.34768d64-1052-4a65-ae6e-05f288ed28b1.tmp.txt
\\?\C:\ProgramData\Microsoft\Windows\WER\Temp\WER.9b6fcd47-b661-4471-89c6-4055e190974a.tmp.xml
\\?\C:\WINDOWS\logs\mosetup\UpdateAgent.log
\\?\C:\WINDOWS\logs\cbs\CBS.log
\\?\C:\WINDOWS\logs\windowsupdate\WindowsUpdate.20260404.162939.486.1.etl
\\?\C:\WINDOWS\logs\windowsupdate\WindowsUpdate.20260404.164807.862.1.etl
\\?\C:\WINDOWS\logs\windowsupdate\WindowsUpdate.20260404.175245.225.1.etl
\\?\C:\WINDOWS\logs\windowsupdate\WindowsUpdate.20260404.180226.210.1.etl
\\?\C:\WINDOWS\logs\windowsupdate\WindowsUpdate.20260404.184037.410.1.etl
\\?\C:\WINDOWS\logs\windowsupdate\WindowsUpdate.20260405.120426.675.1.etl
\\?\C:\WINDOWS\logs\windowsupdate\WindowsUpdate.20260405.130550.867.1.etl
\\?\C:\WINDOWS\logs\windowsupdate\WindowsUpdate.20260603.123849.428.1.etl
\\?\C:\WINDOWS\logs\windowsupdate\WindowsUpdate.20260603.124555.445.1.etl
\\?\C:\WINDOWS\logs\windowsupdate\WindowsUpdate.20260603.131458.717.1.etl
\\?\C:\WINDOWS\logs\windowsupdate\WindowsUpdate.20260603.131458.717.10.etl
\\?\C:\WINDOWS\logs\windowsupdate\WindowsUpdate.20260603.131458.717.11.etl
\\?\C:\WINDOWS\logs\windowsupdate\WindowsUpdate.20260603.131458.717.2.etl
\\?\C:\WINDOWS\logs\windowsupdate\WindowsUpdate.20260603.131458.717.3.etl
\\?\C:\WINDOWS\logs\windowsupdate\WindowsUpdate.20260603.131458.717.4.etl
\\?\C:\WINDOWS\logs\windowsupdate\WindowsUpdate.20260603.131458.717.5.etl
\\?\C:\WINDOWS\logs\windowsupdate\WindowsUpdate.20260603.131458.717.6.etl
\\?\C:\WINDOWS\logs\windowsupdate\WindowsUpdate.20260603.131458.717.7.etl
\\?\C:\WINDOWS\logs\windowsupdate\WindowsUpdate.20260603.131458.717.8.etl
\\?\C:\WINDOWS\logs\windowsupdate\WindowsUpdate.20260603.131458.717.9.etl
\\?\C:\ProgramData\usoshared\logs\system\UpdateSessionOrchestration.15bca148-b3dd-4c23-b00e-810a3ba6f5e5.1.etl
\\?\C:\ProgramData\usoshared\logs\system\UpdateSessionOrchestration.15bca148-b3dd-4c23-b00e-810a3ba6f5e5.2.etl
\\?\C:\ProgramData\usoshared\logs\system\UpdateSessionOrchestration.15bca148-b3dd-4c23-b00e-810a3ba6f5e5.3.etl
\\?\C:\ProgramData\usoshared\logs\system\UpdateSessionOrchestration.19c56c1d-54d3-4297-bb27-f5b9688aae10.1.etl
\\?\C:\ProgramData\usoshared\logs\system\UpdateSessionOrchestration.2dc642dd-23ec-4a7e-8f68-121c80886ab9.1.etl
\\?\C:\ProgramData\usoshared\logs\system\UpdateSessionOrchestration.44cda293-cc62-45a0-a259-603107376179.1.etl
\\?\C:\ProgramData\usoshared\logs\system\UpdateSessionOrchestration.4de408ea-2d34-417b-a47c-d8e5e88352a7.1.etl
\\?\C:\ProgramData\usoshared\logs\system\UpdateSessionOrchestration.51ca8068-11de-420d-b9a8-f47216809b7c.1.etl
\\?\C:\ProgramData\usoshared\logs\system\UpdateSessionOrchestration.55ec99a4-c451-4560-8794-ee3ab8eda464.1.etl
\\?\C:\ProgramData\usoshared\logs\system\UpdateSessionOrchestration.5e67258a-e74c-4a5e-980a-02963e55d4c4.1.etl
\\?\C:\ProgramData\usoshared\logs\system\UpdateSessionOrchestration.6c19a401-73ba-44a8-8bd0-8974d9ea56e2.1.etl
\\?\C:\ProgramData\usoshared\logs\system\UpdateSessionOrchestration.6c19a401-73ba-44a8-8bd0-8974d9ea56e2.2.etl
\\?\C:\ProgramData\usoshared\logs\system\UpdateSessionOrchestration.6c19a401-73ba-44a8-8bd0-8974d9ea56e2.3.etl
\\?\C:\ProgramData\usoshared\logs\system\UpdateSessionOrchestration.6c19a401-73ba-44a8-8bd0-8974d9ea56e2.4.etl
\\?\C:\ProgramData\usoshared\logs\system\UpdateSessionOrchestration.6c19a401-73ba-44a8-8bd0-8974d9ea56e2.5.etl
\\?\C:\ProgramData\usoshared\logs\system\UpdateSessionOrchestration.6c19a401-73ba-44a8-8bd0-8974d9ea56e2.6.etl
\\?\C:\ProgramData\usoshared\logs\system\UpdateSessionOrchestration.6c19a401-73ba-44a8-8bd0-8974d9ea56e2.7.etl
\\?\C:\ProgramData\usoshared\logs\system\UpdateSessionOrchestration.6c19a401-73ba-44a8-8bd0-8974d9ea56e2.8.etl
\\?\C:\ProgramData\usoshared\logs\system\UpdateSessionOrchestration.6c19a401-73ba-44a8-8bd0-8974d9ea56e2.9.etl
\\?\C:\ProgramData\usoshared\logs\system\UpdateSessionOrchestration.6ca9c7b2-ff3e-4418-aa88-48dc2846111f.1.etl
\\?\C:\ProgramData\usoshared\logs\system\UpdateSessionOrchestration.736d9408-2722-43c9-bde5-6a5910d086e8.1.etl
\\?\C:\ProgramData\usoshared\logs\system\UpdateSessionOrchestration.736d9408-2722-43c9-bde5-6a5910d086e8.2.etl
\\?\C:\ProgramData\usoshared\logs\system\UpdateSessionOrchestration.a53c3e93-6981-4e34-b5f7-c0238b9a24d4.1.etl
\\?\C:\ProgramData\usoshared\logs\system\UpdateSessionOrchestration.a53c3e93-6981-4e34-b5f7-c0238b9a24d4.2.etl
\\?\C:\ProgramData\usoshared\logs\system\UpdateSessionOrchestration.a597a86c-97e5-44a8-8b69-d048b430c845.1.etl
\\?\C:\ProgramData\usoshared\logs\system\UpdateSessionOrchestration.b78708ef-75d1-4936-bf60-886f2ba1b6ec.5.etl
\\?\C:\ProgramData\usoshared\logs\system\UpdateSessionOrchestration.b78708ef-75d1-4936-bf60-886f2ba1b6ec.6.etl
\\?\C:\ProgramData\usoshared\logs\system\UpdateSessionOrchestration.b78708ef-75d1-4936-bf60-886f2ba1b6ec.7.etl
\\?\C:\ProgramData\usoshared\logs\system\UpdateSessionOrchestration.b78708ef-75d1-4936-bf60-886f2ba1b6ec.8.etl
\\?\C:\ProgramData\usoshared\logs\system\UpdateSessionOrchestration.bee1cc31-e1af-44c1-917e-161d52b74022.1.etl
\\?\C:\ProgramData\usoshared\logs\system\UpdateSessionOrchestration.bfe1acf4-3b7f-4d22-927f-f6ad6ed82df2.1.etl
\\?\C:\ProgramData\usoshared\logs\system\UpdateSessionOrchestration.bfe1acf4-3b7f-4d22-927f-f6ad6ed82df2.2.etl
\\?\C:\ProgramData\usoshared\logs\system\UpdateSessionOrchestration.bfe1acf4-3b7f-4d22-927f-f6ad6ed82df2.3.etl
\\?\C:\ProgramData\usoshared\logs\system\UpdateSessionOrchestration.bfe1acf4-3b7f-4d22-927f-f6ad6ed82df2.4.etl
\\?\C:\ProgramData\usoshared\logs\system\UpdateSessionOrchestration.cd2b629c-6d3c-4cb6-88f6-ddbc75e4e309.1.etl
\\?\C:\ProgramData\usoshared\logs\system\UpdateSessionOrchestration.d3a7b5b9-f0e2-4baa-8e4e-ba54926ea5dc.1.etl
\\?\C:\ProgramData\usoshared\logs\system\UpdateSessionOrchestration.dbe17921-6ef7-473c-8702-539f34bdd048.1.etl
\\?\C:\ProgramData\usoshared\logs\system\UpdateSessionOrchestration.e5f69910-01a3-410e-957b-7a76a17e0b96.1.etl
\\?\C:\ProgramData\usoshared\logs\system\UpdateSessionOrchestration.e5f69910-01a3-410e-957b-7a76a17e0b96.2.etl
\\?\C:\ProgramData\usoshared\logs\system\UpdateSessionOrchestration.e5f69910-01a3-410e-957b-7a76a17e0b96.3.etl
\\?\C:\ProgramData\usoshared\logs\system\UpdateSessionOrchestration.e88fa265-f2b2-49dd-8b25-845ab15f1208.1.etl
\\?\C:\ProgramData\usoshared\logs\system\UpdateSessionOrchestration.f02c4276-fa4e-4c3b-9aaf-8865b7af32a6.1.etl
\\?\C:\ProgramData\usoprivate\updatestore\store.bak
\\?\C:\ProgramData\usoprivate\updatestore\store.db
\\?\C:\Windows\SystemTemp\WER.11937f0e-5c85-4fb4-a958-2cbc45ea0a56.tmp.reg.txt
\\?\C:\Windows\SystemTemp\WER.b9ebae96-e33f-4570-b963-d8a7a37820d6.tmp.WERDataCollectionStatus.txt",,2037985867396536152,5,,,,,,0,0,,,,,,,,,,,,,,,,,,,UpdateAgentDiag,,,,,,1570d87427f2261f6c486159436fd758,,,,,,,,,,,,,0,32230,X,1,0x80010108,amd64,26100,ge_release,26100,lt_release_svc_prod1,,,,,,,,,,0,,5fc40744-abc9-442e-b823-47043c162b27,12,,Not available,,,,,,\\?\C:\ProgramData\Microsoft\Windows\WER\ReportQueue\NonCritical_0_71ec83ec7619a07e30af11476ea0d8ec56ca386_00000000_cab_5fc40744-abc9-442e-b823-47043c162b27,,,,,,,,,,,,,,,,,,,,,,,,,
2026-06-03T20:31:45.867210Z,1001,dc.danglingtree.htb,Windows Error Reporting,Application,2918,4,,,,,,,,,"
\\?\C:\ProgramData\Microsoft\Windows\WER\Temp\WER.2df3c649-0596-41dd-9580-ee10b5d96e1f.tmp.mdmp
\\?\C:\ProgramData\Microsoft\Windows\WER\Temp\WER.4e3abf85-2ecb-43c9-9181-f7f4f18d69ce.tmp.WERInternalMetadata.xml
\\?\C:\ProgramData\Microsoft\Windows\WER\Temp\WER.753194a0-b51b-42cd-9288-0f9673eca086.tmp.xml
\\?\C:\Windows\SystemTemp\WER.cc48f020-a6e0-4cbf-abab-f64c46d4d10e.tmp.appcompat.txt",,,0,,,,,,0,0,,,,,,,,,,,,,,,,,,,APPCRASH,,,,,,,,,,,,,,,,,,,WindowsAdminCenterAccountManagement.exe,,2.6.11.4,69340000,KERNELBASE.dll,10.0.26100.32230,93531557,e0434352,00000000000ca80a,,,,,,,,,,,0,,2e2dd86b-bcde-46b5-9be7-4752d36affec,100,,Not available,,,,,,\\?\C:\ProgramData\Microsoft\Windows\WER\ReportQueue\AppCrash_WindowsAdminCent_a6fb81939b9f405e50f372bdcaf57e747b9d9ae_67a50925_cab_0c429f53-463b-43de-9d36-235bff0657bc,,,,,,,,,,,,,,,,,,,,,,,,,
2026-06-03T20:31:47.471073Z,"{'#attributes': {'Qualifiers': 0}, '#text': 8224}",dc.danglingtree.htb,VSS,Application,2919,4,,,,,,,,,,2D20436F64653A2020434F525356434330303030303737322D2043616C6C3A2020434F525356434330303030303735342D205049443A202030303030343936342D205449443A202030303030343938342D20434D443A2020433A5C57494E444F57535C73797374656D33325C76737376632E6578652020202D20557365723A204E616D653A204E5420415554484F524954595C53595354454D2C205349443A532D312D352D313820,,,,,,,,,,,,,,,,,,,,,,,,,,,,,,,,,,,,,,,,,,,,,,,,,,,,,,,,,,,,,,,,,,,,,,,,,,,,,,,,,,,,,,,,,,,,,,,,,,,,,,
2026-06-03T20:31:51.579658Z,"{'#attributes': {'Qualifiers': 0}, '#text': 260}",dc.danglingtree.htb,VMUpgradeHelper,Application,2920,4,,,,,,,,,,,,,,,,,,,,,,,,,,,,,,,,,,,,,,,,,,,,,,,,,,,,,,,,,,,,,,,,,,,,,,,,,,,,,,,,,,,,,,,,,,,,,,,,,,,,,,,,,,,,,,,,
2026-06-03T20:31:51.580359Z,"{'#attributes': {'Qualifiers': 0}, '#text': 272}",dc.danglingtree.htb,VMUpgradeHelper,Application,2921,4,,,,,,,,,,,,,,,,,,,,,,,,,,,,,,,,,,,,,,,,,,,,,,,,,,,,,,,,,,,,,,,,,,,,,,,,,,,,,,,,,,,,,,,,,,,,,,,,,,,,,,,,,,,,,,,,
2026-06-03T20:31:51.590278Z,"{'#attributes': {'Qualifiers': 0}, '#text': 108}",dc.danglingtree.htb,VMTools,Application,2922,4,,,,,,,,,,,,,,,,,,,,,,,,,,,,,,,,,,,,,,,,,,,,,,,,,,,,,,,,,,,,,,,,,,,,,,,,,,,,,,,,,,,,,,,,,,,,,,,,,,,,,,,,,,,,,,,,
2026-06-03T20:31:53.042423Z,"{'#attributes': {'Qualifiers': 16384}, '#text': 4111}",dc.danglingtree.htb,Microsoft-Windows-MSDTC,Application,2923,4,,,,,,,,,,4D005300440054004300,,,,,,,,,,,,,,,,,,,,,,,,,,,,,,,,,,,,,,,,,,,,,,,,,,,,,,,,,,,,,,,,,,,,,,,,,,,,,,,,,,,,,,,,,,,,,,,,,,,,,,
2026-06-03T20:31:53.475288Z,"{'#attributes': {'Qualifiers': 0}, '#text': 0}",dc.danglingtree.htb,WindowsAdminCenterAccountManagement,Application,2924,4,,,,,,,,,,,,,,,,,,,,,,,Service has been successfully shut down.,,,,,,,,,,,,,,,,,,,,,,,,,,,,,,,,,,,,,,,,,,,,,,,,,,,,,,,,,,,,,,,,,,,,,,,,,,,,,,,,,,,,,,,,,
2026-06-03T20:31:53.059325Z,1532,dc.danglingtree.htb,Microsoft-Windows-User Profiles Service,Application,2925,4,,,,,,,,,,,,,,,,,,,,,,,,,,,,,,,,,,,,,,,,,,,,,,,,,,,,,,,,,,,,,,,,,,,,,,,,,,,,,,,,,,,,,,,,,,,,,,,,,,,,,,,,,,,,,,,,
2026-06-03T20:31:54.871362Z,38,dc.danglingtree.htb,Microsoft-Windows-CertificationAuthority,Application,2926,4,,,,,,,,,,,,,,,,,danglingtree-DC-CA,,,,,,,,,,,,,,,,,,,,,,,,,,,,,,,,,,,,,,,,,,,,,,,,,,,,,,,,,,,,,,,,,,,,,,,,,,,,,,,MSG_I_SERVER_STOPPED,,,,,,,,,,,,,,,,
2026-06-03T20:32:40.257581Z,1531,dc.danglingtree.htb,Microsoft-Windows-User Profiles Service,Application,2927,4,,,,,,,,,,,,,,,,,,,,,,,,,,,,,,,,,,,,,,,,,,,,,,,,,,,,,,,,,,,,,,,,,,,,,,,,,,,,,,,,,,,,,,,,,,,,,,,,,,,,,,,,,,,,,,,,
2026-06-03T20:32:49.368657Z,"{'#attributes': {'Qualifiers': 0}, '#text': 105}",dc.danglingtree.htb,VMTools,Application,2928,4,,,,,,,,,,,,,,,,,,,,,,,,,,,,,,,,,,,,,,,,,,,,,,,,,,,,,,,,,,,,,,,,,,,,,,,,,,,,,,,,,,,,,,,,,,,,,,,,,,,,,,,,,,,,,,,,
2026-06-03T20:32:49.574326Z,5615,dc.danglingtree.htb,Microsoft-Windows-WMI,Application,2929,4,,,,,,,,,,,,,,,,,,,,,,,,,,,,,,,,,,,,,,,,,,,,,,,,,,,,,,,,,,,,,,,,,,,,,,,,,,,,,,,,,,,,,,,,,,,,,,,,,,,,,,,,,,,,,,,,
2026-06-03T20:32:52.115000Z,"{'#attributes': {'Qualifiers': 16384}, '#text': 781}",dc.danglingtree.htb,Microsoft-Windows-Complus,Application,2930,4,,,,,,,,,,,,,,,,,,,,,,,,,,,,,,,,,,,,,,,,,,,,,,,,,,,,,,,,,,,,,,,,,,,,,,,,,,,,,,,,,,,,,,,,,,,,,,,,,,,,,86400,,,,SuppressDuplicateDuration,Software\Microsoft\COM3\Eventlog,,,,,,
2026-06-03T20:32:52.578465Z,5617,dc.danglingtree.htb,Microsoft-Windows-WMI,Application,2931,4,,,,,,,,,,,,,,,,,,,,,,,,,,,,,,,,,,,,,,,,,,,,,,,,,,,,,,,,,,,,,,,,,,,,,,,,,,,,,,,,,,,,,,,,,,,,,,,,,,,,,,,,,,,,,,,,
2026-06-03T20:32:53.864470Z,"{'#attributes': {'Qualifiers': 16384}, '#text': 4202}",dc.danglingtree.htb,Microsoft-Windows-MSDTC 2,Application,2932,4,,,,,,,,,,,,,,,,,,,,,,,,,,,,,,,,,,,,,,,,,,,,,,,,,,,,,,,,,,,,,,,,,,,,,,,,,,,,,,,,,,,,,,,,,,,,,,,,,,,,,0,0,0,1,0,0,0,0,0,1,Mutual Authentication Required,NT AUTHORITY\NetworkService
2026-06-03T20:32:54.463090Z,"{'#attributes': {'Qualifiers': 0}, '#text': 258}",dc.danglingtree.htb,VMUpgradeHelper,Application,2933,4,,,,,,,,,,,,,,,,,,,,,,,,,,,,,,,,,,,,,,,,,,,,,,,,,,,,,,,,,,,,,,,,,,,,,,,,,,,,,,,,,,,,,,,,,,,,,,,,,,,,,,,,,,,,,,,,
2026-06-03T20:32:56.886725Z,"{'#attributes': {'Qualifiers': 0}, '#text': 271}",dc.danglingtree.htb,VMUpgradeHelper,Application,2934,4,,,,,,,,,,,,,,,,,,,,,,,,,,,,,,,,,,,,,,,,,,,,,,,,,,,,,,,,,,,,,,,,,,,,,,,,,,,,,,,,,,,,,,,,,,,,,,,,,,,,,,,,,,,,,,,,
2026-06-03T20:33:03.675335Z,"{'#attributes': {'Qualifiers': 0}, '#text': 0}",dc.danglingtree.htb,WindowsAdminCenterAccountManagement,Application,2935,4,,,,,,,,,,,,,,,,,,,,,,,Service started successfully.,,,,,,,,,,,,,,,,,,,,,,,,,,,,,,,,,,,,,,,,,,,,,,,,,,,,,,,,,,,,,,,,,,,,,,,,,,,,,,,,,,,,,,,,,
2026-06-03T20:33:10.829654Z,"{'#attributes': {'Qualifiers': 0}, '#text': 1000}",dc.danglingtree.htb,VGAuth,Application,2936,0,,,,,,,,,,,,,,,,,,,,,,,vmtoolsd: Username and password mismatch for 'administrator',,,,,,,,,,,,,,,,,,,,,,,,,,,,,,,,,,,,,,,,,,,,,,,,,,,,,,,,,,,,,,,,,,,,,,,,,,,,,,,,,,,,,,,,,
2026-06-03T20:33:16.533099Z,"{'#attributes': {'Qualifiers': 0}, '#text': 1000}",dc.danglingtree.htb,VGAuth,Application,2937,0,,,,,,,,,,,,,,,,,,,,,,,vmtoolsd: Username and password mismatch for 'administrator',,,,,,,,,,,,,,,,,,,,,,,,,,,,,,,,,,,,,,,,,,,,,,,,,,,,,,,,,,,,,,,,,,,,,,,,,,,,,,,,,,,,,,,,,
2026-06-03T20:33:21.791093Z,"{'#attributes': {'Qualifiers': 0}, '#text': 1000}",dc.danglingtree.htb,VGAuth,Application,2938,0,,,,,,,,,,,,,,,,,,,,,,,vmtoolsd: Username and password successfully validated for 'administrator',,,,,,,,,,,,,,,,,,,,,,,,,,,,,,,,,,,,,,,,,,,,,,,,,,,,,,,,,,,,,,,,,,,,,,,,,,,,,,,,,,,,,,,,,
2026-06-03T20:33:26.529521Z,"{'#attributes': {'Qualifiers': 0}, '#text': 102}",dc.danglingtree.htb,ESENT,Application,2939,4,,,,,,,,,,,,,,,,,,,,,,,,DFSRs,"3220,P,98,0",\\.\C:\System Volume Information\DFSR\database_E634_3FD1_343F_A409\dfsr.db: ,0,10,00,26100,0000,,,,,,,,,,,,,,,,,,,,,,,,,,,,,,,,,,,,,,,,,,,,,,,,,,,,,,,,,,,,,,,,,,,,,,,,,,,,,,,,,
2026-06-03T20:33:26.867401Z,"{'#attributes': {'Qualifiers': 0}, '#text': 105}",dc.danglingtree.htb,ESENT,Application,2940,4,,,,,,,,,,,,,,,,,,,,,,,,DFSRs,"3220,D,0,0",\\.\C:\System Volume Information\DFSR\database_E634_3FD1_343F_A409\dfsr.db: ,0,0.350,"
[1] 0.009276 +J(0) +M(C:0K, Fs:284, WS:1048K # 1068K, PF:6412K # 6516K, P:6412K)
[2] 0.000504 +J(0) +M(C:16K, Fs:104, WS:408K # 388K, PF:324K # 212K, P:324K)
[3] 0.000026 +J(0) +M(C:0K, Fs:1, WS:4K # 4K, PF:64K # 64K, P:64K)
[4] 0.000408 +J(0) +M(C:2032K, Fs:46, WS:176K # 176K, PF:2440K # 2440K, P:2440K)
[5] 0.001563 +J(0) +M(C:0K, Fs:13, WS:52K # 52K, PF:20K # 20K, P:20K)
[6] 0.001931 +J(0) +M(C:0K, Fs:20, WS:80K # 80K, PF:12K # 12K, P:12K)
[7] 0.083603 -0.065769 (11) WT +J(0) +M(C:0K, Fs:1309, WS:5200K # 5200K, PF:5108K # 5244K, P:5108K)
[8] -
[9] -
[10] -
[11] -
[12] -
[13] 0.250958 -0.246642 (12) WT +J(CM:0, PgRf:0, Rd:0/0, Dy:0/0, Lg:616/1) +M(C:0K, Fs:12, WS:-5084K # 16K, PF:-5128K # 0K, P:-5128K)
[14] 0.000023 +J(0) +M(C:0K, Fs:1, WS:4K # 0K, PF:0K # 0K, P:0K)
[15] 0.000260 +J(0) +M(C:0K, Fs:66, WS:260K # 0K, PF:68K # 0K, P:68K)
[16] 0.001269 -0.001032 (1) WT +J(0) +M(C:0K, Fs:2, WS:0K # 0K, PF:0K # 0K, P:0K).","RBSOn = 0
",,,,,,,,,,,,,,,,,,,,,,,,,,,,,,,,,,,,,,,,,,,,,,,,,,,,,,,,,,,,,,,,,,,,,,,,,,,,,,,,,,
2026-06-03T20:33:26.921958Z,"{'#attributes': {'Qualifiers': 0}, '#text': 102}",dc.danglingtree.htb,ESENT,Application,2941,4,,,,,,,,,,,,,,,,,,,,,,,,certsrv.exe,"3088,P,98,0",,0,10,00,26100,0000,,,,,,,,,,,,,,,,,,,,,,,,,,,,,,,,,,,,,,,,,,,,,,,,,,,,,,,,,,,,,,,,,,,,,,,,,,,,,,,,,
2026-06-03T20:33:26.996393Z,"{'#attributes': {'Qualifiers': 0}, '#text': 105}",dc.danglingtree.htb,ESENT,Application,2942,4,,,,,,,,,,,,,,,,,,,,,,,,certsrv.exe,"3088,D,0,0",,0,0.119,"
[1] 0.001046 +J(0) +M(C:0K, Fs:129, WS:504K # 504K, PF:2384K # 2108K, P:2384K)
[2] 0.000651 +J(0) +M(C:3200K, Fs:207, WS:812K # 812K, PF:4184K # 4184K, P:4184K)
[3] 0.000016 +J(0) +M(C:0K, Fs:2, WS:4K # 4K, PF:68K # 68K, P:68K)
[4] 0.000157 +J(0) +M(C:0K, Fs:26, WS:104K # 104K, PF:492K # 492K, P:492K)
[5] 0.000691 +J(0) +M(C:0K, Fs:11, WS:44K # 44K, PF:28K # 28K, P:28K)
[6] 0.046276 +J(0) +M(C:0K, Fs:32, WS:128K # 128K, PF:12K # 12K, P:12K)
[7] 0.018088 -0.016424 (3) WT +J(0) +M(C:0K, Fs:280, WS:1120K # 1120K, PF:1024K # 1024K, P:1024K)
[8] -
[9] -
[10] -
[11] -
[12] -
[13] 0.019659 -0.017365 (4) WT +J(CM:0, PgRf:0, Rd:0/0, Dy:0/0, Lg:616/1) +M(C:0K, Fs:31, WS:-916K # 88K, PF:-952K # 76K, P:-952K)
[14] 0.000022 +J(0) +M(C:0K, Fs:1, WS:4K # 0K, PF:0K # 0K, P:0K)
[15] 0.000356 +J(0) +M(C:0K, Fs:101, WS:404K # 0K, PF:64K # 0K, P:64K)
[16] 0.032271 -0.007024 (1) WT +J(0) +M(C:0K, Fs:2, WS:0K # 0K, PF:0K # 0K, P:0K).","RBSOn = 0
",,,,,,,,,,,,,,,,,,,,,,,,,,,,,,,,,,,,,,,,,,,,,,,,,,,,,,,,,,,,,,,,,,,,,,,,,,,,,,,,,,
2026-06-03T20:33:27.452676Z,"{'#attributes': {'Qualifiers': 0}, '#text': 326}",dc.danglingtree.htb,ESENT,Application,2943,4,,,,,,,,,,,,,,,,,,,,,,,,DFSRs,"3220,D,50,0",\\.\C:\System Volume Information\DFSR\database_E634_3FD1_343F_A409\dfsr.db: ,1,\\.\C:\System Volume Information\DFSR\database_E634_3FD1_343F_A409\dfsr.db,0,"
[1] 0.000006 +J(0) +M(C:0K, Fs:1, WS:4K # 0K, PF:0K # 0K, P:0K)
[2] 0.017069 -0.016640 (1) WT +J(0) +M(C:0K, Fs:22, WS:24K # 0K, PF:8K # 0K, P:8K)
[3] 0.440797 -0.362568 (6) WT +J(CM:0, PgRf:0, Rd:0/0, Dy:0/0, Lg:3480/2) +M(C:0K, Fs:56, WS:184K # 0K, PF:172K # 0K, P:172K)
[4] 0.020704 +J(0) +M(C:0K, Fs:1, WS:4K # 0K, PF:0K # 0K, P:0K)
[5] -
[6] 0.003165 -0.002725 (2) CM -0.002568 (2) WT +J(CM:2, PgRf:2, Rd:0/2, Dy:0/0, Lg:0/0) +M(C:-8K, Fs:43, WS:164K # 0K, PF:120K # 0K, P:120K)
[7] 0.000006 +J(0)
[8] 0.061122 -0.060692 (1) CM -0.060672 (1) WT +J(CM:1, PgRf:1, Rd:14/0, Dy:0/0, Lg:0/0) +M(C:-4K, Fs:67, WS:216K # 0K, PF:204K # 0K, P:204K)
[9] -
[10] -
[11] -
[12] 0.000034 +J(CM:0, PgRf:0, Rd:0/0, Dy:0/0, Lg:54/1) +M(C:0K, Fs:2, WS:8K # 0K, PF:20K # 0K, P:20K)
[13] 0.021197 -0.020893 (1) CM -0.020807 (1) WT +J(CM:1, PgRf:23, Rd:0/1, Dy:0/0, Lg:0/0) +M(C:-8K, Fs:22, WS:80K # 0K, PF:0K # 0K, P:0K)
[14] 0.019888 -0.019602 (1) CM -0.019515 (1) WT +J(CM:1, PgRf:40, Rd:0/1, Dy:0/0, Lg:0/0) +M(C:-4K, Fs:6, WS:20K # 0K, PF:60K # 0K, P:60K)
[15] 0.000018 +J(CM:0, PgRf:1, Rd:0/0, Dy:0/0, Lg:0/0)
[16] 0.000014 +J(CM:0, PgRf:1, Rd:0/0, Dy:0/0, Lg:0/0) +M(C:0K, Fs:1, WS:4K # 0K, PF:0K # 0K, P:0K)
[17] 0.000041 +J(CM:0, PgRf:36, Rd:0/0, Dy:0/0, Lg:0/0)
[18] 0.0 +J(0)
[19] 0.0 +J(0)
[20] 0.000036 +J(CM:0, PgRf:3, Rd:0/0, Dy:0/0, Lg:0/0) +M(C:0K, Fs:3, WS:12K # 0K, PF:0K # 0K, P:0K).",0 0,"lgposAttach = 00000001:0245:0268,
dbv = 1568.300.620 (9620)",,,,,,,,,,,,,,,,,,,,,,,,,,,,,,,,,,,,,,,,,,,,,,,,,,,,,,,,,,,,,,,,,,,,,,,,,,,,,,,,
2026-06-03T20:33:27.918293Z,"{'#attributes': {'Qualifiers': 0}, '#text': 326}",dc.danglingtree.htb,ESENT,Application,2944,4,,,,,,,,,,,,,,,,,,,,,,,,certsrv.exe,"3088,D,50,0",,1,C:\WINDOWS\system32\CertLog\danglingtree-DC-CA.edb,0,"
[1] 0.000006 +J(0) +M(C:0K, Fs:1, WS:4K # 0K, PF:0K # 0K, P:0K)
[2] 0.014059 -0.013479 (1) WT +J(0) +M(C:0K, Fs:21, WS:20K # 0K, PF:4K # 0K, P:4K)
[3] 0.577129 -0.169960 (6) WT +J(CM:0, PgRf:0, Rd:0/0, Dy:0/0, Lg:3480/2) +M(C:0K, Fs:34, WS:128K # 0K, PF:124K # 0K, P:124K)
[4] 0.008330 +J(0) +M(C:0K, Fs:1, WS:4K # 0K, PF:0K # 0K, P:0K)
[5] -
[6] 0.003195 -0.002974 (2) CM -0.002895 (2) WT +J(CM:2, PgRf:2, Rd:0/2, Dy:0/0, Lg:0/0) +M(C:0K, Fs:43, WS:172K # 0K, PF:128K # 0K, P:128K)
[7] 0.000004 +J(0)
[8] 0.297796 -0.297499 (1) CM -0.297479 (1) WT +J(CM:1, PgRf:1, Rd:14/0, Dy:0/0, Lg:0/0) +M(C:0K, Fs:40, WS:160K # 0K, PF:204K # 0K, P:204K)
[9] -
[10] -
[11] -
[12] 0.000033 +J(CM:0, PgRf:0, Rd:0/0, Dy:0/0, Lg:54/1) +M(C:0K, Fs:2, WS:8K # 0K, PF:20K # 0K, P:20K)
[13] 0.012313 -0.012028 (2) CM -0.011911 (2) WT +J(CM:2, PgRf:23, Rd:0/2, Dy:0/0, Lg:0/0) +M(C:0K, Fs:22, WS:88K # 68K, PF:4K # 0K, P:4K)
[14] 0.007688 -0.007484 (1) CM -0.007436 (1) WT +J(CM:1, PgRf:40, Rd:0/1, Dy:0/0, Lg:0/0) +M(C:0K, Fs:5, WS:20K # 20K, PF:64K # 0K, P:64K)
[15] 0.000015 +J(CM:0, PgRf:1, Rd:0/0, Dy:0/0, Lg:0/0)
[16] 0.000014 +J(CM:0, PgRf:1, Rd:0/0, Dy:0/0, Lg:0/0) +M(C:0K, Fs:1, WS:4K # 4K, PF:0K # 0K, P:0K)
[17] 0.000072 +J(CM:0, PgRf:42, Rd:0/0, Dy:0/0, Lg:0/0) +M(C:0K, Fs:6, WS:24K # 24K, PF:0K # 0K, P:0K)
[18] 0.0 +J(0)
[19] 0.0 +J(0)
[20] 0.000031 +J(CM:0, PgRf:3, Rd:0/0, Dy:0/0, Lg:0/0) +M(C:0K, Fs:3, WS:12K # 12K, PF:0K # 0K, P:0K).",0 0,"lgposAttach = 00000002:00BE:0268,
dbv = 1568.300.620 (9620)",,,,,,,,,,,,,,,,,,,,,,,,,,,,,,,,,,,,,,,,,,,,,,,,,,,,,,,,,,,,,,,,,,,,,,,,,,,,,,,,
2026-06-03T20:33:30.938526Z,77,dc.danglingtree.htb,Microsoft-Windows-CertificationAuthority,Application,2945,3,,,,,,,,,,,,,,,,,,,,,,,,,,,,,,,,,,,,,,,,,,,,,,,,,,,,,,,,,,,,,,,,,,,,,,,Windows default,,,,,,,,,,,,,,,,,,,,,,,"The RemoteAccessVPN Certificate Template could not be loaded.  Element not found. 0x80070490 (WIN32: 1168 ERROR_NOT_FOUND).
",,MSG_POLICY_LOG_WARNING,,,,,,,,,,,,,,,,
2026-06-03T20:33:31.005209Z,77,dc.danglingtree.htb,Microsoft-Windows-CertificationAuthority,Application,2946,3,,,,,,,,,,,,,,,,,,,,,,,,,,,,,,,,,,,,,,,,,,,,,,,,,,,,,,,,,,,,,,,,,,,,,,,Windows default,,,,,,,,,,,,,,,,,,,,,,,"The EmployeeAuthTemplate Certificate Template could not be loaded.  Element not found. 0x80070490 (WIN32: 1168 ERROR_NOT_FOUND).
",,MSG_POLICY_LOG_WARNING,,,,,,,,,,,,,,,,
2026-06-03T20:33:31.045165Z,77,dc.danglingtree.htb,Microsoft-Windows-CertificationAuthority,Application,2947,3,,,,,,,,,,,,,,,,,,,,,,,,,,,,,,,,,,,,,,,,,,,,,,,,,,,,,,,,,,,,,,,,,,,,,,,Windows default,,,,,,,,,,,,,,,,,,,,,,,"The VPNUserTemplate Certificate Template could not be loaded.  Element not found. 0x80070490 (WIN32: 1168 ERROR_NOT_FOUND).
",,MSG_POLICY_LOG_WARNING,,,,,,,,,,,,,,,,
2026-06-03T20:33:32.229458Z,26,dc.danglingtree.htb,Microsoft-Windows-CertificationAuthority,Application,2948,4,,,,,,,,,,,,,,,,,danglingtree-DC-CA,,,,dc.danglingtree.htb,  DC=,,,,,,,,,,,,,,,,,,,,,,,,,,,,,,,,,,,,,,,,,,,,,,,,,,,,,,,,,,,,,,,,,,,,,,,,,,MSG_I_SERVER_STARTED,,,,,,,,,,,,,,,,
2026-06-03T20:33:37.903070Z,"{'#attributes': {'Qualifiers': 16384}, '#text': 900}",dc.danglingtree.htb,Microsoft-Windows-Security-SPP,Application,2949,4,,,,,,,,,,,,,,,,,,,,,,,TriggerStarted:6,,,,,,,,,,,,,,,,,,,,,,,,,,,,,,,,,,,,,,,,,,,,,,,,,,,,,,,,,,,,,,,,,,,,,,,,,,,,,,,,,,,,,,,,,
2026-06-03T20:33:43.942870Z,"{'#attributes': {'Qualifiers': 49152}, '#text': 16394}",dc.danglingtree.htb,Microsoft-Windows-Security-SPP,Application,2950,4,,,,,,,,,,,,,,,,,,,,,,,,,,,,,,,,,,,,,,,,,,,,,,,,,,,,,,,,,,,,,,,,,,,,,,,,,,,,,,,,,,,,,,,,,,,,,,,,,,,,,,,,,,,,,,,,
2026-06-03T20:33:44.722902Z,"{'#attributes': {'Qualifiers': 16384}, '#text': 1066}",dc.danglingtree.htb,Microsoft-Windows-Security-SPP,Application,2951,4,,,,,,,,,,,,,,,,,,,,,,,"C:\WINDOWS\system32\sppwinob.dll, msft:spp/windowsfunctionality/agent/7.0, 0x00000000, 0x00000000
C:\WINDOWS\system32\sppobjs.dll, msft:rm/algorithm/inherited/1.0, 0x00000000, 0x00000000
C:\WINDOWS\system32\sppobjs.dll, msft:rm/algorithm/phone/1.0, 0x00000000, 0x00000000
C:\WINDOWS\system32\sppobjs.dll, msft:rm/algorithm/pkey/detect, 0x00000000, 0x00000000
C:\WINDOWS\system32\sppobjs.dll, msft:spp/ActionScheduler/1.0, 0x00000000, 0x00000000
C:\WINDOWS\system32\sppobjs.dll, msft:spp/TaskScheduler/1.0, 0x00000000, 0x00000000
C:\WINDOWS\system32\sppobjs.dll, msft:spp/statecollector/pkey, 0x00000000, 0x00000000
C:\WINDOWS\system32\sppobjs.dll, msft:spp/volume/services/kms/1.0, 0x00000000, 0x00000000
C:\WINDOWS\system32\sppobjs.dll, msft:spp/volume/services/kms/activationinfo/1.0, 0x00000000, 0x00000000
",,,,,,,,,,,,,,,,,,,,,,,,,,,,,,,,,,,,,,,,,,,,,,,,,,,,,,,,,,,,,,,,,,,,,,,,,,,,,,,,,,,,,,,,,
2026-06-03T20:33:44.787922Z,"{'#attributes': {'Qualifiers': 16384}, '#text': 16389}",dc.danglingtree.htb,Microsoft-Windows-Security-SPP,Application,2952,4,,,,,,,,,,,,,,,,,,,,,,,0xC004D30B,,,,,,,,,,,,,,,,,,,,,,,,,,,,,,,,,,,,,,,,,,,,,,,,,,,,,,,,,,,,,,,,,,,,,,,,,,,,,,,,,,,,,,,,,
2026-06-03T20:33:44.855451Z,"{'#attributes': {'Qualifiers': 16384}, '#text': 1003}",dc.danglingtree.htb,Microsoft-Windows-Security-SPP,Application,2953,4,,,,,,,,,,,,,,,,,,,,,,,,55c92734-d682-4d71-983e-d6ec3f16059f,"
1: 0d1bd880-2140-43c0-a2e1-506998451d6c, 1, 0 [(0 [0xC004F014, 0, 0], [(?)(?)(?)(?)(?)(?)(?)(?)])(1 )(2 )(3 )]
2: 1b0d9de5-e09d-4257-8221-6970f082d4e9, 1, 0 [(0 [0xC004F014, 0, 0], [(?)(?)(?)(?)(?)(?)(?)(?)])(1 )(2 )(3 )]
3: 66354793-4375-42ee-a9be-74e94d28bbf9, 1, 0 [(0 [0xC004F014, 0, 0], [(?)(?)(?)(?)(?)(?)(?)(?)])(1 )(2 )(3 )]
4: 6bad0243-1c35-46b2-b8e6-7a853e37413f, 1, 0 [(0 [0xC004F014, 0, 0], [(?)(?)(?)(?)(?)(?)(?)(?)])(1 )(2 )(3 )]
5: 6ff6be9b-b2df-433f-85c1-37daf0eb6826, 1, 0 [(0 [0xC004F014, 0, 0], [(?)(?)(?)(?)(?)(?)(?)(?)])(1 )(2 )(3 )]
6: 7990b601-c924-4e58-b271-ab1d6d61d303, 1, 0 [(0 [0xC004F014, 0, 0], [(?)(?)(?)(?)(?)(?)(?)(?)])(1 )(2 )(3 )]
7: 7dc26449-db21-4e09-ba37-28f2958506a6, 1, 0 [(0 [0xC004F014, 0, 0], [(?)(?)(?)(?)(?)(?)(?)(?)])(1 )(2 )(3 )]
8: 82fcf64d-f9dd-4411-9c79-f2eed16d4eb8, 1, 0 [(0 [0xC004F014, 0, 0], [(?)(?)(?)(?)(?)(?)(?)(?)])(1 )(2 )(3 )]
9: 84e331f6-4279-48c4-ab10-b75139181351, 1, 0 [(0 [0xC004F014, 0, 0], [(?)(?)(?)(?)(?)(?)(?)(?)])(1 )(2 )(3 )]
10: 919155fb-b42b-4371-9e4b-9c2e954507a6, 1, 0 [(0 [0xC004F014, 0, 0], [(?)(?)(?)(?)(?)(?)(?)(?)])(1 )(2 )(3 )]
11: 9a5d353c-2d22-4e58-b60e-9fcfed846922, 1, 0 [(0 [0xC004F014, 0, 0], [(?)(?)(?)(?)(?)(?)(?)(?)])(1 )(2 )(3 )]
12: caac9bf3-3daf-4da1-85b1-334e0fa7ed10, 1, 0 [(0 [0xC004F014, 0, 0], [(?)(?)(?)(?)(?)(?)(?)(?)])(1 )(2 )(3 )]
13: d81adfb0-9c6e-4274-8453-7dec8cce3fe9, 1, 0 [(0 [0xC004F014, 0, 0], [(?)(?)(?)(?)(?)(?)(?)(?)])(1 )(2 )(3 )]
14: ecc748b4-08de-4d57-abdb-6da44495a8f7, 1, 1 [(0 )(1 )(2 [0xC004E003, 0, 0], [( 1 0xC004F034)( 1 0xC004F034)(?)(?)(?)(?)(?)(?)])(3 [0x00000000, 0, 0], [( 6 0xC004F009 0 0)( 1 0x00000000)( 6 0xC004F009 0 0)(?)(?)(?)( 10 0x00000000 msft:rm/algorithm/flags/1.0)( 11 0x00000000 0xC004F034)])]

",,,,,,,,,,,,,,,,,,,,,,,,,,,,,,,,,,,,,,,,,,,,,,,,,,,,,,,,,,,,,,,,,,,,,,,,,,,,,,,,,,,,,,,
2026-06-03T20:33:45.269317Z,"{'#attributes': {'Qualifiers': 49152}, '#text': 16398}",dc.danglingtree.htb,Microsoft-Windows-Security-SPP,Application,2954,2,,,,,,,,,,,,,,,,,,,,,,,,0x80070490,No grace timer found,,,,,,,,,,,,,,,,,,,,,,,,,,,,,,,,,,,,,,,,,,,,,,,,,,,,,,,,,,,,,,,,,,,,,,,,,,,,,,,,,,,,,,,
2026-06-03T20:33:45.307741Z,"{'#attributes': {'Qualifiers': 16384}, '#text': 902}",dc.danglingtree.htb,Microsoft-Windows-Security-SPP,Application,2955,0,,,,,,,,,,,,,,,,,,,,,,,10.0.26100.32230,,,,,,,,,,,,,,,,,,,,,,,,,,,,,,,,,,,,,,,,,,,,,,,,,,,,,,,,,,,,,,,,,,,,,,,,,,,,,,,,,,,,,,,,,
2026-06-03T20:33:46.595854Z,"{'#attributes': {'Qualifiers': 49152}, '#text': 8198}",dc.danglingtree.htb,Microsoft-Windows-Security-SPP,Application,2956,2,,,,,,,,,,,,,,,,,,,,,,,,hr=0x80004005,RuleId=31e71c49-8da7-4a2f-ad92-45d98a1c79ba;Action=AutoActivate;AppId=55c92734-d682-4d71-983e-d6ec3f16059f;SkuId=ecc748b4-08de-4d57-abdb-6da44495a8f7;NotificationInterval=1440;Trigger=UserLogon;SessionId=1,,,,,,,,,,,,,,,,,,,,,,,,,,,,,,,,,,,,,,,,,,,,,,,,,,,,,,,,,,,,,,,,,,,,,,,,,,,,,,,,,,,,,,,
2026-06-03T20:33:49.892308Z,"{'#attributes': {'Qualifiers': 49152}, '#text': 8198}",dc.danglingtree.htb,Microsoft-Windows-Security-SPP,Application,2957,2,,,,,,,,,,,,,,,,,,,,,,,,hr=0x80004005,RuleId=31e71c49-8da7-4a2f-ad92-45d98a1c79ba;Action=AutoActivate;AppId=55c92734-d682-4d71-983e-d6ec3f16059f;SkuId=ecc748b4-08de-4d57-abdb-6da44495a8f7;NotificationInterval=1440;Trigger=NetworkAvailable,,,,,,,,,,,,,,,,,,,,,,,,,,,,,,,,,,,,,,,,,,,,,,,,,,,,,,,,,,,,,,,,,,,,,,,,,,,,,,,,,,,,,,,
2026-06-03T20:33:56.943477Z,"{'#attributes': {'Qualifiers': 0}, '#text': 1000}",dc.danglingtree.htb,VGAuth,Application,2958,0,,,,,,,,,,,,,,,,,,,,,,,vmtoolsd: Username and password successfully validated for 'administrator',,,,,,,,,,,,,,,,,,,,,,,,,,,,,,,,,,,,,,,,,,,,,,,,,,,,,,,,,,,,,,,,,,,,,,,,,,,,,,,,,,,,,,,,,
2026-06-03T20:33:57.431478Z,"{'#attributes': {'Qualifiers': 0}, '#text': 1000}",dc.danglingtree.htb,VGAuth,Application,2959,0,,,,,,,,,,,,,,,,,,,,,,,vmtoolsd: Username and password successfully validated for 'administrator',,,,,,,,,,,,,,,,,,,,,,,,,,,,,,,,,,,,,,,,,,,,,,,,,,,,,,,,,,,,,,,,,,,,,,,,,,,,,,,,,,,,,,,,,
2026-06-03T20:33:57.488361Z,"{'#attributes': {'Qualifiers': 0}, '#text': 1000}",dc.danglingtree.htb,VGAuth,Application,2960,0,,,,,,,,,,,,,,,,,,,,,,,vmtoolsd: Username and password successfully validated for 'administrator',,,,,,,,,,,,,,,,,,,,,,,,,,,,,,,,,,,,,,,,,,,,,,,,,,,,,,,,,,,,,,,,,,,,,,,,,,,,,,,,,,,,,,,,,
2026-06-03T20:33:57.536563Z,"{'#attributes': {'Qualifiers': 0}, '#text': 1000}",dc.danglingtree.htb,VGAuth,Application,2961,0,,,,,,,,,,,,,,,,,,,,,,,vmtoolsd: Username and password successfully validated for 'administrator',,,,,,,,,,,,,,,,,,,,,,,,,,,,,,,,,,,,,,,,,,,,,,,,,,,,,,,,,,,,,,,,,,,,,,,,,,,,,,,,,,,,,,,,,
2026-06-03T20:33:57.583951Z,"{'#attributes': {'Qualifiers': 0}, '#text': 1000}",dc.danglingtree.htb,VGAuth,Application,2962,0,,,,,,,,,,,,,,,,,,,,,,,vmtoolsd: Username and password successfully validated for 'administrator',,,,,,,,,,,,,,,,,,,,,,,,,,,,,,,,,,,,,,,,,,,,,,,,,,,,,,,,,,,,,,,,,,,,,,,,,,,,,,,,,,,,,,,,,
2026-06-03T20:33:57.629849Z,"{'#attributes': {'Qualifiers': 0}, '#text': 1000}",dc.danglingtree.htb,VGAuth,Application,2963,0,,,,,,,,,,,,,,,,,,,,,,,vmtoolsd: Username and password successfully validated for 'administrator',,,,,,,,,,,,,,,,,,,,,,,,,,,,,,,,,,,,,,,,,,,,,,,,,,,,,,,,,,,,,,,,,,,,,,,,,,,,,,,,,,,,,,,,,
2026-06-03T20:33:57.677642Z,"{'#attributes': {'Qualifiers': 0}, '#text': 1000}",dc.danglingtree.htb,VGAuth,Application,2964,0,,,,,,,,,,,,,,,,,,,,,,,vmtoolsd: Username and password successfully validated for 'administrator',,,,,,,,,,,,,,,,,,,,,,,,,,,,,,,,,,,,,,,,,,,,,,,,,,,,,,,,,,,,,,,,,,,,,,,,,,,,,,,,,,,,,,,,,
2026-06-03T20:33:59.325626Z,"{'#attributes': {'Qualifiers': 0}, '#text': 1000}",dc.danglingtree.htb,VGAuth,Application,2965,0,,,,,,,,,,,,,,,,,,,,,,,vmtoolsd: Username and password successfully validated for 'administrator',,,,,,,,,,,,,,,,,,,,,,,,,,,,,,,,,,,,,,,,,,,,,,,,,,,,,,,,,,,,,,,,,,,,,,,,,,,,,,,,,,,,,,,,,
2026-06-03T20:33:59.899419Z,"{'#attributes': {'Qualifiers': 0}, '#text': 1000}",dc.danglingtree.htb,VGAuth,Application,2966,0,,,,,,,,,,,,,,,,,,,,,,,vmtoolsd: Username and password successfully validated for 'administrator',,,,,,,,,,,,,,,,,,,,,,,,,,,,,,,,,,,,,,,,,,,,,,,,,,,,,,,,,,,,,,,,,,,,,,,,,,,,,,,,,,,,,,,,,
2026-06-03T20:34:02.116199Z,"{'#attributes': {'Qualifiers': 0}, '#text': 1000}",dc.danglingtree.htb,VGAuth,Application,2967,0,,,,,,,,,,,,,,,,,,,,,,,vmtoolsd: Username and password successfully validated for 'administrator',,,,,,,,,,,,,,,,,,,,,,,,,,,,,,,,,,,,,,,,,,,,,,,,,,,,,,,,,,,,,,,,,,,,,,,,,,,,,,,,,,,,,,,,,
2026-06-03T20:34:04.339050Z,"{'#attributes': {'Qualifiers': 0}, '#text': 1000}",dc.danglingtree.htb,VGAuth,Application,2968,0,,,,,,,,,,,,,,,,,,,,,,,vmtoolsd: Username and password successfully validated for 'administrator',,,,,,,,,,,,,,,,,,,,,,,,,,,,,,,,,,,,,,,,,,,,,,,,,,,,,,,,,,,,,,,,,,,,,,,,,,,,,,,,,,,,,,,,,
2026-06-03T20:34:04.542745Z,"{'#attributes': {'Qualifiers': 0}, '#text': 1000}",dc.danglingtree.htb,VGAuth,Application,2969,0,,,,,,,,,,,,,,,,,,,,,,,vmtoolsd: Username and password successfully validated for 'administrator',,,,,,,,,,,,,,,,,,,,,,,,,,,,,,,,,,,,,,,,,,,,,,,,,,,,,,,,,,,,,,,,,,,,,,,,,,,,,,,,,,,,,,,,,
2026-06-03T20:34:06.020756Z,"{'#attributes': {'Qualifiers': 0}, '#text': 1000}",dc.danglingtree.htb,VGAuth,Application,2970,0,,,,,,,,,,,,,,,,,,,,,,,vmtoolsd: Username and password successfully validated for 'administrator',,,,,,,,,,,,,,,,,,,,,,,,,,,,,,,,,,,,,,,,,,,,,,,,,,,,,,,,,,,,,,,,,,,,,,,,,,,,,,,,,,,,,,,,,
2026-06-03T20:34:06.063537Z,"{'#attributes': {'Qualifiers': 0}, '#text': 1000}",dc.danglingtree.htb,VGAuth,Application,2971,0,,,,,,,,,,,,,,,,,,,,,,,vmtoolsd: Username and password successfully validated for 'administrator',,,,,,,,,,,,,,,,,,,,,,,,,,,,,,,,,,,,,,,,,,,,,,,,,,,,,,,,,,,,,,,,,,,,,,,,,,,,,,,,,,,,,,,,,
2026-06-03T20:34:06.183626Z,"{'#attributes': {'Qualifiers': 0}, '#text': 1000}",dc.danglingtree.htb,VGAuth,Application,2972,0,,,,,,,,,,,,,,,,,,,,,,,vmtoolsd: Username and password successfully validated for 'administrator',,,,,,,,,,,,,,,,,,,,,,,,,,,,,,,,,,,,,,,,,,,,,,,,,,,,,,,,,,,,,,,,,,,,,,,,,,,,,,,,,,,,,,,,,
2026-06-03T20:34:06.224798Z,"{'#attributes': {'Qualifiers': 0}, '#text': 1000}",dc.danglingtree.htb,VGAuth,Application,2973,0,,,,,,,,,,,,,,,,,,,,,,,vmtoolsd: Username and password successfully validated for 'administrator',,,,,,,,,,,,,,,,,,,,,,,,,,,,,,,,,,,,,,,,,,,,,,,,,,,,,,,,,,,,,,,,,,,,,,,,,,,,,,,,,,,,,,,,,
2026-06-03T20:34:06.316917Z,"{'#attributes': {'Qualifiers': 0}, '#text': 1000}",dc.danglingtree.htb,VGAuth,Application,2974,0,,,,,,,,,,,,,,,,,,,,,,,vmtoolsd: Username and password successfully validated for 'administrator',,,,,,,,,,,,,,,,,,,,,,,,,,,,,,,,,,,,,,,,,,,,,,,,,,,,,,,,,,,,,,,,,,,,,,,,,,,,,,,,,,,,,,,,,
2026-06-03T20:34:06.404168Z,"{'#attributes': {'Qualifiers': 0}, '#text': 1000}",dc.danglingtree.htb,VGAuth,Application,2975,0,,,,,,,,,,,,,,,,,,,,,,,vmtoolsd: Username and password successfully validated for 'administrator',,,,,,,,,,,,,,,,,,,,,,,,,,,,,,,,,,,,,,,,,,,,,,,,,,,,,,,,,,,,,,,,,,,,,,,,,,,,,,,,,,,,,,,,,
2026-06-03T20:34:06.641458Z,"{'#attributes': {'Qualifiers': 0}, '#text': 1000}",dc.danglingtree.htb,VGAuth,Application,2976,0,,,,,,,,,,,,,,,,,,,,,,,vmtoolsd: Username and password successfully validated for 'administrator',,,,,,,,,,,,,,,,,,,,,,,,,,,,,,,,,,,,,,,,,,,,,,,,,,,,,,,,,,,,,,,,,,,,,,,,,,,,,,,,,,,,,,,,,
2026-06-03T20:34:07.948525Z,"{'#attributes': {'Qualifiers': 0}, '#text': 1000}",dc.danglingtree.htb,VGAuth,Application,2977,0,,,,,,,,,,,,,,,,,,,,,,,vmtoolsd: Username and password successfully validated for 'administrator',,,,,,,,,,,,,,,,,,,,,,,,,,,,,,,,,,,,,,,,,,,,,,,,,,,,,,,,,,,,,,,,,,,,,,,,,,,,,,,,,,,,,,,,,
2026-06-03T20:34:10.145873Z,"{'#attributes': {'Qualifiers': 0}, '#text': 1000}",dc.danglingtree.htb,VGAuth,Application,2978,0,,,,,,,,,,,,,,,,,,,,,,,vmtoolsd: Username and password successfully validated for 'administrator',,,,,,,,,,,,,,,,,,,,,,,,,,,,,,,,,,,,,,,,,,,,,,,,,,,,,,,,,,,,,,,,,,,,,,,,,,,,,,,,,,,,,,,,,
2026-06-03T20:34:12.487596Z,"{'#attributes': {'Qualifiers': 0}, '#text': 1000}",dc.danglingtree.htb,VGAuth,Application,2979,0,,,,,,,,,,,,,,,,,,,,,,,vmtoolsd: Username and password successfully validated for 'administrator',,,,,,,,,,,,,,,,,,,,,,,,,,,,,,,,,,,,,,,,,,,,,,,,,,,,,,,,,,,,,,,,,,,,,,,,,,,,,,,,,,,,,,,,,
2026-06-03T20:34:12.869840Z,"{'#attributes': {'Qualifiers': 0}, '#text': 1000}",dc.danglingtree.htb,VGAuth,Application,2980,0,,,,,,,,,,,,,,,,,,,,,,,vmtoolsd: Username and password successfully validated for 'administrator',,,,,,,,,,,,,,,,,,,,,,,,,,,,,,,,,,,,,,,,,,,,,,,,,,,,,,,,,,,,,,,,,,,,,,,,,,,,,,,,,,,,,,,,,
2026-06-03T20:34:13.726686Z,"{'#attributes': {'Qualifiers': 0}, '#text': 1000}",dc.danglingtree.htb,VGAuth,Application,2981,0,,,,,,,,,,,,,,,,,,,,,,,vmtoolsd: Username and password successfully validated for 'administrator',,,,,,,,,,,,,,,,,,,,,,,,,,,,,,,,,,,,,,,,,,,,,,,,,,,,,,,,,,,,,,,,,,,,,,,,,,,,,,,,,,,,,,,,,
2026-06-03T20:34:13.775093Z,"{'#attributes': {'Qualifiers': 0}, '#text': 1000}",dc.danglingtree.htb,VGAuth,Application,2982,0,,,,,,,,,,,,,,,,,,,,,,,vmtoolsd: Username and password successfully validated for 'administrator',,,,,,,,,,,,,,,,,,,,,,,,,,,,,,,,,,,,,,,,,,,,,,,,,,,,,,,,,,,,,,,,,,,,,,,,,,,,,,,,,,,,,,,,,
2026-06-03T20:34:13.821620Z,"{'#attributes': {'Qualifiers': 0}, '#text': 1000}",dc.danglingtree.htb,VGAuth,Application,2983,0,,,,,,,,,,,,,,,,,,,,,,,vmtoolsd: Username and password successfully validated for 'administrator',,,,,,,,,,,,,,,,,,,,,,,,,,,,,,,,,,,,,,,,,,,,,,,,,,,,,,,,,,,,,,,,,,,,,,,,,,,,,,,,,,,,,,,,,
2026-06-03T20:34:14.137072Z,"{'#attributes': {'Qualifiers': 0}, '#text': 1000}",dc.danglingtree.htb,VGAuth,Application,2984,0,,,,,,,,,,,,,,,,,,,,,,,vmtoolsd: Username and password successfully validated for 'administrator',,,,,,,,,,,,,,,,,,,,,,,,,,,,,,,,,,,,,,,,,,,,,,,,,,,,,,,,,,,,,,,,,,,,,,,,,,,,,,,,,,,,,,,,,
2026-06-03T20:34:14.252996Z,"{'#attributes': {'Qualifiers': 0}, '#text': 1000}",dc.danglingtree.htb,VGAuth,Application,2985,0,,,,,,,,,,,,,,,,,,,,,,,vmtoolsd: Username and password successfully validated for 'administrator',,,,,,,,,,,,,,,,,,,,,,,,,,,,,,,,,,,,,,,,,,,,,,,,,,,,,,,,,,,,,,,,,,,,,,,,,,,,,,,,,,,,,,,,,
2026-06-03T20:34:14.305953Z,"{'#attributes': {'Qualifiers': 0}, '#text': 1000}",dc.danglingtree.htb,VGAuth,Application,2986,0,,,,,,,,,,,,,,,,,,,,,,,vmtoolsd: Username and password successfully validated for 'administrator',,,,,,,,,,,,,,,,,,,,,,,,,,,,,,,,,,,,,,,,,,,,,,,,,,,,,,,,,,,,,,,,,,,,,,,,,,,,,,,,,,,,,,,,,
2026-06-03T20:34:14.589160Z,"{'#attributes': {'Qualifiers': 0}, '#text': 1000}",dc.danglingtree.htb,VGAuth,Application,2987,0,,,,,,,,,,,,,,,,,,,,,,,vmtoolsd: Username and password successfully validated for 'administrator',,,,,,,,,,,,,,,,,,,,,,,,,,,,,,,,,,,,,,,,,,,,,,,,,,,,,,,,,,,,,,,,,,,,,,,,,,,,,,,,,,,,,,,,,
2026-06-03T20:34:29.135201Z,"{'#attributes': {'Qualifiers': 0}, '#text': 1000}",dc.danglingtree.htb,VGAuth,Application,2988,0,,,,,,,,,,,,,,,,,,,,,,,vmtoolsd: Username and password successfully validated for 'administrator',,,,,,,,,,,,,,,,,,,,,,,,,,,,,,,,,,,,,,,,,,,,,,,,,,,,,,,,,,,,,,,,,,,,,,,,,,,,,,,,,,,,,,,,,
2026-06-03T20:34:29.612876Z,"{'#attributes': {'Qualifiers': 0}, '#text': 1000}",dc.danglingtree.htb,VGAuth,Application,2989,0,,,,,,,,,,,,,,,,,,,,,,,vmtoolsd: Username and password successfully validated for 'administrator',,,,,,,,,,,,,,,,,,,,,,,,,,,,,,,,,,,,,,,,,,,,,,,,,,,,,,,,,,,,,,,,,,,,,,,,,,,,,,,,,,,,,,,,,
2026-06-03T20:34:29.669558Z,"{'#attributes': {'Qualifiers': 0}, '#text': 1000}",dc.danglingtree.htb,VGAuth,Application,2990,0,,,,,,,,,,,,,,,,,,,,,,,vmtoolsd: Username and password successfully validated for 'administrator',,,,,,,,,,,,,,,,,,,,,,,,,,,,,,,,,,,,,,,,,,,,,,,,,,,,,,,,,,,,,,,,,,,,,,,,,,,,,,,,,,,,,,,,,
2026-06-03T20:34:29.721247Z,"{'#attributes': {'Qualifiers': 0}, '#text': 1000}",dc.danglingtree.htb,VGAuth,Application,2991,0,,,,,,,,,,,,,,,,,,,,,,,vmtoolsd: Username and password successfully validated for 'administrator',,,,,,,,,,,,,,,,,,,,,,,,,,,,,,,,,,,,,,,,,,,,,,,,,,,,,,,,,,,,,,,,,,,,,,,,,,,,,,,,,,,,,,,,,
2026-06-03T20:34:29.781615Z,"{'#attributes': {'Qualifiers': 0}, '#text': 1000}",dc.danglingtree.htb,VGAuth,Application,2992,0,,,,,,,,,,,,,,,,,,,,,,,vmtoolsd: Username and password successfully validated for 'administrator',,,,,,,,,,,,,,,,,,,,,,,,,,,,,,,,,,,,,,,,,,,,,,,,,,,,,,,,,,,,,,,,,,,,,,,,,,,,,,,,,,,,,,,,,
2026-06-03T20:34:29.845664Z,"{'#attributes': {'Qualifiers': 0}, '#text': 1000}",dc.danglingtree.htb,VGAuth,Application,2993,0,,,,,,,,,,,,,,,,,,,,,,,vmtoolsd: Username and password successfully validated for 'administrator',,,,,,,,,,,,,,,,,,,,,,,,,,,,,,,,,,,,,,,,,,,,,,,,,,,,,,,,,,,,,,,,,,,,,,,,,,,,,,,,,,,,,,,,,
2026-06-03T20:34:29.906478Z,"{'#attributes': {'Qualifiers': 0}, '#text': 1000}",dc.danglingtree.htb,VGAuth,Application,2994,0,,,,,,,,,,,,,,,,,,,,,,,vmtoolsd: Username and password successfully validated for 'administrator',,,,,,,,,,,,,,,,,,,,,,,,,,,,,,,,,,,,,,,,,,,,,,,,,,,,,,,,,,,,,,,,,,,,,,,,,,,,,,,,,,,,,,,,,
2026-06-03T20:34:31.791574Z,"{'#attributes': {'Qualifiers': 0}, '#text': 1000}",dc.danglingtree.htb,VGAuth,Application,2995,0,,,,,,,,,,,,,,,,,,,,,,,vmtoolsd: Username and password successfully validated for 'administrator',,,,,,,,,,,,,,,,,,,,,,,,,,,,,,,,,,,,,,,,,,,,,,,,,,,,,,,,,,,,,,,,,,,,,,,,,,,,,,,,,,,,,,,,,
2026-06-03T20:34:32.039062Z,"{'#attributes': {'Qualifiers': 0}, '#text': 1000}",dc.danglingtree.htb,VGAuth,Application,2996,0,,,,,,,,,,,,,,,,,,,,,,,vmtoolsd: Username and password successfully validated for 'administrator',,,,,,,,,,,,,,,,,,,,,,,,,,,,,,,,,,,,,,,,,,,,,,,,,,,,,,,,,,,,,,,,,,,,,,,,,,,,,,,,,,,,,,,,,
2026-06-03T20:34:34.325517Z,"{'#attributes': {'Qualifiers': 0}, '#text': 1000}",dc.danglingtree.htb,VGAuth,Application,2997,0,,,,,,,,,,,,,,,,,,,,,,,vmtoolsd: Username and password successfully validated for 'administrator',,,,,,,,,,,,,,,,,,,,,,,,,,,,,,,,,,,,,,,,,,,,,,,,,,,,,,,,,,,,,,,,,,,,,,,,,,,,,,,,,,,,,,,,,
2026-06-03T20:34:34.974858Z,"{'#attributes': {'Qualifiers': 16384}, '#text': 1016}",dc.danglingtree.htb,Microsoft-Windows-Security-SPP,Application,2998,4,,,,,,,,,,,,,,,,,,,,,,,,ecc748b4-08de-4d57-abdb-6da44495a8f7,c5976a87-b53a-c692-0f5a-b54487c074c1,,,,,,,,,,,,,,,,,,,,,,,,,,,,,,,,,,,,,,,,,,,,,,,,,,,,,,,,,,,,,,,,,,,,,,,,,,,,,,,,,,,,,,,
2026-06-03T20:34:35.113362Z,"{'#attributes': {'Qualifiers': 16384}, '#text': 1034}",dc.danglingtree.htb,Microsoft-Windows-Security-SPP,Application,2999,4,,,,,,,,,,,,,,,,,,,,,,,,AAD-AddDeviceJoinUserToAdminGroup-Policy,100,,,,,,,,,,,,,,,,,,,,,,,,,,,,,,,,,,,,,,,,,,,,,,,,,,,,,,,,,,,,,,,,,,,,,,,,,,,,,,,,,,,,,,,
2026-06-03T20:34:35.121084Z,"{'#attributes': {'Qualifiers': 16384}, '#text': 1034}",dc.danglingtree.htb,Microsoft-Windows-Security-SPP,Application,3000,4,,,,,,,,,,,,,,,,,,,,,,,,Security-SPP-WriteWauMarker,500,,,,,,,,,,,,,,,,,,,,,,,,,,,,,,,,,,,,,,,,,,,,,,,,,,,,,,,,,,,,,,,,,,,,,,,,,,,,,,,,,,,,,,,
2026-06-03T20:34:36.015286Z,"{'#attributes': {'Qualifiers': 32768}, '#text': 1018}",dc.danglingtree.htb,Microsoft-Windows-Security-SPP,Application,3001,4,,,,,,,,,,,,,,,,,,,,,,,0x00000000,,,,,,,,,,,,,,,,,,,,,,,,,,,,,,,,,,,,,,,,,,,,,,,,,,,,,,,,,,,,,,,,,,,,,,,,,,,,,,,,,,,,,,,,,
2026-06-03T20:34:36.039633Z,"{'#attributes': {'Qualifiers': 32768}, '#text': 1016}",dc.danglingtree.htb,Microsoft-Windows-Security-SPP,Application,3002,4,,,,,,,,,,,,,,,,,,,,,,,0x00000000,,,,,,,,,,,,,,,,,,,,,,,,,,,,,,,,,,,,,,,,,,,,,,,,,,,,,,,,,,,,,,,,,,,,,,,,,,,,,,,,,,,,,,,,,
