2026-06-03T19:45:17.159104Z,208,dc.danglingtree.htb,Microsoft-Windows-WinRM,Microsoft-Windows-WinRM/Operational,3050,4,,,,,,,
2026-06-03T19:45:18.165228Z,209,dc.danglingtree.htb,Microsoft-Windows-WinRM,Microsoft-Windows-WinRM/Operational,3051,4,,,,,,,
2026-06-03T19:45:43.091460Z,145,dc.danglingtree.htb,Microsoft-Windows-WinRM,Microsoft-Windows-WinRM/Operational,3052,4,,,,,Enumeration,,http://schemas.microsoft.com/wbem/wsman/1/config/listener
2026-06-03T19:45:43.376998Z,132,dc.danglingtree.htb,Microsoft-Windows-WinRM,Microsoft-Windows-WinRM/Operational,3053,4,,,,,Enumeration,,
2026-06-03T19:45:44.400984Z,145,dc.danglingtree.htb,Microsoft-Windows-WinRM,Microsoft-Windows-WinRM/Operational,3054,4,,,,,Enumeration,,http://schemas.microsoft.com/wbem/wsman/1/windows/shell
2026-06-03T19:45:44.559292Z,132,dc.danglingtree.htb,Microsoft-Windows-WinRM,Microsoft-Windows-WinRM/Operational,3055,4,,,,,Enumeration,,
2026-06-03T19:46:45.633650Z,211,dc.danglingtree.htb,Microsoft-Windows-WinRM,Microsoft-Windows-WinRM/Operational,3056,4,,,,,,,
2026-06-03T19:46:46.340479Z,212,dc.danglingtree.htb,Microsoft-Windows-WinRM,Microsoft-Windows-WinRM/Operational,3057,4,,,,,,,
2026-06-03T20:14:30.658849Z,208,dc.danglingtree.htb,Microsoft-Windows-WinRM,Microsoft-Windows-WinRM/Operational,3058,4,,,,,,,
2026-06-03T20:14:32.083425Z,209,dc.danglingtree.htb,Microsoft-Windows-WinRM,Microsoft-Windows-WinRM/Operational,3059,4,,,,,,,
2026-06-03T20:14:56.003728Z,145,dc.danglingtree.htb,Microsoft-Windows-WinRM,Microsoft-Windows-WinRM/Operational,3060,4,,,,,Enumeration,,http://schemas.microsoft.com/wbem/wsman/1/config/listener
2026-06-03T20:14:57.274141Z,132,dc.danglingtree.htb,Microsoft-Windows-WinRM,Microsoft-Windows-WinRM/Operational,3061,4,,,,,Enumeration,,
2026-06-03T20:15:00.578218Z,145,dc.danglingtree.htb,Microsoft-Windows-WinRM,Microsoft-Windows-WinRM/Operational,3062,4,,,,,Enumeration,,http://schemas.microsoft.com/wbem/wsman/1/windows/shell
2026-06-03T20:15:01.511430Z,132,dc.danglingtree.htb,Microsoft-Windows-WinRM,Microsoft-Windows-WinRM/Operational,3063,4,,,,,Enumeration,,
2026-06-03T20:17:40.458740Z,145,dc.danglingtree.htb,Microsoft-Windows-WinRM,Microsoft-Windows-WinRM/Operational,3064,4,,,,,Enumeration,,http://schemas.microsoft.com/wbem/wsman/1/windows/shell
2026-06-03T20:17:40.472151Z,132,dc.danglingtree.htb,Microsoft-Windows-WinRM,Microsoft-Windows-WinRM/Operational,3065,4,,,,,Enumeration,,
2026-06-03T20:28:01.850164Z,211,dc.danglingtree.htb,Microsoft-Windows-WinRM,Microsoft-Windows-WinRM/Operational,3066,4,,,,,,,
2026-06-03T20:28:02.839699Z,212,dc.danglingtree.htb,Microsoft-Windows-WinRM,Microsoft-Windows-WinRM/Operational,3067,4,,,,,,,
2026-06-03T20:28:39.661770Z,208,dc.danglingtree.htb,Microsoft-Windows-WinRM,Microsoft-Windows-WinRM/Operational,3068,4,,,,,,,
2026-06-03T20:28:40.826842Z,209,dc.danglingtree.htb,Microsoft-Windows-WinRM,Microsoft-Windows-WinRM/Operational,3069,4,,,,,,,
2026-06-03T20:29:09.867157Z,145,dc.danglingtree.htb,Microsoft-Windows-WinRM,Microsoft-Windows-WinRM/Operational,3070,4,,,,,Enumeration,,http://schemas.microsoft.com/wbem/wsman/1/config/listener
2026-06-03T20:29:11.744378Z,132,dc.danglingtree.htb,Microsoft-Windows-WinRM,Microsoft-Windows-WinRM/Operational,3071,4,,,,,Enumeration,,
2026-06-03T20:29:14.062962Z,145,dc.danglingtree.htb,Microsoft-Windows-WinRM,Microsoft-Windows-WinRM/Operational,3072,4,,,,,Enumeration,,http://schemas.microsoft.com/wbem/wsman/1/windows/shell
2026-06-03T20:29:14.599865Z,132,dc.danglingtree.htb,Microsoft-Windows-WinRM,Microsoft-Windows-WinRM/Operational,3073,4,,,,,Enumeration,,
2026-06-03T20:31:52.880359Z,211,dc.danglingtree.htb,Microsoft-Windows-WinRM,Microsoft-Windows-WinRM/Operational,3074,4,,,,,,,
2026-06-03T20:31:53.546575Z,212,dc.danglingtree.htb,Microsoft-Windows-WinRM,Microsoft-Windows-WinRM/Operational,3075,4,,,,,,,
2026-06-03T20:32:49.186361Z,208,dc.danglingtree.htb,Microsoft-Windows-WinRM,Microsoft-Windows-WinRM/Operational,3076,4,,,,,,,
2026-06-03T20:32:49.966478Z,209,dc.danglingtree.htb,Microsoft-Windows-WinRM,Microsoft-Windows-WinRM/Operational,3077,4,,,,,,,
2026-06-03T20:33:19.791481Z,145,dc.danglingtree.htb,Microsoft-Windows-WinRM,Microsoft-Windows-WinRM/Operational,3078,4,,,,,Enumeration,,http://schemas.microsoft.com/wbem/wsman/1/config/listener
2026-06-03T20:33:21.502245Z,132,dc.danglingtree.htb,Microsoft-Windows-WinRM,Microsoft-Windows-WinRM/Operational,3079,4,,,,,Enumeration,,
2026-06-03T20:33:24.547163Z,145,dc.danglingtree.htb,Microsoft-Windows-WinRM,Microsoft-Windows-WinRM/Operational,3080,4,,,,,Enumeration,,http://schemas.microsoft.com/wbem/wsman/1/windows/shell
2026-06-03T20:33:25.358069Z,132,dc.danglingtree.htb,Microsoft-Windows-WinRM,Microsoft-Windows-WinRM/Operational,3081,4,,,,,Enumeration,,
2026-06-03T20:36:16.387758Z,145,dc.danglingtree.htb,Microsoft-Windows-WinRM,Microsoft-Windows-WinRM/Operational,3082,4,,,,,Enumeration,,http://schemas.microsoft.com/wbem/wsman/1/windows/shell
2026-06-03T20:36:16.400433Z,132,dc.danglingtree.htb,Microsoft-Windows-WinRM,Microsoft-Windows-WinRM/Operational,3083,4,,,,,Enumeration,,
2026-06-03T20:49:16.020954Z,211,dc.danglingtree.htb,Microsoft-Windows-WinRM,Microsoft-Windows-WinRM/Operational,3084,4,,,,,,,
2026-06-03T20:49:16.759530Z,212,dc.danglingtree.htb,Microsoft-Windows-WinRM,Microsoft-Windows-WinRM/Operational,3085,4,,,,,,,
2026-06-05T23:37:56.091182Z,208,dc.danglingtree.htb,Microsoft-Windows-WinRM,Microsoft-Windows-WinRM/Operational,3086,4,,,,,,,
2026-06-05T23:37:56.873479Z,209,dc.danglingtree.htb,Microsoft-Windows-WinRM,Microsoft-Windows-WinRM/Operational,3087,4,,,,,,,
2026-06-05T23:38:23.454518Z,145,dc.danglingtree.htb,Microsoft-Windows-WinRM,Microsoft-Windows-WinRM/Operational,3088,4,,,,,Enumeration,,http://schemas.microsoft.com/wbem/wsman/1/config/listener
2026-06-05T23:38:23.530679Z,132,dc.danglingtree.htb,Microsoft-Windows-WinRM,Microsoft-Windows-WinRM/Operational,3089,4,,,,,Enumeration,,
2026-06-05T23:38:24.179329Z,145,dc.danglingtree.htb,Microsoft-Windows-WinRM,Microsoft-Windows-WinRM/Operational,3090,4,,,,,Enumeration,,http://schemas.microsoft.com/wbem/wsman/1/windows/shell
2026-06-05T23:38:24.189745Z,132,dc.danglingtree.htb,Microsoft-Windows-WinRM,Microsoft-Windows-WinRM/Operational,3091,4,,,,,Enumeration,,
2026-06-05T23:42:35.616248Z,145,dc.danglingtree.htb,Microsoft-Windows-WinRM,Microsoft-Windows-WinRM/Operational,3092,4,,,,,Enumeration,,http://schemas.microsoft.com/wbem/wsman/1/windows/shell
2026-06-05T23:42:35.628438Z,132,dc.danglingtree.htb,Microsoft-Windows-WinRM,Microsoft-Windows-WinRM/Operational,3093,4,,,,,Enumeration,,
2026-06-05T23:55:06.503936Z,211,dc.danglingtree.htb,Microsoft-Windows-WinRM,Microsoft-Windows-WinRM/Operational,3094,4,,,,,,,
2026-06-05T23:55:06.682847Z,212,dc.danglingtree.htb,Microsoft-Windows-WinRM,Microsoft-Windows-WinRM/Operational,3095,4,,,,,,,
2026-06-05T23:57:16.469619Z,208,dc.danglingtree.htb,Microsoft-Windows-WinRM,Microsoft-Windows-WinRM/Operational,3096,4,,,,,,,
2026-06-05T23:57:17.926408Z,209,dc.danglingtree.htb,Microsoft-Windows-WinRM,Microsoft-Windows-WinRM/Operational,3097,4,,,,,,,
2026-06-05T23:57:40.782842Z,145,dc.danglingtree.htb,Microsoft-Windows-WinRM,Microsoft-Windows-WinRM/Operational,3098,4,,,,,Enumeration,,http://schemas.microsoft.com/wbem/wsman/1/config/listener
2026-06-05T23:57:40.983097Z,132,dc.danglingtree.htb,Microsoft-Windows-WinRM,Microsoft-Windows-WinRM/Operational,3099,4,,,,,Enumeration,,
2026-06-05T23:57:46.697517Z,145,dc.danglingtree.htb,Microsoft-Windows-WinRM,Microsoft-Windows-WinRM/Operational,3100,4,,,,,Enumeration,,http://schemas.microsoft.com/wbem/wsman/1/windows/shell
2026-06-05T23:57:46.707213Z,132,dc.danglingtree.htb,Microsoft-Windows-WinRM,Microsoft-Windows-WinRM/Operational,3101,4,,,,,Enumeration,,
2026-06-05T23:59:40.429394Z,145,dc.danglingtree.htb,Microsoft-Windows-WinRM,Microsoft-Windows-WinRM/Operational,3102,4,,,,,Enumeration,,http://schemas.microsoft.com/wbem/wsman/1/windows/shell
2026-06-05T23:59:40.443381Z,132,dc.danglingtree.htb,Microsoft-Windows-WinRM,Microsoft-Windows-WinRM/Operational,3103,4,,,,,Enumeration,,
2026-06-06T00:03:32.773557Z,145,dc.danglingtree.htb,Microsoft-Windows-WinRM,Microsoft-Windows-WinRM/Operational,3104,4,,,,,Enumeration,,http://schemas.microsoft.com/wbem/wsman/1/config/listener
2026-06-06T00:03:32.819553Z,132,dc.danglingtree.htb,Microsoft-Windows-WinRM,Microsoft-Windows-WinRM/Operational,3105,4,,,,,Enumeration,,
2026-06-06T00:03:32.897474Z,145,dc.danglingtree.htb,Microsoft-Windows-WinRM,Microsoft-Windows-WinRM/Operational,3106,4,,,,,Enumeration,,http://schemas.microsoft.com/wbem/wsman/1/windows/shell
2026-06-06T00:03:32.907161Z,132,dc.danglingtree.htb,Microsoft-Windows-WinRM,Microsoft-Windows-WinRM/Operational,3107,4,,,,,Enumeration,,
2026-06-06T00:13:54.718978Z,145,dc.danglingtree.htb,Microsoft-Windows-WinRM,Microsoft-Windows-WinRM/Operational,3108,4,,,,,Enumeration,,http://schemas.microsoft.com/wbem/wsman/1/config/listener
2026-06-06T00:13:54.759055Z,132,dc.danglingtree.htb,Microsoft-Windows-WinRM,Microsoft-Windows-WinRM/Operational,3109,4,,,,,Enumeration,,
2026-06-06T00:13:54.837360Z,145,dc.danglingtree.htb,Microsoft-Windows-WinRM,Microsoft-Windows-WinRM/Operational,3110,4,,,,,Enumeration,,http://schemas.microsoft.com/wbem/wsman/1/windows/shell
2026-06-06T00:13:54.847973Z,132,dc.danglingtree.htb,Microsoft-Windows-WinRM,Microsoft-Windows-WinRM/Operational,3111,4,,,,,Enumeration,,
2026-06-06T00:34:48.498180Z,145,dc.danglingtree.htb,Microsoft-Windows-WinRM,Microsoft-Windows-WinRM/Operational,3112,4,,,,,Enumeration,,http://schemas.microsoft.com/wbem/wsman/1/config/listener
2026-06-06T00:34:48.553393Z,132,dc.danglingtree.htb,Microsoft-Windows-WinRM,Microsoft-Windows-WinRM/Operational,3113,4,,,,,Enumeration,,
2026-06-06T00:34:48.644329Z,145,dc.danglingtree.htb,Microsoft-Windows-WinRM,Microsoft-Windows-WinRM/Operational,3114,4,,,,,Enumeration,,http://schemas.microsoft.com/wbem/wsman/1/windows/shell
2026-06-06T00:34:48.653064Z,132,dc.danglingtree.htb,Microsoft-Windows-WinRM,Microsoft-Windows-WinRM/Operational,3115,4,,,,,Enumeration,,
2026-06-06T00:54:51.167031Z,145,dc.danglingtree.htb,Microsoft-Windows-WinRM,Microsoft-Windows-WinRM/Operational,3116,4,,,,,Enumeration,,http://schemas.microsoft.com/wbem/wsman/1/config/listener
2026-06-06T00:54:51.211809Z,132,dc.danglingtree.htb,Microsoft-Windows-WinRM,Microsoft-Windows-WinRM/Operational,3117,4,,,,,Enumeration,,
2026-06-06T00:54:51.288020Z,145,dc.danglingtree.htb,Microsoft-Windows-WinRM,Microsoft-Windows-WinRM/Operational,3118,4,,,,,Enumeration,,http://schemas.microsoft.com/wbem/wsman/1/windows/shell
2026-06-06T00:54:51.297031Z,132,dc.danglingtree.htb,Microsoft-Windows-WinRM,Microsoft-Windows-WinRM/Operational,3119,4,,,,,Enumeration,,
2026-06-06T01:14:54.729096Z,145,dc.danglingtree.htb,Microsoft-Windows-WinRM,Microsoft-Windows-WinRM/Operational,3120,4,,,,,Enumeration,,http://schemas.microsoft.com/wbem/wsman/1/config/listener
2026-06-06T01:14:54.772044Z,132,dc.danglingtree.htb,Microsoft-Windows-WinRM,Microsoft-Windows-WinRM/Operational,3121,4,,,,,Enumeration,,
2026-06-06T01:14:54.846091Z,145,dc.danglingtree.htb,Microsoft-Windows-WinRM,Microsoft-Windows-WinRM/Operational,3122,4,,,,,Enumeration,,http://schemas.microsoft.com/wbem/wsman/1/windows/shell
2026-06-06T01:14:54.857637Z,132,dc.danglingtree.htb,Microsoft-Windows-WinRM,Microsoft-Windows-WinRM/Operational,3123,4,,,,,Enumeration,,
2026-06-06T01:35:09.801428Z,145,dc.danglingtree.htb,Microsoft-Windows-WinRM,Microsoft-Windows-WinRM/Operational,3124,4,,,,,Enumeration,,http://schemas.microsoft.com/wbem/wsman/1/config/listener
2026-06-06T01:35:09.984497Z,132,dc.danglingtree.htb,Microsoft-Windows-WinRM,Microsoft-Windows-WinRM/Operational,3125,4,,,,,Enumeration,,
2026-06-06T01:35:10.493550Z,145,dc.danglingtree.htb,Microsoft-Windows-WinRM,Microsoft-Windows-WinRM/Operational,3126,4,,,,,Enumeration,,http://schemas.microsoft.com/wbem/wsman/1/windows/shell
2026-06-06T01:35:10.595949Z,132,dc.danglingtree.htb,Microsoft-Windows-WinRM,Microsoft-Windows-WinRM/Operational,3127,4,,,,,Enumeration,,
2026-06-06T01:55:16.237562Z,145,dc.danglingtree.htb,Microsoft-Windows-WinRM,Microsoft-Windows-WinRM/Operational,3128,4,,,,,Enumeration,,http://schemas.microsoft.com/wbem/wsman/1/config/listener
2026-06-06T01:55:16.835523Z,132,dc.danglingtree.htb,Microsoft-Windows-WinRM,Microsoft-Windows-WinRM/Operational,3129,4,,,,,Enumeration,,
2026-06-06T01:55:17.656670Z,145,dc.danglingtree.htb,Microsoft-Windows-WinRM,Microsoft-Windows-WinRM/Operational,3130,4,,,,,Enumeration,,http://schemas.microsoft.com/wbem/wsman/1/windows/shell
2026-06-06T01:55:17.667156Z,132,dc.danglingtree.htb,Microsoft-Windows-WinRM,Microsoft-Windows-WinRM/Operational,3131,4,,,,,Enumeration,,
2026-06-06T02:15:20.773559Z,145,dc.danglingtree.htb,Microsoft-Windows-WinRM,Microsoft-Windows-WinRM/Operational,3132,4,,,,,Enumeration,,http://schemas.microsoft.com/wbem/wsman/1/config/listener
2026-06-06T02:15:21.021046Z,132,dc.danglingtree.htb,Microsoft-Windows-WinRM,Microsoft-Windows-WinRM/Operational,3133,4,,,,,Enumeration,,
2026-06-06T02:15:21.444402Z,145,dc.danglingtree.htb,Microsoft-Windows-WinRM,Microsoft-Windows-WinRM/Operational,3134,4,,,,,Enumeration,,http://schemas.microsoft.com/wbem/wsman/1/windows/shell
2026-06-06T02:15:21.453706Z,132,dc.danglingtree.htb,Microsoft-Windows-WinRM,Microsoft-Windows-WinRM/Operational,3135,4,,,,,Enumeration,,
2026-06-06T02:35:23.582823Z,145,dc.danglingtree.htb,Microsoft-Windows-WinRM,Microsoft-Windows-WinRM/Operational,3136,4,,,,,Enumeration,,http://schemas.microsoft.com/wbem/wsman/1/config/listener
2026-06-06T02:35:23.904946Z,132,dc.danglingtree.htb,Microsoft-Windows-WinRM,Microsoft-Windows-WinRM/Operational,3137,4,,,,,Enumeration,,
2026-06-06T02:35:24.179838Z,145,dc.danglingtree.htb,Microsoft-Windows-WinRM,Microsoft-Windows-WinRM/Operational,3138,4,,,,,Enumeration,,http://schemas.microsoft.com/wbem/wsman/1/windows/shell
2026-06-06T02:35:24.189348Z,132,dc.danglingtree.htb,Microsoft-Windows-WinRM,Microsoft-Windows-WinRM/Operational,3139,4,,,,,Enumeration,,
2026-06-06T02:55:25.589064Z,145,dc.danglingtree.htb,Microsoft-Windows-WinRM,Microsoft-Windows-WinRM/Operational,3140,4,,,,,Enumeration,,http://schemas.microsoft.com/wbem/wsman/1/config/listener
2026-06-06T02:55:25.651350Z,132,dc.danglingtree.htb,Microsoft-Windows-WinRM,Microsoft-Windows-WinRM/Operational,3141,4,,,,,Enumeration,,
2026-06-06T02:55:25.776726Z,145,dc.danglingtree.htb,Microsoft-Windows-WinRM,Microsoft-Windows-WinRM/Operational,3142,4,,,,,Enumeration,,http://schemas.microsoft.com/wbem/wsman/1/windows/shell
2026-06-06T02:55:25.786470Z,132,dc.danglingtree.htb,Microsoft-Windows-WinRM,Microsoft-Windows-WinRM/Operational,3143,4,,,,,Enumeration,,
2026-06-06T03:15:27.985801Z,145,dc.danglingtree.htb,Microsoft-Windows-WinRM,Microsoft-Windows-WinRM/Operational,3144,4,,,,,Enumeration,,http://schemas.microsoft.com/wbem/wsman/1/config/listener
2026-06-06T03:15:28.032633Z,132,dc.danglingtree.htb,Microsoft-Windows-WinRM,Microsoft-Windows-WinRM/Operational,3145,4,,,,,Enumeration,,
2026-06-06T03:15:28.106503Z,145,dc.danglingtree.htb,Microsoft-Windows-WinRM,Microsoft-Windows-WinRM/Operational,3146,4,,,,,Enumeration,,http://schemas.microsoft.com/wbem/wsman/1/windows/shell
2026-06-06T03:15:28.114986Z,132,dc.danglingtree.htb,Microsoft-Windows-WinRM,Microsoft-Windows-WinRM/Operational,3147,4,,,,,Enumeration,,
2026-06-06T03:35:30.464128Z,145,dc.danglingtree.htb,Microsoft-Windows-WinRM,Microsoft-Windows-WinRM/Operational,3148,4,,,,,Enumeration,,http://schemas.microsoft.com/wbem/wsman/1/config/listener
2026-06-06T03:35:30.511228Z,132,dc.danglingtree.htb,Microsoft-Windows-WinRM,Microsoft-Windows-WinRM/Operational,3149,4,,,,,Enumeration,,
2026-06-06T03:35:30.584845Z,145,dc.danglingtree.htb,Microsoft-Windows-WinRM,Microsoft-Windows-WinRM/Operational,3150,4,,,,,Enumeration,,http://schemas.microsoft.com/wbem/wsman/1/windows/shell
2026-06-06T03:35:30.593839Z,132,dc.danglingtree.htb,Microsoft-Windows-WinRM,Microsoft-Windows-WinRM/Operational,3151,4,,,,,Enumeration,,
2026-06-06T03:56:13.648026Z,211,dc.danglingtree.htb,Microsoft-Windows-WinRM,Microsoft-Windows-WinRM/Operational,3152,4,,,,,,,
2026-06-06T03:56:14.457298Z,212,dc.danglingtree.htb,Microsoft-Windows-WinRM,Microsoft-Windows-WinRM/Operational,3153,4,,,,,,,
2026-06-06T03:57:07.256144Z,208,dc.danglingtree.htb,Microsoft-Windows-WinRM,Microsoft-Windows-WinRM/Operational,3154,4,,,,,,,
2026-06-06T03:57:10.489007Z,209,dc.danglingtree.htb,Microsoft-Windows-WinRM,Microsoft-Windows-WinRM/Operational,3155,4,,,,,,,
2026-06-06T03:57:35.984218Z,145,dc.danglingtree.htb,Microsoft-Windows-WinRM,Microsoft-Windows-WinRM/Operational,3156,4,,,,,Enumeration,,http://schemas.microsoft.com/wbem/wsman/1/config/listener
2026-06-06T03:57:37.877536Z,132,dc.danglingtree.htb,Microsoft-Windows-WinRM,Microsoft-Windows-WinRM/Operational,3157,4,,,,,Enumeration,,
2026-06-06T03:57:41.590087Z,145,dc.danglingtree.htb,Microsoft-Windows-WinRM,Microsoft-Windows-WinRM/Operational,3158,4,,,,,Enumeration,,http://schemas.microsoft.com/wbem/wsman/1/windows/shell
2026-06-06T03:57:42.330908Z,132,dc.danglingtree.htb,Microsoft-Windows-WinRM,Microsoft-Windows-WinRM/Operational,3159,4,,,,,Enumeration,,
2026-06-06T04:03:06.927331Z,211,dc.danglingtree.htb,Microsoft-Windows-WinRM,Microsoft-Windows-WinRM/Operational,3160,4,,,,,,,
2026-06-06T04:03:07.991370Z,212,dc.danglingtree.htb,Microsoft-Windows-WinRM,Microsoft-Windows-WinRM/Operational,3161,4,,,,,,,
2026-06-06T04:03:49.933915Z,208,dc.danglingtree.htb,Microsoft-Windows-WinRM,Microsoft-Windows-WinRM/Operational,3162,4,,,,,,,
2026-06-06T04:03:52.589726Z,209,dc.danglingtree.htb,Microsoft-Windows-WinRM,Microsoft-Windows-WinRM/Operational,3163,4,,,,,,,
2026-06-06T04:04:17.952059Z,145,dc.danglingtree.htb,Microsoft-Windows-WinRM,Microsoft-Windows-WinRM/Operational,3164,4,,,,,Enumeration,,http://schemas.microsoft.com/wbem/wsman/1/config/listener
2026-06-06T04:04:18.959053Z,132,dc.danglingtree.htb,Microsoft-Windows-WinRM,Microsoft-Windows-WinRM/Operational,3165,4,,,,,Enumeration,,
2026-06-06T04:04:20.819335Z,145,dc.danglingtree.htb,Microsoft-Windows-WinRM,Microsoft-Windows-WinRM/Operational,3166,4,,,,,Enumeration,,http://schemas.microsoft.com/wbem/wsman/1/windows/shell
2026-06-06T04:04:21.320785Z,132,dc.danglingtree.htb,Microsoft-Windows-WinRM,Microsoft-Windows-WinRM/Operational,3167,4,,,,,Enumeration,,
2026-06-06T04:08:10.377018Z,145,dc.danglingtree.htb,Microsoft-Windows-WinRM,Microsoft-Windows-WinRM/Operational,3168,4,,,,,Enumeration,,http://schemas.microsoft.com/wbem/wsman/1/windows/shell
2026-06-06T04:08:10.390773Z,132,dc.danglingtree.htb,Microsoft-Windows-WinRM,Microsoft-Windows-WinRM/Operational,3169,4,,,,,Enumeration,,
2026-06-06T04:23:18.010900Z,145,dc.danglingtree.htb,Microsoft-Windows-WinRM,Microsoft-Windows-WinRM/Operational,3170,4,,,,,Enumeration,,http://schemas.microsoft.com/wbem/wsman/1/config/listener
2026-06-06T04:23:18.050733Z,132,dc.danglingtree.htb,Microsoft-Windows-WinRM,Microsoft-Windows-WinRM/Operational,3171,4,,,,,Enumeration,,
2026-06-06T04:23:18.115099Z,145,dc.danglingtree.htb,Microsoft-Windows-WinRM,Microsoft-Windows-WinRM/Operational,3172,4,,,,,Enumeration,,http://schemas.microsoft.com/wbem/wsman/1/windows/shell
2026-06-06T04:23:18.123099Z,132,dc.danglingtree.htb,Microsoft-Windows-WinRM,Microsoft-Windows-WinRM/Operational,3173,4,,,,,Enumeration,,
2026-06-06T04:43:23.225660Z,145,dc.danglingtree.htb,Microsoft-Windows-WinRM,Microsoft-Windows-WinRM/Operational,3174,4,,,,,Enumeration,,http://schemas.microsoft.com/wbem/wsman/1/config/listener
2026-06-06T04:43:23.267012Z,132,dc.danglingtree.htb,Microsoft-Windows-WinRM,Microsoft-Windows-WinRM/Operational,3175,4,,,,,Enumeration,,
2026-06-06T04:43:23.431562Z,145,dc.danglingtree.htb,Microsoft-Windows-WinRM,Microsoft-Windows-WinRM/Operational,3176,4,,,,,Enumeration,,http://schemas.microsoft.com/wbem/wsman/1/windows/shell
2026-06-06T04:43:23.439510Z,132,dc.danglingtree.htb,Microsoft-Windows-WinRM,Microsoft-Windows-WinRM/Operational,3177,4,,,,,Enumeration,,
2026-06-06T05:03:26.669366Z,145,dc.danglingtree.htb,Microsoft-Windows-WinRM,Microsoft-Windows-WinRM/Operational,3178,4,,,,,Enumeration,,http://schemas.microsoft.com/wbem/wsman/1/config/listener
2026-06-06T05:03:26.712877Z,132,dc.danglingtree.htb,Microsoft-Windows-WinRM,Microsoft-Windows-WinRM/Operational,3179,4,,,,,Enumeration,,
2026-06-06T05:03:26.778712Z,145,dc.danglingtree.htb,Microsoft-Windows-WinRM,Microsoft-Windows-WinRM/Operational,3180,4,,,,,Enumeration,,http://schemas.microsoft.com/wbem/wsman/1/windows/shell
2026-06-06T05:03:26.790464Z,132,dc.danglingtree.htb,Microsoft-Windows-WinRM,Microsoft-Windows-WinRM/Operational,3181,4,,,,,Enumeration,,
2026-06-06T05:23:32.280707Z,145,dc.danglingtree.htb,Microsoft-Windows-WinRM,Microsoft-Windows-WinRM/Operational,3182,4,,,,,Enumeration,,http://schemas.microsoft.com/wbem/wsman/1/config/listener
2026-06-06T05:23:32.325647Z,132,dc.danglingtree.htb,Microsoft-Windows-WinRM,Microsoft-Windows-WinRM/Operational,3183,4,,,,,Enumeration,,
2026-06-06T05:23:32.396214Z,145,dc.danglingtree.htb,Microsoft-Windows-WinRM,Microsoft-Windows-WinRM/Operational,3184,4,,,,,Enumeration,,http://schemas.microsoft.com/wbem/wsman/1/windows/shell
2026-06-06T05:23:32.406655Z,132,dc.danglingtree.htb,Microsoft-Windows-WinRM,Microsoft-Windows-WinRM/Operational,3185,4,,,,,Enumeration,,
2026-06-06T05:39:39.075037Z,211,dc.danglingtree.htb,Microsoft-Windows-WinRM,Microsoft-Windows-WinRM/Operational,3186,4,,,,,,,
2026-06-06T05:39:39.792680Z,212,dc.danglingtree.htb,Microsoft-Windows-WinRM,Microsoft-Windows-WinRM/Operational,3187,4,,,,,,,
2026-06-08T16:26:43.678272Z,208,dc.danglingtree.htb,Microsoft-Windows-WinRM,Microsoft-Windows-WinRM/Operational,3188,4,,,,,,,
2026-06-08T16:26:44.852448Z,209,dc.danglingtree.htb,Microsoft-Windows-WinRM,Microsoft-Windows-WinRM/Operational,3189,4,,,,,,,
2026-06-08T16:27:09.105172Z,145,dc.danglingtree.htb,Microsoft-Windows-WinRM,Microsoft-Windows-WinRM/Operational,3190,4,,,,,Enumeration,,http://schemas.microsoft.com/wbem/wsman/1/config/listener
2026-06-08T16:27:11.588588Z,132,dc.danglingtree.htb,Microsoft-Windows-WinRM,Microsoft-Windows-WinRM/Operational,3191,4,,,,,Enumeration,,
2026-06-08T16:27:15.667418Z,145,dc.danglingtree.htb,Microsoft-Windows-WinRM,Microsoft-Windows-WinRM/Operational,3192,4,,,,,Enumeration,,http://schemas.microsoft.com/wbem/wsman/1/windows/shell
2026-06-08T16:27:16.768171Z,132,dc.danglingtree.htb,Microsoft-Windows-WinRM,Microsoft-Windows-WinRM/Operational,3193,4,,,,,Enumeration,,
2026-06-08T16:29:19.276320Z,145,dc.danglingtree.htb,Microsoft-Windows-WinRM,Microsoft-Windows-WinRM/Operational,3194,4,,,,,Enumeration,,http://schemas.microsoft.com/wbem/wsman/1/windows/shell
2026-06-08T16:29:19.287839Z,132,dc.danglingtree.htb,Microsoft-Windows-WinRM,Microsoft-Windows-WinRM/Operational,3195,4,,,,,Enumeration,,
2026-06-08T16:44:26.519371Z,145,dc.danglingtree.htb,Microsoft-Windows-WinRM,Microsoft-Windows-WinRM/Operational,3196,4,,,,,Enumeration,,http://schemas.microsoft.com/wbem/wsman/1/config/listener
2026-06-08T16:44:26.949976Z,132,dc.danglingtree.htb,Microsoft-Windows-WinRM,Microsoft-Windows-WinRM/Operational,3197,4,,,,,Enumeration,,
2026-06-08T16:44:27.257309Z,145,dc.danglingtree.htb,Microsoft-Windows-WinRM,Microsoft-Windows-WinRM/Operational,3198,4,,,,,Enumeration,,http://schemas.microsoft.com/wbem/wsman/1/windows/shell
2026-06-08T16:44:27.275360Z,132,dc.danglingtree.htb,Microsoft-Windows-WinRM,Microsoft-Windows-WinRM/Operational,3199,4,,,,,Enumeration,,
2026-06-08T17:03:12.075188Z,145,dc.danglingtree.htb,Microsoft-Windows-WinRM,Microsoft-Windows-WinRM/Operational,3200,4,,,,,Enumeration,,http://schemas.microsoft.com/wbem/wsman/1/config/listener
2026-06-08T17:03:12.685396Z,132,dc.danglingtree.htb,Microsoft-Windows-WinRM,Microsoft-Windows-WinRM/Operational,3201,4,,,,,Enumeration,,
2026-06-08T17:03:14.429013Z,145,dc.danglingtree.htb,Microsoft-Windows-WinRM,Microsoft-Windows-WinRM/Operational,3202,4,,,,,Enumeration,,http://schemas.microsoft.com/wbem/wsman/1/windows/shell
2026-06-08T17:03:14.437462Z,132,dc.danglingtree.htb,Microsoft-Windows-WinRM,Microsoft-Windows-WinRM/Operational,3203,4,,,,,Enumeration,,
2026-06-08T17:19:24.139851Z,145,dc.danglingtree.htb,Microsoft-Windows-WinRM,Microsoft-Windows-WinRM/Operational,3204,4,,,,,Enumeration,,http://schemas.microsoft.com/wbem/wsman/1/config/listener
2026-06-08T17:19:24.204474Z,132,dc.danglingtree.htb,Microsoft-Windows-WinRM,Microsoft-Windows-WinRM/Operational,3205,4,,,,,Enumeration,,
2026-06-08T17:19:24.975780Z,145,dc.danglingtree.htb,Microsoft-Windows-WinRM,Microsoft-Windows-WinRM/Operational,3206,4,,,,,Enumeration,,http://schemas.microsoft.com/wbem/wsman/1/windows/shell
2026-06-08T17:19:24.987478Z,132,dc.danglingtree.htb,Microsoft-Windows-WinRM,Microsoft-Windows-WinRM/Operational,3207,4,,,,,Enumeration,,
2026-06-08T17:28:56.484536Z,211,dc.danglingtree.htb,Microsoft-Windows-WinRM,Microsoft-Windows-WinRM/Operational,3208,4,,,,,,,
2026-06-08T17:28:57.264400Z,212,dc.danglingtree.htb,Microsoft-Windows-WinRM,Microsoft-Windows-WinRM/Operational,3209,4,,,,,,,
2026-08-03T16:40:03.936037Z,208,dc.danglingtree.htb,Microsoft-Windows-WinRM,Microsoft-Windows-WinRM/Operational,3210,4,,,,,,,
2026-08-03T16:40:05.348466Z,209,dc.danglingtree.htb,Microsoft-Windows-WinRM,Microsoft-Windows-WinRM/Operational,3211,4,,,,,,,
2026-08-03T16:40:30.048608Z,145,dc.danglingtree.htb,Microsoft-Windows-WinRM,Microsoft-Windows-WinRM/Operational,3212,4,,,,,Enumeration,,http://schemas.microsoft.com/wbem/wsman/1/config/listener
2026-08-03T16:40:31.274075Z,132,dc.danglingtree.htb,Microsoft-Windows-WinRM,Microsoft-Windows-WinRM/Operational,3213,4,,,,,Enumeration,,
2026-08-03T16:40:31.705596Z,145,dc.danglingtree.htb,Microsoft-Windows-WinRM,Microsoft-Windows-WinRM/Operational,3214,4,,,,,Enumeration,,http://schemas.microsoft.com/wbem/wsman/1/windows/shell
2026-08-03T16:40:31.715627Z,132,dc.danglingtree.htb,Microsoft-Windows-WinRM,Microsoft-Windows-WinRM/Operational,3215,4,,,,,Enumeration,,
2026-08-03T16:52:19.343940Z,145,dc.danglingtree.htb,Microsoft-Windows-WinRM,Microsoft-Windows-WinRM/Operational,3216,4,,,,,Enumeration,,http://schemas.microsoft.com/wbem/wsman/1/config/listener
2026-08-03T16:52:19.427839Z,132,dc.danglingtree.htb,Microsoft-Windows-WinRM,Microsoft-Windows-WinRM/Operational,3217,4,,,,,Enumeration,,
2026-08-03T16:52:19.904283Z,145,dc.danglingtree.htb,Microsoft-Windows-WinRM,Microsoft-Windows-WinRM/Operational,3218,4,,,,,Enumeration,,http://schemas.microsoft.com/wbem/wsman/1/windows/shell
2026-08-03T16:52:20.217605Z,132,dc.danglingtree.htb,Microsoft-Windows-WinRM,Microsoft-Windows-WinRM/Operational,3219,4,,,,,Enumeration,,
2026-08-03T16:52:20.330868Z,145,dc.danglingtree.htb,Microsoft-Windows-WinRM,Microsoft-Windows-WinRM/Operational,3220,4,,,,,Enumeration,,http://schemas.microsoft.com/wbem/wsman/1/windows/shell
2026-08-03T16:52:20.339994Z,132,dc.danglingtree.htb,Microsoft-Windows-WinRM,Microsoft-Windows-WinRM/Operational,3221,4,,,,,Enumeration,,
2026-08-03T16:55:29.284881Z,145,dc.danglingtree.htb,Microsoft-Windows-WinRM,Microsoft-Windows-WinRM/Operational,3222,4,,,,,Enumeration,,http://schemas.microsoft.com/wbem/wsman/1/config/listener
2026-08-03T16:55:29.361471Z,132,dc.danglingtree.htb,Microsoft-Windows-WinRM,Microsoft-Windows-WinRM/Operational,3223,4,,,,,Enumeration,,
2026-08-03T16:55:29.839078Z,145,dc.danglingtree.htb,Microsoft-Windows-WinRM,Microsoft-Windows-WinRM/Operational,3224,4,,,,,Enumeration,,http://schemas.microsoft.com/wbem/wsman/1/windows/shell
2026-08-03T16:55:29.852476Z,132,dc.danglingtree.htb,Microsoft-Windows-WinRM,Microsoft-Windows-WinRM/Operational,3225,4,,,,,Enumeration,,
2026-08-03T16:58:47.892010Z,145,dc.danglingtree.htb,Microsoft-Windows-WinRM,Microsoft-Windows-WinRM/Operational,3226,4,,,,,Enumeration,,http://schemas.microsoft.com/wbem/wsman/1/config/listener
2026-08-03T16:58:47.980230Z,132,dc.danglingtree.htb,Microsoft-Windows-WinRM,Microsoft-Windows-WinRM/Operational,3227,4,,,,,Enumeration,,
2026-08-03T16:58:48.751593Z,145,dc.danglingtree.htb,Microsoft-Windows-WinRM,Microsoft-Windows-WinRM/Operational,3228,4,,,,,Enumeration,,http://schemas.microsoft.com/wbem/wsman/1/windows/shell
2026-08-03T16:58:48.759639Z,132,dc.danglingtree.htb,Microsoft-Windows-WinRM,Microsoft-Windows-WinRM/Operational,3229,4,,,,,Enumeration,,
2026-08-03T17:18:36.379683Z,145,dc.danglingtree.htb,Microsoft-Windows-WinRM,Microsoft-Windows-WinRM/Operational,3230,4,,,,,Enumeration,,http://schemas.microsoft.com/wbem/wsman/1/config/listener
2026-08-03T17:18:36.646708Z,132,dc.danglingtree.htb,Microsoft-Windows-WinRM,Microsoft-Windows-WinRM/Operational,3231,4,,,,,Enumeration,,
2026-08-03T17:18:36.976668Z,145,dc.danglingtree.htb,Microsoft-Windows-WinRM,Microsoft-Windows-WinRM/Operational,3232,4,,,,,Enumeration,,http://schemas.microsoft.com/wbem/wsman/1/windows/shell
2026-08-03T17:18:36.988182Z,132,dc.danglingtree.htb,Microsoft-Windows-WinRM,Microsoft-Windows-WinRM/Operational,3233,4,,,,,Enumeration,,
2026-08-03T17:38:39.939329Z,145,dc.danglingtree.htb,Microsoft-Windows-WinRM,Microsoft-Windows-WinRM/Operational,3234,4,,,,,Enumeration,,http://schemas.microsoft.com/wbem/wsman/1/config/listener
2026-08-03T17:38:40.090709Z,132,dc.danglingtree.htb,Microsoft-Windows-WinRM,Microsoft-Windows-WinRM/Operational,3235,4,,,,,Enumeration,,
2026-08-03T17:38:40.529717Z,145,dc.danglingtree.htb,Microsoft-Windows-WinRM,Microsoft-Windows-WinRM/Operational,3236,4,,,,,Enumeration,,http://schemas.microsoft.com/wbem/wsman/1/windows/shell
2026-08-03T17:38:40.538362Z,132,dc.danglingtree.htb,Microsoft-Windows-WinRM,Microsoft-Windows-WinRM/Operational,3237,4,,,,,Enumeration,,
2026-08-03T17:58:52.646619Z,145,dc.danglingtree.htb,Microsoft-Windows-WinRM,Microsoft-Windows-WinRM/Operational,3238,4,,,,,Enumeration,,http://schemas.microsoft.com/wbem/wsman/1/config/listener
2026-08-03T17:58:52.856101Z,132,dc.danglingtree.htb,Microsoft-Windows-WinRM,Microsoft-Windows-WinRM/Operational,3239,4,,,,,Enumeration,,
2026-08-03T17:58:53.171115Z,145,dc.danglingtree.htb,Microsoft-Windows-WinRM,Microsoft-Windows-WinRM/Operational,3240,4,,,,,Enumeration,,http://schemas.microsoft.com/wbem/wsman/1/windows/shell
2026-08-03T17:58:53.183502Z,132,dc.danglingtree.htb,Microsoft-Windows-WinRM,Microsoft-Windows-WinRM/Operational,3241,4,,,,,Enumeration,,
2026-08-03T18:18:55.973621Z,145,dc.danglingtree.htb,Microsoft-Windows-WinRM,Microsoft-Windows-WinRM/Operational,3242,4,,,,,Enumeration,,http://schemas.microsoft.com/wbem/wsman/1/config/listener
2026-08-03T18:18:56.191333Z,132,dc.danglingtree.htb,Microsoft-Windows-WinRM,Microsoft-Windows-WinRM/Operational,3243,4,,,,,Enumeration,,
2026-08-03T18:18:56.553541Z,145,dc.danglingtree.htb,Microsoft-Windows-WinRM,Microsoft-Windows-WinRM/Operational,3244,4,,,,,Enumeration,,http://schemas.microsoft.com/wbem/wsman/1/windows/shell
2026-08-03T18:18:56.565519Z,132,dc.danglingtree.htb,Microsoft-Windows-WinRM,Microsoft-Windows-WinRM/Operational,3245,4,,,,,Enumeration,,
2026-08-03T18:24:46.466194Z,211,dc.danglingtree.htb,Microsoft-Windows-WinRM,Microsoft-Windows-WinRM/Operational,3246,4,,,,,,,
2026-08-03T18:24:47.450955Z,212,dc.danglingtree.htb,Microsoft-Windows-WinRM,Microsoft-Windows-WinRM/Operational,3247,4,,,,,,,
2026-08-04T16:03:16.463043Z,208,dc.danglingtree.htb,Microsoft-Windows-WinRM,Microsoft-Windows-WinRM/Operational,3248,4,,,,,,,
2026-08-04T16:03:18.226093Z,209,dc.danglingtree.htb,Microsoft-Windows-WinRM,Microsoft-Windows-WinRM/Operational,3249,4,,,,,,,
2026-08-04T16:03:48.844146Z,145,dc.danglingtree.htb,Microsoft-Windows-WinRM,Microsoft-Windows-WinRM/Operational,3250,4,,,,,Enumeration,,http://schemas.microsoft.com/wbem/wsman/1/config/listener
2026-08-04T16:03:50.535311Z,132,dc.danglingtree.htb,Microsoft-Windows-WinRM,Microsoft-Windows-WinRM/Operational,3251,4,,,,,Enumeration,,
2026-08-04T16:03:53.952659Z,145,dc.danglingtree.htb,Microsoft-Windows-WinRM,Microsoft-Windows-WinRM/Operational,3252,4,,,,,Enumeration,,http://schemas.microsoft.com/wbem/wsman/1/windows/shell
2026-08-04T16:03:56.309488Z,132,dc.danglingtree.htb,Microsoft-Windows-WinRM,Microsoft-Windows-WinRM/Operational,3253,4,,,,,Enumeration,,
2026-08-04T16:08:05.762535Z,211,dc.danglingtree.htb,Microsoft-Windows-WinRM,Microsoft-Windows-WinRM/Operational,3254,4,,,,,,,
2026-08-04T16:08:06.663324Z,212,dc.danglingtree.htb,Microsoft-Windows-WinRM,Microsoft-Windows-WinRM/Operational,3255,4,,,,,,,
2026-08-05T02:49:15.108771Z,208,dc.danglingtree.htb,Microsoft-Windows-WinRM,Microsoft-Windows-WinRM/Operational,3256,4,,,,,,,
2026-08-05T02:49:17.182912Z,209,dc.danglingtree.htb,Microsoft-Windows-WinRM,Microsoft-Windows-WinRM/Operational,3257,4,,,,,,,
2026-08-05T02:49:45.793991Z,145,dc.danglingtree.htb,Microsoft-Windows-WinRM,Microsoft-Windows-WinRM/Operational,3258,4,,,,,Enumeration,,http://schemas.microsoft.com/wbem/wsman/1/config/listener
2026-08-05T02:49:48.965268Z,132,dc.danglingtree.htb,Microsoft-Windows-WinRM,Microsoft-Windows-WinRM/Operational,3259,4,,,,,Enumeration,,
2026-08-05T02:49:51.302568Z,145,dc.danglingtree.htb,Microsoft-Windows-WinRM,Microsoft-Windows-WinRM/Operational,3260,4,,,,,Enumeration,,http://schemas.microsoft.com/wbem/wsman/1/windows/shell
2026-08-05T02:49:52.478506Z,132,dc.danglingtree.htb,Microsoft-Windows-WinRM,Microsoft-Windows-WinRM/Operational,3261,4,,,,,Enumeration,,
2026-08-05T02:55:17.895112Z,145,dc.danglingtree.htb,Microsoft-Windows-WinRM,Microsoft-Windows-WinRM/Operational,3262,4,,,,,Enumeration,,http://schemas.microsoft.com/wbem/wsman/1/windows/shell
2026-08-05T02:55:17.915120Z,132,dc.danglingtree.htb,Microsoft-Windows-WinRM,Microsoft-Windows-WinRM/Operational,3263,4,,,,,Enumeration,,
2026-08-05T03:12:29.764329Z,211,dc.danglingtree.htb,Microsoft-Windows-WinRM,Microsoft-Windows-WinRM/Operational,3264,4,,,,,,,
2026-08-05T03:12:30.632060Z,212,dc.danglingtree.htb,Microsoft-Windows-WinRM,Microsoft-Windows-WinRM/Operational,3265,4,,,,,,,
2026-08-05T03:13:21.184914Z,208,dc.danglingtree.htb,Microsoft-Windows-WinRM,Microsoft-Windows-WinRM/Operational,3266,4,,,,,,,
2026-08-05T03:13:23.603407Z,209,dc.danglingtree.htb,Microsoft-Windows-WinRM,Microsoft-Windows-WinRM/Operational,3267,4,,,,,,,
2026-08-05T03:13:55.646557Z,145,dc.danglingtree.htb,Microsoft-Windows-WinRM,Microsoft-Windows-WinRM/Operational,3268,4,,,,,Enumeration,,http://schemas.microsoft.com/wbem/wsman/1/config/listener
2026-08-05T03:13:58.677023Z,132,dc.danglingtree.htb,Microsoft-Windows-WinRM,Microsoft-Windows-WinRM/Operational,3269,4,,,,,Enumeration,,
2026-08-05T03:14:01.660750Z,145,dc.danglingtree.htb,Microsoft-Windows-WinRM,Microsoft-Windows-WinRM/Operational,3270,4,,,,,Enumeration,,http://schemas.microsoft.com/wbem/wsman/1/windows/shell
2026-08-05T03:14:02.705828Z,132,dc.danglingtree.htb,Microsoft-Windows-WinRM,Microsoft-Windows-WinRM/Operational,3271,4,,,,,Enumeration,,
2026-08-05T03:22:52.765917Z,145,dc.danglingtree.htb,Microsoft-Windows-WinRM,Microsoft-Windows-WinRM/Operational,3272,4,,,,,Enumeration,,http://schemas.microsoft.com/wbem/wsman/1/config/listener
2026-08-05T03:22:53.564806Z,132,dc.danglingtree.htb,Microsoft-Windows-WinRM,Microsoft-Windows-WinRM/Operational,3273,4,,,,,Enumeration,,
2026-08-05T03:22:54.666959Z,145,dc.danglingtree.htb,Microsoft-Windows-WinRM,Microsoft-Windows-WinRM/Operational,3274,4,,,,,Enumeration,,http://schemas.microsoft.com/wbem/wsman/1/windows/shell
2026-08-05T03:22:54.698100Z,132,dc.danglingtree.htb,Microsoft-Windows-WinRM,Microsoft-Windows-WinRM/Operational,3275,4,,,,,Enumeration,,
2026-08-05T03:22:56.038244Z,145,dc.danglingtree.htb,Microsoft-Windows-WinRM,Microsoft-Windows-WinRM/Operational,3276,4,,,,,Enumeration,,http://schemas.microsoft.com/wbem/wsman/1/windows/shell
2026-08-05T03:22:56.067409Z,132,dc.danglingtree.htb,Microsoft-Windows-WinRM,Microsoft-Windows-WinRM/Operational,3277,4,,,,,Enumeration,,
2026-08-05T03:23:38.831156Z,211,dc.danglingtree.htb,Microsoft-Windows-WinRM,Microsoft-Windows-WinRM/Operational,3278,4,,,,,,,
2026-08-05T03:23:39.826400Z,212,dc.danglingtree.htb,Microsoft-Windows-WinRM,Microsoft-Windows-WinRM/Operational,3279,4,,,,,,,
2026-08-05T03:24:51.516537Z,208,dc.danglingtree.htb,Microsoft-Windows-WinRM,Microsoft-Windows-WinRM/Operational,3280,4,,,,,,,
2026-08-05T03:24:53.724030Z,209,dc.danglingtree.htb,Microsoft-Windows-WinRM,Microsoft-Windows-WinRM/Operational,3281,4,,,,,,,
2026-08-05T03:25:21.824541Z,145,dc.danglingtree.htb,Microsoft-Windows-WinRM,Microsoft-Windows-WinRM/Operational,3282,4,,,,,Enumeration,,http://schemas.microsoft.com/wbem/wsman/1/config/listener
2026-08-05T03:25:24.672290Z,132,dc.danglingtree.htb,Microsoft-Windows-WinRM,Microsoft-Windows-WinRM/Operational,3283,4,,,,,Enumeration,,
2026-08-05T03:25:28.278103Z,145,dc.danglingtree.htb,Microsoft-Windows-WinRM,Microsoft-Windows-WinRM/Operational,3284,4,,,,,Enumeration,,http://schemas.microsoft.com/wbem/wsman/1/windows/shell
2026-08-05T03:25:30.352830Z,132,dc.danglingtree.htb,Microsoft-Windows-WinRM,Microsoft-Windows-WinRM/Operational,3285,4,,,,,Enumeration,,
2026-08-05T03:31:22.055517Z,145,dc.danglingtree.htb,Microsoft-Windows-WinRM,Microsoft-Windows-WinRM/Operational,3286,4,,,,,Enumeration,,http://schemas.microsoft.com/wbem/wsman/1/config/listener
2026-08-05T03:31:22.639671Z,132,dc.danglingtree.htb,Microsoft-Windows-WinRM,Microsoft-Windows-WinRM/Operational,3287,4,,,,,Enumeration,,
2026-08-05T03:31:23.553690Z,145,dc.danglingtree.htb,Microsoft-Windows-WinRM,Microsoft-Windows-WinRM/Operational,3288,4,,,,,Enumeration,,http://schemas.microsoft.com/wbem/wsman/1/windows/shell
2026-08-05T03:31:23.653614Z,132,dc.danglingtree.htb,Microsoft-Windows-WinRM,Microsoft-Windows-WinRM/Operational,3289,4,,,,,Enumeration,,
2026-08-05T03:31:24.451928Z,145,dc.danglingtree.htb,Microsoft-Windows-WinRM,Microsoft-Windows-WinRM/Operational,3290,4,,,,,Enumeration,,http://schemas.microsoft.com/wbem/wsman/1/windows/shell
2026-08-05T03:31:24.463026Z,132,dc.danglingtree.htb,Microsoft-Windows-WinRM,Microsoft-Windows-WinRM/Operational,3291,4,,,,,Enumeration,,
2026-08-05T03:46:14.627093Z,145,dc.danglingtree.htb,Microsoft-Windows-WinRM,Microsoft-Windows-WinRM/Operational,3292,4,,,,,Enumeration,,http://schemas.microsoft.com/wbem/wsman/1/config/listener
2026-08-05T03:46:14.682418Z,132,dc.danglingtree.htb,Microsoft-Windows-WinRM,Microsoft-Windows-WinRM/Operational,3293,4,,,,,Enumeration,,
2026-08-05T03:46:15.199190Z,145,dc.danglingtree.htb,Microsoft-Windows-WinRM,Microsoft-Windows-WinRM/Operational,3294,4,,,,,Enumeration,,http://schemas.microsoft.com/wbem/wsman/1/windows/shell
2026-08-05T03:46:15.210935Z,132,dc.danglingtree.htb,Microsoft-Windows-WinRM,Microsoft-Windows-WinRM/Operational,3295,4,,,,,Enumeration,,
2026-08-05T04:04:17.585204Z,145,dc.danglingtree.htb,Microsoft-Windows-WinRM,Microsoft-Windows-WinRM/Operational,3296,4,,,,,Enumeration,,http://schemas.microsoft.com/wbem/wsman/1/config/listener
2026-08-05T04:04:17.683991Z,132,dc.danglingtree.htb,Microsoft-Windows-WinRM,Microsoft-Windows-WinRM/Operational,3297,4,,,,,Enumeration,,
2026-08-05T04:04:17.852368Z,145,dc.danglingtree.htb,Microsoft-Windows-WinRM,Microsoft-Windows-WinRM/Operational,3298,4,,,,,Enumeration,,http://schemas.microsoft.com/wbem/wsman/1/windows/shell
2026-08-05T04:04:17.862997Z,132,dc.danglingtree.htb,Microsoft-Windows-WinRM,Microsoft-Windows-WinRM/Operational,3299,4,,,,,Enumeration,,
2026-08-05T04:06:43.502068Z,145,dc.danglingtree.htb,Microsoft-Windows-WinRM,Microsoft-Windows-WinRM/Operational,3300,4,,,,,Enumeration,,http://schemas.microsoft.com/wbem/wsman/1/config/listener
2026-08-05T04:06:43.960602Z,132,dc.danglingtree.htb,Microsoft-Windows-WinRM,Microsoft-Windows-WinRM/Operational,3301,4,,,,,Enumeration,,
2026-08-05T04:06:45.245981Z,145,dc.danglingtree.htb,Microsoft-Windows-WinRM,Microsoft-Windows-WinRM/Operational,3302,4,,,,,Enumeration,,http://schemas.microsoft.com/wbem/wsman/1/windows/shell
2026-08-05T04:06:45.517841Z,132,dc.danglingtree.htb,Microsoft-Windows-WinRM,Microsoft-Windows-WinRM/Operational,3303,4,,,,,Enumeration,,
2026-08-05T04:12:04.239995Z,145,dc.danglingtree.htb,Microsoft-Windows-WinRM,Microsoft-Windows-WinRM/Operational,3304,4,,,,,Enumeration,,http://schemas.microsoft.com/wbem/wsman/1/config/listener
2026-08-05T04:12:04.643858Z,132,dc.danglingtree.htb,Microsoft-Windows-WinRM,Microsoft-Windows-WinRM/Operational,3305,4,,,,,Enumeration,,
2026-08-05T04:12:05.149175Z,145,dc.danglingtree.htb,Microsoft-Windows-WinRM,Microsoft-Windows-WinRM/Operational,3306,4,,,,,Enumeration,,http://schemas.microsoft.com/wbem/wsman/1/windows/shell
2026-08-05T04:12:05.164208Z,132,dc.danglingtree.htb,Microsoft-Windows-WinRM,Microsoft-Windows-WinRM/Operational,3307,4,,,,,Enumeration,,
2026-08-05T04:14:38.803411Z,145,dc.danglingtree.htb,Microsoft-Windows-WinRM,Microsoft-Windows-WinRM/Operational,3308,4,,,,,Enumeration,,http://schemas.microsoft.com/wbem/wsman/1/config/listener
2026-08-05T04:14:38.878579Z,132,dc.danglingtree.htb,Microsoft-Windows-WinRM,Microsoft-Windows-WinRM/Operational,3309,4,,,,,Enumeration,,
2026-08-05T04:14:39.021704Z,145,dc.danglingtree.htb,Microsoft-Windows-WinRM,Microsoft-Windows-WinRM/Operational,3310,4,,,,,Enumeration,,http://schemas.microsoft.com/wbem/wsman/1/windows/shell
2026-08-05T04:14:39.031027Z,132,dc.danglingtree.htb,Microsoft-Windows-WinRM,Microsoft-Windows-WinRM/Operational,3311,4,,,,,Enumeration,,
2026-08-05T04:26:45.298014Z,145,dc.danglingtree.htb,Microsoft-Windows-WinRM,Microsoft-Windows-WinRM/Operational,3312,4,,,,,Enumeration,,http://schemas.microsoft.com/wbem/wsman/1/config/listener
2026-08-05T04:26:45.375205Z,132,dc.danglingtree.htb,Microsoft-Windows-WinRM,Microsoft-Windows-WinRM/Operational,3313,4,,,,,Enumeration,,
2026-08-05T04:26:45.464601Z,145,dc.danglingtree.htb,Microsoft-Windows-WinRM,Microsoft-Windows-WinRM/Operational,3314,4,,,,,Enumeration,,http://schemas.microsoft.com/wbem/wsman/1/windows/shell
2026-08-05T04:26:45.470021Z,132,dc.danglingtree.htb,Microsoft-Windows-WinRM,Microsoft-Windows-WinRM/Operational,3315,4,,,,,Enumeration,,
2026-08-05T04:46:47.911847Z,145,dc.danglingtree.htb,Microsoft-Windows-WinRM,Microsoft-Windows-WinRM/Operational,3316,4,,,,,Enumeration,,http://schemas.microsoft.com/wbem/wsman/1/config/listener
2026-08-05T04:46:47.967383Z,132,dc.danglingtree.htb,Microsoft-Windows-WinRM,Microsoft-Windows-WinRM/Operational,3317,4,,,,,Enumeration,,
2026-08-05T04:46:48.092490Z,145,dc.danglingtree.htb,Microsoft-Windows-WinRM,Microsoft-Windows-WinRM/Operational,3318,4,,,,,Enumeration,,http://schemas.microsoft.com/wbem/wsman/1/windows/shell
2026-08-05T04:46:48.102483Z,132,dc.danglingtree.htb,Microsoft-Windows-WinRM,Microsoft-Windows-WinRM/Operational,3319,4,,,,,Enumeration,,
2026-08-05T04:56:27.635314Z,211,dc.danglingtree.htb,Microsoft-Windows-WinRM,Microsoft-Windows-WinRM/Operational,3320,4,,,,,,,
2026-08-05T04:56:28.273478Z,212,dc.danglingtree.htb,Microsoft-Windows-WinRM,Microsoft-Windows-WinRM/Operational,3321,4,,,,,,,
2026-08-05T05:28:14.572401Z,208,dc.danglingtree.htb,Microsoft-Windows-WinRM,Microsoft-Windows-WinRM/Operational,3322,4,,,,,,,
2026-08-05T05:28:17.284143Z,209,dc.danglingtree.htb,Microsoft-Windows-WinRM,Microsoft-Windows-WinRM/Operational,3323,4,,,,,,,
2026-08-05T05:28:47.697754Z,145,dc.danglingtree.htb,Microsoft-Windows-WinRM,Microsoft-Windows-WinRM/Operational,3324,4,,,,,Enumeration,,http://schemas.microsoft.com/wbem/wsman/1/config/listener
2026-08-05T05:28:50.420991Z,132,dc.danglingtree.htb,Microsoft-Windows-WinRM,Microsoft-Windows-WinRM/Operational,3325,4,,,,,Enumeration,,
2026-08-05T05:28:56.026157Z,145,dc.danglingtree.htb,Microsoft-Windows-WinRM,Microsoft-Windows-WinRM/Operational,3326,4,,,,,Enumeration,,http://schemas.microsoft.com/wbem/wsman/1/windows/shell
2026-08-05T05:28:59.277851Z,132,dc.danglingtree.htb,Microsoft-Windows-WinRM,Microsoft-Windows-WinRM/Operational,3327,4,,,,,Enumeration,,
2026-08-05T05:32:59.803466Z,145,dc.danglingtree.htb,Microsoft-Windows-WinRM,Microsoft-Windows-WinRM/Operational,3328,4,,,,,Enumeration,,http://schemas.microsoft.com/wbem/wsman/1/windows/shell
2026-08-05T05:32:59.816156Z,132,dc.danglingtree.htb,Microsoft-Windows-WinRM,Microsoft-Windows-WinRM/Operational,3329,4,,,,,Enumeration,,
2026-08-05T05:34:36.234634Z,211,dc.danglingtree.htb,Microsoft-Windows-WinRM,Microsoft-Windows-WinRM/Operational,3330,4,,,,,,,
2026-08-05T05:34:36.848724Z,212,dc.danglingtree.htb,Microsoft-Windows-WinRM,Microsoft-Windows-WinRM/Operational,3331,4,,,,,,,
2026-08-05T05:42:56.655448Z,208,dc.danglingtree.htb,Microsoft-Windows-WinRM,Microsoft-Windows-WinRM/Operational,3332,4,,,,,,,
2026-08-05T05:42:58.079723Z,209,dc.danglingtree.htb,Microsoft-Windows-WinRM,Microsoft-Windows-WinRM/Operational,3333,4,,,,,,,
2026-08-05T05:43:26.492463Z,145,dc.danglingtree.htb,Microsoft-Windows-WinRM,Microsoft-Windows-WinRM/Operational,3334,4,,,,,Enumeration,,http://schemas.microsoft.com/wbem/wsman/1/config/listener
2026-08-05T05:43:28.429576Z,132,dc.danglingtree.htb,Microsoft-Windows-WinRM,Microsoft-Windows-WinRM/Operational,3335,4,,,,,Enumeration,,
2026-08-05T05:43:31.081459Z,145,dc.danglingtree.htb,Microsoft-Windows-WinRM,Microsoft-Windows-WinRM/Operational,3336,4,,,,,Enumeration,,http://schemas.microsoft.com/wbem/wsman/1/windows/shell
2026-08-05T05:43:32.983428Z,132,dc.danglingtree.htb,Microsoft-Windows-WinRM,Microsoft-Windows-WinRM/Operational,3337,4,,,,,Enumeration,,
2026-08-05T05:45:50.664585Z,211,dc.danglingtree.htb,Microsoft-Windows-WinRM,Microsoft-Windows-WinRM/Operational,3338,4,,,,,,,
2026-08-05T05:45:51.612111Z,212,dc.danglingtree.htb,Microsoft-Windows-WinRM,Microsoft-Windows-WinRM/Operational,3339,4,,,,,,,
2026-08-06T15:17:38.589681Z,208,dc.danglingtree.htb,Microsoft-Windows-WinRM,Microsoft-Windows-WinRM/Operational,3340,4,,,,,,,
2026-08-06T15:17:40.053995Z,209,dc.danglingtree.htb,Microsoft-Windows-WinRM,Microsoft-Windows-WinRM/Operational,3341,4,,,,,,,
2026-08-06T15:18:12.559624Z,145,dc.danglingtree.htb,Microsoft-Windows-WinRM,Microsoft-Windows-WinRM/Operational,3342,4,,,,,Enumeration,,http://schemas.microsoft.com/wbem/wsman/1/config/listener
2026-08-06T15:18:15.432196Z,132,dc.danglingtree.htb,Microsoft-Windows-WinRM,Microsoft-Windows-WinRM/Operational,3343,4,,,,,Enumeration,,
2026-08-06T15:18:17.977953Z,145,dc.danglingtree.htb,Microsoft-Windows-WinRM,Microsoft-Windows-WinRM/Operational,3344,4,,,,,Enumeration,,http://schemas.microsoft.com/wbem/wsman/1/windows/shell
2026-08-06T15:18:19.505523Z,132,dc.danglingtree.htb,Microsoft-Windows-WinRM,Microsoft-Windows-WinRM/Operational,3345,4,,,,,Enumeration,,
2026-08-06T15:22:09.559399Z,145,dc.danglingtree.htb,Microsoft-Windows-WinRM,Microsoft-Windows-WinRM/Operational,3346,4,,,,,Enumeration,,http://schemas.microsoft.com/wbem/wsman/1/windows/shell
2026-08-06T15:22:09.574330Z,132,dc.danglingtree.htb,Microsoft-Windows-WinRM,Microsoft-Windows-WinRM/Operational,3347,4,,,,,Enumeration,,
2026-08-06T15:37:19.248108Z,145,dc.danglingtree.htb,Microsoft-Windows-WinRM,Microsoft-Windows-WinRM/Operational,3348,4,,,,,Enumeration,,http://schemas.microsoft.com/wbem/wsman/1/config/listener
2026-08-06T15:37:19.682019Z,132,dc.danglingtree.htb,Microsoft-Windows-WinRM,Microsoft-Windows-WinRM/Operational,3349,4,,,,,Enumeration,,
2026-08-06T15:37:20.145219Z,145,dc.danglingtree.htb,Microsoft-Windows-WinRM,Microsoft-Windows-WinRM/Operational,3350,4,,,,,Enumeration,,http://schemas.microsoft.com/wbem/wsman/1/windows/shell
2026-08-06T15:37:20.196533Z,132,dc.danglingtree.htb,Microsoft-Windows-WinRM,Microsoft-Windows-WinRM/Operational,3351,4,,,,,Enumeration,,
2026-08-06T15:57:21.313801Z,145,dc.danglingtree.htb,Microsoft-Windows-WinRM,Microsoft-Windows-WinRM/Operational,3352,4,,,,,Enumeration,,http://schemas.microsoft.com/wbem/wsman/1/config/listener
2026-08-06T15:57:22.263877Z,132,dc.danglingtree.htb,Microsoft-Windows-WinRM,Microsoft-Windows-WinRM/Operational,3353,4,,,,,Enumeration,,
2026-08-06T15:57:23.048217Z,145,dc.danglingtree.htb,Microsoft-Windows-WinRM,Microsoft-Windows-WinRM/Operational,3354,4,,,,,Enumeration,,http://schemas.microsoft.com/wbem/wsman/1/windows/shell
2026-08-06T15:57:23.062426Z,132,dc.danglingtree.htb,Microsoft-Windows-WinRM,Microsoft-Windows-WinRM/Operational,3355,4,,,,,Enumeration,,
2026-08-06T16:13:07.272095Z,211,dc.danglingtree.htb,Microsoft-Windows-WinRM,Microsoft-Windows-WinRM/Operational,3356,4,,,,,,,
2026-08-06T16:13:08.009244Z,212,dc.danglingtree.htb,Microsoft-Windows-WinRM,Microsoft-Windows-WinRM/Operational,3357,4,,,,,,,
2026-08-11T09:49:46.190065Z,208,dc.danglingtree.htb,Microsoft-Windows-WinRM,Microsoft-Windows-WinRM/Operational,3358,4,,,,,,,
2026-08-11T09:49:48.591451Z,209,dc.danglingtree.htb,Microsoft-Windows-WinRM,Microsoft-Windows-WinRM/Operational,3359,4,,,,,,,
2026-08-11T09:50:16.182130Z,145,dc.danglingtree.htb,Microsoft-Windows-WinRM,Microsoft-Windows-WinRM/Operational,3360,4,,,,,Enumeration,,http://schemas.microsoft.com/wbem/wsman/1/config/listener
2026-08-11T09:50:17.411631Z,132,dc.danglingtree.htb,Microsoft-Windows-WinRM,Microsoft-Windows-WinRM/Operational,3361,4,,,,,Enumeration,,
2026-08-11T09:50:18.178974Z,145,dc.danglingtree.htb,Microsoft-Windows-WinRM,Microsoft-Windows-WinRM/Operational,3362,4,,,,,Enumeration,,http://schemas.microsoft.com/wbem/wsman/1/windows/shell
2026-08-11T09:50:18.190187Z,132,dc.danglingtree.htb,Microsoft-Windows-WinRM,Microsoft-Windows-WinRM/Operational,3363,4,,,,,Enumeration,,
2026-08-11T09:52:32.137011Z,145,dc.danglingtree.htb,Microsoft-Windows-WinRM,Microsoft-Windows-WinRM/Operational,3364,4,,,,,Enumeration,,http://schemas.microsoft.com/wbem/wsman/1/windows/shell
2026-08-11T09:52:32.146021Z,132,dc.danglingtree.htb,Microsoft-Windows-WinRM,Microsoft-Windows-WinRM/Operational,3365,4,,,,,Enumeration,,
2026-08-11T10:07:38.454170Z,145,dc.danglingtree.htb,Microsoft-Windows-WinRM,Microsoft-Windows-WinRM/Operational,3366,4,,,,,Enumeration,,http://schemas.microsoft.com/wbem/wsman/1/config/listener
