2026-06-08T16:26:32.529499Z,32,dc.danglingtree.htb,Microsoft-Windows-TerminalServices-LocalSessionManager,Microsoft-Windows-TerminalServices-LocalSessionManager/Operational,583,4,,,,,,,,,,,,,Event_NS,RDSAppXPlugin
2026-06-08T16:27:39.767154Z,59,dc.danglingtree.htb,Microsoft-Windows-TerminalServices-LocalSessionManager,Microsoft-Windows-TerminalServices-LocalSessionManager/Operational,584,4,,"""LogonUI.exe"" /flags:0x2 /state0:0xa3bd2055 /state1:0x41c64e6d",580,RpcGetCurrentSessionCapabilities,,,,,1,,,,Event_NS,
2026-06-08T16:27:39.787047Z,59,dc.danglingtree.htb,Microsoft-Windows-TerminalServices-LocalSessionManager,Microsoft-Windows-TerminalServices-LocalSessionManager/Operational,585,4,,"""LogonUI.exe"" /flags:0x2 /state0:0xa3bd2055 /state1:0x41c64e6d",580,RpcGetCurrentSessionCapabilities,,,,,1,,,,Event_NS,
2026-06-08T16:27:39.879648Z,59,dc.danglingtree.htb,Microsoft-Windows-TerminalServices-LocalSessionManager,Microsoft-Windows-TerminalServices-LocalSessionManager/Operational,586,4,,"""LogonUI.exe"" /flags:0x2 /state0:0xa3bd2055 /state1:0x41c64e6d",580,RpcGetCurrentSessionCapabilities,,,,,1,,,,Event_NS,
2026-06-08T16:27:40.203032Z,41,dc.danglingtree.htb,Microsoft-Windows-TerminalServices-LocalSessionManager,Microsoft-Windows-TerminalServices-LocalSessionManager/Operational,587,4,,,,,,,,1,,,,DANGLINGTREE\administrator,Event_NS,
2026-06-08T16:27:40.555456Z,42,dc.danglingtree.htb,Microsoft-Windows-TerminalServices-LocalSessionManager,Microsoft-Windows-TerminalServices-LocalSessionManager/Operational,588,4,,,,,,,,1,,,,DANGLINGTREE\administrator,Event_NS,
2026-06-08T16:27:41.136482Z,59,dc.danglingtree.htb,Microsoft-Windows-TerminalServices-LocalSessionManager,Microsoft-Windows-TerminalServices-LocalSessionManager/Operational,589,4,,C:\WINDOWS\system32\svchost.exe -k netsvcs -s CertPropSvc,2080,RpcGetCurrentSessionCapabilities,,,,,0,,,,Event_NS,
2026-06-08T16:27:41.139206Z,59,dc.danglingtree.htb,Microsoft-Windows-TerminalServices-LocalSessionManager,Microsoft-Windows-TerminalServices-LocalSessionManager/Operational,590,4,,C:\WINDOWS\system32\svchost.exe -k netsvcs -s CertPropSvc,2080,RpcGetCurrentSessionCapabilities,,,,,0,,,,Event_NS,
2026-06-08T16:27:41.142162Z,59,dc.danglingtree.htb,Microsoft-Windows-TerminalServices-LocalSessionManager,Microsoft-Windows-TerminalServices-LocalSessionManager/Operational,591,4,,C:\WINDOWS\system32\svchost.exe -k netsvcs -s CertPropSvc,2080,RpcGetCurrentSessionCapabilities,,,,,0,,,,Event_NS,
2026-06-08T16:27:41.430293Z,21,dc.danglingtree.htb,Microsoft-Windows-TerminalServices-LocalSessionManager,Microsoft-Windows-TerminalServices-LocalSessionManager/Operational,592,4,LOCAL,,,,,,,1,,,,DANGLINGTREE\administrator,Event_NS,
2026-06-08T16:27:42.414407Z,22,dc.danglingtree.htb,Microsoft-Windows-TerminalServices-LocalSessionManager,Microsoft-Windows-TerminalServices-LocalSessionManager/Operational,593,4,LOCAL,,,,,,,1,,,,DANGLINGTREE\administrator,Event_NS,
2026-06-08T17:28:54.437087Z,23,dc.danglingtree.htb,Microsoft-Windows-TerminalServices-LocalSessionManager,Microsoft-Windows-TerminalServices-LocalSessionManager/Operational,594,4,,,,,,,,1,,,,DANGLINGTREE\administrator,Event_NS,
2026-06-08T17:28:54.682633Z,54,dc.danglingtree.htb,Microsoft-Windows-TerminalServices-LocalSessionManager,Microsoft-Windows-TerminalServices-LocalSessionManager/Operational,595,4,,,,,,,,,,,,,,
2026-08-03T16:39:53.020949Z,32,dc.danglingtree.htb,Microsoft-Windows-TerminalServices-LocalSessionManager,Microsoft-Windows-TerminalServices-LocalSessionManager/Operational,596,4,,,,,,,,,,,,,Event_NS,RDSAppXPlugin
2026-08-03T16:40:37.315626Z,59,dc.danglingtree.htb,Microsoft-Windows-TerminalServices-LocalSessionManager,Microsoft-Windows-TerminalServices-LocalSessionManager/Operational,597,4,,"""LogonUI.exe"" /flags:0x2 /state0:0xa3bd2055 /state1:0x41c64e6d",888,RpcGetCurrentSessionCapabilities,,,,,1,,,,Event_NS,
2026-08-03T16:40:37.326707Z,59,dc.danglingtree.htb,Microsoft-Windows-TerminalServices-LocalSessionManager,Microsoft-Windows-TerminalServices-LocalSessionManager/Operational,598,4,,"""LogonUI.exe"" /flags:0x2 /state0:0xa3bd2055 /state1:0x41c64e6d",888,RpcGetCurrentSessionCapabilities,,,,,1,,,,Event_NS,
2026-08-03T16:40:37.795676Z,59,dc.danglingtree.htb,Microsoft-Windows-TerminalServices-LocalSessionManager,Microsoft-Windows-TerminalServices-LocalSessionManager/Operational,599,4,,"""LogonUI.exe"" /flags:0x2 /state0:0xa3bd2055 /state1:0x41c64e6d",888,RpcGetCurrentSessionCapabilities,,,,,1,,,,Event_NS,
2026-08-03T16:40:38.267599Z,41,dc.danglingtree.htb,Microsoft-Windows-TerminalServices-LocalSessionManager,Microsoft-Windows-TerminalServices-LocalSessionManager/Operational,600,4,,,,,,,,1,,,,DANGLINGTREE\administrator,Event_NS,
2026-08-03T16:40:38.609995Z,42,dc.danglingtree.htb,Microsoft-Windows-TerminalServices-LocalSessionManager,Microsoft-Windows-TerminalServices-LocalSessionManager/Operational,601,4,,,,,,,,1,,,,DANGLINGTREE\administrator,Event_NS,
2026-08-03T16:40:39.126662Z,59,dc.danglingtree.htb,Microsoft-Windows-TerminalServices-LocalSessionManager,Microsoft-Windows-TerminalServices-LocalSessionManager/Operational,602,4,,C:\WINDOWS\system32\svchost.exe -k netsvcs -s CertPropSvc,2124,RpcGetCurrentSessionCapabilities,,,,,0,,,,Event_NS,
2026-08-03T16:40:39.145847Z,59,dc.danglingtree.htb,Microsoft-Windows-TerminalServices-LocalSessionManager,Microsoft-Windows-TerminalServices-LocalSessionManager/Operational,603,4,,C:\WINDOWS\system32\svchost.exe -k netsvcs -s CertPropSvc,2124,RpcGetCurrentSessionCapabilities,,,,,0,,,,Event_NS,
2026-08-03T16:40:39.145967Z,59,dc.danglingtree.htb,Microsoft-Windows-TerminalServices-LocalSessionManager,Microsoft-Windows-TerminalServices-LocalSessionManager/Operational,604,4,,C:\WINDOWS\system32\svchost.exe -k netsvcs -s CertPropSvc,2124,RpcGetCurrentSessionCapabilities,,,,,0,,,,Event_NS,
2026-08-03T16:40:40.098036Z,21,dc.danglingtree.htb,Microsoft-Windows-TerminalServices-LocalSessionManager,Microsoft-Windows-TerminalServices-LocalSessionManager/Operational,605,4,LOCAL,,,,,,,1,,,,DANGLINGTREE\administrator,Event_NS,
2026-08-03T16:40:41.965549Z,22,dc.danglingtree.htb,Microsoft-Windows-TerminalServices-LocalSessionManager,Microsoft-Windows-TerminalServices-LocalSessionManager/Operational,606,4,LOCAL,,,,,,,1,,,,DANGLINGTREE\administrator,Event_NS,
2026-08-03T18:22:05.117466Z,54,dc.danglingtree.htb,Microsoft-Windows-TerminalServices-LocalSessionManager,Microsoft-Windows-TerminalServices-LocalSessionManager/Operational,607,4,,,,,,,,,,,,,,
2026-08-03T18:22:07.625046Z,23,dc.danglingtree.htb,Microsoft-Windows-TerminalServices-LocalSessionManager,Microsoft-Windows-TerminalServices-LocalSessionManager/Operational,608,4,,,,,,,,1,,,,DANGLINGTREE\administrator,Event_NS,
2026-08-04T16:03:05.504399Z,32,dc.danglingtree.htb,Microsoft-Windows-TerminalServices-LocalSessionManager,Microsoft-Windows-TerminalServices-LocalSessionManager/Operational,609,4,,,,,,,,,,,,,Event_NS,RDSAppXPlugin
2026-08-04T16:04:08.014457Z,59,dc.danglingtree.htb,Microsoft-Windows-TerminalServices-LocalSessionManager,Microsoft-Windows-TerminalServices-LocalSessionManager/Operational,610,4,,"""LogonUI.exe"" /flags:0x2 /state0:0xa3b1c055 /state1:0x41c64e6d",1176,RpcGetCurrentSessionCapabilities,,,,,1,,,,Event_NS,
2026-08-04T16:04:08.370635Z,59,dc.danglingtree.htb,Microsoft-Windows-TerminalServices-LocalSessionManager,Microsoft-Windows-TerminalServices-LocalSessionManager/Operational,611,4,,"""LogonUI.exe"" /flags:0x2 /state0:0xa3b1c055 /state1:0x41c64e6d",1176,RpcGetCurrentSessionCapabilities,,,,,1,,,,Event_NS,
2026-08-04T16:04:08.510496Z,59,dc.danglingtree.htb,Microsoft-Windows-TerminalServices-LocalSessionManager,Microsoft-Windows-TerminalServices-LocalSessionManager/Operational,612,4,,"""LogonUI.exe"" /flags:0x2 /state0:0xa3b1c055 /state1:0x41c64e6d",1176,RpcGetCurrentSessionCapabilities,,,,,1,,,,Event_NS,
2026-08-04T16:04:09.414365Z,41,dc.danglingtree.htb,Microsoft-Windows-TerminalServices-LocalSessionManager,Microsoft-Windows-TerminalServices-LocalSessionManager/Operational,613,4,,,,,,,,1,,,,DANGLINGTREE\administrator,Event_NS,
2026-08-04T16:04:09.489701Z,42,dc.danglingtree.htb,Microsoft-Windows-TerminalServices-LocalSessionManager,Microsoft-Windows-TerminalServices-LocalSessionManager/Operational,614,4,,,,,,,,1,,,,DANGLINGTREE\administrator,Event_NS,
2026-08-04T16:04:10.559704Z,59,dc.danglingtree.htb,Microsoft-Windows-TerminalServices-LocalSessionManager,Microsoft-Windows-TerminalServices-LocalSessionManager/Operational,615,4,,C:\WINDOWS\system32\svchost.exe -k netsvcs -s CertPropSvc,1408,RpcGetCurrentSessionCapabilities,,,,,0,,,,Event_NS,
2026-08-04T16:04:10.563433Z,59,dc.danglingtree.htb,Microsoft-Windows-TerminalServices-LocalSessionManager,Microsoft-Windows-TerminalServices-LocalSessionManager/Operational,616,4,,C:\WINDOWS\system32\svchost.exe -k netsvcs -s CertPropSvc,1408,RpcGetCurrentSessionCapabilities,,,,,0,,,,Event_NS,
2026-08-04T16:04:10.576810Z,21,dc.danglingtree.htb,Microsoft-Windows-TerminalServices-LocalSessionManager,Microsoft-Windows-TerminalServices-LocalSessionManager/Operational,617,4,LOCAL,,,,,,,1,,,,DANGLINGTREE\administrator,Event_NS,
2026-08-04T16:04:10.587305Z,59,dc.danglingtree.htb,Microsoft-Windows-TerminalServices-LocalSessionManager,Microsoft-Windows-TerminalServices-LocalSessionManager/Operational,618,4,,C:\WINDOWS\system32\svchost.exe -k netsvcs -s CertPropSvc,1408,RpcGetCurrentSessionCapabilities,,,,,0,,,,Event_NS,
2026-08-04T16:04:12.429057Z,22,dc.danglingtree.htb,Microsoft-Windows-TerminalServices-LocalSessionManager,Microsoft-Windows-TerminalServices-LocalSessionManager/Operational,619,4,LOCAL,,,,,,,1,,,,DANGLINGTREE\administrator,Event_NS,
2026-08-04T16:07:57.086232Z,54,dc.danglingtree.htb,Microsoft-Windows-TerminalServices-LocalSessionManager,Microsoft-Windows-TerminalServices-LocalSessionManager/Operational,620,4,,,,,,,,,,,,,,
2026-08-04T16:08:02.377977Z,23,dc.danglingtree.htb,Microsoft-Windows-TerminalServices-LocalSessionManager,Microsoft-Windows-TerminalServices-LocalSessionManager/Operational,621,4,,,,,,,,1,,,,DANGLINGTREE\administrator,Event_NS,
2026-08-05T02:48:57.636776Z,32,dc.danglingtree.htb,Microsoft-Windows-TerminalServices-LocalSessionManager,Microsoft-Windows-TerminalServices-LocalSessionManager/Operational,622,4,,,,,,,,,,,,,Event_NS,RDSAppXPlugin
2026-08-05T02:49:56.869996Z,59,dc.danglingtree.htb,Microsoft-Windows-TerminalServices-LocalSessionManager,Microsoft-Windows-TerminalServices-LocalSessionManager/Operational,623,4,,"""LogonUI.exe"" /flags:0x2 /state0:0xa3bce855 /state1:0x41c64e6d",540,RpcGetCurrentSessionCapabilities,,,,,1,,,,Event_NS,
2026-08-05T02:49:56.940663Z,59,dc.danglingtree.htb,Microsoft-Windows-TerminalServices-LocalSessionManager,Microsoft-Windows-TerminalServices-LocalSessionManager/Operational,624,4,,"""LogonUI.exe"" /flags:0x2 /state0:0xa3bce855 /state1:0x41c64e6d",540,RpcGetCurrentSessionCapabilities,,,,,1,,,,Event_NS,
2026-08-05T02:49:57.892024Z,59,dc.danglingtree.htb,Microsoft-Windows-TerminalServices-LocalSessionManager,Microsoft-Windows-TerminalServices-LocalSessionManager/Operational,625,4,,"""LogonUI.exe"" /flags:0x2 /state0:0xa3bce855 /state1:0x41c64e6d",540,RpcGetCurrentSessionCapabilities,,,,,1,,,,Event_NS,
2026-08-05T02:49:58.391488Z,41,dc.danglingtree.htb,Microsoft-Windows-TerminalServices-LocalSessionManager,Microsoft-Windows-TerminalServices-LocalSessionManager/Operational,626,4,,,,,,,,1,,,,DANGLINGTREE\administrator,Event_NS,
2026-08-05T02:49:59.275269Z,42,dc.danglingtree.htb,Microsoft-Windows-TerminalServices-LocalSessionManager,Microsoft-Windows-TerminalServices-LocalSessionManager/Operational,627,4,,,,,,,,1,,,,DANGLINGTREE\administrator,Event_NS,
2026-08-05T02:50:07.732788Z,59,dc.danglingtree.htb,Microsoft-Windows-TerminalServices-LocalSessionManager,Microsoft-Windows-TerminalServices-LocalSessionManager/Operational,628,4,,C:\WINDOWS\system32\svchost.exe -k netsvcs -s CertPropSvc,1828,RpcGetCurrentSessionCapabilities,,,,,0,,,,Event_NS,
2026-08-05T02:50:08.046871Z,59,dc.danglingtree.htb,Microsoft-Windows-TerminalServices-LocalSessionManager,Microsoft-Windows-TerminalServices-LocalSessionManager/Operational,629,4,,C:\WINDOWS\system32\svchost.exe -k netsvcs -s CertPropSvc,1828,RpcGetCurrentSessionCapabilities,,,,,0,,,,Event_NS,
2026-08-05T02:50:08.227821Z,59,dc.danglingtree.htb,Microsoft-Windows-TerminalServices-LocalSessionManager,Microsoft-Windows-TerminalServices-LocalSessionManager/Operational,630,4,,C:\WINDOWS\system32\svchost.exe -k netsvcs -s CertPropSvc,1828,RpcGetCurrentSessionCapabilities,,,,,0,,,,Event_NS,
2026-08-05T02:50:12.957308Z,21,dc.danglingtree.htb,Microsoft-Windows-TerminalServices-LocalSessionManager,Microsoft-Windows-TerminalServices-LocalSessionManager/Operational,631,4,LOCAL,,,,,,,1,,,,DANGLINGTREE\administrator,Event_NS,
2026-08-05T02:50:16.145419Z,22,dc.danglingtree.htb,Microsoft-Windows-TerminalServices-LocalSessionManager,Microsoft-Windows-TerminalServices-LocalSessionManager/Operational,632,4,LOCAL,,,,,,,1,,,,DANGLINGTREE\administrator,Event_NS,
2026-08-05T03:10:22.460107Z,23,dc.danglingtree.htb,Microsoft-Windows-TerminalServices-LocalSessionManager,Microsoft-Windows-TerminalServices-LocalSessionManager/Operational,633,4,,,,,,,,1,,,,DANGLINGTREE\administrator,Event_NS,
2026-08-05T03:10:22.956452Z,54,dc.danglingtree.htb,Microsoft-Windows-TerminalServices-LocalSessionManager,Microsoft-Windows-TerminalServices-LocalSessionManager/Operational,634,4,,,,,,,,,,,,,,
2026-08-05T03:13:04.653718Z,32,dc.danglingtree.htb,Microsoft-Windows-TerminalServices-LocalSessionManager,Microsoft-Windows-TerminalServices-LocalSessionManager/Operational,635,4,,,,,,,,,,,,,Event_NS,RDSAppXPlugin
2026-08-05T03:14:47.205067Z,59,dc.danglingtree.htb,Microsoft-Windows-TerminalServices-LocalSessionManager,Microsoft-Windows-TerminalServices-LocalSessionManager/Operational,636,4,,"""LogonUI.exe"" /flags:0x2 /state0:0xa3bd2055 /state1:0x41c64e6d",544,RpcGetCurrentSessionCapabilities,,,,,1,,,,Event_NS,
2026-08-05T03:14:47.487288Z,59,dc.danglingtree.htb,Microsoft-Windows-TerminalServices-LocalSessionManager,Microsoft-Windows-TerminalServices-LocalSessionManager/Operational,637,4,,"""LogonUI.exe"" /flags:0x2 /state0:0xa3bd2055 /state1:0x41c64e6d",544,RpcGetCurrentSessionCapabilities,,,,,1,,,,Event_NS,
2026-08-05T03:14:47.977972Z,59,dc.danglingtree.htb,Microsoft-Windows-TerminalServices-LocalSessionManager,Microsoft-Windows-TerminalServices-LocalSessionManager/Operational,638,4,,"""LogonUI.exe"" /flags:0x2 /state0:0xa3bd2055 /state1:0x41c64e6d",544,RpcGetCurrentSessionCapabilities,,,,,1,,,,Event_NS,
2026-08-05T03:14:48.595774Z,41,dc.danglingtree.htb,Microsoft-Windows-TerminalServices-LocalSessionManager,Microsoft-Windows-TerminalServices-LocalSessionManager/Operational,639,4,,,,,,,,1,,,,DANGLINGTREE\administrator,Event_NS,
2026-08-05T03:14:48.646517Z,42,dc.danglingtree.htb,Microsoft-Windows-TerminalServices-LocalSessionManager,Microsoft-Windows-TerminalServices-LocalSessionManager/Operational,640,4,,,,,,,,1,,,,DANGLINGTREE\administrator,Event_NS,
2026-08-05T03:14:50.920752Z,59,dc.danglingtree.htb,Microsoft-Windows-TerminalServices-LocalSessionManager,Microsoft-Windows-TerminalServices-LocalSessionManager/Operational,641,4,,C:\WINDOWS\system32\svchost.exe -k netsvcs -s CertPropSvc,1992,RpcGetCurrentSessionCapabilities,,,,,0,,,,Event_NS,
2026-08-05T03:14:50.939928Z,59,dc.danglingtree.htb,Microsoft-Windows-TerminalServices-LocalSessionManager,Microsoft-Windows-TerminalServices-LocalSessionManager/Operational,642,4,,C:\WINDOWS\system32\svchost.exe -k netsvcs -s CertPropSvc,1992,RpcGetCurrentSessionCapabilities,,,,,0,,,,Event_NS,
2026-08-05T03:14:50.948603Z,59,dc.danglingtree.htb,Microsoft-Windows-TerminalServices-LocalSessionManager,Microsoft-Windows-TerminalServices-LocalSessionManager/Operational,643,4,,C:\WINDOWS\system32\svchost.exe -k netsvcs -s CertPropSvc,1992,RpcGetCurrentSessionCapabilities,,,,,0,,,,Event_NS,
2026-08-05T03:14:52.333204Z,21,dc.danglingtree.htb,Microsoft-Windows-TerminalServices-LocalSessionManager,Microsoft-Windows-TerminalServices-LocalSessionManager/Operational,644,4,LOCAL,,,,,,,1,,,,DANGLINGTREE\administrator,Event_NS,
2026-08-05T03:14:54.177099Z,22,dc.danglingtree.htb,Microsoft-Windows-TerminalServices-LocalSessionManager,Microsoft-Windows-TerminalServices-LocalSessionManager/Operational,645,4,LOCAL,,,,,,,1,,,,DANGLINGTREE\administrator,Event_NS,
2026-08-05T03:23:27.434475Z,23,dc.danglingtree.htb,Microsoft-Windows-TerminalServices-LocalSessionManager,Microsoft-Windows-TerminalServices-LocalSessionManager/Operational,646,4,,,,,,,,1,,,,DANGLINGTREE\administrator,Event_NS,
2026-08-05T03:23:29.114449Z,54,dc.danglingtree.htb,Microsoft-Windows-TerminalServices-LocalSessionManager,Microsoft-Windows-TerminalServices-LocalSessionManager/Operational,647,4,,,,,,,,,,,,,,
2026-08-05T03:24:34.618111Z,32,dc.danglingtree.htb,Microsoft-Windows-TerminalServices-LocalSessionManager,Microsoft-Windows-TerminalServices-LocalSessionManager/Operational,648,4,,,,,,,,,,,,,Event_NS,RDSAppXPlugin
2026-08-05T03:25:30.254134Z,59,dc.danglingtree.htb,Microsoft-Windows-TerminalServices-LocalSessionManager,Microsoft-Windows-TerminalServices-LocalSessionManager/Operational,649,4,,"""LogonUI.exe"" /flags:0x2 /state0:0xa3bd2055 /state1:0x41c64e6d",1032,RpcGetCurrentSessionCapabilities,,,,,1,,,,Event_NS,
2026-08-05T03:25:30.277224Z,59,dc.danglingtree.htb,Microsoft-Windows-TerminalServices-LocalSessionManager,Microsoft-Windows-TerminalServices-LocalSessionManager/Operational,650,4,,"""LogonUI.exe"" /flags:0x2 /state0:0xa3bd2055 /state1:0x41c64e6d",1032,RpcGetCurrentSessionCapabilities,,,,,1,,,,Event_NS,
2026-08-05T03:25:31.183112Z,59,dc.danglingtree.htb,Microsoft-Windows-TerminalServices-LocalSessionManager,Microsoft-Windows-TerminalServices-LocalSessionManager/Operational,651,4,,"""LogonUI.exe"" /flags:0x2 /state0:0xa3bd2055 /state1:0x41c64e6d",1032,RpcGetCurrentSessionCapabilities,,,,,1,,,,Event_NS,
2026-08-05T03:25:32.077696Z,41,dc.danglingtree.htb,Microsoft-Windows-TerminalServices-LocalSessionManager,Microsoft-Windows-TerminalServices-LocalSessionManager/Operational,652,4,,,,,,,,1,,,,DANGLINGTREE\administrator,Event_NS,
2026-08-05T03:25:32.223412Z,42,dc.danglingtree.htb,Microsoft-Windows-TerminalServices-LocalSessionManager,Microsoft-Windows-TerminalServices-LocalSessionManager/Operational,653,4,,,,,,,,1,,,,DANGLINGTREE\administrator,Event_NS,
2026-08-05T03:25:39.634593Z,59,dc.danglingtree.htb,Microsoft-Windows-TerminalServices-LocalSessionManager,Microsoft-Windows-TerminalServices-LocalSessionManager/Operational,654,4,,C:\WINDOWS\system32\svchost.exe -k netsvcs -s CertPropSvc,1868,RpcGetCurrentSessionCapabilities,,,,,0,,,,Event_NS,
2026-08-05T03:25:39.733655Z,59,dc.danglingtree.htb,Microsoft-Windows-TerminalServices-LocalSessionManager,Microsoft-Windows-TerminalServices-LocalSessionManager/Operational,655,4,,C:\WINDOWS\system32\svchost.exe -k netsvcs -s CertPropSvc,1868,RpcGetCurrentSessionCapabilities,,,,,0,,,,Event_NS,
2026-08-05T03:25:39.797500Z,59,dc.danglingtree.htb,Microsoft-Windows-TerminalServices-LocalSessionManager,Microsoft-Windows-TerminalServices-LocalSessionManager/Operational,656,4,,C:\WINDOWS\system32\svchost.exe -k netsvcs -s CertPropSvc,1868,RpcGetCurrentSessionCapabilities,,,,,0,,,,Event_NS,
2026-08-05T03:25:43.420220Z,21,dc.danglingtree.htb,Microsoft-Windows-TerminalServices-LocalSessionManager,Microsoft-Windows-TerminalServices-LocalSessionManager/Operational,657,4,LOCAL,,,,,,,1,,,,DANGLINGTREE\administrator,Event_NS,
2026-08-05T03:25:47.168931Z,22,dc.danglingtree.htb,Microsoft-Windows-TerminalServices-LocalSessionManager,Microsoft-Windows-TerminalServices-LocalSessionManager/Operational,658,4,LOCAL,,,,,,,1,,,,DANGLINGTREE\administrator,Event_NS,
2026-08-05T04:56:25.627733Z,23,dc.danglingtree.htb,Microsoft-Windows-TerminalServices-LocalSessionManager,Microsoft-Windows-TerminalServices-LocalSessionManager/Operational,659,4,,,,,,,,1,,,,DANGLINGTREE\administrator,Event_NS,
2026-08-05T04:56:25.821058Z,54,dc.danglingtree.htb,Microsoft-Windows-TerminalServices-LocalSessionManager,Microsoft-Windows-TerminalServices-LocalSessionManager/Operational,660,4,,,,,,,,,,,,,,
2026-08-05T04:56:28.338079Z,17,dc.danglingtree.htb,Microsoft-Windows-TerminalServices-LocalSessionManager,Microsoft-Windows-TerminalServices-LocalSessionManager/Operational,661,2,,,,,0x8007045b,,,,,,,,Event_NS,
2026-08-05T05:27:58.790487Z,32,dc.danglingtree.htb,Microsoft-Windows-TerminalServices-LocalSessionManager,Microsoft-Windows-TerminalServices-LocalSessionManager/Operational,662,4,,,,,,,,,,,,,Event_NS,RDSAppXPlugin
2026-08-05T05:28:54.677613Z,59,dc.danglingtree.htb,Microsoft-Windows-TerminalServices-LocalSessionManager,Microsoft-Windows-TerminalServices-LocalSessionManager/Operational,663,4,,"""LogonUI.exe"" /flags:0x2 /state0:0xa3bd7055 /state1:0x41c64e6d",368,RpcGetCurrentSessionCapabilities,,,,,1,,,,Event_NS,
2026-08-05T05:28:55.054371Z,59,dc.danglingtree.htb,Microsoft-Windows-TerminalServices-LocalSessionManager,Microsoft-Windows-TerminalServices-LocalSessionManager/Operational,664,4,,"""LogonUI.exe"" /flags:0x2 /state0:0xa3bd7055 /state1:0x41c64e6d",368,RpcGetCurrentSessionCapabilities,,,,,1,,,,Event_NS,
2026-08-05T05:28:55.916444Z,59,dc.danglingtree.htb,Microsoft-Windows-TerminalServices-LocalSessionManager,Microsoft-Windows-TerminalServices-LocalSessionManager/Operational,665,4,,"""LogonUI.exe"" /flags:0x2 /state0:0xa3bd7055 /state1:0x41c64e6d",368,RpcGetCurrentSessionCapabilities,,,,,1,,,,Event_NS,
2026-08-05T05:28:56.808152Z,41,dc.danglingtree.htb,Microsoft-Windows-TerminalServices-LocalSessionManager,Microsoft-Windows-TerminalServices-LocalSessionManager/Operational,666,4,,,,,,,,1,,,,DANGLINGTREE\administrator,Event_NS,
2026-08-05T05:28:57.852612Z,42,dc.danglingtree.htb,Microsoft-Windows-TerminalServices-LocalSessionManager,Microsoft-Windows-TerminalServices-LocalSessionManager/Operational,667,4,,,,,,,,1,,,,DANGLINGTREE\administrator,Event_NS,
2026-08-05T05:29:02.124821Z,59,dc.danglingtree.htb,Microsoft-Windows-TerminalServices-LocalSessionManager,Microsoft-Windows-TerminalServices-LocalSessionManager/Operational,668,4,,C:\WINDOWS\system32\svchost.exe -k netsvcs -s CertPropSvc,1992,RpcGetCurrentSessionCapabilities,,,,,0,,,,Event_NS,
2026-08-05T05:29:02.194565Z,59,dc.danglingtree.htb,Microsoft-Windows-TerminalServices-LocalSessionManager,Microsoft-Windows-TerminalServices-LocalSessionManager/Operational,669,4,,C:\WINDOWS\system32\svchost.exe -k netsvcs -s CertPropSvc,1992,RpcGetCurrentSessionCapabilities,,,,,0,,,,Event_NS,
2026-08-05T05:29:02.545318Z,59,dc.danglingtree.htb,Microsoft-Windows-TerminalServices-LocalSessionManager,Microsoft-Windows-TerminalServices-LocalSessionManager/Operational,670,4,,C:\WINDOWS\system32\svchost.exe -k netsvcs -s CertPropSvc,1992,RpcGetCurrentSessionCapabilities,,,,,0,,,,Event_NS,
2026-08-05T05:29:07.105578Z,21,dc.danglingtree.htb,Microsoft-Windows-TerminalServices-LocalSessionManager,Microsoft-Windows-TerminalServices-LocalSessionManager/Operational,671,4,LOCAL,,,,,,,1,,,,DANGLINGTREE\administrator,Event_NS,
2026-08-05T05:29:09.340188Z,22,dc.danglingtree.htb,Microsoft-Windows-TerminalServices-LocalSessionManager,Microsoft-Windows-TerminalServices-LocalSessionManager/Operational,672,4,LOCAL,,,,,,,1,,,,DANGLINGTREE\administrator,Event_NS,
2026-08-05T05:34:33.908366Z,54,dc.danglingtree.htb,Microsoft-Windows-TerminalServices-LocalSessionManager,Microsoft-Windows-TerminalServices-LocalSessionManager/Operational,673,4,,,,,,,,,,,,,,
2026-08-05T05:34:35.130823Z,23,dc.danglingtree.htb,Microsoft-Windows-TerminalServices-LocalSessionManager,Microsoft-Windows-TerminalServices-LocalSessionManager/Operational,674,4,,,,,,,,1,,,,DANGLINGTREE\administrator,Event_NS,
2026-08-05T05:42:39.222880Z,32,dc.danglingtree.htb,Microsoft-Windows-TerminalServices-LocalSessionManager,Microsoft-Windows-TerminalServices-LocalSessionManager/Operational,675,4,,,,,,,,,,,,,Event_NS,RDSAppXPlugin
2026-08-05T05:44:21.074211Z,59,dc.danglingtree.htb,Microsoft-Windows-TerminalServices-LocalSessionManager,Microsoft-Windows-TerminalServices-LocalSessionManager/Operational,676,4,,"""LogonUI.exe"" /flags:0x2 /state0:0xa3bd2055 /state1:0x41c64e6d",896,RpcGetCurrentSessionCapabilities,,,,,1,,,,Event_NS,
2026-08-05T05:44:21.089011Z,59,dc.danglingtree.htb,Microsoft-Windows-TerminalServices-LocalSessionManager,Microsoft-Windows-TerminalServices-LocalSessionManager/Operational,677,4,,"""LogonUI.exe"" /flags:0x2 /state0:0xa3bd2055 /state1:0x41c64e6d",896,RpcGetCurrentSessionCapabilities,,,,,1,,,,Event_NS,
2026-08-05T05:44:21.881628Z,59,dc.danglingtree.htb,Microsoft-Windows-TerminalServices-LocalSessionManager,Microsoft-Windows-TerminalServices-LocalSessionManager/Operational,678,4,,"""LogonUI.exe"" /flags:0x2 /state0:0xa3bd2055 /state1:0x41c64e6d",896,RpcGetCurrentSessionCapabilities,,,,,1,,,,Event_NS,
2026-08-05T05:44:22.395683Z,41,dc.danglingtree.htb,Microsoft-Windows-TerminalServices-LocalSessionManager,Microsoft-Windows-TerminalServices-LocalSessionManager/Operational,679,4,,,,,,,,1,,,,DANGLINGTREE\administrator,Event_NS,
2026-08-05T05:44:22.755822Z,42,dc.danglingtree.htb,Microsoft-Windows-TerminalServices-LocalSessionManager,Microsoft-Windows-TerminalServices-LocalSessionManager/Operational,680,4,,,,,,,,1,,,,DANGLINGTREE\administrator,Event_NS,
2026-08-05T05:44:23.425430Z,59,dc.danglingtree.htb,Microsoft-Windows-TerminalServices-LocalSessionManager,Microsoft-Windows-TerminalServices-LocalSessionManager/Operational,681,4,,C:\WINDOWS\system32\svchost.exe -k netsvcs -s CertPropSvc,1820,RpcGetCurrentSessionCapabilities,,,,,0,,,,Event_NS,
2026-08-05T05:44:23.439512Z,59,dc.danglingtree.htb,Microsoft-Windows-TerminalServices-LocalSessionManager,Microsoft-Windows-TerminalServices-LocalSessionManager/Operational,682,4,,C:\WINDOWS\system32\svchost.exe -k netsvcs -s CertPropSvc,1820,RpcGetCurrentSessionCapabilities,,,,,0,,,,Event_NS,
2026-08-05T05:44:23.552247Z,59,dc.danglingtree.htb,Microsoft-Windows-TerminalServices-LocalSessionManager,Microsoft-Windows-TerminalServices-LocalSessionManager/Operational,683,4,,C:\WINDOWS\system32\svchost.exe -k netsvcs -s CertPropSvc,1820,RpcGetCurrentSessionCapabilities,,,,,0,,,,Event_NS,
2026-08-05T05:44:24.871626Z,21,dc.danglingtree.htb,Microsoft-Windows-TerminalServices-LocalSessionManager,Microsoft-Windows-TerminalServices-LocalSessionManager/Operational,684,4,LOCAL,,,,,,,1,,,,DANGLINGTREE\administrator,Event_NS,
2026-08-05T05:44:27.140519Z,22,dc.danglingtree.htb,Microsoft-Windows-TerminalServices-LocalSessionManager,Microsoft-Windows-TerminalServices-LocalSessionManager/Operational,685,4,LOCAL,,,,,,,1,,,,DANGLINGTREE\administrator,Event_NS,
2026-08-05T05:45:39.048534Z,54,dc.danglingtree.htb,Microsoft-Windows-TerminalServices-LocalSessionManager,Microsoft-Windows-TerminalServices-LocalSessionManager/Operational,686,4,,,,,,,,,,,,,,
2026-08-05T05:45:48.731855Z,23,dc.danglingtree.htb,Microsoft-Windows-TerminalServices-LocalSessionManager,Microsoft-Windows-TerminalServices-LocalSessionManager/Operational,687,4,,,,,,,,1,,,,DANGLINGTREE\administrator,Event_NS,
2026-08-06T15:17:21.145834Z,32,dc.danglingtree.htb,Microsoft-Windows-TerminalServices-LocalSessionManager,Microsoft-Windows-TerminalServices-LocalSessionManager/Operational,688,4,,,,,,,,,,,,,Event_NS,RDSAppXPlugin
2026-08-06T15:18:58.619069Z,59,dc.danglingtree.htb,Microsoft-Windows-TerminalServices-LocalSessionManager,Microsoft-Windows-TerminalServices-LocalSessionManager/Operational,689,4,,"""LogonUI.exe"" /flags:0x2 /state0:0xa3bd7055 /state1:0x41c64e6d",1032,RpcGetCurrentSessionCapabilities,,,,,1,,,,Event_NS,
2026-08-06T15:18:58.644852Z,59,dc.danglingtree.htb,Microsoft-Windows-TerminalServices-LocalSessionManager,Microsoft-Windows-TerminalServices-LocalSessionManager/Operational,690,4,,"""LogonUI.exe"" /flags:0x2 /state0:0xa3bd7055 /state1:0x41c64e6d",1032,RpcGetCurrentSessionCapabilities,,,,,1,,,,Event_NS,
2026-08-06T15:18:58.929584Z,59,dc.danglingtree.htb,Microsoft-Windows-TerminalServices-LocalSessionManager,Microsoft-Windows-TerminalServices-LocalSessionManager/Operational,691,4,,"""LogonUI.exe"" /flags:0x2 /state0:0xa3bd7055 /state1:0x41c64e6d",1032,RpcGetCurrentSessionCapabilities,,,,,1,,,,Event_NS,
2026-08-06T15:18:59.741506Z,41,dc.danglingtree.htb,Microsoft-Windows-TerminalServices-LocalSessionManager,Microsoft-Windows-TerminalServices-LocalSessionManager/Operational,692,4,,,,,,,,1,,,,DANGLINGTREE\administrator,Event_NS,
2026-08-06T15:18:59.775065Z,42,dc.danglingtree.htb,Microsoft-Windows-TerminalServices-LocalSessionManager,Microsoft-Windows-TerminalServices-LocalSessionManager/Operational,693,4,,,,,,,,1,,,,DANGLINGTREE\administrator,Event_NS,
2026-08-06T15:19:01.476563Z,59,dc.danglingtree.htb,Microsoft-Windows-TerminalServices-LocalSessionManager,Microsoft-Windows-TerminalServices-LocalSessionManager/Operational,694,4,,C:\WINDOWS\system32\svchost.exe -k netsvcs -s CertPropSvc,1872,RpcGetCurrentSessionCapabilities,,,,,0,,,,Event_NS,
2026-08-06T15:19:01.480776Z,59,dc.danglingtree.htb,Microsoft-Windows-TerminalServices-LocalSessionManager,Microsoft-Windows-TerminalServices-LocalSessionManager/Operational,695,4,,C:\WINDOWS\system32\svchost.exe -k netsvcs -s CertPropSvc,1872,RpcGetCurrentSessionCapabilities,,,,,0,,,,Event_NS,
2026-08-06T15:19:01.500109Z,59,dc.danglingtree.htb,Microsoft-Windows-TerminalServices-LocalSessionManager,Microsoft-Windows-TerminalServices-LocalSessionManager/Operational,696,4,,C:\WINDOWS\system32\svchost.exe -k netsvcs -s CertPropSvc,1872,RpcGetCurrentSessionCapabilities,,,,,0,,,,Event_NS,
2026-08-06T15:19:02.079910Z,21,dc.danglingtree.htb,Microsoft-Windows-TerminalServices-LocalSessionManager,Microsoft-Windows-TerminalServices-LocalSessionManager/Operational,697,4,LOCAL,,,,,,,1,,,,DANGLINGTREE\administrator,Event_NS,
2026-08-06T15:19:02.726424Z,22,dc.danglingtree.htb,Microsoft-Windows-TerminalServices-LocalSessionManager,Microsoft-Windows-TerminalServices-LocalSessionManager/Operational,698,4,LOCAL,,,,,,,1,,,,DANGLINGTREE\administrator,Event_NS,
2026-08-06T16:13:05.322831Z,23,dc.danglingtree.htb,Microsoft-Windows-TerminalServices-LocalSessionManager,Microsoft-Windows-TerminalServices-LocalSessionManager/Operational,699,4,,,,,,,,1,,,,DANGLINGTREE\administrator,Event_NS,
2026-08-06T16:13:05.539401Z,54,dc.danglingtree.htb,Microsoft-Windows-TerminalServices-LocalSessionManager,Microsoft-Windows-TerminalServices-LocalSessionManager/Operational,700,4,,,,,,,,,,,,,,
2026-08-11T09:49:31.341575Z,32,dc.danglingtree.htb,Microsoft-Windows-TerminalServices-LocalSessionManager,Microsoft-Windows-TerminalServices-LocalSessionManager/Operational,701,4,,,,,,,,,,,,,Event_NS,RDSAppXPlugin
2026-08-11T09:51:01.877740Z,59,dc.danglingtree.htb,Microsoft-Windows-TerminalServices-LocalSessionManager,Microsoft-Windows-TerminalServices-LocalSessionManager/Operational,702,4,,"""LogonUI.exe"" /flags:0x2 /state0:0xa3972855 /state1:0x41c64e6d",6528,RpcGetCurrentSessionCapabilities,,,,,1,,,,Event_NS,
2026-08-11T09:51:01.879043Z,59,dc.danglingtree.htb,Microsoft-Windows-TerminalServices-LocalSessionManager,Microsoft-Windows-TerminalServices-LocalSessionManager/Operational,703,4,,"""LogonUI.exe"" /flags:0x2 /state0:0xa3972855 /state1:0x41c64e6d",6528,RpcGetCurrentSessionCapabilities,,,,,1,,,,Event_NS,
2026-08-11T09:51:01.913457Z,59,dc.danglingtree.htb,Microsoft-Windows-TerminalServices-LocalSessionManager,Microsoft-Windows-TerminalServices-LocalSessionManager/Operational,704,4,,"""LogonUI.exe"" /flags:0x2 /state0:0xa3972855 /state1:0x41c64e6d",6528,RpcGetCurrentSessionCapabilities,,,,,1,,,,Event_NS,
2026-08-11T09:51:02.235429Z,41,dc.danglingtree.htb,Microsoft-Windows-TerminalServices-LocalSessionManager,Microsoft-Windows-TerminalServices-LocalSessionManager/Operational,705,4,,,,,,,,1,,,,DANGLINGTREE\administrator,Event_NS,
2026-08-11T09:51:02.245717Z,42,dc.danglingtree.htb,Microsoft-Windows-TerminalServices-LocalSessionManager,Microsoft-Windows-TerminalServices-LocalSessionManager/Operational,706,4,,,,,,,,1,,,,DANGLINGTREE\administrator,Event_NS,
2026-08-11T09:51:02.982785Z,59,dc.danglingtree.htb,Microsoft-Windows-TerminalServices-LocalSessionManager,Microsoft-Windows-TerminalServices-LocalSessionManager/Operational,707,4,,C:\WINDOWS\system32\svchost.exe -k netsvcs -s CertPropSvc,2176,RpcGetCurrentSessionCapabilities,,,,,0,,,,Event_NS,
2026-08-11T09:51:02.984350Z,59,dc.danglingtree.htb,Microsoft-Windows-TerminalServices-LocalSessionManager,Microsoft-Windows-TerminalServices-LocalSessionManager/Operational,708,4,,C:\WINDOWS\system32\svchost.exe -k netsvcs -s CertPropSvc,2176,RpcGetCurrentSessionCapabilities,,,,,0,,,,Event_NS,
2026-08-11T09:51:02.985391Z,59,dc.danglingtree.htb,Microsoft-Windows-TerminalServices-LocalSessionManager,Microsoft-Windows-TerminalServices-LocalSessionManager/Operational,709,4,,C:\WINDOWS\system32\svchost.exe -k netsvcs -s CertPropSvc,2176,RpcGetCurrentSessionCapabilities,,,,,0,,,,Event_NS,
2026-08-11T09:51:03.366335Z,21,dc.danglingtree.htb,Microsoft-Windows-TerminalServices-LocalSessionManager,Microsoft-Windows-TerminalServices-LocalSessionManager/Operational,710,4,LOCAL,,,,,,,1,,,,DANGLINGTREE\administrator,Event_NS,
2026-08-11T09:51:04.396913Z,22,dc.danglingtree.htb,Microsoft-Windows-TerminalServices-LocalSessionManager,Microsoft-Windows-TerminalServices-LocalSessionManager/Operational,711,4,LOCAL,,,,,,,1,,,,DANGLINGTREE\administrator,Event_NS,
