2026-08-11T09:50:34.880831Z,263,dc.danglingtree.htb,Microsoft-Windows-TerminalServices-RemoteConnectionManager,Microsoft-Windows-TerminalServices-RemoteConnectionManager/Operational,492,4,,,,,,,
2026-08-11T09:50:47.956908Z,263,dc.danglingtree.htb,Microsoft-Windows-TerminalServices-RemoteConnectionManager,Microsoft-Windows-TerminalServices-RemoteConnectionManager/Operational,493,4,,,,,,,
2026-08-11T09:51:01.164377Z,263,dc.danglingtree.htb,Microsoft-Windows-TerminalServices-RemoteConnectionManager,Microsoft-Windows-TerminalServices-RemoteConnectionManager/Operational,494,4,,,,,,,
2026-08-11T11:12:15.060485Z,261,dc.danglingtree.htb,Microsoft-Windows-TerminalServices-RemoteConnectionManager,Microsoft-Windows-TerminalServices-RemoteConnectionManager/Operational,495,4,,,,,,Event_NS,RDP-Tcp
2026-08-11T11:12:20.193669Z,261,dc.danglingtree.htb,Microsoft-Windows-TerminalServices-RemoteConnectionManager,Microsoft-Windows-TerminalServices-RemoteConnectionManager/Operational,496,4,,,,,,Event_NS,RDP-Tcp
2026-08-11T11:12:56.474543Z,261,dc.danglingtree.htb,Microsoft-Windows-TerminalServices-RemoteConnectionManager,Microsoft-Windows-TerminalServices-RemoteConnectionManager/Operational,497,4,,,,,,Event_NS,RDP-Tcp
2026-08-11T11:12:56.481321Z,261,dc.danglingtree.htb,Microsoft-Windows-TerminalServices-RemoteConnectionManager,Microsoft-Windows-TerminalServices-RemoteConnectionManager/Operational,498,4,,,,,,Event_NS,RDP-Tcp
2026-08-11T11:13:36.511579Z,261,dc.danglingtree.htb,Microsoft-Windows-TerminalServices-RemoteConnectionManager,Microsoft-Windows-TerminalServices-RemoteConnectionManager/Operational,499,4,,,,,,Event_NS,RDP-Tcp
2026-08-11T11:13:36.574743Z,261,dc.danglingtree.htb,Microsoft-Windows-TerminalServices-RemoteConnectionManager,Microsoft-Windows-TerminalServices-RemoteConnectionManager/Operational,500,4,,,,,,Event_NS,RDP-Tcp
2026-08-11T11:13:36.577445Z,261,dc.danglingtree.htb,Microsoft-Windows-TerminalServices-RemoteConnectionManager,Microsoft-Windows-TerminalServices-RemoteConnectionManager/Operational,501,4,,,,,,Event_NS,RDP-Tcp
2026-08-11T11:13:36.857919Z,261,dc.danglingtree.htb,Microsoft-Windows-TerminalServices-RemoteConnectionManager,Microsoft-Windows-TerminalServices-RemoteConnectionManager/Operational,502,4,,,,,,Event_NS,RDP-Tcp
2026-08-11T11:13:37.379041Z,261,dc.danglingtree.htb,Microsoft-Windows-TerminalServices-RemoteConnectionManager,Microsoft-Windows-TerminalServices-RemoteConnectionManager/Operational,503,4,,,,,,Event_NS,RDP-Tcp
2026-08-11T11:13:38.239526Z,261,dc.danglingtree.htb,Microsoft-Windows-TerminalServices-RemoteConnectionManager,Microsoft-Windows-TerminalServices-RemoteConnectionManager/Operational,504,4,,,,,,Event_NS,RDP-Tcp
