2026-03-26T05:37:37.716279Z,"{'#attributes': {'Qualifiers': 49152}, '#text': 1014}",dc.danglingtree.htb,Microsoft-Windows-Security-SPP,Application,171,2,,,,,,,,,,,,,,,,,,,,,,,,hr=0x80072EE7,753c53a2-4274-4339-8c2e-f66c0b9646c5,,,,,,,,,,,,,,,,,,,,,,,,,,,,,,,,,,,,,,,,,,,,,,,,,,,,,,,,,,,,,,,,,,,,,,,,,,,,,,,,,,,,,,,
2026-03-26T05:37:37.785746Z,"{'#attributes': {'Qualifiers': 16384}, '#text': 1003}",dc.danglingtree.htb,Microsoft-Windows-Security-SPP,Application,172,4,,,,,,,,,,,,,,,,,,,,,,,,55c92734-d682-4d71-983e-d6ec3f16059f,"
1: 753c53a2-4274-4339-8c2e-f66c0b9646c5, 1, 1 [(0 )(1 )(2 )(3 [0x00000000, 0, 1], [(?)( 1 0x00000000)( 6 0x00000000 10 14378)(?)(?)(?)( 10 0x00000000 msft:rm/algorithm/flags/1.0)(?)])]

",,,,,,,,,,,,,,,,,,,,,,,,,,,,,,,,,,,,,,,,,,,,,,,,,,,,,,,,,,,,,,,,,,,,,,,,,,,,,,,,,,,,,,,
2026-03-26T05:37:37.804144Z,"{'#attributes': {'Qualifiers': 16384}, '#text': 1003}",dc.danglingtree.htb,Microsoft-Windows-Security-SPP,Application,173,4,,,,,,,,,,,,,,,,,,,,,,,,55c92734-d682-4d71-983e-d6ec3f16059f,"
1: 753c53a2-4274-4339-8c2e-f66c0b9646c5, 1, 1 [(0 )(1 )(2 )(3 [0x00000000, 0, 1], [(?)( 1 0x00000000)( 6 0x00000000 10 14378)(?)(?)(?)( 10 0x00000000 msft:rm/algorithm/flags/1.0)(?)])]

",,,,,,,,,,,,,,,,,,,,,,,,,,,,,,,,,,,,,,,,,,,,,,,,,,,,,,,,,,,,,,,,,,,,,,,,,,,,,,,,,,,,,,,
2026-03-26T05:37:37.812463Z,"{'#attributes': {'Qualifiers': 49152}, '#text': 8198}",dc.danglingtree.htb,Microsoft-Windows-Security-SPP,Application,174,2,,,,,,,,,,,,,,,,,,,,,,,,hr=0x80072EE7,RuleId=31e71c49-8da7-4a2f-ad92-45d98a1c79ba;Action=AutoActivate;AppId=55c92734-d682-4d71-983e-d6ec3f16059f;SkuId=753c53a2-4274-4339-8c2e-f66c0b9646c5;NotificationInterval=1440;Trigger=UserLogon;SessionId=1,,,,,,,,,,,,,,,,,,,,,,,,,,,,,,,,,,,,,,,,,,,,,,,,,,,,,,,,,,,,,,,,,,,,,,,,,,,,,,,,,,,,,,,
2026-03-26T05:38:01.434956Z,"{'#attributes': {'Qualifiers': 0}, '#text': 8224}",dc.danglingtree.htb,VSS,Application,175,4,,,,,,,,,,2D20436F64653A2020434F525356434330303030303737322D2043616C6C3A2020434F525356434330303030303735342D205049443A202030303030343136342D205449443A202030303030353132342D20434D443A2020433A5C57494E444F57535C73797374656D33325C76737376632E6578652020202D20557365723A204E616D653A204E5420415554484F524954595C53595354454D2C205349443A532D312D352D313820,,,,,,,,,,,,,,,,,,,,,,,,,,,,,,,,,,,,,,,,,,,,,,,,,,,,,,,,,,,,,,,,,,,,,,,,,,,,,,,,,,,,,,,,,,,,,,,,,,,,,,
2026-03-26T05:38:02.130964Z,1001,dc.danglingtree.htb,Windows Error Reporting,Application,176,4,,,,,,,,,"
\\?\C:\WINDOWS\LiveKernelReports\WATCHDOG\WATCHDOG-20260325-2220.dmp
\\?\C:\WINDOWS\SystemTemp\WER-265843-0.sysdata.xml
\\?\C:\ProgramData\Microsoft\Windows\WER\Temp\WER.6348921d-21db-4dba-bca9-7346eab204f4.tmp.WERInternalMetadata.xml
\\?\C:\ProgramData\Microsoft\Windows\WER\Temp\WER.086551b6-2092-43dc-ba79-f77f9c0c712b.tmp.csv
\\?\C:\ProgramData\Microsoft\Windows\WER\Temp\WER.b5bbf212-e4ed-44d2-94dc-9a1f611b3bbf.tmp.txt
\\?\C:\ProgramData\Microsoft\Windows\WER\Temp\WER.fe28f9df-1df2-44d8-a0d9-a297c14bfa51.tmp.xml",,,0,,,,,,0,0,,,,,,,,,,,,,,,,,,,LiveKernelEvent,,,,,,,,,,,,,,,,,,,1a8,,a,0,0,0,10_0_26100,0_0,272_3,,,,,,,,,,,0,,adce6cda-94ad-4a5e-ae60-9128eead73f4,100,,Not available,,,,,,\\?\C:\ProgramData\Microsoft\Windows\WER\ReportQueue\Kernel_1a8_1bb6b61f8d70287bd75b2b66f7a1d1e54e9a3a2_00000000_cab_adce6cda-94ad-4a5e-ae60-9128eead73f4,,,,,,,,,,,,,,,,,,,,,,,,,
2026-03-26T05:39:38.395794Z,1001,dc.danglingtree.htb,Microsoft-Windows-LoadPerf,Application,177,4,,,,,,,,,,,,,,,,,,,,,,,,,,,,,,,,,,,,,,,,,,,,,,,,,,,,,,,,,,,,,,,,,,,,,,,,,,,,,,,,,,,,,,,,,,,,,,,,,LoadPerf,A8360000C4020000,8,,WmiApRpl,,,,WmiApRpl,,,,,,,
2026-03-26T05:39:38.434941Z,1000,dc.danglingtree.htb,Microsoft-Windows-LoadPerf,Application,178,4,,,,,,,,,,,,,,,,,,,,,,,,,,,,,,,,,,,,,,,,,,,,,,,,,,,,,,,,,,,,,,,,,,,,,,,,,,,,,,,,,,,,,,,,,,,,,,,,,LoadPerf,AA36000050370000,8,,WmiApRpl,,,,WmiApRpl,,,,,,,
2026-03-26T05:40:34.934452Z,"{'#attributes': {'Qualifiers': 16384}, '#text': 16388}",dc.danglingtree.htb,Microsoft-Windows-Security-SPP,Application,179,4,,,,,,,,,,,,,,,,,,,,,,,,2026-03-26T05:40:34Z,2026-03-26T05:40:34Z,,,,,,,,,,,,,,,,,,,,,,,,,,,,,,,,,,,,,,,,,,,,,,,,,,,,,,,,,,,,,,,,,,,,,,,,,,,,,,,,,,,,,,,
2026-03-26T05:40:34.972326Z,"{'#attributes': {'Qualifiers': 16384}, '#text': 8230}",dc.danglingtree.htb,Microsoft-Windows-Security-SPP,Application,180,4,,,,,,,,,,,,,,,,,,,,,,,Security-SPP-Action-StateData (REG_SZ) =AppId=55c92734-d682-4d71-983e-d6ec3f16059f;GraceEndDate=2026/04/05:05:15:34;LastConsumptionReason=0x4004f00c;LastNotificationId=NeverActivated;LicenseState=SL_LICENSING_STATUS_IN_GRACE_PERIOD;PartialProductKey=7H9YG;ProductKeyType=Retail:TB:Eval;SkuId=753c53a2-4274-4339-8c2e-f66c0b9646c5;ruleId=31e71c49-8da7-4a2f-ad92-45d98a1c79ba;uxDifferentiator=TIMEBASED_EVAL,,,,,,,,,,,,,,,,,,,,,,,,,,,,,,,,,,,,,,,,,,,,,,,,,,,,,,,,,,,,,,,,,,,,,,,,,,,,,,,,,,,,,,,,,
2026-03-26T05:40:47.066641Z,"{'#attributes': {'Qualifiers': 49152}, '#text': 8200}",dc.danglingtree.htb,Microsoft-Windows-Security-SPP,Application,181,2,,,,,,,,,,,,,,,,,,,,,,,,hr=0x80072EE7,"00010001(0x00000000, 22:40:35:029 - https://activation-v2.sls.microsoft.com/SLActivateProduct/SLActivateProduct.asmx?configextension=Retail)
00020001(0x00000000, 22:40:35:030)
00030001(0x00000000, 22:40:35:033 - https://activation-v2.sls.microsoft.com)
00030002(0x00000000, 22:40:35:033 - 0)
00040001(0x00000000, 22:40:35:033 - https://activation-v2.sls.microsoft.com)
00040002(0x00000000, 22:40:35:035 - 1, <NULL>, <NULL>, <NULL>)
00050002(0x80072F94, 22:40:35:036 - 0, 1)
00040006(0x00000001, 22:40:35:036 - 0, https://activation-v2.sls.microsoft.com, <N/A>, <N/A>)
00020005(0x00000000, 22:40:35:036 - 0)
00020008(0x80072EE7, 22:40:47:062 - SOAPAction: ""http://microsoft.com/SL/ProductActivationService/IssueToken""
Content-Type: text/xml; charset=utf-8
, <soap:Envelope xmlns:soap=""http://schemas.xmlsoap.org/soap/envelope/"" xmlns:xsi=""http://www.w3.org/2001/XMLSchema-instance"" xmlns:xsd=""http://www.w3.org/2001/XMLSchema"" xmlns:soapenc=""http://schemas.xmlsoap.org/soap/encoding/""><soap:Body><RequestSecurityToken xmlns=""http://schemas.xmlsoap.org/ws/2004/04/security/trust""><TokenType>ProductActivation</TokenType><RequestType>http://schemas.xmlsoap.org/ws/2004/04/security/trust/Issue</RequestType><UseKey><Values xmlns:q1=""http://schemas.xmlsoap.org/ws/2004/04/security/trust"" soapenc:arrayType=""q1:TokenEntry[1]""><TokenEntry><Name>PublishLicense</Name><Value>SZC4xTiGc9wzy8bi51UzJZTymMbkHwfnX+0lblJDiDyL84Cur+ARsdF713e1zZCuXA1K84pToxF586CSAA7JMx7vOc+gRG7NT52taKLSNcHrBpY7Ddd5Gtf5flnyvo8VXATyCsmgkp6d+rfJC0xRZdLeLu4SC0cP9UfJPWsgXWT5jNcOkTym+aPpMYvFmGK+qZCn+njr05obNusAvj3OGghG/LfRNekX4INsy/AkqwhKggG2C73mXn+8EeSrsSJVP0fpXFU+L6OcceuBZrx/SBDqVnUcUdI3Z1hY0mV9XQR/Yf7+A+MhrqwIcWsQGb+qVmsOHRqBUXFwyOctz4gZ27rnjS/ZRNAEoAgeyhvR3Z2/TLbWoIMiykG1fhyIu9TX4HmNGH7HOihvdctfND+ltlCJfQQ8aH+k6Vu/CeQ34i44VkJcdO9t7zhGe/lPc/xNZafCNv40LPHDbTm2nnRDYcN9Jg5wim8x0Xe6fYcNoBuZ5LuEdTiI7JL6M67xlsZqWvOviOyWS4koqtYzMCkjBPzEWLRhMsCj8/Mp+uE+vrVefqbXI4yu4yPEmr763MwixvIJbaSlH7Nu/nZFkUenwdoiZY9KEZOBApCv+i7f87MJleKiVk4L4XHioc+qBcSQzFurIwouOg20/eYsNA2+w6sSeaI3RoVK8kE4yUDpClhDLtG3d7KhBsXvpu2VRHv1wETI/FNN6Kd35ZCcRdt3ylWZpwBgkvet7ujmP3FHC9dyO/1JX1YKTH9Mfzz7UPF+nHP5CsO0CuPdFnN3HSaZpzmWYSyy5oBBJN4cC9vKWGWiprtExd23xg1rIXr2A+XUmBuTpFmLkthKBEGDU0m4PC048lPZ0YQMVZ17cWrWmTE2Jn8BWvnciiJ4nztE9TYSxnG5yNCoc3sv62TPCoVYXPsO1c2MCdE/i1wbkhOTZtDd6HT0afv8jWzzCbDF3icTBQKEQC5TYlxbWjs9g9gXvc+iwUsB3T+mxVkE5Ve+VpabM1NFpImmcSA2eikfh2jGce+7DgKnxyZE6JO5cbNUBJywCnPQo9dJw/FyzUe/xIgPwa+VI56XBFrLi+sSCH2d1jaAUIvudN5iAQxJl2nQdNGTfvDalfX5dGpXcJ/tVoie9iVlGzu+K1mD+8yU7Qkk1FWiYtdSOpX+/lOunj/StEW8zqBViE47prqpQnUVVYmROnEl/g1iS+ueHXWJ734Y4LEAgr8HNnFFqbXo3xoOGnOLZxw9nZntn9CmQeryxDvi05krRrfNlt+Kz0SI0sn5+S73V656LQYXtAYywHO7ztAoPeKxzQ6RB5p/UcBXcjCyrKzd7OYNPjrfsfDgoCsKqGu6OZRfjheKlTaVzr0Mr84HQLDfOH3XtfeWYJASHkEJBp1+lp5C6m37AoLQTKM6W/xkmNuSJcibaTlGevYksSjptcNz8NMfScr/of1bcezQvlIkehEN2VXgR5CTr9GtKkQuVQDUCh8eJGiLs0D41WGFfCL09eJz3oGL+pEDcKRNoz0SoeesQsl7iHZG/KRsIL2qumQZ/fAs3SvNzNtw4nS5INYTGfzgtdzP/hVqkSEGhaHp77rN7dPIM0gp+l0Paxoawsuc8Mg6VBiTerf2stphoOA4n5Tt8ZaoY2Jql3G2aSHoyiHzic0v4Vvoz0K9+YdhinQFJmK/XcSRkZeRDM+2+HP+tHxtcdu0+7dd/ojkz63Nk4ZIU8VkP+Lj270i+thuAEBotQs8Jt8faRxVxnUlC9GulWOKXQeBQ/NbzBBpOAPf+7UNLNK4eh2DIWqpTYBbwaMyg/gj7uCdK1Zvx4yO2XVRFiFOxgVLeJGSt16xr7V2UmSZ3qw9dLt0Q2oqqj75GSE8PCHItvhZsArR8OKrLQ4Wpg55ID0WoJCuVzTe109JlYODoayDaytwKznBb5vqrKZ3lQbTZtwizqlwYlX3cwC0hM5Goofo+rCqBp7AzbxwAjTGNFL4qg5yyiIk1Ye4j/nCyhpS6Mwg70O3Dmk6LKQSD8I/FrYft9/oKJt4qB7eAVS4iH1sR/8/znhj1RyU4eMfYxb4KYBr0mabQ1AOWzbVy6CegryQtpytBnbjkZGRBSJcq5IJHBJeWxT4e/vAtT/J8xgbEJ93VGhRrKc2HHt4YRAUWoxw829R26kylfVPBbaoTkVBH9lEu+xIlMtqnqZE3WZ9iTlBFoKAvTWOzIfSEJkL/xvaEOi10UojYJjlpgxids1iNYTEy0BEIwHr9X7aLOyIZgl61E57y5yTNHEZ2SGD7gsLB5GocJT7vew/jZX1m3owvULO0vwno5uTMRIhZAqQUsUoxiOYc8a8bBXE0LN03vrmJrmuv8Vk/OrEvbXkLrRPvBp5iUpnhVs4oOFn5QS8d4sKpQDU+SAQ4qqEnXOz6XNu8Oh2AqlTfnzV3jbLiBw3x0o5RrDfaStSzXoXJzfaWfyi2TKFhi5ZjRESFnUbY4nJiBJbCne085ZF5CfkfY8XwT7xQwSo+V/80xwjtNRTrOKQ5lfn1hdwD1XQ/al+IBtiw879DeHunBX9VttwFO+QzUyh7wR/A8W5v3IycaOXeMFcycl3E/THeJuEwF9xpyHrDjRoqvg2NeQxIBunA19gBu+SPXE855bj6i0rBXh6ZxY3ONVJn/VF4HHIml9s4Gf/3Hgyd8XEzqldVzk/s4DOVAjnKk9GvyS+/9Bfqer9pX/7cIe9AUHMs4kFGMTstjqlE0PH5e9y0z1jCJLUE2Oo/HJR44c5KWg/L3JCVsESKeUN4OL8Lh0cXv9XHnb6Ukr0WZqBeQgbyWBfaOE32RgBt04xp568EFy5vt8Z6eEhev7vGQp8VmnI/sfmfeRhbp4Kle2vaTF6A24OWshDRr08ZC3WiPoHrIhNWZhsmBNoB9M/73bTaBARp0qlUi5k3dgysS9e0Xl/jn4lh8b06xsNMPWXZr1Kzz6cW3ohXoGW1u2SPBN7s5U5SDenNPv+I3/faZ6wzR05DhTlK1q5S0YmMwclLwRz+DI4v9c8J4rZlt1P+lWHGItCl9OXy14ztiT5TdnYeGCLtqxwbYihnsEDbF4BAofqnOPSLzj5SgT2NFwIcNoWOZ92le7kEe7xkLsRElzVXgtMkCwP7z4TNKmdSK28fbsbiQPOfcvFEM7drtWQ2QqgUmQ/nyvZa/rk4y3rTD+bPuZGoVB0tH7iHMdfQK9LQuQjw7Jfhmp4TtxeAXbwd1HKGXHm/DM5PkowKzsYByCmDRm/nIwpP/qIcd/hl1ZQEP4NmLuymTwpXPtJSrMxijMSOBfV/ghByqWq1JtaMOC0GsSWAwwhzQlakjNyBf7upTdKf0sFqRIuPbKj6Of7Q3pw3V0/+FPU8OkcnhyjeAHkxb1VYnWNvUfnSj1n9sygeaiLKwGHHZgbNYeglaEnbpCR0XRYSPu3NKYuN5LGM4aTc0RBlWDcYjH2rogb4FfvwFhKylvYwbziF4JPOQ2pW8H1nEJp+KdJ2Gr6i/Ob9SjGp2cgef4GuEOjMfmWPRe5rUXDy6NzVpSstHM7qN0g++REHwOhJVzfbppYLU83Te7SlQ/byraQEu5mELuq+GlzCxmkUuF/HKos30ESA9CNeWjLU1LScx4uBNfUHlXZHpqfXNkJ0/M7Kcdztim17BnAjHPm7VCVPaQ0eb6bfxn0rCwT1eabwyL1BNqBSRu/reCaWEbGd7U+s/lSizorVjDj81QG2gfHTu62wbKcX1spUuOELjwxmzBv9OreQy7DMBHQRnFDqNMFOiPV+IeRR+Vh1i5EN55AstmrxjGoJ0XtliXBhCBzRnRWdqJ8dl5TBE3M2vcl+0xXVgTTYDZhqBw+F9kiWPGg9qWdblkVCCGd46RB5radssO5/OjXlUNyYyvdwAXKfCZ+YC8qMrrPFESxrSAn0JrAr4J9fJUAHWdO9g61OqkvbL744BK62hnfA47JJEPQVllu4QeAXhOrxlmWo1SALp4GG6bXa29rT02CRgdJA7uwx4ZabdK//4w3Ibzsmn6ViRgFgxw5gp5v5uUNpm3qCQVfWnqkuXBZzFeJG++MAnoo7g1wLd5kl7KfY9upl9tdTTdHWiLiVr/LLKWyCnvoTmO6NOy5V1fkfarT4qyUPcJV9DrF1gBepqvZacjBsWYldjScWv/3xCqOZfSI3LQeFDXky1dwHqdFRJN2nyMmlndos/E5GGKHW++qeBYvXMPEpuCEF13LTy75ZyS0MZmbxW2Cy4ME1ESQMi93Ihh7g2c7ZuLdyLlsPQloG5kOE1Qj0hbDU72XM9IA4y2yxRLL3S1VnvlOSamNolgPZ+AAZf5jhNaGphiHskGW2VfAfLgJUv8DJXCQg78zCFLhXxjKVcvUTIh4/iByVi0TB1NQ9Uw9rvgRJPKC6+mqL68ylAKLyQjucefDt8LOLp2zccp0cfxXGw7dJwnzN1NbdPFnsF1lWANpirGNOdVx3BgkdJQ5Bpbqe8912lsLBZ6qE79PU1HaIn55w044D7pLWsYlcgS83ZCgCmlu3E9WKFk88Z9JTsilLIfgX+yP56BMv8MfCw/to91EerX1ZvCvO0NhchnaNm28zA2XVe4+3NpxL7U/ic/OVV5x3jTXEHQHTQIxde/zvhaOLQBfuZzJL81ynWKJo0qLskBuG0zxsdjpDnjWAH7DWsFW0VGq586ses+qJ/KQlmoWb290lj7//T2dYj/e+49yfsGjIVAw8HYbWdMApHaYqqpIc09QclvXOPev8RxkGv39tf06JR5EnVc1a88e7GkuPvMCUaUQ1IWi/VwiB08KTh96ifd1Tx3xnd64sjHybMq/6NFIPWgIJk/NohFnXk1JvxQHqh6WaMevRoTqrWmKYcpg8gUli0J92fG1eV1aynsADtXydLd9dnq/mIr5+WFKErLLXPOJp1qIE4vzVy2FzeWzRynT1L/H+K6du2SvZrxtNDgs5bolvuVrJs6eBFVTIXZDGopb8XJJ+CImSEt2LZjIxT8LgCc8Li9wUkyp7M5O5uAF/PJHiRGuXU53vTjl8Qy5diwEKCuletko/bFgm9X2b+7h80FVpBVs5q0d1CQr/mC2Aj5eBhmcIIV2NwE7S0L+kidGuRBrtIDWsp6Is5p+731xO9em6HBCwqAg3Z7WU69EYBggXACMzakzQS8kroQdFa3mjri8eiaQSN6qPfBj+7nmLjVze/Yt0/Ilre0FnaZAARQ8ihTuBl8zPosK9JB97Q+nZ9pYoDNt0kLc0LgljCYN57oLWjEePwdZRjDEW5B6zHeaTe4W4+t0DBTQyFUxksArcQFW6xtCwIezYE1CGHWl7jsJ6ES8bD9i5RgsHyW4uO5pkJnbdzkZyKSy+GDyZOhlELm/aDUeQyXLT+6vPMMyAHI8EUAnyyEg/Bp3FJz64+YwjNn4lDPitDRcdmC9bhc++kco9mAAQSKmi+uKTleFEHk740ym0HyAztuKK8dUZaPBo/pCAj/lIHWaijOafkOrJbb8DodkKqdxZ0mDutcYlMdM+WMq2vcxUF2/bejP1jMxHppXOUPo9SkTIap15rahBtQrT+3chSBMjXzhy3HhUDNFlLmJXnb47ZcXNyguFFysZvxPt8Ramc9mfPiPuHA/cTv216ZMa87ASAWfxvUfYq+CvRdUWIrqibiwUIB7lwbPHLp9DRVKCGrUT0QVD8vo90jCeczuscB0Bza3g30/nn35mA7k01Pj9PAhZ41lWqkQ9v1FkzAwkQ4e219tCgxvt+ITewAXEPC/yKnzcNuSdSmogf5bgWmjLhXbEh6BZo/kR2iE6sEYRTq9LjPC3nANjYQTgx7gnPU+ugqWnBrVzJz85jF2D3AYKtutfQnGRBfwkUWSj+9tTgSVFFNaKTDNiHBuN0DpoHKDvU43iGCuq5t0/JsFcovYVaKMd2/apIZnd0EbyvoNI6PrSFFFvDBSIwkvKAibdmrVURq3mf9PFXBeuSMZMOrC7lmVE8zcZE9tK79jLk53GbC2x1tPvoyin/VCTqWrke33pAp/bB9GXOzR/O8YLqzt/BZLsKG2LjF5aWSnTO72P/iU/7TJEXMxm9Lxwgxc/4MV9yTD6YVE1V95n2VuX4n2k00wku0gNOWG04Fqf7lwG70db6tty/CA9uOTBp32m+dIL7FrZXYQ5XBb4znnT1290NcOPo9BrQrJDBWv0hKmHqV/ucQcTJU8AsurYGcSP17nmjNtzy8pu3jPNh9ysXpQPEJtecxfqyg9ZgnAGW8Fd5I0rPQpXaqThbVPpjU7xM6o0zaaLTb/Id10lSRj3682aIH2H13r4ZfA1+HKSu+39elEkZdYum7pevJ1YoUNwAeWCdE1bpb1Yd5Vve0cJ68RdgTw3YS2suPezNzOEZ/mK0lG1OkgYaBrktP9GXQlGw8xUIIVi89V5Gcou31nWoy5LC/hOWS4zFGcgalv3TRq12EfCHFNrqu2wr3i3C1TPtQyESVtkzrgNZ9VWN9tBttGuvVrul2xjfayRTQggVLk62sYuD/PGLwpDu8JIdyqt+/CZ1FsaKP9UUfjs7AkH1LuEPqT/BLlqgCe+Nbo8PfCTmQ142UnPy3bXcm8D8A7lZ3E1t4bAghLThOFkQ90YdFPNF0zGsts24i7avOqJAeEDj/MOv3l18jvjCOUczEg842ad7wvLAqs0qfPUQLQJuPd2AaBub3JjGij1gAPSThke0b9C8jBkqtTgTuBwOuTHJLmQ4aQ4pBqh7SVWq3NnHGc8fHIrOpjKDxW8dygztqH9O7WUfhG4Vvzj5EACUJRRbHKfLQoO5mhoAlrYsV0AZkqVue4mBwD+ZgMA+G8Nm2AROCHDW14UOSEbIAfCZ9IK2Tl6pwP6lZxSrDH5aQnvQDn2m2MTXdJc6GZF25aQMRuKz2TPv5ApK8FhAkdpc0SRxSq2gwU48Hwyc0TxDCgJeNWq+NihN2DACXNKZMMY2iS7zL3lBKgWk7qEpnkyofB9+XP2qS9/iIiNxd4pXyk755WE0zFTRQsy9CDc63U+I5kjS48upil6cnrEVr7iW+O1ceE6UGSYug+TiHwrZurWc9YJJkisJS1HPRL6/DB3Y0UqgGsprdUACKHZGK2qQ8tJMEU//hE4guy8h87x6YPgSD6TIXra4VzoCZGDWp+FiX1dOGeFoL4mrRXS5xm+ZDxT4Yi4XMNJ/be7SGSrnD8riqPphpLewHitrJaFizHEc+d45h6xoXZcKeJA/i3WlxIHlmmVFoN12LIUcR0c6Czd9NQAgkeXmXacMZIuuFyWf5cco4pCS6281CcNg5KaoUVoi5Wn3cC0e73Ncq4L89pbPIkTeXk2ItfrREpj1+q0h1tKgntt8fIHqX/QRJl3AQz9AdfMEh7E7ZkFh3MqxABRBAb89ibja2nSaFt9PRvBRWhEjVVLUaqrpmYaJ8X1/TLfEvICn0yNSKcJYGCQ8FSpl0Ekfxc81VGQBqm/OrGV+AqRL9mtxZFvb0ydofdobCW4TftuNIlK5eQW9sFqBceCg6gcn3gqWQSHVXUNg0UQPcxpNPCK4gGP5XSeR5YES5YpSRISwJmtuf+E9Jm8/gYgvRolWy5KelDcAUzKF0WzuUbPsMexjt+sMeM/8n2QSbBQ5XvyA/709cJXShpqgkQ174J/WtGz5rvRo6dajW5aqOPiswXq8LtyQL4JXxBRLtik7InjYRoMLTgcn50KjEb5Fi0r4Po07HWvSOWvPV60pH8aRqlUMTSv1i2vJaUbStfpH8aJN0AxoOTqEsDfxJDYT6WpI2OBTSKbCCcfj561RsFwarrTq11SzxICQJ/mEwXqXydiD/L5tT8fzpkhHvdCEbTJSjkDCa9EaFVL0PklsVHZ4eAqRfDcjLxS20tplT7aV9e0Wmjpiff5YXNzjVz22ObVKaXCUrGO4s1/KM2tQ1/sesqhpgnAEvsYeVZOJUry7QeG8O4LB1gZI6FOELeMGb5E+kAuSJOBmWhSVMynccQoRVSdKl88sNZJkKwamGm7IA7/oxCxAXABnFuTo0wV6A61/fOhoYrJFu/XCDDJNR6F+n9S7Kc4YJlIPMj1PzcN0W0JvCsCVgJXMwJgFGOLzvAffGvr5DpYrGFeaxRBAM5dEOCMr1beRJdz/MPDa2i3GyAab7if58KTSrhKJJ93av+xuVkB2/oJYY/GIotRKESVy+t+oIumjJp8gh7UV59pVg5qooX6n9URxnRNZDNSZyErKMSsZhgUbduvw/NgK8tJ6aQZpjPzLHHnUyEuznKxvp5vuMDeUZD9SysBfqHBt2Ca5wF4FMXxbKdex6KT499lJO35TNnOfe9+xulKcYSmZv8wot0f68CUIMMn94CqlO1GBwMpkulIhtueUi4gDhVLEEsOEMMztO+glXsUqM1XPY8jhc2U+SY9wALPur4TGuXSLxt6Uy993OI5AzSSo19ME7bobgtY/7aBVgBmYFSb1j/71X69gnR7lirVGje0iSaJDiioKl8JaUP3lwqT7pBkojbWVo6AXEu+O4OP2898XkXJUJR/fns4L5NyoJDRUNOx0NZhUbTnxROuGMBT/a0jPD7YM7Ue2qRfmCyDe3f00q2NF80lQ45lrAYFVQtXbOhNDSd1rmUYOx9DTAt1TseY3oM2PVFubGTp0J7DyEkk7mjUiIGKXe2+/Vu1Ug6u+i19YCF7LvpQEGmch43b7BV9TtTMs3HEwY8aQfly1bCbSkcINaKqH90ozQoBK8DQdg/2+LjZFqQsIzNlr097KJS7vnrUem+NzBdACwKHv6NdyJNj6plLqFoJcpyXJNFz8uDAZWooIwjnQGDHlG+vi9u5ydC1QgbSWoNyJtI/zcntEAr+Jl3GnQJDz83ItGgA6mugtGf2OjrLxQf3R1gLQfqwTFERaurUlDA/t5V66g69jmWrWLT1YfrCYZi6mejTLxzJ2YEc3QPf8ZV0VN3nmQsFtLjwMYVS5QkqSOUWAu77yIBjpOwJRm+ROawSejjHBChA7Df80N5ujvG9qgtYIrarVGEpsjUhrUnUDWH4D55zg5oPybXto3q+y4fCO9xP6bYwkr3RjS8swJimQn1et8HfT+cdK3WqrSTAOrbQqYuDFxT4ptI/2Itr9+7zH9jj+P3tIg6VpTNO3y6JP4o4CTmhhMR6iuVjUIKiCCnoLOEQMelG/XQMVr1AZRq7cxkHbWcYaxlY06SGQidN+SPsY5UABmxRT0KnsWVB7naFcviaG1vAb0GUT5tx/UmcAKg5uTuvGIbGcavRN3MWvLngRbfmMq4ey78QEue/+kgELL0Ga0NrlTR5y0nsfTbsoNTgqY8UdcJSlj9j/+B2I2O/sf7ugdpNwE4/gyY+WODXju3AirrpHjGHWZKwWFlaf6CNP1fKAG7JXV5+E90IrvQfH2m+cIAXZnbpmDnvJD2+2H0ugbcgKpMhkT3mTsrKT2hLf57w/2FvcFiITIF82yWvIdnPkD4092Jv5ywvsxgLQV/nM8Bp6Pz9FiRXTj7jgQdlNWgSXjgHcOChISgvo7SUUjuZu94dIdForpqPPuPloo76oYBy0tUhYxJnrNS47uePf8ZCdy/PUSRrJR8SdypSkMAjQBvD2qwl/bq7R8cvqBXyBbtXcxo0yyI1spszTIRTHcjrYMNG1mHvSnTYt12aY26JnWuVIU4MQqLPIkClV4XGG2Z78RcRHuUt7vO3j2FuI1qJXXth1i2KZ5fjmaueS4dMnlLkxX5wdP833vw4bwyZk+1m4qs1m72qcDzaux9NV3tmRdP/VMDLJ5AHF3l47kHZZmvxziUc2E4hyHqs+OiaRPXHlvdckf/gr3GmC+9nUuTJHOjW/h3RZYGX8RUZwv63zzZ8zf3kwW0437l8ppj6U8IxuUqw11ip41IrbNutJCXpc9GHFFZZazu3v23j4q0YtQh8T283V/Ei6zLR3Y/gptEHR2jevwzeB6CEc+n4o57dKEd8mqCXt6q4FWdm3dPDh+yXMr3tbKeZFd7qJaU455q/6zBYEHx6pKcNeiAiIRDxd+uyfMI4Sx2kcB5db2DmaRP43NGfae0BR1GVKxTfPKUHBlTdUcmhxXx3xJyXHH49ZA3Q+w0VLtqFJk2SRJJLrLVrhC66c+iz9MR2xHA/NeLVpbg3PXWTqZkEx50G4fMapG3FZUf0aAMR6TMmxsCJE8H1J5+CASj08saAC80UiWOCUYUyK9pjtgLS1l90788CO9aiI9lJp7bb026S/HG4AvCfISnpXppAzzei+uk2MhSdh0DeYCcQ4tn6fiODIVLaCyxPByg12WYUUjgm/UApLJVSTHlgobjOtH/icEGzLQunfPMTwO2B9Itv1UjezU8b/eq/4c7fHeobywRrSmZKFf7e3JnnsJKrg5HQVWq/Yum4YkB3ny2AIL/DfTIiU0kTt3VdJE8XhgoRdFMYyEXY6NYNSXqMwZ/T/8ndjZt0Lo6ng+0thxOa+8bKBXeIT73+d5+1KGl9Z9hWZYJCs+QYoGoszid6uYNcbwibT9tNqG8wCTS+vyhFmB9Gs5xTNZ3esvFrJVsCzSEUJc5bJPpVI4dFlRPteJseKd8kWwkZ7SBxby5slEmZNCt4ftvTi1BmoAEtl7xr/U3qW4F7V/qCTorIaN5akL2lQwppHyi2q7uiRe+jfXLUsFa5dIfTCT9CfcdEKtq7vj3tXcGS406qQVC1y9OV2VST4NP5eSYTArZnhp1+N7Oug8SLaTdidpfNNzADuWT/xNCVa0oxQwt5V4+KiqlkdoNcyf0ycbpynhP/dWmt/V274zZJauTHRz3Wxir/4yMlPiROSzVd0DHykmUKyWkonwZWdz+KMI+NDN/K4KIQX/7WC4rRHD1GYv9zAfoYQnTxhZBS0Iry6QVr4SxwjwQKPK2aV/1XFrsskwk9eZbG2AkO78IV6CneLd2n1pQoVsaP2gJ/Jgs1pnM3vur9Xp43qc4QtQiPG1Ex/SMtOpuNAYm0/OGfFKyFoXRJPYJ/AHybfGSU2/6lchqk7IEXefo35qjHdJwsbt1Lchu2VF0iWWmQY5OZ3OyLwr8a7gyE7HYkhGCIgFWt9/OlvCbqQu4pDjTPOEGn8vRSc58t2yNZUgVadrqAwJic+wC8dqOxNz+Zml6NyroxkhtzTwuKolEV3fMFJ7m3Dws8AiSkSoEr2mlJEi3uL6m1BzNx/8LQRvYZBgZTZk9MrcoqvVGm0+AFazol74gdAuNueHJw6/DXzE2H8K+znuXx8PZKB91pPJ5vlYgvjLBbd2+F3h28DaV071bN+bylKF7yt3+CY2GE0DE2SOzzd+TtFUy7/C9qgsOM+tO9Vun3S3ZYvQ5nkhKylEh/u/7q0TCMOgbaL5r+gsqXBQ20nsRAQQocNc8lgkgFUnmv7XDc6whQnQpJsOdedMPdHhP7Us+W6a0RsCMfDEFqOMHx8dT2UaUFHMYVrBA0Tg09TVsRywT6R15jwU6Ciqv0+RKMHbfleOAgVMGfzFSGQMYkJPPeTQf3XAjnM72QPzstsfJCR7gRdVidljHzzWXl3MlcwLbn4a/umqF5qBHC9CgcVaH2VwyK8YOY+VmfpDdnpSGk5KwncCr1mDAte5cGj265mnkYQof3Dd9I19FHdQazktXImbsTXYdQ/VcWX6M3xf0ocPGkK2AXD+Y0kcCvNZmSIR8LtYPUAWvz96sjxR41eG/fnA0/DwT572K9Xl9AeA7zDOXWNQlRvwExI5TRCBsMCxYSMT2AeQCL/UrZfoOsWdQS9EgdC3MUy1BpvvwUuXzEyvy6kSo2cHkFIW5RK9ZfUQh+C4n6EkxyvTYAQuXSThceIGI/1Uo/8VW0rFVe6u+mvWRrhcDf7oXl1Yb3bkhIjm3qaAp4qHdV2MbRgoEdld0UB8hF+nJOGnNCoIapfdnFDY63WOfJQCPFD5u3taF1PgPJAIjDrjxdKdjkrxeA5m/auRHKG8MLLZ+OCgnANA1D/QSKIXlAkPUDSBXLgqB5v3T99BozRzh06oFt0CEmnGdz9YDPnYNeKm10orTODYRkXzEg+uDs25TOFBtZdsh3enFYCS/UVvMWOn4cz1cZEhSyM7SkiT3zJCuXjnzARs2sQ9+JQgc15W0rYS+QiIK7GlZDeCPP5Q98Nf5EVFkjuxSaMjd+XbSw4tCzSQI3CgHDedfhvlDk/9lzayqft9q0KONSwWTgXKD2AmYPNAd0tHG8LAAd5CswMSq/w8IhYKm6zgjkVzBlDvjG2VYTEaNAGmHBO/1K22M0ababRg+8ZxhqEITZUoQWmdUbIyOefi3JSAMiUUqPTug2qf/f4OTPEjgOFYsKmcibtvPfXa6bKqNaIKBt4OSkH0iDacXlkqGvLuUaKvwahE5BhGunM0hXilUI5w57ONuf9BhGc9e1Bz7TS2CxKAGrZZbYLmPf17PtI9gI1OH9NPcfCZ0jHp+a5Kc6p7IIzn8whY81uI/u080L47ZCXZkZXmQdTheaujIONbyZUcvC1rYh0TEqTx8/P77RHYoNRU9mBPTjyJqdzq2NaPETj2+nVpd4386PYoTgadl73ITwH43XZYvuRsO6+l6OCPx9auXzKTvrxqsnLksGP8tptj7UbnUlsjUsAx+Qz2EhBdkQ22uoZSk7fW5rn5gCFai6dIqwUG9rmwXVwoOpz7q5aCFNHsjFcY8UCUUAeAIVavWVZBFCGgKGqngTrvL1v99x7Fcn37vs2szxnjIleqTBi6Fz44xNgeo4AtoMzhGbx/VdRvGzsM7RYZMuehP5L8DqKEaOblLJOvFUTXb3K2ZH+O2dMbmJfEMMAIaucda6Ym2rS6kgTlgrodyD6D8d+qZSV4ZvAWE3FajWtOf5eowGH8lXIp/I18IfvTsv1jFZEnvr6HILATMXf1qlccjgC+SX+c1cHlqeW84J1VFgX6qiEgLWUa6Z40WA7kSGSyo22VPurAcnEYiD2u0JcMje4WH/elGHMNtqcjxu07MK+XqBOO95/rk4xOJh0fZU/UBu2Q3nY8JwAuQL7vPEXs1jBCVJkOTyiCjd84V4hFakMD0YtsDR+OBUJ0Fc9F2fTN/iO7bxyoqdeFM4dIhiXhA+DiDV3n0qS6QgrjgNtBdIdDVMePde1svp6USj4VKkrG6Ju+kERV96YFXRfdyS91SBpQkyBDxn8LxkwnW3ftBWUwPa142DjqsHcaOeYtin4tl8jY29rnbF7cprYuVGDtQNJ1GTBK/op4GN5ScMVAcFyIMoTkt8GEqBUTP3zjO30Bj30q5YWN8j770VcTc7dyEG54XZP7hWowz5xZErZWARJL3GB3pzdZJVm17ELWQUw4sA8QZ8G79Lhd0nxBGI7pPeTglFXvhwGxB9fzc2N+sovNwqPQMqu1fJZ6clKN3S76ZLFfnCVwAPep0w2RnnBwTksyTRtpR7L3aEDx+lV1CTUatIfD52Rtj5kXfrJ6Y6Uo9qpi+h0LEaXuYJwERIyFnHJPlvPdBWhvrfUgUHRdRw5YwSByU2oHyLBFfKClAIUopehVQsYG1xfdo60v8WM2QZMZUlIAbB8qfLpk4yzhHEragHgf/Fy4QJxw4c1hop/W4nJOLAPI32pd1hHUurq5hhKZJs90louh2eiNXKtGJQptx93YM7oGUGHRqtin1/uxQ9LQZ/Iu0kSe+jKRzjmZuI8bK9R6HqTJZrUwGAV2a2YQjWJVLRsGV5FMN+FDQQtXcPnGY1Vhp9WS4ecR7j6WJaI5gi70o7zZz5WMJhyY4nJx+cSfnj37/KM2RKkEpDl7YKedCkD9yRXFjWNQgrsLu76WsDf0zuAw6JFNLQpA9n1IXXoHWDYeUxET7XcY2fh4MdQiTrSDlD6LbEsCK1ZVYrJcDhpP4O8TOAA1nnEcLEwXBLopGyKhgpJhtqlqM9m0sF+9p421vq0atL9H0ChImzrIj2/nknkc3jv4PCUWh/sDsjWwu3MZBfRNCufk6tagNESJ3xj/xit307XIe9NbDr9DCki3nLqD9Lw1zGxTIl2EGmevQP9g32DbMwXynWgqavT5wDCdUYNPMTBgo2ereXEEgarp11izSSjhZhad3l/Q1rhAs+oMI6eulhLVwmJyjyGQE1zX7JC1FnmFnYb7T0fEA6/pfWkMxzKBoMzJlQZldzvPo0/1FIg0W65VgNIzAGOJJqWBPrgqk/8rcU6jbwgrYDI0fahY/x+fKRnz2hp/E0a18EWrh6awCaYvpaUV0VLU7OjjbCqjSeSN/0fy20VKqkbvyxuiT35xXW94lI7j21QLta9P/8y5rtNEVQrAC2Er7LbyfnRSz5uNXijByzKR0b3wNygur4GaLp9OIlh7xdGgPA+j0/Z8JeGeYmQLx1ZfQ+qtFLiNHtZBxBs2cRZhYKFlCtH/BgzWgVSgyyKiAOQhsP9ezPKrc9VU2xi0XCu+8ut3QfyMctFNMzNhyQuS3DDK8vvwhLenWEjPRGnJs1IBC+lnWawy1P8R/UEJ0AZm/MY4ZCjGgHfx89wHRH8gezDaPLaiei1hRKeEmAjWwc7/PKLe1dhlMuGFyGzbX1RZZr/6W1xETDUvIl7zBZOe3jTW+380TpZ/jSELkmrnniYREJk2fIIjbYQjD5yQq+AFSPKrUrR8ZofkqAHtAP1vpt9hrxJFQwdFCg96hcGxVI6FEdas/ux7H5d0YgtoYvD/AW4ljnvkYwbzkh2+VyO/p/z+DAr060bi2PkVaBxLX2fNaPIxQsAPQ9wSiIYJbcdZB16nS2tB62t48tGKpWL6kc/4A+rtUlnfj4DyOpl7czMNvdUJzH1igbDFYDicwD1Hb2PheB+8rQHH0dlOjuCSGDiR0euxI4Z5j6EjTDwhBfb7pBCEnFM4cvVbwHeC1dOo8nGJwEoVA8/8ksLjbuyOSXtEIx6Fh+UVNNvBELg/5RJiJW1j4J0XnndL/3vVUC7RyIy/g/qUdYgcqE51NTE2s+az5L8t+5PejugneuVK9ErsZEEpEKQuySNBdy3eg8W8Ul/6Mc+MjDh9nDVrlrGoYRy3BC566ALx4+6uWe7X7/yVxu8bEn3zGdU4yJ5iVYh485t1tcXfVCDo/48CWY9aQA5OtDdgWvWVDqfqwnN/IPVhtRRzMv6nwHubRbB3f2Z6vG7Q2lwiDhe4pWcjrrnYDwHUuVcUTPuMewINBDdYJ+Jt3bygx4BWGo8Uve+nQPs9mm9sFjS8sVA77oOvaOYgANTHEGZn68v9qVEOOcoUUNrn+JschN2cqBegjd+5jF8CbYUpEbirkdmDI58momFRLd+TjLr18prDC3mvNovizUAHG+ZmpOWfe6gF1VxXLmrsujIS5GJRPDxXv6+hpN8Cxi/YkXt9M315A/47/Ek9a5oRMPdSL94uFmfA2TxONhm65CstSR3xEj1Fo1iW1QDugUSZ/XoT2VX4dV1LRQbToRFrhMOoe7sR++k5MO/p+sN++CqcmQfKSy3eZqkObq719bihN8X5wXcc45vvBembgpFyphHZ6lTt6ni7IRFbwMSzZDU0+rxIbVY++fG1VFJfrXSeTy+aW+yNQb5laXsLOt8m2dHT+Az/0sb9vHIHxEiIDR7RmUmtsm7EvWe46ds8bi6MXhQU8C4/5SXs1Fdr5o2ao8hvE3DqTQ3WSoq9HWEvZ6ySS2Rqp/b7kqpt3Xk5Q3Wsr0X+N/MCE+5LgyCFcVBVu7JPLScgbEitXKTrM0tO5/et7Pve3bIcTQjNe1LaY0u5sxWTs0lytzboQDa/M0lzZmYu3B0+nK1mKwrS1VETAk4mtHGC5gBwxGHF9QX/DwK5RU7O5y2TLOamsr60PGRuvFOmiABiRCg2Isw==</Value></TokenEntry></Values></UseKey><Claims><Values xmlns:q1=""http://schemas.xmlsoap.org/ws/2004/04/security/trust"" soapenc:arrayType=""q1:TokenEntry[17]""><TokenEntry><Name>SessionKey</Name><Value>MeH89RDQp79OxECIWUUx9rvKEDQ4F/T5Nxe+CQb9dZJCne9wR/mtv7dD19mdejlX8/s0MCRAoBgz/DW3TsJDGcQQfT4GQ7nVrw8KAAJzQ7ibqW9qq89coJTVYZlfNVMlH4e3Ns+iVcEXmJRFkrwp3W56beATNL5Rp6HBNid1i3W7br5J+A8vZfUDQfaBIGzJWWEwaVVPkLl4wHlAK+jsAUQ3qGIB2nsQu1WI5PrZQZAvx2Z9YBpwgJv2GUezoa59eGFDrtRkHAVG9EY+iiEj8X921VSXbWcNIrfDT/3IqdOw5+6Gojpety8JY6YtGnZpHLOyhlSNFZYTvi3ouHCpvA==</Value></TokenEntry><TokenEntry><Name>BindingType</Name><Value>qPWjbFG5YRE7jvbdPguJg25hPgbLUVEK3Gkr+SZHU98=</Value></TokenEntry><TokenEntry><Name>Binding</Name><Value>e1yatUkCEpEdaxFpQTfWBWVqW1nrKtNyDjw/23tpfanQXQaRUiUJV7VDKivudIpYaodwddUdb+E+N6p5LMouTRj7C4Vf+2bb2UOobtxizws=</Value></TokenEntry><TokenEntry><Name>ProductKey</Name><Value>wO3mkEXPq2L5+7YSmCQFvdsLI+HhYVg1vNhzT93L/PM=</Value></TokenEntry><TokenEntry><Name>ProductKeyType</Name><Value>qPWjbFG5YRE7jvbdPguJgwNf+VKnmkZCZbTX3GcLC5I=</Value></TokenEntry><TokenEntry><Name>ProductKeyActConfigId</Name><Value>RShbP3xUY5jBzgN3ZGQDq6VCwkUJCoo5MQlfcBm9zWXMYEwdJSLPDEKOqP+it2uuuez0XXNksMDy0dgRew4WRRby8I/5kjOJTHz0RHaDLBE=</Value></TokenEntry><TokenEntry><Name>SppSvcVersion</Name><Value>970EFIGm0ftziMIXps/Ccw==</Value></TokenEntry><TokenEntry><Name>otherInfoPublic.licenseCategory</Name><Value>BaRu7nqGlosPHyw9nvIT6K6OIjwqRJbMDfN2xsmcJ7Y=</Value></TokenEntry><TokenEntry><Name>otherInfoPrivate.licenseCategory</Name><Value>BaRu7nqGlosPHyw9nvIT6IwM+c9VzIzEQUclPhcOSmE=</Value></TokenEntry><TokenEntry><Name>otherInfoPublic.sysprepAction</Name><Value>0Ka1XyJ5C+TtwG5HzTtVCg==</Value></TokenEntry><TokenEntry><Name>otherInfoPrivate.sysprepAction</Name><Value>0Ka1XyJ5C+TtwG5HzTtVCg==</Value></TokenEntry><TokenEntry><Name>ClientInformation</Name><Value>T4FLQ1hbKsWY7OiOx4zO9bYe4fZJ6o25LsWAAjqvOxTVKcNeKV3innRWhyZV4KIIBxycuuR9Ct1KEHZr34nkng==</Value></TokenEntry><TokenEntry><Name>ReferralInformation</Name><Value>P2gtORJZAFBfZ8yNsUvCzjqdAR+pk+E34zajPz2Rm8xNxKqUYW8xxnWCQVQHiT4HJHUoGDV7GpmZIff0+yHCPA==</Value></TokenEntry><TokenEntry><Name>ClientSystemTime</Name><Value>WwyHhdwxTUXzeDLn37eiOsD8FabYpyqTULAJlTCAtR0=</Value></TokenEntry><TokenEntry><Name>ClientSystemTimeUtc</Name><Value>WwyHhdwxTUXzeDLn37eiOsD8FabYpyqTULAJlTCAtR0=</Value></TokenEntry><TokenEntry><Name>otherInfoPublic.secureStoreId</Name><Value>TQT/tj2JVqmi6IT93rPQNeZZN0D4e7+1eIlmL2/N598aMke7XDwST9bPNHxvJiLe</Value></TokenEntry><TokenEntry><Name>otherInfoPrivate.secureStoreId</Name><Value>TQT/tj2JVqmi6IT93rPQNeZZN0D4e7+1eIlmL2/N598aMke7XDwST9bPNHxvJiLe</Value></TokenEntry></Values></Claims></RequestSecurityToken></soap:Body></soap:Envelope>)
00010002(0x80072EE7, 22:40:47:065 - <NULL>)
00010003(0x80072EE7, 22:40:47:065)
",,,,,,,,,,,,,,,,,,,,,,,,,,,,,,,,,,,,,,,,,,,,,,,,,,,,,,,,,,,,,,,,,,,,,,,,,,,,,,,,,,,,,,,
2026-03-26T05:40:47.068576Z,"{'#attributes': {'Qualifiers': 49152}, '#text': 1014}",dc.danglingtree.htb,Microsoft-Windows-Security-SPP,Application,182,2,,,,,,,,,,,,,,,,,,,,,,,,hr=0x80072EE7,753c53a2-4274-4339-8c2e-f66c0b9646c5,,,,,,,,,,,,,,,,,,,,,,,,,,,,,,,,,,,,,,,,,,,,,,,,,,,,,,,,,,,,,,,,,,,,,,,,,,,,,,,,,,,,,,,
2026-03-26T05:40:51.045725Z,63,dc.danglingtree.htb,WebAdministrationProvider,Application,183,3,,,,,,,,,,,,,,,,,,,,,,,,,,,,,,,,,,,,,,,,,,,,,,,,,,,,,,Root\WebAdministration,,,,,,,,,,,,,,,,,,,,,,,,,,,,,,,,,,,,,,,,,,,http://manifests.microsoft.com/win/2006/windows/WMI,,,,,,,,,,,,,,,
2026-03-26T05:40:51.047333Z,63,dc.danglingtree.htb,WebAdministrationProvider,Application,184,3,,,,,,,,,,,,,,,,,,,,,,,,,,,,,,,,,,,,,,,,,,,,,,,,,,,,,,Root\WebAdministration,,,,,,,,,,,,,,,,,,,,,,,,,,,,,,,,,,,,,,,,,,,http://manifests.microsoft.com/win/2006/windows/WMI,,,,,,,,,,,,,,,
2026-03-26T05:40:51.048684Z,63,dc.danglingtree.htb,WebAdministrationProvider,Application,185,3,,,,,,,,,,,,,,,,,,,,,,,,,,,,,,,,,,,,,,,,,,,,,,,,,,,,,,Root\WebAdministration,,,,,,,,,,,,,,,,,,,,,,,,,,,,,,,,,,,,,,,,,,,http://manifests.microsoft.com/win/2006/windows/WMI,,,,,,,,,,,,,,,
2026-03-26T05:40:58.847647Z,"{'#attributes': {'Qualifiers': 16384}, '#text': 5}",dc.danglingtree.htb,Microsoft-Windows-Search-ProfileNotify,Application,186,4,,,,,,,,,,,,,,,,,,,,,,,,,,,,,,,,,,,,,,,,,,,,,,,,,,,,,,,,,,,,,,,,,,,,,,,,,,,,,,,,,,,,,,,,,,,,IIS APPPOOL\.NET v4.5 Classic,,,,,,,,,,,,,,,,,,,,
2026-03-26T05:40:58.889621Z,"{'#attributes': {'Qualifiers': 49152}, '#text': 8200}",dc.danglingtree.htb,Microsoft-Windows-Security-SPP,Application,187,2,,,,,,,,,,,,,,,,,,,,,,,,hr=0x80072EE7,"00010001(0x00000000, 22:40:47:176 - https://activation-v2.sls.microsoft.com/SLActivateProduct/SLActivateProduct.asmx?configextension=Retail)
00020001(0x00000000, 22:40:47:177)
00030001(0x00000000, 22:40:47:179 - https://activation-v2.sls.microsoft.com)
00030002(0x00000000, 22:40:47:179 - 0)
00040001(0x00000000, 22:40:47:179 - https://activation-v2.sls.microsoft.com)
00040002(0x00000000, 22:40:47:180 - 1, <NULL>, <NULL>, <NULL>)
00050002(0x80072F94, 22:40:47:181 - 0, 1)
00040006(0x00000001, 22:40:47:181 - 0, https://activation-v2.sls.microsoft.com, <N/A>, <N/A>)
00020005(0x00000000, 22:40:47:181 - 0)
00020008(0x80072EE7, 22:40:58:886 - SOAPAction: ""http://microsoft.com/SL/ProductActivationService/IssueToken""
Content-Type: text/xml; charset=utf-8
, <soap:Envelope xmlns:soap=""http://schemas.xmlsoap.org/soap/envelope/"" xmlns:xsi=""http://www.w3.org/2001/XMLSchema-instance"" xmlns:xsd=""http://www.w3.org/2001/XMLSchema"" xmlns:soapenc=""http://schemas.xmlsoap.org/soap/encoding/""><soap:Body><RequestSecurityToken xmlns=""http://schemas.xmlsoap.org/ws/2004/04/security/trust""><TokenType>ProductActivation</TokenType><RequestType>http://schemas.xmlsoap.org/ws/2004/04/security/trust/Issue</RequestType><UseKey><Values xmlns:q1=""http://schemas.xmlsoap.org/ws/2004/04/security/trust"" soapenc:arrayType=""q1:TokenEntry[1]""><TokenEntry><Name>PublishLicense</Name><Value>z+3ExdKSy0n/9ziSF5BZUjRp1jO4hgItzzxbZnueixUwglWpB9IBK0zmPHAW9iR2NlKC96wRVJTvC8S4B3QviMmtf58WyQ2QkCu0Be6T8s29UqtM/sSNngA2pArAV0Lb78Kwa2LPjYJSnduXM5GoxjunaVAQA2LklybIaqq5ieUJ7PkZfYDSAW2TF9UV+PC5IUin3o3kSQcUQtUt/7GZf9r55xBp+EAZTFYYFsFSXgOGf9/RWsJvzZTrwI3kW0Kmilgs9WhQ64VGrJyQV0xdBRkLLvsJEr+9+ubGWHzwO+O6l+hC4dcSx1/MpgkZ3tUMP73VE1DrFOE6SJ+RlQpcpE49T7qkyJabVzxHjDfDxbGodD0j3qhldtixROrn1FVsgqWzX2mlB8flHgcLRBcrEhHG/jD/gttlEsQIR8aMymNarRwbH7HiePxl7QVLltYmSY9nEkhF+obQzqptK1Et/aSktXCOIWsBFvOjsH/Ghivdbrqm4Cf6eWM08o1be7nxOTboB6RhOOFw6KUvrudI+zE9nw1wvDtfh61zTYBezAK0pdIILcdBKIpHbRhL6OWJKDHTXp/0i7nak2n69odxjjeSNuQysFO/WTp1c4dxFpOx+19wivMk6LKdTOhyHw9RPXNUr/y6h/hF3CSLtERVnWekKA+NZ1e6sO3TFvP3liREVALz/9wqCqYw562t5jstCD8Xq+vUPY5Gw329T3sTkpArUjRhLuS3w4aMAkxU4v1BS5ea3z/uaKcofIX6obW0vNs5RiePO+5/2ioukn22ViA8ZGWSnCaqvFrYTOcoOBGSEjtgg7W9Nqbi8LfgdvBOTOfestI4Ia3vpzxoOYR4h1ZNCGKVqJb6dpSTCAdhJ/vQ07nhDAJFlqr1cAABOfIx14DLI/OoNGpQw177T+eQvq7AjhMd5DQ74c0VaMSVw4s5ijzsngxe6yiYdWmVrDsRM0EfoxB0SZzgUcDVlNFvkcPIbPxxwyFGozkMNrfAIiL+mDIIikw4SwEjc8bCqOr0SbE5fPftViM3/C2XV9p7HNREZguyqrt1GmM1fV2g0pTAyP3Z2kSiKTAgxz2neektxomqWY99LJFuFiqUEoThs5qKwssGcpGPRCYJcfew7yeEiaNJCO8yFLtmPFNi5wEWFosKv3k1yR+T4gUbwTyEi5ClgerY/JQ9m8zemqh8za2iW8SvVxIkO/1TGz9SkpYv2WZBBas7DXK+Q6w8cFMTMEZSOtnd5F+DY+c1ZjVaD3UY3A1vfbYYjY4bBT9OsvhFoCBqaqrHYrLOZVCSUhn4QfKHN3gDZZqataGN8Sb3VCT4yEG1x+kGWOl3DMrZYXs+7Ho1hfXuzzd2tHy1dqU8+E5Ho2bBWoSObwLE4tf2EP5VKhWGI11NJxKAEVdltaV8tqbM62760im3YrHH9aJYMyQJpzw98WyhOgQwsuNRqmHo6lugUCbWaR2TVwfRjuNRBkbiZHrZgRxvjbasV09KBRpLURzr2lDEfIbnZbXcwPVUR5s9sw1eVssofy9hunlORPt2qb2cVHJZcXHH0pYw0APac39yUMV/OT4k9reTWxRjY+K09ULesB5U4296dHfEcLWYR8h/e5kGy4NKvVKJ+SV/6//BIwYBffPAV9UYkIOR1uV0Qa8ndqi74w4UJBg8aXakOdwPrUU3TqhlWinytXjkQzUmWKaKm2zeWdgD7G+jP7H65m4tO/ik2V0L9dZNfZO80Iy0wL9mpx2+jsbugaJ5Iy0a8FkJJXUIgku8Ckke7nAdbygc1UtxTQKrYsOyMenT5O7fBuOyD08vaCyhjbkFnf/UmZZaUyC9kHctCKDMPs8VUgY6P85o4/TD70uo6+/UzJKNmuvPwjL8nt7wkMUHLdvIEQSlb+VFn8Hi0yFGFusA6xpzygrsc6D0LLW3OmWiliACPgLxHRnVfvNi90DWPUqaeb6y4nhxFnVOpOzVo2QM5+FpKsCEU0Vhr6Dt4DqSglypzXUhIPz5DntVUpwMkOhpjGemjUbo5fvJ7zLo3aUBRmkVs6CEEzfjVBeU806A1tE4hVQyH2AMIPWcMwqKemKuQnVd26OG8URhN9dp72OmEIldSNzydTlKcOgTpunjCa2Mcq3HJ8AKzjXJFaIvnfn67OfqC+uNuCsYwoQqrX3Udu63JQpk9HH9i+bGNK6R+creY3IVAEmDjA3w74ozXEnl9VSfc8t6BHjVpmvRI+wkh3yv5NUQ5euUCwUSn0XrYvNnRlkMIX2XWH+Vk0XUZQlX3dmFEnxc3nAljCCbgKchox/ThqsZESJ9+2rjYglB/HxNvaZ98/Ol1d1be9ChyztIEOs1vo5WRZEkXe+y0tVm9D99AhUFvF58EFZxYOgTTRHfLr9d2E6T5VUe1qD6KsENu2KinfY3OKs7pPgMZDwee6eBgvSupNOI4xqxZi/z5JXC3rlcZdsGqAbSxrmFYn0dBceTTBjdUxqdB8R+Z70Fbe5gJt/fQ5McHlGlh7jH9108Kncuyn19hIl2Qk3duAxtNGSnFlfwCYiVjTFSWFgO730smfh5+GHSXj+iUAer+2rOtAL89/7d25sJU9T493NEdD/PtngHH0vdm+ayeZXn27ezeCMkSMlpxG+s/FX0xWH2tnHgtVsmmniE8IBpCHnchPC/bJQBgwIk2pUuV6JqLsH+YwNjoibOVZ0DbzA9yEEIyUFVRAiLZHYD/nLHsxI6OeptrmtrFHAMEcHBU5LBLylGnU3SxSVscaCYLK19efdlSlT7SiiB1SRSl2gA+pvk65/5SokctQncDQiAo3pv4FN+PEEz46N9a7HZUKn2af3Vv/cNvksXcDsqJtbJAAMPqGX9zliWp8DCg2/3Ln7NjqqPy3+Kb2Zaj6fsVD+kiC0QSac4m5ymrKivna7XXhLjTFmLnWX2gqOjJZgwdWqoLbKlLuDMoxvOJtixZwjYsg/9jMxi2Fsqsu6vKXsxrFHSUwd0iH4dqtfIKdG/NQ1z4imxUQeIEz06YOcrkte6dUNx79TgH+4EL3GTbDZ5z+okL/G99g/Xi0sBJH84l277qwP0awYQ9S5nMit46EpHdV2djOBJYbPfJ/OmdwBi7wxSTvSnmSzaEAnZDzZfl4wstOznQqAYK+HtU6UlpMqzzdLbKbe38XmIR1E1FHOZw2yOobexNK7SgY0Fd89o6fNW4WSkrzZcEbPanfIJOLEJ0MCktspyGmacaQIVJO6hFBW5EmuXPC6qZ8dhhTEoH03UXLAbszwqueMhGBBZZbwOcBWVPlB8azT4c1Bz2M711k47OgJwpfVIVR4f57nX5O5n3YUKkEe51+PSrQrpi/bjHK0dJ/kbTuNTR/tTR0tEqsGdTAWaK7z5yulKyJVmmD5F5NDM3CbBGFPBBECI4viI4bXwg3ArQQgg2Sn+yrXkm7ADtsDUJEqU3K+SIREEd1aakXnjoaVUIdYGveKovyS9a/CNPbuX/jBOoKAP1ZTWaSe1pKG31BkLeoqSRFsjmaBh1FrY3iZUNB+mb+b0UhhEC4mhuyA2+nb1zkn+Dwcv61GYVWg+anLON84kiM+e7rlEp3m1jb5bORiUaQXptRrci3ByRMVyogNc1N6Ot+dbx5ZfZgec8EMszbwz9zl0fJoMcvCd9OpRnhz3TcASzTvNgowY5m/F2YUsTwY7scVdz3CC9tNvQmCxZgPcagMsrV3iS6sVlckADtLxpDVcu+GsHJM/j2OxddJ2otmuaiXtAt7BlVkkKgj7fKos1WIan3YIyM2dwDNfSn/RQ4HlTVJCqUGccAp2mVrcmtLpDWsJzE4JGiMVms407QM1iJgX38oL7Vjg6OcDqWJmLtHDrku6JHkFELVEJ71Rn+tHfBoTZfxO0J7MvBiYGjRrrkm6BGvEsw8bXsQHJjhaaEsYCTPeW2vonENSJanIt6YYVdIWWGnpSipO86PA9w8RyVKBHMkulnMfW7KgQRNuSl9zwUeZzVcIKjKPZlO442NH86srCOeF8dP2bEaRn1/TbGMXneGZtiHIXfaSI7Cp9OiMSxNpQOMYQLBx5hu0n/nkAA3bPTsCu9UDxpY7d0QgwUdXQMxycjwlw51dgRwwC+deFXXvVUyU5+T9OlAEWtATytOCoHMIU7tCIjZeoX0YwnaOcPPDgCS0zNXfOlCJlkhOwQixdBVUd1zTv08G8EjfFDVMJTRoq9fYFn1zge5rLQ95SCKyI5SDdvRexcd6trXGEdMzdsLZHLHdP2nk2L13PpA/vF9SYW0KzPS5S+uAaVOkRHd+iK03aqHc7jyjsBVXXk3CIi9Dsl/8aRCuqNnlePZeZplkco79/YniMzftCZ+Ou3dKK8fjcyyjaUwso0SOmv09Ua/IZ7FozQx41vPDgzostfowXpYD2pJs1ot3iwfjDICA6/zFpR1JI0e/wVtAXW9siXKMu+ro81KtTygTpGSMY5NaX3uG6BUxWFpBNVbDo+/7p/WUXd3SBAt5WFOeno1XsX0HwTkfpiij2sajJTQWFmNHt2q4ZKeNRsxTqtt+D/Lw3l4tI8hAK83hOKWLJIlAx1TtQLamtsbl1758zY7XR4CB20F6lObjFGE0eN6Nz2RY63z7zpk7XZraPIQjBSwNlN0Iz1RNf9fgnbZgoueSFNV2eGEhZEVoAdd0xIfROafAY7kq3RWKQ9MzHwf8siNjqea9aSn0vflC7wayzj7QhusD0J6cWX24p1dhbPqViPRRu+O+5I35VJH+sIeYzkjz4aCgcZzGkcirjhYwMdqJK7ekwnPJzXSqjJTfnSh40MZagJQt06mIGT6MmV0XxGMk4pjceK1v8cd/++5/WpU1QhI4GscSrU03mpkFQN7sU/B32ar4JuTQGr+sL/HNzuboTZwDk87eYQWMBkFbuoi6fZGrUnYDVW0VaV9tb5BMsIvcOdzlB+IdRJkyK9pZA0c6rb7c1Q3TiFPOKMeZAWNox3Ux0pb0ObIJwfeRyOvOyKZ4gEBKw1F7H5jRkOzagaoyzohIdAhPHoorPF1q3hyLbyyRZ2F/12l/ru/zPLBa8Fu5o8j/DGEFMoly3NBMjgraMiUFAYpZn9UJE0oGEOv66f1tgFG46Rku12alVGeIQlrx30W3xHOl1sHphokWLHJYqyfYIgJaqLGPZtlXovbjtFKlQRAJ8UHesH8BHE3vy7wkjKXb1xHLSRKqLMozC8BMmC6nJGRpCBBq7Zwlvjg93FOdwY8dmgVhN6/ozamj4Qw1lw0J2vYd8e6AO4P1W6al4iY7eRdplBo0auzvqUbznu1KzKdU2JIvYNrr180EHz21Fa2b02D+Bg4OkxxJ0U5+Nd8Li4vz5WD5Tsjab4pxEZgSmCJqTxMZfzHoSwKdQZKrdaDe/T9P23ZBeSa6fvjNQbhngSdHN5cgv8+K/p9/ly0w4MOATVnVA52Vv8Q76krz3zXjinVAtrm96jHRfqxgxvCOiVcGSBzi+e3bNO89aZyLgO1j9jKmRfkqau/e7fqHDxdCeUr0A8kBMH8lcwLBUW1/Pkocuhb6ay0QpfKHxLEmFkOn+HTPDW1pL00TSC00u4Ly4qyX2qj5wKyVlRhPDI73YDhJFIZSGfwtm5bOshxUpyV1COsLDZHNZ+MiWP1Du91YWGtCHNu6HNGMMmZX5tQzzE+ovMMGQFROT9U/o9uT5CuuQWyGvsa5hbxNyuZIsNBH94HXNpNT7eDPfqt0/m4cdZxsJMRM4n5M8K/E3JekxeYMpfiJ4sEL+jWiIIMTm4MGKrq2UkFzPEEivqxvuvsRZxPuoqoQDfC/vuX8/Jrdz8WQMCArg71H0LY7FzUlKeAqs1WWAwI26vTR+E/6I6GLhGLl8etdqybKIQBZ9ucjzLAnwaJB3qeQ2B4prvBi1fDt8ahMylbSk2hPNgIp7DwbZRHJY2xJrUzUyfQpEqmyuEG3YxJIjeftPz3ZKEJQBaAdLBSfyynXnQbytCAeP2NxWfVF3N3LHTUnnpqhiyjkajvwaSN/Sp565+IV7gNibH0g12a2ja2r+VULUtynqE1/yBQKTNl3KsYbV2hAvKh3+BFYo6JvHh2w5Lzcs/1Bcjum1FMCTfoI7oUo0RiS86l4E3j3AKHEFo4urYMpqpprDKOH9Y9XkZKDw39RZkOV73AQPEqadtXNtYHFpEXBqL6O2VZt8bvsd6ITjHYY8WP1PT0J9ToLHO7LSyxTaBEPjVwmTluByWssUcCxArigbqTkOviaPI6FWh2PcUDgVyTtL7zObBOHHDVTeq6SyULbyP7NjVnSYDkAe10871zNIChthKukpV5a64o39I6lIRIrkk9n3m70PzKXaAIpNE9rPKPTgLm2jxZiCyTwaWCxLeoAeOS9OYuyd/4ed8+uwGTjFaJLeoONlWxUTwhNLGvIGatFWHEXym+pYJGsufJmeS7t2FlLOVO3HvD6xR1EaH3xCbtTcMmISggTwA7xdtNjGPvpGAswKgYrY66nqsDOOP++iqszSEEaDF15EQI3GDriRgP7l3VV/95DOfJ9g/ajJG/alVQ57E5gfdY6iBCumSmBS+6oSz4XdgZbCuw9/NktbqpVaAq2tz6h/y2/OKA9VCHHZmHZOA4qkIOb0To0vBstPeB+rLR8ZArFUrJbGEL8Mf+MIwXFNQHX2DwcuFkigmpM4EXAcmFY1RNJUKhe5tt6yg3ttEscQcr0e2g175v/f8Q7rYaBPi75H2BmalF1TtGNcv2FEdw6uYZ9WLTphec/LdLlGXWFzePc2T2zt6UIFUdisHovoE3yqxtYfjBt9SexZmpBHBeYlckNl0T6RQgtPsIXAisdPT6BvF17rhCA1g7yu1MnpH1FJOSoMuO6npVzf1czd/7ix6zmd0L0stC9HQ3uSTjri/LLT+XLjxz/UGcspsvCEvG+LQuKg0HfYNmlgIiRAFd0Jb7UsaxSXa0QVlyJnab+LKXClqYLIM3/RqIsAzCwxuENV8W0v8uOzBpoaOxszSeszvOMVfHQteaaSHxUZl9Zfg44xX7ljXVelLc1tY+6luBFfEdou1RsFya7xQtubtjX7tV2bbWSBNbr3EUkliN66zvhcLx7Zv3s+MvZkG/k0F28cC/2V6YJe4TlDFMozip5hRv6Lx+FPP217rUfMlmDnWjrICwdO5dNSglcOCHjzW4nzDLV32ZZ27aIknmjx01n/da4hs8ZNjv5u5reYXEU3R81BkFfwXZ8oEuhkzIzg6SxpEuaottxMQ/AMdXxxcyuFeDMTxFGDbLnOUSY77ZANP4iKJD6NHaE03e+4ZjMG/goKNoA120wUQAkAiYiiPvvOO6z/cMF3hi3a5X+vf+XJ0G/OATiYYjBsrdDuiwpLPAEQxytg564zykbnPUACepZRcJk2ahCY+cYrspLx9SZICC0qGZL34WH4QPuPWfFE0mYsxWBKaKM4r8M7paQnMg8q3rPE5Q0tv1dZ2KLWGmHb89P4L8jNnTKyiZ3IGv0gppSCwp1VvNGkCAmIk37Hc+W834yf0dzjkysaQs9BQbVQFdslKHnJ7wWh3gRctA1oSV7InzuJktuDJcZ1XxApnn5Pd7GrwAkYxZeSMqWXhkGCekWlQuymyU9kjA1aksuBvBwccYnpJ3Rqv9Rk4OMsIN9rTYAMUrMJalKtRCZFWBBcyG4zuyb3eXW2KaFdEA7Yk9DeJoP+XYvIISb4M1MEqZLXPGuhIHKo57fwZAZn039b2Z0W2nOg5EkXnVopfRojdDjryp/GmRqixmvjFoIDNzYOd4mXmXZtuYyxQx+3kXofHnDEGcspZpAa9f0EsFFzn3HROprJi9YwK1N0Bv6yDreqbXMEQL29/Q81025frP5/vXxjHyj7CdCKOfJk5pvAWdCsjae9JcPtZ17ql2kzdh8Wl28tzlMxA+W4HvjRmDyiHgPHoMNyEcSxXF+PvysuY5gN733eWp8D6XWDimHI06adUCNk/FSBowbC1oYjYcoVhPcgPdP+TSuvgg4PSxEAGZ/edeiUPBa5cuka9NP6cgqq7ni+vEoNG+A+dQ5V179GOcrX/hKM1gbsAt6agV49OM0Yw6FgzafvuDkU1Ln0k9tYquKCRVF8YDxDjU54qTH2KlZvTEzoz9XByDglaI7RGXzV3LDaoQluDXybmCQuiesUsLijwEYUdNNH3L5wh1Nma9kbmnBbdxQOK06DqOlVnX5Bs/gsAayX2r8m4GJ6bdj9+9ntFob4sx9nDapOcuuUPxSaviOaAqJLL2eUiCEGHGJYxznMiTHaEwIa1WvqQzlR0uXo1uRdhUnZ0Dc0M0AbnSoZwnbw8qZBwUjVcEk9BHUt5I6cizMHl2VvqS127rnr/lRrZytTL6zM36d/MzqQqoB4+9qqPGBbI/1BUffSQfddyCVm3mJrEOqMcunQ+g7AftsO5Hd0Ne9T4IqG1ukxez4p5AtHQKP3/2WtD1/Ciu3SyyKJ9chi3PqFP4zsCO5EfJT5fpjSiJDO6YcOF9Iy7JUTGY2pTbjRZz7gPKqUT9o2p70l/+hjDHX4wCfzwcceMwIdDFAbjgyDO3E4CuFv40vKQYD8lryIirK2sghsk9XpbYrOKiSZjWZbocPPzmntDFlaJmDKh1AloGQTt11sGVSDhLn/XN5Zn7T8n283L3itHapNz0SKfmQ3EebIxDSGaXPA1HKOhyGvzGqmGbZKAXjVyepFPl/4BsOAOtvMAvIacYHRJpK19ClaEWNopbVhegEcV2+fi3caRWVpiuB4CPv1u73LtKGQZbfxBTnkRc+T00y3HDnVdtzma5eleZjHq39IrGbw8tfOYRKQM3A3EMWTFtyth4Zz4c8Me4hjxEzaps+2y7t48Zn0QJtcpYM/ltBJaMN3rVEkkjyk3Lm9KDmr5b6K5/m8+az8GgKVzovV303BbaNFN1wuia3/VJIBf5rmNwIihnYEnIOwpxMSgRfB4joFXLKjkcg5Kvn65LOL2u4JNHflwKYT1FaZg6SDrQ0xIwRDzl2M5zyZsICbPg/gw0ciUztOLgwRhzPHp+0keuLRKtHa7/dgSRh8FNB5jb2aXIGlllBDPdkFfMy++eS560CXPvVTMswPKw3fVtbpC8CUqzr4U+Vk7pdDY7bP9IrKe6VpQtpNTqJ5y/dXGFKmSw6nf4m5HKxkY/Q1mMmGEUJXMDk315DBQ+H/odnslCbw8HH9/slqxIxvpyDGgP3MOkvfB4yAh4TyPMB//75ObKJ7QCyCRiI8IDyd9Q1bXReARJQPtFw4deMJTciADGlt91WUN2UcsmKpLc0mBWxYTI4gmZvrxtcbxKRZl/FY+VaNOyZdyZuVoLiLqY30RHwy1Es8tkBqUj0wlwPKLZMGXU0+PhzGyb9aPdV7TP52dAIA57w/quKFF9M/c7DmVgPVi+OaVBSNsD50RmX1tVF8jez/C82r07A5iJl+LQSF8DJjr1KLalzeeKAc42mhDSCDu+5xSP0jpFOw0umRdKIXM0NzDDMy+8X5UWHNGo9Ab9h1wwUlwWIzntvVY95aZSE8K5OaLbihLJvb4UP49yb1Ju74Hqf62sQKHCasbEDIiiZ8VddM8Qf7Y5KcLD/dSKUIzSo0HAygLTRoNyURyeSz/LjZa3q78lvmNdzKBfg98DGVml0VBUqsdnhbGxTgWhmNh5EcokTq5v1hsLe4+uo0rUGgEgn1XmzeOyKaN1ZY9TRIXs29Qwasr88M+AWrDBeQz+n+hF9w4rrhOAZgUSf9XXIX1OxAflPfMnPG36wQU9lO/CzFe2cyev/5TPnf+dt5raLBRrCa7V8J2EuLfKSSgdh5uAINpDiHXKQG0NtwRZvqfYTLfJHJtLRpOwVMrOtP/XXLUG2VVaYRBhkAZ684MKf1PwVoob5D8Nv8aMCVxbr3QKt3g+E3aiUQZHhQgu2Albu+Hjp7IbtSvoFeRxYfyfHGx8btU8I5Is4R30Zk246rpcfOO1NNfUyBpWI+XZLu7a7DK/NCYiQJCm8o0b5PPuQghACszzkx0MEjno8Suxn2kDKHyXSlnTOW7/s2gSVNCwwzQ6YU4ymY0yILjvcQFENjpSG+MKzeP935RMyJrJl65C/8RsXGNJyDKhSlOxnU1mLve/gVMc2F3TAZO8iWBt/QQswFeJgX3kVumDZfaYTO13ilIJx4zpAt2GoXrIwv/5PcFkSLCHetJ1WleGWj6qWhzlLAivyHiw2Uot7N98SXFZq55K2dkGajbsez+9l4xLsMMy5gSFh5kKAO/ZFG+pKgdkZDlTQ5DkdJXE2by2FLQLxQWuihT0Z1siyW5e2n08q7u9PO+8HgOoFNIFeVl6ORHnlJlrTlbIYg7I01BHlGkPRfKs+S5gkJ/DPYmnPWyg7Ov8CimT36tPcqmLBYwULSAzbvBfeZcZf4LSRPgZf+gclFP/TxgbOh6zqxiG2H70Wvbh+RAr/TUTm0PVenzDOGb8v8YYrsgfgHMw/neY3iyeHUVUqzUo7WoJrGVSvBW6w+Mnhpe9m9Fp0rHaOEB5rQTzm0yxqAHJhAyJwP5lhaEcwCimrr2tyc05rvySA7bwJQ0LrgPPB7Yzw9kmuQMxTMli+RHFNzfDwSA9C4j8xjuYKq71PaU1b5Zyss3+7STvnEOK7KdAIxg7mKw0FPKA+9eR2jJl2HmRNA1v/VLZiC1JeykBBUJVK5PNmpZLgfJQGpHhC6JBSE9kuJNCSi0myUHb1DWPs+P15zKZ4Whslfu3rkzUcvbWtQi/kLUaCUTfpE7QalxlsmsV+9TCuUsv28Y+su/BJ6pf1HS7xmz8W4nlKzv8Zh7wKSFd/N+ejUrpz5P33f5rf/SLKJtThG0E+vHg/C5RWcUlaOlLfh8IaoX7v6ez8o0CkWf5Y/bxUcO+A2fHzu2Ml8GAVEbGSLKFEIM0QM/qfNh+53Sh1ePh3yP2UTZe+G2Zapu10EEK33in5Zewg4AHGRElCvJwFda9IctSJRAR9XOIEk9TGjAaCH9VqLmUcouZb7gKh447L8YptD90F64sakDeD1rjVeH9ozV6hcmojZY6FJhjNfuRtmIBz9u8nQYG7Lnh8UP5TbvZext0kiNPoLPP5wWrlfzKhZboCCxKIHZpl4C/0dCDX6SoGSgvv0Nr4wuTjE3Vx9AT5kvstoBdqE6aRk2CGM3rUDYuSWeyNg2bau2CDaRY2lQVgQNqBeVYzW5zG3q+/VXpcLYz9PalgoVvUm+rDriolilwyZNYqJUrEDQ498tb5cGnt4hpL2PtKWD6cfutdAowNxarr60Lkw1Rw6ACeW0Bef/LCLigG9U+Z0FY5CTz6EZuwvU9D4vOuGszd322+SI5ffvbPyxUxxX87hynQK4sJXnDSm8k3rMQleDkdFEUgRabKTQ+dldky0O/2V3hNJ8knawF+d8Yg4mEshcummLuSOC8x1sXvq63ZD1zhmchbPpu8wo0wp3aThun7O7QvOhBbrCAlFMiehE2gWHVShHkSZ2W3WtzkheYMja+ECHL42KdPnG12w42TOvU/JguPoI8ktFOuADbI3cpxN9Z6WfloXwvVMLfiBK+z4PooFThO3r4WPFp8n7CRoRzJp8+D6bXUBv3GlIsH4r2wkXhvEV3xyEIOHgm9nT2LHbJObmAfK1lUvXMMcJk7nZ5jl67/hz/DpSNlzAh2tnY4CxP5fClo5Yj3rjDqtgR4FPnUgPVV4Na74kRA8cx9NgWeBYkjpZQuOCExIt/ojgnkyM9Y9xLwT1jjDAcoac/ubZiq4rpcEuJ/zzekaHQ4LeFvmDKfjzIfvCTV9aL7x5ce2PrTiosv4bj4Obnl6pZiHBQgYHvxFELrm8kC28YenJnbQYXPqq2NR/unowyxmIG/Nnsby+0I7L+2VjH7LzXWOFDGzJDMrVJ1yHuTvvxTtp3AZlVWrf6wkWBdu4fDGqdU519zKgcuKv2iUuzUnZKcG4ZV4hSi5UTVhRhCAqB0j5RkAB/BbdUr81xei9RDcAQlddl6OvMmhA1kJ3b7W5crsjemxKY4/zS6S7qlZXUFhjlJAtZ5ymyQZgahxURWagRA7j6OkVti5HPExHNm9UCypp2LuuEM3vyXC7Dq7eug/bbEn0vLcdiYQe9IP/3GG6h5VgJYzDSAeR3i05jb1TZNL1b7DCQ4LMTbbDFFJhv9aaYr9Bz/ax2y8McCfFB4JBNh0RhNmyXEdQ4Ae7NFtq/+mAOJgZSALNDAsoeCUHTD4o0zNlOlHQFnltuYH4cXICZ6ceCE7sgUDKcEv1vtmXW8J9STDaFQxZQ+TLwOUyO8RI28DLHPwDSzjdTp7v1j9z7vqGAEnxL3aGklcZyi573S1tAJ76NseNVrd4KdVM8qshxH3kdTgloyS2RRcEPg9NiRdC5GWEu9t9F3ApEqxUl2R7JzHGQ/al93hrsgWJc2i40E8D7M9QrAob9Ph2fYuTgrMqg5YYU7HT0wCmLUn06dXMfn42fLoveMvu7TimROwfPvSYakLeis1CT+CNu8xIuKNOqWo+e4lHjOMxIMuinkbLA8FVonJK2ikZdD5HtAk/N0w6l67px4we8uzORZ6Zs03/QU8VMdUlnNexhBaYa3LK9XZmY+oJWPdDhjWldl00z/ooo2f8iB4x+80lSuSmv2SXuoXxBuk+/vQ+ZRRRu/QoS0IhgKL6dENWrGn0wGo3MENBYDO00IDhelo2YJVd3zzbTIg8io9BV6GRbRUaqjsT3yE7uGYM/TsOm4w0lPWuflVIFDrHh+JZ4Ez4aef/0uaISZQRT/N6dmGaJT2mRNAUw0QkyBy4sNP2gPSHmCF+0BOdDnBQiXB9EXBd9fyibmUm2ma34SkztxVxS0+3PLjB8CVqhY1oYziPfV1kjmcyVzp27xA7/HhzHpzYXGTB33N77vxqdGXaTuVJ1DwA+SFq6rgLrHuAWWxbLBBlmjhjyLbNy+ZlWo/SziIynGNNa7TmBIwBExNLRF0ar1tWsf75kbMvjnYkmP9LXVqyXgtO2SQfregKVhIIUdENgoMUsI01oedl4E3kARm7ae6JAvBD85TSZn6K7FSaRi8qYE2jKWQMh+c014qQEnJeXlbI6OCpbdcDSEcKRjWjkcoVkmYkJQnvY+hlewTLZjlERVr/mXnaCdEN2Sssfp6Ko3GyK+YUlaaKv0ClqECTK2cfes1m0a6+K/UQ8GXwDVbGE0/u5uL57nBepgvZWjVWyRC9f8uYAFIRSBNIlfqTk9llnWmUyUhugP+Dp75CaQjXzGTRhXmfsBN9Pu7WncwwSZCVxxviRwlIat7wbFPqh58ihhEBXRLiWq2tv3qGxezoeW4O1J0P+KJ1982eQcb2uezPumPJGOtisSQrvRF/UWuhdLGXIUgu4rDblA9dJztowht/MJTmbyeaD/aa5dNgrwDlkRk06eW7BmzXeNgc1gwfnyRyIhhoEgiVO+N7k3s7tj24VNLTD/UI8rGqzKe48a0rRCXnlpSoGz8BaPD3FLtN+Ml20gAvrSvpRfTikaCHXURP+WUAyAmx1JuFC41FNaxgjn6s939TC3qb9dTvj0tOcxtsl3QqxXC4WtaUbEw/z6qGJ4jWnJFkHZ4raQlG/87xTAaxHSfRYX9psS6m5R4fbHo16NuF6XXIqyeREJhD2gzDINcGzKBWVsTpnFbMikkIpQf9MzBJ0dxS0eitiv4Y/l9R/ER/R2xwBl8CyJ4O3KdAUuVzKTat/jzJmlDYGAFOWIrf+0gAoCtjS9p41SNBNnEnpTFF+cZ5LTMg77wX1ReLwuQTB68EUHh+p/H1/QylepKtah8XNvdm+tlmrItHgp+tH9PiMCQQMqWc3Hjkw/QKdtzKCp2pM6I/Ttk2tAbkV75+wOJpBfaZ7CQgZWiN67YeMVbAt5vCep1byEI9u9zE50cdJJxhD02r3d1RzqkSD3NBOnxVYUCBAlLRshG0t8W6B1aNI8A/JwSfFwBcR7NkCJGgsnxmG77CGCh75s8+PWyNtO9wfSqZH8T518ezIuVOsKJa1RxX0pn6XY/fj5HO9DHl0Zww7ECKvvVDCIFfXmEQpnt3ukgO6iS3pV0EJT9w75psWu+9bmaCHQ7lxPQ191NjXxxQNnMk3ULMgO1kXSaARN+6U3TCoMcTBIXJNS9nxyZHoDwYfJMlyvKL2y/GZqtSMAlXYgnLq10RQK03RRouAnfT+4ctXrVti9p74BWRd9noYavgM4RYDoLwjc/A8mhTNtBedKzo20PIrUU6J+e2w6w3jAZiyl6jOZpMVAPEb+k8AceCfwJfdhP53nnuaNQiOHwaJKGsXN0Tmy+78jybdwqgGU2oMah/Zwg11UhRzXIWW0vTqA2/4KpKNMVfqL44PGSYsOJ/GJgPiZxCyXNlU+84JMprdD0YAyjoTOkQcwAx4/qeIPxqi62rMF6hRl9K4+DH2enRiqqcTS1cCytNSaYvxoD7XEOWt1sNfbiQlpHMS0s5AQY6a99t8raySMPd3amLEMfY4qnldDnypzQyFNkqQBfhUef0Ut1Y80DTQ0C/NiXcD+VdhO7VBPsazySZyDfxV39zlOAIJmkVVvDac42HpC+yKOxhNSLFZdJErooYo0gCuzT/CUhWgyrNdOC2EBTlmEkl0SyjRwafU28JGyDJPu16ZDmkzozCCXBO7eJLasmlD4t/fNofQ/urzkzyAW/cYEdNVl2Yx0q45qvgUvtuaytfbxJf461mBqyuWlyXT6SUmggVH623ZWuM2OUOlvJ3tpEU+GOzXq8flImsT2JNuXmzxrZ+vFe0F9KRuRgcFkBfvO2LGe6xBGSdTjoBWXOdHkufwzstO92iksDjZATrJ0GtvzZKnLWOcPJQXRbIKHYj1UGNo7fBVEoAd399ZtlAUDgcCaOi350ESFbcRMHivVZ0ei0iPRdF6Hm5lJRaaA4acLWFcUYAuWVxlwkJcKmzAyJ218mUgBI2r0HYfMUngztcQedtE7Cf1X7/ONutp4gFQST7GFsFsXKOQcXRdHEMCTr9zFAuASrqVgdBsmr5Y+jWpiKBjlLsMo8wZ8DpGtMBsrMjcVmvRvVWBMBSsOYU39wKmUbzLZDbjcOE3cg2CET+fobMngouOWGMOQo/0C+kqB8dU4c6D26F4vBCjvLhU0dtobcCO3MjYwVaC9apvVQwpLQ25eNTpJBIt+GOorhYJl+5+kh/Q+oQW5x2hKFLZ9gjuGjB0XhwhD+XueSDO4YzGWzKr6TmeFfxjrMT9Fr20kFpxfOyYgbAcGlBokItf0yHp8wL92j/PhVsl6AKiTfL5/uFAD36Dt5WR4DvXtBtHB7FDME3jdlm9z01U95Q/VBnFHUMVTHDdNtdCtxrJLjQSjWVGcw7l/nkwFR5KXPr0GFQ5GH+9YJNSViJTWvsfKeNxZ3J0hxbg1jb5nZzGNHdT6w9/CoYQuNE3PyDf049mvDtQ1UtbdF7hijrFXUHsnCyQskANm+FaUSsYkjYahWoMJTGf0N1akMamO5LSICq6bTaehMTFLHPRqqCcD/pKzdtIvNODf1is3rbelO9nkP+k5hVbmnqandcpZsbjTvgeplob2HGfdYcqHIcvHBH+ATzE0cKNWmLpV8uKCmFPuWKyVBAVohwouxC5gIiw7t5NaR6yEbrrRVhsr15tz2oMjC7/PC2Jw1stETyd6eBrk+s1HbH4tI5+nnm9SfgdkNW0zYSzRfFLNd7gJ4UMPe9gV3f9URLFcw0zLFWjWrvTMMIAZnIbRU8jbuLTVddAdllP4aAR7utfAqIHIRqQsyOuhB0dvVbb9VjX8+3Cj1SATorwUy9Rng56+DzhCIBZfB+MgSDpSqTrD8ZKH/3IOqw==</Value></TokenEntry></Values></UseKey><Claims><Values xmlns:q1=""http://schemas.xmlsoap.org/ws/2004/04/security/trust"" soapenc:arrayType=""q1:TokenEntry[17]""><TokenEntry><Name>SessionKey</Name><Value>WFi1AcN3kdN/MF3N3KyD1HgjJ4GAXfsuNNo38jJ6tm5JvJfv4mAMBawvn2yyVpbfoF7VHQv/ETpGR1ywq9q7IgC18UAhF0lxHT8J12zIiCsWCIqWiYlmIniNHhh4ed/prGbbErjvt8DXZeJqI8Z+2YOiiDcOmMDs/pWtwIXApPiE2VFJ+rIzQBFC+AZ3mPZ489YUH2CVurWL1gw3tkZs6/8OMa2NzQ/Ecfy1WFV2zMHPWkDzWPCmSa1wp3u4SeWyk7f/u+g20WT5IffXPX6b1bhzkuIyI4AeSnEXdKBSz/xd57aFJorQVrcm/j3ymZwx81mYaaqBesgRuTjiHRf0mQ==</Value></TokenEntry><TokenEntry><Name>BindingType</Name><Value>+xN4nQAMtDbCzav0ZFBsG0x1cSvaIJxaXqmNdF35CEQ=</Value></TokenEntry><TokenEntry><Name>Binding</Name><Value>NhtUHt5AfVURVjh94tegs05ZeYaLycLXkbWh7xI/LcPFDGrfCIvP+BLf6Ztz+A3K+RH3g3qNXNg1RJCpvjLaXZJounpPVrgLSWyotWRHp+Q=</Value></TokenEntry><TokenEntry><Name>ProductKey</Name><Value>Kr6+JY0+kNxpMrVP64ifi/wvAHjGD6cl66CxpahIibc=</Value></TokenEntry><TokenEntry><Name>ProductKeyType</Name><Value>+xN4nQAMtDbCzav0ZFBsGzx6IarPxd6eUVMtSP0T89M=</Value></TokenEntry><TokenEntry><Name>ProductKeyActConfigId</Name><Value>YvEXb94jiORe6tG1T+zmqnqxZWuyfqGASB6JGc6b7dg/vZWoZcrM32nC9KCGpJoNmNUsxChD2cKRa8H0VzyYnv5sOjDFx+mDkPwq7xRX6dE=</Value></TokenEntry><TokenEntry><Name>SppSvcVersion</Name><Value>S7UDCc7in/hA9uqplvfzZw==</Value></TokenEntry><TokenEntry><Name>otherInfoPublic.licenseCategory</Name><Value>zihoVICM2+mFgnEBUbntcHl7cwS7BV7L4QkJK5i6kSA=</Value></TokenEntry><TokenEntry><Name>otherInfoPrivate.licenseCategory</Name><Value>zihoVICM2+mFgnEBUbntcOFGRwkeLaH6Erl1gmEFrTg=</Value></TokenEntry><TokenEntry><Name>otherInfoPublic.sysprepAction</Name><Value>ECq5EUBRihwfnGQqzEF0Gw==</Value></TokenEntry><TokenEntry><Name>otherInfoPrivate.sysprepAction</Name><Value>ECq5EUBRihwfnGQqzEF0Gw==</Value></TokenEntry><TokenEntry><Name>ClientInformation</Name><Value>Vc65bB2BKS996myNnJBd5kILq8fCXYPzjdjIdh80mhfuoOeqX/vA3ADwuE3tLjRAjDUbFr+bwU7eLgF+3g2HsA==</Value></TokenEntry><TokenEntry><Name>ReferralInformation</Name><Value>atHMeuz1o2v5zfSfA5HAxG4O9Elh7h1scHajXM7an8dHx+rg9OLueMj9ZESA92ZnVwmn3v7zWITBm8eC16vKdg==</Value></TokenEntry><TokenEntry><Name>ClientSystemTime</Name><Value>nYAl6DevyS2lfObKDoksftJXwseM15NhPRpIH3f51C4=</Value></TokenEntry><TokenEntry><Name>ClientSystemTimeUtc</Name><Value>nYAl6DevyS2lfObKDoksftJXwseM15NhPRpIH3f51C4=</Value></TokenEntry><TokenEntry><Name>otherInfoPublic.secureStoreId</Name><Value>8SV6woXoxcJfmBTf7lfpzqKC3+JMPsnq4q17t8+hfIyldVVgLuxOfyx0FLIk3K2a</Value></TokenEntry><TokenEntry><Name>otherInfoPrivate.secureStoreId</Name><Value>8SV6woXoxcJfmBTf7lfpzqKC3+JMPsnq4q17t8+hfIyldVVgLuxOfyx0FLIk3K2a</Value></TokenEntry></Values></Claims></RequestSecurityToken></soap:Body></soap:Envelope>)
00010002(0x80072EE7, 22:40:58:888 - <NULL>)
00010003(0x80072EE7, 22:40:58:888)
",,,,,,,,,,,,,,,,,,,,,,,,,,,,,,,,,,,,,,,,,,,,,,,,,,,,,,,,,,,,,,,,,,,,,,,,,,,,,,,,,,,,,,,
2026-03-26T05:40:58.891059Z,"{'#attributes': {'Qualifiers': 49152}, '#text': 1014}",dc.danglingtree.htb,Microsoft-Windows-Security-SPP,Application,188,2,,,,,,,,,,,,,,,,,,,,,,,,hr=0x80072EE7,753c53a2-4274-4339-8c2e-f66c0b9646c5,,,,,,,,,,,,,,,,,,,,,,,,,,,,,,,,,,,,,,,,,,,,,,,,,,,,,,,,,,,,,,,,,,,,,,,,,,,,,,,,,,,,,,,
2026-03-26T05:40:58.964278Z,"{'#attributes': {'Qualifiers': 16384}, '#text': 1003}",dc.danglingtree.htb,Microsoft-Windows-Security-SPP,Application,189,4,,,,,,,,,,,,,,,,,,,,,,,,55c92734-d682-4d71-983e-d6ec3f16059f,"
1: 753c53a2-4274-4339-8c2e-f66c0b9646c5, 1, 1 [(0 )(1 )(2 )(3 [0x00000000, 0, 1], [(?)( 1 0x00000000)( 6 0x00000000 10 14375)(?)(?)(?)( 10 0x00000000 msft:rm/algorithm/flags/1.0)(?)])]

",,,,,,,,,,,,,,,,,,,,,,,,,,,,,,,,,,,,,,,,,,,,,,,,,,,,,,,,,,,,,,,,,,,,,,,,,,,,,,,,,,,,,,,
2026-03-26T05:40:58.988506Z,"{'#attributes': {'Qualifiers': 16384}, '#text': 1003}",dc.danglingtree.htb,Microsoft-Windows-Security-SPP,Application,190,4,,,,,,,,,,,,,,,,,,,,,,,,55c92734-d682-4d71-983e-d6ec3f16059f,"
1: 753c53a2-4274-4339-8c2e-f66c0b9646c5, 1, 1 [(0 )(1 )(2 )(3 [0x00000000, 0, 1], [(?)( 1 0x00000000)( 6 0x00000000 10 14375)(?)(?)(?)( 10 0x00000000 msft:rm/algorithm/flags/1.0)(?)])]

",,,,,,,,,,,,,,,,,,,,,,,,,,,,,,,,,,,,,,,,,,,,,,,,,,,,,,,,,,,,,,,,,,,,,,,,,,,,,,,,,,,,,,,
2026-03-26T05:40:58.995747Z,"{'#attributes': {'Qualifiers': 49152}, '#text': 8198}",dc.danglingtree.htb,Microsoft-Windows-Security-SPP,Application,191,2,,,,,,,,,,,,,,,,,,,,,,,,hr=0x80072EE7,RuleId=31e71c49-8da7-4a2f-ad92-45d98a1c79ba;Action=AutoActivate;AppId=55c92734-d682-4d71-983e-d6ec3f16059f;SkuId=753c53a2-4274-4339-8c2e-f66c0b9646c5;NotificationInterval=1440;Trigger=NetworkQuarantineRetry,,,,,,,,,,,,,,,,,,,,,,,,,,,,,,,,,,,,,,,,,,,,,,,,,,,,,,,,,,,,,,,,,,,,,,,,,,,,,,,,,,,,,,,
