2026-04-05T00:55:01.289404Z,"{'#attributes': {'Qualifiers': 16384}, '#text': 16384}",dc.danglingtree.htb,Microsoft-Windows-Security-SPP,Application,1757,4,,,,,,,,,,,,,,,,,,,,,,,,2026-08-23T06:40:01Z,RulesEngine,,,,,,,,,,,,,,,,,,,,,,,,,,,,,,,,,,,,,,,,,,,,,,,,,,,,,,,,,,,,,,,,,,,,,,,,,,,,,,,,,,,,,,,
2026-04-05T00:55:30.943827Z,"{'#attributes': {'Qualifiers': 0}, '#text': 8224}",dc.danglingtree.htb,VSS,Application,1758,4,,,,,,,,,,2D20436F64653A2020434F525356434330303030303737322D2043616C6C3A2020434F525356434330303030303735342D205049443A202030303030353039322D205449443A202030303030333932382D20434D443A2020433A5C57494E444F57535C73797374656D33325C76737376632E6578652020202D20557365723A204E616D653A204E5420415554484F524954595C53595354454D2C205349443A532D312D352D313820,,,,,,,,,,,,,,,,,,,,,,,,,,,,,,,,,,,,,,,,,,,,,,,,,,,,,,,,,,,,,,,,,,,,,,,,,,,,,,,,,,,,,,,,,,,,,,,,,,,,,,
2026-04-05T00:55:32.965002Z,1001,dc.danglingtree.htb,Windows Error Reporting,Application,1759,4,,,,,,,,,"
\\?\C:\ProgramData\Microsoft\Windows\WER\Temp\WER.63504de0-de0f-42cb-823c-d6b27dc7a5b9.tmp.mdmp
\\?\C:\ProgramData\Microsoft\Windows\WER\Temp\WER.9b7dd4e0-cd8c-4fa4-b1f0-3ae18d467743.tmp.WERInternalMetadata.xml
\\?\C:\ProgramData\Microsoft\Windows\WER\Temp\WER.c43a3a66-5e48-472b-9eba-ed14c3c7c8a1.tmp.xml
\\?\C:\Windows\SystemTemp\WER.3219d386-3428-49e6-ab36-20f7a8616098.tmp.appcompat.txt",,,0,,,,,,0,0,,,,,,,,,,,,,,,,,,,APPCRASH,,,,,,,,,,,,,,,,,,,WindowsAdminCenterAccountManagement.exe,,2.6.11.4,69340000,KERNELBASE.dll,10.0.26100.32230,93531557,e0434352,00000000000ca80a,,,,,,,,,,,0,,baf481de-0711-4175-b128-28e7dc87e508,100,,Not available,,,,,,\\?\C:\ProgramData\Microsoft\Windows\WER\ReportQueue\AppCrash_WindowsAdminCent_a6fb81939b9f405e50f372bdcaf57e747b9d9ae_67a50925_cab_6542128a-8437-4e43-b987-2aa60e55c189,,,,,,,,,,,,,,,,,,,,,,,,,
2026-04-05T00:55:33.005449Z,1001,dc.danglingtree.htb,Windows Error Reporting,Application,1760,4,,,,,,,,,"
\\?\C:\ProgramData\Microsoft\Windows\WER\Temp\WER.1d1ec7e6-40ce-4387-9eb8-d279060c54ab.tmp.mdmp
\\?\C:\ProgramData\Microsoft\Windows\WER\Temp\WER.bc0a6d57-8cfb-4189-a22d-df2b7bad3e2e.tmp.WERInternalMetadata.xml
\\?\C:\ProgramData\Microsoft\Windows\WER\Temp\WER.1605a100-ec7e-48e9-8552-ff110d4156ac.tmp.csv
\\?\C:\ProgramData\Microsoft\Windows\WER\Temp\WER.1a75d2dd-7984-4178-a0c2-67ea5667021e.tmp.txt
\\?\C:\ProgramData\Microsoft\Windows\WER\Temp\WER.dbc1c743-45d8-4151-ab6b-02efd68c4346.tmp.xml
\\?\C:\Users\noah.b\AppData\Local\Temp\WER.5c4d0046-fba0-4e0f-b86b-ed90376f6f12.tmp.appcompat.txt
\\?\C:\ProgramData\Microsoft\Windows\WER\ReportQueue\AppCrash_MicrosoftWindows_9f86a51281dab8c088db1448d07468a41d6f1226_23fe3459_cab_fe5fd375-1701-4a6c-a4e4-a7e546ec8317\memory.hdmp",,,0,,,,,,0,0,,,,,,,,,,,,,,,,,,,MoAppCrash,,,,,,,,,,,,,,,,,,,MicrosoftWindows.Client.CBS_1000.26100.275.0_x64__cw5n1h2txyewy,,praid:Global.Accounts,10.0.26100.1,5bc61463,combase.dll,10.0.26100.32230,afe300b1,d0020017,000000000008eea4,,,,,,,,,,0,,7b667a66-1518-4c0f-85e8-df6556056eb7,100,,Not available,,,,,,\\?\C:\ProgramData\Microsoft\Windows\WER\ReportQueue\AppCrash_MicrosoftWindows_9f86a51281dab8c088db1448d07468a41d6f1226_23fe3459_cab_fe5fd375-1701-4a6c-a4e4-a7e546ec8317,,,,,,,,,,,,,,,,,,,,,,,,,
2026-04-05T00:55:33.040860Z,1001,dc.danglingtree.htb,Windows Error Reporting,Application,1761,4,,,,,,,,,"
\\?\C:\ProgramData\Microsoft\Windows\WER\Temp\WER.aeeb4342-4a19-4e9b-bad9-8fe00459755d.tmp.WERInternalMetadata.xml",,,0,,,,,,0,0,,,,,,,,,,,,,,,,,,,APPCRASH,,,,,,,,,,,,,,,,,,,WindowsAdminCenterAccountManagement.exe,,2.6.11.4,69340000,KERNELBASE.dll,10.0.26100.32230,93531557,e0434352,00000000000ca80a,,,,,,,,,,,0,,0ef9a54b-0012-428b-b818-a440ae77f469,4196,,Not available,,,,,,\\?\C:\ProgramData\Microsoft\Windows\WER\ReportQueue\AppCrash_WindowsAdminCent_a6fb81939b9f405e50f372bdcaf57e747b9d9ae_67a50925_1cc804e1-e587-4a15-a8ca-cf1621ea084e,,,,,,,,,,,,,,,,,,,,,,,,,
2026-04-05T00:55:33.077080Z,1001,dc.danglingtree.htb,Windows Error Reporting,Application,1762,4,,,,,,,,,"
\\?\C:\ProgramData\Microsoft\Windows\WER\Temp\WER.99b886c8-e0e8-489a-a0d9-28654514a882.tmp.mdmp
\\?\C:\ProgramData\Microsoft\Windows\WER\Temp\WER.84a59963-a4f1-4aea-80ca-52fbcdde9735.tmp.WERInternalMetadata.xml
\\?\C:\ProgramData\Microsoft\Windows\WER\Temp\WER.2b2d82e4-8100-4a4d-a1fe-67005fb175d5.tmp.csv
\\?\C:\ProgramData\Microsoft\Windows\WER\Temp\WER.ce8b0763-44e1-4360-9cb5-be90b8f45d17.tmp.txt
\\?\C:\ProgramData\Microsoft\Windows\WER\Temp\WER.439bc349-79ca-47ec-ab9c-ee1cb4c83190.tmp.xml
\\?\C:\Users\Administrator\AppData\Local\Temp\WER.af501206-ea97-4c7f-bbb3-734c84137372.tmp.appcompat.txt
\\?\C:\ProgramData\Microsoft\Windows\WER\ReportQueue\AppCrash_mmc.exe_c785c1e2799bfe946cb6f099faac7058efaa6ad9_b676ff93_cab_9cdf66ab-fb64-47a7-a7ba-60679bad1335\memory.hdmp",,,0,,,,,,0,0,,,,,,,,,,,,,,,,,,,APPCRASH,,,,,,,,,,,,,,,,,,,mmc.exe,,10.0.26100.32230,1865ebef,dsuiext.dll,10.0.26100.1150,1cdcad27,c0000005,000000000000602b,,,,,,,,,,,0,,4c2af429-541a-47f0-9124-c3290b0dda82,100,,Not available,,,,,,\\?\C:\ProgramData\Microsoft\Windows\WER\ReportQueue\AppCrash_mmc.exe_c785c1e2799bfe946cb6f099faac7058efaa6ad9_b676ff93_cab_9cdf66ab-fb64-47a7-a7ba-60679bad1335,,,,,,,,,,,,,,,,,,,,,,,,,
2026-04-05T00:55:33.111973Z,1001,dc.danglingtree.htb,Windows Error Reporting,Application,1763,4,,,,,,,,,"
\\?\C:\ProgramData\Microsoft\Windows\WER\Temp\WER.ec2c7b21-5169-48da-952f-5eee27f33588.tmp.WERInternalMetadata.xml",,,0,,,,,,0,0,,,,,,,,,,,,,,,,,,,APPCRASH,,,,,,,,,,,,,,,,,,,WindowsAdminCenterAccountManagement.exe,,2.6.11.4,69340000,KERNELBASE.dll,10.0.26100.32230,93531557,e0434352,00000000000ca80a,,,,,,,,,,,0,,d86281ad-cfc0-4d58-9136-ad64403dcc4b,4196,,Not available,,,,,,\\?\C:\ProgramData\Microsoft\Windows\WER\ReportQueue\AppCrash_WindowsAdminCent_a6fb81939b9f405e50f372bdcaf57e747b9d9ae_67a50925_afcba7d8-e588-47ca-8c74-8b7c9144a88c,,,,,,,,,,,,,,,,,,,,,,,,,
2026-04-05T00:55:33.145943Z,1001,dc.danglingtree.htb,Windows Error Reporting,Application,1764,4,,,,,,,,,"
\\?\C:\ProgramData\Microsoft\Windows\WER\Temp\WER.7ea2ac62-439c-4e90-a738-c631706ee4f4.tmp.WERInternalMetadata.xml",,,0,,,,,,0,0,,,,,,,,,,,,,,,,,,,APPCRASH,,,,,,,,,,,,,,,,,,,WindowsAdminCenterAccountManagement.exe,,2.6.11.4,69340000,KERNELBASE.dll,10.0.26100.32230,93531557,e0434352,00000000000ca80a,,,,,,,,,,,0,,1e61fdde-a841-4f0f-8bc0-9db10ea518e9,4196,,Not available,,,,,,\\?\C:\ProgramData\Microsoft\Windows\WER\ReportQueue\AppCrash_WindowsAdminCent_a6fb81939b9f405e50f372bdcaf57e747b9d9ae_67a50925_2bfd22eb-df18-437d-acd2-9f3328e62723,,,,,,,,,,,,,,,,,,,,,,,,,
2026-04-05T00:55:33.178820Z,1001,dc.danglingtree.htb,Windows Error Reporting,Application,1765,4,,,,,,,,,"
\\?\C:\ProgramData\Microsoft\Windows\WER\Temp\WER.3f3f3ab6-0a12-428d-ae38-24556afbbece.tmp.WERInternalMetadata.xml",,,0,,,,,,0,0,,,,,,,,,,,,,,,,,,,APPCRASH,,,,,,,,,,,,,,,,,,,WindowsAdminCenterAccountManagement.exe,,2.6.11.4,69340000,KERNELBASE.dll,10.0.26100.32230,93531557,e0434352,00000000000ca80a,,,,,,,,,,,0,,343f66a9-d88e-482c-85ad-8fbc386bdae7,4196,,Not available,,,,,,\\?\C:\ProgramData\Microsoft\Windows\WER\ReportQueue\AppCrash_WindowsAdminCent_a6fb81939b9f405e50f372bdcaf57e747b9d9ae_67a50925_f9b7f7cf-6310-4817-9a61-3d85cf17fd4d,,,,,,,,,,,,,,,,,,,,,,,,,
2026-04-05T00:55:33.212157Z,1001,dc.danglingtree.htb,Windows Error Reporting,Application,1766,4,,,,,,,,,"
\\?\C:\ProgramData\Microsoft\Windows\WER\Temp\WER.c09853b3-473d-4a8c-b8c2-5f20defb8285.tmp.WERInternalMetadata.xml",,,0,,,,,,0,0,,,,,,,,,,,,,,,,,,,APPCRASH,,,,,,,,,,,,,,,,,,,WindowsAdminCenterAccountManagement.exe,,2.6.11.4,69340000,KERNELBASE.dll,10.0.26100.32230,93531557,e0434352,00000000000ca80a,,,,,,,,,,,0,,88a0a671-ead0-4612-a149-32c10b23a659,4196,,Not available,,,,,,\\?\C:\ProgramData\Microsoft\Windows\WER\ReportQueue\AppCrash_WindowsAdminCent_a6fb81939b9f405e50f372bdcaf57e747b9d9ae_67a50925_18517c4a-40fd-4842-a388-9f2d336e30df,,,,,,,,,,,,,,,,,,,,,,,,,
2026-04-05T00:55:33.246050Z,1001,dc.danglingtree.htb,Windows Error Reporting,Application,1767,4,,,,,,,,,"
\\?\C:\ProgramData\Microsoft\Windows\WER\Temp\WER.4f60373f-bbcb-41c8-a82a-ace36a5f422d.tmp.WERInternalMetadata.xml",,,0,,,,,,0,0,,,,,,,,,,,,,,,,,,,APPCRASH,,,,,,,,,,,,,,,,,,,WindowsAdminCenterAccountManagement.exe,,2.6.11.4,69340000,KERNELBASE.dll,10.0.26100.32230,93531557,e0434352,00000000000ca80a,,,,,,,,,,,0,,d7b70e89-9544-4afd-8131-86b61eaba5fa,4196,,Not available,,,,,,\\?\C:\ProgramData\Microsoft\Windows\WER\ReportQueue\AppCrash_WindowsAdminCent_a6fb81939b9f405e50f372bdcaf57e747b9d9ae_67a50925_3e71d999-fbb6-4d87-9da0-b9009dc9da5c,,,,,,,,,,,,,,,,,,,,,,,,,
2026-04-05T00:55:33.280058Z,1001,dc.danglingtree.htb,Windows Error Reporting,Application,1768,4,,,,,,,,,"
\\?\C:\ProgramData\Microsoft\Windows\WER\Temp\WER.1982577a-4407-4e71-8095-8b4a8d923525.tmp.WERInternalMetadata.xml",,,0,,,,,,0,0,,,,,,,,,,,,,,,,,,,APPCRASH,,,,,,,,,,,,,,,,,,,WindowsAdminCenterAccountManagement.exe,,2.6.11.4,69340000,KERNELBASE.dll,10.0.26100.32230,93531557,e0434352,00000000000ca80a,,,,,,,,,,,0,,3debe1d9-dfee-4ff9-8042-2f0c90970f96,4196,,Not available,,,,,,\\?\C:\ProgramData\Microsoft\Windows\WER\ReportQueue\AppCrash_WindowsAdminCent_a6fb81939b9f405e50f372bdcaf57e747b9d9ae_67a50925_889ef46f-49f7-40db-b9dd-612754b15230,,,,,,,,,,,,,,,,,,,,,,,,,
2026-04-05T00:55:33.314184Z,1001,dc.danglingtree.htb,Windows Error Reporting,Application,1769,4,,,,,,,,,"
\\?\C:\ProgramData\Microsoft\Windows\WER\Temp\WER.40401428-b157-48f0-ba74-ba1f20524db3.tmp.WERInternalMetadata.xml
\\?\C:\ProgramData\Microsoft\Windows\WER\Temp\WER.c1420784-8d95-476d-bb61-d2d6a42dd889.tmp.csv
\\?\C:\ProgramData\Microsoft\Windows\WER\Temp\WER.4e5be364-9a78-48ea-ae05-3fc4aabadb6b.tmp.txt
\\?\C:\ProgramData\Microsoft\Windows\WER\Temp\WER.52d6f2c9-9b58-4b51-bd42-bced27f47a17.tmp.xml
\\?\C:\ProgramData\Microsoft\Windows\WER\Temp\WER.ee8f3c4d-cb38-4f88-8443-bee6b8d959e5.tmp.mdmp
\\?\C:\ProgramData\Microsoft\Windows\WER\ReportQueue\Critical_powershell.exe_5e458e2e3d5289f825289b586821f771a1cfa9b_00000000_cab_b71bf056-56d0-4ee1-8704-7cdf3b1651be\memory.hdmp
\\?\C:\Users\Administrator\AppData\Local\Temp\WER.c689e076-6800-4863-a403-9dc9446f5caf.tmp.WERDataCollectionStatus.txt",,,0,,,,,,0,0,,,,,,,,,,,,,,,,,,,PowerShell,,,,,,,,,,,,,,,,,,,powershell.exe,,10.0.26100.7462,System.InvalidOperationException,System.InvalidOperationException,unknown,owerShell.Internal.GB18030BugFixConsolePal.ReadKey,PSRead..adKey Thread,,,,,,,,,,,,0,,b71bf056-56d0-4ee1-8704-7cdf3b1651be,100,,Not available,,,,,,\\?\C:\ProgramData\Microsoft\Windows\WER\ReportQueue\Critical_powershell.exe_5e458e2e3d5289f825289b586821f771a1cfa9b_00000000_cab_b71bf056-56d0-4ee1-8704-7cdf3b1651be,,,,,,,,,,,,,,,,,,,,,,,,,
2026-04-05T00:55:33.347169Z,1001,dc.danglingtree.htb,Windows Error Reporting,Application,1770,4,,,,,,,,,"
\\?\C:\ProgramData\Microsoft\Windows\WER\Temp\WER.62f3c78b-deaf-481f-ade8-11fcffaa8ca7.tmp.WERInternalMetadata.xml
\\?\C:\ProgramData\Microsoft\Windows\WER\Temp\WER.6b6f48e1-3a2d-4fb2-ac84-db0364d8ef35.tmp.csv
\\?\C:\ProgramData\Microsoft\Windows\WER\Temp\WER.c55f7015-41ff-40db-b378-41da9c7f127c.tmp.txt
\\?\C:\ProgramData\Microsoft\Windows\WER\Temp\WER.572031f4-3fc9-49ae-946d-a00d5cf369cf.tmp.xml
\\?\C:\ProgramData\Microsoft\Windows\WER\Temp\WER.6bba3d72-06b6-4ae6-8cf1-93b6876bbd2e.tmp.mdmp
\\?\C:\ProgramData\Microsoft\Windows\WER\ReportQueue\Critical_powershell.exe_5e458e2e3d5289f825289b586821f771a1cfa9b_00000000_cab_96da6391-ab92-4b0e-a569-5a903f8defb1\memory.hdmp
\\?\C:\Users\Administrator\AppData\Local\Temp\WER.44e75a98-f36b-4003-9bd0-41cd3cc5a6a7.tmp.WERDataCollectionStatus.txt",,,0,,,,,,0,0,,,,,,,,,,,,,,,,,,,PowerShell,,,,,,,,,,,,,,,,,,,powershell.exe,,10.0.26100.7462,System.InvalidOperationException,System.InvalidOperationException,unknown,owerShell.Internal.GB18030BugFixConsolePal.ReadKey,PSRead..adKey Thread,,,,,,,,,,,,0,,96da6391-ab92-4b0e-a569-5a903f8defb1,100,,Not available,,,,,,\\?\C:\ProgramData\Microsoft\Windows\WER\ReportQueue\Critical_powershell.exe_5e458e2e3d5289f825289b586821f771a1cfa9b_00000000_cab_96da6391-ab92-4b0e-a569-5a903f8defb1,,,,,,,,,,,,,,,,,,,,,,,,,
2026-04-05T00:55:33.383725Z,1001,dc.danglingtree.htb,Windows Error Reporting,Application,1771,4,,,,,,,,,"
\\?\C:\ProgramData\Microsoft\Windows\WER\Temp\WER.cd7ea8ce-ee41-475a-b1e2-81a4c59082ba.tmp.WERInternalMetadata.xml",,,0,,,,,,0,0,,,,,,,,,,,,,,,,,,,APPCRASH,,,,,,,,,,,,,,,,,,,WindowsAdminCenterAccountManagement.exe,,2.6.11.4,69340000,KERNELBASE.dll,10.0.26100.32230,93531557,e0434352,00000000000ca80a,,,,,,,,,,,0,,1746a3b8-077f-4fb3-8c1e-1cf8d0d4c83f,4196,,Not available,,,,,,\\?\C:\ProgramData\Microsoft\Windows\WER\ReportQueue\AppCrash_WindowsAdminCent_a6fb81939b9f405e50f372bdcaf57e747b9d9ae_67a50925_59a00db3-7249-4108-b6f9-d9c40ea2fe59,,,,,,,,,,,,,,,,,,,,,,,,,
2026-04-05T00:55:33.419530Z,1001,dc.danglingtree.htb,Windows Error Reporting,Application,1772,4,,,,,,,,,"
\\?\C:\ProgramData\Microsoft\Windows\WER\Temp\WER.06619afd-d8ec-41cd-947a-3c87c6a19cb7.tmp.WERInternalMetadata.xml",,,0,,,,,,0,0,,,,,,,,,,,,,,,,,,,APPCRASH,,,,,,,,,,,,,,,,,,,WindowsAdminCenterAccountManagement.exe,,2.6.11.4,69340000,KERNELBASE.dll,10.0.26100.32230,93531557,e0434352,00000000000ca80a,,,,,,,,,,,0,,e21d5eae-d822-410f-af2c-2964a7f8ba5a,4196,,Not available,,,,,,\\?\C:\ProgramData\Microsoft\Windows\WER\ReportQueue\AppCrash_WindowsAdminCent_a6fb81939b9f405e50f372bdcaf57e747b9d9ae_67a50925_247019e6-e577-4e49-a157-60c07796b8db,,,,,,,,,,,,,,,,,,,,,,,,,
2026-04-05T00:55:33.457414Z,1001,dc.danglingtree.htb,Windows Error Reporting,Application,1773,4,,,,,,,,,"
\\?\C:\ProgramData\Microsoft\Windows\WER\Temp\WER.1458da03-42a8-4223-8a27-b6347feefa0c.tmp.mdmp
\\?\C:\ProgramData\Microsoft\Windows\WER\Temp\WER.f38af2a4-ab3d-41b4-9a65-8bec27dfdaff.tmp.WERInternalMetadata.xml
\\?\C:\ProgramData\Microsoft\Windows\WER\Temp\WER.8f4c3db4-de71-4886-9b47-763c1d5367bb.tmp.csv
\\?\C:\ProgramData\Microsoft\Windows\WER\Temp\WER.88d1528e-b950-42cd-8943-ca1103fa390f.tmp.txt
\\?\C:\ProgramData\Microsoft\Windows\WER\Temp\WER.eef51ec4-7a34-408e-aa21-f9751cc2a74e.tmp.xml
\\?\C:\Users\svc_mail\AppData\Local\Temp\WER.e6f9d246-dd45-4746-b3d4-99ae51425bd0.tmp.appcompat.txt
\\?\C:\ProgramData\Microsoft\Windows\WER\ReportQueue\AppCrash_MicrosoftWindows_9f86a51281dab8c088db1448d07468a41d6f1226_23fe3459_cab_f523e223-9c49-4508-a8bb-290bf7d7b18c\memory.hdmp",,,0,,,,,,0,0,,,,,,,,,,,,,,,,,,,MoAppCrash,,,,,,,,,,,,,,,,,,,MicrosoftWindows.Client.CBS_1000.26100.275.0_x64__cw5n1h2txyewy,,praid:Global.Accounts,10.0.26100.1,5bc61463,combase.dll,10.0.26100.32230,afe300b1,d0020017,000000000008eea4,,,,,,,,,,0,,53e5e329-beb7-4040-b291-c6f9d833b982,100,,Not available,,,,,,\\?\C:\ProgramData\Microsoft\Windows\WER\ReportQueue\AppCrash_MicrosoftWindows_9f86a51281dab8c088db1448d07468a41d6f1226_23fe3459_cab_f523e223-9c49-4508-a8bb-290bf7d7b18c,,,,,,,,,,,,,,,,,,,,,,,,,
2026-04-05T00:55:33.492509Z,1001,dc.danglingtree.htb,Windows Error Reporting,Application,1774,4,,,,,,,,,"
\\?\C:\ProgramData\Microsoft\Windows\WER\Temp\WER.1b7ef4f7-073c-40a2-8c25-6b8b3848601d.tmp.WERInternalMetadata.xml",,,0,,,,,,0,0,,,,,,,,,,,,,,,,,,,APPCRASH,,,,,,,,,,,,,,,,,,,WindowsAdminCenterAccountManagement.exe,,2.6.11.4,69340000,KERNELBASE.dll,10.0.26100.32230,93531557,e0434352,00000000000ca80a,,,,,,,,,,,0,,14679b8b-5891-4ba9-93c9-a689669208a4,4196,,Not available,,,,,,\\?\C:\ProgramData\Microsoft\Windows\WER\ReportQueue\AppCrash_WindowsAdminCent_a6fb81939b9f405e50f372bdcaf57e747b9d9ae_67a50925_eddd456a-f468-48ec-b83e-6abcc0e4f1a3,,,,,,,,,,,,,,,,,,,,,,,,,
2026-04-05T00:55:33.531633Z,1001,dc.danglingtree.htb,Windows Error Reporting,Application,1775,4,,,,,,,,,"
\\?\C:\ProgramData\Microsoft\Windows\WER\Temp\WER.bdd90792-a7a2-4472-8a09-2418a9ebb202.tmp.WERInternalMetadata.xml",,,0,,,,,,0,0,,,,,,,,,,,,,,,,,,,APPCRASH,,,,,,,,,,,,,,,,,,,WindowsAdminCenterAccountManagement.exe,,2.6.11.4,69340000,KERNELBASE.dll,10.0.26100.32230,93531557,e0434352,00000000000ca80a,,,,,,,,,,,0,,395fe2f3-a6ae-465b-9c33-e9282dde5b9c,4196,,Not available,,,,,,\\?\C:\ProgramData\Microsoft\Windows\WER\ReportQueue\AppCrash_WindowsAdminCent_a6fb81939b9f405e50f372bdcaf57e747b9d9ae_67a50925_c105b3c0-7cbf-4167-a9d6-06b774739bdb,,,,,,,,,,,,,,,,,,,,,,,,,
2026-04-05T00:55:33.567252Z,1001,dc.danglingtree.htb,Windows Error Reporting,Application,1776,4,,,,,,,,,"
\\?\C:\ProgramData\Microsoft\Windows\WER\Temp\WER.a269a01d-15b3-4137-83fa-115ee09a19b5.tmp.WERInternalMetadata.xml",,,0,,,,,,0,0,,,,,,,,,,,,,,,,,,,APPCRASH,,,,,,,,,,,,,,,,,,,WindowsAdminCenterAccountManagement.exe,,2.6.11.4,69340000,KERNELBASE.dll,10.0.26100.32230,93531557,e0434352,00000000000ca80a,,,,,,,,,,,0,,dd3ab9ff-9ef4-428e-a731-050dce30185f,4196,,Not available,,,,,,\\?\C:\ProgramData\Microsoft\Windows\WER\ReportQueue\AppCrash_WindowsAdminCent_a6fb81939b9f405e50f372bdcaf57e747b9d9ae_67a50925_e9234eb8-a24b-4f66-b300-e29d75b70559,,,,,,,,,,,,,,,,,,,,,,,,,
2026-04-05T00:55:33.599632Z,1001,dc.danglingtree.htb,Windows Error Reporting,Application,1777,4,,,,,,,,,"
\\?\C:\ProgramData\Microsoft\Windows\WER\Temp\WER.888024aa-3ba1-4e02-99df-611829dfbb87.tmp.WERInternalMetadata.xml",,,0,,,,,,0,0,,,,,,,,,,,,,,,,,,,APPCRASH,,,,,,,,,,,,,,,,,,,WindowsAdminCenterAccountManagement.exe,,2.6.11.4,69340000,KERNELBASE.dll,10.0.26100.32230,93531557,e0434352,00000000000ca80a,,,,,,,,,,,0,,491fbeb1-d6d1-451b-969f-e38a8e260306,4196,,Not available,,,,,,\\?\C:\ProgramData\Microsoft\Windows\WER\ReportQueue\AppCrash_WindowsAdminCent_a6fb81939b9f405e50f372bdcaf57e747b9d9ae_67a50925_d25aa3ba-f86d-456a-a7b2-7ed9d9e43713,,,,,,,,,,,,,,,,,,,,,,,,,
2026-04-05T00:56:41.998002Z,1001,dc.danglingtree.htb,Microsoft-Windows-LoadPerf,Application,1778,4,,,,,,,,,,,,,,,,,,,,,,,,,,,,,,,,,,,,,,,,,,,,,,,,,,,,,,,,,,,,,,,,,,,,,,,,,,,,,,,,,,,,,,,,,,,,,,,,,LoadPerf,DA3C0000C4020000,8,,WmiApRpl,,,,WmiApRpl,,,,,,,
2026-04-05T00:56:42.028142Z,1000,dc.danglingtree.htb,Microsoft-Windows-LoadPerf,Application,1779,4,,,,,,,,,,,,,,,,,,,,,,,,,,,,,,,,,,,,,,,,,,,,,,,,,,,,,,,,,,,,,,,,,,,,,,,,,,,,,,,,,,,,,,,,,,,,,,,,,LoadPerf,DC3C0000823D0000,8,,WmiApRpl,,,,WmiApRpl,,,,,,,
2026-04-05T00:57:41.841030Z,1001,dc.danglingtree.htb,Windows Error Reporting,Application,1780,4,,,,,,,,,"
\\?\C:\ProgramData\Microsoft\Windows\WER\Temp\WER.63504de0-de0f-42cb-823c-d6b27dc7a5b9.tmp.mdmp
\\?\C:\ProgramData\Microsoft\Windows\WER\Temp\WER.9b7dd4e0-cd8c-4fa4-b1f0-3ae18d467743.tmp.WERInternalMetadata.xml
\\?\C:\ProgramData\Microsoft\Windows\WER\Temp\WER.c43a3a66-5e48-472b-9eba-ed14c3c7c8a1.tmp.xml
\\?\C:\Windows\SystemTemp\WER.3219d386-3428-49e6-ab36-20f7a8616098.tmp.appcompat.txt",,,0,,,,,,0,0,,,,,,,,,,,,,,,,,,,APPCRASH,,,,,,,,,,,,,,,,,,,WindowsAdminCenterAccountManagement.exe,,2.6.11.4,69340000,KERNELBASE.dll,10.0.26100.32230,93531557,e0434352,00000000000ca80a,,,,,,,,,,,0,,baf481de-0711-4175-b128-28e7dc87e508,100,,Not available,,,,,,\\?\C:\ProgramData\Microsoft\Windows\WER\ReportQueue\AppCrash_WindowsAdminCent_a6fb81939b9f405e50f372bdcaf57e747b9d9ae_67a50925_cab_6542128a-8437-4e43-b987-2aa60e55c189,,,,,,,,,,,,,,,,,,,,,,,,,
2026-04-05T00:57:41.888118Z,1001,dc.danglingtree.htb,Windows Error Reporting,Application,1781,4,,,,,,,,,"
\\?\C:\ProgramData\Microsoft\Windows\WER\Temp\WER.1d1ec7e6-40ce-4387-9eb8-d279060c54ab.tmp.mdmp
\\?\C:\ProgramData\Microsoft\Windows\WER\Temp\WER.bc0a6d57-8cfb-4189-a22d-df2b7bad3e2e.tmp.WERInternalMetadata.xml
\\?\C:\ProgramData\Microsoft\Windows\WER\Temp\WER.1605a100-ec7e-48e9-8552-ff110d4156ac.tmp.csv
\\?\C:\ProgramData\Microsoft\Windows\WER\Temp\WER.1a75d2dd-7984-4178-a0c2-67ea5667021e.tmp.txt
\\?\C:\ProgramData\Microsoft\Windows\WER\Temp\WER.dbc1c743-45d8-4151-ab6b-02efd68c4346.tmp.xml
\\?\C:\Users\noah.b\AppData\Local\Temp\WER.5c4d0046-fba0-4e0f-b86b-ed90376f6f12.tmp.appcompat.txt
\\?\C:\ProgramData\Microsoft\Windows\WER\ReportQueue\AppCrash_MicrosoftWindows_9f86a51281dab8c088db1448d07468a41d6f1226_23fe3459_cab_fe5fd375-1701-4a6c-a4e4-a7e546ec8317\memory.hdmp",,,0,,,,,,0,0,,,,,,,,,,,,,,,,,,,MoAppCrash,,,,,,,,,,,,,,,,,,,MicrosoftWindows.Client.CBS_1000.26100.275.0_x64__cw5n1h2txyewy,,praid:Global.Accounts,10.0.26100.1,5bc61463,combase.dll,10.0.26100.32230,afe300b1,d0020017,000000000008eea4,,,,,,,,,,0,,7b667a66-1518-4c0f-85e8-df6556056eb7,100,,Not available,,,,,,\\?\C:\ProgramData\Microsoft\Windows\WER\ReportQueue\AppCrash_MicrosoftWindows_9f86a51281dab8c088db1448d07468a41d6f1226_23fe3459_cab_fe5fd375-1701-4a6c-a4e4-a7e546ec8317,,,,,,,,,,,,,,,,,,,,,,,,,
2026-04-05T00:57:41.923650Z,1001,dc.danglingtree.htb,Windows Error Reporting,Application,1782,4,,,,,,,,,"
\\?\C:\ProgramData\Microsoft\Windows\WER\Temp\WER.aeeb4342-4a19-4e9b-bad9-8fe00459755d.tmp.WERInternalMetadata.xml",,,0,,,,,,0,0,,,,,,,,,,,,,,,,,,,APPCRASH,,,,,,,,,,,,,,,,,,,WindowsAdminCenterAccountManagement.exe,,2.6.11.4,69340000,KERNELBASE.dll,10.0.26100.32230,93531557,e0434352,00000000000ca80a,,,,,,,,,,,0,,0ef9a54b-0012-428b-b818-a440ae77f469,4196,,Not available,,,,,,\\?\C:\ProgramData\Microsoft\Windows\WER\ReportQueue\AppCrash_WindowsAdminCent_a6fb81939b9f405e50f372bdcaf57e747b9d9ae_67a50925_1cc804e1-e587-4a15-a8ca-cf1621ea084e,,,,,,,,,,,,,,,,,,,,,,,,,
2026-04-05T00:57:41.965375Z,1001,dc.danglingtree.htb,Windows Error Reporting,Application,1783,4,,,,,,,,,"
\\?\C:\ProgramData\Microsoft\Windows\WER\Temp\WER.99b886c8-e0e8-489a-a0d9-28654514a882.tmp.mdmp
\\?\C:\ProgramData\Microsoft\Windows\WER\Temp\WER.84a59963-a4f1-4aea-80ca-52fbcdde9735.tmp.WERInternalMetadata.xml
\\?\C:\ProgramData\Microsoft\Windows\WER\Temp\WER.2b2d82e4-8100-4a4d-a1fe-67005fb175d5.tmp.csv
\\?\C:\ProgramData\Microsoft\Windows\WER\Temp\WER.ce8b0763-44e1-4360-9cb5-be90b8f45d17.tmp.txt
\\?\C:\ProgramData\Microsoft\Windows\WER\Temp\WER.439bc349-79ca-47ec-ab9c-ee1cb4c83190.tmp.xml
\\?\C:\Users\Administrator\AppData\Local\Temp\WER.af501206-ea97-4c7f-bbb3-734c84137372.tmp.appcompat.txt
\\?\C:\ProgramData\Microsoft\Windows\WER\ReportQueue\AppCrash_mmc.exe_c785c1e2799bfe946cb6f099faac7058efaa6ad9_b676ff93_cab_9cdf66ab-fb64-47a7-a7ba-60679bad1335\memory.hdmp",,,0,,,,,,0,0,,,,,,,,,,,,,,,,,,,APPCRASH,,,,,,,,,,,,,,,,,,,mmc.exe,,10.0.26100.32230,1865ebef,dsuiext.dll,10.0.26100.1150,1cdcad27,c0000005,000000000000602b,,,,,,,,,,,0,,4c2af429-541a-47f0-9124-c3290b0dda82,100,,Not available,,,,,,\\?\C:\ProgramData\Microsoft\Windows\WER\ReportQueue\AppCrash_mmc.exe_c785c1e2799bfe946cb6f099faac7058efaa6ad9_b676ff93_cab_9cdf66ab-fb64-47a7-a7ba-60679bad1335,,,,,,,,,,,,,,,,,,,,,,,,,
2026-04-05T00:57:42.002557Z,1001,dc.danglingtree.htb,Windows Error Reporting,Application,1784,4,,,,,,,,,"
\\?\C:\ProgramData\Microsoft\Windows\WER\Temp\WER.ec2c7b21-5169-48da-952f-5eee27f33588.tmp.WERInternalMetadata.xml",,,0,,,,,,0,0,,,,,,,,,,,,,,,,,,,APPCRASH,,,,,,,,,,,,,,,,,,,WindowsAdminCenterAccountManagement.exe,,2.6.11.4,69340000,KERNELBASE.dll,10.0.26100.32230,93531557,e0434352,00000000000ca80a,,,,,,,,,,,0,,d86281ad-cfc0-4d58-9136-ad64403dcc4b,4196,,Not available,,,,,,\\?\C:\ProgramData\Microsoft\Windows\WER\ReportQueue\AppCrash_WindowsAdminCent_a6fb81939b9f405e50f372bdcaf57e747b9d9ae_67a50925_afcba7d8-e588-47ca-8c74-8b7c9144a88c,,,,,,,,,,,,,,,,,,,,,,,,,
2026-04-05T00:57:42.036891Z,1001,dc.danglingtree.htb,Windows Error Reporting,Application,1785,4,,,,,,,,,"
\\?\C:\ProgramData\Microsoft\Windows\WER\Temp\WER.7ea2ac62-439c-4e90-a738-c631706ee4f4.tmp.WERInternalMetadata.xml",,,0,,,,,,0,0,,,,,,,,,,,,,,,,,,,APPCRASH,,,,,,,,,,,,,,,,,,,WindowsAdminCenterAccountManagement.exe,,2.6.11.4,69340000,KERNELBASE.dll,10.0.26100.32230,93531557,e0434352,00000000000ca80a,,,,,,,,,,,0,,1e61fdde-a841-4f0f-8bc0-9db10ea518e9,4196,,Not available,,,,,,\\?\C:\ProgramData\Microsoft\Windows\WER\ReportQueue\AppCrash_WindowsAdminCent_a6fb81939b9f405e50f372bdcaf57e747b9d9ae_67a50925_2bfd22eb-df18-437d-acd2-9f3328e62723,,,,,,,,,,,,,,,,,,,,,,,,,
2026-04-05T00:57:42.074013Z,1001,dc.danglingtree.htb,Windows Error Reporting,Application,1786,4,,,,,,,,,"
\\?\C:\ProgramData\Microsoft\Windows\WER\Temp\WER.3f3f3ab6-0a12-428d-ae38-24556afbbece.tmp.WERInternalMetadata.xml",,,0,,,,,,0,0,,,,,,,,,,,,,,,,,,,APPCRASH,,,,,,,,,,,,,,,,,,,WindowsAdminCenterAccountManagement.exe,,2.6.11.4,69340000,KERNELBASE.dll,10.0.26100.32230,93531557,e0434352,00000000000ca80a,,,,,,,,,,,0,,343f66a9-d88e-482c-85ad-8fbc386bdae7,4196,,Not available,,,,,,\\?\C:\ProgramData\Microsoft\Windows\WER\ReportQueue\AppCrash_WindowsAdminCent_a6fb81939b9f405e50f372bdcaf57e747b9d9ae_67a50925_f9b7f7cf-6310-4817-9a61-3d85cf17fd4d,,,,,,,,,,,,,,,,,,,,,,,,,
2026-04-05T00:57:42.108280Z,1001,dc.danglingtree.htb,Windows Error Reporting,Application,1787,4,,,,,,,,,"
\\?\C:\ProgramData\Microsoft\Windows\WER\Temp\WER.c09853b3-473d-4a8c-b8c2-5f20defb8285.tmp.WERInternalMetadata.xml",,,0,,,,,,0,0,,,,,,,,,,,,,,,,,,,APPCRASH,,,,,,,,,,,,,,,,,,,WindowsAdminCenterAccountManagement.exe,,2.6.11.4,69340000,KERNELBASE.dll,10.0.26100.32230,93531557,e0434352,00000000000ca80a,,,,,,,,,,,0,,88a0a671-ead0-4612-a149-32c10b23a659,4196,,Not available,,,,,,\\?\C:\ProgramData\Microsoft\Windows\WER\ReportQueue\AppCrash_WindowsAdminCent_a6fb81939b9f405e50f372bdcaf57e747b9d9ae_67a50925_18517c4a-40fd-4842-a388-9f2d336e30df,,,,,,,,,,,,,,,,,,,,,,,,,
2026-04-05T00:57:42.144981Z,1001,dc.danglingtree.htb,Windows Error Reporting,Application,1788,4,,,,,,,,,"
\\?\C:\ProgramData\Microsoft\Windows\WER\Temp\WER.4f60373f-bbcb-41c8-a82a-ace36a5f422d.tmp.WERInternalMetadata.xml",,,0,,,,,,0,0,,,,,,,,,,,,,,,,,,,APPCRASH,,,,,,,,,,,,,,,,,,,WindowsAdminCenterAccountManagement.exe,,2.6.11.4,69340000,KERNELBASE.dll,10.0.26100.32230,93531557,e0434352,00000000000ca80a,,,,,,,,,,,0,,d7b70e89-9544-4afd-8131-86b61eaba5fa,4196,,Not available,,,,,,\\?\C:\ProgramData\Microsoft\Windows\WER\ReportQueue\AppCrash_WindowsAdminCent_a6fb81939b9f405e50f372bdcaf57e747b9d9ae_67a50925_3e71d999-fbb6-4d87-9da0-b9009dc9da5c,,,,,,,,,,,,,,,,,,,,,,,,,
2026-04-05T00:57:42.176991Z,1001,dc.danglingtree.htb,Windows Error Reporting,Application,1789,4,,,,,,,,,"
\\?\C:\ProgramData\Microsoft\Windows\WER\Temp\WER.1982577a-4407-4e71-8095-8b4a8d923525.tmp.WERInternalMetadata.xml",,,0,,,,,,0,0,,,,,,,,,,,,,,,,,,,APPCRASH,,,,,,,,,,,,,,,,,,,WindowsAdminCenterAccountManagement.exe,,2.6.11.4,69340000,KERNELBASE.dll,10.0.26100.32230,93531557,e0434352,00000000000ca80a,,,,,,,,,,,0,,3debe1d9-dfee-4ff9-8042-2f0c90970f96,4196,,Not available,,,,,,\\?\C:\ProgramData\Microsoft\Windows\WER\ReportQueue\AppCrash_WindowsAdminCent_a6fb81939b9f405e50f372bdcaf57e747b9d9ae_67a50925_889ef46f-49f7-40db-b9dd-612754b15230,,,,,,,,,,,,,,,,,,,,,,,,,
2026-04-05T00:57:42.210492Z,1001,dc.danglingtree.htb,Windows Error Reporting,Application,1790,4,,,,,,,,,"
\\?\C:\ProgramData\Microsoft\Windows\WER\Temp\WER.40401428-b157-48f0-ba74-ba1f20524db3.tmp.WERInternalMetadata.xml
\\?\C:\ProgramData\Microsoft\Windows\WER\Temp\WER.c1420784-8d95-476d-bb61-d2d6a42dd889.tmp.csv
\\?\C:\ProgramData\Microsoft\Windows\WER\Temp\WER.4e5be364-9a78-48ea-ae05-3fc4aabadb6b.tmp.txt
\\?\C:\ProgramData\Microsoft\Windows\WER\Temp\WER.52d6f2c9-9b58-4b51-bd42-bced27f47a17.tmp.xml
\\?\C:\ProgramData\Microsoft\Windows\WER\Temp\WER.ee8f3c4d-cb38-4f88-8443-bee6b8d959e5.tmp.mdmp
\\?\C:\ProgramData\Microsoft\Windows\WER\ReportQueue\Critical_powershell.exe_5e458e2e3d5289f825289b586821f771a1cfa9b_00000000_cab_b71bf056-56d0-4ee1-8704-7cdf3b1651be\memory.hdmp
\\?\C:\Users\Administrator\AppData\Local\Temp\WER.c689e076-6800-4863-a403-9dc9446f5caf.tmp.WERDataCollectionStatus.txt",,,0,,,,,,0,0,,,,,,,,,,,,,,,,,,,PowerShell,,,,,,,,,,,,,,,,,,,powershell.exe,,10.0.26100.7462,System.InvalidOperationException,System.InvalidOperationException,unknown,owerShell.Internal.GB18030BugFixConsolePal.ReadKey,PSRead..adKey Thread,,,,,,,,,,,,0,,b71bf056-56d0-4ee1-8704-7cdf3b1651be,100,,Not available,,,,,,\\?\C:\ProgramData\Microsoft\Windows\WER\ReportQueue\Critical_powershell.exe_5e458e2e3d5289f825289b586821f771a1cfa9b_00000000_cab_b71bf056-56d0-4ee1-8704-7cdf3b1651be,,,,,,,,,,,,,,,,,,,,,,,,,
2026-04-05T00:57:42.244296Z,1001,dc.danglingtree.htb,Windows Error Reporting,Application,1791,4,,,,,,,,,"
\\?\C:\ProgramData\Microsoft\Windows\WER\Temp\WER.62f3c78b-deaf-481f-ade8-11fcffaa8ca7.tmp.WERInternalMetadata.xml
\\?\C:\ProgramData\Microsoft\Windows\WER\Temp\WER.6b6f48e1-3a2d-4fb2-ac84-db0364d8ef35.tmp.csv
\\?\C:\ProgramData\Microsoft\Windows\WER\Temp\WER.c55f7015-41ff-40db-b378-41da9c7f127c.tmp.txt
\\?\C:\ProgramData\Microsoft\Windows\WER\Temp\WER.572031f4-3fc9-49ae-946d-a00d5cf369cf.tmp.xml
\\?\C:\ProgramData\Microsoft\Windows\WER\Temp\WER.6bba3d72-06b6-4ae6-8cf1-93b6876bbd2e.tmp.mdmp
\\?\C:\ProgramData\Microsoft\Windows\WER\ReportQueue\Critical_powershell.exe_5e458e2e3d5289f825289b586821f771a1cfa9b_00000000_cab_96da6391-ab92-4b0e-a569-5a903f8defb1\memory.hdmp
\\?\C:\Users\Administrator\AppData\Local\Temp\WER.44e75a98-f36b-4003-9bd0-41cd3cc5a6a7.tmp.WERDataCollectionStatus.txt",,,0,,,,,,0,0,,,,,,,,,,,,,,,,,,,PowerShell,,,,,,,,,,,,,,,,,,,powershell.exe,,10.0.26100.7462,System.InvalidOperationException,System.InvalidOperationException,unknown,owerShell.Internal.GB18030BugFixConsolePal.ReadKey,PSRead..adKey Thread,,,,,,,,,,,,0,,96da6391-ab92-4b0e-a569-5a903f8defb1,100,,Not available,,,,,,\\?\C:\ProgramData\Microsoft\Windows\WER\ReportQueue\Critical_powershell.exe_5e458e2e3d5289f825289b586821f771a1cfa9b_00000000_cab_96da6391-ab92-4b0e-a569-5a903f8defb1,,,,,,,,,,,,,,,,,,,,,,,,,
2026-04-05T00:57:42.277847Z,1001,dc.danglingtree.htb,Windows Error Reporting,Application,1792,4,,,,,,,,,"
\\?\C:\ProgramData\Microsoft\Windows\WER\Temp\WER.cd7ea8ce-ee41-475a-b1e2-81a4c59082ba.tmp.WERInternalMetadata.xml",,,0,,,,,,0,0,,,,,,,,,,,,,,,,,,,APPCRASH,,,,,,,,,,,,,,,,,,,WindowsAdminCenterAccountManagement.exe,,2.6.11.4,69340000,KERNELBASE.dll,10.0.26100.32230,93531557,e0434352,00000000000ca80a,,,,,,,,,,,0,,1746a3b8-077f-4fb3-8c1e-1cf8d0d4c83f,4196,,Not available,,,,,,\\?\C:\ProgramData\Microsoft\Windows\WER\ReportQueue\AppCrash_WindowsAdminCent_a6fb81939b9f405e50f372bdcaf57e747b9d9ae_67a50925_59a00db3-7249-4108-b6f9-d9c40ea2fe59,,,,,,,,,,,,,,,,,,,,,,,,,
2026-04-05T00:57:42.311251Z,1001,dc.danglingtree.htb,Windows Error Reporting,Application,1793,4,,,,,,,,,"
\\?\C:\ProgramData\Microsoft\Windows\WER\Temp\WER.06619afd-d8ec-41cd-947a-3c87c6a19cb7.tmp.WERInternalMetadata.xml",,,0,,,,,,0,0,,,,,,,,,,,,,,,,,,,APPCRASH,,,,,,,,,,,,,,,,,,,WindowsAdminCenterAccountManagement.exe,,2.6.11.4,69340000,KERNELBASE.dll,10.0.26100.32230,93531557,e0434352,00000000000ca80a,,,,,,,,,,,0,,e21d5eae-d822-410f-af2c-2964a7f8ba5a,4196,,Not available,,,,,,\\?\C:\ProgramData\Microsoft\Windows\WER\ReportQueue\AppCrash_WindowsAdminCent_a6fb81939b9f405e50f372bdcaf57e747b9d9ae_67a50925_247019e6-e577-4e49-a157-60c07796b8db,,,,,,,,,,,,,,,,,,,,,,,,,
2026-04-05T00:57:42.342754Z,1001,dc.danglingtree.htb,Windows Error Reporting,Application,1794,4,,,,,,,,,"
\\?\C:\ProgramData\Microsoft\Windows\WER\Temp\WER.1458da03-42a8-4223-8a27-b6347feefa0c.tmp.mdmp
\\?\C:\ProgramData\Microsoft\Windows\WER\Temp\WER.f38af2a4-ab3d-41b4-9a65-8bec27dfdaff.tmp.WERInternalMetadata.xml
\\?\C:\ProgramData\Microsoft\Windows\WER\Temp\WER.8f4c3db4-de71-4886-9b47-763c1d5367bb.tmp.csv
\\?\C:\ProgramData\Microsoft\Windows\WER\Temp\WER.88d1528e-b950-42cd-8943-ca1103fa390f.tmp.txt
\\?\C:\ProgramData\Microsoft\Windows\WER\Temp\WER.eef51ec4-7a34-408e-aa21-f9751cc2a74e.tmp.xml
\\?\C:\Users\svc_mail\AppData\Local\Temp\WER.e6f9d246-dd45-4746-b3d4-99ae51425bd0.tmp.appcompat.txt
\\?\C:\ProgramData\Microsoft\Windows\WER\ReportQueue\AppCrash_MicrosoftWindows_9f86a51281dab8c088db1448d07468a41d6f1226_23fe3459_cab_f523e223-9c49-4508-a8bb-290bf7d7b18c\memory.hdmp",,,0,,,,,,0,0,,,,,,,,,,,,,,,,,,,MoAppCrash,,,,,,,,,,,,,,,,,,,MicrosoftWindows.Client.CBS_1000.26100.275.0_x64__cw5n1h2txyewy,,praid:Global.Accounts,10.0.26100.1,5bc61463,combase.dll,10.0.26100.32230,afe300b1,d0020017,000000000008eea4,,,,,,,,,,0,,53e5e329-beb7-4040-b291-c6f9d833b982,100,,Not available,,,,,,\\?\C:\ProgramData\Microsoft\Windows\WER\ReportQueue\AppCrash_MicrosoftWindows_9f86a51281dab8c088db1448d07468a41d6f1226_23fe3459_cab_f523e223-9c49-4508-a8bb-290bf7d7b18c,,,,,,,,,,,,,,,,,,,,,,,,,
2026-04-05T00:57:42.374098Z,1001,dc.danglingtree.htb,Windows Error Reporting,Application,1795,4,,,,,,,,,"
\\?\C:\ProgramData\Microsoft\Windows\WER\Temp\WER.1b7ef4f7-073c-40a2-8c25-6b8b3848601d.tmp.WERInternalMetadata.xml",,,0,,,,,,0,0,,,,,,,,,,,,,,,,,,,APPCRASH,,,,,,,,,,,,,,,,,,,WindowsAdminCenterAccountManagement.exe,,2.6.11.4,69340000,KERNELBASE.dll,10.0.26100.32230,93531557,e0434352,00000000000ca80a,,,,,,,,,,,0,,14679b8b-5891-4ba9-93c9-a689669208a4,4196,,Not available,,,,,,\\?\C:\ProgramData\Microsoft\Windows\WER\ReportQueue\AppCrash_WindowsAdminCent_a6fb81939b9f405e50f372bdcaf57e747b9d9ae_67a50925_eddd456a-f468-48ec-b83e-6abcc0e4f1a3,,,,,,,,,,,,,,,,,,,,,,,,,
2026-04-05T00:57:42.406043Z,1001,dc.danglingtree.htb,Windows Error Reporting,Application,1796,4,,,,,,,,,"
\\?\C:\ProgramData\Microsoft\Windows\WER\Temp\WER.bdd90792-a7a2-4472-8a09-2418a9ebb202.tmp.WERInternalMetadata.xml",,,0,,,,,,0,0,,,,,,,,,,,,,,,,,,,APPCRASH,,,,,,,,,,,,,,,,,,,WindowsAdminCenterAccountManagement.exe,,2.6.11.4,69340000,KERNELBASE.dll,10.0.26100.32230,93531557,e0434352,00000000000ca80a,,,,,,,,,,,0,,395fe2f3-a6ae-465b-9c33-e9282dde5b9c,4196,,Not available,,,,,,\\?\C:\ProgramData\Microsoft\Windows\WER\ReportQueue\AppCrash_WindowsAdminCent_a6fb81939b9f405e50f372bdcaf57e747b9d9ae_67a50925_c105b3c0-7cbf-4167-a9d6-06b774739bdb,,,,,,,,,,,,,,,,,,,,,,,,,
2026-04-05T00:57:42.441291Z,1001,dc.danglingtree.htb,Windows Error Reporting,Application,1797,4,,,,,,,,,"
\\?\C:\ProgramData\Microsoft\Windows\WER\Temp\WER.a269a01d-15b3-4137-83fa-115ee09a19b5.tmp.WERInternalMetadata.xml",,,0,,,,,,0,0,,,,,,,,,,,,,,,,,,,APPCRASH,,,,,,,,,,,,,,,,,,,WindowsAdminCenterAccountManagement.exe,,2.6.11.4,69340000,KERNELBASE.dll,10.0.26100.32230,93531557,e0434352,00000000000ca80a,,,,,,,,,,,0,,dd3ab9ff-9ef4-428e-a731-050dce30185f,4196,,Not available,,,,,,\\?\C:\ProgramData\Microsoft\Windows\WER\ReportQueue\AppCrash_WindowsAdminCent_a6fb81939b9f405e50f372bdcaf57e747b9d9ae_67a50925_e9234eb8-a24b-4f66-b300-e29d75b70559,,,,,,,,,,,,,,,,,,,,,,,,,
2026-04-05T00:57:42.476324Z,1001,dc.danglingtree.htb,Windows Error Reporting,Application,1798,4,,,,,,,,,"
\\?\C:\ProgramData\Microsoft\Windows\WER\Temp\WER.888024aa-3ba1-4e02-99df-611829dfbb87.tmp.WERInternalMetadata.xml",,,0,,,,,,0,0,,,,,,,,,,,,,,,,,,,APPCRASH,,,,,,,,,,,,,,,,,,,WindowsAdminCenterAccountManagement.exe,,2.6.11.4,69340000,KERNELBASE.dll,10.0.26100.32230,93531557,e0434352,00000000000ca80a,,,,,,,,,,,0,,491fbeb1-d6d1-451b-969f-e38a8e260306,4196,,Not available,,,,,,\\?\C:\ProgramData\Microsoft\Windows\WER\ReportQueue\AppCrash_WindowsAdminCent_a6fb81939b9f405e50f372bdcaf57e747b9d9ae_67a50925_d25aa3ba-f86d-456a-a7b2-7ed9d9e43713,,,,,,,,,,,,,,,,,,,,,,,,,
2026-04-05T01:01:41.457220Z,"{'#attributes': {'Qualifiers': 32768}, '#text': 6000}",dc.danglingtree.htb,Microsoft-Windows-Winlogon,Application,1799,4,,,,,,,,,,D9060000,,,,,,,,,,,,,WSearch,,,,,,,,,,,,,,,,,,,,,,,,,,,,,,,,,,,,,,,,,,,,,,,,,,,,,,,,,,,,,,,,,,,,,,,,,,,,,,,,,,,,,,,,,
2026-04-05T01:01:42.638023Z,"{'#attributes': {'Qualifiers': 0}, '#text': 260}",dc.danglingtree.htb,VMUpgradeHelper,Application,1800,4,,,,,,,,,,,,,,,,,,,,,,,,,,,,,,,,,,,,,,,,,,,,,,,,,,,,,,,,,,,,,,,,,,,,,,,,,,,,,,,,,,,,,,,,,,,,,,,,,,,,,,,,,,,,,,,,
2026-04-05T01:01:42.638313Z,"{'#attributes': {'Qualifiers': 0}, '#text': 272}",dc.danglingtree.htb,VMUpgradeHelper,Application,1801,4,,,,,,,,,,,,,,,,,,,,,,,,,,,,,,,,,,,,,,,,,,,,,,,,,,,,,,,,,,,,,,,,,,,,,,,,,,,,,,,,,,,,,,,,,,,,,,,,,,,,,,,,,,,,,,,,
2026-04-05T01:01:42.645701Z,"{'#attributes': {'Qualifiers': 0}, '#text': 108}",dc.danglingtree.htb,VMTools,Application,1802,4,,,,,,,,,,,,,,,,,,,,,,,,,,,,,,,,,,,,,,,,,,,,,,,,,,,,,,,,,,,,,,,,,,,,,,,,,,,,,,,,,,,,,,,,,,,,,,,,,,,,,,,,,,,,,,,,
2026-04-05T01:01:42.784777Z,"{'#attributes': {'Qualifiers': 16384}, '#text': 4111}",dc.danglingtree.htb,Microsoft-Windows-MSDTC,Application,1803,4,,,,,,,,,,4D005300440054004300,,,,,,,,,,,,,,,,,,,,,,,,,,,,,,,,,,,,,,,,,,,,,,,,,,,,,,,,,,,,,,,,,,,,,,,,,,,,,,,,,,,,,,,,,,,,,,,,,,,,,,
2026-04-05T01:01:42.780506Z,1532,dc.danglingtree.htb,Microsoft-Windows-User Profiles Service,Application,1804,4,,,,,,,,,,,,,,,,,,,,,,,,,,,,,,,,,,,,,,,,,,,,,,,,,,,,,,,,,,,,,,,,,,,,,,,,,,,,,,,,,,,,,,,,,,,,,,,,,,,,,,,,,,,,,,,,
2026-04-05T01:01:42.862499Z,38,dc.danglingtree.htb,Microsoft-Windows-CertificationAuthority,Application,1805,4,,,,,,,,,,,,,,,,,danglingtree-DC-CA,,,,,,,,,,,,,,,,,,,,,,,,,,,,,,,,,,,,,,,,,,,,,,,,,,,,,,,,,,,,,,,,,,,,,,,,,,,,,,,MSG_I_SERVER_STOPPED,,,,,,,,,,,,,,,,
2026-04-05T01:01:42.891775Z,1000,dc.danglingtree.htb,Application Error,Application,1806,2,,WindowsAdminCenterAccountManagement.exe,C:\Program Files\WindowsAdminCenter\Service\WindowsAdminCenterAccountManagement.exe,69340000,,2.6.11.4,,,,,,,,,,,,,,,,,,,,,,,,,,,,,,,,,e0434352,,00000000000ca80a,,,,fcb607e6-299a-42e0-97fa-3327e078e58b,,,,KERNELBASE.dll,C:\WINDOWS\System32\KERNELBASE.dll,93531557,10.0.26100.32230,,,,,,,,,,,,,,,,,,,,0x1dcc4967b459b03,0x1300,,,,,,,,,,,,,,,,,,,,,,,,,,,,,,,,,,,,,,,
2026-04-05T01:01:43.301327Z,1001,dc.danglingtree.htb,Windows Error Reporting,Application,1807,4,,,,,,,,,,,,0,,,,,,0,0,,,,,,,,,,,,,,,,,,,APPCRASH,,,,,,,,,,,,,,,,,,,WindowsAdminCenterAccountManagement.exe,,2.6.11.4,69340000,KERNELBASE.dll,10.0.26100.32230,93531557,e0434352,00000000000ca80a,,,,,,,,,,,0,,fcb607e6-299a-42e0-97fa-3327e078e58b,4100,,Not available,,,,,,\\?\C:\ProgramData\Microsoft\Windows\WER\ReportQueue\AppCrash_WindowsAdminCent_a6fb81939b9f405e50f372bdcaf57e747b9d9ae_67a50925_2c6d9d86-ab7a-4411-9427-5c24120c92ac,,,,,,,,,,,,,,,,,,,,,,,,,
2026-04-05T01:01:58.039054Z,1531,dc.danglingtree.htb,Microsoft-Windows-User Profiles Service,Application,1808,4,,,,,,,,,,,,,,,,,,,,,,,,,,,,,,,,,,,,,,,,,,,,,,,,,,,,,,,,,,,,,,,,,,,,,,,,,,,,,,,,,,,,,,,,,,,,,,,,,,,,,,,,,,,,,,,,
2026-04-05T01:02:07.918231Z,"{'#attributes': {'Qualifiers': 0}, '#text': 105}",dc.danglingtree.htb,VMTools,Application,1809,4,,,,,,,,,,,,,,,,,,,,,,,,,,,,,,,,,,,,,,,,,,,,,,,,,,,,,,,,,,,,,,,,,,,,,,,,,,,,,,,,,,,,,,,,,,,,,,,,,,,,,,,,,,,,,,,,
2026-04-05T01:02:08.100240Z,"{'#attributes': {'Qualifiers': 16384}, '#text': 900}",dc.danglingtree.htb,Microsoft-Windows-Security-SPP,Application,1810,4,,,,,,,,,,,,,,,,,,,,,,,TriggerStarted:6,,,,,,,,,,,,,,,,,,,,,,,,,,,,,,,,,,,,,,,,,,,,,,,,,,,,,,,,,,,,,,,,,,,,,,,,,,,,,,,,,,,,,,,,,
2026-04-05T01:02:08.320637Z,"{'#attributes': {'Qualifiers': 16384}, '#text': 781}",dc.danglingtree.htb,Microsoft-Windows-Complus,Application,1811,4,,,,,,,,,,,,,,,,,,,,,,,,,,,,,,,,,,,,,,,,,,,,,,,,,,,,,,,,,,,,,,,,,,,,,,,,,,,,,,,,,,,,,,,,,,,,,,,,,,,,,86400,,,,SuppressDuplicateDuration,Software\Microsoft\COM3\Eventlog,,,,,,
2026-04-05T01:02:08.381328Z,"{'#attributes': {'Qualifiers': 49152}, '#text': 16394}",dc.danglingtree.htb,Microsoft-Windows-Security-SPP,Application,1812,4,,,,,,,,,,,,,,,,,,,,,,,,,,,,,,,,,,,,,,,,,,,,,,,,,,,,,,,,,,,,,,,,,,,,,,,,,,,,,,,,,,,,,,,,,,,,,,,,,,,,,,,,,,,,,,,,
2026-04-05T01:02:08.444214Z,"{'#attributes': {'Qualifiers': 16384}, '#text': 1066}",dc.danglingtree.htb,Microsoft-Windows-Security-SPP,Application,1813,4,,,,,,,,,,,,,,,,,,,,,,,"C:\WINDOWS\system32\sppwinob.dll, msft:spp/windowsfunctionality/agent/7.0, 0x00000000, 0x00000000
C:\WINDOWS\system32\sppobjs.dll, msft:rm/algorithm/inherited/1.0, 0x00000000, 0x00000000
C:\WINDOWS\system32\sppobjs.dll, msft:rm/algorithm/phone/1.0, 0x00000000, 0x00000000
C:\WINDOWS\system32\sppobjs.dll, msft:rm/algorithm/pkey/detect, 0x00000000, 0x00000000
C:\WINDOWS\system32\sppobjs.dll, msft:spp/ActionScheduler/1.0, 0x00000000, 0x00000000
C:\WINDOWS\system32\sppobjs.dll, msft:spp/TaskScheduler/1.0, 0x00000000, 0x00000000
C:\WINDOWS\system32\sppobjs.dll, msft:spp/statecollector/pkey, 0x00000000, 0x00000000
C:\WINDOWS\system32\sppobjs.dll, msft:spp/volume/services/kms/1.0, 0x00000000, 0x00000000
C:\WINDOWS\system32\sppobjs.dll, msft:spp/volume/services/kms/activationinfo/1.0, 0x00000000, 0x00000000
",,,,,,,,,,,,,,,,,,,,,,,,,,,,,,,,,,,,,,,,,,,,,,,,,,,,,,,,,,,,,,,,,,,,,,,,,,,,,,,,,,,,,,,,,
2026-04-05T01:02:08.511514Z,"{'#attributes': {'Qualifiers': 16384}, '#text': 1003}",dc.danglingtree.htb,Microsoft-Windows-Security-SPP,Application,1814,4,,,,,,,,,,,,,,,,,,,,,,,,55c92734-d682-4d71-983e-d6ec3f16059f,"
1: 753c53a2-4274-4339-8c2e-f66c0b9646c5, 1, 1 [(0 [0x00000000, 1, 0], [(?)( 1 0x00000000)(?)( 2 0x00000000 0 0 msft:rm/algorithm/hwid/4.0 0x00000000 0)(?)( 9 0x00000000 180 245139)( 10 0x00000000 msft:rm/algorithm/flags/1.0)(?)])(1 )(2 )(3 )]

",,,,,,,,,,,,,,,,,,,,,,,,,,,,,,,,,,,,,,,,,,,,,,,,,,,,,,,,,,,,,,,,,,,,,,,,,,,,,,,,,,,,,,,
2026-04-05T01:02:08.515182Z,"{'#attributes': {'Qualifiers': 32768}, '#text': 1037}",dc.danglingtree.htb,Microsoft-Windows-Security-SPP,Application,1815,4,,,,,,,,,,,,,,,,,,,,,,,,validity,245139,,,,,,,,,,,,,,,,,,,,,,,,,,,,,,,,,,,,,,,,,,,,,,,,,,,,,,,,,,,,,,,,,,,,,,,,,,,,,,,,,,,,,,,
2026-04-05T01:02:08.532563Z,"{'#attributes': {'Qualifiers': 16384}, '#text': 902}",dc.danglingtree.htb,Microsoft-Windows-Security-SPP,Application,1816,0,,,,,,,,,,,,,,,,,,,,,,,10.0.26100.32230,,,,,,,,,,,,,,,,,,,,,,,,,,,,,,,,,,,,,,,,,,,,,,,,,,,,,,,,,,,,,,,,,,,,,,,,,,,,,,,,,,,,,,,,,
2026-04-05T01:02:08.589011Z,"{'#attributes': {'Qualifiers': 16384}, '#text': 4202}",dc.danglingtree.htb,Microsoft-Windows-MSDTC 2,Application,1817,4,,,,,,,,,,,,,,,,,,,,,,,,,,,,,,,,,,,,,,,,,,,,,,,,,,,,,,,,,,,,,,,,,,,,,,,,,,,,,,,,,,,,,,,,,,,,,,,,,,,,,0,0,0,1,0,0,0,0,0,1,Mutual Authentication Required,NT AUTHORITY\NetworkService
2026-04-05T01:02:08.696471Z,"{'#attributes': {'Qualifiers': 0}, '#text': 258}",dc.danglingtree.htb,VMUpgradeHelper,Application,1818,4,,,,,,,,,,,,,,,,,,,,,,,,,,,,,,,,,,,,,,,,,,,,,,,,,,,,,,,,,,,,,,,,,,,,,,,,,,,,,,,,,,,,,,,,,,,,,,,,,,,,,,,,,,,,,,,,
2026-04-05T01:02:08.805383Z,"{'#attributes': {'Qualifiers': 0}, '#text': 271}",dc.danglingtree.htb,VMUpgradeHelper,Application,1819,4,,,,,,,,,,,,,,,,,,,,,,,,,,,,,,,,,,,,,,,,,,,,,,,,,,,,,,,,,,,,,,,,,,,,,,,,,,,,,,,,,,,,,,,,,,,,,,,,,,,,,,,,,,,,,,,,
2026-04-05T01:02:07.966101Z,5615,dc.danglingtree.htb,Microsoft-Windows-WMI,Application,1820,4,,,,,,,,,,,,,,,,,,,,,,,,,,,,,,,,,,,,,,,,,,,,,,,,,,,,,,,,,,,,,,,,,,,,,,,,,,,,,,,,,,,,,,,,,,,,,,,,,,,,,,,,,,,,,,,,
2026-04-05T01:02:08.330443Z,5617,dc.danglingtree.htb,Microsoft-Windows-WMI,Application,1821,4,,,,,,,,,,,,,,,,,,,,,,,,,,,,,,,,,,,,,,,,,,,,,,,,,,,,,,,,,,,,,,,,,,,,,,,,,,,,,,,,,,,,,,,,,,,,,,,,,,,,,,,,,,,,,,,,
2026-04-05T01:02:09.231864Z,"{'#attributes': {'Qualifiers': 0}, '#text': 0}",dc.danglingtree.htb,WindowsAdminCenterAccountManagement,Application,1822,4,,,,,,,,,,,,,,,,,,,,,,,Service started successfully.,,,,,,,,,,,,,,,,,,,,,,,,,,,,,,,,,,,,,,,,,,,,,,,,,,,,,,,,,,,,,,,,,,,,,,,,,,,,,,,,,,,,,,,,,
2026-04-05T01:02:37.829908Z,"{'#attributes': {'Qualifiers': 0}, '#text': 102}",dc.danglingtree.htb,ESENT,Application,1823,4,,,,,,,,,,,,,,,,,,,,,,,,certsrv.exe,"3244,P,98,0",,0,10,00,26100,0000,,,,,,,,,,,,,,,,,,,,,,,,,,,,,,,,,,,,,,,,,,,,,,,,,,,,,,,,,,,,,,,,,,,,,,,,,,,,,,,,,
2026-04-05T01:02:37.838772Z,"{'#attributes': {'Qualifiers': 0}, '#text': 105}",dc.danglingtree.htb,ESENT,Application,1824,4,,,,,,,,,,,,,,,,,,,,,,,,certsrv.exe,"3244,D,0,0",,0,0.010,"
[1] 0.000477 +J(0) +M(C:0K, Fs:128, WS:500K # 500K, PF:2500K # 2232K, P:2500K)
[2] 0.000312 +J(0) +M(C:3200K, Fs:161, WS:628K # 628K, PF:4164K # 4164K, P:4164K)
[3] 0.000010 +J(0) +M(C:0K, Fs:6, WS:20K # 20K, PF:68K # 68K, P:68K)
[4] 0.000163 +J(0) +M(C:0K, Fs:93, WS:372K # 372K, PF:500K # 500K, P:500K)
[5] 0.000401 +J(0) +M(C:0K, Fs:12, WS:48K # 48K, PF:20K # 20K, P:20K)
[6] 0.001315 +J(0) +M(C:0K, Fs:33, WS:128K # 128K, PF:16K # 16K, P:16K)
[7] 0.002721 -0.001600 (3) WT +J(0) +M(C:0K, Fs:280, WS:1120K # 1120K, PF:1024K # 1024K, P:1024K)
[8] -
[9] -
[10] -
[11] -
[12] -
[13] 0.004428 -0.001975 (4) WT +J(CM:0, PgRf:0, Rd:0/0, Dy:0/0, Lg:616/1) +M(C:0K, Fs:14, WS:-980K # 24K, PF:-1020K # 12K, P:-1020K)
[14] 0.000014 +J(0) +M(C:0K, Fs:1, WS:4K # 0K, PF:0K # 0K, P:0K)
[15] 0.000149 +J(0) +M(C:0K, Fs:101, WS:404K # 0K, PF:64K # 0K, P:64K)
[16] 0.000419 -0.000230 (1) WT +J(0) +M(C:0K, Fs:2, WS:0K # 0K, PF:0K # 0K, P:0K).","RBSOn = 0
",,,,,,,,,,,,,,,,,,,,,,,,,,,,,,,,,,,,,,,,,,,,,,,,,,,,,,,,,,,,,,,,,,,,,,,,,,,,,,,,,,
2026-04-05T01:02:37.844202Z,"{'#attributes': {'Qualifiers': 0}, '#text': 326}",dc.danglingtree.htb,ESENT,Application,1825,4,,,,,,,,,,,,,,,,,,,,,,,,certsrv.exe,"3244,D,50,0",,1,C:\WINDOWS\system32\CertLog\danglingtree-DC-CA.edb,0,"
[1] 0.000003 +J(0) +M(C:0K, Fs:1, WS:4K # 0K, PF:0K # 0K, P:0K)
[2] 0.000377 -0.000181 (1) WT +J(0) +M(C:0K, Fs:21, WS:20K # 0K, PF:4K # 0K, P:4K)
[3] 0.002730 -0.000741 (6) WT +J(CM:0, PgRf:0, Rd:0/0, Dy:0/0, Lg:3480/2) +M(C:0K, Fs:36, WS:136K # 0K, PF:128K # 0K, P:128K)
[4] 0.000253 +J(0) +M(C:0K, Fs:1, WS:4K # 0K, PF:0K # 0K, P:0K)
[5] -
[6] 0.000313 -0.000211 (2) CM -0.000165 (2) WT +J(CM:2, PgRf:2, Rd:0/2, Dy:0/0, Lg:0/0) +M(C:0K, Fs:44, WS:176K # 0K, PF:136K # 0K, P:136K)
[7] 0.000003 +J(0)
[8] 0.000491 -0.000278 (1) CM -0.000273 (1) WT +J(CM:1, PgRf:1, Rd:14/0, Dy:0/0, Lg:0/0) +M(C:0K, Fs:37, WS:148K # 0K, PF:196K # 0K, P:196K)
[9] -
[10] -
[11] -
[12] 0.000010 +J(CM:0, PgRf:0, Rd:0/0, Dy:0/0, Lg:54/1) +M(C:0K, Fs:2, WS:8K # 0K, PF:20K # 0K, P:20K)
[13] 0.000322 -0.000240 (2) CM -0.000192 (2) WT +J(CM:2, PgRf:23, Rd:0/2, Dy:0/0, Lg:0/0) +M(C:0K, Fs:21, WS:84K # 68K, PF:4K # 0K, P:4K)
[14] 0.000133 -0.000081 (1) CM -0.000064 (1) WT +J(CM:1, PgRf:40, Rd:0/1, Dy:0/0, Lg:0/0) +M(C:0K, Fs:5, WS:20K # 20K, PF:64K # 0K, P:64K)
[15] 0.000003 +J(CM:0, PgRf:1, Rd:0/0, Dy:0/0, Lg:0/0)
[16] 0.000005 +J(CM:0, PgRf:1, Rd:0/0, Dy:0/0, Lg:0/0) +M(C:0K, Fs:1, WS:4K # 4K, PF:0K # 0K, P:0K)
[17] 0.000032 +J(CM:0, PgRf:42, Rd:0/0, Dy:0/0, Lg:0/0) +M(C:0K, Fs:6, WS:24K # 24K, PF:0K # 0K, P:0K)
[18] 0.0 +J(0)
[19] 0.0 +J(0)
[20] 0.000010 +J(CM:0, PgRf:3, Rd:0/0, Dy:0/0, Lg:0/0) +M(C:0K, Fs:3, WS:12K # 12K, PF:0K # 0K, P:0K).",0 0,"lgposAttach = 00000002:0071:0268,
dbv = 1568.300.620 (9620)",,,,,,,,,,,,,,,,,,,,,,,,,,,,,,,,,,,,,,,,,,,,,,,,,,,,,,,,,,,,,,,,,,,,,,,,,,,,,,,,
2026-04-05T01:02:37.857817Z,"{'#attributes': {'Qualifiers': 0}, '#text': 102}",dc.danglingtree.htb,ESENT,Application,1826,4,,,,,,,,,,,,,,,,,,,,,,,,DFSRs,"3232,P,98,0",\\.\C:\System Volume Information\DFSR\database_E634_3FD1_343F_A409\dfsr.db: ,0,10,00,26100,0000,,,,,,,,,,,,,,,,,,,,,,,,,,,,,,,,,,,,,,,,,,,,,,,,,,,,,,,,,,,,,,,,,,,,,,,,,,,,,,,,,
2026-04-05T01:02:37.874346Z,"{'#attributes': {'Qualifiers': 0}, '#text': 105}",dc.danglingtree.htb,ESENT,Application,1827,4,,,,,,,,,,,,,,,,,,,,,,,,DFSRs,"3232,D,0,0",\\.\C:\System Volume Information\DFSR\database_E634_3FD1_343F_A409\dfsr.db: ,0,0.021,"
[1] 0.003618 +J(0) +M(C:0K, Fs:332, WS:1196K # 1196K, PF:6520K # 6616K, P:6520K)
[2] 0.000171 +J(0) +M(C:16K, Fs:101, WS:400K # 400K, PF:308K # 212K, P:308K)
[3] 0.000012 +J(0) +M(C:0K, Fs:2, WS:4K # 4K, PF:68K # 68K, P:68K)
[4] 0.000302 +J(0) +M(C:2032K, Fs:49, WS:192K # 192K, PF:2448K # 2448K, P:2448K)
[5] 0.000726 +J(0) +M(C:0K, Fs:15, WS:48K # 48K, PF:20K # 20K, P:20K)
[6] 0.001660 +J(0) +M(C:0K, Fs:41, WS:128K # 128K, PF:80K # 80K, P:80K)
[7] 0.007727 -0.004437 (11) WT +J(0) +M(C:0K, Fs:1310, WS:5216K # 5216K, PF:5120K # 5120K, P:5120K)
[8] -
[9] -
[10] -
[11] -
[12] -
[13] 0.006359 -0.003674 (12) WT +J(CM:0, PgRf:0, Rd:0/0, Dy:0/0, Lg:616/1) +M(C:0K, Fs:12, WS:-5084K # 16K, PF:-5128K # 12K, P:-5128K)
[14] 0.000012 +J(0) +M(C:0K, Fs:1, WS:4K # 0K, PF:0K # 0K, P:0K)
[15] 0.000111 +J(0) +M(C:0K, Fs:66, WS:260K # 0K, PF:68K # 0K, P:68K)
[16] 0.000600 -0.000301 (1) WT +J(0) +M(C:0K, Fs:3, WS:4K # 0K, PF:0K # 0K, P:0K).","RBSOn = 0
",,,,,,,,,,,,,,,,,,,,,,,,,,,,,,,,,,,,,,,,,,,,,,,,,,,,,,,,,,,,,,,,,,,,,,,,,,,,,,,,,,
2026-04-05T01:02:37.881073Z,"{'#attributes': {'Qualifiers': 0}, '#text': 326}",dc.danglingtree.htb,ESENT,Application,1828,4,,,,,,,,,,,,,,,,,,,,,,,,DFSRs,"3232,D,50,0",\\.\C:\System Volume Information\DFSR\database_E634_3FD1_343F_A409\dfsr.db: ,1,\\.\C:\System Volume Information\DFSR\database_E634_3FD1_343F_A409\dfsr.db,0,"
[1] 0.000005 +J(0) +M(C:0K, Fs:1, WS:4K # 0K, PF:0K # 0K, P:0K)
[2] 0.000678 -0.000356 (1) WT +J(0) +M(C:0K, Fs:22, WS:24K # 0K, PF:8K # 0K, P:8K)
[3] 0.003678 -0.001874 (6) WT +J(CM:0, PgRf:0, Rd:0/0, Dy:0/0, Lg:3480/2) +M(C:0K, Fs:48, WS:184K # 0K, PF:168K # 0K, P:168K)
[4] 0.000283 +J(0) +M(C:0K, Fs:1, WS:4K # 0K, PF:0K # 0K, P:0K)
[5] -
[6] 0.000346 -0.000185 (2) CM -0.000118 (2) WT +J(CM:2, PgRf:2, Rd:0/2, Dy:0/0, Lg:0/0) +M(C:-8K, Fs:44, WS:168K # 0K, PF:120K # 0K, P:120K)
[7] 0.000003 +J(0)
[8] 0.000397 -0.000154 (1) CM -0.000148 (1) WT +J(CM:1, PgRf:1, Rd:14/0, Dy:0/0, Lg:0/0) +M(C:-4K, Fs:52, WS:204K # 0K, PF:196K # 0K, P:196K)
[9] -
[10] -
[11] -
[12] 0.000014 +J(CM:0, PgRf:0, Rd:0/0, Dy:0/0, Lg:54/1) +M(C:0K, Fs:2, WS:8K # 0K, PF:20K # 0K, P:20K)
[13] 0.000263 -0.000108 (1) CM -0.000072 (1) WT +J(CM:1, PgRf:23, Rd:0/1, Dy:0/0, Lg:0/0) +M(C:-8K, Fs:21, WS:76K # 0K, PF:0K # 0K, P:0K)
[14] 0.000188 -0.000104 (1) CM -0.000077 (1) WT +J(CM:1, PgRf:40, Rd:0/1, Dy:0/0, Lg:0/0) +M(C:-4K, Fs:6, WS:20K # 0K, PF:60K # 0K, P:60K)
[15] 0.000006 +J(CM:0, PgRf:1, Rd:0/0, Dy:0/0, Lg:0/0)
[16] 0.000009 +J(CM:0, PgRf:1, Rd:0/0, Dy:0/0, Lg:0/0) +M(C:0K, Fs:1, WS:4K # 0K, PF:0K # 0K, P:0K)
[17] 0.000023 +J(CM:0, PgRf:36, Rd:0/0, Dy:0/0, Lg:0/0)
[18] 0.0 +J(0)
[19] 0.0 +J(0)
[20] 0.000026 +J(CM:0, PgRf:3, Rd:0/0, Dy:0/0, Lg:0/0) +M(C:0K, Fs:3, WS:12K # 0K, PF:0K # 0K, P:0K).",0 0,"lgposAttach = 00000001:0050:0268,
dbv = 1568.300.620 (9620)",,,,,,,,,,,,,,,,,,,,,,,,,,,,,,,,,,,,,,,,,,,,,,,,,,,,,,,,,,,,,,,,,,,,,,,,,,,,,,,,
2026-04-05T01:02:38.574396Z,"{'#attributes': {'Qualifiers': 16384}, '#text': 16384}",dc.danglingtree.htb,Microsoft-Windows-Security-SPP,Application,1829,4,,,,,,,,,,,,,,,,,,,,,,,,2026-04-06T01:01:38Z,TBL,,,,,,,,,,,,,,,,,,,,,,,,,,,,,,,,,,,,,,,,,,,,,,,,,,,,,,,,,,,,,,,,,,,,,,,,,,,,,,,,,,,,,,,
2026-04-05T01:02:38.578531Z,"{'#attributes': {'Qualifiers': 16384}, '#text': 903}",dc.danglingtree.htb,Microsoft-Windows-Security-SPP,Application,1830,0,,,,,,,,,,,,,,,,,,,,,,,,,,,,,,,,,,,,,,,,,,,,,,,,,,,,,,,,,,,,,,,,,,,,,,,,,,,,,,,,,,,,,,,,,,,,,,,,,,,,,,,,,,,,,,,,
