2026-03-27T07:55:15.735199Z,143,dc.danglingtree.htb,Microsoft-Windows-Time-Service,System,2814,4,,,,,,,,,,,,,,,,,,,,,,,,,,,,,,,,,,,,,,,,,,,,,,,,,,,,,,,,,,,,,,,,,,,,,,,,,,,,,,,,,,,,,,,,,,,,,,,,,,,,,,,,,,,,,,,,,,,,,,,,,,,,TMP_EVENT_START_ADVERTISING_GT,,,,,,,,,,,,,,,,,,,,,,,,,,,,,,,,,,,,,,,,,,,,,,,,,,,,,,,,,,,,,,,,,,,,,,,,,,,,,,,,,,,,,,,,,,,,,,,,,,,,,,,,,,,,,,,,,,,,,,,,,,,,,,,,,
2026-03-27T07:55:15.741731Z,12,dc.danglingtree.htb,Microsoft-Windows-Time-Service,System,2815,3,,,,,,,,,,,,,,,,,,,,,,,,,,,,,,,,,,,,,,,,,,,,,,,,,,,,,,,,,,,,,,,,,,,,,,,,,,,,,,,,,,,,,,,,,,,,,,,,,,,,,,,,,,,,,,,,,,,,,,,,,,,,TMP_EVENT_DOMAIN_HIERARCHY_ROOT,,,,,,,,,,,,,,,,,,,,,,,,,,,,,,,,,,,,,,,,,,,,,,,,,,,,,,,,,,,,,,,,,,,,,,,,,,,,,,,,,,,,,,,,,,,,,,,,,,,,,,,,,,,,,,,,,,,,,,,,,,,,,,,,,
2026-03-27T07:55:15.740433Z,"{'#attributes': {'Qualifiers': 16384}, '#text': 7036}",dc.danglingtree.htb,Service Control Manager,System,2816,4,,,,,,,,,,570033003200540069006D0065002F0034000000,,,,,,,,,,,,,,,,,,,,,,,,,,,,,,,,,,,,,,,,,,,,,,,,,,,,,,,,,,,,,,,,,,,,,,,,,,,,,,,,,,,,,,,,,,,,,,,,,,,,,,,,,,,,,,,,,,,,,,,,,,,,,,,,,,,,,,,,,,,,,,,,,,,,,,,,,,,,,,,,,,,,,,,,,,,,,,,,,,,,,,,,,,,,,,,,,,,,,,,,,,,,,,,,,,,,,,,,,,,,,,,,,,Windows Time,,,running,,,,,,,,,,,,,,
2026-03-27T07:55:16.174308Z,"{'#attributes': {'Qualifiers': 16384}, '#text': 7040}",dc.danglingtree.htb,Service Control Manager,System,2817,4,,,,,,,,,,,,,,,,,,,,,,,,,,,,,,,,,,,,,,,,,,,,,,,,,,,,,,,,,,,,,,,,,,,,,,,,,,,,,,,,,,,,,,,,,,,,,,,,,,,,,,,,,,,,,,,,,,,,,,,,,,,,,,,,,,,,,,,,,,,,,,,,,,,,,,,,,,,,,,,,,,,,,,,,,,,,,,,,,,,,,,,,,,,,,,,,,,,,,,,,,,,,,,,,,,,,,,,,,,,,,,,,,,,,,,,,,,,,Background Intelligent Transfer Service,,,demand start,auto start,BITS,,,,,,,,,,,,
2026-03-27T07:55:16.439388Z,"{'#attributes': {'Qualifiers': 16384}, '#text': 7036}",dc.danglingtree.htb,Service Control Manager,System,2818,4,,,,,,,,,,42004900540053002F0034000000,,,,,,,,,,,,,,,,,,,,,,,,,,,,,,,,,,,,,,,,,,,,,,,,,,,,,,,,,,,,,,,,,,,,,,,,,,,,,,,,,,,,,,,,,,,,,,,,,,,,,,,,,,,,,,,,,,,,,,,,,,,,,,,,,,,,,,,,,,,,,,,,,,,,,,,,,,,,,,,,,,,,,,,,,,,,,,,,,,,,,,,,,,,,,,,,,,,,,,,,,,,,,,,,,,,,,,,,,,,,,,,,,,Background Intelligent Transfer Service,,,running,,,,,,,,,,,,,,
2026-03-27T07:55:16.867853Z,"{'#attributes': {'Qualifiers': 16384}, '#text': 7036}",dc.danglingtree.htb,Service Control Manager,System,2819,4,,,,,,,,,,77006D006900410070005300720076002F0034000000,,,,,,,,,,,,,,,,,,,,,,,,,,,,,,,,,,,,,,,,,,,,,,,,,,,,,,,,,,,,,,,,,,,,,,,,,,,,,,,,,,,,,,,,,,,,,,,,,,,,,,,,,,,,,,,,,,,,,,,,,,,,,,,,,,,,,,,,,,,,,,,,,,,,,,,,,,,,,,,,,,,,,,,,,,,,,,,,,,,,,,,,,,,,,,,,,,,,,,,,,,,,,,,,,,,,,,,,,,,,,,,,,,WMI Performance Adapter,,,running,,,,,,,,,,,,,,
2026-03-27T07:55:25.147525Z,"{'#attributes': {'Qualifiers': 49152}, '#text': 7}",dc.danglingtree.htb,Microsoft-Windows-Kerberos-Key-Distribution-Center,System,2820,2,,,,,,,,,,0D0000C0,,,,,,,,,,,,,,,,,,,,,,,,,,,,,,,,,,,,,,,,,,,,,,,,,,,,,,,,,,,,,,,,,,,,,,,,,,,,,,,,,,,,,,,,,,,,,,,,,,,,,,,0x108,,,,,,,,,,,,,,,,,,,,,,,,,,,,,,,,,,,,,,,,,,,,,,,,,,,,,,,,,,,,,,,,,,,,,,,,,,,,,,,,,,,,,,,,,,,,,,,,,,,,,,,,,,,,,,,,,,,,,,,,,,,,,,,,,,,,,,,,,,,,
2026-03-27T07:55:25.160147Z,"{'#attributes': {'Qualifiers': 0}, '#text': 6038}",dc.danglingtree.htb,LsaSrv,System,2821,3,,,,,,,,,,,,,,,,,,,,,,,,,,,,,,,,,,,,,,,,,,,,,,,,,,,,,,,,,,,,,,,,,,,,,,,,,,,,,,,,,,,,,,,,,,,,,,,,,,,,,,,,,,,,,,,,,,,,,,,,,,,,,,,,,,,,,,,,,,,,,,,,,,,,,,,,,,,,,,,,,,,,,,,,,,,,,,,,,,,,,,,,,,,,,,,,,,,,,,,,,,,,,,,,,,,,,,,,,,,,,,,,,,,,,,,,,,,,,,,,,,,,,,,,,,,,,
2026-03-27T07:55:24.908056Z,"{'#attributes': {'Qualifiers': 16384}, '#text': 7036}",dc.danglingtree.htb,Service Control Manager,System,2822,4,,,,,,,,,,44004E0053002F0034000000,,,,,,,,,,,,,,,,,,,,,,,,,,,,,,,,,,,,,,,,,,,,,,,,,,,,,,,,,,,,,,,,,,,,,,,,,,,,,,,,,,,,,,,,,,,,,,,,,,,,,,,,,,,,,,,,,,,,,,,,,,,,,,,,,,,,,,,,,,,,,,,,,,,,,,,,,,,,,,,,,,,,,,,,,,,,,,,,,,,,,,,,,,,,,,,,,,,,,,,,,,,,,,,,,,,,,,,,,,,,,,,,,,DNS Server,,,running,,,,,,,,,,,,,,
2026-03-27T07:55:25.130696Z,111,dc.danglingtree.htb,Microsoft-Windows-HttpService,System,2823,4,,,,,,,,,,,,,,,,,,,,,,,,,,,,,,,,,,,,,,,,,,,,,,,,,,,,,,,,,,,,,,,,,,,,,,,,,,,\Device\HarddiskVolume3\Windows\System32\svchost.exe,,,,,,,,,,,,,,,,,,,,,,,,,,,,,,,,,,,,,,,,,,,,,,,,,,,,,,,,,,,,,,,,,,,,,,,,,,,,,,,,,,,,,,,,,,,,,,,,,,,,,,3528,,,,,,,,,,,,,,,,,,,,,,,,,,,0,,,,,,,,,,,,,,,,,,,,,,18374686484503461889,S-1-5-18,,,,,,,,,,,,,,,,,,,,,,,,,,
2026-03-27T07:55:25.132248Z,113,dc.danglingtree.htb,Microsoft-Windows-HttpService,System,2824,4,,,,,,,,,,,,,,,,,,,,,,,,,,,,,,,,,,,,,,,,,,,,,,,,,,,,,,,,,,,,,,,,,,,,,,,,,,,\Device\HarddiskVolume3\Windows\System32\svchost.exe,,,,,,,,,,,,,,,,,,,,,,,,,,,,,,,,,,,,,,,,,,,,,,,,,,,,,,,,,,,,,,,,,,,,,,,,,,,,,,,,,,,,,,,,,,,,,,,,,,,,,,3528,,,,,,,,,,,,,,,,,,,,,,,,,,,0,,,,,,,,,,,,,,,,,,,,,http://*:80/,18374686484503461889,S-1-5-18,,,,,,,,,,,,,,,,,,,,,,,,,,
2026-03-27T07:55:25.132545Z,113,dc.danglingtree.htb,Microsoft-Windows-HttpService,System,2825,4,,,,,,,,,,,,,,,,,,,,,,,,,,,,,,,,,,,,,,,,,,,,,,,,,,,,,,,,,,,,,,,,,,,,,,,,,,,\Device\HarddiskVolume3\Windows\System32\svchost.exe,,,,,,,,,,,,,,,,,,,,,,,,,,,,,,,,,,,,,,,,,,,,,,,,,,,,,,,,,,,,,,,,,,,,,,,,,,,,,,,,,,,,,,,,,,,,,,,,,,,,,,3528,,,,,,,,,,,,,,,,,,,,,,,,,,,0,,,,,,,,,,,,,,,,,,,,,https://*:443/,18374686484503461889,S-1-5-18,,,,,,,,,,,,,,,,,,,,,,,,,,
2026-03-27T07:55:25.132953Z,111,dc.danglingtree.htb,Microsoft-Windows-HttpService,System,2826,4,,,,,,,,,,,,,,,,,,,,,,,,,,,,,,,,,,,,,,,,,,,,,,,,,,,,,,,,,,,,,,,,,,,,,,,,,,,\Device\HarddiskVolume3\Windows\System32\svchost.exe,,,,,,,,,,,,,,,,,,,,,,,,,,,,,,,,,,,,,,,,,,,,,,,,,,,,,,,,,,,,,,,,,,,,,,,,,,,,,,,,,,,,,,,,,,,,,,,,,,,,,,3528,,,,,,,,,,,,,,,,,,,,,,,,,,,0,,,,,,,,,,,,,,,,,,,,,,18374686480208494593,S-1-5-18,,,,,,,,,,,,,,,,,,,,,,,,,,
2026-03-27T07:55:25.133564Z,113,dc.danglingtree.htb,Microsoft-Windows-HttpService,System,2827,4,,,,,,,,,,,,,,,,,,,,,,,,,,,,,,,,,,,,,,,,,,,,,,,,,,,,,,,,,,,,,,,,,,,,,,,,,,,\Device\HarddiskVolume3\Windows\System32\svchost.exe,,,,,,,,,,,,,,,,,,,,,,,,,,,,,,,,,,,,,,,,,,,,,,,,,,,,,,,,,,,,,,,,,,,,,,,,,,,,,,,,,,,,,,,,,,,,,,,,,,,,,,3528,,,,,,,,,,,,,,,,,,,,,,,,,,,0,,,,,,,,,,,,,,,,,,,,,http://*:80/ADPolicyProvider_CEP_Kerberos/,18374686480208494593,S-1-5-18,,,,,,,,,,,,,,,,,,,,,,,,,,
2026-03-27T07:55:25.134624Z,113,dc.danglingtree.htb,Microsoft-Windows-HttpService,System,2828,4,,,,,,,,,,,,,,,,,,,,,,,,,,,,,,,,,,,,,,,,,,,,,,,,,,,,,,,,,,,,,,,,,,,,,,,,,,,\Device\HarddiskVolume3\Windows\System32\svchost.exe,,,,,,,,,,,,,,,,,,,,,,,,,,,,,,,,,,,,,,,,,,,,,,,,,,,,,,,,,,,,,,,,,,,,,,,,,,,,,,,,,,,,,,,,,,,,,,,,,,,,,,3528,,,,,,,,,,,,,,,,,,,,,,,,,,,0,,,,,,,,,,,,,,,,,,,,,https://*:443/ADPolicyProvider_CEP_Kerberos/,18374686480208494593,S-1-5-18,,,,,,,,,,,,,,,,,,,,,,,,,,
2026-03-27T07:55:25.135115Z,111,dc.danglingtree.htb,Microsoft-Windows-HttpService,System,2829,4,,,,,,,,,,,,,,,,,,,,,,,,,,,,,,,,,,,,,,,,,,,,,,,,,,,,,,,,,,,,,,,,,,,,,,,,,,,\Device\HarddiskVolume3\Windows\System32\svchost.exe,,,,,,,,,,,,,,,,,,,,,,,,,,,,,,,,,,,,,,,,,,,,,,,,,,,,,,,,,,,,,,,,,,,,,,,,,,,,,,,,,,,,,,,,,,,,,,,,,,,,,,3528,,,,,,,,,,,,,,,,,,,,,,,,,,,0,,,,,,,,,,,,,,,,,,,,,,18374686493093396481,S-1-5-18,,,,,,,,,,,,,,,,,,,,,,,,,,
2026-03-27T07:55:25.136819Z,113,dc.danglingtree.htb,Microsoft-Windows-HttpService,System,2830,4,,,,,,,,,,,,,,,,,,,,,,,,,,,,,,,,,,,,,,,,,,,,,,,,,,,,,,,,,,,,,,,,,,,,,,,,,,,\Device\HarddiskVolume3\Windows\System32\svchost.exe,,,,,,,,,,,,,,,,,,,,,,,,,,,,,,,,,,,,,,,,,,,,,,,,,,,,,,,,,,,,,,,,,,,,,,,,,,,,,,,,,,,,,,,,,,,,,,,,,,,,,,3528,,,,,,,,,,,,,,,,,,,,,,,,,,,0,,,,,,,,,,,,,,,,,,,,,http://*:9998/,18374686493093396481,S-1-5-18,,,,,,,,,,,,,,,,,,,,,,,,,,
2026-03-27T07:55:25.136485Z,"{'#attributes': {'Qualifiers': 16384}, '#text': 7036}",dc.danglingtree.htb,Service Control Manager,System,2831,4,,,,,,,,,,570033005300560043002F0034000000,,,,,,,,,,,,,,,,,,,,,,,,,,,,,,,,,,,,,,,,,,,,,,,,,,,,,,,,,,,,,,,,,,,,,,,,,,,,,,,,,,,,,,,,,,,,,,,,,,,,,,,,,,,,,,,,,,,,,,,,,,,,,,,,,,,,,,,,,,,,,,,,,,,,,,,,,,,,,,,,,,,,,,,,,,,,,,,,,,,,,,,,,,,,,,,,,,,,,,,,,,,,,,,,,,,,,,,,,,,,,,,,,,World Wide Web Publishing Service,,,running,,,,,,,,,,,,,,
2026-03-27T07:55:25.361407Z,"{'#attributes': {'Qualifiers': 16384}, '#text': 7036}",dc.danglingtree.htb,Service Control Manager,System,2832,4,,,,,,,,,,4B0065007900490073006F002F0034000000,,,,,,,,,,,,,,,,,,,,,,,,,,,,,,,,,,,,,,,,,,,,,,,,,,,,,,,,,,,,,,,,,,,,,,,,,,,,,,,,,,,,,,,,,,,,,,,,,,,,,,,,,,,,,,,,,,,,,,,,,,,,,,,,,,,,,,,,,,,,,,,,,,,,,,,,,,,,,,,,,,,,,,,,,,,,,,,,,,,,,,,,,,,,,,,,,,,,,,,,,,,,,,,,,,,,,,,,,,,,,,,,,,CNG Key Isolation,,,running,,,,,,,,,,,,,,
2026-03-27T07:55:25.457472Z,"{'#attributes': {'Qualifiers': 16384}, '#text': 7036}",dc.danglingtree.htb,Service Control Manager,System,2833,4,,,,,,,,,,4E00630061005300760063002F0031000000,,,,,,,,,,,,,,,,,,,,,,,,,,,,,,,,,,,,,,,,,,,,,,,,,,,,,,,,,,,,,,,,,,,,,,,,,,,,,,,,,,,,,,,,,,,,,,,,,,,,,,,,,,,,,,,,,,,,,,,,,,,,,,,,,,,,,,,,,,,,,,,,,,,,,,,,,,,,,,,,,,,,,,,,,,,,,,,,,,,,,,,,,,,,,,,,,,,,,,,,,,,,,,,,,,,,,,,,,,,,,,,,,,Network Connectivity Assistant,,,stopped,,,,,,,,,,,,,,
2026-03-27T07:55:25.523178Z,"{'#attributes': {'Qualifiers': 16384}, '#text': 7036}",dc.danglingtree.htb,Service Control Manager,System,2834,4,,,,,,,,,,52006D005300760063002F0034000000,,,,,,,,,,,,,,,,,,,,,,,,,,,,,,,,,,,,,,,,,,,,,,,,,,,,,,,,,,,,,,,,,,,,,,,,,,,,,,,,,,,,,,,,,,,,,,,,,,,,,,,,,,,,,,,,,,,,,,,,,,,,,,,,,,,,,,,,,,,,,,,,,,,,,,,,,,,,,,,,,,,,,,,,,,,,,,,,,,,,,,,,,,,,,,,,,,,,,,,,,,,,,,,,,,,,,,,,,,,,,,,,,,Radio Management Service,,,running,,,,,,,,,,,,,,
2026-03-27T07:55:25.595051Z,"{'#attributes': {'Qualifiers': 16384}, '#text': 7036}",dc.danglingtree.htb,Service Control Manager,System,2835,4,,,,,,,,,,4600720061006D0065005300650072007600650072004D006F006E00690074006F0072002F0034000000,,,,,,,,,,,,,,,,,,,,,,,,,,,,,,,,,,,,,,,,,,,,,,,,,,,,,,,,,,,,,,,,,,,,,,,,,,,,,,,,,,,,,,,,,,,,,,,,,,,,,,,,,,,,,,,,,,,,,,,,,,,,,,,,,,,,,,,,,,,,,,,,,,,,,,,,,,,,,,,,,,,,,,,,,,,,,,,,,,,,,,,,,,,,,,,,,,,,,,,,,,,,,,,,,,,,,,,,,,,,,,,,,,Windows Camera Frame Server Monitor,,,running,,,,,,,,,,,,,,
2026-03-27T07:55:25.605968Z,"{'#attributes': {'Qualifiers': 16384}, '#text': 7036}",dc.danglingtree.htb,Service Control Manager,System,2836,4,,,,,,,,,,57006100610053004D0065006400690063005300760063002F0034000000,,,,,,,,,,,,,,,,,,,,,,,,,,,,,,,,,,,,,,,,,,,,,,,,,,,,,,,,,,,,,,,,,,,,,,,,,,,,,,,,,,,,,,,,,,,,,,,,,,,,,,,,,,,,,,,,,,,,,,,,,,,,,,,,,,,,,,,,,,,,,,,,,,,,,,,,,,,,,,,,,,,,,,,,,,,,,,,,,,,,,,,,,,,,,,,,,,,,,,,,,,,,,,,,,,,,,,,,,,,,,,,,,,WaaSMedicSvc,,,running,,,,,,,,,,,,,,
2026-03-27T07:55:25.636289Z,"{'#attributes': {'Qualifiers': 16384}, '#text': 7036}",dc.danglingtree.htb,Service Control Manager,System,2837,4,,,,,,,,,,44006F005300760063002F0034000000,,,,,,,,,,,,,,,,,,,,,,,,,,,,,,,,,,,,,,,,,,,,,,,,,,,,,,,,,,,,,,,,,,,,,,,,,,,,,,,,,,,,,,,,,,,,,,,,,,,,,,,,,,,,,,,,,,,,,,,,,,,,,,,,,,,,,,,,,,,,,,,,,,,,,,,,,,,,,,,,,,,,,,,,,,,,,,,,,,,,,,,,,,,,,,,,,,,,,,,,,,,,,,,,,,,,,,,,,,,,,,,,,,Delivery Optimization,,,running,,,,,,,,,,,,,,
2026-03-27T07:55:25.778376Z,"{'#attributes': {'Qualifiers': 16384}, '#text': 7036}",dc.danglingtree.htb,Service Control Manager,System,2838,4,,,,,,,,,,530074006F0072005300760063002F0034000000,,,,,,,,,,,,,,,,,,,,,,,,,,,,,,,,,,,,,,,,,,,,,,,,,,,,,,,,,,,,,,,,,,,,,,,,,,,,,,,,,,,,,,,,,,,,,,,,,,,,,,,,,,,,,,,,,,,,,,,,,,,,,,,,,,,,,,,,,,,,,,,,,,,,,,,,,,,,,,,,,,,,,,,,,,,,,,,,,,,,,,,,,,,,,,,,,,,,,,,,,,,,,,,,,,,,,,,,,,,,,,,,,,Storage Service,,,running,,,,,,,,,,,,,,
2026-03-27T07:55:25.858351Z,"{'#attributes': {'Qualifiers': 16384}, '#text': 7036}",dc.danglingtree.htb,Service Control Manager,System,2839,4,,,,,,,,,,44006F005300760063002F0031000000,,,,,,,,,,,,,,,,,,,,,,,,,,,,,,,,,,,,,,,,,,,,,,,,,,,,,,,,,,,,,,,,,,,,,,,,,,,,,,,,,,,,,,,,,,,,,,,,,,,,,,,,,,,,,,,,,,,,,,,,,,,,,,,,,,,,,,,,,,,,,,,,,,,,,,,,,,,,,,,,,,,,,,,,,,,,,,,,,,,,,,,,,,,,,,,,,,,,,,,,,,,,,,,,,,,,,,,,,,,,,,,,,,Delivery Optimization,,,stopped,,,,,,,,,,,,,,
2026-03-27T07:55:25.870822Z,"{'#attributes': {'Qualifiers': 16384}, '#text': 7036}",dc.danglingtree.htb,Service Control Manager,System,2840,4,,,,,,,,,,43006C00690070005300560043002F0034000000,,,,,,,,,,,,,,,,,,,,,,,,,,,,,,,,,,,,,,,,,,,,,,,,,,,,,,,,,,,,,,,,,,,,,,,,,,,,,,,,,,,,,,,,,,,,,,,,,,,,,,,,,,,,,,,,,,,,,,,,,,,,,,,,,,,,,,,,,,,,,,,,,,,,,,,,,,,,,,,,,,,,,,,,,,,,,,,,,,,,,,,,,,,,,,,,,,,,,,,,,,,,,,,,,,,,,,,,,,,,,,,,,,Client License Service (ClipSVC),,,running,,,,,,,,,,,,,,
2026-03-27T07:55:26.354573Z,"{'#attributes': {'Qualifiers': 16384}, '#text': 7036}",dc.danglingtree.htb,Service Control Manager,System,2841,4,,,,,,,,,,7300700070007300760063002F0031000000,,,,,,,,,,,,,,,,,,,,,,,,,,,,,,,,,,,,,,,,,,,,,,,,,,,,,,,,,,,,,,,,,,,,,,,,,,,,,,,,,,,,,,,,,,,,,,,,,,,,,,,,,,,,,,,,,,,,,,,,,,,,,,,,,,,,,,,,,,,,,,,,,,,,,,,,,,,,,,,,,,,,,,,,,,,,,,,,,,,,,,,,,,,,,,,,,,,,,,,,,,,,,,,,,,,,,,,,,,,,,,,,,,Software Protection,,,stopped,,,,,,,,,,,,,,
2026-03-27T07:55:26.612462Z,"{'#attributes': {'Qualifiers': 16384}, '#text': 7036}",dc.danglingtree.htb,Service Control Manager,System,2842,4,,,,,,,,,,7300650063006C006F0067006F006E002F0034000000,,,,,,,,,,,,,,,,,,,,,,,,,,,,,,,,,,,,,,,,,,,,,,,,,,,,,,,,,,,,,,,,,,,,,,,,,,,,,,,,,,,,,,,,,,,,,,,,,,,,,,,,,,,,,,,,,,,,,,,,,,,,,,,,,,,,,,,,,,,,,,,,,,,,,,,,,,,,,,,,,,,,,,,,,,,,,,,,,,,,,,,,,,,,,,,,,,,,,,,,,,,,,,,,,,,,,,,,,,,,,,,,,,Secondary Logon,,,running,,,,,,,,,,,,,,
2026-03-27T07:55:26.806276Z,26,dc.danglingtree.htb,Application Popup,System,2843,4,,,,,,,,,,,,,,,,,,,,,,MailService.exe - Application Error,,,,,,,,,,,,,,,,,,,,,,,,,,,,,,,,,,,,,,,,,,,,,,,,,,,,,,,,,,,,,,,,,,,,,,,,,,,,,,,,,,,,,,,,,,,,,,The application was unable to start correctly (0xc0000142). Click OK to close the application. ,,,,,,,,,,,,,,,,,,,,,,,,,,,,,,,,,,,,,,,,,,,,,,,,,,,,,,,,,,,,,,,,,,,,,,,,,,,,,,,,,,,,,,,,,,,,,,,,,,,,,,,,,,,,,,,,,,,,,,,,,,,,,,,,,,,,,,,,,
2026-03-27T07:55:55.603082Z,"{'#attributes': {'Qualifiers': 16384}, '#text': 7036}",dc.danglingtree.htb,Service Control Manager,System,2844,4,,,,,,,,,,4600720061006D0065005300650072007600650072004D006F006E00690074006F0072002F0031000000,,,,,,,,,,,,,,,,,,,,,,,,,,,,,,,,,,,,,,,,,,,,,,,,,,,,,,,,,,,,,,,,,,,,,,,,,,,,,,,,,,,,,,,,,,,,,,,,,,,,,,,,,,,,,,,,,,,,,,,,,,,,,,,,,,,,,,,,,,,,,,,,,,,,,,,,,,,,,,,,,,,,,,,,,,,,,,,,,,,,,,,,,,,,,,,,,,,,,,,,,,,,,,,,,,,,,,,,,,,,,,,,,,Windows Camera Frame Server Monitor,,,stopped,,,,,,,,,,,,,,
2026-03-27T07:56:18.671797Z,26,dc.danglingtree.htb,Application Popup,System,2845,4,,,,,,,,,,,,,,,,,,,,,,MailService.exe - Application Error,,,,,,,,,,,,,,,,,,,,,,,,,,,,,,,,,,,,,,,,,,,,,,,,,,,,,,,,,,,,,,,,,,,,,,,,,,,,,,,,,,,,,,,,,,,,,,The application was unable to start correctly (0xc0000142). Click OK to close the application. ,,,,,,,,,,,,,,,,,,,,,,,,,,,,,,,,,,,,,,,,,,,,,,,,,,,,,,,,,,,,,,,,,,,,,,,,,,,,,,,,,,,,,,,,,,,,,,,,,,,,,,,,,,,,,,,,,,,,,,,,,,,,,,,,,,,,,,,,,
2026-03-27T07:56:25.613528Z,"{'#attributes': {'Qualifiers': 16384}, '#text': 7036}",dc.danglingtree.htb,Service Control Manager,System,2846,4,,,,,,,,,,57006100610053004D0065006400690063005300760063002F0031000000,,,,,,,,,,,,,,,,,,,,,,,,,,,,,,,,,,,,,,,,,,,,,,,,,,,,,,,,,,,,,,,,,,,,,,,,,,,,,,,,,,,,,,,,,,,,,,,,,,,,,,,,,,,,,,,,,,,,,,,,,,,,,,,,,,,,,,,,,,,,,,,,,,,,,,,,,,,,,,,,,,,,,,,,,,,,,,,,,,,,,,,,,,,,,,,,,,,,,,,,,,,,,,,,,,,,,,,,,,,,,,,,,,WaaSMedicSvc,,,stopped,,,,,,,,,,,,,,
2026-03-27T07:56:45.645864Z,"{'#attributes': {'Qualifiers': 16384}, '#text': 7036}",dc.danglingtree.htb,Service Control Manager,System,2847,4,,,,,,,,,,5000720069006E00740044006500760069006300650043006F006E00660069006700750072006100740069006F006E0053006500720076006900630065002F0031000000,,,,,,,,,,,,,,,,,,,,,,,,,,,,,,,,,,,,,,,,,,,,,,,,,,,,,,,,,,,,,,,,,,,,,,,,,,,,,,,,,,,,,,,,,,,,,,,,,,,,,,,,,,,,,,,,,,,,,,,,,,,,,,,,,,,,,,,,,,,,,,,,,,,,,,,,,,,,,,,,,,,,,,,,,,,,,,,,,,,,,,,,,,,,,,,,,,,,,,,,,,,,,,,,,,,,,,,,,,,,,,,,,,Print Device Configuration Service,,,stopped,,,,,,,,,,,,,,
2026-03-27T07:56:56.984771Z,"{'#attributes': {'Qualifiers': 16384}, '#text': 7036}",dc.danglingtree.htb,Service Control Manager,System,2848,4,,,,,,,,,,4300440050005300760063002F0034000000,,,,,,,,,,,,,,,,,,,,,,,,,,,,,,,,,,,,,,,,,,,,,,,,,,,,,,,,,,,,,,,,,,,,,,,,,,,,,,,,,,,,,,,,,,,,,,,,,,,,,,,,,,,,,,,,,,,,,,,,,,,,,,,,,,,,,,,,,,,,,,,,,,,,,,,,,,,,,,,,,,,,,,,,,,,,,,,,,,,,,,,,,,,,,,,,,,,,,,,,,,,,,,,,,,,,,,,,,,,,,,,,,,Connected Devices Platform Service,,,running,,,,,,,,,,,,,,
2026-03-27T07:56:57.144064Z,"{'#attributes': {'Qualifiers': 16384}, '#text': 7036}",dc.danglingtree.htb,Service Control Manager,System,2849,4,,,,,,,,,,4400500053002F0034000000,,,,,,,,,,,,,,,,,,,,,,,,,,,,,,,,,,,,,,,,,,,,,,,,,,,,,,,,,,,,,,,,,,,,,,,,,,,,,,,,,,,,,,,,,,,,,,,,,,,,,,,,,,,,,,,,,,,,,,,,,,,,,,,,,,,,,,,,,,,,,,,,,,,,,,,,,,,,,,,,,,,,,,,,,,,,,,,,,,,,,,,,,,,,,,,,,,,,,,,,,,,,,,,,,,,,,,,,,,,,,,,,,,Diagnostic Policy Service,,,running,,,,,,,,,,,,,,
2026-03-27T07:56:57.542107Z,"{'#attributes': {'Qualifiers': 16384}, '#text': 7036}",dc.danglingtree.htb,Service Control Manager,System,2850,4,,,,,,,,,,65006400670065007500700064006100740065002F0034000000,,,,,,,,,,,,,,,,,,,,,,,,,,,,,,,,,,,,,,,,,,,,,,,,,,,,,,,,,,,,,,,,,,,,,,,,,,,,,,,,,,,,,,,,,,,,,,,,,,,,,,,,,,,,,,,,,,,,,,,,,,,,,,,,,,,,,,,,,,,,,,,,,,,,,,,,,,,,,,,,,,,,,,,,,,,,,,,,,,,,,,,,,,,,,,,,,,,,,,,,,,,,,,,,,,,,,,,,,,,,,,,,,,Microsoft Edge Update Service (edgeupdate),,,running,,,,,,,,,,,,,,
2026-03-27T07:56:57.557623Z,"{'#attributes': {'Qualifiers': 16384}, '#text': 7036}",dc.danglingtree.htb,Service Control Manager,System,2851,4,,,,,,,,,,65006400670065007500700064006100740065002F0031000000,,,,,,,,,,,,,,,,,,,,,,,,,,,,,,,,,,,,,,,,,,,,,,,,,,,,,,,,,,,,,,,,,,,,,,,,,,,,,,,,,,,,,,,,,,,,,,,,,,,,,,,,,,,,,,,,,,,,,,,,,,,,,,,,,,,,,,,,,,,,,,,,,,,,,,,,,,,,,,,,,,,,,,,,,,,,,,,,,,,,,,,,,,,,,,,,,,,,,,,,,,,,,,,,,,,,,,,,,,,,,,,,,,Microsoft Edge Update Service (edgeupdate),,,stopped,,,,,,,,,,,,,,
2026-03-27T07:56:57.680851Z,"{'#attributes': {'Qualifiers': 16384}, '#text': 7036}",dc.danglingtree.htb,Service Control Manager,System,2852,4,,,,,,,,,,49006E00760065006E0074006F00720079005300760063002F0034000000,,,,,,,,,,,,,,,,,,,,,,,,,,,,,,,,,,,,,,,,,,,,,,,,,,,,,,,,,,,,,,,,,,,,,,,,,,,,,,,,,,,,,,,,,,,,,,,,,,,,,,,,,,,,,,,,,,,,,,,,,,,,,,,,,,,,,,,,,,,,,,,,,,,,,,,,,,,,,,,,,,,,,,,,,,,,,,,,,,,,,,,,,,,,,,,,,,,,,,,,,,,,,,,,,,,,,,,,,,,,,,,,,,Inventory and Compatibility Appraisal service,,,running,,,,,,,,,,,,,,
2026-03-27T07:56:57.858790Z,"{'#attributes': {'Qualifiers': 16384}, '#text': 7036}",dc.danglingtree.htb,Service Control Manager,System,2853,4,,,,,,,,,,5000630061005300760063002F0034000000,,,,,,,,,,,,,,,,,,,,,,,,,,,,,,,,,,,,,,,,,,,,,,,,,,,,,,,,,,,,,,,,,,,,,,,,,,,,,,,,,,,,,,,,,,,,,,,,,,,,,,,,,,,,,,,,,,,,,,,,,,,,,,,,,,,,,,,,,,,,,,,,,,,,,,,,,,,,,,,,,,,,,,,,,,,,,,,,,,,,,,,,,,,,,,,,,,,,,,,,,,,,,,,,,,,,,,,,,,,,,,,,,,Program Compatibility Assistant Service,,,running,,,,,,,,,,,,,,
2026-03-27T07:56:57.982132Z,"{'#attributes': {'Qualifiers': 16384}, '#text': 7036}",dc.danglingtree.htb,Service Control Manager,System,2854,4,,,,,,,,,,7300700070007300760063002F0034000000,,,,,,,,,,,,,,,,,,,,,,,,,,,,,,,,,,,,,,,,,,,,,,,,,,,,,,,,,,,,,,,,,,,,,,,,,,,,,,,,,,,,,,,,,,,,,,,,,,,,,,,,,,,,,,,,,,,,,,,,,,,,,,,,,,,,,,,,,,,,,,,,,,,,,,,,,,,,,,,,,,,,,,,,,,,,,,,,,,,,,,,,,,,,,,,,,,,,,,,,,,,,,,,,,,,,,,,,,,,,,,,,,,Software Protection,,,running,,,,,,,,,,,,,,
2026-03-27T07:56:58.539184Z,"{'#attributes': {'Qualifiers': 16384}, '#text': 7036}",dc.danglingtree.htb,Service Control Manager,System,2855,4,,,,,,,,,,4E0065007400530065007400750070005300760063002F0034000000,,,,,,,,,,,,,,,,,,,,,,,,,,,,,,,,,,,,,,,,,,,,,,,,,,,,,,,,,,,,,,,,,,,,,,,,,,,,,,,,,,,,,,,,,,,,,,,,,,,,,,,,,,,,,,,,,,,,,,,,,,,,,,,,,,,,,,,,,,,,,,,,,,,,,,,,,,,,,,,,,,,,,,,,,,,,,,,,,,,,,,,,,,,,,,,,,,,,,,,,,,,,,,,,,,,,,,,,,,,,,,,,,,Network Setup Service,,,running,,,,,,,,,,,,,,
2026-03-27T07:57:00.615676Z,"{'#attributes': {'Qualifiers': 16384}, '#text': 7036}",dc.danglingtree.htb,Service Control Manager,System,2856,4,,,,,,,,,,550041004C005300560043002F0034000000,,,,,,,,,,,,,,,,,,,,,,,,,,,,,,,,,,,,,,,,,,,,,,,,,,,,,,,,,,,,,,,,,,,,,,,,,,,,,,,,,,,,,,,,,,,,,,,,,,,,,,,,,,,,,,,,,,,,,,,,,,,,,,,,,,,,,,,,,,,,,,,,,,,,,,,,,,,,,,,,,,,,,,,,,,,,,,,,,,,,,,,,,,,,,,,,,,,,,,,,,,,,,,,,,,,,,,,,,,,,,,,,,,User Access Logging Service,,,running,,,,,,,,,,,,,,
2026-03-27T07:57:00.752288Z,"{'#attributes': {'Qualifiers': 16384}, '#text': 7036}",dc.danglingtree.htb,Service Control Manager,System,2857,4,,,,,,,,,,57006100610053004D0065006400690063005300760063002F0034000000,,,,,,,,,,,,,,,,,,,,,,,,,,,,,,,,,,,,,,,,,,,,,,,,,,,,,,,,,,,,,,,,,,,,,,,,,,,,,,,,,,,,,,,,,,,,,,,,,,,,,,,,,,,,,,,,,,,,,,,,,,,,,,,,,,,,,,,,,,,,,,,,,,,,,,,,,,,,,,,,,,,,,,,,,,,,,,,,,,,,,,,,,,,,,,,,,,,,,,,,,,,,,,,,,,,,,,,,,,,,,,,,,,WaaSMedicSvc,,,running,,,,,,,,,,,,,,
2026-03-27T07:57:00.771525Z,"{'#attributes': {'Qualifiers': 16384}, '#text': 7036}",dc.danglingtree.htb,Service Control Manager,System,2858,4,,,,,,,,,,550073006F005300760063002F0034000000,,,,,,,,,,,,,,,,,,,,,,,,,,,,,,,,,,,,,,,,,,,,,,,,,,,,,,,,,,,,,,,,,,,,,,,,,,,,,,,,,,,,,,,,,,,,,,,,,,,,,,,,,,,,,,,,,,,,,,,,,,,,,,,,,,,,,,,,,,,,,,,,,,,,,,,,,,,,,,,,,,,,,,,,,,,,,,,,,,,,,,,,,,,,,,,,,,,,,,,,,,,,,,,,,,,,,,,,,,,,,,,,,,Update Orchestrator Service,,,running,,,,,,,,,,,,,,
2026-03-27T07:57:01.264215Z,"{'#attributes': {'Qualifiers': 16384}, '#text': 7036}",dc.danglingtree.htb,Service Control Manager,System,2859,4,,,,,,,,,,77006C00690064007300760063002F0034000000,,,,,,,,,,,,,,,,,,,,,,,,,,,,,,,,,,,,,,,,,,,,,,,,,,,,,,,,,,,,,,,,,,,,,,,,,,,,,,,,,,,,,,,,,,,,,,,,,,,,,,,,,,,,,,,,,,,,,,,,,,,,,,,,,,,,,,,,,,,,,,,,,,,,,,,,,,,,,,,,,,,,,,,,,,,,,,,,,,,,,,,,,,,,,,,,,,,,,,,,,,,,,,,,,,,,,,,,,,,,,,,,,,Microsoft Account Sign-in Assistant,,,running,,,,,,,,,,,,,,
2026-03-27T07:57:08.391386Z,7001,dc.danglingtree.htb,Microsoft-Windows-Winlogon,System,2860,4,,,,,,,,,,,,,,,,,,,,,,,,,,,,,,,,,,,,,,,,,,,,,,,,,,,,,,,,,,,,,,,,,,,,,,,,,,,,,,,,,,,,,,,,,,,,,,,,,,,,,,,,,,,,,,,,,,,,,,,,,,,,,,,,,,,,,,,,,,,,,,,,,,,,,,,,,,,,,,,,,,,,,,,,,,,,,,,,,,,,,,,,,,,,,,,,,,,,,,,,,,,,,,,,,,,,,,1,,,,,,,,,,,,,S-1-5-21-4220238332-57023728-1129110646-500,,,,,,,,,,,,,,,,,,,,,,,,,,
2026-03-27T07:57:08.485299Z,"{'#attributes': {'Qualifiers': 16384}, '#text': 7036}",dc.danglingtree.htb,Service Control Manager,System,2861,4,,,,,,,,,,4600720061006D0065005300650072007600650072004D006F006E00690074006F0072002F0034000000,,,,,,,,,,,,,,,,,,,,,,,,,,,,,,,,,,,,,,,,,,,,,,,,,,,,,,,,,,,,,,,,,,,,,,,,,,,,,,,,,,,,,,,,,,,,,,,,,,,,,,,,,,,,,,,,,,,,,,,,,,,,,,,,,,,,,,,,,,,,,,,,,,,,,,,,,,,,,,,,,,,,,,,,,,,,,,,,,,,,,,,,,,,,,,,,,,,,,,,,,,,,,,,,,,,,,,,,,,,,,,,,,,Windows Camera Frame Server Monitor,,,running,,,,,,,,,,,,,,
2026-03-27T07:57:08.622132Z,"{'#attributes': {'Qualifiers': 16384}, '#text': 7036}",dc.danglingtree.htb,Service Control Manager,System,2862,4,,,,,,,,,,43004400500055007300650072005300760063005F00370063003500650066002F0034000000,,,,,,,,,,,,,,,,,,,,,,,,,,,,,,,,,,,,,,,,,,,,,,,,,,,,,,,,,,,,,,,,,,,,,,,,,,,,,,,,,,,,,,,,,,,,,,,,,,,,,,,,,,,,,,,,,,,,,,,,,,,,,,,,,,,,,,,,,,,,,,,,,,,,,,,,,,,,,,,,,,,,,,,,,,,,,,,,,,,,,,,,,,,,,,,,,,,,,,,,,,,,,,,,,,,,,,,,,,,,,,,,,,Connected Devices Platform User Service_7c5ef,,,running,,,,,,,,,,,,,,
2026-03-27T07:57:08.698554Z,"{'#attributes': {'Qualifiers': 16384}, '#text': 7036}",dc.danglingtree.htb,Service Control Manager,System,2863,4,,,,,,,,,,570070006E00550073006500720053006500720076006900630065005F00370063003500650066002F0034000000,,,,,,,,,,,,,,,,,,,,,,,,,,,,,,,,,,,,,,,,,,,,,,,,,,,,,,,,,,,,,,,,,,,,,,,,,,,,,,,,,,,,,,,,,,,,,,,,,,,,,,,,,,,,,,,,,,,,,,,,,,,,,,,,,,,,,,,,,,,,,,,,,,,,,,,,,,,,,,,,,,,,,,,,,,,,,,,,,,,,,,,,,,,,,,,,,,,,,,,,,,,,,,,,,,,,,,,,,,,,,,,,,,Windows Push Notifications User Service_7c5ef,,,running,,,,,,,,,,,,,,
2026-03-27T07:57:08.731449Z,"{'#attributes': {'Qualifiers': 16384}, '#text': 7036}",dc.danglingtree.htb,Service Control Manager,System,2864,4,,,,,,,,,,54006F006B0065006E00420072006F006B00650072002F0034000000,,,,,,,,,,,,,,,,,,,,,,,,,,,,,,,,,,,,,,,,,,,,,,,,,,,,,,,,,,,,,,,,,,,,,,,,,,,,,,,,,,,,,,,,,,,,,,,,,,,,,,,,,,,,,,,,,,,,,,,,,,,,,,,,,,,,,,,,,,,,,,,,,,,,,,,,,,,,,,,,,,,,,,,,,,,,,,,,,,,,,,,,,,,,,,,,,,,,,,,,,,,,,,,,,,,,,,,,,,,,,,,,,,Web Account Manager,,,running,,,,,,,,,,,,,,
2026-03-27T07:57:10.564690Z,"{'#attributes': {'Qualifiers': 16384}, '#text': 7036}",dc.danglingtree.htb,Service Control Manager,System,2865,4,,,,,,,,,,41007000700069006E0066006F002F0034000000,,,,,,,,,,,,,,,,,,,,,,,,,,,,,,,,,,,,,,,,,,,,,,,,,,,,,,,,,,,,,,,,,,,,,,,,,,,,,,,,,,,,,,,,,,,,,,,,,,,,,,,,,,,,,,,,,,,,,,,,,,,,,,,,,,,,,,,,,,,,,,,,,,,,,,,,,,,,,,,,,,,,,,,,,,,,,,,,,,,,,,,,,,,,,,,,,,,,,,,,,,,,,,,,,,,,,,,,,,,,,,,,,,Application Information,,,running,,,,,,,,,,,,,,
2026-03-27T07:57:11.509495Z,"{'#attributes': {'Qualifiers': 16384}, '#text': 7036}",dc.danglingtree.htb,Service Control Manager,System,2866,4,,,,,,,,,,550064006B0055007300650072005300760063005F00370063003500650066002F0034000000,,,,,,,,,,,,,,,,,,,,,,,,,,,,,,,,,,,,,,,,,,,,,,,,,,,,,,,,,,,,,,,,,,,,,,,,,,,,,,,,,,,,,,,,,,,,,,,,,,,,,,,,,,,,,,,,,,,,,,,,,,,,,,,,,,,,,,,,,,,,,,,,,,,,,,,,,,,,,,,,,,,,,,,,,,,,,,,,,,,,,,,,,,,,,,,,,,,,,,,,,,,,,,,,,,,,,,,,,,,,,,,,,,Udk User Service_7c5ef,,,running,,,,,,,,,,,,,,
2026-03-27T07:57:15.498959Z,"{'#attributes': {'Qualifiers': 16384}, '#text': 7036}",dc.danglingtree.htb,Service Control Manager,System,2867,4,,,,,,,,,,540072007500730074006500640049006E007300740061006C006C00650072002F0034000000,,,,,,,,,,,,,,,,,,,,,,,,,,,,,,,,,,,,,,,,,,,,,,,,,,,,,,,,,,,,,,,,,,,,,,,,,,,,,,,,,,,,,,,,,,,,,,,,,,,,,,,,,,,,,,,,,,,,,,,,,,,,,,,,,,,,,,,,,,,,,,,,,,,,,,,,,,,,,,,,,,,,,,,,,,,,,,,,,,,,,,,,,,,,,,,,,,,,,,,,,,,,,,,,,,,,,,,,,,,,,,,,,,Windows Modules Installer,,,running,,,,,,,,,,,,,,
2026-03-27T07:57:17.321940Z,"{'#attributes': {'Qualifiers': 16384}, '#text': 7036}",dc.danglingtree.htb,Service Control Manager,System,2868,4,,,,,,,,,,77006D006900410070005300720076002F0031000000,,,,,,,,,,,,,,,,,,,,,,,,,,,,,,,,,,,,,,,,,,,,,,,,,,,,,,,,,,,,,,,,,,,,,,,,,,,,,,,,,,,,,,,,,,,,,,,,,,,,,,,,,,,,,,,,,,,,,,,,,,,,,,,,,,,,,,,,,,,,,,,,,,,,,,,,,,,,,,,,,,,,,,,,,,,,,,,,,,,,,,,,,,,,,,,,,,,,,,,,,,,,,,,,,,,,,,,,,,,,,,,,,,WMI Performance Adapter,,,stopped,,,,,,,,,,,,,,
2026-03-27T07:57:18.938561Z,26,dc.danglingtree.htb,Application Popup,System,2869,4,,,,,,,,,,,,,,,,,,,,,,MailService.exe - Application Error,,,,,,,,,,,,,,,,,,,,,,,,,,,,,,,,,,,,,,,,,,,,,,,,,,,,,,,,,,,,,,,,,,,,,,,,,,,,,,,,,,,,,,,,,,,,,,The application was unable to start correctly (0xc0000142). Click OK to close the application. ,,,,,,,,,,,,,,,,,,,,,,,,,,,,,,,,,,,,,,,,,,,,,,,,,,,,,,,,,,,,,,,,,,,,,,,,,,,,,,,,,,,,,,,,,,,,,,,,,,,,,,,,,,,,,,,,,,,,,,,,,,,,,,,,,,,,,,,,,
2026-03-27T07:57:19.727819Z,"{'#attributes': {'Qualifiers': 16384}, '#text': 7036}",dc.danglingtree.htb,Service Control Manager,System,2870,4,,,,,,,,,,65006400670065007500700064006100740065002F0034000000,,,,,,,,,,,,,,,,,,,,,,,,,,,,,,,,,,,,,,,,,,,,,,,,,,,,,,,,,,,,,,,,,,,,,,,,,,,,,,,,,,,,,,,,,,,,,,,,,,,,,,,,,,,,,,,,,,,,,,,,,,,,,,,,,,,,,,,,,,,,,,,,,,,,,,,,,,,,,,,,,,,,,,,,,,,,,,,,,,,,,,,,,,,,,,,,,,,,,,,,,,,,,,,,,,,,,,,,,,,,,,,,,,Microsoft Edge Update Service (edgeupdate),,,running,,,,,,,,,,,,,,
2026-03-27T07:57:21.534574Z,"{'#attributes': {'Qualifiers': 16384}, '#text': 7036}",dc.danglingtree.htb,Service Control Manager,System,2871,4,,,,,,,,,,530065006300750072006900740079004800650061006C007400680053006500720076006900630065002F0034000000,,,,,,,,,,,,,,,,,,,,,,,,,,,,,,,,,,,,,,,,,,,,,,,,,,,,,,,,,,,,,,,,,,,,,,,,,,,,,,,,,,,,,,,,,,,,,,,,,,,,,,,,,,,,,,,,,,,,,,,,,,,,,,,,,,,,,,,,,,,,,,,,,,,,,,,,,,,,,,,,,,,,,,,,,,,,,,,,,,,,,,,,,,,,,,,,,,,,,,,,,,,,,,,,,,,,,,,,,,,,,,,,,,Windows Security Service,,,running,,,,,,,,,,,,,,
2026-03-27T07:57:38.504233Z,"{'#attributes': {'Qualifiers': 16384}, '#text': 7036}",dc.danglingtree.htb,Service Control Manager,System,2872,4,,,,,,,,,,4600720061006D0065005300650072007600650072004D006F006E00690074006F0072002F0031000000,,,,,,,,,,,,,,,,,,,,,,,,,,,,,,,,,,,,,,,,,,,,,,,,,,,,,,,,,,,,,,,,,,,,,,,,,,,,,,,,,,,,,,,,,,,,,,,,,,,,,,,,,,,,,,,,,,,,,,,,,,,,,,,,,,,,,,,,,,,,,,,,,,,,,,,,,,,,,,,,,,,,,,,,,,,,,,,,,,,,,,,,,,,,,,,,,,,,,,,,,,,,,,,,,,,,,,,,,,,,,,,,,,Windows Camera Frame Server Monitor,,,stopped,,,,,,,,,,,,,,
2026-03-27T07:57:45.595007Z,"{'#attributes': {'Qualifiers': 16384}, '#text': 7036}",dc.danglingtree.htb,Service Control Manager,System,2873,4,,,,,,,,,,4E00650074006D0061006E002F0034000000,,,,,,,,,,,,,,,,,,,,,,,,,,,,,,,,,,,,,,,,,,,,,,,,,,,,,,,,,,,,,,,,,,,,,,,,,,,,,,,,,,,,,,,,,,,,,,,,,,,,,,,,,,,,,,,,,,,,,,,,,,,,,,,,,,,,,,,,,,,,,,,,,,,,,,,,,,,,,,,,,,,,,,,,,,,,,,,,,,,,,,,,,,,,,,,,,,,,,,,,,,,,,,,,,,,,,,,,,,,,,,,,,,Network Connections,,,running,,,,,,,,,,,,,,
2026-03-27T07:57:57.918177Z,"{'#attributes': {'Qualifiers': 16384}, '#text': 7036}",dc.danglingtree.htb,Service Control Manager,System,2874,4,,,,,,,,,,76006D007600730073002F0031000000,,,,,,,,,,,,,,,,,,,,,,,,,,,,,,,,,,,,,,,,,,,,,,,,,,,,,,,,,,,,,,,,,,,,,,,,,,,,,,,,,,,,,,,,,,,,,,,,,,,,,,,,,,,,,,,,,,,,,,,,,,,,,,,,,,,,,,,,,,,,,,,,,,,,,,,,,,,,,,,,,,,,,,,,,,,,,,,,,,,,,,,,,,,,,,,,,,,,,,,,,,,,,,,,,,,,,,,,,,,,,,,,,,VMware Snapshot Provider,,,stopped,,,,,,,,,,,,,,
2026-03-27T07:57:57.963550Z,"{'#attributes': {'Qualifiers': 16384}, '#text': 7036}",dc.danglingtree.htb,Service Control Manager,System,2875,4,,,,,,,,,,5600530053002F0031000000,,,,,,,,,,,,,,,,,,,,,,,,,,,,,,,,,,,,,,,,,,,,,,,,,,,,,,,,,,,,,,,,,,,,,,,,,,,,,,,,,,,,,,,,,,,,,,,,,,,,,,,,,,,,,,,,,,,,,,,,,,,,,,,,,,,,,,,,,,,,,,,,,,,,,,,,,,,,,,,,,,,,,,,,,,,,,,,,,,,,,,,,,,,,,,,,,,,,,,,,,,,,,,,,,,,,,,,,,,,,,,,,,,Volume Shadow Copy,,,stopped,,,,,,,,,,,,,,
2026-03-27T07:58:18.053292Z,"{'#attributes': {'Qualifiers': 16384}, '#text': 7036}",dc.danglingtree.htb,Service Control Manager,System,2876,4,,,,,,,,,,7300700070007300760063002F0031000000,,,,,,,,,,,,,,,,,,,,,,,,,,,,,,,,,,,,,,,,,,,,,,,,,,,,,,,,,,,,,,,,,,,,,,,,,,,,,,,,,,,,,,,,,,,,,,,,,,,,,,,,,,,,,,,,,,,,,,,,,,,,,,,,,,,,,,,,,,,,,,,,,,,,,,,,,,,,,,,,,,,,,,,,,,,,,,,,,,,,,,,,,,,,,,,,,,,,,,,,,,,,,,,,,,,,,,,,,,,,,,,,,,Software Protection,,,stopped,,,,,,,,,,,,,,
2026-03-27T07:58:18.728308Z,26,dc.danglingtree.htb,Application Popup,System,2877,4,,,,,,,,,,,,,,,,,,,,,,MailService.exe - Application Error,,,,,,,,,,,,,,,,,,,,,,,,,,,,,,,,,,,,,,,,,,,,,,,,,,,,,,,,,,,,,,,,,,,,,,,,,,,,,,,,,,,,,,,,,,,,,,The application was unable to start correctly (0xc0000142). Click OK to close the application. ,,,,,,,,,,,,,,,,,,,,,,,,,,,,,,,,,,,,,,,,,,,,,,,,,,,,,,,,,,,,,,,,,,,,,,,,,,,,,,,,,,,,,,,,,,,,,,,,,,,,,,,,,,,,,,,,,,,,,,,,,,,,,,,,,,,,,,,,,
2026-03-27T07:58:26.472521Z,"{'#attributes': {'Qualifiers': 16384}, '#text': 7036}",dc.danglingtree.htb,Service Control Manager,System,2878,4,,,,,,,,,,65006400670065007500700064006100740065002F0031000000,,,,,,,,,,,,,,,,,,,,,,,,,,,,,,,,,,,,,,,,,,,,,,,,,,,,,,,,,,,,,,,,,,,,,,,,,,,,,,,,,,,,,,,,,,,,,,,,,,,,,,,,,,,,,,,,,,,,,,,,,,,,,,,,,,,,,,,,,,,,,,,,,,,,,,,,,,,,,,,,,,,,,,,,,,,,,,,,,,,,,,,,,,,,,,,,,,,,,,,,,,,,,,,,,,,,,,,,,,,,,,,,,,Microsoft Edge Update Service (edgeupdate),,,stopped,,,,,,,,,,,,,,
2026-03-27T07:59:08.457389Z,"{'#attributes': {'Qualifiers': 16384}, '#text': 7036}",dc.danglingtree.htb,Service Control Manager,System,2879,4,,,,,,,,,,57005000440042007500730045006E0075006D002F0031000000,,,,,,,,,,,,,,,,,,,,,,,,,,,,,,,,,,,,,,,,,,,,,,,,,,,,,,,,,,,,,,,,,,,,,,,,,,,,,,,,,,,,,,,,,,,,,,,,,,,,,,,,,,,,,,,,,,,,,,,,,,,,,,,,,,,,,,,,,,,,,,,,,,,,,,,,,,,,,,,,,,,,,,,,,,,,,,,,,,,,,,,,,,,,,,,,,,,,,,,,,,,,,,,,,,,,,,,,,,,,,,,,,,Portable Device Enumerator Service,,,stopped,,,,,,,,,,,,,,
2026-03-27T07:59:08.727191Z,"{'#attributes': {'Qualifiers': 16384}, '#text': 7036}",dc.danglingtree.htb,Service Control Manager,System,2880,4,,,,,,,,,,4F006E006500530079006E0063005300760063005F00370063003500650066002F0034000000,,,,,,,,,,,,,,,,,,,,,,,,,,,,,,,,,,,,,,,,,,,,,,,,,,,,,,,,,,,,,,,,,,,,,,,,,,,,,,,,,,,,,,,,,,,,,,,,,,,,,,,,,,,,,,,,,,,,,,,,,,,,,,,,,,,,,,,,,,,,,,,,,,,,,,,,,,,,,,,,,,,,,,,,,,,,,,,,,,,,,,,,,,,,,,,,,,,,,,,,,,,,,,,,,,,,,,,,,,,,,,,,,,Sync Host_7c5ef,,,running,,,,,,,,,,,,,,
2026-03-27T07:59:08.742958Z,"{'#attributes': {'Qualifiers': 16384}, '#text': 7036}",dc.danglingtree.htb,Service Control Manager,System,2881,4,,,,,,,,,,5600610075006C0074005300760063002F0034000000,,,,,,,,,,,,,,,,,,,,,,,,,,,,,,,,,,,,,,,,,,,,,,,,,,,,,,,,,,,,,,,,,,,,,,,,,,,,,,,,,,,,,,,,,,,,,,,,,,,,,,,,,,,,,,,,,,,,,,,,,,,,,,,,,,,,,,,,,,,,,,,,,,,,,,,,,,,,,,,,,,,,,,,,,,,,,,,,,,,,,,,,,,,,,,,,,,,,,,,,,,,,,,,,,,,,,,,,,,,,,,,,,,Credential Manager,,,running,,,,,,,,,,,,,,
2026-03-27T07:59:08.824376Z,"{'#attributes': {'Qualifiers': 16384}, '#text': 7036}",dc.danglingtree.htb,Service Control Manager,System,2882,4,,,,,,,,,,63006200640068007300760063005F00370063003500650066002F0034000000,,,,,,,,,,,,,,,,,,,,,,,,,,,,,,,,,,,,,,,,,,,,,,,,,,,,,,,,,,,,,,,,,,,,,,,,,,,,,,,,,,,,,,,,,,,,,,,,,,,,,,,,,,,,,,,,,,,,,,,,,,,,,,,,,,,,,,,,,,,,,,,,,,,,,,,,,,,,,,,,,,,,,,,,,,,,,,,,,,,,,,,,,,,,,,,,,,,,,,,,,,,,,,,,,,,,,,,,,,,,,,,,,,Clipboard User Service_7c5ef,,,running,,,,,,,,,,,,,,
2026-03-27T07:59:17.128629Z,"{'#attributes': {'Qualifiers': 16384}, '#text': 7036}",dc.danglingtree.htb,Service Control Manager,System,2883,4,,,,,,,,,,540072007500730074006500640049006E007300740061006C006C00650072002F0031000000,,,,,,,,,,,,,,,,,,,,,,,,,,,,,,,,,,,,,,,,,,,,,,,,,,,,,,,,,,,,,,,,,,,,,,,,,,,,,,,,,,,,,,,,,,,,,,,,,,,,,,,,,,,,,,,,,,,,,,,,,,,,,,,,,,,,,,,,,,,,,,,,,,,,,,,,,,,,,,,,,,,,,,,,,,,,,,,,,,,,,,,,,,,,,,,,,,,,,,,,,,,,,,,,,,,,,,,,,,,,,,,,,,Windows Modules Installer,,,stopped,,,,,,,,,,,,,,
2026-03-27T07:59:17.317585Z,"{'#attributes': {'Qualifiers': 16384}, '#text': 7040}",dc.danglingtree.htb,Service Control Manager,System,2884,4,,,,,,,,,,,,,,,,,,,,,,,,,,,,,,,,,,,,,,,,,,,,,,,,,,,,,,,,,,,,,,,,,,,,,,,,,,,,,,,,,,,,,,,,,,,,,,,,,,,,,,,,,,,,,,,,,,,,,,,,,,,,,,,,,,,,,,,,,,,,,,,,,,,,,,,,,,,,,,,,,,,,,,,,,,,,,,,,,,,,,,,,,,,,,,,,,,,,,,,,,,,,,,,,,,,,,,,,,,,,,,,,,,,,,,,,,,,,Background Intelligent Transfer Service,,,auto start,demand start,BITS,,,,,,,,,,,,
2026-03-27T07:59:17.365246Z,"{'#attributes': {'Qualifiers': 16384}, '#text': 7036}",dc.danglingtree.htb,Service Control Manager,System,2885,4,,,,,,,,,,42004900540053002F0031000000,,,,,,,,,,,,,,,,,,,,,,,,,,,,,,,,,,,,,,,,,,,,,,,,,,,,,,,,,,,,,,,,,,,,,,,,,,,,,,,,,,,,,,,,,,,,,,,,,,,,,,,,,,,,,,,,,,,,,,,,,,,,,,,,,,,,,,,,,,,,,,,,,,,,,,,,,,,,,,,,,,,,,,,,,,,,,,,,,,,,,,,,,,,,,,,,,,,,,,,,,,,,,,,,,,,,,,,,,,,,,,,,,,Background Intelligent Transfer Service,,,stopped,,,,,,,,,,,,,,
2026-03-27T07:59:18.705495Z,26,dc.danglingtree.htb,Application Popup,System,2886,4,,,,,,,,,,,,,,,,,,,,,,MailService.exe - Application Error,,,,,,,,,,,,,,,,,,,,,,,,,,,,,,,,,,,,,,,,,,,,,,,,,,,,,,,,,,,,,,,,,,,,,,,,,,,,,,,,,,,,,,,,,,,,,,The application was unable to start correctly (0xc0000142). Click OK to close the application. ,,,,,,,,,,,,,,,,,,,,,,,,,,,,,,,,,,,,,,,,,,,,,,,,,,,,,,,,,,,,,,,,,,,,,,,,,,,,,,,,,,,,,,,,,,,,,,,,,,,,,,,,,,,,,,,,,,,,,,,,,,,,,,,,,,,,,,,,,
2026-03-27T07:59:47.350791Z,1796,dc.danglingtree.htb,Microsoft-Windows-TPM-WMI,System,2887,2,,,,,,,,,,,,,,,,,,,,,,,,,,,,,,,,,,,,,,,,,,,,,,,,,,,,,,,,,,,,,,,,,,,,,,,,,,,,,,,,,,,,,,,-2147020471,,,,,,,,,,,,,,,,,,,,,,,,,,,,,,,,,,,,,,,,,,,,,,,,,,,,,,,,,,,,,,,,,,,,,,,,,,,,,,,,,,,,,,,,,,,,,,,,,,,,,,,,,,,,,,,,,,,,,,,,,,,,,,,,,,,,,,,,,DBX,,,,,,,,,,,,,,,,,,,,,,,,,,,,,
2026-03-27T07:59:47.350822Z,1796,dc.danglingtree.htb,Microsoft-Windows-TPM-WMI,System,2888,2,,,,,,,,,,,,,,,,,,,,,,,,,,,,,,,,,,,,,,,,,,,,,,,,,,,,,,,,,,,,,,,,,,,,,,,,,,,,,,,,,,,,,,,-2147020471,,,,,,,,,,,,,,,,,,,,,,,,,,,,,,,,,,,,,,,,,,,,,,,,,,,,,,,,,,,,,,,,,,,,,,,,,,,,,,,,,,,,,,,,,,,,,,,,,,,,,,,,,,,,,,,,,,,,,,,,,,,,,,,,,,,,,,,,,SBAT,,,,,,,,,,,,,,,,,,,,,,,,,,,,,
2026-03-27T07:59:58.521540Z,36928,dc.danglingtree.htb,Schannel,System,2889,2,,,,,,,,,,3082074A30820532A00302010202131E000000035391C5486F4DA142000000000003300D06092A864886F70D01010B0500305031133011060A0992268993F22C6401191603687462311C301A060A0992268993F22C640119160C64616E676C696E6774726565311B30190603550403131264616E676C696E67747265652D44432D4341301E170D3236303332363035343132305A170D3237303332363035343132305A301E311C301A0603550403131364632E64616E676C696E67747265652E68746230820122300D06092A864886F70D01010105000382010F003082010A0282010100A62A8208C0906D9F8CE38271E47892D445E979188B17D546FADE2040127751D33DDB4C35804140564C695137E3EB9460FDE736E92D47C6BB095D60952C1DEB54CCCD729BD3322585F66903C2D19E69F854F920B01CD2D46EF624A008840A550DF1309878EDC5AF8DFFDAF9E1FBBB085065DD0500D68296127FE737714A2737BD298586D8D9322C9F9D05E35A98ED5FB629B52468DBEF55B5F5C67BA70CDD7986892064C3E53BCD51BD79AEC30BCE9DCC8838B77440B23332FAC4DBF07ACDFA0FF3F30C6C290FD8EB21C7080E2A365AFECB4C95027638B58CA62DD04E99ECBE76692A2BC37A7809C89805330B5F72B2A46BE75D87A02A68E1CFDCFF82ECAE7C090203010001A382034D30820349302F06092B060104018237140204221E200044006F006D00610069006E0043006F006E00740072006F006C006C00650072301D0603551D250416301406082B0601050507030206082B06010505070301300E0603551D0F0101FF0404030205A0307806092A864886F70D01090F046B3069300E06082A864886F70D030202020080300E06082A864886F70D030402020080300B060960864801650304012A300B060960864801650304012D300B0609608648016503040102300B0609608648016503040105300706052B0E030207300A06082A864886F70D0307301D0603551D0E04160414CE2606822ABFA6C854D128F7088D7823599B1BC5301F0603551D2304183016801482E1BF073C350B1E4914D331E0809A293F4D1EF53081D00603551D1F0481C83081C53081C2A081BFA081BC8681B96C6461703A2F2F2F434E3D64616E676C696E67747265652D44432D43412C434E3D64632C434E3D4344502C434E3D5075626C69632532304B657925323053657276696365732C434E3D53657276696365732C434E3D436F6E66696775726174696F6E2C44433D64616E676C696E67747265652C44433D6874623F63657274696669636174655265766F636174696F6E4C6973743F626173653F6F626A656374436C6173733D63524C446973747269627574696F6E506F696E743081C906082B060105050701010481BC3081B93081B606082B060105050730028681A96C6461703A2F2F2F434E3D64616E676C696E67747265652D44432D43412C434E3D4149412C434E3D5075626C69632532304B657925323053657276696365732C434E3D53657276696365732C434E3D436F6E66696775726174696F6E2C44433D64616E676C696E67747265652C44433D6874623F634143657274696669636174653F626173653F6F626A656374436C6173733D63657274696669636174696F6E417574686F72697479303F0603551D1104383036A01F06092B0601040182371901A01204103ABEB00070370544BD9CEE353A2E00E0821364632E64616E676C696E67747265652E687462304D06092B06010401823719020440303EA03C060A2B060104018237190201A02E042C532D312D352D32312D343232303233383333322D35373032333732382D313132393131303634362D31303030300D06092A864886F70D01010B0500038202010083AC5B36084E70934A1BE8561939E6A52250A6563ABEFA336D021F08E6DDBF61C83D0E8E10488F12078CF16DA37DE8CFDDD9CCD45074055857BBBF9B7B0A562FA9FBE8A3DD927BF5E79B4031D393F6F0905BB7AB02F2D0163C5D69A2A2EF4AD6503BFB9C8B70B9D241E0B3B87F968952F74FF18A343F68989336257BE9FE619CFFAD537BD3D97E22D56EC1BD5C704EEACE4693DC99D7DD023E1987D244A41F456FD395032BCE87F89E1E4E68ED684FB0BDAFA7FC9998FD4C7ABBBF87C597A7C04668990E80963038E76CAFC83F58FEA06768A2C766596065661731EA3C09A909D382A04DEF4DD85C04D2F9A110B6AEF6F9CA56ADB219D92A7225816986D85A90CD3EE23D74D287A0AF18A2CD1D13BD08B9EE0F0AFAA770D4E2B797C592BD62FFCDF977FBA57BCA934625C7556721E30B72FD2AC45119F80BADDD32900EA0D8B46C05D825C4B3B4EC8427966E8B7EBA00A361713963C55C8E72C64D00BE3276E090DD2F4E21522B83CBBBCB3FC80C0C56D212A810951FECBC220B6A6D83D33C56D9BABD784E036BD9C738BDE2474B08B53AA8177185DDEB4677F068A7681D6819D43C0F6E5E6D3615F17109001008BDF03C8823D88296EF01BEC1FD37F1476B3A9D491985CC47AEA19CD2C373DD1875C01109895A61AF6E06FFE336CDB42EB341B915925E03132911BA20B3A3C8F445306B4C36A8AA98188DBEB6FE66355AE574,,,,,,,,,,,,,,,,,,,,,,,,,,,,,,,,,,,,,,,,,,,,,,,,,,,,,,,,,,,,,,,,,,,REASON_OCSP_RESPONSE_RETRIEVAL_ERROR,,,,,,,,,,,,,,,,,,,,,,,,,,,,,,,,,,,,,,,,,,,,,,,,,,,,,,,,,1601-01-01T00:00:00.000000Z,,,,,,,,,,,,,,,,,,,,,,,,,,,,,,,,,,,,,,,,,,,,,,,,,,,,,,,,,,,,,,,,,,,,,,,,,,,,,,,,,1601-01-01T00:00:00.000000Z,,,,,,,,,,,,,,,,,,,,,,,,,,,,,,,,,,,,,,
2026-03-27T08:00:09.592488Z,"{'#attributes': {'Qualifiers': 16384}, '#text': 7036}",dc.danglingtree.htb,Service Control Manager,System,2890,4,,,,,,,,,,7300700070007300760063002F0034000000,,,,,,,,,,,,,,,,,,,,,,,,,,,,,,,,,,,,,,,,,,,,,,,,,,,,,,,,,,,,,,,,,,,,,,,,,,,,,,,,,,,,,,,,,,,,,,,,,,,,,,,,,,,,,,,,,,,,,,,,,,,,,,,,,,,,,,,,,,,,,,,,,,,,,,,,,,,,,,,,,,,,,,,,,,,,,,,,,,,,,,,,,,,,,,,,,,,,,,,,,,,,,,,,,,,,,,,,,,,,,,,,,,Software Protection,,,running,,,,,,,,,,,,,,
2026-03-27T08:00:18.659695Z,26,dc.danglingtree.htb,Application Popup,System,2891,4,,,,,,,,,,,,,,,,,,,,,,MailService.exe - Application Error,,,,,,,,,,,,,,,,,,,,,,,,,,,,,,,,,,,,,,,,,,,,,,,,,,,,,,,,,,,,,,,,,,,,,,,,,,,,,,,,,,,,,,,,,,,,,,The application was unable to start correctly (0xc0000142). Click OK to close the application. ,,,,,,,,,,,,,,,,,,,,,,,,,,,,,,,,,,,,,,,,,,,,,,,,,,,,,,,,,,,,,,,,,,,,,,,,,,,,,,,,,,,,,,,,,,,,,,,,,,,,,,,,,,,,,,,,,,,,,,,,,,,,,,,,,,,,,,,,,
2026-03-27T08:00:25.902955Z,"{'#attributes': {'Qualifiers': 16384}, '#text': 7036}",dc.danglingtree.htb,Service Control Manager,System,2892,4,,,,,,,,,,43006C00690070005300560043002F0031000000,,,,,,,,,,,,,,,,,,,,,,,,,,,,,,,,,,,,,,,,,,,,,,,,,,,,,,,,,,,,,,,,,,,,,,,,,,,,,,,,,,,,,,,,,,,,,,,,,,,,,,,,,,,,,,,,,,,,,,,,,,,,,,,,,,,,,,,,,,,,,,,,,,,,,,,,,,,,,,,,,,,,,,,,,,,,,,,,,,,,,,,,,,,,,,,,,,,,,,,,,,,,,,,,,,,,,,,,,,,,,,,,,,Client License Service (ClipSVC),,,stopped,,,,,,,,,,,,,,
2026-03-27T08:00:58.801358Z,"{'#attributes': {'Qualifiers': 16384}, '#text': 7036}",dc.danglingtree.htb,Service Control Manager,System,2893,4,,,,,,,,,,7300700070007300760063002F0031000000,,,,,,,,,,,,,,,,,,,,,,,,,,,,,,,,,,,,,,,,,,,,,,,,,,,,,,,,,,,,,,,,,,,,,,,,,,,,,,,,,,,,,,,,,,,,,,,,,,,,,,,,,,,,,,,,,,,,,,,,,,,,,,,,,,,,,,,,,,,,,,,,,,,,,,,,,,,,,,,,,,,,,,,,,,,,,,,,,,,,,,,,,,,,,,,,,,,,,,,,,,,,,,,,,,,,,,,,,,,,,,,,,,Software Protection,,,stopped,,,,,,,,,,,,,,
2026-03-27T08:01:18.673503Z,26,dc.danglingtree.htb,Application Popup,System,2894,4,,,,,,,,,,,,,,,,,,,,,,MailService.exe - Application Error,,,,,,,,,,,,,,,,,,,,,,,,,,,,,,,,,,,,,,,,,,,,,,,,,,,,,,,,,,,,,,,,,,,,,,,,,,,,,,,,,,,,,,,,,,,,,,The application was unable to start correctly (0xc0000142). Click OK to close the application. ,,,,,,,,,,,,,,,,,,,,,,,,,,,,,,,,,,,,,,,,,,,,,,,,,,,,,,,,,,,,,,,,,,,,,,,,,,,,,,,,,,,,,,,,,,,,,,,,,,,,,,,,,,,,,,,,,,,,,,,,,,,,,,,,,,,,,,,,,
2026-03-27T08:02:18.667569Z,26,dc.danglingtree.htb,Application Popup,System,2895,4,,,,,,,,,,,,,,,,,,,,,,MailService.exe - Application Error,,,,,,,,,,,,,,,,,,,,,,,,,,,,,,,,,,,,,,,,,,,,,,,,,,,,,,,,,,,,,,,,,,,,,,,,,,,,,,,,,,,,,,,,,,,,,,The application was unable to start correctly (0xc0000142). Click OK to close the application. ,,,,,,,,,,,,,,,,,,,,,,,,,,,,,,,,,,,,,,,,,,,,,,,,,,,,,,,,,,,,,,,,,,,,,,,,,,,,,,,,,,,,,,,,,,,,,,,,,,,,,,,,,,,,,,,,,,,,,,,,,,,,,,,,,,,,,,,,,
2026-03-27T08:03:18.699947Z,26,dc.danglingtree.htb,Application Popup,System,2896,4,,,,,,,,,,,,,,,,,,,,,,MailService.exe - Application Error,,,,,,,,,,,,,,,,,,,,,,,,,,,,,,,,,,,,,,,,,,,,,,,,,,,,,,,,,,,,,,,,,,,,,,,,,,,,,,,,,,,,,,,,,,,,,,The application was unable to start correctly (0xc0000142). Click OK to close the application. ,,,,,,,,,,,,,,,,,,,,,,,,,,,,,,,,,,,,,,,,,,,,,,,,,,,,,,,,,,,,,,,,,,,,,,,,,,,,,,,,,,,,,,,,,,,,,,,,,,,,,,,,,,,,,,,,,,,,,,,,,,,,,,,,,,,,,,,,,
2026-03-27T08:03:25.678323Z,"{'#attributes': {'Qualifiers': 16384}, '#text': 7036}",dc.danglingtree.htb,Service Control Manager,System,2897,4,,,,,,,,,,500075007300680054006F0049006E007300740061006C006C002F0034000000,,,,,,,,,,,,,,,,,,,,,,,,,,,,,,,,,,,,,,,,,,,,,,,,,,,,,,,,,,,,,,,,,,,,,,,,,,,,,,,,,,,,,,,,,,,,,,,,,,,,,,,,,,,,,,,,,,,,,,,,,,,,,,,,,,,,,,,,,,,,,,,,,,,,,,,,,,,,,,,,,,,,,,,,,,,,,,,,,,,,,,,,,,,,,,,,,,,,,,,,,,,,,,,,,,,,,,,,,,,,,,,,,,Windows PushToInstall Service,,,running,,,,,,,,,,,,,,
2026-03-27T08:03:27.131324Z,"{'#attributes': {'Qualifiers': 16384}, '#text': 7036}",dc.danglingtree.htb,Service Control Manager,System,2898,4,,,,,,,,,,65006400670065007500700064006100740065002F0034000000,,,,,,,,,,,,,,,,,,,,,,,,,,,,,,,,,,,,,,,,,,,,,,,,,,,,,,,,,,,,,,,,,,,,,,,,,,,,,,,,,,,,,,,,,,,,,,,,,,,,,,,,,,,,,,,,,,,,,,,,,,,,,,,,,,,,,,,,,,,,,,,,,,,,,,,,,,,,,,,,,,,,,,,,,,,,,,,,,,,,,,,,,,,,,,,,,,,,,,,,,,,,,,,,,,,,,,,,,,,,,,,,,,Microsoft Edge Update Service (edgeupdate),,,running,,,,,,,,,,,,,,
2026-03-27T08:03:30.803048Z,"{'#attributes': {'Qualifiers': 16384}, '#text': 7036}",dc.danglingtree.htb,Service Control Manager,System,2899,4,,,,,,,,,,500075007300680054006F0049006E007300740061006C006C002F0031000000,,,,,,,,,,,,,,,,,,,,,,,,,,,,,,,,,,,,,,,,,,,,,,,,,,,,,,,,,,,,,,,,,,,,,,,,,,,,,,,,,,,,,,,,,,,,,,,,,,,,,,,,,,,,,,,,,,,,,,,,,,,,,,,,,,,,,,,,,,,,,,,,,,,,,,,,,,,,,,,,,,,,,,,,,,,,,,,,,,,,,,,,,,,,,,,,,,,,,,,,,,,,,,,,,,,,,,,,,,,,,,,,,,Windows PushToInstall Service,,,stopped,,,,,,,,,,,,,,
2026-03-27T08:03:57.088092Z,"{'#attributes': {'Qualifiers': 16384}, '#text': 7036}",dc.danglingtree.htb,Service Control Manager,System,2900,4,,,,,,,,,,7300700070007300760063002F0034000000,,,,,,,,,,,,,,,,,,,,,,,,,,,,,,,,,,,,,,,,,,,,,,,,,,,,,,,,,,,,,,,,,,,,,,,,,,,,,,,,,,,,,,,,,,,,,,,,,,,,,,,,,,,,,,,,,,,,,,,,,,,,,,,,,,,,,,,,,,,,,,,,,,,,,,,,,,,,,,,,,,,,,,,,,,,,,,,,,,,,,,,,,,,,,,,,,,,,,,,,,,,,,,,,,,,,,,,,,,,,,,,,,,Software Protection,,,running,,,,,,,,,,,,,,
2026-03-27T08:04:18.712379Z,26,dc.danglingtree.htb,Application Popup,System,2901,4,,,,,,,,,,,,,,,,,,,,,,MailService.exe - Application Error,,,,,,,,,,,,,,,,,,,,,,,,,,,,,,,,,,,,,,,,,,,,,,,,,,,,,,,,,,,,,,,,,,,,,,,,,,,,,,,,,,,,,,,,,,,,,,The application was unable to start correctly (0xc0000142). Click OK to close the application. ,,,,,,,,,,,,,,,,,,,,,,,,,,,,,,,,,,,,,,,,,,,,,,,,,,,,,,,,,,,,,,,,,,,,,,,,,,,,,,,,,,,,,,,,,,,,,,,,,,,,,,,,,,,,,,,,,,,,,,,,,,,,,,,,,,,,,,,,,
2026-03-27T08:04:40.402580Z,"{'#attributes': {'Qualifiers': 16384}, '#text': 7036}",dc.danglingtree.htb,Service Control Manager,System,2902,4,,,,,,,,,,7300700070007300760063002F0031000000,,,,,,,,,,,,,,,,,,,,,,,,,,,,,,,,,,,,,,,,,,,,,,,,,,,,,,,,,,,,,,,,,,,,,,,,,,,,,,,,,,,,,,,,,,,,,,,,,,,,,,,,,,,,,,,,,,,,,,,,,,,,,,,,,,,,,,,,,,,,,,,,,,,,,,,,,,,,,,,,,,,,,,,,,,,,,,,,,,,,,,,,,,,,,,,,,,,,,,,,,,,,,,,,,,,,,,,,,,,,,,,,,,Software Protection,,,stopped,,,,,,,,,,,,,,
2026-03-27T08:04:46.593678Z,"{'#attributes': {'Qualifiers': 16384}, '#text': 7036}",dc.danglingtree.htb,Service Control Manager,System,2903,4,,,,,,,,,,640063007300760063002F0034000000,,,,,,,,,,,,,,,,,,,,,,,,,,,,,,,,,,,,,,,,,,,,,,,,,,,,,,,,,,,,,,,,,,,,,,,,,,,,,,,,,,,,,,,,,,,,,,,,,,,,,,,,,,,,,,,,,,,,,,,,,,,,,,,,,,,,,,,,,,,,,,,,,,,,,,,,,,,,,,,,,,,,,,,,,,,,,,,,,,,,,,,,,,,,,,,,,,,,,,,,,,,,,,,,,,,,,,,,,,,,,,,,,,Declared Configuration(DC) service,,,running,,,,,,,,,,,,,,
2026-03-27T08:04:46.658451Z,"{'#attributes': {'Qualifiers': 16384}, '#text': 7036}",dc.danglingtree.htb,Service Control Manager,System,2904,4,,,,,,,,,,65006400670065007500700064006100740065002F0031000000,,,,,,,,,,,,,,,,,,,,,,,,,,,,,,,,,,,,,,,,,,,,,,,,,,,,,,,,,,,,,,,,,,,,,,,,,,,,,,,,,,,,,,,,,,,,,,,,,,,,,,,,,,,,,,,,,,,,,,,,,,,,,,,,,,,,,,,,,,,,,,,,,,,,,,,,,,,,,,,,,,,,,,,,,,,,,,,,,,,,,,,,,,,,,,,,,,,,,,,,,,,,,,,,,,,,,,,,,,,,,,,,,,Microsoft Edge Update Service (edgeupdate),,,stopped,,,,,,,,,,,,,,
