2026-04-05T19:09:55.331276Z,"{'#attributes': {'Qualifiers': 49152}, '#text': 8200}",dc.danglingtree.htb,Microsoft-Windows-Security-SPP,Application,1982,2,,,,,,,,,,,,,,,,,,,,,,,,hr=0x80072EE7,"00010001(0x00000000, 12:09:44:035 - https://activation-v2.sls.microsoft.com/SLActivateProduct/SLActivateProduct.asmx?configextension=Retail)
00020001(0x00000000, 12:09:44:035)
00030001(0x00000000, 12:09:44:035 - https://activation-v2.sls.microsoft.com)
00030002(0x00000000, 12:09:44:035 - 0)
00040001(0x00000000, 12:09:44:035 - https://activation-v2.sls.microsoft.com)
00040002(0x00000000, 12:09:44:049 - 1, <NULL>, <NULL>, <NULL>)
00050002(0x80072F94, 12:09:44:049 - 0, 1)
00040006(0x00000001, 12:09:44:049 - 0, https://activation-v2.sls.microsoft.com, <N/A>, <N/A>)
00020005(0x00000000, 12:09:44:049 - 0)
00020008(0x80072EE7, 12:09:55:320 - SOAPAction: ""http://microsoft.com/SL/ProductActivationService/IssueToken""
Content-Type: text/xml; charset=utf-8
, <soap:Envelope xmlns:soap=""http://schemas.xmlsoap.org/soap/envelope/"" xmlns:xsi=""http://www.w3.org/2001/XMLSchema-instance"" xmlns:xsd=""http://www.w3.org/2001/XMLSchema"" xmlns:soapenc=""http://schemas.xmlsoap.org/soap/encoding/""><soap:Body><RequestSecurityToken xmlns=""http://schemas.xmlsoap.org/ws/2004/04/security/trust""><TokenType>ProductActivation</TokenType><RequestType>http://schemas.xmlsoap.org/ws/2004/04/security/trust/Issue</RequestType><UseKey><Values xmlns:q1=""http://schemas.xmlsoap.org/ws/2004/04/security/trust"" soapenc:arrayType=""q1:TokenEntry[1]""><TokenEntry><Name>PublishLicense</Name><Value>TbS61NCsnIQqiwLra6mi9G0rGWZBSt/PsHnXj/EdrJ0Zo2dBmsq5v50h1Pd81GZuWNPPPZnHaXo4fF8aVyXoNz9Zx3aIl2rj7th2ZNsvhNTj7kGLQHuRbS2hm5zResKhVDRW+RUWmI4mOYvXQzCSoLfOYm1pghYRdpo+45ywG7gunaZLkqMbi5i/cg1P16VDovH9+AN592ikyzNbLPxCyZjzUAScPvgc7mJ54QzQr0wLnKGNBC2jFzLRw8zL4uM3is81OKgCS8kgGeAeJaRDKSRBSZGYLa7XUCHy+lykLrRjIK6lNW0kwwnl36LdxT+lE3deHUgnfHhoJQgLNBfo6wUQsBAYsgeTggUWC15E2PsyFKTnRmdbuy2anKGke5QidJTzHP/Z4Qou3rV90ITDVpwEUoeqBEep5YxRB4mmOKId+LwOYL5mrmkJojhJ6tFjqyH1NucTuYZ5TAKnv2EzVdBVpscAb2FXY1MsEq9CYYIYJzX+kQXe/a/8alLf5SEaxI078EMjcYzxPA6iIV/IMAn4DgV/z5dymWSpyhG74YWaKjPMbVUBQgwcF/qw3IHJ4VZYtJrLMYkBb1V61TucEgaBVXbSeajkdta2TpLVlvS/ExTpFmb4dIUw/m5ZgHR3G8tyTOTXd3az6TWmx3zbBtbApRCc5DVXr/ZJ4/HDO/rX546AP5b9/c116FAPc2YLbz+PguyKSZUJ5CuCfENhLjT/3hdLh8A9tYYfBffVPQu5af265qddlLlhvFn0I4XLBodn2uAn3k1vbOz+KDfOWeoaA8p/QbiGKdRubseWWTEwcA6/PDjaEXRqA98ZbgL3PEaeRsm0gUOV7xgNwCZ7DUPUT4DUcqhubeGJIo2SxP3ee/m3P5kRC/whRdmSojvi+YWKsufrS/ZK+5GhGHAwi2yECRubk7COqkiLdqYMf8x+sOkofIQE+kE9JQqasOCKtUPOXXsasNCb8sahkyH9XAbA3xruaRkVhLQtwmRzLBpubfYyJOkPVp4I8IMRLDkT0cNuOkg0E2QzSnD0/PvAUeR8TaGxyPrqKCl2/oplhvo2aDJ/IKjgQQ04aTL5iSPle1o8+0HPlYr2lapAud9p1BzjE0OPUsfXnIVbboTGeScDuhbuC9d9Y0M78h9KyUHhNyGmbpjzG7BNt4qOC2SSEgbCPjYe1FpR3NgDgHBYgjhqGr+d+su0xIhMBy4/8VLRnQv6sWitFNFiYmGVb1XJosc4kgofa9kNYrlNxeoXlvFDWzdc3uIspOBTG/Apa5KZ6HW/rGlEGhFfGyErpxSnfMt7jHEPsNONibnIWp2ttTMHjzIjCB7u/74wD+N6JQe4KJWuVQFVt9QdxTLXqFok+7jYlQFp7pcfsWvtPIig56YSh6iF/8eCxeHWDB51gnyaaM/Ah2u2rJGZwMSnSs0qZLiiUEIb5gIgIyd+mrX1PiJFM1wcnjvDGWvsevbJJYRcxtVyMYVRJWP0qOBRBS5ht0V7VutsU//hkh/s1S1Vn5UoDGuMGYCwJAeBY4EKcDRdVk8TZ/yjQzjysqU6+sMruiQNpFDpXdksJ/yUFo0U9IfrdGR2EvpB2Hkl9V9bEDvCBdv8hCeST+fIO/htQNWMfER4f2emaSZY6KPI1eRylpD9wdWEMmLhxfeG0jqbNjAjZBX5Z9ejuWI9ok94/1miiqIKsLbWIIluZZjPy64c/71fj88Itbh3rZvytkUtE5OR788s2vFS/JLHmT/5+/Rs2O3BjOZERKBjeIWRzCYu/v2NjtGte/Fto1kjM6q6rMFcUXJSh23LAVbhH4C6BgCIChrCkeaXd2oKRDRDpLwGSn0UEWxgBoF9QnyQkPZpgTD5jHFL6c3GEl68HwxlWUXrZPe9za4tH/VEvVMONlPjIoOajupMyHhTK5BRQZpE7bI9qS+2PFh9uyNYHDB+7i+qGUjIQXqIfeHhDegpwqZr+d2fBpHPZqYWGO6VfauazcfpIyiF6DQolFLqUXFORBgRKhOrykHk3bPDrG9ykKG1IwIXzMV4KeAJcNoLpotg6rFPyeYIm7ZFwHXL1hHQcFflFX6X/2dAth3kV5ks+4im/bAFnPEYcfteq1yF+H0NTSb+WOb8Y74Rk/tmaePyVsrYmKS+3+NWBtdFJsNb1Z7p+X090b/JeIJicVCn0B3Ut+5lIZSzpwZgyHwAmMT2cZxmyjcw/fEYNVmVi6WWwEx4I+N/GomZFqliNC1oc9MXarQGRgupnNGACn1CqpTKeszd1gV1Gz5ZC9znvk6K1RKgTAokJWOiF/Kdrww02GDXcpMPdO8DVV+A9fxiJXRoEKt09PyLEHj+6rJrXizHsYB/zIrbkvd+5Jh0zRdMTxGjj/dnsy9ZxWwIHVCM4fkqJCw6kbUBw4z6IJXhXDtFvPHE+cTCCx4eSD64yxEZ19ODIHW4gy3/+jriSeqQI+IX2Dkd8GDyT8jvJk2cJHQnyRJ9JjMPIJjP3w8kORCJjYJkhVeP6PGmWAtg5CP9YJpUETAOLxWf0hxEnZ1EtbmwYKf6sTslF/yHs6oSDG6eaeW3fSqt09kTLLv23hdkcJsQ93+MpO7/ZsAk7g7FLYIAhJS+wQiJlA1f2b9eIGDI7IKZNMXOcaM/Fw2/O6e5TO+ZAF3LRde+smb6DpSUwgvA8zUiG6+Ky8RpS8BIBxyHteiUE3uzGCouLyahZEEPTVLVP3gfuYRo7pYco80YG+EzF7F4CBXF9sojcxJ5/UqlxVu2OlEUIH/8WyP8nz2lALphlscgq2Ze4y441QzbPYcgvWUoyoBdLAaYglyDwy/KqqnQDu7HfrCM5yLn4iP+01UDowM98CjSovD6HO3SUzsL1smj6qn7i2VUEXpkmRLV5LTdauxXcvo3k8zLxQnZfq0G7opdmk2E6IL7xxPKJotdNfX6NNNf4o35RMmFvyM1YM/rTvkFRrwDW3jvaENa9Me16xR+lx4ghfMFXB10GOLCBXirta25vMSSwYkIKeQCZuWy+gwpbZyYlopzyixwiXMdQqq8SJkXsIQOZxv4yNnxXzZ4JHoupEI4reh/gSF32Afdos8CldC4oDva2viuSWSODJlp2pCqQ3YOwB3HictmL7zjQAjxFvl3f7HWCrloej15pkL78KvDQ1pRGgi/rPUTiyPOdIpLWWC7W1jKyiD7PfEn++TG1fvBVeqfqxjKtnxrur16+l/ibOFFtIKUquHQN793lsYo6FSV4vv+yKqytS2KsZrMoi2GXel+jGfocmJQPdAApjCIvub38VCyBBhZMl31mkBzmw81wQaxo16SYTJmOCymcvZEJ/dDHUJV1ZmCwjMsVgADz9MhptV5fUFScGovCCADh5NXrU5C4RBvC53Vq2uNAITzD6o8PR052TGHeinxFvA431Kk4/KFjlSiz5sCUSmoyaupf8hRmyflv4TVd1FSFIdwyEM+6dtIqmTkl9MqbHpxuX2q64Pg2BWMILLLIq/gBHEOwt4TVL7OIgmNY5mUME3sizYgGYYdgV7oK+x3zmqXloIibF2lpgMpdtuXBiYgCa7ITeQdvtgcl3u32ifBo4IcDvU0N3ENobxO1eWwLp9GvhGFLFkl/HQlj4fQ5/TvUK6n6PI3u3LVroZv8T/9rqYHSZb8U7q/R2olbKL/OGF4JqFY8bvfGESEbvJAarh2MtJghbVSxWwHDlwuSaAqB1nxtT5CBom+BhtK4dKJxMkybLN4ruV0UMHxLTp6u6UeajwlS9I3lADaSqWT/rjCciReO4SMeFnuNm7PjW8zdR4fk/e9vVNeeuqZR95qjRfcu7NX/9uAmLzE3k9TfpMln8HJNmPf7/PKbzS1S9SyM+tGC1AiU6O3OrPaitHYbJ+lk3LSAwU53oVZwtJ5guSrkBB9RxPrThJU0cAHD4ZHKPCahn8Idm8N1/etketU+JTtBslmIOYJC0h7Mq0IpSDNDEj7YE7gxU5XlGGcP6OosOTsSeqvhS8z/CITO9/jrh7ubQHM42hCi4XEM1qx5pCqFvpMgvIhZ+AwUgL7/jFPDhU7ky/NpugkUcc0MklABA1De8Pe2AuRcFS7OQgi20okYYMuSUXEH38k7NMfDPN8+qwPMOlaZt0PzrqlzQRwUvij4VpIbLlgGiPmbDYqel6aMzhmC1B/4eG7pFL4TpGgJYhGeor13m4gonr+Q0fvvKK46q616lKoyLPwZOwItvHJ0QGZVrcXYyYWjKyZvhgHiOOBtHJjnhBzDUOSuJ7W7GMMCGcgrGNEu/0oQpeZ4RlZOlDUNOTOLJcPf0ybjy4EpiSR8XixsYaxbv0ZnjkmjcRhdxlH9V/Aytd6EgsmH0dJUn2y7Uas7v5sUj24Xr0LdWOeGgWSMK2lEuoCaZdCrV163Dyn17h6dwK67qZEgkK6PokpMPART8mKpas3rIU8TANVPRP+V4Yyktl9m9iHz3EKm8lp5VoQSOM87bvb+YZ59znKPqK93iv6i92qi8z8BTjsCmAOWSQpfm7j4gibTaw+6GOFOdKm9STEZtAZppnhWzNb8TtuegvZEyvZLZ5ipL88Nv1P6QhKfd9fTcd4xWZ0Rj08U+TykDEUl9oVocukqukCVvyRDtdDfG+sddvZscW2w4SI/AzwAo4lDqnYxvITDx5V0uewvjGJreC0pJ4ZKFMOpYf24N4cmBj5j+mM3wFsSqqPV1Mr0qaCgafO3WGbnPxlENQ4f75PYc92XKAB9WUclWbIvgTAu8xF+6SCXjQnhMRNxDtBJnkmB77xZA7yFMl6XI2kFAFSUl7Li5oJfsmF2auyJq6ZlJHikP0jDlNxj/NnDBjGFLXFXoMBgukgleei9KrPoQcqTIX5vZDPFS/IliJ6uQh6tecjn+4dJEZxlQHFF7gKaPDmkmRf+QeXILsRoAY7hJK7XrdQ9C6wA3C0sy1e0xM6sg/pGVrFLohR/RkNKmCNkRYH63oG43xJCNcI9IsSotbLY7BUTas7y0t0ozsGnfTCrPEQVSnVPwivxSbvnPPiWOWLIqPvleSOf22iDDNb2bujZ6HzJW+QKpIXuCxpLBDWi03X0jnyI4gSc9cfqEEDK4T7o93nbW9RQF0ke1DOkd4oQsRlliIB5fqs/CS3TdHRZYBagz7ZvwxJupX80JE7wzYTn0Cefi0n9+vr63Tief19jLZa7ZL1tttD4nqqVDTOwzQz/1OiPnlCLHO/UDePMb9oQAU/sFVoL/wmo7b+Ar3YvSvcP/O8v2Mp656MoPIyd1mJsS4sYBMMr0JR3BjsRYYpRb2xcrlkp9sSL/7CnqdCaz8er9ebxwUiINYz9oQc3YvA2Lu2XPbAIuqU/0l8kzrYprtO5Mjsbau1tTkkYecrJwDWMGtblOEt+wKpXXQ0GB4l3vGxcRgq11lO0RqysEcHRcqFUVa/YdtYHozUKTkxcnJNwmsHDFX7yLfSwv39eynaeLURcXALZUQBtjOYICqti8lAxLethzA226g8MSTgHfqzyyO6aht/8tki/OtC9RizZ1zhbedYTemYJqjP+MksrK+yjJY6f0JjbBYhM0rh4QYynvP9Z4jDsPrVPZMyQKDThElj4VAOEdMKxbzhXpI6u0+X7gQApUthg3+C7lQK+idi+g25K3HtK5VEaRwSj+vaYZoMbpqP+Pb7MkdhaIQfhEnA4YbmP0DhJIoJj1JRYvK76kcS8pvXjX63yKKPWh53bByR0fQ9H94/Bw8eDk2XZYgpa3tR8bw9ZL0d1CcUpeQDmwHGF4wA945Xfr8jIWRWdKUz8Nw18TskSY5qF86CL0byOlTyAHY+m/1XWKpuooMt0rvyKV7FKl4KTAheKc9EULgZTKSBtQDeWV9mlq+hyC75ZerG1X8PQsq0A4iQ5YEjSbYfyIAh7syyPppymQOKd28o1xIULUYnkx2pS64HDw3DtTa2ZNEJjMkJOnjwJWtTbLGoWQoWXGIGBHDcOrv1KKFUGtk0uav39YnVQIOcnB9qyzeCVMIMGyGeZMtaUVIGS/GHoaARNiGsd/FlfbMFC5pZ8I7AQXMaXhAxC+cb1IaV3B3I7kZ5UklxCwjPcJIblP/escI2H/UiJs7xUJrHW1C6YEV8NsklJxQp8WnoG0eO8Og9ZxFSxYd7zoQ3HamSYhOqysGn1sj5VuKQbEz5l9jd/o4o7gZ7o23h4qNKifmgv9LruMlXUWcMTwygVP/5N91nfDL+jvf3CgL3VmFcjp2ebFspDcwOFkwwE7D+/y6gShQZRNlUPFoncxhRp4MqlSsHXDcfNFsX/o0oqn3dVAodK6fgC1xFLbhaY9GoH0MajGZRed36loK//angKkRvwwWdHT+p8/9M+TRB5RR2C9GTJmX6oFFimnGO4sHDJpPvb6uy10244bGC4/0bCL9nMVBbtv8N5B8IZvxpYdmtfF70buAw0LPEI1yi6/H20nnO6/ky69T5CP2jmnuV3gN6n5JyH4uAVyFyRxw8++2zOf/ZWyKWqtrpI11XfX9/FYOGd6bgo9ucOsXJIMiBMGAorfnNE4VZw621bGFlUpHKPIndxCWXzG224CrQfVgEGXaKq7y6HPcMuzFpAzvnhbyjZxj4A8IRQcS6cDw1h6AwaWEcLUT0pixx7dG+wjEfvkk/7NE4e2nftqUCqNYCqn84A74k70qzffWfrNBhs2ryvnM5BtQyAbqGoGLRw+w2piTRUiIOrgU+WpCsg56D6YHzybtnJIiu6sNGvXw8rT5BYr1g0ygs4kE+C5i/ZAuKM+VoHKBnwZ+BnfO8XES2vvFOgD+96hi+5w77P4H2BjKY36nF37wKylkn+f0cZyyPR9eHIhGCrqOZPfBQKgNR+6NSwLwV7MXWKzten0okxGN7I4hq5P0t2qbEPOZP0m4AhJUVK8/ClkO4z58qBkk5BmzqSLNc2CS6OBAzB01x4Vz5CGvWU01GEm/U6HH2FP/PGY/wTGsHIuyUQvuJtH8B8PDWnMBDHgJqnueLeMwMTrP92eHgrlNXmCgGsZzKsXcnDZklUdyP7R4DJW+XMSTfqLsrtkGwtVdIqTh1mTmUg3kslknrStuwFY7OFLDIMtVh473R6b32qbSAdjAW7GdYmhYHLjtpbMzwUJDjAHu60L9pAOICR0/endOxCVXTTvqR7ar5+s2ENi5ZCZP5Wk1GXnhwQBc0AdE8DMg/FZNXp1sp7DALbjKnfPNIvjyrlUKlngZZ6p46Lnv6vGOzv9J3rmxj/MHfYUVw9fihu+CznxXRu0WRiIZzDeEld3Act7iL+NrwtVYKwkCfhpyD2ePk9r7HBtH8MP7TNZwjPR7GqukhKG/Jx2ocamBdGuccPgWJhh3b9oHSGT4dLAeeduaeJq3IyVVINVt7L3bUmfB4HzRd0XeUPWM+GwBnZwLMK9AmrGQCrIv02wSmPfJ7SejFakHLSqu7oitMkzClM5stcxB2dxIXDtnk/+DVju4MEOtpqIA/aKgn3BAE1BnJqNAP/e68oSmYiV0IQVDitiiNv2ko8UJ7w5Eb0+7ixl831m9SsbjBsNuOoZnoZdseTkBg/8n3jScIz+lpDZ/i4niPBdRnt5sI3STBhP3iCP4b4yOUNbb87AwwuUthpWT4OoaPOLRj/KvM60kv3jOqd+jiWoCOUpaO3j9P2rJfV08YMBYoz5ylTgxhsqWZPDhMv+WCxFpoIE0e05zRvVEcAY0uBqORHLQq2R57Ah79hRZC3rj7bbMy1Bopb5MIJeGG26YoAG7zcWe0SiCLuAZOk5iTgd8vb94vGJEqE5BYfAqjMlD8hpum/z+JAR49zjj6MFZ/wJAGM2Pr7iTRoe0IXOYZ/XcyQf/AqlPliyNBcTFAkwlFqbpxOAR60XDxKO7zOkwDvKm48J4RTjIz3OxZR3yQHE5d8FqA7Yxy1NWehAA30C6nGTTdYJ4+K+XgchafzwgpnIcPilmY2bM1myyiNLFEFSqoVcyUcBm2rM70+NNhvVQ70E/cMPeDtstAoun/3vnsEmXKiZqwtQK6stws1kXJzH3Lt3ugdBSzBl4D5VYVHx0YhR2KXqwPFqmD4nXXQjdmjEQx6eqxsWpKmcYwATG2Z/s12KTis4ApR0J0LEsJBWvPyvhH7WsnUebHR93h8URvXQKjpGHqRatgZiVSCt5pgXlOQtoEnN67uFzty8h4Ldcz/eKHWPynunPhQiGGkrwpRcmEs6HbdbgrysfkS1tVwefW3FDFxLj9Au8CBWDhgieaac8vrGWIrr8zIK/3BSEtXafWA2vxmXuPUudvwSNDYTcmQScmIx+QM6bYBw5JN/CIStv3GOUjFC3hd8/bVlnIJ7JaUUS0mkmjtRdvanSfdBVRp2xyv4Whnu6lakzsWhR3MP4UjyUQlwoS0RR8qnbOlCFpcuPjnioT+jEnmlm+BWz7Ai/Y4HvL71QCa7bK8DrVMkGeqQwGsx8AkoTmO2mVtRx1BLF1BIBWbdXiVRiIdMvjEk/LxMBRDHP4D0bobzkqZvFHvF2sjlhMyEDb5wDQwmdM32VfkbO2KoBjynd1WYmybB8MPZiurkHUAUVZax5dOG0aRW293afIKeS5/rY/qaIB6k1jWyfSPnvtHtVc854Yq+TPMonBea3eesNU/0VTNgrIHaEv4hCxk+nXEpsqeiMLjrsMeAsIffzxLG2hvGaBzqRTp6s7iN7MTcod14Ypu56cHFjqfyXQCFect9jahj0llUvu4oR99CO3/4w++CZUu0bb9kRHlro8Cp5IoDDXCXRpv0083NaKQjm0k/I/tbiMb5gTHHbjpD/dExLO906+FJ+vFsHw1QMKLaMUX18iCv2MJaDuZZ2oCsUK/t8XOT5xzzmvm/T20i42QOCc4O87sdpA5a9B+S5xapRrRO5WIqNvZb52X7Gwrp4HdwQHSymeSbr84A5MIvZc9oCts8WufSvJaGIjfPs+Zj85miuKe15CpvUih/o9QDi3ey8DJD7smgPDLQnmEXYO+E1k9sgI8MgHCTaodvFxDEWwC7RqyBKr1JSYay4LNkHTQ3wTStu+NmyPQt0xeBkbkOyew99j7P+pgijHI7giBy9j7TbYiKCtqBT8ZKPvqengiiXNrGkxYSz52FfXca8HlyA2fuVFV/wObonmd7BbSJmvMoPSsHurOerc7iEnyJ1icPtygdH3OHtoMayQyLWUe8wolr7mHQ3o4AbQQqg7NVXBUCWBJY3FPWyMmozdjuMLheri3ehyrC2x4baqC3QhyBhYtKOwBsuEf/733q6Pf/gm5RuMJInFff4qwqzHzLQMwEWSgBlsA3mWMaMPjf5xITz90qv/zo2ZyjFYQrLxsCMS520+5iQ24SPze8rkUYeLXu2hh/h8rbj2sEiurXEqjLfsbYL3BCP6D9c2lcQi9lJx/yiCCjRM7LwfrAAk76mGJ7cGMhJE4uA6RDuVObMA9wyknJndaKUw+GuQKaQM1/MbfhxuO/vFZczy5p8IoJXT8EQEEzybNA04L7/h9vfIRDiztiUzldmhFNB9sGPR+awKxoyb1YtMcgJ/0fhCSe9UQpm2X5V+fdwEvy8+tcD0fBsAE4xOixh4B4+OaN0e1Kj8wLNtfJklRKj6n90l7+gWFWe9wI/X1huRcEUfLDen2F6SKkRdbZKpltPb7GF0ooBJEneMOWoxLmGownUdFp5SHsElbr3Yx0ZrU6+TNazQCakIyW93N/lf51XWq3i3SIY6Px4ZsY+r2zfInAd3zoXI3Vm2MZTh83tGMMGawXpyDOjoaZRJQ6vgfW0bfD4/tQJt8FU//uD2nBRBjadlDm+CGQf4jV6mBeXL5dP2D0u1PzCVvsESBv8P3IDV2BSvUtmEjnSWoQsBZU8H2XkS5LCMEBn6HZXKoHykdqStYGOTq6S3HmQhNDRfrOHNKds6nPlWb02WnXsMEgmElDHyfYFtPeFGuhmGH8wl+BRw9yyAu9tE7vi1AK92u7wq6yvqFRBpLqSCPDBdiHMhi9FMf189b5BM32SaBUkYJajBK1xKB+MnALbnNA30stqj9VhaREi2Z4H/p73kbdpek+5W5uPvKUNriNrgW5zzotUsfSxcXJ/hiFgk4mKi4wzFGHEfrRreYVan4g2fqOzgeEWLUgBk6dQjTwZ62JWHItrWIxGnJdUgID1dp/SvbyumLDkBvZ9ktWL8SUiluZ4zL7b7gzXa2aZ9K/g1cbbNDbDWE4lYIQEzrzTdSaGOeaLC4aMFkBFbVKwKL7fJjcfYkkzqPwFtYogdANZ2/ks5cYJL/GtKtGt6CP4Cr6kw9cooEfRbIDbeWSmhVTtPNbHgBRwl9oIXMep6ssQTjPWdhnbgaJXDEPnT5ewe/A8clwG8mkYPkZAvVxG2BoYtfHFjvYCHiS87HCgdtdKzpDK4NgQWSVjcZDQSnhZuoJYynoJhgpIYtIXPHROI9bsLOQrQMAntRxJYK/fDSKzicgzja/cW4/rUmnxvsaL3L5Neayp7dtx9vVS7TwdXGSaqgEXvs3sk/Rqp6ZoKictV8QEQi0jcSF/PsyheBIRKR+xlqRxCLVkJFR4CHHdkA9jiEp36QXoWv7r+yAfqrBWGQ4l5Ad1KuFLEBDsyQdqDEluMu5N6fgKNxpwKM0YsMMgn82sRvbgC8alt6uF9UovofLzba8crYN/YA25fPAc7JtlhcxuDwPZF/JbL66TSpxQ0LuuquWWkpwVcG3eZhoCEZaciz+kqsvaoharJTg9INgXLl6qD6zHUzCJprj38l27mjg82LKetIMag1CB5OmY9+bQecjdX0f05kk9ZCneKRAb0LbJrMxOy3QHvsFx0oNUyGjrk0L0XFZlrKZs+yOl2nrnwsmrtoYsRoGx8Rs8ZdVotG6Bi55PovPSqkBaWyzTc/6b2v4PkqFUExlWOdTXS2FVMsyr6fsJjVgl6XK8+lnZXveKoHk0rm6K/PDyIFUJ+CTZPx2ovo8veKjdVXoGaDLs88AYxLSfUd0WfGvrJ4z7UVrf0aAflUzuH1tTVtjH15yhyBQ/IBp07Q23ZAWJ59P84Onm0vADJnzml78NadV6OvfqpECqiE43JtEilhKbdu1tq3fFBosyD4gmYPh0GTvgf6F+nu46uTaw2khi9PIKtsh/eDyfVd0mhrWovoi3/TBLPypIBSrPkYZQ8Ehyao17c6uFNAp7/yGfAK9MErYkBKGV7HzORmIjhIuujLvge6JMx3ST57QUg+0P/A9wFd6V9fpjRD5eUKNhb0AzGrbYPAT+9bHQxI6ztzkUOpOYyOlYztxGba6TEq/ggk5zS7E5krsnweMrsIRRLZO4c/rknngjj8BJ2SgaCPFk3pSiodi/GEFQ+XCUdD/kIVNh49GFDjZR2hBfSVQ+sFFTMdniTkZdHmQXEv57gJPxxIEBatJbSu48unU3COSn05Y1m9d6aFkZusUImwjMTdlXQCQHkGH5Fkxf11H4bok1pRP0LcuNnpW/37/OEz31bJEsGSkJvnZnDX4aARRE6UHGDRZts+mqyfi4OBLjJUbQaXkGn1Aby0aC319W54uTdAVPZhjtXlZckYCAOHCrGWUedeNptUZoWFl5r2egQPe5rG8eSJfY9JSYwzH/HIEUVcAonUTBwpJjAlIgqA8Ob6x1gEyFdnKRpfFhXoLMxdcaNYMVKrpsXfoqRbK42zyP52XbYRQ+hoAZ/4x47kKYxlOvh3cqDY2d4s51E2MyQAssF34PEcOAMvcsUUmgD5xcJm9NjhGQmWEzNNrZzv8d4oulDxRD+9tXfnBpsIoDXeS8yke5Iw/QPriq0lWzTKCbRCjb7AxrZX5Dv747SEyT261nwqj9i5ftPH0bIIemquzSuwdb0xKYh/9LTzId/MrPhA/OZyvk5nYeskC20MMzlE79VUfu2PqMyyWPnebzp+XyMeaspkIH/CQucTytCm52i+vvkdWMTbctIXgS0WykKLDq3QyO265y8N+7l8Sf9f7AKqkwP+CtQN7m/skWD181Afzz+R82Haj2Y4gxXCKoV29VeBvcg1V5G9DqJozxIddWMij++74ufCXsJ83k3NDz2nYpCMre2RV0KDrU++EWUU3sTKzyQgvB7C+JMLIrwuyti9TIvxoEBy68fmnsrfAV9LCzOqUqE8dBqArDRaYPkLp4TLsfeP7N/qncYwAnU++xSqRxXn5zU0pSTRe8QY82j8CbydCRfL34/OZMImuEdlR81YjBKlmH/vbVbIbVVShmKmm67Bo4/eAmm+wJzIjVtRcyWmzkhclSVKcMtyFE9q71VjwVCDth13VO690wmt4pgNqEh1LcgzdNwGy9mrFYISvdIhspcozKHhXxUkX8jYmURUhopB127xL1M7V/Vz/XvwvpeWugCWS02kdkUof59FGu5bxgopN8vSYOU68cCAy6rpWlmUgWNAwQYTMZp80GUwzqApQrZwUrg+omriZocJOvUXsdKJCJlyzEC/j9IDaadN+KpSWmTOX5dZaZWEeOywMyNNYc9qs0CMW6+5OzVxWACGELukmbt149KH3tHAa3WtFRe5DI8IbDcszoA9yH7UmA63yQn8avnraEANCv5FuYIBr0EeMPjWNJnyezQESxq3lqBV8r8zILxJjOZXUQBC4A18FPYD2XenYPZT4fb6mVN5472uGvSo4x3kEhq2esVOElY9w3GnNpTCuNJuM1KdY9LWIVZ284voja81kfC32ni43zO7rfVYLhRPZJvrUWlEMiHPpnjOI+Dc9rUcaCe12kN6hUf+DK+7tcuBvzMZODrbuI+PXCT8cdTcwB/h6maLSazTNs09tdOleBhKCcTMFIp4P6U1NPyvDFfi8z20ROcc4FBgb0YKc4ZvTiNGnL2+6pkND4d0bCTKPGOUdyK12xjYLU6/pLK7YRquNqHl0xA5bVwQe+48xxcLvDVZckmIWNQ5sJBZ1SsmKAN++MuwqxbV9nLaukc9L/4fFPtsWrn0i0IoAsYwGeLyPzo4byy3VuDKszSfxUAkDEALTAfRT0GbWPAzOVwjQ2L/LVWdN1ijzwXmbQPCVL6//GIe3B9qJwwGNb5eihBdjDATfLK7Yiv84+If8LSgWwm1ZLAZE+RBEzovhXb0jwgYvP4bREvnT+vxsqywe/HmTVw1wVkswZhyeeE0LD1ICoScGlmPSNMdx5BlYEU1OaFEnKB1YmmlxCT8ENycmslWYSJHLvB+jT2P+WqIvGJaDw1xkaf+NrmldCr4K/VlWL9UzCNLtjd1cUCIcH0STDWpF8YISY33k01GgtLsndiG7gllhQeJbilKRypa/Ak5BsVu/TeeQ3rhAoN554xXe65g70iJCXg5HH9Dd0wU/tJSEY4JWEVmKdAW4XAjAXmp1ecy1tS0K3emEa/jXuWRJgF5/8Gww8z1RSo18JCyirBvumkhNKzXx3Ag9GvMS0JVv6XxcWiMtI5AE1tWs0pSQAw1SaqT8Xs2s5uypPq2mLLNBLKFONQqYlSxrbd7kGig2MO/r11wE/gG/dgzYQoOYMIcr2GbBwD2iueI4i4lZRm7f1pjaaAlDMXnHrrJYsXL/s846MIlYxzfSf+luN55wcTVssaAEblISX5BQzAt9Tzs6FCpLb9kvutSBUBWvHc0TWYcZjUGPzggSB9UckkNq31YHnwQkFOocu3c9+JyMX3/TJ+p/U0EboC0jQ8vetrba3EVp9OMRAWOvGQ9+3hbJWFJ/kuWnOVH1URnZWikqEP2+GuKc5ZBEwroo3PybooKDluurAce39NNgCgKJMuEwM5rt7SSZJ1xlrKlHULPsh7w6+Y1ABjAEgO7u5rGv3JJul+dXEDq6rTj46qhClRXWOhgR9bm48IQqwnUBFOelp7ugsRNoP5TA4rMub6vlWMdZjZAFEVwVzwSZ9lwp6gpx3UD1nfKvN29W/SdcFsBhyKesNA/fJGOAkpDVeqnHXqyCuKVi6wuzfk2zO4mzmc+p9od5LBNeGIj/SsD9qYoJXf9NXqShvYtRgxblvBtyLiRAmQn6GNTgrbRvICU3YN6l7eJd8FZaORtY95chzZ8DOORYdWJz8y9W2O2TvwtkhscOKCTMe0BCuTV/8Fhcb53nI5TcmI8hGENJwmgyntzAD1kcRGcCx8I2+p3mJTwOXDiOgKNgIK9I9ju0nyGdaudDI+81yH1sQUwOc2moqcWRm9WnmrqU2vMGK/kAnID8ZQv/1OHp7r7yDDJ0TndanI9wjtVIm7hpHu924Y5uIAYqs01oupn3L7E5kLT1AC3MHe6CgxAuFPj1NZoQ4AHVSf7pPtxSrpd9rG10Ovik+tMxxCgS/PjP0Qc/jxnA6IJCmishgsgTe9TKbEuEhVzX27b8/HrAHHfYTOcrAlLSzYckszH13/tLeR2atwoqxUF1d0cP2zRgElDVsB0OEQzBe7Lj8WEKvuk4ZwcHeRk8HkKGFJJO1QZ+UsB42wX+ge/z+rOdBg5uWJB9Q1i5KRYUT1si4LHo5RDEAmUVuWO1ZeWvL8IukQiaKR16/HpocSp3Xii/H0JH1O2+oDI645I1D6Cy+yygztNtbLnFpOUsUXv5QVD9hcmKPjW50h/MWI/7yalkWw2WxOKmb4XKxuLlysG7eQOphZti5e5aEJxSf36Qik2A9Rrdc0N87FjdbGIKRrpWkXj+qdtS52Ys1rO/lmIZT9C8IAr0SIDX474oP0J/gKzumAMflbmO6ShjSr8jTLSNDTsrbeUo7YV1cd1sQy3KzIFJUIcgyC34piCrRDtiMrdJODE5LjgU3nx+BRQrlqFxEV2GvzS8jSAw7x2Z28T4B4PUxzsjXjBQy70bP/JMpEThyRh9cJ/dSK49Y9cQK65fgeoy5ZptIpBMshVuq5g2SNEtP3b3A/4jLf0v+5Ki64Kn+dGuTmGeAEinWDaCBwweK/bhq6UzTs4hCY0KNTNcHjnxr+ewP0AFLnWJY7HkMMj4YtFSgbqFdOqKi7XHSbKZv8GK3snEUSmVXINzw7AFB57uTSXWHRt9nKyEeSarSAoBuZX2AGf3vPR/Wssl85/Iv/nSI3l9WPEBw0n28ZTSd15QYWsiUrgWpbLW1+MQx8H/TUDaFxq+H6Csia665n5wsoFw7mq/+YtCvUAznw2sZ9EYWtVIW1Ji97Y3VT6gTOsz0iZfSohN/xUySz18ii1uo7/c/rZTVMXgOU6WdxT23ybchN7bZO9df8dJwVt+u7kYWo3uHtt+INFvkt4sqLXmQ+AlVgwcAtl43fCuCpU0jyzCsP/QByog0GzAD5cGOZEKDcpccRMgnP2zxYVbFP3dya4tgmihs4S9VBG97z0WUCnTotMEOnPjRrkHStm763cZ/AfD1LDs6RCvbjUtVLbu7KfegxvtFPy63D2VEEm3IWpPaK5UwPDmEDQ624K0vzqEfQwDxHlOXzc9ahTFW+KYO6E4+MeLBdFHF4iHIo9MRgIk3TOJY+Vsryk5pQDAfMr7mB2YM2k6CrDgQ//L2Mi8F9BUnokdpo2AHiy617ULDQaiwfORW1H3ZwhlXFRRA6+XT/yGyc0n+MFhqMtoIv98ecw0SncDc4C/ktXsz2PqG9vt4U4KQuD0DdxzI0JdewpXEIocxpluJgJ4ZGg2TptMgUeItOxnzWXBy9d4w3vQbYRvPjcnQVKlEICR/rdyNKdq31mPODvjzvLCAW2Y8D4DcLYfWxy82UNI0FzdV4ru5X38myUsa2g0DUczJtaKgOAGXYjqRz99aRB+Puy7+c0L0EW9XIUQBppCfEH1Z+Jm32NBqfoRaj8X1ix6DBgh83IOz9+rGalmPwSeivtHfB19NEeu2HQqa/ImSRtITZ2zPVtvcdSP+lMitg2A==</Value></TokenEntry></Values></UseKey><Claims><Values xmlns:q1=""http://schemas.xmlsoap.org/ws/2004/04/security/trust"" soapenc:arrayType=""q1:TokenEntry[17]""><TokenEntry><Name>SessionKey</Name><Value>Zd6vNkSqUD7wtsJvg46PwVylzvGOsDZDgPCN8s1a+VB4dpUmCm+D3cC5ZxoGR36VK4fOX4/6+tysQckD/FG6nJofDkkoQN4N2l0ykHb0E1axcLU5mPRCaYrjLmGtxvUWE92z1vhuRlm3vKHLvTo6TSIfCz70XRQe9Er+Qt8kilsjzy0ftwpvuRQC05LaInhMNTFvS3YATMutaJ9N7fkPguxMpq30S7YTXnjzPJc2NjX0RwibP6Rz2FPil/agJ6XLDJPdcUJni7Sf03hKT3KS4XjQ+EiDsfpQZPwACflynSvwlFvosPlfaps4rENzqtqnu8FWXoQMG3oCGgyOkDzvyw==</Value></TokenEntry><TokenEntry><Name>BindingType</Name><Value>rTByDJ6Pc+FRhUt61c8dZ6VjmBugBO+mwg3avN0vpaA=</Value></TokenEntry><TokenEntry><Name>Binding</Name><Value>TvYi0D1jwDtsAg5aziJRzYjq2jXyT2WGxODD5B/yXKQa5y14KDeP62+Z7CJXRvIQSnzRiftivRfe2PwCgR4xHtPSI6oUMWaqrY42Xc/ba5k=</Value></TokenEntry><TokenEntry><Name>ProductKey</Name><Value>9e44IhrDaayqxuxxw9FZLSaOXViN1HFYM3lb9TOovnw=</Value></TokenEntry><TokenEntry><Name>ProductKeyType</Name><Value>rTByDJ6Pc+FRhUt61c8dZyDGMRXQcY1bs1JrmCs2SRA=</Value></TokenEntry><TokenEntry><Name>ProductKeyActConfigId</Name><Value>c1RqePsxSoZ8xnbTJEDKn5A7XL6+IG0VlJrV+uR8yooeUbTZ2VmDAPSTpzfj0Rw26nha/oUcrldRhxqUsotznlVl81u0cpdzYC9kfDYf1VU=</Value></TokenEntry><TokenEntry><Name>SppSvcVersion</Name><Value>FWWlRM9yFIp0ZhtSz8bcpA==</Value></TokenEntry><TokenEntry><Name>otherInfoPublic.licenseCategory</Name><Value>hetA/Kw/qywGTCrU7WS05C53KVM7QdGz7tEtK+OxzDI=</Value></TokenEntry><TokenEntry><Name>otherInfoPrivate.licenseCategory</Name><Value>hetA/Kw/qywGTCrU7WS05F2J2cd2drd/7Sx9btcE00o=</Value></TokenEntry><TokenEntry><Name>otherInfoPublic.sysprepAction</Name><Value>ySmo8lQxNTg4veV8RgxFQw==</Value></TokenEntry><TokenEntry><Name>otherInfoPrivate.sysprepAction</Name><Value>ySmo8lQxNTg4veV8RgxFQw==</Value></TokenEntry><TokenEntry><Name>ClientInformation</Name><Value>g8/DJg7gpxRx7f3GIZQe0cU0jVMDgFn8XF5pyKKsbMdHx/ZklikUfDURwvpVDhfm1L6i1oHi+901aLxG6JrNxw==</Value></TokenEntry><TokenEntry><Name>ReferralInformation</Name><Value>tEifSp9i0wVcEoR/qf1Dzipx5hWbfLdMszg1B9U2k0DpaB0QgAhyy9pKbZ9TmlRe0dWu9UoxW4RlwFTTXp275g==</Value></TokenEntry><TokenEntry><Name>ClientSystemTime</Name><Value>bRMBp1Z8zIQQGw82rEX2Tg9qcdWs3V3k4qFiSF8Jm0c=</Value></TokenEntry><TokenEntry><Name>ClientSystemTimeUtc</Name><Value>bRMBp1Z8zIQQGw82rEX2Tg9qcdWs3V3k4qFiSF8Jm0c=</Value></TokenEntry><TokenEntry><Name>otherInfoPublic.secureStoreId</Name><Value>p2bOgUnIJL1xvcNiCFMOslFveG6/EnGuLgDY4Z7MNYyho23XdMjYGXX1AUJrLxFx</Value></TokenEntry><TokenEntry><Name>otherInfoPrivate.secureStoreId</Name><Value>p2bOgUnIJL1xvcNiCFMOslFveG6/EnGuLgDY4Z7MNYyho23XdMjYGXX1AUJrLxFx</Value></TokenEntry></Values></Claims></RequestSecurityToken></soap:Body></soap:Envelope>)
00010002(0x80072EE7, 12:09:55:323 - <NULL>)
00010003(0x80072EE7, 12:09:55:323)
",,,,,,,,,,,,,,,,,,,,,,,,,,,,,,,,,,,,,,,,,,,,,,,,,,,,,,,,,,,,,,,,,,,,,,,,,,,,,,,,,,,,,,,
2026-04-05T19:09:55.339469Z,"{'#attributes': {'Qualifiers': 49152}, '#text': 1014}",dc.danglingtree.htb,Microsoft-Windows-Security-SPP,Application,1983,2,,,,,,,,,,,,,,,,,,,,,,,,hr=0x80072EE7,753c53a2-4274-4339-8c2e-f66c0b9646c5,,,,,,,,,,,,,,,,,,,,,,,,,,,,,,,,,,,,,,,,,,,,,,,,,,,,,,,,,,,,,,,,,,,,,,,,,,,,,,,,,,,,,,,
2026-04-05T19:09:55.642935Z,"{'#attributes': {'Qualifiers': 49152}, '#text': 8200}",dc.danglingtree.htb,Microsoft-Windows-Security-SPP,Application,1984,2,,,,,,,,,,,,,,,,,,,,,,,,hr=0x80072EE7,"00010001(0x00000000, 12:09:55:605 - https://activation-v2.sls.microsoft.com/SLActivateProduct/SLActivateProduct.asmx?configextension=Retail)
00020001(0x00000000, 12:09:55:607)
00030001(0x00000000, 12:09:55:620 - https://activation-v2.sls.microsoft.com)
00030002(0x00000000, 12:09:55:620 - 0)
00040001(0x00000000, 12:09:55:620 - https://activation-v2.sls.microsoft.com)
00040002(0x00000000, 12:09:55:626 - 1, <NULL>, <NULL>, <NULL>)
00050002(0x80072F94, 12:09:55:627 - 0, 1)
00040006(0x00000001, 12:09:55:627 - 0, https://activation-v2.sls.microsoft.com, <N/A>, <N/A>)
00020005(0x00000000, 12:09:55:627 - 0)
00020008(0x80072EE7, 12:09:55:638 - SOAPAction: ""http://microsoft.com/SL/ProductActivationService/IssueToken""
Content-Type: text/xml; charset=utf-8
, <soap:Envelope xmlns:soap=""http://schemas.xmlsoap.org/soap/envelope/"" xmlns:xsi=""http://www.w3.org/2001/XMLSchema-instance"" xmlns:xsd=""http://www.w3.org/2001/XMLSchema"" xmlns:soapenc=""http://schemas.xmlsoap.org/soap/encoding/""><soap:Body><RequestSecurityToken xmlns=""http://schemas.xmlsoap.org/ws/2004/04/security/trust""><TokenType>ProductActivation</TokenType><RequestType>http://schemas.xmlsoap.org/ws/2004/04/security/trust/Issue</RequestType><UseKey><Values xmlns:q1=""http://schemas.xmlsoap.org/ws/2004/04/security/trust"" soapenc:arrayType=""q1:TokenEntry[1]""><TokenEntry><Name>PublishLicense</Name><Value>l16kWbIdy/bs+LPSF3ZI2+rbdNA0G8iXVcWsKLCyth4xKSmZWyLwkWAPI9kEAVWg7EA9Oja4S6+VcRJsUBvfYWJXUZDRmmtg7O937zAKbuyJk2dYuJV1hbrigRu3N2yJg5xvV0DFeg4OYEWBrN0IPz4SlLnK5Ta/Y7rRDBxdSlLhEIx7mcMioXb0aAKf3sQ33trc3QMvJbaPyWIiCvAO9S6mFoEVhh27SZqD+4ounIvPeLshI+u3tsOazxeP5fOj3+0ESebgjsnkJO2HDd8ariR9Iim13uRhWOgfN16VKkGaRine8j/82sh7Pgdo6Ne1NhAIYHa9wOiQs1BA9KCCf7FvJ9stJ8GS44YgP+RNOXFZ2/N/acsNmwQDOp2FKxLDrG88IIoJY9GvD9PWQ/Oi1p5PK8i3QGhG1z5pQ6PMCU3vXcnUxCNvQUZjlwpYzvBORdd+twCAk8RHuwI9vtt75XjfkMYXVDpriJ5sBhNPkyqf+eTBjnxKpiFoxDOjnXV9m+2geGHHVsfPp5kZiBS/VB9JVuj0Zq/rdeJB8vkym7A+OPDwjdnfGzpdGkz5hFwVy9ICwma3izYXYNTFWgib7a9mauLSs3TK3BaFLohpJn+iH9p+CfY1Sxpr/KhymWM/8maozmKikZMD9BQWOHutbJu6xgt+irMjvlT4ihokELGYoz82qENZIwxv88h3nUVrfmNF7inuFZBnAlC+j9Q6uY3gheWqDlSqJLcc/EuUZzo5A2IcoorGRT4vFhkvtRYTrkcJn1N02OWCqpmEp17ZCjVR/4zoDSTKlOt8stxDoogZ1RauXB3tvJNHOCM6Xf4ulZq1rZ7A92IyV4tk4+QPBuE1oi9eT0Kz/VUvtFz91bZKF29ojeXt/4weHV5xdhfw7oMl8pR18Nw52MF2HN28GRLcREYvvaXF4EEi4wqsxSC8Xq0yoxhgVv81cBgvjUZNLbp/+IuH9+KiJjePZ+bUXryMMt4RmbfkG976StjPJUnlJ7Q2xfV6LGH5fJuWp138vvP8ywkWzKcTWaIEACbA68F+iBS48pTiyleH0aiPXthJAbfW0FHBnCP5qzoOgfvzpDH+Xs6ZFzvy1RrAFedR5j/otSaDdf1cYmdl6iJAp4quEn0TW3RYt+nlK9NFk8F26vUNMquYPT99/Nl7Un/Z1sPoIRE7swaZQE/7pYjYMuAC1dggtcAPqPmrs/awgVmfiIt+zWtSGyeQUG0CQ8aeW44XiI0Te8vQu9rJ7byHwHhEHq3bug5mHe6G/ZzEOn3lWlKlA0cb91dy54DB69CztlamddKAUZdUr340NfSdylaIrb5W+XIFL+ynep9ZllEcpsqfGnB3D6J4gtiwU0SA2rXNnbiDC3moyV5unbw5kUfcdBRxwnrNuH17kBFy9D4Bji2+0BUeOfdBBxA10uqwsumcp7pSR1o6LPuuy9oQ4yFYX2HfmLG+K5TPXkSPzMotwErK5PeNI0/32qDHFGnZTJ+PLo43ArVwt3mYX1dMORf0gDoac4tjyDIvyHE7fVhVeigbhAk8+I0Yfa1xNcsK5kkcGi8HINfWKMIjspr6AI5fw7alFAR8PUnQ7+KPuxFXCijMaeQJZZnA/fZwc24H27QY0ECayDhz+sjsF5l2wh2E5L6GAKmmTV3ZK272j3nqHhz5ciPqZFVzfmTYv7DyCTGT1iTva7umbpM5ghRbBJO7/LXeD3CioGAVir/5I5aJ+qb61s1ak0VcPh0sWqF2oUilrk/OUj12OvcJE2QNpheBZ8wR4hUHY3335vHN7GMYz5S1g0H5ohelcT3lAKeYQoOavCopvr6Ybb5UzwqXTwLMg14dWRtHHpG/dLfdiO5vls0qPjfEaS97NeNZaXpBU+B+RdAl5MJ1YmYVbhipzwMBCL9UeM8AlmmsR7jWXDmk8Pvu7oZ7ohgnG76p3ICeMSYPCfmzvZwXkG0Xq2X64URsa8DR5i2HXqW5U6qXYzEQ8nIBAlO7UxfSpDV2UMtnm9eGhEmHZBHfq4ot4ieuyTyiZwSXTzQilpt2B4V/Kn5SaKIKXwKnVcGPpOk8kMrOVvbcFbv3W7uXJogL7rLdT7LrYtEVFZ7kevbJ3uxpoiD8u965+04oqaffl2cfiWt48yg4JBB38kQuLwwGv4tt55rKTG4g/o1QGj+Q+QGzAaTNwOF8bk2JvOmonaFHjMcWRs3MbXVFGiOz0SQm65lrW869GU1IhviS8PI57d6/uuiAeP7J1slW6s1F75eZzUBrQthLGKk/p+8AQp55RyTRh6B4r1iAXPJGkc2yLBi6PEBPRJ7b6P8btuxxNG6pP0koCSRUMlWaxjIdzyDlfn/T6+UrbwpIsGlAAMlqj2ZGoVZ/8kzGSy5D0y3+uaPDNHpaq2XG4+dcvU2mW4+GAGdBT7JboczDarH2v0QwOYcLVpIoBORuGXyasV5MrH9hdvfR2G3vmTCV1kWthAJ1G4jhvTQgYOwVGm9cTnHpCF7nSuIFKR2YBTSqy/HiQyVWvmA7io/AEvgTveGds/NWNDp4c7vltyYinjWpJUgBAp/qxV0AOI02qDlF17C7Cz/45AUtIq23UfVc2Ef4PwQACP1PdK+KAv7QxPaTT6F2WbZL70jZWX5vAg3s6m3eJdGa6Hq5YySiD/WzOw6fcGbXOdBlG/Yfjo/mMpNN7boAQDeq6mtq3cHGr0vxql7vYvZMqEccYycsD3Ssx88ztAAmHMQgsfsODLqcFnGZ8dNiK5dr0OfEstBg+ac8HHJc5HBTs4MUnt+rlvLiQc1GmDfzn6oPE4qoC5bltBVhZG0u+oIa0VuCkqSySY3VXxwlrixcAacyy7BGegzP/uGpH6U6FiO8g0YSU6AWPcFYXsmnySUWBaVo89kImZZOUr+Bd9xFnDieq1K36vE7eM6WRyk+BuhqTj/3YuBmK9B3WSVb1mPPyvxtjps4u7ydt88tc+vPucs5TgzazT7QAJOcxp3X7d6nDq3ufZNW4IwcIYZ5AgmsTuJiqpDdpVoTPvwmC/JTl5S8zfSc5nMUbTIuuz1Ne8Ta72HIKebhlyFi87p+QqBB3GEQwDXVqUy12zEG2AjohuOQ356alvBC2Y+/sY90rhfF6JLaVBIFp5aHfPtqxsN9P/WWJe404WrDK6KFQOytL/0rmFNqhZuLZgXwG+Mu+oz+JhScfPNT5REf0oLzGA3FMs1A0EUF+okzq3xwPYveZmQ0mxorVt/WFTBx8vBnZgmkbn7yIO2/4EMqKkwBmDeN92I+a0yg0BWXdYVbahaNFbOA5/ws5q2f9wVet+DWCyUY7rFPVC6EidVfrlDYnP/rq3r/vlhl9g4lpm7jbDh3s3kzNFRSYudlVkjaYm6Y8D+cAgefy3c4tAiYM/K5V7BHZgWgdJTIus21ha1Rf6Ukx8WAY/ZI2+/3RI0u/V0Dntyo3gjjdDSz8JuN5oQJnRMWk1/yj++O2flf8QUgFE5cri39HURmuVqF0lAsNMco5c1BhFV2q5+LS6WW4UfnseJIemptm9sqyfXxNYz2v/60H9+iWVgZ3t3L2uL46mXEHrz7KK58/7PPaRFRzlK+fkeYuowdeT2NHlxxhejvU0nzRt66VgpYCBZ8lAtpB6RPV+mIon2gl+MJfm64V2AiGn42XeHzi5Xjca7SKAuFtE/e2WL1b/pLhG9QO14zNPQsRRB999mszJxGSHaGBokshuGPKdDbPLr8fD/Z4Mw82GGNTb2AkdHUW/TBWwpmnPovT82DKf7r21U06Zk4S+NNV70BnO+HtC4te6FruuzWSjKabhEEL53fGz+P/s32zkSaG9QqtXj8Qqu/Cr36AedHtUId/ZKqjJLcK5Z5L0pdLMXZEbWUTzRfzh2bh2/sA5Xrv9BGAub8kluhU649jGy3BJVE90tdsOjhUYa+QfGVcydz+ysQola3zAeKgGVOa/KeJ3s8VfEDPk4J1Lt7cBvRsoUEsgc+5tXdr1dVUECIu9zNNWevBmovPG9W5p/CJppCqNR9ysxsStlRzMh2pArJxE/N1v23aF4qtJTZLOUPhLUhIJolr5ZqNYMT0DESUfhrc6wXrS2feJGpBQpnhv95QlbHErB5NYGBV8swkZdfP7soz3JEo1VsfzTpECeQmIOzL9siq4BxgVsv/VxAQhmDwSv1Yh3wMY1uzsBNsd2nNu+YM1OCfiq/+zcoS3HU7C4JrcygGT3siZDEcZmOPO4MmxmGyLwpZzc67ynD9PIZm/7VLYlluq/SG/+5gEKyySPg41ea4WfQr2Vgm0uWj9qCf1jtmqr0o5VAh0iC1Gimvx95qeEnWd5n0RpQLcINExtr+C1AwMzCHuw+/YE6yYQCVOFg1IDy36ciwm7KaxSZsCMn0ixoMJ4eV7bpq8/kbBjm5AqdsNy3tvWt9yamueHOZ1m4P4Fa+SuZ/B++QGaswRf5jvzy4zAm8DB3rVDnrjl88lvUeGdMAJQgdcSTvhN94/gjzS8FkGmhbOOIR4w4ZM7OhOfeLdfegbfOfYzEz/gffbANNcPnsOqGy+P9NoasY9GziLn+t2Z7G5/uNzGRSGFLPdHUZY3T5JjY5nGkBtoLVwc/oDCgiTvzQwT8MDqGO4Ci7Itbr/yCce7ukiC0GZwa6prl6Xby8ftOXtg2UGcO/4Lxew8rRylK7F8vvcHhquJoeNuRkBIdAsIAxMEGDzQPsDeYIjg7ZpZ3VebclOqio9VXmpX3Vsa79bNAOpEE3sVsYiFCzB/1ItTmxaKObV18lxsAIPGPqWxlz2S3/4HUYcPOTeZFGAcgtqv8bR5sbecmTfp/VDp7iG8NziPqmRHIAUzaXeFrt5vOMh6x+yQpl2a3WFEf/erwqWjl6lts7GPqdbTAhmik1Muj6Eg8Dx+qeXiAZbM9gZ63vxlwjrjZMbL/MLXM41Rckr/dVsbSxr1avaiyRvdkqEIQobNR6tLW5So5Tl9FQ/8xk9vr2gdh+C3LrE9GqMypy6kklve8IJO3PnlIcCNpWFwHOTl+M/tcwXWRMae6G33fwaBb3G9VjYB7iI0YOFJLWLjstMngV6OnKc4IG2IVIXeoYUo6ZeNfHyGNLlCM5FoD7SjRkrnT3JRsKHhf+vlckHyGYJ/iDnXBG9XDZPD7ZHRhycUfiWf6Wsd5zhL2QAu/GBl8BDhFOcyCmXNpHDsaR9S1ndtriUOvZdcZSOK1m103L/fSRQncwhmkjEkn0jC4WTxsQvQjLXoKKrCDUsvIcDuDhNLaR+aGhsNqnWBW3Odz56hiM8Gh83RSGSjqDVI76R2Db52W6Y6vmjlW3rce2OC3zQw2iMzJDWDm4D4jf6TJyWoiX5HrG23gPpJlNM6JtCuu59aL7Cu2RiK0acLJr0qiCXGlC1SFem3qFgoWWHFwYFI99An8F0W+FVNcZSXIJlhcsFCJc6+8RReejuQ3oDlLjl4CvhLTYXUziIwz58b4byXe4u5emXzogtOZvQE4uGOqblMirf/kwXNUGIMOa+nMB6/qmOw17lRtA0jltI2teus6cor/cDvZYmxDkh7/F8rKTrz4SayqAhWbWXc5xtorUdLuDqwgjR6C76hWW2jUBezzd4qJCMxHGQrY/4MhUK5rvIBVVGKPs+unZ0MogN6tYGMZ9HnrDZB/Eb3LEmr1IXgRe3+Rs5igLpvwNvZteHTfWWxl8H7dK0TVYCNpSUUgwu0NvKWy3mO/hjwj80oobAfLn87G8VnXSmDL5RWDGfexP/OP7jt95rgil/lxmzS6HQscbC1i2iO0Au8i+/DeDi8qCVIcOxwhDi/FaKkXu9bQCHUR1UrPAXRrCEbvhsb9La+yGnotrvakMAQfpeHK848s9CuXAM4gfmSzGxvSTgqKQRNmPeFdy0rF8ogLOiXpht9uhWvSXsAYmgUVOYRvuWhIOy8q8cr6ikdSKh4S4nFznk5aj727bpofkw9T5vMs4EbuXgNYUDEBWyxZcDprGnhyfNL0PPtFBvIVmhSbG2QAIvSrbSA0qiUd0pjs38rAYA57kjAzxSxRqHoIb31rLhOPNnuyTmpPTaET+gL1pXMRIKocGEtmGCwvtVgHudOeG7+PQPRSYGdZtldgGQfbc4uCWA39wgDyh/8KvLt/KqkO6kyJab0agWj0HXRl0sG09jp/CLTuRTggV8oe7vNUYrRp6tDw6qGaJYxW2n0wUDlNlKwy9I3q9kqnkB2oORTddI97zfVrVuPtjGd+D6IwiWoxQYWuUMJxG2EVK0sa3PpIlgKs+/bKhQITvh1P+7ZGZiq3oJiIn9Zwb8OVW6+8ijd6nxn0/JlqlmurzrG2qU/Lc7le701PKLJqsGU+sHbXgY7prVP85BhwFudnxPYU7VfABw2r9p6AsSH2UfrzhfHl6loK+K86Lyz9nRaCBxKizrFI5qW5RzgMuTRN4+RZ8agSfhbfaObzTKDH5YfV9nYgTh/Y9A6ZsSR2GtbBG5IM1LnQH8u1JUYidRy36vxPk7YacKrNXRHt73GCVaz8986jeF+eoz476YTTKJ7NRtXmF1ksKd1DTif/2bIWxh1EEdYyBpiaJQGTaX+rczAGm0IUXJta/LambFto0tjvsh4GM0YS2ddV1Yiw2QFbhs1Dlo5XW4t5MEv2bJChT2NX7znFATMTgTMYpgOCnVQ//U9RWHbjSwnmFzR1mLygN6DVU5ktIeny5VMW7SR2tS+bko+Fy6IeRp+Khhov7SsjzByK1iz97G/H/xXR+1dcbNCCioGRSbp0tvb3aBAJt+ZFKHFrgXLfJk7CSxHGrDfAc/A2gsbyK/AdqmYaoyyx9C9UQPQ22w/hTeLpLmByHzol4niP6cx3Et8PrgQuK7vSJaR3SqBwv8AplDqWVk7dPXO2Mz4eCeMj8S2FK36Ipxtri92RYvW/XWtPtS1Mtf7N2HY2kF6MThQij/UN/naiPoNP2vALdY2MC67J32GPz1ia5pkPVFDOit2W1rhdzps/NZPM8QhXIZEgni/8bYI7zY5seKG/GE3zG1XTzGmepCVauQTcef9nIuGcC6YekeDahC2RmRevdbjo7GleBicNUvLl8r7sgLVmp9GCoTAt/5oYNQnHNs2yq2zOxg8DMU7dq+qtgq3rt86gMCd6VG40AnxrOrFsW/us8NvtAgoTaYO4asxCA4eqPcm+KvXu8uQSLbydBttV6PCCrBN1kpIg8X0XhJ0+6S6AMpTYRE8hZkQ6DxJUyHpAgWxEFIxBd2Q0U0bEyEiLBpmH8GSTtaqlJi9Fb3nnheVzGg89gI5uphmq8FCcobemIZZ0Dvmd8J2eyiddy+Q4Wcsn44i+wzig6+ok06UNwxGaVs8znOT3/W9LcjsvQLqTR8FwyMOjBH7uOlOOPo9JPFwd/uuyXrxkPzTB10jlIzg/qn4Tz8gqd1qj3OMBRpYKuf8VvHE1rMu2h6eDHKUK1Lb2Ez5X16+VYNDHuG9iBssHw9IEU0l/MPxl8CBYit5j3imIVP3uHLK6HxuTkshFIqI84NlV7sXf2NPrRw4+D6+dSfrWlC3/IGcAgTXnVkrg6bGXulDeY/+DCf9GQNNPh4XpMuVGkDO10hpX87K5N4qJSnydcoAs41rNNCyiXmjESYc2SdaAomGH3CI49pmfA85px1vXKir6/FXCZ8YVzRkAeIDifqOJK1qYiMCesFkvl/jJC9nCyWQp8FmLv9IP4L8FcdTfF/xGVpQrEC5a1JwyT6Vjbp4hmj4bQJRwEpthOijGw1s1uuJUFzWLLgAfklwJq3nvfKwXnCdOvh/b9pFjXG1ExHHtdIRrylgb94oaNDN9DJDwfIb+F2D/Cy/S7Cz1UPRAZICMzs4jzq560CRRElbNLqEbf/garSH9RpPEhtfaBO4IuMMzAL7h5STev6L7oSE5PzBsGxFh//Z6UUlHUtApGw9I3di+VRblNqrOz067QmfKWJCVLN6JheEzLawVt1hk0hdQDd2WZ+H3wg9YXZ9IaEFko24cD4TehOmHlF7kOAKGxPpiyFgwsGFyuZ+5Jm7/gX3C6ECOlfBZvUxs+cgkTRVq4VB3fYplvK4k9lLyNy3P7dEee5KVJmmYfi017kqd9mFogJTSrOnpfzoFljldsWssoNGN1mdjCNoY/3BRaz0ltGbVQbmnvtW54ptS/ixWSlFesayriM1qgOkqdboCFsUd5qDU5AwFpt4PYp6YBessaWoLtlk5q2aXjy0k4kO8ss0yunGnu2bjvHpOVe0O67PaTZ8XrpSgu56XlVJgC/NtaAolLGImRNtjXyeWL3Ouxyj0oOZwNo5a1jd9iXDOlElCdKzGhlV7s6mtpzC5ENYMxrpfak2PXCg18oSXPHQUZ0xfA3GxlFP2bMurQGpAR/V2be0UH3h+5UmRkMuxvET1wo7FZCxYoEDOEmShvzwMO3PCGkzFuYZOGjS802XeBanZsBCTGqqDjh9pOvfSfCT9z+2Dwz3x6EVM7VatnA9y2TMiQ7N1wXhyhQaILN/xdU1t3Ah2FfKZESayPIJU0OUksI7XongzBIPqhmP+CeVZM1jWOC2gjYFtKoI5RpIkTGGoJTIrq0qcbIjCB9gcyIX1IVMWSirAkANkjtTg2Eh5PKCsYbXruFBAW1ZYGtIVnfxDGID0EFBD5yIi5dWPrOr9ShSvJqPju2d4Ne+pG83B2j5qOb/Jzr8jRC5b40MTE6xTVCbOqTMMShnnPjE2sj6yOsBGo8G9SOATwIXlbv/NJOaDsxoIMoFfZW+Yfj3cTOmOIsfHtUzo6QBQ/mjhmd5NJE5TR3YsqMmRGNqlcmwk7+mJuxF5TNVVLfhcqwSzUMM/+Zso6LAP3T45NsCrwipacMzRHAOgO7MkB4IFG/eDcMFeoMBVGV1lraAC6vnSBpORZLIxJRpiWVXc0kQ0NJh50jMAOVTfRAltkKXm3gbIcUZeAo/1k3g69IKogjg+o4suPz+3v9/nPS4yEGr9DzvYQWpLZbJ4dMMINS1Z0cyua8f2NTNUQ0/JAl8s30y+fYeb7lMUR5rVc95jMmc8ok38s1Ug4TkTjiqc7oYqsYXgFaBNY8S3Udf8fRdLr15fVZ6jgAej7AlY2kzUlCRY3eTZHSpLivikndM0RQNC+Y6twqP9XVBUn/ea4Lu3ymCtbOOmCwIkAtKYo8hBq1VAG3IAsJr2G6Zqqy+KsaT2kAFkDerIEI6unFtY+xgH+TDmZoEW8lqwvTSfeWjnG/5BxyAgsNptOJpuClza8Va/vYWqKCRGm5iyiBEGRDJJmR/+iHI2/o4jH5+ssKCcEfKO6PfdmABUPiM46I0Qi0uvf343JaxWH3Ww9MBnW3kFsv9hZApyjoiMDiHucSY787us4tu6Ea0XAYBzXjOggYibNp9ZCVix+wIIfVsl/bj0+3oLwAP7n2V1kO5KnZz4d4HKf4Xfu/HCL5S6+7F2+yzWkPyxZCSPXBfLGk8jlGc7IKDBSN5N/6KJXNFZFzJew5mbgm+jiTVyrlrlwGjOgxes6bdA1wDOSOJ9OxAKsI4srZVy4uUFBKSMVckrnitC2btCd9qBNsW8tvpFX6mdREfmbbvSj7ZNPdIEIYUrC33ZWllOG8jnWTjIQmmAOUROHU4iq8aN3I5Lra8vTZ4VDnbc3E2NZ2k06lcpsPcvx/DU2Ule38Lb23ChppgyZHfOF6Wt4DD9sDXjtD8tgr1Mm+aGzHWarFNue6aWSqNrQPDRcNlEPtdxG/k9anlUQ62igAojlURHwRk0rkH7nJEuN6S5cBbNOfDP5PzDSiJFPp0CIsSVt9JGmRxmw1Lemw8WIVoUzDW8MCk8w3uo7eE1uprUlswNVmxnDOc6mMvaMiBd6EygTRD+5NumduVPgFroVDamEEyR/ORooeHmqBcfkHTApu4QWBOkvPwrvMDUT+En8fT57snMqve9CveRl9VHEyOYT3Wja+0wjHXg3Rdss7MG/gw2+XDKNhLn6BAq6sA/HzmNsPA6JiSrq0Tj6ly3HFZLnrEMeL60HpMfY/IhnLZQ36kDA24Et+OPKyuZD2jrtB5rqHLUX/Np6jkdmTLJwX+bqgEzoSkxSxKTdjX93vRUsNNMV1AdP1yD21HzAs3mI83Omhs415NMURGVIW73EJZdWBsiYsSkRsyYrYDjHrbq0bg6RLArdf1vT2zcHMk6/+Vf27DhKQydf2NH5ES+ulnxlL+sWQIwu4TeRbymLkYnLXj0Geh+K6BLqyoocCf2lB9chb3UgKhrjcZTjoZj/cCt9KwulJ/3EDehp/9BBZX9QaJ3d8Qf88O210oXrnk85nt4F1W020N47prP/e0xm/hSRW644Byy/AaAeCh16mHnlJouxVtCRqM1757cQnMTX6CLnYKggmMy9hxU/iFMEAMXm6KCAr/Sj7HTp3TthYOIURYBa0Q5qCIxQAewxhd5CBE93lT63FWN06sN6vtRqbNyiiTXeFqhuIi+sJWkbqkXsJX5/2uVBeefBOkKsr00Ad3v8jxMwq2iIlR1f8kvZXzC/Izf4jDAbjBo79DKML2ZTAxVHzmDlaUT7ZfENpPmiQstxxBi0t84Cm0nov8AdOzdpZvHkWWtEUryR3y4fArW/FDiPKu78nLYgxCnegtA2PHVBSeOQMC5wAjYfATfZWbdVWvatUrufeJnY3/csa82fm94mrVJxV8iHN4dOlA17a/NJwLr6rsomGnAKCvwTWiS1D5bme/Xct87J4hXUNzRtISneour11hKWXcOsBrIPcSm6Z49DGD/4iCP4q4cakBoZnlCmw98gEk/NC0a0sjx9NNIYiP5+yd3L0/87PmGng3TwpGrDMt9oyHmnX5+RxrLiFReMEUJmSa4m+YSQYeguNe1VA4WLSfKcQ1eva5uFEj28+V5Bb7cNWamCeTyCzneym1dkl3PGfRGGh/lZmvB7Hh9IRIU2CecpBKsemVD3HEdU6vtF+ZMROGFGdrM58R3/TlvmhedWkSgn4DXpgJju8lqLSZtTco1PUkHrFGdcQ+7GHei+0FQn+NNoJ3Qv/xX0mUsOeoxFExH5CUeijpscOY17Nsn7k+TB/K8yrDzFYMyIGC7+sRUQq6viw1Qy7BMaDOLuFUoeaAkQdXzqza5ZuhnlMVtTuQOhJzW8GxhJ4I1+abxmyQXnpAj3UJTnUJmSrkTZX6cv+g2kHu9PvwUtydD7fwOdrDROjdRQuBZSTMxn1gMCBwJ8VKXDQ73Z2+0P4Ssm0Hh3+n41XqJWfvinNtCtrl0odR/4qapgALt+JkUnELved3Q7UDAzwE4WrVhb5qwiwk4l/BbueeStgxukDXSEf8ffuJE50/oquve5tH+xivFmhs2EEgky4aVj9hCf0aj1EElRIM1xkcdIDAzvBbWBbKHi1CWHLyuvD5NmDbhuUoIxxVQEaTEiG3nZjUoZeMYbbYgFap4ESHEr9DcHAmBfqP+tjDktjnDc3/sWZfsHO7XNgmtF+EyHIYkS6GWbzAN7KKnkK1mOdX7DMOmQIbj+/VH7JZzUp8zkBxIbDR+D6zrk6CDGpIT+JEHgKw97j3BcErxWv7x8ypWOAHzm+XzNl5iuLNnu7nsDT1tXr4YEGsl9RuS22/Lzl7m2mlOwDtAoGdbYhO3V/1SxBFDwpvx4vjRuNw7Y7nFwypmodXw9xmv0JW9yT/NvBhcKbUSIezD3AVh0sXWbip8B0jEFhFH6JsqUBvICj5s3evmyZfp93IhLTCZ97VGImV65Qju2DdL2RkTTe8R/nO1MHvZFTWjTXw4rYTGCgEB2byArW47PZQM8IqGcdGZAmpUoVJAedss7bGaEbu6qrK3/d/v57rvcYyKnK5pHszDHk8wmWKN0TuG21F2I1UYyNgsEE1fYBK7hhQlwoM5hYt/9zXXcIvbuZjt1DBPnX89GUolkEqEnSswenwaUVbi9C+d+1OVpmErhBMjW2ItuWwoYO73ClkRhoV+kbOFcOg/4ue0r2aqvp8vzbXeIUWeoOjfw9NVHAl3TyJPsoCiPSsqpO04i9lFyPcBxxQluxnkPFf+dH52daqebUzbUv/t2BhnfoOdPqQjoGyAdBopE0QRxKQRp1nrqFWWBDsV6efilgKPYOUpsDGt1AQ8kquHMntcF8+YYYJcotzD32xbOf8q4K8748v11uV9lHlpcuizRFJ4DU+kshl2gT+WItTi2tPzeTF3KoJS9I7d1UTF5CT+OiH7sl1tnKQpn7VpctRnHb1eXqEMDgXMnQ8bqtRH9RWwIX1wj0MGUtcolHLafm/u+RJtmkV6Ayga4KZFhIOED9EmaA5jag7Jl9jxrj5R4+sR8EJ3BnLq7NC0fSLNeBHg8A4DCYCTLcxIson91ng0A3Z0iEuexZ6HUTOOFdAODEO84wcX5DJK0pyjR7d+LT+yL/QMMH1CEoUnZcEgnFo8wHfnHbuRM4NG9IrrRZPtdJEDN/lFYMNtj/inAAD3K6Z//ho1ILDL0dSYbjvmwEqPnqgAy7rE1gHB10dnmyMkX9k4/FZJ1UC4oN4tRM8peMgcH577sJ31gZ+dwusLTh/gDI4JJBl+TWxin9zuv62jBX0K7Ff/xCA8xbwNwkTdo8UmT0y57x1QA8DyNmODSqC1jiEE5zfKzVrwIOyxxTA9nPQgp086Fx1UgXSWZo889yKZOGkSDTrxnsnljLsy8zo0GNCD7LcYwulC1KP4p5aULiP9SD0G9BRvjWB/DMK80P/WX/lqkkCQ0nuJmcMf0z6BVjCmmstVFQZwIKgD3+y+xIbofEQPV8kMkbbqviYiu6YD/To5zypT8xiqtgf6zGezQE/sazSqIR7cNwnFWX2JIWoy+o3LLC0kwHxeMjuCdZzea6fR7W5rmwxEeKwJualeu/VU1IIB79CmX04ARNSh2C27nxeYZpvcZnLKSntTEIDBc6vdV4zinrsDRFTwEJthBkKc2Fhxxm0IOVZLFOShCpDtP7uhMArC6h7HW3FUTbmHxpw2pGZEve6/+QD2v65/9aE+rjgkgQmLcgfdcZbnD+lv0bLhWz4Bdi6rJpZRMTsKjaZvQ2uKnax30qh4aMTim/UyWgB+HZpePN0w8W9ScZ1zvO/QjKnbJtJrXE0rrLWZQR2NqhoAq0T1jIOCPPa91E/MQaGDeHXMGwqOHpoJczVxnAd+q/RwR2N3+qTVwqDRwNKpfrrNIfwXTqjoPjEPp0vU4qeDNrNWo8dArWn8BX0m4BqhZpEwgv1BwZVEZQHFuwzhCTWVG4CafAbML5WgtVWF340/d3UPArARVMOXitFqAXYY4GAHuVam86X7kjfE3tKskYVw/hYJUWdAWovU7VUIMVbfHne2aQzDtLJTjs1BGXmuCU3w+ro6Cxa8Qk0Vm8OQEzSTurxYASMUGYsFFxc3YfF7lCRa+YYYtaiR/b2HE/H38nyxxKZ9nS8YRjjgpc2Kg5EAArXVgqdBJkEI59PUtQRoh+eTYo8KAPTyi1mCB6VjJxJknghpj00ZsfNfH9uYWEebJ2d3jg1UsRbypFDttskB2ybCOI+NGm6UZw8r1xIHDB9G78yLLC8i6VyUacSZNOikgzB86BU+n23Qq2NnPfp3Mljt8oFOUfLAzN029iX0Uofz4MTvYlHk0X+7QVNQte1iUuuGKib5MzzfGzJh5o2styOssKbyRaqdtXJiKzF4QX1+ZMoFFfs56rSWStheBjrBAx1eULAa2iuouLgU7vYIDu0PXRxwRj0x4ApjnhEIlRjfccyEjFBLjKyIsBAzLNO0Wz+aXJVSCzS00ymhtxVOOvH0PkY6Vv9e1nb9qqoJ0LFNysoFJlNrXW4X3HYOxdojygDQQa70StodH82lrgxn9FikaTC1ROQk6tr05em+RgEsFf9RYST1d6YUh6wzmL/D2m62wZv1r18+RoYpo+4Di4KK7I/WODIpF41fuIWP81HI08PghS4fYwTuYVd5qiayEZF2mGtoTyztyl9tgog9wIkE4dyRMMG98xv0zj7ja1qpQAxOkbNPRTHAl297ibEMRHPWvqRWDTtY97vWJ7Ox/dZPb3Dnn0w3o8VvZaWmMP1+WyINyOHA/DmteOP6Ja2/p0RbM1ZP57R52s6i/z1e6jOfcHax0dXD1lPFf+OFFDY0WWb9F6uHZwR0dByiwQKawO3AJ3mlqqx2RXtlO4wxwKsjzgUpLWwIzJGfoqOzooM53ogkfVw2R8RXN9JG0snU/m98wsvBkeAA/FLsQJE+CBeeRPPVCpu9EzJIu3q7ZERieStS64lhM+gWhOYbLS8afObyZJVVvv3CO+4cqBnzbR19AEumWYlJ07/6JGwOPPlu7KAvjNYau/qbrsTySbU/F1l59C3PA+XsjgvUN1jxSWd3EqAr5jYrGuFYKJzuZjBHeJwZB+TQNlJwzs2x+yIO2mHkwxjpzSTbk3UDorkvxPe0BEvWR6/A6p05lvOtNAhHLHLRu/ArHKS72vARGkqB/bJftXAnp+COEfiaSeQw+EoT5UXTBHSZpBLfVinQwJayroc5xanlmW8ycgFF5tg4+gxOZJXkWnU+8zEYReI6jqb0VZ9NKeOrDufWKtl2/pRQOSxWhehBeichk6zItS6XwBwJecSJhr80ef0rU6Y44501NZOyreuhN8qXrDrVQOCrfVRtaNvpj7EdimoVaT7QO+yb3LeeZl4y7dV5OVokVatmw/NCuPuNqDT5g0p9oMoiAiqIA8+jITwb0CKOqSSXsAUHxWpMhR97R9/pvVDQTZcr9jcLnK7qQvPTt/CO62vp2IBNf+MSlWAmfujfRujCFdPxdyrjoei264U8RybyzhWohYdlAXnm4g5rjEspTGK+Fm7xo+0IGKRNc0gOUOw3ribIv2RGxrg2wKZgOsSVqEDGyNzXfHQXzpJMFhYgs0DKAj9GLpvOxL6IVeCvqheKEBushSzF0xvmnb0W+5Nx5LUgYwW+XqxE23ZxqjP7wPU/rchYlMu1IeBrF6XQM71Oph81/C9c4I9SQj28/6Kj64BvhxL0xwwwxl3Slqm2GJuUotrwTVAhgJ38awwc/Gzyt3aNX8s0Iuw6CGUPnuSNxP5Gg4aw7yqRSG0IIksFsPHEA7J8VKBdKapFPlu8HtEMZzxxZcbiTOkwVpVmfXpbJIhg05Ufv10xdl58tgW7oW9QqS2GFBrW4OqIkh2gakbHK099yzwD5xMYHXzc1+JSIVUbPple4m9HkvKL9yHe99bXbJgmUE0ITm2CPORAAEeQHRjB61OAvE1BsGGsrfvQ8zxb3fqUlZqcvGfgw8bDylqci1BTTWAXD2vgE+sTcm2ob+gT8Hf8WCJQINln7vpI+CcxpKRRbmwjeb3OOA15u3+t25NX/DeJdah4m8onDZpusjkwIZQCNzjnh5zRkZbraK+JFfi5d09BZ0BC/UQZ7xs1g3SdADw9QPfaswbkLQGGepWvKIs6Yx5e/tB8uQOT14PpMER1KrOMOdBPhlMBpiRk/0z853Ek3Ynag3DlQDv7H3pLG9fROQN5+qnHz53MJ5REdL4z1erQyEDWFhNcA7p6eGbnGe6cbx1qF/PH2sx8RLRQTiwrKawEsnUOFkTPhjqWvTmYE4EGuMluXUs/n4/aS9lKBwGHfAD2ADEFqj5qLZs8PdzKsBsl8SuWOrAxCWxjZlkjLsgjagIBUmYWxbb5ihgc79H51grRzYNSIyjMmg71Ka1bEnyXmP6val3ZdmQenBw23Si5yCzLKAaywoWLeOgWx1DBbWSqYAH0S5W+FV0TawfJfEQGe43VOrFIlKQH/KQ6TGGq7u4Gk4NQXLdfJYv009HBIbcAiKNPoceKzFDYKbojOwPmqeT7TVduGQ==</Value></TokenEntry></Values></UseKey><Claims><Values xmlns:q1=""http://schemas.xmlsoap.org/ws/2004/04/security/trust"" soapenc:arrayType=""q1:TokenEntry[17]""><TokenEntry><Name>SessionKey</Name><Value>O/gl6jAHvM7CN+DdchSaGrXdhPtbi/Bt595zV7R0aEeUquYgVRPCv/bVhu8QTFGd/H18ix3Wq59H88PFCKmpgNilwQ3Szs/PtwSsjEf+/IFmgEatYtjNG8ZxcKoNAIbYA1Dogvfd1zS+Nbn02fRF3QBwP6YopHA0wRQZagly4s8bpMx3WQeMH0+dZb/KfQ9K7zX1/pfozKN59Zy298n3GXfhcECgBoQuf0z0pYbI62DoziwnEqnSfmJA69UB405Y7uIjbMUyd+fQgm6jQbAQoKWMTQVgGJtX4ktKx2LeJmpxRXwgyDeDrBlya/SaHOAeOgLEFSNAXCsLQICn8fTpUA==</Value></TokenEntry><TokenEntry><Name>BindingType</Name><Value>Oym4wc5/WZEVVQjcYvgeGCmcEtZb7wBmXvP/toF9nLE=</Value></TokenEntry><TokenEntry><Name>Binding</Name><Value>pv6WgY/10CWIA8qy1lHo3c982ZFO/yq6ObgM5ezo6vYpMpEj3mwCLxbsDxuy2jnLh3fWR3rOZCzcBQsMF2J0sxwFyTkxvB2Zx5pY0iuQfCo=</Value></TokenEntry><TokenEntry><Name>ProductKey</Name><Value>CGH4PxEwWi5+xKvu30IBhlHppZbkVF32ibRq7om4ht0=</Value></TokenEntry><TokenEntry><Name>ProductKeyType</Name><Value>Oym4wc5/WZEVVQjcYvgeGH45ZCsGS+blOC3NF2IFOOA=</Value></TokenEntry><TokenEntry><Name>ProductKeyActConfigId</Name><Value>JKhpok4qvGKVF6PgQ4myc1SqOyXRQXYmB59C8lbMj9jjKYwm/uBI8xtZiaI3B0veXq63wiOZnqLtWGupNkiCPTWIBt6HKUnWaRCs++BNm6I=</Value></TokenEntry><TokenEntry><Name>SppSvcVersion</Name><Value>O8xmV7ZAn0NR1MpmBYM3xg==</Value></TokenEntry><TokenEntry><Name>otherInfoPublic.licenseCategory</Name><Value>Dgv9V81OPnVbzJhYhEpBUgS4hmGslJKCUr2ImxHKJVM=</Value></TokenEntry><TokenEntry><Name>otherInfoPrivate.licenseCategory</Name><Value>Dgv9V81OPnVbzJhYhEpBUlJoxZ/REnkzIgYgr3gbnwo=</Value></TokenEntry><TokenEntry><Name>otherInfoPublic.sysprepAction</Name><Value>REG7EHZRWyi5dBFFwZh61A==</Value></TokenEntry><TokenEntry><Name>otherInfoPrivate.sysprepAction</Name><Value>REG7EHZRWyi5dBFFwZh61A==</Value></TokenEntry><TokenEntry><Name>ClientInformation</Name><Value>jiJ+1yMFJfMrDVjNh4iZZ3Y0n1mnsLmPT5sscLk8rZG1/LAYsmLTSnuzTqjREOuMzAh1xWx34teR2yAhcwqN6A==</Value></TokenEntry><TokenEntry><Name>ReferralInformation</Name><Value>3ieWhtJZUmh46cAlD39oN0+gj6jh89h84DPIS43TdhpSCroxs1CRe0rzp3lYGShltJVoAnDonmLQtuJOiq5g/g==</Value></TokenEntry><TokenEntry><Name>ClientSystemTime</Name><Value>X13h2DvshNRDjrEkSIBAk4zIpDDPcbruDmoVmpzs0M8=</Value></TokenEntry><TokenEntry><Name>ClientSystemTimeUtc</Name><Value>X13h2DvshNRDjrEkSIBAk4zIpDDPcbruDmoVmpzs0M8=</Value></TokenEntry><TokenEntry><Name>otherInfoPublic.secureStoreId</Name><Value>18EVGCajKuJd+vcOUvP3reuLBXvRsnWmvFLevTiNauEv+Mapqo3qNYKb+YA44lUV</Value></TokenEntry><TokenEntry><Name>otherInfoPrivate.secureStoreId</Name><Value>18EVGCajKuJd+vcOUvP3reuLBXvRsnWmvFLevTiNauEv+Mapqo3qNYKb+YA44lUV</Value></TokenEntry></Values></Claims></RequestSecurityToken></soap:Body></soap:Envelope>)
00010002(0x80072EE7, 12:09:55:641 - <NULL>)
00010003(0x80072EE7, 12:09:55:641)
",,,,,,,,,,,,,,,,,,,,,,,,,,,,,,,,,,,,,,,,,,,,,,,,,,,,,,,,,,,,,,,,,,,,,,,,,,,,,,,,,,,,,,,
2026-04-05T19:09:55.644956Z,"{'#attributes': {'Qualifiers': 49152}, '#text': 1014}",dc.danglingtree.htb,Microsoft-Windows-Security-SPP,Application,1985,2,,,,,,,,,,,,,,,,,,,,,,,,hr=0x80072EE7,753c53a2-4274-4339-8c2e-f66c0b9646c5,,,,,,,,,,,,,,,,,,,,,,,,,,,,,,,,,,,,,,,,,,,,,,,,,,,,,,,,,,,,,,,,,,,,,,,,,,,,,,,,,,,,,,,
2026-04-05T19:09:55.719050Z,"{'#attributes': {'Qualifiers': 16384}, '#text': 1003}",dc.danglingtree.htb,Microsoft-Windows-Security-SPP,Application,1986,4,,,,,,,,,,,,,,,,,,,,,,,,55c92734-d682-4d71-983e-d6ec3f16059f,"
1: 753c53a2-4274-4339-8c2e-f66c0b9646c5, 1, 1 [(0 [0xC004E003, 0, 0], [( 2 0xC004F00F 0 0 msft:rm/algorithm/hwid/4.0 0x00000000 0)( 1 0x00000000)(?)( 2 0xC004F00F 0 0 msft:rm/algorithm/hwid/4.0 0x00000000 0)(?)(?)( 10 0x00000000 msft:rm/algorithm/flags/1.0)(?)])(1 )(2 )(3 [0x00000000, 0, 0], [( 6 0xC004F009 10 0)( 1 0x00000000)( 6 0xC004F009 10 0)(?)(?)(?)( 10 0x00000000 msft:rm/algorithm/flags/1.0)( 11 0x00000000 0xC004F00F)])]

",,,,,,,,,,,,,,,,,,,,,,,,,,,,,,,,,,,,,,,,,,,,,,,,,,,,,,,,,,,,,,,,,,,,,,,,,,,,,,,,,,,,,,,
2026-04-05T19:09:55.772934Z,"{'#attributes': {'Qualifiers': 16384}, '#text': 1003}",dc.danglingtree.htb,Microsoft-Windows-Security-SPP,Application,1987,4,,,,,,,,,,,,,,,,,,,,,,,,55c92734-d682-4d71-983e-d6ec3f16059f,"
1: 753c53a2-4274-4339-8c2e-f66c0b9646c5, 1, 1 [(0 [0xC004E003, 0, 0], [( 2 0xC004F00F 0 0 msft:rm/algorithm/hwid/4.0 0x00000000 0)( 1 0x00000000)(?)( 2 0xC004F00F 0 0 msft:rm/algorithm/hwid/4.0 0x00000000 0)(?)(?)( 10 0x00000000 msft:rm/algorithm/flags/1.0)(?)])(1 )(2 )(3 [0x00000000, 0, 0], [( 6 0xC004F009 10 0)( 1 0x00000000)( 6 0xC004F009 10 0)(?)(?)(?)( 10 0x00000000 msft:rm/algorithm/flags/1.0)( 11 0x00000000 0xC004F00F)])]

",,,,,,,,,,,,,,,,,,,,,,,,,,,,,,,,,,,,,,,,,,,,,,,,,,,,,,,,,,,,,,,,,,,,,,,,,,,,,,,,,,,,,,,
2026-04-05T19:09:55.809084Z,"{'#attributes': {'Qualifiers': 49152}, '#text': 8198}",dc.danglingtree.htb,Microsoft-Windows-Security-SPP,Application,1988,2,,,,,,,,,,,,,,,,,,,,,,,,hr=0x80072EE7,RuleId=3482d82e-ca2c-4e1f-8864-da0267b484b2;Action=AutoActivate;AppId=55c92734-d682-4d71-983e-d6ec3f16059f;SkuId=753c53a2-4274-4339-8c2e-f66c0b9646c5;NotificationInterval=1440;Trigger=NetworkQuarantineRetry,,,,,,,,,,,,,,,,,,,,,,,,,,,,,,,,,,,,,,,,,,,,,,,,,,,,,,,,,,,,,,,,,,,,,,,,,,,,,,,,,,,,,,,
2026-04-05T19:10:41.985464Z,"{'#attributes': {'Qualifiers': 32768}, '#text': 6000}",dc.danglingtree.htb,Microsoft-Windows-Winlogon,Application,1989,4,,,,,,,,,,D9060000,,,,,,,,,,,,,WSearch,,,,,,,,,,,,,,,,,,,,,,,,,,,,,,,,,,,,,,,,,,,,,,,,,,,,,,,,,,,,,,,,,,,,,,,,,,,,,,,,,,,,,,,,,
2026-04-05T19:10:43.263685Z,"{'#attributes': {'Qualifiers': 0}, '#text': 260}",dc.danglingtree.htb,VMUpgradeHelper,Application,1990,4,,,,,,,,,,,,,,,,,,,,,,,,,,,,,,,,,,,,,,,,,,,,,,,,,,,,,,,,,,,,,,,,,,,,,,,,,,,,,,,,,,,,,,,,,,,,,,,,,,,,,,,,,,,,,,,,
2026-04-05T19:10:43.264016Z,"{'#attributes': {'Qualifiers': 0}, '#text': 272}",dc.danglingtree.htb,VMUpgradeHelper,Application,1991,4,,,,,,,,,,,,,,,,,,,,,,,,,,,,,,,,,,,,,,,,,,,,,,,,,,,,,,,,,,,,,,,,,,,,,,,,,,,,,,,,,,,,,,,,,,,,,,,,,,,,,,,,,,,,,,,,
2026-04-05T19:10:43.270479Z,"{'#attributes': {'Qualifiers': 0}, '#text': 108}",dc.danglingtree.htb,VMTools,Application,1992,4,,,,,,,,,,,,,,,,,,,,,,,,,,,,,,,,,,,,,,,,,,,,,,,,,,,,,,,,,,,,,,,,,,,,,,,,,,,,,,,,,,,,,,,,,,,,,,,,,,,,,,,,,,,,,,,,
2026-04-05T19:10:43.496405Z,"{'#attributes': {'Qualifiers': 16384}, '#text': 4111}",dc.danglingtree.htb,Microsoft-Windows-MSDTC,Application,1993,4,,,,,,,,,,4D005300440054004300,,,,,,,,,,,,,,,,,,,,,,,,,,,,,,,,,,,,,,,,,,,,,,,,,,,,,,,,,,,,,,,,,,,,,,,,,,,,,,,,,,,,,,,,,,,,,,,,,,,,,,
2026-04-05T19:10:43.576209Z,"{'#attributes': {'Qualifiers': 0}, '#text': 13}",dc.danglingtree.htb,VSS,Application,1994,2,,,,,,,,,,2D20436F64653A20575254575254494330303030343932332D2043616C6C3A20575254575254494330303030343931362D205049443A202030303030323230342D205449443A202030303030353934382D20434D443A2020433A5C57494E444F57535C73797374656D33325C737663686F73742E657865202D6B204E6574776F726B53657276696365202D70202020202D20557365723A204E616D653A204E5420415554484F524954595C4E4554574F524B20534552564943452C205349443A532D312D352D3230,,,,,,,,,,,,,,{4e14fba2-2e22-11d1-9964-00c04fbbb345},CEventSystem,"0x8007045b, A system shutdown is in progress.
",,,,,,,,,,,,,,,,,,,,,,,,,,,,,,,,,,,,,,,,,,,,,,,,,,,,,,,,,,,,,,,,,,,,,,,,,,,,,,,,,,,,,,
2026-04-05T19:10:43.576932Z,"{'#attributes': {'Qualifiers': 0}, '#text': 8193}",dc.danglingtree.htb,VSS,Application,1995,2,,,,,,,,,,2D20436F64653A20575254575254494330303030343933302D2043616C6C3A20575254575254494330303030343931362D205049443A202030303030323230342D205449443A202030303030353934382D20434D443A2020433A5C57494E444F57535C73797374656D33325C737663686F73742E657865202D6B204E6574776F726B53657276696365202D70202020202D20557365723A204E616D653A204E5420415554484F524954595C4E4554574F524B20534552564943452C205349443A532D312D352D3230,,,,,,,,,,,,,,CoCreateInstance,"0x8007045b, A system shutdown is in progress.
",,,,,,,,,,,,,,,,,,,,,,,,,,,,,,,,,,,,,,,,,,,,,,,,,,,,,,,,,,,,,,,,,,,,,,,,,,,,,,,,,,,,,,,
2026-04-05T19:10:43.584618Z,"{'#attributes': {'Qualifiers': 0}, '#text': 103}",dc.danglingtree.htb,ESENT,Application,1996,4,,,,,,,,,,,,,,,,,,,,,,,,certsrv.exe,"3464,T,97,0",,0,"
[1] 0.000024 +J(0)
[2] 0.000011 +J(0)
[3] 0.000001 +J(0)
[4] 0.000004 +J(0)
[5] 0.072172 -0.067688 (7) WT +J(0) +M(C:0K, Fs:13, WS:-8K # 0K, PF:-84K # 0K, P:-84K)
[6] 0.000007 +J(0)
[7] 0.000003 +J(0)
[8] 0.003452 -0.000954 (10) WT +J(CM:0, PgRf:0, Rd:0/0, Dy:0/0, Lg:2736/2) +M(C:0K, Fs:5, WS:-24K # 0K, PF:-28K # 0K, P:-28K)
[9] 0.000269 -0.000159 (1) WT +J(CM:0, PgRf:0, Rd:0/0, Dy:0/0, Lg:66/1) +M(C:0K, Fs:2, WS:8K # 0K, PF:0K # 0K, P:0K)
[10] 0.000007 +J(0)
[11] 0.000474 -0.000099 (2) WT +J(0)
[12] 0.000006 +J(0) +M(C:0K, Fs:0, WS:-4K # 0K, PF:-4K # 0K, P:-4K)
[13] 0.000030 +J(0)
[14] 0.000008 +J(0) +M(C:0K, Fs:0, WS:-40K # 0K, PF:-52K # 0K, P:-52K)
[15] 0.000001 +J(0).",0,,,,,,,,,,,,,,,,,,,,,,,,,,,,,,,,,,,,,,,,,,,,,,,,,,,,,,,,,,,,,,,,,,,,,,,,,,,,,,,,,,,
2026-04-05T19:10:43.592485Z,"{'#attributes': {'Qualifiers': 0}, '#text': 13}",dc.danglingtree.htb,VSS,Application,1997,2,,,,,,,,,,2D20436F64653A20575254575254494330303030343932332D2043616C6C3A20575254575254494330303030343931362D205049443A202030303030323230342D205449443A202030303030353934382D20434D443A2020433A5C57494E444F57535C73797374656D33325C737663686F73742E657865202D6B204E6574776F726B53657276696365202D70202020202D20557365723A204E616D653A204E5420415554484F524954595C4E4554574F524B20534552564943452C205349443A532D312D352D3230,,,,,,,,,,,,,,{4e14fba2-2e22-11d1-9964-00c04fbbb345},CEventSystem,"0x8007045b, A system shutdown is in progress.
",,,,,,,,,,,,,,,,,,,,,,,,,,,,,,,,,,,,,,,,,,,,,,,,,,,,,,,,,,,,,,,,,,,,,,,,,,,,,,,,,,,,,,
2026-04-05T19:10:43.593413Z,"{'#attributes': {'Qualifiers': 0}, '#text': 8193}",dc.danglingtree.htb,VSS,Application,1998,2,,,,,,,,,,2D20436F64653A20575254575254494330303030343933302D2043616C6C3A20575254575254494330303030343931362D205049443A202030303030323230342D205449443A202030303030353934382D20434D443A2020433A5C57494E444F57535C73797374656D33325C737663686F73742E657865202D6B204E6574776F726B53657276696365202D70202020202D20557365723A204E616D653A204E5420415554484F524954595C4E4554574F524B20534552564943452C205349443A532D312D352D3230,,,,,,,,,,,,,,CoCreateInstance,"0x8007045b, A system shutdown is in progress.
",,,,,,,,,,,,,,,,,,,,,,,,,,,,,,,,,,,,,,,,,,,,,,,,,,,,,,,,,,,,,,,,,,,,,,,,,,,,,,,,,,,,,,,
2026-04-05T19:10:43.519003Z,1532,dc.danglingtree.htb,Microsoft-Windows-User Profiles Service,Application,1999,4,,,,,,,,,,,,,,,,,,,,,,,,,,,,,,,,,,,,,,,,,,,,,,,,,,,,,,,,,,,,,,,,,,,,,,,,,,,,,,,,,,,,,,,,,,,,,,,,,,,,,,,,,,,,,,,,
