2026-03-26T06:17:16.443670Z,254,dc.danglingtree.htb,Microsoft-Windows-WinRM,Microsoft-Windows-WinRM/Operational,2392,4,,,,,,,
2026-03-26T06:17:16.443674Z,132,dc.danglingtree.htb,Microsoft-Windows-WinRM,Microsoft-Windows-WinRM/Operational,2393,4,,,,,Get,,
2026-03-26T06:17:16.444806Z,145,dc.danglingtree.htb,Microsoft-Windows-WinRM,Microsoft-Windows-WinRM/Operational,2394,4,,,,,Enumeration,,http://schemas.microsoft.com/wbem/wsman/1/Config/Plugin
2026-03-26T06:17:16.450047Z,254,dc.danglingtree.htb,Microsoft-Windows-WinRM,Microsoft-Windows-WinRM/Operational,2395,4,,,,,,,
2026-03-26T06:17:16.450050Z,132,dc.danglingtree.htb,Microsoft-Windows-WinRM,Microsoft-Windows-WinRM/Operational,2396,4,,,,,Enumeration,,
2026-03-26T06:17:16.450873Z,145,dc.danglingtree.htb,Microsoft-Windows-WinRM,Microsoft-Windows-WinRM/Operational,2397,4,,,,,Get,,http://schemas.microsoft.com/wbem/wsman/1/Config/Plugin
2026-03-26T06:17:16.452702Z,254,dc.danglingtree.htb,Microsoft-Windows-WinRM,Microsoft-Windows-WinRM/Operational,2398,4,,,,,,,
2026-03-26T06:17:16.452703Z,132,dc.danglingtree.htb,Microsoft-Windows-WinRM,Microsoft-Windows-WinRM/Operational,2399,4,,,,,Get,,
2026-03-26T06:17:16.464763Z,145,dc.danglingtree.htb,Microsoft-Windows-WinRM,Microsoft-Windows-WinRM/Operational,2400,4,,,,,Enumeration,,http://schemas.microsoft.com/wbem/wsman/1/Config/Plugin
2026-03-26T06:17:16.471770Z,254,dc.danglingtree.htb,Microsoft-Windows-WinRM,Microsoft-Windows-WinRM/Operational,2401,4,,,,,,,
2026-03-26T06:17:16.471772Z,132,dc.danglingtree.htb,Microsoft-Windows-WinRM,Microsoft-Windows-WinRM/Operational,2402,4,,,,,Enumeration,,
2026-03-26T06:17:16.473034Z,145,dc.danglingtree.htb,Microsoft-Windows-WinRM,Microsoft-Windows-WinRM/Operational,2403,4,,,,,Get,,http://schemas.microsoft.com/wbem/wsman/1/Config/Plugin
2026-03-26T06:17:16.475604Z,254,dc.danglingtree.htb,Microsoft-Windows-WinRM,Microsoft-Windows-WinRM/Operational,2404,4,,,,,,,
2026-03-26T06:17:16.475606Z,132,dc.danglingtree.htb,Microsoft-Windows-WinRM,Microsoft-Windows-WinRM/Operational,2405,4,,,,,Get,,
2026-03-26T06:17:16.491911Z,145,dc.danglingtree.htb,Microsoft-Windows-WinRM,Microsoft-Windows-WinRM/Operational,2406,4,,,,,Enumeration,,http://schemas.microsoft.com/wbem/wsman/1/Config/Plugin
2026-03-26T06:17:16.499370Z,254,dc.danglingtree.htb,Microsoft-Windows-WinRM,Microsoft-Windows-WinRM/Operational,2407,4,,,,,,,
2026-03-26T06:17:16.499372Z,132,dc.danglingtree.htb,Microsoft-Windows-WinRM,Microsoft-Windows-WinRM/Operational,2408,4,,,,,Enumeration,,
2026-03-26T06:17:16.499778Z,145,dc.danglingtree.htb,Microsoft-Windows-WinRM,Microsoft-Windows-WinRM/Operational,2409,4,,,,,Get,,http://schemas.microsoft.com/wbem/wsman/1/Config/Plugin
2026-03-26T06:17:16.502661Z,254,dc.danglingtree.htb,Microsoft-Windows-WinRM,Microsoft-Windows-WinRM/Operational,2410,4,,,,,,,
2026-03-26T06:17:16.502662Z,132,dc.danglingtree.htb,Microsoft-Windows-WinRM,Microsoft-Windows-WinRM/Operational,2411,4,,,,,Get,,
2026-03-26T06:17:16.506906Z,145,dc.danglingtree.htb,Microsoft-Windows-WinRM,Microsoft-Windows-WinRM/Operational,2412,4,,,,,Enumeration,,http://schemas.microsoft.com/wbem/wsman/1/Config/Plugin
2026-03-26T06:17:16.514577Z,254,dc.danglingtree.htb,Microsoft-Windows-WinRM,Microsoft-Windows-WinRM/Operational,2413,4,,,,,,,
2026-03-26T06:17:16.514580Z,132,dc.danglingtree.htb,Microsoft-Windows-WinRM,Microsoft-Windows-WinRM/Operational,2414,4,,,,,Enumeration,,
2026-03-26T06:17:16.515053Z,145,dc.danglingtree.htb,Microsoft-Windows-WinRM,Microsoft-Windows-WinRM/Operational,2415,4,,,,,Get,,http://schemas.microsoft.com/wbem/wsman/1/Config/Plugin
2026-03-26T06:17:16.519275Z,254,dc.danglingtree.htb,Microsoft-Windows-WinRM,Microsoft-Windows-WinRM/Operational,2416,4,,,,,,,
2026-03-26T06:17:16.519277Z,132,dc.danglingtree.htb,Microsoft-Windows-WinRM,Microsoft-Windows-WinRM/Operational,2417,4,,,,,Get,,
2026-03-26T06:17:16.523965Z,145,dc.danglingtree.htb,Microsoft-Windows-WinRM,Microsoft-Windows-WinRM/Operational,2418,4,,,,,Enumeration,,http://schemas.microsoft.com/wbem/wsman/1/Config/Plugin
2026-03-26T06:17:16.533278Z,254,dc.danglingtree.htb,Microsoft-Windows-WinRM,Microsoft-Windows-WinRM/Operational,2419,4,,,,,,,
2026-03-26T06:17:16.533280Z,132,dc.danglingtree.htb,Microsoft-Windows-WinRM,Microsoft-Windows-WinRM/Operational,2420,4,,,,,Enumeration,,
2026-03-26T06:17:16.534761Z,145,dc.danglingtree.htb,Microsoft-Windows-WinRM,Microsoft-Windows-WinRM/Operational,2421,4,,,,,Get,,http://schemas.microsoft.com/wbem/wsman/1/Config/Plugin
2026-03-26T06:17:16.537758Z,254,dc.danglingtree.htb,Microsoft-Windows-WinRM,Microsoft-Windows-WinRM/Operational,2422,4,,,,,,,
2026-03-26T06:17:16.537759Z,132,dc.danglingtree.htb,Microsoft-Windows-WinRM,Microsoft-Windows-WinRM/Operational,2423,4,,,,,Get,,
2026-03-26T06:17:16.544595Z,145,dc.danglingtree.htb,Microsoft-Windows-WinRM,Microsoft-Windows-WinRM/Operational,2424,4,,,,,Enumeration,,http://schemas.microsoft.com/wbem/wsman/1/Config/Plugin
2026-03-26T06:17:16.548937Z,254,dc.danglingtree.htb,Microsoft-Windows-WinRM,Microsoft-Windows-WinRM/Operational,2425,4,,,,,,,
2026-03-26T06:17:16.548938Z,132,dc.danglingtree.htb,Microsoft-Windows-WinRM,Microsoft-Windows-WinRM/Operational,2426,4,,,,,Enumeration,,
2026-03-26T06:17:16.549722Z,145,dc.danglingtree.htb,Microsoft-Windows-WinRM,Microsoft-Windows-WinRM/Operational,2427,4,,,,,Get,,http://schemas.microsoft.com/wbem/wsman/1/Config/Plugin
2026-03-26T06:17:16.552932Z,254,dc.danglingtree.htb,Microsoft-Windows-WinRM,Microsoft-Windows-WinRM/Operational,2428,4,,,,,,,
2026-03-26T06:17:16.552934Z,132,dc.danglingtree.htb,Microsoft-Windows-WinRM,Microsoft-Windows-WinRM/Operational,2429,4,,,,,Get,,
2026-03-26T06:17:16.556373Z,145,dc.danglingtree.htb,Microsoft-Windows-WinRM,Microsoft-Windows-WinRM/Operational,2430,4,,,,,Enumeration,,http://schemas.microsoft.com/wbem/wsman/1/Config/Plugin
2026-03-26T06:17:16.562599Z,254,dc.danglingtree.htb,Microsoft-Windows-WinRM,Microsoft-Windows-WinRM/Operational,2431,4,,,,,,,
2026-03-26T06:17:16.562601Z,132,dc.danglingtree.htb,Microsoft-Windows-WinRM,Microsoft-Windows-WinRM/Operational,2432,4,,,,,Enumeration,,
2026-03-26T06:17:16.563125Z,145,dc.danglingtree.htb,Microsoft-Windows-WinRM,Microsoft-Windows-WinRM/Operational,2433,4,,,,,Get,,http://schemas.microsoft.com/wbem/wsman/1/Config/Plugin
2026-03-26T06:17:16.565590Z,254,dc.danglingtree.htb,Microsoft-Windows-WinRM,Microsoft-Windows-WinRM/Operational,2434,4,,,,,,,
2026-03-26T06:17:16.565592Z,132,dc.danglingtree.htb,Microsoft-Windows-WinRM,Microsoft-Windows-WinRM/Operational,2435,4,,,,,Get,,
2026-03-26T06:17:16.571829Z,145,dc.danglingtree.htb,Microsoft-Windows-WinRM,Microsoft-Windows-WinRM/Operational,2436,4,,,,,Enumeration,,http://schemas.microsoft.com/wbem/wsman/1/Config/Plugin
2026-03-26T06:17:16.577321Z,254,dc.danglingtree.htb,Microsoft-Windows-WinRM,Microsoft-Windows-WinRM/Operational,2437,4,,,,,,,
2026-03-26T06:17:16.577322Z,132,dc.danglingtree.htb,Microsoft-Windows-WinRM,Microsoft-Windows-WinRM/Operational,2438,4,,,,,Enumeration,,
2026-03-26T06:17:16.578377Z,145,dc.danglingtree.htb,Microsoft-Windows-WinRM,Microsoft-Windows-WinRM/Operational,2439,4,,,,,Get,,http://schemas.microsoft.com/wbem/wsman/1/Config/Plugin
2026-03-26T06:17:16.581479Z,254,dc.danglingtree.htb,Microsoft-Windows-WinRM,Microsoft-Windows-WinRM/Operational,2440,4,,,,,,,
2026-03-26T06:17:16.581482Z,132,dc.danglingtree.htb,Microsoft-Windows-WinRM,Microsoft-Windows-WinRM/Operational,2441,4,,,,,Get,,
2026-03-26T06:17:16.589862Z,145,dc.danglingtree.htb,Microsoft-Windows-WinRM,Microsoft-Windows-WinRM/Operational,2442,4,,,,,Enumeration,,http://schemas.microsoft.com/wbem/wsman/1/Config/Plugin
2026-03-26T06:17:16.596234Z,254,dc.danglingtree.htb,Microsoft-Windows-WinRM,Microsoft-Windows-WinRM/Operational,2443,4,,,,,,,
2026-03-26T06:17:16.596236Z,132,dc.danglingtree.htb,Microsoft-Windows-WinRM,Microsoft-Windows-WinRM/Operational,2444,4,,,,,Enumeration,,
2026-03-26T06:17:16.597037Z,145,dc.danglingtree.htb,Microsoft-Windows-WinRM,Microsoft-Windows-WinRM/Operational,2445,4,,,,,Get,,http://schemas.microsoft.com/wbem/wsman/1/Config/Plugin
2026-03-26T06:17:16.599536Z,254,dc.danglingtree.htb,Microsoft-Windows-WinRM,Microsoft-Windows-WinRM/Operational,2446,4,,,,,,,
2026-03-26T06:17:16.599540Z,132,dc.danglingtree.htb,Microsoft-Windows-WinRM,Microsoft-Windows-WinRM/Operational,2447,4,,,,,Get,,
2026-03-26T06:17:16.609372Z,145,dc.danglingtree.htb,Microsoft-Windows-WinRM,Microsoft-Windows-WinRM/Operational,2448,4,,,,,Enumeration,,http://schemas.microsoft.com/wbem/wsman/1/Config/Plugin
2026-03-26T06:17:16.615760Z,254,dc.danglingtree.htb,Microsoft-Windows-WinRM,Microsoft-Windows-WinRM/Operational,2449,4,,,,,,,
2026-03-26T06:17:16.615761Z,132,dc.danglingtree.htb,Microsoft-Windows-WinRM,Microsoft-Windows-WinRM/Operational,2450,4,,,,,Enumeration,,
2026-03-26T06:17:16.617111Z,145,dc.danglingtree.htb,Microsoft-Windows-WinRM,Microsoft-Windows-WinRM/Operational,2451,4,,,,,Get,,http://schemas.microsoft.com/wbem/wsman/1/Config/Plugin
2026-03-26T06:17:16.618705Z,254,dc.danglingtree.htb,Microsoft-Windows-WinRM,Microsoft-Windows-WinRM/Operational,2452,4,,,,,,,
2026-03-26T06:17:16.618706Z,132,dc.danglingtree.htb,Microsoft-Windows-WinRM,Microsoft-Windows-WinRM/Operational,2453,4,,,,,Get,,
2026-03-26T06:17:16.621991Z,145,dc.danglingtree.htb,Microsoft-Windows-WinRM,Microsoft-Windows-WinRM/Operational,2454,4,,,,,Enumeration,,http://schemas.microsoft.com/wbem/wsman/1/Config/Plugin
2026-03-26T06:17:16.625575Z,254,dc.danglingtree.htb,Microsoft-Windows-WinRM,Microsoft-Windows-WinRM/Operational,2455,4,,,,,,,
2026-03-26T06:17:16.625576Z,132,dc.danglingtree.htb,Microsoft-Windows-WinRM,Microsoft-Windows-WinRM/Operational,2456,4,,,,,Enumeration,,
2026-03-26T06:17:16.626004Z,145,dc.danglingtree.htb,Microsoft-Windows-WinRM,Microsoft-Windows-WinRM/Operational,2457,4,,,,,Get,,http://schemas.microsoft.com/wbem/wsman/1/Config/Plugin
2026-03-26T06:17:16.628430Z,254,dc.danglingtree.htb,Microsoft-Windows-WinRM,Microsoft-Windows-WinRM/Operational,2458,4,,,,,,,
2026-03-26T06:17:16.628431Z,132,dc.danglingtree.htb,Microsoft-Windows-WinRM,Microsoft-Windows-WinRM/Operational,2459,4,,,,,Get,,
2026-03-26T06:17:16.634183Z,145,dc.danglingtree.htb,Microsoft-Windows-WinRM,Microsoft-Windows-WinRM/Operational,2460,4,,,,,Enumeration,,http://schemas.microsoft.com/wbem/wsman/1/Config/Plugin
2026-03-26T06:17:16.639929Z,254,dc.danglingtree.htb,Microsoft-Windows-WinRM,Microsoft-Windows-WinRM/Operational,2461,4,,,,,,,
2026-03-26T06:17:16.639930Z,132,dc.danglingtree.htb,Microsoft-Windows-WinRM,Microsoft-Windows-WinRM/Operational,2462,4,,,,,Enumeration,,
2026-03-26T06:17:16.640333Z,145,dc.danglingtree.htb,Microsoft-Windows-WinRM,Microsoft-Windows-WinRM/Operational,2463,4,,,,,Get,,http://schemas.microsoft.com/wbem/wsman/1/Config/Plugin
2026-03-26T06:17:16.641740Z,254,dc.danglingtree.htb,Microsoft-Windows-WinRM,Microsoft-Windows-WinRM/Operational,2464,4,,,,,,,
2026-03-26T06:17:16.641742Z,132,dc.danglingtree.htb,Microsoft-Windows-WinRM,Microsoft-Windows-WinRM/Operational,2465,4,,,,,Get,,
2026-03-26T06:17:16.645839Z,145,dc.danglingtree.htb,Microsoft-Windows-WinRM,Microsoft-Windows-WinRM/Operational,2466,4,,,,,Enumeration,,http://schemas.microsoft.com/wbem/wsman/1/Config/Plugin
2026-03-26T06:17:16.652523Z,254,dc.danglingtree.htb,Microsoft-Windows-WinRM,Microsoft-Windows-WinRM/Operational,2467,4,,,,,,,
2026-03-26T06:17:16.652525Z,132,dc.danglingtree.htb,Microsoft-Windows-WinRM,Microsoft-Windows-WinRM/Operational,2468,4,,,,,Enumeration,,
2026-03-26T06:17:16.652938Z,145,dc.danglingtree.htb,Microsoft-Windows-WinRM,Microsoft-Windows-WinRM/Operational,2469,4,,,,,Get,,http://schemas.microsoft.com/wbem/wsman/1/Config/Plugin
2026-03-26T06:17:16.654322Z,254,dc.danglingtree.htb,Microsoft-Windows-WinRM,Microsoft-Windows-WinRM/Operational,2470,4,,,,,,,
2026-03-26T06:17:16.654324Z,132,dc.danglingtree.htb,Microsoft-Windows-WinRM,Microsoft-Windows-WinRM/Operational,2471,4,,,,,Get,,
2026-03-26T06:17:16.657919Z,145,dc.danglingtree.htb,Microsoft-Windows-WinRM,Microsoft-Windows-WinRM/Operational,2472,4,,,,,Enumeration,,http://schemas.microsoft.com/wbem/wsman/1/Config/Plugin
2026-03-26T06:17:16.662295Z,254,dc.danglingtree.htb,Microsoft-Windows-WinRM,Microsoft-Windows-WinRM/Operational,2473,4,,,,,,,
2026-03-26T06:17:16.662300Z,132,dc.danglingtree.htb,Microsoft-Windows-WinRM,Microsoft-Windows-WinRM/Operational,2474,4,,,,,Enumeration,,
2026-03-26T06:17:16.664918Z,145,dc.danglingtree.htb,Microsoft-Windows-WinRM,Microsoft-Windows-WinRM/Operational,2475,4,,,,,Get,,http://schemas.microsoft.com/wbem/wsman/1/Config/Plugin
2026-03-26T06:17:16.667837Z,254,dc.danglingtree.htb,Microsoft-Windows-WinRM,Microsoft-Windows-WinRM/Operational,2476,4,,,,,,,
2026-03-26T06:17:16.667838Z,132,dc.danglingtree.htb,Microsoft-Windows-WinRM,Microsoft-Windows-WinRM/Operational,2477,4,,,,,Get,,
2026-03-26T06:17:16.673267Z,145,dc.danglingtree.htb,Microsoft-Windows-WinRM,Microsoft-Windows-WinRM/Operational,2478,4,,,,,Enumeration,,http://schemas.microsoft.com/wbem/wsman/1/Config/Plugin
2026-03-26T06:17:16.678241Z,254,dc.danglingtree.htb,Microsoft-Windows-WinRM,Microsoft-Windows-WinRM/Operational,2479,4,,,,,,,
2026-03-26T06:17:16.678242Z,132,dc.danglingtree.htb,Microsoft-Windows-WinRM,Microsoft-Windows-WinRM/Operational,2480,4,,,,,Enumeration,,
2026-03-26T06:17:16.679078Z,145,dc.danglingtree.htb,Microsoft-Windows-WinRM,Microsoft-Windows-WinRM/Operational,2481,4,,,,,Get,,http://schemas.microsoft.com/wbem/wsman/1/Config/Plugin
2026-03-26T06:17:16.682341Z,254,dc.danglingtree.htb,Microsoft-Windows-WinRM,Microsoft-Windows-WinRM/Operational,2482,4,,,,,,,
2026-03-26T06:17:16.682344Z,132,dc.danglingtree.htb,Microsoft-Windows-WinRM,Microsoft-Windows-WinRM/Operational,2483,4,,,,,Get,,
2026-03-26T06:17:16.690173Z,145,dc.danglingtree.htb,Microsoft-Windows-WinRM,Microsoft-Windows-WinRM/Operational,2484,4,,,,,Enumeration,,http://schemas.microsoft.com/wbem/wsman/1/Config/Plugin
2026-03-26T06:17:16.694751Z,254,dc.danglingtree.htb,Microsoft-Windows-WinRM,Microsoft-Windows-WinRM/Operational,2485,4,,,,,,,
2026-03-26T06:17:16.694753Z,132,dc.danglingtree.htb,Microsoft-Windows-WinRM,Microsoft-Windows-WinRM/Operational,2486,4,,,,,Enumeration,,
2026-03-26T06:17:16.696241Z,145,dc.danglingtree.htb,Microsoft-Windows-WinRM,Microsoft-Windows-WinRM/Operational,2487,4,,,,,Get,,http://schemas.microsoft.com/wbem/wsman/1/Config/Plugin
2026-03-26T06:17:16.698137Z,254,dc.danglingtree.htb,Microsoft-Windows-WinRM,Microsoft-Windows-WinRM/Operational,2488,4,,,,,,,
2026-03-26T06:17:16.698138Z,132,dc.danglingtree.htb,Microsoft-Windows-WinRM,Microsoft-Windows-WinRM/Operational,2489,4,,,,,Get,,
2026-03-26T06:17:16.701910Z,145,dc.danglingtree.htb,Microsoft-Windows-WinRM,Microsoft-Windows-WinRM/Operational,2490,4,,,,,Enumeration,,http://schemas.microsoft.com/wbem/wsman/1/Config/Plugin
2026-03-26T06:17:16.706105Z,254,dc.danglingtree.htb,Microsoft-Windows-WinRM,Microsoft-Windows-WinRM/Operational,2491,4,,,,,,,
2026-03-26T06:17:16.706107Z,132,dc.danglingtree.htb,Microsoft-Windows-WinRM,Microsoft-Windows-WinRM/Operational,2492,4,,,,,Enumeration,,
2026-03-26T06:17:16.706542Z,145,dc.danglingtree.htb,Microsoft-Windows-WinRM,Microsoft-Windows-WinRM/Operational,2493,4,,,,,Get,,http://schemas.microsoft.com/wbem/wsman/1/Config/Plugin
2026-03-26T06:17:16.708714Z,254,dc.danglingtree.htb,Microsoft-Windows-WinRM,Microsoft-Windows-WinRM/Operational,2494,4,,,,,,,
2026-03-26T06:17:16.708715Z,132,dc.danglingtree.htb,Microsoft-Windows-WinRM,Microsoft-Windows-WinRM/Operational,2495,4,,,,,Get,,
2026-03-26T06:17:16.712293Z,145,dc.danglingtree.htb,Microsoft-Windows-WinRM,Microsoft-Windows-WinRM/Operational,2496,4,,,,,Enumeration,,http://schemas.microsoft.com/wbem/wsman/1/Config/Plugin
2026-03-26T06:17:16.718739Z,254,dc.danglingtree.htb,Microsoft-Windows-WinRM,Microsoft-Windows-WinRM/Operational,2497,4,,,,,,,
2026-03-26T06:17:16.718741Z,132,dc.danglingtree.htb,Microsoft-Windows-WinRM,Microsoft-Windows-WinRM/Operational,2498,4,,,,,Enumeration,,
2026-03-26T06:17:16.719288Z,145,dc.danglingtree.htb,Microsoft-Windows-WinRM,Microsoft-Windows-WinRM/Operational,2499,4,,,,,Get,,http://schemas.microsoft.com/wbem/wsman/1/Config/Plugin
2026-03-26T06:17:16.721486Z,254,dc.danglingtree.htb,Microsoft-Windows-WinRM,Microsoft-Windows-WinRM/Operational,2500,4,,,,,,,
2026-03-26T06:17:16.721488Z,132,dc.danglingtree.htb,Microsoft-Windows-WinRM,Microsoft-Windows-WinRM/Operational,2501,4,,,,,Get,,
2026-03-26T06:17:16.722494Z,145,dc.danglingtree.htb,Microsoft-Windows-WinRM,Microsoft-Windows-WinRM/Operational,2502,4,,,,,Enumeration,,http://schemas.microsoft.com/wbem/wsman/1/Config/Plugin
2026-03-26T06:17:16.725918Z,254,dc.danglingtree.htb,Microsoft-Windows-WinRM,Microsoft-Windows-WinRM/Operational,2503,4,,,,,,,
2026-03-26T06:17:16.725920Z,132,dc.danglingtree.htb,Microsoft-Windows-WinRM,Microsoft-Windows-WinRM/Operational,2504,4,,,,,Enumeration,,
2026-03-26T06:17:16.726530Z,145,dc.danglingtree.htb,Microsoft-Windows-WinRM,Microsoft-Windows-WinRM/Operational,2505,4,,,,,Get,,http://schemas.microsoft.com/wbem/wsman/1/Config/Plugin
2026-03-26T06:17:16.729019Z,254,dc.danglingtree.htb,Microsoft-Windows-WinRM,Microsoft-Windows-WinRM/Operational,2506,4,,,,,,,
2026-03-26T06:17:16.729021Z,132,dc.danglingtree.htb,Microsoft-Windows-WinRM,Microsoft-Windows-WinRM/Operational,2507,4,,,,,Get,,
2026-03-26T06:17:28.977742Z,145,dc.danglingtree.htb,Microsoft-Windows-WinRM,Microsoft-Windows-WinRM/Operational,2508,4,,,,,Get,,http://schemas.microsoft.com/wbem/wsman/1/Config/Client
2026-03-26T06:17:28.999836Z,132,dc.danglingtree.htb,Microsoft-Windows-WinRM,Microsoft-Windows-WinRM/Operational,2509,4,,,,,Get,,
2026-03-26T06:17:29.005413Z,145,dc.danglingtree.htb,Microsoft-Windows-WinRM,Microsoft-Windows-WinRM/Operational,2510,4,,,,,Put,,http://schemas.microsoft.com/wbem/wsman/1/Config/Client
2026-03-26T06:17:29.008369Z,132,dc.danglingtree.htb,Microsoft-Windows-WinRM,Microsoft-Windows-WinRM/Operational,2511,4,,,,,Put,,
2026-03-26T06:17:35.497693Z,145,dc.danglingtree.htb,Microsoft-Windows-WinRM,Microsoft-Windows-WinRM/Operational,2512,4,,,,,Enumeration,,http://schemas.microsoft.com/wbem/wsman/1/Config/Plugin
2026-03-26T06:17:35.520176Z,132,dc.danglingtree.htb,Microsoft-Windows-WinRM,Microsoft-Windows-WinRM/Operational,2513,4,,,,,Enumeration,,
2026-03-26T06:23:49.662915Z,145,dc.danglingtree.htb,Microsoft-Windows-WinRM,Microsoft-Windows-WinRM/Operational,2514,4,,,,,Enumeration,,http://schemas.microsoft.com/wbem/wsman/1/config/listener
2026-03-26T06:23:49.691079Z,132,dc.danglingtree.htb,Microsoft-Windows-WinRM,Microsoft-Windows-WinRM/Operational,2515,4,,,,,Enumeration,,
2026-03-26T06:23:49.747540Z,145,dc.danglingtree.htb,Microsoft-Windows-WinRM,Microsoft-Windows-WinRM/Operational,2516,4,,,,,Enumeration,,http://schemas.microsoft.com/wbem/wsman/1/windows/shell
2026-03-26T06:23:49.753381Z,132,dc.danglingtree.htb,Microsoft-Windows-WinRM,Microsoft-Windows-WinRM/Operational,2517,4,,,,,Enumeration,,
2026-03-26T06:27:25.865399Z,211,dc.danglingtree.htb,Microsoft-Windows-WinRM,Microsoft-Windows-WinRM/Operational,2518,4,,,,,,,
2026-03-26T06:27:26.453565Z,212,dc.danglingtree.htb,Microsoft-Windows-WinRM,Microsoft-Windows-WinRM/Operational,2519,4,,,,,,,
2026-03-26T06:40:09.576232Z,208,dc.danglingtree.htb,Microsoft-Windows-WinRM,Microsoft-Windows-WinRM/Operational,2520,4,,,,,,,
2026-03-26T06:40:09.813701Z,209,dc.danglingtree.htb,Microsoft-Windows-WinRM,Microsoft-Windows-WinRM/Operational,2521,4,,,,,,,
2026-03-26T06:40:22.465486Z,145,dc.danglingtree.htb,Microsoft-Windows-WinRM,Microsoft-Windows-WinRM/Operational,2522,4,,,,,Enumeration,,http://schemas.microsoft.com/wbem/wsman/1/config/listener
2026-03-26T06:40:22.494717Z,132,dc.danglingtree.htb,Microsoft-Windows-WinRM,Microsoft-Windows-WinRM/Operational,2523,4,,,,,Enumeration,,
2026-03-26T06:40:22.555748Z,145,dc.danglingtree.htb,Microsoft-Windows-WinRM,Microsoft-Windows-WinRM/Operational,2524,4,,,,,Enumeration,,http://schemas.microsoft.com/wbem/wsman/1/windows/shell
2026-03-26T06:40:22.560826Z,132,dc.danglingtree.htb,Microsoft-Windows-WinRM,Microsoft-Windows-WinRM/Operational,2525,4,,,,,Enumeration,,
2026-03-26T06:49:48.790271Z,145,dc.danglingtree.htb,Microsoft-Windows-WinRM,Microsoft-Windows-WinRM/Operational,2526,4,,,,,Enumeration,,http://schemas.microsoft.com/wbem/wsman/1/config/listener
2026-03-26T06:49:48.812608Z,132,dc.danglingtree.htb,Microsoft-Windows-WinRM,Microsoft-Windows-WinRM/Operational,2527,4,,,,,Enumeration,,
2026-03-26T06:49:48.845257Z,145,dc.danglingtree.htb,Microsoft-Windows-WinRM,Microsoft-Windows-WinRM/Operational,2528,4,,,,,Enumeration,,http://schemas.microsoft.com/wbem/wsman/1/windows/shell
2026-03-26T06:49:48.853882Z,132,dc.danglingtree.htb,Microsoft-Windows-WinRM,Microsoft-Windows-WinRM/Operational,2529,4,,,,,Enumeration,,
2026-03-26T07:20:33.206768Z,145,dc.danglingtree.htb,Microsoft-Windows-WinRM,Microsoft-Windows-WinRM/Operational,2530,4,,,,,Enumeration,,http://schemas.microsoft.com/wbem/wsman/1/config/listener
2026-03-26T07:20:33.225193Z,132,dc.danglingtree.htb,Microsoft-Windows-WinRM,Microsoft-Windows-WinRM/Operational,2531,4,,,,,Enumeration,,
2026-03-26T07:20:33.256107Z,145,dc.danglingtree.htb,Microsoft-Windows-WinRM,Microsoft-Windows-WinRM/Operational,2532,4,,,,,Enumeration,,http://schemas.microsoft.com/wbem/wsman/1/windows/shell
2026-03-26T07:20:33.260310Z,132,dc.danglingtree.htb,Microsoft-Windows-WinRM,Microsoft-Windows-WinRM/Operational,2533,4,,,,,Enumeration,,
2026-03-26T07:24:59.582426Z,145,dc.danglingtree.htb,Microsoft-Windows-WinRM,Microsoft-Windows-WinRM/Operational,2534,4,,,,,Enumeration,,http://schemas.microsoft.com/wbem/wsman/1/config/listener
2026-03-26T07:24:59.632613Z,132,dc.danglingtree.htb,Microsoft-Windows-WinRM,Microsoft-Windows-WinRM/Operational,2535,4,,,,,Enumeration,,
2026-03-26T07:24:59.691673Z,145,dc.danglingtree.htb,Microsoft-Windows-WinRM,Microsoft-Windows-WinRM/Operational,2536,4,,,,,Enumeration,,http://schemas.microsoft.com/wbem/wsman/1/windows/shell
2026-03-26T07:24:59.698806Z,132,dc.danglingtree.htb,Microsoft-Windows-WinRM,Microsoft-Windows-WinRM/Operational,2537,4,,,,,Enumeration,,
2026-03-26T07:45:21.817845Z,145,dc.danglingtree.htb,Microsoft-Windows-WinRM,Microsoft-Windows-WinRM/Operational,2538,4,,,,,Enumeration,,http://schemas.microsoft.com/wbem/wsman/1/config/listener
2026-03-26T07:45:21.840502Z,132,dc.danglingtree.htb,Microsoft-Windows-WinRM,Microsoft-Windows-WinRM/Operational,2539,4,,,,,Enumeration,,
2026-03-26T07:45:21.894960Z,145,dc.danglingtree.htb,Microsoft-Windows-WinRM,Microsoft-Windows-WinRM/Operational,2540,4,,,,,Enumeration,,http://schemas.microsoft.com/wbem/wsman/1/windows/shell
2026-03-26T07:45:21.903106Z,132,dc.danglingtree.htb,Microsoft-Windows-WinRM,Microsoft-Windows-WinRM/Operational,2541,4,,,,,Enumeration,,
2026-03-26T07:45:21.938437Z,145,dc.danglingtree.htb,Microsoft-Windows-WinRM,Microsoft-Windows-WinRM/Operational,2542,4,,,,,Enumeration,,http://schemas.microsoft.com/wbem/wsman/1/windows/shell
2026-03-26T07:45:21.944696Z,132,dc.danglingtree.htb,Microsoft-Windows-WinRM,Microsoft-Windows-WinRM/Operational,2543,4,,,,,Enumeration,,
2026-03-26T07:48:46.435939Z,145,dc.danglingtree.htb,Microsoft-Windows-WinRM,Microsoft-Windows-WinRM/Operational,2544,4,,,,,Enumeration,,http://schemas.microsoft.com/wbem/wsman/1/config/listener
2026-03-26T07:48:46.474233Z,132,dc.danglingtree.htb,Microsoft-Windows-WinRM,Microsoft-Windows-WinRM/Operational,2545,4,,,,,Enumeration,,
2026-03-26T07:48:46.537637Z,145,dc.danglingtree.htb,Microsoft-Windows-WinRM,Microsoft-Windows-WinRM/Operational,2546,4,,,,,Enumeration,,http://schemas.microsoft.com/wbem/wsman/1/windows/shell
2026-03-26T07:48:46.545838Z,132,dc.danglingtree.htb,Microsoft-Windows-WinRM,Microsoft-Windows-WinRM/Operational,2547,4,,,,,Enumeration,,
2026-03-26T07:48:46.590435Z,145,dc.danglingtree.htb,Microsoft-Windows-WinRM,Microsoft-Windows-WinRM/Operational,2548,4,,,,,Enumeration,,http://schemas.microsoft.com/wbem/wsman/1/windows/shell
2026-03-26T07:48:46.600073Z,132,dc.danglingtree.htb,Microsoft-Windows-WinRM,Microsoft-Windows-WinRM/Operational,2549,4,,,,,Enumeration,,
2026-03-26T07:50:30.589967Z,145,dc.danglingtree.htb,Microsoft-Windows-WinRM,Microsoft-Windows-WinRM/Operational,2550,4,,,,,Enumeration,,http://schemas.microsoft.com/wbem/wsman/1/windows/shell
2026-03-26T07:50:30.596127Z,132,dc.danglingtree.htb,Microsoft-Windows-WinRM,Microsoft-Windows-WinRM/Operational,2551,4,,,,,Enumeration,,
2026-03-26T07:50:50.959623Z,145,dc.danglingtree.htb,Microsoft-Windows-WinRM,Microsoft-Windows-WinRM/Operational,2552,4,,,,,Enumeration,,http://schemas.microsoft.com/wbem/wsman/1/windows/shell
2026-03-26T07:50:50.965934Z,132,dc.danglingtree.htb,Microsoft-Windows-WinRM,Microsoft-Windows-WinRM/Operational,2553,4,,,,,Enumeration,,
2026-03-26T07:51:45.729893Z,211,dc.danglingtree.htb,Microsoft-Windows-WinRM,Microsoft-Windows-WinRM/Operational,2554,4,,,,,,,
2026-03-26T07:51:46.279412Z,212,dc.danglingtree.htb,Microsoft-Windows-WinRM,Microsoft-Windows-WinRM/Operational,2555,4,,,,,,,
2026-03-26T20:55:04.930363Z,208,dc.danglingtree.htb,Microsoft-Windows-WinRM,Microsoft-Windows-WinRM/Operational,2556,4,,,,,,,
2026-03-26T20:55:05.119160Z,209,dc.danglingtree.htb,Microsoft-Windows-WinRM,Microsoft-Windows-WinRM/Operational,2557,4,,,,,,,
2026-03-26T20:55:25.579950Z,145,dc.danglingtree.htb,Microsoft-Windows-WinRM,Microsoft-Windows-WinRM/Operational,2558,4,,,,,Enumeration,,http://schemas.microsoft.com/wbem/wsman/1/config/listener
2026-03-26T20:55:25.606959Z,132,dc.danglingtree.htb,Microsoft-Windows-WinRM,Microsoft-Windows-WinRM/Operational,2559,4,,,,,Enumeration,,
2026-03-26T20:55:25.671015Z,145,dc.danglingtree.htb,Microsoft-Windows-WinRM,Microsoft-Windows-WinRM/Operational,2560,4,,,,,Enumeration,,http://schemas.microsoft.com/wbem/wsman/1/windows/shell
2026-03-26T20:55:25.676194Z,132,dc.danglingtree.htb,Microsoft-Windows-WinRM,Microsoft-Windows-WinRM/Operational,2561,4,,,,,Enumeration,,
2026-03-26T20:58:32.948413Z,145,dc.danglingtree.htb,Microsoft-Windows-WinRM,Microsoft-Windows-WinRM/Operational,2562,4,,,,,Enumeration,,http://schemas.microsoft.com/wbem/wsman/1/windows/shell
2026-03-26T20:58:32.960244Z,132,dc.danglingtree.htb,Microsoft-Windows-WinRM,Microsoft-Windows-WinRM/Operational,2563,4,,,,,Enumeration,,
2026-03-26T21:13:37.721689Z,145,dc.danglingtree.htb,Microsoft-Windows-WinRM,Microsoft-Windows-WinRM/Operational,2564,4,,,,,Enumeration,,http://schemas.microsoft.com/wbem/wsman/1/config/listener
2026-03-26T21:13:37.742594Z,132,dc.danglingtree.htb,Microsoft-Windows-WinRM,Microsoft-Windows-WinRM/Operational,2565,4,,,,,Enumeration,,
2026-03-26T21:13:37.772425Z,145,dc.danglingtree.htb,Microsoft-Windows-WinRM,Microsoft-Windows-WinRM/Operational,2566,4,,,,,Enumeration,,http://schemas.microsoft.com/wbem/wsman/1/windows/shell
2026-03-26T21:13:37.777205Z,132,dc.danglingtree.htb,Microsoft-Windows-WinRM,Microsoft-Windows-WinRM/Operational,2567,4,,,,,Enumeration,,
2026-03-26T21:33:43.444827Z,145,dc.danglingtree.htb,Microsoft-Windows-WinRM,Microsoft-Windows-WinRM/Operational,2568,4,,,,,Enumeration,,http://schemas.microsoft.com/wbem/wsman/1/config/listener
2026-03-26T21:33:43.468666Z,132,dc.danglingtree.htb,Microsoft-Windows-WinRM,Microsoft-Windows-WinRM/Operational,2569,4,,,,,Enumeration,,
2026-03-26T21:33:43.512509Z,145,dc.danglingtree.htb,Microsoft-Windows-WinRM,Microsoft-Windows-WinRM/Operational,2570,4,,,,,Enumeration,,http://schemas.microsoft.com/wbem/wsman/1/windows/shell
2026-03-26T21:33:43.517384Z,132,dc.danglingtree.htb,Microsoft-Windows-WinRM,Microsoft-Windows-WinRM/Operational,2571,4,,,,,Enumeration,,
2026-03-26T21:46:47.286993Z,211,dc.danglingtree.htb,Microsoft-Windows-WinRM,Microsoft-Windows-WinRM/Operational,2572,4,,,,,,,
2026-03-26T21:46:47.835192Z,212,dc.danglingtree.htb,Microsoft-Windows-WinRM,Microsoft-Windows-WinRM/Operational,2573,4,,,,,,,
2026-03-27T07:54:55.409176Z,208,dc.danglingtree.htb,Microsoft-Windows-WinRM,Microsoft-Windows-WinRM/Operational,2574,4,,,,,,,
2026-03-27T07:54:55.626364Z,209,dc.danglingtree.htb,Microsoft-Windows-WinRM,Microsoft-Windows-WinRM/Operational,2575,4,,,,,,,
2026-03-27T07:55:16.229368Z,145,dc.danglingtree.htb,Microsoft-Windows-WinRM,Microsoft-Windows-WinRM/Operational,2576,4,,,,,Enumeration,,http://schemas.microsoft.com/wbem/wsman/1/config/listener
2026-03-27T07:55:16.275970Z,132,dc.danglingtree.htb,Microsoft-Windows-WinRM,Microsoft-Windows-WinRM/Operational,2577,4,,,,,Enumeration,,
2026-03-27T07:55:16.394749Z,145,dc.danglingtree.htb,Microsoft-Windows-WinRM,Microsoft-Windows-WinRM/Operational,2578,4,,,,,Enumeration,,http://schemas.microsoft.com/wbem/wsman/1/windows/shell
2026-03-27T07:55:16.404385Z,132,dc.danglingtree.htb,Microsoft-Windows-WinRM,Microsoft-Windows-WinRM/Operational,2579,4,,,,,Enumeration,,
2026-03-27T07:57:45.507879Z,145,dc.danglingtree.htb,Microsoft-Windows-WinRM,Microsoft-Windows-WinRM/Operational,2580,4,,,,,Invoke,,http://schemas.microsoft.com/wbem/wsman/1/config/service
2026-03-27T07:57:45.559408Z,132,dc.danglingtree.htb,Microsoft-Windows-WinRM,Microsoft-Windows-WinRM/Operational,2581,4,,,,,Invoke,,
2026-03-27T07:59:45.494162Z,145,dc.danglingtree.htb,Microsoft-Windows-WinRM,Microsoft-Windows-WinRM/Operational,2582,4,,,,,Invoke,,http://schemas.microsoft.com/wbem/wsman/1/config/service
2026-03-27T07:59:45.526396Z,132,dc.danglingtree.htb,Microsoft-Windows-WinRM,Microsoft-Windows-WinRM/Operational,2583,4,,,,,Invoke,,
2026-03-27T08:01:45.492002Z,145,dc.danglingtree.htb,Microsoft-Windows-WinRM,Microsoft-Windows-WinRM/Operational,2584,4,,,,,Invoke,,http://schemas.microsoft.com/wbem/wsman/1/config/service
2026-03-27T08:01:45.524561Z,132,dc.danglingtree.htb,Microsoft-Windows-WinRM,Microsoft-Windows-WinRM/Operational,2585,4,,,,,Invoke,,
2026-03-27T08:03:45.512928Z,145,dc.danglingtree.htb,Microsoft-Windows-WinRM,Microsoft-Windows-WinRM/Operational,2586,4,,,,,Invoke,,http://schemas.microsoft.com/wbem/wsman/1/config/service
2026-03-27T08:03:45.541459Z,132,dc.danglingtree.htb,Microsoft-Windows-WinRM,Microsoft-Windows-WinRM/Operational,2587,4,,,,,Invoke,,
2026-03-27T08:05:45.694763Z,145,dc.danglingtree.htb,Microsoft-Windows-WinRM,Microsoft-Windows-WinRM/Operational,2588,4,,,,,Invoke,,http://schemas.microsoft.com/wbem/wsman/1/config/service
2026-03-27T08:05:45.723510Z,132,dc.danglingtree.htb,Microsoft-Windows-WinRM,Microsoft-Windows-WinRM/Operational,2589,4,,,,,Invoke,,
2026-03-27T08:07:45.580329Z,145,dc.danglingtree.htb,Microsoft-Windows-WinRM,Microsoft-Windows-WinRM/Operational,2590,4,,,,,Invoke,,http://schemas.microsoft.com/wbem/wsman/1/config/service
2026-03-27T08:07:45.625681Z,132,dc.danglingtree.htb,Microsoft-Windows-WinRM,Microsoft-Windows-WinRM/Operational,2591,4,,,,,Invoke,,
2026-03-27T08:09:45.625604Z,145,dc.danglingtree.htb,Microsoft-Windows-WinRM,Microsoft-Windows-WinRM/Operational,2592,4,,,,,Invoke,,http://schemas.microsoft.com/wbem/wsman/1/config/service
2026-03-27T08:09:45.662977Z,132,dc.danglingtree.htb,Microsoft-Windows-WinRM,Microsoft-Windows-WinRM/Operational,2593,4,,,,,Invoke,,
2026-03-27T08:11:45.862140Z,145,dc.danglingtree.htb,Microsoft-Windows-WinRM,Microsoft-Windows-WinRM/Operational,2594,4,,,,,Invoke,,http://schemas.microsoft.com/wbem/wsman/1/config/service
2026-03-27T08:11:45.907418Z,132,dc.danglingtree.htb,Microsoft-Windows-WinRM,Microsoft-Windows-WinRM/Operational,2595,4,,,,,Invoke,,
2026-03-27T08:13:45.592990Z,145,dc.danglingtree.htb,Microsoft-Windows-WinRM,Microsoft-Windows-WinRM/Operational,2596,4,,,,,Invoke,,http://schemas.microsoft.com/wbem/wsman/1/config/service
2026-03-27T08:13:45.635368Z,132,dc.danglingtree.htb,Microsoft-Windows-WinRM,Microsoft-Windows-WinRM/Operational,2597,4,,,,,Invoke,,
2026-03-27T08:15:45.590328Z,145,dc.danglingtree.htb,Microsoft-Windows-WinRM,Microsoft-Windows-WinRM/Operational,2598,4,,,,,Invoke,,http://schemas.microsoft.com/wbem/wsman/1/config/service
2026-03-27T08:15:45.631729Z,132,dc.danglingtree.htb,Microsoft-Windows-WinRM,Microsoft-Windows-WinRM/Operational,2599,4,,,,,Invoke,,
2026-03-27T08:17:45.658938Z,145,dc.danglingtree.htb,Microsoft-Windows-WinRM,Microsoft-Windows-WinRM/Operational,2600,4,,,,,Invoke,,http://schemas.microsoft.com/wbem/wsman/1/config/service
2026-03-27T08:17:45.717048Z,132,dc.danglingtree.htb,Microsoft-Windows-WinRM,Microsoft-Windows-WinRM/Operational,2601,4,,,,,Invoke,,
2026-03-27T08:19:45.633542Z,145,dc.danglingtree.htb,Microsoft-Windows-WinRM,Microsoft-Windows-WinRM/Operational,2602,4,,,,,Invoke,,http://schemas.microsoft.com/wbem/wsman/1/config/service
2026-03-27T08:19:45.663686Z,132,dc.danglingtree.htb,Microsoft-Windows-WinRM,Microsoft-Windows-WinRM/Operational,2603,4,,,,,Invoke,,
2026-03-27T08:21:45.628827Z,145,dc.danglingtree.htb,Microsoft-Windows-WinRM,Microsoft-Windows-WinRM/Operational,2604,4,,,,,Invoke,,http://schemas.microsoft.com/wbem/wsman/1/config/service
2026-03-27T08:21:45.675599Z,132,dc.danglingtree.htb,Microsoft-Windows-WinRM,Microsoft-Windows-WinRM/Operational,2605,4,,,,,Invoke,,
2026-03-27T08:23:45.648768Z,145,dc.danglingtree.htb,Microsoft-Windows-WinRM,Microsoft-Windows-WinRM/Operational,2606,4,,,,,Invoke,,http://schemas.microsoft.com/wbem/wsman/1/config/service
2026-03-27T08:23:45.692534Z,132,dc.danglingtree.htb,Microsoft-Windows-WinRM,Microsoft-Windows-WinRM/Operational,2607,4,,,,,Invoke,,
2026-03-27T08:25:45.637929Z,145,dc.danglingtree.htb,Microsoft-Windows-WinRM,Microsoft-Windows-WinRM/Operational,2608,4,,,,,Invoke,,http://schemas.microsoft.com/wbem/wsman/1/config/service
2026-03-27T08:25:45.674388Z,132,dc.danglingtree.htb,Microsoft-Windows-WinRM,Microsoft-Windows-WinRM/Operational,2609,4,,,,,Invoke,,
2026-03-27T08:27:45.762363Z,145,dc.danglingtree.htb,Microsoft-Windows-WinRM,Microsoft-Windows-WinRM/Operational,2610,4,,,,,Invoke,,http://schemas.microsoft.com/wbem/wsman/1/config/service
2026-03-27T08:27:45.806572Z,132,dc.danglingtree.htb,Microsoft-Windows-WinRM,Microsoft-Windows-WinRM/Operational,2611,4,,,,,Invoke,,
2026-03-27T08:31:39.505488Z,211,dc.danglingtree.htb,Microsoft-Windows-WinRM,Microsoft-Windows-WinRM/Operational,2612,4,,,,,,,
2026-03-27T08:31:40.104334Z,212,dc.danglingtree.htb,Microsoft-Windows-WinRM,Microsoft-Windows-WinRM/Operational,2613,4,,,,,,,
2026-03-27T21:56:30.928412Z,208,dc.danglingtree.htb,Microsoft-Windows-WinRM,Microsoft-Windows-WinRM/Operational,2614,4,,,,,,,
2026-03-27T21:56:31.180431Z,209,dc.danglingtree.htb,Microsoft-Windows-WinRM,Microsoft-Windows-WinRM/Operational,2615,4,,,,,,,
2026-03-27T21:56:51.819346Z,145,dc.danglingtree.htb,Microsoft-Windows-WinRM,Microsoft-Windows-WinRM/Operational,2616,4,,,,,Enumeration,,http://schemas.microsoft.com/wbem/wsman/1/config/listener
2026-03-27T21:56:51.857892Z,132,dc.danglingtree.htb,Microsoft-Windows-WinRM,Microsoft-Windows-WinRM/Operational,2617,4,,,,,Enumeration,,
2026-03-27T21:56:51.959875Z,145,dc.danglingtree.htb,Microsoft-Windows-WinRM,Microsoft-Windows-WinRM/Operational,2618,4,,,,,Enumeration,,http://schemas.microsoft.com/wbem/wsman/1/windows/shell
2026-03-27T21:56:51.966288Z,132,dc.danglingtree.htb,Microsoft-Windows-WinRM,Microsoft-Windows-WinRM/Operational,2619,4,,,,,Enumeration,,
2026-03-27T22:13:25.745379Z,145,dc.danglingtree.htb,Microsoft-Windows-WinRM,Microsoft-Windows-WinRM/Operational,2620,4,,,,,Enumeration,,http://schemas.microsoft.com/wbem/wsman/1/config/listener
2026-03-27T22:13:25.795708Z,132,dc.danglingtree.htb,Microsoft-Windows-WinRM,Microsoft-Windows-WinRM/Operational,2621,4,,,,,Enumeration,,
2026-03-27T22:13:25.867381Z,145,dc.danglingtree.htb,Microsoft-Windows-WinRM,Microsoft-Windows-WinRM/Operational,2622,4,,,,,Enumeration,,http://schemas.microsoft.com/wbem/wsman/1/windows/shell
2026-03-27T22:13:25.875847Z,132,dc.danglingtree.htb,Microsoft-Windows-WinRM,Microsoft-Windows-WinRM/Operational,2623,4,,,,,Enumeration,,
2026-03-27T22:13:25.925757Z,145,dc.danglingtree.htb,Microsoft-Windows-WinRM,Microsoft-Windows-WinRM/Operational,2624,4,,,,,Enumeration,,http://schemas.microsoft.com/wbem/wsman/1/windows/shell
2026-03-27T22:13:25.934040Z,132,dc.danglingtree.htb,Microsoft-Windows-WinRM,Microsoft-Windows-WinRM/Operational,2625,4,,,,,Enumeration,,
2026-03-27T22:18:21.747279Z,211,dc.danglingtree.htb,Microsoft-Windows-WinRM,Microsoft-Windows-WinRM/Operational,2626,4,,,,,,,
2026-03-27T22:18:22.371270Z,212,dc.danglingtree.htb,Microsoft-Windows-WinRM,Microsoft-Windows-WinRM/Operational,2627,4,,,,,,,
2026-03-27T22:18:50.926525Z,208,dc.danglingtree.htb,Microsoft-Windows-WinRM,Microsoft-Windows-WinRM/Operational,2628,4,,,,,,,
2026-03-27T22:18:51.321254Z,209,dc.danglingtree.htb,Microsoft-Windows-WinRM,Microsoft-Windows-WinRM/Operational,2629,4,,,,,,,
2026-03-27T22:19:11.926251Z,145,dc.danglingtree.htb,Microsoft-Windows-WinRM,Microsoft-Windows-WinRM/Operational,2630,4,,,,,Enumeration,,http://schemas.microsoft.com/wbem/wsman/1/config/listener
2026-03-27T22:19:11.984420Z,132,dc.danglingtree.htb,Microsoft-Windows-WinRM,Microsoft-Windows-WinRM/Operational,2631,4,,,,,Enumeration,,
2026-03-27T22:19:12.116427Z,145,dc.danglingtree.htb,Microsoft-Windows-WinRM,Microsoft-Windows-WinRM/Operational,2632,4,,,,,Enumeration,,http://schemas.microsoft.com/wbem/wsman/1/windows/shell
2026-03-27T22:19:12.125958Z,132,dc.danglingtree.htb,Microsoft-Windows-WinRM,Microsoft-Windows-WinRM/Operational,2633,4,,,,,Enumeration,,
2026-03-27T22:22:39.442411Z,211,dc.danglingtree.htb,Microsoft-Windows-WinRM,Microsoft-Windows-WinRM/Operational,2634,4,,,,,,,
2026-03-27T22:22:39.997315Z,212,dc.danglingtree.htb,Microsoft-Windows-WinRM,Microsoft-Windows-WinRM/Operational,2635,4,,,,,,,
2026-03-27T22:23:06.384858Z,208,dc.danglingtree.htb,Microsoft-Windows-WinRM,Microsoft-Windows-WinRM/Operational,2636,4,,,,,,,
2026-03-27T22:23:06.884844Z,209,dc.danglingtree.htb,Microsoft-Windows-WinRM,Microsoft-Windows-WinRM/Operational,2637,4,,,,,,,
2026-03-27T22:23:27.754948Z,145,dc.danglingtree.htb,Microsoft-Windows-WinRM,Microsoft-Windows-WinRM/Operational,2638,4,,,,,Enumeration,,http://schemas.microsoft.com/wbem/wsman/1/config/listener
2026-03-27T22:23:27.808854Z,132,dc.danglingtree.htb,Microsoft-Windows-WinRM,Microsoft-Windows-WinRM/Operational,2639,4,,,,,Enumeration,,
2026-03-27T22:23:27.896760Z,145,dc.danglingtree.htb,Microsoft-Windows-WinRM,Microsoft-Windows-WinRM/Operational,2640,4,,,,,Enumeration,,http://schemas.microsoft.com/wbem/wsman/1/windows/shell
2026-03-27T22:23:27.904055Z,132,dc.danglingtree.htb,Microsoft-Windows-WinRM,Microsoft-Windows-WinRM/Operational,2641,4,,,,,Enumeration,,
2026-03-27T22:28:56.775615Z,145,dc.danglingtree.htb,Microsoft-Windows-WinRM,Microsoft-Windows-WinRM/Operational,2642,4,,,,,Enumeration,,http://schemas.microsoft.com/wbem/wsman/1/config/listener
2026-03-27T22:28:56.811683Z,132,dc.danglingtree.htb,Microsoft-Windows-WinRM,Microsoft-Windows-WinRM/Operational,2643,4,,,,,Enumeration,,
2026-03-27T22:28:56.897375Z,145,dc.danglingtree.htb,Microsoft-Windows-WinRM,Microsoft-Windows-WinRM/Operational,2644,4,,,,,Enumeration,,http://schemas.microsoft.com/wbem/wsman/1/windows/shell
2026-03-27T22:28:56.913806Z,132,dc.danglingtree.htb,Microsoft-Windows-WinRM,Microsoft-Windows-WinRM/Operational,2645,4,,,,,Enumeration,,
2026-03-27T22:28:56.983968Z,145,dc.danglingtree.htb,Microsoft-Windows-WinRM,Microsoft-Windows-WinRM/Operational,2646,4,,,,,Enumeration,,http://schemas.microsoft.com/wbem/wsman/1/windows/shell
2026-03-27T22:28:56.997275Z,132,dc.danglingtree.htb,Microsoft-Windows-WinRM,Microsoft-Windows-WinRM/Operational,2647,4,,,,,Enumeration,,
2026-03-27T22:31:17.279798Z,145,dc.danglingtree.htb,Microsoft-Windows-WinRM,Microsoft-Windows-WinRM/Operational,2648,4,,,,,Enumeration,,http://schemas.microsoft.com/wbem/wsman/1/config/listener
2026-03-27T22:31:17.314599Z,132,dc.danglingtree.htb,Microsoft-Windows-WinRM,Microsoft-Windows-WinRM/Operational,2649,4,,,,,Enumeration,,
2026-03-27T22:31:17.358215Z,145,dc.danglingtree.htb,Microsoft-Windows-WinRM,Microsoft-Windows-WinRM/Operational,2650,4,,,,,Enumeration,,http://schemas.microsoft.com/wbem/wsman/1/windows/shell
2026-03-27T22:31:17.364633Z,132,dc.danglingtree.htb,Microsoft-Windows-WinRM,Microsoft-Windows-WinRM/Operational,2651,4,,,,,Enumeration,,
2026-03-27T22:35:10.260934Z,145,dc.danglingtree.htb,Microsoft-Windows-WinRM,Microsoft-Windows-WinRM/Operational,2652,4,,,,,Enumeration,,http://schemas.microsoft.com/wbem/wsman/1/config/listener
2026-03-27T22:35:10.292420Z,132,dc.danglingtree.htb,Microsoft-Windows-WinRM,Microsoft-Windows-WinRM/Operational,2653,4,,,,,Enumeration,,
2026-03-27T22:35:10.338208Z,145,dc.danglingtree.htb,Microsoft-Windows-WinRM,Microsoft-Windows-WinRM/Operational,2654,4,,,,,Enumeration,,http://schemas.microsoft.com/wbem/wsman/1/windows/shell
2026-03-27T22:35:10.345590Z,132,dc.danglingtree.htb,Microsoft-Windows-WinRM,Microsoft-Windows-WinRM/Operational,2655,4,,,,,Enumeration,,
2026-03-27T22:35:10.376062Z,145,dc.danglingtree.htb,Microsoft-Windows-WinRM,Microsoft-Windows-WinRM/Operational,2656,4,,,,,Enumeration,,http://schemas.microsoft.com/wbem/wsman/1/windows/shell
2026-03-27T22:35:10.383259Z,132,dc.danglingtree.htb,Microsoft-Windows-WinRM,Microsoft-Windows-WinRM/Operational,2657,4,,,,,Enumeration,,
2026-03-27T22:37:46.569117Z,145,dc.danglingtree.htb,Microsoft-Windows-WinRM,Microsoft-Windows-WinRM/Operational,2658,4,,,,,Enumeration,,http://schemas.microsoft.com/wbem/wsman/1/config/listener
2026-03-27T22:37:46.608675Z,132,dc.danglingtree.htb,Microsoft-Windows-WinRM,Microsoft-Windows-WinRM/Operational,2659,4,,,,,Enumeration,,
2026-03-27T22:37:46.682948Z,145,dc.danglingtree.htb,Microsoft-Windows-WinRM,Microsoft-Windows-WinRM/Operational,2660,4,,,,,Enumeration,,http://schemas.microsoft.com/wbem/wsman/1/windows/shell
2026-03-27T22:37:46.692088Z,132,dc.danglingtree.htb,Microsoft-Windows-WinRM,Microsoft-Windows-WinRM/Operational,2661,4,,,,,Enumeration,,
2026-03-27T22:39:33.658943Z,211,dc.danglingtree.htb,Microsoft-Windows-WinRM,Microsoft-Windows-WinRM/Operational,2662,4,,,,,,,
2026-03-27T22:39:34.242757Z,212,dc.danglingtree.htb,Microsoft-Windows-WinRM,Microsoft-Windows-WinRM/Operational,2663,4,,,,,,,
2026-03-27T22:40:01.323537Z,208,dc.danglingtree.htb,Microsoft-Windows-WinRM,Microsoft-Windows-WinRM/Operational,2664,4,,,,,,,
2026-03-27T22:40:01.645333Z,209,dc.danglingtree.htb,Microsoft-Windows-WinRM,Microsoft-Windows-WinRM/Operational,2665,4,,,,,,,
2026-03-27T22:40:22.284036Z,145,dc.danglingtree.htb,Microsoft-Windows-WinRM,Microsoft-Windows-WinRM/Operational,2666,4,,,,,Enumeration,,http://schemas.microsoft.com/wbem/wsman/1/config/listener
2026-03-27T22:40:22.326021Z,132,dc.danglingtree.htb,Microsoft-Windows-WinRM,Microsoft-Windows-WinRM/Operational,2667,4,,,,,Enumeration,,
2026-03-27T22:40:22.426526Z,145,dc.danglingtree.htb,Microsoft-Windows-WinRM,Microsoft-Windows-WinRM/Operational,2668,4,,,,,Enumeration,,http://schemas.microsoft.com/wbem/wsman/1/windows/shell
2026-03-27T22:40:22.433862Z,132,dc.danglingtree.htb,Microsoft-Windows-WinRM,Microsoft-Windows-WinRM/Operational,2669,4,,,,,Enumeration,,
2026-03-27T22:45:42.462286Z,145,dc.danglingtree.htb,Microsoft-Windows-WinRM,Microsoft-Windows-WinRM/Operational,2670,4,,,,,Enumeration,,http://schemas.microsoft.com/wbem/wsman/1/config/listener
2026-03-27T22:45:42.481144Z,132,dc.danglingtree.htb,Microsoft-Windows-WinRM,Microsoft-Windows-WinRM/Operational,2671,4,,,,,Enumeration,,
2026-03-27T22:45:42.517188Z,145,dc.danglingtree.htb,Microsoft-Windows-WinRM,Microsoft-Windows-WinRM/Operational,2672,4,,,,,Enumeration,,http://schemas.microsoft.com/wbem/wsman/1/windows/shell
2026-03-27T22:45:42.522190Z,132,dc.danglingtree.htb,Microsoft-Windows-WinRM,Microsoft-Windows-WinRM/Operational,2673,4,,,,,Enumeration,,
2026-03-27T23:00:46.785907Z,145,dc.danglingtree.htb,Microsoft-Windows-WinRM,Microsoft-Windows-WinRM/Operational,2674,4,,,,,Enumeration,,http://schemas.microsoft.com/wbem/wsman/1/config/listener
2026-03-27T23:00:46.804732Z,132,dc.danglingtree.htb,Microsoft-Windows-WinRM,Microsoft-Windows-WinRM/Operational,2675,4,,,,,Enumeration,,
2026-03-27T23:00:46.832954Z,145,dc.danglingtree.htb,Microsoft-Windows-WinRM,Microsoft-Windows-WinRM/Operational,2676,4,,,,,Enumeration,,http://schemas.microsoft.com/wbem/wsman/1/windows/shell
2026-03-27T23:00:46.837071Z,132,dc.danglingtree.htb,Microsoft-Windows-WinRM,Microsoft-Windows-WinRM/Operational,2677,4,,,,,Enumeration,,
2026-03-27T23:20:50.892972Z,145,dc.danglingtree.htb,Microsoft-Windows-WinRM,Microsoft-Windows-WinRM/Operational,2678,4,,,,,Enumeration,,http://schemas.microsoft.com/wbem/wsman/1/config/listener
2026-03-27T23:20:50.914137Z,132,dc.danglingtree.htb,Microsoft-Windows-WinRM,Microsoft-Windows-WinRM/Operational,2679,4,,,,,Enumeration,,
2026-03-27T23:20:50.945803Z,145,dc.danglingtree.htb,Microsoft-Windows-WinRM,Microsoft-Windows-WinRM/Operational,2680,4,,,,,Enumeration,,http://schemas.microsoft.com/wbem/wsman/1/windows/shell
2026-03-27T23:20:50.950200Z,132,dc.danglingtree.htb,Microsoft-Windows-WinRM,Microsoft-Windows-WinRM/Operational,2681,4,,,,,Enumeration,,
2026-03-27T23:40:01.697664Z,211,dc.danglingtree.htb,Microsoft-Windows-WinRM,Microsoft-Windows-WinRM/Operational,2682,4,,,,,,,
2026-03-27T23:40:02.235053Z,212,dc.danglingtree.htb,Microsoft-Windows-WinRM,Microsoft-Windows-WinRM/Operational,2683,4,,,,,,,
2026-03-27T23:40:27.908752Z,208,dc.danglingtree.htb,Microsoft-Windows-WinRM,Microsoft-Windows-WinRM/Operational,2684,4,,,,,,,
2026-03-27T23:40:28.108119Z,209,dc.danglingtree.htb,Microsoft-Windows-WinRM,Microsoft-Windows-WinRM/Operational,2685,4,,,,,,,
2026-03-27T23:40:48.408005Z,145,dc.danglingtree.htb,Microsoft-Windows-WinRM,Microsoft-Windows-WinRM/Operational,2686,4,,,,,Enumeration,,http://schemas.microsoft.com/wbem/wsman/1/config/listener
2026-03-27T23:40:48.440067Z,132,dc.danglingtree.htb,Microsoft-Windows-WinRM,Microsoft-Windows-WinRM/Operational,2687,4,,,,,Enumeration,,
2026-03-27T23:40:48.535466Z,145,dc.danglingtree.htb,Microsoft-Windows-WinRM,Microsoft-Windows-WinRM/Operational,2688,4,,,,,Enumeration,,http://schemas.microsoft.com/wbem/wsman/1/windows/shell
2026-03-27T23:40:48.546615Z,132,dc.danglingtree.htb,Microsoft-Windows-WinRM,Microsoft-Windows-WinRM/Operational,2689,4,,,,,Enumeration,,
2026-03-27T23:43:34.199715Z,211,dc.danglingtree.htb,Microsoft-Windows-WinRM,Microsoft-Windows-WinRM/Operational,2690,4,,,,,,,
2026-03-27T23:43:34.750754Z,212,dc.danglingtree.htb,Microsoft-Windows-WinRM,Microsoft-Windows-WinRM/Operational,2691,4,,,,,,,
2026-03-27T23:43:59.079326Z,208,dc.danglingtree.htb,Microsoft-Windows-WinRM,Microsoft-Windows-WinRM/Operational,2692,4,,,,,,,
2026-03-27T23:43:59.255740Z,209,dc.danglingtree.htb,Microsoft-Windows-WinRM,Microsoft-Windows-WinRM/Operational,2693,4,,,,,,,
2026-03-27T23:44:19.700873Z,145,dc.danglingtree.htb,Microsoft-Windows-WinRM,Microsoft-Windows-WinRM/Operational,2694,4,,,,,Enumeration,,http://schemas.microsoft.com/wbem/wsman/1/config/listener
2026-03-27T23:44:19.730830Z,132,dc.danglingtree.htb,Microsoft-Windows-WinRM,Microsoft-Windows-WinRM/Operational,2695,4,,,,,Enumeration,,
2026-03-27T23:44:19.789691Z,145,dc.danglingtree.htb,Microsoft-Windows-WinRM,Microsoft-Windows-WinRM/Operational,2696,4,,,,,Enumeration,,http://schemas.microsoft.com/wbem/wsman/1/windows/shell
2026-03-27T23:44:19.794528Z,132,dc.danglingtree.htb,Microsoft-Windows-WinRM,Microsoft-Windows-WinRM/Operational,2697,4,,,,,Enumeration,,
2026-03-27T23:46:54.864215Z,145,dc.danglingtree.htb,Microsoft-Windows-WinRM,Microsoft-Windows-WinRM/Operational,2698,4,,,,,Enumeration,,http://schemas.microsoft.com/wbem/wsman/1/windows/shell
2026-03-27T23:46:54.884341Z,132,dc.danglingtree.htb,Microsoft-Windows-WinRM,Microsoft-Windows-WinRM/Operational,2699,4,,,,,Enumeration,,
2026-03-27T23:55:51.169184Z,145,dc.danglingtree.htb,Microsoft-Windows-WinRM,Microsoft-Windows-WinRM/Operational,2700,4,,,,,Enumeration,,http://schemas.microsoft.com/wbem/wsman/1/config/listener
2026-03-27T23:55:51.187932Z,132,dc.danglingtree.htb,Microsoft-Windows-WinRM,Microsoft-Windows-WinRM/Operational,2701,4,,,,,Enumeration,,
2026-03-27T23:55:51.219105Z,145,dc.danglingtree.htb,Microsoft-Windows-WinRM,Microsoft-Windows-WinRM/Operational,2702,4,,,,,Enumeration,,http://schemas.microsoft.com/wbem/wsman/1/windows/shell
2026-03-27T23:55:51.223013Z,132,dc.danglingtree.htb,Microsoft-Windows-WinRM,Microsoft-Windows-WinRM/Operational,2703,4,,,,,Enumeration,,
2026-03-27T23:58:30.610977Z,145,dc.danglingtree.htb,Microsoft-Windows-WinRM,Microsoft-Windows-WinRM/Operational,2704,4,,,,,Enumeration,,http://schemas.microsoft.com/wbem/wsman/1/config/listener
2026-03-27T23:58:30.628058Z,132,dc.danglingtree.htb,Microsoft-Windows-WinRM,Microsoft-Windows-WinRM/Operational,2705,4,,,,,Enumeration,,
2026-03-27T23:58:30.654750Z,145,dc.danglingtree.htb,Microsoft-Windows-WinRM,Microsoft-Windows-WinRM/Operational,2706,4,,,,,Enumeration,,http://schemas.microsoft.com/wbem/wsman/1/windows/shell
2026-03-27T23:58:30.659013Z,132,dc.danglingtree.htb,Microsoft-Windows-WinRM,Microsoft-Windows-WinRM/Operational,2707,4,,,,,Enumeration,,
2026-03-27T23:58:30.676362Z,145,dc.danglingtree.htb,Microsoft-Windows-WinRM,Microsoft-Windows-WinRM/Operational,2708,4,,,,,Enumeration,,http://schemas.microsoft.com/wbem/wsman/1/windows/shell
2026-03-27T23:58:30.679950Z,132,dc.danglingtree.htb,Microsoft-Windows-WinRM,Microsoft-Windows-WinRM/Operational,2709,4,,,,,Enumeration,,
2026-03-28T00:03:56.905286Z,145,dc.danglingtree.htb,Microsoft-Windows-WinRM,Microsoft-Windows-WinRM/Operational,2710,4,,,,,Enumeration,,http://schemas.microsoft.com/wbem/wsman/1/config/listener
2026-03-28T00:03:56.928563Z,132,dc.danglingtree.htb,Microsoft-Windows-WinRM,Microsoft-Windows-WinRM/Operational,2711,4,,,,,Enumeration,,
2026-03-28T00:03:56.960444Z,145,dc.danglingtree.htb,Microsoft-Windows-WinRM,Microsoft-Windows-WinRM/Operational,2712,4,,,,,Enumeration,,http://schemas.microsoft.com/wbem/wsman/1/windows/shell
2026-03-28T00:03:56.965492Z,132,dc.danglingtree.htb,Microsoft-Windows-WinRM,Microsoft-Windows-WinRM/Operational,2713,4,,,,,Enumeration,,
