2026-04-05T19:04:55.371167Z,"{'#attributes': {'Qualifiers': 49152}, '#text': 8200}",dc.danglingtree.htb,Microsoft-Windows-Security-SPP,Application,1965,2,,,,,,,,,,,,,,,,,,,,,,,,hr=0x80072EE7,"00010001(0x00000000, 12:04:44:381 - https://activation-v2.sls.microsoft.com/SLActivateProduct/SLActivateProduct.asmx?configextension=Retail)
00020001(0x00000000, 12:04:44:381)
00030001(0x00000000, 12:04:44:385 - https://activation-v2.sls.microsoft.com)
00030002(0x00000000, 12:04:44:385 - 0)
00040001(0x00000000, 12:04:44:385 - https://activation-v2.sls.microsoft.com)
00040002(0x00000000, 12:04:44:387 - 1, <NULL>, <NULL>, <NULL>)
00050002(0x80072F94, 12:04:44:389 - 0, 1)
00040006(0x00000001, 12:04:44:389 - 0, https://activation-v2.sls.microsoft.com, <N/A>, <N/A>)
00020005(0x00000000, 12:04:44:389 - 0)
00020008(0x80072EE7, 12:04:55:366 - SOAPAction: ""http://microsoft.com/SL/ProductActivationService/IssueToken""
Content-Type: text/xml; charset=utf-8
, <soap:Envelope xmlns:soap=""http://schemas.xmlsoap.org/soap/envelope/"" xmlns:xsi=""http://www.w3.org/2001/XMLSchema-instance"" xmlns:xsd=""http://www.w3.org/2001/XMLSchema"" xmlns:soapenc=""http://schemas.xmlsoap.org/soap/encoding/""><soap:Body><RequestSecurityToken xmlns=""http://schemas.xmlsoap.org/ws/2004/04/security/trust""><TokenType>ProductActivation</TokenType><RequestType>http://schemas.xmlsoap.org/ws/2004/04/security/trust/Issue</RequestType><UseKey><Values xmlns:q1=""http://schemas.xmlsoap.org/ws/2004/04/security/trust"" soapenc:arrayType=""q1:TokenEntry[1]""><TokenEntry><Name>PublishLicense</Name><Value>HxziRX0hihMnRbTuVKRNUjFJlj05/b8QZhw6CBgIPEDHw8OELFS0nhjI+42brFSDeOZ6NW6kt3hr0soTJ8xLkQNjUN7SyyvGnvTYrBi+Y9jklMJwFyZEeMHk8jS/ZsJ8qrz62ccdjmVN7XIxsFWOqzLmghE4pejBErr0o6mnMh3fbeSvxyVhHPqgp/biig8cdYeIZWR1jRHlLq+EJE0tcfBBerX5mzkUF4LVpu2IdcIpr3FE0As90zROLTahzfCRyHO1buHvs+4rhTvfvEzxpK0Ek4QwBEmKxP73gIlrVgRFnZzz/qZkhR2h1su6E/vxGRHPEqRsDeyU73xx5k776AOJsx29iX2RlGRBZxVRADfol03MKiNOkpXUqc49bx6yY4d/n1efkprgsBxulAX65Wuyj3TeyPea7fIEoOT2j/nknoSyXMTv2SjDiuoJ9dQT3xExS5aSyjKJz2DSYSEBar2GUs/C+yS8yQSKt5y3CdMlKa0CZd6eCSd7luH2fuBGwiGTqgrvjb0xpL23IySlsNo0V6NERMkTk+udAyNwWtDmrAk6QzPfby+rEy41ff5VOYnAPkkpYhXNk+ROCVFO1eVaDdw+RO/Z7OIbOCCruX13jB1OomR8G+oNm4KJr/ltbeGKrcE6Hew2R7YB2/bCdyx3y6UDC1+5tQioZMcmCRhxwdP5p9FuHWhgnuC9GVmcuAVefu3eDYLSNv/IP21MYepy0LyYEvGofjTgpyQNtCFqyPXLF7QQR30bHBExFHkscPKjGUIk8E6dHHJbU5nMvH/aVCQfP2uR+a8jCo/ZsUR0+t2iUqha2zHWn9ZmWIHncc5WjbWuGVDHv8G+R1FCi0gsG5Zhp3iyMdntasqTsUCMJdmLzekTNB1NFJHa4pL9uQVE/nnVzxSJek850u8IqRvh1RKaeYhPrZ3ndLkZqYGBQfQsY0r66eLKValkg7lJM/3N6QH2DKovqul4BPO0Lp77OkjfOcpazaKsPmP0sXiVX/AeqLY4ZSsp4/xR1cvIisMp5TaxEEIuAott5epxmpIWAKGKcoLri20IX81/lb3dy9J24aB1DK4h5osLTfu6dp/Y6vucPABp0OqF+vI+CMlfji/49R1gs975RsdEkTeTZQfrPiDP6PhQ+xr5CvPDx2LOMO/2JBhcMedZ/uCUvFI4JJDdzF7sUzue9UijjV92GSX0tZHeBH4ggxkm2I/QVKz/d4puZFka8farOgMYXl+azWRAJ0Qes/2uKEn9MHvEY1pV5irnBDZtsWq9ydx6NbHvz1OeBZj9Ft+m0PMNSd9U2d//jrpH9uyNARN+Nio0z32bQHFjg4+hmaiY5QqEGgVeULetkQlsL5D1E9qBVR6RMg/WV60FG4GUUC0YaPWma5RFRhk1cvrlBVyKOnHqiQzhaUGiluVz3y8OSJ6IfIIcwkfp+3/7baTI/zBzIQ8wfNZrUI5UJ3AFTBNDL4CFNc9QAG0+E8mjLPhdq2QikpE+XvLLGJ2SuWO0EbhQL8kEEyvahDdOutt0lkx7DNSdrWUqWAD/6C8DRgy/ae57hph3IZcDY3KLE9FQQxFEdVSS6FEu1sPhChS0UR0HbVjmYLOQCEudXPZXgbT2hJyOupAaPvy9QSUF43qyKjZyENtUpJhOrISH5T/rAER+skeDaX8WL7lYyXweoS0tTELsIb2+aXRkOi5Jsi4w+a8njJhvWO2eeqEIwzyKRsFm9JxxoddHfyJgfjZjo/rXrFGQv51u6+CeoUA631itYWoTp2m1Te5zn7346w47d+kAZuksrsBtpfGsOprIQ/86JSmzSljcWEg/Q3u6+l5wU/+05I0t/2q3qV/3Gcb280vdHtJ4zD2eIPFioo2SZxHvR8dH6+RFLEw6qC7chadu2U7ZmIeHSfrOvjswjqXMJfjknJAH5vbKosUV/oAUFnlJRXyR8ei9dAWealP2mincLMXMO1plcNEew+MZCRiqi4jPeP/GhqYRZPipKg7UWMKL2Mbj3Sqey3bJBAUIgYk+4AyJL+NezBnyDa65IhjAMIdbaBoD3I7QSxqfAU8psfGpp64eRrBdGhiCdZ8KK5NZsY9rbT9d9NrC5KtnvBYuQShJuNM2bAbjvodSm9xcAM/df/PNnWfSUPU32khywgi9R/08dxU86a4gUqEjhuFl5k3pvPjKaAz29z74GXLtYwdY4qR2LpuYjsXvP/xMt+3bxyLBnyPAdIV0R27NWXU3CmAlUQ8qCAryP04TjnzFanGOWzSBGh0r57VHUe5cgitLBQl179GWyoPeARlEBV4W6B9bXLpbh5oN60JisD83HZDe07SC4zWiInF8I3JYNwi1xWzSPv8L1JLd6nW4tdKpKh4HXwc0GdXWGV0a1PtGnNUFr7WWGmHTxFQmLgjeHd8KHx9BdMUD8eeZy1V9WvcCJuIO+AI1OQD1B1fPdbCMNaNTAOxXnDhlfTWqVMci1+L0hm0ah9Huqa3zNqMcKw5d71ovQ3b96ZoRu1d0/mfQuGH0PRgnMxUL2kHkm/vlEVLn9hryeLYfqKepTpdaXAV4DuMuhDip2DzZmFY8VGEHte5+Jj8HLCF/bg72686ct80NuUqngE6ysB5/TQXrxlN5oyMqga6Vw9yUdCrn0xChOExwAIKsknYz6Dl+4S0/bN3SsQlUWkV9GQLpFBBtqOsWZLe+GDURbAup0P6mwkK1dg50+wUC7AP0F9WKdksWJgvRStRRnd4G7SjeM2McQ85mD6Gga6ocq9rf/JZSDngx3yRtYrhhhzXigucQCF5uiIixdLRRmt4b61CalgfTB48J7+Dcqzun51hqHetPP+V0T0Ejk0ecueLjJp0fEwoqhzeyS7W3DG6CmNQV7VV/eVsgx/Qtf1HwKV9rTjsfi5S2yukaDD7rwCWuzQB4dNo2m3i4DUG8ar72s/kuUCc37klsDDWSz7k/5xiel3C16GJ0tKeVlIafWK7Pbl+e4tQnZSUHNIt7NgBeLB25TVsWxdHqq6Ns0lSqVqEtm1nh7euHJ1Lpw6qcF2BWNPM0EK+Ihn+xgTux8MCzaj6XgDCjT19MPfdhSMe1Ye48T5xA2L1+mmh6EvXqQyL3GyDE6GyZlZJOljRZZisQcE2HNhxKxJPxvrEwpLyPFjpUJt5c29FkOHZsC8to9KvxEyq/pk9IY/0wYiZNQvJntU3JmMB1EHz7vLUJ5JcDoE33j3oWjA9nPGXdsShIJqBFX/oHWHHsLCpsTOobjDXtolJ9QZRhjifYCi8jeO9GmclS18S//IK0XcmhBoHmByQDe1NIjjvzdlejsTBNS+Xpm9Ul9V9niKsw1sUecvobct9v8NsF7mHZ2jg2qc23rP9QWkwM7Ea6C4uult7vwxLSKdqEjXb9O/WkZfxXWTvW0a3iJ1YNKJP+8PKGcgGUujDkB3tucUU3/QtFGwWPMv/UBRcGPt0oj1ZouOOYZfiCov1ZQdLtFpALPzQDnCaGI7TcmWGpGt9s3pPmm8Yeja+IiNz2w9lDhWjiAbhpaGyCt4fYPjLdLVdwknev3euFMRrOUAOtN7FgKqvsbffnQFOEZZfeD1HJa8yWXPY5NbidOibBk/v7fv9dRZLXx0k0lwE1zrWsismetnpQ8jmCBJHcskB6x9tjIo1Rov8FMOnbG4fXXhosOAcj2Ycg7ZK6CvdehyUb7wUjrZqKciQdc91XcKb0uNx2Sd2guTl/9KjHchtNXDXyL/uMHWBcvrc86TBvzRLOMsA7rHxFN3FkJrVtAC33R99bU7duSTMTfBkibip/KGCiAd8a960D1zMt8zhUBvV3UGxoMrFUDHPcO6iPvg1iURtsptitTYZ/PwIVwqAhbPqSBQIxAH92JTeeamFAApk4+KDqmZPhDQkwKS1mFu9Vwnzb8YN6Hp54dTWPtmUOPVuAEElWxAO1KiRq71LYUASI9ypdQrdI3a4T8bkEa58/NxJIp5Frnhv7YJ8lgDWQAz/vdkpu4b8zoV6oLdvZDysWLZ0StcMEKyWYAL/qG9L7S7gUc3TJwSjLJ5pWBAaR0RTUGqPvZytEJ/M5Vk+1ZEKWOk+ivwWjtR2nnWmZ3fLuSBx7k/ZdHRpHeRx89Hfo1bJZBxPMZckhdgCsSOPHuSi6DHECtzDpbk/KdDsCWF38PmIhKTZDh5J+g6mwOEV43c4NETQ/IqA/0H+YmWabf5qj1Ic3KK237Y0oYI/2YjiQyWvGgC2nvYIiTiY+1bEJOaNEnUh3FMwb/QvRs6DeUK/StW2mcr0mpaLERidZYMPKrLFUfaEGbTIO3HeY9XBPgWysoynvhKA/67C74+h8aYM0EW4O/y91kZjHXvfnNhxqDvz8qr4iEUS5HSscu4eDPFRD1GBzqlGjRQVvAQRdEmngd+CeyMhbNrwU0z589tMjqXmoRoqhSWgAxx5R9OfWMtcwbNCKcm9Aj4+4935oPB2dMedrku/VHgQ/MTBqiOtMwHjzUufGab89mTf0tcSZpZwJHisH7SItmBSa0gRyZ2028TOPtZPAL+KxUmqI5GDbExS7Nj7/bY2O0f27VB9986K0i5f0WwEOc8OMjb/2466Tsb0g1x3Jg11jZlRKW9q2NYs+wnHAm1QpDde8dY0R8sWd4b7qoYeSsIxna7A2DPLVhX7gwSWdKMN5d68eJ0/lb2ZLXhj3mmuFVcA9WGENS8gOSt9HbJ3fqeQ1QjtZWBW/1p8OzXHDaAAK7UdVd05wXZ1JcLUkWHR5KKW2ITDzkV8VFhtE5cvfvxleNqLCOqxKrUpm+pJcdtixH+rTPmt1NR6GZ9DSS7gy33BhVKuHzHVfkAHV9TJbOG0jT4w86Nq7K6U6nmcm2pWigIDiEZzjPRp5/69XeNnXrdh/+7mDoOQ3tn21uX5g0KdIr1k9qcjtnv5fezo8r8rFFDCtw9acV3NVS3xdkTJY3Rs8aFnBbNRUj1eit4kZBA49+nF85krWX44IlKUuX1JUxqm2LiSuZnvFjx4pz6nmW7PCjLsqRsXKrZJ/ZdQB90uNH/rR+s5JzbulcSvJv6OwZz9ksz0jhxFVIzXSsd0JWEugdckPsN5N2D2Y9mK0tWKnA3caDYzUFjaSTm8Fa0a9aG0JFkc6IVPg/RW0QOIb4FUXJeK0bsdf3Vzk82sSD7iTUc2A6RK9X+A80CbAnsA87m/IiwL7Mr8pAoRR8ZXCqjR+V0BDjcTqWHvcwJJI2y7oqI3gOtWoY3BfxPg/qKLtXm/r1w4zQ7PfPadq8psWWhyp0KYw0fEES1sCi+7kStvKyT5SGq7LwBB++rwqxMXdiRIeRKL/0VNlPwT5q0yf8k1JXYhXl06fYbt9jnFp+FOGkfWN751bhWyNS/taJC885jpFZyrBi755joo6pT13xf5/5WcD4GRBi6ghGUrKy/LXxTBcjBK9yb0+Xx6qJM6rD2IyP4bbf7qeNheJ9VdGnjYTPTeW3JxAg13c2XiQTqGvXI8oOdJdk8vkx1fErrA5u4953lIa/sRV8j0ZHou6KNobGN5eNpzTK3T7wAAg/Yoa7kE6boSQFMoET3MnKt/jnSzMIoFIo8FbGcs4mN1QdvdD/GSke4IEb29QqrBRle5a4kzgxW5VQNNiWD0yI2AZp2gNVf6v+mQj/Df2sBVrvDdKYkqnprqTnuz2mxV4fgLJmj5k3FwmnSHPPswjEr4YR/DUggc5AKZ2OAAE+WRW/amg9lyFW2fjAjuCiCflxTiRiZvuqHnTk4zMRAF4dGvFNO9WLN47oO2HBK+/gVi3a+nT7yNgTsSxnb310CcRQmNMeLQS4gfNorPVxmoZbpetyD9Uzj9p999jfAu6ZxJVfIOo73hpc+A+xmYTOZH0YE61/8uPx82KIc+5G0Njun6ygEGDMMjlm3T1yajMDuOz3FVi9d1pAfK/hhdDwF6NWXil4Qtm0PQ+bhH6nxxYsLngzxIwnasjbB1LPtYCYq98Q2Cbmz44dARWnawI0JAaMLdFB4cZXWwxwVoyQXNykZjUTaP4PagP9U+C6LNUpT7pVERG/2lndgOoZV6YWTwcK54IE7qNmWq991dlxrMrgO6HTGkXUoOyLpyxFauF2RZ7iJuMqzAEHvL5vlQ5A/LKoqN4Fkp++8EMv5GrdvwBMbR/uhki/kT8Yt++bWWNSAu0JqRXyPKIKCie32FtrOm2F8zK6FD1xfqX26+LeoqR2y8lPQb2+MPD5Pr5ZRCTaIPLj4qeBUYRZ0MzTblBDuYtXGov3LATu60ql503GX+O2Xsb1fQSJO72tVMsT9ua7zYLEeiBA7oRMmu+7tqGIamDdLTIV+7ZJQkwhCtGgBwpZbVflQBQibw3dCh+oEeuXxTsWz+LQK4agvSqyG5vGpZ95qpTSdH3rHJzfCHp6f4+ZWS45EmOcsUuDM4+0j23ute+01VyVa1FYDn9SGZWyINfuPrwwnscoawlGQlURM8XwAVTWKFPJrUVBuYcl37SQlgv+IK2Rt+mEM23oFVer1p6+UvoYzPYkS0PMOdwa3+R2y3bNUBhaO7yvet4c4XFiFeEMaGV6pK88YbRXZQF5CP1ncLBAYv93yeTw9Lwu+EkKqicjjOJnWbK6irbkCQY9WtfiNPptGMjQ9owvDMmTUru74thHzKEimWn2YsDPvK0DI23HUn1105aqelbXfsXbUcByduqiovJ6iQpz2sdQq2auNAm86tZws1jH5d/l22dpBj1uKmWX7naIlLfW5eZK/Fl2DL5259HrhYPSBkxF6Q/yEaqC7iT689A17yNQO1IRI1p57YuvU6/kWH0oAqvMbxYPuXaGlFs3dp2gehcFlOalAUwQx/4tzQFqSXass34sPLgGE0Jun/YPY0hEyan3DJNYwPPtvTLmjlI/i4JA5qxEVCdy3UdLhX6U+sdrO+XqG0+1Odbg3gnXwl6uYLUrUFWR1/6H+i3iuvpjGSKAL+d30gi+27E3Vrhe6ClxIYAX/IT6HcFaNLz7ueUUyE7Q//fXsr0DT925m21+JbWjHHprbCjPQ6O3zoxdpKk7iNn7O3LxhXy9dUu2U2OgVWED+Z1rHkDJSBcGchayii+VtFKFPEhtju7EbeYz+C/GW7YHpLM4epGP+fE1Bp0J4HY3/89qvH9WaYVN4wP+aV2UUJEM+iiq9qXqObTDFHsrufaKRlWcO4btIVJ/ANKYFpc2SitCZZJ3gY5+RwXYQJQym37GaxB6OrnUNbRf3QBkBFbJi6KTvifmDHDw3euqhYE1uaMahRLAtipx2By7oeGPpQ8OWLbgJ7Eh+S/l6trJ+BJZG/jnWtWziSVAQGTLHrVLrWhqPWR21yRMTEihEpT66IaE8uCnU5EAjG4h1Gpvu9g/83PSYWLx2LwtGERwTRXV0zYHzwZ9liUA22RNthuVzYg0ynN28IRFBBfpg3xDOg2CYJ84CIbmeVMqcMQIXpe2wGOqIdSFeZyk4JH6+IFewufT9gkbghiNH/blMk5/ENmknFtxokIUYiHTbE0A6YueQ7z9o5En0YPW54lIZrZRa2u9bBu+2Xdc7gBakeVrU7S9sOn3IlAxFSog70zMnaoAoQGNnekyLLSJmOP2wIvK15IFJm8UsHfdzGdBCRaLBFby0ugP0sS4DJoqwkVI9iB7vxpeQA4oyPDb/kDG/UL+EeDCfTeEetKcACftY7rMAoDIkZyjZSfYCLQAgUNKtaVCDG9pR5eYp3w3uoC4hSxdVU3dw3jieYsYwamqHuT9Eg10MAlBTRF8ThTFnb1OmnWiV5uAQmqpkd9lZyXFVfCq06dRRZq5uCkUtD1hUmJV9g8qJ+kAK1e/i+YsKDrEI8o9DDfOrIT0HzkHquSBzmIW4AEjHysXIBjQcGYXA43Iba2geIqOe68ThqIRleuOtpuaCpTYDJ7cew3cWU5u0KfF48qIzEvIilNaBsN+agEiXMvkJ9GO0ZLOriiXjG3RC36j0hpWyxBeGP/gtHpIJuN/+4S6U9UeQqZ5jLw9Tz0zs9P8hhVViB9BtnZ3s9lNNdZXsECmsfhcYPjxlMb3oe1xtmnPblQMoyzf5POxdf6w8G4vmHUZQH7ebRG8SHHwgHIWlPbwq3qbDpMMfaeihb2AV89BkU5h7q7dkNUa4YYzmkFKy1xs21NRV9m2Nkq2roginFyUi0jWn4Hep5vAEgkiQhQhVb27q6brVllXRNGcZnDj9ubBL+D7RIBTKjme1dr7iVNosxO4fckNkdM162Lcd5H0JTopRUCagooDNdDHoOfaWxrTlSTP32mi3Cn14L8v0ZXosTtge3IRf7nv4XsvFI8Dgzzr7F6xbqQLEgu0sf0ydWIYNBBQZFfvbB3L1YfRdTpWoPk5eysrifdne5/wFPZ9s+Nb3Kiwf6kR6/7hyQScki83KOiIz8zEB+c+yU+2RLnxmlpY3pWkMWiDjmyDJGIvMn6jLbT6DDmrYV0tVpHjiGc53LCcT9TEkF00xw0U7vbGLTsOPTUMT96D+zSMkLD6ljQtCVfb9HVPctU69l5capgggq/jriepmSXY0ndo2z4jcHBriwmZa571HgFU9fYceMmiYVP0ZaoZYp5n9JWDWBdDeAk+RGdVekVEfydpheKe9A/Oz4QFP7/1jLsj6PNF098rUT9F0x+F9XkDKjVmNxdfDMZNvyahp7F9EZR9podFXiXWakNGcOq20FwnG+LaA1qxIuf4Y2ZpHRxqGHFmcdk0Fme/Zo5up/hg5LRKysstZuK853oKPZX1ilrFBnbSRbmKPYXOzPVcq8hlN9QxxyXNubCLWMoDryLuHlKsa0KhzaV/sel/UuBeN7eDgf66aU7z764VkKhVpnrdC7e3XzS+LxleCkT6e3zpems9vrvqLLhbIxjrLAnkxaEHNuSFiy0k59X352CWCcm6D7izFK45+SjreQE6QMRujw3VIBan8IxWPvOtnya8Y6Bre7eiKBtTi/FHPD9zEGAhLAb0UkhFXmq+Q8YLLi886+YfX7LLjYyoN6iiJmNywL+B66QkZHvfpmnx7IVOhQyF9WAvgh5LU5bI1h0YQRD3x9Qldh1LjQ03ZPeP/R8txlCLWB7EtZfDVMFj8O3V+nfeZmYH2wgNez0LoDsDllGYMLSm6qDlLjnLNvYxy+azlyoI5hTp1Q93EKjypKZpsbJMjsMwMexEHTYD+TZP54R6cO2KxCpXYUXuwSXjSVzgyt6uJkJU7Jk5RARZQbiKfiZViX81VKckfTYdf85q97UQxJjKXsAbdcHnca5A2S9hL6amJcEZTXt03OLd5/Hn9BHTn/WZBQUzEb8U+mIo9oU/88zoFY/W+GxmSL2sBg145f9MMP3iXRhNzub3EGxhAgrcdTzNK9KGqrTjNPa3yDIHHETTrslImPaE9bUiG2oUsOb63nAq1dNpgEgnXCtG89vanipWdl77kkF9d7Oha4eiy2EodAtd1nicIPGquSJfFzeizL/Rx54RHWZNFpCFhImLitrF3rGUuOd69bFi5Vq09dHw6XQu+bW81FpVaFAS0IwtimG1HPJbXBq16fhOoHpxRCokbhBPp9Ir0Q8RDLcYCEs3TNRmPsPuukuLqsPmR+hZoq20cOEhL1+xBzjmvXk4eYGITvJ89gzsqrgzn4yEzkAsrLqa8qOOA8TN0tSEmtlTvYcglDtzT6mrH4pDKSB8tE6xczg6IzkYjeot03q5CP20tMamCaCP0EjgJNpS0MsgigomaW9UxwFYkLomriKxcYb0TuRPROmlFl5UPtVCyPPf92QJdTani/1b4NlsXBxNjo4FgYm44VlRMGj0o30T/w8fKKx8p4iMIpZ4iPn1+774duc0Lq46r45hw3aj97r51wfs2vnbLrvbV4Jzcr57muqbhfsA55FwDHuMDDCp0Nal1FiCqktU8Or9l1Q0/Jf6XrH+MIg0lLzyKUjd/ZpT1A8ub8K/7x+3USWrs9zImxtz1C5nbFCYIsrs7xu4rNO1/zLOEaMvhXr1+0C+/lJbVfFW2hl+2QENtvYsEpzTDiEKWsuKPKmfMnPLn7BJmqEK9jg+UShQvR8A2mituNRE/vLGnGdIubrH7jCRtRh8GxUXSn3VR0rKo8V4rg3R/aywNugDUstg+w67TT9W1ccnwxZzmxmnjA4rxk1F1ldd7Gc89ICmp4kEPKysVBJCtfoS2hIuaQAfzLNyU6mYBHaruh45TNhjUo3uU8EeWXKPG8eu9/Zhd5UXo4Xib6P/1wcUI2tC3ityaK6IsECx/0yrSXt6MGEF1VZSc4o+saU2AEF6+e2auoZuA3IstP/s4F3j52GB/HkWQxf4Vtweb5GL7iR0XkwyBb59Ob2nWBdgclSvTu6DblSXo9QJYGDewHEZ84Z1EJk8OBBpAGUSRccHq1n6lFFF8w03H5Zpo/RQpWGFHhNvhwnpeoddpr5o21cjLfpIexCvoEr2OJoCddaNKTy2TMyTcruPWNY3iAJR3H6kWtvm9ZWDoFnqNEoFjN6zGqlOK9wqGW3bRZtPVnNZJWUMINTI8haeQ52ed8OGY0X/LLqatiii9by8Y+FMNoApuO5ajOzdkMUA+mAzwrj/tqEz4Lf7tM0s2UytkX2hIJw/Oudq5+adi+56xfpJSd9yYMYK3xEPsqCOUltEyn12CSW0xDCQ15aFIlh77/Wp4BZ0ssWPC8mhl71cuRzfmWWOQUNUVqJ6aN0FAu65BLjesUDtLWsS01hWO5zv+XSv50ZCK/zPoRMaVe+DIorCbzKXv6QbUMvGOINO7Hhx53sZvyitRIwDzh9Zx96TmF9IoxKRS7T5tw0sWGN8PYw/dljjwIfxuBm1MNq80vfjThIilIiyK7W1TI70kbgd5ZueHPSK+H/8NUFW1vsBfnpvUgns6CqVB90zOnx/+wFJMS8119tj6UB+/4012zuLGBx2G+7hOx8d9AsJvMp6phWOnVPUALnkZyNWI51nSaFQ46GtMEbiOiim25w++4J+JpOkA6pNaC0ApN8Sqr+xlSZAv9TBPpzdww04OkMdRHIQZxtcO98UCXfgtzrTzCpvHHb0kVLErH6fALdWU1Ldrkg07V88Mss1utB+o4SOuyPncQFYh2NMbyDhtYKNekkRTF65WZuDe31VwM6dDK/90/ynkijIPmG+OI5fglTFljOGt5UyWnugxwNKAQhRnVLluYgQo6WD3bc5Oh+E67aqzwn206EoJYRD0X0IF3L4Cb/m4opG73rhWwkp93oDBEe5r5GAsXqg/NTksF7G6/vFN9rWe/on5KSSMq6gVnZE8T4kxykUIfIw5GCFPMAl85XiNhaZ77QxaOamaPMb+/PmqiRSJYnJ25uy6qNSoOKZeFEtxIAcUhR/g9QIbOh1IpPXLQaP4mtGGb+nup7CnDe7fWanZtXPHaNBJgF6MZo32ej1OOfDg9xaeThL+qHeiJYRIumzpF+w72C6TBMh/N46zQdibkfHykIUlrb4QgNZudARyL3TPNSM30rDv7380x+boc/vKeZEBXD0RxqXk5hCJX8nAvvWiCCxalsw7THWld6RpDv5balMeJChzI0FVLowJJBQIOEpg8rwddceh8omcxuk7ddDRVHUgZtw7kh8lbbD73Cleuq9dxZ6YVN6P7pS1Y3sHMcK9MrPV7uRMpGiXVqGT3gd1irLBozR8LhGVUE6TK+Yu0MOuGN9omw70l+q+Czn9KzVv5ndkq4mMzWP7523MtZi+9tBasjqsB1BdVw3jzZthds3zqgcY3610rWS0cFZVfJP0MMgITV8y7PIk0bTTG6uHfykGQwT+odiIH9jeM995e7/omdH0lsPDoo2tQ13+5v50fwJshBQcDt+LpIOgLzwAs45jaZsLxctSN+0BdyNUy0UqrTPWHW9kFy02BDIYdGIE6URfCymkJ7pEGttAhHEWlI4BEDag9Gqroee87sFhp29Suq8v0esf57H1Y/Hm2c2CBtQYtpRfmUc7f9wkSj+1eLTrdvPXwAk3kYjEUVmGkE2hqkh4UeAVQmXQppPPXUG2hMjALJyDbmaZhgxdjRzxqetaKutUche0e8fycJpWVs2ZqVd5rem7SLm+TNFjPRPC+Yvz8uaSlPQ+blPTYbCniQDK1Kmgdv7Fc1Bre5esbMW4Gb2M2zeRzTB3LQgWR6OyuEfSGtQcCZhg6P12mBlBT5aDekgMSCYW2dYSiaPd4VgfVd3Czmn9OnS2MSvE4ZSGxDoU9EV7oAu54ZGeFryNhFr8r5AdoIEBnsIZuyv6OK+LSM9hqEsiDShdbfjFNeNz6DIU3pOXMf5HsdG4Jp8EGYbKDKrjDivtuoxK+I/Czf7BFMS4p7TzLZjWNyP4+z4kkieGJUZXX3AufODM5UaxP4F6mISL36EQivjfId6y41/m8zxjn4+ppT+qkEnDHeEL58ppSg2C0lTbObea0k9wI+uoNR6Z0bmuqYtwvD07jR4By58GQ5CGWpOdSi7RmBz5nVbpuYHyGLOeSRpP2148MOJOq3Vt79KDkbJxr8jAU04nP8xM3IOpeaMUoie11OvWbkQi0wtJ/Dxn7YebkVk9LcV/la079Glc1Lj2rapeSmwTmCm/7cBGId+DaCRPiLFzPtcpM9pXJEIVM0KU67vv2jYNwZrUwCpHYEFY91imHGxUZ1om6XVDoe0tWk9VDslaTf7ef9JLzXEDTY7amV9l2C0uxpMrGcpGMhDb3G4NiopXLo+g2I3yBOhPqe5mQqgaDSyMJWRfNa8H8uDRdTr2L8xliMQh8+ip07okTL8GOZWG5dfFMxjtNOzxjSD7J7Mo77ekHW5ylL5Em+7HDOdIEEZfoOKbY83JTMmUG4jKc9y7iUuobGSXBFVYeGEajo88urGqDH8NfAIQCkNzrlbmrFRfykWRD2wLjt3I9naO5xRSJnqSOYLM0n2sqTK17ucRpyl4D40cqdXtQt2vNnvGhT4WftkLD30VErDNWoOeks2XyWpgn/gAwxlRuyOPEm+qvSWSdoCwH8vJR/cHCdO/p27kp1KT+TfPu05fX4mlH8Y3ZNx/E8I2gmQq0j9NQ0GJFaiPBChjAuCGtTi4yA8/pikUG1NjYjGzbKtix6+XKIHLDbRiDfeTajm1IJquHxctltsSVFKfZMM5iqqE/3fV/cHG1fNTNIKp1kOu2KyTGzfaUJfMGEb4G6+dgkV5/KR868lSdegSpaQSC3qSbevmHDNWCvucFlI95wVdfvhwtBiGNLndlKItgGmww4y8T8JTKWXWDnxg5qPskcI5VFtf3qCoZXJgRdGj6l0hkJ18BWmOeaqO7qy7foJN0gEp8hr0d+XSqWCAGSFd0CdiJ0mXBx40pZNXAOlcvkMNqMges7pM4Xw3XBV00NTA6kMNDXD+UsjVEE2ISeGTnTNP91tJRwR+YKFB0ugdqXA5xRuqhXJbKPNJDqvofyCzu7f5Fh39++3D5zyJV3WQDNbx4bhHDTW1jP3cb4h+W0dJO6dm3kHmif6bv2WyMfwsI0Usz0EKU4rC/XiiHgcfLh/Gzgg8ZM09GTDwd0GpJ6w8sd589OEo+oztiixPgnOjsD+zOBI+siiuizCXyXQPv38n3I2NVaQF23P0SG8heZxCOxVXw/j3UMf8F3GbwF0Dn71rY/6mNUL7ws2T9KIVS1WlQWWfOrGbvYPmblhQK9mzaFoaVyJhzQG56Fbl0ktQzAyqlN8PaavOzYvXRyR1qG/rg6gkS9Zuq7nQnxD8vzRV4zmU06ZWe81qkFXmq76opm1n9tpuJRSNZCSwu9MKGaeY6qhkspFhWCoNWLVKPQYekzpcxeEYKXXwCLj1u6+QuBA9wc4DOgrbkEjQqJvNCiFcuHPrO+eV+YW2ocyz1XmxGMmR5FyCKyOyfU9LcMRm7xWPEZQjnc31Tz1ORjAn7/M1bXoT/z0/LGjtkt4Ly6P6hT+i/TEjPfwWIqCDuQhLUbqMlwzE+Olr3BNxBSLwKRcsDLGxOpiScLOW3t0Vb1braGYEsJnlkcRyQcDYLwwPzUSz+Bu8f3BRXfdMnr94Epxw3Er8WckyVOPaMiLi/vNVg2CHG0dHo4wfa3u+uNf7dkCsZfGq8/jqtciXS/ckd7nOxMZyLFtaftk+lSeaA+MacbZaFThM526wDxB0rnbXiuhI1pCUKe/FT3PU5iQTbqLcito5jD/6TWE+xgzJvBg4MZKE3fBBXCDDtquRoDJaqzqql3sh+aKKOishvaaZ1hDEG9d49VkJ5QXOMjXM6BKkKfXwuyQwR0thu2IfgNOC2oj1TeaK+WUsfFsZ5ywJmHEA9inLfLxSaJzhXYM63+CHZjaPRK4GgC4Cp7JJWeS4zEU2+RVQ2SaW1EGnyVUF3aeCd2Bnobw61b6DRsLRS+FJJs64rtncAtWbzL3xz4npaaa0fzRenstftYFMOpdH9zmZvC4Vq429mhHuHhOC2hzcUVA165HguWyDj2ZP+tHOFoMGWeILk4kne8j2IUSFDzFqNA+yVwWtIZLIuQpALlZfYgaDoscW1v5qrpxWBH0T6l58OXfa6K47kW8uAfJ1Ol+MXUmQqFU3eJf6XzXQUOwHSp1PtCHcG3xrhCP/p+QUgRDBWexNJK5Yh5nia7hc01uxgcDuKYk3+i2ZNNdOlQIE84aaocbolbW2QQ/sJcqlQtHKDBqOFxvy4OkVdawlSFegoh6MTZXDsZhTPm4W/7kS7B1C8Tjhq3JSG8L0aVeiLO4Lfw/xEJA4BCdLQfvw6HB+lVtunKhs57epPgXJ09hptJnLbxNw0SbsCjmLvGXGrwRZuvNPLRrRVqqVyJkcNdeY58NJfKYPFTkTAYipcARu4etur2J9f+wR5mfBpsIfpLDUPaWRcgqs/yGqTHRGbvI9HdPsiBc5LNASqrnxWwviiR85FVOFPX+OlprqPrZsOlYXWxqJ5GbxAeBKKbCCfYUFMRuM+vfzu8bQBI+VQ3V+nr5lVDAS9m1Zp+zF214MKFpuosZfROAMq1xsCtz8IjBMD/jN8neWBmQF9G08NXmPOJMW2gflr4YHA13eRycaMmDrRLibO/cYVJDKdqiEiQsaFcFjPur9jERsFTTt7CbdnaDCK6PhmhCDfvnJDRuNVsgMocnHgmeeoWRTuOBptoU3hBM+ppKTdhbaalL35GL11s+/GuhoGBmZZqY0djGAOoRyrILL/r/StehsEYzlxdPqI+wCOCXbPX7FPG0ss8nID5w00PMTfuejda7fdxCOqMdyuQvUfiPwL0fySzKT9QxjbxiZuLUzACA0ZSl55s3fHDsrM3xs3IdMESjw/TEP45paHO0M3Osden4ws9bk6DBjlJ5FJ07AHcykQxAYUTHAnMg1+EFsVCX9obmyc97iyIN5MT3aNrb6XVptjoaJqzlRuzzwrrm0WpO3A8UkPMSWI6qxj0QJT/CbVY30zVX6Q3DcQ5COlnIdUr/a9RbSh1VItAHjYvLzrlfbs+2LOkUUdyI12bxQLXu5azvzM+bFaiDiI6o0YpLjKzR4rW5xcpLZ9M92vaep6Vy8IIwHJsYiaKY/hDP445ZmYpFPyefKkfhmihoMR7uPvgwFVfrG67BkZJslgVDWHuyFs7WMmtirZmCTgRn2GYS30yxVgZPr0Sl2fWHFh+sQNc1snZrALqGCfrgGjt19shoaarVu156BwmUHuUbkpVJAS3XbbdeHTxK04+9df0uIh0HjF91F062VgmoFcWpWgq5w2peTqxxE2SyzYjObAgjjom++YZY2Wgncp3CZQgdHtJKDHgwfosPnXlCuRl0nQNBD7c3GTZcEStFyyWmmEVAywtxoCloReZeLH6Q12X6H/W6dcDgYc8iu+igiTbCrwYSw==</Value></TokenEntry></Values></UseKey><Claims><Values xmlns:q1=""http://schemas.xmlsoap.org/ws/2004/04/security/trust"" soapenc:arrayType=""q1:TokenEntry[17]""><TokenEntry><Name>SessionKey</Name><Value>GRJrfq5NDXoeITCUHezJpNKUXcrdD2/0arTi0knTTtBE3pSwdAbCZq7yxUMTGS8sVNEaW6PrfZ3U2acmGBPzhOt5KSq0KHoWKUPF2OEw55QIUTQ1KAw7p5vpFiwCs7UAh1ARYLBUjiR48UJLUJwcjx+LnPZWUU7w0cNaMrUIPg//KuLpIP01BK+EpfVyaeYkgPykn7hllABmSegCIKSta1gYQcAs5zB6/rzzD0YPxh2IrOfM0YopYcbSHAGwE9tQ5HgnT31/znWzGf+BciWwbtuOBVHNHGTuHSPNvhHZ8Wg9la3gn/WBbr3f7Qy+ntb76owUoRU879v9sAh5lkph3Q==</Value></TokenEntry><TokenEntry><Name>BindingType</Name><Value>c4QCcxa33Qf4kQPjF3OqIM9SigKq3z8vFUxjPxfsV9o=</Value></TokenEntry><TokenEntry><Name>Binding</Name><Value>WbDINxdrikh906FNrNBS0177YyLctk1IPh4wmVpI6FtrwL0m+QSWNAj30ckQwzvTCekXPtDDquMGF4JGdzetsWTxzOHtwWsVzxwVMG6Gxe8=</Value></TokenEntry><TokenEntry><Name>ProductKey</Name><Value>/h/FIuUIt4CMqMH6THQWDDZChssdog6xcBXl75T+qPo=</Value></TokenEntry><TokenEntry><Name>ProductKeyType</Name><Value>c4QCcxa33Qf4kQPjF3OqIB1XWv2RsATe8FRebjkwX8g=</Value></TokenEntry><TokenEntry><Name>ProductKeyActConfigId</Name><Value>XYFJ3NaJJoHe1QDr+G8RTsWUEgFz+j3BPATwnR1RgAXjlwp7aCjn6+wChQPoR3nbZejEkWz8Rx6lOXPTLzoulW1VJCsAYS+gdNAzQ+J9uEs=</Value></TokenEntry><TokenEntry><Name>SppSvcVersion</Name><Value>rLlWnPYDtvTRNDn5uOB3jw==</Value></TokenEntry><TokenEntry><Name>otherInfoPublic.licenseCategory</Name><Value>ugcJHpH3w+MGbOQ8bo1RNr6dM9OxaTD28C9VSAXT4vs=</Value></TokenEntry><TokenEntry><Name>otherInfoPrivate.licenseCategory</Name><Value>ugcJHpH3w+MGbOQ8bo1RNqiBRHEbBslZkJJ6JtgTPL4=</Value></TokenEntry><TokenEntry><Name>otherInfoPublic.sysprepAction</Name><Value>J7FDvf53vW4HeKAws/aqNA==</Value></TokenEntry><TokenEntry><Name>otherInfoPrivate.sysprepAction</Name><Value>J7FDvf53vW4HeKAws/aqNA==</Value></TokenEntry><TokenEntry><Name>ClientInformation</Name><Value>gro+IqC7A80fRt8dSe76gdLff35cwCG8kfimsFx4k+56j0PmEIwsO3iDVryLmEhs3wjcBeXyV71CYl6qVCrqTg==</Value></TokenEntry><TokenEntry><Name>ReferralInformation</Name><Value>0aPJx+28yuEfAlPRaBKvlZeRw5mp2EJ2pup8G95nsqGC1TiLHO28QEIUO46AcaC+JR+9Z4B63yEKgjqW1kHi2A==</Value></TokenEntry><TokenEntry><Name>ClientSystemTime</Name><Value>Ajd5tDbt+OaQkPcpXO7AOSQOc36JN7Zm6ZwGVNokbiw=</Value></TokenEntry><TokenEntry><Name>ClientSystemTimeUtc</Name><Value>Ajd5tDbt+OaQkPcpXO7AOSQOc36JN7Zm6ZwGVNokbiw=</Value></TokenEntry><TokenEntry><Name>otherInfoPublic.secureStoreId</Name><Value>wva8lSG/qT1/I01KJYpkBq9C1EwiRnVB7xFE0eOc0RzUA2565RqKFLhvBPeAqn0H</Value></TokenEntry><TokenEntry><Name>otherInfoPrivate.secureStoreId</Name><Value>wva8lSG/qT1/I01KJYpkBq9C1EwiRnVB7xFE0eOc0RzUA2565RqKFLhvBPeAqn0H</Value></TokenEntry></Values></Claims></RequestSecurityToken></soap:Body></soap:Envelope>)
00010002(0x80072EE7, 12:04:55:368 - <NULL>)
00010003(0x80072EE7, 12:04:55:368)
",,,,,,,,,,,,,,,,,,,,,,,,,,,,,,,,,,,,,,,,,,,,,,,,,,,,,,,,,,,,,,,,,,,,,,,,,,,,,,,,,,,,,,,
2026-04-05T19:04:55.373861Z,"{'#attributes': {'Qualifiers': 49152}, '#text': 1014}",dc.danglingtree.htb,Microsoft-Windows-Security-SPP,Application,1966,2,,,,,,,,,,,,,,,,,,,,,,,,hr=0x80072EE7,753c53a2-4274-4339-8c2e-f66c0b9646c5,,,,,,,,,,,,,,,,,,,,,,,,,,,,,,,,,,,,,,,,,,,,,,,,,,,,,,,,,,,,,,,,,,,,,,,,,,,,,,,,,,,,,,,
2026-04-05T19:04:55.496220Z,"{'#attributes': {'Qualifiers': 49152}, '#text': 8200}",dc.danglingtree.htb,Microsoft-Windows-Security-SPP,Application,1967,2,,,,,,,,,,,,,,,,,,,,,,,,hr=0x80072EE7,"00010001(0x00000000, 12:04:55:482 - https://activation-v2.sls.microsoft.com/SLActivateProduct/SLActivateProduct.asmx?configextension=Retail)
00020001(0x00000000, 12:04:55:484)
00030001(0x00000000, 12:04:55:484 - https://activation-v2.sls.microsoft.com)
00030002(0x00000000, 12:04:55:484 - 0)
00040001(0x00000000, 12:04:55:484 - https://activation-v2.sls.microsoft.com)
00040002(0x00000000, 12:04:55:486 - 1, <NULL>, <NULL>, <NULL>)
00050002(0x80072F94, 12:04:55:486 - 0, 1)
00040006(0x00000001, 12:04:55:486 - 0, https://activation-v2.sls.microsoft.com, <N/A>, <N/A>)
00020005(0x00000000, 12:04:55:486 - 0)
00020008(0x80072EE7, 12:04:55:492 - SOAPAction: ""http://microsoft.com/SL/ProductActivationService/IssueToken""
Content-Type: text/xml; charset=utf-8
, <soap:Envelope xmlns:soap=""http://schemas.xmlsoap.org/soap/envelope/"" xmlns:xsi=""http://www.w3.org/2001/XMLSchema-instance"" xmlns:xsd=""http://www.w3.org/2001/XMLSchema"" xmlns:soapenc=""http://schemas.xmlsoap.org/soap/encoding/""><soap:Body><RequestSecurityToken xmlns=""http://schemas.xmlsoap.org/ws/2004/04/security/trust""><TokenType>ProductActivation</TokenType><RequestType>http://schemas.xmlsoap.org/ws/2004/04/security/trust/Issue</RequestType><UseKey><Values xmlns:q1=""http://schemas.xmlsoap.org/ws/2004/04/security/trust"" soapenc:arrayType=""q1:TokenEntry[1]""><TokenEntry><Name>PublishLicense</Name><Value>dN5a3gFUm6GikfYiAVUFyIUjP+C4gcU7ZQOW1SKcvAeBieDfVbdEic2UYj7RW3WFhUoXmw6S45aaScJpAoQsWQ6RmSZKA6Ta8E2SkhsqeE0H3V9byUrRs0IFrev00dRea3oKPhWlx/CEcm1cU7fLYnfKACrxT7RNFhBABnA3g80fVNMAt46nNTUYaxcvP7wj7TQfTIlfDHlrSMRScjmd4wsO2low/0D8hGWmGaTY22uh4whYUHC3iPwsHj9T/+nrgLS5d2aAavnzM8vic2Ag3YBuYYQAX+t5nteVHOPUQIwLN/CW1l9Rs/7KHbf6uLfNVBtqwjSvQcHir8jLe+tQDs9IqEBMbOv2Yc9HnUmxWMbWXzjUnvKxYk8yBoZ3spZiFUIAltW8/SATAGMdrzArQmNpebQBaP8Zz41FkVN1lMfC8L0DBv6cNHf3xACc+1s8jC5FCC+Wc6qLo0U2LLeosYX0hsVWAknED6WwbhVyKkf4+CfHn4XGP1AvxbB01hgdXTIc4zUrqGFhbvXt02El4d6A5ai7n+7BLp0sKPTaYleH9S2bZyBAg9ceQV+8J0dxewSBr7jdcsU9FhoZZ8+ImrIg/tvzf2RmqqrCxMBiarNsNbTmtPuIR0Vta5RspCv8DqTL5LGF85itLXywZQE4rzeS+s+zMOwcAJ1oBmEZvUzaTyG1gMlUMXyPMD6G9X7k0cIRB7LBB08KYzfUxhi1Vyn/vMXif10iwEuB3iS+Q73MU9nPeLDBdzNUWJgJAQdMNIvZUm0gEXTJqoo4nP6X3zm+2uBV0ssXCSZIvD8mMQQzsPAnhhz2b1hJRYx1VTARVuJVot+P7pmodQnOEJsy3Hk/izfNvVgo/BYT96Eb43WDyzhsIk5UBLa4as7YDfT1TGZ5vuHSh5XlwyrXTGmn85CuJz8WB4/Xnv8gTWw9/AE2l+IScucoAB5Y12TTUW7qZP6srJeAj1pHAr53VGkotBb+MwWJbqkXancAs9pvCkUvm8bwP9y1ooaojfnoHBeGjgJ6WRErcCa48lovCU35olaeKKL+orIJuAyvPpGCPIBg2SaKme4U1WHLO9n6aXmQucoPXvzjPxfk3VBYbYgI+6Y+blRl1Y8/FW2Chify3mMhXo/E98wOUPlWZKeWIo2r+KpPCNx77aj0AiLsVE5ShdZwHbouiUbpQOJlP9yUy7NVu46oBxeBwgBs5u/JC6r9gobf0CHmY1wVVAIXX4LvTMKYSC8T3eRNiNeXlnAdjv+NCWMb2RNMkP1vHuw9ORPnD8fBOwyV0l7Iq39PnxmuZfnUtGcz8QZMPy3iDqVtyBF7vxGnd5prQNescdGDLAaC9sKxjEIEObgHyLDwXS+XNlQNZrcVUop5ZBM7ZuPZOaiZ7cHjxJRn6um2mFPXel8k9sCS8RftybYo/uzZTmtrAqbgvcynYAu3TNxLimLx/WJE9X3Diu5o4lVCM97wC2v8oaAz2hWyCi5h5LnaMLMeHK1T9OjGXvETu0s+vy9rB7fl3NNH8q89D76682YX+Xyt2cf031uqMITJsslPPgXN5t+uu7ljOoNm6woprn+QEH6EPkM7Jw4BWaB3dIhA8HWX/XeUN9Gs7u/C11d9ITMiglnmj4PeA1OMKiBpiw/MZWS3U9qsmLq5QpjMQQIV/DKb2UifhCpaH4QcNESJFP0ga8nrImFe/dCB9nYJFL2sWhrYQSB8Je0SsuOl9bY+OvixY0GOBVMdlPJbvW5/yOvdbXFNnjt29Ggt3OMZb3jVJ96KpyizzX7h3Ys2z+bDLIebWQGGUR4bDrdgh/giY5S1kPyqUgAgzEhkl+T1AU9EGDnDs6weAKwdwseFuPHgzlTguSsdvqOiVN0E/uz1gy3fx3zgHolZWYUneI+wcB9fkrqLXYYR2N3DP2eevSp0j5NMXWHwPL2Cxq2q4+d/GfWj/ucOfFtbu0D/4tdQPfqGHJrYBxVTjykEQainRXyPI9wf4O8kNPUxg0IVZskgewXrpzSm14YFClzsoA8fUA5vs+3d2Z/WTLn89XdhUDPWbKtq6aMEjBrzt5Hmr4eDIq8bIiFlXnWWTgdn3Km9aPEiu5Iz8QdUW6nIQYcHnX+gWcLiZJhD0hWx+CoOLV5jWpQbdjueuT0l4YwY+4VkGxv1F2IIMw5JLXqKdLHoP2t5tDnF/vzI59+eerMwqiL/j+DvBb5oopgdEV1fsqTXDhuJ23qavF3Lzqz/HdnB+U1bHzdQ85N5BwNK5+/iYAwj4yV1vwhvTM9rZGGUwn/ngiGUHSCIAXgzEJpVSbAWWA2LaYsGkySGIx+boOUyRHtN98LYpuKolDaqa56dLhCmIQm0pTEMZWyNHu/3pZdNEukD8HKBumNIf1wJT6xIu4bgVvDYooUhIpCcD9k8/f9r3CE4tezhHWvh1+LKqm7wC65rR7KDRCQIPIE66jVebVPSfhi8AbZo8DrCVTtR8VTOfSEC/QTTsAbzH/glNkV6N4GNJ3pEfDapot+yNhUVoFk38k25TrvfTurtI5S9EPyE0QjIpHjWm+pOmFSZ70+dUJX7IN7KjLkNS+Of6FGJzG8MINUhIKoaMbkUGu//xwbiWsaVPPF3yGuVa1YbgC8F3fvoDqIylkNMuUe4zYajRd59g7RTcQkChmgvwoz+ZYDMJc8UI80p13/s82pDjlW6bqshm3FnjAkn8CHoibYHzrLGP2YhA/EAk5hDFClGhpVsSjKoIA/6lNWwkc5Fg5qITs/ILxe1gHZfFMxibw7DmgkUMyNesrDqf/wjpPoZTh2QR6hmE5j5s8cJUNCZjdm4FJLsAGGR2N9eZADio87azCj3Nlyxidzk/6BgWrVbBNksE2Bb20t5Xi91HbBPbqNDiOBya2hYkUYffMTcQF4b/lJqK8JyxfVHkR44cQStB4eloJOpImmxdtNTE2PDcZeljV/q3hrY18BvccZvt87ZunpRB2s46UBeIlq4t+8fwxmnSAVOVqP6xZHgeuBEece+qFWOUvRcqMM8KBrWrfim74lJqFomLIf/NQdvYTVioLqws1jlqE7yp833LxtuiRS0Etuf3j832qBdtJbtqWUegg4u+ophqkXvAxmSuE+B1od0CJT+a07Ww6HAFmmZymzOj5So0q4lvQKu3nVnSelcDOjAfd1xLUM3k8xdnZN4ho9GeYpY5sbfSjQixZHoy01LN/22VE9cq42k6LXa2vi4tiN3ZhlI7fzImmBT4WbdXXhMloKhPzs2IJOKTSLDDM3rwPTxpzTDYdYRMZwQMC4rU8psas1b87ii3i+CB0QAgZQdAm/s/T45wgpTgWak0hvHgIR9yymCV4v1IE7sqYhTMyPX0zLcnYG9EvyTWxpckS4PGmMf1/yBoT6qNurmLbSaSzGaR20rvVIAd0L2Zzo0DxSQVdOGMYo68G/D335bauhbXrYarbnkjLHQXVg398JZSZ1INnhcAcy44GiXMbvjwYyGiU88Yb7d2wDCyxu++Y5lqhGdAb1dcLgV7NzfYa1YbRsb/k1s2U/sY04YUAv1QM+Fkml4m2JdhFCF3f5dZ172EHZXPXbXTXvnGlCZC+AL/R5K/JSFFoZ6QRDxFdfSGSgz7u48wCoc96IKon/U4MHgrBggSQtxVNVGZ4joxAjY8hhcPA4N9isaVw6SqK7RZxdjGcsOSS91ZUCC93v9gjw/S1FHp/KMQA7HbNfwjDHS+npRGyA0NyLqutcDo6PPRZM9oxHWYQyNH8oMaRbn6I2lygV2ENAoeWJTBDpkKdhD+r4br0okyeO02J8dgfZEBIVmVB+czURoDHeNOeUzNKX1Pz1H/zZKpp7vyUhltjP/DGkLtx9yauvOrBmLWpMSRQXE/ALBi4HMvlA+ZyNDZ6dtHFMasmyINQ/8n4YuxVW7yHd5RqH2GCJSXk+OKl8KSFWLszX3/79D4dCpE2RW87iQ9+DsN1UmNz1qY3dNNiaN3huxYZjEnJlKValq91qOJn1DjlKehBOs+N8UdTVRA9mkwUyivUt5L7hAuA7vWVUt6dGfA3PkzJHWlqC8sNPKvtGI8m/spsPQYnY4+je69KtOhSfIq+usGupwHphPO3NEbY6/O+aozvxKkw0kGMO/JgPcA71Ala4vtSi7GGKs2y13jmVpru5kmLvb5MtJ2edaS0NxI+XyUi8LNix5sayQ50brp5cMm/xD5aBnXhx7zfOx5EegbcgznN+0KHI6wZLfhQy/XapDk1vW/tSmcL+tn3+TxGZZRiQpzG4In/wdrShWHpW06nivlRCqUN7In0LqU5db3f1CbB7XZkQW4BTJojWi8uj2l81JaI0KjmvdC1P7hwZHhp2lVw8y+pzkKKxw081gPn60Le09hd9OsWANROlrOyVVE3n3lbwmOM52WrIf+cwkQXT7vGyl2w1ImOGWw204b5hCpMyQ1EnDAatl0rHY2ZeyuDrR55osJQeBBlfLDCR06BnV06JPg4lMn2FcIQOJvNSAULyUvDkVv4aeyLT2d9Kbv7//WJTWL5sfNBec36EHw3QS73KieFJV+H6vSazSwiFAN+N2wxI+GarONKttwjgeo3lNWin9sC7wdJexRMBJjmh0K+jSTulu2Gn2i5P2uDnwFvcOyS2tBdyKW6Df6HaccEwL0hANshVjz9oZ3wIeCeWHvO5kWgE8gyrrycNE1zE5fPrMcdn/hcUMsCWnzowN/DKmrjkTFY5Vkf0FueyfUhEd61lcEB0njl3hibkjnArByIBRFCZsefUhzG47JCy34xIgQj7YRFi6YQQtwEvCq7Zt1BaRMs6Pf4RiXmdHrHvOtGdqo2QBVDNUX7G8d1i75pPDLVbcoTEQsFWa6GuQIoMKJeZoJWo+I50787QTigr+/RXz3WegejFNS6qfWZLZoAl37d2iAnngYlx687jJU6ebFcjFSZZPVDp5chbd2ci8AUND8Nes2gPjyxHgJf/P17BneNkto7bl4lERTQB+rKHOYUrCAPL95h8fxeD75GRP1eKqYs+QNAFZggJVBtWoySpzxjAbGC2tiBt/7xKu0XXIwJYKDJRC3HDKeKOluYhmL79geB+tvi0xAzRARR9BjHMcnrXLsO/A6adreKVIVVA/86R2GRjueQ11Ii7HKw0zOEaIHpfItG+s8Myhwr7FuPd6DyihpW7xYeIYRlxFaeao0V147z3fN8MwfP6xRos25FATKBBik3Mq4rbEtsrFjTlmrI24RBizlFMsN7dQna7OIDwV9iDg6HRAuCXK//1hxoBoREWs8SdK6UtIsaRwn0IbiM0VBuPUhuB+t4Gz6MdbIvqQXkHxjmp/IOsR8+1XijnLB0Cp4oV7ggjnHmlk+ARmkqTxiNtqjtBNA6VU/NIpg/eaHw8LATvwEd88rLP69vEMQAHduuUY3uApDH9clBKxRYEj1SnU4SJRwOlOAGuEgNG3zd4+9FP+cmrnx9A9V+KoBASBCILCAmtknfQH+Y7BuIXoJlqKUB0VfgFCgHp4xUbCsKHRLyB4sCdMvQOlW0yeu2a5WL8VSC4o/vKu+Qaav9VpAx+2qVLGTRE6VYKaO6jTbLBh3NeHKkmpdZdaJCYejpsEvE6ulSe3y5MJ8OEgeKjGb/xAhhq7yxhGsukUWzGRmekxNGeq6S9F3+EqoUA2swckgWXDIdoxkO2Iqj8T57y06HyKMWaHcW0nc5x8LJxCnh16MHD7X8snOiXmh2Dve8yLaCrEqq1j2b1pRhfgIVS+G0lo7nu3APmpvyx6imtH62aWBye/S/p7R2UV0k3CkguNW92/X1h4xmhCBnv3esZdkJTbqjb4o10SgKSm89TSVpHp6Uf1LWmCNStm3GPjegRt686W9ism6laMXAJfkaBxlpWOyn8fO1bqJrV44r1aezOKzhU4oADueHRkvEmTPgFE8mChUXIdge/bCcaUYG4dJHLz4sYy/BiVu1m21IUD5xkey1BubbGWu0+kdb7QiVsmLnCdL5Bh3L34JDYc3I7t+5mL+uEDAEVM55yTO/4GmQRWKjZ1zjftR//RUCR7gGIIJC6SqaoaPm1wkawLCnTaaoEYabdvF7ldC43pv2HPTC6mjnKp00O4L653F8hP2BtTdgAi24HgsImmhMCROsmBje7wX1o7y0k4U0GIYdR/m969Yyyom4YmA0qo4g6HOmdCE69DVEr6yKbAvshxlzZqlv4zs1sGwmGM08kTHLvEwyIlSgzZNIuQ0e/LylcbvIaInJbWs8Sez7oFDlV8SrhhuFf59/XjcIWpFguQf7/rTMSXJCdWLrCWqqPcXltMv5IzB74FeduRHLaeRaXmuKvvmQfN5Mf6WjdmoWh+oheuu/0qfA5DRmavIdA20mm4ZPq65Si81DUtrYfCEiaicJcZ3u8TQ/Z7WN/bX7psKEGt/Cou6Ozn/r25nPgS+xRch4EKBOz9dJ0/rXWWVOj6/CW4TPQ7NEbilyTztfeUM0pLFUWeC4o8RlBtFsd4hMupB9JEbK6bL1LXHLntq0DwdYm1xd1W8NvLuvXSLbAlxC3cud73gUKWERxXLjLnsu/EFOi2YBswko1SBgqnj4+gk93GFyxFL2pnUuvUzCbR+JbrO4CCkIN/52LvWmyebD6jN6T97QdDG0EK7Ml2tSASmnlpTw7TTlo1PUVfRUFfVj+mb/AqJGNRi2NtmQoibtUyF0MjeA4LUKejtk3ml/yPbCzLJyPvHsG1+xC94UWmBrwr6ZoBWSb4oSn8S7v8d9LVE/7GAoQDUNW5YbYyWzCOBJlrObEMllhI+/abLpoDl9TLnCzgsrWHFNd1iFwItP2D0i2G3owgPLEEL0Fw1X+MLbZDJKJLW/+MoL1rY4MUqcQ7sMtz+tbuWfD01P2QVhasW/KBQFamEGEgCkvR8GGEqU4IgSDcR2prQI54mJDkdlXKGns6CQ+9ABUfAH5Aw71AS5nU9XN6Bz1RaHUS/uVPwGy1Zfs9ltQlwFKpRyXW14dqjtjTMSFelR0kRPB6LTzOK8CMAknLirS2ZrmopfgShqb3YYO2SpwRQ6sixbCAS0eyF39EenAhsVzh51STbHPhlF5WLJQH0AIPr7nECerzxBKHI3Dbc1b2Lj0EQhH4/F9GOdcJ8iJ0qNxiLTJD/UdX2bgslR6sgkp2KN3qcmgdzsmq5sB/iUdtpw+aToM/LTmA397ajzBPFtGsmq8a3Yl81+G7Q7Ec99BmSinslY7Jsrolyp5SYv8eTFp6oVe/0Px4Df0mpGiRTZc2jp6CoT2ogWJreVrSdBpxpR+0ace4gV6eb4VypQwBIk6AwfbnqNLD5EvnelxH9wGsEfmWXFSyt68cq9ENZAvHM0NaXS5ilJXUzLWT4pQbsesM3kEFORu4XdXl6bA89tIq7/zDdLKEDD28DrPlzK837YcBEeUTAKer2A+ASvtCJ/uDLxnkqGpb+O3Ix11Kefx96RpnU3enl7IcL1CBFeZM2HHdXX2SDZsGEZQOdaAnrHcO3epRne8DR0NFmxb9UkswWAVvOuhKiocLYHTnLsP6f9rcxc4PCR2LvUx1AzM0rShZah7ZdizpEkj5+H17xutF2GN/TIC1S3wXxUOTfIgzmT1RXdJOJ+s3Yl+Y/AjvzHjrtfxs116B1842NKJOMK6KXwz2SIY1AaUVRDATi6e32OqUjIEwGSQqaCLn3LwRML26nyFNOI2Mgph+J8T3DAb5vviiiCfwXilPdLW7rpvG2M//NynTcZnIMGVVnyUqrYOnj0Tv6xSz8uAhtizzXZWLjHVjHIyJ38LCvOmnGuzIRA4QHiqFgNqOOKbARWHec4m4B45nOsioSc523xM13KehQBz8PCFksioAWv5Ea0Vd6wm4FZvmTAOZ7Ya20BMHpmn4tEXLsRB47ej+QuJaKop+R/LjmddeCDrZuspZOZlmhlLxKHOL2XsoD0r6MAywJDRgvpI7Cu+vX5oyW5dwRRmM4yF55pBgyDfMBKXBsfljI/0tSpPt5zKe9BNi3d/47yxaPRBQG9leGhbjsDRTRyFDVrqW5FaBXU4ZtvKqYgqSgCYNxwAnnCZwKg2x1GLog2sMcks+johLn22Ex2TgW57szzqkNPmVngkQNdbeEANsHfwsASPQ4Tfk/3wbxo1rkBeGETX5S7NLDG7LO3O1iCvrR+tWbrOmiliRzs5+h3ymtMjbnN5YRObM/SBfQb36uhshCKkC0SpDn6ro6GtcLgMKhJLiSVmU/GrXZpADZa2i6uaNX5APtPSVSDXjlYl5sLo2f7HEhZvwl0QNvRP0YbRT4+0vh5cF0/l04Y3+RlB8nYH8JhlwNZMpG1UP6WCegCedPpRxxR6sYQZeixqfCWVxLKmZD4H9HzCPhqI0CjCLs+xc4/GVL1Kz5BGjEewq4GLio8Qgio1QzcjOzQ9HaivRo5BecKZpIoBOnlLBkEI+fq+UE3xl5ONXEewJfPF6Xj22wO0JHXXz/zfVYkip52nnDdqj9wajUhgQeh2N7akG/d5DNX3Tr59iaYrVr8otD6lyxsi7lkWdLWglCB7fzDPKsCXvd4mX6imfB+gLA6YsajwjH3mtL5r82RuvG9iXFmIbgRu8JSiPZLW6CcypeBC0nwNNnTdgPGuhzNUUvgMKj7F2gtNAHCOwR0aWioPmo8AdyNV7i488eZllv4WEOPZYK/66PZipQJy0we09a/ldqplR7CGF+c80HNoFaxtQbOt8PJG5pE4u3t/ezAP5yIJRXm0Lj8/NLsVyWrZegtVTTpnWigXvG+Dkd4WkR9lkl9bdlwLUKLdzefsAhBX3j1t+Vu7b78NI4Pcsa4VNffRJ6CvCa8xypFgli+wlDtsCAfCa/luNyhQiw5XMxc4I8ndChE6ZZxw7jZ7kj7vK8Fz72Bd0OLKD6ikrhWReledGETrouVrFLCwXYbpB/f/JCKhwKcauyfhYBk9nAN+tFdvrpQZZwoB/FYNjIXnwcdLEFsz0/heMkKi/92+ccv4/TD4M/V+zJqcAgLTxZWo/fkZ2V0w5KExdxsuWpgPSF4O818ZfkW2PDH8WZ8zlEx35AwBm8Jm5RJLwIwSCLmbK49kxc/K5kSAry10Sw10oeSqDkjiNz+O5AvCkfTnqjsPJQbdrhFXjWiK7T/jCgCD7btip4+C8PzR6YuxmUiZK1okN3nlgFTram7r/9U9+D6BDjZHXMuOSWglUg6/XBWFxB63Dj6coWu1+DjpZSGi54ArrhQc92Vy++5zlpxBve0IMaQnoiFGyRQxeZCoPPsEoKGby3rqtUUrGquJS+s6ElypwiGe1CIo5L4FBa747gAlorcrZpDLjh+MJxNsXDququ1+yNZrc8nAHVQWDthMLoVRyEYxVfYdimYo9UZ7zCpyIbpKTVMcgSSjfNwFAPd1IVhuFN1x7LfaVeWg9T+Sk1OYAiNqpg0BNYQjZ5fjV+xHYJhkbaXog9DescVK20xgtA5P/TWyFf6X8MVwM7q11q1Fo2L9JsSTWz8exjexMI1E/qUko5DxU/dF90mu8rYpmHex2hC0jm7F0ht+UyxID6B32SgYnkhAi0/eWdGpVQVIYE6HgvlL/O853EC84kE6DIap+xzrMyHodKvGdFKe4zBZ6QaoRq8dKky4omVTsy+L9NkGOB/6eIo5wpSCAmR4MLonPRl/uyXcYXiVNpW7nFwbZPRVMIzDAR/IYt/jBdtTNd+FhPMbzs6+ukOfj2sHpJNv2MyBzvDjQ4rCohkKEyW1lbjdqbTIJCAaZ5VgcoFBb6ZAexIO6FpDVb35gYnbnlrUs8kdiwAC41RpKgh74Xr6xImrWYU3fNcloDrW7E5iAoNu9s06NhMf3Qo8Mn4/ZOTkbZplEu07gNPlPJiI8stIKMeBkAnWYO2HhmiS5GOfv5P4dGrjUxmkbc5cHw4duurR/CMQH/2R2xOQd/VzPZDTNCd9YXVuomyt4+g2thSlOutzEdtThRJ2ujVobRD2i2cDcaI7QqK2OWnwnkq+FcCO2SCqME5bcTOu7AFcgSC2g2F7p1rn4u3LHf2yJMa4Th8jp8dEFiENygU1AtfvRyCvWEFnvgoGR8n54L94BoSZB8qrHtbsKQoNcpbmvitxpDVc9huAYEoHSeTI1T7bSXWeSx1oxocVjXj55P6ntfmvCR/pDGOexfHfuaFUeUJgqtZlU2ULNkKfQcdMjdm6Kya3JispCpc26aX4LCiWLUSxoZcsaa+QWXbKA6ymLMvIbPJdTVCZKBgPVgfjdbeyWFJHsK0LaMGQfhRS3bBc/b9wqmsdO7V729RWq8KWRJDsIAnejmqbdP6b7XMZxR/ZkPayp275DHp20YzdIYCjllvQrP4fCx8nxoOWDDGelXkYldljH23BaFiq83K2nvUyW/2dxw86T8OXc4z1+djCTtFZkSGY4aMZzukRvLw3vlJ0rZUwe9NsPUad9/VvrmngS5r3j0cQkGTCnXPjCYxpv6jLE7jI6LD2lD+3hSd0kA0Ljlfx1UZW/00Bar0tjDAhD7ShvVXzKSRVjDzRNLd6Tj8zyWFYQ7N8gSdkJgJhUE+RzgLb+cIsALbPVDYnNbrUP3O75jvKTVwo9XmQti2aWGP/2oDu+KhPDqpL3LNnrS5DHC8vXeS8siovQKbUmu0vUJFTuWskgy5LX8YIgV07rqRRJDXFYh45oxD6ayeBW7qYZ+GRXqNCmxvsy3dkXB4ckirCeI/LIpVbD6NXVd5o9OEv1315MBGx49++4+wNNMzHCv8nmCaSui8BzMIVR2R2PCBZhEqbQUH1t+Ca6A5X2FBQv2u+1WAbkMoZQ2nZUuAjO/egwt7/Aa5FT28/uVm54f3WCCylR6Wa02CRgjJH6aq+FtITW5d+WLN3hHfUTKw8yzaXhok1OVZ5CLJrOesOmWZ52lNmhRfioOwQDVoj6DS7M660xExh9mYtft6Ov0qr8QH+ZlwTdlmroMWNU4CPHlwzSvPbD0IHVAw8YQR4i5YRUrURtiwHRFXf2y8KVH5s3MFmOze4E9WzrbOFa61BLJrIZ3ZK/9SFgBn/29xNw53MY1fa3xoZ9/iF00ZfHP8SR/AzdVkw27hCNW+bCjZ/XZr0W6sL8BSJu5sk4LQOr9K8GuWFdu90ZgcLnPJPAN5pMr3Qw1Gey5obuW79D0Kue1LcNrG2qqToNlNF19DJIXKU6wQYz9Pym6WVhb1hydsveGyyAAOGXvIU2/+xy2zTK0XMV4IErXzz1la5ZJ4IMqQSVRXVuXMdJaZl8li4DK7VBmO9/xez1WyrvQAZORFRHaElRlQBPb8AyMaZjF2m/7iLs/xXInBtuoUmNkWpy6ZLUofmcWtFCTme7dNuR3nx+g0EVzlKAzT7gXtHYZvlCU2+53Ax76vJSQ8/Cq6KOiWftXBHPzLLHulkjE7WYNYkmXFDu8tG2zz4ah8g/PEdWnSA/KTGHhWsG/fNkdafjvIKhQzz5V1217MynCab2UmZcNa42f2NOBfC0UgWzxcFMJYmdOMMPMen2f1QqLKbk8eYw3WUfZixxAz2axkZq/V9pipepSQNIubyJtv0onTj4Vmw2D96ip8UEE1BavfoIJmPVbZM/GKjClVTDOC8B/18gIPR63vndpWK1vMg/PTxVlRAKb0rjmCRh+/cR8SuDUQWMvDZAjxWAcwEClvPV0YiJ/htkwoA2rOtM8T4OAfyT4P4BZ8GbbQ2Yuz/L6undtAvquOx3JVT1o/NaG6mWU5OM8ycxQY784nRU2HcwTTRlh2MMumrwG2DbLwRCATlB18JvhCs21Sf6ZB46yz3LfeE0EMKiyIJma76ZhqUfwUiQu+gKvVJVWMQJlZ+7llDV50EqcUxWj04NFiykQyPyFukOUHT5ObIaehxSFv37bKJ0JFVpJqzxKFwOosiy1GKjZ6+eoWEoYL4fFZgwxPyF14fAuMgNFd6pFbVlZLtMh9L/+Z+0qJ/TQIDX4sDScMiKyNUH7sKIPCDIZ9Wt2e9ZXWzP9Z4SV8GTOmze+sl2LC/gUKs9s074kJqkfUbv7u7ZIp35rgFquPuV1EmVD/jwMPRYfZvW8a6LrLGAqOgxBKXYDdKjUKUw92m6CFWHFdTynFD7l0xW4GV/xOA6TQCxTaxIjAzQj5Jy2tr/igHSBJBpErol+FS6zJO8YalH56YjWsUQv5FIglGMglWsdNQtRaRE5j3AdCqpgZEXFOA7pXbGwsyqqXrJPMqvse3pFZvZoUnYkwlll7zfnVXHaN7fyAwUEUyVqqx0/H5reFeOJ6aowkPl6n1bX21vZMwBBwYF+KDwUEU7Hc2WapGcEyK4s0j1rP/VKc4v6HFJin4xC7G3BtAWCdbzSn0PteJPkTvi7n1zErZ3PxIg3YSgIV/e+wKCRE+vgQVPtL/rBczSk3qwBCC+IyPdfxr9n5/Eo5U6c/mdSgzDhUosEY/Rec1uKzTXE3Q+qbfDNP7VJ2GgPHLSMWXwzZIvzJWmUDT0fuMZvcfAOs0TOGyflfxKPlUaf8d8D7QP2ManEnlhw5rj/ynY7OB4rSUkh0V7u58IyWopYpa/Gb/bgXrirHNfe8cH8h+Do0L9IU/dPQG3046PbaEWtn/c5cscCOartcSY2mTT7OG9+BaFZZMaLGK7LyIdtjwIvle1GMppnNV6A/fMmGmZ3odhX1wCsgimw5PjOW3MGO3NYv7L7hX+hDtlXHIYmX180CYtWr54+gM8Of8sV8QNkIVyZ5ZNqrB/HVeSvETWL+G0UWNXG0XvD8Y3W85D93PC2caMtCn+Z+AaIq2Rj2065rnZVenEaQY3bt5a+s1+pwBDlX7d69EPb4Ee+KaFZNetMxjeiFZBiivvvUCqA9yE038Bp1K6/RSN03uktSWHa5JpMosX9HmvW4ymNXUdAiAdh3PNnmJS2jdLwDe7nkUm7DjlmS215uXGmYTj8jS8kZC4H+BGfn0rjnvEUax27c9zvdQZc7+2C7IE93kWHUhGokex6uDVRt2CS90+jHWySkdon9M64gUlAan5Zes5ncWk0xLXfB1xNg6ES7UYAtqVC3dwbrIOGG+F3XVOQLJPAS8vrSwrW0ztztiq0kLGzVu1k1nAh4QPNxHFfpaJcEh9vUMAJl2/T4oGMCdB9GLjOHF38fWiVV/pYFnKqLEj1tw8XPO/khfmYTPtbL2wJvwNYLvbSllHijte/6tOFoJ+GSFcg3HkWstj5L/r8k45a0b03d7BX5w33lTeqjXFff6C3yDzdH3zb8/GBtwcGc9i+ubhVa4njvCNYpAZA50jQ9nJADX2Q63ILCZso3wmau4+cpQCRXXZS/3rqwsZ59s9EDtPc8e4sL10rfWbt/Rs5qqQgcVGQVt3cdMpi2SCZ34ZQk3koAyO2r4cmbpj1kx1VK1q0K3DzS5oS+vr28L/lhmEhJ8vhS3xPA9J+cJpcn6U4JfNk0bbbfzk8XAfph7vAOCg7B22i+9cw06huRYYl92L/5zXHzRca7tW3GtWQvzbtynL3S3jTspxQdZHvc6ez5N3SFpZzeFzN8dGQpYEO8m/1VCrJt2Ai5U3zAcBVx/nzjaf5Vkv22TQbelwEhOckPNVhBRAA/kSU4dj64fP3INtV8327a+28AlGDQpF6HcYm6vM19fveSmU110ods2+fiLKsvNgJPKDBmRF3+UdHbf7ez+uDwrS2VsYCl84oMxMSW9ZhAAX+L7S9nS0LthjYv+XTmEl0z4dn3OfclEwD4t01OdtPrqjnGA/7gqeTs5aCl04H8ZH1UEZ2blEOagjoPGQjTG3zsLGKOFh275hAxoU2y6np0w5wnoDAhcRgclRXgI8bQ5nx57XTGONbOrfZepIqKthyfPEkxf1Pe88i8TdZMsQoJn+rhXwwN4T5RC7DJHDcGvXVTiCPLQ4XpVDAs6pS/ghtlzJqgyldOGUSdZugEqfy6wJsakqXaoQpM7hKsVlMio/CLhzGeFVJeyciqxnwWls/ywKeOsZx6NZIzAniRQQBIx8BDQVWZ08SHuSL1oDTdjRwRcZ4sRcHDjEvSzvqZxeI99CMG4Okku32sy+GIi9Bnjhcb0O/zcuvhqnYQ2KR3cVqRYVuM1iL85i1JH7mjbvFl8JPK5nAG/N54kWwba5spbCLOeQvUuKVPUxWqgWe/ps9CjCVcIcJxO2x0KScs4p285V5svWy8HiyaP1VUwA4CrFmnwZUQKriSDQbRi/cgeXUpO9OfCbG3sDBHreA7tviaQ/0+vLIYO52y4ee/rwbKVqH5F7nQLCyst/AMdNeNbs1wSnCc9rPW/GlA//n8NE/Nfml0GAxV6EkzcfEskrasPyoW76iuPvX7E2Lfp6lzUM3VkJv9134YolOvQiGjLF4gLHITGnPIEgDjVt5xhEIIIr7Bl+4T9zRlM/fX2MsmkOb24lqtp9W8sjvLSj518ozpVGV871geqc05XO0Bgh9Jy0laOxEuoM6BJOGYmoqbDWRC3894hTpxlhvRR3yGmOEkn7BI0JFR5DzC9e3Go+PDxpxU/DQyFm4yJPFIO23m16LglFsASI2KFwE4KPfw132/7BasoVqEcrBuRwGpyat10v56zw2oo1JEHxGU8omERT6uDJOHhs3c46KM4RHTf6KV0JAZYMDtAHZvIW2ghITI9dtW+t/3PbwNZOQ6RXp3jHzDWQ2IlktytRjENhq/lCN4g7Syk/mXQ3RODFgpr3FULsp5NvNtzWLIF0ufgLqA9IBikN3IcUgfaDz8UVy7/+ThXEyI7BO1/nri5Zy+qvjOFuGuY1002lhQfnSd50jfyTTbWSrneY45n3/V5lxm+xIvWLXpTzLZL8UkT9mPViqJGijwOjkkSj6AVIB6Prcy0ykNVC2aI3Ob7MqLL2lj5uyQL4VD7F4XN7kwAzU4AXZxbqnKhXeZ9VQKwYqCuMYmS3ZA6Bb4Zo0VAuVhmBuNpgKl3IX2xOQyLIPBtGB76mrxisHoaODm4e9ETbjRJl3UTq5RDCEG8RMoYLi6/afd8AsKVTYB3y9Etv9ESg9FpKiSVQ2XyCuemovKT7zXuO0oFE2syMbaIJZdZWooxnimGdTg40Pt7s+8nsN6g1BB7ccHTN5pPZqpUtG56OurgSXXx9k3EDsKo+rgJC4iecvFgXFLGsFzGkVuS4U0rPr22pgs/aeoB0nYx9a3FP7SjGGUj739fnibr5pU91oy7ST+ke+n5ptNI2DV5o9dP3DXR6Ojexh85Cx50mAbQlEG8DeOjYQ5xgTA8FHBwQ3hje1+h4mBhOfVqz4IaRyF2gabAeOUoH2Y6o3XU2KBW2EDzeDTWqsGsiUcG3jnAw8lfCin9NSVfyd6J6mkdJZDt1rb4qziG69kSa29xlbsik7kHQ/kR6UKfPbQzuGIwtsM/yUOFK07hBF8jrB3hyYO0LBQEXNLUcpOfyNmkkiPc0e4g3FS8HBg92GPEU2/k/NaYhZLzz1mxzVm+FCuQV/uYHOffHivPOXIn1gqnmg7RYNbaun19W+Zi6+UgUAkI6oblzeuS6J0+U30nr8EiGy2hWoOK/epprNwmVDzbteQdDIIyOKhiwSXKbwXchGuGYdzXJfQ/wxSvcKJOIdkarCHp/z44Y2ZaIZpmxpuAa3LnN17NMcxHj9o+K+GnjNqPVeigE99yZomZqU3qQUaDqrX/CUodvHI81m+gvk0qU4+sLlh4j79u7e6cU7wvqp9IyrWmoAkTD2bGclez0rlOb1dw0Bxjqzbae1gNxyflIR6Z5Xa21oCDFXhUx3X09DWFS2Ob8zcj25wYxShr/m2NYLuWz/xb2zwrnI9OghdAw17LlmU8IKLr2paIIIfc44YCEiTNTqswBIChOIw==</Value></TokenEntry></Values></UseKey><Claims><Values xmlns:q1=""http://schemas.xmlsoap.org/ws/2004/04/security/trust"" soapenc:arrayType=""q1:TokenEntry[17]""><TokenEntry><Name>SessionKey</Name><Value>dwOyW+Er9K8LPp/JBMUQVi7UaeA0l/wuDAFGK+m78eYglJtELmObz9kYQAzvAqMNqXs9sTGdHP+12rFG0627p2tYvKaT0ZaWzcChmDacfWzgLee97zuov2LtnTSyGtTi3pFKwvYce5ckO+m/q8AQVmLVNQbYD1gkaBETHjzbdK4m5wZwYkQLweovBfOQm7PLmfkEv2O4eUDDeug2C50PDy2HOCQoaZQt7gMogzv+5po1Id3oslU5QPBAJtFVveiqhERgSx6NT/n44YTb+YDhTMNvjZXbQN73NrtCFI17efrXErDVvrwX1gT3FD2EwAEqhYw5bGDPHNnAuIJ5jLAmvw==</Value></TokenEntry><TokenEntry><Name>BindingType</Name><Value>ITwwaP7JRYbd/eZQyzqsW6TVJTTvB3/Xql6q3zlb3yU=</Value></TokenEntry><TokenEntry><Name>Binding</Name><Value>FJ6w1UYo1V5UANtaKWV8m5X42XDULB7EraQ7y6LIvS3SHYtGL18mokoPJUjjDbthV8ZtBYgjTCgRVdNuW9mvC+3aKmFN0W2KqnBttXzrHb4=</Value></TokenEntry><TokenEntry><Name>ProductKey</Name><Value>Cn5Ca8vp+j5TyipJ3uaDZY5+qgLUyR2Ta1QaM/PdiUM=</Value></TokenEntry><TokenEntry><Name>ProductKeyType</Name><Value>ITwwaP7JRYbd/eZQyzqsW+OyZJVlSCDlgmzP/kwjC8E=</Value></TokenEntry><TokenEntry><Name>ProductKeyActConfigId</Name><Value>S6JVmldEUVzoSk/Be8WmQecHflHRvCiQjc0NU8dzfXd4TIY6gkcHKnzrM1e+zTwuWOM7qiA2aFgBQZdgT4RXojcLU+VsNI9TgF237DMgeiE=</Value></TokenEntry><TokenEntry><Name>SppSvcVersion</Name><Value>PRZqR+CUTBxFW4yVzuLN+w==</Value></TokenEntry><TokenEntry><Name>otherInfoPublic.licenseCategory</Name><Value>O8BVbnPo0dILgab70TS3nlUfqxa6iOOvqfeGcxPjjqw=</Value></TokenEntry><TokenEntry><Name>otherInfoPrivate.licenseCategory</Name><Value>O8BVbnPo0dILgab70TS3nsgLZatdzf1cTSp2UhahGIA=</Value></TokenEntry><TokenEntry><Name>otherInfoPublic.sysprepAction</Name><Value>QYK7cxQwIx+CdukDuVAiJA==</Value></TokenEntry><TokenEntry><Name>otherInfoPrivate.sysprepAction</Name><Value>QYK7cxQwIx+CdukDuVAiJA==</Value></TokenEntry><TokenEntry><Name>ClientInformation</Name><Value>Tn6bZimKg1s0OK64gocJalxgRKO/l6xoKaj5T1j4fbsCVyvM29bXo+2a+iaQn40rx1qc9S1luMPaSxEWZslFFw==</Value></TokenEntry><TokenEntry><Name>ReferralInformation</Name><Value>xtkBH+5MdpTPHfI7OK/r1IWV9oT9Bk7ZDLiNFMnXoAR2ES+CWVMoPqCKauLZ09jsZNTnOfNcrShOcoWLEJy/rA==</Value></TokenEntry><TokenEntry><Name>ClientSystemTime</Name><Value>upVycoiTiApnAVnPF1yukSwBWC1D6xCL2chh5CZrUhU=</Value></TokenEntry><TokenEntry><Name>ClientSystemTimeUtc</Name><Value>upVycoiTiApnAVnPF1yukSwBWC1D6xCL2chh5CZrUhU=</Value></TokenEntry><TokenEntry><Name>otherInfoPublic.secureStoreId</Name><Value>jsw6XUgHiL+bDtAJSwvu2LyiuaC94oxYq37KynD+irX/Cc2FfzwDZQCsZc2azEI9</Value></TokenEntry><TokenEntry><Name>otherInfoPrivate.secureStoreId</Name><Value>jsw6XUgHiL+bDtAJSwvu2LyiuaC94oxYq37KynD+irX/Cc2FfzwDZQCsZc2azEI9</Value></TokenEntry></Values></Claims></RequestSecurityToken></soap:Body></soap:Envelope>)
00010002(0x80072EE7, 12:04:55:494 - <NULL>)
00010003(0x80072EE7, 12:04:55:494)
",,,,,,,,,,,,,,,,,,,,,,,,,,,,,,,,,,,,,,,,,,,,,,,,,,,,,,,,,,,,,,,,,,,,,,,,,,,,,,,,,,,,,,,
2026-04-05T19:04:55.497599Z,"{'#attributes': {'Qualifiers': 49152}, '#text': 1014}",dc.danglingtree.htb,Microsoft-Windows-Security-SPP,Application,1968,2,,,,,,,,,,,,,,,,,,,,,,,,hr=0x80072EE7,753c53a2-4274-4339-8c2e-f66c0b9646c5,,,,,,,,,,,,,,,,,,,,,,,,,,,,,,,,,,,,,,,,,,,,,,,,,,,,,,,,,,,,,,,,,,,,,,,,,,,,,,,,,,,,,,,
2026-04-05T19:04:55.547150Z,"{'#attributes': {'Qualifiers': 16384}, '#text': 1003}",dc.danglingtree.htb,Microsoft-Windows-Security-SPP,Application,1969,4,,,,,,,,,,,,,,,,,,,,,,,,55c92734-d682-4d71-983e-d6ec3f16059f,"
1: 753c53a2-4274-4339-8c2e-f66c0b9646c5, 1, 1 [(0 [0xC004E003, 0, 0], [( 2 0xC004F00F 0 0 msft:rm/algorithm/hwid/4.0 0x00000000 0)( 1 0x00000000)(?)( 2 0xC004F00F 0 0 msft:rm/algorithm/hwid/4.0 0x00000000 0)(?)(?)( 10 0x00000000 msft:rm/algorithm/flags/1.0)(?)])(1 )(2 )(3 [0x00000000, 0, 0], [( 6 0xC004F009 10 0)( 1 0x00000000)( 6 0xC004F009 10 0)(?)(?)(?)( 10 0x00000000 msft:rm/algorithm/flags/1.0)( 11 0x00000000 0xC004F00F)])]

",,,,,,,,,,,,,,,,,,,,,,,,,,,,,,,,,,,,,,,,,,,,,,,,,,,,,,,,,,,,,,,,,,,,,,,,,,,,,,,,,,,,,,,
2026-04-05T19:04:55.596855Z,"{'#attributes': {'Qualifiers': 16384}, '#text': 1003}",dc.danglingtree.htb,Microsoft-Windows-Security-SPP,Application,1970,4,,,,,,,,,,,,,,,,,,,,,,,,55c92734-d682-4d71-983e-d6ec3f16059f,"
1: 753c53a2-4274-4339-8c2e-f66c0b9646c5, 1, 1 [(0 [0xC004E003, 0, 0], [( 2 0xC004F00F 0 0 msft:rm/algorithm/hwid/4.0 0x00000000 0)( 1 0x00000000)(?)( 2 0xC004F00F 0 0 msft:rm/algorithm/hwid/4.0 0x00000000 0)(?)(?)( 10 0x00000000 msft:rm/algorithm/flags/1.0)(?)])(1 )(2 )(3 [0x00000000, 0, 0], [( 6 0xC004F009 10 0)( 1 0x00000000)( 6 0xC004F009 10 0)(?)(?)(?)( 10 0x00000000 msft:rm/algorithm/flags/1.0)( 11 0x00000000 0xC004F00F)])]

",,,,,,,,,,,,,,,,,,,,,,,,,,,,,,,,,,,,,,,,,,,,,,,,,,,,,,,,,,,,,,,,,,,,,,,,,,,,,,,,,,,,,,,
2026-04-05T19:04:55.606863Z,"{'#attributes': {'Qualifiers': 49152}, '#text': 8198}",dc.danglingtree.htb,Microsoft-Windows-Security-SPP,Application,1971,2,,,,,,,,,,,,,,,,,,,,,,,,hr=0x80072EE7,RuleId=3482d82e-ca2c-4e1f-8864-da0267b484b2;Action=AutoActivate;AppId=55c92734-d682-4d71-983e-d6ec3f16059f;SkuId=753c53a2-4274-4339-8c2e-f66c0b9646c5;NotificationInterval=1440;Trigger=NetworkAvailable,,,,,,,,,,,,,,,,,,,,,,,,,,,,,,,,,,,,,,,,,,,,,,,,,,,,,,,,,,,,,,,,,,,,,,,,,,,,,,,,,,,,,,,
2026-04-05T19:05:14.911982Z,1008,dc.danglingtree.htb,Microsoft-Windows-Perflib,Application,1972,3,,,,,,,,,,,,,,,,,,,,,,,,,,,,,,,,,,,,,,,,,,,,,,,C:\WINDOWS\system32\mscoree.dll,,,,,,,,,,,,,,,,,,,,,,,,,,,,,,,,,,,,,.NETFramework,,,,,,,,,,,5,,,,,,,,,,,,,,,,,
2026-04-05T19:05:14.927470Z,1008,dc.danglingtree.htb,Microsoft-Windows-Perflib,Application,1973,3,,,,,,,,,,,,,,,,,,,,,,,,,,,,,,,,,,,,,,,,,,,,,,,C:\WINDOWS\system32\esentprf.dll,,,,,,,,,,,,,,,,,,,,,,,,,,,,,,,,,,,,,ESENT,,,,,,,,,,,5,,,,,,,,,,,,,,,,,
2026-04-05T19:05:14.972490Z,1016,dc.danglingtree.htb,Microsoft-Windows-Perflib,Application,1974,3,,,,,,,,,,,,,0x21e7b05f980,1132,,,,,,,,,,,,,,,,,,,,,,,,,,,,,,,,,C:\Windows\System32\perfts.dll,,,,,,,,,,,,,,,,,,,,,,,,,,,,,,,,,,,,,TermService,,,,,,,,,,,,,,,,,,,,,,,,,,,,
2026-04-05T19:05:14.975242Z,1008,dc.danglingtree.htb,Microsoft-Windows-Perflib,Application,1975,3,,,,,,,,,,,,,,,,,,,,,,,,,,,,,,,,,,,,,,,,,,,,,,,C:\WINDOWS\system32\wbem\wmiaprpl.dll,,,,,,,,,,,,,,,,,,,,,,,,,,,,,,,,,,,,,WmiApRpl,,,,,,,,,,,21,,,,,,,,,,,,,,,,,
2026-04-05T19:05:50.875921Z,"{'#attributes': {'Qualifiers': 0}, '#text': 0}",dc.danglingtree.htb,edgeupdate,Application,1976,4,,,,,,,,,,,,,,,,,,,,,,,Service stopped,,,,,,,,,,,,,,,,,,,,,,,,,,,,,,,,,,,,,,,,,,,,,,,,,,,,,,,,,,,,,,,,,,,,,,,,,,,,,,,,,,,,,,,,,
2026-04-05T19:06:09.375373Z,"{'#attributes': {'Qualifiers': 0}, '#text': 0}",dc.danglingtree.htb,edgeupdate,Application,1977,4,,,,,,,,,,,,,,,,,,,,,,,Service stopped,,,,,,,,,,,,,,,,,,,,,,,,,,,,,,,,,,,,,,,,,,,,,,,,,,,,,,,,,,,,,,,,,,,,,,,,,,,,,,,,,,,,,,,,,
2026-04-05T19:07:10.362908Z,"{'#attributes': {'Qualifiers': 0}, '#text': 8224}",dc.danglingtree.htb,VSS,Application,1978,4,,,,,,,,,,2D20436F64653A2020434F525356434330303030303737322D2043616C6C3A2020434F525356434330303030303735342D205049443A202030303030353634342D205449443A202030303030353636382D20434D443A2020433A5C57494E444F57535C73797374656D33325C76737376632E6578652020202D20557365723A204E616D653A204E5420415554484F524954595C53595354454D2C205349443A532D312D352D313820,,,,,,,,,,,,,,,,,,,,,,,,,,,,,,,,,,,,,,,,,,,,,,,,,,,,,,,,,,,,,,,,,,,,,,,,,,,,,,,,,,,,,,,,,,,,,,,,,,,,,,
2026-04-05T19:08:55.239637Z,1001,dc.danglingtree.htb,Microsoft-Windows-LoadPerf,Application,1979,4,,,,,,,,,,,,,,,,,,,,,,,,,,,,,,,,,,,,,,,,,,,,,,,,,,,,,,,,,,,,,,,,,,,,,,,,,,,,,,,,,,,,,,,,,,,,,,,,,LoadPerf,DA3C0000C4020000,8,,WmiApRpl,,,,WmiApRpl,,,,,,,
2026-04-05T19:08:55.279622Z,1000,dc.danglingtree.htb,Microsoft-Windows-LoadPerf,Application,1980,4,,,,,,,,,,,,,,,,,,,,,,,,,,,,,,,,,,,,,,,,,,,,,,,,,,,,,,,,,,,,,,,,,,,,,,,,,,,,,,,,,,,,,,,,,,,,,,,,,LoadPerf,DC3C0000823D0000,8,,WmiApRpl,,,,WmiApRpl,,,,,,,
2026-04-05T19:09:22.563839Z,"{'#attributes': {'Qualifiers': 0}, '#text': 0}",dc.danglingtree.htb,edgeupdate,Application,1981,4,,,,,,,,,,,,,,,,,,,,,,,Service stopped,,,,,,,,,,,,,,,,,,,,,,,,,,,,,,,,,,,,,,,,,,,,,,,,,,,,,,,,,,,,,,,,,,,,,,,,,,,,,,,,,,,,,,,,,
