2026-03-26T06:40:32.228033Z,"{'#attributes': {'Qualifiers': 49152}, '#text': 8197}",dc.danglingtree.htb,Microsoft-Windows-Security-SPP,Application,408,4,,,,,,,,,,,,,,,,,,,,,,,RuleId=31e71c49-8da7-4a2f-ad92-45d98a1c79ba;Action=AutoActivate;AppId=55c92734-d682-4d71-983e-d6ec3f16059f;SkuId=753c53a2-4274-4339-8c2e-f66c0b9646c5;NotificationInterval=1440;Trigger=NetworkAvailable,,,,,,,,,,,,,,,,,,,,,,,,,,,,,,,,,,,,,,,,,,,,,,,,,,,,,,,,,,,,,,,,,,,,,,,,,,,,,,,,,,,,,,,,,
2026-03-26T06:40:32.291806Z,"{'#attributes': {'Qualifiers': 16384}, '#text': 8230}",dc.danglingtree.htb,Microsoft-Windows-Security-SPP,Application,409,4,,,,,,,,,,,,,,,,,,,,,,,Security-SPP-Action-StateData (REG_SZ) =AppId=55c92734-d682-4d71-983e-d6ec3f16059f;GraceEndDate=2026/09/22:06:40:32;LastConsumptionReason=0x4004fc04;LastNotificationId=Cleanup;LicenseState=SL_LICENSING_STATUS_LICENSED;PartialProductKey=7H9YG;ProductKeyType=Retail:TB:Eval;SkuId=753c53a2-4274-4339-8c2e-f66c0b9646c5;ruleId=379cccfb-d4e0-48fe-b0f2-0136097be147;uxDifferentiator=TIMEBASED_EVAL,,,,,,,,,,,,,,,,,,,,,,,,,,,,,,,,,,,,,,,,,,,,,,,,,,,,,,,,,,,,,,,,,,,,,,,,,,,,,,,,,,,,,,,,,
2026-03-26T06:40:32.322491Z,"{'#attributes': {'Qualifiers': 49152}, '#text': 8197}",dc.danglingtree.htb,Microsoft-Windows-Security-SPP,Application,410,4,,,,,,,,,,,,,,,,,,,,,,,RuleId=379cccfb-d4e0-48fe-b0f2-0136097be147;Action=CleanupState;AppId=55c92734-d682-4d71-983e-d6ec3f16059f;SkuId=753c53a2-4274-4339-8c2e-f66c0b9646c5;Trigger=TimerEvent,,,,,,,,,,,,,,,,,,,,,,,,,,,,,,,,,,,,,,,,,,,,,,,,,,,,,,,,,,,,,,,,,,,,,,,,,,,,,,,,,,,,,,,,,
2026-03-26T06:40:39.458839Z,"{'#attributes': {'Qualifiers': 0}, '#text': 102}",dc.danglingtree.htb,ESENT,Application,411,4,,,,,,,,,,,,,,,,,,,,,,,,DFSRs,"3736,P,98,0",\\.\C:\System Volume Information\DFSR\database_E634_3FD1_343F_A409\dfsr.db: ,0,10,00,26100,0000,,,,,,,,,,,,,,,,,,,,,,,,,,,,,,,,,,,,,,,,,,,,,,,,,,,,,,,,,,,,,,,,,,,,,,,,,,,,,,,,,
2026-03-26T06:40:39.461668Z,"{'#attributes': {'Qualifiers': 0}, '#text': 102}",dc.danglingtree.htb,ESENT,Application,412,4,,,,,,,,,,,,,,,,,,,,,,,,certsrv.exe,"3708,P,98,0",,0,10,00,26100,0000,,,,,,,,,,,,,,,,,,,,,,,,,,,,,,,,,,,,,,,,,,,,,,,,,,,,,,,,,,,,,,,,,,,,,,,,,,,,,,,,,
2026-03-26T06:40:39.472361Z,"{'#attributes': {'Qualifiers': 0}, '#text': 105}",dc.danglingtree.htb,ESENT,Application,413,4,,,,,,,,,,,,,,,,,,,,,,,,certsrv.exe,"3708,D,0,0",,0,0.012,"
[1] 0.000883 +J(0) +M(C:0K, Fs:129, WS:500K # 500K, PF:2492K # 2216K, P:2492K)
[2] 0.000699 +J(0) +M(C:3200K, Fs:241, WS:948K # 948K, PF:4216K # 4216K, P:4216K)
[3] 0.000012 +J(0) +M(C:0K, Fs:2, WS:4K # 4K, PF:68K # 68K, P:68K)
[4] 0.000100 +J(0) +M(C:0K, Fs:26, WS:104K # 104K, PF:492K # 492K, P:492K)
[5] 0.000398 +J(0) +M(C:0K, Fs:11, WS:44K # 44K, PF:20K # 20K, P:20K)
[6] 0.001123 +J(0) +M(C:0K, Fs:33, WS:132K # 132K, PF:12K # 12K, P:12K)
[7] 0.004230 -0.002752 (3) WT +J(0) +M(C:0K, Fs:281, WS:1120K # 1120K, PF:1028K # 1028K, P:1028K)
[8] -
[9] -
[10] -
[11] -
[12] -
[13] 0.003870 -0.002060 (4) WT +J(CM:0, PgRf:0, Rd:0/0, Dy:0/0, Lg:616/1) +M(C:0K, Fs:27, WS:-928K # 76K, PF:-956K # 72K, P:-956K)
[14] 0.000012 +J(0) +M(C:0K, Fs:2, WS:8K # 0K, PF:0K # 0K, P:0K)
[15] 0.000121 +J(0) +M(C:0K, Fs:102, WS:404K # 0K, PF:68K # 0K, P:68K)
[16] 0.001010 -0.000676 (1) WT +J(0) +M(C:0K, Fs:2, WS:0K # 0K, PF:0K # 0K, P:0K).","RBSOn = 0
",,,,,,,,,,,,,,,,,,,,,,,,,,,,,,,,,,,,,,,,,,,,,,,,,,,,,,,,,,,,,,,,,,,,,,,,,,,,,,,,,,
2026-03-26T06:40:39.481535Z,"{'#attributes': {'Qualifiers': 0}, '#text': 105}",dc.danglingtree.htb,ESENT,Application,414,4,,,,,,,,,,,,,,,,,,,,,,,,DFSRs,"3736,D,0,0",\\.\C:\System Volume Information\DFSR\database_E634_3FD1_343F_A409\dfsr.db: ,0,0.027,"
[1] 0.002445 +J(0) +M(C:0K, Fs:328, WS:1196K # 1212K, PF:6532K # 6616K, P:6532K)
[2] 0.000330 +J(0) +M(C:16K, Fs:106, WS:416K # 400K, PF:332K # 244K, P:332K)
[3] 0.000018 +J(0) +M(C:0K, Fs:2, WS:4K # 4K, PF:68K # 68K, P:68K)
[4] 0.000343 +J(0) +M(C:2032K, Fs:46, WS:180K # 180K, PF:2436K # 2436K, P:2436K)
[5] 0.000968 +J(0) +M(C:0K, Fs:16, WS:64K # 64K, PF:32K # 32K, P:32K)
[6] 0.002703 +J(0) +M(C:0K, Fs:31, WS:84K # 84K, PF:16K # 28K, P:16K)
[7] 0.012522 -0.009158 (11) WT +J(0) +M(C:0K, Fs:1310, WS:5204K # 5204K, PF:5112K # 5220K, P:5112K)
[8] -
[9] -
[10] -
[11] -
[12] -
[13] 0.007369 -0.005209 (12) WT +J(CM:0, PgRf:0, Rd:0/0, Dy:0/0, Lg:616/1) +M(C:0K, Fs:12, WS:-5084K # 16K, PF:-5124K # 0K, P:-5124K)
[14] 0.000011 +J(0) +M(C:0K, Fs:1, WS:4K # 0K, PF:0K # 0K, P:0K)
[15] 0.000083 +J(0) +M(C:0K, Fs:65, WS:260K # 0K, PF:64K # 0K, P:64K)
[16] 0.000205 -0.000097 (1) WT +J(0) +M(C:0K, Fs:2, WS:0K # 0K, PF:0K # 0K, P:0K).","RBSOn = 0
",,,,,,,,,,,,,,,,,,,,,,,,,,,,,,,,,,,,,,,,,,,,,,,,,,,,,,,,,,,,,,,,,,,,,,,,,,,,,,,,,,
2026-03-26T06:40:39.483897Z,"{'#attributes': {'Qualifiers': 0}, '#text': 326}",dc.danglingtree.htb,ESENT,Application,415,4,,,,,,,,,,,,,,,,,,,,,,,,certsrv.exe,"3708,D,50,0",,1,C:\WINDOWS\system32\CertLog\danglingtree-DC-CA.edb,0,"
[1] 0.000007 +J(0) +M(C:0K, Fs:1, WS:4K # 0K, PF:0K # 0K, P:0K)
[2] 0.001801 -0.001042 (1) WT +J(0) +M(C:0K, Fs:21, WS:20K # 0K, PF:4K # 0K, P:4K)
[3] 0.004920 -0.001637 (6) WT +J(CM:0, PgRf:0, Rd:0/0, Dy:0/0, Lg:3480/2) +M(C:0K, Fs:34, WS:132K # 0K, PF:120K # 0K, P:120K)
[4] 0.000318 +J(0) +M(C:0K, Fs:1, WS:4K # 0K, PF:0K # 0K, P:0K)
[5] -
[6] 0.000553 -0.000418 (2) CM -0.000346 (2) WT +J(CM:2, PgRf:2, Rd:0/2, Dy:0/0, Lg:0/0) +M(C:0K, Fs:43, WS:172K # 0K, PF:132K # 0K, P:132K)
[7] 0.000002 +J(0)
[8] 0.000364 -0.000084 (1) CM -0.000078 (1) WT +J(CM:1, PgRf:1, Rd:14/0, Dy:0/0, Lg:0/0) +M(C:0K, Fs:37, WS:148K # 0K, PF:196K # 0K, P:196K)
[9] -
[10] -
[11] -
[12] 0.000014 +J(CM:0, PgRf:0, Rd:0/0, Dy:0/0, Lg:54/1) +M(C:0K, Fs:2, WS:8K # 0K, PF:20K # 0K, P:20K)
[13] 0.000405 -0.000236 (2) CM -0.000138 (2) WT +J(CM:2, PgRf:23, Rd:0/2, Dy:0/0, Lg:0/0) +M(C:0K, Fs:24, WS:96K # 76K, PF:12K # 0K, P:12K)
[14] 0.000251 -0.000112 (1) CM -0.000061 (1) WT +J(CM:1, PgRf:40, Rd:0/1, Dy:0/0, Lg:0/0) +M(C:0K, Fs:5, WS:20K # 20K, PF:64K # 0K, P:64K)
[15] 0.000005 +J(CM:0, PgRf:1, Rd:0/0, Dy:0/0, Lg:0/0)
[16] 0.000005 +J(CM:0, PgRf:1, Rd:0/0, Dy:0/0, Lg:0/0) +M(C:0K, Fs:1, WS:4K # 4K, PF:0K # 0K, P:0K)
[17] 0.000025 +J(CM:0, PgRf:42, Rd:0/0, Dy:0/0, Lg:0/0) +M(C:0K, Fs:6, WS:24K # 24K, PF:0K # 0K, P:0K)
[18] 0.0 +J(0)
[19] 0.0 +J(0)
[20] 0.000011 +J(CM:0, PgRf:3, Rd:0/0, Dy:0/0, Lg:0/0) +M(C:0K, Fs:3, WS:12K # 12K, PF:0K # 0K, P:0K).",0 0,"lgposAttach = 00000001:00B5:0268,
dbv = 1568.300.620 (9620)",,,,,,,,,,,,,,,,,,,,,,,,,,,,,,,,,,,,,,,,,,,,,,,,,,,,,,,,,,,,,,,,,,,,,,,,,,,,,,,,
2026-03-26T06:40:39.492408Z,"{'#attributes': {'Qualifiers': 0}, '#text': 326}",dc.danglingtree.htb,ESENT,Application,416,4,,,,,,,,,,,,,,,,,,,,,,,,DFSRs,"3736,D,50,0",\\.\C:\System Volume Information\DFSR\database_E634_3FD1_343F_A409\dfsr.db: ,1,\\.\C:\System Volume Information\DFSR\database_E634_3FD1_343F_A409\dfsr.db,0,"
[1] 0.000002 +J(0) +M(C:0K, Fs:1, WS:4K # 0K, PF:0K # 0K, P:0K)
[2] 0.000458 -0.000213 (1) WT +J(0) +M(C:0K, Fs:22, WS:24K # 0K, PF:8K # 0K, P:8K)
[3] 0.005718 -0.003023 (6) WT +J(CM:0, PgRf:0, Rd:0/0, Dy:0/0, Lg:3480/2) +M(C:0K, Fs:42, WS:160K # 0K, PF:148K # 0K, P:148K)
[4] 0.000667 +J(0) +M(C:0K, Fs:1, WS:4K # 0K, PF:0K # 0K, P:0K)
[5] -
[6] 0.000608 -0.000408 (2) CM -0.000351 (2) WT +J(CM:2, PgRf:2, Rd:0/2, Dy:0/0, Lg:0/0) +M(C:-8K, Fs:43, WS:164K # 0K, PF:120K # 0K, P:120K)
[7] 0.000001 +J(0)
[8] 0.000549 -0.000423 (1) CM -0.000411 (1) WT +J(CM:1, PgRf:1, Rd:14/0, Dy:0/0, Lg:0/0) +M(C:-4K, Fs:51, WS:200K # 0K, PF:188K # 0K, P:188K)
[9] -
[10] -
[11] -
[12] 0.000008 +J(CM:0, PgRf:0, Rd:0/0, Dy:0/0, Lg:54/1) +M(C:0K, Fs:2, WS:8K # 0K, PF:20K # 0K, P:20K)
[13] 0.000270 -0.000164 (1) CM -0.000100 (1) WT +J(CM:1, PgRf:23, Rd:0/1, Dy:0/0, Lg:0/0) +M(C:-8K, Fs:21, WS:76K # 0K, PF:0K # 0K, P:0K)
[14] 0.000740 -0.000674 (1) CM -0.000654 (1) WT +J(CM:1, PgRf:40, Rd:0/1, Dy:0/0, Lg:0/0) +M(C:-4K, Fs:6, WS:20K # 0K, PF:60K # 0K, P:60K)
[15] 0.000004 +J(CM:0, PgRf:1, Rd:0/0, Dy:0/0, Lg:0/0)
[16] 0.000005 +J(CM:0, PgRf:1, Rd:0/0, Dy:0/0, Lg:0/0) +M(C:0K, Fs:1, WS:4K # 0K, PF:0K # 0K, P:0K)
[17] 0.000013 +J(CM:0, PgRf:36, Rd:0/0, Dy:0/0, Lg:0/0)
[18] 0.0 +J(0)
[19] 0.0 +J(0)
[20] 0.000012 +J(CM:0, PgRf:3, Rd:0/0, Dy:0/0, Lg:0/0) +M(C:0K, Fs:3, WS:12K # 0K, PF:0K # 0K, P:0K).",0 0,"lgposAttach = 00000002:02AC:0268,
dbv = 1568.300.620 (9620)",,,,,,,,,,,,,,,,,,,,,,,,,,,,,,,,,,,,,,,,,,,,,,,,,,,,,,,,,,,,,,,,,,,,,,,,,,,,,,,,
2026-03-26T06:40:39.712256Z,77,dc.danglingtree.htb,Microsoft-Windows-CertificationAuthority,Application,417,3,,,,,,,,,,,,,,,,,,,,,,,,,,,,,,,,,,,,,,,,,,,,,,,,,,,,,,,,,,,,,,,,,,,,,,,Windows default,,,,,,,,,,,,,,,,,,,,,,,"The VPNUserTemplate Certificate Template could not be loaded.  Element not found. 0x80070490 (WIN32: 1168 ERROR_NOT_FOUND).
",,MSG_POLICY_LOG_WARNING,,,,,,,,,,,,,,,,
2026-03-26T06:40:39.831091Z,26,dc.danglingtree.htb,Microsoft-Windows-CertificationAuthority,Application,418,4,,,,,,,,,,,,,,,,,danglingtree-DC-CA,,,,dc.danglingtree.htb,  DC=,,,,,,,,,,,,,,,,,,,,,,,,,,,,,,,,,,,,,,,,,,,,,,,,,,,,,,,,,,,,,,,,,,,,,,,,,,MSG_I_SERVER_STARTED,,,,,,,,,,,,,,,,
2026-03-26T06:41:02.350628Z,"{'#attributes': {'Qualifiers': 16384}, '#text': 16384}",dc.danglingtree.htb,Microsoft-Windows-Security-SPP,Application,419,4,,,,,,,,,,,,,,,,,,,,,,,,2026-03-27T06:40:02Z,TBL,,,,,,,,,,,,,,,,,,,,,,,,,,,,,,,,,,,,,,,,,,,,,,,,,,,,,,,,,,,,,,,,,,,,,,,,,,,,,,,,,,,,,,,
2026-03-26T06:41:02.354573Z,"{'#attributes': {'Qualifiers': 16384}, '#text': 903}",dc.danglingtree.htb,Microsoft-Windows-Security-SPP,Application,420,0,,,,,,,,,,,,,,,,,,,,,,,,,,,,,,,,,,,,,,,,,,,,,,,,,,,,,,,,,,,,,,,,,,,,,,,,,,,,,,,,,,,,,,,,,,,,,,,,,,,,,,,,,,,,,,,,
2026-03-26T06:41:31.902289Z,"{'#attributes': {'Qualifiers': 49152}, '#text': 16394}",dc.danglingtree.htb,Microsoft-Windows-Security-SPP,Application,421,4,,,,,,,,,,,,,,,,,,,,,,,,,,,,,,,,,,,,,,,,,,,,,,,,,,,,,,,,,,,,,,,,,,,,,,,,,,,,,,,,,,,,,,,,,,,,,,,,,,,,,,,,,,,,,,,,
2026-03-26T06:41:32.312746Z,"{'#attributes': {'Qualifiers': 16384}, '#text': 1003}",dc.danglingtree.htb,Microsoft-Windows-Security-SPP,Application,422,4,,,,,,,,,,,,,,,,,,,,,,,,55c92734-d682-4d71-983e-d6ec3f16059f,"
1: 753c53a2-4274-4339-8c2e-f66c0b9646c5, 1, 1 [(0 [0x00000000, 1, 0], [(?)( 1 0x00000000)(?)( 2 0x00000000 0 0 msft:rm/algorithm/hwid/4.0 0x00000000 0)(?)( 9 0x00000000 180 259199)( 10 0x00000000 msft:rm/algorithm/flags/1.0)(?)])(1 )(2 )(3 )]

",,,,,,,,,,,,,,,,,,,,,,,,,,,,,,,,,,,,,,,,,,,,,,,,,,,,,,,,,,,,,,,,,,,,,,,,,,,,,,,,,,,,,,,
2026-03-26T06:42:02.488564Z,"{'#attributes': {'Qualifiers': 16384}, '#text': 16384}",dc.danglingtree.htb,Microsoft-Windows-Security-SPP,Application,423,4,,,,,,,,,,,,,,,,,,,,,,,,2026-08-23T06:40:02Z,RulesEngine,,,,,,,,,,,,,,,,,,,,,,,,,,,,,,,,,,,,,,,,,,,,,,,,,,,,,,,,,,,,,,,,,,,,,,,,,,,,,,,,,,,,,,,
2026-03-26T06:42:11.787229Z,"{'#attributes': {'Qualifiers': 0}, '#text': 0}",dc.danglingtree.htb,edgeupdate,Application,424,4,,,,,,,,,,,,,,,,,,,,,,,Service stopped,,,,,,,,,,,,,,,,,,,,,,,,,,,,,,,,,,,,,,,,,,,,,,,,,,,,,,,,,,,,,,,,,,,,,,,,,,,,,,,,,,,,,,,,,
2026-03-26T06:42:12.311307Z,"{'#attributes': {'Qualifiers': 16384}, '#text': 900}",dc.danglingtree.htb,Microsoft-Windows-Security-SPP,Application,425,4,,,,,,,,,,,,,,,,,,,,,,,<explicit>,,,,,,,,,,,,,,,,,,,,,,,,,,,,,,,,,,,,,,,,,,,,,,,,,,,,,,,,,,,,,,,,,,,,,,,,,,,,,,,,,,,,,,,,,
2026-03-26T06:42:12.356080Z,"{'#attributes': {'Qualifiers': 49152}, '#text': 16394}",dc.danglingtree.htb,Microsoft-Windows-Security-SPP,Application,426,4,,,,,,,,,,,,,,,,,,,,,,,,,,,,,,,,,,,,,,,,,,,,,,,,,,,,,,,,,,,,,,,,,,,,,,,,,,,,,,,,,,,,,,,,,,,,,,,,,,,,,,,,,,,,,,,,
2026-03-26T06:42:42.404351Z,"{'#attributes': {'Qualifiers': 16384}, '#text': 16384}",dc.danglingtree.htb,Microsoft-Windows-Security-SPP,Application,427,4,,,,,,,,,,,,,,,,,,,,,,,,2026-08-23T06:39:42Z,RulesEngine,,,,,,,,,,,,,,,,,,,,,,,,,,,,,,,,,,,,,,,,,,,,,,,,,,,,,,,,,,,,,,,,,,,,,,,,,,,,,,,,,,,,,,,
2026-03-26T06:43:11.966788Z,"{'#attributes': {'Qualifiers': 0}, '#text': 8224}",dc.danglingtree.htb,VSS,Application,428,4,,,,,,,,,,2D20436F64653A2020434F525356434330303030303737322D2043616C6C3A2020434F525356434330303030303735342D205049443A202030303030353736342D205449443A202030303030353738342D20434D443A2020433A5C57494E444F57535C73797374656D33325C76737376632E6578652020202D20557365723A204E616D653A204E5420415554484F524954595C53595354454D2C205349443A532D312D352D313820,,,,,,,,,,,,,,,,,,,,,,,,,,,,,,,,,,,,,,,,,,,,,,,,,,,,,,,,,,,,,,,,,,,,,,,,,,,,,,,,,,,,,,,,,,,,,,,,,,,,,,
2026-03-26T06:44:21.145433Z,1001,dc.danglingtree.htb,Microsoft-Windows-LoadPerf,Application,429,4,,,,,,,,,,,,,,,,,,,,,,,,,,,,,,,,,,,,,,,,,,,,,,,,,,,,,,,,,,,,,,,,,,,,,,,,,,,,,,,,,,,,,,,,,,,,,,,,,LoadPerf,DA3C0000C4020000,8,,WmiApRpl,,,,WmiApRpl,,,,,,,
2026-03-26T06:44:21.171575Z,1000,dc.danglingtree.htb,Microsoft-Windows-LoadPerf,Application,430,4,,,,,,,,,,,,,,,,,,,,,,,,,,,,,,,,,,,,,,,,,,,,,,,,,,,,,,,,,,,,,,,,,,,,,,,,,,,,,,,,,,,,,,,,,,,,,,,,,LoadPerf,DC3C0000823D0000,8,,WmiApRpl,,,,WmiApRpl,,,,,,,
2026-03-26T06:49:17.753622Z,"{'#attributes': {'Qualifiers': 32768}, '#text': 256}",dc.danglingtree.htb,Edge,Application,431,4,,,,,,,,,,,,,,,,,,,,,,,[5060:1516:0325/234917.751:INFO:chrome\browser\extensions\extension_garbage_collector.cc:188] Garbage collection for extensions on file thread is complete.,,,,,,,,,,,,,,,,,,,,,,,,,,,,,,,,,,,,,,,,,,,,,,,,,,,,,,,,,,,,,,,,,,,,,,,,,,,,,,,,,,,,,,,,,
2026-03-26T06:50:12.829962Z,"{'#attributes': {'Qualifiers': 16384}, '#text': 5}",dc.danglingtree.htb,Microsoft-Windows-Search-ProfileNotify,Application,432,4,,,,,,,,,,,,,,,,,,,,,,,,,,,,,,,,,,,,,,,,,,,,,,,,,,,,,,,,,,,,,,,,,,,,,,,,,,,,,,,,,,,,,,,,,,,,DANGLINGTREE\james.d,,,,,,,,,,,,,,,,,,,,
2026-03-26T06:50:31.933922Z,"{'#attributes': {'Qualifiers': 0}, '#text': 4109}",dc.danglingtree.htb,Microsoft-Windows-CAPI2,Application,433,4,,,,,,,,,,,,,,,,,,,,,,,,"OU=Class 3 Public Primary Certification Authority, O=""VeriSign, Inc."", C=US",742C3192E607E424EB4549542BE1BBC53E6174E2,,,,,,,,,,,,,,,,,,,,,,,,,,,,,,,,,,,,,,,,,,,,,,,,,,,,,,,,,,,,,,,,,,,,,,,,,,,,,,,,,,,,,,,
2026-03-26T06:50:31.934835Z,"{'#attributes': {'Qualifiers': 0}, '#text': 4108}",dc.danglingtree.htb,Microsoft-Windows-CAPI2,Application,434,4,,,,,,,,,,,,,,,,,,,,,,,,"OU=Class 3 Public Primary Certification Authority, O=""VeriSign, Inc."", C=US",4F65566336DB6598581D584A596C87934D5F2AB4,,,,,,,,,,,,,,,,,,,,,,,,,,,,,,,,,,,,,,,,,,,,,,,,,,,,,,,,,,,,,,,,,,,,,,,,,,,,,,,,,,,,,,,
2026-03-26T06:50:31.939099Z,"{'#attributes': {'Qualifiers': 0}, '#text': 4111}",dc.danglingtree.htb,Microsoft-Windows-CAPI2,Application,435,4,,,,,,,,,,,,,,,,,,,,,,,"‎Tuesday, ‎August ‎26, ‎2025 12:56:46 PM",,,,,,,,,,,,,,,,,,,,,,,,,,,,,,,,,,,,,,,,,,,,,,,,,,,,,,,,,,,,,,,,,,,,,,,,,,,,,,,,,,,,,,,,,
2026-03-26T06:50:31.946872Z,"{'#attributes': {'Qualifiers': 0}, '#text': 4097}",dc.danglingtree.htb,Microsoft-Windows-CAPI2,Application,436,4,,,,,,,,,,,,,,,,,,,,,,,,"CN=DigiCert Trusted Root G4, OU=www.digicert.com, O=DigiCert Inc, C=US",DDFB16CD4931C973A2037D3FC83A4D7D775D05E4,,,,,,,,,,,,,,,,,,,,,,,,,,,,,,,,,,,,,,,,,,,,,,,,,,,,,,,,,,,,,,,,,,,,,,,,,,,,,,,,,,,,,,,
2026-03-26T06:55:10.408153Z,"{'#attributes': {'Qualifiers': 49152}, '#text': 16394}",dc.danglingtree.htb,Microsoft-Windows-Security-SPP,Application,437,4,,,,,,,,,,,,,,,,,,,,,,,,,,,,,,,,,,,,,,,,,,,,,,,,,,,,,,,,,,,,,,,,,,,,,,,,,,,,,,,,,,,,,,,,,,,,,,,,,,,,,,,,,,,,,,,,
2026-03-26T06:55:10.452870Z,"{'#attributes': {'Qualifiers': 16384}, '#text': 1040}",dc.danglingtree.htb,Microsoft-Windows-Security-SPP,Application,438,4,,,,,,,,,,600000000A00320000000100030001000100010001000000020001000000E861787F71480C5CE6B7DFE08E87FC1467B063A9F133FB7B5ED60D0001000101000201000301000401000500000601000700000801000901000A01000B00000C0100300000000100030001000100010001000000010001000000E861787F71480C5CE6B7DFE08E87FC1467B063A9FB7B5ED6,,,,,,,,,,,,,,55c92734-d682-4d71-983e-d6ec3f16059f,753c53a2-4274-4339-8c2e-f66c0b9646c5,,,,,,,,,,,,,,,,,,,,,,,,,,,,,,,,,,,,,,,,,,,,,,,,,,,,,,,,,,,,,,,,,,,,,,,,,,,,,,,,,,,,,,,
2026-03-26T06:55:40.540642Z,"{'#attributes': {'Qualifiers': 16384}, '#text': 16384}",dc.danglingtree.htb,Microsoft-Windows-Security-SPP,Application,439,4,,,,,,,,,,,,,,,,,,,,,,,,2026-08-23T06:39:40Z,RulesEngine,,,,,,,,,,,,,,,,,,,,,,,,,,,,,,,,,,,,,,,,,,,,,,,,,,,,,,,,,,,,,,,,,,,,,,,,,,,,,,,,,,,,,,,
2026-03-26T07:00:00.030940Z,"{'#attributes': {'Qualifiers': 0}, '#text': 700}",dc.danglingtree.htb,ESENT,Application,440,4,,,,,,,,,,,,,,,,,,,,,,,,DFSRs,"3736,D,0,0",\\.\C:\System Volume Information\DFSR\database_E634_3FD1_343F_A409\dfsr.db: ,\\.\C:\System Volume Information\DFSR\database_E634_3FD1_343F_A409\dfsr.db,,,,,,,,,,,,,,,,,,,,,,,,,,,,,,,,,,,,,,,,,,,,,,,,,,,,,,,,,,,,,,,,,,,,,,,,,,,,,,,,,,,,,
2026-03-26T07:00:00.035151Z,"{'#attributes': {'Qualifiers': 0}, '#text': 701}",dc.danglingtree.htb,ESENT,Application,441,4,,,,,,,,,,,,,,,,,,,,,,,,DFSRs,"3736,D,0,0",\\.\C:\System Volume Information\DFSR\database_E634_3FD1_343F_A409\dfsr.db: ,\\.\C:\System Volume Information\DFSR\database_E634_3FD1_343F_A409\dfsr.db,0,3/26/2026,0,1,1,1,,,,,,,,,,,,,,,,,,,,,,,,,,,,,,,,,,,,,,,,,,,,,,,,,,,,,,,,,,,,,,,,,,,,,,,,,,,,,,,
2026-03-26T07:10:09.616774Z,"{'#attributes': {'Qualifiers': 49152}, '#text': 16394}",dc.danglingtree.htb,Microsoft-Windows-Security-SPP,Application,442,4,,,,,,,,,,,,,,,,,,,,,,,,,,,,,,,,,,,,,,,,,,,,,,,,,,,,,,,,,,,,,,,,,,,,,,,,,,,,,,,,,,,,,,,,,,,,,,,,,,,,,,,,,,,,,,,,
2026-03-26T07:10:39.909583Z,"{'#attributes': {'Qualifiers': 16384}, '#text': 16384}",dc.danglingtree.htb,Microsoft-Windows-Security-SPP,Application,443,4,,,,,,,,,,,,,,,,,,,,,,,,2026-08-23T06:39:39Z,RulesEngine,,,,,,,,,,,,,,,,,,,,,,,,,,,,,,,,,,,,,,,,,,,,,,,,,,,,,,,,,,,,,,,,,,,,,,,,,,,,,,,,,,,,,,,
2026-03-26T07:21:51.652629Z,23,dc.danglingtree.htb,Microsoft-Windows-AppModel-State,Application,444,3,,,,,,,,,,,,,,,,,,,,,,,,,,,,,,,,,,,,,,,,,,,,,,,,,,,,,,,InitializeDataChangedSignaler,-2147024894,,,,,,,,,,,Microsoft.Windows.ShellExperienceHost_cw5n1h2txyewy,,,,,,,,,,,,,,,,,,,,,,,,,,,,,,,,,,,,,,,,,,,,,
2026-03-26T07:21:51.849655Z,24,dc.danglingtree.htb,Microsoft-Windows-AppModel-State,Application,445,3,,,,,,,,,,,,,,,,,,,,,,,,,,,,,,,,,,,,,,,,,,,,,,,,,,,,,,,InitializeDataChangedSignaler,-2147024894,,,,,,,,,,,Microsoft.Windows.ShellExperienceHost_cw5n1h2txyewy,,,,,,,,,,0,,,,,,,,,,,,,,,,,,,,,,,,,,,,,,,,,,,
2026-03-26T07:24:43.227255Z,"{'#attributes': {'Qualifiers': 0}, '#text': 0}",dc.danglingtree.htb,MailService,Application,446,4,,,,,,,,,,,,,,,,,,,,,,,Service stopped successfully.,,,,,,,,,,,,,,,,,,,,,,,,,,,,,,,,,,,,,,,,,,,,,,,,,,,,,,,,,,,,,,,,,,,,,,,,,,,,,,,,,,,,,,,,,
2026-03-26T07:25:09.339027Z,"{'#attributes': {'Qualifiers': 0}, '#text': 1000}",dc.danglingtree.htb,.NET Runtime,Application,447,3,,,,,,,,,,,,,,,,,,,,,,,"Category: Microsoft.AspNetCore.StaticFiles.StaticFileMiddleware
EventId: 16

The WebRootPath was not found: C:\Users\Administrator\wwwroot. Static files may be unavailable.
",,,,,,,,,,,,,,,,,,,,,,,,,,,,,,,,,,,,,,,,,,,,,,,,,,,,,,,,,,,,,,,,,,,,,,,,,,,,,,,,,,,,,,,,,
2026-03-26T07:25:53.228244Z,"{'#attributes': {'Qualifiers': 0}, '#text': 1000}",dc.danglingtree.htb,.NET Runtime,Application,448,3,,,,,,,,,,,,,,,,,,,,,,,"Category: Microsoft.AspNetCore.StaticFiles.StaticFileMiddleware
EventId: 16

The WebRootPath was not found: C:\Users\Administrator\Videos\wwwroot. Static files may be unavailable.
",,,,,,,,,,,,,,,,,,,,,,,,,,,,,,,,,,,,,,,,,,,,,,,,,,,,,,,,,,,,,,,,,,,,,,,,,,,,,,,,,,,,,,,,,
2026-03-26T07:32:13.390732Z,"{'#attributes': {'Qualifiers': 0}, '#text': 1000}",dc.danglingtree.htb,.NET Runtime,Application,449,3,,,,,,,,,,,,,,,,,,,,,,,"Category: Microsoft.AspNetCore.StaticFiles.StaticFileMiddleware
EventId: 16

The WebRootPath was not found: C:\Users\Administrator\Videos\wwwroot. Static files may be unavailable.
",,,,,,,,,,,,,,,,,,,,,,,,,,,,,,,,,,,,,,,,,,,,,,,,,,,,,,,,,,,,,,,,,,,,,,,,,,,,,,,,,,,,,,,,,
2026-03-26T07:32:53.602131Z,"{'#attributes': {'Qualifiers': 49152}, '#text': 16394}",dc.danglingtree.htb,Microsoft-Windows-Security-SPP,Application,450,4,,,,,,,,,,,,,,,,,,,,,,,,,,,,,,,,,,,,,,,,,,,,,,,,,,,,,,,,,,,,,,,,,,,,,,,,,,,,,,,,,,,,,,,,,,,,,,,,,,,,,,,,,,,,,,,,
2026-03-26T07:33:23.893324Z,"{'#attributes': {'Qualifiers': 16384}, '#text': 16384}",dc.danglingtree.htb,Microsoft-Windows-Security-SPP,Application,451,4,,,,,,,,,,,,,,,,,,,,,,,,2026-08-23T06:40:23Z,RulesEngine,,,,,,,,,,,,,,,,,,,,,,,,,,,,,,,,,,,,,,,,,,,,,,,,,,,,,,,,,,,,,,,,,,,,,,,,,,,,,,,,,,,,,,,
2026-03-26T07:33:44.534767Z,"{'#attributes': {'Qualifiers': 49152}, '#text': 16394}",dc.danglingtree.htb,Microsoft-Windows-Security-SPP,Application,452,4,,,,,,,,,,,,,,,,,,,,,,,,,,,,,,,,,,,,,,,,,,,,,,,,,,,,,,,,,,,,,,,,,,,,,,,,,,,,,,,,,,,,,,,,,,,,,,,,,,,,,,,,,,,,,,,,
2026-03-26T07:34:14.858781Z,"{'#attributes': {'Qualifiers': 16384}, '#text': 16384}",dc.danglingtree.htb,Microsoft-Windows-Security-SPP,Application,453,4,,,,,,,,,,,,,,,,,,,,,,,,2026-08-23T06:40:14Z,RulesEngine,,,,,,,,,,,,,,,,,,,,,,,,,,,,,,,,,,,,,,,,,,,,,,,,,,,,,,,,,,,,,,,,,,,,,,,,,,,,,,,,,,,,,,,
2026-03-26T07:36:00.492399Z,"{'#attributes': {'Qualifiers': 49152}, '#text': 16394}",dc.danglingtree.htb,Microsoft-Windows-Security-SPP,Application,454,4,,,,,,,,,,,,,,,,,,,,,,,,,,,,,,,,,,,,,,,,,,,,,,,,,,,,,,,,,,,,,,,,,,,,,,,,,,,,,,,,,,,,,,,,,,,,,,,,,,,,,,,,,,,,,,,,
2026-03-26T07:36:30.865846Z,"{'#attributes': {'Qualifiers': 16384}, '#text': 16384}",dc.danglingtree.htb,Microsoft-Windows-Security-SPP,Application,455,4,,,,,,,,,,,,,,,,,,,,,,,,2026-08-23T06:40:30Z,RulesEngine,,,,,,,,,,,,,,,,,,,,,,,,,,,,,,,,,,,,,,,,,,,,,,,,,,,,,,,,,,,,,,,,,,,,,,,,,,,,,,,,,,,,,,,
2026-03-26T07:36:40.344620Z,"{'#attributes': {'Qualifiers': 49152}, '#text': 16394}",dc.danglingtree.htb,Microsoft-Windows-Security-SPP,Application,456,4,,,,,,,,,,,,,,,,,,,,,,,,,,,,,,,,,,,,,,,,,,,,,,,,,,,,,,,,,,,,,,,,,,,,,,,,,,,,,,,,,,,,,,,,,,,,,,,,,,,,,,,,,,,,,,,,
2026-03-26T07:37:10.441809Z,"{'#attributes': {'Qualifiers': 16384}, '#text': 16384}",dc.danglingtree.htb,Microsoft-Windows-Security-SPP,Application,457,4,,,,,,,,,,,,,,,,,,,,,,,,2026-08-23T06:40:10Z,RulesEngine,,,,,,,,,,,,,,,,,,,,,,,,,,,,,,,,,,,,,,,,,,,,,,,,,,,,,,,,,,,,,,,,,,,,,,,,,,,,,,,,,,,,,,,
2026-03-26T07:39:07.336489Z,"{'#attributes': {'Qualifiers': 49152}, '#text': 16394}",dc.danglingtree.htb,Microsoft-Windows-Security-SPP,Application,458,4,,,,,,,,,,,,,,,,,,,,,,,,,,,,,,,,,,,,,,,,,,,,,,,,,,,,,,,,,,,,,,,,,,,,,,,,,,,,,,,,,,,,,,,,,,,,,,,,,,,,,,,,,,,,,,,,
2026-03-26T07:39:37.444444Z,"{'#attributes': {'Qualifiers': 16384}, '#text': 16384}",dc.danglingtree.htb,Microsoft-Windows-Security-SPP,Application,459,4,,,,,,,,,,,,,,,,,,,,,,,,2026-08-23T06:39:37Z,RulesEngine,,,,,,,,,,,,,,,,,,,,,,,,,,,,,,,,,,,,,,,,,,,,,,,,,,,,,,,,,,,,,,,,,,,,,,,,,,,,,,,,,,,,,,,
2026-03-26T07:40:09.977822Z,"{'#attributes': {'Qualifiers': 49152}, '#text': 16394}",dc.danglingtree.htb,Microsoft-Windows-Security-SPP,Application,460,4,,,,,,,,,,,,,,,,,,,,,,,,,,,,,,,,,,,,,,,,,,,,,,,,,,,,,,,,,,,,,,,,,,,,,,,,,,,,,,,,,,,,,,,,,,,,,,,,,,,,,,,,,,,,,,,,
2026-03-26T07:40:38.428145Z,"{'#attributes': {'Qualifiers': 16384}, '#text': 1704}",dc.danglingtree.htb,SceCli,Application,461,4,,,,,,,,,,,,,,,,,,,,,,,,,,,,,,,,,,,,,,,,,,,,,,,,,,,,,,,,,,,,,,,,,,,,,,,,,,,,,,,,,,,,,,,,,,,,,,,,,,,,,,,,,,,,,,,,
2026-03-26T07:40:40.057926Z,"{'#attributes': {'Qualifiers': 16384}, '#text': 16384}",dc.danglingtree.htb,Microsoft-Windows-Security-SPP,Application,462,4,,,,,,,,,,,,,,,,,,,,,,,,2026-08-23T06:39:40Z,RulesEngine,,,,,,,,,,,,,,,,,,,,,,,,,,,,,,,,,,,,,,,,,,,,,,,,,,,,,,,,,,,,,,,,,,,,,,,,,,,,,,,,,,,,,,,
2026-03-26T07:40:56.736077Z,"{'#attributes': {'Qualifiers': 16384}, '#text': 5}",dc.danglingtree.htb,Microsoft-Windows-Search-ProfileNotify,Application,463,4,,,,,,,,,,,,,,,,,,,,,,,,,,,,,,,,,,,,,,,,,,,,,,,,,,,,,,,,,,,,,,,,,,,,,,,,,,,,,,,,,,,,,,,,,,,,DANGLINGTREE\svc_mail,,,,,,,,,,,,,,,,,,,,
2026-03-26T07:42:13.911594Z,"{'#attributes': {'Qualifiers': 49152}, '#text': 16394}",dc.danglingtree.htb,Microsoft-Windows-Security-SPP,Application,464,4,,,,,,,,,,,,,,,,,,,,,,,,,,,,,,,,,,,,,,,,,,,,,,,,,,,,,,,,,,,,,,,,,,,,,,,,,,,,,,,,,,,,,,,,,,,,,,,,,,,,,,,,,,,,,,,,
2026-03-26T07:42:44.198486Z,"{'#attributes': {'Qualifiers': 16384}, '#text': 16384}",dc.danglingtree.htb,Microsoft-Windows-Security-SPP,Application,465,4,,,,,,,,,,,,,,,,,,,,,,,,2026-08-23T06:39:44Z,RulesEngine,,,,,,,,,,,,,,,,,,,,,,,,,,,,,,,,,,,,,,,,,,,,,,,,,,,,,,,,,,,,,,,,,,,,,,,,,,,,,,,,,,,,,,,
2026-03-26T07:43:40.089936Z,"{'#attributes': {'Qualifiers': 0}, '#text': 8224}",dc.danglingtree.htb,VSS,Application,466,4,,,,,,,,,,2D20436F64653A2020434F525356434330303030303737322D2043616C6C3A2020434F525356434330303030303735342D205049443A202030303030353333322D205449443A202030303030383336382D20434D443A2020433A5C57494E444F57535C73797374656D33325C76737376632E6578652020202D20557365723A204E616D653A204E5420415554484F524954595C53595354454D2C205349443A532D312D352D313820,,,,,,,,,,,,,,,,,,,,,,,,,,,,,,,,,,,,,,,,,,,,,,,,,,,,,,,,,,,,,,,,,,,,,,,,,,,,,,,,,,,,,,,,,,,,,,,,,,,,,,
2026-03-26T07:45:21.587219Z,"{'#attributes': {'Qualifiers': 0}, '#text': 0}",dc.danglingtree.htb,MailService,Application,467,2,,,,,,,,,,,,,,,,,,,,,,,"Failed writing new mailConfig.json: Access to the path 'C:\Program Files (x86)\SmarterTools\SmarterMail\Service\mailConfig.old.xml' is denied.
",,,,,,,,,,,,,,,,,,,,,,,,,,,,,,,,,,,,,,,,,,,,,,,,,,,,,,,,,,,,,,,,,,,,,,,,,,,,,,,,,,,,,,,,,
2026-03-26T07:45:21.641999Z,"{'#attributes': {'Qualifiers': 49152}, '#text': 16394}",dc.danglingtree.htb,Microsoft-Windows-Security-SPP,Application,468,4,,,,,,,,,,,,,,,,,,,,,,,,,,,,,,,,,,,,,,,,,,,,,,,,,,,,,,,,,,,,,,,,,,,,,,,,,,,,,,,,,,,,,,,,,,,,,,,,,,,,,,,,,,,,,,,,
2026-03-26T07:45:21.762490Z,1008,dc.danglingtree.htb,Microsoft-Windows-Perflib,Application,469,3,,,,,,,,,,,,,,,,,,,,,,,,,,,,,,,,,,,,,,,,,,,,,,,C:\WINDOWS\system32\mscoree.dll,,,,,,,,,,,,,,,,,,,,,,,,,,,,,,,,,,,,,.NETFramework,,,,,,,,,,,5,,,,,,,,,,,,,,,,,
2026-03-26T07:45:21.952254Z,1008,dc.danglingtree.htb,Microsoft-Windows-Perflib,Application,470,3,,,,,,,,,,,,,,,,,,,,,,,,,,,,,,,,,,,,,,,,,,,,,,,C:\WINDOWS\system32\esentprf.dll,,,,,,,,,,,,,,,,,,,,,,,,,,,,,,,,,,,,,ESENT,,,,,,,,,,,5,,,,,,,,,,,,,,,,,
2026-03-26T07:45:22.037616Z,1008,dc.danglingtree.htb,Microsoft-Windows-Perflib,Application,471,3,,,,,,,,,,,,,,,,,,,,,,,,,,,,,,,,,,,,,,,,,,,,,,,C:\WINDOWS\system32\wbem\wmiaprpl.dll,,,,,,,,,,,,,,,,,,,,,,,,,,,,,,,,,,,,,WmiApRpl,,,,,,,,,,,21,,,,,,,,,,,,,,,,,
2026-03-26T07:45:51.958335Z,"{'#attributes': {'Qualifiers': 16384}, '#text': 16384}",dc.danglingtree.htb,Microsoft-Windows-Security-SPP,Application,472,4,,,,,,,,,,,,,,,,,,,,,,,,2026-08-23T06:39:51Z,RulesEngine,,,,,,,,,,,,,,,,,,,,,,,,,,,,,,,,,,,,,,,,,,,,,,,,,,,,,,,,,,,,,,,,,,,,,,,,,,,,,,,,,,,,,,,
2026-03-26T07:48:46.119498Z,"{'#attributes': {'Qualifiers': 0}, '#text': 0}",dc.danglingtree.htb,MailService,Application,473,2,,,,,,,,,,,,,,,,,,,,,,,"Failed writing new mailConfig.json: Access to the path 'C:\Program Files (x86)\SmarterTools\SmarterMail\Service\mailConfig.old.xml' is denied.
",,,,,,,,,,,,,,,,,,,,,,,,,,,,,,,,,,,,,,,,,,,,,,,,,,,,,,,,,,,,,,,,,,,,,,,,,,,,,,,,,,,,,,,,,
2026-03-26T07:48:46.347126Z,1008,dc.danglingtree.htb,Microsoft-Windows-Perflib,Application,474,3,,,,,,,,,,,,,,,,,,,,,,,,,,,,,,,,,,,,,,,,,,,,,,,C:\WINDOWS\system32\mscoree.dll,,,,,,,,,,,,,,,,,,,,,,,,,,,,,,,,,,,,,.NETFramework,,,,,,,,,,,5,,,,,,,,,,,,,,,,,
2026-03-26T07:48:46.611965Z,1008,dc.danglingtree.htb,Microsoft-Windows-Perflib,Application,475,3,,,,,,,,,,,,,,,,,,,,,,,,,,,,,,,,,,,,,,,,,,,,,,,C:\WINDOWS\system32\esentprf.dll,,,,,,,,,,,,,,,,,,,,,,,,,,,,,,,,,,,,,ESENT,,,,,,,,,,,5,,,,,,,,,,,,,,,,,
2026-03-26T07:48:46.718448Z,1008,dc.danglingtree.htb,Microsoft-Windows-Perflib,Application,476,3,,,,,,,,,,,,,,,,,,,,,,,,,,,,,,,,,,,,,,,,,,,,,,,C:\WINDOWS\system32\wbem\wmiaprpl.dll,,,,,,,,,,,,,,,,,,,,,,,,,,,,,,,,,,,,,WmiApRpl,,,,,,,,,,,21,,,,,,,,,,,,,,,,,
2026-03-26T07:50:30.582963Z,1008,dc.danglingtree.htb,Microsoft-Windows-Perflib,Application,477,3,,,,,,,,,,,,,,,,,,,,,,,,,,,,,,,,,,,,,,,,,,,,,,,C:\WINDOWS\system32\mscoree.dll,,,,,,,,,,,,,,,,,,,,,,,,,,,,,,,,,,,,,.NETFramework,,,,,,,,,,,5,,,,,,,,,,,,,,,,,
2026-03-26T07:50:30.600684Z,1008,dc.danglingtree.htb,Microsoft-Windows-Perflib,Application,478,3,,,,,,,,,,,,,,,,,,,,,,,,,,,,,,,,,,,,,,,,,,,,,,,C:\WINDOWS\system32\esentprf.dll,,,,,,,,,,,,,,,,,,,,,,,,,,,,,,,,,,,,,ESENT,,,,,,,,,,,5,,,,,,,,,,,,,,,,,
2026-03-26T07:50:30.648071Z,1008,dc.danglingtree.htb,Microsoft-Windows-Perflib,Application,479,3,,,,,,,,,,,,,,,,,,,,,,,,,,,,,,,,,,,,,,,,,,,,,,,C:\WINDOWS\system32\wbem\wmiaprpl.dll,,,,,,,,,,,,,,,,,,,,,,,,,,,,,,,,,,,,,WmiApRpl,,,,,,,,,,,21,,,,,,,,,,,,,,,,,
2026-03-26T07:50:50.817960Z,"{'#attributes': {'Qualifiers': 0}, '#text': 0}",dc.danglingtree.htb,MailService,Application,480,2,,,,,,,,,,,,,,,,,,,,,,,"Failed writing new mailConfig.json: Access to the path 'C:\Program Files (x86)\SmarterTools\SmarterMail\Service\mailConfig.old.xml' is denied.
",,,,,,,,,,,,,,,,,,,,,,,,,,,,,,,,,,,,,,,,,,,,,,,,,,,,,,,,,,,,,,,,,,,,,,,,,,,,,,,,,,,,,,,,,
2026-03-26T07:50:50.953841Z,1008,dc.danglingtree.htb,Microsoft-Windows-Perflib,Application,481,3,,,,,,,,,,,,,,,,,,,,,,,,,,,,,,,,,,,,,,,,,,,,,,,C:\WINDOWS\system32\mscoree.dll,,,,,,,,,,,,,,,,,,,,,,,,,,,,,,,,,,,,,.NETFramework,,,,,,,,,,,5,,,,,,,,,,,,,,,,,
2026-03-26T07:50:50.970914Z,1008,dc.danglingtree.htb,Microsoft-Windows-Perflib,Application,482,3,,,,,,,,,,,,,,,,,,,,,,,,,,,,,,,,,,,,,,,,,,,,,,,C:\WINDOWS\system32\esentprf.dll,,,,,,,,,,,,,,,,,,,,,,,,,,,,,,,,,,,,,ESENT,,,,,,,,,,,5,,,,,,,,,,,,,,,,,
2026-03-26T07:50:51.019523Z,1008,dc.danglingtree.htb,Microsoft-Windows-Perflib,Application,483,3,,,,,,,,,,,,,,,,,,,,,,,,,,,,,,,,,,,,,,,,,,,,,,,C:\WINDOWS\system32\wbem\wmiaprpl.dll,,,,,,,,,,,,,,,,,,,,,,,,,,,,,,,,,,,,,WmiApRpl,,,,,,,,,,,21,,,,,,,,,,,,,,,,,
2026-03-26T07:51:22.342049Z,"{'#attributes': {'Qualifiers': 49152}, '#text': 16394}",dc.danglingtree.htb,Microsoft-Windows-Security-SPP,Application,484,4,,,,,,,,,,,,,,,,,,,,,,,,,,,,,,,,,,,,,,,,,,,,,,,,,,,,,,,,,,,,,,,,,,,,,,,,,,,,,,,,,,,,,,,,,,,,,,,,,,,,,,,,,,,,,,,,
2026-03-26T07:51:45.353935Z,"{'#attributes': {'Qualifiers': 32768}, '#text': 6000}",dc.danglingtree.htb,Microsoft-Windows-Winlogon,Application,485,4,,,,,,,,,,D9060000,,,,,,,,,,,,,WSearch,,,,,,,,,,,,,,,,,,,,,,,,,,,,,,,,,,,,,,,,,,,,,,,,,,,,,,,,,,,,,,,,,,,,,,,,,,,,,,,,,,,,,,,,,
2026-03-26T07:51:45.506865Z,"{'#attributes': {'Qualifiers': 0}, '#text': 260}",dc.danglingtree.htb,VMUpgradeHelper,Application,486,4,,,,,,,,,,,,,,,,,,,,,,,,,,,,,,,,,,,,,,,,,,,,,,,,,,,,,,,,,,,,,,,,,,,,,,,,,,,,,,,,,,,,,,,,,,,,,,,,,,,,,,,,,,,,,,,,
2026-03-26T07:51:45.507193Z,"{'#attributes': {'Qualifiers': 0}, '#text': 272}",dc.danglingtree.htb,VMUpgradeHelper,Application,487,4,,,,,,,,,,,,,,,,,,,,,,,,,,,,,,,,,,,,,,,,,,,,,,,,,,,,,,,,,,,,,,,,,,,,,,,,,,,,,,,,,,,,,,,,,,,,,,,,,,,,,,,,,,,,,,,,
2026-03-26T07:51:45.518780Z,"{'#attributes': {'Qualifiers': 0}, '#text': 108}",dc.danglingtree.htb,VMTools,Application,488,4,,,,,,,,,,,,,,,,,,,,,,,,,,,,,,,,,,,,,,,,,,,,,,,,,,,,,,,,,,,,,,,,,,,,,,,,,,,,,,,,,,,,,,,,,,,,,,,,,,,,,,,,,,,,,,,,
2026-03-26T07:51:45.741879Z,1532,dc.danglingtree.htb,Microsoft-Windows-User Profiles Service,Application,489,4,,,,,,,,,,,,,,,,,,,,,,,,,,,,,,,,,,,,,,,,,,,,,,,,,,,,,,,,,,,,,,,,,,,,,,,,,,,,,,,,,,,,,,,,,,,,,,,,,,,,,,,,,,,,,,,,
2026-03-26T07:51:45.963985Z,1000,dc.danglingtree.htb,Application Error,Application,490,2,,WindowsAdminCenterAccountManagement.exe,C:\Program Files\WindowsAdminCenter\Service\WindowsAdminCenterAccountManagement.exe,69340000,,2.6.11.4,,,,,,,,,,,,,,,,,,,,,,,,,,,,,,,,,e0434352,,00000000000ca80a,,,,baf481de-0711-4175-b128-28e7dc87e508,,,,KERNELBASE.dll,C:\WINDOWS\System32\KERNELBASE.dll,93531557,10.0.26100.32230,,,,,,,,,,,,,,,,,,,,0x1dcbceb6499bac2,0x1478,,,,,,,,,,,,,,,,,,,,,,,,,,,,,,,,,,,,,,,
2026-03-26T07:51:45.992333Z,38,dc.danglingtree.htb,Microsoft-Windows-CertificationAuthority,Application,491,4,,,,,,,,,,,,,,,,,danglingtree-DC-CA,,,,,,,,,,,,,,,,,,,,,,,,,,,,,,,,,,,,,,,,,,,,,,,,,,,,,,,,,,,,,,,,,,,,,,,,,,,,,,,MSG_I_SERVER_STOPPED,,,,,,,,,,,,,,,,
2026-03-26T07:51:46.753178Z,1001,dc.danglingtree.htb,Windows Error Reporting,Application,492,4,,,,,,,,,"
\\?\C:\ProgramData\Microsoft\Windows\WER\Temp\WER.63504de0-de0f-42cb-823c-d6b27dc7a5b9.tmp.mdmp
\\?\C:\ProgramData\Microsoft\Windows\WER\Temp\WER.9b7dd4e0-cd8c-4fa4-b1f0-3ae18d467743.tmp.WERInternalMetadata.xml
\\?\C:\ProgramData\Microsoft\Windows\WER\Temp\WER.c43a3a66-5e48-472b-9eba-ed14c3c7c8a1.tmp.xml
\\?\C:\Windows\SystemTemp\WER.3219d386-3428-49e6-ab36-20f7a8616098.tmp.appcompat.txt",,,0,,,,,,0,0,,,,,,,,,,,,,,,,,,,APPCRASH,,,,,,,,,,,,,,,,,,,WindowsAdminCenterAccountManagement.exe,,2.6.11.4,69340000,KERNELBASE.dll,10.0.26100.32230,93531557,e0434352,00000000000ca80a,,,,,,,,,,,0,,baf481de-0711-4175-b128-28e7dc87e508,4,,Not available,,,,,,\\?\C:\ProgramData\Microsoft\Windows\WER\ReportQueue\AppCrash_WindowsAdminCent_a6fb81939b9f405e50f372bdcaf57e747b9d9ae_67a50925_cab_6542128a-8437-4e43-b987-2aa60e55c189,,,,,,,,,,,,,,,,,,,,,,,,,
2026-03-26T20:54:55.066773Z,1531,dc.danglingtree.htb,Microsoft-Windows-User Profiles Service,Application,493,4,,,,,,,,,,,,,,,,,,,,,,,,,,,,,,,,,,,,,,,,,,,,,,,,,,,,,,,,,,,,,,,,,,,,,,,,,,,,,,,,,,,,,,,,,,,,,,,,,,,,,,,,,,,,,,,,
2026-03-26T20:55:04.962784Z,"{'#attributes': {'Qualifiers': 0}, '#text': 105}",dc.danglingtree.htb,VMTools,Application,494,4,,,,,,,,,,,,,,,,,,,,,,,,,,,,,,,,,,,,,,,,,,,,,,,,,,,,,,,,,,,,,,,,,,,,,,,,,,,,,,,,,,,,,,,,,,,,,,,,,,,,,,,,,,,,,,,,
2026-03-26T20:55:05.149719Z,"{'#attributes': {'Qualifiers': 16384}, '#text': 900}",dc.danglingtree.htb,Microsoft-Windows-Security-SPP,Application,495,4,,,,,,,,,,,,,,,,,,,,,,,TriggerStarted:6,,,,,,,,,,,,,,,,,,,,,,,,,,,,,,,,,,,,,,,,,,,,,,,,,,,,,,,,,,,,,,,,,,,,,,,,,,,,,,,,,,,,,,,,,
2026-03-26T20:55:05.327833Z,"{'#attributes': {'Qualifiers': 49152}, '#text': 16394}",dc.danglingtree.htb,Microsoft-Windows-Security-SPP,Application,496,4,,,,,,,,,,,,,,,,,,,,,,,,,,,,,,,,,,,,,,,,,,,,,,,,,,,,,,,,,,,,,,,,,,,,,,,,,,,,,,,,,,,,,,,,,,,,,,,,,,,,,,,,,,,,,,,,
2026-03-26T20:55:05.428979Z,"{'#attributes': {'Qualifiers': 16384}, '#text': 1066}",dc.danglingtree.htb,Microsoft-Windows-Security-SPP,Application,497,4,,,,,,,,,,,,,,,,,,,,,,,"C:\WINDOWS\system32\sppwinob.dll, msft:spp/windowsfunctionality/agent/7.0, 0x00000000, 0x00000000
C:\WINDOWS\system32\sppobjs.dll, msft:rm/algorithm/inherited/1.0, 0x00000000, 0x00000000
C:\WINDOWS\system32\sppobjs.dll, msft:rm/algorithm/phone/1.0, 0x00000000, 0x00000000
C:\WINDOWS\system32\sppobjs.dll, msft:rm/algorithm/pkey/detect, 0x00000000, 0x00000000
C:\WINDOWS\system32\sppobjs.dll, msft:spp/ActionScheduler/1.0, 0x00000000, 0x00000000
C:\WINDOWS\system32\sppobjs.dll, msft:spp/TaskScheduler/1.0, 0x00000000, 0x00000000
C:\WINDOWS\system32\sppobjs.dll, msft:spp/statecollector/pkey, 0x00000000, 0x00000000
C:\WINDOWS\system32\sppobjs.dll, msft:spp/volume/services/kms/1.0, 0x00000000, 0x00000000
C:\WINDOWS\system32\sppobjs.dll, msft:spp/volume/services/kms/activationinfo/1.0, 0x00000000, 0x00000000
",,,,,,,,,,,,,,,,,,,,,,,,,,,,,,,,,,,,,,,,,,,,,,,,,,,,,,,,,,,,,,,,,,,,,,,,,,,,,,,,,,,,,,,,,
2026-03-26T20:55:05.503371Z,"{'#attributes': {'Qualifiers': 16384}, '#text': 1003}",dc.danglingtree.htb,Microsoft-Windows-Security-SPP,Application,498,4,,,,,,,,,,,,,,,,,,,,,,,,55c92734-d682-4d71-983e-d6ec3f16059f,"
1: 753c53a2-4274-4339-8c2e-f66c0b9646c5, 1, 1 [(0 [0x00000000, 1, 0], [(?)( 1 0x00000000)(?)( 2 0x00000000 0 0 msft:rm/algorithm/hwid/4.0 0x00000000 0)(?)( 9 0x00000000 180 258346)( 10 0x00000000 msft:rm/algorithm/flags/1.0)(?)])(1 )(2 )(3 )]

",,,,,,,,,,,,,,,,,,,,,,,,,,,,,,,,,,,,,,,,,,,,,,,,,,,,,,,,,,,,,,,,,,,,,,,,,,,,,,,,,,,,,,,
2026-03-26T20:55:05.515079Z,"{'#attributes': {'Qualifiers': 32768}, '#text': 1037}",dc.danglingtree.htb,Microsoft-Windows-Security-SPP,Application,499,4,,,,,,,,,,,,,,,,,,,,,,,,validity,258346,,,,,,,,,,,,,,,,,,,,,,,,,,,,,,,,,,,,,,,,,,,,,,,,,,,,,,,,,,,,,,,,,,,,,,,,,,,,,,,,,,,,,,,
2026-03-26T20:55:05.496353Z,"{'#attributes': {'Qualifiers': 16384}, '#text': 781}",dc.danglingtree.htb,Microsoft-Windows-Complus,Application,500,4,,,,,,,,,,,,,,,,,,,,,,,,,,,,,,,,,,,,,,,,,,,,,,,,,,,,,,,,,,,,,,,,,,,,,,,,,,,,,,,,,,,,,,,,,,,,,,,,,,,,,86400,,,,SuppressDuplicateDuration,Software\Microsoft\COM3\Eventlog,,,,,,
2026-03-26T20:55:05.527312Z,"{'#attributes': {'Qualifiers': 16384}, '#text': 902}",dc.danglingtree.htb,Microsoft-Windows-Security-SPP,Application,501,0,,,,,,,,,,,,,,,,,,,,,,,10.0.26100.32230,,,,,,,,,,,,,,,,,,,,,,,,,,,,,,,,,,,,,,,,,,,,,,,,,,,,,,,,,,,,,,,,,,,,,,,,,,,,,,,,,,,,,,,,,
2026-03-26T20:55:05.770762Z,"{'#attributes': {'Qualifiers': 16384}, '#text': 4202}",dc.danglingtree.htb,Microsoft-Windows-MSDTC 2,Application,502,4,,,,,,,,,,,,,,,,,,,,,,,,,,,,,,,,,,,,,,,,,,,,,,,,,,,,,,,,,,,,,,,,,,,,,,,,,,,,,,,,,,,,,,,,,,,,,,,,,,,,,0,0,0,1,0,0,0,0,0,1,Mutual Authentication Required,NT AUTHORITY\NetworkService
2026-03-26T20:55:05.794837Z,"{'#attributes': {'Qualifiers': 0}, '#text': 258}",dc.danglingtree.htb,VMUpgradeHelper,Application,503,4,,,,,,,,,,,,,,,,,,,,,,,,,,,,,,,,,,,,,,,,,,,,,,,,,,,,,,,,,,,,,,,,,,,,,,,,,,,,,,,,,,,,,,,,,,,,,,,,,,,,,,,,,,,,,,,,
2026-03-26T20:55:05.920528Z,"{'#attributes': {'Qualifiers': 0}, '#text': 271}",dc.danglingtree.htb,VMUpgradeHelper,Application,504,4,,,,,,,,,,,,,,,,,,,,,,,,,,,,,,,,,,,,,,,,,,,,,,,,,,,,,,,,,,,,,,,,,,,,,,,,,,,,,,,,,,,,,,,,,,,,,,,,,,,,,,,,,,,,,,,,
2026-03-26T20:55:05.016737Z,5615,dc.danglingtree.htb,Microsoft-Windows-WMI,Application,505,4,,,,,,,,,,,,,,,,,,,,,,,,,,,,,,,,,,,,,,,,,,,,,,,,,,,,,,,,,,,,,,,,,,,,,,,,,,,,,,,,,,,,,,,,,,,,,,,,,,,,,,,,,,,,,,,,
2026-03-26T20:55:05.481405Z,5617,dc.danglingtree.htb,Microsoft-Windows-WMI,Application,506,4,,,,,,,,,,,,,,,,,,,,,,,,,,,,,,,,,,,,,,,,,,,,,,,,,,,,,,,,,,,,,,,,,,,,,,,,,,,,,,,,,,,,,,,,,,,,,,,,,,,,,,,,,,,,,,,,
2026-03-26T20:55:06.536735Z,"{'#attributes': {'Qualifiers': 0}, '#text': 0}",dc.danglingtree.htb,WindowsAdminCenterAccountManagement,Application,507,4,,,,,,,,,,,,,,,,,,,,,,,Service started successfully.,,,,,,,,,,,,,,,,,,,,,,,,,,,,,,,,,,,,,,,,,,,,,,,,,,,,,,,,,,,,,,,,,,,,,,,,,,,,,,,,,,,,,,,,,
2026-03-26T20:55:32.020981Z,"{'#attributes': {'Qualifiers': 0}, '#text': 102}",dc.danglingtree.htb,ESENT,Application,508,4,,,,,,,,,,,,,,,,,,,,,,,,DFSRs,"3328,P,98,0",\\.\C:\System Volume Information\DFSR\database_E634_3FD1_343F_A409\dfsr.db: ,0,10,00,26100,0000,,,,,,,,,,,,,,,,,,,,,,,,,,,,,,,,,,,,,,,,,,,,,,,,,,,,,,,,,,,,,,,,,,,,,,,,,,,,,,,,,
2026-03-26T20:55:32.052525Z,"{'#attributes': {'Qualifiers': 0}, '#text': 105}",dc.danglingtree.htb,ESENT,Application,509,4,,,,,,,,,,,,,,,,,,,,,,,,DFSRs,"3328,D,0,0",\\.\C:\System Volume Information\DFSR\database_E634_3FD1_343F_A409\dfsr.db: ,0,0.040,"
[1] 0.005342 +J(0) +M(C:0K, Fs:320, WS:1164K # 1240K, PF:6536K # 6636K, P:6536K)
[2] 0.000404 +J(0) +M(C:16K, Fs:105, WS:412K # 336K, PF:324K # 224K, P:324K)
[3] 0.000021 +J(0) +M(C:0K, Fs:2, WS:4K # 4K, PF:68K # 68K, P:68K)
[4] 0.000348 +J(0) +M(C:2032K, Fs:50, WS:184K # 188K, PF:2444K # 2444K, P:2444K)
[5] 0.002060 +J(0) +M(C:0K, Fs:15, WS:60K # 56K, PF:28K # 28K, P:28K)
[6] 0.001581 +J(0) +M(C:0K, Fs:13, WS:52K # 52K, PF:12K # 12K, P:12K)
[7] -
[8] -
[9] -
[10] -
[11] -
[12] -
[13] 0.025901 -0.015600 (22) WT +J(CM:0, PgRf:0, Rd:0/0, Dy:0/0, Lg:616/1) +M(C:0K, Fs:1490, WS:768K # 5864K, PF:20K # 5148K, P:20K)
[14] 0.000015 +J(0) +M(C:0K, Fs:1, WS:4K # 0K, PF:0K # 0K, P:0K)
[15] 0.000071 +J(0) +M(C:0K, Fs:66, WS:260K # 0K, PF:68K # 0K, P:68K)
[16] 0.004287 -0.000586 (3) WT +J(0) +M(C:0K, Fs:3, WS:4K # 0K, PF:0K # 0K, P:0K).","RBSOn = 0
",,,,,,,,,,,,,,,,,,,,,,,,,,,,,,,,,,,,,,,,,,,,,,,,,,,,,,,,,,,,,,,,,,,,,,,,,,,,,,,,,,
2026-03-26T20:55:32.073621Z,"{'#attributes': {'Qualifiers': 0}, '#text': 325}",dc.danglingtree.htb,ESENT,Application,510,4,,,,,,,,,,,,,,,,,,,,,,,,DFSRs,"3328,D,35,0",\\.\C:\System Volume Information\DFSR\database_E634_3FD1_343F_A409\dfsr.db: ,1,\\.\C:\System Volume Information\DFSR\database_E634_3FD1_343F_A409\dfsr.db,0,"
[1] 0.000048 +J(0) +M(C:0K, Fs:3, WS:12K # 0K, PF:8K # 0K, P:8K)
[2] 0.000942 -0.000349 (1) WT +J(CM:0, PgRf:0, Rd:0/0, Dy:0/0, Lg:3480/2) +M(C:0K, Fs:2, WS:8K # 0K, PF:0K # 0K, P:0K)
[3] 0.004606 -0.000003 (3) WT +J(0) +M(C:0K, Fs:12, WS:40K # 0K, PF:20K # 0K, P:20K)
[4] 0.000328 +J(0) +M(C:0K, Fs:2, WS:8K # 0K, PF:0K # 0K, P:0K)
[5] 0.002061 -0.001172 (3) WT +J(CM:0, PgRf:3, Rd:0/0, Dy:3/6, Lg:122/4) +M(C:0K, Fs:71, WS:276K # 0K, PF:264K # 0K, P:264K)
[6] 0.001985 -0.000318 (2) WT +J(CM:0, PgRf:215, Rd:0/0, Dy:12/420, Lg:24454/461) +M(C:0K, Fs:83, WS:332K # 0K, PF:220K # 0K, P:220K)
[7] 0.001766 -0.000768 (3) WT +J(CM:0, PgRf:0, Rd:0/0, Dy:0/0, Lg:4096/3) +M(C:0K, Fs:6, WS:16K # 0K, PF:0K # 0K, P:0K)
[8] 0.000012 +J(0)
[9] 0.003038 -0.002136 (4) WT +J(0) +M(C:-52K, Fs:7, WS:-32K # 0K, PF:-52K # 0K, P:-52K)
[10] 0.002025 -0.000627 (7) WT +J(CM:0, PgRf:385, Rd:0/0, Dy:7/109, Lg:20701/156) +M(C:12K, Fs:59, WS:228K # 0K, PF:104K # 0K, P:104K)
[11] 0.000002 +J(0).",0 0,"lgposCreate = 00000001:0001:0268,
dbv = 1568.300.620 (9620)",,,,,,,,,,,,,,,,,,,,,,,,,,,,,,,,,,,,,,,,,,,,,,,,,,,,,,,,,,,,,,,,,,,,,,,,,,,,,,,,
2026-03-26T20:55:34.750675Z,"{'#attributes': {'Qualifiers': 0}, '#text': 102}",dc.danglingtree.htb,ESENT,Application,511,4,,,,,,,,,,,,,,,,,,,,,,,,certsrv.exe,"3264,P,98,0",,0,10,00,26100,0000,,,,,,,,,,,,,,,,,,,,,,,,,,,,,,,,,,,,,,,,,,,,,,,,,,,,,,,,,,,,,,,,,,,,,,,,,,,,,,,,,
2026-03-26T20:55:34.763002Z,"{'#attributes': {'Qualifiers': 0}, '#text': 105}",dc.danglingtree.htb,ESENT,Application,512,4,,,,,,,,,,,,,,,,,,,,,,,,certsrv.exe,"3264,D,0,0",,0,0.014,"
[1] 0.000644 +J(0) +M(C:0K, Fs:127, WS:496K # 496K, PF:2488K # 2212K, P:2488K)
[2] 0.000336 +J(0) +M(C:3200K, Fs:232, WS:916K # 916K, PF:4172K # 4172K, P:4172K)
[3] 0.000008 +J(0) +M(C:0K, Fs:1, WS:4K # 4K, PF:64K # 64K, P:64K)
[4] 0.000092 +J(0) +M(C:0K, Fs:27, WS:104K # 104K, PF:500K # 500K, P:500K)
[5] 0.000329 +J(0) +M(C:0K, Fs:12, WS:48K # 48K, PF:24K # 24K, P:24K)
[6] 0.002973 +J(0) +M(C:0K, Fs:33, WS:132K # 132K, PF:12K # 12K, P:12K)
[7] 0.005189 -0.003822 (3) WT +J(0) +M(C:0K, Fs:281, WS:1120K # 1120K, PF:1028K # 1028K, P:1028K)
[8] -
[9] -
[10] -
[11] -
[12] -
[13] 0.003973 -0.002224 (4) WT +J(CM:0, PgRf:0, Rd:0/0, Dy:0/0, Lg:616/1) +M(C:0K, Fs:14, WS:-980K # 24K, PF:-1024K # 12K, P:-1024K)
[14] 0.000018 +J(0) +M(C:0K, Fs:1, WS:4K # 0K, PF:0K # 0K, P:0K)
[15] 0.000152 +J(0) +M(C:0K, Fs:101, WS:404K # 0K, PF:64K # 0K, P:64K)
[16] 0.000628 -0.000221 (1) WT +J(0) +M(C:0K, Fs:3, WS:4K # 0K, PF:4K # 0K, P:4K).","RBSOn = 0
",,,,,,,,,,,,,,,,,,,,,,,,,,,,,,,,,,,,,,,,,,,,,,,,,,,,,,,,,,,,,,,,,,,,,,,,,,,,,,,,,,
2026-03-26T20:55:34.773366Z,"{'#attributes': {'Qualifiers': 0}, '#text': 326}",dc.danglingtree.htb,ESENT,Application,513,4,,,,,,,,,,,,,,,,,,,,,,,,certsrv.exe,"3264,D,50,0",,1,C:\WINDOWS\system32\CertLog\danglingtree-DC-CA.edb,0,"
[1] 0.000003 +J(0) +M(C:0K, Fs:1, WS:4K # 0K, PF:0K # 0K, P:0K)
[2] 0.000569 -0.000305 (1) WT +J(0) +M(C:0K, Fs:21, WS:20K # 0K, PF:4K # 0K, P:4K)
[3] 0.006838 -0.002651 (6) WT +J(CM:0, PgRf:0, Rd:0/0, Dy:0/0, Lg:3480/2) +M(C:0K, Fs:36, WS:132K # 0K, PF:132K # 0K, P:132K)
[4] 0.000269 +J(0) +M(C:0K, Fs:1, WS:4K # 0K, PF:0K # 0K, P:0K)
[5] -
[6] 0.000476 -0.000305 (2) CM -0.000227 (2) WT +J(CM:2, PgRf:2, Rd:0/2, Dy:0/0, Lg:0/0) +M(C:0K, Fs:44, WS:176K # 0K, PF:136K # 0K, P:136K)
[7] 0.000004 +J(0)
[8] 0.000488 -0.000181 (1) CM -0.000174 (1) WT +J(CM:1, PgRf:1, Rd:14/0, Dy:0/0, Lg:0/0) +M(C:0K, Fs:37, WS:148K # 0K, PF:196K # 0K, P:196K)
[9] -
[10] -
[11] -
[12] 0.000013 +J(CM:0, PgRf:0, Rd:0/0, Dy:0/0, Lg:54/1) +M(C:0K, Fs:2, WS:8K # 0K, PF:20K # 0K, P:20K)
[13] 0.000558 -0.000431 (2) CM -0.000301 (2) WT +J(CM:2, PgRf:23, Rd:0/2, Dy:0/0, Lg:0/0) +M(C:0K, Fs:22, WS:88K # 72K, PF:4K # 0K, P:4K)
[14] 0.000379 -0.000236 (1) CM -0.000194 (1) WT +J(CM:1, PgRf:40, Rd:0/1, Dy:0/0, Lg:0/0) +M(C:0K, Fs:5, WS:20K # 20K, PF:64K # 0K, P:64K)
[15] 0.000008 +J(CM:0, PgRf:1, Rd:0/0, Dy:0/0, Lg:0/0)
[16] 0.000016 +J(CM:0, PgRf:1, Rd:0/0, Dy:0/0, Lg:0/0) +M(C:0K, Fs:1, WS:4K # 4K, PF:0K # 0K, P:0K)
[17] 0.000056 +J(CM:0, PgRf:42, Rd:0/0, Dy:0/0, Lg:0/0) +M(C:0K, Fs:6, WS:24K # 24K, PF:0K # 0K, P:0K)
[18] 0.000001 +J(0)
[19] 0.0 +J(0)
[20] 0.000034 +J(CM:0, PgRf:3, Rd:0/0, Dy:0/0, Lg:0/0) +M(C:0K, Fs:3, WS:12K # 12K, PF:0K # 0K, P:0K).",0 0,"lgposAttach = 00000001:00BE:0268,
dbv = 1568.300.620 (9620)",,,,,,,,,,,,,,,,,,,,,,,,,,,,,,,,,,,,,,,,,,,,,,,,,,,,,,,,,,,,,,,,,,,,,,,,,,,,,,,,
2026-03-26T20:55:34.929547Z,77,dc.danglingtree.htb,Microsoft-Windows-CertificationAuthority,Application,514,3,,,,,,,,,,,,,,,,,,,,,,,,,,,,,,,,,,,,,,,,,,,,,,,,,,,,,,,,,,,,,,,,,,,,,,,Windows default,,,,,,,,,,,,,,,,,,,,,,,"The VPNUserTemplate Certificate Template could not be loaded.  Element not found. 0x80070490 (WIN32: 1168 ERROR_NOT_FOUND).
",,MSG_POLICY_LOG_WARNING,,,,,,,,,,,,,,,,
2026-03-26T20:55:34.983304Z,26,dc.danglingtree.htb,Microsoft-Windows-CertificationAuthority,Application,515,4,,,,,,,,,,,,,,,,,danglingtree-DC-CA,,,,dc.danglingtree.htb,  DC=,,,,,,,,,,,,,,,,,,,,,,,,,,,,,,,,,,,,,,,,,,,,,,,,,,,,,,,,,,,,,,,,,,,,,,,,,,MSG_I_SERVER_STARTED,,,,,,,,,,,,,,,,
2026-03-26T20:55:35.594740Z,"{'#attributes': {'Qualifiers': 16384}, '#text': 16384}",dc.danglingtree.htb,Microsoft-Windows-Security-SPP,Application,516,4,,,,,,,,,,,,,,,,,,,,,,,,2026-03-27T20:54:35Z,TBL,,,,,,,,,,,,,,,,,,,,,,,,,,,,,,,,,,,,,,,,,,,,,,,,,,,,,,,,,,,,,,,,,,,,,,,,,,,,,,,,,,,,,,,
2026-03-26T20:55:35.599093Z,"{'#attributes': {'Qualifiers': 16384}, '#text': 903}",dc.danglingtree.htb,Microsoft-Windows-Security-SPP,Application,517,0,,,,,,,,,,,,,,,,,,,,,,,,,,,,,,,,,,,,,,,,,,,,,,,,,,,,,,,,,,,,,,,,,,,,,,,,,,,,,,,,,,,,,,,,,,,,,,,,,,,,,,,,,,,,,,,,
2026-03-26T20:57:06.486153Z,"{'#attributes': {'Qualifiers': 0}, '#text': 0}",dc.danglingtree.htb,edgeupdate,Application,518,4,,,,,,,,,,,,,,,,,,,,,,,Service stopped,,,,,,,,,,,,,,,,,,,,,,,,,,,,,,,,,,,,,,,,,,,,,,,,,,,,,,,,,,,,,,,,,,,,,,,,,,,,,,,,,,,,,,,,,
2026-03-26T20:57:06.957316Z,"{'#attributes': {'Qualifiers': 16384}, '#text': 900}",dc.danglingtree.htb,Microsoft-Windows-Security-SPP,Application,519,4,,,,,,,,,,,,,,,,,,,,,,,<explicit>,,,,,,,,,,,,,,,,,,,,,,,,,,,,,,,,,,,,,,,,,,,,,,,,,,,,,,,,,,,,,,,,,,,,,,,,,,,,,,,,,,,,,,,,,
2026-03-26T20:57:06.995018Z,"{'#attributes': {'Qualifiers': 49152}, '#text': 16394}",dc.danglingtree.htb,Microsoft-Windows-Security-SPP,Application,520,4,,,,,,,,,,,,,,,,,,,,,,,,,,,,,,,,,,,,,,,,,,,,,,,,,,,,,,,,,,,,,,,,,,,,,,,,,,,,,,,,,,,,,,,,,,,,,,,,,,,,,,,,,,,,,,,,
2026-03-26T20:57:37.053472Z,"{'#attributes': {'Qualifiers': 16384}, '#text': 16384}",dc.danglingtree.htb,Microsoft-Windows-Security-SPP,Application,521,4,,,,,,,,,,,,,,,,,,,,,,,,2026-08-23T06:39:37Z,RulesEngine,,,,,,,,,,,,,,,,,,,,,,,,,,,,,,,,,,,,,,,,,,,,,,,,,,,,,,,,,,,,,,,,,,,,,,,,,,,,,,,,,,,,,,,
2026-03-26T20:57:52.571389Z,"{'#attributes': {'Qualifiers': 49152}, '#text': 16394}",dc.danglingtree.htb,Microsoft-Windows-Security-SPP,Application,522,4,,,,,,,,,,,,,,,,,,,,,,,,,,,,,,,,,,,,,,,,,,,,,,,,,,,,,,,,,,,,,,,,,,,,,,,,,,,,,,,,,,,,,,,,,,,,,,,,,,,,,,,,,,,,,,,,
2026-03-26T20:57:52.860950Z,"{'#attributes': {'Qualifiers': 16384}, '#text': 1003}",dc.danglingtree.htb,Microsoft-Windows-Security-SPP,Application,523,4,,,,,,,,,,,,,,,,,,,,,,,,55c92734-d682-4d71-983e-d6ec3f16059f,"
1: 753c53a2-4274-4339-8c2e-f66c0b9646c5, 1, 1 [(0 [0x00000000, 1, 0], [(?)( 1 0x00000000)(?)( 2 0x00000000 0 0 msft:rm/algorithm/hwid/4.0 0x00000000 0)(?)( 9 0x00000000 180 258343)( 10 0x00000000 msft:rm/algorithm/flags/1.0)(?)])(1 )(2 )(3 )]

",,,,,,,,,,,,,,,,,,,,,,,,,,,,,,,,,,,,,,,,,,,,,,,,,,,,,,,,,,,,,,,,,,,,,,,,,,,,,,,,,,,,,,,
2026-03-26T20:58:06.945931Z,"{'#attributes': {'Qualifiers': 0}, '#text': 8224}",dc.danglingtree.htb,VSS,Application,524,4,,,,,,,,,,2D20436F64653A2020434F525356434330303030303737322D2043616C6C3A2020434F525356434330303030303735342D205049443A202030303030353332302D205449443A202030303030353334382D20434D443A2020433A5C57494E444F57535C73797374656D33325C76737376632E6578652020202D20557365723A204E616D653A204E5420415554484F524954595C53595354454D2C205349443A532D312D352D313820,,,,,,,,,,,,,,,,,,,,,,,,,,,,,,,,,,,,,,,,,,,,,,,,,,,,,,,,,,,,,,,,,,,,,,,,,,,,,,,,,,,,,,,,,,,,,,,,,,,,,,
2026-03-26T20:58:07.378689Z,1001,dc.danglingtree.htb,Windows Error Reporting,Application,525,4,,,,,,,,,"
\\?\C:\ProgramData\Microsoft\Windows\WER\Temp\WER.63504de0-de0f-42cb-823c-d6b27dc7a5b9.tmp.mdmp
\\?\C:\ProgramData\Microsoft\Windows\WER\Temp\WER.9b7dd4e0-cd8c-4fa4-b1f0-3ae18d467743.tmp.WERInternalMetadata.xml
\\?\C:\ProgramData\Microsoft\Windows\WER\Temp\WER.c43a3a66-5e48-472b-9eba-ed14c3c7c8a1.tmp.xml
\\?\C:\Windows\SystemTemp\WER.3219d386-3428-49e6-ab36-20f7a8616098.tmp.appcompat.txt",,,0,,,,,,0,0,,,,,,,,,,,,,,,,,,,APPCRASH,,,,,,,,,,,,,,,,,,,WindowsAdminCenterAccountManagement.exe,,2.6.11.4,69340000,KERNELBASE.dll,10.0.26100.32230,93531557,e0434352,00000000000ca80a,,,,,,,,,,,0,,baf481de-0711-4175-b128-28e7dc87e508,100,,Not available,,,,,,\\?\C:\ProgramData\Microsoft\Windows\WER\ReportQueue\AppCrash_WindowsAdminCent_a6fb81939b9f405e50f372bdcaf57e747b9d9ae_67a50925_cab_6542128a-8437-4e43-b987-2aa60e55c189,,,,,,,,,,,,,,,,,,,,,,,,,
2026-03-26T20:58:12.835544Z,"{'#attributes': {'Qualifiers': 0}, '#text': 0}",dc.danglingtree.htb,edgeupdate,Application,526,4,,,,,,,,,,,,,,,,,,,,,,,Service stopped,,,,,,,,,,,,,,,,,,,,,,,,,,,,,,,,,,,,,,,,,,,,,,,,,,,,,,,,,,,,,,,,,,,,,,,,,,,,,,,,,,,,,,,,,
