2026-06-03T19:38:49.925359Z,"{'#attributes': {'Qualifiers': 49152}, '#text': 8200}",dc.danglingtree.htb,Microsoft-Windows-Security-SPP,Application,2087,2,,,,,,,,,,,,,,,,,,,,,,,,hr=0x80072EE7,"00010001(0x00000000, 12:38:36:506 - https://activation-v2.sls.microsoft.com/SLActivateProduct/SLActivateProduct.asmx?configextension=Retail)
00020001(0x00000000, 12:38:36:509)
00030001(0x00000000, 12:38:37:061 - https://activation-v2.sls.microsoft.com)
00030002(0x00000000, 12:38:37:061 - 0)
00040001(0x00000000, 12:38:37:061 - https://activation-v2.sls.microsoft.com)
00040002(0x00000000, 12:38:37:070 - 1, <NULL>, <NULL>, <NULL>)
00050002(0x80072F94, 12:38:37:079 - 0, 1)
00040006(0x00000001, 12:38:37:079 - 0, https://activation-v2.sls.microsoft.com, <N/A>, <N/A>)
00020005(0x00000000, 12:38:37:079 - 0)
00020008(0x80072EE7, 12:38:49:907 - SOAPAction: ""http://microsoft.com/SL/ProductActivationService/IssueToken""
Content-Type: text/xml; charset=utf-8
, <soap:Envelope xmlns:soap=""http://schemas.xmlsoap.org/soap/envelope/"" xmlns:xsi=""http://www.w3.org/2001/XMLSchema-instance"" xmlns:xsd=""http://www.w3.org/2001/XMLSchema"" xmlns:soapenc=""http://schemas.xmlsoap.org/soap/encoding/""><soap:Body><RequestSecurityToken xmlns=""http://schemas.xmlsoap.org/ws/2004/04/security/trust""><TokenType>ProductActivation</TokenType><RequestType>http://schemas.xmlsoap.org/ws/2004/04/security/trust/Issue</RequestType><UseKey><Values xmlns:q1=""http://schemas.xmlsoap.org/ws/2004/04/security/trust"" soapenc:arrayType=""q1:TokenEntry[1]""><TokenEntry><Name>PublishLicense</Name><Value>HQ+FQE2Aa/pnvMGK4OsX5R8Gt+nbcixX1NwJRCBa8tB6H4QHHCPv+NY5+BPWdzvLy1COSFVVa2F3qEL20L2r1wFJwR/6cdtPuO2+/ajim1acMwdNAcK/9PIODr+GOq3VfMyjsVG0MDnMgpSeSRYEqcs/LD3OUv8l/AwSbhtEJcVhR3dVYOuOV//91Y3CznGvzvwPDA0rhGCy+IsVbU35rLYEeWIph3UfnFeX2jizbvmMiKCvu9FAjpX8WAcceR1D2gCHSj43Acxkg28XwKNMkMtOi70DPPAYnjn4jTvK/wR+ADLsQphTgGlJVw5m5Pz1krYWv8/w1ASjaLr6ClQe2+ItB6j5j8fMKj2aWbAoA6w1enYzDficBjv10bESNlQxeZP8DkvaSW62zUOHky314J5AdvQ5z1MpmJWPS2goiUNctwgGyfcRqZ2lJ2PSLOqBiBdmCn/x34lEdstY5mGJlgYYqRyEAa2OOg9FaOju17G9fhB3/lWxrG8UvdHQJQfPH3KLXUT3ngkaSgkQpRSSHSQrxs9xVGw3ri+1axIj1hYjFcByIbiYLSHqJIGxB0GpJABKUgwESFRpbfp+0IDhv3N3qwCSBCRSjRrhhIC0edjiV+YmmcneG9Szpzom/Rnh16B3RYgNYXLNLj2bK68E32kmqBNktR5vgpE8D9ZBD8lB4U9J2EKfb6DN9ApvPUSRc4iiFFTbcI/K3WFEZA9wbnZ9/EPQ/36QCLBKGVjFYNsfrr/zZRcHeEZQ1P232j9778J5aY6jONE3V6ccDvfvsP2LqGFfKCZAUPUfZIvgMKw7M0RuDLuMuQA/hJx86KR9afo0PVkKRikZ/yF+/FXAf+PupI5l3xxlhU3vuBLsdhhTEgEpRPzzFPXsjvNesHu4wdaF/m8D9h5jEzZ9lTjB4I2k/bi2hIy4DcGt9wT1SO/V9n3wGnLaK0rHJi5y9ZrBckSVqCtnF7D+yJfVUHe9WdtY4eIdnpS9b5PSEPsOIYAcTgEjVnC3Z56TC5RUibh1+ALFQUJMhoV5DUak1S1NozWWwP6YEfKLYvfsmLES2gWT3jMy6Nd8sMSCUGpiTxUBt5IfbsFETE3Q2ApFhvXPgDYmP2tZ10QqJUOTZ+WJ3+Xgzfzd3uDg+GjEmoNNlY7K1xJnRVgnc416s3MLq82L9EG9UQfEvnGOclhvq3wxtR6R4Tuxx4cjbLsqQgglaXGVUXjMuJbNE0n2326qQqmEkCuy5xaIVPjKGgg8CNjUN8cPIDojP4dN9CP8PsqD4pMw+jNQ4aaRSDPbbGwzuuFvY1QQpjeBIVHTnET6aRWOpKpMkdUJwt0x/lOZNDDt8zr42oWX0r4NR3rF9h25dD8Q/eEyRwG064doKir1iYUj6EYSSfueJbgqbGArGnVOpsg0lQ55bGNgeWdwPexYhFc6VASa+DS/dWCYCDC2b2PWpcACP5EeL85IjdTxYV3MYqLWkGtyUn1Ep0byIugHYVUwp8F/qSqBO8V2ZlaGXM5r8scDlTiIVZ2aPeomQofolpBvBEoxmLiW57DsWMSBIfbkihtXsOfHXSmTlR9QgFBmQm0J6V/1BMp8s+13if66/ax0/LUl0CZefOq51EqW8Hl8DWFb5lGjyWuPCSVJjf4YwRLc6SWe0Vg04MXcqVxhrjVrgVr0/Obyy+oCIw1/V4Q5GePnPRsT0sUH1z4aiGP/Dcqe1NrhPX6c87qGWHKOdcUhT+geBuwrbZ/XXAzJankg4i5OBqM1VYmeIHB/F2ISxMfjzF70RpmMAFN1B4jydi4XMWXo7OyFU0fZSmV+HnDBIEOvv3Ui9HcpWT5IMR1sJGjaSozBUWwoxEkCVxfBR6RUxgZ3krZK5nThNTNL8VCVpz22qsgR95NsS08NG/TO31bEjkk4yMdgASX5H5d6eW55dxVAgwRfPtqMI/qjmyQ4tJLuwhaaY6/RsZBpTSrgKzTrMG5laHtzLBixPySjLNfPkRkH+8w6rypjCJHYND3yM/OSut2dghBh1MAADI0itoqJ8UG0Qzw+Qvdp0AyERv7l/KZdgCldVWi/kmtjmJOUIPP7XyLZUAztzgrtqDfwBKWDufFp+qkt/ov6jgeXxsu67Jez8dOgEj5kiW85ms/Bsi1Xzu/p7tRU+jLYT4tzvIWruqAcQ3Jl0QU1g8EcgF3ki9jowFkJQcqTmi/49C/MyFmNzrD7YYQu1s0Yn+k/sp+25a7VzB2+ehM/Pr+JJzkXSWrXH85eP2cpHmLkdRjQAzYiJvBiS8sRwMT9LkXjMcy31zXGTgNOWrl1Gvj87dz/jgpLChakOi7ZcVQcoTvcF9JAPK5X6DdFQuQYubCKUtSn5Wr1hOzTwuRKLKPtNfX8AETx71zfnmOk7hkmaeXsjirX5p0xJwOzPI8Frayu88u25rQY+GGUchv1M5PNbYkxtTdqFGSnKeaX0gi6KQX1cm1a4kQCRfewghAsYlMwVG44IPkmr4hPIHtWgECVZwJQEx7KeHqCU7XM30ON8gHMhr41rGUnf9wf9Xuo7KqPU8RW1o/i0oVwAfglqRl6mhxvTxqHLFrTr7LFKH4i11KA0SWEuHiWs0TLRhRLWA8Qc8EXfOOWZNK/tEV06V/JfkagdSeM6B/kenax7wvuuFE8687UH5mUSmTb0+ZQuXpqJ/Rd49WH9nyFSz3MeGz/e2b+cYLKdDd5/D2Lmmva6txgEHBxphEopqE1ajritvl1yjpjdIqC74BmG8VZVOBQVho0wY1n6Obgt1FwRug3jxH93++Z49MGKIy39vj7Vq8l7U22507Pq2PcKvpUG9LTUZmvlBiV5hry818llmUuuJrNQ0f4bYATdXJUGI+sy1jSODL63mpwo7iInxOAoR9Xd4aIj6QGL4c23MNoQivmPhaWknpDHPrizHkDbNWxi4jt0nCTmUp2L9iOemiotdfaallfnylcM4ypgAoICAe39t7hwOcGxdJZ0oURrmBc/qpRGPoj2p4cs/OP/gZ1jS9OQc/OHsAlvipFCypoS3cwhEf9JKaRnLWafLFeWyMmK9nt3Y3H2K0vZ14HE6XH2+RYP9djdrc6/ohPIlijZYG1KFK5ze/ciXPE6XwWYwCEt85iXhBuCCXosmFY+DZhVjHttIap+iVw6p+OGr4W9Dl7x0taaMMLkKgtEYkDWKNoIn6OC0JUYFuYU8Aw/aieQ0/KZzSEtKxtcww0UW97QOdbWTy2e7Ct/lgZMdADHIijQOMLkkl0kVWbjLeMtGadkduDav622fpBCaCqKVdqFBkV8pQRocoS/cTxJGYagB+o1cACk+ToTAo/Rccv0jUl6TRzIriFfniRGs4QI1Vak8GnJ4VRAQI0o7WJKnCPVLKkN8TIH6CchEEZoJGdMuN+gvpT9zvLYvJoOfdfBt2Ac9mrEtikn7+9G8q3FP0kmorFy/xJ/FjsdvjBCPfrbNe79Ro+hv3QE0E2QIoK0OiPRIvtfUejQros9iPRha0/QmyrZCsCG29ctm1vBQH6InlanBKR2Eu6Ur+SiGpKtkxnBPiPkWH4nTckYfYSfzafi9sLzl55Strx5sNwoKJTtGlsPYBWEAqE9QA41dAkzKIf1e+nsPeq9O/yFmd2b6YWLrM8ck48bYnx9LA3odmx5N/NogUQpltFm5CE40f2KR8G3Y0Rwv1QPCb591TGZ+5M/A3m9sL6JtBzy0/EROmTXilHDq9eJ9EDfRxIxQp0gbo+gyN4v5kiW7et0eyWymwVQz5V1H8DHrplQ29cMjxvMOMNKIvlPgVnsz/ImJRSs3uV4hxxXJ5Tj8nkVt6JmrUCzqijWefJeiVaEYsHVfQIB7ViqmeTb5TirxhikrJDn4NnDHZBEz+6pwAepURlqEhs3Jd0RuCXuqJhd4EVgLTlEiAlwuUao2+4v44Vy9KH+X0B/BcqNO0emORgF0EeSslJf9m8LtjNNB0DyXm+OT40whd6AjkbrZsFzuA5FFJmmQ3Al4ckEKs5YF4ypkB+5uiLaNgIvgBGHbZFqt/vyCGfyz4nn3VdJhszPdiuco1zMteD/Qv1ggT3taIvTpw8EHRldQa1+Aj23Nzuas+csmt3YpbyzGq6MzZbzdMkYxByeJg5+aYA2oxT8WWjQq+ddwnEf6b+VZnZg3yySNAAX+Ej/EkWllN8H8KSpHQBm1inH0URq4EthpFWYomAHsb3mk+gDE762FPmJAICSmIdp6yf5dpIykBNdIUCIuCh1k7T55Q7U6fWtBwOdu5J4nx2EXOZDgLKeZvPf+hYYT3u/hBadVHGi7FRS5eWPHOrQ0Vbedwq1Z+eH8SHBMIYP/ybgvhfo5YGvXZFsHDTHWCk4Xb0v2F5SlqpybRg2gAaG7vOsZNgonMgKTHb9ryHgxsSI2bfXuZBtJoTiwCmQRZXKkG/kV2u4ZeZhQnBUr/iTUSFA8KATsORCaShd0IZcGTPPW8JBJo7CL/WZ+KI+q81zvOerUwi/JsnSPQpeXfJha5hLN3vw2sRJocEW4j9SSQt8pIuhzDlXxvm4H2kXPTOuy3ULBRMewR6hH/KD7Dw2ssKzJaNx/ARFNiSJwRjkSiHaSd0/tEfZcRr4qvLslgIx8astOpjPUyZCdAZs/Cc+wp0D5FI+Hq9EuimVe3XF8nHvThhNAMCBKgty8bjFAoM9wrpAvbkAA6q9wvhjTh+JBUMmyHwaL0mR0HD6irrd78DyZ7dCa/gfN9iOox7y1DpcpAXPsiiz0YxlByXB5Y6JmEWUWZFTx5DAuYFIveerGHrogOXIcSwpBnAexBwiu2c0dNNzoEsvyqAbnexhd6XTwHVDMY6bbbt2ATVObVxA8ULC4q15FOLwflxkmIkb46kVpkO5cxr+MXPBFg/Q+WldudOt8qk7h/P6wp32hB1TSO4bW+aD1wxznMKYLRTMbz02rJJqsesjD+bf2TTGBG+R3puYRqSi7DruQfUrkYDfo7trryeZ46gXqMlYQ2tLXOwmEnGpeA6+dlf+jDqr8o6jygmQFYsJrT8iGY1vOC2xNYYgqVc7GT5qrF8GHN/72MAH6Llo9WXLweal++4FKY3m3USs/2hctFp5QvlwLVXoDCg/jbACCWgsHVfmuRUSRy3gzbM6q4TqYj2W8j6XUjpAYo4VtZdgH3B9xiXZ4Gcx24e98iFBrhEcG6MH9mVhSN+whMHhb4FfUpiIm0/k1YFhq/TB+OmSBFFooxXGnfkGO0+8HymcJAm1eKG2UtjnC6iKP1cpEshYTRdrPcdYDJ6QMnhDDHuWpdaQ/gDGxA4JIVH7URhCgECHPfWt6q9b//KmRSHGdokMu99zdBHjHKUKemfrei+Wkui4Gl5ZSMtpJ6SoKeSXuBNXDmBtlTSwgv+tvG5N9iPekjmK7TMUf3JqX1jzp5ayrdX8DS7AoT492Jgt4RcZg4uMy+BeRdrju7zP3zuIffWrTGRX5UwUauQmI0iDowvavpa9GmRWp45r6zgkULT5nSshxABqwAaBjQzNO5mHis0vUbPeMrgUk+Pv0C1++Kzrhy0JtTiyXdHTlnmCGMqGR+4l0r3aphte0AEkufSc4UX/Ie14eWgxaaS3LoS8u8/0hudk3pdFD9ApT20iEUJIKhoMCapwSMwkpburL0biaa6ZgBhjpSTBxWSzEGNcWCS6RUYgWQmQwlDMgaj+OUU3t59iTluQ/XlZAbD6ozOS+toGjuVeH4pA9iyocnrzNNQ5i1QSb9mCr1DDhe/76KZMlqFGbouFfU8H4VM/FdHGIoKud6MT9QVKajtH0io0sl9uGjH1PH70t8iQ++jfB083SuaJ0hVTM19KaUG+KIxMtfqars/Pu/l4ToWId/bG0Haew3iMN0V6WjuuqfMyEeRcHA9H0IvO5m7yWbCgx0Hfz9fqhfHdyKElbJvWkDDcH5etOhPzViqg6s2Fb0lDOOQHTAKT63yYD3RcOvTpV52uhe8F0d3YVIn9xzkkCQvX+ZLPxGwfzE1Jb23PWlxHZspouxoB0IBOG6QVtmdv7vDm+d6LJLx4k3gkkgkH18NdIRO3HzxDrhK3TPdpfyfzHTVZn/ssTVlCpTkJDzoGDIfhDeCIkgph8rWUBpKvDz7t4jR13s+6GYz5/dzreEdiLcA7hcOMLzkcpoPKc3Lwd5qwmQ+NVovMX/Rd5ABpP2Ws48MUGWmVb3H9dKo/Ve7W8EJx98uACLYjRTZJ32EmGpZdgOsOx5fclQ5qpLBRt2WLkQVo+H6rxv3rFZx788RR6qeTIX5TsBitQzu5sh4zEj0X3giPL/NVuV5WRZbHkEBaiiIqV+myETZxTHx0bsIYtFSYnPMRtcE0+VnKytOH+bnc/JmKUL/QttL9pXc9l+OHm/sIIjCeZrlH3pO2DTct6stLpO5nfTkkroKHCWTlJ9ExATik+SdOS8Pvs77gMg55M0sSJS+Nm5i+W9gEVcSRSMAWM9ptxA7HX3xtpnrAv+oDior5WB+x0Y6eNGZMszM1BSY9kFbluuBVNP5eniSLh7iZK66TLC6RMi1X7+8zqFwWv5dYlEVnh/ePYafpts7aKMarPFp8eskfypRW/Q1q59RSmUpL8f6tL0Ft1Q6WR5q86VY9hNKgKcdRARHJ7silCr8Rpah/NTjSFrmJz4oUt7wt2nhEpiaJdQZyzmyDdWZjvxsNc7vidgrVNc9ZIay2Bj8TmA/xyG1wr0s6RtxDkCNj3hPCQX3LdVoap6hhJhmchyHcfMemTnNa9ta+aM7yonghejMizRoPWNHt7NBM4yb/1m71q7M0riEA9Wh6dMlPo/rBSXwiqPlMzqFsZCYYF0p61Nrfdw6rliaKDRNrBSspr7RWVBkEGSo3rHWJUZ4IwD0tKpio9hpI3jFaclTdODYptw9VVd36oGwhSThY5ESeqO4KaBtxq2p+iHDsVSWycERhGNALV7zCJjubOluzUTyHX+fcRGZKHIhUw0Fs5KhM2LVGxjKPejHbH7SuY4VSStQ7vtAfPVBayOWClP9lCr6vdgA+DQ1H9fusDdNOUkb2SsVierjJ5CXLQfgj9pckgDMjwO41QaxApJTkhbEGNeLYUKwUP8wGK7X3+yoLT1eIL5GHts6seIKAnzQoHNs2HF+BDz+4HYU33+RT98ANfU40S548rkCbL0dTZcQme7meqvW0OekkpCPjhKPlIjc0u6hOqQXmtDIbqzKQQ74U+2DU0k1511aNa6IuPDBW8sD3qD6Qw0vt1PTH7EQzeKZcCK1NVn4etsJI5tkT9v7Q/iB7Ywu2AU9q8/Sa0k9xakQLLsGvcsqp8/lyXtbl+Eyd51CJHq/aG8wWKykyQd1vIkQgiz3Dps6zmskNYwYtCAVu5MSthXKbn3iJPEn1PYvWSMByY/jRvn83VFsPMPnUiw3eTVNlINwjog4m0BAPXh3VKjWOz0vxZsEy3fD8AHZlqTB4huQeoUyHzoGKTOoZXwJI2gzSIyYz67DNxwX2iv5wUl/sXW7hNWUCDR+t/yhBCCD5n2c5vhAV1bE40yBwezybxVrlSyoLsluKCWPzMuSG4JEaeADawMvYsPuQ1ySsbrNmaWyskpGj0tSUN8q0Uw5/nXJK92RCdNgLE6tIyNMD66dv5dIntliW/TnMqi1mXCg621fcHEtMJtBSJ4fqhZMXuTmJ1EGH1hu54unD1ScI/1TqhtKG9YBgVDpwZjXYQm+k5ooJYa/OItLpKPflE/kMeDcxRO3iLyPr7ZhC2b9gWJXbteerFY6dQQFU76KBHt0Z0nSZWycf7+/t05yDb0jW1QMP2KEsCtSeHjg0CavQNAyCqj9sLKd9HSPX4aFLToSNbAHN3jHh1EurOX60/abkheIdbfrXwZqrmV7xdmji6mm1+LsuhWClUDROlQURuu09RvSs7YSzoVwghiVydcFbyrNE6fDZG39nIpydja70xVGU8eHhdbu5Qjmr8SpKUbSk0vApxc3B7FAa81PRGd6quNq8ic6bktgaJLeovyjR+smsVarb1OHcurlpY14cMVUshcVaOjx3U8/mOhIbtC4e4y6ekTqlXN1uHr3aVb8CPaWGg4/n3tXgMtAcLOaAtdY86Y3TwV4xThCWwGGbr1+4r+HiG4twgOhSzgW7OhUXD9GdAaF/iMRSaTp9RByTmKYIv1Lsu44VTnW3MS81NqlTK8TTNSiN6B1mbiBAMrDm/a4H7s2x/LXZMHRQKlZ7xxrwfnXZYVwUvD/2t/qxWeAzx85F4h5M2F80stZF3JTAKzgWIqbHCYmXdwUZ8FsZFkeu1LlN/Ez41xZKQ9T6L8+qwJJdZFgqdqlmVfqKWw/H6ex7vJ/IcdHs9k32PuuV5LOlIK/R3gdKJenZ//RfEV9EvMx3YO9BpZm1kt8JpChSlExTyqmy0Dhs7+IpELqKO9WAhrfr/k99yJ6K1HwhcIGkHPFCxFnjdHFov1RFxFopbOLEOPMwwLVRIsS9skokPQeks3NddC1lsljWioDf4mUbXBnK/x+nLRIl6d8BobPJuSoGoJvEJzq3fP9sjNmuuZ/vAIRQX3W03uMLGYm6jwkaIyMBk3v8e9z3jEHsbrZmpvr0Z5QzO+aXdfeIOsrckQ5iYo0hAmEVQwsZfmbYrZDotwqt8eUgQbTSs6CwtDDM8sD8loZClwT09HQC8jWkzHfSPXxwaLxabHMLNRNgCthq+obxCRhnMbYJkRuHZUHx8MOBfGbh5Yjd/afUlkzkROgYS0NjdzC1fQW7Qi4MtEYRIUs227g4iwGtDOPZ/mT2IbPw4BcfnsRXRoy9qHPjuXUMUF3PzNCcSVLcwn4tEsSVWZwpRmQHQzIKxuZOX9QnhMDMAvesIvXmzwhvYZj+ddx+WxnpWjf9yiKHE1Y7MQDvtxOaLQwomEiJo3QIaCFGXzHtpHeWgR6TrYPdWvdoeQ/JkJgX84vWrDv+ACujBZUgvgZGPzaPD0SU5kOJb2lZiV63xvFW8xsnIpuMPw+MZpLAOIQyDb9upYEblvzblPAiLBuvYulOhhxVHSNX3IAb4kykpRRg27Wz+fr+3fXCp18QyoC84b5779m+vZ/NJkfCc6eKsK8GM4sEOshjcN5dzTbpdxuvVrvZKyppN50R9amfijBK4dh52GY3fDwEndxYID4P2AV4521Kkxh0VpcTHlpNSykDfysJ/w8HPkE2XSafi6abvqehFZd3k8MLibQ73uodVYW7pnjNY2SjLtwxGMTABoJBuRMXyWw0zKz42bb/Oezno9KUinShYuLt/MApz5uO/dD73f/gGNSwPaT3Q6XxamrNt1hrvZ8Xu7bT/rE2Xd1caXhzo8kzQYGuHnZEvmxv1J/hU3YSfwA0lDrDy3Oiyp0qpnlmkC1QsFnfF8GyFEiLFTAf2H7yrQlre+G8YutZzOPzYAnKQbOH2+r5KmiciJzLJTfbRCHziiCC3QDNHxYPHwtWakWdLl5rg1NwS0adjYM4+R/SPzearoEQNh20reESjA0T4WbBktEv9ePaTbWSbtWmcgnkjPr/G+Be0luKHKJd789KQOk+qhvsVlRcKOh6u/X+q3qFCMIIOFJFAb2nXptBig2elMBRfLtY3NITH0K0I+hEpauWB9g/THG0yLv39Xif07C+sznHwCO3HhiiW+ckGliHbAr6zaMKOCF6C6K7+u2mGAqQKICBOt3i0/V+zXZWOKh9gmNWV4778J4UWDMmsmvgAXgPxF6IVZnivSIh5jphlaAE4meT/ULqLqrnvLGOOT1jz2P0SJGDomv8dcxLT3KeFw0JtnQx50mHzZ+cKASUhTavr8eAEWx++dbFF5XLmesndk67XBb2jnmphSheE4/r/FOMwLheMDLh974VhP5gR/PwjD6ZfFZr19e/AJInJIEEglBQP+l8Fb775e6T3Uh5jfoh/NCefE/4fTa0ABOLBPsLrO7nyxrWW1fyT10g5+c8JeDoNlLf7PEQfdld9J0KcZtxaAsyzYM902X277k4V3DhE06pdaKuTlCYD1sft5raEv6gfi94gMlYravM7PYuSpydUma1n5EJURE+yjIHHt2/qY/6HFbdlWyFcyrk8fwuLifhK0Deb+oo2B39/i4zlMj8a0fWo+rPqST5axrvxfSK7+TYF5jVdAW6rpBxgTDYDHFdZA8R+XgvxOgKgJ+mI4p6Y8oWMdekcexeVWUUCVi+FMgPR1ujGPH0W8uGGgAicoupmhJx4PrhhCj0jF3OLOGHn2gMdac+WJQK9NIjTn3WYJw+q3uhNUrmCO4yJZeKBvZ7djUS1CKcq4WrcGdOUcNjd5J8lwcdmkDbL65s2e/4G9fHV3HdZID5jDfcEkHUJuIgxJ7lbVXJUkiqiBac1knE4rH1gFYpUO4TlYzHV0RVwaLWpyJumRATLcNe6kxigU9uAF0NhJsD7FcZP1IPA21QIn0Q+pHbefG24cqujpL1mH2xi4sA/XSLhPLrXAwnBsFTljKwSCRth6dW+i6tDVLrJfcqkgJXw6x4TALznb42oduoY74DgKu3U2X9lMC3GGrZmnG2AeBGbHL6DwafudbXNa4VK1cxeUzqdYF0bfgFWgpDPZCDW+MC6Q4e1IJdOuie/con1shqgTlSo49UpaCnnlPE+Azrd6nyAtU/K90TZANFpekiLGoi0XoM7r/pBaR0ng6d+Lh7ZhI/YYIgrSroIf5eUyXOHbbjGlxQ7tk9pZwhI+iJKy54EsOB6icLLeTLtPxISQBswBtDyWWwZO0p4HsVD6CEOImScIHf/DrTDt4vJcuc3dcklBzXfep7VqnvQypLcxEASHsQn6EZe0ILw0QXCmqb5DuCFz5igjLPA8ro/XNV8P8ZAs6xUg3wWId4ynaDDLToqHXeEyrYie7bxhOG+shmyCQMibeo8AonK+ozOI0VPm3ynUHvVXBk4h226hW0ut2K8PRqhVggC+jq+1eJOhhf3TC3BBBOaBtIUkSfnPMGf3usRg/ZjavWMtqnQ83Rf3mEmcirGVZ9DQZVN51Y/IqnLWKTSI4AlvQspyjxzFCA00fx+TfZjdfU1QLeAO1irej+gm3jGY9ragC5/MRxD+tkQwcNId+Vs9ohf7S7MC+u2wqEAne44tUgwdrlf8Naz9LdPPKeR0I1JKTarY3dToYMbd3o5q34dtjLx/TmWB/4x2QnB79tJs9WrwgK78jpl1bhWVps6TMQt+xBT+q7GJj/3lwXk5aprUUiE5p+6noWFx6P6GN7hlbpKx+ANp0MSQY1KcSSv2PJz5csyczOyDgDAfDjZ1g4MztEOsVVS0RkcwOojaOEX12uKA7uliQP2ep23ILKuca/pln/QuQcZD3DVah+3a7OK5UuWDmOKlsd4WhrFn6zKJQ3YXHOE+4W5dQfrjr3RsdLw/d/hWzMocLEtgEqn6wXcsz1GKoLJoTKxPsiXXruiOSjqboQbJRulw/DYYsEB5m33ba3fGQ1x4bAwFMF0oomHzapcJjufFEot0ttY7Wjq9V/KF0fJly/b3Y0DbsXDm45Oe2FQKgRQYCpfOiEmJPtF9G4wOp/iidvyITjoe1gVoXcFGnjEfTfx9vcsdIe129+HKiYrx41bGbf83R0o+iHIAH136qtnRlvMyUr8kDv1Ew5ER5tfIPo/GIKTsagso3/y6S+Lw2FRzJDGyJIQkyPIlPsAemAPu4DTdcHdSBXr1HSQPPB0p8919T4Nd2+GDX0bzNpd+6+jaWkgjIlZQjppZDZZy+fTJv27ea8f9SzlodKhm7CuzwVJEC6h4+2sgjEci8Z8EBLO8lbbfia4AIKUNV8ftNazZ93V4mAVR2GjKFhwC7t3S+qCg9cYSvCzdDA4JCmQKEkh/x3eB0YaA4PRoaDGfHuNCPc/J9qGuNOpfrV/uYRv/PuNv+jky4pJ6QTlV9B1rrHlXTHuZGbIA7wbqIMHy0VelhSKTP038LZtZ/t5b40mk9q00N3yQ6EatZWC5wzcQQeCA1PdYPO9w5p4RjmdVMZT7WJc627d2mEq0h0oubops+VrZuns++McueNc8ASlQQhVH/1l5MQ3BqVXlfSvZH+zrkNAMPasQMg8WDEYKN7m8+rcT8KsV+qHxULKT+S1YhYTVR7gJ2qa2ySdvsfr0uloSUX9qZhPy9dSLM60K8DpHq0nbadhnJeBCRFD+LH2z/qXBEw/qpKz0Gv4sPV62hmNQSwedef5UULspFs13Rc/e8MDXTTt/QL1jRLV1j951wjUdR1PtvEf85tyCOfzkyAPBcY7yDVUXV/I8KYMg6Hbw+75buIfDgv3yhpdz5A4P98CxZEvkGfzykGae+NGIeFsY3VvDwX1Yt3IYfbC0RQ11FV0WijyCi56bhJpK09AbYu/DhuPsf/5+JsI21bRsRlCDvaXqh9PHF5YiMTHRZaywRyxtQ05FmUbLZnSe9xBuuKUGJab8q69WQrzuoNZ2Twpm5sIqKtpg2KgB9rbXRRPo7S/16hCxjzVXM68LUfdhsBjAAn1MmfHm2de/0X6bOdvo1AD0R+pBSLYc/i1LyFIS6NBMZE1tXFN7lUXeqqP49N/SoBfTwc+T10D8gdX1wz25bCZPCwZ679bu9LaZt24yNp7LED1ePIc8FksaEBi95C2qJk5Xxj0NMbnfJgCk94dweGed9orVwXZiLY/6KllkhZQhCvYZfPub1TXe1sJKhOQP3HCSqh4I7JUDiMDkCzjDX0y3U7XIeIlf/ZqlvUbklXEirh3tZdFGD8UhqJnUBHNfh1TPJeZO//e+779na0s4ZndZGASZ87Tk4mZAPRvc1iqGLN1k3aL3eLC8c2iT+xzDy1mSgkXdGSHQsm0ysUNkKvuyTMIfcu5UfW6UHd7QkLSnx5kfpVYFnGKAGxAEnAIfWn/PHHH5ga3qQM/ieOTrc33qstKRw5vmv+De8OQyuxWY4W5EkBPa16urBMFc6OAqC0T/Btv6KcPHTSv3GWtZ+Pu3HtfRy/M0cQsXMkSdLKN+/ZOZIqGFQ9MEdBCGE3VVLpAkuH1wfUs8t6kNEXURu+tc9R/Eaji/TxljkOImBUdOBgysLN9s0G6Ql53diKnO90gs5dLWdg1ZwNjPoQZ2JTO8H7nSdIp3sBh2LLo5EvegghzLzoa3qSgrKFjvoP+u/T6Pr7JOZ//Igheu4zyFlMEYDgQ/okNA2NNDxO9aGBum7mbHpY6npDiuz+ETbCC9lAKZQ4DlPqJZ2B04A22sOWe9cKTHaYnTKhNRQwnumDaxlz66qRx0VjXTS+hTW7+YVRUC6cCFKshIerSrmQ+htr8KLvVNySnqlj+cVzbJ7vgYUVGuta8sCIS5sW/Zak1OZd8FJ80BYqRCzyH1J8ZpDQJPK74Y4B7w/6EoXvJSRmRlQLO5Hj7uVyHFM25b7L9n2XJU86uhyD5x1L+xlHJ2DXypbimp/KtHTpURjNyDBG5tvVW8Ssonahgjb1nM8/SkUhBiTRtMFx1yaw1oQFM5iIFSS74/+X9eLw9+wIt8bThlCakWP5H1dMHWA1a0QO42oJWfLXq/4lQYYUrCkOjFBntqmMXacjZdbb+aw+Y30Tnj4qz663CHvHXwsjn/cWEm6bIZFkNEY5+ZSLLr6gGo1PB0okhtPO5fyHpx0HOtf3slnPoQFuiKak1uO5cKmTiA2l6hGvS0rqdEqkcs2LWUahrOagkyq8py7ME/p5shr7kEgbS8N5YklzvcGOPEQI9FwVCxPS2qEtw8JZhNEm4vBofLjBycfx2QTr/41ACJCska/PBON+lrjZPuierOeuhIEAwdK62jmRPtk8hX74zT1m5MZ391yDHOSIAfrtQ148P7PZDtPRfBIWK/30mwctC55kidpFLTwWFCetzSi4CkEZdRNHo/9UphM8u9uCL/9phsGYlJJciD2gYaTYhj1uIVYvdxIx3S4rtyzKimjsE4a4Ifdf5u/CbfXMcdLkV9N2vYT+L72ToD1H6kTeR1gRXAH/hUeBOZsUnr9KnaOb7lmUeWnqyNn2EsFZUcwMszYMlygDPzq7C7YEfn/9cXDL3EiszLo362zTbL4ZPmb8K6RAn1fkGznVYJbSfOPBR6m5jIN/pN3drmOrnNUlroeKqkjrwpLj1urj8YJYVDmpFN4A1TM3GPR8Na88POjO/ZOuh8PsAp2TOUPzSMkzk9rvqfnX8Uf/e3Sy4QnHocNlvf2LJBXDKhHY/jv5XPu1s135c+aDIaplx9XHpRYVl4lnqXy2R0HCU3lP4pzKZt+64F6rwPONWwTy1IRt6vxkCrEzd6HRlmNAVfmfv8or0amNrqUw/H0InA9vCuSxEzUeh/tfkaMq8nz0LyKrmD/Q+gvDdYYy3GTawliZ0AYGLyhtTA1iXkztV1yCLk2tA/EwYatthXzfxfMDSpztqbuP1Rpnrb5R0/N+YvRls8NVLJn1ug5yP9SOJVXI3YdfwGhBhl+H8kD0ZPmBdEaFMAZbs9zOh0CX2O7Zf2u55laaPnKUvk3HDnbd6Hw/nFHuTtMU7p8ogk/7RJba7sV7K0uczTohmxqRVSHfPcGKyEUGelW3GRwahkS7uQ8RJBN21Loz4EN6Zc8NeY2SPhQjXFmwA+gtwG5wgR/+aLgI8BABdtiUtpmQGLS/wTd5wbU36VbEhK4hc+KVxN7eR8HgaMHesURZbCQ0iTpPdWGrsRHAzRRthlIIcWa9l9zYJLdI1k21vc40Ttm8jcds5MqTaAetHT6Hdr67Ikc2AKB25u9xo1yPBoTYzYBxeJgAcjKS076xo0iUZIb9el2OKRIWoDauyvZysM5JIWlyZmDNhQJb6xUaYtRMHTx/ZJ6AYtAfhQZBdbmNwg2naAd/498MWqtBKxQwrOlV4XLGcBEFyFd+dt84PQOqWT4G9FX1aO3k3wtgKFXxXXeExaWUdWcC66dT74kv8d0wi4dM7QgGEQosl/JddIvKYBlkjvQbmzuABGU16j2tTNYFwq5pUlDY99/S+aUCt21e6DOyvKnzVSG9My3n59rDs4DV5e7x8UGt6S59TKbMQjXIq1YttNUMprgb7TEWPxO+X1XbZ2UJ054dYE8ugrS/lbhj2cjKHYUoFU0RisZY7hQsFec2XD+HNxHe7f3JoRKbq1Yk1xE/eI63R8qmc1oaMNvo4ScKevW4ra5NW6udqhhj0xYi7lIAPgYKPhmyqldtroLHEqV12s0B21dsSkQykAtwm09XpMSvJ3x9SVwsYmnGldV68h2NVWGKl0A77R7qOjXdg3kzLp/9/yumIq9rre3L/vlWazPO50y0YUXh8rlCJiUqwJkkEzSMfhWbbirNZ6y3vZbcPo8HEoHeQsnv0BmMvREZdT814QYgYu6vu6rg3kfDYrWecXpo8p2dRD31tBaLFzADfo0Y7bE6lpR4h30YIUZMaq57Y8awWgWCS1rSspsS6oUGCskqjgJn00zQ4fOlewB0vkJkMuPQ/8GnirvNjh19pJMcUl8XBC1Euyrdswx8fi0AkuAmbpWAvSpLxGvg/ltvpQiLMzcl9Qon9dW4k7K7wiHviMfESodTuE6hFfN3zQWXpe6PAkr7coSoRX84hQQHPBUwO8BK5VwlEaUE8aZdwEMoEA9JYZwzZIASH/b0+ZHuIDnv9XaNAmRdH/KZ0TTKMD9kRKgZxus+xncBcB6dqVR3uSK93PNdIjg3ieZOczqP2UmFZ6MRrr+KJRMT8w+kzxZRTb9jrRBuchGVRko3JyINirGoSvgrHLlwTV2LxvsbZfby+e1TDnCACN7aMuo9JdAXoHi/K3FG2pkcOLYlB/WR70RK+wh76RMn/0RgP84OYUqBK91L+VtiUlZQso/4j0QVLteFBlSsb9DDQ==</Value></TokenEntry></Values></UseKey><Claims><Values xmlns:q1=""http://schemas.xmlsoap.org/ws/2004/04/security/trust"" soapenc:arrayType=""q1:TokenEntry[17]""><TokenEntry><Name>SessionKey</Name><Value>H7CaloqWX0t1W5jkwmfZoyV0pOlDQaob60Yk2IX06q9FFpVsJ0CKlPilkBca1dhNgwR8bB5pXlKA71sMIHL3qio0xG4FnXLhg429T1dTGnlOlJ8eqAJvf9LxhdnBeZycgdZPn8XJ9sBebSmHgFqvySgZaOjkHh4t4Yh4T/3mS4rtUe1JLgORgFXED3tHr97sIAZLqKYqnjUzlEbuLXxU/iPi9Lpk822U3iLXQY4Pi7Batm30Ie+qt9sZTEPhiS0wDl94GfjA9xGrFutwmiXrVy1s9ScKDQYFXmowpVBuUd2RlnxLXEZkZZxaHmZTioDo06wPwDbsu00KpyK+OJuh+A==</Value></TokenEntry><TokenEntry><Name>BindingType</Name><Value>Z5MbtIyKWqTN9EGUM4DAYb74vQDoebS5Libl7c+947A=</Value></TokenEntry><TokenEntry><Name>Binding</Name><Value>q03yBOfRuQGlXqTT1+TcgJGIA2c0lw6DhgFla4fIiE09oDAeKDg448fYlni8dT9w6byOZFEGhh6Ui0PtEhah7kQgC137w442pEsvrxoOX8A=</Value></TokenEntry><TokenEntry><Name>ProductKey</Name><Value>GLJz2+zpeQqkShyYm/Lf1QJw07nEr9tFX/2dAcOabTE=</Value></TokenEntry><TokenEntry><Name>ProductKeyType</Name><Value>Z5MbtIyKWqTN9EGUM4DAYbpaYDmYGgzLmhbAL0v5I3o=</Value></TokenEntry><TokenEntry><Name>ProductKeyActConfigId</Name><Value>vBznTJlUnm/Va0fmvyMbLxJaxCUpVbWl0pMmtamHccuyc8kT1Eg63gZr0mTiZnu1/nQUI+NDE4jWhuWEnVwC71cyQrhlWkDkkWHCPNo3QDg=</Value></TokenEntry><TokenEntry><Name>SppSvcVersion</Name><Value>hrDw+nfy9HVIKX5WG3EX/A==</Value></TokenEntry><TokenEntry><Name>otherInfoPublic.licenseCategory</Name><Value>A6j1p9XwwVv/2OoGjMq0RQg4aYRI3qL5wnOE5BMRMLk=</Value></TokenEntry><TokenEntry><Name>otherInfoPrivate.licenseCategory</Name><Value>A6j1p9XwwVv/2OoGjMq0RVFMj3c5FUld+AEy8Mhiy2s=</Value></TokenEntry><TokenEntry><Name>otherInfoPublic.sysprepAction</Name><Value>1wrxdqh06bRAXmsOw2JKvQ==</Value></TokenEntry><TokenEntry><Name>otherInfoPrivate.sysprepAction</Name><Value>1wrxdqh06bRAXmsOw2JKvQ==</Value></TokenEntry><TokenEntry><Name>ClientInformation</Name><Value>ebKxfUKNhPyLydy10NIPDZJ4jD3nDGuWlCriLXm0Sagn3pn467zSxDHkazKYqgLF+BQ3VMKz6e391bEfmQqErw==</Value></TokenEntry><TokenEntry><Name>ReferralInformation</Name><Value>6EcXA+FsOab8wGg2eJ7DAdm/+Y1UtmBuXPG6yaoIFN7Q63YdiRQcZGc4v48CCyazRYbhkuniYmdnnq01VTPBqg==</Value></TokenEntry><TokenEntry><Name>ClientSystemTime</Name><Value>w0I+2q0yYh/KmJTFmwm4tziciOZmLDRikWTZf8ngTWE=</Value></TokenEntry><TokenEntry><Name>ClientSystemTimeUtc</Name><Value>w0I+2q0yYh/KmJTFmwm4tziciOZmLDRikWTZf8ngTWE=</Value></TokenEntry><TokenEntry><Name>otherInfoPublic.secureStoreId</Name><Value>rnD8HRd15syXG9MMvNEzPjl+kSz1KqlGRYftDuQTthFmL+nwn1Y3KxyYOHaMmpQg</Value></TokenEntry><TokenEntry><Name>otherInfoPrivate.secureStoreId</Name><Value>rnD8HRd15syXG9MMvNEzPjl+kSz1KqlGRYftDuQTthFmL+nwn1Y3KxyYOHaMmpQg</Value></TokenEntry></Values></Claims></RequestSecurityToken></soap:Body></soap:Envelope>)
00010002(0x80072EE7, 12:38:49:921 - <NULL>)
00010003(0x80072EE7, 12:38:49:921)
",,,,,,,,,,,,,,,,,,,,,,,,,,,,,,,,,,,,,,,,,,,,,,,,,,,,,,,,,,,,,,,,,,,,,,,,,,,,,,,,,,,,,,,
2026-06-03T19:38:49.928901Z,"{'#attributes': {'Qualifiers': 49152}, '#text': 1014}",dc.danglingtree.htb,Microsoft-Windows-Security-SPP,Application,2088,2,,,,,,,,,,,,,,,,,,,,,,,,hr=0x80072EE7,753c53a2-4274-4339-8c2e-f66c0b9646c5,,,,,,,,,,,,,,,,,,,,,,,,,,,,,,,,,,,,,,,,,,,,,,,,,,,,,,,,,,,,,,,,,,,,,,,,,,,,,,,,,,,,,,,
2026-06-03T19:38:50.878335Z,"{'#attributes': {'Qualifiers': 16384}, '#text': 1003}",dc.danglingtree.htb,Microsoft-Windows-Security-SPP,Application,2089,4,,,,,,,,,,,,,,,,,,,,,,,,55c92734-d682-4d71-983e-d6ec3f16059f,"
1: 753c53a2-4274-4339-8c2e-f66c0b9646c5, 1, 1 [(0 [0xC004E003, 0, 0], [( 2 0xC004F00F 0 0 msft:rm/algorithm/hwid/4.0 0x00000000 0)( 1 0x00000000)(?)( 2 0xC004F00F 0 0 msft:rm/algorithm/hwid/4.0 0x00000000 0)(?)(?)( 10 0x00000000 msft:rm/algorithm/flags/1.0)(?)])(1 )(2 )(3 [0x00000000, 0, 0], [( 6 0xC004F009 10 0)( 1 0x00000000)( 6 0xC004F009 10 0)(?)(?)(?)( 10 0x00000000 msft:rm/algorithm/flags/1.0)( 11 0x00000000 0xC004F00F)])]

",,,,,,,,,,,,,,,,,,,,,,,,,,,,,,,,,,,,,,,,,,,,,,,,,,,,,,,,,,,,,,,,,,,,,,,,,,,,,,,,,,,,,,,
2026-06-03T19:38:51.098101Z,"{'#attributes': {'Qualifiers': 49152}, '#text': 8198}",dc.danglingtree.htb,Microsoft-Windows-Security-SPP,Application,2090,2,,,,,,,,,,,,,,,,,,,,,,,,hr=0x8007139F,RuleId=3482d82e-ca2c-4e1f-8864-da0267b484b2;Action=AutoActivate;AppId=55c92734-d682-4d71-983e-d6ec3f16059f;SkuId=753c53a2-4274-4339-8c2e-f66c0b9646c5;NotificationInterval=1440;Trigger=NetworkAvailable,,,,,,,,,,,,,,,,,,,,,,,,,,,,,,,,,,,,,,,,,,,,,,,,,,,,,,,,,,,,,,,,,,,,,,,,,,,,,,,,,,,,,,,
2026-06-03T19:39:15.176012Z,"{'#attributes': {'Qualifiers': 0}, '#text': 260}",dc.danglingtree.htb,VMUpgradeHelper,Application,2091,4,,,,,,,,,,,,,,,,,,,,,,,,,,,,,,,,,,,,,,,,,,,,,,,,,,,,,,,,,,,,,,,,,,,,,,,,,,,,,,,,,,,,,,,,,,,,,,,,,,,,,,,,,,,,,,,,
2026-06-03T19:39:15.176636Z,"{'#attributes': {'Qualifiers': 0}, '#text': 272}",dc.danglingtree.htb,VMUpgradeHelper,Application,2092,4,,,,,,,,,,,,,,,,,,,,,,,,,,,,,,,,,,,,,,,,,,,,,,,,,,,,,,,,,,,,,,,,,,,,,,,,,,,,,,,,,,,,,,,,,,,,,,,,,,,,,,,,,,,,,,,,
2026-06-03T19:39:15.184488Z,"{'#attributes': {'Qualifiers': 0}, '#text': 108}",dc.danglingtree.htb,VMTools,Application,2093,4,,,,,,,,,,,,,,,,,,,,,,,,,,,,,,,,,,,,,,,,,,,,,,,,,,,,,,,,,,,,,,,,,,,,,,,,,,,,,,,,,,,,,,,,,,,,,,,,,,,,,,,,,,,,,,,,
2026-06-03T19:39:15.658590Z,"{'#attributes': {'Qualifiers': 0}, '#text': 8225}",dc.danglingtree.htb,VSS,Application,2094,4,,,,,,,,,,2D20436F64653A2020434F525356434330303030303737302D2043616C6C3A2020434F525356434330303030303735342D205049443A202030303030353436382D205449443A202030303030353439362D20434D443A2020433A5C57494E444F57535C73797374656D33325C76737376632E6578652020202D20557365723A204E616D653A204E5420415554484F524954595C53595354454D2C205349443A532D312D352D313820,,,,,,,,,,,,,,,,,,,,,,,,,,,,,,,,,,,,,,,,,,,,,,,,,,,,,,,,,,,,,,,,,,,,,,,,,,,,,,,,,,,,,,,,,,,,,,,,,,,,,,
2026-06-03T19:39:15.651038Z,"{'#attributes': {'Qualifiers': 16384}, '#text': 4111}",dc.danglingtree.htb,Microsoft-Windows-MSDTC,Application,2095,4,,,,,,,,,,4D005300440054004300,,,,,,,,,,,,,,,,,,,,,,,,,,,,,,,,,,,,,,,,,,,,,,,,,,,,,,,,,,,,,,,,,,,,,,,,,,,,,,,,,,,,,,,,,,,,,,,,,,,,,,
2026-06-03T19:39:15.682265Z,"{'#attributes': {'Qualifiers': 0}, '#text': 13}",dc.danglingtree.htb,VSS,Application,2096,2,,,,,,,,,,2D20436F64653A20575254575254494330303030343932332D2043616C6C3A20575254575254494330303030343931362D205049443A202030303030333739322D205449443A202030303030343239362D20434D443A2020433A5C57494E444F57535C73797374656D33325C737663686F73742E657865202D6B20617070686F7374202D7320417070486F73745376632D20557365723A204E616D653A204E5420415554484F524954595C53595354454D2C205349443A532D312D352D313820,,,,,,,,,,,,,,{4e14fba2-2e22-11d1-9964-00c04fbbb345},CEventSystem,"0x8007045b, A system shutdown is in progress.
",,,,,,,,,,,,,,,,,,,,,,,,,,,,,,,,,,,,,,,,,,,,,,,,,,,,,,,,,,,,,,,,,,,,,,,,,,,,,,,,,,,,,,
2026-06-03T19:39:15.682396Z,"{'#attributes': {'Qualifiers': 0}, '#text': 13}",dc.danglingtree.htb,VSS,Application,2097,2,,,,,,,,,,2D20436F64653A20575254575254494330303030343932332D2043616C6C3A20575254575254494330303030343931362D205049443A202030303030353436382D205449443A202030303030353439362D20434D443A2020433A5C57494E444F57535C73797374656D33325C76737376632E6578652020202D20557365723A204E616D653A204E5420415554484F524954595C53595354454D2C205349443A532D312D352D313820,,,,,,,,,,,,,,{4e14fba2-2e22-11d1-9964-00c04fbbb345},CEventSystem,"0x8007045b, A system shutdown is in progress.
",,,,,,,,,,,,,,,,,,,,,,,,,,,,,,,,,,,,,,,,,,,,,,,,,,,,,,,,,,,,,,,,,,,,,,,,,,,,,,,,,,,,,,
2026-06-03T19:39:15.628807Z,1532,dc.danglingtree.htb,Microsoft-Windows-User Profiles Service,Application,2098,4,,,,,,,,,,,,,,,,,,,,,,,,,,,,,,,,,,,,,,,,,,,,,,,,,,,,,,,,,,,,,,,,,,,,,,,,,,,,,,,,,,,,,,,,,,,,,,,,,,,,,,,,,,,,,,,,
2026-06-03T19:39:15.942118Z,38,dc.danglingtree.htb,Microsoft-Windows-CertificationAuthority,Application,2099,4,,,,,,,,,,,,,,,,,danglingtree-DC-CA,,,,,,,,,,,,,,,,,,,,,,,,,,,,,,,,,,,,,,,,,,,,,,,,,,,,,,,,,,,,,,,,,,,,,,,,,,,,,,,MSG_I_SERVER_STOPPED,,,,,,,,,,,,,,,,
2026-06-03T19:39:16.013725Z,1000,dc.danglingtree.htb,Application Error,Application,2100,2,,WindowsAdminCenterAccountManagement.exe,C:\Program Files\WindowsAdminCenter\Service\WindowsAdminCenterAccountManagement.exe,69340000,,2.6.11.4,,,,,,,,,,,,,,,,,,,,,,,,,,,,,,,,,e0434352,,00000000000ca80a,,,,067dff93-3b5f-4ddc-91a1-207d0e715e80,,,,KERNELBASE.dll,C:\WINDOWS\System32\KERNELBASE.dll,93531557,10.0.26100.32230,,,,,,,,,,,,,,,,,,,,0x1dcf390832e4569,0x1628,,,,,,,,,,,,,,,,,,,,,,,,,,,,,,,,,,,,,,,
2026-06-03T19:39:17.356484Z,1001,dc.danglingtree.htb,Windows Error Reporting,Application,2101,4,,,,,,,,,,,,0,,,,,,0,0,,,,,,,,,,,,,,,,,,,APPCRASH,,,,,,,,,,,,,,,,,,,WindowsAdminCenterAccountManagement.exe,,2.6.11.4,69340000,KERNELBASE.dll,10.0.26100.32230,93531557,e0434352,00000000000ca80a,,,,,,,,,,,0,,067dff93-3b5f-4ddc-91a1-207d0e715e80,4100,,Not available,,,,,,\\?\C:\ProgramData\Microsoft\Windows\WER\ReportQueue\AppCrash_WindowsAdminCent_a6fb81939b9f405e50f372bdcaf57e747b9d9ae_67a50925_ff4d262f-7cfa-47b4-94df-c467d1a1f948,,,,,,,,,,,,,,,,,,,,,,,,,
2026-06-03T19:45:06.300678Z,1531,dc.danglingtree.htb,Microsoft-Windows-User Profiles Service,Application,2102,4,,,,,,,,,,,,,,,,,,,,,,,,,,,,,,,,,,,,,,,,,,,,,,,,,,,,,,,,,,,,,,,,,,,,,,,,,,,,,,,,,,,,,,,,,,,,,,,,,,,,,,,,,,,,,,,,
2026-06-03T19:45:17.251074Z,"{'#attributes': {'Qualifiers': 0}, '#text': 105}",dc.danglingtree.htb,VMTools,Application,2103,4,,,,,,,,,,,,,,,,,,,,,,,,,,,,,,,,,,,,,,,,,,,,,,,,,,,,,,,,,,,,,,,,,,,,,,,,,,,,,,,,,,,,,,,,,,,,,,,,,,,,,,,,,,,,,,,,
2026-06-03T19:45:17.299714Z,5615,dc.danglingtree.htb,Microsoft-Windows-WMI,Application,2104,4,,,,,,,,,,,,,,,,,,,,,,,,,,,,,,,,,,,,,,,,,,,,,,,,,,,,,,,,,,,,,,,,,,,,,,,,,,,,,,,,,,,,,,,,,,,,,,,,,,,,,,,,,,,,,,,,
2026-06-03T19:45:18.179521Z,"{'#attributes': {'Qualifiers': 16384}, '#text': 900}",dc.danglingtree.htb,Microsoft-Windows-Security-SPP,Application,2105,4,,,,,,,,,,,,,,,,,,,,,,,TriggerStarted:6,,,,,,,,,,,,,,,,,,,,,,,,,,,,,,,,,,,,,,,,,,,,,,,,,,,,,,,,,,,,,,,,,,,,,,,,,,,,,,,,,,,,,,,,,
2026-06-03T19:45:20.136742Z,"{'#attributes': {'Qualifiers': 49152}, '#text': 16394}",dc.danglingtree.htb,Microsoft-Windows-Security-SPP,Application,2106,4,,,,,,,,,,,,,,,,,,,,,,,,,,,,,,,,,,,,,,,,,,,,,,,,,,,,,,,,,,,,,,,,,,,,,,,,,,,,,,,,,,,,,,,,,,,,,,,,,,,,,,,,,,,,,,,,
2026-06-03T19:45:21.396702Z,"{'#attributes': {'Qualifiers': 16384}, '#text': 1066}",dc.danglingtree.htb,Microsoft-Windows-Security-SPP,Application,2107,4,,,,,,,,,,,,,,,,,,,,,,,"C:\WINDOWS\system32\sppwinob.dll, msft:spp/windowsfunctionality/agent/7.0, 0x00000000, 0x00000000
C:\WINDOWS\system32\sppobjs.dll, msft:rm/algorithm/inherited/1.0, 0x00000000, 0x00000000
C:\WINDOWS\system32\sppobjs.dll, msft:rm/algorithm/phone/1.0, 0x00000000, 0x00000000
C:\WINDOWS\system32\sppobjs.dll, msft:rm/algorithm/pkey/detect, 0x00000000, 0x00000000
C:\WINDOWS\system32\sppobjs.dll, msft:spp/ActionScheduler/1.0, 0x00000000, 0x00000000
C:\WINDOWS\system32\sppobjs.dll, msft:spp/TaskScheduler/1.0, 0x00000000, 0x00000000
C:\WINDOWS\system32\sppobjs.dll, msft:spp/statecollector/pkey, 0x00000000, 0x00000000
C:\WINDOWS\system32\sppobjs.dll, msft:spp/volume/services/kms/1.0, 0x00000000, 0x00000000
C:\WINDOWS\system32\sppobjs.dll, msft:spp/volume/services/kms/activationinfo/1.0, 0x00000000, 0x00000000
",,,,,,,,,,,,,,,,,,,,,,,,,,,,,,,,,,,,,,,,,,,,,,,,,,,,,,,,,,,,,,,,,,,,,,,,,,,,,,,,,,,,,,,,,
2026-06-03T19:45:21.392065Z,"{'#attributes': {'Qualifiers': 16384}, '#text': 781}",dc.danglingtree.htb,Microsoft-Windows-Complus,Application,2108,4,,,,,,,,,,,,,,,,,,,,,,,,,,,,,,,,,,,,,,,,,,,,,,,,,,,,,,,,,,,,,,,,,,,,,,,,,,,,,,,,,,,,,,,,,,,,,,,,,,,,,86400,,,,SuppressDuplicateDuration,Software\Microsoft\COM3\Eventlog,,,,,,
2026-06-03T19:45:22.014743Z,"{'#attributes': {'Qualifiers': 16384}, '#text': 1040}",dc.danglingtree.htb,Microsoft-Windows-Security-SPP,Application,2109,4,,,,,,,,,,5C0000000A002E0000000000030001000100010001000000010001000000E861EE790C5CE6B7DFE0DAF7FC1467B063A9397BC6EF0D0001000101000201000301000401000500000601000700000801000901000A01000B00000C01002E0000000000030001000100010001000000010001000000E861EE790C5CE6B7DFE04AC2FC1467B063A9397BC6EF,,,,,,,,,,,,,,55c92734-d682-4d71-983e-d6ec3f16059f,753c53a2-4274-4339-8c2e-f66c0b9646c5,,,,,,,,,,,,,,,,,,,,,,,,,,,,,,,,,,,,,,,,,,,,,,,,,,,,,,,,,,,,,,,,,,,,,,,,,,,,,,,,,,,,,,,
2026-06-03T19:45:22.209416Z,5617,dc.danglingtree.htb,Microsoft-Windows-WMI,Application,2110,4,,,,,,,,,,,,,,,,,,,,,,,,,,,,,,,,,,,,,,,,,,,,,,,,,,,,,,,,,,,,,,,,,,,,,,,,,,,,,,,,,,,,,,,,,,,,,,,,,,,,,,,,,,,,,,,,
2026-06-03T19:45:23.142634Z,"{'#attributes': {'Qualifiers': 16384}, '#text': 1003}",dc.danglingtree.htb,Microsoft-Windows-Security-SPP,Application,2111,4,,,,,,,,,,,,,,,,,,,,,,,,55c92734-d682-4d71-983e-d6ec3f16059f,"
1: 753c53a2-4274-4339-8c2e-f66c0b9646c5, 1, 1 [(0 [0xC004E003, 0, 0], [( 2 0xC004F00F 0 0 msft:rm/algorithm/hwid/4.0 0x00000000 0)( 1 0x00000000)(?)( 2 0xC004F00F 0 0 msft:rm/algorithm/hwid/4.0 0x00000000 0)(?)(?)( 10 0x00000000 msft:rm/algorithm/flags/1.0)(?)])(1 )(2 )(3 [0x00000000, 0, 0], [( 6 0xC004F009 10 0)( 1 0x00000000)( 6 0xC004F009 10 0)(?)(?)(?)( 10 0x00000000 msft:rm/algorithm/flags/1.0)( 11 0x00000000 0xC004F00F)])]

",,,,,,,,,,,,,,,,,,,,,,,,,,,,,,,,,,,,,,,,,,,,,,,,,,,,,,,,,,,,,,,,,,,,,,,,,,,,,,,,,,,,,,,
2026-06-03T19:45:23.573979Z,"{'#attributes': {'Qualifiers': 16384}, '#text': 902}",dc.danglingtree.htb,Microsoft-Windows-Security-SPP,Application,2112,0,,,,,,,,,,,,,,,,,,,,,,,10.0.26100.32230,,,,,,,,,,,,,,,,,,,,,,,,,,,,,,,,,,,,,,,,,,,,,,,,,,,,,,,,,,,,,,,,,,,,,,,,,,,,,,,,,,,,,,,,,
2026-06-03T19:45:23.784426Z,"{'#attributes': {'Qualifiers': 16384}, '#text': 4202}",dc.danglingtree.htb,Microsoft-Windows-MSDTC 2,Application,2113,4,,,,,,,,,,,,,,,,,,,,,,,,,,,,,,,,,,,,,,,,,,,,,,,,,,,,,,,,,,,,,,,,,,,,,,,,,,,,,,,,,,,,,,,,,,,,,,,,,,,,,0,0,0,1,0,0,0,0,0,1,Mutual Authentication Required,NT AUTHORITY\NetworkService
2026-06-03T19:45:23.971122Z,"{'#attributes': {'Qualifiers': 0}, '#text': 100}",dc.danglingtree.htb,WLMS,Application,2114,4,,,,,,,,,,,,,,,,,,,,,,,,,,,,,,,,,,,,,,,,,,,,,,,,,,,,,,,,,,,,,,,,,,,,,,,,,,,,,,,,,,,,,,,,,,,,,,,,,,,,,,,,,,,,,,,,
2026-06-03T19:45:24.898472Z,"{'#attributes': {'Qualifiers': 0}, '#text': 258}",dc.danglingtree.htb,VMUpgradeHelper,Application,2115,4,,,,,,,,,,,,,,,,,,,,,,,,,,,,,,,,,,,,,,,,,,,,,,,,,,,,,,,,,,,,,,,,,,,,,,,,,,,,,,,,,,,,,,,,,,,,,,,,,,,,,,,,,,,,,,,,
2026-06-03T19:45:26.282598Z,"{'#attributes': {'Qualifiers': 0}, '#text': 271}",dc.danglingtree.htb,VMUpgradeHelper,Application,2116,4,,,,,,,,,,,,,,,,,,,,,,,,,,,,,,,,,,,,,,,,,,,,,,,,,,,,,,,,,,,,,,,,,,,,,,,,,,,,,,,,,,,,,,,,,,,,,,,,,,,,,,,,,,,,,,,,
2026-06-03T19:45:31.156626Z,"{'#attributes': {'Qualifiers': 16384}, '#text': 1001}",dc.danglingtree.htb,Microsoft-Windows-Wininit,Application,2117,4,,,,,,,,,,,,,,,,,,,,,,,"

Checking file system on C:
The type of the file system is NTFS.


One of your disks needs to be checked for consistency. You
may cancel the disk check, but it is strongly recommended
that you continue.
Windows will now check the disk.                         

Stage 1: Examining basic file system structure ...
  172288 file records processed.                                                        

File verification completed.
 Phase duration (File record verification): 5.21 seconds.
  10794 large file records processed.                                   

 Phase duration (Orphan file record recovery): 7.09 milliseconds.
  0 bad file records processed.                                     

 Phase duration (Bad file record checking): 0.17 milliseconds.

Stage 2: Examining file name linkage ...
  33608 reparse records processed.                                      

  250368 index entries processed.                                                       

Index verification completed.
 Phase duration (Index verification): 9.36 seconds.
  0 unindexed files scanned.                                        

 Phase duration (Orphan reconnection): 174.31 milliseconds.
  0 unindexed files recovered to lost and found.                    

 Phase duration (Orphan recovery to lost and found): 124.58 milliseconds.
  33608 reparse records processed.                                      

 Phase duration (Reparse point and Object ID verification): 98.11 milliseconds.

Stage 3: Examining security descriptors ...
Cleaning up 426 unused index entries from index $SII of file 0x9.
Cleaning up 426 unused index entries from index $SDH of file 0x9.
Cleaning up 426 unused security descriptors.
Security descriptor verification completed.
 Phase duration (Security descriptor verification): 34.29 milliseconds.
  39041 data files processed.                                           

 Phase duration (Data attribute verification): 1.16 milliseconds.
CHKDSK is verifying Usn Journal...
  63648208 USN bytes processed.                                                           

Usn Journal verification completed.
 Phase duration (USN journal verification): 411.23 milliseconds.

Windows has scanned the file system and found no problems.
No further action is required.

  30426108 KB total disk space.
  13154076 KB in 120877 files.
    100824 KB in 39042 indexes.
         0 KB in bad sectors.
    282748 KB in use by the system.
     29520 KB occupied by the log file.
  16888460 KB available on disk.

      4096 bytes in each allocation unit.
   7606527 total allocation units on disk.
   4222115 allocation units available on disk.
Total duration: 15.53 seconds (15538 ms).

Internal Info:
00 a1 02 00 ba 70 02 00 00 12 05 00 00 00 00 00  .....p..........
3d 00 00 00 0b 83 00 00 00 00 00 00 00 00 00 00  =...............
",,,,,,,,,,,,,,,,,,,,,,,,,,,,,,,,,,,,,,,,,,,,,,,,,,,,,,,,,,,,,,,,,,,,,,,,,,,,,,,,,,,,,,,,,
2026-06-03T19:45:32.421458Z,"{'#attributes': {'Qualifiers': 0}, '#text': 0}",dc.danglingtree.htb,WindowsAdminCenterAccountManagement,Application,2118,4,,,,,,,,,,,,,,,,,,,,,,,Service started successfully.,,,,,,,,,,,,,,,,,,,,,,,,,,,,,,,,,,,,,,,,,,,,,,,,,,,,,,,,,,,,,,,,,,,,,,,,,,,,,,,,,,,,,,,,,
2026-06-03T19:45:33.597519Z,"{'#attributes': {'Qualifiers': 0}, '#text': 1000}",dc.danglingtree.htb,VGAuth,Application,2119,0,,,,,,,,,,,,,,,,,,,,,,,vmtoolsd: Username and password mismatch for 'administrator',,,,,,,,,,,,,,,,,,,,,,,,,,,,,,,,,,,,,,,,,,,,,,,,,,,,,,,,,,,,,,,,,,,,,,,,,,,,,,,,,,,,,,,,,
2026-06-03T19:45:38.838358Z,"{'#attributes': {'Qualifiers': 0}, '#text': 1000}",dc.danglingtree.htb,VGAuth,Application,2120,0,,,,,,,,,,,,,,,,,,,,,,,vmtoolsd: Username and password mismatch for 'administrator',,,,,,,,,,,,,,,,,,,,,,,,,,,,,,,,,,,,,,,,,,,,,,,,,,,,,,,,,,,,,,,,,,,,,,,,,,,,,,,,,,,,,,,,,
2026-06-03T19:45:44.360109Z,"{'#attributes': {'Qualifiers': 0}, '#text': 1000}",dc.danglingtree.htb,VGAuth,Application,2121,0,,,,,,,,,,,,,,,,,,,,,,,vmtoolsd: Username and password successfully validated for 'administrator',,,,,,,,,,,,,,,,,,,,,,,,,,,,,,,,,,,,,,,,,,,,,,,,,,,,,,,,,,,,,,,,,,,,,,,,,,,,,,,,,,,,,,,,,
2026-06-03T19:45:46.519701Z,"{'#attributes': {'Qualifiers': 0}, '#text': 102}",dc.danglingtree.htb,ESENT,Application,2122,4,,,,,,,,,,,,,,,,,,,,,,,,DFSRs,"3688,P,98,0",\\.\C:\System Volume Information\DFSR\database_E634_3FD1_343F_A409\dfsr.db: ,0,10,00,26100,0000,,,,,,,,,,,,,,,,,,,,,,,,,,,,,,,,,,,,,,,,,,,,,,,,,,,,,,,,,,,,,,,,,,,,,,,,,,,,,,,,,
2026-06-03T19:45:46.545037Z,"{'#attributes': {'Qualifiers': 0}, '#text': 102}",dc.danglingtree.htb,ESENT,Application,2123,4,,,,,,,,,,,,,,,,,,,,,,,,certsrv.exe,"3624,P,98,0",,0,10,00,26100,0000,,,,,,,,,,,,,,,,,,,,,,,,,,,,,,,,,,,,,,,,,,,,,,,,,,,,,,,,,,,,,,,,,,,,,,,,,,,,,,,,,
2026-06-03T19:45:46.581058Z,"{'#attributes': {'Qualifiers': 0}, '#text': 105}",dc.danglingtree.htb,ESENT,Application,2124,4,,,,,,,,,,,,,,,,,,,,,,,,certsrv.exe,"3624,D,0,0",,0,0.040,"
[1] 0.001158 +J(0) +M(C:0K, Fs:129, WS:500K # 500K, PF:2496K # 2228K, P:2496K)
[2] 0.000686 +J(0) +M(C:3200K, Fs:196, WS:768K # 768K, PF:4156K # 4156K, P:4156K)
[3] 0.000017 +J(0) +M(C:0K, Fs:5, WS:20K # 20K, PF:64K # 64K, P:64K)
[4] 0.000179 +J(0) +M(C:0K, Fs:55, WS:216K # 216K, PF:504K # 504K, P:504K)
[5] 0.000750 +J(0) +M(C:0K, Fs:11, WS:44K # 44K, PF:20K # 20K, P:20K)
[6] 0.004444 +J(0) +M(C:0K, Fs:33, WS:132K # 132K, PF:12K # 12K, P:12K)
[7] 0.016396 -0.011768 (3) WT +J(0) +M(C:0K, Fs:281, WS:1120K # 1120K, PF:1028K # 1028K, P:1028K)
[8] -
[9] -
[10] -
[11] -
[12] -
[13] 0.013682 -0.006610 (4) WT +J(CM:0, PgRf:0, Rd:0/0, Dy:0/0, Lg:616/1) +M(C:0K, Fs:14, WS:-980K # 24K, PF:-1024K # 12K, P:-1024K)
[14] 0.000031 +J(0) +M(C:0K, Fs:1, WS:4K # 0K, PF:0K # 0K, P:0K)
[15] 0.000535 +J(0) +M(C:0K, Fs:102, WS:404K # 0K, PF:68K # 0K, P:68K)
[16] 0.002255 -0.001910 (1) WT +J(0) +M(C:0K, Fs:2, WS:0K # 0K, PF:0K # 0K, P:0K).","RBSOn = 0
",,,,,,,,,,,,,,,,,,,,,,,,,,,,,,,,,,,,,,,,,,,,,,,,,,,,,,,,,,,,,,,,,,,,,,,,,,,,,,,,,,
2026-06-03T19:45:45.759849Z,91,dc.danglingtree.htb,Microsoft-Windows-CertificationAuthority,Application,2125,2,,,,,,,,,,,,,,,,,,,,,,,,,,,,,,,,,,,,,,,,,,,,,,,,,,,,,MSG_E_DS_RETRY,,,,,,,,,,,,,,,,,,,,,,,,,,,,,,,,,,,,,,,,,,,,,,,,,,,,,,,,,,,
2026-06-03T19:45:46.942565Z,"{'#attributes': {'Qualifiers': 0}, '#text': 105}",dc.danglingtree.htb,ESENT,Application,2126,4,,,,,,,,,,,,,,,,,,,,,,,,DFSRs,"3688,D,0,0",\\.\C:\System Volume Information\DFSR\database_E634_3FD1_343F_A409\dfsr.db: ,0,0.438,"
[1] 0.011814 +J(0) +M(C:0K, Fs:312, WS:1216K # 1216K, PF:6628K # 6508K, P:6628K)
[2] 0.000447 +J(0) +M(C:16K, Fs:102, WS:400K # 400K, PF:320K # 320K, P:320K)
[3] 0.000031 +J(0) +M(C:0K, Fs:1, WS:4K # 4K, PF:64K # 64K, P:64K)
[4] 0.000417 +J(0) +M(C:2032K, Fs:48, WS:184K # 184K, PF:2440K # 2440K, P:2440K)
[5] 0.001544 +J(0) +M(C:0K, Fs:12, WS:48K # 48K, PF:20K # 20K, P:20K)
[6] 0.002110 +J(0) +M(C:0K, Fs:21, WS:84K # 84K, PF:12K # 12K, P:12K)
[7] 0.044663 -0.037534 (11) WT +J(0) +M(C:0K, Fs:1308, WS:5196K # 5196K, PF:5108K # 5244K, P:5108K)
[8] -
[9] -
[10] -
[11] -
[12] -
[13] 0.375568 -0.371001 (12) WT +J(CM:0, PgRf:0, Rd:0/0, Dy:0/0, Lg:616/1) +M(C:0K, Fs:12, WS:-5084K # 16K, PF:-5128K # 0K, P:-5128K)
[14] 0.000025 +J(0) +M(C:0K, Fs:1, WS:4K # 0K, PF:0K # 0K, P:0K)
[15] 0.000185 +J(0) +M(C:0K, Fs:65, WS:260K # 0K, PF:64K # 0K, P:64K)
[16] 0.000699 -0.000430 (1) WT +J(0) +M(C:0K, Fs:2, WS:0K # 0K, PF:0K # 0K, P:0K).","RBSOn = 0
",,,,,,,,,,,,,,,,,,,,,,,,,,,,,,,,,,,,,,,,,,,,,,,,,,,,,,,,,,,,,,,,,,,,,,,,,,,,,,,,,,
2026-06-03T19:45:46.954654Z,"{'#attributes': {'Qualifiers': 0}, '#text': 326}",dc.danglingtree.htb,ESENT,Application,2127,4,,,,,,,,,,,,,,,,,,,,,,,,certsrv.exe,"3624,D,50,0",,1,C:\WINDOWS\system32\CertLog\danglingtree-DC-CA.edb,0,"
[1] 0.000006 +J(0) +M(C:0K, Fs:1, WS:4K # 0K, PF:0K # 0K, P:0K)
[2] 0.002968 -0.002384 (1) WT +J(0) +M(C:0K, Fs:21, WS:20K # 0K, PF:4K # 0K, P:4K)
[3] 0.358461 -0.007751 (6) WT +J(CM:0, PgRf:0, Rd:0/0, Dy:0/0, Lg:3480/2) +M(C:0K, Fs:38, WS:148K # 0K, PF:140K # 0K, P:140K)
[4] 0.001597 +J(0) +M(C:0K, Fs:1, WS:4K # 0K, PF:0K # 0K, P:0K)
[5] -
[6] 0.002280 -0.001771 (2) CM -0.001696 (2) WT +J(CM:2, PgRf:2, Rd:0/2, Dy:0/0, Lg:0/0) +M(C:0K, Fs:43, WS:172K # 0K, PF:128K # 0K, P:128K)
[7] 0.000004 +J(0)
[8] 0.002135 -0.001357 (1) CM -0.001337 (1) WT +J(CM:1, PgRf:1, Rd:14/0, Dy:0/0, Lg:0/0) +M(C:0K, Fs:39, WS:156K # 0K, PF:216K # 0K, P:216K)
[9] -
[10] -
[11] -
[12] 0.000025 +J(CM:0, PgRf:0, Rd:0/0, Dy:0/0, Lg:54/1) +M(C:0K, Fs:2, WS:8K # 0K, PF:20K # 0K, P:20K)
[13] 0.004044 -0.003774 (2) CM -0.003661 (2) WT +J(CM:2, PgRf:23, Rd:0/2, Dy:0/0, Lg:0/0) +M(C:0K, Fs:21, WS:84K # 84K, PF:4K # 0K, P:4K)
[14] 0.000609 -0.000406 (1) CM -0.000365 (1) WT +J(CM:1, PgRf:40, Rd:0/1, Dy:0/0, Lg:0/0) +M(C:0K, Fs:6, WS:24K # 24K, PF:64K # 0K, P:64K)
[15] 0.000010 +J(CM:0, PgRf:1, Rd:0/0, Dy:0/0, Lg:0/0)
[16] 0.000014 +J(CM:0, PgRf:1, Rd:0/0, Dy:0/0, Lg:0/0) +M(C:0K, Fs:1, WS:4K # 4K, PF:0K # 0K, P:0K)
[17] 0.000101 +J(CM:0, PgRf:42, Rd:0/0, Dy:0/0, Lg:0/0) +M(C:0K, Fs:6, WS:24K # 24K, PF:0K # 0K, P:0K)
[18] 0.000002 +J(0)
[19] 0.000001 +J(0)
[20] 0.000063 +J(CM:0, PgRf:3, Rd:0/0, Dy:0/0, Lg:0/0) +M(C:0K, Fs:3, WS:12K # 12K, PF:0K # 0K, P:0K).",0 0,"lgposAttach = 00000002:00A3:0268,
dbv = 1568.300.620 (9620)",,,,,,,,,,,,,,,,,,,,,,,,,,,,,,,,,,,,,,,,,,,,,,,,,,,,,,,,,,,,,,,,,,,,,,,,,,,,,,,,
2026-06-03T19:45:47.077469Z,"{'#attributes': {'Qualifiers': 0}, '#text': 326}",dc.danglingtree.htb,ESENT,Application,2128,4,,,,,,,,,,,,,,,,,,,,,,,,DFSRs,"3688,D,50,0",\\.\C:\System Volume Information\DFSR\database_E634_3FD1_343F_A409\dfsr.db: ,1,\\.\C:\System Volume Information\DFSR\database_E634_3FD1_343F_A409\dfsr.db,0,"
[1] 0.000005 +J(0) +M(C:0K, Fs:1, WS:4K # 0K, PF:0K # 0K, P:0K)
[2] 0.002047 -0.001624 (1) WT +J(0) +M(C:0K, Fs:23, WS:24K # 0K, PF:8K # 0K, P:8K)
[3] 0.013690 -0.008223 (6) WT +J(CM:0, PgRf:0, Rd:0/0, Dy:0/0, Lg:3480/2) +M(C:0K, Fs:68, WS:180K # 0K, PF:168K # 0K, P:168K)
[4] 0.108206 +J(0) +M(C:0K, Fs:1, WS:4K # 0K, PF:0K # 0K, P:0K)
[5] -
[6] 0.003495 -0.003055 (2) CM -0.002880 (2) WT +J(CM:2, PgRf:2, Rd:0/2, Dy:0/0, Lg:0/0) +M(C:-8K, Fs:44, WS:168K # 0K, PF:124K # 0K, P:124K)
[7] 0.000008 +J(0)
[8] 0.003757 -0.003400 (1) CM -0.003381 (1) WT +J(CM:1, PgRf:1, Rd:14/0, Dy:0/0, Lg:0/0) +M(C:-4K, Fs:51, WS:200K # 0K, PF:192K # 0K, P:192K)
[9] -
[10] -
[11] -
[12] 0.000114 +J(CM:0, PgRf:0, Rd:0/0, Dy:0/0, Lg:54/1) +M(C:0K, Fs:2, WS:8K # 0K, PF:20K # 0K, P:20K)
[13] 0.000902 -0.000587 (1) CM -0.000535 (1) WT +J(CM:1, PgRf:23, Rd:0/1, Dy:0/0, Lg:0/0) +M(C:-8K, Fs:21, WS:76K # 0K, PF:0K # 0K, P:0K)
[14] 0.000877 -0.000643 (1) CM -0.000600 (1) WT +J(CM:1, PgRf:40, Rd:0/1, Dy:0/0, Lg:0/0) +M(C:-4K, Fs:7, WS:24K # 0K, PF:60K # 0K, P:60K)
[15] 0.000010 +J(CM:0, PgRf:1, Rd:0/0, Dy:0/0, Lg:0/0)
[16] 0.000013 +J(CM:0, PgRf:1, Rd:0/0, Dy:0/0, Lg:0/0) +M(C:0K, Fs:1, WS:4K # 0K, PF:0K # 0K, P:0K)
[17] 0.000041 +J(CM:0, PgRf:36, Rd:0/0, Dy:0/0, Lg:0/0)
[18] 0.0 +J(0)
[19] 0.0 +J(0)
[20] 0.000033 +J(CM:0, PgRf:3, Rd:0/0, Dy:0/0, Lg:0/0) +M(C:0K, Fs:3, WS:12K # 0K, PF:0K # 0K, P:0K).",0 0,"lgposAttach = 00000001:002D:0268,
dbv = 1568.300.620 (9620)",,,,,,,,,,,,,,,,,,,,,,,,,,,,,,,,,,,,,,,,,,,,,,,,,,,,,,,,,,,,,,,,,,,,,,,,,,,,,,,,
2026-06-03T19:45:48.032100Z,44,dc.danglingtree.htb,Microsoft-Windows-CertificationAuthority,Application,2129,2,,,,,,,,,,,,,,,,,,,,,,,,,,,,,,,,,,,0x8007054b (1355),,The specified domain either does not exist or could not be contacted.,,,,,,,,,,,Initialize,,,,,,,,,,,,,,,,,,,,,,,Windows default,,,,,,,,,,,,,,,,,,,,,,,,,MSG_E_POLICY_ERROR,,,,,,,,,,,"The Active Directory containing the Certification Authority could not be contacted.
",,,,,
2026-06-03T19:45:48.234777Z,26,dc.danglingtree.htb,Microsoft-Windows-CertificationAuthority,Application,2130,4,,,,,,,,,,,,,,,,,danglingtree-DC-CA,,,,,  DC=,,,,,,,,,,,,,,,,,,,,,,,,,,,,,,,,,,,,,,,,,,,,,,,,,,,,,,,,,,,,,,,,,,,,,,,,,,MSG_I_SERVER_STARTED,,,,,,,,,,,,,,,,
2026-06-03T19:46:14.205731Z,"{'#attributes': {'Qualifiers': 16384}, '#text': 1003}",dc.danglingtree.htb,Microsoft-Windows-Security-SPP,Application,2131,4,,,,,,,,,,,,,,,,,,,,,,,,55c92734-d682-4d71-983e-d6ec3f16059f,"
1: 753c53a2-4274-4339-8c2e-f66c0b9646c5, 1, 1 [(0 [0xC004E003, 0, 0], [( 2 0xC004F00F 0 0 msft:rm/algorithm/hwid/4.0 0x00000000 0)( 1 0x00000000)(?)( 2 0xC004F00F 0 0 msft:rm/algorithm/hwid/4.0 0x00000000 0)(?)(?)( 10 0x00000000 msft:rm/algorithm/flags/1.0)(?)])(1 )(2 )(3 [0x00000000, 0, 0], [( 6 0xC004F009 10 0)( 1 0x00000000)( 6 0xC004F009 10 0)(?)(?)(?)( 10 0x00000000 msft:rm/algorithm/flags/1.0)( 11 0x00000000 0xC004F00F)])]

",,,,,,,,,,,,,,,,,,,,,,,,,,,,,,,,,,,,,,,,,,,,,,,,,,,,,,,,,,,,,,,,,,,,,,,,,,,,,,,,,,,,,,,
2026-06-03T19:46:15.035164Z,"{'#attributes': {'Qualifiers': 16384}, '#text': 1003}",dc.danglingtree.htb,Microsoft-Windows-Security-SPP,Application,2132,4,,,,,,,,,,,,,,,,,,,,,,,,55c92734-d682-4d71-983e-d6ec3f16059f,"
1: 753c53a2-4274-4339-8c2e-f66c0b9646c5, 1, 1 [(0 [0xC004E003, 0, 0], [( 2 0xC004F00F 0 0 msft:rm/algorithm/hwid/4.0 0x00000000 0)( 1 0x00000000)(?)( 2 0xC004F00F 0 0 msft:rm/algorithm/hwid/4.0 0x00000000 0)(?)(?)( 10 0x00000000 msft:rm/algorithm/flags/1.0)(?)])(1 )(2 )(3 [0x00000000, 0, 0], [( 6 0xC004F009 10 0)( 1 0x00000000)( 6 0xC004F009 10 0)(?)(?)(?)( 10 0x00000000 msft:rm/algorithm/flags/1.0)( 11 0x00000000 0xC004F00F)])]

",,,,,,,,,,,,,,,,,,,,,,,,,,,,,,,,,,,,,,,,,,,,,,,,,,,,,,,,,,,,,,,,,,,,,,,,,,,,,,,,,,,,,,,
2026-06-03T19:46:15.077183Z,"{'#attributes': {'Qualifiers': 49152}, '#text': 8198}",dc.danglingtree.htb,Microsoft-Windows-Security-SPP,Application,2133,2,,,,,,,,,,,,,,,,,,,,,,,,hr=0xC004E028,RuleId=3482d82e-ca2c-4e1f-8864-da0267b484b2;Action=AutoActivate;AppId=55c92734-d682-4d71-983e-d6ec3f16059f;SkuId=753c53a2-4274-4339-8c2e-f66c0b9646c5;NotificationInterval=1440;Trigger=UserLogon;SessionId=1,,,,,,,,,,,,,,,,,,,,,,,,,,,,,,,,,,,,,,,,,,,,,,,,,,,,,,,,,,,,,,,,,,,,,,,,,,,,,,,,,,,,,,,
2026-06-03T19:46:22.975231Z,"{'#attributes': {'Qualifiers': 0}, '#text': 1000}",dc.danglingtree.htb,VGAuth,Application,2134,0,,,,,,,,,,,,,,,,,,,,,,,vmtoolsd: Username and password successfully validated for 'administrator',,,,,,,,,,,,,,,,,,,,,,,,,,,,,,,,,,,,,,,,,,,,,,,,,,,,,,,,,,,,,,,,,,,,,,,,,,,,,,,,,,,,,,,,,
2026-06-03T19:46:23.805947Z,"{'#attributes': {'Qualifiers': 0}, '#text': 1000}",dc.danglingtree.htb,VGAuth,Application,2135,0,,,,,,,,,,,,,,,,,,,,,,,vmtoolsd: Username and password successfully validated for 'administrator',,,,,,,,,,,,,,,,,,,,,,,,,,,,,,,,,,,,,,,,,,,,,,,,,,,,,,,,,,,,,,,,,,,,,,,,,,,,,,,,,,,,,,,,,
2026-06-03T19:46:26.060326Z,"{'#attributes': {'Qualifiers': 0}, '#text': 1000}",dc.danglingtree.htb,VGAuth,Application,2136,0,,,,,,,,,,,,,,,,,,,,,,,vmtoolsd: Username and password successfully validated for 'administrator',,,,,,,,,,,,,,,,,,,,,,,,,,,,,,,,,,,,,,,,,,,,,,,,,,,,,,,,,,,,,,,,,,,,,,,,,,,,,,,,,,,,,,,,,
2026-06-03T19:46:26.541051Z,"{'#attributes': {'Qualifiers': 0}, '#text': 1000}",dc.danglingtree.htb,VGAuth,Application,2137,0,,,,,,,,,,,,,,,,,,,,,,,vmtoolsd: Username and password successfully validated for 'administrator',,,,,,,,,,,,,,,,,,,,,,,,,,,,,,,,,,,,,,,,,,,,,,,,,,,,,,,,,,,,,,,,,,,,,,,,,,,,,,,,,,,,,,,,,
2026-06-03T19:46:26.990461Z,"{'#attributes': {'Qualifiers': 0}, '#text': 1000}",dc.danglingtree.htb,VGAuth,Application,2138,0,,,,,,,,,,,,,,,,,,,,,,,vmtoolsd: Username and password successfully validated for 'administrator',,,,,,,,,,,,,,,,,,,,,,,,,,,,,,,,,,,,,,,,,,,,,,,,,,,,,,,,,,,,,,,,,,,,,,,,,,,,,,,,,,,,,,,,,
2026-06-03T19:46:27.040853Z,"{'#attributes': {'Qualifiers': 0}, '#text': 1000}",dc.danglingtree.htb,VGAuth,Application,2139,0,,,,,,,,,,,,,,,,,,,,,,,vmtoolsd: Username and password successfully validated for 'administrator',,,,,,,,,,,,,,,,,,,,,,,,,,,,,,,,,,,,,,,,,,,,,,,,,,,,,,,,,,,,,,,,,,,,,,,,,,,,,,,,,,,,,,,,,
2026-06-03T19:46:27.091702Z,"{'#attributes': {'Qualifiers': 0}, '#text': 1000}",dc.danglingtree.htb,VGAuth,Application,2140,0,,,,,,,,,,,,,,,,,,,,,,,vmtoolsd: Username and password successfully validated for 'administrator',,,,,,,,,,,,,,,,,,,,,,,,,,,,,,,,,,,,,,,,,,,,,,,,,,,,,,,,,,,,,,,,,,,,,,,,,,,,,,,,,,,,,,,,,
2026-06-03T19:46:27.857426Z,"{'#attributes': {'Qualifiers': 0}, '#text': 1000}",dc.danglingtree.htb,VGAuth,Application,2141,0,,,,,,,,,,,,,,,,,,,,,,,vmtoolsd: Username and password successfully validated for 'administrator',,,,,,,,,,,,,,,,,,,,,,,,,,,,,,,,,,,,,,,,,,,,,,,,,,,,,,,,,,,,,,,,,,,,,,,,,,,,,,,,,,,,,,,,,
