2026-03-28T01:06:35.908860Z,59,dc.danglingtree.htb,Microsoft-Windows-TerminalServices-LocalSessionManager,Microsoft-Windows-TerminalServices-LocalSessionManager/Operational,389,4,,C:\WINDOWS\system32\svchost.exe -k netsvcs -s CertPropSvc,2044,RpcGetCurrentSessionCapabilities,,,,,0,,,,Event_NS,
2026-03-28T01:06:35.909003Z,59,dc.danglingtree.htb,Microsoft-Windows-TerminalServices-LocalSessionManager,Microsoft-Windows-TerminalServices-LocalSessionManager/Operational,390,4,,C:\WINDOWS\system32\svchost.exe -k netsvcs -s CertPropSvc,2044,RpcGetCurrentSessionCapabilities,,,,,0,,,,Event_NS,
2026-03-28T01:06:35.956432Z,21,dc.danglingtree.htb,Microsoft-Windows-TerminalServices-LocalSessionManager,Microsoft-Windows-TerminalServices-LocalSessionManager/Operational,391,4,LOCAL,,,,,,,1,,,,DANGLINGTREE\administrator,Event_NS,
2026-03-28T01:06:36.129673Z,22,dc.danglingtree.htb,Microsoft-Windows-TerminalServices-LocalSessionManager,Microsoft-Windows-TerminalServices-LocalSessionManager/Operational,392,4,LOCAL,,,,,,,1,,,,DANGLINGTREE\administrator,Event_NS,
2026-03-28T01:07:53.878991Z,23,dc.danglingtree.htb,Microsoft-Windows-TerminalServices-LocalSessionManager,Microsoft-Windows-TerminalServices-LocalSessionManager/Operational,393,4,,,,,,,,1,,,,DANGLINGTREE\administrator,Event_NS,
2026-03-28T01:07:53.906743Z,54,dc.danglingtree.htb,Microsoft-Windows-TerminalServices-LocalSessionManager,Microsoft-Windows-TerminalServices-LocalSessionManager/Operational,394,4,,,,,,,,,,,,,,
2026-03-28T01:08:11.092687Z,32,dc.danglingtree.htb,Microsoft-Windows-TerminalServices-LocalSessionManager,Microsoft-Windows-TerminalServices-LocalSessionManager/Operational,395,4,,,,,,,,,,,,,Event_NS,RDSAppXPlugin
2026-03-28T01:08:54.188725Z,59,dc.danglingtree.htb,Microsoft-Windows-TerminalServices-LocalSessionManager,Microsoft-Windows-TerminalServices-LocalSessionManager/Operational,396,4,,"""LogonUI.exe"" /flags:0x2 /state0:0xa3bd2055 /state1:0x41c64e6d",1068,RpcGetCurrentSessionCapabilities,,,,,1,,,,Event_NS,
2026-03-28T01:08:54.189723Z,59,dc.danglingtree.htb,Microsoft-Windows-TerminalServices-LocalSessionManager,Microsoft-Windows-TerminalServices-LocalSessionManager/Operational,397,4,,"""LogonUI.exe"" /flags:0x2 /state0:0xa3bd2055 /state1:0x41c64e6d",1068,RpcGetCurrentSessionCapabilities,,,,,1,,,,Event_NS,
2026-03-28T01:08:54.213781Z,59,dc.danglingtree.htb,Microsoft-Windows-TerminalServices-LocalSessionManager,Microsoft-Windows-TerminalServices-LocalSessionManager/Operational,398,4,,"""LogonUI.exe"" /flags:0x2 /state0:0xa3bd2055 /state1:0x41c64e6d",1068,RpcGetCurrentSessionCapabilities,,,,,1,,,,Event_NS,
2026-03-28T01:08:54.329899Z,41,dc.danglingtree.htb,Microsoft-Windows-TerminalServices-LocalSessionManager,Microsoft-Windows-TerminalServices-LocalSessionManager/Operational,399,4,,,,,,,,1,,,,DANGLINGTREE\administrator,Event_NS,
2026-03-28T01:08:54.333338Z,42,dc.danglingtree.htb,Microsoft-Windows-TerminalServices-LocalSessionManager,Microsoft-Windows-TerminalServices-LocalSessionManager/Operational,400,4,,,,,,,,1,,,,DANGLINGTREE\administrator,Event_NS,
2026-03-28T01:08:54.477496Z,59,dc.danglingtree.htb,Microsoft-Windows-TerminalServices-LocalSessionManager,Microsoft-Windows-TerminalServices-LocalSessionManager/Operational,401,4,,C:\WINDOWS\system32\svchost.exe -k netsvcs -s CertPropSvc,1900,RpcGetCurrentSessionCapabilities,,,,,0,,,,Event_NS,
2026-03-28T01:08:54.479079Z,59,dc.danglingtree.htb,Microsoft-Windows-TerminalServices-LocalSessionManager,Microsoft-Windows-TerminalServices-LocalSessionManager/Operational,402,4,,C:\WINDOWS\system32\svchost.exe -k netsvcs -s CertPropSvc,1900,RpcGetCurrentSessionCapabilities,,,,,0,,,,Event_NS,
2026-03-28T01:08:54.479982Z,59,dc.danglingtree.htb,Microsoft-Windows-TerminalServices-LocalSessionManager,Microsoft-Windows-TerminalServices-LocalSessionManager/Operational,403,4,,C:\WINDOWS\system32\svchost.exe -k netsvcs -s CertPropSvc,1900,RpcGetCurrentSessionCapabilities,,,,,0,,,,Event_NS,
2026-03-28T01:08:54.507936Z,21,dc.danglingtree.htb,Microsoft-Windows-TerminalServices-LocalSessionManager,Microsoft-Windows-TerminalServices-LocalSessionManager/Operational,404,4,LOCAL,,,,,,,1,,,,DANGLINGTREE\administrator,Event_NS,
2026-03-28T01:08:54.686370Z,22,dc.danglingtree.htb,Microsoft-Windows-TerminalServices-LocalSessionManager,Microsoft-Windows-TerminalServices-LocalSessionManager/Operational,405,4,LOCAL,,,,,,,1,,,,DANGLINGTREE\administrator,Event_NS,
2026-03-28T01:19:33.128288Z,23,dc.danglingtree.htb,Microsoft-Windows-TerminalServices-LocalSessionManager,Microsoft-Windows-TerminalServices-LocalSessionManager/Operational,406,4,,,,,,,,1,,,,DANGLINGTREE\administrator,Event_NS,
2026-03-28T01:19:33.157444Z,54,dc.danglingtree.htb,Microsoft-Windows-TerminalServices-LocalSessionManager,Microsoft-Windows-TerminalServices-LocalSessionManager/Operational,407,4,,,,,,,,,,,,,,
2026-04-04T23:29:14.076999Z,32,dc.danglingtree.htb,Microsoft-Windows-TerminalServices-LocalSessionManager,Microsoft-Windows-TerminalServices-LocalSessionManager/Operational,408,4,,,,,,,,,,,,,Event_NS,RDSAppXPlugin
2026-04-04T23:29:57.268276Z,59,dc.danglingtree.htb,Microsoft-Windows-TerminalServices-LocalSessionManager,Microsoft-Windows-TerminalServices-LocalSessionManager/Operational,409,4,,"""LogonUI.exe"" /flags:0x2 /state0:0xa3bd2055 /state1:0x41c64e6d",1072,RpcGetCurrentSessionCapabilities,,,,,1,,,,Event_NS,
2026-04-04T23:29:57.269977Z,59,dc.danglingtree.htb,Microsoft-Windows-TerminalServices-LocalSessionManager,Microsoft-Windows-TerminalServices-LocalSessionManager/Operational,410,4,,"""LogonUI.exe"" /flags:0x2 /state0:0xa3bd2055 /state1:0x41c64e6d",1072,RpcGetCurrentSessionCapabilities,,,,,1,,,,Event_NS,
2026-04-04T23:29:57.294061Z,59,dc.danglingtree.htb,Microsoft-Windows-TerminalServices-LocalSessionManager,Microsoft-Windows-TerminalServices-LocalSessionManager/Operational,411,4,,"""LogonUI.exe"" /flags:0x2 /state0:0xa3bd2055 /state1:0x41c64e6d",1072,RpcGetCurrentSessionCapabilities,,,,,1,,,,Event_NS,
2026-04-04T23:29:57.464565Z,41,dc.danglingtree.htb,Microsoft-Windows-TerminalServices-LocalSessionManager,Microsoft-Windows-TerminalServices-LocalSessionManager/Operational,412,4,,,,,,,,1,,,,DANGLINGTREE\administrator,Event_NS,
2026-04-04T23:29:57.467555Z,42,dc.danglingtree.htb,Microsoft-Windows-TerminalServices-LocalSessionManager,Microsoft-Windows-TerminalServices-LocalSessionManager/Operational,413,4,,,,,,,,1,,,,DANGLINGTREE\administrator,Event_NS,
2026-04-04T23:29:57.596939Z,59,dc.danglingtree.htb,Microsoft-Windows-TerminalServices-LocalSessionManager,Microsoft-Windows-TerminalServices-LocalSessionManager/Operational,414,4,,C:\WINDOWS\system32\svchost.exe -k netsvcs -s CertPropSvc,2100,RpcGetCurrentSessionCapabilities,,,,,0,,,,Event_NS,
2026-04-04T23:29:57.598207Z,59,dc.danglingtree.htb,Microsoft-Windows-TerminalServices-LocalSessionManager,Microsoft-Windows-TerminalServices-LocalSessionManager/Operational,415,4,,C:\WINDOWS\system32\svchost.exe -k netsvcs -s CertPropSvc,2100,RpcGetCurrentSessionCapabilities,,,,,0,,,,Event_NS,
2026-04-04T23:29:57.606057Z,59,dc.danglingtree.htb,Microsoft-Windows-TerminalServices-LocalSessionManager,Microsoft-Windows-TerminalServices-LocalSessionManager/Operational,416,4,,C:\WINDOWS\system32\svchost.exe -k netsvcs -s CertPropSvc,2100,RpcGetCurrentSessionCapabilities,,,,,0,,,,Event_NS,
2026-04-04T23:29:57.635793Z,21,dc.danglingtree.htb,Microsoft-Windows-TerminalServices-LocalSessionManager,Microsoft-Windows-TerminalServices-LocalSessionManager/Operational,417,4,LOCAL,,,,,,,1,,,,DANGLINGTREE\administrator,Event_NS,
2026-04-04T23:29:57.814677Z,22,dc.danglingtree.htb,Microsoft-Windows-TerminalServices-LocalSessionManager,Microsoft-Windows-TerminalServices-LocalSessionManager/Operational,418,4,LOCAL,,,,,,,1,,,,DANGLINGTREE\administrator,Event_NS,
2026-04-04T23:33:17.288070Z,54,dc.danglingtree.htb,Microsoft-Windows-TerminalServices-LocalSessionManager,Microsoft-Windows-TerminalServices-LocalSessionManager/Operational,419,4,,,,,,,,,,,,,,
2026-04-04T23:33:19.417042Z,23,dc.danglingtree.htb,Microsoft-Windows-TerminalServices-LocalSessionManager,Microsoft-Windows-TerminalServices-LocalSessionManager/Operational,420,4,,,,,,,,1,,,,DANGLINGTREE\administrator,Event_NS,
2026-04-04T23:47:39.358235Z,32,dc.danglingtree.htb,Microsoft-Windows-TerminalServices-LocalSessionManager,Microsoft-Windows-TerminalServices-LocalSessionManager/Operational,421,4,,,,,,,,,,,,,Event_NS,RDSAppXPlugin
2026-04-04T23:48:19.736510Z,59,dc.danglingtree.htb,Microsoft-Windows-TerminalServices-LocalSessionManager,Microsoft-Windows-TerminalServices-LocalSessionManager/Operational,422,4,,"""LogonUI.exe"" /flags:0x2 /state0:0xa3bd2055 /state1:0x41c64e6d",1072,RpcGetCurrentSessionCapabilities,,,,,1,,,,Event_NS,
2026-04-04T23:48:19.737713Z,59,dc.danglingtree.htb,Microsoft-Windows-TerminalServices-LocalSessionManager,Microsoft-Windows-TerminalServices-LocalSessionManager/Operational,423,4,,"""LogonUI.exe"" /flags:0x2 /state0:0xa3bd2055 /state1:0x41c64e6d",1072,RpcGetCurrentSessionCapabilities,,,,,1,,,,Event_NS,
2026-04-04T23:48:19.765135Z,59,dc.danglingtree.htb,Microsoft-Windows-TerminalServices-LocalSessionManager,Microsoft-Windows-TerminalServices-LocalSessionManager/Operational,424,4,,"""LogonUI.exe"" /flags:0x2 /state0:0xa3bd2055 /state1:0x41c64e6d",1072,RpcGetCurrentSessionCapabilities,,,,,1,,,,Event_NS,
2026-04-04T23:48:19.829238Z,41,dc.danglingtree.htb,Microsoft-Windows-TerminalServices-LocalSessionManager,Microsoft-Windows-TerminalServices-LocalSessionManager/Operational,425,4,,,,,,,,1,,,,DANGLINGTREE\administrator,Event_NS,
2026-04-04T23:48:19.833242Z,42,dc.danglingtree.htb,Microsoft-Windows-TerminalServices-LocalSessionManager,Microsoft-Windows-TerminalServices-LocalSessionManager/Operational,426,4,,,,,,,,1,,,,DANGLINGTREE\administrator,Event_NS,
2026-04-04T23:48:19.983639Z,59,dc.danglingtree.htb,Microsoft-Windows-TerminalServices-LocalSessionManager,Microsoft-Windows-TerminalServices-LocalSessionManager/Operational,427,4,,C:\WINDOWS\system32\svchost.exe -k netsvcs -s CertPropSvc,2028,RpcGetCurrentSessionCapabilities,,,,,0,,,,Event_NS,
2026-04-04T23:48:19.985678Z,59,dc.danglingtree.htb,Microsoft-Windows-TerminalServices-LocalSessionManager,Microsoft-Windows-TerminalServices-LocalSessionManager/Operational,428,4,,C:\WINDOWS\system32\svchost.exe -k netsvcs -s CertPropSvc,2028,RpcGetCurrentSessionCapabilities,,,,,0,,,,Event_NS,
2026-04-04T23:48:19.986829Z,59,dc.danglingtree.htb,Microsoft-Windows-TerminalServices-LocalSessionManager,Microsoft-Windows-TerminalServices-LocalSessionManager/Operational,429,4,,C:\WINDOWS\system32\svchost.exe -k netsvcs -s CertPropSvc,2028,RpcGetCurrentSessionCapabilities,,,,,0,,,,Event_NS,
2026-04-04T23:48:20.019371Z,21,dc.danglingtree.htb,Microsoft-Windows-TerminalServices-LocalSessionManager,Microsoft-Windows-TerminalServices-LocalSessionManager/Operational,430,4,LOCAL,,,,,,,1,,,,DANGLINGTREE\administrator,Event_NS,
2026-04-04T23:48:20.197488Z,22,dc.danglingtree.htb,Microsoft-Windows-TerminalServices-LocalSessionManager,Microsoft-Windows-TerminalServices-LocalSessionManager/Operational,431,4,LOCAL,,,,,,,1,,,,DANGLINGTREE\administrator,Event_NS,
2026-04-05T00:05:36.609070Z,54,dc.danglingtree.htb,Microsoft-Windows-TerminalServices-LocalSessionManager,Microsoft-Windows-TerminalServices-LocalSessionManager/Operational,432,4,,,,,,,,,,,,,,
2026-04-05T00:05:38.886674Z,23,dc.danglingtree.htb,Microsoft-Windows-TerminalServices-LocalSessionManager,Microsoft-Windows-TerminalServices-LocalSessionManager/Operational,433,4,,,,,,,,1,,,,DANGLINGTREE\administrator,Event_NS,
2026-04-05T00:52:19.711440Z,32,dc.danglingtree.htb,Microsoft-Windows-TerminalServices-LocalSessionManager,Microsoft-Windows-TerminalServices-LocalSessionManager/Operational,434,4,,,,,,,,,,,,,Event_NS,RDSAppXPlugin
2026-04-05T00:53:02.923580Z,59,dc.danglingtree.htb,Microsoft-Windows-TerminalServices-LocalSessionManager,Microsoft-Windows-TerminalServices-LocalSessionManager/Operational,435,4,,"""LogonUI.exe"" /flags:0x2 /state0:0xa3bd2055 /state1:0x41c64e6d",1060,RpcGetCurrentSessionCapabilities,,,,,1,,,,Event_NS,
2026-04-05T00:53:02.924153Z,59,dc.danglingtree.htb,Microsoft-Windows-TerminalServices-LocalSessionManager,Microsoft-Windows-TerminalServices-LocalSessionManager/Operational,436,4,,"""LogonUI.exe"" /flags:0x2 /state0:0xa3bd2055 /state1:0x41c64e6d",1060,RpcGetCurrentSessionCapabilities,,,,,1,,,,Event_NS,
2026-04-05T00:53:02.940508Z,59,dc.danglingtree.htb,Microsoft-Windows-TerminalServices-LocalSessionManager,Microsoft-Windows-TerminalServices-LocalSessionManager/Operational,437,4,,"""LogonUI.exe"" /flags:0x2 /state0:0xa3bd2055 /state1:0x41c64e6d",1060,RpcGetCurrentSessionCapabilities,,,,,1,,,,Event_NS,
2026-04-05T00:53:03.041905Z,41,dc.danglingtree.htb,Microsoft-Windows-TerminalServices-LocalSessionManager,Microsoft-Windows-TerminalServices-LocalSessionManager/Operational,438,4,,,,,,,,1,,,,DANGLINGTREE\administrator,Event_NS,
2026-04-05T00:53:03.048461Z,42,dc.danglingtree.htb,Microsoft-Windows-TerminalServices-LocalSessionManager,Microsoft-Windows-TerminalServices-LocalSessionManager/Operational,439,4,,,,,,,,1,,,,DANGLINGTREE\administrator,Event_NS,
2026-04-05T00:53:03.175882Z,59,dc.danglingtree.htb,Microsoft-Windows-TerminalServices-LocalSessionManager,Microsoft-Windows-TerminalServices-LocalSessionManager/Operational,440,4,,C:\WINDOWS\system32\svchost.exe -k netsvcs -s CertPropSvc,1956,RpcGetCurrentSessionCapabilities,,,,,0,,,,Event_NS,
2026-04-05T00:53:03.178435Z,59,dc.danglingtree.htb,Microsoft-Windows-TerminalServices-LocalSessionManager,Microsoft-Windows-TerminalServices-LocalSessionManager/Operational,441,4,,C:\WINDOWS\system32\svchost.exe -k netsvcs -s CertPropSvc,1956,RpcGetCurrentSessionCapabilities,,,,,0,,,,Event_NS,
2026-04-05T00:53:03.179328Z,59,dc.danglingtree.htb,Microsoft-Windows-TerminalServices-LocalSessionManager,Microsoft-Windows-TerminalServices-LocalSessionManager/Operational,442,4,,C:\WINDOWS\system32\svchost.exe -k netsvcs -s CertPropSvc,1956,RpcGetCurrentSessionCapabilities,,,,,0,,,,Event_NS,
2026-04-05T00:53:03.213844Z,21,dc.danglingtree.htb,Microsoft-Windows-TerminalServices-LocalSessionManager,Microsoft-Windows-TerminalServices-LocalSessionManager/Operational,443,4,LOCAL,,,,,,,1,,,,DANGLINGTREE\administrator,Event_NS,
2026-04-05T00:53:03.387974Z,22,dc.danglingtree.htb,Microsoft-Windows-TerminalServices-LocalSessionManager,Microsoft-Windows-TerminalServices-LocalSessionManager/Operational,444,4,LOCAL,,,,,,,1,,,,DANGLINGTREE\administrator,Event_NS,
2026-04-05T01:01:41.458236Z,23,dc.danglingtree.htb,Microsoft-Windows-TerminalServices-LocalSessionManager,Microsoft-Windows-TerminalServices-LocalSessionManager/Operational,445,4,,,,,,,,1,,,,DANGLINGTREE\administrator,Event_NS,
2026-04-05T01:01:41.481528Z,54,dc.danglingtree.htb,Microsoft-Windows-TerminalServices-LocalSessionManager,Microsoft-Windows-TerminalServices-LocalSessionManager/Operational,446,4,,,,,,,,,,,,,,
2026-04-05T01:01:57.736704Z,32,dc.danglingtree.htb,Microsoft-Windows-TerminalServices-LocalSessionManager,Microsoft-Windows-TerminalServices-LocalSessionManager/Operational,447,4,,,,,,,,,,,,,Event_NS,RDSAppXPlugin
2026-04-05T01:02:38.076717Z,59,dc.danglingtree.htb,Microsoft-Windows-TerminalServices-LocalSessionManager,Microsoft-Windows-TerminalServices-LocalSessionManager/Operational,448,4,,"""LogonUI.exe"" /flags:0x2 /state0:0xa3bd3055 /state1:0x41c64e6d",1060,RpcGetCurrentSessionCapabilities,,,,,1,,,,Event_NS,
2026-04-05T01:02:38.077562Z,59,dc.danglingtree.htb,Microsoft-Windows-TerminalServices-LocalSessionManager,Microsoft-Windows-TerminalServices-LocalSessionManager/Operational,449,4,,"""LogonUI.exe"" /flags:0x2 /state0:0xa3bd3055 /state1:0x41c64e6d",1060,RpcGetCurrentSessionCapabilities,,,,,1,,,,Event_NS,
2026-04-05T01:02:38.100066Z,59,dc.danglingtree.htb,Microsoft-Windows-TerminalServices-LocalSessionManager,Microsoft-Windows-TerminalServices-LocalSessionManager/Operational,450,4,,"""LogonUI.exe"" /flags:0x2 /state0:0xa3bd3055 /state1:0x41c64e6d",1060,RpcGetCurrentSessionCapabilities,,,,,1,,,,Event_NS,
2026-04-05T01:02:38.166338Z,41,dc.danglingtree.htb,Microsoft-Windows-TerminalServices-LocalSessionManager,Microsoft-Windows-TerminalServices-LocalSessionManager/Operational,451,4,,,,,,,,1,,,,DANGLINGTREE\administrator,Event_NS,
2026-04-05T01:02:38.169779Z,42,dc.danglingtree.htb,Microsoft-Windows-TerminalServices-LocalSessionManager,Microsoft-Windows-TerminalServices-LocalSessionManager/Operational,452,4,,,,,,,,1,,,,DANGLINGTREE\administrator,Event_NS,
2026-04-05T01:02:38.287461Z,59,dc.danglingtree.htb,Microsoft-Windows-TerminalServices-LocalSessionManager,Microsoft-Windows-TerminalServices-LocalSessionManager/Operational,453,4,,C:\WINDOWS\system32\svchost.exe -k netsvcs -s CertPropSvc,1940,RpcGetCurrentSessionCapabilities,,,,,0,,,,Event_NS,
2026-04-05T01:02:38.288722Z,59,dc.danglingtree.htb,Microsoft-Windows-TerminalServices-LocalSessionManager,Microsoft-Windows-TerminalServices-LocalSessionManager/Operational,454,4,,C:\WINDOWS\system32\svchost.exe -k netsvcs -s CertPropSvc,1940,RpcGetCurrentSessionCapabilities,,,,,0,,,,Event_NS,
2026-04-05T01:02:38.289866Z,59,dc.danglingtree.htb,Microsoft-Windows-TerminalServices-LocalSessionManager,Microsoft-Windows-TerminalServices-LocalSessionManager/Operational,455,4,,C:\WINDOWS\system32\svchost.exe -k netsvcs -s CertPropSvc,1940,RpcGetCurrentSessionCapabilities,,,,,0,,,,Event_NS,
2026-04-05T01:02:38.328055Z,21,dc.danglingtree.htb,Microsoft-Windows-TerminalServices-LocalSessionManager,Microsoft-Windows-TerminalServices-LocalSessionManager/Operational,456,4,LOCAL,,,,,,,1,,,,DANGLINGTREE\administrator,Event_NS,
2026-04-05T01:02:38.485509Z,22,dc.danglingtree.htb,Microsoft-Windows-TerminalServices-LocalSessionManager,Microsoft-Windows-TerminalServices-LocalSessionManager/Operational,457,4,LOCAL,,,,,,,1,,,,DANGLINGTREE\administrator,Event_NS,
2026-04-05T01:15:08.167957Z,54,dc.danglingtree.htb,Microsoft-Windows-TerminalServices-LocalSessionManager,Microsoft-Windows-TerminalServices-LocalSessionManager/Operational,458,4,,,,,,,,,,,,,,
2026-04-05T01:15:10.282794Z,23,dc.danglingtree.htb,Microsoft-Windows-TerminalServices-LocalSessionManager,Microsoft-Windows-TerminalServices-LocalSessionManager/Operational,459,4,,,,,,,,1,,,,DANGLINGTREE\administrator,Event_NS,
2026-04-05T01:40:08.718029Z,32,dc.danglingtree.htb,Microsoft-Windows-TerminalServices-LocalSessionManager,Microsoft-Windows-TerminalServices-LocalSessionManager/Operational,460,4,,,,,,,,,,,,,Event_NS,RDSAppXPlugin
2026-04-05T01:40:49.096952Z,59,dc.danglingtree.htb,Microsoft-Windows-TerminalServices-LocalSessionManager,Microsoft-Windows-TerminalServices-LocalSessionManager/Operational,461,4,,"""LogonUI.exe"" /flags:0x2 /state0:0xa3bd2055 /state1:0x41c64e6d",1056,RpcGetCurrentSessionCapabilities,,,,,1,,,,Event_NS,
2026-04-05T01:40:49.097481Z,59,dc.danglingtree.htb,Microsoft-Windows-TerminalServices-LocalSessionManager,Microsoft-Windows-TerminalServices-LocalSessionManager/Operational,462,4,,"""LogonUI.exe"" /flags:0x2 /state0:0xa3bd2055 /state1:0x41c64e6d",1056,RpcGetCurrentSessionCapabilities,,,,,1,,,,Event_NS,
2026-04-05T01:40:49.119817Z,59,dc.danglingtree.htb,Microsoft-Windows-TerminalServices-LocalSessionManager,Microsoft-Windows-TerminalServices-LocalSessionManager/Operational,463,4,,"""LogonUI.exe"" /flags:0x2 /state0:0xa3bd2055 /state1:0x41c64e6d",1056,RpcGetCurrentSessionCapabilities,,,,,1,,,,Event_NS,
2026-04-05T01:40:49.173045Z,41,dc.danglingtree.htb,Microsoft-Windows-TerminalServices-LocalSessionManager,Microsoft-Windows-TerminalServices-LocalSessionManager/Operational,464,4,,,,,,,,1,,,,DANGLINGTREE\administrator,Event_NS,
2026-04-05T01:40:49.185633Z,42,dc.danglingtree.htb,Microsoft-Windows-TerminalServices-LocalSessionManager,Microsoft-Windows-TerminalServices-LocalSessionManager/Operational,465,4,,,,,,,,1,,,,DANGLINGTREE\administrator,Event_NS,
2026-04-05T01:40:49.302157Z,59,dc.danglingtree.htb,Microsoft-Windows-TerminalServices-LocalSessionManager,Microsoft-Windows-TerminalServices-LocalSessionManager/Operational,466,4,,C:\WINDOWS\system32\svchost.exe -k netsvcs -s CertPropSvc,1920,RpcGetCurrentSessionCapabilities,,,,,0,,,,Event_NS,
2026-04-05T01:40:49.306562Z,59,dc.danglingtree.htb,Microsoft-Windows-TerminalServices-LocalSessionManager,Microsoft-Windows-TerminalServices-LocalSessionManager/Operational,467,4,,C:\WINDOWS\system32\svchost.exe -k netsvcs -s CertPropSvc,1920,RpcGetCurrentSessionCapabilities,,,,,0,,,,Event_NS,
2026-04-05T01:40:49.307647Z,59,dc.danglingtree.htb,Microsoft-Windows-TerminalServices-LocalSessionManager,Microsoft-Windows-TerminalServices-LocalSessionManager/Operational,468,4,,C:\WINDOWS\system32\svchost.exe -k netsvcs -s CertPropSvc,1920,RpcGetCurrentSessionCapabilities,,,,,0,,,,Event_NS,
2026-04-05T01:40:49.340945Z,21,dc.danglingtree.htb,Microsoft-Windows-TerminalServices-LocalSessionManager,Microsoft-Windows-TerminalServices-LocalSessionManager/Operational,469,4,LOCAL,,,,,,,1,,,,DANGLINGTREE\administrator,Event_NS,
2026-04-05T01:40:49.511725Z,22,dc.danglingtree.htb,Microsoft-Windows-TerminalServices-LocalSessionManager,Microsoft-Windows-TerminalServices-LocalSessionManager/Operational,470,4,LOCAL,,,,,,,1,,,,DANGLINGTREE\administrator,Event_NS,
2026-04-05T01:42:31.006791Z,23,dc.danglingtree.htb,Microsoft-Windows-TerminalServices-LocalSessionManager,Microsoft-Windows-TerminalServices-LocalSessionManager/Operational,471,4,,,,,,,,1,,,,DANGLINGTREE\administrator,Event_NS,
2026-04-05T01:42:31.038638Z,54,dc.danglingtree.htb,Microsoft-Windows-TerminalServices-LocalSessionManager,Microsoft-Windows-TerminalServices-LocalSessionManager/Operational,472,4,,,,,,,,,,,,,,
2026-04-05T19:03:58.050465Z,32,dc.danglingtree.htb,Microsoft-Windows-TerminalServices-LocalSessionManager,Microsoft-Windows-TerminalServices-LocalSessionManager/Operational,473,4,,,,,,,,,,,,,Event_NS,RDSAppXPlugin
2026-04-05T19:04:43.537776Z,59,dc.danglingtree.htb,Microsoft-Windows-TerminalServices-LocalSessionManager,Microsoft-Windows-TerminalServices-LocalSessionManager/Operational,474,4,,"""LogonUI.exe"" /flags:0x2 /state0:0xa3914055 /state1:0x41c64e6d",6668,RpcGetCurrentSessionCapabilities,,,,,1,,,,Event_NS,
2026-04-05T19:04:43.538413Z,59,dc.danglingtree.htb,Microsoft-Windows-TerminalServices-LocalSessionManager,Microsoft-Windows-TerminalServices-LocalSessionManager/Operational,475,4,,"""LogonUI.exe"" /flags:0x2 /state0:0xa3914055 /state1:0x41c64e6d",6668,RpcGetCurrentSessionCapabilities,,,,,1,,,,Event_NS,
2026-04-05T19:04:43.573612Z,59,dc.danglingtree.htb,Microsoft-Windows-TerminalServices-LocalSessionManager,Microsoft-Windows-TerminalServices-LocalSessionManager/Operational,476,4,,"""LogonUI.exe"" /flags:0x2 /state0:0xa3914055 /state1:0x41c64e6d",6668,RpcGetCurrentSessionCapabilities,,,,,1,,,,Event_NS,
2026-04-05T19:04:43.687102Z,41,dc.danglingtree.htb,Microsoft-Windows-TerminalServices-LocalSessionManager,Microsoft-Windows-TerminalServices-LocalSessionManager/Operational,477,4,,,,,,,,1,,,,DANGLINGTREE\administrator,Event_NS,
2026-04-05T19:04:43.692034Z,42,dc.danglingtree.htb,Microsoft-Windows-TerminalServices-LocalSessionManager,Microsoft-Windows-TerminalServices-LocalSessionManager/Operational,478,4,,,,,,,,1,,,,DANGLINGTREE\administrator,Event_NS,
2026-04-05T19:04:43.833925Z,59,dc.danglingtree.htb,Microsoft-Windows-TerminalServices-LocalSessionManager,Microsoft-Windows-TerminalServices-LocalSessionManager/Operational,479,4,,C:\WINDOWS\system32\svchost.exe -k netsvcs -s CertPropSvc,2136,RpcGetCurrentSessionCapabilities,,,,,0,,,,Event_NS,
2026-04-05T19:04:43.834672Z,59,dc.danglingtree.htb,Microsoft-Windows-TerminalServices-LocalSessionManager,Microsoft-Windows-TerminalServices-LocalSessionManager/Operational,480,4,,C:\WINDOWS\system32\svchost.exe -k netsvcs -s CertPropSvc,2136,RpcGetCurrentSessionCapabilities,,,,,0,,,,Event_NS,
2026-04-05T19:04:43.835240Z,59,dc.danglingtree.htb,Microsoft-Windows-TerminalServices-LocalSessionManager,Microsoft-Windows-TerminalServices-LocalSessionManager/Operational,481,4,,C:\WINDOWS\system32\svchost.exe -k netsvcs -s CertPropSvc,2136,RpcGetCurrentSessionCapabilities,,,,,0,,,,Event_NS,
2026-04-05T19:04:43.871953Z,21,dc.danglingtree.htb,Microsoft-Windows-TerminalServices-LocalSessionManager,Microsoft-Windows-TerminalServices-LocalSessionManager/Operational,482,4,LOCAL,,,,,,,1,,,,DANGLINGTREE\administrator,Event_NS,
2026-04-05T19:04:44.058400Z,22,dc.danglingtree.htb,Microsoft-Windows-TerminalServices-LocalSessionManager,Microsoft-Windows-TerminalServices-LocalSessionManager/Operational,483,4,LOCAL,,,,,,,1,,,,DANGLINGTREE\administrator,Event_NS,
2026-04-05T19:10:39.642526Z,54,dc.danglingtree.htb,Microsoft-Windows-TerminalServices-LocalSessionManager,Microsoft-Windows-TerminalServices-LocalSessionManager/Operational,484,4,,,,,,,,,,,,,,
2026-04-05T19:10:41.986532Z,23,dc.danglingtree.htb,Microsoft-Windows-TerminalServices-LocalSessionManager,Microsoft-Windows-TerminalServices-LocalSessionManager/Operational,485,4,,,,,,,,1,,,,DANGLINGTREE\administrator,Event_NS,
2026-04-05T20:05:22.168149Z,32,dc.danglingtree.htb,Microsoft-Windows-TerminalServices-LocalSessionManager,Microsoft-Windows-TerminalServices-LocalSessionManager/Operational,486,4,,,,,,,,,,,,,Event_NS,RDSAppXPlugin
2026-04-05T20:06:02.574055Z,59,dc.danglingtree.htb,Microsoft-Windows-TerminalServices-LocalSessionManager,Microsoft-Windows-TerminalServices-LocalSessionManager/Operational,487,4,,"""LogonUI.exe"" /flags:0x2 /state0:0xa390e855 /state1:0x41c64e6d",6332,RpcGetCurrentSessionCapabilities,,,,,1,,,,Event_NS,
2026-04-05T20:06:02.576241Z,59,dc.danglingtree.htb,Microsoft-Windows-TerminalServices-LocalSessionManager,Microsoft-Windows-TerminalServices-LocalSessionManager/Operational,488,4,,"""LogonUI.exe"" /flags:0x2 /state0:0xa390e855 /state1:0x41c64e6d",6332,RpcGetCurrentSessionCapabilities,,,,,1,,,,Event_NS,
2026-04-05T20:06:02.605606Z,59,dc.danglingtree.htb,Microsoft-Windows-TerminalServices-LocalSessionManager,Microsoft-Windows-TerminalServices-LocalSessionManager/Operational,489,4,,"""LogonUI.exe"" /flags:0x2 /state0:0xa390e855 /state1:0x41c64e6d",6332,RpcGetCurrentSessionCapabilities,,,,,1,,,,Event_NS,
2026-04-05T20:06:02.702195Z,41,dc.danglingtree.htb,Microsoft-Windows-TerminalServices-LocalSessionManager,Microsoft-Windows-TerminalServices-LocalSessionManager/Operational,490,4,,,,,,,,1,,,,DANGLINGTREE\administrator,Event_NS,
2026-04-05T20:06:02.712211Z,42,dc.danglingtree.htb,Microsoft-Windows-TerminalServices-LocalSessionManager,Microsoft-Windows-TerminalServices-LocalSessionManager/Operational,491,4,,,,,,,,1,,,,DANGLINGTREE\administrator,Event_NS,
2026-04-05T20:06:02.864714Z,59,dc.danglingtree.htb,Microsoft-Windows-TerminalServices-LocalSessionManager,Microsoft-Windows-TerminalServices-LocalSessionManager/Operational,492,4,,C:\WINDOWS\system32\svchost.exe -k netsvcs -s CertPropSvc,2240,RpcGetCurrentSessionCapabilities,,,,,0,,,,Event_NS,
2026-04-05T20:06:02.872419Z,59,dc.danglingtree.htb,Microsoft-Windows-TerminalServices-LocalSessionManager,Microsoft-Windows-TerminalServices-LocalSessionManager/Operational,493,4,,C:\WINDOWS\system32\svchost.exe -k netsvcs -s CertPropSvc,2240,RpcGetCurrentSessionCapabilities,,,,,0,,,,Event_NS,
2026-04-05T20:06:02.873827Z,59,dc.danglingtree.htb,Microsoft-Windows-TerminalServices-LocalSessionManager,Microsoft-Windows-TerminalServices-LocalSessionManager/Operational,494,4,,C:\WINDOWS\system32\svchost.exe -k netsvcs -s CertPropSvc,2240,RpcGetCurrentSessionCapabilities,,,,,0,,,,Event_NS,
2026-04-05T20:06:02.920273Z,21,dc.danglingtree.htb,Microsoft-Windows-TerminalServices-LocalSessionManager,Microsoft-Windows-TerminalServices-LocalSessionManager/Operational,495,4,LOCAL,,,,,,,1,,,,DANGLINGTREE\administrator,Event_NS,
2026-04-05T20:06:03.124614Z,22,dc.danglingtree.htb,Microsoft-Windows-TerminalServices-LocalSessionManager,Microsoft-Windows-TerminalServices-LocalSessionManager/Operational,496,4,LOCAL,,,,,,,1,,,,DANGLINGTREE\administrator,Event_NS,
2026-04-05T20:08:19.640217Z,23,dc.danglingtree.htb,Microsoft-Windows-TerminalServices-LocalSessionManager,Microsoft-Windows-TerminalServices-LocalSessionManager/Operational,497,4,,,,,,,,1,,,,DANGLINGTREE\administrator,Event_NS,
2026-04-05T20:08:19.671043Z,54,dc.danglingtree.htb,Microsoft-Windows-TerminalServices-LocalSessionManager,Microsoft-Windows-TerminalServices-LocalSessionManager/Operational,498,4,,,,,,,,,,,,,,
2026-06-03T19:37:44.309017Z,32,dc.danglingtree.htb,Microsoft-Windows-TerminalServices-LocalSessionManager,Microsoft-Windows-TerminalServices-LocalSessionManager/Operational,499,4,,,,,,,,,,,,,Event_NS,RDSAppXPlugin
2026-06-03T19:38:58.362249Z,54,dc.danglingtree.htb,Microsoft-Windows-TerminalServices-LocalSessionManager,Microsoft-Windows-TerminalServices-LocalSessionManager/Operational,500,4,,,,,,,,,,,,,,
2026-06-03T19:45:03.867298Z,32,dc.danglingtree.htb,Microsoft-Windows-TerminalServices-LocalSessionManager,Microsoft-Windows-TerminalServices-LocalSessionManager/Operational,501,4,,,,,,,,,,,,,Event_NS,RDSAppXPlugin
2026-06-03T19:45:58.357688Z,59,dc.danglingtree.htb,Microsoft-Windows-TerminalServices-LocalSessionManager,Microsoft-Windows-TerminalServices-LocalSessionManager/Operational,502,4,,"""LogonUI.exe"" /flags:0x2 /state0:0xa3bd2055 /state1:0x41c64e6d",1072,RpcGetCurrentSessionCapabilities,,,,,1,,,,Event_NS,
2026-06-03T19:45:58.360475Z,59,dc.danglingtree.htb,Microsoft-Windows-TerminalServices-LocalSessionManager,Microsoft-Windows-TerminalServices-LocalSessionManager/Operational,503,4,,"""LogonUI.exe"" /flags:0x2 /state0:0xa3bd2055 /state1:0x41c64e6d",1072,RpcGetCurrentSessionCapabilities,,,,,1,,,,Event_NS,
2026-06-03T19:45:59.270747Z,59,dc.danglingtree.htb,Microsoft-Windows-TerminalServices-LocalSessionManager,Microsoft-Windows-TerminalServices-LocalSessionManager/Operational,504,4,,"""LogonUI.exe"" /flags:0x2 /state0:0xa3bd2055 /state1:0x41c64e6d",1072,RpcGetCurrentSessionCapabilities,,,,,1,,,,Event_NS,
2026-06-03T19:46:00.849091Z,41,dc.danglingtree.htb,Microsoft-Windows-TerminalServices-LocalSessionManager,Microsoft-Windows-TerminalServices-LocalSessionManager/Operational,505,4,,,,,,,,1,,,,DANGLINGTREE\administrator,Event_NS,
2026-06-03T19:46:00.888599Z,42,dc.danglingtree.htb,Microsoft-Windows-TerminalServices-LocalSessionManager,Microsoft-Windows-TerminalServices-LocalSessionManager/Operational,506,4,,,,,,,,1,,,,DANGLINGTREE\administrator,Event_NS,
2026-06-03T19:46:02.795382Z,59,dc.danglingtree.htb,Microsoft-Windows-TerminalServices-LocalSessionManager,Microsoft-Windows-TerminalServices-LocalSessionManager/Operational,507,4,,C:\WINDOWS\system32\svchost.exe -k netsvcs -s CertPropSvc,2496,RpcGetCurrentSessionCapabilities,,,,,0,,,,Event_NS,
2026-06-03T19:46:02.817153Z,59,dc.danglingtree.htb,Microsoft-Windows-TerminalServices-LocalSessionManager,Microsoft-Windows-TerminalServices-LocalSessionManager/Operational,508,4,,C:\WINDOWS\system32\svchost.exe -k netsvcs -s CertPropSvc,2496,RpcGetCurrentSessionCapabilities,,,,,0,,,,Event_NS,
2026-06-03T19:46:02.826960Z,59,dc.danglingtree.htb,Microsoft-Windows-TerminalServices-LocalSessionManager,Microsoft-Windows-TerminalServices-LocalSessionManager/Operational,509,4,,C:\WINDOWS\system32\svchost.exe -k netsvcs -s CertPropSvc,2496,RpcGetCurrentSessionCapabilities,,,,,0,,,,Event_NS,
2026-06-03T19:46:02.933212Z,21,dc.danglingtree.htb,Microsoft-Windows-TerminalServices-LocalSessionManager,Microsoft-Windows-TerminalServices-LocalSessionManager/Operational,510,4,LOCAL,,,,,,,1,,,,DANGLINGTREE\administrator,Event_NS,
2026-06-03T19:46:05.402790Z,22,dc.danglingtree.htb,Microsoft-Windows-TerminalServices-LocalSessionManager,Microsoft-Windows-TerminalServices-LocalSessionManager/Operational,511,4,LOCAL,,,,,,,1,,,,DANGLINGTREE\administrator,Event_NS,
2026-06-03T19:46:35.992532Z,54,dc.danglingtree.htb,Microsoft-Windows-TerminalServices-LocalSessionManager,Microsoft-Windows-TerminalServices-LocalSessionManager/Operational,512,4,,,,,,,,,,,,,,
2026-06-03T19:46:45.169874Z,23,dc.danglingtree.htb,Microsoft-Windows-TerminalServices-LocalSessionManager,Microsoft-Windows-TerminalServices-LocalSessionManager/Operational,513,4,,,,,,,,1,,,,DANGLINGTREE\administrator,Event_NS,
2026-06-03T20:14:19.342392Z,32,dc.danglingtree.htb,Microsoft-Windows-TerminalServices-LocalSessionManager,Microsoft-Windows-TerminalServices-LocalSessionManager/Operational,514,4,,,,,,,,,,,,,Event_NS,RDSAppXPlugin
2026-06-03T20:15:48.956587Z,59,dc.danglingtree.htb,Microsoft-Windows-TerminalServices-LocalSessionManager,Microsoft-Windows-TerminalServices-LocalSessionManager/Operational,515,4,,"""LogonUI.exe"" /flags:0x2 /state0:0xa3bd2055 /state1:0x41c64e6d",432,RpcGetCurrentSessionCapabilities,,,,,1,,,,Event_NS,
2026-06-03T20:15:48.957599Z,59,dc.danglingtree.htb,Microsoft-Windows-TerminalServices-LocalSessionManager,Microsoft-Windows-TerminalServices-LocalSessionManager/Operational,516,4,,"""LogonUI.exe"" /flags:0x2 /state0:0xa3bd2055 /state1:0x41c64e6d",432,RpcGetCurrentSessionCapabilities,,,,,1,,,,Event_NS,
2026-06-03T20:15:49.051954Z,59,dc.danglingtree.htb,Microsoft-Windows-TerminalServices-LocalSessionManager,Microsoft-Windows-TerminalServices-LocalSessionManager/Operational,517,4,,"""LogonUI.exe"" /flags:0x2 /state0:0xa3bd2055 /state1:0x41c64e6d",432,RpcGetCurrentSessionCapabilities,,,,,1,,,,Event_NS,
2026-06-03T20:15:49.435240Z,41,dc.danglingtree.htb,Microsoft-Windows-TerminalServices-LocalSessionManager,Microsoft-Windows-TerminalServices-LocalSessionManager/Operational,518,4,,,,,,,,1,,,,DANGLINGTREE\administrator,Event_NS,
2026-06-03T20:15:49.564204Z,42,dc.danglingtree.htb,Microsoft-Windows-TerminalServices-LocalSessionManager,Microsoft-Windows-TerminalServices-LocalSessionManager/Operational,519,4,,,,,,,,1,,,,DANGLINGTREE\administrator,Event_NS,
2026-06-03T20:15:49.761441Z,59,dc.danglingtree.htb,Microsoft-Windows-TerminalServices-LocalSessionManager,Microsoft-Windows-TerminalServices-LocalSessionManager/Operational,520,4,,C:\WINDOWS\system32\svchost.exe -k netsvcs -s CertPropSvc,2088,RpcGetCurrentSessionCapabilities,,,,,0,,,,Event_NS,
2026-06-03T20:15:49.762515Z,59,dc.danglingtree.htb,Microsoft-Windows-TerminalServices-LocalSessionManager,Microsoft-Windows-TerminalServices-LocalSessionManager/Operational,521,4,,C:\WINDOWS\system32\svchost.exe -k netsvcs -s CertPropSvc,2088,RpcGetCurrentSessionCapabilities,,,,,0,,,,Event_NS,
2026-06-03T20:15:49.764601Z,59,dc.danglingtree.htb,Microsoft-Windows-TerminalServices-LocalSessionManager,Microsoft-Windows-TerminalServices-LocalSessionManager/Operational,522,4,,C:\WINDOWS\system32\svchost.exe -k netsvcs -s CertPropSvc,2088,RpcGetCurrentSessionCapabilities,,,,,0,,,,Event_NS,
2026-06-03T20:15:49.923559Z,21,dc.danglingtree.htb,Microsoft-Windows-TerminalServices-LocalSessionManager,Microsoft-Windows-TerminalServices-LocalSessionManager/Operational,523,4,LOCAL,,,,,,,1,,,,DANGLINGTREE\administrator,Event_NS,
2026-06-03T20:15:50.364287Z,22,dc.danglingtree.htb,Microsoft-Windows-TerminalServices-LocalSessionManager,Microsoft-Windows-TerminalServices-LocalSessionManager/Operational,524,4,LOCAL,,,,,,,1,,,,DANGLINGTREE\administrator,Event_NS,
2026-06-03T20:25:50.867050Z,54,dc.danglingtree.htb,Microsoft-Windows-TerminalServices-LocalSessionManager,Microsoft-Windows-TerminalServices-LocalSessionManager/Operational,525,4,,,,,,,,,,,,,,
2026-06-03T20:26:02.400334Z,23,dc.danglingtree.htb,Microsoft-Windows-TerminalServices-LocalSessionManager,Microsoft-Windows-TerminalServices-LocalSessionManager/Operational,526,4,,,,,,,,1,,,,DANGLINGTREE\administrator,Event_NS,
2026-06-03T20:28:28.943788Z,32,dc.danglingtree.htb,Microsoft-Windows-TerminalServices-LocalSessionManager,Microsoft-Windows-TerminalServices-LocalSessionManager/Operational,527,4,,,,,,,,,,,,,Event_NS,RDSAppXPlugin
2026-06-03T20:29:59.302496Z,54,dc.danglingtree.htb,Microsoft-Windows-TerminalServices-LocalSessionManager,Microsoft-Windows-TerminalServices-LocalSessionManager/Operational,528,4,,,,,,,,,,,,,,
2026-06-03T20:32:39.180877Z,32,dc.danglingtree.htb,Microsoft-Windows-TerminalServices-LocalSessionManager,Microsoft-Windows-TerminalServices-LocalSessionManager/Operational,529,4,,,,,,,,,,,,,Event_NS,RDSAppXPlugin
2026-06-03T20:33:30.404444Z,59,dc.danglingtree.htb,Microsoft-Windows-TerminalServices-LocalSessionManager,Microsoft-Windows-TerminalServices-LocalSessionManager/Operational,530,4,,"""LogonUI.exe"" /flags:0x2 /state0:0xa3bd2055 /state1:0x41c64e6d",560,RpcGetCurrentSessionCapabilities,,,,,1,,,,Event_NS,
2026-06-03T20:33:30.502256Z,59,dc.danglingtree.htb,Microsoft-Windows-TerminalServices-LocalSessionManager,Microsoft-Windows-TerminalServices-LocalSessionManager/Operational,531,4,,"""LogonUI.exe"" /flags:0x2 /state0:0xa3bd2055 /state1:0x41c64e6d",560,RpcGetCurrentSessionCapabilities,,,,,1,,,,Event_NS,
2026-06-03T20:33:31.040270Z,59,dc.danglingtree.htb,Microsoft-Windows-TerminalServices-LocalSessionManager,Microsoft-Windows-TerminalServices-LocalSessionManager/Operational,532,4,,"""LogonUI.exe"" /flags:0x2 /state0:0xa3bd2055 /state1:0x41c64e6d",560,RpcGetCurrentSessionCapabilities,,,,,1,,,,Event_NS,
2026-06-03T20:33:31.862894Z,41,dc.danglingtree.htb,Microsoft-Windows-TerminalServices-LocalSessionManager,Microsoft-Windows-TerminalServices-LocalSessionManager/Operational,533,4,,,,,,,,1,,,,DANGLINGTREE\administrator,Event_NS,
2026-06-03T20:33:31.927878Z,42,dc.danglingtree.htb,Microsoft-Windows-TerminalServices-LocalSessionManager,Microsoft-Windows-TerminalServices-LocalSessionManager/Operational,534,4,,,,,,,,1,,,,DANGLINGTREE\administrator,Event_NS,
2026-06-03T20:33:32.994301Z,59,dc.danglingtree.htb,Microsoft-Windows-TerminalServices-LocalSessionManager,Microsoft-Windows-TerminalServices-LocalSessionManager/Operational,535,4,,C:\WINDOWS\system32\svchost.exe -k netsvcs -s CertPropSvc,2040,RpcGetCurrentSessionCapabilities,,,,,0,,,,Event_NS,
2026-06-03T20:33:33.000031Z,59,dc.danglingtree.htb,Microsoft-Windows-TerminalServices-LocalSessionManager,Microsoft-Windows-TerminalServices-LocalSessionManager/Operational,536,4,,C:\WINDOWS\system32\svchost.exe -k netsvcs -s CertPropSvc,2040,RpcGetCurrentSessionCapabilities,,,,,0,,,,Event_NS,
2026-06-03T20:33:33.017882Z,59,dc.danglingtree.htb,Microsoft-Windows-TerminalServices-LocalSessionManager,Microsoft-Windows-TerminalServices-LocalSessionManager/Operational,537,4,,C:\WINDOWS\system32\svchost.exe -k netsvcs -s CertPropSvc,2040,RpcGetCurrentSessionCapabilities,,,,,0,,,,Event_NS,
2026-06-03T20:33:33.406298Z,21,dc.danglingtree.htb,Microsoft-Windows-TerminalServices-LocalSessionManager,Microsoft-Windows-TerminalServices-LocalSessionManager/Operational,538,4,LOCAL,,,,,,,1,,,,DANGLINGTREE\administrator,Event_NS,
2026-06-03T20:33:35.612085Z,22,dc.danglingtree.htb,Microsoft-Windows-TerminalServices-LocalSessionManager,Microsoft-Windows-TerminalServices-LocalSessionManager/Operational,539,4,LOCAL,,,,,,,1,,,,DANGLINGTREE\administrator,Event_NS,
2026-06-03T20:43:16.333611Z,54,dc.danglingtree.htb,Microsoft-Windows-TerminalServices-LocalSessionManager,Microsoft-Windows-TerminalServices-LocalSessionManager/Operational,540,4,,,,,,,,,,,,,,
2026-06-03T20:43:24.032558Z,23,dc.danglingtree.htb,Microsoft-Windows-TerminalServices-LocalSessionManager,Microsoft-Windows-TerminalServices-LocalSessionManager/Operational,541,4,,,,,,,,1,,,,DANGLINGTREE\administrator,Event_NS,
2026-06-05T23:37:45.679441Z,32,dc.danglingtree.htb,Microsoft-Windows-TerminalServices-LocalSessionManager,Microsoft-Windows-TerminalServices-LocalSessionManager/Operational,542,4,,,,,,,,,,,,,Event_NS,RDSAppXPlugin
2026-06-05T23:38:30.927231Z,59,dc.danglingtree.htb,Microsoft-Windows-TerminalServices-LocalSessionManager,Microsoft-Windows-TerminalServices-LocalSessionManager/Operational,543,4,,"""LogonUI.exe"" /flags:0x2 /state0:0xa3bd2055 /state1:0x41c64e6d",692,RpcGetCurrentSessionCapabilities,,,,,1,,,,Event_NS,
2026-06-05T23:38:30.938237Z,59,dc.danglingtree.htb,Microsoft-Windows-TerminalServices-LocalSessionManager,Microsoft-Windows-TerminalServices-LocalSessionManager/Operational,544,4,,"""LogonUI.exe"" /flags:0x2 /state0:0xa3bd2055 /state1:0x41c64e6d",692,RpcGetCurrentSessionCapabilities,,,,,1,,,,Event_NS,
2026-06-05T23:38:31.426438Z,59,dc.danglingtree.htb,Microsoft-Windows-TerminalServices-LocalSessionManager,Microsoft-Windows-TerminalServices-LocalSessionManager/Operational,545,4,,"""LogonUI.exe"" /flags:0x2 /state0:0xa3bd2055 /state1:0x41c64e6d",692,RpcGetCurrentSessionCapabilities,,,,,1,,,,Event_NS,
2026-06-05T23:38:32.089621Z,41,dc.danglingtree.htb,Microsoft-Windows-TerminalServices-LocalSessionManager,Microsoft-Windows-TerminalServices-LocalSessionManager/Operational,546,4,,,,,,,,1,,,,DANGLINGTREE\administrator,Event_NS,
2026-06-05T23:38:32.107994Z,42,dc.danglingtree.htb,Microsoft-Windows-TerminalServices-LocalSessionManager,Microsoft-Windows-TerminalServices-LocalSessionManager/Operational,547,4,,,,,,,,1,,,,DANGLINGTREE\administrator,Event_NS,
2026-06-05T23:38:32.866589Z,59,dc.danglingtree.htb,Microsoft-Windows-TerminalServices-LocalSessionManager,Microsoft-Windows-TerminalServices-LocalSessionManager/Operational,548,4,,C:\WINDOWS\system32\svchost.exe -k netsvcs -s CertPropSvc,2096,RpcGetCurrentSessionCapabilities,,,,,0,,,,Event_NS,
2026-06-05T23:38:32.871643Z,59,dc.danglingtree.htb,Microsoft-Windows-TerminalServices-LocalSessionManager,Microsoft-Windows-TerminalServices-LocalSessionManager/Operational,549,4,,C:\WINDOWS\system32\svchost.exe -k netsvcs -s CertPropSvc,2096,RpcGetCurrentSessionCapabilities,,,,,0,,,,Event_NS,
2026-06-05T23:38:32.880058Z,59,dc.danglingtree.htb,Microsoft-Windows-TerminalServices-LocalSessionManager,Microsoft-Windows-TerminalServices-LocalSessionManager/Operational,550,4,,C:\WINDOWS\system32\svchost.exe -k netsvcs -s CertPropSvc,2096,RpcGetCurrentSessionCapabilities,,,,,0,,,,Event_NS,
2026-06-05T23:38:33.949289Z,21,dc.danglingtree.htb,Microsoft-Windows-TerminalServices-LocalSessionManager,Microsoft-Windows-TerminalServices-LocalSessionManager/Operational,551,4,LOCAL,,,,,,,1,,,,DANGLINGTREE\administrator,Event_NS,
2026-06-05T23:38:35.704240Z,22,dc.danglingtree.htb,Microsoft-Windows-TerminalServices-LocalSessionManager,Microsoft-Windows-TerminalServices-LocalSessionManager/Operational,552,4,LOCAL,,,,,,,1,,,,DANGLINGTREE\administrator,Event_NS,
2026-06-05T23:55:02.635679Z,54,dc.danglingtree.htb,Microsoft-Windows-TerminalServices-LocalSessionManager,Microsoft-Windows-TerminalServices-LocalSessionManager/Operational,553,4,,,,,,,,,,,,,,
2026-06-05T23:55:04.667369Z,23,dc.danglingtree.htb,Microsoft-Windows-TerminalServices-LocalSessionManager,Microsoft-Windows-TerminalServices-LocalSessionManager/Operational,554,4,,,,,,,,1,,,,DANGLINGTREE\administrator,Event_NS,
2026-06-05T23:57:05.276743Z,32,dc.danglingtree.htb,Microsoft-Windows-TerminalServices-LocalSessionManager,Microsoft-Windows-TerminalServices-LocalSessionManager/Operational,555,4,,,,,,,,,,,,,Event_NS,RDSAppXPlugin
2026-06-05T23:58:13.893670Z,59,dc.danglingtree.htb,Microsoft-Windows-TerminalServices-LocalSessionManager,Microsoft-Windows-TerminalServices-LocalSessionManager/Operational,556,4,,"""LogonUI.exe"" /flags:0x2 /state0:0xa3bce055 /state1:0x41c64e6d",864,RpcGetCurrentSessionCapabilities,,,,,1,,,,Event_NS,
2026-06-05T23:58:13.901798Z,59,dc.danglingtree.htb,Microsoft-Windows-TerminalServices-LocalSessionManager,Microsoft-Windows-TerminalServices-LocalSessionManager/Operational,557,4,,"""LogonUI.exe"" /flags:0x2 /state0:0xa3bce055 /state1:0x41c64e6d",864,RpcGetCurrentSessionCapabilities,,,,,1,,,,Event_NS,
2026-06-05T23:58:13.993053Z,59,dc.danglingtree.htb,Microsoft-Windows-TerminalServices-LocalSessionManager,Microsoft-Windows-TerminalServices-LocalSessionManager/Operational,558,4,,"""LogonUI.exe"" /flags:0x2 /state0:0xa3bce055 /state1:0x41c64e6d",864,RpcGetCurrentSessionCapabilities,,,,,1,,,,Event_NS,
2026-06-05T23:58:14.282435Z,41,dc.danglingtree.htb,Microsoft-Windows-TerminalServices-LocalSessionManager,Microsoft-Windows-TerminalServices-LocalSessionManager/Operational,559,4,,,,,,,,1,,,,DANGLINGTREE\administrator,Event_NS,
2026-06-05T23:58:14.315249Z,42,dc.danglingtree.htb,Microsoft-Windows-TerminalServices-LocalSessionManager,Microsoft-Windows-TerminalServices-LocalSessionManager/Operational,560,4,,,,,,,,1,,,,DANGLINGTREE\administrator,Event_NS,
2026-06-05T23:58:14.649659Z,59,dc.danglingtree.htb,Microsoft-Windows-TerminalServices-LocalSessionManager,Microsoft-Windows-TerminalServices-LocalSessionManager/Operational,561,4,,C:\WINDOWS\system32\svchost.exe -k netsvcs -s CertPropSvc,1912,RpcGetCurrentSessionCapabilities,,,,,0,,,,Event_NS,
2026-06-05T23:58:14.650871Z,59,dc.danglingtree.htb,Microsoft-Windows-TerminalServices-LocalSessionManager,Microsoft-Windows-TerminalServices-LocalSessionManager/Operational,562,4,,C:\WINDOWS\system32\svchost.exe -k netsvcs -s CertPropSvc,1912,RpcGetCurrentSessionCapabilities,,,,,0,,,,Event_NS,
2026-06-05T23:58:14.653810Z,59,dc.danglingtree.htb,Microsoft-Windows-TerminalServices-LocalSessionManager,Microsoft-Windows-TerminalServices-LocalSessionManager/Operational,563,4,,C:\WINDOWS\system32\svchost.exe -k netsvcs -s CertPropSvc,1912,RpcGetCurrentSessionCapabilities,,,,,0,,,,Event_NS,
2026-06-05T23:58:14.750610Z,21,dc.danglingtree.htb,Microsoft-Windows-TerminalServices-LocalSessionManager,Microsoft-Windows-TerminalServices-LocalSessionManager/Operational,564,4,LOCAL,,,,,,,1,,,,DANGLINGTREE\administrator,Event_NS,
2026-06-05T23:58:15.208665Z,22,dc.danglingtree.htb,Microsoft-Windows-TerminalServices-LocalSessionManager,Microsoft-Windows-TerminalServices-LocalSessionManager/Operational,565,4,LOCAL,,,,,,,1,,,,DANGLINGTREE\administrator,Event_NS,
2026-06-06T03:51:27.648635Z,23,dc.danglingtree.htb,Microsoft-Windows-TerminalServices-LocalSessionManager,Microsoft-Windows-TerminalServices-LocalSessionManager/Operational,566,4,,,,,,,,1,,,,DANGLINGTREE\administrator,Event_NS,
2026-06-06T03:51:27.804352Z,54,dc.danglingtree.htb,Microsoft-Windows-TerminalServices-LocalSessionManager,Microsoft-Windows-TerminalServices-LocalSessionManager/Operational,567,4,,,,,,,,,,,,,,
2026-06-06T03:56:50.207111Z,32,dc.danglingtree.htb,Microsoft-Windows-TerminalServices-LocalSessionManager,Microsoft-Windows-TerminalServices-LocalSessionManager/Operational,568,4,,,,,,,,,,,,,Event_NS,RDSAppXPlugin
2026-06-06T04:03:05.893827Z,54,dc.danglingtree.htb,Microsoft-Windows-TerminalServices-LocalSessionManager,Microsoft-Windows-TerminalServices-LocalSessionManager/Operational,569,4,,,,,,,,,,,,,,
2026-06-06T04:03:36.254122Z,32,dc.danglingtree.htb,Microsoft-Windows-TerminalServices-LocalSessionManager,Microsoft-Windows-TerminalServices-LocalSessionManager/Operational,570,4,,,,,,,,,,,,,Event_NS,RDSAppXPlugin
2026-06-06T04:04:44.928683Z,59,dc.danglingtree.htb,Microsoft-Windows-TerminalServices-LocalSessionManager,Microsoft-Windows-TerminalServices-LocalSessionManager/Operational,571,4,,"""LogonUI.exe"" /flags:0x2 /state0:0xa3bce055 /state1:0x41c64e6d",896,RpcGetCurrentSessionCapabilities,,,,,1,,,,Event_NS,
2026-06-06T04:04:44.985581Z,59,dc.danglingtree.htb,Microsoft-Windows-TerminalServices-LocalSessionManager,Microsoft-Windows-TerminalServices-LocalSessionManager/Operational,572,4,,"""LogonUI.exe"" /flags:0x2 /state0:0xa3bce055 /state1:0x41c64e6d",896,RpcGetCurrentSessionCapabilities,,,,,1,,,,Event_NS,
2026-06-06T04:04:45.408376Z,59,dc.danglingtree.htb,Microsoft-Windows-TerminalServices-LocalSessionManager,Microsoft-Windows-TerminalServices-LocalSessionManager/Operational,573,4,,"""LogonUI.exe"" /flags:0x2 /state0:0xa3bce055 /state1:0x41c64e6d",896,RpcGetCurrentSessionCapabilities,,,,,1,,,,Event_NS,
2026-06-06T04:04:45.930992Z,41,dc.danglingtree.htb,Microsoft-Windows-TerminalServices-LocalSessionManager,Microsoft-Windows-TerminalServices-LocalSessionManager/Operational,574,4,,,,,,,,1,,,,DANGLINGTREE\administrator,Event_NS,
2026-06-06T04:04:46.265357Z,42,dc.danglingtree.htb,Microsoft-Windows-TerminalServices-LocalSessionManager,Microsoft-Windows-TerminalServices-LocalSessionManager/Operational,575,4,,,,,,,,1,,,,DANGLINGTREE\administrator,Event_NS,
2026-06-06T04:04:48.550359Z,59,dc.danglingtree.htb,Microsoft-Windows-TerminalServices-LocalSessionManager,Microsoft-Windows-TerminalServices-LocalSessionManager/Operational,576,4,,C:\WINDOWS\system32\svchost.exe -k netsvcs -s CertPropSvc,1936,RpcGetCurrentSessionCapabilities,,,,,0,,,,Event_NS,
2026-06-06T04:04:48.592319Z,59,dc.danglingtree.htb,Microsoft-Windows-TerminalServices-LocalSessionManager,Microsoft-Windows-TerminalServices-LocalSessionManager/Operational,577,4,,C:\WINDOWS\system32\svchost.exe -k netsvcs -s CertPropSvc,1936,RpcGetCurrentSessionCapabilities,,,,,0,,,,Event_NS,
2026-06-06T04:04:48.637841Z,59,dc.danglingtree.htb,Microsoft-Windows-TerminalServices-LocalSessionManager,Microsoft-Windows-TerminalServices-LocalSessionManager/Operational,578,4,,C:\WINDOWS\system32\svchost.exe -k netsvcs -s CertPropSvc,1936,RpcGetCurrentSessionCapabilities,,,,,0,,,,Event_NS,
2026-06-06T04:04:48.967648Z,21,dc.danglingtree.htb,Microsoft-Windows-TerminalServices-LocalSessionManager,Microsoft-Windows-TerminalServices-LocalSessionManager/Operational,579,4,LOCAL,,,,,,,1,,,,DANGLINGTREE\administrator,Event_NS,
2026-06-06T04:04:50.759756Z,22,dc.danglingtree.htb,Microsoft-Windows-TerminalServices-LocalSessionManager,Microsoft-Windows-TerminalServices-LocalSessionManager/Operational,580,4,LOCAL,,,,,,,1,,,,DANGLINGTREE\administrator,Event_NS,
2026-06-06T05:39:38.462056Z,23,dc.danglingtree.htb,Microsoft-Windows-TerminalServices-LocalSessionManager,Microsoft-Windows-TerminalServices-LocalSessionManager/Operational,581,4,,,,,,,,1,,,,DANGLINGTREE\administrator,Event_NS,
2026-06-06T05:39:38.564454Z,54,dc.danglingtree.htb,Microsoft-Windows-TerminalServices-LocalSessionManager,Microsoft-Windows-TerminalServices-LocalSessionManager/Operational,582,4,,,,,,,,,,,,,,
