{"TimeGenerated": "2026-02-25T00:27:55.077469Z", "EventID": {"#attributes": {"Qualifiers": 16384}, "#text": 2406}, "Computer": "DC01.pirate.htb", "RawEvent": {"#attributes": {"xmlns": "http://schemas.microsoft.com/win/2004/08/events/event"}, "System": {"Provider": {"#attributes": {"Name": "Microsoft-Windows-ActiveDirectory_DomainService", "Guid": "{0e8478c5-3605-4e8c-8497-1e730c959516}", "EventSourceName": "NTDS General"}}, "EventID": {"#attributes": {"Qualifiers": 16384}, "#text": 2406}, "Version": 0, "Level": 4, "Task": 7, "Opcode": 0, "Keywords": "0x8080000000000000", "TimeCreated": {"#attributes": {"SystemTime": "2026-02-25T00:27:55.077469Z"}}, "EventRecordID": 836, "Correlation": {"#attributes": {"ActivityID": "90557E36-A5ED-0000-417F-5590EDA5DC01"}}, "Execution": {"#attributes": {"ProcessID": 696, "ThreadID": 700}}, "Channel": "Directory Service", "Computer": "DC01.pirate.htb", "Security": {"#attributes": {"UserID": "S-1-5-7"}}}, "EventData": {"Data": {"#text": "Recycle Bin Feature"}, "Binary": null}}},
{"TimeGenerated": "2026-02-25T00:27:55.077469Z", "EventID": {"#attributes": {"Qualifiers": 16384}, "#text": 2406}, "Computer": "DC01.pirate.htb", "RawEvent": {"#attributes": {"xmlns": "http://schemas.microsoft.com/win/2004/08/events/event"}, "System": {"Provider": {"#attributes": {"Name": "Microsoft-Windows-ActiveDirectory_DomainService", "Guid": "{0e8478c5-3605-4e8c-8497-1e730c959516}", "EventSourceName": "NTDS General"}}, "EventID": {"#attributes": {"Qualifiers": 16384}, "#text": 2406}, "Version": 0, "Level": 4, "Task": 7, "Opcode": 0, "Keywords": "0x8080000000000000", "TimeCreated": {"#attributes": {"SystemTime": "2026-02-25T00:27:55.077469Z"}}, "EventRecordID": 837, "Correlation": {"#attributes": {"ActivityID": "90557E36-A5ED-0000-417F-5590EDA5DC01"}}, "Execution": {"#attributes": {"ProcessID": 696, "ThreadID": 700}}, "Channel": "Directory Service", "Computer": "DC01.pirate.htb", "Security": {"#attributes": {"UserID": "S-1-5-7"}}}, "EventData": {"Data": {"#text": "Privileged Access Management Feature"}, "Binary": null}}},
{"TimeGenerated": "2026-02-25T00:27:55.077469Z", "EventID": {"#attributes": {"Qualifiers": 16384}, "#text": 2168}, "Computer": "DC01.pirate.htb", "RawEvent": {"#attributes": {"xmlns": "http://schemas.microsoft.com/win/2004/08/events/event"}, "System": {"Provider": {"#attributes": {"Name": "Microsoft-Windows-ActiveDirectory_DomainService", "Guid": "{0e8478c5-3605-4e8c-8497-1e730c959516}", "EventSourceName": "NTDS General"}}, "EventID": {"#attributes": {"Qualifiers": 16384}, "#text": 2168}, "Version": 0, "Level": 4, "Task": 7, "Opcode": 0, "Keywords": "0x8080000000000000", "TimeCreated": {"#attributes": {"SystemTime": "2026-02-25T00:27:55.077469Z"}}, "EventRecordID": 838, "Correlation": {"#attributes": {"ActivityID": "90557E36-A5ED-0000-417F-5590EDA5DC01"}}, "Execution": {"#attributes": {"ProcessID": 696, "ThreadID": 700}}, "Channel": "Directory Service", "Computer": "DC01.pirate.htb", "Security": {"#attributes": {"UserID": "S-1-5-7"}}}, "EventData": {"Data": {"#text": "5602668088684733218"}, "Binary": null}}},
{"TimeGenerated": "2026-02-25T00:27:55.077469Z", "EventID": {"#attributes": {"Qualifiers": 16384}, "#text": 2172}, "Computer": "DC01.pirate.htb", "RawEvent": {"#attributes": {"xmlns": "http://schemas.microsoft.com/win/2004/08/events/event"}, "System": {"Provider": {"#attributes": {"Name": "Microsoft-Windows-ActiveDirectory_DomainService", "Guid": "{0e8478c5-3605-4e8c-8497-1e730c959516}", "EventSourceName": "NTDS General"}}, "EventID": {"#attributes": {"Qualifiers": 16384}, "#text": 2172}, "Version": 0, "Level": 4, "Task": 7, "Opcode": 0, "Keywords": "0x8080000000000000", "TimeCreated": {"#attributes": {"SystemTime": "2026-02-25T00:27:55.077469Z"}}, "EventRecordID": 839, "Correlation": {"#attributes": {"ActivityID": "90557E36-A5ED-0000-417F-5590EDA5DC01"}}, "Execution": {"#attributes": {"ProcessID": 696, "ThreadID": 700}}, "Channel": "Directory Service", "Computer": "DC01.pirate.htb", "Security": {"#attributes": {"UserID": "S-1-5-7"}}}, "EventData": {"Data": {"#text": "5602668088684733218"}, "Binary": null}}},
{"TimeGenerated": "2026-02-25T00:27:55.093082Z", "EventID": {"#attributes": {"Qualifiers": 16384}, "#text": 2120}, "Computer": "DC01.pirate.htb", "RawEvent": {"#attributes": {"xmlns": "http://schemas.microsoft.com/win/2004/08/events/event"}, "System": {"Provider": {"#attributes": {"Name": "Microsoft-Windows-ActiveDirectory_DomainService", "Guid": "{0e8478c5-3605-4e8c-8497-1e730c959516}", "EventSourceName": "NTDS General"}}, "EventID": {"#attributes": {"Qualifiers": 16384}, "#text": 2120}, "Version": 0, "Level": 4, "Task": 7, "Opcode": 0, "Keywords": "0x8080000000000000", "TimeCreated": {"#attributes": {"SystemTime": "2026-02-25T00:27:55.093082Z"}}, "EventRecordID": 840, "Correlation": null, "Execution": {"#attributes": {"ProcessID": 696, "ThreadID": 856}}, "Channel": "Directory Service", "Computer": "DC01.pirate.htb", "Security": {"#attributes": {"UserID": "S-1-5-7"}}}, "EventData": {"Data": {"#text": ""}, "Binary": null}}},
{"TimeGenerated": "2026-02-25T00:27:55.093082Z", "EventID": {"#attributes": {"Qualifiers": 16384}, "#text": 2405}, "Computer": "DC01.pirate.htb", "RawEvent": {"#attributes": {"xmlns": "http://schemas.microsoft.com/win/2004/08/events/event"}, "System": {"Provider": {"#attributes": {"Name": "Microsoft-Windows-ActiveDirectory_DomainService", "Guid": "{0e8478c5-3605-4e8c-8497-1e730c959516}", "EventSourceName": "NTDS General"}}, "EventID": {"#attributes": {"Qualifiers": 16384}, "#text": 2405}, "Version": 0, "Level": 4, "Task": 7, "Opcode": 0, "Keywords": "0x8080000000000000", "TimeCreated": {"#attributes": {"SystemTime": "2026-02-25T00:27:55.093082Z"}}, "EventRecordID": 841, "Correlation": null, "Execution": {"#attributes": {"ProcessID": 696, "ThreadID": 856}}, "Channel": "Directory Service", "Computer": "DC01.pirate.htb", "Security": {"#attributes": {"UserID": "S-1-5-7"}}}, "EventData": {"Data": {"#text": "Recycle Bin Feature"}, "Binary": null}}},
{"TimeGenerated": "2026-02-25T00:27:55.093082Z", "EventID": {"#attributes": {"Qualifiers": 16384}, "#text": 2405}, "Computer": "DC01.pirate.htb", "RawEvent": {"#attributes": {"xmlns": "http://schemas.microsoft.com/win/2004/08/events/event"}, "System": {"Provider": {"#attributes": {"Name": "Microsoft-Windows-ActiveDirectory_DomainService", "Guid": "{0e8478c5-3605-4e8c-8497-1e730c959516}", "EventSourceName": "NTDS General"}}, "EventID": {"#attributes": {"Qualifiers": 16384}, "#text": 2405}, "Version": 0, "Level": 4, "Task": 7, "Opcode": 0, "Keywords": "0x8080000000000000", "TimeCreated": {"#attributes": {"SystemTime": "2026-02-25T00:27:55.093082Z"}}, "EventRecordID": 842, "Correlation": null, "Execution": {"#attributes": {"ProcessID": 696, "ThreadID": 856}}, "Channel": "Directory Service", "Computer": "DC01.pirate.htb", "Security": {"#attributes": {"UserID": "S-1-5-7"}}}, "EventData": {"Data": {"#text": "Privileged Access Management Feature"}, "Binary": null}}},
{"TimeGenerated": "2026-02-25T00:28:05.096485Z", "EventID": {"#attributes": {"Qualifiers": 32768}, "#text": 2886}, "Computer": "DC01.pirate.htb", "RawEvent": {"#attributes": {"xmlns": "http://schemas.microsoft.com/win/2004/08/events/event"}, "System": {"Provider": {"#attributes": {"Name": "Microsoft-Windows-ActiveDirectory_DomainService", "Guid": "{0e8478c5-3605-4e8c-8497-1e730c959516}", "EventSourceName": "NTDS General"}}, "EventID": {"#attributes": {"Qualifiers": 32768}, "#text": 2886}, "Version": 0, "Level": 3, "Task": 16, "Opcode": 0, "Keywords": "0x8080000000000000", "TimeCreated": {"#attributes": {"SystemTime": "2026-02-25T00:28:05.096485Z"}}, "EventRecordID": 843, "Correlation": null, "Execution": {"#attributes": {"ProcessID": 696, "ThreadID": 876}}, "Channel": "Directory Service", "Computer": "DC01.pirate.htb", "Security": {"#attributes": {"UserID": "S-1-5-7"}}}, "EventData": {"Data": {"#text": ""}, "Binary": null}}},
{"TimeGenerated": "2026-02-25T00:28:05.096485Z", "EventID": {"#attributes": {"Qualifiers": 32768}, "#text": 3041}, "Computer": "DC01.pirate.htb", "RawEvent": {"#attributes": {"xmlns": "http://schemas.microsoft.com/win/2004/08/events/event"}, "System": {"Provider": {"#attributes": {"Name": "Microsoft-Windows-ActiveDirectory_DomainService", "Guid": "{0e8478c5-3605-4e8c-8497-1e730c959516}", "EventSourceName": "NTDS General"}}, "EventID": {"#attributes": {"Qualifiers": 32768}, "#text": 3041}, "Version": 0, "Level": 3, "Task": 16, "Opcode": 0, "Keywords": "0x8080000000000000", "TimeCreated": {"#attributes": {"SystemTime": "2026-02-25T00:28:05.096485Z"}}, "EventRecordID": 844, "Correlation": null, "Execution": {"#attributes": {"ProcessID": 696, "ThreadID": 876}}, "Channel": "Directory Service", "Computer": "DC01.pirate.htb", "Security": {"#attributes": {"UserID": "S-1-5-7"}}}, "EventData": {"Data": {"#text": ""}, "Binary": null}}},
{"TimeGenerated": "2026-02-25T00:28:05.096485Z", "EventID": {"#attributes": {"Qualifiers": 16384}, "#text": 1000}, "Computer": "DC01.pirate.htb", "RawEvent": {"#attributes": {"xmlns": "http://schemas.microsoft.com/win/2004/08/events/event"}, "System": {"Provider": {"#attributes": {"Name": "Microsoft-Windows-ActiveDirectory_DomainService", "Guid": "{0e8478c5-3605-4e8c-8497-1e730c959516}", "EventSourceName": "NTDS General"}}, "EventID": {"#attributes": {"Qualifiers": 16384}, "#text": 1000}, "Version": 0, "Level": 4, "Task": 12, "Opcode": 0, "Keywords": "0x8080000000000000", "TimeCreated": {"#attributes": {"SystemTime": "2026-02-25T00:28:05.096485Z"}}, "EventRecordID": 845, "Correlation": null, "Execution": {"#attributes": {"ProcessID": 696, "ThreadID": 876}}, "Channel": "Directory Service", "Computer": "DC01.pirate.htb", "Security": {"#attributes": {"UserID": "S-1-5-7"}}}, "EventData": {"Data": {"#text": ""}, "Binary": null}}},
{"TimeGenerated": "2026-02-25T00:28:35.104951Z", "EventID": {"#attributes": {"Qualifiers": 16384}, "#text": 1394}, "Computer": "DC01.pirate.htb", "RawEvent": {"#attributes": {"xmlns": "http://schemas.microsoft.com/win/2004/08/events/event"}, "System": {"Provider": {"#attributes": {"Name": "Microsoft-Windows-ActiveDirectory_DomainService", "Guid": "{0e8478c5-3605-4e8c-8497-1e730c959516}", "EventSourceName": "NTDS General"}}, "EventID": {"#attributes": {"Qualifiers": 16384}, "#text": 1394}, "Version": 0, "Level": 4, "Task": 12, "Opcode": 0, "Keywords": "0x8080000000000000", "TimeCreated": {"#attributes": {"SystemTime": "2026-02-25T00:28:35.104951Z"}}, "EventRecordID": 846, "Correlation": null, "Execution": {"#attributes": {"ProcessID": 696, "ThreadID": 856}}, "Channel": "Directory Service", "Computer": "DC01.pirate.htb", "Security": {"#attributes": {"UserID": "S-1-5-7"}}}, "EventData": {"Data": {"#text": ""}, "Binary": null}}},
{"TimeGenerated": "2026-02-25T00:29:03.058011Z", "EventID": {"#attributes": {"Qualifiers": 16384}, "#text": 2179}, "Computer": "DC01.pirate.htb", "RawEvent": {"#attributes": {"xmlns": "http://schemas.microsoft.com/win/2004/08/events/event"}, "System": {"Provider": {"#attributes": {"Name": "Microsoft-Windows-ActiveDirectory_DomainService", "Guid": "{0e8478c5-3605-4e8c-8497-1e730c959516}", "EventSourceName": "NTDS General"}}, "EventID": {"#attributes": {"Qualifiers": 16384}, "#text": 2179}, "Version": 0, "Level": 4, "Task": 7, "Opcode": 0, "Keywords": "0x8080000000000000", "TimeCreated": {"#attributes": {"SystemTime": "2026-02-25T00:29:03.058011Z"}}, "EventRecordID": 847, "Correlation": null, "Execution": {"#attributes": {"ProcessID": 696, "ThreadID": 1384}}, "Channel": "Directory Service", "Computer": "DC01.pirate.htb", "Security": {"#attributes": {"UserID": "S-1-5-7"}}}, "EventData": {"Data": {"#text": "5602668088684733218"}, "Binary": null}}},
{"TimeGenerated": "2026-02-25T00:29:03.776762Z", "EventID": {"#attributes": {"Qualifiers": 16384}, "#text": 1004}, "Computer": "DC01.pirate.htb", "RawEvent": {"#attributes": {"xmlns": "http://schemas.microsoft.com/win/2004/08/events/event"}, "System": {"Provider": {"#attributes": {"Name": "Microsoft-Windows-ActiveDirectory_DomainService", "Guid": "{0e8478c5-3605-4e8c-8497-1e730c959516}", "EventSourceName": "NTDS General"}}, "EventID": {"#attributes": {"Qualifiers": 16384}, "#text": 1004}, "Version": 0, "Level": 4, "Task": 12, "Opcode": 0, "Keywords": "0x8080000000000000", "TimeCreated": {"#attributes": {"SystemTime": "2026-02-25T00:29:03.776762Z"}}, "EventRecordID": 848, "Correlation": null, "Execution": {"#attributes": {"ProcessID": 696, "ThreadID": 1384}}, "Channel": "Directory Service", "Computer": "DC01.pirate.htb", "Security": null}, "EventData": {"Data": {"#text": ""}, "Binary": null}}},
{"TimeGenerated": "2026-02-25T00:29:26.122404Z", "EventID": {"#attributes": {"Qualifiers": 32768}, "#text": 3051}, "Computer": "DC01.pirate.htb", "RawEvent": {"#attributes": {"xmlns": "http://schemas.microsoft.com/win/2004/08/events/event"}, "System": {"Provider": {"#attributes": {"Name": "Microsoft-Windows-ActiveDirectory_DomainService", "Guid": "{0e8478c5-3605-4e8c-8497-1e730c959516}", "EventSourceName": "NTDS General"}}, "EventID": {"#attributes": {"Qualifiers": 32768}, "#text": 3051}, "Version": 0, "Level": 3, "Task": 2, "Opcode": 0, "Keywords": "0x8080000000000000", "TimeCreated": {"#attributes": {"SystemTime": "2026-02-25T00:29:26.122404Z"}}, "EventRecordID": 849, "Correlation": {"#attributes": {"ActivityID": "C718AADD-A5ED-0000-00AC-18C7EDA5DC01"}}, "Execution": {"#attributes": {"ProcessID": 692, "ThreadID": 696}}, "Channel": "Directory Service", "Computer": "DC01.pirate.htb", "Security": {"#attributes": {"UserID": "S-1-5-7"}}}, "EventData": {"Data": {"#text": ""}, "Binary": null}}},
{"TimeGenerated": "2026-02-25T00:29:26.122404Z", "EventID": {"#attributes": {"Qualifiers": 32768}, "#text": 3054}, "Computer": "DC01.pirate.htb", "RawEvent": {"#attributes": {"xmlns": "http://schemas.microsoft.com/win/2004/08/events/event"}, "System": {"Provider": {"#attributes": {"Name": "Microsoft-Windows-ActiveDirectory_DomainService", "Guid": "{0e8478c5-3605-4e8c-8497-1e730c959516}", "EventSourceName": "NTDS General"}}, "EventID": {"#attributes": {"Qualifiers": 32768}, "#text": 3054}, "Version": 0, "Level": 3, "Task": 2, "Opcode": 0, "Keywords": "0x8080000000000000", "TimeCreated": {"#attributes": {"SystemTime": "2026-02-25T00:29:26.122404Z"}}, "EventRecordID": 850, "Correlation": {"#attributes": {"ActivityID": "C718AADD-A5ED-0000-00AC-18C7EDA5DC01"}}, "Execution": {"#attributes": {"ProcessID": 692, "ThreadID": 696}}, "Channel": "Directory Service", "Computer": "DC01.pirate.htb", "Security": {"#attributes": {"UserID": "S-1-5-7"}}}, "EventData": {"Data": {"#text": ""}, "Binary": null}}},
{"TimeGenerated": "2026-02-25T00:29:26.341154Z", "EventID": {"#attributes": {"Qualifiers": 16384}, "#text": 2121}, "Computer": "DC01.pirate.htb", "RawEvent": {"#attributes": {"xmlns": "http://schemas.microsoft.com/win/2004/08/events/event"}, "System": {"Provider": {"#attributes": {"Name": "Microsoft-Windows-ActiveDirectory_DomainService", "Guid": "{0e8478c5-3605-4e8c-8497-1e730c959516}", "EventSourceName": "NTDS General"}}, "EventID": {"#attributes": {"Qualifiers": 16384}, "#text": 2121}, "Version": 0, "Level": 4, "Task": 7, "Opcode": 0, "Keywords": "0x8080000000000000", "TimeCreated": {"#attributes": {"SystemTime": "2026-02-25T00:29:26.341154Z"}}, "EventRecordID": 851, "Correlation": {"#attributes": {"ActivityID": "C718AADD-A5ED-0000-00AC-18C7EDA5DC01"}}, "Execution": {"#attributes": {"ProcessID": 692, "ThreadID": 696}}, "Channel": "Directory Service", "Computer": "DC01.pirate.htb", "Security": {"#attributes": {"UserID": "S-1-5-7"}}}, "EventData": {"Data": {"#text": ""}, "Binary": null}}},
{"TimeGenerated": "2026-02-25T00:29:26.341154Z", "EventID": {"#attributes": {"Qualifiers": 16384}, "#text": 2406}, "Computer": "DC01.pirate.htb", "RawEvent": {"#attributes": {"xmlns": "http://schemas.microsoft.com/win/2004/08/events/event"}, "System": {"Provider": {"#attributes": {"Name": "Microsoft-Windows-ActiveDirectory_DomainService", "Guid": "{0e8478c5-3605-4e8c-8497-1e730c959516}", "EventSourceName": "NTDS General"}}, "EventID": {"#attributes": {"Qualifiers": 16384}, "#text": 2406}, "Version": 0, "Level": 4, "Task": 7, "Opcode": 0, "Keywords": "0x8080000000000000", "TimeCreated": {"#attributes": {"SystemTime": "2026-02-25T00:29:26.341154Z"}}, "EventRecordID": 852, "Correlation": {"#attributes": {"ActivityID": "C718AADD-A5ED-0000-00AC-18C7EDA5DC01"}}, "Execution": {"#attributes": {"ProcessID": 692, "ThreadID": 696}}, "Channel": "Directory Service", "Computer": "DC01.pirate.htb", "Security": {"#attributes": {"UserID": "S-1-5-7"}}}, "EventData": {"Data": {"#text": "Recycle Bin Feature"}, "Binary": null}}},
{"TimeGenerated": "2026-02-25T00:29:26.341154Z", "EventID": {"#attributes": {"Qualifiers": 16384}, "#text": 2406}, "Computer": "DC01.pirate.htb", "RawEvent": {"#attributes": {"xmlns": "http://schemas.microsoft.com/win/2004/08/events/event"}, "System": {"Provider": {"#attributes": {"Name": "Microsoft-Windows-ActiveDirectory_DomainService", "Guid": "{0e8478c5-3605-4e8c-8497-1e730c959516}", "EventSourceName": "NTDS General"}}, "EventID": {"#attributes": {"Qualifiers": 16384}, "#text": 2406}, "Version": 0, "Level": 4, "Task": 7, "Opcode": 0, "Keywords": "0x8080000000000000", "TimeCreated": {"#attributes": {"SystemTime": "2026-02-25T00:29:26.341154Z"}}, "EventRecordID": 853, "Correlation": {"#attributes": {"ActivityID": "C718AADD-A5ED-0000-00AC-18C7EDA5DC01"}}, "Execution": {"#attributes": {"ProcessID": 692, "ThreadID": 696}}, "Channel": "Directory Service", "Computer": "DC01.pirate.htb", "Security": {"#attributes": {"UserID": "S-1-5-7"}}}, "EventData": {"Data": {"#text": "Privileged Access Management Feature"}, "Binary": null}}},
{"TimeGenerated": "2026-02-25T00:29:26.341154Z", "EventID": {"#attributes": {"Qualifiers": 16384}, "#text": 2168}, "Computer": "DC01.pirate.htb", "RawEvent": {"#attributes": {"xmlns": "http://schemas.microsoft.com/win/2004/08/events/event"}, "System": {"Provider": {"#attributes": {"Name": "Microsoft-Windows-ActiveDirectory_DomainService", "Guid": "{0e8478c5-3605-4e8c-8497-1e730c959516}", "EventSourceName": "NTDS General"}}, "EventID": {"#attributes": {"Qualifiers": 16384}, "#text": 2168}, "Version": 0, "Level": 4, "Task": 7, "Opcode": 0, "Keywords": "0x8080000000000000", "TimeCreated": {"#attributes": {"SystemTime": "2026-02-25T00:29:26.341154Z"}}, "EventRecordID": 854, "Correlation": {"#attributes": {"ActivityID": "C718AADD-A5ED-0000-00AC-18C7EDA5DC01"}}, "Execution": {"#attributes": {"ProcessID": 692, "ThreadID": 696}}, "Channel": "Directory Service", "Computer": "DC01.pirate.htb", "Security": {"#attributes": {"UserID": "S-1-5-7"}}}, "EventData": {"Data": {"#text": "5602668088684733218"}, "Binary": null}}},
{"TimeGenerated": "2026-02-25T00:29:26.341154Z", "EventID": {"#attributes": {"Qualifiers": 16384}, "#text": 2172}, "Computer": "DC01.pirate.htb", "RawEvent": {"#attributes": {"xmlns": "http://schemas.microsoft.com/win/2004/08/events/event"}, "System": {"Provider": {"#attributes": {"Name": "Microsoft-Windows-ActiveDirectory_DomainService", "Guid": "{0e8478c5-3605-4e8c-8497-1e730c959516}", "EventSourceName": "NTDS General"}}, "EventID": {"#attributes": {"Qualifiers": 16384}, "#text": 2172}, "Version": 0, "Level": 4, "Task": 7, "Opcode": 0, "Keywords": "0x8080000000000000", "TimeCreated": {"#attributes": {"SystemTime": "2026-02-25T00:29:26.341154Z"}}, "EventRecordID": 855, "Correlation": {"#attributes": {"ActivityID": "C718AADD-A5ED-0000-00AC-18C7EDA5DC01"}}, "Execution": {"#attributes": {"ProcessID": 692, "ThreadID": 696}}, "Channel": "Directory Service", "Computer": "DC01.pirate.htb", "Security": {"#attributes": {"UserID": "S-1-5-7"}}}, "EventData": {"Data": {"#text": "5602668088684733218"}, "Binary": null}}},
{"TimeGenerated": "2026-02-25T00:29:26.356787Z", "EventID": {"#attributes": {"Qualifiers": 16384}, "#text": 2120}, "Computer": "DC01.pirate.htb", "RawEvent": {"#attributes": {"xmlns": "http://schemas.microsoft.com/win/2004/08/events/event"}, "System": {"Provider": {"#attributes": {"Name": "Microsoft-Windows-ActiveDirectory_DomainService", "Guid": "{0e8478c5-3605-4e8c-8497-1e730c959516}", "EventSourceName": "NTDS General"}}, "EventID": {"#attributes": {"Qualifiers": 16384}, "#text": 2120}, "Version": 0, "Level": 4, "Task": 7, "Opcode": 0, "Keywords": "0x8080000000000000", "TimeCreated": {"#attributes": {"SystemTime": "2026-02-25T00:29:26.356787Z"}}, "EventRecordID": 856, "Correlation": null, "Execution": {"#attributes": {"ProcessID": 692, "ThreadID": 856}}, "Channel": "Directory Service", "Computer": "DC01.pirate.htb", "Security": {"#attributes": {"UserID": "S-1-5-7"}}}, "EventData": {"Data": {"#text": ""}, "Binary": null}}},
{"TimeGenerated": "2026-02-25T00:29:26.356787Z", "EventID": {"#attributes": {"Qualifiers": 16384}, "#text": 2405}, "Computer": "DC01.pirate.htb", "RawEvent": {"#attributes": {"xmlns": "http://schemas.microsoft.com/win/2004/08/events/event"}, "System": {"Provider": {"#attributes": {"Name": "Microsoft-Windows-ActiveDirectory_DomainService", "Guid": "{0e8478c5-3605-4e8c-8497-1e730c959516}", "EventSourceName": "NTDS General"}}, "EventID": {"#attributes": {"Qualifiers": 16384}, "#text": 2405}, "Version": 0, "Level": 4, "Task": 7, "Opcode": 0, "Keywords": "0x8080000000000000", "TimeCreated": {"#attributes": {"SystemTime": "2026-02-25T00:29:26.356787Z"}}, "EventRecordID": 857, "Correlation": null, "Execution": {"#attributes": {"ProcessID": 692, "ThreadID": 856}}, "Channel": "Directory Service", "Computer": "DC01.pirate.htb", "Security": {"#attributes": {"UserID": "S-1-5-7"}}}, "EventData": {"Data": {"#text": "Recycle Bin Feature"}, "Binary": null}}},
{"TimeGenerated": "2026-02-25T00:29:26.356787Z", "EventID": {"#attributes": {"Qualifiers": 16384}, "#text": 2405}, "Computer": "DC01.pirate.htb", "RawEvent": {"#attributes": {"xmlns": "http://schemas.microsoft.com/win/2004/08/events/event"}, "System": {"Provider": {"#attributes": {"Name": "Microsoft-Windows-ActiveDirectory_DomainService", "Guid": "{0e8478c5-3605-4e8c-8497-1e730c959516}", "EventSourceName": "NTDS General"}}, "EventID": {"#attributes": {"Qualifiers": 16384}, "#text": 2405}, "Version": 0, "Level": 4, "Task": 7, "Opcode": 0, "Keywords": "0x8080000000000000", "TimeCreated": {"#attributes": {"SystemTime": "2026-02-25T00:29:26.356787Z"}}, "EventRecordID": 858, "Correlation": null, "Execution": {"#attributes": {"ProcessID": 692, "ThreadID": 856}}, "Channel": "Directory Service", "Computer": "DC01.pirate.htb", "Security": {"#attributes": {"UserID": "S-1-5-7"}}}, "EventData": {"Data": {"#text": "Privileged Access Management Feature"}, "Binary": null}}},
{"TimeGenerated": "2026-02-25T00:29:36.367226Z", "EventID": {"#attributes": {"Qualifiers": 32768}, "#text": 2886}, "Computer": "DC01.pirate.htb", "RawEvent": {"#attributes": {"xmlns": "http://schemas.microsoft.com/win/2004/08/events/event"}, "System": {"Provider": {"#attributes": {"Name": "Microsoft-Windows-ActiveDirectory_DomainService", "Guid": "{0e8478c5-3605-4e8c-8497-1e730c959516}", "EventSourceName": "NTDS General"}}, "EventID": {"#attributes": {"Qualifiers": 32768}, "#text": 2886}, "Version": 0, "Level": 3, "Task": 16, "Opcode": 0, "Keywords": "0x8080000000000000", "TimeCreated": {"#attributes": {"SystemTime": "2026-02-25T00:29:36.367226Z"}}, "EventRecordID": 859, "Correlation": null, "Execution": {"#attributes": {"ProcessID": 692, "ThreadID": 876}}, "Channel": "Directory Service", "Computer": "DC01.pirate.htb", "Security": {"#attributes": {"UserID": "S-1-5-7"}}}, "EventData": {"Data": {"#text": ""}, "Binary": null}}},
{"TimeGenerated": "2026-02-25T00:29:36.367226Z", "EventID": {"#attributes": {"Qualifiers": 32768}, "#text": 3041}, "Computer": "DC01.pirate.htb", "RawEvent": {"#attributes": {"xmlns": "http://schemas.microsoft.com/win/2004/08/events/event"}, "System": {"Provider": {"#attributes": {"Name": "Microsoft-Windows-ActiveDirectory_DomainService", "Guid": "{0e8478c5-3605-4e8c-8497-1e730c959516}", "EventSourceName": "NTDS General"}}, "EventID": {"#attributes": {"Qualifiers": 32768}, "#text": 3041}, "Version": 0, "Level": 3, "Task": 16, "Opcode": 0, "Keywords": "0x8080000000000000", "TimeCreated": {"#attributes": {"SystemTime": "2026-02-25T00:29:36.367226Z"}}, "EventRecordID": 860, "Correlation": null, "Execution": {"#attributes": {"ProcessID": 692, "ThreadID": 876}}, "Channel": "Directory Service", "Computer": "DC01.pirate.htb", "Security": {"#attributes": {"UserID": "S-1-5-7"}}}, "EventData": {"Data": {"#text": ""}, "Binary": null}}},
{"TimeGenerated": "2026-02-25T00:29:36.367226Z", "EventID": {"#attributes": {"Qualifiers": 16384}, "#text": 1000}, "Computer": "DC01.pirate.htb", "RawEvent": {"#attributes": {"xmlns": "http://schemas.microsoft.com/win/2004/08/events/event"}, "System": {"Provider": {"#attributes": {"Name": "Microsoft-Windows-ActiveDirectory_DomainService", "Guid": "{0e8478c5-3605-4e8c-8497-1e730c959516}", "EventSourceName": "NTDS General"}}, "EventID": {"#attributes": {"Qualifiers": 16384}, "#text": 1000}, "Version": 0, "Level": 4, "Task": 12, "Opcode": 0, "Keywords": "0x8080000000000000", "TimeCreated": {"#attributes": {"SystemTime": "2026-02-25T00:29:36.367226Z"}}, "EventRecordID": 861, "Correlation": null, "Execution": {"#attributes": {"ProcessID": 692, "ThreadID": 876}}, "Channel": "Directory Service", "Computer": "DC01.pirate.htb", "Security": {"#attributes": {"UserID": "S-1-5-7"}}}, "EventData": {"Data": {"#text": ""}, "Binary": null}}},
{"TimeGenerated": "2026-02-25T00:30:06.372346Z", "EventID": {"#attributes": {"Qualifiers": 16384}, "#text": 1394}, "Computer": "DC01.pirate.htb", "RawEvent": {"#attributes": {"xmlns": "http://schemas.microsoft.com/win/2004/08/events/event"}, "System": {"Provider": {"#attributes": {"Name": "Microsoft-Windows-ActiveDirectory_DomainService", "Guid": "{0e8478c5-3605-4e8c-8497-1e730c959516}", "EventSourceName": "NTDS General"}}, "EventID": {"#attributes": {"Qualifiers": 16384}, "#text": 1394}, "Version": 0, "Level": 4, "Task": 12, "Opcode": 0, "Keywords": "0x8080000000000000", "TimeCreated": {"#attributes": {"SystemTime": "2026-02-25T00:30:06.372346Z"}}, "EventRecordID": 862, "Correlation": null, "Execution": {"#attributes": {"ProcessID": 692, "ThreadID": 856}}, "Channel": "Directory Service", "Computer": "DC01.pirate.htb", "Security": {"#attributes": {"UserID": "S-1-5-7"}}}, "EventData": {"Data": {"#text": ""}, "Binary": null}}},
{"TimeGenerated": "2026-02-25T00:32:50.301667Z", "EventID": {"#attributes": {"Qualifiers": 32768}, "#text": 2947}, "Computer": "DC01.pirate.htb", "RawEvent": {"#attributes": {"xmlns": "http://schemas.microsoft.com/win/2004/08/events/event"}, "System": {"Provider": {"#attributes": {"Name": "Microsoft-Windows-ActiveDirectory_DomainService", "Guid": "{0e8478c5-3605-4e8c-8497-1e730c959516}", "EventSourceName": "NTDS General"}}, "EventID": {"#attributes": {"Qualifiers": 32768}, "#text": 2947}, "Version": 0, "Level": 3, "Task": 2, "Opcode": 0, "Keywords": "0x8080000000000000", "TimeCreated": {"#attributes": {"SystemTime": "2026-02-25T00:32:50.301667Z"}}, "EventRecordID": 863, "Correlation": null, "Execution": {"#attributes": {"ProcessID": 692, "ThreadID": 2172}}, "Channel": "Directory Service", "Computer": "DC01.pirate.htb", "Security": {"#attributes": {"UserID": "S-1-5-21-4107424128-4158083573-1300325248-3102"}}}, "EventData": {"Data": {"#text": ["CN=gMSA_ADFS_prod,CN=Managed Service Accounts,DC=pirate,DC=htb", "S-1-5-21-4107424128-4158083573-1300325248-3102", "192.168.100.2:49732", "8995"]}, "Binary": null}}},
{"TimeGenerated": "2026-02-25T00:32:50.441183Z", "EventID": {"#attributes": {"Qualifiers": 32768}, "#text": 2947}, "Computer": "DC01.pirate.htb", "RawEvent": {"#attributes": {"xmlns": "http://schemas.microsoft.com/win/2004/08/events/event"}, "System": {"Provider": {"#attributes": {"Name": "Microsoft-Windows-ActiveDirectory_DomainService", "Guid": "{0e8478c5-3605-4e8c-8497-1e730c959516}", "EventSourceName": "NTDS General"}}, "EventID": {"#attributes": {"Qualifiers": 32768}, "#text": 2947}, "Version": 0, "Level": 3, "Task": 2, "Opcode": 0, "Keywords": "0x8080000000000000", "TimeCreated": {"#attributes": {"SystemTime": "2026-02-25T00:32:50.441183Z"}}, "EventRecordID": 864, "Correlation": null, "Execution": {"#attributes": {"ProcessID": 692, "ThreadID": 2172}}, "Channel": "Directory Service", "Computer": "DC01.pirate.htb", "Security": {"#attributes": {"UserID": "S-1-5-21-4107424128-4158083573-1300325248-3102"}}}, "EventData": {"Data": {"#text": ["CN=gMSA_ADFS_prod,CN=Managed Service Accounts,DC=pirate,DC=htb", "S-1-5-21-4107424128-4158083573-1300325248-3102", "192.168.100.2:49737", "8995"]}, "Binary": null}}},
{"TimeGenerated": "2026-02-25T00:32:50.581833Z", "EventID": {"#attributes": {"Qualifiers": 32768}, "#text": 2947}, "Computer": "DC01.pirate.htb", "RawEvent": {"#attributes": {"xmlns": "http://schemas.microsoft.com/win/2004/08/events/event"}, "System": {"Provider": {"#attributes": {"Name": "Microsoft-Windows-ActiveDirectory_DomainService", "Guid": "{0e8478c5-3605-4e8c-8497-1e730c959516}", "EventSourceName": "NTDS General"}}, "EventID": {"#attributes": {"Qualifiers": 32768}, "#text": 2947}, "Version": 0, "Level": 3, "Task": 2, "Opcode": 0, "Keywords": "0x8080000000000000", "TimeCreated": {"#attributes": {"SystemTime": "2026-02-25T00:32:50.581833Z"}}, "EventRecordID": 865, "Correlation": null, "Execution": {"#attributes": {"ProcessID": 692, "ThreadID": 2172}}, "Channel": "Directory Service", "Computer": "DC01.pirate.htb", "Security": {"#attributes": {"UserID": "S-1-5-21-4107424128-4158083573-1300325248-3102"}}}, "EventData": {"Data": {"#text": ["CN=gMSA_ADFS_prod,CN=Managed Service Accounts,DC=pirate,DC=htb", "S-1-5-21-4107424128-4158083573-1300325248-3102", "192.168.100.2:49742", "8995"]}, "Binary": null}}},
{"TimeGenerated": "2026-02-25T00:32:50.724897Z", "EventID": {"#attributes": {"Qualifiers": 32768}, "#text": 2947}, "Computer": "DC01.pirate.htb", "RawEvent": {"#attributes": {"xmlns": "http://schemas.microsoft.com/win/2004/08/events/event"}, "System": {"Provider": {"#attributes": {"Name": "Microsoft-Windows-ActiveDirectory_DomainService", "Guid": "{0e8478c5-3605-4e8c-8497-1e730c959516}", "EventSourceName": "NTDS General"}}, "EventID": {"#attributes": {"Qualifiers": 32768}, "#text": 2947}, "Version": 0, "Level": 3, "Task": 2, "Opcode": 0, "Keywords": "0x8080000000000000", "TimeCreated": {"#attributes": {"SystemTime": "2026-02-25T00:32:50.724897Z"}}, "EventRecordID": 866, "Correlation": null, "Execution": {"#attributes": {"ProcessID": 692, "ThreadID": 2172}}, "Channel": "Directory Service", "Computer": "DC01.pirate.htb", "Security": {"#attributes": {"UserID": "S-1-5-21-4107424128-4158083573-1300325248-3102"}}}, "EventData": {"Data": {"#text": ["CN=gMSA_ADFS_prod,CN=Managed Service Accounts,DC=pirate,DC=htb", "S-1-5-21-4107424128-4158083573-1300325248-3102", "192.168.100.2:49747", "8995"]}, "Binary": null}}},
{"TimeGenerated": "2026-02-25T00:32:50.865393Z", "EventID": {"#attributes": {"Qualifiers": 32768}, "#text": 2947}, "Computer": "DC01.pirate.htb", "RawEvent": {"#attributes": {"xmlns": "http://schemas.microsoft.com/win/2004/08/events/event"}, "System": {"Provider": {"#attributes": {"Name": "Microsoft-Windows-ActiveDirectory_DomainService", "Guid": "{0e8478c5-3605-4e8c-8497-1e730c959516}", "EventSourceName": "NTDS General"}}, "EventID": {"#attributes": {"Qualifiers": 32768}, "#text": 2947}, "Version": 0, "Level": 3, "Task": 2, "Opcode": 0, "Keywords": "0x8080000000000000", "TimeCreated": {"#attributes": {"SystemTime": "2026-02-25T00:32:50.865393Z"}}, "EventRecordID": 867, "Correlation": null, "Execution": {"#attributes": {"ProcessID": 692, "ThreadID": 2172}}, "Channel": "Directory Service", "Computer": "DC01.pirate.htb", "Security": {"#attributes": {"UserID": "S-1-5-21-4107424128-4158083573-1300325248-3102"}}}, "EventData": {"Data": {"#text": ["CN=gMSA_ADFS_prod,CN=Managed Service Accounts,DC=pirate,DC=htb", "S-1-5-21-4107424128-4158083573-1300325248-3102", "192.168.100.2:49752", "8995"]}, "Binary": null}}},
{"TimeGenerated": "2026-02-25T00:44:36.722870Z", "EventID": {"#attributes": {"Qualifiers": 0}, "#text": 102}, "Computer": "DC01.pirate.htb", "RawEvent": {"#attributes": {"xmlns": "http://schemas.microsoft.com/win/2004/08/events/event"}, "System": {"Provider": {"#attributes": {"Name": "NTDS ISAM"}}, "EventID": {"#attributes": {"Qualifiers": 0}, "#text": 102}, "Level": 4, "Task": 1, "Keywords": "0x80000000000000", "TimeCreated": {"#attributes": {"SystemTime": "2026-02-25T00:44:36.722870Z"}}, "EventRecordID": 868, "Channel": "Directory Service", "Computer": "DC01.pirate.htb", "Security": null}, "EventData": {"Data": {"#text": ["NTDS", "692,P,98", "NTDSA: ", "0", "10", "00", "17763", "0000"]}, "Binary": null}}},
{"TimeGenerated": "2026-02-25T00:44:36.722870Z", "EventID": {"#attributes": {"Qualifiers": 0}, "#text": 105}, "Computer": "DC01.pirate.htb", "RawEvent": {"#attributes": {"xmlns": "http://schemas.microsoft.com/win/2004/08/events/event"}, "System": {"Provider": {"#attributes": {"Name": "NTDS ISAM"}}, "EventID": {"#attributes": {"Qualifiers": 0}, "#text": 105}, "Level": 4, "Task": 1, "Keywords": "0x80000000000000", "TimeCreated": {"#attributes": {"SystemTime": "2026-02-25T00:44:36.722870Z"}}, "EventRecordID": 869, "Channel": "Directory Service", "Computer": "DC01.pirate.htb", "Security": null}, "EventData": {"Data": {"#text": ["NTDS", "692,D,0", "NTDSA: ", "0", "0", "\n[1] 0.000701 +J(0) +M(C:0K, Fs:78, WS:300K # 0K, PF:2300K # 0K, P:2300K)\n[2] 0.000612 +J(0) +M(C:16K, Fs:124, WS:488K # 276K, PF:1136K # 632K, P:1136K)\n[3] 0.000023 +J(0) +M(C:0K, Fs:5, WS:20K # 20K, PF:64K # 64K, P:64K)\n[4] 0.010782 -0.000605 (1) WT +J(0) +M(C:0K, Fs:131, WS:444K # 444K, PF:5200K # 5200K, P:5200K)\n[5] 0.000349 +J(0) +M(C:0K, Fs:1, WS:4K # 4K, PF:0K # 0K, P:0K)\n[6] 0.004606 +J(0) +M(C:0K, Fs:20, WS:76K # 76K, PF:12K # 12K, P:12K)\n[7] 0.131597 -0.121369 (41) WT +J(0) +M(C:0K, Fs:2576, WS:10284K # 10284K, PF:10260K # 10260K, P:10260K)\n[8] -\n[9] -\n[10] -\n[11] -\n[12] -\n[13] 0.075272 -0.067211 (42) WT +J(CM:0, PgRf:0, Rd:0/0, Dy:0/0, Lg:616/1) +M(C:0K, Fs:7, WS:-10220K # 16K, PF:-10256K # 12K, P:-10256K)\n[14] 0.000025 +J(0) +M(C:0K, Fs:1, WS:4K # 0K, PF:0K # 0K, P:0K)\n[15] 0.000293 +J(0) +M(C:0K, Fs:206, WS:820K # 0K, PF:68K # 0K, P:68K)\n[16] 0.000404 -0.000194 (1) WT +J(0) +M(C:0K, Fs:2, WS:0K # 0K, PF:0K # 0K, P:0K).", ""]}, "Binary": null}}},
{"TimeGenerated": "2026-02-25T00:44:36.722870Z", "EventID": {"#attributes": {"Qualifiers": 0}, "#text": 326}, "Computer": "DC01.pirate.htb", "RawEvent": {"#attributes": {"xmlns": "http://schemas.microsoft.com/win/2004/08/events/event"}, "System": {"Provider": {"#attributes": {"Name": "NTDS ISAM"}}, "EventID": {"#attributes": {"Qualifiers": 0}, "#text": 326}, "Level": 4, "Task": 1, "Keywords": "0x80000000000000", "TimeCreated": {"#attributes": {"SystemTime": "2026-02-25T00:44:36.722870Z"}}, "EventRecordID": 870, "Channel": "Directory Service", "Computer": "DC01.pirate.htb", "Security": null}, "EventData": {"Data": {"#text": ["NTDS", "692,D,50", "NTDSA: ", "1", "C:\\Windows\\NTDS\\ntds.dit", "0", "\n[1] 0.000006 +J(0) +M(C:0K, Fs:1, WS:4K # 0K, PF:0K # 0K, P:0K)\n[2] 0.000769 -0.000557 (1) WT +J(0) +M(C:0K, Fs:19, WS:12K # 0K, PF:8K # 0K, P:8K)\n[3] 0.006281 -0.002310 (6) WT +J(CM:0, PgRf:0, Rd:0/0, Dy:0/0, Lg:3480/2) +M(C:0K, Fs:17, WS:60K # 0K, PF:124K # 0K, P:124K)\n[4] 0.000099 +J(0)\n[5] -\n[6] -\n[7] -\n[8] 0.002516 -0.000773 (2) CM -0.000461 (2) WT +J(CM:2, PgRf:2, Rd:4/2, Dy:0/0, Lg:0/0) +M(C:16K, Fs:49, WS:188K # 0K, PF:208K # 0K, P:208K)\n[9] 0.005309 -0.003422 (5) CM -0.003074 (5) WT +J(CM:5, PgRf:24, Rd:0/5, Dy:0/0, Lg:0/0) +M(C:-8K, Fs:27, WS:84K # 0K, PF:192K # 0K, P:192K)\n[10] 0.000984 -0.000780 (3) CM -0.000596 (3) WT +J(CM:3, PgRf:40, Rd:0/3, Dy:0/0, Lg:0/0) +M(C:-4K, Fs:4, WS:4K # 0K, PF:60K # 0K, P:60K)\n[11] 0.000015 +J(CM:0, PgRf:1, Rd:0/0, Dy:0/0, Lg:0/0) +M(C:0K, Fs:2, WS:8K # 0K, PF:0K # 0K, P:0K)\n[12] 0.000047 +J(CM:0, PgRf:42, Rd:0/0, Dy:0/0, Lg:0/0) +M(C:0K, Fs:1, WS:4K # 0K, PF:0K # 0K, P:0K)\n[13] 0.0 +J(0)\n[14] 0.0 +J(0)\n[15] 0.000005 +J(CM:0, PgRf:1, Rd:0/0, Dy:0/0, Lg:0/0).", "0 0", "lgposAttach = 00000002:09E2:0268"]}, "Binary": null}}},
{"TimeGenerated": "2026-02-25T00:44:36.722870Z", "EventID": {"#attributes": {"Qualifiers": 0}, "#text": 700}, "Computer": "DC01.pirate.htb", "RawEvent": {"#attributes": {"xmlns": "http://schemas.microsoft.com/win/2004/08/events/event"}, "System": {"Provider": {"#attributes": {"Name": "NTDS ISAM"}}, "EventID": {"#attributes": {"Qualifiers": 0}, "#text": 700}, "Level": 4, "Task": 10, "Keywords": "0x80000000000000", "TimeCreated": {"#attributes": {"SystemTime": "2026-02-25T00:44:36.722870Z"}}, "EventRecordID": 871, "Channel": "Directory Service", "Computer": "DC01.pirate.htb", "Security": null}, "EventData": {"Data": {"#text": ["NTDS", "692,D,0", "NTDSA: ", "C:\\Windows\\NTDS\\ntds.dit"]}, "Binary": null}}},
{"TimeGenerated": "2026-02-25T00:44:37.660382Z", "EventID": {"#attributes": {"Qualifiers": 0}, "#text": 701}, "Computer": "DC01.pirate.htb", "RawEvent": {"#attributes": {"xmlns": "http://schemas.microsoft.com/win/2004/08/events/event"}, "System": {"Provider": {"#attributes": {"Name": "NTDS ISAM"}}, "EventID": {"#attributes": {"Qualifiers": 0}, "#text": 701}, "Level": 4, "Task": 10, "Keywords": "0x80000000000000", "TimeCreated": {"#attributes": {"SystemTime": "2026-02-25T00:44:37.660382Z"}}, "EventRecordID": 872, "Channel": "Directory Service", "Computer": "DC01.pirate.htb", "Security": null}, "EventData": {"Data": {"#text": ["NTDS", "692,D,0", "NTDSA: ", "C:\\Windows\\NTDS\\ntds.dit", "0", "2/24/2026", "0", "1", "1", "17"]}, "Binary": null}}},
{"TimeGenerated": "2026-02-25T00:44:36.722870Z", "EventID": {"#attributes": {"Qualifiers": 16384}, "#text": 1869}, "Computer": "DC01.pirate.htb", "RawEvent": {"#attributes": {"xmlns": "http://schemas.microsoft.com/win/2004/08/events/event"}, "System": {"Provider": {"#attributes": {"Name": "Microsoft-Windows-ActiveDirectory_DomainService", "Guid": "{0e8478c5-3605-4e8c-8497-1e730c959516}", "EventSourceName": "NTDS General"}}, "EventID": {"#attributes": {"Qualifiers": 16384}, "#text": 1869}, "Version": 0, "Level": 4, "Task": 18, "Opcode": 0, "Keywords": "0x8080000000000000", "TimeCreated": {"#attributes": {"SystemTime": "2026-02-25T00:44:36.722870Z"}}, "EventRecordID": 873, "Correlation": null, "Execution": {"#attributes": {"ProcessID": 692, "ThreadID": 856}}, "Channel": "Directory Service", "Computer": "DC01.pirate.htb", "Security": {"#attributes": {"UserID": "S-1-5-7"}}}, "EventData": {"Data": {"#text": ["\\\\DC01.pirate.htb", "Default-First-Site-Name"]}, "Binary": null}}},
{"TimeGenerated": "2026-02-25T01:29:36.399947Z", "EventID": {"#attributes": {"Qualifiers": 32768}, "#text": 2089}, "Computer": "DC01.pirate.htb", "RawEvent": {"#attributes": {"xmlns": "http://schemas.microsoft.com/win/2004/08/events/event"}, "System": {"Provider": {"#attributes": {"Name": "Microsoft-Windows-ActiveDirectory_DomainService", "Guid": "{0e8478c5-3605-4e8c-8497-1e730c959516}", "EventSourceName": "NTDS General"}}, "EventID": {"#attributes": {"Qualifiers": 32768}, "#text": 2089}, "Version": 0, "Level": 3, "Task": 14, "Opcode": 0, "Keywords": "0x8080000000000000", "TimeCreated": {"#attributes": {"SystemTime": "2026-02-25T01:29:36.399947Z"}}, "EventRecordID": 874, "Correlation": null, "Execution": {"#attributes": {"ProcessID": 692, "ThreadID": 856}}, "Channel": "Directory Service", "Computer": "DC01.pirate.htb", "Security": {"#attributes": {"UserID": "S-1-5-7"}}}, "EventData": {"Data": {"#text": ["DC=pirate,DC=htb", "90", "System\\CurrentControlSet\\Services\\NTDS\\Parameters", "Backup Latency Threshold (days)"]}, "Binary": null}}},
{"TimeGenerated": "2026-02-25T01:29:36.399947Z", "EventID": {"#attributes": {"Qualifiers": 32768}, "#text": 2089}, "Computer": "DC01.pirate.htb", "RawEvent": {"#attributes": {"xmlns": "http://schemas.microsoft.com/win/2004/08/events/event"}, "System": {"Provider": {"#attributes": {"Name": "Microsoft-Windows-ActiveDirectory_DomainService", "Guid": "{0e8478c5-3605-4e8c-8497-1e730c959516}", "EventSourceName": "NTDS General"}}, "EventID": {"#attributes": {"Qualifiers": 32768}, "#text": 2089}, "Version": 0, "Level": 3, "Task": 14, "Opcode": 0, "Keywords": "0x8080000000000000", "TimeCreated": {"#attributes": {"SystemTime": "2026-02-25T01:29:36.399947Z"}}, "EventRecordID": 875, "Correlation": null, "Execution": {"#attributes": {"ProcessID": 692, "ThreadID": 856}}, "Channel": "Directory Service", "Computer": "DC01.pirate.htb", "Security": {"#attributes": {"UserID": "S-1-5-7"}}}, "EventData": {"Data": {"#text": ["CN=Configuration,DC=pirate,DC=htb", "90", "System\\CurrentControlSet\\Services\\NTDS\\Parameters", "Backup Latency Threshold (days)"]}, "Binary": null}}},
{"TimeGenerated": "2026-02-25T01:29:36.399947Z", "EventID": {"#attributes": {"Qualifiers": 32768}, "#text": 2089}, "Computer": "DC01.pirate.htb", "RawEvent": {"#attributes": {"xmlns": "http://schemas.microsoft.com/win/2004/08/events/event"}, "System": {"Provider": {"#attributes": {"Name": "Microsoft-Windows-ActiveDirectory_DomainService", "Guid": "{0e8478c5-3605-4e8c-8497-1e730c959516}", "EventSourceName": "NTDS General"}}, "EventID": {"#attributes": {"Qualifiers": 32768}, "#text": 2089}, "Version": 0, "Level": 3, "Task": 14, "Opcode": 0, "Keywords": "0x8080000000000000", "TimeCreated": {"#attributes": {"SystemTime": "2026-02-25T01:29:36.399947Z"}}, "EventRecordID": 876, "Correlation": null, "Execution": {"#attributes": {"ProcessID": 692, "ThreadID": 856}}, "Channel": "Directory Service", "Computer": "DC01.pirate.htb", "Security": {"#attributes": {"UserID": "S-1-5-7"}}}, "EventData": {"Data": {"#text": ["CN=Schema,CN=Configuration,DC=pirate,DC=htb", "90", "System\\CurrentControlSet\\Services\\NTDS\\Parameters", "Backup Latency Threshold (days)"]}, "Binary": null}}},
{"TimeGenerated": "2026-02-25T01:29:36.399947Z", "EventID": {"#attributes": {"Qualifiers": 32768}, "#text": 2089}, "Computer": "DC01.pirate.htb", "RawEvent": {"#attributes": {"xmlns": "http://schemas.microsoft.com/win/2004/08/events/event"}, "System": {"Provider": {"#attributes": {"Name": "Microsoft-Windows-ActiveDirectory_DomainService", "Guid": "{0e8478c5-3605-4e8c-8497-1e730c959516}", "EventSourceName": "NTDS General"}}, "EventID": {"#attributes": {"Qualifiers": 32768}, "#text": 2089}, "Version": 0, "Level": 3, "Task": 14, "Opcode": 0, "Keywords": "0x8080000000000000", "TimeCreated": {"#attributes": {"SystemTime": "2026-02-25T01:29:36.399947Z"}}, "EventRecordID": 877, "Correlation": null, "Execution": {"#attributes": {"ProcessID": 692, "ThreadID": 856}}, "Channel": "Directory Service", "Computer": "DC01.pirate.htb", "Security": {"#attributes": {"UserID": "S-1-5-7"}}}, "EventData": {"Data": {"#text": ["DC=DomainDnsZones,DC=pirate,DC=htb", "90", "System\\CurrentControlSet\\Services\\NTDS\\Parameters", "Backup Latency Threshold (days)"]}, "Binary": null}}},
{"TimeGenerated": "2026-02-25T01:29:36.399947Z", "EventID": {"#attributes": {"Qualifiers": 32768}, "#text": 2089}, "Computer": "DC01.pirate.htb", "RawEvent": {"#attributes": {"xmlns": "http://schemas.microsoft.com/win/2004/08/events/event"}, "System": {"Provider": {"#attributes": {"Name": "Microsoft-Windows-ActiveDirectory_DomainService", "Guid": "{0e8478c5-3605-4e8c-8497-1e730c959516}", "EventSourceName": "NTDS General"}}, "EventID": {"#attributes": {"Qualifiers": 32768}, "#text": 2089}, "Version": 0, "Level": 3, "Task": 14, "Opcode": 0, "Keywords": "0x8080000000000000", "TimeCreated": {"#attributes": {"SystemTime": "2026-02-25T01:29:36.399947Z"}}, "EventRecordID": 878, "Correlation": null, "Execution": {"#attributes": {"ProcessID": 692, "ThreadID": 856}}, "Channel": "Directory Service", "Computer": "DC01.pirate.htb", "Security": {"#attributes": {"UserID": "S-1-5-7"}}}, "EventData": {"Data": {"#text": ["DC=ForestDnsZones,DC=pirate,DC=htb", "90", "System\\CurrentControlSet\\Services\\NTDS\\Parameters", "Backup Latency Threshold (days)"]}, "Binary": null}}},
{"TimeGenerated": "2026-02-25T01:29:52.936702Z", "EventID": {"#attributes": {"Qualifiers": 16384}, "#text": 2179}, "Computer": "DC01.pirate.htb", "RawEvent": {"#attributes": {"xmlns": "http://schemas.microsoft.com/win/2004/08/events/event"}, "System": {"Provider": {"#attributes": {"Name": "Microsoft-Windows-ActiveDirectory_DomainService", "Guid": "{0e8478c5-3605-4e8c-8497-1e730c959516}", "EventSourceName": "NTDS General"}}, "EventID": {"#attributes": {"Qualifiers": 16384}, "#text": 2179}, "Version": 0, "Level": 4, "Task": 7, "Opcode": 0, "Keywords": "0x8080000000000000", "TimeCreated": {"#attributes": {"SystemTime": "2026-02-25T01:29:52.936702Z"}}, "EventRecordID": 879, "Correlation": null, "Execution": {"#attributes": {"ProcessID": 692, "ThreadID": 1440}}, "Channel": "Directory Service", "Computer": "DC01.pirate.htb", "Security": {"#attributes": {"UserID": "S-1-5-7"}}}, "EventData": {"Data": {"#text": "5602668088684733218"}, "Binary": null}}},
{"TimeGenerated": "2026-02-25T01:29:53.327325Z", "EventID": {"#attributes": {"Qualifiers": 16384}, "#text": 1004}, "Computer": "DC01.pirate.htb", "RawEvent": {"#attributes": {"xmlns": "http://schemas.microsoft.com/win/2004/08/events/event"}, "System": {"Provider": {"#attributes": {"Name": "Microsoft-Windows-ActiveDirectory_DomainService", "Guid": "{0e8478c5-3605-4e8c-8497-1e730c959516}", "EventSourceName": "NTDS General"}}, "EventID": {"#attributes": {"Qualifiers": 16384}, "#text": 1004}, "Version": 0, "Level": 4, "Task": 12, "Opcode": 0, "Keywords": "0x8080000000000000", "TimeCreated": {"#attributes": {"SystemTime": "2026-02-25T01:29:53.327325Z"}}, "EventRecordID": 880, "Correlation": null, "Execution": {"#attributes": {"ProcessID": 692, "ThreadID": 1440}}, "Channel": "Directory Service", "Computer": "DC01.pirate.htb", "Security": null}, "EventData": {"Data": {"#text": ""}, "Binary": null}}},
{"TimeGenerated": "2026-02-25T01:30:51.901873Z", "EventID": {"#attributes": {"Qualifiers": 32768}, "#text": 3051}, "Computer": "DC01.pirate.htb", "RawEvent": {"#attributes": {"xmlns": "http://schemas.microsoft.com/win/2004/08/events/event"}, "System": {"Provider": {"#attributes": {"Name": "Microsoft-Windows-ActiveDirectory_DomainService", "Guid": "{0e8478c5-3605-4e8c-8497-1e730c959516}", "EventSourceName": "NTDS General"}}, "EventID": {"#attributes": {"Qualifiers": 32768}, "#text": 3051}, "Version": 0, "Level": 3, "Task": 2, "Opcode": 0, "Keywords": "0x8080000000000000", "TimeCreated": {"#attributes": {"SystemTime": "2026-02-25T01:30:51.901873Z"}}, "EventRecordID": 881, "Correlation": {"#attributes": {"ActivityID": "5BD1B3A5-A5F6-0000-B9B4-D15BF6A5DC01"}}, "Execution": {"#attributes": {"ProcessID": 692, "ThreadID": 696}}, "Channel": "Directory Service", "Computer": "DC01.pirate.htb", "Security": {"#attributes": {"UserID": "S-1-5-7"}}}, "EventData": {"Data": {"#text": ""}, "Binary": null}}},
{"TimeGenerated": "2026-02-25T01:30:51.901873Z", "EventID": {"#attributes": {"Qualifiers": 32768}, "#text": 3054}, "Computer": "DC01.pirate.htb", "RawEvent": {"#attributes": {"xmlns": "http://schemas.microsoft.com/win/2004/08/events/event"}, "System": {"Provider": {"#attributes": {"Name": "Microsoft-Windows-ActiveDirectory_DomainService", "Guid": "{0e8478c5-3605-4e8c-8497-1e730c959516}", "EventSourceName": "NTDS General"}}, "EventID": {"#attributes": {"Qualifiers": 32768}, "#text": 3054}, "Version": 0, "Level": 3, "Task": 2, "Opcode": 0, "Keywords": "0x8080000000000000", "TimeCreated": {"#attributes": {"SystemTime": "2026-02-25T01:30:51.901873Z"}}, "EventRecordID": 882, "Correlation": {"#attributes": {"ActivityID": "5BD1B3A5-A5F6-0000-B9B4-D15BF6A5DC01"}}, "Execution": {"#attributes": {"ProcessID": 692, "ThreadID": 696}}, "Channel": "Directory Service", "Computer": "DC01.pirate.htb", "Security": {"#attributes": {"UserID": "S-1-5-7"}}}, "EventData": {"Data": {"#text": ""}, "Binary": null}}},
{"TimeGenerated": "2026-02-25T01:30:52.073739Z", "EventID": {"#attributes": {"Qualifiers": 16384}, "#text": 2121}, "Computer": "DC01.pirate.htb", "RawEvent": {"#attributes": {"xmlns": "http://schemas.microsoft.com/win/2004/08/events/event"}, "System": {"Provider": {"#attributes": {"Name": "Microsoft-Windows-ActiveDirectory_DomainService", "Guid": "{0e8478c5-3605-4e8c-8497-1e730c959516}", "EventSourceName": "NTDS General"}}, "EventID": {"#attributes": {"Qualifiers": 16384}, "#text": 2121}, "Version": 0, "Level": 4, "Task": 7, "Opcode": 0, "Keywords": "0x8080000000000000", "TimeCreated": {"#attributes": {"SystemTime": "2026-02-25T01:30:52.073739Z"}}, "EventRecordID": 883, "Correlation": {"#attributes": {"ActivityID": "5BD1B3A5-A5F6-0000-B9B4-D15BF6A5DC01"}}, "Execution": {"#attributes": {"ProcessID": 692, "ThreadID": 696}}, "Channel": "Directory Service", "Computer": "DC01.pirate.htb", "Security": {"#attributes": {"UserID": "S-1-5-7"}}}, "EventData": {"Data": {"#text": ""}, "Binary": null}}},
{"TimeGenerated": "2026-02-25T01:30:52.073739Z", "EventID": {"#attributes": {"Qualifiers": 16384}, "#text": 2406}, "Computer": "DC01.pirate.htb", "RawEvent": {"#attributes": {"xmlns": "http://schemas.microsoft.com/win/2004/08/events/event"}, "System": {"Provider": {"#attributes": {"Name": "Microsoft-Windows-ActiveDirectory_DomainService", "Guid": "{0e8478c5-3605-4e8c-8497-1e730c959516}", "EventSourceName": "NTDS General"}}, "EventID": {"#attributes": {"Qualifiers": 16384}, "#text": 2406}, "Version": 0, "Level": 4, "Task": 7, "Opcode": 0, "Keywords": "0x8080000000000000", "TimeCreated": {"#attributes": {"SystemTime": "2026-02-25T01:30:52.073739Z"}}, "EventRecordID": 884, "Correlation": {"#attributes": {"ActivityID": "5BD1B3A5-A5F6-0000-B9B4-D15BF6A5DC01"}}, "Execution": {"#attributes": {"ProcessID": 692, "ThreadID": 696}}, "Channel": "Directory Service", "Computer": "DC01.pirate.htb", "Security": {"#attributes": {"UserID": "S-1-5-7"}}}, "EventData": {"Data": {"#text": "Recycle Bin Feature"}, "Binary": null}}},
