{"TimeGenerated": "2025-06-08T20:13:08.001589Z", "EventID": {"#attributes": {"Qualifiers": 16384}, "#text": 2121}, "Computer": "DC01.pirate.htb", "RawEvent": {"#attributes": {"xmlns": "http://schemas.microsoft.com/win/2004/08/events/event"}, "System": {"Provider": {"#attributes": {"Name": "Microsoft-Windows-ActiveDirectory_DomainService", "Guid": "{0e8478c5-3605-4e8c-8497-1e730c959516}", "EventSourceName": "NTDS General"}}, "EventID": {"#attributes": {"Qualifiers": 16384}, "#text": 2121}, "Version": 0, "Level": 4, "Task": 7, "Opcode": 0, "Keywords": "0x8080000000000000", "TimeCreated": {"#attributes": {"SystemTime": "2025-06-08T20:13:08.001589Z"}}, "EventRecordID": 152, "Correlation": {"#attributes": {"ActivityID": "BC43D9F9-D8B1-0003-76DA-43BCB1D8DB01"}}, "Execution": {"#attributes": {"ProcessID": 748, "ThreadID": 752}}, "Channel": "Directory Service", "Computer": "DC01.pirate.htb", "Security": {"#attributes": {"UserID": "S-1-5-7"}}}, "EventData": {"Data": {"#text": ""}, "Binary": null}}},
{"TimeGenerated": "2025-06-08T20:13:08.001589Z", "EventID": {"#attributes": {"Qualifiers": 16384}, "#text": 2406}, "Computer": "DC01.pirate.htb", "RawEvent": {"#attributes": {"xmlns": "http://schemas.microsoft.com/win/2004/08/events/event"}, "System": {"Provider": {"#attributes": {"Name": "Microsoft-Windows-ActiveDirectory_DomainService", "Guid": "{0e8478c5-3605-4e8c-8497-1e730c959516}", "EventSourceName": "NTDS General"}}, "EventID": {"#attributes": {"Qualifiers": 16384}, "#text": 2406}, "Version": 0, "Level": 4, "Task": 7, "Opcode": 0, "Keywords": "0x8080000000000000", "TimeCreated": {"#attributes": {"SystemTime": "2025-06-08T20:13:08.001589Z"}}, "EventRecordID": 153, "Correlation": {"#attributes": {"ActivityID": "BC43D9F9-D8B1-0003-76DA-43BCB1D8DB01"}}, "Execution": {"#attributes": {"ProcessID": 748, "ThreadID": 752}}, "Channel": "Directory Service", "Computer": "DC01.pirate.htb", "Security": {"#attributes": {"UserID": "S-1-5-7"}}}, "EventData": {"Data": {"#text": "Recycle Bin Feature"}, "Binary": null}}},
{"TimeGenerated": "2025-06-08T20:13:08.001589Z", "EventID": {"#attributes": {"Qualifiers": 16384}, "#text": 2406}, "Computer": "DC01.pirate.htb", "RawEvent": {"#attributes": {"xmlns": "http://schemas.microsoft.com/win/2004/08/events/event"}, "System": {"Provider": {"#attributes": {"Name": "Microsoft-Windows-ActiveDirectory_DomainService", "Guid": "{0e8478c5-3605-4e8c-8497-1e730c959516}", "EventSourceName": "NTDS General"}}, "EventID": {"#attributes": {"Qualifiers": 16384}, "#text": 2406}, "Version": 0, "Level": 4, "Task": 7, "Opcode": 0, "Keywords": "0x8080000000000000", "TimeCreated": {"#attributes": {"SystemTime": "2025-06-08T20:13:08.001589Z"}}, "EventRecordID": 154, "Correlation": {"#attributes": {"ActivityID": "BC43D9F9-D8B1-0003-76DA-43BCB1D8DB01"}}, "Execution": {"#attributes": {"ProcessID": 748, "ThreadID": 752}}, "Channel": "Directory Service", "Computer": "DC01.pirate.htb", "Security": {"#attributes": {"UserID": "S-1-5-7"}}}, "EventData": {"Data": {"#text": "Privileged Access Management Feature"}, "Binary": null}}},
{"TimeGenerated": "2025-06-08T20:13:08.001589Z", "EventID": {"#attributes": {"Qualifiers": 16384}, "#text": 2168}, "Computer": "DC01.pirate.htb", "RawEvent": {"#attributes": {"xmlns": "http://schemas.microsoft.com/win/2004/08/events/event"}, "System": {"Provider": {"#attributes": {"Name": "Microsoft-Windows-ActiveDirectory_DomainService", "Guid": "{0e8478c5-3605-4e8c-8497-1e730c959516}", "EventSourceName": "NTDS General"}}, "EventID": {"#attributes": {"Qualifiers": 16384}, "#text": 2168}, "Version": 0, "Level": 4, "Task": 7, "Opcode": 0, "Keywords": "0x8080000000000000", "TimeCreated": {"#attributes": {"SystemTime": "2025-06-08T20:13:08.001589Z"}}, "EventRecordID": 155, "Correlation": {"#attributes": {"ActivityID": "BC43D9F9-D8B1-0003-76DA-43BCB1D8DB01"}}, "Execution": {"#attributes": {"ProcessID": 748, "ThreadID": 752}}, "Channel": "Directory Service", "Computer": "DC01.pirate.htb", "Security": {"#attributes": {"UserID": "S-1-5-7"}}}, "EventData": {"Data": {"#text": "12642428476323249751"}, "Binary": null}}},
{"TimeGenerated": "2025-06-08T20:13:08.001589Z", "EventID": {"#attributes": {"Qualifiers": 16384}, "#text": 2172}, "Computer": "DC01.pirate.htb", "RawEvent": {"#attributes": {"xmlns": "http://schemas.microsoft.com/win/2004/08/events/event"}, "System": {"Provider": {"#attributes": {"Name": "Microsoft-Windows-ActiveDirectory_DomainService", "Guid": "{0e8478c5-3605-4e8c-8497-1e730c959516}", "EventSourceName": "NTDS General"}}, "EventID": {"#attributes": {"Qualifiers": 16384}, "#text": 2172}, "Version": 0, "Level": 4, "Task": 7, "Opcode": 0, "Keywords": "0x8080000000000000", "TimeCreated": {"#attributes": {"SystemTime": "2025-06-08T20:13:08.001589Z"}}, "EventRecordID": 156, "Correlation": {"#attributes": {"ActivityID": "BC43D9F9-D8B1-0003-76DA-43BCB1D8DB01"}}, "Execution": {"#attributes": {"ProcessID": 748, "ThreadID": 752}}, "Channel": "Directory Service", "Computer": "DC01.pirate.htb", "Security": {"#attributes": {"UserID": "S-1-5-7"}}}, "EventData": {"Data": {"#text": "12642428476323249751"}, "Binary": null}}},
{"TimeGenerated": "2025-06-08T20:13:08.016196Z", "EventID": {"#attributes": {"Qualifiers": 16384}, "#text": 2405}, "Computer": "DC01.pirate.htb", "RawEvent": {"#attributes": {"xmlns": "http://schemas.microsoft.com/win/2004/08/events/event"}, "System": {"Provider": {"#attributes": {"Name": "Microsoft-Windows-ActiveDirectory_DomainService", "Guid": "{0e8478c5-3605-4e8c-8497-1e730c959516}", "EventSourceName": "NTDS General"}}, "EventID": {"#attributes": {"Qualifiers": 16384}, "#text": 2405}, "Version": 0, "Level": 4, "Task": 7, "Opcode": 0, "Keywords": "0x8080000000000000", "TimeCreated": {"#attributes": {"SystemTime": "2025-06-08T20:13:08.016196Z"}}, "EventRecordID": 157, "Correlation": null, "Execution": {"#attributes": {"ProcessID": 748, "ThreadID": 920}}, "Channel": "Directory Service", "Computer": "DC01.pirate.htb", "Security": {"#attributes": {"UserID": "S-1-5-7"}}}, "EventData": {"Data": {"#text": "Privileged Access Management Feature"}, "Binary": null}}},
{"TimeGenerated": "2025-06-08T20:13:08.016196Z", "EventID": {"#attributes": {"Qualifiers": 16384}, "#text": 2120}, "Computer": "DC01.pirate.htb", "RawEvent": {"#attributes": {"xmlns": "http://schemas.microsoft.com/win/2004/08/events/event"}, "System": {"Provider": {"#attributes": {"Name": "Microsoft-Windows-ActiveDirectory_DomainService", "Guid": "{0e8478c5-3605-4e8c-8497-1e730c959516}", "EventSourceName": "NTDS General"}}, "EventID": {"#attributes": {"Qualifiers": 16384}, "#text": 2120}, "Version": 0, "Level": 4, "Task": 7, "Opcode": 0, "Keywords": "0x8080000000000000", "TimeCreated": {"#attributes": {"SystemTime": "2025-06-08T20:13:08.016196Z"}}, "EventRecordID": 158, "Correlation": null, "Execution": {"#attributes": {"ProcessID": 748, "ThreadID": 920}}, "Channel": "Directory Service", "Computer": "DC01.pirate.htb", "Security": {"#attributes": {"UserID": "S-1-5-7"}}}, "EventData": {"Data": {"#text": ""}, "Binary": null}}},
{"TimeGenerated": "2025-06-08T20:13:08.016196Z", "EventID": {"#attributes": {"Qualifiers": 16384}, "#text": 2405}, "Computer": "DC01.pirate.htb", "RawEvent": {"#attributes": {"xmlns": "http://schemas.microsoft.com/win/2004/08/events/event"}, "System": {"Provider": {"#attributes": {"Name": "Microsoft-Windows-ActiveDirectory_DomainService", "Guid": "{0e8478c5-3605-4e8c-8497-1e730c959516}", "EventSourceName": "NTDS General"}}, "EventID": {"#attributes": {"Qualifiers": 16384}, "#text": 2405}, "Version": 0, "Level": 4, "Task": 7, "Opcode": 0, "Keywords": "0x8080000000000000", "TimeCreated": {"#attributes": {"SystemTime": "2025-06-08T20:13:08.016196Z"}}, "EventRecordID": 159, "Correlation": null, "Execution": {"#attributes": {"ProcessID": 748, "ThreadID": 920}}, "Channel": "Directory Service", "Computer": "DC01.pirate.htb", "Security": {"#attributes": {"UserID": "S-1-5-7"}}}, "EventData": {"Data": {"#text": "Recycle Bin Feature"}, "Binary": null}}},
{"TimeGenerated": "2025-06-08T20:13:18.029014Z", "EventID": {"#attributes": {"Qualifiers": 32768}, "#text": 2886}, "Computer": "DC01.pirate.htb", "RawEvent": {"#attributes": {"xmlns": "http://schemas.microsoft.com/win/2004/08/events/event"}, "System": {"Provider": {"#attributes": {"Name": "Microsoft-Windows-ActiveDirectory_DomainService", "Guid": "{0e8478c5-3605-4e8c-8497-1e730c959516}", "EventSourceName": "NTDS General"}}, "EventID": {"#attributes": {"Qualifiers": 32768}, "#text": 2886}, "Version": 0, "Level": 3, "Task": 16, "Opcode": 0, "Keywords": "0x8080000000000000", "TimeCreated": {"#attributes": {"SystemTime": "2025-06-08T20:13:18.029014Z"}}, "EventRecordID": 160, "Correlation": null, "Execution": {"#attributes": {"ProcessID": 748, "ThreadID": 940}}, "Channel": "Directory Service", "Computer": "DC01.pirate.htb", "Security": {"#attributes": {"UserID": "S-1-5-7"}}}, "EventData": {"Data": {"#text": ""}, "Binary": null}}},
{"TimeGenerated": "2025-06-08T20:13:18.029014Z", "EventID": {"#attributes": {"Qualifiers": 32768}, "#text": 3041}, "Computer": "DC01.pirate.htb", "RawEvent": {"#attributes": {"xmlns": "http://schemas.microsoft.com/win/2004/08/events/event"}, "System": {"Provider": {"#attributes": {"Name": "Microsoft-Windows-ActiveDirectory_DomainService", "Guid": "{0e8478c5-3605-4e8c-8497-1e730c959516}", "EventSourceName": "NTDS General"}}, "EventID": {"#attributes": {"Qualifiers": 32768}, "#text": 3041}, "Version": 0, "Level": 3, "Task": 16, "Opcode": 0, "Keywords": "0x8080000000000000", "TimeCreated": {"#attributes": {"SystemTime": "2025-06-08T20:13:18.029014Z"}}, "EventRecordID": 161, "Correlation": null, "Execution": {"#attributes": {"ProcessID": 748, "ThreadID": 940}}, "Channel": "Directory Service", "Computer": "DC01.pirate.htb", "Security": {"#attributes": {"UserID": "S-1-5-7"}}}, "EventData": {"Data": {"#text": ""}, "Binary": null}}},
{"TimeGenerated": "2025-06-08T20:13:18.029014Z", "EventID": {"#attributes": {"Qualifiers": 16384}, "#text": 1000}, "Computer": "DC01.pirate.htb", "RawEvent": {"#attributes": {"xmlns": "http://schemas.microsoft.com/win/2004/08/events/event"}, "System": {"Provider": {"#attributes": {"Name": "Microsoft-Windows-ActiveDirectory_DomainService", "Guid": "{0e8478c5-3605-4e8c-8497-1e730c959516}", "EventSourceName": "NTDS General"}}, "EventID": {"#attributes": {"Qualifiers": 16384}, "#text": 1000}, "Version": 0, "Level": 4, "Task": 12, "Opcode": 0, "Keywords": "0x8080000000000000", "TimeCreated": {"#attributes": {"SystemTime": "2025-06-08T20:13:18.029014Z"}}, "EventRecordID": 162, "Correlation": null, "Execution": {"#attributes": {"ProcessID": 748, "ThreadID": 940}}, "Channel": "Directory Service", "Computer": "DC01.pirate.htb", "Security": {"#attributes": {"UserID": "S-1-5-7"}}}, "EventData": {"Data": {"#text": ""}, "Binary": null}}},
{"TimeGenerated": "2025-06-08T20:13:35.440423Z", "EventID": {"#attributes": {"Qualifiers": 32768}, "#text": 1220}, "Computer": "DC01.pirate.htb", "RawEvent": {"#attributes": {"xmlns": "http://schemas.microsoft.com/win/2004/08/events/event"}, "System": {"Provider": {"#attributes": {"Name": "Microsoft-Windows-ActiveDirectory_DomainService", "Guid": "{0e8478c5-3605-4e8c-8497-1e730c959516}", "EventSourceName": "NTDS General"}}, "EventID": {"#attributes": {"Qualifiers": 32768}, "#text": 1220}, "Version": 0, "Level": 3, "Task": 16, "Opcode": 0, "Keywords": "0x8080000000000000", "TimeCreated": {"#attributes": {"SystemTime": "2025-06-08T20:13:35.440423Z"}}, "EventRecordID": 163, "Correlation": null, "Execution": {"#attributes": {"ProcessID": 748, "ThreadID": 920}}, "Channel": "Directory Service", "Computer": "DC01.pirate.htb", "Security": null}, "EventData": {"Data": {"#text": ["8009030e", "No credentials are available in the security package"]}, "Binary": null}}},
{"TimeGenerated": "2025-06-08T20:13:48.045408Z", "EventID": {"#attributes": {"Qualifiers": 16384}, "#text": 1394}, "Computer": "DC01.pirate.htb", "RawEvent": {"#attributes": {"xmlns": "http://schemas.microsoft.com/win/2004/08/events/event"}, "System": {"Provider": {"#attributes": {"Name": "Microsoft-Windows-ActiveDirectory_DomainService", "Guid": "{0e8478c5-3605-4e8c-8497-1e730c959516}", "EventSourceName": "NTDS General"}}, "EventID": {"#attributes": {"Qualifiers": 16384}, "#text": 1394}, "Version": 0, "Level": 4, "Task": 12, "Opcode": 0, "Keywords": "0x8080000000000000", "TimeCreated": {"#attributes": {"SystemTime": "2025-06-08T20:13:48.045408Z"}}, "EventRecordID": 164, "Correlation": null, "Execution": {"#attributes": {"ProcessID": 748, "ThreadID": 920}}, "Channel": "Directory Service", "Computer": "DC01.pirate.htb", "Security": {"#attributes": {"UserID": "S-1-5-7"}}}, "EventData": {"Data": {"#text": ""}, "Binary": null}}},
{"TimeGenerated": "2025-06-08T20:28:18.048595Z", "EventID": {"#attributes": {"Qualifiers": 16384}, "#text": 1869}, "Computer": "DC01.pirate.htb", "RawEvent": {"#attributes": {"xmlns": "http://schemas.microsoft.com/win/2004/08/events/event"}, "System": {"Provider": {"#attributes": {"Name": "Microsoft-Windows-ActiveDirectory_DomainService", "Guid": "{0e8478c5-3605-4e8c-8497-1e730c959516}", "EventSourceName": "NTDS General"}}, "EventID": {"#attributes": {"Qualifiers": 16384}, "#text": 1869}, "Version": 0, "Level": 4, "Task": 18, "Opcode": 0, "Keywords": "0x8080000000000000", "TimeCreated": {"#attributes": {"SystemTime": "2025-06-08T20:28:18.048595Z"}}, "EventRecordID": 165, "Correlation": null, "Execution": {"#attributes": {"ProcessID": 748, "ThreadID": 920}}, "Channel": "Directory Service", "Computer": "DC01.pirate.htb", "Security": {"#attributes": {"UserID": "S-1-5-7"}}}, "EventData": {"Data": {"#text": ["\\\\DC01.pirate.htb", "Default-First-Site-Name"]}, "Binary": null}}},
{"TimeGenerated": "2025-06-08T20:51:03.581922Z", "EventID": {"#attributes": {"Qualifiers": 32768}, "#text": 2170}, "Computer": "DC01.pirate.htb", "RawEvent": {"#attributes": {"xmlns": "http://schemas.microsoft.com/win/2004/08/events/event"}, "System": {"Provider": {"#attributes": {"Name": "Microsoft-Windows-ActiveDirectory_DomainService", "Guid": "{0e8478c5-3605-4e8c-8497-1e730c959516}", "EventSourceName": "NTDS General"}}, "EventID": {"#attributes": {"Qualifiers": 32768}, "#text": 2170}, "Version": 0, "Level": 3, "Task": 7, "Opcode": 0, "Keywords": "0x8080000000000000", "TimeCreated": {"#attributes": {"SystemTime": "2025-06-08T20:51:03.581922Z"}}, "EventRecordID": 166, "Correlation": {"#attributes": {"ActivityID": "BC43D9F9-D8B1-0003-76DA-43BCB1D8DB01"}}, "Execution": {"#attributes": {"ProcessID": 748, "ThreadID": 952}}, "Channel": "Directory Service", "Computer": "DC01.pirate.htb", "Security": {"#attributes": {"UserID": "S-1-5-18"}}}, "EventData": {"Data": {"#text": ["12642428476323249751", "8749664605566249663"]}, "Binary": null}}},
{"TimeGenerated": "2025-06-08T20:51:03.581922Z", "EventID": {"#attributes": {"Qualifiers": 16384}, "#text": 2181}, "Computer": "DC01.pirate.htb", "RawEvent": {"#attributes": {"xmlns": "http://schemas.microsoft.com/win/2004/08/events/event"}, "System": {"Provider": {"#attributes": {"Name": "Microsoft-Windows-ActiveDirectory_DomainService", "Guid": "{0e8478c5-3605-4e8c-8497-1e730c959516}", "EventSourceName": "NTDS General"}}, "EventID": {"#attributes": {"Qualifiers": 16384}, "#text": 2181}, "Version": 0, "Level": 4, "Task": 9, "Opcode": 0, "Keywords": "0x8080000000000000", "TimeCreated": {"#attributes": {"SystemTime": "2025-06-08T20:51:03.581922Z"}}, "EventRecordID": 167, "Correlation": {"#attributes": {"ActivityID": "BC43D9F9-D8B1-0003-76DA-43BCB1D8DB01"}}, "Execution": {"#attributes": {"ProcessID": 748, "ThreadID": 952}}, "Channel": "Directory Service", "Computer": "DC01.pirate.htb", "Security": {"#attributes": {"UserID": "S-1-5-18"}}}, "EventData": {"Data": {"#text": ""}, "Binary": null}}},
{"TimeGenerated": "2025-06-08T20:51:03.581922Z", "EventID": {"#attributes": {"Qualifiers": 16384}, "#text": 2204}, "Computer": "DC01.pirate.htb", "RawEvent": {"#attributes": {"xmlns": "http://schemas.microsoft.com/win/2004/08/events/event"}, "System": {"Provider": {"#attributes": {"Name": "Microsoft-Windows-ActiveDirectory_DomainService", "Guid": "{0e8478c5-3605-4e8c-8497-1e730c959516}", "EventSourceName": "NTDS General"}}, "EventID": {"#attributes": {"Qualifiers": 16384}, "#text": 2204}, "Version": 0, "Level": 4, "Task": 7, "Opcode": 0, "Keywords": "0x8080000000000000", "TimeCreated": {"#attributes": {"SystemTime": "2025-06-08T20:51:03.581922Z"}}, "EventRecordID": 168, "Correlation": {"#attributes": {"ActivityID": "BC43D9F9-D8B1-0003-76DA-43BCB1D8DB01"}}, "Execution": {"#attributes": {"ProcessID": 748, "ThreadID": 952}}, "Channel": "Directory Service", "Computer": "DC01.pirate.htb", "Security": {"#attributes": {"UserID": "S-1-5-18"}}}, "EventData": {"Data": {"#text": ""}, "Binary": null}}},
{"TimeGenerated": "2025-06-08T20:51:03.581922Z", "EventID": {"#attributes": {"Qualifiers": 16384}, "#text": 2181}, "Computer": "DC01.pirate.htb", "RawEvent": {"#attributes": {"xmlns": "http://schemas.microsoft.com/win/2004/08/events/event"}, "System": {"Provider": {"#attributes": {"Name": "Microsoft-Windows-ActiveDirectory_DomainService", "Guid": "{0e8478c5-3605-4e8c-8497-1e730c959516}", "EventSourceName": "NTDS General"}}, "EventID": {"#attributes": {"Qualifiers": 16384}, "#text": 2181}, "Version": 0, "Level": 4, "Task": 9, "Opcode": 0, "Keywords": "0x8080000000000000", "TimeCreated": {"#attributes": {"SystemTime": "2025-06-08T20:51:03.581922Z"}}, "EventRecordID": 169, "Correlation": null, "Execution": {"#attributes": {"ProcessID": 748, "ThreadID": 932}}, "Channel": "Directory Service", "Computer": "DC01.pirate.htb", "Security": {"#attributes": {"UserID": "S-1-5-7"}}}, "EventData": {"Data": {"#text": ""}, "Binary": null}}},
{"TimeGenerated": "2025-06-08T20:51:03.581922Z", "EventID": {"#attributes": {"Qualifiers": 16384}, "#text": 1109}, "Computer": "DC01.pirate.htb", "RawEvent": {"#attributes": {"xmlns": "http://schemas.microsoft.com/win/2004/08/events/event"}, "System": {"Provider": {"#attributes": {"Name": "Microsoft-Windows-ActiveDirectory_DomainService", "Guid": "{0e8478c5-3605-4e8c-8497-1e730c959516}", "EventSourceName": "NTDS General"}}, "EventID": {"#attributes": {"Qualifiers": 16384}, "#text": 1109}, "Version": 0, "Level": 4, "Task": 5, "Opcode": 0, "Keywords": "0x8080000000000000", "TimeCreated": {"#attributes": {"SystemTime": "2025-06-08T20:51:03.581922Z"}}, "EventRecordID": 170, "Correlation": {"#attributes": {"ActivityID": "BC43D9F9-D8B1-0003-76DA-43BCB1D8DB01"}}, "Execution": {"#attributes": {"ProcessID": 748, "ThreadID": 952}}, "Channel": "Directory Service", "Computer": "DC01.pirate.htb", "Security": {"#attributes": {"UserID": "S-1-5-18"}}}, "EventData": {"Data": {"#text": ["0ff4dbb7-2b2b-4fb9-8810-3d4fce216037", "5b773912-b0d7-4970-a7c7-e182f301714a", "28748"]}, "Binary": null}}},
{"TimeGenerated": "2025-06-08T20:51:03.581922Z", "EventID": {"#attributes": {"Qualifiers": 16384}, "#text": 2181}, "Computer": "DC01.pirate.htb", "RawEvent": {"#attributes": {"xmlns": "http://schemas.microsoft.com/win/2004/08/events/event"}, "System": {"Provider": {"#attributes": {"Name": "Microsoft-Windows-ActiveDirectory_DomainService", "Guid": "{0e8478c5-3605-4e8c-8497-1e730c959516}", "EventSourceName": "NTDS General"}}, "EventID": {"#attributes": {"Qualifiers": 16384}, "#text": 2181}, "Version": 0, "Level": 4, "Task": 9, "Opcode": 0, "Keywords": "0x8080000000000000", "TimeCreated": {"#attributes": {"SystemTime": "2025-06-08T20:51:03.581922Z"}}, "EventRecordID": 171, "Correlation": null, "Execution": {"#attributes": {"ProcessID": 748, "ThreadID": 920}}, "Channel": "Directory Service", "Computer": "DC01.pirate.htb", "Security": {"#attributes": {"UserID": "S-1-5-7"}}}, "EventData": {"Data": {"#text": ""}, "Binary": null}}},
{"TimeGenerated": "2025-06-08T20:51:03.581922Z", "EventID": {"#attributes": {"Qualifiers": 16384}, "#text": 2041}, "Computer": "DC01.pirate.htb", "RawEvent": {"#attributes": {"xmlns": "http://schemas.microsoft.com/win/2004/08/events/event"}, "System": {"Provider": {"#attributes": {"Name": "Microsoft-Windows-ActiveDirectory_DomainService", "Guid": "{0e8478c5-3605-4e8c-8497-1e730c959516}", "EventSourceName": "NTDS General"}}, "EventID": {"#attributes": {"Qualifiers": 16384}, "#text": 2041}, "Version": 0, "Level": 4, "Task": 9, "Opcode": 0, "Keywords": "0x8080000000000000", "TimeCreated": {"#attributes": {"SystemTime": "2025-06-08T20:51:03.581922Z"}}, "EventRecordID": 172, "Correlation": null, "Execution": {"#attributes": {"ProcessID": 748, "ThreadID": 952}}, "Channel": "Directory Service", "Computer": "DC01.pirate.htb", "Security": null}, "EventData": {"Data": {"#text": ["40000885", "1"]}, "Binary": null}}},
{"TimeGenerated": "2025-06-08T20:51:03.581922Z", "EventID": {"#attributes": {"Qualifiers": 16384}, "#text": 2179}, "Computer": "DC01.pirate.htb", "RawEvent": {"#attributes": {"xmlns": "http://schemas.microsoft.com/win/2004/08/events/event"}, "System": {"Provider": {"#attributes": {"Name": "Microsoft-Windows-ActiveDirectory_DomainService", "Guid": "{0e8478c5-3605-4e8c-8497-1e730c959516}", "EventSourceName": "NTDS General"}}, "EventID": {"#attributes": {"Qualifiers": 16384}, "#text": 2179}, "Version": 0, "Level": 4, "Task": 7, "Opcode": 0, "Keywords": "0x8080000000000000", "TimeCreated": {"#attributes": {"SystemTime": "2025-06-08T20:51:03.581922Z"}}, "EventRecordID": 173, "Correlation": null, "Execution": {"#attributes": {"ProcessID": 748, "ThreadID": 952}}, "Channel": "Directory Service", "Computer": "DC01.pirate.htb", "Security": {"#attributes": {"UserID": "S-1-5-18"}}}, "EventData": {"Data": {"#text": "8749664605566249663"}, "Binary": null}}},
{"TimeGenerated": "2025-06-08T20:51:03.581922Z", "EventID": {"#attributes": {"Qualifiers": 16384}, "#text": 2200}, "Computer": "DC01.pirate.htb", "RawEvent": {"#attributes": {"xmlns": "http://schemas.microsoft.com/win/2004/08/events/event"}, "System": {"Provider": {"#attributes": {"Name": "Microsoft-Windows-ActiveDirectory_DomainService", "Guid": "{0e8478c5-3605-4e8c-8497-1e730c959516}", "EventSourceName": "NTDS General"}}, "EventID": {"#attributes": {"Qualifiers": 16384}, "#text": 2200}, "Version": 0, "Level": 4, "Task": 7, "Opcode": 0, "Keywords": "0x8080000000000000", "TimeCreated": {"#attributes": {"SystemTime": "2025-06-08T20:51:03.581922Z"}}, "EventRecordID": 174, "Correlation": null, "Execution": {"#attributes": {"ProcessID": 748, "ThreadID": 6988}}, "Channel": "Directory Service", "Computer": "DC01.pirate.htb", "Security": null}, "EventData": {"Data": {"#text": ""}, "Binary": null}}},
{"TimeGenerated": "2025-06-08T20:51:03.581922Z", "EventID": {"#attributes": {"Qualifiers": 16384}, "#text": 2201}, "Computer": "DC01.pirate.htb", "RawEvent": {"#attributes": {"xmlns": "http://schemas.microsoft.com/win/2004/08/events/event"}, "System": {"Provider": {"#attributes": {"Name": "Microsoft-Windows-ActiveDirectory_DomainService", "Guid": "{0e8478c5-3605-4e8c-8497-1e730c959516}", "EventSourceName": "NTDS General"}}, "EventID": {"#attributes": {"Qualifiers": 16384}, "#text": 2201}, "Version": 0, "Level": 4, "Task": 7, "Opcode": 0, "Keywords": "0x8080000000000000", "TimeCreated": {"#attributes": {"SystemTime": "2025-06-08T20:51:03.581922Z"}}, "EventRecordID": 175, "Correlation": null, "Execution": {"#attributes": {"ProcessID": 748, "ThreadID": 6988}}, "Channel": "Directory Service", "Computer": "DC01.pirate.htb", "Security": null}, "EventData": {"Data": {"#text": ""}, "Binary": null}}},
{"TimeGenerated": "2025-06-08T20:51:04.612205Z", "EventID": {"#attributes": {"Qualifiers": 16384}, "#text": 2185}, "Computer": "DC01.pirate.htb", "RawEvent": {"#attributes": {"xmlns": "http://schemas.microsoft.com/win/2004/08/events/event"}, "System": {"Provider": {"#attributes": {"Name": "Microsoft-Windows-ActiveDirectory_DomainService", "Guid": "{0e8478c5-3605-4e8c-8497-1e730c959516}", "EventSourceName": "NTDS General"}}, "EventID": {"#attributes": {"Qualifiers": 16384}, "#text": 2185}, "Version": 0, "Level": 4, "Task": 7, "Opcode": 0, "Keywords": "0x8080000000000000", "TimeCreated": {"#attributes": {"SystemTime": "2025-06-08T20:51:04.612205Z"}}, "EventRecordID": 176, "Correlation": null, "Execution": {"#attributes": {"ProcessID": 748, "ThreadID": 6036}}, "Channel": "Directory Service", "Computer": "DC01.pirate.htb", "Security": null}, "EventData": {"Data": {"#text": "DFSR"}, "Binary": null}}},
{"TimeGenerated": "2025-06-08T20:51:04.612205Z", "EventID": {"#attributes": {"Qualifiers": 16384}, "#text": 2208}, "Computer": "DC01.pirate.htb", "RawEvent": {"#attributes": {"xmlns": "http://schemas.microsoft.com/win/2004/08/events/event"}, "System": {"Provider": {"#attributes": {"Name": "Microsoft-Windows-ActiveDirectory_DomainService", "Guid": "{0e8478c5-3605-4e8c-8497-1e730c959516}", "EventSourceName": "NTDS General"}}, "EventID": {"#attributes": {"Qualifiers": 16384}, "#text": 2208}, "Version": 0, "Level": 4, "Task": 7, "Opcode": 0, "Keywords": "0x8080000000000000", "TimeCreated": {"#attributes": {"SystemTime": "2025-06-08T20:51:04.612205Z"}}, "EventRecordID": 177, "Correlation": null, "Execution": {"#attributes": {"ProcessID": 748, "ThreadID": 6036}}, "Channel": "Directory Service", "Computer": "DC01.pirate.htb", "Security": null}, "EventData": {"Data": {"#text": ""}, "Binary": null}}},
{"TimeGenerated": "2025-06-08T20:51:06.646315Z", "EventID": {"#attributes": {"Qualifiers": 16384}, "#text": 2187}, "Computer": "DC01.pirate.htb", "RawEvent": {"#attributes": {"xmlns": "http://schemas.microsoft.com/win/2004/08/events/event"}, "System": {"Provider": {"#attributes": {"Name": "Microsoft-Windows-ActiveDirectory_DomainService", "Guid": "{0e8478c5-3605-4e8c-8497-1e730c959516}", "EventSourceName": "NTDS General"}}, "EventID": {"#attributes": {"Qualifiers": 16384}, "#text": 2187}, "Version": 0, "Level": 4, "Task": 7, "Opcode": 0, "Keywords": "0x8080000000000000", "TimeCreated": {"#attributes": {"SystemTime": "2025-06-08T20:51:06.646315Z"}}, "EventRecordID": 178, "Correlation": null, "Execution": {"#attributes": {"ProcessID": 748, "ThreadID": 6036}}, "Channel": "Directory Service", "Computer": "DC01.pirate.htb", "Security": null}, "EventData": {"Data": {"#text": "DFSR"}, "Binary": null}}},
{"TimeGenerated": "2025-06-08T21:30:40.451411Z", "EventID": {"#attributes": {"Qualifiers": 32768}, "#text": 2170}, "Computer": "DC01.pirate.htb", "RawEvent": {"#attributes": {"xmlns": "http://schemas.microsoft.com/win/2004/08/events/event"}, "System": {"Provider": {"#attributes": {"Name": "Microsoft-Windows-ActiveDirectory_DomainService", "Guid": "{0e8478c5-3605-4e8c-8497-1e730c959516}", "EventSourceName": "NTDS General"}}, "EventID": {"#attributes": {"Qualifiers": 32768}, "#text": 2170}, "Version": 0, "Level": 3, "Task": 7, "Opcode": 0, "Keywords": "0x8080000000000000", "TimeCreated": {"#attributes": {"SystemTime": "2025-06-08T21:30:40.451411Z"}}, "EventRecordID": 179, "Correlation": {"#attributes": {"ActivityID": "BC43D9F9-D8B1-0002-8D79-45BCB1D8DB01"}}, "Execution": {"#attributes": {"ProcessID": 748, "ThreadID": 952}}, "Channel": "Directory Service", "Computer": "DC01.pirate.htb", "Security": {"#attributes": {"UserID": "S-1-5-18"}}}, "EventData": {"Data": {"#text": ["8749664605566249663", "1895239148686277639"]}, "Binary": null}}},
{"TimeGenerated": "2025-06-08T21:30:40.451411Z", "EventID": {"#attributes": {"Qualifiers": 16384}, "#text": 2181}, "Computer": "DC01.pirate.htb", "RawEvent": {"#attributes": {"xmlns": "http://schemas.microsoft.com/win/2004/08/events/event"}, "System": {"Provider": {"#attributes": {"Name": "Microsoft-Windows-ActiveDirectory_DomainService", "Guid": "{0e8478c5-3605-4e8c-8497-1e730c959516}", "EventSourceName": "NTDS General"}}, "EventID": {"#attributes": {"Qualifiers": 16384}, "#text": 2181}, "Version": 0, "Level": 4, "Task": 9, "Opcode": 0, "Keywords": "0x8080000000000000", "TimeCreated": {"#attributes": {"SystemTime": "2025-06-08T21:30:40.451411Z"}}, "EventRecordID": 180, "Correlation": {"#attributes": {"ActivityID": "BC43D9F9-D8B1-0002-8D79-45BCB1D8DB01"}}, "Execution": {"#attributes": {"ProcessID": 748, "ThreadID": 952}}, "Channel": "Directory Service", "Computer": "DC01.pirate.htb", "Security": {"#attributes": {"UserID": "S-1-5-18"}}}, "EventData": {"Data": {"#text": ""}, "Binary": null}}},
{"TimeGenerated": "2025-06-08T21:30:40.451411Z", "EventID": {"#attributes": {"Qualifiers": 16384}, "#text": 2204}, "Computer": "DC01.pirate.htb", "RawEvent": {"#attributes": {"xmlns": "http://schemas.microsoft.com/win/2004/08/events/event"}, "System": {"Provider": {"#attributes": {"Name": "Microsoft-Windows-ActiveDirectory_DomainService", "Guid": "{0e8478c5-3605-4e8c-8497-1e730c959516}", "EventSourceName": "NTDS General"}}, "EventID": {"#attributes": {"Qualifiers": 16384}, "#text": 2204}, "Version": 0, "Level": 4, "Task": 7, "Opcode": 0, "Keywords": "0x8080000000000000", "TimeCreated": {"#attributes": {"SystemTime": "2025-06-08T21:30:40.451411Z"}}, "EventRecordID": 181, "Correlation": {"#attributes": {"ActivityID": "BC43D9F9-D8B1-0002-8D79-45BCB1D8DB01"}}, "Execution": {"#attributes": {"ProcessID": 748, "ThreadID": 952}}, "Channel": "Directory Service", "Computer": "DC01.pirate.htb", "Security": {"#attributes": {"UserID": "S-1-5-18"}}}, "EventData": {"Data": {"#text": ""}, "Binary": null}}},
{"TimeGenerated": "2025-06-08T21:30:40.451411Z", "EventID": {"#attributes": {"Qualifiers": 16384}, "#text": 1109}, "Computer": "DC01.pirate.htb", "RawEvent": {"#attributes": {"xmlns": "http://schemas.microsoft.com/win/2004/08/events/event"}, "System": {"Provider": {"#attributes": {"Name": "Microsoft-Windows-ActiveDirectory_DomainService", "Guid": "{0e8478c5-3605-4e8c-8497-1e730c959516}", "EventSourceName": "NTDS General"}}, "EventID": {"#attributes": {"Qualifiers": 16384}, "#text": 1109}, "Version": 0, "Level": 4, "Task": 5, "Opcode": 0, "Keywords": "0x8080000000000000", "TimeCreated": {"#attributes": {"SystemTime": "2025-06-08T21:30:40.451411Z"}}, "EventRecordID": 182, "Correlation": {"#attributes": {"ActivityID": "BC43D9F9-D8B1-0002-8D79-45BCB1D8DB01"}}, "Execution": {"#attributes": {"ProcessID": 748, "ThreadID": 952}}, "Channel": "Directory Service", "Computer": "DC01.pirate.htb", "Security": {"#attributes": {"UserID": "S-1-5-18"}}}, "EventData": {"Data": {"#text": ["5b773912-b0d7-4970-a7c7-e182f301714a", "6eb9e6cd-6f36-41c8-b40c-55e066f980ba", "28817"]}, "Binary": null}}},
{"TimeGenerated": "2025-06-08T21:30:40.451411Z", "EventID": {"#attributes": {"Qualifiers": 16384}, "#text": 2181}, "Computer": "DC01.pirate.htb", "RawEvent": {"#attributes": {"xmlns": "http://schemas.microsoft.com/win/2004/08/events/event"}, "System": {"Provider": {"#attributes": {"Name": "Microsoft-Windows-ActiveDirectory_DomainService", "Guid": "{0e8478c5-3605-4e8c-8497-1e730c959516}", "EventSourceName": "NTDS General"}}, "EventID": {"#attributes": {"Qualifiers": 16384}, "#text": 2181}, "Version": 0, "Level": 4, "Task": 9, "Opcode": 0, "Keywords": "0x8080000000000000", "TimeCreated": {"#attributes": {"SystemTime": "2025-06-08T21:30:40.451411Z"}}, "EventRecordID": 183, "Correlation": null, "Execution": {"#attributes": {"ProcessID": 748, "ThreadID": 920}}, "Channel": "Directory Service", "Computer": "DC01.pirate.htb", "Security": {"#attributes": {"UserID": "S-1-5-7"}}}, "EventData": {"Data": {"#text": ""}, "Binary": null}}},
{"TimeGenerated": "2025-06-08T21:30:40.451411Z", "EventID": {"#attributes": {"Qualifiers": 16384}, "#text": 2041}, "Computer": "DC01.pirate.htb", "RawEvent": {"#attributes": {"xmlns": "http://schemas.microsoft.com/win/2004/08/events/event"}, "System": {"Provider": {"#attributes": {"Name": "Microsoft-Windows-ActiveDirectory_DomainService", "Guid": "{0e8478c5-3605-4e8c-8497-1e730c959516}", "EventSourceName": "NTDS General"}}, "EventID": {"#attributes": {"Qualifiers": 16384}, "#text": 2041}, "Version": 0, "Level": 4, "Task": 9, "Opcode": 0, "Keywords": "0x8080000000000000", "TimeCreated": {"#attributes": {"SystemTime": "2025-06-08T21:30:40.451411Z"}}, "EventRecordID": 184, "Correlation": null, "Execution": {"#attributes": {"ProcessID": 748, "ThreadID": 952}}, "Channel": "Directory Service", "Computer": "DC01.pirate.htb", "Security": null}, "EventData": {"Data": {"#text": ["40000885", "2"]}, "Binary": null}}},
{"TimeGenerated": "2025-06-08T21:30:40.451411Z", "EventID": {"#attributes": {"Qualifiers": 16384}, "#text": 2179}, "Computer": "DC01.pirate.htb", "RawEvent": {"#attributes": {"xmlns": "http://schemas.microsoft.com/win/2004/08/events/event"}, "System": {"Provider": {"#attributes": {"Name": "Microsoft-Windows-ActiveDirectory_DomainService", "Guid": "{0e8478c5-3605-4e8c-8497-1e730c959516}", "EventSourceName": "NTDS General"}}, "EventID": {"#attributes": {"Qualifiers": 16384}, "#text": 2179}, "Version": 0, "Level": 4, "Task": 7, "Opcode": 0, "Keywords": "0x8080000000000000", "TimeCreated": {"#attributes": {"SystemTime": "2025-06-08T21:30:40.451411Z"}}, "EventRecordID": 185, "Correlation": null, "Execution": {"#attributes": {"ProcessID": 748, "ThreadID": 952}}, "Channel": "Directory Service", "Computer": "DC01.pirate.htb", "Security": {"#attributes": {"UserID": "S-1-5-18"}}}, "EventData": {"Data": {"#text": "1895239148686277639"}, "Binary": null}}},
{"TimeGenerated": "2025-06-08T21:30:40.451411Z", "EventID": {"#attributes": {"Qualifiers": 16384}, "#text": 2200}, "Computer": "DC01.pirate.htb", "RawEvent": {"#attributes": {"xmlns": "http://schemas.microsoft.com/win/2004/08/events/event"}, "System": {"Provider": {"#attributes": {"Name": "Microsoft-Windows-ActiveDirectory_DomainService", "Guid": "{0e8478c5-3605-4e8c-8497-1e730c959516}", "EventSourceName": "NTDS General"}}, "EventID": {"#attributes": {"Qualifiers": 16384}, "#text": 2200}, "Version": 0, "Level": 4, "Task": 7, "Opcode": 0, "Keywords": "0x8080000000000000", "TimeCreated": {"#attributes": {"SystemTime": "2025-06-08T21:30:40.451411Z"}}, "EventRecordID": 186, "Correlation": null, "Execution": {"#attributes": {"ProcessID": 748, "ThreadID": 4368}}, "Channel": "Directory Service", "Computer": "DC01.pirate.htb", "Security": null}, "EventData": {"Data": {"#text": ""}, "Binary": null}}},
{"TimeGenerated": "2025-06-08T21:30:40.451411Z", "EventID": {"#attributes": {"Qualifiers": 16384}, "#text": 2201}, "Computer": "DC01.pirate.htb", "RawEvent": {"#attributes": {"xmlns": "http://schemas.microsoft.com/win/2004/08/events/event"}, "System": {"Provider": {"#attributes": {"Name": "Microsoft-Windows-ActiveDirectory_DomainService", "Guid": "{0e8478c5-3605-4e8c-8497-1e730c959516}", "EventSourceName": "NTDS General"}}, "EventID": {"#attributes": {"Qualifiers": 16384}, "#text": 2201}, "Version": 0, "Level": 4, "Task": 7, "Opcode": 0, "Keywords": "0x8080000000000000", "TimeCreated": {"#attributes": {"SystemTime": "2025-06-08T21:30:40.451411Z"}}, "EventRecordID": 187, "Correlation": null, "Execution": {"#attributes": {"ProcessID": 748, "ThreadID": 4368}}, "Channel": "Directory Service", "Computer": "DC01.pirate.htb", "Security": null}, "EventData": {"Data": {"#text": ""}, "Binary": null}}},
{"TimeGenerated": "2025-06-08T21:30:41.462960Z", "EventID": {"#attributes": {"Qualifiers": 16384}, "#text": 2185}, "Computer": "DC01.pirate.htb", "RawEvent": {"#attributes": {"xmlns": "http://schemas.microsoft.com/win/2004/08/events/event"}, "System": {"Provider": {"#attributes": {"Name": "Microsoft-Windows-ActiveDirectory_DomainService", "Guid": "{0e8478c5-3605-4e8c-8497-1e730c959516}", "EventSourceName": "NTDS General"}}, "EventID": {"#attributes": {"Qualifiers": 16384}, "#text": 2185}, "Version": 0, "Level": 4, "Task": 7, "Opcode": 0, "Keywords": "0x8080000000000000", "TimeCreated": {"#attributes": {"SystemTime": "2025-06-08T21:30:41.462960Z"}}, "EventRecordID": 188, "Correlation": null, "Execution": {"#attributes": {"ProcessID": 748, "ThreadID": 5432}}, "Channel": "Directory Service", "Computer": "DC01.pirate.htb", "Security": null}, "EventData": {"Data": {"#text": "DFSR"}, "Binary": null}}},
{"TimeGenerated": "2025-06-08T21:30:41.462960Z", "EventID": {"#attributes": {"Qualifiers": 16384}, "#text": 2208}, "Computer": "DC01.pirate.htb", "RawEvent": {"#attributes": {"xmlns": "http://schemas.microsoft.com/win/2004/08/events/event"}, "System": {"Provider": {"#attributes": {"Name": "Microsoft-Windows-ActiveDirectory_DomainService", "Guid": "{0e8478c5-3605-4e8c-8497-1e730c959516}", "EventSourceName": "NTDS General"}}, "EventID": {"#attributes": {"Qualifiers": 16384}, "#text": 2208}, "Version": 0, "Level": 4, "Task": 7, "Opcode": 0, "Keywords": "0x8080000000000000", "TimeCreated": {"#attributes": {"SystemTime": "2025-06-08T21:30:41.462960Z"}}, "EventRecordID": 189, "Correlation": null, "Execution": {"#attributes": {"ProcessID": 748, "ThreadID": 5432}}, "Channel": "Directory Service", "Computer": "DC01.pirate.htb", "Security": null}, "EventData": {"Data": {"#text": ""}, "Binary": null}}},
{"TimeGenerated": "2025-06-08T21:30:42.482757Z", "EventID": {"#attributes": {"Qualifiers": 16384}, "#text": 2187}, "Computer": "DC01.pirate.htb", "RawEvent": {"#attributes": {"xmlns": "http://schemas.microsoft.com/win/2004/08/events/event"}, "System": {"Provider": {"#attributes": {"Name": "Microsoft-Windows-ActiveDirectory_DomainService", "Guid": "{0e8478c5-3605-4e8c-8497-1e730c959516}", "EventSourceName": "NTDS General"}}, "EventID": {"#attributes": {"Qualifiers": 16384}, "#text": 2187}, "Version": 0, "Level": 4, "Task": 7, "Opcode": 0, "Keywords": "0x8080000000000000", "TimeCreated": {"#attributes": {"SystemTime": "2025-06-08T21:30:42.482757Z"}}, "EventRecordID": 190, "Correlation": null, "Execution": {"#attributes": {"ProcessID": 748, "ThreadID": 5432}}, "Channel": "Directory Service", "Computer": "DC01.pirate.htb", "Security": null}, "EventData": {"Data": {"#text": "DFSR"}, "Binary": null}}},
{"TimeGenerated": "2025-06-08T21:39:45.491723Z", "EventID": {"#attributes": {"Qualifiers": 16384}, "#text": 2179}, "Computer": "DC01.pirate.htb", "RawEvent": {"#attributes": {"xmlns": "http://schemas.microsoft.com/win/2004/08/events/event"}, "System": {"Provider": {"#attributes": {"Name": "Microsoft-Windows-ActiveDirectory_DomainService", "Guid": "{0e8478c5-3605-4e8c-8497-1e730c959516}", "EventSourceName": "NTDS General"}}, "EventID": {"#attributes": {"Qualifiers": 16384}, "#text": 2179}, "Version": 0, "Level": 4, "Task": 7, "Opcode": 0, "Keywords": "0x8080000000000000", "TimeCreated": {"#attributes": {"SystemTime": "2025-06-08T21:39:45.491723Z"}}, "EventRecordID": 191, "Correlation": null, "Execution": {"#attributes": {"ProcessID": 748, "ThreadID": 1616}}, "Channel": "Directory Service", "Computer": "DC01.pirate.htb", "Security": {"#attributes": {"UserID": "S-1-5-7"}}}, "EventData": {"Data": {"#text": "1895239148686277639"}, "Binary": null}}},
{"TimeGenerated": "2025-06-08T21:39:47.402664Z", "EventID": {"#attributes": {"Qualifiers": 16384}, "#text": 1004}, "Computer": "DC01.pirate.htb", "RawEvent": {"#attributes": {"xmlns": "http://schemas.microsoft.com/win/2004/08/events/event"}, "System": {"Provider": {"#attributes": {"Name": "Microsoft-Windows-ActiveDirectory_DomainService", "Guid": "{0e8478c5-3605-4e8c-8497-1e730c959516}", "EventSourceName": "NTDS General"}}, "EventID": {"#attributes": {"Qualifiers": 16384}, "#text": 1004}, "Version": 0, "Level": 4, "Task": 12, "Opcode": 0, "Keywords": "0x8080000000000000", "TimeCreated": {"#attributes": {"SystemTime": "2025-06-08T21:39:47.402664Z"}}, "EventRecordID": 192, "Correlation": null, "Execution": {"#attributes": {"ProcessID": 748, "ThreadID": 1616}}, "Channel": "Directory Service", "Computer": "DC01.pirate.htb", "Security": null}, "EventData": {"Data": {"#text": ""}, "Binary": null}}},
{"TimeGenerated": "2025-06-09T13:02:48.757098Z", "EventID": {"#attributes": {"Qualifiers": 32768}, "#text": 3051}, "Computer": "DC01.pirate.htb", "RawEvent": {"#attributes": {"xmlns": "http://schemas.microsoft.com/win/2004/08/events/event"}, "System": {"Provider": {"#attributes": {"Name": "Microsoft-Windows-ActiveDirectory_DomainService", "Guid": "{0e8478c5-3605-4e8c-8497-1e730c959516}", "EventSourceName": "NTDS General"}}, "EventID": {"#attributes": {"Qualifiers": 32768}, "#text": 3051}, "Version": 0, "Level": 3, "Task": 2, "Opcode": 0, "Keywords": "0x8080000000000000", "TimeCreated": {"#attributes": {"SystemTime": "2025-06-09T13:02:48.757098Z"}}, "EventRecordID": 193, "Correlation": {"#attributes": {"ActivityID": "C853EC79-D93E-0000-33ED-53C83ED9DB01"}}, "Execution": {"#attributes": {"ProcessID": 796, "ThreadID": 800}}, "Channel": "Directory Service", "Computer": "DC01.pirate.htb", "Security": {"#attributes": {"UserID": "S-1-5-7"}}}, "EventData": {"Data": {"#text": ""}, "Binary": null}}},
{"TimeGenerated": "2025-06-09T13:02:48.757098Z", "EventID": {"#attributes": {"Qualifiers": 32768}, "#text": 3054}, "Computer": "DC01.pirate.htb", "RawEvent": {"#attributes": {"xmlns": "http://schemas.microsoft.com/win/2004/08/events/event"}, "System": {"Provider": {"#attributes": {"Name": "Microsoft-Windows-ActiveDirectory_DomainService", "Guid": "{0e8478c5-3605-4e8c-8497-1e730c959516}", "EventSourceName": "NTDS General"}}, "EventID": {"#attributes": {"Qualifiers": 32768}, "#text": 3054}, "Version": 0, "Level": 3, "Task": 2, "Opcode": 0, "Keywords": "0x8080000000000000", "TimeCreated": {"#attributes": {"SystemTime": "2025-06-09T13:02:48.757098Z"}}, "EventRecordID": 194, "Correlation": {"#attributes": {"ActivityID": "C853EC79-D93E-0000-33ED-53C83ED9DB01"}}, "Execution": {"#attributes": {"ProcessID": 796, "ThreadID": 800}}, "Channel": "Directory Service", "Computer": "DC01.pirate.htb", "Security": {"#attributes": {"UserID": "S-1-5-7"}}}, "EventData": {"Data": {"#text": ""}, "Binary": null}}},
{"TimeGenerated": "2025-06-09T13:02:48.897690Z", "EventID": {"#attributes": {"Qualifiers": 16384}, "#text": 2121}, "Computer": "DC01.pirate.htb", "RawEvent": {"#attributes": {"xmlns": "http://schemas.microsoft.com/win/2004/08/events/event"}, "System": {"Provider": {"#attributes": {"Name": "Microsoft-Windows-ActiveDirectory_DomainService", "Guid": "{0e8478c5-3605-4e8c-8497-1e730c959516}", "EventSourceName": "NTDS General"}}, "EventID": {"#attributes": {"Qualifiers": 16384}, "#text": 2121}, "Version": 0, "Level": 4, "Task": 7, "Opcode": 0, "Keywords": "0x8080000000000000", "TimeCreated": {"#attributes": {"SystemTime": "2025-06-09T13:02:48.897690Z"}}, "EventRecordID": 195, "Correlation": {"#attributes": {"ActivityID": "C853EC79-D93E-0000-33ED-53C83ED9DB01"}}, "Execution": {"#attributes": {"ProcessID": 796, "ThreadID": 800}}, "Channel": "Directory Service", "Computer": "DC01.pirate.htb", "Security": {"#attributes": {"UserID": "S-1-5-7"}}}, "EventData": {"Data": {"#text": ""}, "Binary": null}}},
{"TimeGenerated": "2025-06-09T13:02:48.897690Z", "EventID": {"#attributes": {"Qualifiers": 16384}, "#text": 2406}, "Computer": "DC01.pirate.htb", "RawEvent": {"#attributes": {"xmlns": "http://schemas.microsoft.com/win/2004/08/events/event"}, "System": {"Provider": {"#attributes": {"Name": "Microsoft-Windows-ActiveDirectory_DomainService", "Guid": "{0e8478c5-3605-4e8c-8497-1e730c959516}", "EventSourceName": "NTDS General"}}, "EventID": {"#attributes": {"Qualifiers": 16384}, "#text": 2406}, "Version": 0, "Level": 4, "Task": 7, "Opcode": 0, "Keywords": "0x8080000000000000", "TimeCreated": {"#attributes": {"SystemTime": "2025-06-09T13:02:48.897690Z"}}, "EventRecordID": 196, "Correlation": {"#attributes": {"ActivityID": "C853EC79-D93E-0000-33ED-53C83ED9DB01"}}, "Execution": {"#attributes": {"ProcessID": 796, "ThreadID": 800}}, "Channel": "Directory Service", "Computer": "DC01.pirate.htb", "Security": {"#attributes": {"UserID": "S-1-5-7"}}}, "EventData": {"Data": {"#text": "Recycle Bin Feature"}, "Binary": null}}},
{"TimeGenerated": "2025-06-09T13:02:48.897690Z", "EventID": {"#attributes": {"Qualifiers": 16384}, "#text": 2406}, "Computer": "DC01.pirate.htb", "RawEvent": {"#attributes": {"xmlns": "http://schemas.microsoft.com/win/2004/08/events/event"}, "System": {"Provider": {"#attributes": {"Name": "Microsoft-Windows-ActiveDirectory_DomainService", "Guid": "{0e8478c5-3605-4e8c-8497-1e730c959516}", "EventSourceName": "NTDS General"}}, "EventID": {"#attributes": {"Qualifiers": 16384}, "#text": 2406}, "Version": 0, "Level": 4, "Task": 7, "Opcode": 0, "Keywords": "0x8080000000000000", "TimeCreated": {"#attributes": {"SystemTime": "2025-06-09T13:02:48.897690Z"}}, "EventRecordID": 197, "Correlation": {"#attributes": {"ActivityID": "C853EC79-D93E-0000-33ED-53C83ED9DB01"}}, "Execution": {"#attributes": {"ProcessID": 796, "ThreadID": 800}}, "Channel": "Directory Service", "Computer": "DC01.pirate.htb", "Security": {"#attributes": {"UserID": "S-1-5-7"}}}, "EventData": {"Data": {"#text": "Privileged Access Management Feature"}, "Binary": null}}},
{"TimeGenerated": "2025-06-09T13:02:48.897690Z", "EventID": {"#attributes": {"Qualifiers": 16384}, "#text": 2168}, "Computer": "DC01.pirate.htb", "RawEvent": {"#attributes": {"xmlns": "http://schemas.microsoft.com/win/2004/08/events/event"}, "System": {"Provider": {"#attributes": {"Name": "Microsoft-Windows-ActiveDirectory_DomainService", "Guid": "{0e8478c5-3605-4e8c-8497-1e730c959516}", "EventSourceName": "NTDS General"}}, "EventID": {"#attributes": {"Qualifiers": 16384}, "#text": 2168}, "Version": 0, "Level": 4, "Task": 7, "Opcode": 0, "Keywords": "0x8080000000000000", "TimeCreated": {"#attributes": {"SystemTime": "2025-06-09T13:02:48.897690Z"}}, "EventRecordID": 198, "Correlation": {"#attributes": {"ActivityID": "C853EC79-D93E-0000-33ED-53C83ED9DB01"}}, "Execution": {"#attributes": {"ProcessID": 796, "ThreadID": 800}}, "Channel": "Directory Service", "Computer": "DC01.pirate.htb", "Security": {"#attributes": {"UserID": "S-1-5-7"}}}, "EventData": {"Data": {"#text": "1895239148686277639"}, "Binary": null}}},
{"TimeGenerated": "2025-06-09T13:02:48.897690Z", "EventID": {"#attributes": {"Qualifiers": 16384}, "#text": 2172}, "Computer": "DC01.pirate.htb", "RawEvent": {"#attributes": {"xmlns": "http://schemas.microsoft.com/win/2004/08/events/event"}, "System": {"Provider": {"#attributes": {"Name": "Microsoft-Windows-ActiveDirectory_DomainService", "Guid": "{0e8478c5-3605-4e8c-8497-1e730c959516}", "EventSourceName": "NTDS General"}}, "EventID": {"#attributes": {"Qualifiers": 16384}, "#text": 2172}, "Version": 0, "Level": 4, "Task": 7, "Opcode": 0, "Keywords": "0x8080000000000000", "TimeCreated": {"#attributes": {"SystemTime": "2025-06-09T13:02:48.897690Z"}}, "EventRecordID": 199, "Correlation": {"#attributes": {"ActivityID": "C853EC79-D93E-0000-33ED-53C83ED9DB01"}}, "Execution": {"#attributes": {"ProcessID": 796, "ThreadID": 800}}, "Channel": "Directory Service", "Computer": "DC01.pirate.htb", "Security": {"#attributes": {"UserID": "S-1-5-7"}}}, "EventData": {"Data": {"#text": "1895239148686277639"}, "Binary": null}}},
{"TimeGenerated": "2025-06-09T13:02:48.897690Z", "EventID": {"#attributes": {"Qualifiers": 16384}, "#text": 2405}, "Computer": "DC01.pirate.htb", "RawEvent": {"#attributes": {"xmlns": "http://schemas.microsoft.com/win/2004/08/events/event"}, "System": {"Provider": {"#attributes": {"Name": "Microsoft-Windows-ActiveDirectory_DomainService", "Guid": "{0e8478c5-3605-4e8c-8497-1e730c959516}", "EventSourceName": "NTDS General"}}, "EventID": {"#attributes": {"Qualifiers": 16384}, "#text": 2405}, "Version": 0, "Level": 4, "Task": 7, "Opcode": 0, "Keywords": "0x8080000000000000", "TimeCreated": {"#attributes": {"SystemTime": "2025-06-09T13:02:48.897690Z"}}, "EventRecordID": 200, "Correlation": null, "Execution": {"#attributes": {"ProcessID": 796, "ThreadID": 968}}, "Channel": "Directory Service", "Computer": "DC01.pirate.htb", "Security": {"#attributes": {"UserID": "S-1-5-7"}}}, "EventData": {"Data": {"#text": "Privileged Access Management Feature"}, "Binary": null}}},
{"TimeGenerated": "2025-06-09T13:02:48.897690Z", "EventID": {"#attributes": {"Qualifiers": 16384}, "#text": 2120}, "Computer": "DC01.pirate.htb", "RawEvent": {"#attributes": {"xmlns": "http://schemas.microsoft.com/win/2004/08/events/event"}, "System": {"Provider": {"#attributes": {"Name": "Microsoft-Windows-ActiveDirectory_DomainService", "Guid": "{0e8478c5-3605-4e8c-8497-1e730c959516}", "EventSourceName": "NTDS General"}}, "EventID": {"#attributes": {"Qualifiers": 16384}, "#text": 2120}, "Version": 0, "Level": 4, "Task": 7, "Opcode": 0, "Keywords": "0x8080000000000000", "TimeCreated": {"#attributes": {"SystemTime": "2025-06-09T13:02:48.897690Z"}}, "EventRecordID": 201, "Correlation": null, "Execution": {"#attributes": {"ProcessID": 796, "ThreadID": 968}}, "Channel": "Directory Service", "Computer": "DC01.pirate.htb", "Security": {"#attributes": {"UserID": "S-1-5-7"}}}, "EventData": {"Data": {"#text": ""}, "Binary": null}}},
{"TimeGenerated": "2025-06-09T13:02:48.897690Z", "EventID": {"#attributes": {"Qualifiers": 16384}, "#text": 2405}, "Computer": "DC01.pirate.htb", "RawEvent": {"#attributes": {"xmlns": "http://schemas.microsoft.com/win/2004/08/events/event"}, "System": {"Provider": {"#attributes": {"Name": "Microsoft-Windows-ActiveDirectory_DomainService", "Guid": "{0e8478c5-3605-4e8c-8497-1e730c959516}", "EventSourceName": "NTDS General"}}, "EventID": {"#attributes": {"Qualifiers": 16384}, "#text": 2405}, "Version": 0, "Level": 4, "Task": 7, "Opcode": 0, "Keywords": "0x8080000000000000", "TimeCreated": {"#attributes": {"SystemTime": "2025-06-09T13:02:48.897690Z"}}, "EventRecordID": 202, "Correlation": null, "Execution": {"#attributes": {"ProcessID": 796, "ThreadID": 968}}, "Channel": "Directory Service", "Computer": "DC01.pirate.htb", "Security": {"#attributes": {"UserID": "S-1-5-7"}}}, "EventData": {"Data": {"#text": "Recycle Bin Feature"}, "Binary": null}}},
