{"TimeGenerated": "2025-06-10T13:55:31.297210Z", "EventID": {"#attributes": {"Qualifiers": 32768}, "#text": 2947}, "Computer": "DC01.pirate.htb", "RawEvent": {"#attributes": {"xmlns": "http://schemas.microsoft.com/win/2004/08/events/event"}, "System": {"Provider": {"#attributes": {"Name": "Microsoft-Windows-ActiveDirectory_DomainService", "Guid": "{0e8478c5-3605-4e8c-8497-1e730c959516}", "EventSourceName": "NTDS General"}}, "EventID": {"#attributes": {"Qualifiers": 32768}, "#text": 2947}, "Version": 0, "Level": 3, "Task": 2, "Opcode": 0, "Keywords": "0x8080000000000000", "TimeCreated": {"#attributes": {"SystemTime": "2025-06-10T13:55:31.297210Z"}}, "EventRecordID": 300, "Correlation": null, "Execution": {"#attributes": {"ProcessID": 768, "ThreadID": 4976}}, "Channel": "Directory Service", "Computer": "DC01.pirate.htb", "Security": {"#attributes": {"UserID": "S-1-5-21-4107424128-4158083573-1300325248-3102"}}}, "EventData": {"Data": {"#text": ["CN=gMSA_ADFS_prod,CN=Managed Service Accounts,DC=pirate,DC=htb", "S-1-5-21-4107424128-4158083573-1300325248-3102", "192.168.100.2:49747", "8995"]}, "Binary": null}}},
{"TimeGenerated": "2025-06-10T13:55:31.428082Z", "EventID": {"#attributes": {"Qualifiers": 32768}, "#text": 2947}, "Computer": "DC01.pirate.htb", "RawEvent": {"#attributes": {"xmlns": "http://schemas.microsoft.com/win/2004/08/events/event"}, "System": {"Provider": {"#attributes": {"Name": "Microsoft-Windows-ActiveDirectory_DomainService", "Guid": "{0e8478c5-3605-4e8c-8497-1e730c959516}", "EventSourceName": "NTDS General"}}, "EventID": {"#attributes": {"Qualifiers": 32768}, "#text": 2947}, "Version": 0, "Level": 3, "Task": 2, "Opcode": 0, "Keywords": "0x8080000000000000", "TimeCreated": {"#attributes": {"SystemTime": "2025-06-10T13:55:31.428082Z"}}, "EventRecordID": 301, "Correlation": null, "Execution": {"#attributes": {"ProcessID": 768, "ThreadID": 4976}}, "Channel": "Directory Service", "Computer": "DC01.pirate.htb", "Security": {"#attributes": {"UserID": "S-1-5-21-4107424128-4158083573-1300325248-3102"}}}, "EventData": {"Data": {"#text": ["CN=gMSA_ADFS_prod,CN=Managed Service Accounts,DC=pirate,DC=htb", "S-1-5-21-4107424128-4158083573-1300325248-3102", "192.168.100.2:49753", "8995"]}, "Binary": null}}},
{"TimeGenerated": "2025-06-10T13:55:31.538304Z", "EventID": {"#attributes": {"Qualifiers": 32768}, "#text": 2947}, "Computer": "DC01.pirate.htb", "RawEvent": {"#attributes": {"xmlns": "http://schemas.microsoft.com/win/2004/08/events/event"}, "System": {"Provider": {"#attributes": {"Name": "Microsoft-Windows-ActiveDirectory_DomainService", "Guid": "{0e8478c5-3605-4e8c-8497-1e730c959516}", "EventSourceName": "NTDS General"}}, "EventID": {"#attributes": {"Qualifiers": 32768}, "#text": 2947}, "Version": 0, "Level": 3, "Task": 2, "Opcode": 0, "Keywords": "0x8080000000000000", "TimeCreated": {"#attributes": {"SystemTime": "2025-06-10T13:55:31.538304Z"}}, "EventRecordID": 302, "Correlation": null, "Execution": {"#attributes": {"ProcessID": 768, "ThreadID": 2632}}, "Channel": "Directory Service", "Computer": "DC01.pirate.htb", "Security": {"#attributes": {"UserID": "S-1-5-21-4107424128-4158083573-1300325248-3102"}}}, "EventData": {"Data": {"#text": ["CN=gMSA_ADFS_prod,CN=Managed Service Accounts,DC=pirate,DC=htb", "S-1-5-21-4107424128-4158083573-1300325248-3102", "192.168.100.2:49758", "8995"]}, "Binary": null}}},
{"TimeGenerated": "2025-06-10T13:55:31.647787Z", "EventID": {"#attributes": {"Qualifiers": 32768}, "#text": 2947}, "Computer": "DC01.pirate.htb", "RawEvent": {"#attributes": {"xmlns": "http://schemas.microsoft.com/win/2004/08/events/event"}, "System": {"Provider": {"#attributes": {"Name": "Microsoft-Windows-ActiveDirectory_DomainService", "Guid": "{0e8478c5-3605-4e8c-8497-1e730c959516}", "EventSourceName": "NTDS General"}}, "EventID": {"#attributes": {"Qualifiers": 32768}, "#text": 2947}, "Version": 0, "Level": 3, "Task": 2, "Opcode": 0, "Keywords": "0x8080000000000000", "TimeCreated": {"#attributes": {"SystemTime": "2025-06-10T13:55:31.647787Z"}}, "EventRecordID": 303, "Correlation": null, "Execution": {"#attributes": {"ProcessID": 768, "ThreadID": 2632}}, "Channel": "Directory Service", "Computer": "DC01.pirate.htb", "Security": {"#attributes": {"UserID": "S-1-5-21-4107424128-4158083573-1300325248-3102"}}}, "EventData": {"Data": {"#text": ["CN=gMSA_ADFS_prod,CN=Managed Service Accounts,DC=pirate,DC=htb", "S-1-5-21-4107424128-4158083573-1300325248-3102", "192.168.100.2:49763", "8995"]}, "Binary": null}}},
{"TimeGenerated": "2025-06-10T14:07:49.381307Z", "EventID": {"#attributes": {"Qualifiers": 0}, "#text": 102}, "Computer": "DC01.pirate.htb", "RawEvent": {"#attributes": {"xmlns": "http://schemas.microsoft.com/win/2004/08/events/event"}, "System": {"Provider": {"#attributes": {"Name": "NTDS ISAM"}}, "EventID": {"#attributes": {"Qualifiers": 0}, "#text": 102}, "Level": 4, "Task": 1, "Keywords": "0x80000000000000", "TimeCreated": {"#attributes": {"SystemTime": "2025-06-10T14:07:49.381307Z"}}, "EventRecordID": 304, "Channel": "Directory Service", "Computer": "DC01.pirate.htb", "Security": null}, "EventData": {"Data": {"#text": ["NTDS", "768,P,98", "NTDSA: ", "0", "10", "00", "17763", "0000"]}, "Binary": null}}},
{"TimeGenerated": "2025-06-10T14:07:49.381307Z", "EventID": {"#attributes": {"Qualifiers": 0}, "#text": 105}, "Computer": "DC01.pirate.htb", "RawEvent": {"#attributes": {"xmlns": "http://schemas.microsoft.com/win/2004/08/events/event"}, "System": {"Provider": {"#attributes": {"Name": "NTDS ISAM"}}, "EventID": {"#attributes": {"Qualifiers": 0}, "#text": 105}, "Level": 4, "Task": 1, "Keywords": "0x80000000000000", "TimeCreated": {"#attributes": {"SystemTime": "2025-06-10T14:07:49.381307Z"}}, "EventRecordID": 305, "Channel": "Directory Service", "Computer": "DC01.pirate.htb", "Security": null}, "EventData": {"Data": {"#text": ["NTDS", "768,D,0", "NTDSA: ", "0", "0", "\n[1] 0.001354 +J(0) +M(C:0K, Fs:91, WS:344K # 0K, PF:3292K # 340K, P:3292K)\n[2] 0.000897 +J(0) +M(C:16K, Fs:136, WS:528K # 276K, PF:312K # 312K, P:312K)\n[3] 0.000062 +J(0) +M(C:0K, Fs:5, WS:20K # 20K, PF:64K # 64K, P:64K)\n[4] 0.005617 -0.000090 (1) WT +J(0) +M(C:0K, Fs:127, WS:428K # 428K, PF:5612K # 5612K, P:5612K)\n[5] 0.000138 +J(0) +M(C:0K, Fs:1, WS:4K # 4K, PF:0K # 0K, P:0K)\n[6] 0.001862 +J(0) +M(C:0K, Fs:21, WS:84K # 84K, PF:12K # 12K, P:12K)\n[7] 0.038498 -0.031363 (41) WT +J(0) +M(C:0K, Fs:2576, WS:10284K # 10284K, PF:10260K # 10260K, P:10260K)\n[8] -\n[9] -\n[10] -\n[11] -\n[12] -\n[13] 0.010318 -0.006330 (42) WT +J(CM:0, PgRf:0, Rd:0/0, Dy:0/0, Lg:616/1) +M(C:0K, Fs:7, WS:-10220K # 16K, PF:-10256K # 12K, P:-10256K)\n[14] 0.000024 +J(0) +M(C:0K, Fs:1, WS:4K # 0K, PF:0K # 0K, P:0K)\n[15] 0.000158 +J(0) +M(C:0K, Fs:309, WS:1232K # 0K, PF:68K # 0K, P:68K)\n[16] 0.000182 -0.000064 (1) WT +J(0) +M(C:0K, Fs:3, WS:4K # 0K, PF:0K # 0K, P:0K).", ""]}, "Binary": null}}},
{"TimeGenerated": "2025-06-10T14:07:49.381307Z", "EventID": {"#attributes": {"Qualifiers": 0}, "#text": 326}, "Computer": "DC01.pirate.htb", "RawEvent": {"#attributes": {"xmlns": "http://schemas.microsoft.com/win/2004/08/events/event"}, "System": {"Provider": {"#attributes": {"Name": "NTDS ISAM"}}, "EventID": {"#attributes": {"Qualifiers": 0}, "#text": 326}, "Level": 4, "Task": 1, "Keywords": "0x80000000000000", "TimeCreated": {"#attributes": {"SystemTime": "2025-06-10T14:07:49.381307Z"}}, "EventRecordID": 306, "Channel": "Directory Service", "Computer": "DC01.pirate.htb", "Security": null}, "EventData": {"Data": {"#text": ["NTDS", "768,D,50", "NTDSA: ", "1", "C:\\Windows\\NTDS\\ntds.dit", "0", "\n[1] 0.000006 +J(0) +M(C:0K, Fs:1, WS:4K # 0K, PF:0K # 0K, P:0K)\n[2] 0.000232 -0.000093 (1) WT +J(0) +M(C:0K, Fs:19, WS:12K # 0K, PF:8K # 0K, P:8K)\n[3] 0.002383 -0.000870 (6) WT +J(CM:0, PgRf:0, Rd:0/0, Dy:0/0, Lg:3480/2) +M(C:0K, Fs:24, WS:84K # 0K, PF:148K # 0K, P:148K)\n[4] 0.000050 +J(0)\n[5] -\n[6] -\n[7] -\n[8] 0.001648 -0.000349 (2) CM -0.000135 (2) WT +J(CM:2, PgRf:2, Rd:4/2, Dy:0/0, Lg:0/0) +M(C:16K, Fs:50, WS:192K # 0K, PF:212K # 0K, P:212K)\n[9] 0.002894 -0.001436 (5) CM -0.001181 (5) WT +J(CM:5, PgRf:24, Rd:0/5, Dy:0/0, Lg:0/0) +M(C:-8K, Fs:32, WS:100K # 0K, PF:204K # 0K, P:204K)\n[10] 0.000616 -0.000523 (3) CM -0.000383 (3) WT +J(CM:3, PgRf:40, Rd:0/3, Dy:0/0, Lg:0/0) +M(C:-4K, Fs:3, WS:4K # 0K, PF:60K # 0K, P:60K)\n[11] 0.000035 +J(CM:0, PgRf:1, Rd:0/0, Dy:0/0, Lg:0/0) +M(C:0K, Fs:2, WS:8K # 0K, PF:0K # 0K, P:0K)\n[12] 0.000019 +J(CM:0, PgRf:42, Rd:0/0, Dy:0/0, Lg:0/0) +M(C:0K, Fs:1, WS:4K # 0K, PF:0K # 0K, P:0K)\n[13] 0.0 +J(0)\n[14] 0.0 +J(0)\n[15] 0.000002 +J(CM:0, PgRf:1, Rd:0/0, Dy:0/0, Lg:0/0).", "0 0", "lgposAttach = 00000002:0719:0268"]}, "Binary": null}}},
{"TimeGenerated": "2025-06-10T14:07:49.381307Z", "EventID": {"#attributes": {"Qualifiers": 0}, "#text": 700}, "Computer": "DC01.pirate.htb", "RawEvent": {"#attributes": {"xmlns": "http://schemas.microsoft.com/win/2004/08/events/event"}, "System": {"Provider": {"#attributes": {"Name": "NTDS ISAM"}}, "EventID": {"#attributes": {"Qualifiers": 0}, "#text": 700}, "Level": 4, "Task": 10, "Keywords": "0x80000000000000", "TimeCreated": {"#attributes": {"SystemTime": "2025-06-10T14:07:49.381307Z"}}, "EventRecordID": 307, "Channel": "Directory Service", "Computer": "DC01.pirate.htb", "Security": null}, "EventData": {"Data": {"#text": ["NTDS", "768,D,0", "NTDSA: ", "C:\\Windows\\NTDS\\ntds.dit"]}, "Binary": null}}},
{"TimeGenerated": "2025-06-10T14:07:49.561897Z", "EventID": {"#attributes": {"Qualifiers": 0}, "#text": 701}, "Computer": "DC01.pirate.htb", "RawEvent": {"#attributes": {"xmlns": "http://schemas.microsoft.com/win/2004/08/events/event"}, "System": {"Provider": {"#attributes": {"Name": "NTDS ISAM"}}, "EventID": {"#attributes": {"Qualifiers": 0}, "#text": 701}, "Level": 4, "Task": 10, "Keywords": "0x80000000000000", "TimeCreated": {"#attributes": {"SystemTime": "2025-06-10T14:07:49.561897Z"}}, "EventRecordID": 308, "Channel": "Directory Service", "Computer": "DC01.pirate.htb", "Security": null}, "EventData": {"Data": {"#text": ["NTDS", "768,D,0", "NTDSA: ", "C:\\Windows\\NTDS\\ntds.dit", "2", "6/10/2025", "0", "1", "1", "7"]}, "Binary": null}}},
{"TimeGenerated": "2025-06-10T14:07:49.331342Z", "EventID": {"#attributes": {"Qualifiers": 16384}, "#text": 1869}, "Computer": "DC01.pirate.htb", "RawEvent": {"#attributes": {"xmlns": "http://schemas.microsoft.com/win/2004/08/events/event"}, "System": {"Provider": {"#attributes": {"Name": "Microsoft-Windows-ActiveDirectory_DomainService", "Guid": "{0e8478c5-3605-4e8c-8497-1e730c959516}", "EventSourceName": "NTDS General"}}, "EventID": {"#attributes": {"Qualifiers": 16384}, "#text": 1869}, "Version": 0, "Level": 4, "Task": 18, "Opcode": 0, "Keywords": "0x8080000000000000", "TimeCreated": {"#attributes": {"SystemTime": "2025-06-10T14:07:49.331342Z"}}, "EventRecordID": 309, "Correlation": null, "Execution": {"#attributes": {"ProcessID": 768, "ThreadID": 940}}, "Channel": "Directory Service", "Computer": "DC01.pirate.htb", "Security": {"#attributes": {"UserID": "S-1-5-7"}}}, "EventData": {"Data": {"#text": ["\\\\DC01.pirate.htb", "Default-First-Site-Name"]}, "Binary": null}}},
{"TimeGenerated": "2025-06-10T15:46:07.155158Z", "EventID": {"#attributes": {"Qualifiers": 32768}, "#text": 2170}, "Computer": "DC01.pirate.htb", "RawEvent": {"#attributes": {"xmlns": "http://schemas.microsoft.com/win/2004/08/events/event"}, "System": {"Provider": {"#attributes": {"Name": "Microsoft-Windows-ActiveDirectory_DomainService", "Guid": "{0e8478c5-3605-4e8c-8497-1e730c959516}", "EventSourceName": "NTDS General"}}, "EventID": {"#attributes": {"Qualifiers": 32768}, "#text": 2170}, "Version": 0, "Level": 3, "Task": 7, "Opcode": 0, "Keywords": "0x8080000000000000", "TimeCreated": {"#attributes": {"SystemTime": "2025-06-10T15:46:07.155158Z"}}, "EventRecordID": 310, "Correlation": {"#attributes": {"ActivityID": "E9840571-DA0E-0000-1B06-84E90EDADB01"}}, "Execution": {"#attributes": {"ProcessID": 768, "ThreadID": 2508}}, "Channel": "Directory Service", "Computer": "DC01.pirate.htb", "Security": {"#attributes": {"UserID": "S-1-5-18"}}}, "EventData": {"Data": {"#text": ["10262622414549091729", "4063743883673368527"]}, "Binary": null}}},
{"TimeGenerated": "2025-06-10T15:46:07.155158Z", "EventID": {"#attributes": {"Qualifiers": 16384}, "#text": 2181}, "Computer": "DC01.pirate.htb", "RawEvent": {"#attributes": {"xmlns": "http://schemas.microsoft.com/win/2004/08/events/event"}, "System": {"Provider": {"#attributes": {"Name": "Microsoft-Windows-ActiveDirectory_DomainService", "Guid": "{0e8478c5-3605-4e8c-8497-1e730c959516}", "EventSourceName": "NTDS General"}}, "EventID": {"#attributes": {"Qualifiers": 16384}, "#text": 2181}, "Version": 0, "Level": 4, "Task": 9, "Opcode": 0, "Keywords": "0x8080000000000000", "TimeCreated": {"#attributes": {"SystemTime": "2025-06-10T15:46:07.155158Z"}}, "EventRecordID": 311, "Correlation": {"#attributes": {"ActivityID": "E9840571-DA0E-0000-1B06-84E90EDADB01"}}, "Execution": {"#attributes": {"ProcessID": 768, "ThreadID": 2508}}, "Channel": "Directory Service", "Computer": "DC01.pirate.htb", "Security": {"#attributes": {"UserID": "S-1-5-18"}}}, "EventData": {"Data": {"#text": ""}, "Binary": null}}},
{"TimeGenerated": "2025-06-10T15:46:07.155158Z", "EventID": {"#attributes": {"Qualifiers": 16384}, "#text": 2204}, "Computer": "DC01.pirate.htb", "RawEvent": {"#attributes": {"xmlns": "http://schemas.microsoft.com/win/2004/08/events/event"}, "System": {"Provider": {"#attributes": {"Name": "Microsoft-Windows-ActiveDirectory_DomainService", "Guid": "{0e8478c5-3605-4e8c-8497-1e730c959516}", "EventSourceName": "NTDS General"}}, "EventID": {"#attributes": {"Qualifiers": 16384}, "#text": 2204}, "Version": 0, "Level": 4, "Task": 7, "Opcode": 0, "Keywords": "0x8080000000000000", "TimeCreated": {"#attributes": {"SystemTime": "2025-06-10T15:46:07.155158Z"}}, "EventRecordID": 312, "Correlation": {"#attributes": {"ActivityID": "E9840571-DA0E-0000-1B06-84E90EDADB01"}}, "Execution": {"#attributes": {"ProcessID": 768, "ThreadID": 2508}}, "Channel": "Directory Service", "Computer": "DC01.pirate.htb", "Security": {"#attributes": {"UserID": "S-1-5-18"}}}, "EventData": {"Data": {"#text": ""}, "Binary": null}}},
{"TimeGenerated": "2025-06-10T15:46:07.188199Z", "EventID": {"#attributes": {"Qualifiers": 16384}, "#text": 1109}, "Computer": "DC01.pirate.htb", "RawEvent": {"#attributes": {"xmlns": "http://schemas.microsoft.com/win/2004/08/events/event"}, "System": {"Provider": {"#attributes": {"Name": "Microsoft-Windows-ActiveDirectory_DomainService", "Guid": "{0e8478c5-3605-4e8c-8497-1e730c959516}", "EventSourceName": "NTDS General"}}, "EventID": {"#attributes": {"Qualifiers": 16384}, "#text": 1109}, "Version": 0, "Level": 4, "Task": 5, "Opcode": 0, "Keywords": "0x8080000000000000", "TimeCreated": {"#attributes": {"SystemTime": "2025-06-10T15:46:07.188199Z"}}, "EventRecordID": 313, "Correlation": {"#attributes": {"ActivityID": "E9840571-DA0E-0000-1B06-84E90EDADB01"}}, "Execution": {"#attributes": {"ProcessID": 768, "ThreadID": 2508}}, "Channel": "Directory Service", "Computer": "DC01.pirate.htb", "Security": {"#attributes": {"UserID": "S-1-5-18"}}}, "EventData": {"Data": {"#text": ["830f4de5-e982-4046-9dc6-1e6957e216c3", "0b7db152-4c9d-4d18-b549-67bf9bc520d3", "45185"]}, "Binary": null}}},
{"TimeGenerated": "2025-06-10T15:46:07.188199Z", "EventID": {"#attributes": {"Qualifiers": 16384}, "#text": 2181}, "Computer": "DC01.pirate.htb", "RawEvent": {"#attributes": {"xmlns": "http://schemas.microsoft.com/win/2004/08/events/event"}, "System": {"Provider": {"#attributes": {"Name": "Microsoft-Windows-ActiveDirectory_DomainService", "Guid": "{0e8478c5-3605-4e8c-8497-1e730c959516}", "EventSourceName": "NTDS General"}}, "EventID": {"#attributes": {"Qualifiers": 16384}, "#text": 2181}, "Version": 0, "Level": 4, "Task": 9, "Opcode": 0, "Keywords": "0x8080000000000000", "TimeCreated": {"#attributes": {"SystemTime": "2025-06-10T15:46:07.188199Z"}}, "EventRecordID": 314, "Correlation": null, "Execution": {"#attributes": {"ProcessID": 768, "ThreadID": 940}}, "Channel": "Directory Service", "Computer": "DC01.pirate.htb", "Security": {"#attributes": {"UserID": "S-1-5-7"}}}, "EventData": {"Data": {"#text": ""}, "Binary": null}}},
{"TimeGenerated": "2025-06-10T15:46:07.188199Z", "EventID": {"#attributes": {"Qualifiers": 16384}, "#text": 2041}, "Computer": "DC01.pirate.htb", "RawEvent": {"#attributes": {"xmlns": "http://schemas.microsoft.com/win/2004/08/events/event"}, "System": {"Provider": {"#attributes": {"Name": "Microsoft-Windows-ActiveDirectory_DomainService", "Guid": "{0e8478c5-3605-4e8c-8497-1e730c959516}", "EventSourceName": "NTDS General"}}, "EventID": {"#attributes": {"Qualifiers": 16384}, "#text": 2041}, "Version": 0, "Level": 4, "Task": 9, "Opcode": 0, "Keywords": "0x8080000000000000", "TimeCreated": {"#attributes": {"SystemTime": "2025-06-10T15:46:07.188199Z"}}, "EventRecordID": 315, "Correlation": null, "Execution": {"#attributes": {"ProcessID": 768, "ThreadID": 2508}}, "Channel": "Directory Service", "Computer": "DC01.pirate.htb", "Security": null}, "EventData": {"Data": {"#text": ["40000885", "2"]}, "Binary": null}}},
{"TimeGenerated": "2025-06-10T15:46:07.188199Z", "EventID": {"#attributes": {"Qualifiers": 16384}, "#text": 2179}, "Computer": "DC01.pirate.htb", "RawEvent": {"#attributes": {"xmlns": "http://schemas.microsoft.com/win/2004/08/events/event"}, "System": {"Provider": {"#attributes": {"Name": "Microsoft-Windows-ActiveDirectory_DomainService", "Guid": "{0e8478c5-3605-4e8c-8497-1e730c959516}", "EventSourceName": "NTDS General"}}, "EventID": {"#attributes": {"Qualifiers": 16384}, "#text": 2179}, "Version": 0, "Level": 4, "Task": 7, "Opcode": 0, "Keywords": "0x8080000000000000", "TimeCreated": {"#attributes": {"SystemTime": "2025-06-10T15:46:07.188199Z"}}, "EventRecordID": 316, "Correlation": null, "Execution": {"#attributes": {"ProcessID": 768, "ThreadID": 2508}}, "Channel": "Directory Service", "Computer": "DC01.pirate.htb", "Security": {"#attributes": {"UserID": "S-1-5-18"}}}, "EventData": {"Data": {"#text": "4063743883673368527"}, "Binary": null}}},
{"TimeGenerated": "2025-06-10T15:46:07.188199Z", "EventID": {"#attributes": {"Qualifiers": 16384}, "#text": 2200}, "Computer": "DC01.pirate.htb", "RawEvent": {"#attributes": {"xmlns": "http://schemas.microsoft.com/win/2004/08/events/event"}, "System": {"Provider": {"#attributes": {"Name": "Microsoft-Windows-ActiveDirectory_DomainService", "Guid": "{0e8478c5-3605-4e8c-8497-1e730c959516}", "EventSourceName": "NTDS General"}}, "EventID": {"#attributes": {"Qualifiers": 16384}, "#text": 2200}, "Version": 0, "Level": 4, "Task": 7, "Opcode": 0, "Keywords": "0x8080000000000000", "TimeCreated": {"#attributes": {"SystemTime": "2025-06-10T15:46:07.188199Z"}}, "EventRecordID": 317, "Correlation": null, "Execution": {"#attributes": {"ProcessID": 768, "ThreadID": 3320}}, "Channel": "Directory Service", "Computer": "DC01.pirate.htb", "Security": null}, "EventData": {"Data": {"#text": ""}, "Binary": null}}},
{"TimeGenerated": "2025-06-10T15:46:07.188199Z", "EventID": {"#attributes": {"Qualifiers": 16384}, "#text": 2201}, "Computer": "DC01.pirate.htb", "RawEvent": {"#attributes": {"xmlns": "http://schemas.microsoft.com/win/2004/08/events/event"}, "System": {"Provider": {"#attributes": {"Name": "Microsoft-Windows-ActiveDirectory_DomainService", "Guid": "{0e8478c5-3605-4e8c-8497-1e730c959516}", "EventSourceName": "NTDS General"}}, "EventID": {"#attributes": {"Qualifiers": 16384}, "#text": 2201}, "Version": 0, "Level": 4, "Task": 7, "Opcode": 0, "Keywords": "0x8080000000000000", "TimeCreated": {"#attributes": {"SystemTime": "2025-06-10T15:46:07.188199Z"}}, "EventRecordID": 318, "Correlation": null, "Execution": {"#attributes": {"ProcessID": 768, "ThreadID": 3320}}, "Channel": "Directory Service", "Computer": "DC01.pirate.htb", "Security": null}, "EventData": {"Data": {"#text": ""}, "Binary": null}}},
{"TimeGenerated": "2025-06-10T15:46:08.199479Z", "EventID": {"#attributes": {"Qualifiers": 16384}, "#text": 2185}, "Computer": "DC01.pirate.htb", "RawEvent": {"#attributes": {"xmlns": "http://schemas.microsoft.com/win/2004/08/events/event"}, "System": {"Provider": {"#attributes": {"Name": "Microsoft-Windows-ActiveDirectory_DomainService", "Guid": "{0e8478c5-3605-4e8c-8497-1e730c959516}", "EventSourceName": "NTDS General"}}, "EventID": {"#attributes": {"Qualifiers": 16384}, "#text": 2185}, "Version": 0, "Level": 4, "Task": 7, "Opcode": 0, "Keywords": "0x8080000000000000", "TimeCreated": {"#attributes": {"SystemTime": "2025-06-10T15:46:08.199479Z"}}, "EventRecordID": 319, "Correlation": null, "Execution": {"#attributes": {"ProcessID": 768, "ThreadID": 6512}}, "Channel": "Directory Service", "Computer": "DC01.pirate.htb", "Security": null}, "EventData": {"Data": {"#text": "DFSR"}, "Binary": null}}},
{"TimeGenerated": "2025-06-10T15:46:08.201424Z", "EventID": {"#attributes": {"Qualifiers": 16384}, "#text": 2208}, "Computer": "DC01.pirate.htb", "RawEvent": {"#attributes": {"xmlns": "http://schemas.microsoft.com/win/2004/08/events/event"}, "System": {"Provider": {"#attributes": {"Name": "Microsoft-Windows-ActiveDirectory_DomainService", "Guid": "{0e8478c5-3605-4e8c-8497-1e730c959516}", "EventSourceName": "NTDS General"}}, "EventID": {"#attributes": {"Qualifiers": 16384}, "#text": 2208}, "Version": 0, "Level": 4, "Task": 7, "Opcode": 0, "Keywords": "0x8080000000000000", "TimeCreated": {"#attributes": {"SystemTime": "2025-06-10T15:46:08.201424Z"}}, "EventRecordID": 320, "Correlation": null, "Execution": {"#attributes": {"ProcessID": 768, "ThreadID": 6512}}, "Channel": "Directory Service", "Computer": "DC01.pirate.htb", "Security": null}, "EventData": {"Data": {"#text": ""}, "Binary": null}}},
{"TimeGenerated": "2025-06-10T15:46:09.219074Z", "EventID": {"#attributes": {"Qualifiers": 16384}, "#text": 2187}, "Computer": "DC01.pirate.htb", "RawEvent": {"#attributes": {"xmlns": "http://schemas.microsoft.com/win/2004/08/events/event"}, "System": {"Provider": {"#attributes": {"Name": "Microsoft-Windows-ActiveDirectory_DomainService", "Guid": "{0e8478c5-3605-4e8c-8497-1e730c959516}", "EventSourceName": "NTDS General"}}, "EventID": {"#attributes": {"Qualifiers": 16384}, "#text": 2187}, "Version": 0, "Level": 4, "Task": 7, "Opcode": 0, "Keywords": "0x8080000000000000", "TimeCreated": {"#attributes": {"SystemTime": "2025-06-10T15:46:09.219074Z"}}, "EventRecordID": 321, "Correlation": null, "Execution": {"#attributes": {"ProcessID": 768, "ThreadID": 6512}}, "Channel": "Directory Service", "Computer": "DC01.pirate.htb", "Security": null}, "EventData": {"Data": {"#text": "DFSR"}, "Binary": null}}},
{"TimeGenerated": "2025-06-10T15:54:42.773593Z", "EventID": {"#attributes": {"Qualifiers": 16384}, "#text": 2179}, "Computer": "DC01.pirate.htb", "RawEvent": {"#attributes": {"xmlns": "http://schemas.microsoft.com/win/2004/08/events/event"}, "System": {"Provider": {"#attributes": {"Name": "Microsoft-Windows-ActiveDirectory_DomainService", "Guid": "{0e8478c5-3605-4e8c-8497-1e730c959516}", "EventSourceName": "NTDS General"}}, "EventID": {"#attributes": {"Qualifiers": 16384}, "#text": 2179}, "Version": 0, "Level": 4, "Task": 7, "Opcode": 0, "Keywords": "0x8080000000000000", "TimeCreated": {"#attributes": {"SystemTime": "2025-06-10T15:54:42.773593Z"}}, "EventRecordID": 322, "Correlation": null, "Execution": {"#attributes": {"ProcessID": 768, "ThreadID": 1600}}, "Channel": "Directory Service", "Computer": "DC01.pirate.htb", "Security": {"#attributes": {"UserID": "S-1-5-7"}}}, "EventData": {"Data": {"#text": "4063743883673368527"}, "Binary": null}}},
{"TimeGenerated": "2025-06-10T15:54:44.046773Z", "EventID": {"#attributes": {"Qualifiers": 16384}, "#text": 1004}, "Computer": "DC01.pirate.htb", "RawEvent": {"#attributes": {"xmlns": "http://schemas.microsoft.com/win/2004/08/events/event"}, "System": {"Provider": {"#attributes": {"Name": "Microsoft-Windows-ActiveDirectory_DomainService", "Guid": "{0e8478c5-3605-4e8c-8497-1e730c959516}", "EventSourceName": "NTDS General"}}, "EventID": {"#attributes": {"Qualifiers": 16384}, "#text": 1004}, "Version": 0, "Level": 4, "Task": 12, "Opcode": 0, "Keywords": "0x8080000000000000", "TimeCreated": {"#attributes": {"SystemTime": "2025-06-10T15:54:44.046773Z"}}, "EventRecordID": 323, "Correlation": null, "Execution": {"#attributes": {"ProcessID": 768, "ThreadID": 1600}}, "Channel": "Directory Service", "Computer": "DC01.pirate.htb", "Security": null}, "EventData": {"Data": {"#text": ""}, "Binary": null}}},
{"TimeGenerated": "2025-06-11T13:24:40.392884Z", "EventID": {"#attributes": {"Qualifiers": 32768}, "#text": 3051}, "Computer": "DC01.pirate.htb", "RawEvent": {"#attributes": {"xmlns": "http://schemas.microsoft.com/win/2004/08/events/event"}, "System": {"Provider": {"#attributes": {"Name": "Microsoft-Windows-ActiveDirectory_DomainService", "Guid": "{0e8478c5-3605-4e8c-8497-1e730c959516}", "EventSourceName": "NTDS General"}}, "EventID": {"#attributes": {"Qualifiers": 32768}, "#text": 3051}, "Version": 0, "Level": 3, "Task": 2, "Opcode": 0, "Keywords": "0x8080000000000000", "TimeCreated": {"#attributes": {"SystemTime": "2025-06-11T13:24:40.392884Z"}}, "EventRecordID": 324, "Correlation": {"#attributes": {"ActivityID": "2B2AAD2D-DAD4-0000-D6AD-2A2BD4DADB01"}}, "Execution": {"#attributes": {"ProcessID": 760, "ThreadID": 764}}, "Channel": "Directory Service", "Computer": "DC01.pirate.htb", "Security": {"#attributes": {"UserID": "S-1-5-7"}}}, "EventData": {"Data": {"#text": ""}, "Binary": null}}},
{"TimeGenerated": "2025-06-11T13:24:40.392884Z", "EventID": {"#attributes": {"Qualifiers": 32768}, "#text": 3054}, "Computer": "DC01.pirate.htb", "RawEvent": {"#attributes": {"xmlns": "http://schemas.microsoft.com/win/2004/08/events/event"}, "System": {"Provider": {"#attributes": {"Name": "Microsoft-Windows-ActiveDirectory_DomainService", "Guid": "{0e8478c5-3605-4e8c-8497-1e730c959516}", "EventSourceName": "NTDS General"}}, "EventID": {"#attributes": {"Qualifiers": 32768}, "#text": 3054}, "Version": 0, "Level": 3, "Task": 2, "Opcode": 0, "Keywords": "0x8080000000000000", "TimeCreated": {"#attributes": {"SystemTime": "2025-06-11T13:24:40.392884Z"}}, "EventRecordID": 325, "Correlation": {"#attributes": {"ActivityID": "2B2AAD2D-DAD4-0000-D6AD-2A2BD4DADB01"}}, "Execution": {"#attributes": {"ProcessID": 760, "ThreadID": 764}}, "Channel": "Directory Service", "Computer": "DC01.pirate.htb", "Security": {"#attributes": {"UserID": "S-1-5-7"}}}, "EventData": {"Data": {"#text": ""}, "Binary": null}}},
{"TimeGenerated": "2025-06-11T13:24:40.486678Z", "EventID": {"#attributes": {"Qualifiers": 16384}, "#text": 2121}, "Computer": "DC01.pirate.htb", "RawEvent": {"#attributes": {"xmlns": "http://schemas.microsoft.com/win/2004/08/events/event"}, "System": {"Provider": {"#attributes": {"Name": "Microsoft-Windows-ActiveDirectory_DomainService", "Guid": "{0e8478c5-3605-4e8c-8497-1e730c959516}", "EventSourceName": "NTDS General"}}, "EventID": {"#attributes": {"Qualifiers": 16384}, "#text": 2121}, "Version": 0, "Level": 4, "Task": 7, "Opcode": 0, "Keywords": "0x8080000000000000", "TimeCreated": {"#attributes": {"SystemTime": "2025-06-11T13:24:40.486678Z"}}, "EventRecordID": 326, "Correlation": {"#attributes": {"ActivityID": "2B2AAD2D-DAD4-0000-D6AD-2A2BD4DADB01"}}, "Execution": {"#attributes": {"ProcessID": 760, "ThreadID": 764}}, "Channel": "Directory Service", "Computer": "DC01.pirate.htb", "Security": {"#attributes": {"UserID": "S-1-5-7"}}}, "EventData": {"Data": {"#text": ""}, "Binary": null}}},
{"TimeGenerated": "2025-06-11T13:24:40.502245Z", "EventID": {"#attributes": {"Qualifiers": 16384}, "#text": 2406}, "Computer": "DC01.pirate.htb", "RawEvent": {"#attributes": {"xmlns": "http://schemas.microsoft.com/win/2004/08/events/event"}, "System": {"Provider": {"#attributes": {"Name": "Microsoft-Windows-ActiveDirectory_DomainService", "Guid": "{0e8478c5-3605-4e8c-8497-1e730c959516}", "EventSourceName": "NTDS General"}}, "EventID": {"#attributes": {"Qualifiers": 16384}, "#text": 2406}, "Version": 0, "Level": 4, "Task": 7, "Opcode": 0, "Keywords": "0x8080000000000000", "TimeCreated": {"#attributes": {"SystemTime": "2025-06-11T13:24:40.502245Z"}}, "EventRecordID": 327, "Correlation": {"#attributes": {"ActivityID": "2B2AAD2D-DAD4-0000-D6AD-2A2BD4DADB01"}}, "Execution": {"#attributes": {"ProcessID": 760, "ThreadID": 764}}, "Channel": "Directory Service", "Computer": "DC01.pirate.htb", "Security": {"#attributes": {"UserID": "S-1-5-7"}}}, "EventData": {"Data": {"#text": "Recycle Bin Feature"}, "Binary": null}}},
{"TimeGenerated": "2025-06-11T13:24:40.502245Z", "EventID": {"#attributes": {"Qualifiers": 16384}, "#text": 2406}, "Computer": "DC01.pirate.htb", "RawEvent": {"#attributes": {"xmlns": "http://schemas.microsoft.com/win/2004/08/events/event"}, "System": {"Provider": {"#attributes": {"Name": "Microsoft-Windows-ActiveDirectory_DomainService", "Guid": "{0e8478c5-3605-4e8c-8497-1e730c959516}", "EventSourceName": "NTDS General"}}, "EventID": {"#attributes": {"Qualifiers": 16384}, "#text": 2406}, "Version": 0, "Level": 4, "Task": 7, "Opcode": 0, "Keywords": "0x8080000000000000", "TimeCreated": {"#attributes": {"SystemTime": "2025-06-11T13:24:40.502245Z"}}, "EventRecordID": 328, "Correlation": {"#attributes": {"ActivityID": "2B2AAD2D-DAD4-0000-D6AD-2A2BD4DADB01"}}, "Execution": {"#attributes": {"ProcessID": 760, "ThreadID": 764}}, "Channel": "Directory Service", "Computer": "DC01.pirate.htb", "Security": {"#attributes": {"UserID": "S-1-5-7"}}}, "EventData": {"Data": {"#text": "Privileged Access Management Feature"}, "Binary": null}}},
{"TimeGenerated": "2025-06-11T13:24:40.502245Z", "EventID": {"#attributes": {"Qualifiers": 16384}, "#text": 2168}, "Computer": "DC01.pirate.htb", "RawEvent": {"#attributes": {"xmlns": "http://schemas.microsoft.com/win/2004/08/events/event"}, "System": {"Provider": {"#attributes": {"Name": "Microsoft-Windows-ActiveDirectory_DomainService", "Guid": "{0e8478c5-3605-4e8c-8497-1e730c959516}", "EventSourceName": "NTDS General"}}, "EventID": {"#attributes": {"Qualifiers": 16384}, "#text": 2168}, "Version": 0, "Level": 4, "Task": 7, "Opcode": 0, "Keywords": "0x8080000000000000", "TimeCreated": {"#attributes": {"SystemTime": "2025-06-11T13:24:40.502245Z"}}, "EventRecordID": 329, "Correlation": {"#attributes": {"ActivityID": "2B2AAD2D-DAD4-0000-D6AD-2A2BD4DADB01"}}, "Execution": {"#attributes": {"ProcessID": 760, "ThreadID": 764}}, "Channel": "Directory Service", "Computer": "DC01.pirate.htb", "Security": {"#attributes": {"UserID": "S-1-5-7"}}}, "EventData": {"Data": {"#text": "4063743883673368527"}, "Binary": null}}},
{"TimeGenerated": "2025-06-11T13:24:40.502245Z", "EventID": {"#attributes": {"Qualifiers": 16384}, "#text": 2172}, "Computer": "DC01.pirate.htb", "RawEvent": {"#attributes": {"xmlns": "http://schemas.microsoft.com/win/2004/08/events/event"}, "System": {"Provider": {"#attributes": {"Name": "Microsoft-Windows-ActiveDirectory_DomainService", "Guid": "{0e8478c5-3605-4e8c-8497-1e730c959516}", "EventSourceName": "NTDS General"}}, "EventID": {"#attributes": {"Qualifiers": 16384}, "#text": 2172}, "Version": 0, "Level": 4, "Task": 7, "Opcode": 0, "Keywords": "0x8080000000000000", "TimeCreated": {"#attributes": {"SystemTime": "2025-06-11T13:24:40.502245Z"}}, "EventRecordID": 330, "Correlation": {"#attributes": {"ActivityID": "2B2AAD2D-DAD4-0000-D6AD-2A2BD4DADB01"}}, "Execution": {"#attributes": {"ProcessID": 760, "ThreadID": 764}}, "Channel": "Directory Service", "Computer": "DC01.pirate.htb", "Security": {"#attributes": {"UserID": "S-1-5-7"}}}, "EventData": {"Data": {"#text": "4063743883673368527"}, "Binary": null}}},
{"TimeGenerated": "2025-06-11T13:24:40.502245Z", "EventID": {"#attributes": {"Qualifiers": 16384}, "#text": 2405}, "Computer": "DC01.pirate.htb", "RawEvent": {"#attributes": {"xmlns": "http://schemas.microsoft.com/win/2004/08/events/event"}, "System": {"Provider": {"#attributes": {"Name": "Microsoft-Windows-ActiveDirectory_DomainService", "Guid": "{0e8478c5-3605-4e8c-8497-1e730c959516}", "EventSourceName": "NTDS General"}}, "EventID": {"#attributes": {"Qualifiers": 16384}, "#text": 2405}, "Version": 0, "Level": 4, "Task": 7, "Opcode": 0, "Keywords": "0x8080000000000000", "TimeCreated": {"#attributes": {"SystemTime": "2025-06-11T13:24:40.502245Z"}}, "EventRecordID": 331, "Correlation": null, "Execution": {"#attributes": {"ProcessID": 760, "ThreadID": 932}}, "Channel": "Directory Service", "Computer": "DC01.pirate.htb", "Security": {"#attributes": {"UserID": "S-1-5-7"}}}, "EventData": {"Data": {"#text": "Privileged Access Management Feature"}, "Binary": null}}},
{"TimeGenerated": "2025-06-11T13:24:40.502245Z", "EventID": {"#attributes": {"Qualifiers": 16384}, "#text": 2120}, "Computer": "DC01.pirate.htb", "RawEvent": {"#attributes": {"xmlns": "http://schemas.microsoft.com/win/2004/08/events/event"}, "System": {"Provider": {"#attributes": {"Name": "Microsoft-Windows-ActiveDirectory_DomainService", "Guid": "{0e8478c5-3605-4e8c-8497-1e730c959516}", "EventSourceName": "NTDS General"}}, "EventID": {"#attributes": {"Qualifiers": 16384}, "#text": 2120}, "Version": 0, "Level": 4, "Task": 7, "Opcode": 0, "Keywords": "0x8080000000000000", "TimeCreated": {"#attributes": {"SystemTime": "2025-06-11T13:24:40.502245Z"}}, "EventRecordID": 332, "Correlation": null, "Execution": {"#attributes": {"ProcessID": 760, "ThreadID": 932}}, "Channel": "Directory Service", "Computer": "DC01.pirate.htb", "Security": {"#attributes": {"UserID": "S-1-5-7"}}}, "EventData": {"Data": {"#text": ""}, "Binary": null}}},
{"TimeGenerated": "2025-06-11T13:24:40.502245Z", "EventID": {"#attributes": {"Qualifiers": 16384}, "#text": 2405}, "Computer": "DC01.pirate.htb", "RawEvent": {"#attributes": {"xmlns": "http://schemas.microsoft.com/win/2004/08/events/event"}, "System": {"Provider": {"#attributes": {"Name": "Microsoft-Windows-ActiveDirectory_DomainService", "Guid": "{0e8478c5-3605-4e8c-8497-1e730c959516}", "EventSourceName": "NTDS General"}}, "EventID": {"#attributes": {"Qualifiers": 16384}, "#text": 2405}, "Version": 0, "Level": 4, "Task": 7, "Opcode": 0, "Keywords": "0x8080000000000000", "TimeCreated": {"#attributes": {"SystemTime": "2025-06-11T13:24:40.502245Z"}}, "EventRecordID": 333, "Correlation": null, "Execution": {"#attributes": {"ProcessID": 760, "ThreadID": 932}}, "Channel": "Directory Service", "Computer": "DC01.pirate.htb", "Security": {"#attributes": {"UserID": "S-1-5-7"}}}, "EventData": {"Data": {"#text": "Recycle Bin Feature"}, "Binary": null}}},
{"TimeGenerated": "2025-06-11T13:24:50.514674Z", "EventID": {"#attributes": {"Qualifiers": 32768}, "#text": 2886}, "Computer": "DC01.pirate.htb", "RawEvent": {"#attributes": {"xmlns": "http://schemas.microsoft.com/win/2004/08/events/event"}, "System": {"Provider": {"#attributes": {"Name": "Microsoft-Windows-ActiveDirectory_DomainService", "Guid": "{0e8478c5-3605-4e8c-8497-1e730c959516}", "EventSourceName": "NTDS General"}}, "EventID": {"#attributes": {"Qualifiers": 32768}, "#text": 2886}, "Version": 0, "Level": 3, "Task": 16, "Opcode": 0, "Keywords": "0x8080000000000000", "TimeCreated": {"#attributes": {"SystemTime": "2025-06-11T13:24:50.514674Z"}}, "EventRecordID": 334, "Correlation": null, "Execution": {"#attributes": {"ProcessID": 760, "ThreadID": 952}}, "Channel": "Directory Service", "Computer": "DC01.pirate.htb", "Security": {"#attributes": {"UserID": "S-1-5-7"}}}, "EventData": {"Data": {"#text": ""}, "Binary": null}}},
{"TimeGenerated": "2025-06-11T13:24:50.514674Z", "EventID": {"#attributes": {"Qualifiers": 32768}, "#text": 3041}, "Computer": "DC01.pirate.htb", "RawEvent": {"#attributes": {"xmlns": "http://schemas.microsoft.com/win/2004/08/events/event"}, "System": {"Provider": {"#attributes": {"Name": "Microsoft-Windows-ActiveDirectory_DomainService", "Guid": "{0e8478c5-3605-4e8c-8497-1e730c959516}", "EventSourceName": "NTDS General"}}, "EventID": {"#attributes": {"Qualifiers": 32768}, "#text": 3041}, "Version": 0, "Level": 3, "Task": 16, "Opcode": 0, "Keywords": "0x8080000000000000", "TimeCreated": {"#attributes": {"SystemTime": "2025-06-11T13:24:50.514674Z"}}, "EventRecordID": 335, "Correlation": null, "Execution": {"#attributes": {"ProcessID": 760, "ThreadID": 952}}, "Channel": "Directory Service", "Computer": "DC01.pirate.htb", "Security": {"#attributes": {"UserID": "S-1-5-7"}}}, "EventData": {"Data": {"#text": ""}, "Binary": null}}},
{"TimeGenerated": "2025-06-11T13:24:50.514674Z", "EventID": {"#attributes": {"Qualifiers": 16384}, "#text": 1000}, "Computer": "DC01.pirate.htb", "RawEvent": {"#attributes": {"xmlns": "http://schemas.microsoft.com/win/2004/08/events/event"}, "System": {"Provider": {"#attributes": {"Name": "Microsoft-Windows-ActiveDirectory_DomainService", "Guid": "{0e8478c5-3605-4e8c-8497-1e730c959516}", "EventSourceName": "NTDS General"}}, "EventID": {"#attributes": {"Qualifiers": 16384}, "#text": 1000}, "Version": 0, "Level": 4, "Task": 12, "Opcode": 0, "Keywords": "0x8080000000000000", "TimeCreated": {"#attributes": {"SystemTime": "2025-06-11T13:24:50.514674Z"}}, "EventRecordID": 336, "Correlation": null, "Execution": {"#attributes": {"ProcessID": 760, "ThreadID": 952}}, "Channel": "Directory Service", "Computer": "DC01.pirate.htb", "Security": {"#attributes": {"UserID": "S-1-5-7"}}}, "EventData": {"Data": {"#text": ""}, "Binary": null}}},
{"TimeGenerated": "2025-06-11T13:25:20.522115Z", "EventID": {"#attributes": {"Qualifiers": 16384}, "#text": 1394}, "Computer": "DC01.pirate.htb", "RawEvent": {"#attributes": {"xmlns": "http://schemas.microsoft.com/win/2004/08/events/event"}, "System": {"Provider": {"#attributes": {"Name": "Microsoft-Windows-ActiveDirectory_DomainService", "Guid": "{0e8478c5-3605-4e8c-8497-1e730c959516}", "EventSourceName": "NTDS General"}}, "EventID": {"#attributes": {"Qualifiers": 16384}, "#text": 1394}, "Version": 0, "Level": 4, "Task": 12, "Opcode": 0, "Keywords": "0x8080000000000000", "TimeCreated": {"#attributes": {"SystemTime": "2025-06-11T13:25:20.522115Z"}}, "EventRecordID": 337, "Correlation": null, "Execution": {"#attributes": {"ProcessID": 760, "ThreadID": 932}}, "Channel": "Directory Service", "Computer": "DC01.pirate.htb", "Security": {"#attributes": {"UserID": "S-1-5-7"}}}, "EventData": {"Data": {"#text": ""}, "Binary": null}}},
{"TimeGenerated": "2025-06-11T13:27:32.416695Z", "EventID": {"#attributes": {"Qualifiers": 32768}, "#text": 2947}, "Computer": "DC01.pirate.htb", "RawEvent": {"#attributes": {"xmlns": "http://schemas.microsoft.com/win/2004/08/events/event"}, "System": {"Provider": {"#attributes": {"Name": "Microsoft-Windows-ActiveDirectory_DomainService", "Guid": "{0e8478c5-3605-4e8c-8497-1e730c959516}", "EventSourceName": "NTDS General"}}, "EventID": {"#attributes": {"Qualifiers": 32768}, "#text": 2947}, "Version": 0, "Level": 3, "Task": 2, "Opcode": 0, "Keywords": "0x8080000000000000", "TimeCreated": {"#attributes": {"SystemTime": "2025-06-11T13:27:32.416695Z"}}, "EventRecordID": 338, "Correlation": null, "Execution": {"#attributes": {"ProcessID": 760, "ThreadID": 2612}}, "Channel": "Directory Service", "Computer": "DC01.pirate.htb", "Security": {"#attributes": {"UserID": "S-1-5-21-4107424128-4158083573-1300325248-3102"}}}, "EventData": {"Data": {"#text": ["CN=gMSA_ADFS_prod,CN=Managed Service Accounts,DC=pirate,DC=htb", "S-1-5-21-4107424128-4158083573-1300325248-3102", "192.168.100.2:49737", "8995"]}, "Binary": null}}},
{"TimeGenerated": "2025-06-11T13:27:32.539623Z", "EventID": {"#attributes": {"Qualifiers": 32768}, "#text": 2947}, "Computer": "DC01.pirate.htb", "RawEvent": {"#attributes": {"xmlns": "http://schemas.microsoft.com/win/2004/08/events/event"}, "System": {"Provider": {"#attributes": {"Name": "Microsoft-Windows-ActiveDirectory_DomainService", "Guid": "{0e8478c5-3605-4e8c-8497-1e730c959516}", "EventSourceName": "NTDS General"}}, "EventID": {"#attributes": {"Qualifiers": 32768}, "#text": 2947}, "Version": 0, "Level": 3, "Task": 2, "Opcode": 0, "Keywords": "0x8080000000000000", "TimeCreated": {"#attributes": {"SystemTime": "2025-06-11T13:27:32.539623Z"}}, "EventRecordID": 339, "Correlation": null, "Execution": {"#attributes": {"ProcessID": 760, "ThreadID": 2612}}, "Channel": "Directory Service", "Computer": "DC01.pirate.htb", "Security": {"#attributes": {"UserID": "S-1-5-21-4107424128-4158083573-1300325248-3102"}}}, "EventData": {"Data": {"#text": ["CN=gMSA_ADFS_prod,CN=Managed Service Accounts,DC=pirate,DC=htb", "S-1-5-21-4107424128-4158083573-1300325248-3102", "192.168.100.2:49742", "8995"]}, "Binary": null}}},
{"TimeGenerated": "2025-06-11T13:27:32.647929Z", "EventID": {"#attributes": {"Qualifiers": 32768}, "#text": 2947}, "Computer": "DC01.pirate.htb", "RawEvent": {"#attributes": {"xmlns": "http://schemas.microsoft.com/win/2004/08/events/event"}, "System": {"Provider": {"#attributes": {"Name": "Microsoft-Windows-ActiveDirectory_DomainService", "Guid": "{0e8478c5-3605-4e8c-8497-1e730c959516}", "EventSourceName": "NTDS General"}}, "EventID": {"#attributes": {"Qualifiers": 32768}, "#text": 2947}, "Version": 0, "Level": 3, "Task": 2, "Opcode": 0, "Keywords": "0x8080000000000000", "TimeCreated": {"#attributes": {"SystemTime": "2025-06-11T13:27:32.647929Z"}}, "EventRecordID": 340, "Correlation": null, "Execution": {"#attributes": {"ProcessID": 760, "ThreadID": 2612}}, "Channel": "Directory Service", "Computer": "DC01.pirate.htb", "Security": {"#attributes": {"UserID": "S-1-5-21-4107424128-4158083573-1300325248-3102"}}}, "EventData": {"Data": {"#text": ["CN=gMSA_ADFS_prod,CN=Managed Service Accounts,DC=pirate,DC=htb", "S-1-5-21-4107424128-4158083573-1300325248-3102", "192.168.100.2:49747", "8995"]}, "Binary": null}}},
{"TimeGenerated": "2025-06-11T13:27:32.754713Z", "EventID": {"#attributes": {"Qualifiers": 32768}, "#text": 2947}, "Computer": "DC01.pirate.htb", "RawEvent": {"#attributes": {"xmlns": "http://schemas.microsoft.com/win/2004/08/events/event"}, "System": {"Provider": {"#attributes": {"Name": "Microsoft-Windows-ActiveDirectory_DomainService", "Guid": "{0e8478c5-3605-4e8c-8497-1e730c959516}", "EventSourceName": "NTDS General"}}, "EventID": {"#attributes": {"Qualifiers": 32768}, "#text": 2947}, "Version": 0, "Level": 3, "Task": 2, "Opcode": 0, "Keywords": "0x8080000000000000", "TimeCreated": {"#attributes": {"SystemTime": "2025-06-11T13:27:32.754713Z"}}, "EventRecordID": 341, "Correlation": null, "Execution": {"#attributes": {"ProcessID": 760, "ThreadID": 2612}}, "Channel": "Directory Service", "Computer": "DC01.pirate.htb", "Security": {"#attributes": {"UserID": "S-1-5-21-4107424128-4158083573-1300325248-3102"}}}, "EventData": {"Data": {"#text": ["CN=gMSA_ADFS_prod,CN=Managed Service Accounts,DC=pirate,DC=htb", "S-1-5-21-4107424128-4158083573-1300325248-3102", "192.168.100.2:49752", "8995"]}, "Binary": null}}},
{"TimeGenerated": "2025-06-11T13:27:32.879140Z", "EventID": {"#attributes": {"Qualifiers": 32768}, "#text": 2947}, "Computer": "DC01.pirate.htb", "RawEvent": {"#attributes": {"xmlns": "http://schemas.microsoft.com/win/2004/08/events/event"}, "System": {"Provider": {"#attributes": {"Name": "Microsoft-Windows-ActiveDirectory_DomainService", "Guid": "{0e8478c5-3605-4e8c-8497-1e730c959516}", "EventSourceName": "NTDS General"}}, "EventID": {"#attributes": {"Qualifiers": 32768}, "#text": 2947}, "Version": 0, "Level": 3, "Task": 2, "Opcode": 0, "Keywords": "0x8080000000000000", "TimeCreated": {"#attributes": {"SystemTime": "2025-06-11T13:27:32.879140Z"}}, "EventRecordID": 342, "Correlation": null, "Execution": {"#attributes": {"ProcessID": 760, "ThreadID": 2684}}, "Channel": "Directory Service", "Computer": "DC01.pirate.htb", "Security": {"#attributes": {"UserID": "S-1-5-21-4107424128-4158083573-1300325248-3102"}}}, "EventData": {"Data": {"#text": ["CN=gMSA_ADFS_prod,CN=Managed Service Accounts,DC=pirate,DC=htb", "S-1-5-21-4107424128-4158083573-1300325248-3102", "192.168.100.2:49757", "8995"]}, "Binary": null}}},
{"TimeGenerated": "2025-06-11T13:39:50.557485Z", "EventID": {"#attributes": {"Qualifiers": 0}, "#text": 102}, "Computer": "DC01.pirate.htb", "RawEvent": {"#attributes": {"xmlns": "http://schemas.microsoft.com/win/2004/08/events/event"}, "System": {"Provider": {"#attributes": {"Name": "NTDS ISAM"}}, "EventID": {"#attributes": {"Qualifiers": 0}, "#text": 102}, "Level": 4, "Task": 1, "Keywords": "0x80000000000000", "TimeCreated": {"#attributes": {"SystemTime": "2025-06-11T13:39:50.557485Z"}}, "EventRecordID": 343, "Channel": "Directory Service", "Computer": "DC01.pirate.htb", "Security": null}, "EventData": {"Data": {"#text": ["NTDS", "760,P,98", "NTDSA: ", "0", "10", "00", "17763", "0000"]}, "Binary": null}}},
{"TimeGenerated": "2025-06-11T13:39:50.557485Z", "EventID": {"#attributes": {"Qualifiers": 0}, "#text": 105}, "Computer": "DC01.pirate.htb", "RawEvent": {"#attributes": {"xmlns": "http://schemas.microsoft.com/win/2004/08/events/event"}, "System": {"Provider": {"#attributes": {"Name": "NTDS ISAM"}}, "EventID": {"#attributes": {"Qualifiers": 0}, "#text": 105}, "Level": 4, "Task": 1, "Keywords": "0x80000000000000", "TimeCreated": {"#attributes": {"SystemTime": "2025-06-11T13:39:50.557485Z"}}, "EventRecordID": 344, "Channel": "Directory Service", "Computer": "DC01.pirate.htb", "Security": null}, "EventData": {"Data": {"#text": ["NTDS", "760,D,0", "NTDSA: ", "0", "0", "\n[1] 0.000923 +J(0) +M(C:0K, Fs:92, WS:352K # 0K, PF:3276K # 344K, P:3276K)\n[2] 0.000429 +J(0) +M(C:16K, Fs:129, WS:508K # 280K, PF:296K # 296K, P:296K)\n[3] 0.000031 +J(0) +M(C:0K, Fs:5, WS:20K # 20K, PF:64K # 64K, P:64K)\n[4] 0.005379 -0.000099 (1) WT +J(0) +M(C:0K, Fs:129, WS:436K # 436K, PF:5616K # 5616K, P:5616K)\n[5] 0.000122 +J(0) +M(C:0K, Fs:1, WS:4K # 4K, PF:0K # 0K, P:0K)\n[6] 0.001933 +J(0) +M(C:0K, Fs:20, WS:80K # 80K, PF:12K # 12K, P:12K)\n[7] 0.037483 -0.030341 (41) WT +J(0) +M(C:0K, Fs:2576, WS:10284K # 10284K, PF:10260K # 10260K, P:10260K)\n[8] -\n[9] -\n[10] -\n[11] -\n[12] -\n[13] 0.009675 -0.005797 (42) WT +J(CM:0, PgRf:0, Rd:0/0, Dy:0/0, Lg:616/1) +M(C:0K, Fs:7, WS:-10220K # 16K, PF:-10256K # 12K, P:-10256K)\n[14] 0.000033 +J(0) +M(C:0K, Fs:1, WS:4K # 0K, PF:0K # 0K, P:0K)\n[15] 0.000135 +J(0) +M(C:0K, Fs:308, WS:1232K # 0K, PF:64K # 0K, P:64K)\n[16] 0.000177 -0.000056 (1) WT +J(0) +M(C:0K, Fs:3, WS:0K # 0K, PF:0K # 0K, P:0K).", ""]}, "Binary": null}}},
{"TimeGenerated": "2025-06-11T13:39:50.557485Z", "EventID": {"#attributes": {"Qualifiers": 0}, "#text": 326}, "Computer": "DC01.pirate.htb", "RawEvent": {"#attributes": {"xmlns": "http://schemas.microsoft.com/win/2004/08/events/event"}, "System": {"Provider": {"#attributes": {"Name": "NTDS ISAM"}}, "EventID": {"#attributes": {"Qualifiers": 0}, "#text": 326}, "Level": 4, "Task": 1, "Keywords": "0x80000000000000", "TimeCreated": {"#attributes": {"SystemTime": "2025-06-11T13:39:50.557485Z"}}, "EventRecordID": 345, "Channel": "Directory Service", "Computer": "DC01.pirate.htb", "Security": null}, "EventData": {"Data": {"#text": ["NTDS", "760,D,50", "NTDSA: ", "1", "C:\\Windows\\NTDS\\ntds.dit", "0", "\n[1] 0.000022 +J(0) +M(C:0K, Fs:1, WS:4K # 0K, PF:0K # 0K, P:0K)\n[2] 0.000238 -0.000090 (1) WT +J(0) +M(C:0K, Fs:20, WS:12K # 0K, PF:12K # 0K, P:12K)\n[3] 0.002317 -0.000904 (6) WT +J(CM:0, PgRf:0, Rd:0/0, Dy:0/0, Lg:3480/2) +M(C:0K, Fs:25, WS:84K # 0K, PF:148K # 0K, P:148K)\n[4] 0.000051 +J(0)\n[5] -\n[6] -\n[7] -\n[8] 0.001470 -0.000320 (2) CM -0.000113 (2) WT +J(CM:2, PgRf:2, Rd:4/2, Dy:0/0, Lg:0/0) +M(C:32K, Fs:51, WS:192K # 0K, PF:232K # 0K, P:232K)\n[9] 0.002013 -0.001502 (6) CM -0.001192 (6) WT +J(CM:6, PgRf:24, Rd:0/6, Dy:0/0, Lg:0/0) +M(C:-20K, Fs:34, WS:100K # 0K, PF:256K # 0K, P:256K)\n[10] 0.000597 -0.000501 (3) CM -0.000350 (3) WT +J(CM:3, PgRf:40, Rd:0/3, Dy:0/0, Lg:0/0) +M(C:-8K, Fs:3, WS:0K # 0K, PF:56K # 0K, P:56K)\n[11] 0.000132 -0.000107 (1) CM -0.000049 (1) WT +J(CM:1, PgRf:1, Rd:0/1, Dy:0/0, Lg:0/0) +M(C:0K, Fs:3, WS:8K # 0K, PF:0K # 0K, P:0K)\n[12] 0.000150 -0.000111 (1) CM -0.000055 (1) WT +J(CM:1, PgRf:42, Rd:0/1, Dy:0/0, Lg:0/0) +M(C:0K, Fs:2, WS:4K # 0K, PF:0K # 0K, P:0K)\n[13] 0.000001 +J(0)\n[14] 0.0 +J(0)\n[15] 0.000130 -0.000114 (1) CM -0.000059 (1) WT +J(CM:1, PgRf:1, Rd:0/1, Dy:0/0, Lg:0/0) +M(C:0K, Fs:1, WS:0K # 0K, PF:0K # 0K, P:0K).", "0 0", "lgposAttach = 00000002:0753:0268"]}, "Binary": null}}},
{"TimeGenerated": "2025-06-11T13:39:50.557485Z", "EventID": {"#attributes": {"Qualifiers": 0}, "#text": 700}, "Computer": "DC01.pirate.htb", "RawEvent": {"#attributes": {"xmlns": "http://schemas.microsoft.com/win/2004/08/events/event"}, "System": {"Provider": {"#attributes": {"Name": "NTDS ISAM"}}, "EventID": {"#attributes": {"Qualifiers": 0}, "#text": 700}, "Level": 4, "Task": 10, "Keywords": "0x80000000000000", "TimeCreated": {"#attributes": {"SystemTime": "2025-06-11T13:39:50.557485Z"}}, "EventRecordID": 346, "Channel": "Directory Service", "Computer": "DC01.pirate.htb", "Security": null}, "EventData": {"Data": {"#text": ["NTDS", "760,D,0", "NTDSA: ", "C:\\Windows\\NTDS\\ntds.dit"]}, "Binary": null}}},
{"TimeGenerated": "2025-06-11T13:39:50.735068Z", "EventID": {"#attributes": {"Qualifiers": 0}, "#text": 701}, "Computer": "DC01.pirate.htb", "RawEvent": {"#attributes": {"xmlns": "http://schemas.microsoft.com/win/2004/08/events/event"}, "System": {"Provider": {"#attributes": {"Name": "NTDS ISAM"}}, "EventID": {"#attributes": {"Qualifiers": 0}, "#text": 701}, "Level": 4, "Task": 10, "Keywords": "0x80000000000000", "TimeCreated": {"#attributes": {"SystemTime": "2025-06-11T13:39:50.735068Z"}}, "EventRecordID": 347, "Channel": "Directory Service", "Computer": "DC01.pirate.htb", "Security": null}, "EventData": {"Data": {"#text": ["NTDS", "760,D,0", "NTDSA: ", "C:\\Windows\\NTDS\\ntds.dit", "2", "6/11/2025", "0", "1", "1", "8"]}, "Binary": null}}},
