[
{"TimeGenerated": "2025-06-08T14:39:49.640846Z", "EventID": {"#attributes": {"Qualifiers": 0}, "#text": 102}, "Computer": "DC01", "RawEvent": {"#attributes": {"xmlns": "http://schemas.microsoft.com/win/2004/08/events/event"}, "System": {"Provider": {"#attributes": {"Name": "NTDS ISAM"}}, "EventID": {"#attributes": {"Qualifiers": 0}, "#text": 102}, "Level": 4, "Task": 1, "Keywords": "0x80000000000000", "TimeCreated": {"#attributes": {"SystemTime": "2025-06-08T14:39:49.640846Z"}}, "EventRecordID": 1, "Channel": "Directory Service", "Computer": "DC01", "Security": null}, "EventData": {"Data": {"#text": ["NTDS", "640,P,98", "NTDSA: ", "0", "10", "00", "17763", "0000"]}, "Binary": null}}},
{"TimeGenerated": "2025-06-08T14:39:49.672049Z", "EventID": {"#attributes": {"Qualifiers": 0}, "#text": 105}, "Computer": "DC01", "RawEvent": {"#attributes": {"xmlns": "http://schemas.microsoft.com/win/2004/08/events/event"}, "System": {"Provider": {"#attributes": {"Name": "NTDS ISAM"}}, "EventID": {"#attributes": {"Qualifiers": 0}, "#text": 105}, "Level": 4, "Task": 1, "Keywords": "0x80000000000000", "TimeCreated": {"#attributes": {"SystemTime": "2025-06-08T14:39:49.672049Z"}}, "EventRecordID": 2, "Channel": "Directory Service", "Computer": "DC01", "Security": null}, "EventData": {"Data": {"#text": ["NTDS", "640,D,0", "NTDSA: ", "0", "0", "\n[1] 0.000232 +J(0) +M(C:0K, Fs:59, WS:220K # 0K, PF:2304K # 0K, P:2304K)\n[2] 0.000091 +J(0) +M(C:16K, Fs:82, WS:320K # 0K, PF:868K # 0K, P:868K)\n[3] 0.000014 +J(0) +M(C:0K, Fs:10, WS:40K # 0K, PF:64K # 0K, P:64K)\n[4] 0.001493 -0.000070 (1) WT +J(0) +M(C:0K, Fs:77, WS:236K # 0K, PF:5068K # 0K, P:5068K)\n[5] 0.000135 +J(0)\n[6] 0.000369 +J(0) +M(C:0K, Fs:2, WS:4K # 0K, PF:12K # 0K, P:12K)\n[7] -\n[8] -\n[9] -\n[10] -\n[11] -\n[12] -\n[13] 0.024398 -0.005983 (44) WT +J(CM:0, PgRf:0, Rd:0/0, Dy:0/0, Lg:616/1) +M(C:0K, Fs:2664, WS:400K # 5652K, PF:8K # 10088K, P:8K)\n[14] 0.000022 +J(0)\n[15] 0.000105 +J(0) +M(C:0K, Fs:206, WS:820K # 0K, PF:68K # 0K, P:68K)\n[16] 0.005868 -0.000062 (1) WT +J(0) +M(C:0K, Fs:2, WS:0K # 0K, PF:0K # 0K, P:0K).", ""]}, "Binary": null}}},
{"TimeGenerated": "2025-06-08T14:39:49.673799Z", "EventID": {"#attributes": {"Qualifiers": 0}, "#text": 637}, "Computer": "DC01", "RawEvent": {"#attributes": {"xmlns": "http://schemas.microsoft.com/win/2004/08/events/event"}, "System": {"Provider": {"#attributes": {"Name": "NTDS ISAM"}}, "EventID": {"#attributes": {"Qualifiers": 0}, "#text": 637}, "Level": 4, "Task": 1, "Keywords": "0x80000000000000", "TimeCreated": {"#attributes": {"SystemTime": "2025-06-08T14:39:49.673799Z"}}, "EventRecordID": 3, "Channel": "Directory Service", "Computer": "DC01", "Security": null}, "EventData": {"Data": {"#text": ["NTDS", "640,D,50", "NTDSA: ", "C:\\Windows\\NTDS\\ntds.jfm"]}, "Binary": null}}},
{"TimeGenerated": "2025-06-08T14:39:49.679778Z", "EventID": {"#attributes": {"Qualifiers": 0}, "#text": 326}, "Computer": "DC01", "RawEvent": {"#attributes": {"xmlns": "http://schemas.microsoft.com/win/2004/08/events/event"}, "System": {"Provider": {"#attributes": {"Name": "NTDS ISAM"}}, "EventID": {"#attributes": {"Qualifiers": 0}, "#text": 326}, "Level": 4, "Task": 1, "Keywords": "0x80000000000000", "TimeCreated": {"#attributes": {"SystemTime": "2025-06-08T14:39:49.679778Z"}}, "EventRecordID": 4, "Channel": "Directory Service", "Computer": "DC01", "Security": null}, "EventData": {"Data": {"#text": ["NTDS", "640,D,50", "NTDSA: ", "1", "C:\\Windows\\NTDS\\ntds.dit", "0", "\n[1] 0.000001 +J(0)\n[2] 0.000289 +J(0) +M(C:0K, Fs:18, WS:8K # 0K, PF:8K # 0K, P:8K)\n[3] 0.005546 -0.000615 (3) WT +J(CM:0, PgRf:0, Rd:0/0, Dy:0/0, Lg:3480/2) +M(C:0K, Fs:15, WS:52K # 0K, PF:20K # 0K, P:20K)\n[4] 0.000137 +J(0)\n[5] -\n[6] -\n[7] -\n[8] 0.000362 -0.000212 (2) CM -0.000119 (2) WT +J(CM:2, PgRf:2, Rd:4/2, Dy:0/0, Lg:0/0) +M(C:32K, Fs:15, WS:52K # 0K, PF:308K # 0K, P:308K)\n[9] 0.000794 -0.000631 (6) CM -0.000415 (6) WT +J(CM:6, PgRf:24, Rd:0/5, Dy:0/0, Lg:0/0) +M(C:-24K, Fs:16, WS:28K # 0K, PF:188K # 0K, P:188K)\n[10] 0.000357 -0.000281 (3) CM -0.000147 (3) WT +J(CM:3, PgRf:40, Rd:0/3, Dy:0/0, Lg:0/0) +M(C:-4K, Fs:3, WS:0K # 0K, PF:60K # 0K, P:60K)\n[11] 0.000004 +J(CM:0, PgRf:1, Rd:0/0, Dy:0/0, Lg:0/0)\n[12] 0.000016 +J(CM:0, PgRf:42, Rd:0/0, Dy:0/0, Lg:0/0)\n[13] 0.0 +J(0)\n[14] 0.0 +J(0)\n[15] 0.000269 -0.000088 (2) WT +J(CM:0, PgRf:1, Rd:0/0, Dy:0/0, Lg:0/0) +M(C:0K, Fs:2, WS:0K # 0K, PF:0K # 0K, P:0K).", "0 0", "lgposAttach = 00000001:0001:0268"]}, "Binary": null}}},
{"TimeGenerated": "2025-06-08T14:39:50.071715Z", "EventID": {"#attributes": {"Qualifiers": 16384}, "#text": 2013}, "Computer": "DC01", "RawEvent": {"#attributes": {"xmlns": "http://schemas.microsoft.com/win/2004/08/events/event"}, "System": {"Provider": {"#attributes": {"Name": "Microsoft-Windows-ActiveDirectory_DomainService", "Guid": "{0e8478c5-3605-4e8c-8497-1e730c959516}", "EventSourceName": "NTDS Database"}}, "EventID": {"#attributes": {"Qualifiers": 16384}, "#text": 2013}, "Version": 0, "Level": 4, "Task": 9, "Opcode": 0, "Keywords": "0x8080000000000000", "TimeCreated": {"#attributes": {"SystemTime": "2025-06-08T14:39:50.071715Z"}}, "EventRecordID": 5, "Correlation": null, "Execution": {"#attributes": {"ProcessID": 640, "ThreadID": 6104}}, "Channel": "Directory Service", "Computer": "DC01", "Security": {"#attributes": {"UserID": "S-1-5-7"}}}, "EventData": {"Data": {"#text": ["1", "LCL_ABVIEW_index00000409 +ATTb590468 "]}, "Binary": null}}},
{"TimeGenerated": "2025-06-08T14:39:50.099733Z", "EventID": {"#attributes": {"Qualifiers": 16384}, "#text": 2014}, "Computer": "DC01", "RawEvent": {"#attributes": {"xmlns": "http://schemas.microsoft.com/win/2004/08/events/event"}, "System": {"Provider": {"#attributes": {"Name": "Microsoft-Windows-ActiveDirectory_DomainService", "Guid": "{0e8478c5-3605-4e8c-8497-1e730c959516}", "EventSourceName": "NTDS Database"}}, "EventID": {"#attributes": {"Qualifiers": 16384}, "#text": 2014}, "Version": 0, "Level": 4, "Task": 9, "Opcode": 0, "Keywords": "0x8080000000000000", "TimeCreated": {"#attributes": {"SystemTime": "2025-06-08T14:39:50.099733Z"}}, "EventRecordID": 6, "Correlation": null, "Execution": {"#attributes": {"ProcessID": 640, "ThreadID": 6104}}, "Channel": "Directory Service", "Computer": "DC01", "Security": {"#attributes": {"UserID": "S-1-5-7"}}}, "EventData": {"Data": {"#text": "1"}, "Binary": null}}},
{"TimeGenerated": "2025-06-08T14:39:50.145729Z", "EventID": {"#attributes": {"Qualifiers": 16384}, "#text": 2120}, "Computer": "DC01", "RawEvent": {"#attributes": {"xmlns": "http://schemas.microsoft.com/win/2004/08/events/event"}, "System": {"Provider": {"#attributes": {"Name": "Microsoft-Windows-ActiveDirectory_DomainService", "Guid": "{0e8478c5-3605-4e8c-8497-1e730c959516}", "EventSourceName": "NTDS Database"}}, "EventID": {"#attributes": {"Qualifiers": 16384}, "#text": 2120}, "Version": 0, "Level": 4, "Task": 7, "Opcode": 0, "Keywords": "0x8080000000000000", "TimeCreated": {"#attributes": {"SystemTime": "2025-06-08T14:39:50.145729Z"}}, "EventRecordID": 7, "Correlation": null, "Execution": {"#attributes": {"ProcessID": 640, "ThreadID": 6104}}, "Channel": "Directory Service", "Computer": "DC01", "Security": {"#attributes": {"UserID": "S-1-5-7"}}}, "EventData": {"Data": {"#text": ""}, "Binary": null}}},
{"TimeGenerated": "2025-06-08T14:39:50.145729Z", "EventID": {"#attributes": {"Qualifiers": 16384}, "#text": 2405}, "Computer": "DC01", "RawEvent": {"#attributes": {"xmlns": "http://schemas.microsoft.com/win/2004/08/events/event"}, "System": {"Provider": {"#attributes": {"Name": "Microsoft-Windows-ActiveDirectory_DomainService", "Guid": "{0e8478c5-3605-4e8c-8497-1e730c959516}", "EventSourceName": "NTDS Database"}}, "EventID": {"#attributes": {"Qualifiers": 16384}, "#text": 2405}, "Version": 0, "Level": 4, "Task": 7, "Opcode": 0, "Keywords": "0x8080000000000000", "TimeCreated": {"#attributes": {"SystemTime": "2025-06-08T14:39:50.145729Z"}}, "EventRecordID": 8, "Correlation": null, "Execution": {"#attributes": {"ProcessID": 640, "ThreadID": 6104}}, "Channel": "Directory Service", "Computer": "DC01", "Security": {"#attributes": {"UserID": "S-1-5-7"}}}, "EventData": {"Data": {"#text": "Recycle Bin Feature"}, "Binary": null}}},
{"TimeGenerated": "2025-06-08T14:39:50.145729Z", "EventID": {"#attributes": {"Qualifiers": 16384}, "#text": 2405}, "Computer": "DC01", "RawEvent": {"#attributes": {"xmlns": "http://schemas.microsoft.com/win/2004/08/events/event"}, "System": {"Provider": {"#attributes": {"Name": "Microsoft-Windows-ActiveDirectory_DomainService", "Guid": "{0e8478c5-3605-4e8c-8497-1e730c959516}", "EventSourceName": "NTDS Database"}}, "EventID": {"#attributes": {"Qualifiers": 16384}, "#text": 2405}, "Version": 0, "Level": 4, "Task": 7, "Opcode": 0, "Keywords": "0x8080000000000000", "TimeCreated": {"#attributes": {"SystemTime": "2025-06-08T14:39:50.145729Z"}}, "EventRecordID": 9, "Correlation": null, "Execution": {"#attributes": {"ProcessID": 640, "ThreadID": 6104}}, "Channel": "Directory Service", "Computer": "DC01", "Security": {"#attributes": {"UserID": "S-1-5-7"}}}, "EventData": {"Data": {"#text": "Privileged Access Management Feature"}, "Binary": null}}},
{"TimeGenerated": "2025-06-08T14:39:53.267359Z", "EventID": {"#attributes": {"Qualifiers": 0}, "#text": 700}, "Computer": "DC01", "RawEvent": {"#attributes": {"xmlns": "http://schemas.microsoft.com/win/2004/08/events/event"}, "System": {"Provider": {"#attributes": {"Name": "NTDS ISAM"}}, "EventID": {"#attributes": {"Qualifiers": 0}, "#text": 700}, "Level": 4, "Task": 10, "Keywords": "0x80000000000000", "TimeCreated": {"#attributes": {"SystemTime": "2025-06-08T14:39:53.267359Z"}}, "EventRecordID": 10, "Channel": "Directory Service", "Computer": "DC01", "Security": null}, "EventData": {"Data": {"#text": ["NTDS", "640,D,0", "NTDSA: ", "C:\\Windows\\NTDS\\ntds.dit"]}, "Binary": null}}},
{"TimeGenerated": "2025-06-08T14:39:53.298446Z", "EventID": {"#attributes": {"Qualifiers": 0}, "#text": 701}, "Computer": "DC01", "RawEvent": {"#attributes": {"xmlns": "http://schemas.microsoft.com/win/2004/08/events/event"}, "System": {"Provider": {"#attributes": {"Name": "NTDS ISAM"}}, "EventID": {"#attributes": {"Qualifiers": 0}, "#text": 701}, "Level": 4, "Task": 10, "Keywords": "0x80000000000000", "TimeCreated": {"#attributes": {"SystemTime": "2025-06-08T14:39:53.298446Z"}}, "EventRecordID": 11, "Channel": "Directory Service", "Computer": "DC01", "Security": null}, "EventData": {"Data": {"#text": ["NTDS", "640,D,0", "NTDSA: ", "C:\\Windows\\NTDS\\ntds.dit", "9", "6/8/2025", "0", "1", "1", "1"]}, "Binary": null}}},
{"TimeGenerated": "2025-06-08T14:39:53.601304Z", "EventID": {"#attributes": {"Qualifiers": 0}, "#text": 103}, "Computer": "DC01", "RawEvent": {"#attributes": {"xmlns": "http://schemas.microsoft.com/win/2004/08/events/event"}, "System": {"Provider": {"#attributes": {"Name": "NTDS ISAM"}}, "EventID": {"#attributes": {"Qualifiers": 0}, "#text": 103}, "Level": 4, "Task": 1, "Keywords": "0x80000000000000", "TimeCreated": {"#attributes": {"SystemTime": "2025-06-08T14:39:53.601304Z"}}, "EventRecordID": 12, "Channel": "Directory Service", "Computer": "DC01", "Security": null}, "EventData": {"Data": {"#text": ["NTDS", "640,T,97", "NTDSA: ", "0", "\n[1] 0.000001 +J(0) +M(C:4K, Fs:0, WS:0K # 0K, PF:0K # 0K, P:0K)\n[2] 0.000002 +J(0) +M(C:4K, Fs:1, WS:4K # 0K, PF:4K # 0K, P:4K)\n[3] 0.000085 +J(CM:0, PgRf:45, Rd:0/0, Dy:4/54, Lg:2018/41) +M(C:24K, Fs:16, WS:64K # 0K, PF:24K # 0K, P:24K)\n[4] 0.000001 +J(0)\n[5] 0.027590 -0.020008 (12) WT +J(0) +M(C:-132K, Fs:247, WS:-28K # 0K, PF:-132K # 0K, P:-132K)\n[6] 0.000005 +J(0)\n[7] 0.000003 +J(0)\n[8] 0.009229 -0.000747 (11) WT +J(CM:0, PgRf:0, Rd:0/0, Dy:0/0, Lg:3765/2) +M(C:0K, Fs:8, WS:-160K # 0K, PF:-172K # 0K, P:-172K)\n[9] 0.000275 -0.000130 (1) WT +J(CM:0, PgRf:0, Rd:0/0, Dy:0/0, Lg:66/1) +M(C:0K, Fs:1, WS:4K # 0K, PF:0K # 0K, P:0K)\n[10] 0.000010 +J(0)\n[11] 0.002186 -0.000087 (2) WT +J(0)\n[12] 0.000007 +J(0) +M(C:0K, Fs:0, WS:-4K # 0K, PF:-4K # 0K, P:-4K)\n[13] 0.004434 +J(0)\n[14] 0.000522 +J(0) +M(C:0K, Fs:0, WS:-7388K # 0K, PF:-7404K # 0K, P:-7404K)\n[15] 0.000002 +J(0).", "0"]}, "Binary": null}}},
{"TimeGenerated": "2025-06-08T14:39:53.250436Z", "EventID": {"#attributes": {"Qualifiers": 16384}, "#text": 1898}, "Computer": "DC01", "RawEvent": {"#attributes": {"xmlns": "http://schemas.microsoft.com/win/2004/08/events/event"}, "System": {"Provider": {"#attributes": {"Name": "Microsoft-Windows-ActiveDirectory_DomainService", "Guid": "{0e8478c5-3605-4e8c-8497-1e730c959516}", "EventSourceName": "NTDS Database"}}, "EventID": {"#attributes": {"Qualifiers": 16384}, "#text": 1898}, "Version": 0, "Level": 4, "Task": 24, "Opcode": 0, "Keywords": "0x8080000000000000", "TimeCreated": {"#attributes": {"SystemTime": "2025-06-08T14:39:53.250436Z"}}, "EventRecordID": 13, "Correlation": null, "Execution": {"#attributes": {"ProcessID": 640, "ThreadID": 6104}}, "Channel": "Directory Service", "Computer": "DC01", "Security": {"#attributes": {"UserID": "S-1-5-7"}}}, "EventData": {"Data": {"#text": "CN=domain-dns,CN=Schema,CN=Configuration,DC=pirate,DC=htb"}, "Binary": null}}},
{"TimeGenerated": "2025-06-08T14:39:53.250436Z", "EventID": {"#attributes": {"Qualifiers": 16384}, "#text": 1898}, "Computer": "DC01", "RawEvent": {"#attributes": {"xmlns": "http://schemas.microsoft.com/win/2004/08/events/event"}, "System": {"Provider": {"#attributes": {"Name": "Microsoft-Windows-ActiveDirectory_DomainService", "Guid": "{0e8478c5-3605-4e8c-8497-1e730c959516}", "EventSourceName": "NTDS Database"}}, "EventID": {"#attributes": {"Qualifiers": 16384}, "#text": 1898}, "Version": 0, "Level": 4, "Task": 24, "Opcode": 0, "Keywords": "0x8080000000000000", "TimeCreated": {"#attributes": {"SystemTime": "2025-06-08T14:39:53.250436Z"}}, "EventRecordID": 14, "Correlation": null, "Execution": {"#attributes": {"ProcessID": 640, "ThreadID": 6104}}, "Channel": "Directory Service", "Computer": "DC01", "Security": {"#attributes": {"UserID": "S-1-5-7"}}}, "EventData": {"Data": {"#text": "CN=sam-domain,CN=Schema,CN=Configuration,DC=pirate,DC=htb"}, "Binary": null}}},
{"TimeGenerated": "2025-06-08T14:39:53.268428Z", "EventID": {"#attributes": {"Qualifiers": 16384}, "#text": 1000}, "Computer": "DC01", "RawEvent": {"#attributes": {"xmlns": "http://schemas.microsoft.com/win/2004/08/events/event"}, "System": {"Provider": {"#attributes": {"Name": "Microsoft-Windows-ActiveDirectory_DomainService", "Guid": "{0e8478c5-3605-4e8c-8497-1e730c959516}", "EventSourceName": "NTDS Database"}}, "EventID": {"#attributes": {"Qualifiers": 16384}, "#text": 1000}, "Version": 0, "Level": 4, "Task": 12, "Opcode": 0, "Keywords": "0x8080000000000000", "TimeCreated": {"#attributes": {"SystemTime": "2025-06-08T14:39:53.268428Z"}}, "EventRecordID": 15, "Correlation": null, "Execution": {"#attributes": {"ProcessID": 640, "ThreadID": 6104}}, "Channel": "Directory Service", "Computer": "DC01", "Security": {"#attributes": {"UserID": "S-1-5-7"}}}, "EventData": {"Data": {"#text": ""}, "Binary": null}}},
{"TimeGenerated": "2025-06-08T14:39:53.325343Z", "EventID": {"#attributes": {"Qualifiers": 16384}, "#text": 2064}, "Computer": "DC01", "RawEvent": {"#attributes": {"xmlns": "http://schemas.microsoft.com/win/2004/08/events/event"}, "System": {"Provider": {"#attributes": {"Name": "Microsoft-Windows-ActiveDirectory_DomainService", "Guid": "{0e8478c5-3605-4e8c-8497-1e730c959516}", "EventSourceName": "NTDS Database"}}, "EventID": {"#attributes": {"Qualifiers": 16384}, "#text": 2064}, "Version": 0, "Level": 4, "Task": 9, "Opcode": 0, "Keywords": "0x8080000000000000", "TimeCreated": {"#attributes": {"SystemTime": "2025-06-08T14:39:53.325343Z"}}, "EventRecordID": 16, "Correlation": null, "Execution": {"#attributes": {"ProcessID": 640, "ThreadID": 6104}}, "Channel": "Directory Service", "Computer": "DC01", "Security": {"#attributes": {"UserID": "S-1-5-7"}}}, "EventData": {"Data": {"#text": ""}, "Binary": null}}},
{"TimeGenerated": "2025-06-08T14:39:53.603316Z", "EventID": {"#attributes": {"Qualifiers": 16384}, "#text": 1004}, "Computer": "DC01", "RawEvent": {"#attributes": {"xmlns": "http://schemas.microsoft.com/win/2004/08/events/event"}, "System": {"Provider": {"#attributes": {"Name": "Microsoft-Windows-ActiveDirectory_DomainService", "Guid": "{0e8478c5-3605-4e8c-8497-1e730c959516}", "EventSourceName": "NTDS Database"}}, "EventID": {"#attributes": {"Qualifiers": 16384}, "#text": 1004}, "Version": 0, "Level": 4, "Task": 12, "Opcode": 0, "Keywords": "0x8080000000000000", "TimeCreated": {"#attributes": {"SystemTime": "2025-06-08T14:39:53.603316Z"}}, "EventRecordID": 17, "Correlation": null, "Execution": {"#attributes": {"ProcessID": 640, "ThreadID": 6104}}, "Channel": "Directory Service", "Computer": "DC01", "Security": null}, "EventData": {"Data": {"#text": ""}, "Binary": null}}},
{"TimeGenerated": "2025-06-08T14:40:28.896020Z", "EventID": {"#attributes": {"Qualifiers": 16384}, "#text": 2064}, "Computer": "DC01.pirate.htb", "RawEvent": {"#attributes": {"xmlns": "http://schemas.microsoft.com/win/2004/08/events/event"}, "System": {"Provider": {"#attributes": {"Name": "Microsoft-Windows-ActiveDirectory_DomainService", "Guid": "{0e8478c5-3605-4e8c-8497-1e730c959516}", "EventSourceName": "NTDS Database"}}, "EventID": {"#attributes": {"Qualifiers": 16384}, "#text": 2064}, "Version": 0, "Level": 4, "Task": 9, "Opcode": 0, "Keywords": "0x8080000000000000", "TimeCreated": {"#attributes": {"SystemTime": "2025-06-08T14:40:28.896020Z"}}, "EventRecordID": 18, "Correlation": {"#attributes": {"ActivityID": "43B7D275-D883-0000-47D3-B74383D8DB01"}}, "Execution": {"#attributes": {"ProcessID": 632, "ThreadID": 636}}, "Channel": "Directory Service", "Computer": "DC01.pirate.htb", "Security": {"#attributes": {"UserID": "S-1-5-7"}}}, "EventData": {"Data": {"#text": ""}, "Binary": null}}},
{"TimeGenerated": "2025-06-08T14:40:29.052298Z", "EventID": {"#attributes": {"Qualifiers": 32768}, "#text": 3051}, "Computer": "DC01.pirate.htb", "RawEvent": {"#attributes": {"xmlns": "http://schemas.microsoft.com/win/2004/08/events/event"}, "System": {"Provider": {"#attributes": {"Name": "Microsoft-Windows-ActiveDirectory_DomainService", "Guid": "{0e8478c5-3605-4e8c-8497-1e730c959516}", "EventSourceName": "NTDS Database"}}, "EventID": {"#attributes": {"Qualifiers": 32768}, "#text": 3051}, "Version": 0, "Level": 3, "Task": 2, "Opcode": 0, "Keywords": "0x8080000000000000", "TimeCreated": {"#attributes": {"SystemTime": "2025-06-08T14:40:29.052298Z"}}, "EventRecordID": 19, "Correlation": {"#attributes": {"ActivityID": "43B7D275-D883-0000-47D3-B74383D8DB01"}}, "Execution": {"#attributes": {"ProcessID": 632, "ThreadID": 636}}, "Channel": "Directory Service", "Computer": "DC01.pirate.htb", "Security": {"#attributes": {"UserID": "S-1-5-7"}}}, "EventData": {"Data": {"#text": ""}, "Binary": null}}},
{"TimeGenerated": "2025-06-08T14:40:29.052298Z", "EventID": {"#attributes": {"Qualifiers": 32768}, "#text": 3054}, "Computer": "DC01.pirate.htb", "RawEvent": {"#attributes": {"xmlns": "http://schemas.microsoft.com/win/2004/08/events/event"}, "System": {"Provider": {"#attributes": {"Name": "Microsoft-Windows-ActiveDirectory_DomainService", "Guid": "{0e8478c5-3605-4e8c-8497-1e730c959516}", "EventSourceName": "NTDS Database"}}, "EventID": {"#attributes": {"Qualifiers": 32768}, "#text": 3054}, "Version": 0, "Level": 3, "Task": 2, "Opcode": 0, "Keywords": "0x8080000000000000", "TimeCreated": {"#attributes": {"SystemTime": "2025-06-08T14:40:29.052298Z"}}, "EventRecordID": 20, "Correlation": {"#attributes": {"ActivityID": "43B7D275-D883-0000-47D3-B74383D8DB01"}}, "Execution": {"#attributes": {"ProcessID": 632, "ThreadID": 636}}, "Channel": "Directory Service", "Computer": "DC01.pirate.htb", "Security": {"#attributes": {"UserID": "S-1-5-7"}}}, "EventData": {"Data": {"#text": ""}, "Binary": null}}},
{"TimeGenerated": "2025-06-08T14:40:29.256620Z", "EventID": {"#attributes": {"Qualifiers": 16384}, "#text": 2121}, "Computer": "DC01.pirate.htb", "RawEvent": {"#attributes": {"xmlns": "http://schemas.microsoft.com/win/2004/08/events/event"}, "System": {"Provider": {"#attributes": {"Name": "Microsoft-Windows-ActiveDirectory_DomainService", "Guid": "{0e8478c5-3605-4e8c-8497-1e730c959516}", "EventSourceName": "NTDS Database"}}, "EventID": {"#attributes": {"Qualifiers": 16384}, "#text": 2121}, "Version": 0, "Level": 4, "Task": 7, "Opcode": 0, "Keywords": "0x8080000000000000", "TimeCreated": {"#attributes": {"SystemTime": "2025-06-08T14:40:29.256620Z"}}, "EventRecordID": 21, "Correlation": {"#attributes": {"ActivityID": "43B7D275-D883-0000-47D3-B74383D8DB01"}}, "Execution": {"#attributes": {"ProcessID": 632, "ThreadID": 636}}, "Channel": "Directory Service", "Computer": "DC01.pirate.htb", "Security": {"#attributes": {"UserID": "S-1-5-7"}}}, "EventData": {"Data": {"#text": ""}, "Binary": null}}},
{"TimeGenerated": "2025-06-08T14:40:29.256620Z", "EventID": {"#attributes": {"Qualifiers": 16384}, "#text": 2406}, "Computer": "DC01.pirate.htb", "RawEvent": {"#attributes": {"xmlns": "http://schemas.microsoft.com/win/2004/08/events/event"}, "System": {"Provider": {"#attributes": {"Name": "Microsoft-Windows-ActiveDirectory_DomainService", "Guid": "{0e8478c5-3605-4e8c-8497-1e730c959516}", "EventSourceName": "NTDS Database"}}, "EventID": {"#attributes": {"Qualifiers": 16384}, "#text": 2406}, "Version": 0, "Level": 4, "Task": 7, "Opcode": 0, "Keywords": "0x8080000000000000", "TimeCreated": {"#attributes": {"SystemTime": "2025-06-08T14:40:29.256620Z"}}, "EventRecordID": 22, "Correlation": {"#attributes": {"ActivityID": "43B7D275-D883-0000-47D3-B74383D8DB01"}}, "Execution": {"#attributes": {"ProcessID": 632, "ThreadID": 636}}, "Channel": "Directory Service", "Computer": "DC01.pirate.htb", "Security": {"#attributes": {"UserID": "S-1-5-7"}}}, "EventData": {"Data": {"#text": "Recycle Bin Feature"}, "Binary": null}}},
{"TimeGenerated": "2025-06-08T14:40:29.256620Z", "EventID": {"#attributes": {"Qualifiers": 16384}, "#text": 2406}, "Computer": "DC01.pirate.htb", "RawEvent": {"#attributes": {"xmlns": "http://schemas.microsoft.com/win/2004/08/events/event"}, "System": {"Provider": {"#attributes": {"Name": "Microsoft-Windows-ActiveDirectory_DomainService", "Guid": "{0e8478c5-3605-4e8c-8497-1e730c959516}", "EventSourceName": "NTDS Database"}}, "EventID": {"#attributes": {"Qualifiers": 16384}, "#text": 2406}, "Version": 0, "Level": 4, "Task": 7, "Opcode": 0, "Keywords": "0x8080000000000000", "TimeCreated": {"#attributes": {"SystemTime": "2025-06-08T14:40:29.256620Z"}}, "EventRecordID": 23, "Correlation": {"#attributes": {"ActivityID": "43B7D275-D883-0000-47D3-B74383D8DB01"}}, "Execution": {"#attributes": {"ProcessID": 632, "ThreadID": 636}}, "Channel": "Directory Service", "Computer": "DC01.pirate.htb", "Security": {"#attributes": {"UserID": "S-1-5-7"}}}, "EventData": {"Data": {"#text": "Privileged Access Management Feature"}, "Binary": null}}},
{"TimeGenerated": "2025-06-08T14:40:29.256620Z", "EventID": {"#attributes": {"Qualifiers": 16384}, "#text": 2168}, "Computer": "DC01.pirate.htb", "RawEvent": {"#attributes": {"xmlns": "http://schemas.microsoft.com/win/2004/08/events/event"}, "System": {"Provider": {"#attributes": {"Name": "Microsoft-Windows-ActiveDirectory_DomainService", "Guid": "{0e8478c5-3605-4e8c-8497-1e730c959516}", "EventSourceName": "NTDS Database"}}, "EventID": {"#attributes": {"Qualifiers": 16384}, "#text": 2168}, "Version": 0, "Level": 4, "Task": 7, "Opcode": 0, "Keywords": "0x8080000000000000", "TimeCreated": {"#attributes": {"SystemTime": "2025-06-08T14:40:29.256620Z"}}, "EventRecordID": 24, "Correlation": {"#attributes": {"ActivityID": "43B7D275-D883-0000-47D3-B74383D8DB01"}}, "Execution": {"#attributes": {"ProcessID": 632, "ThreadID": 636}}, "Channel": "Directory Service", "Computer": "DC01.pirate.htb", "Security": {"#attributes": {"UserID": "S-1-5-7"}}}, "EventData": {"Data": {"#text": "10966531394940434518"}, "Binary": null}}},
{"TimeGenerated": "2025-06-08T14:40:29.256620Z", "EventID": {"#attributes": {"Qualifiers": 16384}, "#text": 2120}, "Computer": "DC01.pirate.htb", "RawEvent": {"#attributes": {"xmlns": "http://schemas.microsoft.com/win/2004/08/events/event"}, "System": {"Provider": {"#attributes": {"Name": "Microsoft-Windows-ActiveDirectory_DomainService", "Guid": "{0e8478c5-3605-4e8c-8497-1e730c959516}", "EventSourceName": "NTDS Database"}}, "EventID": {"#attributes": {"Qualifiers": 16384}, "#text": 2120}, "Version": 0, "Level": 4, "Task": 7, "Opcode": 0, "Keywords": "0x8080000000000000", "TimeCreated": {"#attributes": {"SystemTime": "2025-06-08T14:40:29.256620Z"}}, "EventRecordID": 25, "Correlation": null, "Execution": {"#attributes": {"ProcessID": 632, "ThreadID": 792}}, "Channel": "Directory Service", "Computer": "DC01.pirate.htb", "Security": {"#attributes": {"UserID": "S-1-5-7"}}}, "EventData": {"Data": {"#text": ""}, "Binary": null}}},
{"TimeGenerated": "2025-06-08T14:40:29.256620Z", "EventID": {"#attributes": {"Qualifiers": 16384}, "#text": 2405}, "Computer": "DC01.pirate.htb", "RawEvent": {"#attributes": {"xmlns": "http://schemas.microsoft.com/win/2004/08/events/event"}, "System": {"Provider": {"#attributes": {"Name": "Microsoft-Windows-ActiveDirectory_DomainService", "Guid": "{0e8478c5-3605-4e8c-8497-1e730c959516}", "EventSourceName": "NTDS Database"}}, "EventID": {"#attributes": {"Qualifiers": 16384}, "#text": 2405}, "Version": 0, "Level": 4, "Task": 7, "Opcode": 0, "Keywords": "0x8080000000000000", "TimeCreated": {"#attributes": {"SystemTime": "2025-06-08T14:40:29.256620Z"}}, "EventRecordID": 26, "Correlation": null, "Execution": {"#attributes": {"ProcessID": 632, "ThreadID": 792}}, "Channel": "Directory Service", "Computer": "DC01.pirate.htb", "Security": {"#attributes": {"UserID": "S-1-5-7"}}}, "EventData": {"Data": {"#text": "Recycle Bin Feature"}, "Binary": null}}},
{"TimeGenerated": "2025-06-08T14:40:29.256620Z", "EventID": {"#attributes": {"Qualifiers": 16384}, "#text": 2405}, "Computer": "DC01.pirate.htb", "RawEvent": {"#attributes": {"xmlns": "http://schemas.microsoft.com/win/2004/08/events/event"}, "System": {"Provider": {"#attributes": {"Name": "Microsoft-Windows-ActiveDirectory_DomainService", "Guid": "{0e8478c5-3605-4e8c-8497-1e730c959516}", "EventSourceName": "NTDS Database"}}, "EventID": {"#attributes": {"Qualifiers": 16384}, "#text": 2405}, "Version": 0, "Level": 4, "Task": 7, "Opcode": 0, "Keywords": "0x8080000000000000", "TimeCreated": {"#attributes": {"SystemTime": "2025-06-08T14:40:29.256620Z"}}, "EventRecordID": 27, "Correlation": null, "Execution": {"#attributes": {"ProcessID": 632, "ThreadID": 792}}, "Channel": "Directory Service", "Computer": "DC01.pirate.htb", "Security": {"#attributes": {"UserID": "S-1-5-7"}}}, "EventData": {"Data": {"#text": "Privileged Access Management Feature"}, "Binary": null}}},
{"TimeGenerated": "2025-06-08T14:40:39.274960Z", "EventID": {"#attributes": {"Qualifiers": 32768}, "#text": 2886}, "Computer": "DC01.pirate.htb", "RawEvent": {"#attributes": {"xmlns": "http://schemas.microsoft.com/win/2004/08/events/event"}, "System": {"Provider": {"#attributes": {"Name": "Microsoft-Windows-ActiveDirectory_DomainService", "Guid": "{0e8478c5-3605-4e8c-8497-1e730c959516}", "EventSourceName": "NTDS Database"}}, "EventID": {"#attributes": {"Qualifiers": 32768}, "#text": 2886}, "Version": 0, "Level": 3, "Task": 16, "Opcode": 0, "Keywords": "0x8080000000000000", "TimeCreated": {"#attributes": {"SystemTime": "2025-06-08T14:40:39.274960Z"}}, "EventRecordID": 28, "Correlation": null, "Execution": {"#attributes": {"ProcessID": 632, "ThreadID": 812}}, "Channel": "Directory Service", "Computer": "DC01.pirate.htb", "Security": {"#attributes": {"UserID": "S-1-5-7"}}}, "EventData": {"Data": {"#text": ""}, "Binary": null}}},
{"TimeGenerated": "2025-06-08T14:40:39.274960Z", "EventID": {"#attributes": {"Qualifiers": 32768}, "#text": 3041}, "Computer": "DC01.pirate.htb", "RawEvent": {"#attributes": {"xmlns": "http://schemas.microsoft.com/win/2004/08/events/event"}, "System": {"Provider": {"#attributes": {"Name": "Microsoft-Windows-ActiveDirectory_DomainService", "Guid": "{0e8478c5-3605-4e8c-8497-1e730c959516}", "EventSourceName": "NTDS Database"}}, "EventID": {"#attributes": {"Qualifiers": 32768}, "#text": 3041}, "Version": 0, "Level": 3, "Task": 16, "Opcode": 0, "Keywords": "0x8080000000000000", "TimeCreated": {"#attributes": {"SystemTime": "2025-06-08T14:40:39.274960Z"}}, "EventRecordID": 29, "Correlation": null, "Execution": {"#attributes": {"ProcessID": 632, "ThreadID": 812}}, "Channel": "Directory Service", "Computer": "DC01.pirate.htb", "Security": {"#attributes": {"UserID": "S-1-5-7"}}}, "EventData": {"Data": {"#text": ""}, "Binary": null}}},
{"TimeGenerated": "2025-06-08T14:40:39.274960Z", "EventID": {"#attributes": {"Qualifiers": 16384}, "#text": 1000}, "Computer": "DC01.pirate.htb", "RawEvent": {"#attributes": {"xmlns": "http://schemas.microsoft.com/win/2004/08/events/event"}, "System": {"Provider": {"#attributes": {"Name": "Microsoft-Windows-ActiveDirectory_DomainService", "Guid": "{0e8478c5-3605-4e8c-8497-1e730c959516}", "EventSourceName": "NTDS Database"}}, "EventID": {"#attributes": {"Qualifiers": 16384}, "#text": 1000}, "Version": 0, "Level": 4, "Task": 12, "Opcode": 0, "Keywords": "0x8080000000000000", "TimeCreated": {"#attributes": {"SystemTime": "2025-06-08T14:40:39.274960Z"}}, "EventRecordID": 30, "Correlation": null, "Execution": {"#attributes": {"ProcessID": 632, "ThreadID": 812}}, "Channel": "Directory Service", "Computer": "DC01.pirate.htb", "Security": {"#attributes": {"UserID": "S-1-5-7"}}}, "EventData": {"Data": {"#text": ""}, "Binary": null}}},
{"TimeGenerated": "2025-06-08T14:41:09.287519Z", "EventID": {"#attributes": {"Qualifiers": 16384}, "#text": 1394}, "Computer": "DC01.pirate.htb", "RawEvent": {"#attributes": {"xmlns": "http://schemas.microsoft.com/win/2004/08/events/event"}, "System": {"Provider": {"#attributes": {"Name": "Microsoft-Windows-ActiveDirectory_DomainService", "Guid": "{0e8478c5-3605-4e8c-8497-1e730c959516}", "EventSourceName": "NTDS Database"}}, "EventID": {"#attributes": {"Qualifiers": 16384}, "#text": 1394}, "Version": 0, "Level": 4, "Task": 12, "Opcode": 0, "Keywords": "0x8080000000000000", "TimeCreated": {"#attributes": {"SystemTime": "2025-06-08T14:41:09.287519Z"}}, "EventRecordID": 31, "Correlation": null, "Execution": {"#attributes": {"ProcessID": 632, "ThreadID": 792}}, "Channel": "Directory Service", "Computer": "DC01.pirate.htb", "Security": {"#attributes": {"UserID": "S-1-5-7"}}}, "EventData": {"Data": {"#text": ""}, "Binary": null}}},
{"TimeGenerated": "2025-06-08T14:41:12.420623Z", "EventID": {"#attributes": {"Qualifiers": 32768}, "#text": 1844}, "Computer": "DC01.pirate.htb", "RawEvent": {"#attributes": {"xmlns": "http://schemas.microsoft.com/win/2004/08/events/event"}, "System": {"Provider": {"#attributes": {"Name": "Microsoft-Windows-ActiveDirectory_DomainService", "Guid": "{0e8478c5-3605-4e8c-8497-1e730c959516}", "EventSourceName": "NTDS Database"}}, "EventID": {"#attributes": {"Qualifiers": 32768}, "#text": 1844}, "Version": 0, "Level": 3, "Task": 13, "Opcode": 0, "Keywords": "0x8080000000000000", "TimeCreated": {"#attributes": {"SystemTime": "2025-06-08T14:41:12.420623Z"}}, "EventRecordID": 32, "Correlation": null, "Execution": {"#attributes": {"ProcessID": 632, "ThreadID": 2580}}, "Channel": "Directory Service", "Computer": "DC01.pirate.htb", "Security": {"#attributes": {"UserID": "S-1-5-18"}}}, "EventData": {"Data": {"#text": ["pirate.htb", "1355", "3201641", "The specified domain either does not exist or could not be contacted.", ""]}, "Binary": null}}},
{"TimeGenerated": "2025-06-08T14:41:39.283503Z", "EventID": {"#attributes": {"Qualifiers": 16384}, "#text": 1404}, "Computer": "DC01.pirate.htb", "RawEvent": {"#attributes": {"xmlns": "http://schemas.microsoft.com/win/2004/08/events/event"}, "System": {"Provider": {"#attributes": {"Name": "Microsoft-Windows-ActiveDirectory_DomainService", "Guid": "{0e8478c5-3605-4e8c-8497-1e730c959516}", "EventSourceName": "NTDS Database"}}, "EventID": {"#attributes": {"Qualifiers": 16384}, "#text": 1404}, "Version": 0, "Level": 4, "Task": 1, "Opcode": 0, "Keywords": "0x8080000000000000", "TimeCreated": {"#attributes": {"SystemTime": "2025-06-08T14:41:39.283503Z"}}, "EventRecordID": 33, "Correlation": null, "Execution": {"#attributes": {"ProcessID": 632, "ThreadID": 2820}}, "Channel": "Directory Service", "Computer": "DC01.pirate.htb", "Security": {"#attributes": {"UserID": "S-1-5-7"}}}, "EventData": {"Data": {"#text": ""}, "Binary": null}}},
{"TimeGenerated": "2025-06-08T14:42:39.303186Z", "EventID": {"#attributes": {"Qualifiers": 16384}, "#text": 2065}, "Computer": "DC01.pirate.htb", "RawEvent": {"#attributes": {"xmlns": "http://schemas.microsoft.com/win/2004/08/events/event"}, "System": {"Provider": {"#attributes": {"Name": "Microsoft-Windows-ActiveDirectory_DomainService", "Guid": "{0e8478c5-3605-4e8c-8497-1e730c959516}", "EventSourceName": "NTDS Database"}}, "EventID": {"#attributes": {"Qualifiers": 16384}, "#text": 2065}, "Version": 0, "Level": 4, "Task": 9, "Opcode": 0, "Keywords": "0x8080000000000000", "TimeCreated": {"#attributes": {"SystemTime": "2025-06-08T14:42:39.303186Z"}}, "EventRecordID": 34, "Correlation": null, "Execution": {"#attributes": {"ProcessID": 632, "ThreadID": 792}}, "Channel": "Directory Service", "Computer": "DC01.pirate.htb", "Security": {"#attributes": {"UserID": "S-1-5-7"}}}, "EventData": {"Data": {"#text": ""}, "Binary": null}}},
{"TimeGenerated": "2025-06-08T14:43:11.445965Z", "EventID": {"#attributes": {"Qualifiers": 32768}, "#text": 1844}, "Computer": "DC01.pirate.htb", "RawEvent": {"#attributes": {"xmlns": "http://schemas.microsoft.com/win/2004/08/events/event"}, "System": {"Provider": {"#attributes": {"Name": "Microsoft-Windows-ActiveDirectory_DomainService", "Guid": "{0e8478c5-3605-4e8c-8497-1e730c959516}", "EventSourceName": "NTDS Database"}}, "EventID": {"#attributes": {"Qualifiers": 32768}, "#text": 1844}, "Version": 0, "Level": 3, "Task": 13, "Opcode": 0, "Keywords": "0x8080000000000000", "TimeCreated": {"#attributes": {"SystemTime": "2025-06-08T14:43:11.445965Z"}}, "EventRecordID": 35, "Correlation": null, "Execution": {"#attributes": {"ProcessID": 632, "ThreadID": 2580}}, "Channel": "Directory Service", "Computer": "DC01.pirate.htb", "Security": {"#attributes": {"UserID": "S-1-5-18"}}}, "EventData": {"Data": {"#text": ["pirate.htb", "1355", "3201641", "The specified domain either does not exist or could not be contacted.", ""]}, "Binary": null}}},
{"TimeGenerated": "2025-06-08T14:45:29.303030Z", "EventID": {"#attributes": {"Qualifiers": 16384}, "#text": 2041}, "Computer": "DC01.pirate.htb", "RawEvent": {"#attributes": {"xmlns": "http://schemas.microsoft.com/win/2004/08/events/event"}, "System": {"Provider": {"#attributes": {"Name": "Microsoft-Windows-ActiveDirectory_DomainService", "Guid": "{0e8478c5-3605-4e8c-8497-1e730c959516}", "EventSourceName": "NTDS Database"}}, "EventID": {"#attributes": {"Qualifiers": 16384}, "#text": 2041}, "Version": 0, "Level": 4, "Task": 9, "Opcode": 0, "Keywords": "0x8080000000000000", "TimeCreated": {"#attributes": {"SystemTime": "2025-06-08T14:45:29.303030Z"}}, "EventRecordID": 36, "Correlation": null, "Execution": {"#attributes": {"ProcessID": 632, "ThreadID": 2676}}, "Channel": "Directory Service", "Computer": "DC01.pirate.htb", "Security": null}, "EventData": {"Data": {"#text": ["80000734", "1"]}, "Binary": null}}},
{"TimeGenerated": "2025-06-08T14:45:29.303030Z", "EventID": {"#attributes": {"Qualifiers": 16384}, "#text": 2961}, "Computer": "DC01.pirate.htb", "RawEvent": {"#attributes": {"xmlns": "http://schemas.microsoft.com/win/2004/08/events/event"}, "System": {"Provider": {"#attributes": {"Name": "Microsoft-Windows-ActiveDirectory_DomainService", "Guid": "{0e8478c5-3605-4e8c-8497-1e730c959516}", "EventSourceName": "NTDS Database"}}, "EventID": {"#attributes": {"Qualifiers": 16384}, "#text": 2961}, "Version": 0, "Level": 4, "Task": 9, "Opcode": 0, "Keywords": "0x8080000000000000", "TimeCreated": {"#attributes": {"SystemTime": "2025-06-08T14:45:29.303030Z"}}, "EventRecordID": 37, "Correlation": null, "Execution": {"#attributes": {"ProcessID": 632, "ThreadID": 2676}}, "Channel": "Directory Service", "Computer": "DC01.pirate.htb", "Security": {"#attributes": {"UserID": "S-1-5-7"}}}, "EventData": {"Data": {"#text": "8"}, "Binary": null}}},
{"TimeGenerated": "2025-06-08T14:45:29.303030Z", "EventID": {"#attributes": {"Qualifiers": 16384}, "#text": 2013}, "Computer": "DC01.pirate.htb", "RawEvent": {"#attributes": {"xmlns": "http://schemas.microsoft.com/win/2004/08/events/event"}, "System": {"Provider": {"#attributes": {"Name": "Microsoft-Windows-ActiveDirectory_DomainService", "Guid": "{0e8478c5-3605-4e8c-8497-1e730c959516}", "EventSourceName": "NTDS Database"}}, "EventID": {"#attributes": {"Qualifiers": 16384}, "#text": 2013}, "Version": 0, "Level": 4, "Task": 9, "Opcode": 0, "Keywords": "0x8080000000000000", "TimeCreated": {"#attributes": {"SystemTime": "2025-06-08T14:45:29.303030Z"}}, "EventRecordID": 38, "Correlation": null, "Execution": {"#attributes": {"ProcessID": 632, "ThreadID": 2676}}, "Channel": "Directory Service", "Computer": "DC01.pirate.htb", "Security": {"#attributes": {"UserID": "S-1-5-7"}}}, "EventData": {"Data": {"#text": ["3", "link_base_and_data_v2_index +link_base link_bdnt_and_base_and_data_v2_index +backlink_DNT link_dnt_and_base_and_data_v2_index +link_DNT "]}, "Binary": null}}},
{"TimeGenerated": "2025-06-08T14:45:29.303030Z", "EventID": {"#attributes": {"Qualifiers": 16384}, "#text": 2014}, "Computer": "DC01.pirate.htb", "RawEvent": {"#attributes": {"xmlns": "http://schemas.microsoft.com/win/2004/08/events/event"}, "System": {"Provider": {"#attributes": {"Name": "Microsoft-Windows-ActiveDirectory_DomainService", "Guid": "{0e8478c5-3605-4e8c-8497-1e730c959516}", "EventSourceName": "NTDS Database"}}, "EventID": {"#attributes": {"Qualifiers": 16384}, "#text": 2014}, "Version": 0, "Level": 4, "Task": 9, "Opcode": 0, "Keywords": "0x8080000000000000", "TimeCreated": {"#attributes": {"SystemTime": "2025-06-08T14:45:29.303030Z"}}, "EventRecordID": 39, "Correlation": null, "Execution": {"#attributes": {"ProcessID": 632, "ThreadID": 2676}}, "Channel": "Directory Service", "Computer": "DC01.pirate.htb", "Security": {"#attributes": {"UserID": "S-1-5-7"}}}, "EventData": {"Data": {"#text": "3"}, "Binary": null}}},
{"TimeGenerated": "2025-06-08T14:45:29.303030Z", "EventID": {"#attributes": {"Qualifiers": 16384}, "#text": 2962}, "Computer": "DC01.pirate.htb", "RawEvent": {"#attributes": {"xmlns": "http://schemas.microsoft.com/win/2004/08/events/event"}, "System": {"Provider": {"#attributes": {"Name": "Microsoft-Windows-ActiveDirectory_DomainService", "Guid": "{0e8478c5-3605-4e8c-8497-1e730c959516}", "EventSourceName": "NTDS Database"}}, "EventID": {"#attributes": {"Qualifiers": 16384}, "#text": 2962}, "Version": 0, "Level": 4, "Task": 9, "Opcode": 0, "Keywords": "0x8080000000000000", "TimeCreated": {"#attributes": {"SystemTime": "2025-06-08T14:45:29.303030Z"}}, "EventRecordID": 40, "Correlation": null, "Execution": {"#attributes": {"ProcessID": 632, "ThreadID": 2676}}, "Channel": "Directory Service", "Computer": "DC01.pirate.htb", "Security": {"#attributes": {"UserID": "S-1-5-7"}}}, "EventData": {"Data": {"#text": "8"}, "Binary": null}}},
{"TimeGenerated": "2025-06-08T14:55:39.302273Z", "EventID": {"#attributes": {"Qualifiers": 0}, "#text": 102}, "Computer": "DC01.pirate.htb", "RawEvent": {"#attributes": {"xmlns": "http://schemas.microsoft.com/win/2004/08/events/event"}, "System": {"Provider": {"#attributes": {"Name": "NTDS ISAM"}}, "EventID": {"#attributes": {"Qualifiers": 0}, "#text": 102}, "Level": 4, "Task": 1, "Keywords": "0x80000000000000", "TimeCreated": {"#attributes": {"SystemTime": "2025-06-08T14:55:39.302273Z"}}, "EventRecordID": 41, "Channel": "Directory Service", "Computer": "DC01.pirate.htb", "Security": null}, "EventData": {"Data": {"#text": ["NTDS", "632,P,98", "NTDSA: ", "0", "10", "00", "17763", "0000"]}, "Binary": null}}},
{"TimeGenerated": "2025-06-08T14:55:39.302273Z", "EventID": {"#attributes": {"Qualifiers": 0}, "#text": 105}, "Computer": "DC01.pirate.htb", "RawEvent": {"#attributes": {"xmlns": "http://schemas.microsoft.com/win/2004/08/events/event"}, "System": {"Provider": {"#attributes": {"Name": "NTDS ISAM"}}, "EventID": {"#attributes": {"Qualifiers": 0}, "#text": 105}, "Level": 4, "Task": 1, "Keywords": "0x80000000000000", "TimeCreated": {"#attributes": {"SystemTime": "2025-06-08T14:55:39.302273Z"}}, "EventRecordID": 42, "Channel": "Directory Service", "Computer": "DC01.pirate.htb", "Security": null}, "EventData": {"Data": {"#text": ["NTDS", "632,D,0", "NTDSA: ", "0", "0", "\n[1] 0.000246 +J(0) +M(C:0K, Fs:87, WS:340K # 0K, PF:3292K # 344K, P:3292K)\n[2] 0.000203 +J(0) +M(C:16K, Fs:119, WS:468K # 252K, PF:288K # 288K, P:288K)\n[3] 0.000010 +J(0) +M(C:0K, Fs:5, WS:20K # 20K, PF:64K # 64K, P:64K)\n[4] 0.002097 -0.000057 (1) WT +J(0) +M(C:0K, Fs:117, WS:388K # 388K, PF:5168K # 5168K, P:5168K)\n[5] 0.000120 +J(0)\n[6] 0.000840 +J(0) +M(C:0K, Fs:39, WS:156K # 156K, PF:148K # 148K, P:148K)\n[7] 0.009059 -0.005001 (41) WT +J(0) +M(C:0K, Fs:2577, WS:10288K # 10288K, PF:10260K # 10260K, P:10260K)\n[8] -\n[9] -\n[10] -\n[11] -\n[12] -\n[13] 0.007900 -0.004343 (42) WT +J(CM:0, PgRf:0, Rd:0/0, Dy:0/0, Lg:616/1) +M(C:0K, Fs:25, WS:-10156K # 80K, PF:-10184K # 84K, P:-10184K)\n[14] 0.000009 +J(0) +M(C:0K, Fs:1, WS:4K # 0K, PF:0K # 0K, P:0K)\n[15] 0.000091 +J(0) +M(C:0K, Fs:206, WS:820K # 0K, PF:68K # 0K, P:68K)\n[16] 0.000150 -0.000047 (1) WT +J(0) +M(C:0K, Fs:2, WS:0K # 0K, PF:0K # 0K, P:0K).", ""]}, "Binary": null}}},
{"TimeGenerated": "2025-06-08T14:55:39.302273Z", "EventID": {"#attributes": {"Qualifiers": 0}, "#text": 326}, "Computer": "DC01.pirate.htb", "RawEvent": {"#attributes": {"xmlns": "http://schemas.microsoft.com/win/2004/08/events/event"}, "System": {"Provider": {"#attributes": {"Name": "NTDS ISAM"}}, "EventID": {"#attributes": {"Qualifiers": 0}, "#text": 326}, "Level": 4, "Task": 1, "Keywords": "0x80000000000000", "TimeCreated": {"#attributes": {"SystemTime": "2025-06-08T14:55:39.302273Z"}}, "EventRecordID": 43, "Channel": "Directory Service", "Computer": "DC01.pirate.htb", "Security": null}, "EventData": {"Data": {"#text": ["NTDS", "632,D,50", "NTDSA: ", "1", "C:\\Windows\\NTDS\\ntds.dit", "0", "\n[1] 0.000002 +J(0) +M(C:0K, Fs:1, WS:4K # 0K, PF:0K # 0K, P:0K)\n[2] 0.000159 -0.000056 (1) WT +J(0) +M(C:0K, Fs:19, WS:12K # 0K, PF:8K # 0K, P:8K)\n[3] 0.001615 -0.000410 (6) WT +J(CM:0, PgRf:0, Rd:0/0, Dy:0/0, Lg:3480/2) +M(C:0K, Fs:18, WS:60K # 0K, PF:140K # 0K, P:140K)\n[4] 0.000048 +J(0)\n[5] -\n[6] -\n[7] -\n[8] 0.000679 -0.000218 (2) CM -0.000083 (2) WT +J(CM:2, PgRf:2, Rd:4/2, Dy:0/0, Lg:0/0) +M(C:16K, Fs:45, WS:172K # 0K, PF:208K # 0K, P:208K)\n[9] 0.001009 -0.000813 (7) CM -0.000537 (7) WT +J(CM:7, PgRf:27, Rd:0/7, Dy:0/0, Lg:0/0) +M(C:-8K, Fs:30, WS:84K # 0K, PF:192K # 0K, P:192K)\n[10] 0.000370 -0.000291 (4) CM -0.000157 (4) WT +J(CM:4, PgRf:40, Rd:0/4, Dy:0/0, Lg:0/0) +M(C:-4K, Fs:4, WS:4K # 0K, PF:60K # 0K, P:60K)\n[11] 0.000005 +J(CM:0, PgRf:1, Rd:0/0, Dy:0/0, Lg:0/0) +M(C:0K, Fs:1, WS:4K # 0K, PF:0K # 0K, P:0K)\n[12] 0.000018 +J(CM:0, PgRf:42, Rd:0/0, Dy:0/0, Lg:0/0) +M(C:0K, Fs:1, WS:4K # 0K, PF:0K # 0K, P:0K)\n[13] 0.0 +J(0)\n[14] 0.0 +J(0)\n[15] 0.000002 +J(CM:0, PgRf:1, Rd:0/0, Dy:0/0, Lg:0/0).", "0 0", "lgposAttach = 00000002:0142:0268"]}, "Binary": null}}},
{"TimeGenerated": "2025-06-08T14:55:39.302273Z", "EventID": {"#attributes": {"Qualifiers": 0}, "#text": 700}, "Computer": "DC01.pirate.htb", "RawEvent": {"#attributes": {"xmlns": "http://schemas.microsoft.com/win/2004/08/events/event"}, "System": {"Provider": {"#attributes": {"Name": "NTDS ISAM"}}, "EventID": {"#attributes": {"Qualifiers": 0}, "#text": 700}, "Level": 4, "Task": 10, "Keywords": "0x80000000000000", "TimeCreated": {"#attributes": {"SystemTime": "2025-06-08T14:55:39.302273Z"}}, "EventRecordID": 44, "Channel": "Directory Service", "Computer": "DC01.pirate.htb", "Security": null}, "EventData": {"Data": {"#text": ["NTDS", "632,D,0", "NTDSA: ", "C:\\Windows\\NTDS\\ntds.dit"]}, "Binary": null}}},
{"TimeGenerated": "2025-06-08T14:55:39.333824Z", "EventID": {"#attributes": {"Qualifiers": 0}, "#text": 701}, "Computer": "DC01.pirate.htb", "RawEvent": {"#attributes": {"xmlns": "http://schemas.microsoft.com/win/2004/08/events/event"}, "System": {"Provider": {"#attributes": {"Name": "NTDS ISAM"}}, "EventID": {"#attributes": {"Qualifiers": 0}, "#text": 701}, "Level": 4, "Task": 10, "Keywords": "0x80000000000000", "TimeCreated": {"#attributes": {"SystemTime": "2025-06-08T14:55:39.333824Z"}}, "EventRecordID": 45, "Channel": "Directory Service", "Computer": "DC01.pirate.htb", "Security": null}, "EventData": {"Data": {"#text": ["NTDS", "632,D,0", "NTDSA: ", "C:\\Windows\\NTDS\\ntds.dit", "4", "6/8/2025", "0", "1", "1", "2"]}, "Binary": null}}},
{"TimeGenerated": "2025-06-08T14:55:39.286771Z", "EventID": {"#attributes": {"Qualifiers": 16384}, "#text": 1869}, "Computer": "DC01.pirate.htb", "RawEvent": {"#attributes": {"xmlns": "http://schemas.microsoft.com/win/2004/08/events/event"}, "System": {"Provider": {"#attributes": {"Name": "Microsoft-Windows-ActiveDirectory_DomainService", "Guid": "{0e8478c5-3605-4e8c-8497-1e730c959516}", "EventSourceName": "NTDS Database"}}, "EventID": {"#attributes": {"Qualifiers": 16384}, "#text": 1869}, "Version": 0, "Level": 4, "Task": 18, "Opcode": 0, "Keywords": "0x8080000000000000", "TimeCreated": {"#attributes": {"SystemTime": "2025-06-08T14:55:39.286771Z"}}, "EventRecordID": 46, "Correlation": null, "Execution": {"#attributes": {"ProcessID": 632, "ThreadID": 792}}, "Channel": "Directory Service", "Computer": "DC01.pirate.htb", "Security": {"#attributes": {"UserID": "S-1-5-7"}}}, "EventData": {"Data": {"#text": ["\\\\DC01.pirate.htb", "Default-First-Site-Name"]}, "Binary": null}}},
{"TimeGenerated": "2025-06-08T16:20:12.598132Z", "EventID": {"#attributes": {"Qualifiers": 32768}, "#text": 2170}, "Computer": "DC01.pirate.htb", "RawEvent": {"#attributes": {"xmlns": "http://schemas.microsoft.com/win/2004/08/events/event"}, "System": {"Provider": {"#attributes": {"Name": "Microsoft-Windows-ActiveDirectory_DomainService", "Guid": "{0e8478c5-3605-4e8c-8497-1e730c959516}", "EventSourceName": "NTDS Database"}}, "EventID": {"#attributes": {"Qualifiers": 32768}, "#text": 2170}, "Version": 0, "Level": 3, "Task": 7, "Opcode": 0, "Keywords": "0x8080000000000000", "TimeCreated": {"#attributes": {"SystemTime": "2025-06-08T16:20:12.598132Z"}}, "EventRecordID": 47, "Correlation": {"#attributes": {"ActivityID": "43B7D275-D883-0000-47D3-B74383D8DB01"}}, "Execution": {"#attributes": {"ProcessID": 632, "ThreadID": 4344}}, "Channel": "Directory Service", "Computer": "DC01.pirate.htb", "Security": {"#attributes": {"UserID": "S-1-5-18"}}}, "EventData": {"Data": {"#text": ["10966531394940434518", "17467811290372479469"]}, "Binary": null}}},
{"TimeGenerated": "2025-06-08T16:20:12.598132Z", "EventID": {"#attributes": {"Qualifiers": 16384}, "#text": 2181}, "Computer": "DC01.pirate.htb", "RawEvent": {"#attributes": {"xmlns": "http://schemas.microsoft.com/win/2004/08/events/event"}, "System": {"Provider": {"#attributes": {"Name": "Microsoft-Windows-ActiveDirectory_DomainService", "Guid": "{0e8478c5-3605-4e8c-8497-1e730c959516}", "EventSourceName": "NTDS Database"}}, "EventID": {"#attributes": {"Qualifiers": 16384}, "#text": 2181}, "Version": 0, "Level": 4, "Task": 9, "Opcode": 0, "Keywords": "0x8080000000000000", "TimeCreated": {"#attributes": {"SystemTime": "2025-06-08T16:20:12.598132Z"}}, "EventRecordID": 48, "Correlation": {"#attributes": {"ActivityID": "43B7D275-D883-0000-47D3-B74383D8DB01"}}, "Execution": {"#attributes": {"ProcessID": 632, "ThreadID": 4344}}, "Channel": "Directory Service", "Computer": "DC01.pirate.htb", "Security": {"#attributes": {"UserID": "S-1-5-18"}}}, "EventData": {"Data": {"#text": ""}, "Binary": null}}},
{"TimeGenerated": "2025-06-08T16:20:12.598132Z", "EventID": {"#attributes": {"Qualifiers": 16384}, "#text": 2204}, "Computer": "DC01.pirate.htb", "RawEvent": {"#attributes": {"xmlns": "http://schemas.microsoft.com/win/2004/08/events/event"}, "System": {"Provider": {"#attributes": {"Name": "Microsoft-Windows-ActiveDirectory_DomainService", "Guid": "{0e8478c5-3605-4e8c-8497-1e730c959516}", "EventSourceName": "NTDS Database"}}, "EventID": {"#attributes": {"Qualifiers": 16384}, "#text": 2204}, "Version": 0, "Level": 4, "Task": 7, "Opcode": 0, "Keywords": "0x8080000000000000", "TimeCreated": {"#attributes": {"SystemTime": "2025-06-08T16:20:12.598132Z"}}, "EventRecordID": 49, "Correlation": {"#attributes": {"ActivityID": "43B7D275-D883-0000-47D3-B74383D8DB01"}}, "Execution": {"#attributes": {"ProcessID": 632, "ThreadID": 4344}}, "Channel": "Directory Service", "Computer": "DC01.pirate.htb", "Security": {"#attributes": {"UserID": "S-1-5-18"}}}, "EventData": {"Data": {"#text": ""}, "Binary": null}}},
