{"TimeGenerated": "2026-02-25T17:59:13.814097Z", "EventID": {"#attributes": {"Qualifiers": 32768}, "#text": 2947}, "Computer": "DC01.pirate.htb", "RawEvent": {"#attributes": {"xmlns": "http://schemas.microsoft.com/win/2004/08/events/event"}, "System": {"Provider": {"#attributes": {"Name": "Microsoft-Windows-ActiveDirectory_DomainService", "Guid": "{0e8478c5-3605-4e8c-8497-1e730c959516}", "EventSourceName": "NTDS General"}}, "EventID": {"#attributes": {"Qualifiers": 32768}, "#text": 2947}, "Version": 0, "Level": 3, "Task": 2, "Opcode": 0, "Keywords": "0x8080000000000000", "TimeCreated": {"#attributes": {"SystemTime": "2026-02-25T17:59:13.814097Z"}}, "EventRecordID": 982, "Correlation": null, "Execution": {"#attributes": {"ProcessID": 688, "ThreadID": 2360}}, "Channel": "Directory Service", "Computer": "DC01.pirate.htb", "Security": {"#attributes": {"UserID": "S-1-5-21-4107424128-4158083573-1300325248-3102"}}}, "EventData": {"Data": {"#text": ["CN=gMSA_ADFS_prod,CN=Managed Service Accounts,DC=pirate,DC=htb", "S-1-5-21-4107424128-4158083573-1300325248-3102", "192.168.100.2:49739", "8995"]}, "Binary": null}}},
{"TimeGenerated": "2026-02-25T17:59:13.939096Z", "EventID": {"#attributes": {"Qualifiers": 32768}, "#text": 2947}, "Computer": "DC01.pirate.htb", "RawEvent": {"#attributes": {"xmlns": "http://schemas.microsoft.com/win/2004/08/events/event"}, "System": {"Provider": {"#attributes": {"Name": "Microsoft-Windows-ActiveDirectory_DomainService", "Guid": "{0e8478c5-3605-4e8c-8497-1e730c959516}", "EventSourceName": "NTDS General"}}, "EventID": {"#attributes": {"Qualifiers": 32768}, "#text": 2947}, "Version": 0, "Level": 3, "Task": 2, "Opcode": 0, "Keywords": "0x8080000000000000", "TimeCreated": {"#attributes": {"SystemTime": "2026-02-25T17:59:13.939096Z"}}, "EventRecordID": 983, "Correlation": null, "Execution": {"#attributes": {"ProcessID": 688, "ThreadID": 2360}}, "Channel": "Directory Service", "Computer": "DC01.pirate.htb", "Security": {"#attributes": {"UserID": "S-1-5-21-4107424128-4158083573-1300325248-3102"}}}, "EventData": {"Data": {"#text": ["CN=gMSA_ADFS_prod,CN=Managed Service Accounts,DC=pirate,DC=htb", "S-1-5-21-4107424128-4158083573-1300325248-3102", "192.168.100.2:49744", "8995"]}, "Binary": null}}},
{"TimeGenerated": "2026-02-25T17:59:14.064093Z", "EventID": {"#attributes": {"Qualifiers": 32768}, "#text": 2947}, "Computer": "DC01.pirate.htb", "RawEvent": {"#attributes": {"xmlns": "http://schemas.microsoft.com/win/2004/08/events/event"}, "System": {"Provider": {"#attributes": {"Name": "Microsoft-Windows-ActiveDirectory_DomainService", "Guid": "{0e8478c5-3605-4e8c-8497-1e730c959516}", "EventSourceName": "NTDS General"}}, "EventID": {"#attributes": {"Qualifiers": 32768}, "#text": 2947}, "Version": 0, "Level": 3, "Task": 2, "Opcode": 0, "Keywords": "0x8080000000000000", "TimeCreated": {"#attributes": {"SystemTime": "2026-02-25T17:59:14.064093Z"}}, "EventRecordID": 984, "Correlation": null, "Execution": {"#attributes": {"ProcessID": 688, "ThreadID": 2360}}, "Channel": "Directory Service", "Computer": "DC01.pirate.htb", "Security": {"#attributes": {"UserID": "S-1-5-21-4107424128-4158083573-1300325248-3102"}}}, "EventData": {"Data": {"#text": ["CN=gMSA_ADFS_prod,CN=Managed Service Accounts,DC=pirate,DC=htb", "S-1-5-21-4107424128-4158083573-1300325248-3102", "192.168.100.2:49749", "8995"]}, "Binary": null}}},
{"TimeGenerated": "2026-02-25T17:59:14.189121Z", "EventID": {"#attributes": {"Qualifiers": 32768}, "#text": 2947}, "Computer": "DC01.pirate.htb", "RawEvent": {"#attributes": {"xmlns": "http://schemas.microsoft.com/win/2004/08/events/event"}, "System": {"Provider": {"#attributes": {"Name": "Microsoft-Windows-ActiveDirectory_DomainService", "Guid": "{0e8478c5-3605-4e8c-8497-1e730c959516}", "EventSourceName": "NTDS General"}}, "EventID": {"#attributes": {"Qualifiers": 32768}, "#text": 2947}, "Version": 0, "Level": 3, "Task": 2, "Opcode": 0, "Keywords": "0x8080000000000000", "TimeCreated": {"#attributes": {"SystemTime": "2026-02-25T17:59:14.189121Z"}}, "EventRecordID": 985, "Correlation": null, "Execution": {"#attributes": {"ProcessID": 688, "ThreadID": 2360}}, "Channel": "Directory Service", "Computer": "DC01.pirate.htb", "Security": {"#attributes": {"UserID": "S-1-5-21-4107424128-4158083573-1300325248-3102"}}}, "EventData": {"Data": {"#text": ["CN=gMSA_ADFS_prod,CN=Managed Service Accounts,DC=pirate,DC=htb", "S-1-5-21-4107424128-4158083573-1300325248-3102", "192.168.100.2:49754", "8995"]}, "Binary": null}}},
{"TimeGenerated": "2026-02-25T18:03:17.590616Z", "EventID": {"#attributes": {"Qualifiers": 16384}, "#text": 2179}, "Computer": "DC01.pirate.htb", "RawEvent": {"#attributes": {"xmlns": "http://schemas.microsoft.com/win/2004/08/events/event"}, "System": {"Provider": {"#attributes": {"Name": "Microsoft-Windows-ActiveDirectory_DomainService", "Guid": "{0e8478c5-3605-4e8c-8497-1e730c959516}", "EventSourceName": "NTDS General"}}, "EventID": {"#attributes": {"Qualifiers": 16384}, "#text": 2179}, "Version": 0, "Level": 4, "Task": 7, "Opcode": 0, "Keywords": "0x8080000000000000", "TimeCreated": {"#attributes": {"SystemTime": "2026-02-25T18:03:17.590616Z"}}, "EventRecordID": 986, "Correlation": null, "Execution": {"#attributes": {"ProcessID": 688, "ThreadID": 1420}}, "Channel": "Directory Service", "Computer": "DC01.pirate.htb", "Security": {"#attributes": {"UserID": "S-1-5-7"}}}, "EventData": {"Data": {"#text": "8493037525611944310"}, "Binary": null}}},
{"TimeGenerated": "2026-02-25T18:03:18.340615Z", "EventID": {"#attributes": {"Qualifiers": 16384}, "#text": 1004}, "Computer": "DC01.pirate.htb", "RawEvent": {"#attributes": {"xmlns": "http://schemas.microsoft.com/win/2004/08/events/event"}, "System": {"Provider": {"#attributes": {"Name": "Microsoft-Windows-ActiveDirectory_DomainService", "Guid": "{0e8478c5-3605-4e8c-8497-1e730c959516}", "EventSourceName": "NTDS General"}}, "EventID": {"#attributes": {"Qualifiers": 16384}, "#text": 1004}, "Version": 0, "Level": 4, "Task": 12, "Opcode": 0, "Keywords": "0x8080000000000000", "TimeCreated": {"#attributes": {"SystemTime": "2026-02-25T18:03:18.340615Z"}}, "EventRecordID": 987, "Correlation": null, "Execution": {"#attributes": {"ProcessID": 688, "ThreadID": 1420}}, "Channel": "Directory Service", "Computer": "DC01.pirate.htb", "Security": null}, "EventData": {"Data": {"#text": ""}, "Binary": null}}},
{"TimeGenerated": "2026-03-02T10:37:14.240985Z", "EventID": {"#attributes": {"Qualifiers": 32768}, "#text": 3051}, "Computer": "DC01.pirate.htb", "RawEvent": {"#attributes": {"xmlns": "http://schemas.microsoft.com/win/2004/08/events/event"}, "System": {"Provider": {"#attributes": {"Name": "Microsoft-Windows-ActiveDirectory_DomainService", "Guid": "{0e8478c5-3605-4e8c-8497-1e730c959516}", "EventSourceName": "NTDS General"}}, "EventID": {"#attributes": {"Qualifiers": 32768}, "#text": 3051}, "Version": 0, "Level": 3, "Task": 2, "Opcode": 0, "Keywords": "0x8080000000000000", "TimeCreated": {"#attributes": {"SystemTime": "2026-03-02T10:37:14.240985Z"}}, "EventRecordID": 988, "Correlation": {"#attributes": {"ActivityID": "85289D21-AA30-0001-B29D-288530AADC01"}}, "Execution": {"#attributes": {"ProcessID": 700, "ThreadID": 704}}, "Channel": "Directory Service", "Computer": "DC01.pirate.htb", "Security": {"#attributes": {"UserID": "S-1-5-7"}}}, "EventData": {"Data": {"#text": ""}, "Binary": null}}},
{"TimeGenerated": "2026-03-02T10:37:14.240985Z", "EventID": {"#attributes": {"Qualifiers": 32768}, "#text": 3054}, "Computer": "DC01.pirate.htb", "RawEvent": {"#attributes": {"xmlns": "http://schemas.microsoft.com/win/2004/08/events/event"}, "System": {"Provider": {"#attributes": {"Name": "Microsoft-Windows-ActiveDirectory_DomainService", "Guid": "{0e8478c5-3605-4e8c-8497-1e730c959516}", "EventSourceName": "NTDS General"}}, "EventID": {"#attributes": {"Qualifiers": 32768}, "#text": 3054}, "Version": 0, "Level": 3, "Task": 2, "Opcode": 0, "Keywords": "0x8080000000000000", "TimeCreated": {"#attributes": {"SystemTime": "2026-03-02T10:37:14.240985Z"}}, "EventRecordID": 989, "Correlation": {"#attributes": {"ActivityID": "85289D21-AA30-0001-B29D-288530AADC01"}}, "Execution": {"#attributes": {"ProcessID": 700, "ThreadID": 704}}, "Channel": "Directory Service", "Computer": "DC01.pirate.htb", "Security": {"#attributes": {"UserID": "S-1-5-7"}}}, "EventData": {"Data": {"#text": ""}, "Binary": null}}},
{"TimeGenerated": "2026-03-02T10:37:14.444214Z", "EventID": {"#attributes": {"Qualifiers": 16384}, "#text": 2121}, "Computer": "DC01.pirate.htb", "RawEvent": {"#attributes": {"xmlns": "http://schemas.microsoft.com/win/2004/08/events/event"}, "System": {"Provider": {"#attributes": {"Name": "Microsoft-Windows-ActiveDirectory_DomainService", "Guid": "{0e8478c5-3605-4e8c-8497-1e730c959516}", "EventSourceName": "NTDS General"}}, "EventID": {"#attributes": {"Qualifiers": 16384}, "#text": 2121}, "Version": 0, "Level": 4, "Task": 7, "Opcode": 0, "Keywords": "0x8080000000000000", "TimeCreated": {"#attributes": {"SystemTime": "2026-03-02T10:37:14.444214Z"}}, "EventRecordID": 990, "Correlation": {"#attributes": {"ActivityID": "85289D21-AA30-0001-B29D-288530AADC01"}}, "Execution": {"#attributes": {"ProcessID": 700, "ThreadID": 704}}, "Channel": "Directory Service", "Computer": "DC01.pirate.htb", "Security": {"#attributes": {"UserID": "S-1-5-7"}}}, "EventData": {"Data": {"#text": ""}, "Binary": null}}},
{"TimeGenerated": "2026-03-02T10:37:14.444214Z", "EventID": {"#attributes": {"Qualifiers": 16384}, "#text": 2406}, "Computer": "DC01.pirate.htb", "RawEvent": {"#attributes": {"xmlns": "http://schemas.microsoft.com/win/2004/08/events/event"}, "System": {"Provider": {"#attributes": {"Name": "Microsoft-Windows-ActiveDirectory_DomainService", "Guid": "{0e8478c5-3605-4e8c-8497-1e730c959516}", "EventSourceName": "NTDS General"}}, "EventID": {"#attributes": {"Qualifiers": 16384}, "#text": 2406}, "Version": 0, "Level": 4, "Task": 7, "Opcode": 0, "Keywords": "0x8080000000000000", "TimeCreated": {"#attributes": {"SystemTime": "2026-03-02T10:37:14.444214Z"}}, "EventRecordID": 991, "Correlation": {"#attributes": {"ActivityID": "85289D21-AA30-0001-B29D-288530AADC01"}}, "Execution": {"#attributes": {"ProcessID": 700, "ThreadID": 704}}, "Channel": "Directory Service", "Computer": "DC01.pirate.htb", "Security": {"#attributes": {"UserID": "S-1-5-7"}}}, "EventData": {"Data": {"#text": "Recycle Bin Feature"}, "Binary": null}}},
{"TimeGenerated": "2026-03-02T10:37:14.444214Z", "EventID": {"#attributes": {"Qualifiers": 16384}, "#text": 2406}, "Computer": "DC01.pirate.htb", "RawEvent": {"#attributes": {"xmlns": "http://schemas.microsoft.com/win/2004/08/events/event"}, "System": {"Provider": {"#attributes": {"Name": "Microsoft-Windows-ActiveDirectory_DomainService", "Guid": "{0e8478c5-3605-4e8c-8497-1e730c959516}", "EventSourceName": "NTDS General"}}, "EventID": {"#attributes": {"Qualifiers": 16384}, "#text": 2406}, "Version": 0, "Level": 4, "Task": 7, "Opcode": 0, "Keywords": "0x8080000000000000", "TimeCreated": {"#attributes": {"SystemTime": "2026-03-02T10:37:14.444214Z"}}, "EventRecordID": 992, "Correlation": {"#attributes": {"ActivityID": "85289D21-AA30-0001-B29D-288530AADC01"}}, "Execution": {"#attributes": {"ProcessID": 700, "ThreadID": 704}}, "Channel": "Directory Service", "Computer": "DC01.pirate.htb", "Security": {"#attributes": {"UserID": "S-1-5-7"}}}, "EventData": {"Data": {"#text": "Privileged Access Management Feature"}, "Binary": null}}},
{"TimeGenerated": "2026-03-02T10:37:14.444214Z", "EventID": {"#attributes": {"Qualifiers": 16384}, "#text": 2168}, "Computer": "DC01.pirate.htb", "RawEvent": {"#attributes": {"xmlns": "http://schemas.microsoft.com/win/2004/08/events/event"}, "System": {"Provider": {"#attributes": {"Name": "Microsoft-Windows-ActiveDirectory_DomainService", "Guid": "{0e8478c5-3605-4e8c-8497-1e730c959516}", "EventSourceName": "NTDS General"}}, "EventID": {"#attributes": {"Qualifiers": 16384}, "#text": 2168}, "Version": 0, "Level": 4, "Task": 7, "Opcode": 0, "Keywords": "0x8080000000000000", "TimeCreated": {"#attributes": {"SystemTime": "2026-03-02T10:37:14.444214Z"}}, "EventRecordID": 993, "Correlation": {"#attributes": {"ActivityID": "85289D21-AA30-0001-B29D-288530AADC01"}}, "Execution": {"#attributes": {"ProcessID": 700, "ThreadID": 704}}, "Channel": "Directory Service", "Computer": "DC01.pirate.htb", "Security": {"#attributes": {"UserID": "S-1-5-7"}}}, "EventData": {"Data": {"#text": "13101248825018997560"}, "Binary": null}}},
{"TimeGenerated": "2026-03-02T10:37:14.444214Z", "EventID": {"#attributes": {"Qualifiers": 16384}, "#text": 2172}, "Computer": "DC01.pirate.htb", "RawEvent": {"#attributes": {"xmlns": "http://schemas.microsoft.com/win/2004/08/events/event"}, "System": {"Provider": {"#attributes": {"Name": "Microsoft-Windows-ActiveDirectory_DomainService", "Guid": "{0e8478c5-3605-4e8c-8497-1e730c959516}", "EventSourceName": "NTDS General"}}, "EventID": {"#attributes": {"Qualifiers": 16384}, "#text": 2172}, "Version": 0, "Level": 4, "Task": 7, "Opcode": 0, "Keywords": "0x8080000000000000", "TimeCreated": {"#attributes": {"SystemTime": "2026-03-02T10:37:14.444214Z"}}, "EventRecordID": 994, "Correlation": {"#attributes": {"ActivityID": "85289D21-AA30-0001-B29D-288530AADC01"}}, "Execution": {"#attributes": {"ProcessID": 700, "ThreadID": 704}}, "Channel": "Directory Service", "Computer": "DC01.pirate.htb", "Security": {"#attributes": {"UserID": "S-1-5-7"}}}, "EventData": {"Data": {"#text": "8493037525611944310"}, "Binary": null}}},
{"TimeGenerated": "2026-03-02T10:37:14.444214Z", "EventID": {"#attributes": {"Qualifiers": 32768}, "#text": 2170}, "Computer": "DC01.pirate.htb", "RawEvent": {"#attributes": {"xmlns": "http://schemas.microsoft.com/win/2004/08/events/event"}, "System": {"Provider": {"#attributes": {"Name": "Microsoft-Windows-ActiveDirectory_DomainService", "Guid": "{0e8478c5-3605-4e8c-8497-1e730c959516}", "EventSourceName": "NTDS General"}}, "EventID": {"#attributes": {"Qualifiers": 32768}, "#text": 2170}, "Version": 0, "Level": 3, "Task": 7, "Opcode": 0, "Keywords": "0x8080000000000000", "TimeCreated": {"#attributes": {"SystemTime": "2026-03-02T10:37:14.444214Z"}}, "EventRecordID": 995, "Correlation": {"#attributes": {"ActivityID": "85289D21-AA30-0001-B29D-288530AADC01"}}, "Execution": {"#attributes": {"ProcessID": 700, "ThreadID": 704}}, "Channel": "Directory Service", "Computer": "DC01.pirate.htb", "Security": {"#attributes": {"UserID": "S-1-5-7"}}}, "EventData": {"Data": {"#text": ["8493037525611944310", "13101248825018997560"]}, "Binary": null}}},
{"TimeGenerated": "2026-03-02T10:37:14.459800Z", "EventID": {"#attributes": {"Qualifiers": 16384}, "#text": 1109}, "Computer": "DC01.pirate.htb", "RawEvent": {"#attributes": {"xmlns": "http://schemas.microsoft.com/win/2004/08/events/event"}, "System": {"Provider": {"#attributes": {"Name": "Microsoft-Windows-ActiveDirectory_DomainService", "Guid": "{0e8478c5-3605-4e8c-8497-1e730c959516}", "EventSourceName": "NTDS General"}}, "EventID": {"#attributes": {"Qualifiers": 16384}, "#text": 1109}, "Version": 0, "Level": 4, "Task": 5, "Opcode": 0, "Keywords": "0x8080000000000000", "TimeCreated": {"#attributes": {"SystemTime": "2026-03-02T10:37:14.459800Z"}}, "EventRecordID": 996, "Correlation": {"#attributes": {"ActivityID": "85289D21-AA30-0001-B29D-288530AADC01"}}, "Execution": {"#attributes": {"ProcessID": 700, "ThreadID": 704}}, "Channel": "Directory Service", "Computer": "DC01.pirate.htb", "Security": {"#attributes": {"UserID": "S-1-5-7"}}}, "EventData": {"Data": {"#text": ["00d16615-b7f9-4705-9201-9895fc9d7779", "ff8760cd-0839-4630-bcc8-87ddb147760e", "155684"]}, "Binary": null}}},
{"TimeGenerated": "2026-03-02T10:37:14.459800Z", "EventID": {"#attributes": {"Qualifiers": 16384}, "#text": 2179}, "Computer": "DC01.pirate.htb", "RawEvent": {"#attributes": {"xmlns": "http://schemas.microsoft.com/win/2004/08/events/event"}, "System": {"Provider": {"#attributes": {"Name": "Microsoft-Windows-ActiveDirectory_DomainService", "Guid": "{0e8478c5-3605-4e8c-8497-1e730c959516}", "EventSourceName": "NTDS General"}}, "EventID": {"#attributes": {"Qualifiers": 16384}, "#text": 2179}, "Version": 0, "Level": 4, "Task": 7, "Opcode": 0, "Keywords": "0x8080000000000000", "TimeCreated": {"#attributes": {"SystemTime": "2026-03-02T10:37:14.459800Z"}}, "EventRecordID": 997, "Correlation": null, "Execution": {"#attributes": {"ProcessID": 700, "ThreadID": 704}}, "Channel": "Directory Service", "Computer": "DC01.pirate.htb", "Security": {"#attributes": {"UserID": "S-1-5-7"}}}, "EventData": {"Data": {"#text": "13101248825018997560"}, "Binary": null}}},
{"TimeGenerated": "2026-03-02T10:37:14.459800Z", "EventID": {"#attributes": {"Qualifiers": 16384}, "#text": 2208}, "Computer": "DC01.pirate.htb", "RawEvent": {"#attributes": {"xmlns": "http://schemas.microsoft.com/win/2004/08/events/event"}, "System": {"Provider": {"#attributes": {"Name": "Microsoft-Windows-ActiveDirectory_DomainService", "Guid": "{0e8478c5-3605-4e8c-8497-1e730c959516}", "EventSourceName": "NTDS General"}}, "EventID": {"#attributes": {"Qualifiers": 16384}, "#text": 2208}, "Version": 0, "Level": 4, "Task": 7, "Opcode": 0, "Keywords": "0x8080000000000000", "TimeCreated": {"#attributes": {"SystemTime": "2026-03-02T10:37:14.459800Z"}}, "EventRecordID": 998, "Correlation": null, "Execution": {"#attributes": {"ProcessID": 700, "ThreadID": 868}}, "Channel": "Directory Service", "Computer": "DC01.pirate.htb", "Security": null}, "EventData": {"Data": {"#text": ""}, "Binary": null}}},
{"TimeGenerated": "2026-03-02T10:37:14.475421Z", "EventID": {"#attributes": {"Qualifiers": 16384}, "#text": 2120}, "Computer": "DC01.pirate.htb", "RawEvent": {"#attributes": {"xmlns": "http://schemas.microsoft.com/win/2004/08/events/event"}, "System": {"Provider": {"#attributes": {"Name": "Microsoft-Windows-ActiveDirectory_DomainService", "Guid": "{0e8478c5-3605-4e8c-8497-1e730c959516}", "EventSourceName": "NTDS General"}}, "EventID": {"#attributes": {"Qualifiers": 16384}, "#text": 2120}, "Version": 0, "Level": 4, "Task": 7, "Opcode": 0, "Keywords": "0x8080000000000000", "TimeCreated": {"#attributes": {"SystemTime": "2026-03-02T10:37:14.475421Z"}}, "EventRecordID": 999, "Correlation": null, "Execution": {"#attributes": {"ProcessID": 700, "ThreadID": 860}}, "Channel": "Directory Service", "Computer": "DC01.pirate.htb", "Security": {"#attributes": {"UserID": "S-1-5-7"}}}, "EventData": {"Data": {"#text": ""}, "Binary": null}}},
{"TimeGenerated": "2026-03-02T10:37:14.475421Z", "EventID": {"#attributes": {"Qualifiers": 16384}, "#text": 2405}, "Computer": "DC01.pirate.htb", "RawEvent": {"#attributes": {"xmlns": "http://schemas.microsoft.com/win/2004/08/events/event"}, "System": {"Provider": {"#attributes": {"Name": "Microsoft-Windows-ActiveDirectory_DomainService", "Guid": "{0e8478c5-3605-4e8c-8497-1e730c959516}", "EventSourceName": "NTDS General"}}, "EventID": {"#attributes": {"Qualifiers": 16384}, "#text": 2405}, "Version": 0, "Level": 4, "Task": 7, "Opcode": 0, "Keywords": "0x8080000000000000", "TimeCreated": {"#attributes": {"SystemTime": "2026-03-02T10:37:14.475421Z"}}, "EventRecordID": 1000, "Correlation": null, "Execution": {"#attributes": {"ProcessID": 700, "ThreadID": 860}}, "Channel": "Directory Service", "Computer": "DC01.pirate.htb", "Security": {"#attributes": {"UserID": "S-1-5-7"}}}, "EventData": {"Data": {"#text": "Recycle Bin Feature"}, "Binary": null}}},
{"TimeGenerated": "2026-03-02T10:37:14.475421Z", "EventID": {"#attributes": {"Qualifiers": 16384}, "#text": 2405}, "Computer": "DC01.pirate.htb", "RawEvent": {"#attributes": {"xmlns": "http://schemas.microsoft.com/win/2004/08/events/event"}, "System": {"Provider": {"#attributes": {"Name": "Microsoft-Windows-ActiveDirectory_DomainService", "Guid": "{0e8478c5-3605-4e8c-8497-1e730c959516}", "EventSourceName": "NTDS General"}}, "EventID": {"#attributes": {"Qualifiers": 16384}, "#text": 2405}, "Version": 0, "Level": 4, "Task": 7, "Opcode": 0, "Keywords": "0x8080000000000000", "TimeCreated": {"#attributes": {"SystemTime": "2026-03-02T10:37:14.475421Z"}}, "EventRecordID": 1001, "Correlation": null, "Execution": {"#attributes": {"ProcessID": 700, "ThreadID": 860}}, "Channel": "Directory Service", "Computer": "DC01.pirate.htb", "Security": {"#attributes": {"UserID": "S-1-5-7"}}}, "EventData": {"Data": {"#text": "Privileged Access Management Feature"}, "Binary": null}}},
{"TimeGenerated": "2026-03-02T10:37:24.479155Z", "EventID": {"#attributes": {"Qualifiers": 32768}, "#text": 2886}, "Computer": "DC01.pirate.htb", "RawEvent": {"#attributes": {"xmlns": "http://schemas.microsoft.com/win/2004/08/events/event"}, "System": {"Provider": {"#attributes": {"Name": "Microsoft-Windows-ActiveDirectory_DomainService", "Guid": "{0e8478c5-3605-4e8c-8497-1e730c959516}", "EventSourceName": "NTDS General"}}, "EventID": {"#attributes": {"Qualifiers": 32768}, "#text": 2886}, "Version": 0, "Level": 3, "Task": 16, "Opcode": 0, "Keywords": "0x8080000000000000", "TimeCreated": {"#attributes": {"SystemTime": "2026-03-02T10:37:24.479155Z"}}, "EventRecordID": 1002, "Correlation": null, "Execution": {"#attributes": {"ProcessID": 700, "ThreadID": 884}}, "Channel": "Directory Service", "Computer": "DC01.pirate.htb", "Security": {"#attributes": {"UserID": "S-1-5-7"}}}, "EventData": {"Data": {"#text": ""}, "Binary": null}}},
{"TimeGenerated": "2026-03-02T10:37:24.479155Z", "EventID": {"#attributes": {"Qualifiers": 32768}, "#text": 3041}, "Computer": "DC01.pirate.htb", "RawEvent": {"#attributes": {"xmlns": "http://schemas.microsoft.com/win/2004/08/events/event"}, "System": {"Provider": {"#attributes": {"Name": "Microsoft-Windows-ActiveDirectory_DomainService", "Guid": "{0e8478c5-3605-4e8c-8497-1e730c959516}", "EventSourceName": "NTDS General"}}, "EventID": {"#attributes": {"Qualifiers": 32768}, "#text": 3041}, "Version": 0, "Level": 3, "Task": 16, "Opcode": 0, "Keywords": "0x8080000000000000", "TimeCreated": {"#attributes": {"SystemTime": "2026-03-02T10:37:24.479155Z"}}, "EventRecordID": 1003, "Correlation": null, "Execution": {"#attributes": {"ProcessID": 700, "ThreadID": 884}}, "Channel": "Directory Service", "Computer": "DC01.pirate.htb", "Security": {"#attributes": {"UserID": "S-1-5-7"}}}, "EventData": {"Data": {"#text": ""}, "Binary": null}}},
{"TimeGenerated": "2026-03-02T10:37:24.479155Z", "EventID": {"#attributes": {"Qualifiers": 16384}, "#text": 1000}, "Computer": "DC01.pirate.htb", "RawEvent": {"#attributes": {"xmlns": "http://schemas.microsoft.com/win/2004/08/events/event"}, "System": {"Provider": {"#attributes": {"Name": "Microsoft-Windows-ActiveDirectory_DomainService", "Guid": "{0e8478c5-3605-4e8c-8497-1e730c959516}", "EventSourceName": "NTDS General"}}, "EventID": {"#attributes": {"Qualifiers": 16384}, "#text": 1000}, "Version": 0, "Level": 4, "Task": 12, "Opcode": 0, "Keywords": "0x8080000000000000", "TimeCreated": {"#attributes": {"SystemTime": "2026-03-02T10:37:24.479155Z"}}, "EventRecordID": 1004, "Correlation": null, "Execution": {"#attributes": {"ProcessID": 700, "ThreadID": 884}}, "Channel": "Directory Service", "Computer": "DC01.pirate.htb", "Security": {"#attributes": {"UserID": "S-1-5-7"}}}, "EventData": {"Data": {"#text": ""}, "Binary": null}}},
{"TimeGenerated": "2026-03-02T10:37:54.472720Z", "EventID": {"#attributes": {"Qualifiers": 16384}, "#text": 1394}, "Computer": "DC01.pirate.htb", "RawEvent": {"#attributes": {"xmlns": "http://schemas.microsoft.com/win/2004/08/events/event"}, "System": {"Provider": {"#attributes": {"Name": "Microsoft-Windows-ActiveDirectory_DomainService", "Guid": "{0e8478c5-3605-4e8c-8497-1e730c959516}", "EventSourceName": "NTDS General"}}, "EventID": {"#attributes": {"Qualifiers": 16384}, "#text": 1394}, "Version": 0, "Level": 4, "Task": 12, "Opcode": 0, "Keywords": "0x8080000000000000", "TimeCreated": {"#attributes": {"SystemTime": "2026-03-02T10:37:54.472720Z"}}, "EventRecordID": 1005, "Correlation": null, "Execution": {"#attributes": {"ProcessID": 700, "ThreadID": 860}}, "Channel": "Directory Service", "Computer": "DC01.pirate.htb", "Security": {"#attributes": {"UserID": "S-1-5-7"}}}, "EventData": {"Data": {"#text": ""}, "Binary": null}}},
{"TimeGenerated": "2026-03-02T10:40:07.105567Z", "EventID": {"#attributes": {"Qualifiers": 32768}, "#text": 2947}, "Computer": "DC01.pirate.htb", "RawEvent": {"#attributes": {"xmlns": "http://schemas.microsoft.com/win/2004/08/events/event"}, "System": {"Provider": {"#attributes": {"Name": "Microsoft-Windows-ActiveDirectory_DomainService", "Guid": "{0e8478c5-3605-4e8c-8497-1e730c959516}", "EventSourceName": "NTDS General"}}, "EventID": {"#attributes": {"Qualifiers": 32768}, "#text": 2947}, "Version": 0, "Level": 3, "Task": 2, "Opcode": 0, "Keywords": "0x8080000000000000", "TimeCreated": {"#attributes": {"SystemTime": "2026-03-02T10:40:07.105567Z"}}, "EventRecordID": 1006, "Correlation": null, "Execution": {"#attributes": {"ProcessID": 700, "ThreadID": 2132}}, "Channel": "Directory Service", "Computer": "DC01.pirate.htb", "Security": {"#attributes": {"UserID": "S-1-5-21-4107424128-4158083573-1300325248-3102"}}}, "EventData": {"Data": {"#text": ["CN=gMSA_ADFS_prod,CN=Managed Service Accounts,DC=pirate,DC=htb", "S-1-5-21-4107424128-4158083573-1300325248-3102", "192.168.100.2:49742", "8995"]}, "Binary": null}}},
{"TimeGenerated": "2026-03-02T10:40:07.230550Z", "EventID": {"#attributes": {"Qualifiers": 32768}, "#text": 2947}, "Computer": "DC01.pirate.htb", "RawEvent": {"#attributes": {"xmlns": "http://schemas.microsoft.com/win/2004/08/events/event"}, "System": {"Provider": {"#attributes": {"Name": "Microsoft-Windows-ActiveDirectory_DomainService", "Guid": "{0e8478c5-3605-4e8c-8497-1e730c959516}", "EventSourceName": "NTDS General"}}, "EventID": {"#attributes": {"Qualifiers": 32768}, "#text": 2947}, "Version": 0, "Level": 3, "Task": 2, "Opcode": 0, "Keywords": "0x8080000000000000", "TimeCreated": {"#attributes": {"SystemTime": "2026-03-02T10:40:07.230550Z"}}, "EventRecordID": 1007, "Correlation": null, "Execution": {"#attributes": {"ProcessID": 700, "ThreadID": 2132}}, "Channel": "Directory Service", "Computer": "DC01.pirate.htb", "Security": {"#attributes": {"UserID": "S-1-5-21-4107424128-4158083573-1300325248-3102"}}}, "EventData": {"Data": {"#text": ["CN=gMSA_ADFS_prod,CN=Managed Service Accounts,DC=pirate,DC=htb", "S-1-5-21-4107424128-4158083573-1300325248-3102", "192.168.100.2:49747", "8995"]}, "Binary": null}}},
{"TimeGenerated": "2026-03-02T10:40:07.355559Z", "EventID": {"#attributes": {"Qualifiers": 32768}, "#text": 2947}, "Computer": "DC01.pirate.htb", "RawEvent": {"#attributes": {"xmlns": "http://schemas.microsoft.com/win/2004/08/events/event"}, "System": {"Provider": {"#attributes": {"Name": "Microsoft-Windows-ActiveDirectory_DomainService", "Guid": "{0e8478c5-3605-4e8c-8497-1e730c959516}", "EventSourceName": "NTDS General"}}, "EventID": {"#attributes": {"Qualifiers": 32768}, "#text": 2947}, "Version": 0, "Level": 3, "Task": 2, "Opcode": 0, "Keywords": "0x8080000000000000", "TimeCreated": {"#attributes": {"SystemTime": "2026-03-02T10:40:07.355559Z"}}, "EventRecordID": 1008, "Correlation": null, "Execution": {"#attributes": {"ProcessID": 700, "ThreadID": 2132}}, "Channel": "Directory Service", "Computer": "DC01.pirate.htb", "Security": {"#attributes": {"UserID": "S-1-5-21-4107424128-4158083573-1300325248-3102"}}}, "EventData": {"Data": {"#text": ["CN=gMSA_ADFS_prod,CN=Managed Service Accounts,DC=pirate,DC=htb", "S-1-5-21-4107424128-4158083573-1300325248-3102", "192.168.100.2:49752", "8995"]}, "Binary": null}}},
{"TimeGenerated": "2026-03-02T10:40:07.490328Z", "EventID": {"#attributes": {"Qualifiers": 32768}, "#text": 2947}, "Computer": "DC01.pirate.htb", "RawEvent": {"#attributes": {"xmlns": "http://schemas.microsoft.com/win/2004/08/events/event"}, "System": {"Provider": {"#attributes": {"Name": "Microsoft-Windows-ActiveDirectory_DomainService", "Guid": "{0e8478c5-3605-4e8c-8497-1e730c959516}", "EventSourceName": "NTDS General"}}, "EventID": {"#attributes": {"Qualifiers": 32768}, "#text": 2947}, "Version": 0, "Level": 3, "Task": 2, "Opcode": 0, "Keywords": "0x8080000000000000", "TimeCreated": {"#attributes": {"SystemTime": "2026-03-02T10:40:07.490328Z"}}, "EventRecordID": 1009, "Correlation": null, "Execution": {"#attributes": {"ProcessID": 700, "ThreadID": 4992}}, "Channel": "Directory Service", "Computer": "DC01.pirate.htb", "Security": {"#attributes": {"UserID": "S-1-5-21-4107424128-4158083573-1300325248-3102"}}}, "EventData": {"Data": {"#text": ["CN=gMSA_ADFS_prod,CN=Managed Service Accounts,DC=pirate,DC=htb", "S-1-5-21-4107424128-4158083573-1300325248-3102", "192.168.100.2:49757", "8995"]}, "Binary": null}}},
{"TimeGenerated": "2026-03-02T10:40:07.620644Z", "EventID": {"#attributes": {"Qualifiers": 32768}, "#text": 2947}, "Computer": "DC01.pirate.htb", "RawEvent": {"#attributes": {"xmlns": "http://schemas.microsoft.com/win/2004/08/events/event"}, "System": {"Provider": {"#attributes": {"Name": "Microsoft-Windows-ActiveDirectory_DomainService", "Guid": "{0e8478c5-3605-4e8c-8497-1e730c959516}", "EventSourceName": "NTDS General"}}, "EventID": {"#attributes": {"Qualifiers": 32768}, "#text": 2947}, "Version": 0, "Level": 3, "Task": 2, "Opcode": 0, "Keywords": "0x8080000000000000", "TimeCreated": {"#attributes": {"SystemTime": "2026-03-02T10:40:07.620644Z"}}, "EventRecordID": 1010, "Correlation": null, "Execution": {"#attributes": {"ProcessID": 700, "ThreadID": 4992}}, "Channel": "Directory Service", "Computer": "DC01.pirate.htb", "Security": {"#attributes": {"UserID": "S-1-5-21-4107424128-4158083573-1300325248-3102"}}}, "EventData": {"Data": {"#text": ["CN=gMSA_ADFS_prod,CN=Managed Service Accounts,DC=pirate,DC=htb", "S-1-5-21-4107424128-4158083573-1300325248-3102", "192.168.100.2:49762", "8995"]}, "Binary": null}}},
{"TimeGenerated": "2026-03-02T10:52:24.606511Z", "EventID": {"#attributes": {"Qualifiers": 0}, "#text": 102}, "Computer": "DC01.pirate.htb", "RawEvent": {"#attributes": {"xmlns": "http://schemas.microsoft.com/win/2004/08/events/event"}, "System": {"Provider": {"#attributes": {"Name": "NTDS ISAM"}}, "EventID": {"#attributes": {"Qualifiers": 0}, "#text": 102}, "Level": 4, "Task": 1, "Keywords": "0x80000000000000", "TimeCreated": {"#attributes": {"SystemTime": "2026-03-02T10:52:24.606511Z"}}, "EventRecordID": 1011, "Channel": "Directory Service", "Computer": "DC01.pirate.htb", "Security": null}, "EventData": {"Data": {"#text": ["NTDS", "700,P,98", "NTDSA: ", "0", "10", "00", "17763", "0000"]}, "Binary": null}}},
{"TimeGenerated": "2026-03-02T10:52:24.606511Z", "EventID": {"#attributes": {"Qualifiers": 0}, "#text": 105}, "Computer": "DC01.pirate.htb", "RawEvent": {"#attributes": {"xmlns": "http://schemas.microsoft.com/win/2004/08/events/event"}, "System": {"Provider": {"#attributes": {"Name": "NTDS ISAM"}}, "EventID": {"#attributes": {"Qualifiers": 0}, "#text": 105}, "Level": 4, "Task": 1, "Keywords": "0x80000000000000", "TimeCreated": {"#attributes": {"SystemTime": "2026-03-02T10:52:24.606511Z"}}, "EventRecordID": 1012, "Channel": "Directory Service", "Computer": "DC01.pirate.htb", "Security": null}, "EventData": {"Data": {"#text": ["NTDS", "700,D,0", "NTDSA: ", "0", "0", "\n[1] 0.000848 +J(0) +M(C:0K, Fs:119, WS:460K # 0K, PF:3220K # 340K, P:3220K)\n[2] 0.000527 +J(0) +M(C:16K, Fs:82, WS:324K # 260K, PF:284K # 284K, P:284K)\n[3] 0.000015 +J(0) +M(C:0K, Fs:6, WS:20K # 20K, PF:68K # 68K, P:68K)\n[4] 0.007560 -0.000306 (1) WT +J(0) +M(C:0K, Fs:130, WS:440K # 440K, PF:5192K # 5192K, P:5192K)\n[5] 0.000186 +J(0) +M(C:0K, Fs:1, WS:4K # 4K, PF:0K # 0K, P:0K)\n[6] 0.002108 +J(0) +M(C:0K, Fs:20, WS:76K # 76K, PF:12K # 12K, P:12K)\n[7] 0.018338 -0.010714 (41) WT +J(0) +M(C:0K, Fs:2576, WS:10284K # 10284K, PF:10260K # 10260K, P:10260K)\n[8] -\n[9] -\n[10] -\n[11] -\n[12] -\n[13] 0.017819 -0.011919 (42) WT +J(CM:0, PgRf:0, Rd:0/0, Dy:0/0, Lg:616/1) +M(C:0K, Fs:7, WS:-10220K # 16K, PF:-10256K # 12K, P:-10256K)\n[14] 0.000020 +J(0) +M(C:0K, Fs:1, WS:4K # 0K, PF:0K # 0K, P:0K)\n[15] 0.000232 +J(0) +M(C:0K, Fs:206, WS:820K # 0K, PF:68K # 0K, P:68K)\n[16] 0.000775 -0.000571 (1) WT +J(0) +M(C:0K, Fs:2, WS:0K # 0K, PF:0K # 0K, P:0K).", ""]}, "Binary": null}}},
{"TimeGenerated": "2026-03-02T10:52:24.606511Z", "EventID": {"#attributes": {"Qualifiers": 0}, "#text": 326}, "Computer": "DC01.pirate.htb", "RawEvent": {"#attributes": {"xmlns": "http://schemas.microsoft.com/win/2004/08/events/event"}, "System": {"Provider": {"#attributes": {"Name": "NTDS ISAM"}}, "EventID": {"#attributes": {"Qualifiers": 0}, "#text": 326}, "Level": 4, "Task": 1, "Keywords": "0x80000000000000", "TimeCreated": {"#attributes": {"SystemTime": "2026-03-02T10:52:24.606511Z"}}, "EventRecordID": 1013, "Channel": "Directory Service", "Computer": "DC01.pirate.htb", "Security": null}, "EventData": {"Data": {"#text": ["NTDS", "700,D,50", "NTDSA: ", "1", "C:\\Windows\\NTDS\\ntds.dit", "0", "\n[1] 0.000004 +J(0) +M(C:0K, Fs:1, WS:4K # 0K, PF:0K # 0K, P:0K)\n[2] 0.000452 -0.000311 (1) WT +J(0) +M(C:0K, Fs:19, WS:12K # 0K, PF:8K # 0K, P:8K)\n[3] 0.008376 -0.004902 (6) WT +J(CM:0, PgRf:0, Rd:0/0, Dy:0/0, Lg:3480/2) +M(C:0K, Fs:19, WS:64K # 0K, PF:128K # 0K, P:128K)\n[4] 0.000093 +J(0)\n[5] -\n[6] -\n[7] -\n[8] 0.002771 -0.001012 (2) CM -0.000523 (2) WT +J(CM:2, PgRf:2, Rd:4/2, Dy:0/0, Lg:0/0) +M(C:16K, Fs:49, WS:188K # 0K, PF:208K # 0K, P:208K)\n[9] 0.002285 -0.001709 (6) CM -0.001489 (6) WT +J(CM:6, PgRf:24, Rd:0/6, Dy:0/0, Lg:0/0) +M(C:-4K, Fs:26, WS:76K # 0K, PF:196K # 0K, P:196K)\n[10] 0.001159 -0.001029 (4) CM -0.000909 (4) WT +J(CM:4, PgRf:40, Rd:0/4, Dy:0/0, Lg:0/0) +M(C:-8K, Fs:3, WS:0K # 0K, PF:56K # 0K, P:56K)\n[11] 0.000009 +J(CM:0, PgRf:1, Rd:0/0, Dy:0/0, Lg:0/0) +M(C:0K, Fs:2, WS:8K # 0K, PF:0K # 0K, P:0K)\n[12] 0.000032 +J(CM:0, PgRf:42, Rd:0/0, Dy:0/0, Lg:0/0) +M(C:0K, Fs:1, WS:4K # 0K, PF:0K # 0K, P:0K)\n[13] 0.0 +J(0)\n[14] 0.0 +J(0)\n[15] 0.000003 +J(CM:0, PgRf:1, Rd:0/0, Dy:0/0, Lg:0/0).", "0 0", "lgposAttach = 00000003:0044:0268"]}, "Binary": null}}},
{"TimeGenerated": "2026-03-02T10:52:24.606511Z", "EventID": {"#attributes": {"Qualifiers": 0}, "#text": 700}, "Computer": "DC01.pirate.htb", "RawEvent": {"#attributes": {"xmlns": "http://schemas.microsoft.com/win/2004/08/events/event"}, "System": {"Provider": {"#attributes": {"Name": "NTDS ISAM"}}, "EventID": {"#attributes": {"Qualifiers": 0}, "#text": 700}, "Level": 4, "Task": 10, "Keywords": "0x80000000000000", "TimeCreated": {"#attributes": {"SystemTime": "2026-03-02T10:52:24.606511Z"}}, "EventRecordID": 1014, "Channel": "Directory Service", "Computer": "DC01.pirate.htb", "Security": null}, "EventData": {"Data": {"#text": ["NTDS", "700,D,0", "NTDSA: ", "C:\\Windows\\NTDS\\ntds.dit"]}, "Binary": null}}},
{"TimeGenerated": "2026-03-02T10:52:24.939102Z", "EventID": {"#attributes": {"Qualifiers": 0}, "#text": 701}, "Computer": "DC01.pirate.htb", "RawEvent": {"#attributes": {"xmlns": "http://schemas.microsoft.com/win/2004/08/events/event"}, "System": {"Provider": {"#attributes": {"Name": "NTDS ISAM"}}, "EventID": {"#attributes": {"Qualifiers": 0}, "#text": 701}, "Level": 4, "Task": 10, "Keywords": "0x80000000000000", "TimeCreated": {"#attributes": {"SystemTime": "2026-03-02T10:52:24.939102Z"}}, "EventRecordID": 1015, "Channel": "Directory Service", "Computer": "DC01.pirate.htb", "Security": null}, "EventData": {"Data": {"#text": ["NTDS", "700,D,0", "NTDSA: ", "C:\\Windows\\NTDS\\ntds.dit", "0", "3/2/2026", "0", "1", "1", "21"]}, "Binary": null}}},
{"TimeGenerated": "2026-03-02T10:52:24.622083Z", "EventID": {"#attributes": {"Qualifiers": 16384}, "#text": 1869}, "Computer": "DC01.pirate.htb", "RawEvent": {"#attributes": {"xmlns": "http://schemas.microsoft.com/win/2004/08/events/event"}, "System": {"Provider": {"#attributes": {"Name": "Microsoft-Windows-ActiveDirectory_DomainService", "Guid": "{0e8478c5-3605-4e8c-8497-1e730c959516}", "EventSourceName": "NTDS General"}}, "EventID": {"#attributes": {"Qualifiers": 16384}, "#text": 1869}, "Version": 0, "Level": 4, "Task": 18, "Opcode": 0, "Keywords": "0x8080000000000000", "TimeCreated": {"#attributes": {"SystemTime": "2026-03-02T10:52:24.622083Z"}}, "EventRecordID": 1016, "Correlation": null, "Execution": {"#attributes": {"ProcessID": 700, "ThreadID": 860}}, "Channel": "Directory Service", "Computer": "DC01.pirate.htb", "Security": {"#attributes": {"UserID": "S-1-5-7"}}}, "EventData": {"Data": {"#text": ["\\\\DC01.pirate.htb", "Default-First-Site-Name"]}, "Binary": null}}},
{"TimeGenerated": "2026-03-02T11:37:24.508243Z", "EventID": {"#attributes": {"Qualifiers": 32768}, "#text": 2089}, "Computer": "DC01.pirate.htb", "RawEvent": {"#attributes": {"xmlns": "http://schemas.microsoft.com/win/2004/08/events/event"}, "System": {"Provider": {"#attributes": {"Name": "Microsoft-Windows-ActiveDirectory_DomainService", "Guid": "{0e8478c5-3605-4e8c-8497-1e730c959516}", "EventSourceName": "NTDS General"}}, "EventID": {"#attributes": {"Qualifiers": 32768}, "#text": 2089}, "Version": 0, "Level": 3, "Task": 14, "Opcode": 0, "Keywords": "0x8080000000000000", "TimeCreated": {"#attributes": {"SystemTime": "2026-03-02T11:37:24.508243Z"}}, "EventRecordID": 1017, "Correlation": null, "Execution": {"#attributes": {"ProcessID": 700, "ThreadID": 860}}, "Channel": "Directory Service", "Computer": "DC01.pirate.htb", "Security": {"#attributes": {"UserID": "S-1-5-7"}}}, "EventData": {"Data": {"#text": ["DC=pirate,DC=htb", "90", "System\\CurrentControlSet\\Services\\NTDS\\Parameters", "Backup Latency Threshold (days)"]}, "Binary": null}}},
{"TimeGenerated": "2026-03-02T11:37:24.508243Z", "EventID": {"#attributes": {"Qualifiers": 32768}, "#text": 2089}, "Computer": "DC01.pirate.htb", "RawEvent": {"#attributes": {"xmlns": "http://schemas.microsoft.com/win/2004/08/events/event"}, "System": {"Provider": {"#attributes": {"Name": "Microsoft-Windows-ActiveDirectory_DomainService", "Guid": "{0e8478c5-3605-4e8c-8497-1e730c959516}", "EventSourceName": "NTDS General"}}, "EventID": {"#attributes": {"Qualifiers": 32768}, "#text": 2089}, "Version": 0, "Level": 3, "Task": 14, "Opcode": 0, "Keywords": "0x8080000000000000", "TimeCreated": {"#attributes": {"SystemTime": "2026-03-02T11:37:24.508243Z"}}, "EventRecordID": 1018, "Correlation": null, "Execution": {"#attributes": {"ProcessID": 700, "ThreadID": 860}}, "Channel": "Directory Service", "Computer": "DC01.pirate.htb", "Security": {"#attributes": {"UserID": "S-1-5-7"}}}, "EventData": {"Data": {"#text": ["CN=Configuration,DC=pirate,DC=htb", "90", "System\\CurrentControlSet\\Services\\NTDS\\Parameters", "Backup Latency Threshold (days)"]}, "Binary": null}}},
{"TimeGenerated": "2026-03-02T11:37:24.508243Z", "EventID": {"#attributes": {"Qualifiers": 32768}, "#text": 2089}, "Computer": "DC01.pirate.htb", "RawEvent": {"#attributes": {"xmlns": "http://schemas.microsoft.com/win/2004/08/events/event"}, "System": {"Provider": {"#attributes": {"Name": "Microsoft-Windows-ActiveDirectory_DomainService", "Guid": "{0e8478c5-3605-4e8c-8497-1e730c959516}", "EventSourceName": "NTDS General"}}, "EventID": {"#attributes": {"Qualifiers": 32768}, "#text": 2089}, "Version": 0, "Level": 3, "Task": 14, "Opcode": 0, "Keywords": "0x8080000000000000", "TimeCreated": {"#attributes": {"SystemTime": "2026-03-02T11:37:24.508243Z"}}, "EventRecordID": 1019, "Correlation": null, "Execution": {"#attributes": {"ProcessID": 700, "ThreadID": 860}}, "Channel": "Directory Service", "Computer": "DC01.pirate.htb", "Security": {"#attributes": {"UserID": "S-1-5-7"}}}, "EventData": {"Data": {"#text": ["CN=Schema,CN=Configuration,DC=pirate,DC=htb", "90", "System\\CurrentControlSet\\Services\\NTDS\\Parameters", "Backup Latency Threshold (days)"]}, "Binary": null}}},
{"TimeGenerated": "2026-03-02T11:37:24.508243Z", "EventID": {"#attributes": {"Qualifiers": 32768}, "#text": 2089}, "Computer": "DC01.pirate.htb", "RawEvent": {"#attributes": {"xmlns": "http://schemas.microsoft.com/win/2004/08/events/event"}, "System": {"Provider": {"#attributes": {"Name": "Microsoft-Windows-ActiveDirectory_DomainService", "Guid": "{0e8478c5-3605-4e8c-8497-1e730c959516}", "EventSourceName": "NTDS General"}}, "EventID": {"#attributes": {"Qualifiers": 32768}, "#text": 2089}, "Version": 0, "Level": 3, "Task": 14, "Opcode": 0, "Keywords": "0x8080000000000000", "TimeCreated": {"#attributes": {"SystemTime": "2026-03-02T11:37:24.508243Z"}}, "EventRecordID": 1020, "Correlation": null, "Execution": {"#attributes": {"ProcessID": 700, "ThreadID": 860}}, "Channel": "Directory Service", "Computer": "DC01.pirate.htb", "Security": {"#attributes": {"UserID": "S-1-5-7"}}}, "EventData": {"Data": {"#text": ["DC=DomainDnsZones,DC=pirate,DC=htb", "90", "System\\CurrentControlSet\\Services\\NTDS\\Parameters", "Backup Latency Threshold (days)"]}, "Binary": null}}},
{"TimeGenerated": "2026-03-02T11:37:24.508243Z", "EventID": {"#attributes": {"Qualifiers": 32768}, "#text": 2089}, "Computer": "DC01.pirate.htb", "RawEvent": {"#attributes": {"xmlns": "http://schemas.microsoft.com/win/2004/08/events/event"}, "System": {"Provider": {"#attributes": {"Name": "Microsoft-Windows-ActiveDirectory_DomainService", "Guid": "{0e8478c5-3605-4e8c-8497-1e730c959516}", "EventSourceName": "NTDS General"}}, "EventID": {"#attributes": {"Qualifiers": 32768}, "#text": 2089}, "Version": 0, "Level": 3, "Task": 14, "Opcode": 0, "Keywords": "0x8080000000000000", "TimeCreated": {"#attributes": {"SystemTime": "2026-03-02T11:37:24.508243Z"}}, "EventRecordID": 1021, "Correlation": null, "Execution": {"#attributes": {"ProcessID": 700, "ThreadID": 860}}, "Channel": "Directory Service", "Computer": "DC01.pirate.htb", "Security": {"#attributes": {"UserID": "S-1-5-7"}}}, "EventData": {"Data": {"#text": ["DC=ForestDnsZones,DC=pirate,DC=htb", "90", "System\\CurrentControlSet\\Services\\NTDS\\Parameters", "Backup Latency Threshold (days)"]}, "Binary": null}}},
{"TimeGenerated": "2026-03-02T12:18:07.405901Z", "EventID": {"#attributes": {"Qualifiers": 16384}, "#text": 2946}, "Computer": "DC01.pirate.htb", "RawEvent": {"#attributes": {"xmlns": "http://schemas.microsoft.com/win/2004/08/events/event"}, "System": {"Provider": {"#attributes": {"Name": "Microsoft-Windows-ActiveDirectory_DomainService", "Guid": "{0e8478c5-3605-4e8c-8497-1e730c959516}", "EventSourceName": "NTDS General"}}, "EventID": {"#attributes": {"Qualifiers": 16384}, "#text": 2946}, "Version": 0, "Level": 4, "Task": 2, "Opcode": 0, "Keywords": "0x8080000000000000", "TimeCreated": {"#attributes": {"SystemTime": "2026-03-02T12:18:07.405901Z"}}, "EventRecordID": 1022, "Correlation": null, "Execution": {"#attributes": {"ProcessID": 700, "ThreadID": 4992}}, "Channel": "Directory Service", "Computer": "DC01.pirate.htb", "Security": {"#attributes": {"UserID": "S-1-5-21-4107424128-4158083573-1300325248-4102"}}}, "EventData": {"Data": {"#text": ["CN=gMSA_ADCS_prod,CN=Managed Service Accounts,DC=pirate,DC=htb", "S-1-5-21-4107424128-4158083573-1300325248-4102", "10.10.16.36:36355"]}, "Binary": null}}},
{"TimeGenerated": "2026-03-02T12:18:07.405901Z", "EventID": {"#attributes": {"Qualifiers": 16384}, "#text": 2946}, "Computer": "DC01.pirate.htb", "RawEvent": {"#attributes": {"xmlns": "http://schemas.microsoft.com/win/2004/08/events/event"}, "System": {"Provider": {"#attributes": {"Name": "Microsoft-Windows-ActiveDirectory_DomainService", "Guid": "{0e8478c5-3605-4e8c-8497-1e730c959516}", "EventSourceName": "NTDS General"}}, "EventID": {"#attributes": {"Qualifiers": 16384}, "#text": 2946}, "Version": 0, "Level": 4, "Task": 2, "Opcode": 0, "Keywords": "0x8080000000000000", "TimeCreated": {"#attributes": {"SystemTime": "2026-03-02T12:18:07.405901Z"}}, "EventRecordID": 1023, "Correlation": null, "Execution": {"#attributes": {"ProcessID": 700, "ThreadID": 4992}}, "Channel": "Directory Service", "Computer": "DC01.pirate.htb", "Security": {"#attributes": {"UserID": "S-1-5-21-4107424128-4158083573-1300325248-4102"}}}, "EventData": {"Data": {"#text": ["CN=gMSA_ADFS_prod,CN=Managed Service Accounts,DC=pirate,DC=htb", "S-1-5-21-4107424128-4158083573-1300325248-4102", "10.10.16.36:36355"]}, "Binary": null}}}
]