{"TimeGenerated": "2026-01-26T21:58:07.879478Z", "EventID": {"#attributes": {"Qualifiers": 0}, "#text": 102}, "Computer": "DC01.pirate.htb", "RawEvent": {"#attributes": {"xmlns": "http://schemas.microsoft.com/win/2004/08/events/event"}, "System": {"Provider": {"#attributes": {"Name": "NTDS ISAM"}}, "EventID": {"#attributes": {"Qualifiers": 0}, "#text": 102}, "Level": 4, "Task": 1, "Keywords": "0x80000000000000", "TimeCreated": {"#attributes": {"SystemTime": "2026-01-26T21:58:07.879478Z"}}, "EventRecordID": 789, "Channel": "Directory Service", "Computer": "DC01.pirate.htb", "Security": null}, "EventData": {"Data": {"#text": ["NTDS", "744,P,98", "NTDSA: ", "0", "10", "00", "17763", "0000"]}, "Binary": null}}},
{"TimeGenerated": "2026-01-26T21:58:07.879478Z", "EventID": {"#attributes": {"Qualifiers": 0}, "#text": 105}, "Computer": "DC01.pirate.htb", "RawEvent": {"#attributes": {"xmlns": "http://schemas.microsoft.com/win/2004/08/events/event"}, "System": {"Provider": {"#attributes": {"Name": "NTDS ISAM"}}, "EventID": {"#attributes": {"Qualifiers": 0}, "#text": 105}, "Level": 4, "Task": 1, "Keywords": "0x80000000000000", "TimeCreated": {"#attributes": {"SystemTime": "2026-01-26T21:58:07.879478Z"}}, "EventRecordID": 790, "Channel": "Directory Service", "Computer": "DC01.pirate.htb", "Security": null}, "EventData": {"Data": {"#text": ["NTDS", "744,D,0", "NTDSA: ", "0", "0", "\n[1] 0.001452 +J(0) +M(C:0K, Fs:107, WS:416K # 0K, PF:3168K # 340K, P:3168K)\n[2] 0.000919 +J(0) +M(C:16K, Fs:94, WS:368K # 272K, PF:284K # 284K, P:284K)\n[3] 0.000026 +J(0) +M(C:0K, Fs:6, WS:20K # 20K, PF:68K # 68K, P:68K)\n[4] 0.011461 -0.000603 (1) WT +J(0) +M(C:0K, Fs:130, WS:440K # 440K, PF:5208K # 5208K, P:5208K)\n[5] 0.000387 +J(0) +M(C:0K, Fs:1, WS:4K # 4K, PF:0K # 0K, P:0K)\n[6] 0.003962 +J(0) +M(C:0K, Fs:19, WS:76K # 76K, PF:12K # 12K, P:12K)\n[7] 0.099565 -0.087378 (41) WT +J(0) +M(C:0K, Fs:2576, WS:10284K # 10284K, PF:10260K # 10260K, P:10260K)\n[8] -\n[9] -\n[10] -\n[11] -\n[12] -\n[13] 0.062972 -0.053579 (42) WT +J(CM:0, PgRf:0, Rd:0/0, Dy:0/0, Lg:616/1) +M(C:0K, Fs:7, WS:-10220K # 16K, PF:-10256K # 12K, P:-10256K)\n[14] 0.000024 +J(0) +M(C:0K, Fs:1, WS:4K # 0K, PF:0K # 0K, P:0K)\n[15] 0.000242 +J(0) +M(C:0K, Fs:206, WS:820K # 0K, PF:68K # 0K, P:68K)\n[16] 0.000528 -0.000305 (1) WT +J(0) +M(C:0K, Fs:2, WS:0K # 0K, PF:0K # 0K, P:0K).", ""]}, "Binary": null}}},
{"TimeGenerated": "2026-01-26T21:58:07.879478Z", "EventID": {"#attributes": {"Qualifiers": 0}, "#text": 326}, "Computer": "DC01.pirate.htb", "RawEvent": {"#attributes": {"xmlns": "http://schemas.microsoft.com/win/2004/08/events/event"}, "System": {"Provider": {"#attributes": {"Name": "NTDS ISAM"}}, "EventID": {"#attributes": {"Qualifiers": 0}, "#text": 326}, "Level": 4, "Task": 1, "Keywords": "0x80000000000000", "TimeCreated": {"#attributes": {"SystemTime": "2026-01-26T21:58:07.879478Z"}}, "EventRecordID": 791, "Channel": "Directory Service", "Computer": "DC01.pirate.htb", "Security": null}, "EventData": {"Data": {"#text": ["NTDS", "744,D,50", "NTDSA: ", "1", "C:\\Windows\\NTDS\\ntds.dit", "0", "\n[1] 0.000006 +J(0) +M(C:0K, Fs:1, WS:4K # 0K, PF:0K # 0K, P:0K)\n[2] 0.000769 -0.000462 (1) WT +J(0) +M(C:0K, Fs:20, WS:12K # 0K, PF:8K # 0K, P:8K)\n[3] 0.010307 -0.004260 (6) WT +J(CM:0, PgRf:0, Rd:0/0, Dy:0/0, Lg:3480/2) +M(C:0K, Fs:18, WS:60K # 0K, PF:128K # 0K, P:128K)\n[4] 0.000118 +J(0)\n[5] -\n[6] -\n[7] -\n[8] 0.003239 -0.001052 (2) CM -0.000570 (2) WT +J(CM:2, PgRf:2, Rd:4/2, Dy:0/0, Lg:0/0) +M(C:16K, Fs:49, WS:188K # 0K, PF:208K # 0K, P:208K)\n[9] 0.005078 -0.003036 (5) CM -0.002624 (5) WT +J(CM:5, PgRf:24, Rd:0/5, Dy:0/0, Lg:0/0) +M(C:-8K, Fs:25, WS:76K # 0K, PF:192K # 0K, P:192K)\n[10] 0.001251 -0.000905 (3) CM -0.000651 (3) WT +J(CM:3, PgRf:40, Rd:0/3, Dy:0/0, Lg:0/0) +M(C:-4K, Fs:4, WS:4K # 0K, PF:60K # 0K, P:60K)\n[11] 0.000016 +J(CM:0, PgRf:1, Rd:0/0, Dy:0/0, Lg:0/0) +M(C:0K, Fs:2, WS:8K # 0K, PF:0K # 0K, P:0K)\n[12] 0.000046 +J(CM:0, PgRf:42, Rd:0/0, Dy:0/0, Lg:0/0) +M(C:0K, Fs:1, WS:4K # 0K, PF:0K # 0K, P:0K)\n[13] 0.0 +J(0)\n[14] 0.0 +J(0)\n[15] 0.000005 +J(CM:0, PgRf:1, Rd:0/0, Dy:0/0, Lg:0/0).", "0 0", "lgposAttach = 00000002:09B2:0268"]}, "Binary": null}}},
{"TimeGenerated": "2026-01-26T21:58:07.879478Z", "EventID": {"#attributes": {"Qualifiers": 0}, "#text": 700}, "Computer": "DC01.pirate.htb", "RawEvent": {"#attributes": {"xmlns": "http://schemas.microsoft.com/win/2004/08/events/event"}, "System": {"Provider": {"#attributes": {"Name": "NTDS ISAM"}}, "EventID": {"#attributes": {"Qualifiers": 0}, "#text": 700}, "Level": 4, "Task": 10, "Keywords": "0x80000000000000", "TimeCreated": {"#attributes": {"SystemTime": "2026-01-26T21:58:07.879478Z"}}, "EventRecordID": 792, "Channel": "Directory Service", "Computer": "DC01.pirate.htb", "Security": null}, "EventData": {"Data": {"#text": ["NTDS", "744,D,0", "NTDSA: ", "C:\\Windows\\NTDS\\ntds.dit"]}, "Binary": null}}},
{"TimeGenerated": "2026-01-26T21:58:08.223298Z", "EventID": {"#attributes": {"Qualifiers": 0}, "#text": 701}, "Computer": "DC01.pirate.htb", "RawEvent": {"#attributes": {"xmlns": "http://schemas.microsoft.com/win/2004/08/events/event"}, "System": {"Provider": {"#attributes": {"Name": "NTDS ISAM"}}, "EventID": {"#attributes": {"Qualifiers": 0}, "#text": 701}, "Level": 4, "Task": 10, "Keywords": "0x80000000000000", "TimeCreated": {"#attributes": {"SystemTime": "2026-01-26T21:58:08.223298Z"}}, "EventRecordID": 793, "Channel": "Directory Service", "Computer": "DC01.pirate.htb", "Security": null}, "EventData": {"Data": {"#text": ["NTDS", "744,D,0", "NTDSA: ", "C:\\Windows\\NTDS\\ntds.dit", "1", "1/26/2026", "0", "1", "1", "15"]}, "Binary": null}}},
{"TimeGenerated": "2026-01-26T21:58:07.879478Z", "EventID": {"#attributes": {"Qualifiers": 16384}, "#text": 1869}, "Computer": "DC01.pirate.htb", "RawEvent": {"#attributes": {"xmlns": "http://schemas.microsoft.com/win/2004/08/events/event"}, "System": {"Provider": {"#attributes": {"Name": "Microsoft-Windows-ActiveDirectory_DomainService", "Guid": "{0e8478c5-3605-4e8c-8497-1e730c959516}", "EventSourceName": "NTDS General"}}, "EventID": {"#attributes": {"Qualifiers": 16384}, "#text": 1869}, "Version": 0, "Level": 4, "Task": 18, "Opcode": 0, "Keywords": "0x8080000000000000", "TimeCreated": {"#attributes": {"SystemTime": "2026-01-26T21:58:07.879478Z"}}, "EventRecordID": 794, "Correlation": null, "Execution": {"#attributes": {"ProcessID": 744, "ThreadID": 904}}, "Channel": "Directory Service", "Computer": "DC01.pirate.htb", "Security": {"#attributes": {"UserID": "S-1-5-7"}}}, "EventData": {"Data": {"#text": ["\\\\DC01.pirate.htb", "Default-First-Site-Name"]}, "Binary": null}}},
{"TimeGenerated": "2026-01-26T22:01:19.426602Z", "EventID": {"#attributes": {"Qualifiers": 32768}, "#text": 2947}, "Computer": "DC01.pirate.htb", "RawEvent": {"#attributes": {"xmlns": "http://schemas.microsoft.com/win/2004/08/events/event"}, "System": {"Provider": {"#attributes": {"Name": "Microsoft-Windows-ActiveDirectory_DomainService", "Guid": "{0e8478c5-3605-4e8c-8497-1e730c959516}", "EventSourceName": "NTDS General"}}, "EventID": {"#attributes": {"Qualifiers": 32768}, "#text": 2947}, "Version": 0, "Level": 3, "Task": 2, "Opcode": 0, "Keywords": "0x8080000000000000", "TimeCreated": {"#attributes": {"SystemTime": "2026-01-26T22:01:19.426602Z"}}, "EventRecordID": 795, "Correlation": null, "Execution": {"#attributes": {"ProcessID": 744, "ThreadID": 4908}}, "Channel": "Directory Service", "Computer": "DC01.pirate.htb", "Security": {"#attributes": {"UserID": "S-1-5-21-4107424128-4158083573-1300325248-3102"}}}, "EventData": {"Data": {"#text": ["CN=gMSA_ADFS_prod,CN=Managed Service Accounts,DC=pirate,DC=htb", "S-1-5-21-4107424128-4158083573-1300325248-3102", "192.168.100.2:49751", "8995"]}, "Binary": null}}},
{"TimeGenerated": "2026-01-26T22:01:19.567559Z", "EventID": {"#attributes": {"Qualifiers": 32768}, "#text": 2947}, "Computer": "DC01.pirate.htb", "RawEvent": {"#attributes": {"xmlns": "http://schemas.microsoft.com/win/2004/08/events/event"}, "System": {"Provider": {"#attributes": {"Name": "Microsoft-Windows-ActiveDirectory_DomainService", "Guid": "{0e8478c5-3605-4e8c-8497-1e730c959516}", "EventSourceName": "NTDS General"}}, "EventID": {"#attributes": {"Qualifiers": 32768}, "#text": 2947}, "Version": 0, "Level": 3, "Task": 2, "Opcode": 0, "Keywords": "0x8080000000000000", "TimeCreated": {"#attributes": {"SystemTime": "2026-01-26T22:01:19.567559Z"}}, "EventRecordID": 796, "Correlation": null, "Execution": {"#attributes": {"ProcessID": 744, "ThreadID": 4908}}, "Channel": "Directory Service", "Computer": "DC01.pirate.htb", "Security": {"#attributes": {"UserID": "S-1-5-21-4107424128-4158083573-1300325248-3102"}}}, "EventData": {"Data": {"#text": ["CN=gMSA_ADFS_prod,CN=Managed Service Accounts,DC=pirate,DC=htb", "S-1-5-21-4107424128-4158083573-1300325248-3102", "192.168.100.2:49756", "8995"]}, "Binary": null}}},
{"TimeGenerated": "2026-01-26T22:01:19.692079Z", "EventID": {"#attributes": {"Qualifiers": 32768}, "#text": 2947}, "Computer": "DC01.pirate.htb", "RawEvent": {"#attributes": {"xmlns": "http://schemas.microsoft.com/win/2004/08/events/event"}, "System": {"Provider": {"#attributes": {"Name": "Microsoft-Windows-ActiveDirectory_DomainService", "Guid": "{0e8478c5-3605-4e8c-8497-1e730c959516}", "EventSourceName": "NTDS General"}}, "EventID": {"#attributes": {"Qualifiers": 32768}, "#text": 2947}, "Version": 0, "Level": 3, "Task": 2, "Opcode": 0, "Keywords": "0x8080000000000000", "TimeCreated": {"#attributes": {"SystemTime": "2026-01-26T22:01:19.692079Z"}}, "EventRecordID": 797, "Correlation": null, "Execution": {"#attributes": {"ProcessID": 744, "ThreadID": 4908}}, "Channel": "Directory Service", "Computer": "DC01.pirate.htb", "Security": {"#attributes": {"UserID": "S-1-5-21-4107424128-4158083573-1300325248-3102"}}}, "EventData": {"Data": {"#text": ["CN=gMSA_ADFS_prod,CN=Managed Service Accounts,DC=pirate,DC=htb", "S-1-5-21-4107424128-4158083573-1300325248-3102", "192.168.100.2:49761", "8995"]}, "Binary": null}}},
{"TimeGenerated": "2026-01-26T22:01:19.832672Z", "EventID": {"#attributes": {"Qualifiers": 32768}, "#text": 2947}, "Computer": "DC01.pirate.htb", "RawEvent": {"#attributes": {"xmlns": "http://schemas.microsoft.com/win/2004/08/events/event"}, "System": {"Provider": {"#attributes": {"Name": "Microsoft-Windows-ActiveDirectory_DomainService", "Guid": "{0e8478c5-3605-4e8c-8497-1e730c959516}", "EventSourceName": "NTDS General"}}, "EventID": {"#attributes": {"Qualifiers": 32768}, "#text": 2947}, "Version": 0, "Level": 3, "Task": 2, "Opcode": 0, "Keywords": "0x8080000000000000", "TimeCreated": {"#attributes": {"SystemTime": "2026-01-26T22:01:19.832672Z"}}, "EventRecordID": 798, "Correlation": null, "Execution": {"#attributes": {"ProcessID": 744, "ThreadID": 4908}}, "Channel": "Directory Service", "Computer": "DC01.pirate.htb", "Security": {"#attributes": {"UserID": "S-1-5-21-4107424128-4158083573-1300325248-3102"}}}, "EventData": {"Data": {"#text": ["CN=gMSA_ADFS_prod,CN=Managed Service Accounts,DC=pirate,DC=htb", "S-1-5-21-4107424128-4158083573-1300325248-3102", "192.168.100.2:49766", "8995"]}, "Binary": null}}},
{"TimeGenerated": "2026-01-26T22:01:19.958498Z", "EventID": {"#attributes": {"Qualifiers": 32768}, "#text": 2947}, "Computer": "DC01.pirate.htb", "RawEvent": {"#attributes": {"xmlns": "http://schemas.microsoft.com/win/2004/08/events/event"}, "System": {"Provider": {"#attributes": {"Name": "Microsoft-Windows-ActiveDirectory_DomainService", "Guid": "{0e8478c5-3605-4e8c-8497-1e730c959516}", "EventSourceName": "NTDS General"}}, "EventID": {"#attributes": {"Qualifiers": 32768}, "#text": 2947}, "Version": 0, "Level": 3, "Task": 2, "Opcode": 0, "Keywords": "0x8080000000000000", "TimeCreated": {"#attributes": {"SystemTime": "2026-01-26T22:01:19.958498Z"}}, "EventRecordID": 799, "Correlation": null, "Execution": {"#attributes": {"ProcessID": 744, "ThreadID": 4908}}, "Channel": "Directory Service", "Computer": "DC01.pirate.htb", "Security": {"#attributes": {"UserID": "S-1-5-21-4107424128-4158083573-1300325248-3102"}}}, "EventData": {"Data": {"#text": ["CN=gMSA_ADFS_prod,CN=Managed Service Accounts,DC=pirate,DC=htb", "S-1-5-21-4107424128-4158083573-1300325248-3102", "192.168.100.2:49771", "8995"]}, "Binary": null}}},
{"TimeGenerated": "2026-01-26T22:03:37.910046Z", "EventID": {"#attributes": {"Qualifiers": 16384}, "#text": 2179}, "Computer": "DC01.pirate.htb", "RawEvent": {"#attributes": {"xmlns": "http://schemas.microsoft.com/win/2004/08/events/event"}, "System": {"Provider": {"#attributes": {"Name": "Microsoft-Windows-ActiveDirectory_DomainService", "Guid": "{0e8478c5-3605-4e8c-8497-1e730c959516}", "EventSourceName": "NTDS General"}}, "EventID": {"#attributes": {"Qualifiers": 16384}, "#text": 2179}, "Version": 0, "Level": 4, "Task": 7, "Opcode": 0, "Keywords": "0x8080000000000000", "TimeCreated": {"#attributes": {"SystemTime": "2026-01-26T22:03:37.910046Z"}}, "EventRecordID": 800, "Correlation": null, "Execution": {"#attributes": {"ProcessID": 744, "ThreadID": 1496}}, "Channel": "Directory Service", "Computer": "DC01.pirate.htb", "Security": {"#attributes": {"UserID": "S-1-5-7"}}}, "EventData": {"Data": {"#text": "231865730347197376"}, "Binary": null}}},
{"TimeGenerated": "2026-01-26T22:03:38.097533Z", "EventID": {"#attributes": {"Qualifiers": 16384}, "#text": 1004}, "Computer": "DC01.pirate.htb", "RawEvent": {"#attributes": {"xmlns": "http://schemas.microsoft.com/win/2004/08/events/event"}, "System": {"Provider": {"#attributes": {"Name": "Microsoft-Windows-ActiveDirectory_DomainService", "Guid": "{0e8478c5-3605-4e8c-8497-1e730c959516}", "EventSourceName": "NTDS General"}}, "EventID": {"#attributes": {"Qualifiers": 16384}, "#text": 1004}, "Version": 0, "Level": 4, "Task": 12, "Opcode": 0, "Keywords": "0x8080000000000000", "TimeCreated": {"#attributes": {"SystemTime": "2026-01-26T22:03:38.097533Z"}}, "EventRecordID": 801, "Correlation": null, "Execution": {"#attributes": {"ProcessID": 744, "ThreadID": 1496}}, "Channel": "Directory Service", "Computer": "DC01.pirate.htb", "Security": null}, "EventData": {"Data": {"#text": ""}, "Binary": null}}},
{"TimeGenerated": "2026-02-24T23:53:45.088332Z", "EventID": {"#attributes": {"Qualifiers": 32768}, "#text": 3051}, "Computer": "DC01.pirate.htb", "RawEvent": {"#attributes": {"xmlns": "http://schemas.microsoft.com/win/2004/08/events/event"}, "System": {"Provider": {"#attributes": {"Name": "Microsoft-Windows-ActiveDirectory_DomainService", "Guid": "{0e8478c5-3605-4e8c-8497-1e730c959516}", "EventSourceName": "NTDS General"}}, "EventID": {"#attributes": {"Qualifiers": 32768}, "#text": 3051}, "Version": 0, "Level": 3, "Task": 2, "Opcode": 0, "Keywords": "0x8080000000000000", "TimeCreated": {"#attributes": {"SystemTime": "2026-02-24T23:53:45.088332Z"}}, "EventRecordID": 802, "Correlation": {"#attributes": {"ActivityID": "C6837335-A5E8-0000-4E74-83C6E8A5DC01"}}, "Execution": {"#attributes": {"ProcessID": 680, "ThreadID": 684}}, "Channel": "Directory Service", "Computer": "DC01.pirate.htb", "Security": {"#attributes": {"UserID": "S-1-5-7"}}}, "EventData": {"Data": {"#text": ""}, "Binary": null}}},
{"TimeGenerated": "2026-02-24T23:53:45.088332Z", "EventID": {"#attributes": {"Qualifiers": 32768}, "#text": 3054}, "Computer": "DC01.pirate.htb", "RawEvent": {"#attributes": {"xmlns": "http://schemas.microsoft.com/win/2004/08/events/event"}, "System": {"Provider": {"#attributes": {"Name": "Microsoft-Windows-ActiveDirectory_DomainService", "Guid": "{0e8478c5-3605-4e8c-8497-1e730c959516}", "EventSourceName": "NTDS General"}}, "EventID": {"#attributes": {"Qualifiers": 32768}, "#text": 3054}, "Version": 0, "Level": 3, "Task": 2, "Opcode": 0, "Keywords": "0x8080000000000000", "TimeCreated": {"#attributes": {"SystemTime": "2026-02-24T23:53:45.088332Z"}}, "EventRecordID": 803, "Correlation": {"#attributes": {"ActivityID": "C6837335-A5E8-0000-4E74-83C6E8A5DC01"}}, "Execution": {"#attributes": {"ProcessID": 680, "ThreadID": 684}}, "Channel": "Directory Service", "Computer": "DC01.pirate.htb", "Security": {"#attributes": {"UserID": "S-1-5-7"}}}, "EventData": {"Data": {"#text": ""}, "Binary": null}}},
{"TimeGenerated": "2026-02-24T23:53:45.276861Z", "EventID": {"#attributes": {"Qualifiers": 16384}, "#text": 2121}, "Computer": "DC01.pirate.htb", "RawEvent": {"#attributes": {"xmlns": "http://schemas.microsoft.com/win/2004/08/events/event"}, "System": {"Provider": {"#attributes": {"Name": "Microsoft-Windows-ActiveDirectory_DomainService", "Guid": "{0e8478c5-3605-4e8c-8497-1e730c959516}", "EventSourceName": "NTDS General"}}, "EventID": {"#attributes": {"Qualifiers": 16384}, "#text": 2121}, "Version": 0, "Level": 4, "Task": 7, "Opcode": 0, "Keywords": "0x8080000000000000", "TimeCreated": {"#attributes": {"SystemTime": "2026-02-24T23:53:45.276861Z"}}, "EventRecordID": 804, "Correlation": {"#attributes": {"ActivityID": "C6837335-A5E8-0000-4E74-83C6E8A5DC01"}}, "Execution": {"#attributes": {"ProcessID": 680, "ThreadID": 684}}, "Channel": "Directory Service", "Computer": "DC01.pirate.htb", "Security": {"#attributes": {"UserID": "S-1-5-7"}}}, "EventData": {"Data": {"#text": ""}, "Binary": null}}},
{"TimeGenerated": "2026-02-24T23:53:45.276861Z", "EventID": {"#attributes": {"Qualifiers": 16384}, "#text": 2406}, "Computer": "DC01.pirate.htb", "RawEvent": {"#attributes": {"xmlns": "http://schemas.microsoft.com/win/2004/08/events/event"}, "System": {"Provider": {"#attributes": {"Name": "Microsoft-Windows-ActiveDirectory_DomainService", "Guid": "{0e8478c5-3605-4e8c-8497-1e730c959516}", "EventSourceName": "NTDS General"}}, "EventID": {"#attributes": {"Qualifiers": 16384}, "#text": 2406}, "Version": 0, "Level": 4, "Task": 7, "Opcode": 0, "Keywords": "0x8080000000000000", "TimeCreated": {"#attributes": {"SystemTime": "2026-02-24T23:53:45.276861Z"}}, "EventRecordID": 805, "Correlation": {"#attributes": {"ActivityID": "C6837335-A5E8-0000-4E74-83C6E8A5DC01"}}, "Execution": {"#attributes": {"ProcessID": 680, "ThreadID": 684}}, "Channel": "Directory Service", "Computer": "DC01.pirate.htb", "Security": {"#attributes": {"UserID": "S-1-5-7"}}}, "EventData": {"Data": {"#text": "Recycle Bin Feature"}, "Binary": null}}},
{"TimeGenerated": "2026-02-24T23:53:45.276861Z", "EventID": {"#attributes": {"Qualifiers": 16384}, "#text": 2406}, "Computer": "DC01.pirate.htb", "RawEvent": {"#attributes": {"xmlns": "http://schemas.microsoft.com/win/2004/08/events/event"}, "System": {"Provider": {"#attributes": {"Name": "Microsoft-Windows-ActiveDirectory_DomainService", "Guid": "{0e8478c5-3605-4e8c-8497-1e730c959516}", "EventSourceName": "NTDS General"}}, "EventID": {"#attributes": {"Qualifiers": 16384}, "#text": 2406}, "Version": 0, "Level": 4, "Task": 7, "Opcode": 0, "Keywords": "0x8080000000000000", "TimeCreated": {"#attributes": {"SystemTime": "2026-02-24T23:53:45.276861Z"}}, "EventRecordID": 806, "Correlation": {"#attributes": {"ActivityID": "C6837335-A5E8-0000-4E74-83C6E8A5DC01"}}, "Execution": {"#attributes": {"ProcessID": 680, "ThreadID": 684}}, "Channel": "Directory Service", "Computer": "DC01.pirate.htb", "Security": {"#attributes": {"UserID": "S-1-5-7"}}}, "EventData": {"Data": {"#text": "Privileged Access Management Feature"}, "Binary": null}}},
{"TimeGenerated": "2026-02-24T23:53:45.276861Z", "EventID": {"#attributes": {"Qualifiers": 16384}, "#text": 2168}, "Computer": "DC01.pirate.htb", "RawEvent": {"#attributes": {"xmlns": "http://schemas.microsoft.com/win/2004/08/events/event"}, "System": {"Provider": {"#attributes": {"Name": "Microsoft-Windows-ActiveDirectory_DomainService", "Guid": "{0e8478c5-3605-4e8c-8497-1e730c959516}", "EventSourceName": "NTDS General"}}, "EventID": {"#attributes": {"Qualifiers": 16384}, "#text": 2168}, "Version": 0, "Level": 4, "Task": 7, "Opcode": 0, "Keywords": "0x8080000000000000", "TimeCreated": {"#attributes": {"SystemTime": "2026-02-24T23:53:45.276861Z"}}, "EventRecordID": 807, "Correlation": {"#attributes": {"ActivityID": "C6837335-A5E8-0000-4E74-83C6E8A5DC01"}}, "Execution": {"#attributes": {"ProcessID": 680, "ThreadID": 684}}, "Channel": "Directory Service", "Computer": "DC01.pirate.htb", "Security": {"#attributes": {"UserID": "S-1-5-7"}}}, "EventData": {"Data": {"#text": "5602668088684733218"}, "Binary": null}}},
{"TimeGenerated": "2026-02-24T23:53:45.276861Z", "EventID": {"#attributes": {"Qualifiers": 16384}, "#text": 2172}, "Computer": "DC01.pirate.htb", "RawEvent": {"#attributes": {"xmlns": "http://schemas.microsoft.com/win/2004/08/events/event"}, "System": {"Provider": {"#attributes": {"Name": "Microsoft-Windows-ActiveDirectory_DomainService", "Guid": "{0e8478c5-3605-4e8c-8497-1e730c959516}", "EventSourceName": "NTDS General"}}, "EventID": {"#attributes": {"Qualifiers": 16384}, "#text": 2172}, "Version": 0, "Level": 4, "Task": 7, "Opcode": 0, "Keywords": "0x8080000000000000", "TimeCreated": {"#attributes": {"SystemTime": "2026-02-24T23:53:45.276861Z"}}, "EventRecordID": 808, "Correlation": {"#attributes": {"ActivityID": "C6837335-A5E8-0000-4E74-83C6E8A5DC01"}}, "Execution": {"#attributes": {"ProcessID": 680, "ThreadID": 684}}, "Channel": "Directory Service", "Computer": "DC01.pirate.htb", "Security": {"#attributes": {"UserID": "S-1-5-7"}}}, "EventData": {"Data": {"#text": "231865730347197376"}, "Binary": null}}},
{"TimeGenerated": "2026-02-24T23:53:45.276861Z", "EventID": {"#attributes": {"Qualifiers": 32768}, "#text": 2170}, "Computer": "DC01.pirate.htb", "RawEvent": {"#attributes": {"xmlns": "http://schemas.microsoft.com/win/2004/08/events/event"}, "System": {"Provider": {"#attributes": {"Name": "Microsoft-Windows-ActiveDirectory_DomainService", "Guid": "{0e8478c5-3605-4e8c-8497-1e730c959516}", "EventSourceName": "NTDS General"}}, "EventID": {"#attributes": {"Qualifiers": 32768}, "#text": 2170}, "Version": 0, "Level": 3, "Task": 7, "Opcode": 0, "Keywords": "0x8080000000000000", "TimeCreated": {"#attributes": {"SystemTime": "2026-02-24T23:53:45.276861Z"}}, "EventRecordID": 809, "Correlation": {"#attributes": {"ActivityID": "C6837335-A5E8-0000-4E74-83C6E8A5DC01"}}, "Execution": {"#attributes": {"ProcessID": 680, "ThreadID": 684}}, "Channel": "Directory Service", "Computer": "DC01.pirate.htb", "Security": {"#attributes": {"UserID": "S-1-5-7"}}}, "EventData": {"Data": {"#text": ["231865730347197376", "5602668088684733218"]}, "Binary": null}}},
{"TimeGenerated": "2026-02-24T23:53:45.292472Z", "EventID": {"#attributes": {"Qualifiers": 16384}, "#text": 1109}, "Computer": "DC01.pirate.htb", "RawEvent": {"#attributes": {"xmlns": "http://schemas.microsoft.com/win/2004/08/events/event"}, "System": {"Provider": {"#attributes": {"Name": "Microsoft-Windows-ActiveDirectory_DomainService", "Guid": "{0e8478c5-3605-4e8c-8497-1e730c959516}", "EventSourceName": "NTDS General"}}, "EventID": {"#attributes": {"Qualifiers": 16384}, "#text": 1109}, "Version": 0, "Level": 4, "Task": 5, "Opcode": 0, "Keywords": "0x8080000000000000", "TimeCreated": {"#attributes": {"SystemTime": "2026-02-24T23:53:45.292472Z"}}, "EventRecordID": 810, "Correlation": {"#attributes": {"ActivityID": "C6837335-A5E8-0000-4E74-83C6E8A5DC01"}}, "Execution": {"#attributes": {"ProcessID": 680, "ThreadID": 684}}, "Channel": "Directory Service", "Computer": "DC01.pirate.htb", "Security": {"#attributes": {"UserID": "S-1-5-7"}}}, "EventData": {"Data": {"#text": ["607439dd-4772-406e-a00a-38a349a252a5", "cdd47fbb-1d65-4b35-a7d1-8612ce0c50cb", "127005"]}, "Binary": null}}},
{"TimeGenerated": "2026-02-24T23:53:45.308099Z", "EventID": {"#attributes": {"Qualifiers": 16384}, "#text": 2179}, "Computer": "DC01.pirate.htb", "RawEvent": {"#attributes": {"xmlns": "http://schemas.microsoft.com/win/2004/08/events/event"}, "System": {"Provider": {"#attributes": {"Name": "Microsoft-Windows-ActiveDirectory_DomainService", "Guid": "{0e8478c5-3605-4e8c-8497-1e730c959516}", "EventSourceName": "NTDS General"}}, "EventID": {"#attributes": {"Qualifiers": 16384}, "#text": 2179}, "Version": 0, "Level": 4, "Task": 7, "Opcode": 0, "Keywords": "0x8080000000000000", "TimeCreated": {"#attributes": {"SystemTime": "2026-02-24T23:53:45.308099Z"}}, "EventRecordID": 811, "Correlation": null, "Execution": {"#attributes": {"ProcessID": 680, "ThreadID": 684}}, "Channel": "Directory Service", "Computer": "DC01.pirate.htb", "Security": {"#attributes": {"UserID": "S-1-5-7"}}}, "EventData": {"Data": {"#text": "5602668088684733218"}, "Binary": null}}},
{"TimeGenerated": "2026-02-24T23:53:45.308099Z", "EventID": {"#attributes": {"Qualifiers": 16384}, "#text": 2208}, "Computer": "DC01.pirate.htb", "RawEvent": {"#attributes": {"xmlns": "http://schemas.microsoft.com/win/2004/08/events/event"}, "System": {"Provider": {"#attributes": {"Name": "Microsoft-Windows-ActiveDirectory_DomainService", "Guid": "{0e8478c5-3605-4e8c-8497-1e730c959516}", "EventSourceName": "NTDS General"}}, "EventID": {"#attributes": {"Qualifiers": 16384}, "#text": 2208}, "Version": 0, "Level": 4, "Task": 7, "Opcode": 0, "Keywords": "0x8080000000000000", "TimeCreated": {"#attributes": {"SystemTime": "2026-02-24T23:53:45.308099Z"}}, "EventRecordID": 812, "Correlation": null, "Execution": {"#attributes": {"ProcessID": 680, "ThreadID": 848}}, "Channel": "Directory Service", "Computer": "DC01.pirate.htb", "Security": null}, "EventData": {"Data": {"#text": ""}, "Binary": null}}},
{"TimeGenerated": "2026-02-24T23:53:45.308099Z", "EventID": {"#attributes": {"Qualifiers": 16384}, "#text": 2405}, "Computer": "DC01.pirate.htb", "RawEvent": {"#attributes": {"xmlns": "http://schemas.microsoft.com/win/2004/08/events/event"}, "System": {"Provider": {"#attributes": {"Name": "Microsoft-Windows-ActiveDirectory_DomainService", "Guid": "{0e8478c5-3605-4e8c-8497-1e730c959516}", "EventSourceName": "NTDS General"}}, "EventID": {"#attributes": {"Qualifiers": 16384}, "#text": 2405}, "Version": 0, "Level": 4, "Task": 7, "Opcode": 0, "Keywords": "0x8080000000000000", "TimeCreated": {"#attributes": {"SystemTime": "2026-02-24T23:53:45.308099Z"}}, "EventRecordID": 813, "Correlation": null, "Execution": {"#attributes": {"ProcessID": 680, "ThreadID": 840}}, "Channel": "Directory Service", "Computer": "DC01.pirate.htb", "Security": {"#attributes": {"UserID": "S-1-5-7"}}}, "EventData": {"Data": {"#text": "Privileged Access Management Feature"}, "Binary": null}}},
{"TimeGenerated": "2026-02-24T23:53:45.308099Z", "EventID": {"#attributes": {"Qualifiers": 16384}, "#text": 2120}, "Computer": "DC01.pirate.htb", "RawEvent": {"#attributes": {"xmlns": "http://schemas.microsoft.com/win/2004/08/events/event"}, "System": {"Provider": {"#attributes": {"Name": "Microsoft-Windows-ActiveDirectory_DomainService", "Guid": "{0e8478c5-3605-4e8c-8497-1e730c959516}", "EventSourceName": "NTDS General"}}, "EventID": {"#attributes": {"Qualifiers": 16384}, "#text": 2120}, "Version": 0, "Level": 4, "Task": 7, "Opcode": 0, "Keywords": "0x8080000000000000", "TimeCreated": {"#attributes": {"SystemTime": "2026-02-24T23:53:45.308099Z"}}, "EventRecordID": 814, "Correlation": null, "Execution": {"#attributes": {"ProcessID": 680, "ThreadID": 840}}, "Channel": "Directory Service", "Computer": "DC01.pirate.htb", "Security": {"#attributes": {"UserID": "S-1-5-7"}}}, "EventData": {"Data": {"#text": ""}, "Binary": null}}},
{"TimeGenerated": "2026-02-24T23:53:45.308099Z", "EventID": {"#attributes": {"Qualifiers": 16384}, "#text": 2405}, "Computer": "DC01.pirate.htb", "RawEvent": {"#attributes": {"xmlns": "http://schemas.microsoft.com/win/2004/08/events/event"}, "System": {"Provider": {"#attributes": {"Name": "Microsoft-Windows-ActiveDirectory_DomainService", "Guid": "{0e8478c5-3605-4e8c-8497-1e730c959516}", "EventSourceName": "NTDS General"}}, "EventID": {"#attributes": {"Qualifiers": 16384}, "#text": 2405}, "Version": 0, "Level": 4, "Task": 7, "Opcode": 0, "Keywords": "0x8080000000000000", "TimeCreated": {"#attributes": {"SystemTime": "2026-02-24T23:53:45.308099Z"}}, "EventRecordID": 815, "Correlation": null, "Execution": {"#attributes": {"ProcessID": 680, "ThreadID": 840}}, "Channel": "Directory Service", "Computer": "DC01.pirate.htb", "Security": {"#attributes": {"UserID": "S-1-5-7"}}}, "EventData": {"Data": {"#text": "Recycle Bin Feature"}, "Binary": null}}},
{"TimeGenerated": "2026-02-24T23:53:55.334461Z", "EventID": {"#attributes": {"Qualifiers": 32768}, "#text": 2886}, "Computer": "DC01.pirate.htb", "RawEvent": {"#attributes": {"xmlns": "http://schemas.microsoft.com/win/2004/08/events/event"}, "System": {"Provider": {"#attributes": {"Name": "Microsoft-Windows-ActiveDirectory_DomainService", "Guid": "{0e8478c5-3605-4e8c-8497-1e730c959516}", "EventSourceName": "NTDS General"}}, "EventID": {"#attributes": {"Qualifiers": 32768}, "#text": 2886}, "Version": 0, "Level": 3, "Task": 16, "Opcode": 0, "Keywords": "0x8080000000000000", "TimeCreated": {"#attributes": {"SystemTime": "2026-02-24T23:53:55.334461Z"}}, "EventRecordID": 816, "Correlation": null, "Execution": {"#attributes": {"ProcessID": 680, "ThreadID": 864}}, "Channel": "Directory Service", "Computer": "DC01.pirate.htb", "Security": {"#attributes": {"UserID": "S-1-5-7"}}}, "EventData": {"Data": {"#text": ""}, "Binary": null}}},
{"TimeGenerated": "2026-02-24T23:53:55.334461Z", "EventID": {"#attributes": {"Qualifiers": 32768}, "#text": 3041}, "Computer": "DC01.pirate.htb", "RawEvent": {"#attributes": {"xmlns": "http://schemas.microsoft.com/win/2004/08/events/event"}, "System": {"Provider": {"#attributes": {"Name": "Microsoft-Windows-ActiveDirectory_DomainService", "Guid": "{0e8478c5-3605-4e8c-8497-1e730c959516}", "EventSourceName": "NTDS General"}}, "EventID": {"#attributes": {"Qualifiers": 32768}, "#text": 3041}, "Version": 0, "Level": 3, "Task": 16, "Opcode": 0, "Keywords": "0x8080000000000000", "TimeCreated": {"#attributes": {"SystemTime": "2026-02-24T23:53:55.334461Z"}}, "EventRecordID": 817, "Correlation": null, "Execution": {"#attributes": {"ProcessID": 680, "ThreadID": 864}}, "Channel": "Directory Service", "Computer": "DC01.pirate.htb", "Security": {"#attributes": {"UserID": "S-1-5-7"}}}, "EventData": {"Data": {"#text": ""}, "Binary": null}}},
{"TimeGenerated": "2026-02-24T23:53:55.334461Z", "EventID": {"#attributes": {"Qualifiers": 16384}, "#text": 1000}, "Computer": "DC01.pirate.htb", "RawEvent": {"#attributes": {"xmlns": "http://schemas.microsoft.com/win/2004/08/events/event"}, "System": {"Provider": {"#attributes": {"Name": "Microsoft-Windows-ActiveDirectory_DomainService", "Guid": "{0e8478c5-3605-4e8c-8497-1e730c959516}", "EventSourceName": "NTDS General"}}, "EventID": {"#attributes": {"Qualifiers": 16384}, "#text": 1000}, "Version": 0, "Level": 4, "Task": 12, "Opcode": 0, "Keywords": "0x8080000000000000", "TimeCreated": {"#attributes": {"SystemTime": "2026-02-24T23:53:55.334461Z"}}, "EventRecordID": 818, "Correlation": null, "Execution": {"#attributes": {"ProcessID": 680, "ThreadID": 864}}, "Channel": "Directory Service", "Computer": "DC01.pirate.htb", "Security": {"#attributes": {"UserID": "S-1-5-7"}}}, "EventData": {"Data": {"#text": ""}, "Binary": null}}},
{"TimeGenerated": "2026-02-24T23:54:25.340070Z", "EventID": {"#attributes": {"Qualifiers": 16384}, "#text": 1394}, "Computer": "DC01.pirate.htb", "RawEvent": {"#attributes": {"xmlns": "http://schemas.microsoft.com/win/2004/08/events/event"}, "System": {"Provider": {"#attributes": {"Name": "Microsoft-Windows-ActiveDirectory_DomainService", "Guid": "{0e8478c5-3605-4e8c-8497-1e730c959516}", "EventSourceName": "NTDS General"}}, "EventID": {"#attributes": {"Qualifiers": 16384}, "#text": 1394}, "Version": 0, "Level": 4, "Task": 12, "Opcode": 0, "Keywords": "0x8080000000000000", "TimeCreated": {"#attributes": {"SystemTime": "2026-02-24T23:54:25.340070Z"}}, "EventRecordID": 819, "Correlation": null, "Execution": {"#attributes": {"ProcessID": 680, "ThreadID": 840}}, "Channel": "Directory Service", "Computer": "DC01.pirate.htb", "Security": {"#attributes": {"UserID": "S-1-5-7"}}}, "EventData": {"Data": {"#text": ""}, "Binary": null}}},
{"TimeGenerated": "2026-02-24T23:56:51.711430Z", "EventID": {"#attributes": {"Qualifiers": 32768}, "#text": 2947}, "Computer": "DC01.pirate.htb", "RawEvent": {"#attributes": {"xmlns": "http://schemas.microsoft.com/win/2004/08/events/event"}, "System": {"Provider": {"#attributes": {"Name": "Microsoft-Windows-ActiveDirectory_DomainService", "Guid": "{0e8478c5-3605-4e8c-8497-1e730c959516}", "EventSourceName": "NTDS General"}}, "EventID": {"#attributes": {"Qualifiers": 32768}, "#text": 2947}, "Version": 0, "Level": 3, "Task": 2, "Opcode": 0, "Keywords": "0x8080000000000000", "TimeCreated": {"#attributes": {"SystemTime": "2026-02-24T23:56:51.711430Z"}}, "EventRecordID": 820, "Correlation": null, "Execution": {"#attributes": {"ProcessID": 680, "ThreadID": 4608}}, "Channel": "Directory Service", "Computer": "DC01.pirate.htb", "Security": {"#attributes": {"UserID": "S-1-5-21-4107424128-4158083573-1300325248-3102"}}}, "EventData": {"Data": {"#text": ["CN=gMSA_ADFS_prod,CN=Managed Service Accounts,DC=pirate,DC=htb", "S-1-5-21-4107424128-4158083573-1300325248-3102", "192.168.100.2:49733", "8995"]}, "Binary": null}}},
{"TimeGenerated": "2026-02-24T23:56:51.836276Z", "EventID": {"#attributes": {"Qualifiers": 32768}, "#text": 2947}, "Computer": "DC01.pirate.htb", "RawEvent": {"#attributes": {"xmlns": "http://schemas.microsoft.com/win/2004/08/events/event"}, "System": {"Provider": {"#attributes": {"Name": "Microsoft-Windows-ActiveDirectory_DomainService", "Guid": "{0e8478c5-3605-4e8c-8497-1e730c959516}", "EventSourceName": "NTDS General"}}, "EventID": {"#attributes": {"Qualifiers": 32768}, "#text": 2947}, "Version": 0, "Level": 3, "Task": 2, "Opcode": 0, "Keywords": "0x8080000000000000", "TimeCreated": {"#attributes": {"SystemTime": "2026-02-24T23:56:51.836276Z"}}, "EventRecordID": 821, "Correlation": null, "Execution": {"#attributes": {"ProcessID": 680, "ThreadID": 4608}}, "Channel": "Directory Service", "Computer": "DC01.pirate.htb", "Security": {"#attributes": {"UserID": "S-1-5-21-4107424128-4158083573-1300325248-3102"}}}, "EventData": {"Data": {"#text": ["CN=gMSA_ADFS_prod,CN=Managed Service Accounts,DC=pirate,DC=htb", "S-1-5-21-4107424128-4158083573-1300325248-3102", "192.168.100.2:49738", "8995"]}, "Binary": null}}},
{"TimeGenerated": "2026-02-24T23:56:51.976893Z", "EventID": {"#attributes": {"Qualifiers": 32768}, "#text": 2947}, "Computer": "DC01.pirate.htb", "RawEvent": {"#attributes": {"xmlns": "http://schemas.microsoft.com/win/2004/08/events/event"}, "System": {"Provider": {"#attributes": {"Name": "Microsoft-Windows-ActiveDirectory_DomainService", "Guid": "{0e8478c5-3605-4e8c-8497-1e730c959516}", "EventSourceName": "NTDS General"}}, "EventID": {"#attributes": {"Qualifiers": 32768}, "#text": 2947}, "Version": 0, "Level": 3, "Task": 2, "Opcode": 0, "Keywords": "0x8080000000000000", "TimeCreated": {"#attributes": {"SystemTime": "2026-02-24T23:56:51.976893Z"}}, "EventRecordID": 822, "Correlation": null, "Execution": {"#attributes": {"ProcessID": 680, "ThreadID": 4608}}, "Channel": "Directory Service", "Computer": "DC01.pirate.htb", "Security": {"#attributes": {"UserID": "S-1-5-21-4107424128-4158083573-1300325248-3102"}}}, "EventData": {"Data": {"#text": ["CN=gMSA_ADFS_prod,CN=Managed Service Accounts,DC=pirate,DC=htb", "S-1-5-21-4107424128-4158083573-1300325248-3102", "192.168.100.2:49743", "8995"]}, "Binary": null}}},
{"TimeGenerated": "2026-02-24T23:56:52.101898Z", "EventID": {"#attributes": {"Qualifiers": 32768}, "#text": 2947}, "Computer": "DC01.pirate.htb", "RawEvent": {"#attributes": {"xmlns": "http://schemas.microsoft.com/win/2004/08/events/event"}, "System": {"Provider": {"#attributes": {"Name": "Microsoft-Windows-ActiveDirectory_DomainService", "Guid": "{0e8478c5-3605-4e8c-8497-1e730c959516}", "EventSourceName": "NTDS General"}}, "EventID": {"#attributes": {"Qualifiers": 32768}, "#text": 2947}, "Version": 0, "Level": 3, "Task": 2, "Opcode": 0, "Keywords": "0x8080000000000000", "TimeCreated": {"#attributes": {"SystemTime": "2026-02-24T23:56:52.101898Z"}}, "EventRecordID": 823, "Correlation": null, "Execution": {"#attributes": {"ProcessID": 680, "ThreadID": 2144}}, "Channel": "Directory Service", "Computer": "DC01.pirate.htb", "Security": {"#attributes": {"UserID": "S-1-5-21-4107424128-4158083573-1300325248-3102"}}}, "EventData": {"Data": {"#text": ["CN=gMSA_ADFS_prod,CN=Managed Service Accounts,DC=pirate,DC=htb", "S-1-5-21-4107424128-4158083573-1300325248-3102", "192.168.100.2:49748", "8995"]}, "Binary": null}}},
{"TimeGenerated": "2026-02-24T23:56:52.226914Z", "EventID": {"#attributes": {"Qualifiers": 32768}, "#text": 2947}, "Computer": "DC01.pirate.htb", "RawEvent": {"#attributes": {"xmlns": "http://schemas.microsoft.com/win/2004/08/events/event"}, "System": {"Provider": {"#attributes": {"Name": "Microsoft-Windows-ActiveDirectory_DomainService", "Guid": "{0e8478c5-3605-4e8c-8497-1e730c959516}", "EventSourceName": "NTDS General"}}, "EventID": {"#attributes": {"Qualifiers": 32768}, "#text": 2947}, "Version": 0, "Level": 3, "Task": 2, "Opcode": 0, "Keywords": "0x8080000000000000", "TimeCreated": {"#attributes": {"SystemTime": "2026-02-24T23:56:52.226914Z"}}, "EventRecordID": 824, "Correlation": null, "Execution": {"#attributes": {"ProcessID": 680, "ThreadID": 4608}}, "Channel": "Directory Service", "Computer": "DC01.pirate.htb", "Security": {"#attributes": {"UserID": "S-1-5-21-4107424128-4158083573-1300325248-3102"}}}, "EventData": {"Data": {"#text": ["CN=gMSA_ADFS_prod,CN=Managed Service Accounts,DC=pirate,DC=htb", "S-1-5-21-4107424128-4158083573-1300325248-3102", "192.168.100.2:49753", "8995"]}, "Binary": null}}},
{"TimeGenerated": "2026-02-25T00:08:55.506883Z", "EventID": {"#attributes": {"Qualifiers": 0}, "#text": 102}, "Computer": "DC01.pirate.htb", "RawEvent": {"#attributes": {"xmlns": "http://schemas.microsoft.com/win/2004/08/events/event"}, "System": {"Provider": {"#attributes": {"Name": "NTDS ISAM"}}, "EventID": {"#attributes": {"Qualifiers": 0}, "#text": 102}, "Level": 4, "Task": 1, "Keywords": "0x80000000000000", "TimeCreated": {"#attributes": {"SystemTime": "2026-02-25T00:08:55.506883Z"}}, "EventRecordID": 825, "Channel": "Directory Service", "Computer": "DC01.pirate.htb", "Security": null}, "EventData": {"Data": {"#text": ["NTDS", "680,P,98", "NTDSA: ", "0", "10", "00", "17763", "0000"]}, "Binary": null}}},
{"TimeGenerated": "2026-02-25T00:08:55.506883Z", "EventID": {"#attributes": {"Qualifiers": 0}, "#text": 105}, "Computer": "DC01.pirate.htb", "RawEvent": {"#attributes": {"xmlns": "http://schemas.microsoft.com/win/2004/08/events/event"}, "System": {"Provider": {"#attributes": {"Name": "NTDS ISAM"}}, "EventID": {"#attributes": {"Qualifiers": 0}, "#text": 105}, "Level": 4, "Task": 1, "Keywords": "0x80000000000000", "TimeCreated": {"#attributes": {"SystemTime": "2026-02-25T00:08:55.506883Z"}}, "EventRecordID": 826, "Channel": "Directory Service", "Computer": "DC01.pirate.htb", "Security": null}, "EventData": {"Data": {"#text": ["NTDS", "680,D,0", "NTDSA: ", "0", "0", "\n[1] 0.000737 +J(0) +M(C:0K, Fs:84, WS:320K # 0K, PF:3140K # 344K, P:3140K)\n[2] 0.000686 +J(0) +M(C:16K, Fs:117, WS:464K # 264K, PF:284K # 284K, P:284K)\n[3] 0.000022 +J(0) +M(C:0K, Fs:5, WS:20K # 20K, PF:64K # 64K, P:64K)\n[4] 0.012307 -0.000529 (1) WT +J(0) +M(C:0K, Fs:128, WS:436K # 436K, PF:5188K # 5188K, P:5188K)\n[5] 0.000409 +J(0) +M(C:0K, Fs:1, WS:4K # 4K, PF:0K # 0K, P:0K)\n[6] 0.004529 +J(0) +M(C:0K, Fs:20, WS:76K # 76K, PF:12K # 12K, P:12K)\n[7] 0.134183 -0.121302 (41) WT +J(0) +M(C:0K, Fs:2576, WS:10284K # 10284K, PF:10260K # 10260K, P:10260K)\n[8] -\n[9] -\n[10] -\n[11] -\n[12] -\n[13] 0.075313 -0.066354 (42) WT +J(CM:0, PgRf:0, Rd:0/0, Dy:0/0, Lg:616/1) +M(C:0K, Fs:7, WS:-10220K # 16K, PF:-10256K # 12K, P:-10256K)\n[14] 0.000028 +J(0) +M(C:0K, Fs:1, WS:4K # 0K, PF:0K # 0K, P:0K)\n[15] 0.000333 +J(0) +M(C:0K, Fs:206, WS:820K # 0K, PF:68K # 0K, P:68K)\n[16] 0.000501 -0.000288 (1) WT +J(0) +M(C:0K, Fs:2, WS:0K # 0K, PF:0K # 0K, P:0K).", ""]}, "Binary": null}}},
{"TimeGenerated": "2026-02-25T00:08:55.506883Z", "EventID": {"#attributes": {"Qualifiers": 0}, "#text": 326}, "Computer": "DC01.pirate.htb", "RawEvent": {"#attributes": {"xmlns": "http://schemas.microsoft.com/win/2004/08/events/event"}, "System": {"Provider": {"#attributes": {"Name": "NTDS ISAM"}}, "EventID": {"#attributes": {"Qualifiers": 0}, "#text": 326}, "Level": 4, "Task": 1, "Keywords": "0x80000000000000", "TimeCreated": {"#attributes": {"SystemTime": "2026-02-25T00:08:55.506883Z"}}, "EventRecordID": 827, "Channel": "Directory Service", "Computer": "DC01.pirate.htb", "Security": null}, "EventData": {"Data": {"#text": ["NTDS", "680,D,50", "NTDSA: ", "1", "C:\\Windows\\NTDS\\ntds.dit", "0", "\n[1] 0.000006 +J(0) +M(C:0K, Fs:1, WS:4K # 0K, PF:0K # 0K, P:0K)\n[2] 0.000960 -0.000672 (1) WT +J(0) +M(C:0K, Fs:19, WS:12K # 0K, PF:8K # 0K, P:8K)\n[3] 0.009478 -0.004698 (6) WT +J(CM:0, PgRf:0, Rd:0/0, Dy:0/0, Lg:3480/2) +M(C:0K, Fs:16, WS:56K # 0K, PF:124K # 0K, P:124K)\n[4] 0.000104 +J(0)\n[5] -\n[6] -\n[7] -\n[8] 0.003203 -0.001281 (2) CM -0.000686 (2) WT +J(CM:2, PgRf:2, Rd:4/2, Dy:0/0, Lg:0/0) +M(C:16K, Fs:49, WS:188K # 0K, PF:208K # 0K, P:208K)\n[9] 0.004339 -0.003623 (5) CM -0.003214 (5) WT +J(CM:5, PgRf:24, Rd:0/5, Dy:0/0, Lg:0/0) +M(C:-8K, Fs:26, WS:76K # 0K, PF:196K # 0K, P:196K)\n[10] 0.001039 -0.000834 (3) CM -0.000642 (3) WT +J(CM:3, PgRf:40, Rd:0/3, Dy:0/0, Lg:0/0) +M(C:-4K, Fs:4, WS:4K # 0K, PF:60K # 0K, P:60K)\n[11] 0.000015 +J(CM:0, PgRf:1, Rd:0/0, Dy:0/0, Lg:0/0) +M(C:0K, Fs:2, WS:8K # 0K, PF:0K # 0K, P:0K)\n[12] 0.000047 +J(CM:0, PgRf:42, Rd:0/0, Dy:0/0, Lg:0/0) +M(C:0K, Fs:1, WS:4K # 0K, PF:0K # 0K, P:0K)\n[13] 0.0 +J(0)\n[14] 0.0 +J(0)\n[15] 0.000005 +J(CM:0, PgRf:1, Rd:0/0, Dy:0/0, Lg:0/0).", "0 0", "lgposAttach = 00000002:09BE:0268"]}, "Binary": null}}},
{"TimeGenerated": "2026-02-25T00:08:55.506883Z", "EventID": {"#attributes": {"Qualifiers": 0}, "#text": 700}, "Computer": "DC01.pirate.htb", "RawEvent": {"#attributes": {"xmlns": "http://schemas.microsoft.com/win/2004/08/events/event"}, "System": {"Provider": {"#attributes": {"Name": "NTDS ISAM"}}, "EventID": {"#attributes": {"Qualifiers": 0}, "#text": 700}, "Level": 4, "Task": 10, "Keywords": "0x80000000000000", "TimeCreated": {"#attributes": {"SystemTime": "2026-02-25T00:08:55.506883Z"}}, "EventRecordID": 828, "Channel": "Directory Service", "Computer": "DC01.pirate.htb", "Security": null}, "EventData": {"Data": {"#text": ["NTDS", "680,D,0", "NTDSA: ", "C:\\Windows\\NTDS\\ntds.dit"]}, "Binary": null}}},
{"TimeGenerated": "2026-02-25T00:08:55.522518Z", "EventID": {"#attributes": {"Qualifiers": 16384}, "#text": 1869}, "Computer": "DC01.pirate.htb", "RawEvent": {"#attributes": {"xmlns": "http://schemas.microsoft.com/win/2004/08/events/event"}, "System": {"Provider": {"#attributes": {"Name": "Microsoft-Windows-ActiveDirectory_DomainService", "Guid": "{0e8478c5-3605-4e8c-8497-1e730c959516}", "EventSourceName": "NTDS General"}}, "EventID": {"#attributes": {"Qualifiers": 16384}, "#text": 1869}, "Version": 0, "Level": 4, "Task": 18, "Opcode": 0, "Keywords": "0x8080000000000000", "TimeCreated": {"#attributes": {"SystemTime": "2026-02-25T00:08:55.522518Z"}}, "EventRecordID": 829, "Correlation": null, "Execution": {"#attributes": {"ProcessID": 680, "ThreadID": 840}}, "Channel": "Directory Service", "Computer": "DC01.pirate.htb", "Security": {"#attributes": {"UserID": "S-1-5-7"}}}, "EventData": {"Data": {"#text": ["\\\\DC01.pirate.htb", "Default-First-Site-Name"]}, "Binary": null}}},
{"TimeGenerated": "2026-02-25T00:08:56.881892Z", "EventID": {"#attributes": {"Qualifiers": 0}, "#text": 701}, "Computer": "DC01.pirate.htb", "RawEvent": {"#attributes": {"xmlns": "http://schemas.microsoft.com/win/2004/08/events/event"}, "System": {"Provider": {"#attributes": {"Name": "NTDS ISAM"}}, "EventID": {"#attributes": {"Qualifiers": 0}, "#text": 701}, "Level": 4, "Task": 10, "Keywords": "0x80000000000000", "TimeCreated": {"#attributes": {"SystemTime": "2026-02-25T00:08:56.881892Z"}}, "EventRecordID": 830, "Channel": "Directory Service", "Computer": "DC01.pirate.htb", "Security": null}, "EventData": {"Data": {"#text": ["NTDS", "680,D,0", "NTDSA: ", "C:\\Windows\\NTDS\\ntds.dit", "0", "2/24/2026", "0", "1", "1", "16"]}, "Binary": null}}},
{"TimeGenerated": "2026-02-25T00:27:34.072176Z", "EventID": {"#attributes": {"Qualifiers": 16384}, "#text": 2179}, "Computer": "DC01.pirate.htb", "RawEvent": {"#attributes": {"xmlns": "http://schemas.microsoft.com/win/2004/08/events/event"}, "System": {"Provider": {"#attributes": {"Name": "Microsoft-Windows-ActiveDirectory_DomainService", "Guid": "{0e8478c5-3605-4e8c-8497-1e730c959516}", "EventSourceName": "NTDS General"}}, "EventID": {"#attributes": {"Qualifiers": 16384}, "#text": 2179}, "Version": 0, "Level": 4, "Task": 7, "Opcode": 0, "Keywords": "0x8080000000000000", "TimeCreated": {"#attributes": {"SystemTime": "2026-02-25T00:27:34.072176Z"}}, "EventRecordID": 831, "Correlation": null, "Execution": {"#attributes": {"ProcessID": 680, "ThreadID": 1448}}, "Channel": "Directory Service", "Computer": "DC01.pirate.htb", "Security": {"#attributes": {"UserID": "S-1-5-7"}}}, "EventData": {"Data": {"#text": "5602668088684733218"}, "Binary": null}}},
{"TimeGenerated": "2026-02-25T00:27:35.165929Z", "EventID": {"#attributes": {"Qualifiers": 16384}, "#text": 1004}, "Computer": "DC01.pirate.htb", "RawEvent": {"#attributes": {"xmlns": "http://schemas.microsoft.com/win/2004/08/events/event"}, "System": {"Provider": {"#attributes": {"Name": "Microsoft-Windows-ActiveDirectory_DomainService", "Guid": "{0e8478c5-3605-4e8c-8497-1e730c959516}", "EventSourceName": "NTDS General"}}, "EventID": {"#attributes": {"Qualifiers": 16384}, "#text": 1004}, "Version": 0, "Level": 4, "Task": 12, "Opcode": 0, "Keywords": "0x8080000000000000", "TimeCreated": {"#attributes": {"SystemTime": "2026-02-25T00:27:35.165929Z"}}, "EventRecordID": 832, "Correlation": null, "Execution": {"#attributes": {"ProcessID": 680, "ThreadID": 1448}}, "Channel": "Directory Service", "Computer": "DC01.pirate.htb", "Security": null}, "EventData": {"Data": {"#text": ""}, "Binary": null}}},
{"TimeGenerated": "2026-02-25T00:27:54.887581Z", "EventID": {"#attributes": {"Qualifiers": 32768}, "#text": 3051}, "Computer": "DC01.pirate.htb", "RawEvent": {"#attributes": {"xmlns": "http://schemas.microsoft.com/win/2004/08/events/event"}, "System": {"Provider": {"#attributes": {"Name": "Microsoft-Windows-ActiveDirectory_DomainService", "Guid": "{0e8478c5-3605-4e8c-8497-1e730c959516}", "EventSourceName": "NTDS General"}}, "EventID": {"#attributes": {"Qualifiers": 32768}, "#text": 3051}, "Version": 0, "Level": 3, "Task": 2, "Opcode": 0, "Keywords": "0x8080000000000000", "TimeCreated": {"#attributes": {"SystemTime": "2026-02-25T00:27:54.887581Z"}}, "EventRecordID": 833, "Correlation": {"#attributes": {"ActivityID": "90557E36-A5ED-0000-417F-5590EDA5DC01"}}, "Execution": {"#attributes": {"ProcessID": 696, "ThreadID": 700}}, "Channel": "Directory Service", "Computer": "DC01.pirate.htb", "Security": {"#attributes": {"UserID": "S-1-5-7"}}}, "EventData": {"Data": {"#text": ""}, "Binary": null}}},
{"TimeGenerated": "2026-02-25T00:27:54.887581Z", "EventID": {"#attributes": {"Qualifiers": 32768}, "#text": 3054}, "Computer": "DC01.pirate.htb", "RawEvent": {"#attributes": {"xmlns": "http://schemas.microsoft.com/win/2004/08/events/event"}, "System": {"Provider": {"#attributes": {"Name": "Microsoft-Windows-ActiveDirectory_DomainService", "Guid": "{0e8478c5-3605-4e8c-8497-1e730c959516}", "EventSourceName": "NTDS General"}}, "EventID": {"#attributes": {"Qualifiers": 32768}, "#text": 3054}, "Version": 0, "Level": 3, "Task": 2, "Opcode": 0, "Keywords": "0x8080000000000000", "TimeCreated": {"#attributes": {"SystemTime": "2026-02-25T00:27:54.887581Z"}}, "EventRecordID": 834, "Correlation": {"#attributes": {"ActivityID": "90557E36-A5ED-0000-417F-5590EDA5DC01"}}, "Execution": {"#attributes": {"ProcessID": 696, "ThreadID": 700}}, "Channel": "Directory Service", "Computer": "DC01.pirate.htb", "Security": {"#attributes": {"UserID": "S-1-5-7"}}}, "EventData": {"Data": {"#text": ""}, "Binary": null}}},
{"TimeGenerated": "2026-02-25T00:27:55.077469Z", "EventID": {"#attributes": {"Qualifiers": 16384}, "#text": 2121}, "Computer": "DC01.pirate.htb", "RawEvent": {"#attributes": {"xmlns": "http://schemas.microsoft.com/win/2004/08/events/event"}, "System": {"Provider": {"#attributes": {"Name": "Microsoft-Windows-ActiveDirectory_DomainService", "Guid": "{0e8478c5-3605-4e8c-8497-1e730c959516}", "EventSourceName": "NTDS General"}}, "EventID": {"#attributes": {"Qualifiers": 16384}, "#text": 2121}, "Version": 0, "Level": 4, "Task": 7, "Opcode": 0, "Keywords": "0x8080000000000000", "TimeCreated": {"#attributes": {"SystemTime": "2026-02-25T00:27:55.077469Z"}}, "EventRecordID": 835, "Correlation": {"#attributes": {"ActivityID": "90557E36-A5ED-0000-417F-5590EDA5DC01"}}, "Execution": {"#attributes": {"ProcessID": 696, "ThreadID": 700}}, "Channel": "Directory Service", "Computer": "DC01.pirate.htb", "Security": {"#attributes": {"UserID": "S-1-5-7"}}}, "EventData": {"Data": {"#text": ""}, "Binary": null}}},
