2026-01-16T05:49:09.216384Z,"{'#attributes': {'Qualifiers': 16384}, '#text': 4202}",DC01.pirate.htb,Microsoft-Windows-MSDTC 2,Application,3387,4,,,,,,,,,,,,,,,,,,,,,,,,,,,,,,,,,,,,,,,,,,,,,,,,,,,,,,,,,,,,,,,0,0,0,1,0,0,0,0,0,1,Mutual Authentication Required,NT AUTHORITY\NetworkService
2026-01-16T05:49:11.482008Z,"{'#attributes': {'Qualifiers': 0}, '#text': 102}",DC01.pirate.htb,ESENT,Application,3388,4,,,,,,,,,,,,certsrv.exe,"2956,P,98",,,,,,,,,,,,,,,0,10,00,17763,0000,,,,,,,,,,,,,,,,,,,,,,,,,,,,,,,,,,,,,,,,,,
2026-01-16T05:49:11.763270Z,"{'#attributes': {'Qualifiers': 0}, '#text': 105}",DC01.pirate.htb,ESENT,Application,3389,4,,,,,,,,,,,,certsrv.exe,"2956,D,0",,,,,,,,,,,,,,,0,0,"
[1] 0.000800 +J(0) +M(C:0K, Fs:130, WS:504K # 504K, PF:2420K # 2152K, P:2420K)
[2] 0.000474 +J(0) +M(C:3200K, Fs:174, WS:684K # 684K, PF:4100K # 4100K, P:4100K)
[3] 0.000016 +J(0) +M(C:0K, Fs:4, WS:12K # 12K, PF:68K # 68K, P:68K)
[4] 0.000058 +J(0) +M(C:0K, Fs:14, WS:56K # 56K, PF:492K # 492K, P:492K)
[5] 0.000487 +J(0) +M(C:0K, Fs:7, WS:28K # 28K, PF:20K # 20K, P:20K)
[6] 0.004718 +J(0) +M(C:0K, Fs:29, WS:116K # 116K, PF:24K # 24K, P:24K)
[7] 0.012569 -0.010316 (5) WT +J(0) +M(C:0K, Fs:275, WS:1096K # 1096K, PF:1028K # 1028K, P:1028K)
[8] -
[9] -
[10] -
[11] -
[12] -
[13] 0.257765 -0.214816 (6) WT +J(CM:0, PgRf:0, Rd:0/0, Dy:0/0, Lg:616/1) +M(C:0K, Fs:7, WS:-1004K # 16K, PF:-1024K # 12K, P:-1024K)
[14] 0.000024 +J(0) +M(C:0K, Fs:2, WS:8K # 0K, PF:0K # 0K, P:0K)
[15] 0.000202 +J(0) +M(C:0K, Fs:100, WS:400K # 0K, PF:64K # 0K, P:64K)
[16] 0.000674 -0.000481 (1) WT +J(0) +M(C:0K, Fs:2, WS:0K # 0K, PF:0K # 0K, P:0K).",,,,,,,,,,,,,,,,,,,,,,,,,,,,,,,,,,,,,,,,,,,,
2026-01-16T05:49:11.810138Z,"{'#attributes': {'Qualifiers': 0}, '#text': 326}",DC01.pirate.htb,ESENT,Application,3390,4,,,,,,,,,,,,certsrv.exe,"2956,D,50",,,,,,,,,,,,,,,1,C:\Windows\system32\CertLog\pirate-DC01-CA.edb,0,"
[1] 0.000005 +J(0) +M(C:0K, Fs:1, WS:4K # 0K, PF:0K # 0K, P:0K)
[2] 0.003110 -0.002819 (1) WT +J(0) +M(C:0K, Fs:18, WS:8K # 0K, PF:4K # 0K, P:4K)
[3] 0.027622 -0.020900 (6) WT +J(CM:0, PgRf:0, Rd:0/0, Dy:0/0, Lg:3480/2) +M(C:0K, Fs:28, WS:104K # 0K, PF:156K # 0K, P:156K)
[4] 0.000118 +J(0)
[5] -
[6] -
[7] -
[8] 0.003315 -0.002773 (2) CM -0.002553 (2) WT +J(CM:2, PgRf:2, Rd:14/2, Dy:0/0, Lg:0/0) +M(C:0K, Fs:50, WS:200K # 0K, PF:128K # 0K, P:128K)
[9] 0.008112 -0.007848 (3) CM -0.007734 (3) WT +J(CM:3, PgRf:23, Rd:0/2, Dy:0/0, Lg:0/0) +M(C:0K, Fs:22, WS:88K # 0K, PF:196K # 0K, P:196K)
[10] 0.001108 -0.000818 (1) CM -0.000773 (1) WT +J(CM:1, PgRf:40, Rd:0/1, Dy:0/0, Lg:0/0) +M(C:0K, Fs:3, WS:12K # 0K, PF:64K # 0K, P:64K)
[11] 0.000016 +J(CM:0, PgRf:1, Rd:0/0, Dy:0/0, Lg:0/0) +M(C:0K, Fs:2, WS:8K # 0K, PF:0K # 0K, P:0K)
[12] 0.000048 +J(CM:0, PgRf:42, Rd:0/0, Dy:0/0, Lg:0/0)
[13] 0.0 +J(0)
[14] 0.0 +J(0)
[15] 0.000006 +J(CM:0, PgRf:1, Rd:0/0, Dy:0/0, Lg:0/0).",0 0,lgposAttach = 00000002:0049:0268,,,,,,,,,,,,,,,,,,,,,,,,,,,,,,,,,,,,,,,,,
2026-01-16T05:49:11.388067Z,91,DC01.pirate.htb,Microsoft-Windows-CertificationAuthority,Application,3391,2,,,,,,,,,,,,,,,,,,,,,,,,,,,,,,,,,,,,,,,,,,,,,MSG_E_DS_RETRY,,,,,,,,,,,,,,,,,,,,,,,,,,,,,
2026-01-16T05:49:12.049372Z,94,DC01.pirate.htb,Microsoft-Windows-CertificationAuthority,Application,3392,3,,,,,,pirate-DC01-CA,,,,,,,,,,,,,,,,,,,,,,,,,,,,,,,,,,,,,,,,,,,,,,,,,,,,MSG_CA_CERT_NO_AUTH_STORE,,,,,,,,,,,,,,,,
2026-01-16T05:49:12.622634Z,"{'#attributes': {'Qualifiers': 16384}, '#text': 9027}",DC01.pirate.htb,Desktop Window Manager,Application,3393,4,,,,,,,,,,,,,,,,,,,,,,,,,,,,,,,,,,,,,,,,,,,,,,,,,,,,,,,,,,,,,,,,,,,,,,,,,,
2026-01-16T05:49:12.483922Z,44,DC01.pirate.htb,Microsoft-Windows-CertificationAuthority,Application,3394,2,,,,,,,,,,,,,,,,,,,,,,,,,,,,,,,,,,,,0x8007054b (1355),,The specified domain either does not exist or could not be contacted.,,,,,,Initialize,,,,Windows default,,,,,,,,,,MSG_E_POLICY_ERROR,,,,,,,,,,,"The Active Directory containing the Certification Authority could not be contacted.
",,,,,
2026-01-16T05:49:12.511820Z,26,DC01.pirate.htb,Microsoft-Windows-CertificationAuthority,Application,3395,4,,,,,,pirate-DC01-CA,,,,  DC=,,,,,,,,,,,,,,,,,,,,,,,,,,,,,,,,,,,,,,,,,,,,,,,,MSG_I_SERVER_STARTED,,,,,,,,,,,,,,,,
2026-01-16T05:49:23.685187Z,"{'#attributes': {'Qualifiers': 32768}, '#text': 6004}",DC01.pirate.htb,Microsoft-Windows-Winlogon,Application,3396,3,,,,69060000,,,,,,,TrustedInstaller,,,,,,,,,,,,,,,,,,,,,,,,,,,,,,,,,,,,,,,,,,,,,,,,,,,,,,,,,,,,,,,
2026-01-16T05:49:24.216417Z,"{'#attributes': {'Qualifiers': 0}, '#text': 260}",DC01.pirate.htb,VMUpgradeHelper,Application,3397,4,,,,,,,,,,,,,,,,,,,,,,,,,,,,,,,,,,,,,,,,,,,,,,,,,,,,,,,,,,,,,,,,,,,,,,,,,,
2026-01-16T05:49:24.216417Z,"{'#attributes': {'Qualifiers': 0}, '#text': 272}",DC01.pirate.htb,VMUpgradeHelper,Application,3398,4,,,,,,,,,,,,,,,,,,,,,,,,,,,,,,,,,,,,,,,,,,,,,,,,,,,,,,,,,,,,,,,,,,,,,,,,,,
2026-01-16T05:49:24.232025Z,"{'#attributes': {'Qualifiers': 0}, '#text': 108}",DC01.pirate.htb,VMTools,Application,3399,4,,,,,,,,,,,,,,,,,,,,,,,,,,,,,,,,,,,,,,,,,,,,,,,,,,,,,,,,,,,,,,,,,,,,,,,,,,
2026-01-16T05:49:24.548878Z,1532,DC01.pirate.htb,Microsoft-Windows-User Profiles Service,Application,3400,4,,,,,,,,,,,,,,,,,,,,,,,,,,,,,,,,,,,,,,,,,,,,,,,,,,,,,,,,,,,,,,,,,,,,,,,,,,
2026-01-16T05:49:43.103118Z,"{'#attributes': {'Qualifiers': 16384}, '#text': 4625}",DC01,Microsoft-Windows-EventSystem,Application,3401,4,,,,,,,,,,,,,,,,,,,,,,,,,,,,,,,,,,,,,,,,,,,,,,,,,,,,,,,,,,,,,,,86400,,,,SuppressDuplicateDuration,Software\Microsoft\EventSystem\EventLog,,,,,,
2026-01-16T05:49:24.804148Z,38,DC01.pirate.htb,Microsoft-Windows-CertificationAuthority,Application,3402,4,,,,,,pirate-DC01-CA,,,,,,,,,,,,,,,,,,,,,,,,,,,,,,,,,,,,,,,,,,,,,,,,,,,,MSG_I_SERVER_STOPPED,,,,,,,,,,,,,,,,
2026-01-16T05:49:43.122513Z,1531,DC01.pirate.htb,Microsoft-Windows-User Profiles Service,Application,3403,4,,,,,,,,,,,,,,,,,,,,,,,,,,,,,,,,,,,,,,,,,,,,,,,,,,,,,,,,,,,,,,,,,,,,,,,,,,
2026-01-16T05:49:43.632922Z,5615,DC01.pirate.htb,Microsoft-Windows-WMI,Application,3404,4,,,,,,,,,,,,,,,,,,,,,,,,,,,,,,,,,,,,,,,,,,,,,,,,,,,,,,,,,,,,,,,,,,,,,,,,,,
2026-01-16T05:49:44.309203Z,5617,DC01.pirate.htb,Microsoft-Windows-WMI,Application,3405,4,,,,,,,,,,,,,,,,,,,,,,,,,,,,,,,,,,,,,,,,,,,,,,,,,,,,,,,,,,,,,,,,,,,,,,,,,,
2026-01-16T05:50:05.208575Z,"{'#attributes': {'Qualifiers': 0}, '#text': 105}",DC01.pirate.htb,VMTools,Application,3406,4,,,,,,,,,,,,,,,,,,,,,,,,,,,,,,,,,,,,,,,,,,,,,,,,,,,,,,,,,,,,,,,,,,,,,,,,,,
2026-01-16T05:50:05.771069Z,"{'#attributes': {'Qualifiers': 16384}, '#text': 9027}",DC01.pirate.htb,Desktop Window Manager,Application,3407,4,,,,,,,,,,,,,,,,,,,,,,,,,,,,,,,,,,,,,,,,,,,,,,,,,,,,,,,,,,,,,,,,,,,,,,,,,,
2026-01-16T05:50:06.552310Z,"{'#attributes': {'Qualifiers': 16384}, '#text': 781}",DC01.pirate.htb,Microsoft-Windows-Complus,Application,3408,4,,,,,,,,,,,,,,,,,,,,,,,,,,,,,,,,,,,,,,,,,,,,,,,,,,,,,,,,,,,,,,,86400,,,,SuppressDuplicateDuration,Software\Microsoft\COM3\Eventlog,,,,,,
2026-01-16T05:50:06.567942Z,"{'#attributes': {'Qualifiers': 0}, '#text': 258}",DC01.pirate.htb,VMUpgradeHelper,Application,3409,4,,,,,,,,,,,,,,,,,,,,,,,,,,,,,,,,,,,,,,,,,,,,,,,,,,,,,,,,,,,,,,,,,,,,,,,,,,
2026-01-16T05:50:06.989812Z,"{'#attributes': {'Qualifiers': 0}, '#text': 271}",DC01.pirate.htb,VMUpgradeHelper,Application,3410,4,,,,,,,,,,,,,,,,,,,,,,,,,,,,,,,,,,,,,,,,,,,,,,,,,,,,,,,,,,,,,,,,,,,,,,,,,,
2026-01-16T05:50:07.036691Z,"{'#attributes': {'Qualifiers': 16384}, '#text': 4202}",DC01.pirate.htb,Microsoft-Windows-MSDTC 2,Application,3411,4,,,,,,,,,,,,,,,,,,,,,,,,,,,,,,,,,,,,,,,,,,,,,,,,,,,,,,,,,,,,,,,0,0,0,1,0,0,0,0,0,1,Mutual Authentication Required,NT AUTHORITY\NetworkService
2026-01-16T05:50:10.802335Z,"{'#attributes': {'Qualifiers': 0}, '#text': 102}",DC01.pirate.htb,ESENT,Application,3412,4,,,,,,,,,,,,certsrv.exe,"2792,P,98",,,,,,,,,,,,,,,0,10,00,17763,0000,,,,,,,,,,,,,,,,,,,,,,,,,,,,,,,,,,,,,,,,,,
2026-01-16T05:50:10.833573Z,"{'#attributes': {'Qualifiers': 0}, '#text': 105}",DC01.pirate.htb,ESENT,Application,3413,4,,,,,,,,,,,,certsrv.exe,"2792,D,0",,,,,,,,,,,,,,,0,0,"
[1] 0.001149 +J(0) +M(C:0K, Fs:137, WS:536K # 536K, PF:2416K # 2148K, P:2416K)
[2] 0.000727 +J(0) +M(C:3200K, Fs:163, WS:636K # 636K, PF:4104K # 4104K, P:4104K)
[3] 0.000019 +J(0) +M(C:0K, Fs:9, WS:36K # 36K, PF:64K # 64K, P:64K)
[4] 0.000170 +J(0) +M(C:0K, Fs:19, WS:72K # 72K, PF:500K # 500K, P:500K)
[5] 0.000582 +J(0) +M(C:0K, Fs:7, WS:28K # 28K, PF:20K # 20K, P:20K)
[6] 0.003508 +J(0) +M(C:0K, Fs:23, WS:92K # 92K, PF:12K # 12K, P:12K)
[7] 0.008182 -0.005917 (5) WT +J(0) +M(C:0K, Fs:274, WS:1096K # 1096K, PF:1024K # 1024K, P:1024K)
[8] -
[9] -
[10] -
[11] -
[12] -
[13] 0.008991 -0.004731 (6) WT +J(CM:0, PgRf:0, Rd:0/0, Dy:0/0, Lg:616/1) +M(C:0K, Fs:7, WS:-1004K # 16K, PF:-1020K # 12K, P:-1020K)
[14] 0.000020 +J(0) +M(C:0K, Fs:1, WS:4K # 0K, PF:0K # 0K, P:0K)
[15] 0.000208 +J(0) +M(C:0K, Fs:100, WS:400K # 0K, PF:64K # 0K, P:64K)
[16] 0.000850 -0.000671 (1) WT +J(0) +M(C:0K, Fs:2, WS:0K # 0K, PF:0K # 0K, P:0K).",,,,,,,,,,,,,,,,,,,,,,,,,,,,,,,,,,,,,,,,,,,,
2026-01-16T05:50:10.849316Z,"{'#attributes': {'Qualifiers': 0}, '#text': 326}",DC01.pirate.htb,ESENT,Application,3414,4,,,,,,,,,,,,certsrv.exe,"2792,D,50",,,,,,,,,,,,,,,1,C:\Windows\system32\CertLog\pirate-DC01-CA.edb,0,"
[1] 0.000005 +J(0) +M(C:0K, Fs:1, WS:4K # 0K, PF:0K # 0K, P:0K)
[2] 0.002234 -0.001617 (1) WT +J(0) +M(C:0K, Fs:18, WS:8K # 0K, PF:4K # 0K, P:4K)
[3] 0.006993 -0.002345 (6) WT +J(CM:0, PgRf:0, Rd:0/0, Dy:0/0, Lg:3480/2) +M(C:0K, Fs:29, WS:112K # 0K, PF:152K # 0K, P:152K)
[4] 0.000188 +J(0)
[5] -
[6] -
[7] -
[8] 0.003840 -0.003584 (2) CM -0.003457 (2) WT +J(CM:2, PgRf:2, Rd:14/2, Dy:0/0, Lg:0/0) +M(C:0K, Fs:50, WS:200K # 0K, PF:128K # 0K, P:128K)
[9] 0.001338 -0.000988 (3) CM -0.000889 (3) WT +J(CM:3, PgRf:23, Rd:0/2, Dy:0/0, Lg:0/0) +M(C:0K, Fs:23, WS:88K # 0K, PF:200K # 0K, P:200K)
[10] 0.000316 -0.000203 (1) CM -0.000160 (1) WT +J(CM:1, PgRf:40, Rd:0/1, Dy:0/0, Lg:0/0) +M(C:0K, Fs:3, WS:12K # 0K, PF:64K # 0K, P:64K)
[11] 0.000014 +J(CM:0, PgRf:1, Rd:0/0, Dy:0/0, Lg:0/0) +M(C:0K, Fs:2, WS:8K # 0K, PF:0K # 0K, P:0K)
[12] 0.000052 +J(CM:0, PgRf:42, Rd:0/0, Dy:0/0, Lg:0/0)
[13] 0.0 +J(0)
[14] 0.0 +J(0)
[15] 0.000005 +J(CM:0, PgRf:1, Rd:0/0, Dy:0/0, Lg:0/0).",0 0,lgposAttach = 00000002:0052:0268,,,,,,,,,,,,,,,,,,,,,,,,,,,,,,,,,,,,,,,,,
2026-01-16T05:50:10.766427Z,91,DC01.pirate.htb,Microsoft-Windows-CertificationAuthority,Application,3415,2,,,,,,,,,,,,,,,,,,,,,,,,,,,,,,,,,,,,,,,,,,,,,MSG_E_DS_RETRY,,,,,,,,,,,,,,,,,,,,,,,,,,,,,
2026-01-16T05:50:10.993206Z,94,DC01.pirate.htb,Microsoft-Windows-CertificationAuthority,Application,3416,3,,,,,,pirate-DC01-CA,,,,,,,,,,,,,,,,,,,,,,,,,,,,,,,,,,,,,,,,,,,,,,,,,,,,MSG_CA_CERT_NO_AUTH_STORE,,,,,,,,,,,,,,,,
2026-01-16T05:50:11.028192Z,44,DC01.pirate.htb,Microsoft-Windows-CertificationAuthority,Application,3417,2,,,,,,,,,,,,,,,,,,,,,,,,,,,,,,,,,,,,0x8007054b (1355),,The specified domain either does not exist or could not be contacted.,,,,,,Initialize,,,,Windows default,,,,,,,,,,MSG_E_POLICY_ERROR,,,,,,,,,,,"The Active Directory containing the Certification Authority could not be contacted.
",,,,,
2026-01-16T05:50:11.038978Z,26,DC01.pirate.htb,Microsoft-Windows-CertificationAuthority,Application,3418,4,,,,,,pirate-DC01-CA,,,,  DC=,,,,,,,,,,,,,,,,,,,,,,,,,,,,,,,,,,,,,,,,,,,,,,,,MSG_I_SERVER_STARTED,,,,,,,,,,,,,,,,
2026-01-16T05:50:50.333569Z,"{'#attributes': {'Qualifiers': 32768}, '#text': 6003}",DC01.pirate.htb,Microsoft-Windows-Winlogon,Application,3419,4,,,,D9060000,,,,,,,SessionEnv,,,,,,,,,,,,,,,,,,,,,,,,,,,,,,,,,,,,,,,,,,,,,,,,,,,,,,,,,,,,,,,
2026-01-16T05:50:51.114817Z,"{'#attributes': {'Qualifiers': 32768}, '#text': 6000}",DC01.pirate.htb,Microsoft-Windows-Winlogon,Application,3420,4,,,,D9060000,,,,,,,SessionEnv,,,,,,,,,,,,,,,,,,,,,,,,,,,,,,,,,,,,,,,,,,,,,,,,,,,,,,,,,,,,,,,
2026-01-16T05:51:08.334259Z,"{'#attributes': {'Qualifiers': 16384}, '#text': 900}",DC01.pirate.htb,Microsoft-Windows-Security-SPP,Application,3421,4,,,,,,,,,,,TriggerStarted:6,,,,,,,,,,,,,,,,,,,,,,,,,,,,,,,,,,,,,,,,,,,,,,,,,,,,,,,,,,,,,,,
2026-01-16T05:51:08.537376Z,"{'#attributes': {'Qualifiers': 49152}, '#text': 16394}",DC01.pirate.htb,Microsoft-Windows-Security-SPP,Application,3422,4,,,,,,,,,,,,,,,,,,,,,,,,,,,,,,,,,,,,,,,,,,,,,,,,,,,,,,,,,,,,,,,,,,,,,,,,,,
2026-01-16T05:51:08.834260Z,"{'#attributes': {'Qualifiers': 16384}, '#text': 1066}",DC01.pirate.htb,Microsoft-Windows-Security-SPP,Application,3423,4,,,,,,,,,,,"C:\Windows\system32\sppwinob.dll, msft:spp/windowsfunctionality/agent/7.0, 0x00000000, 0x00000000
C:\Windows\system32\sppobjs.dll, msft:rm/algorithm/inherited/1.0, 0x00000000, 0x00000000
C:\Windows\system32\sppobjs.dll, msft:rm/algorithm/phone/1.0, 0x00000000, 0x00000000
C:\Windows\system32\sppobjs.dll, msft:rm/algorithm/pkey/detect, 0x00000000, 0x00000000
C:\Windows\system32\sppobjs.dll, msft:spp/ActionScheduler/1.0, 0x00000000, 0x00000000
C:\Windows\system32\sppobjs.dll, msft:spp/TaskScheduler/1.0, 0x00000000, 0x00000000
C:\Windows\system32\sppobjs.dll, msft:spp/statecollector/pkey, 0x00000000, 0x00000000
C:\Windows\system32\sppobjs.dll, msft:spp/volume/services/kms/1.0, 0x00000000, 0x00000000
C:\Windows\system32\sppobjs.dll, msft:spp/volume/services/kms/activationinfo/1.0, 0x00000000, 0x00000000
",,,,,,,,,,,,,,,,,,,,,,,,,,,,,,,,,,,,,,,,,,,,,,,,,,,,,,,,,,,,,,,
2026-01-16T05:51:09.677998Z,"{'#attributes': {'Qualifiers': 16384}, '#text': 1034}",DC01.pirate.htb,Microsoft-Windows-Security-SPP,Application,3424,4,,,,,,,,,,,,AAD-WindowsCore-AddAccountRestrictions,100,,,,,,,,,,,,,,,,,,,,,,,,,,,,,,,,,,,,,,,,,,,,,,,,,,,,,,,,,,,,,
2026-01-16T05:51:09.693625Z,"{'#attributes': {'Qualifiers': 16384}, '#text': 1034}",DC01.pirate.htb,Microsoft-Windows-Security-SPP,Application,3425,4,,,,,,,,,,,,Security-SPP-WriteWauMarker,500,,,,,,,,,,,,,,,,,,,,,,,,,,,,,,,,,,,,,,,,,,,,,,,,,,,,,,,,,,,,,
2026-01-16T05:51:09.693625Z,"{'#attributes': {'Qualifiers': 16384}, '#text': 1033}",DC01.pirate.htb,Microsoft-Windows-Security-SPP,Application,3426,4,,,,,,,,,,,,(Security-SPP-Reserved-EnableNotificationMode) ,55c92734-d682-4d71-983e-d6ec3f16059f,,,,,,,,,,,92114319-12ea-4bca-9d63-8740de9feff3,,,,,,,,,,,,,,,,,,,,,,,,,,,,,,,,,,,,,,,,,,,,,,,,,,
2026-01-16T05:51:09.724887Z,"{'#attributes': {'Qualifiers': 16384}, '#text': 1003}",DC01.pirate.htb,Microsoft-Windows-Security-SPP,Application,3427,4,,,,,,,,,,,,55c92734-d682-4d71-983e-d6ec3f16059f,"
1: 22105925-48c3-4ff4-a294-f654bb27e390, 1, 0 [(0 [0xC004F014, 0, 0], [(?)(?)(?)(?)(?)(?)(?)(?)])(1 )(2 )(3 )]
2: 281c216a-5957-439b-adf2-aff4098a2bdd, 1, 0 [(0 [0xC004F014, 0, 0], [(?)(?)(?)(?)(?)(?)(?)(?)])(1 )(2 )(3 )]
3: 2e7a9ad1-a849-4b56-babe-17d5a29fe4b4, 1, 0 [(0 [0xC004F014, 0, 0], [(?)(?)(?)(?)(?)(?)(?)(?)])(1 )(2 )(3 )]
4: 3c006fa7-3b03-45a4-93da-63ddc1bdce11, 1, 0 [(0 [0xC004F014, 0, 0], [(?)(?)(?)(?)(?)(?)(?)(?)])(1 )(2 )(3 )]
5: 4285bbda-6219-4c1a-98e9-859e60d669fb, 1, 0 [(0 [0xC004F014, 0, 0], [(?)(?)(?)(?)(?)(?)(?)(?)])(1 )(2 )(3 )]
6: 44a5b4c3-e4b1-483b-81e8-0f78f4d98283, 1, 0 [(0 [0xC004F014, 0, 0], [(?)(?)(?)(?)(?)(?)(?)(?)])(1 )(2 )(3 )]
7: 661f7658-7035-4b4c-9f35-010682943ec2, 1, 0 [(0 [0xC004F014, 0, 0], [(?)(?)(?)(?)(?)(?)(?)(?)])(1 )(2 )(3 )]
8: 6bad0243-1c35-46b2-b8e6-7a853e37413f, 1, 0 [(0 [0xC004F014, 0, 0], [(?)(?)(?)(?)(?)(?)(?)(?)])(1 )(2 )(3 )]
9: 82fcf64d-f9dd-4411-9c79-f2eed16d4eb8, 1, 0 [(0 [0xC004F014, 0, 0], [(?)(?)(?)(?)(?)(?)(?)(?)])(1 )(2 )(3 )]
10: 84e331f6-4279-48c4-ab10-b75139181351, 1, 0 [(0 [0xC004F014, 0, 0], [(?)(?)(?)(?)(?)(?)(?)(?)])(1 )(2 )(3 )]
11: 8ea56c31-fe6e-4d56-9d17-8dc1ab35dd8b, 1, 0 [(0 [0xC004F014, 0, 0], [(?)(?)(?)(?)(?)(?)(?)(?)])(1 )(2 )(3 )]
12: 92114319-12ea-4bca-9d63-8740de9feff3, 1, 0 [(0 )(1 [0x00000000, 1, 0], [(?)( 1 0x00000000)(?)( 2 0x00000000 0 0 msft:rm/algorithm/phone/1.0 0x00000000 0)(?)(?)( 10 0x00000000 msft:rm/algorithm/flags/1.0)(?)])(2 )(3 )]
13: 9db83b52-9904-4326-8957-ebe6feedf37c, 1, 0 [(0 [0xC004F014, 0, 0], [(?)(?)(?)(?)(?)(?)(?)(?)])(1 )(2 )(3 )]
14: c2d23e1f-ee3e-4533-9094-e6dc0b8aa049, 1, 0 [(0 [0xC004F014, 0, 0], [(?)(?)(?)(?)(?)(?)(?)(?)])(1 )(2 )(3 )]
15: d07edbd8-02cb-49b1-8358-f2de7afd8a4d, 1, 0 [(0 [0xC004F014, 0, 0], [(?)(?)(?)(?)(?)(?)(?)(?)])(1 )(2 )(3 )]
16: de32eafd-aaee-4662-9444-c1befb41bde2, 1, 0 [(0 [0xC004F014, 0, 0], [(?)(?)(?)(?)(?)(?)(?)(?)])(1 )(2 )(3 )]
17: e73aabfa-12bc-4705-b551-2dd076bebc7d, 1, 0 [(0 [0xC004F014, 0, 0], [(?)(?)(?)(?)(?)(?)(?)(?)])(1 )(2 )(3 )]
18: e936f630-5125-4a39-b1de-544d6c036491, 1, 0 [(0 [0xC004F014, 0, 0], [(?)(?)(?)(?)(?)(?)(?)(?)])(1 )(2 )(3 )]
19: fd946594-6f0d-4c5c-9bf7-f5f628ecd0b9, 1, 0 [(0 [0xC004F014, 0, 0], [(?)(?)(?)(?)(?)(?)(?)(?)])(1 )(2 )(3 )]

",,,,,,,,,,,,,,,,,,,,,,,,,,,,,,,,,,,,,,,,,,,,,,,,,,,,,,,,,,,,,
2026-01-16T05:51:09.771754Z,"{'#attributes': {'Qualifiers': 16384}, '#text': 902}",DC01.pirate.htb,Microsoft-Windows-Security-SPP,Application,3428,0,,,,,,,,,,,10.0.17763.8276,,,,,,,,,,,,,,,,,,,,,,,,,,,,,,,,,,,,,,,,,,,,,,,,,,,,,,,,,,,,,,,
2026-01-16T05:52:19.271762Z,"{'#attributes': {'Qualifiers': 16384}, '#text': 16384}",DC01.pirate.htb,Microsoft-Windows-Security-SPP,Application,3429,4,,,,,,,,,,,,2125-12-23T05:52:19Z,RulesEngine,,,,,,,,,,,,,,,,,,,,,,,,,,,,,,,,,,,,,,,,,,,,,,,,,,,,,,,,,,,,,
2026-01-16T05:52:19.287398Z,"{'#attributes': {'Qualifiers': 16384}, '#text': 903}",DC01.pirate.htb,Microsoft-Windows-Security-SPP,Application,3430,0,,,,,,,,,,,,,,,,,,,,,,,,,,,,,,,,,,,,,,,,,,,,,,,,,,,,,,,,,,,,,,,,,,,,,,,,,,
2026-01-16T05:53:07.527458Z,"{'#attributes': {'Qualifiers': 0}, '#text': 8224}",DC01.pirate.htb,VSS,Application,3431,4,,,,2D20436F64653A2020434F525356434330303030303737332D2043616C6C3A2020434F525356434330303030303735352D205049443A202030303030343030382D205449443A202030303030343032342D20434D443A2020433A5C57696E646F77735C73797374656D33325C76737376632E6578652020202D20557365723A204E616D653A204E5420415554484F524954595C53595354454D2C205349443A532D312D352D313820,,,,,,,,,,,,,,,,,,,,,,,,,,,,,,,,,,,,,,,,,,,,,,,,,,,,,,,,,,,,,,,,,,,,,,
2026-01-16T05:53:36.753593Z,"{'#attributes': {'Qualifiers': 49152}, '#text': 16394}",DC01.pirate.htb,Microsoft-Windows-Security-SPP,Application,3432,4,,,,,,,,,,,,,,,,,,,,,,,,,,,,,,,,,,,,,,,,,,,,,,,,,,,,,,,,,,,,,,,,,,,,,,,,,,
2026-01-16T05:53:56.247303Z,1001,DC01.pirate.htb,Microsoft-Windows-LoadPerf,Application,3433,4,,,,,,,,,,,,,,,,,,,,,,,,,,,,,,,,,,,,,,,,,,,,,,,,,,,,,,,,,,,LoadPerf,3837000039370000D2050000,12,,WmiApRpl,,,,WmiApRpl,,,,,,,
2026-01-16T05:53:56.306287Z,1000,DC01.pirate.htb,Microsoft-Windows-LoadPerf,Application,3434,4,,,,,,,,,,,,,,,,,,,,,,,,,,,,,,,,,,,,,,,,,,,,,,,,,,,,,,,,,,,LoadPerf,3A3700000A3800003B3700000B380000,16,,WmiApRpl,,,,WmiApRpl,,,,,,,
2026-01-16T05:54:07.464638Z,"{'#attributes': {'Qualifiers': 16384}, '#text': 16384}",DC01.pirate.htb,Microsoft-Windows-Security-SPP,Application,3435,4,,,,,,,,,,,,2125-12-23T05:54:07Z,RulesEngine,,,,,,,,,,,,,,,,,,,,,,,,,,,,,,,,,,,,,,,,,,,,,,,,,,,,,,,,,,,,,
2026-01-16T05:55:09.639869Z,"{'#attributes': {'Qualifiers': 0}, '#text': 102}",DC01.pirate.htb,ESENT,Application,3436,4,,,,,,,,,,,,DFSRs,"2880,P,98",,,,,,,,,,,\\.\C:\System Volume Information\DFSR\database_1E64_8720_6486_FA33\dfsr.db: ,,,,0,10,00,17763,0000,,,,,,,,,,,,,,,,,,,,,,,,,,,,,,,,,,,,,,,,,,
2026-01-16T05:55:09.764877Z,"{'#attributes': {'Qualifiers': 0}, '#text': 105}",DC01.pirate.htb,ESENT,Application,3437,4,,,,,,,,,,,,DFSRs,"2880,D,0",,,,,,,,,,,\\.\C:\System Volume Information\DFSR\database_1E64_8720_6486_FA33\dfsr.db: ,,,,0,0,"
[1] 0.005257 +J(0) +M(C:0K, Fs:261, WS:1016K # 1016K, PF:6384K # 6272K, P:6384K)
[2] 0.000349 +J(0) +M(C:16K, Fs:93, WS:364K # 364K, PF:308K # 308K, P:308K)
[3] 0.000021 +J(0) +M(C:0K, Fs:4, WS:16K # 16K, PF:64K # 64K, P:64K)
[4] 0.000202 +J(0) +M(C:2032K, Fs:39, WS:144K # 144K, PF:2440K # 2440K, P:2440K)
[5] 0.000729 +J(0) +M(C:0K, Fs:9, WS:36K # 36K, PF:24K # 24K, P:24K)
[6] 0.002252 +J(0) +M(C:0K, Fs:16, WS:64K # 64K, PF:12K # 12K, P:12K)
[7] 0.062327 -0.056574 (21) WT +J(0) +M(C:0K, Fs:1300, WS:5192K # 5192K, PF:5132K # 5132K, P:5132K)
[8] -
[9] -
[10] -
[11] -
[12] -
[13] 0.043998 -0.037337 (22) WT +J(CM:0, PgRf:0, Rd:0/0, Dy:0/0, Lg:616/1) +M(C:0K, Fs:7, WS:-5100K # 16K, PF:-5124K # 12K, P:-5124K)
[14] 0.000023 +J(0) +M(C:0K, Fs:1, WS:4K # 0K, PF:0K # 0K, P:0K)
[15] 0.000105 +J(0) +M(C:0K, Fs:64, WS:256K # 0K, PF:64K # 0K, P:64K)
[16] 0.001042 -0.000876 (1) WT +J(0) +M(C:0K, Fs:2, WS:0K # 0K, PF:0K # 0K, P:0K).",,,,,,,,,,,,,,,,,,,,,,,,,,,,,,,,,,,,,,,,,,,,
2026-01-16T05:55:09.764877Z,"{'#attributes': {'Qualifiers': 0}, '#text': 326}",DC01.pirate.htb,ESENT,Application,3438,4,,,,,,,,,,,,DFSRs,"2880,D,50",,,,,,,,,,,\\.\C:\System Volume Information\DFSR\database_1E64_8720_6486_FA33\dfsr.db: ,,,,1,\\.\C:\System Volume Information\DFSR\database_1E64_8720_6486_FA33\dfsr.db,0,"
[1] 0.000005 +J(0) +M(C:0K, Fs:1, WS:4K # 0K, PF:0K # 0K, P:0K)
[2] 0.003148 -0.002913 (1) WT +J(0) +M(C:0K, Fs:19, WS:12K # 0K, PF:8K # 0K, P:8K)
[3] 0.007648 -0.002968 (6) WT +J(CM:0, PgRf:0, Rd:0/0, Dy:0/0, Lg:3480/2) +M(C:0K, Fs:32, WS:120K # 0K, PF:156K # 0K, P:156K)
[4] 0.000105 +J(0)
[5] -
[6] -
[7] -
[8] 0.001111 -0.000838 (2) CM -0.000738 (2) WT +J(CM:2, PgRf:2, Rd:14/2, Dy:0/0, Lg:0/0) +M(C:-8K, Fs:68, WS:264K # 0K, PF:120K # 0K, P:120K)
[9] 0.001851 -0.001591 (2) CM -0.001533 (2) WT +J(CM:2, PgRf:23, Rd:0/1, Dy:0/0, Lg:0/0) +M(C:-12K, Fs:21, WS:68K # 0K, PF:192K # 0K, P:192K)
[10] 0.000460 -0.000326 (1) CM -0.000273 (1) WT +J(CM:1, PgRf:40, Rd:0/1, Dy:0/0, Lg:0/0) +M(C:-4K, Fs:7, WS:24K # 0K, PF:72K # 0K, P:72K)
[11] 0.000016 +J(CM:0, PgRf:1, Rd:0/0, Dy:0/0, Lg:0/0) +M(C:0K, Fs:2, WS:8K # 0K, PF:0K # 0K, P:0K)
[12] 0.000032 +J(CM:0, PgRf:36, Rd:0/0, Dy:0/0, Lg:0/0)
[13] 0.0 +J(0)
[14] 0.0 +J(0)
[15] 0.000005 +J(CM:0, PgRf:1, Rd:0/0, Dy:0/0, Lg:0/0).",0 0,lgposAttach = 00000019:04FA:0268,,,,,,,,,,,,,,,,,,,,,,,,,,,,,,,,,,,,,,,,,
2026-01-16T06:04:54.777561Z,"{'#attributes': {'Qualifiers': 0}, '#text': 8224}",DC01.pirate.htb,VSS,Application,3439,4,,,,2D20436F64653A2020434F525356434330303030303737332D2043616C6C3A2020434F525356434330303030303735352D205049443A202030303030333438342D205449443A202030303030313133322D20434D443A2020433A5C57696E646F77735C73797374656D33325C76737376632E6578652020202D20557365723A204E616D653A204E5420415554484F524954595C53595354454D2C205349443A532D312D352D313820,,,,,,,,,,,,,,,,,,,,,,,,,,,,,,,,,,,,,,,,,,,,,,,,,,,,,,,,,,,,,,,,,,,,,,
2026-01-16T07:39:54.871904Z,"{'#attributes': {'Qualifiers': 0}, '#text': 1130}",DC01.pirate.htb,.NET Runtime Optimization Service,Application,3440,0,,,,,,,,,,,.NET Runtime Optimization Service (4.0.30319.0) - Installed from repository: mscorlib,,,,,,,,,,,,,,,,,,,,,,,,,,,,,,,,,,,,,,,,,,,,,,,,,,,,,,,,,,,,,,,
2026-01-16T07:48:47.134876Z,"{'#attributes': {'Qualifiers': 0}, '#text': 1130}",DC01.pirate.htb,.NET Runtime Optimization Service,Application,3441,0,,,,,,,,,,,.NET Runtime Optimization Service (4.0.30319.0) - Installed from repository: mscorlib,,,,,,,,,,,,,,,,,,,,,,,,,,,,,,,,,,,,,,,,,,,,,,,,,,,,,,,,,,,,,,,
2026-01-16T08:00:00.025853Z,"{'#attributes': {'Qualifiers': 0}, '#text': 700}",DC01.pirate.htb,ESENT,Application,3442,4,,,,,,,,,,,,DFSRs,"2880,D,0",,,,,,,,,,,\\.\C:\System Volume Information\DFSR\database_1E64_8720_6486_FA33\dfsr.db: ,,,,\\.\C:\System Volume Information\DFSR\database_1E64_8720_6486_FA33\dfsr.db,,,,,,,,,,,,,,,,,,,,,,,,,,,,,,,,,,,,,,,,,,,,,,
2026-01-16T08:00:00.041470Z,"{'#attributes': {'Qualifiers': 0}, '#text': 701}",DC01.pirate.htb,ESENT,Application,3443,4,,,,,,,,,,,,DFSRs,"2880,D,0",,,,,,,,,,,\\.\C:\System Volume Information\DFSR\database_1E64_8720_6486_FA33\dfsr.db: ,,,,\\.\C:\System Volume Information\DFSR\database_1E64_8720_6486_FA33\dfsr.db,0,1/16/2026,0,1,1,1,,,,,,,,,,,,,,,,,,,,,,,,,,,,,,,,,,,,,,,,
2026-01-16T08:04:33.013888Z,"{'#attributes': {'Qualifiers': 32768}, '#text': 6000}",DC01.pirate.htb,Microsoft-Windows-Winlogon,Application,3444,4,,,,D9060000,,,,,,,WSearch,,,,,,,,,,,,,,,,,,,,,,,,,,,,,,,,,,,,,,,,,,,,,,,,,,,,,,,,,,,,,,,
2026-01-16T08:04:33.076384Z,"{'#attributes': {'Qualifiers': 32768}, '#text': 6000}",DC01.pirate.htb,Microsoft-Windows-Winlogon,Application,3445,4,,,,D9060000,,,,,,,SessionEnv,,,,,,,,,,,,,,,,,,,,,,,,,,,,,,,,,,,,,,,,,,,,,,,,,,,,,,,,,,,,,,,
2026-01-16T08:04:40.861772Z,"{'#attributes': {'Qualifiers': 0}, '#text': 260}",DC01.pirate.htb,VMUpgradeHelper,Application,3446,4,,,,,,,,,,,,,,,,,,,,,,,,,,,,,,,,,,,,,,,,,,,,,,,,,,,,,,,,,,,,,,,,,,,,,,,,,,
2026-01-16T08:04:40.861772Z,"{'#attributes': {'Qualifiers': 0}, '#text': 272}",DC01.pirate.htb,VMUpgradeHelper,Application,3447,4,,,,,,,,,,,,,,,,,,,,,,,,,,,,,,,,,,,,,,,,,,,,,,,,,,,,,,,,,,,,,,,,,,,,,,,,,,
2026-01-16T08:04:40.877393Z,"{'#attributes': {'Qualifiers': 0}, '#text': 108}",DC01.pirate.htb,VMTools,Application,3448,4,,,,,,,,,,,,,,,,,,,,,,,,,,,,,,,,,,,,,,,,,,,,,,,,,,,,,,,,,,,,,,,,,,,,,,,,,,
2026-01-16T08:04:41.049267Z,"{'#attributes': {'Qualifiers': 16384}, '#text': 4111}",DC01.pirate.htb,Microsoft-Windows-MSDTC,Application,3449,4,,,,4D005300440054004300,,,,,,,,,,,,,,,,,,,,,,,,,,,,,,,,,,,,,,,,,,,,,,,,,,,,,,,,,,,,,,,,,,,,,,
2026-01-16T08:04:41.094720Z,1532,DC01.pirate.htb,Microsoft-Windows-User Profiles Service,Application,3450,4,,,,,,,,,,,,,,,,,,,,,,,,,,,,,,,,,,,,,,,,,,,,,,,,,,,,,,,,,,,,,,,,,,,,,,,,,,
2026-01-16T08:07:14.232249Z,"{'#attributes': {'Qualifiers': 16384}, '#text': 4625}",DC01,Microsoft-Windows-EventSystem,Application,3451,4,,,,,,,,,,,,,,,,,,,,,,,,,,,,,,,,,,,,,,,,,,,,,,,,,,,,,,,,,,,,,,,86400,,,,SuppressDuplicateDuration,Software\Microsoft\EventSystem\EventLog,,,,,,
2026-01-16T08:04:41.473433Z,38,DC01.pirate.htb,Microsoft-Windows-CertificationAuthority,Application,3452,4,,,,,,pirate-DC01-CA,,,,,,,,,,,,,,,,,,,,,,,,,,,,,,,,,,,,,,,,,,,,,,,,,,,,MSG_I_SERVER_STOPPED,,,,,,,,,,,,,,,,
2026-01-16T08:07:14.268706Z,1531,DC01.pirate.htb,Microsoft-Windows-User Profiles Service,Application,3453,4,,,,,,,,,,,,,,,,,,,,,,,,,,,,,,,,,,,,,,,,,,,,,,,,,,,,,,,,,,,,,,,,,,,,,,,,,,
2026-01-16T08:07:14.494618Z,5615,DC01.pirate.htb,Microsoft-Windows-WMI,Application,3454,4,,,,,,,,,,,,,,,,,,,,,,,,,,,,,,,,,,,,,,,,,,,,,,,,,,,,,,,,,,,,,,,,,,,,,,,,,,
2026-01-16T08:07:15.047183Z,5617,DC01.pirate.htb,Microsoft-Windows-WMI,Application,3455,4,,,,,,,,,,,,,,,,,,,,,,,,,,,,,,,,,,,,,,,,,,,,,,,,,,,,,,,,,,,,,,,,,,,,,,,,,,
2026-01-16T08:07:30.222781Z,"{'#attributes': {'Qualifiers': 0}, '#text': 105}",DC01.pirate.htb,VMTools,Application,3456,4,,,,,,,,,,,,,,,,,,,,,,,,,,,,,,,,,,,,,,,,,,,,,,,,,,,,,,,,,,,,,,,,,,,,,,,,,,
2026-01-16T08:07:30.707163Z,"{'#attributes': {'Qualifiers': 16384}, '#text': 9027}",DC01.pirate.htb,Desktop Window Manager,Application,3457,4,,,,,,,,,,,,,,,,,,,,,,,,,,,,,,,,,,,,,,,,,,,,,,,,,,,,,,,,,,,,,,,,,,,,,,,,,,
2026-01-16T08:07:31.363408Z,"{'#attributes': {'Qualifiers': 0}, '#text': 258}",DC01.pirate.htb,VMUpgradeHelper,Application,3458,4,,,,,,,,,,,,,,,,,,,,,,,,,,,,,,,,,,,,,,,,,,,,,,,,,,,,,,,,,,,,,,,,,,,,,,,,,,
2026-01-16T08:07:31.488399Z,"{'#attributes': {'Qualifiers': 16384}, '#text': 781}",DC01.pirate.htb,Microsoft-Windows-Complus,Application,3459,4,,,,,,,,,,,,,,,,,,,,,,,,,,,,,,,,,,,,,,,,,,,,,,,,,,,,,,,,,,,,,,,86400,,,,SuppressDuplicateDuration,Software\Microsoft\COM3\Eventlog,,,,,,
2026-01-16T08:07:31.597797Z,"{'#attributes': {'Qualifiers': 0}, '#text': 271}",DC01.pirate.htb,VMUpgradeHelper,Application,3460,4,,,,,,,,,,,,,,,,,,,,,,,,,,,,,,,,,,,,,,,,,,,,,,,,,,,,,,,,,,,,,,,,,,,,,,,,,,
2026-01-16T08:07:31.941539Z,"{'#attributes': {'Qualifiers': 16384}, '#text': 4202}",DC01.pirate.htb,Microsoft-Windows-MSDTC 2,Application,3461,4,,,,,,,,,,,,,,,,,,,,,,,,,,,,,,,,,,,,,,,,,,,,,,,,,,,,,,,,,,,,,,,0,0,0,1,0,0,0,0,0,1,Mutual Authentication Required,NT AUTHORITY\NetworkService
2026-01-16T08:07:53.785289Z,"{'#attributes': {'Qualifiers': 0}, '#text': 102}",DC01.pirate.htb,ESENT,Application,3462,4,,,,,,,,,,,,certsrv.exe,"2724,P,98",,,,,,,,,,,,,,,0,10,00,17763,0000,,,,,,,,,,,,,,,,,,,,,,,,,,,,,,,,,,,,,,,,,,
2026-01-16T08:07:53.800904Z,"{'#attributes': {'Qualifiers': 0}, '#text': 105}",DC01.pirate.htb,ESENT,Application,3463,4,,,,,,,,,,,,certsrv.exe,"2724,D,0",,,,,,,,,,,,,,,0,0,"
[1] 0.001749 +J(0) +M(C:0K, Fs:171, WS:676K # 676K, PF:2852K # 2588K, P:2852K)
[2] 0.000718 +J(0) +M(C:3200K, Fs:142, WS:552K # 552K, PF:3684K # 3680K, P:3684K)
[3] 0.000021 +J(0) +M(C:0K, Fs:4, WS:12K # 12K, PF:68K # 68K, P:68K)
[4] 0.000077 +J(0) +M(C:0K, Fs:14, WS:56K # 56K, PF:492K # 492K, P:492K)
[5] 0.000681 +J(0) +M(C:0K, Fs:7, WS:28K # 28K, PF:24K # 24K, P:24K)
[6] 0.013094 +J(0) +M(C:0K, Fs:24, WS:96K # 96K, PF:12K # 12K, P:12K)
[7] 0.008083 -0.006120 (5) WT +J(0) +M(C:0K, Fs:275, WS:1096K # 1096K, PF:1028K # 1028K, P:1028K)
[8] -
[9] -
[10] -
[11] -
[12] -
[13] 0.009533 -0.006037 (6) WT +J(CM:0, PgRf:0, Rd:0/0, Dy:0/0, Lg:616/1) +M(C:0K, Fs:8, WS:-1000K # 16K, PF:-1020K # 12K, P:-1020K)
[14] 0.000018 +J(0) +M(C:0K, Fs:1, WS:4K # 0K, PF:0K # 0K, P:0K)
[15] 0.000144 +J(0) +M(C:0K, Fs:100, WS:400K # 0K, PF:64K # 0K, P:64K)
[16] 0.000589 -0.000461 (1) WT +J(0) +M(C:0K, Fs:2, WS:0K # 0K, PF:0K # 0K, P:0K).",,,,,,,,,,,,,,,,,,,,,,,,,,,,,,,,,,,,,,,,,,,,
2026-01-16T08:07:53.816533Z,"{'#attributes': {'Qualifiers': 0}, '#text': 326}",DC01.pirate.htb,ESENT,Application,3464,4,,,,,,,,,,,,certsrv.exe,"2724,D,50",,,,,,,,,,,,,,,1,C:\Windows\system32\CertLog\pirate-DC01-CA.edb,0,"
[1] 0.000004 +J(0) +M(C:0K, Fs:1, WS:4K # 0K, PF:0K # 0K, P:0K)
[2] 0.001627 -0.001430 (1) WT +J(0) +M(C:0K, Fs:18, WS:8K # 0K, PF:4K # 0K, P:4K)
[3] 0.009293 -0.004462 (6) WT +J(CM:0, PgRf:0, Rd:0/0, Dy:0/0, Lg:3480/2) +M(C:0K, Fs:30, WS:112K # 0K, PF:144K # 0K, P:144K)
[4] 0.000216 +J(0)
[5] -
[6] -
[7] -
[8] 0.000931 -0.000701 (2) CM -0.000627 (2) WT +J(CM:2, PgRf:2, Rd:14/2, Dy:0/0, Lg:0/0) +M(C:0K, Fs:50, WS:200K # 0K, PF:128K # 0K, P:128K)
[9] 0.001337 -0.001107 (3) CM -0.000986 (3) WT +J(CM:3, PgRf:23, Rd:0/2, Dy:0/0, Lg:0/0) +M(C:0K, Fs:22, WS:88K # 0K, PF:196K # 0K, P:196K)
[10] 0.000472 -0.000352 (1) CM -0.000292 (1) WT +J(CM:1, PgRf:40, Rd:0/1, Dy:0/0, Lg:0/0) +M(C:0K, Fs:3, WS:12K # 0K, PF:64K # 0K, P:64K)
[11] 0.000016 +J(CM:0, PgRf:1, Rd:0/0, Dy:0/0, Lg:0/0) +M(C:0K, Fs:2, WS:8K # 0K, PF:0K # 0K, P:0K)
[12] 0.000051 +J(CM:0, PgRf:42, Rd:0/0, Dy:0/0, Lg:0/0)
[13] 0.0 +J(0)
[14] 0.0 +J(0)
[15] 0.000006 +J(CM:0, PgRf:1, Rd:0/0, Dy:0/0, Lg:0/0).",0 0,lgposAttach = 00000002:005B:0268,,,,,,,,,,,,,,,,,,,,,,,,,,,,,,,,,,,,,,,,,
2026-01-16T08:07:54.060506Z,44,DC01.pirate.htb,Microsoft-Windows-CertificationAuthority,Application,3465,2,,,,,,,,,,,,,,,,,,,,,,,,,,,,,,,,,,,,0x8007054b (1355),,The specified domain either does not exist or could not be contacted.,,,,,,Initialize,,,,Windows default,,,,,,,,,,MSG_E_POLICY_ERROR,,,,,,,,,,,"The Active Directory containing the Certification Authority could not be contacted.
",,,,,
2026-01-16T08:07:54.077097Z,26,DC01.pirate.htb,Microsoft-Windows-CertificationAuthority,Application,3466,4,,,,,,pirate-DC01-CA,,,,  DC=,,,,,,,,,,,,,,,,,,,,,,,,,,,,,,,,,,,,,,,,,,,,,,,,MSG_I_SERVER_STARTED,,,,,,,,,,,,,,,,
2026-01-16T08:07:54.722782Z,"{'#attributes': {'Qualifiers': 32768}, '#text': 6003}",DC01.pirate.htb,Microsoft-Windows-Winlogon,Application,3467,4,,,,D9060000,,,,,,,SessionEnv,,,,,,,,,,,,,,,,,,,,,,,,,,,,,,,,,,,,,,,,,,,,,,,,,,,,,,,,,,,,,,,
2026-01-16T08:07:55.347773Z,"{'#attributes': {'Qualifiers': 32768}, '#text': 6000}",DC01.pirate.htb,Microsoft-Windows-Winlogon,Application,3468,4,,,,D9060000,,,,,,,SessionEnv,,,,,,,,,,,,,,,,,,,,,,,,,,,,,,,,,,,,,,,,,,,,,,,,,,,,,,,,,,,,,,,
2026-01-16T08:09:31.915987Z,"{'#attributes': {'Qualifiers': 16384}, '#text': 900}",DC01.pirate.htb,Microsoft-Windows-Security-SPP,Application,3469,4,,,,,,,,,,,<explicit>,,,,,,,,,,,,,,,,,,,,,,,,,,,,,,,,,,,,,,,,,,,,,,,,,,,,,,,,,,,,,,,
2026-01-16T08:09:32.360216Z,"{'#attributes': {'Qualifiers': 49152}, '#text': 16394}",DC01.pirate.htb,Microsoft-Windows-Security-SPP,Application,3470,4,,,,,,,,,,,,,,,,,,,,,,,,,,,,,,,,,,,,,,,,,,,,,,,,,,,,,,,,,,,,,,,,,,,,,,,,,,
2026-01-16T08:09:32.500802Z,"{'#attributes': {'Qualifiers': 16384}, '#text': 1066}",DC01.pirate.htb,Microsoft-Windows-Security-SPP,Application,3471,4,,,,,,,,,,,"C:\Windows\system32\sppwinob.dll, msft:spp/windowsfunctionality/agent/7.0, 0x00000000, 0x00000000
C:\Windows\system32\sppobjs.dll, msft:rm/algorithm/inherited/1.0, 0x00000000, 0x00000000
C:\Windows\system32\sppobjs.dll, msft:rm/algorithm/phone/1.0, 0x00000000, 0x00000000
C:\Windows\system32\sppobjs.dll, msft:rm/algorithm/pkey/detect, 0x00000000, 0x00000000
C:\Windows\system32\sppobjs.dll, msft:spp/ActionScheduler/1.0, 0x00000000, 0x00000000
C:\Windows\system32\sppobjs.dll, msft:spp/TaskScheduler/1.0, 0x00000000, 0x00000000
C:\Windows\system32\sppobjs.dll, msft:spp/statecollector/pkey, 0x00000000, 0x00000000
C:\Windows\system32\sppobjs.dll, msft:spp/volume/services/kms/1.0, 0x00000000, 0x00000000
C:\Windows\system32\sppobjs.dll, msft:spp/volume/services/kms/activationinfo/1.0, 0x00000000, 0x00000000
",,,,,,,,,,,,,,,,,,,,,,,,,,,,,,,,,,,,,,,,,,,,,,,,,,,,,,,,,,,,,,,
2026-01-16T08:09:32.719549Z,"{'#attributes': {'Qualifiers': 16384}, '#text': 1003}",DC01.pirate.htb,Microsoft-Windows-Security-SPP,Application,3472,4,,,,,,,,,,,,55c92734-d682-4d71-983e-d6ec3f16059f,"
1: 22105925-48c3-4ff4-a294-f654bb27e390, 1, 0 [(0 [0xC004F014, 0, 0], [(?)(?)(?)(?)(?)(?)(?)(?)])(1 )(2 )(3 )]
2: 281c216a-5957-439b-adf2-aff4098a2bdd, 1, 0 [(0 [0xC004F014, 0, 0], [(?)(?)(?)(?)(?)(?)(?)(?)])(1 )(2 )(3 )]
3: 2e7a9ad1-a849-4b56-babe-17d5a29fe4b4, 1, 0 [(0 [0xC004F014, 0, 0], [(?)(?)(?)(?)(?)(?)(?)(?)])(1 )(2 )(3 )]
4: 3c006fa7-3b03-45a4-93da-63ddc1bdce11, 1, 0 [(0 [0xC004F014, 0, 0], [(?)(?)(?)(?)(?)(?)(?)(?)])(1 )(2 )(3 )]
5: 4285bbda-6219-4c1a-98e9-859e60d669fb, 1, 0 [(0 [0xC004F014, 0, 0], [(?)(?)(?)(?)(?)(?)(?)(?)])(1 )(2 )(3 )]
6: 44a5b4c3-e4b1-483b-81e8-0f78f4d98283, 1, 0 [(0 [0xC004F014, 0, 0], [(?)(?)(?)(?)(?)(?)(?)(?)])(1 )(2 )(3 )]
7: 661f7658-7035-4b4c-9f35-010682943ec2, 1, 0 [(0 [0xC004F014, 0, 0], [(?)(?)(?)(?)(?)(?)(?)(?)])(1 )(2 )(3 )]
8: 6bad0243-1c35-46b2-b8e6-7a853e37413f, 1, 0 [(0 [0xC004F014, 0, 0], [(?)(?)(?)(?)(?)(?)(?)(?)])(1 )(2 )(3 )]
9: 82fcf64d-f9dd-4411-9c79-f2eed16d4eb8, 1, 0 [(0 [0xC004F014, 0, 0], [(?)(?)(?)(?)(?)(?)(?)(?)])(1 )(2 )(3 )]
10: 84e331f6-4279-48c4-ab10-b75139181351, 1, 0 [(0 [0xC004F014, 0, 0], [(?)(?)(?)(?)(?)(?)(?)(?)])(1 )(2 )(3 )]
11: 8ea56c31-fe6e-4d56-9d17-8dc1ab35dd8b, 1, 0 [(0 [0xC004F014, 0, 0], [(?)(?)(?)(?)(?)(?)(?)(?)])(1 )(2 )(3 )]
12: 92114319-12ea-4bca-9d63-8740de9feff3, 1, 1 [(0 )(1 [0x00000000, 1, 0], [(?)( 1 0x00000000)(?)( 2 0x00000000 0 0 msft:rm/algorithm/phone/1.0 0x00000000 0)(?)(?)( 10 0x00000000 msft:rm/algorithm/flags/1.0)(?)])(2 )(3 )]
13: 9db83b52-9904-4326-8957-ebe6feedf37c, 1, 0 [(0 [0xC004F014, 0, 0], [(?)(?)(?)(?)(?)(?)(?)(?)])(1 )(2 )(3 )]
14: c2d23e1f-ee3e-4533-9094-e6dc0b8aa049, 1, 0 [(0 [0xC004F014, 0, 0], [(?)(?)(?)(?)(?)(?)(?)(?)])(1 )(2 )(3 )]
15: d07edbd8-02cb-49b1-8358-f2de7afd8a4d, 1, 0 [(0 [0xC004F014, 0, 0], [(?)(?)(?)(?)(?)(?)(?)(?)])(1 )(2 )(3 )]
16: de32eafd-aaee-4662-9444-c1befb41bde2, 1, 0 [(0 [0xC004F014, 0, 0], [(?)(?)(?)(?)(?)(?)(?)(?)])(1 )(2 )(3 )]
17: e73aabfa-12bc-4705-b551-2dd076bebc7d, 1, 0 [(0 [0xC004F014, 0, 0], [(?)(?)(?)(?)(?)(?)(?)(?)])(1 )(2 )(3 )]
18: e936f630-5125-4a39-b1de-544d6c036491, 1, 0 [(0 [0xC004F014, 0, 0], [(?)(?)(?)(?)(?)(?)(?)(?)])(1 )(2 )(3 )]
19: fd946594-6f0d-4c5c-9bf7-f5f628ecd0b9, 1, 0 [(0 [0xC004F014, 0, 0], [(?)(?)(?)(?)(?)(?)(?)(?)])(1 )(2 )(3 )]

",,,,,,,,,,,,,,,,,,,,,,,,,,,,,,,,,,,,,,,,,,,,,,,,,,,,,,,,,,,,,
2026-01-16T08:09:32.750837Z,"{'#attributes': {'Qualifiers': 16384}, '#text': 902}",DC01.pirate.htb,Microsoft-Windows-Security-SPP,Application,3473,0,,,,,,,,,,,10.0.17763.8276,,,,,,,,,,,,,,,,,,,,,,,,,,,,,,,,,,,,,,,,,,,,,,,,,,,,,,,,,,,,,,,
2026-01-16T08:10:02.854983Z,"{'#attributes': {'Qualifiers': 16384}, '#text': 16384}",DC01.pirate.htb,Microsoft-Windows-Security-SPP,Application,3474,4,,,,,,,,,,,,2125-12-23T08:10:02Z,RulesEngine,,,,,,,,,,,,,,,,,,,,,,,,,,,,,,,,,,,,,,,,,,,,,,,,,,,,,,,,,,,,,
2026-01-16T08:10:02.870562Z,"{'#attributes': {'Qualifiers': 16384}, '#text': 903}",DC01.pirate.htb,Microsoft-Windows-Security-SPP,Application,3475,0,,,,,,,,,,,,,,,,,,,,,,,,,,,,,,,,,,,,,,,,,,,,,,,,,,,,,,,,,,,,,,,,,,,,,,,,,,
2026-01-16T08:10:32.212728Z,"{'#attributes': {'Qualifiers': 0}, '#text': 8224}",DC01.pirate.htb,VSS,Application,3476,4,,,,2D20436F64653A2020434F525356434330303030303737332D2043616C6C3A2020434F525356434330303030303735352D205049443A202030303030333638382D205449443A202030303030333730382D20434D443A2020433A5C57696E646F77735C73797374656D33325C76737376632E6578652020202D20557365723A204E616D653A204E5420415554484F524954595C53595354454D2C205349443A532D312D352D313820,,,,,,,,,,,,,,,,,,,,,,,,,,,,,,,,,,,,,,,,,,,,,,,,,,,,,,,,,,,,,,,,,,,,,,
2026-01-16T08:12:43.089460Z,"{'#attributes': {'Qualifiers': 0}, '#text': 102}",DC01.pirate.htb,ESENT,Application,3477,4,,,,,,,,,,,,DFSRs,"2788,P,98",,,,,,,,,,,\\.\C:\System Volume Information\DFSR\database_1E64_8720_6486_FA33\dfsr.db: ,,,,0,10,00,17763,0000,,,,,,,,,,,,,,,,,,,,,,,,,,,,,,,,,,,,,,,,,,
2026-01-16T08:12:43.167541Z,"{'#attributes': {'Qualifiers': 0}, '#text': 105}",DC01.pirate.htb,ESENT,Application,3478,4,,,,,,,,,,,,DFSRs,"2788,D,0",,,,,,,,,,,\\.\C:\System Volume Information\DFSR\database_1E64_8720_6486_FA33\dfsr.db: ,,,,0,0,"
[1] 0.007998 +J(0) +M(C:0K, Fs:259, WS:1012K # 1012K, PF:6384K # 6264K, P:6384K)
[2] 0.000431 +J(0) +M(C:16K, Fs:94, WS:368K # 368K, PF:312K # 312K, P:312K)
[3] 0.000028 +J(0) +M(C:0K, Fs:5, WS:16K # 16K, PF:68K # 68K, P:68K)
[4] 0.000246 +J(0) +M(C:2032K, Fs:39, WS:152K # 152K, PF:2444K # 2444K, P:2444K)
[5] 0.001030 +J(0) +M(C:0K, Fs:8, WS:32K # 32K, PF:24K # 24K, P:24K)
[6] 0.004220 +J(0) +M(C:0K, Fs:17, WS:64K # 64K, PF:16K # 16K, P:16K)
[7] 0.040240 -0.033132 (21) WT +J(0) +M(C:0K, Fs:1300, WS:5192K # 5192K, PF:5128K # 5128K, P:5128K)
[8] -
[9] -
[10] -
[11] -
[12] -
[13] 0.027306 -0.019584 (22) WT +J(CM:0, PgRf:0, Rd:0/0, Dy:0/0, Lg:616/1) +M(C:0K, Fs:8, WS:-5096K # 16K, PF:-5120K # 16K, P:-5120K)
[14] 0.000026 +J(0) +M(C:0K, Fs:1, WS:4K # 0K, PF:0K # 0K, P:0K)
[15] 0.000105 +J(0) +M(C:0K, Fs:64, WS:256K # 0K, PF:64K # 0K, P:64K)
[16] 0.000424 -0.000233 (1) WT +J(0) +M(C:0K, Fs:2, WS:0K # 0K, PF:0K # 0K, P:0K).",,,,,,,,,,,,,,,,,,,,,,,,,,,,,,,,,,,,,,,,,,,,
2026-01-16T08:12:43.198796Z,"{'#attributes': {'Qualifiers': 0}, '#text': 326}",DC01.pirate.htb,ESENT,Application,3479,4,,,,,,,,,,,,DFSRs,"2788,D,50",,,,,,,,,,,\\.\C:\System Volume Information\DFSR\database_1E64_8720_6486_FA33\dfsr.db: ,,,,1,\\.\C:\System Volume Information\DFSR\database_1E64_8720_6486_FA33\dfsr.db,0,"
[1] 0.000006 +J(0) +M(C:0K, Fs:1, WS:4K # 0K, PF:0K # 0K, P:0K)
[2] 0.001936 -0.001649 (1) WT +J(0) +M(C:0K, Fs:19, WS:12K # 0K, PF:8K # 0K, P:8K)
[3] 0.025177 -0.009636 (6) WT +J(CM:0, PgRf:0, Rd:0/0, Dy:0/0, Lg:3480/2) +M(C:0K, Fs:31, WS:116K # 0K, PF:148K # 0K, P:148K)
[4] 0.000117 +J(0)
[5] -
[6] -
[7] -
[8] 0.001294 -0.000834 (2) CM -0.000694 (2) WT +J(CM:2, PgRf:2, Rd:14/2, Dy:0/0, Lg:0/0) +M(C:-8K, Fs:68, WS:264K # 0K, PF:120K # 0K, P:120K)
[9] 0.002346 -0.001880 (2) CM -0.001802 (2) WT +J(CM:2, PgRf:23, Rd:0/1, Dy:0/0, Lg:0/0) +M(C:-12K, Fs:20, WS:68K # 0K, PF:188K # 0K, P:188K)
[10] 0.000531 -0.000374 (1) CM -0.000299 (1) WT +J(CM:1, PgRf:40, Rd:0/1, Dy:0/0, Lg:0/0) +M(C:-4K, Fs:4, WS:12K # 0K, PF:60K # 0K, P:60K)
[11] 0.000015 +J(CM:0, PgRf:1, Rd:0/0, Dy:0/0, Lg:0/0) +M(C:0K, Fs:2, WS:8K # 0K, PF:0K # 0K, P:0K)
[12] 0.000032 +J(CM:0, PgRf:36, Rd:0/0, Dy:0/0, Lg:0/0)
[13] 0.0 +J(0)
[14] 0.0 +J(0)
[15] 0.000006 +J(CM:0, PgRf:1, Rd:0/0, Dy:0/0, Lg:0/0).",0 0,lgposAttach = 00000020:0193:0268,,,,,,,,,,,,,,,,,,,,,,,,,,,,,,,,,,,,,,,,,
2026-01-16T08:13:21.990934Z,1001,DC01.pirate.htb,Microsoft-Windows-LoadPerf,Application,3480,4,,,,,,,,,,,,,,,,,,,,,,,,,,,,,,,,,,,,,,,,,,,,,,,,,,,,,,,,,,,LoadPerf,3837000039370000D2050000,12,,WmiApRpl,,,,WmiApRpl,,,,,,,
2026-01-16T08:13:22.048837Z,1000,DC01.pirate.htb,Microsoft-Windows-LoadPerf,Application,3481,4,,,,,,,,,,,,,,,,,,,,,,,,,,,,,,,,,,,,,,,,,,,,,,,,,,,,,,,,,,,LoadPerf,3A3700000A3800003B3700000B380000,16,,WmiApRpl,,,,WmiApRpl,,,,,,,
2026-01-16T08:41:26.053090Z,"{'#attributes': {'Qualifiers': 32768}, '#text': 6000}",DC01.pirate.htb,Microsoft-Windows-Winlogon,Application,3482,4,,,,D9060000,,,,,,,WSearch,,,,,,,,,,,,,,,,,,,,,,,,,,,,,,,,,,,,,,,,,,,,,,,,,,,,,,,,,,,,,,,
2026-01-16T08:41:26.131221Z,"{'#attributes': {'Qualifiers': 32768}, '#text': 6000}",DC01.pirate.htb,Microsoft-Windows-Winlogon,Application,3483,4,,,,D9060000,,,,,,,SessionEnv,,,,,,,,,,,,,,,,,,,,,,,,,,,,,,,,,,,,,,,,,,,,,,,,,,,,,,,,,,,,,,,
2026-01-16T08:41:26.349971Z,"{'#attributes': {'Qualifiers': 0}, '#text': 260}",DC01.pirate.htb,VMUpgradeHelper,Application,3484,4,,,,,,,,,,,,,,,,,,,,,,,,,,,,,,,,,,,,,,,,,,,,,,,,,,,,,,,,,,,,,,,,,,,,,,,,,,
2026-01-16T08:41:26.349971Z,"{'#attributes': {'Qualifiers': 0}, '#text': 272}",DC01.pirate.htb,VMUpgradeHelper,Application,3485,4,,,,,,,,,,,,,,,,,,,,,,,,,,,,,,,,,,,,,,,,,,,,,,,,,,,,,,,,,,,,,,,,,,,,,,,,,,
2026-01-16T08:41:26.349971Z,"{'#attributes': {'Qualifiers': 0}, '#text': 108}",DC01.pirate.htb,VMTools,Application,3486,4,,,,,,,,,,,,,,,,,,,,,,,,,,,,,,,,,,,,,,,,,,,,,,,,,,,,,,,,,,,,,,,,,,,,,,,,,,
2026-01-16T08:41:26.658093Z,1532,DC01.pirate.htb,Microsoft-Windows-User Profiles Service,Application,3487,4,,,,,,,,,,,,,,,,,,,,,,,,,,,,,,,,,,,,,,,,,,,,,,,,,,,,,,,,,,,,,,,,,,,,,,,,,,
2026-01-16T08:50:12.267093Z,"{'#attributes': {'Qualifiers': 16384}, '#text': 4625}",DC01,Microsoft-Windows-EventSystem,Application,3488,4,,,,,,,,,,,,,,,,,,,,,,,,,,,,,,,,,,,,,,,,,,,,,,,,,,,,,,,,,,,,,,,86400,,,,SuppressDuplicateDuration,Software\Microsoft\EventSystem\EventLog,,,,,,
2026-01-16T08:41:27.053027Z,38,DC01.pirate.htb,Microsoft-Windows-CertificationAuthority,Application,3489,4,,,,,,pirate-DC01-CA,,,,,,,,,,,,,,,,,,,,,,,,,,,,,,,,,,,,,,,,,,,,,,,,,,,,MSG_I_SERVER_STOPPED,,,,,,,,,,,,,,,,
2026-01-16T08:50:12.298774Z,1531,DC01.pirate.htb,Microsoft-Windows-User Profiles Service,Application,3490,4,,,,,,,,,,,,,,,,,,,,,,,,,,,,,,,,,,,,,,,,,,,,,,,,,,,,,,,,,,,,,,,,,,,,,,,,,,
2026-01-16T08:50:12.590562Z,5615,DC01.pirate.htb,Microsoft-Windows-WMI,Application,3491,4,,,,,,,,,,,,,,,,,,,,,,,,,,,,,,,,,,,,,,,,,,,,,,,,,,,,,,,,,,,,,,,,,,,,,,,,,,
2026-01-16T08:50:13.226704Z,5617,DC01.pirate.htb,Microsoft-Windows-WMI,Application,3492,4,,,,,,,,,,,,,,,,,,,,,,,,,,,,,,,,,,,,,,,,,,,,,,,,,,,,,,,,,,,,,,,,,,,,,,,,,,
2026-01-16T08:50:28.139860Z,"{'#attributes': {'Qualifiers': 0}, '#text': 105}",DC01.pirate.htb,VMTools,Application,3493,4,,,,,,,,,,,,,,,,,,,,,,,,,,,,,,,,,,,,,,,,,,,,,,,,,,,,,,,,,,,,,,,,,,,,,,,,,,
2026-01-16T08:50:28.733616Z,"{'#attributes': {'Qualifiers': 16384}, '#text': 9027}",DC01.pirate.htb,Desktop Window Manager,Application,3494,4,,,,,,,,,,,,,,,,,,,,,,,,,,,,,,,,,,,,,,,,,,,,,,,,,,,,,,,,,,,,,,,,,,,,,,,,,,
2026-01-16T08:50:30.077358Z,"{'#attributes': {'Qualifiers': 0}, '#text': 258}",DC01.pirate.htb,VMUpgradeHelper,Application,3495,4,,,,,,,,,,,,,,,,,,,,,,,,,,,,,,,,,,,,,,,,,,,,,,,,,,,,,,,,,,,,,,,,,,,,,,,,,,
2026-01-16T08:50:30.202363Z,"{'#attributes': {'Qualifiers': 16384}, '#text': 781}",DC01.pirate.htb,Microsoft-Windows-Complus,Application,3496,4,,,,,,,,,,,,,,,,,,,,,,,,,,,,,,,,,,,,,,,,,,,,,,,,,,,,,,,,,,,,,,,86400,,,,SuppressDuplicateDuration,Software\Microsoft\COM3\Eventlog,,,,,,
2026-01-16T08:50:30.311738Z,"{'#attributes': {'Qualifiers': 0}, '#text': 271}",DC01.pirate.htb,VMUpgradeHelper,Application,3497,4,,,,,,,,,,,,,,,,,,,,,,,,,,,,,,,,,,,,,,,,,,,,,,,,,,,,,,,,,,,,,,,,,,,,,,,,,,
2026-01-16T08:50:30.592978Z,"{'#attributes': {'Qualifiers': 16384}, '#text': 4202}",DC01.pirate.htb,Microsoft-Windows-MSDTC 2,Application,3498,4,,,,,,,,,,,,,,,,,,,,,,,,,,,,,,,,,,,,,,,,,,,,,,,,,,,,,,,,,,,,,,,0,0,0,1,0,0,0,0,0,1,Mutual Authentication Required,NT AUTHORITY\NetworkService
2026-01-16T08:50:51.811729Z,"{'#attributes': {'Qualifiers': 0}, '#text': 102}",DC01.pirate.htb,ESENT,Application,3499,4,,,,,,,,,,,,certsrv.exe,"2800,P,98",,,,,,,,,,,,,,,0,10,00,17763,0000,,,,,,,,,,,,,,,,,,,,,,,,,,,,,,,,,,,,,,,,,,
2026-01-16T08:50:51.874229Z,"{'#attributes': {'Qualifiers': 0}, '#text': 105}",DC01.pirate.htb,ESENT,Application,3500,4,,,,,,,,,,,,certsrv.exe,"2800,D,0",,,,,,,,,,,,,,,0,0,"
[1] 0.001652 +J(0) +M(C:0K, Fs:164, WS:648K # 648K, PF:2852K # 2584K, P:2852K)
[2] 0.000495 +J(0) +M(C:3200K, Fs:142, WS:556K # 556K, PF:3684K # 3684K, P:3684K)
[3] 0.000016 +J(0) +M(C:0K, Fs:4, WS:12K # 12K, PF:68K # 68K, P:68K)
[4] 0.000355 +J(0) +M(C:0K, Fs:15, WS:60K # 60K, PF:492K # 492K, P:492K)
[5] 0.000564 +J(0) +M(C:0K, Fs:6, WS:24K # 24K, PF:20K # 20K, P:20K)
[6] 0.007789 +J(0) +M(C:0K, Fs:29, WS:116K # 116K, PF:12K # 12K, P:12K)
[7] 0.024888 -0.017863 (5) WT +J(0) +M(C:0K, Fs:275, WS:1096K # 1096K, PF:1028K # 1028K, P:1028K)
[8] -
[9] -
[10] -
[11] -
[12] -
[13] 0.024232 -0.008987 (6) WT +J(CM:0, PgRf:0, Rd:0/0, Dy:0/0, Lg:616/1) +M(C:0K, Fs:7, WS:-1004K # 16K, PF:-1024K # 12K, P:-1024K)
[14] 0.000025 +J(0) +M(C:0K, Fs:2, WS:8K # 0K, PF:0K # 0K, P:0K)
[15] 0.000417 +J(0) +M(C:0K, Fs:100, WS:400K # 0K, PF:64K # 0K, P:64K)
[16] 0.003664 -0.003230 (1) WT +J(0) +M(C:0K, Fs:2, WS:0K # 0K, PF:0K # 0K, P:0K).",,,,,,,,,,,,,,,,,,,,,,,,,,,,,,,,,,,,,,,,,,,,
2026-01-16T08:50:51.905535Z,"{'#attributes': {'Qualifiers': 0}, '#text': 326}",DC01.pirate.htb,ESENT,Application,3501,4,,,,,,,,,,,,certsrv.exe,"2800,D,50",,,,,,,,,,,,,,,1,C:\Windows\system32\CertLog\pirate-DC01-CA.edb,0,"
[1] 0.000007 +J(0) +M(C:0K, Fs:1, WS:4K # 0K, PF:0K # 0K, P:0K)
[2] 0.001873 -0.001507 (1) WT +J(0) +M(C:0K, Fs:18, WS:8K # 0K, PF:4K # 0K, P:4K)
[3] 0.019452 -0.010191 (6) WT +J(CM:0, PgRf:0, Rd:0/0, Dy:0/0, Lg:3480/2) +M(C:0K, Fs:31, WS:112K # 0K, PF:148K # 0K, P:148K)
[4] 0.000198 +J(0)
[5] -
[6] -
[7] -
[8] 0.000749 -0.000475 (2) CM -0.000344 (2) WT +J(CM:2, PgRf:2, Rd:14/2, Dy:0/0, Lg:0/0) +M(C:0K, Fs:50, WS:200K # 0K, PF:128K # 0K, P:128K)
[9] 0.003627 -0.003378 (3) CM -0.003242 (3) WT +J(CM:3, PgRf:23, Rd:0/2, Dy:0/0, Lg:0/0) +M(C:0K, Fs:22, WS:88K # 0K, PF:196K # 0K, P:196K)
[10] 0.000966 -0.000841 (1) CM -0.000729 (1) WT +J(CM:1, PgRf:40, Rd:0/1, Dy:0/0, Lg:0/0) +M(C:0K, Fs:3, WS:12K # 0K, PF:64K # 0K, P:64K)
[11] 0.000016 +J(CM:0, PgRf:1, Rd:0/0, Dy:0/0, Lg:0/0) +M(C:0K, Fs:2, WS:8K # 0K, PF:0K # 0K, P:0K)
[12] 0.000049 +J(CM:0, PgRf:42, Rd:0/0, Dy:0/0, Lg:0/0)
[13] 0.0 +J(0)
[14] 0.0 +J(0)
[15] 0.000006 +J(CM:0, PgRf:1, Rd:0/0, Dy:0/0, Lg:0/0).",0 0,lgposAttach = 00000002:0064:0268,,,,,,,,,,,,,,,,,,,,,,,,,,,,,,,,,,,,,,,,,
2026-01-16T08:50:52.201082Z,44,DC01.pirate.htb,Microsoft-Windows-CertificationAuthority,Application,3502,2,,,,,,,,,,,,,,,,,,,,,,,,,,,,,,,,,,,,0x8007054b (1355),,The specified domain either does not exist or could not be contacted.,,,,,,Initialize,,,,Windows default,,,,,,,,,,MSG_E_POLICY_ERROR,,,,,,,,,,,"The Active Directory containing the Certification Authority could not be contacted.
",,,,,
2026-01-16T08:50:52.217491Z,26,DC01.pirate.htb,Microsoft-Windows-CertificationAuthority,Application,3503,4,,,,,,pirate-DC01-CA,,,,  DC=,,,,,,,,,,,,,,,,,,,,,,,,,,,,,,,,,,,,,,,,,,,,,,,,MSG_I_SERVER_STARTED,,,,,,,,,,,,,,,,
2026-01-16T08:50:52.905519Z,"{'#attributes': {'Qualifiers': 32768}, '#text': 6003}",DC01.pirate.htb,Microsoft-Windows-Winlogon,Application,3504,4,,,,D9060000,,,,,,,SessionEnv,,,,,,,,,,,,,,,,,,,,,,,,,,,,,,,,,,,,,,,,,,,,,,,,,,,,,,,,,,,,,,,
2026-01-16T08:50:53.655476Z,"{'#attributes': {'Qualifiers': 32768}, '#text': 6000}",DC01.pirate.htb,Microsoft-Windows-Winlogon,Application,3505,4,,,,D9060000,,,,,,,SessionEnv,,,,,,,,,,,,,,,,,,,,,,,,,,,,,,,,,,,,,,,,,,,,,,,,,,,,,,,,,,,,,,,
2026-01-16T08:52:16.463517Z,"{'#attributes': {'Qualifiers': 32768}, '#text': 6000}",DC01.pirate.htb,Microsoft-Windows-Winlogon,Application,3506,4,,,,D9060000,,,,,,,WSearch,,,,,,,,,,,,,,,,,,,,,,,,,,,,,,,,,,,,,,,,,,,,,,,,,,,,,,,,,,,,,,,
2026-01-16T08:52:16.541642Z,"{'#attributes': {'Qualifiers': 32768}, '#text': 6000}",DC01.pirate.htb,Microsoft-Windows-Winlogon,Application,3507,4,,,,D9060000,,,,,,,SessionEnv,,,,,,,,,,,,,,,,,,,,,,,,,,,,,,,,,,,,,,,,,,,,,,,,,,,,,,,,,,,,,,,
2026-01-16T08:52:20.441714Z,"{'#attributes': {'Qualifiers': 0}, '#text': 260}",DC01.pirate.htb,VMUpgradeHelper,Application,3508,4,,,,,,,,,,,,,,,,,,,,,,,,,,,,,,,,,,,,,,,,,,,,,,,,,,,,,,,,,,,,,,,,,,,,,,,,,,
2026-01-16T08:52:20.441714Z,"{'#attributes': {'Qualifiers': 0}, '#text': 272}",DC01.pirate.htb,VMUpgradeHelper,Application,3509,4,,,,,,,,,,,,,,,,,,,,,,,,,,,,,,,,,,,,,,,,,,,,,,,,,,,,,,,,,,,,,,,,,,,,,,,,,,
2026-01-16T08:52:20.441714Z,"{'#attributes': {'Qualifiers': 0}, '#text': 108}",DC01.pirate.htb,VMTools,Application,3510,4,,,,,,,,,,,,,,,,,,,,,,,,,,,,,,,,,,,,,,,,,,,,,,,,,,,,,,,,,,,,,,,,,,,,,,,,,,
2026-01-16T08:52:20.785454Z,"{'#attributes': {'Qualifiers': 16384}, '#text': 4111}",DC01.pirate.htb,Microsoft-Windows-MSDTC,Application,3511,4,,,,4D005300440054004300,,,,,,,,,,,,,,,,,,,,,,,,,,,,,,,,,,,,,,,,,,,,,,,,,,,,,,,,,,,,,,,,,,,,,,
2026-01-16T08:52:20.794191Z,1532,DC01.pirate.htb,Microsoft-Windows-User Profiles Service,Application,3512,4,,,,,,,,,,,,,,,,,,,,,,,,,,,,,,,,,,,,,,,,,,,,,,,,,,,,,,,,,,,,,,,,,,,,,,,,,,
2026-01-16T09:04:37.477062Z,"{'#attributes': {'Qualifiers': 16384}, '#text': 4625}",DC01,Microsoft-Windows-EventSystem,Application,3513,4,,,,,,,,,,,,,,,,,,,,,,,,,,,,,,,,,,,,,,,,,,,,,,,,,,,,,,,,,,,,,,,86400,,,,SuppressDuplicateDuration,Software\Microsoft\EventSystem\EventLog,,,,,,
2026-01-16T08:52:21.146520Z,38,DC01.pirate.htb,Microsoft-Windows-CertificationAuthority,Application,3514,4,,,,,,pirate-DC01-CA,,,,,,,,,,,,,,,,,,,,,,,,,,,,,,,,,,,,,,,,,,,,,,,,,,,,MSG_I_SERVER_STOPPED,,,,,,,,,,,,,,,,
2026-01-16T09:04:37.498624Z,1531,DC01.pirate.htb,Microsoft-Windows-User Profiles Service,Application,3515,4,,,,,,,,,,,,,,,,,,,,,,,,,,,,,,,,,,,,,,,,,,,,,,,,,,,,,,,,,,,,,,,,,,,,,,,,,,
2026-01-16T09:04:37.985855Z,5615,DC01.pirate.htb,Microsoft-Windows-WMI,Application,3516,4,,,,,,,,,,,,,,,,,,,,,,,,,,,,,,,,,,,,,,,,,,,,,,,,,,,,,,,,,,,,,,,,,,,,,,,,,,
