2026-01-16T00:35:56.075489Z,"{'#attributes': {'Qualifiers': 49152}, '#text': 8200}",DC01.pirate.htb,Microsoft-Windows-Security-SPP,Application,2796,2,,,,,,,,,,,,hr=0x80072EE7,"00010001(0x00000000, 16:35:46:138 - https://activation-v2.sls.microsoft.com/SLActivateProduct/SLActivateProduct.asmx?configextension=Retail)
00020001(0x00000000, 16:35:46:138)
00030001(0x00000000, 16:35:46:138 - https://activation-v2.sls.microsoft.com)
00030002(0x00000000, 16:35:46:138 - 0)
00040001(0x00000000, 16:35:46:138 - https://activation-v2.sls.microsoft.com)
00040002(0x00000000, 16:35:46:196 - 1, <NULL>, <NULL>, <NULL>)
00050002(0x80072F94, 16:35:46:196 - 0, 1)
00040006(0x00000001, 16:35:46:196 - 0, https://activation-v2.sls.microsoft.com, <N/A>, <N/A>)
00020005(0x00000000, 16:35:46:196 - 0)
00020008(0x80072EE7, 16:35:55:997 - SOAPAction: ""http://microsoft.com/SL/ProductActivationService/IssueToken""
Content-Type: text/xml; charset=utf-8
, <soap:Envelope xmlns:soap=""http://schemas.xmlsoap.org/soap/envelope/"" xmlns:xsi=""http://www.w3.org/2001/XMLSchema-instance"" xmlns:xsd=""http://www.w3.org/2001/XMLSchema"" xmlns:soapenc=""http://schemas.xmlsoap.org/soap/encoding/""><soap:Body><RequestSecurityToken xmlns=""http://schemas.xmlsoap.org/ws/2004/04/security/trust""><TokenType>ProductActivation</TokenType><RequestType>http://schemas.xmlsoap.org/ws/2004/04/security/trust/Issue</RequestType><UseKey><Values xmlns:q1=""http://schemas.xmlsoap.org/ws/2004/04/security/trust"" soapenc:arrayType=""q1:TokenEntry[1]""><TokenEntry><Name>PublishLicense</Name><Value>tImincMKqoc69cqTltbFofNhH8I6TBVzW/b0QLMcVYLHpVRUdXzBzvhLE69+c7JnZFm15oFpybMVtRD9zl2CCFIP+IupUz0yTWas4JfatO3Uak/kiA0EAgi7RPup8UHD6XBgLetkU3DJ2HbIDewJR6MsuvyuVwbKmnUtgoUxzeBQTE7KrcXkSKLNK9KktwZEPQULlvA/kd9UbBJFKx3711eeiq6M1oBWsrb5aeYLTK10lnWWdjJdXY+a3g+2DWqyYOSWKtdeVgyyscG0cfqvwifR3ho00HE/7OuaMPysn5b25QBI4XwnnDxxNposK2V39tnYw10jnuTfsfF0P8cLiW0+w0HHWGgzAHp6KCYCxLAzwBrYzMGwGJhaEtbOzkjET3lWOiSEk8mbVTm4Kyt+o3v6XMyvh5O/Slap2iyLqM4Ztsbrxr240pwrNSE94k1ssAZlIyDki3b6MWsf7jBoihTYO4pOT42rAvpVTkd3IDdQddguApQVpxZ6ExalQBmckIVtcuIJqN/rF20wybmCiwnRjCcKssViAZ0l+Caljs1XGIPO3VAiF/OG/Uen4/7CZ1zcHj+x3LeMLO8FQ8MsKgqjqGDwrm5MVoNro+pwNJb+TcKx6isDvHUqIOczzNG2oWzRhGJjQj28e0GJHl1H6NhqlOVkErC6UB9lweJXRjbp8xWMNC82RTXtYCQrVibMrqh7CICJQt0BSB1HzWB9U096M3YOBdD9b5iFvKhbnJOcFUxPGSXu3dFby0KdQAqdzxd0/8CxXTM/uRPCz66NnZ7GH0lku4b950AMJPm3TVotyW0tDtwuefxqTzcCBfdu+pjJjXwUZSHCkWI14MR2iLihpRpxskO6w95qmJoSTgB3OQdLO9vj7dkvSpPqCusD2BC75kXdpq9pNAR43Ifh3ByXVt8pxzJyTS+3yfGJqmvtcHSdWp9zm+ZAmDoghGh9jiIE880wNcrbCcx9PnUQlrf73QmTWj9gBlTjMl9DGszo0ChZ7EUdz/QP3cCqkhU82Yccu4fNqC8e9ZVuWPBY1wPIsrnvv2uLEu2qSgNyXVV5u8EeUtTBcIBlr6mBvxxTMiAGOejcDFHXhZDMS5jvujmZaHexFDbWhLvnzIxnhMsSnAose9KTs7OhW4ZQcHF0c6s2+E9L0OmIMjIDJP0d0UQsfYpo2q3FR2QXTAfPdJm6yutz3C9oTIIKRBRLvvz8KiYFgO5btyo9UHjnQm/yIihu30x4VRZFz1fsmflXeHjKRxOSyYQ0G/EUhQvhYEQpjEUNXPDOjjBZkGDCv/V6rkV/LwDVB4w52+kYYnsbjkUGEO2dFDnga5hIrC8/3xnD8O2CzxCMHxI/fKOIY5634Bd8s4YEAh0yTMUP8GYYnlY9YTUs+a0HrrK+4BZfEJui+VR9weZpoUdOhSMwntLiT8ZKLLBb7OKaa+nLr+Kctr5QWrPdWXxUxQ3WGJBYjxz2UASM5haJ+dzfB1mgQjxmQxxcEngnJOyuYd/H+BohsFiggKvo1AFt7eUxSKlDomU9qZwoRq5tWs96WW3QAILE/9RT7A6KJquQdabMM8sw6mN2BZU9oYkIZOSt/AcvIsLy3zmzlesCho+Qx8IAMspQNrPuzAHCuFWhMe4jTtS0k0z8h85IL3qUSEEYBx9LcxJ6M7uai/1iVxjhOhQlYcfIv0iEr3FwBK5Q3tbIJUrY9X+voGbdmBugZHEVPj80ujVCPEuL3hLRYquuM4G6D0OJCzaJuWi4xGzDzVxB8va4k/sadSWYR6w1SRnbNRvChQdPBasrXudBWsWFuk2WRDfnsErYwjgM8EdDObhqCLCz+V4PHMNrTInkujeFVL7dw9lCycMZNWmZ11jmjGgCTdSK6y2q6e6zFPLgHzarotbwQjKbM2daDb4FhgEoNXPzWekAPxtgIPLjaOB06p04qdnxfRBf1+0X6H2LyalAfF4dc/s5Xqz/mkbnu4PCrRJ0OQyI3PJGSFm2abM+Z22CcqRgbrLLejjQmZtr4yzMCGG4QkoV1T+FvQYiy3VyudTOgA99gOImD7M/hdtraBhUXQUn+Y4Xncyfnz4gFxTJ/Rq396ubTtvFYRv9PnkR0mVAptEbsEkD4xlasep2/aMCSAYgVsaX6TwCF3AI/xLNTjuf/Ej+IKF2EnDC48LbjWi+wE/weNo1w5OBHZdVJPn9/XkZGf6mC0byIc9yYEIsgG6oiEetPTYk9McPI+3XXAX7cOGX9v8i5Ey6iivx6oVAAAbZcziqXmCMgP7r1GZpU/wSxBZ4ULQDuoNY0mXcM3SIv2KqsNITGMKasSGdAZlmu3xEaWuojD3d2Mt2hjYknhrjlbKC0KHEGbC77lqwsfv0m2kDSnIZ0/KE7y6vOd7IziI5UhJ2tbiWPm9wbSTstI82k72BANlTlo6X+2wfeMA/ItO7yQecZ2kWoRYRd5EZJID/DMmQ0cfzIUM0cNe9Lk5RMF0pSaDRb7aLQLr+rD1cyvw5ULEdq/OLuHwQFZiKYOVMgdP98iXz6wOnaosEc44lpaBljW/zg+a+/rMd4hygTbtll1kJKJGo/Jk/bdcUgjRKNSjlpKGJiQcbeTu+n0hqPHVguMddnBEU5sKvQhdNepdpL9X94ApiIsSWsyRQlyelQXeZsfkJIz5t2AaXZODjALPPTwo3QRjwNhCLA5essK6SLftxz8MzjIIIHtOicLEs0B/2fLsCpP6rerkrb9P5Ru4eC1JnhSUevP1vFIoci5grtWGGyOaB+CH0GI4Dj2cT6tD1OpMMot/vZGe4vmoxaK8PH8DTTOkT3np6z53L2268KHjkXYdROcqCOcxWAGHp3NPwOeDYFbao7q1DEeT3Zr6hzD5oEAucTbuXy+LX3hc7vAgDl5/Uh0SllxMCA8Pr2YXXxvFvDNgwKArXtKeUbVZWuZAvccEIhrBUNuvVhCzQzQMc/Zs89fNG9NQHkXUQUYlqKkCvksIdOh79ZLtuYi7eIOxw0k0vY1MBv1aKh+WED5XvZobKJLQFqJZAGT0XFSZ9WytyeRD/o5cjE+DZCn2n8iO9VVFGHZpxZAQUC4pHBBe6/HgzgmQS/lTzqH8/KlKUZIT23Ew4zCDzsYi3k7uCcPH1NY/LWCWle/tBkBZtU7QrSUj/Jarrdh2mvfEol66518/aTxJMCpf4xRD45bqjvcK874miQitRMcye+Ny/vaTbnSQ8LnirM+gWILmnSoGY15HCcQ83fAlJMNHR2c7H0j8F0F0Ggd+3BVGV4+8G44pttpIHuLjgugoyvOIvwxtKI+NYPOhWR8IIHDSjG8lJJmpJMqx3wY/hkuK+8JyF7Y7U5wv15IVyh/iirzzoIjtDCESeQ+JhStYima2e8A9+LWepTsrSFBa9DF+Smgipvytv210JajXz5y8sJtLO4IGZvST3BQAx/EBDY58rnLDXRxI7F3MohEK4lkpjWsRvV7jKtdQFkklrXZ2nkLHIbt7xK9qfU+AIqNQLSp+Yr2TeT1Ykok0i7BMVAVhJXbvpI8ljIg/lMXciKFdjBs2n7pRZ+ml/QGfj08ZF8zQwTJoIVx6DVb5xtG3sR1HfAAtDCtUujmxuDsIJMVaE6MRxoaGyTV/BmqY3zs9t4Ac+2jsRZl0MntyhxUOTVQunjepl4Iod/2cSP06my0+pkgLib2xE0BYJQYA7UVhpxOKX3g/PmQDibHNt6rgZVDpTzrP1x7nneGafuVaWLMJK8RP3PT2wQSVthVLl09syQKb0PXIcOSRj1+oUVhgqCTyJK+Trjw4WJpTaxQ+/uS5LsInCeKx0tdgAjc9To6PO/rEQvxPpX6TIOkO723yaSEVVjvEV3oWdI79/Y/L3uGrcJijU5l/BZFFR8mmCtT1WKMu5dsLZ2YWxA1Fv30yjTxGTK/foCQ/AZb7Wa0peAZeOByqKBIIqLtbjkPW7yZfXMvCvVRr7UHFxrX7Eig3prWClGCCp86iDVSd2dVd8YvniR/W6zh5nelu6ugerssOqs6FxDzwXd1bYjAhgoN+E/3PB9o+LkDEH0Pnq9NAAviVLoZRnLLAbjV+mwpf7jsNIMpHFqCViRsA7mUfjY1lqk/+qCrcIuV15nnRbn8P+7oDdITduo++cPkZDoIF23c6oc8MQYkRsMslHz7jEF63Fej1BTgX2S7obylkLUssEGJtaeqgxpBwwtWJFEkZ5mRlMCgS+dfGiE50DBcdd6gN98+4ogS68GB8VwJf/x52FbjoAcEyT+zvOlQLnpoqaHN4vv4t52L5BBG+1SuB1AvA6paomh7ytBGdlifa0XA7orkRqc0uUcI3pfCuoU7R2tXw/ShGoVrlweQHPgvuTs53ZfTUiUm6gswNHtOP0CXNPKtKYB5Cjbmh3mSCpophNrkXd7GiY3z2uvf1qgVWDIeyOfZZox0EVnkSLk6thtTXqVJUlrXLpdt8iESNxWMor9+42JOIjNoZK+CvLTpfmYvZda47HqpJVuhGRPuJKe18Mvr2HzV2Oy75qKN6HLd6NvIYJL1FclvVtUMrI9vuqWUk3Y7GQNa8I13pinwu4yMfGSfS5zspAdLwYVFMHaQfux8bveUXDAHHhn7hntTfTfPndk41rgpN3p5MaJPBEGdGpGCjygWXfH+8UF/elwQkwrGBgr17z55KRnPxxUKIUuPHwGuhVw5XQ3BZa78JfPAeMdMvJbOKkIm1zr8NcAzsBedPQsCX5ic3U32xRCfiUbJ8ZCRWmp9bqs9bx6eYB5tjuYTNs86iOsG39VdIWJmhDX5uFrAv/+f/T4hux8EZVO2nY514yudPPj5CYrevB1+sHKfpRPO9eIAW/ENYKGMXazFLb3hK4WL1JX6wA+2KVFYWkjjcB1yItP2BWNoWjuSHa6yZ9+1eP1T5jJoLs6jwTOSQUrPrxgh3pLwi2zg0z8SMjJmD/0VeGvXpr/c6m1xVW2VcUn8iQLRxP+27Hg08zfXln5QZa3Q6zYsO1HyM5NKYmfxcKi/hVp2yFI2PTe2p74RLaomsn5LeOTwtsYtdY3dCHQHTi++tj37evRJBBmBD680p5woFZ2N19vD0Ju7Ntd0dgz3IS+m3p+IRGaBpa0hCUmROmzPAW+ayJV8Ecyf8/M31tLLS8Gzhv1oPD1v0JbGL8EVBgOhf3QmMVuA5dPJO0C7IpBzeyTbWHUAPCj1wcEhSrl85dd0hIs7Xpf49LIjsA7aMRsyggVqzGWX/ubcfj2Y/FugWX6v2pFja8hGa/5IsOdw9iK2urnzjE9zv6ea5zd02TiOHbKdZxxDbv/HcO9oz4npBQ4o47cSeFPRH6AH7E6L3xkfRNNKAFOYqM988udL7iNIs1/UHxNzRr5OOslAafhhB9Z3k3+gsWCxwvwe0i0MHVaP03u60x4OdyiUVhBba2tgoB13HgFLmmPWMtjkcPo4R9bx6/e8c4eLWNmAd1XR9mX8uODejZOiBsz8LB/FdAXS6ZgQhdy638v/8gGdsSUGbxYYRF/5tkhDfTrP61V1pTirSsS2QJ6PJMZykeSDNo5Eh8MKh1QEz9Uosgww7yFbmiWtzYD/+eWXePJmJ98ZvRTpaQf0evLaUeYXBhgPr84TI7BDMZG5/OK1nW75OAu1d6xHWpSqX7+buQnOJe264OjMhZKrJKYhjjUSnvpXYMelLTm1y/CyL9otMHmt3fP8lzTrk3q+s5mQoBPDhpzgoB9Mf+pRi4n7LIcoq5F7/5YoTk8Vbv7Igndv7M42B1gUsbm9NZ1xtM0TM6suqzTB+nEw40n97/wi57L5mfOh3OirUw9LdAefgvV6YHy8PX4I1zSwe8N0wpoveaEkHS0niyFUNdPGHb1CTDaB6pX7Ho/PSe7OLlxVwAZFnkGzP1k9XUPccAbgnspOXNK5a6tQpzzSLX67rA/8VBc5KlcQtxz8Il+Kb1z1Ns/lCoGqUfTpnpkdrnVmaAO/lb8kYJIUkHjEmkWYXbwsZe6ZzRYZ1FMvn/gDFW+ve5WEoiKbhrREB3yTXS4i9uwEV0D8dUOmJ8rYN/TWqOr+tpQYD2A7RChW2ax6a3F66D2CRzn8zeR4O4pmtUV3zkWiXk80KOPEoLydGeKActDUiJi5zSbsnDX3FKbFWB86cIMdwpWAIdIedTDZaPBSnaRmT098lv/wZ5zujZLWQyhsZ1i2wSYAm7aJqcUE/pmWw977fYAXPufFHwvjK2Xk8QDY2k4ggMc67x0hycLIIKabpmNouqdlUeJPtE6TgMdzBUHE9Xms9iWv6X/H4GiKtaSYd7lm262StwbNfS5lJPeK+fUCO25/6LaIgENGOS8Oqu9TUDpvcyd2nvUWd1oT42Sg4WU3HgFtoTKW1fLl3shmAD6QC9A7mLhIUFWChhbNYkDZ9uqJUmDyOBUwPkk0TLYJvBavIpICuqlMpYpL2uL+lyYK2p4i59nnkKt7IvYoMUoSNPTamkJ2IkSWmxqkcIJqpKUgvep8KLtVg5syrPTsuVXfnHVMx9ljkSVJyQiYEqO5wACjSkQR/9++6Q86CzxHSvcxwHwLxhg5L2h3ALWFgbhhKYOr30pQd1oAnYckYegcID96aNwn4d5EOqaB0X0sEFPs1P2Ry3M9m0G+psb92oWQm8k3YE324TGBK/KEcufxo1sur5ouoTJYHyJk1X+uYgmyISkLpK+WlGOMYSMD7bypKB09fBYSLfsq9YQLN45izSFhRHxyDZzVU3EtRpKenwPbihYku6wo4UoqiMrR2R69HJHLIfoRQo9YCuKsaqibkxz915CruKpqIHvFlSsqdOQFtPOQaroW6oIpQKhkhaAVJxjFMifWGlmVEt8GTD2vTKJrSK4McT2okQbE6zVq9hA6NwMZvV+eqmVc+iXBsUXAGDJqdjfrGnIqrxfMszlxnK2PsSC6K/SivqQrybLOJjuzR1991JkBHlR0+rxVox1BvfNEdTUWCdWDSXdnvGetzqJl1AeGm26Im62LRc5bgdEzKawMCb/bDDS5+XqtGpGVtuwAOjS7pyD5mY+F2crxu+RCJrt5AAWzvwIkHKm0o4rnF3vfsP+Y+hTDQAHldFu6HDb8sWaKLBDeEltyE6lqoAYV64LngBaSgihMjUq2uCWaics/uaxWqrZQufDflc5Zjaqs82Fd6DIcTTzI4HXSTUjEbxeY3/DWsFsWTuVzy0V432CVEBapZPjDLgyuv9tPozjnTpOts29l7YFjencOyfR9nUgvW1xCukbOCipJcgHPixvlMV8iUmi8BtR4IShau5COqYE+nW4r38AJr3tUMvbHobxhsED17Y2Dyd0iwBwMyGcxnHyZeuqIxdG5PCI+YAF02cpFLqT8DOn/lvj6kEJ1UBnSQRebAEBjTZ7TFJ/g46AibubyS9A/kSfTgHMkxZLGXQDtuLzqo5wivGiDTUDAGey8kkpskK/Qd01WhOgQqrHoeyWDF6p5MDQCNA0kSqxAgQNonw8SQ7xc2s/ih8CAXoBwC3hxdors74FQDxcO9IjxOCBzCqpyHy+cZjOueRh1w/zYXW11/2yFot8hoTdcafWTEH9/2Tgcuni6D7CF6oIQOimBDawkdhSttY07jU7K8e+32fawbsRk9IkdvV88AkNb+woYgRZ5CDRAJ6aR5IpAiBk33b1j1fXVlnE4cjJAiPLkygY2pBeGBVBBsM3QFF6ZOTtKIlheaJ2rlDbswHNKdWou8YbPBN0KNi2xJpbpPCLYIPFxDEe9lh46O43VgSOL0uZlcF4vorMPNjfS0pkaZXk/6V+rmb5f2NJ0vfUoKtWKbtaFl9ymy/VsddLtKKajwA8YVM6XPvkW63XFDkd6aAZ579Ulzsnsuu58ytAhJ0UY+Ng3qYYZ0tbQv39zaLYCRjG+8OjEURGgJPI5Y/SXTiUSyNBSjyRqKOR+nbZEerlFKEYW6Tje0JYGz5RpioZW1O/8Zugnm452ZQm5Bjk2hvvCBUmeovqgspVfkLbAjFYV44TCiafBRw/faQ68txgojSDGYKjredtLy40t2CIiy1pkQQO0cFdiQ5rV2de9qdriNVhuADz42Gca9iSB5Kyea3fa/R52PruWrnErGbJRjGXYkZfXpmBOTv/rCUzp0vPhmz+kZ750x5z9oX7HJ3oc+Wac7xKac3En+Z/AM9PbbtNnPvmxSQquMO/8lTaCkLV+iKkuZiVCiaPPU7UxJeEn2rw9a96dkWYx6fZcwdPFT8tmGU0l8fZmVYe2MejY+jP7BTujtLsO+d5k9IfGEKnnaWOS4uYbI93onpHu7fmyuYzk54tB4aiG64YHQQO5WupExiiN6lpn/dLQ8VgAdYGEF0TIo8+I2KbRSbzjc3H5BQsBOQsJ+IGyqb/vJ/UINQr93HkcdlbII8SUdGGaYhOFh1Z4DwOF7aKNc6g17o+arskeTDZZvKaLmN+m9Qpz2i5nK5mffs0xlE2AbBEK61QsfzJrdo6uAH2hwnqPQUz85tVemi+sZah8re6v03tIgUTYWFK0TstcVIgnQ6W5y6fYMrl+AhWBPEKtk3XJvypygZkf+9GLF26hD+kggiw/S4wfL8Xfvb6gzjC6L824QIh+1+Jv7CmJabKi2wbozGVRKF1EO1gvEiln/Z+EQacZfI7w8gUW6p2S9ILwVfK0sWTSyYqTO1b2lp6wkwuJ647jywykn/EsKvkMEcqsKI/M7BMjU+mZR76EmdKY9ld2RXlEXA5uVHrRgMYaV+Bq0JDx6N7Eze7S0nlZCYsj96fo1LcgyZgKOYl7FvWBaWFY5nIA1A5dhhxH7Uc8Wdrvp1Fsn5QVGgXA0WVCbhhWfgvOl1Njc8o36hjcHF0YAUw/IGtj7P1y1hIQ0232jTFObZZbfWR4FRtafk4x1r3hN1h8SIoZbdVx/dEdVMCZsumr37iqRK0JK34b1qgSAOw14hPadtcp1vmIuvlUc3LDgE+Hn6bs5rVXpqMx68XcvQSsvfXz0+Pg7xUYcYZqp8ZrqLAfqFkW2/TtYPQjD3yaT5s+QcFduJFWkucZIjkMcBOsVkvAgDcZFjCAarVNz3hVhuN3DeUox0hcpu9WQtqAnOqtV9fF/kweodg9A0PnGv9nvaWdDjMPrC7LJQTuxiLcQz5QJg8OQ4RUJEj0OUgISQD1wJgCjJg0ynXkrTEZWX6dwjpw5ywB9PLh34yPNp1v/I1DCDZyS2P+8gEd4VzfeEN4tpjBDQfllSSJhWAsWgzc5QvBpT5Il0ceDIt5tESy1b3fQG9k0sV6EjKIawn08RqSg22Yi0H5rLWu+CkewXU0Va5CrHA+BTPhW48Ue4lHjwXq1KkiEDtCRoFJlvUDovQLbzYyA8Y6DXQXM4muK5k7vt5YA/XFRH7zZqzNzKssDyrw7RUtIEfkk7jGCfFKEf+kOw54DmiCt7UjnmqN9Jh+AcxW9qc2qVQM2GAteL0eZ9QdcCiCj2W1TsVKii+jg3apgxJpho7vf+4tt8ue5aVso/5POCq6IRqQQJHMG289YWh1Il3g+8s/Kjj8LU4u3u0rvn3qQVASJldhBlDs3wJjE1kuy9KkEAtSJDKMho2j0mHykv7fiE1U3e2djTbJvZU1o1dOHmVWKWdF6A2knQ6sHSvhXPBbouK5cUJgVNtsaNiASO9eRZwPt2sTTxEf/ixPhv7lMmycvkwm66jVpd/93Z0Kc1WyGJDlF4WV7uUanHYkhHRmEqTbAcg+4EonVZJy2H5YofaQOuEi1XgZe17djZe0JNOC9+V8AIzKdnxTtzPqp4mHgDKHVh2X7NMPWdJms4rraL2TmDpWhm/LZO9auaHWMyw/BOIcsN3T4GzYqtOdTVMGqWXDxR3YIOfevKZdZ5V+8s1ivvdixPG6yQLzhoTxmxY+eKMFt4LmMgW0IRK9vfdSzZHRueuJI2mjn2qNbGKmi2NAhB0IKo9DDMYOopjZhDGfMBBPt66XIOXIfqOTMHjGaZdN6++MOf6bXiW1ouzjXqKDRrccrXy6N2lNa3XMMiB4FtOh9tWO5d0yuNSyay0I4kUDye07kDX0jC7I9e9t2wRSs2anWZJkDAaBFwEFupRyXZsuvJYuQ0s3J0IXHAUVPEBTWQ9wf7zc2Tw7H7PH0JneSA1RtSNH1EoedsdMbV32Ln73+xm3z2uitH88UUWo1hJZrKGIJe+BXb0nHhoIYRFtBrEOtr0/6UIsE/wUiEQwAU1c5MjGx8qYq1XpwamkBsCB+Nd9Bl2b7QsqZQE27wcOA5ihM8kNfvbRXZdpSaHFblCKpt6WXL1hwgrv9QwvXJaI8uQgmjMQsXH2ryMN/td/uMD8LQhp64Ir+dsHZTtEubtFcHu08UG1WSE/krspj1jPAJwYTxoFHvbOy0OQbnQ7Gald7Sw2YG7qyz5+HwRa5fU7nkiOrIWA1GGDtfU3rXGHFeFbl0dhti2udF7RCdBqDwj0j4/DscVcSAfSH9noZhuM9HiK79F3AujyVAK+8NyjrZQPvVLlMgeuqrGZJKySMuxAMyTh4EnezJ+hqHoskCQGMUll6gdPD00jeUCAyWG8J/8E142VUqbLzN8/zK8h0A2ScntYFTSbJqlFTGJWrEICO/SakgKXvUCyUPjcvfNWrVhHfkxHFNivSq+slhvFgzvl6ArtbV+kiyIuvJBX6tNI7HVwvCSUAHBGcxIIWYYDcvC0RDpGpYuedOGxcFMHUzoL9koENoktKz7uniSk5icVw9AGirNUOnXHHUozUEwsOMI/bCz/53O1/gsaJi6fRuDGeb5rg1mSnYLyOnVF0yp6ADcqxEefLVfMbstuN/mMKZ7RRDGzbqDzujU2lRFGTsU+etxSJoRhXb1dgJboenWKRuktIFMeesii3OPxtXV/PNF4G04AXvONvNtjR/SLd828kWmHknTE2zFXPWelVR5ctDw6fEjqUNPEjcRvXBeIn6b3B3nASWv8u4yR1Hk/D2bjYSlMPbrTwT07BImCqu+T9N8mPMbTCTNSBbipQk0SacQedJ1HrGjmjdMQizMZOpslh+69C73Ni7uxjmp2MMhX0cdLhZVF6PuRB6GSV1OwYK6i27MSAjELp2+doTs79EGceVCYzeyrKl3NaMAnQh+ye2F9ZEReb2vedQ7Q5w/Amn+3eInKoX6VT3pRWtcx254EOaa1gPhIVIK+0gf3vDfHkgaZwgVWGbkthwTq9xuvWQgD0sbwoofIQNaBHpHdpE5WxuuktAH78HGZKCrcvbTN+Uu6gwPX0iKLwkrspNeXg75xAgecGgzQi2+ecel9hFi9rsREprwQAN67YV6H8FWC52QC9EXsbyTZhttoIVCaD366PAWu6wYOQ7Ull9FAggUL6ektoWCZo9xyMPioLF4V2/hdFvjkwGMKXbOhIExtcryzu2R+kc6FDzLnLOinQ3o6Xk9+Btilbou+HIgc2OldtmaahM/u8ETz8rU0nIPuQDs9OphefQ2s0M8GmY95SDBG+l1nwttdNTSLXRNtYZZmfaY8Aj8gG9mvud/ESMpumym3AEBsqOialzSIXARlkwPBso/JB7/AQZNLKNGPDagf5KB7zEf4P3KFxp7nbS7sicAHop5PqRII+81C2HTiXpiIYBhfagYYkVOXM4PN2yqeExIqRHhm9zwwkBF85uiXr6RtNm4aR9L4NMU84Et4LGWgScTuyWcRLw5CyU4wqdTuP9mAGHpGDFZWZFY4uxlNDpqNbwxMRC61GInchDfDiicpyEmkFtXydAuXIyZC3TLjdQON/Ou3vpMP3Ly6U+0CcggrMSQOi6QbgBWQkim87l3PEKNmL1k3hsAfR/1yDwJdd1mB/I9GgpNIJu0GZg/PyEYdRvvvWTK3ClbpmKi8pRrdnSxps5W1w5Xq/5h02CNt15gHorwhxaY+8Fk24P2Krbwksnwjk+y1E0Quf2FvHU9LzEM0MU0au7XixH8oQVyNT2OISIVvDabd6rknrrkYtwjDH3VjW9cI8bZ4B6swul4zEHHDc0NbBj3F6ck9GbHk+SGTSFEf+yqmR8mw4H52tmIVTII+sxERxjbaACjmjZeVkqI9ayUlYKW/qnVGtH9JQNTz7jouHweOHJ/OEsYd1eR79+veDkPECCmxaE7p1reP6YkSZYEXKJc3viTeLcX27tIL3KDnDOTgP7Cp5dRCoHg0a79gq98QU2hCykbmANVa+TYLbsg3lERiTRO4rmfDSeFInMwT1hajplon4vnFiwuXuIlu9NLRCZjux7nsgRASuIuRxpjOuezR3vgcQ832gO8imGfNziYBUyRhaqQFkZ4olVHOz68399B8XlVB2SYa5tfX0bVFHE1JRNB8437MBjKVRAH9wnyJ0iX+RPvOa1aRczhd/FE0TYDGwOTgpkMnpLCMJduo9cBTBKtj3fhHByI0mbdMMn20gEt7f7JGnM0umOYQZOu/NXgqXdXkaKY1d6C2mtzo9lBe9eDsS/vzJp3lpwu4o7Fs9hG4Y/tBYhn0vlcN8XYNq3oEiVey70CYfFaO5V/vLLdCzlg3aUbdYnCdsmYMYXFST8V19VkP5Jwvol6/2SzCQ4D75iYBoL/Xwes1X4niIm1mpwXGPTKvrJdkHsrbrw6lnl6KqPP15wksqLDASEFfCRjDnhTz4aB3X1E9B9bge1x3nYrwY3yxHUb1t/dN5MxS0pugkqyPxjdBYKD2QuFe88KhjnayvEF9SO17n7FNZn5lH5U5BcYyOkMCF1DV+kPgH2y60mbOVsAaeZ/D91DP3HpB18E4+n7BvqfqtOfGGbUmo6prDXTKKRIwG3mjzYaNvQi7OavgplKixBM7PuxHul9ZCkYuCAD2IgeIMzkRuXLlf8GDRDlLdrb37mFr00EdItbJKssr/vIztOA28rgbcOVdo7z2uDRZGhZFKzjxWtBd6BuhGaCiX4WcAwW5MtxESU0/v/QYpqlwjcs+wSpaFsTTp+F6ttR5Bk2mJd1dCN200+Fq9FEnj0kJ+GT+F+vxzVd7cm/VdvVnOO7rRy861lEQJzlW6aGK7LLOUUE6fOH/e6v7G3SilE0WCW9rP/wUaHnE7kHmhca1GH3CNSe2h848H1/72v3QOJ+9xpLeHkKPYKI9QOzH3B9AVLtO2I2lUKX8em1nZ9Ttu4CmyHtkbnZ87gRpaWw/T9YDHlbDrZhrbPVKVpqWJRToOUFOANBeMIkwx0uMq4RVWW69EeZahyIJAWsVLlzMcbActO4SZA18RxOWXcOtegq6JhbcWgBn2tzytGWiI5VbD9VahXd2M+htnejoyliU5ayt7hqpDrESnP7iyDPE5tu8kngKyPo/LmMv0ikhFalPfJu9sgzcnQouJaLrxRpBVoseLxhU+fOpPr35ofIjgFrBnMgLwg85zQK6TfnEhVJIK2CkEkuPZXOjt9RvwNI2hmS28hvjFpPgrB5J0NuIwW6pHHMnE75Sqbg28iM7WLPrMXrqenc5SpxtLslKjnqX1AzQK17pUmh3hh0txl9wmiMM+7exhrPFsUCkvbW6YMysTyYNivWa9eRd5PqNB+e/j4u+yRFaxCnTMrFBr6pdQb4v+0plR6iDOO1GawL0U8GMfUgj5S6Qryc4A+L0hM0Eza0TX2qEBHxXJoLpyqD651q3GQTBcyhsZiEOGNeB+0dcMFRls46q1lCA1mPwFWUqTx3enGipUugFFfgQY3G/+kh+Y4x1+SgO8A5Qs9TFuRoZ8nHAWPcdvFLRRpXgk6seALa2d0xzl92S/5KP1Mk1Y9HZhefbio3D8C7jKRZwYNNq66wIZC5rYBcFt2oSVmI1Tslp4xMOVrKAyU7kVi8N+W84H0kkPf5KAbCNlPNS3FOExuTvZPzcw/q4NXMp8VwXXDYx90uKXi95xvq0IVGTTasqG6apzUCwjnMBmVcmxwYfh2uaTc+CzZdtQbcb1BJemObOjmVXzP+FpZHNZbzo5+crwp8D60rxoeaRUF1gTtFuL7v83nkH3Mmj1eY3PlItKw8etT1YbH9lgR7dtt9oZobAjfZP2JfOW48uze4L/vXT+npMXZwvPxbIu+SOK9gQeIH3DHfLlTfwDI5badlYmavIYx0nWc6PgwD6IzTUntODwuSjSwcQJRN9sgvsMWA373owzh6YxYDXqXZRREUz5EJUe9cZ1Sh0t84dEdfnUh/I/UeJ57WuIRZN7vIe583UUASBvFS/+hZc77fqZe6+O2o4Qfhu8MKgKLuEk6wrJdzmL8gYYVYQArhnAKfTn0VpMVDIsMX51Cdr4K1sJ2PmjgjTfENpKDq0rSx9JfzehrQ2AEhnjKUH0NNXlW/ISulAl6fcv0newX2lLXEZiGq0CYDt09bZTX3fHCtU1ug3VsnIAgHx15dYFxzVvbsBqJdb6x8kqCj4u0RqnVPi7zf3zUua7nHe3Y5qF+qiltLItaJ8nXkuQXEZRKSMJain+vv2Ei/vCg8f2RipEGzrPNvbLeGVquD/rEP1yr3x5C7hJTNs77DBNmMze3alxGX1Gs/QrvvmgV4Z80/s3vUHNtl3Rko9n4pgVi7WqRhLcBlAO1V4RCFcQHLqYm49PYluxYjhcfj/jXpLSnrpRP6UrHCE+nbIkucu1aEuPrqPZnE3ZpyKZLCNEZTPkkiIGADdfHmXjtEhsdRr3KYR8W2tDwfcL1w/eePlDSYwr9REAwHBTABaRNsF5rxnBg+keJXHC2yLsP8CqbMmbYof1q+CUiM4V0x7fYqKjY474AE3Jf7RoSFvm1W3JD+2Kd5XQmb5afpTI9gIfQxXl9qV+YYhNaNG7qLvq8mP4+xseBAp3XFQLLcPc9PsdUkik1hIDSKS1zPuEv9+dBMVAA6OqbNailRKUfMgmGbJ9+hBQNdNkc4H2XhiGGKGkHYJyx+sx8xk7irfEVnqgH+smaHMJuLTenqb0h11oSC7ipiN4EWliBvnk9S67e5Vmk4Hw4raQLY1uA04UMzVmB5pFmQmppqhNtlTUAGtOpVLT/THK9Wr7yVC24+bSkmRdZPGRtJHKh6n381JZHjg/bsOfiTuIUKOZhSN0FwdB2KISunoAfoaXQqCNSAdi9ImnuPwLH0pWP4dJ4z8hpgAKEacovKufW4gxYk0maArzwCofLvnImytmvWxoDEg54TrJI5WtiKMSscFhW5G2S1rJSmxm0/vprH1gcled+8Sx4YvGANMyCCwhvmnWuru3jSiYhNfptv4zEYpb9jYQ4RTOgSjizMMGSNYk5R7/4ru3sNDhDggBwg9zXfgyckYH7QN60+Hut40RNtleF8WWwsTgiOR626Qe4PMpfVVjIImMqWYzkCccSDvWz3tHqFyiu5iXj9OgXZa41ABrnhshzLB+6C41/WnACQ66uvKB9UZiDn/DMYnJxa2KQnBnq5WAQx4l/4Rdq1UOE65gLYPckJuAeU3fTYX3um5RuDwKg84IQPoZ7KlLDLI2zQfx8+OvAx4dTTWX4lKnwGXrRnxkqBhs/gbyOX2SLA1I1i8q0VExPKLG2hMdEJEMhq4rD+NzCNXVNfLZ0zh05AlKN6DEqdrPZRtUrK9NK4afiQb/qbW7KX44g7FyZR/6yGFV3ljzLOtvJbd6cGVXU0KAI73Beg5b1JYBeRo6xbHksRdI4Jt39Diks27k9lhlPmYfLMpUv9RAHB0dLqBWODter1/rOXa+McKXt6O5NmtONa+IFaIJEZOJvbkDZFfgWm9bG7/LWsK/sbKjCvtQzN9EI4CxJFt8o5A0n7WSHoPnYBPP94kp+nN/ipCiVowF4WlzdTvXOoD056gnH/eSUzy1nDHz8mROAo8qkaGc1lBlMAXkNS6VEoKuedhlcUt9mmgne3C5oLHaCW/6pOw==</Value></TokenEntry></Values></UseKey><Claims><Values xmlns:q1=""http://schemas.xmlsoap.org/ws/2004/04/security/trust"" soapenc:arrayType=""q1:TokenEntry[17]""><TokenEntry><Name>SessionKey</Name><Value>n70QInimj1bkTHMTy96Qh6AjNjA2GcItX/1VWZVWn0U/9AU93NIES5tsLQeoWDrs3XR647NpOAiO8Bi9fCn9I2kPywwcKZmXKt1oAAGMBfhJWcLv5LFozubz2yenr9NlR7HFjRe3lGhrVf2leqnBX67buRgtVUW3bUWBEbH2R3r3vs5bNvSZrUUde2X754pfHgqAKmvJg3SCUeXsOHdhMiGD9etJ9NiCYKhwzJi9jK2O0i4BVI4QCkmhe2pQ4NIfg0/3/lDonOWfmmM83sMjzxqlP1eMrR+WdgHyQH1VytZk8ci0S2NDpuMjCbC5gLi1TWMIRyeUMqpLDDmViqR9pA==</Value></TokenEntry><TokenEntry><Name>BindingType</Name><Value>UjjHM3eY8cHzac89qy7G+YntujEwO5Zrt1V9jtKL5lQ=</Value></TokenEntry><TokenEntry><Name>Binding</Name><Value>QCxWbfDgewU/Um/Dgbpy/vz831My9VMgWzf7EiSEuKtWaydlf72r3SH+dyUjMzL8jRlllXNFlf1Jca+n5mYCgwqoeizaM0rF19g3UZXeqsI=</Value></TokenEntry><TokenEntry><Name>ProductKey</Name><Value>HJXoHtSLRAe3EWEvRKp0kZ9Di4Uwkg1TzzoZngHHWls=</Value></TokenEntry><TokenEntry><Name>ProductKeyType</Name><Value>UjjHM3eY8cHzac89qy7G+SQK/4kygq5gdH1kIRHzQQM=</Value></TokenEntry><TokenEntry><Name>ProductKeyActConfigId</Name><Value>uA36OocQXP5jhyjYccaXSJgBXKyHlyf2eQ7UtjFnyEWfdERq55tf1bN5sLmuNP91CuJR7HPVA48IQSlZFeeRGbdQs7gaJCmNjchhsrAgW+Q=</Value></TokenEntry><TokenEntry><Name>SppSvcVersion</Name><Value>wWVZG0iciThM1joniiU+lw==</Value></TokenEntry><TokenEntry><Name>otherInfoPublic.licenseCategory</Name><Value>gJR4zYAF2i1Rp9W1orSovLiSmjniPt4V1xIR58PAhpM=</Value></TokenEntry><TokenEntry><Name>otherInfoPrivate.licenseCategory</Name><Value>gJR4zYAF2i1Rp9W1orSovLsCnnD+/0SScb1KKHDFE1o=</Value></TokenEntry><TokenEntry><Name>otherInfoPublic.sysprepAction</Name><Value>l4A/eAqvDzobHPKzjJEjTg==</Value></TokenEntry><TokenEntry><Name>otherInfoPrivate.sysprepAction</Name><Value>l4A/eAqvDzobHPKzjJEjTg==</Value></TokenEntry><TokenEntry><Name>ClientInformation</Name><Value>qLICFYfARI0JF63QHlXATqYc+a8aLvMI1r9KqH/BlKf/r0ppBsYH5NWgqXiDTsgx8cRvSnj+6+l17ETDsZ9nKQ==</Value></TokenEntry><TokenEntry><Name>ReferralInformation</Name><Value>fZALJhSm/U7zRx1gq1ina3VfKCDMJzZH6+A6MHCcVd+f9WAUgWr+GgfhoSeIRqFNT3d/4W/s0PwUzbEgoadgmQ==</Value></TokenEntry><TokenEntry><Name>ClientSystemTime</Name><Value>hlmehzoXx9SfpUcF4tFVex764ep3C7rSSSrlGSJfOE8=</Value></TokenEntry><TokenEntry><Name>ClientSystemTimeUtc</Name><Value>hlmehzoXx9SfpUcF4tFVex764ep3C7rSSSrlGSJfOE8=</Value></TokenEntry><TokenEntry><Name>otherInfoPublic.secureStoreId</Name><Value>SDd7ciHKCg2JkC04WdKnpgqlo3gQ1iNdk6FU27oE8pWpTJrpLq1xhXRlzWldKbew</Value></TokenEntry><TokenEntry><Name>otherInfoPrivate.secureStoreId</Name><Value>SDd7ciHKCg2JkC04WdKnpgqlo3gQ1iNdk6FU27oE8pWpTJrpLq1xhXRlzWldKbew</Value></TokenEntry></Values></Claims></RequestSecurityToken></soap:Body></soap:Envelope>)
00010002(0x80072EE7, 16:35:56:067 - <NULL>)
00010003(0x80072EE7, 16:35:56:067)
",,,,,,,,,,,,,,,,,,,,,,,,,,,,,,,,,,,,,,,,,,,,,,,,,,,,,,,,,,,,,
2026-01-16T00:35:56.075489Z,"{'#attributes': {'Qualifiers': 49152}, '#text': 1014}",DC01.pirate.htb,Microsoft-Windows-Security-SPP,Application,2797,2,,,,,,,,,,,,hr=0x80072EE7,7783a126-c108-4cf7-b59f-13c78c7a7337,,,,,,,,,,,,,,,,,,,,,,,,,,,,,,,,,,,,,,,,,,,,,,,,,,,,,,,,,,,,,
2026-01-16T00:35:56.794238Z,"{'#attributes': {'Qualifiers': 16384}, '#text': 1003}",DC01.pirate.htb,Microsoft-Windows-Security-SPP,Application,2798,4,,,,,,,,,,,,55c92734-d682-4d71-983e-d6ec3f16059f,"
1: 7783a126-c108-4cf7-b59f-13c78c7a7337, 1, 1 [(0 [0xC004E003, 0, 0], [( 9 0xC004FC07 180 0)( 1 0x00000000)(?)( 2 0x00000000 0 0 msft:rm/algorithm/hwid/4.0 0x00000000 0)(?)( 9 0xC004FC07 180 0)( 10 0x00000000 msft:rm/algorithm/flags/1.0)(?)])(1 )(2 )(3 [0x00000000, 0, 0], [( 6 0xC004F009 10 0)( 1 0x00000000)( 6 0xC004F009 10 0)(?)(?)(?)( 10 0x00000000 msft:rm/algorithm/flags/1.0)( 11 0x00000000 0xC004FC07)])]

",,,,,,,,,,,,,,,,,,,,,,,,,,,,,,,,,,,,,,,,,,,,,,,,,,,,,,,,,,,,,
2026-01-16T00:35:57.100568Z,"{'#attributes': {'Qualifiers': 49152}, '#text': 8197}",DC01.pirate.htb,Microsoft-Windows-Security-SPP,Application,2799,4,,,,,,,,,,,RuleId=8244d55f-dcd7-4010-8151-2a5af187b1ed;Action=NotifyUser;AppId=55c92734-d682-4d71-983e-d6ec3f16059f;SkuId=7783a126-c108-4cf7-b59f-13c78c7a7337;NotificationInterval=240;Trigger=TimerEvent,,,,,,,,,,,,,,,,,,,,,,,,,,,,,,,,,,,,,,,,,,,,,,,,,,,,,,,,,,,,,,,
2026-01-16T00:38:14.798332Z,"{'#attributes': {'Qualifiers': 0}, '#text': 8224}",DC01.pirate.htb,VSS,Application,2800,4,,,,2D20436F64653A2020434F525356434330303030303737332D2043616C6C3A2020434F525356434330303030303735352D205049443A202030303030343437322D205449443A202030303030343439322D20434D443A2020433A5C57696E646F77735C73797374656D33325C76737376632E6578652020202D20557365723A204E616D653A204E5420415554484F524954595C53595354454D2C205349443A532D312D352D313820,,,,,,,,,,,,,,,,,,,,,,,,,,,,,,,,,,,,,,,,,,,,,,,,,,,,,,,,,,,,,,,,,,,,,,
2026-01-16T00:39:03.528196Z,1001,DC01.pirate.htb,Microsoft-Windows-LoadPerf,Application,2801,4,,,,,,,,,,,,,,,,,,,,,,,,,,,,,,,,,,,,,,,,,,,,,,,,,,,,,,,,,,,LoadPerf,3837000039370000D2050000,12,,WmiApRpl,,,,WmiApRpl,,,,,,,
2026-01-16T00:39:03.589322Z,1000,DC01.pirate.htb,Microsoft-Windows-LoadPerf,Application,2802,4,,,,,,,,,,,,,,,,,,,,,,,,,,,,,,,,,,,,,,,,,,,,,,,,,,,,,,,,,,,LoadPerf,3A3700000A3800003B3700000B380000,16,,WmiApRpl,,,,WmiApRpl,,,,,,,
2026-01-16T00:40:23.481377Z,"{'#attributes': {'Qualifiers': 0}, '#text': 102}",DC01.pirate.htb,ESENT,Application,2803,4,,,,,,,,,,,,DFSRs,"2696,P,98",,,,,,,,,,,\\.\C:\System Volume Information\DFSR\database_1E64_8720_6486_FA33\dfsr.db: ,,,,0,10,00,17763,0000,,,,,,,,,,,,,,,,,,,,,,,,,,,,,,,,,,,,,,,,,,
2026-01-16T00:40:23.543875Z,"{'#attributes': {'Qualifiers': 0}, '#text': 105}",DC01.pirate.htb,ESENT,Application,2804,4,,,,,,,,,,,,DFSRs,"2696,D,0",,,,,,,,,,,\\.\C:\System Volume Information\DFSR\database_1E64_8720_6486_FA33\dfsr.db: ,,,,0,0,"
[1] 0.003920 +J(0) +M(C:0K, Fs:278, WS:1012K # 1012K, PF:6444K # 6444K, P:6444K)
[2] 0.000308 +J(0) +M(C:16K, Fs:95, WS:372K # 372K, PF:324K # 320K, P:324K)
[3] 0.000019 +J(0) +M(C:0K, Fs:4, WS:16K # 16K, PF:64K # 64K, P:64K)
[4] 0.000207 +J(0) +M(C:2032K, Fs:37, WS:140K # 140K, PF:2432K # 2432K, P:2432K)
[5] 0.000917 +J(0) +M(C:0K, Fs:11, WS:44K # 44K, PF:24K # 24K, P:24K)
[6] 0.001056 +J(0) +M(C:0K, Fs:10, WS:40K # 40K, PF:12K # 12K, P:12K)
[7] -
[8] -
[9] -
[10] -
[11] -
[12] -
[13] 0.050393 -0.032847 (36) WT +J(CM:0, PgRf:0, Rd:0/0, Dy:0/0, Lg:616/1) +M(C:0K, Fs:1424, WS:560K # 5660K, PF:-84K # 5040K, P:-84K)
[14] 0.000023 +J(0) +M(C:0K, Fs:1, WS:4K # 0K, PF:0K # 0K, P:0K)
[15] 0.000111 +J(0) +M(C:0K, Fs:64, WS:256K # 0K, PF:64K # 0K, P:64K)
[16] 0.013404 -0.000243 (2) WT +J(0) +M(C:0K, Fs:5, WS:12K # 0K, PF:0K # 0K, P:0K).",,,,,,,,,,,,,,,,,,,,,,,,,,,,,,,,,,,,,,,,,,,,
2026-01-16T00:40:23.559499Z,"{'#attributes': {'Qualifiers': 0}, '#text': 637}",DC01.pirate.htb,ESENT,Application,2805,4,,,,,,,,,,,,DFSRs,"2696,D,35",,,,,,,,,,,\\.\C:\System Volume Information\DFSR\database_1E64_8720_6486_FA33\dfsr.db: ,,,,\\.\C:\System Volume Information\DFSR\database_1E64_8720_6486_FA33\dfsr.jfm,,,,,,,,,,,,,,,,,,,,,,,,,,,,,,,,,,,,,,,,,,,,,,
2026-01-16T00:40:23.590761Z,"{'#attributes': {'Qualifiers': 0}, '#text': 325}",DC01.pirate.htb,ESENT,Application,2806,4,,,,,,,,,,,,DFSRs,"2696,D,35",,,,,,,,,,,\\.\C:\System Volume Information\DFSR\database_1E64_8720_6486_FA33\dfsr.db: ,,,,1,\\.\C:\System Volume Information\DFSR\database_1E64_8720_6486_FA33\dfsr.db,0,"
[1] 0.000088 +J(0) +M(C:0K, Fs:3, WS:12K # 0K, PF:8K # 0K, P:8K)
[2] 0.002154 -0.000780 (1) WT +J(CM:0, PgRf:0, Rd:0/0, Dy:0/0, Lg:3480/2) +M(C:0K, Fs:1, WS:4K # 0K, PF:0K # 0K, P:0K)
[3] 0.013115 -0.000003 (3) WT +J(0) +M(C:0K, Fs:19, WS:64K # 0K, PF:44K # 0K, P:44K)
[4] 0.000226 +J(0)
[5] 0.000172 +J(CM:0, PgRf:3, Rd:0/0, Dy:3/6, Lg:122/4) +M(C:0K, Fs:35, WS:140K # 0K, PF:148K # 0K, P:148K)
[6] 0.004648 -0.002965 (1) WT +J(CM:0, PgRf:209, Rd:0/0, Dy:12/408, Lg:24454/447) +M(C:0K, Fs:68, WS:260K # 0K, PF:220K # 0K, P:220K)
[7] 0.001070 -0.000495 (1) WT +J(CM:0, PgRf:0, Rd:0/0, Dy:0/0, Lg:4096/2) +M(C:0K, Fs:1, WS:4K # 0K, PF:0K # 0K, P:0K)
[8] 0.000004 +J(0)
[9] 0.013193 -0.012007 (3) WT +J(0) +M(C:-52K, Fs:15, WS:0K # 0K, PF:52K # 0K, P:52K)
[10] 0.004536 -0.002197 (5) WT +J(CM:0, PgRf:346, Rd:0/0, Dy:7/93, Lg:12509/128) +M(C:12K, Fs:33, WS:124K # 0K, PF:96K # 0K, P:96K)
[11] 0.000003 +J(0).",0 0,lgposCreate = 00000001:0001:0268,,,,,,,,,,,,,,,,,,,,,,,,,,,,,,,,,,,,,,,,,
2026-01-16T00:44:54.315124Z,"{'#attributes': {'Qualifiers': 0}, '#text': 102}",DC01.pirate.htb,ESENT,Application,2807,4,,,,,,,,,,,,svchost,"2336,P,98",,,,,,,,,,,DS_Token_DB: ,,,,0,10,00,17763,0000,,,,,,,,,,,,,,,,,,,,,,,,,,,,,,,,,,,,,,,,,,
2026-01-16T00:44:54.346361Z,"{'#attributes': {'Qualifiers': 0}, '#text': 300}",DC01.pirate.htb,ESENT,Application,2808,4,,,,,,,,,,,,svchost,"2336,R,98",,,,,,,,,,,DS_Token_DB: ,,,,,,,,,,,,,,,,,,,,,,,,,,,,,,,,,,,,,,,,,,,,,,,,,,
2026-01-16T00:44:54.739242Z,"{'#attributes': {'Qualifiers': 0}, '#text': 301}",DC01.pirate.htb,ESENT,Application,2809,4,,,,,,,,,,,,svchost,"2336,R,98",,,,,,,,,,,DS_Token_DB: ,,,,C:\Windows\system32\config\systemprofile\AppData\Local\DataSharing\Storage\DSS00001.log,"
[1] 0.382643 -0.349713 (232) CM -0.347684 (237) WT +J(CM:232, PgRf:330, Rd:0/232, Dy:0/0, Lg:56700/746) +M(C:8K, Fs:145, WS:508K # 508K, PF:616K # 616K, P:616K).",Insert   ,289,,,,,,,,,,,,,,,,,,,,,,,,,,,,,,,,,,,,,,,,,,,
2026-01-16T00:44:54.787900Z,"{'#attributes': {'Qualifiers': 0}, '#text': 301}",DC01.pirate.htb,ESENT,Application,2810,4,,,,,,,,,,,,svchost,"2336,R,98",,,,,,,,,,,DS_Token_DB: ,,,,C:\Windows\system32\config\systemprofile\AppData\Local\DataSharing\Storage\DSS.log,"
[1] 0.016310 -0.007200 (6) CM -0.015417 (8) WT +J(CM:6, PgRf:54, Rd:12/5, Dy:0/0, Lg:12158/121) +M(C:112K, Fs:26, WS:96K # 96K, PF:176K # 172K, P:176K).",Insert   ,38,,,,,,,,,,,,,,,,,,,,,,,,,,,,,,,,,,,,,,,,,,,
2026-01-16T00:44:54.924483Z,"{'#attributes': {'Qualifiers': 0}, '#text': 302}",DC01.pirate.htb,ESENT,Application,2811,4,,,,,,,,,,,,svchost,"2336,U,98",,,,,,,,,,,DS_Token_DB: ,,,,,,,,,,,,,,,,,,,,,,,,,,,,,,,,,,,,,,,,,,,,,,,,,,
2026-01-16T00:44:54.924483Z,"{'#attributes': {'Qualifiers': 0}, '#text': 105}",DC01.pirate.htb,ESENT,Application,2812,4,,,,,,,,,,,,svchost,"2336,D,0",,,,,,,,,,,DS_Token_DB: ,,,,0,0,"
[1] 0.000829 +J(0) +M(C:0K, Fs:140, WS:556K # 556K, PF:2368K # 2368K, P:2368K)
[2] 0.000768 +J(0) +M(C:8K, Fs:136, WS:536K # 536K, PF:1144K # 1144K, P:1144K)
[3] 0.000048 +J(0) +M(C:0K, Fs:4, WS:12K # 12K, PF:68K # 68K, P:68K)
[4] 0.000382 +J(0) +M(C:0K, Fs:27, WS:108K # 108K, PF:168K # 168K, P:168K)
[5] 0.001491 +J(0) +M(C:0K, Fs:8, WS:32K # 32K, PF:20K # 20K, P:20K)
[6] 0.007529 +J(0) +M(C:0K, Fs:40, WS:156K # 156K, PF:20K # 20K, P:20K)
[7] 0.007356 -0.006153 (2) WT +J(0) +M(C:0K, Fs:33, WS:132K # 132K, PF:64K # 64K, P:64K)
[8] 0.413487 -0.349713 (232) CM -0.354151 (240) WT +J(CM:232, PgRf:330, Rd:0/232, Dy:0/0, Lg:56700/746) +M(C:8K, Fs:174, WS:616K # 616K, PF:700K # 700K, P:700K)
[9] 0.039303 -0.007200 (6) CM -0.022982 (15) WT +J(CM:6, PgRf:54, Rd:18/5, Dy:0/0, Lg:12158/121) +M(C:120K, Fs:43, WS:156K # 156K, PF:192K # 192K, P:192K) + 1 lgens
[10] 0.001248 -0.001038 (1) WT +J(0) +M(C:0K, Fs:0, WS:-60K # 0K, PF:-60K # 0K, P:-60K)
[11] 0.000048 +J(CM:0, PgRf:0, Rd:0/0, Dy:0/0, Lg:49/1) +M(C:0K, Fs:5, WS:20K # 0K, PF:0K # 0K, P:0K)
[12] 0.025291 -0.022719 (2) WT +J(0) +M(C:0K, Fs:3, WS:12K # 0K, PF:0K # 0K, P:0K)
[13] 0.118030 -0.006741 (2) CM -0.073843 (24) WT +J(CM:2, PgRf:2, Rd:0/2, Dy:0/0, Lg:8759/5) +M(C:0K, Fs:38, WS:24K # 60K, PF:-32K # 0K, P:-32K)
[14] 0.000014 +J(0)
[15] 0.000013 +J(0)
[16] 0.003450 -0.003316 (1) WT +J(0) +M(C:0K, Fs:2, WS:0K # 0K, PF:0K # 0K, P:0K).","lgposV2[] = 00000001:0001:0000 - 00000001:000E:0FF6 - 00000002:0004:0000 - 00000002:0004:0000 (00000000:0000:0000)
cReInits = 1
",,,,,,,,,,,,,,,,,,,,,,,,,,,,,,,,,,,,,,,,,,,
2026-01-16T00:44:54.986984Z,"{'#attributes': {'Qualifiers': 0}, '#text': 326}",DC01.pirate.htb,ESENT,Application,2813,4,,,,,,,,,,,,svchost,"2336,D,50",,,,,,,,,,,DS_Token_DB: ,,,,1,C:\Windows\system32\config\systemprofile\AppData\Local\DataSharing\Storage\DSTokenDB2.dat,0,"
[1] 0.000003 +J(0)
[2] 0.001725 -0.001503 (1) WT +J(0) +M(C:0K, Fs:17, WS:4K # 4K, PF:4K # 0K, P:4K)
[3] 0.042055 -0.026442 (6) WT +J(CM:0, PgRf:0, Rd:0/0, Dy:0/0, Lg:3480/2) +M(C:0K, Fs:11, WS:40K # 0K, PF:40K # 0K, P:40K)
[4] 0.000130 +J(0)
[5] -
[6] -
[7] -
[8] 0.000078 +J(CM:0, PgRf:2, Rd:7/0, Dy:0/0, Lg:0/0) +M(C:0K, Fs:7, WS:28K # 4K, PF:0K # 0K, P:0K)
[9] 0.003997 -0.003856 (1) CM -0.003852 (1) WT +J(CM:1, PgRf:23, Rd:0/0, Dy:0/0, Lg:0/0) +M(C:0K, Fs:13, WS:52K # 52K, PF:196K # 148K, P:196K)
[10] 0.000044 +J(CM:0, PgRf:40, Rd:0/0, Dy:0/0, Lg:0/0)
[11] 0.000007 +J(CM:0, PgRf:1, Rd:0/0, Dy:0/0, Lg:0/0) +M(C:0K, Fs:1, WS:4K # 4K, PF:0K # 0K, P:0K)
[12] 0.000037 +J(CM:0, PgRf:42, Rd:0/0, Dy:0/0, Lg:0/0) +M(C:0K, Fs:5, WS:20K # 20K, PF:0K # 0K, P:0K)
[13] 0.0 +J(0)
[14] 0.0 +J(0)
[15] 0.000003 +J(CM:0, PgRf:1, Rd:0/0, Dy:0/0, Lg:0/0).",1 0,lgposAttach = 00000002:0006:0268,,,,,,,,,,,,,,,,,,,,,,,,,,,,,,,,,,,,,,,,,
2026-01-16T00:45:31.784659Z,"{'#attributes': {'Qualifiers': 16384}, '#text': 1704}",DC01.pirate.htb,SceCli,Application,2814,4,,,,,,,,,,,,,,,,,,,,,,,,,,,,,,,,,,,,,,,,,,,,,,,,,,,,,,,,,,,,,,,,,,,,,,,,,,
2026-01-16T00:45:42.957477Z,"{'#attributes': {'Qualifiers': 0}, '#text': 1001}",DC01.pirate.htb,Windows Error Reporting,Application,2815,4,,,,,,,,,,,,,0,,,,,,"
\\?\C:\Users\ADMINI~1\AppData\Local\Temp\RDR1491.tmp\empty.txt
\\?\C:\ProgramData\Microsoft\Windows\WER\Temp\WER1492.tmp.WERInternalMetadata.xml
\\?\C:\ProgramData\Microsoft\Windows\WER\Temp\WER14B2.tmp.xml
\\?\C:\ProgramData\Microsoft\Windows\WER\Temp\WER14DF.tmp.csv
\\?\C:\ProgramData\Microsoft\Windows\WER\Temp\WER14EF.tmp.txt",,,0,f728ddd9-d890-494a-a8d8-f38e037da1c8,RADAR_PRE_LEAK_64,536871008,,0,Not available,0,vmconnect.exe,10.0.17763.6054,10.0.17763.2.0.0,,,,,,,,,,,,,,,,,,,,,,,,,,,,,,,,,,,,,,,,,,
2026-01-16T00:55:48.862116Z,"{'#attributes': {'Qualifiers': 0}, '#text': 8224}",DC01.pirate.htb,VSS,Application,2816,4,,,,2D20436F64653A2020434F525356434330303030303737332D2043616C6C3A2020434F525356434330303030303735352D205049443A202030303030353732302D205449443A202030303030313332342D20434D443A2020433A5C57696E646F77735C73797374656D33325C76737376632E6578652020202D20557365723A204E616D653A204E5420415554484F524954595C53595354454D2C205349443A532D312D352D313820,,,,,,,,,,,,,,,,,,,,,,,,,,,,,,,,,,,,,,,,,,,,,,,,,,,,,,,,,,,,,,,,,,,,,,
2026-01-16T01:05:11.833062Z,"{'#attributes': {'Qualifiers': 0}, '#text': 100}",DC01.pirate.htb,WLMS,Application,2817,4,,,,,,,,,,,,,,,,,,,,,,,,,,,,,,,,,,,,,,,,,,,,,,,,,,,,,,,,,,,,,,,,,,,,,,,,,,
2026-01-16T01:11:01.008096Z,"{'#attributes': {'Qualifiers': 32768}, '#text': 6000}",DC01.pirate.htb,Microsoft-Windows-Winlogon,Application,2818,4,,,,D9060000,,,,,,,WSearch,,,,,,,,,,,,,,,,,,,,,,,,,,,,,,,,,,,,,,,,,,,,,,,,,,,,,,,,,,,,,,,
2026-01-16T01:11:01.070575Z,"{'#attributes': {'Qualifiers': 32768}, '#text': 6000}",DC01.pirate.htb,Microsoft-Windows-Winlogon,Application,2819,4,,,,D9060000,,,,,,,SessionEnv,,,,,,,,,,,,,,,,,,,,,,,,,,,,,,,,,,,,,,,,,,,,,,,,,,,,,,,,,,,,,,,
2026-01-16T01:11:13.164334Z,"{'#attributes': {'Qualifiers': 0}, '#text': 260}",DC01.pirate.htb,VMUpgradeHelper,Application,2820,4,,,,,,,,,,,,,,,,,,,,,,,,,,,,,,,,,,,,,,,,,,,,,,,,,,,,,,,,,,,,,,,,,,,,,,,,,,
2026-01-16T01:11:13.164334Z,"{'#attributes': {'Qualifiers': 0}, '#text': 272}",DC01.pirate.htb,VMUpgradeHelper,Application,2821,4,,,,,,,,,,,,,,,,,,,,,,,,,,,,,,,,,,,,,,,,,,,,,,,,,,,,,,,,,,,,,,,,,,,,,,,,,,
2026-01-16T01:11:13.179961Z,"{'#attributes': {'Qualifiers': 0}, '#text': 108}",DC01.pirate.htb,VMTools,Application,2822,4,,,,,,,,,,,,,,,,,,,,,,,,,,,,,,,,,,,,,,,,,,,,,,,,,,,,,,,,,,,,,,,,,,,,,,,,,,
2026-01-16T01:11:13.488680Z,1532,DC01.pirate.htb,Microsoft-Windows-User Profiles Service,Application,2823,4,,,,,,,,,,,,,,,,,,,,,,,,,,,,,,,,,,,,,,,,,,,,,,,,,,,,,,,,,,,,,,,,,,,,,,,,,,
2026-01-16T01:11:36.697604Z,"{'#attributes': {'Qualifiers': 16384}, '#text': 4625}",DC01,Microsoft-Windows-EventSystem,Application,2824,4,,,,,,,,,,,,,,,,,,,,,,,,,,,,,,,,,,,,,,,,,,,,,,,,,,,,,,,,,,,,,,,86400,,,,SuppressDuplicateDuration,Software\Microsoft\EventSystem\EventLog,,,,,,
2026-01-16T01:11:13.791267Z,38,DC01.pirate.htb,Microsoft-Windows-CertificationAuthority,Application,2825,4,,,,,,pirate-DC01-CA,,,,,,,,,,,,,,,,,,,,,,,,,,,,,,,,,,,,,,,,,,,,,,,,,,,,MSG_I_SERVER_STOPPED,,,,,,,,,,,,,,,,
2026-01-16T01:11:36.724534Z,1531,DC01.pirate.htb,Microsoft-Windows-User Profiles Service,Application,2826,4,,,,,,,,,,,,,,,,,,,,,,,,,,,,,,,,,,,,,,,,,,,,,,,,,,,,,,,,,,,,,,,,,,,,,,,,,,
2026-01-16T01:11:37.007265Z,5615,DC01.pirate.htb,Microsoft-Windows-WMI,Application,2827,4,,,,,,,,,,,,,,,,,,,,,,,,,,,,,,,,,,,,,,,,,,,,,,,,,,,,,,,,,,,,,,,,,,,,,,,,,,
2026-01-16T01:11:37.874913Z,5617,DC01.pirate.htb,Microsoft-Windows-WMI,Application,2828,4,,,,,,,,,,,,,,,,,,,,,,,,,,,,,,,,,,,,,,,,,,,,,,,,,,,,,,,,,,,,,,,,,,,,,,,,,,
2026-01-16T01:11:49.081022Z,"{'#attributes': {'Qualifiers': 0}, '#text': 105}",DC01.pirate.htb,VMTools,Application,2829,4,,,,,,,,,,,,,,,,,,,,,,,,,,,,,,,,,,,,,,,,,,,,,,,,,,,,,,,,,,,,,,,,,,,,,,,,,,
2026-01-16T01:11:49.971648Z,"{'#attributes': {'Qualifiers': 16384}, '#text': 781}",DC01.pirate.htb,Microsoft-Windows-Complus,Application,2830,4,,,,,,,,,,,,,,,,,,,,,,,,,,,,,,,,,,,,,,,,,,,,,,,,,,,,,,,,,,,,,,,86400,,,,SuppressDuplicateDuration,Software\Microsoft\COM3\Eventlog,,,,,,
2026-01-16T01:11:49.987272Z,"{'#attributes': {'Qualifiers': 0}, '#text': 258}",DC01.pirate.htb,VMUpgradeHelper,Application,2831,4,,,,,,,,,,,,,,,,,,,,,,,,,,,,,,,,,,,,,,,,,,,,,,,,,,,,,,,,,,,,,,,,,,,,,,,,,,
2026-01-16T01:11:50.206022Z,"{'#attributes': {'Qualifiers': 0}, '#text': 271}",DC01.pirate.htb,VMUpgradeHelper,Application,2832,4,,,,,,,,,,,,,,,,,,,,,,,,,,,,,,,,,,,,,,,,,,,,,,,,,,,,,,,,,,,,,,,,,,,,,,,,,,
2026-01-16T01:11:50.346644Z,"{'#attributes': {'Qualifiers': 16384}, '#text': 4202}",DC01.pirate.htb,Microsoft-Windows-MSDTC 2,Application,2833,4,,,,,,,,,,,,,,,,,,,,,,,,,,,,,,,,,,,,,,,,,,,,,,,,,,,,,,,,,,,,,,,0,0,0,1,0,0,0,0,0,1,Mutual Authentication Required,NT AUTHORITY\NetworkService
2026-01-16T01:11:50.690392Z,"{'#attributes': {'Qualifiers': 16384}, '#text': 900}",DC01.pirate.htb,Microsoft-Windows-Security-SPP,Application,2834,4,,,,,,,,,,,TriggerStarted:6,,,,,,,,,,,,,,,,,,,,,,,,,,,,,,,,,,,,,,,,,,,,,,,,,,,,,,,,,,,,,,,
2026-01-16T01:11:50.846649Z,"{'#attributes': {'Qualifiers': 49152}, '#text': 16394}",DC01.pirate.htb,Microsoft-Windows-Security-SPP,Application,2835,4,,,,,,,,,,,,,,,,,,,,,,,,,,,,,,,,,,,,,,,,,,,,,,,,,,,,,,,,,,,,,,,,,,,,,,,,,,
2026-01-16T01:11:50.956506Z,"{'#attributes': {'Qualifiers': 16384}, '#text': 1066}",DC01.pirate.htb,Microsoft-Windows-Security-SPP,Application,2836,4,,,,,,,,,,,"C:\Windows\system32\sppwinob.dll, msft:spp/windowsfunctionality/agent/7.0, 0x00000000, 0x00000000
C:\Windows\system32\sppobjs.dll, msft:rm/algorithm/inherited/1.0, 0x00000000, 0x00000000
C:\Windows\system32\sppobjs.dll, msft:rm/algorithm/phone/1.0, 0x00000000, 0x00000000
C:\Windows\system32\sppobjs.dll, msft:rm/algorithm/pkey/detect, 0x00000000, 0x00000000
C:\Windows\system32\sppobjs.dll, msft:spp/ActionScheduler/1.0, 0x00000000, 0x00000000
C:\Windows\system32\sppobjs.dll, msft:spp/TaskScheduler/1.0, 0x00000000, 0x00000000
C:\Windows\system32\sppobjs.dll, msft:spp/statecollector/pkey, 0x00000000, 0x00000000
C:\Windows\system32\sppobjs.dll, msft:spp/volume/services/kms/1.0, 0x00000000, 0x00000000
C:\Windows\system32\sppobjs.dll, msft:spp/volume/services/kms/activationinfo/1.0, 0x00000000, 0x00000000
",,,,,,,,,,,,,,,,,,,,,,,,,,,,,,,,,,,,,,,,,,,,,,,,,,,,,,,,,,,,,,,
2026-01-16T01:11:51.034144Z,"{'#attributes': {'Qualifiers': 16384}, '#text': 1004}",DC01.pirate.htb,Microsoft-Windows-Security-SPP,Application,2837,4,,,,,,,,,,,,CLIENT-RAC Issuance License,95c2c6b8-ea2f-431d-8902-eeafc6376965,,,,,,,,,,,,,,,,,,,,,,,,,,,,,,,,,,,,,,,,,,,,,,,,,,,,,,,,,,,,,
2026-01-16T01:11:51.034144Z,"{'#attributes': {'Qualifiers': 16384}, '#text': 1004}",DC01.pirate.htb,Microsoft-Windows-Security-SPP,Application,2838,4,,,,,,,,,,,,CLIENT-SPC Issuance License,57d6dc1b-f556-4f5b-935b-3b379fd9dda8,,,,,,,,,,,,,,,,,,,,,,,,,,,,,,,,,,,,,,,,,,,,,,,,,,,,,,,,,,,,,
2026-01-16T01:11:51.049766Z,"{'#attributes': {'Qualifiers': 16384}, '#text': 1004}",DC01.pirate.htb,Microsoft-Windows-Security-SPP,Application,2839,4,,,,,,,,,,,,Generic Rights Account Certificate (Private),bc6f46d3-18d9-46f5-9818-aa00ec832013,,,,,,,,,,,,,,,,,,,,,,,,,,,,,,,,,,,,,,,,,,,,,,,,,,,,,,,,,,,,,
2026-01-16T01:11:51.049766Z,"{'#attributes': {'Qualifiers': 16384}, '#text': 1004}",DC01.pirate.htb,Microsoft-Windows-Security-SPP,Application,2840,4,,,,,,,,,,,,Generic Rights Account Certificate (Public),0a256b47-0b27-4145-a5b8-79422fb539cc,,,,,,,,,,,,,,,,,,,,,,,,,,,,,,,,,,,,,,,,,,,,,,,,,,,,,,,,,,,,,
2026-01-16T01:11:51.065395Z,"{'#attributes': {'Qualifiers': 16384}, '#text': 1004}",DC01.pirate.htb,Microsoft-Windows-Security-SPP,Application,2841,4,,,,,,,,,,,,Generic Security Processor Certificate (Private),77ba058e-7d3b-4cbf-be4a-ffe6bb75db60,,,,,,,,,,,,,,,,,,,,,,,,,,,,,,,,,,,,,,,,,,,,,,,,,,,,,,,,,,,,,
2026-01-16T01:11:51.065395Z,"{'#attributes': {'Qualifiers': 16384}, '#text': 1004}",DC01.pirate.htb,Microsoft-Windows-Security-SPP,Application,2842,4,,,,,,,,,,,,Generic Security Processor Certificate (Public),80bedb87-dba9-455b-98c8-a61f025d6a5b,,,,,,,,,,,,,,,,,,,,,,,,,,,,,,,,,,,,,,,,,,,,,,,,,,,,,,,,,,,,,
2026-01-16T01:11:51.081020Z,"{'#attributes': {'Qualifiers': 16384}, '#text': 1004}",DC01.pirate.htb,Microsoft-Windows-Security-SPP,Application,2843,4,,,,,,,,,,,,XrML 2.1 License - Product Key Configuration,71ce6518-3581-46da-948d-083c57061836,,,,,,,,,,,,,,,,,,,,,,,,,,,,,,,,,,,,,,,,,,,,,,,,,,,,,,,,,,,,,
2026-01-16T01:11:51.081020Z,"{'#attributes': {'Qualifiers': 16384}, '#text': 1004}",DC01.pirate.htb,Microsoft-Windows-Security-SPP,Application,2844,4,,,,,,,,,,,,Windows(R) csvlk-pack Product PPD License,c354cf95-648c-b1b3-6e2d-5a239a905988,,,,,,,,,,,,,,,,,,,,,,,,,,,,,,,,,,,,,,,,,,,,,,,,,,,,,,,,,,,,,
2026-01-16T01:11:51.096642Z,"{'#attributes': {'Qualifiers': 16384}, '#text': 1004}",DC01.pirate.htb,Microsoft-Windows-Security-SPP,Application,2845,4,,,,,,,,,,,,Windows(R) Publishing License (Public),1d235722-34e2-407a-ba63-e06998cc47fa,,,,,,,,,,,,,,,,,,,,,,,,,,,,,,,,,,,,,,,,,,,,,,,,,,,,,,,,,,,,,
2026-01-16T01:11:51.096642Z,"{'#attributes': {'Qualifiers': 16384}, '#text': 1004}",DC01.pirate.htb,Microsoft-Windows-Security-SPP,Application,2846,4,,,,,,,,,,,,Windows(R) Publishing License (Private),81572056-5cc7-4b60-b1f7-eea7cc2d6649,,,,,,,,,,,,,,,,,,,,,,,,,,,,,,,,,,,,,,,,,,,,,,,,,,,,,,,,,,,,,
2026-01-16T01:11:51.096642Z,"{'#attributes': {'Qualifiers': 16384}, '#text': 1004}",DC01.pirate.htb,Microsoft-Windows-Security-SPP,Application,2847,4,,,,,,,,,,,,Windows(R) UL oob License (Public),15327010-b92f-43e9-b3a4-6b066124c111,,,,,,,,,,,,,,,,,,,,,,,,,,,,,,,,,,,,,,,,,,,,,,,,,,,,,,,,,,,,,
2026-01-16T01:11:51.096642Z,"{'#attributes': {'Qualifiers': 16384}, '#text': 1004}",DC01.pirate.htb,Microsoft-Windows-Security-SPP,Application,2848,4,,,,,,,,,,,,Windows(R) UL oob License (Private),3c215f69-6d1b-4e8d-8d1b-78b8289e89a2,,,,,,,,,,,,,,,,,,,,,,,,,,,,,,,,,,,,,,,,,,,,,,,,,,,,,,,,,,,,,
2026-01-16T01:11:51.112268Z,"{'#attributes': {'Qualifiers': 16384}, '#text': 1004}",DC01.pirate.htb,Microsoft-Windows-Security-SPP,Application,2849,4,,,,,,,,,,,,Windows(R) UL phone License (Public),a4294352-ce1c-4bf2-9f6d-10efe421eea7,,,,,,,,,,,,,,,,,,,,,,,,,,,,,,,,,,,,,,,,,,,,,,,,,,,,,,,,,,,,,
2026-01-16T01:11:51.112268Z,"{'#attributes': {'Qualifiers': 16384}, '#text': 1004}",DC01.pirate.htb,Microsoft-Windows-Security-SPP,Application,2850,4,,,,,,,,,,,,Windows(R) UL phone License (Private),3077a305-5b47-4598-aa64-911e1ce2f08a,,,,,,,,,,,,,,,,,,,,,,,,,,,,,,,,,,,,,,,,,,,,,,,,,,,,,,,,,,,,,
2026-01-16T01:11:51.112268Z,"{'#attributes': {'Qualifiers': 16384}, '#text': 1004}",DC01.pirate.htb,Microsoft-Windows-Security-SPP,Application,2851,4,,,,,,,,,,,,Windows(R) UL store License (Public),dde7461f-f7c0-4938-b9fd-f9bf4ea2d92a,,,,,,,,,,,,,,,,,,,,,,,,,,,,,,,,,,,,,,,,,,,,,,,,,,,,,,,,,,,,,
2026-01-16T01:11:51.112268Z,"{'#attributes': {'Qualifiers': 16384}, '#text': 1004}",DC01.pirate.htb,Microsoft-Windows-Security-SPP,Application,2852,4,,,,,,,,,,,,Windows(R) UL store License (Private),019c33ae-67f1-4fd2-a8fd-05a04f8f31f0,,,,,,,,,,,,,,,,,,,,,,,,,,,,,,,,,,,,,,,,,,,,,,,,,,,,,,,,,,,,,
2026-01-16T01:11:51.127893Z,"{'#attributes': {'Qualifiers': 16384}, '#text': 1004}",DC01.pirate.htb,Microsoft-Windows-Security-SPP,Application,2853,4,,,,,,,,,,,,Windows(R) Publishing License (Public),bb0cf6af-77ba-4db1-ae94-f3f3a225173d,,,,,,,,,,,,,,,,,,,,,,,,,,,,,,,,,,,,,,,,,,,,,,,,,,,,,,,,,,,,,
2026-01-16T01:11:51.127893Z,"{'#attributes': {'Qualifiers': 16384}, '#text': 1004}",DC01.pirate.htb,Microsoft-Windows-Security-SPP,Application,2854,4,,,,,,,,,,,,Windows(R) Publishing License (Private),b687b8fd-45c7-4de1-89ae-0575afcda8cc,,,,,,,,,,,,,,,,,,,,,,,,,,,,,,,,,,,,,,,,,,,,,,,,,,,,,,,,,,,,,
2026-01-16T01:11:51.127893Z,"{'#attributes': {'Qualifiers': 16384}, '#text': 1004}",DC01.pirate.htb,Microsoft-Windows-Security-SPP,Application,2855,4,,,,,,,,,,,,Windows(R) UL oob License (Public),42bd017d-4cad-4b43-a942-5aa6defbf20b,,,,,,,,,,,,,,,,,,,,,,,,,,,,,,,,,,,,,,,,,,,,,,,,,,,,,,,,,,,,,
2026-01-16T01:11:51.127893Z,"{'#attributes': {'Qualifiers': 16384}, '#text': 1004}",DC01.pirate.htb,Microsoft-Windows-Security-SPP,Application,2856,4,,,,,,,,,,,,Windows(R) UL oob License (Private),460acb2d-de7e-4281-b734-ce6d20a9a81a,,,,,,,,,,,,,,,,,,,,,,,,,,,,,,,,,,,,,,,,,,,,,,,,,,,,,,,,,,,,,
2026-01-16T01:11:51.143515Z,"{'#attributes': {'Qualifiers': 16384}, '#text': 1004}",DC01.pirate.htb,Microsoft-Windows-Security-SPP,Application,2857,4,,,,,,,,,,,,Windows(R) UL phone License (Public),60721d3f-29c1-4361-a936-3126c7b70e8f,,,,,,,,,,,,,,,,,,,,,,,,,,,,,,,,,,,,,,,,,,,,,,,,,,,,,,,,,,,,,
2026-01-16T01:11:51.143515Z,"{'#attributes': {'Qualifiers': 16384}, '#text': 1004}",DC01.pirate.htb,Microsoft-Windows-Security-SPP,Application,2858,4,,,,,,,,,,,,Windows(R) UL phone License (Private),bde7b9c7-2cb8-4ed7-aa75-d8a9e6b9bb89,,,,,,,,,,,,,,,,,,,,,,,,,,,,,,,,,,,,,,,,,,,,,,,,,,,,,,,,,,,,,
2026-01-16T01:11:51.143515Z,"{'#attributes': {'Qualifiers': 16384}, '#text': 1004}",DC01.pirate.htb,Microsoft-Windows-Security-SPP,Application,2859,4,,,,,,,,,,,,Windows(R) UL store License (Public),33aa4578-c2ef-4ca2-9923-3b2c7bdc8390,,,,,,,,,,,,,,,,,,,,,,,,,,,,,,,,,,,,,,,,,,,,,,,,,,,,,,,,,,,,,
2026-01-16T01:11:51.143515Z,"{'#attributes': {'Qualifiers': 16384}, '#text': 1004}",DC01.pirate.htb,Microsoft-Windows-Security-SPP,Application,2860,4,,,,,,,,,,,,Windows(R) UL store License (Private),cce6ff7c-f53c-47aa-897e-8def397dd2c2,,,,,,,,,,,,,,,,,,,,,,,,,,,,,,,,,,,,,,,,,,,,,,,,,,,,,,,,,,,,,
2026-01-16T01:11:51.143515Z,"{'#attributes': {'Qualifiers': 16384}, '#text': 1004}",DC01.pirate.htb,Microsoft-Windows-Security-SPP,Application,2861,4,,,,,,,,,,,,Windows(R) Publishing License (Public),028f7ff0-9002-4673-881f-1626fa3d0bea,,,,,,,,,,,,,,,,,,,,,,,,,,,,,,,,,,,,,,,,,,,,,,,,,,,,,,,,,,,,,
2026-01-16T01:11:51.143515Z,"{'#attributes': {'Qualifiers': 16384}, '#text': 1004}",DC01.pirate.htb,Microsoft-Windows-Security-SPP,Application,2862,4,,,,,,,,,,,,Windows(R) Publishing License (Private),10b84944-e42f-4960-ad33-15a25c9b73a7,,,,,,,,,,,,,,,,,,,,,,,,,,,,,,,,,,,,,,,,,,,,,,,,,,,,,,,,,,,,,
2026-01-16T01:11:51.159141Z,"{'#attributes': {'Qualifiers': 16384}, '#text': 1004}",DC01.pirate.htb,Microsoft-Windows-Security-SPP,Application,2863,4,,,,,,,,,,,,Windows(R) UL oob License (Public),4818326c-2193-4cbf-9697-f79966fdb08f,,,,,,,,,,,,,,,,,,,,,,,,,,,,,,,,,,,,,,,,,,,,,,,,,,,,,,,,,,,,,
2026-01-16T01:11:51.159141Z,"{'#attributes': {'Qualifiers': 16384}, '#text': 1004}",DC01.pirate.htb,Microsoft-Windows-Security-SPP,Application,2864,4,,,,,,,,,,,,Windows(R) UL oob License (Private),c6fbaee1-b077-4935-a58c-e1302f646fbf,,,,,,,,,,,,,,,,,,,,,,,,,,,,,,,,,,,,,,,,,,,,,,,,,,,,,,,,,,,,,
2026-01-16T01:11:51.159141Z,"{'#attributes': {'Qualifiers': 16384}, '#text': 1004}",DC01.pirate.htb,Microsoft-Windows-Security-SPP,Application,2865,4,,,,,,,,,,,,Windows(R) UL phone License (Public),3e8f3170-2707-4074-b0d2-43f11ec3d6d9,,,,,,,,,,,,,,,,,,,,,,,,,,,,,,,,,,,,,,,,,,,,,,,,,,,,,,,,,,,,,
2026-01-16T01:11:51.159141Z,"{'#attributes': {'Qualifiers': 16384}, '#text': 1004}",DC01.pirate.htb,Microsoft-Windows-Security-SPP,Application,2866,4,,,,,,,,,,,,Windows(R) UL phone License (Private),f302442e-5a3b-4d15-9643-a3d153ae7598,,,,,,,,,,,,,,,,,,,,,,,,,,,,,,,,,,,,,,,,,,,,,,,,,,,,,,,,,,,,,
2026-01-16T01:11:51.159141Z,"{'#attributes': {'Qualifiers': 16384}, '#text': 1004}",DC01.pirate.htb,Microsoft-Windows-Security-SPP,Application,2867,4,,,,,,,,,,,,Windows(R) UL store License (Public),f9bcab91-760f-4427-b31a-e30dee235f51,,,,,,,,,,,,,,,,,,,,,,,,,,,,,,,,,,,,,,,,,,,,,,,,,,,,,,,,,,,,,
2026-01-16T01:11:51.159141Z,"{'#attributes': {'Qualifiers': 16384}, '#text': 1004}",DC01.pirate.htb,Microsoft-Windows-Security-SPP,Application,2868,4,,,,,,,,,,,,Windows(R) UL store License (Private),e310bca9-b6e0-4d18-a49b-1260f78ef511,,,,,,,,,,,,,,,,,,,,,,,,,,,,,,,,,,,,,,,,,,,,,,,,,,,,,,,,,,,,,
2026-01-16T01:11:51.174770Z,"{'#attributes': {'Qualifiers': 16384}, '#text': 1004}",DC01.pirate.htb,Microsoft-Windows-Security-SPP,Application,2869,4,,,,,,,,,,,,Windows(R) Publishing License (Public),55359dd6-e5b7-4f21-8b36-6d6227d2920e,,,,,,,,,,,,,,,,,,,,,,,,,,,,,,,,,,,,,,,,,,,,,,,,,,,,,,,,,,,,,
2026-01-16T01:11:51.174770Z,"{'#attributes': {'Qualifiers': 16384}, '#text': 1004}",DC01.pirate.htb,Microsoft-Windows-Security-SPP,Application,2870,4,,,,,,,,,,,,Windows(R) Publishing License (Private),5b23ea50-8346-4175-b87c-91b25bd242bd,,,,,,,,,,,,,,,,,,,,,,,,,,,,,,,,,,,,,,,,,,,,,,,,,,,,,,,,,,,,,
2026-01-16T01:11:51.174770Z,"{'#attributes': {'Qualifiers': 16384}, '#text': 1004}",DC01.pirate.htb,Microsoft-Windows-Security-SPP,Application,2871,4,,,,,,,,,,,,Windows(R) UL oob License (Public),a5099aad-1c9c-4d57-8dc7-6b3284d20295,,,,,,,,,,,,,,,,,,,,,,,,,,,,,,,,,,,,,,,,,,,,,,,,,,,,,,,,,,,,,
2026-01-16T01:11:51.174770Z,"{'#attributes': {'Qualifiers': 16384}, '#text': 1004}",DC01.pirate.htb,Microsoft-Windows-Security-SPP,Application,2872,4,,,,,,,,,,,,Windows(R) UL oob License (Private),e48c9ed4-7d80-40b8-a8a9-bfe6c1f3f3c8,,,,,,,,,,,,,,,,,,,,,,,,,,,,,,,,,,,,,,,,,,,,,,,,,,,,,,,,,,,,,
2026-01-16T01:11:51.190394Z,"{'#attributes': {'Qualifiers': 16384}, '#text': 1004}",DC01.pirate.htb,Microsoft-Windows-Security-SPP,Application,2873,4,,,,,,,,,,,,Windows(R) UL phone License (Public),fa453a9b-9aca-4e51-ad6b-0994ab16725f,,,,,,,,,,,,,,,,,,,,,,,,,,,,,,,,,,,,,,,,,,,,,,,,,,,,,,,,,,,,,
2026-01-16T01:11:51.190394Z,"{'#attributes': {'Qualifiers': 16384}, '#text': 1004}",DC01.pirate.htb,Microsoft-Windows-Security-SPP,Application,2874,4,,,,,,,,,,,,Windows(R) UL phone License (Private),7b0a6838-6e1f-42a0-8479-10228b30013b,,,,,,,,,,,,,,,,,,,,,,,,,,,,,,,,,,,,,,,,,,,,,,,,,,,,,,,,,,,,,
2026-01-16T01:11:51.190394Z,"{'#attributes': {'Qualifiers': 16384}, '#text': 1004}",DC01.pirate.htb,Microsoft-Windows-Security-SPP,Application,2875,4,,,,,,,,,,,,Windows(R) UL store License (Public),60abcd57-8083-4a60-823b-a3cb9777e88b,,,,,,,,,,,,,,,,,,,,,,,,,,,,,,,,,,,,,,,,,,,,,,,,,,,,,,,,,,,,,
2026-01-16T01:11:51.190394Z,"{'#attributes': {'Qualifiers': 16384}, '#text': 1004}",DC01.pirate.htb,Microsoft-Windows-Security-SPP,Application,2876,4,,,,,,,,,,,,Windows(R) UL store License (Private),fed67c29-216e-4e0b-bcb3-c6e5ed504843,,,,,,,,,,,,,,,,,,,,,,,,,,,,,,,,,,,,,,,,,,,,,,,,,,,,,,,,,,,,,
2026-01-16T01:11:51.190394Z,"{'#attributes': {'Qualifiers': 16384}, '#text': 1004}",DC01.pirate.htb,Microsoft-Windows-Security-SPP,Application,2877,4,,,,,,,,,,,,Windows(R) Publishing License (Public),c9cd3f86-1777-4c3c-90de-f929d0f50a55,,,,,,,,,,,,,,,,,,,,,,,,,,,,,,,,,,,,,,,,,,,,,,,,,,,,,,,,,,,,,
2026-01-16T01:11:51.190394Z,"{'#attributes': {'Qualifiers': 16384}, '#text': 1004}",DC01.pirate.htb,Microsoft-Windows-Security-SPP,Application,2878,4,,,,,,,,,,,,Windows(R) Publishing License (Private),c7667e81-1830-44dc-b3ac-5e18f7c47f71,,,,,,,,,,,,,,,,,,,,,,,,,,,,,,,,,,,,,,,,,,,,,,,,,,,,,,,,,,,,,
2026-01-16T01:11:51.206016Z,"{'#attributes': {'Qualifiers': 16384}, '#text': 1004}",DC01.pirate.htb,Microsoft-Windows-Security-SPP,Application,2879,4,,,,,,,,,,,,Windows(R) UL oob License (Public),45ce0c33-e6b2-4125-b63f-bc2618e72fcd,,,,,,,,,,,,,,,,,,,,,,,,,,,,,,,,,,,,,,,,,,,,,,,,,,,,,,,,,,,,,
2026-01-16T01:11:51.206016Z,"{'#attributes': {'Qualifiers': 16384}, '#text': 1004}",DC01.pirate.htb,Microsoft-Windows-Security-SPP,Application,2880,4,,,,,,,,,,,,Windows(R) UL oob License (Private),37b213fc-60f2-4491-b71f-8cc8708b6fe9,,,,,,,,,,,,,,,,,,,,,,,,,,,,,,,,,,,,,,,,,,,,,,,,,,,,,,,,,,,,,
