2026-01-08T21:13:28.585526Z,"{'#attributes': {'Qualifiers': 49152}, '#text': 8200}",DC01.pirate.htb,Microsoft-Windows-Security-SPP,Application,2733,2,,,,,,,,,,,,hr=0x80072EE7,"00010001(0x00000000, 13:13:18:316 - https://activation-v2.sls.microsoft.com/SLActivateProduct/SLActivateProduct.asmx?configextension=Retail)
00020001(0x00000000, 13:13:18:348)
00030001(0x00000000, 13:13:18:348 - https://activation-v2.sls.microsoft.com)
00030002(0x00000000, 13:13:18:348 - 0)
00040001(0x00000000, 13:13:18:348 - https://activation-v2.sls.microsoft.com)
00040002(0x00000000, 13:13:18:348 - 1, <NULL>, <NULL>, <NULL>)
00050002(0x80072F94, 13:13:18:365 - 0, 1)
00040006(0x00000001, 13:13:18:365 - 0, https://activation-v2.sls.microsoft.com, <N/A>, <N/A>)
00020005(0x00000000, 13:13:18:365 - 0)
00020008(0x80072EE7, 13:13:28:565 - SOAPAction: ""http://microsoft.com/SL/ProductActivationService/IssueToken""
Content-Type: text/xml; charset=utf-8
, <soap:Envelope xmlns:soap=""http://schemas.xmlsoap.org/soap/envelope/"" xmlns:xsi=""http://www.w3.org/2001/XMLSchema-instance"" xmlns:xsd=""http://www.w3.org/2001/XMLSchema"" xmlns:soapenc=""http://schemas.xmlsoap.org/soap/encoding/""><soap:Body><RequestSecurityToken xmlns=""http://schemas.xmlsoap.org/ws/2004/04/security/trust""><TokenType>ProductActivation</TokenType><RequestType>http://schemas.xmlsoap.org/ws/2004/04/security/trust/Issue</RequestType><UseKey><Values xmlns:q1=""http://schemas.xmlsoap.org/ws/2004/04/security/trust"" soapenc:arrayType=""q1:TokenEntry[1]""><TokenEntry><Name>PublishLicense</Name><Value>gIS/FTQnUQ+LDv+iZfPZU5aagCvEKUuKrvjBgbaBT/2Yt6DqNyz9JA3gw0ZnVrWKiW+P/ZqGffMKQebaBc8tDhhOKBdGiFfPW9q/EiWFq4o+wh+27dGjJduFIEGHER/Xtwvv7ZNPQPXJSFq4jMF7Ls2jgMKqjVjxmpvoLZLG5y61T9KSa8R1ahesF9Bd8jjvZn99ixx8auHLmAjE9M4on8MaAWHAKv5uFi74fHi777mfhaeENEnCUoW5w/tjnTyuZ912ZLkijzybf3Nk8ZyKE28eoAkTgZfAeYGAYoScIJkM68QGYCAZ3+o68UbM8ezrwy3+s19ZycK+X4hcGYvjTmIc8dY1Srm0uvc/itJLLW1D+cj0NeBkKOOi6TVA1yb6pX2hGA12NSDQCqFRH8DGUcslIek1QRxix9sShuwRKvs682l8IkmSiAOT9rA9N3XF/UaOhIuHU0uFaMhCcncyiVHy7URLSq6hEIs24jNf9v9MQN/kVPL3f0pDFF5i2nyZNk4ngToawE3SWz4wVN0OwLCAX7kgFd8H1QuUhEvxY3sNMArGrp1F4U6eOdXQW4RHV6wrXOIqgt+VCGS5qAZMIrTjCvHOJztStqpUCvGWyqn7nYila7oH0T7WbqZwKR9p3SsYSGKMgDNaBmxZdlMLSxwsVxxMplWiWmiRiPdQNC7dyNNfNjVLrmXI4KmiOZZzf3/3hXs1F3faL/we7OlIiMe7lJTWWhVj6BPggQm/Sh2ALjkZfIDKQlg5AioTfDR8abPTX1S1nJ7OCROTPI7JL106fq2HgMeKBL8iii0ihBY/HhzopXRN69w0TZ9ea/PUgR19cAJcgN+myRW/EeGuPzvAkx4X9ViHXsi5AWNWhWf6oWs7Fo4piL78QEaNuzGrSr86Fp25M5DeTLKTiXA0916i+hqSxkZmNFIc1Q/Ihr4BDCl7mHyN9Jk4sshUzocN+efdCRAIbD4F1OFPOKEJPl0u6MHNNPi8vK6sAx7aEvGqJWCGXnrsdVkUQL38u8kzF96WwM9TsQn6ZQ+CETuADU/QdkHtBthZ3fCL/88UNk7hrQlkWAEtkvvEAP4G60KDne60PdkhJp452Jib96y/2UPdHFNVlVxnCcrOP/E/wKuEfTirW/39ROK9QP/ZsFjQEPqfypQyLmEmg+CX06ra1IUeJ2FjDSv5ur2t+UwVDMuDtQJsv/4faGCQ6COGg5TkYy4oyJ6wFo2v3uqg42cWq0yaY5CNL1hNeuEZzFAqipJFQh+oJo+HkZ8FQxrseymY8gDw+3n2vYNlyUQ0bo1CUs2KsvMf06FLXbZD9poFzWDvQPf2yRikGpA2FPxoIiWwGdcUUdiTUxDetf37Rsgf37qSseLSJ3FiTs/B69Q88VC1QOacK5b1peTnDGXNj0Pl20ONtmKyFP4JQyjCpVvbTkA7QP8mXrBNZFeXvn82bF6thdGY6NuSLEkPql0909TC2S3ibTbL6uCfRvxFk/DMj736TO3EeFjufFfz55Ph0JK62iURQj2E1hSkCVRxXOgj+e/tJWZ0Zf0wawnO9lvZhV5zfa443Dq8pYXUtvC2iSc44ZcQi1z3NTi9CcQcWksguKI5urbOsGT6JoPIBmTHcaa637jj6ty4XffQ/pYabU+f1vBaNyxKqJ7vGZASA2v9EJHNd7xPrUIw60pyqQDPx7CjcFwizMloFWC/x2FEFypdNT3F5rZZUg4XDXV44eVM8TCtoWElwBuYy+pirLW6VbpSyC4r/o4K5ZP9Gtnb9Ogi7yC2mNKsiT/52QsRMTeY7xNSwcQiSgsqZ6pyGMZc+xeTX5bnfiwWUSbUPFMVAO7IXO/hDrhWgYwZX6/Aux1M5wk4K3K+vO0mfpJh7/gFkqty4euYUIkXNtFoGwOU5gBEimnikdHYR2Be4FGfnOuZN9gyxxNjQhe+rhTHKbtb1sYlKImsVWQIUz8sikdqLB2WkcJ1640bDEU/REXJBgXzgsyNz3FkvbqvGLJ+WWltivXcUYbNDPb3SHPt8Hm2UwudSZt3pkHFebyHYl8jXMFVUJyY1E/rd3I7jlBHiY6DI05zSC5U4/qSG/JjZmCC4JDKW/mEqniKLZwlz0pSYyjbmTydfgu9d6Z211G1d4qpwXQUWSf86AwoEPH7kz/Z26SlWOXGio1AkKKFTr378Jy3yscpYV5srSiqQ30qtlNIJz9IuWcjSlR8FQeTr2V42uT53E8K9pspvDh5zo8ZuuCv2lAbk1ei1MLqXq+aUHR/KsRGPhF6DVajbQKnTGSN0wvS/z3gb44oBFoUE1EC+GwMz98TscJDa6mcz80mDoH/JYJI6laU3jaSuM9DWJS855UaqvPxD4eV0s9XrR0XJecuvfcsSGnSpODTzH6zjV4UIyDkqhLfFj+q7ZOi2LSH8UsLG/C4/iN1OnMWpc1c7sROBdKuq2+7yquNYj9GGRXZTaWDdpb3QCk3hTc2LfNZl2mhmWOJOFCWUfPjsYlAQrzkNHZs6whc8QTUFFgeuhHx7EmCEGZkOFEHNEGJKIPc90w1Y0+0LcfOq52I0gYD/scmoq9NAE4vTApMNOmorNSzwHWHmpihW50xCOIUs01rkdUR+uii7tHo7ECB1nuPZXzjJ4UqBv5TDT+G1ZPm3ATQgeXYqQkcDtYUsE7eUaE2wSky1OkYfKZZcbg1HZUm4xuxbCkhJc8MVKHY7ZsSEVdWJh8bPSgIKp/Qs/k0oVISqHLpeZaXg7OdzkA57eSiIyW5xCtF7yTpGTv5bbLNO1Yo7fKTSx7AIbaATMo1O+BFKWpsT99TXWy5eBjULRcV/TqSvjc4efRYqQW+TL+ZsaAJW0MCrC96CcwNRkNvHQNa0Yk1Y2eb3VIb8rZSRF3bauJ6/vtyCQi/sY3E7xhuXUYVqNqHT3X6ulo3OIIlNPuJDhZXNgYDOXtRe648fTk5z3sZ+iSWloMBsUz5KN0KWeHBHqiUVvH0pxzwStELNjTzK3NfRmwHB2sVe6i6ECkAu6ErHIbO8yvCapSJYKj5d3HGF2GrSgl6oT93X0lfN6pkA/TcG67Z/liv3lj3+JI8pzr9QyHyXLOJB6exw1McK4NKhafThaVqlVAiqv/DaFyCxNBeS0CAxvYYu5hg/0kzGUfl8PouzCTvix+QGnXaSlD6vz6MYjJI+5bMUQNU6VrnwfAUyIA0DqgHz2xQuA2MKKZ7cI21gYfuTfcGWIiKi0Y3L7AtSJASohAm/RQeyudnp39b1fJFeyJCTlMMH8hDfAuM5dk5tHpDVaG4t2kT1wpQpImoc6Bx86C7WFWR39fbvB1OfEdnmRawKdc9IUdywRUAYLygWtDdmMEUiqweuwcP/a2KMqIgB9Ng+PVVnehNPUz/JGKsBsAmc9Mtp/Ud0QIJhjWDwkRgF3K/dLifw0TUhkDz2THrg/HaMh7Seut9ojIE7BzrKXm9VaxVl8a/OpRTHmWIAQRt9CsgRkMOixV4mkKQKV5f4omrVpChO7/HcSsZa9+DfqbMLJxm1mp7gDk8InO3EKjjikNsU3ot3xn+X17B2toKWebUK8jkiW43EWy+ClD61rxv4smb4iXwVwCKKunhSdOdDiwqVZ6rmuBDZFo5MbQUQi5+j4q7eOIjeHugKLAVv5QV4dlimopjTwOUI3N2qqd0m53JZYptTV2H/97hBnPtzWSby+2Krfu/RjyAAgbZ5/ctW4dogoI+IIogg/ki9xP91Y9wWMVdDOBbcPlFocteF6bpR2A633XFYKzmjG0eDfGbbcidLeb5CW9Hq8JFUyV6ctC5XLzjOV1IHjPAbk3YsuJozH4JdHTVmNo44JEM2fCi5JImaAI/GfIEiiPxiMrvLg0IIT9p9q53M3DDlBuax39tKan7LUvy80znBvM/UAJI3N4Pq29xKPqvWfmXNlV5QN/aga0vnK0JZF7jctKJMk/zNb7pDeKBi69paQPif5J7bZPmP/rLcalgw2VxodXOtw3S/p4/+mNZo2vGfGjujjmSGJivIvxNovHVrnO9YhdavMplZmww9bsC768IZY/DvGV/6UpGdG59YHS28x4zjv14jEGZSjvbgEpmSz7QvSrkttAgV4Vu+SO8OEYhj0ZyJDn0xHurbN/MNbxkyTqyHvUYN3E9B86utpbwmHvibUsw2CY3k07lHUGDqA1Umxcyp6Nw5NXhcFzw9k0AoM2DHDV7II21h0Bu5lshNrUr0ZpIWyhdyE3BtE3HW2ICnkzXz9TAIh6MwwBDtoSD2tChMtadVW+9qVnnWB6nILwSqaoQKDTzuVNfdqmO6kJwXnnKxxadQruE7GL9jq2JPPJZGdWzhHip4Tl3fmg/Oy7mU9OhvpJifxrw4P9CD9j9tCE0BRS7ee0zWt8RF6P4R6nvs9/aoXXYtApw97fXH7j7E1ivfpxW8oMfO/DPJ6zo0AIsUeJ6gVDg9qqoJ+KoV9PP5CtZCdQrwBFJ0kmCwjtv6V/CO8/uwX1Tf7hNcKdUFtzWs3XRWDPa32zri51MhEDiy7yZ5cludW7ANgUGg91y2QHubea7KZY6yR5sMsIXizzEBfyVnxzFdCARfF7lx4LK4dZEi/lqOwm0BTSnZIyjNb/hw3GIn3xpDteGiyIiy3lB+pyi6gtkE9/9u6MJJTyocAE7/yHVcszgOOotQ9znt5+FqJNGFLyv8rGj/3eHYko23NjoBJTybfYyvIUV1hl1HahTgI/W4WEC2VypCJegmvl/uO13tsuCYpBiuXD8yXoo7LIul74Se1wOArEqCICmZpKy1P7UEaeME7j33OCPseSyXu7ebt7Lb2WdgRk5PsnLtJpek3wrNudc6qD/O+j8rZtDG2ZKE9XsMjJKPRdIuyqBwQMQWblyZ/TfyG4SOZBE894zbkYPSRK7iCJiz1QZzCI3jEb25MFbDL13M77dpW4oKoOsraFaer3XhSo7Q6l3kzrfh2Gf9T1yda45L6+NHJeWZV9r+QZ+I2GWJX6VFhZkCna3eudq7aB0WzKIPPz5b5ZZclFmHonc1ISicOzu6CAdi1/Ax+OovK7GwGwjm0/dVwe+0m4esI5QXoJCZbRp71fXn0FMo/M7l6G+OFB6jrHMh9YCAz8K183ivhgagGH7nyQuIto2229wwk1mgnevr5bRj3mcFuq7glMyQ9Upj9NMQvuLPZ2gFJw5VZizuICEO+T4cfW0d2OLCduWKv3N7cqoCfIxR1+W1qWTVxRue/bCaeEiRI3O9VePkhstA4LJ8yQpGdDpX3rCFW+PJK4hAcylYJ71oCEIywS4XxZfObnuheogA09cFTrYmLkfKTjWteaBwsoDcYjviu2IibnRw+nieoKVHp0ysRASedQbc5Z8ybzDBNgjXiTS/8IT3ZAoqYvdXcMfvNqXDCWdBXJpPq6og6PYYVPIDoQ2XrBYPXn9F+fbWWNjTpb4NbJ0XiomSgQJH3vaWB8FrrV4ClvcRzPBhf/vFOiEvIyJPCdV0W1paw2NW7dNLNH6IaCxzyAtR09ctHj6Ed5TNglaAIiPubwfHHjD7agPekYyPIkbTeBVY7uad/7Dyy8r4JqzRjtI+FgeTmk/tYg5dTEw0Zff/IK1qf4rrJU47Yvjl6Qrc7XxYPlgOhS02Omm7zDe9X8J7rJQ38l6iolqB58AfqlB2ffL+iqSccH3DP3AMnjeuUB4IfHPvGsLdTlRrXiLty9/ZLnljAoCumkBWDTfME9GLQoZ5V+3/mRP25cbx15w/+aZZDWBHWAKaCEDhLXkjhxZBOzcXujHzDoSz9N1ThPj+9oSP0AXBV8SZ2xiD2f4DVdv67LDrrhWQvWVtoMVKgDX6NCSaApE5O+W0TAEYufj73rm1OhTp5l81oWccUEeIwRQZfHezmz9+EGN5uFM6kGI9ZnNuGE3ndWB2/cXZFjWQPVYsktUpuJNjdjyFpJkWY+17wfxmdnaspkKpe7bsyh1g/s1+VlK/ITng4AtPpoQ7VMnmHexdFvrX9zSXif+ApvyBB1RkumJpdwcP7jyY163PGQWwsU7u3Uqeyfw/pkNywOAWJGTXEiUgTECfBfrYiPEIHtUM1QBVIj6CuwNNrVFyFjdschiVKzCFjeQ9/G4U1nYSGvhEmmnBovXfdG2mW7lSsOt4fhGe1hoIoMi1RkDAiYiFrr0Ho7E8pSifheCUltSA83iVreXOyPM8dARbxA2bBMF9tvAtIRr8vagXy13/zAUBIDs0xIljMG+Ez1JXl5mC2MKYM5Jzt+XP6sNkKO66rwMVPCY73DEGbkJA2n8nb/6dwdiW9cMdLdwPwa9y5H2CQ4s93QAgDzYsJ7pPqg6UYr7FapNTx8YCwUxvhys86Nnd4uQkHqVo3BBIpNUoxxEeN6kUHaTHTPD02u8Ke1pfUGpBv8q31+k1qAKvyowyJjF32j3/teEcxqd7kHUliEb6iclsA5uiml43+AJQfbhjAxhZCSLpy+CICeR3vRrAYf3/RF/YFyHU1F7WHGk7WfbNtn+eqXxyoq9C2u9YpA4Ei7z1FFlqqPprXE0kSLaHnb0bhhMdgA6zAM3bCxCxOPmz9T7PgRycpF/mAmG14h2j1jMEGdoO9MUexzb3EsUiSq1RoeKZAOpIUSrfj25bew+ST5R/Iee24s6LuadELM8KhphibLMXxrQB3fB7yQdJn9OtF8RrL4O2NeloTNFzKwYOI5yJ6Hheaf0jqFE4XBBZ1I1hIEOcckVggywD5VpPKk1kdNFDQDw2+FLvNDiXqgIh812xP+JgscOAIChq5ED+uJoZDibJZ7nqxCO8PbBUvdNNVy7I5yIK/d2k070KQLFn4TUliJsn4tKObHYnbbXXjAgUtQFByjdd8JLLzKMKzRf4feu6eRB7OI+lJ9mFfbzhuiEUo1N5OyU514COGlIcFcvDjzLhJPj2zWMIPWNzKIL0zVzBtwTywrlm6D8ubGahc7gTzIXzQaLVpGpBXStaQgwu9IONhiI8C67RbfRsnhH2mHW4ATb8wsMAQ/xbLBjQldkI3qqUG/X8v1oRUobVg/ReoYuawYj2TA/IB83OvL4TDbgCqfEbVaicBDly4dMr3GwrJryGHnQb7/gAbfy2hjaLJMyGBm+ITTHFURVvVODRSeveJg+uGyL9esvyV9vc0tYkAp7UGgbpZUUGDZnOfMwE+gUtyV1XhNj2ugHuCSW8mMzrUkhgSkBMUVnusm306qHH74EKoRxMubaNNKTA6AABRqZ8sK4KX1iGnU8fZCI/9GgRhud2apeouqh4buVa0OOo6jUzZVGJ8b9JNdaNigDtznKJTqvCUgzGidbHKkWcZ+uIpJvCX5YLszzgcSLouFEwhWc9TwdxDU1FYKsTYmbccMkSoxYwnvR1Wx5+E0TxeXLs2E/CimIU2810gDvQ2wjfMBj/XWq0xqg6TN8dyF09yrrTShF5RG2x+HWlIxcEUAZjyXBHqJXXE0m2ha7HKfl04tJfzyKl1WBNfY3Kf2BQK6kSCdOqY+wYc51NvDrfiLtwOGJ0X9e7wamxykZwD/lfk3jEmzuSlBwvCCym1aHtD9cbpatI0MgkPuAnhsn7Q9nz9SFKWB+mVojkoPDMJ+KrSxHfmiQbXdxm1ZFBCGt0rUbMOCaC3gwlTWeT3VFg9oYzckU3yO3kXzAEJVvyRfl/cv6KCmQBZo82/x2by77oI7wE59Yu4uIK7EwiXmpz2uUW6l3/iLr8Quf1SR2+OMjGG9V24zMDikW0zGvmAYcKHUXUhVgnDO9UxrSLnGFZOChZjqjhSEEXbFh0T8s3UJ6qwIRnKhtmWkC8q+jSVpqGwKwy2O9sWL2XkWWW8ogxv8dAqMGpyrXBczCpIaUE/nC7Y9pgwVP4ZguPdYhN/tv12uX+2J0nbDp7BZn7zbW13lkeB5jjO2Oe+8/mzEsiE/4HcyJ0RoDJ/R+InH5tu0cos9IQ0gU1SSq+l8RZPalH4eoZ84wStyx88CQzUOLjcqNTi3U5nyzI3W6YmKZE656X/GTw0IxVMY44HEiQ0gkV4RDgod8FcDCecWsncHR3Rb4hMsr5X/bJxTVZ1ll7f5nofdi1fveBv9HNq/pR94YaQa+Gb7vUZsnLi47ssT3/YazCpL5Tw/j1Ihowo/yXSNlwJw0s5YdvbhiPX6HxaxdGPocDBxFlQjKJZYQxe++NTPcJW7/8V0tjmBt4iydORXbZhc4LmNeCa29qb8XpgchKWjzkaJO0wcOe3G6jRmaUFKfaQBk8HXZdF0GVBKJ4iIYDC7oamPmongUmFV9tsOAeoNDLNDXMq91pp+gIQkVNhJlF4rRtDG+c8XWskVqhLSHhfObrDpdLgdId+2XuvAHaqXTdIihQPToSpWbI6z3iM4HwA1AKQ9G3Q7qEXmQ4T0m2xTomHV764M0JyvI2olA18RNqhPZKgA+4vjfZfAuPa+aqvd38EzNcjN9bFywOMz6waZxZCnKvGV5t4kzH6qNI0q2GlpsqbN4MWA9f6ClyOtS9zEhOb+lAAmbLyFpzifXKoKxNYrdWJCT0JeLhEpB1QCeeZFAySlLvPsvJ/HmT4aTkkeAKQyEVgwS0fQSeRwZj+vHLd+0G5MAmE9uKsYX0c5gn5+72joWfAaZjEB1GSkokim/+n+TcsyS05E4Ht8qFVdImXfDly89tf0kJ9nP/kpZ0dGnnDDvxzAMj7lFaw+6MccdrAruNOUUbpjti46cyaeY9HD9Al57pWU5K78nx0gz8UNOuZnaY8oNDQLJJ4FIHyb+LLMjPvIjBajOvnllSTb6ySSbHWjerkQNGcdKJM42gJQkT/SXa+B41zYu9MuwiD9biOTE02Wk108PLgCRvuJHuDJvZQkeXXoxQ4cPMH13N12rzceTHAW4qs7fxhwLQZJcqOc+1lXxCzfHCvSnh2sgH7nKArZ/m1zQj2J2DB6ldBwV3RgroTxA7gU4tDNfdLd90xzhVuZuayhXefDfjZsZ62zle7pSmbxjX68F5AXABi7BFfVwOaQx+GASBdbk/2QT3//tuPMC/U0wGR3I+aarO9gccS27G1AOB7OozNearuPyzOQ10WYVtHiM8/LbhZxJVPjW1KAcOje6jgWdp/pLSYnnrFfY2uhjI8PSSwkNuskJG5mIoRwSKYe8LDkCYdCc+ptEkj+JDDc+58f1IwcIarzPJZUXcNiCL9hhF9IOvkPXRt1EIRd9jFbtmFTBjXBW8XouRRqQXnEKyGli8Nro+kqxDobUX0oHh4kc+JGSC9dReSCmVZ+BOLbTLC6M4u4lyWlXBEdyZAuHy2bD3D7Y8Cb313DQYrY/WbhkF8iQF7iuh0/rMgv+0fhvIv7Wh+6J/5gdhEo31zDmJwYlW+UVJ15jWBIgbfxKy65RbO0PrsW/hzTCA0B65hEbhqStHvOysgXSiTSDXWlF8ANNER1M9o+LBxHidCDQAUUBqpppBCW0OPgf3qMIL7bspS5ceQyTNqir97EbRKl3JrUu80dgRqm/FGIZYcj3aq6eF3i3Ab4GIiEwG1mwukkznyFQtwFzqjjEnOfOl722Y4AV3TV0RHGqDuCsmKLlGQWQW5swVDQ/T3Ur+VDo4rvyeIt5hSTd18TFFM4rEj5dE16J4XK5I7PDlS1qpTkMSsO+QSQ5T/8ls2KLnnUxjnBz4EsKeU2Q7uWZwEHkLCM//bmJXWuVi2GfIx0FPa9slw9A99/oKXhcja20+BbI0kHLwCwpIVHy9SbTa2k6/CVnPtKq5JBVocz4g6mR7+RIeSEStjQ0KlJXEgeIw0BtEZuD2dvI2plNMEX0rX4PPiUGjaMMXbXc5D4yy7xODwUCN16QMtXnRHoIaL0yfSx6VzTkK5GdZP+I0yb5TK5f+K/2jeeZp1W99UvXvMQCllV2wSIwSGNpLgrR6nnAckcCnikJsxcTDPJLkKI6ErrV61oUe78B2kUD1LUaVEWLbOeszNUjD3KP2DfkZRblxHz9U/fiRZThC6wkeBz5j/Z4kV2rcWZJopN+IX6C7SfUJxZsO4fml8xtyb8EG345wYoL/dOF0UGuw+mccrAY0tWN2qEJnUP77JfzTCOsGKi1iIE33uFeBtQgnuOs6Y5J0hlpqs5uUtvf2lUichhSwlnZ/9+6UZQCJWSIfCsvjZr9aehsX/cq6uscP/0gwFAEjBMhJiDMJwDtD9NcJ+ct1NNPOtEBGMhyJxwSqeYoL6lbv5RAms9z/SnCjIHqalwdsFh4kmIrZPZ1/kzPARRJwhpDktLsds3mnc9Q58DAdytBDvj3rgTNa78JZtOjiujzq2MGNQD2mE9kpeaZeAp3Wy48mMXpFvypnm/8ZcIEBUwkZmtS5dwoFkokljUsPkfD9Qz5yE7c78Y5kbKeuLGSIuP3ZsGaafgyD6d+pPbTaAH30P/IK0OnwPVBL4rbweQCi3fDDK1ErWr8d/Xxll10Puv16rSzfF8G4KK6Y2ZGTmeMoWAKyCOduNFc6aZesj+Ci1ZKmWbdfLhrj19spKBbN0/qDBmqnGiZPpJgbtHIn4TLPaY26PXoexiXnS8LB8dyi7D5D8h98uPioQuzII4wzN0m1vAnAztn95CGviYFIIXE7zgJFAUcyLp02KEetd7TxxJuWf5fJAwTPjzqyRCztMS7yFVGUg0jmZr+JRcwrtvFJOfk+4bYNKRKosmRS9wYxoQAciOnR/Qy6LvnOyww/ULMZK1JGFsvRq7Zh4Mi4ttaGs0jyQ9vSNJb6bIghFTwvtC0ghSSZKuTmOVjlT5QpOELGf6ydANE/HsXzz3S/207MTArvP+IqpQ6Nnqkg/4xWJ5USzcq6Lqd00u96WLn18VqypEhuaS8lOu0EGMCBT6L2nxwMxidj8t+9KLmTcUsa3cSrm6n8rpw6vKt9Oci350hXzfV6DQDjCrTWzpDjMGQ/GZcq2ZN4s6ftqvFMk3GfgWzAmMXjCG5DTR/S0piFvBUAPK1jOqFyzUD2tox7qCtjvjQhOai3SlPfBMFxRsgPR7gA5KUFqg4csywgdLnDoruKdyWetRhz2m986NHbkKd/00bn05Zec9/NPSswwvQgV2Nvoy+ru5ZuuAnYJoMtT1yFiGML48WnsOuNBJO2J9mL5Nk32ZnM6+jthhtapkqijPfvGgfRZ2kc2xFzEQW4hFyONmz9HtuI/WnjRF9ouM+NoWJklJIRXKX7Q0Wd6SQabiI9MYBVumAi/BAz+2YBfJ4aFxyt3wj9WxG8ZdlzdWMYdBjUZC/CVrs7hV5Xhm0d3BYXCrd8t5Kl2CwehrC+fH/ml9iUrTFoQyUjUz5KVsLE6pZwQh7RZpWf5WVbwUqRXTE8jp4rfxgWoyeA+tD3iGeNrxWWHh/dtUavL0z9F4ghmwVIoz/6vFB9cTyVSIH3d/R4JVGnlTVjUhLAPXO2scYoiRgJEeqieUi8F3OphBnVYd6PiqE00VO73vlTPP746Ev0lMn8L6Am87JJ+D0yP6SG1HhZMD4sH3RToQLyG9k7qtIFp90qRS9m9/dIF1DwhQZ0hUTCvWT/G67YkiTVZ54hAReP98Had3Umx6UmECh15lPijR1/e/8cEmFZ5pFecGYVkVq10XlQiqq0Wxp16q/HESDhy2LxAYZOmbuKLj/0q7/LagEgTzD1dX/JF7MRnQc9/Hf3MF7j3J/M06ZuAUVoNtXFxAw9jALJmkUs16tH6kL8IyjVfhzLa1uIe3VV6ad6miHNrftiISwyD/xiqcr+qQMDry/Ko7eocfrfwexJ2DLtt5wlkFKC+Coy5XLL7AYIzQkEK7TjLBaz2W0NSpHvdRnuxvI6ZluEa/PxwIOy6Isa2Vdbd1an/TmSZpLY33ePSmuibgKmcBvhHDRZnpFEMiPKhZv6neUlrWgFhynUIzTdjaj+zRCRA9H3rpuMl7a+zrY/6JK+1MVIVqy8SzsgWd0aMOqml3JOiwBrZp8VxUZxXADF0RORb2Utvuzh0C2bKP2TqhMcgzYbeksT/lBPT7mOUa6Rm3Vg1/LGxNZUo4gDW49OKH3ebJIjdb2VRJTdfXYOo6BQXOwFkIjjuTnWdXdvoqVDAIhDt6NvIE78zdLaYMqqWA1FRiqnCfKBPzOKNNyykiwc5HzYaFGOiurBwSocG0aMYyphAAC/kIvuSnqURTKqWZJ1lFp1ED4e3VP8N90kmBZ0PGlVATLm65p/tKidofd5YBibk2T0c4nGc8RvrfTGrMjvKAUmJjj8h2HN1QFwIsQ2p+2LJjKzAcPZxUOkdbLpjVBn9/GphBAUVJtW/E1Ap2V2qTXxJxoApMrxug5HfCUGDNftFdIlI3rI2reh1l34VzSPtcVKXWPa/1prWktJxnNt6JX5vNKGtjy6lrgiVB1Op4yIlmyiNGoi3ShVSZnnfaAEbiHy7/9gdXJ3NKZRZ3DuBhJF1DcZMqYGgvKxQ0MJMP2L3/5+nwHDAX4Pztk4kmBPS6NODDw3LUZ8vi8RC0lif/P1LyMjgMj5zJ7bYlUfFKhw/aBjuIQIZh2xAwg6Uq1bS5jeTlRPHc7Zk/cPw8Epe8hVShAqiVMA5uJv7YPLs6WVcjcciLJCwcxSteSHeTOEd59l+nNG6V+eH4gCLSB+trzYsMOlUALNwjm9eU/vepD1Kv96yR6lYyfhB2TEiMFRrjVZJceVDjtr7f4mPs/DsYRMFD+0CIGkBVFQfZ0TLgA7u1LeiIM5RNnccTdAZ0oLpdUvXUS65ny7+v8ord4ImyiJRXhmdPy/tj4EHHYA0dEbARmLib4EhDS2R352eLoAibJTEdiJYDqekIEZQZEG5X1LRkqegbfnJeRWqNH1cbg8zE2phUe3m4SBzkp665xgIyuvcrKWpGYB9YVQZhhXrreMj6j+1NizrFbrDFC9usJ7d2rUJ5lJwFcYNek0slLYzCScbWipnv+/wzYEViqF48S/SezTjvEuU2wDJggXjQvwollbf5TfdFL6JAbMUtzGTLlXtbbbk3cEhoQGwXNqbIy8X5ozhomJmThFlFpcBdI+cAIbCYjwGWFeEW2jtGZgDmEzVDcYL1MLeJNRT5Wbd7DF18k9hLyiKq/wbq0XJpsavT/io8hbiZwUZpsU5xWzitiMZb9Jk6zz9FlemAtwnprSfRUCoPQLpikUK8XQi5bU/A+Lb4Vg5I6KlPT1QKWU9vfeqOJlMIdPTNqCzfk/VvW+BwBtKJImkTaEM7lTTunwwg3W9D+LCxH+qNnFuEQ8DKaI0LzsMGLpD/PjERDZ9Yuc0kY0xvqRrwkzqzKH3LuoacvTnDDsm9+B66A4/jhluiEq2ot5uepF2K6ahVDbUjovMoPvQ7NNYZ+9fuU8RKKRz9YywLjSGMbhGPLZr1KDXgfA+Oi6VYhfJJ2o+DAKx8gI/eyjFMAH+ZDmMp8wa/62WRzK5MLIgTK/KuMgDoz/zyuYQO/+CnDAwahBfcSizstqZzZO74cR1/b0uboGDtQ7ZdFl7xciHKEDfkhu3sWH84V9VLGYhX84KrO8iF/KcuRFPYQv5Hy3yyrsziNW3snOxoBTpZ/MVwl5eDyuTp0vvYm3wNtNsElYJ/fFCUlAKU0WXP13XaIf0qmMczqizWV2/aYRsw82/0TYnQHWiEkkBS4isMVAEljYnCPWXuxH6B/jiz276E+LAkI1u/KqLtB1HV558rCygLNFeE5iZ1dbEx6VmGYNT2LlTle4q0o/SfZ1ZjBj5KDBjja3o3/QkVasXHHfLJFKF//tmkBDSruUaV+EhdCh7uOwvL+fzGKfGZJQXPnHWAehRx0Je0jYiJow/3HRwSUBvjjGbRbc81CcKOcMbHaEqh6GQcEM8lCwtzACxjan92NEqh+sE2bn3/TWQrtyc729gr1YFHl429y9MHCgrM1zg41GD07DkRh2tgATSSt4NnE2RgpLJm9KfDn5Uq56+dv8EosUxyO/Eq0WCfLYhwniLjppzmsAJFwdpjbjfR183WoXiQgrIvVzCYU5QJPKKjXDuZdylVIlqIhwt5vzycx1q2tHJBZ+S0eP39ciFD1cTBYs65spSU4o65YyBvmAKW+vqYPIa86T3GM3J7wuhAcRlQsnUm5991FxiIv+FiuShfJ/9NrAYFmusaJkX/dFTz4f1PtXpxeB6BJACW8PcdZb7QB77LRyNxBeWdf4w4M0h2RzGAFtHradrthZKLFEc6HuZOTXbIWtUXevS1BMDl56+YS/MKkhlanliAcAhBHrXWHi2S9BZx6aevyvE6XeKjHe6/LDOBu9HIiGec0YDgvfET4GT+akBfE04xvpqmG9Pgoxm6b4R+xpOVS9YNfx57W+UcTEVc1P2xXKPkhAoJFtWsmR248hF2keAZjlCiCIlg/YFmNv5uDvoG8qIW527DxSDTXq+eI/sW8uEcCmWqzj63O3nqKf6iEGX0xk7wacKZOCxDbzSaIJYOszqRj1LDRetnnBYgivTLXJThupCS/p9NNRhMPYgpXauZa2V6m+SqSE42hf/WJyd967ICo2ThW85V3ZhDrrNVfVkkhQeRHiacThw+w0zEYQUlY6HineTcT/80j9Sauh/DZVj9EIRazPlyivKS17e4ZND34WhtmaMUJ67Wc8YMx+afNzauaZ6fL7XL4nt/Jq/Ia0BYIkUOneKJmAcjVjb3CwolnQmkv5l6Jxn/7bYNEXspDdwNHXZLFlQwVGCZ6Zck1ovMoi1I0BZSpGG5lFWdrMdjlGU30jUr0VZ7Ap3YFlCKWUSk/tO6oNAm9q7rkhUjgSm+CgqHMld4ceA8M1arcvkJ8HluXIzmgWwwvYkXCV1TojlCNUNUQaeQOGzote6jpIfM+eQVqvrImbyCeav0uEjg28aA+IVo5pot9jEfQd5UzpgHC2eCg5oCoaSTIUqz1IHypa+M6CUdYgD+yt3jrEJedYGJPYMvSVvHgI8+9f8DomSyNuupD0+uOv2AtJTdAJi3xJlT4sVlDK8VTw8fopax6VZWO4OoMAb/Svj3CSOsk4yfwRoejv1dR/hAdafCmFCdwd9sHtcQrPayd9Vpfp5fA4XhrpxGyxHl2xix+4afegD72ZWnuphqhFJ9v3SCUdS3j9d/Y6VLLAT5/lSrePE6HG2Rcu2uspKgco6OLWwOlqtokuuTa4WAPwfY5dbM2pFWAWrdsIoWG/y3bgpLULjbV00V3XEVLgjMdqgx1D9RB5jzyYhUnr0dMQeCR9VF9iRPGVsGkJkq2YshLKPtf5x+Zbbl1Z1oWLLOxiUrGG8Q8Xe3YYjx15tTVVSabFB5uiqIqeRi9PW0Gz9+KG4IApvRJz5MbOd1r95WTm3Su58mAuYh8HBR6Jxluc9//13l18bmLUoRWM1/1/O0C9LP6lV9ETyvFB580qKe6bHvNyD0sOefdl5tsPk/pvXU5ZbO049sfD6UYqh6+TLOTUZ03WA/okRPX+ozuiqKE311+UpBJHPmZXO58iwukbpLnifevW/cPx2W022nrvL7EDbNvFA+a/vrP5TmL8Esu3fpkRIerO3ORltfxhegyXd83NXWr+JpllBfet6ox9tRls2U1zWdR64Hpw5GbhIPH+AjBM1MrLneC7m+ipa+SXbZMDU5Fiby7psPNuqh6IPAfNturE+zYmuNTTLEaxY+aWDAxKkYxFAPgPLaBJvmsjWmSwyel3YP08zviCRuUjUEP4DUE5ketUIa/CwGDv6P2FQPEBTlXTPF4D4mwMoAw4cMrEzV08SC5enEFTT2HVe1jkdnSgn58lcri8NXt8aWfB3n7lPiCsVgCE7joiWrM8Zea65o5ZBEG/NI+nr/TzXSTZ8gmPH93afzX7LTdXjWSqQRNjBH5Pg6wAMEp0pqgiqBryQxbIg==</Value></TokenEntry></Values></UseKey><Claims><Values xmlns:q1=""http://schemas.xmlsoap.org/ws/2004/04/security/trust"" soapenc:arrayType=""q1:TokenEntry[17]""><TokenEntry><Name>SessionKey</Name><Value>qUkWtLwcUr7oDWjq1+nzCe7J6HSR8cNsqWd6uWYgCMazdKGFfqN24mF9edXe0VcXU0oSWi8WDJFV7PQGob/f0AyDjKhD16lymQj0Ivtx/pdEdP5mYiu06yHnMYRJV4t8R6ndf/schdlunc8gQafgW5Nst33VXO6/uiyEwx2N+92jzqiGWQI7r4pI5ElGLnutbc/vhIPbwnOOSLSNfLhcD7LTCEs5wPYDXyHlbwgAi8Z6DjOC7rQje8JYVoCUo1MFXaGG/MJkY8gWeRSmXFFG/PFRT0LAYdg4hgAw38bFpQZlqs4AMlvgyo2340Gt9fHP1eRwd89wKbIK4GVahN0f/w==</Value></TokenEntry><TokenEntry><Name>BindingType</Name><Value>omIZXpEForEdtSyz4hHtPnWoD/3om+nBUZLAF+rCKzg=</Value></TokenEntry><TokenEntry><Name>Binding</Name><Value>3wAG5cBNw0kjzoxkWAndEynkGLQEMdIUQWm6kq1BMp700C2a2u+kPT5v7pZfKAcrofm4nbxMOngse6lVJJcyWDGGb7jcVy/NQwufuY1Ht7g=</Value></TokenEntry><TokenEntry><Name>ProductKey</Name><Value>xhqje19Ds4QRp3MgD0UPHFJPuJnh1jVRYACob/r2z0E=</Value></TokenEntry><TokenEntry><Name>ProductKeyType</Name><Value>omIZXpEForEdtSyz4hHtPogdMK08s2Rf4boqqD3I5Qw=</Value></TokenEntry><TokenEntry><Name>ProductKeyActConfigId</Name><Value>m83+Xtp3jGR9xmtmdWhAVIkJu3x3YQej9jDi5r/B4AUPprS8km5Dwmu8tYPO/psQXqsho1BUJd7KKcYqKkVxmGGlLk5mrfYZA2EoULTBH+E=</Value></TokenEntry><TokenEntry><Name>SppSvcVersion</Name><Value>ZLc7+2YNcMeDQ9/GbgTtQg==</Value></TokenEntry><TokenEntry><Name>otherInfoPublic.licenseCategory</Name><Value>9cS3vTrfO6A80byvtH7A6NnvzUMBPC3xiVykenrEfDA=</Value></TokenEntry><TokenEntry><Name>otherInfoPrivate.licenseCategory</Name><Value>9cS3vTrfO6A80byvtH7A6CZvHVAdVK+0tWkyk5Xy2ik=</Value></TokenEntry><TokenEntry><Name>otherInfoPublic.sysprepAction</Name><Value>VMz2WYRMtEr73KYh+qoWbg==</Value></TokenEntry><TokenEntry><Name>otherInfoPrivate.sysprepAction</Name><Value>VMz2WYRMtEr73KYh+qoWbg==</Value></TokenEntry><TokenEntry><Name>ClientInformation</Name><Value>cZsksDFcx1t3DQX8B+5ksW0vmSfQuZZsDmLYyOjr1edop91/61z0d8k9Am5LPjYjxdyHBy5YgY+XxMR6ql6LsA==</Value></TokenEntry><TokenEntry><Name>ReferralInformation</Name><Value>2dJimXh3SCslmk3bwDmWN1QVSVgBUQMz8AKwmMklEreQEw6uz2MfWW8EalTOkNbiEB8xxjPR7GUDBOknRaUiHg==</Value></TokenEntry><TokenEntry><Name>ClientSystemTime</Name><Value>xeF3pO1jfJeITPlCh2q1YxfqRBzaAzMWefd5ueFh5nw=</Value></TokenEntry><TokenEntry><Name>ClientSystemTimeUtc</Name><Value>xeF3pO1jfJeITPlCh2q1YxfqRBzaAzMWefd5ueFh5nw=</Value></TokenEntry><TokenEntry><Name>otherInfoPublic.secureStoreId</Name><Value>0zua9K76qu/NXk1R/6lU40WF5M1hOXnjCky/AWvuw2WeStf4gsY7cK9dxRRnYvFP</Value></TokenEntry><TokenEntry><Name>otherInfoPrivate.secureStoreId</Name><Value>0zua9K76qu/NXk1R/6lU40WF5M1hOXnjCky/AWvuw2WeStf4gsY7cK9dxRRnYvFP</Value></TokenEntry></Values></Claims></RequestSecurityToken></soap:Body></soap:Envelope>)
00010002(0x80072EE7, 13:13:28:585 - <NULL>)
00010003(0x80072EE7, 13:13:28:585)
",,,,,,,,,,,,,,,,,,,,,,,,,,,,,,,,,,,,,,,,,,,,,,,,,,,,,,,,,,,,,
2026-01-08T21:13:28.597021Z,"{'#attributes': {'Qualifiers': 49152}, '#text': 1014}",DC01.pirate.htb,Microsoft-Windows-Security-SPP,Application,2734,2,,,,,,,,,,,,hr=0x80072EE7,7783a126-c108-4cf7-b59f-13c78c7a7337,,,,,,,,,,,,,,,,,,,,,,,,,,,,,,,,,,,,,,,,,,,,,,,,,,,,,,,,,,,,,
2026-01-08T21:13:29.487654Z,"{'#attributes': {'Qualifiers': 16384}, '#text': 1003}",DC01.pirate.htb,Microsoft-Windows-Security-SPP,Application,2735,4,,,,,,,,,,,,55c92734-d682-4d71-983e-d6ec3f16059f,"
1: 7783a126-c108-4cf7-b59f-13c78c7a7337, 1, 1 [(0 [0xC004E003, 0, 0], [( 9 0xC004FC07 180 0)( 1 0x00000000)(?)( 2 0x00000000 0 0 msft:rm/algorithm/hwid/4.0 0x00000000 0)(?)( 9 0xC004FC07 180 0)( 10 0x00000000 msft:rm/algorithm/flags/1.0)(?)])(1 )(2 )(3 [0x00000000, 0, 0], [( 6 0xC004F009 10 0)( 1 0x00000000)( 6 0xC004F009 10 0)(?)(?)(?)( 10 0x00000000 msft:rm/algorithm/flags/1.0)( 11 0x00000000 0xC004FC07)])]

",,,,,,,,,,,,,,,,,,,,,,,,,,,,,,,,,,,,,,,,,,,,,,,,,,,,,,,,,,,,,
2026-01-08T21:13:29.518902Z,"{'#attributes': {'Qualifiers': 16384}, '#text': 1003}",DC01.pirate.htb,Microsoft-Windows-Security-SPP,Application,2736,4,,,,,,,,,,,,55c92734-d682-4d71-983e-d6ec3f16059f,"
1: 7783a126-c108-4cf7-b59f-13c78c7a7337, 1, 1 [(0 [0xC004E003, 0, 0], [( 9 0xC004FC07 180 0)( 1 0x00000000)(?)( 2 0x00000000 0 0 msft:rm/algorithm/hwid/4.0 0x00000000 0)(?)( 9 0xC004FC07 180 0)( 10 0x00000000 msft:rm/algorithm/flags/1.0)(?)])(1 )(2 )(3 [0x00000000, 0, 0], [( 6 0xC004F009 10 0)( 1 0x00000000)( 6 0xC004F009 10 0)(?)(?)(?)( 10 0x00000000 msft:rm/algorithm/flags/1.0)( 11 0x00000000 0xC004FC07)])]

",,,,,,,,,,,,,,,,,,,,,,,,,,,,,,,,,,,,,,,,,,,,,,,,,,,,,,,,,,,,,
2026-01-08T21:13:29.722025Z,"{'#attributes': {'Qualifiers': 49152}, '#text': 8197}",DC01.pirate.htb,Microsoft-Windows-Security-SPP,Application,2737,4,,,,,,,,,,,RuleId=8244d55f-dcd7-4010-8151-2a5af187b1ed;Action=NotifyUser;AppId=55c92734-d682-4d71-983e-d6ec3f16059f;SkuId=7783a126-c108-4cf7-b59f-13c78c7a7337;NotificationInterval=240;Trigger=TimerEvent,,,,,,,,,,,,,,,,,,,,,,,,,,,,,,,,,,,,,,,,,,,,,,,,,,,,,,,,,,,,,,,
2026-01-08T21:13:44.097026Z,"{'#attributes': {'Qualifiers': 0}, '#text': 1000}",DC01.pirate.htb,VGAuth,Application,2738,0,,,,,,,,,,,vmtoolsd: Username and password successfully validated for 'Administrator',,,,,,,,,,,,,,,,,,,,,,,,,,,,,,,,,,,,,,,,,,,,,,,,,,,,,,,,,,,,,,,
2026-01-08T21:13:44.847036Z,"{'#attributes': {'Qualifiers': 0}, '#text': 1000}",DC01.pirate.htb,VGAuth,Application,2739,0,,,,,,,,,,,vmtoolsd: Username and password successfully validated for 'Administrator',,,,,,,,,,,,,,,,,,,,,,,,,,,,,,,,,,,,,,,,,,,,,,,,,,,,,,,,,,,,,,,
2026-01-08T21:13:44.909532Z,"{'#attributes': {'Qualifiers': 0}, '#text': 1000}",DC01.pirate.htb,VGAuth,Application,2740,0,,,,,,,,,,,vmtoolsd: Username and password successfully validated for 'Administrator',,,,,,,,,,,,,,,,,,,,,,,,,,,,,,,,,,,,,,,,,,,,,,,,,,,,,,,,,,,,,,,
2026-01-08T21:13:44.956408Z,"{'#attributes': {'Qualifiers': 0}, '#text': 1000}",DC01.pirate.htb,VGAuth,Application,2741,0,,,,,,,,,,,vmtoolsd: Username and password successfully validated for 'Administrator',,,,,,,,,,,,,,,,,,,,,,,,,,,,,,,,,,,,,,,,,,,,,,,,,,,,,,,,,,,,,,,
2026-01-08T21:13:45.159530Z,"{'#attributes': {'Qualifiers': 0}, '#text': 1000}",DC01.pirate.htb,VGAuth,Application,2742,0,,,,,,,,,,,vmtoolsd: Username and password successfully validated for 'Administrator',,,,,,,,,,,,,,,,,,,,,,,,,,,,,,,,,,,,,,,,,,,,,,,,,,,,,,,,,,,,,,,
2026-01-08T21:13:45.237654Z,"{'#attributes': {'Qualifiers': 0}, '#text': 1000}",DC01.pirate.htb,VGAuth,Application,2743,0,,,,,,,,,,,vmtoolsd: Username and password successfully validated for 'Administrator',,,,,,,,,,,,,,,,,,,,,,,,,,,,,,,,,,,,,,,,,,,,,,,,,,,,,,,,,,,,,,,
2026-01-08T21:13:45.362663Z,"{'#attributes': {'Qualifiers': 0}, '#text': 1000}",DC01.pirate.htb,VGAuth,Application,2744,0,,,,,,,,,,,vmtoolsd: Username and password successfully validated for 'Administrator',,,,,,,,,,,,,,,,,,,,,,,,,,,,,,,,,,,,,,,,,,,,,,,,,,,,,,,,,,,,,,,
2026-01-08T21:13:45.690779Z,"{'#attributes': {'Qualifiers': 0}, '#text': 1000}",DC01.pirate.htb,VGAuth,Application,2745,0,,,,,,,,,,,vmtoolsd: Username and password successfully validated for 'Administrator',,,,,,,,,,,,,,,,,,,,,,,,,,,,,,,,,,,,,,,,,,,,,,,,,,,,,,,,,,,,,,,
2026-01-08T21:13:45.925148Z,"{'#attributes': {'Qualifiers': 0}, '#text': 1000}",DC01.pirate.htb,VGAuth,Application,2746,0,,,,,,,,,,,vmtoolsd: Username and password successfully validated for 'Administrator',,,,,,,,,,,,,,,,,,,,,,,,,,,,,,,,,,,,,,,,,,,,,,,,,,,,,,,,,,,,,,,
2026-01-08T21:13:48.175160Z,"{'#attributes': {'Qualifiers': 0}, '#text': 1000}",DC01.pirate.htb,VGAuth,Application,2747,0,,,,,,,,,,,vmtoolsd: Username and password successfully validated for 'Administrator',,,,,,,,,,,,,,,,,,,,,,,,,,,,,,,,,,,,,,,,,,,,,,,,,,,,,,,,,,,,,,,
2026-01-08T21:13:50.417348Z,"{'#attributes': {'Qualifiers': 0}, '#text': 1000}",DC01.pirate.htb,VGAuth,Application,2748,0,,,,,,,,,,,vmtoolsd: Username and password successfully validated for 'Administrator',,,,,,,,,,,,,,,,,,,,,,,,,,,,,,,,,,,,,,,,,,,,,,,,,,,,,,,,,,,,,,,
2026-01-08T21:13:50.582336Z,"{'#attributes': {'Qualifiers': 0}, '#text': 1000}",DC01.pirate.htb,VGAuth,Application,2749,0,,,,,,,,,,,vmtoolsd: Username and password successfully validated for 'Administrator',,,,,,,,,,,,,,,,,,,,,,,,,,,,,,,,,,,,,,,,,,,,,,,,,,,,,,,,,,,,,,,
2026-01-08T21:13:51.101464Z,"{'#attributes': {'Qualifiers': 0}, '#text': 1000}",DC01.pirate.htb,VGAuth,Application,2750,0,,,,,,,,,,,vmtoolsd: Username and password successfully validated for 'Administrator',,,,,,,,,,,,,,,,,,,,,,,,,,,,,,,,,,,,,,,,,,,,,,,,,,,,,,,,,,,,,,,
2026-01-08T21:13:51.209456Z,"{'#attributes': {'Qualifiers': 0}, '#text': 1000}",DC01.pirate.htb,VGAuth,Application,2751,0,,,,,,,,,,,vmtoolsd: Username and password successfully validated for 'Administrator',,,,,,,,,,,,,,,,,,,,,,,,,,,,,,,,,,,,,,,,,,,,,,,,,,,,,,,,,,,,,,,
2026-01-08T21:13:51.316975Z,"{'#attributes': {'Qualifiers': 0}, '#text': 1000}",DC01.pirate.htb,VGAuth,Application,2752,0,,,,,,,,,,,vmtoolsd: Username and password successfully validated for 'Administrator',,,,,,,,,,,,,,,,,,,,,,,,,,,,,,,,,,,,,,,,,,,,,,,,,,,,,,,,,,,,,,,
2026-01-08T21:13:51.367459Z,"{'#attributes': {'Qualifiers': 0}, '#text': 1000}",DC01.pirate.htb,VGAuth,Application,2753,0,,,,,,,,,,,vmtoolsd: Username and password successfully validated for 'Administrator',,,,,,,,,,,,,,,,,,,,,,,,,,,,,,,,,,,,,,,,,,,,,,,,,,,,,,,,,,,,,,,
2026-01-08T21:13:51.491454Z,"{'#attributes': {'Qualifiers': 0}, '#text': 1000}",DC01.pirate.htb,VGAuth,Application,2754,0,,,,,,,,,,,vmtoolsd: Username and password successfully validated for 'Administrator',,,,,,,,,,,,,,,,,,,,,,,,,,,,,,,,,,,,,,,,,,,,,,,,,,,,,,,,,,,,,,,
2026-01-08T21:13:51.528458Z,"{'#attributes': {'Qualifiers': 0}, '#text': 1000}",DC01.pirate.htb,VGAuth,Application,2755,0,,,,,,,,,,,vmtoolsd: Username and password successfully validated for 'Administrator',,,,,,,,,,,,,,,,,,,,,,,,,,,,,,,,,,,,,,,,,,,,,,,,,,,,,,,,,,,,,,,
2026-01-08T21:13:51.640460Z,"{'#attributes': {'Qualifiers': 0}, '#text': 1000}",DC01.pirate.htb,VGAuth,Application,2756,0,,,,,,,,,,,vmtoolsd: Username and password successfully validated for 'Administrator',,,,,,,,,,,,,,,,,,,,,,,,,,,,,,,,,,,,,,,,,,,,,,,,,,,,,,,,,,,,,,,
2026-01-08T21:15:10.955049Z,1001,DC01.pirate.htb,Microsoft-Windows-LoadPerf,Application,2757,4,,,,,,,,,,,,,,,,,,,,,,,,,,,,,,,,,,,,,,,,,,,,,,,,,,,,,,,,,,,LoadPerf,3837000039370000D2050000,12,,WmiApRpl,,,,WmiApRpl,,,,,,,
2026-01-08T21:15:11.018400Z,1000,DC01.pirate.htb,Microsoft-Windows-LoadPerf,Application,2758,4,,,,,,,,,,,,,,,,,,,,,,,,,,,,,,,,,,,,,,,,,,,,,,,,,,,,,,,,,,,LoadPerf,3A3700000A3800003B3700000B380000,16,,WmiApRpl,,,,WmiApRpl,,,,,,,
2026-01-08T21:15:44.618103Z,"{'#attributes': {'Qualifiers': 0}, '#text': 8224}",DC01.pirate.htb,VSS,Application,2759,4,,,,2D20436F64653A2020434F525356434330303030303737332D2043616C6C3A2020434F525356434330303030303735352D205049443A202030303030343435322D205449443A202030303030343437322D20434D443A2020433A5C57696E646F77735C73797374656D33325C76737376632E6578652020202D20557365723A204E616D653A204E5420415554484F524954595C53595354454D2C205349443A532D312D352D313820,,,,,,,,,,,,,,,,,,,,,,,,,,,,,,,,,,,,,,,,,,,,,,,,,,,,,,,,,,,,,,,,,,,,,,
2026-01-08T21:15:57.610896Z,1001,DC01.pirate.htb,Microsoft-Windows-LoadPerf,Application,2760,4,,,,,,,,,,,,,,,,,,,,,,,,,,,,,,,,,,,,,,,,,,,,,,,,,,,,,,,,,,,LoadPerf,3837000039370000D2050000,12,,WmiApRpl,,,,WmiApRpl,,,,,,,
2026-01-08T21:15:57.678337Z,1000,DC01.pirate.htb,Microsoft-Windows-LoadPerf,Application,2761,4,,,,,,,,,,,,,,,,,,,,,,,,,,,,,,,,,,,,,,,,,,,,,,,,,,,,,,,,,,,LoadPerf,3A3700000A3800003B3700000B380000,16,,WmiApRpl,,,,WmiApRpl,,,,,,,
2026-01-08T21:16:37.604481Z,1001,DC01.pirate.htb,Microsoft-Windows-LoadPerf,Application,2762,4,,,,,,,,,,,,,,,,,,,,,,,,,,,,,,,,,,,,,,,,,,,,,,,,,,,,,,,,,,,LoadPerf,3837000039370000D2050000,12,,WmiApRpl,,,,WmiApRpl,,,,,,,
2026-01-08T21:16:37.670460Z,1000,DC01.pirate.htb,Microsoft-Windows-LoadPerf,Application,2763,4,,,,,,,,,,,,,,,,,,,,,,,,,,,,,,,,,,,,,,,,,,,,,,,,,,,,,,,,,,,LoadPerf,3A3700000A3800003B3700000B380000,16,,WmiApRpl,,,,WmiApRpl,,,,,,,
2026-01-08T21:18:32.918289Z,"{'#attributes': {'Qualifiers': 32768}, '#text': 6000}",DC01.pirate.htb,Microsoft-Windows-Winlogon,Application,2764,4,,,,D9060000,,,,,,,WSearch,,,,,,,,,,,,,,,,,,,,,,,,,,,,,,,,,,,,,,,,,,,,,,,,,,,,,,,,,,,,,,,
2026-01-08T21:18:33.027662Z,"{'#attributes': {'Qualifiers': 32768}, '#text': 6000}",DC01.pirate.htb,Microsoft-Windows-Winlogon,Application,2765,4,,,,D9060000,,,,,,,SessionEnv,,,,,,,,,,,,,,,,,,,,,,,,,,,,,,,,,,,,,,,,,,,,,,,,,,,,,,,,,,,,,,,
2026-01-08T21:18:40.961269Z,"{'#attributes': {'Qualifiers': 0}, '#text': 260}",DC01.pirate.htb,VMUpgradeHelper,Application,2766,4,,,,,,,,,,,,,,,,,,,,,,,,,,,,,,,,,,,,,,,,,,,,,,,,,,,,,,,,,,,,,,,,,,,,,,,,,,
2026-01-08T21:18:40.961269Z,"{'#attributes': {'Qualifiers': 0}, '#text': 272}",DC01.pirate.htb,VMUpgradeHelper,Application,2767,4,,,,,,,,,,,,,,,,,,,,,,,,,,,,,,,,,,,,,,,,,,,,,,,,,,,,,,,,,,,,,,,,,,,,,,,,,,
2026-01-08T21:18:40.976901Z,"{'#attributes': {'Qualifiers': 0}, '#text': 108}",DC01.pirate.htb,VMTools,Application,2768,4,,,,,,,,,,,,,,,,,,,,,,,,,,,,,,,,,,,,,,,,,,,,,,,,,,,,,,,,,,,,,,,,,,,,,,,,,,
2026-01-08T21:18:41.210146Z,1532,DC01.pirate.htb,Microsoft-Windows-User Profiles Service,Application,2769,4,,,,,,,,,,,,,,,,,,,,,,,,,,,,,,,,,,,,,,,,,,,,,,,,,,,,,,,,,,,,,,,,,,,,,,,,,,
2026-01-16T00:34:50.936397Z,"{'#attributes': {'Qualifiers': 16384}, '#text': 4625}",DC01,Microsoft-Windows-EventSystem,Application,2770,4,,,,,,,,,,,,,,,,,,,,,,,,,,,,,,,,,,,,,,,,,,,,,,,,,,,,,,,,,,,,,,,86400,,,,SuppressDuplicateDuration,Software\Microsoft\EventSystem\EventLog,,,,,,
2026-01-08T21:18:41.519874Z,38,DC01.pirate.htb,Microsoft-Windows-CertificationAuthority,Application,2771,4,,,,,,pirate-DC01-CA,,,,,,,,,,,,,,,,,,,,,,,,,,,,,,,,,,,,,,,,,,,,,,,,,,,,MSG_I_SERVER_STOPPED,,,,,,,,,,,,,,,,
2026-01-16T00:34:50.976223Z,1531,DC01.pirate.htb,Microsoft-Windows-User Profiles Service,Application,2772,4,,,,,,,,,,,,,,,,,,,,,,,,,,,,,,,,,,,,,,,,,,,,,,,,,,,,,,,,,,,,,,,,,,,,,,,,,,
2026-01-16T00:34:52.581259Z,5615,DC01.pirate.htb,Microsoft-Windows-WMI,Application,2773,4,,,,,,,,,,,,,,,,,,,,,,,,,,,,,,,,,,,,,,,,,,,,,,,,,,,,,,,,,,,,,,,,,,,,,,,,,,
2026-01-16T00:34:54.104016Z,5617,DC01.pirate.htb,Microsoft-Windows-WMI,Application,2774,4,,,,,,,,,,,,,,,,,,,,,,,,,,,,,,,,,,,,,,,,,,,,,,,,,,,,,,,,,,,,,,,,,,,,,,,,,,
2026-01-16T00:35:10.825494Z,"{'#attributes': {'Qualifiers': 0}, '#text': 105}",DC01.pirate.htb,VMTools,Application,2775,4,,,,,,,,,,,,,,,,,,,,,,,,,,,,,,,,,,,,,,,,,,,,,,,,,,,,,,,,,,,,,,,,,,,,,,,,,,
2026-01-16T00:35:10.950488Z,"{'#attributes': {'Qualifiers': 16384}, '#text': 900}",DC01.pirate.htb,Microsoft-Windows-Security-SPP,Application,2776,4,,,,,,,,,,,TriggerStarted:6,,,,,,,,,,,,,,,,,,,,,,,,,,,,,,,,,,,,,,,,,,,,,,,,,,,,,,,,,,,,,,,
2026-01-16T00:35:11.309863Z,"{'#attributes': {'Qualifiers': 49152}, '#text': 16394}",DC01.pirate.htb,Microsoft-Windows-Security-SPP,Application,2777,4,,,,,,,,,,,,,,,,,,,,,,,,,,,,,,,,,,,,,,,,,,,,,,,,,,,,,,,,,,,,,,,,,,,,,,,,,,
2026-01-16T00:35:11.309863Z,"{'#attributes': {'Qualifiers': 16384}, '#text': 9027}",DC01.pirate.htb,Desktop Window Manager,Application,2778,4,,,,,,,,,,,,,,,,,,,,,,,,,,,,,,,,,,,,,,,,,,,,,,,,,,,,,,,,,,,,,,,,,,,,,,,,,,
2026-01-16T00:35:11.434858Z,"{'#attributes': {'Qualifiers': 16384}, '#text': 1066}",DC01.pirate.htb,Microsoft-Windows-Security-SPP,Application,2779,4,,,,,,,,,,,"C:\Windows\system32\sppwinob.dll, msft:spp/windowsfunctionality/agent/7.0, 0x00000000, 0x00000000
C:\Windows\system32\sppobjs.dll, msft:rm/algorithm/inherited/1.0, 0x00000000, 0x00000000
C:\Windows\system32\sppobjs.dll, msft:rm/algorithm/phone/1.0, 0x00000000, 0x00000000
C:\Windows\system32\sppobjs.dll, msft:rm/algorithm/pkey/detect, 0x00000000, 0x00000000
C:\Windows\system32\sppobjs.dll, msft:spp/ActionScheduler/1.0, 0x00000000, 0x00000000
C:\Windows\system32\sppobjs.dll, msft:spp/TaskScheduler/1.0, 0x00000000, 0x00000000
C:\Windows\system32\sppobjs.dll, msft:spp/statecollector/pkey, 0x00000000, 0x00000000
C:\Windows\system32\sppobjs.dll, msft:spp/volume/services/kms/1.0, 0x00000000, 0x00000000
C:\Windows\system32\sppobjs.dll, msft:spp/volume/services/kms/activationinfo/1.0, 0x00000000, 0x00000000
",,,,,,,,,,,,,,,,,,,,,,,,,,,,,,,,,,,,,,,,,,,,,,,,,,,,,,,,,,,,,,,
2026-01-16T00:35:11.591107Z,"{'#attributes': {'Qualifiers': 16384}, '#text': 1003}",DC01.pirate.htb,Microsoft-Windows-Security-SPP,Application,2780,4,,,,,,,,,,,,55c92734-d682-4d71-983e-d6ec3f16059f,"
1: 7783a126-c108-4cf7-b59f-13c78c7a7337, 1, 1 [(0 [0xC004E003, 0, 0], [( 9 0xC004FC07 180 0)( 1 0x00000000)(?)( 2 0x00000000 0 0 msft:rm/algorithm/hwid/4.0 0x00000000 0)(?)( 9 0xC004FC07 180 0)( 10 0x00000000 msft:rm/algorithm/flags/1.0)(?)])(1 )(2 )(3 [0x00000000, 0, 0], [( 6 0xC004F009 10 0)( 1 0x00000000)( 6 0xC004F009 10 0)(?)(?)(?)( 10 0x00000000 msft:rm/algorithm/flags/1.0)( 11 0x00000000 0xC004FC07)])]

",,,,,,,,,,,,,,,,,,,,,,,,,,,,,,,,,,,,,,,,,,,,,,,,,,,,,,,,,,,,,
2026-01-16T00:35:11.622358Z,"{'#attributes': {'Qualifiers': 16384}, '#text': 902}",DC01.pirate.htb,Microsoft-Windows-Security-SPP,Application,2781,0,,,,,,,,,,,10.0.17763.7309,,,,,,,,,,,,,,,,,,,,,,,,,,,,,,,,,,,,,,,,,,,,,,,,,,,,,,,,,,,,,,,
2026-01-16T00:35:11.731729Z,"{'#attributes': {'Qualifiers': 0}, '#text': 100}",DC01.pirate.htb,WLMS,Application,2782,4,,,,,,,,,,,,,,,,,,,,,,,,,,,,,,,,,,,,,,,,,,,,,,,,,,,,,,,,,,,,,,,,,,,,,,,,,,
2026-01-16T00:35:11.966108Z,"{'#attributes': {'Qualifiers': 0}, '#text': 258}",DC01.pirate.htb,VMUpgradeHelper,Application,2783,4,,,,,,,,,,,,,,,,,,,,,,,,,,,,,,,,,,,,,,,,,,,,,,,,,,,,,,,,,,,,,,,,,,,,,,,,,,
2026-01-16T00:35:12.169242Z,"{'#attributes': {'Qualifiers': 16384}, '#text': 781}",DC01.pirate.htb,Microsoft-Windows-Complus,Application,2784,4,,,,,,,,,,,,,,,,,,,,,,,,,,,,,,,,,,,,,,,,,,,,,,,,,,,,,,,,,,,,,,,86400,,,,SuppressDuplicateDuration,Software\Microsoft\COM3\Eventlog,,,,,,
2026-01-16T00:35:12.216109Z,"{'#attributes': {'Qualifiers': 0}, '#text': 271}",DC01.pirate.htb,VMUpgradeHelper,Application,2785,4,,,,,,,,,,,,,,,,,,,,,,,,,,,,,,,,,,,,,,,,,,,,,,,,,,,,,,,,,,,,,,,,,,,,,,,,,,
2026-01-16T00:35:13.054439Z,"{'#attributes': {'Qualifiers': 16384}, '#text': 4202}",DC01.pirate.htb,Microsoft-Windows-MSDTC 2,Application,2786,4,,,,,,,,,,,,,,,,,,,,,,,,,,,,,,,,,,,,,,,,,,,,,,,,,,,,,,,,,,,,,,,0,0,0,1,0,0,0,0,0,1,Mutual Authentication Required,NT AUTHORITY\NetworkService
2026-01-16T00:35:29.833620Z,"{'#attributes': {'Qualifiers': 0}, '#text': 102}",DC01.pirate.htb,ESENT,Application,2787,4,,,,,,,,,,,,certsrv.exe,"2516,P,98",,,,,,,,,,,,,,,0,10,00,17763,0000,,,,,,,,,,,,,,,,,,,,,,,,,,,,,,,,,,,,,,,,,,
2026-01-16T00:35:29.903619Z,"{'#attributes': {'Qualifiers': 0}, '#text': 105}",DC01.pirate.htb,ESENT,Application,2788,4,,,,,,,,,,,,certsrv.exe,"2516,D,0",,,,,,,,,,,,,,,0,0,"
[1] 0.002721 +J(0) +M(C:0K, Fs:128, WS:496K # 496K, PF:2412K # 2144K, P:2412K)
[2] 0.000576 +J(0) +M(C:3200K, Fs:154, WS:596K # 596K, PF:4108K # 4108K, P:4108K)
[3] 0.000015 +J(0) +M(C:0K, Fs:6, WS:24K # 24K, PF:64K # 64K, P:64K)
[4] 0.000087 +J(0) +M(C:0K, Fs:33, WS:132K # 132K, PF:496K # 496K, P:496K)
[5] 0.000872 +J(0) +M(C:0K, Fs:12, WS:48K # 48K, PF:20K # 24K, P:20K)
[6] 0.004413 +J(0) +M(C:0K, Fs:24, WS:96K # 96K, PF:12K # 8K, P:12K)
[7] 0.020895 -0.010784 (5) WT +J(0) +M(C:0K, Fs:275, WS:1096K # 1096K, PF:1028K # 1028K, P:1028K)
[8] -
[9] -
[10] -
[11] -
[12] -
[13] 0.041282 -0.034537 (6) WT +J(CM:0, PgRf:0, Rd:0/0, Dy:0/0, Lg:616/1) +M(C:0K, Fs:7, WS:-1004K # 16K, PF:-1024K # 12K, P:-1024K)
[14] 0.000021 +J(0) +M(C:0K, Fs:1, WS:4K # 0K, PF:0K # 0K, P:0K)
[15] 0.000211 +J(0) +M(C:0K, Fs:100, WS:400K # 0K, PF:64K # 0K, P:64K)
[16] 0.000657 -0.000405 (1) WT +J(0) +M(C:0K, Fs:2, WS:0K # 0K, PF:0K # 0K, P:0K).",,,,,,,,,,,,,,,,,,,,,,,,,,,,,,,,,,,,,,,,,,,,
2026-01-16T00:35:30.045002Z,"{'#attributes': {'Qualifiers': 0}, '#text': 326}",DC01.pirate.htb,ESENT,Application,2789,4,,,,,,,,,,,,certsrv.exe,"2516,D,50",,,,,,,,,,,,,,,1,C:\Windows\system32\CertLog\pirate-DC01-CA.edb,0,"
[1] 0.000006 +J(0) +M(C:0K, Fs:1, WS:4K # 0K, PF:0K # 0K, P:0K)
[2] 0.003047 -0.002780 (1) WT +J(0) +M(C:0K, Fs:18, WS:8K # 0K, PF:4K # 0K, P:4K)
[3] 0.095015 -0.024685 (6) WT +J(CM:0, PgRf:0, Rd:0/0, Dy:0/0, Lg:3480/2) +M(C:0K, Fs:29, WS:108K # 0K, PF:164K # 0K, P:164K)
[4] 0.000145 +J(0)
[5] -
[6] -
[7] -
[8] 0.004131 -0.003850 (2) CM -0.002877 (2) WT +J(CM:2, PgRf:2, Rd:14/2, Dy:0/0, Lg:0/0) +M(C:0K, Fs:50, WS:200K # 0K, PF:128K # 0K, P:128K)
[9] 0.039276 -0.038092 (3) CM -0.037865 (3) WT +J(CM:3, PgRf:23, Rd:0/2, Dy:0/0, Lg:0/0) +M(C:0K, Fs:23, WS:92K # 0K, PF:196K # 0K, P:196K)
[10] 0.002336 -0.002182 (1) CM -0.002117 (1) WT +J(CM:1, PgRf:40, Rd:0/1, Dy:0/0, Lg:0/0) +M(C:0K, Fs:3, WS:12K # 0K, PF:64K # 0K, P:64K)
[11] 0.000017 +J(CM:0, PgRf:1, Rd:0/0, Dy:0/0, Lg:0/0) +M(C:0K, Fs:2, WS:8K # 0K, PF:0K # 0K, P:0K)
[12] 0.000051 +J(CM:0, PgRf:42, Rd:0/0, Dy:0/0, Lg:0/0)
[13] 0.0 +J(0)
[14] 0.0 +J(0)
[15] 0.000006 +J(CM:0, PgRf:1, Rd:0/0, Dy:0/0, Lg:0/0).",0 0,lgposAttach = 00000002:0004:0268,,,,,,,,,,,,,,,,,,,,,,,,,,,,,,,,,,,,,,,,,
2026-01-16T00:35:33.262998Z,"{'#attributes': {'Qualifiers': 32768}, '#text': 6003}",DC01.pirate.htb,Microsoft-Windows-Winlogon,Application,2790,4,,,,D9060000,,,,,,,SessionEnv,,,,,,,,,,,,,,,,,,,,,,,,,,,,,,,,,,,,,,,,,,,,,,,,,,,,,,,,,,,,,,,
2026-01-16T00:35:34.622372Z,"{'#attributes': {'Qualifiers': 32768}, '#text': 6000}",DC01.pirate.htb,Microsoft-Windows-Winlogon,Application,2791,4,,,,D9060000,,,,,,,SessionEnv,,,,,,,,,,,,,,,,,,,,,,,,,,,,,,,,,,,,,,,,,,,,,,,,,,,,,,,,,,,,,,,
2026-01-16T00:35:35.164648Z,1023,DC01.pirate.htb,Microsoft-Windows-Perflib,Application,2792,2,,,,,,,,,,,,,,,,,,,,,,,,,,,,,,,,,,,,,,,,,,,C:\Windows\system32\ntdsperf.dll,,,,,,,,,,,,,,126,,,,,,,,,,,,,,,,,
2026-01-16T00:35:39.341119Z,"{'#attributes': {'Qualifiers': 16384}, '#text': 1003}",DC01.pirate.htb,Microsoft-Windows-Security-SPP,Application,2793,4,,,,,,,,,,,,55c92734-d682-4d71-983e-d6ec3f16059f,"
1: 7783a126-c108-4cf7-b59f-13c78c7a7337, 1, 1 [(0 [0xC004E003, 0, 0], [( 9 0xC004FC07 180 0)( 1 0x00000000)(?)( 2 0x00000000 0 0 msft:rm/algorithm/hwid/4.0 0x00000000 0)(?)( 9 0xC004FC07 180 0)( 10 0x00000000 msft:rm/algorithm/flags/1.0)(?)])(1 )(2 )(3 [0x00000000, 0, 0], [( 6 0xC004F009 10 0)( 1 0x00000000)( 6 0xC004F009 10 0)(?)(?)(?)( 10 0x00000000 msft:rm/algorithm/flags/1.0)( 11 0x00000000 0xC004FC07)])]

",,,,,,,,,,,,,,,,,,,,,,,,,,,,,,,,,,,,,,,,,,,,,,,,,,,,,,,,,,,,,
2026-01-16T00:35:39.560517Z,"{'#attributes': {'Qualifiers': 49152}, '#text': 8197}",DC01.pirate.htb,Microsoft-Windows-Security-SPP,Application,2794,4,,,,,,,,,,,RuleId=8244d55f-dcd7-4010-8151-2a5af187b1ed;Action=NotifyUser;AppId=55c92734-d682-4d71-983e-d6ec3f16059f;SkuId=7783a126-c108-4cf7-b59f-13c78c7a7337;NotificationInterval=240;Trigger=UserLogon;SessionId=1,,,,,,,,,,,,,,,,,,,,,,,,,,,,,,,,,,,,,,,,,,,,,,,,,,,,,,,,,,,,,,,
2026-01-16T00:35:40.080517Z,26,DC01.pirate.htb,Microsoft-Windows-CertificationAuthority,Application,2795,4,,,,,,pirate-DC01-CA,,,DC01.pirate.htb,  DC=,,,,,,,,,,,,,,,,,,,,,,,,,,,,,,,,,,,,,,,,,,,,,,,,MSG_I_SERVER_STARTED,,,,,,,,,,,,,,,,
