2025-06-08T20:02:42.299256Z,"{'#attributes': {'Qualifiers': 16384}, '#text': 1033}",DC01.pirate.htb,Microsoft-Windows-Security-SPP,Application,283,4,,,,,,,,,,,,(Security-SPP-Reserved-EnableNotificationMode) ,55c92734-d682-4d71-983e-d6ec3f16059f,,,,,,,,,,,7783a126-c108-4cf7-b59f-13c78c7a7337,,,,,,,,,,,,,,,,,,,,,,,,,,,,,,,,,,,,,,,,,,,,,,,,,,
2025-06-08T20:02:42.314871Z,"{'#attributes': {'Qualifiers': 16384}, '#text': 1003}",DC01.pirate.htb,Microsoft-Windows-Security-SPP,Application,284,4,,,,,,,,,,,,55c92734-d682-4d71-983e-d6ec3f16059f,"
1: 7783a126-c108-4cf7-b59f-13c78c7a7337, 1, 0 [(0 [0x00000000, 1, 0], [(?)( 1 0x00000000)(?)( 2 0x00000000 0 0 msft:rm/algorithm/hwid/4.0 0x00000000 0)(?)( 9 0x00000000 180 258871)( 10 0x00000000 msft:rm/algorithm/flags/1.0)(?)])(1 )(2 )(3 )]

",,,,,,,,,,,,,,,,,,,,,,,,,,,,,,,,,,,,,,,,,,,,,,,,,,,,,,,,,,,,,
2025-06-08T20:02:42.314871Z,"{'#attributes': {'Qualifiers': 32768}, '#text': 1037}",DC01.pirate.htb,Microsoft-Windows-Security-SPP,Application,285,4,,,,,,,,,,,,validity,258871,,,,,,,,,,,,,,,,,,,,,,,,,,,,,,,,,,,,,,,,,,,,,,,,,,,,,,,,,,,,,
2025-06-08T20:02:42.330624Z,"{'#attributes': {'Qualifiers': 16384}, '#text': 902}",DC01.pirate.htb,Microsoft-Windows-Security-SPP,Application,286,0,,,,,,,,,,,10.0.17763.7309,,,,,,,,,,,,,,,,,,,,,,,,,,,,,,,,,,,,,,,,,,,,,,,,,,,,,,,,,,,,,,,
2025-06-08T20:02:42.377353Z,"{'#attributes': {'Qualifiers': 16384}, '#text': 4202}",DC01.pirate.htb,Microsoft-Windows-MSDTC 2,Application,287,4,,,,,,,,,,,,,,,,,,,,,,,,,,,,,,,,,,,,,,,,,,,,,,,,,,,,,,,,,,,,,,,0,0,0,1,0,0,0,0,0,1,Mutual Authentication Required,NT AUTHORITY\NetworkService
2025-06-08T20:02:42.689923Z,"{'#attributes': {'Qualifiers': 16384}, '#text': 8230}",DC01.pirate.htb,Microsoft-Windows-Security-SPP,Application,288,4,,,,,,,,,,,Security-SPP-Action-StateData (REG_SZ) =AppId=55c92734-d682-4d71-983e-d6ec3f16059f;GraceEndDate=2025/12/05:14:33:42;LastConsumptionReason=0x4004fc04;LastNotificationId=Cleanup;LicenseState=SL_LICENSING_STATUS_LICENSED;PartialProductKey=Y7XRX;ProductKeyType=Retail:TB:Eval;SkuId=7783a126-c108-4cf7-b59f-13c78c7a7337;ruleId=379cccfb-d4e0-48fe-b0f2-0136097be147;uxDifferentiator=TIMEBASED_EVAL,,,,,,,,,,,,,,,,,,,,,,,,,,,,,,,,,,,,,,,,,,,,,,,,,,,,,,,,,,,,,,,
2025-06-08T20:02:43.017979Z,"{'#attributes': {'Qualifiers': 16384}, '#text': 9027}",DC01.pirate.htb,Desktop Window Manager,Application,289,4,,,,,,,,,,,,,,,,,,,,,,,,,,,,,,,,,,,,,,,,,,,,,,,,,,,,,,,,,,,,,,,,,,,,,,,,,,
2025-06-08T20:02:51.409194Z,63,DC01.pirate.htb,DMWmiBridgeProv,Application,290,3,,,,,,,,,,,,,,,,,,,,,,,,,,,,,,,,,,,,,,,,,,,,,,root\cimv2\mdm\dmmap,,,,,,,,,,,,,http://manifests.microsoft.com/win/2006/windows/WMI,,,,,,,,,,,,,,,
2025-06-08T20:02:51.410588Z,63,DC01.pirate.htb,DMWmiBridgeProv,Application,291,3,,,,,,,,,,,,,,,,,,,,,,,,,,,,,,,,,,,,,,,,,,,,,,root\cimv2\mdm\dmmap,,,,,,,,,,,,,http://manifests.microsoft.com/win/2006/windows/WMI,,,,,,,,,,,,,,,
2025-06-08T20:02:51.412662Z,63,DC01.pirate.htb,DMWmiBridgeProv,Application,292,3,,,,,,,,,,,,,,,,,,,,,,,,,,,,,,,,,,,,,,,,,,,,,,root\cimv2\mdm\dmmap,,,,,,,,,,,,,http://manifests.microsoft.com/win/2006/windows/WMI,,,,,,,,,,,,,,,
2025-06-08T20:02:51.546405Z,63,DC01.pirate.htb,DMWmiBridgeProv1,Application,293,3,,,,,,,,,,,,,,,,,,,,,,,,,,,,,,,,,,,,,,,,,,,,,,root\cimv2\mdm\dmmap,,,,,,,,,,,,,http://manifests.microsoft.com/win/2006/windows/WMI,,,,,,,,,,,,,,,
2025-06-08T20:02:51.547466Z,63,DC01.pirate.htb,DMWmiBridgeProv1,Application,294,3,,,,,,,,,,,,,,,,,,,,,,,,,,,,,,,,,,,,,,,,,,,,,,root\cimv2\mdm\dmmap,,,,,,,,,,,,,http://manifests.microsoft.com/win/2006/windows/WMI,,,,,,,,,,,,,,,
2025-06-08T20:02:51.548353Z,63,DC01.pirate.htb,DMWmiBridgeProv1,Application,295,3,,,,,,,,,,,,,,,,,,,,,,,,,,,,,,,,,,,,,,,,,,,,,,root\cimv2\mdm\dmmap,,,,,,,,,,,,,http://manifests.microsoft.com/win/2006/windows/WMI,,,,,,,,,,,,,,,
2025-06-08T20:02:55.846121Z,"{'#attributes': {'Qualifiers': 32768}, '#text': 6003}",DC01.pirate.htb,Microsoft-Windows-Winlogon,Application,296,4,,,,D9060000,,,,,,,SessionEnv,,,,,,,,,,,,,,,,,,,,,,,,,,,,,,,,,,,,,,,,,,,,,,,,,,,,,,,,,,,,,,,
2025-06-08T20:02:56.221115Z,"{'#attributes': {'Qualifiers': 32768}, '#text': 6000}",DC01.pirate.htb,Microsoft-Windows-Winlogon,Application,297,4,,,,D9060000,,,,,,,SessionEnv,,,,,,,,,,,,,,,,,,,,,,,,,,,,,,,,,,,,,,,,,,,,,,,,,,,,,,,,,,,,,,,
2025-06-08T20:03:28.752379Z,"{'#attributes': {'Qualifiers': 16384}, '#text': 16384}",DC01.pirate.htb,Microsoft-Windows-Security-SPP,Application,298,4,,,,,,,,,,,,2025-06-09T20:02:28Z,TBL,,,,,,,,,,,,,,,,,,,,,,,,,,,,,,,,,,,,,,,,,,,,,,,,,,,,,,,,,,,,,
2025-06-08T20:03:28.752379Z,"{'#attributes': {'Qualifiers': 16384}, '#text': 903}",DC01.pirate.htb,Microsoft-Windows-Security-SPP,Application,299,0,,,,,,,,,,,,,,,,,,,,,,,,,,,,,,,,,,,,,,,,,,,,,,,,,,,,,,,,,,,,,,,,,,,,,,,,,,
2025-06-08T20:04:42.918736Z,"{'#attributes': {'Qualifiers': 16384}, '#text': 900}",DC01.pirate.htb,Microsoft-Windows-Security-SPP,Application,300,4,,,,,,,,,,,<explicit>,,,,,,,,,,,,,,,,,,,,,,,,,,,,,,,,,,,,,,,,,,,,,,,,,,,,,,,,,,,,,,,
2025-06-08T20:04:42.953986Z,"{'#attributes': {'Qualifiers': 49152}, '#text': 16394}",DC01.pirate.htb,Microsoft-Windows-Security-SPP,Application,301,4,,,,,,,,,,,,,,,,,,,,,,,,,,,,,,,,,,,,,,,,,,,,,,,,,,,,,,,,,,,,,,,,,,,,,,,,,,
2025-06-08T20:05:31.382740Z,"{'#attributes': {'Qualifiers': 16384}, '#text': 16384}",DC01.pirate.htb,Microsoft-Windows-Security-SPP,Application,302,4,,,,,,,,,,,,2025-11-05T14:33:31Z,RulesEngine,,,,,,,,,,,,,,,,,,,,,,,,,,,,,,,,,,,,,,,,,,,,,,,,,,,,,,,,,,,,,
2025-06-08T20:06:29.220176Z,1001,DC01.pirate.htb,Microsoft-Windows-LoadPerf,Application,303,4,,,,,,,,,,,,,,,,,,,,,,,,,,,,,,,,,,,,,,,,,,,,,,,,,,,,,,,,,,,LoadPerf,702B0000712B0000D2050000,12,,WmiApRpl,,,,WmiApRpl,,,,,,,
2025-06-08T20:06:29.255761Z,1000,DC01.pirate.htb,Microsoft-Windows-LoadPerf,Application,304,4,,,,,,,,,,,,,,,,,,,,,,,,,,,,,,,,,,,,,,,,,,,,,,,,,,,,,,,,,,,LoadPerf,722B0000182C0000732B0000192C0000,16,,WmiApRpl,,,,WmiApRpl,,,,,,,
2025-06-08T20:07:50.855749Z,"{'#attributes': {'Qualifiers': 0}, '#text': 8224}",DC01.pirate.htb,VSS,Application,305,4,,,,2D20436F64653A2020434F525356434330303030303737332D2043616C6C3A2020434F525356434330303030303735352D205049443A202030303030343537362D205449443A202030303030343539322D20434D443A2020433A5C57696E646F77735C73797374656D33325C76737376632E6578652020202D20557365723A204E616D653A204E5420415554484F524954595C53595354454D2C205349443A532D312D352D313820,,,,,,,,,,,,,,,,,,,,,,,,,,,,,,,,,,,,,,,,,,,,,,,,,,,,,,,,,,,,,,,,,,,,,,
2025-06-08T20:07:55.079777Z,"{'#attributes': {'Qualifiers': 0}, '#text': 102}",DC01.pirate.htb,ESENT,Application,306,4,,,,,,,,,,,,DFSRs,"3120,P,98",,,,,,,,,,,\\.\C:\System Volume Information\DFSR\database_1E64_8720_6486_FA33\dfsr.db: ,,,,0,10,00,17763,0000,,,,,,,,,,,,,,,,,,,,,,,,,,,,,,,,,,,,,,,,,,
2025-06-08T20:07:55.094791Z,"{'#attributes': {'Qualifiers': 0}, '#text': 105}",DC01.pirate.htb,ESENT,Application,307,4,,,,,,,,,,,,DFSRs,"3120,D,0",,,,,,,,,,,\\.\C:\System Volume Information\DFSR\database_1E64_8720_6486_FA33\dfsr.db: ,,,,0,0,"
[1] 0.000472 +J(0) +M(C:0K, Fs:214, WS:832K # 832K, PF:2752K # 2748K, P:2752K)
[2] 0.000154 +J(0) +M(C:16K, Fs:149, WS:584K # 584K, PF:4032K # 4032K, P:4032K)
[3] 0.000013 +J(0) +M(C:0K, Fs:13, WS:48K # 48K, PF:68K # 68K, P:68K)
[4] 0.000085 +J(0) +M(C:2032K, Fs:38, WS:148K # 148K, PF:2432K # 2432K, P:2432K)
[5] 0.000482 +J(0) +M(C:0K, Fs:20, WS:80K # 80K, PF:48K # 52K, P:48K)
[6] 0.001111 +J(0) +M(C:0K, Fs:16, WS:64K # 64K, PF:12K # 8K, P:12K)
[7] 0.006852 -0.004405 (21) WT +J(0) +M(C:0K, Fs:1300, WS:5188K # 5188K, PF:5132K # 5132K, P:5132K)
[8] -
[9] -
[10] -
[11] -
[12] -
[13] 0.006070 -0.003046 (22) WT +J(CM:0, PgRf:0, Rd:0/0, Dy:0/0, Lg:616/1) +M(C:0K, Fs:7, WS:-5100K # 16K, PF:-5128K # 12K, P:-5128K)
[14] 0.000008 +J(0) +M(C:0K, Fs:1, WS:4K # 0K, PF:0K # 0K, P:0K)
[15] 0.000039 +J(0) +M(C:0K, Fs:65, WS:256K # 0K, PF:68K # 0K, P:68K)
[16] 0.000157 -0.000061 (1) WT +J(0) +M(C:0K, Fs:2, WS:0K # 0K, PF:0K # 0K, P:0K).",,,,,,,,,,,,,,,,,,,,,,,,,,,,,,,,,,,,,,,,,,,,
2025-06-08T20:07:55.097717Z,"{'#attributes': {'Qualifiers': 0}, '#text': 326}",DC01.pirate.htb,ESENT,Application,308,4,,,,,,,,,,,,DFSRs,"3120,D,50",,,,,,,,,,,\\.\C:\System Volume Information\DFSR\database_1E64_8720_6486_FA33\dfsr.db: ,,,,1,\\.\C:\System Volume Information\DFSR\database_1E64_8720_6486_FA33\dfsr.db,0,"
[1] 0.000002 +J(0) +M(C:0K, Fs:1, WS:4K # 0K, PF:0K # 0K, P:0K)
[2] 0.000214 -0.000093 (1) WT +J(0) +M(C:0K, Fs:19, WS:12K # 0K, PF:8K # 0K, P:8K)
[3] 0.002087 -0.000444 (6) WT +J(CM:0, PgRf:0, Rd:0/0, Dy:0/0, Lg:3480/2) +M(C:0K, Fs:28, WS:100K # 0K, PF:140K # 0K, P:140K)
[4] 0.000051 +J(0)
[5] -
[6] -
[7] -
[8] 0.000309 -0.000192 (2) CM -0.000106 (2) WT +J(CM:2, PgRf:2, Rd:14/2, Dy:0/0, Lg:0/0) +M(C:-8K, Fs:68, WS:264K # 0K, PF:120K # 0K, P:120K)
[9] 0.000366 -0.000240 (2) CM -0.000190 (2) WT +J(CM:2, PgRf:23, Rd:0/1, Dy:0/0, Lg:0/0) +M(C:-12K, Fs:24, WS:72K # 0K, PF:188K # 0K, P:188K)
[10] 0.000153 -0.000107 (1) CM -0.000065 (1) WT +J(CM:1, PgRf:40, Rd:0/1, Dy:0/0, Lg:0/0) +M(C:-4K, Fs:4, WS:12K # 0K, PF:60K # 0K, P:60K)
[11] 0.000006 +J(CM:0, PgRf:1, Rd:0/0, Dy:0/0, Lg:0/0) +M(C:0K, Fs:2, WS:8K # 0K, PF:0K # 0K, P:0K)
[12] 0.000011 +J(CM:0, PgRf:36, Rd:0/0, Dy:0/0, Lg:0/0)
[13] 0.0 +J(0)
[14] 0.0 +J(0)
[15] 0.000002 +J(CM:0, PgRf:1, Rd:0/0, Dy:0/0, Lg:0/0).",0 0,lgposAttach = 00000015:024D:0268,,,,,,,,,,,,,,,,,,,,,,,,,,,,,,,,,,,,,,,,,
2025-06-08T20:11:58.236727Z,"{'#attributes': {'Qualifiers': 32768}, '#text': 6000}",DC01.pirate.htb,Microsoft-Windows-Winlogon,Application,309,4,,,,D9060000,,,,,,,WSearch,,,,,,,,,,,,,,,,,,,,,,,,,,,,,,,,,,,,,,,,,,,,,,,,,,,,,,,,,,,,,,,
2025-06-08T20:11:58.252349Z,"{'#attributes': {'Qualifiers': 32768}, '#text': 6000}",DC01.pirate.htb,Microsoft-Windows-Winlogon,Application,310,4,,,,D9060000,,,,,,,SessionEnv,,,,,,,,,,,,,,,,,,,,,,,,,,,,,,,,,,,,,,,,,,,,,,,,,,,,,,,,,,,,,,,
2025-06-08T20:12:00.518043Z,"{'#attributes': {'Qualifiers': 0}, '#text': 260}",DC01.pirate.htb,VMUpgradeHelper,Application,311,4,,,,,,,,,,,,,,,,,,,,,,,,,,,,,,,,,,,,,,,,,,,,,,,,,,,,,,,,,,,,,,,,,,,,,,,,,,
2025-06-08T20:12:00.518043Z,"{'#attributes': {'Qualifiers': 0}, '#text': 272}",DC01.pirate.htb,VMUpgradeHelper,Application,312,4,,,,,,,,,,,,,,,,,,,,,,,,,,,,,,,,,,,,,,,,,,,,,,,,,,,,,,,,,,,,,,,,,,,,,,,,,,
2025-06-08T20:12:00.518043Z,"{'#attributes': {'Qualifiers': 0}, '#text': 108}",DC01.pirate.htb,VMTools,Application,313,4,,,,,,,,,,,,,,,,,,,,,,,,,,,,,,,,,,,,,,,,,,,,,,,,,,,,,,,,,,,,,,,,,,,,,,,,,,
2025-06-08T20:12:00.701044Z,1532,DC01.pirate.htb,Microsoft-Windows-User Profiles Service,Application,314,4,,,,,,,,,,,,,,,,,,,,,,,,,,,,,,,,,,,,,,,,,,,,,,,,,,,,,,,,,,,,,,,,,,,,,,,,,,
2025-06-08T20:12:16.865134Z,"{'#attributes': {'Qualifiers': 16384}, '#text': 4625}",DC01,Microsoft-Windows-EventSystem,Application,315,4,,,,,,,,,,,,,,,,,,,,,,,,,,,,,,,,,,,,,,,,,,,,,,,,,,,,,,,,,,,,,,,86400,,,,SuppressDuplicateDuration,Software\Microsoft\EventSystem\EventLog,,,,,,
2025-06-08T20:12:16.872326Z,1531,DC01.pirate.htb,Microsoft-Windows-User Profiles Service,Application,316,4,,,,,,,,,,,,,,,,,,,,,,,,,,,,,,,,,,,,,,,,,,,,,,,,,,,,,,,,,,,,,,,,,,,,,,,,,,
2025-06-08T20:12:17.031798Z,5615,DC01.pirate.htb,Microsoft-Windows-WMI,Application,317,4,,,,,,,,,,,,,,,,,,,,,,,,,,,,,,,,,,,,,,,,,,,,,,,,,,,,,,,,,,,,,,,,,,,,,,,,,,
2025-06-08T20:12:17.151972Z,5617,DC01.pirate.htb,Microsoft-Windows-WMI,Application,318,4,,,,,,,,,,,,,,,,,,,,,,,,,,,,,,,,,,,,,,,,,,,,,,,,,,,,,,,,,,,,,,,,,,,,,,,,,,
2025-06-08T20:12:42.740231Z,"{'#attributes': {'Qualifiers': 0}, '#text': 105}",DC01.pirate.htb,VMTools,Application,319,4,,,,,,,,,,,,,,,,,,,,,,,,,,,,,,,,,,,,,,,,,,,,,,,,,,,,,,,,,,,,,,,,,,,,,,,,,,
2025-06-08T20:12:42.849508Z,"{'#attributes': {'Qualifiers': 16384}, '#text': 900}",DC01.pirate.htb,Microsoft-Windows-Security-SPP,Application,320,4,,,,,,,,,,,TriggerStarted:6,,,,,,,,,,,,,,,,,,,,,,,,,,,,,,,,,,,,,,,,,,,,,,,,,,,,,,,,,,,,,,,
2025-06-08T20:12:43.005758Z,"{'#attributes': {'Qualifiers': 16384}, '#text': 9027}",DC01.pirate.htb,Desktop Window Manager,Application,321,4,,,,,,,,,,,,,,,,,,,,,,,,,,,,,,,,,,,,,,,,,,,,,,,,,,,,,,,,,,,,,,,,,,,,,,,,,,
2025-06-08T20:12:43.052616Z,"{'#attributes': {'Qualifiers': 49152}, '#text': 16394}",DC01.pirate.htb,Microsoft-Windows-Security-SPP,Application,322,4,,,,,,,,,,,,,,,,,,,,,,,,,,,,,,,,,,,,,,,,,,,,,,,,,,,,,,,,,,,,,,,,,,,,,,,,,,
2025-06-08T20:12:43.083884Z,"{'#attributes': {'Qualifiers': 16384}, '#text': 1066}",DC01.pirate.htb,Microsoft-Windows-Security-SPP,Application,323,4,,,,,,,,,,,"C:\Windows\system32\sppwinob.dll, msft:spp/windowsfunctionality/agent/7.0, 0x00000000, 0x00000000
C:\Windows\system32\sppobjs.dll, msft:rm/algorithm/inherited/1.0, 0x00000000, 0x00000000
C:\Windows\system32\sppobjs.dll, msft:rm/algorithm/phone/1.0, 0x00000000, 0x00000000
C:\Windows\system32\sppobjs.dll, msft:rm/algorithm/pkey/detect, 0x00000000, 0x00000000
C:\Windows\system32\sppobjs.dll, msft:spp/ActionScheduler/1.0, 0x00000000, 0x00000000
C:\Windows\system32\sppobjs.dll, msft:spp/TaskScheduler/1.0, 0x00000000, 0x00000000
C:\Windows\system32\sppobjs.dll, msft:spp/statecollector/pkey, 0x00000000, 0x00000000
C:\Windows\system32\sppobjs.dll, msft:spp/volume/services/kms/1.0, 0x00000000, 0x00000000
C:\Windows\system32\sppobjs.dll, msft:spp/volume/services/kms/activationinfo/1.0, 0x00000000, 0x00000000
",,,,,,,,,,,,,,,,,,,,,,,,,,,,,,,,,,,,,,,,,,,,,,,,,,,,,,,,,,,,,,,
2025-06-08T20:12:43.193831Z,"{'#attributes': {'Qualifiers': 0}, '#text': 258}",DC01.pirate.htb,VMUpgradeHelper,Application,324,4,,,,,,,,,,,,,,,,,,,,,,,,,,,,,,,,,,,,,,,,,,,,,,,,,,,,,,,,,,,,,,,,,,,,,,,,,,
2025-06-08T20:12:43.240391Z,"{'#attributes': {'Qualifiers': 16384}, '#text': 1034}",DC01.pirate.htb,Microsoft-Windows-Security-SPP,Application,325,4,,,,,,,,,,,,Security-SPP-Reserved-LicenseProperties,100,,,,,,,,,,,,,,,,,,,,,,,,,,,,,,,,,,,,,,,,,,,,,,,,,,,,,,,,,,,,,
2025-06-08T20:12:43.240391Z,"{'#attributes': {'Qualifiers': 16384}, '#text': 1033}",DC01.pirate.htb,Microsoft-Windows-Security-SPP,Application,326,4,,,,,,,,,,,,(Security-SPP-Reserved-EnableNotificationMode) ,55c92734-d682-4d71-983e-d6ec3f16059f,,,,,,,,,,,7783a126-c108-4cf7-b59f-13c78c7a7337,,,,,,,,,,,,,,,,,,,,,,,,,,,,,,,,,,,,,,,,,,,,,,,,,,
2025-06-08T20:12:43.256103Z,"{'#attributes': {'Qualifiers': 16384}, '#text': 1003}",DC01.pirate.htb,Microsoft-Windows-Security-SPP,Application,327,4,,,,,,,,,,,,55c92734-d682-4d71-983e-d6ec3f16059f,"
1: 7783a126-c108-4cf7-b59f-13c78c7a7337, 1, 0 [(0 [0x00000000, 1, 0], [(?)( 1 0x00000000)(?)( 2 0x00000000 0 0 msft:rm/algorithm/hwid/4.0 0x00000000 0)(?)( 9 0x00000000 180 258861)( 10 0x00000000 msft:rm/algorithm/flags/1.0)(?)])(1 )(2 )(3 )]

",,,,,,,,,,,,,,,,,,,,,,,,,,,,,,,,,,,,,,,,,,,,,,,,,,,,,,,,,,,,,
2025-06-08T20:12:43.256103Z,"{'#attributes': {'Qualifiers': 32768}, '#text': 1037}",DC01.pirate.htb,Microsoft-Windows-Security-SPP,Application,328,4,,,,,,,,,,,,validity,258861,,,,,,,,,,,,,,,,,,,,,,,,,,,,,,,,,,,,,,,,,,,,,,,,,,,,,,,,,,,,,
2025-06-08T20:12:43.271394Z,"{'#attributes': {'Qualifiers': 16384}, '#text': 902}",DC01.pirate.htb,Microsoft-Windows-Security-SPP,Application,329,0,,,,,,,,,,,10.0.17763.7309,,,,,,,,,,,,,,,,,,,,,,,,,,,,,,,,,,,,,,,,,,,,,,,,,,,,,,,,,,,,,,,
2025-06-08T20:12:43.349961Z,"{'#attributes': {'Qualifiers': 0}, '#text': 271}",DC01.pirate.htb,VMUpgradeHelper,Application,330,4,,,,,,,,,,,,,,,,,,,,,,,,,,,,,,,,,,,,,,,,,,,,,,,,,,,,,,,,,,,,,,,,,,,,,,,,,,
2025-06-08T20:12:43.349961Z,"{'#attributes': {'Qualifiers': 16384}, '#text': 781}",DC01.pirate.htb,Microsoft-Windows-Complus,Application,331,4,,,,,,,,,,,,,,,,,,,,,,,,,,,,,,,,,,,,,,,,,,,,,,,,,,,,,,,,,,,,,,,86400,,,,SuppressDuplicateDuration,Software\Microsoft\COM3\Eventlog,,,,,,
2025-06-08T20:12:43.427719Z,"{'#attributes': {'Qualifiers': 16384}, '#text': 4202}",DC01.pirate.htb,Microsoft-Windows-MSDTC 2,Application,332,4,,,,,,,,,,,,,,,,,,,,,,,,,,,,,,,,,,,,,,,,,,,,,,,,,,,,,,,,,,,,,,,0,0,0,1,0,0,0,0,0,1,Mutual Authentication Required,NT AUTHORITY\NetworkService
2025-06-08T20:12:45.436989Z,63,DC01.pirate.htb,HgsClientWmi,Application,333,3,,,,,,,,,,,,,,,,,,,,,,,,,,,,,,,,,,,,,,,,,,,,,,root\Microsoft\Windows\Hgs,,,,,,,,,,,,,http://manifests.microsoft.com/win/2006/windows/WMI,,,,,,,,,,,,,,,
2025-06-08T20:12:45.438016Z,63,DC01.pirate.htb,HgsClientWmi,Application,334,3,,,,,,,,,,,,,,,,,,,,,,,,,,,,,,,,,,,,,,,,,,,,,,root\Microsoft\Windows\Hgs,,,,,,,,,,,,,http://manifests.microsoft.com/win/2006/windows/WMI,,,,,,,,,,,,,,,
2025-06-08T20:12:45.438882Z,63,DC01.pirate.htb,HgsClientWmi,Application,335,3,,,,,,,,,,,,,,,,,,,,,,,,,,,,,,,,,,,,,,,,,,,,,,root\Microsoft\Windows\Hgs,,,,,,,,,,,,,http://manifests.microsoft.com/win/2006/windows/WMI,,,,,,,,,,,,,,,
2025-06-08T20:12:46.099518Z,"{'#attributes': {'Qualifiers': 32768}, '#text': 6004}",DC01.pirate.htb,Microsoft-Windows-Winlogon,Application,336,3,,,,69060000,,,,,,,TrustedInstaller,,,,,,,,,,,,,,,,,,,,,,,,,,,,,,,,,,,,,,,,,,,,,,,,,,,,,,,,,,,,,,,
2025-06-08T20:12:46.896374Z,"{'#attributes': {'Qualifiers': 0}, '#text': 260}",DC01.pirate.htb,VMUpgradeHelper,Application,337,4,,,,,,,,,,,,,,,,,,,,,,,,,,,,,,,,,,,,,,,,,,,,,,,,,,,,,,,,,,,,,,,,,,,,,,,,,,
2025-06-08T20:12:46.896374Z,"{'#attributes': {'Qualifiers': 0}, '#text': 272}",DC01.pirate.htb,VMUpgradeHelper,Application,338,4,,,,,,,,,,,,,,,,,,,,,,,,,,,,,,,,,,,,,,,,,,,,,,,,,,,,,,,,,,,,,,,,,,,,,,,,,,
2025-06-08T20:12:46.896374Z,"{'#attributes': {'Qualifiers': 0}, '#text': 108}",DC01.pirate.htb,VMTools,Application,339,4,,,,,,,,,,,,,,,,,,,,,,,,,,,,,,,,,,,,,,,,,,,,,,,,,,,,,,,,,,,,,,,,,,,,,,,,,,
2025-06-08T20:12:50.333882Z,"{'#attributes': {'Qualifiers': 16384}, '#text': 4111}",DC01.pirate.htb,Microsoft-Windows-MSDTC,Application,340,4,,,,4D005300440054004300,,,,,,,,,,,,,,,,,,,,,,,,,,,,,,,,,,,,,,,,,,,,,,,,,,,,,,,,,,,,,,,,,,,,,,
2025-06-08T20:12:50.333882Z,"{'#attributes': {'Qualifiers': 16384}, '#text': 903}",DC01.pirate.htb,Microsoft-Windows-Security-SPP,Application,341,0,,,,,,,,,,,,,,,,,,,,,,,,,,,,,,,,,,,,,,,,,,,,,,,,,,,,,,,,,,,,,,,,,,,,,,,,,,
2025-06-08T20:12:50.349511Z,"{'#attributes': {'Qualifiers': 32768}, '#text': 4879}",DC01.pirate.htb,Microsoft-Windows-MSDTC Client 2,Application,342,3,,,,,,,,,,,,,,,,,,,,,,,,,,,,,,,,,,,,,,,,,,,,,,,,,,,,,,,,,,,,,,,80000171,,,,DC01,,,,,,,
2025-06-08T20:12:50.349511Z,"{'#attributes': {'Qualifiers': 0}, '#text': 8225}",DC01.pirate.htb,VSS,Application,343,4,,,,2D20436F64653A2020434F525356434330303030303737312D2043616C6C3A2020434F525356434330303030303735352D205049443A202030303030343536342D205449443A202030303030343634382D20434D443A2020433A5C57696E646F77735C73797374656D33325C76737376632E6578652020202D20557365723A20,,,,,,,,,,,,,,,,,,,,,,,,,,,,,,,,,,,,,,,,,,,,,,,,,,,,,,,,,,,,,,,,,,,,,,
2025-06-08T20:12:50.365122Z,"{'#attributes': {'Qualifiers': 0}, '#text': 1026}",DC01.pirate.htb,.NET Runtime,Application,344,2,,,,,,,,,,,"Application: Microsoft.ActiveDirectory.WebServices.exe
Framework Version: v4.0.30319
Description: The process was terminated due to an unhandled exception.
Exception Info: System.ServiceModel.CommunicationObjectFaultedException
   at System.ServiceModel.Channels.CommunicationObject.Close(System.TimeSpan)
   at System.ServiceModel.ServiceHostBase.System.IDisposable.Dispose()
   at Microsoft.ActiveDirectory.WebServices.WindowsHostService.StartService(System.Object)
   at System.Threading.ExecutionContext.RunInternal(System.Threading.ExecutionContext, System.Threading.ContextCallback, System.Object, Boolean)
   at System.Threading.ExecutionContext.Run(System.Threading.ExecutionContext, System.Threading.ContextCallback, System.Object, Boolean)
   at System.Threading.ExecutionContext.Run(System.Threading.ExecutionContext, System.Threading.ContextCallback, System.Object)
   at System.Threading.ThreadHelper.ThreadStart(System.Object)

",,,,,,,,,,,,,,,,,,,,,,,,,,,,,,,,,,,,,,,,,,,,,,,,,,,,,,,,,,,,,,,
2025-06-08T20:12:50.396722Z,"{'#attributes': {'Qualifiers': 0}, '#text': 1000}",DC01.pirate.htb,Application Error,Application,345,2,,,,,,,,,,,,Microsoft.ActiveDirectory.WebServices.exe,10.0.17763.1,C:\Windows\ADWS\Microsoft.ActiveDirectory.WebServices.exe,C:\Windows\System32\KERNELBASE.dll,6b459150-c51c-45ad-8cf9-cb3167653d0a,,,,,,,,a11cafd3,,,,KERNELBASE.dll,10.0.17763.7309,193572cf,e0434352,0000000000041b39,c5c,01dbd8b1b0e9ac5e,,,,,,,,,,,,,,,,,,,,,,,,,,,,,,,,,,,,,,,,
2025-06-08T20:12:50.347644Z,1532,DC01.pirate.htb,Microsoft-Windows-User Profiles Service,Application,346,4,,,,,,,,,,,,,,,,,,,,,,,,,,,,,,,,,,,,,,,,,,,,,,,,,,,,,,,,,,,,,,,,,,,,,,,,,,
2025-06-08T20:13:08.328673Z,"{'#attributes': {'Qualifiers': 16384}, '#text': 4625}",DC01.pirate.htb,Microsoft-Windows-EventSystem,Application,347,4,,,,,,,,,,,,,,,,,,,,,,,,,,,,,,,,,,,,,,,,,,,,,,,,,,,,,,,,,,,,,,,86400,,,,SuppressDuplicateDuration,Software\Microsoft\EventSystem\EventLog,,,,,,
2025-06-08T20:13:08.325513Z,1531,DC01.pirate.htb,Microsoft-Windows-User Profiles Service,Application,348,4,,,,,,,,,,,,,,,,,,,,,,,,,,,,,,,,,,,,,,,,,,,,,,,,,,,,,,,,,,,,,,,,,,,,,,,,,,
2025-06-08T20:13:08.450960Z,5615,DC01.pirate.htb,Microsoft-Windows-WMI,Application,349,4,,,,,,,,,,,,,,,,,,,,,,,,,,,,,,,,,,,,,,,,,,,,,,,,,,,,,,,,,,,,,,,,,,,,,,,,,,
2025-06-08T20:13:08.622733Z,5617,DC01.pirate.htb,Microsoft-Windows-WMI,Application,350,4,,,,,,,,,,,,,,,,,,,,,,,,,,,,,,,,,,,,,,,,,,,,,,,,,,,,,,,,,,,,,,,,,,,,,,,,,,
2025-06-08T20:13:09.734928Z,"{'#attributes': {'Qualifiers': 0}, '#text': 1001}",DC01.pirate.htb,Windows Error Reporting,Application,351,4,,,,,,,,,,,,,0,5e7d2534,4637,160,I0SHPZEWVQV4P1UJY40X15MQTHF34RR5,,"
\\?\C:\ProgramData\Microsoft\Windows\WER\Temp\WER9CCC.tmp.dmp
\\?\C:\ProgramData\Microsoft\Windows\WER\Temp\WER9DA8.tmp.WERInternalMetadata.xml
\\?\C:\ProgramData\Microsoft\Windows\WER\Temp\WER9DB9.tmp.xml
\\?\C:\Windows\Temp\WER9DC9.tmp.appcompat.txt
\\?\C:\ProgramData\Microsoft\Windows\WER\ReportQueue\AppCrash_V0KXCIQIJBOA2NW5_6b8f25cacc778243fec6cd3c13e323821c052_05523767_cab_0f249dc6\memory.hdmp",\\?\C:\ProgramData\Microsoft\Windows\WER\ReportQueue\AppCrash_V0KXCIQIJBOA2NW5_6b8f25cacc778243fec6cd3c13e323821c052_05523767_cab_0f249dc6,,0,6b459150-c51c-45ad-8cf9-cb3167653d0a,CLR20r3,100,,0,Not available,0,V0KXCIQIJBOA2NW5DIQBFTEBV5SCPPFH,10.0.17763.1,a11cafd3,System.ServiceModel,4.7.3620.0,,,,,,,,,,,,,,,,,,,,,,,,,,,,,,,,,,,,,,,,
2025-06-08T20:13:34.173940Z,"{'#attributes': {'Qualifiers': 0}, '#text': 105}",DC01.pirate.htb,VMTools,Application,352,4,,,,,,,,,,,,,,,,,,,,,,,,,,,,,,,,,,,,,,,,,,,,,,,,,,,,,,,,,,,,,,,,,,,,,,,,,,
2025-06-08T20:13:34.329829Z,"{'#attributes': {'Qualifiers': 16384}, '#text': 900}",DC01.pirate.htb,Microsoft-Windows-Security-SPP,Application,353,4,,,,,,,,,,,TriggerStarted:6,,,,,,,,,,,,,,,,,,,,,,,,,,,,,,,,,,,,,,,,,,,,,,,,,,,,,,,,,,,,,,,
2025-06-08T20:13:34.579828Z,"{'#attributes': {'Qualifiers': 16384}, '#text': 781}",DC01.pirate.htb,Microsoft-Windows-Complus,Application,354,4,,,,,,,,,,,,,,,,,,,,,,,,,,,,,,,,,,,,,,,,,,,,,,,,,,,,,,,,,,,,,,,86400,,,,SuppressDuplicateDuration,Software\Microsoft\COM3\Eventlog,,,,,,
2025-06-08T20:13:34.595454Z,"{'#attributes': {'Qualifiers': 49152}, '#text': 16394}",DC01.pirate.htb,Microsoft-Windows-Security-SPP,Application,355,4,,,,,,,,,,,,,,,,,,,,,,,,,,,,,,,,,,,,,,,,,,,,,,,,,,,,,,,,,,,,,,,,,,,,,,,,,,
2025-06-08T20:13:34.642471Z,"{'#attributes': {'Qualifiers': 16384}, '#text': 1066}",DC01.pirate.htb,Microsoft-Windows-Security-SPP,Application,356,4,,,,,,,,,,,"C:\Windows\system32\sppwinob.dll, msft:spp/windowsfunctionality/agent/7.0, 0x00000000, 0x00000000
C:\Windows\system32\sppobjs.dll, msft:rm/algorithm/inherited/1.0, 0x00000000, 0x00000000
C:\Windows\system32\sppobjs.dll, msft:rm/algorithm/phone/1.0, 0x00000000, 0x00000000
C:\Windows\system32\sppobjs.dll, msft:rm/algorithm/pkey/detect, 0x00000000, 0x00000000
C:\Windows\system32\sppobjs.dll, msft:spp/ActionScheduler/1.0, 0x00000000, 0x00000000
C:\Windows\system32\sppobjs.dll, msft:spp/TaskScheduler/1.0, 0x00000000, 0x00000000
C:\Windows\system32\sppobjs.dll, msft:spp/statecollector/pkey, 0x00000000, 0x00000000
C:\Windows\system32\sppobjs.dll, msft:spp/volume/services/kms/1.0, 0x00000000, 0x00000000
C:\Windows\system32\sppobjs.dll, msft:spp/volume/services/kms/activationinfo/1.0, 0x00000000, 0x00000000
",,,,,,,,,,,,,,,,,,,,,,,,,,,,,,,,,,,,,,,,,,,,,,,,,,,,,,,,,,,,,,,
2025-06-08T20:13:34.705870Z,"{'#attributes': {'Qualifiers': 16384}, '#text': 9027}",DC01.pirate.htb,Desktop Window Manager,Application,357,4,,,,,,,,,,,,,,,,,,,,,,,,,,,,,,,,,,,,,,,,,,,,,,,,,,,,,,,,,,,,,,,,,,,,,,,,,,
2025-06-08T20:13:34.720475Z,"{'#attributes': {'Qualifiers': 16384}, '#text': 1003}",DC01.pirate.htb,Microsoft-Windows-Security-SPP,Application,358,4,,,,,,,,,,,,55c92734-d682-4d71-983e-d6ec3f16059f,"
1: 7783a126-c108-4cf7-b59f-13c78c7a7337, 1, 1 [(0 [0x00000000, 1, 0], [(?)( 1 0x00000000)(?)( 2 0x00000000 0 0 msft:rm/algorithm/hwid/4.0 0x00000000 0)(?)( 9 0x00000000 180 258860)( 10 0x00000000 msft:rm/algorithm/flags/1.0)(?)])(1 )(2 )(3 )]

",,,,,,,,,,,,,,,,,,,,,,,,,,,,,,,,,,,,,,,,,,,,,,,,,,,,,,,,,,,,,
2025-06-08T20:13:34.736155Z,"{'#attributes': {'Qualifiers': 32768}, '#text': 1037}",DC01.pirate.htb,Microsoft-Windows-Security-SPP,Application,359,4,,,,,,,,,,,,validity,258860,,,,,,,,,,,,,,,,,,,,,,,,,,,,,,,,,,,,,,,,,,,,,,,,,,,,,,,,,,,,,
2025-06-08T20:13:34.751707Z,"{'#attributes': {'Qualifiers': 16384}, '#text': 902}",DC01.pirate.htb,Microsoft-Windows-Security-SPP,Application,360,0,,,,,,,,,,,10.0.17763.7309,,,,,,,,,,,,,,,,,,,,,,,,,,,,,,,,,,,,,,,,,,,,,,,,,,,,,,,,,,,,,,,
2025-06-08T20:13:34.782948Z,"{'#attributes': {'Qualifiers': 0}, '#text': 258}",DC01.pirate.htb,VMUpgradeHelper,Application,361,4,,,,,,,,,,,,,,,,,,,,,,,,,,,,,,,,,,,,,,,,,,,,,,,,,,,,,,,,,,,,,,,,,,,,,,,,,,
2025-06-08T20:13:34.814799Z,"{'#attributes': {'Qualifiers': 16384}, '#text': 4202}",DC01.pirate.htb,Microsoft-Windows-MSDTC 2,Application,362,4,,,,,,,,,,,,,,,,,,,,,,,,,,,,,,,,,,,,,,,,,,,,,,,,,,,,,,,,,,,,,,,0,0,0,1,0,0,0,0,0,1,Mutual Authentication Required,NT AUTHORITY\NetworkService
2025-06-08T20:13:34.830315Z,"{'#attributes': {'Qualifiers': 0}, '#text': 271}",DC01.pirate.htb,VMUpgradeHelper,Application,363,4,,,,,,,,,,,,,,,,,,,,,,,,,,,,,,,,,,,,,,,,,,,,,,,,,,,,,,,,,,,,,,,,,,,,,,,,,,
2025-06-08T20:13:48.532986Z,"{'#attributes': {'Qualifiers': 32768}, '#text': 6003}",DC01.pirate.htb,Microsoft-Windows-Winlogon,Application,364,4,,,,D9060000,,,,,,,SessionEnv,,,,,,,,,,,,,,,,,,,,,,,,,,,,,,,,,,,,,,,,,,,,,,,,,,,,,,,,,,,,,,,
2025-06-08T20:13:48.845440Z,"{'#attributes': {'Qualifiers': 32768}, '#text': 6000}",DC01.pirate.htb,Microsoft-Windows-Winlogon,Application,365,4,,,,D9060000,,,,,,,SessionEnv,,,,,,,,,,,,,,,,,,,,,,,,,,,,,,,,,,,,,,,,,,,,,,,,,,,,,,,,,,,,,,,
2025-06-08T20:14:19.529484Z,"{'#attributes': {'Qualifiers': 16384}, '#text': 16384}",DC01.pirate.htb,Microsoft-Windows-Security-SPP,Application,366,4,,,,,,,,,,,,2025-06-09T20:13:19Z,TBL,,,,,,,,,,,,,,,,,,,,,,,,,,,,,,,,,,,,,,,,,,,,,,,,,,,,,,,,,,,,,
2025-06-08T20:14:19.545613Z,"{'#attributes': {'Qualifiers': 16384}, '#text': 903}",DC01.pirate.htb,Microsoft-Windows-Security-SPP,Application,367,0,,,,,,,,,,,,,,,,,,,,,,,,,,,,,,,,,,,,,,,,,,,,,,,,,,,,,,,,,,,,,,,,,,,,,,,,,,
2025-06-08T20:14:47.874202Z,"{'#attributes': {'Qualifiers': 0}, '#text': 1001}",DC01.pirate.htb,Windows Error Reporting,Application,368,4,,,,,,,,,,,,1671970375295000333,5,5e7d2534,4637,160,I0SHPZEWVQV4P1UJY40X15MQTHF34RR5,,"
\\?\C:\ProgramData\Microsoft\Windows\WER\Temp\WER9CCC.tmp.dmp
\\?\C:\ProgramData\Microsoft\Windows\WER\Temp\WER9DA8.tmp.WERInternalMetadata.xml
\\?\C:\ProgramData\Microsoft\Windows\WER\Temp\WER9DB9.tmp.xml
\\?\C:\Windows\Temp\WER9DC9.tmp.appcompat.txt
\\?\C:\ProgramData\Microsoft\Windows\WER\ReportQueue\AppCrash_V0KXCIQIJBOA2NW5_6b8f25cacc778243fec6cd3c13e323821c052_05523767_cab_0f249dc6\memory.hdmp",\\?\C:\ProgramData\Microsoft\Windows\WER\ReportArchive\AppCrash_V0KXCIQIJBOA2NW5_6b8f25cacc778243fec6cd3c13e323821c052_05523767_0b09a052,,0,6b459150-c51c-45ad-8cf9-cb3167653d0a,CLR20r3,268435556,3ab0deada1e6ad1fc7340832a66f5f0d,0,Not available,0,V0KXCIQIJBOA2NW5DIQBFTEBV5SCPPFH,10.0.17763.1,a11cafd3,System.ServiceModel,4.7.3620.0,,,,,,,,,,,,,,,,,,,,,,,,,,,,,,,,,,,,,,,,
2025-06-08T20:15:34.683567Z,"{'#attributes': {'Qualifiers': 16384}, '#text': 900}",DC01.pirate.htb,Microsoft-Windows-Security-SPP,Application,369,4,,,,,,,,,,,<explicit>,,,,,,,,,,,,,,,,,,,,,,,,,,,,,,,,,,,,,,,,,,,,,,,,,,,,,,,,,,,,,,,
2025-06-08T20:15:34.714715Z,"{'#attributes': {'Qualifiers': 49152}, '#text': 16394}",DC01.pirate.htb,Microsoft-Windows-Security-SPP,Application,370,4,,,,,,,,,,,,,,,,,,,,,,,,,,,,,,,,,,,,,,,,,,,,,,,,,,,,,,,,,,,,,,,,,,,,,,,,,,
2025-06-08T20:16:04.756133Z,"{'#attributes': {'Qualifiers': 16384}, '#text': 16384}",DC01.pirate.htb,Microsoft-Windows-Security-SPP,Application,371,4,,,,,,,,,,,,2025-11-05T14:33:04Z,RulesEngine,,,,,,,,,,,,,,,,,,,,,,,,,,,,,,,,,,,,,,,,,,,,,,,,,,,,,,,,,,,,,
2025-06-08T20:16:35.911652Z,"{'#attributes': {'Qualifiers': 0}, '#text': 8224}",DC01.pirate.htb,VSS,Application,372,4,,,,2D20436F64653A2020434F525356434330303030303737332D2043616C6C3A2020434F525356434330303030303735352D205049443A202030303030343730342D205449443A202030303030343732342D20434D443A2020433A5C57696E646F77735C73797374656D33325C76737376632E6578652020202D20557365723A204E616D653A204E5420415554484F524954595C53595354454D2C205349443A532D312D352D313820,,,,,,,,,,,,,,,,,,,,,,,,,,,,,,,,,,,,,,,,,,,,,,,,,,,,,,,,,,,,,,,,,,,,,,
2025-06-08T20:17:53.547267Z,1001,DC01.pirate.htb,Microsoft-Windows-LoadPerf,Application,373,4,,,,,,,,,,,,,,,,,,,,,,,,,,,,,,,,,,,,,,,,,,,,,,,,,,,,,,,,,,,LoadPerf,7036000071360000D2050000,12,,WmiApRpl,,,,WmiApRpl,,,,,,,
2025-06-08T20:17:53.587366Z,1000,DC01.pirate.htb,Microsoft-Windows-LoadPerf,Application,374,4,,,,,,,,,,,,,,,,,,,,,,,,,,,,,,,,,,,,,,,,,,,,,,,,,,,,,,,,,,,LoadPerf,72360000183700007336000019370000,16,,WmiApRpl,,,,WmiApRpl,,,,,,,
2025-06-08T20:18:46.747160Z,"{'#attributes': {'Qualifiers': 0}, '#text': 102}",DC01.pirate.htb,ESENT,Application,375,4,,,,,,,,,,,,DFSRs,"2148,P,98",,,,,,,,,,,\\.\C:\System Volume Information\DFSR\database_1E64_8720_6486_FA33\dfsr.db: ,,,,0,10,00,17763,0000,,,,,,,,,,,,,,,,,,,,,,,,,,,,,,,,,,,,,,,,,,
2025-06-08T20:18:46.762923Z,"{'#attributes': {'Qualifiers': 0}, '#text': 105}",DC01.pirate.htb,ESENT,Application,376,4,,,,,,,,,,,,DFSRs,"2148,D,0",,,,,,,,,,,\\.\C:\System Volume Information\DFSR\database_1E64_8720_6486_FA33\dfsr.db: ,,,,0,0,"
[1] 0.002172 +J(0) +M(C:0K, Fs:284, WS:1100K # 1100K, PF:6468K # 6356K, P:6468K)
[2] 0.000163 +J(0) +M(C:16K, Fs:100, WS:392K # 392K, PF:336K # 336K, P:336K)
[3] 0.000008 +J(0) +M(C:0K, Fs:4, WS:16K # 16K, PF:64K # 64K, P:64K)
[4] 0.000088 +J(0) +M(C:2032K, Fs:39, WS:144K # 144K, PF:2440K # 2440K, P:2440K)
[5] 0.000274 +J(0) +M(C:0K, Fs:9, WS:36K # 36K, PF:28K # 28K, P:28K)
[6] 0.001166 +J(0) +M(C:0K, Fs:17, WS:68K # 68K, PF:12K # 12K, P:12K)
[7] 0.014729 -0.011768 (21) WT +J(0) +M(C:0K, Fs:1299, WS:5188K # 5188K, PF:5128K # 5128K, P:5128K)
[8] -
[9] -
[10] -
[11] -
[12] -
[13] 0.006999 -0.003540 (22) WT +J(CM:0, PgRf:0, Rd:0/0, Dy:0/0, Lg:616/1) +M(C:0K, Fs:8, WS:-5096K # 16K, PF:-5120K # 16K, P:-5120K)
[14] 0.000011 +J(0) +M(C:0K, Fs:2, WS:8K # 0K, PF:4K # 0K, P:4K)
[15] 0.000041 +J(0) +M(C:0K, Fs:64, WS:256K # 0K, PF:64K # 0K, P:64K)
[16] 0.000178 -0.000065 (1) WT +J(0) +M(C:0K, Fs:2, WS:0K # 0K, PF:0K # 0K, P:0K).",,,,,,,,,,,,,,,,,,,,,,,,,,,,,,,,,,,,,,,,,,,,
2025-06-08T20:18:46.778573Z,"{'#attributes': {'Qualifiers': 0}, '#text': 326}",DC01.pirate.htb,ESENT,Application,377,4,,,,,,,,,,,,DFSRs,"2148,D,50",,,,,,,,,,,\\.\C:\System Volume Information\DFSR\database_1E64_8720_6486_FA33\dfsr.db: ,,,,1,\\.\C:\System Volume Information\DFSR\database_1E64_8720_6486_FA33\dfsr.db,0,"
[1] 0.000002 +J(0) +M(C:0K, Fs:1, WS:4K # 0K, PF:0K # 0K, P:0K)
[2] 0.000576 -0.000444 (1) WT +J(0) +M(C:0K, Fs:19, WS:12K # 0K, PF:8K # 0K, P:8K)
[3] 0.002602 -0.000839 (6) WT +J(CM:0, PgRf:0, Rd:0/0, Dy:0/0, Lg:3480/2) +M(C:0K, Fs:32, WS:120K # 0K, PF:156K # 0K, P:156K)
[4] 0.000055 +J(0)
[5] -
[6] -
[7] -
[8] 0.000327 -0.000188 (2) CM -0.000083 (2) WT +J(CM:2, PgRf:2, Rd:14/2, Dy:0/0, Lg:0/0) +M(C:-8K, Fs:68, WS:264K # 0K, PF:120K # 0K, P:120K)
[9] 0.000711 -0.000594 (2) CM -0.000534 (2) WT +J(CM:2, PgRf:23, Rd:0/1, Dy:0/0, Lg:0/0) +M(C:-12K, Fs:24, WS:80K # 0K, PF:204K # 0K, P:204K)
[10] 0.000282 -0.000236 (1) CM -0.000182 (1) WT +J(CM:1, PgRf:40, Rd:0/1, Dy:0/0, Lg:0/0) +M(C:-4K, Fs:4, WS:12K # 0K, PF:60K # 0K, P:60K)
[11] 0.000006 +J(CM:0, PgRf:1, Rd:0/0, Dy:0/0, Lg:0/0) +M(C:0K, Fs:2, WS:8K # 0K, PF:0K # 0K, P:0K)
[12] 0.000011 +J(CM:0, PgRf:36, Rd:0/0, Dy:0/0, Lg:0/0)
[13] 0.0 +J(0)
[14] 0.0 +J(0)
[15] 0.000002 +J(CM:0, PgRf:1, Rd:0/0, Dy:0/0, Lg:0/0).",0 0,lgposAttach = 00000015:0286:0268,,,,,,,,,,,,,,,,,,,,,,,,,,,,,,,,,,,,,,,,,
2025-06-08T20:23:40.510815Z,"{'#attributes': {'Qualifiers': 49152}, '#text': 16394}",DC01.pirate.htb,Microsoft-Windows-Security-SPP,Application,378,4,,,,,,,,,,,,,,,,,,,,,,,,,,,,,,,,,,,,,,,,,,,,,,,,,,,,,,,,,,,,,,,,,,,,,,,,,,
2025-06-08T20:24:38.474799Z,"{'#attributes': {'Qualifiers': 16384}, '#text': 16384}",DC01.pirate.htb,Microsoft-Windows-Security-SPP,Application,379,4,,,,,,,,,,,,2025-11-05T14:33:38Z,RulesEngine,,,,,,,,,,,,,,,,,,,,,,,,,,,,,,,,,,,,,,,,,,,,,,,,,,,,,,,,,,,,,
2025-06-08T20:34:24.483715Z,"{'#attributes': {'Qualifiers': 49152}, '#text': 16394}",DC01.pirate.htb,Microsoft-Windows-Security-SPP,Application,380,4,,,,,,,,,,,,,,,,,,,,,,,,,,,,,,,,,,,,,,,,,,,,,,,,,,,,,,,,,,,,,,,,,,,,,,,,,,
2025-06-08T20:34:57.607268Z,"{'#attributes': {'Qualifiers': 16384}, '#text': 16384}",DC01.pirate.htb,Microsoft-Windows-Security-SPP,Application,381,4,,,,,,,,,,,,2025-11-05T14:32:57Z,RulesEngine,,,,,,,,,,,,,,,,,,,,,,,,,,,,,,,,,,,,,,,,,,,,,,,,,,,,,,,,,,,,,
2025-06-08T20:43:34.885507Z,"{'#attributes': {'Qualifiers': 49152}, '#text': 16394}",DC01.pirate.htb,Microsoft-Windows-Security-SPP,Application,382,4,,,,,,,,,,,,,,,,,,,,,,,,,,,,,,,,,,,,,,,,,,,,,,,,,,,,,,,,,,,,,,,,,,,,,,,,,,
2025-06-08T20:51:04.040947Z,"{'#attributes': {'Qualifiers': 0}, '#text': 103}",DC01.pirate.htb,ESENT,Application,383,4,,,,,,,,,,,,DFSRs,"2148,T,97",,,,,,,,,,,\\.\C:\System Volume Information\DFSR\database_1E64_8720_6486_FA33\dfsr.db: ,,,,0,"
[1] 0.000007 +J(0) +M(C:0K, Fs:1, WS:4K # 0K, PF:0K # 0K, P:0K)
[2] 0.000012 +J(0)
[3] 0.000017 +J(0)
[4] 0.000005 +J(0)
[5] 0.014417 -0.012412 (8) WT +J(0) +M(C:-8K, Fs:7, WS:4K # 0K, PF:-8K # 0K, P:-8K)
[6] 0.000008 +J(0)
[7] 0.000003 +J(0)
[8] 0.004244 -0.002084 (12) WT +J(CM:0, PgRf:0, Rd:0/0, Dy:0/0, Lg:1164/2) +M(C:0K, Fs:10, WS:-16K # 0K, PF:-28K # 0K, P:-28K)
[9] 0.000289 -0.000132 (1) WT +J(CM:0, PgRf:0, Rd:0/0, Dy:0/0, Lg:66/1) +M(C:0K, Fs:1, WS:4K # 0K, PF:20K # 0K, P:20K)
[10] 0.000008 +J(0)
[11] 0.000647 -0.000179 (2) WT +J(0)
[12] 0.000025 +J(0) +M(C:0K, Fs:0, WS:-4K # 0K, PF:-4K # 0K, P:-4K)
[13] 0.000034 +J(0)
[14] 0.000087 +J(0) +M(C:0K, Fs:0, WS:-140K # 0K, PF:-160K # 0K, P:-160K)
[15] 0.000002 +J(0).",0,,,,,,,,,,,,,,,,,,,,,,,,,,,,,,,,,,,,,,,,,,,,
2025-06-08T20:51:07.068271Z,"{'#attributes': {'Qualifiers': 0}, '#text': 102}",DC01.pirate.htb,ESENT,Application,384,4,,,,,,,,,,,,DFSRs,"896,P,98",,,,,,,,,,,\\.\C:\System Volume Information\DFSR\database_1E64_8720_6486_FA33\dfsr.db: ,,,,0,10,00,17763,0000,,,,,,,,,,,,,,,,,,,,,,,,,,,,,,,,,,,,,,,,,,
2025-06-08T20:51:07.099462Z,"{'#attributes': {'Qualifiers': 0}, '#text': 105}",DC01.pirate.htb,ESENT,Application,385,4,,,,,,,,,,,,DFSRs,"896,D,0",,,,,,,,,,,\\.\C:\System Volume Information\DFSR\database_1E64_8720_6486_FA33\dfsr.db: ,,,,0,0,"
[1] 0.000562 +J(0) +M(C:0K, Fs:224, WS:864K # 864K, PF:2752K # 2744K, P:2752K)
[2] 0.000120 +J(0) +M(C:16K, Fs:124, WS:484K # 484K, PF:4020K # 4020K, P:4020K)
[3] 0.000009 +J(0) +M(C:0K, Fs:10, WS:36K # 36K, PF:68K # 68K, P:68K)
[4] 0.000565 +J(0) +M(C:2032K, Fs:64, WS:252K # 252K, PF:2444K # 2444K, P:2444K)
[5] 0.000531 +J(0) +M(C:0K, Fs:8, WS:32K # 32K, PF:24K # 24K, P:24K)
[6] 0.000359 +J(0) +M(C:0K, Fs:20, WS:80K # 80K, PF:16K # 16K, P:16K)
[7] -
[8] -
[9] -
[10] -
[11] -
[12] -
[13] 0.016963 -0.009730 (36) WT +J(CM:0, PgRf:0, Rd:0/0, Dy:0/0, Lg:616/1) +M(C:0K, Fs:1428, WS:584K # 5684K, PF:48K # 5176K, P:48K)
[14] 0.000010 +J(0) +M(C:0K, Fs:1, WS:4K # 0K, PF:0K # 0K, P:0K)
[15] 0.000097 +J(0) +M(C:0K, Fs:64, WS:256K # 0K, PF:64K # 0K, P:64K)
[16] 0.002252 -0.000112 (1) WT +J(0) +M(C:0K, Fs:5, WS:12K # 0K, PF:0K # 0K, P:0K).",,,,,,,,,,,,,,,,,,,,,,,,,,,,,,,,,,,,,,,,,,,,
2025-06-08T20:51:07.099462Z,"{'#attributes': {'Qualifiers': 0}, '#text': 637}",DC01.pirate.htb,ESENT,Application,386,4,,,,,,,,,,,,DFSRs,"896,D,35",,,,,,,,,,,\\.\C:\System Volume Information\DFSR\database_1E64_8720_6486_FA33\dfsr.db: ,,,,\\.\C:\System Volume Information\DFSR\database_1E64_8720_6486_FA33\dfsr.jfm,,,,,,,,,,,,,,,,,,,,,,,,,,,,,,,,,,,,,,,,,,,,,,
2025-06-08T20:51:07.123177Z,"{'#attributes': {'Qualifiers': 0}, '#text': 325}",DC01.pirate.htb,ESENT,Application,387,4,,,,,,,,,,,,DFSRs,"896,D,35",,,,,,,,,,,\\.\C:\System Volume Information\DFSR\database_1E64_8720_6486_FA33\dfsr.db: ,,,,1,\\.\C:\System Volume Information\DFSR\database_1E64_8720_6486_FA33\dfsr.db,0,"
[1] 0.000038 +J(0) +M(C:0K, Fs:3, WS:12K # 0K, PF:8K # 0K, P:8K)
[2] 0.000499 -0.000080 (1) WT +J(CM:0, PgRf:0, Rd:0/0, Dy:0/0, Lg:3480/2) +M(C:0K, Fs:1, WS:4K # 0K, PF:0K # 0K, P:0K)
[3] 0.002900 +J(0) +M(C:0K, Fs:18, WS:60K # 0K, PF:44K # 0K, P:44K)
[4] 0.000129 +J(0)
[5] 0.000081 +J(CM:0, PgRf:3, Rd:0/0, Dy:3/6, Lg:122/4) +M(C:0K, Fs:35, WS:140K # 0K, PF:148K # 0K, P:148K)
[6] 0.001007 -0.000112 (1) WT +J(CM:0, PgRf:209, Rd:0/0, Dy:12/408, Lg:24454/447) +M(C:0K, Fs:68, WS:260K # 0K, PF:220K # 0K, P:220K)
[7] 0.000270 -0.000115 (1) WT +J(CM:0, PgRf:0, Rd:0/0, Dy:0/0, Lg:4096/2) +M(C:0K, Fs:1, WS:4K # 0K, PF:0K # 0K, P:0K)
[8] 0.000001 +J(0)
[9] 0.016219 -0.015642 (3) WT +J(0) +M(C:-52K, Fs:21, WS:20K # 0K, PF:76K # 0K, P:76K)
[10] 0.001741 -0.000583 (5) WT +J(CM:0, PgRf:346, Rd:0/0, Dy:7/93, Lg:12509/128) +M(C:12K, Fs:31, WS:116K # 0K, PF:96K # 0K, P:96K)
[11] 0.000001 +J(0).",0 0,lgposCreate = 00000001:0001:0268,,,,,,,,,,,,,,,,,,,,,,,,,,,,,,,,,,,,,,,,,
2025-06-08T20:51:12.808581Z,"{'#attributes': {'Qualifiers': 16384}, '#text': 16384}",DC01.pirate.htb,Microsoft-Windows-Security-SPP,Application,388,4,,,,,,,,,,,,2025-11-05T14:33:12Z,RulesEngine,,,,,,,,,,,,,,,,,,,,,,,,,,,,,,,,,,,,,,,,,,,,,,,,,,,,,,,,,,,,,
2025-06-08T21:20:42.909393Z,"{'#attributes': {'Qualifiers': 49152}, '#text': 16394}",DC01.pirate.htb,Microsoft-Windows-Security-SPP,Application,389,4,,,,,,,,,,,,,,,,,,,,,,,,,,,,,,,,,,,,,,,,,,,,,,,,,,,,,,,,,,,,,,,,,,,,,,,,,,
2025-06-08T21:21:12.992628Z,"{'#attributes': {'Qualifiers': 16384}, '#text': 16384}",DC01.pirate.htb,Microsoft-Windows-Security-SPP,Application,390,4,,,,,,,,,,,,2025-11-05T14:33:12Z,RulesEngine,,,,,,,,,,,,,,,,,,,,,,,,,,,,,,,,,,,,,,,,,,,,,,,,,,,,,,,,,,,,,
2025-06-08T21:30:41.357276Z,"{'#attributes': {'Qualifiers': 0}, '#text': 103}",DC01.pirate.htb,ESENT,Application,391,4,,,,,,,,,,,,DFSRs,"896,T,97",,,,,,,,,,,\\.\C:\System Volume Information\DFSR\database_1E64_8720_6486_FA33\dfsr.db: ,,,,0,"
[1] 0.000004 +J(0)
[2] 0.000006 +J(0)
[3] 0.000005 +J(0)
[4] 0.000001 +J(0)
[5] 0.023958 -0.021954 (7) WT +J(0) +M(C:-96K, Fs:13, WS:-88K # 0K, PF:-96K # 0K, P:-96K)
[6] 0.000005 +J(0)
[7] 0.000002 +J(0)
[8] 0.007399 -0.005891 (12) WT +J(CM:0, PgRf:0, Rd:0/0, Dy:0/0, Lg:44/2) +M(C:0K, Fs:8, WS:-24K # 0K, PF:-28K # 0K, P:-28K)
[9] 0.000198 -0.000096 (1) WT +J(CM:0, PgRf:0, Rd:0/0, Dy:0/0, Lg:66/1) +M(C:0K, Fs:1, WS:4K # 0K, PF:0K # 0K, P:0K)
[10] 0.000012 +J(0)
[11] 0.000363 -0.000080 (2) WT +J(0)
[12] 0.000019 +J(0) +M(C:0K, Fs:0, WS:-4K # 0K, PF:-4K # 0K, P:-4K)
[13] 0.000064 +J(0)
[14] 0.000011 +J(0) +M(C:0K, Fs:0, WS:-40K # 0K, PF:-52K # 0K, P:-52K)
[15] 0.000001 +J(0).",0,,,,,,,,,,,,,,,,,,,,,,,,,,,,,,,,,,,,,,,,,,,,
2025-06-08T21:30:43.692693Z,"{'#attributes': {'Qualifiers': 0}, '#text': 102}",DC01.pirate.htb,ESENT,Application,392,4,,,,,,,,,,,,DFSRs,"1012,P,98",,,,,,,,,,,\\.\C:\System Volume Information\DFSR\database_1E64_8720_6486_FA33\dfsr.db: ,,,,0,10,00,17763,0000,,,,,,,,,,,,,,,,,,,,,,,,,,,,,,,,,,,,,,,,,,
2025-06-08T21:30:43.708204Z,"{'#attributes': {'Qualifiers': 0}, '#text': 105}",DC01.pirate.htb,ESENT,Application,393,4,,,,,,,,,,,,DFSRs,"1012,D,0",,,,,,,,,,,\\.\C:\System Volume Information\DFSR\database_1E64_8720_6486_FA33\dfsr.db: ,,,,0,0,"
[1] 0.000629 +J(0) +M(C:0K, Fs:282, WS:1092K # 1092K, PF:6460K # 6452K, P:6460K)
[2] 0.000112 +J(0) +M(C:16K, Fs:95, WS:376K # 376K, PF:320K # 320K, P:320K)
[3] 0.000008 +J(0) +M(C:0K, Fs:5, WS:16K # 16K, PF:68K # 68K, P:68K)
[4] 0.000076 +J(0) +M(C:2032K, Fs:37, WS:144K # 144K, PF:2432K # 2432K, P:2432K)
[5] 0.000336 +J(0) +M(C:0K, Fs:9, WS:36K # 36K, PF:24K # 24K, P:24K)
[6] 0.000323 +J(0) +M(C:0K, Fs:10, WS:40K # 40K, PF:12K # 12K, P:12K)
[7] -
[8] -
[9] -
[10] -
[11] -
[12] -
[13] 0.022063 -0.013318 (36) WT +J(CM:0, PgRf:0, Rd:0/0, Dy:0/0, Lg:616/1) +M(C:0K, Fs:1454, WS:680K # 5780K, PF:104K # 5232K, P:104K)
[14] 0.000010 +J(0) +M(C:0K, Fs:1, WS:4K # 0K, PF:0K # 0K, P:0K)
[15] 0.000037 +J(0) +M(C:0K, Fs:65, WS:256K # 0K, PF:68K # 0K, P:68K)
[16] 0.002390 -0.000096 (1) WT +J(0) +M(C:0K, Fs:5, WS:12K # 0K, PF:0K # 0K, P:0K).",,,,,,,,,,,,,,,,,,,,,,,,,,,,,,,,,,,,,,,,,,,,
2025-06-08T21:30:43.723486Z,"{'#attributes': {'Qualifiers': 0}, '#text': 637}",DC01.pirate.htb,ESENT,Application,394,4,,,,,,,,,,,,DFSRs,"1012,D,35",,,,,,,,,,,\\.\C:\System Volume Information\DFSR\database_1E64_8720_6486_FA33\dfsr.db: ,,,,\\.\C:\System Volume Information\DFSR\database_1E64_8720_6486_FA33\dfsr.jfm,,,,,,,,,,,,,,,,,,,,,,,,,,,,,,,,,,,,,,,,,,,,,,
2025-06-08T21:30:43.746293Z,"{'#attributes': {'Qualifiers': 0}, '#text': 325}",DC01.pirate.htb,ESENT,Application,395,4,,,,,,,,,,,,DFSRs,"1012,D,35",,,,,,,,,,,\\.\C:\System Volume Information\DFSR\database_1E64_8720_6486_FA33\dfsr.db: ,,,,1,\\.\C:\System Volume Information\DFSR\database_1E64_8720_6486_FA33\dfsr.db,0,"
[1] 0.000038 +J(0) +M(C:0K, Fs:3, WS:12K # 0K, PF:8K # 0K, P:8K)
[2] 0.000396 -0.000056 (1) WT +J(CM:0, PgRf:0, Rd:0/0, Dy:0/0, Lg:3480/2) +M(C:0K, Fs:1, WS:4K # 0K, PF:0K # 0K, P:0K)
[3] 0.003921 +J(0) +M(C:0K, Fs:16, WS:56K # 0K, PF:40K # 0K, P:40K)
[4] 0.000160 +J(0)
[5] 0.000099 +J(CM:0, PgRf:3, Rd:0/0, Dy:3/6, Lg:122/4) +M(C:0K, Fs:35, WS:140K # 0K, PF:148K # 0K, P:148K)
[6] 0.000752 -0.000126 (1) WT +J(CM:0, PgRf:209, Rd:0/0, Dy:12/408, Lg:24454/447) +M(C:0K, Fs:63, WS:252K # 0K, PF:220K # 0K, P:220K)
[7] 0.000194 -0.000046 (1) WT +J(CM:0, PgRf:0, Rd:0/0, Dy:0/0, Lg:4096/2) +M(C:0K, Fs:1, WS:4K # 0K, PF:0K # 0K, P:0K)
[8] 0.000002 +J(0)
[9] 0.017202 -0.016529 (3) WT +J(0) +M(C:-52K, Fs:18, WS:0K # 0K, PF:32K # 0K, P:32K)
[10] 0.001709 -0.000460 (5) WT +J(CM:0, PgRf:346, Rd:0/0, Dy:7/93, Lg:12509/128) +M(C:12K, Fs:31, WS:116K # 0K, PF:96K # 0K, P:96K)
[11] 0.000001 +J(0).",0 0,lgposCreate = 00000001:0001:0268,,,,,,,,,,,,,,,,,,,,,,,,,,,,,,,,,,,,,,,,,
2025-06-08T21:39:43.899796Z,"{'#attributes': {'Qualifiers': 32768}, '#text': 6000}",DC01.pirate.htb,Microsoft-Windows-Winlogon,Application,396,4,,,,D9060000,,,,,,,WSearch,,,,,,,,,,,,,,,,,,,,,,,,,,,,,,,,,,,,,,,,,,,,,,,,,,,,,,,,,,,,,,,
2025-06-08T21:39:43.915455Z,"{'#attributes': {'Qualifiers': 32768}, '#text': 6000}",DC01.pirate.htb,Microsoft-Windows-Winlogon,Application,397,4,,,,D9060000,,,,,,,SessionEnv,,,,,,,,,,,,,,,,,,,,,,,,,,,,,,,,,,,,,,,,,,,,,,,,,,,,,,,,,,,,,,,
2025-06-08T21:39:45.366712Z,"{'#attributes': {'Qualifiers': 0}, '#text': 260}",DC01.pirate.htb,VMUpgradeHelper,Application,398,4,,,,,,,,,,,,,,,,,,,,,,,,,,,,,,,,,,,,,,,,,,,,,,,,,,,,,,,,,,,,,,,,,,,,,,,,,,
2025-06-08T21:39:45.366712Z,"{'#attributes': {'Qualifiers': 0}, '#text': 272}",DC01.pirate.htb,VMUpgradeHelper,Application,399,4,,,,,,,,,,,,,,,,,,,,,,,,,,,,,,,,,,,,,,,,,,,,,,,,,,,,,,,,,,,,,,,,,,,,,,,,,,
2025-06-08T21:39:45.382337Z,"{'#attributes': {'Qualifiers': 0}, '#text': 108}",DC01.pirate.htb,VMTools,Application,400,4,,,,,,,,,,,,,,,,,,,,,,,,,,,,,,,,,,,,,,,,,,,,,,,,,,,,,,,,,,,,,,,,,,,,,,,,,,
2025-06-08T21:39:45.491723Z,"{'#attributes': {'Qualifiers': 16384}, '#text': 4111}",DC01.pirate.htb,Microsoft-Windows-MSDTC,Application,401,4,,,,4D005300440054004300,,,,,,,,,,,,,,,,,,,,,,,,,,,,,,,,,,,,,,,,,,,,,,,,,,,,,,,,,,,,,,,,,,,,,,
2025-06-08T21:39:45.507548Z,1532,DC01.pirate.htb,Microsoft-Windows-User Profiles Service,Application,402,4,,,,,,,,,,,,,,,,,,,,,,,,,,,,,,,,,,,,,,,,,,,,,,,,,,,,,,,,,,,,,,,,,,,,,,,,,,
2025-06-09T13:02:49.382156Z,"{'#attributes': {'Qualifiers': 16384}, '#text': 4625}",DC01,Microsoft-Windows-EventSystem,Application,403,4,,,,,,,,,,,,,,,,,,,,,,,,,,,,,,,,,,,,,,,,,,,,,,,,,,,,,,,,,,,,,,,86400,,,,SuppressDuplicateDuration,Software\Microsoft\EventSystem\EventLog,,,,,,
2025-06-09T13:02:49.400282Z,1531,DC01.pirate.htb,Microsoft-Windows-User Profiles Service,Application,404,4,,,,,,,,,,,,,,,,,,,,,,,,,,,,,,,,,,,,,,,,,,,,,,,,,,,,,,,,,,,,,,,,,,,,,,,,,,
2025-06-09T13:02:49.555099Z,5615,DC01.pirate.htb,Microsoft-Windows-WMI,Application,405,4,,,,,,,,,,,,,,,,,,,,,,,,,,,,,,,,,,,,,,,,,,,,,,,,,,,,,,,,,,,,,,,,,,,,,,,,,,
2025-06-09T13:02:49.777499Z,5617,DC01.pirate.htb,Microsoft-Windows-WMI,Application,406,4,,,,,,,,,,,,,,,,,,,,,,,,,,,,,,,,,,,,,,,,,,,,,,,,,,,,,,,,,,,,,,,,,,,,,,,,,,
2025-06-09T13:03:21.078497Z,"{'#attributes': {'Qualifiers': 0}, '#text': 105}",DC01.pirate.htb,VMTools,Application,407,4,,,,,,,,,,,,,,,,,,,,,,,,,,,,,,,,,,,,,,,,,,,,,,,,,,,,,,,,,,,,,,,,,,,,,,,,,,
2025-06-09T13:03:21.187058Z,"{'#attributes': {'Qualifiers': 16384}, '#text': 900}",DC01.pirate.htb,Microsoft-Windows-Security-SPP,Application,408,4,,,,,,,,,,,TriggerStarted:6,,,,,,,,,,,,,,,,,,,,,,,,,,,,,,,,,,,,,,,,,,,,,,,,,,,,,,,,,,,,,,,
2025-06-09T13:03:21.312076Z,"{'#attributes': {'Qualifiers': 49152}, '#text': 16394}",DC01.pirate.htb,Microsoft-Windows-Security-SPP,Application,409,4,,,,,,,,,,,,,,,,,,,,,,,,,,,,,,,,,,,,,,,,,,,,,,,,,,,,,,,,,,,,,,,,,,,,,,,,,,
2025-06-09T13:03:21.343346Z,"{'#attributes': {'Qualifiers': 16384}, '#text': 9027}",DC01.pirate.htb,Desktop Window Manager,Application,410,4,,,,,,,,,,,,,,,,,,,,,,,,,,,,,,,,,,,,,,,,,,,,,,,,,,,,,,,,,,,,,,,,,,,,,,,,,,
2025-06-09T13:03:21.374662Z,"{'#attributes': {'Qualifiers': 16384}, '#text': 1066}",DC01.pirate.htb,Microsoft-Windows-Security-SPP,Application,411,4,,,,,,,,,,,"C:\Windows\system32\sppwinob.dll, msft:spp/windowsfunctionality/agent/7.0, 0x00000000, 0x00000000
C:\Windows\system32\sppobjs.dll, msft:rm/algorithm/inherited/1.0, 0x00000000, 0x00000000
C:\Windows\system32\sppobjs.dll, msft:rm/algorithm/phone/1.0, 0x00000000, 0x00000000
C:\Windows\system32\sppobjs.dll, msft:rm/algorithm/pkey/detect, 0x00000000, 0x00000000
C:\Windows\system32\sppobjs.dll, msft:spp/ActionScheduler/1.0, 0x00000000, 0x00000000
C:\Windows\system32\sppobjs.dll, msft:spp/TaskScheduler/1.0, 0x00000000, 0x00000000
C:\Windows\system32\sppobjs.dll, msft:spp/statecollector/pkey, 0x00000000, 0x00000000
C:\Windows\system32\sppobjs.dll, msft:spp/volume/services/kms/1.0, 0x00000000, 0x00000000
C:\Windows\system32\sppobjs.dll, msft:spp/volume/services/kms/activationinfo/1.0, 0x00000000, 0x00000000
",,,,,,,,,,,,,,,,,,,,,,,,,,,,,,,,,,,,,,,,,,,,,,,,,,,,,,,,,,,,,,,
2025-06-09T13:03:21.453424Z,"{'#attributes': {'Qualifiers': 16384}, '#text': 1003}",DC01.pirate.htb,Microsoft-Windows-Security-SPP,Application,412,4,,,,,,,,,,,,55c92734-d682-4d71-983e-d6ec3f16059f,"
1: 7783a126-c108-4cf7-b59f-13c78c7a7337, 1, 1 [(0 [0x00000000, 1, 0], [(?)( 1 0x00000000)(?)( 2 0x00000000 0 0 msft:rm/algorithm/hwid/4.0 0x00000000 0)(?)( 9 0x00000000 180 257850)( 10 0x00000000 msft:rm/algorithm/flags/1.0)(?)])(1 )(2 )(3 )]

",,,,,,,,,,,,,,,,,,,,,,,,,,,,,,,,,,,,,,,,,,,,,,,,,,,,,,,,,,,,,
2025-06-09T13:03:21.483937Z,"{'#attributes': {'Qualifiers': 32768}, '#text': 1037}",DC01.pirate.htb,Microsoft-Windows-Security-SPP,Application,413,4,,,,,,,,,,,,validity,257850,,,,,,,,,,,,,,,,,,,,,,,,,,,,,,,,,,,,,,,,,,,,,,,,,,,,,,,,,,,,,
2025-06-09T13:03:21.499648Z,"{'#attributes': {'Qualifiers': 16384}, '#text': 902}",DC01.pirate.htb,Microsoft-Windows-Security-SPP,Application,414,0,,,,,,,,,,,10.0.17763.7309,,,,,,,,,,,,,,,,,,,,,,,,,,,,,,,,,,,,,,,,,,,,,,,,,,,,,,,,,,,,,,,
2025-06-09T13:03:21.530809Z,"{'#attributes': {'Qualifiers': 16384}, '#text': 781}",DC01.pirate.htb,Microsoft-Windows-Complus,Application,415,4,,,,,,,,,,,,,,,,,,,,,,,,,,,,,,,,,,,,,,,,,,,,,,,,,,,,,,,,,,,,,,,86400,,,,SuppressDuplicateDuration,Software\Microsoft\COM3\Eventlog,,,,,,
2025-06-09T13:03:21.577687Z,"{'#attributes': {'Qualifiers': 0}, '#text': 258}",DC01.pirate.htb,VMUpgradeHelper,Application,416,4,,,,,,,,,,,,,,,,,,,,,,,,,,,,,,,,,,,,,,,,,,,,,,,,,,,,,,,,,,,,,,,,,,,,,,,,,,
2025-06-09T13:03:21.655835Z,"{'#attributes': {'Qualifiers': 0}, '#text': 271}",DC01.pirate.htb,VMUpgradeHelper,Application,417,4,,,,,,,,,,,,,,,,,,,,,,,,,,,,,,,,,,,,,,,,,,,,,,,,,,,,,,,,,,,,,,,,,,,,,,,,,,
2025-06-09T13:03:21.702813Z,"{'#attributes': {'Qualifiers': 16384}, '#text': 4202}",DC01.pirate.htb,Microsoft-Windows-MSDTC 2,Application,418,4,,,,,,,,,,,,,,,,,,,,,,,,,,,,,,,,,,,,,,,,,,,,,,,,,,,,,,,,,,,,,,,0,0,0,1,0,0,0,0,0,1,Mutual Authentication Required,NT AUTHORITY\NetworkService
