2026-01-16T01:11:51.206016Z,"{'#attributes': {'Qualifiers': 16384}, '#text': 1004}",DC01.pirate.htb,Microsoft-Windows-Security-SPP,Application,2881,4,,,,,,,,,,,,Windows(R) UL phone License (Public),7f2148b5-b1bc-4448-ba43-9e01f24821ca,,,,,,,,,,,,,,,,,,,,,,,,,,,,,,,,,,,,,,,,,,,,,,,,,,,,,,,,,,,,,
2026-01-16T01:11:51.206016Z,"{'#attributes': {'Qualifiers': 16384}, '#text': 1004}",DC01.pirate.htb,Microsoft-Windows-Security-SPP,Application,2882,4,,,,,,,,,,,,Windows(R) UL phone License (Private),103f5889-8f09-48a0-9de2-d1836c274222,,,,,,,,,,,,,,,,,,,,,,,,,,,,,,,,,,,,,,,,,,,,,,,,,,,,,,,,,,,,,
2026-01-16T01:11:51.206016Z,"{'#attributes': {'Qualifiers': 16384}, '#text': 1004}",DC01.pirate.htb,Microsoft-Windows-Security-SPP,Application,2883,4,,,,,,,,,,,,Windows(R) UL store License (Public),78bdd24b-4253-4686-ba3b-0aedf5efff4c,,,,,,,,,,,,,,,,,,,,,,,,,,,,,,,,,,,,,,,,,,,,,,,,,,,,,,,,,,,,,
2026-01-16T01:11:51.206016Z,"{'#attributes': {'Qualifiers': 16384}, '#text': 1004}",DC01.pirate.htb,Microsoft-Windows-Security-SPP,Application,2884,4,,,,,,,,,,,,Windows(R) UL store License (Private),d9e120fd-f4e1-4ac5-af96-e767b8d67f55,,,,,,,,,,,,,,,,,,,,,,,,,,,,,,,,,,,,,,,,,,,,,,,,,,,,,,,,,,,,,
2026-01-16T01:11:51.221641Z,"{'#attributes': {'Qualifiers': 16384}, '#text': 1004}",DC01.pirate.htb,Microsoft-Windows-Security-SPP,Application,2885,4,,,,,,,,,,,,Windows(R) Publishing License (Public),606c8a97-73ac-4e50-898c-9e220b4a73eb,,,,,,,,,,,,,,,,,,,,,,,,,,,,,,,,,,,,,,,,,,,,,,,,,,,,,,,,,,,,,
2026-01-16T01:11:51.221641Z,"{'#attributes': {'Qualifiers': 16384}, '#text': 1004}",DC01.pirate.htb,Microsoft-Windows-Security-SPP,Application,2886,4,,,,,,,,,,,,Windows(R) Publishing License (Private),c1f8c4ed-39e8-4304-8bef-ff4353fdb152,,,,,,,,,,,,,,,,,,,,,,,,,,,,,,,,,,,,,,,,,,,,,,,,,,,,,,,,,,,,,
2026-01-16T01:11:51.221641Z,"{'#attributes': {'Qualifiers': 16384}, '#text': 1004}",DC01.pirate.htb,Microsoft-Windows-Security-SPP,Application,2887,4,,,,,,,,,,,,Windows(R) UL oob License (Public),367f84f4-ee97-470c-b133-852141bc671c,,,,,,,,,,,,,,,,,,,,,,,,,,,,,,,,,,,,,,,,,,,,,,,,,,,,,,,,,,,,,
2026-01-16T01:11:51.221641Z,"{'#attributes': {'Qualifiers': 16384}, '#text': 1004}",DC01.pirate.htb,Microsoft-Windows-Security-SPP,Application,2888,4,,,,,,,,,,,,Windows(R) UL oob License (Private),68398153-c52c-43d2-9a90-019b7c851ee3,,,,,,,,,,,,,,,,,,,,,,,,,,,,,,,,,,,,,,,,,,,,,,,,,,,,,,,,,,,,,
2026-01-16T01:11:51.221641Z,"{'#attributes': {'Qualifiers': 16384}, '#text': 1004}",DC01.pirate.htb,Microsoft-Windows-Security-SPP,Application,2889,4,,,,,,,,,,,,Windows(R) UL phone License (Public),99f95e99-d1e2-4c2a-a201-388a0a4a5b7d,,,,,,,,,,,,,,,,,,,,,,,,,,,,,,,,,,,,,,,,,,,,,,,,,,,,,,,,,,,,,
2026-01-16T01:11:51.221641Z,"{'#attributes': {'Qualifiers': 16384}, '#text': 1004}",DC01.pirate.htb,Microsoft-Windows-Security-SPP,Application,2890,4,,,,,,,,,,,,Windows(R) UL phone License (Private),bfec0493-d180-435f-a03a-bbe7b390d140,,,,,,,,,,,,,,,,,,,,,,,,,,,,,,,,,,,,,,,,,,,,,,,,,,,,,,,,,,,,,
2026-01-16T01:11:51.237266Z,"{'#attributes': {'Qualifiers': 16384}, '#text': 1004}",DC01.pirate.htb,Microsoft-Windows-Security-SPP,Application,2891,4,,,,,,,,,,,,Windows(R) UL store License (Public),ba67c027-be5e-45ee-9ae9-9bf3b866c4e3,,,,,,,,,,,,,,,,,,,,,,,,,,,,,,,,,,,,,,,,,,,,,,,,,,,,,,,,,,,,,
2026-01-16T01:11:51.237266Z,"{'#attributes': {'Qualifiers': 16384}, '#text': 1004}",DC01.pirate.htb,Microsoft-Windows-Security-SPP,Application,2892,4,,,,,,,,,,,,Windows(R) UL store License (Private),c379be12-bb15-4ed8-95a8-50a3a3bcd923,,,,,,,,,,,,,,,,,,,,,,,,,,,,,,,,,,,,,,,,,,,,,,,,,,,,,,,,,,,,,
2026-01-16T01:11:51.237266Z,"{'#attributes': {'Qualifiers': 16384}, '#text': 1004}",DC01.pirate.htb,Microsoft-Windows-Security-SPP,Application,2893,4,,,,,,,,,,,,Windows(R) Publishing License (Public),cbf9558a-7405-4a99-9fb8-9444843f7de4,,,,,,,,,,,,,,,,,,,,,,,,,,,,,,,,,,,,,,,,,,,,,,,,,,,,,,,,,,,,,
2026-01-16T01:11:51.237266Z,"{'#attributes': {'Qualifiers': 16384}, '#text': 1004}",DC01.pirate.htb,Microsoft-Windows-Security-SPP,Application,2894,4,,,,,,,,,,,,Windows(R) Publishing License (Private),d5ee5555-a514-48c7-bbce-42da4f7df828,,,,,,,,,,,,,,,,,,,,,,,,,,,,,,,,,,,,,,,,,,,,,,,,,,,,,,,,,,,,,
2026-01-16T01:11:51.252896Z,"{'#attributes': {'Qualifiers': 16384}, '#text': 1004}",DC01.pirate.htb,Microsoft-Windows-Security-SPP,Application,2895,4,,,,,,,,,,,,Windows(R) UL oob License (Public),9087e14b-cfd1-47b2-81ba-7dba92af4a8f,,,,,,,,,,,,,,,,,,,,,,,,,,,,,,,,,,,,,,,,,,,,,,,,,,,,,,,,,,,,,
2026-01-16T01:11:51.252896Z,"{'#attributes': {'Qualifiers': 16384}, '#text': 1004}",DC01.pirate.htb,Microsoft-Windows-Security-SPP,Application,2896,4,,,,,,,,,,,,Windows(R) UL oob License (Private),c8d7fdb4-4565-4dae-a2cc-6a684f2e730b,,,,,,,,,,,,,,,,,,,,,,,,,,,,,,,,,,,,,,,,,,,,,,,,,,,,,,,,,,,,,
2026-01-16T01:11:51.252896Z,"{'#attributes': {'Qualifiers': 16384}, '#text': 1004}",DC01.pirate.htb,Microsoft-Windows-Security-SPP,Application,2897,4,,,,,,,,,,,,Windows(R) UL phone License (Public),bfee31b6-5164-4486-af37-4b265057e6eb,,,,,,,,,,,,,,,,,,,,,,,,,,,,,,,,,,,,,,,,,,,,,,,,,,,,,,,,,,,,,
2026-01-16T01:11:51.252896Z,"{'#attributes': {'Qualifiers': 16384}, '#text': 1004}",DC01.pirate.htb,Microsoft-Windows-Security-SPP,Application,2898,4,,,,,,,,,,,,Windows(R) UL phone License (Private),7f47c87f-b4b3-4243-b515-e2cee61e2b0f,,,,,,,,,,,,,,,,,,,,,,,,,,,,,,,,,,,,,,,,,,,,,,,,,,,,,,,,,,,,,
2026-01-16T01:11:51.252896Z,"{'#attributes': {'Qualifiers': 16384}, '#text': 1004}",DC01.pirate.htb,Microsoft-Windows-Security-SPP,Application,2899,4,,,,,,,,,,,,Windows(R) UL store License (Public),cb639757-af42-4273-a1f5-1599fdd3eba2,,,,,,,,,,,,,,,,,,,,,,,,,,,,,,,,,,,,,,,,,,,,,,,,,,,,,,,,,,,,,
2026-01-16T01:11:51.252896Z,"{'#attributes': {'Qualifiers': 16384}, '#text': 1004}",DC01.pirate.htb,Microsoft-Windows-Security-SPP,Application,2900,4,,,,,,,,,,,,Windows(R) UL store License (Private),8fa22177-b73a-4f58-be1d-03fa317268f5,,,,,,,,,,,,,,,,,,,,,,,,,,,,,,,,,,,,,,,,,,,,,,,,,,,,,,,,,,,,,
2026-01-16T01:11:51.268515Z,"{'#attributes': {'Qualifiers': 16384}, '#text': 1004}",DC01.pirate.htb,Microsoft-Windows-Security-SPP,Application,2901,4,,,,,,,,,,,,Windows(R) Publishing License (Public),af528eb9-a6fd-4bd0-a26f-e4f25976c25b,,,,,,,,,,,,,,,,,,,,,,,,,,,,,,,,,,,,,,,,,,,,,,,,,,,,,,,,,,,,,
2026-01-16T01:11:51.268515Z,"{'#attributes': {'Qualifiers': 16384}, '#text': 1004}",DC01.pirate.htb,Microsoft-Windows-Security-SPP,Application,2902,4,,,,,,,,,,,,Windows(R) Publishing License (Private),67de15be-ec3c-497e-a657-bacb492da56e,,,,,,,,,,,,,,,,,,,,,,,,,,,,,,,,,,,,,,,,,,,,,,,,,,,,,,,,,,,,,
2026-01-16T01:11:51.268515Z,"{'#attributes': {'Qualifiers': 16384}, '#text': 1004}",DC01.pirate.htb,Microsoft-Windows-Security-SPP,Application,2903,4,,,,,,,,,,,,Windows(R) UL oob License (Public),64c9e01e-f124-405b-8c5b-2e0ca7013de6,,,,,,,,,,,,,,,,,,,,,,,,,,,,,,,,,,,,,,,,,,,,,,,,,,,,,,,,,,,,,
2026-01-16T01:11:51.268515Z,"{'#attributes': {'Qualifiers': 16384}, '#text': 1004}",DC01.pirate.htb,Microsoft-Windows-Security-SPP,Application,2904,4,,,,,,,,,,,,Windows(R) UL oob License (Private),a4ed2727-8e26-432a-bf8e-97925b044a05,,,,,,,,,,,,,,,,,,,,,,,,,,,,,,,,,,,,,,,,,,,,,,,,,,,,,,,,,,,,,
2026-01-16T01:11:51.284146Z,"{'#attributes': {'Qualifiers': 16384}, '#text': 1004}",DC01.pirate.htb,Microsoft-Windows-Security-SPP,Application,2905,4,,,,,,,,,,,,Windows(R) UL phone License (Public),7ac392ee-6407-41e3-9949-f53345b6161e,,,,,,,,,,,,,,,,,,,,,,,,,,,,,,,,,,,,,,,,,,,,,,,,,,,,,,,,,,,,,
2026-01-16T01:11:51.284146Z,"{'#attributes': {'Qualifiers': 16384}, '#text': 1004}",DC01.pirate.htb,Microsoft-Windows-Security-SPP,Application,2906,4,,,,,,,,,,,,Windows(R) UL phone License (Private),1d192b87-d1fa-4e40-b469-95be62965b1e,,,,,,,,,,,,,,,,,,,,,,,,,,,,,,,,,,,,,,,,,,,,,,,,,,,,,,,,,,,,,
2026-01-16T01:11:51.284146Z,"{'#attributes': {'Qualifiers': 16384}, '#text': 1004}",DC01.pirate.htb,Microsoft-Windows-Security-SPP,Application,2907,4,,,,,,,,,,,,Windows(R) UL store License (Public),638e9986-ec4f-4f02-92e4-9789909c2a95,,,,,,,,,,,,,,,,,,,,,,,,,,,,,,,,,,,,,,,,,,,,,,,,,,,,,,,,,,,,,
2026-01-16T01:11:51.284146Z,"{'#attributes': {'Qualifiers': 16384}, '#text': 1004}",DC01.pirate.htb,Microsoft-Windows-Security-SPP,Application,2908,4,,,,,,,,,,,,Windows(R) UL store License (Private),55370f25-fbf4-4932-bfc8-ae43d8b96942,,,,,,,,,,,,,,,,,,,,,,,,,,,,,,,,,,,,,,,,,,,,,,,,,,,,,,,,,,,,,
2026-01-16T01:11:51.284146Z,"{'#attributes': {'Qualifiers': 16384}, '#text': 1004}",DC01.pirate.htb,Microsoft-Windows-Security-SPP,Application,2909,4,,,,,,,,,,,,Windows(R) Publishing License (Public),ce262854-9c4b-4ae9-bd5d-fa42cf0146ed,,,,,,,,,,,,,,,,,,,,,,,,,,,,,,,,,,,,,,,,,,,,,,,,,,,,,,,,,,,,,
2026-01-16T01:11:51.284146Z,"{'#attributes': {'Qualifiers': 16384}, '#text': 1004}",DC01.pirate.htb,Microsoft-Windows-Security-SPP,Application,2910,4,,,,,,,,,,,,Windows(R) Publishing License (Private),2ab64da8-c4a4-465b-845a-09765dbc6787,,,,,,,,,,,,,,,,,,,,,,,,,,,,,,,,,,,,,,,,,,,,,,,,,,,,,,,,,,,,,
2026-01-16T01:11:51.299768Z,"{'#attributes': {'Qualifiers': 16384}, '#text': 1004}",DC01.pirate.htb,Microsoft-Windows-Security-SPP,Application,2911,4,,,,,,,,,,,,Windows(R) UL oob License (Public),6150c54a-d612-4217-8b47-ada3dbce76cf,,,,,,,,,,,,,,,,,,,,,,,,,,,,,,,,,,,,,,,,,,,,,,,,,,,,,,,,,,,,,
2026-01-16T01:11:51.299768Z,"{'#attributes': {'Qualifiers': 16384}, '#text': 1004}",DC01.pirate.htb,Microsoft-Windows-Security-SPP,Application,2912,4,,,,,,,,,,,,Windows(R) UL oob License (Private),5181e912-a988-4512-aa05-77bc9e3bad5d,,,,,,,,,,,,,,,,,,,,,,,,,,,,,,,,,,,,,,,,,,,,,,,,,,,,,,,,,,,,,
2026-01-16T01:11:51.299768Z,"{'#attributes': {'Qualifiers': 16384}, '#text': 1004}",DC01.pirate.htb,Microsoft-Windows-Security-SPP,Application,2913,4,,,,,,,,,,,,Windows(R) UL phone License (Public),99176ebe-5458-41b9-ad02-d1c197af8255,,,,,,,,,,,,,,,,,,,,,,,,,,,,,,,,,,,,,,,,,,,,,,,,,,,,,,,,,,,,,
2026-01-16T01:11:51.299768Z,"{'#attributes': {'Qualifiers': 16384}, '#text': 1004}",DC01.pirate.htb,Microsoft-Windows-Security-SPP,Application,2914,4,,,,,,,,,,,,Windows(R) UL phone License (Private),a4a9497c-75cf-43fe-aca4-1d2dd69bd417,,,,,,,,,,,,,,,,,,,,,,,,,,,,,,,,,,,,,,,,,,,,,,,,,,,,,,,,,,,,,
2026-01-16T01:11:51.315391Z,"{'#attributes': {'Qualifiers': 16384}, '#text': 1004}",DC01.pirate.htb,Microsoft-Windows-Security-SPP,Application,2915,4,,,,,,,,,,,,Windows(R) UL store License (Public),d6d52fa7-aca5-41c2-af44-5aabf8bdcabf,,,,,,,,,,,,,,,,,,,,,,,,,,,,,,,,,,,,,,,,,,,,,,,,,,,,,,,,,,,,,
2026-01-16T01:11:51.315391Z,"{'#attributes': {'Qualifiers': 16384}, '#text': 1004}",DC01.pirate.htb,Microsoft-Windows-Security-SPP,Application,2916,4,,,,,,,,,,,,Windows(R) UL store License (Private),6fa70873-fc8f-48c0-a8b6-70bb6f16332d,,,,,,,,,,,,,,,,,,,,,,,,,,,,,,,,,,,,,,,,,,,,,,,,,,,,,,,,,,,,,
2026-01-16T01:11:51.315391Z,"{'#attributes': {'Qualifiers': 16384}, '#text': 1004}",DC01.pirate.htb,Microsoft-Windows-Security-SPP,Application,2917,4,,,,,,,,,,,,Windows(R) Publishing License (Public),c8773598-bcf1-4245-ad0b-dd14f12c163a,,,,,,,,,,,,,,,,,,,,,,,,,,,,,,,,,,,,,,,,,,,,,,,,,,,,,,,,,,,,,
2026-01-16T01:11:51.315391Z,"{'#attributes': {'Qualifiers': 16384}, '#text': 1004}",DC01.pirate.htb,Microsoft-Windows-Security-SPP,Application,2918,4,,,,,,,,,,,,Windows(R) Publishing License (Private),18bc346a-cdda-4f65-a88b-d4b82a1296c0,,,,,,,,,,,,,,,,,,,,,,,,,,,,,,,,,,,,,,,,,,,,,,,,,,,,,,,,,,,,,
2026-01-16T01:11:51.315391Z,"{'#attributes': {'Qualifiers': 16384}, '#text': 1004}",DC01.pirate.htb,Microsoft-Windows-Security-SPP,Application,2919,4,,,,,,,,,,,,Windows(R) UL oob License (Public),63b078d6-5789-4bca-ab21-614dd37ec22f,,,,,,,,,,,,,,,,,,,,,,,,,,,,,,,,,,,,,,,,,,,,,,,,,,,,,,,,,,,,,
2026-01-16T01:11:51.315391Z,"{'#attributes': {'Qualifiers': 16384}, '#text': 1004}",DC01.pirate.htb,Microsoft-Windows-Security-SPP,Application,2920,4,,,,,,,,,,,,Windows(R) UL oob License (Private),b677d087-aefd-4a00-b668-e2af3fe2eb4a,,,,,,,,,,,,,,,,,,,,,,,,,,,,,,,,,,,,,,,,,,,,,,,,,,,,,,,,,,,,,
2026-01-16T01:11:51.331026Z,"{'#attributes': {'Qualifiers': 16384}, '#text': 1004}",DC01.pirate.htb,Microsoft-Windows-Security-SPP,Application,2921,4,,,,,,,,,,,,Windows(R) UL phone License (Public),9baf7b79-6df9-47f1-8d2f-1ab0aa994b51,,,,,,,,,,,,,,,,,,,,,,,,,,,,,,,,,,,,,,,,,,,,,,,,,,,,,,,,,,,,,
2026-01-16T01:11:51.331026Z,"{'#attributes': {'Qualifiers': 16384}, '#text': 1004}",DC01.pirate.htb,Microsoft-Windows-Security-SPP,Application,2922,4,,,,,,,,,,,,Windows(R) UL phone License (Private),9673881d-4740-45f1-a5c0-97dcbf5491f0,,,,,,,,,,,,,,,,,,,,,,,,,,,,,,,,,,,,,,,,,,,,,,,,,,,,,,,,,,,,,
2026-01-16T01:11:51.331026Z,"{'#attributes': {'Qualifiers': 16384}, '#text': 1004}",DC01.pirate.htb,Microsoft-Windows-Security-SPP,Application,2923,4,,,,,,,,,,,,Windows(R) UL store License (Public),9086d763-2340-49a8-95b4-4f06f4f7811c,,,,,,,,,,,,,,,,,,,,,,,,,,,,,,,,,,,,,,,,,,,,,,,,,,,,,,,,,,,,,
2026-01-16T01:11:51.331026Z,"{'#attributes': {'Qualifiers': 16384}, '#text': 1004}",DC01.pirate.htb,Microsoft-Windows-Security-SPP,Application,2924,4,,,,,,,,,,,,Windows(R) UL store License (Private),3e4fb268-e569-4989-a690-7fa8bc06d524,,,,,,,,,,,,,,,,,,,,,,,,,,,,,,,,,,,,,,,,,,,,,,,,,,,,,,,,,,,,,
2026-01-16T01:11:51.346645Z,"{'#attributes': {'Qualifiers': 16384}, '#text': 1004}",DC01.pirate.htb,Microsoft-Windows-Security-SPP,Application,2925,4,,,,,,,,,,,,Windows(R) Publishing License (Public),21ed3eb0-7aec-4ed5-9f13-a32f44a6cfd3,,,,,,,,,,,,,,,,,,,,,,,,,,,,,,,,,,,,,,,,,,,,,,,,,,,,,,,,,,,,,
2026-01-16T01:11:51.362271Z,"{'#attributes': {'Qualifiers': 16384}, '#text': 1004}",DC01.pirate.htb,Microsoft-Windows-Security-SPP,Application,2926,4,,,,,,,,,,,,Windows(R) Publishing License (Private),eff2981d-3241-4b38-af05-a9354661efd8,,,,,,,,,,,,,,,,,,,,,,,,,,,,,,,,,,,,,,,,,,,,,,,,,,,,,,,,,,,,,
2026-01-16T01:11:51.362271Z,"{'#attributes': {'Qualifiers': 16384}, '#text': 1004}",DC01.pirate.htb,Microsoft-Windows-Security-SPP,Application,2927,4,,,,,,,,,,,,Windows(R) UL oob License (Public),e25a5660-f6b4-4cd6-8939-a49e7ff3ec23,,,,,,,,,,,,,,,,,,,,,,,,,,,,,,,,,,,,,,,,,,,,,,,,,,,,,,,,,,,,,
2026-01-16T01:11:51.362271Z,"{'#attributes': {'Qualifiers': 16384}, '#text': 1004}",DC01.pirate.htb,Microsoft-Windows-Security-SPP,Application,2928,4,,,,,,,,,,,,Windows(R) UL oob License (Private),0e235011-c6c6-441b-a46b-d83e8cd1b700,,,,,,,,,,,,,,,,,,,,,,,,,,,,,,,,,,,,,,,,,,,,,,,,,,,,,,,,,,,,,
2026-01-16T01:11:51.377896Z,"{'#attributes': {'Qualifiers': 16384}, '#text': 1004}",DC01.pirate.htb,Microsoft-Windows-Security-SPP,Application,2929,4,,,,,,,,,,,,Windows(R) UL phone License (Public),25776ea7-e4d0-4515-ae95-f44d5673ac5c,,,,,,,,,,,,,,,,,,,,,,,,,,,,,,,,,,,,,,,,,,,,,,,,,,,,,,,,,,,,,
2026-01-16T01:11:51.377896Z,"{'#attributes': {'Qualifiers': 16384}, '#text': 1004}",DC01.pirate.htb,Microsoft-Windows-Security-SPP,Application,2930,4,,,,,,,,,,,,Windows(R) UL phone License (Private),efc69188-8a15-4b04-81ab-cb1225eacf71,,,,,,,,,,,,,,,,,,,,,,,,,,,,,,,,,,,,,,,,,,,,,,,,,,,,,,,,,,,,,
2026-01-16T01:11:51.377896Z,"{'#attributes': {'Qualifiers': 16384}, '#text': 1004}",DC01.pirate.htb,Microsoft-Windows-Security-SPP,Application,2931,4,,,,,,,,,,,,Windows(R) UL store License (Public),35a30e08-b085-4bd7-bb50-9a43a20c2f61,,,,,,,,,,,,,,,,,,,,,,,,,,,,,,,,,,,,,,,,,,,,,,,,,,,,,,,,,,,,,
2026-01-16T01:11:51.377896Z,"{'#attributes': {'Qualifiers': 16384}, '#text': 1004}",DC01.pirate.htb,Microsoft-Windows-Security-SPP,Application,2932,4,,,,,,,,,,,,Windows(R) UL store License (Private),45853272-8bea-41f2-879c-faf38be9a3ff,,,,,,,,,,,,,,,,,,,,,,,,,,,,,,,,,,,,,,,,,,,,,,,,,,,,,,,,,,,,,
2026-01-16T01:11:51.393519Z,"{'#attributes': {'Qualifiers': 16384}, '#text': 1004}",DC01.pirate.htb,Microsoft-Windows-Security-SPP,Application,2933,4,,,,,,,,,,,,Windows(R) Publishing License (Public),2a61f172-fd45-440e-a599-a14a06033ef7,,,,,,,,,,,,,,,,,,,,,,,,,,,,,,,,,,,,,,,,,,,,,,,,,,,,,,,,,,,,,
2026-01-16T01:11:51.393519Z,"{'#attributes': {'Qualifiers': 16384}, '#text': 1004}",DC01.pirate.htb,Microsoft-Windows-Security-SPP,Application,2934,4,,,,,,,,,,,,Windows(R) Publishing License (Private),60fe57c9-99b7-4530-bd25-9d6e2098c219,,,,,,,,,,,,,,,,,,,,,,,,,,,,,,,,,,,,,,,,,,,,,,,,,,,,,,,,,,,,,
2026-01-16T01:11:51.393519Z,"{'#attributes': {'Qualifiers': 16384}, '#text': 1004}",DC01.pirate.htb,Microsoft-Windows-Security-SPP,Application,2935,4,,,,,,,,,,,,Windows(R) UL oob License (Public),06ab7c6a-a1c6-4854-85ef-93cc6e11b952,,,,,,,,,,,,,,,,,,,,,,,,,,,,,,,,,,,,,,,,,,,,,,,,,,,,,,,,,,,,,
2026-01-16T01:11:51.393519Z,"{'#attributes': {'Qualifiers': 16384}, '#text': 1004}",DC01.pirate.htb,Microsoft-Windows-Security-SPP,Application,2936,4,,,,,,,,,,,,Windows(R) UL oob License (Private),1e962cf6-45e5-4a7b-8b61-b0697e979a6d,,,,,,,,,,,,,,,,,,,,,,,,,,,,,,,,,,,,,,,,,,,,,,,,,,,,,,,,,,,,,
2026-01-16T01:11:51.409140Z,"{'#attributes': {'Qualifiers': 16384}, '#text': 1004}",DC01.pirate.htb,Microsoft-Windows-Security-SPP,Application,2937,4,,,,,,,,,,,,Windows(R) UL phone License (Public),1fa47d2b-8077-40a9-84e6-c0e40396c626,,,,,,,,,,,,,,,,,,,,,,,,,,,,,,,,,,,,,,,,,,,,,,,,,,,,,,,,,,,,,
2026-01-16T01:11:51.409140Z,"{'#attributes': {'Qualifiers': 16384}, '#text': 1004}",DC01.pirate.htb,Microsoft-Windows-Security-SPP,Application,2938,4,,,,,,,,,,,,Windows(R) UL phone License (Private),d1e76c2a-e911-4eb2-b9bb-bc54661d3e45,,,,,,,,,,,,,,,,,,,,,,,,,,,,,,,,,,,,,,,,,,,,,,,,,,,,,,,,,,,,,
2026-01-16T01:11:51.409140Z,"{'#attributes': {'Qualifiers': 16384}, '#text': 1004}",DC01.pirate.htb,Microsoft-Windows-Security-SPP,Application,2939,4,,,,,,,,,,,,Windows(R) UL store License (Public),b98d10a8-10da-4572-b58c-c2c34ffd5b6e,,,,,,,,,,,,,,,,,,,,,,,,,,,,,,,,,,,,,,,,,,,,,,,,,,,,,,,,,,,,,
2026-01-16T01:11:51.409140Z,"{'#attributes': {'Qualifiers': 16384}, '#text': 1004}",DC01.pirate.htb,Microsoft-Windows-Security-SPP,Application,2940,4,,,,,,,,,,,,Windows(R) UL store License (Private),334731a9-487f-49cb-bffd-94bc32a98ecf,,,,,,,,,,,,,,,,,,,,,,,,,,,,,,,,,,,,,,,,,,,,,,,,,,,,,,,,,,,,,
2026-01-16T01:11:51.409140Z,"{'#attributes': {'Qualifiers': 16384}, '#text': 1004}",DC01.pirate.htb,Microsoft-Windows-Security-SPP,Application,2941,4,,,,,,,,,,,,Windows(R) Publishing License (Public),935783bc-20e9-4472-adc9-08c8fb4d9f2f,,,,,,,,,,,,,,,,,,,,,,,,,,,,,,,,,,,,,,,,,,,,,,,,,,,,,,,,,,,,,
2026-01-16T01:11:51.409140Z,"{'#attributes': {'Qualifiers': 16384}, '#text': 1004}",DC01.pirate.htb,Microsoft-Windows-Security-SPP,Application,2942,4,,,,,,,,,,,,Windows(R) Publishing License (Private),5ab37fbf-b19b-4376-b311-49be4e361c5a,,,,,,,,,,,,,,,,,,,,,,,,,,,,,,,,,,,,,,,,,,,,,,,,,,,,,,,,,,,,,
2026-01-16T01:11:51.424766Z,"{'#attributes': {'Qualifiers': 16384}, '#text': 1004}",DC01.pirate.htb,Microsoft-Windows-Security-SPP,Application,2943,4,,,,,,,,,,,,Windows(R) UL oob License (Public),39b6198c-18e1-4e2a-a8ce-8e871d174d6e,,,,,,,,,,,,,,,,,,,,,,,,,,,,,,,,,,,,,,,,,,,,,,,,,,,,,,,,,,,,,
2026-01-16T01:11:51.424766Z,"{'#attributes': {'Qualifiers': 16384}, '#text': 1004}",DC01.pirate.htb,Microsoft-Windows-Security-SPP,Application,2944,4,,,,,,,,,,,,Windows(R) UL oob License (Private),ac36ac37-d2a0-4e46-801c-5dea2a0fcfd4,,,,,,,,,,,,,,,,,,,,,,,,,,,,,,,,,,,,,,,,,,,,,,,,,,,,,,,,,,,,,
2026-01-16T01:11:51.424766Z,"{'#attributes': {'Qualifiers': 16384}, '#text': 1004}",DC01.pirate.htb,Microsoft-Windows-Security-SPP,Application,2945,4,,,,,,,,,,,,Windows(R) UL phone License (Public),270ccfd2-acfe-483f-b901-8d6beb9a1ddb,,,,,,,,,,,,,,,,,,,,,,,,,,,,,,,,,,,,,,,,,,,,,,,,,,,,,,,,,,,,,
2026-01-16T01:11:51.424766Z,"{'#attributes': {'Qualifiers': 16384}, '#text': 1004}",DC01.pirate.htb,Microsoft-Windows-Security-SPP,Application,2946,4,,,,,,,,,,,,Windows(R) UL phone License (Private),db8a1f38-2be8-4a5a-8654-2f3fca30e94c,,,,,,,,,,,,,,,,,,,,,,,,,,,,,,,,,,,,,,,,,,,,,,,,,,,,,,,,,,,,,
2026-01-16T01:11:51.440396Z,"{'#attributes': {'Qualifiers': 16384}, '#text': 1004}",DC01.pirate.htb,Microsoft-Windows-Security-SPP,Application,2947,4,,,,,,,,,,,,Windows(R) UL store License (Public),7a682c4a-99f7-467b-976b-bae0b4329eca,,,,,,,,,,,,,,,,,,,,,,,,,,,,,,,,,,,,,,,,,,,,,,,,,,,,,,,,,,,,,
2026-01-16T01:11:51.440396Z,"{'#attributes': {'Qualifiers': 16384}, '#text': 1004}",DC01.pirate.htb,Microsoft-Windows-Security-SPP,Application,2948,4,,,,,,,,,,,,Windows(R) UL store License (Private),62fcef8f-3e51-4da9-8d7e-8d69ee923595,,,,,,,,,,,,,,,,,,,,,,,,,,,,,,,,,,,,,,,,,,,,,,,,,,,,,,,,,,,,,
2026-01-16T01:11:51.440396Z,"{'#attributes': {'Qualifiers': 16384}, '#text': 1004}",DC01.pirate.htb,Microsoft-Windows-Security-SPP,Application,2949,4,,,,,,,,,,,,Windows(R) Publishing License (Public),116696e9-444a-419d-9364-5b44be23faf4,,,,,,,,,,,,,,,,,,,,,,,,,,,,,,,,,,,,,,,,,,,,,,,,,,,,,,,,,,,,,
2026-01-16T01:11:51.440396Z,"{'#attributes': {'Qualifiers': 16384}, '#text': 1004}",DC01.pirate.htb,Microsoft-Windows-Security-SPP,Application,2950,4,,,,,,,,,,,,Windows(R) Publishing License (Private),7c162672-abfc-442a-9f2e-43b7fb4e76f1,,,,,,,,,,,,,,,,,,,,,,,,,,,,,,,,,,,,,,,,,,,,,,,,,,,,,,,,,,,,,
2026-01-16T01:11:51.440396Z,"{'#attributes': {'Qualifiers': 16384}, '#text': 1004}",DC01.pirate.htb,Microsoft-Windows-Security-SPP,Application,2951,4,,,,,,,,,,,,Windows(R) UL oob License (Public),3facf5a6-1835-4c9b-96d5-5fe61653c15b,,,,,,,,,,,,,,,,,,,,,,,,,,,,,,,,,,,,,,,,,,,,,,,,,,,,,,,,,,,,,
2026-01-16T01:11:51.440396Z,"{'#attributes': {'Qualifiers': 16384}, '#text': 1004}",DC01.pirate.htb,Microsoft-Windows-Security-SPP,Application,2952,4,,,,,,,,,,,,Windows(R) UL oob License (Private),1ca55e93-b29e-4968-a9d0-6db46aec2742,,,,,,,,,,,,,,,,,,,,,,,,,,,,,,,,,,,,,,,,,,,,,,,,,,,,,,,,,,,,,
2026-01-16T01:11:51.456026Z,"{'#attributes': {'Qualifiers': 16384}, '#text': 1004}",DC01.pirate.htb,Microsoft-Windows-Security-SPP,Application,2953,4,,,,,,,,,,,,Windows(R) UL phone License (Public),e3478915-7cd8-4b41-9d95-3d247957d90e,,,,,,,,,,,,,,,,,,,,,,,,,,,,,,,,,,,,,,,,,,,,,,,,,,,,,,,,,,,,,
2026-01-16T01:11:51.456026Z,"{'#attributes': {'Qualifiers': 16384}, '#text': 1004}",DC01.pirate.htb,Microsoft-Windows-Security-SPP,Application,2954,4,,,,,,,,,,,,Windows(R) UL phone License (Private),23244925-5269-4653-9b42-c523aa95c63d,,,,,,,,,,,,,,,,,,,,,,,,,,,,,,,,,,,,,,,,,,,,,,,,,,,,,,,,,,,,,
2026-01-16T01:11:51.456026Z,"{'#attributes': {'Qualifiers': 16384}, '#text': 1004}",DC01.pirate.htb,Microsoft-Windows-Security-SPP,Application,2955,4,,,,,,,,,,,,Windows(R) UL store License (Public),34e4dce0-06ad-4025-8686-4051e946c50e,,,,,,,,,,,,,,,,,,,,,,,,,,,,,,,,,,,,,,,,,,,,,,,,,,,,,,,,,,,,,
2026-01-16T01:11:51.456026Z,"{'#attributes': {'Qualifiers': 16384}, '#text': 1004}",DC01.pirate.htb,Microsoft-Windows-Security-SPP,Application,2956,4,,,,,,,,,,,,Windows(R) UL store License (Private),2bc5cbfa-a3d7-4ede-b927-c044e0be6b16,,,,,,,,,,,,,,,,,,,,,,,,,,,,,,,,,,,,,,,,,,,,,,,,,,,,,,,,,,,,,
2026-01-16T01:11:51.456026Z,"{'#attributes': {'Qualifiers': 16384}, '#text': 1004}",DC01.pirate.htb,Microsoft-Windows-Security-SPP,Application,2957,4,,,,,,,,,,,,Windows(R) Publishing License (Public),1b7fb7c5-a0e0-42db-aa5e-76211694a2ca,,,,,,,,,,,,,,,,,,,,,,,,,,,,,,,,,,,,,,,,,,,,,,,,,,,,,,,,,,,,,
2026-01-16T01:11:51.456026Z,"{'#attributes': {'Qualifiers': 16384}, '#text': 1004}",DC01.pirate.htb,Microsoft-Windows-Security-SPP,Application,2958,4,,,,,,,,,,,,Windows(R) Publishing License (Private),77e47605-f697-4e46-9122-f12e1acc3ded,,,,,,,,,,,,,,,,,,,,,,,,,,,,,,,,,,,,,,,,,,,,,,,,,,,,,,,,,,,,,
2026-01-16T01:11:51.471650Z,"{'#attributes': {'Qualifiers': 16384}, '#text': 1004}",DC01.pirate.htb,Microsoft-Windows-Security-SPP,Application,2959,4,,,,,,,,,,,,Windows(R) UL oob License (Public),b8f98667-12cc-476d-a07f-b98e5d495829,,,,,,,,,,,,,,,,,,,,,,,,,,,,,,,,,,,,,,,,,,,,,,,,,,,,,,,,,,,,,
2026-01-16T01:11:51.471650Z,"{'#attributes': {'Qualifiers': 16384}, '#text': 1004}",DC01.pirate.htb,Microsoft-Windows-Security-SPP,Application,2960,4,,,,,,,,,,,,Windows(R) UL oob License (Private),0b50b8ad-f491-4b51-ac18-c8a96208034c,,,,,,,,,,,,,,,,,,,,,,,,,,,,,,,,,,,,,,,,,,,,,,,,,,,,,,,,,,,,,
2026-01-16T01:11:51.471650Z,"{'#attributes': {'Qualifiers': 16384}, '#text': 1004}",DC01.pirate.htb,Microsoft-Windows-Security-SPP,Application,2961,4,,,,,,,,,,,,Windows(R) UL phone License (Public),0322af67-cee3-4b62-abd2-01370355440a,,,,,,,,,,,,,,,,,,,,,,,,,,,,,,,,,,,,,,,,,,,,,,,,,,,,,,,,,,,,,
2026-01-16T01:11:51.471650Z,"{'#attributes': {'Qualifiers': 16384}, '#text': 1004}",DC01.pirate.htb,Microsoft-Windows-Security-SPP,Application,2962,4,,,,,,,,,,,,Windows(R) UL phone License (Private),68b3009f-1f82-4fb4-9174-5d6fd87f026b,,,,,,,,,,,,,,,,,,,,,,,,,,,,,,,,,,,,,,,,,,,,,,,,,,,,,,,,,,,,,
2026-01-16T01:11:51.471650Z,"{'#attributes': {'Qualifiers': 16384}, '#text': 1004}",DC01.pirate.htb,Microsoft-Windows-Security-SPP,Application,2963,4,,,,,,,,,,,,Windows(R) UL store License (Public),652604f3-33fc-4d68-af3d-ace7b4225cfe,,,,,,,,,,,,,,,,,,,,,,,,,,,,,,,,,,,,,,,,,,,,,,,,,,,,,,,,,,,,,
2026-01-16T01:11:51.487269Z,"{'#attributes': {'Qualifiers': 16384}, '#text': 1004}",DC01.pirate.htb,Microsoft-Windows-Security-SPP,Application,2964,4,,,,,,,,,,,,Windows(R) UL store License (Private),b4e69294-d5bf-46de-b67b-354d3a6aecdc,,,,,,,,,,,,,,,,,,,,,,,,,,,,,,,,,,,,,,,,,,,,,,,,,,,,,,,,,,,,,
2026-01-16T01:11:51.487269Z,"{'#attributes': {'Qualifiers': 16384}, '#text': 1004}",DC01.pirate.htb,Microsoft-Windows-Security-SPP,Application,2965,4,,,,,,,,,,,,Windows(R) Publishing License (Public),2c5f7ced-7039-4f2a-835f-c8d459dcb621,,,,,,,,,,,,,,,,,,,,,,,,,,,,,,,,,,,,,,,,,,,,,,,,,,,,,,,,,,,,,
2026-01-16T01:11:51.487269Z,"{'#attributes': {'Qualifiers': 16384}, '#text': 1004}",DC01.pirate.htb,Microsoft-Windows-Security-SPP,Application,2966,4,,,,,,,,,,,,Windows(R) Publishing License (Private),cf565509-569a-4fec-828a-a2f7b5e67e4d,,,,,,,,,,,,,,,,,,,,,,,,,,,,,,,,,,,,,,,,,,,,,,,,,,,,,,,,,,,,,
2026-01-16T01:11:51.487269Z,"{'#attributes': {'Qualifiers': 16384}, '#text': 1004}",DC01.pirate.htb,Microsoft-Windows-Security-SPP,Application,2967,4,,,,,,,,,,,,Windows(R) UL oob License (Public),33f31981-4e05-43ae-b768-92674b48cb5f,,,,,,,,,,,,,,,,,,,,,,,,,,,,,,,,,,,,,,,,,,,,,,,,,,,,,,,,,,,,,
2026-01-16T01:11:51.487269Z,"{'#attributes': {'Qualifiers': 16384}, '#text': 1004}",DC01.pirate.htb,Microsoft-Windows-Security-SPP,Application,2968,4,,,,,,,,,,,,Windows(R) UL oob License (Private),d526a293-95ce-4f33-8e88-6bff2e89533e,,,,,,,,,,,,,,,,,,,,,,,,,,,,,,,,,,,,,,,,,,,,,,,,,,,,,,,,,,,,,
2026-01-16T01:11:51.502896Z,"{'#attributes': {'Qualifiers': 16384}, '#text': 1004}",DC01.pirate.htb,Microsoft-Windows-Security-SPP,Application,2969,4,,,,,,,,,,,,Windows(R) UL phone License (Public),517a3da3-72b7-4275-a062-d1604cb47afd,,,,,,,,,,,,,,,,,,,,,,,,,,,,,,,,,,,,,,,,,,,,,,,,,,,,,,,,,,,,,
2026-01-16T01:11:51.502896Z,"{'#attributes': {'Qualifiers': 16384}, '#text': 1004}",DC01.pirate.htb,Microsoft-Windows-Security-SPP,Application,2970,4,,,,,,,,,,,,Windows(R) UL phone License (Private),9b0cb077-eec8-4fa8-ab41-9d7b53460121,,,,,,,,,,,,,,,,,,,,,,,,,,,,,,,,,,,,,,,,,,,,,,,,,,,,,,,,,,,,,
2026-01-16T01:11:51.502896Z,"{'#attributes': {'Qualifiers': 16384}, '#text': 1004}",DC01.pirate.htb,Microsoft-Windows-Security-SPP,Application,2971,4,,,,,,,,,,,,Windows(R) UL store License (Public),d6c9555a-5614-47e4-bfab-6b4d367f9282,,,,,,,,,,,,,,,,,,,,,,,,,,,,,,,,,,,,,,,,,,,,,,,,,,,,,,,,,,,,,
2026-01-16T01:11:51.502896Z,"{'#attributes': {'Qualifiers': 16384}, '#text': 1004}",DC01.pirate.htb,Microsoft-Windows-Security-SPP,Application,2972,4,,,,,,,,,,,,Windows(R) UL store License (Private),671bc6f2-3e7e-43f8-ab87-3f02ac861991,,,,,,,,,,,,,,,,,,,,,,,,,,,,,,,,,,,,,,,,,,,,,,,,,,,,,,,,,,,,,
2026-01-16T01:11:51.518523Z,"{'#attributes': {'Qualifiers': 16384}, '#text': 1004}",DC01.pirate.htb,Microsoft-Windows-Security-SPP,Application,2973,4,,,,,,,,,,,,DefaultPpd-csvlk-pack Component PPD License,cf87d272-7158-05ce-7df4-689302c3bfd9,,,,,,,,,,,,,,,,,,,,,,,,,,,,,,,,,,,,,,,,,,,,,,,,,,,,,,,,,,,,,
2026-01-16T01:11:51.518523Z,"{'#attributes': {'Qualifiers': 16384}, '#text': 1004}",DC01.pirate.htb,Microsoft-Windows-Security-SPP,Application,2974,4,,,,,,,,,,,,DefaultPpd-ServerStandard Component PPD License,d6639c0c-34e5-af2b-e1d3-b866188a3849,,,,,,,,,,,,,,,,,,,,,,,,,,,,,,,,,,,,,,,,,,,,,,,,,,,,,,,,,,,,,
2026-01-16T01:11:51.534148Z,"{'#attributes': {'Qualifiers': 16384}, '#text': 1004}",DC01.pirate.htb,Microsoft-Windows-Security-SPP,Application,2975,4,,,,,,,,,,,,Windows(R) Publishing License (Public),bc34b45b-d592-4631-bcd8-dd70f084f4df,,,,,,,,,,,,,,,,,,,,,,,,,,,,,,,,,,,,,,,,,,,,,,,,,,,,,,,,,,,,,
2026-01-16T01:11:51.534148Z,"{'#attributes': {'Qualifiers': 16384}, '#text': 1004}",DC01.pirate.htb,Microsoft-Windows-Security-SPP,Application,2976,4,,,,,,,,,,,,Windows(R) Publishing License (Private),ca51a6f4-83b9-4c7c-92f8-591b7a20b92a,,,,,,,,,,,,,,,,,,,,,,,,,,,,,,,,,,,,,,,,,,,,,,,,,,,,,,,,,,,,,
2026-01-16T01:11:51.534148Z,"{'#attributes': {'Qualifiers': 16384}, '#text': 1004}",DC01.pirate.htb,Microsoft-Windows-Security-SPP,Application,2977,4,,,,,,,,,,,,Windows(R) UL oob License (Public),e5a91d77-4d54-4726-b951-80dfea34333d,,,,,,,,,,,,,,,,,,,,,,,,,,,,,,,,,,,,,,,,,,,,,,,,,,,,,,,,,,,,,
2026-01-16T01:11:51.534148Z,"{'#attributes': {'Qualifiers': 16384}, '#text': 1004}",DC01.pirate.htb,Microsoft-Windows-Security-SPP,Application,2978,4,,,,,,,,,,,,Windows(R) UL oob License (Private),34d2dfac-7bc9-4713-a969-7f1e1e9afe6f,,,,,,,,,,,,,,,,,,,,,,,,,,,,,,,,,,,,,,,,,,,,,,,,,,,,,,,,,,,,,
2026-01-16T01:11:51.534148Z,"{'#attributes': {'Qualifiers': 16384}, '#text': 1004}",DC01.pirate.htb,Microsoft-Windows-Security-SPP,Application,2979,4,,,,,,,,,,,,Windows(R) UL phone License (Public),b5e17389-ca8c-4604-a76a-cc786a4590a1,,,,,,,,,,,,,,,,,,,,,,,,,,,,,,,,,,,,,,,,,,,,,,,,,,,,,,,,,,,,,
2026-01-16T01:11:51.534148Z,"{'#attributes': {'Qualifiers': 16384}, '#text': 1004}",DC01.pirate.htb,Microsoft-Windows-Security-SPP,Application,2980,4,,,,,,,,,,,,Windows(R) UL phone License (Private),75bc823c-8826-4f5a-b53a-4c1654a493d1,,,,,,,,,,,,,,,,,,,,,,,,,,,,,,,,,,,,,,,,,,,,,,,,,,,,,,,,,,,,,
2026-01-16T01:11:51.549768Z,"{'#attributes': {'Qualifiers': 16384}, '#text': 1004}",DC01.pirate.htb,Microsoft-Windows-Security-SPP,Application,2981,4,,,,,,,,,,,,Windows(R) UL store License (Public),175c71b4-ea5c-4d1e-ab60-f1e24ad3a10c,,,,,,,,,,,,,,,,,,,,,,,,,,,,,,,,,,,,,,,,,,,,,,,,,,,,,,,,,,,,,
2026-01-16T01:11:51.549768Z,"{'#attributes': {'Qualifiers': 16384}, '#text': 1004}",DC01.pirate.htb,Microsoft-Windows-Security-SPP,Application,2982,4,,,,,,,,,,,,Windows(R) UL store License (Private),be53221e-f6f9-4b09-ae37-3eb4f8839ffd,,,,,,,,,,,,,,,,,,,,,,,,,,,,,,,,,,,,,,,,,,,,,,,,,,,,,,,,,,,,,
2026-01-16T01:11:51.549768Z,"{'#attributes': {'Qualifiers': 16384}, '#text': 1004}",DC01.pirate.htb,Microsoft-Windows-Security-SPP,Application,2983,4,,,,,,,,,,,,Windows(R) Publishing License (Public),a220eaeb-a3a8-452a-b84e-3e2cc27dd22c,,,,,,,,,,,,,,,,,,,,,,,,,,,,,,,,,,,,,,,,,,,,,,,,,,,,,,,,,,,,,
2026-01-16T01:11:51.549768Z,"{'#attributes': {'Qualifiers': 16384}, '#text': 1004}",DC01.pirate.htb,Microsoft-Windows-Security-SPP,Application,2984,4,,,,,,,,,,,,Windows(R) Publishing License (Private),f8b7152f-2099-4b2a-a19c-fe665df676cf,,,,,,,,,,,,,,,,,,,,,,,,,,,,,,,,,,,,,,,,,,,,,,,,,,,,,,,,,,,,,
2026-01-16T01:11:51.549768Z,"{'#attributes': {'Qualifiers': 16384}, '#text': 1004}",DC01.pirate.htb,Microsoft-Windows-Security-SPP,Application,2985,4,,,,,,,,,,,,Windows(R) UL oob License (Public),4cf9f135-f5ff-46d5-9a7e-f0a1dd9a04c0,,,,,,,,,,,,,,,,,,,,,,,,,,,,,,,,,,,,,,,,,,,,,,,,,,,,,,,,,,,,,
2026-01-16T01:11:51.549768Z,"{'#attributes': {'Qualifiers': 16384}, '#text': 1004}",DC01.pirate.htb,Microsoft-Windows-Security-SPP,Application,2986,4,,,,,,,,,,,,Windows(R) UL oob License (Private),ea4767ae-8de8-4ad3-a534-2668d8e4564b,,,,,,,,,,,,,,,,,,,,,,,,,,,,,,,,,,,,,,,,,,,,,,,,,,,,,,,,,,,,,
2026-01-16T01:11:51.565413Z,"{'#attributes': {'Qualifiers': 16384}, '#text': 1004}",DC01.pirate.htb,Microsoft-Windows-Security-SPP,Application,2987,4,,,,,,,,,,,,Windows(R) UL phone License (Public),9740f028-f54a-48de-9ed3-44d34a914ba3,,,,,,,,,,,,,,,,,,,,,,,,,,,,,,,,,,,,,,,,,,,,,,,,,,,,,,,,,,,,,
2026-01-16T01:11:51.565413Z,"{'#attributes': {'Qualifiers': 16384}, '#text': 1004}",DC01.pirate.htb,Microsoft-Windows-Security-SPP,Application,2988,4,,,,,,,,,,,,Windows(R) UL phone License (Private),97feac21-69c6-44ee-8771-0f0b81f65caf,,,,,,,,,,,,,,,,,,,,,,,,,,,,,,,,,,,,,,,,,,,,,,,,,,,,,,,,,,,,,
2026-01-16T01:11:51.565413Z,"{'#attributes': {'Qualifiers': 16384}, '#text': 1004}",DC01.pirate.htb,Microsoft-Windows-Security-SPP,Application,2989,4,,,,,,,,,,,,Windows(R) UL store License (Public),50907147-4198-4fda-bd56-9efadb71c022,,,,,,,,,,,,,,,,,,,,,,,,,,,,,,,,,,,,,,,,,,,,,,,,,,,,,,,,,,,,,
2026-01-16T01:11:51.565413Z,"{'#attributes': {'Qualifiers': 16384}, '#text': 1004}",DC01.pirate.htb,Microsoft-Windows-Security-SPP,Application,2990,4,,,,,,,,,,,,Windows(R) UL store License (Private),782c7230-9a38-43f6-8534-eadf57df3ea8,,,,,,,,,,,,,,,,,,,,,,,,,,,,,,,,,,,,,,,,,,,,,,,,,,,,,,,,,,,,,
2026-01-16T01:11:51.565413Z,"{'#attributes': {'Qualifiers': 16384}, '#text': 1004}",DC01.pirate.htb,Microsoft-Windows-Security-SPP,Application,2991,4,,,,,,,,,,,,Windows(R) Publishing License (Public),e9c75c33-7804-4cf0-819b-8d9904009477,,,,,,,,,,,,,,,,,,,,,,,,,,,,,,,,,,,,,,,,,,,,,,,,,,,,,,,,,,,,,
2026-01-16T01:11:51.581020Z,"{'#attributes': {'Qualifiers': 16384}, '#text': 1004}",DC01.pirate.htb,Microsoft-Windows-Security-SPP,Application,2992,4,,,,,,,,,,,,Windows(R) Publishing License (Private),f4aea1e6-144e-4fb4-af34-652b59b528ac,,,,,,,,,,,,,,,,,,,,,,,,,,,,,,,,,,,,,,,,,,,,,,,,,,,,,,,,,,,,,
2026-01-16T01:11:51.581020Z,"{'#attributes': {'Qualifiers': 16384}, '#text': 1004}",DC01.pirate.htb,Microsoft-Windows-Security-SPP,Application,2993,4,,,,,,,,,,,,Windows(R) UL oob License (Public),16c865f1-eb80-4608-9bd6-e29fb6b944cf,,,,,,,,,,,,,,,,,,,,,,,,,,,,,,,,,,,,,,,,,,,,,,,,,,,,,,,,,,,,,
2026-01-16T01:11:51.581020Z,"{'#attributes': {'Qualifiers': 16384}, '#text': 1004}",DC01.pirate.htb,Microsoft-Windows-Security-SPP,Application,2994,4,,,,,,,,,,,,Windows(R) UL oob License (Private),8b558350-ba36-4b9a-a851-e0ccbdf679ed,,,,,,,,,,,,,,,,,,,,,,,,,,,,,,,,,,,,,,,,,,,,,,,,,,,,,,,,,,,,,
2026-01-16T01:11:51.581020Z,"{'#attributes': {'Qualifiers': 16384}, '#text': 1004}",DC01.pirate.htb,Microsoft-Windows-Security-SPP,Application,2995,4,,,,,,,,,,,,Windows(R) UL phone License (Public),0a503c6e-c84d-4db3-916e-8eeb6368ad19,,,,,,,,,,,,,,,,,,,,,,,,,,,,,,,,,,,,,,,,,,,,,,,,,,,,,,,,,,,,,
2026-01-16T01:11:51.581020Z,"{'#attributes': {'Qualifiers': 16384}, '#text': 1004}",DC01.pirate.htb,Microsoft-Windows-Security-SPP,Application,2996,4,,,,,,,,,,,,Windows(R) UL phone License (Private),21ca8473-c55f-436f-ab2b-36353488f71c,,,,,,,,,,,,,,,,,,,,,,,,,,,,,,,,,,,,,,,,,,,,,,,,,,,,,,,,,,,,,
2026-01-16T01:11:51.596648Z,"{'#attributes': {'Qualifiers': 16384}, '#text': 1004}",DC01.pirate.htb,Microsoft-Windows-Security-SPP,Application,2997,4,,,,,,,,,,,,Windows(R) UL store License (Public),2e16c1dd-27a2-4203-959c-689b1459147c,,,,,,,,,,,,,,,,,,,,,,,,,,,,,,,,,,,,,,,,,,,,,,,,,,,,,,,,,,,,,
2026-01-16T01:11:51.596648Z,"{'#attributes': {'Qualifiers': 16384}, '#text': 1004}",DC01.pirate.htb,Microsoft-Windows-Security-SPP,Application,2998,4,,,,,,,,,,,,Windows(R) UL store License (Private),bf75114d-8dba-46a5-9327-3275c4093499,,,,,,,,,,,,,,,,,,,,,,,,,,,,,,,,,,,,,,,,,,,,,,,,,,,,,,,,,,,,,
2026-01-16T01:11:51.596648Z,"{'#attributes': {'Qualifiers': 16384}, '#text': 1004}",DC01.pirate.htb,Microsoft-Windows-Security-SPP,Application,2999,4,,,,,,,,,,,,Windows(R) Publishing License (Public),94575920-9b38-49cd-8065-8af421710b8c,,,,,,,,,,,,,,,,,,,,,,,,,,,,,,,,,,,,,,,,,,,,,,,,,,,,,,,,,,,,,
2026-01-16T01:11:51.596648Z,"{'#attributes': {'Qualifiers': 16384}, '#text': 1004}",DC01.pirate.htb,Microsoft-Windows-Security-SPP,Application,3000,4,,,,,,,,,,,,Windows(R) Publishing License (Private),acc80673-cff1-4881-8aa0-209a445ed8ad,,,,,,,,,,,,,,,,,,,,,,,,,,,,,,,,,,,,,,,,,,,,,,,,,,,,,,,,,,,,,
2026-01-16T01:11:51.596648Z,"{'#attributes': {'Qualifiers': 16384}, '#text': 1004}",DC01.pirate.htb,Microsoft-Windows-Security-SPP,Application,3001,4,,,,,,,,,,,,Windows(R) UL oob License (Public),5f85f9ee-d09a-431a-b7c2-ec876dd0a08d,,,,,,,,,,,,,,,,,,,,,,,,,,,,,,,,,,,,,,,,,,,,,,,,,,,,,,,,,,,,,
2026-01-16T01:11:51.596648Z,"{'#attributes': {'Qualifiers': 16384}, '#text': 1004}",DC01.pirate.htb,Microsoft-Windows-Security-SPP,Application,3002,4,,,,,,,,,,,,Windows(R) UL oob License (Private),8945c3c6-c24a-4d2d-8364-1c0c5a8b8093,,,,,,,,,,,,,,,,,,,,,,,,,,,,,,,,,,,,,,,,,,,,,,,,,,,,,,,,,,,,,
2026-01-16T01:11:51.612277Z,"{'#attributes': {'Qualifiers': 16384}, '#text': 1004}",DC01.pirate.htb,Microsoft-Windows-Security-SPP,Application,3003,4,,,,,,,,,,,,Windows(R) UL phone License (Public),ef335d5a-0ec6-4aca-b9ff-ead2fc19e6af,,,,,,,,,,,,,,,,,,,,,,,,,,,,,,,,,,,,,,,,,,,,,,,,,,,,,,,,,,,,,
2026-01-16T01:11:51.612277Z,"{'#attributes': {'Qualifiers': 16384}, '#text': 1004}",DC01.pirate.htb,Microsoft-Windows-Security-SPP,Application,3004,4,,,,,,,,,,,,Windows(R) UL phone License (Private),d618e55f-deaa-4f87-981f-6876d02083d0,,,,,,,,,,,,,,,,,,,,,,,,,,,,,,,,,,,,,,,,,,,,,,,,,,,,,,,,,,,,,
2026-01-16T01:11:51.612277Z,"{'#attributes': {'Qualifiers': 16384}, '#text': 1004}",DC01.pirate.htb,Microsoft-Windows-Security-SPP,Application,3005,4,,,,,,,,,,,,Windows(R) UL store License (Public),f6c38b10-4b2e-4121-b07b-2772d059d4ee,,,,,,,,,,,,,,,,,,,,,,,,,,,,,,,,,,,,,,,,,,,,,,,,,,,,,,,,,,,,,
2026-01-16T01:11:51.612277Z,"{'#attributes': {'Qualifiers': 16384}, '#text': 1004}",DC01.pirate.htb,Microsoft-Windows-Security-SPP,Application,3006,4,,,,,,,,,,,,Windows(R) UL store License (Private),d583275f-7f64-47a6-bdcb-01698084bf28,,,,,,,,,,,,,,,,,,,,,,,,,,,,,,,,,,,,,,,,,,,,,,,,,,,,,,,,,,,,,
2026-01-16T01:11:51.612277Z,"{'#attributes': {'Qualifiers': 16384}, '#text': 1004}",DC01.pirate.htb,Microsoft-Windows-Security-SPP,Application,3007,4,,,,,,,,,,,,Windows(R) UL oob License (Public),46ee4028-0cd8-41f3-98ea-fd1e1a4186a1,,,,,,,,,,,,,,,,,,,,,,,,,,,,,,,,,,,,,,,,,,,,,,,,,,,,,,,,,,,,,
2026-01-16T01:11:51.612277Z,"{'#attributes': {'Qualifiers': 16384}, '#text': 1004}",DC01.pirate.htb,Microsoft-Windows-Security-SPP,Application,3008,4,,,,,,,,,,,,Windows(R) UL oob License (Private),fbfa23d6-d200-4a88-957d-18e1556d4f01,,,,,,,,,,,,,,,,,,,,,,,,,,,,,,,,,,,,,,,,,,,,,,,,,,,,,,,,,,,,,
2026-01-16T01:11:51.627896Z,"{'#attributes': {'Qualifiers': 16384}, '#text': 1004}",DC01.pirate.htb,Microsoft-Windows-Security-SPP,Application,3009,4,,,,,,,,,,,,Windows(R) UL oem License (Public),eabddb7a-047c-41b6-b76d-6daefd539900,,,,,,,,,,,,,,,,,,,,,,,,,,,,,,,,,,,,,,,,,,,,,,,,,,,,,,,,,,,,,
2026-01-16T01:11:51.627896Z,"{'#attributes': {'Qualifiers': 16384}, '#text': 1004}",DC01.pirate.htb,Microsoft-Windows-Security-SPP,Application,3010,4,,,,,,,,,,,,Windows(R) UL oem License (Private),b1e08853-b879-4fd1-a84b-81933ecf3976,,,,,,,,,,,,,,,,,,,,,,,,,,,,,,,,,,,,,,,,,,,,,,,,,,,,,,,,,,,,,
2026-01-16T01:11:51.627896Z,"{'#attributes': {'Qualifiers': 16384}, '#text': 1004}",DC01.pirate.htb,Microsoft-Windows-Security-SPP,Application,3011,4,,,,,,,,,,,,Windows(R) UL oob License (Public),3a487620-ac54-400d-a512-e93f205967d0,,,,,,,,,,,,,,,,,,,,,,,,,,,,,,,,,,,,,,,,,,,,,,,,,,,,,,,,,,,,,
2026-01-16T01:11:51.627896Z,"{'#attributes': {'Qualifiers': 16384}, '#text': 1004}",DC01.pirate.htb,Microsoft-Windows-Security-SPP,Application,3012,4,,,,,,,,,,,,Windows(R) UL oob License (Private),3d6a24e3-d851-4930-a85a-6f17f94e4412,,,,,,,,,,,,,,,,,,,,,,,,,,,,,,,,,,,,,,,,,,,,,,,,,,,,,,,,,,,,,
2026-01-16T01:11:51.627896Z,"{'#attributes': {'Qualifiers': 16384}, '#text': 1004}",DC01.pirate.htb,Microsoft-Windows-Security-SPP,Application,3013,4,,,,,,,,,,,,Windows(R) UL oem License (Public),f6b6c3eb-1ff0-40a9-83e1-77a0f5e935b5,,,,,,,,,,,,,,,,,,,,,,,,,,,,,,,,,,,,,,,,,,,,,,,,,,,,,,,,,,,,,
2026-01-16T01:11:51.627896Z,"{'#attributes': {'Qualifiers': 16384}, '#text': 1004}",DC01.pirate.htb,Microsoft-Windows-Security-SPP,Application,3014,4,,,,,,,,,,,,Windows(R) UL oem License (Private),e3493860-2d58-4c0d-8ccf-70cb4566594f,,,,,,,,,,,,,,,,,,,,,,,,,,,,,,,,,,,,,,,,,,,,,,,,,,,,,,,,,,,,,
2026-01-16T01:11:51.643523Z,"{'#attributes': {'Qualifiers': 16384}, '#text': 1004}",DC01.pirate.htb,Microsoft-Windows-Security-SPP,Application,3015,4,,,,,,,,,,,,Windows(R) ServerStandard Product PPD License,2a249026-8aab-92f0-99e5-adaa3672a4ce,,,,,,,,,,,,,,,,,,,,,,,,,,,,,,,,,,,,,,,,,,,,,,,,,,,,,,,,,,,,,
2026-01-16T01:11:51.643523Z,"{'#attributes': {'Qualifiers': 16384}, '#text': 1004}",DC01.pirate.htb,Microsoft-Windows-Security-SPP,Application,3016,4,,,,,,,,,,,,Windows(R) Publishing License (Public),b1525c26-576d-4ef8-b792-8818f9a53846,,,,,,,,,,,,,,,,,,,,,,,,,,,,,,,,,,,,,,,,,,,,,,,,,,,,,,,,,,,,,
2026-01-16T01:11:51.643523Z,"{'#attributes': {'Qualifiers': 16384}, '#text': 1004}",DC01.pirate.htb,Microsoft-Windows-Security-SPP,Application,3017,4,,,,,,,,,,,,Windows(R) Publishing License (Private),ae1141ea-9ce1-4825-ab38-5ae18be28c11,,,,,,,,,,,,,,,,,,,,,,,,,,,,,,,,,,,,,,,,,,,,,,,,,,,,,,,,,,,,,
2026-01-16T01:11:51.643523Z,"{'#attributes': {'Qualifiers': 16384}, '#text': 1004}",DC01.pirate.htb,Microsoft-Windows-Security-SPP,Application,3018,4,,,,,,,,,,,,Windows(R) UL oob License (Public),1f6c3964-893c-49a8-80c1-3dfd8189c3a9,,,,,,,,,,,,,,,,,,,,,,,,,,,,,,,,,,,,,,,,,,,,,,,,,,,,,,,,,,,,,
2026-01-16T01:11:51.643523Z,"{'#attributes': {'Qualifiers': 16384}, '#text': 1004}",DC01.pirate.htb,Microsoft-Windows-Security-SPP,Application,3019,4,,,,,,,,,,,,Windows(R) UL oob License (Private),289022cc-7bfd-48bf-b298-93dbe6e3f9d3,,,,,,,,,,,,,,,,,,,,,,,,,,,,,,,,,,,,,,,,,,,,,,,,,,,,,,,,,,,,,
2026-01-16T01:11:51.659148Z,"{'#attributes': {'Qualifiers': 16384}, '#text': 1004}",DC01.pirate.htb,Microsoft-Windows-Security-SPP,Application,3020,4,,,,,,,,,,,,Windows(R) UL phone License (Public),0473eeb7-26a7-41e3-ab7b-59e1357f16e8,,,,,,,,,,,,,,,,,,,,,,,,,,,,,,,,,,,,,,,,,,,,,,,,,,,,,,,,,,,,,
2026-01-16T01:11:51.659148Z,"{'#attributes': {'Qualifiers': 16384}, '#text': 1004}",DC01.pirate.htb,Microsoft-Windows-Security-SPP,Application,3021,4,,,,,,,,,,,,Windows(R) UL phone License (Private),8a7a6656-5083-4881-b515-e2388ff1756a,,,,,,,,,,,,,,,,,,,,,,,,,,,,,,,,,,,,,,,,,,,,,,,,,,,,,,,,,,,,,
2026-01-16T01:11:51.659148Z,"{'#attributes': {'Qualifiers': 16384}, '#text': 1004}",DC01.pirate.htb,Microsoft-Windows-Security-SPP,Application,3022,4,,,,,,,,,,,,Windows(R) UL store License (Public),9e587004-6310-49b9-a7ee-277aa28e0c79,,,,,,,,,,,,,,,,,,,,,,,,,,,,,,,,,,,,,,,,,,,,,,,,,,,,,,,,,,,,,
2026-01-16T01:11:51.659148Z,"{'#attributes': {'Qualifiers': 16384}, '#text': 1004}",DC01.pirate.htb,Microsoft-Windows-Security-SPP,Application,3023,4,,,,,,,,,,,,Windows(R) UL store License (Private),71c9629e-1b25-43ae-aad8-98860c2ea8d5,,,,,,,,,,,,,,,,,,,,,,,,,,,,,,,,,,,,,,,,,,,,,,,,,,,,,,,,,,,,,
2026-01-16T01:11:51.659148Z,"{'#attributes': {'Qualifiers': 16384}, '#text': 1004}",DC01.pirate.htb,Microsoft-Windows-Security-SPP,Application,3024,4,,,,,,,,,,,,Windows(R) Publishing License (Public),ee9ef69c-1806-47c6-9b3d-f4b561315fcc,,,,,,,,,,,,,,,,,,,,,,,,,,,,,,,,,,,,,,,,,,,,,,,,,,,,,,,,,,,,,
2026-01-16T01:11:51.659148Z,"{'#attributes': {'Qualifiers': 16384}, '#text': 1004}",DC01.pirate.htb,Microsoft-Windows-Security-SPP,Application,3025,4,,,,,,,,,,,,Windows(R) Publishing License (Private),ee08b399-e3f5-4429-91ca-2918ab399962,,,,,,,,,,,,,,,,,,,,,,,,,,,,,,,,,,,,,,,,,,,,,,,,,,,,,,,,,,,,,
2026-01-16T01:11:51.674855Z,"{'#attributes': {'Qualifiers': 16384}, '#text': 1004}",DC01.pirate.htb,Microsoft-Windows-Security-SPP,Application,3026,4,,,,,,,,,,,,Windows(R) UL oob License (Public),c350063e-5b2f-448b-a25e-adf15304d4e3,,,,,,,,,,,,,,,,,,,,,,,,,,,,,,,,,,,,,,,,,,,,,,,,,,,,,,,,,,,,,
2026-01-16T01:11:51.674855Z,"{'#attributes': {'Qualifiers': 16384}, '#text': 1004}",DC01.pirate.htb,Microsoft-Windows-Security-SPP,Application,3027,4,,,,,,,,,,,,Windows(R) UL oob License (Private),e9e224da-c9ab-47b8-94e9-bbee48bb8cd0,,,,,,,,,,,,,,,,,,,,,,,,,,,,,,,,,,,,,,,,,,,,,,,,,,,,,,,,,,,,,
2026-01-16T01:11:51.674855Z,"{'#attributes': {'Qualifiers': 16384}, '#text': 1004}",DC01.pirate.htb,Microsoft-Windows-Security-SPP,Application,3028,4,,,,,,,,,,,,Windows(R) UL phone License (Public),79fa8584-bf58-442b-bf8a-a65d34912144,,,,,,,,,,,,,,,,,,,,,,,,,,,,,,,,,,,,,,,,,,,,,,,,,,,,,,,,,,,,,
2026-01-16T01:11:51.674855Z,"{'#attributes': {'Qualifiers': 16384}, '#text': 1004}",DC01.pirate.htb,Microsoft-Windows-Security-SPP,Application,3029,4,,,,,,,,,,,,Windows(R) UL phone License (Private),2d524edd-93c8-418d-9c35-46e71b0230e2,,,,,,,,,,,,,,,,,,,,,,,,,,,,,,,,,,,,,,,,,,,,,,,,,,,,,,,,,,,,,
2026-01-16T01:11:51.674855Z,"{'#attributes': {'Qualifiers': 16384}, '#text': 1004}",DC01.pirate.htb,Microsoft-Windows-Security-SPP,Application,3030,4,,,,,,,,,,,,Windows(R) UL store License (Public),349ed51f-358b-40de-b996-9a41bff080fd,,,,,,,,,,,,,,,,,,,,,,,,,,,,,,,,,,,,,,,,,,,,,,,,,,,,,,,,,,,,,
2026-01-16T01:11:51.674855Z,"{'#attributes': {'Qualifiers': 16384}, '#text': 1004}",DC01.pirate.htb,Microsoft-Windows-Security-SPP,Application,3031,4,,,,,,,,,,,,Windows(R) UL store License (Private),483bef78-314f-4b24-b15f-93cc0ff103c5,,,,,,,,,,,,,,,,,,,,,,,,,,,,,,,,,,,,,,,,,,,,,,,,,,,,,,,,,,,,,
2026-01-16T01:11:51.690396Z,"{'#attributes': {'Qualifiers': 16384}, '#text': 1004}",DC01.pirate.htb,Microsoft-Windows-Security-SPP,Application,3032,4,,,,,,,,,,,,Windows(R) Publishing License (Public),0cfcced2-8da9-42df-b6ec-b9c69493d6e6,,,,,,,,,,,,,,,,,,,,,,,,,,,,,,,,,,,,,,,,,,,,,,,,,,,,,,,,,,,,,
2026-01-16T01:11:51.690396Z,"{'#attributes': {'Qualifiers': 16384}, '#text': 1004}",DC01.pirate.htb,Microsoft-Windows-Security-SPP,Application,3033,4,,,,,,,,,,,,Windows(R) Publishing License (Private),1691251a-4b9a-4bdc-81a4-7bc96e67674c,,,,,,,,,,,,,,,,,,,,,,,,,,,,,,,,,,,,,,,,,,,,,,,,,,,,,,,,,,,,,
2026-01-16T01:11:51.690396Z,"{'#attributes': {'Qualifiers': 16384}, '#text': 1004}",DC01.pirate.htb,Microsoft-Windows-Security-SPP,Application,3034,4,,,,,,,,,,,,Windows(R) UL oob License (Public),0ca36599-b488-4d85-9380-af87ad408a65,,,,,,,,,,,,,,,,,,,,,,,,,,,,,,,,,,,,,,,,,,,,,,,,,,,,,,,,,,,,,
2026-01-16T01:11:51.690396Z,"{'#attributes': {'Qualifiers': 16384}, '#text': 1004}",DC01.pirate.htb,Microsoft-Windows-Security-SPP,Application,3035,4,,,,,,,,,,,,Windows(R) UL oob License (Private),08b0502f-7a12-4d83-b8c1-434f5bbadae9,,,,,,,,,,,,,,,,,,,,,,,,,,,,,,,,,,,,,,,,,,,,,,,,,,,,,,,,,,,,,
2026-01-16T01:11:51.690396Z,"{'#attributes': {'Qualifiers': 16384}, '#text': 1004}",DC01.pirate.htb,Microsoft-Windows-Security-SPP,Application,3036,4,,,,,,,,,,,,Windows(R) UL phone License (Public),2084685f-bbdb-46ad-afc6-3e5abedd69fd,,,,,,,,,,,,,,,,,,,,,,,,,,,,,,,,,,,,,,,,,,,,,,,,,,,,,,,,,,,,,
2026-01-16T01:11:51.690396Z,"{'#attributes': {'Qualifiers': 16384}, '#text': 1004}",DC01.pirate.htb,Microsoft-Windows-Security-SPP,Application,3037,4,,,,,,,,,,,,Windows(R) UL phone License (Private),ac8aa933-2672-43ab-9bac-cb2b8e36f76c,,,,,,,,,,,,,,,,,,,,,,,,,,,,,,,,,,,,,,,,,,,,,,,,,,,,,,,,,,,,,
2026-01-16T01:11:51.706028Z,"{'#attributes': {'Qualifiers': 16384}, '#text': 1004}",DC01.pirate.htb,Microsoft-Windows-Security-SPP,Application,3038,4,,,,,,,,,,,,Windows(R) UL store License (Public),9a2cf922-2a87-44b0-8c93-da1506399074,,,,,,,,,,,,,,,,,,,,,,,,,,,,,,,,,,,,,,,,,,,,,,,,,,,,,,,,,,,,,
2026-01-16T01:11:51.706028Z,"{'#attributes': {'Qualifiers': 16384}, '#text': 1004}",DC01.pirate.htb,Microsoft-Windows-Security-SPP,Application,3039,4,,,,,,,,,,,,Windows(R) UL store License (Private),f5ecc876-2e82-40ca-b48e-eacde641e22d,,,,,,,,,,,,,,,,,,,,,,,,,,,,,,,,,,,,,,,,,,,,,,,,,,,,,,,,,,,,,
2026-01-16T01:11:51.706028Z,"{'#attributes': {'Qualifiers': 16384}, '#text': 1004}",DC01.pirate.htb,Microsoft-Windows-Security-SPP,Application,3040,4,,,,,,,,,,,,Windows(R) Publishing License (Public),121d8110-1b3d-4dd7-8315-5fb940fa8b9c,,,,,,,,,,,,,,,,,,,,,,,,,,,,,,,,,,,,,,,,,,,,,,,,,,,,,,,,,,,,,
2026-01-16T01:11:51.706028Z,"{'#attributes': {'Qualifiers': 16384}, '#text': 1004}",DC01.pirate.htb,Microsoft-Windows-Security-SPP,Application,3041,4,,,,,,,,,,,,Windows(R) Publishing License (Private),1c492bf5-4d7f-45b5-b2a3-827c748f683d,,,,,,,,,,,,,,,,,,,,,,,,,,,,,,,,,,,,,,,,,,,,,,,,,,,,,,,,,,,,,
2026-01-16T01:11:51.706028Z,"{'#attributes': {'Qualifiers': 16384}, '#text': 1004}",DC01.pirate.htb,Microsoft-Windows-Security-SPP,Application,3042,4,,,,,,,,,,,,Windows(R) UL oob License (Public),ca24e59c-94fb-4c10-a58a-76c6f0a37afb,,,,,,,,,,,,,,,,,,,,,,,,,,,,,,,,,,,,,,,,,,,,,,,,,,,,,,,,,,,,,
2026-01-16T01:11:51.706028Z,"{'#attributes': {'Qualifiers': 16384}, '#text': 1004}",DC01.pirate.htb,Microsoft-Windows-Security-SPP,Application,3043,4,,,,,,,,,,,,Windows(R) UL oob License (Private),44747603-66c9-4312-8096-5b908476027c,,,,,,,,,,,,,,,,,,,,,,,,,,,,,,,,,,,,,,,,,,,,,,,,,,,,,,,,,,,,,
2026-01-16T01:11:51.721646Z,"{'#attributes': {'Qualifiers': 16384}, '#text': 1004}",DC01.pirate.htb,Microsoft-Windows-Security-SPP,Application,3044,4,,,,,,,,,,,,Windows(R) UL phone License (Public),b6e82a0d-d0ed-4f2a-a158-586ff2b64f12,,,,,,,,,,,,,,,,,,,,,,,,,,,,,,,,,,,,,,,,,,,,,,,,,,,,,,,,,,,,,
2026-01-16T01:11:51.721646Z,"{'#attributes': {'Qualifiers': 16384}, '#text': 1004}",DC01.pirate.htb,Microsoft-Windows-Security-SPP,Application,3045,4,,,,,,,,,,,,Windows(R) UL phone License (Private),35b4fb4e-392f-45f3-b21c-eb067ee2e748,,,,,,,,,,,,,,,,,,,,,,,,,,,,,,,,,,,,,,,,,,,,,,,,,,,,,,,,,,,,,
2026-01-16T01:11:51.721646Z,"{'#attributes': {'Qualifiers': 16384}, '#text': 1004}",DC01.pirate.htb,Microsoft-Windows-Security-SPP,Application,3046,4,,,,,,,,,,,,Windows(R) UL store License (Public),fc67e64d-5c6c-4eb3-b477-123c63f0046a,,,,,,,,,,,,,,,,,,,,,,,,,,,,,,,,,,,,,,,,,,,,,,,,,,,,,,,,,,,,,
2026-01-16T01:11:51.721646Z,"{'#attributes': {'Qualifiers': 16384}, '#text': 1004}",DC01.pirate.htb,Microsoft-Windows-Security-SPP,Application,3047,4,,,,,,,,,,,,Windows(R) UL store License (Private),305b0d37-d431-4aa2-b66e-cd2135ff33c4,,,,,,,,,,,,,,,,,,,,,,,,,,,,,,,,,,,,,,,,,,,,,,,,,,,,,,,,,,,,,
2026-01-16T01:11:51.721646Z,"{'#attributes': {'Qualifiers': 16384}, '#text': 1004}",DC01.pirate.htb,Microsoft-Windows-Security-SPP,Application,3048,4,,,,,,,,,,,,Windows(R) Publishing License (Public),12bc4de1-0b0d-4b68-8c59-23465c8af10d,,,,,,,,,,,,,,,,,,,,,,,,,,,,,,,,,,,,,,,,,,,,,,,,,,,,,,,,,,,,,
