2026-02-25T01:35:19.646654Z,1000,DC01.pirate.htb,Microsoft-Windows-LoadPerf,Application,3848,4,,,,,,,,,,,,,,,,,,,,,,,,,,,,,,,,,,,,,,,,,,,,,,,,,,,,,,,,,,,LoadPerf,3A3700000A3800003B3700000B380000,16,,WmiApRpl,,,,WmiApRpl,,,,,,,
2026-02-25T01:36:19.766027Z,"{'#attributes': {'Qualifiers': 0}, '#text': 102}",DC01.pirate.htb,ESENT,Application,3849,4,,,,,,,,,,,,DFSRs,"2832,P,98",,,,,,,,,,,\\.\C:\System Volume Information\DFSR\database_EEE2_E7CF_32B5_74E\dfsr.db: ,,,,0,10,00,17763,0000,,,,,,,,,,,,,,,,,,,,,,,,,,,,,,,,,,,,,,,,,,
2026-02-25T01:36:19.953572Z,"{'#attributes': {'Qualifiers': 0}, '#text': 105}",DC01.pirate.htb,ESENT,Application,3850,4,,,,,,,,,,,,DFSRs,"2832,D,0",,,,,,,,,,,\\.\C:\System Volume Information\DFSR\database_EEE2_E7CF_32B5_74E\dfsr.db: ,,,,0,0,"
[1] 0.037250 +J(0) +M(C:0K, Fs:261, WS:1020K # 1020K, PF:6384K # 6264K, P:6384K)
[2] 0.000395 +J(0) +M(C:16K, Fs:94, WS:372K # 372K, PF:316K # 312K, P:316K)
[3] 0.000032 +J(0) +M(C:0K, Fs:5, WS:16K # 16K, PF:68K # 68K, P:68K)
[4] 0.000235 +J(0) +M(C:2032K, Fs:37, WS:144K # 144K, PF:2432K # 2432K, P:2432K)
[5] 0.001073 +J(0) +M(C:0K, Fs:8, WS:32K # 32K, PF:24K # 24K, P:24K)
[6] 0.003332 +J(0) +M(C:0K, Fs:17, WS:64K # 64K, PF:16K # 16K, P:16K)
[7] 0.059708 -0.053477 (21) WT +J(0) +M(C:0K, Fs:1299, WS:5188K # 5188K, PF:5128K # 5128K, P:5128K)
[8] -
[9] -
[10] -
[11] -
[12] -
[13] 0.127136 -0.115947 (22) WT +J(CM:0, PgRf:0, Rd:0/0, Dy:0/0, Lg:616/1) +M(C:0K, Fs:8, WS:-5096K # 16K, PF:-5120K # 16K, P:-5120K)
[14] 0.000030 +J(0) +M(C:0K, Fs:1, WS:4K # 0K, PF:0K # 0K, P:0K)
[15] 0.000269 +J(0) +M(C:0K, Fs:64, WS:256K # 0K, PF:64K # 0K, P:64K)
[16] 0.001610 -0.001371 (1) WT +J(0) +M(C:0K, Fs:2, WS:0K # 0K, PF:0K # 0K, P:0K).",,,,,,,,,,,,,,,,,,,,,,,,,,,,,,,,,,,,,,,,,,,,
2026-02-25T01:36:19.986370Z,"{'#attributes': {'Qualifiers': 0}, '#text': 326}",DC01.pirate.htb,ESENT,Application,3851,4,,,,,,,,,,,,DFSRs,"2832,D,50",,,,,,,,,,,\\.\C:\System Volume Information\DFSR\database_EEE2_E7CF_32B5_74E\dfsr.db: ,,,,1,\\.\C:\System Volume Information\DFSR\database_EEE2_E7CF_32B5_74E\dfsr.db,0,"
[1] 0.000006 +J(0) +M(C:0K, Fs:1, WS:4K # 0K, PF:0K # 0K, P:0K)
[2] 0.001495 -0.001253 (1) WT +J(0) +M(C:0K, Fs:19, WS:12K # 0K, PF:8K # 0K, P:8K)
[3] 0.021751 -0.014294 (6) WT +J(CM:0, PgRf:0, Rd:0/0, Dy:0/0, Lg:3480/2) +M(C:0K, Fs:32, WS:116K # 0K, PF:160K # 0K, P:160K)
[4] 0.000167 +J(0)
[5] -
[6] -
[7] -
[8] 0.000990 -0.000694 (2) CM -0.000532 (2) WT +J(CM:2, PgRf:2, Rd:14/2, Dy:0/0, Lg:0/0) +M(C:-8K, Fs:68, WS:264K # 0K, PF:120K # 0K, P:120K)
[9] 0.004540 -0.002803 (2) CM -0.002714 (2) WT +J(CM:2, PgRf:23, Rd:0/1, Dy:0/0, Lg:0/0) +M(C:-12K, Fs:21, WS:72K # 0K, PF:188K # 0K, P:188K)
[10] 0.000681 -0.000504 (1) CM -0.000382 (1) WT +J(CM:1, PgRf:40, Rd:0/1, Dy:0/0, Lg:0/0) +M(C:-4K, Fs:5, WS:16K # 0K, PF:60K # 0K, P:60K)
[11] 0.000016 +J(CM:0, PgRf:1, Rd:0/0, Dy:0/0, Lg:0/0) +M(C:0K, Fs:2, WS:8K # 0K, PF:0K # 0K, P:0K)
[12] 0.000032 +J(CM:0, PgRf:36, Rd:0/0, Dy:0/0, Lg:0/0)
[13] 0.0 +J(0)
[14] 0.0 +J(0)
[15] 0.000006 +J(CM:0, PgRf:1, Rd:0/0, Dy:0/0, Lg:0/0).",0 0,lgposAttach = 0000000E:0247:0268,,,,,,,,,,,,,,,,,,,,,,,,,,,,,,,,,,,,,,,,,
2026-02-25T01:48:18.000497Z,"{'#attributes': {'Qualifiers': 0}, '#text': 1001}",DC01.pirate.htb,Windows Error Reporting,Application,3852,4,,,,,,,,,,,,1927515135155509736,5,,,,,,"
\\?\C:\Users\ADMINI~1\AppData\Local\Temp\RDR158D.tmp\empty.txt
\\?\C:\ProgramData\Microsoft\Windows\WER\Temp\WER159E.tmp.WERInternalMetadata.xml
\\?\C:\ProgramData\Microsoft\Windows\WER\Temp\WER15AF.tmp.xml
\\?\C:\ProgramData\Microsoft\Windows\WER\Temp\WER1697.tmp.csv
\\?\C:\ProgramData\Microsoft\Windows\WER\Temp\WER16B7.tmp.txt",,,0,912da18c-8d07-45d6-b160-ae0d57d9597d,RADAR_PRE_LEAK_64,268435456,19a4e28137c18e727abfe8cd922219e8,0,Not available,0,vmconnect.exe,10.0.17763.6054,10.0.17763.2.0.0,,,,,,,,,,,,,,,,,,,,,,,,,,,,,,,,,,,,,,,,,,
2026-02-25T02:29:41.648485Z,"{'#attributes': {'Qualifiers': 32768}, '#text': 6000}",DC01.pirate.htb,Microsoft-Windows-Winlogon,Application,3853,4,,,,D9060000,,,,,,,WSearch,,,,,,,,,,,,,,,,,,,,,,,,,,,,,,,,,,,,,,,,,,,,,,,,,,,,,,,,,,,,,,,
2026-02-25T02:29:41.711021Z,"{'#attributes': {'Qualifiers': 32768}, '#text': 6000}",DC01.pirate.htb,Microsoft-Windows-Winlogon,Application,3854,4,,,,D9060000,,,,,,,SessionEnv,,,,,,,,,,,,,,,,,,,,,,,,,,,,,,,,,,,,,,,,,,,,,,,,,,,,,,,,,,,,,,,
2026-02-25T02:29:41.914110Z,"{'#attributes': {'Qualifiers': 0}, '#text': 260}",DC01.pirate.htb,VMUpgradeHelper,Application,3855,4,,,,,,,,,,,,,,,,,,,,,,,,,,,,,,,,,,,,,,,,,,,,,,,,,,,,,,,,,,,,,,,,,,,,,,,,,,
2026-02-25T02:29:41.914110Z,"{'#attributes': {'Qualifiers': 0}, '#text': 272}",DC01.pirate.htb,VMUpgradeHelper,Application,3856,4,,,,,,,,,,,,,,,,,,,,,,,,,,,,,,,,,,,,,,,,,,,,,,,,,,,,,,,,,,,,,,,,,,,,,,,,,,
2026-02-25T02:29:41.929736Z,"{'#attributes': {'Qualifiers': 0}, '#text': 108}",DC01.pirate.htb,VMTools,Application,3857,4,,,,,,,,,,,,,,,,,,,,,,,,,,,,,,,,,,,,,,,,,,,,,,,,,,,,,,,,,,,,,,,,,,,,,,,,,,
2026-02-25T02:29:42.242235Z,"{'#attributes': {'Qualifiers': 16384}, '#text': 4111}",DC01.pirate.htb,Microsoft-Windows-MSDTC,Application,3858,4,,,,4D005300440054004300,,,,,,,,,,,,,,,,,,,,,,,,,,,,,,,,,,,,,,,,,,,,,,,,,,,,,,,,,,,,,,,,,,,,,,
2026-02-25T02:29:42.254485Z,1532,DC01.pirate.htb,Microsoft-Windows-User Profiles Service,Application,3859,4,,,,,,,,,,,,,,,,,,,,,,,,,,,,,,,,,,,,,,,,,,,,,,,,,,,,,,,,,,,,,,,,,,,,,,,,,,
2026-02-25T02:30:52.469916Z,"{'#attributes': {'Qualifiers': 16384}, '#text': 4625}",DC01,Microsoft-Windows-EventSystem,Application,3860,4,,,,,,,,,,,,,,,,,,,,,,,,,,,,,,,,,,,,,,,,,,,,,,,,,,,,,,,,,,,,,,,86400,,,,SuppressDuplicateDuration,Software\Microsoft\EventSystem\EventLog,,,,,,
2026-02-25T02:29:42.639686Z,38,DC01.pirate.htb,Microsoft-Windows-CertificationAuthority,Application,3861,4,,,,,,pirate-DC01-CA,,,,,,,,,,,,,,,,,,,,,,,,,,,,,,,,,,,,,,,,,,,,,,,,,,,,MSG_I_SERVER_STOPPED,,,,,,,,,,,,,,,,
2026-02-25T02:30:52.491693Z,1531,DC01.pirate.htb,Microsoft-Windows-User Profiles Service,Application,3862,4,,,,,,,,,,,,,,,,,,,,,,,,,,,,,,,,,,,,,,,,,,,,,,,,,,,,,,,,,,,,,,,,,,,,,,,,,,
2026-02-25T02:30:53.250163Z,5615,DC01.pirate.htb,Microsoft-Windows-WMI,Application,3863,4,,,,,,,,,,,,,,,,,,,,,,,,,,,,,,,,,,,,,,,,,,,,,,,,,,,,,,,,,,,,,,,,,,,,,,,,,,
2026-02-25T02:30:55.023769Z,5617,DC01.pirate.htb,Microsoft-Windows-WMI,Application,3864,4,,,,,,,,,,,,,,,,,,,,,,,,,,,,,,,,,,,,,,,,,,,,,,,,,,,,,,,,,,,,,,,,,,,,,,,,,,
2026-02-25T02:31:10.903610Z,"{'#attributes': {'Qualifiers': 0}, '#text': 105}",DC01.pirate.htb,VMTools,Application,3865,4,,,,,,,,,,,,,,,,,,,,,,,,,,,,,,,,,,,,,,,,,,,,,,,,,,,,,,,,,,,,,,,,,,,,,,,,,,
2026-02-25T02:31:11.387979Z,"{'#attributes': {'Qualifiers': 16384}, '#text': 9027}",DC01.pirate.htb,Desktop Window Manager,Application,3866,4,,,,,,,,,,,,,,,,,,,,,,,,,,,,,,,,,,,,,,,,,,,,,,,,,,,,,,,,,,,,,,,,,,,,,,,,,,
2026-02-25T02:31:12.528603Z,"{'#attributes': {'Qualifiers': 16384}, '#text': 781}",DC01.pirate.htb,Microsoft-Windows-Complus,Application,3867,4,,,,,,,,,,,,,,,,,,,,,,,,,,,,,,,,,,,,,,,,,,,,,,,,,,,,,,,,,,,,,,,86400,,,,SuppressDuplicateDuration,Software\Microsoft\COM3\Eventlog,,,,,,
2026-02-25T02:31:12.669227Z,"{'#attributes': {'Qualifiers': 0}, '#text': 258}",DC01.pirate.htb,VMUpgradeHelper,Application,3868,4,,,,,,,,,,,,,,,,,,,,,,,,,,,,,,,,,,,,,,,,,,,,,,,,,,,,,,,,,,,,,,,,,,,,,,,,,,
2026-02-25T02:31:12.966103Z,"{'#attributes': {'Qualifiers': 16384}, '#text': 4202}",DC01.pirate.htb,Microsoft-Windows-MSDTC 2,Application,3869,4,,,,,,,,,,,,,,,,,,,,,,,,,,,,,,,,,,,,,,,,,,,,,,,,,,,,,,,,,,,,,,,0,0,0,1,0,0,0,0,0,1,Mutual Authentication Required,NT AUTHORITY\NetworkService
2026-02-25T02:31:13.028602Z,"{'#attributes': {'Qualifiers': 0}, '#text': 271}",DC01.pirate.htb,VMUpgradeHelper,Application,3870,4,,,,,,,,,,,,,,,,,,,,,,,,,,,,,,,,,,,,,,,,,,,,,,,,,,,,,,,,,,,,,,,,,,,,,,,,,,
2026-02-25T02:31:16.606729Z,"{'#attributes': {'Qualifiers': 0}, '#text': 102}",DC01.pirate.htb,ESENT,Application,3871,4,,,,,,,,,,,,certsrv.exe,"2744,P,98",,,,,,,,,,,,,,,0,10,00,17763,0000,,,,,,,,,,,,,,,,,,,,,,,,,,,,,,,,,,,,,,,,,,
2026-02-25T02:31:16.708399Z,"{'#attributes': {'Qualifiers': 0}, '#text': 105}",DC01.pirate.htb,ESENT,Application,3872,4,,,,,,,,,,,,certsrv.exe,"2744,D,0",,,,,,,,,,,,,,,0,0,"
[1] 0.001148 +J(0) +M(C:0K, Fs:135, WS:532K # 532K, PF:2412K # 2144K, P:2412K)
[2] 0.000691 +J(0) +M(C:3200K, Fs:161, WS:624K # 624K, PF:4108K # 4108K, P:4108K)
[3] 0.000021 +J(0) +M(C:0K, Fs:6, WS:24K # 24K, PF:64K # 64K, P:64K)
[4] 0.000103 +J(0) +M(C:0K, Fs:23, WS:92K # 92K, PF:496K # 496K, P:496K)
[5] 0.000547 +J(0) +M(C:0K, Fs:8, WS:32K # 32K, PF:20K # 20K, P:20K)
[6] 0.003330 +J(0) +M(C:0K, Fs:24, WS:92K # 92K, PF:12K # 12K, P:12K)
[7] 0.020601 -0.018372 (5) WT +J(0) +M(C:0K, Fs:274, WS:1096K # 1096K, PF:1024K # 1024K, P:1024K)
[8] -
[9] -
[10] -
[11] -
[12] -
[13] 0.080446 -0.074503 (6) WT +J(CM:0, PgRf:0, Rd:0/0, Dy:0/0, Lg:616/1) +M(C:0K, Fs:7, WS:-1004K # 16K, PF:-1020K # 12K, P:-1020K)
[14] 0.000026 +J(0) +M(C:0K, Fs:1, WS:4K # 0K, PF:0K # 0K, P:0K)
[15] 0.000199 +J(0) +M(C:0K, Fs:100, WS:400K # 0K, PF:64K # 0K, P:64K)
[16] 0.000591 -0.000276 (1) WT +J(0) +M(C:0K, Fs:3, WS:4K # 0K, PF:4K # 0K, P:4K).",,,,,,,,,,,,,,,,,,,,,,,,,,,,,,,,,,,,,,,,,,,,
2026-02-25T02:31:16.716111Z,"{'#attributes': {'Qualifiers': 0}, '#text': 326}",DC01.pirate.htb,ESENT,Application,3873,4,,,,,,,,,,,,certsrv.exe,"2744,D,50",,,,,,,,,,,,,,,1,C:\Windows\system32\CertLog\pirate-DC01-CA.edb,0,"
[1] 0.000005 +J(0) +M(C:0K, Fs:1, WS:4K # 0K, PF:0K # 0K, P:0K)
[2] 0.002173 -0.001931 (1) WT +J(0) +M(C:0K, Fs:18, WS:8K # 0K, PF:4K # 0K, P:4K)
[3] 0.009601 -0.003584 (6) WT +J(CM:0, PgRf:0, Rd:0/0, Dy:0/0, Lg:3480/2) +M(C:0K, Fs:28, WS:104K # 0K, PF:156K # 0K, P:156K)
[4] 0.000107 +J(0)
[5] -
[6] -
[7] -
[8] 0.001048 -0.000773 (2) CM -0.000655 (2) WT +J(CM:2, PgRf:2, Rd:14/2, Dy:0/0, Lg:0/0) +M(C:0K, Fs:50, WS:200K # 0K, PF:128K # 0K, P:128K)
[9] 0.002219 -0.001961 (3) CM -0.001832 (3) WT +J(CM:3, PgRf:23, Rd:0/2, Dy:0/0, Lg:0/0) +M(C:0K, Fs:22, WS:88K # 0K, PF:196K # 0K, P:196K)
[10] 0.000505 -0.000347 (1) CM -0.000294 (1) WT +J(CM:1, PgRf:40, Rd:0/1, Dy:0/0, Lg:0/0) +M(C:0K, Fs:3, WS:12K # 0K, PF:64K # 0K, P:64K)
[11] 0.000015 +J(CM:0, PgRf:1, Rd:0/0, Dy:0/0, Lg:0/0) +M(C:0K, Fs:2, WS:8K # 0K, PF:0K # 0K, P:0K)
[12] 0.000050 +J(CM:0, PgRf:42, Rd:0/0, Dy:0/0, Lg:0/0)
[13] 0.0 +J(0)
[14] 0.0 +J(0)
[15] 0.000005 +J(CM:0, PgRf:1, Rd:0/0, Dy:0/0, Lg:0/0).",0 0,lgposAttach = 00000002:00C2:0268,,,,,,,,,,,,,,,,,,,,,,,,,,,,,,,,,,,,,,,,,
2026-02-25T02:31:16.344523Z,91,DC01.pirate.htb,Microsoft-Windows-CertificationAuthority,Application,3874,2,,,,,,,,,,,,,,,,,,,,,,,,,,,,,,,,,,,,,,,,,,,,,MSG_E_DS_RETRY,,,,,,,,,,,,,,,,,,,,,,,,,,,,,
2026-02-25T02:31:16.999470Z,94,DC01.pirate.htb,Microsoft-Windows-CertificationAuthority,Application,3875,3,,,,,,pirate-DC01-CA,,,,,,,,,,,,,,,,,,,,,,,,,,,,,,,,,,,,,,,,,,,,,,,,,,,,MSG_CA_CERT_NO_AUTH_STORE,,,,,,,,,,,,,,,,
2026-02-25T02:31:17.094197Z,44,DC01.pirate.htb,Microsoft-Windows-CertificationAuthority,Application,3876,2,,,,,,,,,,,,,,,,,,,,,,,,,,,,,,,,,,,,0x8007054b (1355),,The specified domain either does not exist or could not be contacted.,,,,,,Initialize,,,,Windows default,,,,,,,,,,MSG_E_POLICY_ERROR,,,,,,,,,,,"The Active Directory containing the Certification Authority could not be contacted.
",,,,,
2026-02-25T02:31:17.106662Z,26,DC01.pirate.htb,Microsoft-Windows-CertificationAuthority,Application,3877,4,,,,,,pirate-DC01-CA,,,,  DC=,,,,,,,,,,,,,,,,,,,,,,,,,,,,,,,,,,,,,,,,,,,,,,,,MSG_I_SERVER_STARTED,,,,,,,,,,,,,,,,
2026-02-25T02:31:32.325491Z,"{'#attributes': {'Qualifiers': 32768}, '#text': 6003}",DC01.pirate.htb,Microsoft-Windows-Winlogon,Application,3878,4,,,,D9060000,,,,,,,SessionEnv,,,,,,,,,,,,,,,,,,,,,,,,,,,,,,,,,,,,,,,,,,,,,,,,,,,,,,,,,,,,,,,
2026-02-25T02:31:32.966107Z,"{'#attributes': {'Qualifiers': 32768}, '#text': 6000}",DC01.pirate.htb,Microsoft-Windows-Winlogon,Application,3879,4,,,,D9060000,,,,,,,SessionEnv,,,,,,,,,,,,,,,,,,,,,,,,,,,,,,,,,,,,,,,,,,,,,,,,,,,,,,,,,,,,,,,
2026-02-25T02:33:12.590170Z,"{'#attributes': {'Qualifiers': 16384}, '#text': 900}",DC01.pirate.htb,Microsoft-Windows-Security-SPP,Application,3880,4,,,,,,,,,,,<explicit>,,,,,,,,,,,,,,,,,,,,,,,,,,,,,,,,,,,,,,,,,,,,,,,,,,,,,,,,,,,,,,,
2026-02-25T02:33:13.043297Z,"{'#attributes': {'Qualifiers': 49152}, '#text': 16394}",DC01.pirate.htb,Microsoft-Windows-Security-SPP,Application,3881,4,,,,,,,,,,,,,,,,,,,,,,,,,,,,,,,,,,,,,,,,,,,,,,,,,,,,,,,,,,,,,,,,,,,,,,,,,,
2026-02-25T02:33:13.168303Z,"{'#attributes': {'Qualifiers': 16384}, '#text': 1066}",DC01.pirate.htb,Microsoft-Windows-Security-SPP,Application,3882,4,,,,,,,,,,,"C:\Windows\system32\sppwinob.dll, msft:spp/windowsfunctionality/agent/7.0, 0x00000000, 0x00000000
C:\Windows\system32\sppobjs.dll, msft:rm/algorithm/inherited/1.0, 0x00000000, 0x00000000
C:\Windows\system32\sppobjs.dll, msft:rm/algorithm/phone/1.0, 0x00000000, 0x00000000
C:\Windows\system32\sppobjs.dll, msft:rm/algorithm/pkey/detect, 0x00000000, 0x00000000
C:\Windows\system32\sppobjs.dll, msft:spp/ActionScheduler/1.0, 0x00000000, 0x00000000
C:\Windows\system32\sppobjs.dll, msft:spp/TaskScheduler/1.0, 0x00000000, 0x00000000
C:\Windows\system32\sppobjs.dll, msft:spp/statecollector/pkey, 0x00000000, 0x00000000
C:\Windows\system32\sppobjs.dll, msft:spp/volume/services/kms/1.0, 0x00000000, 0x00000000
C:\Windows\system32\sppobjs.dll, msft:spp/volume/services/kms/activationinfo/1.0, 0x00000000, 0x00000000
",,,,,,,,,,,,,,,,,,,,,,,,,,,,,,,,,,,,,,,,,,,,,,,,,,,,,,,,,,,,,,,
2026-02-25T02:33:13.433919Z,"{'#attributes': {'Qualifiers': 16384}, '#text': 1003}",DC01.pirate.htb,Microsoft-Windows-Security-SPP,Application,3883,4,,,,,,,,,,,,55c92734-d682-4d71-983e-d6ec3f16059f,"
1: 22105925-48c3-4ff4-a294-f654bb27e390, 1, 0 [(0 [0xC004F014, 0, 0], [(?)(?)(?)(?)(?)(?)(?)(?)])(1 )(2 )(3 )]
2: 281c216a-5957-439b-adf2-aff4098a2bdd, 1, 0 [(0 [0xC004F014, 0, 0], [(?)(?)(?)(?)(?)(?)(?)(?)])(1 )(2 )(3 )]
3: 2e7a9ad1-a849-4b56-babe-17d5a29fe4b4, 1, 0 [(0 [0xC004F014, 0, 0], [(?)(?)(?)(?)(?)(?)(?)(?)])(1 )(2 )(3 )]
4: 3c006fa7-3b03-45a4-93da-63ddc1bdce11, 1, 0 [(0 [0xC004F014, 0, 0], [(?)(?)(?)(?)(?)(?)(?)(?)])(1 )(2 )(3 )]
5: 4285bbda-6219-4c1a-98e9-859e60d669fb, 1, 0 [(0 [0xC004F014, 0, 0], [(?)(?)(?)(?)(?)(?)(?)(?)])(1 )(2 )(3 )]
6: 44a5b4c3-e4b1-483b-81e8-0f78f4d98283, 1, 0 [(0 [0xC004F014, 0, 0], [(?)(?)(?)(?)(?)(?)(?)(?)])(1 )(2 )(3 )]
7: 661f7658-7035-4b4c-9f35-010682943ec2, 1, 0 [(0 [0xC004F014, 0, 0], [(?)(?)(?)(?)(?)(?)(?)(?)])(1 )(2 )(3 )]
8: 6bad0243-1c35-46b2-b8e6-7a853e37413f, 1, 0 [(0 [0xC004F014, 0, 0], [(?)(?)(?)(?)(?)(?)(?)(?)])(1 )(2 )(3 )]
9: 82fcf64d-f9dd-4411-9c79-f2eed16d4eb8, 1, 0 [(0 [0xC004F014, 0, 0], [(?)(?)(?)(?)(?)(?)(?)(?)])(1 )(2 )(3 )]
10: 84e331f6-4279-48c4-ab10-b75139181351, 1, 0 [(0 [0xC004F014, 0, 0], [(?)(?)(?)(?)(?)(?)(?)(?)])(1 )(2 )(3 )]
11: 8ea56c31-fe6e-4d56-9d17-8dc1ab35dd8b, 1, 0 [(0 [0xC004F014, 0, 0], [(?)(?)(?)(?)(?)(?)(?)(?)])(1 )(2 )(3 )]
12: 92114319-12ea-4bca-9d63-8740de9feff3, 1, 1 [(0 )(1 [0x00000000, 1, 0], [(?)( 1 0x00000000)(?)( 2 0x00000000 0 0 msft:rm/algorithm/phone/1.0 0x00000000 0)(?)(?)( 10 0x00000000 msft:rm/algorithm/flags/1.0)(?)])(2 )(3 )]
13: 9db83b52-9904-4326-8957-ebe6feedf37c, 1, 0 [(0 [0xC004F014, 0, 0], [(?)(?)(?)(?)(?)(?)(?)(?)])(1 )(2 )(3 )]
14: c2d23e1f-ee3e-4533-9094-e6dc0b8aa049, 1, 0 [(0 [0xC004F014, 0, 0], [(?)(?)(?)(?)(?)(?)(?)(?)])(1 )(2 )(3 )]
15: d07edbd8-02cb-49b1-8358-f2de7afd8a4d, 1, 0 [(0 [0xC004F014, 0, 0], [(?)(?)(?)(?)(?)(?)(?)(?)])(1 )(2 )(3 )]
16: de32eafd-aaee-4662-9444-c1befb41bde2, 1, 0 [(0 [0xC004F014, 0, 0], [(?)(?)(?)(?)(?)(?)(?)(?)])(1 )(2 )(3 )]
17: e73aabfa-12bc-4705-b551-2dd076bebc7d, 1, 0 [(0 [0xC004F014, 0, 0], [(?)(?)(?)(?)(?)(?)(?)(?)])(1 )(2 )(3 )]
18: e936f630-5125-4a39-b1de-544d6c036491, 1, 0 [(0 [0xC004F014, 0, 0], [(?)(?)(?)(?)(?)(?)(?)(?)])(1 )(2 )(3 )]
19: fd946594-6f0d-4c5c-9bf7-f5f628ecd0b9, 1, 0 [(0 [0xC004F014, 0, 0], [(?)(?)(?)(?)(?)(?)(?)(?)])(1 )(2 )(3 )]

",,,,,,,,,,,,,,,,,,,,,,,,,,,,,,,,,,,,,,,,,,,,,,,,,,,,,,,,,,,,,
2026-02-25T02:33:13.574554Z,"{'#attributes': {'Qualifiers': 16384}, '#text': 902}",DC01.pirate.htb,Microsoft-Windows-Security-SPP,Application,3884,0,,,,,,,,,,,10.0.17763.8385,,,,,,,,,,,,,,,,,,,,,,,,,,,,,,,,,,,,,,,,,,,,,,,,,,,,,,,,,,,,,,,
2026-02-25T02:33:43.617254Z,"{'#attributes': {'Qualifiers': 16384}, '#text': 16384}",DC01.pirate.htb,Microsoft-Windows-Security-SPP,Application,3885,4,,,,,,,,,,,,2126-02-01T02:33:43Z,RulesEngine,,,,,,,,,,,,,,,,,,,,,,,,,,,,,,,,,,,,,,,,,,,,,,,,,,,,,,,,,,,,,
2026-02-25T02:33:43.632882Z,"{'#attributes': {'Qualifiers': 16384}, '#text': 903}",DC01.pirate.htb,Microsoft-Windows-Security-SPP,Application,3886,0,,,,,,,,,,,,,,,,,,,,,,,,,,,,,,,,,,,,,,,,,,,,,,,,,,,,,,,,,,,,,,,,,,,,,,,,,,
2026-02-25T02:34:15.159260Z,"{'#attributes': {'Qualifiers': 0}, '#text': 8224}",DC01.pirate.htb,VSS,Application,3887,4,,,,2D20436F64653A2020434F525356434330303030303737332D2043616C6C3A2020434F525356434330303030303735352D205049443A202030303030343233362D205449443A202030303030343235362D20434D443A2020433A5C57696E646F77735C73797374656D33325C76737376632E6578652020202D20557365723A204E616D653A204E5420415554484F524954595C53595354454D2C205349443A532D312D352D313820,,,,,,,,,,,,,,,,,,,,,,,,,,,,,,,,,,,,,,,,,,,,,,,,,,,,,,,,,,,,,,,,,,,,,,
2026-02-25T02:34:35.560089Z,"{'#attributes': {'Qualifiers': 49152}, '#text': 16394}",DC01.pirate.htb,Microsoft-Windows-Security-SPP,Application,3888,4,,,,,,,,,,,,,,,,,,,,,,,,,,,,,,,,,,,,,,,,,,,,,,,,,,,,,,,,,,,,,,,,,,,,,,,,,,
2026-02-25T02:34:35.888177Z,"{'#attributes': {'Qualifiers': 32768}, '#text': 1017}",DC01.pirate.htb,Microsoft-Windows-Security-SPP,Application,3889,2,,,,,,,,,,,,0xC004E016,XQCG4,,,,,,,,,,,?,,,,?,,,,,,,,,,,,,,,,,,,,,,,,,,,,,,,,,,,,,,,,,,,,,,
2026-02-25T02:34:53.491264Z,"{'#attributes': {'Qualifiers': 32768}, '#text': 1017}",DC01.pirate.htb,Microsoft-Windows-Security-SPP,Application,3890,2,,,,,,,,,,,,0xC004E016,XQCG4,,,,,,,,,,,?,,,,?,,,,,,,,,,,,,,,,,,,,,,,,,,,,,,,,,,,,,,,,,,,,,,
2026-02-25T02:35:02.098100Z,1001,DC01.pirate.htb,Microsoft-Windows-LoadPerf,Application,3891,4,,,,,,,,,,,,,,,,,,,,,,,,,,,,,,,,,,,,,,,,,,,,,,,,,,,,,,,,,,,LoadPerf,3837000039370000D2050000,12,,WmiApRpl,,,,WmiApRpl,,,,,,,
2026-02-25T02:35:02.157072Z,1000,DC01.pirate.htb,Microsoft-Windows-LoadPerf,Application,3892,4,,,,,,,,,,,,,,,,,,,,,,,,,,,,,,,,,,,,,,,,,,,,,,,,,,,,,,,,,,,LoadPerf,3A3700000A3800003B3700000B380000,16,,WmiApRpl,,,,WmiApRpl,,,,,,,
2026-02-25T02:35:21.652140Z,"{'#attributes': {'Qualifiers': 16384}, '#text': 1016}",DC01.pirate.htb,Microsoft-Windows-Security-SPP,Application,3893,4,,,,,,,,,,,,92114319-12ea-4bca-9d63-8740de9feff3,e0738a30-925e-dbdd-7fa8-db06910168ac,,,,,,,,,,,,,,,,,,,,,,,,,,,,,,,,,,,,,,,,,,,,,,,,,,,,,,,,,,,,,
2026-02-25T02:35:22.152138Z,"{'#attributes': {'Qualifiers': 16384}, '#text': 1034}",DC01.pirate.htb,Microsoft-Windows-Security-SPP,Application,3894,4,,,,,,,,,,,,AAD-WindowsCore-AddAccountRestrictions,100,,,,,,,,,,,,,,,,,,,,,,,,,,,,,,,,,,,,,,,,,,,,,,,,,,,,,,,,,,,,,
2026-02-25T02:35:22.183398Z,"{'#attributes': {'Qualifiers': 16384}, '#text': 1034}",DC01.pirate.htb,Microsoft-Windows-Security-SPP,Application,3895,4,,,,,,,,,,,,Security-SPP-WriteWauMarker,500,,,,,,,,,,,,,,,,,,,,,,,,,,,,,,,,,,,,,,,,,,,,,,,,,,,,,,,,,,,,,
2026-02-25T02:35:22.183398Z,"{'#attributes': {'Qualifiers': 16384}, '#text': 1033}",DC01.pirate.htb,Microsoft-Windows-Security-SPP,Application,3896,4,,,,,,,,,,,,(Security-SPP-Reserved-EnableNotificationMode) ,55c92734-d682-4d71-983e-d6ec3f16059f,,,,,,,,,,,92114319-12ea-4bca-9d63-8740de9feff3,,,,,,,,,,,,,,,,,,,,,,,,,,,,,,,,,,,,,,,,,,,,,,,,,,
2026-02-25T02:35:22.245923Z,"{'#attributes': {'Qualifiers': 16384}, '#text': 1003}",DC01.pirate.htb,Microsoft-Windows-Security-SPP,Application,3897,4,,,,,,,,,,,,55c92734-d682-4d71-983e-d6ec3f16059f,"
1: 22105925-48c3-4ff4-a294-f654bb27e390, 1, 0 [(0 [0xC004F014, 0, 0], [(?)(?)(?)(?)(?)(?)(?)(?)])(1 )(2 )(3 )]
2: 281c216a-5957-439b-adf2-aff4098a2bdd, 1, 0 [(0 [0xC004F014, 0, 0], [(?)(?)(?)(?)(?)(?)(?)(?)])(1 )(2 )(3 )]
3: 2e7a9ad1-a849-4b56-babe-17d5a29fe4b4, 1, 0 [(0 [0xC004F014, 0, 0], [(?)(?)(?)(?)(?)(?)(?)(?)])(1 )(2 )(3 )]
4: 3c006fa7-3b03-45a4-93da-63ddc1bdce11, 1, 0 [(0 [0xC004F014, 0, 0], [(?)(?)(?)(?)(?)(?)(?)(?)])(1 )(2 )(3 )]
5: 4285bbda-6219-4c1a-98e9-859e60d669fb, 1, 0 [(0 [0xC004F014, 0, 0], [(?)(?)(?)(?)(?)(?)(?)(?)])(1 )(2 )(3 )]
6: 44a5b4c3-e4b1-483b-81e8-0f78f4d98283, 1, 0 [(0 [0xC004F014, 0, 0], [(?)(?)(?)(?)(?)(?)(?)(?)])(1 )(2 )(3 )]
7: 661f7658-7035-4b4c-9f35-010682943ec2, 1, 0 [(0 [0xC004F014, 0, 0], [(?)(?)(?)(?)(?)(?)(?)(?)])(1 )(2 )(3 )]
8: 6bad0243-1c35-46b2-b8e6-7a853e37413f, 1, 0 [(0 [0xC004F014, 0, 0], [(?)(?)(?)(?)(?)(?)(?)(?)])(1 )(2 )(3 )]
9: 82fcf64d-f9dd-4411-9c79-f2eed16d4eb8, 1, 0 [(0 [0xC004F014, 0, 0], [(?)(?)(?)(?)(?)(?)(?)(?)])(1 )(2 )(3 )]
10: 84e331f6-4279-48c4-ab10-b75139181351, 1, 0 [(0 [0xC004F014, 0, 0], [(?)(?)(?)(?)(?)(?)(?)(?)])(1 )(2 )(3 )]
11: 8ea56c31-fe6e-4d56-9d17-8dc1ab35dd8b, 1, 0 [(0 [0xC004F014, 0, 0], [(?)(?)(?)(?)(?)(?)(?)(?)])(1 )(2 )(3 )]
12: 92114319-12ea-4bca-9d63-8740de9feff3, 1, 0 [(0 )(1 [0x00000000, 1, 0], [(?)( 1 0x00000000)(?)( 2 0x00000000 0 0 msft:rm/algorithm/phone/1.0 0x00000000 0)(?)(?)( 10 0x00000000 msft:rm/algorithm/flags/1.0)(?)])(2 )(3 )]
13: 9db83b52-9904-4326-8957-ebe6feedf37c, 1, 0 [(0 [0xC004F014, 0, 0], [(?)(?)(?)(?)(?)(?)(?)(?)])(1 )(2 )(3 )]
14: c2d23e1f-ee3e-4533-9094-e6dc0b8aa049, 1, 0 [(0 [0xC004F014, 0, 0], [(?)(?)(?)(?)(?)(?)(?)(?)])(1 )(2 )(3 )]
15: d07edbd8-02cb-49b1-8358-f2de7afd8a4d, 1, 0 [(0 [0xC004F014, 0, 0], [(?)(?)(?)(?)(?)(?)(?)(?)])(1 )(2 )(3 )]
16: de32eafd-aaee-4662-9444-c1befb41bde2, 1, 0 [(0 [0xC004F014, 0, 0], [(?)(?)(?)(?)(?)(?)(?)(?)])(1 )(2 )(3 )]
17: e73aabfa-12bc-4705-b551-2dd076bebc7d, 1, 0 [(0 [0xC004F014, 0, 0], [(?)(?)(?)(?)(?)(?)(?)(?)])(1 )(2 )(3 )]
18: e936f630-5125-4a39-b1de-544d6c036491, 1, 0 [(0 [0xC004F014, 0, 0], [(?)(?)(?)(?)(?)(?)(?)(?)])(1 )(2 )(3 )]
19: fd946594-6f0d-4c5c-9bf7-f5f628ecd0b9, 1, 0 [(0 [0xC004F014, 0, 0], [(?)(?)(?)(?)(?)(?)(?)(?)])(1 )(2 )(3 )]

",,,,,,,,,,,,,,,,,,,,,,,,,,,,,,,,,,,,,,,,,,,,,,,,,,,,,,,,,,,,,
2026-02-25T02:35:28.060511Z,"{'#attributes': {'Qualifiers': 49152}, '#text': 8197}",DC01.pirate.htb,Microsoft-Windows-Security-SPP,Application,3898,4,,,,,,,,,,,4,,,,,,,,,,,,,,,,,,,,,,,,,,,,,,,,,,,,,,,,,,,,,,,,,,,,,,,,,,,,,,,
2026-02-25T02:36:17.641619Z,"{'#attributes': {'Qualifiers': 0}, '#text': 102}",DC01.pirate.htb,ESENT,Application,3899,4,,,,,,,,,,,,DFSRs,"2816,P,98",,,,,,,,,,,\\.\C:\System Volume Information\DFSR\database_EEE2_E7CF_32B5_74E\dfsr.db: ,,,,0,10,00,17763,0000,,,,,,,,,,,,,,,,,,,,,,,,,,,,,,,,,,,,,,,,,,
2026-02-25T02:36:17.735377Z,"{'#attributes': {'Qualifiers': 0}, '#text': 105}",DC01.pirate.htb,ESENT,Application,3900,4,,,,,,,,,,,,DFSRs,"2816,D,0",,,,,,,,,,,\\.\C:\System Volume Information\DFSR\database_EEE2_E7CF_32B5_74E\dfsr.db: ,,,,0,0,"
[1] 0.005418 +J(0) +M(C:0K, Fs:253, WS:996K # 996K, PF:6368K # 6244K, P:6368K)
[2] 0.000358 +J(0) +M(C:16K, Fs:96, WS:376K # 376K, PF:316K # 316K, P:316K)
[3] 0.000019 +J(0) +M(C:0K, Fs:4, WS:16K # 16K, PF:64K # 64K, P:64K)
[4] 0.000212 +J(0) +M(C:2032K, Fs:37, WS:140K # 140K, PF:2436K # 2436K, P:2436K)
[5] 0.000671 +J(0) +M(C:0K, Fs:9, WS:36K # 36K, PF:24K # 24K, P:24K)
[6] 0.002376 +J(0) +M(C:0K, Fs:17, WS:64K # 64K, PF:12K # 12K, P:12K)
[7] 0.041000 -0.035721 (21) WT +J(0) +M(C:0K, Fs:1300, WS:5192K # 5192K, PF:5132K # 5132K, P:5132K)
[8] -
[9] -
[10] -
[11] -
[12] -
[13] 0.039568 -0.032736 (22) WT +J(CM:0, PgRf:0, Rd:0/0, Dy:0/0, Lg:616/1) +M(C:0K, Fs:7, WS:-5100K # 16K, PF:-5124K # 12K, P:-5124K)
[14] 0.000028 +J(0) +M(C:0K, Fs:2, WS:8K # 0K, PF:0K # 0K, P:0K)
[15] 0.000189 +J(0) +M(C:0K, Fs:64, WS:256K # 0K, PF:64K # 0K, P:64K)
[16] 0.000484 -0.000306 (1) WT +J(0) +M(C:0K, Fs:2, WS:0K # 0K, PF:0K # 0K, P:0K).",,,,,,,,,,,,,,,,,,,,,,,,,,,,,,,,,,,,,,,,,,,,
2026-02-25T02:36:17.751036Z,"{'#attributes': {'Qualifiers': 0}, '#text': 326}",DC01.pirate.htb,ESENT,Application,3901,4,,,,,,,,,,,,DFSRs,"2816,D,50",,,,,,,,,,,\\.\C:\System Volume Information\DFSR\database_EEE2_E7CF_32B5_74E\dfsr.db: ,,,,1,\\.\C:\System Volume Information\DFSR\database_EEE2_E7CF_32B5_74E\dfsr.db,0,"
[1] 0.000006 +J(0) +M(C:0K, Fs:1, WS:4K # 0K, PF:0K # 0K, P:0K)
[2] 0.002165 -0.001908 (1) WT +J(0) +M(C:0K, Fs:20, WS:16K # 0K, PF:12K # 0K, P:12K)
[3] 0.008715 -0.004096 (6) WT +J(CM:0, PgRf:0, Rd:0/0, Dy:0/0, Lg:3480/2) +M(C:0K, Fs:28, WS:104K # 0K, PF:140K # 0K, P:140K)
[4] 0.000104 +J(0)
[5] -
[6] -
[7] -
[8] 0.000960 -0.000560 (2) CM -0.000452 (2) WT +J(CM:2, PgRf:2, Rd:14/2, Dy:0/0, Lg:0/0) +M(C:-8K, Fs:68, WS:264K # 0K, PF:120K # 0K, P:120K)
[9] 0.001753 -0.001494 (2) CM -0.001434 (2) WT +J(CM:2, PgRf:23, Rd:0/1, Dy:0/0, Lg:0/0) +M(C:-12K, Fs:25, WS:72K # 0K, PF:192K # 0K, P:192K)
[10] 0.000513 -0.000397 (1) CM -0.000347 (1) WT +J(CM:1, PgRf:40, Rd:0/1, Dy:0/0, Lg:0/0) +M(C:-4K, Fs:4, WS:12K # 0K, PF:60K # 0K, P:60K)
[11] 0.000014 +J(CM:0, PgRf:1, Rd:0/0, Dy:0/0, Lg:0/0) +M(C:0K, Fs:2, WS:8K # 0K, PF:0K # 0K, P:0K)
[12] 0.000032 +J(CM:0, PgRf:36, Rd:0/0, Dy:0/0, Lg:0/0)
[13] 0.0 +J(0)
[14] 0.0 +J(0)
[15] 0.000005 +J(CM:0, PgRf:1, Rd:0/0, Dy:0/0, Lg:0/0).",0 0,lgposAttach = 0000000E:02CE:0268,,,,,,,,,,,,,,,,,,,,,,,,,,,,,,,,,,,,,,,,,
2026-02-25T02:37:52.194515Z,"{'#attributes': {'Qualifiers': 16384}, '#text': 1072}",DC01.pirate.htb,Microsoft-Windows-Security-SPP,Application,3902,0,,,,,,,,,,,92114319-12ea-4bca-9d63-8740de9feff3,,,,,,,,,,,,,,,,,,,,,,,,,,,,,,,,,,,,,,,,,,,,,,,,,,,,,,,,,,,,,,,
2026-02-25T02:37:52.772627Z,"{'#attributes': {'Qualifiers': 16384}, '#text': 1034}",DC01.pirate.htb,Microsoft-Windows-Security-SPP,Application,3903,4,,,,,,,,,,,,AAD-WindowsCore-AddAccountRestrictions,100,,,,,,,,,,,,,,,,,,,,,,,,,,,,,,,,,,,,,,,,,,,,,,,,,,,,,,,,,,,,,
2026-02-25T02:37:52.803877Z,"{'#attributes': {'Qualifiers': 16384}, '#text': 1034}",DC01.pirate.htb,Microsoft-Windows-Security-SPP,Application,3904,4,,,,,,,,,,,,Security-SPP-WriteWauMarker,500,,,,,,,,,,,,,,,,,,,,,,,,,,,,,,,,,,,,,,,,,,,,,,,,,,,,,,,,,,,,,
2026-02-25T02:37:52.803877Z,"{'#attributes': {'Qualifiers': 16384}, '#text': 1033}",DC01.pirate.htb,Microsoft-Windows-Security-SPP,Application,3905,4,,,,,,,,,,,,(Security-SPP-Reserved-EnableNotificationMode) ,55c92734-d682-4d71-983e-d6ec3f16059f,,,,,,,,,,,92114319-12ea-4bca-9d63-8740de9feff3,,,,,,,,,,,,,,,,,,,,,,,,,,,,,,,,,,,,,,,,,,,,,,,,,,
2026-02-25T02:37:52.866360Z,"{'#attributes': {'Qualifiers': 16384}, '#text': 1003}",DC01.pirate.htb,Microsoft-Windows-Security-SPP,Application,3906,4,,,,,,,,,,,,55c92734-d682-4d71-983e-d6ec3f16059f,"
1: 22105925-48c3-4ff4-a294-f654bb27e390, 1, 0 [(0 [0xC004F014, 0, 0], [(?)(?)(?)(?)(?)(?)(?)(?)])(1 )(2 )(3 )]
2: 281c216a-5957-439b-adf2-aff4098a2bdd, 1, 0 [(0 [0xC004F014, 0, 0], [(?)(?)(?)(?)(?)(?)(?)(?)])(1 )(2 )(3 )]
3: 2e7a9ad1-a849-4b56-babe-17d5a29fe4b4, 1, 0 [(0 [0xC004F014, 0, 0], [(?)(?)(?)(?)(?)(?)(?)(?)])(1 )(2 )(3 )]
4: 3c006fa7-3b03-45a4-93da-63ddc1bdce11, 1, 0 [(0 [0xC004F014, 0, 0], [(?)(?)(?)(?)(?)(?)(?)(?)])(1 )(2 )(3 )]
5: 4285bbda-6219-4c1a-98e9-859e60d669fb, 1, 0 [(0 [0xC004F014, 0, 0], [(?)(?)(?)(?)(?)(?)(?)(?)])(1 )(2 )(3 )]
6: 44a5b4c3-e4b1-483b-81e8-0f78f4d98283, 1, 0 [(0 [0xC004F014, 0, 0], [(?)(?)(?)(?)(?)(?)(?)(?)])(1 )(2 )(3 )]
7: 661f7658-7035-4b4c-9f35-010682943ec2, 1, 0 [(0 [0xC004F014, 0, 0], [(?)(?)(?)(?)(?)(?)(?)(?)])(1 )(2 )(3 )]
8: 6bad0243-1c35-46b2-b8e6-7a853e37413f, 1, 0 [(0 [0xC004F014, 0, 0], [(?)(?)(?)(?)(?)(?)(?)(?)])(1 )(2 )(3 )]
9: 82fcf64d-f9dd-4411-9c79-f2eed16d4eb8, 1, 0 [(0 [0xC004F014, 0, 0], [(?)(?)(?)(?)(?)(?)(?)(?)])(1 )(2 )(3 )]
10: 84e331f6-4279-48c4-ab10-b75139181351, 1, 0 [(0 [0xC004F014, 0, 0], [(?)(?)(?)(?)(?)(?)(?)(?)])(1 )(2 )(3 )]
11: 8ea56c31-fe6e-4d56-9d17-8dc1ab35dd8b, 1, 0 [(0 [0xC004F014, 0, 0], [(?)(?)(?)(?)(?)(?)(?)(?)])(1 )(2 )(3 )]
12: 92114319-12ea-4bca-9d63-8740de9feff3, 1, 0 [(0 )(1 [0x00000000, 1, 0], [(?)( 1 0x00000000)(?)( 2 0x00000000 0 0 msft:rm/algorithm/phone/1.0 0x00000000 0)(?)(?)( 10 0x00000000 msft:rm/algorithm/flags/1.0)(?)])(2 )(3 )]
13: 9db83b52-9904-4326-8957-ebe6feedf37c, 1, 0 [(0 [0xC004F014, 0, 0], [(?)(?)(?)(?)(?)(?)(?)(?)])(1 )(2 )(3 )]
14: c2d23e1f-ee3e-4533-9094-e6dc0b8aa049, 1, 0 [(0 [0xC004F014, 0, 0], [(?)(?)(?)(?)(?)(?)(?)(?)])(1 )(2 )(3 )]
15: d07edbd8-02cb-49b1-8358-f2de7afd8a4d, 1, 0 [(0 [0xC004F014, 0, 0], [(?)(?)(?)(?)(?)(?)(?)(?)])(1 )(2 )(3 )]
16: de32eafd-aaee-4662-9444-c1befb41bde2, 1, 0 [(0 [0xC004F014, 0, 0], [(?)(?)(?)(?)(?)(?)(?)(?)])(1 )(2 )(3 )]
17: e73aabfa-12bc-4705-b551-2dd076bebc7d, 1, 0 [(0 [0xC004F014, 0, 0], [(?)(?)(?)(?)(?)(?)(?)(?)])(1 )(2 )(3 )]
18: e936f630-5125-4a39-b1de-544d6c036491, 1, 0 [(0 [0xC004F014, 0, 0], [(?)(?)(?)(?)(?)(?)(?)(?)])(1 )(2 )(3 )]
19: fd946594-6f0d-4c5c-9bf7-f5f628ecd0b9, 1, 0 [(0 [0xC004F014, 0, 0], [(?)(?)(?)(?)(?)(?)(?)(?)])(1 )(2 )(3 )]

",,,,,,,,,,,,,,,,,,,,,,,,,,,,,,,,,,,,,,,,,,,,,,,,,,,,,,,,,,,,,
2026-02-25T02:37:53.100738Z,"{'#attributes': {'Qualifiers': 16384}, '#text': 1003}",DC01.pirate.htb,Microsoft-Windows-Security-SPP,Application,3907,4,,,,,,,,,,,,55c92734-d682-4d71-983e-d6ec3f16059f,"
1: 92114319-12ea-4bca-9d63-8740de9feff3, 1, 1 [(0 )(1 [0x00000000, 1, 0], [(?)( 1 0x00000000)(?)( 2 0x00000000 0 0 msft:rm/algorithm/phone/1.0 0x00000000 0)(?)(?)( 10 0x00000000 msft:rm/algorithm/flags/1.0)(?)])(2 )(3 )]

",,,,,,,,,,,,,,,,,,,,,,,,,,,,,,,,,,,,,,,,,,,,,,,,,,,,,,,,,,,,,
2026-02-25T02:38:27.862779Z,"{'#attributes': {'Qualifiers': 16384}, '#text': 16384}",DC01.pirate.htb,Microsoft-Windows-Security-SPP,Application,3908,4,,,,,,,,,,,,2126-02-01T02:38:23Z,RulesEngine,,,,,,,,,,,,,,,,,,,,,,,,,,,,,,,,,,,,,,,,,,,,,,,,,,,,,,,,,,,,,
2026-02-25T02:51:11.696756Z,"{'#attributes': {'Qualifiers': 32768}, '#text': 6000}",DC01.pirate.htb,Microsoft-Windows-Winlogon,Application,3909,4,,,,D9060000,,,,,,,WSearch,,,,,,,,,,,,,,,,,,,,,,,,,,,,,,,,,,,,,,,,,,,,,,,,,,,,,,,,,,,,,,,
2026-02-25T02:51:11.899898Z,"{'#attributes': {'Qualifiers': 32768}, '#text': 6000}",DC01.pirate.htb,Microsoft-Windows-Winlogon,Application,3910,4,,,,D9060000,,,,,,,SessionEnv,,,,,,,,,,,,,,,,,,,,,,,,,,,,,,,,,,,,,,,,,,,,,,,,,,,,,,,,,,,,,,,
2026-02-25T02:51:28.400000Z,"{'#attributes': {'Qualifiers': 0}, '#text': 260}",DC01.pirate.htb,VMUpgradeHelper,Application,3911,4,,,,,,,,,,,,,,,,,,,,,,,,,,,,,,,,,,,,,,,,,,,,,,,,,,,,,,,,,,,,,,,,,,,,,,,,,,
2026-02-25T02:51:28.400000Z,"{'#attributes': {'Qualifiers': 0}, '#text': 272}",DC01.pirate.htb,VMUpgradeHelper,Application,3912,4,,,,,,,,,,,,,,,,,,,,,,,,,,,,,,,,,,,,,,,,,,,,,,,,,,,,,,,,,,,,,,,,,,,,,,,,,,
2026-02-25T02:51:28.400000Z,"{'#attributes': {'Qualifiers': 0}, '#text': 108}",DC01.pirate.htb,VMTools,Application,3913,4,,,,,,,,,,,,,,,,,,,,,,,,,,,,,,,,,,,,,,,,,,,,,,,,,,,,,,,,,,,,,,,,,,,,,,,,,,
2026-02-25T02:51:28.712499Z,"{'#attributes': {'Qualifiers': 16384}, '#text': 4111}",DC01.pirate.htb,Microsoft-Windows-MSDTC,Application,3914,4,,,,4D005300440054004300,,,,,,,,,,,,,,,,,,,,,,,,,,,,,,,,,,,,,,,,,,,,,,,,,,,,,,,,,,,,,,,,,,,,,,
2026-02-25T02:51:28.681230Z,1532,DC01.pirate.htb,Microsoft-Windows-User Profiles Service,Application,3915,4,,,,,,,,,,,,,,,,,,,,,,,,,,,,,,,,,,,,,,,,,,,,,,,,,,,,,,,,,,,,,,,,,,,,,,,,,,
2026-02-25T03:51:21.467041Z,"{'#attributes': {'Qualifiers': 16384}, '#text': 4625}",DC01,Microsoft-Windows-EventSystem,Application,3916,4,,,,,,,,,,,,,,,,,,,,,,,,,,,,,,,,,,,,,,,,,,,,,,,,,,,,,,,,,,,,,,,86400,,,,SuppressDuplicateDuration,Software\Microsoft\EventSystem\EventLog,,,,,,
2026-02-25T02:51:29.019769Z,38,DC01.pirate.htb,Microsoft-Windows-CertificationAuthority,Application,3917,4,,,,,,pirate-DC01-CA,,,,,,,,,,,,,,,,,,,,,,,,,,,,,,,,,,,,,,,,,,,,,,,,,,,,MSG_I_SERVER_STOPPED,,,,,,,,,,,,,,,,
2026-02-25T03:51:21.519165Z,1531,DC01.pirate.htb,Microsoft-Windows-User Profiles Service,Application,3918,4,,,,,,,,,,,,,,,,,,,,,,,,,,,,,,,,,,,,,,,,,,,,,,,,,,,,,,,,,,,,,,,,,,,,,,,,,,
2026-02-25T03:51:23.470335Z,5615,DC01.pirate.htb,Microsoft-Windows-WMI,Application,3919,4,,,,,,,,,,,,,,,,,,,,,,,,,,,,,,,,,,,,,,,,,,,,,,,,,,,,,,,,,,,,,,,,,,,,,,,,,,
2026-02-25T03:51:28.673429Z,5617,DC01.pirate.htb,Microsoft-Windows-WMI,Application,3920,4,,,,,,,,,,,,,,,,,,,,,,,,,,,,,,,,,,,,,,,,,,,,,,,,,,,,,,,,,,,,,,,,,,,,,,,,,,
2026-02-25T03:51:39.942289Z,"{'#attributes': {'Qualifiers': 0}, '#text': 105}",DC01.pirate.htb,VMTools,Application,3921,4,,,,,,,,,,,,,,,,,,,,,,,,,,,,,,,,,,,,,,,,,,,,,,,,,,,,,,,,,,,,,,,,,,,,,,,,,,
2026-02-25T03:51:40.442276Z,"{'#attributes': {'Qualifiers': 16384}, '#text': 9027}",DC01.pirate.htb,Desktop Window Manager,Application,3922,4,,,,,,,,,,,,,,,,,,,,,,,,,,,,,,,,,,,,,,,,,,,,,,,,,,,,,,,,,,,,,,,,,,,,,,,,,,
2026-02-25T03:51:41.145396Z,"{'#attributes': {'Qualifiers': 16384}, '#text': 781}",DC01.pirate.htb,Microsoft-Windows-Complus,Application,3923,4,,,,,,,,,,,,,,,,,,,,,,,,,,,,,,,,,,,,,,,,,,,,,,,,,,,,,,,,,,,,,,,86400,,,,SuppressDuplicateDuration,Software\Microsoft\COM3\Eventlog,,,,,,
2026-02-25T03:51:41.489154Z,"{'#attributes': {'Qualifiers': 0}, '#text': 258}",DC01.pirate.htb,VMUpgradeHelper,Application,3924,4,,,,,,,,,,,,,,,,,,,,,,,,,,,,,,,,,,,,,,,,,,,,,,,,,,,,,,,,,,,,,,,,,,,,,,,,,,
2026-02-25T03:51:42.305615Z,"{'#attributes': {'Qualifiers': 16384}, '#text': 4202}",DC01.pirate.htb,Microsoft-Windows-MSDTC 2,Application,3925,4,,,,,,,,,,,,,,,,,,,,,,,,,,,,,,,,,,,,,,,,,,,,,,,,,,,,,,,,,,,,,,,0,0,0,1,0,0,0,0,0,1,Mutual Authentication Required,NT AUTHORITY\NetworkService
2026-02-25T03:51:43.051648Z,"{'#attributes': {'Qualifiers': 0}, '#text': 271}",DC01.pirate.htb,VMUpgradeHelper,Application,3926,4,,,,,,,,,,,,,,,,,,,,,,,,,,,,,,,,,,,,,,,,,,,,,,,,,,,,,,,,,,,,,,,,,,,,,,,,,,
2026-02-25T03:51:57.707913Z,"{'#attributes': {'Qualifiers': 0}, '#text': 102}",DC01.pirate.htb,ESENT,Application,3927,4,,,,,,,,,,,,certsrv.exe,"2820,P,98",,,,,,,,,,,,,,,0,10,00,17763,0000,,,,,,,,,,,,,,,,,,,,,,,,,,,,,,,,,,,,,,,,,,
2026-02-25T03:51:57.786027Z,"{'#attributes': {'Qualifiers': 0}, '#text': 105}",DC01.pirate.htb,ESENT,Application,3928,4,,,,,,,,,,,,certsrv.exe,"2820,D,0",,,,,,,,,,,,,,,0,0,"
[1] 0.000905 +J(0) +M(C:0K, Fs:131, WS:516K # 516K, PF:2392K # 2124K, P:2392K)
[2] 0.000491 +J(0) +M(C:3200K, Fs:141, WS:544K # 544K, PF:4120K # 4120K, P:4120K)
[3] 0.000015 +J(0) +M(C:0K, Fs:3, WS:12K # 12K, PF:64K # 64K, P:64K)
[4] 0.000076 +J(0) +M(C:0K, Fs:19, WS:76K # 76K, PF:496K # 496K, P:496K)
[5] 0.000578 +J(0) +M(C:0K, Fs:37, WS:148K # 148K, PF:36K # 36K, P:36K)
[6] 0.005141 +J(0) +M(C:0K, Fs:24, WS:96K # 96K, PF:12K # 12K, P:12K)
[7] 0.059083 -0.056571 (5) WT +J(0) +M(C:0K, Fs:275, WS:1096K # 1096K, PF:1028K # 1028K, P:1028K)
[8] -
[9] -
[10] -
[11] -
[12] -
[13] 0.015960 -0.010437 (6) WT +J(CM:0, PgRf:0, Rd:0/0, Dy:0/0, Lg:616/1) +M(C:0K, Fs:7, WS:-1004K # 16K, PF:-1024K # 12K, P:-1024K)
[14] 0.000024 +J(0) +M(C:0K, Fs:1, WS:4K # 0K, PF:0K # 0K, P:0K)
[15] 0.000195 +J(0) +M(C:0K, Fs:101, WS:400K # 0K, PF:68K # 0K, P:68K)
[16] 0.000479 -0.000282 (1) WT +J(0) +M(C:0K, Fs:2, WS:0K # 0K, PF:0K # 0K, P:0K).",,,,,,,,,,,,,,,,,,,,,,,,,,,,,,,,,,,,,,,,,,,,
2026-02-25T03:51:57.801659Z,"{'#attributes': {'Qualifiers': 0}, '#text': 326}",DC01.pirate.htb,ESENT,Application,3929,4,,,,,,,,,,,,certsrv.exe,"2820,D,50",,,,,,,,,,,,,,,1,C:\Windows\system32\CertLog\pirate-DC01-CA.edb,0,"
[1] 0.000005 +J(0) +M(C:0K, Fs:1, WS:4K # 0K, PF:0K # 0K, P:0K)
[2] 0.002189 -0.001923 (1) WT +J(0) +M(C:0K, Fs:18, WS:8K # 0K, PF:4K # 0K, P:4K)
[3] 0.008391 -0.004243 (6) WT +J(CM:0, PgRf:0, Rd:0/0, Dy:0/0, Lg:3480/2) +M(C:0K, Fs:30, WS:112K # 0K, PF:144K # 0K, P:144K)
[4] 0.000105 +J(0)
[5] -
[6] -
[7] -
[8] 0.000810 -0.000569 (2) CM -0.000453 (2) WT +J(CM:2, PgRf:2, Rd:14/2, Dy:0/0, Lg:0/0) +M(C:0K, Fs:51, WS:204K # 0K, PF:128K # 0K, P:128K)
[9] 0.001685 -0.001423 (3) CM -0.001289 (3) WT +J(CM:3, PgRf:23, Rd:0/2, Dy:0/0, Lg:0/0) +M(C:0K, Fs:23, WS:92K # 0K, PF:196K # 0K, P:196K)
[10] 0.000430 -0.000307 (1) CM -0.000239 (1) WT +J(CM:1, PgRf:40, Rd:0/1, Dy:0/0, Lg:0/0) +M(C:0K, Fs:3, WS:12K # 0K, PF:64K # 0K, P:64K)
[11] 0.000015 +J(CM:0, PgRf:1, Rd:0/0, Dy:0/0, Lg:0/0) +M(C:0K, Fs:2, WS:8K # 0K, PF:0K # 0K, P:0K)
[12] 0.000049 +J(CM:0, PgRf:42, Rd:0/0, Dy:0/0, Lg:0/0)
[13] 0.0 +J(0)
[14] 0.0 +J(0)
[15] 0.000005 +J(CM:0, PgRf:1, Rd:0/0, Dy:0/0, Lg:0/0).",0 0,lgposAttach = 00000002:00CB:0268,,,,,,,,,,,,,,,,,,,,,,,,,,,,,,,,,,,,,,,,,
2026-02-25T03:51:58.224191Z,44,DC01.pirate.htb,Microsoft-Windows-CertificationAuthority,Application,3930,2,,,,,,,,,,,,,,,,,,,,,,,,,,,,,,,,,,,,0x8007054b (1355),,The specified domain either does not exist or could not be contacted.,,,,,,Initialize,,,,Windows default,,,,,,,,,,MSG_E_POLICY_ERROR,,,,,,,,,,,"The Active Directory containing the Certification Authority could not be contacted.
",,,,,
2026-02-25T03:51:58.236162Z,26,DC01.pirate.htb,Microsoft-Windows-CertificationAuthority,Application,3931,4,,,,,,pirate-DC01-CA,,,,  DC=,,,,,,,,,,,,,,,,,,,,,,,,,,,,,,,,,,,,,,,,,,,,,,,,MSG_I_SERVER_STARTED,,,,,,,,,,,,,,,,
2026-02-25T03:52:31.692286Z,"{'#attributes': {'Qualifiers': 32768}, '#text': 6003}",DC01.pirate.htb,Microsoft-Windows-Winlogon,Application,3932,4,,,,D9060000,,,,,,,SessionEnv,,,,,,,,,,,,,,,,,,,,,,,,,,,,,,,,,,,,,,,,,,,,,,,,,,,,,,,,,,,,,,,
2026-02-25T03:52:33.270416Z,"{'#attributes': {'Qualifiers': 32768}, '#text': 6000}",DC01.pirate.htb,Microsoft-Windows-Winlogon,Application,3933,4,,,,D9060000,,,,,,,SessionEnv,,,,,,,,,,,,,,,,,,,,,,,,,,,,,,,,,,,,,,,,,,,,,,,,,,,,,,,,,,,,,,,
2026-02-25T03:53:53.523880Z,"{'#attributes': {'Qualifiers': 16384}, '#text': 900}",DC01.pirate.htb,Microsoft-Windows-Security-SPP,Application,3934,4,,,,,,,,,,,<explicit>,,,,,,,,,,,,,,,,,,,,,,,,,,,,,,,,,,,,,,,,,,,,,,,,,,,,,,,,,,,,,,,
2026-02-25T03:53:53.978097Z,"{'#attributes': {'Qualifiers': 49152}, '#text': 16394}",DC01.pirate.htb,Microsoft-Windows-Security-SPP,Application,3935,4,,,,,,,,,,,,,,,,,,,,,,,,,,,,,,,,,,,,,,,,,,,,,,,,,,,,,,,,,,,,,,,,,,,,,,,,,,
2026-02-25T03:53:54.103101Z,"{'#attributes': {'Qualifiers': 16384}, '#text': 1066}",DC01.pirate.htb,Microsoft-Windows-Security-SPP,Application,3936,4,,,,,,,,,,,"C:\Windows\system32\sppwinob.dll, msft:spp/windowsfunctionality/agent/7.0, 0x00000000, 0x00000000
C:\Windows\system32\sppobjs.dll, msft:rm/algorithm/inherited/1.0, 0x00000000, 0x00000000
C:\Windows\system32\sppobjs.dll, msft:rm/algorithm/phone/1.0, 0x00000000, 0x00000000
C:\Windows\system32\sppobjs.dll, msft:rm/algorithm/pkey/detect, 0x00000000, 0x00000000
C:\Windows\system32\sppobjs.dll, msft:spp/ActionScheduler/1.0, 0x00000000, 0x00000000
C:\Windows\system32\sppobjs.dll, msft:spp/TaskScheduler/1.0, 0x00000000, 0x00000000
C:\Windows\system32\sppobjs.dll, msft:spp/statecollector/pkey, 0x00000000, 0x00000000
C:\Windows\system32\sppobjs.dll, msft:spp/volume/services/kms/1.0, 0x00000000, 0x00000000
C:\Windows\system32\sppobjs.dll, msft:spp/volume/services/kms/activationinfo/1.0, 0x00000000, 0x00000000
",,,,,,,,,,,,,,,,,,,,,,,,,,,,,,,,,,,,,,,,,,,,,,,,,,,,,,,,,,,,,,,
2026-02-25T03:53:54.635051Z,"{'#attributes': {'Qualifiers': 16384}, '#text': 1003}",DC01.pirate.htb,Microsoft-Windows-Security-SPP,Application,3937,4,,,,,,,,,,,,55c92734-d682-4d71-983e-d6ec3f16059f,"
1: 22105925-48c3-4ff4-a294-f654bb27e390, 1, 0 [(0 [0xC004F014, 0, 0], [(?)(?)(?)(?)(?)(?)(?)(?)])(1 )(2 )(3 )]
2: 281c216a-5957-439b-adf2-aff4098a2bdd, 1, 0 [(0 [0xC004F014, 0, 0], [(?)(?)(?)(?)(?)(?)(?)(?)])(1 )(2 )(3 )]
3: 2e7a9ad1-a849-4b56-babe-17d5a29fe4b4, 1, 0 [(0 [0xC004F014, 0, 0], [(?)(?)(?)(?)(?)(?)(?)(?)])(1 )(2 )(3 )]
4: 3c006fa7-3b03-45a4-93da-63ddc1bdce11, 1, 0 [(0 [0xC004F014, 0, 0], [(?)(?)(?)(?)(?)(?)(?)(?)])(1 )(2 )(3 )]
5: 4285bbda-6219-4c1a-98e9-859e60d669fb, 1, 0 [(0 [0xC004F014, 0, 0], [(?)(?)(?)(?)(?)(?)(?)(?)])(1 )(2 )(3 )]
6: 44a5b4c3-e4b1-483b-81e8-0f78f4d98283, 1, 0 [(0 [0xC004F014, 0, 0], [(?)(?)(?)(?)(?)(?)(?)(?)])(1 )(2 )(3 )]
7: 661f7658-7035-4b4c-9f35-010682943ec2, 1, 0 [(0 [0xC004F014, 0, 0], [(?)(?)(?)(?)(?)(?)(?)(?)])(1 )(2 )(3 )]
8: 6bad0243-1c35-46b2-b8e6-7a853e37413f, 1, 0 [(0 [0xC004F014, 0, 0], [(?)(?)(?)(?)(?)(?)(?)(?)])(1 )(2 )(3 )]
9: 82fcf64d-f9dd-4411-9c79-f2eed16d4eb8, 1, 0 [(0 [0xC004F014, 0, 0], [(?)(?)(?)(?)(?)(?)(?)(?)])(1 )(2 )(3 )]
10: 84e331f6-4279-48c4-ab10-b75139181351, 1, 0 [(0 [0xC004F014, 0, 0], [(?)(?)(?)(?)(?)(?)(?)(?)])(1 )(2 )(3 )]
11: 8ea56c31-fe6e-4d56-9d17-8dc1ab35dd8b, 1, 0 [(0 [0xC004F014, 0, 0], [(?)(?)(?)(?)(?)(?)(?)(?)])(1 )(2 )(3 )]
12: 92114319-12ea-4bca-9d63-8740de9feff3, 1, 1 [(0 )(1 [0x00000000, 1, 0], [(?)( 1 0x00000000)(?)( 2 0x00000000 0 0 msft:rm/algorithm/phone/1.0 0x00000000 0)(?)(?)( 10 0x00000000 msft:rm/algorithm/flags/1.0)(?)])(2 )(3 )]
13: 9db83b52-9904-4326-8957-ebe6feedf37c, 1, 0 [(0 [0xC004F014, 0, 0], [(?)(?)(?)(?)(?)(?)(?)(?)])(1 )(2 )(3 )]
14: c2d23e1f-ee3e-4533-9094-e6dc0b8aa049, 1, 0 [(0 [0xC004F014, 0, 0], [(?)(?)(?)(?)(?)(?)(?)(?)])(1 )(2 )(3 )]
15: d07edbd8-02cb-49b1-8358-f2de7afd8a4d, 1, 0 [(0 [0xC004F014, 0, 0], [(?)(?)(?)(?)(?)(?)(?)(?)])(1 )(2 )(3 )]
16: de32eafd-aaee-4662-9444-c1befb41bde2, 1, 0 [(0 [0xC004F014, 0, 0], [(?)(?)(?)(?)(?)(?)(?)(?)])(1 )(2 )(3 )]
17: e73aabfa-12bc-4705-b551-2dd076bebc7d, 1, 0 [(0 [0xC004F014, 0, 0], [(?)(?)(?)(?)(?)(?)(?)(?)])(1 )(2 )(3 )]
18: e936f630-5125-4a39-b1de-544d6c036491, 1, 0 [(0 [0xC004F014, 0, 0], [(?)(?)(?)(?)(?)(?)(?)(?)])(1 )(2 )(3 )]
19: fd946594-6f0d-4c5c-9bf7-f5f628ecd0b9, 1, 0 [(0 [0xC004F014, 0, 0], [(?)(?)(?)(?)(?)(?)(?)(?)])(1 )(2 )(3 )]

",,,,,,,,,,,,,,,,,,,,,,,,,,,,,,,,,,,,,,,,,,,,,,,,,,,,,,,,,,,,,
2026-02-25T03:53:54.681919Z,"{'#attributes': {'Qualifiers': 16384}, '#text': 902}",DC01.pirate.htb,Microsoft-Windows-Security-SPP,Application,3938,0,,,,,,,,,,,10.0.17763.8385,,,,,,,,,,,,,,,,,,,,,,,,,,,,,,,,,,,,,,,,,,,,,,,,,,,,,,,,,,,,,,,
2026-02-25T03:54:24.753628Z,"{'#attributes': {'Qualifiers': 16384}, '#text': 16384}",DC01.pirate.htb,Microsoft-Windows-Security-SPP,Application,3939,4,,,,,,,,,,,,2126-02-01T03:54:24Z,RulesEngine,,,,,,,,,,,,,,,,,,,,,,,,,,,,,,,,,,,,,,,,,,,,,,,,,,,,,,,,,,,,,
2026-02-25T03:54:24.784881Z,"{'#attributes': {'Qualifiers': 16384}, '#text': 903}",DC01.pirate.htb,Microsoft-Windows-Security-SPP,Application,3940,0,,,,,,,,,,,,,,,,,,,,,,,,,,,,,,,,,,,,,,,,,,,,,,,,,,,,,,,,,,,,,,,,,,,,,,,,,,
2026-02-25T03:54:44.384556Z,"{'#attributes': {'Qualifiers': 0}, '#text': 8224}",DC01.pirate.htb,VSS,Application,3941,4,,,,2D20436F64653A2020434F525356434330303030303737332D2043616C6C3A2020434F525356434330303030303735352D205049443A202030303030343130302D205449443A202030303030343132342D20434D443A2020433A5C57696E646F77735C73797374656D33325C76737376632E6578652020202D20557365723A204E616D653A204E5420415554484F524954595C53595354454D2C205349443A532D312D352D313820,,,,,,,,,,,,,,,,,,,,,,,,,,,,,,,,,,,,,,,,,,,,,,,,,,,,,,,,,,,,,,,,,,,,,,
2026-02-25T03:55:32.973975Z,1001,DC01.pirate.htb,Microsoft-Windows-LoadPerf,Application,3942,4,,,,,,,,,,,,,,,,,,,,,,,,,,,,,,,,,,,,,,,,,,,,,,,,,,,,,,,,,,,LoadPerf,3837000039370000D2050000,12,,WmiApRpl,,,,WmiApRpl,,,,,,,
2026-02-25T03:55:33.038471Z,1000,DC01.pirate.htb,Microsoft-Windows-LoadPerf,Application,3943,4,,,,,,,,,,,,,,,,,,,,,,,,,,,,,,,,,,,,,,,,,,,,,,,,,,,,,,,,,,,LoadPerf,3A3700000A3800003B3700000B380000,16,,WmiApRpl,,,,WmiApRpl,,,,,,,
2026-02-25T03:56:52.676933Z,"{'#attributes': {'Qualifiers': 0}, '#text': 102}",DC01.pirate.htb,ESENT,Application,3944,4,,,,,,,,,,,,DFSRs,"2920,P,98",,,,,,,,,,,\\.\C:\System Volume Information\DFSR\database_EEE2_E7CF_32B5_74E\dfsr.db: ,,,,0,10,00,17763,0000,,,,,,,,,,,,,,,,,,,,,,,,,,,,,,,,,,,,,,,,,,
2026-02-25T03:56:52.741234Z,"{'#attributes': {'Qualifiers': 0}, '#text': 105}",DC01.pirate.htb,ESENT,Application,3945,4,,,,,,,,,,,,DFSRs,"2920,D,0",,,,,,,,,,,\\.\C:\System Volume Information\DFSR\database_EEE2_E7CF_32B5_74E\dfsr.db: ,,,,0,0,"
[1] 0.006818 +J(0) +M(C:0K, Fs:262, WS:1028K # 1028K, PF:6380K # 6372K, P:6380K)
[2] 0.000333 +J(0) +M(C:16K, Fs:93, WS:364K # 364K, PF:312K # 312K, P:312K)
[3] 0.000024 +J(0) +M(C:0K, Fs:5, WS:16K # 16K, PF:68K # 68K, P:68K)
[4] 0.000291 +J(0) +M(C:2032K, Fs:37, WS:144K # 144K, PF:2428K # 2428K, P:2428K)
[5] 0.000909 +J(0) +M(C:0K, Fs:11, WS:44K # 44K, PF:32K # 32K, P:32K)
[6] 0.001297 +J(0) +M(C:0K, Fs:10, WS:-36K # 0K, PF:-112K # 0K, P:-112K)
[7] -
[8] -
[9] -
[10] -
[11] -
[12] -
[13] 0.043920 -0.028339 (36) WT +J(CM:0, PgRf:0, Rd:0/0, Dy:0/0, Lg:616/1) +M(C:0K, Fs:1422, WS:564K # 5628K, PF:36K # 5048K, P:36K)
[14] 0.000026 +J(0) +M(C:0K, Fs:1, WS:4K # 0K, PF:0K # 0K, P:0K)
[15] 0.000146 +J(0) +M(C:0K, Fs:64, WS:256K # 0K, PF:64K # 0K, P:64K)
[16] 0.006293 -0.000338 (3) WT +J(0) +M(C:0K, Fs:5, WS:12K # 0K, PF:0K # 0K, P:0K).",,,,,,,,,,,,,,,,,,,,,,,,,,,,,,,,,,,,,,,,,,,,
2026-02-25T03:56:52.743901Z,"{'#attributes': {'Qualifiers': 0}, '#text': 637}",DC01.pirate.htb,ESENT,Application,3946,4,,,,,,,,,,,,DFSRs,"2920,D,35",,,,,,,,,,,\\.\C:\System Volume Information\DFSR\database_EEE2_E7CF_32B5_74E\dfsr.db: ,,,,\\.\C:\System Volume Information\DFSR\database_EEE2_E7CF_32B5_74E\dfsr.jfm,,,,,,,,,,,,,,,,,,,,,,,,,,,,,,,,,,,,,,,,,,,,,,
2026-02-25T03:56:52.775276Z,"{'#attributes': {'Qualifiers': 0}, '#text': 325}",DC01.pirate.htb,ESENT,Application,3947,4,,,,,,,,,,,,DFSRs,"2920,D,35",,,,,,,,,,,\\.\C:\System Volume Information\DFSR\database_EEE2_E7CF_32B5_74E\dfsr.db: ,,,,1,\\.\C:\System Volume Information\DFSR\database_EEE2_E7CF_32B5_74E\dfsr.db,0,"
[1] 0.000120 +J(0) +M(C:0K, Fs:3, WS:12K # 0K, PF:8K # 0K, P:8K)
[2] 0.001505 -0.000621 (1) WT +J(CM:0, PgRf:0, Rd:0/0, Dy:0/0, Lg:3480/2) +M(C:0K, Fs:1, WS:4K # 0K, PF:0K # 0K, P:0K)
[3] 0.009614 -0.000003 (3) WT +J(0) +M(C:0K, Fs:18, WS:60K # 0K, PF:44K # 0K, P:44K)
[4] 0.000317 +J(0)
[5] 0.000206 +J(CM:0, PgRf:3, Rd:0/0, Dy:3/6, Lg:122/4) +M(C:0K, Fs:36, WS:144K # 0K, PF:148K # 0K, P:148K)
[6] 0.002894 -0.000927 (1) WT +J(CM:0, PgRf:209, Rd:0/0, Dy:12/408, Lg:24454/447) +M(C:0K, Fs:70, WS:268K # 0K, PF:220K # 0K, P:220K)
[7] 0.001040 -0.000660 (1) WT +J(CM:0, PgRf:0, Rd:0/0, Dy:0/0, Lg:4096/2) +M(C:0K, Fs:1, WS:4K # 0K, PF:0K # 0K, P:0K)
[8] 0.000003 +J(0)
[9] 0.016968 -0.015732 (3) WT +J(0) +M(C:-52K, Fs:18, WS:12K # 0K, PF:52K # 0K, P:52K)
[10] 0.005659 -0.003095 (5) WT +J(CM:0, PgRf:346, Rd:0/0, Dy:7/93, Lg:12509/128) +M(C:12K, Fs:33, WS:124K # 0K, PF:108K # 0K, P:108K)
[11] 0.000003 +J(0).",0 0,lgposCreate = 00000001:0001:0268,,,,,,,,,,,,,,,,,,,,,,,,,,,,,,,,,,,,,,,,,
2026-02-25T04:14:20.761908Z,"{'#attributes': {'Qualifiers': 32768}, '#text': 6000}",DC01.pirate.htb,Microsoft-Windows-Winlogon,Application,3948,4,,,,D9060000,,,,,,,WSearch,,,,,,,,,,,,,,,,,,,,,,,,,,,,,,,,,,,,,,,,,,,,,,,,,,,,,,,,,,,,,,,
2026-02-25T04:14:20.808780Z,"{'#attributes': {'Qualifiers': 32768}, '#text': 6000}",DC01.pirate.htb,Microsoft-Windows-Winlogon,Application,3949,4,,,,D9060000,,,,,,,SessionEnv,,,,,,,,,,,,,,,,,,,,,,,,,,,,,,,,,,,,,,,,,,,,,,,,,,,,,,,,,,,,,,,
2026-02-25T04:14:40.631390Z,"{'#attributes': {'Qualifiers': 0}, '#text': 260}",DC01.pirate.htb,VMUpgradeHelper,Application,3950,4,,,,,,,,,,,,,,,,,,,,,,,,,,,,,,,,,,,,,,,,,,,,,,,,,,,,,,,,,,,,,,,,,,,,,,,,,,
2026-02-25T04:14:40.631390Z,"{'#attributes': {'Qualifiers': 0}, '#text': 272}",DC01.pirate.htb,VMUpgradeHelper,Application,3951,4,,,,,,,,,,,,,,,,,,,,,,,,,,,,,,,,,,,,,,,,,,,,,,,,,,,,,,,,,,,,,,,,,,,,,,,,,,
2026-02-25T04:14:40.631390Z,"{'#attributes': {'Qualifiers': 0}, '#text': 108}",DC01.pirate.htb,VMTools,Application,3952,4,,,,,,,,,,,,,,,,,,,,,,,,,,,,,,,,,,,,,,,,,,,,,,,,,,,,,,,,,,,,,,,,,,,,,,,,,,
2026-02-25T04:14:40.973350Z,1532,DC01.pirate.htb,Microsoft-Windows-User Profiles Service,Application,3953,4,,,,,,,,,,,,,,,,,,,,,,,,,,,,,,,,,,,,,,,,,,,,,,,,,,,,,,,,,,,,,,,,,,,,,,,,,,
2026-02-25T17:55:54.066177Z,"{'#attributes': {'Qualifiers': 16384}, '#text': 4625}",DC01,Microsoft-Windows-EventSystem,Application,3954,4,,,,,,,,,,,,,,,,,,,,,,,,,,,,,,,,,,,,,,,,,,,,,,,,,,,,,,,,,,,,,,,86400,,,,SuppressDuplicateDuration,Software\Microsoft\EventSystem\EventLog,,,,,,
2026-02-25T04:14:41.431750Z,38,DC01.pirate.htb,Microsoft-Windows-CertificationAuthority,Application,3955,4,,,,,,pirate-DC01-CA,,,,,,,,,,,,,,,,,,,,,,,,,,,,,,,,,,,,,,,,,,,,,,,,,,,,MSG_I_SERVER_STOPPED,,,,,,,,,,,,,,,,
2026-02-25T17:55:54.078202Z,1531,DC01.pirate.htb,Microsoft-Windows-User Profiles Service,Application,3956,4,,,,,,,,,,,,,,,,,,,,,,,,,,,,,,,,,,,,,,,,,,,,,,,,,,,,,,,,,,,,,,,,,,,,,,,,,,
2026-02-25T17:55:56.826799Z,5615,DC01.pirate.htb,Microsoft-Windows-WMI,Application,3957,4,,,,,,,,,,,,,,,,,,,,,,,,,,,,,,,,,,,,,,,,,,,,,,,,,,,,,,,,,,,,,,,,,,,,,,,,,,
2026-02-25T17:56:00.269698Z,5617,DC01.pirate.htb,Microsoft-Windows-WMI,Application,3958,4,,,,,,,,,,,,,,,,,,,,,,,,,,,,,,,,,,,,,,,,,,,,,,,,,,,,,,,,,,,,,,,,,,,,,,,,,,
2026-02-25T17:56:17.069495Z,"{'#attributes': {'Qualifiers': 0}, '#text': 105}",DC01.pirate.htb,VMTools,Application,3959,4,,,,,,,,,,,,,,,,,,,,,,,,,,,,,,,,,,,,,,,,,,,,,,,,,,,,,,,,,,,,,,,,,,,,,,,,,,
2026-02-25T17:56:19.272620Z,"{'#attributes': {'Qualifiers': 16384}, '#text': 9027}",DC01.pirate.htb,Desktop Window Manager,Application,3960,4,,,,,,,,,,,,,,,,,,,,,,,,,,,,,,,,,,,,,,,,,,,,,,,,,,,,,,,,,,,,,,,,,,,,,,,,,,
2026-02-25T17:56:21.647623Z,"{'#attributes': {'Qualifiers': 16384}, '#text': 781}",DC01.pirate.htb,Microsoft-Windows-Complus,Application,3961,4,,,,,,,,,,,,,,,,,,,,,,,,,,,,,,,,,,,,,,,,,,,,,,,,,,,,,,,,,,,,,,,86400,,,,SuppressDuplicateDuration,Software\Microsoft\COM3\Eventlog,,,,,,
2026-02-25T17:56:23.138765Z,"{'#attributes': {'Qualifiers': 0}, '#text': 258}",DC01.pirate.htb,VMUpgradeHelper,Application,3962,4,,,,,,,,,,,,,,,,,,,,,,,,,,,,,,,,,,,,,,,,,,,,,,,,,,,,,,,,,,,,,,,,,,,,,,,,,,
