2025-07-29T04:07:17.435782Z,10001,DC01.pirate.htb,Microsoft-Windows-RestartManager,Application,2618,4,,,,,,,,,,,,,,,,,,,,,,,,,,,,,,,,,,,,,,,,,,,,,,,,,,,0,,,,2025-07-29T04:07:16.871871Z,,,,http://www.microsoft.com/2005/08/Windows/Reliability/RestartManager/,,,,,,,,,,,,,,,
2025-07-29T04:07:20.553973Z,"{'#attributes': {'Qualifiers': 0}, '#text': 1040}",DC01.pirate.htb,MsiInstaller,Application,2619,4,,,,,,,,,,,,C:\ProgramData\Package Cache\{D7A66DA5-B103-45C1-A0A7-736C08E2F464}v14.40.33816\packages\vcRuntimeMinimum_x86\vc_runtimeMinimum_x86.msi,6644,,,,,,,,,,,(NULL),,,,(NULL),(NULL),(NULL),,,,,,,,,,,,,,,,,,,,,,,,,,,,,,,,,,,,,,,,,,,,
2025-07-29T04:07:31.097112Z,"{'#attributes': {'Qualifiers': 0}, '#text': 11707}",DC01.pirate.htb,MsiInstaller,Application,2620,4,,,,7B44374136364441352D423130332D343543312D413041372D3733364330384532463436347D,,,,,,,,Product: Microsoft Visual C++ 2022 X86 Minimum Runtime - 14.40.33816 -- Installation completed successfully.,(NULL),,,,,,,,,,,(NULL),,,,(NULL),(NULL),(NULL),,,,,,,,,,,,,,,,,,,,,,,,,,,,,,,,,,,,,,,,,,,,
2025-07-29T04:07:31.097112Z,"{'#attributes': {'Qualifiers': 0}, '#text': 1033}",DC01.pirate.htb,MsiInstaller,Application,2621,4,,,,7B44374136364441352D423130332D343543312D413041372D3733364330384532463436347D3030303033346164373639376431306433383738633362613936323831313735336430383030303030393034,,,,,,,,Microsoft Visual C++ 2022 X86 Minimum Runtime - 14.40.33816,14.40.33816,,,,,,,,,,,1033,,,,0,Microsoft Corporation,(NULL),,,,,,,,,,,,,,,,,,,,,,,,,,,,,,,,,,,,,,,,,,,,
2025-07-29T04:07:31.112738Z,"{'#attributes': {'Qualifiers': 0}, '#text': 1042}",DC01.pirate.htb,MsiInstaller,Application,2622,4,,,,,,,,,,,,C:\ProgramData\Package Cache\{D7A66DA5-B103-45C1-A0A7-736C08E2F464}v14.40.33816\packages\vcRuntimeMinimum_x86\vc_runtimeMinimum_x86.msi,6644,,,,,,,,,,,(NULL),,,,(NULL),(NULL),(NULL),,,,,,,,,,,,,,,,,,,,,,,,,,,,,,,,,,,,,,,,,,,,
2025-07-29T04:07:31.144009Z,"{'#attributes': {'Qualifiers': 0}, '#text': 1040}",DC01.pirate.htb,MsiInstaller,Application,2623,4,,,,,,,,,,,,C:\ProgramData\Package Cache\{0DF1D9F9-6038-4641-AB6D-13DD654758A7}v14.40.33816\packages\vcRuntimeAdditional_x86\vc_runtimeAdditional_x86.msi,6644,,,,,,,,,,,(NULL),,,,(NULL),(NULL),(NULL),,,,,,,,,,,,,,,,,,,,,,,,,,,,,,,,,,,,,,,,,,,,
2025-07-29T04:07:30.214223Z,10000,DC01.pirate.htb,Microsoft-Windows-RestartManager,Application,2624,4,,,,,,,,,,,,,,,,,,,,,,,,,,,,,,,,,,,,,,,,,,,,,,,,,,,0,,,,2025-07-29T04:07:30.206662Z,,,,http://www.microsoft.com/2005/08/Windows/Reliability/RestartManager/,,,,,,,,,,,,,,,
2025-07-29T04:07:30.572455Z,10000,DC01.pirate.htb,Microsoft-Windows-RestartManager,Application,2625,4,,,,,,,,,,,,,,,,,,,,,,,,,,,,,,,,,,,,,,,,,,,,,,,,,,,0,,,,2025-07-29T04:07:30.565869Z,,,,http://www.microsoft.com/2005/08/Windows/Reliability/RestartManager/,,,,,,,,,,,,,,,
2025-07-29T04:07:31.117347Z,10001,DC01.pirate.htb,Microsoft-Windows-RestartManager,Application,2626,4,,,,,,,,,,,,,,,,,,,,,,,,,,,,,,,,,,,,,,,,,,,,,,,,,,,0,,,,2025-07-29T04:07:30.206662Z,,,,http://www.microsoft.com/2005/08/Windows/Reliability/RestartManager/,,,,,,,,,,,,,,,
2025-07-29T04:07:31.119960Z,10001,DC01.pirate.htb,Microsoft-Windows-RestartManager,Application,2627,4,,,,,,,,,,,,,,,,,,,,,,,,,,,,,,,,,,,,,,,,,,,,,,,,,,,0,,,,2025-07-29T04:07:30.565869Z,,,,http://www.microsoft.com/2005/08/Windows/Reliability/RestartManager/,,,,,,,,,,,,,,,
2025-07-29T04:07:31.174773Z,10000,DC01.pirate.htb,Microsoft-Windows-RestartManager,Application,2628,4,,,,,,,,,,,,,,,,,,,,,,,,,,,,,,,,,,,,,,,,,,,,,,,,,,,0,,,,2025-07-29T04:07:31.159619Z,,,,http://www.microsoft.com/2005/08/Windows/Reliability/RestartManager/,,,,,,,,,,,,,,,
2025-07-29T04:07:31.972680Z,"{'#attributes': {'Qualifiers': 0}, '#text': 11707}",DC01.pirate.htb,MsiInstaller,Application,2629,4,,,,7B30444631443946392D363033382D343634312D414236442D3133444436353437353841377D,,,,,,,,Product: Microsoft Visual C++ 2022 X86 Additional Runtime - 14.40.33816 -- Installation completed successfully.,(NULL),,,,,,,,,,,(NULL),,,,(NULL),(NULL),(NULL),,,,,,,,,,,,,,,,,,,,,,,,,,,,,,,,,,,,,,,,,,,,
2025-07-29T04:07:31.972680Z,"{'#attributes': {'Qualifiers': 0}, '#text': 1033}",DC01.pirate.htb,MsiInstaller,Application,2630,4,,,,7B30444631443946392D363033382D343634312D414236442D3133444436353437353841377D3030303031366232616530313334303331623065373338383832383661343566663530313030303030393034,,,,,,,,Microsoft Visual C++ 2022 X86 Additional Runtime - 14.40.33816,14.40.33816,,,,,,,,,,,1033,,,,0,Microsoft Corporation,(NULL),,,,,,,,,,,,,,,,,,,,,,,,,,,,,,,,,,,,,,,,,,,,
2025-07-29T04:07:31.988320Z,"{'#attributes': {'Qualifiers': 0}, '#text': 1042}",DC01.pirate.htb,MsiInstaller,Application,2631,4,,,,,,,,,,,,C:\ProgramData\Package Cache\{0DF1D9F9-6038-4641-AB6D-13DD654758A7}v14.40.33816\packages\vcRuntimeAdditional_x86\vc_runtimeAdditional_x86.msi,6644,,,,,,,,,,,(NULL),,,,(NULL),(NULL),(NULL),,,,,,,,,,,,,,,,,,,,,,,,,,,,,,,,,,,,,,,,,,,,
2025-07-29T04:07:31.342023Z,10000,DC01.pirate.htb,Microsoft-Windows-RestartManager,Application,2632,4,,,,,,,,,,,,,,,,,,,,,,,,,,,,,,,,,,,,,,,,,,,,,,,,,,,0,,,,2025-07-29T04:07:31.331495Z,,,,http://www.microsoft.com/2005/08/Windows/Reliability/RestartManager/,,,,,,,,,,,,,,,
2025-07-29T04:07:31.982559Z,10001,DC01.pirate.htb,Microsoft-Windows-RestartManager,Application,2633,4,,,,,,,,,,,,,,,,,,,,,,,,,,,,,,,,,,,,,,,,,,,,,,,,,,,0,,,,2025-07-29T04:07:31.159619Z,,,,http://www.microsoft.com/2005/08/Windows/Reliability/RestartManager/,,,,,,,,,,,,,,,
2025-07-29T04:07:31.985593Z,10001,DC01.pirate.htb,Microsoft-Windows-RestartManager,Application,2634,4,,,,,,,,,,,,,,,,,,,,,,,,,,,,,,,,,,,,,,,,,,,,,,,,,,,0,,,,2025-07-29T04:07:31.331495Z,,,,http://www.microsoft.com/2005/08/Windows/Reliability/RestartManager/,,,,,,,,,,,,,,,
2025-07-29T04:07:32.971407Z,"{'#attributes': {'Qualifiers': 0}, '#text': 1040}",DC01.pirate.htb,MsiInstaller,Application,2635,4,,,,,,,,,,,,C:\ProgramData\Package Cache\{560D2DA4-096E-4868-B22A-DA6418FDE6FB}v14.40.33816\packages\vcRuntimeMinimum_amd64\vc_runtimeMinimum_x64.msi,940,,,,,,,,,,,(NULL),,,,(NULL),(NULL),(NULL),,,,,,,,,,,,,,,,,,,,,,,,,,,,,,,,,,,,,,,,,,,,
2025-07-29T04:07:34.049705Z,"{'#attributes': {'Qualifiers': 0}, '#text': 11707}",DC01.pirate.htb,MsiInstaller,Application,2636,4,,,,7B35363044324441342D303936452D343836382D423232412D4441363431384644453646427D,,,,,,,,Product: Microsoft Visual C++ 2022 X64 Minimum Runtime - 14.40.33816 -- Installation completed successfully.,(NULL),,,,,,,,,,,(NULL),,,,(NULL),(NULL),(NULL),,,,,,,,,,,,,,,,,,,,,,,,,,,,,,,,,,,,,,,,,,,,
2025-07-29T04:07:34.065166Z,"{'#attributes': {'Qualifiers': 0}, '#text': 1033}",DC01.pirate.htb,MsiInstaller,Application,2637,4,,,,7B35363044324441342D303936452D343836382D423232412D4441363431384644453646427D3030303037613735373532643833613463303537363365356263356364333662353038363030303030393034,,,,,,,,Microsoft Visual C++ 2022 X64 Minimum Runtime - 14.40.33816,14.40.33816,,,,,,,,,,,1033,,,,0,Microsoft Corporation,(NULL),,,,,,,,,,,,,,,,,,,,,,,,,,,,,,,,,,,,,,,,,,,,
2025-07-29T04:07:34.080794Z,"{'#attributes': {'Qualifiers': 0}, '#text': 1042}",DC01.pirate.htb,MsiInstaller,Application,2638,4,,,,,,,,,,,,C:\ProgramData\Package Cache\{560D2DA4-096E-4868-B22A-DA6418FDE6FB}v14.40.33816\packages\vcRuntimeMinimum_amd64\vc_runtimeMinimum_x64.msi,940,,,,,,,,,,,(NULL),,,,(NULL),(NULL),(NULL),,,,,,,,,,,,,,,,,,,,,,,,,,,,,,,,,,,,,,,,,,,,
2025-07-29T04:07:34.096577Z,"{'#attributes': {'Qualifiers': 0}, '#text': 1040}",DC01.pirate.htb,MsiInstaller,Application,2639,4,,,,,,,,,,,,C:\ProgramData\Package Cache\{5904914B-9FC8-44C2-AE48-5C7F30A603EC}v14.40.33816\packages\vcRuntimeAdditional_amd64\vc_runtimeAdditional_x64.msi,940,,,,,,,,,,,(NULL),,,,(NULL),(NULL),(NULL),,,,,,,,,,,,,,,,,,,,,,,,,,,,,,,,,,,,,,,,,,,,
2025-07-29T04:07:33.023728Z,10000,DC01.pirate.htb,Microsoft-Windows-RestartManager,Application,2640,4,,,,,,,,,,,,,,,,,,,,,,,,,,,,,,,,,,,,,,,,,,,,,,,,,,,0,,,,2025-07-29T04:07:33.018280Z,,,,http://www.microsoft.com/2005/08/Windows/Reliability/RestartManager/,,,,,,,,,,,,,,,
2025-07-29T04:07:33.198956Z,10000,DC01.pirate.htb,Microsoft-Windows-RestartManager,Application,2641,4,,,,,,,,,,,,,,,,,,,,,,,,,,,,,,,,,,,,,,,,,,,,,,,,,,,0,,,,2025-07-29T04:07:33.190171Z,,,,http://www.microsoft.com/2005/08/Windows/Reliability/RestartManager/,,,,,,,,,,,,,,,
2025-07-29T04:07:34.073718Z,10001,DC01.pirate.htb,Microsoft-Windows-RestartManager,Application,2642,4,,,,,,,,,,,,,,,,,,,,,,,,,,,,,,,,,,,,,,,,,,,,,,,,,,,0,,,,2025-07-29T04:07:33.018280Z,,,,http://www.microsoft.com/2005/08/Windows/Reliability/RestartManager/,,,,,,,,,,,,,,,
2025-07-29T04:07:34.076907Z,10001,DC01.pirate.htb,Microsoft-Windows-RestartManager,Application,2643,4,,,,,,,,,,,,,,,,,,,,,,,,,,,,,,,,,,,,,,,,,,,,,,,,,,,0,,,,2025-07-29T04:07:33.190171Z,,,,http://www.microsoft.com/2005/08/Windows/Reliability/RestartManager/,,,,,,,,,,,,,,,
2025-07-29T04:07:34.151348Z,10000,DC01.pirate.htb,Microsoft-Windows-RestartManager,Application,2644,4,,,,,,,,,,,,,,,,,,,,,,,,,,,,,,,,,,,,,,,,,,,,,,,,,,,0,,,,2025-07-29T04:07:34.144042Z,,,,http://www.microsoft.com/2005/08/Windows/Reliability/RestartManager/,,,,,,,,,,,,,,,
2025-07-29T04:07:34.334044Z,10000,DC01.pirate.htb,Microsoft-Windows-RestartManager,Application,2645,4,,,,,,,,,,,,,,,,,,,,,,,,,,,,,,,,,,,,,,,,,,,,,,,,,,,0,,,,2025-07-29T04:07:34.330788Z,,,,http://www.microsoft.com/2005/08/Windows/Reliability/RestartManager/,,,,,,,,,,,,,,,
2025-07-29T04:07:35.553323Z,"{'#attributes': {'Qualifiers': 0}, '#text': 11707}",DC01.pirate.htb,MsiInstaller,Application,2646,4,,,,7B35393034393134422D394643382D343443322D414534382D3543374633304136303345437D,,,,,,,,Product: Microsoft Visual C++ 2022 X64 Additional Runtime - 14.40.33816 -- Installation completed successfully.,(NULL),,,,,,,,,,,(NULL),,,,(NULL),(NULL),(NULL),,,,,,,,,,,,,,,,,,,,,,,,,,,,,,,,,,,,,,,,,,,,
2025-07-29T04:07:35.553323Z,"{'#attributes': {'Qualifiers': 0}, '#text': 1033}",DC01.pirate.htb,MsiInstaller,Application,2647,4,,,,7B35393034393134422D394643382D343443322D414534382D3543374633304136303345437D3030303031363866303436643236326633626638653262343566333162623865633763303030303030393034,,,,,,,,Microsoft Visual C++ 2022 X64 Additional Runtime - 14.40.33816,14.40.33816,,,,,,,,,,,1033,,,,0,Microsoft Corporation,(NULL),,,,,,,,,,,,,,,,,,,,,,,,,,,,,,,,,,,,,,,,,,,,
2025-07-29T04:07:35.584578Z,"{'#attributes': {'Qualifiers': 0}, '#text': 1042}",DC01.pirate.htb,MsiInstaller,Application,2648,4,,,,,,,,,,,,C:\ProgramData\Package Cache\{5904914B-9FC8-44C2-AE48-5C7F30A603EC}v14.40.33816\packages\vcRuntimeAdditional_amd64\vc_runtimeAdditional_x64.msi,940,,,,,,,,,,,(NULL),,,,(NULL),(NULL),(NULL),,,,,,,,,,,,,,,,,,,,,,,,,,,,,,,,,,,,,,,,,,,,
2025-07-29T04:07:36.163245Z,"{'#attributes': {'Qualifiers': 0}, '#text': 105}",DC01.pirate.htb,VMTools,Application,2649,4,,,,,,,,,,,,,,,,,,,,,,,,,,,,,,,,,,,,,,,,,,,,,,,,,,,,,,,,,,,,,,,,,,,,,,,,,,
2025-07-29T04:07:36.365820Z,"{'#attributes': {'Qualifiers': 0}, '#text': 258}",DC01.pirate.htb,VMUpgradeHelper,Application,2650,4,,,,,,,,,,,,,,,,,,,,,,,,,,,,,,,,,,,,,,,,,,,,,,,,,,,,,,,,,,,,,,,,,,,,,,,,,,
2025-07-29T04:07:36.490828Z,"{'#attributes': {'Qualifiers': 0}, '#text': 271}",DC01.pirate.htb,VMUpgradeHelper,Application,2651,4,,,,,,,,,,,,,,,,,,,,,,,,,,,,,,,,,,,,,,,,,,,,,,,,,,,,,,,,,,,,,,,,,,,,,,,,,,
2025-07-29T04:07:36.639295Z,"{'#attributes': {'Qualifiers': 0}, '#text': 1000}",DC01.pirate.htb,VGAuth,Application,2652,0,,,,,,,,,,,vmtoolsd: Username and password successfully validated for 'Administrator',,,,,,,,,,,,,,,,,,,,,,,,,,,,,,,,,,,,,,,,,,,,,,,,,,,,,,,,,,,,,,,
2025-07-29T04:07:35.574114Z,10001,DC01.pirate.htb,Microsoft-Windows-RestartManager,Application,2653,4,,,,,,,,,,,,,,,,,,,,,,,,,,,,,,,,,,,,,,,,,,,,,,,,,,,0,,,,2025-07-29T04:07:34.144042Z,,,,http://www.microsoft.com/2005/08/Windows/Reliability/RestartManager/,,,,,,,,,,,,,,,
2025-07-29T04:07:35.578010Z,10001,DC01.pirate.htb,Microsoft-Windows-RestartManager,Application,2654,4,,,,,,,,,,,,,,,,,,,,,,,,,,,,,,,,,,,,,,,,,,,,,,,,,,,0,,,,2025-07-29T04:07:34.330788Z,,,,http://www.microsoft.com/2005/08/Windows/Reliability/RestartManager/,,,,,,,,,,,,,,,
2025-07-29T04:07:38.804275Z,"{'#attributes': {'Qualifiers': 0}, '#text': 1040}",DC01.pirate.htb,MsiInstaller,Application,2655,4,,,,,,,,,,,,C:\Program Files\Common Files\VMware\VMwareToolsInstallerCache\{CA0D899F-C5C7-4C11-BEF9-83625FEF2C51}.msi,5504,,,,,,,,,,,(NULL),,,,(NULL),(NULL),(NULL),,,,,,,,,,,,,,,,,,,,,,,,,,,,,,,,,,,,,,,,,,,,
2025-07-29T04:07:39.132494Z,"{'#attributes': {'Qualifiers': 0}, '#text': 4097}",DC01.pirate.htb,Microsoft-Windows-CAPI2,Application,2656,4,,,,,,,,,,,,"CN=DigiCert Assured ID Root CA, OU=www.digicert.com, O=DigiCert Inc, C=US",0563B8630D62D75ABBC8AB1E4BDFB5A899B24D43,,,,,,,,,,,,,,,,,,,,,,,,,,,,,,,,,,,,,,,,,,,,,,,,,,,,,,,,,,,,,
2025-07-29T04:08:01.204298Z,"{'#attributes': {'Qualifiers': 16384}, '#text': 16384}",DC01.pirate.htb,Microsoft-Windows-Security-SPP,Application,2657,4,,,,,,,,,,,,2025-11-05T14:33:01Z,RulesEngine,,,,,,,,,,,,,,,,,,,,,,,,,,,,,,,,,,,,,,,,,,,,,,,,,,,,,,,,,,,,,
2025-07-29T04:08:03.162606Z,"{'#attributes': {'Qualifiers': 0}, '#text': 260}",DC01.pirate.htb,VMUpgradeHelper,Application,2658,4,,,,,,,,,,,,,,,,,,,,,,,,,,,,,,,,,,,,,,,,,,,,,,,,,,,,,,,,,,,,,,,,,,,,,,,,,,
2025-07-29T04:08:03.162606Z,"{'#attributes': {'Qualifiers': 0}, '#text': 272}",DC01.pirate.htb,VMUpgradeHelper,Application,2659,4,,,,,,,,,,,,,,,,,,,,,,,,,,,,,,,,,,,,,,,,,,,,,,,,,,,,,,,,,,,,,,,,,,,,,,,,,,
2025-07-29T04:08:03.162606Z,"{'#attributes': {'Qualifiers': 0}, '#text': 108}",DC01.pirate.htb,VMTools,Application,2660,4,,,,,,,,,,,,,,,,,,,,,,,,,,,,,,,,,,,,,,,,,,,,,,,,,,,,,,,,,,,,,,,,,,,,,,,,,,
2025-07-29T04:08:03.152089Z,10000,DC01.pirate.htb,Microsoft-Windows-RestartManager,Application,2661,4,,,,,,,,,,,,,,,,,,,,,,,,,,,,,,,,,,,,,,,,,,,,,,,,,,,0,,,,2025-07-29T04:08:03.147009Z,,,,http://www.microsoft.com/2005/08/Windows/Reliability/RestartManager/,,,,,,,,,,,,,,,
2025-07-29T04:08:03.178618Z,10002,DC01.pirate.htb,Microsoft-Windows-RestartManager,Application,2662,4,,3,0,,,,,,,,,,,,,,,,,,,,,,,,,,,,,,,,VMware Tools,,,,,,C:\Program Files\VMware\VMware Tools\vmtoolsd.exe,,,,,,2392,,,,0,262146,0,,,,,,http://www.microsoft.com/2005/08/Windows/Reliability/RestartManager/,,,0,,,,,,,,,,,,
2025-07-29T04:08:03.684167Z,10002,DC01.pirate.htb,Microsoft-Windows-RestartManager,Application,2663,4,,3,0,,,,,,,,,,,,,,,,,,,,,,,,,,,,,,,,VMware Snapshot Provider,,,,,,C:\Windows\System32\dllhost.exe,,,,,,3376,,,,0,262146,0,,,,,,http://www.microsoft.com/2005/08/Windows/Reliability/RestartManager/,,,0,,,,,,,,,,,,
2025-07-29T04:08:03.684517Z,10001,DC01.pirate.htb,Microsoft-Windows-RestartManager,Application,2664,4,,,,,,,,,,,,,,,,,,,,,,,,,,,,,,,,,,,,,,,,,,,,,,,,,,,0,,,,2025-07-29T04:08:03.147009Z,,,,http://www.microsoft.com/2005/08/Windows/Reliability/RestartManager/,,,,,,,,,,,,,,,
2025-07-29T04:08:42.340991Z,"{'#attributes': {'Qualifiers': 0}, '#text': 105}",DC01.pirate.htb,VMTools,Application,2665,4,,,,,,,,,,,,,,,,,,,,,,,,,,,,,,,,,,,,,,,,,,,,,,,,,,,,,,,,,,,,,,,,,,,,,,,,,,
2025-07-29T04:08:45.983418Z,"{'#attributes': {'Qualifiers': 0}, '#text': 11707}",DC01.pirate.htb,MsiInstaller,Application,2666,4,,,,7B43413044383939462D433543372D344331312D424546392D3833363235464546324335317D,,,,,,,,Product: VMware Tools -- Installation completed successfully.,(NULL),,,,,,,,,,,(NULL),,,,(NULL),(NULL),(NULL),,,,,,,,,,,,,,,,,,,,,,,,,,,,,,,,,,,,,,,,,,,,
2025-07-29T04:08:45.983418Z,"{'#attributes': {'Qualifiers': 0}, '#text': 1033}",DC01.pirate.htb,MsiInstaller,Application,2667,4,,,,7B43413044383939462D433543372D344331312D424546392D3833363235464546324335317D3030303039313863626131663564303037636137623733323736306565633330333732663030303030393034,,,,,,,,VMware Tools,13.0.1.0,,,,,,,,,,,1033,,,,0,Broadcom Inc.,(NULL),,,,,,,,,,,,,,,,,,,,,,,,,,,,,,,,,,,,,,,,,,,,
2025-07-29T04:08:45.983418Z,"{'#attributes': {'Qualifiers': 0}, '#text': 1038}",DC01.pirate.htb,MsiInstaller,Application,2668,4,,,,7B43413044383939462D433543372D344331312D424546392D3833363235464546324335317D3030303039313863626131663564303037636137623733323736306565633330333732663030303030393034,,,,,,,,VMware Tools,13.0.1.0,,,,,,,,,,,1033,,,,2,4,Broadcom Inc.,,,,,,,,,,,,,,,,,,,,,,,,,,,,,,,,,,,,,,,,,,,,
2025-07-29T04:08:45.983418Z,"{'#attributes': {'Qualifiers': 0}, '#text': 1029}",DC01.pirate.htb,MsiInstaller,Application,2669,4,,,,7B43413044383939462D433543372D344331312D424546392D3833363235464546324335317D2C2033303130,,,,,,,,VMware Tools,(NULL),,,,,,,,,,,(NULL),,,,(NULL),(NULL),(NULL),,,,,,,,,,,,,,,,,,,,,,,,,,,,,,,,,,,,,,,,,,,,
2025-07-29T04:08:45.999048Z,"{'#attributes': {'Qualifiers': 0}, '#text': 1042}",DC01.pirate.htb,MsiInstaller,Application,2670,4,,,,,,,,,,,,C:\Program Files\Common Files\VMware\VMwareToolsInstallerCache\{CA0D899F-C5C7-4C11-BEF9-83625FEF2C51}.msi,5504,,,,,,,,,,,(NULL),,,,(NULL),(NULL),(NULL),,,,,,,,,,,,,,,,,,,,,,,,,,,,,,,,,,,,,,,,,,,,
2025-07-29T04:08:54.173903Z,"{'#attributes': {'Qualifiers': 49152}, '#text': 16394}",DC01.pirate.htb,Microsoft-Windows-Security-SPP,Application,2671,4,,,,,,,,,,,,,,,,,,,,,,,,,,,,,,,,,,,,,,,,,,,,,,,,,,,,,,,,,,,,,,,,,,,,,,,,,,
2025-07-29T04:09:09.935363Z,1001,DC01.pirate.htb,Microsoft-Windows-LoadPerf,Application,2672,4,,,,,,,,,,,,,,,,,,,,,,,,,,,,,,,,,,,,,,,,,,,,,,,,,,,,,,,,,,,LoadPerf,3837000039370000D2050000,12,,WmiApRpl,,,,WmiApRpl,,,,,,,
2025-07-29T04:09:10.002357Z,1000,DC01.pirate.htb,Microsoft-Windows-LoadPerf,Application,2673,4,,,,,,,,,,,,,,,,,,,,,,,,,,,,,,,,,,,,,,,,,,,,,,,,,,,,,,,,,,,LoadPerf,3A3700000A3800003B3700000B380000,16,,WmiApRpl,,,,WmiApRpl,,,,,,,
2025-07-29T04:09:17.898660Z,"{'#attributes': {'Qualifiers': 0}, '#text': 1000}",DC01.pirate.htb,VGAuth,Application,2674,0,,,,,,,,,,,vmtoolsd: Username and password successfully validated for 'Administrator',,,,,,,,,,,,,,,,,,,,,,,,,,,,,,,,,,,,,,,,,,,,,,,,,,,,,,,,,,,,,,,
2025-07-29T04:09:18.347840Z,"{'#attributes': {'Qualifiers': 0}, '#text': 1000}",DC01.pirate.htb,VGAuth,Application,2675,0,,,,,,,,,,,vmtoolsd: Username and password successfully validated for 'Administrator',,,,,,,,,,,,,,,,,,,,,,,,,,,,,,,,,,,,,,,,,,,,,,,,,,,,,,,,,,,,,,,
2025-07-29T04:09:18.426012Z,"{'#attributes': {'Qualifiers': 0}, '#text': 1000}",DC01.pirate.htb,VGAuth,Application,2676,0,,,,,,,,,,,vmtoolsd: Username and password successfully validated for 'Administrator',,,,,,,,,,,,,,,,,,,,,,,,,,,,,,,,,,,,,,,,,,,,,,,,,,,,,,,,,,,,,,,
2025-07-29T04:09:18.472870Z,"{'#attributes': {'Qualifiers': 0}, '#text': 1000}",DC01.pirate.htb,VGAuth,Application,2677,0,,,,,,,,,,,vmtoolsd: Username and password successfully validated for 'Administrator',,,,,,,,,,,,,,,,,,,,,,,,,,,,,,,,,,,,,,,,,,,,,,,,,,,,,,,,,,,,,,,
2025-07-29T04:09:18.519733Z,"{'#attributes': {'Qualifiers': 0}, '#text': 1000}",DC01.pirate.htb,VGAuth,Application,2678,0,,,,,,,,,,,vmtoolsd: Username and password successfully validated for 'Administrator',,,,,,,,,,,,,,,,,,,,,,,,,,,,,,,,,,,,,,,,,,,,,,,,,,,,,,,,,,,,,,,
2025-07-29T04:09:18.566611Z,"{'#attributes': {'Qualifiers': 0}, '#text': 1000}",DC01.pirate.htb,VGAuth,Application,2679,0,,,,,,,,,,,vmtoolsd: Username and password successfully validated for 'Administrator',,,,,,,,,,,,,,,,,,,,,,,,,,,,,,,,,,,,,,,,,,,,,,,,,,,,,,,,,,,,,,,
2025-07-29T04:09:18.629103Z,"{'#attributes': {'Qualifiers': 0}, '#text': 1000}",DC01.pirate.htb,VGAuth,Application,2680,0,,,,,,,,,,,vmtoolsd: Username and password successfully validated for 'Administrator',,,,,,,,,,,,,,,,,,,,,,,,,,,,,,,,,,,,,,,,,,,,,,,,,,,,,,,,,,,,,,,
2025-07-29T04:09:18.675994Z,"{'#attributes': {'Qualifiers': 0}, '#text': 1000}",DC01.pirate.htb,VGAuth,Application,2681,0,,,,,,,,,,,vmtoolsd: Username and password successfully validated for 'Administrator',,,,,,,,,,,,,,,,,,,,,,,,,,,,,,,,,,,,,,,,,,,,,,,,,,,,,,,,,,,,,,,
2025-07-29T04:09:19.159538Z,"{'#attributes': {'Qualifiers': 0}, '#text': 1000}",DC01.pirate.htb,VGAuth,Application,2682,0,,,,,,,,,,,vmtoolsd: Username and password successfully validated for 'Administrator',,,,,,,,,,,,,,,,,,,,,,,,,,,,,,,,,,,,,,,,,,,,,,,,,,,,,,,,,,,,,,,
2025-07-29T04:09:19.212066Z,"{'#attributes': {'Qualifiers': 0}, '#text': 1000}",DC01.pirate.htb,VGAuth,Application,2683,0,,,,,,,,,,,vmtoolsd: Username and password successfully validated for 'Administrator',,,,,,,,,,,,,,,,,,,,,,,,,,,,,,,,,,,,,,,,,,,,,,,,,,,,,,,,,,,,,,,
2025-07-29T04:09:19.253683Z,"{'#attributes': {'Qualifiers': 0}, '#text': 1000}",DC01.pirate.htb,VGAuth,Application,2684,0,,,,,,,,,,,vmtoolsd: Username and password successfully validated for 'Administrator',,,,,,,,,,,,,,,,,,,,,,,,,,,,,,,,,,,,,,,,,,,,,,,,,,,,,,,,,,,,,,,
2025-07-29T04:09:19.284566Z,"{'#attributes': {'Qualifiers': 0}, '#text': 1000}",DC01.pirate.htb,VGAuth,Application,2685,0,,,,,,,,,,,vmtoolsd: Username and password successfully validated for 'Administrator',,,,,,,,,,,,,,,,,,,,,,,,,,,,,,,,,,,,,,,,,,,,,,,,,,,,,,,,,,,,,,,
2025-07-29T04:09:19.315811Z,"{'#attributes': {'Qualifiers': 0}, '#text': 1000}",DC01.pirate.htb,VGAuth,Application,2686,0,,,,,,,,,,,vmtoolsd: Username and password successfully validated for 'Administrator',,,,,,,,,,,,,,,,,,,,,,,,,,,,,,,,,,,,,,,,,,,,,,,,,,,,,,,,,,,,,,,
2025-07-29T04:09:19.347094Z,"{'#attributes': {'Qualifiers': 0}, '#text': 1000}",DC01.pirate.htb,VGAuth,Application,2687,0,,,,,,,,,,,vmtoolsd: Username and password successfully validated for 'Administrator',,,,,,,,,,,,,,,,,,,,,,,,,,,,,,,,,,,,,,,,,,,,,,,,,,,,,,,,,,,,,,,
2025-07-29T04:09:19.409669Z,"{'#attributes': {'Qualifiers': 0}, '#text': 1000}",DC01.pirate.htb,VGAuth,Application,2688,0,,,,,,,,,,,vmtoolsd: Username and password successfully validated for 'Administrator',,,,,,,,,,,,,,,,,,,,,,,,,,,,,,,,,,,,,,,,,,,,,,,,,,,,,,,,,,,,,,,
2025-07-29T04:09:19.847201Z,"{'#attributes': {'Qualifiers': 0}, '#text': 1000}",DC01.pirate.htb,VGAuth,Application,2689,0,,,,,,,,,,,vmtoolsd: Username and password successfully validated for 'Administrator',,,,,,,,,,,,,,,,,,,,,,,,,,,,,,,,,,,,,,,,,,,,,,,,,,,,,,,,,,,,,,,
2025-07-29T04:09:22.283140Z,"{'#attributes': {'Qualifiers': 0}, '#text': 1000}",DC01.pirate.htb,VGAuth,Application,2690,0,,,,,,,,,,,vmtoolsd: Username and password successfully validated for 'Administrator',,,,,,,,,,,,,,,,,,,,,,,,,,,,,,,,,,,,,,,,,,,,,,,,,,,,,,,,,,,,,,,
2025-07-29T04:09:24.748720Z,"{'#attributes': {'Qualifiers': 0}, '#text': 1000}",DC01.pirate.htb,VGAuth,Application,2691,0,,,,,,,,,,,vmtoolsd: Username and password successfully validated for 'Administrator',,,,,,,,,,,,,,,,,,,,,,,,,,,,,,,,,,,,,,,,,,,,,,,,,,,,,,,,,,,,,,,
2025-07-29T04:09:28.188212Z,"{'#attributes': {'Qualifiers': 32768}, '#text': 6000}",DC01.pirate.htb,Microsoft-Windows-Winlogon,Application,2692,4,,,,D9060000,,,,,,,WSearch,,,,,,,,,,,,,,,,,,,,,,,,,,,,,,,,,,,,,,,,,,,,,,,,,,,,,,,,,,,,,,,
2025-07-29T04:09:28.219460Z,"{'#attributes': {'Qualifiers': 32768}, '#text': 6000}",DC01.pirate.htb,Microsoft-Windows-Winlogon,Application,2693,4,,,,D9060000,,,,,,,SessionEnv,,,,,,,,,,,,,,,,,,,,,,,,,,,,,,,,,,,,,,,,,,,,,,,,,,,,,,,,,,,,,,,
2025-07-29T04:09:35.890862Z,"{'#attributes': {'Qualifiers': 16384}, '#text': 16384}",DC01.pirate.htb,Microsoft-Windows-Security-SPP,Application,2694,4,,,,,,,,,,,,2025-11-05T14:32:35Z,RulesEngine,,,,,,,,,,,,,,,,,,,,,,,,,,,,,,,,,,,,,,,,,,,,,,,,,,,,,,,,,,,,,
2025-07-29T04:09:36.629956Z,"{'#attributes': {'Qualifiers': 0}, '#text': 260}",DC01.pirate.htb,VMUpgradeHelper,Application,2695,4,,,,,,,,,,,,,,,,,,,,,,,,,,,,,,,,,,,,,,,,,,,,,,,,,,,,,,,,,,,,,,,,,,,,,,,,,,
2025-07-29T04:09:36.629956Z,"{'#attributes': {'Qualifiers': 0}, '#text': 272}",DC01.pirate.htb,VMUpgradeHelper,Application,2696,4,,,,,,,,,,,,,,,,,,,,,,,,,,,,,,,,,,,,,,,,,,,,,,,,,,,,,,,,,,,,,,,,,,,,,,,,,,
2025-07-29T04:09:36.645605Z,"{'#attributes': {'Qualifiers': 0}, '#text': 108}",DC01.pirate.htb,VMTools,Application,2697,4,,,,,,,,,,,,,,,,,,,,,,,,,,,,,,,,,,,,,,,,,,,,,,,,,,,,,,,,,,,,,,,,,,,,,,,,,,
2025-07-29T04:09:36.973701Z,"{'#attributes': {'Qualifiers': 0}, '#text': 8225}",DC01.pirate.htb,VSS,Application,2698,4,,,,2D20436F64653A2020434F525356434330303030303737312D2043616C6C3A2020434F525356434330303030303735352D205049443A202030303030343436342D205449443A202030303030343438342D20434D443A2020433A5C57696E646F77735C73797374656D33325C76737376632E6578652020202D20557365723A204E616D653A204E5420415554484F524954595C53595354454D2C205349443A532D312D352D313820,,,,,,,,,,,,,,,,,,,,,,,,,,,,,,,,,,,,,,,,,,,,,,,,,,,,,,,,,,,,,,,,,,,,,,
2025-07-29T04:09:36.946882Z,1532,DC01.pirate.htb,Microsoft-Windows-User Profiles Service,Application,2699,4,,,,,,,,,,,,,,,,,,,,,,,,,,,,,,,,,,,,,,,,,,,,,,,,,,,,,,,,,,,,,,,,,,,,,,,,,,
2026-01-08T21:12:22.818331Z,"{'#attributes': {'Qualifiers': 16384}, '#text': 4625}",DC01.pirate.htb,Microsoft-Windows-EventSystem,Application,2700,4,,,,,,,,,,,,,,,,,,,,,,,,,,,,,,,,,,,,,,,,,,,,,,,,,,,,,,,,,,,,,,,86400,,,,SuppressDuplicateDuration,Software\Microsoft\EventSystem\EventLog,,,,,,
2025-07-29T04:09:37.167315Z,38,DC01.pirate.htb,Microsoft-Windows-CertificationAuthority,Application,2701,4,,,,,,pirate-DC01-CA,,,,,,,,,,,,,,,,,,,,,,,,,,,,,,,,,,,,,,,,,,,,,,,,,,,,MSG_I_SERVER_STOPPED,,,,,,,,,,,,,,,,
2026-01-08T21:12:22.829625Z,1531,DC01.pirate.htb,Microsoft-Windows-User Profiles Service,Application,2702,4,,,,,,,,,,,,,,,,,,,,,,,,,,,,,,,,,,,,,,,,,,,,,,,,,,,,,,,,,,,,,,,,,,,,,,,,,,
2026-01-08T21:12:23.367818Z,5615,DC01.pirate.htb,Microsoft-Windows-WMI,Application,2703,4,,,,,,,,,,,,,,,,,,,,,,,,,,,,,,,,,,,,,,,,,,,,,,,,,,,,,,,,,,,,,,,,,,,,,,,,,,
2026-01-08T21:12:25.226914Z,5617,DC01.pirate.htb,Microsoft-Windows-WMI,Application,2704,4,,,,,,,,,,,,,,,,,,,,,,,,,,,,,,,,,,,,,,,,,,,,,,,,,,,,,,,,,,,,,,,,,,,,,,,,,,
2026-01-08T21:12:41.284522Z,"{'#attributes': {'Qualifiers': 0}, '#text': 105}",DC01.pirate.htb,VMTools,Application,2705,4,,,,,,,,,,,,,,,,,,,,,,,,,,,,,,,,,,,,,,,,,,,,,,,,,,,,,,,,,,,,,,,,,,,,,,,,,,
2026-01-08T21:12:41.409524Z,"{'#attributes': {'Qualifiers': 16384}, '#text': 900}",DC01.pirate.htb,Microsoft-Windows-Security-SPP,Application,2706,4,,,,,,,,,,,TriggerStarted:6,,,,,,,,,,,,,,,,,,,,,,,,,,,,,,,,,,,,,,,,,,,,,,,,,,,,,,,,,,,,,,,
2026-01-08T21:12:41.753278Z,"{'#attributes': {'Qualifiers': 16384}, '#text': 9027}",DC01.pirate.htb,Desktop Window Manager,Application,2707,4,,,,,,,,,,,,,,,,,,,,,,,,,,,,,,,,,,,,,,,,,,,,,,,,,,,,,,,,,,,,,,,,,,,,,,,,,,
2026-01-08T21:12:42.253279Z,"{'#attributes': {'Qualifiers': 49152}, '#text': 16394}",DC01.pirate.htb,Microsoft-Windows-Security-SPP,Application,2708,4,,,,,,,,,,,,,,,,,,,,,,,,,,,,,,,,,,,,,,,,,,,,,,,,,,,,,,,,,,,,,,,,,,,,,,,,,,
2026-01-08T21:12:42.409521Z,"{'#attributes': {'Qualifiers': 16384}, '#text': 1066}",DC01.pirate.htb,Microsoft-Windows-Security-SPP,Application,2709,4,,,,,,,,,,,"C:\Windows\system32\sppwinob.dll, msft:spp/windowsfunctionality/agent/7.0, 0x00000000, 0x00000000
C:\Windows\system32\sppobjs.dll, msft:rm/algorithm/inherited/1.0, 0x00000000, 0x00000000
C:\Windows\system32\sppobjs.dll, msft:rm/algorithm/phone/1.0, 0x00000000, 0x00000000
C:\Windows\system32\sppobjs.dll, msft:rm/algorithm/pkey/detect, 0x00000000, 0x00000000
C:\Windows\system32\sppobjs.dll, msft:spp/ActionScheduler/1.0, 0x00000000, 0x00000000
C:\Windows\system32\sppobjs.dll, msft:spp/TaskScheduler/1.0, 0x00000000, 0x00000000
C:\Windows\system32\sppobjs.dll, msft:spp/statecollector/pkey, 0x00000000, 0x00000000
C:\Windows\system32\sppobjs.dll, msft:spp/volume/services/kms/1.0, 0x00000000, 0x00000000
C:\Windows\system32\sppobjs.dll, msft:spp/volume/services/kms/activationinfo/1.0, 0x00000000, 0x00000000
",,,,,,,,,,,,,,,,,,,,,,,,,,,,,,,,,,,,,,,,,,,,,,,,,,,,,,,,,,,,,,,
2026-01-08T21:12:42.550145Z,"{'#attributes': {'Qualifiers': 16384}, '#text': 781}",DC01.pirate.htb,Microsoft-Windows-Complus,Application,2710,4,,,,,,,,,,,,,,,,,,,,,,,,,,,,,,,,,,,,,,,,,,,,,,,,,,,,,,,,,,,,,,,86400,,,,SuppressDuplicateDuration,Software\Microsoft\COM3\Eventlog,,,,,,
2026-01-08T21:12:42.690776Z,"{'#attributes': {'Qualifiers': 0}, '#text': 258}",DC01.pirate.htb,VMUpgradeHelper,Application,2711,4,,,,,,,,,,,,,,,,,,,,,,,,,,,,,,,,,,,,,,,,,,,,,,,,,,,,,,,,,,,,,,,,,,,,,,,,,,
2026-01-08T21:12:42.800146Z,"{'#attributes': {'Qualifiers': 16384}, '#text': 1034}",DC01.pirate.htb,Microsoft-Windows-Security-SPP,Application,2712,4,,,,,,,,,,,,Security-SPP-WriteWauMarker,500,,,,,,,,,,,,,,,,,,,,,,,,,,,,,,,,,,,,,,,,,,,,,,,,,,,,,,,,,,,,,
2026-01-08T21:12:42.831393Z,"{'#attributes': {'Qualifiers': 16384}, '#text': 1003}",DC01.pirate.htb,Microsoft-Windows-Security-SPP,Application,2713,4,,,,,,,,,,,,55c92734-d682-4d71-983e-d6ec3f16059f,"
1: 7783a126-c108-4cf7-b59f-13c78c7a7337, 1, 0 [(0 [0xC004E003, 0, 0], [( 9 0xC004FC07 180 0)( 1 0x00000000)(?)( 2 0x00000000 0 0 msft:rm/algorithm/hwid/4.0 0x00000000 0)(?)( 9 0xC004FC07 180 0)( 10 0x00000000 msft:rm/algorithm/flags/1.0)(?)])(1 )(2 )(3 [0x00000000, 0, 0], [( 6 0xC004F009 10 0)( 1 0x00000000)( 6 0xC004F009 10 0)(?)(?)(?)( 10 0x00000000 msft:rm/algorithm/flags/1.0)( 11 0x00000000 0xC004FC07)])]

",,,,,,,,,,,,,,,,,,,,,,,,,,,,,,,,,,,,,,,,,,,,,,,,,,,,,,,,,,,,,
2026-01-08T21:12:42.862644Z,"{'#attributes': {'Qualifiers': 16384}, '#text': 902}",DC01.pirate.htb,Microsoft-Windows-Security-SPP,Application,2714,0,,,,,,,,,,,10.0.17763.7309,,,,,,,,,,,,,,,,,,,,,,,,,,,,,,,,,,,,,,,,,,,,,,,,,,,,,,,,,,,,,,,
2026-01-08T21:12:42.972019Z,"{'#attributes': {'Qualifiers': 0}, '#text': 100}",DC01.pirate.htb,WLMS,Application,2715,4,,,,,,,,,,,,,,,,,,,,,,,,,,,,,,,,,,,,,,,,,,,,,,,,,,,,,,,,,,,,,,,,,,,,,,,,,,
2026-01-08T21:12:43.472032Z,"{'#attributes': {'Qualifiers': 0}, '#text': 271}",DC01.pirate.htb,VMUpgradeHelper,Application,2716,4,,,,,,,,,,,,,,,,,,,,,,,,,,,,,,,,,,,,,,,,,,,,,,,,,,,,,,,,,,,,,,,,,,,,,,,,,,
2026-01-08T21:12:44.112654Z,"{'#attributes': {'Qualifiers': 16384}, '#text': 4202}",DC01.pirate.htb,Microsoft-Windows-MSDTC 2,Application,2717,4,,,,,,,,,,,,,,,,,,,,,,,,,,,,,,,,,,,,,,,,,,,,,,,,,,,,,,,,,,,,,,,0,0,0,1,0,0,0,0,0,1,Mutual Authentication Required,NT AUTHORITY\NetworkService
2026-01-08T21:12:45.628279Z,"{'#attributes': {'Qualifiers': 16384}, '#text': 8230}",DC01.pirate.htb,Microsoft-Windows-Security-SPP,Application,2718,4,,,,,,,,,,,Security-SPP-Action-StateData (REG_SZ) =AppId=55c92734-d682-4d71-983e-d6ec3f16059f;LastConsumptionReason=0xc004fc07;LastNotificationId=TimeBasedExpired;LicenseState=SL_LICENSING_STATUS_NOTIFICATION;PartialProductKey=Y7XRX;ProductKeyType=Retail:TB:Eval;SkuId=7783a126-c108-4cf7-b59f-13c78c7a7337;ruleId=8244d55f-dcd7-4010-8151-2a5af187b1ed;uxDifferentiator=TIMEBASED_EVAL,,,,,,,,,,,,,,,,,,,,,,,,,,,,,,,,,,,,,,,,,,,,,,,,,,,,,,,,,,,,,,,
2026-01-08T21:12:46.619483Z,"{'#attributes': {'Qualifiers': 16384}, '#text': 8230}",DC01.pirate.htb,Microsoft-Windows-Security-SPP,Application,2719,4,,,,,,,,,,,Security-SPP-Action-StateData (REG_SZ) =AppId=55c92734-d682-4d71-983e-d6ec3f16059f;LastConsumptionReason=0xc004fc07;LastNotificationId=TimeBasedExpired;LicenseState=SL_LICENSING_STATUS_NOTIFICATION;PartialProductKey=Y7XRX;ProductKeyType=Retail:TB:Eval;SkuId=7783a126-c108-4cf7-b59f-13c78c7a7337;ruleId=8244d55f-dcd7-4010-8151-2a5af187b1ed;uxDifferentiator=TIMEBASED_EVAL,,,,,,,,,,,,,,,,,,,,,,,,,,,,,,,,,,,,,,,,,,,,,,,,,,,,,,,,,,,,,,,
2026-01-08T21:13:01.722033Z,"{'#attributes': {'Qualifiers': 0}, '#text': 102}",DC01.pirate.htb,ESENT,Application,2720,4,,,,,,,,,,,,certsrv.exe,"2924,P,98",,,,,,,,,,,,,,,0,10,00,17763,0000,,,,,,,,,,,,,,,,,,,,,,,,,,,,,,,,,,,,,,,,,,
2026-01-08T21:13:01.838113Z,"{'#attributes': {'Qualifiers': 0}, '#text': 105}",DC01.pirate.htb,ESENT,Application,2721,4,,,,,,,,,,,,certsrv.exe,"2924,D,0",,,,,,,,,,,,,,,0,0,"
[1] 0.002017 +J(0) +M(C:0K, Fs:172, WS:676K # 676K, PF:2856K # 2592K, P:2856K)
[2] 0.001160 +J(0) +M(C:3200K, Fs:141, WS:552K # 552K, PF:3688K # 3684K, P:3688K)
[3] 0.000024 +J(0) +M(C:0K, Fs:4, WS:12K # 12K, PF:68K # 68K, P:68K)
[4] 0.000090 +J(0) +M(C:0K, Fs:15, WS:60K # 60K, PF:496K # 496K, P:496K)
[5] 0.001090 +J(0) +M(C:0K, Fs:7, WS:28K # 28K, PF:20K # 20K, P:20K)
[6] 0.011126 +J(0) +M(C:0K, Fs:25, WS:96K # 96K, PF:12K # 12K, P:12K)
[7] 0.059200 -0.053110 (5) WT +J(0) +M(C:0K, Fs:274, WS:1096K # 1096K, PF:1024K # 1024K, P:1024K)
[8] -
[9] -
[10] -
[11] -
[12] -
[13] 0.039516 -0.031718 (6) WT +J(CM:0, PgRf:0, Rd:0/0, Dy:0/0, Lg:616/1) +M(C:0K, Fs:7, WS:-1004K # 16K, PF:-1020K # 12K, P:-1020K)
[14] 0.000019 +J(0) +M(C:0K, Fs:1, WS:4K # 0K, PF:0K # 0K, P:0K)
[15] 0.000224 +J(0) +M(C:0K, Fs:100, WS:400K # 0K, PF:64K # 0K, P:64K)
[16] 0.000815 -0.000611 (1) WT +J(0) +M(C:0K, Fs:2, WS:0K # 0K, PF:0K # 0K, P:0K).",,,,,,,,,,,,,,,,,,,,,,,,,,,,,,,,,,,,,,,,,,,,
2026-01-08T21:13:01.909519Z,"{'#attributes': {'Qualifiers': 0}, '#text': 326}",DC01.pirate.htb,ESENT,Application,2722,4,,,,,,,,,,,,certsrv.exe,"2924,D,50",,,,,,,,,,,,,,,1,C:\Windows\system32\CertLog\pirate-DC01-CA.edb,0,"
[1] 0.000007 +J(0) +M(C:0K, Fs:1, WS:4K # 0K, PF:0K # 0K, P:0K)
[2] 0.002139 -0.001370 (1) WT +J(0) +M(C:0K, Fs:18, WS:8K # 0K, PF:4K # 0K, P:4K)
[3] 0.026898 -0.017219 (6) WT +J(CM:0, PgRf:0, Rd:0/0, Dy:0/0, Lg:3480/2) +M(C:0K, Fs:29, WS:108K # 0K, PF:144K # 0K, P:144K)
[4] 0.000126 +J(0)
[5] -
[6] -
[7] -
[8] 0.001656 -0.001362 (2) CM -0.001186 (2) WT +J(CM:2, PgRf:2, Rd:14/2, Dy:0/0, Lg:0/0) +M(C:0K, Fs:50, WS:200K # 0K, PF:128K # 0K, P:128K)
[9] 0.005483 -0.005057 (3) CM -0.004868 (3) WT +J(CM:3, PgRf:23, Rd:0/2, Dy:0/0, Lg:0/0) +M(C:0K, Fs:22, WS:88K # 0K, PF:196K # 0K, P:196K)
[10] 0.028484 -0.028335 (1) CM -0.028279 (1) WT +J(CM:1, PgRf:40, Rd:0/1, Dy:0/0, Lg:0/0) +M(C:0K, Fs:3, WS:12K # 0K, PF:64K # 0K, P:64K)
[11] 0.000021 +J(CM:0, PgRf:1, Rd:0/0, Dy:0/0, Lg:0/0) +M(C:0K, Fs:2, WS:8K # 0K, PF:0K # 0K, P:0K)
[12] 0.000062 +J(CM:0, PgRf:42, Rd:0/0, Dy:0/0, Lg:0/0)
[13] 0.000001 +J(0)
[14] 0.0 +J(0)
[15] 0.000007 +J(CM:0, PgRf:1, Rd:0/0, Dy:0/0, Lg:0/0).",0 0,lgposAttach = 00000001:00F1:0268,,,,,,,,,,,,,,,,,,,,,,,,,,,,,,,,,,,,,,,,,
2026-01-08T21:13:02.661195Z,"{'#attributes': {'Qualifiers': 0}, '#text': 102}",DC01.pirate.htb,ESENT,Application,2723,4,,,,,,,,,,,,DFSRs,"2968,P,98",,,,,,,,,,,\\.\C:\System Volume Information\DFSR\database_1E64_8720_6486_FA33\dfsr.db: ,,,,0,10,00,17763,0000,,,,,,,,,,,,,,,,,,,,,,,,,,,,,,,,,,,,,,,,,,
2026-01-08T21:13:03.003283Z,"{'#attributes': {'Qualifiers': 0}, '#text': 105}",DC01.pirate.htb,ESENT,Application,2724,4,,,,,,,,,,,,DFSRs,"2968,D,0",,,,,,,,,,,\\.\C:\System Volume Information\DFSR\database_1E64_8720_6486_FA33\dfsr.db: ,,,,0,0,"
[1] 0.014737 +J(0) +M(C:0K, Fs:265, WS:1028K # 1028K, PF:6388K # 6392K, P:6388K)
[2] 0.000310 +J(0) +M(C:16K, Fs:95, WS:372K # 372K, PF:316K # 312K, P:316K)
[3] 0.000021 +J(0) +M(C:0K, Fs:4, WS:16K # 16K, PF:64K # 64K, P:64K)
[4] 0.000204 +J(0) +M(C:2032K, Fs:37, WS:144K # 144K, PF:2428K # 2428K, P:2428K)
[5] 0.000763 +J(0) +M(C:0K, Fs:9, WS:36K # 36K, PF:24K # 24K, P:24K)
[6] 0.004277 +J(0) +M(C:0K, Fs:11, WS:40K # 40K, PF:16K # 16K, P:16K)
[7] -
[8] -
[9] -
[10] -
[11] -
[12] -
[13] 0.220460 -0.157224 (36) WT +J(CM:0, PgRf:0, Rd:0/0, Dy:0/0, Lg:616/1) +M(C:0K, Fs:1426, WS:576K # 5676K, PF:24K # 5152K, P:24K)
[14] 0.000021 +J(0) +M(C:0K, Fs:1, WS:4K # 0K, PF:0K # 0K, P:0K)
[15] 0.000130 +J(0) +M(C:0K, Fs:65, WS:256K # 0K, PF:68K # 0K, P:68K)
[16] 0.119651 -0.001153 (3) WT +J(0) +M(C:0K, Fs:5, WS:12K # 0K, PF:0K # 0K, P:0K).",,,,,,,,,,,,,,,,,,,,,,,,,,,,,,,,,,,,,,,,,,,,
2026-01-08T21:13:03.065781Z,"{'#attributes': {'Qualifiers': 0}, '#text': 637}",DC01.pirate.htb,ESENT,Application,2725,4,,,,,,,,,,,,DFSRs,"2968,D,35",,,,,,,,,,,\\.\C:\System Volume Information\DFSR\database_1E64_8720_6486_FA33\dfsr.db: ,,,,\\.\C:\System Volume Information\DFSR\database_1E64_8720_6486_FA33\dfsr.jfm,,,,,,,,,,,,,,,,,,,,,,,,,,,,,,,,,,,,,,,,,,,,,,
2026-01-08T21:13:03.472025Z,"{'#attributes': {'Qualifiers': 0}, '#text': 325}",DC01.pirate.htb,ESENT,Application,2726,4,,,,,,,,,,,,DFSRs,"2968,D,35",,,,,,,,,,,\\.\C:\System Volume Information\DFSR\database_1E64_8720_6486_FA33\dfsr.db: ,,,,1,\\.\C:\System Volume Information\DFSR\database_1E64_8720_6486_FA33\dfsr.db,0,"
[1] 0.000331 +J(0) +M(C:0K, Fs:3, WS:12K # 0K, PF:8K # 0K, P:8K)
[2] 0.034854 -0.005284 (1) WT +J(CM:0, PgRf:0, Rd:0/0, Dy:0/0, Lg:3480/2) +M(C:0K, Fs:1, WS:4K # 0K, PF:0K # 0K, P:0K)
[3] 0.135986 -0.000003 (3) WT +J(0) +M(C:0K, Fs:17, WS:60K # 0K, PF:40K # 0K, P:40K)
[4] 0.000654 +J(0)
[5] 0.000190 +J(CM:0, PgRf:3, Rd:0/0, Dy:3/6, Lg:122/4) +M(C:0K, Fs:35, WS:140K # 0K, PF:148K # 0K, P:148K)
[6] 0.008586 -0.003622 (1) WT +J(CM:0, PgRf:209, Rd:0/0, Dy:12/408, Lg:24454/447) +M(C:0K, Fs:63, WS:252K # 0K, PF:220K # 0K, P:220K)
[7] 0.003162 -0.002343 (1) WT +J(CM:0, PgRf:0, Rd:0/0, Dy:0/0, Lg:4096/2) +M(C:0K, Fs:1, WS:4K # 0K, PF:0K # 0K, P:0K)
[8] 0.000004 +J(0)
[9] 0.212737 -0.152313 (5) WT +J(0) +M(C:-52K, Fs:23, WS:20K # 0K, PF:52K # 0K, P:52K)
[10] 0.031437 -0.019185 (5) WT +J(CM:0, PgRf:346, Rd:0/0, Dy:7/93, Lg:12509/128) +M(C:12K, Fs:31, WS:116K # 0K, PF:96K # 0K, P:96K)
[11] 0.000008 +J(0).",0 0,lgposCreate = 00000001:0001:0268,,,,,,,,,,,,,,,,,,,,,,,,,,,,,,,,,,,,,,,,,
2026-01-08T21:13:04.581398Z,"{'#attributes': {'Qualifiers': 32768}, '#text': 6003}",DC01.pirate.htb,Microsoft-Windows-Winlogon,Application,2727,4,,,,D9060000,,,,,,,SessionEnv,,,,,,,,,,,,,,,,,,,,,,,,,,,,,,,,,,,,,,,,,,,,,,,,,,,,,,,,,,,,,,,
2026-01-08T21:13:05.977621Z,"{'#attributes': {'Qualifiers': 32768}, '#text': 6000}",DC01.pirate.htb,Microsoft-Windows-Winlogon,Application,2728,4,,,,D9060000,,,,,,,SessionEnv,,,,,,,,,,,,,,,,,,,,,,,,,,,,,,,,,,,,,,,,,,,,,,,,,,,,,,,,,,,,,,,
2026-01-08T21:13:05.757504Z,1023,DC01.pirate.htb,Microsoft-Windows-Perflib,Application,2729,2,,,,,,,,,,,,,,,,,,,,,,,,,,,,,,,,,,,,,,,,,,,C:\Windows\system32\ntdsperf.dll,,,,,,,,,,,,,,126,,,,,,,,,,,,,,,,,
2026-01-08T21:13:09.956398Z,"{'#attributes': {'Qualifiers': 16384}, '#text': 1003}",DC01.pirate.htb,Microsoft-Windows-Security-SPP,Application,2730,4,,,,,,,,,,,,55c92734-d682-4d71-983e-d6ec3f16059f,"
1: 7783a126-c108-4cf7-b59f-13c78c7a7337, 1, 1 [(0 [0xC004E003, 0, 0], [( 9 0xC004FC07 180 0)( 1 0x00000000)(?)( 2 0x00000000 0 0 msft:rm/algorithm/hwid/4.0 0x00000000 0)(?)( 9 0xC004FC07 180 0)( 10 0x00000000 msft:rm/algorithm/flags/1.0)(?)])(1 )(2 )(3 [0x00000000, 0, 0], [( 6 0xC004F009 10 0)( 1 0x00000000)( 6 0xC004F009 10 0)(?)(?)(?)( 10 0x00000000 msft:rm/algorithm/flags/1.0)( 11 0x00000000 0xC004FC07)])]

",,,,,,,,,,,,,,,,,,,,,,,,,,,,,,,,,,,,,,,,,,,,,,,,,,,,,,,,,,,,,
2026-01-08T21:13:10.081398Z,"{'#attributes': {'Qualifiers': 49152}, '#text': 8197}",DC01.pirate.htb,Microsoft-Windows-Security-SPP,Application,2731,4,,,,,,,,,,,RuleId=8244d55f-dcd7-4010-8151-2a5af187b1ed;Action=NotifyUser;AppId=55c92734-d682-4d71-983e-d6ec3f16059f;SkuId=7783a126-c108-4cf7-b59f-13c78c7a7337;NotificationInterval=240;Trigger=UserLogon;SessionId=1,,,,,,,,,,,,,,,,,,,,,,,,,,,,,,,,,,,,,,,,,,,,,,,,,,,,,,,,,,,,,,,
2026-01-08T21:13:13.233108Z,26,DC01.pirate.htb,Microsoft-Windows-CertificationAuthority,Application,2732,4,,,,,,pirate-DC01-CA,,,DC01.pirate.htb,  DC=,,,,,,,,,,,,,,,,,,,,,,,,,,,,,,,,,,,,,,,,,,,,,,,,MSG_I_SERVER_STARTED,,,,,,,,,,,,,,,,
