TimeGenerated,EventID,Computer,Provider,Channel,RecordID,Level,AdditionalErrorMessage,AppType,AppVersion,Binary,CACertIdentifier,CACommonName,CAKeyIdentifier,Class,DCName,DCSpecifier,Data_text,Data_text_0,Data_text_1,Data_text_10,Data_text_11,Data_text_12,Data_text_13,Data_text_14,Data_text_15,Data_text_16,Data_text_17,Data_text_18,Data_text_19,Data_text_2,Data_text_20,Data_text_21,Data_text_22,Data_text_3,Data_text_4,Data_text_5,Data_text_6,Data_text_7,Data_text_8,Data_text_9,DisplayName,ErrorCode,ErrorMessageText,ErrorString,EventProvider,Files_File,FullPath,LDAPPath,Library,MethodName,Name,Namespace,Pid,PolicyModuleDescription,Query,Reason,RmSessionId,Status,TSSessionId,URL,UTCStartTime,User,Win32Error,attributes_Name,attributes_xmlns,binaryData,binaryDataSize,nFiles,param1,param10,param11,param12,param2,param3,param4,param5,param6,param7,param8,param9
2025-06-08T23:31:32.804801Z,"{'#attributes': {'Qualifiers': 16384}, '#text': 4625}",WIN-P4PGN19G2KB,Microsoft-Windows-EventSystem,Application,1,4,,,,,,,,,,,,,,,,,,,,,,,,,,,,,,,,,,,,,,,,,,,,,,,,,,,,,,,,,,,,,,,86400,,,,SuppressDuplicateDuration,Software\Microsoft\EventSystem\EventLog,,,,,,
2025-06-08T23:31:32.802333Z,1531,WIN-P4PGN19G2KB,Microsoft-Windows-User Profiles Service,Application,2,4,,,,,,,,,,,,,,,,,,,,,,,,,,,,,,,,,,,,,,,,,,,,,,,,,,,,,,,,,,,,,,,,,,,,,,,,,,
2025-06-08T23:31:33.356452Z,5615,WIN-P4PGN19G2KB,Microsoft-Windows-WMI,Application,3,4,,,,,,,,,,,,,,,,,,,,,,,,,,,,,,,,,,,,,,,,,,,,,,,,,,,,,,,,,,,,,,,,,,,,,,,,,,
2025-06-08T23:31:39.453551Z,5617,WIN-P4PGN19G2KB,Microsoft-Windows-WMI,Application,4,4,,,,,,,,,,,,,,,,,,,,,,,,,,,,,,,,,,,,,,,,,,,,,,,,,,,,,,,,,,,,,,,,,,,,,,,,,,
2025-06-08T23:31:40.454237Z,1532,WIN-P4PGN19G2KB,Microsoft-Windows-User Profiles Service,Application,5,4,,,,,,,,,,,,,,,,,,,,,,,,,,,,,,,,,,,,,,,,,,,,,,,,,,,,,,,,,,,,,,,,,,,,,,,,,,
2025-06-08T23:31:58.146246Z,"{'#attributes': {'Qualifiers': 16384}, '#text': 1016}",WIN-P4PGN19G2KB,Microsoft-Windows-Security-SPP,Application,6,4,,,,,,,,,,,,7783a126-c108-4cf7-b59f-13c78c7a7337,db971a64-f523-beb8-94a1-906138c37845,,,,,,,,,,,,,,,,,,,,,,,,,,,,,,,,,,,,,,,,,,,,,,,,,,,,,,,,,,,,,
2025-06-08T23:31:58.286977Z,"{'#attributes': {'Qualifiers': 16384}, '#text': 1034}",WIN-P4PGN19G2KB,Microsoft-Windows-Security-SPP,Application,7,4,,,,,,,,,,,,Security-SPP-WriteWauMarker,500,,,,,,,,,,,,,,,,,,,,,,,,,,,,,,,,,,,,,,,,,,,,,,,,,,,,,,,,,,,,,
2025-06-08T23:31:58.303457Z,"{'#attributes': {'Qualifiers': 16384}, '#text': 1003}",WIN-P4PGN19G2KB,Microsoft-Windows-Security-SPP,Application,8,4,,,,,,,,,,,,55c92734-d682-4d71-983e-d6ec3f16059f,"
1: 7783a126-c108-4cf7-b59f-13c78c7a7337, 1, 0 [(0 )(1 )(2 )(3 [0x00000000, 0, 1], [(?)( 1 0x00000000)( 6 0x00000000 10 14400)(?)(?)(?)( 10 0x00000000 msft:rm/algorithm/flags/1.0)(?)])]

",,,,,,,,,,,,,,,,,,,,,,,,,,,,,,,,,,,,,,,,,,,,,,,,,,,,,,,,,,,,,
2025-06-08T23:31:58.443042Z,"{'#attributes': {'Qualifiers': 16384}, '#text': 4625}",WIN-P4PGN19G2KB,Microsoft-Windows-EventSystem,Application,9,4,,,,,,,,,,,,,,,,,,,,,,,,,,,,,,,,,,,,,,,,,,,,,,,,,,,,,,,,,,,,,,,86400,,,,SuppressDuplicateDuration,Software\Microsoft\EventSystem\EventLog,,,,,,
2025-06-08T23:31:58.440292Z,1531,WIN-P4PGN19G2KB,Microsoft-Windows-User Profiles Service,Application,10,4,,,,,,,,,,,,,,,,,,,,,,,,,,,,,,,,,,,,,,,,,,,,,,,,,,,,,,,,,,,,,,,,,,,,,,,,,,
2025-06-08T14:32:00.212274Z,5615,WIN-P4PGN19G2KB,Microsoft-Windows-WMI,Application,11,4,,,,,,,,,,,,,,,,,,,,,,,,,,,,,,,,,,,,,,,,,,,,,,,,,,,,,,,,,,,,,,,,,,,,,,,,,,
2025-06-08T14:32:01.067893Z,5617,WIN-P4PGN19G2KB,Microsoft-Windows-WMI,Application,12,4,,,,,,,,,,,,,,,,,,,,,,,,,,,,,,,,,,,,,,,,,,,,,,,,,,,,,,,,,,,,,,,,,,,,,,,,,,
2025-06-08T14:32:02.561872Z,"{'#attributes': {'Qualifiers': 0}, '#text': 640}",WIN-P4PGN19G2KB,ESENT,Application,13,3,,,,,,,,,,,,Catalog Database,"1076,D,35",,,,,,,,,,,Catalog Database: ,,,,-1919,C:\Windows\system32\CatRoot2\{127D0A1D-4EF2-11D1-8608-00C04FC295EE}\catdb.jfm,[SignDbHdrFromDb:Create time:00/00/1900 00:00:00.000 Rand:0 Computer:] [SignFmHdrFromDb:Create time:00/00/1900 00:00:00.000 Rand:0 Computer:] [SignDbHdrFromFm:Create time:06/08/2025 14:32:00.999 Rand:1587964856 Computer:] [SignFmHdrFromFm:Create time:06/08/2025 14:32:01.218 Rand:1528850171 Computer:],,,,,,,,,,,,,,,,,,,,,,,,,,,,,,,,,,,,,,,,,,,,
2025-06-08T14:32:02.561872Z,"{'#attributes': {'Qualifiers': 0}, '#text': 636}",WIN-P4PGN19G2KB,ESENT,Application,14,3,,,,,,,,,,,,Catalog Database,"1076,D,35",,,,,,,,,,,Catalog Database: ,,,,C:\Windows\system32\CatRoot2\{127D0A1D-4EF2-11D1-8608-00C04FC295EE}\catdb.jfm,ReadHdrFailed,,,,,,,,,,,,,,,,,,,,,,,,,,,,,,,,,,,,,,,,,,,,,
2025-06-08T14:32:02.618912Z,"{'#attributes': {'Qualifiers': 0}, '#text': 640}",WIN-P4PGN19G2KB,ESENT,Application,15,3,,,,,,,,,,,,Catalog Database,"1076,D,35",,,,,,,,,,,Catalog Database: ,,,,-1919,C:\Windows\system32\CatRoot2\{F750E6C3-38EE-11D1-85E5-00C04FC295EE}\catdb.jfm,[SignDbHdrFromDb:Create time:00/00/1900 00:00:00.000 Rand:0 Computer:] [SignFmHdrFromDb:Create time:00/00/1900 00:00:00.000 Rand:0 Computer:] [SignDbHdrFromFm:Create time:06/08/2025 14:32:01.014 Rand:2264396393 Computer:] [SignFmHdrFromFm:Create time:06/08/2025 14:32:02.546 Rand:837559065 Computer:],,,,,,,,,,,,,,,,,,,,,,,,,,,,,,,,,,,,,,,,,,,,
2025-06-08T14:32:02.618912Z,"{'#attributes': {'Qualifiers': 0}, '#text': 636}",WIN-P4PGN19G2KB,ESENT,Application,16,3,,,,,,,,,,,,Catalog Database,"1076,D,35",,,,,,,,,,,Catalog Database: ,,,,C:\Windows\system32\CatRoot2\{F750E6C3-38EE-11D1-85E5-00C04FC295EE}\catdb.jfm,ReadHdrFailed,,,,,,,,,,,,,,,,,,,,,,,,,,,,,,,,,,,,,,,,,,,,,
2025-06-08T14:32:38.003237Z,"{'#attributes': {'Qualifiers': 0}, '#text': 4112}",WIN-P4PGN19G2KB,Microsoft-Windows-CAPI2,Application,17,4,,,,,,,,,,,"‎Wednesday, ‎December ‎4, ‎2024 11:00:14 AM",,,,,,,,,,,,,,,,,,,,,,,,,,,,,,,,,,,,,,,,,,,,,,,,,,,,,,,,,,,,,,,
2025-06-08T14:32:39.858292Z,"{'#attributes': {'Qualifiers': 0}, '#text': 4097}",WIN-P4PGN19G2KB,Microsoft-Windows-CAPI2,Application,18,4,,,,,,,,,,,,"CN=DigiCert Global Root CA, OU=www.digicert.com, O=DigiCert Inc, C=US",A8985D3A65E5E5C4B2D7D66D40C6DD2FB19C5436,,,,,,,,,,,,,,,,,,,,,,,,,,,,,,,,,,,,,,,,,,,,,,,,,,,,,,,,,,,,,
2025-06-08T14:32:44.830774Z,"{'#attributes': {'Qualifiers': 32768}, '#text': 6003}",WIN-P4PGN19G2KB,Microsoft-Windows-Winlogon,Application,19,4,,,,D9060000,,,,,,,SessionEnv,,,,,,,,,,,,,,,,,,,,,,,,,,,,,,,,,,,,,,,,,,,,,,,,,,,,,,,,,,,,,,,
2025-06-08T14:32:45.315522Z,"{'#attributes': {'Qualifiers': 16384}, '#text': 5}",WIN-P4PGN19G2KB,Microsoft-Windows-Search-ProfileNotify,Application,20,4,,,,,,,,,,,,,,,,,,,,,,,,,,,,,,,,,,,,,,,,,,,,,,,,,,,,,,,,WIN-P4PGN19G2KB\Administrator,,,,,,,,,,,,,,,,,,
2025-06-08T14:32:45.596979Z,"{'#attributes': {'Qualifiers': 32768}, '#text': 6000}",WIN-P4PGN19G2KB,Microsoft-Windows-Winlogon,Application,21,4,,,,D9060000,,,,,,,SessionEnv,,,,,,,,,,,,,,,,,,,,,,,,,,,,,,,,,,,,,,,,,,,,,,,,,,,,,,,,,,,,,,,
2025-06-08T14:32:51.883214Z,"{'#attributes': {'Qualifiers': 0}, '#text': 4097}",WIN-P4PGN19G2KB,Microsoft-Windows-CAPI2,Application,22,4,,,,,,,,,,,,"CN=DigiCert Global Root G2, OU=www.digicert.com, O=DigiCert Inc, C=US",DF3C24F9BFD666761B268073FE06D1CC8D4F82A4,,,,,,,,,,,,,,,,,,,,,,,,,,,,,,,,,,,,,,,,,,,,,,,,,,,,,,,,,,,,,
2025-06-08T14:32:52.101732Z,"{'#attributes': {'Qualifiers': 16384}, '#text': 8230}",WIN-P4PGN19G2KB,Microsoft-Windows-Security-SPP,Application,23,4,,,,,,,,,,,Security-SPP-Action-StateData (REG_SZ) =AppId=55c92734-d682-4d71-983e-d6ec3f16059f;GraceEndDate=2025/06/18:14:32:51;LastConsumptionReason=0x4004f00c;LastNotificationId=NeverActivated;LicenseState=SL_LICENSING_STATUS_IN_GRACE_PERIOD;PartialProductKey=Y7XRX;ProductKeyType=Retail:TB:Eval;SkuId=7783a126-c108-4cf7-b59f-13c78c7a7337;ruleId=31e71c49-8da7-4a2f-ad92-45d98a1c79ba;uxDifferentiator=TIMEBASED_EVAL,,,,,,,,,,,,,,,,,,,,,,,,,,,,,,,,,,,,,,,,,,,,,,,,,,,,,,,,,,,,,,,
2025-06-08T14:32:58.461470Z,"{'#attributes': {'Qualifiers': 16384}, '#text': 1013}",WIN-P4PGN19G2KB,Microsoft-Windows-Security-SPP,Application,24,0,,,,,,,,,,,7783a126-c108-4cf7-b59f-13c78c7a7337,,,,,,,,,,,,,,,,,,,,,,,,,,,,,,,,,,,,,,,,,,,,,,,,,,,,,,,,,,,,,,,
2025-06-08T14:32:58.484385Z,"{'#attributes': {'Qualifiers': 16384}, '#text': 1004}",WIN-P4PGN19G2KB,Microsoft-Windows-Security-SPP,Application,25,4,,,,,,,,,,,,XrML 2.1 License - {msft:sl/EUL/ACTIVATED/PUBLIC},71c93974-8b4c-40ea-bfd8-cf696588118a,,,,,,,,,,,,,,,,,,,,,,,,,,,,,,,,,,,,,,,,,,,,,,,,,,,,,,,,,,,,,
2025-06-08T14:32:58.484385Z,"{'#attributes': {'Qualifiers': 16384}, '#text': 1004}",WIN-P4PGN19G2KB,Microsoft-Windows-Security-SPP,Application,26,4,,,,,,,,,,,,XrML 2.1 License - {msft:sl/EUL/ACTIVATED/PRIVATE},c1de8990-c63d-4fbe-91d9-8a799bc3f743,,,,,,,,,,,,,,,,,,,,,,,,,,,,,,,,,,,,,,,,,,,,,,,,,,,,,,,,,,,,,
2025-06-08T14:32:58.502321Z,"{'#attributes': {'Qualifiers': 32768}, '#text': 1067}",WIN-P4PGN19G2KB,Microsoft-Windows-Security-SPP,Application,27,4,,,,01000000,,,,,,,,0x00000000,7783a126-c108-4cf7-b59f-13c78c7a7337,,,,,,,,,,,SL_ACTIVATION_VALIDATION_IN_PROGRESS,,,,,,,,,,,,,,,,,,,,,,,,,,,,,,,,,,,,,,,,,,,,,,,,,,
2025-06-08T14:32:59.747882Z,"{'#attributes': {'Qualifiers': 49152}, '#text': 20488}",WIN-P4PGN19G2KB,Microsoft-Windows-Security-SPP,Application,28,4,,,,,,,,,,,,,,,,,,,,,,,,,,,,,,,,,,,,,,,,,,,,,,,,,,,,,,,,,,,,,,,,,,,,,,,,,,
2025-06-08T14:32:59.898747Z,"{'#attributes': {'Qualifiers': 49152}, '#text': 20481}",WIN-P4PGN19G2KB,Microsoft-Windows-Security-SPP,Application,29,4,,,,,,,,,,,,,,,,,,,,,,,,,,,,,,,,,,,,,,,,,,,,,,,,,,,,,,,,,,,,,,,,,,,,,,,,,,
2025-06-08T14:33:00.004258Z,"{'#attributes': {'Qualifiers': 49152}, '#text': 20482}",WIN-P4PGN19G2KB,Microsoft-Windows-Security-SPP,Application,30,4,,,,,,,,,,,,,,,,,,,,,,,,,,,,,,,,,,,,,,,,,,,,,,,,,,,,,,,,,,,,,,,,,,,,,,,,,,
2025-06-08T14:33:00.111857Z,"{'#attributes': {'Qualifiers': 16384}, '#text': 1034}",WIN-P4PGN19G2KB,Microsoft-Windows-Security-SPP,Application,31,4,,,,,,,,,,,,Security-SPP-WriteWauMarker,500,,,,,,,,,,,,,,,,,,,,,,,,,,,,,,,,,,,,,,,,,,,,,,,,,,,,,,,,,,,,,
2025-06-08T14:33:00.160285Z,"{'#attributes': {'Qualifiers': 49152}, '#text': 20489}",WIN-P4PGN19G2KB,Microsoft-Windows-Security-SPP,Application,32,4,,,,,,,,,,,,,,,,,,,,,,,,,,,,,,,,,,,,,,,,,,,,,,,,,,,,,,,,,,,,,,,,,,,,,,,,,,
2025-06-08T14:33:01.464863Z,"{'#attributes': {'Qualifiers': 16384}, '#text': 12305}",WIN-P4PGN19G2KB,Microsoft-Windows-Security-SPP,Application,33,4,,,,,,,,,,,55c92734-d682-4d71-983e-d6ec3f16059f,,,,,,,,,,,,,,,,,,,,,,,,,,,,,,,,,,,,,,,,,,,,,,,,,,,,,,,,,,,,,,,
2025-06-08T14:33:01.464863Z,"{'#attributes': {'Qualifiers': 16384}, '#text': 12304}",WIN-P4PGN19G2KB,Microsoft-Windows-Security-SPP,Application,34,4,,,,,,,,,,,{99d92734-d682-4d71-983e-d6ec3f16059f},,,,,,,,,,,,,,,,,,,,,,,,,,,,,,,,,,,,,,,,,,,,,,,,,,,,,,,,,,,,,,,
2025-06-08T14:33:02.137915Z,"{'#attributes': {'Qualifiers': 16384}, '#text': 12311}",WIN-P4PGN19G2KB,Microsoft-Windows-Security-SPP,Application,35,4,,,,,,,,,,,,,,,,,,,,,,,,,,,,,,,,,,,,,,,,,,,,,,,,,,,,,,,,,,,,,,,,,,,,,,,,,,
2025-06-08T14:33:03.011191Z,"{'#attributes': {'Qualifiers': 16384}, '#text': 1036}",WIN-P4PGN19G2KB,Microsoft-Windows-Security-SPP,Application,36,4,,,,,,,,,,,,259200,9,,,,,,,,,,,,,,,,,,,,,,,,,,,,,,,,,,,,,,,,,,,,,,,,,,,,,,,,,,,,,
2025-06-08T14:33:03.044988Z,"{'#attributes': {'Qualifiers': 16384}, '#text': 1034}",WIN-P4PGN19G2KB,Microsoft-Windows-Security-SPP,Application,37,4,,,,,,,,,,,,Security-SPP-Reserved-LicenseProperties,100,,,,,,,,,,,,,,,,,,,,,,,,,,,,,,,,,,,,,,,,,,,,,,,,,,,,,,,,,,,,,
2025-06-08T14:33:03.044988Z,"{'#attributes': {'Qualifiers': 16384}, '#text': 1033}",WIN-P4PGN19G2KB,Microsoft-Windows-Security-SPP,Application,38,4,,,,,,,,,,,,(Security-SPP-Reserved-EnableNotificationMode) ,55c92734-d682-4d71-983e-d6ec3f16059f,,,,,,,,,,,7783a126-c108-4cf7-b59f-13c78c7a7337,,,,,,,,,,,,,,,,,,,,,,,,,,,,,,,,,,,,,,,,,,,,,,,,,,
2025-06-08T14:33:03.121086Z,"{'#attributes': {'Qualifiers': 16384}, '#text': 1003}",WIN-P4PGN19G2KB,Microsoft-Windows-Security-SPP,Application,39,4,,,,,,,,,,,,55c92734-d682-4d71-983e-d6ec3f16059f,"
1: 7783a126-c108-4cf7-b59f-13c78c7a7337, 1, 1 [(0 [0x00000000, 1, 0], [(?)( 1 0x00000000)(?)( 2 0x00000000 0 0 msft:rm/algorithm/hwid/4.0 0x00000000 0)(?)( 9 0x00000000 180 259200)( 10 0x00000000 msft:rm/algorithm/flags/1.0)(?)])(1 )(2 )(3 )]

",,,,,,,,,,,,,,,,,,,,,,,,,,,,,,,,,,,,,,,,,,,,,,,,,,,,,,,,,,,,,
2025-06-08T14:33:03.121086Z,"{'#attributes': {'Qualifiers': 16384}, '#text': 1003}",WIN-P4PGN19G2KB,Microsoft-Windows-Security-SPP,Application,40,4,,,,,,,,,,,,55c92734-d682-4d71-983e-d6ec3f16059f,"
1: 7783a126-c108-4cf7-b59f-13c78c7a7337, 1, 1 [(0 [0x00000000, 1, 0], [(?)( 1 0x00000000)(?)( 2 0x00000000 0 0 msft:rm/algorithm/hwid/4.0 0x00000000 0)(?)( 9 0x00000000 180 259200)( 10 0x00000000 msft:rm/algorithm/flags/1.0)(?)])(1 )(2 )(3 )]

",,,,,,,,,,,,,,,,,,,,,,,,,,,,,,,,,,,,,,,,,,,,,,,,,,,,,,,,,,,,,
2025-06-08T14:33:03.121086Z,"{'#attributes': {'Qualifiers': 32768}, '#text': 1037}",WIN-P4PGN19G2KB,Microsoft-Windows-Security-SPP,Application,41,4,,,,,,,,,,,,validity,259200,,,,,,,,,,,,,,,,,,,,,,,,,,,,,,,,,,,,,,,,,,,,,,,,,,,,,,,,,,,,,
2025-06-08T14:33:03.168004Z,"{'#attributes': {'Qualifiers': 16384}, '#text': 1003}",WIN-P4PGN19G2KB,Microsoft-Windows-Security-SPP,Application,42,4,,,,,,,,,,,,55c92734-d682-4d71-983e-d6ec3f16059f,"
1: 7783a126-c108-4cf7-b59f-13c78c7a7337, 1, 1 [(0 [0x00000000, 1, 0], [(?)( 1 0x00000000)(?)( 2 0x00000000 0 0 msft:rm/algorithm/hwid/4.0 0x00000000 0)(?)( 9 0x00000000 180 259200)( 10 0x00000000 msft:rm/algorithm/flags/1.0)(?)])(1 )(2 )(3 )]

",,,,,,,,,,,,,,,,,,,,,,,,,,,,,,,,,,,,,,,,,,,,,,,,,,,,,,,,,,,,,
2025-06-08T14:33:03.183195Z,"{'#attributes': {'Qualifiers': 49152}, '#text': 8197}",WIN-P4PGN19G2KB,Microsoft-Windows-Security-SPP,Application,43,4,,,,,,,,,,,RuleId=31e71c49-8da7-4a2f-ad92-45d98a1c79ba;Action=AutoActivate;AppId=55c92734-d682-4d71-983e-d6ec3f16059f;SkuId=7783a126-c108-4cf7-b59f-13c78c7a7337;NotificationInterval=1440;Trigger=UserLogon;SessionId=1,,,,,,,,,,,,,,,,,,,,,,,,,,,,,,,,,,,,,,,,,,,,,,,,,,,,,,,,,,,,,,,
2025-06-08T14:33:03.231956Z,"{'#attributes': {'Qualifiers': 16384}, '#text': 8230}",WIN-P4PGN19G2KB,Microsoft-Windows-Security-SPP,Application,44,4,,,,,,,,,,,Security-SPP-Action-StateData (REG_SZ) =AppId=55c92734-d682-4d71-983e-d6ec3f16059f;GraceEndDate=2025/12/05:14:33:03;LastConsumptionReason=0x4004fc04;LastNotificationId=Cleanup;LicenseState=SL_LICENSING_STATUS_LICENSED;PartialProductKey=Y7XRX;ProductKeyType=Retail:TB:Eval;SkuId=7783a126-c108-4cf7-b59f-13c78c7a7337;ruleId=379cccfb-d4e0-48fe-b0f2-0136097be147;uxDifferentiator=TIMEBASED_EVAL,,,,,,,,,,,,,,,,,,,,,,,,,,,,,,,,,,,,,,,,,,,,,,,,,,,,,,,,,,,,,,,
2025-06-08T14:33:03.231956Z,"{'#attributes': {'Qualifiers': 49152}, '#text': 8197}",WIN-P4PGN19G2KB,Microsoft-Windows-Security-SPP,Application,45,4,,,,,,,,,,,RuleId=379cccfb-d4e0-48fe-b0f2-0136097be147;Action=CleanupState;AppId=55c92734-d682-4d71-983e-d6ec3f16059f;SkuId=7783a126-c108-4cf7-b59f-13c78c7a7337;Trigger=TimerEvent,,,,,,,,,,,,,,,,,,,,,,,,,,,,,,,,,,,,,,,,,,,,,,,,,,,,,,,,,,,,,,,
2025-06-08T14:33:11.537383Z,"{'#attributes': {'Qualifiers': 0}, '#text': 4097}",WIN-P4PGN19G2KB,Microsoft-Windows-CAPI2,Application,46,4,,,,,,,,,,,,"CN=GlobalSign, O=GlobalSign, OU=GlobalSign Root CA - R3",D69B561148F01C77C54578C10926DF5B856976AD,,,,,,,,,,,,,,,,,,,,,,,,,,,,,,,,,,,,,,,,,,,,,,,,,,,,,,,,,,,,,
2025-06-08T14:33:12.609832Z,"{'#attributes': {'Qualifiers': 0}, '#text': 4109}",WIN-P4PGN19G2KB,Microsoft-Windows-CAPI2,Application,47,4,,,,,,,,,,,,"OU=Class 3 Public Primary Certification Authority, O=""VeriSign, Inc."", C=US",742C3192E607E424EB4549542BE1BBC53E6174E2,,,,,,,,,,,,,,,,,,,,,,,,,,,,,,,,,,,,,,,,,,,,,,,,,,,,,,,,,,,,,
2025-06-08T14:33:12.609832Z,"{'#attributes': {'Qualifiers': 0}, '#text': 4108}",WIN-P4PGN19G2KB,Microsoft-Windows-CAPI2,Application,48,4,,,,,,,,,,,,"OU=Class 3 Public Primary Certification Authority, O=""VeriSign, Inc."", C=US",4F65566336DB6598581D584A596C87934D5F2AB4,,,,,,,,,,,,,,,,,,,,,,,,,,,,,,,,,,,,,,,,,,,,,,,,,,,,,,,,,,,,,
2025-06-08T14:33:12.609832Z,"{'#attributes': {'Qualifiers': 0}, '#text': 4111}",WIN-P4PGN19G2KB,Microsoft-Windows-CAPI2,Application,49,4,,,,,,,,,,,"‎Wednesday, ‎May ‎14, ‎2025 8:55:19 AM",,,,,,,,,,,,,,,,,,,,,,,,,,,,,,,,,,,,,,,,,,,,,,,,,,,,,,,,,,,,,,,
2025-06-08T14:33:12.609832Z,"{'#attributes': {'Qualifiers': 0}, '#text': 4097}",WIN-P4PGN19G2KB,Microsoft-Windows-CAPI2,Application,50,4,,,,,,,,,,,,"CN=DigiCert Trusted Root G4, OU=www.digicert.com, O=DigiCert Inc, C=US",DDFB16CD4931C973A2037D3FC83A4D7D775D05E4,,,,,,,,,,,,,,,,,,,,,,,,,,,,,,,,,,,,,,,,,,,,,,,,,,,,,,,,,,,,,
2025-06-08T14:33:30.325502Z,"{'#attributes': {'Qualifiers': 0}, '#text': 1040}",WIN-P4PGN19G2KB,MsiInstaller,Application,51,4,,,,,,,,,,,,C:\ProgramData\Package Cache\{46E11E7F-01E1-44D0-BB86-C67342D253DD}v14.32.31326\packages\vcRuntimeMinimum_x86\vc_runtimeMinimum_x86.msi,5952,,,,,,,,,,,(NULL),,,,(NULL),(NULL),(NULL),,,,,,,,,,,,,,,,,,,,,,,,,,,,,,,,,,,,,,,,,,,,
2025-06-08T14:33:30.636384Z,"{'#attributes': {'Qualifiers': 0}, '#text': 11707}",WIN-P4PGN19G2KB,MsiInstaller,Application,52,4,,,,7B34364531314537462D303145312D343444302D424238362D4336373334324432353344447D,,,,,,,,Product: Microsoft Visual C++ 2022 X86 Minimum Runtime - 14.32.31326 -- Installation completed successfully.,(NULL),,,,,,,,,,,(NULL),,,,(NULL),(NULL),(NULL),,,,,,,,,,,,,,,,,,,,,,,,,,,,,,,,,,,,,,,,,,,,
2025-06-08T14:33:30.636384Z,"{'#attributes': {'Qualifiers': 0}, '#text': 1033}",WIN-P4PGN19G2KB,MsiInstaller,Application,53,4,,,,7B34364531314537462D303145312D343444302D424238362D4336373334324432353344447D3030303034366437646162616634393639336564656332303630636366626139393034653030303030393034,,,,,,,,Microsoft Visual C++ 2022 X86 Minimum Runtime - 14.32.31326,14.32.31326,,,,,,,,,,,1033,,,,0,Microsoft Corporation,(NULL),,,,,,,,,,,,,,,,,,,,,,,,,,,,,,,,,,,,,,,,,,,,
2025-06-08T14:33:30.636384Z,"{'#attributes': {'Qualifiers': 0}, '#text': 1042}",WIN-P4PGN19G2KB,MsiInstaller,Application,54,4,,,,,,,,,,,,C:\ProgramData\Package Cache\{46E11E7F-01E1-44D0-BB86-C67342D253DD}v14.32.31326\packages\vcRuntimeMinimum_x86\vc_runtimeMinimum_x86.msi,5952,,,,,,,,,,,(NULL),,,,(NULL),(NULL),(NULL),,,,,,,,,,,,,,,,,,,,,,,,,,,,,,,,,,,,,,,,,,,,
2025-06-08T14:33:30.652042Z,"{'#attributes': {'Qualifiers': 0}, '#text': 1040}",WIN-P4PGN19G2KB,MsiInstaller,Application,55,4,,,,,,,,,,,,C:\ProgramData\Package Cache\{A250E750-DB3F-40C1-8460-8EF77C7582DA}v14.32.31326\packages\vcRuntimeAdditional_x86\vc_runtimeAdditional_x86.msi,5952,,,,,,,,,,,(NULL),,,,(NULL),(NULL),(NULL),,,,,,,,,,,,,,,,,,,,,,,,,,,,,,,,,,,,,,,,,,,,
2025-06-08T14:33:30.932811Z,"{'#attributes': {'Qualifiers': 0}, '#text': 11707}",WIN-P4PGN19G2KB,MsiInstaller,Application,56,4,,,,7B41323530453735302D444233462D343043312D383436302D3845463737433735383244417D,,,,,,,,Product: Microsoft Visual C++ 2022 X86 Additional Runtime - 14.32.31326 -- Installation completed successfully.,(NULL),,,,,,,,,,,(NULL),,,,(NULL),(NULL),(NULL),,,,,,,,,,,,,,,,,,,,,,,,,,,,,,,,,,,,,,,,,,,,
2025-06-08T14:33:30.932811Z,"{'#attributes': {'Qualifiers': 0}, '#text': 1033}",WIN-P4PGN19G2KB,MsiInstaller,Application,57,4,,,,7B41323530453735302D444233462D343043312D383436302D3845463737433735383244417D3030303034663365656264626237613531633438373262396630363537636136356165393030303030393034,,,,,,,,Microsoft Visual C++ 2022 X86 Additional Runtime - 14.32.31326,14.32.31326,,,,,,,,,,,1033,,,,0,Microsoft Corporation,(NULL),,,,,,,,,,,,,,,,,,,,,,,,,,,,,,,,,,,,,,,,,,,,
2025-06-08T14:33:30.948707Z,"{'#attributes': {'Qualifiers': 0}, '#text': 1042}",WIN-P4PGN19G2KB,MsiInstaller,Application,58,4,,,,,,,,,,,,C:\ProgramData\Package Cache\{A250E750-DB3F-40C1-8460-8EF77C7582DA}v14.32.31326\packages\vcRuntimeAdditional_x86\vc_runtimeAdditional_x86.msi,5952,,,,,,,,,,,(NULL),,,,(NULL),(NULL),(NULL),,,,,,,,,,,,,,,,,,,,,,,,,,,,,,,,,,,,,,,,,,,,
2025-06-08T14:33:30.385184Z,10000,WIN-P4PGN19G2KB,Microsoft-Windows-RestartManager,Application,59,4,,,,,,,,,,,,,,,,,,,,,,,,,,,,,,,,,,,,,,,,,,,,,,,,,,,0,,,,2025-06-08T14:33:30.371400Z,,,,http://www.microsoft.com/2005/08/Windows/Reliability/RestartManager/,,,,,,,,,,,,,,,
2025-06-08T14:33:30.648019Z,10001,WIN-P4PGN19G2KB,Microsoft-Windows-RestartManager,Application,60,4,,,,,,,,,,,,,,,,,,,,,,,,,,,,,,,,,,,,,,,,,,,,,,,,,,,0,,,,2025-06-08T14:33:30.371400Z,,,,http://www.microsoft.com/2005/08/Windows/Reliability/RestartManager/,,,,,,,,,,,,,,,
2025-06-08T14:33:30.674725Z,10000,WIN-P4PGN19G2KB,Microsoft-Windows-RestartManager,Application,61,4,,,,,,,,,,,,,,,,,,,,,,,,,,,,,,,,,,,,,,,,,,,,,,,,,,,0,,,,2025-06-08T14:33:30.668470Z,,,,http://www.microsoft.com/2005/08/Windows/Reliability/RestartManager/,,,,,,,,,,,,,,,
2025-06-08T14:33:30.950030Z,10001,WIN-P4PGN19G2KB,Microsoft-Windows-RestartManager,Application,62,4,,,,,,,,,,,,,,,,,,,,,,,,,,,,,,,,,,,,,,,,,,,,,,,,,,,0,,,,2025-06-08T14:33:30.668470Z,,,,http://www.microsoft.com/2005/08/Windows/Reliability/RestartManager/,,,,,,,,,,,,,,,
2025-06-08T14:33:31.697342Z,"{'#attributes': {'Qualifiers': 0}, '#text': 1040}",WIN-P4PGN19G2KB,MsiInstaller,Application,63,4,,,,,,,,,,,,C:\ProgramData\Package Cache\{C96241EA-9900-4FE8-85B3-1E238D509DF6}v14.32.31326\packages\vcRuntimeMinimum_amd64\vc_runtimeMinimum_x64.msi,1776,,,,,,,,,,,(NULL),,,,(NULL),(NULL),(NULL),,,,,,,,,,,,,,,,,,,,,,,,,,,,,,,,,,,,,,,,,,,,
2025-06-08T14:33:31.884570Z,"{'#attributes': {'Qualifiers': 0}, '#text': 11707}",WIN-P4PGN19G2KB,MsiInstaller,Application,64,4,,,,7B43393632343145412D393930302D344645382D383542332D3145323338443530394446367D,,,,,,,,Product: Microsoft Visual C++ 2022 X64 Minimum Runtime - 14.32.31326 -- Installation completed successfully.,(NULL),,,,,,,,,,,(NULL),,,,(NULL),(NULL),(NULL),,,,,,,,,,,,,,,,,,,,,,,,,,,,,,,,,,,,,,,,,,,,
2025-06-08T14:33:31.884570Z,"{'#attributes': {'Qualifiers': 0}, '#text': 1033}",WIN-P4PGN19G2KB,MsiInstaller,Application,65,4,,,,7B43393632343145412D393930302D344645382D383542332D3145323338443530394446367D3030303035393637636530653631646462663037363565396138656538346361303537363030303030393034,,,,,,,,Microsoft Visual C++ 2022 X64 Minimum Runtime - 14.32.31326,14.32.31326,,,,,,,,,,,1033,,,,0,Microsoft Corporation,(NULL),,,,,,,,,,,,,,,,,,,,,,,,,,,,,,,,,,,,,,,,,,,,
2025-06-08T14:33:31.900248Z,"{'#attributes': {'Qualifiers': 0}, '#text': 1042}",WIN-P4PGN19G2KB,MsiInstaller,Application,66,4,,,,,,,,,,,,C:\ProgramData\Package Cache\{C96241EA-9900-4FE8-85B3-1E238D509DF6}v14.32.31326\packages\vcRuntimeMinimum_amd64\vc_runtimeMinimum_x64.msi,1776,,,,,,,,,,,(NULL),,,,(NULL),(NULL),(NULL),,,,,,,,,,,,,,,,,,,,,,,,,,,,,,,,,,,,,,,,,,,,
2025-06-08T14:33:31.900248Z,"{'#attributes': {'Qualifiers': 0}, '#text': 1040}",WIN-P4PGN19G2KB,MsiInstaller,Application,67,4,,,,,,,,,,,,C:\ProgramData\Package Cache\{38624EB5-356D-4B08-8357-C33D89A5C0C5}v14.32.31326\packages\vcRuntimeAdditional_amd64\vc_runtimeAdditional_x64.msi,1776,,,,,,,,,,,(NULL),,,,(NULL),(NULL),(NULL),,,,,,,,,,,,,,,,,,,,,,,,,,,,,,,,,,,,,,,,,,,,
2025-06-08T14:33:32.165434Z,"{'#attributes': {'Qualifiers': 0}, '#text': 11707}",WIN-P4PGN19G2KB,MsiInstaller,Application,68,4,,,,7B33383632344542352D333536442D344230382D383335372D4333334438394135433043357D,,,,,,,,Product: Microsoft Visual C++ 2022 X64 Additional Runtime - 14.32.31326 -- Installation completed successfully.,(NULL),,,,,,,,,,,(NULL),,,,(NULL),(NULL),(NULL),,,,,,,,,,,,,,,,,,,,,,,,,,,,,,,,,,,,,,,,,,,,
2025-06-08T14:33:32.165434Z,"{'#attributes': {'Qualifiers': 0}, '#text': 1033}",WIN-P4PGN19G2KB,MsiInstaller,Application,69,4,,,,7B33383632344542352D333536442D344230382D383335372D4333334438394135433043357D3030303066396531663039306134663235343733336237643666346531343064613064363030303030393034,,,,,,,,Microsoft Visual C++ 2022 X64 Additional Runtime - 14.32.31326,14.32.31326,,,,,,,,,,,1033,,,,0,Microsoft Corporation,(NULL),,,,,,,,,,,,,,,,,,,,,,,,,,,,,,,,,,,,,,,,,,,,
2025-06-08T14:33:32.165434Z,"{'#attributes': {'Qualifiers': 0}, '#text': 1042}",WIN-P4PGN19G2KB,MsiInstaller,Application,70,4,,,,,,,,,,,,C:\ProgramData\Package Cache\{38624EB5-356D-4B08-8357-C33D89A5C0C5}v14.32.31326\packages\vcRuntimeAdditional_amd64\vc_runtimeAdditional_x64.msi,1776,,,,,,,,,,,(NULL),,,,(NULL),(NULL),(NULL),,,,,,,,,,,,,,,,,,,,,,,,,,,,,,,,,,,,,,,,,,,,
2025-06-08T14:33:31.713794Z,10000,WIN-P4PGN19G2KB,Microsoft-Windows-RestartManager,Application,71,4,,,,,,,,,,,,,,,,,,,,,,,,,,,,,,,,,,,,,,,,,,,,,,,,,,,0,,,,2025-06-08T14:33:31.712914Z,,,,http://www.microsoft.com/2005/08/Windows/Reliability/RestartManager/,,,,,,,,,,,,,,,
2025-06-08T14:33:31.901814Z,10001,WIN-P4PGN19G2KB,Microsoft-Windows-RestartManager,Application,72,4,,,,,,,,,,,,,,,,,,,,,,,,,,,,,,,,,,,,,,,,,,,,,,,,,,,0,,,,2025-06-08T14:33:31.712914Z,,,,http://www.microsoft.com/2005/08/Windows/Reliability/RestartManager/,,,,,,,,,,,,,,,
2025-06-08T14:33:31.928959Z,10000,WIN-P4PGN19G2KB,Microsoft-Windows-RestartManager,Application,73,4,,,,,,,,,,,,,,,,,,,,,,,,,,,,,,,,,,,,,,,,,,,,,,,,,,,0,,,,2025-06-08T14:33:31.915787Z,,,,http://www.microsoft.com/2005/08/Windows/Reliability/RestartManager/,,,,,,,,,,,,,,,
2025-06-08T14:33:32.172440Z,10001,WIN-P4PGN19G2KB,Microsoft-Windows-RestartManager,Application,74,4,,,,,,,,,,,,,,,,,,,,,,,,,,,,,,,,,,,,,,,,,,,,,,,,,,,0,,,,2025-06-08T14:33:31.915787Z,,,,http://www.microsoft.com/2005/08/Windows/Reliability/RestartManager/,,,,,,,,,,,,,,,
2025-06-08T14:33:33.164899Z,"{'#attributes': {'Qualifiers': 16384}, '#text': 16384}",WIN-P4PGN19G2KB,Microsoft-Windows-Security-SPP,Application,75,4,,,,,,,,,,,,2025-06-09T14:32:33Z,TBL,,,,,,,,,,,,,,,,,,,,,,,,,,,,,,,,,,,,,,,,,,,,,,,,,,,,,,,,,,,,,
2025-06-08T14:33:33.180510Z,"{'#attributes': {'Qualifiers': 16384}, '#text': 903}",WIN-P4PGN19G2KB,Microsoft-Windows-Security-SPP,Application,76,0,,,,,,,,,,,,,,,,,,,,,,,,,,,,,,,,,,,,,,,,,,,,,,,,,,,,,,,,,,,,,,,,,,,,,,,,,,
2025-06-08T14:33:55.976945Z,"{'#attributes': {'Qualifiers': 0}, '#text': 4113}",WIN-P4PGN19G2KB,Microsoft-Windows-CAPI2,Application,77,4,,,,,,,,,,,"‎Wednesday, ‎May ‎31, ‎2017 4:28:59 PM",,,,,,,,,,,,,,,,,,,,,,,,,,,,,,,,,,,,,,,,,,,,,,,,,,,,,,,,,,,,,,,
2025-06-08T14:34:00.631227Z,"{'#attributes': {'Qualifiers': 16384}, '#text': 4202}",WIN-P4PGN19G2KB,Microsoft-Windows-MSDTC 2,Application,78,4,,,,,,,,,,,,,,,,,,,,,,,,,,,,,,,,,,,,,,,,,,,,,,,,,,,,,,,,,,,,,,,0,0,0,1,0,0,0,0,0,1,Mutual Authentication Required,NT AUTHORITY\NetworkService
2025-06-08T14:34:00.740502Z,"{'#attributes': {'Qualifiers': 16384}, '#text': 900}",WIN-P4PGN19G2KB,Microsoft-Windows-Security-SPP,Application,79,4,,,,,,,,,,,<explicit>,,,,,,,,,,,,,,,,,,,,,,,,,,,,,,,,,,,,,,,,,,,,,,,,,,,,,,,,,,,,,,,
2025-06-08T14:34:00.773280Z,"{'#attributes': {'Qualifiers': 49152}, '#text': 16394}",WIN-P4PGN19G2KB,Microsoft-Windows-Security-SPP,Application,80,4,,,,,,,,,,,,,,,,,,,,,,,,,,,,,,,,,,,,,,,,,,,,,,,,,,,,,,,,,,,,,,,,,,,,,,,,,,
2025-06-08T14:34:02.600430Z,"{'#attributes': {'Qualifiers': 0}, '#text': 1040}",WIN-P4PGN19G2KB,MsiInstaller,Application,81,4,,,,,,,,,,,,C:\Program Files\Common Files\VMware\InstallerCache\{A3631D35-CFA5-45F6-A65E-DAFA81C4CBE6}.msi,3944,,,,,,,,,,,(NULL),,,,(NULL),(NULL),(NULL),,,,,,,,,,,,,,,,,,,,,,,,,,,,,,,,,,,,,,,,,,,,
2025-06-08T14:34:11.536125Z,"{'#attributes': {'Qualifiers': 0}, '#text': 105}",WIN-P4PGN19G2KB,VMTools,Application,82,4,,,,,,,,,,,,,,,,,,,,,,,,,,,,,,,,,,,,,,,,,,,,,,,,,,,,,,,,,,,,,,,,,,,,,,,,,,
2025-06-08T14:34:12.301185Z,"{'#attributes': {'Qualifiers': 16384}, '#text': 781}",WIN-P4PGN19G2KB,Microsoft-Windows-Complus,Application,83,4,,,,,,,,,,,,,,,,,,,,,,,,,,,,,,,,,,,,,,,,,,,,,,,,,,,,,,,,,,,,,,,86400,,,,SuppressDuplicateDuration,Software\Microsoft\COM3\Eventlog,,,,,,
2025-06-08T14:34:14.316251Z,"{'#attributes': {'Qualifiers': 0}, '#text': 1038}",WIN-P4PGN19G2KB,MsiInstaller,Application,84,4,,,,7B41333633314433352D434641352D343546362D413635452D4441464138314334434245367D3030303062313236653739313962663663636264393332383838643134666262356366613030303030393034,,,,,,,,VMware Tools,12.1.0.20219665,,,,,,,,,,,1033,,,,1,2,"VMware, Inc.",,,,,,,,,,,,,,,,,,,,,,,,,,,,,,,,,,,,,,,,,,,,
2025-06-08T14:34:14.332167Z,"{'#attributes': {'Qualifiers': 0}, '#text': 1042}",WIN-P4PGN19G2KB,MsiInstaller,Application,85,4,,,,,,,,,,,,C:\Program Files\Common Files\VMware\InstallerCache\{A3631D35-CFA5-45F6-A65E-DAFA81C4CBE6}.msi,3944,,,,,,,,,,,(NULL),,,,(NULL),(NULL),(NULL),,,,,,,,,,,,,,,,,,,,,,,,,,,,,,,,,,,,,,,,,,,,
2025-06-08T14:34:30.816817Z,"{'#attributes': {'Qualifiers': 16384}, '#text': 16384}",WIN-P4PGN19G2KB,Microsoft-Windows-Security-SPP,Application,86,4,,,,,,,,,,,,2025-11-05T14:32:30Z,RulesEngine,,,,,,,,,,,,,,,,,,,,,,,,,,,,,,,,,,,,,,,,,,,,,,,,,,,,,,,,,,,,,
2025-06-08T14:34:31.222590Z,"{'#attributes': {'Qualifiers': 0}, '#text': 11707}",WIN-P4PGN19G2KB,MsiInstaller,Application,87,4,,,,7B41333633314433352D434641352D343546362D413635452D4441464138314334434245367D,,,,,,,,Product: VMware Tools -- Installation completed successfully.,(NULL),,,,,,,,,,,(NULL),,,,(NULL),(NULL),(NULL),,,,,,,,,,,,,,,,,,,,,,,,,,,,,,,,,,,,,,,,,,,,
2025-06-08T14:34:31.222590Z,"{'#attributes': {'Qualifiers': 0}, '#text': 1033}",WIN-P4PGN19G2KB,MsiInstaller,Application,88,4,,,,7B41333633314433352D434641352D343546362D413635452D4441464138314334434245367D3030303062313236653739313962663663636264393332383838643134666262356366613030303030393034,,,,,,,,VMware Tools,12.1.0.20219665,,,,,,,,,,,1033,,,,0,"VMware, Inc.",(NULL),,,,,,,,,,,,,,,,,,,,,,,,,,,,,,,,,,,,,,,,,,,,
2025-06-08T14:34:31.222590Z,"{'#attributes': {'Qualifiers': 0}, '#text': 1038}",WIN-P4PGN19G2KB,MsiInstaller,Application,89,4,,,,7B41333633314433352D434641352D343546362D413635452D4441464138314334434245367D3030303062313236653739313962663663636264393332383838643134666262356366613030303030393034,,,,,,,,VMware Tools,12.1.0.20219665,,,,,,,,,,,1033,,,,2,0,"VMware, Inc.",,,,,,,,,,,,,,,,,,,,,,,,,,,,,,,,,,,,,,,,,,,,
2025-06-08T14:34:31.222590Z,"{'#attributes': {'Qualifiers': 0}, '#text': 1029}",WIN-P4PGN19G2KB,MsiInstaller,Application,90,4,,,,7B41333633314433352D434641352D343546362D413635452D4441464138314334434245367D2C2033303130,,,,,,,,VMware Tools,(NULL),,,,,,,,,,,(NULL),,,,(NULL),(NULL),(NULL),,,,,,,,,,,,,,,,,,,,,,,,,,,,,,,,,,,,,,,,,,,,
2025-06-08T14:34:35.183882Z,1000,WIN-P4PGN19G2KB,Microsoft-Windows-LoadPerf,Application,91,4,,,,,,,,,,,,,,,,,,,,,,,,,,,,,,,,,,,,,,,,,,,,,,,,,,,,,,,,,,,LoadPerf,B024000056250000B124000057250000,16,,WmiApRpl,,,,WmiApRpl,,,,,,,
2025-06-08T14:34:43.956129Z,"{'#attributes': {'Qualifiers': 32768}, '#text': 6000}",WIN-P4PGN19G2KB,Microsoft-Windows-Winlogon,Application,92,4,,,,D9060000,,,,,,,WSearch,,,,,,,,,,,,,,,,,,,,,,,,,,,,,,,,,,,,,,,,,,,,,,,,,,,,,,,,,,,,,,,
2025-06-08T14:34:43.971487Z,"{'#attributes': {'Qualifiers': 32768}, '#text': 6000}",WIN-P4PGN19G2KB,Microsoft-Windows-Winlogon,Application,93,4,,,,D9060000,,,,,,,SessionEnv,,,,,,,,,,,,,,,,,,,,,,,,,,,,,,,,,,,,,,,,,,,,,,,,,,,,,,,,,,,,,,,
2025-06-08T14:34:44.049840Z,"{'#attributes': {'Qualifiers': 0}, '#text': 260}",WIN-P4PGN19G2KB,VMUpgradeHelper,Application,94,4,,,,,,,,,,,,,,,,,,,,,,,,,,,,,,,,,,,,,,,,,,,,,,,,,,,,,,,,,,,,,,,,,,,,,,,,,,
2025-06-08T14:34:44.049840Z,"{'#attributes': {'Qualifiers': 0}, '#text': 272}",WIN-P4PGN19G2KB,VMUpgradeHelper,Application,95,4,,,,,,,,,,,,,,,,,,,,,,,,,,,,,,,,,,,,,,,,,,,,,,,,,,,,,,,,,,,,,,,,,,,,,,,,,,
2025-06-08T14:34:44.066335Z,"{'#attributes': {'Qualifiers': 0}, '#text': 108}",WIN-P4PGN19G2KB,VMTools,Application,96,4,,,,,,,,,,,,,,,,,,,,,,,,,,,,,,,,,,,,,,,,,,,,,,,,,,,,,,,,,,,,,,,,,,,,,,,,,,
2025-06-08T14:34:44.489048Z,1532,WIN-P4PGN19G2KB,Microsoft-Windows-User Profiles Service,Application,97,4,,,,,,,,,,,,,,,,,,,,,,,,,,,,,,,,,,,,,,,,,,,,,,,,,,,,,,,,,,,,,,,,,,,,,,,,,,
2025-06-08T14:34:57.989865Z,"{'#attributes': {'Qualifiers': 16384}, '#text': 4625}",DC01,Microsoft-Windows-EventSystem,Application,98,4,,,,,,,,,,,,,,,,,,,,,,,,,,,,,,,,,,,,,,,,,,,,,,,,,,,,,,,,,,,,,,,86400,,,,SuppressDuplicateDuration,Software\Microsoft\EventSystem\EventLog,,,,,,
2025-06-08T14:34:58.474432Z,"{'#attributes': {'Qualifiers': 0}, '#text': 105}",DC01,VMTools,Application,99,4,,,,,,,,,,,,,,,,,,,,,,,,,,,,,,,,,,,,,,,,,,,,,,,,,,,,,,,,,,,,,,,,,,,,,,,,,,
2025-06-08T14:34:58.003517Z,1531,DC01,Microsoft-Windows-User Profiles Service,Application,100,4,,,,,,,,,,,,,,,,,,,,,,,,,,,,,,,,,,,,,,,,,,,,,,,,,,,,,,,,,,,,,,,,,,,,,,,,,,
2025-06-08T14:34:58.528830Z,5615,DC01,Microsoft-Windows-WMI,Application,101,4,,,,,,,,,,,,,,,,,,,,,,,,,,,,,,,,,,,,,,,,,,,,,,,,,,,,,,,,,,,,,,,,,,,,,,,,,,
2025-06-08T14:34:58.927397Z,"{'#attributes': {'Qualifiers': 16384}, '#text': 900}",DC01,Microsoft-Windows-Security-SPP,Application,102,4,,,,,,,,,,,TriggerStarted:6,,,,,,,,,,,,,,,,,,,,,,,,,,,,,,,,,,,,,,,,,,,,,,,,,,,,,,,,,,,,,,,
2025-06-08T14:34:59.005995Z,"{'#attributes': {'Qualifiers': 49152}, '#text': 16394}",DC01,Microsoft-Windows-Security-SPP,Application,103,4,,,,,,,,,,,,,,,,,,,,,,,,,,,,,,,,,,,,,,,,,,,,,,,,,,,,,,,,,,,,,,,,,,,,,,,,,,
2025-06-08T14:34:59.036751Z,"{'#attributes': {'Qualifiers': 16384}, '#text': 1066}",DC01,Microsoft-Windows-Security-SPP,Application,104,4,,,,,,,,,,,"C:\Windows\system32\sppwinob.dll, msft:spp/windowsfunctionality/agent/7.0, 0x00000000, 0x00000000
C:\Windows\system32\sppobjs.dll, msft:rm/algorithm/inherited/1.0, 0x00000000, 0x00000000
C:\Windows\system32\sppobjs.dll, msft:rm/algorithm/phone/1.0, 0x00000000, 0x00000000
C:\Windows\system32\sppobjs.dll, msft:rm/algorithm/pkey/detect, 0x00000000, 0x00000000
C:\Windows\system32\sppobjs.dll, msft:spp/ActionScheduler/1.0, 0x00000000, 0x00000000
C:\Windows\system32\sppobjs.dll, msft:spp/TaskScheduler/1.0, 0x00000000, 0x00000000
C:\Windows\system32\sppobjs.dll, msft:spp/statecollector/pkey, 0x00000000, 0x00000000
C:\Windows\system32\sppobjs.dll, msft:spp/volume/services/kms/1.0, 0x00000000, 0x00000000
C:\Windows\system32\sppobjs.dll, msft:spp/volume/services/kms/activationinfo/1.0, 0x00000000, 0x00000000
",,,,,,,,,,,,,,,,,,,,,,,,,,,,,,,,,,,,,,,,,,,,,,,,,,,,,,,,,,,,,,,
2025-06-08T14:34:59.099422Z,"{'#attributes': {'Qualifiers': 16384}, '#text': 1003}",DC01,Microsoft-Windows-Security-SPP,Application,105,4,,,,,,,,,,,,55c92734-d682-4d71-983e-d6ec3f16059f,"
1: 7783a126-c108-4cf7-b59f-13c78c7a7337, 1, 1 [(0 [0x00000000, 1, 0], [(?)( 1 0x00000000)(?)( 2 0x00000000 0 0 msft:rm/algorithm/hwid/4.0 0x00000000 0)(?)( 9 0x00000000 180 259199)( 10 0x00000000 msft:rm/algorithm/flags/1.0)(?)])(1 )(2 )(3 )]

",,,,,,,,,,,,,,,,,,,,,,,,,,,,,,,,,,,,,,,,,,,,,,,,,,,,,,,,,,,,,
2025-06-08T14:34:59.099422Z,"{'#attributes': {'Qualifiers': 32768}, '#text': 1037}",DC01,Microsoft-Windows-Security-SPP,Application,106,4,,,,,,,,,,,,validity,259199,,,,,,,,,,,,,,,,,,,,,,,,,,,,,,,,,,,,,,,,,,,,,,,,,,,,,,,,,,,,,
2025-06-08T14:34:59.114857Z,"{'#attributes': {'Qualifiers': 16384}, '#text': 902}",DC01,Microsoft-Windows-Security-SPP,Application,107,0,,,,,,,,,,,10.0.17763.3650,,,,,,,,,,,,,,,,,,,,,,,,,,,,,,,,,,,,,,,,,,,,,,,,,,,,,,,,,,,,,,,
2025-06-08T14:34:59.271683Z,"{'#attributes': {'Qualifiers': 32770}, '#text': 4440}",DC01,Microsoft-Windows-Complus,Application,108,3,,,,,,,,,,,,,,,,,,,,,,,,,,,,,,,,,,,,,,,,,,,,,,,,,,,,,,,,,,,,,,,"WIN-P4PGN19G2KB

Server Application ID: {02D4B3F1-FD88-11D1-960D-00805FC79235}
Server Application Instance ID:
{BFA50CD4-B281-4F02-8F8D-BFC49B89F914}
Server Application Name: System Application
Comsvcs.dll file version: ENU 2001.12.10941.16384 shp",,,,,,,,,,,
2025-06-08T14:34:59.505486Z,"{'#attributes': {'Qualifiers': 16384}, '#text': 781}",DC01,Microsoft-Windows-Complus,Application,109,4,,,,,,,,,,,,,,,,,,,,,,,,,,,,,,,,,,,,,,,,,,,,,,,,,,,,,,,,,,,,,,,86400,,,,SuppressDuplicateDuration,Software\Microsoft\COM3\Eventlog,,,,,,
2025-06-08T14:34:59.521409Z,"{'#attributes': {'Qualifiers': 0}, '#text': 258}",DC01,VMUpgradeHelper,Application,110,4,,,,,,,,,,,,,,,,,,,,,,,,,,,,,,,,,,,,,,,,,,,,,,,,,,,,,,,,,,,,,,,,,,,,,,,,,,
2025-06-08T14:34:59.583804Z,"{'#attributes': {'Qualifiers': 0}, '#text': 271}",DC01,VMUpgradeHelper,Application,111,4,,,,,,,,,,,,,,,,,,,,,,,,,,,,,,,,,,,,,,,,,,,,,,,,,,,,,,,,,,,,,,,,,,,,,,,,,,
2025-06-08T14:34:59.646129Z,"{'#attributes': {'Qualifiers': 16384}, '#text': 4202}",DC01,Microsoft-Windows-MSDTC 2,Application,112,4,,,,,,,,,,,,,,,,,,,,,,,,,,,,,,,,,,,,,,,,,,,,,,,,,,,,,,,,,,,,,,,0,0,0,1,0,0,0,0,0,1,Mutual Authentication Required,NT AUTHORITY\NetworkService
2025-06-08T14:34:59.157781Z,5617,DC01,Microsoft-Windows-WMI,Application,113,4,,,,,,,,,,,,,,,,,,,,,,,,,,,,,,,,,,,,,,,,,,,,,,,,,,,,,,,,,,,,,,,,,,,,,,,,,,
2025-06-08T14:35:06.396322Z,"{'#attributes': {'Qualifiers': 32768}, '#text': 6003}",DC01,Microsoft-Windows-Winlogon,Application,114,4,,,,D9060000,,,,,,,SessionEnv,,,,,,,,,,,,,,,,,,,,,,,,,,,,,,,,,,,,,,,,,,,,,,,,,,,,,,,,,,,,,,,
2025-06-08T14:35:06.583616Z,"{'#attributes': {'Qualifiers': 32768}, '#text': 6000}",DC01,Microsoft-Windows-Winlogon,Application,115,4,,,,D9060000,,,,,,,SessionEnv,,,,,,,,,,,,,,,,,,,,,,,,,,,,,,,,,,,,,,,,,,,,,,,,,,,,,,,,,,,,,,,
2025-06-08T14:35:37.360411Z,"{'#attributes': {'Qualifiers': 16384}, '#text': 16384}",DC01,Microsoft-Windows-Security-SPP,Application,116,4,,,,,,,,,,,,2025-06-09T14:34:37Z,TBL,,,,,,,,,,,,,,,,,,,,,,,,,,,,,,,,,,,,,,,,,,,,,,,,,,,,,,,,,,,,,
2025-06-08T14:35:37.364444Z,"{'#attributes': {'Qualifiers': 16384}, '#text': 903}",DC01,Microsoft-Windows-Security-SPP,Application,117,0,,,,,,,,,,,,,,,,,,,,,,,,,,,,,,,,,,,,,,,,,,,,,,,,,,,,,,,,,,,,,,,,,,,,,,,,,,
2025-06-08T14:36:59.339074Z,"{'#attributes': {'Qualifiers': 16384}, '#text': 900}",DC01,Microsoft-Windows-Security-SPP,Application,118,4,,,,,,,,,,,<explicit>,,,,,,,,,,,,,,,,,,,,,,,,,,,,,,,,,,,,,,,,,,,,,,,,,,,,,,,,,,,,,,,
2025-06-08T14:36:59.366100Z,"{'#attributes': {'Qualifiers': 49152}, '#text': 16394}",DC01,Microsoft-Windows-Security-SPP,Application,119,4,,,,,,,,,,,,,,,,,,,,,,,,,,,,,,,,,,,,,,,,,,,,,,,,,,,,,,,,,,,,,,,,,,,,,,,,,,
2025-06-08T14:37:29.430644Z,"{'#attributes': {'Qualifiers': 16384}, '#text': 16384}",DC01,Microsoft-Windows-Security-SPP,Application,120,4,,,,,,,,,,,,2025-11-05T14:32:29Z,RulesEngine,,,,,,,,,,,,,,,,,,,,,,,,,,,,,,,,,,,,,,,,,,,,,,,,,,,,,,,,,,,,,
2025-06-08T14:38:53.507282Z,"{'#attributes': {'Qualifiers': 0}, '#text': 8224}",DC01,VSS,Application,121,4,,,,2D20436F64653A2020434F525356434330303030303737332D2043616C6C3A2020434F525356434330303030303735352D205049443A202030303030333639322D205449443A202030303030333535322D20434D443A2020433A5C57696E646F77735C73797374656D33325C76737376632E6578652020202D20557365723A204E616D653A204E5420415554484F524954595C53595354454D2C205349443A532D312D352D313820,,,,,,,,,,,,,,,,,,,,,,,,,,,,,,,,,,,,,,,,,,,,,,,,,,,,,,,,,,,,,,,,,,,,,,
2025-06-08T14:39:13.646274Z,1001,DC01,Microsoft-Windows-LoadPerf,Application,122,4,,,,,,,,,,,,,,,,,,,,,,,,,,,,,,,,,,,,,,,,,,,,,,,,,,,,,,,,,,,LoadPerf,D6280000D7280000D2050000,12,,WmiApRpl,,,,WmiApRpl,,,,,,,
2025-06-08T14:39:13.677719Z,1000,DC01,Microsoft-Windows-LoadPerf,Application,123,4,,,,,,,,,,,,,,,,,,,,,,,,,,,,,,,,,,,,,,,,,,,,,,,,,,,,,,,,,,,LoadPerf,D82800007E290000D92800007F290000,16,,WmiApRpl,,,,WmiApRpl,,,,,,,
2025-06-08T14:39:57.235923Z,"{'#attributes': {'Qualifiers': 0}, '#text': 1500}",DC01,SceCli,Application,124,4,,,,,,,,,,,C:\Windows\security\templates\DC security.inf,,,,,,,,,,,,,,,,,,,,,,,,,,,,,,,,,,,,,,,,,,,,,,,,,,,,,,,,,,,,,,,
2025-06-08T14:40:15.227633Z,"{'#attributes': {'Qualifiers': 32768}, '#text': 6000}",DC01,Microsoft-Windows-Winlogon,Application,125,4,,,,D9060000,,,,,,,WSearch,,,,,,,,,,,,,,,,,,,,,,,,,,,,,,,,,,,,,,,,,,,,,,,,,,,,,,,,,,,,,,,
2025-06-08T14:40:15.289372Z,"{'#attributes': {'Qualifiers': 32768}, '#text': 6000}",DC01,Microsoft-Windows-Winlogon,Application,126,4,,,,D9060000,,,,,,,SessionEnv,,,,,,,,,,,,,,,,,,,,,,,,,,,,,,,,,,,,,,,,,,,,,,,,,,,,,,,,,,,,,,,
2025-06-08T14:40:15.372897Z,"{'#attributes': {'Qualifiers': 0}, '#text': 260}",DC01,VMUpgradeHelper,Application,127,4,,,,,,,,,,,,,,,,,,,,,,,,,,,,,,,,,,,,,,,,,,,,,,,,,,,,,,,,,,,,,,,,,,,,,,,,,,
2025-06-08T14:40:15.372897Z,"{'#attributes': {'Qualifiers': 0}, '#text': 272}",DC01,VMUpgradeHelper,Application,128,4,,,,,,,,,,,,,,,,,,,,,,,,,,,,,,,,,,,,,,,,,,,,,,,,,,,,,,,,,,,,,,,,,,,,,,,,,,
2025-06-08T14:40:15.383319Z,"{'#attributes': {'Qualifiers': 0}, '#text': 108}",DC01,VMTools,Application,129,4,,,,,,,,,,,,,,,,,,,,,,,,,,,,,,,,,,,,,,,,,,,,,,,,,,,,,,,,,,,,,,,,,,,,,,,,,,
2025-06-08T14:40:15.556158Z,1532,DC01,Microsoft-Windows-User Profiles Service,Application,130,4,,,,,,,,,,,,,,,,,,,,,,,,,,,,,,,,,,,,,,,,,,,,,,,,,,,,,,,,,,,,,,,,,,,,,,,,,,
2025-06-08T14:40:29.911909Z,"{'#attributes': {'Qualifiers': 16384}, '#text': 4625}",DC01.pirate.htb,Microsoft-Windows-EventSystem,Application,131,4,,,,,,,,,,,,,,,,,,,,,,,,,,,,,,,,,,,,,,,,,,,,,,,,,,,,,,,,,,,,,,,86400,,,,SuppressDuplicateDuration,Software\Microsoft\EventSystem\EventLog,,,,,,
2025-06-08T14:40:29.919132Z,1531,DC01.pirate.htb,Microsoft-Windows-User Profiles Service,Application,132,4,,,,,,,,,,,,,,,,,,,,,,,,,,,,,,,,,,,,,,,,,,,,,,,,,,,,,,,,,,,,,,,,,,,,,,,,,,
2025-06-08T14:40:29.945117Z,5615,DC01.pirate.htb,Microsoft-Windows-WMI,Application,133,4,,,,,,,,,,,,,,,,,,,,,,,,,,,,,,,,,,,,,,,,,,,,,,,,,,,,,,,,,,,,,,,,,,,,,,,,,,
2025-06-08T14:40:30.153571Z,5617,DC01.pirate.htb,Microsoft-Windows-WMI,Application,134,4,,,,,,,,,,,,,,,,,,,,,,,,,,,,,,,,,,,,,,,,,,,,,,,,,,,,,,,,,,,,,,,,,,,,,,,,,,
2025-06-08T14:40:55.271258Z,"{'#attributes': {'Qualifiers': 0}, '#text': 105}",DC01.pirate.htb,VMTools,Application,135,4,,,,,,,,,,,,,,,,,,,,,,,,,,,,,,,,,,,,,,,,,,,,,,,,,,,,,,,,,,,,,,,,,,,,,,,,,,
2025-06-08T14:40:55.646228Z,"{'#attributes': {'Qualifiers': 16384}, '#text': 900}",DC01.pirate.htb,Microsoft-Windows-Security-SPP,Application,136,4,,,,,,,,,,,TriggerStarted:6,,,,,,,,,,,,,,,,,,,,,,,,,,,,,,,,,,,,,,,,,,,,,,,,,,,,,,,,,,,,,,,
2025-06-08T14:40:56.646063Z,"{'#attributes': {'Qualifiers': 0}, '#text': 258}",DC01.pirate.htb,VMUpgradeHelper,Application,137,4,,,,,,,,,,,,,,,,,,,,,,,,,,,,,,,,,,,,,,,,,,,,,,,,,,,,,,,,,,,,,,,,,,,,,,,,,,
2025-06-08T14:40:56.646063Z,"{'#attributes': {'Qualifiers': 16384}, '#text': 781}",DC01.pirate.htb,Microsoft-Windows-Complus,Application,138,4,,,,,,,,,,,,,,,,,,,,,,,,,,,,,,,,,,,,,,,,,,,,,,,,,,,,,,,,,,,,,,,86400,,,,SuppressDuplicateDuration,Software\Microsoft\COM3\Eventlog,,,,,,
2025-06-08T14:40:56.708545Z,"{'#attributes': {'Qualifiers': 16384}, '#text': 9027}",DC01.pirate.htb,Desktop Window Manager,Application,139,4,,,,,,,,,,,,,,,,,,,,,,,,,,,,,,,,,,,,,,,,,,,,,,,,,,,,,,,,,,,,,,,,,,,,,,,,,,
2025-06-08T14:40:56.772194Z,"{'#attributes': {'Qualifiers': 0}, '#text': 271}",DC01.pirate.htb,VMUpgradeHelper,Application,140,4,,,,,,,,,,,,,,,,,,,,,,,,,,,,,,,,,,,,,,,,,,,,,,,,,,,,,,,,,,,,,,,,,,,,,,,,,,
2025-06-08T14:40:56.850065Z,"{'#attributes': {'Qualifiers': 16384}, '#text': 4202}",DC01.pirate.htb,Microsoft-Windows-MSDTC 2,Application,141,4,,,,,,,,,,,,,,,,,,,,,,,,,,,,,,,,,,,,,,,,,,,,,,,,,,,,,,,,,,,,,,,0,0,0,1,0,0,0,0,0,1,Mutual Authentication Required,NT AUTHORITY\NetworkService
2025-06-08T14:40:56.880479Z,"{'#attributes': {'Qualifiers': 49152}, '#text': 16394}",DC01.pirate.htb,Microsoft-Windows-Security-SPP,Application,142,4,,,,,,,,,,,,,,,,,,,,,,,,,,,,,,,,,,,,,,,,,,,,,,,,,,,,,,,,,,,,,,,,,,,,,,,,,,
2025-06-08T14:40:56.913532Z,"{'#attributes': {'Qualifiers': 16384}, '#text': 1066}",DC01.pirate.htb,Microsoft-Windows-Security-SPP,Application,143,4,,,,,,,,,,,"C:\Windows\system32\sppwinob.dll, msft:spp/windowsfunctionality/agent/7.0, 0x00000000, 0x00000000
C:\Windows\system32\sppobjs.dll, msft:rm/algorithm/inherited/1.0, 0x00000000, 0x00000000
C:\Windows\system32\sppobjs.dll, msft:rm/algorithm/phone/1.0, 0x00000000, 0x00000000
C:\Windows\system32\sppobjs.dll, msft:rm/algorithm/pkey/detect, 0x00000000, 0x00000000
C:\Windows\system32\sppobjs.dll, msft:spp/ActionScheduler/1.0, 0x00000000, 0x00000000
C:\Windows\system32\sppobjs.dll, msft:spp/TaskScheduler/1.0, 0x00000000, 0x00000000
C:\Windows\system32\sppobjs.dll, msft:spp/statecollector/pkey, 0x00000000, 0x00000000
C:\Windows\system32\sppobjs.dll, msft:spp/volume/services/kms/1.0, 0x00000000, 0x00000000
C:\Windows\system32\sppobjs.dll, msft:spp/volume/services/kms/activationinfo/1.0, 0x00000000, 0x00000000
",,,,,,,,,,,,,,,,,,,,,,,,,,,,,,,,,,,,,,,,,,,,,,,,,,,,,,,,,,,,,,,
2025-06-08T14:40:57.083586Z,"{'#attributes': {'Qualifiers': 16384}, '#text': 1034}",DC01.pirate.htb,Microsoft-Windows-Security-SPP,Application,144,4,,,,,,,,,,,,Security-SPP-Reserved-LicenseProperties,100,,,,,,,,,,,,,,,,,,,,,,,,,,,,,,,,,,,,,,,,,,,,,,,,,,,,,,,,,,,,,
2025-06-08T14:40:57.083586Z,"{'#attributes': {'Qualifiers': 16384}, '#text': 1033}",DC01.pirate.htb,Microsoft-Windows-Security-SPP,Application,145,4,,,,,,,,,,,,(Security-SPP-Reserved-EnableNotificationMode) ,55c92734-d682-4d71-983e-d6ec3f16059f,,,,,,,,,,,7783a126-c108-4cf7-b59f-13c78c7a7337,,,,,,,,,,,,,,,,,,,,,,,,,,,,,,,,,,,,,,,,,,,,,,,,,,
2025-06-08T14:40:57.105578Z,"{'#attributes': {'Qualifiers': 16384}, '#text': 1003}",DC01.pirate.htb,Microsoft-Windows-Security-SPP,Application,146,4,,,,,,,,,,,,55c92734-d682-4d71-983e-d6ec3f16059f,"
1: 7783a126-c108-4cf7-b59f-13c78c7a7337, 1, 0 [(0 [0x00000000, 1, 0], [(?)( 1 0x00000000)(?)( 2 0x00000000 0 0 msft:rm/algorithm/hwid/4.0 0x00000000 0)(?)( 9 0x00000000 180 259193)( 10 0x00000000 msft:rm/algorithm/flags/1.0)(?)])(1 )(2 )(3 )]

",,,,,,,,,,,,,,,,,,,,,,,,,,,,,,,,,,,,,,,,,,,,,,,,,,,,,,,,,,,,,
2025-06-08T14:40:57.105578Z,"{'#attributes': {'Qualifiers': 32768}, '#text': 1037}",DC01.pirate.htb,Microsoft-Windows-Security-SPP,Application,147,4,,,,,,,,,,,,validity,259193,,,,,,,,,,,,,,,,,,,,,,,,,,,,,,,,,,,,,,,,,,,,,,,,,,,,,,,,,,,,,
2025-06-08T14:40:57.115467Z,"{'#attributes': {'Qualifiers': 16384}, '#text': 902}",DC01.pirate.htb,Microsoft-Windows-Security-SPP,Application,148,0,,,,,,,,,,,10.0.17763.3650,,,,,,,,,,,,,,,,,,,,,,,,,,,,,,,,,,,,,,,,,,,,,,,,,,,,,,,,,,,,,,,
2025-06-08T14:41:09.127138Z,1023,DC01.pirate.htb,Microsoft-Windows-Perflib,Application,149,2,,,,,,,,,,,,,,,,,,,,,,,,,,,,,,,,,,,,,,,,,,,C:\Windows\system32\ntdsperf.dll,,,,,,,,,,,,,,126,,,,,,,,,,,,,,,,,
2025-06-08T14:41:09.541406Z,1000,DC01.pirate.htb,Microsoft-Windows-LoadPerf,Application,150,4,,,,,,,,,,,,,,,,,,,,,,,,,,,,,,,,,,,,,,,,,,,,,,,,,,,,,,,,,,,LoadPerf,222A0000682A0000232A0000692A0000,16,,ADWS,,,,Active Directory Web Services,,,,,,,
2025-06-08T14:41:27.161790Z,"{'#attributes': {'Qualifiers': 16384}, '#text': 16384}",DC01.pirate.htb,Microsoft-Windows-Security-SPP,Application,151,4,,,,,,,,,,,,2025-06-09T14:40:27Z,TBL,,,,,,,,,,,,,,,,,,,,,,,,,,,,,,,,,,,,,,,,,,,,,,,,,,,,,,,,,,,,,
2025-06-08T14:41:27.161790Z,"{'#attributes': {'Qualifiers': 16384}, '#text': 903}",DC01.pirate.htb,Microsoft-Windows-Security-SPP,Application,152,0,,,,,,,,,,,,,,,,,,,,,,,,,,,,,,,,,,,,,,,,,,,,,,,,,,,,,,,,,,,,,,,,,,,,,,,,,,
2025-06-08T14:41:57.013806Z,"{'#attributes': {'Qualifiers': 32768}, '#text': 6005}",DC01.pirate.htb,Microsoft-Windows-Winlogon,Application,153,3,,,,8603FE7F,,,,,,,,GPClient,CreateSession,,,,,,,,,,,,,,,,,,,,,,,,,,,,,,,,,,,,,,,,,,,,,,,,,,,,,,,,,,,,,
2025-06-08T14:42:56.677325Z,"{'#attributes': {'Qualifiers': 16384}, '#text': 900}",DC01.pirate.htb,Microsoft-Windows-Security-SPP,Application,154,4,,,,,,,,,,,<explicit>,,,,,,,,,,,,,,,,,,,,,,,,,,,,,,,,,,,,,,,,,,,,,,,,,,,,,,,,,,,,,,,
2025-06-08T14:42:56.724672Z,"{'#attributes': {'Qualifiers': 49152}, '#text': 16394}",DC01.pirate.htb,Microsoft-Windows-Security-SPP,Application,155,4,,,,,,,,,,,,,,,,,,,,,,,,,,,,,,,,,,,,,,,,,,,,,,,,,,,,,,,,,,,,,,,,,,,,,,,,,,
2025-06-08T14:43:26.771241Z,"{'#attributes': {'Qualifiers': 16384}, '#text': 16384}",DC01.pirate.htb,Microsoft-Windows-Security-SPP,Application,156,4,,,,,,,,,,,,2025-11-05T14:32:26Z,RulesEngine,,,,,,,,,,,,,,,,,,,,,,,,,,,,,,,,,,,,,,,,,,,,,,,,,,,,,,,,,,,,,
2025-06-08T14:43:58.053724Z,"{'#attributes': {'Qualifiers': 0}, '#text': 8224}",DC01.pirate.htb,VSS,Application,157,4,,,,2D20436F64653A2020434F525356434330303030303737332D2043616C6C3A2020434F525356434330303030303735352D205049443A202030303030343531322D205449443A202030303030343532382D20434D443A2020433A5C57696E646F77735C73797374656D33325C76737376632E6578652020202D20557365723A204E616D653A204E5420415554484F524954595C53595354454D2C205349443A532D312D352D313820,,,,,,,,,,,,,,,,,,,,,,,,,,,,,,,,,,,,,,,,,,,,,,,,,,,,,,,,,,,,,,,,,,,,,,
2025-06-08T14:44:36.742802Z,1001,DC01.pirate.htb,Microsoft-Windows-LoadPerf,Application,158,4,,,,,,,,,,,,,,,,,,,,,,,,,,,,,,,,,,,,,,,,,,,,,,,,,,,,,,,,,,,LoadPerf,682A0000692A0000D2050000,12,,WmiApRpl,,,,WmiApRpl,,,,,,,
