2026-01-16T01:11:51.721646Z,"{'#attributes': {'Qualifiers': 16384}, '#text': 1004}",DC01.pirate.htb,Microsoft-Windows-Security-SPP,Application,3049,4,,,,,,,,,,,,Windows(R) Publishing License (Private),2ae8a353-79b8-4f8d-b03e-d27d3acaf370,,,,,,,,,,,,,,,,,,,,,,,,,,,,,,,,,,,,,,,,,,,,,,,,,,,,,,,,,,,,,
2026-01-16T01:11:51.737276Z,"{'#attributes': {'Qualifiers': 16384}, '#text': 1004}",DC01.pirate.htb,Microsoft-Windows-Security-SPP,Application,3050,4,,,,,,,,,,,,Windows(R) UL oob License (Public),9d5cf00b-baa0-4381-aa48-df0d262fdbef,,,,,,,,,,,,,,,,,,,,,,,,,,,,,,,,,,,,,,,,,,,,,,,,,,,,,,,,,,,,,
2026-01-16T01:11:51.737276Z,"{'#attributes': {'Qualifiers': 16384}, '#text': 1004}",DC01.pirate.htb,Microsoft-Windows-Security-SPP,Application,3051,4,,,,,,,,,,,,Windows(R) UL oob License (Private),857ed0cd-96f7-4837-84f3-6e47542ec1ff,,,,,,,,,,,,,,,,,,,,,,,,,,,,,,,,,,,,,,,,,,,,,,,,,,,,,,,,,,,,,
2026-01-16T01:11:51.737276Z,"{'#attributes': {'Qualifiers': 16384}, '#text': 1004}",DC01.pirate.htb,Microsoft-Windows-Security-SPP,Application,3052,4,,,,,,,,,,,,Windows(R) UL phone License (Public),0492a304-15f7-4538-be50-975ce47c3b83,,,,,,,,,,,,,,,,,,,,,,,,,,,,,,,,,,,,,,,,,,,,,,,,,,,,,,,,,,,,,
2026-01-16T01:11:51.737276Z,"{'#attributes': {'Qualifiers': 16384}, '#text': 1004}",DC01.pirate.htb,Microsoft-Windows-Security-SPP,Application,3053,4,,,,,,,,,,,,Windows(R) UL phone License (Private),434f635c-5f40-4255-884d-495639683927,,,,,,,,,,,,,,,,,,,,,,,,,,,,,,,,,,,,,,,,,,,,,,,,,,,,,,,,,,,,,
2026-01-16T01:11:51.737276Z,"{'#attributes': {'Qualifiers': 16384}, '#text': 1004}",DC01.pirate.htb,Microsoft-Windows-Security-SPP,Application,3054,4,,,,,,,,,,,,Windows(R) UL store License (Public),4e246d62-9b43-415b-bd4a-d1fbca71da84,,,,,,,,,,,,,,,,,,,,,,,,,,,,,,,,,,,,,,,,,,,,,,,,,,,,,,,,,,,,,
2026-01-16T01:11:51.737276Z,"{'#attributes': {'Qualifiers': 16384}, '#text': 1004}",DC01.pirate.htb,Microsoft-Windows-Security-SPP,Application,3055,4,,,,,,,,,,,,Windows(R) UL store License (Private),c12d9eb0-4482-428e-900c-d3f6d5690922,,,,,,,,,,,,,,,,,,,,,,,,,,,,,,,,,,,,,,,,,,,,,,,,,,,,,,,,,,,,,
2026-01-16T01:11:51.737276Z,"{'#attributes': {'Qualifiers': 16384}, '#text': 1004}",DC01.pirate.htb,Microsoft-Windows-Security-SPP,Application,3056,4,,,,,,,,,,,,Windows(R) Publishing License (Public),1f547440-37d0-4bf6-a7ab-40628a79091e,,,,,,,,,,,,,,,,,,,,,,,,,,,,,,,,,,,,,,,,,,,,,,,,,,,,,,,,,,,,,
2026-01-16T01:11:51.752923Z,"{'#attributes': {'Qualifiers': 16384}, '#text': 1004}",DC01.pirate.htb,Microsoft-Windows-Security-SPP,Application,3057,4,,,,,,,,,,,,Windows(R) Publishing License (Private),a76e749a-69ab-48cc-b18f-31874e76bd76,,,,,,,,,,,,,,,,,,,,,,,,,,,,,,,,,,,,,,,,,,,,,,,,,,,,,,,,,,,,,
2026-01-16T01:11:51.752923Z,"{'#attributes': {'Qualifiers': 16384}, '#text': 1004}",DC01.pirate.htb,Microsoft-Windows-Security-SPP,Application,3058,4,,,,,,,,,,,,Windows(R) UL oob License (Public),1e0c8fc4-56d9-4daa-8145-d0576a01866a,,,,,,,,,,,,,,,,,,,,,,,,,,,,,,,,,,,,,,,,,,,,,,,,,,,,,,,,,,,,,
2026-01-16T01:11:51.752923Z,"{'#attributes': {'Qualifiers': 16384}, '#text': 1004}",DC01.pirate.htb,Microsoft-Windows-Security-SPP,Application,3059,4,,,,,,,,,,,,Windows(R) UL oob License (Private),3c45b374-4f9a-4c7d-9316-b5e1c4a650e0,,,,,,,,,,,,,,,,,,,,,,,,,,,,,,,,,,,,,,,,,,,,,,,,,,,,,,,,,,,,,
2026-01-16T01:11:51.752923Z,"{'#attributes': {'Qualifiers': 16384}, '#text': 1004}",DC01.pirate.htb,Microsoft-Windows-Security-SPP,Application,3060,4,,,,,,,,,,,,Windows(R) UL phone License (Public),0b0e945c-8c5f-44aa-8aff-d79acf570b57,,,,,,,,,,,,,,,,,,,,,,,,,,,,,,,,,,,,,,,,,,,,,,,,,,,,,,,,,,,,,
2026-01-16T01:11:51.752923Z,"{'#attributes': {'Qualifiers': 16384}, '#text': 1004}",DC01.pirate.htb,Microsoft-Windows-Security-SPP,Application,3061,4,,,,,,,,,,,,Windows(R) UL phone License (Private),5118c9af-ddda-4917-9120-75768c00a431,,,,,,,,,,,,,,,,,,,,,,,,,,,,,,,,,,,,,,,,,,,,,,,,,,,,,,,,,,,,,
2026-01-16T01:11:51.752923Z,"{'#attributes': {'Qualifiers': 16384}, '#text': 1004}",DC01.pirate.htb,Microsoft-Windows-Security-SPP,Application,3062,4,,,,,,,,,,,,Windows(R) UL store License (Public),5bc4fac7-f362-4265-8f2c-d66c22fa10dd,,,,,,,,,,,,,,,,,,,,,,,,,,,,,,,,,,,,,,,,,,,,,,,,,,,,,,,,,,,,,
2026-01-16T01:11:51.752923Z,"{'#attributes': {'Qualifiers': 16384}, '#text': 1004}",DC01.pirate.htb,Microsoft-Windows-Security-SPP,Application,3063,4,,,,,,,,,,,,Windows(R) UL store License (Private),6eb9ca17-1bef-4c4c-b627-2eac7133a798,,,,,,,,,,,,,,,,,,,,,,,,,,,,,,,,,,,,,,,,,,,,,,,,,,,,,,,,,,,,,
2026-01-16T01:11:51.768544Z,"{'#attributes': {'Qualifiers': 16384}, '#text': 1004}",DC01.pirate.htb,Microsoft-Windows-Security-SPP,Application,3064,4,,,,,,,,,,,,Windows(R) Publishing License (Public),7c9f2075-add3-423f-b658-236dc8c94314,,,,,,,,,,,,,,,,,,,,,,,,,,,,,,,,,,,,,,,,,,,,,,,,,,,,,,,,,,,,,
2026-01-16T01:11:51.768544Z,"{'#attributes': {'Qualifiers': 16384}, '#text': 1004}",DC01.pirate.htb,Microsoft-Windows-Security-SPP,Application,3065,4,,,,,,,,,,,,Windows(R) Publishing License (Private),2c870303-3028-475c-bea0-12e9336ee5e6,,,,,,,,,,,,,,,,,,,,,,,,,,,,,,,,,,,,,,,,,,,,,,,,,,,,,,,,,,,,,
2026-01-16T01:11:51.768544Z,"{'#attributes': {'Qualifiers': 16384}, '#text': 1004}",DC01.pirate.htb,Microsoft-Windows-Security-SPP,Application,3066,4,,,,,,,,,,,,Windows(R) UL oob License (Public),60aa22ab-1703-433b-8ef0-3e7a44fbddb1,,,,,,,,,,,,,,,,,,,,,,,,,,,,,,,,,,,,,,,,,,,,,,,,,,,,,,,,,,,,,
2026-01-16T01:11:51.768544Z,"{'#attributes': {'Qualifiers': 16384}, '#text': 1004}",DC01.pirate.htb,Microsoft-Windows-Security-SPP,Application,3067,4,,,,,,,,,,,,Windows(R) UL oob License (Private),ce8d1c2c-17f3-4666-b78e-fa1076e406fc,,,,,,,,,,,,,,,,,,,,,,,,,,,,,,,,,,,,,,,,,,,,,,,,,,,,,,,,,,,,,
2026-01-16T01:11:51.768544Z,"{'#attributes': {'Qualifiers': 16384}, '#text': 1004}",DC01.pirate.htb,Microsoft-Windows-Security-SPP,Application,3068,4,,,,,,,,,,,,Windows(R) UL phone License (Public),d91d5c57-c6b3-47ca-900f-34da088d9525,,,,,,,,,,,,,,,,,,,,,,,,,,,,,,,,,,,,,,,,,,,,,,,,,,,,,,,,,,,,,
2026-01-16T01:11:51.768544Z,"{'#attributes': {'Qualifiers': 16384}, '#text': 1004}",DC01.pirate.htb,Microsoft-Windows-Security-SPP,Application,3069,4,,,,,,,,,,,,Windows(R) UL phone License (Private),3c95e50a-61ff-4e74-a2a5-54d622cb92a5,,,,,,,,,,,,,,,,,,,,,,,,,,,,,,,,,,,,,,,,,,,,,,,,,,,,,,,,,,,,,
2026-01-16T01:11:51.784183Z,"{'#attributes': {'Qualifiers': 16384}, '#text': 1004}",DC01.pirate.htb,Microsoft-Windows-Security-SPP,Application,3070,4,,,,,,,,,,,,Windows(R) UL store License (Public),d4fb9fc9-132b-4b12-bdb9-1915cb3fcc03,,,,,,,,,,,,,,,,,,,,,,,,,,,,,,,,,,,,,,,,,,,,,,,,,,,,,,,,,,,,,
2026-01-16T01:11:51.784183Z,"{'#attributes': {'Qualifiers': 16384}, '#text': 1004}",DC01.pirate.htb,Microsoft-Windows-Security-SPP,Application,3071,4,,,,,,,,,,,,Windows(R) UL store License (Private),8060a74c-f937-45e4-99e1-32b74ad7e8b9,,,,,,,,,,,,,,,,,,,,,,,,,,,,,,,,,,,,,,,,,,,,,,,,,,,,,,,,,,,,,
2026-01-16T01:11:51.784183Z,"{'#attributes': {'Qualifiers': 16384}, '#text': 1004}",DC01.pirate.htb,Microsoft-Windows-Security-SPP,Application,3072,4,,,,,,,,,,,,Windows(R) Publishing License (Public),69534a65-0b57-4bc6-abd6-77c03551b2e1,,,,,,,,,,,,,,,,,,,,,,,,,,,,,,,,,,,,,,,,,,,,,,,,,,,,,,,,,,,,,
2026-01-16T01:11:51.784183Z,"{'#attributes': {'Qualifiers': 16384}, '#text': 1004}",DC01.pirate.htb,Microsoft-Windows-Security-SPP,Application,3073,4,,,,,,,,,,,,Windows(R) Publishing License (Private),30bcb387-80da-4bf1-b50e-4a24e2d29d58,,,,,,,,,,,,,,,,,,,,,,,,,,,,,,,,,,,,,,,,,,,,,,,,,,,,,,,,,,,,,
2026-01-16T01:11:51.784183Z,"{'#attributes': {'Qualifiers': 16384}, '#text': 1004}",DC01.pirate.htb,Microsoft-Windows-Security-SPP,Application,3074,4,,,,,,,,,,,,Windows(R) UL oob License (Public),76554710-ca92-4321-b9aa-a9aa58b20601,,,,,,,,,,,,,,,,,,,,,,,,,,,,,,,,,,,,,,,,,,,,,,,,,,,,,,,,,,,,,
2026-01-16T01:11:51.784183Z,"{'#attributes': {'Qualifiers': 16384}, '#text': 1004}",DC01.pirate.htb,Microsoft-Windows-Security-SPP,Application,3075,4,,,,,,,,,,,,Windows(R) UL oob License (Private),41173286-d3e4-4955-b201-2b0fe4d465b6,,,,,,,,,,,,,,,,,,,,,,,,,,,,,,,,,,,,,,,,,,,,,,,,,,,,,,,,,,,,,
2026-01-16T01:11:51.799795Z,"{'#attributes': {'Qualifiers': 16384}, '#text': 1004}",DC01.pirate.htb,Microsoft-Windows-Security-SPP,Application,3076,4,,,,,,,,,,,,Windows(R) UL phone License (Public),2ba743bc-f2b2-4061-8ac8-6817f76d3f05,,,,,,,,,,,,,,,,,,,,,,,,,,,,,,,,,,,,,,,,,,,,,,,,,,,,,,,,,,,,,
2026-01-16T01:11:51.799795Z,"{'#attributes': {'Qualifiers': 16384}, '#text': 1004}",DC01.pirate.htb,Microsoft-Windows-Security-SPP,Application,3077,4,,,,,,,,,,,,Windows(R) UL phone License (Private),a31999f6-50eb-4006-acf7-1d94a8e37b22,,,,,,,,,,,,,,,,,,,,,,,,,,,,,,,,,,,,,,,,,,,,,,,,,,,,,,,,,,,,,
2026-01-16T01:11:51.799795Z,"{'#attributes': {'Qualifiers': 16384}, '#text': 1004}",DC01.pirate.htb,Microsoft-Windows-Security-SPP,Application,3078,4,,,,,,,,,,,,Windows(R) UL store License (Public),e1902084-584e-42df-9c9b-46b867db1ee3,,,,,,,,,,,,,,,,,,,,,,,,,,,,,,,,,,,,,,,,,,,,,,,,,,,,,,,,,,,,,
2026-01-16T01:11:51.799795Z,"{'#attributes': {'Qualifiers': 16384}, '#text': 1004}",DC01.pirate.htb,Microsoft-Windows-Security-SPP,Application,3079,4,,,,,,,,,,,,Windows(R) UL store License (Private),57514a0c-82c4-406c-ba9e-a35850b4e81d,,,,,,,,,,,,,,,,,,,,,,,,,,,,,,,,,,,,,,,,,,,,,,,,,,,,,,,,,,,,,
2026-01-16T01:11:51.799795Z,"{'#attributes': {'Qualifiers': 16384}, '#text': 1004}",DC01.pirate.htb,Microsoft-Windows-Security-SPP,Application,3080,4,,,,,,,,,,,,Windows(R) Publishing License (Public),846202b9-6fe9-4e27-9894-4d41ab16e149,,,,,,,,,,,,,,,,,,,,,,,,,,,,,,,,,,,,,,,,,,,,,,,,,,,,,,,,,,,,,
2026-01-16T01:11:51.799795Z,"{'#attributes': {'Qualifiers': 16384}, '#text': 1004}",DC01.pirate.htb,Microsoft-Windows-Security-SPP,Application,3081,4,,,,,,,,,,,,Windows(R) Publishing License (Private),dd2dcf7b-0b6a-444a-95d8-fe939dbe0411,,,,,,,,,,,,,,,,,,,,,,,,,,,,,,,,,,,,,,,,,,,,,,,,,,,,,,,,,,,,,
2026-01-16T01:11:51.815404Z,"{'#attributes': {'Qualifiers': 16384}, '#text': 1004}",DC01.pirate.htb,Microsoft-Windows-Security-SPP,Application,3082,4,,,,,,,,,,,,Windows(R) UL oob License (Public),d5930409-25df-45f3-aa67-2df13ab50032,,,,,,,,,,,,,,,,,,,,,,,,,,,,,,,,,,,,,,,,,,,,,,,,,,,,,,,,,,,,,
2026-01-16T01:11:51.815404Z,"{'#attributes': {'Qualifiers': 16384}, '#text': 1004}",DC01.pirate.htb,Microsoft-Windows-Security-SPP,Application,3083,4,,,,,,,,,,,,Windows(R) UL oob License (Private),8de53e69-39be-471a-ba15-18dcff40c175,,,,,,,,,,,,,,,,,,,,,,,,,,,,,,,,,,,,,,,,,,,,,,,,,,,,,,,,,,,,,
2026-01-16T01:11:51.815404Z,"{'#attributes': {'Qualifiers': 16384}, '#text': 1004}",DC01.pirate.htb,Microsoft-Windows-Security-SPP,Application,3084,4,,,,,,,,,,,,Windows(R) UL phone License (Public),f008b9d0-50c4-4856-b6ff-c09e884825d0,,,,,,,,,,,,,,,,,,,,,,,,,,,,,,,,,,,,,,,,,,,,,,,,,,,,,,,,,,,,,
2026-01-16T01:11:51.815404Z,"{'#attributes': {'Qualifiers': 16384}, '#text': 1004}",DC01.pirate.htb,Microsoft-Windows-Security-SPP,Application,3085,4,,,,,,,,,,,,Windows(R) UL phone License (Private),b60b1bb6-e173-486a-9b9b-97de75b1bc1a,,,,,,,,,,,,,,,,,,,,,,,,,,,,,,,,,,,,,,,,,,,,,,,,,,,,,,,,,,,,,
2026-01-16T01:11:51.815404Z,"{'#attributes': {'Qualifiers': 16384}, '#text': 1004}",DC01.pirate.htb,Microsoft-Windows-Security-SPP,Application,3086,4,,,,,,,,,,,,Windows(R) UL store License (Public),28fcb314-5af1-4421-8466-1493a0baaa55,,,,,,,,,,,,,,,,,,,,,,,,,,,,,,,,,,,,,,,,,,,,,,,,,,,,,,,,,,,,,
2026-01-16T01:11:51.831032Z,"{'#attributes': {'Qualifiers': 16384}, '#text': 1004}",DC01.pirate.htb,Microsoft-Windows-Security-SPP,Application,3087,4,,,,,,,,,,,,Windows(R) UL store License (Private),ee5d4d16-d96c-4ec0-8190-a5bf21844f9d,,,,,,,,,,,,,,,,,,,,,,,,,,,,,,,,,,,,,,,,,,,,,,,,,,,,,,,,,,,,,
2026-01-16T01:11:51.831032Z,"{'#attributes': {'Qualifiers': 16384}, '#text': 1004}",DC01.pirate.htb,Microsoft-Windows-Security-SPP,Application,3088,4,,,,,,,,,,,,Windows(R) Publishing License (Public),3983fb02-7188-4755-8b8b-f9300f19c73c,,,,,,,,,,,,,,,,,,,,,,,,,,,,,,,,,,,,,,,,,,,,,,,,,,,,,,,,,,,,,
2026-01-16T01:11:51.831032Z,"{'#attributes': {'Qualifiers': 16384}, '#text': 1004}",DC01.pirate.htb,Microsoft-Windows-Security-SPP,Application,3089,4,,,,,,,,,,,,Windows(R) Publishing License (Private),bb6c77b5-65a0-4d20-b2d7-034671b4ab6c,,,,,,,,,,,,,,,,,,,,,,,,,,,,,,,,,,,,,,,,,,,,,,,,,,,,,,,,,,,,,
2026-01-16T01:11:51.831032Z,"{'#attributes': {'Qualifiers': 16384}, '#text': 1004}",DC01.pirate.htb,Microsoft-Windows-Security-SPP,Application,3090,4,,,,,,,,,,,,Windows(R) UL oob License (Public),a6516613-5028-488d-8a39-f6805ec42ff0,,,,,,,,,,,,,,,,,,,,,,,,,,,,,,,,,,,,,,,,,,,,,,,,,,,,,,,,,,,,,
2026-01-16T01:11:51.831032Z,"{'#attributes': {'Qualifiers': 16384}, '#text': 1004}",DC01.pirate.htb,Microsoft-Windows-Security-SPP,Application,3091,4,,,,,,,,,,,,Windows(R) UL oob License (Private),ce8949fd-8786-4e87-9831-9d081f7a863f,,,,,,,,,,,,,,,,,,,,,,,,,,,,,,,,,,,,,,,,,,,,,,,,,,,,,,,,,,,,,
2026-01-16T01:11:51.831032Z,"{'#attributes': {'Qualifiers': 16384}, '#text': 1004}",DC01.pirate.htb,Microsoft-Windows-Security-SPP,Application,3092,4,,,,,,,,,,,,Windows(R) UL phone License (Public),7fc7b39b-acb6-48a2-bab9-e73cf3f5a506,,,,,,,,,,,,,,,,,,,,,,,,,,,,,,,,,,,,,,,,,,,,,,,,,,,,,,,,,,,,,
2026-01-16T01:11:51.831032Z,"{'#attributes': {'Qualifiers': 16384}, '#text': 1004}",DC01.pirate.htb,Microsoft-Windows-Security-SPP,Application,3093,4,,,,,,,,,,,,Windows(R) UL phone License (Private),74fa78c3-417f-4fe4-86e6-178c16dd62d8,,,,,,,,,,,,,,,,,,,,,,,,,,,,,,,,,,,,,,,,,,,,,,,,,,,,,,,,,,,,,
2026-01-16T01:11:51.846681Z,"{'#attributes': {'Qualifiers': 16384}, '#text': 1004}",DC01.pirate.htb,Microsoft-Windows-Security-SPP,Application,3094,4,,,,,,,,,,,,Windows(R) UL store License (Public),4385d1ec-8b39-4e32-b9b4-c6bb000f3139,,,,,,,,,,,,,,,,,,,,,,,,,,,,,,,,,,,,,,,,,,,,,,,,,,,,,,,,,,,,,
2026-01-16T01:11:51.846681Z,"{'#attributes': {'Qualifiers': 16384}, '#text': 1004}",DC01.pirate.htb,Microsoft-Windows-Security-SPP,Application,3095,4,,,,,,,,,,,,Windows(R) UL store License (Private),1fc363f6-f33d-405e-a6e6-b2e7e9957638,,,,,,,,,,,,,,,,,,,,,,,,,,,,,,,,,,,,,,,,,,,,,,,,,,,,,,,,,,,,,
2026-01-16T01:11:51.846681Z,"{'#attributes': {'Qualifiers': 16384}, '#text': 1004}",DC01.pirate.htb,Microsoft-Windows-Security-SPP,Application,3096,4,,,,,,,,,,,,Windows(R) UL oob License (Public),fc8e743a-5e2a-40a1-bfaf-2e675fd035e8,,,,,,,,,,,,,,,,,,,,,,,,,,,,,,,,,,,,,,,,,,,,,,,,,,,,,,,,,,,,,
2026-01-16T01:11:51.846681Z,"{'#attributes': {'Qualifiers': 16384}, '#text': 1004}",DC01.pirate.htb,Microsoft-Windows-Security-SPP,Application,3097,4,,,,,,,,,,,,Windows(R) UL oob License (Private),d7ea5cca-6909-4a38-af77-e9039be443a3,,,,,,,,,,,,,,,,,,,,,,,,,,,,,,,,,,,,,,,,,,,,,,,,,,,,,,,,,,,,,
2026-01-16T01:11:51.846681Z,"{'#attributes': {'Qualifiers': 16384}, '#text': 1004}",DC01.pirate.htb,Microsoft-Windows-Security-SPP,Application,3098,4,,,,,,,,,,,,Windows(R) UL volume License (Public),b5c32c9e-ef67-4136-8477-8dd5da37d3c6,,,,,,,,,,,,,,,,,,,,,,,,,,,,,,,,,,,,,,,,,,,,,,,,,,,,,,,,,,,,,
2026-01-16T01:11:51.846681Z,"{'#attributes': {'Qualifiers': 16384}, '#text': 1004}",DC01.pirate.htb,Microsoft-Windows-Security-SPP,Application,3099,4,,,,,,,,,,,,Windows(R) UL volume License (Private),5a7b6940-426a-443f-96cf-5241f21efe64,,,,,,,,,,,,,,,,,,,,,,,,,,,,,,,,,,,,,,,,,,,,,,,,,,,,,,,,,,,,,
2026-01-16T01:11:51.862278Z,"{'#attributes': {'Qualifiers': 16384}, '#text': 1004}",DC01.pirate.htb,Microsoft-Windows-Security-SPP,Application,3100,4,,,,,,,,,,,,Windows(R) Publishing License (Public),27a77e4a-0c1a-4cdc-b56f-da491998f609,,,,,,,,,,,,,,,,,,,,,,,,,,,,,,,,,,,,,,,,,,,,,,,,,,,,,,,,,,,,,
2026-01-16T01:11:51.862278Z,"{'#attributes': {'Qualifiers': 16384}, '#text': 1004}",DC01.pirate.htb,Microsoft-Windows-Security-SPP,Application,3101,4,,,,,,,,,,,,Windows(R) Publishing License (Private),d811b902-3734-43a3-8a1a-84b6d9ba7cbe,,,,,,,,,,,,,,,,,,,,,,,,,,,,,,,,,,,,,,,,,,,,,,,,,,,,,,,,,,,,,
2026-01-16T01:11:51.862278Z,"{'#attributes': {'Qualifiers': 16384}, '#text': 1004}",DC01.pirate.htb,Microsoft-Windows-Security-SPP,Application,3102,4,,,,,,,,,,,,Windows(R) UL oob License (Public),d8a32daa-dfaa-4f69-ac51-84f828dfc777,,,,,,,,,,,,,,,,,,,,,,,,,,,,,,,,,,,,,,,,,,,,,,,,,,,,,,,,,,,,,
2026-01-16T01:11:51.862278Z,"{'#attributes': {'Qualifiers': 16384}, '#text': 1004}",DC01.pirate.htb,Microsoft-Windows-Security-SPP,Application,3103,4,,,,,,,,,,,,Windows(R) UL oob License (Private),df63a9b2-9e7d-406e-adf0-df554f161da2,,,,,,,,,,,,,,,,,,,,,,,,,,,,,,,,,,,,,,,,,,,,,,,,,,,,,,,,,,,,,
2026-01-16T01:11:51.862278Z,"{'#attributes': {'Qualifiers': 16384}, '#text': 1004}",DC01.pirate.htb,Microsoft-Windows-Security-SPP,Application,3104,4,,,,,,,,,,,,Windows(R) UL phone License (Public),07acab5b-e81c-4d1b-a808-00c1b6251f80,,,,,,,,,,,,,,,,,,,,,,,,,,,,,,,,,,,,,,,,,,,,,,,,,,,,,,,,,,,,,
2026-01-16T01:11:51.862278Z,"{'#attributes': {'Qualifiers': 16384}, '#text': 1004}",DC01.pirate.htb,Microsoft-Windows-Security-SPP,Application,3105,4,,,,,,,,,,,,Windows(R) UL phone License (Private),2dbcd1db-b203-447d-9aca-6aaa060738c9,,,,,,,,,,,,,,,,,,,,,,,,,,,,,,,,,,,,,,,,,,,,,,,,,,,,,,,,,,,,,
2026-01-16T01:11:51.877901Z,"{'#attributes': {'Qualifiers': 16384}, '#text': 1004}",DC01.pirate.htb,Microsoft-Windows-Security-SPP,Application,3106,4,,,,,,,,,,,,Windows(R) UL store License (Public),c5eccf80-13a0-4604-bb02-4cc2b023279d,,,,,,,,,,,,,,,,,,,,,,,,,,,,,,,,,,,,,,,,,,,,,,,,,,,,,,,,,,,,,
2026-01-16T01:11:51.877901Z,"{'#attributes': {'Qualifiers': 16384}, '#text': 1004}",DC01.pirate.htb,Microsoft-Windows-Security-SPP,Application,3107,4,,,,,,,,,,,,Windows(R) UL store License (Private),7a2e868c-92d3-4599-b96e-5f8fd4d0e705,,,,,,,,,,,,,,,,,,,,,,,,,,,,,,,,,,,,,,,,,,,,,,,,,,,,,,,,,,,,,
2026-01-16T01:11:51.877901Z,"{'#attributes': {'Qualifiers': 16384}, '#text': 1004}",DC01.pirate.htb,Microsoft-Windows-Security-SPP,Application,3108,4,,,,,,,,,,,,Windows(R) UL oob License (Public),32394796-556f-4ae5-8f09-589a1d9ecf64,,,,,,,,,,,,,,,,,,,,,,,,,,,,,,,,,,,,,,,,,,,,,,,,,,,,,,,,,,,,,
2026-01-16T01:11:51.877901Z,"{'#attributes': {'Qualifiers': 16384}, '#text': 1004}",DC01.pirate.htb,Microsoft-Windows-Security-SPP,Application,3109,4,,,,,,,,,,,,Windows(R) UL oob License (Private),781b34ef-0e66-4373-bb57-a3a97ea03591,,,,,,,,,,,,,,,,,,,,,,,,,,,,,,,,,,,,,,,,,,,,,,,,,,,,,,,,,,,,,
2026-01-16T01:11:51.877901Z,"{'#attributes': {'Qualifiers': 16384}, '#text': 1004}",DC01.pirate.htb,Microsoft-Windows-Security-SPP,Application,3110,4,,,,,,,,,,,,Windows(R) UL inherited License (Public),a94cef8d-9aa7-4f93-b150-212bbc16b86b,,,,,,,,,,,,,,,,,,,,,,,,,,,,,,,,,,,,,,,,,,,,,,,,,,,,,,,,,,,,,
2026-01-16T01:11:51.877901Z,"{'#attributes': {'Qualifiers': 16384}, '#text': 1004}",DC01.pirate.htb,Microsoft-Windows-Security-SPP,Application,3111,4,,,,,,,,,,,,Windows(R) UL inherited License (Private),635d4037-eb92-4191-9eb6-9108de8c58c1,,,,,,,,,,,,,,,,,,,,,,,,,,,,,,,,,,,,,,,,,,,,,,,,,,,,,,,,,,,,,
2026-01-16T01:11:52.174766Z,"{'#attributes': {'Qualifiers': 16384}, '#text': 1016}",DC01.pirate.htb,Microsoft-Windows-Security-SPP,Application,3112,4,,,,,,,,,,,,92114319-12ea-4bca-9d63-8740de9feff3,e0738a30-925e-dbdd-7fa8-db06910168ac,,,,,,,,,,,,,,,,,,,,,,,,,,,,,,,,,,,,,,,,,,,,,,,,,,,,,,,,,,,,,
2026-01-16T01:11:52.518551Z,"{'#attributes': {'Qualifiers': 16384}, '#text': 1034}",DC01.pirate.htb,Microsoft-Windows-Security-SPP,Application,3113,4,,,,,,,,,,,,AAD-WindowsCore-AddAccountRestrictions,100,,,,,,,,,,,,,,,,,,,,,,,,,,,,,,,,,,,,,,,,,,,,,,,,,,,,,,,,,,,,,
2026-01-16T01:11:52.534169Z,"{'#attributes': {'Qualifiers': 16384}, '#text': 1034}",DC01.pirate.htb,Microsoft-Windows-Security-SPP,Application,3114,4,,,,,,,,,,,,Security-SPP-WriteWauMarker,500,,,,,,,,,,,,,,,,,,,,,,,,,,,,,,,,,,,,,,,,,,,,,,,,,,,,,,,,,,,,,
2026-01-16T01:11:52.737340Z,"{'#attributes': {'Qualifiers': 16384}, '#text': 1003}",DC01.pirate.htb,Microsoft-Windows-Security-SPP,Application,3115,4,,,,,,,,,,,,55c92734-d682-4d71-983e-d6ec3f16059f,"
1: 22105925-48c3-4ff4-a294-f654bb27e390, 1, 0 [(0 [0xC004F014, 0, 0], [(?)(?)(?)(?)(?)(?)(?)(?)])(1 )(2 )(3 )]
2: 281c216a-5957-439b-adf2-aff4098a2bdd, 1, 0 [(0 [0xC004F014, 0, 0], [(?)(?)(?)(?)(?)(?)(?)(?)])(1 )(2 )(3 )]
3: 2e7a9ad1-a849-4b56-babe-17d5a29fe4b4, 1, 0 [(0 [0xC004F014, 0, 0], [(?)(?)(?)(?)(?)(?)(?)(?)])(1 )(2 )(3 )]
4: 3c006fa7-3b03-45a4-93da-63ddc1bdce11, 1, 0 [(0 [0xC004F014, 0, 0], [(?)(?)(?)(?)(?)(?)(?)(?)])(1 )(2 )(3 )]
5: 4285bbda-6219-4c1a-98e9-859e60d669fb, 1, 0 [(0 [0xC004F014, 0, 0], [(?)(?)(?)(?)(?)(?)(?)(?)])(1 )(2 )(3 )]
6: 44a5b4c3-e4b1-483b-81e8-0f78f4d98283, 1, 0 [(0 [0xC004F014, 0, 0], [(?)(?)(?)(?)(?)(?)(?)(?)])(1 )(2 )(3 )]
7: 661f7658-7035-4b4c-9f35-010682943ec2, 1, 0 [(0 [0xC004F014, 0, 0], [(?)(?)(?)(?)(?)(?)(?)(?)])(1 )(2 )(3 )]
8: 6bad0243-1c35-46b2-b8e6-7a853e37413f, 1, 0 [(0 [0xC004F014, 0, 0], [(?)(?)(?)(?)(?)(?)(?)(?)])(1 )(2 )(3 )]
9: 82fcf64d-f9dd-4411-9c79-f2eed16d4eb8, 1, 0 [(0 [0xC004F014, 0, 0], [(?)(?)(?)(?)(?)(?)(?)(?)])(1 )(2 )(3 )]
10: 84e331f6-4279-48c4-ab10-b75139181351, 1, 0 [(0 [0xC004F014, 0, 0], [(?)(?)(?)(?)(?)(?)(?)(?)])(1 )(2 )(3 )]
11: 8ea56c31-fe6e-4d56-9d17-8dc1ab35dd8b, 1, 0 [(0 [0xC004F014, 0, 0], [(?)(?)(?)(?)(?)(?)(?)(?)])(1 )(2 )(3 )]
12: 92114319-12ea-4bca-9d63-8740de9feff3, 1, 0 [(0 )(1 )(2 [0xC004E003, 0, 0], [( 1 0xC004F034)( 1 0xC004F034)(?)(?)(?)(?)(?)(?)])(3 [0x00000000, 0, 0], [( 6 0xC004F009 0 0)( 1 0x00000000)( 6 0xC004F009 0 0)(?)(?)(?)( 10 0x00000000 msft:rm/algorithm/flags/1.0)( 11 0x00000000 0xC004F034)])]
13: 9db83b52-9904-4326-8957-ebe6feedf37c, 1, 0 [(0 [0xC004F014, 0, 0], [(?)(?)(?)(?)(?)(?)(?)(?)])(1 )(2 )(3 )]
14: c2d23e1f-ee3e-4533-9094-e6dc0b8aa049, 1, 0 [(0 [0xC004F014, 0, 0], [(?)(?)(?)(?)(?)(?)(?)(?)])(1 )(2 )(3 )]
15: d07edbd8-02cb-49b1-8358-f2de7afd8a4d, 1, 0 [(0 [0xC004F014, 0, 0], [(?)(?)(?)(?)(?)(?)(?)(?)])(1 )(2 )(3 )]
16: de32eafd-aaee-4662-9444-c1befb41bde2, 1, 0 [(0 [0xC004F014, 0, 0], [(?)(?)(?)(?)(?)(?)(?)(?)])(1 )(2 )(3 )]
17: e73aabfa-12bc-4705-b551-2dd076bebc7d, 1, 0 [(0 [0xC004F014, 0, 0], [(?)(?)(?)(?)(?)(?)(?)(?)])(1 )(2 )(3 )]
18: e936f630-5125-4a39-b1de-544d6c036491, 1, 0 [(0 [0xC004F014, 0, 0], [(?)(?)(?)(?)(?)(?)(?)(?)])(1 )(2 )(3 )]
19: fd946594-6f0d-4c5c-9bf7-f5f628ecd0b9, 1, 0 [(0 [0xC004F014, 0, 0], [(?)(?)(?)(?)(?)(?)(?)(?)])(1 )(2 )(3 )]

",,,,,,,,,,,,,,,,,,,,,,,,,,,,,,,,,,,,,,,,,,,,,,,,,,,,,,,,,,,,,
2026-01-16T01:11:52.831026Z,"{'#attributes': {'Qualifiers': 16384}, '#text': 1061}",DC01.pirate.htb,Microsoft-Windows-Security-SPP,Application,3116,4,,,,,,,,,,,,79,7,,,,,,,,,,,,,,,,,,,,,,,,,,,,,,,,,,,,,,,,,,,,,,,,,,,,,,,,,,,,,
2026-01-16T01:11:52.846658Z,"{'#attributes': {'Qualifiers': 16384}, '#text': 902}",DC01.pirate.htb,Microsoft-Windows-Security-SPP,Application,3117,0,,,,,,,,,,,10.0.17763.7309,,,,,,,,,,,,,,,,,,,,,,,,,,,,,,,,,,,,,,,,,,,,,,,,,,,,,,,,,,,,,,,
2026-01-16T01:11:53.581026Z,"{'#attributes': {'Qualifiers': 16384}, '#text': 8230}",DC01.pirate.htb,Microsoft-Windows-Security-SPP,Application,3118,4,,,,,,,,,,,Security-SPP-Action-StateData (REG_SZ) =AppId=55c92734-d682-4d71-983e-d6ec3f16059f;LastConsumptionReason=0xc004f034;LastNotificationId=NeverActivated;LicenseState=SL_LICENSING_STATUS_NOTIFICATION;PartialProductKey=YBKQ3;ProductKeyType=Retail;SkuId=92114319-12ea-4bca-9d63-8740de9feff3;ruleId=31e71c49-8da7-4a2f-ad92-45d98a1c79ba;uxDifferentiator=RETAIL,,,,,,,,,,,,,,,,,,,,,,,,,,,,,,,,,,,,,,,,,,,,,,,,,,,,,,,,,,,,,,,
2026-01-16T01:11:54.377896Z,"{'#attributes': {'Qualifiers': 16384}, '#text': 8230}",DC01.pirate.htb,Microsoft-Windows-Security-SPP,Application,3119,4,,,,,,,,,,,Security-SPP-Action-StateData (REG_SZ) =AppId=55c92734-d682-4d71-983e-d6ec3f16059f;LastConsumptionReason=0xc004f034;LastNotificationId=NeverActivated;LicenseState=SL_LICENSING_STATUS_NOTIFICATION;PartialProductKey=YBKQ3;ProductKeyType=Retail;SkuId=92114319-12ea-4bca-9d63-8740de9feff3;ruleId=31e71c49-8da7-4a2f-ad92-45d98a1c79ba;uxDifferentiator=RETAIL,,,,,,,,,,,,,,,,,,,,,,,,,,,,,,,,,,,,,,,,,,,,,,,,,,,,,,,,,,,,,,,
2026-01-16T01:12:04.159139Z,"{'#attributes': {'Qualifiers': 16384}, '#text': 9027}",DC01.pirate.htb,Desktop Window Manager,Application,3120,4,,,,,,,,,,,,,,,,,,,,,,,,,,,,,,,,,,,,,,,,,,,,,,,,,,,,,,,,,,,,,,,,,,,,,,,,,,
2026-01-16T01:12:15.924769Z,"{'#attributes': {'Qualifiers': 0}, '#text': 102}",DC01.pirate.htb,ESENT,Application,3121,4,,,,,,,,,,,,certsrv.exe,"3132,P,98",,,,,,,,,,,,,,,0,10,00,17763,0000,,,,,,,,,,,,,,,,,,,,,,,,,,,,,,,,,,,,,,,,,,
2026-01-16T01:12:15.924769Z,"{'#attributes': {'Qualifiers': 0}, '#text': 102}",DC01.pirate.htb,ESENT,Application,3122,4,,,,,,,,,,,,DFSRs,"3180,P,98",,,,,,,,,,,\\.\C:\System Volume Information\DFSR\database_1E64_8720_6486_FA33\dfsr.db: ,,,,0,10,00,17763,0000,,,,,,,,,,,,,,,,,,,,,,,,,,,,,,,,,,,,,,,,,,
2026-01-16T01:12:15.940394Z,"{'#attributes': {'Qualifiers': 0}, '#text': 105}",DC01.pirate.htb,ESENT,Application,3123,4,,,,,,,,,,,,certsrv.exe,"3132,D,0",,,,,,,,,,,,,,,0,0,"
[1] 0.000440 +J(0) +M(C:0K, Fs:128, WS:500K # 500K, PF:2420K # 2144K, P:2420K)
[2] 0.000552 +J(0) +M(C:3200K, Fs:184, WS:708K # 708K, PF:4140K # 4140K, P:4140K)
[3] 0.000011 +J(0) +M(C:0K, Fs:3, WS:12K # 12K, PF:64K # 64K, P:64K)
[4] 0.000062 +J(0) +M(C:0K, Fs:15, WS:60K # 60K, PF:496K # 496K, P:496K)
[5] 0.000284 +J(0) +M(C:0K, Fs:9, WS:36K # 36K, PF:20K # 20K, P:20K)
[6] 0.002976 +J(0) +M(C:0K, Fs:30, WS:120K # 120K, PF:12K # 12K, P:12K)
[7] 0.013641 -0.011811 (5) WT +J(0) +M(C:0K, Fs:275, WS:1096K # 1096K, PF:1028K # 1028K, P:1028K)
[8] -
[9] -
[10] -
[11] -
[12] -
[13] 0.006455 -0.003886 (6) WT +J(CM:0, PgRf:0, Rd:0/0, Dy:0/0, Lg:616/1) +M(C:0K, Fs:20, WS:-952K # 64K, PF:-956K # 72K, P:-956K)
[14] 0.000012 +J(0) +M(C:0K, Fs:1, WS:4K # 0K, PF:0K # 0K, P:0K)
[15] 0.000129 +J(0) +M(C:0K, Fs:101, WS:400K # 0K, PF:68K # 0K, P:68K)
[16] 0.000631 -0.000528 (1) WT +J(0) +M(C:0K, Fs:2, WS:0K # 0K, PF:0K # 0K, P:0K).",,,,,,,,,,,,,,,,,,,,,,,,,,,,,,,,,,,,,,,,,,,,
2026-01-16T01:12:15.956014Z,"{'#attributes': {'Qualifiers': 0}, '#text': 326}",DC01.pirate.htb,ESENT,Application,3124,4,,,,,,,,,,,,certsrv.exe,"3132,D,50",,,,,,,,,,,,,,,1,C:\Windows\system32\CertLog\pirate-DC01-CA.edb,0,"
[1] 0.000003 +J(0) +M(C:0K, Fs:1, WS:4K # 0K, PF:0K # 0K, P:0K)
[2] 0.001569 -0.001364 (1) WT +J(0) +M(C:0K, Fs:18, WS:8K # 0K, PF:4K # 0K, P:4K)
[3] 0.007473 -0.003169 (6) WT +J(CM:0, PgRf:0, Rd:0/0, Dy:0/0, Lg:3480/2) +M(C:0K, Fs:28, WS:104K # 0K, PF:144K # 0K, P:144K)
[4] 0.000056 +J(0)
[5] -
[6] -
[7] -
[8] 0.000960 -0.000784 (2) CM -0.000706 (2) WT +J(CM:2, PgRf:2, Rd:14/2, Dy:0/0, Lg:0/0) +M(C:0K, Fs:50, WS:200K # 0K, PF:128K # 0K, P:128K)
[9] 0.002598 -0.002412 (3) CM -0.002334 (3) WT +J(CM:3, PgRf:23, Rd:0/2, Dy:0/0, Lg:0/0) +M(C:0K, Fs:22, WS:88K # 0K, PF:196K # 0K, P:196K)
[10] 0.000923 -0.000855 (1) CM -0.000824 (1) WT +J(CM:1, PgRf:40, Rd:0/1, Dy:0/0, Lg:0/0) +M(C:0K, Fs:3, WS:12K # 0K, PF:64K # 0K, P:64K)
[11] 0.000008 +J(CM:0, PgRf:1, Rd:0/0, Dy:0/0, Lg:0/0) +M(C:0K, Fs:2, WS:8K # 0K, PF:0K # 0K, P:0K)
[12] 0.000029 +J(CM:0, PgRf:42, Rd:0/0, Dy:0/0, Lg:0/0)
[13] 0.0 +J(0)
[14] 0.0 +J(0)
[15] 0.000003 +J(CM:0, PgRf:1, Rd:0/0, Dy:0/0, Lg:0/0).",0 0,lgposAttach = 00000002:0013:0268,,,,,,,,,,,,,,,,,,,,,,,,,,,,,,,,,,,,,,,,,
2026-01-16T01:12:15.971642Z,"{'#attributes': {'Qualifiers': 0}, '#text': 105}",DC01.pirate.htb,ESENT,Application,3125,4,,,,,,,,,,,,DFSRs,"3180,D,0",,,,,,,,,,,\\.\C:\System Volume Information\DFSR\database_1E64_8720_6486_FA33\dfsr.db: ,,,,0,0,"
[1] 0.007142 +J(0) +M(C:0K, Fs:253, WS:992K # 992K, PF:6344K # 6340K, P:6344K)
[2] 0.000231 +J(0) +M(C:16K, Fs:96, WS:376K # 376K, PF:328K # 324K, P:328K)
[3] 0.000017 +J(0) +M(C:0K, Fs:5, WS:16K # 16K, PF:68K # 68K, P:68K)
[4] 0.000251 +J(0) +M(C:2032K, Fs:37, WS:144K # 144K, PF:2428K # 2428K, P:2428K)
[5] 0.000363 +J(0) +M(C:0K, Fs:9, WS:36K # 36K, PF:24K # 24K, P:24K)
[6] 0.001212 +J(0) +M(C:0K, Fs:16, WS:64K # 64K, PF:12K # 12K, P:12K)
[7] 0.028439 -0.024767 (21) WT +J(0) +M(C:0K, Fs:1300, WS:5192K # 5192K, PF:5128K # 5128K, P:5128K)
[8] -
[9] -
[10] -
[11] -
[12] -
[13] 0.023923 -0.019286 (22) WT +J(CM:0, PgRf:0, Rd:0/0, Dy:0/0, Lg:616/1) +M(C:0K, Fs:8, WS:-5100K # 16K, PF:-5124K # 16K, P:-5124K)
[14] 0.000015 +J(0) +M(C:0K, Fs:1, WS:4K # 0K, PF:0K # 0K, P:0K)
[15] 0.000135 +J(0) +M(C:0K, Fs:64, WS:256K # 0K, PF:64K # 0K, P:64K)
[16] 0.000369 -0.000270 (1) WT +J(0) +M(C:0K, Fs:2, WS:0K # 0K, PF:0K # 0K, P:0K).",,,,,,,,,,,,,,,,,,,,,,,,,,,,,,,,,,,,,,,,,,,,
2026-01-16T01:12:15.987276Z,"{'#attributes': {'Qualifiers': 0}, '#text': 326}",DC01.pirate.htb,ESENT,Application,3126,4,,,,,,,,,,,,DFSRs,"3180,D,50",,,,,,,,,,,\\.\C:\System Volume Information\DFSR\database_1E64_8720_6486_FA33\dfsr.db: ,,,,1,\\.\C:\System Volume Information\DFSR\database_1E64_8720_6486_FA33\dfsr.db,0,"
[1] 0.000003 +J(0) +M(C:0K, Fs:1, WS:4K # 0K, PF:0K # 0K, P:0K)
[2] 0.001371 -0.001141 (1) WT +J(0) +M(C:0K, Fs:19, WS:12K # 0K, PF:8K # 0K, P:8K)
[3] 0.007578 -0.003686 (6) WT +J(CM:0, PgRf:0, Rd:0/0, Dy:0/0, Lg:3480/2) +M(C:0K, Fs:28, WS:96K # 0K, PF:144K # 0K, P:144K)
[4] 0.000056 +J(0)
[5] -
[6] -
[7] -
[8] 0.000847 -0.000652 (2) CM -0.000580 (2) WT +J(CM:2, PgRf:2, Rd:14/2, Dy:0/0, Lg:0/0) +M(C:-8K, Fs:71, WS:276K # 0K, PF:132K # 0K, P:132K)
[9] 0.002198 -0.002046 (2) CM -0.002012 (2) WT +J(CM:2, PgRf:23, Rd:0/1, Dy:0/0, Lg:0/0) +M(C:-12K, Fs:20, WS:68K # 0K, PF:188K # 0K, P:188K)
[10] 0.000345 -0.000278 (1) CM -0.000241 (1) WT +J(CM:1, PgRf:40, Rd:0/1, Dy:0/0, Lg:0/0) +M(C:-4K, Fs:4, WS:12K # 0K, PF:60K # 0K, P:60K)
[11] 0.000007 +J(CM:0, PgRf:1, Rd:0/0, Dy:0/0, Lg:0/0) +M(C:0K, Fs:2, WS:8K # 0K, PF:0K # 0K, P:0K)
[12] 0.000018 +J(CM:0, PgRf:36, Rd:0/0, Dy:0/0, Lg:0/0)
[13] 0.0 +J(0)
[14] 0.0 +J(0)
[15] 0.000003 +J(CM:0, PgRf:1, Rd:0/0, Dy:0/0, Lg:0/0).",0 0,lgposAttach = 00000001:016E:0268,,,,,,,,,,,,,,,,,,,,,,,,,,,,,,,,,,,,,,,,,
2026-01-16T01:12:16.219536Z,26,DC01.pirate.htb,Microsoft-Windows-CertificationAuthority,Application,3127,4,,,,,,pirate-DC01-CA,,,DC01.pirate.htb,  DC=,,,,,,,,,,,,,,,,,,,,,,,,,,,,,,,,,,,,,,,,,,,,,,,,MSG_I_SERVER_STARTED,,,,,,,,,,,,,,,,
2026-01-16T01:12:18.268516Z,"{'#attributes': {'Qualifiers': 49152}, '#text': 8200}",DC01.pirate.htb,Microsoft-Windows-Security-SPP,Application,3128,2,,,,,,,,,,,,hr=0x80072EE7,"00010001(0x00000000, 17:12:18:252 - https://activation-v2.sls.microsoft.com/SLActivateProduct/SLActivateProduct.asmx?configextension=Retail)
00020001(0x00000000, 17:12:18:268)
00030001(0x00000000, 17:12:18:268 - https://activation-v2.sls.microsoft.com)
00030002(0x00000000, 17:12:18:268 - 0)
00040001(0x00000000, 17:12:18:268 - https://activation-v2.sls.microsoft.com)
00040002(0x00000000, 17:12:18:268 - 1, <NULL>, <NULL>, <NULL>)
00050002(0x80072F94, 17:12:18:268 - 0, 1)
00040006(0x00000001, 17:12:18:268 - 0, https://activation-v2.sls.microsoft.com, <N/A>, <N/A>)
00020005(0x00000000, 17:12:18:268 - 0)
00020008(0x80072EE7, 17:12:18:268 - SOAPAction: ""http://microsoft.com/SL/ProductActivationService/IssueToken""
Content-Type: text/xml; charset=utf-8
, <soap:Envelope xmlns:soap=""http://schemas.xmlsoap.org/soap/envelope/"" xmlns:xsi=""http://www.w3.org/2001/XMLSchema-instance"" xmlns:xsd=""http://www.w3.org/2001/XMLSchema"" xmlns:soapenc=""http://schemas.xmlsoap.org/soap/encoding/""><soap:Body><RequestSecurityToken xmlns=""http://schemas.xmlsoap.org/ws/2004/04/security/trust""><TokenType>ProductActivation</TokenType><RequestType>http://schemas.xmlsoap.org/ws/2004/04/security/trust/Issue</RequestType><UseKey><Values xmlns:q1=""http://schemas.xmlsoap.org/ws/2004/04/security/trust"" soapenc:arrayType=""q1:TokenEntry[1]""><TokenEntry><Name>PublishLicense</Name><Value>gaVcDk/aER1GCwwiOf4QJKOe8KJHSv+iS6OghZ/jvEeskpxN55N+Qocb+0Y9ETe0ogzgDIem4N8EgaHnd7LPjnwFuhsV3ej793uC2+6ZUIkOcIEUwERU0QcDGXj5RwauwZYNHgmHPRuhnA+1uTY1FRgyBE53MfD1tbykmtZPRvrIDMCv6m5xirr2+jkXVlTmBHQF7Ue0zflHHtjo9bRh3Cr3sO6wCYrCm7rCcIp6FmXuSz1ragq/ARDVyxCyv8RAQcAyDI0/hbMI0dG0vsqv8qEu2hIMtLiHzpnoSEpkh/aqXuajaCnWbQQoEYZIVkc0jQMb8qhfiaMag5pvczPIZYKHqxiNkLpj9nybrUAX5J6BbvBrf8YmqTaBcEX9blVZ8TnYmFmnYCm2kcMp+m04I+B0HSlfab9XDG1eDJb/vcmAZSktiNMGmG2OPlIFaqptq9Q6zsgjYUblKXJVPU33pudGMGIeD2+beVZtgosB+2rz+LQB+N8hWJeaO4/E8ql330aYI86GD03zrhFCIeGnTa8b9IBHRBs/StoKlJYQFXE0zmXNFyDenCXv3vNhFZwc+2ITGXK7UMGibWBQ2Uvlm4qjms0mcaBXjOUjFbmn13k8WO9yuaiaZn5ZeovRrhrXB32IoNWpuQQXO0X/M8OzNRgOk1oIYaAGrzgZXi1+C/LKGSFazqwryJFLlYDr0ONYvDOIbAlYH5vlGpiE/RFIMP85XtPcD5Wz3t8By42vp4DvOmyN4sxxVQWLHzmBFu6QtWMy+MmzHz1oYSgpLZT5atwDY2FqonbFGzEpI4S+XXSWVJilDfAUiMjyNIWgSbd0O1YEAc5Jm6EYqjkV8RMaa0TEp0qTGyAlagRc/7qirbJaexNp/jH0Mea55jIuGpW32n+JU45TcH+B5C8NJvFqSGH/Fk+/5gv6jx2tzEglNNS4Agp9HTC7Jk+ENt/S4A3V0jmE3ooDjFjNkO4LplYa6VKMHANIvTIoPwcPFlaGr7vY49MMo2Gn1s7MEySOoG3eIHN2hkc8KDwBef2meb6f9WlN3Ct5k8vMFAY9BZhhs8QP9PjD7diuVt1yDaeBs33v79F5UDYV5T03zlPpjJQBsVzfthzAWAs2VCIvE0+SpHkGgK3e3VyqBhW2/Q/G9EkxQrgzQWtuGuYcT+U10Hv5Apj8Xa8iH5S/RvVl7wZgi0UVul6j5uIrz0dTvoOTdPAnn5LnflzkyvFQ0HLXDr4qgj4aihj/TZZo+BocryVrjl83Iojrp3iy0UExIB8f4DrxCwFg1xGhYqF8vp32/rbZaeAdCYqgXt/IVtzmKY9GKpYsL68vjSJv4hIhv7oCZae9UE0eevueTcJvrMxQ/TYcTvOHxbMFzZMRFadLItvFMhyaGk5Fe0RzrEw1XZAzvXbi51LnOnrxtwf+ymEC/TbBUr68XVRUVlLBV5uQOvMInvNqgK+Onuiz5qo/0+21kw/9jfnbFC+tVS3j2RBgdqoghCDaylGDY9FMT2So3xMxbGkNFNe7OOoG9dRlt2oXe0U2lM73Zdx7NHoq8IRCIKUICSjcXiWpYy88wAWmy+cFDfANQmJ9KIajHLwnz+Jl+igNR2HDGZ2egNAfxq8Na1EhxSl3yWANyXrKxzk0ZoVRF1chlbBuTosk/B5AnpJ0rQF1dDodXK+0hndlHF9rzdtziOzuSn3jgm40N3m1ZLIGplDnjWls5V8BZU25qTQRjM+N0T9o1VzAKNBzpIHFnXtVvDJ/ytI9e5Dp6rTw9T7h0TN2pjaAOeu6XM2Wal35Rft6Oy7j88LH3IRWrSU8rn4QSNrV8az0d5jU85XeOQ6taBTLiKZXK941IPufQxUe3z+oQUJlBsBq/YfukJkWTkSKtR+XN9Z+9fTbderpZghybO/iFFaMg4JSB23pzimjRB23R53N3AWaBKLQl7ADm23w+d1B9Q6J12kC4HvRsGLcqMhBJb6ABR6d8PcDwJz54wAj+QyeloI7iTP+vzHzFeyoKsp5xSIdLeJBJXb0TmTSqQKdzehYxgsKwGj/TKkt1XHiJbQRdOQCsLN4bOFynuPjm2QKXT6pdlwhgbUi2cLMuAJFhJ3wJxmtsAf2J8KIeDRhYv1Jm8k+6Q7M9Ttk9jDg4TOJL1ZD2MtFHN8FcFHTGXDN3Fvg1Y1qyYCcxkbtfykOgP2T7nkeNpPtWkg62VOee64jEeg6fw5btoiwGZ5i9ifG/zOqVG1Ngj7XB3KfIOTPTV50F/tRf/eiMRl9EQIGwP974vDoZKtQOBPUqqHImGDebj+2QCW449Yc5QhvDTU9u59pYqsSOXxyp8RaU+kIRqECpogto4wOi49l5Y+pPZ0Pu5e0tfktCcedF89SKLRv2sE5YcZjs27AQ3aEnK65RVezgV5PIHStxX9Gs1K24pCnoeTIe7gcF+BfzdR9dsD3nizh+OSTM1Pq6DWGqfcMCKizu/OWwgkp7quKAg6ZPkHl5ZhMhtdOd0303r0kyTrbm+RKByNlMT8+s9Remm6Oy5hoZ47TU9zrmbjb5zdILscRZerB3KKX9Xr1l1whvfoU7+s31WCRYVMo0RJZMADX5fISLBCUlnwhqgd2lvqIlaWiAqY4oGuRGAOCD9WaHvMyiScfNdQcNPGFnN2wojcBsrKihGFL+dvlAvvXM0sYumRQYT0zU10SRv9t/90y5IF7OlbFp+kGiePXzjSKqP65gcJRxT4rXwkGX6/D4vP6HW8E915MUHSIZGR9FWn4dgg5/Zeqfl9D114vjeOA8R3n3ls79+om7eUjvl3sOZdCdKFii+MZYLPtc+i1zUFefPDrboukV6hF58NrvL8H9UKofWPsluOB/IN00r9LvzKiVVAJgD5Qw+xROdf3i3+iFsD5Xj68OyUydxCZorv1xT5DEhsHXMGQ3Ncyx8/ASE47fNLqoVhaehcRhkNpQ3DFtYbKTd078NauihME66qRjiCvlCkWJYyUC5fcZCggYf0M4dU6kMNVooQ9/lVlCiOjGxDv4Z23Gv1pPd2p1yqkr7LynLfGdEakGzTihtW6qdbKuHk5in1dzJh6UXlmAoQLibMGT+nDSuZkGxRcHg9PCsEgKHcFu3gRwVZ29R+641z1QxUak5p5FH/U/0Jo5WI4ID2sZ1cwv2fUN9fAbr4CB77ibIGAB8Te2UYujg1OYyIU8a+xwAOtN5HO7+isHD/kGLnur1g2CenmfGgZ4HVLHKCOpLnAgVOXjKQswHWcxnECM8oEGGAFcmQ6heYo4kCdZWFfK9kvD7HJZqG1HWsh1QMmqdhcDLcRor1Oi7hu52Y/dMMcIC9wDqTC6EqdOZzi9TQ2G4gRV4NcREqtmyjPJYTDqwm0ggYaHOtCOqPyNUxEEzcLAi41fyUYmNgmBTmxb6CL1/BotC8L+4eovNLj7AhtfoXB/l7NSflhUXhRXXZP8bWp34Nyo+1YcoNlyoD5OKfJwxDSJkPXUxOSSMvhIQP2RZ9HMaa7uI7fk2ZrKRx4X+hIsLVRgWYg6aG8VaRUCFN56XmkMhgtVGamkUCxjbohuF2aHlRdlmH6RXjEUsvLe/Zntev31WthzIj1krOApHm0kmXjBWV5LYL2TvfiuJzBipYeb9Pc9Y9THGwtVfz43QThUw81GyA/1LY5hxjr8FXxkxmXDs60qpMWTjVvAfsUg9tiv6rnYMdxxu3riajZdvPOiX1o6xfIZyQDZEgSWJehnFXLAXw0yT7N3arIODC2yGgTA6T386WqlwbB0MNtrC0PTXgA2JpoBU8mTlLtl8tSUTD/5GoSr3M7fQ990YLcqcxFUc9II8LZQiPnmVdqNH2ip2csmBYdts2pCkkvlFfOWzbhax1p1Nl/pK0n5uiIEji3rW6N6BhFSfCS1T2y5cbFr2iOPJu4RzKyU3JiSOEMY2dvi38S2Pv9sJe871OFnuqvOZJYRxW65GnLdLatlsJohTqybB6mXuGBwa+//xFTGqdL7z51rsap+UxwgsYevUpYNm5kTKsNiSr0BEdPPb0L9fKSWgwmO9bONOa269AlwyqnHc9vgdoqmzKs7DLCC69wD4k3zggfss1lZ8wWfkqllz37WMeP8QB6/VvaY5XAap6/DO813BExKUoTHsXaqsk/2aYVqL6kbQdbQh4dnJBR5ufdjavjRzUBKnQGsjzp4vTky0xUniMIBtnIzI0LHZ5GHu/4h3037FMeLHqN85ukIRZ8as/g9G+vAHI9m7QMuMIGnDFj+YM6azgqAGeTNcJCqLf1UIyQTdiNRdxgxwIGbpIBoxSjF0jGEYju55k9SKDQCHSo2meQGO8wrIVESHnTQn4/WCEyTa6pySDqP5YKFiHPwZ7VapilQnJfjtNq3qTc+SK7SPLPYJ+QlMBi9I+LOK+S0OhsvALLWUdDVyvRcrfL1UBItaoN+YbjwAhkN/vqH4lFfH3pMQkI6q8RBrJsnFj2My4XsqDeApa9q1ljGEsW5U/Yntst22r2lTEiE1IgNONU1Bb1nbS+ltnFG+9hDElcgLeWMEDW0uZZ0VsFslfOLJKI0EEufF/EKSYCStVOX6F2EfEPsi4GoUKgiG/q0cqZbMqyaUP+7nORooucnPA/DjmNMHx7wqP3jI3jiyjoyRexuA+kbyOWb/o3n26O7lq0Ecx8EWk4g5yjH1Ov+UzUfhnSITpQDM/mhMIVatTesJIvEIXKDqEfzDqXT0Q0VHotTHzEtTDBxV4tvdsVJ/ldMkiPOqwW732iAPKJoZrbUfxIG0yBUYz4ZZKqyo1j/Wy40VHtHD+5pXxE/uzd031II4MgUV0WXWrlJh3OnHOt35csxHnm1oKUVujjAPqi0stjD06vBFlRJUU6YE2UVYCjnx0obfbHvNErzsi1XLlnYBBGJzPVhhL1iql7gFVUTRnkslepyExkd2LxiOZjNkTO9BC6+jnrPT7eLs3wff07gz63aMU/vGEfEtZdrntGPGNTw6LEatTbdjSZ6jHTzkCegD2fJhUfBQNUPvzVhfWjHGBlYTfUZjpbB75Dxde20FAJsP8paEuXdPJt3riBGae1sc+LK7MuUoJQGdqcM8MWPjgSb34Jy7MTJ9MrkD3XmkIQBjKDCBYRI9jnvF88ruMLtEaOsqZdzzqa6B/FppLZn3tv8w0ow9mu/IhHC+IaiewZeEd6AJhSBzbOcdYG/AXziH2grRzlemsMsSeucqX8IrwSU9iM0SSeC4Bf4WRV38w51LAlXIERuf9IHVvpGInIpxgJSFNWDtxpF/ZOtzBLI/9VkgxDIoL9/ub0JJXjhITGrVImcXwoiGAf6kBBA5EQ479GMOPL093+F4EWIwX7nWvvPMFJjFjZit2gnqIGo+i6pesIbOGEe7y03B2vSUWwVUQdO2wPqCoPwbClX7jpaPfRfwfTvTYPtM4FuCvvSxLshG0kOL1buuU/hGhNe3POBnFNXri5u9f5fadxXPkMcHgYlFiim2TH4NvDRVXQWf5J4L35RCufyN7kaEe0Fau22kpdpWQXxxoaHYdWWTQG9Tkw04Z7vulRsuW+aUz36Gn36+EE4yiWDB7L2xqYV4p7H1O7194K4OrNrAWUj6rvjhOmUDkEn9KNjpWlB+QhLKVPAHJYz4gK/DC+FftXX5/6S/MyDkZpiX2Hi2P6Bvv+hTm49eaOwxP1O/uEizXexCPaqI7WKtuhmibyK1Z25lRkiByKv/gfdGc3KdnQO6/NdynQfMNPz7vCHJMJ+pbPNz+bVTH6ChiMsAskC+ADpaWd8TiV4TgUWNx5hiHqmOHN1geXDycgUlEkfGgQUHrm/Mpf7UmVUAncWiSRnYMfFtMjY6zAA03brdyADyzyJShFwRCTk28zEHeurXTl3OvxzvFndUHcJ0d0J+Lsn8uacp49f08fQ7aPRNnf9U8wIBwxGBSjeRNtbeoS3nhkV44ZrBrn6cOcA3stZGl9Auv5nO5zN2pKI9HWyPojrG94zso9jvVhkVp2C/vkc+nhQgSF1HLhVp7+yiZMLaFXkwuETqxPJMHCB2BVGQXihuqNJck/U68IrdN1NEEH7qJpopCqgOZAk3tjiU6+NSpxQ/xGmxdPyJ9s6sOhvMLrP5ijgKTWGKb6fI75oTi6aWeXbhk8Qu3fKbwHgnktlc6a0jfWx95PMVis9ixwXDbtBwNSfyupplv/sJA1vf3tqqn0OKxCH2EIPLtHzV+ynYBr49YC9MwefJ+W3+PVLWUW2AxzGCYR/uTVD0JYcoTe1eS+FXhVRN8sgHQPkb4JvM5IxxaA6nRCc8OKn5jHZn83dyYPVj92NP/FLC6CuJsKZ4JsoUykjrw49gLPXZHfodudKLFqhXGP5bNZztxZxBg+RKHVNSv3iGRsnsK8CThTqZGsR3H8HvWolwniPNB5vlLM7cXqynbhj4XYqf5ruMZI861ttwnNVfPmxY23UbENmCAl0mRK5ZIXbgJbXZXrn7jXDtGctS7qy1yNqACx5kXMeX2cbUHBY60RV/56p43L6jWzKBYYqUHi+QPh8f2x2JC2ABwJlDdY4Gle4yBTEHF8CEYUG1tElIcnu95Fb0NhXUqIo3jli55v6H8m4IfNKg6YqxTZM+g4nUrOHmJkqe2FHz2kaE4w9jywFQLvFnOJFZUvcrWPEcBqiRQJzgSTmMcpGd9JV1vd6lKkVti4CvZ7o4wmpwO0RC8uMPLej+a3yP+WirbMmZ6k3JdSOhQd7nlw55XLeqklEyPGe+Z11Dw99P1m5eigCtXgDAbdqnyinCecBFudlq76WJ5wus+zhylDbxyshxPgmczeDiXmctwhFeGOhU+pvwYQnLtxQ4LNtAYJX1p5u43lw2WYOTMOqZLPNF1RQK6OgvE60PGviMwYi9eqZvMXL4QdHwcJ52VMT2GaYUDZcMYvLDkPTWP0vfLpIS4rAwAEpA6PAqadgSh55U261mdUbTJXVBtamhivaRZWrBii+Zg0QsdLPNEwrC9xXbkK7/GK0hJLFz9Z9ANiE/o4sVc2HirGuELQawIhMniixzHqxh76qzhf5dMm61W9GMSp8nRZ6kI2+Kpgfo3NU563PbJ+SRqv4AMwP5OMevXvhoFnU1Wyy7oTBU0i1KXI5gWsla+j1rZ/wC1Uk/4bxgVidBL0vti561XdmE3unTJsCyLeu5Cr4BVn5viGtrHkYjieVIQzl2lfY+G64nUWi5kRPNky3iu/uIXvY3Zcq/jntGgAcDBRrkmUbjZk6DCsm5EE1B1NgSIy9Bz68Nwva3DyjF+v+Z8zJ+b0NGwZUXw41sQnGvx3M7NIJZbcVFDbhiiSv2CJIJjvy29VHohu0bwnD4ujLNwi9RFrArK0GYkGCAbIcY1AEF58Qvh1RIKG+RJhBlf36Fc8nP5Uzsb2yHGOG0jfFCPch/OyhIqETj+4njZ9B+fptTYqimJsIwH8QxBlgF2escH1dRDCzGBBQznvrDsPjOUjRxaalTRaPFmUL0goT3UqW+5xnHHgRcQTLQMlypyfxSpghKMWfPOnznNzGI7lPkK/0LqYU7f85vLwJIUf7ipR19+EEB4HIeKpq44mUbyZWjJXjl39erp0R/yg5l0vccmBfd81PiWMCrPb8p/oINv0nExcudlYAwcJh5skMIDtkOBiPF3BPTXYp9+fHUE2WW/dC1ftJHBxaFtcv6vh/ghjo+EGTNJSsRgz0d7sKlT6ceqPFzdLqUtdSh9OmSAJqDEF/NEHQ/MlJIrJvCU2kXAkMWnPI6kikazKHIEBuAf2uRfJl0YjO6WB92KJwlWvIgoyZqCAxEgX+Tp8Zh1/Lf3YQlb1l7oB5KmBi2EBjpHUgPaQmp04wX3oQki1PnnpUwFARmq8TJ3d4aMH4xiUTSi/l01Qd8PXgsd6ACO8/KZ9wl4a+x1c//eJL54foszr7KWbtFKDhYau2adTYhipyEzuvSASNAoARWfoWSb6/AskzNcE/czwCHbecIrad0j4Z6PkBomP1+OZf8g87jl4dZ+dpL4osk8vOt+O9wp5vYoNHgfJR9m3ZSxM6p/9ZYb5THZwZGLK4ncnG7MdS+NE9FjZbCbuwAVsLOGio7G3ZKSRsTmfY3OdwS3z+A2fW0OwQK2Q/v4l9suPRNhPQgI0TfeeZrMY/uf8ZmNd1jVP4VTyDvxw8aR2em3HSKAtCUb76g9PkSaERWp1/tesGipusZ/ufhDol/19OlZPiYxjtUcxYVxQtmbw0St3j9WqZu/4Tqb/wYfTmpoLQ0WAsoy56zFLG4qUjfa6eUFIMG3Hx8FenCSB2bGD5jIak9vAmiQjZ3PZ3a1KMsUbXx7YQuefWgxnWgRbwJ4pk/eO4nL+zI3/YpehuYFAnYCbi8kyXYdUF2IRgaLVbBD2PlGv+DW3IwxqOwy+GTB8GQZuHV8Jb7/iY757tCHKEA+y1DoelH4TvdnVXO8v/810wV1EvcsXsz1/ejA0OPj4MaauL3PPtpCqfFcA727+Lw4MY0MhRsveur5cNX84avCV+8NElIb09senORzvJ3lqiIkpy6+l+B/QPimfrCE00M+m0RZ+eK/RNNpPD+na+VWJ50+46lS0VXj1/VGa/CqqygJfdjVPV65SFTQi4gzygd1luePwV2YejEJW8QQ9RuVa2GAC5X8gZUOeWltIIDnge+pO+8rQNPVqbj6prHEnrqHgSrCO1JLxLLs3y5JBqk94z5wzNQGeakwSVqPqVDcSqVuBoTH2F8CWAg24v+SJRK9FRzD8oNFoYoHppzhEUDCiTHYjvLC1OLz/qxxzVOFgU/ySJgg23tEhGmpPghS4RGwEtlwLhtNivNnC/hRGNjdyk9K6WL4JPPz6Yqwws9501RJFAjXoRnWchwldD4gZyRhOxmFk1PuL//Pv/+4ED9uOhPwug2RSWk9DTMneE0ZUs24QOB4ekM2dYicxrh8GcsTCDSdGYArHfOmb53xBZmu2tPCjeBP3s5ZMkCg08qAdj80RoUaq0bqqT1GAdMsHbVGwsLqVcP+OyfmFaoXSUBXwzl/K8G0BC15JA8obYtl+kDv2XGIvXiCxw7QwdEPwlWQjihqKXtVagBFvsjpr17kARSoPNBJO4VzQQamLdsEsZXWkvqDKiVR8XaIyu8ZuigWMDpGjs2IY50oZd43knVKWf0inyV2o5FbDcnJoYV1ge5yWiPxW5H2KlH32cdT3hIFS46v+yIobk7kayK5H1vlxJWfa5SDQX57PbeDjZtihVylDh2mAIrLikqXVsyKqyJ8LDtqGZpqsGCQOwGRRLsMOPmJy6xX8z3XoqluwKgUeSaKxd8P08JuAEZQ45BAW7J66FnI54U+bJ5lftOm3sZnTOf4P9ThBeR1MJy/Xfp9DheRmXOsQQidNuaS8rLffI2duuUaI5NcqET+Uyi5YtC7TPM0OvFAKf74L7d8hFm1fOSubTejaC80DUV9xVXTzhapHigDSl48FTQnqDe07aBCnlvciY0PgFKqvldwD61acM5Ay33GXIfdbuv8dE+lzIy3BCvAFPYjETEwufLVi6wXQtWAchAEGpHOMCYAQkYsXON3Y9MKt4JkIe1MDaj4Hk6LqacQkhslyKGyDhxKyALdQh4IL75rBeIQXtFbLFgyE01HHxmC3lY3iqfzm7EBoXfxr4B4UHLDQPNmpgpI2P0/cL53X11L4Cbun17A9jzwLniuxeWebG1yaprqKNIHS4+9C2XcPUToRAnQR8VZgN/omcdJ/w9N9/LvPW/o1apygjkev45oJpBVurHMVO75dsdKn1w8NBnMt1KCsCmlZJnUpPJsgK93UOXXnn0DKyA9D2UaegfNdM7f3sr5zjLVfXCMoCAbZK7pne9NkJo3l19c/2jwq+eBrpz7UCHfNJmi7TGxOInYpC5l+h+dP+EI6+7BGWKmdiUDzMIIfhPEfC2kgiibX/tTshagEsYZ07roUX7B4TwqnpFYEzQ8Hw3APiXYhlS0WtdtBew5b25f067h9IKQXl/s9s02gaZGDalhGUpGKPvRM9NEnx5GC7mB/P+8cnjBbZnoQi7IsdH9PZb7IRFqdbq6gcaSRIbYx+DMqR90RrXuBBNkzMrIYg2ZVcNJ/JpnSQ5sJLNdfIYLdqKSbHh4/e0RkOvxzzfbVmauRdNkDEE6h58o6rbGRBT0LCVEG+IhMrWUrKc0WHwXy07HHxIemTNdqtgMGiIRyX4cqfUqs+WAvXHRLlgXnw6VtmJ+2xMNX6fL38jNCR+7lFmLmooriCIcCIk0F/obCSGI/tKmISSer2EPowm4wnrmDCbnn+cG12V0fv3m4U/2lwwNPEt0TQW5957p+HMGvmSm6TnQNtJDbmdfnnRRM/8eHliQy8w8GsnlH1nppF3Io25Pecjl7cvbEoZfIa4XLVDglMtX9Bjq2Rhk5AWoYmHA6uNoUu/JAUPYcXMtxRJQbdwjp90JPl1iwIEVZZX4J+9/pKergNdX0Wwpug5JmZxi4BLbCJiusBHYdRWg37Rh0ESfPWlN/+4q4QAafYu6NuiBxVB23H1DCvxc1F7MtHiYuPhirDZa7U4VUghclCbawSeBGkdBpFYHjamLxm+rHC7mtI7t74I5xKzuHk/C/lxu1bGk7IOd5HcFgXMHOT23Niy10vGC9f7TZQrlt2JeT1Dfg0ssAxpGa15lXwi4H+bLBmyrmcaiW4vXss7QY7Ux4jZ8MocbAjPRob/x0S087r7htI7ADWg0TghdZHdAI0K0/Zta8Vzt8jrsQxNyXdRGYYp2GHegb+U1EVsTBtn/IpP6xf0wEmrQMYSIbxus7hsj9oY/f5CI1eopT0WdJmI0k0reCfGx6eLRUueJg+IZs4HA/OGGISpBwSjtzi3K9yPKmuD16Ti5kAU2EQjnHigffiB+mr5/wAWXSwXxGTMycYNPIq8rDOLaVPh6mWkI6G3Pji2W8Mt+AloGD017m/O3eU2YPearc+eh7h7sniK7/WBsEoKbXd1sWUr7C4F5EzZK8ZMpA3iffUBieC84DpgYewdCAmv8mTNGeXJ8IPShWuqf0L9f6pLfQlnWsSMn9ylV+uRw9qQBg6WuPG6ELf8vbegTp2qxzKjW1wdMpSYmYJlCY06w0ue6zl+jExGa8RaI8hfUZb9aRgsCfaQV6ACndllsE6RzPZM0W2fBAh86+6Oy4quLCuxq6LLjNKR9GGEhHQzCEAvQrunYw1jRAsDM341d3BWX+5UEYw2BUwRxPIaiYKnvdrn/OVamz52Az3vnHEujx+pxGwzV9ysVHfU0LzkWlUDNTPIarWpVFF8kedTVKZY8N+NwSrMi4WlnmkgkM2aPWGRT2o6xUs8/LEMl+le9r9gYaqLbQkZsGMEXerdG1qf96tBB4ys1tyAL7YxdWMziO5es+coLPakraIXxEo3aEmRdnlJ98W/R62biJA6+LN6Mw6g4kZZkyly3RZooRM60YBt2Vl1P3hCdhy7geOrF6flKUJxOjDeon58CLm/RXjjfUrObMw8/0AQq9leQvr0NhlrCjEBgF82sXsTr6BTJ+x8BwMg7CeeiMuZHadQYJqbOzw6Y6BixJgeI99+DJrgVVBx2JnLGUTOO/acLWiicXc3nz6WBXwUz3TmdWQf+7sObewI4q2+g9hfVFIwNpBt5N9hNYxCfyAUtZkTtjeAvBA95u8slDxFmYbggQ5ZMt4CCWY4xJLIzQAIrgBnkmjs6JXP28/NIisi+2VwNgmPReBuHt95GeKuTGyqPbRdGkaa/BJ6QPeY/BqP8qTz7VI+6WXzfVOfw44kS+NvBbw7o6JZMv4zwLox0C1hwaRvBoCJnuKOMwcS0PK2mlJjuGnecTB8GmbRcw78pIM9vQXMQRtt3YActzB97s4Uak4mYzBQ7NWxAnLTxPSuqDULCl6u2jPW9pCghUSxUCwB9L+7Sv/H44u72nzdpbeneOpeZrZpA792ZxTZQrIwntgfnAukkdwwY9+3u9RYhM2XAzTWCosMLHJEPR9dldJlmjnamSeng9sM9wtUfJdD5X8HqNlXt5/pIOyHOTgHqRP6KlLr4tOhNgOcsicTtufUsGHe9KQlNn+aq81/8YwxTdzuKBo6/Xv2lUuUB6zoYj/RPMqBHowWwR8z9LwaFUELMhKrBWqZgowzbAy5P87avjCrxJag6JK9HTvjTULKWHHrilK10wcCeskiHcoxdhDtnIbYzWi5X7DrkS1jycf3G6MachM9ht96etzxB7qZj4OJvGfR0MdZYhgR3qOsjKnX1Fu7oOWZW999YVs7caNLDvi1p9LEZuuxdKYCbnx3msL0lihJlVCgxW5Ay1OmriQ7QuGFQi/ZWn6++mZ//7rcuNH409VZ5RBqpuTnfKX/wNmPfzYq7u4pusrirWJdPbUfK9rijXV4alnv7sXIov7P/hs2QvfNetul0EX+H3NjwTe/bbqAOKV2qyNDZ4J7xjPi/irfOTKoQdcQyk7SiZmR0RKZo5gNJLe09bBtTOrzO7QSAAP4z53C22irYXW5w0hlxV+YwUguWFzqcIwdV/hzHAyuEe/A8Zs91Ftkp2DCZB53s/k3NLMazvHqeK9UiXfJRvFYuLN8ZjeYBQnMZUVotqVHByhXgVFGyuaOQgs7AZH4w6cvBQ1j9ggqaZYdfORkzFR4d6+vr8OGG3EJjnnuctxRWCw0NQrvMRhZgDSlRjKeqgq/Ysm4/0paz9ABJoO1qcCUvm+elsWl66m1Q6Xr9zrXDGQ9/elAsCDpk33xeVuMKdfpb5ALgHJSxpD6CIFOrlrw+g0wkDoxXCcMa1u05MHIqyX/C7Han5M841eT4X5ZFxcVbwF5/vbv+MkStLGKru2Q2Qc7djXxQh8pHs/V988xQ4CZhdDHFSQInAoKN6uWTEa6wOaCkzMjQLvuabgY4CYjR8S6YPOhCQIkwQ0veglPw9EOdCqUuBZespgdihJiejKmw7CxRAQWDpzsiE4UOLXISEeC2ofX14Sb28lcHOiz7ttRHAbxEtMsMWEKsxnn7A3XatdUOqcuViYeSgNr5n7hz5zkEuZvf7JmcljgMGSMuOHDhJ3b2M/tAmjtvRUybKgY5+rJ+Hfi1p6p5qqEPzKLkURrluqrJhmA3R598yGt8YljjVkRls9fu4pnEHKGgJ8xc9TMXmEnc8S5HApOYqVVbZBy6VXYp+fuDNSUPSxVZxGp9hqRoazeff89GSp1/zK9uUb9sl9OHH6TwwiXQCiXSVMcDSHRI9h1jFzuh0Gcs/FZ9IxqihMEkMKONT77TA1UnkaR9VEzNbQJnf0PXPV0bHQk06zPJVq6+NvTMpsaIk/M4khy6sz1eV7uJqzkMu+ZFAyp3+kLcGcbaip+s0q5FOB/O/H3q/skNXaHmEhGmL1fNVQl0fLX2xqLNknLDUrDkK2MhJ6uDZyint3+pqDmWuiCCyr5K+AgbnXMyS2gMuPN/FM5tHAXDwcU+Rg2y1l2PPcD8v6GxSEtUaaMdlPrm7MZZbNawAUZoYgVVN6sDn2CoX3wpr34ToC99fq+X5D/uJXzjxrJegQ30GrXGx25QoBPDDdKuDoeNLQm7SJNINgkFNXle7FVr4DzEdGFrkoXESFbN6u/bMDHD1UAyQRU95JpD1DcwV2gbiwc4BvNNB/YFNSr/C9i2jWeyZwSZTyTMd4/smBVyxl89ywOpIqUH5ou0BuCqkLXzbEiD7Xp/CaaWNX6lsulcw4Sq5vCx69CF6i6HMJw4+1RkOJQRqUNb5pzBpbQ6BW7pTi1K000aZ7/NXC6mIplu52pw0QZ7S3AEO9958qJljqgkPc7/vNHfxRWFaF/tZ/U/QTUgNYjT0ASnHqUxzBIpFbzLEpdT0Ifmjw/jnURd55p5RqhGzqjxe7VUK/tJgkhp85pVtJNgCulCRcypvuVT1cEIInZD7HKGVkyUOVnLOL1O1lto4g6hM93i+iqbE5SQGj8aQVsNhPVUpJRWt66fyyq81Cs1GpVCVcDcyOltO+Ko2u68FFdXDBCvclRkYMcROnZtyCCaJuYpkYOYCzIIi3qaJXgUdRVm8OaESWZ07wFjfZof5g2KdJBr1JG7/hItRAsXJSjm0+Ol/XZYpODVrdnRtHEkv9kDbkSTcw05rMkATkzHNAN93c2TZb/Tu79iclN85rh9HLlv/nbze26/gTarXULdnSH7gX/DcJC5A0S0g9aaG095fGM13/Hlw8BW2j8tyG8DXXk00aBDghhHBCc/fylpnMVVnnQaNYBb1Kh9HNcnJQx0Acue3lJ6touxW74Eu/r2HDNw36qcsaV7TAm6uwInnl9HoSZkQn3meTmiTpppn8ISte4r9rTCiFGIizZTijJeP2pmH3+3ubzpHf/MkjD7m6gdzmnevUQNtsOncGVlBtPSj1fKcISVQXSBqd3E464pb/KRM6aJFz4In1cDUC+Wa13nU+RCkxYJm/RLFRNJ93b8pzQdx6WZZd4JDH2URalDh4FPcmcJR9YHxUpj86hb7ltEaaUJH2515HadWr8iEDUONe6AF7oQN0xz+jpsQIjyJvk8Iy7SF</Value></TokenEntry></Values></UseKey><Claims><Values xmlns:q1=""http://schemas.xmlsoap.org/ws/2004/04/security/trust"" soapenc:arrayType=""q1:TokenEntry[17]""><TokenEntry><Name>SessionKey</Name><Value>vhNwsGKxskl8EnrxKWthiky7hC9FTimVD3RLWUjA8Kkf1PjYGTBJSdS6u+63eF0heYa50fYIC0k4p0igepPQg3+43mY32TVmL5LVfSzmztQA/exWlRdG5JZxwynQtkds3fLTVl6Smp4cUZdzG9oqo1FdMaF9wEZwT99sJizVDS3gK1qff8nSc/lGo3DwyxIX9ETnNfr2Q9EaGC/b3MlGuuxPyePysa9xxrKEcRr0BcgQKs62YULmK3Q1Lw3MaHMPpklPPOV9oisgxke3Xp3G47xnq5dPd1hA0xv5zMR1t8BhI1fduLlTYsC+1NaSFWmNXuXsCndT3ycI0rNgDMpocw==</Value></TokenEntry><TokenEntry><Name>BindingType</Name><Value>I6kR5x+/p6Gs/qAJluZBJX3lq6nZN3y9lRyQFjTuZg0=</Value></TokenEntry><TokenEntry><Name>Binding</Name><Value>JVP5NHo/DDruJmTdz1caOlfK8Kod3UFvCP9TfpCJThEbsUZfKfS6uOvN9OSobYDG1v9vijD3pFK0Wg8e3cPmCHlGQhxTGhIv4jpHS4poWxU=</Value></TokenEntry><TokenEntry><Name>ProductKey</Name><Value>m1NSXMesuQc8xKEpnwdck/16QmudHbOUM3p4JBIssq4=</Value></TokenEntry><TokenEntry><Name>ProductKeyType</Name><Value>I6kR5x+/p6Gs/qAJluZBJWFbWgaklWZmvIaGsYnTM9k=</Value></TokenEntry><TokenEntry><Name>ProductKeyActConfigId</Name><Value>zQgSZFduV9NtR26DY+CVHGr6eOKQRvhj8eHBQkd7bhuzJQQL0g02Rse4U/RcgkoRYGam2hC2qzsImugwN+1p5If7HvQkq5MoxJQjo1t/JiU=</Value></TokenEntry><TokenEntry><Name>SppSvcVersion</Name><Value>lvJ+sQAjOXoprAbX4H5ElQ==</Value></TokenEntry><TokenEntry><Name>otherInfoPublic.licenseCategory</Name><Value>tZ6VBNJMFs8IIX/xPz+iXemVv8JTqVjnefxtCW4wUMs=</Value></TokenEntry><TokenEntry><Name>otherInfoPrivate.licenseCategory</Name><Value>tZ6VBNJMFs8IIX/xPz+iXc4vCohe38k6iRFj1tVbXps=</Value></TokenEntry><TokenEntry><Name>otherInfoPublic.sysprepAction</Name><Value>1U8G9w0twGYPLHOGXRge6A==</Value></TokenEntry><TokenEntry><Name>otherInfoPrivate.sysprepAction</Name><Value>1U8G9w0twGYPLHOGXRge6A==</Value></TokenEntry><TokenEntry><Name>ClientInformation</Name><Value>WtyhyPakfVIwWpptPqR9y4rZiaTen+BUZtbamwVV/88OJFrAFhbd4wJIy5ZUw34bpyuA3XirooKjhuVxHc2UTg==</Value></TokenEntry><TokenEntry><Name>ReferralInformation</Name><Value>afRCP6vWsqQCCGxeswYcjS84t/84M3BaPckegCPicspdv//9337qzoRwgkZepMl8zNoQCAMLaXAHDLvB7B1XcA==</Value></TokenEntry><TokenEntry><Name>ClientSystemTime</Name><Value>BjHeLKyFCnagR3KX7JERuy78zMF/7cD9kz36XuRZ1A8=</Value></TokenEntry><TokenEntry><Name>ClientSystemTimeUtc</Name><Value>BjHeLKyFCnagR3KX7JERuy78zMF/7cD9kz36XuRZ1A8=</Value></TokenEntry><TokenEntry><Name>otherInfoPublic.secureStoreId</Name><Value>9TUPybA7/3b4fNUa9bTh/764kQgF6SLLVBau2hwO7v4ONQuyGlHqWPq8JSk3CQGp</Value></TokenEntry><TokenEntry><Name>otherInfoPrivate.secureStoreId</Name><Value>9TUPybA7/3b4fNUa9bTh/764kQgF6SLLVBau2hwO7v4ONQuyGlHqWPq8JSk3CQGp</Value></TokenEntry></Values></Claims></RequestSecurityToken></soap:Body></soap:Envelope>)
00010002(0x80072EE7, 17:12:18:268 - <NULL>)
00010003(0x80072EE7, 17:12:18:268)
",,,,,,,,,,,,,,,,,,,,,,,,,,,,,,,,,,,,,,,,,,,,,,,,,,,,,,,,,,,,,
2026-01-16T01:12:18.268516Z,"{'#attributes': {'Qualifiers': 49152}, '#text': 1014}",DC01.pirate.htb,Microsoft-Windows-Security-SPP,Application,3129,2,,,,,,,,,,,,hr=0x80072EE7,92114319-12ea-4bca-9d63-8740de9feff3,,,,,,,,,,,,,,,,,,,,,,,,,,,,,,,,,,,,,,,,,,,,,,,,,,,,,,,,,,,,,
