2026-02-25T17:56:24.053878Z,"{'#attributes': {'Qualifiers': 16384}, '#text': 4202}",DC01.pirate.htb,Microsoft-Windows-MSDTC 2,Application,3963,4,,,,,,,,,,,,,,,,,,,,,,,,,,,,,,,,,,,,,,,,,,,,,,,,,,,,,,,,,,,,,,,0,0,0,1,0,0,0,0,0,1,Mutual Authentication Required,NT AUTHORITY\NetworkService
2026-02-25T17:56:24.929153Z,"{'#attributes': {'Qualifiers': 0}, '#text': 271}",DC01.pirate.htb,VMUpgradeHelper,Application,3964,4,,,,,,,,,,,,,,,,,,,,,,,,,,,,,,,,,,,,,,,,,,,,,,,,,,,,,,,,,,,,,,,,,,,,,,,,,,
2026-02-25T17:56:31.210132Z,"{'#attributes': {'Qualifiers': 0}, '#text': 102}",DC01.pirate.htb,ESENT,Application,3965,4,,,,,,,,,,,,certsrv.exe,"2772,P,98",,,,,,,,,,,,,,,0,10,00,17763,0000,,,,,,,,,,,,,,,,,,,,,,,,,,,,,,,,,,,,,,,,,,
2026-02-25T17:56:31.366374Z,"{'#attributes': {'Qualifiers': 0}, '#text': 105}",DC01.pirate.htb,ESENT,Application,3966,4,,,,,,,,,,,,certsrv.exe,"2772,D,0",,,,,,,,,,,,,,,0,0,"
[1] 0.001081 +J(0) +M(C:0K, Fs:124, WS:488K # 488K, PF:2392K # 2124K, P:2392K)
[2] 0.000678 +J(0) +M(C:3200K, Fs:183, WS:716K # 716K, PF:4144K # 4144K, P:4144K)
[3] 0.000021 +J(0) +M(C:0K, Fs:3, WS:12K # 12K, PF:64K # 64K, P:64K)
[4] 0.000092 +J(0) +M(C:0K, Fs:15, WS:60K # 60K, PF:496K # 496K, P:496K)
[5] 0.000823 +J(0) +M(C:0K, Fs:6, WS:24K # 24K, PF:24K # 24K, P:24K)
[6] 0.005012 +J(0) +M(C:0K, Fs:31, WS:120K # 120K, PF:12K # 12K, P:12K)
[7] 0.125216 -0.122139 (5) WT +J(0) +M(C:0K, Fs:274, WS:1096K # 1096K, PF:1024K # 1024K, P:1024K)
[8] -
[9] -
[10] -
[11] -
[12] -
[13] 0.022204 -0.015479 (6) WT +J(CM:0, PgRf:0, Rd:0/0, Dy:0/0, Lg:616/1) +M(C:0K, Fs:7, WS:-1004K # 16K, PF:-1020K # 12K, P:-1020K)
[14] 0.000022 +J(0) +M(C:0K, Fs:1, WS:4K # 0K, PF:0K # 0K, P:0K)
[15] 0.000548 +J(0) +M(C:0K, Fs:100, WS:400K # 0K, PF:64K # 0K, P:64K)
[16] 0.001043 -0.000833 (1) WT +J(0) +M(C:0K, Fs:2, WS:0K # 0K, PF:0K # 0K, P:0K).",,,,,,,,,,,,,,,,,,,,,,,,,,,,,,,,,,,,,,,,,,,,
2026-02-25T17:56:31.397626Z,"{'#attributes': {'Qualifiers': 0}, '#text': 102}",DC01.pirate.htb,ESENT,Application,3967,4,,,,,,,,,,,,DFSRs,"2856,P,98",,,,,,,,,,,\\.\C:\System Volume Information\DFSR\database_EEE2_E7CF_32B5_74E\dfsr.db: ,,,,0,10,00,17763,0000,,,,,,,,,,,,,,,,,,,,,,,,,,,,,,,,,,,,,,,,,,
2026-02-25T17:56:31.503859Z,"{'#attributes': {'Qualifiers': 0}, '#text': 326}",DC01.pirate.htb,ESENT,Application,3968,4,,,,,,,,,,,,certsrv.exe,"2772,D,50",,,,,,,,,,,,,,,1,C:\Windows\system32\CertLog\pirate-DC01-CA.edb,0,"
[1] 0.000006 +J(0) +M(C:0K, Fs:1, WS:4K # 0K, PF:0K # 0K, P:0K)
[2] 0.003799 -0.003483 (1) WT +J(0) +M(C:0K, Fs:18, WS:8K # 0K, PF:4K # 0K, P:4K)
[3] 0.021092 -0.013676 (6) WT +J(CM:0, PgRf:0, Rd:0/0, Dy:0/0, Lg:3480/2) +M(C:0K, Fs:29, WS:108K # 0K, PF:144K # 0K, P:144K)
[4] 0.000160 +J(0)
[5] -
[6] -
[7] -
[8] 0.002615 -0.002360 (2) CM -0.001812 (2) WT +J(CM:2, PgRf:2, Rd:14/2, Dy:0/0, Lg:0/0) +M(C:0K, Fs:50, WS:200K # 0K, PF:128K # 0K, P:128K)
[9] 0.005278 -0.005024 (3) CM -0.004867 (3) WT +J(CM:3, PgRf:23, Rd:0/2, Dy:0/0, Lg:0/0) +M(C:0K, Fs:22, WS:88K # 0K, PF:196K # 0K, P:196K)
[10] 0.002063 -0.001945 (1) CM -0.001859 (1) WT +J(CM:1, PgRf:40, Rd:0/1, Dy:0/0, Lg:0/0) +M(C:0K, Fs:3, WS:12K # 0K, PF:64K # 0K, P:64K)
[11] 0.000015 +J(CM:0, PgRf:1, Rd:0/0, Dy:0/0, Lg:0/0) +M(C:0K, Fs:2, WS:8K # 0K, PF:0K # 0K, P:0K)
[12] 0.000049 +J(CM:0, PgRf:42, Rd:0/0, Dy:0/0, Lg:0/0)
[13] 0.000001 +J(0)
[14] 0.0 +J(0)
[15] 0.000005 +J(CM:0, PgRf:1, Rd:0/0, Dy:0/0, Lg:0/0).",0 0,lgposAttach = 00000002:00D4:0268,,,,,,,,,,,,,,,,,,,,,,,,,,,,,,,,,,,,,,,,,
2026-02-25T17:56:31.694499Z,"{'#attributes': {'Qualifiers': 0}, '#text': 105}",DC01.pirate.htb,ESENT,Application,3969,4,,,,,,,,,,,,DFSRs,"2856,D,0",,,,,,,,,,,\\.\C:\System Volume Information\DFSR\database_EEE2_E7CF_32B5_74E\dfsr.db: ,,,,0,0,"
[1] 0.008954 +J(0) +M(C:0K, Fs:275, WS:1004K # 1004K, PF:6452K # 6452K, P:6452K)
[2] 0.000355 +J(0) +M(C:16K, Fs:98, WS:384K # 384K, PF:336K # 336K, P:336K)
[3] 0.000021 +J(0) +M(C:0K, Fs:4, WS:16K # 16K, PF:64K # 64K, P:64K)
[4] 0.000208 +J(0) +M(C:2032K, Fs:37, WS:140K # 140K, PF:2432K # 2432K, P:2432K)
[5] 0.000846 +J(0) +M(C:0K, Fs:8, WS:32K # 32K, PF:24K # 24K, P:24K)
[6] 0.000880 +J(0) +M(C:0K, Fs:10, WS:40K # 40K, PF:12K # 12K, P:12K)
[7] -
[8] -
[9] -
[10] -
[11] -
[12] -
[13] 0.239059 -0.149740 (36) WT +J(CM:0, PgRf:0, Rd:0/0, Dy:0/0, Lg:616/1) +M(C:0K, Fs:1423, WS:548K # 5648K, PF:-36K # 5092K, P:-36K)
[14] 0.000021 +J(0) +M(C:0K, Fs:1, WS:4K # 0K, PF:0K # 0K, P:0K)
[15] 0.000156 +J(0) +M(C:0K, Fs:64, WS:256K # 0K, PF:64K # 0K, P:64K)
[16] 0.066104 -0.000860 (3) WT +J(0) +M(C:0K, Fs:5, WS:12K # 0K, PF:0K # 0K, P:0K).",,,,,,,,,,,,,,,,,,,,,,,,,,,,,,,,,,,,,,,,,,,,
2026-02-25T17:56:31.710125Z,"{'#attributes': {'Qualifiers': 0}, '#text': 637}",DC01.pirate.htb,ESENT,Application,3970,4,,,,,,,,,,,,DFSRs,"2856,D,35",,,,,,,,,,,\\.\C:\System Volume Information\DFSR\database_EEE2_E7CF_32B5_74E\dfsr.db: ,,,,\\.\C:\System Volume Information\DFSR\database_EEE2_E7CF_32B5_74E\dfsr.jfm,,,,,,,,,,,,,,,,,,,,,,,,,,,,,,,,,,,,,,,,,,,,,,
2026-02-25T17:56:31.944501Z,"{'#attributes': {'Qualifiers': 0}, '#text': 325}",DC01.pirate.htb,ESENT,Application,3971,4,,,,,,,,,,,,DFSRs,"2856,D,35",,,,,,,,,,,\\.\C:\System Volume Information\DFSR\database_EEE2_E7CF_32B5_74E\dfsr.db: ,,,,1,\\.\C:\System Volume Information\DFSR\database_EEE2_E7CF_32B5_74E\dfsr.db,0,"
[1] 0.000177 +J(0) +M(C:0K, Fs:3, WS:12K # 0K, PF:8K # 0K, P:8K)
[2] 0.006665 -0.001403 (1) WT +J(CM:0, PgRf:0, Rd:0/0, Dy:0/0, Lg:3480/2) +M(C:0K, Fs:1, WS:4K # 0K, PF:0K # 0K, P:0K)
[3] 0.183522 -0.000003 (2) WT +J(0) +M(C:0K, Fs:19, WS:64K # 0K, PF:44K # 0K, P:44K)
[4] 0.000266 +J(0)
[5] 0.000227 +J(CM:0, PgRf:3, Rd:0/0, Dy:3/6, Lg:122/4) +M(C:0K, Fs:35, WS:140K # 0K, PF:148K # 0K, P:148K)
[6] 0.003752 -0.001195 (1) WT +J(CM:0, PgRf:209, Rd:0/0, Dy:12/408, Lg:24454/447) +M(C:0K, Fs:63, WS:252K # 0K, PF:220K # 0K, P:220K)
[7] 0.007819 -0.006344 (1) WT +J(CM:0, PgRf:0, Rd:0/0, Dy:0/0, Lg:4096/2) +M(C:0K, Fs:1, WS:4K # 0K, PF:0K # 0K, P:0K)
[8] 0.000005 +J(0)
[9] 0.032943 -0.030664 (4) WT +J(0) +M(C:-52K, Fs:17, WS:-4K # 0K, PF:32K # 0K, P:32K)
[10] 0.010443 -0.006709 (5) WT +J(CM:0, PgRf:346, Rd:0/0, Dy:7/93, Lg:12509/128) +M(C:12K, Fs:31, WS:116K # 0K, PF:96K # 0K, P:96K)
[11] 0.000003 +J(0).",0 0,lgposCreate = 00000001:0001:0268,,,,,,,,,,,,,,,,,,,,,,,,,,,,,,,,,,,,,,,,,
2026-02-25T17:56:32.593155Z,44,DC01.pirate.htb,Microsoft-Windows-CertificationAuthority,Application,3972,2,,,,,,,,,,,,,,,,,,,,,,,,,,,,,,,,,,,,0x8007054b (1355),,The specified domain either does not exist or could not be contacted.,,,,,,Initialize,,,,Windows default,,,,,,,,,,MSG_E_POLICY_ERROR,,,,,,,,,,,"The Active Directory containing the Certification Authority could not be contacted.
",,,,,
2026-02-25T17:56:32.607502Z,26,DC01.pirate.htb,Microsoft-Windows-CertificationAuthority,Application,3973,4,,,,,,pirate-DC01-CA,,,,  DC=,,,,,,,,,,,,,,,,,,,,,,,,,,,,,,,,,,,,,,,,,,,,,,,,MSG_I_SERVER_STARTED,,,,,,,,,,,,,,,,
2026-02-25T17:56:33.444489Z,"{'#attributes': {'Qualifiers': 16384}, '#text': 1704}",DC01.pirate.htb,SceCli,Application,3974,4,,,,,,,,,,,,,,,,,,,,,,,,,,,,,,,,,,,,,,,,,,,,,,,,,,,,,,,,,,,,,,,,,,,,,,,,,,
2026-02-25T17:56:35.647633Z,"{'#attributes': {'Qualifiers': 32768}, '#text': 6003}",DC01.pirate.htb,Microsoft-Windows-Winlogon,Application,3975,4,,,,D9060000,,,,,,,SessionEnv,,,,,,,,,,,,,,,,,,,,,,,,,,,,,,,,,,,,,,,,,,,,,,,,,,,,,,,,,,,,,,,
2026-02-25T17:56:36.913257Z,"{'#attributes': {'Qualifiers': 32768}, '#text': 6000}",DC01.pirate.htb,Microsoft-Windows-Winlogon,Application,3976,4,,,,D9060000,,,,,,,SessionEnv,,,,,,,,,,,,,,,,,,,,,,,,,,,,,,,,,,,,,,,,,,,,,,,,,,,,,,,,,,,,,,,
2026-02-25T17:58:29.955083Z,"{'#attributes': {'Qualifiers': 16384}, '#text': 900}",DC01.pirate.htb,Microsoft-Windows-Security-SPP,Application,3977,4,,,,,,,,,,,<explicit>,,,,,,,,,,,,,,,,,,,,,,,,,,,,,,,,,,,,,,,,,,,,,,,,,,,,,,,,,,,,,,,
2026-02-25T17:58:30.236315Z,"{'#attributes': {'Qualifiers': 49152}, '#text': 16394}",DC01.pirate.htb,Microsoft-Windows-Security-SPP,Application,3978,4,,,,,,,,,,,,,,,,,,,,,,,,,,,,,,,,,,,,,,,,,,,,,,,,,,,,,,,,,,,,,,,,,,,,,,,,,,
2026-02-25T17:58:30.501969Z,"{'#attributes': {'Qualifiers': 16384}, '#text': 1066}",DC01.pirate.htb,Microsoft-Windows-Security-SPP,Application,3979,4,,,,,,,,,,,"C:\Windows\system32\sppwinob.dll, msft:spp/windowsfunctionality/agent/7.0, 0x00000000, 0x00000000
C:\Windows\system32\sppobjs.dll, msft:rm/algorithm/inherited/1.0, 0x00000000, 0x00000000
C:\Windows\system32\sppobjs.dll, msft:rm/algorithm/phone/1.0, 0x00000000, 0x00000000
C:\Windows\system32\sppobjs.dll, msft:rm/algorithm/pkey/detect, 0x00000000, 0x00000000
C:\Windows\system32\sppobjs.dll, msft:spp/ActionScheduler/1.0, 0x00000000, 0x00000000
C:\Windows\system32\sppobjs.dll, msft:spp/TaskScheduler/1.0, 0x00000000, 0x00000000
C:\Windows\system32\sppobjs.dll, msft:spp/statecollector/pkey, 0x00000000, 0x00000000
C:\Windows\system32\sppobjs.dll, msft:spp/volume/services/kms/1.0, 0x00000000, 0x00000000
C:\Windows\system32\sppobjs.dll, msft:spp/volume/services/kms/activationinfo/1.0, 0x00000000, 0x00000000
",,,,,,,,,,,,,,,,,,,,,,,,,,,,,,,,,,,,,,,,,,,,,,,,,,,,,,,,,,,,,,,
2026-02-25T17:58:30.736320Z,"{'#attributes': {'Qualifiers': 16384}, '#text': 1003}",DC01.pirate.htb,Microsoft-Windows-Security-SPP,Application,3980,4,,,,,,,,,,,,55c92734-d682-4d71-983e-d6ec3f16059f,"
1: 22105925-48c3-4ff4-a294-f654bb27e390, 1, 0 [(0 [0xC004F014, 0, 0], [(?)(?)(?)(?)(?)(?)(?)(?)])(1 )(2 )(3 )]
2: 281c216a-5957-439b-adf2-aff4098a2bdd, 1, 0 [(0 [0xC004F014, 0, 0], [(?)(?)(?)(?)(?)(?)(?)(?)])(1 )(2 )(3 )]
3: 2e7a9ad1-a849-4b56-babe-17d5a29fe4b4, 1, 0 [(0 [0xC004F014, 0, 0], [(?)(?)(?)(?)(?)(?)(?)(?)])(1 )(2 )(3 )]
4: 3c006fa7-3b03-45a4-93da-63ddc1bdce11, 1, 0 [(0 [0xC004F014, 0, 0], [(?)(?)(?)(?)(?)(?)(?)(?)])(1 )(2 )(3 )]
5: 4285bbda-6219-4c1a-98e9-859e60d669fb, 1, 0 [(0 [0xC004F014, 0, 0], [(?)(?)(?)(?)(?)(?)(?)(?)])(1 )(2 )(3 )]
6: 44a5b4c3-e4b1-483b-81e8-0f78f4d98283, 1, 0 [(0 [0xC004F014, 0, 0], [(?)(?)(?)(?)(?)(?)(?)(?)])(1 )(2 )(3 )]
7: 661f7658-7035-4b4c-9f35-010682943ec2, 1, 0 [(0 [0xC004F014, 0, 0], [(?)(?)(?)(?)(?)(?)(?)(?)])(1 )(2 )(3 )]
8: 6bad0243-1c35-46b2-b8e6-7a853e37413f, 1, 0 [(0 [0xC004F014, 0, 0], [(?)(?)(?)(?)(?)(?)(?)(?)])(1 )(2 )(3 )]
9: 82fcf64d-f9dd-4411-9c79-f2eed16d4eb8, 1, 0 [(0 [0xC004F014, 0, 0], [(?)(?)(?)(?)(?)(?)(?)(?)])(1 )(2 )(3 )]
10: 84e331f6-4279-48c4-ab10-b75139181351, 1, 0 [(0 [0xC004F014, 0, 0], [(?)(?)(?)(?)(?)(?)(?)(?)])(1 )(2 )(3 )]
11: 8ea56c31-fe6e-4d56-9d17-8dc1ab35dd8b, 1, 0 [(0 [0xC004F014, 0, 0], [(?)(?)(?)(?)(?)(?)(?)(?)])(1 )(2 )(3 )]
12: 92114319-12ea-4bca-9d63-8740de9feff3, 1, 1 [(0 )(1 [0x00000000, 1, 0], [(?)( 1 0x00000000)(?)( 2 0x00000000 0 0 msft:rm/algorithm/phone/1.0 0x00000000 0)(?)(?)( 10 0x00000000 msft:rm/algorithm/flags/1.0)(?)])(2 )(3 )]
13: 9db83b52-9904-4326-8957-ebe6feedf37c, 1, 0 [(0 [0xC004F014, 0, 0], [(?)(?)(?)(?)(?)(?)(?)(?)])(1 )(2 )(3 )]
14: c2d23e1f-ee3e-4533-9094-e6dc0b8aa049, 1, 0 [(0 [0xC004F014, 0, 0], [(?)(?)(?)(?)(?)(?)(?)(?)])(1 )(2 )(3 )]
15: d07edbd8-02cb-49b1-8358-f2de7afd8a4d, 1, 0 [(0 [0xC004F014, 0, 0], [(?)(?)(?)(?)(?)(?)(?)(?)])(1 )(2 )(3 )]
16: de32eafd-aaee-4662-9444-c1befb41bde2, 1, 0 [(0 [0xC004F014, 0, 0], [(?)(?)(?)(?)(?)(?)(?)(?)])(1 )(2 )(3 )]
17: e73aabfa-12bc-4705-b551-2dd076bebc7d, 1, 0 [(0 [0xC004F014, 0, 0], [(?)(?)(?)(?)(?)(?)(?)(?)])(1 )(2 )(3 )]
18: e936f630-5125-4a39-b1de-544d6c036491, 1, 0 [(0 [0xC004F014, 0, 0], [(?)(?)(?)(?)(?)(?)(?)(?)])(1 )(2 )(3 )]
19: fd946594-6f0d-4c5c-9bf7-f5f628ecd0b9, 1, 0 [(0 [0xC004F014, 0, 0], [(?)(?)(?)(?)(?)(?)(?)(?)])(1 )(2 )(3 )]

",,,,,,,,,,,,,,,,,,,,,,,,,,,,,,,,,,,,,,,,,,,,,,,,,,,,,,,,,,,,,
2026-02-25T17:58:30.767565Z,"{'#attributes': {'Qualifiers': 16384}, '#text': 902}",DC01.pirate.htb,Microsoft-Windows-Security-SPP,Application,3981,0,,,,,,,,,,,10.0.17763.8385,,,,,,,,,,,,,,,,,,,,,,,,,,,,,,,,,,,,,,,,,,,,,,,,,,,,,,,,,,,,,,,
2026-02-25T17:59:00.815242Z,"{'#attributes': {'Qualifiers': 16384}, '#text': 16384}",DC01.pirate.htb,Microsoft-Windows-Security-SPP,Application,3982,4,,,,,,,,,,,,2126-02-01T17:59:00Z,RulesEngine,,,,,,,,,,,,,,,,,,,,,,,,,,,,,,,,,,,,,,,,,,,,,,,,,,,,,,,,,,,,,
2026-02-25T17:59:00.830854Z,"{'#attributes': {'Qualifiers': 16384}, '#text': 903}",DC01.pirate.htb,Microsoft-Windows-Security-SPP,Application,3983,0,,,,,,,,,,,,,,,,,,,,,,,,,,,,,,,,,,,,,,,,,,,,,,,,,,,,,,,,,,,,,,,,,,,,,,,,,,
2026-02-25T17:59:25.690081Z,"{'#attributes': {'Qualifiers': 0}, '#text': 8224}",DC01.pirate.htb,VSS,Application,3984,4,,,,2D20436F64653A2020434F525356434330303030303737332D2043616C6C3A2020434F525356434330303030303735352D205049443A202030303030343133362D205449443A202030303030343135322D20434D443A2020433A5C57696E646F77735C73797374656D33325C76737376632E6578652020202D20557365723A204E616D653A204E5420415554484F524954595C53595354454D2C205349443A532D312D352D313820,,,,,,,,,,,,,,,,,,,,,,,,,,,,,,,,,,,,,,,,,,,,,,,,,,,,,,,,,,,,,,,,,,,,,,
2026-02-25T18:00:09.450700Z,1001,DC01.pirate.htb,Microsoft-Windows-LoadPerf,Application,3985,4,,,,,,,,,,,,,,,,,,,,,,,,,,,,,,,,,,,,,,,,,,,,,,,,,,,,,,,,,,,LoadPerf,3837000039370000D2050000,12,,WmiApRpl,,,,WmiApRpl,,,,,,,
2026-02-25T18:00:09.520391Z,1000,DC01.pirate.htb,Microsoft-Windows-LoadPerf,Application,3986,4,,,,,,,,,,,,,,,,,,,,,,,,,,,,,,,,,,,,,,,,,,,,,,,,,,,,,,,,,,,LoadPerf,3A3700000A3800003B3700000B380000,16,,WmiApRpl,,,,WmiApRpl,,,,,,,
2026-02-25T18:02:57.087756Z,"{'#attributes': {'Qualifiers': 32768}, '#text': 6000}",DC01.pirate.htb,Microsoft-Windows-Winlogon,Application,3987,4,,,,D9060000,,,,,,,WSearch,,,,,,,,,,,,,,,,,,,,,,,,,,,,,,,,,,,,,,,,,,,,,,,,,,,,,,,,,,,,,,,
2026-02-25T18:02:57.165883Z,"{'#attributes': {'Qualifiers': 32768}, '#text': 6000}",DC01.pirate.htb,Microsoft-Windows-Winlogon,Application,3988,4,,,,D9060000,,,,,,,SessionEnv,,,,,,,,,,,,,,,,,,,,,,,,,,,,,,,,,,,,,,,,,,,,,,,,,,,,,,,,,,,,,,,
2026-02-25T18:03:17.418740Z,"{'#attributes': {'Qualifiers': 0}, '#text': 260}",DC01.pirate.htb,VMUpgradeHelper,Application,3989,4,,,,,,,,,,,,,,,,,,,,,,,,,,,,,,,,,,,,,,,,,,,,,,,,,,,,,,,,,,,,,,,,,,,,,,,,,,
2026-02-25T18:03:17.418740Z,"{'#attributes': {'Qualifiers': 0}, '#text': 272}",DC01.pirate.htb,VMUpgradeHelper,Application,3990,4,,,,,,,,,,,,,,,,,,,,,,,,,,,,,,,,,,,,,,,,,,,,,,,,,,,,,,,,,,,,,,,,,,,,,,,,,,
2026-02-25T18:03:17.418740Z,"{'#attributes': {'Qualifiers': 0}, '#text': 108}",DC01.pirate.htb,VMTools,Application,3991,4,,,,,,,,,,,,,,,,,,,,,,,,,,,,,,,,,,,,,,,,,,,,,,,,,,,,,,,,,,,,,,,,,,,,,,,,,,
2026-02-25T18:03:17.618598Z,1532,DC01.pirate.htb,Microsoft-Windows-User Profiles Service,Application,3992,4,,,,,,,,,,,,,,,,,,,,,,,,,,,,,,,,,,,,,,,,,,,,,,,,,,,,,,,,,,,,,,,,,,,,,,,,,,
2026-03-02T10:37:15.711316Z,"{'#attributes': {'Qualifiers': 16384}, '#text': 4625}",DC01,Microsoft-Windows-EventSystem,Application,3993,4,,,,,,,,,,,,,,,,,,,,,,,,,,,,,,,,,,,,,,,,,,,,,,,,,,,,,,,,,,,,,,,86400,,,,SuppressDuplicateDuration,Software\Microsoft\EventSystem\EventLog,,,,,,
2026-02-25T18:03:17.995568Z,38,DC01.pirate.htb,Microsoft-Windows-CertificationAuthority,Application,3994,4,,,,,,pirate-DC01-CA,,,,,,,,,,,,,,,,,,,,,,,,,,,,,,,,,,,,,,,,,,,,,,,,,,,,MSG_I_SERVER_STOPPED,,,,,,,,,,,,,,,,
2026-03-02T10:37:15.704021Z,1531,DC01.pirate.htb,Microsoft-Windows-User Profiles Service,Application,3995,4,,,,,,,,,,,,,,,,,,,,,,,,,,,,,,,,,,,,,,,,,,,,,,,,,,,,,,,,,,,,,,,,,,,,,,,,,,
2026-03-02T10:37:16.149403Z,5615,DC01.pirate.htb,Microsoft-Windows-WMI,Application,3996,4,,,,,,,,,,,,,,,,,,,,,,,,,,,,,,,,,,,,,,,,,,,,,,,,,,,,,,,,,,,,,,,,,,,,,,,,,,
2026-03-02T10:37:17.524575Z,5617,DC01.pirate.htb,Microsoft-Windows-WMI,Application,3997,4,,,,,,,,,,,,,,,,,,,,,,,,,,,,,,,,,,,,,,,,,,,,,,,,,,,,,,,,,,,,,,,,,,,,,,,,,,
2026-03-02T10:37:34.410203Z,"{'#attributes': {'Qualifiers': 0}, '#text': 105}",DC01.pirate.htb,VMTools,Application,3998,4,,,,,,,,,,,,,,,,,,,,,,,,,,,,,,,,,,,,,,,,,,,,,,,,,,,,,,,,,,,,,,,,,,,,,,,,,,
2026-03-02T10:37:34.800829Z,"{'#attributes': {'Qualifiers': 16384}, '#text': 9027}",DC01.pirate.htb,Desktop Window Manager,Application,3999,4,,,,,,,,,,,,,,,,,,,,,,,,,,,,,,,,,,,,,,,,,,,,,,,,,,,,,,,,,,,,,,,,,,,,,,,,,,
2026-03-02T10:37:35.457081Z,"{'#attributes': {'Qualifiers': 16384}, '#text': 781}",DC01.pirate.htb,Microsoft-Windows-Complus,Application,4000,4,,,,,,,,,,,,,,,,,,,,,,,,,,,,,,,,,,,,,,,,,,,,,,,,,,,,,,,,,,,,,,,86400,,,,SuppressDuplicateDuration,Software\Microsoft\COM3\Eventlog,,,,,,
2026-03-02T10:37:35.628954Z,"{'#attributes': {'Qualifiers': 0}, '#text': 258}",DC01.pirate.htb,VMUpgradeHelper,Application,4001,4,,,,,,,,,,,,,,,,,,,,,,,,,,,,,,,,,,,,,,,,,,,,,,,,,,,,,,,,,,,,,,,,,,,,,,,,,,
2026-03-02T10:37:35.847706Z,"{'#attributes': {'Qualifiers': 16384}, '#text': 4202}",DC01.pirate.htb,Microsoft-Windows-MSDTC 2,Application,4002,4,,,,,,,,,,,,,,,,,,,,,,,,,,,,,,,,,,,,,,,,,,,,,,,,,,,,,,,,,,,,,,,0,0,0,1,0,0,0,0,0,1,Mutual Authentication Required,NT AUTHORITY\NetworkService
2026-03-02T10:37:36.003950Z,"{'#attributes': {'Qualifiers': 0}, '#text': 271}",DC01.pirate.htb,VMUpgradeHelper,Application,4003,4,,,,,,,,,,,,,,,,,,,,,,,,,,,,,,,,,,,,,,,,,,,,,,,,,,,,,,,,,,,,,,,,,,,,,,,,,,
2026-03-02T10:37:36.660207Z,"{'#attributes': {'Qualifiers': 0}, '#text': 1000}",DC01.pirate.htb,VGAuth,Application,4004,0,,,,,,,,,,,vmtoolsd: Username and password mismatch for 'Administrator',,,,,,,,,,,,,,,,,,,,,,,,,,,,,,,,,,,,,,,,,,,,,,,,,,,,,,,,,,,,,,,
2026-03-02T10:37:55.128966Z,"{'#attributes': {'Qualifiers': 0}, '#text': 102}",DC01.pirate.htb,ESENT,Application,4005,4,,,,,,,,,,,,certsrv.exe,"2876,P,98",,,,,,,,,,,,,,,0,10,00,17763,0000,,,,,,,,,,,,,,,,,,,,,,,,,,,,,,,,,,,,,,,,,,
2026-03-02T10:37:55.175831Z,"{'#attributes': {'Qualifiers': 0}, '#text': 105}",DC01.pirate.htb,ESENT,Application,4006,4,,,,,,,,,,,,certsrv.exe,"2876,D,0",,,,,,,,,,,,,,,0,0,"
[1] 0.000854 +J(0) +M(C:0K, Fs:125, WS:488K # 488K, PF:2396K # 2128K, P:2396K)
[2] 0.000993 +J(0) +M(C:3200K, Fs:176, WS:684K # 684K, PF:4112K # 4112K, P:4112K)
[3] 0.000021 +J(0) +M(C:0K, Fs:3, WS:12K # 12K, PF:64K # 64K, P:64K)
[4] 0.000084 +J(0) +M(C:0K, Fs:15, WS:60K # 60K, PF:496K # 496K, P:496K)
[5] 0.000993 +J(0) +M(C:0K, Fs:12, WS:48K # 48K, PF:20K # 24K, P:20K)
[6] 0.008046 +J(0) +M(C:0K, Fs:24, WS:96K # 96K, PF:12K # 8K, P:12K)
[7] 0.017048 -0.010353 (5) WT +J(0) +M(C:0K, Fs:275, WS:1096K # 1096K, PF:1028K # 1028K, P:1028K)
[8] -
[9] -
[10] -
[11] -
[12] -
[13] 0.012434 -0.005902 (6) WT +J(CM:0, PgRf:0, Rd:0/0, Dy:0/0, Lg:616/1) +M(C:0K, Fs:7, WS:-1004K # 16K, PF:-1024K # 12K, P:-1024K)
[14] 0.000027 +J(0) +M(C:0K, Fs:1, WS:4K # 0K, PF:0K # 0K, P:0K)
[15] 0.000235 +J(0) +M(C:0K, Fs:100, WS:400K # 0K, PF:64K # 0K, P:64K)
[16] 0.000664 -0.000417 (1) WT +J(0) +M(C:0K, Fs:3, WS:0K # 0K, PF:0K # 0K, P:0K).",,,,,,,,,,,,,,,,,,,,,,,,,,,,,,,,,,,,,,,,,,,,
2026-03-02T10:37:55.194663Z,"{'#attributes': {'Qualifiers': 0}, '#text': 326}",DC01.pirate.htb,ESENT,Application,4007,4,,,,,,,,,,,,certsrv.exe,"2876,D,50",,,,,,,,,,,,,,,1,C:\Windows\system32\CertLog\pirate-DC01-CA.edb,0,"
[1] 0.000006 +J(0) +M(C:0K, Fs:1, WS:4K # 0K, PF:0K # 0K, P:0K)
[2] 0.001465 -0.000914 (1) WT +J(0) +M(C:0K, Fs:19, WS:8K # 0K, PF:8K # 0K, P:8K)
[3] 0.017454 -0.005942 (6) WT +J(CM:0, PgRf:0, Rd:0/0, Dy:0/0, Lg:3480/2) +M(C:0K, Fs:28, WS:108K # 0K, PF:140K # 0K, P:140K)
[4] 0.000122 +J(0)
[5] -
[6] -
[7] -
[8] 0.001544 -0.001340 (2) CM -0.001245 (2) WT +J(CM:2, PgRf:2, Rd:14/2, Dy:0/0, Lg:0/0) +M(C:0K, Fs:50, WS:200K # 0K, PF:128K # 0K, P:128K)
[9] 0.002282 -0.002009 (3) CM -0.001877 (3) WT +J(CM:3, PgRf:23, Rd:0/2, Dy:0/0, Lg:0/0) +M(C:0K, Fs:22, WS:88K # 0K, PF:196K # 0K, P:196K)
[10] 0.001789 -0.001656 (1) CM -0.001588 (1) WT +J(CM:1, PgRf:40, Rd:0/1, Dy:0/0, Lg:0/0) +M(C:0K, Fs:3, WS:12K # 0K, PF:64K # 0K, P:64K)
[11] 0.000016 +J(CM:0, PgRf:1, Rd:0/0, Dy:0/0, Lg:0/0) +M(C:0K, Fs:2, WS:8K # 0K, PF:0K # 0K, P:0K)
[12] 0.000052 +J(CM:0, PgRf:42, Rd:0/0, Dy:0/0, Lg:0/0)
[13] 0.000001 +J(0)
[14] 0.0 +J(0)
[15] 0.000006 +J(CM:0, PgRf:1, Rd:0/0, Dy:0/0, Lg:0/0).",0 0,lgposAttach = 00000002:00DD:0268,,,,,,,,,,,,,,,,,,,,,,,,,,,,,,,,,,,,,,,,,
2026-03-02T10:37:57.251087Z,1023,DC01.pirate.htb,Microsoft-Windows-Perflib,Application,4008,2,,,,,,,,,,,,,,,,,,,,,,,,,,,,,,,,,,,,,,,,,,,C:\Windows\system32\ntdsperf.dll,,,,,,,,,,,,,,126,,,,,,,,,,,,,,,,,
2026-03-02T10:37:57.847701Z,"{'#attributes': {'Qualifiers': 32768}, '#text': 6003}",DC01.pirate.htb,Microsoft-Windows-Winlogon,Application,4009,4,,,,D9060000,,,,,,,SessionEnv,,,,,,,,,,,,,,,,,,,,,,,,,,,,,,,,,,,,,,,,,,,,,,,,,,,,,,,,,,,,,,,
2026-03-02T10:37:59.082085Z,"{'#attributes': {'Qualifiers': 32768}, '#text': 6000}",DC01.pirate.htb,Microsoft-Windows-Winlogon,Application,4010,4,,,,D9060000,,,,,,,SessionEnv,,,,,,,,,,,,,,,,,,,,,,,,,,,,,,,,,,,,,,,,,,,,,,,,,,,,,,,,,,,,,,,
2026-03-02T10:38:05.170415Z,26,DC01.pirate.htb,Microsoft-Windows-CertificationAuthority,Application,4011,4,,,,,,pirate-DC01-CA,,,DC01.pirate.htb,  DC=,,,,,,,,,,,,,,,,,,,,,,,,,,,,,,,,,,,,,,,,,,,,,,,,MSG_I_SERVER_STARTED,,,,,,,,,,,,,,,,
2026-03-02T10:38:07.566542Z,"{'#attributes': {'Qualifiers': 0}, '#text': 1000}",DC01.pirate.htb,VGAuth,Application,4012,0,,,,,,,,,,,vmtoolsd: Username and password successfully validated for 'Administrator',,,,,,,,,,,,,,,,,,,,,,,,,,,,,,,,,,,,,,,,,,,,,,,,,,,,,,,,,,,,,,,
2026-03-02T10:38:08.459695Z,"{'#attributes': {'Qualifiers': 0}, '#text': 1000}",DC01.pirate.htb,VGAuth,Application,4013,0,,,,,,,,,,,vmtoolsd: Username and password successfully validated for 'Administrator',,,,,,,,,,,,,,,,,,,,,,,,,,,,,,,,,,,,,,,,,,,,,,,,,,,,,,,,,,,,,,,
2026-03-02T10:38:08.550960Z,"{'#attributes': {'Qualifiers': 0}, '#text': 1000}",DC01.pirate.htb,VGAuth,Application,4014,0,,,,,,,,,,,vmtoolsd: Username and password successfully validated for 'Administrator',,,,,,,,,,,,,,,,,,,,,,,,,,,,,,,,,,,,,,,,,,,,,,,,,,,,,,,,,,,,,,,
2026-03-02T10:38:08.691542Z,"{'#attributes': {'Qualifiers': 0}, '#text': 1000}",DC01.pirate.htb,VGAuth,Application,4015,0,,,,,,,,,,,vmtoolsd: Username and password successfully validated for 'Administrator',,,,,,,,,,,,,,,,,,,,,,,,,,,,,,,,,,,,,,,,,,,,,,,,,,,,,,,,,,,,,,,
2026-03-02T10:38:08.722784Z,"{'#attributes': {'Qualifiers': 0}, '#text': 1000}",DC01.pirate.htb,VGAuth,Application,4016,0,,,,,,,,,,,vmtoolsd: Username and password successfully validated for 'Administrator',,,,,,,,,,,,,,,,,,,,,,,,,,,,,,,,,,,,,,,,,,,,,,,,,,,,,,,,,,,,,,,
2026-03-02T10:38:08.832170Z,"{'#attributes': {'Qualifiers': 0}, '#text': 1000}",DC01.pirate.htb,VGAuth,Application,4017,0,,,,,,,,,,,vmtoolsd: Username and password successfully validated for 'Administrator',,,,,,,,,,,,,,,,,,,,,,,,,,,,,,,,,,,,,,,,,,,,,,,,,,,,,,,,,,,,,,,
2026-03-02T10:38:08.894673Z,"{'#attributes': {'Qualifiers': 0}, '#text': 1000}",DC01.pirate.htb,VGAuth,Application,4018,0,,,,,,,,,,,vmtoolsd: Username and password successfully validated for 'Administrator',,,,,,,,,,,,,,,,,,,,,,,,,,,,,,,,,,,,,,,,,,,,,,,,,,,,,,,,,,,,,,,
2026-03-02T10:38:10.229791Z,"{'#attributes': {'Qualifiers': 0}, '#text': 1000}",DC01.pirate.htb,VGAuth,Application,4019,0,,,,,,,,,,,vmtoolsd: Username and password successfully validated for 'Administrator',,,,,,,,,,,,,,,,,,,,,,,,,,,,,,,,,,,,,,,,,,,,,,,,,,,,,,,,,,,,,,,
2026-03-02T10:38:10.573565Z,"{'#attributes': {'Qualifiers': 0}, '#text': 1000}",DC01.pirate.htb,VGAuth,Application,4020,0,,,,,,,,,,,vmtoolsd: Username and password successfully validated for 'Administrator',,,,,,,,,,,,,,,,,,,,,,,,,,,,,,,,,,,,,,,,,,,,,,,,,,,,,,,,,,,,,,,
2026-03-02T10:38:10.964154Z,"{'#attributes': {'Qualifiers': 0}, '#text': 1000}",DC01.pirate.htb,VGAuth,Application,4021,0,,,,,,,,,,,vmtoolsd: Username and password successfully validated for 'Administrator',,,,,,,,,,,,,,,,,,,,,,,,,,,,,,,,,,,,,,,,,,,,,,,,,,,,,,,,,,,,,,,
2026-03-02T10:38:11.339160Z,"{'#attributes': {'Qualifiers': 0}, '#text': 1000}",DC01.pirate.htb,VGAuth,Application,4022,0,,,,,,,,,,,vmtoolsd: Username and password successfully validated for 'Administrator',,,,,,,,,,,,,,,,,,,,,,,,,,,,,,,,,,,,,,,,,,,,,,,,,,,,,,,,,,,,,,,
2026-03-02T10:38:12.245402Z,"{'#attributes': {'Qualifiers': 0}, '#text': 1000}",DC01.pirate.htb,VGAuth,Application,4023,0,,,,,,,,,,,vmtoolsd: Username and password successfully validated for 'Administrator',,,,,,,,,,,,,,,,,,,,,,,,,,,,,,,,,,,,,,,,,,,,,,,,,,,,,,,,,,,,,,,
2026-03-02T10:38:13.120473Z,"{'#attributes': {'Qualifiers': 0}, '#text': 1000}",DC01.pirate.htb,VGAuth,Application,4024,0,,,,,,,,,,,vmtoolsd: Username and password successfully validated for 'Administrator',,,,,,,,,,,,,,,,,,,,,,,,,,,,,,,,,,,,,,,,,,,,,,,,,,,,,,,,,,,,,,,
2026-03-02T10:38:13.948526Z,"{'#attributes': {'Qualifiers': 0}, '#text': 1000}",DC01.pirate.htb,VGAuth,Application,4025,0,,,,,,,,,,,vmtoolsd: Username and password successfully validated for 'Administrator',,,,,,,,,,,,,,,,,,,,,,,,,,,,,,,,,,,,,,,,,,,,,,,,,,,,,,,,,,,,,,,
2026-03-02T10:38:14.745405Z,"{'#attributes': {'Qualifiers': 0}, '#text': 1000}",DC01.pirate.htb,VGAuth,Application,4026,0,,,,,,,,,,,vmtoolsd: Username and password successfully validated for 'Administrator',,,,,,,,,,,,,,,,,,,,,,,,,,,,,,,,,,,,,,,,,,,,,,,,,,,,,,,,,,,,,,,
2026-03-02T10:38:15.057903Z,"{'#attributes': {'Qualifiers': 0}, '#text': 1000}",DC01.pirate.htb,VGAuth,Application,4027,0,,,,,,,,,,,vmtoolsd: Username and password successfully validated for 'Administrator',,,,,,,,,,,,,,,,,,,,,,,,,,,,,,,,,,,,,,,,,,,,,,,,,,,,,,,,,,,,,,,
2026-03-02T10:38:16.190028Z,"{'#attributes': {'Qualifiers': 0}, '#text': 1000}",DC01.pirate.htb,VGAuth,Application,4028,0,,,,,,,,,,,vmtoolsd: Username and password successfully validated for 'Administrator',,,,,,,,,,,,,,,,,,,,,,,,,,,,,,,,,,,,,,,,,,,,,,,,,,,,,,,,,,,,,,,
2026-03-02T10:38:16.277895Z,"{'#attributes': {'Qualifiers': 0}, '#text': 1000}",DC01.pirate.htb,VGAuth,Application,4029,0,,,,,,,,,,,vmtoolsd: Username and password successfully validated for 'Administrator',,,,,,,,,,,,,,,,,,,,,,,,,,,,,,,,,,,,,,,,,,,,,,,,,,,,,,,,,,,,,,,
2026-03-02T10:38:16.356055Z,"{'#attributes': {'Qualifiers': 0}, '#text': 1000}",DC01.pirate.htb,VGAuth,Application,4030,0,,,,,,,,,,,vmtoolsd: Username and password successfully validated for 'Administrator',,,,,,,,,,,,,,,,,,,,,,,,,,,,,,,,,,,,,,,,,,,,,,,,,,,,,,,,,,,,,,,
2026-03-02T10:38:16.418529Z,"{'#attributes': {'Qualifiers': 0}, '#text': 1000}",DC01.pirate.htb,VGAuth,Application,4031,0,,,,,,,,,,,vmtoolsd: Username and password successfully validated for 'Administrator',,,,,,,,,,,,,,,,,,,,,,,,,,,,,,,,,,,,,,,,,,,,,,,,,,,,,,,,,,,,,,,
2026-03-02T10:38:16.465487Z,"{'#attributes': {'Qualifiers': 0}, '#text': 1000}",DC01.pirate.htb,VGAuth,Application,4032,0,,,,,,,,,,,vmtoolsd: Username and password successfully validated for 'Administrator',,,,,,,,,,,,,,,,,,,,,,,,,,,,,,,,,,,,,,,,,,,,,,,,,,,,,,,,,,,,,,,
2026-03-02T10:38:16.527939Z,"{'#attributes': {'Qualifiers': 0}, '#text': 1000}",DC01.pirate.htb,VGAuth,Application,4033,0,,,,,,,,,,,vmtoolsd: Username and password successfully validated for 'Administrator',,,,,,,,,,,,,,,,,,,,,,,,,,,,,,,,,,,,,,,,,,,,,,,,,,,,,,,,,,,,,,,
2026-03-02T10:38:17.013766Z,"{'#attributes': {'Qualifiers': 0}, '#text': 1000}",DC01.pirate.htb,VGAuth,Application,4034,0,,,,,,,,,,,vmtoolsd: Username and password successfully validated for 'Administrator',,,,,,,,,,,,,,,,,,,,,,,,,,,,,,,,,,,,,,,,,,,,,,,,,,,,,,,,,,,,,,,
2026-03-02T10:38:17.918533Z,"{'#attributes': {'Qualifiers': 0}, '#text': 1000}",DC01.pirate.htb,VGAuth,Application,4035,0,,,,,,,,,,,vmtoolsd: Username and password successfully validated for 'Administrator',,,,,,,,,,,,,,,,,,,,,,,,,,,,,,,,,,,,,,,,,,,,,,,,,,,,,,,,,,,,,,,
2026-03-02T10:38:18.043536Z,"{'#attributes': {'Qualifiers': 0}, '#text': 1000}",DC01.pirate.htb,VGAuth,Application,4036,0,,,,,,,,,,,vmtoolsd: Username and password successfully validated for 'Administrator',,,,,,,,,,,,,,,,,,,,,,,,,,,,,,,,,,,,,,,,,,,,,,,,,,,,,,,,,,,,,,,
2026-03-02T10:38:18.090409Z,"{'#attributes': {'Qualifiers': 0}, '#text': 1000}",DC01.pirate.htb,VGAuth,Application,4037,0,,,,,,,,,,,vmtoolsd: Username and password successfully validated for 'Administrator',,,,,,,,,,,,,,,,,,,,,,,,,,,,,,,,,,,,,,,,,,,,,,,,,,,,,,,,,,,,,,,
2026-03-02T10:38:18.184924Z,"{'#attributes': {'Qualifiers': 0}, '#text': 1000}",DC01.pirate.htb,VGAuth,Application,4038,0,,,,,,,,,,,vmtoolsd: Username and password successfully validated for 'Administrator',,,,,,,,,,,,,,,,,,,,,,,,,,,,,,,,,,,,,,,,,,,,,,,,,,,,,,,,,,,,,,,
2026-03-02T10:38:18.262282Z,"{'#attributes': {'Qualifiers': 0}, '#text': 1000}",DC01.pirate.htb,VGAuth,Application,4039,0,,,,,,,,,,,vmtoolsd: Username and password successfully validated for 'Administrator',,,,,,,,,,,,,,,,,,,,,,,,,,,,,,,,,,,,,,,,,,,,,,,,,,,,,,,,,,,,,,,
2026-03-02T10:38:18.309160Z,"{'#attributes': {'Qualifiers': 0}, '#text': 1000}",DC01.pirate.htb,VGAuth,Application,4040,0,,,,,,,,,,,vmtoolsd: Username and password successfully validated for 'Administrator',,,,,,,,,,,,,,,,,,,,,,,,,,,,,,,,,,,,,,,,,,,,,,,,,,,,,,,,,,,,,,,
2026-03-02T10:38:18.590408Z,"{'#attributes': {'Qualifiers': 0}, '#text': 1000}",DC01.pirate.htb,VGAuth,Application,4041,0,,,,,,,,,,,vmtoolsd: Username and password successfully validated for 'Administrator',,,,,,,,,,,,,,,,,,,,,,,,,,,,,,,,,,,,,,,,,,,,,,,,,,,,,,,,,,,,,,,
2026-03-02T10:38:19.121662Z,"{'#attributes': {'Qualifiers': 0}, '#text': 1000}",DC01.pirate.htb,VGAuth,Application,4042,0,,,,,,,,,,,vmtoolsd: Username and password successfully validated for 'Administrator',,,,,,,,,,,,,,,,,,,,,,,,,,,,,,,,,,,,,,,,,,,,,,,,,,,,,,,,,,,,,,,
2026-03-02T10:39:47.016119Z,"{'#attributes': {'Qualifiers': 16384}, '#text': 900}",DC01.pirate.htb,Microsoft-Windows-Security-SPP,Application,4043,4,,,,,,,,,,,<explicit>,,,,,,,,,,,,,,,,,,,,,,,,,,,,,,,,,,,,,,,,,,,,,,,,,,,,,,,,,,,,,,,
2026-03-02T10:39:47.266501Z,"{'#attributes': {'Qualifiers': 49152}, '#text': 16394}",DC01.pirate.htb,Microsoft-Windows-Security-SPP,Application,4044,4,,,,,,,,,,,,,,,,,,,,,,,,,,,,,,,,,,,,,,,,,,,,,,,,,,,,,,,,,,,,,,,,,,,,,,,,,,
2026-03-02T10:39:47.500870Z,"{'#attributes': {'Qualifiers': 16384}, '#text': 1066}",DC01.pirate.htb,Microsoft-Windows-Security-SPP,Application,4045,4,,,,,,,,,,,"C:\Windows\system32\sppwinob.dll, msft:spp/windowsfunctionality/agent/7.0, 0x00000000, 0x00000000
C:\Windows\system32\sppobjs.dll, msft:rm/algorithm/inherited/1.0, 0x00000000, 0x00000000
C:\Windows\system32\sppobjs.dll, msft:rm/algorithm/phone/1.0, 0x00000000, 0x00000000
C:\Windows\system32\sppobjs.dll, msft:rm/algorithm/pkey/detect, 0x00000000, 0x00000000
C:\Windows\system32\sppobjs.dll, msft:spp/ActionScheduler/1.0, 0x00000000, 0x00000000
C:\Windows\system32\sppobjs.dll, msft:spp/TaskScheduler/1.0, 0x00000000, 0x00000000
C:\Windows\system32\sppobjs.dll, msft:spp/statecollector/pkey, 0x00000000, 0x00000000
C:\Windows\system32\sppobjs.dll, msft:spp/volume/services/kms/1.0, 0x00000000, 0x00000000
C:\Windows\system32\sppobjs.dll, msft:spp/volume/services/kms/activationinfo/1.0, 0x00000000, 0x00000000
",,,,,,,,,,,,,,,,,,,,,,,,,,,,,,,,,,,,,,,,,,,,,,,,,,,,,,,,,,,,,,,
2026-03-02T10:39:47.641500Z,"{'#attributes': {'Qualifiers': 16384}, '#text': 1040}",DC01.pirate.htb,Microsoft-Windows-Security-SPP,Application,4046,4,,,,5A0000000A002C0000000000020001000100020000000000010001000100E861F01B0C5CE6B7DE24FC14E72167B0D908A29A0D0001000101000201000301000401000500000601000700000801000901000A01000B00000C01002C0000000000020001000100020000000000010001000100E861E60A0C5CE6B7DE24FC14E72167B0153FA29A,,,,,,,,55c92734-d682-4d71-983e-d6ec3f16059f,92114319-12ea-4bca-9d63-8740de9feff3,,,,,,,,,,,,,,,,,,,,,,,,,,,,,,,,,,,,,,,,,,,,,,,,,,,,,,,,,,,,,
2026-03-02T10:39:47.750886Z,"{'#attributes': {'Qualifiers': 16384}, '#text': 1003}",DC01.pirate.htb,Microsoft-Windows-Security-SPP,Application,4047,4,,,,,,,,,,,,55c92734-d682-4d71-983e-d6ec3f16059f,"
1: 22105925-48c3-4ff4-a294-f654bb27e390, 1, 0 [(0 [0xC004F014, 0, 0], [(?)(?)(?)(?)(?)(?)(?)(?)])(1 )(2 )(3 )]
2: 281c216a-5957-439b-adf2-aff4098a2bdd, 1, 0 [(0 [0xC004F014, 0, 0], [(?)(?)(?)(?)(?)(?)(?)(?)])(1 )(2 )(3 )]
3: 2e7a9ad1-a849-4b56-babe-17d5a29fe4b4, 1, 0 [(0 [0xC004F014, 0, 0], [(?)(?)(?)(?)(?)(?)(?)(?)])(1 )(2 )(3 )]
4: 3c006fa7-3b03-45a4-93da-63ddc1bdce11, 1, 0 [(0 [0xC004F014, 0, 0], [(?)(?)(?)(?)(?)(?)(?)(?)])(1 )(2 )(3 )]
5: 4285bbda-6219-4c1a-98e9-859e60d669fb, 1, 0 [(0 [0xC004F014, 0, 0], [(?)(?)(?)(?)(?)(?)(?)(?)])(1 )(2 )(3 )]
6: 44a5b4c3-e4b1-483b-81e8-0f78f4d98283, 1, 0 [(0 [0xC004F014, 0, 0], [(?)(?)(?)(?)(?)(?)(?)(?)])(1 )(2 )(3 )]
7: 661f7658-7035-4b4c-9f35-010682943ec2, 1, 0 [(0 [0xC004F014, 0, 0], [(?)(?)(?)(?)(?)(?)(?)(?)])(1 )(2 )(3 )]
8: 6bad0243-1c35-46b2-b8e6-7a853e37413f, 1, 0 [(0 [0xC004F014, 0, 0], [(?)(?)(?)(?)(?)(?)(?)(?)])(1 )(2 )(3 )]
9: 82fcf64d-f9dd-4411-9c79-f2eed16d4eb8, 1, 0 [(0 [0xC004F014, 0, 0], [(?)(?)(?)(?)(?)(?)(?)(?)])(1 )(2 )(3 )]
10: 84e331f6-4279-48c4-ab10-b75139181351, 1, 0 [(0 [0xC004F014, 0, 0], [(?)(?)(?)(?)(?)(?)(?)(?)])(1 )(2 )(3 )]
11: 8ea56c31-fe6e-4d56-9d17-8dc1ab35dd8b, 1, 0 [(0 [0xC004F014, 0, 0], [(?)(?)(?)(?)(?)(?)(?)(?)])(1 )(2 )(3 )]
12: 92114319-12ea-4bca-9d63-8740de9feff3, 1, 1 [(0 )(1 [0x00000000, 1, 0], [(?)( 1 0x00000000)(?)( 2 0x00000000 0 0 msft:rm/algorithm/phone/1.0 0x00000000 0)(?)(?)( 10 0x00000000 msft:rm/algorithm/flags/1.0)(?)])(2 )(3 )]
13: 9db83b52-9904-4326-8957-ebe6feedf37c, 1, 0 [(0 [0xC004F014, 0, 0], [(?)(?)(?)(?)(?)(?)(?)(?)])(1 )(2 )(3 )]
14: c2d23e1f-ee3e-4533-9094-e6dc0b8aa049, 1, 0 [(0 [0xC004F014, 0, 0], [(?)(?)(?)(?)(?)(?)(?)(?)])(1 )(2 )(3 )]
15: d07edbd8-02cb-49b1-8358-f2de7afd8a4d, 1, 0 [(0 [0xC004F014, 0, 0], [(?)(?)(?)(?)(?)(?)(?)(?)])(1 )(2 )(3 )]
16: de32eafd-aaee-4662-9444-c1befb41bde2, 1, 0 [(0 [0xC004F014, 0, 0], [(?)(?)(?)(?)(?)(?)(?)(?)])(1 )(2 )(3 )]
17: e73aabfa-12bc-4705-b551-2dd076bebc7d, 1, 0 [(0 [0xC004F014, 0, 0], [(?)(?)(?)(?)(?)(?)(?)(?)])(1 )(2 )(3 )]
18: e936f630-5125-4a39-b1de-544d6c036491, 1, 0 [(0 [0xC004F014, 0, 0], [(?)(?)(?)(?)(?)(?)(?)(?)])(1 )(2 )(3 )]
19: fd946594-6f0d-4c5c-9bf7-f5f628ecd0b9, 1, 0 [(0 [0xC004F014, 0, 0], [(?)(?)(?)(?)(?)(?)(?)(?)])(1 )(2 )(3 )]

",,,,,,,,,,,,,,,,,,,,,,,,,,,,,,,,,,,,,,,,,,,,,,,,,,,,,,,,,,,,,
2026-03-02T10:39:47.782124Z,"{'#attributes': {'Qualifiers': 16384}, '#text': 902}",DC01.pirate.htb,Microsoft-Windows-Security-SPP,Application,4048,0,,,,,,,,,,,10.0.17763.8385,,,,,,,,,,,,,,,,,,,,,,,,,,,,,,,,,,,,,,,,,,,,,,,,,,,,,,,,,,,,,,,
2026-03-02T10:40:17.819690Z,"{'#attributes': {'Qualifiers': 16384}, '#text': 16384}",DC01.pirate.htb,Microsoft-Windows-Security-SPP,Application,4049,4,,,,,,,,,,,,2126-02-06T10:40:17Z,RulesEngine,,,,,,,,,,,,,,,,,,,,,,,,,,,,,,,,,,,,,,,,,,,,,,,,,,,,,,,,,,,,,
2026-03-02T10:40:17.929067Z,"{'#attributes': {'Qualifiers': 16384}, '#text': 903}",DC01.pirate.htb,Microsoft-Windows-Security-SPP,Application,4050,0,,,,,,,,,,,,,,,,,,,,,,,,,,,,,,,,,,,,,,,,,,,,,,,,,,,,,,,,,,,,,,,,,,,,,,,,,,
2026-03-02T10:40:37.008135Z,"{'#attributes': {'Qualifiers': 0}, '#text': 8224}",DC01.pirate.htb,VSS,Application,4051,4,,,,2D20436F64653A2020434F525356434330303030303737332D2043616C6C3A2020434F525356434330303030303735352D205049443A202030303030343234302D205449443A202030303030343235362D20434D443A2020433A5C57696E646F77735C73797374656D33325C76737376632E6578652020202D20557365723A204E616D653A204E5420415554484F524954595C53595354454D2C205349443A532D312D352D313820,,,,,,,,,,,,,,,,,,,,,,,,,,,,,,,,,,,,,,,,,,,,,,,,,,,,,,,,,,,,,,,,,,,,,,
2026-03-02T10:41:25.701824Z,1001,DC01.pirate.htb,Microsoft-Windows-LoadPerf,Application,4052,4,,,,,,,,,,,,,,,,,,,,,,,,,,,,,,,,,,,,,,,,,,,,,,,,,,,,,,,,,,,LoadPerf,3837000039370000D2050000,12,,WmiApRpl,,,,WmiApRpl,,,,,,,
2026-03-02T10:41:25.734540Z,1000,DC01.pirate.htb,Microsoft-Windows-LoadPerf,Application,4053,4,,,,,,,,,,,,,,,,,,,,,,,,,,,,,,,,,,,,,,,,,,,,,,,,,,,,,,,,,,,LoadPerf,3A3700000A3800003B3700000B380000,16,,WmiApRpl,,,,WmiApRpl,,,,,,,
2026-03-02T10:42:17.171148Z,"{'#attributes': {'Qualifiers': 49152}, '#text': 16394}",DC01.pirate.htb,Microsoft-Windows-Security-SPP,Application,4054,4,,,,,,,,,,,,,,,,,,,,,,,,,,,,,,,,,,,,,,,,,,,,,,,,,,,,,,,,,,,,,,,,,,,,,,,,,,
2026-03-02T10:42:47.685995Z,"{'#attributes': {'Qualifiers': 0}, '#text': 102}",DC01.pirate.htb,ESENT,Application,4055,4,,,,,,,,,,,,DFSRs,"2960,P,98",,,,,,,,,,,\\.\C:\System Volume Information\DFSR\database_EEE2_E7CF_32B5_74E\dfsr.db: ,,,,0,10,00,17763,0000,,,,,,,,,,,,,,,,,,,,,,,,,,,,,,,,,,,,,,,,,,
2026-03-02T10:42:47.748503Z,"{'#attributes': {'Qualifiers': 0}, '#text': 105}",DC01.pirate.htb,ESENT,Application,4056,4,,,,,,,,,,,,DFSRs,"2960,D,0",,,,,,,,,,,\\.\C:\System Volume Information\DFSR\database_EEE2_E7CF_32B5_74E\dfsr.db: ,,,,0,0,"
[1] 0.004041 +J(0) +M(C:0K, Fs:290, WS:1136K # 1136K, PF:6496K # 6372K, P:6496K)
[2] 0.000554 +J(0) +M(C:16K, Fs:98, WS:384K # 384K, PF:332K # 332K, P:332K)
[3] 0.000022 +J(0) +M(C:0K, Fs:5, WS:16K # 16K, PF:68K # 68K, P:68K)
[4] 0.000405 +J(0) +M(C:2032K, Fs:36, WS:140K # 140K, PF:2428K # 2428K, P:2428K)
[5] 0.001058 +J(0) +M(C:0K, Fs:15, WS:60K # 60K, PF:48K # 48K, P:48K)
[6] 0.000729 +J(0) +M(C:0K, Fs:10, WS:40K # 40K, PF:12K # 12K, P:12K)
[7] -
[8] -
[9] -
[10] -
[11] -
[12] -
[13] 0.037408 -0.024462 (36) WT +J(CM:0, PgRf:0, Rd:0/0, Dy:0/0, Lg:616/1) +M(C:0K, Fs:1421, WS:484K # 5584K, PF:-100K # 5024K, P:-100K)
[14] 0.000018 +J(0) +M(C:0K, Fs:1, WS:4K # 0K, PF:0K # 0K, P:0K)
[15] 0.000136 +J(0) +M(C:0K, Fs:64, WS:256K # 0K, PF:64K # 0K, P:64K)
[16] 0.014733 -0.000242 (2) WT +J(0) +M(C:0K, Fs:5, WS:12K # 0K, PF:0K # 0K, P:0K).",,,,,,,,,,,,,,,,,,,,,,,,,,,,,,,,,,,,,,,,,,,,
2026-03-02T10:42:47.748503Z,"{'#attributes': {'Qualifiers': 0}, '#text': 637}",DC01.pirate.htb,ESENT,Application,4057,4,,,,,,,,,,,,DFSRs,"2960,D,35",,,,,,,,,,,\\.\C:\System Volume Information\DFSR\database_EEE2_E7CF_32B5_74E\dfsr.db: ,,,,\\.\C:\System Volume Information\DFSR\database_EEE2_E7CF_32B5_74E\dfsr.jfm,,,,,,,,,,,,,,,,,,,,,,,,,,,,,,,,,,,,,,,,,,,,,,
2026-03-02T10:42:47.779798Z,"{'#attributes': {'Qualifiers': 0}, '#text': 325}",DC01.pirate.htb,ESENT,Application,4058,4,,,,,,,,,,,,DFSRs,"2960,D,35",,,,,,,,,,,\\.\C:\System Volume Information\DFSR\database_EEE2_E7CF_32B5_74E\dfsr.db: ,,,,1,\\.\C:\System Volume Information\DFSR\database_EEE2_E7CF_32B5_74E\dfsr.db,0,"
[1] 0.000086 +J(0) +M(C:0K, Fs:3, WS:12K # 0K, PF:8K # 0K, P:8K)
[2] 0.002974 -0.001030 (1) WT +J(CM:0, PgRf:0, Rd:0/0, Dy:0/0, Lg:3480/2) +M(C:0K, Fs:1, WS:4K # 0K, PF:0K # 0K, P:0K)
[3] 0.012894 -0.000003 (3) WT +J(0) +M(C:0K, Fs:18, WS:60K # 0K, PF:44K # 0K, P:44K)
[4] 0.000184 +J(0)
[5] 0.000206 +J(CM:0, PgRf:3, Rd:0/0, Dy:3/6, Lg:122/4) +M(C:0K, Fs:35, WS:140K # 0K, PF:148K # 0K, P:148K)
[6] 0.002245 -0.000582 (1) WT +J(CM:0, PgRf:209, Rd:0/0, Dy:12/408, Lg:24454/447) +M(C:0K, Fs:63, WS:252K # 0K, PF:220K # 0K, P:220K)
[7] 0.001719 -0.000676 (1) WT +J(CM:0, PgRf:0, Rd:0/0, Dy:0/0, Lg:4096/2) +M(C:0K, Fs:1, WS:4K # 0K, PF:0K # 0K, P:0K)
[8] 0.000002 +J(0)
[9] 0.008908 -0.007683 (3) WT +J(0) +M(C:-52K, Fs:18, WS:0K # 0K, PF:32K # 0K, P:32K)
[10] 0.004215 -0.002280 (5) WT +J(CM:0, PgRf:346, Rd:0/0, Dy:7/93, Lg:12509/128) +M(C:12K, Fs:31, WS:116K # 0K, PF:96K # 0K, P:96K)
[11] 0.000001 +J(0).",0 0,lgposCreate = 00000001:0001:0268,,,,,,,,,,,,,,,,,,,,,,,,,,,,,,,,,,,,,,,,,
2026-03-02T10:43:04.451605Z,"{'#attributes': {'Qualifiers': 16384}, '#text': 16384}",DC01.pirate.htb,Microsoft-Windows-Security-SPP,Application,4059,4,,,,,,,,,,,,2126-02-06T10:43:04Z,RulesEngine,,,,,,,,,,,,,,,,,,,,,,,,,,,,,,,,,,,,,,,,,,,,,,,,,,,,,,,,,,,,,
2026-03-02T10:47:34.102976Z,"{'#attributes': {'Qualifiers': 0}, '#text': 102}",DC01.pirate.htb,ESENT,Application,4060,4,,,,,,,,,,,,svchost,"1132,P,98",,,,,,,,,,,DS_Token_DB: ,,,,0,10,00,17763,0000,,,,,,,,,,,,,,,,,,,,,,,,,,,,,,,,,,,,,,,,,,
2026-03-02T10:47:34.118604Z,"{'#attributes': {'Qualifiers': 0}, '#text': 300}",DC01.pirate.htb,ESENT,Application,4061,4,,,,,,,,,,,,svchost,"1132,R,98",,,,,,,,,,,DS_Token_DB: ,,,,,,,,,,,,,,,,,,,,,,,,,,,,,,,,,,,,,,,,,,,,,,,,,,
2026-03-02T10:47:34.134224Z,"{'#attributes': {'Qualifiers': 0}, '#text': 301}",DC01.pirate.htb,ESENT,Application,4062,4,,,,,,,,,,,,svchost,"1132,R,98",,,,,,,,,,,DS_Token_DB: ,,,,C:\Windows\system32\config\systemprofile\AppData\Local\DataSharing\Storage\DSS.log,"
[1] 0.012141 -0.004477 (7) WT +J(CM:0, PgRf:0, Rd:0/0, Dy:0/0, Lg:20280/12) +M(C:0K, Fs:69, WS:204K # 148K, PF:156K # 92K, P:156K).",FWriteLog,2,,,,,,,,,,,,,,,,,,,,,,,,,,,,,,,,,,,,,,,,,,,
2026-03-02T10:47:34.149951Z,"{'#attributes': {'Qualifiers': 0}, '#text': 302}",DC01.pirate.htb,ESENT,Application,4063,4,,,,,,,,,,,,svchost,"1132,U,98",,,,,,,,,,,DS_Token_DB: ,,,,,,,,,,,,,,,,,,,,,,,,,,,,,,,,,,,,,,,,,,,,,,,,,,
2026-03-02T10:47:34.149951Z,"{'#attributes': {'Qualifiers': 0}, '#text': 105}",DC01.pirate.htb,ESENT,Application,4064,4,,,,,,,,,,,,svchost,"1132,D,0",,,,,,,,,,,DS_Token_DB: ,,,,0,0,"
[1] 0.001277 +J(0) +M(C:0K, Fs:182, WS:720K # 720K, PF:3216K # 3216K, P:3216K)
[2] 0.000200 +J(0) +M(C:8K, Fs:96, WS:376K # 376K, PF:300K # 300K, P:300K)
[3] 0.000010 +J(0) +M(C:0K, Fs:3, WS:12K # 12K, PF:64K # 64K, P:64K)
[4] 0.000085 +J(0) +M(C:0K, Fs:28, WS:108K # 108K, PF:172K # 172K, P:172K)
[5] 0.000851 +J(0) +M(C:0K, Fs:6, WS:24K # 24K, PF:20K # 20K, P:20K)
[6] 0.002887 +J(0) +M(C:0K, Fs:42, WS:164K # 164K, PF:20K # 20K, P:20K)
[7] 0.002123 -0.001119 (2) WT +J(0) +M(C:0K, Fs:33, WS:132K # 132K, PF:64K # 64K, P:64K)
[8] 0.019108 -0.007381 (11) WT +J(CM:0, PgRf:0, Rd:0/0, Dy:0/0, Lg:20280/12) +M(C:0K, Fs:120, WS:332K # 336K, PF:232K # 236K, P:232K)
[9] 0.000796 +J(0) +M(C:0K, Fs:6, WS:24K # 20K, PF:0K # 0K, P:0K)
[10] 0.000633 -0.000485 (1) WT +J(0) +M(C:0K, Fs:14, WS:-4K # 56K, PF:-8K # 48K, P:-8K)
[11] 0.000015 +J(CM:0, PgRf:0, Rd:0/0, Dy:0/0, Lg:49/1) +M(C:0K, Fs:2, WS:8K # 0K, PF:0K # 0K, P:0K)
[12] 0.001233 -0.000923 (2) WT +J(0) +M(C:0K, Fs:1, WS:4K # 0K, PF:0K # 0K, P:0K)
[13] 0.021919 -0.000492 (2) CM -0.011285 (23) WT +J(CM:2, PgRf:2, Rd:0/2, Dy:0/0, Lg:8759/5) +M(C:0K, Fs:63, WS:132K # 148K, PF:160K # 168K, P:160K)
[14] 0.000012 +J(0)
[15] 0.000010 +J(0)
[16] 0.000341 -0.000222 (1) WT +J(0) +M(C:0K, Fs:2, WS:0K # 0K, PF:0K # 0K, P:0K).","lgposV2[] = 00000003:0003:0000 - 00000003:0005:002B - 00000003:0006:0000 - 00000003:0006:0000 (00000000:0000:0000)
cReInits = 1
",,,,,,,,,,,,,,,,,,,,,,,,,,,,,,,,,,,,,,,,,,,
2026-03-02T10:47:34.181107Z,"{'#attributes': {'Qualifiers': 0}, '#text': 326}",DC01.pirate.htb,ESENT,Application,4065,4,,,,,,,,,,,,svchost,"1132,D,50",,,,,,,,,,,DS_Token_DB: ,,,,1,C:\Windows\system32\config\systemprofile\AppData\Local\DataSharing\Storage\DSTokenDB2.dat,0,"
[1] 0.000002 +J(0)
[2] 0.001169 -0.001004 (1) WT +J(0) +M(C:0K, Fs:17, WS:4K # 4K, PF:4K # 0K, P:4K)
[3] 0.010374 -0.004740 (6) WT +J(CM:0, PgRf:0, Rd:0/0, Dy:0/0, Lg:3480/2) +M(C:0K, Fs:11, WS:40K # 0K, PF:40K # 0K, P:40K)
[4] 0.000100 +J(0)
[5] -
[6] -
[7] -
[8] 0.002493 -0.002373 (2) CM -0.002284 (2) WT +J(CM:2, PgRf:2, Rd:4/2, Dy:0/0, Lg:0/0) +M(C:8K, Fs:3, WS:12K # 0K, PF:8K # 0K, P:8K)
[9] 0.002228 -0.002037 (3) CM -0.001902 (3) WT +J(CM:3, PgRf:23, Rd:0/3, Dy:0/0, Lg:0/0) +M(C:0K, Fs:29, WS:104K # 92K, PF:252K # 244K, P:252K)
[10] 0.002947 -0.002836 (2) CM -0.002740 (2) WT +J(CM:2, PgRf:40, Rd:0/2, Dy:0/0, Lg:0/0) +M(C:0K, Fs:1, WS:4K # 4K, PF:64K # 56K, P:64K)
[11] 0.001338 -0.001307 (1) CM -0.001251 (1) WT +J(CM:1, PgRf:1, Rd:0/1, Dy:0/0, Lg:0/0) +M(C:0K, Fs:1, WS:4K # 4K, PF:0K # 0K, P:0K)
[12] 0.001168 -0.001087 (1) CM -0.001041 (1) WT +J(CM:1, PgRf:42, Rd:0/1, Dy:0/0, Lg:0/0) +M(C:0K, Fs:5, WS:20K # 20K, PF:0K # 0K, P:0K)
[13] 0.000001 +J(0)
[14] 0.0 +J(0)
[15] 0.001113 -0.001092 (1) CM -0.001048 (1) WT +J(CM:1, PgRf:1, Rd:0/1, Dy:0/0, Lg:0/0).",1 0,lgposAttach = 00000003:0008:0268,,,,,,,,,,,,,,,,,,,,,,,,,,,,,,,,,,,,,,,,,
2026-03-02T10:47:56.433630Z,"{'#attributes': {'Qualifiers': 16384}, '#text': 1704}",DC01.pirate.htb,SceCli,Application,4066,4,,,,,,,,,,,,,,,,,,,,,,,,,,,,,,,,,,,,,,,,,,,,,,,,,,,,,,,,,,,,,,,,,,,,,,,,,,
2026-03-02T11:03:05.858638Z,"{'#attributes': {'Qualifiers': 49152}, '#text': 16394}",DC01.pirate.htb,Microsoft-Windows-Security-SPP,Application,4067,4,,,,,,,,,,,,,,,,,,,,,,,,,,,,,,,,,,,,,,,,,,,,,,,,,,,,,,,,,,,,,,,,,,,,,,,,,,
2026-03-02T11:03:39.001987Z,"{'#attributes': {'Qualifiers': 16384}, '#text': 16384}",DC01.pirate.htb,Microsoft-Windows-Security-SPP,Application,4068,4,,,,,,,,,,,,2126-02-06T11:03:38Z,RulesEngine,,,,,,,,,,,,,,,,,,,,,,,,,,,,,,,,,,,,,,,,,,,,,,,,,,,,,,,,,,,,,
2026-03-02T12:08:28.679676Z,"{'#attributes': {'Qualifiers': 49152}, '#text': 16394}",DC01.pirate.htb,Microsoft-Windows-Security-SPP,Application,4069,4,,,,,,,,,,,,,,,,,,,,,,,,,,,,,,,,,,,,,,,,,,,,,,,,,,,,,,,,,,,,,,,,,,,,,,,,,,
2026-03-02T12:08:59.970240Z,"{'#attributes': {'Qualifiers': 16384}, '#text': 16384}",DC01.pirate.htb,Microsoft-Windows-Security-SPP,Application,4070,4,,,,,,,,,,,,2126-02-06T12:08:59Z,RulesEngine,,,,,,,,,,,,,,,,,,,,,,,,,,,,,,,,,,,,,,,,,,,,,,,,,,,,,,,,,,,,,
2026-03-02T12:19:47.627960Z,"{'#attributes': {'Qualifiers': 16384}, '#text': 5}",DC01.pirate.htb,Microsoft-Windows-Search-ProfileNotify,Application,4071,4,,,,,,,,,,,,,,,,,,,,,,,,,,,,,,,,,,,,,,,,,,,,,,,,,,,,,,,,PIRATE\gMSA_ADFS_prod$,,,,,,,,,,,,,,,,,,
2026-03-02T12:42:18.221866Z,"{'#attributes': {'Qualifiers': 49152}, '#text': 16394}",DC01.pirate.htb,Microsoft-Windows-Security-SPP,Application,4072,4,,,,,,,,,,,,,,,,,,,,,,,,,,,,,,,,,,,,,,,,,,,,,,,,,,,,,,,,,,,,,,,,,,,,,,,,,,
2026-03-02T12:42:48.424906Z,"{'#attributes': {'Qualifiers': 16384}, '#text': 16384}",DC01.pirate.htb,Microsoft-Windows-Security-SPP,Application,4073,4,,,,,,,,,,,,2126-02-06T12:42:48Z,RulesEngine,,,,,,,,,,,,,,,,,,,,,,,,,,,,,,,,,,,,,,,,,,,,,,,,,,,,,,,,,,,,,
