2026-01-26T21:34:20.600605Z,1000,DC01.pirate.htb,Microsoft-Windows-LoadPerf,Application,3616,4,,,,,,,,,,,,,,,,,,,,,,,,,,,,,,,,,,,,,,,,,,,,,,,,,,,,,,,,,,,LoadPerf,3A3700000A3800003B3700000B380000,16,,WmiApRpl,,,,WmiApRpl,,,,,,,
2026-01-26T21:35:38.902594Z,"{'#attributes': {'Qualifiers': 0}, '#text': 102}",DC01.pirate.htb,ESENT,Application,3617,4,,,,,,,,,,,,DFSRs,"3040,P,98",,,,,,,,,,,\\.\C:\System Volume Information\DFSR\database_EEE2_E7CF_32B5_74E\dfsr.db: ,,,,0,10,00,17763,0000,,,,,,,,,,,,,,,,,,,,,,,,,,,,,,,,,,,,,,,,,,
2026-01-26T21:35:39.011681Z,"{'#attributes': {'Qualifiers': 0}, '#text': 105}",DC01.pirate.htb,ESENT,Application,3618,4,,,,,,,,,,,,DFSRs,"3040,D,0",,,,,,,,,,,\\.\C:\System Volume Information\DFSR\database_EEE2_E7CF_32B5_74E\dfsr.db: ,,,,0,0,"
[1] 0.006741 +J(0) +M(C:0K, Fs:270, WS:1052K # 1052K, PF:6380K # 6380K, P:6380K)
[2] 0.000335 +J(0) +M(C:16K, Fs:95, WS:372K # 372K, PF:320K # 320K, P:320K)
[3] 0.000021 +J(0) +M(C:0K, Fs:4, WS:16K # 16K, PF:64K # 64K, P:64K)
[4] 0.000446 +J(0) +M(C:2032K, Fs:40, WS:152K # 152K, PF:2444K # 2444K, P:2444K)
[5] 0.001428 +J(0) +M(C:0K, Fs:8, WS:32K # 32K, PF:24K # 24K, P:24K)
[6] 0.001089 +J(0) +M(C:0K, Fs:11, WS:44K # 44K, PF:12K # 12K, P:12K)
[7] -
[8] -
[9] -
[10] -
[11] -
[12] -
[13] 0.071738 -0.046911 (36) WT +J(CM:0, PgRf:0, Rd:0/0, Dy:0/0, Lg:616/1) +M(C:0K, Fs:1423, WS:488K # 5588K, PF:-100K # 5028K, P:-100K)
[14] 0.000031 +J(0) +M(C:0K, Fs:1, WS:4K # 0K, PF:0K # 0K, P:0K)
[15] 0.000143 +J(0) +M(C:0K, Fs:65, WS:256K # 0K, PF:68K # 0K, P:68K)
[16] 0.024143 -0.000430 (3) WT +J(0) +M(C:0K, Fs:5, WS:12K # 0K, PF:0K # 0K, P:0K).",,,,,,,,,,,,,,,,,,,,,,,,,,,,,,,,,,,,,,,,,,,,
2026-01-26T21:35:39.011681Z,"{'#attributes': {'Qualifiers': 0}, '#text': 637}",DC01.pirate.htb,ESENT,Application,3619,4,,,,,,,,,,,,DFSRs,"3040,D,35",,,,,,,,,,,\\.\C:\System Volume Information\DFSR\database_EEE2_E7CF_32B5_74E\dfsr.db: ,,,,\\.\C:\System Volume Information\DFSR\database_EEE2_E7CF_32B5_74E\dfsr.jfm,,,,,,,,,,,,,,,,,,,,,,,,,,,,,,,,,,,,,,,,,,,,,,
2026-01-26T21:35:39.058578Z,"{'#attributes': {'Qualifiers': 0}, '#text': 325}",DC01.pirate.htb,ESENT,Application,3620,4,,,,,,,,,,,,DFSRs,"3040,D,35",,,,,,,,,,,\\.\C:\System Volume Information\DFSR\database_EEE2_E7CF_32B5_74E\dfsr.db: ,,,,1,\\.\C:\System Volume Information\DFSR\database_EEE2_E7CF_32B5_74E\dfsr.db,0,"
[1] 0.000087 +J(0) +M(C:0K, Fs:3, WS:12K # 0K, PF:8K # 0K, P:8K)
[2] 0.006930 -0.002621 (1) WT +J(CM:0, PgRf:0, Rd:0/0, Dy:0/0, Lg:3480/2) +M(C:0K, Fs:1, WS:4K # 0K, PF:0K # 0K, P:0K)
[3] 0.017118 -0.000004 (3) WT +J(0) +M(C:0K, Fs:17, WS:60K # 0K, PF:40K # 0K, P:40K)
[4] 0.000292 +J(0)
[5] 0.000207 +J(CM:0, PgRf:3, Rd:0/0, Dy:3/6, Lg:122/4) +M(C:0K, Fs:35, WS:140K # 0K, PF:148K # 0K, P:148K)
[6] 0.003598 -0.001136 (1) WT +J(CM:0, PgRf:209, Rd:0/0, Dy:12/408, Lg:24454/447) +M(C:0K, Fs:63, WS:252K # 0K, PF:220K # 0K, P:220K)
[7] 0.001926 -0.000950 (1) WT +J(CM:0, PgRf:0, Rd:0/0, Dy:0/0, Lg:4096/2) +M(C:0K, Fs:6, WS:12K # 0K, PF:0K # 0K, P:0K)
[8] 0.000004 +J(0)
[9] 0.014982 -0.012389 (3) WT +J(0) +M(C:-52K, Fs:13, WS:-8K # 0K, PF:32K # 0K, P:32K)
[10] 0.006878 -0.003897 (5) WT +J(CM:0, PgRf:346, Rd:0/0, Dy:7/93, Lg:12509/128) +M(C:12K, Fs:31, WS:116K # 0K, PF:96K # 0K, P:96K)
[11] 0.000003 +J(0).",0 0,lgposCreate = 00000001:0001:0268,,,,,,,,,,,,,,,,,,,,,,,,,,,,,,,,,,,,,,,,,
2026-01-26T21:40:13.745409Z,"{'#attributes': {'Qualifiers': 0}, '#text': 102}",DC01.pirate.htb,ESENT,Application,3621,4,,,,,,,,,,,,svchost,"1468,P,98",,,,,,,,,,,DS_Token_DB: ,,,,0,10,00,17763,0000,,,,,,,,,,,,,,,,,,,,,,,,,,,,,,,,,,,,,,,,,,
2026-01-26T21:40:13.761019Z,"{'#attributes': {'Qualifiers': 0}, '#text': 300}",DC01.pirate.htb,ESENT,Application,3622,4,,,,,,,,,,,,svchost,"1468,R,98",,,,,,,,,,,DS_Token_DB: ,,,,,,,,,,,,,,,,,,,,,,,,,,,,,,,,,,,,,,,,,,,,,,,,,,
2026-01-26T21:40:13.823536Z,"{'#attributes': {'Qualifiers': 0}, '#text': 301}",DC01.pirate.htb,ESENT,Application,3623,4,,,,,,,,,,,,svchost,"1468,R,98",,,,,,,,,,,DS_Token_DB: ,,,,C:\Windows\system32\config\systemprofile\AppData\Local\DataSharing\Storage\DSS.log,"
[1] 0.052599 -0.028490 (8) WT +J(CM:0, PgRf:0, Rd:0/0, Dy:0/0, Lg:44606/141) +M(C:0K, Fs:89, WS:216K # 160K, PF:148K # 84K, P:148K).",Insert   ,38,,,,,,,,,,,,,,,,,,,,,,,,,,,,,,,,,,,,,,,,,,,
2026-01-26T21:40:13.948528Z,"{'#attributes': {'Qualifiers': 0}, '#text': 302}",DC01.pirate.htb,ESENT,Application,3624,4,,,,,,,,,,,,svchost,"1468,U,98",,,,,,,,,,,DS_Token_DB: ,,,,,,,,,,,,,,,,,,,,,,,,,,,,,,,,,,,,,,,,,,,,,,,,,,
2026-01-26T21:40:13.964154Z,"{'#attributes': {'Qualifiers': 0}, '#text': 105}",DC01.pirate.htb,ESENT,Application,3625,4,,,,,,,,,,,,svchost,"1468,D,0",,,,,,,,,,,DS_Token_DB: ,,,,0,0,"
[1] 0.002020 +J(0) +M(C:0K, Fs:181, WS:716K # 716K, PF:3212K # 3216K, P:3212K)
[2] 0.000376 +J(0) +M(C:8K, Fs:95, WS:376K # 376K, PF:300K # 296K, P:300K)
[3] 0.000026 +J(0) +M(C:0K, Fs:4, WS:12K # 12K, PF:68K # 68K, P:68K)
[4] 0.000159 +J(0) +M(C:0K, Fs:27, WS:108K # 108K, PF:168K # 168K, P:168K)
[5] 0.001151 +J(0) +M(C:0K, Fs:6, WS:24K # 24K, PF:20K # 20K, P:20K)
[6] 0.005190 +J(0) +M(C:0K, Fs:43, WS:168K # 168K, PF:20K # 20K, P:20K)
[7] 0.003815 -0.002533 (2) WT +J(0) +M(C:0K, Fs:33, WS:132K # 132K, PF:64K # 64K, P:64K)
[8] 0.063736 -0.034027 (12) WT +J(CM:0, PgRf:0, Rd:0/0, Dy:0/0, Lg:44606/141) +M(C:0K, Fs:142, WS:352K # 356K, PF:236K # 240K, P:236K)
[9] 0.001553 +J(0) +M(C:0K, Fs:4, WS:16K # 12K, PF:0K # 0K, P:0K)
[10] 0.001177 -0.000879 (1) WT +J(0) +M(C:0K, Fs:0, WS:-60K # 0K, PF:-60K # 0K, P:-60K)
[11] 0.000031 +J(CM:0, PgRf:0, Rd:0/0, Dy:0/0, Lg:49/1) +M(C:0K, Fs:2, WS:8K # 0K, PF:0K # 0K, P:0K)
[12] 0.002979 -0.002256 (1) WT +J(0) +M(C:0K, Fs:1, WS:4K # 0K, PF:0K # 0K, P:0K)
[13] 0.132826 -0.004775 (2) CM -0.068179 (23) WT +J(CM:2, PgRf:2, Rd:0/2, Dy:0/0, Lg:8759/5) +M(C:0K, Fs:68, WS:152K # 168K, PF:212K # 216K, P:212K)
[14] 0.000023 +J(0)
[15] 0.000364 +J(0)
[16] 0.000799 -0.000477 (1) WT +J(0) +M(C:0K, Fs:2, WS:0K # 0K, PF:0K # 0K, P:0K).","lgposV2[] = 00000002:0009:0000 - 00000002:000B:002B - 00000002:000C:0000 - 00000002:000C:0000 (00000000:0000:0000)
cReInits = 2
",,,,,,,,,,,,,,,,,,,,,,,,,,,,,,,,,,,,,,,,,,,
2026-01-26T21:40:14.026657Z,"{'#attributes': {'Qualifiers': 0}, '#text': 326}",DC01.pirate.htb,ESENT,Application,3626,4,,,,,,,,,,,,svchost,"1468,D,50",,,,,,,,,,,DS_Token_DB: ,,,,1,C:\Windows\system32\config\systemprofile\AppData\Local\DataSharing\Storage\DSTokenDB2.dat,0,"
[1] 0.000004 +J(0)
[2] 0.002426 -0.002132 (1) WT +J(0) +M(C:0K, Fs:17, WS:4K # 8K, PF:4K # 4K, P:4K)
[3] 0.063818 -0.020138 (9) WT +J(CM:0, PgRf:0, Rd:0/0, Dy:0/0, Lg:255/1) +M(C:0K, Fs:32, WS:112K # 56K, PF:48K # 0K, P:48K)
[4] 0.000187 +J(0)
[5] -
[6] -
[7] -
[8] 0.002244 -0.001981 (2) CM -0.001823 (2) WT +J(CM:2, PgRf:2, Rd:4/2, Dy:0/0, Lg:0/0) +M(C:8K, Fs:3, WS:12K # 4K, PF:8K # 0K, P:8K)
[9] 0.002758 -0.002351 (3) CM -0.002161 (3) WT +J(CM:3, PgRf:23, Rd:0/3, Dy:0/0, Lg:0/0) +M(C:0K, Fs:22, WS:80K # 80K, PF:196K # 196K, P:196K)
[10] 0.002056 -0.001837 (3) CM -0.001640 (3) WT +J(CM:3, PgRf:40, Rd:0/3, Dy:0/0, Lg:0/0) +M(C:0K, Fs:3, WS:8K # 8K, PF:68K # 60K, P:68K)
[11] 0.000019 +J(CM:0, PgRf:1, Rd:0/0, Dy:0/0, Lg:0/0) +M(C:0K, Fs:1, WS:4K # 4K, PF:0K # 0K, P:0K)
[12] 0.000088 +J(CM:0, PgRf:42, Rd:0/0, Dy:0/0, Lg:0/0) +M(C:0K, Fs:5, WS:20K # 20K, PF:0K # 0K, P:0K)
[13] 0.000001 +J(0)
[14] 0.000001 +J(0)
[15] 0.000009 +J(CM:0, PgRf:1, Rd:0/0, Dy:0/0, Lg:0/0).",1 0,lgposAttach = 00000002:000E:0268,,,,,,,,,,,,,,,,,,,,,,,,,,,,,,,,,,,,,,,,,
2026-01-26T21:40:52.787265Z,"{'#attributes': {'Qualifiers': 16384}, '#text': 1704}",DC01.pirate.htb,SceCli,Application,3627,4,,,,,,,,,,,,,,,,,,,,,,,,,,,,,,,,,,,,,,,,,,,,,,,,,,,,,,,,,,,,,,,,,,,,,,,,,,
2026-01-26T21:41:54.141053Z,"{'#attributes': {'Qualifiers': 32768}, '#text': 6000}",DC01.pirate.htb,Microsoft-Windows-Winlogon,Application,3628,4,,,,D9060000,,,,,,,WSearch,,,,,,,,,,,,,,,,,,,,,,,,,,,,,,,,,,,,,,,,,,,,,,,,,,,,,,,,,,,,,,,
2026-01-26T21:41:54.188306Z,"{'#attributes': {'Qualifiers': 32768}, '#text': 6000}",DC01.pirate.htb,Microsoft-Windows-Winlogon,Application,3629,4,,,,D9060000,,,,,,,SessionEnv,,,,,,,,,,,,,,,,,,,,,,,,,,,,,,,,,,,,,,,,,,,,,,,,,,,,,,,,,,,,,,,
2026-01-26T21:42:04.335988Z,"{'#attributes': {'Qualifiers': 0}, '#text': 260}",DC01.pirate.htb,VMUpgradeHelper,Application,3630,4,,,,,,,,,,,,,,,,,,,,,,,,,,,,,,,,,,,,,,,,,,,,,,,,,,,,,,,,,,,,,,,,,,,,,,,,,,
2026-01-26T21:42:04.335988Z,"{'#attributes': {'Qualifiers': 0}, '#text': 272}",DC01.pirate.htb,VMUpgradeHelper,Application,3631,4,,,,,,,,,,,,,,,,,,,,,,,,,,,,,,,,,,,,,,,,,,,,,,,,,,,,,,,,,,,,,,,,,,,,,,,,,,
2026-01-26T21:42:04.354569Z,"{'#attributes': {'Qualifiers': 0}, '#text': 108}",DC01.pirate.htb,VMTools,Application,3632,4,,,,,,,,,,,,,,,,,,,,,,,,,,,,,,,,,,,,,,,,,,,,,,,,,,,,,,,,,,,,,,,,,,,,,,,,,,
2026-01-26T21:42:04.653597Z,1532,DC01.pirate.htb,Microsoft-Windows-User Profiles Service,Application,3633,4,,,,,,,,,,,,,,,,,,,,,,,,,,,,,,,,,,,,,,,,,,,,,,,,,,,,,,,,,,,,,,,,,,,,,,,,,,
2026-01-26T21:42:59.417758Z,"{'#attributes': {'Qualifiers': 16384}, '#text': 4625}",DC01,Microsoft-Windows-EventSystem,Application,3634,4,,,,,,,,,,,,,,,,,,,,,,,,,,,,,,,,,,,,,,,,,,,,,,,,,,,,,,,,,,,,,,,86400,,,,SuppressDuplicateDuration,Software\Microsoft\EventSystem\EventLog,,,,,,
2026-01-26T21:42:04.942016Z,38,DC01.pirate.htb,Microsoft-Windows-CertificationAuthority,Application,3635,4,,,,,,pirate-DC01-CA,,,,,,,,,,,,,,,,,,,,,,,,,,,,,,,,,,,,,,,,,,,,,,,,,,,,MSG_I_SERVER_STOPPED,,,,,,,,,,,,,,,,
2026-01-26T21:42:59.435530Z,1531,DC01.pirate.htb,Microsoft-Windows-User Profiles Service,Application,3636,4,,,,,,,,,,,,,,,,,,,,,,,,,,,,,,,,,,,,,,,,,,,,,,,,,,,,,,,,,,,,,,,,,,,,,,,,,,
2026-01-26T21:43:00.808001Z,5615,DC01.pirate.htb,Microsoft-Windows-WMI,Application,3637,4,,,,,,,,,,,,,,,,,,,,,,,,,,,,,,,,,,,,,,,,,,,,,,,,,,,,,,,,,,,,,,,,,,,,,,,,,,
2026-01-26T21:43:02.107948Z,5617,DC01.pirate.htb,Microsoft-Windows-WMI,Application,3638,4,,,,,,,,,,,,,,,,,,,,,,,,,,,,,,,,,,,,,,,,,,,,,,,,,,,,,,,,,,,,,,,,,,,,,,,,,,
2026-01-26T21:43:14.747056Z,"{'#attributes': {'Qualifiers': 0}, '#text': 105}",DC01.pirate.htb,VMTools,Application,3639,4,,,,,,,,,,,,,,,,,,,,,,,,,,,,,,,,,,,,,,,,,,,,,,,,,,,,,,,,,,,,,,,,,,,,,,,,,,
2026-01-26T21:43:15.184552Z,"{'#attributes': {'Qualifiers': 16384}, '#text': 9027}",DC01.pirate.htb,Desktop Window Manager,Application,3640,4,,,,,,,,,,,,,,,,,,,,,,,,,,,,,,,,,,,,,,,,,,,,,,,,,,,,,,,,,,,,,,,,,,,,,,,,,,
2026-01-26T21:43:15.637672Z,"{'#attributes': {'Qualifiers': 0}, '#text': 258}",DC01.pirate.htb,VMUpgradeHelper,Application,3641,4,,,,,,,,,,,,,,,,,,,,,,,,,,,,,,,,,,,,,,,,,,,,,,,,,,,,,,,,,,,,,,,,,,,,,,,,,,
2026-01-26T21:43:15.825174Z,"{'#attributes': {'Qualifiers': 16384}, '#text': 781}",DC01.pirate.htb,Microsoft-Windows-Complus,Application,3642,4,,,,,,,,,,,,,,,,,,,,,,,,,,,,,,,,,,,,,,,,,,,,,,,,,,,,,,,,,,,,,,,86400,,,,SuppressDuplicateDuration,Software\Microsoft\COM3\Eventlog,,,,,,
2026-01-26T21:43:15.872050Z,"{'#attributes': {'Qualifiers': 0}, '#text': 271}",DC01.pirate.htb,VMUpgradeHelper,Application,3643,4,,,,,,,,,,,,,,,,,,,,,,,,,,,,,,,,,,,,,,,,,,,,,,,,,,,,,,,,,,,,,,,,,,,,,,,,,,
2026-01-26T21:43:16.090794Z,"{'#attributes': {'Qualifiers': 16384}, '#text': 4202}",DC01.pirate.htb,Microsoft-Windows-MSDTC 2,Application,3644,4,,,,,,,,,,,,,,,,,,,,,,,,,,,,,,,,,,,,,,,,,,,,,,,,,,,,,,,,,,,,,,,0,0,0,1,0,0,0,0,0,1,Mutual Authentication Required,NT AUTHORITY\NetworkService
2026-01-26T21:43:39.200444Z,"{'#attributes': {'Qualifiers': 0}, '#text': 102}",DC01.pirate.htb,ESENT,Application,3645,4,,,,,,,,,,,,certsrv.exe,"2876,P,98",,,,,,,,,,,,,,,0,10,00,17763,0000,,,,,,,,,,,,,,,,,,,,,,,,,,,,,,,,,,,,,,,,,,
2026-01-26T21:43:39.247059Z,"{'#attributes': {'Qualifiers': 0}, '#text': 105}",DC01.pirate.htb,ESENT,Application,3646,4,,,,,,,,,,,,certsrv.exe,"2876,D,0",,,,,,,,,,,,,,,0,0,"
[1] 0.001351 +J(0) +M(C:0K, Fs:132, WS:516K # 516K, PF:2396K # 2128K, P:2396K)
[2] 0.000581 +J(0) +M(C:3200K, Fs:142, WS:556K # 556K, PF:4144K # 4144K, P:4144K)
[3] 0.000018 +J(0) +M(C:0K, Fs:5, WS:16K # 16K, PF:64K # 64K, P:64K)
[4] 0.000086 +J(0) +M(C:0K, Fs:24, WS:96K # 96K, PF:500K # 500K, P:500K)
[5] 0.006434 +J(0) +M(C:0K, Fs:39, WS:156K # 156K, PF:28K # 28K, P:28K)
[6] 0.004372 +J(0) +M(C:0K, Fs:25, WS:96K # 96K, PF:12K # 12K, P:12K)
[7] 0.023912 -0.019779 (5) WT +J(0) +M(C:0K, Fs:274, WS:1096K # 1096K, PF:1024K # 1024K, P:1024K)
[8] -
[9] -
[10] -
[11] -
[12] -
[13] 0.014536 -0.008233 (6) WT +J(CM:0, PgRf:0, Rd:0/0, Dy:0/0, Lg:616/1) +M(C:0K, Fs:7, WS:-1004K # 16K, PF:-1020K # 12K, P:-1020K)
[14] 0.000028 +J(0) +M(C:0K, Fs:1, WS:4K # 0K, PF:0K # 0K, P:0K)
[15] 0.000250 +J(0) +M(C:0K, Fs:100, WS:400K # 0K, PF:64K # 0K, P:64K)
[16] 0.001816 -0.001522 (1) WT +J(0) +M(C:0K, Fs:2, WS:0K # 0K, PF:0K # 0K, P:0K).",,,,,,,,,,,,,,,,,,,,,,,,,,,,,,,,,,,,,,,,,,,,
2026-01-26T21:43:39.372070Z,"{'#attributes': {'Qualifiers': 0}, '#text': 326}",DC01.pirate.htb,ESENT,Application,3647,4,,,,,,,,,,,,certsrv.exe,"2876,D,50",,,,,,,,,,,,,,,1,C:\Windows\system32\CertLog\pirate-DC01-CA.edb,0,"
[1] 0.000010 +J(0) +M(C:0K, Fs:1, WS:4K # 0K, PF:0K # 0K, P:0K)
[2] 0.001603 -0.001200 (1) WT +J(0) +M(C:0K, Fs:18, WS:8K # 0K, PF:4K # 0K, P:4K)
[3] 0.103729 -0.091446 (6) WT +J(CM:0, PgRf:0, Rd:0/0, Dy:0/0, Lg:3480/2) +M(C:0K, Fs:29, WS:112K # 0K, PF:140K # 0K, P:140K)
[4] 0.000241 +J(0)
[5] -
[6] -
[7] -
[8] 0.002417 -0.002077 (2) CM -0.001945 (2) WT +J(CM:2, PgRf:2, Rd:14/2, Dy:0/0, Lg:0/0) +M(C:0K, Fs:50, WS:200K # 0K, PF:128K # 0K, P:128K)
[9] 0.004131 -0.003804 (3) CM -0.003669 (3) WT +J(CM:3, PgRf:23, Rd:0/2, Dy:0/0, Lg:0/0) +M(C:0K, Fs:23, WS:92K # 0K, PF:196K # 0K, P:196K)
[10] 0.001984 -0.001828 (1) CM -0.001766 (1) WT +J(CM:1, PgRf:40, Rd:0/1, Dy:0/0, Lg:0/0) +M(C:0K, Fs:3, WS:12K # 0K, PF:64K # 0K, P:64K)
[11] 0.000017 +J(CM:0, PgRf:1, Rd:0/0, Dy:0/0, Lg:0/0) +M(C:0K, Fs:2, WS:8K # 0K, PF:0K # 0K, P:0K)
[12] 0.000052 +J(CM:0, PgRf:42, Rd:0/0, Dy:0/0, Lg:0/0)
[13] 0.0 +J(0)
[14] 0.0 +J(0)
[15] 0.000005 +J(CM:0, PgRf:1, Rd:0/0, Dy:0/0, Lg:0/0).",0 0,lgposAttach = 00000002:008E:0268,,,,,,,,,,,,,,,,,,,,,,,,,,,,,,,,,,,,,,,,,
2026-01-26T21:43:40.605391Z,44,DC01.pirate.htb,Microsoft-Windows-CertificationAuthority,Application,3648,2,,,,,,,,,,,,,,,,,,,,,,,,,,,,,,,,,,,,0x8007054b (1355),,The specified domain either does not exist or could not be contacted.,,,,,,Initialize,,,,Windows default,,,,,,,,,,MSG_E_POLICY_ERROR,,,,,,,,,,,"The Active Directory containing the Certification Authority could not be contacted.
",,,,,
2026-01-26T21:43:40.632493Z,26,DC01.pirate.htb,Microsoft-Windows-CertificationAuthority,Application,3649,4,,,,,,pirate-DC01-CA,,,,  DC=,,,,,,,,,,,,,,,,,,,,,,,,,,,,,,,,,,,,,,,,,,,,,,,,MSG_I_SERVER_STARTED,,,,,,,,,,,,,,,,
2026-01-26T21:43:42.438980Z,"{'#attributes': {'Qualifiers': 32768}, '#text': 6003}",DC01.pirate.htb,Microsoft-Windows-Winlogon,Application,3650,4,,,,D9060000,,,,,,,SessionEnv,,,,,,,,,,,,,,,,,,,,,,,,,,,,,,,,,,,,,,,,,,,,,,,,,,,,,,,,,,,,,,,
2026-01-26T21:43:44.012691Z,"{'#attributes': {'Qualifiers': 32768}, '#text': 6000}",DC01.pirate.htb,Microsoft-Windows-Winlogon,Application,3651,4,,,,D9060000,,,,,,,SessionEnv,,,,,,,,,,,,,,,,,,,,,,,,,,,,,,,,,,,,,,,,,,,,,,,,,,,,,,,,,,,,,,,
2026-01-26T21:45:16.117728Z,"{'#attributes': {'Qualifiers': 16384}, '#text': 900}",DC01.pirate.htb,Microsoft-Windows-Security-SPP,Application,3652,4,,,,,,,,,,,<explicit>,,,,,,,,,,,,,,,,,,,,,,,,,,,,,,,,,,,,,,,,,,,,,,,,,,,,,,,,,,,,,,,
2026-01-26T21:45:16.572800Z,"{'#attributes': {'Qualifiers': 49152}, '#text': 16394}",DC01.pirate.htb,Microsoft-Windows-Security-SPP,Application,3653,4,,,,,,,,,,,,,,,,,,,,,,,,,,,,,,,,,,,,,,,,,,,,,,,,,,,,,,,,,,,,,,,,,,,,,,,,,,
2026-01-26T21:45:16.715195Z,"{'#attributes': {'Qualifiers': 16384}, '#text': 1066}",DC01.pirate.htb,Microsoft-Windows-Security-SPP,Application,3654,4,,,,,,,,,,,"C:\Windows\system32\sppwinob.dll, msft:spp/windowsfunctionality/agent/7.0, 0x00000000, 0x00000000
C:\Windows\system32\sppobjs.dll, msft:rm/algorithm/inherited/1.0, 0x00000000, 0x00000000
C:\Windows\system32\sppobjs.dll, msft:rm/algorithm/phone/1.0, 0x00000000, 0x00000000
C:\Windows\system32\sppobjs.dll, msft:rm/algorithm/pkey/detect, 0x00000000, 0x00000000
C:\Windows\system32\sppobjs.dll, msft:spp/ActionScheduler/1.0, 0x00000000, 0x00000000
C:\Windows\system32\sppobjs.dll, msft:spp/TaskScheduler/1.0, 0x00000000, 0x00000000
C:\Windows\system32\sppobjs.dll, msft:spp/statecollector/pkey, 0x00000000, 0x00000000
C:\Windows\system32\sppobjs.dll, msft:spp/volume/services/kms/1.0, 0x00000000, 0x00000000
C:\Windows\system32\sppobjs.dll, msft:spp/volume/services/kms/activationinfo/1.0, 0x00000000, 0x00000000
",,,,,,,,,,,,,,,,,,,,,,,,,,,,,,,,,,,,,,,,,,,,,,,,,,,,,,,,,,,,,,,
2026-01-26T21:45:16.994663Z,"{'#attributes': {'Qualifiers': 16384}, '#text': 1003}",DC01.pirate.htb,Microsoft-Windows-Security-SPP,Application,3655,4,,,,,,,,,,,,55c92734-d682-4d71-983e-d6ec3f16059f,"
1: 22105925-48c3-4ff4-a294-f654bb27e390, 1, 0 [(0 [0xC004F014, 0, 0], [(?)(?)(?)(?)(?)(?)(?)(?)])(1 )(2 )(3 )]
2: 281c216a-5957-439b-adf2-aff4098a2bdd, 1, 0 [(0 [0xC004F014, 0, 0], [(?)(?)(?)(?)(?)(?)(?)(?)])(1 )(2 )(3 )]
3: 2e7a9ad1-a849-4b56-babe-17d5a29fe4b4, 1, 0 [(0 [0xC004F014, 0, 0], [(?)(?)(?)(?)(?)(?)(?)(?)])(1 )(2 )(3 )]
4: 3c006fa7-3b03-45a4-93da-63ddc1bdce11, 1, 0 [(0 [0xC004F014, 0, 0], [(?)(?)(?)(?)(?)(?)(?)(?)])(1 )(2 )(3 )]
5: 4285bbda-6219-4c1a-98e9-859e60d669fb, 1, 0 [(0 [0xC004F014, 0, 0], [(?)(?)(?)(?)(?)(?)(?)(?)])(1 )(2 )(3 )]
6: 44a5b4c3-e4b1-483b-81e8-0f78f4d98283, 1, 0 [(0 [0xC004F014, 0, 0], [(?)(?)(?)(?)(?)(?)(?)(?)])(1 )(2 )(3 )]
7: 661f7658-7035-4b4c-9f35-010682943ec2, 1, 0 [(0 [0xC004F014, 0, 0], [(?)(?)(?)(?)(?)(?)(?)(?)])(1 )(2 )(3 )]
8: 6bad0243-1c35-46b2-b8e6-7a853e37413f, 1, 0 [(0 [0xC004F014, 0, 0], [(?)(?)(?)(?)(?)(?)(?)(?)])(1 )(2 )(3 )]
9: 82fcf64d-f9dd-4411-9c79-f2eed16d4eb8, 1, 0 [(0 [0xC004F014, 0, 0], [(?)(?)(?)(?)(?)(?)(?)(?)])(1 )(2 )(3 )]
10: 84e331f6-4279-48c4-ab10-b75139181351, 1, 0 [(0 [0xC004F014, 0, 0], [(?)(?)(?)(?)(?)(?)(?)(?)])(1 )(2 )(3 )]
11: 8ea56c31-fe6e-4d56-9d17-8dc1ab35dd8b, 1, 0 [(0 [0xC004F014, 0, 0], [(?)(?)(?)(?)(?)(?)(?)(?)])(1 )(2 )(3 )]
12: 92114319-12ea-4bca-9d63-8740de9feff3, 1, 1 [(0 )(1 [0x00000000, 1, 0], [(?)( 1 0x00000000)(?)( 2 0x00000000 0 0 msft:rm/algorithm/phone/1.0 0x00000000 0)(?)(?)( 10 0x00000000 msft:rm/algorithm/flags/1.0)(?)])(2 )(3 )]
13: 9db83b52-9904-4326-8957-ebe6feedf37c, 1, 0 [(0 [0xC004F014, 0, 0], [(?)(?)(?)(?)(?)(?)(?)(?)])(1 )(2 )(3 )]
14: c2d23e1f-ee3e-4533-9094-e6dc0b8aa049, 1, 0 [(0 [0xC004F014, 0, 0], [(?)(?)(?)(?)(?)(?)(?)(?)])(1 )(2 )(3 )]
15: d07edbd8-02cb-49b1-8358-f2de7afd8a4d, 1, 0 [(0 [0xC004F014, 0, 0], [(?)(?)(?)(?)(?)(?)(?)(?)])(1 )(2 )(3 )]
16: de32eafd-aaee-4662-9444-c1befb41bde2, 1, 0 [(0 [0xC004F014, 0, 0], [(?)(?)(?)(?)(?)(?)(?)(?)])(1 )(2 )(3 )]
17: e73aabfa-12bc-4705-b551-2dd076bebc7d, 1, 0 [(0 [0xC004F014, 0, 0], [(?)(?)(?)(?)(?)(?)(?)(?)])(1 )(2 )(3 )]
18: e936f630-5125-4a39-b1de-544d6c036491, 1, 0 [(0 [0xC004F014, 0, 0], [(?)(?)(?)(?)(?)(?)(?)(?)])(1 )(2 )(3 )]
19: fd946594-6f0d-4c5c-9bf7-f5f628ecd0b9, 1, 0 [(0 [0xC004F014, 0, 0], [(?)(?)(?)(?)(?)(?)(?)(?)])(1 )(2 )(3 )]

",,,,,,,,,,,,,,,,,,,,,,,,,,,,,,,,,,,,,,,,,,,,,,,,,,,,,,,,,,,,,
2026-01-26T21:45:17.119666Z,"{'#attributes': {'Qualifiers': 16384}, '#text': 902}",DC01.pirate.htb,Microsoft-Windows-Security-SPP,Application,3656,0,,,,,,,,,,,10.0.17763.8276,,,,,,,,,,,,,,,,,,,,,,,,,,,,,,,,,,,,,,,,,,,,,,,,,,,,,,,,,,,,,,,
2026-01-26T21:45:57.387548Z,"{'#attributes': {'Qualifiers': 16384}, '#text': 16384}",DC01.pirate.htb,Microsoft-Windows-Security-SPP,Application,3657,4,,,,,,,,,,,,2126-01-02T21:45:57Z,RulesEngine,,,,,,,,,,,,,,,,,,,,,,,,,,,,,,,,,,,,,,,,,,,,,,,,,,,,,,,,,,,,,
2026-01-26T21:45:57.399781Z,"{'#attributes': {'Qualifiers': 16384}, '#text': 903}",DC01.pirate.htb,Microsoft-Windows-Security-SPP,Application,3658,0,,,,,,,,,,,,,,,,,,,,,,,,,,,,,,,,,,,,,,,,,,,,,,,,,,,,,,,,,,,,,,,,,,,,,,,,,,
2026-01-26T21:46:17.730449Z,"{'#attributes': {'Qualifiers': 0}, '#text': 8224}",DC01.pirate.htb,VSS,Application,3659,4,,,,2D20436F64653A2020434F525356434330303030303737332D2043616C6C3A2020434F525356434330303030303735352D205049443A202030303030343238382D205449443A202030303030343331362D20434D443A2020433A5C57696E646F77735C73797374656D33325C76737376632E6578652020202D20557365723A204E616D653A204E5420415554484F524954595C53595354454D2C205349443A532D312D352D313820,,,,,,,,,,,,,,,,,,,,,,,,,,,,,,,,,,,,,,,,,,,,,,,,,,,,,,,,,,,,,,,,,,,,,,
2026-01-26T21:47:10.387317Z,1001,DC01.pirate.htb,Microsoft-Windows-LoadPerf,Application,3660,4,,,,,,,,,,,,,,,,,,,,,,,,,,,,,,,,,,,,,,,,,,,,,,,,,,,,,,,,,,,LoadPerf,3837000039370000D2050000,12,,WmiApRpl,,,,WmiApRpl,,,,,,,
2026-01-26T21:47:10.440888Z,1000,DC01.pirate.htb,Microsoft-Windows-LoadPerf,Application,3661,4,,,,,,,,,,,,,,,,,,,,,,,,,,,,,,,,,,,,,,,,,,,,,,,,,,,,,,,,,,,LoadPerf,3A3700000A3800003B3700000B380000,16,,WmiApRpl,,,,WmiApRpl,,,,,,,
2026-01-26T21:48:27.861016Z,"{'#attributes': {'Qualifiers': 0}, '#text': 102}",DC01.pirate.htb,ESENT,Application,3662,4,,,,,,,,,,,,DFSRs,"2944,P,98",,,,,,,,,,,\\.\C:\System Volume Information\DFSR\database_EEE2_E7CF_32B5_74E\dfsr.db: ,,,,0,10,00,17763,0000,,,,,,,,,,,,,,,,,,,,,,,,,,,,,,,,,,,,,,,,,,
2026-01-26T21:48:27.907897Z,"{'#attributes': {'Qualifiers': 0}, '#text': 105}",DC01.pirate.htb,ESENT,Application,3663,4,,,,,,,,,,,,DFSRs,"2944,D,0",,,,,,,,,,,\\.\C:\System Volume Information\DFSR\database_EEE2_E7CF_32B5_74E\dfsr.db: ,,,,0,0,"
[1] 0.006567 +J(0) +M(C:0K, Fs:260, WS:940K # 972K, PF:6244K # 6368K, P:6244K)
[2] 0.000379 +J(0) +M(C:16K, Fs:96, WS:376K # 344K, PF:328K # 204K, P:328K)
[3] 0.000024 +J(0) +M(C:0K, Fs:5, WS:16K # 16K, PF:68K # 68K, P:68K)
[4] 0.000245 +J(0) +M(C:2032K, Fs:36, WS:144K # 144K, PF:2424K # 2424K, P:2424K)
[5] 0.000813 +J(0) +M(C:0K, Fs:8, WS:32K # 32K, PF:24K # 24K, P:24K)
[6] 0.002871 +J(0) +M(C:0K, Fs:16, WS:64K # 64K, PF:12K # 12K, P:12K)
[7] 0.025476 -0.019450 (21) WT +J(0) +M(C:0K, Fs:1300, WS:5192K # 5192K, PF:5128K # 5128K, P:5128K)
[8] -
[9] -
[10] -
[11] -
[12] -
[13] 0.017677 -0.008387 (22) WT +J(CM:0, PgRf:0, Rd:0/0, Dy:0/0, Lg:616/1) +M(C:0K, Fs:8, WS:-5096K # 16K, PF:-5120K # 16K, P:-5120K)
[14] 0.000025 +J(0) +M(C:0K, Fs:1, WS:4K # 0K, PF:0K # 0K, P:0K)
[15] 0.000143 +J(0) +M(C:0K, Fs:64, WS:256K # 0K, PF:64K # 0K, P:64K)
[16] 0.000560 -0.000274 (1) WT +J(0) +M(C:0K, Fs:2, WS:0K # 0K, PF:0K # 0K, P:0K).",,,,,,,,,,,,,,,,,,,,,,,,,,,,,,,,,,,,,,,,,,,,
2026-01-26T21:48:27.939138Z,"{'#attributes': {'Qualifiers': 0}, '#text': 326}",DC01.pirate.htb,ESENT,Application,3664,4,,,,,,,,,,,,DFSRs,"2944,D,50",,,,,,,,,,,\\.\C:\System Volume Information\DFSR\database_EEE2_E7CF_32B5_74E\dfsr.db: ,,,,1,\\.\C:\System Volume Information\DFSR\database_EEE2_E7CF_32B5_74E\dfsr.db,0,"
[1] 0.000006 +J(0) +M(C:0K, Fs:1, WS:4K # 0K, PF:0K # 0K, P:0K)
[2] 0.002111 -0.001782 (1) WT +J(0) +M(C:0K, Fs:19, WS:12K # 0K, PF:8K # 0K, P:8K)
[3] 0.010102 -0.003476 (6) WT +J(CM:0, PgRf:0, Rd:0/0, Dy:0/0, Lg:3480/2) +M(C:0K, Fs:27, WS:96K # 0K, PF:140K # 0K, P:140K)
[4] 0.000134 +J(0)
[5] -
[6] -
[7] -
[8] 0.001625 -0.001241 (2) CM -0.001063 (2) WT +J(CM:2, PgRf:2, Rd:14/2, Dy:0/0, Lg:0/0) +M(C:-8K, Fs:69, WS:268K # 0K, PF:120K # 0K, P:120K)
[9] 0.001940 -0.001447 (2) CM -0.001094 (2) WT +J(CM:2, PgRf:23, Rd:0/1, Dy:0/0, Lg:0/0) +M(C:-12K, Fs:26, WS:80K # 0K, PF:188K # 0K, P:188K)
[10] 0.000445 -0.000288 (1) CM -0.000210 (1) WT +J(CM:1, PgRf:40, Rd:0/1, Dy:0/0, Lg:0/0) +M(C:-4K, Fs:4, WS:12K # 0K, PF:60K # 0K, P:60K)
[11] 0.000016 +J(CM:0, PgRf:1, Rd:0/0, Dy:0/0, Lg:0/0) +M(C:0K, Fs:2, WS:8K # 0K, PF:0K # 0K, P:0K)
[12] 0.000032 +J(CM:0, PgRf:36, Rd:0/0, Dy:0/0, Lg:0/0)
[13] 0.0 +J(0)
[14] 0.0 +J(0)
[15] 0.000013 +J(CM:0, PgRf:1, Rd:0/0, Dy:0/0, Lg:0/0).",0 0,lgposAttach = 00000001:003E:0268,,,,,,,,,,,,,,,,,,,,,,,,,,,,,,,,,,,,,,,,,
2026-01-26T22:03:17.602603Z,"{'#attributes': {'Qualifiers': 32768}, '#text': 6000}",DC01.pirate.htb,Microsoft-Windows-Winlogon,Application,3665,4,,,,D9060000,,,,,,,WSearch,,,,,,,,,,,,,,,,,,,,,,,,,,,,,,,,,,,,,,,,,,,,,,,,,,,,,,,,,,,,,,,
2026-01-26T22:03:17.680797Z,"{'#attributes': {'Qualifiers': 32768}, '#text': 6000}",DC01.pirate.htb,Microsoft-Windows-Winlogon,Application,3666,4,,,,D9060000,,,,,,,SessionEnv,,,,,,,,,,,,,,,,,,,,,,,,,,,,,,,,,,,,,,,,,,,,,,,,,,,,,,,,,,,,,,,
2026-01-26T22:03:37.581939Z,"{'#attributes': {'Qualifiers': 0}, '#text': 260}",DC01.pirate.htb,VMUpgradeHelper,Application,3667,4,,,,,,,,,,,,,,,,,,,,,,,,,,,,,,,,,,,,,,,,,,,,,,,,,,,,,,,,,,,,,,,,,,,,,,,,,,
2026-01-26T22:03:37.581939Z,"{'#attributes': {'Qualifiers': 0}, '#text': 272}",DC01.pirate.htb,VMUpgradeHelper,Application,3668,4,,,,,,,,,,,,,,,,,,,,,,,,,,,,,,,,,,,,,,,,,,,,,,,,,,,,,,,,,,,,,,,,,,,,,,,,,,
2026-01-26T22:03:37.597542Z,"{'#attributes': {'Qualifiers': 0}, '#text': 108}",DC01.pirate.htb,VMTools,Application,3669,4,,,,,,,,,,,,,,,,,,,,,,,,,,,,,,,,,,,,,,,,,,,,,,,,,,,,,,,,,,,,,,,,,,,,,,,,,,
2026-01-26T22:03:37.878787Z,"{'#attributes': {'Qualifiers': 16384}, '#text': 4111}",DC01.pirate.htb,Microsoft-Windows-MSDTC,Application,3670,4,,,,4D005300440054004300,,,,,,,,,,,,,,,,,,,,,,,,,,,,,,,,,,,,,,,,,,,,,,,,,,,,,,,,,,,,,,,,,,,,,,
2026-01-26T22:03:37.931117Z,1532,DC01.pirate.htb,Microsoft-Windows-User Profiles Service,Application,3671,4,,,,,,,,,,,,,,,,,,,,,,,,,,,,,,,,,,,,,,,,,,,,,,,,,,,,,,,,,,,,,,,,,,,,,,,,,,
2026-02-24T23:53:47.154840Z,"{'#attributes': {'Qualifiers': 16384}, '#text': 4625}",DC01,Microsoft-Windows-EventSystem,Application,3672,4,,,,,,,,,,,,,,,,,,,,,,,,,,,,,,,,,,,,,,,,,,,,,,,,,,,,,,,,,,,,,,,86400,,,,SuppressDuplicateDuration,Software\Microsoft\EventSystem\EventLog,,,,,,
2026-01-26T22:03:38.276826Z,38,DC01.pirate.htb,Microsoft-Windows-CertificationAuthority,Application,3673,4,,,,,,pirate-DC01-CA,,,,,,,,,,,,,,,,,,,,,,,,,,,,,,,,,,,,,,,,,,,,,,,,,,,,MSG_I_SERVER_STOPPED,,,,,,,,,,,,,,,,
2026-02-24T23:53:47.169971Z,1531,DC01.pirate.htb,Microsoft-Windows-User Profiles Service,Application,3674,4,,,,,,,,,,,,,,,,,,,,,,,,,,,,,,,,,,,,,,,,,,,,,,,,,,,,,,,,,,,,,,,,,,,,,,,,,,
2026-02-24T23:53:48.662420Z,5615,DC01.pirate.htb,Microsoft-Windows-WMI,Application,3675,4,,,,,,,,,,,,,,,,,,,,,,,,,,,,,,,,,,,,,,,,,,,,,,,,,,,,,,,,,,,,,,,,,,,,,,,,,,
2026-02-24T23:53:49.904659Z,5617,DC01.pirate.htb,Microsoft-Windows-WMI,Application,3676,4,,,,,,,,,,,,,,,,,,,,,,,,,,,,,,,,,,,,,,,,,,,,,,,,,,,,,,,,,,,,,,,,,,,,,,,,,,
2026-02-24T23:54:05.527509Z,"{'#attributes': {'Qualifiers': 0}, '#text': 105}",DC01.pirate.htb,VMTools,Application,3677,4,,,,,,,,,,,,,,,,,,,,,,,,,,,,,,,,,,,,,,,,,,,,,,,,,,,,,,,,,,,,,,,,,,,,,,,,,,
2026-02-24T23:54:06.105625Z,"{'#attributes': {'Qualifiers': 16384}, '#text': 9027}",DC01.pirate.htb,Desktop Window Manager,Application,3678,4,,,,,,,,,,,,,,,,,,,,,,,,,,,,,,,,,,,,,,,,,,,,,,,,,,,,,,,,,,,,,,,,,,,,,,,,,,
2026-02-24T23:54:06.761872Z,"{'#attributes': {'Qualifiers': 0}, '#text': 258}",DC01.pirate.htb,VMUpgradeHelper,Application,3679,4,,,,,,,,,,,,,,,,,,,,,,,,,,,,,,,,,,,,,,,,,,,,,,,,,,,,,,,,,,,,,,,,,,,,,,,,,,
2026-02-24T23:54:06.871250Z,"{'#attributes': {'Qualifiers': 16384}, '#text': 781}",DC01.pirate.htb,Microsoft-Windows-Complus,Application,3680,4,,,,,,,,,,,,,,,,,,,,,,,,,,,,,,,,,,,,,,,,,,,,,,,,,,,,,,,,,,,,,,,86400,,,,SuppressDuplicateDuration,Software\Microsoft\COM3\Eventlog,,,,,,
2026-02-24T23:54:06.980622Z,"{'#attributes': {'Qualifiers': 0}, '#text': 271}",DC01.pirate.htb,VMUpgradeHelper,Application,3681,4,,,,,,,,,,,,,,,,,,,,,,,,,,,,,,,,,,,,,,,,,,,,,,,,,,,,,,,,,,,,,,,,,,,,,,,,,,
2026-02-24T23:54:07.168116Z,"{'#attributes': {'Qualifiers': 16384}, '#text': 4202}",DC01.pirate.htb,Microsoft-Windows-MSDTC 2,Application,3682,4,,,,,,,,,,,,,,,,,,,,,,,,,,,,,,,,,,,,,,,,,,,,,,,,,,,,,,,,,,,,,,,0,0,0,1,0,0,0,0,0,1,Mutual Authentication Required,NT AUTHORITY\NetworkService
2026-02-24T23:54:26.386883Z,"{'#attributes': {'Qualifiers': 0}, '#text': 102}",DC01.pirate.htb,ESENT,Application,3683,4,,,,,,,,,,,,certsrv.exe,"2896,P,98",,,,,,,,,,,,,,,0,10,00,17763,0000,,,,,,,,,,,,,,,,,,,,,,,,,,,,,,,,,,,,,,,,,,
2026-02-24T23:54:26.449403Z,"{'#attributes': {'Qualifiers': 0}, '#text': 105}",DC01.pirate.htb,ESENT,Application,3684,4,,,,,,,,,,,,certsrv.exe,"2896,D,0",,,,,,,,,,,,,,,0,0,"
[1] 0.001216 +J(0) +M(C:0K, Fs:126, WS:488K # 488K, PF:2400K # 2132K, P:2400K)
[2] 0.000701 +J(0) +M(C:3200K, Fs:179, WS:704K # 704K, PF:4112K # 4116K, P:4112K)
[3] 0.000018 +J(0) +M(C:0K, Fs:4, WS:12K # 12K, PF:68K # 64K, P:68K)
[4] 0.000070 +J(0) +M(C:0K, Fs:14, WS:56K # 56K, PF:492K # 492K, P:492K)
[5] 0.000512 +J(0) +M(C:0K, Fs:7, WS:28K # 28K, PF:20K # 20K, P:20K)
[6] 0.008693 +J(0) +M(C:0K, Fs:24, WS:96K # 96K, PF:12K # 12K, P:12K)
[7] 0.038766 -0.035865 (5) WT +J(0) +M(C:0K, Fs:275, WS:1096K # 1096K, PF:1028K # 1028K, P:1028K)
[8] -
[9] -
[10] -
[11] -
[12] -
[13] 0.026383 -0.013459 (6) WT +J(CM:0, PgRf:0, Rd:0/0, Dy:0/0, Lg:616/1) +M(C:0K, Fs:7, WS:-1004K # 16K, PF:-1024K # 12K, P:-1024K)
[14] 0.000023 +J(0) +M(C:0K, Fs:1, WS:4K # 0K, PF:0K # 0K, P:0K)
[15] 0.000191 +J(0) +M(C:0K, Fs:100, WS:400K # 0K, PF:64K # 0K, P:64K)
[16] 0.000481 -0.000259 (1) WT +J(0) +M(C:0K, Fs:3, WS:0K # 0K, PF:0K # 0K, P:0K).",,,,,,,,,,,,,,,,,,,,,,,,,,,,,,,,,,,,,,,,,,,,
2026-02-24T23:54:26.574383Z,"{'#attributes': {'Qualifiers': 0}, '#text': 326}",DC01.pirate.htb,ESENT,Application,3685,4,,,,,,,,,,,,certsrv.exe,"2896,D,50",,,,,,,,,,,,,,,1,C:\Windows\system32\CertLog\pirate-DC01-CA.edb,0,"
[1] 0.000008 +J(0) +M(C:0K, Fs:1, WS:4K # 0K, PF:0K # 0K, P:0K)
[2] 0.001938 -0.001618 (1) WT +J(0) +M(C:0K, Fs:19, WS:8K # 0K, PF:8K # 0K, P:8K)
[3] 0.053896 -0.042351 (6) WT +J(CM:0, PgRf:0, Rd:0/0, Dy:0/0, Lg:3480/2) +M(C:0K, Fs:28, WS:108K # 0K, PF:140K # 0K, P:140K)
[4] 0.000136 +J(0)
[5] -
[6] -
[7] -
[8] 0.002238 -0.001919 (2) CM -0.001785 (2) WT +J(CM:2, PgRf:2, Rd:14/2, Dy:0/0, Lg:0/0) +M(C:0K, Fs:50, WS:200K # 0K, PF:128K # 0K, P:128K)
[9] 0.002051 -0.001795 (3) CM -0.001494 (3) WT +J(CM:3, PgRf:23, Rd:0/2, Dy:0/0, Lg:0/0) +M(C:0K, Fs:29, WS:96K # 0K, PF:196K # 0K, P:196K)
[10] 0.000574 -0.000407 (1) CM -0.000332 (1) WT +J(CM:1, PgRf:40, Rd:0/1, Dy:0/0, Lg:0/0) +M(C:0K, Fs:5, WS:20K # 0K, PF:72K # 0K, P:72K)
[11] 0.000019 +J(CM:0, PgRf:1, Rd:0/0, Dy:0/0, Lg:0/0) +M(C:0K, Fs:2, WS:8K # 0K, PF:0K # 0K, P:0K)
[12] 0.000068 +J(CM:0, PgRf:42, Rd:0/0, Dy:0/0, Lg:0/0)
[13] 0.000001 +J(0)
[14] 0.000001 +J(0)
[15] 0.000008 +J(CM:0, PgRf:1, Rd:0/0, Dy:0/0, Lg:0/0).",0 0,lgposAttach = 00000002:0097:0268,,,,,,,,,,,,,,,,,,,,,,,,,,,,,,,,,,,,,,,,,
2026-02-24T23:54:29.308766Z,"{'#attributes': {'Qualifiers': 32768}, '#text': 6003}",DC01.pirate.htb,Microsoft-Windows-Winlogon,Application,3686,4,,,,D9060000,,,,,,,SessionEnv,,,,,,,,,,,,,,,,,,,,,,,,,,,,,,,,,,,,,,,,,,,,,,,,,,,,,,,,,,,,,,,
2026-02-24T23:54:31.121255Z,"{'#attributes': {'Qualifiers': 32768}, '#text': 6000}",DC01.pirate.htb,Microsoft-Windows-Winlogon,Application,3687,4,,,,D9060000,,,,,,,SessionEnv,,,,,,,,,,,,,,,,,,,,,,,,,,,,,,,,,,,,,,,,,,,,,,,,,,,,,,,,,,,,,,,
2026-02-24T23:54:30.496081Z,1023,DC01.pirate.htb,Microsoft-Windows-Perflib,Application,3688,2,,,,,,,,,,,,,,,,,,,,,,,,,,,,,,,,,,,,,,,,,,,C:\Windows\system32\ntdsperf.dll,,,,,,,,,,,,,,126,,,,,,,,,,,,,,,,,
2026-02-24T23:54:37.369678Z,26,DC01.pirate.htb,Microsoft-Windows-CertificationAuthority,Application,3689,4,,,,,,pirate-DC01-CA,,,DC01.pirate.htb,  DC=,,,,,,,,,,,,,,,,,,,,,,,,,,,,,,,,,,,,,,,,,,,,,,,,MSG_I_SERVER_STARTED,,,,,,,,,,,,,,,,
2026-02-24T23:55:14.579095Z,"{'#attributes': {'Qualifiers': 0}, '#text': 1001}",DC01.pirate.htb,Windows Error Reporting,Application,3690,4,,,,,,,,,,,,,0,,,,,,"
\\?\C:\ProgramData\Microsoft\Windows\WER\Temp\WER6BE4.tmp.WERInternalMetadata.xml
\\?\C:\ProgramData\Microsoft\Windows\WER\Temp\WER6C43.tmp.xml
\\?\C:\ProgramData\Microsoft\Windows\WER\Temp\WER6C42.tmp.csv
\\?\C:\ProgramData\Microsoft\Windows\WER\Temp\WER6CDF.tmp.txt
\\?\C:\Users\Administrator\AppData\Local\Temp\WER6F70.tmp.appcompat.txt
\\?\C:\Users\Administrator\AppData\Local\Temp\WER6FB0.tmp.xml
\\?\C:\ProgramData\Microsoft\Windows\WER\ReportQueue\AppHang_explorer.exe_f0b9bf519149ace2a6ee54d1eb7ecd9bf3e3a_14caadb6_cab_17157039\triagedump.dmp
\\?\C:\ProgramData\Microsoft\Windows\WER\ReportQueue\AppHang_explorer.exe_f0b9bf519149ace2a6ee54d1eb7ecd9bf3e3a_14caadb6_cab_17157039\memory.hdmp",\\?\C:\ProgramData\Microsoft\Windows\WER\ReportQueue\AppHang_explorer.exe_f0b9bf519149ace2a6ee54d1eb7ecd9bf3e3a_14caadb6_cab_17157039,,0,cc83e6b2-ada9-430e-b37e-2ede5d232d35,AppHangB1,4,,0,Not available,0,explorer.exe,10.0.17763.8276,599b6104,9f57,33554432,,,,,,,,,,,,,,,,,,,,,,,,,,,,,,,,,,,,,,,,
2026-02-24T23:55:14.579095Z,"{'#attributes': {'Qualifiers': 0}, '#text': 1002}",DC01.pirate.htb,Application Hang,Application,3691,2,,,,55006E006B006E006F0077006E0000000000,,,,,,,,explorer.exe,10.0.17763.8276,,,,,,,,,,,1568,,,,01dca5e8ed6ec7d2,0,C:\Windows\explorer.exe,cc83e6b2-ada9-430e-b37e-2ede5d232d35,,,Unknown,,,,,,,,,,,,,,,,,,,,,,,,,,,,,,,,,,,,,,,,
2026-02-24T23:55:24.362192Z,"{'#attributes': {'Qualifiers': 0}, '#text': 1001}",DC01.pirate.htb,Windows Error Reporting,Application,3692,4,,,,,,,,,,,,,0,,,,,,"
\\?\C:\ProgramData\Microsoft\Windows\WER\Temp\WER6BE4.tmp.WERInternalMetadata.xml
\\?\C:\ProgramData\Microsoft\Windows\WER\Temp\WER6C43.tmp.xml
\\?\C:\ProgramData\Microsoft\Windows\WER\Temp\WER6C42.tmp.csv
\\?\C:\ProgramData\Microsoft\Windows\WER\Temp\WER6CDF.tmp.txt
\\?\C:\Users\Administrator\AppData\Local\Temp\WER6F70.tmp.appcompat.txt
\\?\C:\Users\Administrator\AppData\Local\Temp\WER6FB0.tmp.xml
\\?\C:\ProgramData\Microsoft\Windows\WER\ReportQueue\AppHang_explorer.exe_f0b9bf519149ace2a6ee54d1eb7ecd9bf3e3a_14caadb6_cab_17157039\triagedump.dmp
\\?\C:\ProgramData\Microsoft\Windows\WER\ReportQueue\AppHang_explorer.exe_f0b9bf519149ace2a6ee54d1eb7ecd9bf3e3a_14caadb6_cab_17157039\memory.hdmp",\\?\C:\ProgramData\Microsoft\Windows\WER\ReportQueue\AppHang_explorer.exe_f0b9bf519149ace2a6ee54d1eb7ecd9bf3e3a_14caadb6_cab_17157039,,0,cc83e6b2-ada9-430e-b37e-2ede5d232d35,AppHangB1,100,,0,Not available,0,explorer.exe,10.0.17763.8276,599b6104,9f57,33554432,,,,,,,,,,,,,,,,,,,,,,,,,,,,,,,,,,,,,,,,
2026-02-24T23:56:07.471634Z,"{'#attributes': {'Qualifiers': 16384}, '#text': 900}",DC01.pirate.htb,Microsoft-Windows-Security-SPP,Application,3693,4,,,,,,,,,,,<explicit>,,,,,,,,,,,,,,,,,,,,,,,,,,,,,,,,,,,,,,,,,,,,,,,,,,,,,,,,,,,,,,,
2026-02-24T23:56:10.535662Z,"{'#attributes': {'Qualifiers': 49152}, '#text': 16394}",DC01.pirate.htb,Microsoft-Windows-Security-SPP,Application,3694,4,,,,,,,,,,,,,,,,,,,,,,,,,,,,,,,,,,,,,,,,,,,,,,,,,,,,,,,,,,,,,,,,,,,,,,,,,,
2026-02-24T23:56:10.895027Z,"{'#attributes': {'Qualifiers': 16384}, '#text': 1066}",DC01.pirate.htb,Microsoft-Windows-Security-SPP,Application,3695,4,,,,,,,,,,,"C:\Windows\system32\sppwinob.dll, msft:spp/windowsfunctionality/agent/7.0, 0x00000000, 0x00000000
C:\Windows\system32\sppobjs.dll, msft:rm/algorithm/inherited/1.0, 0x00000000, 0x00000000
C:\Windows\system32\sppobjs.dll, msft:rm/algorithm/phone/1.0, 0x00000000, 0x00000000
C:\Windows\system32\sppobjs.dll, msft:rm/algorithm/pkey/detect, 0x00000000, 0x00000000
C:\Windows\system32\sppobjs.dll, msft:spp/ActionScheduler/1.0, 0x00000000, 0x00000000
C:\Windows\system32\sppobjs.dll, msft:spp/TaskScheduler/1.0, 0x00000000, 0x00000000
C:\Windows\system32\sppobjs.dll, msft:spp/statecollector/pkey, 0x00000000, 0x00000000
C:\Windows\system32\sppobjs.dll, msft:spp/volume/services/kms/1.0, 0x00000000, 0x00000000
C:\Windows\system32\sppobjs.dll, msft:spp/volume/services/kms/activationinfo/1.0, 0x00000000, 0x00000000
",,,,,,,,,,,,,,,,,,,,,,,,,,,,,,,,,,,,,,,,,,,,,,,,,,,,,,,,,,,,,,,
2026-02-24T23:56:11.477385Z,"{'#attributes': {'Qualifiers': 16384}, '#text': 1003}",DC01.pirate.htb,Microsoft-Windows-Security-SPP,Application,3696,4,,,,,,,,,,,,55c92734-d682-4d71-983e-d6ec3f16059f,"
1: 22105925-48c3-4ff4-a294-f654bb27e390, 1, 0 [(0 [0xC004F014, 0, 0], [(?)(?)(?)(?)(?)(?)(?)(?)])(1 )(2 )(3 )]
2: 281c216a-5957-439b-adf2-aff4098a2bdd, 1, 0 [(0 [0xC004F014, 0, 0], [(?)(?)(?)(?)(?)(?)(?)(?)])(1 )(2 )(3 )]
3: 2e7a9ad1-a849-4b56-babe-17d5a29fe4b4, 1, 0 [(0 [0xC004F014, 0, 0], [(?)(?)(?)(?)(?)(?)(?)(?)])(1 )(2 )(3 )]
4: 3c006fa7-3b03-45a4-93da-63ddc1bdce11, 1, 0 [(0 [0xC004F014, 0, 0], [(?)(?)(?)(?)(?)(?)(?)(?)])(1 )(2 )(3 )]
5: 4285bbda-6219-4c1a-98e9-859e60d669fb, 1, 0 [(0 [0xC004F014, 0, 0], [(?)(?)(?)(?)(?)(?)(?)(?)])(1 )(2 )(3 )]
6: 44a5b4c3-e4b1-483b-81e8-0f78f4d98283, 1, 0 [(0 [0xC004F014, 0, 0], [(?)(?)(?)(?)(?)(?)(?)(?)])(1 )(2 )(3 )]
7: 661f7658-7035-4b4c-9f35-010682943ec2, 1, 0 [(0 [0xC004F014, 0, 0], [(?)(?)(?)(?)(?)(?)(?)(?)])(1 )(2 )(3 )]
8: 6bad0243-1c35-46b2-b8e6-7a853e37413f, 1, 0 [(0 [0xC004F014, 0, 0], [(?)(?)(?)(?)(?)(?)(?)(?)])(1 )(2 )(3 )]
9: 82fcf64d-f9dd-4411-9c79-f2eed16d4eb8, 1, 0 [(0 [0xC004F014, 0, 0], [(?)(?)(?)(?)(?)(?)(?)(?)])(1 )(2 )(3 )]
10: 84e331f6-4279-48c4-ab10-b75139181351, 1, 0 [(0 [0xC004F014, 0, 0], [(?)(?)(?)(?)(?)(?)(?)(?)])(1 )(2 )(3 )]
11: 8ea56c31-fe6e-4d56-9d17-8dc1ab35dd8b, 1, 0 [(0 [0xC004F014, 0, 0], [(?)(?)(?)(?)(?)(?)(?)(?)])(1 )(2 )(3 )]
12: 92114319-12ea-4bca-9d63-8740de9feff3, 1, 1 [(0 )(1 [0x00000000, 1, 0], [(?)( 1 0x00000000)(?)( 2 0x00000000 0 0 msft:rm/algorithm/phone/1.0 0x00000000 0)(?)(?)( 10 0x00000000 msft:rm/algorithm/flags/1.0)(?)])(2 )(3 )]
13: 9db83b52-9904-4326-8957-ebe6feedf37c, 1, 0 [(0 [0xC004F014, 0, 0], [(?)(?)(?)(?)(?)(?)(?)(?)])(1 )(2 )(3 )]
14: c2d23e1f-ee3e-4533-9094-e6dc0b8aa049, 1, 0 [(0 [0xC004F014, 0, 0], [(?)(?)(?)(?)(?)(?)(?)(?)])(1 )(2 )(3 )]
15: d07edbd8-02cb-49b1-8358-f2de7afd8a4d, 1, 0 [(0 [0xC004F014, 0, 0], [(?)(?)(?)(?)(?)(?)(?)(?)])(1 )(2 )(3 )]
16: de32eafd-aaee-4662-9444-c1befb41bde2, 1, 0 [(0 [0xC004F014, 0, 0], [(?)(?)(?)(?)(?)(?)(?)(?)])(1 )(2 )(3 )]
17: e73aabfa-12bc-4705-b551-2dd076bebc7d, 1, 0 [(0 [0xC004F014, 0, 0], [(?)(?)(?)(?)(?)(?)(?)(?)])(1 )(2 )(3 )]
18: e936f630-5125-4a39-b1de-544d6c036491, 1, 0 [(0 [0xC004F014, 0, 0], [(?)(?)(?)(?)(?)(?)(?)(?)])(1 )(2 )(3 )]
19: fd946594-6f0d-4c5c-9bf7-f5f628ecd0b9, 1, 0 [(0 [0xC004F014, 0, 0], [(?)(?)(?)(?)(?)(?)(?)(?)])(1 )(2 )(3 )]

",,,,,,,,,,,,,,,,,,,,,,,,,,,,,,,,,,,,,,,,,,,,,,,,,,,,,,,,,,,,,
2026-02-24T23:56:11.520035Z,"{'#attributes': {'Qualifiers': 16384}, '#text': 902}",DC01.pirate.htb,Microsoft-Windows-Security-SPP,Application,3697,0,,,,,,,,,,,10.0.17763.8276,,,,,,,,,,,,,,,,,,,,,,,,,,,,,,,,,,,,,,,,,,,,,,,,,,,,,,,,,,,,,,,
2026-02-24T23:57:07.322797Z,"{'#attributes': {'Qualifiers': 0}, '#text': 8224}",DC01.pirate.htb,VSS,Application,3698,4,,,,2D20436F64653A2020434F525356434330303030303737332D2043616C6C3A2020434F525356434330303030303735352D205049443A202030303030333737362D205449443A202030303030333734342D20434D443A2020433A5C57696E646F77735C73797374656D33325C76737376632E6578652020202D20557365723A204E616D653A204E5420415554484F524954595C53595354454D2C205349443A532D312D352D313820,,,,,,,,,,,,,,,,,,,,,,,,,,,,,,,,,,,,,,,,,,,,,,,,,,,,,,,,,,,,,,,,,,,,,,
2026-02-24T23:57:51.788750Z,"{'#attributes': {'Qualifiers': 0}, '#text': 1001}",DC01.pirate.htb,Windows Error Reporting,Application,3699,4,,,,,,,,,,,,,0,,,,,,"
\\?\C:\ProgramData\Microsoft\Windows\WER\Temp\WER6BE4.tmp.WERInternalMetadata.xml
\\?\C:\ProgramData\Microsoft\Windows\WER\Temp\WER6C43.tmp.xml
\\?\C:\ProgramData\Microsoft\Windows\WER\Temp\WER6C42.tmp.csv
\\?\C:\ProgramData\Microsoft\Windows\WER\Temp\WER6CDF.tmp.txt
\\?\C:\Users\Administrator\AppData\Local\Temp\WER6F70.tmp.appcompat.txt
\\?\C:\Users\Administrator\AppData\Local\Temp\WER6FB0.tmp.xml
\\?\C:\ProgramData\Microsoft\Windows\WER\ReportQueue\AppHang_explorer.exe_f0b9bf519149ace2a6ee54d1eb7ecd9bf3e3a_14caadb6_cab_17157039\triagedump.dmp
\\?\C:\ProgramData\Microsoft\Windows\WER\ReportQueue\AppHang_explorer.exe_f0b9bf519149ace2a6ee54d1eb7ecd9bf3e3a_14caadb6_cab_17157039\memory.hdmp",\\?\C:\ProgramData\Microsoft\Windows\WER\ReportQueue\AppHang_explorer.exe_f0b9bf519149ace2a6ee54d1eb7ecd9bf3e3a_14caadb6_cab_17157039,,0,cc83e6b2-ada9-430e-b37e-2ede5d232d35,AppHangB1,100,,0,Not available,0,explorer.exe,10.0.17763.8276,599b6104,9f57,33554432,,,,,,,,,,,,,,,,,,,,,,,,,,,,,,,,,,,,,,,,
2026-02-24T23:58:11.709705Z,1001,DC01.pirate.htb,Microsoft-Windows-LoadPerf,Application,3700,4,,,,,,,,,,,,,,,,,,,,,,,,,,,,,,,,,,,,,,,,,,,,,,,,,,,,,,,,,,,LoadPerf,3837000039370000D2050000,12,,WmiApRpl,,,,WmiApRpl,,,,,,,
2026-02-24T23:58:11.771614Z,1000,DC01.pirate.htb,Microsoft-Windows-LoadPerf,Application,3701,4,,,,,,,,,,,,,,,,,,,,,,,,,,,,,,,,,,,,,,,,,,,,,,,,,,,,,,,,,,,LoadPerf,3A3700000A3800003B3700000B380000,16,,WmiApRpl,,,,WmiApRpl,,,,,,,
2026-02-24T23:58:13.853269Z,"{'#attributes': {'Qualifiers': 16384}, '#text': 16384}",DC01.pirate.htb,Microsoft-Windows-Security-SPP,Application,3702,4,,,,,,,,,,,,2126-01-31T23:58:13Z,RulesEngine,,,,,,,,,,,,,,,,,,,,,,,,,,,,,,,,,,,,,,,,,,,,,,,,,,,,,,,,,,,,,
2026-02-24T23:58:13.868894Z,"{'#attributes': {'Qualifiers': 16384}, '#text': 903}",DC01.pirate.htb,Microsoft-Windows-Security-SPP,Application,3703,0,,,,,,,,,,,,,,,,,,,,,,,,,,,,,,,,,,,,,,,,,,,,,,,,,,,,,,,,,,,,,,,,,,,,,,,,,,
2026-02-24T23:58:16.748850Z,"{'#attributes': {'Qualifiers': 49152}, '#text': 16394}",DC01.pirate.htb,Microsoft-Windows-Security-SPP,Application,3704,4,,,,,,,,,,,,,,,,,,,,,,,,,,,,,,,,,,,,,,,,,,,,,,,,,,,,,,,,,,,,,,,,,,,,,,,,,,
2026-02-24T23:58:26.267215Z,"{'#attributes': {'Qualifiers': 0}, '#text': 1001}",DC01.pirate.htb,Windows Error Reporting,Application,3705,4,,,,,,,,,,,,,0,,,,,,"
\\?\C:\ProgramData\Microsoft\Windows\WER\Temp\WER6BE4.tmp.WERInternalMetadata.xml
\\?\C:\ProgramData\Microsoft\Windows\WER\Temp\WER6C43.tmp.xml
\\?\C:\ProgramData\Microsoft\Windows\WER\Temp\WER6C42.tmp.csv
\\?\C:\ProgramData\Microsoft\Windows\WER\Temp\WER6CDF.tmp.txt
\\?\C:\Users\Administrator\AppData\Local\Temp\WER6F70.tmp.appcompat.txt
\\?\C:\Users\Administrator\AppData\Local\Temp\WER6FB0.tmp.xml
\\?\C:\ProgramData\Microsoft\Windows\WER\ReportQueue\AppHang_explorer.exe_f0b9bf519149ace2a6ee54d1eb7ecd9bf3e3a_14caadb6_cab_17157039\triagedump.dmp
\\?\C:\ProgramData\Microsoft\Windows\WER\ReportQueue\AppHang_explorer.exe_f0b9bf519149ace2a6ee54d1eb7ecd9bf3e3a_14caadb6_cab_17157039\memory.hdmp",\\?\C:\ProgramData\Microsoft\Windows\WER\ReportQueue\AppHang_explorer.exe_f0b9bf519149ace2a6ee54d1eb7ecd9bf3e3a_14caadb6_cab_17157039,,0,cc83e6b2-ada9-430e-b37e-2ede5d232d35,AppHangB1,100,,0,Not available,0,explorer.exe,10.0.17763.8276,599b6104,9f57,33554432,,,,,,,,,,,,,,,,,,,,,,,,,,,,,,,,,,,,,,,,
2026-02-24T23:58:47.147515Z,"{'#attributes': {'Qualifiers': 16384}, '#text': 16384}",DC01.pirate.htb,Microsoft-Windows-Security-SPP,Application,3706,4,,,,,,,,,,,,2126-01-31T23:58:47Z,RulesEngine,,,,,,,,,,,,,,,,,,,,,,,,,,,,,,,,,,,,,,,,,,,,,,,,,,,,,,,,,,,,,
2026-02-24T23:58:50.663153Z,"{'#attributes': {'Qualifiers': 49152}, '#text': 16394}",DC01.pirate.htb,Microsoft-Windows-Security-SPP,Application,3707,4,,,,,,,,,,,,,,,,,,,,,,,,,,,,,,,,,,,,,,,,,,,,,,,,,,,,,,,,,,,,,,,,,,,,,,,,,,
2026-02-24T23:59:18.350677Z,"{'#attributes': {'Qualifiers': 0}, '#text': 102}",DC01.pirate.htb,ESENT,Application,3708,4,,,,,,,,,,,,DFSRs,"2960,P,98",,,,,,,,,,,\\.\C:\System Volume Information\DFSR\database_EEE2_E7CF_32B5_74E\dfsr.db: ,,,,0,10,00,17763,0000,,,,,,,,,,,,,,,,,,,,,,,,,,,,,,,,,,,,,,,,,,
2026-02-24T23:59:18.413138Z,"{'#attributes': {'Qualifiers': 0}, '#text': 105}",DC01.pirate.htb,ESENT,Application,3709,4,,,,,,,,,,,,DFSRs,"2960,D,0",,,,,,,,,,,\\.\C:\System Volume Information\DFSR\database_EEE2_E7CF_32B5_74E\dfsr.db: ,,,,0,0,"
[1] 0.005951 +J(0) +M(C:0K, Fs:266, WS:1044K # 1044K, PF:6492K # 6488K, P:6492K)
[2] 0.000343 +J(0) +M(C:16K, Fs:103, WS:404K # 404K, PF:352K # 352K, P:352K)
[3] 0.000031 +J(0) +M(C:0K, Fs:5, WS:16K # 16K, PF:68K # 68K, P:68K)
[4] 0.000364 +J(0) +M(C:2032K, Fs:37, WS:144K # 144K, PF:2428K # 2428K, P:2428K)
[5] 0.001178 +J(0) +M(C:0K, Fs:11, WS:44K # 44K, PF:24K # 24K, P:24K)
[6] 0.001558 +J(0) +M(C:0K, Fs:12, WS:44K # 44K, PF:16K # 16K, P:16K)
[7] -
[8] -
[9] -
[10] -
[11] -
[12] -
[13] 0.047424 -0.033372 (36) WT +J(CM:0, PgRf:0, Rd:0/0, Dy:0/0, Lg:616/1) +M(C:0K, Fs:1418, WS:472K # 5572K, PF:-104K # 5020K, P:-104K)
[14] 0.000021 +J(0) +M(C:0K, Fs:1, WS:4K # 0K, PF:0K # 0K, P:0K)
[15] 0.000132 +J(0) +M(C:0K, Fs:64, WS:256K # 0K, PF:64K # 0K, P:64K)
[16] 0.012637 -0.000186 (3) WT +J(0) +M(C:0K, Fs:5, WS:12K # 0K, PF:0K # 0K, P:0K).",,,,,,,,,,,,,,,,,,,,,,,,,,,,,,,,,,,,,,,,,,,,
2026-02-24T23:59:18.413138Z,"{'#attributes': {'Qualifiers': 0}, '#text': 637}",DC01.pirate.htb,ESENT,Application,3710,4,,,,,,,,,,,,DFSRs,"2960,D,35",,,,,,,,,,,\\.\C:\System Volume Information\DFSR\database_EEE2_E7CF_32B5_74E\dfsr.db: ,,,,\\.\C:\System Volume Information\DFSR\database_EEE2_E7CF_32B5_74E\dfsr.jfm,,,,,,,,,,,,,,,,,,,,,,,,,,,,,,,,,,,,,,,,,,,,,,
2026-02-24T23:59:18.460053Z,"{'#attributes': {'Qualifiers': 0}, '#text': 325}",DC01.pirate.htb,ESENT,Application,3711,4,,,,,,,,,,,,DFSRs,"2960,D,35",,,,,,,,,,,\\.\C:\System Volume Information\DFSR\database_EEE2_E7CF_32B5_74E\dfsr.db: ,,,,1,\\.\C:\System Volume Information\DFSR\database_EEE2_E7CF_32B5_74E\dfsr.db,0,"
[1] 0.000080 +J(0) +M(C:0K, Fs:3, WS:12K # 0K, PF:8K # 0K, P:8K)
[2] 0.003809 -0.001898 (1) WT +J(CM:0, PgRf:0, Rd:0/0, Dy:0/0, Lg:3480/2) +M(C:0K, Fs:1, WS:4K # 0K, PF:0K # 0K, P:0K)
[3] 0.014053 -0.000003 (3) WT +J(0) +M(C:0K, Fs:17, WS:60K # 0K, PF:40K # 0K, P:40K)
[4] 0.000299 +J(0)
[5] 0.000212 +J(CM:0, PgRf:3, Rd:0/0, Dy:3/6, Lg:122/4) +M(C:0K, Fs:36, WS:144K # 0K, PF:148K # 0K, P:148K)
[6] 0.003051 -0.001243 (1) WT +J(CM:0, PgRf:209, Rd:0/0, Dy:12/408, Lg:24454/447) +M(C:0K, Fs:63, WS:252K # 0K, PF:220K # 0K, P:220K)
[7] 0.001478 -0.000756 (1) WT +J(CM:0, PgRf:0, Rd:0/0, Dy:0/0, Lg:4096/2) +M(C:0K, Fs:1, WS:4K # 0K, PF:0K # 0K, P:0K)
[8] 0.000003 +J(0)
[9] 0.018536 -0.017160 (3) WT +J(0) +M(C:-52K, Fs:17, WS:-4K # 0K, PF:32K # 0K, P:32K)
[10] 0.005257 -0.002607 (5) WT +J(CM:0, PgRf:346, Rd:0/0, Dy:7/93, Lg:12509/128) +M(C:12K, Fs:31, WS:116K # 0K, PF:96K # 0K, P:96K)
[11] 0.000004 +J(0).",0 0,lgposCreate = 00000001:0001:0268,,,,,,,,,,,,,,,,,,,,,,,,,,,,,,,,,,,,,,,,,
2026-02-24T23:59:42.100632Z,"{'#attributes': {'Qualifiers': 16384}, '#text': 16384}",DC01.pirate.htb,Microsoft-Windows-Security-SPP,Application,3712,4,,,,,,,,,,,,2126-01-31T23:59:42Z,RulesEngine,,,,,,,,,,,,,,,,,,,,,,,,,,,,,,,,,,,,,,,,,,,,,,,,,,,,,,,,,,,,,
2026-02-24T23:59:54.210012Z,"{'#attributes': {'Qualifiers': 49152}, '#text': 16394}",DC01.pirate.htb,Microsoft-Windows-Security-SPP,Application,3713,4,,,,,,,,,,,,,,,,,,,,,,,,,,,,,,,,,,,,,,,,,,,,,,,,,,,,,,,,,,,,,,,,,,,,,,,,,,
2026-02-25T00:00:28.819379Z,"{'#attributes': {'Qualifiers': 16384}, '#text': 16384}",DC01.pirate.htb,Microsoft-Windows-Security-SPP,Application,3714,4,,,,,,,,,,,,2126-02-01T00:00:28Z,RulesEngine,,,,,,,,,,,,,,,,,,,,,,,,,,,,,,,,,,,,,,,,,,,,,,,,,,,,,,,,,,,,,
2026-02-25T00:00:58.585018Z,"{'#attributes': {'Qualifiers': 49152}, '#text': 16394}",DC01.pirate.htb,Microsoft-Windows-Security-SPP,Application,3715,4,,,,,,,,,,,,,,,,,,,,,,,,,,,,,,,,,,,,,,,,,,,,,,,,,,,,,,,,,,,,,,,,,,,,,,,,,,
2026-02-25T00:01:29.803776Z,"{'#attributes': {'Qualifiers': 16384}, '#text': 16384}",DC01.pirate.htb,Microsoft-Windows-Security-SPP,Application,3716,4,,,,,,,,,,,,2126-02-01T00:01:29Z,RulesEngine,,,,,,,,,,,,,,,,,,,,,,,,,,,,,,,,,,,,,,,,,,,,,,,,,,,,,,,,,,,,,
2026-02-25T00:01:46.210024Z,"{'#attributes': {'Qualifiers': 0}, '#text': 1001}",DC01.pirate.htb,Windows Error Reporting,Application,3717,4,,,,,,,,,,,,1959946062183834799,5,,,,,,"
\\?\C:\ProgramData\Microsoft\Windows\WER\Temp\WER6BE4.tmp.WERInternalMetadata.xml
\\?\C:\ProgramData\Microsoft\Windows\WER\Temp\WER6C43.tmp.xml
\\?\C:\ProgramData\Microsoft\Windows\WER\Temp\WER6C42.tmp.csv
\\?\C:\ProgramData\Microsoft\Windows\WER\Temp\WER6CDF.tmp.txt
\\?\C:\Users\Administrator\AppData\Local\Temp\WER6F70.tmp.appcompat.txt
\\?\C:\Users\Administrator\AppData\Local\Temp\WER6FB0.tmp.xml
\\?\C:\ProgramData\Microsoft\Windows\WER\ReportQueue\AppHang_explorer.exe_f0b9bf519149ace2a6ee54d1eb7ecd9bf3e3a_14caadb6_cab_17157039\triagedump.dmp
\\?\C:\ProgramData\Microsoft\Windows\WER\ReportQueue\AppHang_explorer.exe_f0b9bf519149ace2a6ee54d1eb7ecd9bf3e3a_14caadb6_cab_17157039\memory.hdmp",\\?\C:\ProgramData\Microsoft\Windows\WER\ReportArchive\AppHang_explorer.exe_f0b9bf519149ace2a6ee54d1eb7ecd9bf3e3a_14caadb6_12fba6ad,,0,cc83e6b2-ada9-430e-b37e-2ede5d232d35,AppHangB1,268435556,2da0eaee2b488af0bb33208f2f64a4af,0,Not available,0,explorer.exe,10.0.17763.8276,599b6104,9f57,33554432,,,,,,,,,,,,,,,,,,,,,,,,,,,,,,,,,,,,,,,,
2026-02-25T00:04:11.932225Z,"{'#attributes': {'Qualifiers': 0}, '#text': 8224}",DC01.pirate.htb,VSS,Application,3718,4,,,,2D20436F64653A2020434F525356434330303030303737332D2043616C6C3A2020434F525356434330303030303735352D205049443A202030303030333030342D205449443A202030303030313933322D20434D443A2020433A5C57696E646F77735C73797374656D33325C76737376632E6578652020202D20557365723A204E616D653A204E5420415554484F524954595C53595354454D2C205349443A532D312D352D313820,,,,,,,,,,,,,,,,,,,,,,,,,,,,,,,,,,,,,,,,,,,,,,,,,,,,,,,,,,,,,,,,,,,,,,
2026-02-25T00:04:29.476730Z,"{'#attributes': {'Qualifiers': 16384}, '#text': 1704}",DC01.pirate.htb,SceCli,Application,3719,4,,,,,,,,,,,,,,,,,,,,,,,,,,,,,,,,,,,,,,,,,,,,,,,,,,,,,,,,,,,,,,,,,,,,,,,,,,
2026-02-25T00:04:33.573354Z,"{'#attributes': {'Qualifiers': 0}, '#text': 1001}",DC01.pirate.htb,Windows Error Reporting,Application,3720,4,,,,,,,,,,,,1575859283484278538,5,,,,,,"
\\?\C:\Users\ADMINI~1\AppData\Local\Temp\RDR2C01.tmp\empty.txt
\\?\C:\ProgramData\Microsoft\Windows\WER\Temp\WER2C5F.tmp.WERInternalMetadata.xml
\\?\C:\ProgramData\Microsoft\Windows\WER\Temp\WER2D1C.tmp.xml
\\?\C:\ProgramData\Microsoft\Windows\WER\Temp\WER2D87.tmp.csv
\\?\C:\ProgramData\Microsoft\Windows\WER\Temp\WER2DD6.tmp.txt",,,0,05f5c671-b738-41dc-a911-3478f1239169,RADAR_PRE_LEAK_64,268435456,13cf7518ba3c8c7d15de93ab4814ff0a,0,Not available,0,TiWorker.exe,10.0.17763.8381,10.0.17763.2.0.0,,,,,,,,,,,,,,,,,,,,,,,,,,,,,,,,,,,,,,,,,,
2026-02-25T00:05:01.710009Z,"{'#attributes': {'Qualifiers': 49152}, '#text': 16394}",DC01.pirate.htb,Microsoft-Windows-Security-SPP,Application,3721,4,,,,,,,,,,,,,,,,,,,,,,,,,,,,,,,,,,,,,,,,,,,,,,,,,,,,,,,,,,,,,,,,,,,,,,,,,,
