2026-02-25T00:05:03.991265Z,"{'#attributes': {'Qualifiers': 16384}, '#text': 1034}",DC01.pirate.htb,Microsoft-Windows-Security-SPP,Application,3722,4,,,,,,,,,,,,AAD-WindowsCore-AddAccountRestrictions,100,,,,,,,,,,,,,,,,,,,,,,,,,,,,,,,,,,,,,,,,,,,,,,,,,,,,,,,,,,,,,
2026-02-25T00:05:04.006992Z,"{'#attributes': {'Qualifiers': 16384}, '#text': 1034}",DC01.pirate.htb,Microsoft-Windows-Security-SPP,Application,3723,4,,,,,,,,,,,,Security-SPP-WriteWauMarker,500,,,,,,,,,,,,,,,,,,,,,,,,,,,,,,,,,,,,,,,,,,,,,,,,,,,,,,,,,,,,,
2026-02-25T00:05:04.069307Z,"{'#attributes': {'Qualifiers': 16384}, '#text': 1033}",DC01.pirate.htb,Microsoft-Windows-Security-SPP,Application,3724,4,,,,,,,,,,,,(Security-SPP-Reserved-EnableNotificationMode) ,55c92734-d682-4d71-983e-d6ec3f16059f,,,,,,,,,,,92114319-12ea-4bca-9d63-8740de9feff3,,,,,,,,,,,,,,,,,,,,,,,,,,,,,,,,,,,,,,,,,,,,,,,,,,
2026-02-25T00:05:34.272523Z,"{'#attributes': {'Qualifiers': 16384}, '#text': 16384}",DC01.pirate.htb,Microsoft-Windows-Security-SPP,Application,3725,4,,,,,,,,,,,,2126-02-01T00:05:34Z,RulesEngine,,,,,,,,,,,,,,,,,,,,,,,,,,,,,,,,,,,,,,,,,,,,,,,,,,,,,,,,,,,,,
2026-02-25T00:18:01.364441Z,"{'#attributes': {'Qualifiers': 49152}, '#text': 16394}",DC01.pirate.htb,Microsoft-Windows-Security-SPP,Application,3726,4,,,,,,,,,,,,,,,,,,,,,,,,,,,,,,,,,,,,,,,,,,,,,,,,,,,,,,,,,,,,,,,,,,,,,,,,,,
2026-02-25T00:18:32.100202Z,"{'#attributes': {'Qualifiers': 16384}, '#text': 16384}",DC01.pirate.htb,Microsoft-Windows-Security-SPP,Application,3727,4,,,,,,,,,,,,2126-02-01T00:18:31Z,RulesEngine,,,,,,,,,,,,,,,,,,,,,,,,,,,,,,,,,,,,,,,,,,,,,,,,,,,,,,,,,,,,,
2026-02-25T00:19:32.948243Z,"{'#attributes': {'Qualifiers': 0}, '#text': 1001}",DC01.pirate.htb,Windows Error Reporting,Application,3728,4,,,,,,,,,,,,2149394806000946860,5,,,,,,"
\\?\C:\Users\ADMINI~1\AppData\Local\Temp\RDRE4C5.tmp\empty.txt
\\?\C:\ProgramData\Microsoft\Windows\WER\Temp\WERE4D6.tmp.WERInternalMetadata.xml
\\?\C:\ProgramData\Microsoft\Windows\WER\Temp\WERE554.tmp.xml
\\?\C:\ProgramData\Microsoft\Windows\WER\Temp\WERE5AD.tmp.csv
\\?\C:\ProgramData\Microsoft\Windows\WER\Temp\WERE60B.tmp.txt",,,0,9891d0c7-979b-4f7d-b0a0-be7385db8d75,RADAR_PRE_LEAK_64,268435456,7a45f3cfc3ecdb138dd42f3025c18eac,0,Not available,0,MRT.exe,5.139.26020.1001,10.0.17763.2.0.0,,,,,,,,,,,,,,,,,,,,,,,,,,,,,,,,,,,,,,,,,,
2026-02-25T00:20:47.158040Z,"{'#attributes': {'Qualifiers': 0}, '#text': 102}",DC01.pirate.htb,ESENT,Application,3729,4,,,,,,,,,,,,svchost,"6804,P,98",,,,,,,,,,,DS_Token_DB: ,,,,0,10,00,17763,0000,,,,,,,,,,,,,,,,,,,,,,,,,,,,,,,,,,,,,,,,,,
2026-02-25T00:20:47.173679Z,"{'#attributes': {'Qualifiers': 0}, '#text': 300}",DC01.pirate.htb,ESENT,Application,3730,4,,,,,,,,,,,,svchost,"6804,R,98",,,,,,,,,,,DS_Token_DB: ,,,,,,,,,,,,,,,,,,,,,,,,,,,,,,,,,,,,,,,,,,,,,,,,,,
2026-02-25T00:20:47.220538Z,"{'#attributes': {'Qualifiers': 0}, '#text': 301}",DC01.pirate.htb,ESENT,Application,3731,4,,,,,,,,,,,,svchost,"6804,R,98",,,,,,,,,,,DS_Token_DB: ,,,,C:\Windows\system32\config\systemprofile\AppData\Local\DataSharing\Storage\DSS00002.log,"
[1] 0.046934 -0.014820 (9) WT +J(CM:0, PgRf:0, Rd:0/0, Dy:0/0, Lg:53549/148) +M(C:0K, Fs:108, WS:224K # 168K, PF:156K # 92K, P:156K).",Insert   ,38,,,,,,,,,,,,,,,,,,,,,,,,,,,,,,,,,,,,,,,,,,,
2026-02-25T00:20:47.251788Z,"{'#attributes': {'Qualifiers': 0}, '#text': 301}",DC01.pirate.htb,ESENT,Application,3732,4,,,,,,,,,,,,svchost,"6804,R,98",,,,,,,,,,,DS_Token_DB: ,,,,C:\Windows\system32\config\systemprofile\AppData\Local\DataSharing\Storage\DSS.log,"
[1] 0.002712 -0.000714 (2) WT +J(CM:0, PgRf:0, Rd:0/0, Dy:0/0, Lg:4056/2) +M(C:0K, Fs:2, WS:4K # 4K, PF:0K # 0K, P:0K).",FWriteLog,1,,,,,,,,,,,,,,,,,,,,,,,,,,,,,,,,,,,,,,,,,,,
2026-02-25T00:20:47.314291Z,"{'#attributes': {'Qualifiers': 0}, '#text': 302}",DC01.pirate.htb,ESENT,Application,3733,4,,,,,,,,,,,,svchost,"6804,U,98",,,,,,,,,,,DS_Token_DB: ,,,,,,,,,,,,,,,,,,,,,,,,,,,,,,,,,,,,,,,,,,,,,,,,,,
2026-02-25T00:20:47.329919Z,"{'#attributes': {'Qualifiers': 0}, '#text': 105}",DC01.pirate.htb,ESENT,Application,3734,4,,,,,,,,,,,,svchost,"6804,D,0",,,,,,,,,,,DS_Token_DB: ,,,,0,0,"
[1] 0.002186 +J(0) +M(C:0K, Fs:181, WS:712K # 712K, PF:3212K # 3216K, P:3212K)
[2] 0.000352 +J(0) +M(C:8K, Fs:96, WS:380K # 380K, PF:304K # 300K, P:304K)
[3] 0.000021 +J(0) +M(C:0K, Fs:3, WS:12K # 12K, PF:64K # 64K, P:64K)
[4] 0.000101 +J(0) +M(C:0K, Fs:28, WS:108K # 108K, PF:172K # 172K, P:172K)
[5] 0.001028 +J(0) +M(C:0K, Fs:6, WS:24K # 24K, PF:20K # 20K, P:20K)
[6] 0.004614 +J(0) +M(C:0K, Fs:42, WS:164K # 164K, PF:20K # 20K, P:20K)
[7] 0.003488 -0.001660 (2) WT +J(0) +M(C:0K, Fs:33, WS:132K # 132K, PF:64K # 64K, P:64K)
[8] 0.057457 -0.019808 (13) WT +J(CM:0, PgRf:0, Rd:0/0, Dy:0/0, Lg:53549/148) +M(C:0K, Fs:159, WS:352K # 356K, PF:232K # 236K, P:232K)
[9] 0.023146 -0.008075 (8) WT +J(CM:0, PgRf:0, Rd:0/0, Dy:0/0, Lg:4056/2) +M(C:0K, Fs:12, WS:36K # 32K, PF:0K # 4K, P:0K) + 1 lgens
[10] 0.000665 -0.000418 (1) WT +J(0) +M(C:0K, Fs:0, WS:-60K # 0K, PF:-60K # 0K, P:-60K)
[11] 0.000025 +J(CM:0, PgRf:0, Rd:0/0, Dy:0/0, Lg:49/1) +M(C:0K, Fs:2, WS:8K # 0K, PF:0K # 0K, P:0K)
[12] 0.002801 -0.002080 (1) WT +J(0) +M(C:0K, Fs:1, WS:4K # 0K, PF:0K # 0K, P:0K)
[13] 0.069408 -0.003436 (2) CM -0.036854 (23) WT +J(CM:2, PgRf:2, Rd:0/2, Dy:0/0, Lg:8759/5) +M(C:0K, Fs:70, WS:152K # 168K, PF:212K # 212K, P:212K)
[14] 0.000020 +J(0)
[15] 0.000031 +J(0)
[16] 0.001021 -0.000827 (1) WT +J(0) +M(C:0K, Fs:2, WS:0K # 0K, PF:0K # 0K, P:0K).","lgposV2[] = 00000002:000D:0000 - 00000002:000E:0268 - 00000003:0002:0000 - 00000003:0002:0000 (00000003:0001:0000)
ForwardLogsV2 = 0.080637 s - 1 lgens
cReInits = 3
",,,,,,,,,,,,,,,,,,,,,,,,,,,,,,,,,,,,,,,,,,,
2026-02-25T00:20:47.376865Z,"{'#attributes': {'Qualifiers': 0}, '#text': 326}",DC01.pirate.htb,ESENT,Application,3735,4,,,,,,,,,,,,svchost,"6804,D,50",,,,,,,,,,,DS_Token_DB: ,,,,1,C:\Windows\system32\config\systemprofile\AppData\Local\DataSharing\Storage\DSTokenDB2.dat,0,"
[1] 0.000003 +J(0)
[2] 0.001650 -0.001228 (1) WT +J(0) +M(C:0K, Fs:17, WS:4K # 4K, PF:4K # 0K, P:4K)
[3] 0.030116 -0.013763 (6) WT +J(CM:0, PgRf:0, Rd:0/0, Dy:0/0, Lg:3480/2) +M(C:0K, Fs:11, WS:40K # 0K, PF:40K # 0K, P:40K)
[4] 0.005962 +J(0)
[5] -
[6] -
[7] -
[8] 0.002407 -0.001407 (2) CM -0.001284 (2) WT +J(CM:2, PgRf:2, Rd:4/2, Dy:0/0, Lg:0/0) +M(C:8K, Fs:3, WS:12K # 0K, PF:8K # 0K, P:8K)
[9] 0.005570 -0.005230 (4) CM -0.004743 (4) WT +J(CM:4, PgRf:23, Rd:0/3, Dy:0/0, Lg:0/0) +M(C:0K, Fs:25, WS:88K # 76K, PF:200K # 188K, P:200K)
[10] 0.005308 -0.005168 (3) CM -0.004931 (3) WT +J(CM:3, PgRf:40, Rd:0/3, Dy:0/0, Lg:0/0) +M(C:0K, Fs:6, WS:20K # 20K, PF:120K # 116K, P:120K)
[11] 0.000012 +J(CM:0, PgRf:1, Rd:0/0, Dy:0/0, Lg:0/0) +M(C:0K, Fs:1, WS:4K # 4K, PF:0K # 0K, P:0K)
[12] 0.000046 +J(CM:0, PgRf:42, Rd:0/0, Dy:0/0, Lg:0/0) +M(C:0K, Fs:5, WS:20K # 20K, PF:0K # 0K, P:0K)
[13] 0.0 +J(0)
[14] 0.0 +J(0)
[15] 0.000004 +J(CM:0, PgRf:1, Rd:0/0, Dy:0/0, Lg:0/0).",1 0,lgposAttach = 00000003:0004:0268,,,,,,,,,,,,,,,,,,,,,,,,,,,,,,,,,,,,,,,,,
2026-02-25T00:20:58.433035Z,"{'#attributes': {'Qualifiers': 0}, '#text': 8224}",DC01.pirate.htb,VSS,Application,3736,4,,,,2D20436F64653A2020434F525356434330303030303737332D2043616C6C3A2020434F525356434330303030303735352D205049443A202030303030353838382D205449443A202030303030313736382D20434D443A2020433A5C57696E646F77735C73797374656D33325C76737376632E6578652020202D20557365723A204E616D653A204E5420415554484F524954595C53595354454D2C205349443A532D312D352D313820,,,,,,,,,,,,,,,,,,,,,,,,,,,,,,,,,,,,,,,,,,,,,,,,,,,,,,,,,,,,,,,,,,,,,,
2026-02-25T00:21:31.449883Z,"{'#attributes': {'Qualifiers': 49152}, '#text': 16394}",DC01.pirate.htb,Microsoft-Windows-Security-SPP,Application,3737,4,,,,,,,,,,,,,,,,,,,,,,,,,,,,,,,,,,,,,,,,,,,,,,,,,,,,,,,,,,,,,,,,,,,,,,,,,,
2026-02-25T00:22:40.612218Z,"{'#attributes': {'Qualifiers': 16384}, '#text': 16384}",DC01.pirate.htb,Microsoft-Windows-Security-SPP,Application,3738,4,,,,,,,,,,,,2126-02-01T00:22:40Z,RulesEngine,,,,,,,,,,,,,,,,,,,,,,,,,,,,,,,,,,,,,,,,,,,,,,,,,,,,,,,,,,,,,
2026-02-25T00:26:14.865649Z,"{'#attributes': {'Qualifiers': 49152}, '#text': 16394}",DC01.pirate.htb,Microsoft-Windows-Security-SPP,Application,3739,4,,,,,,,,,,,,,,,,,,,,,,,,,,,,,,,,,,,,,,,,,,,,,,,,,,,,,,,,,,,,,,,,,,,,,,,,,,
2026-02-25T00:26:17.709403Z,"{'#attributes': {'Qualifiers': 32768}, '#text': 6000}",DC01.pirate.htb,Microsoft-Windows-Winlogon,Application,3740,4,,,,D9060000,,,,,,,WSearch,,,,,,,,,,,,,,,,,,,,,,,,,,,,,,,,,,,,,,,,,,,,,,,,,,,,,,,,,,,,,,,
2026-02-25T00:26:17.771899Z,"{'#attributes': {'Qualifiers': 32768}, '#text': 6000}",DC01.pirate.htb,Microsoft-Windows-Winlogon,Application,3741,4,,,,D9060000,,,,,,,SessionEnv,,,,,,,,,,,,,,,,,,,,,,,,,,,,,,,,,,,,,,,,,,,,,,,,,,,,,,,,,,,,,,,
2026-02-25T00:26:47.487185Z,"{'#attributes': {'Qualifiers': 16384}, '#text': 16384}",DC01.pirate.htb,Microsoft-Windows-Security-SPP,Application,3742,4,,,,,,,,,,,,2126-02-01T00:26:47Z,RulesEngine,,,,,,,,,,,,,,,,,,,,,,,,,,,,,,,,,,,,,,,,,,,,,,,,,,,,,,,,,,,,,
2026-02-25T00:27:33.775299Z,"{'#attributes': {'Qualifiers': 0}, '#text': 260}",DC01.pirate.htb,VMUpgradeHelper,Application,3743,4,,,,,,,,,,,,,,,,,,,,,,,,,,,,,,,,,,,,,,,,,,,,,,,,,,,,,,,,,,,,,,,,,,,,,,,,,,
2026-02-25T00:27:33.775299Z,"{'#attributes': {'Qualifiers': 0}, '#text': 272}",DC01.pirate.htb,VMUpgradeHelper,Application,3744,4,,,,,,,,,,,,,,,,,,,,,,,,,,,,,,,,,,,,,,,,,,,,,,,,,,,,,,,,,,,,,,,,,,,,,,,,,,
2026-02-25T00:27:33.790927Z,"{'#attributes': {'Qualifiers': 0}, '#text': 108}",DC01.pirate.htb,VMTools,Application,3745,4,,,,,,,,,,,,,,,,,,,,,,,,,,,,,,,,,,,,,,,,,,,,,,,,,,,,,,,,,,,,,,,,,,,,,,,,,,
2026-02-25T00:27:34.118921Z,1532,DC01.pirate.htb,Microsoft-Windows-User Profiles Service,Application,3746,4,,,,,,,,,,,,,,,,,,,,,,,,,,,,,,,,,,,,,,,,,,,,,,,,,,,,,,,,,,,,,,,,,,,,,,,,,,
2026-02-25T00:27:56.564862Z,"{'#attributes': {'Qualifiers': 16384}, '#text': 4625}",DC01,Microsoft-Windows-EventSystem,Application,3747,4,,,,,,,,,,,,,,,,,,,,,,,,,,,,,,,,,,,,,,,,,,,,,,,,,,,,,,,,,,,,,,,86400,,,,SuppressDuplicateDuration,Software\Microsoft\EventSystem\EventLog,,,,,,
2026-02-25T00:27:34.636810Z,38,DC01.pirate.htb,Microsoft-Windows-CertificationAuthority,Application,3748,4,,,,,,pirate-DC01-CA,,,,,,,,,,,,,,,,,,,,,,,,,,,,,,,,,,,,,,,,,,,,,,,,,,,,MSG_I_SERVER_STOPPED,,,,,,,,,,,,,,,,
2026-02-25T00:27:56.583977Z,1531,DC01.pirate.htb,Microsoft-Windows-User Profiles Service,Application,3749,4,,,,,,,,,,,,,,,,,,,,,,,,,,,,,,,,,,,,,,,,,,,,,,,,,,,,,,,,,,,,,,,,,,,,,,,,,,
2026-02-25T00:27:57.909846Z,5615,DC01.pirate.htb,Microsoft-Windows-WMI,Application,3750,4,,,,,,,,,,,,,,,,,,,,,,,,,,,,,,,,,,,,,,,,,,,,,,,,,,,,,,,,,,,,,,,,,,,,,,,,,,
2026-02-25T00:27:59.980095Z,5617,DC01.pirate.htb,Microsoft-Windows-WMI,Application,3751,4,,,,,,,,,,,,,,,,,,,,,,,,,,,,,,,,,,,,,,,,,,,,,,,,,,,,,,,,,,,,,,,,,,,,,,,,,,
2026-02-25T00:28:15.354887Z,"{'#attributes': {'Qualifiers': 0}, '#text': 105}",DC01.pirate.htb,VMTools,Application,3752,4,,,,,,,,,,,,,,,,,,,,,,,,,,,,,,,,,,,,,,,,,,,,,,,,,,,,,,,,,,,,,,,,,,,,,,,,,,
2026-02-25T00:28:16.401761Z,"{'#attributes': {'Qualifiers': 16384}, '#text': 781}",DC01.pirate.htb,Microsoft-Windows-Complus,Application,3753,4,,,,,,,,,,,,,,,,,,,,,,,,,,,,,,,,,,,,,,,,,,,,,,,,,,,,,,,,,,,,,,,86400,,,,SuppressDuplicateDuration,Software\Microsoft\COM3\Eventlog,,,,,,
2026-02-25T00:28:16.839259Z,"{'#attributes': {'Qualifiers': 0}, '#text': 258}",DC01.pirate.htb,VMUpgradeHelper,Application,3754,4,,,,,,,,,,,,,,,,,,,,,,,,,,,,,,,,,,,,,,,,,,,,,,,,,,,,,,,,,,,,,,,,,,,,,,,,,,
2026-02-25T00:28:17.042379Z,"{'#attributes': {'Qualifiers': 16384}, '#text': 4202}",DC01.pirate.htb,Microsoft-Windows-MSDTC 2,Application,3755,4,,,,,,,,,,,,,,,,,,,,,,,,,,,,,,,,,,,,,,,,,,,,,,,,,,,,,,,,,,,,,,,0,0,0,1,0,0,0,0,0,1,Mutual Authentication Required,NT AUTHORITY\NetworkService
2026-02-25T00:28:17.683013Z,"{'#attributes': {'Qualifiers': 0}, '#text': 271}",DC01.pirate.htb,VMUpgradeHelper,Application,3756,4,,,,,,,,,,,,,,,,,,,,,,,,,,,,,,,,,,,,,,,,,,,,,,,,,,,,,,,,,,,,,,,,,,,,,,,,,,
2026-02-25T00:28:20.780104Z,91,DC01.pirate.htb,Microsoft-Windows-CertificationAuthority,Application,3757,2,,,,,,,,,,,,,,,,,,,,,,,,,,,,,,,,,,,,,,,,,,,,,MSG_E_DS_RETRY,,,,,,,,,,,,,,,,,,,,,,,,,,,,,
2026-02-25T00:28:22.120513Z,"{'#attributes': {'Qualifiers': 0}, '#text': 102}",DC01.pirate.htb,ESENT,Application,3758,4,,,,,,,,,,,,certsrv.exe,"2848,P,98",,,,,,,,,,,,,,,0,10,00,17763,0000,,,,,,,,,,,,,,,,,,,,,,,,,,,,,,,,,,,,,,,,,,
2026-02-25T00:28:22.167401Z,"{'#attributes': {'Qualifiers': 0}, '#text': 105}",DC01.pirate.htb,ESENT,Application,3759,4,,,,,,,,,,,,certsrv.exe,"2848,D,0",,,,,,,,,,,,,,,0,0,"
[1] 0.020515 +J(0) +M(C:0K, Fs:129, WS:504K # 504K, PF:2416K # 2148K, P:2416K)
[2] 0.000560 +J(0) +M(C:3200K, Fs:144, WS:560K # 560K, PF:4104K # 4104K, P:4104K)
[3] 0.000018 +J(0) +M(C:0K, Fs:7, WS:28K # 28K, PF:64K # 64K, P:64K)
[4] 0.000083 +J(0) +M(C:0K, Fs:30, WS:120K # 120K, PF:496K # 496K, P:496K)
[5] 0.000511 +J(0) +M(C:0K, Fs:23, WS:92K # 92K, PF:20K # 24K, P:20K)
[6] 0.004411 +J(0) +M(C:0K, Fs:23, WS:92K # 92K, PF:12K # 8K, P:12K)
[7] 0.025623 -0.018228 (5) WT +J(0) +M(C:0K, Fs:275, WS:1096K # 1096K, PF:1024K # 1024K, P:1024K)
[8] -
[9] -
[10] -
[11] -
[12] -
[13] 0.019835 -0.013258 (6) WT +J(CM:0, PgRf:0, Rd:0/0, Dy:0/0, Lg:616/1) +M(C:0K, Fs:8, WS:-1004K # 16K, PF:-1020K # 12K, P:-1020K)
[14] 0.000021 +J(0) +M(C:0K, Fs:1, WS:4K # 0K, PF:0K # 0K, P:0K)
[15] 0.000257 +J(0) +M(C:0K, Fs:100, WS:400K # 0K, PF:64K # 0K, P:64K)
[16] 0.000948 -0.000776 (1) WT +J(0) +M(C:0K, Fs:2, WS:0K # 0K, PF:0K # 0K, P:0K).",,,,,,,,,,,,,,,,,,,,,,,,,,,,,,,,,,,,,,,,,,,,
2026-02-25T00:28:22.229895Z,"{'#attributes': {'Qualifiers': 0}, '#text': 326}",DC01.pirate.htb,ESENT,Application,3760,4,,,,,,,,,,,,certsrv.exe,"2848,D,50",,,,,,,,,,,,,,,1,C:\Windows\system32\CertLog\pirate-DC01-CA.edb,0,"
[1] 0.000005 +J(0) +M(C:0K, Fs:1, WS:4K # 0K, PF:0K # 0K, P:0K)
[2] 0.007853 -0.007515 (1) WT +J(0) +M(C:0K, Fs:18, WS:8K # 0K, PF:4K # 0K, P:4K)
[3] 0.035848 -0.017231 (6) WT +J(CM:0, PgRf:0, Rd:0/0, Dy:0/0, Lg:3480/2) +M(C:0K, Fs:28, WS:108K # 0K, PF:140K # 0K, P:140K)
[4] 0.000136 +J(0)
[5] -
[6] -
[7] -
[8] 0.002435 -0.002187 (2) CM -0.002080 (2) WT +J(CM:2, PgRf:2, Rd:14/2, Dy:0/0, Lg:0/0) +M(C:0K, Fs:50, WS:200K # 0K, PF:128K # 0K, P:128K)
[9] 0.013825 -0.013392 (3) CM -0.013218 (3) WT +J(CM:3, PgRf:23, Rd:0/2, Dy:0/0, Lg:0/0) +M(C:0K, Fs:22, WS:88K # 0K, PF:196K # 0K, P:196K)
[10] 0.001554 -0.001400 (1) CM -0.001292 (1) WT +J(CM:1, PgRf:40, Rd:0/1, Dy:0/0, Lg:0/0) +M(C:0K, Fs:9, WS:16K # 0K, PF:64K # 0K, P:64K)
[11] 0.000016 +J(CM:0, PgRf:1, Rd:0/0, Dy:0/0, Lg:0/0) +M(C:0K, Fs:2, WS:8K # 0K, PF:0K # 0K, P:0K)
[12] 0.000050 +J(CM:0, PgRf:42, Rd:0/0, Dy:0/0, Lg:0/0)
[13] 0.0 +J(0)
[14] 0.0 +J(0)
[15] 0.000006 +J(CM:0, PgRf:1, Rd:0/0, Dy:0/0, Lg:0/0).",0 0,lgposAttach = 00000002:00A7:0268,,,,,,,,,,,,,,,,,,,,,,,,,,,,,,,,,,,,,,,,,
2026-02-25T00:28:23.131500Z,94,DC01.pirate.htb,Microsoft-Windows-CertificationAuthority,Application,3761,3,,,,,,pirate-DC01-CA,,,,,,,,,,,,,,,,,,,,,,,,,,,,,,,,,,,,,,,,,,,,,,,,,,,,MSG_CA_CERT_NO_AUTH_STORE,,,,,,,,,,,,,,,,
2026-02-25T00:28:23.207139Z,44,DC01.pirate.htb,Microsoft-Windows-CertificationAuthority,Application,3762,2,,,,,,,,,,,,,,,,,,,,,,,,,,,,,,,,,,,,0x8007054b (1355),,The specified domain either does not exist or could not be contacted.,,,,,,Initialize,,,,Windows default,,,,,,,,,,MSG_E_POLICY_ERROR,,,,,,,,,,,"The Active Directory containing the Certification Authority could not be contacted.
",,,,,
2026-02-25T00:28:23.510002Z,26,DC01.pirate.htb,Microsoft-Windows-CertificationAuthority,Application,3763,4,,,,,,pirate-DC01-CA,,,,  DC=,,,,,,,,,,,,,,,,,,,,,,,,,,,,,,,,,,,,,,,,,,,,,,,,MSG_I_SERVER_STARTED,,,,,,,,,,,,,,,,
2026-02-25T00:28:25.542392Z,"{'#attributes': {'Qualifiers': 16384}, '#text': 9027}",DC01.pirate.htb,Desktop Window Manager,Application,3764,4,,,,,,,,,,,,,,,,,,,,,,,,,,,,,,,,,,,,,,,,,,,,,,,,,,,,,,,,,,,,,,,,,,,,,,,,,,
2026-02-25T00:29:01.901762Z,"{'#attributes': {'Qualifiers': 32768}, '#text': 6004}",DC01.pirate.htb,Microsoft-Windows-Winlogon,Application,3765,3,,,,69060000,,,,,,,TrustedInstaller,,,,,,,,,,,,,,,,,,,,,,,,,,,,,,,,,,,,,,,,,,,,,,,,,,,,,,,,,,,,,,,
2026-02-25T00:29:02.854924Z,"{'#attributes': {'Qualifiers': 0}, '#text': 260}",DC01.pirate.htb,VMUpgradeHelper,Application,3766,4,,,,,,,,,,,,,,,,,,,,,,,,,,,,,,,,,,,,,,,,,,,,,,,,,,,,,,,,,,,,,,,,,,,,,,,,,,
2026-02-25T00:29:02.854924Z,"{'#attributes': {'Qualifiers': 0}, '#text': 272}",DC01.pirate.htb,VMUpgradeHelper,Application,3767,4,,,,,,,,,,,,,,,,,,,,,,,,,,,,,,,,,,,,,,,,,,,,,,,,,,,,,,,,,,,,,,,,,,,,,,,,,,
2026-02-25T00:29:02.870519Z,"{'#attributes': {'Qualifiers': 0}, '#text': 108}",DC01.pirate.htb,VMTools,Application,3768,4,,,,,,,,,,,,,,,,,,,,,,,,,,,,,,,,,,,,,,,,,,,,,,,,,,,,,,,,,,,,,,,,,,,,,,,,,,
2026-02-25T00:29:03.073642Z,"{'#attributes': {'Qualifiers': 16384}, '#text': 4111}",DC01.pirate.htb,Microsoft-Windows-MSDTC,Application,3769,4,,,,4D005300440054004300,,,,,,,,,,,,,,,,,,,,,,,,,,,,,,,,,,,,,,,,,,,,,,,,,,,,,,,,,,,,,,,,,,,,,,
2026-02-25T00:29:03.129196Z,1532,DC01.pirate.htb,Microsoft-Windows-User Profiles Service,Application,3770,4,,,,,,,,,,,,,,,,,,,,,,,,,,,,,,,,,,,,,,,,,,,,,,,,,,,,,,,,,,,,,,,,,,,,,,,,,,
2026-02-25T00:29:28.313692Z,"{'#attributes': {'Qualifiers': 16384}, '#text': 4625}",DC01,Microsoft-Windows-EventSystem,Application,3771,4,,,,,,,,,,,,,,,,,,,,,,,,,,,,,,,,,,,,,,,,,,,,,,,,,,,,,,,,,,,,,,,86400,,,,SuppressDuplicateDuration,Software\Microsoft\EventSystem\EventLog,,,,,,
2026-02-25T00:29:03.402218Z,38,DC01.pirate.htb,Microsoft-Windows-CertificationAuthority,Application,3772,4,,,,,,pirate-DC01-CA,,,,,,,,,,,,,,,,,,,,,,,,,,,,,,,,,,,,,,,,,,,,,,,,,,,,MSG_I_SERVER_STOPPED,,,,,,,,,,,,,,,,
2026-02-25T00:29:28.321615Z,1531,DC01.pirate.htb,Microsoft-Windows-User Profiles Service,Application,3773,4,,,,,,,,,,,,,,,,,,,,,,,,,,,,,,,,,,,,,,,,,,,,,,,,,,,,,,,,,,,,,,,,,,,,,,,,,,
2026-02-25T00:29:29.834889Z,5615,DC01.pirate.htb,Microsoft-Windows-WMI,Application,3774,4,,,,,,,,,,,,,,,,,,,,,,,,,,,,,,,,,,,,,,,,,,,,,,,,,,,,,,,,,,,,,,,,,,,,,,,,,,
2026-02-25T00:29:31.572948Z,5617,DC01.pirate.htb,Microsoft-Windows-WMI,Application,3775,4,,,,,,,,,,,,,,,,,,,,,,,,,,,,,,,,,,,,,,,,,,,,,,,,,,,,,,,,,,,,,,,,,,,,,,,,,,
2026-02-25T00:29:49.372350Z,"{'#attributes': {'Qualifiers': 0}, '#text': 105}",DC01.pirate.htb,VMTools,Application,3776,4,,,,,,,,,,,,,,,,,,,,,,,,,,,,,,,,,,,,,,,,,,,,,,,,,,,,,,,,,,,,,,,,,,,,,,,,,,
2026-02-25T00:29:49.856733Z,"{'#attributes': {'Qualifiers': 16384}, '#text': 9027}",DC01.pirate.htb,Desktop Window Manager,Application,3777,4,,,,,,,,,,,,,,,,,,,,,,,,,,,,,,,,,,,,,,,,,,,,,,,,,,,,,,,,,,,,,,,,,,,,,,,,,,
2026-02-25T00:29:50.934854Z,"{'#attributes': {'Qualifiers': 16384}, '#text': 781}",DC01.pirate.htb,Microsoft-Windows-Complus,Application,3778,4,,,,,,,,,,,,,,,,,,,,,,,,,,,,,,,,,,,,,,,,,,,,,,,,,,,,,,,,,,,,,,,86400,,,,SuppressDuplicateDuration,Software\Microsoft\COM3\Eventlog,,,,,,
2026-02-25T00:29:51.278615Z,"{'#attributes': {'Qualifiers': 0}, '#text': 258}",DC01.pirate.htb,VMUpgradeHelper,Application,3779,4,,,,,,,,,,,,,,,,,,,,,,,,,,,,,,,,,,,,,,,,,,,,,,,,,,,,,,,,,,,,,,,,,,,,,,,,,,
2026-02-25T00:29:51.966100Z,"{'#attributes': {'Qualifiers': 0}, '#text': 271}",DC01.pirate.htb,VMUpgradeHelper,Application,3780,4,,,,,,,,,,,,,,,,,,,,,,,,,,,,,,,,,,,,,,,,,,,,,,,,,,,,,,,,,,,,,,,,,,,,,,,,,,
2026-02-25T00:29:52.825472Z,"{'#attributes': {'Qualifiers': 16384}, '#text': 4202}",DC01.pirate.htb,Microsoft-Windows-MSDTC 2,Application,3781,4,,,,,,,,,,,,,,,,,,,,,,,,,,,,,,,,,,,,,,,,,,,,,,,,,,,,,,,,,,,,,,,0,0,0,1,0,0,0,0,0,1,Mutual Authentication Required,NT AUTHORITY\NetworkService
2026-02-25T00:29:54.856464Z,91,DC01.pirate.htb,Microsoft-Windows-CertificationAuthority,Application,3782,2,,,,,,,,,,,,,,,,,,,,,,,,,,,,,,,,,,,,,,,,,,,,,MSG_E_DS_RETRY,,,,,,,,,,,,,,,,,,,,,,,,,,,,,
2026-02-25T00:29:55.747354Z,"{'#attributes': {'Qualifiers': 0}, '#text': 102}",DC01.pirate.htb,ESENT,Application,3783,4,,,,,,,,,,,,certsrv.exe,"2848,P,98",,,,,,,,,,,,,,,0,10,00,17763,0000,,,,,,,,,,,,,,,,,,,,,,,,,,,,,,,,,,,,,,,,,,
2026-02-25T00:29:56.028598Z,"{'#attributes': {'Qualifiers': 0}, '#text': 105}",DC01.pirate.htb,ESENT,Application,3784,4,,,,,,,,,,,,certsrv.exe,"2848,D,0",,,,,,,,,,,,,,,0,0,"
[1] 0.001093 +J(0) +M(C:0K, Fs:129, WS:504K # 504K, PF:2416K # 2148K, P:2416K)
[2] 0.000680 +J(0) +M(C:3200K, Fs:142, WS:556K # 552K, PF:4108K # 4108K, P:4108K)
[3] 0.000022 +J(0) +M(C:0K, Fs:6, WS:20K # 24K, PF:64K # 64K, P:64K)
[4] 0.000093 +J(0) +M(C:0K, Fs:29, WS:116K # 116K, PF:492K # 492K, P:492K)
[5] 0.000636 +J(0) +M(C:0K, Fs:31, WS:120K # 120K, PF:32K # 32K, P:32K)
[6] 0.245717 +J(0) +M(C:0K, Fs:23, WS:92K # 92K, PF:12K # 12K, P:12K)
[7] 0.022761 -0.017170 (5) WT +J(0) +M(C:0K, Fs:275, WS:1096K # 1096K, PF:1028K # 1028K, P:1028K)
[8] -
[9] -
[10] -
[11] -
[12] -
[13] 0.015242 -0.010526 (6) WT +J(CM:0, PgRf:0, Rd:0/0, Dy:0/0, Lg:616/1) +M(C:0K, Fs:7, WS:-1004K # 16K, PF:-1024K # 12K, P:-1024K)
[14] 0.000021 +J(0) +M(C:0K, Fs:1, WS:4K # 0K, PF:0K # 0K, P:0K)
[15] 0.000227 +J(0) +M(C:0K, Fs:100, WS:400K # 0K, PF:64K # 0K, P:64K)
[16] 0.001212 -0.001021 (1) WT +J(0) +M(C:0K, Fs:2, WS:0K # 0K, PF:0K # 0K, P:0K).",,,,,,,,,,,,,,,,,,,,,,,,,,,,,,,,,,,,,,,,,,,,
2026-02-25T00:29:56.059853Z,"{'#attributes': {'Qualifiers': 0}, '#text': 326}",DC01.pirate.htb,ESENT,Application,3785,4,,,,,,,,,,,,certsrv.exe,"2848,D,50",,,,,,,,,,,,,,,1,C:\Windows\system32\CertLog\pirate-DC01-CA.edb,0,"
[1] 0.000005 +J(0) +M(C:0K, Fs:1, WS:4K # 0K, PF:0K # 0K, P:0K)
[2] 0.002019 -0.001748 (1) WT +J(0) +M(C:0K, Fs:18, WS:8K # 0K, PF:4K # 0K, P:4K)
[3] 0.021071 -0.014508 (6) WT +J(CM:0, PgRf:0, Rd:0/0, Dy:0/0, Lg:3480/2) +M(C:0K, Fs:31, WS:112K # 0K, PF:164K # 0K, P:164K)
[4] 0.000123 +J(0)
[5] -
[6] -
[7] -
[8] 0.002434 -0.002141 (2) CM -0.002011 (2) WT +J(CM:2, PgRf:2, Rd:14/2, Dy:0/0, Lg:0/0) +M(C:0K, Fs:50, WS:200K # 0K, PF:128K # 0K, P:128K)
[9] 0.005726 -0.005466 (3) CM -0.005303 (3) WT +J(CM:3, PgRf:23, Rd:0/2, Dy:0/0, Lg:0/0) +M(C:0K, Fs:22, WS:88K # 0K, PF:196K # 0K, P:196K)
[10] 0.001403 -0.001267 (1) CM -0.001202 (1) WT +J(CM:1, PgRf:40, Rd:0/1, Dy:0/0, Lg:0/0) +M(C:0K, Fs:3, WS:12K # 0K, PF:64K # 0K, P:64K)
[11] 0.000015 +J(CM:0, PgRf:1, Rd:0/0, Dy:0/0, Lg:0/0) +M(C:0K, Fs:2, WS:8K # 0K, PF:0K # 0K, P:0K)
[12] 0.000049 +J(CM:0, PgRf:42, Rd:0/0, Dy:0/0, Lg:0/0)
[13] 0.000001 +J(0)
[14] 0.0 +J(0)
[15] 0.000006 +J(CM:0, PgRf:1, Rd:0/0, Dy:0/0, Lg:0/0).",0 0,lgposAttach = 00000002:00B0:0268,,,,,,,,,,,,,,,,,,,,,,,,,,,,,,,,,,,,,,,,,
2026-02-25T00:29:56.436442Z,94,DC01.pirate.htb,Microsoft-Windows-CertificationAuthority,Application,3786,3,,,,,,pirate-DC01-CA,,,,,,,,,,,,,,,,,,,,,,,,,,,,,,,,,,,,,,,,,,,,,,,,,,,,MSG_CA_CERT_NO_AUTH_STORE,,,,,,,,,,,,,,,,
2026-02-25T00:29:56.628200Z,44,DC01.pirate.htb,Microsoft-Windows-CertificationAuthority,Application,3787,2,,,,,,,,,,,,,,,,,,,,,,,,,,,,,,,,,,,,0x8007054b (1355),,The specified domain either does not exist or could not be contacted.,,,,,,Initialize,,,,Windows default,,,,,,,,,,MSG_E_POLICY_ERROR,,,,,,,,,,,"The Active Directory containing the Certification Authority could not be contacted.
",,,,,
2026-02-25T00:29:56.642444Z,26,DC01.pirate.htb,Microsoft-Windows-CertificationAuthority,Application,3788,4,,,,,,pirate-DC01-CA,,,,  DC=,,,,,,,,,,,,,,,,,,,,,,,,,,,,,,,,,,,,,,,,,,,,,,,,MSG_I_SERVER_STARTED,,,,,,,,,,,,,,,,
2026-02-25T00:30:08.716108Z,"{'#attributes': {'Qualifiers': 32768}, '#text': 6003}",DC01.pirate.htb,Microsoft-Windows-Winlogon,Application,3789,4,,,,D9060000,,,,,,,SessionEnv,,,,,,,,,,,,,,,,,,,,,,,,,,,,,,,,,,,,,,,,,,,,,,,,,,,,,,,,,,,,,,,
2026-02-25T00:30:10.262985Z,"{'#attributes': {'Qualifiers': 32768}, '#text': 6000}",DC01.pirate.htb,Microsoft-Windows-Winlogon,Application,3790,4,,,,D9060000,,,,,,,SessionEnv,,,,,,,,,,,,,,,,,,,,,,,,,,,,,,,,,,,,,,,,,,,,,,,,,,,,,,,,,,,,,,,
2026-02-25T00:30:56.953803Z,"{'#attributes': {'Qualifiers': 16384}, '#text': 900}",DC01.pirate.htb,Microsoft-Windows-Security-SPP,Application,3791,4,,,,,,,,,,,TriggerStarted:6,,,,,,,,,,,,,,,,,,,,,,,,,,,,,,,,,,,,,,,,,,,,,,,,,,,,,,,,,,,,,,,
2026-02-25T00:30:57.172524Z,"{'#attributes': {'Qualifiers': 49152}, '#text': 16394}",DC01.pirate.htb,Microsoft-Windows-Security-SPP,Application,3792,4,,,,,,,,,,,,,,,,,,,,,,,,,,,,,,,,,,,,,,,,,,,,,,,,,,,,,,,,,,,,,,,,,,,,,,,,,,
2026-02-25T00:30:57.266276Z,"{'#attributes': {'Qualifiers': 16384}, '#text': 1066}",DC01.pirate.htb,Microsoft-Windows-Security-SPP,Application,3793,4,,,,,,,,,,,"C:\Windows\system32\sppwinob.dll, msft:spp/windowsfunctionality/agent/7.0, 0x00000000, 0x00000000
C:\Windows\system32\sppobjs.dll, msft:rm/algorithm/inherited/1.0, 0x00000000, 0x00000000
C:\Windows\system32\sppobjs.dll, msft:rm/algorithm/phone/1.0, 0x00000000, 0x00000000
C:\Windows\system32\sppobjs.dll, msft:rm/algorithm/pkey/detect, 0x00000000, 0x00000000
C:\Windows\system32\sppobjs.dll, msft:spp/ActionScheduler/1.0, 0x00000000, 0x00000000
C:\Windows\system32\sppobjs.dll, msft:spp/TaskScheduler/1.0, 0x00000000, 0x00000000
C:\Windows\system32\sppobjs.dll, msft:spp/statecollector/pkey, 0x00000000, 0x00000000
C:\Windows\system32\sppobjs.dll, msft:spp/volume/services/kms/1.0, 0x00000000, 0x00000000
C:\Windows\system32\sppobjs.dll, msft:spp/volume/services/kms/activationinfo/1.0, 0x00000000, 0x00000000
",,,,,,,,,,,,,,,,,,,,,,,,,,,,,,,,,,,,,,,,,,,,,,,,,,,,,,,,,,,,,,,
2026-02-25T00:30:58.781909Z,"{'#attributes': {'Qualifiers': 16384}, '#text': 1034}",DC01.pirate.htb,Microsoft-Windows-Security-SPP,Application,3794,4,,,,,,,,,,,,AAD-WindowsCore-AddAccountRestrictions,100,,,,,,,,,,,,,,,,,,,,,,,,,,,,,,,,,,,,,,,,,,,,,,,,,,,,,,,,,,,,,
2026-02-25T00:30:58.813142Z,"{'#attributes': {'Qualifiers': 16384}, '#text': 1034}",DC01.pirate.htb,Microsoft-Windows-Security-SPP,Application,3795,4,,,,,,,,,,,,Security-SPP-WriteWauMarker,500,,,,,,,,,,,,,,,,,,,,,,,,,,,,,,,,,,,,,,,,,,,,,,,,,,,,,,,,,,,,,
2026-02-25T00:30:58.813142Z,"{'#attributes': {'Qualifiers': 16384}, '#text': 1033}",DC01.pirate.htb,Microsoft-Windows-Security-SPP,Application,3796,4,,,,,,,,,,,,(Security-SPP-Reserved-EnableNotificationMode) ,55c92734-d682-4d71-983e-d6ec3f16059f,,,,,,,,,,,92114319-12ea-4bca-9d63-8740de9feff3,,,,,,,,,,,,,,,,,,,,,,,,,,,,,,,,,,,,,,,,,,,,,,,,,,
2026-02-25T00:30:58.906895Z,"{'#attributes': {'Qualifiers': 16384}, '#text': 1003}",DC01.pirate.htb,Microsoft-Windows-Security-SPP,Application,3797,4,,,,,,,,,,,,55c92734-d682-4d71-983e-d6ec3f16059f,"
1: 22105925-48c3-4ff4-a294-f654bb27e390, 1, 0 [(0 [0xC004F014, 0, 0], [(?)(?)(?)(?)(?)(?)(?)(?)])(1 )(2 )(3 )]
2: 281c216a-5957-439b-adf2-aff4098a2bdd, 1, 0 [(0 [0xC004F014, 0, 0], [(?)(?)(?)(?)(?)(?)(?)(?)])(1 )(2 )(3 )]
3: 2e7a9ad1-a849-4b56-babe-17d5a29fe4b4, 1, 0 [(0 [0xC004F014, 0, 0], [(?)(?)(?)(?)(?)(?)(?)(?)])(1 )(2 )(3 )]
4: 3c006fa7-3b03-45a4-93da-63ddc1bdce11, 1, 0 [(0 [0xC004F014, 0, 0], [(?)(?)(?)(?)(?)(?)(?)(?)])(1 )(2 )(3 )]
5: 4285bbda-6219-4c1a-98e9-859e60d669fb, 1, 0 [(0 [0xC004F014, 0, 0], [(?)(?)(?)(?)(?)(?)(?)(?)])(1 )(2 )(3 )]
6: 44a5b4c3-e4b1-483b-81e8-0f78f4d98283, 1, 0 [(0 [0xC004F014, 0, 0], [(?)(?)(?)(?)(?)(?)(?)(?)])(1 )(2 )(3 )]
7: 661f7658-7035-4b4c-9f35-010682943ec2, 1, 0 [(0 [0xC004F014, 0, 0], [(?)(?)(?)(?)(?)(?)(?)(?)])(1 )(2 )(3 )]
8: 6bad0243-1c35-46b2-b8e6-7a853e37413f, 1, 0 [(0 [0xC004F014, 0, 0], [(?)(?)(?)(?)(?)(?)(?)(?)])(1 )(2 )(3 )]
9: 82fcf64d-f9dd-4411-9c79-f2eed16d4eb8, 1, 0 [(0 [0xC004F014, 0, 0], [(?)(?)(?)(?)(?)(?)(?)(?)])(1 )(2 )(3 )]
10: 84e331f6-4279-48c4-ab10-b75139181351, 1, 0 [(0 [0xC004F014, 0, 0], [(?)(?)(?)(?)(?)(?)(?)(?)])(1 )(2 )(3 )]
11: 8ea56c31-fe6e-4d56-9d17-8dc1ab35dd8b, 1, 0 [(0 [0xC004F014, 0, 0], [(?)(?)(?)(?)(?)(?)(?)(?)])(1 )(2 )(3 )]
12: 92114319-12ea-4bca-9d63-8740de9feff3, 1, 0 [(0 )(1 [0x00000000, 1, 0], [(?)( 1 0x00000000)(?)( 2 0x00000000 0 0 msft:rm/algorithm/phone/1.0 0x00000000 0)(?)(?)( 10 0x00000000 msft:rm/algorithm/flags/1.0)(?)])(2 )(3 )]
13: 9db83b52-9904-4326-8957-ebe6feedf37c, 1, 0 [(0 [0xC004F014, 0, 0], [(?)(?)(?)(?)(?)(?)(?)(?)])(1 )(2 )(3 )]
14: c2d23e1f-ee3e-4533-9094-e6dc0b8aa049, 1, 0 [(0 [0xC004F014, 0, 0], [(?)(?)(?)(?)(?)(?)(?)(?)])(1 )(2 )(3 )]
15: d07edbd8-02cb-49b1-8358-f2de7afd8a4d, 1, 0 [(0 [0xC004F014, 0, 0], [(?)(?)(?)(?)(?)(?)(?)(?)])(1 )(2 )(3 )]
16: de32eafd-aaee-4662-9444-c1befb41bde2, 1, 0 [(0 [0xC004F014, 0, 0], [(?)(?)(?)(?)(?)(?)(?)(?)])(1 )(2 )(3 )]
17: e73aabfa-12bc-4705-b551-2dd076bebc7d, 1, 0 [(0 [0xC004F014, 0, 0], [(?)(?)(?)(?)(?)(?)(?)(?)])(1 )(2 )(3 )]
18: e936f630-5125-4a39-b1de-544d6c036491, 1, 0 [(0 [0xC004F014, 0, 0], [(?)(?)(?)(?)(?)(?)(?)(?)])(1 )(2 )(3 )]
19: fd946594-6f0d-4c5c-9bf7-f5f628ecd0b9, 1, 0 [(0 [0xC004F014, 0, 0], [(?)(?)(?)(?)(?)(?)(?)(?)])(1 )(2 )(3 )]

",,,,,,,,,,,,,,,,,,,,,,,,,,,,,,,,,,,,,,,,,,,,,,,,,,,,,,,,,,,,,
2026-02-25T00:30:58.985019Z,"{'#attributes': {'Qualifiers': 16384}, '#text': 902}",DC01.pirate.htb,Microsoft-Windows-Security-SPP,Application,3798,0,,,,,,,,,,,10.0.17763.8385,,,,,,,,,,,,,,,,,,,,,,,,,,,,,,,,,,,,,,,,,,,,,,,,,,,,,,,,,,,,,,,
2026-02-25T00:31:29.406773Z,"{'#attributes': {'Qualifiers': 16384}, '#text': 16384}",DC01.pirate.htb,Microsoft-Windows-Security-SPP,Application,3799,4,,,,,,,,,,,,2126-02-01T00:31:29Z,RulesEngine,,,,,,,,,,,,,,,,,,,,,,,,,,,,,,,,,,,,,,,,,,,,,,,,,,,,,,,,,,,,,
2026-02-25T00:31:29.422394Z,"{'#attributes': {'Qualifiers': 16384}, '#text': 903}",DC01.pirate.htb,Microsoft-Windows-Security-SPP,Application,3800,0,,,,,,,,,,,,,,,,,,,,,,,,,,,,,,,,,,,,,,,,,,,,,,,,,,,,,,,,,,,,,,,,,,,,,,,,,,
2026-02-25T00:31:50.799763Z,"{'#attributes': {'Qualifiers': 16384}, '#text': 900}",DC01.pirate.htb,Microsoft-Windows-Security-SPP,Application,3801,4,,,,,,,,,,,<explicit>,,,,,,,,,,,,,,,,,,,,,,,,,,,,,,,,,,,,,,,,,,,,,,,,,,,,,,,,,,,,,,,
2026-02-25T00:31:51.315390Z,"{'#attributes': {'Qualifiers': 49152}, '#text': 16394}",DC01.pirate.htb,Microsoft-Windows-Security-SPP,Application,3802,4,,,,,,,,,,,,,,,,,,,,,,,,,,,,,,,,,,,,,,,,,,,,,,,,,,,,,,,,,,,,,,,,,,,,,,,,,,
2026-02-25T00:32:21.759281Z,"{'#attributes': {'Qualifiers': 16384}, '#text': 16384}",DC01.pirate.htb,Microsoft-Windows-Security-SPP,Application,3803,4,,,,,,,,,,,,2126-02-01T00:32:21Z,RulesEngine,,,,,,,,,,,,,,,,,,,,,,,,,,,,,,,,,,,,,,,,,,,,,,,,,,,,,,,,,,,,,
2026-02-25T00:32:55.147886Z,"{'#attributes': {'Qualifiers': 0}, '#text': 8224}",DC01.pirate.htb,VSS,Application,3804,4,,,,2D20436F64653A2020434F525356434330303030303737332D2043616C6C3A2020434F525356434330303030303735352D205049443A202030303030343230302D205449443A202030303030343233362D20434D443A2020433A5C57696E646F77735C73797374656D33325C76737376632E6578652020202D20557365723A204E616D653A204E5420415554484F524954595C53595354454D2C205349443A532D312D352D313820,,,,,,,,,,,,,,,,,,,,,,,,,,,,,,,,,,,,,,,,,,,,,,,,,,,,,,,,,,,,,,,,,,,,,,
2026-02-25T00:32:57.260574Z,"{'#attributes': {'Qualifiers': 49152}, '#text': 16394}",DC01.pirate.htb,Microsoft-Windows-Security-SPP,Application,3805,4,,,,,,,,,,,,,,,,,,,,,,,,,,,,,,,,,,,,,,,,,,,,,,,,,,,,,,,,,,,,,,,,,,,,,,,,,,
2026-02-25T00:33:28.121928Z,"{'#attributes': {'Qualifiers': 16384}, '#text': 16384}",DC01.pirate.htb,Microsoft-Windows-Security-SPP,Application,3806,4,,,,,,,,,,,,2126-02-01T00:33:28Z,RulesEngine,,,,,,,,,,,,,,,,,,,,,,,,,,,,,,,,,,,,,,,,,,,,,,,,,,,,,,,,,,,,,
2026-02-25T00:34:58.357745Z,"{'#attributes': {'Qualifiers': 0}, '#text': 102}",DC01.pirate.htb,ESENT,Application,3807,4,,,,,,,,,,,,DFSRs,"2932,P,98",,,,,,,,,,,\\.\C:\System Volume Information\DFSR\database_EEE2_E7CF_32B5_74E\dfsr.db: ,,,,0,10,00,17763,0000,,,,,,,,,,,,,,,,,,,,,,,,,,,,,,,,,,,,,,,,,,
2026-02-25T00:34:58.467116Z,"{'#attributes': {'Qualifiers': 0}, '#text': 105}",DC01.pirate.htb,ESENT,Application,3808,4,,,,,,,,,,,,DFSRs,"2932,D,0",,,,,,,,,,,\\.\C:\System Volume Information\DFSR\database_EEE2_E7CF_32B5_74E\dfsr.db: ,,,,0,0,"
[1] 0.052213 +J(0) +M(C:0K, Fs:259, WS:936K # 936K, PF:6252K # 6252K, P:6252K)
[2] 0.000390 +J(0) +M(C:16K, Fs:96, WS:376K # 376K, PF:320K # 320K, P:320K)
[3] 0.000027 +J(0) +M(C:0K, Fs:5, WS:16K # 16K, PF:68K # 68K, P:68K)
[4] 0.000274 +J(0) +M(C:2032K, Fs:39, WS:148K # 148K, PF:2444K # 2444K, P:2444K)
[5] 0.001027 +J(0) +M(C:0K, Fs:8, WS:32K # 32K, PF:24K # 24K, P:24K)
[6] 0.002572 +J(0) +M(C:0K, Fs:16, WS:64K # 64K, PF:12K # 12K, P:12K)
[7] 0.048302 -0.040461 (21) WT +J(0) +M(C:0K, Fs:1299, WS:5188K # 5188K, PF:5128K # 5128K, P:5128K)
[8] -
[9] -
[10] -
[11] -
[12] -
[13] 0.069650 -0.060695 (22) WT +J(CM:0, PgRf:0, Rd:0/0, Dy:0/0, Lg:616/1) +M(C:0K, Fs:8, WS:-5096K # 16K, PF:-5120K # 16K, P:-5120K)
[14] 0.000024 +J(0) +M(C:0K, Fs:1, WS:4K # 0K, PF:0K # 0K, P:0K)
[15] 0.000160 +J(0) +M(C:0K, Fs:64, WS:256K # 0K, PF:64K # 0K, P:64K)
[16] 0.001032 -0.000822 (1) WT +J(0) +M(C:0K, Fs:3, WS:4K # 0K, PF:0K # 0K, P:0K).",,,,,,,,,,,,,,,,,,,,,,,,,,,,,,,,,,,,,,,,,,,,
2026-02-25T00:34:58.498368Z,"{'#attributes': {'Qualifiers': 0}, '#text': 326}",DC01.pirate.htb,ESENT,Application,3809,4,,,,,,,,,,,,DFSRs,"2932,D,50",,,,,,,,,,,\\.\C:\System Volume Information\DFSR\database_EEE2_E7CF_32B5_74E\dfsr.db: ,,,,1,\\.\C:\System Volume Information\DFSR\database_EEE2_E7CF_32B5_74E\dfsr.db,0,"
[1] 0.000005 +J(0) +M(C:0K, Fs:1, WS:4K # 0K, PF:0K # 0K, P:0K)
[2] 0.006817 -0.006566 (1) WT +J(0) +M(C:0K, Fs:19, WS:12K # 0K, PF:8K # 0K, P:8K)
[3] 0.009066 -0.003258 (6) WT +J(CM:0, PgRf:0, Rd:0/0, Dy:0/0, Lg:3480/2) +M(C:0K, Fs:27, WS:96K # 0K, PF:136K # 0K, P:136K)
[4] 0.000115 +J(0)
[5] -
[6] -
[7] -
[8] 0.001150 -0.000863 (2) CM -0.000744 (2) WT +J(CM:2, PgRf:2, Rd:14/2, Dy:0/0, Lg:0/0) +M(C:-8K, Fs:69, WS:264K # 0K, PF:124K # 0K, P:124K)
[9] 0.001560 -0.001260 (2) CM -0.001175 (2) WT +J(CM:2, PgRf:23, Rd:0/1, Dy:0/0, Lg:0/0) +M(C:-12K, Fs:20, WS:68K # 0K, PF:188K # 0K, P:188K)
[10] 0.000535 -0.000408 (1) CM -0.000348 (1) WT +J(CM:1, PgRf:40, Rd:0/1, Dy:0/0, Lg:0/0) +M(C:-4K, Fs:4, WS:12K # 0K, PF:60K # 0K, P:60K)
[11] 0.000017 +J(CM:0, PgRf:1, Rd:0/0, Dy:0/0, Lg:0/0) +M(C:0K, Fs:2, WS:8K # 0K, PF:0K # 0K, P:0K)
[12] 0.000045 +J(CM:0, PgRf:36, Rd:0/0, Dy:0/0, Lg:0/0)
[13] 0.0 +J(0)
[14] 0.000001 +J(0)
[15] 0.000007 +J(CM:0, PgRf:1, Rd:0/0, Dy:0/0, Lg:0/0).",0 0,lgposAttach = 0000000E:00D5:0268,,,,,,,,,,,,,,,,,,,,,,,,,,,,,,,,,,,,,,,,,
2026-02-25T00:35:22.323252Z,1001,DC01.pirate.htb,Microsoft-Windows-LoadPerf,Application,3810,4,,,,,,,,,,,,,,,,,,,,,,,,,,,,,,,,,,,,,,,,,,,,,,,,,,,,,,,,,,,LoadPerf,3837000039370000D2050000,12,,WmiApRpl,,,,WmiApRpl,,,,,,,
2026-02-25T00:35:22.385975Z,1000,DC01.pirate.htb,Microsoft-Windows-LoadPerf,Application,3811,4,,,,,,,,,,,,,,,,,,,,,,,,,,,,,,,,,,,,,,,,,,,,,,,,,,,,,,,,,,,LoadPerf,3A3700000A3800003B3700000B380000,16,,WmiApRpl,,,,WmiApRpl,,,,,,,
2026-02-25T00:39:06.023548Z,"{'#attributes': {'Qualifiers': 0}, '#text': 8224}",DC01.pirate.htb,VSS,Application,3812,4,,,,2D20436F64653A2020434F525356434330303030303737332D2043616C6C3A2020434F525356434330303030303735352D205049443A202030303030323236342D205449443A202030303030313539362D20434D443A2020433A5C57696E646F77735C73797374656D33325C76737376632E6578652020202D20557365723A204E616D653A204E5420415554484F524954595C53595354454D2C205349443A532D312D352D313820,,,,,,,,,,,,,,,,,,,,,,,,,,,,,,,,,,,,,,,,,,,,,,,,,,,,,,,,,,,,,,,,,,,,,,
2026-02-25T01:29:35.962423Z,"{'#attributes': {'Qualifiers': 32768}, '#text': 6000}",DC01.pirate.htb,Microsoft-Windows-Winlogon,Application,3813,4,,,,D9060000,,,,,,,WSearch,,,,,,,,,,,,,,,,,,,,,,,,,,,,,,,,,,,,,,,,,,,,,,,,,,,,,,,,,,,,,,,
2026-02-25T01:29:36.172477Z,"{'#attributes': {'Qualifiers': 32768}, '#text': 6000}",DC01.pirate.htb,Microsoft-Windows-Winlogon,Application,3814,4,,,,D9060000,,,,,,,SessionEnv,,,,,,,,,,,,,,,,,,,,,,,,,,,,,,,,,,,,,,,,,,,,,,,,,,,,,,,,,,,,,,,
2026-02-25T01:29:52.639835Z,"{'#attributes': {'Qualifiers': 0}, '#text': 260}",DC01.pirate.htb,VMUpgradeHelper,Application,3815,4,,,,,,,,,,,,,,,,,,,,,,,,,,,,,,,,,,,,,,,,,,,,,,,,,,,,,,,,,,,,,,,,,,,,,,,,,,
2026-02-25T01:29:52.639835Z,"{'#attributes': {'Qualifiers': 0}, '#text': 272}",DC01.pirate.htb,VMUpgradeHelper,Application,3816,4,,,,,,,,,,,,,,,,,,,,,,,,,,,,,,,,,,,,,,,,,,,,,,,,,,,,,,,,,,,,,,,,,,,,,,,,,,
2026-02-25T01:29:52.639835Z,"{'#attributes': {'Qualifiers': 0}, '#text': 108}",DC01.pirate.htb,VMTools,Application,3817,4,,,,,,,,,,,,,,,,,,,,,,,,,,,,,,,,,,,,,,,,,,,,,,,,,,,,,,,,,,,,,,,,,,,,,,,,,,
2026-02-25T01:29:52.960589Z,1532,DC01.pirate.htb,Microsoft-Windows-User Profiles Service,Application,3818,4,,,,,,,,,,,,,,,,,,,,,,,,,,,,,,,,,,,,,,,,,,,,,,,,,,,,,,,,,,,,,,,,,,,,,,,,,,
2026-02-25T01:30:53.797567Z,"{'#attributes': {'Qualifiers': 16384}, '#text': 4625}",DC01,Microsoft-Windows-EventSystem,Application,3819,4,,,,,,,,,,,,,,,,,,,,,,,,,,,,,,,,,,,,,,,,,,,,,,,,,,,,,,,,,,,,,,,86400,,,,SuppressDuplicateDuration,Software\Microsoft\EventSystem\EventLog,,,,,,
2026-02-25T01:29:53.365516Z,38,DC01.pirate.htb,Microsoft-Windows-CertificationAuthority,Application,3820,4,,,,,,pirate-DC01-CA,,,,,,,,,,,,,,,,,,,,,,,,,,,,,,,,,,,,,,,,,,,,,,,,,,,,MSG_I_SERVER_STOPPED,,,,,,,,,,,,,,,,
2026-02-25T01:30:53.806743Z,1531,DC01.pirate.htb,Microsoft-Windows-User Profiles Service,Application,3821,4,,,,,,,,,,,,,,,,,,,,,,,,,,,,,,,,,,,,,,,,,,,,,,,,,,,,,,,,,,,,,,,,,,,,,,,,,,
2026-02-25T01:30:55.075134Z,5615,DC01.pirate.htb,Microsoft-Windows-WMI,Application,3822,4,,,,,,,,,,,,,,,,,,,,,,,,,,,,,,,,,,,,,,,,,,,,,,,,,,,,,,,,,,,,,,,,,,,,,,,,,,
2026-02-25T01:30:56.212907Z,5617,DC01.pirate.htb,Microsoft-Windows-WMI,Application,3823,4,,,,,,,,,,,,,,,,,,,,,,,,,,,,,,,,,,,,,,,,,,,,,,,,,,,,,,,,,,,,,,,,,,,,,,,,,,
2026-02-25T01:31:12.233172Z,"{'#attributes': {'Qualifiers': 0}, '#text': 105}",DC01.pirate.htb,VMTools,Application,3824,4,,,,,,,,,,,,,,,,,,,,,,,,,,,,,,,,,,,,,,,,,,,,,,,,,,,,,,,,,,,,,,,,,,,,,,,,,,
2026-02-25T01:31:12.826910Z,"{'#attributes': {'Qualifiers': 16384}, '#text': 9027}",DC01.pirate.htb,Desktop Window Manager,Application,3825,4,,,,,,,,,,,,,,,,,,,,,,,,,,,,,,,,,,,,,,,,,,,,,,,,,,,,,,,,,,,,,,,,,,,,,,,,,,
2026-02-25T01:31:13.686277Z,"{'#attributes': {'Qualifiers': 16384}, '#text': 781}",DC01.pirate.htb,Microsoft-Windows-Complus,Application,3826,4,,,,,,,,,,,,,,,,,,,,,,,,,,,,,,,,,,,,,,,,,,,,,,,,,,,,,,,,,,,,,,,86400,,,,SuppressDuplicateDuration,Software\Microsoft\COM3\Eventlog,,,,,,
2026-02-25T01:31:13.920655Z,"{'#attributes': {'Qualifiers': 0}, '#text': 258}",DC01.pirate.htb,VMUpgradeHelper,Application,3827,4,,,,,,,,,,,,,,,,,,,,,,,,,,,,,,,,,,,,,,,,,,,,,,,,,,,,,,,,,,,,,,,,,,,,,,,,,,
2026-02-25T01:31:14.139400Z,"{'#attributes': {'Qualifiers': 16384}, '#text': 4202}",DC01.pirate.htb,Microsoft-Windows-MSDTC 2,Application,3828,4,,,,,,,,,,,,,,,,,,,,,,,,,,,,,,,,,,,,,,,,,,,,,,,,,,,,,,,,,,,,,,,0,0,0,1,0,0,0,0,0,1,Mutual Authentication Required,NT AUTHORITY\NetworkService
2026-02-25T01:31:14.295648Z,"{'#attributes': {'Qualifiers': 0}, '#text': 271}",DC01.pirate.htb,VMUpgradeHelper,Application,3829,4,,,,,,,,,,,,,,,,,,,,,,,,,,,,,,,,,,,,,,,,,,,,,,,,,,,,,,,,,,,,,,,,,,,,,,,,,,
2026-02-25T01:31:17.850409Z,"{'#attributes': {'Qualifiers': 0}, '#text': 102}",DC01.pirate.htb,ESENT,Application,3830,4,,,,,,,,,,,,certsrv.exe,"2756,P,98",,,,,,,,,,,,,,,0,10,00,17763,0000,,,,,,,,,,,,,,,,,,,,,,,,,,,,,,,,,,,,,,,,,,
2026-02-25T01:31:17.942887Z,"{'#attributes': {'Qualifiers': 0}, '#text': 105}",DC01.pirate.htb,ESENT,Application,3831,4,,,,,,,,,,,,certsrv.exe,"2756,D,0",,,,,,,,,,,,,,,0,0,"
[1] 0.001341 +J(0) +M(C:0K, Fs:138, WS:540K # 540K, PF:2416K # 2152K, P:2416K)
[2] 0.000619 +J(0) +M(C:3200K, Fs:170, WS:664K # 664K, PF:4104K # 4100K, P:4104K)
[3] 0.000026 +J(0) +M(C:0K, Fs:4, WS:12K # 12K, PF:68K # 68K, P:68K)
[4] 0.000110 +J(0) +M(C:0K, Fs:15, WS:60K # 60K, PF:496K # 496K, P:496K)
[5] 0.000639 +J(0) +M(C:0K, Fs:7, WS:28K # 28K, PF:20K # 20K, P:20K)
[6] 0.003757 +J(0) +M(C:0K, Fs:23, WS:92K # 92K, PF:12K # 12K, P:12K)
[7] 0.058278 -0.056008 (5) WT +J(0) +M(C:0K, Fs:275, WS:1096K # 1096K, PF:1028K # 1028K, P:1028K)
[8] -
[9] -
[10] -
[11] -
[12] -
[13] 0.017183 -0.009625 (6) WT +J(CM:0, PgRf:0, Rd:0/0, Dy:0/0, Lg:616/1) +M(C:0K, Fs:7, WS:-1004K # 16K, PF:-1024K # 12K, P:-1024K)
[14] 0.000022 +J(0) +M(C:0K, Fs:1, WS:4K # 0K, PF:0K # 0K, P:0K)
[15] 0.000193 +J(0) +M(C:0K, Fs:101, WS:400K # 0K, PF:68K # 0K, P:68K)
[16] 0.009281 -0.009012 (1) WT +J(0) +M(C:0K, Fs:2, WS:0K # 0K, PF:0K # 0K, P:0K).",,,,,,,,,,,,,,,,,,,,,,,,,,,,,,,,,,,,,,,,,,,,
2026-02-25T01:31:17.951909Z,"{'#attributes': {'Qualifiers': 0}, '#text': 326}",DC01.pirate.htb,ESENT,Application,3832,4,,,,,,,,,,,,certsrv.exe,"2756,D,50",,,,,,,,,,,,,,,1,C:\Windows\system32\CertLog\pirate-DC01-CA.edb,0,"
[1] 0.000006 +J(0) +M(C:0K, Fs:1, WS:4K # 0K, PF:0K # 0K, P:0K)
[2] 0.001916 -0.001564 (1) WT +J(0) +M(C:0K, Fs:18, WS:8K # 0K, PF:4K # 0K, P:4K)
[3] 0.007675 -0.003002 (6) WT +J(CM:0, PgRf:0, Rd:0/0, Dy:0/0, Lg:3480/2) +M(C:0K, Fs:27, WS:104K # 0K, PF:152K # 0K, P:152K)
[4] 0.000121 +J(0)
[5] -
[6] -
[7] -
[8] 0.000883 -0.000600 (2) CM -0.000468 (2) WT +J(CM:2, PgRf:2, Rd:14/2, Dy:0/0, Lg:0/0) +M(C:0K, Fs:50, WS:200K # 0K, PF:128K # 0K, P:128K)
[9] 0.001351 -0.001093 (3) CM -0.000955 (3) WT +J(CM:3, PgRf:23, Rd:0/2, Dy:0/0, Lg:0/0) +M(C:0K, Fs:23, WS:92K # 0K, PF:196K # 0K, P:196K)
[10] 0.000438 -0.000320 (1) CM -0.000264 (1) WT +J(CM:1, PgRf:40, Rd:0/1, Dy:0/0, Lg:0/0) +M(C:0K, Fs:3, WS:12K # 0K, PF:64K # 0K, P:64K)
[11] 0.000018 +J(CM:0, PgRf:1, Rd:0/0, Dy:0/0, Lg:0/0) +M(C:0K, Fs:2, WS:8K # 0K, PF:0K # 0K, P:0K)
[12] 0.000059 +J(CM:0, PgRf:42, Rd:0/0, Dy:0/0, Lg:0/0)
[13] 0.000001 +J(0)
[14] 0.0 +J(0)
[15] 0.000006 +J(CM:0, PgRf:1, Rd:0/0, Dy:0/0, Lg:0/0).",0 0,lgposAttach = 00000002:00B9:0268,,,,,,,,,,,,,,,,,,,,,,,,,,,,,,,,,,,,,,,,,
2026-02-25T01:31:17.726178Z,91,DC01.pirate.htb,Microsoft-Windows-CertificationAuthority,Application,3833,2,,,,,,,,,,,,,,,,,,,,,,,,,,,,,,,,,,,,,,,,,,,,,MSG_E_DS_RETRY,,,,,,,,,,,,,,,,,,,,,,,,,,,,,
2026-02-25T01:31:18.247754Z,94,DC01.pirate.htb,Microsoft-Windows-CertificationAuthority,Application,3834,3,,,,,,pirate-DC01-CA,,,,,,,,,,,,,,,,,,,,,,,,,,,,,,,,,,,,,,,,,,,,,,,,,,,,MSG_CA_CERT_NO_AUTH_STORE,,,,,,,,,,,,,,,,
2026-02-25T01:31:18.286230Z,44,DC01.pirate.htb,Microsoft-Windows-CertificationAuthority,Application,3835,2,,,,,,,,,,,,,,,,,,,,,,,,,,,,,,,,,,,,0x8007054b (1355),,The specified domain either does not exist or could not be contacted.,,,,,,Initialize,,,,Windows default,,,,,,,,,,MSG_E_POLICY_ERROR,,,,,,,,,,,"The Active Directory containing the Certification Authority could not be contacted.
",,,,,
2026-02-25T01:31:18.298710Z,26,DC01.pirate.htb,Microsoft-Windows-CertificationAuthority,Application,3836,4,,,,,,pirate-DC01-CA,,,,  DC=,,,,,,,,,,,,,,,,,,,,,,,,,,,,,,,,,,,,,,,,,,,,,,,,MSG_I_SERVER_STARTED,,,,,,,,,,,,,,,,
2026-02-25T01:31:36.764414Z,"{'#attributes': {'Qualifiers': 32768}, '#text': 6003}",DC01.pirate.htb,Microsoft-Windows-Winlogon,Application,3837,4,,,,D9060000,,,,,,,SessionEnv,,,,,,,,,,,,,,,,,,,,,,,,,,,,,,,,,,,,,,,,,,,,,,,,,,,,,,,,,,,,,,,
2026-02-25T01:31:38.548049Z,"{'#attributes': {'Qualifiers': 32768}, '#text': 6000}",DC01.pirate.htb,Microsoft-Windows-Winlogon,Application,3838,4,,,,D9060000,,,,,,,SessionEnv,,,,,,,,,,,,,,,,,,,,,,,,,,,,,,,,,,,,,,,,,,,,,,,,,,,,,,,,,,,,,,,
2026-02-25T01:33:13.655879Z,"{'#attributes': {'Qualifiers': 16384}, '#text': 900}",DC01.pirate.htb,Microsoft-Windows-Security-SPP,Application,3839,4,,,,,,,,,,,<explicit>,,,,,,,,,,,,,,,,,,,,,,,,,,,,,,,,,,,,,,,,,,,,,,,,,,,,,,,,,,,,,,,
2026-02-25T01:33:14.046519Z,"{'#attributes': {'Qualifiers': 49152}, '#text': 16394}",DC01.pirate.htb,Microsoft-Windows-Security-SPP,Application,3840,4,,,,,,,,,,,,,,,,,,,,,,,,,,,,,,,,,,,,,,,,,,,,,,,,,,,,,,,,,,,,,,,,,,,,,,,,,,
2026-02-25T01:33:14.171502Z,"{'#attributes': {'Qualifiers': 16384}, '#text': 1066}",DC01.pirate.htb,Microsoft-Windows-Security-SPP,Application,3841,4,,,,,,,,,,,"C:\Windows\system32\sppwinob.dll, msft:spp/windowsfunctionality/agent/7.0, 0x00000000, 0x00000000
C:\Windows\system32\sppobjs.dll, msft:rm/algorithm/inherited/1.0, 0x00000000, 0x00000000
C:\Windows\system32\sppobjs.dll, msft:rm/algorithm/phone/1.0, 0x00000000, 0x00000000
C:\Windows\system32\sppobjs.dll, msft:rm/algorithm/pkey/detect, 0x00000000, 0x00000000
C:\Windows\system32\sppobjs.dll, msft:spp/ActionScheduler/1.0, 0x00000000, 0x00000000
C:\Windows\system32\sppobjs.dll, msft:spp/TaskScheduler/1.0, 0x00000000, 0x00000000
C:\Windows\system32\sppobjs.dll, msft:spp/statecollector/pkey, 0x00000000, 0x00000000
C:\Windows\system32\sppobjs.dll, msft:spp/volume/services/kms/1.0, 0x00000000, 0x00000000
C:\Windows\system32\sppobjs.dll, msft:spp/volume/services/kms/activationinfo/1.0, 0x00000000, 0x00000000
",,,,,,,,,,,,,,,,,,,,,,,,,,,,,,,,,,,,,,,,,,,,,,,,,,,,,,,,,,,,,,,
2026-02-25T01:33:14.484018Z,"{'#attributes': {'Qualifiers': 16384}, '#text': 1003}",DC01.pirate.htb,Microsoft-Windows-Security-SPP,Application,3842,4,,,,,,,,,,,,55c92734-d682-4d71-983e-d6ec3f16059f,"
1: 22105925-48c3-4ff4-a294-f654bb27e390, 1, 0 [(0 [0xC004F014, 0, 0], [(?)(?)(?)(?)(?)(?)(?)(?)])(1 )(2 )(3 )]
2: 281c216a-5957-439b-adf2-aff4098a2bdd, 1, 0 [(0 [0xC004F014, 0, 0], [(?)(?)(?)(?)(?)(?)(?)(?)])(1 )(2 )(3 )]
3: 2e7a9ad1-a849-4b56-babe-17d5a29fe4b4, 1, 0 [(0 [0xC004F014, 0, 0], [(?)(?)(?)(?)(?)(?)(?)(?)])(1 )(2 )(3 )]
4: 3c006fa7-3b03-45a4-93da-63ddc1bdce11, 1, 0 [(0 [0xC004F014, 0, 0], [(?)(?)(?)(?)(?)(?)(?)(?)])(1 )(2 )(3 )]
5: 4285bbda-6219-4c1a-98e9-859e60d669fb, 1, 0 [(0 [0xC004F014, 0, 0], [(?)(?)(?)(?)(?)(?)(?)(?)])(1 )(2 )(3 )]
6: 44a5b4c3-e4b1-483b-81e8-0f78f4d98283, 1, 0 [(0 [0xC004F014, 0, 0], [(?)(?)(?)(?)(?)(?)(?)(?)])(1 )(2 )(3 )]
7: 661f7658-7035-4b4c-9f35-010682943ec2, 1, 0 [(0 [0xC004F014, 0, 0], [(?)(?)(?)(?)(?)(?)(?)(?)])(1 )(2 )(3 )]
8: 6bad0243-1c35-46b2-b8e6-7a853e37413f, 1, 0 [(0 [0xC004F014, 0, 0], [(?)(?)(?)(?)(?)(?)(?)(?)])(1 )(2 )(3 )]
9: 82fcf64d-f9dd-4411-9c79-f2eed16d4eb8, 1, 0 [(0 [0xC004F014, 0, 0], [(?)(?)(?)(?)(?)(?)(?)(?)])(1 )(2 )(3 )]
10: 84e331f6-4279-48c4-ab10-b75139181351, 1, 0 [(0 [0xC004F014, 0, 0], [(?)(?)(?)(?)(?)(?)(?)(?)])(1 )(2 )(3 )]
11: 8ea56c31-fe6e-4d56-9d17-8dc1ab35dd8b, 1, 0 [(0 [0xC004F014, 0, 0], [(?)(?)(?)(?)(?)(?)(?)(?)])(1 )(2 )(3 )]
12: 92114319-12ea-4bca-9d63-8740de9feff3, 1, 1 [(0 )(1 [0x00000000, 1, 0], [(?)( 1 0x00000000)(?)( 2 0x00000000 0 0 msft:rm/algorithm/phone/1.0 0x00000000 0)(?)(?)( 10 0x00000000 msft:rm/algorithm/flags/1.0)(?)])(2 )(3 )]
13: 9db83b52-9904-4326-8957-ebe6feedf37c, 1, 0 [(0 [0xC004F014, 0, 0], [(?)(?)(?)(?)(?)(?)(?)(?)])(1 )(2 )(3 )]
14: c2d23e1f-ee3e-4533-9094-e6dc0b8aa049, 1, 0 [(0 [0xC004F014, 0, 0], [(?)(?)(?)(?)(?)(?)(?)(?)])(1 )(2 )(3 )]
15: d07edbd8-02cb-49b1-8358-f2de7afd8a4d, 1, 0 [(0 [0xC004F014, 0, 0], [(?)(?)(?)(?)(?)(?)(?)(?)])(1 )(2 )(3 )]
16: de32eafd-aaee-4662-9444-c1befb41bde2, 1, 0 [(0 [0xC004F014, 0, 0], [(?)(?)(?)(?)(?)(?)(?)(?)])(1 )(2 )(3 )]
17: e73aabfa-12bc-4705-b551-2dd076bebc7d, 1, 0 [(0 [0xC004F014, 0, 0], [(?)(?)(?)(?)(?)(?)(?)(?)])(1 )(2 )(3 )]
18: e936f630-5125-4a39-b1de-544d6c036491, 1, 0 [(0 [0xC004F014, 0, 0], [(?)(?)(?)(?)(?)(?)(?)(?)])(1 )(2 )(3 )]
19: fd946594-6f0d-4c5c-9bf7-f5f628ecd0b9, 1, 0 [(0 [0xC004F014, 0, 0], [(?)(?)(?)(?)(?)(?)(?)(?)])(1 )(2 )(3 )]

",,,,,,,,,,,,,,,,,,,,,,,,,,,,,,,,,,,,,,,,,,,,,,,,,,,,,,,,,,,,,
2026-02-25T01:33:14.593383Z,"{'#attributes': {'Qualifiers': 16384}, '#text': 902}",DC01.pirate.htb,Microsoft-Windows-Security-SPP,Application,3843,0,,,,,,,,,,,10.0.17763.8385,,,,,,,,,,,,,,,,,,,,,,,,,,,,,,,,,,,,,,,,,,,,,,,,,,,,,,,,,,,,,,,
2026-02-25T01:33:44.637315Z,"{'#attributes': {'Qualifiers': 16384}, '#text': 16384}",DC01.pirate.htb,Microsoft-Windows-Security-SPP,Application,3844,4,,,,,,,,,,,,2126-02-01T01:33:44Z,RulesEngine,,,,,,,,,,,,,,,,,,,,,,,,,,,,,,,,,,,,,,,,,,,,,,,,,,,,,,,,,,,,,
2026-02-25T01:33:44.652842Z,"{'#attributes': {'Qualifiers': 16384}, '#text': 903}",DC01.pirate.htb,Microsoft-Windows-Security-SPP,Application,3845,0,,,,,,,,,,,,,,,,,,,,,,,,,,,,,,,,,,,,,,,,,,,,,,,,,,,,,,,,,,,,,,,,,,,,,,,,,,
2026-02-25T01:34:16.305199Z,"{'#attributes': {'Qualifiers': 0}, '#text': 8224}",DC01.pirate.htb,VSS,Application,3846,4,,,,2D20436F64653A2020434F525356434330303030303737332D2043616C6C3A2020434F525356434330303030303735352D205049443A202030303030343234382D205449443A202030303030343236342D20434D443A2020433A5C57696E646F77735C73797374656D33325C76737376632E6578652020202D20557365723A204E616D653A204E5420415554484F524954595C53595354454D2C205349443A532D312D352D313820,,,,,,,,,,,,,,,,,,,,,,,,,,,,,,,,,,,,,,,,,,,,,,,,,,,,,,,,,,,,,,,,,,,,,,
2026-02-25T01:35:19.583223Z,1001,DC01.pirate.htb,Microsoft-Windows-LoadPerf,Application,3847,4,,,,,,,,,,,,,,,,,,,,,,,,,,,,,,,,,,,,,,,,,,,,,,,,,,,,,,,,,,,LoadPerf,3837000039370000D2050000,12,,WmiApRpl,,,,WmiApRpl,,,,,,,
