<Event xmlns="http://schemas.microsoft.com/win/2004/08/events/event"><System><Provider Name="Microsoft-Windows-ActiveDirectory_DomainService" Guid="{0e8478c5-3605-4e8c-8497-1e730c959516}" EventSourceName="NTDS General"></Provider>
<EventID Qualifiers="16384">2168</EventID>
<Version>0</Version>
<Level>4</Level>
<Task>7</Task>
<Opcode>0</Opcode>
<Keywords>0x8080000000000000</Keywords>
<TimeCreated SystemTime="2026-01-21 11:04:18.480841"></TimeCreated>
<EventRecordID>403</EventRecordID>
<Correlation ActivityID="{ac30faad-8ac5-0001-51fb-30acc58adc01}" RelatedActivityID=""></Correlation>
<Execution ProcessID="688" ThreadID="692"></Execution>
<Channel>Directory Service</Channel>
<Computer>S200401.overwatch.htb</Computer>
<Security UserID="S-1-5-7"></Security>
</System>
<EventData><Data>&lt;string&gt;10539097295614702639&lt;/string&gt;
</Data>
<Binary></Binary>
</EventData>
</Event>

<Event xmlns="http://schemas.microsoft.com/win/2004/08/events/event"><System><Provider Name="Microsoft-Windows-ActiveDirectory_DomainService" Guid="{0e8478c5-3605-4e8c-8497-1e730c959516}" EventSourceName="NTDS General"></Provider>
<EventID Qualifiers="16384">2172</EventID>
<Version>0</Version>
<Level>4</Level>
<Task>7</Task>
<Opcode>0</Opcode>
<Keywords>0x8080000000000000</Keywords>
<TimeCreated SystemTime="2026-01-21 11:04:18.480841"></TimeCreated>
<EventRecordID>404</EventRecordID>
<Correlation ActivityID="{ac30faad-8ac5-0001-51fb-30acc58adc01}" RelatedActivityID=""></Correlation>
<Execution ProcessID="688" ThreadID="692"></Execution>
<Channel>Directory Service</Channel>
<Computer>S200401.overwatch.htb</Computer>
<Security UserID="S-1-5-7"></Security>
</System>
<EventData><Data>&lt;string&gt;11332670666109096253&lt;/string&gt;
</Data>
<Binary></Binary>
</EventData>
</Event>

<Event xmlns="http://schemas.microsoft.com/win/2004/08/events/event"><System><Provider Name="Microsoft-Windows-ActiveDirectory_DomainService" Guid="{0e8478c5-3605-4e8c-8497-1e730c959516}" EventSourceName="NTDS General"></Provider>
<EventID Qualifiers="32768">2170</EventID>
<Version>0</Version>
<Level>3</Level>
<Task>7</Task>
<Opcode>0</Opcode>
<Keywords>0x8080000000000000</Keywords>
<TimeCreated SystemTime="2026-01-21 11:04:18.480841"></TimeCreated>
<EventRecordID>405</EventRecordID>
<Correlation ActivityID="{ac30faad-8ac5-0001-51fb-30acc58adc01}" RelatedActivityID=""></Correlation>
<Execution ProcessID="688" ThreadID="692"></Execution>
<Channel>Directory Service</Channel>
<Computer>S200401.overwatch.htb</Computer>
<Security UserID="S-1-5-7"></Security>
</System>
<EventData><Data>&lt;string&gt;11332670666109096253&lt;/string&gt;
&lt;string&gt;10539097295614702639&lt;/string&gt;
</Data>
<Binary></Binary>
</EventData>
</Event>

<Event xmlns="http://schemas.microsoft.com/win/2004/08/events/event"><System><Provider Name="Microsoft-Windows-ActiveDirectory_DomainService" Guid="{0e8478c5-3605-4e8c-8497-1e730c959516}" EventSourceName="NTDS General"></Provider>
<EventID Qualifiers="16384">1109</EventID>
<Version>0</Version>
<Level>4</Level>
<Task>5</Task>
<Opcode>0</Opcode>
<Keywords>0x8080000000000000</Keywords>
<TimeCreated SystemTime="2026-01-21 11:04:18.480841"></TimeCreated>
<EventRecordID>406</EventRecordID>
<Correlation ActivityID="{ac30faad-8ac5-0001-51fb-30acc58adc01}" RelatedActivityID=""></Correlation>
<Execution ProcessID="688" ThreadID="692"></Execution>
<Channel>Directory Service</Channel>
<Computer>S200401.overwatch.htb</Computer>
<Security UserID="S-1-5-7"></Security>
</System>
<EventData><Data>&lt;string&gt;ad268404-d11a-4b4b-a139-7e51a16cff0f&lt;/string&gt;
&lt;string&gt;79e54175-deee-4b13-b59b-b379a4707788&lt;/string&gt;
&lt;string&gt;73744&lt;/string&gt;
</Data>
<Binary></Binary>
</EventData>
</Event>

<Event xmlns="http://schemas.microsoft.com/win/2004/08/events/event"><System><Provider Name="Microsoft-Windows-ActiveDirectory_DomainService" Guid="{0e8478c5-3605-4e8c-8497-1e730c959516}" EventSourceName="NTDS General"></Provider>
<EventID Qualifiers="16384">2179</EventID>
<Version>0</Version>
<Level>4</Level>
<Task>7</Task>
<Opcode>0</Opcode>
<Keywords>0x8080000000000000</Keywords>
<TimeCreated SystemTime="2026-01-21 11:04:18.496422"></TimeCreated>
<EventRecordID>407</EventRecordID>
<Correlation ActivityID="" RelatedActivityID=""></Correlation>
<Execution ProcessID="688" ThreadID="692"></Execution>
<Channel>Directory Service</Channel>
<Computer>S200401.overwatch.htb</Computer>
<Security UserID="S-1-5-7"></Security>
</System>
<EventData><Data>&lt;string&gt;10539097295614702639&lt;/string&gt;
</Data>
<Binary></Binary>
</EventData>
</Event>

<Event xmlns="http://schemas.microsoft.com/win/2004/08/events/event"><System><Provider Name="Microsoft-Windows-ActiveDirectory_DomainService" Guid="{0e8478c5-3605-4e8c-8497-1e730c959516}" EventSourceName="NTDS General"></Provider>
<EventID Qualifiers="16384">2208</EventID>
<Version>0</Version>
<Level>4</Level>
<Task>7</Task>
<Opcode>0</Opcode>
<Keywords>0x8080000000000000</Keywords>
<TimeCreated SystemTime="2026-01-21 11:04:18.512041"></TimeCreated>
<EventRecordID>408</EventRecordID>
<Correlation ActivityID="" RelatedActivityID=""></Correlation>
<Execution ProcessID="688" ThreadID="848"></Execution>
<Channel>Directory Service</Channel>
<Computer>S200401.overwatch.htb</Computer>
<Security UserID=""></Security>
</System>
<EventData><Data></Data>
<Binary></Binary>
</EventData>
</Event>

<Event xmlns="http://schemas.microsoft.com/win/2004/08/events/event"><System><Provider Name="Microsoft-Windows-ActiveDirectory_DomainService" Guid="{0e8478c5-3605-4e8c-8497-1e730c959516}" EventSourceName="NTDS General"></Provider>
<EventID Qualifiers="16384">2405</EventID>
<Version>0</Version>
<Level>4</Level>
<Task>7</Task>
<Opcode>0</Opcode>
<Keywords>0x8080000000000000</Keywords>
<TimeCreated SystemTime="2026-01-21 11:04:18.512041"></TimeCreated>
<EventRecordID>409</EventRecordID>
<Correlation ActivityID="" RelatedActivityID=""></Correlation>
<Execution ProcessID="688" ThreadID="840"></Execution>
<Channel>Directory Service</Channel>
<Computer>S200401.overwatch.htb</Computer>
<Security UserID="S-1-5-7"></Security>
</System>
<EventData><Data>&lt;string&gt;Privileged Access Management Feature&lt;/string&gt;
</Data>
<Binary></Binary>
</EventData>
</Event>

<Event xmlns="http://schemas.microsoft.com/win/2004/08/events/event"><System><Provider Name="Microsoft-Windows-ActiveDirectory_DomainService" Guid="{0e8478c5-3605-4e8c-8497-1e730c959516}" EventSourceName="NTDS General"></Provider>
<EventID Qualifiers="16384">2120</EventID>
<Version>0</Version>
<Level>4</Level>
<Task>7</Task>
<Opcode>0</Opcode>
<Keywords>0x8080000000000000</Keywords>
<TimeCreated SystemTime="2026-01-21 11:04:18.512041"></TimeCreated>
<EventRecordID>410</EventRecordID>
<Correlation ActivityID="" RelatedActivityID=""></Correlation>
<Execution ProcessID="688" ThreadID="840"></Execution>
<Channel>Directory Service</Channel>
<Computer>S200401.overwatch.htb</Computer>
<Security UserID="S-1-5-7"></Security>
</System>
<EventData><Data></Data>
<Binary></Binary>
</EventData>
</Event>

<Event xmlns="http://schemas.microsoft.com/win/2004/08/events/event"><System><Provider Name="Microsoft-Windows-ActiveDirectory_DomainService" Guid="{0e8478c5-3605-4e8c-8497-1e730c959516}" EventSourceName="NTDS General"></Provider>
<EventID Qualifiers="16384">2405</EventID>
<Version>0</Version>
<Level>4</Level>
<Task>7</Task>
<Opcode>0</Opcode>
<Keywords>0x8080000000000000</Keywords>
<TimeCreated SystemTime="2026-01-21 11:04:18.512041"></TimeCreated>
<EventRecordID>411</EventRecordID>
<Correlation ActivityID="" RelatedActivityID=""></Correlation>
<Execution ProcessID="688" ThreadID="840"></Execution>
<Channel>Directory Service</Channel>
<Computer>S200401.overwatch.htb</Computer>
<Security UserID="S-1-5-7"></Security>
</System>
<EventData><Data>&lt;string&gt;Recycle Bin Feature&lt;/string&gt;
</Data>
<Binary></Binary>
</EventData>
</Event>

<Event xmlns="http://schemas.microsoft.com/win/2004/08/events/event"><System><Provider Name="Microsoft-Windows-ActiveDirectory_DomainService" Guid="{0e8478c5-3605-4e8c-8497-1e730c959516}" EventSourceName="NTDS General"></Provider>
<EventID Qualifiers="32768">2886</EventID>
<Version>0</Version>
<Level>3</Level>
<Task>16</Task>
<Opcode>0</Opcode>
<Keywords>0x8080000000000000</Keywords>
<TimeCreated SystemTime="2026-01-21 11:04:28.527685"></TimeCreated>
<EventRecordID>412</EventRecordID>
<Correlation ActivityID="" RelatedActivityID=""></Correlation>
<Execution ProcessID="688" ThreadID="864"></Execution>
<Channel>Directory Service</Channel>
<Computer>S200401.overwatch.htb</Computer>
<Security UserID="S-1-5-7"></Security>
</System>
<EventData><Data></Data>
<Binary></Binary>
</EventData>
</Event>

<Event xmlns="http://schemas.microsoft.com/win/2004/08/events/event"><System><Provider Name="Microsoft-Windows-ActiveDirectory_DomainService" Guid="{0e8478c5-3605-4e8c-8497-1e730c959516}" EventSourceName="NTDS General"></Provider>
<EventID Qualifiers="32768">3041</EventID>
<Version>0</Version>
<Level>3</Level>
<Task>16</Task>
<Opcode>0</Opcode>
<Keywords>0x8080000000000000</Keywords>
<TimeCreated SystemTime="2026-01-21 11:04:28.527685"></TimeCreated>
<EventRecordID>413</EventRecordID>
<Correlation ActivityID="" RelatedActivityID=""></Correlation>
<Execution ProcessID="688" ThreadID="864"></Execution>
<Channel>Directory Service</Channel>
<Computer>S200401.overwatch.htb</Computer>
<Security UserID="S-1-5-7"></Security>
</System>
<EventData><Data></Data>
<Binary></Binary>
</EventData>
</Event>

<Event xmlns="http://schemas.microsoft.com/win/2004/08/events/event"><System><Provider Name="Microsoft-Windows-ActiveDirectory_DomainService" Guid="{0e8478c5-3605-4e8c-8497-1e730c959516}" EventSourceName="NTDS General"></Provider>
<EventID Qualifiers="16384">1000</EventID>
<Version>0</Version>
<Level>4</Level>
<Task>12</Task>
<Opcode>0</Opcode>
<Keywords>0x8080000000000000</Keywords>
<TimeCreated SystemTime="2026-01-21 11:04:28.527685"></TimeCreated>
<EventRecordID>414</EventRecordID>
<Correlation ActivityID="" RelatedActivityID=""></Correlation>
<Execution ProcessID="688" ThreadID="864"></Execution>
<Channel>Directory Service</Channel>
<Computer>S200401.overwatch.htb</Computer>
<Security UserID="S-1-5-7"></Security>
</System>
<EventData><Data></Data>
<Binary></Binary>
</EventData>
</Event>

<Event xmlns="http://schemas.microsoft.com/win/2004/08/events/event"><System><Provider Name="Microsoft-Windows-ActiveDirectory_DomainService" Guid="{0e8478c5-3605-4e8c-8497-1e730c959516}" EventSourceName="NTDS General"></Provider>
<EventID Qualifiers="16384">1394</EventID>
<Version>0</Version>
<Level>4</Level>
<Task>12</Task>
<Opcode>0</Opcode>
<Keywords>0x8080000000000000</Keywords>
<TimeCreated SystemTime="2026-01-21 11:04:58.543552"></TimeCreated>
<EventRecordID>415</EventRecordID>
<Correlation ActivityID="" RelatedActivityID=""></Correlation>
<Execution ProcessID="688" ThreadID="840"></Execution>
<Channel>Directory Service</Channel>
<Computer>S200401.overwatch.htb</Computer>
<Security UserID="S-1-5-7"></Security>
</System>
<EventData><Data></Data>
<Binary></Binary>
</EventData>
</Event>

<Event xmlns="http://schemas.microsoft.com/win/2004/08/events/event"><System><Provider Name="Microsoft-Windows-ActiveDirectory_DomainService" Guid="{0e8478c5-3605-4e8c-8497-1e730c959516}" EventSourceName="NTDS General"></Provider>
<EventID Qualifiers="16384">2179</EventID>
<Version>0</Version>
<Level>4</Level>
<Task>7</Task>
<Opcode>0</Opcode>
<Keywords>0x8080000000000000</Keywords>
<TimeCreated SystemTime="2026-01-21 11:13:29.730818"></TimeCreated>
<EventRecordID>416</EventRecordID>
<Correlation ActivityID="" RelatedActivityID=""></Correlation>
<Execution ProcessID="688" ThreadID="1572"></Execution>
<Channel>Directory Service</Channel>
<Computer>S200401.overwatch.htb</Computer>
<Security UserID="S-1-5-7"></Security>
</System>
<EventData><Data>&lt;string&gt;10539097295614702639&lt;/string&gt;
</Data>
<Binary></Binary>
</EventData>
</Event>

<Event xmlns="http://schemas.microsoft.com/win/2004/08/events/event"><System><Provider Name="Microsoft-Windows-ActiveDirectory_DomainService" Guid="{0e8478c5-3605-4e8c-8497-1e730c959516}" EventSourceName="NTDS General"></Provider>
<EventID Qualifiers="16384">1004</EventID>
<Version>0</Version>
<Level>4</Level>
<Task>12</Task>
<Opcode>0</Opcode>
<Keywords>0x8080000000000000</Keywords>
<TimeCreated SystemTime="2026-01-21 11:13:30.699566"></TimeCreated>
<EventRecordID>417</EventRecordID>
<Correlation ActivityID="" RelatedActivityID=""></Correlation>
<Execution ProcessID="688" ThreadID="1572"></Execution>
<Channel>Directory Service</Channel>
<Computer>S200401.overwatch.htb</Computer>
<Security UserID=""></Security>
</System>
<EventData><Data></Data>
<Binary></Binary>
</EventData>
</Event>

<Event xmlns="http://schemas.microsoft.com/win/2004/08/events/event"><System><Provider Name="Microsoft-Windows-ActiveDirectory_DomainService" Guid="{0e8478c5-3605-4e8c-8497-1e730c959516}" EventSourceName="NTDS General"></Provider>
<EventID Qualifiers="32768">3051</EventID>
<Version>0</Version>
<Level>3</Level>
<Task>2</Task>
<Opcode>0</Opcode>
<Keywords>0x8080000000000000</Keywords>
<TimeCreated SystemTime="2026-01-21 11:16:53.686670"></TimeCreated>
<EventRecordID>418</EventRecordID>
<Correlation ActivityID="{6e39f5bb-8ac7-0001-42f6-396ec78adc01}" RelatedActivityID=""></Correlation>
<Execution ProcessID="684" ThreadID="688"></Execution>
<Channel>Directory Service</Channel>
<Computer>S200401.overwatch.htb</Computer>
<Security UserID="S-1-5-7"></Security>
</System>
<EventData><Data></Data>
<Binary></Binary>
</EventData>
</Event>

<Event xmlns="http://schemas.microsoft.com/win/2004/08/events/event"><System><Provider Name="Microsoft-Windows-ActiveDirectory_DomainService" Guid="{0e8478c5-3605-4e8c-8497-1e730c959516}" EventSourceName="NTDS General"></Provider>
<EventID Qualifiers="32768">3054</EventID>
<Version>0</Version>
<Level>3</Level>
<Task>2</Task>
<Opcode>0</Opcode>
<Keywords>0x8080000000000000</Keywords>
<TimeCreated SystemTime="2026-01-21 11:16:53.686670"></TimeCreated>
<EventRecordID>419</EventRecordID>
<Correlation ActivityID="{6e39f5bb-8ac7-0001-42f6-396ec78adc01}" RelatedActivityID=""></Correlation>
<Execution ProcessID="684" ThreadID="688"></Execution>
<Channel>Directory Service</Channel>
<Computer>S200401.overwatch.htb</Computer>
<Security UserID="S-1-5-7"></Security>
</System>
<EventData><Data></Data>
<Binary></Binary>
</EventData>
</Event>

<Event xmlns="http://schemas.microsoft.com/win/2004/08/events/event"><System><Provider Name="Microsoft-Windows-ActiveDirectory_DomainService" Guid="{0e8478c5-3605-4e8c-8497-1e730c959516}" EventSourceName="NTDS General"></Provider>
<EventID Qualifiers="16384">2121</EventID>
<Version>0</Version>
<Level>4</Level>
<Task>7</Task>
<Opcode>0</Opcode>
<Keywords>0x8080000000000000</Keywords>
<TimeCreated SystemTime="2026-01-21 11:16:53.967941"></TimeCreated>
<EventRecordID>420</EventRecordID>
<Correlation ActivityID="{6e39f5bb-8ac7-0001-42f6-396ec78adc01}" RelatedActivityID=""></Correlation>
<Execution ProcessID="684" ThreadID="688"></Execution>
<Channel>Directory Service</Channel>
<Computer>S200401.overwatch.htb</Computer>
<Security UserID="S-1-5-7"></Security>
</System>
<EventData><Data></Data>
<Binary></Binary>
</EventData>
</Event>

<Event xmlns="http://schemas.microsoft.com/win/2004/08/events/event"><System><Provider Name="Microsoft-Windows-ActiveDirectory_DomainService" Guid="{0e8478c5-3605-4e8c-8497-1e730c959516}" EventSourceName="NTDS General"></Provider>
<EventID Qualifiers="16384">2406</EventID>
<Version>0</Version>
<Level>4</Level>
<Task>7</Task>
<Opcode>0</Opcode>
<Keywords>0x8080000000000000</Keywords>
<TimeCreated SystemTime="2026-01-21 11:16:53.967941"></TimeCreated>
<EventRecordID>421</EventRecordID>
<Correlation ActivityID="{6e39f5bb-8ac7-0001-42f6-396ec78adc01}" RelatedActivityID=""></Correlation>
<Execution ProcessID="684" ThreadID="688"></Execution>
<Channel>Directory Service</Channel>
<Computer>S200401.overwatch.htb</Computer>
<Security UserID="S-1-5-7"></Security>
</System>
<EventData><Data>&lt;string&gt;Recycle Bin Feature&lt;/string&gt;
</Data>
<Binary></Binary>
</EventData>
</Event>

<Event xmlns="http://schemas.microsoft.com/win/2004/08/events/event"><System><Provider Name="Microsoft-Windows-ActiveDirectory_DomainService" Guid="{0e8478c5-3605-4e8c-8497-1e730c959516}" EventSourceName="NTDS General"></Provider>
<EventID Qualifiers="16384">2406</EventID>
<Version>0</Version>
<Level>4</Level>
<Task>7</Task>
<Opcode>0</Opcode>
<Keywords>0x8080000000000000</Keywords>
<TimeCreated SystemTime="2026-01-21 11:16:53.967941"></TimeCreated>
<EventRecordID>422</EventRecordID>
<Correlation ActivityID="{6e39f5bb-8ac7-0001-42f6-396ec78adc01}" RelatedActivityID=""></Correlation>
<Execution ProcessID="684" ThreadID="688"></Execution>
<Channel>Directory Service</Channel>
<Computer>S200401.overwatch.htb</Computer>
<Security UserID="S-1-5-7"></Security>
</System>
<EventData><Data>&lt;string&gt;Privileged Access Management Feature&lt;/string&gt;
</Data>
<Binary></Binary>
</EventData>
</Event>

<Event xmlns="http://schemas.microsoft.com/win/2004/08/events/event"><System><Provider Name="Microsoft-Windows-ActiveDirectory_DomainService" Guid="{0e8478c5-3605-4e8c-8497-1e730c959516}" EventSourceName="NTDS General"></Provider>
<EventID Qualifiers="16384">2168</EventID>
<Version>0</Version>
<Level>4</Level>
<Task>7</Task>
<Opcode>0</Opcode>
<Keywords>0x8080000000000000</Keywords>
<TimeCreated SystemTime="2026-01-21 11:16:53.967941"></TimeCreated>
<EventRecordID>423</EventRecordID>
<Correlation ActivityID="{6e39f5bb-8ac7-0001-42f6-396ec78adc01}" RelatedActivityID=""></Correlation>
<Execution ProcessID="684" ThreadID="688"></Execution>
<Channel>Directory Service</Channel>
<Computer>S200401.overwatch.htb</Computer>
<Security UserID="S-1-5-7"></Security>
</System>
<EventData><Data>&lt;string&gt;16141991191670935467&lt;/string&gt;
</Data>
<Binary></Binary>
</EventData>
</Event>

<Event xmlns="http://schemas.microsoft.com/win/2004/08/events/event"><System><Provider Name="Microsoft-Windows-ActiveDirectory_DomainService" Guid="{0e8478c5-3605-4e8c-8497-1e730c959516}" EventSourceName="NTDS General"></Provider>
<EventID Qualifiers="16384">2172</EventID>
<Version>0</Version>
<Level>4</Level>
<Task>7</Task>
<Opcode>0</Opcode>
<Keywords>0x8080000000000000</Keywords>
<TimeCreated SystemTime="2026-01-21 11:16:53.967941"></TimeCreated>
<EventRecordID>424</EventRecordID>
<Correlation ActivityID="{6e39f5bb-8ac7-0001-42f6-396ec78adc01}" RelatedActivityID=""></Correlation>
<Execution ProcessID="684" ThreadID="688"></Execution>
<Channel>Directory Service</Channel>
<Computer>S200401.overwatch.htb</Computer>
<Security UserID="S-1-5-7"></Security>
</System>
<EventData><Data>&lt;string&gt;10539097295614702639&lt;/string&gt;
</Data>
<Binary></Binary>
</EventData>
</Event>

<Event xmlns="http://schemas.microsoft.com/win/2004/08/events/event"><System><Provider Name="Microsoft-Windows-ActiveDirectory_DomainService" Guid="{0e8478c5-3605-4e8c-8497-1e730c959516}" EventSourceName="NTDS General"></Provider>
<EventID Qualifiers="32768">2170</EventID>
<Version>0</Version>
<Level>3</Level>
<Task>7</Task>
<Opcode>0</Opcode>
<Keywords>0x8080000000000000</Keywords>
<TimeCreated SystemTime="2026-01-21 11:16:53.967941"></TimeCreated>
<EventRecordID>425</EventRecordID>
<Correlation ActivityID="{6e39f5bb-8ac7-0001-42f6-396ec78adc01}" RelatedActivityID=""></Correlation>
<Execution ProcessID="684" ThreadID="688"></Execution>
<Channel>Directory Service</Channel>
<Computer>S200401.overwatch.htb</Computer>
<Security UserID="S-1-5-7"></Security>
</System>
<EventData><Data>&lt;string&gt;10539097295614702639&lt;/string&gt;
&lt;string&gt;16141991191670935467&lt;/string&gt;
</Data>
<Binary></Binary>
</EventData>
</Event>

<Event xmlns="http://schemas.microsoft.com/win/2004/08/events/event"><System><Provider Name="Microsoft-Windows-ActiveDirectory_DomainService" Guid="{0e8478c5-3605-4e8c-8497-1e730c959516}" EventSourceName="NTDS General"></Provider>
<EventID Qualifiers="16384">1109</EventID>
<Version>0</Version>
<Level>4</Level>
<Task>5</Task>
<Opcode>0</Opcode>
<Keywords>0x8080000000000000</Keywords>
<TimeCreated SystemTime="2026-01-21 11:16:53.983545"></TimeCreated>
<EventRecordID>426</EventRecordID>
<Correlation ActivityID="{6e39f5bb-8ac7-0001-42f6-396ec78adc01}" RelatedActivityID=""></Correlation>
<Execution ProcessID="684" ThreadID="688"></Execution>
<Channel>Directory Service</Channel>
<Computer>S200401.overwatch.htb</Computer>
<Security UserID="S-1-5-7"></Security>
</System>
<EventData><Data>&lt;string&gt;79e54175-deee-4b13-b59b-b379a4707788&lt;/string&gt;
&lt;string&gt;2bdb0314-6b1d-4a36-8d80-1e72b493f936&lt;/string&gt;
&lt;string&gt;77841&lt;/string&gt;
</Data>
<Binary></Binary>
</EventData>
</Event>

<Event xmlns="http://schemas.microsoft.com/win/2004/08/events/event"><System><Provider Name="Microsoft-Windows-ActiveDirectory_DomainService" Guid="{0e8478c5-3605-4e8c-8497-1e730c959516}" EventSourceName="NTDS General"></Provider>
<EventID Qualifiers="16384">2179</EventID>
<Version>0</Version>
<Level>4</Level>
<Task>7</Task>
<Opcode>0</Opcode>
<Keywords>0x8080000000000000</Keywords>
<TimeCreated SystemTime="2026-01-21 11:16:53.999178"></TimeCreated>
<EventRecordID>427</EventRecordID>
<Correlation ActivityID="" RelatedActivityID=""></Correlation>
<Execution ProcessID="684" ThreadID="688"></Execution>
<Channel>Directory Service</Channel>
<Computer>S200401.overwatch.htb</Computer>
<Security UserID="S-1-5-7"></Security>
</System>
<EventData><Data>&lt;string&gt;16141991191670935467&lt;/string&gt;
</Data>
<Binary></Binary>
</EventData>
</Event>

<Event xmlns="http://schemas.microsoft.com/win/2004/08/events/event"><System><Provider Name="Microsoft-Windows-ActiveDirectory_DomainService" Guid="{0e8478c5-3605-4e8c-8497-1e730c959516}" EventSourceName="NTDS General"></Provider>
<EventID Qualifiers="16384">2208</EventID>
<Version>0</Version>
<Level>4</Level>
<Task>7</Task>
<Opcode>0</Opcode>
<Keywords>0x8080000000000000</Keywords>
<TimeCreated SystemTime="2026-01-21 11:16:53.999178"></TimeCreated>
<EventRecordID>428</EventRecordID>
<Correlation ActivityID="" RelatedActivityID=""></Correlation>
<Execution ProcessID="684" ThreadID="844"></Execution>
<Channel>Directory Service</Channel>
<Computer>S200401.overwatch.htb</Computer>
<Security UserID=""></Security>
</System>
<EventData><Data></Data>
<Binary></Binary>
</EventData>
</Event>

<Event xmlns="http://schemas.microsoft.com/win/2004/08/events/event"><System><Provider Name="Microsoft-Windows-ActiveDirectory_DomainService" Guid="{0e8478c5-3605-4e8c-8497-1e730c959516}" EventSourceName="NTDS General"></Provider>
<EventID Qualifiers="16384">2405</EventID>
<Version>0</Version>
<Level>4</Level>
<Task>7</Task>
<Opcode>0</Opcode>
<Keywords>0x8080000000000000</Keywords>
<TimeCreated SystemTime="2026-01-21 11:16:53.999178"></TimeCreated>
<EventRecordID>429</EventRecordID>
<Correlation ActivityID="" RelatedActivityID=""></Correlation>
<Execution ProcessID="684" ThreadID="836"></Execution>
<Channel>Directory Service</Channel>
<Computer>S200401.overwatch.htb</Computer>
<Security UserID="S-1-5-7"></Security>
</System>
<EventData><Data>&lt;string&gt;Privileged Access Management Feature&lt;/string&gt;
</Data>
<Binary></Binary>
</EventData>
</Event>

<Event xmlns="http://schemas.microsoft.com/win/2004/08/events/event"><System><Provider Name="Microsoft-Windows-ActiveDirectory_DomainService" Guid="{0e8478c5-3605-4e8c-8497-1e730c959516}" EventSourceName="NTDS General"></Provider>
<EventID Qualifiers="16384">2120</EventID>
<Version>0</Version>
<Level>4</Level>
<Task>7</Task>
<Opcode>0</Opcode>
<Keywords>0x8080000000000000</Keywords>
<TimeCreated SystemTime="2026-01-21 11:16:53.999178"></TimeCreated>
<EventRecordID>430</EventRecordID>
<Correlation ActivityID="" RelatedActivityID=""></Correlation>
<Execution ProcessID="684" ThreadID="836"></Execution>
<Channel>Directory Service</Channel>
<Computer>S200401.overwatch.htb</Computer>
<Security UserID="S-1-5-7"></Security>
</System>
<EventData><Data></Data>
<Binary></Binary>
</EventData>
</Event>

<Event xmlns="http://schemas.microsoft.com/win/2004/08/events/event"><System><Provider Name="Microsoft-Windows-ActiveDirectory_DomainService" Guid="{0e8478c5-3605-4e8c-8497-1e730c959516}" EventSourceName="NTDS General"></Provider>
<EventID Qualifiers="16384">2405</EventID>
<Version>0</Version>
<Level>4</Level>
<Task>7</Task>
<Opcode>0</Opcode>
<Keywords>0x8080000000000000</Keywords>
<TimeCreated SystemTime="2026-01-21 11:16:53.999178"></TimeCreated>
<EventRecordID>431</EventRecordID>
<Correlation ActivityID="" RelatedActivityID=""></Correlation>
<Execution ProcessID="684" ThreadID="836"></Execution>
<Channel>Directory Service</Channel>
<Computer>S200401.overwatch.htb</Computer>
<Security UserID="S-1-5-7"></Security>
</System>
<EventData><Data>&lt;string&gt;Recycle Bin Feature&lt;/string&gt;
</Data>
<Binary></Binary>
</EventData>
</Event>

<Event xmlns="http://schemas.microsoft.com/win/2004/08/events/event"><System><Provider Name="Microsoft-Windows-ActiveDirectory_DomainService" Guid="{0e8478c5-3605-4e8c-8497-1e730c959516}" EventSourceName="NTDS General"></Provider>
<EventID Qualifiers="32768">2886</EventID>
<Version>0</Version>
<Level>3</Level>
<Task>16</Task>
<Opcode>0</Opcode>
<Keywords>0x8080000000000000</Keywords>
<TimeCreated SystemTime="2026-01-21 11:17:04.014833"></TimeCreated>
<EventRecordID>432</EventRecordID>
<Correlation ActivityID="" RelatedActivityID=""></Correlation>
<Execution ProcessID="684" ThreadID="860"></Execution>
<Channel>Directory Service</Channel>
<Computer>S200401.overwatch.htb</Computer>
<Security UserID="S-1-5-7"></Security>
</System>
<EventData><Data></Data>
<Binary></Binary>
</EventData>
</Event>

<Event xmlns="http://schemas.microsoft.com/win/2004/08/events/event"><System><Provider Name="Microsoft-Windows-ActiveDirectory_DomainService" Guid="{0e8478c5-3605-4e8c-8497-1e730c959516}" EventSourceName="NTDS General"></Provider>
<EventID Qualifiers="32768">3041</EventID>
<Version>0</Version>
<Level>3</Level>
<Task>16</Task>
<Opcode>0</Opcode>
<Keywords>0x8080000000000000</Keywords>
<TimeCreated SystemTime="2026-01-21 11:17:04.014833"></TimeCreated>
<EventRecordID>433</EventRecordID>
<Correlation ActivityID="" RelatedActivityID=""></Correlation>
<Execution ProcessID="684" ThreadID="860"></Execution>
<Channel>Directory Service</Channel>
<Computer>S200401.overwatch.htb</Computer>
<Security UserID="S-1-5-7"></Security>
</System>
<EventData><Data></Data>
<Binary></Binary>
</EventData>
</Event>

<Event xmlns="http://schemas.microsoft.com/win/2004/08/events/event"><System><Provider Name="Microsoft-Windows-ActiveDirectory_DomainService" Guid="{0e8478c5-3605-4e8c-8497-1e730c959516}" EventSourceName="NTDS General"></Provider>
<EventID Qualifiers="16384">1000</EventID>
<Version>0</Version>
<Level>4</Level>
<Task>12</Task>
<Opcode>0</Opcode>
<Keywords>0x8080000000000000</Keywords>
<TimeCreated SystemTime="2026-01-21 11:17:04.014833"></TimeCreated>
<EventRecordID>434</EventRecordID>
<Correlation ActivityID="" RelatedActivityID=""></Correlation>
<Execution ProcessID="684" ThreadID="860"></Execution>
<Channel>Directory Service</Channel>
<Computer>S200401.overwatch.htb</Computer>
<Security UserID="S-1-5-7"></Security>
</System>
<EventData><Data></Data>
<Binary></Binary>
</EventData>
</Event>

<Event xmlns="http://schemas.microsoft.com/win/2004/08/events/event"><System><Provider Name="Microsoft-Windows-ActiveDirectory_DomainService" Guid="{0e8478c5-3605-4e8c-8497-1e730c959516}" EventSourceName="NTDS General"></Provider>
<EventID Qualifiers="16384">1394</EventID>
<Version>0</Version>
<Level>4</Level>
<Task>12</Task>
<Opcode>0</Opcode>
<Keywords>0x8080000000000000</Keywords>
<TimeCreated SystemTime="2026-01-21 11:17:34.015038"></TimeCreated>
<EventRecordID>435</EventRecordID>
<Correlation ActivityID="" RelatedActivityID=""></Correlation>
<Execution ProcessID="684" ThreadID="836"></Execution>
<Channel>Directory Service</Channel>
<Computer>S200401.overwatch.htb</Computer>
<Security UserID="S-1-5-7"></Security>
</System>
<EventData><Data></Data>
<Binary></Binary>
</EventData>
</Event>

<Event xmlns="http://schemas.microsoft.com/win/2004/08/events/event"><System><Provider Name="Microsoft-Windows-ActiveDirectory_DomainService" Guid="{0e8478c5-3605-4e8c-8497-1e730c959516}" EventSourceName="NTDS General"></Provider>
<EventID Qualifiers="16384">2179</EventID>
<Version>0</Version>
<Level>4</Level>
<Task>7</Task>
<Opcode>0</Opcode>
<Keywords>0x8080000000000000</Keywords>
<TimeCreated SystemTime="2026-01-21 11:27:54.593124"></TimeCreated>
<EventRecordID>436</EventRecordID>
<Correlation ActivityID="" RelatedActivityID=""></Correlation>
<Execution ProcessID="684" ThreadID="1432"></Execution>
<Channel>Directory Service</Channel>
<Computer>S200401.overwatch.htb</Computer>
<Security UserID="S-1-5-7"></Security>
</System>
<EventData><Data>&lt;string&gt;16141991191670935467&lt;/string&gt;
</Data>
<Binary></Binary>
</EventData>
</Event>

<Event xmlns="http://schemas.microsoft.com/win/2004/08/events/event"><System><Provider Name="Microsoft-Windows-ActiveDirectory_DomainService" Guid="{0e8478c5-3605-4e8c-8497-1e730c959516}" EventSourceName="NTDS General"></Provider>
<EventID Qualifiers="16384">1004</EventID>
<Version>0</Version>
<Level>4</Level>
<Task>12</Task>
<Opcode>0</Opcode>
<Keywords>0x8080000000000000</Keywords>
<TimeCreated SystemTime="2026-01-21 11:27:54.999376"></TimeCreated>
<EventRecordID>437</EventRecordID>
<Correlation ActivityID="" RelatedActivityID=""></Correlation>
<Execution ProcessID="684" ThreadID="1432"></Execution>
<Channel>Directory Service</Channel>
<Computer>S200401.overwatch.htb</Computer>
<Security UserID=""></Security>
</System>
<EventData><Data></Data>
<Binary></Binary>
</EventData>
</Event>

<Event xmlns="http://schemas.microsoft.com/win/2004/08/events/event"><System><Provider Name="Microsoft-Windows-ActiveDirectory_DomainService" Guid="{0e8478c5-3605-4e8c-8497-1e730c959516}" EventSourceName="NTDS General"></Provider>
<EventID Qualifiers="32768">3051</EventID>
<Version>0</Version>
<Level>3</Level>
<Task>2</Task>
<Opcode>0</Opcode>
<Keywords>0x8080000000000000</Keywords>
<TimeCreated SystemTime="2026-01-21 11:28:23.089552"></TimeCreated>
<EventRecordID>438</EventRecordID>
<Correlation ActivityID="{08eb812b-8ac9-0001-1c82-eb08c98adc01}" RelatedActivityID=""></Correlation>
<Execution ProcessID="684" ThreadID="688"></Execution>
<Channel>Directory Service</Channel>
<Computer>S200401.overwatch.htb</Computer>
<Security UserID="S-1-5-7"></Security>
</System>
<EventData><Data></Data>
<Binary></Binary>
</EventData>
</Event>

<Event xmlns="http://schemas.microsoft.com/win/2004/08/events/event"><System><Provider Name="Microsoft-Windows-ActiveDirectory_DomainService" Guid="{0e8478c5-3605-4e8c-8497-1e730c959516}" EventSourceName="NTDS General"></Provider>
<EventID Qualifiers="32768">3054</EventID>
<Version>0</Version>
<Level>3</Level>
<Task>2</Task>
<Opcode>0</Opcode>
<Keywords>0x8080000000000000</Keywords>
<TimeCreated SystemTime="2026-01-21 11:28:23.089552"></TimeCreated>
<EventRecordID>439</EventRecordID>
<Correlation ActivityID="{08eb812b-8ac9-0001-1c82-eb08c98adc01}" RelatedActivityID=""></Correlation>
<Execution ProcessID="684" ThreadID="688"></Execution>
<Channel>Directory Service</Channel>
<Computer>S200401.overwatch.htb</Computer>
<Security UserID="S-1-5-7"></Security>
</System>
<EventData><Data></Data>
<Binary></Binary>
</EventData>
</Event>

<Event xmlns="http://schemas.microsoft.com/win/2004/08/events/event"><System><Provider Name="Microsoft-Windows-ActiveDirectory_DomainService" Guid="{0e8478c5-3605-4e8c-8497-1e730c959516}" EventSourceName="NTDS General"></Provider>
<EventID Qualifiers="16384">2121</EventID>
<Version>0</Version>
<Level>4</Level>
<Task>7</Task>
<Opcode>0</Opcode>
<Keywords>0x8080000000000000</Keywords>
<TimeCreated SystemTime="2026-01-21 11:28:23.370802"></TimeCreated>
<EventRecordID>440</EventRecordID>
<Correlation ActivityID="{08eb812b-8ac9-0001-1c82-eb08c98adc01}" RelatedActivityID=""></Correlation>
<Execution ProcessID="684" ThreadID="688"></Execution>
<Channel>Directory Service</Channel>
<Computer>S200401.overwatch.htb</Computer>
<Security UserID="S-1-5-7"></Security>
</System>
<EventData><Data></Data>
<Binary></Binary>
</EventData>
</Event>

<Event xmlns="http://schemas.microsoft.com/win/2004/08/events/event"><System><Provider Name="Microsoft-Windows-ActiveDirectory_DomainService" Guid="{0e8478c5-3605-4e8c-8497-1e730c959516}" EventSourceName="NTDS General"></Provider>
<EventID Qualifiers="16384">2406</EventID>
<Version>0</Version>
<Level>4</Level>
<Task>7</Task>
<Opcode>0</Opcode>
<Keywords>0x8080000000000000</Keywords>
<TimeCreated SystemTime="2026-01-21 11:28:23.370802"></TimeCreated>
<EventRecordID>441</EventRecordID>
<Correlation ActivityID="{08eb812b-8ac9-0001-1c82-eb08c98adc01}" RelatedActivityID=""></Correlation>
<Execution ProcessID="684" ThreadID="688"></Execution>
<Channel>Directory Service</Channel>
<Computer>S200401.overwatch.htb</Computer>
<Security UserID="S-1-5-7"></Security>
</System>
<EventData><Data>&lt;string&gt;Recycle Bin Feature&lt;/string&gt;
</Data>
<Binary></Binary>
</EventData>
</Event>

<Event xmlns="http://schemas.microsoft.com/win/2004/08/events/event"><System><Provider Name="Microsoft-Windows-ActiveDirectory_DomainService" Guid="{0e8478c5-3605-4e8c-8497-1e730c959516}" EventSourceName="NTDS General"></Provider>
<EventID Qualifiers="16384">2406</EventID>
<Version>0</Version>
<Level>4</Level>
<Task>7</Task>
<Opcode>0</Opcode>
<Keywords>0x8080000000000000</Keywords>
<TimeCreated SystemTime="2026-01-21 11:28:23.370802"></TimeCreated>
<EventRecordID>442</EventRecordID>
<Correlation ActivityID="{08eb812b-8ac9-0001-1c82-eb08c98adc01}" RelatedActivityID=""></Correlation>
<Execution ProcessID="684" ThreadID="688"></Execution>
<Channel>Directory Service</Channel>
<Computer>S200401.overwatch.htb</Computer>
<Security UserID="S-1-5-7"></Security>
</System>
<EventData><Data>&lt;string&gt;Privileged Access Management Feature&lt;/string&gt;
</Data>
<Binary></Binary>
</EventData>
</Event>

<Event xmlns="http://schemas.microsoft.com/win/2004/08/events/event"><System><Provider Name="Microsoft-Windows-ActiveDirectory_DomainService" Guid="{0e8478c5-3605-4e8c-8497-1e730c959516}" EventSourceName="NTDS General"></Provider>
<EventID Qualifiers="16384">2168</EventID>
<Version>0</Version>
<Level>4</Level>
<Task>7</Task>
<Opcode>0</Opcode>
<Keywords>0x8080000000000000</Keywords>
<TimeCreated SystemTime="2026-01-21 11:28:23.370802"></TimeCreated>
<EventRecordID>443</EventRecordID>
<Correlation ActivityID="{08eb812b-8ac9-0001-1c82-eb08c98adc01}" RelatedActivityID=""></Correlation>
<Execution ProcessID="684" ThreadID="688"></Execution>
<Channel>Directory Service</Channel>
<Computer>S200401.overwatch.htb</Computer>
<Security UserID="S-1-5-7"></Security>
</System>
<EventData><Data>&lt;string&gt;16141991191670935467&lt;/string&gt;
</Data>
<Binary></Binary>
</EventData>
</Event>

<Event xmlns="http://schemas.microsoft.com/win/2004/08/events/event"><System><Provider Name="Microsoft-Windows-ActiveDirectory_DomainService" Guid="{0e8478c5-3605-4e8c-8497-1e730c959516}" EventSourceName="NTDS General"></Provider>
<EventID Qualifiers="16384">2172</EventID>
<Version>0</Version>
<Level>4</Level>
<Task>7</Task>
<Opcode>0</Opcode>
<Keywords>0x8080000000000000</Keywords>
<TimeCreated SystemTime="2026-01-21 11:28:23.370802"></TimeCreated>
<EventRecordID>444</EventRecordID>
<Correlation ActivityID="{08eb812b-8ac9-0001-1c82-eb08c98adc01}" RelatedActivityID=""></Correlation>
<Execution ProcessID="684" ThreadID="688"></Execution>
<Channel>Directory Service</Channel>
<Computer>S200401.overwatch.htb</Computer>
<Security UserID="S-1-5-7"></Security>
</System>
<EventData><Data>&lt;string&gt;16141991191670935467&lt;/string&gt;
</Data>
<Binary></Binary>
</EventData>
</Event>

<Event xmlns="http://schemas.microsoft.com/win/2004/08/events/event"><System><Provider Name="Microsoft-Windows-ActiveDirectory_DomainService" Guid="{0e8478c5-3605-4e8c-8497-1e730c959516}" EventSourceName="NTDS General"></Provider>
<EventID Qualifiers="16384">2405</EventID>
<Version>0</Version>
<Level>4</Level>
<Task>7</Task>
<Opcode>0</Opcode>
<Keywords>0x8080000000000000</Keywords>
<TimeCreated SystemTime="2026-01-21 11:28:23.386435"></TimeCreated>
<EventRecordID>445</EventRecordID>
<Correlation ActivityID="" RelatedActivityID=""></Correlation>
<Execution ProcessID="684" ThreadID="836"></Execution>
<Channel>Directory Service</Channel>
<Computer>S200401.overwatch.htb</Computer>
<Security UserID="S-1-5-7"></Security>
</System>
<EventData><Data>&lt;string&gt;Privileged Access Management Feature&lt;/string&gt;
</Data>
<Binary></Binary>
</EventData>
</Event>

<Event xmlns="http://schemas.microsoft.com/win/2004/08/events/event"><System><Provider Name="Microsoft-Windows-ActiveDirectory_DomainService" Guid="{0e8478c5-3605-4e8c-8497-1e730c959516}" EventSourceName="NTDS General"></Provider>
<EventID Qualifiers="16384">2120</EventID>
<Version>0</Version>
<Level>4</Level>
<Task>7</Task>
<Opcode>0</Opcode>
<Keywords>0x8080000000000000</Keywords>
<TimeCreated SystemTime="2026-01-21 11:28:23.386435"></TimeCreated>
<EventRecordID>446</EventRecordID>
<Correlation ActivityID="" RelatedActivityID=""></Correlation>
<Execution ProcessID="684" ThreadID="836"></Execution>
<Channel>Directory Service</Channel>
<Computer>S200401.overwatch.htb</Computer>
<Security UserID="S-1-5-7"></Security>
</System>
<EventData><Data></Data>
<Binary></Binary>
</EventData>
</Event>

<Event xmlns="http://schemas.microsoft.com/win/2004/08/events/event"><System><Provider Name="Microsoft-Windows-ActiveDirectory_DomainService" Guid="{0e8478c5-3605-4e8c-8497-1e730c959516}" EventSourceName="NTDS General"></Provider>
<EventID Qualifiers="16384">2405</EventID>
<Version>0</Version>
<Level>4</Level>
<Task>7</Task>
<Opcode>0</Opcode>
<Keywords>0x8080000000000000</Keywords>
<TimeCreated SystemTime="2026-01-21 11:28:23.386435"></TimeCreated>
<EventRecordID>447</EventRecordID>
<Correlation ActivityID="" RelatedActivityID=""></Correlation>
<Execution ProcessID="684" ThreadID="836"></Execution>
<Channel>Directory Service</Channel>
<Computer>S200401.overwatch.htb</Computer>
<Security UserID="S-1-5-7"></Security>
</System>
<EventData><Data>&lt;string&gt;Recycle Bin Feature&lt;/string&gt;
</Data>
<Binary></Binary>
</EventData>
</Event>

<Event xmlns="http://schemas.microsoft.com/win/2004/08/events/event"><System><Provider Name="Microsoft-Windows-ActiveDirectory_DomainService" Guid="{0e8478c5-3605-4e8c-8497-1e730c959516}" EventSourceName="NTDS General"></Provider>
<EventID Qualifiers="32768">2886</EventID>
<Version>0</Version>
<Level>3</Level>
<Task>16</Task>
<Opcode>0</Opcode>
<Keywords>0x8080000000000000</Keywords>
<TimeCreated SystemTime="2026-01-21 11:28:33.402061"></TimeCreated>
<EventRecordID>448</EventRecordID>
<Correlation ActivityID="" RelatedActivityID=""></Correlation>
<Execution ProcessID="684" ThreadID="856"></Execution>
<Channel>Directory Service</Channel>
<Computer>S200401.overwatch.htb</Computer>
<Security UserID="S-1-5-7"></Security>
</System>
<EventData><Data></Data>
<Binary></Binary>
</EventData>
</Event>

<Event xmlns="http://schemas.microsoft.com/win/2004/08/events/event"><System><Provider Name="Microsoft-Windows-ActiveDirectory_DomainService" Guid="{0e8478c5-3605-4e8c-8497-1e730c959516}" EventSourceName="NTDS General"></Provider>
<EventID Qualifiers="32768">3041</EventID>
<Version>0</Version>
<Level>3</Level>
<Task>16</Task>
<Opcode>0</Opcode>
<Keywords>0x8080000000000000</Keywords>
<TimeCreated SystemTime="2026-01-21 11:28:33.402061"></TimeCreated>
<EventRecordID>449</EventRecordID>
<Correlation ActivityID="" RelatedActivityID=""></Correlation>
<Execution ProcessID="684" ThreadID="856"></Execution>
<Channel>Directory Service</Channel>
<Computer>S200401.overwatch.htb</Computer>
<Security UserID="S-1-5-7"></Security>
</System>
<EventData><Data></Data>
<Binary></Binary>
</EventData>
</Event>

<Event xmlns="http://schemas.microsoft.com/win/2004/08/events/event"><System><Provider Name="Microsoft-Windows-ActiveDirectory_DomainService" Guid="{0e8478c5-3605-4e8c-8497-1e730c959516}" EventSourceName="NTDS General"></Provider>
<EventID Qualifiers="16384">1000</EventID>
<Version>0</Version>
<Level>4</Level>
<Task>12</Task>
<Opcode>0</Opcode>
<Keywords>0x8080000000000000</Keywords>
<TimeCreated SystemTime="2026-01-21 11:28:33.402061"></TimeCreated>
<EventRecordID>450</EventRecordID>
<Correlation ActivityID="" RelatedActivityID=""></Correlation>
<Execution ProcessID="684" ThreadID="856"></Execution>
<Channel>Directory Service</Channel>
<Computer>S200401.overwatch.htb</Computer>
<Security UserID="S-1-5-7"></Security>
</System>
<EventData><Data></Data>
<Binary></Binary>
</EventData>
</Event>

<Event xmlns="http://schemas.microsoft.com/win/2004/08/events/event"><System><Provider Name="Microsoft-Windows-ActiveDirectory_DomainService" Guid="{0e8478c5-3605-4e8c-8497-1e730c959516}" EventSourceName="NTDS General"></Provider>
<EventID Qualifiers="16384">1394</EventID>
<Version>0</Version>
<Level>4</Level>
<Task>12</Task>
<Opcode>0</Opcode>
<Keywords>0x8080000000000000</Keywords>
<TimeCreated SystemTime="2026-01-21 11:29:03.418406"></TimeCreated>
<EventRecordID>451</EventRecordID>
<Correlation ActivityID="" RelatedActivityID=""></Correlation>
<Execution ProcessID="684" ThreadID="836"></Execution>
<Channel>Directory Service</Channel>
<Computer>S200401.overwatch.htb</Computer>
<Security UserID="S-1-5-7"></Security>
</System>
<EventData><Data></Data>
<Binary></Binary>
</EventData>
</Event>

<Event xmlns="http://schemas.microsoft.com/win/2004/08/events/event"><System><Provider Name="Microsoft-Windows-ActiveDirectory_DomainService" Guid="{0e8478c5-3605-4e8c-8497-1e730c959516}" EventSourceName="NTDS General"></Provider>
<EventID Qualifiers="16384">2179</EventID>
<Version>0</Version>
<Level>4</Level>
<Task>7</Task>
<Opcode>0</Opcode>
<Keywords>0x8080000000000000</Keywords>
<TimeCreated SystemTime="2026-01-21 11:35:06.668377"></TimeCreated>
<EventRecordID>452</EventRecordID>
<Correlation ActivityID="" RelatedActivityID=""></Correlation>
<Execution ProcessID="684" ThreadID="1548"></Execution>
<Channel>Directory Service</Channel>
<Computer>S200401.overwatch.htb</Computer>
<Security UserID="S-1-5-7"></Security>
</System>
<EventData><Data>&lt;string&gt;16141991191670935467&lt;/string&gt;
</Data>
<Binary></Binary>
</EventData>
</Event>

<Event xmlns="http://schemas.microsoft.com/win/2004/08/events/event"><System><Provider Name="Microsoft-Windows-ActiveDirectory_DomainService" Guid="{0e8478c5-3605-4e8c-8497-1e730c959516}" EventSourceName="NTDS General"></Provider>
<EventID Qualifiers="16384">1004</EventID>
<Version>0</Version>
<Level>4</Level>
<Task>12</Task>
<Opcode>0</Opcode>
<Keywords>0x8080000000000000</Keywords>
<TimeCreated SystemTime="2026-01-21 11:35:07.012106"></TimeCreated>
<EventRecordID>453</EventRecordID>
<Correlation ActivityID="" RelatedActivityID=""></Correlation>
<Execution ProcessID="684" ThreadID="1548"></Execution>
<Channel>Directory Service</Channel>
<Computer>S200401.overwatch.htb</Computer>
<Security UserID=""></Security>
</System>
<EventData><Data></Data>
<Binary></Binary>
</EventData>
</Event>

<Event xmlns="http://schemas.microsoft.com/win/2004/08/events/event"><System><Provider Name="Microsoft-Windows-ActiveDirectory_DomainService" Guid="{0e8478c5-3605-4e8c-8497-1e730c959516}" EventSourceName="NTDS General"></Provider>
<EventID Qualifiers="32768">3051</EventID>
<Version>0</Version>
<Level>3</Level>
<Task>2</Task>
<Opcode>0</Opcode>
<Keywords>0x8080000000000000</Keywords>
<TimeCreated SystemTime="2026-01-21 11:35:30.638189"></TimeCreated>
<EventRecordID>454</EventRecordID>
<Correlation ActivityID="{07fdbfc4-8aca-0001-67c0-fd07ca8adc01}" RelatedActivityID=""></Correlation>
<Execution ProcessID="676" ThreadID="680"></Execution>
<Channel>Directory Service</Channel>
<Computer>S200401.overwatch.htb</Computer>
<Security UserID="S-1-5-7"></Security>
</System>
<EventData><Data></Data>
<Binary></Binary>
</EventData>
</Event>

<Event xmlns="http://schemas.microsoft.com/win/2004/08/events/event"><System><Provider Name="Microsoft-Windows-ActiveDirectory_DomainService" Guid="{0e8478c5-3605-4e8c-8497-1e730c959516}" EventSourceName="NTDS General"></Provider>
<EventID Qualifiers="32768">3054</EventID>
<Version>0</Version>
<Level>3</Level>
<Task>2</Task>
<Opcode>0</Opcode>
<Keywords>0x8080000000000000</Keywords>
<TimeCreated SystemTime="2026-01-21 11:35:30.638189"></TimeCreated>
<EventRecordID>455</EventRecordID>
<Correlation ActivityID="{07fdbfc4-8aca-0001-67c0-fd07ca8adc01}" RelatedActivityID=""></Correlation>
<Execution ProcessID="676" ThreadID="680"></Execution>
<Channel>Directory Service</Channel>
<Computer>S200401.overwatch.htb</Computer>
<Security UserID="S-1-5-7"></Security>
</System>
<EventData><Data></Data>
<Binary></Binary>
</EventData>
</Event>

<Event xmlns="http://schemas.microsoft.com/win/2004/08/events/event"><System><Provider Name="Microsoft-Windows-ActiveDirectory_DomainService" Guid="{0e8478c5-3605-4e8c-8497-1e730c959516}" EventSourceName="NTDS General"></Provider>
<EventID Qualifiers="16384">2121</EventID>
<Version>0</Version>
<Level>4</Level>
<Task>7</Task>
<Opcode>0</Opcode>
<Keywords>0x8080000000000000</Keywords>
<TimeCreated SystemTime="2026-01-21 11:35:30.872751"></TimeCreated>
<EventRecordID>456</EventRecordID>
<Correlation ActivityID="{07fdbfc4-8aca-0001-67c0-fd07ca8adc01}" RelatedActivityID=""></Correlation>
<Execution ProcessID="676" ThreadID="680"></Execution>
<Channel>Directory Service</Channel>
<Computer>S200401.overwatch.htb</Computer>
<Security UserID="S-1-5-7"></Security>
</System>
<EventData><Data></Data>
<Binary></Binary>
</EventData>
</Event>

<Event xmlns="http://schemas.microsoft.com/win/2004/08/events/event"><System><Provider Name="Microsoft-Windows-ActiveDirectory_DomainService" Guid="{0e8478c5-3605-4e8c-8497-1e730c959516}" EventSourceName="NTDS General"></Provider>
<EventID Qualifiers="16384">2406</EventID>
<Version>0</Version>
<Level>4</Level>
<Task>7</Task>
<Opcode>0</Opcode>
<Keywords>0x8080000000000000</Keywords>
<TimeCreated SystemTime="2026-01-21 11:35:30.872751"></TimeCreated>
<EventRecordID>457</EventRecordID>
<Correlation ActivityID="{07fdbfc4-8aca-0001-67c0-fd07ca8adc01}" RelatedActivityID=""></Correlation>
<Execution ProcessID="676" ThreadID="680"></Execution>
<Channel>Directory Service</Channel>
<Computer>S200401.overwatch.htb</Computer>
<Security UserID="S-1-5-7"></Security>
</System>
<EventData><Data>&lt;string&gt;Recycle Bin Feature&lt;/string&gt;
</Data>
<Binary></Binary>
</EventData>
</Event>

<Event xmlns="http://schemas.microsoft.com/win/2004/08/events/event"><System><Provider Name="Microsoft-Windows-ActiveDirectory_DomainService" Guid="{0e8478c5-3605-4e8c-8497-1e730c959516}" EventSourceName="NTDS General"></Provider>
<EventID Qualifiers="16384">2406</EventID>
<Version>0</Version>
<Level>4</Level>
<Task>7</Task>
<Opcode>0</Opcode>
<Keywords>0x8080000000000000</Keywords>
<TimeCreated SystemTime="2026-01-21 11:35:30.872751"></TimeCreated>
<EventRecordID>458</EventRecordID>
<Correlation ActivityID="{07fdbfc4-8aca-0001-67c0-fd07ca8adc01}" RelatedActivityID=""></Correlation>
<Execution ProcessID="676" ThreadID="680"></Execution>
<Channel>Directory Service</Channel>
<Computer>S200401.overwatch.htb</Computer>
<Security UserID="S-1-5-7"></Security>
</System>
<EventData><Data>&lt;string&gt;Privileged Access Management Feature&lt;/string&gt;
</Data>
<Binary></Binary>
</EventData>
</Event>

<Event xmlns="http://schemas.microsoft.com/win/2004/08/events/event"><System><Provider Name="Microsoft-Windows-ActiveDirectory_DomainService" Guid="{0e8478c5-3605-4e8c-8497-1e730c959516}" EventSourceName="NTDS General"></Provider>
<EventID Qualifiers="16384">2168</EventID>
<Version>0</Version>
<Level>4</Level>
<Task>7</Task>
<Opcode>0</Opcode>
<Keywords>0x8080000000000000</Keywords>
<TimeCreated SystemTime="2026-01-21 11:35:30.872751"></TimeCreated>
<EventRecordID>459</EventRecordID>
<Correlation ActivityID="{07fdbfc4-8aca-0001-67c0-fd07ca8adc01}" RelatedActivityID=""></Correlation>
<Execution ProcessID="676" ThreadID="680"></Execution>
<Channel>Directory Service</Channel>
<Computer>S200401.overwatch.htb</Computer>
<Security UserID="S-1-5-7"></Security>
</System>
<EventData><Data>&lt;string&gt;16141991191670935467&lt;/string&gt;
</Data>
<Binary></Binary>
</EventData>
</Event>

<Event xmlns="http://schemas.microsoft.com/win/2004/08/events/event"><System><Provider Name="Microsoft-Windows-ActiveDirectory_DomainService" Guid="{0e8478c5-3605-4e8c-8497-1e730c959516}" EventSourceName="NTDS General"></Provider>
<EventID Qualifiers="16384">2172</EventID>
<Version>0</Version>
<Level>4</Level>
<Task>7</Task>
<Opcode>0</Opcode>
<Keywords>0x8080000000000000</Keywords>
<TimeCreated SystemTime="2026-01-21 11:35:30.872751"></TimeCreated>
<EventRecordID>460</EventRecordID>
<Correlation ActivityID="{07fdbfc4-8aca-0001-67c0-fd07ca8adc01}" RelatedActivityID=""></Correlation>
<Execution ProcessID="676" ThreadID="680"></Execution>
<Channel>Directory Service</Channel>
<Computer>S200401.overwatch.htb</Computer>
<Security UserID="S-1-5-7"></Security>
</System>
<EventData><Data>&lt;string&gt;16141991191670935467&lt;/string&gt;
</Data>
<Binary></Binary>
</EventData>
</Event>

