<Event xmlns="http://schemas.microsoft.com/win/2004/08/events/event"><System><Provider Name="Microsoft-Windows-ActiveDirectory_DomainService" Guid="{0e8478c5-3605-4e8c-8497-1e730c959516}" EventSourceName="NTDS General"></Provider>
<EventID Qualifiers="16384">1004</EventID>
<Version>0</Version>
<Level>4</Level>
<Task>12</Task>
<Opcode>0</Opcode>
<Keywords>0x8080000000000000</Keywords>
<TimeCreated SystemTime="2026-01-01 07:18:22.013752"></TimeCreated>
<EventRecordID>294</EventRecordID>
<Correlation ActivityID="" RelatedActivityID=""></Correlation>
<Execution ProcessID="696" ThreadID="1540"></Execution>
<Channel>Directory Service</Channel>
<Computer>S200401.overwatch.htb</Computer>
<Security UserID=""></Security>
</System>
<EventData><Data></Data>
<Binary></Binary>
</EventData>
</Event>

<Event xmlns="http://schemas.microsoft.com/win/2004/08/events/event"><System><Provider Name="Microsoft-Windows-ActiveDirectory_DomainService" Guid="{0e8478c5-3605-4e8c-8497-1e730c959516}" EventSourceName="NTDS General"></Provider>
<EventID Qualifiers="32768">3051</EventID>
<Version>0</Version>
<Level>3</Level>
<Task>2</Task>
<Opcode>0</Opcode>
<Keywords>0x8080000000000000</Keywords>
<TimeCreated SystemTime="2026-01-01 07:18:51.029928"></TimeCreated>
<EventRecordID>295</EventRecordID>
<Correlation ActivityID="{db6eb5ff-7aee-0000-aab6-6edbee7adc01}" RelatedActivityID=""></Correlation>
<Execution ProcessID="688" ThreadID="692"></Execution>
<Channel>Directory Service</Channel>
<Computer>S200401.overwatch.htb</Computer>
<Security UserID="S-1-5-7"></Security>
</System>
<EventData><Data></Data>
<Binary></Binary>
</EventData>
</Event>

<Event xmlns="http://schemas.microsoft.com/win/2004/08/events/event"><System><Provider Name="Microsoft-Windows-ActiveDirectory_DomainService" Guid="{0e8478c5-3605-4e8c-8497-1e730c959516}" EventSourceName="NTDS General"></Provider>
<EventID Qualifiers="32768">3054</EventID>
<Version>0</Version>
<Level>3</Level>
<Task>2</Task>
<Opcode>0</Opcode>
<Keywords>0x8080000000000000</Keywords>
<TimeCreated SystemTime="2026-01-01 07:18:51.029928"></TimeCreated>
<EventRecordID>296</EventRecordID>
<Correlation ActivityID="{db6eb5ff-7aee-0000-aab6-6edbee7adc01}" RelatedActivityID=""></Correlation>
<Execution ProcessID="688" ThreadID="692"></Execution>
<Channel>Directory Service</Channel>
<Computer>S200401.overwatch.htb</Computer>
<Security UserID="S-1-5-7"></Security>
</System>
<EventData><Data></Data>
<Binary></Binary>
</EventData>
</Event>

<Event xmlns="http://schemas.microsoft.com/win/2004/08/events/event"><System><Provider Name="Microsoft-Windows-ActiveDirectory_DomainService" Guid="{0e8478c5-3605-4e8c-8497-1e730c959516}" EventSourceName="NTDS General"></Provider>
<EventID Qualifiers="16384">2121</EventID>
<Version>0</Version>
<Level>4</Level>
<Task>7</Task>
<Opcode>0</Opcode>
<Keywords>0x8080000000000000</Keywords>
<TimeCreated SystemTime="2026-01-01 07:18:51.279943"></TimeCreated>
<EventRecordID>297</EventRecordID>
<Correlation ActivityID="{db6eb5ff-7aee-0000-aab6-6edbee7adc01}" RelatedActivityID=""></Correlation>
<Execution ProcessID="688" ThreadID="692"></Execution>
<Channel>Directory Service</Channel>
<Computer>S200401.overwatch.htb</Computer>
<Security UserID="S-1-5-7"></Security>
</System>
<EventData><Data></Data>
<Binary></Binary>
</EventData>
</Event>

<Event xmlns="http://schemas.microsoft.com/win/2004/08/events/event"><System><Provider Name="Microsoft-Windows-ActiveDirectory_DomainService" Guid="{0e8478c5-3605-4e8c-8497-1e730c959516}" EventSourceName="NTDS General"></Provider>
<EventID Qualifiers="16384">2406</EventID>
<Version>0</Version>
<Level>4</Level>
<Task>7</Task>
<Opcode>0</Opcode>
<Keywords>0x8080000000000000</Keywords>
<TimeCreated SystemTime="2026-01-01 07:18:51.279943"></TimeCreated>
<EventRecordID>298</EventRecordID>
<Correlation ActivityID="{db6eb5ff-7aee-0000-aab6-6edbee7adc01}" RelatedActivityID=""></Correlation>
<Execution ProcessID="688" ThreadID="692"></Execution>
<Channel>Directory Service</Channel>
<Computer>S200401.overwatch.htb</Computer>
<Security UserID="S-1-5-7"></Security>
</System>
<EventData><Data>&lt;string&gt;Recycle Bin Feature&lt;/string&gt;
</Data>
<Binary></Binary>
</EventData>
</Event>

<Event xmlns="http://schemas.microsoft.com/win/2004/08/events/event"><System><Provider Name="Microsoft-Windows-ActiveDirectory_DomainService" Guid="{0e8478c5-3605-4e8c-8497-1e730c959516}" EventSourceName="NTDS General"></Provider>
<EventID Qualifiers="16384">2406</EventID>
<Version>0</Version>
<Level>4</Level>
<Task>7</Task>
<Opcode>0</Opcode>
<Keywords>0x8080000000000000</Keywords>
<TimeCreated SystemTime="2026-01-01 07:18:51.279943"></TimeCreated>
<EventRecordID>299</EventRecordID>
<Correlation ActivityID="{db6eb5ff-7aee-0000-aab6-6edbee7adc01}" RelatedActivityID=""></Correlation>
<Execution ProcessID="688" ThreadID="692"></Execution>
<Channel>Directory Service</Channel>
<Computer>S200401.overwatch.htb</Computer>
<Security UserID="S-1-5-7"></Security>
</System>
<EventData><Data>&lt;string&gt;Privileged Access Management Feature&lt;/string&gt;
</Data>
<Binary></Binary>
</EventData>
</Event>

<Event xmlns="http://schemas.microsoft.com/win/2004/08/events/event"><System><Provider Name="Microsoft-Windows-ActiveDirectory_DomainService" Guid="{0e8478c5-3605-4e8c-8497-1e730c959516}" EventSourceName="NTDS General"></Provider>
<EventID Qualifiers="16384">2168</EventID>
<Version>0</Version>
<Level>4</Level>
<Task>7</Task>
<Opcode>0</Opcode>
<Keywords>0x8080000000000000</Keywords>
<TimeCreated SystemTime="2026-01-01 07:18:51.279943"></TimeCreated>
<EventRecordID>300</EventRecordID>
<Correlation ActivityID="{db6eb5ff-7aee-0000-aab6-6edbee7adc01}" RelatedActivityID=""></Correlation>
<Execution ProcessID="688" ThreadID="692"></Execution>
<Channel>Directory Service</Channel>
<Computer>S200401.overwatch.htb</Computer>
<Security UserID="S-1-5-7"></Security>
</System>
<EventData><Data>&lt;string&gt;4374544386471982988&lt;/string&gt;
</Data>
<Binary></Binary>
</EventData>
</Event>

<Event xmlns="http://schemas.microsoft.com/win/2004/08/events/event"><System><Provider Name="Microsoft-Windows-ActiveDirectory_DomainService" Guid="{0e8478c5-3605-4e8c-8497-1e730c959516}" EventSourceName="NTDS General"></Provider>
<EventID Qualifiers="16384">2172</EventID>
<Version>0</Version>
<Level>4</Level>
<Task>7</Task>
<Opcode>0</Opcode>
<Keywords>0x8080000000000000</Keywords>
<TimeCreated SystemTime="2026-01-01 07:18:51.279943"></TimeCreated>
<EventRecordID>301</EventRecordID>
<Correlation ActivityID="{db6eb5ff-7aee-0000-aab6-6edbee7adc01}" RelatedActivityID=""></Correlation>
<Execution ProcessID="688" ThreadID="692"></Execution>
<Channel>Directory Service</Channel>
<Computer>S200401.overwatch.htb</Computer>
<Security UserID="S-1-5-7"></Security>
</System>
<EventData><Data>&lt;string&gt;4374544386471982988&lt;/string&gt;
</Data>
<Binary></Binary>
</EventData>
</Event>

<Event xmlns="http://schemas.microsoft.com/win/2004/08/events/event"><System><Provider Name="Microsoft-Windows-ActiveDirectory_DomainService" Guid="{0e8478c5-3605-4e8c-8497-1e730c959516}" EventSourceName="NTDS General"></Provider>
<EventID Qualifiers="16384">2405</EventID>
<Version>0</Version>
<Level>4</Level>
<Task>7</Task>
<Opcode>0</Opcode>
<Keywords>0x8080000000000000</Keywords>
<TimeCreated SystemTime="2026-01-01 07:18:51.279943"></TimeCreated>
<EventRecordID>302</EventRecordID>
<Correlation ActivityID="" RelatedActivityID=""></Correlation>
<Execution ProcessID="688" ThreadID="852"></Execution>
<Channel>Directory Service</Channel>
<Computer>S200401.overwatch.htb</Computer>
<Security UserID="S-1-5-7"></Security>
</System>
<EventData><Data>&lt;string&gt;Privileged Access Management Feature&lt;/string&gt;
</Data>
<Binary></Binary>
</EventData>
</Event>

<Event xmlns="http://schemas.microsoft.com/win/2004/08/events/event"><System><Provider Name="Microsoft-Windows-ActiveDirectory_DomainService" Guid="{0e8478c5-3605-4e8c-8497-1e730c959516}" EventSourceName="NTDS General"></Provider>
<EventID Qualifiers="16384">2120</EventID>
<Version>0</Version>
<Level>4</Level>
<Task>7</Task>
<Opcode>0</Opcode>
<Keywords>0x8080000000000000</Keywords>
<TimeCreated SystemTime="2026-01-01 07:18:51.279943"></TimeCreated>
<EventRecordID>303</EventRecordID>
<Correlation ActivityID="" RelatedActivityID=""></Correlation>
<Execution ProcessID="688" ThreadID="852"></Execution>
<Channel>Directory Service</Channel>
<Computer>S200401.overwatch.htb</Computer>
<Security UserID="S-1-5-7"></Security>
</System>
<EventData><Data></Data>
<Binary></Binary>
</EventData>
</Event>

<Event xmlns="http://schemas.microsoft.com/win/2004/08/events/event"><System><Provider Name="Microsoft-Windows-ActiveDirectory_DomainService" Guid="{0e8478c5-3605-4e8c-8497-1e730c959516}" EventSourceName="NTDS General"></Provider>
<EventID Qualifiers="16384">2405</EventID>
<Version>0</Version>
<Level>4</Level>
<Task>7</Task>
<Opcode>0</Opcode>
<Keywords>0x8080000000000000</Keywords>
<TimeCreated SystemTime="2026-01-01 07:18:51.279943"></TimeCreated>
<EventRecordID>304</EventRecordID>
<Correlation ActivityID="" RelatedActivityID=""></Correlation>
<Execution ProcessID="688" ThreadID="852"></Execution>
<Channel>Directory Service</Channel>
<Computer>S200401.overwatch.htb</Computer>
<Security UserID="S-1-5-7"></Security>
</System>
<EventData><Data>&lt;string&gt;Recycle Bin Feature&lt;/string&gt;
</Data>
<Binary></Binary>
</EventData>
</Event>

<Event xmlns="http://schemas.microsoft.com/win/2004/08/events/event"><System><Provider Name="Microsoft-Windows-ActiveDirectory_DomainService" Guid="{0e8478c5-3605-4e8c-8497-1e730c959516}" EventSourceName="NTDS General"></Provider>
<EventID Qualifiers="32768">2886</EventID>
<Version>0</Version>
<Level>3</Level>
<Task>16</Task>
<Opcode>0</Opcode>
<Keywords>0x8080000000000000</Keywords>
<TimeCreated SystemTime="2026-01-01 07:19:01.295591"></TimeCreated>
<EventRecordID>305</EventRecordID>
<Correlation ActivityID="" RelatedActivityID=""></Correlation>
<Execution ProcessID="688" ThreadID="872"></Execution>
<Channel>Directory Service</Channel>
<Computer>S200401.overwatch.htb</Computer>
<Security UserID="S-1-5-7"></Security>
</System>
<EventData><Data></Data>
<Binary></Binary>
</EventData>
</Event>

<Event xmlns="http://schemas.microsoft.com/win/2004/08/events/event"><System><Provider Name="Microsoft-Windows-ActiveDirectory_DomainService" Guid="{0e8478c5-3605-4e8c-8497-1e730c959516}" EventSourceName="NTDS General"></Provider>
<EventID Qualifiers="32768">3041</EventID>
<Version>0</Version>
<Level>3</Level>
<Task>16</Task>
<Opcode>0</Opcode>
<Keywords>0x8080000000000000</Keywords>
<TimeCreated SystemTime="2026-01-01 07:19:01.295591"></TimeCreated>
<EventRecordID>306</EventRecordID>
<Correlation ActivityID="" RelatedActivityID=""></Correlation>
<Execution ProcessID="688" ThreadID="872"></Execution>
<Channel>Directory Service</Channel>
<Computer>S200401.overwatch.htb</Computer>
<Security UserID="S-1-5-7"></Security>
</System>
<EventData><Data></Data>
<Binary></Binary>
</EventData>
</Event>

<Event xmlns="http://schemas.microsoft.com/win/2004/08/events/event"><System><Provider Name="Microsoft-Windows-ActiveDirectory_DomainService" Guid="{0e8478c5-3605-4e8c-8497-1e730c959516}" EventSourceName="NTDS General"></Provider>
<EventID Qualifiers="16384">1000</EventID>
<Version>0</Version>
<Level>4</Level>
<Task>12</Task>
<Opcode>0</Opcode>
<Keywords>0x8080000000000000</Keywords>
<TimeCreated SystemTime="2026-01-01 07:19:01.295591"></TimeCreated>
<EventRecordID>307</EventRecordID>
<Correlation ActivityID="" RelatedActivityID=""></Correlation>
<Execution ProcessID="688" ThreadID="872"></Execution>
<Channel>Directory Service</Channel>
<Computer>S200401.overwatch.htb</Computer>
<Security UserID="S-1-5-7"></Security>
</System>
<EventData><Data></Data>
<Binary></Binary>
</EventData>
</Event>

<Event xmlns="http://schemas.microsoft.com/win/2004/08/events/event"><System><Provider Name="Microsoft-Windows-ActiveDirectory_DomainService" Guid="{0e8478c5-3605-4e8c-8497-1e730c959516}" EventSourceName="NTDS General"></Provider>
<EventID Qualifiers="16384">1394</EventID>
<Version>0</Version>
<Level>4</Level>
<Task>12</Task>
<Opcode>0</Opcode>
<Keywords>0x8080000000000000</Keywords>
<TimeCreated SystemTime="2026-01-01 07:19:31.299583"></TimeCreated>
<EventRecordID>308</EventRecordID>
<Correlation ActivityID="" RelatedActivityID=""></Correlation>
<Execution ProcessID="688" ThreadID="852"></Execution>
<Channel>Directory Service</Channel>
<Computer>S200401.overwatch.htb</Computer>
<Security UserID="S-1-5-7"></Security>
</System>
<EventData><Data></Data>
<Binary></Binary>
</EventData>
</Event>

<Event xmlns="http://schemas.microsoft.com/win/2004/08/events/event"><System><Provider Name="Microsoft-Windows-ActiveDirectory_DomainService" Guid="{0e8478c5-3605-4e8c-8497-1e730c959516}" EventSourceName="NTDS General"></Provider>
<EventID Qualifiers="16384">2179</EventID>
<Version>0</Version>
<Level>4</Level>
<Task>7</Task>
<Opcode>0</Opcode>
<Keywords>0x8080000000000000</Keywords>
<TimeCreated SystemTime="2026-01-01 07:26:20.877708"></TimeCreated>
<EventRecordID>309</EventRecordID>
<Correlation ActivityID="" RelatedActivityID=""></Correlation>
<Execution ProcessID="688" ThreadID="1400"></Execution>
<Channel>Directory Service</Channel>
<Computer>S200401.overwatch.htb</Computer>
<Security UserID="S-1-5-7"></Security>
</System>
<EventData><Data>&lt;string&gt;4374544386471982988&lt;/string&gt;
</Data>
<Binary></Binary>
</EventData>
</Event>

<Event xmlns="http://schemas.microsoft.com/win/2004/08/events/event"><System><Provider Name="Microsoft-Windows-ActiveDirectory_DomainService" Guid="{0e8478c5-3605-4e8c-8497-1e730c959516}" EventSourceName="NTDS General"></Provider>
<EventID Qualifiers="16384">1004</EventID>
<Version>0</Version>
<Level>4</Level>
<Task>12</Task>
<Opcode>0</Opcode>
<Keywords>0x8080000000000000</Keywords>
<TimeCreated SystemTime="2026-01-01 07:26:22.846485"></TimeCreated>
<EventRecordID>310</EventRecordID>
<Correlation ActivityID="" RelatedActivityID=""></Correlation>
<Execution ProcessID="688" ThreadID="1400"></Execution>
<Channel>Directory Service</Channel>
<Computer>S200401.overwatch.htb</Computer>
<Security UserID=""></Security>
</System>
<EventData><Data></Data>
<Binary></Binary>
</EventData>
</Event>

<Event xmlns="http://schemas.microsoft.com/win/2004/08/events/event"><System><Provider Name="Microsoft-Windows-ActiveDirectory_DomainService" Guid="{0e8478c5-3605-4e8c-8497-1e730c959516}" EventSourceName="NTDS General"></Provider>
<EventID Qualifiers="32768">3051</EventID>
<Version>0</Version>
<Level>3</Level>
<Task>2</Task>
<Opcode>0</Opcode>
<Keywords>0x8080000000000000</Keywords>
<TimeCreated SystemTime="2026-01-06 11:22:55.498550"></TimeCreated>
<EventRecordID>311</EventRecordID>
<Correlation ActivityID="{c9ca111c-7efe-0001-cc11-cac9fe7edc01}" RelatedActivityID=""></Correlation>
<Execution ProcessID="680" ThreadID="684"></Execution>
<Channel>Directory Service</Channel>
<Computer>S200401.overwatch.htb</Computer>
<Security UserID="S-1-5-7"></Security>
</System>
<EventData><Data></Data>
<Binary></Binary>
</EventData>
</Event>

<Event xmlns="http://schemas.microsoft.com/win/2004/08/events/event"><System><Provider Name="Microsoft-Windows-ActiveDirectory_DomainService" Guid="{0e8478c5-3605-4e8c-8497-1e730c959516}" EventSourceName="NTDS General"></Provider>
<EventID Qualifiers="32768">3054</EventID>
<Version>0</Version>
<Level>3</Level>
<Task>2</Task>
<Opcode>0</Opcode>
<Keywords>0x8080000000000000</Keywords>
<TimeCreated SystemTime="2026-01-06 11:22:55.498550"></TimeCreated>
<EventRecordID>312</EventRecordID>
<Correlation ActivityID="{c9ca111c-7efe-0001-cc11-cac9fe7edc01}" RelatedActivityID=""></Correlation>
<Execution ProcessID="680" ThreadID="684"></Execution>
<Channel>Directory Service</Channel>
<Computer>S200401.overwatch.htb</Computer>
<Security UserID="S-1-5-7"></Security>
</System>
<EventData><Data></Data>
<Binary></Binary>
</EventData>
</Event>

<Event xmlns="http://schemas.microsoft.com/win/2004/08/events/event"><System><Provider Name="Microsoft-Windows-ActiveDirectory_DomainService" Guid="{0e8478c5-3605-4e8c-8497-1e730c959516}" EventSourceName="NTDS General"></Provider>
<EventID Qualifiers="16384">2121</EventID>
<Version>0</Version>
<Level>4</Level>
<Task>7</Task>
<Opcode>0</Opcode>
<Keywords>0x8080000000000000</Keywords>
<TimeCreated SystemTime="2026-01-06 11:22:55.701675"></TimeCreated>
<EventRecordID>313</EventRecordID>
<Correlation ActivityID="{c9ca111c-7efe-0001-cc11-cac9fe7edc01}" RelatedActivityID=""></Correlation>
<Execution ProcessID="680" ThreadID="684"></Execution>
<Channel>Directory Service</Channel>
<Computer>S200401.overwatch.htb</Computer>
<Security UserID="S-1-5-7"></Security>
</System>
<EventData><Data></Data>
<Binary></Binary>
</EventData>
</Event>

<Event xmlns="http://schemas.microsoft.com/win/2004/08/events/event"><System><Provider Name="Microsoft-Windows-ActiveDirectory_DomainService" Guid="{0e8478c5-3605-4e8c-8497-1e730c959516}" EventSourceName="NTDS General"></Provider>
<EventID Qualifiers="16384">2406</EventID>
<Version>0</Version>
<Level>4</Level>
<Task>7</Task>
<Opcode>0</Opcode>
<Keywords>0x8080000000000000</Keywords>
<TimeCreated SystemTime="2026-01-06 11:22:55.701675"></TimeCreated>
<EventRecordID>314</EventRecordID>
<Correlation ActivityID="{c9ca111c-7efe-0001-cc11-cac9fe7edc01}" RelatedActivityID=""></Correlation>
<Execution ProcessID="680" ThreadID="684"></Execution>
<Channel>Directory Service</Channel>
<Computer>S200401.overwatch.htb</Computer>
<Security UserID="S-1-5-7"></Security>
</System>
<EventData><Data>&lt;string&gt;Recycle Bin Feature&lt;/string&gt;
</Data>
<Binary></Binary>
</EventData>
</Event>

<Event xmlns="http://schemas.microsoft.com/win/2004/08/events/event"><System><Provider Name="Microsoft-Windows-ActiveDirectory_DomainService" Guid="{0e8478c5-3605-4e8c-8497-1e730c959516}" EventSourceName="NTDS General"></Provider>
<EventID Qualifiers="16384">2406</EventID>
<Version>0</Version>
<Level>4</Level>
<Task>7</Task>
<Opcode>0</Opcode>
<Keywords>0x8080000000000000</Keywords>
<TimeCreated SystemTime="2026-01-06 11:22:55.701675"></TimeCreated>
<EventRecordID>315</EventRecordID>
<Correlation ActivityID="{c9ca111c-7efe-0001-cc11-cac9fe7edc01}" RelatedActivityID=""></Correlation>
<Execution ProcessID="680" ThreadID="684"></Execution>
<Channel>Directory Service</Channel>
<Computer>S200401.overwatch.htb</Computer>
<Security UserID="S-1-5-7"></Security>
</System>
<EventData><Data>&lt;string&gt;Privileged Access Management Feature&lt;/string&gt;
</Data>
<Binary></Binary>
</EventData>
</Event>

<Event xmlns="http://schemas.microsoft.com/win/2004/08/events/event"><System><Provider Name="Microsoft-Windows-ActiveDirectory_DomainService" Guid="{0e8478c5-3605-4e8c-8497-1e730c959516}" EventSourceName="NTDS General"></Provider>
<EventID Qualifiers="16384">2168</EventID>
<Version>0</Version>
<Level>4</Level>
<Task>7</Task>
<Opcode>0</Opcode>
<Keywords>0x8080000000000000</Keywords>
<TimeCreated SystemTime="2026-01-06 11:22:55.701675"></TimeCreated>
<EventRecordID>316</EventRecordID>
<Correlation ActivityID="{c9ca111c-7efe-0001-cc11-cac9fe7edc01}" RelatedActivityID=""></Correlation>
<Execution ProcessID="680" ThreadID="684"></Execution>
<Channel>Directory Service</Channel>
<Computer>S200401.overwatch.htb</Computer>
<Security UserID="S-1-5-7"></Security>
</System>
<EventData><Data>&lt;string&gt;948573879523667891&lt;/string&gt;
</Data>
<Binary></Binary>
</EventData>
</Event>

<Event xmlns="http://schemas.microsoft.com/win/2004/08/events/event"><System><Provider Name="Microsoft-Windows-ActiveDirectory_DomainService" Guid="{0e8478c5-3605-4e8c-8497-1e730c959516}" EventSourceName="NTDS General"></Provider>
<EventID Qualifiers="16384">2172</EventID>
<Version>0</Version>
<Level>4</Level>
<Task>7</Task>
<Opcode>0</Opcode>
<Keywords>0x8080000000000000</Keywords>
<TimeCreated SystemTime="2026-01-06 11:22:55.701675"></TimeCreated>
<EventRecordID>317</EventRecordID>
<Correlation ActivityID="{c9ca111c-7efe-0001-cc11-cac9fe7edc01}" RelatedActivityID=""></Correlation>
<Execution ProcessID="680" ThreadID="684"></Execution>
<Channel>Directory Service</Channel>
<Computer>S200401.overwatch.htb</Computer>
<Security UserID="S-1-5-7"></Security>
</System>
<EventData><Data>&lt;string&gt;4374544386471982988&lt;/string&gt;
</Data>
<Binary></Binary>
</EventData>
</Event>

<Event xmlns="http://schemas.microsoft.com/win/2004/08/events/event"><System><Provider Name="Microsoft-Windows-ActiveDirectory_DomainService" Guid="{0e8478c5-3605-4e8c-8497-1e730c959516}" EventSourceName="NTDS General"></Provider>
<EventID Qualifiers="32768">2170</EventID>
<Version>0</Version>
<Level>3</Level>
<Task>7</Task>
<Opcode>0</Opcode>
<Keywords>0x8080000000000000</Keywords>
<TimeCreated SystemTime="2026-01-06 11:22:55.701675"></TimeCreated>
<EventRecordID>318</EventRecordID>
<Correlation ActivityID="{c9ca111c-7efe-0001-cc11-cac9fe7edc01}" RelatedActivityID=""></Correlation>
<Execution ProcessID="680" ThreadID="684"></Execution>
<Channel>Directory Service</Channel>
<Computer>S200401.overwatch.htb</Computer>
<Security UserID="S-1-5-7"></Security>
</System>
<EventData><Data>&lt;string&gt;4374544386471982988&lt;/string&gt;
&lt;string&gt;948573879523667891&lt;/string&gt;
</Data>
<Binary></Binary>
</EventData>
</Event>

<Event xmlns="http://schemas.microsoft.com/win/2004/08/events/event"><System><Provider Name="Microsoft-Windows-ActiveDirectory_DomainService" Guid="{0e8478c5-3605-4e8c-8497-1e730c959516}" EventSourceName="NTDS General"></Provider>
<EventID Qualifiers="16384">1109</EventID>
<Version>0</Version>
<Level>4</Level>
<Task>5</Task>
<Opcode>0</Opcode>
<Keywords>0x8080000000000000</Keywords>
<TimeCreated SystemTime="2026-01-06 11:22:55.701675"></TimeCreated>
<EventRecordID>319</EventRecordID>
<Correlation ActivityID="{c9ca111c-7efe-0001-cc11-cac9fe7edc01}" RelatedActivityID=""></Correlation>
<Execution ProcessID="680" ThreadID="684"></Execution>
<Channel>Directory Service</Channel>
<Computer>S200401.overwatch.htb</Computer>
<Security UserID="S-1-5-7"></Security>
</System>
<EventData><Data>&lt;string&gt;870f8ad0-0eec-4440-83b9-4462301a13a5&lt;/string&gt;
&lt;string&gt;88642019-df0a-439f-8b9d-635adf3f9fbb&lt;/string&gt;
&lt;string&gt;61453&lt;/string&gt;
</Data>
<Binary></Binary>
</EventData>
</Event>

<Event xmlns="http://schemas.microsoft.com/win/2004/08/events/event"><System><Provider Name="Microsoft-Windows-ActiveDirectory_DomainService" Guid="{0e8478c5-3605-4e8c-8497-1e730c959516}" EventSourceName="NTDS General"></Provider>
<EventID Qualifiers="16384">2179</EventID>
<Version>0</Version>
<Level>4</Level>
<Task>7</Task>
<Opcode>0</Opcode>
<Keywords>0x8080000000000000</Keywords>
<TimeCreated SystemTime="2026-01-06 11:22:55.732920"></TimeCreated>
<EventRecordID>320</EventRecordID>
<Correlation ActivityID="" RelatedActivityID=""></Correlation>
<Execution ProcessID="680" ThreadID="684"></Execution>
<Channel>Directory Service</Channel>
<Computer>S200401.overwatch.htb</Computer>
<Security UserID="S-1-5-7"></Security>
</System>
<EventData><Data>&lt;string&gt;948573879523667891&lt;/string&gt;
</Data>
<Binary></Binary>
</EventData>
</Event>

<Event xmlns="http://schemas.microsoft.com/win/2004/08/events/event"><System><Provider Name="Microsoft-Windows-ActiveDirectory_DomainService" Guid="{0e8478c5-3605-4e8c-8497-1e730c959516}" EventSourceName="NTDS General"></Provider>
<EventID Qualifiers="16384">2208</EventID>
<Version>0</Version>
<Level>4</Level>
<Task>7</Task>
<Opcode>0</Opcode>
<Keywords>0x8080000000000000</Keywords>
<TimeCreated SystemTime="2026-01-06 11:22:55.732920"></TimeCreated>
<EventRecordID>321</EventRecordID>
<Correlation ActivityID="" RelatedActivityID=""></Correlation>
<Execution ProcessID="680" ThreadID="844"></Execution>
<Channel>Directory Service</Channel>
<Computer>S200401.overwatch.htb</Computer>
<Security UserID=""></Security>
</System>
<EventData><Data></Data>
<Binary></Binary>
</EventData>
</Event>

<Event xmlns="http://schemas.microsoft.com/win/2004/08/events/event"><System><Provider Name="Microsoft-Windows-ActiveDirectory_DomainService" Guid="{0e8478c5-3605-4e8c-8497-1e730c959516}" EventSourceName="NTDS General"></Provider>
<EventID Qualifiers="16384">2405</EventID>
<Version>0</Version>
<Level>4</Level>
<Task>7</Task>
<Opcode>0</Opcode>
<Keywords>0x8080000000000000</Keywords>
<TimeCreated SystemTime="2026-01-06 11:22:55.732920"></TimeCreated>
<EventRecordID>322</EventRecordID>
<Correlation ActivityID="" RelatedActivityID=""></Correlation>
<Execution ProcessID="680" ThreadID="836"></Execution>
<Channel>Directory Service</Channel>
<Computer>S200401.overwatch.htb</Computer>
<Security UserID="S-1-5-7"></Security>
</System>
<EventData><Data>&lt;string&gt;Privileged Access Management Feature&lt;/string&gt;
</Data>
<Binary></Binary>
</EventData>
</Event>

<Event xmlns="http://schemas.microsoft.com/win/2004/08/events/event"><System><Provider Name="Microsoft-Windows-ActiveDirectory_DomainService" Guid="{0e8478c5-3605-4e8c-8497-1e730c959516}" EventSourceName="NTDS General"></Provider>
<EventID Qualifiers="16384">2120</EventID>
<Version>0</Version>
<Level>4</Level>
<Task>7</Task>
<Opcode>0</Opcode>
<Keywords>0x8080000000000000</Keywords>
<TimeCreated SystemTime="2026-01-06 11:22:55.732920"></TimeCreated>
<EventRecordID>323</EventRecordID>
<Correlation ActivityID="" RelatedActivityID=""></Correlation>
<Execution ProcessID="680" ThreadID="836"></Execution>
<Channel>Directory Service</Channel>
<Computer>S200401.overwatch.htb</Computer>
<Security UserID="S-1-5-7"></Security>
</System>
<EventData><Data></Data>
<Binary></Binary>
</EventData>
</Event>

<Event xmlns="http://schemas.microsoft.com/win/2004/08/events/event"><System><Provider Name="Microsoft-Windows-ActiveDirectory_DomainService" Guid="{0e8478c5-3605-4e8c-8497-1e730c959516}" EventSourceName="NTDS General"></Provider>
<EventID Qualifiers="16384">2405</EventID>
<Version>0</Version>
<Level>4</Level>
<Task>7</Task>
<Opcode>0</Opcode>
<Keywords>0x8080000000000000</Keywords>
<TimeCreated SystemTime="2026-01-06 11:22:55.732920"></TimeCreated>
<EventRecordID>324</EventRecordID>
<Correlation ActivityID="" RelatedActivityID=""></Correlation>
<Execution ProcessID="680" ThreadID="836"></Execution>
<Channel>Directory Service</Channel>
<Computer>S200401.overwatch.htb</Computer>
<Security UserID="S-1-5-7"></Security>
</System>
<EventData><Data>&lt;string&gt;Recycle Bin Feature&lt;/string&gt;
</Data>
<Binary></Binary>
</EventData>
</Event>

<Event xmlns="http://schemas.microsoft.com/win/2004/08/events/event"><System><Provider Name="Microsoft-Windows-ActiveDirectory_DomainService" Guid="{0e8478c5-3605-4e8c-8497-1e730c959516}" EventSourceName="NTDS General"></Provider>
<EventID Qualifiers="32768">2886</EventID>
<Version>0</Version>
<Level>3</Level>
<Task>16</Task>
<Opcode>0</Opcode>
<Keywords>0x8080000000000000</Keywords>
<TimeCreated SystemTime="2026-01-06 11:23:05.748592"></TimeCreated>
<EventRecordID>325</EventRecordID>
<Correlation ActivityID="" RelatedActivityID=""></Correlation>
<Execution ProcessID="680" ThreadID="860"></Execution>
<Channel>Directory Service</Channel>
<Computer>S200401.overwatch.htb</Computer>
<Security UserID="S-1-5-7"></Security>
</System>
<EventData><Data></Data>
<Binary></Binary>
</EventData>
</Event>

<Event xmlns="http://schemas.microsoft.com/win/2004/08/events/event"><System><Provider Name="Microsoft-Windows-ActiveDirectory_DomainService" Guid="{0e8478c5-3605-4e8c-8497-1e730c959516}" EventSourceName="NTDS General"></Provider>
<EventID Qualifiers="32768">3041</EventID>
<Version>0</Version>
<Level>3</Level>
<Task>16</Task>
<Opcode>0</Opcode>
<Keywords>0x8080000000000000</Keywords>
<TimeCreated SystemTime="2026-01-06 11:23:05.748592"></TimeCreated>
<EventRecordID>326</EventRecordID>
<Correlation ActivityID="" RelatedActivityID=""></Correlation>
<Execution ProcessID="680" ThreadID="860"></Execution>
<Channel>Directory Service</Channel>
<Computer>S200401.overwatch.htb</Computer>
<Security UserID="S-1-5-7"></Security>
</System>
<EventData><Data></Data>
<Binary></Binary>
</EventData>
</Event>

<Event xmlns="http://schemas.microsoft.com/win/2004/08/events/event"><System><Provider Name="Microsoft-Windows-ActiveDirectory_DomainService" Guid="{0e8478c5-3605-4e8c-8497-1e730c959516}" EventSourceName="NTDS General"></Provider>
<EventID Qualifiers="16384">1000</EventID>
<Version>0</Version>
<Level>4</Level>
<Task>12</Task>
<Opcode>0</Opcode>
<Keywords>0x8080000000000000</Keywords>
<TimeCreated SystemTime="2026-01-06 11:23:05.748592"></TimeCreated>
<EventRecordID>327</EventRecordID>
<Correlation ActivityID="" RelatedActivityID=""></Correlation>
<Execution ProcessID="680" ThreadID="860"></Execution>
<Channel>Directory Service</Channel>
<Computer>S200401.overwatch.htb</Computer>
<Security UserID="S-1-5-7"></Security>
</System>
<EventData><Data></Data>
<Binary></Binary>
</EventData>
</Event>

<Event xmlns="http://schemas.microsoft.com/win/2004/08/events/event"><System><Provider Name="Microsoft-Windows-ActiveDirectory_DomainService" Guid="{0e8478c5-3605-4e8c-8497-1e730c959516}" EventSourceName="NTDS General"></Provider>
<EventID Qualifiers="16384">1394</EventID>
<Version>0</Version>
<Level>4</Level>
<Task>12</Task>
<Opcode>0</Opcode>
<Keywords>0x8080000000000000</Keywords>
<TimeCreated SystemTime="2026-01-06 11:23:35.763929"></TimeCreated>
<EventRecordID>328</EventRecordID>
<Correlation ActivityID="" RelatedActivityID=""></Correlation>
<Execution ProcessID="680" ThreadID="836"></Execution>
<Channel>Directory Service</Channel>
<Computer>S200401.overwatch.htb</Computer>
<Security UserID="S-1-5-7"></Security>
</System>
<EventData><Data></Data>
<Binary></Binary>
</EventData>
</Event>

<Event xmlns="http://schemas.microsoft.com/win/2004/08/events/event"><System><Provider Name="Microsoft-Windows-ActiveDirectory_DomainService" Guid="{0e8478c5-3605-4e8c-8497-1e730c959516}" EventSourceName="NTDS General"></Provider>
<EventID Qualifiers="16384">2179</EventID>
<Version>0</Version>
<Level>4</Level>
<Task>7</Task>
<Opcode>0</Opcode>
<Keywords>0x8080000000000000</Keywords>
<TimeCreated SystemTime="2026-01-06 11:28:46.123295"></TimeCreated>
<EventRecordID>329</EventRecordID>
<Correlation ActivityID="" RelatedActivityID=""></Correlation>
<Execution ProcessID="680" ThreadID="1500"></Execution>
<Channel>Directory Service</Channel>
<Computer>S200401.overwatch.htb</Computer>
<Security UserID="S-1-5-7"></Security>
</System>
<EventData><Data>&lt;string&gt;948573879523667891&lt;/string&gt;
</Data>
<Binary></Binary>
</EventData>
</Event>

<Event xmlns="http://schemas.microsoft.com/win/2004/08/events/event"><System><Provider Name="Microsoft-Windows-ActiveDirectory_DomainService" Guid="{0e8478c5-3605-4e8c-8497-1e730c959516}" EventSourceName="NTDS General"></Provider>
<EventID Qualifiers="16384">1004</EventID>
<Version>0</Version>
<Level>4</Level>
<Task>12</Task>
<Opcode>0</Opcode>
<Keywords>0x8080000000000000</Keywords>
<TimeCreated SystemTime="2026-01-06 11:28:46.263958"></TimeCreated>
<EventRecordID>330</EventRecordID>
<Correlation ActivityID="" RelatedActivityID=""></Correlation>
<Execution ProcessID="680" ThreadID="1500"></Execution>
<Channel>Directory Service</Channel>
<Computer>S200401.overwatch.htb</Computer>
<Security UserID=""></Security>
</System>
<EventData><Data></Data>
<Binary></Binary>
</EventData>
</Event>

<Event xmlns="http://schemas.microsoft.com/win/2004/08/events/event"><System><Provider Name="Microsoft-Windows-ActiveDirectory_DomainService" Guid="{0e8478c5-3605-4e8c-8497-1e730c959516}" EventSourceName="NTDS General"></Provider>
<EventID Qualifiers="32768">3051</EventID>
<Version>0</Version>
<Level>3</Level>
<Task>2</Task>
<Opcode>0</Opcode>
<Keywords>0x8080000000000000</Keywords>
<TimeCreated SystemTime="2026-01-20 14:24:23.032543"></TimeCreated>
<EventRecordID>331</EventRecordID>
<Correlation ActivityID="{72924d06-8a18-0001-e44d-9272188adc01}" RelatedActivityID=""></Correlation>
<Execution ProcessID="672" ThreadID="676"></Execution>
<Channel>Directory Service</Channel>
<Computer>S200401.overwatch.htb</Computer>
<Security UserID="S-1-5-7"></Security>
</System>
<EventData><Data></Data>
<Binary></Binary>
</EventData>
</Event>

<Event xmlns="http://schemas.microsoft.com/win/2004/08/events/event"><System><Provider Name="Microsoft-Windows-ActiveDirectory_DomainService" Guid="{0e8478c5-3605-4e8c-8497-1e730c959516}" EventSourceName="NTDS General"></Provider>
<EventID Qualifiers="32768">3054</EventID>
<Version>0</Version>
<Level>3</Level>
<Task>2</Task>
<Opcode>0</Opcode>
<Keywords>0x8080000000000000</Keywords>
<TimeCreated SystemTime="2026-01-20 14:24:23.032543"></TimeCreated>
<EventRecordID>332</EventRecordID>
<Correlation ActivityID="{72924d06-8a18-0001-e44d-9272188adc01}" RelatedActivityID=""></Correlation>
<Execution ProcessID="672" ThreadID="676"></Execution>
<Channel>Directory Service</Channel>
<Computer>S200401.overwatch.htb</Computer>
<Security UserID="S-1-5-7"></Security>
</System>
<EventData><Data></Data>
<Binary></Binary>
</EventData>
</Event>

<Event xmlns="http://schemas.microsoft.com/win/2004/08/events/event"><System><Provider Name="Microsoft-Windows-ActiveDirectory_DomainService" Guid="{0e8478c5-3605-4e8c-8497-1e730c959516}" EventSourceName="NTDS General"></Provider>
<EventID Qualifiers="16384">2121</EventID>
<Version>0</Version>
<Level>4</Level>
<Task>7</Task>
<Opcode>0</Opcode>
<Keywords>0x8080000000000000</Keywords>
<TimeCreated SystemTime="2026-01-20 14:24:23.344757"></TimeCreated>
<EventRecordID>333</EventRecordID>
<Correlation ActivityID="{72924d06-8a18-0001-e44d-9272188adc01}" RelatedActivityID=""></Correlation>
<Execution ProcessID="672" ThreadID="676"></Execution>
<Channel>Directory Service</Channel>
<Computer>S200401.overwatch.htb</Computer>
<Security UserID="S-1-5-7"></Security>
</System>
<EventData><Data></Data>
<Binary></Binary>
</EventData>
</Event>

<Event xmlns="http://schemas.microsoft.com/win/2004/08/events/event"><System><Provider Name="Microsoft-Windows-ActiveDirectory_DomainService" Guid="{0e8478c5-3605-4e8c-8497-1e730c959516}" EventSourceName="NTDS General"></Provider>
<EventID Qualifiers="16384">2406</EventID>
<Version>0</Version>
<Level>4</Level>
<Task>7</Task>
<Opcode>0</Opcode>
<Keywords>0x8080000000000000</Keywords>
<TimeCreated SystemTime="2026-01-20 14:24:23.344757"></TimeCreated>
<EventRecordID>334</EventRecordID>
<Correlation ActivityID="{72924d06-8a18-0001-e44d-9272188adc01}" RelatedActivityID=""></Correlation>
<Execution ProcessID="672" ThreadID="676"></Execution>
<Channel>Directory Service</Channel>
<Computer>S200401.overwatch.htb</Computer>
<Security UserID="S-1-5-7"></Security>
</System>
<EventData><Data>&lt;string&gt;Recycle Bin Feature&lt;/string&gt;
</Data>
<Binary></Binary>
</EventData>
</Event>

<Event xmlns="http://schemas.microsoft.com/win/2004/08/events/event"><System><Provider Name="Microsoft-Windows-ActiveDirectory_DomainService" Guid="{0e8478c5-3605-4e8c-8497-1e730c959516}" EventSourceName="NTDS General"></Provider>
<EventID Qualifiers="16384">2406</EventID>
<Version>0</Version>
<Level>4</Level>
<Task>7</Task>
<Opcode>0</Opcode>
<Keywords>0x8080000000000000</Keywords>
<TimeCreated SystemTime="2026-01-20 14:24:23.344757"></TimeCreated>
<EventRecordID>335</EventRecordID>
<Correlation ActivityID="{72924d06-8a18-0001-e44d-9272188adc01}" RelatedActivityID=""></Correlation>
<Execution ProcessID="672" ThreadID="676"></Execution>
<Channel>Directory Service</Channel>
<Computer>S200401.overwatch.htb</Computer>
<Security UserID="S-1-5-7"></Security>
</System>
<EventData><Data>&lt;string&gt;Privileged Access Management Feature&lt;/string&gt;
</Data>
<Binary></Binary>
</EventData>
</Event>

<Event xmlns="http://schemas.microsoft.com/win/2004/08/events/event"><System><Provider Name="Microsoft-Windows-ActiveDirectory_DomainService" Guid="{0e8478c5-3605-4e8c-8497-1e730c959516}" EventSourceName="NTDS General"></Provider>
<EventID Qualifiers="16384">2168</EventID>
<Version>0</Version>
<Level>4</Level>
<Task>7</Task>
<Opcode>0</Opcode>
<Keywords>0x8080000000000000</Keywords>
<TimeCreated SystemTime="2026-01-20 14:24:23.344757"></TimeCreated>
<EventRecordID>336</EventRecordID>
<Correlation ActivityID="{72924d06-8a18-0001-e44d-9272188adc01}" RelatedActivityID=""></Correlation>
<Execution ProcessID="672" ThreadID="676"></Execution>
<Channel>Directory Service</Channel>
<Computer>S200401.overwatch.htb</Computer>
<Security UserID="S-1-5-7"></Security>
</System>
<EventData><Data>&lt;string&gt;11332670666109096253&lt;/string&gt;
</Data>
<Binary></Binary>
</EventData>
</Event>

<Event xmlns="http://schemas.microsoft.com/win/2004/08/events/event"><System><Provider Name="Microsoft-Windows-ActiveDirectory_DomainService" Guid="{0e8478c5-3605-4e8c-8497-1e730c959516}" EventSourceName="NTDS General"></Provider>
<EventID Qualifiers="16384">2172</EventID>
<Version>0</Version>
<Level>4</Level>
<Task>7</Task>
<Opcode>0</Opcode>
<Keywords>0x8080000000000000</Keywords>
<TimeCreated SystemTime="2026-01-20 14:24:23.344757"></TimeCreated>
<EventRecordID>337</EventRecordID>
<Correlation ActivityID="{72924d06-8a18-0001-e44d-9272188adc01}" RelatedActivityID=""></Correlation>
<Execution ProcessID="672" ThreadID="676"></Execution>
<Channel>Directory Service</Channel>
<Computer>S200401.overwatch.htb</Computer>
<Security UserID="S-1-5-7"></Security>
</System>
<EventData><Data>&lt;string&gt;948573879523667891&lt;/string&gt;
</Data>
<Binary></Binary>
</EventData>
</Event>

<Event xmlns="http://schemas.microsoft.com/win/2004/08/events/event"><System><Provider Name="Microsoft-Windows-ActiveDirectory_DomainService" Guid="{0e8478c5-3605-4e8c-8497-1e730c959516}" EventSourceName="NTDS General"></Provider>
<EventID Qualifiers="32768">2170</EventID>
<Version>0</Version>
<Level>3</Level>
<Task>7</Task>
<Opcode>0</Opcode>
<Keywords>0x8080000000000000</Keywords>
<TimeCreated SystemTime="2026-01-20 14:24:23.344757"></TimeCreated>
<EventRecordID>338</EventRecordID>
<Correlation ActivityID="{72924d06-8a18-0001-e44d-9272188adc01}" RelatedActivityID=""></Correlation>
<Execution ProcessID="672" ThreadID="676"></Execution>
<Channel>Directory Service</Channel>
<Computer>S200401.overwatch.htb</Computer>
<Security UserID="S-1-5-7"></Security>
</System>
<EventData><Data>&lt;string&gt;948573879523667891&lt;/string&gt;
&lt;string&gt;11332670666109096253&lt;/string&gt;
</Data>
<Binary></Binary>
</EventData>
</Event>

<Event xmlns="http://schemas.microsoft.com/win/2004/08/events/event"><System><Provider Name="Microsoft-Windows-ActiveDirectory_DomainService" Guid="{0e8478c5-3605-4e8c-8497-1e730c959516}" EventSourceName="NTDS General"></Provider>
<EventID Qualifiers="16384">1109</EventID>
<Version>0</Version>
<Level>4</Level>
<Task>5</Task>
<Opcode>0</Opcode>
<Keywords>0x8080000000000000</Keywords>
<TimeCreated SystemTime="2026-01-20 14:24:23.360363"></TimeCreated>
<EventRecordID>339</EventRecordID>
<Correlation ActivityID="{72924d06-8a18-0001-e44d-9272188adc01}" RelatedActivityID=""></Correlation>
<Execution ProcessID="672" ThreadID="676"></Execution>
<Channel>Directory Service</Channel>
<Computer>S200401.overwatch.htb</Computer>
<Security UserID="S-1-5-7"></Security>
</System>
<EventData><Data>&lt;string&gt;88642019-df0a-439f-8b9d-635adf3f9fbb&lt;/string&gt;
&lt;string&gt;ad268404-d11a-4b4b-a139-7e51a16cff0f&lt;/string&gt;
&lt;string&gt;65550&lt;/string&gt;
</Data>
<Binary></Binary>
</EventData>
</Event>

<Event xmlns="http://schemas.microsoft.com/win/2004/08/events/event"><System><Provider Name="Microsoft-Windows-ActiveDirectory_DomainService" Guid="{0e8478c5-3605-4e8c-8497-1e730c959516}" EventSourceName="NTDS General"></Provider>
<EventID Qualifiers="16384">2208</EventID>
<Version>0</Version>
<Level>4</Level>
<Task>7</Task>
<Opcode>0</Opcode>
<Keywords>0x8080000000000000</Keywords>
<TimeCreated SystemTime="2026-01-20 14:24:23.375984"></TimeCreated>
<EventRecordID>340</EventRecordID>
<Correlation ActivityID="" RelatedActivityID=""></Correlation>
<Execution ProcessID="672" ThreadID="832"></Execution>
<Channel>Directory Service</Channel>
<Computer>S200401.overwatch.htb</Computer>
<Security UserID=""></Security>
</System>
<EventData><Data></Data>
<Binary></Binary>
</EventData>
</Event>

<Event xmlns="http://schemas.microsoft.com/win/2004/08/events/event"><System><Provider Name="Microsoft-Windows-ActiveDirectory_DomainService" Guid="{0e8478c5-3605-4e8c-8497-1e730c959516}" EventSourceName="NTDS General"></Provider>
<EventID Qualifiers="16384">2179</EventID>
<Version>0</Version>
<Level>4</Level>
<Task>7</Task>
<Opcode>0</Opcode>
<Keywords>0x8080000000000000</Keywords>
<TimeCreated SystemTime="2026-01-20 14:24:23.375984"></TimeCreated>
<EventRecordID>341</EventRecordID>
<Correlation ActivityID="" RelatedActivityID=""></Correlation>
<Execution ProcessID="672" ThreadID="676"></Execution>
<Channel>Directory Service</Channel>
<Computer>S200401.overwatch.htb</Computer>
<Security UserID="S-1-5-7"></Security>
</System>
<EventData><Data>&lt;string&gt;11332670666109096253&lt;/string&gt;
</Data>
<Binary></Binary>
</EventData>
</Event>

<Event xmlns="http://schemas.microsoft.com/win/2004/08/events/event"><System><Provider Name="Microsoft-Windows-ActiveDirectory_DomainService" Guid="{0e8478c5-3605-4e8c-8497-1e730c959516}" EventSourceName="NTDS General"></Provider>
<EventID Qualifiers="16384">2405</EventID>
<Version>0</Version>
<Level>4</Level>
<Task>7</Task>
<Opcode>0</Opcode>
<Keywords>0x8080000000000000</Keywords>
<TimeCreated SystemTime="2026-01-20 14:24:23.391607"></TimeCreated>
<EventRecordID>342</EventRecordID>
<Correlation ActivityID="" RelatedActivityID=""></Correlation>
<Execution ProcessID="672" ThreadID="824"></Execution>
<Channel>Directory Service</Channel>
<Computer>S200401.overwatch.htb</Computer>
<Security UserID="S-1-5-7"></Security>
</System>
<EventData><Data>&lt;string&gt;Privileged Access Management Feature&lt;/string&gt;
</Data>
<Binary></Binary>
</EventData>
</Event>

<Event xmlns="http://schemas.microsoft.com/win/2004/08/events/event"><System><Provider Name="Microsoft-Windows-ActiveDirectory_DomainService" Guid="{0e8478c5-3605-4e8c-8497-1e730c959516}" EventSourceName="NTDS General"></Provider>
<EventID Qualifiers="16384">2120</EventID>
<Version>0</Version>
<Level>4</Level>
<Task>7</Task>
<Opcode>0</Opcode>
<Keywords>0x8080000000000000</Keywords>
<TimeCreated SystemTime="2026-01-20 14:24:23.391607"></TimeCreated>
<EventRecordID>343</EventRecordID>
<Correlation ActivityID="" RelatedActivityID=""></Correlation>
<Execution ProcessID="672" ThreadID="824"></Execution>
<Channel>Directory Service</Channel>
<Computer>S200401.overwatch.htb</Computer>
<Security UserID="S-1-5-7"></Security>
</System>
<EventData><Data></Data>
<Binary></Binary>
</EventData>
</Event>

<Event xmlns="http://schemas.microsoft.com/win/2004/08/events/event"><System><Provider Name="Microsoft-Windows-ActiveDirectory_DomainService" Guid="{0e8478c5-3605-4e8c-8497-1e730c959516}" EventSourceName="NTDS General"></Provider>
<EventID Qualifiers="16384">2405</EventID>
<Version>0</Version>
<Level>4</Level>
<Task>7</Task>
<Opcode>0</Opcode>
<Keywords>0x8080000000000000</Keywords>
<TimeCreated SystemTime="2026-01-20 14:24:23.391607"></TimeCreated>
<EventRecordID>344</EventRecordID>
<Correlation ActivityID="" RelatedActivityID=""></Correlation>
<Execution ProcessID="672" ThreadID="824"></Execution>
<Channel>Directory Service</Channel>
<Computer>S200401.overwatch.htb</Computer>
<Security UserID="S-1-5-7"></Security>
</System>
<EventData><Data>&lt;string&gt;Recycle Bin Feature&lt;/string&gt;
</Data>
<Binary></Binary>
</EventData>
</Event>

<Event xmlns="http://schemas.microsoft.com/win/2004/08/events/event"><System><Provider Name="Microsoft-Windows-ActiveDirectory_DomainService" Guid="{0e8478c5-3605-4e8c-8497-1e730c959516}" EventSourceName="NTDS General"></Provider>
<EventID Qualifiers="32768">2886</EventID>
<Version>0</Version>
<Level>3</Level>
<Task>16</Task>
<Opcode>0</Opcode>
<Keywords>0x8080000000000000</Keywords>
<TimeCreated SystemTime="2026-01-20 14:24:33.407288"></TimeCreated>
<EventRecordID>345</EventRecordID>
<Correlation ActivityID="" RelatedActivityID=""></Correlation>
<Execution ProcessID="672" ThreadID="848"></Execution>
<Channel>Directory Service</Channel>
<Computer>S200401.overwatch.htb</Computer>
<Security UserID="S-1-5-7"></Security>
</System>
<EventData><Data></Data>
<Binary></Binary>
</EventData>
</Event>

<Event xmlns="http://schemas.microsoft.com/win/2004/08/events/event"><System><Provider Name="Microsoft-Windows-ActiveDirectory_DomainService" Guid="{0e8478c5-3605-4e8c-8497-1e730c959516}" EventSourceName="NTDS General"></Provider>
<EventID Qualifiers="32768">3041</EventID>
<Version>0</Version>
<Level>3</Level>
<Task>16</Task>
<Opcode>0</Opcode>
<Keywords>0x8080000000000000</Keywords>
<TimeCreated SystemTime="2026-01-20 14:24:33.407288"></TimeCreated>
<EventRecordID>346</EventRecordID>
<Correlation ActivityID="" RelatedActivityID=""></Correlation>
<Execution ProcessID="672" ThreadID="848"></Execution>
<Channel>Directory Service</Channel>
<Computer>S200401.overwatch.htb</Computer>
<Security UserID="S-1-5-7"></Security>
</System>
<EventData><Data></Data>
<Binary></Binary>
</EventData>
</Event>

<Event xmlns="http://schemas.microsoft.com/win/2004/08/events/event"><System><Provider Name="Microsoft-Windows-ActiveDirectory_DomainService" Guid="{0e8478c5-3605-4e8c-8497-1e730c959516}" EventSourceName="NTDS General"></Provider>
<EventID Qualifiers="16384">1000</EventID>
<Version>0</Version>
<Level>4</Level>
<Task>12</Task>
<Opcode>0</Opcode>
<Keywords>0x8080000000000000</Keywords>
<TimeCreated SystemTime="2026-01-20 14:24:33.407288"></TimeCreated>
<EventRecordID>347</EventRecordID>
<Correlation ActivityID="" RelatedActivityID=""></Correlation>
<Execution ProcessID="672" ThreadID="848"></Execution>
<Channel>Directory Service</Channel>
<Computer>S200401.overwatch.htb</Computer>
<Security UserID="S-1-5-7"></Security>
</System>
<EventData><Data></Data>
<Binary></Binary>
</EventData>
</Event>

<Event xmlns="http://schemas.microsoft.com/win/2004/08/events/event"><System><Provider Name="Microsoft-Windows-ActiveDirectory_DomainService" Guid="{0e8478c5-3605-4e8c-8497-1e730c959516}" EventSourceName="NTDS General"></Provider>
<EventID Qualifiers="16384">1394</EventID>
<Version>0</Version>
<Level>4</Level>
<Task>12</Task>
<Opcode>0</Opcode>
<Keywords>0x8080000000000000</Keywords>
<TimeCreated SystemTime="2026-01-20 14:25:03.407867"></TimeCreated>
<EventRecordID>348</EventRecordID>
<Correlation ActivityID="" RelatedActivityID=""></Correlation>
<Execution ProcessID="672" ThreadID="824"></Execution>
<Channel>Directory Service</Channel>
<Computer>S200401.overwatch.htb</Computer>
<Security UserID="S-1-5-7"></Security>
</System>
<EventData><Data></Data>
<Binary></Binary>
</EventData>
</Event>

<Event xmlns="http://schemas.microsoft.com/win/2004/08/events/event"><System><Provider Name="NTDS ISAM"></Provider>
<EventID Qualifiers="0">102</EventID>
<Version>0</Version>
<Level>4</Level>
<Task>1</Task>
<Opcode>0</Opcode>
<Keywords>0x0080000000000000</Keywords>
<TimeCreated SystemTime="2026-01-20 14:39:33.642607"></TimeCreated>
<EventRecordID>349</EventRecordID>
<Correlation ActivityID="" RelatedActivityID=""></Correlation>
<Execution ProcessID="0" ThreadID="0"></Execution>
<Channel>Directory Service</Channel>
<Computer>S200401.overwatch.htb</Computer>
<Security UserID=""></Security>
</System>
<EventData><Data>&lt;string&gt;NTDS&lt;/string&gt;
&lt;string&gt;672,P,98&lt;/string&gt;
&lt;string&gt;NTDSA: &lt;/string&gt;
&lt;string&gt;0&lt;/string&gt;
&lt;string&gt;10&lt;/string&gt;
&lt;string&gt;00&lt;/string&gt;
&lt;string&gt;20348&lt;/string&gt;
&lt;string&gt;0000&lt;/string&gt;
</Data>
<Binary></Binary>
</EventData>
</Event>

<Event xmlns="http://schemas.microsoft.com/win/2004/08/events/event"><System><Provider Name="NTDS ISAM"></Provider>
<EventID Qualifiers="0">105</EventID>
<Version>0</Version>
<Level>4</Level>
<Task>1</Task>
<Opcode>0</Opcode>
<Keywords>0x0080000000000000</Keywords>
<TimeCreated SystemTime="2026-01-20 14:39:33.658234"></TimeCreated>
<EventRecordID>350</EventRecordID>
<Correlation ActivityID="" RelatedActivityID=""></Correlation>
<Execution ProcessID="0" ThreadID="0"></Execution>
<Channel>Directory Service</Channel>
<Computer>S200401.overwatch.htb</Computer>
<Security UserID=""></Security>
</System>
<EventData><Data>&lt;string&gt;NTDS&lt;/string&gt;
&lt;string&gt;672,D,0&lt;/string&gt;
&lt;string&gt;NTDSA: &lt;/string&gt;
&lt;string&gt;0&lt;/string&gt;
&lt;string&gt;0&lt;/string&gt;
&lt;string&gt;
[1] 0.000994 +J(0) +M(C:0K, Fs:87, WS:332K # 0K, PF:3248K # 340K, P:3248K)
[2] 0.000590 +J(0) +M(C:16K, Fs:103, WS:408K # 224K, PF:296K # 296K, P:296K)
[3] 0.000915 +J(0) +M(C:0K, Fs:15, WS:60K # 60K, PF:64K # 64K, P:64K)
[4] 0.014212 -0.000570 (1) WT +J(0) +M(C:0K, Fs:126, WS:420K # 420K, PF:5168K # 5168K, P:5168K)
[5] 0.000544 +J(0) +M(C:0K, Fs:6, WS:24K # 24K, PF:12K # 12K, P:12K)
[6] 0.006329 +J(0) +M(C:0K, Fs:15, WS:60K # 60K, PF:12K # 12K, P:12K)
[7] 0.070985 -0.049679 (21) WT +J(0) +M(C:0K, Fs:2575, WS:10280K # 10280K, PF:10260K # 10260K, P:10260K)
[8] -
[9] -
[10] -
[11] -
[12] -
[13] 0.031758 -0.004259 (17) WT +J(CM:0, PgRf:0, Rd:0/0, Dy:0/0, Lg:616/1) +M(C:0K, Fs:10, WS:-10208K # 24K, PF:-10256K # 12K, P:-10256K)
[14] 0.000038 +J(0)
[15] 0.000343 +J(0) +M(C:0K, Fs:206, WS:820K # 0K, PF:68K # 0K, P:68K)
[16] 0.000688 -0.000119 (1) WT +J(0) +M(C:0K, Fs:3, WS:4K # 0K, PF:0K # 0K, P:0K).&lt;/string&gt;
&lt;string&gt;&lt;/string&gt;
</Data>
<Binary></Binary>
</EventData>
</Event>

