<Event xmlns="http://schemas.microsoft.com/win/2004/08/events/event"><System><Provider Name="Microsoft-Windows-WMI" Guid="{1edeee53-0afe-4609-b846-d8c0b2075b1f}"></Provider>
<EventID Qualifiers="">5617</EventID>
<Version>2</Version>
<Level>4</Level>
<Task>0</Task>
<Opcode>0</Opcode>
<Keywords>0x8000000000000000</Keywords>
<TimeCreated SystemTime="2025-07-07 10:29:43.169167"></TimeCreated>
<EventRecordID>1633</EventRecordID>
<Correlation ActivityID="" RelatedActivityID=""></Correlation>
<Execution ProcessID="2776" ThreadID="3340"></Execution>
<Channel>Application</Channel>
<Computer>S200401.overwatch.htb</Computer>
<Security UserID="S-1-5-18"></Security>
</System>
<EventData></EventData>
</Event>

<Event xmlns="http://schemas.microsoft.com/win/2004/08/events/event"><System><Provider Name="VMUpgradeHelper"></Provider>
<EventID Qualifiers="0">271</EventID>
<Version>0</Version>
<Level>4</Level>
<Task>0</Task>
<Opcode>0</Opcode>
<Keywords>0x0080000000000000</Keywords>
<TimeCreated SystemTime="2025-07-07 10:29:44.397282"></TimeCreated>
<EventRecordID>1634</EventRecordID>
<Correlation ActivityID="" RelatedActivityID=""></Correlation>
<Execution ProcessID="0" ThreadID="0"></Execution>
<Channel>Application</Channel>
<Computer>S200401.overwatch.htb</Computer>
<Security UserID=""></Security>
</System>
<EventData><Data></Data>
<Binary></Binary>
</EventData>
</Event>

<Event xmlns="http://schemas.microsoft.com/win/2004/08/events/event"><System><Provider Name="Desktop Window Manager"></Provider>
<EventID Qualifiers="16384">9027</EventID>
<Version>0</Version>
<Level>4</Level>
<Task>0</Task>
<Opcode>0</Opcode>
<Keywords>0x0080000000000000</Keywords>
<TimeCreated SystemTime="2025-07-07 10:30:00.725407"></TimeCreated>
<EventRecordID>1635</EventRecordID>
<Correlation ActivityID="" RelatedActivityID=""></Correlation>
<Execution ProcessID="0" ThreadID="0"></Execution>
<Channel>Application</Channel>
<Computer>S200401.overwatch.htb</Computer>
<Security UserID=""></Security>
</System>
<EventData><Data></Data>
<Binary></Binary>
</EventData>
</Event>

<Event xmlns="http://schemas.microsoft.com/win/2004/08/events/event"><System><Provider Name="nssm"></Provider>
<EventID Qualifiers="16384">1008</EventID>
<Version>0</Version>
<Level>4</Level>
<Task>0</Task>
<Opcode>0</Opcode>
<Keywords>0x0080000000000000</Keywords>
<TimeCreated SystemTime="2025-07-07 10:30:02.554132"></TimeCreated>
<EventRecordID>1636</EventRecordID>
<Correlation ActivityID="" RelatedActivityID=""></Correlation>
<Execution ProcessID="0" ThreadID="0"></Execution>
<Channel>Application</Channel>
<Computer>S200401.overwatch.htb</Computer>
<Security UserID=""></Security>
</System>
<EventData><Data>&lt;string&gt;C:\Software\Monitoring\overwatch.exe&lt;/string&gt;
&lt;string&gt;&lt;/string&gt;
&lt;string&gt;overwatch&lt;/string&gt;
&lt;string&gt;C:\Software\Monitoring&lt;/string&gt;
</Data>
<Binary></Binary>
</EventData>
</Event>

<Event xmlns="http://schemas.microsoft.com/win/2004/08/events/event"><System><Provider Name="Microsoft-Windows-Security-SPP" Guid="{E23B33B0-C8C9-472C-A5F9-F2BDFEA0F156}" EventSourceName="Software Protection Platform Service"></Provider>
<EventID Qualifiers="16384">16384</EventID>
<Version>0</Version>
<Level>4</Level>
<Task>0</Task>
<Opcode>0</Opcode>
<Keywords>0x0080000000000000</Keywords>
<TimeCreated SystemTime="2025-07-07 10:30:12.256784"></TimeCreated>
<EventRecordID>1637</EventRecordID>
<Correlation ActivityID="" RelatedActivityID=""></Correlation>
<Execution ProcessID="0" ThreadID="0"></Execution>
<Channel>Application</Channel>
<Computer>S200401.overwatch.htb</Computer>
<Security UserID=""></Security>
</System>
<EventData><Data>&lt;string&gt;2025-07-08T10:29:05Z&lt;/string&gt;
&lt;string&gt;RulesEngine&lt;/string&gt;
</Data>
<Binary></Binary>
</EventData>
</Event>

<Event xmlns="http://schemas.microsoft.com/win/2004/08/events/event"><System><Provider Name="ESENT"></Provider>
<EventID Qualifiers="0">102</EventID>
<Version>0</Version>
<Level>4</Level>
<Task>1</Task>
<Opcode>0</Opcode>
<Keywords>0x0080000000000000</Keywords>
<TimeCreated SystemTime="2025-07-07 10:30:12.303659"></TimeCreated>
<EventRecordID>1638</EventRecordID>
<Correlation ActivityID="" RelatedActivityID=""></Correlation>
<Execution ProcessID="0" ThreadID="0"></Execution>
<Channel>Application</Channel>
<Computer>S200401.overwatch.htb</Computer>
<Security UserID=""></Security>
</System>
<EventData><Data>&lt;string&gt;DFSRs&lt;/string&gt;
&lt;string&gt;3032,P,98&lt;/string&gt;
&lt;string&gt;\\.\C:\System Volume Information\DFSR\database_1ECA_75DD_CA75_B19F\dfsr.db: &lt;/string&gt;
&lt;string&gt;0&lt;/string&gt;
&lt;string&gt;10&lt;/string&gt;
&lt;string&gt;00&lt;/string&gt;
&lt;string&gt;20348&lt;/string&gt;
&lt;string&gt;0000&lt;/string&gt;
</Data>
<Binary></Binary>
</EventData>
</Event>

<Event xmlns="http://schemas.microsoft.com/win/2004/08/events/event"><System><Provider Name="ESENT"></Provider>
<EventID Qualifiers="0">105</EventID>
<Version>0</Version>
<Level>4</Level>
<Task>1</Task>
<Opcode>0</Opcode>
<Keywords>0x0080000000000000</Keywords>
<TimeCreated SystemTime="2025-07-07 10:30:12.366159"></TimeCreated>
<EventRecordID>1639</EventRecordID>
<Correlation ActivityID="" RelatedActivityID=""></Correlation>
<Execution ProcessID="0" ThreadID="0"></Execution>
<Channel>Application</Channel>
<Computer>S200401.overwatch.htb</Computer>
<Security UserID=""></Security>
</System>
<EventData><Data>&lt;string&gt;DFSRs&lt;/string&gt;
&lt;string&gt;3032,D,0&lt;/string&gt;
&lt;string&gt;\\.\C:\System Volume Information\DFSR\database_1ECA_75DD_CA75_B19F\dfsr.db: &lt;/string&gt;
&lt;string&gt;0&lt;/string&gt;
&lt;string&gt;0&lt;/string&gt;
&lt;string&gt;
[1] 0.006817 +J(0) +M(C:0K, Fs:278, WS:1008K # 1024K, PF:6508K # 6556K, P:6508K)
[2] 0.000304 +J(0) +M(C:16K, Fs:88, WS:348K # 332K, PF:308K # 252K, P:308K)
[3] 0.000031 +J(0) +M(C:0K, Fs:6, WS:20K # 20K, PF:68K # 68K, P:68K)
[4] 0.000810 +J(0) +M(C:2032K, Fs:38, WS:144K # 144K, PF:2440K # 2440K, P:2440K)
[5] 0.001232 +J(0) +M(C:0K, Fs:14, WS:56K # 56K, PF:24K # 24K, P:24K)
[6] 0.003218 +J(0) +M(C:0K, Fs:11, WS:44K # 44K, PF:12K # 12K, P:12K)
[7] 0.031173 -0.025515 (11) WT +J(0) +M(C:0K, Fs:1299, WS:5172K # 5172K, PF:5072K # 5072K, P:5072K)
[8] -
[9] -
[10] -
[11] -
[12] -
[13] 0.021159 -0.013184 (12) WT +J(CM:0, PgRf:0, Rd:0/0, Dy:0/0, Lg:616/1) +M(C:0K, Fs:7, WS:-5100K # 12K, PF:-5124K # 12K, P:-5124K)
[14] 0.000040 +J(0) +M(C:0K, Fs:2, WS:8K # 0K, PF:8K # 0K, P:8K)
[15] 0.000651 +J(0) +M(C:0K, Fs:64, WS:256K # 0K, PF:64K # 0K, P:64K)
[16] 0.002235 -0.002009 (1) WT +J(0) +M(C:0K, Fs:3, WS:4K # 0K, PF:0K # 0K, P:0K).&lt;/string&gt;
&lt;string&gt;&lt;/string&gt;
</Data>
<Binary></Binary>
</EventData>
</Event>

<Event xmlns="http://schemas.microsoft.com/win/2004/08/events/event"><System><Provider Name="ESENT"></Provider>
<EventID Qualifiers="0">326</EventID>
<Version>0</Version>
<Level>4</Level>
<Task>1</Task>
<Opcode>0</Opcode>
<Keywords>0x0080000000000000</Keywords>
<TimeCreated SystemTime="2025-07-07 10:30:12.381783"></TimeCreated>
<EventRecordID>1640</EventRecordID>
<Correlation ActivityID="" RelatedActivityID=""></Correlation>
<Execution ProcessID="0" ThreadID="0"></Execution>
<Channel>Application</Channel>
<Computer>S200401.overwatch.htb</Computer>
<Security UserID=""></Security>
</System>
<EventData><Data>&lt;string&gt;DFSRs&lt;/string&gt;
&lt;string&gt;3032,D,50&lt;/string&gt;
&lt;string&gt;\\.\C:\System Volume Information\DFSR\database_1ECA_75DD_CA75_B19F\dfsr.db: &lt;/string&gt;
&lt;string&gt;1&lt;/string&gt;
&lt;string&gt;\\.\C:\System Volume Information\DFSR\database_1ECA_75DD_CA75_B19F\dfsr.db&lt;/string&gt;
&lt;string&gt;0&lt;/string&gt;
&lt;string&gt;
[1] 0.000007 +J(0) +M(C:0K, Fs:2, WS:8K # 0K, PF:0K # 0K, P:0K)
[2] 0.001397 -0.001140 (1) WT +J(0) +M(C:0K, Fs:21, WS:20K # 0K, PF:8K # 0K, P:8K)
[3] 0.014659 -0.008085 (6) WT +J(CM:0, PgRf:0, Rd:0/0, Dy:0/0, Lg:3480/2) +M(C:0K, Fs:40, WS:152K # 0K, PF:168K # 0K, P:168K)
[4] 0.000138 +J(0)
[5] -
[6] -
[7] -
[8] 0.000827 -0.000475 (2) CM -0.000375 (2) WT +J(CM:2, PgRf:2, Rd:14/2, Dy:0/0, Lg:54/1) +M(C:-8K, Fs:74, WS:288K # 0K, PF:140K # 0K, P:140K)
[9] 0.003660 -0.003349 (2) CM -0.003254 (2) WT +J(CM:2, PgRf:23, Rd:0/1, Dy:0/0, Lg:0/0) +M(C:-12K, Fs:31, WS:108K # 0K, PF:192K # 0K, P:192K)
[10] 0.000951 -0.000799 (1) CM -0.000654 (1) WT +J(CM:1, PgRf:40, Rd:0/1, Dy:0/0, Lg:0/0) +M(C:-4K, Fs:4, WS:12K # 0K, PF:60K # 0K, P:60K)
[11] 0.000015 +J(CM:0, PgRf:1, Rd:0/0, Dy:0/0, Lg:0/0)
[12] 0.000033 +J(CM:0, PgRf:36, Rd:0/0, Dy:0/0, Lg:0/0)
[13] 0.0 +J(0)
[14] 0.0 +J(0)
[15] 0.000007 +J(CM:0, PgRf:1, Rd:0/0, Dy:0/0, Lg:0/0).&lt;/string&gt;
&lt;string&gt;0 0&lt;/string&gt;
&lt;string&gt;lgposAttach = 00000001:0124:0268,
dbv = 1568.180.400 (9360)&lt;/string&gt;
</Data>
<Binary></Binary>
</EventData>
</Event>

<Event xmlns="http://schemas.microsoft.com/win/2004/08/events/event"><System><Provider Name="Microsoft-Windows-Security-SPP" Guid="{E23B33B0-C8C9-472C-A5F9-F2BDFEA0F156}" EventSourceName="Software Protection Platform Service"></Provider>
<EventID Qualifiers="16384">903</EventID>
<Version>0</Version>
<Level>0</Level>
<Task>0</Task>
<Opcode>0</Opcode>
<Keywords>0x0080000000000000</Keywords>
<TimeCreated SystemTime="2025-07-07 10:30:12.381783"></TimeCreated>
<EventRecordID>1641</EventRecordID>
<Correlation ActivityID="" RelatedActivityID=""></Correlation>
<Execution ProcessID="0" ThreadID="0"></Execution>
<Channel>Application</Channel>
<Computer>S200401.overwatch.htb</Computer>
<Security UserID=""></Security>
</System>
<EventData><Data></Data>
<Binary></Binary>
</EventData>
</Event>

<Event xmlns="http://schemas.microsoft.com/win/2004/08/events/event"><System><Provider Name="Desktop Window Manager"></Provider>
<EventID Qualifiers="16384">9027</EventID>
<Version>0</Version>
<Level>4</Level>
<Task>0</Task>
<Opcode>0</Opcode>
<Keywords>0x0080000000000000</Keywords>
<TimeCreated SystemTime="2025-07-07 10:30:49.647411"></TimeCreated>
<EventRecordID>1642</EventRecordID>
<Correlation ActivityID="" RelatedActivityID=""></Correlation>
<Execution ProcessID="0" ThreadID="0"></Execution>
<Channel>Application</Channel>
<Computer>S200401.overwatch.htb</Computer>
<Security UserID=""></Security>
</System>
<EventData><Data></Data>
<Binary></Binary>
</EventData>
</Event>

<Event xmlns="http://schemas.microsoft.com/win/2004/08/events/event"><System><Provider Name="Microsoft-Windows-Security-SPP" Guid="{E23B33B0-C8C9-472C-A5F9-F2BDFEA0F156}" EventSourceName="Software Protection Platform Service"></Provider>
<EventID Qualifiers="49152">16394</EventID>
<Version>0</Version>
<Level>4</Level>
<Task>0</Task>
<Opcode>0</Opcode>
<Keywords>0x0080000000000000</Keywords>
<TimeCreated SystemTime="2025-07-07 10:30:51.421423"></TimeCreated>
<EventRecordID>1643</EventRecordID>
<Correlation ActivityID="" RelatedActivityID=""></Correlation>
<Execution ProcessID="0" ThreadID="0"></Execution>
<Channel>Application</Channel>
<Computer>S200401.overwatch.htb</Computer>
<Security UserID=""></Security>
</System>
<EventData><Data></Data>
<Binary></Binary>
</EventData>
</Event>

<Event xmlns="http://schemas.microsoft.com/win/2004/08/events/event"><System><Provider Name="Microsoft-Windows-Security-SPP" Guid="{E23B33B0-C8C9-472C-A5F9-F2BDFEA0F156}" EventSourceName="Software Protection Platform Service"></Provider>
<EventID Qualifiers="16384">1003</EventID>
<Version>0</Version>
<Level>4</Level>
<Task>0</Task>
<Opcode>0</Opcode>
<Keywords>0x0080000000000000</Keywords>
<TimeCreated SystemTime="2025-07-07 10:30:51.952671"></TimeCreated>
<EventRecordID>1644</EventRecordID>
<Correlation ActivityID="" RelatedActivityID=""></Correlation>
<Execution ProcessID="0" ThreadID="0"></Execution>
<Channel>Application</Channel>
<Computer>S200401.overwatch.htb</Computer>
<Security UserID=""></Security>
</System>
<EventData><Data>&lt;string&gt;55c92734-d682-4d71-983e-d6ec3f16059f&lt;/string&gt;
&lt;string&gt;
1: 1ea11e95-b7b5-49f8-b3b8-164805630e84, 1, 0 [(0 [0xC004F014, 0, 0], [(?)(?)(?)(?)(?)(?)(?)(?)])(1 )(2 )(3 )]
2: 22105925-48c3-4ff4-a294-f654bb27e390, 1, 0 [(0 [0xC004F014, 0, 0], [(?)(?)(?)(?)(?)(?)(?)(?)])(1 )(2 )(3 )]
3: 27c4e172-0f4c-4a2d-86f0-ebfd77a583ce, 1, 0 [(0 [0xC004F014, 0, 0], [(?)(?)(?)(?)(?)(?)(?)(?)])(1 )(2 )(3 )]
4: 3f1a0b3b-cefc-48e4-8502-53299ec06146, 1, 0 [(0 [0xC004F014, 0, 0], [(?)(?)(?)(?)(?)(?)(?)(?)])(1 )(2 )(3 )]
5: 661f7658-7035-4b4c-9f35-010682943ec2, 1, 0 [(0 [0xC004F014, 0, 0], [(?)(?)(?)(?)(?)(?)(?)(?)])(1 )(2 )(3 )]
6: 6bad0243-1c35-46b2-b8e6-7a853e37413f, 1, 0 [(0 [0xC004F014, 0, 0], [(?)(?)(?)(?)(?)(?)(?)(?)])(1 )(2 )(3 )]
7: 716317e3-9177-41f8-a772-361050bb1b7f, 1, 0 [(0 [0xC004F014, 0, 0], [(?)(?)(?)(?)(?)(?)(?)(?)])(1 )(2 )(3 )]
8: 82fcf64d-f9dd-4411-9c79-f2eed16d4eb8, 1, 0 [(0 [0xC004F014, 0, 0], [(?)(?)(?)(?)(?)(?)(?)(?)])(1 )(2 )(3 )]
9: 84e331f6-4279-48c4-ab10-b75139181351, 1, 0 [(0 [0xC004F014, 0, 0], [(?)(?)(?)(?)(?)(?)(?)(?)])(1 )(2 )(3 )]
10: 8f97e374-1be6-46d5-bb24-61f9d6400caf, 1, 0 [(0 [0xC004F014, 0, 0], [(?)(?)(?)(?)(?)(?)(?)(?)])(1 )(2 )(3 )]
11: 929d118a-4950-4d06-9ff1-ecd794f7d740, 1, 0 [(0 [0xC004F014, 0, 0], [(?)(?)(?)(?)(?)(?)(?)(?)])(1 )(2 )(3 )]
12: 9bd77860-9b31-4b7b-96ad-2564017315bf, 1, 1 [(0 [0xC004E003, 0, 0], [( 2 0xC004F056 0 0 msft:rm/algorithm/volume/1.0 0x00000000 0)( 1 0x00000000)(?)( 2 0xC004F056 0 0 msft:rm/algorithm/volume/1.0 0x00000000 0)(?)(?)(?)(?)])(1 )(2 )(3 [0x00000000, 0, 0], [( 6 0xC004F009 0 0)( 1 0x00000000)( 6 0xC004F009 0 0)(?)(?)(?)( 10 0x00000000 msft:rm/algorithm/flags/1.0)( 11 0x00000000 0xC004F056)])]
13: b1c68fb2-b632-47a2-8719-488cc128b728, 1, 0 [(0 [0xC004F014, 0, 0], [(?)(?)(?)(?)(?)(?)(?)(?)])(1 )(2 )(3 )]
14: ce624156-a391-4585-93f9-7fb37405fbda, 1, 0 [(0 [0xC004F014, 0, 0], [(?)(?)(?)(?)(?)(?)(?)(?)])(1 )(2 )(3 )]
15: e73aabfa-12bc-4705-b551-2dd076bebc7d, 1, 0 [(0 [0xC004F014, 0, 0], [(?)(?)(?)(?)(?)(?)(?)(?)])(1 )(2 )(3 )]
16: ffa0a98f-b13f-4433-91f4-8aff126ed407, 1, 0 [(0 [0xC004F014, 0, 0], [(?)(?)(?)(?)(?)(?)(?)(?)])(1 )(2 )(3 )]

&lt;/string&gt;
</Data>
<Binary></Binary>
</EventData>
</Event>

<Event xmlns="http://schemas.microsoft.com/win/2004/08/events/event"><System><Provider Name="Microsoft-Windows-Security-SPP" Guid="{E23B33B0-C8C9-472C-A5F9-F2BDFEA0F156}" EventSourceName="Software Protection Platform Service"></Provider>
<EventID Qualifiers="49152">8198</EventID>
<Version>0</Version>
<Level>2</Level>
<Task>0</Task>
<Opcode>0</Opcode>
<Keywords>0x0080000000000000</Keywords>
<TimeCreated SystemTime="2025-07-07 10:30:51.983923"></TimeCreated>
<EventRecordID>1645</EventRecordID>
<Correlation ActivityID="" RelatedActivityID=""></Correlation>
<Execution ProcessID="0" ThreadID="0"></Execution>
<Channel>Application</Channel>
<Computer>S200401.overwatch.htb</Computer>
<Security UserID=""></Security>
</System>
<EventData><Data>&lt;string&gt;hr=0x80004005&lt;/string&gt;
&lt;string&gt;RuleId=eeba1977-569e-4571-b639-7623d8bfecc0;Action=AutoActivate;AppId=55c92734-d682-4d71-983e-d6ec3f16059f;SkuId=9bd77860-9b31-4b7b-96ad-2564017315bf;NotificationInterval=1440;Trigger=UserLogon;SessionId=2&lt;/string&gt;
</Data>
<Binary></Binary>
</EventData>
</Event>

<Event xmlns="http://schemas.microsoft.com/win/2004/08/events/event"><System><Provider Name="Microsoft-Windows-Security-SPP" Guid="{E23B33B0-C8C9-472C-A5F9-F2BDFEA0F156}" EventSourceName="Software Protection Platform Service"></Provider>
<EventID Qualifiers="16384">16384</EventID>
<Version>0</Version>
<Level>4</Level>
<Task>0</Task>
<Opcode>0</Opcode>
<Keywords>0x0080000000000000</Keywords>
<TimeCreated SystemTime="2025-07-07 10:31:42.546881"></TimeCreated>
<EventRecordID>1646</EventRecordID>
<Correlation ActivityID="" RelatedActivityID=""></Correlation>
<Execution ProcessID="0" ThreadID="0"></Execution>
<Channel>Application</Channel>
<Computer>S200401.overwatch.htb</Computer>
<Security UserID=""></Security>
</System>
<EventData><Data>&lt;string&gt;2025-07-08T10:30:42Z&lt;/string&gt;
&lt;string&gt;RulesEngine&lt;/string&gt;
</Data>
<Binary></Binary>
</EventData>
</Event>

<Event xmlns="http://schemas.microsoft.com/win/2004/08/events/event"><System><Provider Name="edgeupdate"></Provider>
<EventID Qualifiers="0">0</EventID>
<Version>0</Version>
<Level>4</Level>
<Task>0</Task>
<Opcode>0</Opcode>
<Keywords>0x0080000000000000</Keywords>
<TimeCreated SystemTime="2025-07-07 10:31:43.608982"></TimeCreated>
<EventRecordID>1647</EventRecordID>
<Correlation ActivityID="" RelatedActivityID=""></Correlation>
<Execution ProcessID="0" ThreadID="0"></Execution>
<Channel>Application</Channel>
<Computer>S200401.overwatch.htb</Computer>
<Security UserID=""></Security>
</System>
<EventData><Data>&lt;string&gt;Service stopped&lt;/string&gt;
</Data>
<Binary></Binary>
</EventData>
</Event>

<Event xmlns="http://schemas.microsoft.com/win/2004/08/events/event"><System><Provider Name="MSSQL$SQLEXPRESS"></Provider>
<EventID Qualifiers="16384">17069</EventID>
<Version>0</Version>
<Level>4</Level>
<Task>2</Task>
<Opcode>0</Opcode>
<Keywords>0x0080000000000000</Keywords>
<TimeCreated SystemTime="2025-07-07 10:31:44.359104"></TimeCreated>
<EventRecordID>1648</EventRecordID>
<Correlation ActivityID="" RelatedActivityID=""></Correlation>
<Execution ProcessID="0" ThreadID="0"></Execution>
<Channel>Application</Channel>
<Computer>S200401.overwatch.htb</Computer>
<Security UserID=""></Security>
</System>
<EventData><Data>&lt;string&gt;Microsoft SQL Server 2022 (RTM) - 16.0.1000.6 (X64) 
	Oct  8 2022 05:58:25 
	Copyright (C) 2022 Microsoft Corporation
	Express Edition (64-bit) on Windows Server 2022 Standard 10.0 &lt;X64&gt; (Build 20348: ) (Hypervisor)
&lt;/string&gt;
</Data>
<Binary>rUIAAAoAAAATAAAAUwAyADAAMAA0ADAAMQBcAFMAUQBMAEUAWABQAFIARQBTAFMAAAAAAAAA</Binary>
</EventData>
</Event>

<Event xmlns="http://schemas.microsoft.com/win/2004/08/events/event"><System><Provider Name="MSSQL$SQLEXPRESS"></Provider>
<EventID Qualifiers="16384">49916</EventID>
<Version>0</Version>
<Level>4</Level>
<Task>2</Task>
<Opcode>0</Opcode>
<Keywords>0x0080000000000000</Keywords>
<TimeCreated SystemTime="2025-07-07 10:31:44.359104"></TimeCreated>
<EventRecordID>1649</EventRecordID>
<Correlation ActivityID="" RelatedActivityID=""></Correlation>
<Execution ProcessID="0" ThreadID="0"></Execution>
<Channel>Application</Channel>
<Computer>S200401.overwatch.htb</Computer>
<Security UserID=""></Security>
</System>
<EventData><Data>&lt;string&gt;-7&lt;/string&gt;
&lt;string&gt;00&lt;/string&gt;
</Data>
<Binary>/MIAAAoAAAATAAAAUwAyADAAMAA0ADAAMQBcAFMAUQBMAEUAWABQAFIARQBTAFMAAAAAAAAA</Binary>
</EventData>
</Event>

<Event xmlns="http://schemas.microsoft.com/win/2004/08/events/event"><System><Provider Name="MSSQL$SQLEXPRESS"></Provider>
<EventID Qualifiers="16384">17101</EventID>
<Version>0</Version>
<Level>4</Level>
<Task>2</Task>
<Opcode>0</Opcode>
<Keywords>0x0080000000000000</Keywords>
<TimeCreated SystemTime="2025-07-07 10:31:44.359104"></TimeCreated>
<EventRecordID>1650</EventRecordID>
<Correlation ActivityID="" RelatedActivityID=""></Correlation>
<Execution ProcessID="0" ThreadID="0"></Execution>
<Channel>Application</Channel>
<Computer>S200401.overwatch.htb</Computer>
<Security UserID=""></Security>
</System>
<EventData><Data></Data>
<Binary>zUIAAAoAAAATAAAAUwAyADAAMAA0ADAAMQBcAFMAUQBMAEUAWABQAFIARQBTAFMAAAAAAAAA</Binary>
</EventData>
</Event>

<Event xmlns="http://schemas.microsoft.com/win/2004/08/events/event"><System><Provider Name="MSSQL$SQLEXPRESS"></Provider>
<EventID Qualifiers="16384">17103</EventID>
<Version>0</Version>
<Level>4</Level>
<Task>2</Task>
<Opcode>0</Opcode>
<Keywords>0x0080000000000000</Keywords>
<TimeCreated SystemTime="2025-07-07 10:31:44.359104"></TimeCreated>
<EventRecordID>1651</EventRecordID>
<Correlation ActivityID="" RelatedActivityID=""></Correlation>
<Execution ProcessID="0" ThreadID="0"></Execution>
<Channel>Application</Channel>
<Computer>S200401.overwatch.htb</Computer>
<Security UserID=""></Security>
</System>
<EventData><Data></Data>
<Binary>z0IAAAoAAAATAAAAUwAyADAAMAA0ADAAMQBcAFMAUQBMAEUAWABQAFIARQBTAFMAAAAAAAAA</Binary>
</EventData>
</Event>

<Event xmlns="http://schemas.microsoft.com/win/2004/08/events/event"><System><Provider Name="MSSQL$SQLEXPRESS"></Provider>
<EventID Qualifiers="16384">17104</EventID>
<Version>0</Version>
<Level>4</Level>
<Task>2</Task>
<Opcode>0</Opcode>
<Keywords>0x0080000000000000</Keywords>
<TimeCreated SystemTime="2025-07-07 10:31:44.369627"></TimeCreated>
<EventRecordID>1652</EventRecordID>
<Correlation ActivityID="" RelatedActivityID=""></Correlation>
<Execution ProcessID="0" ThreadID="0"></Execution>
<Channel>Application</Channel>
<Computer>S200401.overwatch.htb</Computer>
<Security UserID=""></Security>
</System>
<EventData><Data>&lt;string&gt;7840&lt;/string&gt;
</Data>
<Binary>0EIAAAoAAAATAAAAUwAyADAAMAA0ADAAMQBcAFMAUQBMAEUAWABQAFIARQBTAFMAAAAAAAAA</Binary>
</EventData>
</Event>

<Event xmlns="http://schemas.microsoft.com/win/2004/08/events/event"><System><Provider Name="MSSQL$SQLEXPRESS"></Provider>
<EventID Qualifiers="16384">18496</EventID>
<Version>0</Version>
<Level>4</Level>
<Task>2</Task>
<Opcode>0</Opcode>
<Keywords>0x0080000000000000</Keywords>
<TimeCreated SystemTime="2025-07-07 10:31:44.369627"></TimeCreated>
<EventRecordID>1653</EventRecordID>
<Correlation ActivityID="" RelatedActivityID=""></Correlation>
<Execution ProcessID="0" ThreadID="0"></Execution>
<Channel>Application</Channel>
<Computer>S200401.overwatch.htb</Computer>
<Security UserID=""></Security>
</System>
<EventData><Data>&lt;string&gt;VMware, Inc.&lt;/string&gt;
&lt;string&gt;VMware20,1&lt;/string&gt;
</Data>
<Binary>QEgAAAoAAAATAAAAUwAyADAAMAA0ADAAMQBcAFMAUQBMAEUAWABQAFIARQBTAFMAAAAAAAAA</Binary>
</EventData>
</Event>

<Event xmlns="http://schemas.microsoft.com/win/2004/08/events/event"><System><Provider Name="MSSQL$SQLEXPRESS"></Provider>
<EventID Qualifiers="16384">15268</EventID>
<Version>0</Version>
<Level>4</Level>
<Task>2</Task>
<Opcode>0</Opcode>
<Keywords>0x0080000000000000</Keywords>
<TimeCreated SystemTime="2025-07-07 10:31:44.369627"></TimeCreated>
<EventRecordID>1654</EventRecordID>
<Correlation ActivityID="" RelatedActivityID=""></Correlation>
<Execution ProcessID="0" ThreadID="0"></Execution>
<Channel>Application</Channel>
<Computer>S200401.overwatch.htb</Computer>
<Security UserID=""></Security>
</System>
<EventData><Data>&lt;string&gt;WINDOWS-ONLY&lt;/string&gt;
</Data>
<Binary>pDsAAAoAAAATAAAAUwAyADAAMAA0ADAAMQBcAFMAUQBMAEUAWABQAFIARQBTAFMAAAAAAAAA</Binary>
</EventData>
</Event>

<Event xmlns="http://schemas.microsoft.com/win/2004/08/events/event"><System><Provider Name="MSSQL$SQLEXPRESS"></Provider>
<EventID Qualifiers="16384">17111</EventID>
<Version>0</Version>
<Level>4</Level>
<Task>2</Task>
<Opcode>0</Opcode>
<Keywords>0x0080000000000000</Keywords>
<TimeCreated SystemTime="2025-07-07 10:31:44.369627"></TimeCreated>
<EventRecordID>1655</EventRecordID>
<Correlation ActivityID="" RelatedActivityID=""></Correlation>
<Execution ProcessID="0" ThreadID="0"></Execution>
<Channel>Application</Channel>
<Computer>S200401.overwatch.htb</Computer>
<Security UserID=""></Security>
</System>
<EventData><Data>&lt;string&gt;C:\Program Files\Microsoft SQL Server\MSSQL16.SQLEXPRESS\MSSQL\Log\ERRORLOG&lt;/string&gt;
</Data>
<Binary>10IAAAoAAAATAAAAUwAyADAAMAA0ADAAMQBcAFMAUQBMAEUAWABQAFIARQBTAFMAAAAAAAAA</Binary>
</EventData>
</Event>

<Event xmlns="http://schemas.microsoft.com/win/2004/08/events/event"><System><Provider Name="MSSQL$SQLEXPRESS"></Provider>
<EventID Qualifiers="16384">49904</EventID>
<Version>0</Version>
<Level>4</Level>
<Task>2</Task>
<Opcode>0</Opcode>
<Keywords>0x0080000000000000</Keywords>
<TimeCreated SystemTime="2025-07-07 10:31:44.369627"></TimeCreated>
<EventRecordID>1656</EventRecordID>
<Correlation ActivityID="" RelatedActivityID=""></Correlation>
<Execution ProcessID="0" ThreadID="0"></Execution>
<Channel>Application</Channel>
<Computer>S200401.overwatch.htb</Computer>
<Security UserID=""></Security>
</System>
<EventData><Data>&lt;string&gt;NT Service\MSSQL$SQLEXPRESS&lt;/string&gt;
</Data>
<Binary>8MIAAAoAAAATAAAAUwAyADAAMAA0ADAAMQBcAFMAUQBMAEUAWABQAFIARQBTAFMAAAAAAAAA</Binary>
</EventData>
</Event>

<Event xmlns="http://schemas.microsoft.com/win/2004/08/events/event"><System><Provider Name="MSSQL$SQLEXPRESS"></Provider>
<EventID Qualifiers="16384">17110</EventID>
<Version>0</Version>
<Level>4</Level>
<Task>2</Task>
<Opcode>0</Opcode>
<Keywords>0x0080000000000000</Keywords>
<TimeCreated SystemTime="2025-07-07 10:31:44.369627"></TimeCreated>
<EventRecordID>1657</EventRecordID>
<Correlation ActivityID="" RelatedActivityID=""></Correlation>
<Execution ProcessID="0" ThreadID="0"></Execution>
<Channel>Application</Channel>
<Computer>S200401.overwatch.htb</Computer>
<Security UserID=""></Security>
</System>
<EventData><Data>&lt;string&gt;
	 -d C:\Program Files\Microsoft SQL Server\MSSQL16.SQLEXPRESS\MSSQL\DATA\master.mdf
	 -e C:\Program Files\Microsoft SQL Server\MSSQL16.SQLEXPRESS\MSSQL\Log\ERRORLOG
	 -l C:\Program Files\Microsoft SQL Server\MSSQL16.SQLEXPRESS\MSSQL\DATA\mastlog.ldf&lt;/string&gt;
</Data>
<Binary>1kIAAAoAAAATAAAAUwAyADAAMAA0ADAAMQBcAFMAUQBMAEUAWABQAFIARQBTAFMAAAAAAAAA</Binary>
</EventData>
</Event>

<Event xmlns="http://schemas.microsoft.com/win/2004/08/events/event"><System><Provider Name="MSSQL$SQLEXPRESS"></Provider>
<EventID Qualifiers="16384">17115</EventID>
<Version>0</Version>
<Level>4</Level>
<Task>2</Task>
<Opcode>0</Opcode>
<Keywords>0x0080000000000000</Keywords>
<TimeCreated SystemTime="2025-07-07 10:31:44.369627"></TimeCreated>
<EventRecordID>1658</EventRecordID>
<Correlation ActivityID="" RelatedActivityID=""></Correlation>
<Execution ProcessID="0" ThreadID="0"></Execution>
<Channel>Application</Channel>
<Computer>S200401.overwatch.htb</Computer>
<Security UserID=""></Security>
</System>
<EventData><Data>&lt;string&gt;
	 -s "SQLEXPRESS"&lt;/string&gt;
</Data>
<Binary>20IAAAoAAAATAAAAUwAyADAAMAA0ADAAMQBcAFMAUQBMAEUAWABQAFIARQBTAFMAAAAAAAAA</Binary>
</EventData>
</Event>

<Event xmlns="http://schemas.microsoft.com/win/2004/08/events/event"><System><Provider Name="MSSQL$SQLEXPRESS"></Provider>
<EventID Qualifiers="16384">17164</EventID>
<Version>0</Version>
<Level>4</Level>
<Task>2</Task>
<Opcode>0</Opcode>
<Keywords>0x0080000000000000</Keywords>
<TimeCreated SystemTime="2025-07-07 10:31:44.390358"></TimeCreated>
<EventRecordID>1659</EventRecordID>
<Correlation ActivityID="" RelatedActivityID=""></Correlation>
<Execution ProcessID="0" ThreadID="0"></Execution>
<Channel>Application</Channel>
<Computer>S200401.overwatch.htb</Computer>
<Security UserID=""></Security>
</System>
<EventData><Data>&lt;string&gt;1&lt;/string&gt;
&lt;string&gt;2&lt;/string&gt;
&lt;string&gt;2&lt;/string&gt;
&lt;string&gt;2&lt;/string&gt;
&lt;string&gt;2&lt;/string&gt;
</Data>
<Binary>DEMAAAoAAAATAAAAUwAyADAAMAA0ADAAMQBcAFMAUQBMAEUAWABQAFIARQBTAFMAAAAAAAAA</Binary>
</EventData>
</Event>

<Event xmlns="http://schemas.microsoft.com/win/2004/08/events/event"><System><Provider Name="MSSQL$SQLEXPRESS"></Provider>
<EventID Qualifiers="16384">17162</EventID>
<Version>0</Version>
<Level>4</Level>
<Task>2</Task>
<Opcode>0</Opcode>
<Keywords>0x0080000000000000</Keywords>
<TimeCreated SystemTime="2025-07-07 10:31:44.390358"></TimeCreated>
<EventRecordID>1660</EventRecordID>
<Correlation ActivityID="" RelatedActivityID=""></Correlation>
<Execution ProcessID="0" ThreadID="0"></Execution>
<Channel>Application</Channel>
<Computer>S200401.overwatch.htb</Computer>
<Security UserID=""></Security>
</System>
<EventData><Data></Data>
<Binary>CkMAAAoAAAATAAAAUwAyADAAMAA0ADAAMQBcAFMAUQBMAEUAWABQAFIARQBTAFMAAAAAAAAA</Binary>
</EventData>
</Event>

<Event xmlns="http://schemas.microsoft.com/win/2004/08/events/event"><System><Provider Name="MSSQL$SQLEXPRESS"></Provider>
<EventID Qualifiers="16384">49903</EventID>
<Version>0</Version>
<Level>4</Level>
<Task>2</Task>
<Opcode>0</Opcode>
<Keywords>0x0080000000000000</Keywords>
<TimeCreated SystemTime="2025-07-07 10:31:44.390358"></TimeCreated>
<EventRecordID>1661</EventRecordID>
<Correlation ActivityID="" RelatedActivityID=""></Correlation>
<Execution ProcessID="0" ThreadID="0"></Execution>
<Channel>Application</Channel>
<Computer>S200401.overwatch.htb</Computer>
<Security UserID=""></Security>
</System>
<EventData><Data>&lt;string&gt;4095&lt;/string&gt;
</Data>
<Binary>78IAAAoAAAATAAAAUwAyADAAMAA0ADAAMQBcAFMAUQBMAEUAWABQAFIARQBTAFMAAAAAAAAA</Binary>
</EventData>
</Event>

<Event xmlns="http://schemas.microsoft.com/win/2004/08/events/event"><System><Provider Name="MSSQL$SQLEXPRESS"></Provider>
<EventID Qualifiers="16384">852</EventID>
<Version>0</Version>
<Level>4</Level>
<Task>2</Task>
<Opcode>0</Opcode>
<Keywords>0x0080000000000000</Keywords>
<TimeCreated SystemTime="2025-07-07 10:31:44.401379"></TimeCreated>
<EventRecordID>1662</EventRecordID>
<Correlation ActivityID="" RelatedActivityID=""></Correlation>
<Execution ProcessID="0" ThreadID="0"></Execution>
<Channel>Application</Channel>
<Computer>S200401.overwatch.htb</Computer>
<Security UserID=""></Security>
</System>
<EventData><Data></Data>
<Binary>VAMAAAoAAAATAAAAUwAyADAAMAA0ADAAMQBcAFMAUQBMAEUAWABQAFIARQBTAFMAAAAAAAAA</Binary>
</EventData>
</Event>

<Event xmlns="http://schemas.microsoft.com/win/2004/08/events/event"><System><Provider Name="MSSQL$SQLEXPRESS"></Provider>
<EventID Qualifiers="16384">894</EventID>
<Version>0</Version>
<Level>4</Level>
<Task>2</Task>
<Opcode>0</Opcode>
<Keywords>0x0080000000000000</Keywords>
<TimeCreated SystemTime="2025-07-07 10:31:44.577719"></TimeCreated>
<EventRecordID>1663</EventRecordID>
<Correlation ActivityID="" RelatedActivityID=""></Correlation>
<Execution ProcessID="0" ThreadID="0"></Execution>
<Channel>Application</Channel>
<Computer>S200401.overwatch.htb</Computer>
<Security UserID=""></Security>
</System>
<EventData><Data>&lt;string&gt;1048576&lt;/string&gt;
&lt;string&gt;554630&lt;/string&gt;
</Data>
<Binary>fgMAAAoAAAATAAAAUwAyADAAMAA0ADAAMQBcAFMAUQBMAEUAWABQAFIARQBTAFMAAAAAAAAA</Binary>
</EventData>
</Event>

<Event xmlns="http://schemas.microsoft.com/win/2004/08/events/event"><System><Provider Name="MSSQL$SQLEXPRESS"></Provider>
<EventID Qualifiers="16384">49917</EventID>
<Version>0</Version>
<Level>4</Level>
<Task>2</Task>
<Opcode>0</Opcode>
<Keywords>0x0080000000000000</Keywords>
<TimeCreated SystemTime="2025-07-07 10:31:44.640593"></TimeCreated>
<EventRecordID>1664</EventRecordID>
<Correlation ActivityID="" RelatedActivityID=""></Correlation>
<Execution ProcessID="0" ThreadID="0"></Execution>
<Channel>Application</Channel>
<Computer>S200401.overwatch.htb</Computer>
<Security UserID=""></Security>
</System>
<EventData><Data>&lt;string&gt;SQL_Latin1_General_CP1_CI_AS&lt;/string&gt;
&lt;string&gt;us_english&lt;/string&gt;
&lt;string&gt;1033&lt;/string&gt;
</Data>
<Binary>/cIAAAoAAAATAAAAUwAyADAAMAA0ADAAMQBcAFMAUQBMAEUAWABQAFIARQBTAFMAAAAAAAAA</Binary>
</EventData>
</Event>

<Event xmlns="http://schemas.microsoft.com/win/2004/08/events/event"><System><Provider Name="MSSQL$SQLEXPRESS"></Provider>
<EventID Qualifiers="16384">873</EventID>
<Version>0</Version>
<Level>4</Level>
<Task>2</Task>
<Opcode>0</Opcode>
<Keywords>0x0080000000000000</Keywords>
<TimeCreated SystemTime="2025-07-07 10:31:44.831497"></TimeCreated>
<EventRecordID>1665</EventRecordID>
<Correlation ActivityID="" RelatedActivityID=""></Correlation>
<Execution ProcessID="0" ThreadID="0"></Execution>
<Channel>Application</Channel>
<Computer>S200401.overwatch.htb</Computer>
<Security UserID=""></Security>
</System>
<EventData><Data></Data>
<Binary>aQMAAAoAAAATAAAAUwAyADAAMAA0ADAAMQBcAFMAUQBMAEUAWABQAFIARQBTAFMAAAAAAAAA</Binary>
</EventData>
</Event>

<Event xmlns="http://schemas.microsoft.com/win/2004/08/events/event"><System><Provider Name="MSSQL$SQLEXPRESS"></Provider>
<EventID Qualifiers="16384">17264</EventID>
<Version>0</Version>
<Level>4</Level>
<Task>2</Task>
<Opcode>0</Opcode>
<Keywords>0x0080000000000000</Keywords>
<TimeCreated SystemTime="2025-07-07 10:31:44.910698"></TimeCreated>
<EventRecordID>1666</EventRecordID>
<Correlation ActivityID="" RelatedActivityID=""></Correlation>
<Execution ProcessID="0" ThreadID="0"></Execution>
<Channel>Application</Channel>
<Computer>S200401.overwatch.htb</Computer>
<Security UserID=""></Security>
</System>
<EventData><Data>&lt;string&gt;SSE SSE2 SSE3 SSSE3 SSE41 SSE42 AVX AVX2 POPCNT BMI1 BMI2&lt;/string&gt;
</Data>
<Binary>cEMAAAoAAAATAAAAUwAyADAAMAA0ADAAMQBcAFMAUQBMAEUAWABQAFIARQBTAFMAAAAAAAAA</Binary>
</EventData>
</Event>

<Event xmlns="http://schemas.microsoft.com/win/2004/08/events/event"><System><Provider Name="MSSQL$SQLEXPRESS"></Provider>
<EventID Qualifiers="16384">17811</EventID>
<Version>0</Version>
<Level>4</Level>
<Task>2</Task>
<Opcode>0</Opcode>
<Keywords>0x0080000000000000</Keywords>
<TimeCreated SystemTime="2025-07-07 10:31:45.202749"></TimeCreated>
<EventRecordID>1667</EventRecordID>
<Correlation ActivityID="" RelatedActivityID=""></Correlation>
<Execution ProcessID="0" ThreadID="0"></Execution>
<Channel>Application</Channel>
<Computer>S200401.overwatch.htb</Computer>
<Security UserID=""></Security>
</System>
<EventData><Data>&lt;string&gt;1&lt;/string&gt;
</Data>
<Binary>k0UAAAoAAAATAAAAUwAyADAAMAA0ADAAMQBcAFMAUQBMAEUAWABQAFIARQBTAFMAAAAAAAAA</Binary>
</EventData>
</Event>

<Event xmlns="http://schemas.microsoft.com/win/2004/08/events/event"><System><Provider Name="MSSQL$SQLEXPRESS"></Provider>
<EventID Qualifiers="16384">17176</EventID>
<Version>0</Version>
<Level>4</Level>
<Task>2</Task>
<Opcode>0</Opcode>
<Keywords>0x0080000000000000</Keywords>
<TimeCreated SystemTime="2025-07-07 10:31:45.234150"></TimeCreated>
<EventRecordID>1668</EventRecordID>
<Correlation ActivityID="" RelatedActivityID=""></Correlation>
<Execution ProcessID="0" ThreadID="0"></Execution>
<Channel>Application</Channel>
<Computer>S200401.overwatch.htb</Computer>
<Security UserID=""></Security>
</System>
<EventData><Data>&lt;string&gt;7572&lt;/string&gt;
&lt;string&gt;7/7/2025 3:29:11 AM&lt;/string&gt;
&lt;string&gt;7/7/2025 10:29:11 AM&lt;/string&gt;
</Data>
<Binary>GEMAAAoAAAATAAAAUwAyADAAMAA0ADAAMQBcAFMAUQBMAEUAWABQAFIARQBTAFMAAAAAAAAA</Binary>
</EventData>
</Event>

<Event xmlns="http://schemas.microsoft.com/win/2004/08/events/event"><System><Provider Name="MSSQL$SQLEXPRESS"></Provider>
<EventID Qualifiers="16384">17152</EventID>
<Version>0</Version>
<Level>4</Level>
<Task>2</Task>
<Opcode>0</Opcode>
<Keywords>0x0080000000000000</Keywords>
<TimeCreated SystemTime="2025-07-07 10:31:45.248680"></TimeCreated>
<EventRecordID>1669</EventRecordID>
<Correlation ActivityID="" RelatedActivityID=""></Correlation>
<Execution ProcessID="0" ThreadID="0"></Execution>
<Channel>Application</Channel>
<Computer>S200401.overwatch.htb</Computer>
<Security UserID=""></Security>
</System>
<EventData><Data>&lt;string&gt;0&lt;/string&gt;
&lt;string&gt;0000000000000003&lt;/string&gt;
&lt;string&gt;0&lt;/string&gt;
&lt;string&gt;0000000000000003&lt;/string&gt;
&lt;string&gt;0&lt;/string&gt;
</Data>
<Binary>AEMAAAoAAAATAAAAUwAyADAAMAA0ADAAMQBcAFMAUQBMAEUAWABQAFIARQBTAFMAAAAAAAAA</Binary>
</EventData>
</Event>

<Event xmlns="http://schemas.microsoft.com/win/2004/08/events/event"><System><Provider Name="MSSQL$SQLEXPRESS"></Provider>
<EventID Qualifiers="16384">17125</EventID>
<Version>0</Version>
<Level>4</Level>
<Task>2</Task>
<Opcode>0</Opcode>
<Keywords>0x0080000000000000</Keywords>
<TimeCreated SystemTime="2025-07-07 10:31:45.296589"></TimeCreated>
<EventRecordID>1670</EventRecordID>
<Correlation ActivityID="" RelatedActivityID=""></Correlation>
<Execution ProcessID="0" ThreadID="0"></Execution>
<Channel>Application</Channel>
<Computer>S200401.overwatch.htb</Computer>
<Security UserID=""></Security>
</System>
<EventData><Data>&lt;string&gt;2500&lt;/string&gt;
&lt;string&gt;5000&lt;/string&gt;
</Data>
<Binary>5UIAAAoAAAATAAAAUwAyADAAMAA0ADAAMQBcAFMAUQBMAEUAWABQAFIARQBTAFMAAAAAAAAA</Binary>
</EventData>
</Event>

<Event xmlns="http://schemas.microsoft.com/win/2004/08/events/event"><System><Provider Name="MSSQL$SQLEXPRESS"></Provider>
<EventID Qualifiers="16384">6253</EventID>
<Version>0</Version>
<Level>4</Level>
<Task>2</Task>
<Opcode>0</Opcode>
<Keywords>0x0080000000000000</Keywords>
<TimeCreated SystemTime="2025-07-07 10:31:45.530882"></TimeCreated>
<EventRecordID>1671</EventRecordID>
<Correlation ActivityID="" RelatedActivityID=""></Correlation>
<Execution ProcessID="0" ThreadID="0"></Execution>
<Channel>Application</Channel>
<Computer>S200401.overwatch.htb</Computer>
<Security UserID=""></Security>
</System>
<EventData><Data>&lt;string&gt;v4.0.30319&lt;/string&gt;
&lt;string&gt;C:\Windows\Microsoft.NET\Framework64\v4.0.30319\&lt;/string&gt;
</Data>
<Binary>bRgAAAoAAAATAAAAUwAyADAAMAA0ADAAMQBcAFMAUQBMAEUAWABQAFIARQBTAFMAAAAAAAAA</Binary>
</EventData>
</Event>

<Event xmlns="http://schemas.microsoft.com/win/2004/08/events/event"><System><Provider Name="MSSQL$SQLEXPRESS"></Provider>
<EventID Qualifiers="16384">17118</EventID>
<Version>0</Version>
<Level>4</Level>
<Task>2</Task>
<Opcode>0</Opcode>
<Keywords>0x0080000000000000</Keywords>
<TimeCreated SystemTime="2025-07-07 10:31:45.562132"></TimeCreated>
<EventRecordID>1672</EventRecordID>
<Correlation ActivityID="" RelatedActivityID=""></Correlation>
<Execution ProcessID="0" ThreadID="0"></Execution>
<Channel>Application</Channel>
<Computer>S200401.overwatch.htb</Computer>
<Security UserID=""></Security>
</System>
<EventData><Data>&lt;string&gt;enabled&lt;/string&gt;
</Data>
<Binary>3kIAAAoAAAATAAAAUwAyADAAMAA0ADAAMQBcAFMAUQBMAEUAWABQAFIARQBTAFMAAAAAAAAA</Binary>
</EventData>
</Event>

<Event xmlns="http://schemas.microsoft.com/win/2004/08/events/event"><System><Provider Name="MSSQL$SQLEXPRESS"></Provider>
<EventID Qualifiers="16384">17137</EventID>
<Version>0</Version>
<Level>4</Level>
<Task>2</Task>
<Opcode>0</Opcode>
<Keywords>0x0080000000000000</Keywords>
<TimeCreated SystemTime="2025-07-07 10:31:45.655828"></TimeCreated>
<EventRecordID>1673</EventRecordID>
<Correlation ActivityID="" RelatedActivityID=""></Correlation>
<Execution ProcessID="0" ThreadID="0"></Execution>
<Channel>Application</Channel>
<Computer>S200401.overwatch.htb</Computer>
<Security UserID=""></Security>
</System>
<EventData><Data>&lt;string&gt;master&lt;/string&gt;
</Data>
<Binary>8UIAAAoAAAATAAAAUwAyADAAMAA0ADAAMQBcAFMAUQBMAEUAWABQAFIARQBTAFMAAAAAAAAA</Binary>
</EventData>
</Event>

<Event xmlns="http://schemas.microsoft.com/win/2004/08/events/event"><System><Provider Name="MSSQL$SQLEXPRESS"></Provider>
<EventID Qualifiers="16384">9048</EventID>
<Version>0</Version>
<Level>4</Level>
<Task>2</Task>
<Opcode>0</Opcode>
<Keywords>0x0080000000000000</Keywords>
<TimeCreated SystemTime="2025-07-07 10:31:45.655828"></TimeCreated>
<EventRecordID>1674</EventRecordID>
<Correlation ActivityID="" RelatedActivityID=""></Correlation>
<Execution ProcessID="0" ThreadID="0"></Execution>
<Channel>Application</Channel>
<Computer>S200401.overwatch.htb</Computer>
<Security UserID=""></Security>
</System>
<EventData><Data>&lt;string&gt;clwb&lt;/string&gt;
</Data>
<Binary>WCMAAAoAAAATAAAAUwAyADAAMAA0ADAAMQBcAFMAUQBMAEUAWABQAFIARQBTAFMAAAAAAAAA</Binary>
</EventData>
</Event>

<Event xmlns="http://schemas.microsoft.com/win/2004/08/events/event"><System><Provider Name="MSSQL$SQLEXPRESS"></Provider>
<EventID Qualifiers="16384">49910</EventID>
<Version>0</Version>
<Level>4</Level>
<Task>2</Task>
<Opcode>0</Opcode>
<Keywords>0x0080000000000000</Keywords>
<TimeCreated SystemTime="2025-07-07 10:31:45.796480"></TimeCreated>
<EventRecordID>1675</EventRecordID>
<Correlation ActivityID="" RelatedActivityID=""></Correlation>
<Execution ProcessID="0" ThreadID="0"></Execution>
<Channel>Application</Channel>
<Computer>S200401.overwatch.htb</Computer>
<Security UserID=""></Security>
</System>
<EventData><Data></Data>
<Binary>9sIAAAoAAAATAAAAUwAyADAAMAA0ADAAMQBcAFMAUQBMAEUAWABQAFIARQBTAFMAAAAAAAAA</Binary>
</EventData>
</Event>

<Event xmlns="http://schemas.microsoft.com/win/2004/08/events/event"><System><Provider Name="MSSQL$SQLEXPRESS"></Provider>
<EventID Qualifiers="16384">33217</EventID>
<Version>0</Version>
<Level>4</Level>
<Task>2</Task>
<Opcode>0</Opcode>
<Keywords>0x0080000000000000</Keywords>
<TimeCreated SystemTime="2025-07-07 10:31:45.874538"></TimeCreated>
<EventRecordID>1676</EventRecordID>
<Correlation ActivityID="" RelatedActivityID=""></Correlation>
<Execution ProcessID="0" ThreadID="0"></Execution>
<Channel>Application</Channel>
<Computer>S200401.overwatch.htb</Computer>
<Security UserID=""></Security>
</System>
<EventData><Data></Data>
<Binary>wYEAAAoAAAATAAAAUwAyADAAMAA0ADAAMQBcAFMAUQBMAEUAWABQAFIARQBTAFMAAAAHAAAAbQBhAHMAdABlAHIAAAA=</Binary>
</EventData>
</Event>

<Event xmlns="http://schemas.microsoft.com/win/2004/08/events/event"><System><Provider Name="MSSQL$SQLEXPRESS"></Provider>
<EventID Qualifiers="16384">33218</EventID>
<Version>0</Version>
<Level>4</Level>
<Task>2</Task>
<Opcode>0</Opcode>
<Keywords>0x0080000000000000</Keywords>
<TimeCreated SystemTime="2025-07-07 10:31:45.874538"></TimeCreated>
<EventRecordID>1677</EventRecordID>
<Correlation ActivityID="" RelatedActivityID=""></Correlation>
<Execution ProcessID="0" ThreadID="0"></Execution>
<Channel>Application</Channel>
<Computer>S200401.overwatch.htb</Computer>
<Security UserID=""></Security>
</System>
<EventData><Data></Data>
<Binary>woEAAAoAAAATAAAAUwAyADAAMAA0ADAAMQBcAFMAUQBMAEUAWABQAFIARQBTAFMAAAAHAAAAbQBhAHMAdABlAHIAAAA=</Binary>
</EventData>
</Event>

<Event xmlns="http://schemas.microsoft.com/win/2004/08/events/event"><System><Provider Name="MSSQL$SQLEXPRESS"></Provider>
<EventID Qualifiers="16384">25753</EventID>
<Version>0</Version>
<Level>4</Level>
<Task>2</Task>
<Opcode>0</Opcode>
<Keywords>0x0080000000000000</Keywords>
<TimeCreated SystemTime="2025-07-07 10:31:45.905792"></TimeCreated>
<EventRecordID>1678</EventRecordID>
<Correlation ActivityID="" RelatedActivityID=""></Correlation>
<Execution ProcessID="0" ThreadID="0"></Execution>
<Channel>Application</Channel>
<Computer>S200401.overwatch.htb</Computer>
<Security UserID=""></Security>
</System>
<EventData><Data>&lt;string&gt;system_health&lt;/string&gt;
</Data>
<Binary>mWQAAAoAAAATAAAAUwAyADAAMAA0ADAAMQBcAFMAUQBMAEUAWABQAFIARQBTAFMAAAAHAAAAbQBhAHMAdABlAHIAAAA=</Binary>
</EventData>
</Event>

<Event xmlns="http://schemas.microsoft.com/win/2004/08/events/event"><System><Provider Name="MSSQL$SQLEXPRESS"></Provider>
<EventID Qualifiers="16384">25753</EventID>
<Version>0</Version>
<Level>4</Level>
<Task>2</Task>
<Opcode>0</Opcode>
<Keywords>0x0080000000000000</Keywords>
<TimeCreated SystemTime="2025-07-07 10:31:45.999529"></TimeCreated>
<EventRecordID>1679</EventRecordID>
<Correlation ActivityID="" RelatedActivityID=""></Correlation>
<Execution ProcessID="0" ThreadID="0"></Execution>
<Channel>Application</Channel>
<Computer>S200401.overwatch.htb</Computer>
<Security UserID=""></Security>
</System>
<EventData><Data>&lt;string&gt;telemetry_xevents&lt;/string&gt;
</Data>
<Binary>mWQAAAoAAAATAAAAUwAyADAAMAA0ADAAMQBcAFMAUQBMAEUAWABQAFIARQBTAFMAAAAHAAAAbQBhAHMAdABlAHIAAAA=</Binary>
</EventData>
</Event>

<Event xmlns="http://schemas.microsoft.com/win/2004/08/events/event"><System><Provider Name="MSSQL$SQLEXPRESS"></Provider>
<EventID Qualifiers="16384">19030</EventID>
<Version>0</Version>
<Level>4</Level>
<Task>2</Task>
<Opcode>0</Opcode>
<Keywords>0x0080000000000000</Keywords>
<TimeCreated SystemTime="2025-07-07 10:31:46.030792"></TimeCreated>
<EventRecordID>1680</EventRecordID>
<Correlation ActivityID="" RelatedActivityID=""></Correlation>
<Execution ProcessID="0" ThreadID="0"></Execution>
<Channel>Application</Channel>
<Computer>S200401.overwatch.htb</Computer>
<Security UserID=""></Security>
</System>
<EventData><Data>&lt;string&gt;1&lt;/string&gt;
&lt;string&gt;sa&lt;/string&gt;
</Data>
<Binary>VkoAAAoAAAATAAAAUwAyADAAMAA0ADAAMQBcAFMAUQBMAEUAWABQAFIARQBTAFMAAAAHAAAAbQBhAHMAdABlAHIAAAA=</Binary>
</EventData>
</Event>

<Event xmlns="http://schemas.microsoft.com/win/2004/08/events/event"><System><Provider Name="MSSQL$SQLEXPRESS"></Provider>
<EventID Qualifiers="16384">17663</EventID>
<Version>0</Version>
<Level>4</Level>
<Task>2</Task>
<Opcode>0</Opcode>
<Keywords>0x0080000000000000</Keywords>
<TimeCreated SystemTime="2025-07-07 10:31:46.030792"></TimeCreated>
<EventRecordID>1681</EventRecordID>
<Correlation ActivityID="" RelatedActivityID=""></Correlation>
<Execution ProcessID="0" ThreadID="0"></Execution>
<Channel>Application</Channel>
<Computer>S200401.overwatch.htb</Computer>
<Security UserID=""></Security>
</System>
<EventData><Data>&lt;string&gt;S200401\SQLEXPRESS&lt;/string&gt;
</Data>
<Binary>/0QAAAoAAAATAAAAUwAyADAAMAA0ADAAMQBcAFMAUQBMAEUAWABQAFIARQBTAFMAAAAHAAAAbQBhAHMAdABlAHIAAAA=</Binary>
</EventData>
</Event>

<Event xmlns="http://schemas.microsoft.com/win/2004/08/events/event"><System><Provider Name="MSSQL$SQLEXPRESS"></Provider>
<EventID Qualifiers="16384">17137</EventID>
<Version>0</Version>
<Level>4</Level>
<Task>2</Task>
<Opcode>0</Opcode>
<Keywords>0x0080000000000000</Keywords>
<TimeCreated SystemTime="2025-07-07 10:31:46.062031"></TimeCreated>
<EventRecordID>1682</EventRecordID>
<Correlation ActivityID="" RelatedActivityID=""></Correlation>
<Execution ProcessID="0" ThreadID="0"></Execution>
<Channel>Application</Channel>
<Computer>S200401.overwatch.htb</Computer>
<Security UserID=""></Security>
</System>
<EventData><Data>&lt;string&gt;msdb&lt;/string&gt;
</Data>
<Binary>8UIAAAoAAAATAAAAUwAyADAAMAA0ADAAMQBcAFMAUQBMAEUAWABQAFIARQBTAFMAAAAHAAAAbQBhAHMAdABlAHIAAAA=</Binary>
</EventData>
</Event>

<Event xmlns="http://schemas.microsoft.com/win/2004/08/events/event"><System><Provider Name="MSSQL$SQLEXPRESS"></Provider>
<EventID Qualifiers="16384">17137</EventID>
<Version>0</Version>
<Level>4</Level>
<Task>2</Task>
<Opcode>0</Opcode>
<Keywords>0x0080000000000000</Keywords>
<TimeCreated SystemTime="2025-07-07 10:31:46.062031"></TimeCreated>
<EventRecordID>1683</EventRecordID>
<Correlation ActivityID="" RelatedActivityID=""></Correlation>
<Execution ProcessID="0" ThreadID="0"></Execution>
<Channel>Application</Channel>
<Computer>S200401.overwatch.htb</Computer>
<Security UserID=""></Security>
</System>
<EventData><Data>&lt;string&gt;mssqlsystemresource&lt;/string&gt;
</Data>
<Binary>8UIAAAoAAAATAAAAUwAyADAAMAA0ADAAMQBcAFMAUQBMAEUAWABQAFIARQBTAFMAAAAHAAAAbQBhAHMAdABlAHIAAAA=</Binary>
</EventData>
</Event>

<Event xmlns="http://schemas.microsoft.com/win/2004/08/events/event"><System><Provider Name="MSSQL$SQLEXPRESS"></Provider>
<EventID Qualifiers="16384">958</EventID>
<Version>0</Version>
<Level>4</Level>
<Task>2</Task>
<Opcode>0</Opcode>
<Keywords>0x0080000000000000</Keywords>
<TimeCreated SystemTime="2025-07-07 10:31:46.077658"></TimeCreated>
<EventRecordID>1684</EventRecordID>
<Correlation ActivityID="" RelatedActivityID=""></Correlation>
<Execution ProcessID="0" ThreadID="0"></Execution>
<Channel>Application</Channel>
<Computer>S200401.overwatch.htb</Computer>
<Security UserID=""></Security>
</System>
<EventData><Data>&lt;string&gt;16.00.1000&lt;/string&gt;
</Data>
<Binary>vgMAAAoAAAATAAAAUwAyADAAMAA0ADAAMQBcAFMAUQBMAEUAWABQAFIARQBTAFMAAAAHAAAAbQBhAHMAdABlAHIAAAA=</Binary>
</EventData>
</Event>

<Event xmlns="http://schemas.microsoft.com/win/2004/08/events/event"><System><Provider Name="MSSQL$SQLEXPRESS"></Provider>
<EventID Qualifiers="16384">17137</EventID>
<Version>0</Version>
<Level>4</Level>
<Task>2</Task>
<Opcode>0</Opcode>
<Keywords>0x0080000000000000</Keywords>
<TimeCreated SystemTime="2025-07-07 10:31:46.124533"></TimeCreated>
<EventRecordID>1685</EventRecordID>
<Correlation ActivityID="" RelatedActivityID=""></Correlation>
<Execution ProcessID="0" ThreadID="0"></Execution>
<Channel>Application</Channel>
<Computer>S200401.overwatch.htb</Computer>
<Security UserID=""></Security>
</System>
<EventData><Data>&lt;string&gt;model&lt;/string&gt;
</Data>
<Binary>8UIAAAoAAAATAAAAUwAyADAAMAA0ADAAMQBcAFMAUQBMAEUAWABQAFIARQBTAFMAAAAHAAAAbQBhAHMAdABlAHIAAAA=</Binary>
</EventData>
</Event>

<Event xmlns="http://schemas.microsoft.com/win/2004/08/events/event"><System><Provider Name="MSSQL$SQLEXPRESS"></Provider>
<EventID Qualifiers="16384">17136</EventID>
<Version>0</Version>
<Level>4</Level>
<Task>2</Task>
<Opcode>0</Opcode>
<Keywords>0x0080000000000000</Keywords>
<TimeCreated SystemTime="2025-07-07 10:31:46.171440"></TimeCreated>
<EventRecordID>1686</EventRecordID>
<Correlation ActivityID="" RelatedActivityID=""></Correlation>
<Execution ProcessID="0" ThreadID="0"></Execution>
<Channel>Application</Channel>
<Computer>S200401.overwatch.htb</Computer>
<Security UserID=""></Security>
</System>
<EventData><Data></Data>
<Binary>8EIAAAoAAAATAAAAUwAyADAAMAA0ADAAMQBcAFMAUQBMAEUAWABQAFIARQBTAFMAAAAHAAAAbQBhAHMAdABlAHIAAAA=</Binary>
</EventData>
</Event>

<Event xmlns="http://schemas.microsoft.com/win/2004/08/events/event"><System><Provider Name="MSSQL$SQLEXPRESS"></Provider>
<EventID Qualifiers="16384">26018</EventID>
<Version>0</Version>
<Level>4</Level>
<Task>2</Task>
<Opcode>0</Opcode>
<Keywords>0x0080000000000000</Keywords>
<TimeCreated SystemTime="2025-07-07 10:31:46.296415"></TimeCreated>
<EventRecordID>1687</EventRecordID>
<Correlation ActivityID="" RelatedActivityID=""></Correlation>
<Execution ProcessID="0" ThreadID="0"></Execution>
<Channel>Application</Channel>
<Computer>S200401.overwatch.htb</Computer>
<Security UserID=""></Security>
</System>
<EventData><Data></Data>
<Binary>omUAAAoAAAATAAAAUwAyADAAMAA0ADAAMQBcAFMAUQBMAEUAWABQAFIARQBTAFMAAAAAAAAA</Binary>
</EventData>
</Event>

