<Event xmlns="http://schemas.microsoft.com/win/2004/08/events/event"><System><Provider Name="VMTools"></Provider>
<EventID Qualifiers="0">105</EventID>
<Version>0</Version>
<Level>4</Level>
<Task>0</Task>
<Opcode>0</Opcode>
<Keywords>0x0080000000000000</Keywords>
<TimeCreated SystemTime="2025-07-07 10:23:16.472378"></TimeCreated>
<EventRecordID>1524</EventRecordID>
<Correlation ActivityID="" RelatedActivityID=""></Correlation>
<Execution ProcessID="0" ThreadID="0"></Execution>
<Channel>Application</Channel>
<Computer>S200401.overwatch.htb</Computer>
<Security UserID=""></Security>
</System>
<EventData><Data></Data>
<Binary></Binary>
</EventData>
</Event>

<Event xmlns="http://schemas.microsoft.com/win/2004/08/events/event"><System><Provider Name="Microsoft-Windows-WMI" Guid="{1edeee53-0afe-4609-b846-d8c0b2075b1f}"></Provider>
<EventID Qualifiers="">5615</EventID>
<Version>2</Version>
<Level>4</Level>
<Task>0</Task>
<Opcode>0</Opcode>
<Keywords>0x8000000000000000</Keywords>
<TimeCreated SystemTime="2025-07-07 10:23:16.475712"></TimeCreated>
<EventRecordID>1525</EventRecordID>
<Correlation ActivityID="" RelatedActivityID=""></Correlation>
<Execution ProcessID="2112" ThreadID="3152"></Execution>
<Channel>Application</Channel>
<Computer>S200401.overwatch.htb</Computer>
<Security UserID="S-1-5-18"></Security>
</System>
<EventData></EventData>
</Event>

<Event xmlns="http://schemas.microsoft.com/win/2004/08/events/event"><System><Provider Name="Microsoft-Windows-Complus" Guid="{0f177893-4a9c-4709-b921-f432d67f43d5}" EventSourceName="COM+"></Provider>
<EventID Qualifiers="16384">781</EventID>
<Version>0</Version>
<Level>4</Level>
<Task>0</Task>
<Opcode>0</Opcode>
<Keywords>0x0080000000000000</Keywords>
<TimeCreated SystemTime="2025-07-07 10:23:17.284874"></TimeCreated>
<EventRecordID>1526</EventRecordID>
<Correlation ActivityID="" RelatedActivityID=""></Correlation>
<Execution ProcessID="0" ThreadID="0"></Execution>
<Channel>Application</Channel>
<Computer>S200401.overwatch.htb</Computer>
<Security UserID=""></Security>
</System>
<EventData><Data Name="param1">86400</Data>
<Data Name="param2">SuppressDuplicateDuration</Data>
<Data Name="param3">Software\Microsoft\COM3\Eventlog</Data>
</EventData>
</Event>

<Event xmlns="http://schemas.microsoft.com/win/2004/08/events/event"><System><Provider Name="Microsoft-Windows-MSDTC 2" Guid="{5D9E0020-3761-4f36-90C8-38CE6511BD12}" EventSourceName="MSDTC 2"></Provider>
<EventID Qualifiers="16384">4202</EventID>
<Version>0</Version>
<Level>4</Level>
<Task>2</Task>
<Opcode>0</Opcode>
<Keywords>0x0080000000000000</Keywords>
<TimeCreated SystemTime="2025-07-07 10:23:17.722376"></TimeCreated>
<EventRecordID>1527</EventRecordID>
<Correlation ActivityID="" RelatedActivityID=""></Correlation>
<Execution ProcessID="0" ThreadID="0"></Execution>
<Channel>Application</Channel>
<Computer>S200401.overwatch.htb</Computer>
<Security UserID=""></Security>
</System>
<EventData><Data Name="param1">0</Data>
<Data Name="param2">0</Data>
<Data Name="param3">0</Data>
<Data Name="param4">0</Data>
<Data Name="param5">0</Data>
<Data Name="param6">0</Data>
<Data Name="param7">1</Data>
<Data Name="param8">Mutual Authentication Required</Data>
<Data Name="param9">NT AUTHORITY\NetworkService</Data>
<Data Name="param10">0</Data>
<Data Name="param11">0</Data>
<Data Name="param12">1</Data>
</EventData>
</Event>

<Event xmlns="http://schemas.microsoft.com/win/2004/08/events/event"><System><Provider Name="VMUpgradeHelper"></Provider>
<EventID Qualifiers="0">258</EventID>
<Version>0</Version>
<Level>4</Level>
<Task>0</Task>
<Opcode>0</Opcode>
<Keywords>0x0080000000000000</Keywords>
<TimeCreated SystemTime="2025-07-07 10:23:18.206751"></TimeCreated>
<EventRecordID>1528</EventRecordID>
<Correlation ActivityID="" RelatedActivityID=""></Correlation>
<Execution ProcessID="0" ThreadID="0"></Execution>
<Channel>Application</Channel>
<Computer>S200401.overwatch.htb</Computer>
<Security UserID=""></Security>
</System>
<EventData><Data></Data>
<Binary></Binary>
</EventData>
</Event>

<Event xmlns="http://schemas.microsoft.com/win/2004/08/events/event"><System><Provider Name="Microsoft-Windows-WMI" Guid="{1edeee53-0afe-4609-b846-d8c0b2075b1f}"></Provider>
<EventID Qualifiers="">5617</EventID>
<Version>2</Version>
<Level>4</Level>
<Task>0</Task>
<Opcode>0</Opcode>
<Keywords>0x8000000000000000</Keywords>
<TimeCreated SystemTime="2025-07-07 10:23:17.359808"></TimeCreated>
<EventRecordID>1529</EventRecordID>
<Correlation ActivityID="" RelatedActivityID=""></Correlation>
<Execution ProcessID="2112" ThreadID="3304"></Execution>
<Channel>Application</Channel>
<Computer>S200401.overwatch.htb</Computer>
<Security UserID="S-1-5-18"></Security>
</System>
<EventData></EventData>
</Event>

<Event xmlns="http://schemas.microsoft.com/win/2004/08/events/event"><System><Provider Name="VMUpgradeHelper"></Provider>
<EventID Qualifiers="0">271</EventID>
<Version>0</Version>
<Level>4</Level>
<Task>0</Task>
<Opcode>0</Opcode>
<Keywords>0x0080000000000000</Keywords>
<TimeCreated SystemTime="2025-07-07 10:23:19.003630"></TimeCreated>
<EventRecordID>1530</EventRecordID>
<Correlation ActivityID="" RelatedActivityID=""></Correlation>
<Execution ProcessID="0" ThreadID="0"></Execution>
<Channel>Application</Channel>
<Computer>S200401.overwatch.htb</Computer>
<Security UserID=""></Security>
</System>
<EventData><Data></Data>
<Binary></Binary>
</EventData>
</Event>

<Event xmlns="http://schemas.microsoft.com/win/2004/08/events/event"><System><Provider Name="Desktop Window Manager"></Provider>
<EventID Qualifiers="16384">9027</EventID>
<Version>0</Version>
<Level>4</Level>
<Task>0</Task>
<Opcode>0</Opcode>
<Keywords>0x0080000000000000</Keywords>
<TimeCreated SystemTime="2025-07-07 10:23:34.503624"></TimeCreated>
<EventRecordID>1531</EventRecordID>
<Correlation ActivityID="" RelatedActivityID=""></Correlation>
<Execution ProcessID="0" ThreadID="0"></Execution>
<Channel>Application</Channel>
<Computer>S200401.overwatch.htb</Computer>
<Security UserID=""></Security>
</System>
<EventData><Data></Data>
<Binary></Binary>
</EventData>
</Event>

<Event xmlns="http://schemas.microsoft.com/win/2004/08/events/event"><System><Provider Name="nssm"></Provider>
<EventID Qualifiers="16384">1008</EventID>
<Version>0</Version>
<Level>4</Level>
<Task>0</Task>
<Opcode>0</Opcode>
<Keywords>0x0080000000000000</Keywords>
<TimeCreated SystemTime="2025-07-07 10:23:36.160654"></TimeCreated>
<EventRecordID>1532</EventRecordID>
<Correlation ActivityID="" RelatedActivityID=""></Correlation>
<Execution ProcessID="0" ThreadID="0"></Execution>
<Channel>Application</Channel>
<Computer>S200401.overwatch.htb</Computer>
<Security UserID=""></Security>
</System>
<EventData><Data>&lt;string&gt;C:\Software\Monitoring\overwatch.exe&lt;/string&gt;
&lt;string&gt;&lt;/string&gt;
&lt;string&gt;overwatch&lt;/string&gt;
&lt;string&gt;C:\Software\Monitoring&lt;/string&gt;
</Data>
<Binary></Binary>
</EventData>
</Event>

<Event xmlns="http://schemas.microsoft.com/win/2004/08/events/event"><System><Provider Name="Microsoft-Windows-Security-SPP" Guid="{E23B33B0-C8C9-472C-A5F9-F2BDFEA0F156}" EventSourceName="Software Protection Platform Service"></Provider>
<EventID Qualifiers="16384">16384</EventID>
<Version>0</Version>
<Level>4</Level>
<Task>0</Task>
<Opcode>0</Opcode>
<Keywords>0x0080000000000000</Keywords>
<TimeCreated SystemTime="2025-07-07 10:23:40.301201"></TimeCreated>
<EventRecordID>1533</EventRecordID>
<Correlation ActivityID="" RelatedActivityID=""></Correlation>
<Execution ProcessID="0" ThreadID="0"></Execution>
<Channel>Application</Channel>
<Computer>S200401.overwatch.htb</Computer>
<Security UserID=""></Security>
</System>
<EventData><Data>&lt;string&gt;2025-07-08T10:22:40Z&lt;/string&gt;
&lt;string&gt;RulesEngine&lt;/string&gt;
</Data>
<Binary></Binary>
</EventData>
</Event>

<Event xmlns="http://schemas.microsoft.com/win/2004/08/events/event"><System><Provider Name="Microsoft-Windows-Security-SPP" Guid="{E23B33B0-C8C9-472C-A5F9-F2BDFEA0F156}" EventSourceName="Software Protection Platform Service"></Provider>
<EventID Qualifiers="16384">903</EventID>
<Version>0</Version>
<Level>0</Level>
<Task>0</Task>
<Opcode>0</Opcode>
<Keywords>0x0080000000000000</Keywords>
<TimeCreated SystemTime="2025-07-07 10:23:40.316816"></TimeCreated>
<EventRecordID>1534</EventRecordID>
<Correlation ActivityID="" RelatedActivityID=""></Correlation>
<Execution ProcessID="0" ThreadID="0"></Execution>
<Channel>Application</Channel>
<Computer>S200401.overwatch.htb</Computer>
<Security UserID=""></Security>
</System>
<EventData><Data></Data>
<Binary></Binary>
</EventData>
</Event>

<Event xmlns="http://schemas.microsoft.com/win/2004/08/events/event"><System><Provider Name="ESENT"></Provider>
<EventID Qualifiers="0">102</EventID>
<Version>0</Version>
<Level>4</Level>
<Task>1</Task>
<Opcode>0</Opcode>
<Keywords>0x0080000000000000</Keywords>
<TimeCreated SystemTime="2025-07-07 10:23:46.285566"></TimeCreated>
<EventRecordID>1535</EventRecordID>
<Correlation ActivityID="" RelatedActivityID=""></Correlation>
<Execution ProcessID="0" ThreadID="0"></Execution>
<Channel>Application</Channel>
<Computer>S200401.overwatch.htb</Computer>
<Security UserID=""></Security>
</System>
<EventData><Data>&lt;string&gt;DFSRs&lt;/string&gt;
&lt;string&gt;3000,P,98&lt;/string&gt;
&lt;string&gt;\\.\C:\System Volume Information\DFSR\database_1ECA_75DD_CA75_B19F\dfsr.db: &lt;/string&gt;
&lt;string&gt;0&lt;/string&gt;
&lt;string&gt;10&lt;/string&gt;
&lt;string&gt;00&lt;/string&gt;
&lt;string&gt;20348&lt;/string&gt;
&lt;string&gt;0000&lt;/string&gt;
</Data>
<Binary></Binary>
</EventData>
</Event>

<Event xmlns="http://schemas.microsoft.com/win/2004/08/events/event"><System><Provider Name="ESENT"></Provider>
<EventID Qualifiers="0">105</EventID>
<Version>0</Version>
<Level>4</Level>
<Task>1</Task>
<Opcode>0</Opcode>
<Keywords>0x0080000000000000</Keywords>
<TimeCreated SystemTime="2025-07-07 10:23:46.332438"></TimeCreated>
<EventRecordID>1536</EventRecordID>
<Correlation ActivityID="" RelatedActivityID=""></Correlation>
<Execution ProcessID="0" ThreadID="0"></Execution>
<Channel>Application</Channel>
<Computer>S200401.overwatch.htb</Computer>
<Security UserID=""></Security>
</System>
<EventData><Data>&lt;string&gt;DFSRs&lt;/string&gt;
&lt;string&gt;3000,D,0&lt;/string&gt;
&lt;string&gt;\\.\C:\System Volume Information\DFSR\database_1ECA_75DD_CA75_B19F\dfsr.db: &lt;/string&gt;
&lt;string&gt;0&lt;/string&gt;
&lt;string&gt;0&lt;/string&gt;
&lt;string&gt;
[1] 0.010054 +J(0) +M(C:0K, Fs:280, WS:1020K # 1048K, PF:6528K # 6584K, P:6528K)
[2] 0.000406 +J(0) +M(C:16K, Fs:89, WS:352K # 324K, PF:308K # 252K, P:308K)
[3] 0.000034 +J(0) +M(C:0K, Fs:5, WS:20K # 20K, PF:64K # 64K, P:64K)
[4] 0.000296 +J(0) +M(C:2032K, Fs:37, WS:136K # 136K, PF:2436K # 2436K, P:2436K)
[5] 0.001737 +J(0) +M(C:0K, Fs:14, WS:56K # 56K, PF:28K # 28K, P:28K)
[6] 0.004965 +J(0) +M(C:0K, Fs:12, WS:48K # 48K, PF:24K # 24K, P:24K)
[7] 0.027026 -0.021810 (11) WT +J(0) +M(C:0K, Fs:1302, WS:5184K # 5184K, PF:5072K # 5128K, P:5072K)
[8] -
[9] -
[10] -
[11] -
[12] -
[13] 0.017244 -0.010751 (12) WT +J(CM:0, PgRf:0, Rd:0/0, Dy:0/0, Lg:616/1) +M(C:0K, Fs:20, WS:-5048K # 56K, PF:-4988K # 84K, P:-4988K)
[14] 0.000020 +J(0)
[15] 0.000136 +J(0) +M(C:0K, Fs:64, WS:256K # 0K, PF:64K # 0K, P:64K)
[16] 0.000359 -0.000205 (1) WT +J(0) +M(C:0K, Fs:3, WS:4K # 0K, PF:0K # 0K, P:0K).&lt;/string&gt;
&lt;string&gt;&lt;/string&gt;
</Data>
<Binary></Binary>
</EventData>
</Event>

<Event xmlns="http://schemas.microsoft.com/win/2004/08/events/event"><System><Provider Name="ESENT"></Provider>
<EventID Qualifiers="0">326</EventID>
<Version>0</Version>
<Level>4</Level>
<Task>1</Task>
<Opcode>0</Opcode>
<Keywords>0x0080000000000000</Keywords>
<TimeCreated SystemTime="2025-07-07 10:23:46.363691"></TimeCreated>
<EventRecordID>1537</EventRecordID>
<Correlation ActivityID="" RelatedActivityID=""></Correlation>
<Execution ProcessID="0" ThreadID="0"></Execution>
<Channel>Application</Channel>
<Computer>S200401.overwatch.htb</Computer>
<Security UserID=""></Security>
</System>
<EventData><Data>&lt;string&gt;DFSRs&lt;/string&gt;
&lt;string&gt;3000,D,50&lt;/string&gt;
&lt;string&gt;\\.\C:\System Volume Information\DFSR\database_1ECA_75DD_CA75_B19F\dfsr.db: &lt;/string&gt;
&lt;string&gt;1&lt;/string&gt;
&lt;string&gt;\\.\C:\System Volume Information\DFSR\database_1ECA_75DD_CA75_B19F\dfsr.db&lt;/string&gt;
&lt;string&gt;0&lt;/string&gt;
&lt;string&gt;
[1] 0.000006 +J(0) +M(C:0K, Fs:2, WS:8K # 0K, PF:0K # 0K, P:0K)
[2] 0.000944 -0.000746 (1) WT +J(0) +M(C:0K, Fs:21, WS:20K # 0K, PF:8K # 0K, P:8K)
[3] 0.017630 -0.012700 (6) WT +J(CM:0, PgRf:0, Rd:0/0, Dy:0/0, Lg:3480/2) +M(C:0K, Fs:38, WS:144K # 0K, PF:136K # 0K, P:136K)
[4] 0.000122 +J(0)
[5] -
[6] -
[7] -
[8] 0.000997 -0.000718 (2) CM -0.000493 (2) WT +J(CM:2, PgRf:2, Rd:14/2, Dy:0/0, Lg:54/1) +M(C:-8K, Fs:74, WS:288K # 0K, PF:140K # 0K, P:140K)
[9] 0.001538 -0.001343 (2) CM -0.001274 (2) WT +J(CM:2, PgRf:23, Rd:0/1, Dy:0/0, Lg:0/0) +M(C:-12K, Fs:31, WS:108K # 0K, PF:192K # 0K, P:192K)
[10] 0.000405 -0.000290 (1) CM -0.000221 (1) WT +J(CM:1, PgRf:40, Rd:0/1, Dy:0/0, Lg:0/0) +M(C:-4K, Fs:4, WS:12K # 0K, PF:60K # 0K, P:60K)
[11] 0.000008 +J(CM:0, PgRf:1, Rd:0/0, Dy:0/0, Lg:0/0)
[12] 0.000016 +J(CM:0, PgRf:36, Rd:0/0, Dy:0/0, Lg:0/0)
[13] 0.0 +J(0)
[14] 0.0 +J(0)
[15] 0.000003 +J(CM:0, PgRf:1, Rd:0/0, Dy:0/0, Lg:0/0).&lt;/string&gt;
&lt;string&gt;0 0&lt;/string&gt;
&lt;string&gt;lgposAttach = 00000001:0108:0268,
dbv = 1568.180.400 (9360)&lt;/string&gt;
</Data>
<Binary></Binary>
</EventData>
</Event>

<Event xmlns="http://schemas.microsoft.com/win/2004/08/events/event"><System><Provider Name="Desktop Window Manager"></Provider>
<EventID Qualifiers="16384">9027</EventID>
<Version>0</Version>
<Level>4</Level>
<Task>0</Task>
<Opcode>0</Opcode>
<Keywords>0x0080000000000000</Keywords>
<TimeCreated SystemTime="2025-07-07 10:24:53.973063"></TimeCreated>
<EventRecordID>1538</EventRecordID>
<Correlation ActivityID="" RelatedActivityID=""></Correlation>
<Execution ProcessID="0" ThreadID="0"></Execution>
<Channel>Application</Channel>
<Computer>S200401.overwatch.htb</Computer>
<Security UserID=""></Security>
</System>
<EventData><Data></Data>
<Binary></Binary>
</EventData>
</Event>

<Event xmlns="http://schemas.microsoft.com/win/2004/08/events/event"><System><Provider Name="Microsoft-Windows-Security-SPP" Guid="{E23B33B0-C8C9-472C-A5F9-F2BDFEA0F156}" EventSourceName="Software Protection Platform Service"></Provider>
<EventID Qualifiers="49152">16394</EventID>
<Version>0</Version>
<Level>4</Level>
<Task>0</Task>
<Opcode>0</Opcode>
<Keywords>0x0080000000000000</Keywords>
<TimeCreated SystemTime="2025-07-07 10:24:56.951975"></TimeCreated>
<EventRecordID>1539</EventRecordID>
<Correlation ActivityID="" RelatedActivityID=""></Correlation>
<Execution ProcessID="0" ThreadID="0"></Execution>
<Channel>Application</Channel>
<Computer>S200401.overwatch.htb</Computer>
<Security UserID=""></Security>
</System>
<EventData><Data></Data>
<Binary></Binary>
</EventData>
</Event>

<Event xmlns="http://schemas.microsoft.com/win/2004/08/events/event"><System><Provider Name="Microsoft-Windows-Security-SPP" Guid="{E23B33B0-C8C9-472C-A5F9-F2BDFEA0F156}" EventSourceName="Software Protection Platform Service"></Provider>
<EventID Qualifiers="16384">1003</EventID>
<Version>0</Version>
<Level>4</Level>
<Task>0</Task>
<Opcode>0</Opcode>
<Keywords>0x0080000000000000</Keywords>
<TimeCreated SystemTime="2025-07-07 10:24:57.405077"></TimeCreated>
<EventRecordID>1540</EventRecordID>
<Correlation ActivityID="" RelatedActivityID=""></Correlation>
<Execution ProcessID="0" ThreadID="0"></Execution>
<Channel>Application</Channel>
<Computer>S200401.overwatch.htb</Computer>
<Security UserID=""></Security>
</System>
<EventData><Data>&lt;string&gt;55c92734-d682-4d71-983e-d6ec3f16059f&lt;/string&gt;
&lt;string&gt;
1: 1ea11e95-b7b5-49f8-b3b8-164805630e84, 1, 0 [(0 [0xC004F014, 0, 0], [(?)(?)(?)(?)(?)(?)(?)(?)])(1 )(2 )(3 )]
2: 22105925-48c3-4ff4-a294-f654bb27e390, 1, 0 [(0 [0xC004F014, 0, 0], [(?)(?)(?)(?)(?)(?)(?)(?)])(1 )(2 )(3 )]
3: 27c4e172-0f4c-4a2d-86f0-ebfd77a583ce, 1, 0 [(0 [0xC004F014, 0, 0], [(?)(?)(?)(?)(?)(?)(?)(?)])(1 )(2 )(3 )]
4: 3f1a0b3b-cefc-48e4-8502-53299ec06146, 1, 0 [(0 [0xC004F014, 0, 0], [(?)(?)(?)(?)(?)(?)(?)(?)])(1 )(2 )(3 )]
5: 661f7658-7035-4b4c-9f35-010682943ec2, 1, 0 [(0 [0xC004F014, 0, 0], [(?)(?)(?)(?)(?)(?)(?)(?)])(1 )(2 )(3 )]
6: 6bad0243-1c35-46b2-b8e6-7a853e37413f, 1, 0 [(0 [0xC004F014, 0, 0], [(?)(?)(?)(?)(?)(?)(?)(?)])(1 )(2 )(3 )]
7: 716317e3-9177-41f8-a772-361050bb1b7f, 1, 0 [(0 [0xC004F014, 0, 0], [(?)(?)(?)(?)(?)(?)(?)(?)])(1 )(2 )(3 )]
8: 82fcf64d-f9dd-4411-9c79-f2eed16d4eb8, 1, 0 [(0 [0xC004F014, 0, 0], [(?)(?)(?)(?)(?)(?)(?)(?)])(1 )(2 )(3 )]
9: 84e331f6-4279-48c4-ab10-b75139181351, 1, 0 [(0 [0xC004F014, 0, 0], [(?)(?)(?)(?)(?)(?)(?)(?)])(1 )(2 )(3 )]
10: 8f97e374-1be6-46d5-bb24-61f9d6400caf, 1, 0 [(0 [0xC004F014, 0, 0], [(?)(?)(?)(?)(?)(?)(?)(?)])(1 )(2 )(3 )]
11: 929d118a-4950-4d06-9ff1-ecd794f7d740, 1, 0 [(0 [0xC004F014, 0, 0], [(?)(?)(?)(?)(?)(?)(?)(?)])(1 )(2 )(3 )]
12: 9bd77860-9b31-4b7b-96ad-2564017315bf, 1, 1 [(0 [0xC004E003, 0, 0], [( 2 0xC004F056 0 0 msft:rm/algorithm/volume/1.0 0x00000000 0)( 1 0x00000000)(?)( 2 0xC004F056 0 0 msft:rm/algorithm/volume/1.0 0x00000000 0)(?)(?)(?)(?)])(1 )(2 )(3 [0x00000000, 0, 0], [( 6 0xC004F009 0 0)( 1 0x00000000)( 6 0xC004F009 0 0)(?)(?)(?)( 10 0x00000000 msft:rm/algorithm/flags/1.0)( 11 0x00000000 0xC004F056)])]
13: b1c68fb2-b632-47a2-8719-488cc128b728, 1, 0 [(0 [0xC004F014, 0, 0], [(?)(?)(?)(?)(?)(?)(?)(?)])(1 )(2 )(3 )]
14: ce624156-a391-4585-93f9-7fb37405fbda, 1, 0 [(0 [0xC004F014, 0, 0], [(?)(?)(?)(?)(?)(?)(?)(?)])(1 )(2 )(3 )]
15: e73aabfa-12bc-4705-b551-2dd076bebc7d, 1, 0 [(0 [0xC004F014, 0, 0], [(?)(?)(?)(?)(?)(?)(?)(?)])(1 )(2 )(3 )]
16: ffa0a98f-b13f-4433-91f4-8aff126ed407, 1, 0 [(0 [0xC004F014, 0, 0], [(?)(?)(?)(?)(?)(?)(?)(?)])(1 )(2 )(3 )]

&lt;/string&gt;
</Data>
<Binary></Binary>
</EventData>
</Event>

<Event xmlns="http://schemas.microsoft.com/win/2004/08/events/event"><System><Provider Name="Microsoft-Windows-Security-SPP" Guid="{E23B33B0-C8C9-472C-A5F9-F2BDFEA0F156}" EventSourceName="Software Protection Platform Service"></Provider>
<EventID Qualifiers="49152">8198</EventID>
<Version>0</Version>
<Level>2</Level>
<Task>0</Task>
<Opcode>0</Opcode>
<Keywords>0x0080000000000000</Keywords>
<TimeCreated SystemTime="2025-07-07 10:24:57.436325"></TimeCreated>
<EventRecordID>1541</EventRecordID>
<Correlation ActivityID="" RelatedActivityID=""></Correlation>
<Execution ProcessID="0" ThreadID="0"></Execution>
<Channel>Application</Channel>
<Computer>S200401.overwatch.htb</Computer>
<Security UserID=""></Security>
</System>
<EventData><Data>&lt;string&gt;hr=0x80004005&lt;/string&gt;
&lt;string&gt;RuleId=eeba1977-569e-4571-b639-7623d8bfecc0;Action=AutoActivate;AppId=55c92734-d682-4d71-983e-d6ec3f16059f;SkuId=9bd77860-9b31-4b7b-96ad-2564017315bf;NotificationInterval=1440;Trigger=UserLogon;SessionId=2&lt;/string&gt;
</Data>
<Binary></Binary>
</EventData>
</Event>

<Event xmlns="http://schemas.microsoft.com/win/2004/08/events/event"><System><Provider Name="MSSQL$SQLEXPRESS"></Provider>
<EventID Qualifiers="16384">17069</EventID>
<Version>0</Version>
<Level>4</Level>
<Task>2</Task>
<Opcode>0</Opcode>
<Keywords>0x0080000000000000</Keywords>
<TimeCreated SystemTime="2025-07-07 10:25:20.699526"></TimeCreated>
<EventRecordID>1542</EventRecordID>
<Correlation ActivityID="" RelatedActivityID=""></Correlation>
<Execution ProcessID="0" ThreadID="0"></Execution>
<Channel>Application</Channel>
<Computer>S200401.overwatch.htb</Computer>
<Security UserID=""></Security>
</System>
<EventData><Data>&lt;string&gt;Microsoft SQL Server 2022 (RTM) - 16.0.1000.6 (X64) 
	Oct  8 2022 05:58:25 
	Copyright (C) 2022 Microsoft Corporation
	Express Edition (64-bit) on Windows Server 2022 Standard 10.0 &lt;X64&gt; (Build 20348: ) (Hypervisor)
&lt;/string&gt;
</Data>
<Binary>rUIAAAoAAAATAAAAUwAyADAAMAA0ADAAMQBcAFMAUQBMAEUAWABQAFIARQBTAFMAAAAAAAAA</Binary>
</EventData>
</Event>

<Event xmlns="http://schemas.microsoft.com/win/2004/08/events/event"><System><Provider Name="MSSQL$SQLEXPRESS"></Provider>
<EventID Qualifiers="16384">49916</EventID>
<Version>0</Version>
<Level>4</Level>
<Task>2</Task>
<Opcode>0</Opcode>
<Keywords>0x0080000000000000</Keywords>
<TimeCreated SystemTime="2025-07-07 10:25:20.703533"></TimeCreated>
<EventRecordID>1543</EventRecordID>
<Correlation ActivityID="" RelatedActivityID=""></Correlation>
<Execution ProcessID="0" ThreadID="0"></Execution>
<Channel>Application</Channel>
<Computer>S200401.overwatch.htb</Computer>
<Security UserID=""></Security>
</System>
<EventData><Data>&lt;string&gt;-7&lt;/string&gt;
&lt;string&gt;00&lt;/string&gt;
</Data>
<Binary>/MIAAAoAAAATAAAAUwAyADAAMAA0ADAAMQBcAFMAUQBMAEUAWABQAFIARQBTAFMAAAAAAAAA</Binary>
</EventData>
</Event>

<Event xmlns="http://schemas.microsoft.com/win/2004/08/events/event"><System><Provider Name="MSSQL$SQLEXPRESS"></Provider>
<EventID Qualifiers="16384">17101</EventID>
<Version>0</Version>
<Level>4</Level>
<Task>2</Task>
<Opcode>0</Opcode>
<Keywords>0x0080000000000000</Keywords>
<TimeCreated SystemTime="2025-07-07 10:25:20.706673"></TimeCreated>
<EventRecordID>1544</EventRecordID>
<Correlation ActivityID="" RelatedActivityID=""></Correlation>
<Execution ProcessID="0" ThreadID="0"></Execution>
<Channel>Application</Channel>
<Computer>S200401.overwatch.htb</Computer>
<Security UserID=""></Security>
</System>
<EventData><Data></Data>
<Binary>zUIAAAoAAAATAAAAUwAyADAAMAA0ADAAMQBcAFMAUQBMAEUAWABQAFIARQBTAFMAAAAAAAAA</Binary>
</EventData>
</Event>

<Event xmlns="http://schemas.microsoft.com/win/2004/08/events/event"><System><Provider Name="MSSQL$SQLEXPRESS"></Provider>
<EventID Qualifiers="16384">17103</EventID>
<Version>0</Version>
<Level>4</Level>
<Task>2</Task>
<Opcode>0</Opcode>
<Keywords>0x0080000000000000</Keywords>
<TimeCreated SystemTime="2025-07-07 10:25:20.707544"></TimeCreated>
<EventRecordID>1545</EventRecordID>
<Correlation ActivityID="" RelatedActivityID=""></Correlation>
<Execution ProcessID="0" ThreadID="0"></Execution>
<Channel>Application</Channel>
<Computer>S200401.overwatch.htb</Computer>
<Security UserID=""></Security>
</System>
<EventData><Data></Data>
<Binary>z0IAAAoAAAATAAAAUwAyADAAMAA0ADAAMQBcAFMAUQBMAEUAWABQAFIARQBTAFMAAAAAAAAA</Binary>
</EventData>
</Event>

<Event xmlns="http://schemas.microsoft.com/win/2004/08/events/event"><System><Provider Name="MSSQL$SQLEXPRESS"></Provider>
<EventID Qualifiers="16384">17104</EventID>
<Version>0</Version>
<Level>4</Level>
<Task>2</Task>
<Opcode>0</Opcode>
<Keywords>0x0080000000000000</Keywords>
<TimeCreated SystemTime="2025-07-07 10:25:20.708538"></TimeCreated>
<EventRecordID>1546</EventRecordID>
<Correlation ActivityID="" RelatedActivityID=""></Correlation>
<Execution ProcessID="0" ThreadID="0"></Execution>
<Channel>Application</Channel>
<Computer>S200401.overwatch.htb</Computer>
<Security UserID=""></Security>
</System>
<EventData><Data>&lt;string&gt;7572&lt;/string&gt;
</Data>
<Binary>0EIAAAoAAAATAAAAUwAyADAAMAA0ADAAMQBcAFMAUQBMAEUAWABQAFIARQBTAFMAAAAAAAAA</Binary>
</EventData>
</Event>

<Event xmlns="http://schemas.microsoft.com/win/2004/08/events/event"><System><Provider Name="MSSQL$SQLEXPRESS"></Provider>
<EventID Qualifiers="16384">18496</EventID>
<Version>0</Version>
<Level>4</Level>
<Task>2</Task>
<Opcode>0</Opcode>
<Keywords>0x0080000000000000</Keywords>
<TimeCreated SystemTime="2025-07-07 10:25:20.709528"></TimeCreated>
<EventRecordID>1547</EventRecordID>
<Correlation ActivityID="" RelatedActivityID=""></Correlation>
<Execution ProcessID="0" ThreadID="0"></Execution>
<Channel>Application</Channel>
<Computer>S200401.overwatch.htb</Computer>
<Security UserID=""></Security>
</System>
<EventData><Data>&lt;string&gt;VMware, Inc.&lt;/string&gt;
&lt;string&gt;VMware20,1&lt;/string&gt;
</Data>
<Binary>QEgAAAoAAAATAAAAUwAyADAAMAA0ADAAMQBcAFMAUQBMAEUAWABQAFIARQBTAFMAAAAAAAAA</Binary>
</EventData>
</Event>

<Event xmlns="http://schemas.microsoft.com/win/2004/08/events/event"><System><Provider Name="MSSQL$SQLEXPRESS"></Provider>
<EventID Qualifiers="16384">15268</EventID>
<Version>0</Version>
<Level>4</Level>
<Task>2</Task>
<Opcode>0</Opcode>
<Keywords>0x0080000000000000</Keywords>
<TimeCreated SystemTime="2025-07-07 10:25:20.711527"></TimeCreated>
<EventRecordID>1548</EventRecordID>
<Correlation ActivityID="" RelatedActivityID=""></Correlation>
<Execution ProcessID="0" ThreadID="0"></Execution>
<Channel>Application</Channel>
<Computer>S200401.overwatch.htb</Computer>
<Security UserID=""></Security>
</System>
<EventData><Data>&lt;string&gt;WINDOWS-ONLY&lt;/string&gt;
</Data>
<Binary>pDsAAAoAAAATAAAAUwAyADAAMAA0ADAAMQBcAFMAUQBMAEUAWABQAFIARQBTAFMAAAAAAAAA</Binary>
</EventData>
</Event>

<Event xmlns="http://schemas.microsoft.com/win/2004/08/events/event"><System><Provider Name="MSSQL$SQLEXPRESS"></Provider>
<EventID Qualifiers="16384">17111</EventID>
<Version>0</Version>
<Level>4</Level>
<Task>2</Task>
<Opcode>0</Opcode>
<Keywords>0x0080000000000000</Keywords>
<TimeCreated SystemTime="2025-07-07 10:25:20.712528"></TimeCreated>
<EventRecordID>1549</EventRecordID>
<Correlation ActivityID="" RelatedActivityID=""></Correlation>
<Execution ProcessID="0" ThreadID="0"></Execution>
<Channel>Application</Channel>
<Computer>S200401.overwatch.htb</Computer>
<Security UserID=""></Security>
</System>
<EventData><Data>&lt;string&gt;C:\Program Files\Microsoft SQL Server\MSSQL16.SQLEXPRESS\MSSQL\Log\ERRORLOG&lt;/string&gt;
</Data>
<Binary>10IAAAoAAAATAAAAUwAyADAAMAA0ADAAMQBcAFMAUQBMAEUAWABQAFIARQBTAFMAAAAAAAAA</Binary>
</EventData>
</Event>

<Event xmlns="http://schemas.microsoft.com/win/2004/08/events/event"><System><Provider Name="MSSQL$SQLEXPRESS"></Provider>
<EventID Qualifiers="16384">49904</EventID>
<Version>0</Version>
<Level>4</Level>
<Task>2</Task>
<Opcode>0</Opcode>
<Keywords>0x0080000000000000</Keywords>
<TimeCreated SystemTime="2025-07-07 10:25:20.713526"></TimeCreated>
<EventRecordID>1550</EventRecordID>
<Correlation ActivityID="" RelatedActivityID=""></Correlation>
<Execution ProcessID="0" ThreadID="0"></Execution>
<Channel>Application</Channel>
<Computer>S200401.overwatch.htb</Computer>
<Security UserID=""></Security>
</System>
<EventData><Data>&lt;string&gt;NT Service\MSSQL$SQLEXPRESS&lt;/string&gt;
</Data>
<Binary>8MIAAAoAAAATAAAAUwAyADAAMAA0ADAAMQBcAFMAUQBMAEUAWABQAFIARQBTAFMAAAAAAAAA</Binary>
</EventData>
</Event>

<Event xmlns="http://schemas.microsoft.com/win/2004/08/events/event"><System><Provider Name="MSSQL$SQLEXPRESS"></Provider>
<EventID Qualifiers="16384">17110</EventID>
<Version>0</Version>
<Level>4</Level>
<Task>2</Task>
<Opcode>0</Opcode>
<Keywords>0x0080000000000000</Keywords>
<TimeCreated SystemTime="2025-07-07 10:25:20.715528"></TimeCreated>
<EventRecordID>1551</EventRecordID>
<Correlation ActivityID="" RelatedActivityID=""></Correlation>
<Execution ProcessID="0" ThreadID="0"></Execution>
<Channel>Application</Channel>
<Computer>S200401.overwatch.htb</Computer>
<Security UserID=""></Security>
</System>
<EventData><Data>&lt;string&gt;
	 -d C:\Program Files\Microsoft SQL Server\MSSQL16.SQLEXPRESS\MSSQL\DATA\master.mdf
	 -e C:\Program Files\Microsoft SQL Server\MSSQL16.SQLEXPRESS\MSSQL\Log\ERRORLOG
	 -l C:\Program Files\Microsoft SQL Server\MSSQL16.SQLEXPRESS\MSSQL\DATA\mastlog.ldf&lt;/string&gt;
</Data>
<Binary>1kIAAAoAAAATAAAAUwAyADAAMAA0ADAAMQBcAFMAUQBMAEUAWABQAFIARQBTAFMAAAAAAAAA</Binary>
</EventData>
</Event>

<Event xmlns="http://schemas.microsoft.com/win/2004/08/events/event"><System><Provider Name="MSSQL$SQLEXPRESS"></Provider>
<EventID Qualifiers="16384">17115</EventID>
<Version>0</Version>
<Level>4</Level>
<Task>2</Task>
<Opcode>0</Opcode>
<Keywords>0x0080000000000000</Keywords>
<TimeCreated SystemTime="2025-07-07 10:25:20.716528"></TimeCreated>
<EventRecordID>1552</EventRecordID>
<Correlation ActivityID="" RelatedActivityID=""></Correlation>
<Execution ProcessID="0" ThreadID="0"></Execution>
<Channel>Application</Channel>
<Computer>S200401.overwatch.htb</Computer>
<Security UserID=""></Security>
</System>
<EventData><Data>&lt;string&gt;
	 -s "SQLEXPRESS"&lt;/string&gt;
</Data>
<Binary>20IAAAoAAAATAAAAUwAyADAAMAA0ADAAMQBcAFMAUQBMAEUAWABQAFIARQBTAFMAAAAAAAAA</Binary>
</EventData>
</Event>

<Event xmlns="http://schemas.microsoft.com/win/2004/08/events/event"><System><Provider Name="MSSQL$SQLEXPRESS"></Provider>
<EventID Qualifiers="16384">17164</EventID>
<Version>0</Version>
<Level>4</Level>
<Task>2</Task>
<Opcode>0</Opcode>
<Keywords>0x0080000000000000</Keywords>
<TimeCreated SystemTime="2025-07-07 10:25:20.779526"></TimeCreated>
<EventRecordID>1553</EventRecordID>
<Correlation ActivityID="" RelatedActivityID=""></Correlation>
<Execution ProcessID="0" ThreadID="0"></Execution>
<Channel>Application</Channel>
<Computer>S200401.overwatch.htb</Computer>
<Security UserID=""></Security>
</System>
<EventData><Data>&lt;string&gt;1&lt;/string&gt;
&lt;string&gt;2&lt;/string&gt;
&lt;string&gt;2&lt;/string&gt;
&lt;string&gt;2&lt;/string&gt;
&lt;string&gt;2&lt;/string&gt;
</Data>
<Binary>DEMAAAoAAAATAAAAUwAyADAAMAA0ADAAMQBcAFMAUQBMAEUAWABQAFIARQBTAFMAAAAAAAAA</Binary>
</EventData>
</Event>

<Event xmlns="http://schemas.microsoft.com/win/2004/08/events/event"><System><Provider Name="MSSQL$SQLEXPRESS"></Provider>
<EventID Qualifiers="16384">17162</EventID>
<Version>0</Version>
<Level>4</Level>
<Task>2</Task>
<Opcode>0</Opcode>
<Keywords>0x0080000000000000</Keywords>
<TimeCreated SystemTime="2025-07-07 10:25:20.782528"></TimeCreated>
<EventRecordID>1554</EventRecordID>
<Correlation ActivityID="" RelatedActivityID=""></Correlation>
<Execution ProcessID="0" ThreadID="0"></Execution>
<Channel>Application</Channel>
<Computer>S200401.overwatch.htb</Computer>
<Security UserID=""></Security>
</System>
<EventData><Data></Data>
<Binary>CkMAAAoAAAATAAAAUwAyADAAMAA0ADAAMQBcAFMAUQBMAEUAWABQAFIARQBTAFMAAAAAAAAA</Binary>
</EventData>
</Event>

<Event xmlns="http://schemas.microsoft.com/win/2004/08/events/event"><System><Provider Name="MSSQL$SQLEXPRESS"></Provider>
<EventID Qualifiers="16384">49903</EventID>
<Version>0</Version>
<Level>4</Level>
<Task>2</Task>
<Opcode>0</Opcode>
<Keywords>0x0080000000000000</Keywords>
<TimeCreated SystemTime="2025-07-07 10:25:20.796526"></TimeCreated>
<EventRecordID>1555</EventRecordID>
<Correlation ActivityID="" RelatedActivityID=""></Correlation>
<Execution ProcessID="0" ThreadID="0"></Execution>
<Channel>Application</Channel>
<Computer>S200401.overwatch.htb</Computer>
<Security UserID=""></Security>
</System>
<EventData><Data>&lt;string&gt;4095&lt;/string&gt;
</Data>
<Binary>78IAAAoAAAATAAAAUwAyADAAMAA0ADAAMQBcAFMAUQBMAEUAWABQAFIARQBTAFMAAAAAAAAA</Binary>
</EventData>
</Event>

<Event xmlns="http://schemas.microsoft.com/win/2004/08/events/event"><System><Provider Name="MSSQL$SQLEXPRESS"></Provider>
<EventID Qualifiers="16384">852</EventID>
<Version>0</Version>
<Level>4</Level>
<Task>2</Task>
<Opcode>0</Opcode>
<Keywords>0x0080000000000000</Keywords>
<TimeCreated SystemTime="2025-07-07 10:25:20.798527"></TimeCreated>
<EventRecordID>1556</EventRecordID>
<Correlation ActivityID="" RelatedActivityID=""></Correlation>
<Execution ProcessID="0" ThreadID="0"></Execution>
<Channel>Application</Channel>
<Computer>S200401.overwatch.htb</Computer>
<Security UserID=""></Security>
</System>
<EventData><Data></Data>
<Binary>VAMAAAoAAAATAAAAUwAyADAAMAA0ADAAMQBcAFMAUQBMAEUAWABQAFIARQBTAFMAAAAAAAAA</Binary>
</EventData>
</Event>

<Event xmlns="http://schemas.microsoft.com/win/2004/08/events/event"><System><Provider Name="MSSQL$SQLEXPRESS"></Provider>
<EventID Qualifiers="16384">894</EventID>
<Version>0</Version>
<Level>4</Level>
<Task>2</Task>
<Opcode>0</Opcode>
<Keywords>0x0080000000000000</Keywords>
<TimeCreated SystemTime="2025-07-07 10:25:22.228527"></TimeCreated>
<EventRecordID>1557</EventRecordID>
<Correlation ActivityID="" RelatedActivityID=""></Correlation>
<Execution ProcessID="0" ThreadID="0"></Execution>
<Channel>Application</Channel>
<Computer>S200401.overwatch.htb</Computer>
<Security UserID=""></Security>
</System>
<EventData><Data>&lt;string&gt;1048576&lt;/string&gt;
&lt;string&gt;572036&lt;/string&gt;
</Data>
<Binary>fgMAAAoAAAATAAAAUwAyADAAMAA0ADAAMQBcAFMAUQBMAEUAWABQAFIARQBTAFMAAAAAAAAA</Binary>
</EventData>
</Event>

<Event xmlns="http://schemas.microsoft.com/win/2004/08/events/event"><System><Provider Name="MSSQL$SQLEXPRESS"></Provider>
<EventID Qualifiers="16384">49917</EventID>
<Version>0</Version>
<Level>4</Level>
<Task>2</Task>
<Opcode>0</Opcode>
<Keywords>0x0080000000000000</Keywords>
<TimeCreated SystemTime="2025-07-07 10:25:22.920834"></TimeCreated>
<EventRecordID>1558</EventRecordID>
<Correlation ActivityID="" RelatedActivityID=""></Correlation>
<Execution ProcessID="0" ThreadID="0"></Execution>
<Channel>Application</Channel>
<Computer>S200401.overwatch.htb</Computer>
<Security UserID=""></Security>
</System>
<EventData><Data>&lt;string&gt;SQL_Latin1_General_CP1_CI_AS&lt;/string&gt;
&lt;string&gt;us_english&lt;/string&gt;
&lt;string&gt;1033&lt;/string&gt;
</Data>
<Binary>/cIAAAoAAAATAAAAUwAyADAAMAA0ADAAMQBcAFMAUQBMAEUAWABQAFIARQBTAFMAAAAAAAAA</Binary>
</EventData>
</Event>

<Event xmlns="http://schemas.microsoft.com/win/2004/08/events/event"><System><Provider Name="MSSQL$SQLEXPRESS"></Provider>
<EventID Qualifiers="16384">873</EventID>
<Version>0</Version>
<Level>4</Level>
<Task>2</Task>
<Opcode>0</Opcode>
<Keywords>0x0080000000000000</Keywords>
<TimeCreated SystemTime="2025-07-07 10:25:23.406057"></TimeCreated>
<EventRecordID>1559</EventRecordID>
<Correlation ActivityID="" RelatedActivityID=""></Correlation>
<Execution ProcessID="0" ThreadID="0"></Execution>
<Channel>Application</Channel>
<Computer>S200401.overwatch.htb</Computer>
<Security UserID=""></Security>
</System>
<EventData><Data></Data>
<Binary>aQMAAAoAAAATAAAAUwAyADAAMAA0ADAAMQBcAFMAUQBMAEUAWABQAFIARQBTAFMAAAAAAAAA</Binary>
</EventData>
</Event>

<Event xmlns="http://schemas.microsoft.com/win/2004/08/events/event"><System><Provider Name="MSSQL$SQLEXPRESS"></Provider>
<EventID Qualifiers="16384">17264</EventID>
<Version>0</Version>
<Level>4</Level>
<Task>2</Task>
<Opcode>0</Opcode>
<Keywords>0x0080000000000000</Keywords>
<TimeCreated SystemTime="2025-07-07 10:25:23.688351"></TimeCreated>
<EventRecordID>1560</EventRecordID>
<Correlation ActivityID="" RelatedActivityID=""></Correlation>
<Execution ProcessID="0" ThreadID="0"></Execution>
<Channel>Application</Channel>
<Computer>S200401.overwatch.htb</Computer>
<Security UserID=""></Security>
</System>
<EventData><Data>&lt;string&gt;SSE SSE2 SSE3 SSSE3 SSE41 SSE42 AVX AVX2 POPCNT BMI1 BMI2&lt;/string&gt;
</Data>
<Binary>cEMAAAoAAAATAAAAUwAyADAAMAA0ADAAMQBcAFMAUQBMAEUAWABQAFIARQBTAFMAAAAAAAAA</Binary>
</EventData>
</Event>

<Event xmlns="http://schemas.microsoft.com/win/2004/08/events/event"><System><Provider Name="MSSQL$SQLEXPRESS"></Provider>
<EventID Qualifiers="16384">17811</EventID>
<Version>0</Version>
<Level>4</Level>
<Task>2</Task>
<Opcode>0</Opcode>
<Keywords>0x0080000000000000</Keywords>
<TimeCreated SystemTime="2025-07-07 10:25:26.410315"></TimeCreated>
<EventRecordID>1561</EventRecordID>
<Correlation ActivityID="" RelatedActivityID=""></Correlation>
<Execution ProcessID="0" ThreadID="0"></Execution>
<Channel>Application</Channel>
<Computer>S200401.overwatch.htb</Computer>
<Security UserID=""></Security>
</System>
<EventData><Data>&lt;string&gt;1&lt;/string&gt;
</Data>
<Binary>k0UAAAoAAAATAAAAUwAyADAAMAA0ADAAMQBcAFMAUQBMAEUAWABQAFIARQBTAFMAAAAAAAAA</Binary>
</EventData>
</Event>

<Event xmlns="http://schemas.microsoft.com/win/2004/08/events/event"><System><Provider Name="MSSQL$SQLEXPRESS"></Provider>
<EventID Qualifiers="16384">17176</EventID>
<Version>0</Version>
<Level>4</Level>
<Task>2</Task>
<Opcode>0</Opcode>
<Keywords>0x0080000000000000</Keywords>
<TimeCreated SystemTime="2025-07-07 10:25:26.480215"></TimeCreated>
<EventRecordID>1562</EventRecordID>
<Correlation ActivityID="" RelatedActivityID=""></Correlation>
<Execution ProcessID="0" ThreadID="0"></Execution>
<Channel>Application</Channel>
<Computer>S200401.overwatch.htb</Computer>
<Security UserID=""></Security>
</System>
<EventData><Data>&lt;string&gt;7096&lt;/string&gt;
&lt;string&gt;7/7/2025 3:22:19 AM&lt;/string&gt;
&lt;string&gt;7/7/2025 10:22:19 AM&lt;/string&gt;
</Data>
<Binary>GEMAAAoAAAATAAAAUwAyADAAMAA0ADAAMQBcAFMAUQBMAEUAWABQAFIARQBTAFMAAAAAAAAA</Binary>
</EventData>
</Event>

<Event xmlns="http://schemas.microsoft.com/win/2004/08/events/event"><System><Provider Name="MSSQL$SQLEXPRESS"></Provider>
<EventID Qualifiers="16384">17152</EventID>
<Version>0</Version>
<Level>4</Level>
<Task>2</Task>
<Opcode>0</Opcode>
<Keywords>0x0080000000000000</Keywords>
<TimeCreated SystemTime="2025-07-07 10:25:26.495882"></TimeCreated>
<EventRecordID>1563</EventRecordID>
<Correlation ActivityID="" RelatedActivityID=""></Correlation>
<Execution ProcessID="0" ThreadID="0"></Execution>
<Channel>Application</Channel>
<Computer>S200401.overwatch.htb</Computer>
<Security UserID=""></Security>
</System>
<EventData><Data>&lt;string&gt;0&lt;/string&gt;
&lt;string&gt;0000000000000003&lt;/string&gt;
&lt;string&gt;0&lt;/string&gt;
&lt;string&gt;0000000000000003&lt;/string&gt;
&lt;string&gt;0&lt;/string&gt;
</Data>
<Binary>AEMAAAoAAAATAAAAUwAyADAAMAA0ADAAMQBcAFMAUQBMAEUAWABQAFIARQBTAFMAAAAAAAAA</Binary>
</EventData>
</Event>

<Event xmlns="http://schemas.microsoft.com/win/2004/08/events/event"><System><Provider Name="MSSQL$SQLEXPRESS"></Provider>
<EventID Qualifiers="16384">17125</EventID>
<Version>0</Version>
<Level>4</Level>
<Task>2</Task>
<Opcode>0</Opcode>
<Keywords>0x0080000000000000</Keywords>
<TimeCreated SystemTime="2025-07-07 10:25:26.498901"></TimeCreated>
<EventRecordID>1564</EventRecordID>
<Correlation ActivityID="" RelatedActivityID=""></Correlation>
<Execution ProcessID="0" ThreadID="0"></Execution>
<Channel>Application</Channel>
<Computer>S200401.overwatch.htb</Computer>
<Security UserID=""></Security>
</System>
<EventData><Data>&lt;string&gt;2500&lt;/string&gt;
&lt;string&gt;5000&lt;/string&gt;
</Data>
<Binary>5UIAAAoAAAATAAAAUwAyADAAMAA0ADAAMQBcAFMAUQBMAEUAWABQAFIARQBTAFMAAAAAAAAA</Binary>
</EventData>
</Event>

<Event xmlns="http://schemas.microsoft.com/win/2004/08/events/event"><System><Provider Name="MSSQL$SQLEXPRESS"></Provider>
<EventID Qualifiers="16384">6253</EventID>
<Version>0</Version>
<Level>4</Level>
<Task>2</Task>
<Opcode>0</Opcode>
<Keywords>0x0080000000000000</Keywords>
<TimeCreated SystemTime="2025-07-07 10:25:27.224680"></TimeCreated>
<EventRecordID>1565</EventRecordID>
<Correlation ActivityID="" RelatedActivityID=""></Correlation>
<Execution ProcessID="0" ThreadID="0"></Execution>
<Channel>Application</Channel>
<Computer>S200401.overwatch.htb</Computer>
<Security UserID=""></Security>
</System>
<EventData><Data>&lt;string&gt;v4.0.30319&lt;/string&gt;
&lt;string&gt;C:\Windows\Microsoft.NET\Framework64\v4.0.30319\&lt;/string&gt;
</Data>
<Binary>bRgAAAoAAAATAAAAUwAyADAAMAA0ADAAMQBcAFMAUQBMAEUAWABQAFIARQBTAFMAAAAAAAAA</Binary>
</EventData>
</Event>

<Event xmlns="http://schemas.microsoft.com/win/2004/08/events/event"><System><Provider Name="MSSQL$SQLEXPRESS"></Provider>
<EventID Qualifiers="16384">17118</EventID>
<Version>0</Version>
<Level>4</Level>
<Task>2</Task>
<Opcode>0</Opcode>
<Keywords>0x0080000000000000</Keywords>
<TimeCreated SystemTime="2025-07-07 10:25:29.827051"></TimeCreated>
<EventRecordID>1566</EventRecordID>
<Correlation ActivityID="" RelatedActivityID=""></Correlation>
<Execution ProcessID="0" ThreadID="0"></Execution>
<Channel>Application</Channel>
<Computer>S200401.overwatch.htb</Computer>
<Security UserID=""></Security>
</System>
<EventData><Data>&lt;string&gt;enabled&lt;/string&gt;
</Data>
<Binary>3kIAAAoAAAATAAAAUwAyADAAMAA0ADAAMQBcAFMAUQBMAEUAWABQAFIARQBTAFMAAAAAAAAA</Binary>
</EventData>
</Event>

<Event xmlns="http://schemas.microsoft.com/win/2004/08/events/event"><System><Provider Name="MSSQL$SQLEXPRESS"></Provider>
<EventID Qualifiers="16384">17137</EventID>
<Version>0</Version>
<Level>4</Level>
<Task>2</Task>
<Opcode>0</Opcode>
<Keywords>0x0080000000000000</Keywords>
<TimeCreated SystemTime="2025-07-07 10:25:30.061438"></TimeCreated>
<EventRecordID>1567</EventRecordID>
<Correlation ActivityID="" RelatedActivityID=""></Correlation>
<Execution ProcessID="0" ThreadID="0"></Execution>
<Channel>Application</Channel>
<Computer>S200401.overwatch.htb</Computer>
<Security UserID=""></Security>
</System>
<EventData><Data>&lt;string&gt;master&lt;/string&gt;
</Data>
<Binary>8UIAAAoAAAATAAAAUwAyADAAMAA0ADAAMQBcAFMAUQBMAEUAWABQAFIARQBTAFMAAAAAAAAA</Binary>
</EventData>
</Event>

<Event xmlns="http://schemas.microsoft.com/win/2004/08/events/event"><System><Provider Name="MSSQL$SQLEXPRESS"></Provider>
<EventID Qualifiers="16384">9048</EventID>
<Version>0</Version>
<Level>4</Level>
<Task>2</Task>
<Opcode>0</Opcode>
<Keywords>0x0080000000000000</Keywords>
<TimeCreated SystemTime="2025-07-07 10:25:30.061438"></TimeCreated>
<EventRecordID>1568</EventRecordID>
<Correlation ActivityID="" RelatedActivityID=""></Correlation>
<Execution ProcessID="0" ThreadID="0"></Execution>
<Channel>Application</Channel>
<Computer>S200401.overwatch.htb</Computer>
<Security UserID=""></Security>
</System>
<EventData><Data>&lt;string&gt;clwb&lt;/string&gt;
</Data>
<Binary>WCMAAAoAAAATAAAAUwAyADAAMAA0ADAAMQBcAFMAUQBMAEUAWABQAFIARQBTAFMAAAAAAAAA</Binary>
</EventData>
</Event>

<Event xmlns="http://schemas.microsoft.com/win/2004/08/events/event"><System><Provider Name="MSSQL$SQLEXPRESS"></Provider>
<EventID Qualifiers="16384">49910</EventID>
<Version>0</Version>
<Level>4</Level>
<Task>2</Task>
<Opcode>0</Opcode>
<Keywords>0x0080000000000000</Keywords>
<TimeCreated SystemTime="2025-07-07 10:25:30.092606"></TimeCreated>
<EventRecordID>1569</EventRecordID>
<Correlation ActivityID="" RelatedActivityID=""></Correlation>
<Execution ProcessID="0" ThreadID="0"></Execution>
<Channel>Application</Channel>
<Computer>S200401.overwatch.htb</Computer>
<Security UserID=""></Security>
</System>
<EventData><Data></Data>
<Binary>9sIAAAoAAAATAAAAUwAyADAAMAA0ADAAMQBcAFMAUQBMAEUAWABQAFIARQBTAFMAAAAAAAAA</Binary>
</EventData>
</Event>

<Event xmlns="http://schemas.microsoft.com/win/2004/08/events/event"><System><Provider Name="MSSQL$SQLEXPRESS"></Provider>
<EventID Qualifiers="16384">33217</EventID>
<Version>0</Version>
<Level>4</Level>
<Task>2</Task>
<Opcode>0</Opcode>
<Keywords>0x0080000000000000</Keywords>
<TimeCreated SystemTime="2025-07-07 10:25:30.592604"></TimeCreated>
<EventRecordID>1570</EventRecordID>
<Correlation ActivityID="" RelatedActivityID=""></Correlation>
<Execution ProcessID="0" ThreadID="0"></Execution>
<Channel>Application</Channel>
<Computer>S200401.overwatch.htb</Computer>
<Security UserID=""></Security>
</System>
<EventData><Data></Data>
<Binary>wYEAAAoAAAATAAAAUwAyADAAMAA0ADAAMQBcAFMAUQBMAEUAWABQAFIARQBTAFMAAAAHAAAAbQBhAHMAdABlAHIAAAA=</Binary>
</EventData>
</Event>

<Event xmlns="http://schemas.microsoft.com/win/2004/08/events/event"><System><Provider Name="MSSQL$SQLEXPRESS"></Provider>
<EventID Qualifiers="16384">33218</EventID>
<Version>0</Version>
<Level>4</Level>
<Task>2</Task>
<Opcode>0</Opcode>
<Keywords>0x0080000000000000</Keywords>
<TimeCreated SystemTime="2025-07-07 10:25:30.608231"></TimeCreated>
<EventRecordID>1571</EventRecordID>
<Correlation ActivityID="" RelatedActivityID=""></Correlation>
<Execution ProcessID="0" ThreadID="0"></Execution>
<Channel>Application</Channel>
<Computer>S200401.overwatch.htb</Computer>
<Security UserID=""></Security>
</System>
<EventData><Data></Data>
<Binary>woEAAAoAAAATAAAAUwAyADAAMAA0ADAAMQBcAFMAUQBMAEUAWABQAFIARQBTAFMAAAAHAAAAbQBhAHMAdABlAHIAAAA=</Binary>
</EventData>
</Event>

<Event xmlns="http://schemas.microsoft.com/win/2004/08/events/event"><System><Provider Name="MSSQL$SQLEXPRESS"></Provider>
<EventID Qualifiers="16384">25753</EventID>
<Version>0</Version>
<Level>4</Level>
<Task>2</Task>
<Opcode>0</Opcode>
<Keywords>0x0080000000000000</Keywords>
<TimeCreated SystemTime="2025-07-07 10:25:30.701994"></TimeCreated>
<EventRecordID>1572</EventRecordID>
<Correlation ActivityID="" RelatedActivityID=""></Correlation>
<Execution ProcessID="0" ThreadID="0"></Execution>
<Channel>Application</Channel>
<Computer>S200401.overwatch.htb</Computer>
<Security UserID=""></Security>
</System>
<EventData><Data>&lt;string&gt;system_health&lt;/string&gt;
</Data>
<Binary>mWQAAAoAAAATAAAAUwAyADAAMAA0ADAAMQBcAFMAUQBMAEUAWABQAFIARQBTAFMAAAAHAAAAbQBhAHMAdABlAHIAAAA=</Binary>
</EventData>
</Event>

<Event xmlns="http://schemas.microsoft.com/win/2004/08/events/event"><System><Provider Name="MSSQL$SQLEXPRESS"></Provider>
<EventID Qualifiers="16384">25753</EventID>
<Version>0</Version>
<Level>4</Level>
<Task>2</Task>
<Opcode>0</Opcode>
<Keywords>0x0080000000000000</Keywords>
<TimeCreated SystemTime="2025-07-07 10:25:30.795736"></TimeCreated>
<EventRecordID>1573</EventRecordID>
<Correlation ActivityID="" RelatedActivityID=""></Correlation>
<Execution ProcessID="0" ThreadID="0"></Execution>
<Channel>Application</Channel>
<Computer>S200401.overwatch.htb</Computer>
<Security UserID=""></Security>
</System>
<EventData><Data>&lt;string&gt;telemetry_xevents&lt;/string&gt;
</Data>
<Binary>mWQAAAoAAAATAAAAUwAyADAAMAA0ADAAMQBcAFMAUQBMAEUAWABQAFIARQBTAFMAAAAHAAAAbQBhAHMAdABlAHIAAAA=</Binary>
</EventData>
</Event>

<Event xmlns="http://schemas.microsoft.com/win/2004/08/events/event"><System><Provider Name="MSSQL$SQLEXPRESS"></Provider>
<EventID Qualifiers="16384">19030</EventID>
<Version>0</Version>
<Level>4</Level>
<Task>2</Task>
<Opcode>0</Opcode>
<Keywords>0x0080000000000000</Keywords>
<TimeCreated SystemTime="2025-07-07 10:25:30.842611"></TimeCreated>
<EventRecordID>1574</EventRecordID>
<Correlation ActivityID="" RelatedActivityID=""></Correlation>
<Execution ProcessID="0" ThreadID="0"></Execution>
<Channel>Application</Channel>
<Computer>S200401.overwatch.htb</Computer>
<Security UserID=""></Security>
</System>
<EventData><Data>&lt;string&gt;1&lt;/string&gt;
&lt;string&gt;sa&lt;/string&gt;
</Data>
<Binary>VkoAAAoAAAATAAAAUwAyADAAMAA0ADAAMQBcAFMAUQBMAEUAWABQAFIARQBTAFMAAAAHAAAAbQBhAHMAdABlAHIAAAA=</Binary>
</EventData>
</Event>

<Event xmlns="http://schemas.microsoft.com/win/2004/08/events/event"><System><Provider Name="MSSQL$SQLEXPRESS"></Provider>
<EventID Qualifiers="16384">17663</EventID>
<Version>0</Version>
<Level>4</Level>
<Task>2</Task>
<Opcode>0</Opcode>
<Keywords>0x0080000000000000</Keywords>
<TimeCreated SystemTime="2025-07-07 10:25:30.968832"></TimeCreated>
<EventRecordID>1575</EventRecordID>
<Correlation ActivityID="" RelatedActivityID=""></Correlation>
<Execution ProcessID="0" ThreadID="0"></Execution>
<Channel>Application</Channel>
<Computer>S200401.overwatch.htb</Computer>
<Security UserID=""></Security>
</System>
<EventData><Data>&lt;string&gt;S200401\SQLEXPRESS&lt;/string&gt;
</Data>
<Binary>/0QAAAoAAAATAAAAUwAyADAAMAA0ADAAMQBcAFMAUQBMAEUAWABQAFIARQBTAFMAAAAHAAAAbQBhAHMAdABlAHIAAAA=</Binary>
</EventData>
</Event>

<Event xmlns="http://schemas.microsoft.com/win/2004/08/events/event"><System><Provider Name="MSSQL$SQLEXPRESS"></Provider>
<EventID Qualifiers="16384">17137</EventID>
<Version>0</Version>
<Level>4</Level>
<Task>2</Task>
<Opcode>0</Opcode>
<Keywords>0x0080000000000000</Keywords>
<TimeCreated SystemTime="2025-07-07 10:25:31.095064"></TimeCreated>
<EventRecordID>1576</EventRecordID>
<Correlation ActivityID="" RelatedActivityID=""></Correlation>
<Execution ProcessID="0" ThreadID="0"></Execution>
<Channel>Application</Channel>
<Computer>S200401.overwatch.htb</Computer>
<Security UserID=""></Security>
</System>
<EventData><Data>&lt;string&gt;msdb&lt;/string&gt;
</Data>
<Binary>8UIAAAoAAAATAAAAUwAyADAAMAA0ADAAMQBcAFMAUQBMAEUAWABQAFIARQBTAFMAAAAHAAAAbQBhAHMAdABlAHIAAAA=</Binary>
</EventData>
</Event>

<Event xmlns="http://schemas.microsoft.com/win/2004/08/events/event"><System><Provider Name="MSSQL$SQLEXPRESS"></Provider>
<EventID Qualifiers="16384">17137</EventID>
<Version>0</Version>
<Level>4</Level>
<Task>2</Task>
<Opcode>0</Opcode>
<Keywords>0x0080000000000000</Keywords>
<TimeCreated SystemTime="2025-07-07 10:25:31.110720"></TimeCreated>
<EventRecordID>1577</EventRecordID>
<Correlation ActivityID="" RelatedActivityID=""></Correlation>
<Execution ProcessID="0" ThreadID="0"></Execution>
<Channel>Application</Channel>
<Computer>S200401.overwatch.htb</Computer>
<Security UserID=""></Security>
</System>
<EventData><Data>&lt;string&gt;mssqlsystemresource&lt;/string&gt;
</Data>
<Binary>8UIAAAoAAAATAAAAUwAyADAAMAA0ADAAMQBcAFMAUQBMAEUAWABQAFIARQBTAFMAAAAHAAAAbQBhAHMAdABlAHIAAAA=</Binary>
</EventData>
</Event>

<Event xmlns="http://schemas.microsoft.com/win/2004/08/events/event"><System><Provider Name="MSSQL$SQLEXPRESS"></Provider>
<EventID Qualifiers="16384">958</EventID>
<Version>0</Version>
<Level>4</Level>
<Task>2</Task>
<Opcode>0</Opcode>
<Keywords>0x0080000000000000</Keywords>
<TimeCreated SystemTime="2025-07-07 10:25:31.269123"></TimeCreated>
<EventRecordID>1578</EventRecordID>
<Correlation ActivityID="" RelatedActivityID=""></Correlation>
<Execution ProcessID="0" ThreadID="0"></Execution>
<Channel>Application</Channel>
<Computer>S200401.overwatch.htb</Computer>
<Security UserID=""></Security>
</System>
<EventData><Data>&lt;string&gt;16.00.1000&lt;/string&gt;
</Data>
<Binary>vgMAAAoAAAATAAAAUwAyADAAMAA0ADAAMQBcAFMAUQBMAEUAWABQAFIARQBTAFMAAAAHAAAAbQBhAHMAdABlAHIAAAA=</Binary>
</EventData>
</Event>

