<Event xmlns="http://schemas.microsoft.com/win/2004/08/events/event"><System><Provider Name="Microsoft-Windows-Security-SPP" Guid="{E23B33B0-C8C9-472C-A5F9-F2BDFEA0F156}" EventSourceName="Software Protection Platform Service"></Provider>
<EventID Qualifiers="49152">8200</EventID>
<Version>0</Version>
<Level>2</Level>
<Task>0</Task>
<Opcode>0</Opcode>
<Keywords>0x0080000000000000</Keywords>
<TimeCreated SystemTime="2026-01-21 11:40:43.920311"></TimeCreated>
<EventRecordID>3235</EventRecordID>
<Correlation ActivityID="" RelatedActivityID=""></Correlation>
<Execution ProcessID="0" ThreadID="0"></Execution>
<Channel>Application</Channel>
<Computer>S200401.overwatch.htb</Computer>
<Security UserID=""></Security>
</System>
<EventData><Data>&lt;string&gt;hr=0x80072EE7&lt;/string&gt;
&lt;string&gt;00010001(0x00000000, 03:40:32:810 - https://activation-v2.sls.microsoft.com/SLActivateProduct/SLActivateProduct.asmx?configextension=Retail)
00020001(0x00000000, 03:40:32:810)
00030001(0x00000000, 03:40:32:810 - https://activation-v2.sls.microsoft.com)
00030002(0x00000000, 03:40:32:810 - 0)
00040001(0x00000000, 03:40:32:810 - https://activation-v2.sls.microsoft.com)
00040002(0x00000000, 03:40:32:826 - 1, &lt;NULL&gt;, &lt;NULL&gt;, &lt;NULL&gt;)
00050002(0x80072F94, 03:40:32:826 - 0, 1)
00040006(0x00000001, 03:40:32:826 - 0, https://activation-v2.sls.microsoft.com, &lt;N/A&gt;, &lt;N/A&gt;)
00020005(0x00000000, 03:40:32:826 - 0)
00020008(0x80072EE7, 03:40:43:904 - SOAPAction: "http://microsoft.com/SL/ProductActivationService/IssueToken"
Content-Type: text/xml; charset=utf-8
, &lt;soap:Envelope xmlns:soap="http://schemas.xmlsoap.org/soap/envelope/" xmlns:xsi="http://www.w3.org/2001/XMLSchema-instance" xmlns:xsd="http://www.w3.org/2001/XMLSchema" xmlns:soapenc="http://schemas.xmlsoap.org/soap/encoding/"&gt;&lt;soap:Body&gt;&lt;RequestSecurityToken xmlns="http://schemas.xmlsoap.org/ws/2004/04/security/trust"&gt;&lt;TokenType&gt;ProductActivation&lt;/TokenType&gt;&lt;RequestType&gt;http://schemas.xmlsoap.org/ws/2004/04/security/trust/Issue&lt;/RequestType&gt;&lt;UseKey&gt;&lt;Values xmlns:q1="http://schemas.xmlsoap.org/ws/2004/04/security/trust" soapenc:arrayType="q1:TokenEntry[1]"&gt;&lt;TokenEntry&gt;&lt;Name&gt;PublishLicense&lt;/Name&gt;&lt;Value&gt;wgUoClcxfairTDeP8M1wrlOcLm80JOs/DI7erf6OZmay/SvblG3YKhdd/F+E8FYLIrWb1MpOlFjhqFmz8Bf4BTk/BgkkwwEAkBA7QfrboBvNLTBdnHcWamwQf5TEyNlvlvDnq7+tsXIgSZhfd0MrIXm/FGFHoW/rUyTzcdmnU+c0qwsD/PsCjT/ww/gvvrKDHe0EbXooJH91LITdC1+VDjNWLtamLsYivSFQeC6f9PYAvHL3uvrUj60I3z0fFSwq8zGj/V2kfcPNbYZzU8su0OOBD1o7vaemfgwi+mVeYH4GS69iOlOiNhKLGfhTxhgrAZIhh1D5XKE+7+blnQoc3gONaVBsglRvgUSDJR8uXeB5feFUv9IEhsnF/tYPPDOuMGobEIMX3FdOVDBQBpKY39UX7lfZzS+ahkYeqSjqRCKcHS8uF46Omyuban0OQ/9vRJoc63QTGGkyR7i0gW7BpcuIAwtrXNLv+/XmuuN35Ub2pczY+iDTHTuWraKQpV/2HL91Pk94v4PaYn0SyuLjUV72vST2TM6hLRcSLPOM7+H+ffVBlmEyXhTGJvVKzBwqkLMTe4Z2zWSvueORpU63kn5Smin88P7aElM0VfM8jNWULJF5gOTNyMz+L4h9SWqqISrX+WAWkexAs1tM3PlxMrifTeUZsPoqAi5Pww3vaX5RA3mYwrfXwAR2Zn6nZAmJtkAMJWXXL2OI/6i6aVlsjfUMZ+vsO6qIlh6MngRoX8nM4Eq8C4diQnSdOGukttnMio9kfnncFL7W71TpcZYwCAWRt/av/M7AuMn6qbYqARs6bqJVrUMBWlZ9SyodQj6wUfjC/iftBq9vWgawxNwaiBw1nRUYDuz+/eksd+zP1espy/wRAQ7c9YYwMacyVkx0CdlrXBPldpouSs201Sk3QsDTP8jtj9TCeJaH0AtcHo4LbD1Qbca5sb8hKJShV5cWlYeXVqwu9nR0WtSBKWYDP3eyFOFEQ1Bszr0FR69r57SOAes52XdqFvFaqhVggPCJdDmvBKnH07NMkgDi2DksgEbZsIv6k4fTOU1Pp3bFPrNFUbVUHdHAg07i+Al4mFmYV3s2kej+2JJlh18k4hzUSh1RNFqQOEyWzK5dyCJC6SGBpzXFgAWVHdu62QcqZ5mjgfEQRN0F1/XSwkXWtB9dq33uSp0c5SDNdunKzbvdaLSmZs1lbdz5h054XcuQjRvtxczbDad25j/4d9ISYDvQFpT0bM7yYpdl8A1z1y25/MTMiCBL81Nma/WpiLO7dRKdhX9R1j1W2LJzoX8CkSew66UOHTRWsyHT2dKlwT9NTOoace2gOd3iuSXV9cjGzAO1yLt1BIxlbdrL/ox6CrBciQZXAlhQ50Y6sALL9fguTpYvH97ufVQrJJt/A2STgb550kmjyEtheke1S28uZb0c5Y10hd8n+62moRLrR9hrGn2oQVu6T6Fin31yVrR2xnUAwyszzHJkUn+q3gbooKNsgPL3T387qF4IgX9idk1BMPxKNTUslDfpM9wntwRikybqqYk+2GUczFefRUFwlUm/l3lyR4a00iyULCFg+N198JY9RV8+xEAzbmOW2mMeHUP+14PEAVo6cbTeTuu+hKRGHzUcSKDS+M34uefmaTgeLB6VhAP8SeXxn+fr5uY0T+3j2idlJDwtwsmc+fz5+QqTzuDot7tBy62xJhGC/BHkIPtD7UKLXUvr4slTpD9lV9cJ8gg57mpE9ZPTWNocamAFBodfyydqQ1uSgGCCxF/Uv7pDf/yUl+eOl6FXrJ3+DD/xFAB6JVwXPddC8GwDU6k1S+bdwazPEDdAwVFXHP6eMdWLPWAawNtgqsSPq9tAR98nk8uu7JrWBLArxCRIUZNiIHeB9ZSOFJtk1SOUopB3iPQh7ze4aSYTaj9zWQMIV2FnrC5rHONYoV7z0VqO1BVFAkeKRpiFrim1MCOZuMuGCr/P/noNkuCdK3dIjqzagZVLeRYClJGXtUysBbQxcEwCHtg1DtQwUGF0YrxI8FI8u9+C0+EOcHkJWtuey59N3RV3FEb8rJXxiTR/AkvFe6jkLQpCfu+JZ9HQbrQxIXhOo8b0VQnbJNZpe4XeREm5xHZHOW7pPZbaiTgyEqtgmapp1lbNEjizRrEBdKpzM3NuknS9lxYLx3M4ajytzpYhgQc+iWY1AUWOFYEiGN++w3z07++ysFH2yrUqQ6Si+qh0inf+mrlpAte5L6e58OhnIaiSUIrv+9/QtIOrh37aNwTAyURcvLFKo4byPfvrvXUC/b1apma8pn8AsbYBezaY8GtQUpCH0iIurIGtHPUg93gOtnvK/ktvsxznEeJE2q8tQ7pP+fWJfCMMR3E6rM2fpgTwAqxgHkktEl1ydef2h/Ns44f0bzI9fh0JXOkaf4OLqqLnYnzaRfKwGw65w6gIZ72eyQxlajhgv4CHbaqghbHHP8NhWPc8z8y2rZy1oCjtYcBUkyPxtARmRtq6cAadG5gQi4OOmG9pcocipz2CI8eaNlpcFT+Fm1ZvMxDyp7hW+5aYHuckEPdi+Rw5Zlav9eFXPjyWtlBpLYIqghfYzQnA/tpf7XNMWZGgKHc01WxW9T2fgn9MMu1t4HAXxsVkBreYSnLvJenbWDM8S9mxB5sz/QVB02HHkU82TW1weyih+4vhnWQkkdqoQJtizoI5qDSzO57HlnZSxpRJpSKZu6hrlKkmJVEsOtwS6NjqPFDQLgYNGuxIAsjGUPENylIoaJLpob++8/Hv2kViXRCoBSi1m9PLLnQ15RAsKuUkI7okF8pLTURjbwCJcGQaw0jIe1Mqya5xFIOSCNvJvNs1GFoW159CAVYaY0v3wKZADyEpagfz+Gbt9lYDPV3e684clk3lFoqKutpsq3H/1xIn6gl7rsoRhGgMrJAhzo0n0NZbaSffN65iZxNhGQyoPHOLCA7JPLYSrzZcNycYixIwlykq0b2t2dtOZ99zcS7IRttf84ScIAduvU24+JFvHC2WaaPBCEVefht4ZXe9BxmsJkC4JqrsruARKDgVzb8Npq41/Lkso8/XgOf/ifft40gWnEP43pIwuo0B3k50SKlN7qm8SCSxCKgSrO/MoG0UU14xYQ4DvZGLAy/Q1bxvrARTupIrnuymYJ1D6BW3Ld9i9npCCtCCcpr7TbBa6SfCXKGJugZn3cYaoMKqtOnW2pd8JgsUY0X7h4WlMhCLQKekKU6AmXyEpAmQ5GwqDSK23rNjqYqAZThiwWbYdiFgTpwQ8flTo1WFeL5QJr4eaXt5Tx3RGT7DI+olVInKC8qs5/vmkkJqSxgfUJemTtZILlYCoOb052kfwN8TTaZJL9+gLvWUBkiVcYabh9hHVJJ0+cNunteB68P+Jm/amf2ckoggZZAKsuhL7g0jJwl/HH7K7qo9wYfElPEQuzdzTmmROmPm5gIpskRA9fBgDGqpQmnjUO48NVlZWWtIuoH1L3gT+tcDk0Rp8DWXPSS5T1tqX0mOcNtl9wa/TI1ekQYgBZU7nxEGq1e6TqlLROl1QR1WohR9lKji4ZmV0z3ciMiKF1KvCDURQHz7RQMWFdxESYHkcxQ0iK62UHIyOxZKFDAtNXUbJbwUXKQW0VTKPCH+gaGtK2tOpyoAaeP3sRWLBUk5mlYVnsY+2kkk2zITNRsryg/SPN9B7oBM1d9oZbIKBo7WEMDnv2Kf6oijIsD04uKbw/uPrW6qaZwZG2LHurHrFO2bTaf0XvbNGSa+GqEznnf+rtPTIrSh8kvQDP3yLpD4DyHRwYifPBdFA/6dl1x36JB4cTh81i6fLllWyNXDxVKjlrNw4WFa+fLboQhRETTEswGyhn14+AO52Myu7Dsu+vh0d/UhiAEQPmJpuVwlSpEsbgKlAHKmE6hbAL/W8LhY1ZzXEjtxeXGPbK5LZUTBYLPoqZor46n7C031rzzNbmW0kwCwmY6yBLkLOt5CtywAxP2FtvA3LIA8PXIC7irAEcV5Im1AohgGmTc2Q4KL/I0zMd3QkXyoWSgKcdb/mU3gpTOYp0h8mpMjy5hDf6aoBYHR7gVObr3ZwN8GmMkFh8mTfwItl5yLXT7Q6VlxX3Pi4nyFdBygz4V5kKDU3OjsznmuRd2Pt2lQAhatsBEpbOotDjqJGW7hueuWgwOoF6cOBIcuOpIeqmvutK/pefwL/GdF3ZFAxHkmaoDtv8xziyLJe7rlY5RlWTo7Dc5GCxqEqEVqFEq+tIHX17c85yUOqibt0V/DJzeTj071R6G4gjwUhN3Qjtds/ALp7jiIBgpTB9kZN0KC3XDB/HXCsDlZqbk+IC50a0ZtVBjNkhd2qN0to89JRbqtb5Z7fFnFQvPaC5eN3cy1m8FrEWRxRjZLBEyEvumTWmSnCwEDGE3CFa9R0jyisgKGqfMlNx46vfSwn5qcRzVZrSuM/ElmrHUqrOj3PJtZzvpdpEKaV350P3OhZEFCmydg97wi3VYqtNoHGU3OAB1/ZkH5ShwYRWkbnaF34xcasGOzlxsl2zMgW2Hlyal0D9FLMos0R/jQZvYpm/mymaV0q8EWi2qNnaKzWZsFOIkZtXFH9ou7UBVqiyJRpR2fEtVmR6zWS/nuljvxgRNg5K84aAxK2ag+9YP8aZiI+qWGo12qIuimAFwXGzaBZ6bZqGj+GeaB1JTnuyxFD2OJgP6fqKaWOZox8yzHZ9KUz7tSpxFDSqoqOqAotZT6/CbqIYR+EK9y/EO1WJK0x8DeqVL3x9L1uvF5DGwoRUHWHEXqj97Vm9b0Y78gQAjPSPENWRPo5HgEOM4l0CB9teFRh3OSho4MLd9ehAV/fVq6kTaM3qIkEXCj8fP2l90aNUD/V2AMejCm7rVHCr19y2kp9pranQRd+BkdRzoWHaYfyToGe1c6WlBj0XI3MOAWyby3ZMXNbGEBtNUzOMxd5BZhFWrYHQ7Ux8PhexHMhvFATRRL0EhALYcQuvorUwJKjdbWqspXPS7+oF2CJMU3Y5HaODJx4/UPoJyoXoUCG2kf3PymlOdoO4rWV6nSk3IyH+4DQi5uGHl1P8r03Dv2fvKSxhcgr4nQZnl5S8bxhssxltmUkBb0HcnXRZRTXFXdnUf/IKtOz5N+5x5wcAZHYT0N64/Er8sR48NihDMGBrcGenBybDN7PkBsBnjhmaRXwNh4y30qz1ZxK1DGL0n9zTwryaeOpfgHk/e02lJFfwXp2Mv8rSYCZusA5zRc77rXSWfYb+8RPbIVRdxo6pPV0yTAq+j5vXla5YpDxhKI3r90SdBMgJNezW3TP2U6/W+Jm0rgpI0AjoA8D80N+DDqvMiCnHjwUFZZGaKeDf7F2WhEfO3xvgw5Se4CJMg/tCLBo89NTQqX6u9OCkUmaCrMS4zyDhiaKpRcPmX1ltznbmg910oUkt1mMovnzZsAvPo6fCg7psL/i7G+b+nhMoqEJHs9JauSGeiM6uQ7Zse6HW/C/RU9nNKZOFfrCTYoHLVfTGdaATCyjxi5NoJje9fpqTkm0ECIueQMeyYv7nF1UuhCmIkTLh5gFVQw3wQbNEPWyQK0Adqm13GNktuRM5gNC1MQ8XMDJIs1BitZS1ZFk173fgrVKpeyJE2zsnlw/GhipZttdwicsyGOwgJrQMQOMW8/zutALbTqSOlI4gsza7Hy0IBGrNvuSA2E2CEVLY91cngiLApEfYc8rrHU2hJtZa3ev3IHuRC+insdy5V7c76lktnnR+14eWFgrdmxfzDUcEgc862SO4AX5DzWA1riK0EXFgGaESo5WM5idq9dRdW+hX8bHh2F+yVaE1R7ZamlFLdtayfMm9xqyrA61dgPr615zSo0Hr9KnoQo3b9AP2QmcGvE7hK/ATnrgi2hTE6zj0I79pyGpnE+lWKtgkNE1c8PM3Ys7Kalae1Lqh7ORU1DSn2HP6JOzzijUvJT4xItKEiuzSlqU+BXjfeXEjk3FlzzDu6NoppvkdCU+HhfF64ykKcOIVU8s0O1LSYOfvTClQtgwBEGKFxNcpdvLZc+zevokRKgykWFqYpJY66TgEWe0GfC52ovXSl5UOal1/FV3VzVeDDY2oRsdveRJFdO6Ks4qsR6pxf1TioFXPwj/9HmBBn1e/WNCaVhE9ydwaDfLKES1EkE2OushY5+Y8OK9jWpQLHcUfbCtk2JkebTKC+AoC42tDLQi02vstoF2jajr+HjYbi9feuwkbRPRlHDyIahba1XyNgunoJwY1gsLpeOnrYWdfnZwFLkes8IaS9TjierhEmSR31CLz18oJj5NnN4HgTnNCxdCa88tGvDil1hvfWgiJLOgbNrv84ZuV55Ajq5Gs9nahCrhCys7/F+eTsZcF8jtcL37Nm5VlH4tCoBzeTMw/LIJw5oCZ9+vym9610a6sEUepHgic7U/QqqTP+MaOExFf86BXe8+OkMSQF+TBCAf7z5s1hdD56dSR7xNy6SnNTWU9Dq2gxukc6Z4AgyoqOrcZ4TmmU5Qp+RilGEG7LdxrSzBZ1fDXRAfyH3+eWUBYERORi2cADPZ3UGa3u/XDxDcu7Y6aQiUtRzVcztI2H6yNeaJevAllCaLrovwKYn+ji7uVpXOm6BxJkCcIXv63MTb6UTvy4EmcrLXX8SDagQfTYA9o+3fMjalOKpbU2qn385MXdsHOzAzMNytVTSrOCqValZQy4p/Mqt2dqsUu/3b8R+6XT6E842H93ghlaZV0om+fFz9lxelNNsKH5gPNq+GU1K28UlIlEBIWR6gDppswPNTqe2dNxqCPb0JIoPTCDYhG2hBnehiQ4efMF8DAmFLadqnsE44L/WxNvts3BcY4wRpBCjj5NQgndifGXmR6BZ4rKWhOr2ogwLn9NuFA/3k8vPpjIwLEOSKi5j5I6BfmxCftS5tKQgh7cknIvZBtprLen7FV3fb3CYbAGB+CWkfLtvpqR+80L2ah67/ELojY/EhQGul9H0bJsVFmipEDV8+ATWMQSTh4fZSciz3iWQ9OmsYaVOUJvQfZh+4M+hcdvYK2CRL6hzmgMFmiD0K2Ke0mkZkoYl/dR0mXHrf6T1m7O8gIy4vt/IgJwriO/4qHH7rLKSPUB3XBJBb0tEeaqKcBYoOfnYcFqG3FBeTgER/TN+vSynwiMtCsc9PuNh3QpEo55iAH575nP66jwXhuMpb2FXvs32SCZB+z4I7ogzO2rxWG0i6yyUilICjCsj9YTkFVllj6SMXov+ovSRQBle1WkZVNGJZ4c6j4LMt6AO7mh4caO7l0gdbze9qtJ60hTNq3FLWXf5AX726oQ6Ql2DTiuFP43eINTMQCfvgc4mi4KFwDvA/PsQ6U0b5u3aXmDMvDLEbv4KPN4cXnoX2V2U6tmJyZxRg/+CWwXSYtGsSaNeaGqOnLK//J5mFf1wOLwBCj3reODES+yQYP3Dlks7P1RAh2LQpGfQQYgJ/eMB9bxFVFB6nb8PPHgugBIsI963QQ6gxyeMmei9b6aJ8k5MUIQvDypo5N3yfeUHpBSTEV8sEdOvJciG5Gcqr73KgWPTOQQq2EMCVzX8+eGsifj36UyGTM8x2rZS6he1SHEyBQYwuoAz3g/tcDFyxCcV6rGHTevpmM/mM6ZnGhPTAb2CdANLDRP0UbdxaFtsQ2TxPQahYZ0F8V/EIp9msq0k/0xgTWSEwA4matSj4FzKrUtjmHKRO9iyQLhHtnqEWbbT+FD5hhkMuZM2VwCMKXX1dHstyL5hmyOEYCxepfiobND7mXfnxaNUy4mO6moEjMfIflks0xY6M09HBBRPjO1vwqaqZz2ZFQCpmsbJjypg8fvo/iI89G9TQXBmVFRiZz2nIqP40kAzXZW4hJ4WdsYe86LV1Jrds2Qxg4V4lZKI+91P22Ikt8HhL6JeKkJyIPFqTZ0vuYp8gi5ZcidAgDej+XQ2L67NGVxdUwJqedbidRu+b+kQyIz+JsgEGnUYimWxt3w61CAFAUth9t3Vbr7yXlfvR009l0ih024k7GeEFl+a/pNUQi8kJfJVMq6zKbEPXGu1OeOVmjCKvvYNrWsRma50g4V8Z71B0CKBFMw3C5lAU0lhK/KZs8fqcjRezVTV4J/JRPqea6k7Nr9w5hA+qJ/pjvCp0b1p8mRr+jxfsQ8nJKOQTKjtIzQhXJaAYJdpnx+dcHqy5pjiU1bSRoa/NWyHXebG4yPazsAHXXYlEZ/G13g2hIMAIJhS73XmZvRFwIcDJUOL1olGQXIPnKcbvfJsGEln3C6RU0Qrr1A8+sItse7sSckvl+sB89ama6gMvw6yLlTMS3vuho+UA6xBUmjaBLZXOkuYZXD0RApSEUaWNkO2JhkEl4iXsAXYXmbq+Rw1MzSOa0MvyNmO/q7e0/c2dfCcSPMqKOuaaqxHpr8d+NH3u51qYAARteg9rlkHEtjlJgXE4jUjzHuSobFIsNNlg6DzgkGt7GDd3OWW1JDL7uqU5eVQefghWhqAbPhP4FXo6UnRymXZbBtuiHPG2/ppY3D5g7mThB9U/ZLa8GjI8sxsbmrse3DKf1AP+gwsRTz6w3VkTYoKtgdBcG51ZWTq87Fw9IjTWlog4Jo3wPqf3tPS3mbXFea+BchtB22iOF6HIgVr6Yl4Ck3TJGDliaP0Y7xdVyjfbCpE2aKC8Jw2skslxKD/6bOL/OJ4aeoRY54z4i1m3s1pU3ZpoeNyvN3ojzPjaka+ROofljwhaOiC21WB8vhfhmHuoYTlpNAMptzotQ4BHp/Z81MM4de/V+E8hcexOdnvXPGv1ggnWjA0Q3BzXvxlzorrv7V3YH1ow9F+pWPkh9D/BCDyBkMeulP/7AypOitO8eWLr7cWmqKf6QzdEPxSsg1kc71Fz8QH7g3KDR7DraNI8hA6VdVU4ouCs6kRASNhh1LEirzZYSFKci63q+bvzhMVvaUMDcjaVz/pm2+X373baZYgDKdVW/f5jALJhwOfjG3dPagceP1mkvF4x8dN3kOxkJmnP6XIquomhbelHM8u2U57gzOqgkdDuwT5ZEXO4O9y2vGGy2wgkY9+7j+frjvGQBSDpLKSHkBd5OEHvK6eYeymnzMUQxmb7SSbW2dMOJFFXJDSSURnVi6cW+Q/OAtUsm1laTc0kE5nzvgzY5lvELSELGj16cHdUaCy1WTcV2l3Ft4qZqNdZWPFcT+tiahhEeV23BNSB6w52LYZosatEzZ8Nl7yBnmd9Vao2AHYChqVj5e5ND37pNDLIA6wGTDZMiL7MoiyznAYkwrwG72NYabekHBv6P4G08nncmSY0zeahkl0+cEg3Jp3a3FY3GnBciUX0u2UuJy2aUc78olkBZFrvAxNwl+FBTBomtVVGlnCnuWpFBmxJgYNtbf3Nf7WYhJ7oWFsE0Td74K3iHpSWm0M9RETEcTBoQ03hs6lOTkEjdLZuwety5hdzqYj0WZb3bcLjVVRu/6oFS8TLJlH/VdBEoKoU13qYTbB7rcpxgh+WtDc+s6vjg5e8yRfhZ8I2/YqTDYHje2R0lcgTi0pFsE7DtGBXRT4pagcBfRVXZp1tzRUSFDCBZvE67WJJ+d4onc2yYZaOODokw6EIKVDmkoZv+FXdl+QMtAqajqNjT18F/hc68sKQulRYzeponYxjdc/gE7mcfhuPozaeqYx7OT4c/7KaZFl8cL1haKOV2Nu8xJTSMidHg5fVKkQ5jGgUa059/8aKzABjn2ENLIiac+itGZwq4tLtu43+YVAm5gtMJrGLeTd5cI57byXLH19TqjsrbluFEdjERXFcQ3yrRQWTMh2+7LyqJeJN4EFJ3gonKr/sJgcMcNaNAsaWR+HndXiwU7pXDcL5a1W7bSDt6ydVvebIZdF1rvP0PCRvPBIpr4rM0vGB3vYvhI6iTjM6WYPegZYRKeSz25xSUmqxV/sddLJh0hOKECgn27UXYg6VH0yeHk7IlNtF0eT7UH8sjiTSkuTeSWVI39yZ+fAc4LvI3Isv/SMHWlfoSI78ao1kHg/xJsOM7LREZIFzd8BAoZ22vBFU4BlS6Obaxp0E20gOJ/MLcS2iESuD0eK3kW/GNNTYXujOoeWbhDocj8lWgDKnajBUm51bmIkYQ/4uF0m0hkX45gDy2TNETnT3xpLMdxvaWd28EsNL07HsTDTxel0nLkwjT2cOEauMoUPKB0f7/GAB9MeUIyVhWYd/heMFtqojUWU27J1+rUiADT5TtnuFyo3cwoiNWxtkO/BUtKUqhkCURERKAtupyV8SAZLcJD8/soKAobmZek49TpHiQP4N1MMxCSJrg/rjo//93yXgRZyPCCv+Nu4D/5JZ4LaIa9uXWrnCmiwl2K8MbVibWNkHKpl9eFuvKCfLdQzCCOdiJQGm7I1UqtqhjwKT2AVq2fQ6eeyhWI8Ldr2nfTib9TipxL/fZfgnOl+3fZ2g4bcG74o08Ai6XmNugye3xk4fAbtuFsx8L2MKDGLAef+AyztWk8LnA48eNIi8/XuQe5rtuZTdiXKElwTJCN8eir/aW0p4nWl7SOITqLO3qLwecHicDXcM3E9u+LThYAheRAoUqzdCIwW/oeOnO+c+1b1sq+ypY5UrGciLAC1nx0QTEedFVeOJF3Lv7xGgmfStPhK+Tq3+uWb6yhokCY1HcG1D5H5ENESe2t0gN+eAhhraTcBJPm0d/7vuWz8sM7XCVF1w7CD5G+O/pT0sgdOLu0GYiHaIXGTsmcFE7MerRf4p86IquJsr0lTiEgir/j8BSELvNOs6g6Nc/+2VuKbHBvDFyRIrfNJ5+Zs02EbEeY0A0FWDNwcHy0NflDXmREpwgEAydAg4BmE5g8novAYzksjUZVs5PuBR2IRZAuAZMVI4am3LRewCkSO7DR6cDaFELjmUHCI8JTWRE4PaRw+EeiQNoW9bvNiHM7XlYVPjv/gPgIX6jy2G569zw4JQmlW8bXpu0/Tc3O1LV7QAnPZ/0qPR/U9tJkEUlraeE9Rv6jmxgD9VTglNn7HGHobcP2jlbfPC0UjSXsAXy/c8irAIJPGjRmuUU1v9uy/DNOBzpNo/LBzNLY++vADdwGW/zh67Syta16Y3OhFuba5g6tpP+k7dcoWADOeLo2xzp41s8hNyhOGjz52iL7mohbpNpGcvUHX1qmjtsZ5UBVGA4/RSlIRcS0zwK9udbLtk6Db6Jq8TjNmSxRDXiZo9GOVrtJYHm8Cm6f35bjd7R+7yZPEFW3dzlXkiQHzrOssgK0GVd6zbjh3yvqTnsHbBTgyu7TyUVt13qoKLcCUTT3iRwo0zlrbI/wZA41uDQ8doI3L6b0N74DQszCW7sqSJFiHETfTWvGfYfky7eoV/YsLAB569FSDhzxaqJVEvjx93e+K5Ag/VuOSU1eMQus585foaStvtnMQVJ27ZLqS8ab5uuvNYkzEIYNpam/kvgZJ/zi3yckBDCMqj6SNuqVgq065Tx6Cz+f2dKUjrdNrIuHR5AwPCPghRMwMI6T7TwAw3xqhwxgCM4NbFgW01wB/tJKQzpR5Vc+LpKbDBtnfSu4fhAm4gMm+5/8ZfoxOrpo7IA2Qu/rAdvhNRDa7uKcu5FZ8VVxCZNVP+ao0uzf1BU+hf1or7shGMUIVZiib3aP3N1KzfoSmXBe2xjZrYxAuz6f2e4aWSMrt6zmZgfSFp2aGOry3sc+yZRMSR8PfevqbpRLAaKIfTF2/OVkZ4R9GxDYDhb3e1Odv6yimkZ4IbV0ZGvDpjVUss2ZDeEEg4DhqYTekI/lxJGGJPOUU3Bw/6ILQaOBVmtwsAizWdEW/iuQMF7bc2GqS9Xq7L8bm6I5Kz6sbpj/gfcX+vZHqquPBFq2O9DMA23Wn1C8o3AH9HRHuSPdI8Tf7TrrgV9XjfFfuwyrAsWkhaqhamTVh3Ica+W/R+3ObMr0iWdVU8ccXt4DA+qsRyc/KnHgNjheRnp/gKgpriKL8WDdwjPYajuamwGWxuhl8Oi+/xJt225aqnamPdUlwqClZkxXL/hqnfXCa/QXqrSsRE9RpqsgR20aSyaO23p2q6H7QOiS+z3alWBhiKJB90LsRj59uJ9IE2P2bs80b88E1gR+lPikJMqiMknUOXMThDvGcBJYywwozYWBd7AUSCNx7aUQ6uamTAUgkWwnnpG00TjIXMAcISUJDrpkx0vDQ9R6KLOeEL2QYcf+zJgT2lVFCjZWtW4SwKLSGZn97uGKwgJ6e56F67Px7gxPVw6yTgYA6rDiGHsiRa67XuBYkExfHpEPkPAiC9NgyZLU+PHcihO6YG7YiFJElMUHg6n5JPW3LFD6twC8qBwN/T6RlMykxHV10+tH+aqkQqklqFn49Td6M38yu4v6HmAIBocEjsoUL1eT4cKWGuMqPinZXT+slm9OaRDYK1mnHrR8EC29IU80zx9JTpYOQpwdaNiJqohzIm3daFsGPdn/PuFi6MtzWOF0w1PCuv4i4qn8xnp4pNid9WznqWcpz2ESJgZq8nEJi9F7Ie8zk/uhfluJPg4fLH9Gbr4CVTeE+GYxFUa405W0l0LW3iv0wSIgbLvlapcXAaD14dBhpXGjq9gje5/YxcLbKS0SAgrZRcRhZqUu8qvpxxRzBKk/NPM2MoBeqqOp59U+eKSLIvupMmGD+8G2wxXGoGY+roN36B9i3iU1pibK6/G6RvSTtNEQ34a/nIItPUiAsjihGmmM8Utx0Ge0QMySkvBeaGU3FBlzA9aopem5uWCZALRDRt20olpDoU3oVOH+NDBJX03rhRGAg9MzVkdZHxLqs98dV4llYuZyININasQ+i3jJnQZwInb3icZbr0GhUTq9Zm/4K6KtNerA9oaogwyfPTWrHJTfHojotz+1e1/OiGVunVM0BUVw6Y/nyl4S960cLI2XJ/IkusFxTMonj1j5ezgEU5cem9NcUTcHLX4mDp8wOcy9UATbDPGItzcmGGJGC3pUV28ug5ya8DCvHT3DN5zJKplNtF4Lni5/aPplFxpFsXXzMsNgWdldSAq5VpTQjSGuAjdjjPfL0dAcD66+y1cqY+G/xeGRGKDeUGuqy4bG3a7ZVcFWB5ppIz5KLmIPRM79IxkNej7BwC1iYA8ESf8DjX1BNJUhHW0leP99FbzoQ5XIgJBDLqFnFtXfs9nJ+8P2q/Lkysf0dszlLe5ZHPDSEFifLyTcBWPpEUtXUJx3iXEmZwFpjtuV+2ATEkiSgSKdrwO6vbSKIig0570nyCBmtT9GHM6Kt/Rq0sBUcS5oDwk3P2WLpBZa4bZgjmceTEqHL3AKwmrJaQemuGwmiRMJ9Aaai/FuG6PlnEgrnk8HaN+wuNRfICdMmPd9xK+wt1lt5j295Nxuu35EglT6N95i//LzlBqDVK//9A9C0fXvXXIw7L9cyttCPvj4z67rd6VyPrq//AqR+Y3KgHkGv6evCK8/X6afIiRL91Kp5br6SXMTo664j/yPZqPVWL9ZnRgmafvaZ9vSUTQqNhg1L4uffrhyOwbyi0C8+kj4vSWPLLklH5uemD+hDyu3WvQ5fVjdTW5/3+QGF2arFaAdLLLHq2Vtf+B5EyKTM52ZvlLN8j0RIcEtfzuGMg0XayDnwhxqsgpKn6m0/mMrvbp65dVpCbHnYUeweEw5iWrQsHL0aFOvHzuhCyjqgHYnEaaxTf2CUOsQSI1HN+DoIikcfxSsO7atlD6aj3yAl/Dn84lUGUiPjxFl2orQB6KjWwTUNKJVUS0kvJyXumC1Q/IaV7c5/NOxYt0WTkiOSA0+Z265nFc3CTaKOPggVCV9WSyHTlqykCWNgvh5/PqVkWhi4G7BChL9nlLIp+6E/Q9KXeAjznP3/3DnoIRCsHb+VxNZ9BkZg0KajpszDgGnigHs6wa8O3WefclVhsOPckQ9UWik5UkzgiAFGOHz6INf4damIiI5H19IUhZ2Sn7cUn3aDJ/OkQrFBDMlZtFZ/P8WaTrpjtwEf4+voU7p9XnBmTMpmyCEOBwj5eBrd9PfmEirjUpcFXkS8r+yNeP2B4sBp/2AERR6wj4gJsDfFIag+6p8UNi3iEf0dz95f36foXU/pVgZQp+9ewbONtqobgaHFQDjFOPhftknaVOc3FRWkMEREYl0FifTomlB0Q62gO+WqwnkTDN1kRZP53NrghPDYge5JyN4TqH5Fc1G7W8tHWHbNmDftQ1/cnCzQVsv/uiWa9cNij5aC+hj4HXwSKUqKY01k3YIN3f1/6Q881gvRFc04RasC4jGesMjZXNOurArqLqbCRkDqWbHEj5aSvv7RXmcyoV3t53FPU1ZHyTAVP0A1On02mZK69gIOoVrzBTzQTWWjitt/9qfHmJ40yErxiEQ2Os6XpaHMvLXOhezjHjxw1CsAAYy4sWx70BB86ns9uHy6fXC5Q6AVvkTlGUq7d0L6t/nZfjKPszTco+h5nH0lCekfRvMRKldtXv/IWK8IzjzIyA/m+wNqUrQgnb4HqkOLjp5dkw0idyleMRkDKc38FZb4kixX6l+XvACsPaB2ZjH5ThB3OFWWC4LM&lt;/Value&gt;&lt;/TokenEntry&gt;&lt;/Values&gt;&lt;/UseKey&gt;&lt;Claims&gt;&lt;Values xmlns:q1="http://schemas.xmlsoap.org/ws/2004/04/security/trust" soapenc:arrayType="q1:TokenEntry[17]"&gt;&lt;TokenEntry&gt;&lt;Name&gt;SessionKey&lt;/Name&gt;&lt;Value&gt;oKD3fYg6lc32aCQiCKS0vCYaSBckfUU0jy36LcLHbOQDNQgCIhMpk3+v7s4orcn5dkoA2u0F3PjBJb8ZJO+ZzuibM6hUAHmuR9ilWOIZundliNNxohidAEU5r7Dm/AXkDZ2kzyxoSvnoxp1s4fQGuRr174qJwkdctjXhuH3LSnnNm2bKSe3nM6rrdnPb3QrgcjBcM0BWBP9hC4n4tUOU+zZlI2ko3zTCbXM/+uy5o57q28vt+zhZDpnuaihn7WpuuDfY84ADIgMkjF628Pd6ztS+OxslB3xkx+hM6xYo+bxM6iSV2X7AqmuBbgWGukPRx+wI3tQ+ji5+lSvPsknw6Q==&lt;/Value&gt;&lt;/TokenEntry&gt;&lt;TokenEntry&gt;&lt;Name&gt;BindingType&lt;/Name&gt;&lt;Value&gt;j6ifPW74hNz2P1X+znJd9mTWyHjmW+kyyeTWlbWDqu8=&lt;/Value&gt;&lt;/TokenEntry&gt;&lt;TokenEntry&gt;&lt;Name&gt;Binding&lt;/Name&gt;&lt;Value&gt;MUazpkAsh9oXLT3ntOrPOBGR0Xi+2T813dh8AIoNqJj/88VCX7icQOkfeIqpCXRtxxu9UjqaTySj93egyixv6Q==&lt;/Value&gt;&lt;/TokenEntry&gt;&lt;TokenEntry&gt;&lt;Name&gt;ProductKey&lt;/Name&gt;&lt;Value&gt;BCem97OaY5xtXgyIOa5gw0r96kxuOcU7pGm+jgywiYY=&lt;/Value&gt;&lt;/TokenEntry&gt;&lt;TokenEntry&gt;&lt;Name&gt;ProductKeyType&lt;/Name&gt;&lt;Value&gt;j6ifPW74hNz2P1X+znJd9pKvz/fmKjbSpPNFc00mB9I=&lt;/Value&gt;&lt;/TokenEntry&gt;&lt;TokenEntry&gt;&lt;Name&gt;ProductKeyActConfigId&lt;/Name&gt;&lt;Value&gt;jB+ayRykxokKysiXjGBoUS6dpdvio/rkWOEdF9VJHo6VNXC5hQrmZ9mDDu0J8h9lkyvSDf2DZsMR2VK2Lq+hT4+/1VMc3PvPQT1y672pKgQ=&lt;/Value&gt;&lt;/TokenEntry&gt;&lt;TokenEntry&gt;&lt;Name&gt;SppSvcVersion&lt;/Name&gt;&lt;Value&gt;merAuyV/G9WychTuY+SFXA==&lt;/Value&gt;&lt;/TokenEntry&gt;&lt;TokenEntry&gt;&lt;Name&gt;otherInfoPublic.licenseCategory&lt;/Name&gt;&lt;Value&gt;bFH8GlrhFxHrNN80nxCz4/5Lx38ZR8bAhwTd+t4vbic=&lt;/Value&gt;&lt;/TokenEntry&gt;&lt;TokenEntry&gt;&lt;Name&gt;otherInfoPrivate.licenseCategory&lt;/Name&gt;&lt;Value&gt;bFH8GlrhFxHrNN80nxCz41q5/5aKFJhJu+Dd9ClKdbc=&lt;/Value&gt;&lt;/TokenEntry&gt;&lt;TokenEntry&gt;&lt;Name&gt;otherInfoPublic.sysprepAction&lt;/Name&gt;&lt;Value&gt;o3mROvfBDg1cAhvCh8avOQ==&lt;/Value&gt;&lt;/TokenEntry&gt;&lt;TokenEntry&gt;&lt;Name&gt;otherInfoPrivate.sysprepAction&lt;/Name&gt;&lt;Value&gt;o3mROvfBDg1cAhvCh8avOQ==&lt;/Value&gt;&lt;/TokenEntry&gt;&lt;TokenEntry&gt;&lt;Name&gt;ClientInformation&lt;/Name&gt;&lt;Value&gt;Kr3+hCqn5gUo+7sTGPzV3pRrv9DsF1Gcu5bkLfcA0WoFY8rHDpPgi5q/pLRx90CWYEtWVp3Dz/Q8ZgbrT0Z0eA==&lt;/Value&gt;&lt;/TokenEntry&gt;&lt;TokenEntry&gt;&lt;Name&gt;ReferralInformation&lt;/Name&gt;&lt;Value&gt;OIDYDS3ZPY0Z3kwb7Ma7Adp83qf5sxlRzG0mhLBPrDcrrEVzVEVdVx3iV43XjB/0Iaxrx2fF08EBTXd1IAx6/w==&lt;/Value&gt;&lt;/TokenEntry&gt;&lt;TokenEntry&gt;&lt;Name&gt;ClientSystemTime&lt;/Name&gt;&lt;Value&gt;njczmu7axSbCNDiN5StZLiB2Qr5r9T8LlvxbfbhZWQE=&lt;/Value&gt;&lt;/TokenEntry&gt;&lt;TokenEntry&gt;&lt;Name&gt;ClientSystemTimeUtc&lt;/Name&gt;&lt;Value&gt;njczmu7axSbCNDiN5StZLiB2Qr5r9T8LlvxbfbhZWQE=&lt;/Value&gt;&lt;/TokenEntry&gt;&lt;TokenEntry&gt;&lt;Name&gt;otherInfoPublic.secureStoreId&lt;/Name&gt;&lt;Value&gt;O8K5xKYAD/vQd5WSDwc3wfz72JLEskKHYJwAqJ9nMscRcDdX/cEJa/iN+Jvk3jja&lt;/Value&gt;&lt;/TokenEntry&gt;&lt;TokenEntry&gt;&lt;Name&gt;otherInfoPrivate.secureStoreId&lt;/Name&gt;&lt;Value&gt;O8K5xKYAD/vQd5WSDwc3wfz72JLEskKHYJwAqJ9nMscRcDdX/cEJa/iN+Jvk3jja&lt;/Value&gt;&lt;/TokenEntry&gt;&lt;/Values&gt;&lt;/Claims&gt;&lt;/RequestSecurityToken&gt;&lt;/soap:Body&gt;&lt;/soap:Envelope&gt;)
00010002(0x80072EE7, 03:40:43:904 - &lt;NULL&gt;)
00010003(0x80072EE7, 03:40:43:904)
&lt;/string&gt;
</Data>
<Binary></Binary>
</EventData>
</Event>

<Event xmlns="http://schemas.microsoft.com/win/2004/08/events/event"><System><Provider Name="Microsoft-Windows-Security-SPP" Guid="{E23B33B0-C8C9-472C-A5F9-F2BDFEA0F156}" EventSourceName="Software Protection Platform Service"></Provider>
<EventID Qualifiers="49152">1014</EventID>
<Version>0</Version>
<Level>2</Level>
<Task>0</Task>
<Opcode>0</Opcode>
<Keywords>0x0080000000000000</Keywords>
<TimeCreated SystemTime="2026-01-21 11:40:43.920311"></TimeCreated>
<EventRecordID>3236</EventRecordID>
<Correlation ActivityID="" RelatedActivityID=""></Correlation>
<Execution ProcessID="0" ThreadID="0"></Execution>
<Channel>Application</Channel>
<Computer>S200401.overwatch.htb</Computer>
<Security UserID=""></Security>
</System>
<EventData><Data>&lt;string&gt;hr=0x80072EE7&lt;/string&gt;
&lt;string&gt;ffa0a98f-b13f-4433-91f4-8aff126ed407&lt;/string&gt;
</Data>
<Binary></Binary>
</EventData>
</Event>

<Event xmlns="http://schemas.microsoft.com/win/2004/08/events/event"><System><Provider Name="Microsoft-Windows-Security-SPP" Guid="{E23B33B0-C8C9-472C-A5F9-F2BDFEA0F156}" EventSourceName="Software Protection Platform Service"></Provider>
<EventID Qualifiers="16384">1003</EventID>
<Version>0</Version>
<Level>4</Level>
<Task>0</Task>
<Opcode>0</Opcode>
<Keywords>0x0080000000000000</Keywords>
<TimeCreated SystemTime="2026-01-21 11:40:44.295288"></TimeCreated>
<EventRecordID>3237</EventRecordID>
<Correlation ActivityID="" RelatedActivityID=""></Correlation>
<Execution ProcessID="0" ThreadID="0"></Execution>
<Channel>Application</Channel>
<Computer>S200401.overwatch.htb</Computer>
<Security UserID=""></Security>
</System>
<EventData><Data>&lt;string&gt;55c92734-d682-4d71-983e-d6ec3f16059f&lt;/string&gt;
&lt;string&gt;
1: 1ea11e95-b7b5-49f8-b3b8-164805630e84, 1, 0 [(0 [0xC004F014, 0, 0], [(?)(?)(?)(?)(?)(?)(?)(?)])(1 )(2 )(3 )]
2: 22105925-48c3-4ff4-a294-f654bb27e390, 1, 0 [(0 [0xC004F014, 0, 0], [(?)(?)(?)(?)(?)(?)(?)(?)])(1 )(2 )(3 )]
3: 27c4e172-0f4c-4a2d-86f0-ebfd77a583ce, 1, 0 [(0 [0xC004F014, 0, 0], [(?)(?)(?)(?)(?)(?)(?)(?)])(1 )(2 )(3 )]
4: 3f1a0b3b-cefc-48e4-8502-53299ec06146, 1, 0 [(0 [0xC004F014, 0, 0], [(?)(?)(?)(?)(?)(?)(?)(?)])(1 )(2 )(3 )]
5: 661f7658-7035-4b4c-9f35-010682943ec2, 1, 0 [(0 [0xC004F014, 0, 0], [(?)(?)(?)(?)(?)(?)(?)(?)])(1 )(2 )(3 )]
6: 6bad0243-1c35-46b2-b8e6-7a853e37413f, 1, 0 [(0 [0xC004F014, 0, 0], [(?)(?)(?)(?)(?)(?)(?)(?)])(1 )(2 )(3 )]
7: 716317e3-9177-41f8-a772-361050bb1b7f, 1, 0 [(0 [0xC004F014, 0, 0], [(?)(?)(?)(?)(?)(?)(?)(?)])(1 )(2 )(3 )]
8: 82fcf64d-f9dd-4411-9c79-f2eed16d4eb8, 1, 0 [(0 [0xC004F014, 0, 0], [(?)(?)(?)(?)(?)(?)(?)(?)])(1 )(2 )(3 )]
9: 84e331f6-4279-48c4-ab10-b75139181351, 1, 0 [(0 [0xC004F014, 0, 0], [(?)(?)(?)(?)(?)(?)(?)(?)])(1 )(2 )(3 )]
10: 8f97e374-1be6-46d5-bb24-61f9d6400caf, 1, 0 [(0 [0xC004F014, 0, 0], [(?)(?)(?)(?)(?)(?)(?)(?)])(1 )(2 )(3 )]
11: 929d118a-4950-4d06-9ff1-ecd794f7d740, 1, 0 [(0 [0xC004F014, 0, 0], [(?)(?)(?)(?)(?)(?)(?)(?)])(1 )(2 )(3 )]
12: 9bd77860-9b31-4b7b-96ad-2564017315bf, 1, 0 [(0 [0xC004F014, 0, 0], [(?)(?)(?)(?)(?)(?)(?)(?)])(1 )(2 )(3 )]
13: b1c68fb2-b632-47a2-8719-488cc128b728, 1, 0 [(0 [0xC004F014, 0, 0], [(?)(?)(?)(?)(?)(?)(?)(?)])(1 )(2 )(3 )]
14: ce624156-a391-4585-93f9-7fb37405fbda, 1, 0 [(0 [0xC004F014, 0, 0], [(?)(?)(?)(?)(?)(?)(?)(?)])(1 )(2 )(3 )]
15: e73aabfa-12bc-4705-b551-2dd076bebc7d, 1, 0 [(0 [0xC004F014, 0, 0], [(?)(?)(?)(?)(?)(?)(?)(?)])(1 )(2 )(3 )]
16: ffa0a98f-b13f-4433-91f4-8aff126ed407, 1, 1 [(0 )(1 )(2 [0xC004E003, 0, 0], [( 1 0xC004F034)( 1 0xC004F034)(?)(?)(?)(?)(?)(?)])(3 [0x00000000, 0, 0], [( 6 0xC004F009 0 0)( 1 0x00000000)( 6 0xC004F009 0 0)(?)(?)(?)( 10 0x00000000 msft:rm/algorithm/flags/1.0)( 11 0x00000000 0xC004F034)])]

&lt;/string&gt;
</Data>
<Binary></Binary>
</EventData>
</Event>

<Event xmlns="http://schemas.microsoft.com/win/2004/08/events/event"><System><Provider Name="Microsoft-Windows-Security-SPP" Guid="{E23B33B0-C8C9-472C-A5F9-F2BDFEA0F156}" EventSourceName="Software Protection Platform Service"></Provider>
<EventID Qualifiers="16384">1003</EventID>
<Version>0</Version>
<Level>4</Level>
<Task>0</Task>
<Opcode>0</Opcode>
<Keywords>0x0080000000000000</Keywords>
<TimeCreated SystemTime="2026-01-21 11:40:44.310911"></TimeCreated>
<EventRecordID>3238</EventRecordID>
<Correlation ActivityID="" RelatedActivityID=""></Correlation>
<Execution ProcessID="0" ThreadID="0"></Execution>
<Channel>Application</Channel>
<Computer>S200401.overwatch.htb</Computer>
<Security UserID=""></Security>
</System>
<EventData><Data>&lt;string&gt;55c92734-d682-4d71-983e-d6ec3f16059f&lt;/string&gt;
&lt;string&gt;
1: 1ea11e95-b7b5-49f8-b3b8-164805630e84, 1, 0 [(0 [0xC004F014, 0, 0], [(?)(?)(?)(?)(?)(?)(?)(?)])(1 )(2 )(3 )]
2: 22105925-48c3-4ff4-a294-f654bb27e390, 1, 0 [(0 [0xC004F014, 0, 0], [(?)(?)(?)(?)(?)(?)(?)(?)])(1 )(2 )(3 )]
3: 27c4e172-0f4c-4a2d-86f0-ebfd77a583ce, 1, 0 [(0 [0xC004F014, 0, 0], [(?)(?)(?)(?)(?)(?)(?)(?)])(1 )(2 )(3 )]
4: 3f1a0b3b-cefc-48e4-8502-53299ec06146, 1, 0 [(0 [0xC004F014, 0, 0], [(?)(?)(?)(?)(?)(?)(?)(?)])(1 )(2 )(3 )]
5: 661f7658-7035-4b4c-9f35-010682943ec2, 1, 0 [(0 [0xC004F014, 0, 0], [(?)(?)(?)(?)(?)(?)(?)(?)])(1 )(2 )(3 )]
6: 6bad0243-1c35-46b2-b8e6-7a853e37413f, 1, 0 [(0 [0xC004F014, 0, 0], [(?)(?)(?)(?)(?)(?)(?)(?)])(1 )(2 )(3 )]
7: 716317e3-9177-41f8-a772-361050bb1b7f, 1, 0 [(0 [0xC004F014, 0, 0], [(?)(?)(?)(?)(?)(?)(?)(?)])(1 )(2 )(3 )]
8: 82fcf64d-f9dd-4411-9c79-f2eed16d4eb8, 1, 0 [(0 [0xC004F014, 0, 0], [(?)(?)(?)(?)(?)(?)(?)(?)])(1 )(2 )(3 )]
9: 84e331f6-4279-48c4-ab10-b75139181351, 1, 0 [(0 [0xC004F014, 0, 0], [(?)(?)(?)(?)(?)(?)(?)(?)])(1 )(2 )(3 )]
10: 8f97e374-1be6-46d5-bb24-61f9d6400caf, 1, 0 [(0 [0xC004F014, 0, 0], [(?)(?)(?)(?)(?)(?)(?)(?)])(1 )(2 )(3 )]
11: 929d118a-4950-4d06-9ff1-ecd794f7d740, 1, 0 [(0 [0xC004F014, 0, 0], [(?)(?)(?)(?)(?)(?)(?)(?)])(1 )(2 )(3 )]
12: 9bd77860-9b31-4b7b-96ad-2564017315bf, 1, 0 [(0 [0xC004F014, 0, 0], [(?)(?)(?)(?)(?)(?)(?)(?)])(1 )(2 )(3 )]
13: b1c68fb2-b632-47a2-8719-488cc128b728, 1, 0 [(0 [0xC004F014, 0, 0], [(?)(?)(?)(?)(?)(?)(?)(?)])(1 )(2 )(3 )]
14: ce624156-a391-4585-93f9-7fb37405fbda, 1, 0 [(0 [0xC004F014, 0, 0], [(?)(?)(?)(?)(?)(?)(?)(?)])(1 )(2 )(3 )]
15: e73aabfa-12bc-4705-b551-2dd076bebc7d, 1, 0 [(0 [0xC004F014, 0, 0], [(?)(?)(?)(?)(?)(?)(?)(?)])(1 )(2 )(3 )]
16: ffa0a98f-b13f-4433-91f4-8aff126ed407, 1, 1 [(0 )(1 )(2 [0xC004E003, 0, 0], [( 1 0xC004F034)( 1 0xC004F034)(?)(?)(?)(?)(?)(?)])(3 [0x00000000, 0, 0], [( 6 0xC004F009 0 0)( 1 0x00000000)( 6 0xC004F009 0 0)(?)(?)(?)( 10 0x00000000 msft:rm/algorithm/flags/1.0)( 11 0x00000000 0xC004F034)])]

&lt;/string&gt;
</Data>
<Binary></Binary>
</EventData>
</Event>

<Event xmlns="http://schemas.microsoft.com/win/2004/08/events/event"><System><Provider Name="Microsoft-Windows-Security-SPP" Guid="{E23B33B0-C8C9-472C-A5F9-F2BDFEA0F156}" EventSourceName="Software Protection Platform Service"></Provider>
<EventID Qualifiers="16384">16388</EventID>
<Version>0</Version>
<Level>4</Level>
<Task>0</Task>
<Opcode>0</Opcode>
<Keywords>0x0080000000000000</Keywords>
<TimeCreated SystemTime="2026-01-21 11:40:44.404657"></TimeCreated>
<EventRecordID>3239</EventRecordID>
<Correlation ActivityID="" RelatedActivityID=""></Correlation>
<Execution ProcessID="0" ThreadID="0"></Execution>
<Channel>Application</Channel>
<Computer>S200401.overwatch.htb</Computer>
<Security UserID=""></Security>
</System>
<EventData><Data>&lt;string&gt;2026-01-21T11:40:44Z&lt;/string&gt;
&lt;string&gt;2026-01-21T11:40:44Z&lt;/string&gt;
</Data>
<Binary></Binary>
</EventData>
</Event>

<Event xmlns="http://schemas.microsoft.com/win/2004/08/events/event"><System><Provider Name="Microsoft-Windows-Security-SPP" Guid="{E23B33B0-C8C9-472C-A5F9-F2BDFEA0F156}" EventSourceName="Software Protection Platform Service"></Provider>
<EventID Qualifiers="49152">8198</EventID>
<Version>0</Version>
<Level>2</Level>
<Task>0</Task>
<Opcode>0</Opcode>
<Keywords>0x0080000000000000</Keywords>
<TimeCreated SystemTime="2026-01-21 11:40:44.435902"></TimeCreated>
<EventRecordID>3240</EventRecordID>
<Correlation ActivityID="" RelatedActivityID=""></Correlation>
<Execution ProcessID="0" ThreadID="0"></Execution>
<Channel>Application</Channel>
<Computer>S200401.overwatch.htb</Computer>
<Security UserID=""></Security>
</System>
<EventData><Data>&lt;string&gt;hr=0x80004005&lt;/string&gt;
&lt;string&gt;RuleId=31e71c49-8da7-4a2f-ad92-45d98a1c79ba;Action=AutoActivate;AppId=55c92734-d682-4d71-983e-d6ec3f16059f;SkuId=ffa0a98f-b13f-4433-91f4-8aff126ed407;NotificationInterval=1440;Trigger=TimerEvent&lt;/string&gt;
</Data>
<Binary></Binary>
</EventData>
</Event>

<Event xmlns="http://schemas.microsoft.com/win/2004/08/events/event"><System><Provider Name="Microsoft-Windows-Security-SPP" Guid="{E23B33B0-C8C9-472C-A5F9-F2BDFEA0F156}" EventSourceName="Software Protection Platform Service"></Provider>
<EventID Qualifiers="16384">8230</EventID>
<Version>0</Version>
<Level>4</Level>
<Task>0</Task>
<Opcode>0</Opcode>
<Keywords>0x0080000000000000</Keywords>
<TimeCreated SystemTime="2026-01-21 11:40:44.826540"></TimeCreated>
<EventRecordID>3241</EventRecordID>
<Correlation ActivityID="" RelatedActivityID=""></Correlation>
<Execution ProcessID="0" ThreadID="0"></Execution>
<Channel>Application</Channel>
<Computer>S200401.overwatch.htb</Computer>
<Security UserID=""></Security>
</System>
<EventData><Data>&lt;string&gt;Security-SPP-Action-StateData (REG_SZ) =AppId=55c92734-d682-4d71-983e-d6ec3f16059f;LastConsumptionReason=0xc004f034;LastNotificationId=NeverActivated;LicenseState=SL_LICENSING_STATUS_NOTIFICATION;PartialProductKey=2WJDW;ProductKeyType=Volume:MAK;SkuId=ffa0a98f-b13f-4433-91f4-8aff126ed407;ruleId=31e71c49-8da7-4a2f-ad92-45d98a1c79ba;uxDifferentiator=RETAIL&lt;/string&gt;
</Data>
<Binary></Binary>
</EventData>
</Event>

<Event xmlns="http://schemas.microsoft.com/win/2004/08/events/event"><System><Provider Name="Microsoft-Windows-Security-SPP" Guid="{E23B33B0-C8C9-472C-A5F9-F2BDFEA0F156}" EventSourceName="Software Protection Platform Service"></Provider>
<EventID Qualifiers="16384">16388</EventID>
<Version>0</Version>
<Level>4</Level>
<Task>0</Task>
<Opcode>0</Opcode>
<Keywords>0x0080000000000000</Keywords>
<TimeCreated SystemTime="2026-01-21 11:40:44.920355"></TimeCreated>
<EventRecordID>3242</EventRecordID>
<Correlation ActivityID="" RelatedActivityID=""></Correlation>
<Execution ProcessID="0" ThreadID="0"></Execution>
<Channel>Application</Channel>
<Computer>S200401.overwatch.htb</Computer>
<Security UserID=""></Security>
</System>
<EventData><Data>&lt;string&gt;2026-01-21T11:40:44Z&lt;/string&gt;
&lt;string&gt;2026-01-21T11:40:44Z&lt;/string&gt;
</Data>
<Binary></Binary>
</EventData>
</Event>

<Event xmlns="http://schemas.microsoft.com/win/2004/08/events/event"><System><Provider Name="Microsoft-Windows-Security-SPP" Guid="{E23B33B0-C8C9-472C-A5F9-F2BDFEA0F156}" EventSourceName="Software Protection Platform Service"></Provider>
<EventID Qualifiers="16384">8230</EventID>
<Version>0</Version>
<Level>4</Level>
<Task>0</Task>
<Opcode>0</Opcode>
<Keywords>0x0080000000000000</Keywords>
<TimeCreated SystemTime="2026-01-21 11:40:45.342155"></TimeCreated>
<EventRecordID>3243</EventRecordID>
<Correlation ActivityID="" RelatedActivityID=""></Correlation>
<Execution ProcessID="0" ThreadID="0"></Execution>
<Channel>Application</Channel>
<Computer>S200401.overwatch.htb</Computer>
<Security UserID=""></Security>
</System>
<EventData><Data>&lt;string&gt;Security-SPP-Action-StateData (REG_SZ) =AppId=55c92734-d682-4d71-983e-d6ec3f16059f;LastConsumptionReason=0xc004f034;LastNotificationId=NeverActivated;LicenseState=SL_LICENSING_STATUS_NOTIFICATION;PartialProductKey=2WJDW;ProductKeyType=Volume:MAK;SkuId=ffa0a98f-b13f-4433-91f4-8aff126ed407;ruleId=31e71c49-8da7-4a2f-ad92-45d98a1c79ba;uxDifferentiator=RETAIL&lt;/string&gt;
</Data>
<Binary></Binary>
</EventData>
</Event>

<Event xmlns="http://schemas.microsoft.com/win/2004/08/events/event"><System><Provider Name="Microsoft-Windows-Security-SPP" Guid="{E23B33B0-C8C9-472C-A5F9-F2BDFEA0F156}" EventSourceName="Software Protection Platform Service"></Provider>
<EventID Qualifiers="16384">16384</EventID>
<Version>0</Version>
<Level>4</Level>
<Task>0</Task>
<Opcode>0</Opcode>
<Keywords>0x0080000000000000</Keywords>
<TimeCreated SystemTime="2026-01-21 11:41:15.342173"></TimeCreated>
<EventRecordID>3244</EventRecordID>
<Correlation ActivityID="" RelatedActivityID=""></Correlation>
<Execution ProcessID="0" ThreadID="0"></Execution>
<Channel>Application</Channel>
<Computer>S200401.overwatch.htb</Computer>
<Security UserID=""></Security>
</System>
<EventData><Data>&lt;string&gt;2026-01-22T11:39:15Z&lt;/string&gt;
&lt;string&gt;RulesEngine&lt;/string&gt;
</Data>
<Binary></Binary>
</EventData>
</Event>

<Event xmlns="http://schemas.microsoft.com/win/2004/08/events/event"><System><Provider Name="MSSQL$SQLEXPRESS"></Provider>
<EventID Qualifiers="0">1</EventID>
<Version>0</Version>
<Level>4</Level>
<Task>1</Task>
<Opcode>0</Opcode>
<Keywords>0x0080000000000000</Keywords>
<TimeCreated SystemTime="2026-01-21 11:42:59.217157"></TimeCreated>
<EventRecordID>3245</EventRecordID>
<Correlation ActivityID="" RelatedActivityID=""></Correlation>
<Execution ProcessID="0" ThreadID="0"></Execution>
<Channel>Application</Channel>
<Computer>S200401.overwatch.htb</Computer>
<Security UserID=""></Security>
</System>
<EventData><Data>&lt;string&gt;SqlCeip started  pid: 2732 instance: SQLEXPRESS CPEFlag: True&lt;/string&gt;
</Data>
<Binary></Binary>
</EventData>
</Event>

<Event xmlns="http://schemas.microsoft.com/win/2004/08/events/event"><System><Provider Name="MSSQL$SQLEXPRESS"></Provider>
<EventID Qualifiers="16384">25754</EventID>
<Version>0</Version>
<Level>4</Level>
<Task>2</Task>
<Opcode>0</Opcode>
<Keywords>0x0080000000000000</Keywords>
<TimeCreated SystemTime="2026-01-21 11:42:59.342180"></TimeCreated>
<EventRecordID>3246</EventRecordID>
<Correlation ActivityID="" RelatedActivityID=""></Correlation>
<Execution ProcessID="0" ThreadID="0"></Execution>
<Channel>Application</Channel>
<Computer>S200401.overwatch.htb</Computer>
<Security UserID="S-1-5-80-1985561900-798682989-2213159822-1904180398-3434236965"></Security>
</System>
<EventData><Data>&lt;string&gt;telemetry_xevents&lt;/string&gt;
</Data>
<Binary>mmQAAAoAAAATAAAAUwAyADAAMAA0ADAAMQBcAFMAUQBMAEUAWABQAFIARQBTAFMAAAAHAAAAbQBhAHMAdABlAHIAAAA=</Binary>
</EventData>
</Event>

<Event xmlns="http://schemas.microsoft.com/win/2004/08/events/event"><System><Provider Name="MSSQL$SQLEXPRESS"></Provider>
<EventID Qualifiers="16384">25753</EventID>
<Version>0</Version>
<Level>4</Level>
<Task>2</Task>
<Opcode>0</Opcode>
<Keywords>0x0080000000000000</Keywords>
<TimeCreated SystemTime="2026-01-21 11:42:59.360806"></TimeCreated>
<EventRecordID>3247</EventRecordID>
<Correlation ActivityID="" RelatedActivityID=""></Correlation>
<Execution ProcessID="0" ThreadID="0"></Execution>
<Channel>Application</Channel>
<Computer>S200401.overwatch.htb</Computer>
<Security UserID="S-1-5-80-1985561900-798682989-2213159822-1904180398-3434236965"></Security>
</System>
<EventData><Data>&lt;string&gt;telemetry_xevents&lt;/string&gt;
</Data>
<Binary>mWQAAAoAAAATAAAAUwAyADAAMAA0ADAAMQBcAFMAUQBMAEUAWABQAFIARQBTAFMAAAAHAAAAbQBhAHMAdABlAHIAAAA=</Binary>
</EventData>
</Event>

<Event xmlns="http://schemas.microsoft.com/win/2004/08/events/event"><System><Provider Name="MSSQL$SQLEXPRESS"></Provider>
<EventID Qualifiers="16384">33090</EventID>
<Version>0</Version>
<Level>4</Level>
<Task>2</Task>
<Opcode>0</Opcode>
<Keywords>0x0080000000000000</Keywords>
<TimeCreated SystemTime="2026-01-21 11:43:21.029678"></TimeCreated>
<EventRecordID>3248</EventRecordID>
<Correlation ActivityID="" RelatedActivityID=""></Correlation>
<Execution ProcessID="0" ThreadID="0"></Execution>
<Channel>Application</Channel>
<Computer>S200401.overwatch.htb</Computer>
<Security UserID="S-1-5-80-1985561900-798682989-2213159822-1904180398-3434236965"></Security>
</System>
<EventData><Data>&lt;string&gt;xplog70.dll&lt;/string&gt;
</Data>
<Binary>QoEAAAoAAAATAAAAUwAyADAAMAA0ADAAMQBcAFMAUQBMAEUAWABQAFIARQBTAFMAAAAHAAAAbQBhAHMAdABlAHIAAAA=</Binary>
</EventData>
</Event>

<Event xmlns="http://schemas.microsoft.com/win/2004/08/events/event"><System><Provider Name="MSSQL$SQLEXPRESS"></Provider>
<EventID Qualifiers="16384">8128</EventID>
<Version>0</Version>
<Level>4</Level>
<Task>2</Task>
<Opcode>0</Opcode>
<Keywords>0x0080000000000000</Keywords>
<TimeCreated SystemTime="2026-01-21 11:43:21.045282"></TimeCreated>
<EventRecordID>3249</EventRecordID>
<Correlation ActivityID="" RelatedActivityID=""></Correlation>
<Execution ProcessID="0" ThreadID="0"></Execution>
<Channel>Application</Channel>
<Computer>S200401.overwatch.htb</Computer>
<Security UserID="S-1-5-80-1985561900-798682989-2213159822-1904180398-3434236965"></Security>
</System>
<EventData><Data>&lt;string&gt;xplog70.dll&lt;/string&gt;
&lt;string&gt;2022.160.1000&lt;/string&gt;
&lt;string&gt;xp_msver&lt;/string&gt;
</Data>
<Binary>wB8AAAoAAAATAAAAUwAyADAAMAA0ADAAMQBcAFMAUQBMAEUAWABQAFIARQBTAFMAAAAHAAAAbQBhAHMAdABlAHIAAAA=</Binary>
</EventData>
</Event>

<Event xmlns="http://schemas.microsoft.com/win/2004/08/events/event"><System><Provider Name="MSSQL$SQLEXPRESS"></Provider>
<EventID Qualifiers="16384">17137</EventID>
<Version>0</Version>
<Level>4</Level>
<Task>2</Task>
<Opcode>0</Opcode>
<Keywords>0x0080000000000000</Keywords>
<TimeCreated SystemTime="2026-01-21 11:43:21.217329"></TimeCreated>
<EventRecordID>3250</EventRecordID>
<Correlation ActivityID="" RelatedActivityID=""></Correlation>
<Execution ProcessID="0" ThreadID="0"></Execution>
<Channel>Application</Channel>
<Computer>S200401.overwatch.htb</Computer>
<Security UserID="S-1-5-80-1985561900-798682989-2213159822-1904180398-3434236965"></Security>
</System>
<EventData><Data>&lt;string&gt;overwatch&lt;/string&gt;
</Data>
<Binary>8UIAAAoAAAATAAAAUwAyADAAMAA0ADAAMQBcAFMAUQBMAEUAWABQAFIARQBTAFMAAAAHAAAAbQBhAHMAdABlAHIAAAA=</Binary>
</EventData>
</Event>

<Event xmlns="http://schemas.microsoft.com/win/2004/08/events/event"><System><Provider Name="MSSQL$SQLEXPRESS"></Provider>
<EventID Qualifiers="16384">49930</EventID>
<Version>0</Version>
<Level>4</Level>
<Task>2</Task>
<Opcode>0</Opcode>
<Keywords>0x0080000000000000</Keywords>
<TimeCreated SystemTime="2026-01-21 11:43:21.232821"></TimeCreated>
<EventRecordID>3251</EventRecordID>
<Correlation ActivityID="" RelatedActivityID=""></Correlation>
<Execution ProcessID="0" ThreadID="0"></Execution>
<Channel>Application</Channel>
<Computer>S200401.overwatch.htb</Computer>
<Security UserID="S-1-5-80-1985561900-798682989-2213159822-1904180398-3434236965"></Security>
</System>
<EventData><Data>&lt;string&gt;started&lt;/string&gt;
&lt;string&gt;overwatch&lt;/string&gt;
&lt;string&gt;1&lt;/string&gt;
</Data>
<Binary>CsMAAAoAAAATAAAAUwAyADAAMAA0ADAAMQBcAFMAUQBMAEUAWABQAFIARQBTAFMAAAAHAAAAbQBhAHMAdABlAHIAAAA=</Binary>
</EventData>
</Event>

<Event xmlns="http://schemas.microsoft.com/win/2004/08/events/event"><System><Provider Name="MSSQL$SQLEXPRESS"></Provider>
<EventID Qualifiers="16384">49930</EventID>
<Version>0</Version>
<Level>4</Level>
<Task>2</Task>
<Opcode>0</Opcode>
<Keywords>0x0080000000000000</Keywords>
<TimeCreated SystemTime="2026-01-21 11:43:21.248409"></TimeCreated>
<EventRecordID>3252</EventRecordID>
<Correlation ActivityID="" RelatedActivityID=""></Correlation>
<Execution ProcessID="0" ThreadID="0"></Execution>
<Channel>Application</Channel>
<Computer>S200401.overwatch.htb</Computer>
<Security UserID="S-1-5-80-1985561900-798682989-2213159822-1904180398-3434236965"></Security>
</System>
<EventData><Data>&lt;string&gt;shutdown&lt;/string&gt;
&lt;string&gt;overwatch&lt;/string&gt;
&lt;string&gt;1&lt;/string&gt;
</Data>
<Binary>CsMAAAoAAAATAAAAUwAyADAAMAA0ADAAMQBcAFMAUQBMAEUAWABQAFIARQBTAFMAAAAHAAAAbQBhAHMAdABlAHIAAAA=</Binary>
</EventData>
</Event>

<Event xmlns="http://schemas.microsoft.com/win/2004/08/events/event"><System><Provider Name="Microsoft-Windows-LoadPerf" Guid="{122ee297-bb47-41ae-b265-1ca8d1886d40}"></Provider>
<EventID Qualifiers="">1001</EventID>
<Version>0</Version>
<Level>4</Level>
<Task>0</Task>
<Opcode>0</Opcode>
<Keywords>0x8000000000000000</Keywords>
<TimeCreated SystemTime="2026-01-21 11:44:13.009802"></TimeCreated>
<EventRecordID>3253</EventRecordID>
<Correlation ActivityID="" RelatedActivityID=""></Correlation>
<Execution ProcessID="4656" ThreadID="5048"></Execution>
<Channel>Application</Channel>
<Computer>S200401.overwatch.htb</Computer>
<Security UserID="S-1-5-18"></Security>
</System>
<UserData><EventXML xmlns="LoadPerf"><param1>WmiApRpl</param1>
<param2>WmiApRpl</param2>
<binaryDataSize>12</binaryDataSize>
<binaryData>KjMAACszAADSBQAA</binaryData>
</EventXML>
</UserData>
</Event>

<Event xmlns="http://schemas.microsoft.com/win/2004/08/events/event"><System><Provider Name="Microsoft-Windows-LoadPerf" Guid="{122ee297-bb47-41ae-b265-1ca8d1886d40}"></Provider>
<EventID Qualifiers="">1000</EventID>
<Version>0</Version>
<Level>4</Level>
<Task>0</Task>
<Opcode>0</Opcode>
<Keywords>0x8000000000000000</Keywords>
<TimeCreated SystemTime="2026-01-21 11:44:13.063995"></TimeCreated>
<EventRecordID>3254</EventRecordID>
<Correlation ActivityID="" RelatedActivityID=""></Correlation>
<Execution ProcessID="4656" ThreadID="5048"></Execution>
<Channel>Application</Channel>
<Computer>S200401.overwatch.htb</Computer>
<Security UserID="S-1-5-18"></Security>
</System>
<UserData><EventXML xmlns="LoadPerf"><param1>WmiApRpl</param1>
<param2>WmiApRpl</param2>
<binaryDataSize>16</binaryDataSize>
<binaryData>LDMAAPwzAAAtMwAA/TMAAA==</binaryData>
</EventXML>
</UserData>
</Event>

<Event xmlns="http://schemas.microsoft.com/win/2004/08/events/event"><System><Provider Name="MSSQL$SQLEXPRESS"></Provider>
<EventID Qualifiers="16384">25754</EventID>
<Version>0</Version>
<Level>4</Level>
<Task>2</Task>
<Opcode>0</Opcode>
<Keywords>0x0080000000000000</Keywords>
<TimeCreated SystemTime="2026-01-21 11:48:36.295286"></TimeCreated>
<EventRecordID>3255</EventRecordID>
<Correlation ActivityID="" RelatedActivityID=""></Correlation>
<Execution ProcessID="0" ThreadID="0"></Execution>
<Channel>Application</Channel>
<Computer>S200401.overwatch.htb</Computer>
<Security UserID="S-1-5-80-1985561900-798682989-2213159822-1904180398-3434236965"></Security>
</System>
<EventData><Data>&lt;string&gt;telemetry_xevents&lt;/string&gt;
</Data>
<Binary>mmQAAAoAAAATAAAAUwAyADAAMAA0ADAAMQBcAFMAUQBMAEUAWABQAFIARQBTAFMAAAAHAAAAbQBhAHMAdABlAHIAAAA=</Binary>
</EventData>
</Event>

<Event xmlns="http://schemas.microsoft.com/win/2004/08/events/event"><System><Provider Name="MSSQL$SQLEXPRESS"></Provider>
<EventID Qualifiers="16384">25753</EventID>
<Version>0</Version>
<Level>4</Level>
<Task>2</Task>
<Opcode>0</Opcode>
<Keywords>0x0080000000000000</Keywords>
<TimeCreated SystemTime="2026-01-21 11:48:36.295286"></TimeCreated>
<EventRecordID>3256</EventRecordID>
<Correlation ActivityID="" RelatedActivityID=""></Correlation>
<Execution ProcessID="0" ThreadID="0"></Execution>
<Channel>Application</Channel>
<Computer>S200401.overwatch.htb</Computer>
<Security UserID="S-1-5-80-1985561900-798682989-2213159822-1904180398-3434236965"></Security>
</System>
<EventData><Data>&lt;string&gt;telemetry_xevents&lt;/string&gt;
</Data>
<Binary>mWQAAAoAAAATAAAAUwAyADAAMAA0ADAAMQBcAFMAUQBMAEUAWABQAFIARQBTAFMAAAAHAAAAbQBhAHMAdABlAHIAAAA=</Binary>
</EventData>
</Event>

<Event xmlns="http://schemas.microsoft.com/win/2004/08/events/event"><System><Provider Name="VSS"></Provider>
<EventID Qualifiers="0">8224</EventID>
<Version>0</Version>
<Level>4</Level>
<Task>0</Task>
<Opcode>0</Opcode>
<Keywords>0x0080000000000000</Keywords>
<TimeCreated SystemTime="2026-01-21 11:50:56.264032"></TimeCreated>
<EventRecordID>3257</EventRecordID>
<Correlation ActivityID="" RelatedActivityID=""></Correlation>
<Execution ProcessID="0" ThreadID="0"></Execution>
<Channel>Application</Channel>
<Computer>S200401.overwatch.htb</Computer>
<Security UserID=""></Security>
</System>
<EventData><Data>&lt;string&gt;&lt;/string&gt;
</Data>
<Binary>LSBDb2RlOiAgQ09SU1ZDQzAwMDAwNzc0LSBDYWxsOiAgQ09SU1ZDQzAwMDAwNzU2LSBQSUQ6ICAwMDAwMDc5Ni0gVElEOiAgMDAwMDQyNjQtIENNRDogIEM6XFdpbmRvd3Ncc3lzdGVtMzJcdnNzdmMuZXhlICAgLSBVc2VyOiBOYW1lOiBOVCBBVVRIT1JJVFlcU1lTVEVNLCBTSUQ6Uy0xLTUtMTgg</Binary>
</EventData>
</Event>

<Event xmlns="http://schemas.microsoft.com/win/2004/08/events/event"><System><Provider Name="Microsoft-Windows-Security-SPP" Guid="{E23B33B0-C8C9-472C-A5F9-F2BDFEA0F156}" EventSourceName="Software Protection Platform Service"></Provider>
<EventID Qualifiers="49152">16394</EventID>
<Version>0</Version>
<Level>4</Level>
<Task>0</Task>
<Opcode>0</Opcode>
<Keywords>0x0080000000000000</Keywords>
<TimeCreated SystemTime="2026-01-21 11:54:21.014027"></TimeCreated>
<EventRecordID>3258</EventRecordID>
<Correlation ActivityID="" RelatedActivityID=""></Correlation>
<Execution ProcessID="0" ThreadID="0"></Execution>
<Channel>Application</Channel>
<Computer>S200401.overwatch.htb</Computer>
<Security UserID=""></Security>
</System>
<EventData><Data></Data>
<Binary></Binary>
</EventData>
</Event>

<Event xmlns="http://schemas.microsoft.com/win/2004/08/events/event"><System><Provider Name="Microsoft-Windows-Security-SPP" Guid="{E23B33B0-C8C9-472C-A5F9-F2BDFEA0F156}" EventSourceName="Software Protection Platform Service"></Provider>
<EventID Qualifiers="16384">16384</EventID>
<Version>0</Version>
<Level>4</Level>
<Task>0</Task>
<Opcode>0</Opcode>
<Keywords>0x0080000000000000</Keywords>
<TimeCreated SystemTime="2026-01-21 11:54:51.467157"></TimeCreated>
<EventRecordID>3259</EventRecordID>
<Correlation ActivityID="" RelatedActivityID=""></Correlation>
<Execution ProcessID="0" ThreadID="0"></Execution>
<Channel>Application</Channel>
<Computer>S200401.overwatch.htb</Computer>
<Security UserID=""></Security>
</System>
<EventData><Data>&lt;string&gt;2026-01-22T11:38:51Z&lt;/string&gt;
&lt;string&gt;RulesEngine&lt;/string&gt;
</Data>
<Binary></Binary>
</EventData>
</Event>

<Event xmlns="http://schemas.microsoft.com/win/2004/08/events/event"><System><Provider Name="Microsoft-Windows-Security-SPP" Guid="{E23B33B0-C8C9-472C-A5F9-F2BDFEA0F156}" EventSourceName="Software Protection Platform Service"></Provider>
<EventID Qualifiers="49152">16394</EventID>
<Version>0</Version>
<Level>4</Level>
<Task>0</Task>
<Opcode>0</Opcode>
<Keywords>0x0080000000000000</Keywords>
<TimeCreated SystemTime="2026-01-21 11:56:27.357779"></TimeCreated>
<EventRecordID>3260</EventRecordID>
<Correlation ActivityID="" RelatedActivityID=""></Correlation>
<Execution ProcessID="0" ThreadID="0"></Execution>
<Channel>Application</Channel>
<Computer>S200401.overwatch.htb</Computer>
<Security UserID=""></Security>
</System>
<EventData><Data></Data>
<Binary></Binary>
</EventData>
</Event>

<Event xmlns="http://schemas.microsoft.com/win/2004/08/events/event"><System><Provider Name="Microsoft-Windows-Security-SPP" Guid="{E23B33B0-C8C9-472C-A5F9-F2BDFEA0F156}" EventSourceName="Software Protection Platform Service"></Provider>
<EventID Qualifiers="32768">1017</EventID>
<Version>0</Version>
<Level>2</Level>
<Task>0</Task>
<Opcode>0</Opcode>
<Keywords>0x0080000000000000</Keywords>
<TimeCreated SystemTime="2026-01-21 11:56:27.654654"></TimeCreated>
<EventRecordID>3261</EventRecordID>
<Correlation ActivityID="" RelatedActivityID=""></Correlation>
<Execution ProcessID="0" ThreadID="0"></Execution>
<Channel>Application</Channel>
<Computer>S200401.overwatch.htb</Computer>
<Security UserID=""></Security>
</System>
<EventData><Data>&lt;string&gt;0xC004F050&lt;/string&gt;
&lt;string&gt;30640&lt;/string&gt;
&lt;string&gt;?&lt;/string&gt;
&lt;string&gt;?&lt;/string&gt;
</Data>
<Binary></Binary>
</EventData>
</Event>

<Event xmlns="http://schemas.microsoft.com/win/2004/08/events/event"><System><Provider Name="Microsoft-Windows-Security-SPP" Guid="{E23B33B0-C8C9-472C-A5F9-F2BDFEA0F156}" EventSourceName="Software Protection Platform Service"></Provider>
<EventID Qualifiers="16384">16384</EventID>
<Version>0</Version>
<Level>4</Level>
<Task>0</Task>
<Opcode>0</Opcode>
<Keywords>0x0080000000000000</Keywords>
<TimeCreated SystemTime="2026-01-21 11:56:57.732777"></TimeCreated>
<EventRecordID>3262</EventRecordID>
<Correlation ActivityID="" RelatedActivityID=""></Correlation>
<Execution ProcessID="0" ThreadID="0"></Execution>
<Channel>Application</Channel>
<Computer>S200401.overwatch.htb</Computer>
<Security UserID=""></Security>
</System>
<EventData><Data>&lt;string&gt;2026-01-22T11:38:57Z&lt;/string&gt;
&lt;string&gt;RulesEngine&lt;/string&gt;
</Data>
<Binary></Binary>
</EventData>
</Event>

<Event xmlns="http://schemas.microsoft.com/win/2004/08/events/event"><System><Provider Name="Microsoft-Windows-Security-SPP" Guid="{E23B33B0-C8C9-472C-A5F9-F2BDFEA0F156}" EventSourceName="Software Protection Platform Service"></Provider>
<EventID Qualifiers="49152">16394</EventID>
<Version>0</Version>
<Level>4</Level>
<Task>0</Task>
<Opcode>0</Opcode>
<Keywords>0x0080000000000000</Keywords>
<TimeCreated SystemTime="2026-01-21 12:00:53.529669"></TimeCreated>
<EventRecordID>3263</EventRecordID>
<Correlation ActivityID="" RelatedActivityID=""></Correlation>
<Execution ProcessID="0" ThreadID="0"></Execution>
<Channel>Application</Channel>
<Computer>S200401.overwatch.htb</Computer>
<Security UserID=""></Security>
</System>
<EventData><Data></Data>
<Binary></Binary>
</EventData>
</Event>

