<Event xmlns="http://schemas.microsoft.com/win/2004/08/events/event"><System><Provider Name="Service Control Manager" Guid="{555908d1-a6d7-4695-8e1e-26931d2012f4}" EventSourceName="Service Control Manager"></Provider>
<EventID Qualifiers="16384">7036</EventID>
<Version>0</Version>
<Level>4</Level>
<Task>0</Task>
<Opcode>0</Opcode>
<Keywords>0x8080000000000000</Keywords>
<TimeCreated SystemTime="2025-05-17 03:30:29.543285"></TimeCreated>
<EventRecordID>1953</EventRecordID>
<Correlation ActivityID="" RelatedActivityID=""></Correlation>
<Execution ProcessID="668" ThreadID="1980"></Execution>
<Channel>System</Channel>
<Computer>S200401.overwatch.htb</Computer>
<Security UserID=""></Security>
</System>
<EventData><Data Name="param1">Active Directory Domain Services</Data>
<Data Name="param2">stopped</Data>
<Binary>TgBUAEQAUwAvADEAAAA=</Binary>
</EventData>
</Event>

<Event xmlns="http://schemas.microsoft.com/win/2004/08/events/event"><System><Provider Name="Service Control Manager" Guid="{555908d1-a6d7-4695-8e1e-26931d2012f4}" EventSourceName="Service Control Manager"></Provider>
<EventID Qualifiers="16384">7036</EventID>
<Version>0</Version>
<Level>4</Level>
<Task>0</Task>
<Opcode>0</Opcode>
<Keywords>0x8080000000000000</Keywords>
<TimeCreated SystemTime="2025-05-17 03:30:29.543285"></TimeCreated>
<EventRecordID>1954</EventRecordID>
<Correlation ActivityID="" RelatedActivityID=""></Correlation>
<Execution ProcessID="668" ThreadID="1980"></Execution>
<Channel>System</Channel>
<Computer>S200401.overwatch.htb</Computer>
<Security UserID=""></Security>
</System>
<EventData><Data Name="param1">Task Scheduler</Data>
<Data Name="param2">stopped</Data>
<Binary>UwBjAGgAZQBkAHUAbABlAC8AMQAAAA==</Binary>
</EventData>
</Event>

<Event xmlns="http://schemas.microsoft.com/win/2004/08/events/event"><System><Provider Name="Service Control Manager" Guid="{555908d1-a6d7-4695-8e1e-26931d2012f4}" EventSourceName="Service Control Manager"></Provider>
<EventID Qualifiers="16384">7036</EventID>
<Version>0</Version>
<Level>4</Level>
<Task>0</Task>
<Opcode>0</Opcode>
<Keywords>0x8080000000000000</Keywords>
<TimeCreated SystemTime="2025-05-17 03:30:29.574537"></TimeCreated>
<EventRecordID>1955</EventRecordID>
<Correlation ActivityID="" RelatedActivityID=""></Correlation>
<Execution ProcessID="668" ThreadID="1980"></Execution>
<Channel>System</Channel>
<Computer>S200401.overwatch.htb</Computer>
<Security UserID=""></Security>
</System>
<EventData><Data Name="param1">SQL Server CEIP service (SQLEXPRESS)</Data>
<Data Name="param2">stopped</Data>
<Binary>UwBRAEwAVABFAEwARQBNAEUAVABSAFkAJABTAFEATABFAFgAUABSAEUAUwBTAC8AMQAAAA==</Binary>
</EventData>
</Event>

<Event xmlns="http://schemas.microsoft.com/win/2004/08/events/event"><System><Provider Name="Service Control Manager" Guid="{555908d1-a6d7-4695-8e1e-26931d2012f4}" EventSourceName="Service Control Manager"></Provider>
<EventID Qualifiers="16384">7036</EventID>
<Version>0</Version>
<Level>4</Level>
<Task>0</Task>
<Opcode>0</Opcode>
<Keywords>0x8080000000000000</Keywords>
<TimeCreated SystemTime="2025-05-17 03:30:29.637049"></TimeCreated>
<EventRecordID>1956</EventRecordID>
<Correlation ActivityID="" RelatedActivityID=""></Correlation>
<Execution ProcessID="668" ThreadID="1980"></Execution>
<Channel>System</Channel>
<Computer>S200401.overwatch.htb</Computer>
<Security UserID=""></Security>
</System>
<EventData><Data Name="param1">Windows Remote Management (WS-Management)</Data>
<Data Name="param2">stopped</Data>
<Binary>VwBpAG4AUgBNAC8AMQAAAA==</Binary>
</EventData>
</Event>

<Event xmlns="http://schemas.microsoft.com/win/2004/08/events/event"><System><Provider Name="Service Control Manager" Guid="{555908d1-a6d7-4695-8e1e-26931d2012f4}" EventSourceName="Service Control Manager"></Provider>
<EventID Qualifiers="16384">7036</EventID>
<Version>0</Version>
<Level>4</Level>
<Task>0</Task>
<Opcode>0</Opcode>
<Keywords>0x8080000000000000</Keywords>
<TimeCreated SystemTime="2025-05-17 03:30:30.090158"></TimeCreated>
<EventRecordID>1957</EventRecordID>
<Correlation ActivityID="" RelatedActivityID=""></Correlation>
<Execution ProcessID="668" ThreadID="7312"></Execution>
<Channel>System</Channel>
<Computer>S200401.overwatch.htb</Computer>
<Security UserID=""></Security>
</System>
<EventData><Data Name="param1">Microsoft Defender Antivirus Service</Data>
<Data Name="param2">stopped</Data>
<Binary>VwBpAG4ARABlAGYAZQBuAGQALwAxAAAA</Binary>
</EventData>
</Event>

<Event xmlns="http://schemas.microsoft.com/win/2004/08/events/event"><System><Provider Name="Service Control Manager" Guid="{555908d1-a6d7-4695-8e1e-26931d2012f4}" EventSourceName="Service Control Manager"></Provider>
<EventID Qualifiers="16384">7036</EventID>
<Version>0</Version>
<Level>4</Level>
<Task>0</Task>
<Opcode>0</Opcode>
<Keywords>0x8080000000000000</Keywords>
<TimeCreated SystemTime="2025-05-17 03:30:30.246464"></TimeCreated>
<EventRecordID>1958</EventRecordID>
<Correlation ActivityID="" RelatedActivityID=""></Correlation>
<Execution ProcessID="668" ThreadID="7312"></Execution>
<Channel>System</Channel>
<Computer>S200401.overwatch.htb</Computer>
<Security UserID=""></Security>
</System>
<EventData><Data Name="param1">Function Discovery Resource Publication</Data>
<Data Name="param2">stopped</Data>
<Binary>RgBEAFIAZQBzAFAAdQBiAC8AMQAAAA==</Binary>
</EventData>
</Event>

<Event xmlns="http://schemas.microsoft.com/win/2004/08/events/event"><System><Provider Name="Microsoft-Windows-Kernel-Power" Guid="{331c3b3a-2005-44c2-ac5e-77220c37d6b4}"></Provider>
<EventID Qualifiers="">109</EventID>
<Version>0</Version>
<Level>4</Level>
<Task>103</Task>
<Opcode>0</Opcode>
<Keywords>0x8000400000000404</Keywords>
<TimeCreated SystemTime="2025-05-17 03:30:34.004023"></TimeCreated>
<EventRecordID>1959</EventRecordID>
<Correlation ActivityID="" RelatedActivityID=""></Correlation>
<Execution ProcessID="528" ThreadID="532"></Execution>
<Channel>System</Channel>
<Computer>S200401.overwatch.htb</Computer>
<Security UserID=""></Security>
</System>
<EventData><Data Name="ShutdownActionType">6</Data>
<Data Name="ShutdownEventCode">0</Data>
<Data Name="ShutdownReason">5</Data>
</EventData>
</Event>

<Event xmlns="http://schemas.microsoft.com/win/2004/08/events/event"><System><Provider Name="Microsoft-Windows-Kernel-General" Guid="{a68ca8b7-004f-d7b6-a698-07e2de0f1f5d}"></Provider>
<EventID Qualifiers="">13</EventID>
<Version>0</Version>
<Level>4</Level>
<Task>2</Task>
<Opcode>0</Opcode>
<Keywords>0x8000000000000080</Keywords>
<TimeCreated SystemTime="2025-05-17 03:30:34.574669"></TimeCreated>
<EventRecordID>1960</EventRecordID>
<Correlation ActivityID="" RelatedActivityID=""></Correlation>
<Execution ProcessID="4" ThreadID="3520"></Execution>
<Channel>System</Channel>
<Computer>S200401.overwatch.htb</Computer>
<Security UserID=""></Security>
</System>
<EventData><Data Name="StopTime">2025-05-17 03:30:34.574663</Data>
</EventData>
</Event>

<Event xmlns="http://schemas.microsoft.com/win/2004/08/events/event"><System><Provider Name="Microsoft-Windows-Kernel-General" Guid="{a68ca8b7-004f-d7b6-a698-07e2de0f1f5d}"></Provider>
<EventID Qualifiers="">12</EventID>
<Version>0</Version>
<Level>4</Level>
<Task>1</Task>
<Opcode>0</Opcode>
<Keywords>0x8000000000000080</Keywords>
<TimeCreated SystemTime="2025-05-17 04:32:28.695292"></TimeCreated>
<EventRecordID>1961</EventRecordID>
<Correlation ActivityID="" RelatedActivityID=""></Correlation>
<Execution ProcessID="4" ThreadID="8"></Execution>
<Channel>System</Channel>
<Computer>S200401.overwatch.htb</Computer>
<Security UserID="S-1-5-18"></Security>
</System>
<EventData><Data Name="MajorVersion">10</Data>
<Data Name="MinorVersion">0</Data>
<Data Name="BuildVersion">20348</Data>
<Data Name="QfeVersion">3692</Data>
<Data Name="ServiceVersion">0</Data>
<Data Name="BootMode">0</Data>
<Data Name="StartTime">2025-05-17 04:32:28.500000</Data>
</EventData>
</Event>

<Event xmlns="http://schemas.microsoft.com/win/2004/08/events/event"><System><Provider Name="Microsoft-Windows-Kernel-Boot" Guid="{15ca44ff-4d7a-4baa-bba5-0998955e531e}"></Provider>
<EventID Qualifiers="">153</EventID>
<Version>0</Version>
<Level>4</Level>
<Task>62</Task>
<Opcode>0</Opcode>
<Keywords>0x8000000000000000</Keywords>
<TimeCreated SystemTime="2025-05-17 04:32:28.695499"></TimeCreated>
<EventRecordID>1962</EventRecordID>
<Correlation ActivityID="" RelatedActivityID=""></Correlation>
<Execution ProcessID="4" ThreadID="8"></Execution>
<Channel>System</Channel>
<Computer>S200401.overwatch.htb</Computer>
<Security UserID="S-1-5-18"></Security>
</System>
<EventData><Data Name="Status">0</Data>
<Data Name="EnableDisableReason">0</Data>
<Data Name="VsmPolicy">0</Data>
</EventData>
</Event>

<Event xmlns="http://schemas.microsoft.com/win/2004/08/events/event"><System><Provider Name="Microsoft-Windows-Kernel-Boot" Guid="{15ca44ff-4d7a-4baa-bba5-0998955e531e}"></Provider>
<EventID Qualifiers="">20</EventID>
<Version>1</Version>
<Level>4</Level>
<Task>31</Task>
<Opcode>0</Opcode>
<Keywords>0x8000000000000000</Keywords>
<TimeCreated SystemTime="2025-05-17 04:32:28.695595"></TimeCreated>
<EventRecordID>1963</EventRecordID>
<Correlation ActivityID="" RelatedActivityID=""></Correlation>
<Execution ProcessID="4" ThreadID="8"></Execution>
<Channel>System</Channel>
<Computer>S200401.overwatch.htb</Computer>
<Security UserID="S-1-5-18"></Security>
</System>
<EventData><Data Name="LastShutdownGood">True</Data>
<Data Name="LastBootGood">True</Data>
<Data Name="LastBootId">3</Data>
<Data Name="BootStatusPolicy">2</Data>
</EventData>
</Event>

<Event xmlns="http://schemas.microsoft.com/win/2004/08/events/event"><System><Provider Name="Microsoft-Windows-Kernel-Boot" Guid="{15ca44ff-4d7a-4baa-bba5-0998955e531e}"></Provider>
<EventID Qualifiers="">238</EventID>
<Version>1</Version>
<Level>4</Level>
<Task>101</Task>
<Opcode>0</Opcode>
<Keywords>0x8000000000000000</Keywords>
<TimeCreated SystemTime="2025-05-17 04:32:28.695669"></TimeCreated>
<EventRecordID>1964</EventRecordID>
<Correlation ActivityID="" RelatedActivityID=""></Correlation>
<Execution ProcessID="4" ThreadID="8"></Execution>
<Channel>System</Channel>
<Computer>S200401.overwatch.htb</Computer>
<Security UserID="S-1-5-18"></Security>
</System>
<EventData><Data Name="EfiTimeZoneBias">2047</Data>
<Data Name="EfiDaylightFlags">0</Data>
<Data Name="EfiTime">2025-05-16 21:32:28</Data>
</EventData>
</Event>

<Event xmlns="http://schemas.microsoft.com/win/2004/08/events/event"><System><Provider Name="Microsoft-Windows-Kernel-Boot" Guid="{15ca44ff-4d7a-4baa-bba5-0998955e531e}"></Provider>
<EventID Qualifiers="">25</EventID>
<Version>0</Version>
<Level>4</Level>
<Task>32</Task>
<Opcode>0</Opcode>
<Keywords>0x8000000000000000</Keywords>
<TimeCreated SystemTime="2025-05-17 04:32:28.695669"></TimeCreated>
<EventRecordID>1965</EventRecordID>
<Correlation ActivityID="" RelatedActivityID=""></Correlation>
<Execution ProcessID="4" ThreadID="8"></Execution>
<Channel>System</Channel>
<Computer>S200401.overwatch.htb</Computer>
<Security UserID="S-1-5-18"></Security>
</System>
<EventData><Data Name="BootMenuPolicy">0</Data>
</EventData>
</Event>

<Event xmlns="http://schemas.microsoft.com/win/2004/08/events/event"><System><Provider Name="Microsoft-Windows-Kernel-Boot" Guid="{15ca44ff-4d7a-4baa-bba5-0998955e531e}"></Provider>
<EventID Qualifiers="">27</EventID>
<Version>1</Version>
<Level>4</Level>
<Task>33</Task>
<Opcode>0</Opcode>
<Keywords>0x8000000000000000</Keywords>
<TimeCreated SystemTime="2025-05-17 04:32:28.695671"></TimeCreated>
<EventRecordID>1966</EventRecordID>
<Correlation ActivityID="" RelatedActivityID=""></Correlation>
<Execution ProcessID="4" ThreadID="8"></Execution>
<Channel>System</Channel>
<Computer>S200401.overwatch.htb</Computer>
<Security UserID="S-1-5-18"></Security>
</System>
<EventData><Data Name="BootType">0</Data>
<Data Name="LoadOptions"> NOEXECUTE=OPTOUT  FVEBOOT=2670592</Data>
</EventData>
</Event>

<Event xmlns="http://schemas.microsoft.com/win/2004/08/events/event"><System><Provider Name="Microsoft-Windows-Kernel-Boot" Guid="{15ca44ff-4d7a-4baa-bba5-0998955e531e}"></Provider>
<EventID Qualifiers="">18</EventID>
<Version>0</Version>
<Level>4</Level>
<Task>57</Task>
<Opcode>0</Opcode>
<Keywords>0x8000000000000000</Keywords>
<TimeCreated SystemTime="2025-05-17 04:32:28.695766"></TimeCreated>
<EventRecordID>1967</EventRecordID>
<Correlation ActivityID="" RelatedActivityID=""></Correlation>
<Execution ProcessID="4" ThreadID="8"></Execution>
<Channel>System</Channel>
<Computer>S200401.overwatch.htb</Computer>
<Security UserID="S-1-5-18"></Security>
</System>
<EventData><Data Name="EntryCount">1</Data>
</EventData>
</Event>

<Event xmlns="http://schemas.microsoft.com/win/2004/08/events/event"><System><Provider Name="Microsoft-Windows-Kernel-Boot" Guid="{15ca44ff-4d7a-4baa-bba5-0998955e531e}"></Provider>
<EventID Qualifiers="">32</EventID>
<Version>0</Version>
<Level>4</Level>
<Task>58</Task>
<Opcode>0</Opcode>
<Keywords>0x8000000000000000</Keywords>
<TimeCreated SystemTime="2025-05-17 04:32:28.695791"></TimeCreated>
<EventRecordID>1968</EventRecordID>
<Correlation ActivityID="" RelatedActivityID=""></Correlation>
<Execution ProcessID="4" ThreadID="8"></Execution>
<Channel>System</Channel>
<Computer>S200401.overwatch.htb</Computer>
<Security UserID="S-1-5-18"></Security>
</System>
<EventData><Data Name="BitlockerUserInputTime">0</Data>
</EventData>
</Event>

<Event xmlns="http://schemas.microsoft.com/win/2004/08/events/event"><System><Provider Name="Microsoft-Windows-Kernel-General" Guid="{a68ca8b7-004f-d7b6-a698-07e2de0f1f5d}"></Provider>
<EventID Qualifiers="">20</EventID>
<Version>0</Version>
<Level>4</Level>
<Task>6</Task>
<Opcode>0</Opcode>
<Keywords>0x8000000000000010</Keywords>
<TimeCreated SystemTime="2025-05-17 04:32:28.698931"></TimeCreated>
<EventRecordID>1969</EventRecordID>
<Correlation ActivityID="" RelatedActivityID=""></Correlation>
<Execution ProcessID="4" ThreadID="8"></Execution>
<Channel>System</Channel>
<Computer>S200401.overwatch.htb</Computer>
<Security UserID="S-1-5-18"></Security>
</System>
<EventData><Data Name="UpdateReason">0</Data>
<Data Name="EnabledNew">True</Data>
<Data Name="CountNew">0</Data>
<Data Name="CountOld">0</Data>
</EventData>
</Event>

<Event xmlns="http://schemas.microsoft.com/win/2004/08/events/event"><System><Provider Name="Microsoft-Windows-HAL" Guid="{63d1e632-95cc-4443-9312-af927761d52a}"></Provider>
<EventID Qualifiers="">16</EventID>
<Version>0</Version>
<Level>4</Level>
<Task>0</Task>
<Opcode>0</Opcode>
<Keywords>0x8000000000000000</Keywords>
<TimeCreated SystemTime="2025-05-17 04:32:28.799156"></TimeCreated>
<EventRecordID>1970</EventRecordID>
<Correlation ActivityID="" RelatedActivityID=""></Correlation>
<Execution ProcessID="4" ThreadID="8"></Execution>
<Channel>System</Channel>
<Computer>S200401.overwatch.htb</Computer>
<Security UserID="S-1-5-18"></Security>
</System>
<EventData></EventData>
</Event>

<Event xmlns="http://schemas.microsoft.com/win/2004/08/events/event"><System><Provider Name="vmci"></Provider>
<EventID Qualifiers="16392">3</EventID>
<Version>0</Version>
<Level>4</Level>
<Task>0</Task>
<Opcode>0</Opcode>
<Keywords>0x0080000000000000</Keywords>
<TimeCreated SystemTime="2025-05-17 04:32:29.022089"></TimeCreated>
<EventRecordID>1971</EventRecordID>
<Correlation ActivityID="" RelatedActivityID=""></Correlation>
<Execution ProcessID="4" ThreadID="124"></Execution>
<Channel>System</Channel>
<Computer>S200401.overwatch.htb</Computer>
<Security UserID=""></Security>
</System>
<EventData><Data>&lt;string&gt;VMCI: Using capabilities (0x1c).
&lt;/string&gt;
&lt;string&gt;&lt;/string&gt;
</Data>
<Binary>AAAAAAIAKAAAAAAAAwAIQAMACEAAAAAAAAAAAAAAAAAAAAAAAAAAAA==</Binary>
</EventData>
</Event>

<Event xmlns="http://schemas.microsoft.com/win/2004/08/events/event"><System><Provider Name="Microsoft-Windows-FilterManager" Guid="{f3c5e28e-63f6-49c7-a204-e48a1bc4b09d}"></Provider>
<EventID Qualifiers="">6</EventID>
<Version>0</Version>
<Level>4</Level>
<Task>0</Task>
<Opcode>0</Opcode>
<Keywords>0x8000000000000000</Keywords>
<TimeCreated SystemTime="2025-05-17 04:32:31.069517"></TimeCreated>
<EventRecordID>1972</EventRecordID>
<Correlation ActivityID="" RelatedActivityID=""></Correlation>
<Execution ProcessID="4" ThreadID="8"></Execution>
<Channel>System</Channel>
<Computer>S200401.overwatch.htb</Computer>
<Security UserID="S-1-5-18"></Security>
</System>
<EventData><Data Name="FinalStatus">0x00000000</Data>
<Data Name="DeviceVersionMajor">10</Data>
<Data Name="DeviceVersionMinor">0</Data>
<Data Name="DeviceNameLength">3</Data>
<Data Name="DeviceName">Wof</Data>
<Data Name="DeviceTime">2046-09-18 05:50:23</Data>
</EventData>
</Event>

<Event xmlns="http://schemas.microsoft.com/win/2004/08/events/event"><System><Provider Name="Microsoft-Windows-FilterManager" Guid="{f3c5e28e-63f6-49c7-a204-e48a1bc4b09d}"></Provider>
<EventID Qualifiers="">6</EventID>
<Version>0</Version>
<Level>4</Level>
<Task>0</Task>
<Opcode>0</Opcode>
<Keywords>0x8000000000000000</Keywords>
<TimeCreated SystemTime="2025-05-17 04:32:31.070435"></TimeCreated>
<EventRecordID>1973</EventRecordID>
<Correlation ActivityID="" RelatedActivityID=""></Correlation>
<Execution ProcessID="4" ThreadID="8"></Execution>
<Channel>System</Channel>
<Computer>S200401.overwatch.htb</Computer>
<Security UserID="S-1-5-18"></Security>
</System>
<EventData><Data Name="FinalStatus">0x00000000</Data>
<Data Name="DeviceVersionMajor">10</Data>
<Data Name="DeviceVersionMinor">0</Data>
<Data Name="DeviceNameLength">6</Data>
<Data Name="DeviceName">DfsrRo</Data>
<Data Name="DeviceTime">1999-03-20 18:16:31</Data>
</EventData>
</Event>

<Event xmlns="http://schemas.microsoft.com/win/2004/08/events/event"><System><Provider Name="Microsoft-Windows-FilterManager" Guid="{f3c5e28e-63f6-49c7-a204-e48a1bc4b09d}"></Provider>
<EventID Qualifiers="">6</EventID>
<Version>0</Version>
<Level>4</Level>
<Task>0</Task>
<Opcode>0</Opcode>
<Keywords>0x8000000000000000</Keywords>
<TimeCreated SystemTime="2025-05-17 04:32:31.072203"></TimeCreated>
<EventRecordID>1974</EventRecordID>
<Correlation ActivityID="" RelatedActivityID=""></Correlation>
<Execution ProcessID="4" ThreadID="8"></Execution>
<Channel>System</Channel>
<Computer>S200401.overwatch.htb</Computer>
<Security UserID="S-1-5-18"></Security>
</System>
<EventData><Data Name="FinalStatus">0x00000000</Data>
<Data Name="DeviceVersionMajor">10</Data>
<Data Name="DeviceVersionMinor">0</Data>
<Data Name="DeviceNameLength">8</Data>
<Data Name="DeviceName">WdFilter</Data>
<Data Name="DeviceTime">2044-02-10 12:09:52</Data>
</EventData>
</Event>

<Event xmlns="http://schemas.microsoft.com/win/2004/08/events/event"><System><Provider Name="Microsoft-Windows-Ntfs" Guid="{3ff37a1c-a68d-4d6e-8c9b-f79e8b16c482}"></Provider>
<EventID Qualifiers="">98</EventID>
<Version>0</Version>
<Level>4</Level>
<Task>0</Task>
<Opcode>0</Opcode>
<Keywords>0x8000000000000002</Keywords>
<TimeCreated SystemTime="2025-05-17 04:32:31.238356"></TimeCreated>
<EventRecordID>1975</EventRecordID>
<Correlation ActivityID="" RelatedActivityID=""></Correlation>
<Execution ProcessID="4" ThreadID="32"></Execution>
<Channel>System</Channel>
<Computer>S200401.overwatch.htb</Computer>
<Security UserID="S-1-5-18"></Security>
</System>
<EventData><Data Name="DriveName">C:</Data>
<Data Name="DeviceName">\Device\HarddiskVolume3</Data>
<Data Name="CorruptionActionState">0</Data>
</EventData>
</Event>

<Event xmlns="http://schemas.microsoft.com/win/2004/08/events/event"><System><Provider Name="Microsoft-Windows-FilterManager" Guid="{f3c5e28e-63f6-49c7-a204-e48a1bc4b09d}"></Provider>
<EventID Qualifiers="">6</EventID>
<Version>0</Version>
<Level>4</Level>
<Task>0</Task>
<Opcode>0</Opcode>
<Keywords>0x8000000000000000</Keywords>
<TimeCreated SystemTime="2025-05-17 04:32:31.410748"></TimeCreated>
<EventRecordID>1976</EventRecordID>
<Correlation ActivityID="" RelatedActivityID=""></Correlation>
<Execution ProcessID="4" ThreadID="8"></Execution>
<Channel>System</Channel>
<Computer>S200401.overwatch.htb</Computer>
<Security UserID="S-1-5-18"></Security>
</System>
<EventData><Data Name="FinalStatus">0x00000000</Data>
<Data Name="DeviceVersionMajor">10</Data>
<Data Name="DeviceVersionMinor">0</Data>
<Data Name="DeviceNameLength">9</Data>
<Data Name="DeviceName">FileCrypt</Data>
<Data Name="DeviceTime">2088-05-23 23:57:52</Data>
</EventData>
</Event>

<Event xmlns="http://schemas.microsoft.com/win/2004/08/events/event"><System><Provider Name="Microsoft-Windows-FilterManager" Guid="{f3c5e28e-63f6-49c7-a204-e48a1bc4b09d}"></Provider>
<EventID Qualifiers="">6</EventID>
<Version>0</Version>
<Level>4</Level>
<Task>0</Task>
<Opcode>0</Opcode>
<Keywords>0x8000000000000000</Keywords>
<TimeCreated SystemTime="2025-05-17 04:32:31.436594"></TimeCreated>
<EventRecordID>1977</EventRecordID>
<Correlation ActivityID="" RelatedActivityID=""></Correlation>
<Execution ProcessID="4" ThreadID="8"></Execution>
<Channel>System</Channel>
<Computer>S200401.overwatch.htb</Computer>
<Security UserID="S-1-5-18"></Security>
</System>
<EventData><Data Name="FinalStatus">0x00000000</Data>
<Data Name="DeviceVersionMajor">10</Data>
<Data Name="DeviceVersionMinor">0</Data>
<Data Name="DeviceNameLength">9</Data>
<Data Name="DeviceName">DfsDriver</Data>
<Data Name="DeviceTime">2053-07-29 02:36:42</Data>
</EventData>
</Event>

<Event xmlns="http://schemas.microsoft.com/win/2004/08/events/event"><System><Provider Name="Microsoft-Windows-FilterManager" Guid="{f3c5e28e-63f6-49c7-a204-e48a1bc4b09d}"></Provider>
<EventID Qualifiers="">6</EventID>
<Version>0</Version>
<Level>4</Level>
<Task>0</Task>
<Opcode>0</Opcode>
<Keywords>0x8000000000000000</Keywords>
<TimeCreated SystemTime="2025-05-17 04:32:31.699244"></TimeCreated>
<EventRecordID>1978</EventRecordID>
<Correlation ActivityID="" RelatedActivityID=""></Correlation>
<Execution ProcessID="4" ThreadID="8"></Execution>
<Channel>System</Channel>
<Computer>S200401.overwatch.htb</Computer>
<Security UserID="S-1-5-18"></Security>
</System>
<EventData><Data Name="FinalStatus">0x00000000</Data>
<Data Name="DeviceVersionMajor">10</Data>
<Data Name="DeviceVersionMinor">0</Data>
<Data Name="DeviceNameLength">9</Data>
<Data Name="DeviceName">npsvctrig</Data>
<Data Name="DeviceTime">2015-04-02 03:42:38</Data>
</EventData>
</Event>

<Event xmlns="http://schemas.microsoft.com/win/2004/08/events/event"><System><Provider Name="Microsoft-Windows-Kernel-Power" Guid="{331c3b3a-2005-44c2-ac5e-77220c37d6b4}"></Provider>
<EventID Qualifiers="">172</EventID>
<Version>0</Version>
<Level>4</Level>
<Task>203</Task>
<Opcode>0</Opcode>
<Keywords>0x8000000000000404</Keywords>
<TimeCreated SystemTime="2025-05-17 04:32:31.777668"></TimeCreated>
<EventRecordID>1979</EventRecordID>
<Correlation ActivityID="" RelatedActivityID=""></Correlation>
<Execution ProcessID="4" ThreadID="308"></Execution>
<Channel>System</Channel>
<Computer>S200401.overwatch.htb</Computer>
<Security UserID="S-1-5-18"></Security>
</System>
<EventData><Data Name="State">2</Data>
<Data Name="Reason">6</Data>
</EventData>
</Event>

<Event xmlns="http://schemas.microsoft.com/win/2004/08/events/event"><System><Provider Name="Microsoft-Windows-Kernel-Processor-Power" Guid="{0f67e49f-fe51-4e9f-b490-6f2948cc6027}"></Provider>
<EventID Qualifiers="">55</EventID>
<Version>0</Version>
<Level>4</Level>
<Task>47</Task>
<Opcode>0</Opcode>
<Keywords>0x8000000000000000</Keywords>
<TimeCreated SystemTime="2025-05-17 04:32:31.978931"></TimeCreated>
<EventRecordID>1980</EventRecordID>
<Correlation ActivityID="" RelatedActivityID=""></Correlation>
<Execution ProcessID="4" ThreadID="288"></Execution>
<Channel>System</Channel>
<Computer>S200401.overwatch.htb</Computer>
<Security UserID="S-1-5-18"></Security>
</System>
<EventData><Data Name="Group">0</Data>
<Data Name="Number">0</Data>
<Data Name="IdleStateCount">1</Data>
<Data Name="IdleImplementation">1</Data>
<Data Name="NominalFrequency">2994</Data>
<Data Name="MaximumPerformancePercent">100</Data>
<Data Name="MinimumPerformancePercent">100</Data>
<Data Name="MinimumThrottlePercent">100</Data>
<Data Name="PerformanceImplementation">0</Data>
</EventData>
</Event>

<Event xmlns="http://schemas.microsoft.com/win/2004/08/events/event"><System><Provider Name="Microsoft-Windows-Kernel-Processor-Power" Guid="{0f67e49f-fe51-4e9f-b490-6f2948cc6027}"></Provider>
<EventID Qualifiers="">55</EventID>
<Version>0</Version>
<Level>4</Level>
<Task>47</Task>
<Opcode>0</Opcode>
<Keywords>0x8000000000000000</Keywords>
<TimeCreated SystemTime="2025-05-17 04:32:31.979836"></TimeCreated>
<EventRecordID>1981</EventRecordID>
<Correlation ActivityID="" RelatedActivityID=""></Correlation>
<Execution ProcessID="4" ThreadID="288"></Execution>
<Channel>System</Channel>
<Computer>S200401.overwatch.htb</Computer>
<Security UserID="S-1-5-18"></Security>
</System>
<EventData><Data Name="Group">0</Data>
<Data Name="Number">1</Data>
<Data Name="IdleStateCount">1</Data>
<Data Name="IdleImplementation">1</Data>
<Data Name="NominalFrequency">2994</Data>
<Data Name="MaximumPerformancePercent">100</Data>
<Data Name="MinimumPerformancePercent">100</Data>
<Data Name="MinimumThrottlePercent">100</Data>
<Data Name="PerformanceImplementation">0</Data>
</EventData>
</Event>

<Event xmlns="http://schemas.microsoft.com/win/2004/08/events/event"><System><Provider Name="Microsoft-Windows-Ntfs" Guid="{3ff37a1c-a68d-4d6e-8c9b-f79e8b16c482}"></Provider>
<EventID Qualifiers="">98</EventID>
<Version>0</Version>
<Level>4</Level>
<Task>0</Task>
<Opcode>0</Opcode>
<Keywords>0x8000000000000002</Keywords>
<TimeCreated SystemTime="2025-05-17 04:32:32.293541"></TimeCreated>
<EventRecordID>1982</EventRecordID>
<Correlation ActivityID="" RelatedActivityID=""></Correlation>
<Execution ProcessID="4" ThreadID="288"></Execution>
<Channel>System</Channel>
<Computer>S200401.overwatch.htb</Computer>
<Security UserID="S-1-5-18"></Security>
</System>
<EventData><Data Name="DriveName">\\?\Volume{8be20039-c153-436f-8624-c6b2e97d59e9}</Data>
<Data Name="DeviceName">\Device\HarddiskVolume4</Data>
<Data Name="CorruptionActionState">0</Data>
</EventData>
</Event>

<Event xmlns="http://schemas.microsoft.com/win/2004/08/events/event"><System><Provider Name="Microsoft-Windows-Kernel-General" Guid="{a68ca8b7-004f-d7b6-a698-07e2de0f1f5d}"></Provider>
<EventID Qualifiers="">24</EventID>
<Version>0</Version>
<Level>4</Level>
<Task>11</Task>
<Opcode>0</Opcode>
<Keywords>0x8000000000000010</Keywords>
<TimeCreated SystemTime="2025-05-17 04:32:33.523932"></TimeCreated>
<EventRecordID>1983</EventRecordID>
<Correlation ActivityID="" RelatedActivityID=""></Correlation>
<Execution ProcessID="100" ThreadID="416"></Execution>
<Channel>System</Channel>
<Computer>S200401.overwatch.htb</Computer>
<Security UserID="S-1-5-18"></Security>
</System>
<EventData><Data Name="ExitReason">0</Data>
<Data Name="CurrentBias">420</Data>
<Data Name="CurrentTimeZoneID">2</Data>
<Data Name="TimeZoneInfoCacheUpdated">0</Data>
<Data Name="FirstRefresh">0</Data>
</EventData>
</Event>

<Event xmlns="http://schemas.microsoft.com/win/2004/08/events/event"><System><Provider Name="Microsoft-Windows-Wininit" Guid="{206f6dea-d3c5-4d10-bc72-989f03c8b84b}"></Provider>
<EventID Qualifiers="">14</EventID>
<Version>0</Version>
<Level>4</Level>
<Task>0</Task>
<Opcode>0</Opcode>
<Keywords>0x4000000000000000</Keywords>
<TimeCreated SystemTime="2025-05-17 04:32:34.078669"></TimeCreated>
<EventRecordID>1984</EventRecordID>
<Correlation ActivityID="" RelatedActivityID=""></Correlation>
<Execution ProcessID="528" ThreadID="532"></Execution>
<Channel>System</Channel>
<Computer>S200401.overwatch.htb</Computer>
<Security UserID="S-1-5-18"></Security>
</System>
<EventData><Data Name="Config">0</Data>
<Data Name="IsTestConfig">0</Data>
</EventData>
</Event>

<Event xmlns="http://schemas.microsoft.com/win/2004/08/events/event"><System><Provider Name="Microsoft-Windows-Wininit" Guid="{206f6dea-d3c5-4d10-bc72-989f03c8b84b}"></Provider>
<EventID Qualifiers="">15</EventID>
<Version>0</Version>
<Level>3</Level>
<Task>0</Task>
<Opcode>0</Opcode>
<Keywords>0x4000000000000000</Keywords>
<TimeCreated SystemTime="2025-05-17 04:32:34.078709"></TimeCreated>
<EventRecordID>1985</EventRecordID>
<Correlation ActivityID="" RelatedActivityID=""></Correlation>
<Execution ProcessID="528" ThreadID="532"></Execution>
<Channel>System</Channel>
<Computer>S200401.overwatch.htb</Computer>
<Security UserID="S-1-5-18"></Security>
</System>
<EventData></EventData>
</Event>

<Event xmlns="http://schemas.microsoft.com/win/2004/08/events/event"><System><Provider Name="Microsoft-Windows-Directory-Services-SAM" Guid="{0d4fdc09-8c27-494a-bda0-505e4fd8adae}"></Provider>
<EventID Qualifiers="">16962</EventID>
<Version>0</Version>
<Level>4</Level>
<Task>0</Task>
<Opcode>0</Opcode>
<Keywords>0x8000000000000000</Keywords>
<TimeCreated SystemTime="2025-05-17 04:32:34.557287"></TimeCreated>
<EventRecordID>1986</EventRecordID>
<Correlation ActivityID="{b275d386-c6e4-0001-1ed4-75b2e4c6db01}" RelatedActivityID=""></Correlation>
<Execution ProcessID="676" ThreadID="680"></Execution>
<Channel>System</Channel>
<Computer>S200401.overwatch.htb</Computer>
<Security UserID="S-1-5-18"></Security>
</System>
<EventData Name="SAMMSG_RESTRICT_REMOTE_SAM_DEFAULT_SD"><Data Name="Default SD String:"></Data>
</EventData>
</Event>

<Event xmlns="http://schemas.microsoft.com/win/2004/08/events/event"><System><Provider Name="Microsoft-Windows-Directory-Services-SAM" Guid="{0d4fdc09-8c27-494a-bda0-505e4fd8adae}"></Provider>
<EventID Qualifiers="">16654</EventID>
<Version>0</Version>
<Level>4</Level>
<Task>0</Task>
<Opcode>0</Opcode>
<Keywords>0x8000000000000000</Keywords>
<TimeCreated SystemTime="2025-05-17 04:32:36.025833"></TimeCreated>
<EventRecordID>1987</EventRecordID>
<Correlation ActivityID="{b275d386-c6e4-0001-1ed4-75b2e4c6db01}" RelatedActivityID=""></Correlation>
<Execution ProcessID="676" ThreadID="680"></Execution>
<Channel>System</Channel>
<Computer>S200401.overwatch.htb</Computer>
<Security UserID="S-1-5-18"></Security>
</System>
<EventData Name="SAMMSG_RID_POOL_INVALIDATED"></EventData>
</Event>

<Event xmlns="http://schemas.microsoft.com/win/2004/08/events/event"><System><Provider Name="Microsoft-Windows-Directory-Services-SAM" Guid="{0d4fdc09-8c27-494a-bda0-505e4fd8adae}"></Provider>
<EventID Qualifiers="">16977</EventID>
<Version>0</Version>
<Level>4</Level>
<Task>0</Task>
<Opcode>0</Opcode>
<Keywords>0x8000000000000000</Keywords>
<TimeCreated SystemTime="2025-05-17 04:32:36.066229"></TimeCreated>
<EventRecordID>1988</EventRecordID>
<Correlation ActivityID="" RelatedActivityID=""></Correlation>
<Execution ProcessID="676" ThreadID="844"></Execution>
<Channel>System</Channel>
<Computer>S200401.overwatch.htb</Computer>
<Security UserID="S-1-5-18"></Security>
</System>
<EventData Name="SAMMSG_MINPWDLEN_SETTINGS_IN_EFFECT"><Data Name="MinimumPasswordLength">7</Data>
<Data Name="RelaxMinimumPasswordLengthLimits">0</Data>
<Data Name="MinimumPasswordLengthAudit">0</Data>
</EventData>
</Event>

<Event xmlns="http://schemas.microsoft.com/win/2004/08/events/event"><System><Provider Name="Microsoft-Windows-Directory-Services-SAM" Guid="{0d4fdc09-8c27-494a-bda0-505e4fd8adae}"></Provider>
<EventID Qualifiers="">16977</EventID>
<Version>0</Version>
<Level>4</Level>
<Task>0</Task>
<Opcode>0</Opcode>
<Keywords>0x8000000000000000</Keywords>
<TimeCreated SystemTime="2025-05-17 04:32:36.083406"></TimeCreated>
<EventRecordID>1989</EventRecordID>
<Correlation ActivityID="" RelatedActivityID=""></Correlation>
<Execution ProcessID="676" ThreadID="680"></Execution>
<Channel>System</Channel>
<Computer>S200401.overwatch.htb</Computer>
<Security UserID="S-1-5-18"></Security>
</System>
<EventData Name="SAMMSG_MINPWDLEN_SETTINGS_IN_EFFECT"><Data Name="MinimumPasswordLength">7</Data>
<Data Name="RelaxMinimumPasswordLengthLimits">0</Data>
<Data Name="MinimumPasswordLengthAudit">-1</Data>
</EventData>
</Event>

<Event xmlns="http://schemas.microsoft.com/win/2004/08/events/event"><System><Provider Name="Microsoft-Windows-Directory-Services-SAM" Guid="{0d4fdc09-8c27-494a-bda0-505e4fd8adae}"></Provider>
<EventID Qualifiers="">16983</EventID>
<Version>0</Version>
<Level>4</Level>
<Task>0</Task>
<Opcode>0</Opcode>
<Keywords>0x8000000000000000</Keywords>
<TimeCreated SystemTime="2025-05-17 04:32:36.083422"></TimeCreated>
<EventRecordID>1990</EventRecordID>
<Correlation ActivityID="" RelatedActivityID=""></Correlation>
<Execution ProcessID="676" ThreadID="680"></Execution>
<Channel>System</Channel>
<Computer>S200401.overwatch.htb</Computer>
<Security UserID="S-1-5-18"></Security>
</System>
<EventData Name="SAMMSG_AUDIT_LEGACY_PWD_RPC_METHODS_OFF"></EventData>
</Event>

<Event xmlns="http://schemas.microsoft.com/win/2004/08/events/event"><System><Provider Name="Microsoft-Windows-Directory-Services-SAM" Guid="{0d4fdc09-8c27-494a-bda0-505e4fd8adae}"></Provider>
<EventID Qualifiers="">16993</EventID>
<Version>0</Version>
<Level>4</Level>
<Task>0</Task>
<Opcode>0</Opcode>
<Keywords>0x8000000000000000</Keywords>
<TimeCreated SystemTime="2025-05-17 04:32:36.109358"></TimeCreated>
<EventRecordID>1991</EventRecordID>
<Correlation ActivityID="" RelatedActivityID=""></Correlation>
<Execution ProcessID="676" ThreadID="680"></Execution>
<Channel>System</Channel>
<Computer>S200401.overwatch.htb</Computer>
<Security UserID="S-1-5-18"></Security>
</System>
<EventData Name="SAMMSG_LAPS_INIT_SUCCESS"></EventData>
</Event>

<Event xmlns="http://schemas.microsoft.com/win/2004/08/events/event"><System><Provider Name="Service Control Manager" Guid="{555908d1-a6d7-4695-8e1e-26931d2012f4}" EventSourceName="Service Control Manager"></Provider>
<EventID Qualifiers="16384">7036</EventID>
<Version>0</Version>
<Level>4</Level>
<Task>0</Task>
<Opcode>0</Opcode>
<Keywords>0x8080000000000000</Keywords>
<TimeCreated SystemTime="2025-05-17 04:32:36.211546"></TimeCreated>
<EventRecordID>1992</EventRecordID>
<Correlation ActivityID="" RelatedActivityID=""></Correlation>
<Execution ProcessID="668" ThreadID="784"></Execution>
<Channel>System</Channel>
<Computer>S200401.overwatch.htb</Computer>
<Security UserID=""></Security>
</System>
<EventData><Data Name="param1">PlugPlay</Data>
<Data Name="param2">running</Data>
<Binary>UABsAHUAZwBQAGwAYQB5AC8ANAAAAA==</Binary>
</EventData>
</Event>

<Event xmlns="http://schemas.microsoft.com/win/2004/08/events/event"><System><Provider Name="Service Control Manager" Guid="{555908d1-a6d7-4695-8e1e-26931d2012f4}" EventSourceName="Service Control Manager"></Provider>
<EventID Qualifiers="16384">7036</EventID>
<Version>0</Version>
<Level>4</Level>
<Task>0</Task>
<Opcode>0</Opcode>
<Keywords>0x8080000000000000</Keywords>
<TimeCreated SystemTime="2025-05-17 04:32:36.258432"></TimeCreated>
<EventRecordID>1993</EventRecordID>
<Correlation ActivityID="" RelatedActivityID=""></Correlation>
<Execution ProcessID="668" ThreadID="784"></Execution>
<Channel>System</Channel>
<Computer>S200401.overwatch.htb</Computer>
<Security UserID=""></Security>
</System>
<EventData><Data Name="param1">Power</Data>
<Data Name="param2">running</Data>
<Binary>UABvAHcAZQByAC8ANAAAAA==</Binary>
</EventData>
</Event>

<Event xmlns="http://schemas.microsoft.com/win/2004/08/events/event"><System><Provider Name="Service Control Manager" Guid="{555908d1-a6d7-4695-8e1e-26931d2012f4}" EventSourceName="Service Control Manager"></Provider>
<EventID Qualifiers="16384">7036</EventID>
<Version>0</Version>
<Level>4</Level>
<Task>0</Task>
<Opcode>0</Opcode>
<Keywords>0x8080000000000000</Keywords>
<TimeCreated SystemTime="2025-05-17 04:32:36.289673"></TimeCreated>
<EventRecordID>1994</EventRecordID>
<Correlation ActivityID="" RelatedActivityID=""></Correlation>
<Execution ProcessID="668" ThreadID="784"></Execution>
<Channel>System</Channel>
<Computer>S200401.overwatch.htb</Computer>
<Security UserID=""></Security>
</System>
<EventData><Data Name="param1">DcomLaunch</Data>
<Data Name="param2">running</Data>
<Binary>RABjAG8AbQBMAGEAdQBuAGMAaAAvADQAAAA=</Binary>
</EventData>
</Event>

<Event xmlns="http://schemas.microsoft.com/win/2004/08/events/event"><System><Provider Name="Service Control Manager" Guid="{555908d1-a6d7-4695-8e1e-26931d2012f4}" EventSourceName="Service Control Manager"></Provider>
<EventID Qualifiers="16384">7036</EventID>
<Version>0</Version>
<Level>4</Level>
<Task>0</Task>
<Opcode>0</Opcode>
<Keywords>0x8080000000000000</Keywords>
<TimeCreated SystemTime="2025-05-17 04:32:36.336554"></TimeCreated>
<EventRecordID>1995</EventRecordID>
<Correlation ActivityID="" RelatedActivityID=""></Correlation>
<Execution ProcessID="668" ThreadID="784"></Execution>
<Channel>System</Channel>
<Computer>S200401.overwatch.htb</Computer>
<Security UserID=""></Security>
</System>
<EventData><Data Name="param1">RpcEptMapper</Data>
<Data Name="param2">running</Data>
<Binary>UgBwAGMARQBwAHQATQBhAHAAcABlAHIALwA0AAAA</Binary>
</EventData>
</Event>

<Event xmlns="http://schemas.microsoft.com/win/2004/08/events/event"><System><Provider Name="Service Control Manager" Guid="{555908d1-a6d7-4695-8e1e-26931d2012f4}" EventSourceName="Service Control Manager"></Provider>
<EventID Qualifiers="16384">7036</EventID>
<Version>0</Version>
<Level>4</Level>
<Task>0</Task>
<Opcode>0</Opcode>
<Keywords>0x8080000000000000</Keywords>
<TimeCreated SystemTime="2025-05-17 04:32:36.352184"></TimeCreated>
<EventRecordID>1996</EventRecordID>
<Correlation ActivityID="" RelatedActivityID=""></Correlation>
<Execution ProcessID="668" ThreadID="764"></Execution>
<Channel>System</Channel>
<Computer>S200401.overwatch.htb</Computer>
<Security UserID=""></Security>
</System>
<EventData><Data Name="param1">RpcSs</Data>
<Data Name="param2">running</Data>
<Binary>UgBwAGMAUwBzAC8ANAAAAA==</Binary>
</EventData>
</Event>

<Event xmlns="http://schemas.microsoft.com/win/2004/08/events/event"><System><Provider Name="Service Control Manager" Guid="{555908d1-a6d7-4695-8e1e-26931d2012f4}" EventSourceName="Service Control Manager"></Provider>
<EventID Qualifiers="16384">7036</EventID>
<Version>0</Version>
<Level>4</Level>
<Task>0</Task>
<Opcode>0</Opcode>
<Keywords>0x8080000000000000</Keywords>
<TimeCreated SystemTime="2025-05-17 04:32:36.430300"></TimeCreated>
<EventRecordID>1997</EventRecordID>
<Correlation ActivityID="" RelatedActivityID=""></Correlation>
<Execution ProcessID="668" ThreadID="784"></Execution>
<Channel>System</Channel>
<Computer>S200401.overwatch.htb</Computer>
<Security UserID=""></Security>
</System>
<EventData><Data Name="param1">LSM</Data>
<Data Name="param2">running</Data>
<Binary>TABTAE0ALwA0AAAA</Binary>
</EventData>
</Event>

<Event xmlns="http://schemas.microsoft.com/win/2004/08/events/event"><System><Provider Name="Service Control Manager" Guid="{555908d1-a6d7-4695-8e1e-26931d2012f4}" EventSourceName="Service Control Manager"></Provider>
<EventID Qualifiers="16384">7036</EventID>
<Version>0</Version>
<Level>4</Level>
<Task>0</Task>
<Opcode>0</Opcode>
<Keywords>0x8080000000000000</Keywords>
<TimeCreated SystemTime="2025-05-17 04:32:36.478622"></TimeCreated>
<EventRecordID>1998</EventRecordID>
<Correlation ActivityID="" RelatedActivityID=""></Correlation>
<Execution ProcessID="668" ThreadID="784"></Execution>
<Channel>System</Channel>
<Computer>S200401.overwatch.htb</Computer>
<Security UserID=""></Security>
</System>
<EventData><Data Name="param1">BrokerInfrastructure</Data>
<Data Name="param2">running</Data>
<Binary>QgByAG8AawBlAHIASQBuAGYAcgBhAHMAdAByAHUAYwB0AHUAcgBlAC8ANAAAAA==</Binary>
</EventData>
</Event>

<Event xmlns="http://schemas.microsoft.com/win/2004/08/events/event"><System><Provider Name="Service Control Manager" Guid="{555908d1-a6d7-4695-8e1e-26931d2012f4}" EventSourceName="Service Control Manager"></Provider>
<EventID Qualifiers="16384">7036</EventID>
<Version>0</Version>
<Level>4</Level>
<Task>0</Task>
<Opcode>0</Opcode>
<Keywords>0x8080000000000000</Keywords>
<TimeCreated SystemTime="2025-05-17 04:32:36.492798"></TimeCreated>
<EventRecordID>1999</EventRecordID>
<Correlation ActivityID="" RelatedActivityID=""></Correlation>
<Execution ProcessID="668" ThreadID="784"></Execution>
<Channel>System</Channel>
<Computer>S200401.overwatch.htb</Computer>
<Security UserID=""></Security>
</System>
<EventData><Data Name="param1">SystemEventsBroker</Data>
<Data Name="param2">running</Data>
<Binary>UwB5AHMAdABlAG0ARQB2AGUAbgB0AHMAQgByAG8AawBlAHIALwA0AAAA</Binary>
</EventData>
</Event>

<Event xmlns="http://schemas.microsoft.com/win/2004/08/events/event"><System><Provider Name="Service Control Manager" Guid="{555908d1-a6d7-4695-8e1e-26931d2012f4}" EventSourceName="Service Control Manager"></Provider>
<EventID Qualifiers="16384">7036</EventID>
<Version>0</Version>
<Level>4</Level>
<Task>0</Task>
<Opcode>0</Opcode>
<Keywords>0x8080000000000000</Keywords>
<TimeCreated SystemTime="2025-05-17 04:32:36.727175"></TimeCreated>
<EventRecordID>2000</EventRecordID>
<Correlation ActivityID="" RelatedActivityID=""></Correlation>
<Execution ProcessID="668" ThreadID="764"></Execution>
<Channel>System</Channel>
<Computer>S200401.overwatch.htb</Computer>
<Security UserID=""></Security>
</System>
<EventData><Data Name="param1">TermService</Data>
<Data Name="param2">running</Data>
<Binary>VABlAHIAbQBTAGUAcgB2AGkAYwBlAC8ANAAAAA==</Binary>
</EventData>
</Event>

<Event xmlns="http://schemas.microsoft.com/win/2004/08/events/event"><System><Provider Name="Service Control Manager" Guid="{555908d1-a6d7-4695-8e1e-26931d2012f4}" EventSourceName="Service Control Manager"></Provider>
<EventID Qualifiers="16384">7036</EventID>
<Version>0</Version>
<Level>4</Level>
<Task>0</Task>
<Opcode>0</Opcode>
<Keywords>0x8080000000000000</Keywords>
<TimeCreated SystemTime="2025-05-17 04:32:36.742798"></TimeCreated>
<EventRecordID>2001</EventRecordID>
<Correlation ActivityID="" RelatedActivityID=""></Correlation>
<Execution ProcessID="668" ThreadID="764"></Execution>
<Channel>System</Channel>
<Computer>S200401.overwatch.htb</Computer>
<Security UserID=""></Security>
</System>
<EventData><Data Name="param1">nsi</Data>
<Data Name="param2">running</Data>
<Binary>bgBzAGkALwA0AAAA</Binary>
</EventData>
</Event>

<Event xmlns="http://schemas.microsoft.com/win/2004/08/events/event"><System><Provider Name="Service Control Manager" Guid="{555908d1-a6d7-4695-8e1e-26931d2012f4}" EventSourceName="Service Control Manager"></Provider>
<EventID Qualifiers="16384">7036</EventID>
<Version>0</Version>
<Level>4</Level>
<Task>0</Task>
<Opcode>0</Opcode>
<Keywords>0x8080000000000000</Keywords>
<TimeCreated SystemTime="2025-05-17 04:32:36.758425"></TimeCreated>
<EventRecordID>2002</EventRecordID>
<Correlation ActivityID="" RelatedActivityID=""></Correlation>
<Execution ProcessID="668" ThreadID="764"></Execution>
<Channel>System</Channel>
<Computer>S200401.overwatch.htb</Computer>
<Security UserID=""></Security>
</System>
<EventData><Data Name="param1">lmhosts</Data>
<Data Name="param2">running</Data>
<Binary>bABtAGgAbwBzAHQAcwAvADQAAAA=</Binary>
</EventData>
</Event>

<Event xmlns="http://schemas.microsoft.com/win/2004/08/events/event"><System><Provider Name="Service Control Manager" Guid="{555908d1-a6d7-4695-8e1e-26931d2012f4}" EventSourceName="Service Control Manager"></Provider>
<EventID Qualifiers="16384">7036</EventID>
<Version>0</Version>
<Level>4</Level>
<Task>0</Task>
<Opcode>0</Opcode>
<Keywords>0x8080000000000000</Keywords>
<TimeCreated SystemTime="2025-05-17 04:32:36.774050"></TimeCreated>
<EventRecordID>2003</EventRecordID>
<Correlation ActivityID="" RelatedActivityID=""></Correlation>
<Execution ProcessID="668" ThreadID="764"></Execution>
<Channel>System</Channel>
<Computer>S200401.overwatch.htb</Computer>
<Security UserID=""></Security>
</System>
<EventData><Data Name="param1">TimeBrokerSvc</Data>
<Data Name="param2">running</Data>
<Binary>VABpAG0AZQBCAHIAbwBrAGUAcgBTAHYAYwAvADQAAAA=</Binary>
</EventData>
</Event>

<Event xmlns="http://schemas.microsoft.com/win/2004/08/events/event"><System><Provider Name="Microsoft-Windows-Dhcp-Client" Guid="{15a7a4f8-0072-4eab-abad-f98a4d666aed}"></Provider>
<EventID Qualifiers="">50036</EventID>
<Version>0</Version>
<Level>4</Level>
<Task>4</Task>
<Opcode>68</Opcode>
<Keywords>0x2000000000000000</Keywords>
<TimeCreated SystemTime="2025-05-17 04:32:36.822996"></TimeCreated>
<EventRecordID>2004</EventRecordID>
<Correlation ActivityID="" RelatedActivityID=""></Correlation>
<Execution ProcessID="1168" ThreadID="1232"></Execution>
<Channel>System</Channel>
<Computer>S200401.overwatch.htb</Computer>
<Security UserID="S-1-5-19"></Security>
</System>
<EventData></EventData>
</Event>

<Event xmlns="http://schemas.microsoft.com/win/2004/08/events/event"><System><Provider Name="Microsoft-Windows-Dhcp-Client" Guid="{15a7a4f8-0072-4eab-abad-f98a4d666aed}"></Provider>
<EventID Qualifiers="">50103</EventID>
<Version>0</Version>
<Level>4</Level>
<Task>4</Task>
<Opcode>129</Opcode>
<Keywords>0x2000000000000000</Keywords>
<TimeCreated SystemTime="2025-05-17 04:32:36.823956"></TimeCreated>
<EventRecordID>2005</EventRecordID>
<Correlation ActivityID="" RelatedActivityID=""></Correlation>
<Execution ProcessID="1168" ThreadID="1232"></Execution>
<Channel>System</Channel>
<Computer>S200401.overwatch.htb</Computer>
<Security UserID="S-1-5-19"></Security>
</System>
<EventData></EventData>
</Event>

<Event xmlns="http://schemas.microsoft.com/win/2004/08/events/event"><System><Provider Name="Microsoft-Windows-Dhcp-Client" Guid="{15a7a4f8-0072-4eab-abad-f98a4d666aed}"></Provider>
<EventID Qualifiers="">50036</EventID>
<Version>0</Version>
<Level>4</Level>
<Task>4</Task>
<Opcode>68</Opcode>
<Keywords>0x2000000000000000</Keywords>
<TimeCreated SystemTime="2025-05-17 04:32:36.824558"></TimeCreated>
<EventRecordID>2006</EventRecordID>
<Correlation ActivityID="" RelatedActivityID=""></Correlation>
<Execution ProcessID="1168" ThreadID="1232"></Execution>
<Channel>System</Channel>
<Computer>S200401.overwatch.htb</Computer>
<Security UserID="S-1-5-19"></Security>
</System>
<EventData></EventData>
</Event>

<Event xmlns="http://schemas.microsoft.com/win/2004/08/events/event"><System><Provider Name="Microsoft-Windows-DHCPv6-Client" Guid="{6a1f2b00-6a90-4c38-95a5-5cab3b056778}"></Provider>
<EventID Qualifiers="">51046</EventID>
<Version>0</Version>
<Level>4</Level>
<Task>4</Task>
<Opcode>62</Opcode>
<Keywords>0x2000000000000000</Keywords>
<TimeCreated SystemTime="2025-05-17 04:32:36.846144"></TimeCreated>
<EventRecordID>2007</EventRecordID>
<Correlation ActivityID="" RelatedActivityID=""></Correlation>
<Execution ProcessID="1168" ThreadID="1304"></Execution>
<Channel>System</Channel>
<Computer>S200401.overwatch.htb</Computer>
<Security UserID="S-1-5-19"></Security>
</System>
<EventData></EventData>
</Event>

<Event xmlns="http://schemas.microsoft.com/win/2004/08/events/event"><System><Provider Name="Service Control Manager" Guid="{555908d1-a6d7-4695-8e1e-26931d2012f4}" EventSourceName="Service Control Manager"></Provider>
<EventID Qualifiers="16384">7036</EventID>
<Version>0</Version>
<Level>4</Level>
<Task>0</Task>
<Opcode>0</Opcode>
<Keywords>0x8080000000000000</Keywords>
<TimeCreated SystemTime="2025-05-17 04:32:36.852175"></TimeCreated>
<EventRecordID>2008</EventRecordID>
<Correlation ActivityID="" RelatedActivityID=""></Correlation>
<Execution ProcessID="668" ThreadID="348"></Execution>
<Channel>System</Channel>
<Computer>S200401.overwatch.htb</Computer>
<Security UserID=""></Security>
</System>
<EventData><Data Name="param1">Dhcp</Data>
<Data Name="param2">running</Data>
<Binary>RABoAGMAcAAvADQAAAA=</Binary>
</EventData>
</Event>

<Event xmlns="http://schemas.microsoft.com/win/2004/08/events/event"><System><Provider Name="Service Control Manager" Guid="{555908d1-a6d7-4695-8e1e-26931d2012f4}" EventSourceName="Service Control Manager"></Provider>
<EventID Qualifiers="16384">7036</EventID>
<Version>0</Version>
<Level>4</Level>
<Task>0</Task>
<Opcode>0</Opcode>
<Keywords>0x8080000000000000</Keywords>
<TimeCreated SystemTime="2025-05-17 04:32:36.883425"></TimeCreated>
<EventRecordID>2009</EventRecordID>
<Correlation ActivityID="" RelatedActivityID=""></Correlation>
<Execution ProcessID="668" ThreadID="784"></Execution>
<Channel>System</Channel>
<Computer>S200401.overwatch.htb</Computer>
<Security UserID=""></Security>
</System>
<EventData><Data Name="param1">Dnscache</Data>
<Data Name="param2">running</Data>
<Binary>RABuAHMAYwBhAGMAaABlAC8ANAAAAA==</Binary>
</EventData>
</Event>

<Event xmlns="http://schemas.microsoft.com/win/2004/08/events/event"><System><Provider Name="Microsoft-Windows-FilterManager" Guid="{f3c5e28e-63f6-49c7-a204-e48a1bc4b09d}"></Provider>
<EventID Qualifiers="">6</EventID>
<Version>0</Version>
<Level>4</Level>
<Task>0</Task>
<Opcode>0</Opcode>
<Keywords>0x8000000000000000</Keywords>
<TimeCreated SystemTime="2025-05-17 04:32:36.905146"></TimeCreated>
<EventRecordID>2010</EventRecordID>
<Correlation ActivityID="" RelatedActivityID=""></Correlation>
<Execution ProcessID="4" ThreadID="124"></Execution>
<Channel>System</Channel>
<Computer>S200401.overwatch.htb</Computer>
<Security UserID="S-1-5-18"></Security>
</System>
<EventData><Data Name="FinalStatus">0x00000000</Data>
<Data Name="DeviceVersionMajor">10</Data>
<Data Name="DeviceVersionMinor">0</Data>
<Data Name="DeviceNameLength">5</Data>
<Data Name="DeviceName">wcifs</Data>
<Data Name="DeviceTime">2099-02-27 20:44:19</Data>
</EventData>
</Event>

