<?xml version="1.1" encoding="utf-8" standalone="yes" ?>

<Events>
<Event xmlns="http://schemas.microsoft.com/win/2004/08/events/event"><System><Provider Name="Microsoft-Windows-ActiveDirectory_DomainService" Guid="{0e8478c5-3605-4e8c-8497-1e730c959516}" EventSourceName="NTDS Database"></Provider>
<EventID Qualifiers="16384">2179</EventID>
<Version>0</Version>
<Level>4</Level>
<Task>7</Task>
<Opcode>0</Opcode>
<Keywords>0x8080000000000000</Keywords>
<TimeCreated SystemTime="2025-05-17 03:30:29.027664"></TimeCreated>
<EventRecordID>71</EventRecordID>
<Correlation ActivityID="" RelatedActivityID=""></Correlation>
<Execution ProcessID="688" ThreadID="1540"></Execution>
<Channel>Directory Service</Channel>
<Computer>S200401.overwatch.htb</Computer>
<Security UserID="S-1-5-7"></Security>
</System>
<EventData><Data>&lt;string&gt;9422601105310330969&lt;/string&gt;
</Data>
<Binary></Binary>
</EventData>
</Event>

<Event xmlns="http://schemas.microsoft.com/win/2004/08/events/event"><System><Provider Name="Microsoft-Windows-ActiveDirectory_DomainService" Guid="{0e8478c5-3605-4e8c-8497-1e730c959516}" EventSourceName="NTDS General"></Provider>
<EventID Qualifiers="16384">1004</EventID>
<Version>0</Version>
<Level>4</Level>
<Task>12</Task>
<Opcode>0</Opcode>
<Keywords>0x8080000000000000</Keywords>
<TimeCreated SystemTime="2025-05-17 03:30:29.402664"></TimeCreated>
<EventRecordID>72</EventRecordID>
<Correlation ActivityID="" RelatedActivityID=""></Correlation>
<Execution ProcessID="688" ThreadID="1540"></Execution>
<Channel>Directory Service</Channel>
<Computer>S200401.overwatch.htb</Computer>
<Security UserID=""></Security>
</System>
<EventData><Data></Data>
<Binary></Binary>
</EventData>
</Event>

<Event xmlns="http://schemas.microsoft.com/win/2004/08/events/event"><System><Provider Name="Microsoft-Windows-ActiveDirectory_DomainService" Guid="{0e8478c5-3605-4e8c-8497-1e730c959516}" EventSourceName="NTDS General"></Provider>
<EventID Qualifiers="32768">3051</EventID>
<Version>0</Version>
<Level>3</Level>
<Task>2</Task>
<Opcode>0</Opcode>
<Keywords>0x8080000000000000</Keywords>
<TimeCreated SystemTime="2025-05-17 04:32:35.820929"></TimeCreated>
<EventRecordID>73</EventRecordID>
<Correlation ActivityID="{b275d386-c6e4-0001-1ed4-75b2e4c6db01}" RelatedActivityID=""></Correlation>
<Execution ProcessID="676" ThreadID="680"></Execution>
<Channel>Directory Service</Channel>
<Computer>S200401.overwatch.htb</Computer>
<Security UserID="S-1-5-7"></Security>
</System>
<EventData><Data></Data>
<Binary></Binary>
</EventData>
</Event>

<Event xmlns="http://schemas.microsoft.com/win/2004/08/events/event"><System><Provider Name="Microsoft-Windows-ActiveDirectory_DomainService" Guid="{0e8478c5-3605-4e8c-8497-1e730c959516}" EventSourceName="NTDS General"></Provider>
<EventID Qualifiers="32768">3054</EventID>
<Version>0</Version>
<Level>3</Level>
<Task>2</Task>
<Opcode>0</Opcode>
<Keywords>0x8080000000000000</Keywords>
<TimeCreated SystemTime="2025-05-17 04:32:35.820929"></TimeCreated>
<EventRecordID>74</EventRecordID>
<Correlation ActivityID="{b275d386-c6e4-0001-1ed4-75b2e4c6db01}" RelatedActivityID=""></Correlation>
<Execution ProcessID="676" ThreadID="680"></Execution>
<Channel>Directory Service</Channel>
<Computer>S200401.overwatch.htb</Computer>
<Security UserID="S-1-5-7"></Security>
</System>
<EventData><Data></Data>
<Binary></Binary>
</EventData>
</Event>

<Event xmlns="http://schemas.microsoft.com/win/2004/08/events/event"><System><Provider Name="Microsoft-Windows-ActiveDirectory_DomainService" Guid="{0e8478c5-3605-4e8c-8497-1e730c959516}" EventSourceName="NTDS General"></Provider>
<EventID Qualifiers="16384">2121</EventID>
<Version>0</Version>
<Level>4</Level>
<Task>7</Task>
<Opcode>0</Opcode>
<Keywords>0x8080000000000000</Keywords>
<TimeCreated SystemTime="2025-05-17 04:32:35.992823"></TimeCreated>
<EventRecordID>75</EventRecordID>
<Correlation ActivityID="{b275d386-c6e4-0001-1ed4-75b2e4c6db01}" RelatedActivityID=""></Correlation>
<Execution ProcessID="676" ThreadID="680"></Execution>
<Channel>Directory Service</Channel>
<Computer>S200401.overwatch.htb</Computer>
<Security UserID="S-1-5-7"></Security>
</System>
<EventData><Data></Data>
<Binary></Binary>
</EventData>
</Event>

<Event xmlns="http://schemas.microsoft.com/win/2004/08/events/event"><System><Provider Name="Microsoft-Windows-ActiveDirectory_DomainService" Guid="{0e8478c5-3605-4e8c-8497-1e730c959516}" EventSourceName="NTDS General"></Provider>
<EventID Qualifiers="16384">2406</EventID>
<Version>0</Version>
<Level>4</Level>
<Task>7</Task>
<Opcode>0</Opcode>
<Keywords>0x8080000000000000</Keywords>
<TimeCreated SystemTime="2025-05-17 04:32:35.992823"></TimeCreated>
<EventRecordID>76</EventRecordID>
<Correlation ActivityID="{b275d386-c6e4-0001-1ed4-75b2e4c6db01}" RelatedActivityID=""></Correlation>
<Execution ProcessID="676" ThreadID="680"></Execution>
<Channel>Directory Service</Channel>
<Computer>S200401.overwatch.htb</Computer>
<Security UserID="S-1-5-7"></Security>
</System>
<EventData><Data>&lt;string&gt;Recycle Bin Feature&lt;/string&gt;
</Data>
<Binary></Binary>
</EventData>
</Event>

<Event xmlns="http://schemas.microsoft.com/win/2004/08/events/event"><System><Provider Name="Microsoft-Windows-ActiveDirectory_DomainService" Guid="{0e8478c5-3605-4e8c-8497-1e730c959516}" EventSourceName="NTDS General"></Provider>
<EventID Qualifiers="16384">2406</EventID>
<Version>0</Version>
<Level>4</Level>
<Task>7</Task>
<Opcode>0</Opcode>
<Keywords>0x8080000000000000</Keywords>
<TimeCreated SystemTime="2025-05-17 04:32:35.992823"></TimeCreated>
<EventRecordID>77</EventRecordID>
<Correlation ActivityID="{b275d386-c6e4-0001-1ed4-75b2e4c6db01}" RelatedActivityID=""></Correlation>
<Execution ProcessID="676" ThreadID="680"></Execution>
<Channel>Directory Service</Channel>
<Computer>S200401.overwatch.htb</Computer>
<Security UserID="S-1-5-7"></Security>
</System>
<EventData><Data>&lt;string&gt;Privileged Access Management Feature&lt;/string&gt;
</Data>
<Binary></Binary>
</EventData>
</Event>

<Event xmlns="http://schemas.microsoft.com/win/2004/08/events/event"><System><Provider Name="Microsoft-Windows-ActiveDirectory_DomainService" Guid="{0e8478c5-3605-4e8c-8497-1e730c959516}" EventSourceName="NTDS General"></Provider>
<EventID Qualifiers="16384">2168</EventID>
<Version>0</Version>
<Level>4</Level>
<Task>7</Task>
<Opcode>0</Opcode>
<Keywords>0x8080000000000000</Keywords>
<TimeCreated SystemTime="2025-05-17 04:32:35.992823"></TimeCreated>
<EventRecordID>78</EventRecordID>
<Correlation ActivityID="{b275d386-c6e4-0001-1ed4-75b2e4c6db01}" RelatedActivityID=""></Correlation>
<Execution ProcessID="676" ThreadID="680"></Execution>
<Channel>Directory Service</Channel>
<Computer>S200401.overwatch.htb</Computer>
<Security UserID="S-1-5-7"></Security>
</System>
<EventData><Data>&lt;string&gt;16652226109260966576&lt;/string&gt;
</Data>
<Binary></Binary>
</EventData>
</Event>

<Event xmlns="http://schemas.microsoft.com/win/2004/08/events/event"><System><Provider Name="Microsoft-Windows-ActiveDirectory_DomainService" Guid="{0e8478c5-3605-4e8c-8497-1e730c959516}" EventSourceName="NTDS General"></Provider>
<EventID Qualifiers="16384">2172</EventID>
<Version>0</Version>
<Level>4</Level>
<Task>7</Task>
<Opcode>0</Opcode>
<Keywords>0x8080000000000000</Keywords>
<TimeCreated SystemTime="2025-05-17 04:32:35.992823"></TimeCreated>
<EventRecordID>79</EventRecordID>
<Correlation ActivityID="{b275d386-c6e4-0001-1ed4-75b2e4c6db01}" RelatedActivityID=""></Correlation>
<Execution ProcessID="676" ThreadID="680"></Execution>
<Channel>Directory Service</Channel>
<Computer>S200401.overwatch.htb</Computer>
<Security UserID="S-1-5-7"></Security>
</System>
<EventData><Data>&lt;string&gt;9422601105310330969&lt;/string&gt;
</Data>
<Binary></Binary>
</EventData>
</Event>

<Event xmlns="http://schemas.microsoft.com/win/2004/08/events/event"><System><Provider Name="Microsoft-Windows-ActiveDirectory_DomainService" Guid="{0e8478c5-3605-4e8c-8497-1e730c959516}" EventSourceName="NTDS General"></Provider>
<EventID Qualifiers="32768">2170</EventID>
<Version>0</Version>
<Level>3</Level>
<Task>7</Task>
<Opcode>0</Opcode>
<Keywords>0x8080000000000000</Keywords>
<TimeCreated SystemTime="2025-05-17 04:32:35.992823"></TimeCreated>
<EventRecordID>80</EventRecordID>
<Correlation ActivityID="{b275d386-c6e4-0001-1ed4-75b2e4c6db01}" RelatedActivityID=""></Correlation>
<Execution ProcessID="676" ThreadID="680"></Execution>
<Channel>Directory Service</Channel>
<Computer>S200401.overwatch.htb</Computer>
<Security UserID="S-1-5-7"></Security>
</System>
<EventData><Data>&lt;string&gt;9422601105310330969&lt;/string&gt;
&lt;string&gt;16652226109260966576&lt;/string&gt;
</Data>
<Binary></Binary>
</EventData>
</Event>

<Event xmlns="http://schemas.microsoft.com/win/2004/08/events/event"><System><Provider Name="Microsoft-Windows-ActiveDirectory_DomainService" Guid="{0e8478c5-3605-4e8c-8497-1e730c959516}" EventSourceName="NTDS General"></Provider>
<EventID Qualifiers="16384">1109</EventID>
<Version>0</Version>
<Level>4</Level>
<Task>5</Task>
<Opcode>0</Opcode>
<Keywords>0x8080000000000000</Keywords>
<TimeCreated SystemTime="2025-05-17 04:32:36.008450"></TimeCreated>
<EventRecordID>81</EventRecordID>
<Correlation ActivityID="{b275d386-c6e4-0001-1ed4-75b2e4c6db01}" RelatedActivityID=""></Correlation>
<Execution ProcessID="676" ThreadID="680"></Execution>
<Channel>Directory Service</Channel>
<Computer>S200401.overwatch.htb</Computer>
<Security UserID="S-1-5-7"></Security>
</System>
<EventData><Data>&lt;string&gt;e4ccbdef-d9aa-4216-8da0-53a8db6c4471&lt;/string&gt;
&lt;string&gt;6e070c81-9da8-49e7-bae3-ca56690a32e6&lt;/string&gt;
&lt;string&gt;16386&lt;/string&gt;
</Data>
<Binary></Binary>
</EventData>
</Event>

<Event xmlns="http://schemas.microsoft.com/win/2004/08/events/event"><System><Provider Name="Microsoft-Windows-ActiveDirectory_DomainService" Guid="{0e8478c5-3605-4e8c-8497-1e730c959516}" EventSourceName="NTDS General"></Provider>
<EventID Qualifiers="16384">2179</EventID>
<Version>0</Version>
<Level>4</Level>
<Task>7</Task>
<Opcode>0</Opcode>
<Keywords>0x8080000000000000</Keywords>
<TimeCreated SystemTime="2025-05-17 04:32:36.024059"></TimeCreated>
<EventRecordID>82</EventRecordID>
<Correlation ActivityID="" RelatedActivityID=""></Correlation>
<Execution ProcessID="676" ThreadID="680"></Execution>
<Channel>Directory Service</Channel>
<Computer>S200401.overwatch.htb</Computer>
<Security UserID="S-1-5-7"></Security>
</System>
<EventData><Data>&lt;string&gt;16652226109260966576&lt;/string&gt;
</Data>
<Binary></Binary>
</EventData>
</Event>

<Event xmlns="http://schemas.microsoft.com/win/2004/08/events/event"><System><Provider Name="Microsoft-Windows-ActiveDirectory_DomainService" Guid="{0e8478c5-3605-4e8c-8497-1e730c959516}" EventSourceName="NTDS General"></Provider>
<EventID Qualifiers="16384">2208</EventID>
<Version>0</Version>
<Level>4</Level>
<Task>7</Task>
<Opcode>0</Opcode>
<Keywords>0x8080000000000000</Keywords>
<TimeCreated SystemTime="2025-05-17 04:32:36.039673"></TimeCreated>
<EventRecordID>83</EventRecordID>
<Correlation ActivityID="" RelatedActivityID=""></Correlation>
<Execution ProcessID="676" ThreadID="852"></Execution>
<Channel>Directory Service</Channel>
<Computer>S200401.overwatch.htb</Computer>
<Security UserID=""></Security>
</System>
<EventData><Data></Data>
<Binary></Binary>
</EventData>
</Event>

<Event xmlns="http://schemas.microsoft.com/win/2004/08/events/event"><System><Provider Name="Microsoft-Windows-ActiveDirectory_DomainService" Guid="{0e8478c5-3605-4e8c-8497-1e730c959516}" EventSourceName="NTDS General"></Provider>
<EventID Qualifiers="16384">2405</EventID>
<Version>0</Version>
<Level>4</Level>
<Task>7</Task>
<Opcode>0</Opcode>
<Keywords>0x8080000000000000</Keywords>
<TimeCreated SystemTime="2025-05-17 04:32:36.039673"></TimeCreated>
<EventRecordID>84</EventRecordID>
<Correlation ActivityID="" RelatedActivityID=""></Correlation>
<Execution ProcessID="676" ThreadID="844"></Execution>
<Channel>Directory Service</Channel>
<Computer>S200401.overwatch.htb</Computer>
<Security UserID="S-1-5-7"></Security>
</System>
<EventData><Data>&lt;string&gt;Privileged Access Management Feature&lt;/string&gt;
</Data>
<Binary></Binary>
</EventData>
</Event>

<Event xmlns="http://schemas.microsoft.com/win/2004/08/events/event"><System><Provider Name="Microsoft-Windows-ActiveDirectory_DomainService" Guid="{0e8478c5-3605-4e8c-8497-1e730c959516}" EventSourceName="NTDS General"></Provider>
<EventID Qualifiers="16384">2120</EventID>
<Version>0</Version>
<Level>4</Level>
<Task>7</Task>
<Opcode>0</Opcode>
<Keywords>0x8080000000000000</Keywords>
<TimeCreated SystemTime="2025-05-17 04:32:36.039673"></TimeCreated>
<EventRecordID>85</EventRecordID>
<Correlation ActivityID="" RelatedActivityID=""></Correlation>
<Execution ProcessID="676" ThreadID="844"></Execution>
<Channel>Directory Service</Channel>
<Computer>S200401.overwatch.htb</Computer>
<Security UserID="S-1-5-7"></Security>
</System>
<EventData><Data></Data>
<Binary></Binary>
</EventData>
</Event>

<Event xmlns="http://schemas.microsoft.com/win/2004/08/events/event"><System><Provider Name="Microsoft-Windows-ActiveDirectory_DomainService" Guid="{0e8478c5-3605-4e8c-8497-1e730c959516}" EventSourceName="NTDS General"></Provider>
<EventID Qualifiers="16384">2405</EventID>
<Version>0</Version>
<Level>4</Level>
<Task>7</Task>
<Opcode>0</Opcode>
<Keywords>0x8080000000000000</Keywords>
<TimeCreated SystemTime="2025-05-17 04:32:36.039673"></TimeCreated>
<EventRecordID>86</EventRecordID>
<Correlation ActivityID="" RelatedActivityID=""></Correlation>
<Execution ProcessID="676" ThreadID="844"></Execution>
<Channel>Directory Service</Channel>
<Computer>S200401.overwatch.htb</Computer>
<Security UserID="S-1-5-7"></Security>
</System>
<EventData><Data>&lt;string&gt;Recycle Bin Feature&lt;/string&gt;
</Data>
<Binary></Binary>
</EventData>
</Event>

<Event xmlns="http://schemas.microsoft.com/win/2004/08/events/event"><System><Provider Name="Microsoft-Windows-ActiveDirectory_DomainService" Guid="{0e8478c5-3605-4e8c-8497-1e730c959516}" EventSourceName="NTDS General"></Provider>
<EventID Qualifiers="32768">2886</EventID>
<Version>0</Version>
<Level>3</Level>
<Task>16</Task>
<Opcode>0</Opcode>
<Keywords>0x8080000000000000</Keywords>
<TimeCreated SystemTime="2025-05-17 04:32:46.055325"></TimeCreated>
<EventRecordID>87</EventRecordID>
<Correlation ActivityID="" RelatedActivityID=""></Correlation>
<Execution ProcessID="676" ThreadID="868"></Execution>
<Channel>Directory Service</Channel>
<Computer>S200401.overwatch.htb</Computer>
<Security UserID="S-1-5-7"></Security>
</System>
<EventData><Data></Data>
<Binary></Binary>
</EventData>
</Event>

<Event xmlns="http://schemas.microsoft.com/win/2004/08/events/event"><System><Provider Name="Microsoft-Windows-ActiveDirectory_DomainService" Guid="{0e8478c5-3605-4e8c-8497-1e730c959516}" EventSourceName="NTDS General"></Provider>
<EventID Qualifiers="32768">3041</EventID>
<Version>0</Version>
<Level>3</Level>
<Task>16</Task>
<Opcode>0</Opcode>
<Keywords>0x8080000000000000</Keywords>
<TimeCreated SystemTime="2025-05-17 04:32:46.055325"></TimeCreated>
<EventRecordID>88</EventRecordID>
<Correlation ActivityID="" RelatedActivityID=""></Correlation>
<Execution ProcessID="676" ThreadID="868"></Execution>
<Channel>Directory Service</Channel>
<Computer>S200401.overwatch.htb</Computer>
<Security UserID="S-1-5-7"></Security>
</System>
<EventData><Data></Data>
<Binary></Binary>
</EventData>
</Event>

<Event xmlns="http://schemas.microsoft.com/win/2004/08/events/event"><System><Provider Name="Microsoft-Windows-ActiveDirectory_DomainService" Guid="{0e8478c5-3605-4e8c-8497-1e730c959516}" EventSourceName="NTDS General"></Provider>
<EventID Qualifiers="16384">1000</EventID>
<Version>0</Version>
<Level>4</Level>
<Task>12</Task>
<Opcode>0</Opcode>
<Keywords>0x8080000000000000</Keywords>
<TimeCreated SystemTime="2025-05-17 04:32:46.055325"></TimeCreated>
<EventRecordID>89</EventRecordID>
<Correlation ActivityID="" RelatedActivityID=""></Correlation>
<Execution ProcessID="676" ThreadID="868"></Execution>
<Channel>Directory Service</Channel>
<Computer>S200401.overwatch.htb</Computer>
<Security UserID="S-1-5-7"></Security>
</System>
<EventData><Data></Data>
<Binary></Binary>
</EventData>
</Event>

<Event xmlns="http://schemas.microsoft.com/win/2004/08/events/event"><System><Provider Name="Microsoft-Windows-ActiveDirectory_DomainService" Guid="{0e8478c5-3605-4e8c-8497-1e730c959516}" EventSourceName="NTDS General"></Provider>
<EventID Qualifiers="16384">1394</EventID>
<Version>0</Version>
<Level>4</Level>
<Task>12</Task>
<Opcode>0</Opcode>
<Keywords>0x8080000000000000</Keywords>
<TimeCreated SystemTime="2025-05-17 04:33:16.055815"></TimeCreated>
<EventRecordID>90</EventRecordID>
<Correlation ActivityID="" RelatedActivityID=""></Correlation>
<Execution ProcessID="676" ThreadID="844"></Execution>
<Channel>Directory Service</Channel>
<Computer>S200401.overwatch.htb</Computer>
<Security UserID="S-1-5-7"></Security>
</System>
<EventData><Data></Data>
<Binary></Binary>
</EventData>
</Event>

<Event xmlns="http://schemas.microsoft.com/win/2004/08/events/event"><System><Provider Name="Microsoft-Windows-ActiveDirectory_DomainService" Guid="{0e8478c5-3605-4e8c-8497-1e730c959516}" EventSourceName="NTDS General"></Provider>
<EventID Qualifiers="16384">2179</EventID>
<Version>0</Version>
<Level>4</Level>
<Task>7</Task>
<Opcode>0</Opcode>
<Keywords>0x8080000000000000</Keywords>
<TimeCreated SystemTime="2025-05-17 04:38:35.841829"></TimeCreated>
<EventRecordID>91</EventRecordID>
<Correlation ActivityID="" RelatedActivityID=""></Correlation>
<Execution ProcessID="676" ThreadID="1572"></Execution>
<Channel>Directory Service</Channel>
<Computer>S200401.overwatch.htb</Computer>
<Security UserID="S-1-5-7"></Security>
</System>
<EventData><Data>&lt;string&gt;16652226109260966576&lt;/string&gt;
</Data>
<Binary></Binary>
</EventData>
</Event>

<Event xmlns="http://schemas.microsoft.com/win/2004/08/events/event"><System><Provider Name="Microsoft-Windows-ActiveDirectory_DomainService" Guid="{0e8478c5-3605-4e8c-8497-1e730c959516}" EventSourceName="NTDS General"></Provider>
<EventID Qualifiers="16384">1004</EventID>
<Version>0</Version>
<Level>4</Level>
<Task>12</Task>
<Opcode>0</Opcode>
<Keywords>0x8080000000000000</Keywords>
<TimeCreated SystemTime="2025-05-17 04:38:35.935579"></TimeCreated>
<EventRecordID>92</EventRecordID>
<Correlation ActivityID="" RelatedActivityID=""></Correlation>
<Execution ProcessID="676" ThreadID="1572"></Execution>
<Channel>Directory Service</Channel>
<Computer>S200401.overwatch.htb</Computer>
<Security UserID=""></Security>
</System>
<EventData><Data></Data>
<Binary></Binary>
</EventData>
</Event>

<Event xmlns="http://schemas.microsoft.com/win/2004/08/events/event"><System><Provider Name="Microsoft-Windows-ActiveDirectory_DomainService" Guid="{0e8478c5-3605-4e8c-8497-1e730c959516}" EventSourceName="NTDS General"></Provider>
<EventID Qualifiers="32768">3051</EventID>
<Version>0</Version>
<Level>3</Level>
<Task>2</Task>
<Opcode>0</Opcode>
<Keywords>0x8080000000000000</Keywords>
<TimeCreated SystemTime="2025-07-01 16:39:20.160217"></TimeCreated>
<EventRecordID>93</EventRecordID>
<Correlation ActivityID="{ab769450-eaa6-0001-c195-76aba6eadb01}" RelatedActivityID=""></Correlation>
<Execution ProcessID="704" ThreadID="708"></Execution>
<Channel>Directory Service</Channel>
<Computer>S200401.overwatch.htb</Computer>
<Security UserID="S-1-5-7"></Security>
</System>
<EventData><Data></Data>
<Binary></Binary>
</EventData>
</Event>

<Event xmlns="http://schemas.microsoft.com/win/2004/08/events/event"><System><Provider Name="Microsoft-Windows-ActiveDirectory_DomainService" Guid="{0e8478c5-3605-4e8c-8497-1e730c959516}" EventSourceName="NTDS General"></Provider>
<EventID Qualifiers="32768">3054</EventID>
<Version>0</Version>
<Level>3</Level>
<Task>2</Task>
<Opcode>0</Opcode>
<Keywords>0x8080000000000000</Keywords>
<TimeCreated SystemTime="2025-07-01 16:39:20.160217"></TimeCreated>
<EventRecordID>94</EventRecordID>
<Correlation ActivityID="{ab769450-eaa6-0001-c195-76aba6eadb01}" RelatedActivityID=""></Correlation>
<Execution ProcessID="704" ThreadID="708"></Execution>
<Channel>Directory Service</Channel>
<Computer>S200401.overwatch.htb</Computer>
<Security UserID="S-1-5-7"></Security>
</System>
<EventData><Data></Data>
<Binary></Binary>
</EventData>
</Event>

<Event xmlns="http://schemas.microsoft.com/win/2004/08/events/event"><System><Provider Name="Microsoft-Windows-ActiveDirectory_DomainService" Guid="{0e8478c5-3605-4e8c-8497-1e730c959516}" EventSourceName="NTDS General"></Provider>
<EventID Qualifiers="16384">2121</EventID>
<Version>0</Version>
<Level>4</Level>
<Task>7</Task>
<Opcode>0</Opcode>
<Keywords>0x8080000000000000</Keywords>
<TimeCreated SystemTime="2025-07-01 16:39:20.300869"></TimeCreated>
<EventRecordID>95</EventRecordID>
<Correlation ActivityID="{ab769450-eaa6-0001-c195-76aba6eadb01}" RelatedActivityID=""></Correlation>
<Execution ProcessID="704" ThreadID="708"></Execution>
<Channel>Directory Service</Channel>
<Computer>S200401.overwatch.htb</Computer>
<Security UserID="S-1-5-7"></Security>
</System>
<EventData><Data></Data>
<Binary></Binary>
</EventData>
</Event>

<Event xmlns="http://schemas.microsoft.com/win/2004/08/events/event"><System><Provider Name="Microsoft-Windows-ActiveDirectory_DomainService" Guid="{0e8478c5-3605-4e8c-8497-1e730c959516}" EventSourceName="NTDS General"></Provider>
<EventID Qualifiers="16384">2406</EventID>
<Version>0</Version>
<Level>4</Level>
<Task>7</Task>
<Opcode>0</Opcode>
<Keywords>0x8080000000000000</Keywords>
<TimeCreated SystemTime="2025-07-01 16:39:20.300869"></TimeCreated>
<EventRecordID>96</EventRecordID>
<Correlation ActivityID="{ab769450-eaa6-0001-c195-76aba6eadb01}" RelatedActivityID=""></Correlation>
<Execution ProcessID="704" ThreadID="708"></Execution>
<Channel>Directory Service</Channel>
<Computer>S200401.overwatch.htb</Computer>
<Security UserID="S-1-5-7"></Security>
</System>
<EventData><Data>&lt;string&gt;Recycle Bin Feature&lt;/string&gt;
</Data>
<Binary></Binary>
</EventData>
</Event>

<Event xmlns="http://schemas.microsoft.com/win/2004/08/events/event"><System><Provider Name="Microsoft-Windows-ActiveDirectory_DomainService" Guid="{0e8478c5-3605-4e8c-8497-1e730c959516}" EventSourceName="NTDS General"></Provider>
<EventID Qualifiers="16384">2406</EventID>
<Version>0</Version>
<Level>4</Level>
<Task>7</Task>
<Opcode>0</Opcode>
<Keywords>0x8080000000000000</Keywords>
<TimeCreated SystemTime="2025-07-01 16:39:20.300869"></TimeCreated>
<EventRecordID>97</EventRecordID>
<Correlation ActivityID="{ab769450-eaa6-0001-c195-76aba6eadb01}" RelatedActivityID=""></Correlation>
<Execution ProcessID="704" ThreadID="708"></Execution>
<Channel>Directory Service</Channel>
<Computer>S200401.overwatch.htb</Computer>
<Security UserID="S-1-5-7"></Security>
</System>
<EventData><Data>&lt;string&gt;Privileged Access Management Feature&lt;/string&gt;
</Data>
<Binary></Binary>
</EventData>
</Event>

<Event xmlns="http://schemas.microsoft.com/win/2004/08/events/event"><System><Provider Name="Microsoft-Windows-ActiveDirectory_DomainService" Guid="{0e8478c5-3605-4e8c-8497-1e730c959516}" EventSourceName="NTDS General"></Provider>
<EventID Qualifiers="16384">2168</EventID>
<Version>0</Version>
<Level>4</Level>
<Task>7</Task>
<Opcode>0</Opcode>
<Keywords>0x8080000000000000</Keywords>
<TimeCreated SystemTime="2025-07-01 16:39:20.300869"></TimeCreated>
<EventRecordID>98</EventRecordID>
<Correlation ActivityID="{ab769450-eaa6-0001-c195-76aba6eadb01}" RelatedActivityID=""></Correlation>
<Execution ProcessID="704" ThreadID="708"></Execution>
<Channel>Directory Service</Channel>
<Computer>S200401.overwatch.htb</Computer>
<Security UserID="S-1-5-7"></Security>
</System>
<EventData><Data>&lt;string&gt;7681246062338567103&lt;/string&gt;
</Data>
<Binary></Binary>
</EventData>
</Event>

<Event xmlns="http://schemas.microsoft.com/win/2004/08/events/event"><System><Provider Name="Microsoft-Windows-ActiveDirectory_DomainService" Guid="{0e8478c5-3605-4e8c-8497-1e730c959516}" EventSourceName="NTDS General"></Provider>
<EventID Qualifiers="16384">2172</EventID>
<Version>0</Version>
<Level>4</Level>
<Task>7</Task>
<Opcode>0</Opcode>
<Keywords>0x8080000000000000</Keywords>
<TimeCreated SystemTime="2025-07-01 16:39:20.300869"></TimeCreated>
<EventRecordID>99</EventRecordID>
<Correlation ActivityID="{ab769450-eaa6-0001-c195-76aba6eadb01}" RelatedActivityID=""></Correlation>
<Execution ProcessID="704" ThreadID="708"></Execution>
<Channel>Directory Service</Channel>
<Computer>S200401.overwatch.htb</Computer>
<Security UserID="S-1-5-7"></Security>
</System>
<EventData><Data>&lt;string&gt;16652226109260966576&lt;/string&gt;
</Data>
<Binary></Binary>
</EventData>
</Event>

<Event xmlns="http://schemas.microsoft.com/win/2004/08/events/event"><System><Provider Name="Microsoft-Windows-ActiveDirectory_DomainService" Guid="{0e8478c5-3605-4e8c-8497-1e730c959516}" EventSourceName="NTDS General"></Provider>
<EventID Qualifiers="32768">2170</EventID>
<Version>0</Version>
<Level>3</Level>
<Task>7</Task>
<Opcode>0</Opcode>
<Keywords>0x8080000000000000</Keywords>
<TimeCreated SystemTime="2025-07-01 16:39:20.300869"></TimeCreated>
<EventRecordID>100</EventRecordID>
<Correlation ActivityID="{ab769450-eaa6-0001-c195-76aba6eadb01}" RelatedActivityID=""></Correlation>
<Execution ProcessID="704" ThreadID="708"></Execution>
<Channel>Directory Service</Channel>
<Computer>S200401.overwatch.htb</Computer>
<Security UserID="S-1-5-7"></Security>
</System>
<EventData><Data>&lt;string&gt;16652226109260966576&lt;/string&gt;
&lt;string&gt;7681246062338567103&lt;/string&gt;
</Data>
<Binary></Binary>
</EventData>
</Event>

<Event xmlns="http://schemas.microsoft.com/win/2004/08/events/event"><System><Provider Name="Microsoft-Windows-ActiveDirectory_DomainService" Guid="{0e8478c5-3605-4e8c-8497-1e730c959516}" EventSourceName="NTDS General"></Provider>
<EventID Qualifiers="16384">1109</EventID>
<Version>0</Version>
<Level>4</Level>
<Task>5</Task>
<Opcode>0</Opcode>
<Keywords>0x8080000000000000</Keywords>
<TimeCreated SystemTime="2025-07-01 16:39:20.300869"></TimeCreated>
<EventRecordID>101</EventRecordID>
<Correlation ActivityID="{ab769450-eaa6-0001-c195-76aba6eadb01}" RelatedActivityID=""></Correlation>
<Execution ProcessID="704" ThreadID="708"></Execution>
<Channel>Directory Service</Channel>
<Computer>S200401.overwatch.htb</Computer>
<Security UserID="S-1-5-7"></Security>
</System>
<EventData><Data>&lt;string&gt;6e070c81-9da8-49e7-bae3-ca56690a32e6&lt;/string&gt;
&lt;string&gt;dbaa65b0-5856-4e67-9e86-ecb50ccb5167&lt;/string&gt;
&lt;string&gt;20483&lt;/string&gt;
</Data>
<Binary></Binary>
</EventData>
</Event>

<Event xmlns="http://schemas.microsoft.com/win/2004/08/events/event"><System><Provider Name="Microsoft-Windows-ActiveDirectory_DomainService" Guid="{0e8478c5-3605-4e8c-8497-1e730c959516}" EventSourceName="NTDS General"></Provider>
<EventID Qualifiers="16384">2179</EventID>
<Version>0</Version>
<Level>4</Level>
<Task>7</Task>
<Opcode>0</Opcode>
<Keywords>0x8080000000000000</Keywords>
<TimeCreated SystemTime="2025-07-01 16:39:20.316477"></TimeCreated>
<EventRecordID>102</EventRecordID>
<Correlation ActivityID="" RelatedActivityID=""></Correlation>
<Execution ProcessID="704" ThreadID="708"></Execution>
<Channel>Directory Service</Channel>
<Computer>S200401.overwatch.htb</Computer>
<Security UserID="S-1-5-7"></Security>
</System>
<EventData><Data>&lt;string&gt;7681246062338567103&lt;/string&gt;
</Data>
<Binary></Binary>
</EventData>
</Event>

<Event xmlns="http://schemas.microsoft.com/win/2004/08/events/event"><System><Provider Name="Microsoft-Windows-ActiveDirectory_DomainService" Guid="{0e8478c5-3605-4e8c-8497-1e730c959516}" EventSourceName="NTDS General"></Provider>
<EventID Qualifiers="16384">2208</EventID>
<Version>0</Version>
<Level>4</Level>
<Task>7</Task>
<Opcode>0</Opcode>
<Keywords>0x8080000000000000</Keywords>
<TimeCreated SystemTime="2025-07-01 16:39:20.332092"></TimeCreated>
<EventRecordID>103</EventRecordID>
<Correlation ActivityID="" RelatedActivityID=""></Correlation>
<Execution ProcessID="704" ThreadID="876"></Execution>
<Channel>Directory Service</Channel>
<Computer>S200401.overwatch.htb</Computer>
<Security UserID=""></Security>
</System>
<EventData><Data></Data>
<Binary></Binary>
</EventData>
</Event>

<Event xmlns="http://schemas.microsoft.com/win/2004/08/events/event"><System><Provider Name="Microsoft-Windows-ActiveDirectory_DomainService" Guid="{0e8478c5-3605-4e8c-8497-1e730c959516}" EventSourceName="NTDS General"></Provider>
<EventID Qualifiers="16384">2405</EventID>
<Version>0</Version>
<Level>4</Level>
<Task>7</Task>
<Opcode>0</Opcode>
<Keywords>0x8080000000000000</Keywords>
<TimeCreated SystemTime="2025-07-01 16:39:20.332092"></TimeCreated>
<EventRecordID>104</EventRecordID>
<Correlation ActivityID="" RelatedActivityID=""></Correlation>
<Execution ProcessID="704" ThreadID="868"></Execution>
<Channel>Directory Service</Channel>
<Computer>S200401.overwatch.htb</Computer>
<Security UserID="S-1-5-7"></Security>
</System>
<EventData><Data>&lt;string&gt;Privileged Access Management Feature&lt;/string&gt;
</Data>
<Binary></Binary>
</EventData>
</Event>

<Event xmlns="http://schemas.microsoft.com/win/2004/08/events/event"><System><Provider Name="Microsoft-Windows-ActiveDirectory_DomainService" Guid="{0e8478c5-3605-4e8c-8497-1e730c959516}" EventSourceName="NTDS General"></Provider>
<EventID Qualifiers="16384">2120</EventID>
<Version>0</Version>
<Level>4</Level>
<Task>7</Task>
<Opcode>0</Opcode>
<Keywords>0x8080000000000000</Keywords>
<TimeCreated SystemTime="2025-07-01 16:39:20.332092"></TimeCreated>
<EventRecordID>105</EventRecordID>
<Correlation ActivityID="" RelatedActivityID=""></Correlation>
<Execution ProcessID="704" ThreadID="868"></Execution>
<Channel>Directory Service</Channel>
<Computer>S200401.overwatch.htb</Computer>
<Security UserID="S-1-5-7"></Security>
</System>
<EventData><Data></Data>
<Binary></Binary>
</EventData>
</Event>

<Event xmlns="http://schemas.microsoft.com/win/2004/08/events/event"><System><Provider Name="Microsoft-Windows-ActiveDirectory_DomainService" Guid="{0e8478c5-3605-4e8c-8497-1e730c959516}" EventSourceName="NTDS General"></Provider>
<EventID Qualifiers="16384">2405</EventID>
<Version>0</Version>
<Level>4</Level>
<Task>7</Task>
<Opcode>0</Opcode>
<Keywords>0x8080000000000000</Keywords>
<TimeCreated SystemTime="2025-07-01 16:39:20.332092"></TimeCreated>
<EventRecordID>106</EventRecordID>
<Correlation ActivityID="" RelatedActivityID=""></Correlation>
<Execution ProcessID="704" ThreadID="868"></Execution>
<Channel>Directory Service</Channel>
<Computer>S200401.overwatch.htb</Computer>
<Security UserID="S-1-5-7"></Security>
</System>
<EventData><Data>&lt;string&gt;Recycle Bin Feature&lt;/string&gt;
</Data>
<Binary></Binary>
</EventData>
</Event>

<Event xmlns="http://schemas.microsoft.com/win/2004/08/events/event"><System><Provider Name="Microsoft-Windows-ActiveDirectory_DomainService" Guid="{0e8478c5-3605-4e8c-8497-1e730c959516}" EventSourceName="NTDS General"></Provider>
<EventID Qualifiers="32768">2886</EventID>
<Version>0</Version>
<Level>3</Level>
<Task>16</Task>
<Opcode>0</Opcode>
<Keywords>0x8080000000000000</Keywords>
<TimeCreated SystemTime="2025-07-01 16:39:30.347750"></TimeCreated>
<EventRecordID>107</EventRecordID>
<Correlation ActivityID="" RelatedActivityID=""></Correlation>
<Execution ProcessID="704" ThreadID="892"></Execution>
<Channel>Directory Service</Channel>
<Computer>S200401.overwatch.htb</Computer>
<Security UserID="S-1-5-7"></Security>
</System>
<EventData><Data></Data>
<Binary></Binary>
</EventData>
</Event>

<Event xmlns="http://schemas.microsoft.com/win/2004/08/events/event"><System><Provider Name="Microsoft-Windows-ActiveDirectory_DomainService" Guid="{0e8478c5-3605-4e8c-8497-1e730c959516}" EventSourceName="NTDS General"></Provider>
<EventID Qualifiers="32768">3041</EventID>
<Version>0</Version>
<Level>3</Level>
<Task>16</Task>
<Opcode>0</Opcode>
<Keywords>0x8080000000000000</Keywords>
<TimeCreated SystemTime="2025-07-01 16:39:30.347750"></TimeCreated>
<EventRecordID>108</EventRecordID>
<Correlation ActivityID="" RelatedActivityID=""></Correlation>
<Execution ProcessID="704" ThreadID="892"></Execution>
<Channel>Directory Service</Channel>
<Computer>S200401.overwatch.htb</Computer>
<Security UserID="S-1-5-7"></Security>
</System>
<EventData><Data></Data>
<Binary></Binary>
</EventData>
</Event>

<Event xmlns="http://schemas.microsoft.com/win/2004/08/events/event"><System><Provider Name="Microsoft-Windows-ActiveDirectory_DomainService" Guid="{0e8478c5-3605-4e8c-8497-1e730c959516}" EventSourceName="NTDS General"></Provider>
<EventID Qualifiers="16384">1000</EventID>
<Version>0</Version>
<Level>4</Level>
<Task>12</Task>
<Opcode>0</Opcode>
<Keywords>0x8080000000000000</Keywords>
<TimeCreated SystemTime="2025-07-01 16:39:30.347750"></TimeCreated>
<EventRecordID>109</EventRecordID>
<Correlation ActivityID="" RelatedActivityID=""></Correlation>
<Execution ProcessID="704" ThreadID="892"></Execution>
<Channel>Directory Service</Channel>
<Computer>S200401.overwatch.htb</Computer>
<Security UserID="S-1-5-7"></Security>
</System>
<EventData><Data></Data>
<Binary></Binary>
</EventData>
</Event>

<Event xmlns="http://schemas.microsoft.com/win/2004/08/events/event"><System><Provider Name="Microsoft-Windows-ActiveDirectory_DomainService" Guid="{0e8478c5-3605-4e8c-8497-1e730c959516}" EventSourceName="NTDS General"></Provider>
<EventID Qualifiers="16384">1394</EventID>
<Version>0</Version>
<Level>4</Level>
<Task>12</Task>
<Opcode>0</Opcode>
<Keywords>0x8080000000000000</Keywords>
<TimeCreated SystemTime="2025-07-01 16:40:00.348198"></TimeCreated>
<EventRecordID>110</EventRecordID>
<Correlation ActivityID="" RelatedActivityID=""></Correlation>
<Execution ProcessID="704" ThreadID="868"></Execution>
<Channel>Directory Service</Channel>
<Computer>S200401.overwatch.htb</Computer>
<Security UserID="S-1-5-7"></Security>
</System>
<EventData><Data></Data>
<Binary></Binary>
</EventData>
</Event>

<Event xmlns="http://schemas.microsoft.com/win/2004/08/events/event"><System><Provider Name="Microsoft-Windows-ActiveDirectory_DomainService" Guid="{0e8478c5-3605-4e8c-8497-1e730c959516}" EventSourceName="NTDS General"></Provider>
<EventID Qualifiers="16384">2179</EventID>
<Version>0</Version>
<Level>4</Level>
<Task>7</Task>
<Opcode>0</Opcode>
<Keywords>0x8080000000000000</Keywords>
<TimeCreated SystemTime="2025-07-01 16:41:16.598192"></TimeCreated>
<EventRecordID>111</EventRecordID>
<Correlation ActivityID="" RelatedActivityID=""></Correlation>
<Execution ProcessID="704" ThreadID="1516"></Execution>
<Channel>Directory Service</Channel>
<Computer>S200401.overwatch.htb</Computer>
<Security UserID="S-1-5-7"></Security>
</System>
<EventData><Data>&lt;string&gt;7681246062338567103&lt;/string&gt;
</Data>
<Binary></Binary>
</EventData>
</Event>

<Event xmlns="http://schemas.microsoft.com/win/2004/08/events/event"><System><Provider Name="Microsoft-Windows-ActiveDirectory_DomainService" Guid="{0e8478c5-3605-4e8c-8497-1e730c959516}" EventSourceName="NTDS General"></Provider>
<EventID Qualifiers="16384">1004</EventID>
<Version>0</Version>
<Level>4</Level>
<Task>12</Task>
<Opcode>0</Opcode>
<Keywords>0x8080000000000000</Keywords>
<TimeCreated SystemTime="2025-07-01 16:41:17.973219"></TimeCreated>
<EventRecordID>112</EventRecordID>
<Correlation ActivityID="" RelatedActivityID=""></Correlation>
<Execution ProcessID="704" ThreadID="1516"></Execution>
<Channel>Directory Service</Channel>
<Computer>S200401.overwatch.htb</Computer>
<Security UserID=""></Security>
</System>
<EventData><Data></Data>
<Binary></Binary>
</EventData>
</Event>

<Event xmlns="http://schemas.microsoft.com/win/2004/08/events/event"><System><Provider Name="Microsoft-Windows-ActiveDirectory_DomainService" Guid="{0e8478c5-3605-4e8c-8497-1e730c959516}" EventSourceName="NTDS General"></Provider>
<EventID Qualifiers="32768">3051</EventID>
<Version>0</Version>
<Level>3</Level>
<Task>2</Task>
<Opcode>0</Opcode>
<Keywords>0x8080000000000000</Keywords>
<TimeCreated SystemTime="2025-07-07 09:44:30.603941"></TimeCreated>
<EventRecordID>113</EventRecordID>
<Correlation ActivityID="{b88e8198-ef23-0001-7f82-8eb823efdb01}" RelatedActivityID=""></Correlation>
<Execution ProcessID="676" ThreadID="680"></Execution>
<Channel>Directory Service</Channel>
<Computer>S200401.overwatch.htb</Computer>
<Security UserID="S-1-5-7"></Security>
</System>
<EventData><Data></Data>
<Binary></Binary>
</EventData>
</Event>

<Event xmlns="http://schemas.microsoft.com/win/2004/08/events/event"><System><Provider Name="Microsoft-Windows-ActiveDirectory_DomainService" Guid="{0e8478c5-3605-4e8c-8497-1e730c959516}" EventSourceName="NTDS General"></Provider>
<EventID Qualifiers="32768">3054</EventID>
<Version>0</Version>
<Level>3</Level>
<Task>2</Task>
<Opcode>0</Opcode>
<Keywords>0x8080000000000000</Keywords>
<TimeCreated SystemTime="2025-07-07 09:44:30.603941"></TimeCreated>
<EventRecordID>114</EventRecordID>
<Correlation ActivityID="{b88e8198-ef23-0001-7f82-8eb823efdb01}" RelatedActivityID=""></Correlation>
<Execution ProcessID="676" ThreadID="680"></Execution>
<Channel>Directory Service</Channel>
<Computer>S200401.overwatch.htb</Computer>
<Security UserID="S-1-5-7"></Security>
</System>
<EventData><Data></Data>
<Binary></Binary>
</EventData>
</Event>

<Event xmlns="http://schemas.microsoft.com/win/2004/08/events/event"><System><Provider Name="Microsoft-Windows-ActiveDirectory_DomainService" Guid="{0e8478c5-3605-4e8c-8497-1e730c959516}" EventSourceName="NTDS General"></Provider>
<EventID Qualifiers="16384">2121</EventID>
<Version>0</Version>
<Level>4</Level>
<Task>7</Task>
<Opcode>0</Opcode>
<Keywords>0x8080000000000000</Keywords>
<TimeCreated SystemTime="2025-07-07 09:44:30.728903"></TimeCreated>
<EventRecordID>115</EventRecordID>
<Correlation ActivityID="{b88e8198-ef23-0001-7f82-8eb823efdb01}" RelatedActivityID=""></Correlation>
<Execution ProcessID="676" ThreadID="680"></Execution>
<Channel>Directory Service</Channel>
<Computer>S200401.overwatch.htb</Computer>
<Security UserID="S-1-5-7"></Security>
</System>
<EventData><Data></Data>
<Binary></Binary>
</EventData>
</Event>

<Event xmlns="http://schemas.microsoft.com/win/2004/08/events/event"><System><Provider Name="Microsoft-Windows-ActiveDirectory_DomainService" Guid="{0e8478c5-3605-4e8c-8497-1e730c959516}" EventSourceName="NTDS General"></Provider>
<EventID Qualifiers="16384">2406</EventID>
<Version>0</Version>
<Level>4</Level>
<Task>7</Task>
<Opcode>0</Opcode>
<Keywords>0x8080000000000000</Keywords>
<TimeCreated SystemTime="2025-07-07 09:44:30.728903"></TimeCreated>
<EventRecordID>116</EventRecordID>
<Correlation ActivityID="{b88e8198-ef23-0001-7f82-8eb823efdb01}" RelatedActivityID=""></Correlation>
<Execution ProcessID="676" ThreadID="680"></Execution>
<Channel>Directory Service</Channel>
<Computer>S200401.overwatch.htb</Computer>
<Security UserID="S-1-5-7"></Security>
</System>
<EventData><Data>&lt;string&gt;Recycle Bin Feature&lt;/string&gt;
</Data>
<Binary></Binary>
</EventData>
</Event>

<Event xmlns="http://schemas.microsoft.com/win/2004/08/events/event"><System><Provider Name="Microsoft-Windows-ActiveDirectory_DomainService" Guid="{0e8478c5-3605-4e8c-8497-1e730c959516}" EventSourceName="NTDS General"></Provider>
<EventID Qualifiers="16384">2406</EventID>
<Version>0</Version>
<Level>4</Level>
<Task>7</Task>
<Opcode>0</Opcode>
<Keywords>0x8080000000000000</Keywords>
<TimeCreated SystemTime="2025-07-07 09:44:30.744541"></TimeCreated>
<EventRecordID>117</EventRecordID>
<Correlation ActivityID="{b88e8198-ef23-0001-7f82-8eb823efdb01}" RelatedActivityID=""></Correlation>
<Execution ProcessID="676" ThreadID="680"></Execution>
<Channel>Directory Service</Channel>
<Computer>S200401.overwatch.htb</Computer>
<Security UserID="S-1-5-7"></Security>
</System>
<EventData><Data>&lt;string&gt;Privileged Access Management Feature&lt;/string&gt;
</Data>
<Binary></Binary>
</EventData>
</Event>

<Event xmlns="http://schemas.microsoft.com/win/2004/08/events/event"><System><Provider Name="Microsoft-Windows-ActiveDirectory_DomainService" Guid="{0e8478c5-3605-4e8c-8497-1e730c959516}" EventSourceName="NTDS General"></Provider>
<EventID Qualifiers="16384">2168</EventID>
<Version>0</Version>
<Level>4</Level>
<Task>7</Task>
<Opcode>0</Opcode>
<Keywords>0x8080000000000000</Keywords>
<TimeCreated SystemTime="2025-07-07 09:44:30.744541"></TimeCreated>
<EventRecordID>118</EventRecordID>
<Correlation ActivityID="{b88e8198-ef23-0001-7f82-8eb823efdb01}" RelatedActivityID=""></Correlation>
<Execution ProcessID="676" ThreadID="680"></Execution>
<Channel>Directory Service</Channel>
<Computer>S200401.overwatch.htb</Computer>
<Security UserID="S-1-5-7"></Security>
</System>
<EventData><Data>&lt;string&gt;7976315540157595174&lt;/string&gt;
</Data>
<Binary></Binary>
</EventData>
</Event>

<Event xmlns="http://schemas.microsoft.com/win/2004/08/events/event"><System><Provider Name="Microsoft-Windows-ActiveDirectory_DomainService" Guid="{0e8478c5-3605-4e8c-8497-1e730c959516}" EventSourceName="NTDS General"></Provider>
<EventID Qualifiers="16384">2172</EventID>
<Version>0</Version>
<Level>4</Level>
<Task>7</Task>
<Opcode>0</Opcode>
<Keywords>0x8080000000000000</Keywords>
<TimeCreated SystemTime="2025-07-07 09:44:30.744541"></TimeCreated>
<EventRecordID>119</EventRecordID>
<Correlation ActivityID="{b88e8198-ef23-0001-7f82-8eb823efdb01}" RelatedActivityID=""></Correlation>
<Execution ProcessID="676" ThreadID="680"></Execution>
<Channel>Directory Service</Channel>
<Computer>S200401.overwatch.htb</Computer>
<Security UserID="S-1-5-7"></Security>
</System>
<EventData><Data>&lt;string&gt;7681246062338567103&lt;/string&gt;
</Data>
<Binary></Binary>
</EventData>
</Event>

<Event xmlns="http://schemas.microsoft.com/win/2004/08/events/event"><System><Provider Name="Microsoft-Windows-ActiveDirectory_DomainService" Guid="{0e8478c5-3605-4e8c-8497-1e730c959516}" EventSourceName="NTDS General"></Provider>
<EventID Qualifiers="32768">2170</EventID>
<Version>0</Version>
<Level>3</Level>
<Task>7</Task>
<Opcode>0</Opcode>
<Keywords>0x8080000000000000</Keywords>
<TimeCreated SystemTime="2025-07-07 09:44:30.744541"></TimeCreated>
<EventRecordID>120</EventRecordID>
<Correlation ActivityID="{b88e8198-ef23-0001-7f82-8eb823efdb01}" RelatedActivityID=""></Correlation>
<Execution ProcessID="676" ThreadID="680"></Execution>
<Channel>Directory Service</Channel>
<Computer>S200401.overwatch.htb</Computer>
<Security UserID="S-1-5-7"></Security>
</System>
<EventData><Data>&lt;string&gt;7681246062338567103&lt;/string&gt;
&lt;string&gt;7976315540157595174&lt;/string&gt;
</Data>
<Binary></Binary>
</EventData>
</Event>

<Event xmlns="http://schemas.microsoft.com/win/2004/08/events/event"><System><Provider Name="Microsoft-Windows-ActiveDirectory_DomainService" Guid="{0e8478c5-3605-4e8c-8497-1e730c959516}" EventSourceName="NTDS General"></Provider>
<EventID Qualifiers="16384">1109</EventID>
<Version>0</Version>
<Level>4</Level>
<Task>5</Task>
<Opcode>0</Opcode>
<Keywords>0x8080000000000000</Keywords>
<TimeCreated SystemTime="2025-07-07 09:44:30.744541"></TimeCreated>
<EventRecordID>121</EventRecordID>
<Correlation ActivityID="{b88e8198-ef23-0001-7f82-8eb823efdb01}" RelatedActivityID=""></Correlation>
<Execution ProcessID="676" ThreadID="680"></Execution>
<Channel>Directory Service</Channel>
<Computer>S200401.overwatch.htb</Computer>
<Security UserID="S-1-5-7"></Security>
</System>
<EventData><Data>&lt;string&gt;dbaa65b0-5856-4e67-9e86-ecb50ccb5167&lt;/string&gt;
&lt;string&gt;91fb61a8-9d03-4b97-bf2f-496257ec89d4&lt;/string&gt;
&lt;string&gt;24580&lt;/string&gt;
</Data>
<Binary></Binary>
</EventData>
</Event>

<Event xmlns="http://schemas.microsoft.com/win/2004/08/events/event"><System><Provider Name="Microsoft-Windows-ActiveDirectory_DomainService" Guid="{0e8478c5-3605-4e8c-8497-1e730c959516}" EventSourceName="NTDS General"></Provider>
<EventID Qualifiers="16384">2179</EventID>
<Version>0</Version>
<Level>4</Level>
<Task>7</Task>
<Opcode>0</Opcode>
<Keywords>0x8080000000000000</Keywords>
<TimeCreated SystemTime="2025-07-07 09:44:30.760378"></TimeCreated>
<EventRecordID>122</EventRecordID>
<Correlation ActivityID="" RelatedActivityID=""></Correlation>
<Execution ProcessID="676" ThreadID="680"></Execution>
<Channel>Directory Service</Channel>
<Computer>S200401.overwatch.htb</Computer>
<Security UserID="S-1-5-7"></Security>
</System>
<EventData><Data>&lt;string&gt;7976315540157595174&lt;/string&gt;
</Data>
<Binary></Binary>
</EventData>
</Event>

<Event xmlns="http://schemas.microsoft.com/win/2004/08/events/event"><System><Provider Name="Microsoft-Windows-ActiveDirectory_DomainService" Guid="{0e8478c5-3605-4e8c-8497-1e730c959516}" EventSourceName="NTDS General"></Provider>
<EventID Qualifiers="16384">2208</EventID>
<Version>0</Version>
<Level>4</Level>
<Task>7</Task>
<Opcode>0</Opcode>
<Keywords>0x8080000000000000</Keywords>
<TimeCreated SystemTime="2025-07-07 09:44:30.775837"></TimeCreated>
<EventRecordID>123</EventRecordID>
<Correlation ActivityID="" RelatedActivityID=""></Correlation>
<Execution ProcessID="676" ThreadID="848"></Execution>
<Channel>Directory Service</Channel>
<Computer>S200401.overwatch.htb</Computer>
<Security UserID=""></Security>
</System>
<EventData><Data></Data>
<Binary></Binary>
</EventData>
</Event>

<Event xmlns="http://schemas.microsoft.com/win/2004/08/events/event"><System><Provider Name="Microsoft-Windows-ActiveDirectory_DomainService" Guid="{0e8478c5-3605-4e8c-8497-1e730c959516}" EventSourceName="NTDS General"></Provider>
<EventID Qualifiers="16384">2120</EventID>
<Version>0</Version>
<Level>4</Level>
<Task>7</Task>
<Opcode>0</Opcode>
<Keywords>0x8080000000000000</Keywords>
<TimeCreated SystemTime="2025-07-07 09:44:30.775837"></TimeCreated>
<EventRecordID>124</EventRecordID>
<Correlation ActivityID="" RelatedActivityID=""></Correlation>
<Execution ProcessID="676" ThreadID="840"></Execution>
<Channel>Directory Service</Channel>
<Computer>S200401.overwatch.htb</Computer>
<Security UserID="S-1-5-7"></Security>
</System>
<EventData><Data></Data>
<Binary></Binary>
</EventData>
</Event>

<Event xmlns="http://schemas.microsoft.com/win/2004/08/events/event"><System><Provider Name="Microsoft-Windows-ActiveDirectory_DomainService" Guid="{0e8478c5-3605-4e8c-8497-1e730c959516}" EventSourceName="NTDS General"></Provider>
<EventID Qualifiers="16384">2405</EventID>
<Version>0</Version>
<Level>4</Level>
<Task>7</Task>
<Opcode>0</Opcode>
<Keywords>0x8080000000000000</Keywords>
<TimeCreated SystemTime="2025-07-07 09:44:30.775837"></TimeCreated>
<EventRecordID>125</EventRecordID>
<Correlation ActivityID="" RelatedActivityID=""></Correlation>
<Execution ProcessID="676" ThreadID="840"></Execution>
<Channel>Directory Service</Channel>
<Computer>S200401.overwatch.htb</Computer>
<Security UserID="S-1-5-7"></Security>
</System>
<EventData><Data>&lt;string&gt;Recycle Bin Feature&lt;/string&gt;
</Data>
<Binary></Binary>
</EventData>
</Event>

<Event xmlns="http://schemas.microsoft.com/win/2004/08/events/event"><System><Provider Name="Microsoft-Windows-ActiveDirectory_DomainService" Guid="{0e8478c5-3605-4e8c-8497-1e730c959516}" EventSourceName="NTDS General"></Provider>
<EventID Qualifiers="16384">2405</EventID>
<Version>0</Version>
<Level>4</Level>
<Task>7</Task>
<Opcode>0</Opcode>
<Keywords>0x8080000000000000</Keywords>
<TimeCreated SystemTime="2025-07-07 09:44:30.775837"></TimeCreated>
<EventRecordID>126</EventRecordID>
<Correlation ActivityID="" RelatedActivityID=""></Correlation>
<Execution ProcessID="676" ThreadID="840"></Execution>
<Channel>Directory Service</Channel>
<Computer>S200401.overwatch.htb</Computer>
<Security UserID="S-1-5-7"></Security>
</System>
<EventData><Data>&lt;string&gt;Privileged Access Management Feature&lt;/string&gt;
</Data>
<Binary></Binary>
</EventData>
</Event>

<Event xmlns="http://schemas.microsoft.com/win/2004/08/events/event"><System><Provider Name="Microsoft-Windows-ActiveDirectory_DomainService" Guid="{0e8478c5-3605-4e8c-8497-1e730c959516}" EventSourceName="NTDS General"></Provider>
<EventID Qualifiers="32768">2886</EventID>
<Version>0</Version>
<Level>3</Level>
<Task>16</Task>
<Opcode>0</Opcode>
<Keywords>0x8080000000000000</Keywords>
<TimeCreated SystemTime="2025-07-07 09:44:40.791563"></TimeCreated>
<EventRecordID>127</EventRecordID>
<Correlation ActivityID="" RelatedActivityID=""></Correlation>
<Execution ProcessID="676" ThreadID="864"></Execution>
<Channel>Directory Service</Channel>
<Computer>S200401.overwatch.htb</Computer>
<Security UserID="S-1-5-7"></Security>
</System>
<EventData><Data></Data>
<Binary></Binary>
</EventData>
</Event>

<Event xmlns="http://schemas.microsoft.com/win/2004/08/events/event"><System><Provider Name="Microsoft-Windows-ActiveDirectory_DomainService" Guid="{0e8478c5-3605-4e8c-8497-1e730c959516}" EventSourceName="NTDS General"></Provider>
<EventID Qualifiers="32768">3041</EventID>
<Version>0</Version>
<Level>3</Level>
<Task>16</Task>
<Opcode>0</Opcode>
<Keywords>0x8080000000000000</Keywords>
<TimeCreated SystemTime="2025-07-07 09:44:40.791563"></TimeCreated>
<EventRecordID>128</EventRecordID>
<Correlation ActivityID="" RelatedActivityID=""></Correlation>
<Execution ProcessID="676" ThreadID="864"></Execution>
<Channel>Directory Service</Channel>
<Computer>S200401.overwatch.htb</Computer>
<Security UserID="S-1-5-7"></Security>
</System>
<EventData><Data></Data>
<Binary></Binary>
</EventData>
</Event>

