<Event xmlns="http://schemas.microsoft.com/win/2004/08/events/event"><System><Provider Name="Microsoft-Windows-ActiveDirectory_DomainService" Guid="{0e8478c5-3605-4e8c-8497-1e730c959516}" EventSourceName="NTDS General"></Provider>
<EventID Qualifiers="32768">2886</EventID>
<Version>0</Version>
<Level>3</Level>
<Task>16</Task>
<Opcode>0</Opcode>
<Keywords>0x8080000000000000</Keywords>
<TimeCreated SystemTime="2025-12-31 11:13:06.561703"></TimeCreated>
<EventRecordID>239</EventRecordID>
<Correlation ActivityID="" RelatedActivityID=""></Correlation>
<Execution ProcessID="688" ThreadID="868"></Execution>
<Channel>Directory Service</Channel>
<Computer>S200401.overwatch.htb</Computer>
<Security UserID="S-1-5-7"></Security>
</System>
<EventData><Data></Data>
<Binary></Binary>
</EventData>
</Event>

<Event xmlns="http://schemas.microsoft.com/win/2004/08/events/event"><System><Provider Name="Microsoft-Windows-ActiveDirectory_DomainService" Guid="{0e8478c5-3605-4e8c-8497-1e730c959516}" EventSourceName="NTDS General"></Provider>
<EventID Qualifiers="32768">3041</EventID>
<Version>0</Version>
<Level>3</Level>
<Task>16</Task>
<Opcode>0</Opcode>
<Keywords>0x8080000000000000</Keywords>
<TimeCreated SystemTime="2025-12-31 11:13:06.561703"></TimeCreated>
<EventRecordID>240</EventRecordID>
<Correlation ActivityID="" RelatedActivityID=""></Correlation>
<Execution ProcessID="688" ThreadID="868"></Execution>
<Channel>Directory Service</Channel>
<Computer>S200401.overwatch.htb</Computer>
<Security UserID="S-1-5-7"></Security>
</System>
<EventData><Data></Data>
<Binary></Binary>
</EventData>
</Event>

<Event xmlns="http://schemas.microsoft.com/win/2004/08/events/event"><System><Provider Name="Microsoft-Windows-ActiveDirectory_DomainService" Guid="{0e8478c5-3605-4e8c-8497-1e730c959516}" EventSourceName="NTDS General"></Provider>
<EventID Qualifiers="16384">1000</EventID>
<Version>0</Version>
<Level>4</Level>
<Task>12</Task>
<Opcode>0</Opcode>
<Keywords>0x8080000000000000</Keywords>
<TimeCreated SystemTime="2025-12-31 11:13:06.561703"></TimeCreated>
<EventRecordID>241</EventRecordID>
<Correlation ActivityID="" RelatedActivityID=""></Correlation>
<Execution ProcessID="688" ThreadID="868"></Execution>
<Channel>Directory Service</Channel>
<Computer>S200401.overwatch.htb</Computer>
<Security UserID="S-1-5-7"></Security>
</System>
<EventData><Data></Data>
<Binary></Binary>
</EventData>
</Event>

<Event xmlns="http://schemas.microsoft.com/win/2004/08/events/event"><System><Provider Name="Microsoft-Windows-ActiveDirectory_DomainService" Guid="{0e8478c5-3605-4e8c-8497-1e730c959516}" EventSourceName="NTDS General"></Provider>
<EventID Qualifiers="16384">1394</EventID>
<Version>0</Version>
<Level>4</Level>
<Task>12</Task>
<Opcode>0</Opcode>
<Keywords>0x8080000000000000</Keywords>
<TimeCreated SystemTime="2025-12-31 11:13:36.577908"></TimeCreated>
<EventRecordID>242</EventRecordID>
<Correlation ActivityID="" RelatedActivityID=""></Correlation>
<Execution ProcessID="688" ThreadID="844"></Execution>
<Channel>Directory Service</Channel>
<Computer>S200401.overwatch.htb</Computer>
<Security UserID="S-1-5-7"></Security>
</System>
<EventData><Data></Data>
<Binary></Binary>
</EventData>
</Event>

<Event xmlns="http://schemas.microsoft.com/win/2004/08/events/event"><System><Provider Name="Microsoft-Windows-ActiveDirectory_DomainService" Guid="{0e8478c5-3605-4e8c-8497-1e730c959516}" EventSourceName="NTDS General"></Provider>
<EventID Qualifiers="16384">2179</EventID>
<Version>0</Version>
<Level>4</Level>
<Task>7</Task>
<Opcode>0</Opcode>
<Keywords>0x8080000000000000</Keywords>
<TimeCreated SystemTime="2025-12-31 11:15:47.406015"></TimeCreated>
<EventRecordID>243</EventRecordID>
<Correlation ActivityID="" RelatedActivityID=""></Correlation>
<Execution ProcessID="688" ThreadID="1528"></Execution>
<Channel>Directory Service</Channel>
<Computer>S200401.overwatch.htb</Computer>
<Security UserID="S-1-5-7"></Security>
</System>
<EventData><Data>&lt;string&gt;15558475422005029060&lt;/string&gt;
</Data>
<Binary></Binary>
</EventData>
</Event>

<Event xmlns="http://schemas.microsoft.com/win/2004/08/events/event"><System><Provider Name="Microsoft-Windows-ActiveDirectory_DomainService" Guid="{0e8478c5-3605-4e8c-8497-1e730c959516}" EventSourceName="NTDS General"></Provider>
<EventID Qualifiers="16384">1004</EventID>
<Version>0</Version>
<Level>4</Level>
<Task>12</Task>
<Opcode>0</Opcode>
<Keywords>0x8080000000000000</Keywords>
<TimeCreated SystemTime="2025-12-31 11:15:48.485672"></TimeCreated>
<EventRecordID>244</EventRecordID>
<Correlation ActivityID="" RelatedActivityID=""></Correlation>
<Execution ProcessID="688" ThreadID="1528"></Execution>
<Channel>Directory Service</Channel>
<Computer>S200401.overwatch.htb</Computer>
<Security UserID=""></Security>
</System>
<EventData><Data></Data>
<Binary></Binary>
</EventData>
</Event>

<Event xmlns="http://schemas.microsoft.com/win/2004/08/events/event"><System><Provider Name="Microsoft-Windows-ActiveDirectory_DomainService" Guid="{0e8478c5-3605-4e8c-8497-1e730c959516}" EventSourceName="NTDS General"></Provider>
<EventID Qualifiers="32768">3051</EventID>
<Version>0</Version>
<Level>3</Level>
<Task>2</Task>
<Opcode>0</Opcode>
<Keywords>0x8080000000000000</Keywords>
<TimeCreated SystemTime="2025-12-31 11:39:47.046709"></TimeCreated>
<EventRecordID>245</EventRecordID>
<Correlation ActivityID="{241bb09f-7a4a-0000-9bb1-1b244a7adc01}" RelatedActivityID=""></Correlation>
<Execution ProcessID="688" ThreadID="692"></Execution>
<Channel>Directory Service</Channel>
<Computer>S200401.overwatch.htb</Computer>
<Security UserID="S-1-5-7"></Security>
</System>
<EventData><Data></Data>
<Binary></Binary>
</EventData>
</Event>

<Event xmlns="http://schemas.microsoft.com/win/2004/08/events/event"><System><Provider Name="Microsoft-Windows-ActiveDirectory_DomainService" Guid="{0e8478c5-3605-4e8c-8497-1e730c959516}" EventSourceName="NTDS General"></Provider>
<EventID Qualifiers="32768">3054</EventID>
<Version>0</Version>
<Level>3</Level>
<Task>2</Task>
<Opcode>0</Opcode>
<Keywords>0x8080000000000000</Keywords>
<TimeCreated SystemTime="2025-12-31 11:39:47.046709"></TimeCreated>
<EventRecordID>246</EventRecordID>
<Correlation ActivityID="{241bb09f-7a4a-0000-9bb1-1b244a7adc01}" RelatedActivityID=""></Correlation>
<Execution ProcessID="688" ThreadID="692"></Execution>
<Channel>Directory Service</Channel>
<Computer>S200401.overwatch.htb</Computer>
<Security UserID="S-1-5-7"></Security>
</System>
<EventData><Data></Data>
<Binary></Binary>
</EventData>
</Event>

<Event xmlns="http://schemas.microsoft.com/win/2004/08/events/event"><System><Provider Name="Microsoft-Windows-ActiveDirectory_DomainService" Guid="{0e8478c5-3605-4e8c-8497-1e730c959516}" EventSourceName="NTDS General"></Provider>
<EventID Qualifiers="16384">2121</EventID>
<Version>0</Version>
<Level>4</Level>
<Task>7</Task>
<Opcode>0</Opcode>
<Keywords>0x8080000000000000</Keywords>
<TimeCreated SystemTime="2025-12-31 11:39:47.327967"></TimeCreated>
<EventRecordID>247</EventRecordID>
<Correlation ActivityID="{241bb09f-7a4a-0000-9bb1-1b244a7adc01}" RelatedActivityID=""></Correlation>
<Execution ProcessID="688" ThreadID="692"></Execution>
<Channel>Directory Service</Channel>
<Computer>S200401.overwatch.htb</Computer>
<Security UserID="S-1-5-7"></Security>
</System>
<EventData><Data></Data>
<Binary></Binary>
</EventData>
</Event>

<Event xmlns="http://schemas.microsoft.com/win/2004/08/events/event"><System><Provider Name="Microsoft-Windows-ActiveDirectory_DomainService" Guid="{0e8478c5-3605-4e8c-8497-1e730c959516}" EventSourceName="NTDS General"></Provider>
<EventID Qualifiers="16384">2406</EventID>
<Version>0</Version>
<Level>4</Level>
<Task>7</Task>
<Opcode>0</Opcode>
<Keywords>0x8080000000000000</Keywords>
<TimeCreated SystemTime="2025-12-31 11:39:47.327967"></TimeCreated>
<EventRecordID>248</EventRecordID>
<Correlation ActivityID="{241bb09f-7a4a-0000-9bb1-1b244a7adc01}" RelatedActivityID=""></Correlation>
<Execution ProcessID="688" ThreadID="692"></Execution>
<Channel>Directory Service</Channel>
<Computer>S200401.overwatch.htb</Computer>
<Security UserID="S-1-5-7"></Security>
</System>
<EventData><Data>&lt;string&gt;Recycle Bin Feature&lt;/string&gt;
</Data>
<Binary></Binary>
</EventData>
</Event>

<Event xmlns="http://schemas.microsoft.com/win/2004/08/events/event"><System><Provider Name="Microsoft-Windows-ActiveDirectory_DomainService" Guid="{0e8478c5-3605-4e8c-8497-1e730c959516}" EventSourceName="NTDS General"></Provider>
<EventID Qualifiers="16384">2406</EventID>
<Version>0</Version>
<Level>4</Level>
<Task>7</Task>
<Opcode>0</Opcode>
<Keywords>0x8080000000000000</Keywords>
<TimeCreated SystemTime="2025-12-31 11:39:47.327967"></TimeCreated>
<EventRecordID>249</EventRecordID>
<Correlation ActivityID="{241bb09f-7a4a-0000-9bb1-1b244a7adc01}" RelatedActivityID=""></Correlation>
<Execution ProcessID="688" ThreadID="692"></Execution>
<Channel>Directory Service</Channel>
<Computer>S200401.overwatch.htb</Computer>
<Security UserID="S-1-5-7"></Security>
</System>
<EventData><Data>&lt;string&gt;Privileged Access Management Feature&lt;/string&gt;
</Data>
<Binary></Binary>
</EventData>
</Event>

<Event xmlns="http://schemas.microsoft.com/win/2004/08/events/event"><System><Provider Name="Microsoft-Windows-ActiveDirectory_DomainService" Guid="{0e8478c5-3605-4e8c-8497-1e730c959516}" EventSourceName="NTDS General"></Provider>
<EventID Qualifiers="16384">2168</EventID>
<Version>0</Version>
<Level>4</Level>
<Task>7</Task>
<Opcode>0</Opcode>
<Keywords>0x8080000000000000</Keywords>
<TimeCreated SystemTime="2025-12-31 11:39:47.327967"></TimeCreated>
<EventRecordID>250</EventRecordID>
<Correlation ActivityID="{241bb09f-7a4a-0000-9bb1-1b244a7adc01}" RelatedActivityID=""></Correlation>
<Execution ProcessID="688" ThreadID="692"></Execution>
<Channel>Directory Service</Channel>
<Computer>S200401.overwatch.htb</Computer>
<Security UserID="S-1-5-7"></Security>
</System>
<EventData><Data>&lt;string&gt;15843961678133436431&lt;/string&gt;
</Data>
<Binary></Binary>
</EventData>
</Event>

<Event xmlns="http://schemas.microsoft.com/win/2004/08/events/event"><System><Provider Name="Microsoft-Windows-ActiveDirectory_DomainService" Guid="{0e8478c5-3605-4e8c-8497-1e730c959516}" EventSourceName="NTDS General"></Provider>
<EventID Qualifiers="16384">2172</EventID>
<Version>0</Version>
<Level>4</Level>
<Task>7</Task>
<Opcode>0</Opcode>
<Keywords>0x8080000000000000</Keywords>
<TimeCreated SystemTime="2025-12-31 11:39:47.327967"></TimeCreated>
<EventRecordID>251</EventRecordID>
<Correlation ActivityID="{241bb09f-7a4a-0000-9bb1-1b244a7adc01}" RelatedActivityID=""></Correlation>
<Execution ProcessID="688" ThreadID="692"></Execution>
<Channel>Directory Service</Channel>
<Computer>S200401.overwatch.htb</Computer>
<Security UserID="S-1-5-7"></Security>
</System>
<EventData><Data>&lt;string&gt;15558475422005029060&lt;/string&gt;
</Data>
<Binary></Binary>
</EventData>
</Event>

<Event xmlns="http://schemas.microsoft.com/win/2004/08/events/event"><System><Provider Name="Microsoft-Windows-ActiveDirectory_DomainService" Guid="{0e8478c5-3605-4e8c-8497-1e730c959516}" EventSourceName="NTDS General"></Provider>
<EventID Qualifiers="32768">2170</EventID>
<Version>0</Version>
<Level>3</Level>
<Task>7</Task>
<Opcode>0</Opcode>
<Keywords>0x8080000000000000</Keywords>
<TimeCreated SystemTime="2025-12-31 11:39:47.327967"></TimeCreated>
<EventRecordID>252</EventRecordID>
<Correlation ActivityID="{241bb09f-7a4a-0000-9bb1-1b244a7adc01}" RelatedActivityID=""></Correlation>
<Execution ProcessID="688" ThreadID="692"></Execution>
<Channel>Directory Service</Channel>
<Computer>S200401.overwatch.htb</Computer>
<Security UserID="S-1-5-7"></Security>
</System>
<EventData><Data>&lt;string&gt;15558475422005029060&lt;/string&gt;
&lt;string&gt;15843961678133436431&lt;/string&gt;
</Data>
<Binary></Binary>
</EventData>
</Event>

<Event xmlns="http://schemas.microsoft.com/win/2004/08/events/event"><System><Provider Name="Microsoft-Windows-ActiveDirectory_DomainService" Guid="{0e8478c5-3605-4e8c-8497-1e730c959516}" EventSourceName="NTDS General"></Provider>
<EventID Qualifiers="16384">1109</EventID>
<Version>0</Version>
<Level>4</Level>
<Task>5</Task>
<Opcode>0</Opcode>
<Keywords>0x8080000000000000</Keywords>
<TimeCreated SystemTime="2025-12-31 11:39:47.343590"></TimeCreated>
<EventRecordID>253</EventRecordID>
<Correlation ActivityID="{241bb09f-7a4a-0000-9bb1-1b244a7adc01}" RelatedActivityID=""></Correlation>
<Execution ProcessID="688" ThreadID="692"></Execution>
<Channel>Directory Service</Channel>
<Computer>S200401.overwatch.htb</Computer>
<Security UserID="S-1-5-7"></Security>
</System>
<EventData><Data>&lt;string&gt;01fc2e5e-ab71-4759-b583-3ea2be381d5e&lt;/string&gt;
&lt;string&gt;83ab5ab8-9cb9-4f9c-998d-df97a013a00e&lt;/string&gt;
&lt;string&gt;49162&lt;/string&gt;
</Data>
<Binary></Binary>
</EventData>
</Event>

<Event xmlns="http://schemas.microsoft.com/win/2004/08/events/event"><System><Provider Name="Microsoft-Windows-ActiveDirectory_DomainService" Guid="{0e8478c5-3605-4e8c-8497-1e730c959516}" EventSourceName="NTDS General"></Provider>
<EventID Qualifiers="16384">2179</EventID>
<Version>0</Version>
<Level>4</Level>
<Task>7</Task>
<Opcode>0</Opcode>
<Keywords>0x8080000000000000</Keywords>
<TimeCreated SystemTime="2025-12-31 11:39:47.359215"></TimeCreated>
<EventRecordID>254</EventRecordID>
<Correlation ActivityID="" RelatedActivityID=""></Correlation>
<Execution ProcessID="688" ThreadID="692"></Execution>
<Channel>Directory Service</Channel>
<Computer>S200401.overwatch.htb</Computer>
<Security UserID="S-1-5-7"></Security>
</System>
<EventData><Data>&lt;string&gt;15843961678133436431&lt;/string&gt;
</Data>
<Binary></Binary>
</EventData>
</Event>

<Event xmlns="http://schemas.microsoft.com/win/2004/08/events/event"><System><Provider Name="Microsoft-Windows-ActiveDirectory_DomainService" Guid="{0e8478c5-3605-4e8c-8497-1e730c959516}" EventSourceName="NTDS General"></Provider>
<EventID Qualifiers="16384">2208</EventID>
<Version>0</Version>
<Level>4</Level>
<Task>7</Task>
<Opcode>0</Opcode>
<Keywords>0x8080000000000000</Keywords>
<TimeCreated SystemTime="2025-12-31 11:39:47.359215"></TimeCreated>
<EventRecordID>255</EventRecordID>
<Correlation ActivityID="" RelatedActivityID=""></Correlation>
<Execution ProcessID="688" ThreadID="852"></Execution>
<Channel>Directory Service</Channel>
<Computer>S200401.overwatch.htb</Computer>
<Security UserID=""></Security>
</System>
<EventData><Data></Data>
<Binary></Binary>
</EventData>
</Event>

<Event xmlns="http://schemas.microsoft.com/win/2004/08/events/event"><System><Provider Name="Microsoft-Windows-ActiveDirectory_DomainService" Guid="{0e8478c5-3605-4e8c-8497-1e730c959516}" EventSourceName="NTDS General"></Provider>
<EventID Qualifiers="16384">2405</EventID>
<Version>0</Version>
<Level>4</Level>
<Task>7</Task>
<Opcode>0</Opcode>
<Keywords>0x8080000000000000</Keywords>
<TimeCreated SystemTime="2025-12-31 11:39:47.374836"></TimeCreated>
<EventRecordID>256</EventRecordID>
<Correlation ActivityID="" RelatedActivityID=""></Correlation>
<Execution ProcessID="688" ThreadID="844"></Execution>
<Channel>Directory Service</Channel>
<Computer>S200401.overwatch.htb</Computer>
<Security UserID="S-1-5-7"></Security>
</System>
<EventData><Data>&lt;string&gt;Privileged Access Management Feature&lt;/string&gt;
</Data>
<Binary></Binary>
</EventData>
</Event>

<Event xmlns="http://schemas.microsoft.com/win/2004/08/events/event"><System><Provider Name="Microsoft-Windows-ActiveDirectory_DomainService" Guid="{0e8478c5-3605-4e8c-8497-1e730c959516}" EventSourceName="NTDS General"></Provider>
<EventID Qualifiers="16384">2120</EventID>
<Version>0</Version>
<Level>4</Level>
<Task>7</Task>
<Opcode>0</Opcode>
<Keywords>0x8080000000000000</Keywords>
<TimeCreated SystemTime="2025-12-31 11:39:47.374836"></TimeCreated>
<EventRecordID>257</EventRecordID>
<Correlation ActivityID="" RelatedActivityID=""></Correlation>
<Execution ProcessID="688" ThreadID="844"></Execution>
<Channel>Directory Service</Channel>
<Computer>S200401.overwatch.htb</Computer>
<Security UserID="S-1-5-7"></Security>
</System>
<EventData><Data></Data>
<Binary></Binary>
</EventData>
</Event>

<Event xmlns="http://schemas.microsoft.com/win/2004/08/events/event"><System><Provider Name="Microsoft-Windows-ActiveDirectory_DomainService" Guid="{0e8478c5-3605-4e8c-8497-1e730c959516}" EventSourceName="NTDS General"></Provider>
<EventID Qualifiers="16384">2405</EventID>
<Version>0</Version>
<Level>4</Level>
<Task>7</Task>
<Opcode>0</Opcode>
<Keywords>0x8080000000000000</Keywords>
<TimeCreated SystemTime="2025-12-31 11:39:47.374836"></TimeCreated>
<EventRecordID>258</EventRecordID>
<Correlation ActivityID="" RelatedActivityID=""></Correlation>
<Execution ProcessID="688" ThreadID="844"></Execution>
<Channel>Directory Service</Channel>
<Computer>S200401.overwatch.htb</Computer>
<Security UserID="S-1-5-7"></Security>
</System>
<EventData><Data>&lt;string&gt;Recycle Bin Feature&lt;/string&gt;
</Data>
<Binary></Binary>
</EventData>
</Event>

<Event xmlns="http://schemas.microsoft.com/win/2004/08/events/event"><System><Provider Name="Microsoft-Windows-ActiveDirectory_DomainService" Guid="{0e8478c5-3605-4e8c-8497-1e730c959516}" EventSourceName="NTDS General"></Provider>
<EventID Qualifiers="32768">2886</EventID>
<Version>0</Version>
<Level>3</Level>
<Task>16</Task>
<Opcode>0</Opcode>
<Keywords>0x8080000000000000</Keywords>
<TimeCreated SystemTime="2025-12-31 11:39:57.390472"></TimeCreated>
<EventRecordID>259</EventRecordID>
<Correlation ActivityID="" RelatedActivityID=""></Correlation>
<Execution ProcessID="688" ThreadID="868"></Execution>
<Channel>Directory Service</Channel>
<Computer>S200401.overwatch.htb</Computer>
<Security UserID="S-1-5-7"></Security>
</System>
<EventData><Data></Data>
<Binary></Binary>
</EventData>
</Event>

<Event xmlns="http://schemas.microsoft.com/win/2004/08/events/event"><System><Provider Name="Microsoft-Windows-ActiveDirectory_DomainService" Guid="{0e8478c5-3605-4e8c-8497-1e730c959516}" EventSourceName="NTDS General"></Provider>
<EventID Qualifiers="32768">3041</EventID>
<Version>0</Version>
<Level>3</Level>
<Task>16</Task>
<Opcode>0</Opcode>
<Keywords>0x8080000000000000</Keywords>
<TimeCreated SystemTime="2025-12-31 11:39:57.390472"></TimeCreated>
<EventRecordID>260</EventRecordID>
<Correlation ActivityID="" RelatedActivityID=""></Correlation>
<Execution ProcessID="688" ThreadID="868"></Execution>
<Channel>Directory Service</Channel>
<Computer>S200401.overwatch.htb</Computer>
<Security UserID="S-1-5-7"></Security>
</System>
<EventData><Data></Data>
<Binary></Binary>
</EventData>
</Event>

<Event xmlns="http://schemas.microsoft.com/win/2004/08/events/event"><System><Provider Name="Microsoft-Windows-ActiveDirectory_DomainService" Guid="{0e8478c5-3605-4e8c-8497-1e730c959516}" EventSourceName="NTDS General"></Provider>
<EventID Qualifiers="16384">1000</EventID>
<Version>0</Version>
<Level>4</Level>
<Task>12</Task>
<Opcode>0</Opcode>
<Keywords>0x8080000000000000</Keywords>
<TimeCreated SystemTime="2025-12-31 11:39:57.390472"></TimeCreated>
<EventRecordID>261</EventRecordID>
<Correlation ActivityID="" RelatedActivityID=""></Correlation>
<Execution ProcessID="688" ThreadID="868"></Execution>
<Channel>Directory Service</Channel>
<Computer>S200401.overwatch.htb</Computer>
<Security UserID="S-1-5-7"></Security>
</System>
<EventData><Data></Data>
<Binary></Binary>
</EventData>
</Event>

<Event xmlns="http://schemas.microsoft.com/win/2004/08/events/event"><System><Provider Name="Microsoft-Windows-ActiveDirectory_DomainService" Guid="{0e8478c5-3605-4e8c-8497-1e730c959516}" EventSourceName="NTDS General"></Provider>
<EventID Qualifiers="16384">1394</EventID>
<Version>0</Version>
<Level>4</Level>
<Task>12</Task>
<Opcode>0</Opcode>
<Keywords>0x8080000000000000</Keywords>
<TimeCreated SystemTime="2025-12-31 11:40:27.391056"></TimeCreated>
<EventRecordID>262</EventRecordID>
<Correlation ActivityID="" RelatedActivityID=""></Correlation>
<Execution ProcessID="688" ThreadID="844"></Execution>
<Channel>Directory Service</Channel>
<Computer>S200401.overwatch.htb</Computer>
<Security UserID="S-1-5-7"></Security>
</System>
<EventData><Data></Data>
<Binary></Binary>
</EventData>
</Event>

<Event xmlns="http://schemas.microsoft.com/win/2004/08/events/event"><System><Provider Name="Microsoft-Windows-ActiveDirectory_DomainService" Guid="{0e8478c5-3605-4e8c-8497-1e730c959516}" EventSourceName="NTDS General"></Provider>
<EventID Qualifiers="16384">2179</EventID>
<Version>0</Version>
<Level>4</Level>
<Task>7</Task>
<Opcode>0</Opcode>
<Keywords>0x8080000000000000</Keywords>
<TimeCreated SystemTime="2025-12-31 11:42:05.062914"></TimeCreated>
<EventRecordID>263</EventRecordID>
<Correlation ActivityID="" RelatedActivityID=""></Correlation>
<Execution ProcessID="688" ThreadID="1508"></Execution>
<Channel>Directory Service</Channel>
<Computer>S200401.overwatch.htb</Computer>
<Security UserID="S-1-5-7"></Security>
</System>
<EventData><Data>&lt;string&gt;15843961678133436431&lt;/string&gt;
</Data>
<Binary></Binary>
</EventData>
</Event>

<Event xmlns="http://schemas.microsoft.com/win/2004/08/events/event"><System><Provider Name="Microsoft-Windows-ActiveDirectory_DomainService" Guid="{0e8478c5-3605-4e8c-8497-1e730c959516}" EventSourceName="NTDS General"></Provider>
<EventID Qualifiers="16384">1004</EventID>
<Version>0</Version>
<Level>4</Level>
<Task>12</Task>
<Opcode>0</Opcode>
<Keywords>0x8080000000000000</Keywords>
<TimeCreated SystemTime="2025-12-31 11:42:06.547298"></TimeCreated>
<EventRecordID>264</EventRecordID>
<Correlation ActivityID="" RelatedActivityID=""></Correlation>
<Execution ProcessID="688" ThreadID="1508"></Execution>
<Channel>Directory Service</Channel>
<Computer>S200401.overwatch.htb</Computer>
<Security UserID=""></Security>
</System>
<EventData><Data></Data>
<Binary></Binary>
</EventData>
</Event>

<Event xmlns="http://schemas.microsoft.com/win/2004/08/events/event"><System><Provider Name="Microsoft-Windows-ActiveDirectory_DomainService" Guid="{0e8478c5-3605-4e8c-8497-1e730c959516}" EventSourceName="NTDS General"></Provider>
<EventID Qualifiers="32768">3051</EventID>
<Version>0</Version>
<Level>3</Level>
<Task>2</Task>
<Opcode>0</Opcode>
<Keywords>0x8080000000000000</Keywords>
<TimeCreated SystemTime="2026-01-01 06:41:37.703196"></TimeCreated>
<EventRecordID>265</EventRecordID>
<Correlation ActivityID="{a7426d62-7ae9-0001-0c6e-42a7e97adc01}" RelatedActivityID=""></Correlation>
<Execution ProcessID="696" ThreadID="700"></Execution>
<Channel>Directory Service</Channel>
<Computer>S200401.overwatch.htb</Computer>
<Security UserID="S-1-5-7"></Security>
</System>
<EventData><Data></Data>
<Binary></Binary>
</EventData>
</Event>

<Event xmlns="http://schemas.microsoft.com/win/2004/08/events/event"><System><Provider Name="Microsoft-Windows-ActiveDirectory_DomainService" Guid="{0e8478c5-3605-4e8c-8497-1e730c959516}" EventSourceName="NTDS General"></Provider>
<EventID Qualifiers="32768">3054</EventID>
<Version>0</Version>
<Level>3</Level>
<Task>2</Task>
<Opcode>0</Opcode>
<Keywords>0x8080000000000000</Keywords>
<TimeCreated SystemTime="2026-01-01 06:41:37.703196"></TimeCreated>
<EventRecordID>266</EventRecordID>
<Correlation ActivityID="{a7426d62-7ae9-0001-0c6e-42a7e97adc01}" RelatedActivityID=""></Correlation>
<Execution ProcessID="696" ThreadID="700"></Execution>
<Channel>Directory Service</Channel>
<Computer>S200401.overwatch.htb</Computer>
<Security UserID="S-1-5-7"></Security>
</System>
<EventData><Data></Data>
<Binary></Binary>
</EventData>
</Event>

<Event xmlns="http://schemas.microsoft.com/win/2004/08/events/event"><System><Provider Name="Microsoft-Windows-ActiveDirectory_DomainService" Guid="{0e8478c5-3605-4e8c-8497-1e730c959516}" EventSourceName="NTDS General"></Provider>
<EventID Qualifiers="16384">2121</EventID>
<Version>0</Version>
<Level>4</Level>
<Task>7</Task>
<Opcode>0</Opcode>
<Keywords>0x8080000000000000</Keywords>
<TimeCreated SystemTime="2026-01-01 06:41:37.937576"></TimeCreated>
<EventRecordID>267</EventRecordID>
<Correlation ActivityID="{a7426d62-7ae9-0001-0c6e-42a7e97adc01}" RelatedActivityID=""></Correlation>
<Execution ProcessID="696" ThreadID="700"></Execution>
<Channel>Directory Service</Channel>
<Computer>S200401.overwatch.htb</Computer>
<Security UserID="S-1-5-7"></Security>
</System>
<EventData><Data></Data>
<Binary></Binary>
</EventData>
</Event>

<Event xmlns="http://schemas.microsoft.com/win/2004/08/events/event"><System><Provider Name="Microsoft-Windows-ActiveDirectory_DomainService" Guid="{0e8478c5-3605-4e8c-8497-1e730c959516}" EventSourceName="NTDS General"></Provider>
<EventID Qualifiers="16384">2406</EventID>
<Version>0</Version>
<Level>4</Level>
<Task>7</Task>
<Opcode>0</Opcode>
<Keywords>0x8080000000000000</Keywords>
<TimeCreated SystemTime="2026-01-01 06:41:37.937576"></TimeCreated>
<EventRecordID>268</EventRecordID>
<Correlation ActivityID="{a7426d62-7ae9-0001-0c6e-42a7e97adc01}" RelatedActivityID=""></Correlation>
<Execution ProcessID="696" ThreadID="700"></Execution>
<Channel>Directory Service</Channel>
<Computer>S200401.overwatch.htb</Computer>
<Security UserID="S-1-5-7"></Security>
</System>
<EventData><Data>&lt;string&gt;Recycle Bin Feature&lt;/string&gt;
</Data>
<Binary></Binary>
</EventData>
</Event>

<Event xmlns="http://schemas.microsoft.com/win/2004/08/events/event"><System><Provider Name="Microsoft-Windows-ActiveDirectory_DomainService" Guid="{0e8478c5-3605-4e8c-8497-1e730c959516}" EventSourceName="NTDS General"></Provider>
<EventID Qualifiers="16384">2406</EventID>
<Version>0</Version>
<Level>4</Level>
<Task>7</Task>
<Opcode>0</Opcode>
<Keywords>0x8080000000000000</Keywords>
<TimeCreated SystemTime="2026-01-01 06:41:37.937576"></TimeCreated>
<EventRecordID>269</EventRecordID>
<Correlation ActivityID="{a7426d62-7ae9-0001-0c6e-42a7e97adc01}" RelatedActivityID=""></Correlation>
<Execution ProcessID="696" ThreadID="700"></Execution>
<Channel>Directory Service</Channel>
<Computer>S200401.overwatch.htb</Computer>
<Security UserID="S-1-5-7"></Security>
</System>
<EventData><Data>&lt;string&gt;Privileged Access Management Feature&lt;/string&gt;
</Data>
<Binary></Binary>
</EventData>
</Event>

<Event xmlns="http://schemas.microsoft.com/win/2004/08/events/event"><System><Provider Name="Microsoft-Windows-ActiveDirectory_DomainService" Guid="{0e8478c5-3605-4e8c-8497-1e730c959516}" EventSourceName="NTDS General"></Provider>
<EventID Qualifiers="16384">2168</EventID>
<Version>0</Version>
<Level>4</Level>
<Task>7</Task>
<Opcode>0</Opcode>
<Keywords>0x8080000000000000</Keywords>
<TimeCreated SystemTime="2026-01-01 06:41:37.937576"></TimeCreated>
<EventRecordID>270</EventRecordID>
<Correlation ActivityID="{a7426d62-7ae9-0001-0c6e-42a7e97adc01}" RelatedActivityID=""></Correlation>
<Execution ProcessID="696" ThreadID="700"></Execution>
<Channel>Directory Service</Channel>
<Computer>S200401.overwatch.htb</Computer>
<Security UserID="S-1-5-7"></Security>
</System>
<EventData><Data>&lt;string&gt;4374544386471982988&lt;/string&gt;
</Data>
<Binary></Binary>
</EventData>
</Event>

<Event xmlns="http://schemas.microsoft.com/win/2004/08/events/event"><System><Provider Name="Microsoft-Windows-ActiveDirectory_DomainService" Guid="{0e8478c5-3605-4e8c-8497-1e730c959516}" EventSourceName="NTDS General"></Provider>
<EventID Qualifiers="16384">2172</EventID>
<Version>0</Version>
<Level>4</Level>
<Task>7</Task>
<Opcode>0</Opcode>
<Keywords>0x8080000000000000</Keywords>
<TimeCreated SystemTime="2026-01-01 06:41:37.937576"></TimeCreated>
<EventRecordID>271</EventRecordID>
<Correlation ActivityID="{a7426d62-7ae9-0001-0c6e-42a7e97adc01}" RelatedActivityID=""></Correlation>
<Execution ProcessID="696" ThreadID="700"></Execution>
<Channel>Directory Service</Channel>
<Computer>S200401.overwatch.htb</Computer>
<Security UserID="S-1-5-7"></Security>
</System>
<EventData><Data>&lt;string&gt;15843961678133436431&lt;/string&gt;
</Data>
<Binary></Binary>
</EventData>
</Event>

<Event xmlns="http://schemas.microsoft.com/win/2004/08/events/event"><System><Provider Name="Microsoft-Windows-ActiveDirectory_DomainService" Guid="{0e8478c5-3605-4e8c-8497-1e730c959516}" EventSourceName="NTDS General"></Provider>
<EventID Qualifiers="32768">2170</EventID>
<Version>0</Version>
<Level>3</Level>
<Task>7</Task>
<Opcode>0</Opcode>
<Keywords>0x8080000000000000</Keywords>
<TimeCreated SystemTime="2026-01-01 06:41:37.937576"></TimeCreated>
<EventRecordID>272</EventRecordID>
<Correlation ActivityID="{a7426d62-7ae9-0001-0c6e-42a7e97adc01}" RelatedActivityID=""></Correlation>
<Execution ProcessID="696" ThreadID="700"></Execution>
<Channel>Directory Service</Channel>
<Computer>S200401.overwatch.htb</Computer>
<Security UserID="S-1-5-7"></Security>
</System>
<EventData><Data>&lt;string&gt;15843961678133436431&lt;/string&gt;
&lt;string&gt;4374544386471982988&lt;/string&gt;
</Data>
<Binary></Binary>
</EventData>
</Event>

<Event xmlns="http://schemas.microsoft.com/win/2004/08/events/event"><System><Provider Name="Microsoft-Windows-ActiveDirectory_DomainService" Guid="{0e8478c5-3605-4e8c-8497-1e730c959516}" EventSourceName="NTDS General"></Provider>
<EventID Qualifiers="16384">1109</EventID>
<Version>0</Version>
<Level>4</Level>
<Task>5</Task>
<Opcode>0</Opcode>
<Keywords>0x8080000000000000</Keywords>
<TimeCreated SystemTime="2026-01-01 06:41:37.953197"></TimeCreated>
<EventRecordID>273</EventRecordID>
<Correlation ActivityID="{a7426d62-7ae9-0001-0c6e-42a7e97adc01}" RelatedActivityID=""></Correlation>
<Execution ProcessID="696" ThreadID="700"></Execution>
<Channel>Directory Service</Channel>
<Computer>S200401.overwatch.htb</Computer>
<Security UserID="S-1-5-7"></Security>
</System>
<EventData><Data>&lt;string&gt;83ab5ab8-9cb9-4f9c-998d-df97a013a00e&lt;/string&gt;
&lt;string&gt;870f8ad0-0eec-4440-83b9-4462301a13a5&lt;/string&gt;
&lt;string&gt;53259&lt;/string&gt;
</Data>
<Binary></Binary>
</EventData>
</Event>

<Event xmlns="http://schemas.microsoft.com/win/2004/08/events/event"><System><Provider Name="Microsoft-Windows-ActiveDirectory_DomainService" Guid="{0e8478c5-3605-4e8c-8497-1e730c959516}" EventSourceName="NTDS General"></Provider>
<EventID Qualifiers="16384">2208</EventID>
<Version>0</Version>
<Level>4</Level>
<Task>7</Task>
<Opcode>0</Opcode>
<Keywords>0x8080000000000000</Keywords>
<TimeCreated SystemTime="2026-01-01 06:41:37.968830"></TimeCreated>
<EventRecordID>274</EventRecordID>
<Correlation ActivityID="" RelatedActivityID=""></Correlation>
<Execution ProcessID="696" ThreadID="860"></Execution>
<Channel>Directory Service</Channel>
<Computer>S200401.overwatch.htb</Computer>
<Security UserID=""></Security>
</System>
<EventData><Data></Data>
<Binary></Binary>
</EventData>
</Event>

<Event xmlns="http://schemas.microsoft.com/win/2004/08/events/event"><System><Provider Name="Microsoft-Windows-ActiveDirectory_DomainService" Guid="{0e8478c5-3605-4e8c-8497-1e730c959516}" EventSourceName="NTDS General"></Provider>
<EventID Qualifiers="16384">2179</EventID>
<Version>0</Version>
<Level>4</Level>
<Task>7</Task>
<Opcode>0</Opcode>
<Keywords>0x8080000000000000</Keywords>
<TimeCreated SystemTime="2026-01-01 06:41:37.968830"></TimeCreated>
<EventRecordID>275</EventRecordID>
<Correlation ActivityID="" RelatedActivityID=""></Correlation>
<Execution ProcessID="696" ThreadID="700"></Execution>
<Channel>Directory Service</Channel>
<Computer>S200401.overwatch.htb</Computer>
<Security UserID="S-1-5-7"></Security>
</System>
<EventData><Data>&lt;string&gt;4374544386471982988&lt;/string&gt;
</Data>
<Binary></Binary>
</EventData>
</Event>

<Event xmlns="http://schemas.microsoft.com/win/2004/08/events/event"><System><Provider Name="Microsoft-Windows-ActiveDirectory_DomainService" Guid="{0e8478c5-3605-4e8c-8497-1e730c959516}" EventSourceName="NTDS General"></Provider>
<EventID Qualifiers="16384">2405</EventID>
<Version>0</Version>
<Level>4</Level>
<Task>7</Task>
<Opcode>0</Opcode>
<Keywords>0x8080000000000000</Keywords>
<TimeCreated SystemTime="2026-01-01 06:41:37.968830"></TimeCreated>
<EventRecordID>276</EventRecordID>
<Correlation ActivityID="" RelatedActivityID=""></Correlation>
<Execution ProcessID="696" ThreadID="852"></Execution>
<Channel>Directory Service</Channel>
<Computer>S200401.overwatch.htb</Computer>
<Security UserID="S-1-5-7"></Security>
</System>
<EventData><Data>&lt;string&gt;Privileged Access Management Feature&lt;/string&gt;
</Data>
<Binary></Binary>
</EventData>
</Event>

<Event xmlns="http://schemas.microsoft.com/win/2004/08/events/event"><System><Provider Name="Microsoft-Windows-ActiveDirectory_DomainService" Guid="{0e8478c5-3605-4e8c-8497-1e730c959516}" EventSourceName="NTDS General"></Provider>
<EventID Qualifiers="16384">2120</EventID>
<Version>0</Version>
<Level>4</Level>
<Task>7</Task>
<Opcode>0</Opcode>
<Keywords>0x8080000000000000</Keywords>
<TimeCreated SystemTime="2026-01-01 06:41:37.968830"></TimeCreated>
<EventRecordID>277</EventRecordID>
<Correlation ActivityID="" RelatedActivityID=""></Correlation>
<Execution ProcessID="696" ThreadID="852"></Execution>
<Channel>Directory Service</Channel>
<Computer>S200401.overwatch.htb</Computer>
<Security UserID="S-1-5-7"></Security>
</System>
<EventData><Data></Data>
<Binary></Binary>
</EventData>
</Event>

<Event xmlns="http://schemas.microsoft.com/win/2004/08/events/event"><System><Provider Name="Microsoft-Windows-ActiveDirectory_DomainService" Guid="{0e8478c5-3605-4e8c-8497-1e730c959516}" EventSourceName="NTDS General"></Provider>
<EventID Qualifiers="16384">2405</EventID>
<Version>0</Version>
<Level>4</Level>
<Task>7</Task>
<Opcode>0</Opcode>
<Keywords>0x8080000000000000</Keywords>
<TimeCreated SystemTime="2026-01-01 06:41:37.968830"></TimeCreated>
<EventRecordID>278</EventRecordID>
<Correlation ActivityID="" RelatedActivityID=""></Correlation>
<Execution ProcessID="696" ThreadID="852"></Execution>
<Channel>Directory Service</Channel>
<Computer>S200401.overwatch.htb</Computer>
<Security UserID="S-1-5-7"></Security>
</System>
<EventData><Data>&lt;string&gt;Recycle Bin Feature&lt;/string&gt;
</Data>
<Binary></Binary>
</EventData>
</Event>

<Event xmlns="http://schemas.microsoft.com/win/2004/08/events/event"><System><Provider Name="Microsoft-Windows-ActiveDirectory_DomainService" Guid="{0e8478c5-3605-4e8c-8497-1e730c959516}" EventSourceName="NTDS General"></Provider>
<EventID Qualifiers="32768">2886</EventID>
<Version>0</Version>
<Level>3</Level>
<Task>16</Task>
<Opcode>0</Opcode>
<Keywords>0x8080000000000000</Keywords>
<TimeCreated SystemTime="2026-01-01 06:41:47.984482"></TimeCreated>
<EventRecordID>279</EventRecordID>
<Correlation ActivityID="" RelatedActivityID=""></Correlation>
<Execution ProcessID="696" ThreadID="876"></Execution>
<Channel>Directory Service</Channel>
<Computer>S200401.overwatch.htb</Computer>
<Security UserID="S-1-5-7"></Security>
</System>
<EventData><Data></Data>
<Binary></Binary>
</EventData>
</Event>

<Event xmlns="http://schemas.microsoft.com/win/2004/08/events/event"><System><Provider Name="Microsoft-Windows-ActiveDirectory_DomainService" Guid="{0e8478c5-3605-4e8c-8497-1e730c959516}" EventSourceName="NTDS General"></Provider>
<EventID Qualifiers="32768">3041</EventID>
<Version>0</Version>
<Level>3</Level>
<Task>16</Task>
<Opcode>0</Opcode>
<Keywords>0x8080000000000000</Keywords>
<TimeCreated SystemTime="2026-01-01 06:41:47.984482"></TimeCreated>
<EventRecordID>280</EventRecordID>
<Correlation ActivityID="" RelatedActivityID=""></Correlation>
<Execution ProcessID="696" ThreadID="876"></Execution>
<Channel>Directory Service</Channel>
<Computer>S200401.overwatch.htb</Computer>
<Security UserID="S-1-5-7"></Security>
</System>
<EventData><Data></Data>
<Binary></Binary>
</EventData>
</Event>

<Event xmlns="http://schemas.microsoft.com/win/2004/08/events/event"><System><Provider Name="Microsoft-Windows-ActiveDirectory_DomainService" Guid="{0e8478c5-3605-4e8c-8497-1e730c959516}" EventSourceName="NTDS General"></Provider>
<EventID Qualifiers="16384">1000</EventID>
<Version>0</Version>
<Level>4</Level>
<Task>12</Task>
<Opcode>0</Opcode>
<Keywords>0x8080000000000000</Keywords>
<TimeCreated SystemTime="2026-01-01 06:41:47.984482"></TimeCreated>
<EventRecordID>281</EventRecordID>
<Correlation ActivityID="" RelatedActivityID=""></Correlation>
<Execution ProcessID="696" ThreadID="876"></Execution>
<Channel>Directory Service</Channel>
<Computer>S200401.overwatch.htb</Computer>
<Security UserID="S-1-5-7"></Security>
</System>
<EventData><Data></Data>
<Binary></Binary>
</EventData>
</Event>

<Event xmlns="http://schemas.microsoft.com/win/2004/08/events/event"><System><Provider Name="Microsoft-Windows-ActiveDirectory_DomainService" Guid="{0e8478c5-3605-4e8c-8497-1e730c959516}" EventSourceName="NTDS General"></Provider>
<EventID Qualifiers="16384">1394</EventID>
<Version>0</Version>
<Level>4</Level>
<Task>12</Task>
<Opcode>0</Opcode>
<Keywords>0x8080000000000000</Keywords>
<TimeCreated SystemTime="2026-01-01 06:42:18.000690"></TimeCreated>
<EventRecordID>282</EventRecordID>
<Correlation ActivityID="" RelatedActivityID=""></Correlation>
<Execution ProcessID="696" ThreadID="852"></Execution>
<Channel>Directory Service</Channel>
<Computer>S200401.overwatch.htb</Computer>
<Security UserID="S-1-5-7"></Security>
</System>
<EventData><Data></Data>
<Binary></Binary>
</EventData>
</Event>

<Event xmlns="http://schemas.microsoft.com/win/2004/08/events/event"><System><Provider Name="NTDS ISAM"></Provider>
<EventID Qualifiers="0">102</EventID>
<Version>0</Version>
<Level>4</Level>
<Task>1</Task>
<Opcode>0</Opcode>
<Keywords>0x0080000000000000</Keywords>
<TimeCreated SystemTime="2026-01-01 06:56:48.279373"></TimeCreated>
<EventRecordID>283</EventRecordID>
<Correlation ActivityID="" RelatedActivityID=""></Correlation>
<Execution ProcessID="0" ThreadID="0"></Execution>
<Channel>Directory Service</Channel>
<Computer>S200401.overwatch.htb</Computer>
<Security UserID=""></Security>
</System>
<EventData><Data>&lt;string&gt;NTDS&lt;/string&gt;
&lt;string&gt;696,P,98&lt;/string&gt;
&lt;string&gt;NTDSA: &lt;/string&gt;
&lt;string&gt;0&lt;/string&gt;
&lt;string&gt;10&lt;/string&gt;
&lt;string&gt;00&lt;/string&gt;
&lt;string&gt;20348&lt;/string&gt;
&lt;string&gt;0000&lt;/string&gt;
</Data>
<Binary></Binary>
</EventData>
</Event>

<Event xmlns="http://schemas.microsoft.com/win/2004/08/events/event"><System><Provider Name="NTDS ISAM"></Provider>
<EventID Qualifiers="0">105</EventID>
<Version>0</Version>
<Level>4</Level>
<Task>1</Task>
<Opcode>0</Opcode>
<Keywords>0x0080000000000000</Keywords>
<TimeCreated SystemTime="2026-01-01 06:56:48.279373"></TimeCreated>
<EventRecordID>284</EventRecordID>
<Correlation ActivityID="" RelatedActivityID=""></Correlation>
<Execution ProcessID="0" ThreadID="0"></Execution>
<Channel>Directory Service</Channel>
<Computer>S200401.overwatch.htb</Computer>
<Security UserID=""></Security>
</System>
<EventData><Data>&lt;string&gt;NTDS&lt;/string&gt;
&lt;string&gt;696,D,0&lt;/string&gt;
&lt;string&gt;NTDSA: &lt;/string&gt;
&lt;string&gt;0&lt;/string&gt;
&lt;string&gt;0&lt;/string&gt;
&lt;string&gt;
[1] 0.001243 +J(0) +M(C:0K, Fs:121, WS:472K # 0K, PF:3248K # 344K, P:3248K)
[2] 0.000275 +J(0) +M(C:16K, Fs:86, WS:332K # 288K, PF:324K # 324K, P:324K)
[3] 0.000569 +J(0) +M(C:0K, Fs:5, WS:20K # 20K, PF:64K # 64K, P:64K)
[4] 0.008452 -0.000372 (1) WT +J(0) +M(C:0K, Fs:121, WS:408K # 408K, PF:5156K # 5156K, P:5156K)
[5] 0.000325 +J(0) +M(C:0K, Fs:4, WS:16K # 16K, PF:4K # 4K, P:4K)
[6] 0.004734 +J(0) +M(C:0K, Fs:15, WS:60K # 60K, PF:12K # 12K, P:12K)
[7] 0.045661 -0.035360 (21) WT +J(0) +M(C:0K, Fs:2575, WS:10280K # 10280K, PF:10260K # 10260K, P:10260K)
[8] -
[9] -
[10] -
[11] -
[12] -
[13] 0.021628 -0.014534 (22) WT +J(CM:0, PgRf:0, Rd:0/0, Dy:0/0, Lg:616/1) +M(C:0K, Fs:11, WS:-10208K # 24K, PF:-10252K # 12K, P:-10252K)
[14] 0.000024 +J(0)
[15] 0.000269 +J(0) +M(C:0K, Fs:205, WS:820K # 0K, PF:64K # 0K, P:64K)
[16] 0.000603 -0.000201 (1) WT +J(0) +M(C:0K, Fs:4, WS:8K # 0K, PF:4K # 0K, P:4K).&lt;/string&gt;
&lt;string&gt;&lt;/string&gt;
</Data>
<Binary></Binary>
</EventData>
</Event>

<Event xmlns="http://schemas.microsoft.com/win/2004/08/events/event"><System><Provider Name="NTDS ISAM"></Provider>
<EventID Qualifiers="0">330</EventID>
<Version>0</Version>
<Level>4</Level>
<Task>1</Task>
<Opcode>0</Opcode>
<Keywords>0x0080000000000000</Keywords>
<TimeCreated SystemTime="2026-01-01 06:56:48.279373"></TimeCreated>
<EventRecordID>285</EventRecordID>
<Correlation ActivityID="" RelatedActivityID=""></Correlation>
<Execution ProcessID="0" ThreadID="0"></Execution>
<Channel>Directory Service</Channel>
<Computer>S200401.overwatch.htb</Computer>
<Security UserID=""></Security>
</System>
<EventData><Data>&lt;string&gt;NTDS&lt;/string&gt;
&lt;string&gt;696,D,50&lt;/string&gt;
&lt;string&gt;NTDSA: &lt;/string&gt;
&lt;string&gt;C:\Windows\NTDS\ntds.dit&lt;/string&gt;
&lt;string&gt;0x22D8 (8920)&lt;/string&gt;
&lt;string&gt;8920 (0x22d8)&lt;/string&gt;
&lt;string&gt;9360 (0x2490)&lt;/string&gt;
</Data>
<Binary></Binary>
</EventData>
</Event>

<Event xmlns="http://schemas.microsoft.com/win/2004/08/events/event"><System><Provider Name="NTDS ISAM"></Provider>
<EventID Qualifiers="0">326</EventID>
<Version>0</Version>
<Level>4</Level>
<Task>1</Task>
<Opcode>0</Opcode>
<Keywords>0x0080000000000000</Keywords>
<TimeCreated SystemTime="2026-01-01 06:56:48.279373"></TimeCreated>
<EventRecordID>286</EventRecordID>
<Correlation ActivityID="" RelatedActivityID=""></Correlation>
<Execution ProcessID="0" ThreadID="0"></Execution>
<Channel>Directory Service</Channel>
<Computer>S200401.overwatch.htb</Computer>
<Security UserID=""></Security>
</System>
<EventData><Data>&lt;string&gt;NTDS&lt;/string&gt;
&lt;string&gt;696,D,50&lt;/string&gt;
&lt;string&gt;NTDSA: &lt;/string&gt;
&lt;string&gt;1&lt;/string&gt;
&lt;string&gt;C:\Windows\NTDS\ntds.dit&lt;/string&gt;
&lt;string&gt;0&lt;/string&gt;
&lt;string&gt;
[1] 0.000007 +J(0) +M(C:0K, Fs:2, WS:8K # 0K, PF:0K # 0K, P:0K)
[2] 0.000751 -0.000388 (1) WT +J(0) +M(C:0K, Fs:21, WS:20K # 0K, PF:8K # 0K, P:8K)
[3] 0.005999 -0.002880 (6) WT +J(CM:0, PgRf:0, Rd:0/0, Dy:0/0, Lg:3480/2) +M(C:0K, Fs:21, WS:72K # 0K, PF:112K # 0K, P:112K)
[4] 0.000076 +J(0)
[5] -
[6] -
[7] -
[8] 0.003435 -0.000355 (2) CM -0.000159 (2) WT +J(CM:2, PgRf:2, Rd:4/2, Dy:0/0, Lg:0/0) +M(C:16K, Fs:58, WS:220K # 0K, PF:216K # 0K, P:216K)
[9] 0.003858 -0.003332 (9) CM -0.003012 (9) WT +J(CM:9, PgRf:24, Rd:0/9, Dy:0/0, Lg:0/0) +M(C:-8K, Fs:29, WS:96K # 0K, PF:192K # 0K, P:192K)
[10] 0.001017 -0.000628 (4) CM -0.000485 (4) WT +J(CM:4, PgRf:40, Rd:0/4, Dy:0/0, Lg:0/0) +M(C:-4K, Fs:4, WS:4K # 0K, PF:60K # 0K, P:60K)
[11] 0.000015 +J(CM:0, PgRf:1, Rd:0/0, Dy:0/0, Lg:0/0)
[12] 0.000055 +J(CM:0, PgRf:48, Rd:0/0, Dy:0/0, Lg:0/0) +M(C:0K, Fs:1, WS:4K # 0K, PF:0K # 0K, P:0K)
[13] 0.0 +J(0)
[14] 0.0 +J(0)
[15] 0.000005 +J(CM:0, PgRf:1, Rd:0/0, Dy:0/0, Lg:0/0).&lt;/string&gt;
&lt;string&gt;0 0&lt;/string&gt;
&lt;string&gt;lgposAttach = 00000003:00CC:0268,
dbv = 1568.20.0 (8920)&lt;/string&gt;
</Data>
<Binary></Binary>
</EventData>
</Event>

<Event xmlns="http://schemas.microsoft.com/win/2004/08/events/event"><System><Provider Name="NTDS ISAM"></Provider>
<EventID Qualifiers="0">330</EventID>
<Version>0</Version>
<Level>4</Level>
<Task>1</Task>
<Opcode>0</Opcode>
<Keywords>0x0080000000000000</Keywords>
<TimeCreated SystemTime="2026-01-01 06:56:48.279373"></TimeCreated>
<EventRecordID>287</EventRecordID>
<Correlation ActivityID="" RelatedActivityID=""></Correlation>
<Execution ProcessID="0" ThreadID="0"></Execution>
<Channel>Directory Service</Channel>
<Computer>S200401.overwatch.htb</Computer>
<Security UserID=""></Security>
</System>
<EventData><Data>&lt;string&gt;NTDS&lt;/string&gt;
&lt;string&gt;696,D,2&lt;/string&gt;
&lt;string&gt;NTDSA: &lt;/string&gt;
&lt;string&gt;C:\Windows\NTDS\temp.edb&lt;/string&gt;
&lt;string&gt;0x22D8 (8920)&lt;/string&gt;
&lt;string&gt;8920 (0x22d8)&lt;/string&gt;
&lt;string&gt;9360 (0x2490)&lt;/string&gt;
</Data>
<Binary></Binary>
</EventData>
</Event>

<Event xmlns="http://schemas.microsoft.com/win/2004/08/events/event"><System><Provider Name="NTDS ISAM"></Provider>
<EventID Qualifiers="0">700</EventID>
<Version>0</Version>
<Level>4</Level>
<Task>10</Task>
<Opcode>0</Opcode>
<Keywords>0x0080000000000000</Keywords>
<TimeCreated SystemTime="2026-01-01 06:56:48.279373"></TimeCreated>
<EventRecordID>288</EventRecordID>
<Correlation ActivityID="" RelatedActivityID=""></Correlation>
<Execution ProcessID="0" ThreadID="0"></Execution>
<Channel>Directory Service</Channel>
<Computer>S200401.overwatch.htb</Computer>
<Security UserID=""></Security>
</System>
<EventData><Data>&lt;string&gt;NTDS&lt;/string&gt;
&lt;string&gt;696,D,0&lt;/string&gt;
&lt;string&gt;NTDSA: &lt;/string&gt;
&lt;string&gt;C:\Windows\NTDS\ntds.dit&lt;/string&gt;
</Data>
<Binary></Binary>
</EventData>
</Event>

<Event xmlns="http://schemas.microsoft.com/win/2004/08/events/event"><System><Provider Name="NTDS ISAM"></Provider>
<EventID Qualifiers="0">701</EventID>
<Version>0</Version>
<Level>4</Level>
<Task>10</Task>
<Opcode>0</Opcode>
<Keywords>0x0080000000000000</Keywords>
<TimeCreated SystemTime="2026-01-01 06:56:48.748154"></TimeCreated>
<EventRecordID>289</EventRecordID>
<Correlation ActivityID="" RelatedActivityID=""></Correlation>
<Execution ProcessID="0" ThreadID="0"></Execution>
<Channel>Directory Service</Channel>
<Computer>S200401.overwatch.htb</Computer>
<Security UserID=""></Security>
</System>
<EventData><Data>&lt;string&gt;NTDS&lt;/string&gt;
&lt;string&gt;696,D,0&lt;/string&gt;
&lt;string&gt;NTDSA: &lt;/string&gt;
&lt;string&gt;C:\Windows\NTDS\ntds.dit&lt;/string&gt;
&lt;string&gt;3&lt;/string&gt;
&lt;string&gt;12/31/2025&lt;/string&gt;
&lt;string&gt;0&lt;/string&gt;
&lt;string&gt;1&lt;/string&gt;
&lt;string&gt;1&lt;/string&gt;
&lt;string&gt;5&lt;/string&gt;
</Data>
<Binary></Binary>
</EventData>
</Event>

<Event xmlns="http://schemas.microsoft.com/win/2004/08/events/event"><System><Provider Name="Microsoft-Windows-ActiveDirectory_DomainService" Guid="{0e8478c5-3605-4e8c-8497-1e730c959516}" EventSourceName="NTDS General"></Provider>
<EventID Qualifiers="16384">1869</EventID>
<Version>0</Version>
<Level>4</Level>
<Task>18</Task>
<Opcode>0</Opcode>
<Keywords>0x8080000000000000</Keywords>
<TimeCreated SystemTime="2026-01-01 06:56:47.998121"></TimeCreated>
<EventRecordID>290</EventRecordID>
<Correlation ActivityID="" RelatedActivityID=""></Correlation>
<Execution ProcessID="696" ThreadID="852"></Execution>
<Channel>Directory Service</Channel>
<Computer>S200401.overwatch.htb</Computer>
<Security UserID="S-1-5-7"></Security>
</System>
<EventData><Data>&lt;string&gt;\\S200401.overwatch.htb&lt;/string&gt;
&lt;string&gt;Default-First-Site-Name&lt;/string&gt;
</Data>
<Binary></Binary>
</EventData>
</Event>

<Event xmlns="http://schemas.microsoft.com/win/2004/08/events/event"><System><Provider Name="Microsoft-Windows-ActiveDirectory_DomainService" Guid="{0e8478c5-3605-4e8c-8497-1e730c959516}" EventSourceName="NTDS General"></Provider>
<EventID Qualifiers="16384">3033</EventID>
<Version>0</Version>
<Level>4</Level>
<Task>6</Task>
<Opcode>0</Opcode>
<Keywords>0x8080000000000000</Keywords>
<TimeCreated SystemTime="2026-01-01 06:56:48.279373"></TimeCreated>
<EventRecordID>291</EventRecordID>
<Correlation ActivityID="" RelatedActivityID=""></Correlation>
<Execution ProcessID="696" ThreadID="852"></Execution>
<Channel>Directory Service</Channel>
<Computer>S200401.overwatch.htb</Computer>
<Security UserID="S-1-5-7"></Security>
</System>
<EventData><Data></Data>
<Binary></Binary>
</EventData>
</Event>

<Event xmlns="http://schemas.microsoft.com/win/2004/08/events/event"><System><Provider Name="Microsoft-Windows-ActiveDirectory_DomainService" Guid="{0e8478c5-3605-4e8c-8497-1e730c959516}" EventSourceName="NTDS General"></Provider>
<EventID Qualifiers="16384">3027</EventID>
<Version>0</Version>
<Level>4</Level>
<Task>6</Task>
<Opcode>0</Opcode>
<Keywords>0x8080000000000000</Keywords>
<TimeCreated SystemTime="2026-01-01 06:56:48.279373"></TimeCreated>
<EventRecordID>292</EventRecordID>
<Correlation ActivityID="" RelatedActivityID=""></Correlation>
<Execution ProcessID="696" ThreadID="852"></Execution>
<Channel>Directory Service</Channel>
<Computer>S200401.overwatch.htb</Computer>
<Security UserID="S-1-5-7"></Security>
</System>
<EventData><Data>&lt;string&gt;3600&lt;/string&gt;
</Data>
<Binary></Binary>
</EventData>
</Event>

<Event xmlns="http://schemas.microsoft.com/win/2004/08/events/event"><System><Provider Name="Microsoft-Windows-ActiveDirectory_DomainService" Guid="{0e8478c5-3605-4e8c-8497-1e730c959516}" EventSourceName="NTDS General"></Provider>
<EventID Qualifiers="16384">2179</EventID>
<Version>0</Version>
<Level>4</Level>
<Task>7</Task>
<Opcode>0</Opcode>
<Keywords>0x8080000000000000</Keywords>
<TimeCreated SystemTime="2026-01-01 07:18:19.982500"></TimeCreated>
<EventRecordID>293</EventRecordID>
<Correlation ActivityID="" RelatedActivityID=""></Correlation>
<Execution ProcessID="696" ThreadID="1540"></Execution>
<Channel>Directory Service</Channel>
<Computer>S200401.overwatch.htb</Computer>
<Security UserID="S-1-5-7"></Security>
</System>
<EventData><Data>&lt;string&gt;4374544386471982988&lt;/string&gt;
</Data>
<Binary></Binary>
</EventData>
</Event>

