<Event xmlns="http://schemas.microsoft.com/win/2004/08/events/event"><System><Provider Name="Service Control Manager" Guid="{555908d1-a6d7-4695-8e1e-26931d2012f4}" EventSourceName="Service Control Manager"></Provider>
<EventID Qualifiers="16384">7036</EventID>
<Version>0</Version>
<Level>4</Level>
<Task>0</Task>
<Opcode>0</Opcode>
<Keywords>0x8080000000000000</Keywords>
<TimeCreated SystemTime="2025-07-07 09:44:41.135159"></TimeCreated>
<EventRecordID>2526</EventRecordID>
<Correlation ActivityID="" RelatedActivityID=""></Correlation>
<Execution ProcessID="664" ThreadID="700"></Execution>
<Channel>System</Channel>
<Computer>S200401.overwatch.htb</Computer>
<Security UserID=""></Security>
</System>
<EventData><Data Name="param1">CoreMessagingRegistrar</Data>
<Data Name="param2">running</Data>
<Binary>QwBvAHIAZQBNAGUAcwBzAGEAZwBpAG4AZwBSAGUAZwBpAHMAdAByAGEAcgAvADQAAAA=</Binary>
</EventData>
</Event>

<Event xmlns="http://schemas.microsoft.com/win/2004/08/events/event"><System><Provider Name="Service Control Manager" Guid="{555908d1-a6d7-4695-8e1e-26931d2012f4}" EventSourceName="Service Control Manager"></Provider>
<EventID Qualifiers="16384">7036</EventID>
<Version>0</Version>
<Level>4</Level>
<Task>0</Task>
<Opcode>0</Opcode>
<Keywords>0x8080000000000000</Keywords>
<TimeCreated SystemTime="2025-07-07 09:44:41.166451"></TimeCreated>
<EventRecordID>2527</EventRecordID>
<Correlation ActivityID="" RelatedActivityID=""></Correlation>
<Execution ProcessID="664" ThreadID="756"></Execution>
<Channel>System</Channel>
<Computer>S200401.overwatch.htb</Computer>
<Security UserID=""></Security>
</System>
<EventData><Data Name="param1">AzureAttestService</Data>
<Data Name="param2">running</Data>
<Binary>QQB6AHUAcgBlAEEAdAB0AGUAcwB0AFMAZQByAHYAaQBjAGUALwA0AAAA</Binary>
</EventData>
</Event>

<Event xmlns="http://schemas.microsoft.com/win/2004/08/events/event"><System><Provider Name="Service Control Manager" Guid="{555908d1-a6d7-4695-8e1e-26931d2012f4}" EventSourceName="Service Control Manager"></Provider>
<EventID Qualifiers="16384">7036</EventID>
<Version>0</Version>
<Level>4</Level>
<Task>0</Task>
<Opcode>0</Opcode>
<Keywords>0x8080000000000000</Keywords>
<TimeCreated SystemTime="2025-07-07 09:44:41.213280"></TimeCreated>
<EventRecordID>2528</EventRecordID>
<Correlation ActivityID="" RelatedActivityID=""></Correlation>
<Execution ProcessID="664" ThreadID="700"></Execution>
<Channel>System</Channel>
<Computer>S200401.overwatch.htb</Computer>
<Security UserID=""></Security>
</System>
<EventData><Data Name="param1">RemoteRegistry</Data>
<Data Name="param2">running</Data>
<Binary>UgBlAG0AbwB0AGUAUgBlAGcAaQBzAHQAcgB5AC8ANAAAAA==</Binary>
</EventData>
</Event>

<Event xmlns="http://schemas.microsoft.com/win/2004/08/events/event"><System><Provider Name="Service Control Manager" Guid="{555908d1-a6d7-4695-8e1e-26931d2012f4}" EventSourceName="Service Control Manager"></Provider>
<EventID Qualifiers="16384">7036</EventID>
<Version>0</Version>
<Level>4</Level>
<Task>0</Task>
<Opcode>0</Opcode>
<Keywords>0x8080000000000000</Keywords>
<TimeCreated SystemTime="2025-07-07 09:44:41.228909"></TimeCreated>
<EventRecordID>2529</EventRecordID>
<Correlation ActivityID="" RelatedActivityID=""></Correlation>
<Execution ProcessID="664" ThreadID="692"></Execution>
<Channel>System</Channel>
<Computer>S200401.overwatch.htb</Computer>
<Security UserID=""></Security>
</System>
<EventData><Data Name="param1">CryptSvc</Data>
<Data Name="param2">running</Data>
<Binary>QwByAHkAcAB0AFMAdgBjAC8ANAAAAA==</Binary>
</EventData>
</Event>

<Event xmlns="http://schemas.microsoft.com/win/2004/08/events/event"><System><Provider Name="Service Control Manager" Guid="{555908d1-a6d7-4695-8e1e-26931d2012f4}" EventSourceName="Service Control Manager"></Provider>
<EventID Qualifiers="16384">7036</EventID>
<Version>0</Version>
<Level>4</Level>
<Task>0</Task>
<Opcode>0</Opcode>
<Keywords>0x8080000000000000</Keywords>
<TimeCreated SystemTime="2025-07-07 09:44:41.322655"></TimeCreated>
<EventRecordID>2530</EventRecordID>
<Correlation ActivityID="" RelatedActivityID=""></Correlation>
<Execution ProcessID="664" ThreadID="412"></Execution>
<Channel>System</Channel>
<Computer>S200401.overwatch.htb</Computer>
<Security UserID=""></Security>
</System>
<EventData><Data Name="param1">DFSR</Data>
<Data Name="param2">running</Data>
<Binary>RABGAFMAUgAvADQAAAA=</Binary>
</EventData>
</Event>

<Event xmlns="http://schemas.microsoft.com/win/2004/08/events/event"><System><Provider Name="Service Control Manager" Guid="{555908d1-a6d7-4695-8e1e-26931d2012f4}" EventSourceName="Service Control Manager"></Provider>
<EventID Qualifiers="16384">7036</EventID>
<Version>0</Version>
<Level>4</Level>
<Task>0</Task>
<Opcode>0</Opcode>
<Keywords>0x8080000000000000</Keywords>
<TimeCreated SystemTime="2025-07-07 09:44:41.400778"></TimeCreated>
<EventRecordID>2531</EventRecordID>
<Correlation ActivityID="" RelatedActivityID=""></Correlation>
<Execution ProcessID="664" ThreadID="1032"></Execution>
<Channel>System</Channel>
<Computer>S200401.overwatch.htb</Computer>
<Security UserID=""></Security>
</System>
<EventData><Data Name="param1">IsmServ</Data>
<Data Name="param2">running</Data>
<Binary>SQBzAG0AUwBlAHIAdgAvADQAAAA=</Binary>
</EventData>
</Event>

<Event xmlns="http://schemas.microsoft.com/win/2004/08/events/event"><System><Provider Name="Service Control Manager" Guid="{555908d1-a6d7-4695-8e1e-26931d2012f4}" EventSourceName="Service Control Manager"></Provider>
<EventID Qualifiers="16384">7036</EventID>
<Version>0</Version>
<Level>4</Level>
<Task>0</Task>
<Opcode>0</Opcode>
<Keywords>0x8080000000000000</Keywords>
<TimeCreated SystemTime="2025-07-07 09:44:41.447655"></TimeCreated>
<EventRecordID>2532</EventRecordID>
<Correlation ActivityID="" RelatedActivityID=""></Correlation>
<Execution ProcessID="664" ThreadID="692"></Execution>
<Channel>System</Channel>
<Computer>S200401.overwatch.htb</Computer>
<Security UserID=""></Security>
</System>
<EventData><Data Name="param1">Dfs</Data>
<Data Name="param2">running</Data>
<Binary>RABmAHMALwA0AAAA</Binary>
</EventData>
</Event>

<Event xmlns="http://schemas.microsoft.com/win/2004/08/events/event"><System><Provider Name="Service Control Manager" Guid="{555908d1-a6d7-4695-8e1e-26931d2012f4}" EventSourceName="Service Control Manager"></Provider>
<EventID Qualifiers="16384">7036</EventID>
<Version>0</Version>
<Level>4</Level>
<Task>0</Task>
<Opcode>0</Opcode>
<Keywords>0x8080000000000000</Keywords>
<TimeCreated SystemTime="2025-07-07 09:44:41.447655"></TimeCreated>
<EventRecordID>2533</EventRecordID>
<Correlation ActivityID="" RelatedActivityID=""></Correlation>
<Execution ProcessID="664" ThreadID="692"></Execution>
<Channel>System</Channel>
<Computer>S200401.overwatch.htb</Computer>
<Security UserID=""></Security>
</System>
<EventData><Data Name="param1">SQLWriter</Data>
<Data Name="param2">running</Data>
<Binary>UwBRAEwAVwByAGkAdABlAHIALwA0AAAA</Binary>
</EventData>
</Event>

<Event xmlns="http://schemas.microsoft.com/win/2004/08/events/event"><System><Provider Name="Service Control Manager" Guid="{555908d1-a6d7-4695-8e1e-26931d2012f4}" EventSourceName="Service Control Manager"></Provider>
<EventID Qualifiers="16384">7036</EventID>
<Version>0</Version>
<Level>4</Level>
<Task>0</Task>
<Opcode>0</Opcode>
<Keywords>0x8080000000000000</Keywords>
<TimeCreated SystemTime="2025-07-07 09:44:41.588284"></TimeCreated>
<EventRecordID>2534</EventRecordID>
<Correlation ActivityID="" RelatedActivityID=""></Correlation>
<Execution ProcessID="664" ThreadID="756"></Execution>
<Channel>System</Channel>
<Computer>S200401.overwatch.htb</Computer>
<Security UserID=""></Security>
</System>
<EventData><Data Name="param1">SysMain</Data>
<Data Name="param2">running</Data>
<Binary>UwB5AHMATQBhAGkAbgAvADQAAAA=</Binary>
</EventData>
</Event>

<Event xmlns="http://schemas.microsoft.com/win/2004/08/events/event"><System><Provider Name="Service Control Manager" Guid="{555908d1-a6d7-4695-8e1e-26931d2012f4}" EventSourceName="Service Control Manager"></Provider>
<EventID Qualifiers="16384">7036</EventID>
<Version>0</Version>
<Level>4</Level>
<Task>0</Task>
<Opcode>0</Opcode>
<Keywords>0x8080000000000000</Keywords>
<TimeCreated SystemTime="2025-07-07 09:44:41.619532"></TimeCreated>
<EventRecordID>2535</EventRecordID>
<Correlation ActivityID="" RelatedActivityID=""></Correlation>
<Execution ProcessID="664" ThreadID="412"></Execution>
<Channel>System</Channel>
<Computer>S200401.overwatch.htb</Computer>
<Security UserID=""></Security>
</System>
<EventData><Data Name="param1">Winmgmt</Data>
<Data Name="param2">running</Data>
<Binary>VwBpAG4AbQBnAG0AdAAvADQAAAA=</Binary>
</EventData>
</Event>

<Event xmlns="http://schemas.microsoft.com/win/2004/08/events/event"><System><Provider Name="Service Control Manager" Guid="{555908d1-a6d7-4695-8e1e-26931d2012f4}" EventSourceName="Service Control Manager"></Provider>
<EventID Qualifiers="16384">7036</EventID>
<Version>0</Version>
<Level>4</Level>
<Task>0</Task>
<Opcode>0</Opcode>
<Keywords>0x8080000000000000</Keywords>
<TimeCreated SystemTime="2025-07-07 09:44:41.682030"></TimeCreated>
<EventRecordID>2536</EventRecordID>
<Correlation ActivityID="" RelatedActivityID=""></Correlation>
<Execution ProcessID="664" ThreadID="412"></Execution>
<Channel>System</Channel>
<Computer>S200401.overwatch.htb</Computer>
<Security UserID=""></Security>
</System>
<EventData><Data Name="param1">WpnService</Data>
<Data Name="param2">running</Data>
<Binary>VwBwAG4AUwBlAHIAdgBpAGMAZQAvADQAAAA=</Binary>
</EventData>
</Event>

<Event xmlns="http://schemas.microsoft.com/win/2004/08/events/event"><System><Provider Name="Service Control Manager" Guid="{555908d1-a6d7-4695-8e1e-26931d2012f4}" EventSourceName="Service Control Manager"></Provider>
<EventID Qualifiers="16384">7036</EventID>
<Version>0</Version>
<Level>4</Level>
<Task>0</Task>
<Opcode>0</Opcode>
<Keywords>0x8080000000000000</Keywords>
<TimeCreated SystemTime="2025-07-07 09:44:41.791407"></TimeCreated>
<EventRecordID>2537</EventRecordID>
<Correlation ActivityID="" RelatedActivityID=""></Correlation>
<Execution ProcessID="664" ThreadID="756"></Execution>
<Channel>System</Channel>
<Computer>S200401.overwatch.htb</Computer>
<Security UserID=""></Security>
</System>
<EventData><Data Name="param1">vm3dservice</Data>
<Data Name="param2">running</Data>
<Binary>dgBtADMAZABzAGUAcgB2AGkAYwBlAC8ANAAAAA==</Binary>
</EventData>
</Event>

<Event xmlns="http://schemas.microsoft.com/win/2004/08/events/event"><System><Provider Name="Service Control Manager" Guid="{555908d1-a6d7-4695-8e1e-26931d2012f4}" EventSourceName="Service Control Manager"></Provider>
<EventID Qualifiers="16384">7036</EventID>
<Version>0</Version>
<Level>4</Level>
<Task>0</Task>
<Opcode>0</Opcode>
<Keywords>0x8080000000000000</Keywords>
<TimeCreated SystemTime="2025-07-07 09:44:41.791407"></TimeCreated>
<EventRecordID>2538</EventRecordID>
<Correlation ActivityID="" RelatedActivityID=""></Correlation>
<Execution ProcessID="664" ThreadID="692"></Execution>
<Channel>System</Channel>
<Computer>S200401.overwatch.htb</Computer>
<Security UserID=""></Security>
</System>
<EventData><Data Name="param1">VMTools</Data>
<Data Name="param2">running</Data>
<Binary>VgBNAFQAbwBvAGwAcwAvADQAAAA=</Binary>
</EventData>
</Event>

<Event xmlns="http://schemas.microsoft.com/win/2004/08/events/event"><System><Provider Name="Service Control Manager" Guid="{555908d1-a6d7-4695-8e1e-26931d2012f4}" EventSourceName="Service Control Manager"></Provider>
<EventID Qualifiers="16384">7036</EventID>
<Version>0</Version>
<Level>4</Level>
<Task>0</Task>
<Opcode>0</Opcode>
<Keywords>0x8080000000000000</Keywords>
<TimeCreated SystemTime="2025-07-07 09:44:41.791407"></TimeCreated>
<EventRecordID>2539</EventRecordID>
<Correlation ActivityID="" RelatedActivityID=""></Correlation>
<Execution ProcessID="664" ThreadID="692"></Execution>
<Channel>System</Channel>
<Computer>S200401.overwatch.htb</Computer>
<Security UserID=""></Security>
</System>
<EventData><Data Name="param1">WinDefend</Data>
<Data Name="param2">running</Data>
<Binary>VwBpAG4ARABlAGYAZQBuAGQALwA0AAAA</Binary>
</EventData>
</Event>

<Event xmlns="http://schemas.microsoft.com/win/2004/08/events/event"><System><Provider Name="Service Control Manager" Guid="{555908d1-a6d7-4695-8e1e-26931d2012f4}" EventSourceName="Service Control Manager"></Provider>
<EventID Qualifiers="16384">7036</EventID>
<Version>0</Version>
<Level>4</Level>
<Task>0</Task>
<Opcode>0</Opcode>
<Keywords>0x8080000000000000</Keywords>
<TimeCreated SystemTime="2025-07-07 09:44:41.822655"></TimeCreated>
<EventRecordID>2540</EventRecordID>
<Correlation ActivityID="" RelatedActivityID=""></Correlation>
<Execution ProcessID="664" ThreadID="756"></Execution>
<Channel>System</Channel>
<Computer>S200401.overwatch.htb</Computer>
<Security UserID=""></Security>
</System>
<EventData><Data Name="param1">VGAuthService</Data>
<Data Name="param2">running</Data>
<Binary>VgBHAEEAdQB0AGgAUwBlAHIAdgBpAGMAZQAvADQAAAA=</Binary>
</EventData>
</Event>

<Event xmlns="http://schemas.microsoft.com/win/2004/08/events/event"><System><Provider Name="Service Control Manager" Guid="{555908d1-a6d7-4695-8e1e-26931d2012f4}" EventSourceName="Service Control Manager"></Provider>
<EventID Qualifiers="16384">7036</EventID>
<Version>0</Version>
<Level>4</Level>
<Task>0</Task>
<Opcode>0</Opcode>
<Keywords>0x8080000000000000</Keywords>
<TimeCreated SystemTime="2025-07-07 09:44:41.900780"></TimeCreated>
<EventRecordID>2541</EventRecordID>
<Correlation ActivityID="" RelatedActivityID=""></Correlation>
<Execution ProcessID="664" ThreadID="756"></Execution>
<Channel>System</Channel>
<Computer>S200401.overwatch.htb</Computer>
<Security UserID=""></Security>
</System>
<EventData><Data Name="param1">WinRM</Data>
<Data Name="param2">running</Data>
<Binary>VwBpAG4AUgBNAC8ANAAAAA==</Binary>
</EventData>
</Event>

<Event xmlns="http://schemas.microsoft.com/win/2004/08/events/event"><System><Provider Name="Virtual Disk Service"></Provider>
<EventID Qualifiers="16896">3</EventID>
<Version>0</Version>
<Level>4</Level>
<Task>0</Task>
<Opcode>0</Opcode>
<Keywords>0x0080000000000000</Keywords>
<TimeCreated SystemTime="2025-07-07 09:44:42.182026"></TimeCreated>
<EventRecordID>2542</EventRecordID>
<Correlation ActivityID="" RelatedActivityID=""></Correlation>
<Execution ProcessID="0" ThreadID="0"></Execution>
<Channel>System</Channel>
<Computer>S200401.overwatch.htb</Computer>
<Security UserID=""></Security>
</System>
<EventData><Data>&lt;string&gt;@2010005&lt;/string&gt;
</Data>
<Binary></Binary>
</EventData>
</Event>

<Event xmlns="http://schemas.microsoft.com/win/2004/08/events/event"><System><Provider Name="Service Control Manager" Guid="{555908d1-a6d7-4695-8e1e-26931d2012f4}" EventSourceName="Service Control Manager"></Provider>
<EventID Qualifiers="16384">7036</EventID>
<Version>0</Version>
<Level>4</Level>
<Task>0</Task>
<Opcode>0</Opcode>
<Keywords>0x8080000000000000</Keywords>
<TimeCreated SystemTime="2025-07-07 09:44:42.025780"></TimeCreated>
<EventRecordID>2543</EventRecordID>
<Correlation ActivityID="" RelatedActivityID=""></Correlation>
<Execution ProcessID="664" ThreadID="692"></Execution>
<Channel>System</Channel>
<Computer>S200401.overwatch.htb</Computer>
<Security UserID=""></Security>
</System>
<EventData><Data Name="param1">DiagTrack</Data>
<Data Name="param2">running</Data>
<Binary>RABpAGEAZwBUAHIAYQBjAGsALwA0AAAA</Binary>
</EventData>
</Event>

<Event xmlns="http://schemas.microsoft.com/win/2004/08/events/event"><System><Provider Name="Service Control Manager" Guid="{555908d1-a6d7-4695-8e1e-26931d2012f4}" EventSourceName="Service Control Manager"></Provider>
<EventID Qualifiers="16384">7036</EventID>
<Version>0</Version>
<Level>4</Level>
<Task>0</Task>
<Opcode>0</Opcode>
<Keywords>0x8080000000000000</Keywords>
<TimeCreated SystemTime="2025-07-07 09:44:42.166403"></TimeCreated>
<EventRecordID>2544</EventRecordID>
<Correlation ActivityID="" RelatedActivityID=""></Correlation>
<Execution ProcessID="664" ThreadID="728"></Execution>
<Channel>System</Channel>
<Computer>S200401.overwatch.htb</Computer>
<Security UserID=""></Security>
</System>
<EventData><Data Name="param1">StateRepository</Data>
<Data Name="param2">running</Data>
<Binary>UwB0AGEAdABlAFIAZQBwAG8AcwBpAHQAbwByAHkALwA0AAAA</Binary>
</EventData>
</Event>

<Event xmlns="http://schemas.microsoft.com/win/2004/08/events/event"><System><Provider Name="Service Control Manager" Guid="{555908d1-a6d7-4695-8e1e-26931d2012f4}" EventSourceName="Service Control Manager"></Provider>
<EventID Qualifiers="16384">7036</EventID>
<Version>0</Version>
<Level>4</Level>
<Task>0</Task>
<Opcode>0</Opcode>
<Keywords>0x8080000000000000</Keywords>
<TimeCreated SystemTime="2025-07-07 09:44:42.182026"></TimeCreated>
<EventRecordID>2545</EventRecordID>
<Correlation ActivityID="" RelatedActivityID=""></Correlation>
<Execution ProcessID="664" ThreadID="728"></Execution>
<Channel>System</Channel>
<Computer>S200401.overwatch.htb</Computer>
<Security UserID=""></Security>
</System>
<EventData><Data Name="param1">vds</Data>
<Data Name="param2">running</Data>
<Binary>dgBkAHMALwA0AAAA</Binary>
</EventData>
</Event>

<Event xmlns="http://schemas.microsoft.com/win/2004/08/events/event"><System><Provider Name="Service Control Manager" Guid="{555908d1-a6d7-4695-8e1e-26931d2012f4}" EventSourceName="Service Control Manager"></Provider>
<EventID Qualifiers="16384">7036</EventID>
<Version>0</Version>
<Level>4</Level>
<Task>0</Task>
<Opcode>0</Opcode>
<Keywords>0x8080000000000000</Keywords>
<TimeCreated SystemTime="2025-07-07 09:44:42.228905"></TimeCreated>
<EventRecordID>2546</EventRecordID>
<Correlation ActivityID="" RelatedActivityID=""></Correlation>
<Execution ProcessID="664" ThreadID="728"></Execution>
<Channel>System</Channel>
<Computer>S200401.overwatch.htb</Computer>
<Security UserID=""></Security>
</System>
<EventData><Data Name="param1">vmvss</Data>
<Data Name="param2">running</Data>
<Binary>dgBtAHYAcwBzAC8ANAAAAA==</Binary>
</EventData>
</Event>

<Event xmlns="http://schemas.microsoft.com/win/2004/08/events/event"><System><Provider Name="Service Control Manager" Guid="{555908d1-a6d7-4695-8e1e-26931d2012f4}" EventSourceName="Service Control Manager"></Provider>
<EventID Qualifiers="16384">7036</EventID>
<Version>0</Version>
<Level>4</Level>
<Task>0</Task>
<Opcode>0</Opcode>
<Keywords>0x8080000000000000</Keywords>
<TimeCreated SystemTime="2025-07-07 09:44:42.291403"></TimeCreated>
<EventRecordID>2547</EventRecordID>
<Correlation ActivityID="" RelatedActivityID=""></Correlation>
<Execution ProcessID="664" ThreadID="412"></Execution>
<Channel>System</Channel>
<Computer>S200401.overwatch.htb</Computer>
<Security UserID=""></Security>
</System>
<EventData><Data Name="param1">COMSysApp</Data>
<Data Name="param2">running</Data>
<Binary>QwBPAE0AUwB5AHMAQQBwAHAALwA0AAAA</Binary>
</EventData>
</Event>

<Event xmlns="http://schemas.microsoft.com/win/2004/08/events/event"><System><Provider Name="Service Control Manager" Guid="{555908d1-a6d7-4695-8e1e-26931d2012f4}" EventSourceName="Service Control Manager"></Provider>
<EventID Qualifiers="49152">7026</EventID>
<Version>0</Version>
<Level>4</Level>
<Task>0</Task>
<Opcode>0</Opcode>
<Keywords>0x8080000000000000</Keywords>
<TimeCreated SystemTime="2025-07-07 09:44:42.494528"></TimeCreated>
<EventRecordID>2548</EventRecordID>
<Correlation ActivityID="" RelatedActivityID=""></Correlation>
<Execution ProcessID="664" ThreadID="668"></Execution>
<Channel>System</Channel>
<Computer>S200401.overwatch.htb</Computer>
<Security UserID=""></Security>
</System>
<EventData><Data Name="param1">
dam</Data>
</EventData>
</Event>

<Event xmlns="http://schemas.microsoft.com/win/2004/08/events/event"><System><Provider Name="Service Control Manager" Guid="{555908d1-a6d7-4695-8e1e-26931d2012f4}" EventSourceName="Service Control Manager"></Provider>
<EventID Qualifiers="16384">7036</EventID>
<Version>0</Version>
<Level>4</Level>
<Task>0</Task>
<Opcode>0</Opcode>
<Keywords>0x8080000000000000</Keywords>
<TimeCreated SystemTime="2025-07-07 09:44:42.525778"></TimeCreated>
<EventRecordID>2549</EventRecordID>
<Correlation ActivityID="" RelatedActivityID=""></Correlation>
<Execution ProcessID="664" ThreadID="692"></Execution>
<Channel>System</Channel>
<Computer>S200401.overwatch.htb</Computer>
<Security UserID=""></Security>
</System>
<EventData><Data Name="param1">ADWS</Data>
<Data Name="param2">running</Data>
<Binary>QQBEAFcAUwAvADQAAAA=</Binary>
</EventData>
</Event>

<Event xmlns="http://schemas.microsoft.com/win/2004/08/events/event"><System><Provider Name="Service Control Manager" Guid="{555908d1-a6d7-4695-8e1e-26931d2012f4}" EventSourceName="Service Control Manager"></Provider>
<EventID Qualifiers="16384">7036</EventID>
<Version>0</Version>
<Level>4</Level>
<Task>0</Task>
<Opcode>0</Opcode>
<Keywords>0x8080000000000000</Keywords>
<TimeCreated SystemTime="2025-07-07 09:44:42.650881"></TimeCreated>
<EventRecordID>2550</EventRecordID>
<Correlation ActivityID="" RelatedActivityID=""></Correlation>
<Execution ProcessID="664" ThreadID="756"></Execution>
<Channel>System</Channel>
<Computer>S200401.overwatch.htb</Computer>
<Security UserID=""></Security>
</System>
<EventData><Data Name="param1">Distributed Transaction Coordinator</Data>
<Data Name="param2">running</Data>
<Binary>TQBTAEQAVABDAC8ANAAAAA==</Binary>
</EventData>
</Event>

<Event xmlns="http://schemas.microsoft.com/win/2004/08/events/event"><System><Provider Name="Service Control Manager" Guid="{555908d1-a6d7-4695-8e1e-26931d2012f4}" EventSourceName="Service Control Manager"></Provider>
<EventID Qualifiers="16384">7036</EventID>
<Version>0</Version>
<Level>4</Level>
<Task>0</Task>
<Opcode>0</Opcode>
<Keywords>0x8080000000000000</Keywords>
<TimeCreated SystemTime="2025-07-07 09:44:43.916407"></TimeCreated>
<EventRecordID>2551</EventRecordID>
<Correlation ActivityID="" RelatedActivityID=""></Correlation>
<Execution ProcessID="664" ThreadID="756"></Execution>
<Channel>System</Channel>
<Computer>S200401.overwatch.htb</Computer>
<Security UserID=""></Security>
</System>
<EventData><Data Name="param1">Microsoft Account Sign-in Assistant</Data>
<Data Name="param2">running</Data>
<Binary>dwBsAGkAZABzAHYAYwAvADQAAAA=</Binary>
</EventData>
</Event>

<Event xmlns="http://schemas.microsoft.com/win/2004/08/events/event"><System><Provider Name="Service Control Manager" Guid="{555908d1-a6d7-4695-8e1e-26931d2012f4}" EventSourceName="Service Control Manager"></Provider>
<EventID Qualifiers="16384">7036</EventID>
<Version>0</Version>
<Level>4</Level>
<Task>0</Task>
<Opcode>0</Opcode>
<Keywords>0x8080000000000000</Keywords>
<TimeCreated SystemTime="2025-07-07 09:44:44.869530"></TimeCreated>
<EventRecordID>2552</EventRecordID>
<Correlation ActivityID="" RelatedActivityID=""></Correlation>
<Execution ProcessID="664" ThreadID="776"></Execution>
<Channel>System</Channel>
<Computer>S200401.overwatch.htb</Computer>
<Security UserID=""></Security>
</System>
<EventData><Data Name="param1">Client License Service (ClipSVC)</Data>
<Data Name="param2">running</Data>
<Binary>QwBsAGkAcABTAFYAQwAvADQAAAA=</Binary>
</EventData>
</Event>

<Event xmlns="http://schemas.microsoft.com/win/2004/08/events/event"><System><Provider Name="Service Control Manager" Guid="{555908d1-a6d7-4695-8e1e-26931d2012f4}" EventSourceName="Service Control Manager"></Provider>
<EventID Qualifiers="16384">7036</EventID>
<Version>0</Version>
<Level>4</Level>
<Task>0</Task>
<Opcode>0</Opcode>
<Keywords>0x8080000000000000</Keywords>
<TimeCreated SystemTime="2025-07-07 09:44:45.182034"></TimeCreated>
<EventRecordID>2553</EventRecordID>
<Correlation ActivityID="" RelatedActivityID=""></Correlation>
<Execution ProcessID="664" ThreadID="776"></Execution>
<Channel>System</Channel>
<Computer>S200401.overwatch.htb</Computer>
<Security UserID=""></Security>
</System>
<EventData><Data Name="param1">Volume Shadow Copy</Data>
<Data Name="param2">running</Data>
<Binary>VgBTAFMALwA0AAAA</Binary>
</EventData>
</Event>

<Event xmlns="http://schemas.microsoft.com/win/2004/08/events/event"><System><Provider Name="Service Control Manager" Guid="{555908d1-a6d7-4695-8e1e-26931d2012f4}" EventSourceName="Service Control Manager"></Provider>
<EventID Qualifiers="16384">7036</EventID>
<Version>0</Version>
<Level>4</Level>
<Task>0</Task>
<Opcode>0</Opcode>
<Keywords>0x8080000000000000</Keywords>
<TimeCreated SystemTime="2025-07-07 09:44:45.197655"></TimeCreated>
<EventRecordID>2554</EventRecordID>
<Correlation ActivityID="" RelatedActivityID=""></Correlation>
<Execution ProcessID="664" ThreadID="776"></Execution>
<Channel>System</Channel>
<Computer>S200401.overwatch.htb</Computer>
<Security UserID=""></Security>
</System>
<EventData><Data Name="param1">CNG Key Isolation</Data>
<Data Name="param2">running</Data>
<Binary>SwBlAHkASQBzAG8ALwA0AAAA</Binary>
</EventData>
</Event>

<Event xmlns="http://schemas.microsoft.com/win/2004/08/events/event"><System><Provider Name="Service Control Manager" Guid="{555908d1-a6d7-4695-8e1e-26931d2012f4}" EventSourceName="Service Control Manager"></Provider>
<EventID Qualifiers="16384">7036</EventID>
<Version>0</Version>
<Level>4</Level>
<Task>0</Task>
<Opcode>0</Opcode>
<Keywords>0x8080000000000000</Keywords>
<TimeCreated SystemTime="2025-07-07 09:44:50.541410"></TimeCreated>
<EventRecordID>2555</EventRecordID>
<Correlation ActivityID="" RelatedActivityID=""></Correlation>
<Execution ProcessID="664" ThreadID="776"></Execution>
<Channel>System</Channel>
<Computer>S200401.overwatch.htb</Computer>
<Security UserID=""></Security>
</System>
<EventData><Data Name="param1">Microsoft Defender Antivirus Network Inspection Service</Data>
<Data Name="param2">running</Data>
<Binary>VwBkAE4AaQBzAFMAdgBjAC8ANAAAAA==</Binary>
</EventData>
</Event>

<Event xmlns="http://schemas.microsoft.com/win/2004/08/events/event"><System><Provider Name="Microsoft-Windows-WinRM" Guid="{A7975C8F-AC13-49F1-87DA-5A984A4AB417}" EventSourceName="WinRM"></Provider>
<EventID Qualifiers="7">10154</EventID>
<Version>0</Version>
<Level>3</Level>
<Task>0</Task>
<Opcode>0</Opcode>
<Keywords>0x0080000000000000</Keywords>
<TimeCreated SystemTime="2025-07-07 09:44:53.964266"></TimeCreated>
<EventRecordID>2556</EventRecordID>
<Correlation ActivityID="" RelatedActivityID=""></Correlation>
<Execution ProcessID="0" ThreadID="0"></Execution>
<Channel>System</Channel>
<Computer>S200401.overwatch.htb</Computer>
<Security UserID=""></Security>
</System>
<EventData><Data Name="spn1">WSMAN/S200401.overwatch.htb</Data>
<Data Name="spn2">WSMAN/S200401</Data>
<Data Name="error">1355</Data>
</EventData>
</Event>

<Event xmlns="http://schemas.microsoft.com/win/2004/08/events/event"><System><Provider Name="NETLOGON"></Provider>
<EventID Qualifiers="0">5836</EventID>
<Version>0</Version>
<Level>4</Level>
<Task>0</Task>
<Opcode>0</Opcode>
<Keywords>0x0080000000000000</Keywords>
<TimeCreated SystemTime="2025-07-07 09:44:59.947668"></TimeCreated>
<EventRecordID>2557</EventRecordID>
<Correlation ActivityID="" RelatedActivityID=""></Correlation>
<Execution ProcessID="0" ThreadID="0"></Execution>
<Channel>System</Channel>
<Computer>S200401.overwatch.htb</Computer>
<Security UserID=""></Security>
</System>
<EventData><Data>&lt;string&gt;10&lt;/string&gt;
</Data>
<Binary></Binary>
</EventData>
</Event>

<Event xmlns="http://schemas.microsoft.com/win/2004/08/events/event"><System><Provider Name="Service Control Manager" Guid="{555908d1-a6d7-4695-8e1e-26931d2012f4}" EventSourceName="Service Control Manager"></Provider>
<EventID Qualifiers="16384">7036</EventID>
<Version>0</Version>
<Level>4</Level>
<Task>0</Task>
<Opcode>0</Opcode>
<Keywords>0x8080000000000000</Keywords>
<TimeCreated SystemTime="2025-07-07 09:44:59.947668"></TimeCreated>
<EventRecordID>2558</EventRecordID>
<Correlation ActivityID="" RelatedActivityID=""></Correlation>
<Execution ProcessID="664" ThreadID="692"></Execution>
<Channel>System</Channel>
<Computer>S200401.overwatch.htb</Computer>
<Security UserID=""></Security>
</System>
<EventData><Data Name="param1">Netlogon</Data>
<Data Name="param2">running</Data>
<Binary>TgBlAHQAbABvAGcAbwBuAC8ANAAAAA==</Binary>
</EventData>
</Event>

<Event xmlns="http://schemas.microsoft.com/win/2004/08/events/event"><System><Provider Name="Service Control Manager" Guid="{555908d1-a6d7-4695-8e1e-26931d2012f4}" EventSourceName="Service Control Manager"></Provider>
<EventID Qualifiers="16384">7036</EventID>
<Version>0</Version>
<Level>4</Level>
<Task>0</Task>
<Opcode>0</Opcode>
<Keywords>0x8080000000000000</Keywords>
<TimeCreated SystemTime="2025-07-07 09:45:00.729517"></TimeCreated>
<EventRecordID>2559</EventRecordID>
<Correlation ActivityID="" RelatedActivityID=""></Correlation>
<Execution ProcessID="664" ThreadID="692"></Execution>
<Channel>System</Channel>
<Computer>S200401.overwatch.htb</Computer>
<Security UserID=""></Security>
</System>
<EventData><Data Name="param1">Display Policy Service</Data>
<Data Name="param2">running</Data>
<Binary>RABpAHMAcABCAHIAbwBrAGUAcgBEAGUAcwBrAHQAbwBwAFMAdgBjAC8ANAAAAA==</Binary>
</EventData>
</Event>

<Event xmlns="http://schemas.microsoft.com/win/2004/08/events/event"><System><Provider Name="Service Control Manager" Guid="{555908d1-a6d7-4695-8e1e-26931d2012f4}" EventSourceName="Service Control Manager"></Provider>
<EventID Qualifiers="16384">7036</EventID>
<Version>0</Version>
<Level>4</Level>
<Task>0</Task>
<Opcode>0</Opcode>
<Keywords>0x8080000000000000</Keywords>
<TimeCreated SystemTime="2025-07-07 09:45:01.792015"></TimeCreated>
<EventRecordID>2560</EventRecordID>
<Correlation ActivityID="" RelatedActivityID=""></Correlation>
<Execution ProcessID="664" ThreadID="692"></Execution>
<Channel>System</Channel>
<Computer>S200401.overwatch.htb</Computer>
<Security UserID=""></Security>
</System>
<EventData><Data Name="param1">Windows Modules Installer</Data>
<Data Name="param2">running</Data>
<Binary>VAByAHUAcwB0AGUAZABJAG4AcwB0AGEAbABsAGUAcgAvADQAAAA=</Binary>
</EventData>
</Event>

<Event xmlns="http://schemas.microsoft.com/win/2004/08/events/event"><System><Provider Name="Service Control Manager" Guid="{555908d1-a6d7-4695-8e1e-26931d2012f4}" EventSourceName="Service Control Manager"></Provider>
<EventID Qualifiers="16384">7036</EventID>
<Version>0</Version>
<Level>4</Level>
<Task>0</Task>
<Opcode>0</Opcode>
<Keywords>0x8080000000000000</Keywords>
<TimeCreated SystemTime="2025-07-07 09:45:02.104515"></TimeCreated>
<EventRecordID>2561</EventRecordID>
<Correlation ActivityID="" RelatedActivityID=""></Correlation>
<Execution ProcessID="664" ThreadID="692"></Execution>
<Channel>System</Channel>
<Computer>S200401.overwatch.htb</Computer>
<Security UserID=""></Security>
</System>
<EventData><Data Name="param1">Windows Update</Data>
<Data Name="param2">running</Data>
<Binary>dwB1AGEAdQBzAGUAcgB2AC8ANAAAAA==</Binary>
</EventData>
</Event>

<Event xmlns="http://schemas.microsoft.com/win/2004/08/events/event"><System><Provider Name="Service Control Manager" Guid="{555908d1-a6d7-4695-8e1e-26931d2012f4}" EventSourceName="Service Control Manager"></Provider>
<EventID Qualifiers="16384">7036</EventID>
<Version>0</Version>
<Level>4</Level>
<Task>0</Task>
<Opcode>0</Opcode>
<Keywords>0x8080000000000000</Keywords>
<TimeCreated SystemTime="2025-07-07 09:45:02.276388"></TimeCreated>
<EventRecordID>2562</EventRecordID>
<Correlation ActivityID="" RelatedActivityID=""></Correlation>
<Execution ProcessID="664" ThreadID="692"></Execution>
<Channel>System</Channel>
<Computer>S200401.overwatch.htb</Computer>
<Security UserID=""></Security>
</System>
<EventData><Data Name="param1">overwatch</Data>
<Data Name="param2">running</Data>
<Binary>bwB2AGUAcgB3AGEAdABjAGgALwA0AAAA</Binary>
</EventData>
</Event>

<Event xmlns="http://schemas.microsoft.com/win/2004/08/events/event"><System><Provider Name="Microsoft-Windows-Time-Service" Guid="{06edcfeb-0fd0-4e53-acca-a6f8bbf81bcb}"></Provider>
<EventID Qualifiers="">139</EventID>
<Version>0</Version>
<Level>4</Level>
<Task>0</Task>
<Opcode>0</Opcode>
<Keywords>0x8000000000000000</Keywords>
<TimeCreated SystemTime="2025-07-07 09:45:02.296322"></TimeCreated>
<EventRecordID>2563</EventRecordID>
<Correlation ActivityID="" RelatedActivityID=""></Correlation>
<Execution ProcessID="1080" ThreadID="5176"></Execution>
<Channel>System</Channel>
<Computer>S200401.overwatch.htb</Computer>
<Security UserID="S-1-5-19"></Security>
</System>
<EventData Name="TMP_EVENT_START_ADVERTISING"></EventData>
</Event>

<Event xmlns="http://schemas.microsoft.com/win/2004/08/events/event"><System><Provider Name="Microsoft-Windows-Time-Service" Guid="{06edcfeb-0fd0-4e53-acca-a6f8bbf81bcb}"></Provider>
<EventID Qualifiers="">143</EventID>
<Version>0</Version>
<Level>4</Level>
<Task>0</Task>
<Opcode>0</Opcode>
<Keywords>0x8000000000000000</Keywords>
<TimeCreated SystemTime="2025-07-07 09:45:02.296322"></TimeCreated>
<EventRecordID>2564</EventRecordID>
<Correlation ActivityID="" RelatedActivityID=""></Correlation>
<Execution ProcessID="1080" ThreadID="5176"></Execution>
<Channel>System</Channel>
<Computer>S200401.overwatch.htb</Computer>
<Security UserID="S-1-5-19"></Security>
</System>
<EventData Name="TMP_EVENT_START_ADVERTISING_GT"></EventData>
</Event>

<Event xmlns="http://schemas.microsoft.com/win/2004/08/events/event"><System><Provider Name="Service Control Manager" Guid="{555908d1-a6d7-4695-8e1e-26931d2012f4}" EventSourceName="Service Control Manager"></Provider>
<EventID Qualifiers="16384">7036</EventID>
<Version>0</Version>
<Level>4</Level>
<Task>0</Task>
<Opcode>0</Opcode>
<Keywords>0x8080000000000000</Keywords>
<TimeCreated SystemTime="2025-07-07 09:45:10.792082"></TimeCreated>
<EventRecordID>2565</EventRecordID>
<Correlation ActivityID="" RelatedActivityID=""></Correlation>
<Execution ProcessID="664" ThreadID="776"></Execution>
<Channel>System</Channel>
<Computer>S200401.overwatch.htb</Computer>
<Security UserID=""></Security>
</System>
<EventData><Data Name="param1">DNS</Data>
<Data Name="param2">running</Data>
<Binary>RABOAFMALwA0AAAA</Binary>
</EventData>
</Event>

<Event xmlns="http://schemas.microsoft.com/win/2004/08/events/event"><System><Provider Name="Microsoft-Windows-Directory-Services-SAM" Guid="{0d4fdc09-8c27-494a-bda0-505e4fd8adae}"></Provider>
<EventID Qualifiers="">16647</EventID>
<Version>0</Version>
<Level>4</Level>
<Task>0</Task>
<Opcode>0</Opcode>
<Keywords>0x8000000000000000</Keywords>
<TimeCreated SystemTime="2025-07-07 09:45:10.839382"></TimeCreated>
<EventRecordID>2566</EventRecordID>
<Correlation ActivityID="" RelatedActivityID=""></Correlation>
<Execution ProcessID="676" ThreadID="840"></Execution>
<Channel>System</Channel>
<Computer>S200401.overwatch.htb</Computer>
<Security UserID="S-1-5-18"></Security>
</System>
<EventData Name="SAMMSG_REQUESTING_NEW_RID_POOL"></EventData>
</Event>

<Event xmlns="http://schemas.microsoft.com/win/2004/08/events/event"><System><Provider Name="Microsoft-Windows-Directory-Services-SAM" Guid="{0d4fdc09-8c27-494a-bda0-505e4fd8adae}"></Provider>
<EventID Qualifiers="">16648</EventID>
<Version>0</Version>
<Level>4</Level>
<Task>0</Task>
<Opcode>0</Opcode>
<Keywords>0x8000000000000000</Keywords>
<TimeCreated SystemTime="2025-07-07 09:45:10.842291"></TimeCreated>
<EventRecordID>2567</EventRecordID>
<Correlation ActivityID="" RelatedActivityID=""></Correlation>
<Execution ProcessID="676" ThreadID="840"></Execution>
<Channel>System</Channel>
<Computer>S200401.overwatch.htb</Computer>
<Security UserID="S-1-5-18"></Security>
</System>
<EventData Name="SAMMSG_RID_REQUEST_STATUS_SUCCESS"><Binary>AAAAAA==</Binary>
</EventData>
</Event>

<Event xmlns="http://schemas.microsoft.com/win/2004/08/events/event"><System><Provider Name="Microsoft-Windows-Time-Service" Guid="{06edcfeb-0fd0-4e53-acca-a6f8bbf81bcb}"></Provider>
<EventID Qualifiers="">12</EventID>
<Version>0</Version>
<Level>3</Level>
<Task>0</Task>
<Opcode>0</Opcode>
<Keywords>0x8000000000000000</Keywords>
<TimeCreated SystemTime="2025-07-07 09:45:11.187618"></TimeCreated>
<EventRecordID>2568</EventRecordID>
<Correlation ActivityID="" RelatedActivityID=""></Correlation>
<Execution ProcessID="1080" ThreadID="1216"></Execution>
<Channel>System</Channel>
<Computer>S200401.overwatch.htb</Computer>
<Security UserID="S-1-5-19"></Security>
</System>
<EventData Name="TMP_EVENT_DOMAIN_HIERARCHY_ROOT"></EventData>
</Event>

<Event xmlns="http://schemas.microsoft.com/win/2004/08/events/event"><System><Provider Name="Service Control Manager" Guid="{555908d1-a6d7-4695-8e1e-26931d2012f4}" EventSourceName="Service Control Manager"></Provider>
<EventID Qualifiers="16384">7036</EventID>
<Version>0</Version>
<Level>4</Level>
<Task>0</Task>
<Opcode>0</Opcode>
<Keywords>0x8080000000000000</Keywords>
<TimeCreated SystemTime="2025-07-07 09:45:11.182642"></TimeCreated>
<EventRecordID>2569</EventRecordID>
<Correlation ActivityID="" RelatedActivityID=""></Correlation>
<Execution ProcessID="664" ThreadID="744"></Execution>
<Channel>System</Channel>
<Computer>S200401.overwatch.htb</Computer>
<Security UserID=""></Security>
</System>
<EventData><Data Name="param1">W32Time</Data>
<Data Name="param2">running</Data>
<Binary>VwAzADIAVABpAG0AZQAvADQAAAA=</Binary>
</EventData>
</Event>

<Event xmlns="http://schemas.microsoft.com/win/2004/08/events/event"><System><Provider Name="Service Control Manager" Guid="{555908d1-a6d7-4695-8e1e-26931d2012f4}" EventSourceName="Service Control Manager"></Provider>
<EventID Qualifiers="16384">7036</EventID>
<Version>0</Version>
<Level>4</Level>
<Task>0</Task>
<Opcode>0</Opcode>
<Keywords>0x8080000000000000</Keywords>
<TimeCreated SystemTime="2025-07-07 09:45:11.901390"></TimeCreated>
<EventRecordID>2570</EventRecordID>
<Correlation ActivityID="" RelatedActivityID=""></Correlation>
<Execution ProcessID="664" ThreadID="412"></Execution>
<Channel>System</Channel>
<Computer>S200401.overwatch.htb</Computer>
<Security UserID=""></Security>
</System>
<EventData><Data Name="param1">Background Intelligent Transfer Service</Data>
<Data Name="param2">running</Data>
<Binary>QgBJAFQAUwAvADQAAAA=</Binary>
</EventData>
</Event>

<Event xmlns="http://schemas.microsoft.com/win/2004/08/events/event"><System><Provider Name="Service Control Manager" Guid="{555908d1-a6d7-4695-8e1e-26931d2012f4}" EventSourceName="Service Control Manager"></Provider>
<EventID Qualifiers="16384">7036</EventID>
<Version>0</Version>
<Level>4</Level>
<Task>0</Task>
<Opcode>0</Opcode>
<Keywords>0x8080000000000000</Keywords>
<TimeCreated SystemTime="2025-07-07 09:45:12.292013"></TimeCreated>
<EventRecordID>2571</EventRecordID>
<Correlation ActivityID="" RelatedActivityID=""></Correlation>
<Execution ProcessID="664" ThreadID="700"></Execution>
<Channel>System</Channel>
<Computer>S200401.overwatch.htb</Computer>
<Security UserID=""></Security>
</System>
<EventData><Data Name="param1">WMI Performance Adapter</Data>
<Data Name="param2">running</Data>
<Binary>dwBtAGkAQQBwAFMAcgB2AC8ANAAAAA==</Binary>
</EventData>
</Event>

<Event xmlns="http://schemas.microsoft.com/win/2004/08/events/event"><System><Provider Name="Service Control Manager" Guid="{555908d1-a6d7-4695-8e1e-26931d2012f4}" EventSourceName="Service Control Manager"></Provider>
<EventID Qualifiers="16384">7036</EventID>
<Version>0</Version>
<Level>4</Level>
<Task>0</Task>
<Opcode>0</Opcode>
<Keywords>0x8080000000000000</Keywords>
<TimeCreated SystemTime="2025-07-07 09:45:12.448265"></TimeCreated>
<EventRecordID>2572</EventRecordID>
<Correlation ActivityID="" RelatedActivityID=""></Correlation>
<Execution ProcessID="664" ThreadID="700"></Execution>
<Channel>System</Channel>
<Computer>S200401.overwatch.htb</Computer>
<Security UserID=""></Security>
</System>
<EventData><Data Name="param1">Windows Update Medic Service</Data>
<Data Name="param2">running</Data>
<Binary>VwBhAGEAUwBNAGUAZABpAGMAUwB2AGMALwA0AAAA</Binary>
</EventData>
</Event>

<Event xmlns="http://schemas.microsoft.com/win/2004/08/events/event"><System><Provider Name="Service Control Manager" Guid="{555908d1-a6d7-4695-8e1e-26931d2012f4}" EventSourceName="Service Control Manager"></Provider>
<EventID Qualifiers="16384">7036</EventID>
<Version>0</Version>
<Level>4</Level>
<Task>0</Task>
<Opcode>0</Opcode>
<Keywords>0x8080000000000000</Keywords>
<TimeCreated SystemTime="2025-07-07 09:45:12.463888"></TimeCreated>
<EventRecordID>2573</EventRecordID>
<Correlation ActivityID="" RelatedActivityID=""></Correlation>
<Execution ProcessID="664" ThreadID="700"></Execution>
<Channel>System</Channel>
<Computer>S200401.overwatch.htb</Computer>
<Security UserID=""></Security>
</System>
<EventData><Data Name="param1">Network Connectivity Assistant</Data>
<Data Name="param2">stopped</Data>
<Binary>TgBjAGEAUwB2AGMALwAxAAAA</Binary>
</EventData>
</Event>

<Event xmlns="http://schemas.microsoft.com/win/2004/08/events/event"><System><Provider Name="Service Control Manager" Guid="{555908d1-a6d7-4695-8e1e-26931d2012f4}" EventSourceName="Service Control Manager"></Provider>
<EventID Qualifiers="16384">7036</EventID>
<Version>0</Version>
<Level>4</Level>
<Task>0</Task>
<Opcode>0</Opcode>
<Keywords>0x8080000000000000</Keywords>
<TimeCreated SystemTime="2025-07-07 09:45:12.463888"></TimeCreated>
<EventRecordID>2574</EventRecordID>
<Correlation ActivityID="" RelatedActivityID=""></Correlation>
<Execution ProcessID="664" ThreadID="700"></Execution>
<Channel>System</Channel>
<Computer>S200401.overwatch.htb</Computer>
<Security UserID=""></Security>
</System>
<EventData><Data Name="param1">Delivery Optimization</Data>
<Data Name="param2">running</Data>
<Binary>RABvAFMAdgBjAC8ANAAAAA==</Binary>
</EventData>
</Event>

<Event xmlns="http://schemas.microsoft.com/win/2004/08/events/event"><System><Provider Name="Service Control Manager" Guid="{555908d1-a6d7-4695-8e1e-26931d2012f4}" EventSourceName="Service Control Manager"></Provider>
<EventID Qualifiers="16384">7036</EventID>
<Version>0</Version>
<Level>4</Level>
<Task>0</Task>
<Opcode>0</Opcode>
<Keywords>0x8080000000000000</Keywords>
<TimeCreated SystemTime="2025-07-07 09:45:12.604511"></TimeCreated>
<EventRecordID>2575</EventRecordID>
<Correlation ActivityID="" RelatedActivityID=""></Correlation>
<Execution ProcessID="664" ThreadID="5928"></Execution>
<Channel>System</Channel>
<Computer>S200401.overwatch.htb</Computer>
<Security UserID=""></Security>
</System>
<EventData><Data Name="param1">Storage Service</Data>
<Data Name="param2">running</Data>
<Binary>UwB0AG8AcgBTAHYAYwAvADQAAAA=</Binary>
</EventData>
</Event>

<Event xmlns="http://schemas.microsoft.com/win/2004/08/events/event"><System><Provider Name="Service Control Manager" Guid="{555908d1-a6d7-4695-8e1e-26931d2012f4}" EventSourceName="Service Control Manager"></Provider>
<EventID Qualifiers="16384">7036</EventID>
<Version>0</Version>
<Level>4</Level>
<Task>0</Task>
<Opcode>0</Opcode>
<Keywords>0x8080000000000000</Keywords>
<TimeCreated SystemTime="2025-07-07 09:45:12.713888"></TimeCreated>
<EventRecordID>2576</EventRecordID>
<Correlation ActivityID="" RelatedActivityID=""></Correlation>
<Execution ProcessID="664" ThreadID="5908"></Execution>
<Channel>System</Channel>
<Computer>S200401.overwatch.htb</Computer>
<Security UserID=""></Security>
</System>
<EventData><Data Name="param1">Delivery Optimization</Data>
<Data Name="param2">stopped</Data>
<Binary>RABvAFMAdgBjAC8AMQAAAA==</Binary>
</EventData>
</Event>

<Event xmlns="http://schemas.microsoft.com/win/2004/08/events/event"><System><Provider Name="Service Control Manager" Guid="{555908d1-a6d7-4695-8e1e-26931d2012f4}" EventSourceName="Service Control Manager"></Provider>
<EventID Qualifiers="16384">7036</EventID>
<Version>0</Version>
<Level>4</Level>
<Task>0</Task>
<Opcode>0</Opcode>
<Keywords>0x8080000000000000</Keywords>
<TimeCreated SystemTime="2025-07-07 09:45:12.792013"></TimeCreated>
<EventRecordID>2577</EventRecordID>
<Correlation ActivityID="" RelatedActivityID=""></Correlation>
<Execution ProcessID="664" ThreadID="5928"></Execution>
<Channel>System</Channel>
<Computer>S200401.overwatch.htb</Computer>
<Security UserID=""></Security>
</System>
<EventData><Data Name="param1">AppX Deployment Service (AppXSVC)</Data>
<Data Name="param2">running</Data>
<Binary>QQBwAHAAWABTAHYAYwAvADQAAAA=</Binary>
</EventData>
</Event>

<Event xmlns="http://schemas.microsoft.com/win/2004/08/events/event"><System><Provider Name="Service Control Manager" Guid="{555908d1-a6d7-4695-8e1e-26931d2012f4}" EventSourceName="Service Control Manager"></Provider>
<EventID Qualifiers="16384">7036</EventID>
<Version>0</Version>
<Level>4</Level>
<Task>0</Task>
<Opcode>0</Opcode>
<Keywords>0x8080000000000000</Keywords>
<TimeCreated SystemTime="2025-07-07 09:46:12.463890"></TimeCreated>
<EventRecordID>2578</EventRecordID>
<Correlation ActivityID="" RelatedActivityID=""></Correlation>
<Execution ProcessID="664" ThreadID="5908"></Execution>
<Channel>System</Channel>
<Computer>S200401.overwatch.htb</Computer>
<Security UserID=""></Security>
</System>
<EventData><Data Name="param1">Windows Update Medic Service</Data>
<Data Name="param2">stopped</Data>
<Binary>VwBhAGEAUwBNAGUAZABpAGMAUwB2AGMALwAxAAAA</Binary>
</EventData>
</Event>

<Event xmlns="http://schemas.microsoft.com/win/2004/08/events/event"><System><Provider Name="Service Control Manager" Guid="{555908d1-a6d7-4695-8e1e-26931d2012f4}" EventSourceName="Service Control Manager"></Provider>
<EventID Qualifiers="16384">7036</EventID>
<Version>0</Version>
<Level>4</Level>
<Task>0</Task>
<Opcode>0</Opcode>
<Keywords>0x8080000000000000</Keywords>
<TimeCreated SystemTime="2025-07-07 09:46:13.042017"></TimeCreated>
<EventRecordID>2579</EventRecordID>
<Correlation ActivityID="" RelatedActivityID=""></Correlation>
<Execution ProcessID="664" ThreadID="5928"></Execution>
<Channel>System</Channel>
<Computer>S200401.overwatch.htb</Computer>
<Security UserID=""></Security>
</System>
<EventData><Data Name="param1">StateRepository</Data>
<Data Name="param2">stopped</Data>
<Binary>UwB0AGEAdABlAFIAZQBwAG8AcwBpAHQAbwByAHkALwAxAAAA</Binary>
</EventData>
</Event>

<Event xmlns="http://schemas.microsoft.com/win/2004/08/events/event"><System><Provider Name="LsaSrv" Guid="{199fe037-2b82-40a9-82ac-e1d46c792b99}" EventSourceName="LsaSrv"></Provider>
<EventID Qualifiers="0">6038</EventID>
<Version>0</Version>
<Level>3</Level>
<Task>0</Task>
<Opcode>0</Opcode>
<Keywords>0x0080000000000000</Keywords>
<TimeCreated SystemTime="2025-07-07 09:46:15.682682"></TimeCreated>
<EventRecordID>2580</EventRecordID>
<Correlation ActivityID="" RelatedActivityID=""></Correlation>
<Execution ProcessID="0" ThreadID="0"></Execution>
<Channel>System</Channel>
<Computer>S200401.overwatch.htb</Computer>
<Security UserID=""></Security>
</System>
<EventData><Data></Data>
<Binary></Binary>
</EventData>
</Event>

<Event xmlns="http://schemas.microsoft.com/win/2004/08/events/event"><System><Provider Name="Microsoft-Windows-Winlogon" Guid="{dbe9b383-7cf3-4331-91cc-a3cb16a3b538}"></Provider>
<EventID Qualifiers="">7001</EventID>
<Version>0</Version>
<Level>4</Level>
<Task>1101</Task>
<Opcode>0</Opcode>
<Keywords>0x2000200000000000</Keywords>
<TimeCreated SystemTime="2025-07-07 09:46:20.144243"></TimeCreated>
<EventRecordID>2581</EventRecordID>
<Correlation ActivityID="" RelatedActivityID=""></Correlation>
<Execution ProcessID="2704" ThreadID="728"></Execution>
<Channel>System</Channel>
<Computer>S200401.overwatch.htb</Computer>
<Security UserID="S-1-5-18"></Security>
</System>
<EventData><Data Name="TSId">2</Data>
<Data Name="UserSid">S-1-5-21-2797066498-1365161904-233915892-500</Data>
</EventData>
</Event>

<Event xmlns="http://schemas.microsoft.com/win/2004/08/events/event"><System><Provider Name="Service Control Manager" Guid="{555908d1-a6d7-4695-8e1e-26931d2012f4}" EventSourceName="Service Control Manager"></Provider>
<EventID Qualifiers="16384">7036</EventID>
<Version>0</Version>
<Level>4</Level>
<Task>0</Task>
<Opcode>0</Opcode>
<Keywords>0x8080000000000000</Keywords>
<TimeCreated SystemTime="2025-07-07 09:46:20.734625"></TimeCreated>
<EventRecordID>2582</EventRecordID>
<Correlation ActivityID="" RelatedActivityID=""></Correlation>
<Execution ProcessID="664" ThreadID="892"></Execution>
<Channel>System</Channel>
<Computer>S200401.overwatch.htb</Computer>
<Security UserID=""></Security>
</System>
<EventData><Data Name="param1">State Repository Service</Data>
<Data Name="param2">running</Data>
<Binary>UwB0AGEAdABlAFIAZQBwAG8AcwBpAHQAbwByAHkALwA0AAAA</Binary>
</EventData>
</Event>

<Event xmlns="http://schemas.microsoft.com/win/2004/08/events/event"><System><Provider Name="Service Control Manager" Guid="{555908d1-a6d7-4695-8e1e-26931d2012f4}" EventSourceName="Service Control Manager"></Provider>
<EventID Qualifiers="16384">7036</EventID>
<Version>0</Version>
<Level>4</Level>
<Task>0</Task>
<Opcode>0</Opcode>
<Keywords>0x8080000000000000</Keywords>
<TimeCreated SystemTime="2025-07-07 09:46:21.422117"></TimeCreated>
<EventRecordID>2583</EventRecordID>
<Correlation ActivityID="" RelatedActivityID=""></Correlation>
<Execution ProcessID="664" ThreadID="5904"></Execution>
<Channel>System</Channel>
<Computer>S200401.overwatch.htb</Computer>
<Security UserID=""></Security>
</System>
<EventData><Data Name="param1">Windows Push Notifications User Service_58cd4</Data>
<Data Name="param2">running</Data>
<Binary>VwBwAG4AVQBzAGUAcgBTAGUAcgB2AGkAYwBlAF8ANQA4AGMAZAA0AC8ANAAAAA==</Binary>
</EventData>
</Event>

