<Event xmlns="http://schemas.microsoft.com/win/2004/08/events/event"><System><Provider Name="Service Control Manager" Guid="{555908d1-a6d7-4695-8e1e-26931d2012f4}" EventSourceName="Service Control Manager"></Provider>
<EventID Qualifiers="16384">7036</EventID>
<Version>0</Version>
<Level>4</Level>
<Task>0</Task>
<Opcode>0</Opcode>
<Keywords>0x8080000000000000</Keywords>
<TimeCreated SystemTime="2025-05-17 04:32:36.899050"></TimeCreated>
<EventRecordID>2011</EventRecordID>
<Correlation ActivityID="" RelatedActivityID=""></Correlation>
<Execution ProcessID="668" ThreadID="764"></Execution>
<Channel>System</Channel>
<Computer>S200401.overwatch.htb</Computer>
<Security UserID=""></Security>
</System>
<EventData><Data Name="param1">EventLog</Data>
<Data Name="param2">running</Data>
<Binary>RQB2AGUAbgB0AEwAbwBnAC8ANAAAAA==</Binary>
</EventData>
</Event>

<Event xmlns="http://schemas.microsoft.com/win/2004/08/events/event"><System><Provider Name="Microsoft-Windows-FilterManager" Guid="{f3c5e28e-63f6-49c7-a204-e48a1bc4b09d}"></Provider>
<EventID Qualifiers="">6</EventID>
<Version>0</Version>
<Level>4</Level>
<Task>0</Task>
<Opcode>0</Opcode>
<Keywords>0x8000000000000000</Keywords>
<TimeCreated SystemTime="2025-05-17 04:32:36.942019"></TimeCreated>
<EventRecordID>2012</EventRecordID>
<Correlation ActivityID="" RelatedActivityID=""></Correlation>
<Execution ProcessID="4" ThreadID="104"></Execution>
<Channel>System</Channel>
<Computer>S200401.overwatch.htb</Computer>
<Security UserID="S-1-5-18"></Security>
</System>
<EventData><Data Name="FinalStatus">0x00000000</Data>
<Data Name="DeviceVersionMajor">10</Data>
<Data Name="DeviceVersionMinor">0</Data>
<Data Name="DeviceNameLength">5</Data>
<Data Name="DeviceName">luafv</Data>
<Data Name="DeviceTime">2008-07-19 18:10:51</Data>
</EventData>
</Event>

<Event xmlns="http://schemas.microsoft.com/win/2004/08/events/event"><System><Provider Name="Microsoft-Windows-FilterManager" Guid="{f3c5e28e-63f6-49c7-a204-e48a1bc4b09d}"></Provider>
<EventID Qualifiers="">6</EventID>
<Version>0</Version>
<Level>4</Level>
<Task>0</Task>
<Opcode>0</Opcode>
<Keywords>0x8000000000000000</Keywords>
<TimeCreated SystemTime="2025-05-17 04:32:36.969238"></TimeCreated>
<EventRecordID>2013</EventRecordID>
<Correlation ActivityID="" RelatedActivityID=""></Correlation>
<Execution ProcessID="4" ThreadID="104"></Execution>
<Channel>System</Channel>
<Computer>S200401.overwatch.htb</Computer>
<Security UserID="S-1-5-18"></Security>
</System>
<EventData><Data Name="FinalStatus">0x00000000</Data>
<Data Name="DeviceVersionMajor">10</Data>
<Data Name="DeviceVersionMinor">0</Data>
<Data Name="DeviceNameLength">6</Data>
<Data Name="DeviceName">CldFlt</Data>
<Data Name="DeviceTime">2104-06-01 05:06:44</Data>
</EventData>
</Event>

<Event xmlns="http://schemas.microsoft.com/win/2004/08/events/event"><System><Provider Name="Microsoft-Windows-FilterManager" Guid="{f3c5e28e-63f6-49c7-a204-e48a1bc4b09d}"></Provider>
<EventID Qualifiers="">1</EventID>
<Version>0</Version>
<Level>4</Level>
<Task>0</Task>
<Opcode>0</Opcode>
<Keywords>0x8000000000000000</Keywords>
<TimeCreated SystemTime="2025-05-17 04:32:36.969252"></TimeCreated>
<EventRecordID>2014</EventRecordID>
<Correlation ActivityID="" RelatedActivityID=""></Correlation>
<Execution ProcessID="4" ThreadID="104"></Execution>
<Channel>System</Channel>
<Computer>S200401.overwatch.htb</Computer>
<Security UserID="S-1-5-18"></Security>
</System>
<EventData><Data Name="FinalStatus">0x00000000</Data>
<Data Name="DeviceVersionMajor">10</Data>
<Data Name="DeviceVersionMinor">0</Data>
<Data Name="DeviceNameLength">6</Data>
<Data Name="DeviceName">CldFlt</Data>
<Data Name="DeviceTime">2104-06-01 05:06:44</Data>
</EventData>
</Event>

<Event xmlns="http://schemas.microsoft.com/win/2004/08/events/event"><System><Provider Name="Microsoft-Windows-FilterManager" Guid="{f3c5e28e-63f6-49c7-a204-e48a1bc4b09d}"></Provider>
<EventID Qualifiers="">6</EventID>
<Version>0</Version>
<Level>4</Level>
<Task>0</Task>
<Opcode>0</Opcode>
<Keywords>0x8000000000000000</Keywords>
<TimeCreated SystemTime="2025-05-17 04:32:36.969339"></TimeCreated>
<EventRecordID>2015</EventRecordID>
<Correlation ActivityID="" RelatedActivityID=""></Correlation>
<Execution ProcessID="4" ThreadID="104"></Execution>
<Channel>System</Channel>
<Computer>S200401.overwatch.htb</Computer>
<Security UserID="S-1-5-18"></Security>
</System>
<EventData><Data Name="FinalStatus">0x00000000</Data>
<Data Name="DeviceVersionMajor">10</Data>
<Data Name="DeviceVersionMinor">0</Data>
<Data Name="DeviceNameLength">6</Data>
<Data Name="DeviceName">CldFlt</Data>
<Data Name="DeviceTime">2104-06-01 05:06:44</Data>
</EventData>
</Event>

<Event xmlns="http://schemas.microsoft.com/win/2004/08/events/event"><System><Provider Name="Microsoft-Windows-FilterManager" Guid="{f3c5e28e-63f6-49c7-a204-e48a1bc4b09d}"></Provider>
<EventID Qualifiers="">6</EventID>
<Version>0</Version>
<Level>4</Level>
<Task>0</Task>
<Opcode>0</Opcode>
<Keywords>0x8000000000000000</Keywords>
<TimeCreated SystemTime="2025-05-17 04:32:36.980377"></TimeCreated>
<EventRecordID>2016</EventRecordID>
<Correlation ActivityID="" RelatedActivityID=""></Correlation>
<Execution ProcessID="4" ThreadID="308"></Execution>
<Channel>System</Channel>
<Computer>S200401.overwatch.htb</Computer>
<Security UserID="S-1-5-18"></Security>
</System>
<EventData><Data Name="FinalStatus">0x00000000</Data>
<Data Name="DeviceVersionMajor">10</Data>
<Data Name="DeviceVersionMinor">0</Data>
<Data Name="DeviceNameLength">7</Data>
<Data Name="DeviceName">UnionFS</Data>
<Data Name="DeviceTime">2032-02-13 20:39:06</Data>
</EventData>
</Event>

<Event xmlns="http://schemas.microsoft.com/win/2004/08/events/event"><System><Provider Name="Microsoft-Windows-FilterManager" Guid="{f3c5e28e-63f6-49c7-a204-e48a1bc4b09d}"></Provider>
<EventID Qualifiers="">6</EventID>
<Version>0</Version>
<Level>4</Level>
<Task>0</Task>
<Opcode>0</Opcode>
<Keywords>0x8000000000000000</Keywords>
<TimeCreated SystemTime="2025-05-17 04:32:36.994616"></TimeCreated>
<EventRecordID>2017</EventRecordID>
<Correlation ActivityID="" RelatedActivityID=""></Correlation>
<Execution ProcessID="4" ThreadID="308"></Execution>
<Channel>System</Channel>
<Computer>S200401.overwatch.htb</Computer>
<Security UserID="S-1-5-18"></Security>
</System>
<EventData><Data Name="FinalStatus">0x00000000</Data>
<Data Name="DeviceVersionMajor">10</Data>
<Data Name="DeviceVersionMinor">0</Data>
<Data Name="DeviceNameLength">10</Data>
<Data Name="DeviceName">storqosflt</Data>
<Data Name="DeviceTime">2008-12-04 20:11:13</Data>
</EventData>
</Event>

<Event xmlns="http://schemas.microsoft.com/win/2004/08/events/event"><System><Provider Name="Microsoft-Windows-FilterManager" Guid="{f3c5e28e-63f6-49c7-a204-e48a1bc4b09d}"></Provider>
<EventID Qualifiers="">6</EventID>
<Version>0</Version>
<Level>4</Level>
<Task>0</Task>
<Opcode>0</Opcode>
<Keywords>0x8000000000000000</Keywords>
<TimeCreated SystemTime="2025-05-17 04:32:37.006769"></TimeCreated>
<EventRecordID>2018</EventRecordID>
<Correlation ActivityID="" RelatedActivityID=""></Correlation>
<Execution ProcessID="4" ThreadID="308"></Execution>
<Channel>System</Channel>
<Computer>S200401.overwatch.htb</Computer>
<Security UserID="S-1-5-18"></Security>
</System>
<EventData><Data Name="FinalStatus">0x00000000</Data>
<Data Name="DeviceVersionMajor">10</Data>
<Data Name="DeviceVersionMinor">0</Data>
<Data Name="DeviceNameLength">7</Data>
<Data Name="DeviceName">bindflt</Data>
<Data Name="DeviceTime">2019-06-22 06:44:40</Data>
</EventData>
</Event>

<Event xmlns="http://schemas.microsoft.com/win/2004/08/events/event"><System><Provider Name="Service Control Manager" Guid="{555908d1-a6d7-4695-8e1e-26931d2012f4}" EventSourceName="Service Control Manager"></Provider>
<EventID Qualifiers="16384">7036</EventID>
<Version>0</Version>
<Level>4</Level>
<Task>0</Task>
<Opcode>0</Opcode>
<Keywords>0x8080000000000000</Keywords>
<TimeCreated SystemTime="2025-05-17 04:32:37.008425"></TimeCreated>
<EventRecordID>2019</EventRecordID>
<Correlation ActivityID="" RelatedActivityID=""></Correlation>
<Execution ProcessID="668" ThreadID="764"></Execution>
<Channel>System</Channel>
<Computer>S200401.overwatch.htb</Computer>
<Security UserID=""></Security>
</System>
<EventData><Data Name="param1">WPDBusEnum</Data>
<Data Name="param2">running</Data>
<Binary>VwBQAEQAQgB1AHMARQBuAHUAbQAvADQAAAA=</Binary>
</EventData>
</Event>

<Event xmlns="http://schemas.microsoft.com/win/2004/08/events/event"><System><Provider Name="Service Control Manager" Guid="{555908d1-a6d7-4695-8e1e-26931d2012f4}" EventSourceName="Service Control Manager"></Provider>
<EventID Qualifiers="16384">7036</EventID>
<Version>0</Version>
<Level>4</Level>
<Task>0</Task>
<Opcode>0</Opcode>
<Keywords>0x8080000000000000</Keywords>
<TimeCreated SystemTime="2025-05-17 04:32:37.024050"></TimeCreated>
<EventRecordID>2020</EventRecordID>
<Correlation ActivityID="" RelatedActivityID=""></Correlation>
<Execution ProcessID="668" ThreadID="764"></Execution>
<Channel>System</Channel>
<Computer>S200401.overwatch.htb</Computer>
<Security UserID=""></Security>
</System>
<EventData><Data Name="param1">NlaSvc</Data>
<Data Name="param2">running</Data>
<Binary>TgBsAGEAUwB2AGMALwA0AAAA</Binary>
</EventData>
</Event>

<Event xmlns="http://schemas.microsoft.com/win/2004/08/events/event"><System><Provider Name="Service Control Manager" Guid="{555908d1-a6d7-4695-8e1e-26931d2012f4}" EventSourceName="Service Control Manager"></Provider>
<EventID Qualifiers="16384">7036</EventID>
<Version>0</Version>
<Level>4</Level>
<Task>0</Task>
<Opcode>0</Opcode>
<Keywords>0x8080000000000000</Keywords>
<TimeCreated SystemTime="2025-05-17 04:32:37.039673"></TimeCreated>
<EventRecordID>2021</EventRecordID>
<Correlation ActivityID="" RelatedActivityID=""></Correlation>
<Execution ProcessID="668" ThreadID="784"></Execution>
<Channel>System</Channel>
<Computer>S200401.overwatch.htb</Computer>
<Security UserID=""></Security>
</System>
<EventData><Data Name="param1">gpsvc</Data>
<Data Name="param2">running</Data>
<Binary>ZwBwAHMAdgBjAC8ANAAAAA==</Binary>
</EventData>
</Event>

<Event xmlns="http://schemas.microsoft.com/win/2004/08/events/event"><System><Provider Name="Service Control Manager" Guid="{555908d1-a6d7-4695-8e1e-26931d2012f4}" EventSourceName="Service Control Manager"></Provider>
<EventID Qualifiers="16384">7036</EventID>
<Version>0</Version>
<Level>4</Level>
<Task>0</Task>
<Opcode>0</Opcode>
<Keywords>0x8080000000000000</Keywords>
<TimeCreated SystemTime="2025-05-17 04:32:37.039673"></TimeCreated>
<EventRecordID>2022</EventRecordID>
<Correlation ActivityID="" RelatedActivityID=""></Correlation>
<Execution ProcessID="668" ThreadID="356"></Execution>
<Channel>System</Channel>
<Computer>S200401.overwatch.htb</Computer>
<Security UserID=""></Security>
</System>
<EventData><Data Name="param1">NTDS</Data>
<Data Name="param2">running</Data>
<Binary>TgBUAEQAUwAvADQAAAA=</Binary>
</EventData>
</Event>

<Event xmlns="http://schemas.microsoft.com/win/2004/08/events/event"><System><Provider Name="Microsoft-Windows-DNS-Client" Guid="{1c95126e-7eea-49a9-a3fe-a378b03ddb4d}"></Provider>
<EventID Qualifiers="">1014</EventID>
<Version>0</Version>
<Level>3</Level>
<Task>1014</Task>
<Opcode>0</Opcode>
<Keywords>0x4000000010000000</Keywords>
<TimeCreated SystemTime="2025-05-17 04:32:37.079077"></TimeCreated>
<EventRecordID>2023</EventRecordID>
<Correlation ActivityID="" RelatedActivityID=""></Correlation>
<Execution ProcessID="1248" ThreadID="1460"></Execution>
<Channel>System</Channel>
<Computer>S200401.overwatch.htb</Computer>
<Security UserID="S-1-5-20"></Security>
</System>
<EventData><Data Name="QueryName">_ldap._tcp.dc._msdcs.overwatch.htb.</Data>
<Data Name="AddressLength">128</Data>
<Data Name="Address">FwAAAAAAAAAAAAAAAAAAAAAAAAAAAAABAAAAAAAAAAAAAAAAAAAAAAAAAAAAAAAAAAAAAAAAAAAAAAAAAAAAAAAAAAAAAAAAAAAAAAAAAAAAAAAAAAAAAAAAAAAAAAAAAAAAAAAAAAAAAAAAAAAAAAAAAAAAAAAAAAAAAAAAAAA=</Data>
</EventData>
</Event>

<Event xmlns="http://schemas.microsoft.com/win/2004/08/events/event"><System><Provider Name="Service Control Manager" Guid="{555908d1-a6d7-4695-8e1e-26931d2012f4}" EventSourceName="Service Control Manager"></Provider>
<EventID Qualifiers="16384">7036</EventID>
<Version>0</Version>
<Level>4</Level>
<Task>0</Task>
<Opcode>0</Opcode>
<Keywords>0x8080000000000000</Keywords>
<TimeCreated SystemTime="2025-05-17 04:32:37.117798"></TimeCreated>
<EventRecordID>2024</EventRecordID>
<Correlation ActivityID="" RelatedActivityID=""></Correlation>
<Execution ProcessID="668" ThreadID="356"></Execution>
<Channel>System</Channel>
<Computer>S200401.overwatch.htb</Computer>
<Security UserID=""></Security>
</System>
<EventData><Data Name="param1">EventSystem</Data>
<Data Name="param2">running</Data>
<Binary>RQB2AGUAbgB0AFMAeQBzAHQAZQBtAC8ANAAAAA==</Binary>
</EventData>
</Event>

<Event xmlns="http://schemas.microsoft.com/win/2004/08/events/event"><System><Provider Name="Service Control Manager" Guid="{555908d1-a6d7-4695-8e1e-26931d2012f4}" EventSourceName="Service Control Manager"></Provider>
<EventID Qualifiers="16384">7036</EventID>
<Version>0</Version>
<Level>4</Level>
<Task>0</Task>
<Opcode>0</Opcode>
<Keywords>0x8080000000000000</Keywords>
<TimeCreated SystemTime="2025-05-17 04:32:37.133427"></TimeCreated>
<EventRecordID>2025</EventRecordID>
<Correlation ActivityID="" RelatedActivityID=""></Correlation>
<Execution ProcessID="668" ThreadID="356"></Execution>
<Channel>System</Channel>
<Computer>S200401.overwatch.htb</Computer>
<Security UserID=""></Security>
</System>
<EventData><Data Name="param1">UmRdpService</Data>
<Data Name="param2">running</Data>
<Binary>VQBtAFIAZABwAFMAZQByAHYAaQBjAGUALwA0AAAA</Binary>
</EventData>
</Event>

<Event xmlns="http://schemas.microsoft.com/win/2004/08/events/event"><System><Provider Name="Service Control Manager" Guid="{555908d1-a6d7-4695-8e1e-26931d2012f4}" EventSourceName="Service Control Manager"></Provider>
<EventID Qualifiers="16384">7036</EventID>
<Version>0</Version>
<Level>4</Level>
<Task>0</Task>
<Opcode>0</Opcode>
<Keywords>0x8080000000000000</Keywords>
<TimeCreated SystemTime="2025-05-17 04:32:37.149048"></TimeCreated>
<EventRecordID>2026</EventRecordID>
<Correlation ActivityID="" RelatedActivityID=""></Correlation>
<Execution ProcessID="668" ThreadID="520"></Execution>
<Channel>System</Channel>
<Computer>S200401.overwatch.htb</Computer>
<Security UserID=""></Security>
</System>
<EventData><Data Name="param1">Themes</Data>
<Data Name="param2">running</Data>
<Binary>VABoAGUAbQBlAHMALwA0AAAA</Binary>
</EventData>
</Event>

<Event xmlns="http://schemas.microsoft.com/win/2004/08/events/event"><System><Provider Name="Service Control Manager" Guid="{555908d1-a6d7-4695-8e1e-26931d2012f4}" EventSourceName="Service Control Manager"></Provider>
<EventID Qualifiers="16384">7036</EventID>
<Version>0</Version>
<Level>4</Level>
<Task>0</Task>
<Opcode>0</Opcode>
<Keywords>0x8080000000000000</Keywords>
<TimeCreated SystemTime="2025-05-17 04:32:37.164675"></TimeCreated>
<EventRecordID>2027</EventRecordID>
<Correlation ActivityID="" RelatedActivityID=""></Correlation>
<Execution ProcessID="668" ThreadID="520"></Execution>
<Channel>System</Channel>
<Computer>S200401.overwatch.htb</Computer>
<Security UserID=""></Security>
</System>
<EventData><Data Name="param1">netprofm</Data>
<Data Name="param2">running</Data>
<Binary>bgBlAHQAcAByAG8AZgBtAC8ANAAAAA==</Binary>
</EventData>
</Event>

<Event xmlns="http://schemas.microsoft.com/win/2004/08/events/event"><System><Provider Name="Service Control Manager" Guid="{555908d1-a6d7-4695-8e1e-26931d2012f4}" EventSourceName="Service Control Manager"></Provider>
<EventID Qualifiers="16384">7036</EventID>
<Version>0</Version>
<Level>4</Level>
<Task>0</Task>
<Opcode>0</Opcode>
<Keywords>0x8080000000000000</Keywords>
<TimeCreated SystemTime="2025-05-17 04:32:37.164675"></TimeCreated>
<EventRecordID>2028</EventRecordID>
<Correlation ActivityID="" RelatedActivityID=""></Correlation>
<Execution ProcessID="668" ThreadID="764"></Execution>
<Channel>System</Channel>
<Computer>S200401.overwatch.htb</Computer>
<Security UserID=""></Security>
</System>
<EventData><Data Name="param1">ProfSvc</Data>
<Data Name="param2">running</Data>
<Binary>UAByAG8AZgBTAHYAYwAvADQAAAA=</Binary>
</EventData>
</Event>

<Event xmlns="http://schemas.microsoft.com/win/2004/08/events/event"><System><Provider Name="Service Control Manager" Guid="{555908d1-a6d7-4695-8e1e-26931d2012f4}" EventSourceName="Service Control Manager"></Provider>
<EventID Qualifiers="16384">7036</EventID>
<Version>0</Version>
<Level>4</Level>
<Task>0</Task>
<Opcode>0</Opcode>
<Keywords>0x8080000000000000</Keywords>
<TimeCreated SystemTime="2025-05-17 04:32:37.180298"></TimeCreated>
<EventRecordID>2029</EventRecordID>
<Correlation ActivityID="" RelatedActivityID=""></Correlation>
<Execution ProcessID="668" ThreadID="356"></Execution>
<Channel>System</Channel>
<Computer>S200401.overwatch.htb</Computer>
<Security UserID=""></Security>
</System>
<EventData><Data Name="param1">SENS</Data>
<Data Name="param2">running</Data>
<Binary>UwBFAE4AUwAvADQAAAA=</Binary>
</EventData>
</Event>

<Event xmlns="http://schemas.microsoft.com/win/2004/08/events/event"><System><Provider Name="Service Control Manager" Guid="{555908d1-a6d7-4695-8e1e-26931d2012f4}" EventSourceName="Service Control Manager"></Provider>
<EventID Qualifiers="16384">7036</EventID>
<Version>0</Version>
<Level>4</Level>
<Task>0</Task>
<Opcode>0</Opcode>
<Keywords>0x8080000000000000</Keywords>
<TimeCreated SystemTime="2025-05-17 04:32:37.227173"></TimeCreated>
<EventRecordID>2030</EventRecordID>
<Correlation ActivityID="" RelatedActivityID=""></Correlation>
<Execution ProcessID="668" ThreadID="764"></Execution>
<Channel>System</Channel>
<Computer>S200401.overwatch.htb</Computer>
<Security UserID=""></Security>
</System>
<EventData><Data Name="param1">CertPropSvc</Data>
<Data Name="param2">running</Data>
<Binary>QwBlAHIAdABQAHIAbwBwAFMAdgBjAC8ANAAAAA==</Binary>
</EventData>
</Event>

<Event xmlns="http://schemas.microsoft.com/win/2004/08/events/event"><System><Provider Name="Service Control Manager" Guid="{555908d1-a6d7-4695-8e1e-26931d2012f4}" EventSourceName="Service Control Manager"></Provider>
<EventID Qualifiers="16384">7036</EventID>
<Version>0</Version>
<Level>4</Level>
<Task>0</Task>
<Opcode>0</Opcode>
<Keywords>0x8080000000000000</Keywords>
<TimeCreated SystemTime="2025-05-17 04:32:37.320925"></TimeCreated>
<EventRecordID>2031</EventRecordID>
<Correlation ActivityID="" RelatedActivityID=""></Correlation>
<Execution ProcessID="668" ThreadID="380"></Execution>
<Channel>System</Channel>
<Computer>S200401.overwatch.htb</Computer>
<Security UserID=""></Security>
</System>
<EventData><Data Name="param1">ShellHWDetection</Data>
<Data Name="param2">running</Data>
<Binary>UwBoAGUAbABsAEgAVwBEAGUAdABlAGMAdABpAG8AbgAvADQAAAA=</Binary>
</EventData>
</Event>

<Event xmlns="http://schemas.microsoft.com/win/2004/08/events/event"><System><Provider Name="Service Control Manager" Guid="{555908d1-a6d7-4695-8e1e-26931d2012f4}" EventSourceName="Service Control Manager"></Provider>
<EventID Qualifiers="16384">7036</EventID>
<Version>0</Version>
<Level>4</Level>
<Task>0</Task>
<Opcode>0</Opcode>
<Keywords>0x8080000000000000</Keywords>
<TimeCreated SystemTime="2025-05-17 04:32:37.336548"></TimeCreated>
<EventRecordID>2032</EventRecordID>
<Correlation ActivityID="" RelatedActivityID=""></Correlation>
<Execution ProcessID="668" ThreadID="520"></Execution>
<Channel>System</Channel>
<Computer>S200401.overwatch.htb</Computer>
<Security UserID=""></Security>
</System>
<EventData><Data Name="param1">Schedule</Data>
<Data Name="param2">running</Data>
<Binary>UwBjAGgAZQBkAHUAbABlAC8ANAAAAA==</Binary>
</EventData>
</Event>

<Event xmlns="http://schemas.microsoft.com/win/2004/08/events/event"><System><Provider Name="Service Control Manager" Guid="{555908d1-a6d7-4695-8e1e-26931d2012f4}" EventSourceName="Service Control Manager"></Provider>
<EventID Qualifiers="16384">7036</EventID>
<Version>0</Version>
<Level>4</Level>
<Task>0</Task>
<Opcode>0</Opcode>
<Keywords>0x8080000000000000</Keywords>
<TimeCreated SystemTime="2025-05-17 04:32:37.336548"></TimeCreated>
<EventRecordID>2033</EventRecordID>
<Correlation ActivityID="" RelatedActivityID=""></Correlation>
<Execution ProcessID="668" ThreadID="784"></Execution>
<Channel>System</Channel>
<Computer>S200401.overwatch.htb</Computer>
<Security UserID=""></Security>
</System>
<EventData><Data Name="param1">LanmanWorkstation</Data>
<Data Name="param2">running</Data>
<Binary>TABhAG4AbQBhAG4AVwBvAHIAawBzAHQAYQB0AGkAbwBuAC8ANAAAAA==</Binary>
</EventData>
</Event>

<Event xmlns="http://schemas.microsoft.com/win/2004/08/events/event"><System><Provider Name="Service Control Manager" Guid="{555908d1-a6d7-4695-8e1e-26931d2012f4}" EventSourceName="Service Control Manager"></Provider>
<EventID Qualifiers="16384">7036</EventID>
<Version>0</Version>
<Level>4</Level>
<Task>0</Task>
<Opcode>0</Opcode>
<Keywords>0x8080000000000000</Keywords>
<TimeCreated SystemTime="2025-05-17 04:32:37.352173"></TimeCreated>
<EventRecordID>2034</EventRecordID>
<Correlation ActivityID="" RelatedActivityID=""></Correlation>
<Execution ProcessID="668" ThreadID="520"></Execution>
<Channel>System</Channel>
<Computer>S200401.overwatch.htb</Computer>
<Security UserID=""></Security>
</System>
<EventData><Data Name="param1">FontCache</Data>
<Data Name="param2">running</Data>
<Binary>RgBvAG4AdABDAGEAYwBoAGUALwA0AAAA</Binary>
</EventData>
</Event>

<Event xmlns="http://schemas.microsoft.com/win/2004/08/events/event"><System><Provider Name="Service Control Manager" Guid="{555908d1-a6d7-4695-8e1e-26931d2012f4}" EventSourceName="Service Control Manager"></Provider>
<EventID Qualifiers="16384">7036</EventID>
<Version>0</Version>
<Level>4</Level>
<Task>0</Task>
<Opcode>0</Opcode>
<Keywords>0x8080000000000000</Keywords>
<TimeCreated SystemTime="2025-05-17 04:32:37.367800"></TimeCreated>
<EventRecordID>2035</EventRecordID>
<Correlation ActivityID="" RelatedActivityID=""></Correlation>
<Execution ProcessID="668" ThreadID="380"></Execution>
<Channel>System</Channel>
<Computer>S200401.overwatch.htb</Computer>
<Security UserID=""></Security>
</System>
<EventData><Data Name="param1">BFE</Data>
<Data Name="param2">running</Data>
<Binary>QgBGAEUALwA0AAAA</Binary>
</EventData>
</Event>

<Event xmlns="http://schemas.microsoft.com/win/2004/08/events/event"><System><Provider Name="Service Control Manager" Guid="{555908d1-a6d7-4695-8e1e-26931d2012f4}" EventSourceName="Service Control Manager"></Provider>
<EventID Qualifiers="16384">7036</EventID>
<Version>0</Version>
<Level>4</Level>
<Task>0</Task>
<Opcode>0</Opcode>
<Keywords>0x8080000000000000</Keywords>
<TimeCreated SystemTime="2025-05-17 04:32:37.430298"></TimeCreated>
<EventRecordID>2036</EventRecordID>
<Correlation ActivityID="" RelatedActivityID=""></Correlation>
<Execution ProcessID="668" ThreadID="348"></Execution>
<Channel>System</Channel>
<Computer>S200401.overwatch.htb</Computer>
<Security UserID=""></Security>
</System>
<EventData><Data Name="param1">DsmSvc</Data>
<Data Name="param2">running</Data>
<Binary>RABzAG0AUwB2AGMALwA0AAAA</Binary>
</EventData>
</Event>

<Event xmlns="http://schemas.microsoft.com/win/2004/08/events/event"><System><Provider Name="Service Control Manager" Guid="{555908d1-a6d7-4695-8e1e-26931d2012f4}" EventSourceName="Service Control Manager"></Provider>
<EventID Qualifiers="16384">7036</EventID>
<Version>0</Version>
<Level>4</Level>
<Task>0</Task>
<Opcode>0</Opcode>
<Keywords>0x8080000000000000</Keywords>
<TimeCreated SystemTime="2025-05-17 04:32:37.430298"></TimeCreated>
<EventRecordID>2037</EventRecordID>
<Correlation ActivityID="" RelatedActivityID=""></Correlation>
<Execution ProcessID="668" ThreadID="348"></Execution>
<Channel>System</Channel>
<Computer>S200401.overwatch.htb</Computer>
<Security UserID=""></Security>
</System>
<EventData><Data Name="param1">Kdc</Data>
<Data Name="param2">running</Data>
<Binary>SwBkAGMALwA0AAAA</Binary>
</EventData>
</Event>

<Event xmlns="http://schemas.microsoft.com/win/2004/08/events/event"><System><Provider Name="Service Control Manager" Guid="{555908d1-a6d7-4695-8e1e-26931d2012f4}" EventSourceName="Service Control Manager"></Provider>
<EventID Qualifiers="16384">7036</EventID>
<Version>0</Version>
<Level>4</Level>
<Task>0</Task>
<Opcode>0</Opcode>
<Keywords>0x8080000000000000</Keywords>
<TimeCreated SystemTime="2025-05-17 04:32:37.461548"></TimeCreated>
<EventRecordID>2038</EventRecordID>
<Correlation ActivityID="" RelatedActivityID=""></Correlation>
<Execution ProcessID="668" ThreadID="784"></Execution>
<Channel>System</Channel>
<Computer>S200401.overwatch.htb</Computer>
<Security UserID=""></Security>
</System>
<EventData><Data Name="param1">SessionEnv</Data>
<Data Name="param2">running</Data>
<Binary>UwBlAHMAcwBpAG8AbgBFAG4AdgAvADQAAAA=</Binary>
</EventData>
</Event>

<Event xmlns="http://schemas.microsoft.com/win/2004/08/events/event"><System><Provider Name="Microsoft-Windows-DNS-Client" Guid="{1c95126e-7eea-49a9-a3fe-a378b03ddb4d}"></Provider>
<EventID Qualifiers="">1014</EventID>
<Version>0</Version>
<Level>3</Level>
<Task>1014</Task>
<Opcode>0</Opcode>
<Keywords>0x4000000010000000</Keywords>
<TimeCreated SystemTime="2025-05-17 04:32:37.467209"></TimeCreated>
<EventRecordID>2039</EventRecordID>
<Correlation ActivityID="" RelatedActivityID=""></Correlation>
<Execution ProcessID="1248" ThreadID="1336"></Execution>
<Channel>System</Channel>
<Computer>S200401.overwatch.htb</Computer>
<Security UserID="S-1-5-20"></Security>
</System>
<EventData><Data Name="QueryName">_ldap._tcp.dc._msdcs.overwatch.htb.</Data>
<Data Name="AddressLength">128</Data>
<Data Name="Address">FwAAAAAAAAAAAAAAAAAAAAAAAAAAAAABAAAAAAAAAAAAAAAAAAAAAAAAAAAAAAAAAAAAAAAAAAAAAAAAAAAAAAAAAAAAAAAAAAAAAAAAAAAAAAAAAAAAAAAAAAAAAAAAAAAAAAAAAAAAAAAAAAAAAAAAAAAAAAAAAAAAAAAAAAA=</Data>
</EventData>
</Event>

<Event xmlns="http://schemas.microsoft.com/win/2004/08/events/event"><System><Provider Name="Service Control Manager" Guid="{555908d1-a6d7-4695-8e1e-26931d2012f4}" EventSourceName="Service Control Manager"></Provider>
<EventID Qualifiers="16384">7036</EventID>
<Version>0</Version>
<Level>4</Level>
<Task>0</Task>
<Opcode>0</Opcode>
<Keywords>0x8080000000000000</Keywords>
<TimeCreated SystemTime="2025-05-17 04:32:37.508421"></TimeCreated>
<EventRecordID>2040</EventRecordID>
<Correlation ActivityID="" RelatedActivityID=""></Correlation>
<Execution ProcessID="668" ThreadID="852"></Execution>
<Channel>System</Channel>
<Computer>S200401.overwatch.htb</Computer>
<Security UserID=""></Security>
</System>
<EventData><Data Name="param1">WinHttpAutoProxySvc</Data>
<Data Name="param2">running</Data>
<Binary>VwBpAG4ASAB0AHQAcABBAHUAdABvAFAAcgBvAHgAeQBTAHYAYwAvADQAAAA=</Binary>
</EventData>
</Event>

<Event xmlns="http://schemas.microsoft.com/win/2004/08/events/event"><System><Provider Name="Service Control Manager" Guid="{555908d1-a6d7-4695-8e1e-26931d2012f4}" EventSourceName="Service Control Manager"></Provider>
<EventID Qualifiers="16384">7036</EventID>
<Version>0</Version>
<Level>4</Level>
<Task>0</Task>
<Opcode>0</Opcode>
<Keywords>0x8080000000000000</Keywords>
<TimeCreated SystemTime="2025-05-17 04:32:37.570921"></TimeCreated>
<EventRecordID>2041</EventRecordID>
<Correlation ActivityID="" RelatedActivityID=""></Correlation>
<Execution ProcessID="668" ThreadID="784"></Execution>
<Channel>System</Channel>
<Computer>S200401.overwatch.htb</Computer>
<Security UserID=""></Security>
</System>
<EventData><Data Name="param1">UserManager</Data>
<Data Name="param2">running</Data>
<Binary>VQBzAGUAcgBNAGEAbgBhAGcAZQByAC8ANAAAAA==</Binary>
</EventData>
</Event>

<Event xmlns="http://schemas.microsoft.com/win/2004/08/events/event"><System><Provider Name="Service Control Manager" Guid="{555908d1-a6d7-4695-8e1e-26931d2012f4}" EventSourceName="Service Control Manager"></Provider>
<EventID Qualifiers="16384">7036</EventID>
<Version>0</Version>
<Level>4</Level>
<Task>0</Task>
<Opcode>0</Opcode>
<Keywords>0x8080000000000000</Keywords>
<TimeCreated SystemTime="2025-05-17 04:32:37.570921"></TimeCreated>
<EventRecordID>2042</EventRecordID>
<Correlation ActivityID="" RelatedActivityID=""></Correlation>
<Execution ProcessID="668" ThreadID="784"></Execution>
<Channel>System</Channel>
<Computer>S200401.overwatch.htb</Computer>
<Security UserID=""></Security>
</System>
<EventData><Data Name="param1">Wcmsvc</Data>
<Data Name="param2">running</Data>
<Binary>VwBjAG0AcwB2AGMALwA0AAAA</Binary>
</EventData>
</Event>

<Event xmlns="http://schemas.microsoft.com/win/2004/08/events/event"><System><Provider Name="Service Control Manager" Guid="{555908d1-a6d7-4695-8e1e-26931d2012f4}" EventSourceName="Service Control Manager"></Provider>
<EventID Qualifiers="16384">7036</EventID>
<Version>0</Version>
<Level>4</Level>
<Task>0</Task>
<Opcode>0</Opcode>
<Keywords>0x8080000000000000</Keywords>
<TimeCreated SystemTime="2025-05-17 04:32:37.570921"></TimeCreated>
<EventRecordID>2043</EventRecordID>
<Correlation ActivityID="" RelatedActivityID=""></Correlation>
<Execution ProcessID="668" ThreadID="784"></Execution>
<Channel>System</Channel>
<Computer>S200401.overwatch.htb</Computer>
<Security UserID=""></Security>
</System>
<EventData><Data Name="param1">iphlpsvc</Data>
<Data Name="param2">running</Data>
<Binary>aQBwAGgAbABwAHMAdgBjAC8ANAAAAA==</Binary>
</EventData>
</Event>

<Event xmlns="http://schemas.microsoft.com/win/2004/08/events/event"><System><Provider Name="Service Control Manager" Guid="{555908d1-a6d7-4695-8e1e-26931d2012f4}" EventSourceName="Service Control Manager"></Provider>
<EventID Qualifiers="16384">7036</EventID>
<Version>0</Version>
<Level>4</Level>
<Task>0</Task>
<Opcode>0</Opcode>
<Keywords>0x8080000000000000</Keywords>
<TimeCreated SystemTime="2025-05-17 04:32:37.570921"></TimeCreated>
<EventRecordID>2044</EventRecordID>
<Correlation ActivityID="" RelatedActivityID=""></Correlation>
<Execution ProcessID="668" ThreadID="380"></Execution>
<Channel>System</Channel>
<Computer>S200401.overwatch.htb</Computer>
<Security UserID=""></Security>
</System>
<EventData><Data Name="param1">NcbService</Data>
<Data Name="param2">running</Data>
<Binary>TgBjAGIAUwBlAHIAdgBpAGMAZQAvADQAAAA=</Binary>
</EventData>
</Event>

<Event xmlns="http://schemas.microsoft.com/win/2004/08/events/event"><System><Provider Name="Service Control Manager" Guid="{555908d1-a6d7-4695-8e1e-26931d2012f4}" EventSourceName="Service Control Manager"></Provider>
<EventID Qualifiers="16384">7036</EventID>
<Version>0</Version>
<Level>4</Level>
<Task>0</Task>
<Opcode>0</Opcode>
<Keywords>0x8080000000000000</Keywords>
<TimeCreated SystemTime="2025-05-17 04:32:37.570921"></TimeCreated>
<EventRecordID>2045</EventRecordID>
<Correlation ActivityID="" RelatedActivityID=""></Correlation>
<Execution ProcessID="668" ThreadID="380"></Execution>
<Channel>System</Channel>
<Computer>S200401.overwatch.htb</Computer>
<Security UserID=""></Security>
</System>
<EventData><Data Name="param1">fdPHost</Data>
<Data Name="param2">running</Data>
<Binary>ZgBkAFAASABvAHMAdAAvADQAAAA=</Binary>
</EventData>
</Event>

<Event xmlns="http://schemas.microsoft.com/win/2004/08/events/event"><System><Provider Name="Service Control Manager" Guid="{555908d1-a6d7-4695-8e1e-26931d2012f4}" EventSourceName="Service Control Manager"></Provider>
<EventID Qualifiers="16384">7036</EventID>
<Version>0</Version>
<Level>4</Level>
<Task>0</Task>
<Opcode>0</Opcode>
<Keywords>0x8080000000000000</Keywords>
<TimeCreated SystemTime="2025-05-17 04:32:37.602173"></TimeCreated>
<EventRecordID>2046</EventRecordID>
<Correlation ActivityID="" RelatedActivityID=""></Correlation>
<Execution ProcessID="668" ThreadID="764"></Execution>
<Channel>System</Channel>
<Computer>S200401.overwatch.htb</Computer>
<Security UserID=""></Security>
</System>
<EventData><Data Name="param1">mpssvc</Data>
<Data Name="param2">running</Data>
<Binary>bQBwAHMAcwB2AGMALwA0AAAA</Binary>
</EventData>
</Event>

<Event xmlns="http://schemas.microsoft.com/win/2004/08/events/event"><System><Provider Name="Service Control Manager" Guid="{555908d1-a6d7-4695-8e1e-26931d2012f4}" EventSourceName="Service Control Manager"></Provider>
<EventID Qualifiers="16384">7036</EventID>
<Version>0</Version>
<Level>4</Level>
<Task>0</Task>
<Opcode>0</Opcode>
<Keywords>0x8080000000000000</Keywords>
<TimeCreated SystemTime="2025-05-17 04:32:37.602173"></TimeCreated>
<EventRecordID>2047</EventRecordID>
<Correlation ActivityID="" RelatedActivityID=""></Correlation>
<Execution ProcessID="668" ThreadID="524"></Execution>
<Channel>System</Channel>
<Computer>S200401.overwatch.htb</Computer>
<Security UserID=""></Security>
</System>
<EventData><Data Name="param1">NcaSvc</Data>
<Data Name="param2">stopped</Data>
<Binary>TgBjAGEAUwB2AGMALwAxAAAA</Binary>
</EventData>
</Event>

<Event xmlns="http://schemas.microsoft.com/win/2004/08/events/event"><System><Provider Name="Service Control Manager" Guid="{555908d1-a6d7-4695-8e1e-26931d2012f4}" EventSourceName="Service Control Manager"></Provider>
<EventID Qualifiers="16384">7036</EventID>
<Version>0</Version>
<Level>4</Level>
<Task>0</Task>
<Opcode>0</Opcode>
<Keywords>0x8080000000000000</Keywords>
<TimeCreated SystemTime="2025-05-17 04:32:37.961546"></TimeCreated>
<EventRecordID>2048</EventRecordID>
<Correlation ActivityID="" RelatedActivityID=""></Correlation>
<Execution ProcessID="668" ThreadID="756"></Execution>
<Channel>System</Channel>
<Computer>S200401.overwatch.htb</Computer>
<Security UserID=""></Security>
</System>
<EventData><Data Name="param1">FDResPub</Data>
<Data Name="param2">running</Data>
<Binary>RgBEAFIAZQBzAFAAdQBiAC8ANAAAAA==</Binary>
</EventData>
</Event>

<Event xmlns="http://schemas.microsoft.com/win/2004/08/events/event"><System><Provider Name="Service Control Manager" Guid="{555908d1-a6d7-4695-8e1e-26931d2012f4}" EventSourceName="Service Control Manager"></Provider>
<EventID Qualifiers="16384">7036</EventID>
<Version>0</Version>
<Level>4</Level>
<Task>0</Task>
<Opcode>0</Opcode>
<Keywords>0x8080000000000000</Keywords>
<TimeCreated SystemTime="2025-05-17 04:32:38.024050"></TimeCreated>
<EventRecordID>2049</EventRecordID>
<Correlation ActivityID="" RelatedActivityID=""></Correlation>
<Execution ProcessID="668" ThreadID="524"></Execution>
<Channel>System</Channel>
<Computer>S200401.overwatch.htb</Computer>
<Security UserID=""></Security>
</System>
<EventData><Data Name="param1">PolicyAgent</Data>
<Data Name="param2">running</Data>
<Binary>UABvAGwAaQBjAHkAQQBnAGUAbgB0AC8ANAAAAA==</Binary>
</EventData>
</Event>

<Event xmlns="http://schemas.microsoft.com/win/2004/08/events/event"><System><Provider Name="Service Control Manager" Guid="{555908d1-a6d7-4695-8e1e-26931d2012f4}" EventSourceName="Service Control Manager"></Provider>
<EventID Qualifiers="16384">7036</EventID>
<Version>0</Version>
<Level>4</Level>
<Task>0</Task>
<Opcode>0</Opcode>
<Keywords>0x8080000000000000</Keywords>
<TimeCreated SystemTime="2025-05-17 04:32:38.414677"></TimeCreated>
<EventRecordID>2050</EventRecordID>
<Correlation ActivityID="" RelatedActivityID=""></Correlation>
<Execution ProcessID="668" ThreadID="764"></Execution>
<Channel>System</Channel>
<Computer>S200401.overwatch.htb</Computer>
<Security UserID=""></Security>
</System>
<EventData><Data Name="param1">sppsvc</Data>
<Data Name="param2">running</Data>
<Binary>cwBwAHAAcwB2AGMALwA0AAAA</Binary>
</EventData>
</Event>

<Event xmlns="http://schemas.microsoft.com/win/2004/08/events/event"><System><Provider Name="Microsoft-Windows-DfsSvc" Guid="{7DA4FE0E-FD42-4708-9AA5-89B77A224885}" EventSourceName="DfsSvc"></Provider>
<EventID Qualifiers="16384">14533</EventID>
<Version>0</Version>
<Level>4</Level>
<Task>0</Task>
<Opcode>0</Opcode>
<Keywords>0x0080000000000000</Keywords>
<TimeCreated SystemTime="2025-05-17 04:32:46.399046"></TimeCreated>
<EventRecordID>2051</EventRecordID>
<Correlation ActivityID="" RelatedActivityID=""></Correlation>
<Execution ProcessID="0" ThreadID="0"></Execution>
<Channel>System</Channel>
<Computer>S200401.overwatch.htb</Computer>
<Security UserID=""></Security>
</System>
<EventData Name="DfsFinishBuildingNamespace"></EventData>
</Event>

<Event xmlns="http://schemas.microsoft.com/win/2004/08/events/event"><System><Provider Name="Microsoft-Windows-DfsSvc" Guid="{7DA4FE0E-FD42-4708-9AA5-89B77A224885}" EventSourceName="DfsSvc"></Provider>
<EventID Qualifiers="16384">14531</EventID>
<Version>0</Version>
<Level>4</Level>
<Task>0</Task>
<Opcode>0</Opcode>
<Keywords>0x0080000000000000</Keywords>
<TimeCreated SystemTime="2025-05-17 04:32:46.414669"></TimeCreated>
<EventRecordID>2052</EventRecordID>
<Correlation ActivityID="" RelatedActivityID=""></Correlation>
<Execution ProcessID="0" ThreadID="0"></Execution>
<Channel>System</Channel>
<Computer>S200401.overwatch.htb</Computer>
<Security UserID=""></Security>
</System>
<EventData Name="DfsFinishInit"></EventData>
</Event>

<Event xmlns="http://schemas.microsoft.com/win/2004/08/events/event"><System><Provider Name="Microsoft-Windows-WinRM" Guid="{A7975C8F-AC13-49F1-87DA-5A984A4AB417}" EventSourceName="WinRM"></Provider>
<EventID Qualifiers="7">10148</EventID>
<Version>0</Version>
<Level>4</Level>
<Task>0</Task>
<Opcode>0</Opcode>
<Keywords>0x0080000000000000</Keywords>
<TimeCreated SystemTime="2025-05-17 04:32:46.774046"></TimeCreated>
<EventRecordID>2053</EventRecordID>
<Correlation ActivityID="" RelatedActivityID=""></Correlation>
<Execution ProcessID="0" ThreadID="0"></Execution>
<Channel>System</Channel>
<Computer>S200401.overwatch.htb</Computer>
<Security UserID=""></Security>
</System>
<EventData Name="Started Listening"></EventData>
</Event>

<Event xmlns="http://schemas.microsoft.com/win/2004/08/events/event"><System><Provider Name="Virtual Disk Service"></Provider>
<EventID Qualifiers="16896">3</EventID>
<Version>0</Version>
<Level>4</Level>
<Task>0</Task>
<Opcode>0</Opcode>
<Keywords>0x0080000000000000</Keywords>
<TimeCreated SystemTime="2025-05-17 04:32:46.914671"></TimeCreated>
<EventRecordID>2054</EventRecordID>
<Correlation ActivityID="" RelatedActivityID=""></Correlation>
<Execution ProcessID="0" ThreadID="0"></Execution>
<Channel>System</Channel>
<Computer>S200401.overwatch.htb</Computer>
<Security UserID=""></Security>
</System>
<EventData><Data>&lt;string&gt;@2010005&lt;/string&gt;
</Data>
<Binary></Binary>
</EventData>
</Event>

<Event xmlns="http://schemas.microsoft.com/win/2004/08/events/event"><System><Provider Name="Service Control Manager" Guid="{555908d1-a6d7-4695-8e1e-26931d2012f4}" EventSourceName="Service Control Manager"></Provider>
<EventID Qualifiers="16384">7036</EventID>
<Version>0</Version>
<Level>4</Level>
<Task>0</Task>
<Opcode>0</Opcode>
<Keywords>0x8080000000000000</Keywords>
<TimeCreated SystemTime="2025-05-17 04:32:46.070919"></TimeCreated>
<EventRecordID>2055</EventRecordID>
<Correlation ActivityID="" RelatedActivityID=""></Correlation>
<Execution ProcessID="668" ThreadID="524"></Execution>
<Channel>System</Channel>
<Computer>S200401.overwatch.htb</Computer>
<Security UserID=""></Security>
</System>
<EventData><Data Name="param1">SamSs</Data>
<Data Name="param2">running</Data>
<Binary>UwBhAG0AUwBzAC8ANAAAAA==</Binary>
</EventData>
</Event>

<Event xmlns="http://schemas.microsoft.com/win/2004/08/events/event"><System><Provider Name="Service Control Manager" Guid="{555908d1-a6d7-4695-8e1e-26931d2012f4}" EventSourceName="Service Control Manager"></Provider>
<EventID Qualifiers="16384">7036</EventID>
<Version>0</Version>
<Level>4</Level>
<Task>0</Task>
<Opcode>0</Opcode>
<Keywords>0x8080000000000000</Keywords>
<TimeCreated SystemTime="2025-05-17 04:32:46.117796"></TimeCreated>
<EventRecordID>2056</EventRecordID>
<Correlation ActivityID="" RelatedActivityID=""></Correlation>
<Execution ProcessID="668" ThreadID="524"></Execution>
<Channel>System</Channel>
<Computer>S200401.overwatch.htb</Computer>
<Security UserID=""></Security>
</System>
<EventData><Data Name="param1">LanmanServer</Data>
<Data Name="param2">running</Data>
<Binary>TABhAG4AbQBhAG4AUwBlAHIAdgBlAHIALwA0AAAA</Binary>
</EventData>
</Event>

<Event xmlns="http://schemas.microsoft.com/win/2004/08/events/event"><System><Provider Name="Service Control Manager" Guid="{555908d1-a6d7-4695-8e1e-26931d2012f4}" EventSourceName="Service Control Manager"></Provider>
<EventID Qualifiers="16384">7036</EventID>
<Version>0</Version>
<Level>4</Level>
<Task>0</Task>
<Opcode>0</Opcode>
<Keywords>0x8080000000000000</Keywords>
<TimeCreated SystemTime="2025-05-17 04:32:46.180296"></TimeCreated>
<EventRecordID>2057</EventRecordID>
<Correlation ActivityID="" RelatedActivityID=""></Correlation>
<Execution ProcessID="668" ThreadID="756"></Execution>
<Channel>System</Channel>
<Computer>S200401.overwatch.htb</Computer>
<Security UserID=""></Security>
</System>
<EventData><Data Name="param1">Spooler</Data>
<Data Name="param2">running</Data>
<Binary>UwBwAG8AbwBsAGUAcgAvADQAAAA=</Binary>
</EventData>
</Event>

<Event xmlns="http://schemas.microsoft.com/win/2004/08/events/event"><System><Provider Name="Service Control Manager" Guid="{555908d1-a6d7-4695-8e1e-26931d2012f4}" EventSourceName="Service Control Manager"></Provider>
<EventID Qualifiers="16384">7036</EventID>
<Version>0</Version>
<Level>4</Level>
<Task>0</Task>
<Opcode>0</Opcode>
<Keywords>0x8080000000000000</Keywords>
<TimeCreated SystemTime="2025-05-17 04:32:46.242794"></TimeCreated>
<EventRecordID>2058</EventRecordID>
<Correlation ActivityID="" RelatedActivityID=""></Correlation>
<Execution ProcessID="668" ThreadID="380"></Execution>
<Channel>System</Channel>
<Computer>S200401.overwatch.htb</Computer>
<Security UserID=""></Security>
</System>
<EventData><Data Name="param1">CoreMessagingRegistrar</Data>
<Data Name="param2">running</Data>
<Binary>QwBvAHIAZQBNAGUAcwBzAGEAZwBpAG4AZwBSAGUAZwBpAHMAdAByAGEAcgAvADQAAAA=</Binary>
</EventData>
</Event>

<Event xmlns="http://schemas.microsoft.com/win/2004/08/events/event"><System><Provider Name="Service Control Manager" Guid="{555908d1-a6d7-4695-8e1e-26931d2012f4}" EventSourceName="Service Control Manager"></Provider>
<EventID Qualifiers="16384">7036</EventID>
<Version>0</Version>
<Level>4</Level>
<Task>0</Task>
<Opcode>0</Opcode>
<Keywords>0x8080000000000000</Keywords>
<TimeCreated SystemTime="2025-05-17 04:32:46.258421"></TimeCreated>
<EventRecordID>2059</EventRecordID>
<Correlation ActivityID="" RelatedActivityID=""></Correlation>
<Execution ProcessID="668" ThreadID="764"></Execution>
<Channel>System</Channel>
<Computer>S200401.overwatch.htb</Computer>
<Security UserID=""></Security>
</System>
<EventData><Data Name="param1">RemoteRegistry</Data>
<Data Name="param2">running</Data>
<Binary>UgBlAG0AbwB0AGUAUgBlAGcAaQBzAHQAcgB5AC8ANAAAAA==</Binary>
</EventData>
</Event>

<Event xmlns="http://schemas.microsoft.com/win/2004/08/events/event"><System><Provider Name="Service Control Manager" Guid="{555908d1-a6d7-4695-8e1e-26931d2012f4}" EventSourceName="Service Control Manager"></Provider>
<EventID Qualifiers="16384">7036</EventID>
<Version>0</Version>
<Level>4</Level>
<Task>0</Task>
<Opcode>0</Opcode>
<Keywords>0x8080000000000000</Keywords>
<TimeCreated SystemTime="2025-05-17 04:32:46.258421"></TimeCreated>
<EventRecordID>2060</EventRecordID>
<Correlation ActivityID="" RelatedActivityID=""></Correlation>
<Execution ProcessID="668" ThreadID="356"></Execution>
<Channel>System</Channel>
<Computer>S200401.overwatch.htb</Computer>
<Security UserID=""></Security>
</System>
<EventData><Data Name="param1">AzureAttestService</Data>
<Data Name="param2">running</Data>
<Binary>QQB6AHUAcgBlAEEAdAB0AGUAcwB0AFMAZQByAHYAaQBjAGUALwA0AAAA</Binary>
</EventData>
</Event>

<Event xmlns="http://schemas.microsoft.com/win/2004/08/events/event"><System><Provider Name="Service Control Manager" Guid="{555908d1-a6d7-4695-8e1e-26931d2012f4}" EventSourceName="Service Control Manager"></Provider>
<EventID Qualifiers="16384">7036</EventID>
<Version>0</Version>
<Level>4</Level>
<Task>0</Task>
<Opcode>0</Opcode>
<Keywords>0x8080000000000000</Keywords>
<TimeCreated SystemTime="2025-05-17 04:32:46.320919"></TimeCreated>
<EventRecordID>2061</EventRecordID>
<Correlation ActivityID="" RelatedActivityID=""></Correlation>
<Execution ProcessID="668" ThreadID="784"></Execution>
<Channel>System</Channel>
<Computer>S200401.overwatch.htb</Computer>
<Security UserID=""></Security>
</System>
<EventData><Data Name="param1">SysMain</Data>
<Data Name="param2">running</Data>
<Binary>UwB5AHMATQBhAGkAbgAvADQAAAA=</Binary>
</EventData>
</Event>

<Event xmlns="http://schemas.microsoft.com/win/2004/08/events/event"><System><Provider Name="Service Control Manager" Guid="{555908d1-a6d7-4695-8e1e-26931d2012f4}" EventSourceName="Service Control Manager"></Provider>
<EventID Qualifiers="16384">7036</EventID>
<Version>0</Version>
<Level>4</Level>
<Task>0</Task>
<Opcode>0</Opcode>
<Keywords>0x8080000000000000</Keywords>
<TimeCreated SystemTime="2025-05-17 04:32:46.336546"></TimeCreated>
<EventRecordID>2062</EventRecordID>
<Correlation ActivityID="" RelatedActivityID=""></Correlation>
<Execution ProcessID="668" ThreadID="356"></Execution>
<Channel>System</Channel>
<Computer>S200401.overwatch.htb</Computer>
<Security UserID=""></Security>
</System>
<EventData><Data Name="param1">DFSR</Data>
<Data Name="param2">running</Data>
<Binary>RABGAFMAUgAvADQAAAA=</Binary>
</EventData>
</Event>

<Event xmlns="http://schemas.microsoft.com/win/2004/08/events/event"><System><Provider Name="Service Control Manager" Guid="{555908d1-a6d7-4695-8e1e-26931d2012f4}" EventSourceName="Service Control Manager"></Provider>
<EventID Qualifiers="16384">7036</EventID>
<Version>0</Version>
<Level>4</Level>
<Task>0</Task>
<Opcode>0</Opcode>
<Keywords>0x8080000000000000</Keywords>
<TimeCreated SystemTime="2025-05-17 04:32:46.336546"></TimeCreated>
<EventRecordID>2063</EventRecordID>
<Correlation ActivityID="" RelatedActivityID=""></Correlation>
<Execution ProcessID="668" ThreadID="380"></Execution>
<Channel>System</Channel>
<Computer>S200401.overwatch.htb</Computer>
<Security UserID=""></Security>
</System>
<EventData><Data Name="param1">CryptSvc</Data>
<Data Name="param2">running</Data>
<Binary>QwByAHkAcAB0AFMAdgBjAC8ANAAAAA==</Binary>
</EventData>
</Event>

<Event xmlns="http://schemas.microsoft.com/win/2004/08/events/event"><System><Provider Name="Service Control Manager" Guid="{555908d1-a6d7-4695-8e1e-26931d2012f4}" EventSourceName="Service Control Manager"></Provider>
<EventID Qualifiers="16384">7036</EventID>
<Version>0</Version>
<Level>4</Level>
<Task>0</Task>
<Opcode>0</Opcode>
<Keywords>0x8080000000000000</Keywords>
<TimeCreated SystemTime="2025-05-17 04:32:46.336546"></TimeCreated>
<EventRecordID>2064</EventRecordID>
<Correlation ActivityID="" RelatedActivityID=""></Correlation>
<Execution ProcessID="668" ThreadID="380"></Execution>
<Channel>System</Channel>
<Computer>S200401.overwatch.htb</Computer>
<Security UserID=""></Security>
</System>
<EventData><Data Name="param1">IsmServ</Data>
<Data Name="param2">running</Data>
<Binary>SQBzAG0AUwBlAHIAdgAvADQAAAA=</Binary>
</EventData>
</Event>

<Event xmlns="http://schemas.microsoft.com/win/2004/08/events/event"><System><Provider Name="Service Control Manager" Guid="{555908d1-a6d7-4695-8e1e-26931d2012f4}" EventSourceName="Service Control Manager"></Provider>
<EventID Qualifiers="16384">7036</EventID>
<Version>0</Version>
<Level>4</Level>
<Task>0</Task>
<Opcode>0</Opcode>
<Keywords>0x8080000000000000</Keywords>
<TimeCreated SystemTime="2025-05-17 04:32:46.367798"></TimeCreated>
<EventRecordID>2065</EventRecordID>
<Correlation ActivityID="" RelatedActivityID=""></Correlation>
<Execution ProcessID="668" ThreadID="764"></Execution>
<Channel>System</Channel>
<Computer>S200401.overwatch.htb</Computer>
<Security UserID=""></Security>
</System>
<EventData><Data Name="param1">Dfs</Data>
<Data Name="param2">running</Data>
<Binary>RABmAHMALwA0AAAA</Binary>
</EventData>
</Event>

<Event xmlns="http://schemas.microsoft.com/win/2004/08/events/event"><System><Provider Name="Service Control Manager" Guid="{555908d1-a6d7-4695-8e1e-26931d2012f4}" EventSourceName="Service Control Manager"></Provider>
<EventID Qualifiers="16384">7036</EventID>
<Version>0</Version>
<Level>4</Level>
<Task>0</Task>
<Opcode>0</Opcode>
<Keywords>0x8080000000000000</Keywords>
<TimeCreated SystemTime="2025-05-17 04:32:46.383463"></TimeCreated>
<EventRecordID>2066</EventRecordID>
<Correlation ActivityID="" RelatedActivityID=""></Correlation>
<Execution ProcessID="668" ThreadID="764"></Execution>
<Channel>System</Channel>
<Computer>S200401.overwatch.htb</Computer>
<Security UserID=""></Security>
</System>
<EventData><Data Name="param1">SQLWriter</Data>
<Data Name="param2">running</Data>
<Binary>UwBRAEwAVwByAGkAdABlAHIALwA0AAAA</Binary>
</EventData>
</Event>

<Event xmlns="http://schemas.microsoft.com/win/2004/08/events/event"><System><Provider Name="Service Control Manager" Guid="{555908d1-a6d7-4695-8e1e-26931d2012f4}" EventSourceName="Service Control Manager"></Provider>
<EventID Qualifiers="16384">7036</EventID>
<Version>0</Version>
<Level>4</Level>
<Task>0</Task>
<Opcode>0</Opcode>
<Keywords>0x8080000000000000</Keywords>
<TimeCreated SystemTime="2025-05-17 04:32:46.414669"></TimeCreated>
<EventRecordID>2067</EventRecordID>
<Correlation ActivityID="" RelatedActivityID=""></Correlation>
<Execution ProcessID="668" ThreadID="348"></Execution>
<Channel>System</Channel>
<Computer>S200401.overwatch.htb</Computer>
<Security UserID=""></Security>
</System>
<EventData><Data Name="param1">Winmgmt</Data>
<Data Name="param2">running</Data>
<Binary>VwBpAG4AbQBnAG0AdAAvADQAAAA=</Binary>
</EventData>
</Event>

