<Event xmlns="http://schemas.microsoft.com/win/2004/08/events/event"><System><Provider Name="Microsoft-Windows-ActiveDirectory_DomainService" Guid="{0e8478c5-3605-4e8c-8497-1e730c959516}" EventSourceName="NTDS General"></Provider>
<EventID Qualifiers="32768">2089</EventID>
<Version>0</Version>
<Level>3</Level>
<Task>14</Task>
<Opcode>0</Opcode>
<Keywords>0x8080000000000000</Keywords>
<TimeCreated SystemTime="2026-02-14 18:11:25.458828"></TimeCreated>
<EventRecordID>512</EventRecordID>
<Correlation ActivityID="" RelatedActivityID=""></Correlation>
<Execution ProcessID="688" ThreadID="840"></Execution>
<Channel>Directory Service</Channel>
<Computer>S200401.overwatch.htb</Computer>
<Security UserID="S-1-5-7"></Security>
</System>
<EventData><Data>&lt;string&gt;CN=Schema,CN=Configuration,DC=overwatch,DC=htb&lt;/string&gt;
&lt;string&gt;90&lt;/string&gt;
&lt;string&gt;System\CurrentControlSet\Services\NTDS\Parameters&lt;/string&gt;
&lt;string&gt;Backup Latency Threshold (days)&lt;/string&gt;
</Data>
<Binary></Binary>
</EventData>
</Event>

<Event xmlns="http://schemas.microsoft.com/win/2004/08/events/event"><System><Provider Name="Microsoft-Windows-ActiveDirectory_DomainService" Guid="{0e8478c5-3605-4e8c-8497-1e730c959516}" EventSourceName="NTDS General"></Provider>
<EventID Qualifiers="32768">2089</EventID>
<Version>0</Version>
<Level>3</Level>
<Task>14</Task>
<Opcode>0</Opcode>
<Keywords>0x8080000000000000</Keywords>
<TimeCreated SystemTime="2026-02-14 18:11:25.458828"></TimeCreated>
<EventRecordID>513</EventRecordID>
<Correlation ActivityID="" RelatedActivityID=""></Correlation>
<Execution ProcessID="688" ThreadID="840"></Execution>
<Channel>Directory Service</Channel>
<Computer>S200401.overwatch.htb</Computer>
<Security UserID="S-1-5-7"></Security>
</System>
<EventData><Data>&lt;string&gt;DC=DomainDnsZones,DC=overwatch,DC=htb&lt;/string&gt;
&lt;string&gt;90&lt;/string&gt;
&lt;string&gt;System\CurrentControlSet\Services\NTDS\Parameters&lt;/string&gt;
&lt;string&gt;Backup Latency Threshold (days)&lt;/string&gt;
</Data>
<Binary></Binary>
</EventData>
</Event>

<Event xmlns="http://schemas.microsoft.com/win/2004/08/events/event"><System><Provider Name="Microsoft-Windows-ActiveDirectory_DomainService" Guid="{0e8478c5-3605-4e8c-8497-1e730c959516}" EventSourceName="NTDS General"></Provider>
<EventID Qualifiers="32768">2089</EventID>
<Version>0</Version>
<Level>3</Level>
<Task>14</Task>
<Opcode>0</Opcode>
<Keywords>0x8080000000000000</Keywords>
<TimeCreated SystemTime="2026-02-14 18:11:25.458828"></TimeCreated>
<EventRecordID>514</EventRecordID>
<Correlation ActivityID="" RelatedActivityID=""></Correlation>
<Execution ProcessID="688" ThreadID="840"></Execution>
<Channel>Directory Service</Channel>
<Computer>S200401.overwatch.htb</Computer>
<Security UserID="S-1-5-7"></Security>
</System>
<EventData><Data>&lt;string&gt;DC=ForestDnsZones,DC=overwatch,DC=htb&lt;/string&gt;
&lt;string&gt;90&lt;/string&gt;
&lt;string&gt;System\CurrentControlSet\Services\NTDS\Parameters&lt;/string&gt;
&lt;string&gt;Backup Latency Threshold (days)&lt;/string&gt;
</Data>
<Binary></Binary>
</EventData>
</Event>

</Events>
