<Event xmlns="http://schemas.microsoft.com/win/2004/08/events/event"><System><Provider Name="Service Control Manager" Guid="{555908d1-a6d7-4695-8e1e-26931d2012f4}" EventSourceName="Service Control Manager"></Provider>
<EventID Qualifiers="16384">7036</EventID>
<Version>0</Version>
<Level>4</Level>
<Task>0</Task>
<Opcode>0</Opcode>
<Keywords>0x8080000000000000</Keywords>
<TimeCreated SystemTime="2025-12-08 15:18:16.390011"></TimeCreated>
<EventRecordID>3786</EventRecordID>
<Correlation ActivityID="" RelatedActivityID=""></Correlation>
<Execution ProcessID="684" ThreadID="5992"></Execution>
<Channel>System</Channel>
<Computer>S200401.overwatch.htb</Computer>
<Security UserID=""></Security>
</System>
<EventData><Data Name="param1">Microsoft Edge Update Service (edgeupdate)</Data>
<Data Name="param2">running</Data>
<Binary>ZQBkAGcAZQB1AHAAZABhAHQAZQAvADQAAAA=</Binary>
</EventData>
</Event>

<Event xmlns="http://schemas.microsoft.com/win/2004/08/events/event"><System><Provider Name="Service Control Manager" Guid="{555908d1-a6d7-4695-8e1e-26931d2012f4}" EventSourceName="Service Control Manager"></Provider>
<EventID Qualifiers="16384">7036</EventID>
<Version>0</Version>
<Level>4</Level>
<Task>0</Task>
<Opcode>0</Opcode>
<Keywords>0x8080000000000000</Keywords>
<TimeCreated SystemTime="2025-12-08 15:18:16.405634"></TimeCreated>
<EventRecordID>3787</EventRecordID>
<Correlation ActivityID="" RelatedActivityID=""></Correlation>
<Execution ProcessID="684" ThreadID="5992"></Execution>
<Channel>System</Channel>
<Computer>S200401.overwatch.htb</Computer>
<Security UserID=""></Security>
</System>
<EventData><Data Name="param1">Microsoft Edge Update Service (edgeupdate)</Data>
<Data Name="param2">stopped</Data>
<Binary>ZQBkAGcAZQB1AHAAZABhAHQAZQAvADEAAAA=</Binary>
</EventData>
</Event>

<Event xmlns="http://schemas.microsoft.com/win/2004/08/events/event"><System><Provider Name="Microsoft-Windows-Kernel-General" Guid="{a68ca8b7-004f-d7b6-a698-07e2de0f1f5d}"></Provider>
<EventID Qualifiers="">16</EventID>
<Version>0</Version>
<Level>4</Level>
<Task>0</Task>
<Opcode>0</Opcode>
<Keywords>0x8000000000000000</Keywords>
<TimeCreated SystemTime="2025-12-08 15:18:16.555485"></TimeCreated>
<EventRecordID>3788</EventRecordID>
<Correlation ActivityID="" RelatedActivityID=""></Correlation>
<Execution ProcessID="1548" ThreadID="1696"></Execution>
<Channel>System</Channel>
<Computer>S200401.overwatch.htb</Computer>
<Security UserID="S-1-5-18"></Security>
</System>
<EventData><Data Name="HiveNameLength">58</Data>
<Data Name="HiveName">\??\C:\Windows\ServiceProfiles\MSSQL$SQLEXPRESS\ntuser.dat</Data>
<Data Name="KeysUpdated">126</Data>
<Data Name="DirtyPages">25</Data>
</EventData>
</Event>

<Event xmlns="http://schemas.microsoft.com/win/2004/08/events/event"><System><Provider Name="Microsoft-Windows-Kernel-General" Guid="{a68ca8b7-004f-d7b6-a698-07e2de0f1f5d}"></Provider>
<EventID Qualifiers="">16</EventID>
<Version>0</Version>
<Level>4</Level>
<Task>0</Task>
<Opcode>0</Opcode>
<Keywords>0x8000000000000000</Keywords>
<TimeCreated SystemTime="2025-12-08 15:18:16.570734"></TimeCreated>
<EventRecordID>3789</EventRecordID>
<Correlation ActivityID="" RelatedActivityID=""></Correlation>
<Execution ProcessID="1548" ThreadID="1696"></Execution>
<Channel>System</Channel>
<Computer>S200401.overwatch.htb</Computer>
<Security UserID="S-1-5-18"></Security>
</System>
<EventData><Data Name="HiveNameLength">92</Data>
<Data Name="HiveName">\??\C:\Windows\ServiceProfiles\MSSQL$SQLEXPRESS\AppData\Local\Microsoft\Windows\UsrClass.dat</Data>
<Data Name="KeysUpdated">7</Data>
<Data Name="DirtyPages">1</Data>
</EventData>
</Event>

<Event xmlns="http://schemas.microsoft.com/win/2004/08/events/event"><System><Provider Name="Service Control Manager" Guid="{555908d1-a6d7-4695-8e1e-26931d2012f4}" EventSourceName="Service Control Manager"></Provider>
<EventID Qualifiers="16384">7036</EventID>
<Version>0</Version>
<Level>4</Level>
<Task>0</Task>
<Opcode>0</Opcode>
<Keywords>0x8080000000000000</Keywords>
<TimeCreated SystemTime="2025-12-08 15:18:16.608757"></TimeCreated>
<EventRecordID>3790</EventRecordID>
<Correlation ActivityID="" RelatedActivityID=""></Correlation>
<Execution ProcessID="684" ThreadID="5992"></Execution>
<Channel>System</Channel>
<Computer>S200401.overwatch.htb</Computer>
<Security UserID=""></Security>
</System>
<EventData><Data Name="param1">DNS Server</Data>
<Data Name="param2">running</Data>
<Binary>RABOAFMALwA0AAAA</Binary>
</EventData>
</Event>

<Event xmlns="http://schemas.microsoft.com/win/2004/08/events/event"><System><Provider Name="Service Control Manager" Guid="{555908d1-a6d7-4695-8e1e-26931d2012f4}" EventSourceName="Service Control Manager"></Provider>
<EventID Qualifiers="16384">7036</EventID>
<Version>0</Version>
<Level>4</Level>
<Task>0</Task>
<Opcode>0</Opcode>
<Keywords>0x8080000000000000</Keywords>
<TimeCreated SystemTime="2025-12-08 15:18:17.499397"></TimeCreated>
<EventRecordID>3791</EventRecordID>
<Correlation ActivityID="" RelatedActivityID=""></Correlation>
<Execution ProcessID="684" ThreadID="6024"></Execution>
<Channel>System</Channel>
<Computer>S200401.overwatch.htb</Computer>
<Security UserID=""></Security>
</System>
<EventData><Data Name="param1">Network Setup Service</Data>
<Data Name="param2">running</Data>
<Binary>TgBlAHQAUwBlAHQAdQBwAFMAdgBjAC8ANAAAAA==</Binary>
</EventData>
</Event>

<Event xmlns="http://schemas.microsoft.com/win/2004/08/events/event"><System><Provider Name="Service Control Manager" Guid="{555908d1-a6d7-4695-8e1e-26931d2012f4}" EventSourceName="Service Control Manager"></Provider>
<EventID Qualifiers="16384">7036</EventID>
<Version>0</Version>
<Level>4</Level>
<Task>0</Task>
<Opcode>0</Opcode>
<Keywords>0x8080000000000000</Keywords>
<TimeCreated SystemTime="2025-12-08 15:18:19.171284"></TimeCreated>
<EventRecordID>3792</EventRecordID>
<Correlation ActivityID="" RelatedActivityID=""></Correlation>
<Execution ProcessID="684" ThreadID="6024"></Execution>
<Channel>System</Channel>
<Computer>S200401.overwatch.htb</Computer>
<Security UserID=""></Security>
</System>
<EventData><Data Name="param1">SQL Server (SQLEXPRESS)</Data>
<Data Name="param2">running</Data>
<Binary>TQBTAFMAUQBMACQAUwBRAEwARQBYAFAAUgBFAFMAUwAvADQAAAA=</Binary>
</EventData>
</Event>

<Event xmlns="http://schemas.microsoft.com/win/2004/08/events/event"><System><Provider Name="Service Control Manager" Guid="{555908d1-a6d7-4695-8e1e-26931d2012f4}" EventSourceName="Service Control Manager"></Provider>
<EventID Qualifiers="16384">7036</EventID>
<Version>0</Version>
<Level>4</Level>
<Task>0</Task>
<Opcode>0</Opcode>
<Keywords>0x8080000000000000</Keywords>
<TimeCreated SystemTime="2025-12-08 15:18:19.921276"></TimeCreated>
<EventRecordID>3793</EventRecordID>
<Correlation ActivityID="" RelatedActivityID=""></Correlation>
<Execution ProcessID="684" ThreadID="6024"></Execution>
<Channel>System</Channel>
<Computer>S200401.overwatch.htb</Computer>
<Security UserID=""></Security>
</System>
<EventData><Data Name="param1">Program Compatibility Assistant Service</Data>
<Data Name="param2">running</Data>
<Binary>UABjAGEAUwB2AGMALwA0AAAA</Binary>
</EventData>
</Event>

<Event xmlns="http://schemas.microsoft.com/win/2004/08/events/event"><System><Provider Name="Service Control Manager" Guid="{555908d1-a6d7-4695-8e1e-26931d2012f4}" EventSourceName="Service Control Manager"></Provider>
<EventID Qualifiers="16384">7036</EventID>
<Version>0</Version>
<Level>4</Level>
<Task>0</Task>
<Opcode>0</Opcode>
<Keywords>0x8080000000000000</Keywords>
<TimeCreated SystemTime="2025-12-08 15:18:20.077509"></TimeCreated>
<EventRecordID>3794</EventRecordID>
<Correlation ActivityID="" RelatedActivityID=""></Correlation>
<Execution ProcessID="684" ThreadID="6024"></Execution>
<Channel>System</Channel>
<Computer>S200401.overwatch.htb</Computer>
<Security UserID=""></Security>
</System>
<EventData><Data Name="param1">Software Protection</Data>
<Data Name="param2">running</Data>
<Binary>cwBwAHAAcwB2AGMALwA0AAAA</Binary>
</EventData>
</Event>

<Event xmlns="http://schemas.microsoft.com/win/2004/08/events/event"><System><Provider Name="Microsoft-Windows-Kernel-General" Guid="{a68ca8b7-004f-d7b6-a698-07e2de0f1f5d}"></Provider>
<EventID Qualifiers="">16</EventID>
<Version>0</Version>
<Level>4</Level>
<Task>0</Task>
<Opcode>0</Opcode>
<Keywords>0x8000000000000000</Keywords>
<TimeCreated SystemTime="2025-12-08 15:18:20.235294"></TimeCreated>
<EventRecordID>3795</EventRecordID>
<Correlation ActivityID="" RelatedActivityID=""></Correlation>
<Execution ProcessID="1548" ThreadID="1696"></Execution>
<Channel>System</Channel>
<Computer>S200401.overwatch.htb</Computer>
<Security UserID="S-1-5-18"></Security>
</System>
<EventData><Data Name="HiveNameLength">65</Data>
<Data Name="HiveName">\??\C:\Windows\ServiceProfiles\SQLTELEMETRY$SQLEXPRESS\ntuser.dat</Data>
<Data Name="KeysUpdated">97</Data>
<Data Name="DirtyPages">23</Data>
</EventData>
</Event>

<Event xmlns="http://schemas.microsoft.com/win/2004/08/events/event"><System><Provider Name="Microsoft-Windows-Kernel-General" Guid="{a68ca8b7-004f-d7b6-a698-07e2de0f1f5d}"></Provider>
<EventID Qualifiers="">16</EventID>
<Version>0</Version>
<Level>4</Level>
<Task>0</Task>
<Opcode>0</Opcode>
<Keywords>0x8000000000000000</Keywords>
<TimeCreated SystemTime="2025-12-08 15:18:20.253670"></TimeCreated>
<EventRecordID>3796</EventRecordID>
<Correlation ActivityID="" RelatedActivityID=""></Correlation>
<Execution ProcessID="1548" ThreadID="1696"></Execution>
<Channel>System</Channel>
<Computer>S200401.overwatch.htb</Computer>
<Security UserID="S-1-5-18"></Security>
</System>
<EventData><Data Name="HiveNameLength">99</Data>
<Data Name="HiveName">\??\C:\Windows\ServiceProfiles\SQLTELEMETRY$SQLEXPRESS\AppData\Local\Microsoft\Windows\UsrClass.dat</Data>
<Data Name="KeysUpdated">4</Data>
<Data Name="DirtyPages">1</Data>
</EventData>
</Event>

<Event xmlns="http://schemas.microsoft.com/win/2004/08/events/event"><System><Provider Name="Service Control Manager" Guid="{555908d1-a6d7-4695-8e1e-26931d2012f4}" EventSourceName="Service Control Manager"></Provider>
<EventID Qualifiers="16384">7036</EventID>
<Version>0</Version>
<Level>4</Level>
<Task>0</Task>
<Opcode>0</Opcode>
<Keywords>0x8080000000000000</Keywords>
<TimeCreated SystemTime="2025-12-08 15:18:20.358759"></TimeCreated>
<EventRecordID>3797</EventRecordID>
<Correlation ActivityID="" RelatedActivityID=""></Correlation>
<Execution ProcessID="684" ThreadID="6024"></Execution>
<Channel>System</Channel>
<Computer>S200401.overwatch.htb</Computer>
<Security UserID=""></Security>
</System>
<EventData><Data Name="param1">SQL Server CEIP service (SQLEXPRESS)</Data>
<Data Name="param2">running</Data>
<Binary>UwBRAEwAVABFAEwARQBNAEUAVABSAFkAJABTAFEATABFAFgAUABSAEUAUwBTAC8ANAAAAA==</Binary>
</EventData>
</Event>

<Event xmlns="http://schemas.microsoft.com/win/2004/08/events/event"><System><Provider Name="Service Control Manager" Guid="{555908d1-a6d7-4695-8e1e-26931d2012f4}" EventSourceName="Service Control Manager"></Provider>
<EventID Qualifiers="16384">7036</EventID>
<Version>0</Version>
<Level>4</Level>
<Task>0</Task>
<Opcode>0</Opcode>
<Keywords>0x8080000000000000</Keywords>
<TimeCreated SystemTime="2025-12-08 15:18:22.140007"></TimeCreated>
<EventRecordID>3798</EventRecordID>
<Correlation ActivityID="" RelatedActivityID=""></Correlation>
<Execution ProcessID="684" ThreadID="5992"></Execution>
<Channel>System</Channel>
<Computer>S200401.overwatch.htb</Computer>
<Security UserID=""></Security>
</System>
<EventData><Data Name="param1">User Access Logging Service</Data>
<Data Name="param2">running</Data>
<Binary>VQBBAEwAUwBWAEMALwA0AAAA</Binary>
</EventData>
</Event>

<Event xmlns="http://schemas.microsoft.com/win/2004/08/events/event"><System><Provider Name="Service Control Manager" Guid="{555908d1-a6d7-4695-8e1e-26931d2012f4}" EventSourceName="Service Control Manager"></Provider>
<EventID Qualifiers="16384">7036</EventID>
<Version>0</Version>
<Level>4</Level>
<Task>0</Task>
<Opcode>0</Opcode>
<Keywords>0x8080000000000000</Keywords>
<TimeCreated SystemTime="2025-12-08 15:18:22.140007"></TimeCreated>
<EventRecordID>3799</EventRecordID>
<Correlation ActivityID="" RelatedActivityID=""></Correlation>
<Execution ProcessID="684" ThreadID="5992"></Execution>
<Channel>System</Channel>
<Computer>S200401.overwatch.htb</Computer>
<Security UserID=""></Security>
</System>
<EventData><Data Name="param1">DNS Server</Data>
<Data Name="param2">stopped</Data>
<Binary>RABOAFMALwAxAAAA</Binary>
</EventData>
</Event>

<Event xmlns="http://schemas.microsoft.com/win/2004/08/events/event"><System><Provider Name="Service Control Manager" Guid="{555908d1-a6d7-4695-8e1e-26931d2012f4}" EventSourceName="Service Control Manager"></Provider>
<EventID Qualifiers="16384">7036</EventID>
<Version>0</Version>
<Level>4</Level>
<Task>0</Task>
<Opcode>0</Opcode>
<Keywords>0x8080000000000000</Keywords>
<TimeCreated SystemTime="2025-12-08 15:18:22.374411"></TimeCreated>
<EventRecordID>3800</EventRecordID>
<Correlation ActivityID="" RelatedActivityID=""></Correlation>
<Execution ProcessID="684" ThreadID="5992"></Execution>
<Channel>System</Channel>
<Computer>S200401.overwatch.htb</Computer>
<Security UserID=""></Security>
</System>
<EventData><Data Name="param1">Windows Update Medic Service</Data>
<Data Name="param2">running</Data>
<Binary>VwBhAGEAUwBNAGUAZABpAGMAUwB2AGMALwA0AAAA</Binary>
</EventData>
</Event>

<Event xmlns="http://schemas.microsoft.com/win/2004/08/events/event"><System><Provider Name="Service Control Manager" Guid="{555908d1-a6d7-4695-8e1e-26931d2012f4}" EventSourceName="Service Control Manager"></Provider>
<EventID Qualifiers="16384">7036</EventID>
<Version>0</Version>
<Level>4</Level>
<Task>0</Task>
<Opcode>0</Opcode>
<Keywords>0x8080000000000000</Keywords>
<TimeCreated SystemTime="2025-12-08 15:18:22.436886"></TimeCreated>
<EventRecordID>3801</EventRecordID>
<Correlation ActivityID="" RelatedActivityID=""></Correlation>
<Execution ProcessID="684" ThreadID="452"></Execution>
<Channel>System</Channel>
<Computer>S200401.overwatch.htb</Computer>
<Security UserID=""></Security>
</System>
<EventData><Data Name="param1">Update Orchestrator Service</Data>
<Data Name="param2">running</Data>
<Binary>VQBzAG8AUwB2AGMALwA0AAAA</Binary>
</EventData>
</Event>

<Event xmlns="http://schemas.microsoft.com/win/2004/08/events/event"><System><Provider Name="Service Control Manager" Guid="{555908d1-a6d7-4695-8e1e-26931d2012f4}" EventSourceName="Service Control Manager"></Provider>
<EventID Qualifiers="16384">7036</EventID>
<Version>0</Version>
<Level>4</Level>
<Task>0</Task>
<Opcode>0</Opcode>
<Keywords>0x8080000000000000</Keywords>
<TimeCreated SystemTime="2025-12-08 15:18:22.608757"></TimeCreated>
<EventRecordID>3802</EventRecordID>
<Correlation ActivityID="" RelatedActivityID=""></Correlation>
<Execution ProcessID="684" ThreadID="452"></Execution>
<Channel>System</Channel>
<Computer>S200401.overwatch.htb</Computer>
<Security UserID=""></Security>
</System>
<EventData><Data Name="param1">DNS Server</Data>
<Data Name="param2">running</Data>
<Binary>RABOAFMALwA0AAAA</Binary>
</EventData>
</Event>

<Event xmlns="http://schemas.microsoft.com/win/2004/08/events/event"><System><Provider Name="Service Control Manager" Guid="{555908d1-a6d7-4695-8e1e-26931d2012f4}" EventSourceName="Service Control Manager"></Provider>
<EventID Qualifiers="16384">7036</EventID>
<Version>0</Version>
<Level>4</Level>
<Task>0</Task>
<Opcode>0</Opcode>
<Keywords>0x8080000000000000</Keywords>
<TimeCreated SystemTime="2025-12-08 15:18:27.827520"></TimeCreated>
<EventRecordID>3803</EventRecordID>
<Correlation ActivityID="" RelatedActivityID=""></Correlation>
<Execution ProcessID="684" ThreadID="5996"></Execution>
<Channel>System</Channel>
<Computer>S200401.overwatch.htb</Computer>
<Security UserID=""></Security>
</System>
<EventData><Data Name="param1">DNS Server</Data>
<Data Name="param2">stopped</Data>
<Binary>RABOAFMALwAxAAAA</Binary>
</EventData>
</Event>

<Event xmlns="http://schemas.microsoft.com/win/2004/08/events/event"><System><Provider Name="Service Control Manager" Guid="{555908d1-a6d7-4695-8e1e-26931d2012f4}" EventSourceName="Service Control Manager"></Provider>
<EventID Qualifiers="16384">7036</EventID>
<Version>0</Version>
<Level>4</Level>
<Task>0</Task>
<Opcode>0</Opcode>
<Keywords>0x8080000000000000</Keywords>
<TimeCreated SystemTime="2025-12-08 15:18:28.311901"></TimeCreated>
<EventRecordID>3804</EventRecordID>
<Correlation ActivityID="" RelatedActivityID=""></Correlation>
<Execution ProcessID="684" ThreadID="5992"></Execution>
<Channel>System</Channel>
<Computer>S200401.overwatch.htb</Computer>
<Security UserID=""></Security>
</System>
<EventData><Data Name="param1">DNS Server</Data>
<Data Name="param2">running</Data>
<Binary>RABOAFMALwA0AAAA</Binary>
</EventData>
</Event>

<Event xmlns="http://schemas.microsoft.com/win/2004/08/events/event"><System><Provider Name="Service Control Manager" Guid="{555908d1-a6d7-4695-8e1e-26931d2012f4}" EventSourceName="Service Control Manager"></Provider>
<EventID Qualifiers="16384">7036</EventID>
<Version>0</Version>
<Level>4</Level>
<Task>0</Task>
<Opcode>0</Opcode>
<Keywords>0x8080000000000000</Keywords>
<TimeCreated SystemTime="2025-12-08 15:18:33.468151"></TimeCreated>
<EventRecordID>3805</EventRecordID>
<Correlation ActivityID="" RelatedActivityID=""></Correlation>
<Execution ProcessID="684" ThreadID="5992"></Execution>
<Channel>System</Channel>
<Computer>S200401.overwatch.htb</Computer>
<Security UserID=""></Security>
</System>
<EventData><Data Name="param1">DNS Server</Data>
<Data Name="param2">stopped</Data>
<Binary>RABOAFMALwAxAAAA</Binary>
</EventData>
</Event>

<Event xmlns="http://schemas.microsoft.com/win/2004/08/events/event"><System><Provider Name="Service Control Manager" Guid="{555908d1-a6d7-4695-8e1e-26931d2012f4}" EventSourceName="Service Control Manager"></Provider>
<EventID Qualifiers="16384">7036</EventID>
<Version>0</Version>
<Level>4</Level>
<Task>0</Task>
<Opcode>0</Opcode>
<Keywords>0x8080000000000000</Keywords>
<TimeCreated SystemTime="2025-12-08 15:18:33.936890"></TimeCreated>
<EventRecordID>3806</EventRecordID>
<Correlation ActivityID="" RelatedActivityID=""></Correlation>
<Execution ProcessID="684" ThreadID="5996"></Execution>
<Channel>System</Channel>
<Computer>S200401.overwatch.htb</Computer>
<Security UserID=""></Security>
</System>
<EventData><Data Name="param1">DNS Server</Data>
<Data Name="param2">running</Data>
<Binary>RABOAFMALwA0AAAA</Binary>
</EventData>
</Event>

<Event xmlns="http://schemas.microsoft.com/win/2004/08/events/event"><System><Provider Name="Service Control Manager" Guid="{555908d1-a6d7-4695-8e1e-26931d2012f4}" EventSourceName="Service Control Manager"></Provider>
<EventID Qualifiers="16384">7036</EventID>
<Version>0</Version>
<Level>4</Level>
<Task>0</Task>
<Opcode>0</Opcode>
<Keywords>0x8080000000000000</Keywords>
<TimeCreated SystemTime="2025-12-08 15:18:39.110052"></TimeCreated>
<EventRecordID>3807</EventRecordID>
<Correlation ActivityID="" RelatedActivityID=""></Correlation>
<Execution ProcessID="684" ThreadID="5996"></Execution>
<Channel>System</Channel>
<Computer>S200401.overwatch.htb</Computer>
<Security UserID=""></Security>
</System>
<EventData><Data Name="param1">DNS Server</Data>
<Data Name="param2">stopped</Data>
<Binary>RABOAFMALwAxAAAA</Binary>
</EventData>
</Event>

<Event xmlns="http://schemas.microsoft.com/win/2004/08/events/event"><System><Provider Name="Service Control Manager" Guid="{555908d1-a6d7-4695-8e1e-26931d2012f4}" EventSourceName="Service Control Manager"></Provider>
<EventID Qualifiers="16384">7036</EventID>
<Version>0</Version>
<Level>4</Level>
<Task>0</Task>
<Opcode>0</Opcode>
<Keywords>0x8080000000000000</Keywords>
<TimeCreated SystemTime="2025-12-08 15:18:39.593138"></TimeCreated>
<EventRecordID>3808</EventRecordID>
<Correlation ActivityID="" RelatedActivityID=""></Correlation>
<Execution ProcessID="684" ThreadID="5996"></Execution>
<Channel>System</Channel>
<Computer>S200401.overwatch.htb</Computer>
<Security UserID=""></Security>
</System>
<EventData><Data Name="param1">DNS Server</Data>
<Data Name="param2">running</Data>
<Binary>RABOAFMALwA0AAAA</Binary>
</EventData>
</Event>

<Event xmlns="http://schemas.microsoft.com/win/2004/08/events/event"><System><Provider Name="Service Control Manager" Guid="{555908d1-a6d7-4695-8e1e-26931d2012f4}" EventSourceName="Service Control Manager"></Provider>
<EventID Qualifiers="16384">7036</EventID>
<Version>0</Version>
<Level>4</Level>
<Task>0</Task>
<Opcode>0</Opcode>
<Keywords>0x8080000000000000</Keywords>
<TimeCreated SystemTime="2025-12-08 15:18:40.343134"></TimeCreated>
<EventRecordID>3809</EventRecordID>
<Correlation ActivityID="" RelatedActivityID=""></Correlation>
<Execution ProcessID="684" ThreadID="5996"></Execution>
<Channel>System</Channel>
<Computer>S200401.overwatch.htb</Computer>
<Security UserID=""></Security>
</System>
<EventData><Data Name="param1">Microsoft Edge Update Service (edgeupdate)</Data>
<Data Name="param2">running</Data>
<Binary>ZQBkAGcAZQB1AHAAZABhAHQAZQAvADQAAAA=</Binary>
</EventData>
</Event>

<Event xmlns="http://schemas.microsoft.com/win/2004/08/events/event"><System><Provider Name="Service Control Manager" Guid="{555908d1-a6d7-4695-8e1e-26931d2012f4}" EventSourceName="Service Control Manager"></Provider>
<EventID Qualifiers="16384">7036</EventID>
<Version>0</Version>
<Level>4</Level>
<Task>0</Task>
<Opcode>0</Opcode>
<Keywords>0x8080000000000000</Keywords>
<TimeCreated SystemTime="2025-12-08 15:18:41.327543"></TimeCreated>
<EventRecordID>3810</EventRecordID>
<Correlation ActivityID="" RelatedActivityID=""></Correlation>
<Execution ProcessID="684" ThreadID="5996"></Execution>
<Channel>System</Channel>
<Computer>S200401.overwatch.htb</Computer>
<Security UserID=""></Security>
</System>
<EventData><Data Name="param1">Windows Modules Installer</Data>
<Data Name="param2">stopped</Data>
<Binary>VAByAHUAcwB0AGUAZABJAG4AcwB0AGEAbABsAGUAcgAvADEAAAA=</Binary>
</EventData>
</Event>

<Event xmlns="http://schemas.microsoft.com/win/2004/08/events/event"><System><Provider Name="Service Control Manager" Guid="{555908d1-a6d7-4695-8e1e-26931d2012f4}" EventSourceName="Service Control Manager"></Provider>
<EventID Qualifiers="16384">7036</EventID>
<Version>0</Version>
<Level>4</Level>
<Task>0</Task>
<Opcode>0</Opcode>
<Keywords>0x8080000000000000</Keywords>
<TimeCreated SystemTime="2025-12-08 15:18:44.765011"></TimeCreated>
<EventRecordID>3811</EventRecordID>
<Correlation ActivityID="" RelatedActivityID=""></Correlation>
<Execution ProcessID="684" ThreadID="5996"></Execution>
<Channel>System</Channel>
<Computer>S200401.overwatch.htb</Computer>
<Security UserID=""></Security>
</System>
<EventData><Data Name="param1">DNS Server</Data>
<Data Name="param2">stopped</Data>
<Binary>RABOAFMALwAxAAAA</Binary>
</EventData>
</Event>

<Event xmlns="http://schemas.microsoft.com/win/2004/08/events/event"><System><Provider Name="Service Control Manager" Guid="{555908d1-a6d7-4695-8e1e-26931d2012f4}" EventSourceName="Service Control Manager"></Provider>
<EventID Qualifiers="16384">7036</EventID>
<Version>0</Version>
<Level>4</Level>
<Task>0</Task>
<Opcode>0</Opcode>
<Keywords>0x8080000000000000</Keywords>
<TimeCreated SystemTime="2025-12-08 15:18:45.233772"></TimeCreated>
<EventRecordID>3812</EventRecordID>
<Correlation ActivityID="" RelatedActivityID=""></Correlation>
<Execution ProcessID="684" ThreadID="1032"></Execution>
<Channel>System</Channel>
<Computer>S200401.overwatch.htb</Computer>
<Security UserID=""></Security>
</System>
<EventData><Data Name="param1">Portable Device Enumerator Service</Data>
<Data Name="param2">stopped</Data>
<Binary>VwBQAEQAQgB1AHMARQBuAHUAbQAvADEAAAA=</Binary>
</EventData>
</Event>

<Event xmlns="http://schemas.microsoft.com/win/2004/08/events/event"><System><Provider Name="Service Control Manager" Guid="{555908d1-a6d7-4695-8e1e-26931d2012f4}" EventSourceName="Service Control Manager"></Provider>
<EventID Qualifiers="16384">7036</EventID>
<Version>0</Version>
<Level>4</Level>
<Task>0</Task>
<Opcode>0</Opcode>
<Keywords>0x8080000000000000</Keywords>
<TimeCreated SystemTime="2025-12-08 15:18:45.233772"></TimeCreated>
<EventRecordID>3813</EventRecordID>
<Correlation ActivityID="" RelatedActivityID=""></Correlation>
<Execution ProcessID="684" ThreadID="5996"></Execution>
<Channel>System</Channel>
<Computer>S200401.overwatch.htb</Computer>
<Security UserID=""></Security>
</System>
<EventData><Data Name="param1">DNS Server</Data>
<Data Name="param2">running</Data>
<Binary>RABOAFMALwA0AAAA</Binary>
</EventData>
</Event>

<Event xmlns="http://schemas.microsoft.com/win/2004/08/events/event"><System><Provider Name="Service Control Manager" Guid="{555908d1-a6d7-4695-8e1e-26931d2012f4}" EventSourceName="Service Control Manager"></Provider>
<EventID Qualifiers="16384">7036</EventID>
<Version>0</Version>
<Level>4</Level>
<Task>0</Task>
<Opcode>0</Opcode>
<Keywords>0x8080000000000000</Keywords>
<TimeCreated SystemTime="2025-12-08 15:18:46.858757"></TimeCreated>
<EventRecordID>3814</EventRecordID>
<Correlation ActivityID="" RelatedActivityID=""></Correlation>
<Execution ProcessID="684" ThreadID="1032"></Execution>
<Channel>System</Channel>
<Computer>S200401.overwatch.htb</Computer>
<Security UserID=""></Security>
</System>
<EventData><Data Name="param1">WMI Performance Adapter</Data>
<Data Name="param2">stopped</Data>
<Binary>dwBtAGkAQQBwAFMAcgB2AC8AMQAAAA==</Binary>
</EventData>
</Event>

<Event xmlns="http://schemas.microsoft.com/win/2004/08/events/event"><System><Provider Name="Service Control Manager" Guid="{555908d1-a6d7-4695-8e1e-26931d2012f4}" EventSourceName="Service Control Manager"></Provider>
<EventID Qualifiers="16384">7036</EventID>
<Version>0</Version>
<Level>4</Level>
<Task>0</Task>
<Opcode>0</Opcode>
<Keywords>0x8080000000000000</Keywords>
<TimeCreated SystemTime="2025-12-08 15:18:46.936886"></TimeCreated>
<EventRecordID>3815</EventRecordID>
<Correlation ActivityID="" RelatedActivityID=""></Correlation>
<Execution ProcessID="684" ThreadID="1032"></Execution>
<Channel>System</Channel>
<Computer>S200401.overwatch.htb</Computer>
<Security UserID=""></Security>
</System>
<EventData><Data Name="param1">WMI Performance Adapter</Data>
<Data Name="param2">running</Data>
<Binary>dwBtAGkAQQBwAFMAcgB2AC8ANAAAAA==</Binary>
</EventData>
</Event>

<Event xmlns="http://schemas.microsoft.com/win/2004/08/events/event"><System><Provider Name="Service Control Manager" Guid="{555908d1-a6d7-4695-8e1e-26931d2012f4}" EventSourceName="Service Control Manager"></Provider>
<EventID Qualifiers="16384">7036</EventID>
<Version>0</Version>
<Level>4</Level>
<Task>0</Task>
<Opcode>0</Opcode>
<Keywords>0x8080000000000000</Keywords>
<TimeCreated SystemTime="2025-12-08 15:18:47.171259"></TimeCreated>
<EventRecordID>3816</EventRecordID>
<Correlation ActivityID="" RelatedActivityID=""></Correlation>
<Execution ProcessID="684" ThreadID="1032"></Execution>
<Channel>System</Channel>
<Computer>S200401.overwatch.htb</Computer>
<Security UserID=""></Security>
</System>
<EventData><Data Name="param1">WMI Performance Adapter</Data>
<Data Name="param2">stopped</Data>
<Binary>dwBtAGkAQQBwAFMAcgB2AC8AMQAAAA==</Binary>
</EventData>
</Event>

<Event xmlns="http://schemas.microsoft.com/win/2004/08/events/event"><System><Provider Name="Service Control Manager" Guid="{555908d1-a6d7-4695-8e1e-26931d2012f4}" EventSourceName="Service Control Manager"></Provider>
<EventID Qualifiers="16384">7036</EventID>
<Version>0</Version>
<Level>4</Level>
<Task>0</Task>
<Opcode>0</Opcode>
<Keywords>0x8080000000000000</Keywords>
<TimeCreated SystemTime="2025-12-08 15:18:47.311890"></TimeCreated>
<EventRecordID>3817</EventRecordID>
<Correlation ActivityID="" RelatedActivityID=""></Correlation>
<Execution ProcessID="684" ThreadID="1032"></Execution>
<Channel>System</Channel>
<Computer>S200401.overwatch.htb</Computer>
<Security UserID=""></Security>
</System>
<EventData><Data Name="param1">WMI Performance Adapter</Data>
<Data Name="param2">running</Data>
<Binary>dwBtAGkAQQBwAFMAcgB2AC8ANAAAAA==</Binary>
</EventData>
</Event>

<Event xmlns="http://schemas.microsoft.com/win/2004/08/events/event"><System><Provider Name="Service Control Manager" Guid="{555908d1-a6d7-4695-8e1e-26931d2012f4}" EventSourceName="Service Control Manager"></Provider>
<EventID Qualifiers="16384">7036</EventID>
<Version>0</Version>
<Level>4</Level>
<Task>0</Task>
<Opcode>0</Opcode>
<Keywords>0x8080000000000000</Keywords>
<TimeCreated SystemTime="2025-12-08 15:18:50.421282"></TimeCreated>
<EventRecordID>3818</EventRecordID>
<Correlation ActivityID="" RelatedActivityID=""></Correlation>
<Execution ProcessID="684" ThreadID="1032"></Execution>
<Channel>System</Channel>
<Computer>S200401.overwatch.htb</Computer>
<Security UserID=""></Security>
</System>
<EventData><Data Name="param1">DNS Server</Data>
<Data Name="param2">stopped</Data>
<Binary>RABOAFMALwAxAAAA</Binary>
</EventData>
</Event>

<Event xmlns="http://schemas.microsoft.com/win/2004/08/events/event"><System><Provider Name="Service Control Manager" Guid="{555908d1-a6d7-4695-8e1e-26931d2012f4}" EventSourceName="Service Control Manager"></Provider>
<EventID Qualifiers="16384">7036</EventID>
<Version>0</Version>
<Level>4</Level>
<Task>0</Task>
<Opcode>0</Opcode>
<Keywords>0x8080000000000000</Keywords>
<TimeCreated SystemTime="2025-12-08 15:18:50.905827"></TimeCreated>
<EventRecordID>3819</EventRecordID>
<Correlation ActivityID="" RelatedActivityID=""></Correlation>
<Execution ProcessID="684" ThreadID="5996"></Execution>
<Channel>System</Channel>
<Computer>S200401.overwatch.htb</Computer>
<Security UserID=""></Security>
</System>
<EventData><Data Name="param1">DNS Server</Data>
<Data Name="param2">running</Data>
<Binary>RABOAFMALwA0AAAA</Binary>
</EventData>
</Event>

<Event xmlns="http://schemas.microsoft.com/win/2004/08/events/event"><System><Provider Name="Service Control Manager" Guid="{555908d1-a6d7-4695-8e1e-26931d2012f4}" EventSourceName="Service Control Manager"></Provider>
<EventID Qualifiers="16384">7036</EventID>
<Version>0</Version>
<Level>4</Level>
<Task>0</Task>
<Opcode>0</Opcode>
<Keywords>0x8080000000000000</Keywords>
<TimeCreated SystemTime="2025-12-08 15:18:51.811884"></TimeCreated>
<EventRecordID>3820</EventRecordID>
<Correlation ActivityID="" RelatedActivityID=""></Correlation>
<Execution ProcessID="684" ThreadID="5996"></Execution>
<Channel>System</Channel>
<Computer>S200401.overwatch.htb</Computer>
<Security UserID=""></Security>
</System>
<EventData><Data Name="param1">Software Protection</Data>
<Data Name="param2">stopped</Data>
<Binary>cwBwAHAAcwB2AGMALwAxAAAA</Binary>
</EventData>
</Event>

<Event xmlns="http://schemas.microsoft.com/win/2004/08/events/event"><System><Provider Name="Service Control Manager" Guid="{555908d1-a6d7-4695-8e1e-26931d2012f4}" EventSourceName="Service Control Manager"></Provider>
<EventID Qualifiers="16384">7036</EventID>
<Version>0</Version>
<Level>4</Level>
<Task>0</Task>
<Opcode>0</Opcode>
<Keywords>0x8080000000000000</Keywords>
<TimeCreated SystemTime="2025-12-08 15:18:56.061920"></TimeCreated>
<EventRecordID>3821</EventRecordID>
<Correlation ActivityID="" RelatedActivityID=""></Correlation>
<Execution ProcessID="684" ThreadID="5996"></Execution>
<Channel>System</Channel>
<Computer>S200401.overwatch.htb</Computer>
<Security UserID=""></Security>
</System>
<EventData><Data Name="param1">DNS Server</Data>
<Data Name="param2">stopped</Data>
<Binary>RABOAFMALwAxAAAA</Binary>
</EventData>
</Event>

<Event xmlns="http://schemas.microsoft.com/win/2004/08/events/event"><System><Provider Name="Service Control Manager" Guid="{555908d1-a6d7-4695-8e1e-26931d2012f4}" EventSourceName="Service Control Manager"></Provider>
<EventID Qualifiers="16384">7036</EventID>
<Version>0</Version>
<Level>4</Level>
<Task>0</Task>
<Opcode>0</Opcode>
<Keywords>0x8080000000000000</Keywords>
<TimeCreated SystemTime="2025-12-08 15:18:56.546263"></TimeCreated>
<EventRecordID>3822</EventRecordID>
<Correlation ActivityID="" RelatedActivityID=""></Correlation>
<Execution ProcessID="684" ThreadID="1032"></Execution>
<Channel>System</Channel>
<Computer>S200401.overwatch.htb</Computer>
<Security UserID=""></Security>
</System>
<EventData><Data Name="param1">DNS Server</Data>
<Data Name="param2">running</Data>
<Binary>RABOAFMALwA0AAAA</Binary>
</EventData>
</Event>

<Event xmlns="http://schemas.microsoft.com/win/2004/08/events/event"><System><Provider Name="Service Control Manager" Guid="{555908d1-a6d7-4695-8e1e-26931d2012f4}" EventSourceName="Service Control Manager"></Provider>
<EventID Qualifiers="16384">7036</EventID>
<Version>0</Version>
<Level>4</Level>
<Task>0</Task>
<Opcode>0</Opcode>
<Keywords>0x8080000000000000</Keywords>
<TimeCreated SystemTime="2025-12-08 15:19:01.749392"></TimeCreated>
<EventRecordID>3823</EventRecordID>
<Correlation ActivityID="" RelatedActivityID=""></Correlation>
<Execution ProcessID="684" ThreadID="5996"></Execution>
<Channel>System</Channel>
<Computer>S200401.overwatch.htb</Computer>
<Security UserID=""></Security>
</System>
<EventData><Data Name="param1">DNS Server</Data>
<Data Name="param2">stopped</Data>
<Binary>RABOAFMALwAxAAAA</Binary>
</EventData>
</Event>

<Event xmlns="http://schemas.microsoft.com/win/2004/08/events/event"><System><Provider Name="Service Control Manager" Guid="{555908d1-a6d7-4695-8e1e-26931d2012f4}" EventSourceName="Service Control Manager"></Provider>
<EventID Qualifiers="16384">7036</EventID>
<Version>0</Version>
<Level>4</Level>
<Task>0</Task>
<Opcode>0</Opcode>
<Keywords>0x8080000000000000</Keywords>
<TimeCreated SystemTime="2025-12-08 15:19:02.296392"></TimeCreated>
<EventRecordID>3824</EventRecordID>
<Correlation ActivityID="" RelatedActivityID=""></Correlation>
<Execution ProcessID="684" ThreadID="1032"></Execution>
<Channel>System</Channel>
<Computer>S200401.overwatch.htb</Computer>
<Security UserID=""></Security>
</System>
<EventData><Data Name="param1">DNS Server</Data>
<Data Name="param2">running</Data>
<Binary>RABOAFMALwA0AAAA</Binary>
</EventData>
</Event>

<Event xmlns="http://schemas.microsoft.com/win/2004/08/events/event"><System><Provider Name="Service Control Manager" Guid="{555908d1-a6d7-4695-8e1e-26931d2012f4}" EventSourceName="Service Control Manager"></Provider>
<EventID Qualifiers="16384">7036</EventID>
<Version>0</Version>
<Level>4</Level>
<Task>0</Task>
<Opcode>0</Opcode>
<Keywords>0x8080000000000000</Keywords>
<TimeCreated SystemTime="2025-12-08 15:19:07.624390"></TimeCreated>
<EventRecordID>3825</EventRecordID>
<Correlation ActivityID="" RelatedActivityID=""></Correlation>
<Execution ProcessID="684" ThreadID="1032"></Execution>
<Channel>System</Channel>
<Computer>S200401.overwatch.htb</Computer>
<Security UserID=""></Security>
</System>
<EventData><Data Name="param1">DNS Server</Data>
<Data Name="param2">stopped</Data>
<Binary>RABOAFMALwAxAAAA</Binary>
</EventData>
</Event>

<Event xmlns="http://schemas.microsoft.com/win/2004/08/events/event"><System><Provider Name="Service Control Manager" Guid="{555908d1-a6d7-4695-8e1e-26931d2012f4}" EventSourceName="Service Control Manager"></Provider>
<EventID Qualifiers="16384">7036</EventID>
<Version>0</Version>
<Level>4</Level>
<Task>0</Task>
<Opcode>0</Opcode>
<Keywords>0x8080000000000000</Keywords>
<TimeCreated SystemTime="2025-12-08 15:19:08.155632"></TimeCreated>
<EventRecordID>3826</EventRecordID>
<Correlation ActivityID="" RelatedActivityID=""></Correlation>
<Execution ProcessID="684" ThreadID="1032"></Execution>
<Channel>System</Channel>
<Computer>S200401.overwatch.htb</Computer>
<Security UserID=""></Security>
</System>
<EventData><Data Name="param1">DNS Server</Data>
<Data Name="param2">running</Data>
<Binary>RABOAFMALwA0AAAA</Binary>
</EventData>
</Event>

<Event xmlns="http://schemas.microsoft.com/win/2004/08/events/event"><System><Provider Name="Service Control Manager" Guid="{555908d1-a6d7-4695-8e1e-26931d2012f4}" EventSourceName="Service Control Manager"></Provider>
<EventID Qualifiers="16384">7036</EventID>
<Version>0</Version>
<Level>4</Level>
<Task>0</Task>
<Opcode>0</Opcode>
<Keywords>0x8080000000000000</Keywords>
<TimeCreated SystemTime="2025-12-08 15:19:13.546938"></TimeCreated>
<EventRecordID>3827</EventRecordID>
<Correlation ActivityID="" RelatedActivityID=""></Correlation>
<Execution ProcessID="684" ThreadID="1032"></Execution>
<Channel>System</Channel>
<Computer>S200401.overwatch.htb</Computer>
<Security UserID=""></Security>
</System>
<EventData><Data Name="param1">DNS Server</Data>
<Data Name="param2">stopped</Data>
<Binary>RABOAFMALwAxAAAA</Binary>
</EventData>
</Event>

<Event xmlns="http://schemas.microsoft.com/win/2004/08/events/event"><System><Provider Name="Service Control Manager" Guid="{555908d1-a6d7-4695-8e1e-26931d2012f4}" EventSourceName="Service Control Manager"></Provider>
<EventID Qualifiers="16384">7036</EventID>
<Version>0</Version>
<Level>4</Level>
<Task>0</Task>
<Opcode>0</Opcode>
<Keywords>0x8080000000000000</Keywords>
<TimeCreated SystemTime="2025-12-08 15:19:14.015007"></TimeCreated>
<EventRecordID>3828</EventRecordID>
<Correlation ActivityID="" RelatedActivityID=""></Correlation>
<Execution ProcessID="684" ThreadID="5996"></Execution>
<Channel>System</Channel>
<Computer>S200401.overwatch.htb</Computer>
<Security UserID=""></Security>
</System>
<EventData><Data Name="param1">DNS Server</Data>
<Data Name="param2">running</Data>
<Binary>RABOAFMALwA0AAAA</Binary>
</EventData>
</Event>

<Event xmlns="http://schemas.microsoft.com/win/2004/08/events/event"><System><Provider Name="Service Control Manager" Guid="{555908d1-a6d7-4695-8e1e-26931d2012f4}" EventSourceName="Service Control Manager"></Provider>
<EventID Qualifiers="16384">7036</EventID>
<Version>0</Version>
<Level>4</Level>
<Task>0</Task>
<Opcode>0</Opcode>
<Keywords>0x8080000000000000</Keywords>
<TimeCreated SystemTime="2025-12-08 15:19:19.171309"></TimeCreated>
<EventRecordID>3829</EventRecordID>
<Correlation ActivityID="" RelatedActivityID=""></Correlation>
<Execution ProcessID="684" ThreadID="5996"></Execution>
<Channel>System</Channel>
<Computer>S200401.overwatch.htb</Computer>
<Security UserID=""></Security>
</System>
<EventData><Data Name="param1">DNS Server</Data>
<Data Name="param2">stopped</Data>
<Binary>RABOAFMALwAxAAAA</Binary>
</EventData>
</Event>

<Event xmlns="http://schemas.microsoft.com/win/2004/08/events/event"><System><Provider Name="Service Control Manager" Guid="{555908d1-a6d7-4695-8e1e-26931d2012f4}" EventSourceName="Service Control Manager"></Provider>
<EventID Qualifiers="16384">7036</EventID>
<Version>0</Version>
<Level>4</Level>
<Task>0</Task>
<Opcode>0</Opcode>
<Keywords>0x8080000000000000</Keywords>
<TimeCreated SystemTime="2025-12-08 15:19:19.671263"></TimeCreated>
<EventRecordID>3830</EventRecordID>
<Correlation ActivityID="" RelatedActivityID=""></Correlation>
<Execution ProcessID="684" ThreadID="5996"></Execution>
<Channel>System</Channel>
<Computer>S200401.overwatch.htb</Computer>
<Security UserID=""></Security>
</System>
<EventData><Data Name="param1">DNS Server</Data>
<Data Name="param2">running</Data>
<Binary>RABOAFMALwA0AAAA</Binary>
</EventData>
</Event>

<Event xmlns="http://schemas.microsoft.com/win/2004/08/events/event"><System><Provider Name="Service Control Manager" Guid="{555908d1-a6d7-4695-8e1e-26931d2012f4}" EventSourceName="Service Control Manager"></Provider>
<EventID Qualifiers="16384">7036</EventID>
<Version>0</Version>
<Level>4</Level>
<Task>0</Task>
<Opcode>0</Opcode>
<Keywords>0x8080000000000000</Keywords>
<TimeCreated SystemTime="2025-12-08 15:19:20.624426"></TimeCreated>
<EventRecordID>3831</EventRecordID>
<Correlation ActivityID="" RelatedActivityID=""></Correlation>
<Execution ProcessID="684" ThreadID="1032"></Execution>
<Channel>System</Channel>
<Computer>S200401.overwatch.htb</Computer>
<Security UserID=""></Security>
</System>
<EventData><Data Name="param1">VMware Snapshot Provider</Data>
<Data Name="param2">stopped</Data>
<Binary>dgBtAHYAcwBzAC8AMQAAAA==</Binary>
</EventData>
</Event>

<Event xmlns="http://schemas.microsoft.com/win/2004/08/events/event"><System><Provider Name="Service Control Manager" Guid="{555908d1-a6d7-4695-8e1e-26931d2012f4}" EventSourceName="Service Control Manager"></Provider>
<EventID Qualifiers="16384">7036</EventID>
<Version>0</Version>
<Level>4</Level>
<Task>0</Task>
<Opcode>0</Opcode>
<Keywords>0x8080000000000000</Keywords>
<TimeCreated SystemTime="2025-12-08 15:19:20.718140"></TimeCreated>
<EventRecordID>3832</EventRecordID>
<Correlation ActivityID="" RelatedActivityID=""></Correlation>
<Execution ProcessID="684" ThreadID="1032"></Execution>
<Channel>System</Channel>
<Computer>S200401.overwatch.htb</Computer>
<Security UserID=""></Security>
</System>
<EventData><Data Name="param1">Volume Shadow Copy</Data>
<Data Name="param2">stopped</Data>
<Binary>VgBTAFMALwAxAAAA</Binary>
</EventData>
</Event>

<Event xmlns="http://schemas.microsoft.com/win/2004/08/events/event"><System><Provider Name="Service Control Manager" Guid="{555908d1-a6d7-4695-8e1e-26931d2012f4}" EventSourceName="Service Control Manager"></Provider>
<EventID Qualifiers="16384">7036</EventID>
<Version>0</Version>
<Level>4</Level>
<Task>0</Task>
<Opcode>0</Opcode>
<Keywords>0x8080000000000000</Keywords>
<TimeCreated SystemTime="2025-12-08 15:19:22.374428"></TimeCreated>
<EventRecordID>3833</EventRecordID>
<Correlation ActivityID="" RelatedActivityID=""></Correlation>
<Execution ProcessID="684" ThreadID="1032"></Execution>
<Channel>System</Channel>
<Computer>S200401.overwatch.htb</Computer>
<Security UserID=""></Security>
</System>
<EventData><Data Name="param1">Windows Update Medic Service</Data>
<Data Name="param2">stopped</Data>
<Binary>VwBhAGEAUwBNAGUAZABpAGMAUwB2AGMALwAxAAAA</Binary>
</EventData>
</Event>

<Event xmlns="http://schemas.microsoft.com/win/2004/08/events/event"><System><Provider Name="Service Control Manager" Guid="{555908d1-a6d7-4695-8e1e-26931d2012f4}" EventSourceName="Service Control Manager"></Provider>
<EventID Qualifiers="16384">7036</EventID>
<Version>0</Version>
<Level>4</Level>
<Task>0</Task>
<Opcode>0</Opcode>
<Keywords>0x8080000000000000</Keywords>
<TimeCreated SystemTime="2025-12-08 15:19:25.030664"></TimeCreated>
<EventRecordID>3834</EventRecordID>
<Correlation ActivityID="" RelatedActivityID=""></Correlation>
<Execution ProcessID="684" ThreadID="1032"></Execution>
<Channel>System</Channel>
<Computer>S200401.overwatch.htb</Computer>
<Security UserID=""></Security>
</System>
<EventData><Data Name="param1">DNS Server</Data>
<Data Name="param2">stopped</Data>
<Binary>RABOAFMALwAxAAAA</Binary>
</EventData>
</Event>

<Event xmlns="http://schemas.microsoft.com/win/2004/08/events/event"><System><Provider Name="Service Control Manager" Guid="{555908d1-a6d7-4695-8e1e-26931d2012f4}" EventSourceName="Service Control Manager"></Provider>
<EventID Qualifiers="16384">7036</EventID>
<Version>0</Version>
<Level>4</Level>
<Task>0</Task>
<Opcode>0</Opcode>
<Keywords>0x8080000000000000</Keywords>
<TimeCreated SystemTime="2025-12-08 15:19:25.561903"></TimeCreated>
<EventRecordID>3835</EventRecordID>
<Correlation ActivityID="" RelatedActivityID=""></Correlation>
<Execution ProcessID="684" ThreadID="5996"></Execution>
<Channel>System</Channel>
<Computer>S200401.overwatch.htb</Computer>
<Security UserID=""></Security>
</System>
<EventData><Data Name="param1">DNS Server</Data>
<Data Name="param2">running</Data>
<Binary>RABOAFMALwA0AAAA</Binary>
</EventData>
</Event>

<Event xmlns="http://schemas.microsoft.com/win/2004/08/events/event"><System><Provider Name="Service Control Manager" Guid="{555908d1-a6d7-4695-8e1e-26931d2012f4}" EventSourceName="Service Control Manager"></Provider>
<EventID Qualifiers="16384">7036</EventID>
<Version>0</Version>
<Level>4</Level>
<Task>0</Task>
<Opcode>0</Opcode>
<Keywords>0x8080000000000000</Keywords>
<TimeCreated SystemTime="2025-12-08 15:19:31.202509"></TimeCreated>
<EventRecordID>3836</EventRecordID>
<Correlation ActivityID="" RelatedActivityID=""></Correlation>
<Execution ProcessID="684" ThreadID="5996"></Execution>
<Channel>System</Channel>
<Computer>S200401.overwatch.htb</Computer>
<Security UserID=""></Security>
</System>
<EventData><Data Name="param1">DNS Server</Data>
<Data Name="param2">stopped</Data>
<Binary>RABOAFMALwAxAAAA</Binary>
</EventData>
</Event>

<Event xmlns="http://schemas.microsoft.com/win/2004/08/events/event"><System><Provider Name="Service Control Manager" Guid="{555908d1-a6d7-4695-8e1e-26931d2012f4}" EventSourceName="Service Control Manager"></Provider>
<EventID Qualifiers="16384">7036</EventID>
<Version>0</Version>
<Level>4</Level>
<Task>0</Task>
<Opcode>0</Opcode>
<Keywords>0x8080000000000000</Keywords>
<TimeCreated SystemTime="2025-12-08 15:19:31.671259"></TimeCreated>
<EventRecordID>3837</EventRecordID>
<Correlation ActivityID="" RelatedActivityID=""></Correlation>
<Execution ProcessID="684" ThreadID="5996"></Execution>
<Channel>System</Channel>
<Computer>S200401.overwatch.htb</Computer>
<Security UserID=""></Security>
</System>
<EventData><Data Name="param1">DNS Server</Data>
<Data Name="param2">running</Data>
<Binary>RABOAFMALwA0AAAA</Binary>
</EventData>
</Event>

<Event xmlns="http://schemas.microsoft.com/win/2004/08/events/event"><System><Provider Name="Service Control Manager" Guid="{555908d1-a6d7-4695-8e1e-26931d2012f4}" EventSourceName="Service Control Manager"></Provider>
<EventID Qualifiers="16384">7036</EventID>
<Version>0</Version>
<Level>4</Level>
<Task>0</Task>
<Opcode>0</Opcode>
<Keywords>0x8080000000000000</Keywords>
<TimeCreated SystemTime="2025-12-08 15:19:36.858767"></TimeCreated>
<EventRecordID>3838</EventRecordID>
<Correlation ActivityID="" RelatedActivityID=""></Correlation>
<Execution ProcessID="684" ThreadID="1032"></Execution>
<Channel>System</Channel>
<Computer>S200401.overwatch.htb</Computer>
<Security UserID=""></Security>
</System>
<EventData><Data Name="param1">DNS Server</Data>
<Data Name="param2">stopped</Data>
<Binary>RABOAFMALwAxAAAA</Binary>
</EventData>
</Event>

<Event xmlns="http://schemas.microsoft.com/win/2004/08/events/event"><System><Provider Name="Microsoft-Windows-WindowsUpdateClient" Guid="{945a8954-c147-4acd-923f-40c45405a658}"></Provider>
<EventID Qualifiers="">44</EventID>
<Version>1</Version>
<Level>4</Level>
<Task>1</Task>
<Opcode>12</Opcode>
<Keywords>0x8000000000002004</Keywords>
<TimeCreated SystemTime="2025-12-08 15:19:37.080097"></TimeCreated>
<EventRecordID>3839</EventRecordID>
<Correlation ActivityID="" RelatedActivityID=""></Correlation>
<Execution ProcessID="5096" ThreadID="5392"></Execution>
<Channel>System</Channel>
<Computer>S200401.overwatch.htb</Computer>
<Security UserID="S-1-5-18"></Security>
</System>
<EventData><Data Name="updateTitle">2025-05 Cumulative Update for Microsoft server operating system version 21H2 for x64-based Systems (KB5058385)</Data>
<Data Name="updateGuid">{f5727cef-667c-476d-9369-c1ae6bca4593}</Data>
<Data Name="updateRevisionNumber">1</Data>
</EventData>
</Event>

<Event xmlns="http://schemas.microsoft.com/win/2004/08/events/event"><System><Provider Name="Service Control Manager" Guid="{555908d1-a6d7-4695-8e1e-26931d2012f4}" EventSourceName="Service Control Manager"></Provider>
<EventID Qualifiers="16384">7036</EventID>
<Version>0</Version>
<Level>4</Level>
<Task>0</Task>
<Opcode>0</Opcode>
<Keywords>0x8080000000000000</Keywords>
<TimeCreated SystemTime="2025-12-08 15:19:37.343157"></TimeCreated>
<EventRecordID>3840</EventRecordID>
<Correlation ActivityID="" RelatedActivityID=""></Correlation>
<Execution ProcessID="684" ThreadID="5996"></Execution>
<Channel>System</Channel>
<Computer>S200401.overwatch.htb</Computer>
<Security UserID=""></Security>
</System>
<EventData><Data Name="param1">DNS Server</Data>
<Data Name="param2">running</Data>
<Binary>RABOAFMALwA0AAAA</Binary>
</EventData>
</Event>

<Event xmlns="http://schemas.microsoft.com/win/2004/08/events/event"><System><Provider Name="Service Control Manager" Guid="{555908d1-a6d7-4695-8e1e-26931d2012f4}" EventSourceName="Service Control Manager"></Provider>
<EventID Qualifiers="16384">7036</EventID>
<Version>0</Version>
<Level>4</Level>
<Task>0</Task>
<Opcode>0</Opcode>
<Keywords>0x8080000000000000</Keywords>
<TimeCreated SystemTime="2025-12-08 15:19:41.733767"></TimeCreated>
<EventRecordID>3841</EventRecordID>
<Correlation ActivityID="" RelatedActivityID=""></Correlation>
<Execution ProcessID="684" ThreadID="1032"></Execution>
<Channel>System</Channel>
<Computer>S200401.overwatch.htb</Computer>
<Security UserID=""></Security>
</System>
<EventData><Data Name="param1">Microsoft Edge Update Service (edgeupdate)</Data>
<Data Name="param2">stopped</Data>
<Binary>ZQBkAGcAZQB1AHAAZABhAHQAZQAvADEAAAA=</Binary>
</EventData>
</Event>

<Event xmlns="http://schemas.microsoft.com/win/2004/08/events/event"><System><Provider Name="Service Control Manager" Guid="{555908d1-a6d7-4695-8e1e-26931d2012f4}" EventSourceName="Service Control Manager"></Provider>
<EventID Qualifiers="16384">7036</EventID>
<Version>0</Version>
<Level>4</Level>
<Task>0</Task>
<Opcode>0</Opcode>
<Keywords>0x8080000000000000</Keywords>
<TimeCreated SystemTime="2025-12-08 15:19:42.515049"></TimeCreated>
<EventRecordID>3842</EventRecordID>
<Correlation ActivityID="" RelatedActivityID=""></Correlation>
<Execution ProcessID="684" ThreadID="1032"></Execution>
<Channel>System</Channel>
<Computer>S200401.overwatch.htb</Computer>
<Security UserID=""></Security>
</System>
<EventData><Data Name="param1">DNS Server</Data>
<Data Name="param2">stopped</Data>
<Binary>RABOAFMALwAxAAAA</Binary>
</EventData>
</Event>

