<Event xmlns="http://schemas.microsoft.com/win/2004/08/events/event"><System><Provider Name="NTDS ISAM"></Provider>
<EventID Qualifiers="0">330</EventID>
<Version>0</Version>
<Level>4</Level>
<Task>1</Task>
<Opcode>0</Opcode>
<Keywords>0x0080000000000000</Keywords>
<TimeCreated SystemTime="2026-01-20 14:39:33.658234"></TimeCreated>
<EventRecordID>351</EventRecordID>
<Correlation ActivityID="" RelatedActivityID=""></Correlation>
<Execution ProcessID="0" ThreadID="0"></Execution>
<Channel>Directory Service</Channel>
<Computer>S200401.overwatch.htb</Computer>
<Security UserID=""></Security>
</System>
<EventData><Data>&lt;string&gt;NTDS&lt;/string&gt;
&lt;string&gt;672,D,50&lt;/string&gt;
&lt;string&gt;NTDSA: &lt;/string&gt;
&lt;string&gt;C:\Windows\NTDS\ntds.dit&lt;/string&gt;
&lt;string&gt;0x22D8 (8920)&lt;/string&gt;
&lt;string&gt;8920 (0x22d8)&lt;/string&gt;
&lt;string&gt;9360 (0x2490)&lt;/string&gt;
</Data>
<Binary></Binary>
</EventData>
</Event>

<Event xmlns="http://schemas.microsoft.com/win/2004/08/events/event"><System><Provider Name="NTDS ISAM"></Provider>
<EventID Qualifiers="0">326</EventID>
<Version>0</Version>
<Level>4</Level>
<Task>1</Task>
<Opcode>0</Opcode>
<Keywords>0x0080000000000000</Keywords>
<TimeCreated SystemTime="2026-01-20 14:39:33.658234"></TimeCreated>
<EventRecordID>352</EventRecordID>
<Correlation ActivityID="" RelatedActivityID=""></Correlation>
<Execution ProcessID="0" ThreadID="0"></Execution>
<Channel>Directory Service</Channel>
<Computer>S200401.overwatch.htb</Computer>
<Security UserID=""></Security>
</System>
<EventData><Data>&lt;string&gt;NTDS&lt;/string&gt;
&lt;string&gt;672,D,50&lt;/string&gt;
&lt;string&gt;NTDSA: &lt;/string&gt;
&lt;string&gt;1&lt;/string&gt;
&lt;string&gt;C:\Windows\NTDS\ntds.dit&lt;/string&gt;
&lt;string&gt;0&lt;/string&gt;
&lt;string&gt;
[1] 0.000007 +J(0) +M(C:0K, Fs:2, WS:8K # 0K, PF:0K # 0K, P:0K)
[2] 0.000927 -0.000291 (1) WT +J(0) +M(C:0K, Fs:21, WS:20K # 0K, PF:8K # 0K, P:8K)
[3] 0.005725 -0.002900 (6) WT +J(CM:0, PgRf:0, Rd:0/0, Dy:0/0, Lg:3480/2) +M(C:0K, Fs:21, WS:72K # 0K, PF:108K # 0K, P:108K)
[4] 0.000079 +J(0)
[5] -
[6] -
[7] -
[8] 0.004316 -0.000465 (2) CM -0.000218 (2) WT +J(CM:2, PgRf:2, Rd:4/2, Dy:0/0, Lg:0/0) +M(C:16K, Fs:59, WS:224K # 0K, PF:216K # 0K, P:216K)
[9] 0.004484 -0.004019 (5) CM -0.003436 (5) WT +J(CM:5, PgRf:24, Rd:0/5, Dy:0/0, Lg:0/0) +M(C:4K, Fs:35, WS:112K # 0K, PF:208K # 0K, P:208K)
[10] 0.000573 -0.000394 (2) CM -0.000171 (2) WT +J(CM:2, PgRf:40, Rd:0/2, Dy:0/0, Lg:0/0) +M(C:-4K, Fs:2, WS:4K # 0K, PF:60K # 0K, P:60K)
[11] 0.000013 +J(CM:0, PgRf:1, Rd:0/0, Dy:0/0, Lg:0/0)
[12] 0.000055 +J(CM:0, PgRf:48, Rd:0/0, Dy:0/0, Lg:0/0) +M(C:0K, Fs:1, WS:4K # 0K, PF:0K # 0K, P:0K)
[13] 0.0 +J(0)
[14] 0.0 +J(0)
[15] 0.000006 +J(CM:0, PgRf:1, Rd:0/0, Dy:0/0, Lg:0/0).&lt;/string&gt;
&lt;string&gt;0 0&lt;/string&gt;
&lt;string&gt;lgposAttach = 00000003:0171:0268,
dbv = 1568.20.0 (8920)&lt;/string&gt;
</Data>
<Binary></Binary>
</EventData>
</Event>

<Event xmlns="http://schemas.microsoft.com/win/2004/08/events/event"><System><Provider Name="NTDS ISAM"></Provider>
<EventID Qualifiers="0">330</EventID>
<Version>0</Version>
<Level>4</Level>
<Task>1</Task>
<Opcode>0</Opcode>
<Keywords>0x0080000000000000</Keywords>
<TimeCreated SystemTime="2026-01-20 14:39:33.658234"></TimeCreated>
<EventRecordID>353</EventRecordID>
<Correlation ActivityID="" RelatedActivityID=""></Correlation>
<Execution ProcessID="0" ThreadID="0"></Execution>
<Channel>Directory Service</Channel>
<Computer>S200401.overwatch.htb</Computer>
<Security UserID=""></Security>
</System>
<EventData><Data>&lt;string&gt;NTDS&lt;/string&gt;
&lt;string&gt;672,D,2&lt;/string&gt;
&lt;string&gt;NTDSA: &lt;/string&gt;
&lt;string&gt;C:\Windows\NTDS\temp.edb&lt;/string&gt;
&lt;string&gt;0x22D8 (8920)&lt;/string&gt;
&lt;string&gt;8920 (0x22d8)&lt;/string&gt;
&lt;string&gt;9360 (0x2490)&lt;/string&gt;
</Data>
<Binary></Binary>
</EventData>
</Event>

<Event xmlns="http://schemas.microsoft.com/win/2004/08/events/event"><System><Provider Name="NTDS ISAM"></Provider>
<EventID Qualifiers="0">700</EventID>
<Version>0</Version>
<Level>4</Level>
<Task>10</Task>
<Opcode>0</Opcode>
<Keywords>0x0080000000000000</Keywords>
<TimeCreated SystemTime="2026-01-20 14:39:33.658234"></TimeCreated>
<EventRecordID>354</EventRecordID>
<Correlation ActivityID="" RelatedActivityID=""></Correlation>
<Execution ProcessID="0" ThreadID="0"></Execution>
<Channel>Directory Service</Channel>
<Computer>S200401.overwatch.htb</Computer>
<Security UserID=""></Security>
</System>
<EventData><Data>&lt;string&gt;NTDS&lt;/string&gt;
&lt;string&gt;672,D,0&lt;/string&gt;
&lt;string&gt;NTDSA: &lt;/string&gt;
&lt;string&gt;C:\Windows\NTDS\ntds.dit&lt;/string&gt;
</Data>
<Binary></Binary>
</EventData>
</Event>

<Event xmlns="http://schemas.microsoft.com/win/2004/08/events/event"><System><Provider Name="NTDS ISAM"></Provider>
<EventID Qualifiers="0">701</EventID>
<Version>0</Version>
<Level>4</Level>
<Task>10</Task>
<Opcode>0</Opcode>
<Keywords>0x0080000000000000</Keywords>
<TimeCreated SystemTime="2026-01-20 14:39:34.423855"></TimeCreated>
<EventRecordID>355</EventRecordID>
<Correlation ActivityID="" RelatedActivityID=""></Correlation>
<Execution ProcessID="0" ThreadID="0"></Execution>
<Channel>Directory Service</Channel>
<Computer>S200401.overwatch.htb</Computer>
<Security UserID=""></Security>
</System>
<EventData><Data>&lt;string&gt;NTDS&lt;/string&gt;
&lt;string&gt;672,D,0&lt;/string&gt;
&lt;string&gt;NTDSA: &lt;/string&gt;
&lt;string&gt;C:\Windows\NTDS\ntds.dit&lt;/string&gt;
&lt;string&gt;0&lt;/string&gt;
&lt;string&gt;1/20/2026&lt;/string&gt;
&lt;string&gt;0&lt;/string&gt;
&lt;string&gt;1&lt;/string&gt;
&lt;string&gt;1&lt;/string&gt;
&lt;string&gt;6&lt;/string&gt;
</Data>
<Binary></Binary>
</EventData>
</Event>

<Event xmlns="http://schemas.microsoft.com/win/2004/08/events/event"><System><Provider Name="Microsoft-Windows-ActiveDirectory_DomainService" Guid="{0e8478c5-3605-4e8c-8497-1e730c959516}" EventSourceName="NTDS General"></Provider>
<EventID Qualifiers="16384">1869</EventID>
<Version>0</Version>
<Level>4</Level>
<Task>18</Task>
<Opcode>0</Opcode>
<Keywords>0x8080000000000000</Keywords>
<TimeCreated SystemTime="2026-01-20 14:39:33.439484"></TimeCreated>
<EventRecordID>356</EventRecordID>
<Correlation ActivityID="" RelatedActivityID=""></Correlation>
<Execution ProcessID="672" ThreadID="824"></Execution>
<Channel>Directory Service</Channel>
<Computer>S200401.overwatch.htb</Computer>
<Security UserID="S-1-5-7"></Security>
</System>
<EventData><Data>&lt;string&gt;\\S200401.overwatch.htb&lt;/string&gt;
&lt;string&gt;Default-First-Site-Name&lt;/string&gt;
</Data>
<Binary></Binary>
</EventData>
</Event>

<Event xmlns="http://schemas.microsoft.com/win/2004/08/events/event"><System><Provider Name="Microsoft-Windows-ActiveDirectory_DomainService" Guid="{0e8478c5-3605-4e8c-8497-1e730c959516}" EventSourceName="NTDS General"></Provider>
<EventID Qualifiers="16384">3033</EventID>
<Version>0</Version>
<Level>4</Level>
<Task>6</Task>
<Opcode>0</Opcode>
<Keywords>0x8080000000000000</Keywords>
<TimeCreated SystemTime="2026-01-20 14:39:33.642607"></TimeCreated>
<EventRecordID>357</EventRecordID>
<Correlation ActivityID="" RelatedActivityID=""></Correlation>
<Execution ProcessID="672" ThreadID="824"></Execution>
<Channel>Directory Service</Channel>
<Computer>S200401.overwatch.htb</Computer>
<Security UserID="S-1-5-7"></Security>
</System>
<EventData><Data></Data>
<Binary></Binary>
</EventData>
</Event>

<Event xmlns="http://schemas.microsoft.com/win/2004/08/events/event"><System><Provider Name="Microsoft-Windows-ActiveDirectory_DomainService" Guid="{0e8478c5-3605-4e8c-8497-1e730c959516}" EventSourceName="NTDS General"></Provider>
<EventID Qualifiers="16384">3027</EventID>
<Version>0</Version>
<Level>4</Level>
<Task>6</Task>
<Opcode>0</Opcode>
<Keywords>0x8080000000000000</Keywords>
<TimeCreated SystemTime="2026-01-20 14:39:33.642607"></TimeCreated>
<EventRecordID>358</EventRecordID>
<Correlation ActivityID="" RelatedActivityID=""></Correlation>
<Execution ProcessID="672" ThreadID="824"></Execution>
<Channel>Directory Service</Channel>
<Computer>S200401.overwatch.htb</Computer>
<Security UserID="S-1-5-7"></Security>
</System>
<EventData><Data>&lt;string&gt;3600&lt;/string&gt;
</Data>
<Binary></Binary>
</EventData>
</Event>

<Event xmlns="http://schemas.microsoft.com/win/2004/08/events/event"><System><Provider Name="Microsoft-Windows-ActiveDirectory_DomainService" Guid="{0e8478c5-3605-4e8c-8497-1e730c959516}" EventSourceName="NTDS General"></Provider>
<EventID Qualifiers="32768">2089</EventID>
<Version>0</Version>
<Level>3</Level>
<Task>14</Task>
<Opcode>0</Opcode>
<Keywords>0x8080000000000000</Keywords>
<TimeCreated SystemTime="2026-01-20 15:24:33.439491"></TimeCreated>
<EventRecordID>359</EventRecordID>
<Correlation ActivityID="" RelatedActivityID=""></Correlation>
<Execution ProcessID="672" ThreadID="824"></Execution>
<Channel>Directory Service</Channel>
<Computer>S200401.overwatch.htb</Computer>
<Security UserID="S-1-5-7"></Security>
</System>
<EventData><Data>&lt;string&gt;DC=overwatch,DC=htb&lt;/string&gt;
&lt;string&gt;90&lt;/string&gt;
&lt;string&gt;System\CurrentControlSet\Services\NTDS\Parameters&lt;/string&gt;
&lt;string&gt;Backup Latency Threshold (days)&lt;/string&gt;
</Data>
<Binary></Binary>
</EventData>
</Event>

<Event xmlns="http://schemas.microsoft.com/win/2004/08/events/event"><System><Provider Name="Microsoft-Windows-ActiveDirectory_DomainService" Guid="{0e8478c5-3605-4e8c-8497-1e730c959516}" EventSourceName="NTDS General"></Provider>
<EventID Qualifiers="32768">2089</EventID>
<Version>0</Version>
<Level>3</Level>
<Task>14</Task>
<Opcode>0</Opcode>
<Keywords>0x8080000000000000</Keywords>
<TimeCreated SystemTime="2026-01-20 15:24:33.439491"></TimeCreated>
<EventRecordID>360</EventRecordID>
<Correlation ActivityID="" RelatedActivityID=""></Correlation>
<Execution ProcessID="672" ThreadID="824"></Execution>
<Channel>Directory Service</Channel>
<Computer>S200401.overwatch.htb</Computer>
<Security UserID="S-1-5-7"></Security>
</System>
<EventData><Data>&lt;string&gt;CN=Configuration,DC=overwatch,DC=htb&lt;/string&gt;
&lt;string&gt;90&lt;/string&gt;
&lt;string&gt;System\CurrentControlSet\Services\NTDS\Parameters&lt;/string&gt;
&lt;string&gt;Backup Latency Threshold (days)&lt;/string&gt;
</Data>
<Binary></Binary>
</EventData>
</Event>

<Event xmlns="http://schemas.microsoft.com/win/2004/08/events/event"><System><Provider Name="Microsoft-Windows-ActiveDirectory_DomainService" Guid="{0e8478c5-3605-4e8c-8497-1e730c959516}" EventSourceName="NTDS General"></Provider>
<EventID Qualifiers="32768">2089</EventID>
<Version>0</Version>
<Level>3</Level>
<Task>14</Task>
<Opcode>0</Opcode>
<Keywords>0x8080000000000000</Keywords>
<TimeCreated SystemTime="2026-01-20 15:24:33.439491"></TimeCreated>
<EventRecordID>361</EventRecordID>
<Correlation ActivityID="" RelatedActivityID=""></Correlation>
<Execution ProcessID="672" ThreadID="824"></Execution>
<Channel>Directory Service</Channel>
<Computer>S200401.overwatch.htb</Computer>
<Security UserID="S-1-5-7"></Security>
</System>
<EventData><Data>&lt;string&gt;CN=Schema,CN=Configuration,DC=overwatch,DC=htb&lt;/string&gt;
&lt;string&gt;90&lt;/string&gt;
&lt;string&gt;System\CurrentControlSet\Services\NTDS\Parameters&lt;/string&gt;
&lt;string&gt;Backup Latency Threshold (days)&lt;/string&gt;
</Data>
<Binary></Binary>
</EventData>
</Event>

<Event xmlns="http://schemas.microsoft.com/win/2004/08/events/event"><System><Provider Name="Microsoft-Windows-ActiveDirectory_DomainService" Guid="{0e8478c5-3605-4e8c-8497-1e730c959516}" EventSourceName="NTDS General"></Provider>
<EventID Qualifiers="32768">2089</EventID>
<Version>0</Version>
<Level>3</Level>
<Task>14</Task>
<Opcode>0</Opcode>
<Keywords>0x8080000000000000</Keywords>
<TimeCreated SystemTime="2026-01-20 15:24:33.439491"></TimeCreated>
<EventRecordID>362</EventRecordID>
<Correlation ActivityID="" RelatedActivityID=""></Correlation>
<Execution ProcessID="672" ThreadID="824"></Execution>
<Channel>Directory Service</Channel>
<Computer>S200401.overwatch.htb</Computer>
<Security UserID="S-1-5-7"></Security>
</System>
<EventData><Data>&lt;string&gt;DC=DomainDnsZones,DC=overwatch,DC=htb&lt;/string&gt;
&lt;string&gt;90&lt;/string&gt;
&lt;string&gt;System\CurrentControlSet\Services\NTDS\Parameters&lt;/string&gt;
&lt;string&gt;Backup Latency Threshold (days)&lt;/string&gt;
</Data>
<Binary></Binary>
</EventData>
</Event>

<Event xmlns="http://schemas.microsoft.com/win/2004/08/events/event"><System><Provider Name="Microsoft-Windows-ActiveDirectory_DomainService" Guid="{0e8478c5-3605-4e8c-8497-1e730c959516}" EventSourceName="NTDS General"></Provider>
<EventID Qualifiers="32768">2089</EventID>
<Version>0</Version>
<Level>3</Level>
<Task>14</Task>
<Opcode>0</Opcode>
<Keywords>0x8080000000000000</Keywords>
<TimeCreated SystemTime="2026-01-20 15:24:33.439491"></TimeCreated>
<EventRecordID>363</EventRecordID>
<Correlation ActivityID="" RelatedActivityID=""></Correlation>
<Execution ProcessID="672" ThreadID="824"></Execution>
<Channel>Directory Service</Channel>
<Computer>S200401.overwatch.htb</Computer>
<Security UserID="S-1-5-7"></Security>
</System>
<EventData><Data>&lt;string&gt;DC=ForestDnsZones,DC=overwatch,DC=htb&lt;/string&gt;
&lt;string&gt;90&lt;/string&gt;
&lt;string&gt;System\CurrentControlSet\Services\NTDS\Parameters&lt;/string&gt;
&lt;string&gt;Backup Latency Threshold (days)&lt;/string&gt;
</Data>
<Binary></Binary>
</EventData>
</Event>

<Event xmlns="http://schemas.microsoft.com/win/2004/08/events/event"><System><Provider Name="Microsoft-Windows-ActiveDirectory_DomainService" Guid="{0e8478c5-3605-4e8c-8497-1e730c959516}" EventSourceName="NTDS General"></Provider>
<EventID Qualifiers="16384">1162</EventID>
<Version>0</Version>
<Level>4</Level>
<Task>9</Task>
<Opcode>0</Opcode>
<Keywords>0x8080000000000000</Keywords>
<TimeCreated SystemTime="2026-01-21 02:24:33.439474"></TimeCreated>
<EventRecordID>364</EventRecordID>
<Correlation ActivityID="" RelatedActivityID=""></Correlation>
<Execution ProcessID="672" ThreadID="824"></Execution>
<Channel>Directory Service</Channel>
<Computer>S200401.overwatch.htb</Computer>
<Security UserID="S-1-5-7"></Security>
</System>
<EventData><Data></Data>
<Binary></Binary>
</EventData>
</Event>

<Event xmlns="http://schemas.microsoft.com/win/2004/08/events/event"><System><Provider Name="NTDS ISAM"></Provider>
<EventID Qualifiers="0">700</EventID>
<Version>0</Version>
<Level>4</Level>
<Task>10</Task>
<Opcode>0</Opcode>
<Keywords>0x0080000000000000</Keywords>
<TimeCreated SystemTime="2026-01-21 02:39:33.783220"></TimeCreated>
<EventRecordID>365</EventRecordID>
<Correlation ActivityID="" RelatedActivityID=""></Correlation>
<Execution ProcessID="0" ThreadID="0"></Execution>
<Channel>Directory Service</Channel>
<Computer>S200401.overwatch.htb</Computer>
<Security UserID=""></Security>
</System>
<EventData><Data>&lt;string&gt;NTDS&lt;/string&gt;
&lt;string&gt;672,D,0&lt;/string&gt;
&lt;string&gt;NTDSA: &lt;/string&gt;
&lt;string&gt;C:\Windows\NTDS\ntds.dit&lt;/string&gt;
</Data>
<Binary></Binary>
</EventData>
</Event>

<Event xmlns="http://schemas.microsoft.com/win/2004/08/events/event"><System><Provider Name="NTDS ISAM"></Provider>
<EventID Qualifiers="0">701</EventID>
<Version>0</Version>
<Level>4</Level>
<Task>10</Task>
<Opcode>0</Opcode>
<Keywords>0x0080000000000000</Keywords>
<TimeCreated SystemTime="2026-01-21 02:39:34.189495"></TimeCreated>
<EventRecordID>366</EventRecordID>
<Correlation ActivityID="" RelatedActivityID=""></Correlation>
<Execution ProcessID="0" ThreadID="0"></Execution>
<Channel>Directory Service</Channel>
<Computer>S200401.overwatch.htb</Computer>
<Security UserID=""></Security>
</System>
<EventData><Data>&lt;string&gt;NTDS&lt;/string&gt;
&lt;string&gt;672,D,0&lt;/string&gt;
&lt;string&gt;NTDSA: &lt;/string&gt;
&lt;string&gt;C:\Windows\NTDS\ntds.dit&lt;/string&gt;
&lt;string&gt;0&lt;/string&gt;
&lt;string&gt;1/20/2026&lt;/string&gt;
&lt;string&gt;0&lt;/string&gt;
&lt;string&gt;1&lt;/string&gt;
&lt;string&gt;1&lt;/string&gt;
&lt;string&gt;7&lt;/string&gt;
</Data>
<Binary></Binary>
</EventData>
</Event>

<Event xmlns="http://schemas.microsoft.com/win/2004/08/events/event"><System><Provider Name="Microsoft-Windows-ActiveDirectory_DomainService" Guid="{0e8478c5-3605-4e8c-8497-1e730c959516}" EventSourceName="NTDS General"></Provider>
<EventID Qualifiers="16384">3033</EventID>
<Version>0</Version>
<Level>4</Level>
<Task>6</Task>
<Opcode>0</Opcode>
<Keywords>0x8080000000000000</Keywords>
<TimeCreated SystemTime="2026-01-21 02:39:33.783220"></TimeCreated>
<EventRecordID>367</EventRecordID>
<Correlation ActivityID="" RelatedActivityID=""></Correlation>
<Execution ProcessID="672" ThreadID="824"></Execution>
<Channel>Directory Service</Channel>
<Computer>S200401.overwatch.htb</Computer>
<Security UserID="S-1-5-7"></Security>
</System>
<EventData><Data></Data>
<Binary></Binary>
</EventData>
</Event>

<Event xmlns="http://schemas.microsoft.com/win/2004/08/events/event"><System><Provider Name="Microsoft-Windows-ActiveDirectory_DomainService" Guid="{0e8478c5-3605-4e8c-8497-1e730c959516}" EventSourceName="NTDS General"></Provider>
<EventID Qualifiers="16384">3027</EventID>
<Version>0</Version>
<Level>4</Level>
<Task>6</Task>
<Opcode>0</Opcode>
<Keywords>0x8080000000000000</Keywords>
<TimeCreated SystemTime="2026-01-21 02:39:33.783220"></TimeCreated>
<EventRecordID>368</EventRecordID>
<Correlation ActivityID="" RelatedActivityID=""></Correlation>
<Execution ProcessID="672" ThreadID="824"></Execution>
<Channel>Directory Service</Channel>
<Computer>S200401.overwatch.htb</Computer>
<Security UserID="S-1-5-7"></Security>
</System>
<EventData><Data>&lt;string&gt;3600&lt;/string&gt;
</Data>
<Binary></Binary>
</EventData>
</Event>

<Event xmlns="http://schemas.microsoft.com/win/2004/08/events/event"><System><Provider Name="Microsoft-Windows-ActiveDirectory_DomainService" Guid="{0e8478c5-3605-4e8c-8497-1e730c959516}" EventSourceName="NTDS General"></Provider>
<EventID Qualifiers="16384">2179</EventID>
<Version>0</Version>
<Level>4</Level>
<Task>7</Task>
<Opcode>0</Opcode>
<Keywords>0x8080000000000000</Keywords>
<TimeCreated SystemTime="2026-01-21 06:50:11.767578"></TimeCreated>
<EventRecordID>369</EventRecordID>
<Correlation ActivityID="" RelatedActivityID=""></Correlation>
<Execution ProcessID="672" ThreadID="1440"></Execution>
<Channel>Directory Service</Channel>
<Computer>S200401.overwatch.htb</Computer>
<Security UserID="S-1-5-7"></Security>
</System>
<EventData><Data>&lt;string&gt;11332670666109096253&lt;/string&gt;
</Data>
<Binary></Binary>
</EventData>
</Event>

<Event xmlns="http://schemas.microsoft.com/win/2004/08/events/event"><System><Provider Name="Microsoft-Windows-ActiveDirectory_DomainService" Guid="{0e8478c5-3605-4e8c-8497-1e730c959516}" EventSourceName="NTDS General"></Provider>
<EventID Qualifiers="16384">1004</EventID>
<Version>0</Version>
<Level>4</Level>
<Task>12</Task>
<Opcode>0</Opcode>
<Keywords>0x8080000000000000</Keywords>
<TimeCreated SystemTime="2026-01-21 06:50:13.830088"></TimeCreated>
<EventRecordID>370</EventRecordID>
<Correlation ActivityID="" RelatedActivityID=""></Correlation>
<Execution ProcessID="672" ThreadID="1440"></Execution>
<Channel>Directory Service</Channel>
<Computer>S200401.overwatch.htb</Computer>
<Security UserID=""></Security>
</System>
<EventData><Data></Data>
<Binary></Binary>
</EventData>
</Event>

<Event xmlns="http://schemas.microsoft.com/win/2004/08/events/event"><System><Provider Name="Microsoft-Windows-ActiveDirectory_DomainService" Guid="{0e8478c5-3605-4e8c-8497-1e730c959516}" EventSourceName="NTDS General"></Provider>
<EventID Qualifiers="32768">3051</EventID>
<Version>0</Version>
<Level>3</Level>
<Task>2</Task>
<Opcode>0</Opcode>
<Keywords>0x8080000000000000</Keywords>
<TimeCreated SystemTime="2026-01-21 06:50:44.485622"></TimeCreated>
<EventRecordID>371</EventRecordID>
<Correlation ActivityID="{3d961a57-8aa2-0001-3e1b-963da28adc01}" RelatedActivityID=""></Correlation>
<Execution ProcessID="672" ThreadID="676"></Execution>
<Channel>Directory Service</Channel>
<Computer>S200401.overwatch.htb</Computer>
<Security UserID="S-1-5-7"></Security>
</System>
<EventData><Data></Data>
<Binary></Binary>
</EventData>
</Event>

<Event xmlns="http://schemas.microsoft.com/win/2004/08/events/event"><System><Provider Name="Microsoft-Windows-ActiveDirectory_DomainService" Guid="{0e8478c5-3605-4e8c-8497-1e730c959516}" EventSourceName="NTDS General"></Provider>
<EventID Qualifiers="32768">3054</EventID>
<Version>0</Version>
<Level>3</Level>
<Task>2</Task>
<Opcode>0</Opcode>
<Keywords>0x8080000000000000</Keywords>
<TimeCreated SystemTime="2026-01-21 06:50:44.485622"></TimeCreated>
<EventRecordID>372</EventRecordID>
<Correlation ActivityID="{3d961a57-8aa2-0001-3e1b-963da28adc01}" RelatedActivityID=""></Correlation>
<Execution ProcessID="672" ThreadID="676"></Execution>
<Channel>Directory Service</Channel>
<Computer>S200401.overwatch.htb</Computer>
<Security UserID="S-1-5-7"></Security>
</System>
<EventData><Data></Data>
<Binary></Binary>
</EventData>
</Event>

<Event xmlns="http://schemas.microsoft.com/win/2004/08/events/event"><System><Provider Name="Microsoft-Windows-ActiveDirectory_DomainService" Guid="{0e8478c5-3605-4e8c-8497-1e730c959516}" EventSourceName="NTDS General"></Provider>
<EventID Qualifiers="16384">2121</EventID>
<Version>0</Version>
<Level>4</Level>
<Task>7</Task>
<Opcode>0</Opcode>
<Keywords>0x8080000000000000</Keywords>
<TimeCreated SystemTime="2026-01-21 06:50:44.704370"></TimeCreated>
<EventRecordID>373</EventRecordID>
<Correlation ActivityID="{3d961a57-8aa2-0001-3e1b-963da28adc01}" RelatedActivityID=""></Correlation>
<Execution ProcessID="672" ThreadID="676"></Execution>
<Channel>Directory Service</Channel>
<Computer>S200401.overwatch.htb</Computer>
<Security UserID="S-1-5-7"></Security>
</System>
<EventData><Data></Data>
<Binary></Binary>
</EventData>
</Event>

<Event xmlns="http://schemas.microsoft.com/win/2004/08/events/event"><System><Provider Name="Microsoft-Windows-ActiveDirectory_DomainService" Guid="{0e8478c5-3605-4e8c-8497-1e730c959516}" EventSourceName="NTDS General"></Provider>
<EventID Qualifiers="16384">2406</EventID>
<Version>0</Version>
<Level>4</Level>
<Task>7</Task>
<Opcode>0</Opcode>
<Keywords>0x8080000000000000</Keywords>
<TimeCreated SystemTime="2026-01-21 06:50:44.704370"></TimeCreated>
<EventRecordID>374</EventRecordID>
<Correlation ActivityID="{3d961a57-8aa2-0001-3e1b-963da28adc01}" RelatedActivityID=""></Correlation>
<Execution ProcessID="672" ThreadID="676"></Execution>
<Channel>Directory Service</Channel>
<Computer>S200401.overwatch.htb</Computer>
<Security UserID="S-1-5-7"></Security>
</System>
<EventData><Data>&lt;string&gt;Recycle Bin Feature&lt;/string&gt;
</Data>
<Binary></Binary>
</EventData>
</Event>

<Event xmlns="http://schemas.microsoft.com/win/2004/08/events/event"><System><Provider Name="Microsoft-Windows-ActiveDirectory_DomainService" Guid="{0e8478c5-3605-4e8c-8497-1e730c959516}" EventSourceName="NTDS General"></Provider>
<EventID Qualifiers="16384">2406</EventID>
<Version>0</Version>
<Level>4</Level>
<Task>7</Task>
<Opcode>0</Opcode>
<Keywords>0x8080000000000000</Keywords>
<TimeCreated SystemTime="2026-01-21 06:50:44.704370"></TimeCreated>
<EventRecordID>375</EventRecordID>
<Correlation ActivityID="{3d961a57-8aa2-0001-3e1b-963da28adc01}" RelatedActivityID=""></Correlation>
<Execution ProcessID="672" ThreadID="676"></Execution>
<Channel>Directory Service</Channel>
<Computer>S200401.overwatch.htb</Computer>
<Security UserID="S-1-5-7"></Security>
</System>
<EventData><Data>&lt;string&gt;Privileged Access Management Feature&lt;/string&gt;
</Data>
<Binary></Binary>
</EventData>
</Event>

<Event xmlns="http://schemas.microsoft.com/win/2004/08/events/event"><System><Provider Name="Microsoft-Windows-ActiveDirectory_DomainService" Guid="{0e8478c5-3605-4e8c-8497-1e730c959516}" EventSourceName="NTDS General"></Provider>
<EventID Qualifiers="16384">2168</EventID>
<Version>0</Version>
<Level>4</Level>
<Task>7</Task>
<Opcode>0</Opcode>
<Keywords>0x8080000000000000</Keywords>
<TimeCreated SystemTime="2026-01-21 06:50:44.704370"></TimeCreated>
<EventRecordID>376</EventRecordID>
<Correlation ActivityID="{3d961a57-8aa2-0001-3e1b-963da28adc01}" RelatedActivityID=""></Correlation>
<Execution ProcessID="672" ThreadID="676"></Execution>
<Channel>Directory Service</Channel>
<Computer>S200401.overwatch.htb</Computer>
<Security UserID="S-1-5-7"></Security>
</System>
<EventData><Data>&lt;string&gt;11332670666109096253&lt;/string&gt;
</Data>
<Binary></Binary>
</EventData>
</Event>

<Event xmlns="http://schemas.microsoft.com/win/2004/08/events/event"><System><Provider Name="Microsoft-Windows-ActiveDirectory_DomainService" Guid="{0e8478c5-3605-4e8c-8497-1e730c959516}" EventSourceName="NTDS General"></Provider>
<EventID Qualifiers="16384">2172</EventID>
<Version>0</Version>
<Level>4</Level>
<Task>7</Task>
<Opcode>0</Opcode>
<Keywords>0x8080000000000000</Keywords>
<TimeCreated SystemTime="2026-01-21 06:50:44.704370"></TimeCreated>
<EventRecordID>377</EventRecordID>
<Correlation ActivityID="{3d961a57-8aa2-0001-3e1b-963da28adc01}" RelatedActivityID=""></Correlation>
<Execution ProcessID="672" ThreadID="676"></Execution>
<Channel>Directory Service</Channel>
<Computer>S200401.overwatch.htb</Computer>
<Security UserID="S-1-5-7"></Security>
</System>
<EventData><Data>&lt;string&gt;11332670666109096253&lt;/string&gt;
</Data>
<Binary></Binary>
</EventData>
</Event>

<Event xmlns="http://schemas.microsoft.com/win/2004/08/events/event"><System><Provider Name="Microsoft-Windows-ActiveDirectory_DomainService" Guid="{0e8478c5-3605-4e8c-8497-1e730c959516}" EventSourceName="NTDS General"></Provider>
<EventID Qualifiers="16384">2405</EventID>
<Version>0</Version>
<Level>4</Level>
<Task>7</Task>
<Opcode>0</Opcode>
<Keywords>0x8080000000000000</Keywords>
<TimeCreated SystemTime="2026-01-21 06:50:44.704370"></TimeCreated>
<EventRecordID>378</EventRecordID>
<Correlation ActivityID="" RelatedActivityID=""></Correlation>
<Execution ProcessID="672" ThreadID="836"></Execution>
<Channel>Directory Service</Channel>
<Computer>S200401.overwatch.htb</Computer>
<Security UserID="S-1-5-7"></Security>
</System>
<EventData><Data>&lt;string&gt;Privileged Access Management Feature&lt;/string&gt;
</Data>
<Binary></Binary>
</EventData>
</Event>

<Event xmlns="http://schemas.microsoft.com/win/2004/08/events/event"><System><Provider Name="Microsoft-Windows-ActiveDirectory_DomainService" Guid="{0e8478c5-3605-4e8c-8497-1e730c959516}" EventSourceName="NTDS General"></Provider>
<EventID Qualifiers="16384">2120</EventID>
<Version>0</Version>
<Level>4</Level>
<Task>7</Task>
<Opcode>0</Opcode>
<Keywords>0x8080000000000000</Keywords>
<TimeCreated SystemTime="2026-01-21 06:50:44.704370"></TimeCreated>
<EventRecordID>379</EventRecordID>
<Correlation ActivityID="" RelatedActivityID=""></Correlation>
<Execution ProcessID="672" ThreadID="836"></Execution>
<Channel>Directory Service</Channel>
<Computer>S200401.overwatch.htb</Computer>
<Security UserID="S-1-5-7"></Security>
</System>
<EventData><Data></Data>
<Binary></Binary>
</EventData>
</Event>

<Event xmlns="http://schemas.microsoft.com/win/2004/08/events/event"><System><Provider Name="Microsoft-Windows-ActiveDirectory_DomainService" Guid="{0e8478c5-3605-4e8c-8497-1e730c959516}" EventSourceName="NTDS General"></Provider>
<EventID Qualifiers="16384">2405</EventID>
<Version>0</Version>
<Level>4</Level>
<Task>7</Task>
<Opcode>0</Opcode>
<Keywords>0x8080000000000000</Keywords>
<TimeCreated SystemTime="2026-01-21 06:50:44.704370"></TimeCreated>
<EventRecordID>380</EventRecordID>
<Correlation ActivityID="" RelatedActivityID=""></Correlation>
<Execution ProcessID="672" ThreadID="836"></Execution>
<Channel>Directory Service</Channel>
<Computer>S200401.overwatch.htb</Computer>
<Security UserID="S-1-5-7"></Security>
</System>
<EventData><Data>&lt;string&gt;Recycle Bin Feature&lt;/string&gt;
</Data>
<Binary></Binary>
</EventData>
</Event>

<Event xmlns="http://schemas.microsoft.com/win/2004/08/events/event"><System><Provider Name="Microsoft-Windows-ActiveDirectory_DomainService" Guid="{0e8478c5-3605-4e8c-8497-1e730c959516}" EventSourceName="NTDS General"></Provider>
<EventID Qualifiers="32768">2886</EventID>
<Version>0</Version>
<Level>3</Level>
<Task>16</Task>
<Opcode>0</Opcode>
<Keywords>0x8080000000000000</Keywords>
<TimeCreated SystemTime="2026-01-21 06:50:54.720016"></TimeCreated>
<EventRecordID>381</EventRecordID>
<Correlation ActivityID="" RelatedActivityID=""></Correlation>
<Execution ProcessID="672" ThreadID="856"></Execution>
<Channel>Directory Service</Channel>
<Computer>S200401.overwatch.htb</Computer>
<Security UserID="S-1-5-7"></Security>
</System>
<EventData><Data></Data>
<Binary></Binary>
</EventData>
</Event>

<Event xmlns="http://schemas.microsoft.com/win/2004/08/events/event"><System><Provider Name="Microsoft-Windows-ActiveDirectory_DomainService" Guid="{0e8478c5-3605-4e8c-8497-1e730c959516}" EventSourceName="NTDS General"></Provider>
<EventID Qualifiers="32768">3041</EventID>
<Version>0</Version>
<Level>3</Level>
<Task>16</Task>
<Opcode>0</Opcode>
<Keywords>0x8080000000000000</Keywords>
<TimeCreated SystemTime="2026-01-21 06:50:54.720016"></TimeCreated>
<EventRecordID>382</EventRecordID>
<Correlation ActivityID="" RelatedActivityID=""></Correlation>
<Execution ProcessID="672" ThreadID="856"></Execution>
<Channel>Directory Service</Channel>
<Computer>S200401.overwatch.htb</Computer>
<Security UserID="S-1-5-7"></Security>
</System>
<EventData><Data></Data>
<Binary></Binary>
</EventData>
</Event>

<Event xmlns="http://schemas.microsoft.com/win/2004/08/events/event"><System><Provider Name="Microsoft-Windows-ActiveDirectory_DomainService" Guid="{0e8478c5-3605-4e8c-8497-1e730c959516}" EventSourceName="NTDS General"></Provider>
<EventID Qualifiers="16384">1000</EventID>
<Version>0</Version>
<Level>4</Level>
<Task>12</Task>
<Opcode>0</Opcode>
<Keywords>0x8080000000000000</Keywords>
<TimeCreated SystemTime="2026-01-21 06:50:54.720016"></TimeCreated>
<EventRecordID>383</EventRecordID>
<Correlation ActivityID="" RelatedActivityID=""></Correlation>
<Execution ProcessID="672" ThreadID="856"></Execution>
<Channel>Directory Service</Channel>
<Computer>S200401.overwatch.htb</Computer>
<Security UserID="S-1-5-7"></Security>
</System>
<EventData><Data></Data>
<Binary></Binary>
</EventData>
</Event>

<Event xmlns="http://schemas.microsoft.com/win/2004/08/events/event"><System><Provider Name="Microsoft-Windows-ActiveDirectory_DomainService" Guid="{0e8478c5-3605-4e8c-8497-1e730c959516}" EventSourceName="NTDS General"></Provider>
<EventID Qualifiers="16384">1394</EventID>
<Version>0</Version>
<Level>4</Level>
<Task>12</Task>
<Opcode>0</Opcode>
<Keywords>0x8080000000000000</Keywords>
<TimeCreated SystemTime="2026-01-21 06:51:24.753117"></TimeCreated>
<EventRecordID>384</EventRecordID>
<Correlation ActivityID="" RelatedActivityID=""></Correlation>
<Execution ProcessID="672" ThreadID="836"></Execution>
<Channel>Directory Service</Channel>
<Computer>S200401.overwatch.htb</Computer>
<Security UserID="S-1-5-7"></Security>
</System>
<EventData><Data></Data>
<Binary></Binary>
</EventData>
</Event>

<Event xmlns="http://schemas.microsoft.com/win/2004/08/events/event"><System><Provider Name="NTDS ISAM"></Provider>
<EventID Qualifiers="0">102</EventID>
<Version>0</Version>
<Level>4</Level>
<Task>1</Task>
<Opcode>0</Opcode>
<Keywords>0x0080000000000000</Keywords>
<TimeCreated SystemTime="2026-01-21 07:05:54.836367"></TimeCreated>
<EventRecordID>385</EventRecordID>
<Correlation ActivityID="" RelatedActivityID=""></Correlation>
<Execution ProcessID="0" ThreadID="0"></Execution>
<Channel>Directory Service</Channel>
<Computer>S200401.overwatch.htb</Computer>
<Security UserID=""></Security>
</System>
<EventData><Data>&lt;string&gt;NTDS&lt;/string&gt;
&lt;string&gt;672,P,98&lt;/string&gt;
&lt;string&gt;NTDSA: &lt;/string&gt;
&lt;string&gt;0&lt;/string&gt;
&lt;string&gt;10&lt;/string&gt;
&lt;string&gt;00&lt;/string&gt;
&lt;string&gt;20348&lt;/string&gt;
&lt;string&gt;0000&lt;/string&gt;
</Data>
<Binary></Binary>
</EventData>
</Event>

<Event xmlns="http://schemas.microsoft.com/win/2004/08/events/event"><System><Provider Name="NTDS ISAM"></Provider>
<EventID Qualifiers="0">105</EventID>
<Version>0</Version>
<Level>4</Level>
<Task>1</Task>
<Opcode>0</Opcode>
<Keywords>0x0080000000000000</Keywords>
<TimeCreated SystemTime="2026-01-21 07:05:54.836367"></TimeCreated>
<EventRecordID>386</EventRecordID>
<Correlation ActivityID="" RelatedActivityID=""></Correlation>
<Execution ProcessID="0" ThreadID="0"></Execution>
<Channel>Directory Service</Channel>
<Computer>S200401.overwatch.htb</Computer>
<Security UserID=""></Security>
</System>
<EventData><Data>&lt;string&gt;NTDS&lt;/string&gt;
&lt;string&gt;672,D,0&lt;/string&gt;
&lt;string&gt;NTDSA: &lt;/string&gt;
&lt;string&gt;0&lt;/string&gt;
&lt;string&gt;0&lt;/string&gt;
&lt;string&gt;
[1] 0.001139 +J(0) +M(C:0K, Fs:123, WS:472K # 0K, PF:3252K # 344K, P:3252K)
[2] 0.000305 +J(0) +M(C:16K, Fs:83, WS:328K # 284K, PF:312K # 312K, P:312K)
[3] 0.000821 +J(0) +M(C:0K, Fs:5, WS:20K # 20K, PF:64K # 64K, P:64K)
[4] 0.010833 -0.000190 (1) WT +J(0) +M(C:0K, Fs:123, WS:416K # 416K, PF:5160K # 5160K, P:5160K)
[5] 0.000348 +J(0) +M(C:0K, Fs:5, WS:20K # 20K, PF:8K # 8K, P:8K)
[6] 0.005542 +J(0) +M(C:0K, Fs:15, WS:60K # 60K, PF:12K # 12K, P:12K)
[7] 0.076422 -0.055565 (21) WT +J(0) +M(C:0K, Fs:2575, WS:10280K # 10280K, PF:10260K # 10260K, P:10260K)
[8] -
[9] -
[10] -
[11] -
[12] -
[13] 0.037919 -0.006816 (19) WT +J(CM:0, PgRf:0, Rd:0/0, Dy:0/0, Lg:616/1) +M(C:0K, Fs:12, WS:-10208K # 24K, PF:-10252K # 16K, P:-10252K)
[14] 0.000028 +J(0)
[15] 0.000754 +J(0) +M(C:0K, Fs:206, WS:820K # 0K, PF:68K # 0K, P:68K)
[16] 0.000800 -0.000205 (1) WT +J(0) +M(C:0K, Fs:3, WS:4K # 0K, PF:0K # 0K, P:0K).&lt;/string&gt;
&lt;string&gt;&lt;/string&gt;
</Data>
<Binary></Binary>
</EventData>
</Event>

<Event xmlns="http://schemas.microsoft.com/win/2004/08/events/event"><System><Provider Name="NTDS ISAM"></Provider>
<EventID Qualifiers="0">330</EventID>
<Version>0</Version>
<Level>4</Level>
<Task>1</Task>
<Opcode>0</Opcode>
<Keywords>0x0080000000000000</Keywords>
<TimeCreated SystemTime="2026-01-21 07:05:54.836367"></TimeCreated>
<EventRecordID>387</EventRecordID>
<Correlation ActivityID="" RelatedActivityID=""></Correlation>
<Execution ProcessID="0" ThreadID="0"></Execution>
<Channel>Directory Service</Channel>
<Computer>S200401.overwatch.htb</Computer>
<Security UserID=""></Security>
</System>
<EventData><Data>&lt;string&gt;NTDS&lt;/string&gt;
&lt;string&gt;672,D,50&lt;/string&gt;
&lt;string&gt;NTDSA: &lt;/string&gt;
&lt;string&gt;C:\Windows\NTDS\ntds.dit&lt;/string&gt;
&lt;string&gt;0x22D8 (8920)&lt;/string&gt;
&lt;string&gt;8920 (0x22d8)&lt;/string&gt;
&lt;string&gt;9360 (0x2490)&lt;/string&gt;
</Data>
<Binary></Binary>
</EventData>
</Event>

<Event xmlns="http://schemas.microsoft.com/win/2004/08/events/event"><System><Provider Name="NTDS ISAM"></Provider>
<EventID Qualifiers="0">326</EventID>
<Version>0</Version>
<Level>4</Level>
<Task>1</Task>
<Opcode>0</Opcode>
<Keywords>0x0080000000000000</Keywords>
<TimeCreated SystemTime="2026-01-21 07:05:54.836367"></TimeCreated>
<EventRecordID>388</EventRecordID>
<Correlation ActivityID="" RelatedActivityID=""></Correlation>
<Execution ProcessID="0" ThreadID="0"></Execution>
<Channel>Directory Service</Channel>
<Computer>S200401.overwatch.htb</Computer>
<Security UserID=""></Security>
</System>
<EventData><Data>&lt;string&gt;NTDS&lt;/string&gt;
&lt;string&gt;672,D,50&lt;/string&gt;
&lt;string&gt;NTDSA: &lt;/string&gt;
&lt;string&gt;1&lt;/string&gt;
&lt;string&gt;C:\Windows\NTDS\ntds.dit&lt;/string&gt;
&lt;string&gt;0&lt;/string&gt;
&lt;string&gt;
[1] 0.000007 +J(0) +M(C:0K, Fs:2, WS:8K # 0K, PF:0K # 0K, P:0K)
[2] 0.001000 -0.000206 (1) WT +J(0) +M(C:0K, Fs:21, WS:20K # 0K, PF:8K # 0K, P:8K)
[3] 0.006377 -0.002367 (6) WT +J(CM:0, PgRf:0, Rd:0/0, Dy:0/0, Lg:3480/2) +M(C:0K, Fs:20, WS:72K # 0K, PF:108K # 0K, P:108K)
[4] 0.000089 +J(0)
[5] -
[6] -
[7] -
[8] 0.004676 -0.000490 (2) CM -0.000207 (2) WT +J(CM:2, PgRf:2, Rd:4/2, Dy:0/0, Lg:0/0) +M(C:16K, Fs:58, WS:224K # 0K, PF:216K # 0K, P:216K)
[9] 0.005646 -0.005111 (5) CM -0.004579 (5) WT +J(CM:5, PgRf:24, Rd:0/5, Dy:0/0, Lg:0/0) +M(C:-8K, Fs:31, WS:96K # 0K, PF:192K # 0K, P:192K)
[10] 0.000933 -0.000711 (3) CM -0.000350 (3) WT +J(CM:3, PgRf:40, Rd:0/3, Dy:0/0, Lg:0/0) +M(C:-4K, Fs:3, WS:4K # 0K, PF:60K # 0K, P:60K)
[11] 0.000012 +J(CM:0, PgRf:1, Rd:0/0, Dy:0/0, Lg:0/0)
[12] 0.000056 +J(CM:0, PgRf:48, Rd:0/0, Dy:0/0, Lg:0/0) +M(C:0K, Fs:1, WS:4K # 0K, PF:0K # 0K, P:0K)
[13] 0.0 +J(0)
[14] 0.0 +J(0)
[15] 0.000005 +J(CM:0, PgRf:1, Rd:0/0, Dy:0/0, Lg:0/0).&lt;/string&gt;
&lt;string&gt;0 0&lt;/string&gt;
&lt;string&gt;lgposAttach = 00000003:01E0:0268,
dbv = 1568.20.0 (8920)&lt;/string&gt;
</Data>
<Binary></Binary>
</EventData>
</Event>

<Event xmlns="http://schemas.microsoft.com/win/2004/08/events/event"><System><Provider Name="NTDS ISAM"></Provider>
<EventID Qualifiers="0">330</EventID>
<Version>0</Version>
<Level>4</Level>
<Task>1</Task>
<Opcode>0</Opcode>
<Keywords>0x0080000000000000</Keywords>
<TimeCreated SystemTime="2026-01-21 07:05:54.836367"></TimeCreated>
<EventRecordID>389</EventRecordID>
<Correlation ActivityID="" RelatedActivityID=""></Correlation>
<Execution ProcessID="0" ThreadID="0"></Execution>
<Channel>Directory Service</Channel>
<Computer>S200401.overwatch.htb</Computer>
<Security UserID=""></Security>
</System>
<EventData><Data>&lt;string&gt;NTDS&lt;/string&gt;
&lt;string&gt;672,D,2&lt;/string&gt;
&lt;string&gt;NTDSA: &lt;/string&gt;
&lt;string&gt;C:\Windows\NTDS\temp.edb&lt;/string&gt;
&lt;string&gt;0x22D8 (8920)&lt;/string&gt;
&lt;string&gt;8920 (0x22d8)&lt;/string&gt;
&lt;string&gt;9360 (0x2490)&lt;/string&gt;
</Data>
<Binary></Binary>
</EventData>
</Event>

<Event xmlns="http://schemas.microsoft.com/win/2004/08/events/event"><System><Provider Name="NTDS ISAM"></Provider>
<EventID Qualifiers="0">700</EventID>
<Version>0</Version>
<Level>4</Level>
<Task>10</Task>
<Opcode>0</Opcode>
<Keywords>0x0080000000000000</Keywords>
<TimeCreated SystemTime="2026-01-21 07:05:54.836367"></TimeCreated>
<EventRecordID>390</EventRecordID>
<Correlation ActivityID="" RelatedActivityID=""></Correlation>
<Execution ProcessID="0" ThreadID="0"></Execution>
<Channel>Directory Service</Channel>
<Computer>S200401.overwatch.htb</Computer>
<Security UserID=""></Security>
</System>
<EventData><Data>&lt;string&gt;NTDS&lt;/string&gt;
&lt;string&gt;672,D,0&lt;/string&gt;
&lt;string&gt;NTDSA: &lt;/string&gt;
&lt;string&gt;C:\Windows\NTDS\ntds.dit&lt;/string&gt;
</Data>
<Binary></Binary>
</EventData>
</Event>

<Event xmlns="http://schemas.microsoft.com/win/2004/08/events/event"><System><Provider Name="NTDS ISAM"></Provider>
<EventID Qualifiers="0">701</EventID>
<Version>0</Version>
<Level>4</Level>
<Task>10</Task>
<Opcode>0</Opcode>
<Keywords>0x0080000000000000</Keywords>
<TimeCreated SystemTime="2026-01-21 07:05:55.053741"></TimeCreated>
<EventRecordID>391</EventRecordID>
<Correlation ActivityID="" RelatedActivityID=""></Correlation>
<Execution ProcessID="0" ThreadID="0"></Execution>
<Channel>Directory Service</Channel>
<Computer>S200401.overwatch.htb</Computer>
<Security UserID=""></Security>
</System>
<EventData><Data>&lt;string&gt;NTDS&lt;/string&gt;
&lt;string&gt;672,D,0&lt;/string&gt;
&lt;string&gt;NTDSA: &lt;/string&gt;
&lt;string&gt;C:\Windows\NTDS\ntds.dit&lt;/string&gt;
&lt;string&gt;0&lt;/string&gt;
&lt;string&gt;1/20/2026&lt;/string&gt;
&lt;string&gt;0&lt;/string&gt;
&lt;string&gt;1&lt;/string&gt;
&lt;string&gt;1&lt;/string&gt;
&lt;string&gt;8&lt;/string&gt;
</Data>
<Binary></Binary>
</EventData>
</Event>

<Event xmlns="http://schemas.microsoft.com/win/2004/08/events/event"><System><Provider Name="Microsoft-Windows-ActiveDirectory_DomainService" Guid="{0e8478c5-3605-4e8c-8497-1e730c959516}" EventSourceName="NTDS General"></Provider>
<EventID Qualifiers="16384">3033</EventID>
<Version>0</Version>
<Level>4</Level>
<Task>6</Task>
<Opcode>0</Opcode>
<Keywords>0x8080000000000000</Keywords>
<TimeCreated SystemTime="2026-01-21 07:05:54.819370"></TimeCreated>
<EventRecordID>392</EventRecordID>
<Correlation ActivityID="" RelatedActivityID=""></Correlation>
<Execution ProcessID="672" ThreadID="836"></Execution>
<Channel>Directory Service</Channel>
<Computer>S200401.overwatch.htb</Computer>
<Security UserID="S-1-5-7"></Security>
</System>
<EventData><Data></Data>
<Binary></Binary>
</EventData>
</Event>

<Event xmlns="http://schemas.microsoft.com/win/2004/08/events/event"><System><Provider Name="Microsoft-Windows-ActiveDirectory_DomainService" Guid="{0e8478c5-3605-4e8c-8497-1e730c959516}" EventSourceName="NTDS General"></Provider>
<EventID Qualifiers="16384">3027</EventID>
<Version>0</Version>
<Level>4</Level>
<Task>6</Task>
<Opcode>0</Opcode>
<Keywords>0x8080000000000000</Keywords>
<TimeCreated SystemTime="2026-01-21 07:05:54.819370"></TimeCreated>
<EventRecordID>393</EventRecordID>
<Correlation ActivityID="" RelatedActivityID=""></Correlation>
<Execution ProcessID="672" ThreadID="836"></Execution>
<Channel>Directory Service</Channel>
<Computer>S200401.overwatch.htb</Computer>
<Security UserID="S-1-5-7"></Security>
</System>
<EventData><Data>&lt;string&gt;3600&lt;/string&gt;
</Data>
<Binary></Binary>
</EventData>
</Event>

<Event xmlns="http://schemas.microsoft.com/win/2004/08/events/event"><System><Provider Name="Microsoft-Windows-ActiveDirectory_DomainService" Guid="{0e8478c5-3605-4e8c-8497-1e730c959516}" EventSourceName="NTDS General"></Provider>
<EventID Qualifiers="16384">1869</EventID>
<Version>0</Version>
<Level>4</Level>
<Task>18</Task>
<Opcode>0</Opcode>
<Keywords>0x8080000000000000</Keywords>
<TimeCreated SystemTime="2026-01-21 07:05:54.819370"></TimeCreated>
<EventRecordID>394</EventRecordID>
<Correlation ActivityID="" RelatedActivityID=""></Correlation>
<Execution ProcessID="672" ThreadID="836"></Execution>
<Channel>Directory Service</Channel>
<Computer>S200401.overwatch.htb</Computer>
<Security UserID="S-1-5-7"></Security>
</System>
<EventData><Data>&lt;string&gt;\\S200401.overwatch.htb&lt;/string&gt;
&lt;string&gt;Default-First-Site-Name&lt;/string&gt;
</Data>
<Binary></Binary>
</EventData>
</Event>

<Event xmlns="http://schemas.microsoft.com/win/2004/08/events/event"><System><Provider Name="NTDS ISAM"></Provider>
<EventID Qualifiers="0">103</EventID>
<Version>0</Version>
<Level>4</Level>
<Task>1</Task>
<Opcode>0</Opcode>
<Keywords>0x0080000000000000</Keywords>
<TimeCreated SystemTime="2026-01-21 07:09:03.069365"></TimeCreated>
<EventRecordID>395</EventRecordID>
<Correlation ActivityID="" RelatedActivityID=""></Correlation>
<Execution ProcessID="0" ThreadID="0"></Execution>
<Channel>Directory Service</Channel>
<Computer>S200401.overwatch.htb</Computer>
<Security UserID=""></Security>
</System>
<EventData><Data>&lt;string&gt;NTDS&lt;/string&gt;
&lt;string&gt;672,T,97&lt;/string&gt;
&lt;string&gt;NTDSA: &lt;/string&gt;
&lt;string&gt;0&lt;/string&gt;
&lt;string&gt;
[1] 0.000008 +J(0) +M(C:0K, Fs:1, WS:4K # 0K, PF:0K # 0K, P:0K)
[2] 0.000020 +J(0)
[3] 0.000003 +J(0)
[4] 0.000004 +J(0)
[5] 0.009300 -0.003896 (7) WT +J(0) +M(C:96K, Fs:48, WS:100K # 0K, PF:96K # 0K, P:96K)
[6] 0.000012 +J(0)
[7] 0.000008 +J(0)
[8] 0.008654 -0.002977 (12) WT +J(CM:0, PgRf:0, Rd:0/0, Dy:0/0, Lg:3557/2) +M(C:0K, Fs:20, WS:-112K # 0K, PF:-164K # 0K, P:-164K)
[9] 0.000994 -0.000532 (1) WT +J(CM:0, PgRf:0, Rd:0/0, Dy:0/0, Lg:66/1) +M(C:0K, Fs:1, WS:4K # 0K, PF:20K # 0K, P:20K)
[10] 0.000024 +J(0)
[11] 0.001308 -0.000401 (2) WT +J(0)
[12] 0.000061 +J(0) +M(C:0K, Fs:0, WS:-4K # 0K, PF:-4K # 0K, P:-4K)
[13] 0.000070 +J(0)
[14] 0.000045 +J(0) +M(C:0K, Fs:0, WS:-52K # 0K, PF:-76K # 0K, P:-76K)
[15] 0.000004 +J(0).&lt;/string&gt;
&lt;string&gt;0&lt;/string&gt;
</Data>
<Binary></Binary>
</EventData>
</Event>

<Event xmlns="http://schemas.microsoft.com/win/2004/08/events/event"><System><Provider Name="Microsoft-Windows-ActiveDirectory_DomainService" Guid="{0e8478c5-3605-4e8c-8497-1e730c959516}" EventSourceName="NTDS General"></Provider>
<EventID Qualifiers="16384">2179</EventID>
<Version>0</Version>
<Level>4</Level>
<Task>7</Task>
<Opcode>0</Opcode>
<Keywords>0x8080000000000000</Keywords>
<TimeCreated SystemTime="2026-01-21 07:09:03.022490"></TimeCreated>
<EventRecordID>396</EventRecordID>
<Correlation ActivityID="" RelatedActivityID=""></Correlation>
<Execution ProcessID="672" ThreadID="1504"></Execution>
<Channel>Directory Service</Channel>
<Computer>S200401.overwatch.htb</Computer>
<Security UserID="S-1-5-7"></Security>
</System>
<EventData><Data>&lt;string&gt;11332670666109096253&lt;/string&gt;
</Data>
<Binary></Binary>
</EventData>
</Event>

<Event xmlns="http://schemas.microsoft.com/win/2004/08/events/event"><System><Provider Name="Microsoft-Windows-ActiveDirectory_DomainService" Guid="{0e8478c5-3605-4e8c-8497-1e730c959516}" EventSourceName="NTDS General"></Provider>
<EventID Qualifiers="16384">1004</EventID>
<Version>0</Version>
<Level>4</Level>
<Task>12</Task>
<Opcode>0</Opcode>
<Keywords>0x8080000000000000</Keywords>
<TimeCreated SystemTime="2026-01-21 07:09:03.084988"></TimeCreated>
<EventRecordID>397</EventRecordID>
<Correlation ActivityID="" RelatedActivityID=""></Correlation>
<Execution ProcessID="672" ThreadID="1504"></Execution>
<Channel>Directory Service</Channel>
<Computer>S200401.overwatch.htb</Computer>
<Security UserID=""></Security>
</System>
<EventData><Data></Data>
<Binary></Binary>
</EventData>
</Event>

<Event xmlns="http://schemas.microsoft.com/win/2004/08/events/event"><System><Provider Name="Microsoft-Windows-ActiveDirectory_DomainService" Guid="{0e8478c5-3605-4e8c-8497-1e730c959516}" EventSourceName="NTDS General"></Provider>
<EventID Qualifiers="32768">3051</EventID>
<Version>0</Version>
<Level>3</Level>
<Task>2</Task>
<Opcode>0</Opcode>
<Keywords>0x8080000000000000</Keywords>
<TimeCreated SystemTime="2026-01-21 11:04:18.152668"></TimeCreated>
<EventRecordID>398</EventRecordID>
<Correlation ActivityID="{ac30faad-8ac5-0001-51fb-30acc58adc01}" RelatedActivityID=""></Correlation>
<Execution ProcessID="688" ThreadID="692"></Execution>
<Channel>Directory Service</Channel>
<Computer>S200401.overwatch.htb</Computer>
<Security UserID="S-1-5-7"></Security>
</System>
<EventData><Data></Data>
<Binary></Binary>
</EventData>
</Event>

<Event xmlns="http://schemas.microsoft.com/win/2004/08/events/event"><System><Provider Name="Microsoft-Windows-ActiveDirectory_DomainService" Guid="{0e8478c5-3605-4e8c-8497-1e730c959516}" EventSourceName="NTDS General"></Provider>
<EventID Qualifiers="32768">3054</EventID>
<Version>0</Version>
<Level>3</Level>
<Task>2</Task>
<Opcode>0</Opcode>
<Keywords>0x8080000000000000</Keywords>
<TimeCreated SystemTime="2026-01-21 11:04:18.152668"></TimeCreated>
<EventRecordID>399</EventRecordID>
<Correlation ActivityID="{ac30faad-8ac5-0001-51fb-30acc58adc01}" RelatedActivityID=""></Correlation>
<Execution ProcessID="688" ThreadID="692"></Execution>
<Channel>Directory Service</Channel>
<Computer>S200401.overwatch.htb</Computer>
<Security UserID="S-1-5-7"></Security>
</System>
<EventData><Data></Data>
<Binary></Binary>
</EventData>
</Event>

<Event xmlns="http://schemas.microsoft.com/win/2004/08/events/event"><System><Provider Name="Microsoft-Windows-ActiveDirectory_DomainService" Guid="{0e8478c5-3605-4e8c-8497-1e730c959516}" EventSourceName="NTDS General"></Provider>
<EventID Qualifiers="16384">2121</EventID>
<Version>0</Version>
<Level>4</Level>
<Task>7</Task>
<Opcode>0</Opcode>
<Keywords>0x8080000000000000</Keywords>
<TimeCreated SystemTime="2026-01-21 11:04:18.480841"></TimeCreated>
<EventRecordID>400</EventRecordID>
<Correlation ActivityID="{ac30faad-8ac5-0001-51fb-30acc58adc01}" RelatedActivityID=""></Correlation>
<Execution ProcessID="688" ThreadID="692"></Execution>
<Channel>Directory Service</Channel>
<Computer>S200401.overwatch.htb</Computer>
<Security UserID="S-1-5-7"></Security>
</System>
<EventData><Data></Data>
<Binary></Binary>
</EventData>
</Event>

<Event xmlns="http://schemas.microsoft.com/win/2004/08/events/event"><System><Provider Name="Microsoft-Windows-ActiveDirectory_DomainService" Guid="{0e8478c5-3605-4e8c-8497-1e730c959516}" EventSourceName="NTDS General"></Provider>
<EventID Qualifiers="16384">2406</EventID>
<Version>0</Version>
<Level>4</Level>
<Task>7</Task>
<Opcode>0</Opcode>
<Keywords>0x8080000000000000</Keywords>
<TimeCreated SystemTime="2026-01-21 11:04:18.480841"></TimeCreated>
<EventRecordID>401</EventRecordID>
<Correlation ActivityID="{ac30faad-8ac5-0001-51fb-30acc58adc01}" RelatedActivityID=""></Correlation>
<Execution ProcessID="688" ThreadID="692"></Execution>
<Channel>Directory Service</Channel>
<Computer>S200401.overwatch.htb</Computer>
<Security UserID="S-1-5-7"></Security>
</System>
<EventData><Data>&lt;string&gt;Recycle Bin Feature&lt;/string&gt;
</Data>
<Binary></Binary>
</EventData>
</Event>

<Event xmlns="http://schemas.microsoft.com/win/2004/08/events/event"><System><Provider Name="Microsoft-Windows-ActiveDirectory_DomainService" Guid="{0e8478c5-3605-4e8c-8497-1e730c959516}" EventSourceName="NTDS General"></Provider>
<EventID Qualifiers="16384">2406</EventID>
<Version>0</Version>
<Level>4</Level>
<Task>7</Task>
<Opcode>0</Opcode>
<Keywords>0x8080000000000000</Keywords>
<TimeCreated SystemTime="2026-01-21 11:04:18.480841"></TimeCreated>
<EventRecordID>402</EventRecordID>
<Correlation ActivityID="{ac30faad-8ac5-0001-51fb-30acc58adc01}" RelatedActivityID=""></Correlation>
<Execution ProcessID="688" ThreadID="692"></Execution>
<Channel>Directory Service</Channel>
<Computer>S200401.overwatch.htb</Computer>
<Security UserID="S-1-5-7"></Security>
</System>
<EventData><Data>&lt;string&gt;Privileged Access Management Feature&lt;/string&gt;
</Data>
<Binary></Binary>
</EventData>
</Event>

