<Event xmlns="http://schemas.microsoft.com/win/2004/08/events/event"><System><Provider Name="VGAuth"></Provider>
<EventID Qualifiers="0">1000</EventID>
<Version>0</Version>
<Level>0</Level>
<Task>0</Task>
<Opcode>0</Opcode>
<Keywords>0x00a0000000000000</Keywords>
<TimeCreated SystemTime="2025-07-01 16:41:13.895107"></TimeCreated>
<EventRecordID>1367</EventRecordID>
<Correlation ActivityID="" RelatedActivityID=""></Correlation>
<Execution ProcessID="0" ThreadID="0"></Execution>
<Channel>Application</Channel>
<Computer>S200401.overwatch.htb</Computer>
<Security UserID=""></Security>
</System>
<EventData><Data>&lt;string&gt;vmtoolsd: Username and password successfully validated for 'Administrator'&lt;/string&gt;
</Data>
<Binary></Binary>
</EventData>
</Event>

<Event xmlns="http://schemas.microsoft.com/win/2004/08/events/event"><System><Provider Name="VGAuth"></Provider>
<EventID Qualifiers="0">1000</EventID>
<Version>0</Version>
<Level>0</Level>
<Task>0</Task>
<Opcode>0</Opcode>
<Keywords>0x00a0000000000000</Keywords>
<TimeCreated SystemTime="2025-07-01 16:41:13.941975"></TimeCreated>
<EventRecordID>1368</EventRecordID>
<Correlation ActivityID="" RelatedActivityID=""></Correlation>
<Execution ProcessID="0" ThreadID="0"></Execution>
<Channel>Application</Channel>
<Computer>S200401.overwatch.htb</Computer>
<Security UserID=""></Security>
</System>
<EventData><Data>&lt;string&gt;vmtoolsd: Username and password successfully validated for 'Administrator'&lt;/string&gt;
</Data>
<Binary></Binary>
</EventData>
</Event>

<Event xmlns="http://schemas.microsoft.com/win/2004/08/events/event"><System><Provider Name="VGAuth"></Provider>
<EventID Qualifiers="0">1000</EventID>
<Version>0</Version>
<Level>0</Level>
<Task>0</Task>
<Opcode>0</Opcode>
<Keywords>0x00a0000000000000</Keywords>
<TimeCreated SystemTime="2025-07-01 16:41:13.988823"></TimeCreated>
<EventRecordID>1369</EventRecordID>
<Correlation ActivityID="" RelatedActivityID=""></Correlation>
<Execution ProcessID="0" ThreadID="0"></Execution>
<Channel>Application</Channel>
<Computer>S200401.overwatch.htb</Computer>
<Security UserID=""></Security>
</System>
<EventData><Data>&lt;string&gt;vmtoolsd: Username and password successfully validated for 'Administrator'&lt;/string&gt;
</Data>
<Binary></Binary>
</EventData>
</Event>

<Event xmlns="http://schemas.microsoft.com/win/2004/08/events/event"><System><Provider Name="VMUpgradeHelper"></Provider>
<EventID Qualifiers="0">260</EventID>
<Version>0</Version>
<Level>4</Level>
<Task>0</Task>
<Opcode>0</Opcode>
<Keywords>0x0080000000000000</Keywords>
<TimeCreated SystemTime="2025-07-01 16:41:15.207571"></TimeCreated>
<EventRecordID>1370</EventRecordID>
<Correlation ActivityID="" RelatedActivityID=""></Correlation>
<Execution ProcessID="0" ThreadID="0"></Execution>
<Channel>Application</Channel>
<Computer>S200401.overwatch.htb</Computer>
<Security UserID=""></Security>
</System>
<EventData><Data></Data>
<Binary></Binary>
</EventData>
</Event>

<Event xmlns="http://schemas.microsoft.com/win/2004/08/events/event"><System><Provider Name="VMUpgradeHelper"></Provider>
<EventID Qualifiers="0">272</EventID>
<Version>0</Version>
<Level>4</Level>
<Task>0</Task>
<Opcode>0</Opcode>
<Keywords>0x0080000000000000</Keywords>
<TimeCreated SystemTime="2025-07-01 16:41:15.207571"></TimeCreated>
<EventRecordID>1371</EventRecordID>
<Correlation ActivityID="" RelatedActivityID=""></Correlation>
<Execution ProcessID="0" ThreadID="0"></Execution>
<Channel>Application</Channel>
<Computer>S200401.overwatch.htb</Computer>
<Security UserID=""></Security>
</System>
<EventData><Data></Data>
<Binary></Binary>
</EventData>
</Event>

<Event xmlns="http://schemas.microsoft.com/win/2004/08/events/event"><System><Provider Name="VMTools"></Provider>
<EventID Qualifiers="0">108</EventID>
<Version>0</Version>
<Level>4</Level>
<Task>0</Task>
<Opcode>0</Opcode>
<Keywords>0x0080000000000000</Keywords>
<TimeCreated SystemTime="2025-07-01 16:41:15.207571"></TimeCreated>
<EventRecordID>1372</EventRecordID>
<Correlation ActivityID="" RelatedActivityID=""></Correlation>
<Execution ProcessID="0" ThreadID="0"></Execution>
<Channel>Application</Channel>
<Computer>S200401.overwatch.htb</Computer>
<Security UserID=""></Security>
</System>
<EventData><Data></Data>
<Binary></Binary>
</EventData>
</Event>

<Event xmlns="http://schemas.microsoft.com/win/2004/08/events/event"><System><Provider Name="Microsoft-Windows-Security-SPP" Guid="{E23B33B0-C8C9-472C-A5F9-F2BDFEA0F156}" EventSourceName="Software Protection Platform Service"></Provider>
<EventID Qualifiers="16384">903</EventID>
<Version>0</Version>
<Level>0</Level>
<Task>0</Task>
<Opcode>0</Opcode>
<Keywords>0x0080000000000000</Keywords>
<TimeCreated SystemTime="2025-07-01 16:41:16.598192"></TimeCreated>
<EventRecordID>1373</EventRecordID>
<Correlation ActivityID="" RelatedActivityID=""></Correlation>
<Execution ProcessID="0" ThreadID="0"></Execution>
<Channel>Application</Channel>
<Computer>S200401.overwatch.htb</Computer>
<Security UserID=""></Security>
</System>
<EventData><Data></Data>
<Binary></Binary>
</EventData>
</Event>

<Event xmlns="http://schemas.microsoft.com/win/2004/08/events/event"><System><Provider Name="VSS"></Provider>
<EventID Qualifiers="0">8225</EventID>
<Version>0</Version>
<Level>4</Level>
<Task>0</Task>
<Opcode>0</Opcode>
<Keywords>0x0080000000000000</Keywords>
<TimeCreated SystemTime="2025-07-01 16:41:16.613823"></TimeCreated>
<EventRecordID>1374</EventRecordID>
<Correlation ActivityID="" RelatedActivityID=""></Correlation>
<Execution ProcessID="0" ThreadID="0"></Execution>
<Channel>Application</Channel>
<Computer>S200401.overwatch.htb</Computer>
<Security UserID=""></Security>
</System>
<EventData><Data>&lt;string&gt;&lt;/string&gt;
</Data>
<Binary>LSBDb2RlOiAgQ09SU1ZDQzAwMDAwNzcyLSBDYWxsOiAgQ09SU1ZDQzAwMDAwNzU2LSBQSUQ6ICAwMDAwNDMyOC0gVElEOiAgMDAwMDQzNDQtIENNRDogIEM6XFdpbmRvd3Ncc3lzdGVtMzJcdnNzdmMuZXhlICAgLSBVc2VyOiBOYW1lOiBOVCBBVVRIT1JJVFlcU1lTVEVNLCBTSUQ6Uy0xLTUtMTgg</Binary>
</EventData>
</Event>

<Event xmlns="http://schemas.microsoft.com/win/2004/08/events/event"><System><Provider Name="nssm"></Provider>
<EventID Qualifiers="16384">1040</EventID>
<Version>0</Version>
<Level>4</Level>
<Task>0</Task>
<Opcode>0</Opcode>
<Keywords>0x0080000000000000</Keywords>
<TimeCreated SystemTime="2025-07-01 16:41:16.613823"></TimeCreated>
<EventRecordID>1375</EventRecordID>
<Correlation ActivityID="" RelatedActivityID=""></Correlation>
<Execution ProcessID="0" ThreadID="0"></Execution>
<Channel>Application</Channel>
<Computer>S200401.overwatch.htb</Computer>
<Security UserID=""></Security>
</System>
<EventData><Data>&lt;string&gt;overwatch&lt;/string&gt;
&lt;string&gt;SHUTDOWN&lt;/string&gt;
</Data>
<Binary></Binary>
</EventData>
</Event>

<Event xmlns="http://schemas.microsoft.com/win/2004/08/events/event"><System><Provider Name="Microsoft-Windows-MSDTC" Guid="{719BE4ED-E9BC-4DD8-A7CF-C85CE8E4975D}" EventSourceName="MSDTC"></Provider>
<EventID Qualifiers="16384">4111</EventID>
<Version>0</Version>
<Level>4</Level>
<Task>1</Task>
<Opcode>0</Opcode>
<Keywords>0x0080000000000000</Keywords>
<TimeCreated SystemTime="2025-07-01 16:41:16.629446"></TimeCreated>
<EventRecordID>1376</EventRecordID>
<Correlation ActivityID="" RelatedActivityID=""></Correlation>
<Execution ProcessID="0" ThreadID="0"></Execution>
<Channel>Application</Channel>
<Computer>S200401.overwatch.htb</Computer>
<Security UserID=""></Security>
</System>
<EventData><Binary>TQBTAEQAVABDAA==</Binary>
</EventData>
</Event>

<Event xmlns="http://schemas.microsoft.com/win/2004/08/events/event"><System><Provider Name="Microsoft-Windows-User Profiles Service" Guid="{89b1e9f0-5aff-44a6-9b44-0a07a7ce5845}"></Provider>
<EventID Qualifiers="">1532</EventID>
<Version>0</Version>
<Level>4</Level>
<Task>0</Task>
<Opcode>0</Opcode>
<Keywords>0x8000000000000000</Keywords>
<TimeCreated SystemTime="2025-07-01 16:41:16.641472"></TimeCreated>
<EventRecordID>1377</EventRecordID>
<Correlation ActivityID="" RelatedActivityID=""></Correlation>
<Execution ProcessID="1536" ThreadID="1596"></Execution>
<Channel>Application</Channel>
<Computer>S200401.overwatch.htb</Computer>
<Security UserID="S-1-5-18"></Security>
</System>
<EventData></EventData>
</Event>

<Event xmlns="http://schemas.microsoft.com/win/2004/08/events/event"><System><Provider Name="Microsoft-Windows-EventSystem" Guid="{899daace-4868-4295-afcd-9eb8fb497561}" EventSourceName="EventSystem"></Provider>
<EventID Qualifiers="16384">4625</EventID>
<Version>0</Version>
<Level>4</Level>
<Task>0</Task>
<Opcode>0</Opcode>
<Keywords>0x0080000000000000</Keywords>
<TimeCreated SystemTime="2025-07-07 09:44:32.588280"></TimeCreated>
<EventRecordID>1378</EventRecordID>
<Correlation ActivityID="" RelatedActivityID=""></Correlation>
<Execution ProcessID="0" ThreadID="0"></Execution>
<Channel>Application</Channel>
<Computer>S200401</Computer>
<Security UserID=""></Security>
</System>
<EventData><Data Name="param1">86400</Data>
<Data Name="param2">SuppressDuplicateDuration</Data>
<Data Name="param3">Software\Microsoft\EventSystem\EventLog</Data>
</EventData>
</Event>

<Event xmlns="http://schemas.microsoft.com/win/2004/08/events/event"><System><Provider Name="Microsoft-Windows-User Profiles Service" Guid="{89b1e9f0-5aff-44a6-9b44-0a07a7ce5845}"></Provider>
<EventID Qualifiers="">1531</EventID>
<Version>0</Version>
<Level>4</Level>
<Task>0</Task>
<Opcode>0</Opcode>
<Keywords>0x8000000000000000</Keywords>
<TimeCreated SystemTime="2025-07-07 09:44:32.573118"></TimeCreated>
<EventRecordID>1379</EventRecordID>
<Correlation ActivityID="" RelatedActivityID=""></Correlation>
<Execution ProcessID="1532" ThreadID="1604"></Execution>
<Channel>Application</Channel>
<Computer>S200401.overwatch.htb</Computer>
<Security UserID="S-1-5-18"></Security>
</System>
<EventData></EventData>
</Event>

<Event xmlns="http://schemas.microsoft.com/win/2004/08/events/event"><System><Provider Name="nssm"></Provider>
<EventID Qualifiers="16384">1040</EventID>
<Version>0</Version>
<Level>4</Level>
<Task>0</Task>
<Opcode>0</Opcode>
<Keywords>0x0080000000000000</Keywords>
<TimeCreated SystemTime="2025-07-07 09:44:41.432032"></TimeCreated>
<EventRecordID>1380</EventRecordID>
<Correlation ActivityID="" RelatedActivityID=""></Correlation>
<Execution ProcessID="0" ThreadID="0"></Execution>
<Channel>Application</Channel>
<Computer>S200401.overwatch.htb</Computer>
<Security UserID=""></Security>
</System>
<EventData><Data>&lt;string&gt;overwatch&lt;/string&gt;
&lt;string&gt;START&lt;/string&gt;
</Data>
<Binary></Binary>
</EventData>
</Event>

<Event xmlns="http://schemas.microsoft.com/win/2004/08/events/event"><System><Provider Name="VMTools"></Provider>
<EventID Qualifiers="0">105</EventID>
<Version>0</Version>
<Level>4</Level>
<Task>0</Task>
<Opcode>0</Opcode>
<Keywords>0x0080000000000000</Keywords>
<TimeCreated SystemTime="2025-07-07 09:44:41.791407"></TimeCreated>
<EventRecordID>1381</EventRecordID>
<Correlation ActivityID="" RelatedActivityID=""></Correlation>
<Execution ProcessID="0" ThreadID="0"></Execution>
<Channel>Application</Channel>
<Computer>S200401.overwatch.htb</Computer>
<Security UserID=""></Security>
</System>
<EventData><Data></Data>
<Binary></Binary>
</EventData>
</Event>

<Event xmlns="http://schemas.microsoft.com/win/2004/08/events/event"><System><Provider Name="Microsoft-Windows-WMI" Guid="{1edeee53-0afe-4609-b846-d8c0b2075b1f}"></Provider>
<EventID Qualifiers="">5615</EventID>
<Version>2</Version>
<Level>4</Level>
<Task>0</Task>
<Opcode>0</Opcode>
<Keywords>0x8000000000000000</Keywords>
<TimeCreated SystemTime="2025-07-07 09:44:41.683990"></TimeCreated>
<EventRecordID>1382</EventRecordID>
<Correlation ActivityID="" RelatedActivityID=""></Correlation>
<Execution ProcessID="2624" ThreadID="3324"></Execution>
<Channel>Application</Channel>
<Computer>S200401.overwatch.htb</Computer>
<Security UserID="S-1-5-18"></Security>
</System>
<EventData></EventData>
</Event>

<Event xmlns="http://schemas.microsoft.com/win/2004/08/events/event"><System><Provider Name="Microsoft-Windows-Complus" Guid="{0f177893-4a9c-4709-b921-f432d67f43d5}" EventSourceName="COM+"></Provider>
<EventID Qualifiers="16384">781</EventID>
<Version>0</Version>
<Level>4</Level>
<Task>0</Task>
<Opcode>0</Opcode>
<Keywords>0x0080000000000000</Keywords>
<TimeCreated SystemTime="2025-07-07 09:44:42.400778"></TimeCreated>
<EventRecordID>1383</EventRecordID>
<Correlation ActivityID="" RelatedActivityID=""></Correlation>
<Execution ProcessID="0" ThreadID="0"></Execution>
<Channel>Application</Channel>
<Computer>S200401.overwatch.htb</Computer>
<Security UserID=""></Security>
</System>
<EventData><Data Name="param1">86400</Data>
<Data Name="param2">SuppressDuplicateDuration</Data>
<Data Name="param3">Software\Microsoft\COM3\Eventlog</Data>
</EventData>
</Event>

<Event xmlns="http://schemas.microsoft.com/win/2004/08/events/event"><System><Provider Name="Microsoft-Windows-MSDTC 2" Guid="{5D9E0020-3761-4f36-90C8-38CE6511BD12}" EventSourceName="MSDTC 2"></Provider>
<EventID Qualifiers="16384">4202</EventID>
<Version>0</Version>
<Level>4</Level>
<Task>2</Task>
<Opcode>0</Opcode>
<Keywords>0x0080000000000000</Keywords>
<TimeCreated SystemTime="2025-07-07 09:44:42.650881"></TimeCreated>
<EventRecordID>1384</EventRecordID>
<Correlation ActivityID="" RelatedActivityID=""></Correlation>
<Execution ProcessID="0" ThreadID="0"></Execution>
<Channel>Application</Channel>
<Computer>S200401.overwatch.htb</Computer>
<Security UserID=""></Security>
</System>
<EventData><Data Name="param1">0</Data>
<Data Name="param2">0</Data>
<Data Name="param3">0</Data>
<Data Name="param4">0</Data>
<Data Name="param5">0</Data>
<Data Name="param6">0</Data>
<Data Name="param7">1</Data>
<Data Name="param8">Mutual Authentication Required</Data>
<Data Name="param9">NT AUTHORITY\NetworkService</Data>
<Data Name="param10">0</Data>
<Data Name="param11">0</Data>
<Data Name="param12">1</Data>
</EventData>
</Event>

<Event xmlns="http://schemas.microsoft.com/win/2004/08/events/event"><System><Provider Name="Microsoft-Windows-WMI" Guid="{1edeee53-0afe-4609-b846-d8c0b2075b1f}"></Provider>
<EventID Qualifiers="">5617</EventID>
<Version>2</Version>
<Level>4</Level>
<Task>0</Task>
<Opcode>0</Opcode>
<Keywords>0x8000000000000000</Keywords>
<TimeCreated SystemTime="2025-07-07 09:44:42.784296"></TimeCreated>
<EventRecordID>1385</EventRecordID>
<Correlation ActivityID="" RelatedActivityID=""></Correlation>
<Execution ProcessID="2624" ThreadID="3840"></Execution>
<Channel>Application</Channel>
<Computer>S200401.overwatch.htb</Computer>
<Security UserID="S-1-5-18"></Security>
</System>
<EventData></EventData>
</Event>

<Event xmlns="http://schemas.microsoft.com/win/2004/08/events/event"><System><Provider Name="VMUpgradeHelper"></Provider>
<EventID Qualifiers="0">258</EventID>
<Version>0</Version>
<Level>4</Level>
<Task>0</Task>
<Opcode>0</Opcode>
<Keywords>0x0080000000000000</Keywords>
<TimeCreated SystemTime="2025-07-07 09:44:43.978903"></TimeCreated>
<EventRecordID>1386</EventRecordID>
<Correlation ActivityID="" RelatedActivityID=""></Correlation>
<Execution ProcessID="0" ThreadID="0"></Execution>
<Channel>Application</Channel>
<Computer>S200401.overwatch.htb</Computer>
<Security UserID=""></Security>
</System>
<EventData><Data></Data>
<Binary></Binary>
</EventData>
</Event>

<Event xmlns="http://schemas.microsoft.com/win/2004/08/events/event"><System><Provider Name="VMUpgradeHelper"></Provider>
<EventID Qualifiers="0">271</EventID>
<Version>0</Version>
<Level>4</Level>
<Task>0</Task>
<Opcode>0</Opcode>
<Keywords>0x0080000000000000</Keywords>
<TimeCreated SystemTime="2025-07-07 09:44:45.150778"></TimeCreated>
<EventRecordID>1387</EventRecordID>
<Correlation ActivityID="" RelatedActivityID=""></Correlation>
<Execution ProcessID="0" ThreadID="0"></Execution>
<Channel>Application</Channel>
<Computer>S200401.overwatch.htb</Computer>
<Security UserID=""></Security>
</System>
<EventData><Data></Data>
<Binary></Binary>
</EventData>
</Event>

<Event xmlns="http://schemas.microsoft.com/win/2004/08/events/event"><System><Provider Name="Desktop Window Manager"></Provider>
<EventID Qualifiers="16384">9027</EventID>
<Version>0</Version>
<Level>4</Level>
<Task>0</Task>
<Opcode>0</Opcode>
<Keywords>0x0080000000000000</Keywords>
<TimeCreated SystemTime="2025-07-07 09:45:00.291403"></TimeCreated>
<EventRecordID>1388</EventRecordID>
<Correlation ActivityID="" RelatedActivityID=""></Correlation>
<Execution ProcessID="0" ThreadID="0"></Execution>
<Channel>Application</Channel>
<Computer>S200401.overwatch.htb</Computer>
<Security UserID=""></Security>
</System>
<EventData><Data></Data>
<Binary></Binary>
</EventData>
</Event>

<Event xmlns="http://schemas.microsoft.com/win/2004/08/events/event"><System><Provider Name="nssm"></Provider>
<EventID Qualifiers="16384">1008</EventID>
<Version>0</Version>
<Level>4</Level>
<Task>0</Task>
<Opcode>0</Opcode>
<Keywords>0x0080000000000000</Keywords>
<TimeCreated SystemTime="2025-07-07 09:45:02.276388"></TimeCreated>
<EventRecordID>1389</EventRecordID>
<Correlation ActivityID="" RelatedActivityID=""></Correlation>
<Execution ProcessID="0" ThreadID="0"></Execution>
<Channel>Application</Channel>
<Computer>S200401.overwatch.htb</Computer>
<Security UserID=""></Security>
</System>
<EventData><Data>&lt;string&gt;C:\Software\Monitoring\overwatch.exe&lt;/string&gt;
&lt;string&gt;&lt;/string&gt;
&lt;string&gt;overwatch&lt;/string&gt;
&lt;string&gt;C:\Software\Monitoring&lt;/string&gt;
</Data>
<Binary></Binary>
</EventData>
</Event>

<Event xmlns="http://schemas.microsoft.com/win/2004/08/events/event"><System><Provider Name="ESENT"></Provider>
<EventID Qualifiers="0">102</EventID>
<Version>0</Version>
<Level>4</Level>
<Task>1</Task>
<Opcode>0</Opcode>
<Keywords>0x0080000000000000</Keywords>
<TimeCreated SystemTime="2025-07-07 09:45:11.682640"></TimeCreated>
<EventRecordID>1390</EventRecordID>
<Correlation ActivityID="" RelatedActivityID=""></Correlation>
<Execution ProcessID="0" ThreadID="0"></Execution>
<Channel>Application</Channel>
<Computer>S200401.overwatch.htb</Computer>
<Security UserID=""></Security>
</System>
<EventData><Data>&lt;string&gt;DFSRs&lt;/string&gt;
&lt;string&gt;3044,P,98&lt;/string&gt;
&lt;string&gt;\\.\C:\System Volume Information\DFSR\database_1ECA_75DD_CA75_B19F\dfsr.db: &lt;/string&gt;
&lt;string&gt;0&lt;/string&gt;
&lt;string&gt;10&lt;/string&gt;
&lt;string&gt;00&lt;/string&gt;
&lt;string&gt;20348&lt;/string&gt;
&lt;string&gt;0000&lt;/string&gt;
</Data>
<Binary></Binary>
</EventData>
</Event>

<Event xmlns="http://schemas.microsoft.com/win/2004/08/events/event"><System><Provider Name="ESENT"></Provider>
<EventID Qualifiers="0">105</EventID>
<Version>0</Version>
<Level>4</Level>
<Task>1</Task>
<Opcode>0</Opcode>
<Keywords>0x0080000000000000</Keywords>
<TimeCreated SystemTime="2025-07-07 09:45:11.760778"></TimeCreated>
<EventRecordID>1391</EventRecordID>
<Correlation ActivityID="" RelatedActivityID=""></Correlation>
<Execution ProcessID="0" ThreadID="0"></Execution>
<Channel>Application</Channel>
<Computer>S200401.overwatch.htb</Computer>
<Security UserID=""></Security>
</System>
<EventData><Data>&lt;string&gt;DFSRs&lt;/string&gt;
&lt;string&gt;3044,D,0&lt;/string&gt;
&lt;string&gt;\\.\C:\System Volume Information\DFSR\database_1ECA_75DD_CA75_B19F\dfsr.db: &lt;/string&gt;
&lt;string&gt;0&lt;/string&gt;
&lt;string&gt;0&lt;/string&gt;
&lt;string&gt;
[1] 0.006834 +J(0) +M(C:0K, Fs:284, WS:1108K # 1108K, PF:6576K # 6488K, P:6576K)
[2] 0.000340 +J(0) +M(C:16K, Fs:92, WS:364K # 364K, PF:324K # 324K, P:324K)
[3] 0.000075 +J(0) +M(C:0K, Fs:5, WS:20K # 20K, PF:64K # 64K, P:64K)
[4] 0.000273 +J(0) +M(C:2032K, Fs:37, WS:140K # 140K, PF:2432K # 2432K, P:2432K)
[5] 0.001137 +J(0) +M(C:0K, Fs:33, WS:128K # 128K, PF:96K # 96K, P:96K)
[6] 0.002540 +J(0) +M(C:0K, Fs:10, WS:36K # 36K, PF:68K # 68K, P:68K)
[7] -
[8] -
[9] -
[10] -
[11] -
[12] -
[13] 0.064011 -0.037132 (22) WT +J(CM:0, PgRf:0, Rd:0/0, Dy:0/0, Lg:616/1) +M(C:0K, Fs:1476, WS:688K # 5788K, PF:12K # 5140K, P:12K)
[14] 0.000019 +J(0)
[15] 0.000089 +J(0) +M(C:0K, Fs:65, WS:256K # 0K, PF:68K # 0K, P:68K)
[16] 0.014115 -0.000146 (2) WT +J(0) +M(C:0K, Fs:7, WS:20K # 0K, PF:0K # 0K, P:0K).&lt;/string&gt;
&lt;string&gt;&lt;/string&gt;
</Data>
<Binary></Binary>
</EventData>
</Event>

<Event xmlns="http://schemas.microsoft.com/win/2004/08/events/event"><System><Provider Name="ESENT"></Provider>
<EventID Qualifiers="0">325</EventID>
<Version>0</Version>
<Level>4</Level>
<Task>1</Task>
<Opcode>0</Opcode>
<Keywords>0x0080000000000000</Keywords>
<TimeCreated SystemTime="2025-07-07 09:45:11.807644"></TimeCreated>
<EventRecordID>1392</EventRecordID>
<Correlation ActivityID="" RelatedActivityID=""></Correlation>
<Execution ProcessID="0" ThreadID="0"></Execution>
<Channel>Application</Channel>
<Computer>S200401.overwatch.htb</Computer>
<Security UserID=""></Security>
</System>
<EventData><Data>&lt;string&gt;DFSRs&lt;/string&gt;
&lt;string&gt;3044,D,35&lt;/string&gt;
&lt;string&gt;\\.\C:\System Volume Information\DFSR\database_1ECA_75DD_CA75_B19F\dfsr.db: &lt;/string&gt;
&lt;string&gt;1&lt;/string&gt;
&lt;string&gt;\\.\C:\System Volume Information\DFSR\database_1ECA_75DD_CA75_B19F\dfsr.db&lt;/string&gt;
&lt;string&gt;0&lt;/string&gt;
&lt;string&gt;
[1] 0.000242 +J(0) +M(C:0K, Fs:6, WS:24K # 0K, PF:8K # 0K, P:8K)
[2] 0.003054 -0.001040 (1) WT +J(CM:0, PgRf:0, Rd:0/0, Dy:0/0, Lg:3480/2) +M(C:0K, Fs:4, WS:16K # 0K, PF:0K # 0K, P:0K)
[3] 0.015864 -0.000001 (1) WT +J(0) +M(C:0K, Fs:11, WS:36K # 0K, PF:20K # 0K, P:20K)
[4] 0.000413 +J(0) +M(C:0K, Fs:3, WS:12K # 0K, PF:0K # 0K, P:0K)
[5] 0.003305 -0.001225 (3) WT +J(CM:0, PgRf:3, Rd:0/0, Dy:3/6, Lg:122/4) +M(C:0K, Fs:51, WS:196K # 0K, PF:252K # 0K, P:252K)
[6] 0.003137 -0.000890 (2) WT +J(CM:0, PgRf:209, Rd:0/0, Dy:12/408, Lg:24454/447) +M(C:0K, Fs:76, WS:304K # 0K, PF:220K # 0K, P:220K)
[7] 0.002312 -0.001143 (3) WT +J(CM:0, PgRf:0, Rd:0/0, Dy:0/0, Lg:4096/3) +M(C:0K, Fs:5, WS:12K # 0K, PF:0K # 0K, P:0K)
[8] 0.000002 +J(0)
[9] 0.005626 -0.004671 (18) WT +J(0) +M(C:-52K, Fs:10, WS:-20K # 0K, PF:-52K # 0K, P:-52K)
[10] 0.005650 -0.002937 (5) WT +J(CM:0, PgRf:348, Rd:0/0, Dy:7/93, Lg:12509/130) +M(C:12K, Fs:48, WS:184K # 0K, PF:96K # 0K, P:96K)
[11] 0.000002 +J(0).&lt;/string&gt;
&lt;string&gt;0 0&lt;/string&gt;
&lt;string&gt;lgposCreate = 00000001:0001:0268,
dbv = 1568.180.400 (9360)&lt;/string&gt;
</Data>
<Binary></Binary>
</EventData>
</Event>

<Event xmlns="http://schemas.microsoft.com/win/2004/08/events/event"><System><Provider Name="SceCli"></Provider>
<EventID Qualifiers="16384">1704</EventID>
<Version>0</Version>
<Level>4</Level>
<Task>0</Task>
<Opcode>0</Opcode>
<Keywords>0x0080000000000000</Keywords>
<TimeCreated SystemTime="2025-07-07 09:45:12.198263"></TimeCreated>
<EventRecordID>1393</EventRecordID>
<Correlation ActivityID="" RelatedActivityID=""></Correlation>
<Execution ProcessID="0" ThreadID="0"></Execution>
<Channel>Application</Channel>
<Computer>S200401.overwatch.htb</Computer>
<Security UserID=""></Security>
</System>
<EventData><Data>&lt;string&gt;&lt;/string&gt;
</Data>
<Binary></Binary>
</EventData>
</Event>

<Event xmlns="http://schemas.microsoft.com/win/2004/08/events/event"><System><Provider Name="Microsoft-Windows-Perflib" Guid="{13b197bd-7cee-4b4e-8dd0-59314ce374ce}"></Provider>
<EventID Qualifiers="">1023</EventID>
<Version>1</Version>
<Level>2</Level>
<Task>0</Task>
<Opcode>0</Opcode>
<Keywords>0x8000000000000000</Keywords>
<TimeCreated SystemTime="2025-07-07 09:45:11.993282"></TimeCreated>
<EventRecordID>1394</EventRecordID>
<Correlation ActivityID="{b88e8198-ef23-0000-bf86-8eb823efdb01}" RelatedActivityID=""></Correlation>
<Execution ProcessID="4184" ThreadID="4224"></Execution>
<Channel>Application</Channel>
<Computer>S200401.overwatch.htb</Computer>
<Security UserID="S-1-5-18"></Security>
</System>
<EventData><Data Name="Library">C:\Windows\system32\ntdsperf.dll</Data>
<Data Name="Win32Error">126</Data>
</EventData>
</Event>

<Event xmlns="http://schemas.microsoft.com/win/2004/08/events/event"><System><Provider Name="Desktop Window Manager"></Provider>
<EventID Qualifiers="16384">9027</EventID>
<Version>0</Version>
<Level>4</Level>
<Task>0</Task>
<Opcode>0</Opcode>
<Keywords>0x0080000000000000</Keywords>
<TimeCreated SystemTime="2025-07-07 09:46:19.370142"></TimeCreated>
<EventRecordID>1395</EventRecordID>
<Correlation ActivityID="" RelatedActivityID=""></Correlation>
<Execution ProcessID="0" ThreadID="0"></Execution>
<Channel>Application</Channel>
<Computer>S200401.overwatch.htb</Computer>
<Security UserID=""></Security>
</System>
<EventData><Data></Data>
<Binary></Binary>
</EventData>
</Event>

<Event xmlns="http://schemas.microsoft.com/win/2004/08/events/event"><System><Provider Name="Microsoft-Windows-Security-SPP" Guid="{E23B33B0-C8C9-472C-A5F9-F2BDFEA0F156}" EventSourceName="Software Protection Platform Service"></Provider>
<EventID Qualifiers="16384">900</EventID>
<Version>0</Version>
<Level>4</Level>
<Task>0</Task>
<Opcode>0</Opcode>
<Keywords>0x0080000000000000</Keywords>
<TimeCreated SystemTime="2025-07-07 09:46:22.672083"></TimeCreated>
<EventRecordID>1396</EventRecordID>
<Correlation ActivityID="" RelatedActivityID=""></Correlation>
<Execution ProcessID="0" ThreadID="0"></Execution>
<Channel>Application</Channel>
<Computer>S200401.overwatch.htb</Computer>
<Security UserID=""></Security>
</System>
<EventData><Data>&lt;string&gt;TriggerStarted:6&lt;/string&gt;
</Data>
<Binary></Binary>
</EventData>
</Event>

<Event xmlns="http://schemas.microsoft.com/win/2004/08/events/event"><System><Provider Name="Microsoft-Windows-Security-SPP" Guid="{E23B33B0-C8C9-472C-A5F9-F2BDFEA0F156}" EventSourceName="Software Protection Platform Service"></Provider>
<EventID Qualifiers="49152">16394</EventID>
<Version>0</Version>
<Level>4</Level>
<Task>0</Task>
<Opcode>0</Opcode>
<Keywords>0x0080000000000000</Keywords>
<TimeCreated SystemTime="2025-07-07 09:46:22.812727"></TimeCreated>
<EventRecordID>1397</EventRecordID>
<Correlation ActivityID="" RelatedActivityID=""></Correlation>
<Execution ProcessID="0" ThreadID="0"></Execution>
<Channel>Application</Channel>
<Computer>S200401.overwatch.htb</Computer>
<Security UserID=""></Security>
</System>
<EventData><Data></Data>
<Binary></Binary>
</EventData>
</Event>

<Event xmlns="http://schemas.microsoft.com/win/2004/08/events/event"><System><Provider Name="Microsoft-Windows-Security-SPP" Guid="{E23B33B0-C8C9-472C-A5F9-F2BDFEA0F156}" EventSourceName="Software Protection Platform Service"></Provider>
<EventID Qualifiers="16384">1066</EventID>
<Version>0</Version>
<Level>4</Level>
<Task>0</Task>
<Opcode>0</Opcode>
<Keywords>0x0080000000000000</Keywords>
<TimeCreated SystemTime="2025-07-07 09:46:22.890837"></TimeCreated>
<EventRecordID>1398</EventRecordID>
<Correlation ActivityID="" RelatedActivityID=""></Correlation>
<Execution ProcessID="0" ThreadID="0"></Execution>
<Channel>Application</Channel>
<Computer>S200401.overwatch.htb</Computer>
<Security UserID=""></Security>
</System>
<EventData><Data>&lt;string&gt;C:\Windows\system32\sppwinob.dll, msft:spp/windowsfunctionality/agent/7.0, 0x00000000, 0x00000000
C:\Windows\system32\sppobjs.dll, msft:rm/algorithm/inherited/1.0, 0x00000000, 0x00000000
C:\Windows\system32\sppobjs.dll, msft:rm/algorithm/phone/1.0, 0x00000000, 0x00000000
C:\Windows\system32\sppobjs.dll, msft:rm/algorithm/pkey/detect, 0x00000000, 0x00000000
C:\Windows\system32\sppobjs.dll, msft:spp/ActionScheduler/1.0, 0x00000000, 0x00000000
C:\Windows\system32\sppobjs.dll, msft:spp/TaskScheduler/1.0, 0x00000000, 0x00000000
C:\Windows\system32\sppobjs.dll, msft:spp/statecollector/pkey, 0x00000000, 0x00000000
C:\Windows\system32\sppobjs.dll, msft:spp/volume/services/kms/1.0, 0x00000000, 0x00000000
C:\Windows\system32\sppobjs.dll, msft:spp/volume/services/kms/activationinfo/1.0, 0x00000000, 0x00000000
&lt;/string&gt;
</Data>
<Binary></Binary>
</EventData>
</Event>

<Event xmlns="http://schemas.microsoft.com/win/2004/08/events/event"><System><Provider Name="Microsoft-Windows-Security-SPP" Guid="{E23B33B0-C8C9-472C-A5F9-F2BDFEA0F156}" EventSourceName="Software Protection Platform Service"></Provider>
<EventID Qualifiers="16384">1003</EventID>
<Version>0</Version>
<Level>4</Level>
<Task>0</Task>
<Opcode>0</Opcode>
<Keywords>0x0080000000000000</Keywords>
<TimeCreated SystemTime="2025-07-07 09:46:23.047083"></TimeCreated>
<EventRecordID>1399</EventRecordID>
<Correlation ActivityID="" RelatedActivityID=""></Correlation>
<Execution ProcessID="0" ThreadID="0"></Execution>
<Channel>Application</Channel>
<Computer>S200401.overwatch.htb</Computer>
<Security UserID=""></Security>
</System>
<EventData><Data>&lt;string&gt;55c92734-d682-4d71-983e-d6ec3f16059f&lt;/string&gt;
&lt;string&gt;
1: 1ea11e95-b7b5-49f8-b3b8-164805630e84, 1, 0 [(0 [0xC004F014, 0, 0], [(?)(?)(?)(?)(?)(?)(?)(?)])(1 )(2 )(3 )]
2: 22105925-48c3-4ff4-a294-f654bb27e390, 1, 0 [(0 [0xC004F014, 0, 0], [(?)(?)(?)(?)(?)(?)(?)(?)])(1 )(2 )(3 )]
3: 27c4e172-0f4c-4a2d-86f0-ebfd77a583ce, 1, 0 [(0 [0xC004F014, 0, 0], [(?)(?)(?)(?)(?)(?)(?)(?)])(1 )(2 )(3 )]
4: 3f1a0b3b-cefc-48e4-8502-53299ec06146, 1, 0 [(0 [0xC004F014, 0, 0], [(?)(?)(?)(?)(?)(?)(?)(?)])(1 )(2 )(3 )]
5: 661f7658-7035-4b4c-9f35-010682943ec2, 1, 0 [(0 [0xC004F014, 0, 0], [(?)(?)(?)(?)(?)(?)(?)(?)])(1 )(2 )(3 )]
6: 6bad0243-1c35-46b2-b8e6-7a853e37413f, 1, 0 [(0 [0xC004F014, 0, 0], [(?)(?)(?)(?)(?)(?)(?)(?)])(1 )(2 )(3 )]
7: 716317e3-9177-41f8-a772-361050bb1b7f, 1, 0 [(0 [0xC004F014, 0, 0], [(?)(?)(?)(?)(?)(?)(?)(?)])(1 )(2 )(3 )]
8: 82fcf64d-f9dd-4411-9c79-f2eed16d4eb8, 1, 0 [(0 [0xC004F014, 0, 0], [(?)(?)(?)(?)(?)(?)(?)(?)])(1 )(2 )(3 )]
9: 84e331f6-4279-48c4-ab10-b75139181351, 1, 0 [(0 [0xC004F014, 0, 0], [(?)(?)(?)(?)(?)(?)(?)(?)])(1 )(2 )(3 )]
10: 8f97e374-1be6-46d5-bb24-61f9d6400caf, 1, 0 [(0 [0xC004F014, 0, 0], [(?)(?)(?)(?)(?)(?)(?)(?)])(1 )(2 )(3 )]
11: 929d118a-4950-4d06-9ff1-ecd794f7d740, 1, 0 [(0 [0xC004F014, 0, 0], [(?)(?)(?)(?)(?)(?)(?)(?)])(1 )(2 )(3 )]
12: 9bd77860-9b31-4b7b-96ad-2564017315bf, 1, 1 [(0 [0xC004E003, 0, 0], [( 2 0xC004F056 0 0 msft:rm/algorithm/volume/1.0 0x00000000 0)( 1 0x00000000)(?)( 2 0xC004F056 0 0 msft:rm/algorithm/volume/1.0 0x00000000 0)(?)(?)(?)(?)])(1 )(2 )(3 [0x00000000, 0, 0], [( 6 0xC004F009 0 0)( 1 0x00000000)( 6 0xC004F009 0 0)(?)(?)(?)( 10 0x00000000 msft:rm/algorithm/flags/1.0)( 11 0x00000000 0xC004F056)])]
13: b1c68fb2-b632-47a2-8719-488cc128b728, 1, 0 [(0 [0xC004F014, 0, 0], [(?)(?)(?)(?)(?)(?)(?)(?)])(1 )(2 )(3 )]
14: ce624156-a391-4585-93f9-7fb37405fbda, 1, 0 [(0 [0xC004F014, 0, 0], [(?)(?)(?)(?)(?)(?)(?)(?)])(1 )(2 )(3 )]
15: e73aabfa-12bc-4705-b551-2dd076bebc7d, 1, 0 [(0 [0xC004F014, 0, 0], [(?)(?)(?)(?)(?)(?)(?)(?)])(1 )(2 )(3 )]
16: ffa0a98f-b13f-4433-91f4-8aff126ed407, 1, 0 [(0 [0xC004F014, 0, 0], [(?)(?)(?)(?)(?)(?)(?)(?)])(1 )(2 )(3 )]

&lt;/string&gt;
</Data>
<Binary></Binary>
</EventData>
</Event>

<Event xmlns="http://schemas.microsoft.com/win/2004/08/events/event"><System><Provider Name="Microsoft-Windows-Security-SPP" Guid="{E23B33B0-C8C9-472C-A5F9-F2BDFEA0F156}" EventSourceName="Software Protection Platform Service"></Provider>
<EventID Qualifiers="16384">902</EventID>
<Version>0</Version>
<Level>0</Level>
<Task>0</Task>
<Opcode>0</Opcode>
<Keywords>0x0080000000000000</Keywords>
<TimeCreated SystemTime="2025-07-07 09:46:23.218960"></TimeCreated>
<EventRecordID>1400</EventRecordID>
<Correlation ActivityID="" RelatedActivityID=""></Correlation>
<Execution ProcessID="0" ThreadID="0"></Execution>
<Channel>Application</Channel>
<Computer>S200401.overwatch.htb</Computer>
<Security UserID=""></Security>
</System>
<EventData><Data>&lt;string&gt;10.0.20348.3692&lt;/string&gt;
</Data>
<Binary></Binary>
</EventData>
</Event>

<Event xmlns="http://schemas.microsoft.com/win/2004/08/events/event"><System><Provider Name="Microsoft-Windows-Security-SPP" Guid="{E23B33B0-C8C9-472C-A5F9-F2BDFEA0F156}" EventSourceName="Software Protection Platform Service"></Provider>
<EventID Qualifiers="16384">1003</EventID>
<Version>0</Version>
<Level>4</Level>
<Task>0</Task>
<Opcode>0</Opcode>
<Keywords>0x0080000000000000</Keywords>
<TimeCreated SystemTime="2025-07-07 09:46:23.375210"></TimeCreated>
<EventRecordID>1401</EventRecordID>
<Correlation ActivityID="" RelatedActivityID=""></Correlation>
<Execution ProcessID="0" ThreadID="0"></Execution>
<Channel>Application</Channel>
<Computer>S200401.overwatch.htb</Computer>
<Security UserID=""></Security>
</System>
<EventData><Data>&lt;string&gt;55c92734-d682-4d71-983e-d6ec3f16059f&lt;/string&gt;
&lt;string&gt;
1: 1ea11e95-b7b5-49f8-b3b8-164805630e84, 1, 0 [(0 [0xC004F014, 0, 0], [(?)(?)(?)(?)(?)(?)(?)(?)])(1 )(2 )(3 )]
2: 22105925-48c3-4ff4-a294-f654bb27e390, 1, 0 [(0 [0xC004F014, 0, 0], [(?)(?)(?)(?)(?)(?)(?)(?)])(1 )(2 )(3 )]
3: 27c4e172-0f4c-4a2d-86f0-ebfd77a583ce, 1, 0 [(0 [0xC004F014, 0, 0], [(?)(?)(?)(?)(?)(?)(?)(?)])(1 )(2 )(3 )]
4: 3f1a0b3b-cefc-48e4-8502-53299ec06146, 1, 0 [(0 [0xC004F014, 0, 0], [(?)(?)(?)(?)(?)(?)(?)(?)])(1 )(2 )(3 )]
5: 661f7658-7035-4b4c-9f35-010682943ec2, 1, 0 [(0 [0xC004F014, 0, 0], [(?)(?)(?)(?)(?)(?)(?)(?)])(1 )(2 )(3 )]
6: 6bad0243-1c35-46b2-b8e6-7a853e37413f, 1, 0 [(0 [0xC004F014, 0, 0], [(?)(?)(?)(?)(?)(?)(?)(?)])(1 )(2 )(3 )]
7: 716317e3-9177-41f8-a772-361050bb1b7f, 1, 0 [(0 [0xC004F014, 0, 0], [(?)(?)(?)(?)(?)(?)(?)(?)])(1 )(2 )(3 )]
8: 82fcf64d-f9dd-4411-9c79-f2eed16d4eb8, 1, 0 [(0 [0xC004F014, 0, 0], [(?)(?)(?)(?)(?)(?)(?)(?)])(1 )(2 )(3 )]
9: 84e331f6-4279-48c4-ab10-b75139181351, 1, 0 [(0 [0xC004F014, 0, 0], [(?)(?)(?)(?)(?)(?)(?)(?)])(1 )(2 )(3 )]
10: 8f97e374-1be6-46d5-bb24-61f9d6400caf, 1, 0 [(0 [0xC004F014, 0, 0], [(?)(?)(?)(?)(?)(?)(?)(?)])(1 )(2 )(3 )]
11: 929d118a-4950-4d06-9ff1-ecd794f7d740, 1, 0 [(0 [0xC004F014, 0, 0], [(?)(?)(?)(?)(?)(?)(?)(?)])(1 )(2 )(3 )]
12: 9bd77860-9b31-4b7b-96ad-2564017315bf, 1, 1 [(0 [0xC004E003, 0, 0], [( 2 0xC004F056 0 0 msft:rm/algorithm/volume/1.0 0x00000000 0)( 1 0x00000000)(?)( 2 0xC004F056 0 0 msft:rm/algorithm/volume/1.0 0x00000000 0)(?)(?)(?)(?)])(1 )(2 )(3 [0x00000000, 0, 0], [( 6 0xC004F009 0 0)( 1 0x00000000)( 6 0xC004F009 0 0)(?)(?)(?)( 10 0x00000000 msft:rm/algorithm/flags/1.0)( 11 0x00000000 0xC004F056)])]
13: b1c68fb2-b632-47a2-8719-488cc128b728, 1, 0 [(0 [0xC004F014, 0, 0], [(?)(?)(?)(?)(?)(?)(?)(?)])(1 )(2 )(3 )]
14: ce624156-a391-4585-93f9-7fb37405fbda, 1, 0 [(0 [0xC004F014, 0, 0], [(?)(?)(?)(?)(?)(?)(?)(?)])(1 )(2 )(3 )]
15: e73aabfa-12bc-4705-b551-2dd076bebc7d, 1, 0 [(0 [0xC004F014, 0, 0], [(?)(?)(?)(?)(?)(?)(?)(?)])(1 )(2 )(3 )]
16: ffa0a98f-b13f-4433-91f4-8aff126ed407, 1, 0 [(0 [0xC004F014, 0, 0], [(?)(?)(?)(?)(?)(?)(?)(?)])(1 )(2 )(3 )]

&lt;/string&gt;
</Data>
<Binary></Binary>
</EventData>
</Event>

<Event xmlns="http://schemas.microsoft.com/win/2004/08/events/event"><System><Provider Name="Microsoft-Windows-Security-SPP" Guid="{E23B33B0-C8C9-472C-A5F9-F2BDFEA0F156}" EventSourceName="Software Protection Platform Service"></Provider>
<EventID Qualifiers="49152">8198</EventID>
<Version>0</Version>
<Level>2</Level>
<Task>0</Task>
<Opcode>0</Opcode>
<Keywords>0x0080000000000000</Keywords>
<TimeCreated SystemTime="2025-07-07 09:46:23.390831"></TimeCreated>
<EventRecordID>1402</EventRecordID>
<Correlation ActivityID="" RelatedActivityID=""></Correlation>
<Execution ProcessID="0" ThreadID="0"></Execution>
<Channel>Application</Channel>
<Computer>S200401.overwatch.htb</Computer>
<Security UserID=""></Security>
</System>
<EventData><Data>&lt;string&gt;hr=0x80004005&lt;/string&gt;
&lt;string&gt;RuleId=eeba1977-569e-4571-b639-7623d8bfecc0;Action=AutoActivate;AppId=55c92734-d682-4d71-983e-d6ec3f16059f;SkuId=9bd77860-9b31-4b7b-96ad-2564017315bf;NotificationInterval=1440;Trigger=UserLogon;SessionId=2&lt;/string&gt;
</Data>
<Binary></Binary>
</EventData>
</Event>

<Event xmlns="http://schemas.microsoft.com/win/2004/08/events/event"><System><Provider Name="Microsoft-Windows-Security-SPP" Guid="{E23B33B0-C8C9-472C-A5F9-F2BDFEA0F156}" EventSourceName="Software Protection Platform Service"></Provider>
<EventID Qualifiers="16384">1003</EventID>
<Version>0</Version>
<Level>4</Level>
<Task>0</Task>
<Opcode>0</Opcode>
<Keywords>0x0080000000000000</Keywords>
<TimeCreated SystemTime="2025-07-07 09:46:24.355337"></TimeCreated>
<EventRecordID>1403</EventRecordID>
<Correlation ActivityID="" RelatedActivityID=""></Correlation>
<Execution ProcessID="0" ThreadID="0"></Execution>
<Channel>Application</Channel>
<Computer>S200401.overwatch.htb</Computer>
<Security UserID=""></Security>
</System>
<EventData><Data>&lt;string&gt;55c92734-d682-4d71-983e-d6ec3f16059f&lt;/string&gt;
&lt;string&gt;
1: 1ea11e95-b7b5-49f8-b3b8-164805630e84, 1, 0 [(0 [0xC004F014, 0, 0], [(?)(?)(?)(?)(?)(?)(?)(?)])(1 )(2 )(3 )]
2: 22105925-48c3-4ff4-a294-f654bb27e390, 1, 0 [(0 [0xC004F014, 0, 0], [(?)(?)(?)(?)(?)(?)(?)(?)])(1 )(2 )(3 )]
3: 27c4e172-0f4c-4a2d-86f0-ebfd77a583ce, 1, 0 [(0 [0xC004F014, 0, 0], [(?)(?)(?)(?)(?)(?)(?)(?)])(1 )(2 )(3 )]
4: 3f1a0b3b-cefc-48e4-8502-53299ec06146, 1, 0 [(0 [0xC004F014, 0, 0], [(?)(?)(?)(?)(?)(?)(?)(?)])(1 )(2 )(3 )]
5: 661f7658-7035-4b4c-9f35-010682943ec2, 1, 0 [(0 [0xC004F014, 0, 0], [(?)(?)(?)(?)(?)(?)(?)(?)])(1 )(2 )(3 )]
6: 6bad0243-1c35-46b2-b8e6-7a853e37413f, 1, 0 [(0 [0xC004F014, 0, 0], [(?)(?)(?)(?)(?)(?)(?)(?)])(1 )(2 )(3 )]
7: 716317e3-9177-41f8-a772-361050bb1b7f, 1, 0 [(0 [0xC004F014, 0, 0], [(?)(?)(?)(?)(?)(?)(?)(?)])(1 )(2 )(3 )]
8: 82fcf64d-f9dd-4411-9c79-f2eed16d4eb8, 1, 0 [(0 [0xC004F014, 0, 0], [(?)(?)(?)(?)(?)(?)(?)(?)])(1 )(2 )(3 )]
9: 84e331f6-4279-48c4-ab10-b75139181351, 1, 0 [(0 [0xC004F014, 0, 0], [(?)(?)(?)(?)(?)(?)(?)(?)])(1 )(2 )(3 )]
10: 8f97e374-1be6-46d5-bb24-61f9d6400caf, 1, 0 [(0 [0xC004F014, 0, 0], [(?)(?)(?)(?)(?)(?)(?)(?)])(1 )(2 )(3 )]
11: 929d118a-4950-4d06-9ff1-ecd794f7d740, 1, 0 [(0 [0xC004F014, 0, 0], [(?)(?)(?)(?)(?)(?)(?)(?)])(1 )(2 )(3 )]
12: 9bd77860-9b31-4b7b-96ad-2564017315bf, 1, 1 [(0 [0xC004E003, 0, 0], [( 2 0xC004F056 0 0 msft:rm/algorithm/volume/1.0 0x00000000 0)( 1 0x00000000)(?)( 2 0xC004F056 0 0 msft:rm/algorithm/volume/1.0 0x00000000 0)(?)(?)(?)(?)])(1 )(2 )(3 [0x00000000, 0, 0], [( 6 0xC004F009 0 0)( 1 0x00000000)( 6 0xC004F009 0 0)(?)(?)(?)( 10 0x00000000 msft:rm/algorithm/flags/1.0)( 11 0x00000000 0xC004F056)])]
13: b1c68fb2-b632-47a2-8719-488cc128b728, 1, 0 [(0 [0xC004F014, 0, 0], [(?)(?)(?)(?)(?)(?)(?)(?)])(1 )(2 )(3 )]
14: ce624156-a391-4585-93f9-7fb37405fbda, 1, 0 [(0 [0xC004F014, 0, 0], [(?)(?)(?)(?)(?)(?)(?)(?)])(1 )(2 )(3 )]
15: e73aabfa-12bc-4705-b551-2dd076bebc7d, 1, 0 [(0 [0xC004F014, 0, 0], [(?)(?)(?)(?)(?)(?)(?)(?)])(1 )(2 )(3 )]
16: ffa0a98f-b13f-4433-91f4-8aff126ed407, 1, 0 [(0 [0xC004F014, 0, 0], [(?)(?)(?)(?)(?)(?)(?)(?)])(1 )(2 )(3 )]

&lt;/string&gt;
</Data>
<Binary></Binary>
</EventData>
</Event>

<Event xmlns="http://schemas.microsoft.com/win/2004/08/events/event"><System><Provider Name="Microsoft-Windows-Security-SPP" Guid="{E23B33B0-C8C9-472C-A5F9-F2BDFEA0F156}" EventSourceName="Software Protection Platform Service"></Provider>
<EventID Qualifiers="49152">8198</EventID>
<Version>0</Version>
<Level>2</Level>
<Task>0</Task>
<Opcode>0</Opcode>
<Keywords>0x0080000000000000</Keywords>
<TimeCreated SystemTime="2025-07-07 09:46:24.509089"></TimeCreated>
<EventRecordID>1404</EventRecordID>
<Correlation ActivityID="" RelatedActivityID=""></Correlation>
<Execution ProcessID="0" ThreadID="0"></Execution>
<Channel>Application</Channel>
<Computer>S200401.overwatch.htb</Computer>
<Security UserID=""></Security>
</System>
<EventData><Data>&lt;string&gt;hr=0x80004005&lt;/string&gt;
&lt;string&gt;RuleId=eeba1977-569e-4571-b639-7623d8bfecc0;Action=AutoActivate;AppId=55c92734-d682-4d71-983e-d6ec3f16059f;SkuId=9bd77860-9b31-4b7b-96ad-2564017315bf;NotificationInterval=1440;Trigger=TimerEvent&lt;/string&gt;
</Data>
<Binary></Binary>
</EventData>
</Event>

<Event xmlns="http://schemas.microsoft.com/win/2004/08/events/event"><System><Provider Name="edgeupdate"></Provider>
<EventID Qualifiers="0">0</EventID>
<Version>0</Version>
<Level>4</Level>
<Task>0</Task>
<Opcode>0</Opcode>
<Keywords>0x0080000000000000</Keywords>
<TimeCreated SystemTime="2025-07-07 09:46:43.295948"></TimeCreated>
<EventRecordID>1405</EventRecordID>
<Correlation ActivityID="" RelatedActivityID=""></Correlation>
<Execution ProcessID="0" ThreadID="0"></Execution>
<Channel>Application</Channel>
<Computer>S200401.overwatch.htb</Computer>
<Security UserID=""></Security>
</System>
<EventData><Data>&lt;string&gt;Service stopped&lt;/string&gt;
</Data>
<Binary></Binary>
</EventData>
</Event>

<Event xmlns="http://schemas.microsoft.com/win/2004/08/events/event"><System><Provider Name="MSSQL$SQLEXPRESS"></Provider>
<EventID Qualifiers="16384">17069</EventID>
<Version>0</Version>
<Level>4</Level>
<Task>2</Task>
<Opcode>0</Opcode>
<Keywords>0x0080000000000000</Keywords>
<TimeCreated SystemTime="2025-07-07 09:46:46.542509"></TimeCreated>
<EventRecordID>1406</EventRecordID>
<Correlation ActivityID="" RelatedActivityID=""></Correlation>
<Execution ProcessID="0" ThreadID="0"></Execution>
<Channel>Application</Channel>
<Computer>S200401.overwatch.htb</Computer>
<Security UserID=""></Security>
</System>
<EventData><Data>&lt;string&gt;Microsoft SQL Server 2022 (RTM) - 16.0.1000.6 (X64) 
	Oct  8 2022 05:58:25 
	Copyright (C) 2022 Microsoft Corporation
	Express Edition (64-bit) on Windows Server 2022 Standard 10.0 &lt;X64&gt; (Build 20348: ) (Hypervisor)
&lt;/string&gt;
</Data>
<Binary>rUIAAAoAAAATAAAAUwAyADAAMAA0ADAAMQBcAFMAUQBMAEUAWABQAFIARQBTAFMAAAAAAAAA</Binary>
</EventData>
</Event>

<Event xmlns="http://schemas.microsoft.com/win/2004/08/events/event"><System><Provider Name="MSSQL$SQLEXPRESS"></Provider>
<EventID Qualifiers="16384">49916</EventID>
<Version>0</Version>
<Level>4</Level>
<Task>2</Task>
<Opcode>0</Opcode>
<Keywords>0x0080000000000000</Keywords>
<TimeCreated SystemTime="2025-07-07 09:46:46.545473"></TimeCreated>
<EventRecordID>1407</EventRecordID>
<Correlation ActivityID="" RelatedActivityID=""></Correlation>
<Execution ProcessID="0" ThreadID="0"></Execution>
<Channel>Application</Channel>
<Computer>S200401.overwatch.htb</Computer>
<Security UserID=""></Security>
</System>
<EventData><Data>&lt;string&gt;-7&lt;/string&gt;
&lt;string&gt;00&lt;/string&gt;
</Data>
<Binary>/MIAAAoAAAATAAAAUwAyADAAMAA0ADAAMQBcAFMAUQBMAEUAWABQAFIARQBTAFMAAAAAAAAA</Binary>
</EventData>
</Event>

<Event xmlns="http://schemas.microsoft.com/win/2004/08/events/event"><System><Provider Name="MSSQL$SQLEXPRESS"></Provider>
<EventID Qualifiers="16384">17101</EventID>
<Version>0</Version>
<Level>4</Level>
<Task>2</Task>
<Opcode>0</Opcode>
<Keywords>0x0080000000000000</Keywords>
<TimeCreated SystemTime="2025-07-07 09:46:46.548475"></TimeCreated>
<EventRecordID>1408</EventRecordID>
<Correlation ActivityID="" RelatedActivityID=""></Correlation>
<Execution ProcessID="0" ThreadID="0"></Execution>
<Channel>Application</Channel>
<Computer>S200401.overwatch.htb</Computer>
<Security UserID=""></Security>
</System>
<EventData><Data></Data>
<Binary>zUIAAAoAAAATAAAAUwAyADAAMAA0ADAAMQBcAFMAUQBMAEUAWABQAFIARQBTAFMAAAAAAAAA</Binary>
</EventData>
</Event>

<Event xmlns="http://schemas.microsoft.com/win/2004/08/events/event"><System><Provider Name="MSSQL$SQLEXPRESS"></Provider>
<EventID Qualifiers="16384">17103</EventID>
<Version>0</Version>
<Level>4</Level>
<Task>2</Task>
<Opcode>0</Opcode>
<Keywords>0x0080000000000000</Keywords>
<TimeCreated SystemTime="2025-07-07 09:46:46.549475"></TimeCreated>
<EventRecordID>1409</EventRecordID>
<Correlation ActivityID="" RelatedActivityID=""></Correlation>
<Execution ProcessID="0" ThreadID="0"></Execution>
<Channel>Application</Channel>
<Computer>S200401.overwatch.htb</Computer>
<Security UserID=""></Security>
</System>
<EventData><Data></Data>
<Binary>z0IAAAoAAAATAAAAUwAyADAAMAA0ADAAMQBcAFMAUQBMAEUAWABQAFIARQBTAFMAAAAAAAAA</Binary>
</EventData>
</Event>

<Event xmlns="http://schemas.microsoft.com/win/2004/08/events/event"><System><Provider Name="MSSQL$SQLEXPRESS"></Provider>
<EventID Qualifiers="16384">17104</EventID>
<Version>0</Version>
<Level>4</Level>
<Task>2</Task>
<Opcode>0</Opcode>
<Keywords>0x0080000000000000</Keywords>
<TimeCreated SystemTime="2025-07-07 09:46:46.550474"></TimeCreated>
<EventRecordID>1410</EventRecordID>
<Correlation ActivityID="" RelatedActivityID=""></Correlation>
<Execution ProcessID="0" ThreadID="0"></Execution>
<Channel>Application</Channel>
<Computer>S200401.overwatch.htb</Computer>
<Security UserID=""></Security>
</System>
<EventData><Data>&lt;string&gt;7096&lt;/string&gt;
</Data>
<Binary>0EIAAAoAAAATAAAAUwAyADAAMAA0ADAAMQBcAFMAUQBMAEUAWABQAFIARQBTAFMAAAAAAAAA</Binary>
</EventData>
</Event>

<Event xmlns="http://schemas.microsoft.com/win/2004/08/events/event"><System><Provider Name="MSSQL$SQLEXPRESS"></Provider>
<EventID Qualifiers="16384">18496</EventID>
<Version>0</Version>
<Level>4</Level>
<Task>2</Task>
<Opcode>0</Opcode>
<Keywords>0x0080000000000000</Keywords>
<TimeCreated SystemTime="2025-07-07 09:46:46.550474"></TimeCreated>
<EventRecordID>1411</EventRecordID>
<Correlation ActivityID="" RelatedActivityID=""></Correlation>
<Execution ProcessID="0" ThreadID="0"></Execution>
<Channel>Application</Channel>
<Computer>S200401.overwatch.htb</Computer>
<Security UserID=""></Security>
</System>
<EventData><Data>&lt;string&gt;VMware, Inc.&lt;/string&gt;
&lt;string&gt;VMware20,1&lt;/string&gt;
</Data>
<Binary>QEgAAAoAAAATAAAAUwAyADAAMAA0ADAAMQBcAFMAUQBMAEUAWABQAFIARQBTAFMAAAAAAAAA</Binary>
</EventData>
</Event>

<Event xmlns="http://schemas.microsoft.com/win/2004/08/events/event"><System><Provider Name="MSSQL$SQLEXPRESS"></Provider>
<EventID Qualifiers="16384">15268</EventID>
<Version>0</Version>
<Level>4</Level>
<Task>2</Task>
<Opcode>0</Opcode>
<Keywords>0x0080000000000000</Keywords>
<TimeCreated SystemTime="2025-07-07 09:46:46.551474"></TimeCreated>
<EventRecordID>1412</EventRecordID>
<Correlation ActivityID="" RelatedActivityID=""></Correlation>
<Execution ProcessID="0" ThreadID="0"></Execution>
<Channel>Application</Channel>
<Computer>S200401.overwatch.htb</Computer>
<Security UserID=""></Security>
</System>
<EventData><Data>&lt;string&gt;WINDOWS-ONLY&lt;/string&gt;
</Data>
<Binary>pDsAAAoAAAATAAAAUwAyADAAMAA0ADAAMQBcAFMAUQBMAEUAWABQAFIARQBTAFMAAAAAAAAA</Binary>
</EventData>
</Event>

<Event xmlns="http://schemas.microsoft.com/win/2004/08/events/event"><System><Provider Name="MSSQL$SQLEXPRESS"></Provider>
<EventID Qualifiers="16384">17111</EventID>
<Version>0</Version>
<Level>4</Level>
<Task>2</Task>
<Opcode>0</Opcode>
<Keywords>0x0080000000000000</Keywords>
<TimeCreated SystemTime="2025-07-07 09:46:46.552473"></TimeCreated>
<EventRecordID>1413</EventRecordID>
<Correlation ActivityID="" RelatedActivityID=""></Correlation>
<Execution ProcessID="0" ThreadID="0"></Execution>
<Channel>Application</Channel>
<Computer>S200401.overwatch.htb</Computer>
<Security UserID=""></Security>
</System>
<EventData><Data>&lt;string&gt;C:\Program Files\Microsoft SQL Server\MSSQL16.SQLEXPRESS\MSSQL\Log\ERRORLOG&lt;/string&gt;
</Data>
<Binary>10IAAAoAAAATAAAAUwAyADAAMAA0ADAAMQBcAFMAUQBMAEUAWABQAFIARQBTAFMAAAAAAAAA</Binary>
</EventData>
</Event>

<Event xmlns="http://schemas.microsoft.com/win/2004/08/events/event"><System><Provider Name="MSSQL$SQLEXPRESS"></Provider>
<EventID Qualifiers="16384">49904</EventID>
<Version>0</Version>
<Level>4</Level>
<Task>2</Task>
<Opcode>0</Opcode>
<Keywords>0x0080000000000000</Keywords>
<TimeCreated SystemTime="2025-07-07 09:46:46.553473"></TimeCreated>
<EventRecordID>1414</EventRecordID>
<Correlation ActivityID="" RelatedActivityID=""></Correlation>
<Execution ProcessID="0" ThreadID="0"></Execution>
<Channel>Application</Channel>
<Computer>S200401.overwatch.htb</Computer>
<Security UserID=""></Security>
</System>
<EventData><Data>&lt;string&gt;NT Service\MSSQL$SQLEXPRESS&lt;/string&gt;
</Data>
<Binary>8MIAAAoAAAATAAAAUwAyADAAMAA0ADAAMQBcAFMAUQBMAEUAWABQAFIARQBTAFMAAAAAAAAA</Binary>
</EventData>
</Event>

<Event xmlns="http://schemas.microsoft.com/win/2004/08/events/event"><System><Provider Name="MSSQL$SQLEXPRESS"></Provider>
<EventID Qualifiers="16384">17110</EventID>
<Version>0</Version>
<Level>4</Level>
<Task>2</Task>
<Opcode>0</Opcode>
<Keywords>0x0080000000000000</Keywords>
<TimeCreated SystemTime="2025-07-07 09:46:46.553473"></TimeCreated>
<EventRecordID>1415</EventRecordID>
<Correlation ActivityID="" RelatedActivityID=""></Correlation>
<Execution ProcessID="0" ThreadID="0"></Execution>
<Channel>Application</Channel>
<Computer>S200401.overwatch.htb</Computer>
<Security UserID=""></Security>
</System>
<EventData><Data>&lt;string&gt;
	 -d C:\Program Files\Microsoft SQL Server\MSSQL16.SQLEXPRESS\MSSQL\DATA\master.mdf
	 -e C:\Program Files\Microsoft SQL Server\MSSQL16.SQLEXPRESS\MSSQL\Log\ERRORLOG
	 -l C:\Program Files\Microsoft SQL Server\MSSQL16.SQLEXPRESS\MSSQL\DATA\mastlog.ldf&lt;/string&gt;
</Data>
<Binary>1kIAAAoAAAATAAAAUwAyADAAMAA0ADAAMQBcAFMAUQBMAEUAWABQAFIARQBTAFMAAAAAAAAA</Binary>
</EventData>
</Event>

<Event xmlns="http://schemas.microsoft.com/win/2004/08/events/event"><System><Provider Name="MSSQL$SQLEXPRESS"></Provider>
<EventID Qualifiers="16384">17115</EventID>
<Version>0</Version>
<Level>4</Level>
<Task>2</Task>
<Opcode>0</Opcode>
<Keywords>0x0080000000000000</Keywords>
<TimeCreated SystemTime="2025-07-07 09:46:46.554474"></TimeCreated>
<EventRecordID>1416</EventRecordID>
<Correlation ActivityID="" RelatedActivityID=""></Correlation>
<Execution ProcessID="0" ThreadID="0"></Execution>
<Channel>Application</Channel>
<Computer>S200401.overwatch.htb</Computer>
<Security UserID=""></Security>
</System>
<EventData><Data>&lt;string&gt;
	 -s "SQLEXPRESS"&lt;/string&gt;
</Data>
<Binary>20IAAAoAAAATAAAAUwAyADAAMAA0ADAAMQBcAFMAUQBMAEUAWABQAFIARQBTAFMAAAAAAAAA</Binary>
</EventData>
</Event>

