{"TimeGenerated": "2025-08-13T11:11:08.541300Z", "EventID": {"#attributes": {"Qualifiers": 16384}, "#text": 7040}, "Computer": "DC01.garfield.htb", "RawEvent": {"#attributes": {"xmlns": "http://schemas.microsoft.com/win/2004/08/events/event"}, "System": {"Provider": {"#attributes": {"Name": "Service Control Manager", "Guid": "{555908d1-a6d7-4695-8e1e-26931d2012f4}", "EventSourceName": "Service Control Manager"}}, "EventID": {"#attributes": {"Qualifiers": 16384}, "#text": 7040}, "Version": 0, "Level": 4, "Task": 0, "Opcode": 0, "Keywords": "0x8080000000000000", "TimeCreated": {"#attributes": {"SystemTime": "2025-08-13T11:11:08.541300Z"}}, "EventRecordID": 1354, "Correlation": null, "Execution": {"#attributes": {"ProcessID": 720, "ThreadID": 3748}}, "Channel": "System", "Computer": "DC01.garfield.htb", "Security": {"#attributes": {"UserID": "S-1-5-18"}}}, "EventData": {"param1": "Windows Modules Installer", "param2": "auto start", "param3": "demand start", "param4": "TrustedInstaller"}}},
{"TimeGenerated": "2025-08-13T11:11:08.588189Z", "EventID": {"#attributes": {"Qualifiers": 16384}, "#text": 7036}, "Computer": "DC01.garfield.htb", "RawEvent": {"#attributes": {"xmlns": "http://schemas.microsoft.com/win/2004/08/events/event"}, "System": {"Provider": {"#attributes": {"Name": "Service Control Manager", "Guid": "{555908d1-a6d7-4695-8e1e-26931d2012f4}", "EventSourceName": "Service Control Manager"}}, "EventID": {"#attributes": {"Qualifiers": 16384}, "#text": 7036}, "Version": 0, "Level": 4, "Task": 0, "Opcode": 0, "Keywords": "0x8080000000000000", "TimeCreated": {"#attributes": {"SystemTime": "2025-08-13T11:11:08.588189Z"}}, "EventRecordID": 1355, "Correlation": null, "Execution": {"#attributes": {"ProcessID": 720, "ThreadID": 2304}}, "Channel": "System", "Computer": "DC01.garfield.htb", "Security": null}, "EventData": {"param1": "Connected Devices Platform User Service_6188f", "param2": "running", "Binary": "43004400500055007300650072005300760063005F00360031003800380066002F0034000000"}}},
{"TimeGenerated": "2025-08-13T11:11:08.619425Z", "EventID": {"#attributes": {"Qualifiers": 16384}, "#text": 7036}, "Computer": "DC01.garfield.htb", "RawEvent": {"#attributes": {"xmlns": "http://schemas.microsoft.com/win/2004/08/events/event"}, "System": {"Provider": {"#attributes": {"Name": "Service Control Manager", "Guid": "{555908d1-a6d7-4695-8e1e-26931d2012f4}", "EventSourceName": "Service Control Manager"}}, "EventID": {"#attributes": {"Qualifiers": 16384}, "#text": 7036}, "Version": 0, "Level": 4, "Task": 0, "Opcode": 0, "Keywords": "0x8080000000000000", "TimeCreated": {"#attributes": {"SystemTime": "2025-08-13T11:11:08.619425Z"}}, "EventRecordID": 1356, "Correlation": null, "Execution": {"#attributes": {"ProcessID": 720, "ThreadID": 4764}}, "Channel": "System", "Computer": "DC01.garfield.htb", "Security": null}, "EventData": {"param1": "Windows Push Notifications User Service_6188f", "param2": "running", "Binary": "570070006E00550073006500720053006500720076006900630065005F00360031003800380066002F0034000000"}}},
{"TimeGenerated": "2025-08-13T11:11:08.635072Z", "EventID": {"#attributes": {"Qualifiers": 16384}, "#text": 7036}, "Computer": "DC01.garfield.htb", "RawEvent": {"#attributes": {"xmlns": "http://schemas.microsoft.com/win/2004/08/events/event"}, "System": {"Provider": {"#attributes": {"Name": "Service Control Manager", "Guid": "{555908d1-a6d7-4695-8e1e-26931d2012f4}", "EventSourceName": "Service Control Manager"}}, "EventID": {"#attributes": {"Qualifiers": 16384}, "#text": 7036}, "Version": 0, "Level": 4, "Task": 0, "Opcode": 0, "Keywords": "0x8080000000000000", "TimeCreated": {"#attributes": {"SystemTime": "2025-08-13T11:11:08.635072Z"}}, "EventRecordID": 1357, "Correlation": null, "Execution": {"#attributes": {"ProcessID": 720, "ThreadID": 5064}}, "Channel": "System", "Computer": "DC01.garfield.htb", "Security": null}, "EventData": {"param1": "Microsoft Passport", "param2": "running", "Binary": "4E00670063005300760063002F0034000000"}}},
{"TimeGenerated": "2025-08-13T11:11:08.635072Z", "EventID": {"#attributes": {"Qualifiers": 16384}, "#text": 7036}, "Computer": "DC01.garfield.htb", "RawEvent": {"#attributes": {"xmlns": "http://schemas.microsoft.com/win/2004/08/events/event"}, "System": {"Provider": {"#attributes": {"Name": "Service Control Manager", "Guid": "{555908d1-a6d7-4695-8e1e-26931d2012f4}", "EventSourceName": "Service Control Manager"}}, "EventID": {"#attributes": {"Qualifiers": 16384}, "#text": 7036}, "Version": 0, "Level": 4, "Task": 0, "Opcode": 0, "Keywords": "0x8080000000000000", "TimeCreated": {"#attributes": {"SystemTime": "2025-08-13T11:11:08.635072Z"}}, "EventRecordID": 1358, "Correlation": null, "Execution": {"#attributes": {"ProcessID": 720, "ThreadID": 2304}}, "Channel": "System", "Computer": "DC01.garfield.htb", "Security": null}, "EventData": {"param1": "Web Account Manager", "param2": "running", "Binary": "54006F006B0065006E00420072006F006B00650072002F0034000000"}}},
{"TimeGenerated": "2025-08-13T11:11:08.698139Z", "EventID": {"#attributes": {"Qualifiers": 16384}, "#text": 7036}, "Computer": "DC01.garfield.htb", "RawEvent": {"#attributes": {"xmlns": "http://schemas.microsoft.com/win/2004/08/events/event"}, "System": {"Provider": {"#attributes": {"Name": "Service Control Manager", "Guid": "{555908d1-a6d7-4695-8e1e-26931d2012f4}", "EventSourceName": "Service Control Manager"}}, "EventID": {"#attributes": {"Qualifiers": 16384}, "#text": 7036}, "Version": 0, "Level": 4, "Task": 0, "Opcode": 0, "Keywords": "0x8080000000000000", "TimeCreated": {"#attributes": {"SystemTime": "2025-08-13T11:11:08.698139Z"}}, "EventRecordID": 1359, "Correlation": null, "Execution": {"#attributes": {"ProcessID": 720, "ThreadID": 3748}}, "Channel": "System", "Computer": "DC01.garfield.htb", "Security": null}, "EventData": {"param1": "Microsoft Passport Container", "param2": "running", "Binary": "4E0067006300430074006E0072005300760063002F0034000000"}}},
{"TimeGenerated": "2025-08-13T11:11:08.728874Z", "EventID": {"#attributes": {"Qualifiers": 16384}, "#text": 7036}, "Computer": "DC01.garfield.htb", "RawEvent": {"#attributes": {"xmlns": "http://schemas.microsoft.com/win/2004/08/events/event"}, "System": {"Provider": {"#attributes": {"Name": "Service Control Manager", "Guid": "{555908d1-a6d7-4695-8e1e-26931d2012f4}", "EventSourceName": "Service Control Manager"}}, "EventID": {"#attributes": {"Qualifiers": 16384}, "#text": 7036}, "Version": 0, "Level": 4, "Task": 0, "Opcode": 0, "Keywords": "0x8080000000000000", "TimeCreated": {"#attributes": {"SystemTime": "2025-08-13T11:11:08.728874Z"}}, "EventRecordID": 1360, "Correlation": null, "Execution": {"#attributes": {"ProcessID": 720, "ThreadID": 5064}}, "Channel": "System", "Computer": "DC01.garfield.htb", "Security": null}, "EventData": {"param1": "Touch Keyboard and Handwriting Panel Service", "param2": "running", "Binary": "5400610062006C006500740049006E0070007500740053006500720076006900630065002F0034000000"}}},
{"TimeGenerated": "2025-08-13T11:11:08.760834Z", "EventID": {"#attributes": {"Qualifiers": 16384}, "#text": 7036}, "Computer": "DC01.garfield.htb", "RawEvent": {"#attributes": {"xmlns": "http://schemas.microsoft.com/win/2004/08/events/event"}, "System": {"Provider": {"#attributes": {"Name": "Service Control Manager", "Guid": "{555908d1-a6d7-4695-8e1e-26931d2012f4}", "EventSourceName": "Service Control Manager"}}, "EventID": {"#attributes": {"Qualifiers": 16384}, "#text": 7036}, "Version": 0, "Level": 4, "Task": 0, "Opcode": 0, "Keywords": "0x8080000000000000", "TimeCreated": {"#attributes": {"SystemTime": "2025-08-13T11:11:08.760834Z"}}, "EventRecordID": 1361, "Correlation": null, "Execution": {"#attributes": {"ProcessID": 720, "ThreadID": 5064}}, "Channel": "System", "Computer": "DC01.garfield.htb", "Security": null}, "EventData": {"param1": "State Repository Service", "param2": "running", "Binary": "530074006100740065005200650070006F007300690074006F00720079002F0034000000"}}},
{"TimeGenerated": "2025-08-13T11:11:08.806928Z", "EventID": {"#attributes": {"Qualifiers": 16384}, "#text": 7036}, "Computer": "DC01.garfield.htb", "RawEvent": {"#attributes": {"xmlns": "http://schemas.microsoft.com/win/2004/08/events/event"}, "System": {"Provider": {"#attributes": {"Name": "Service Control Manager", "Guid": "{555908d1-a6d7-4695-8e1e-26931d2012f4}", "EventSourceName": "Service Control Manager"}}, "EventID": {"#attributes": {"Qualifiers": 16384}, "#text": 7036}, "Version": 0, "Level": 4, "Task": 0, "Opcode": 0, "Keywords": "0x8080000000000000", "TimeCreated": {"#attributes": {"SystemTime": "2025-08-13T11:11:08.806928Z"}}, "EventRecordID": 1362, "Correlation": null, "Execution": {"#attributes": {"ProcessID": 720, "ThreadID": 5064}}, "Channel": "System", "Computer": "DC01.garfield.htb", "Security": null}, "EventData": {"param1": "AppX Deployment Service (AppXSVC)", "param2": "running", "Binary": "41007000700058005300760063002F0034000000"}}},
{"TimeGenerated": "2025-08-13T11:11:08.900715Z", "EventID": {"#attributes": {"Qualifiers": 16384}, "#text": 7040}, "Computer": "DC01.garfield.htb", "RawEvent": {"#attributes": {"xmlns": "http://schemas.microsoft.com/win/2004/08/events/event"}, "System": {"Provider": {"#attributes": {"Name": "Service Control Manager", "Guid": "{555908d1-a6d7-4695-8e1e-26931d2012f4}", "EventSourceName": "Service Control Manager"}}, "EventID": {"#attributes": {"Qualifiers": 16384}, "#text": 7040}, "Version": 0, "Level": 4, "Task": 0, "Opcode": 0, "Keywords": "0x8080000000000000", "TimeCreated": {"#attributes": {"SystemTime": "2025-08-13T11:11:08.900715Z"}}, "EventRecordID": 1363, "Correlation": null, "Execution": {"#attributes": {"ProcessID": 720, "ThreadID": 5064}}, "Channel": "System", "Computer": "DC01.garfield.htb", "Security": {"#attributes": {"UserID": "S-1-5-21-2502726253-3859040611-225969357-500"}}}, "EventData": {"param1": "Encrypting File System (EFS)", "param2": "auto start", "param3": "demand start", "param4": "EFS"}}},
{"TimeGenerated": "2025-08-13T11:11:09.028631Z", "EventID": 1058, "Computer": "DC01.garfield.htb", "RawEvent": {"#attributes": {"xmlns": "http://schemas.microsoft.com/win/2004/08/events/event"}, "System": {"Provider": {"#attributes": {"Name": "Microsoft-Windows-GroupPolicy", "Guid": "AEA1B4FA-97D1-45F2-A64C-4D69FFFD92C9"}}, "EventID": 1058, "Version": 0, "Level": 2, "Task": 0, "Opcode": 1, "Keywords": "0x8000000000000000", "TimeCreated": {"#attributes": {"SystemTime": "2025-08-13T11:11:09.028631Z"}}, "EventRecordID": 1364, "Correlation": {"#attributes": {"ActivityID": "A505FF89-51A9-4DD9-AD4A-C09E8E89882E"}}, "Execution": {"#attributes": {"ProcessID": 1616, "ThreadID": 4440}}, "Channel": "System", "Computer": "DC01.garfield.htb", "Security": {"#attributes": {"UserID": "S-1-5-18"}}}, "EventData": {"SupportInfo1": 4, "SupportInfo2": 912, "ProcessingMode": 0, "ProcessingTimeInMilliseconds": 125, "ErrorCode": 0, "ErrorDescription": "The operation completed successfully. ", "DCName": "\\\\DC01.garfield.htb", "GPOCNName": "CN={31B2F340-016D-11D2-945F-00C04FB984F9},CN=Policies,CN=System,DC=garfield,DC=htb", "FilePath": "\\\\garfield.htb\\sysvol\\garfield.htb\\Policies\\{31B2F340-016D-11D2-945F-00C04FB984F9}\\gpt.ini"}}},
{"TimeGenerated": "2025-08-13T11:11:09.029014Z", "EventID": 1500, "Computer": "DC01.garfield.htb", "RawEvent": {"#attributes": {"xmlns": "http://schemas.microsoft.com/win/2004/08/events/event"}, "System": {"Provider": {"#attributes": {"Name": "Microsoft-Windows-GroupPolicy", "Guid": "AEA1B4FA-97D1-45F2-A64C-4D69FFFD92C9"}}, "EventID": 1500, "Version": 0, "Level": 4, "Task": 0, "Opcode": 1, "Keywords": "0x8000000000000000", "TimeCreated": {"#attributes": {"SystemTime": "2025-08-13T11:11:09.029014Z"}}, "EventRecordID": 1365, "Correlation": {"#attributes": {"ActivityID": "A505FF89-51A9-4DD9-AD4A-C09E8E89882E"}}, "Execution": {"#attributes": {"ProcessID": 1616, "ThreadID": 4440}}, "Channel": "System", "Computer": "DC01.garfield.htb", "Security": {"#attributes": {"UserID": "S-1-5-18"}}}, "EventData": {"SupportInfo1": 1, "SupportInfo2": 4232, "ProcessingMode": 0, "ProcessingTimeInMilliseconds": 125, "DCName": "\\\\DC01.garfield.htb"}}},
{"TimeGenerated": "2025-08-13T11:11:14.935156Z", "EventID": {"#attributes": {"Qualifiers": 16384}, "#text": 7036}, "Computer": "DC01.garfield.htb", "RawEvent": {"#attributes": {"xmlns": "http://schemas.microsoft.com/win/2004/08/events/event"}, "System": {"Provider": {"#attributes": {"Name": "Service Control Manager", "Guid": "{555908d1-a6d7-4695-8e1e-26931d2012f4}", "EventSourceName": "Service Control Manager"}}, "EventID": {"#attributes": {"Qualifiers": 16384}, "#text": 7036}, "Version": 0, "Level": 4, "Task": 0, "Opcode": 0, "Keywords": "0x8080000000000000", "TimeCreated": {"#attributes": {"SystemTime": "2025-08-13T11:11:14.935156Z"}}, "EventRecordID": 1366, "Correlation": null, "Execution": {"#attributes": {"ProcessID": 720, "ThreadID": 4764}}, "Channel": "System", "Computer": "DC01.garfield.htb", "Security": null}, "EventData": {"param1": "Network Setup Service", "param2": "running", "Binary": "4E0065007400530065007400750070005300760063002F0034000000"}}},
{"TimeGenerated": "2025-08-13T11:12:47.898215Z", "EventID": {"#attributes": {"Qualifiers": 16384}, "#text": 7036}, "Computer": "DC01.garfield.htb", "RawEvent": {"#attributes": {"xmlns": "http://schemas.microsoft.com/win/2004/08/events/event"}, "System": {"Provider": {"#attributes": {"Name": "Service Control Manager", "Guid": "{555908d1-a6d7-4695-8e1e-26931d2012f4}", "EventSourceName": "Service Control Manager"}}, "EventID": {"#attributes": {"Qualifiers": 16384}, "#text": 7036}, "Version": 0, "Level": 4, "Task": 0, "Opcode": 0, "Keywords": "0x8080000000000000", "TimeCreated": {"#attributes": {"SystemTime": "2025-08-13T11:12:47.898215Z"}}, "EventRecordID": 1367, "Correlation": null, "Execution": {"#attributes": {"ProcessID": 720, "ThreadID": 5064}}, "Channel": "System", "Computer": "DC01.garfield.htb", "Security": null}, "EventData": {"param1": "Network Setup Service", "param2": "stopped", "Binary": "4E0065007400530065007400750070005300760063002F0031000000"}}},
{"TimeGenerated": "2025-08-13T11:13:29.752795Z", "EventID": {"#attributes": {"Qualifiers": 16384}, "#text": 7036}, "Computer": "DC01.garfield.htb", "RawEvent": {"#attributes": {"xmlns": "http://schemas.microsoft.com/win/2004/08/events/event"}, "System": {"Provider": {"#attributes": {"Name": "Service Control Manager", "Guid": "{555908d1-a6d7-4695-8e1e-26931d2012f4}", "EventSourceName": "Service Control Manager"}}, "EventID": {"#attributes": {"Qualifiers": 16384}, "#text": 7036}, "Version": 0, "Level": 4, "Task": 0, "Opcode": 0, "Keywords": "0x8080000000000000", "TimeCreated": {"#attributes": {"SystemTime": "2025-08-13T11:13:29.752795Z"}}, "EventRecordID": 1368, "Correlation": null, "Execution": {"#attributes": {"ProcessID": 720, "ThreadID": 5064}}, "Channel": "System", "Computer": "DC01.garfield.htb", "Security": null}, "EventData": {"param1": "Windows Modules Installer", "param2": "stopped", "Binary": "540072007500730074006500640049006E007300740061006C006C00650072002F0031000000"}}},
{"TimeGenerated": "2025-08-13T11:13:33.809006Z", "EventID": {"#attributes": {"Qualifiers": 16384}, "#text": 7036}, "Computer": "DC01.garfield.htb", "RawEvent": {"#attributes": {"xmlns": "http://schemas.microsoft.com/win/2004/08/events/event"}, "System": {"Provider": {"#attributes": {"Name": "Service Control Manager", "Guid": "{555908d1-a6d7-4695-8e1e-26931d2012f4}", "EventSourceName": "Service Control Manager"}}, "EventID": {"#attributes": {"Qualifiers": 16384}, "#text": 7036}, "Version": 0, "Level": 4, "Task": 0, "Opcode": 0, "Keywords": "0x8080000000000000", "TimeCreated": {"#attributes": {"SystemTime": "2025-08-13T11:13:33.809006Z"}}, "EventRecordID": 1369, "Correlation": null, "Execution": {"#attributes": {"ProcessID": 720, "ThreadID": 5064}}, "Channel": "System", "Computer": "DC01.garfield.htb", "Security": null}, "EventData": {"param1": "Microsoft Passport", "param2": "stopped", "Binary": "4E00670063005300760063002F0031000000"}}},
{"TimeGenerated": "2025-08-13T11:14:08.568898Z", "EventID": {"#attributes": {"Qualifiers": 16384}, "#text": 7036}, "Computer": "DC01.garfield.htb", "RawEvent": {"#attributes": {"xmlns": "http://schemas.microsoft.com/win/2004/08/events/event"}, "System": {"Provider": {"#attributes": {"Name": "Service Control Manager", "Guid": "{555908d1-a6d7-4695-8e1e-26931d2012f4}", "EventSourceName": "Service Control Manager"}}, "EventID": {"#attributes": {"Qualifiers": 16384}, "#text": 7036}, "Version": 0, "Level": 4, "Task": 0, "Opcode": 0, "Keywords": "0x8080000000000000", "TimeCreated": {"#attributes": {"SystemTime": "2025-08-13T11:14:08.568898Z"}}, "EventRecordID": 1370, "Correlation": null, "Execution": {"#attributes": {"ProcessID": 720, "ThreadID": 5064}}, "Channel": "System", "Computer": "DC01.garfield.htb", "Security": null}, "EventData": {"param1": "Volume Shadow Copy", "param2": "stopped", "Binary": "5600530053002F0031000000"}}},
{"TimeGenerated": "2025-08-13T11:15:24.791147Z", "EventID": {"#attributes": {"Qualifiers": 16384}, "#text": 7036}, "Computer": "DC01.garfield.htb", "RawEvent": {"#attributes": {"xmlns": "http://schemas.microsoft.com/win/2004/08/events/event"}, "System": {"Provider": {"#attributes": {"Name": "Service Control Manager", "Guid": "{555908d1-a6d7-4695-8e1e-26931d2012f4}", "EventSourceName": "Service Control Manager"}}, "EventID": {"#attributes": {"Qualifiers": 16384}, "#text": 7036}, "Version": 0, "Level": 4, "Task": 0, "Opcode": 0, "Keywords": "0x8080000000000000", "TimeCreated": {"#attributes": {"SystemTime": "2025-08-13T11:15:24.791147Z"}}, "EventRecordID": 1371, "Correlation": null, "Execution": {"#attributes": {"ProcessID": 720, "ThreadID": 4764}}, "Channel": "System", "Computer": "DC01.garfield.htb", "Security": null}, "EventData": {"param1": "AVCTP service", "param2": "running", "Binary": "420074006800410076006300740070005300760063002F0034000000"}}},
{"TimeGenerated": "2025-08-13T11:15:25.854188Z", "EventID": {"#attributes": {"Qualifiers": 16384}, "#text": 7036}, "Computer": "DC01.garfield.htb", "RawEvent": {"#attributes": {"xmlns": "http://schemas.microsoft.com/win/2004/08/events/event"}, "System": {"Provider": {"#attributes": {"Name": "Service Control Manager", "Guid": "{555908d1-a6d7-4695-8e1e-26931d2012f4}", "EventSourceName": "Service Control Manager"}}, "EventID": {"#attributes": {"Qualifiers": 16384}, "#text": 7036}, "Version": 0, "Level": 4, "Task": 0, "Opcode": 0, "Keywords": "0x8080000000000000", "TimeCreated": {"#attributes": {"SystemTime": "2025-08-13T11:15:25.854188Z"}}, "EventRecordID": 1372, "Correlation": null, "Execution": {"#attributes": {"ProcessID": 720, "ThreadID": 4764}}, "Channel": "System", "Computer": "DC01.garfield.htb", "Security": null}, "EventData": {"param1": "Capability Access Manager Service", "param2": "running", "Binary": "630061006D007300760063002F0034000000"}}},
{"TimeGenerated": "2025-08-13T11:15:26.012734Z", "EventID": {"#attributes": {"Qualifiers": 16384}, "#text": 7036}, "Computer": "DC01.garfield.htb", "RawEvent": {"#attributes": {"xmlns": "http://schemas.microsoft.com/win/2004/08/events/event"}, "System": {"Provider": {"#attributes": {"Name": "Service Control Manager", "Guid": "{555908d1-a6d7-4695-8e1e-26931d2012f4}", "EventSourceName": "Service Control Manager"}}, "EventID": {"#attributes": {"Qualifiers": 16384}, "#text": 7036}, "Version": 0, "Level": 4, "Task": 0, "Opcode": 0, "Keywords": "0x8080000000000000", "TimeCreated": {"#attributes": {"SystemTime": "2025-08-13T11:15:26.012734Z"}}, "EventRecordID": 1373, "Correlation": null, "Execution": {"#attributes": {"ProcessID": 720, "ThreadID": 4764}}, "Channel": "System", "Computer": "DC01.garfield.htb", "Security": null}, "EventData": {"param1": "Windows Biometric Service", "param2": "running", "Binary": "5700620069006F0053007200760063002F0034000000"}}},
{"TimeGenerated": "2025-08-13T11:15:41.647257Z", "EventID": {"#attributes": {"Qualifiers": 16384}, "#text": 7036}, "Computer": "DC01.garfield.htb", "RawEvent": {"#attributes": {"xmlns": "http://schemas.microsoft.com/win/2004/08/events/event"}, "System": {"Provider": {"#attributes": {"Name": "Service Control Manager", "Guid": "{555908d1-a6d7-4695-8e1e-26931d2012f4}", "EventSourceName": "Service Control Manager"}}, "EventID": {"#attributes": {"Qualifiers": 16384}, "#text": 7036}, "Version": 0, "Level": 4, "Task": 0, "Opcode": 0, "Keywords": "0x8080000000000000", "TimeCreated": {"#attributes": {"SystemTime": "2025-08-13T11:15:41.647257Z"}}, "EventRecordID": 1374, "Correlation": null, "Execution": {"#attributes": {"ProcessID": 720, "ThreadID": 4652}}, "Channel": "System", "Computer": "DC01.garfield.htb", "Security": null}, "EventData": {"param1": "Network Setup Service", "param2": "running", "Binary": "4E0065007400530065007400750070005300760063002F0034000000"}}},
{"TimeGenerated": "2025-08-13T11:15:41.662970Z", "EventID": {"#attributes": {"Qualifiers": 16384}, "#text": 7036}, "Computer": "DC01.garfield.htb", "RawEvent": {"#attributes": {"xmlns": "http://schemas.microsoft.com/win/2004/08/events/event"}, "System": {"Provider": {"#attributes": {"Name": "Service Control Manager", "Guid": "{555908d1-a6d7-4695-8e1e-26931d2012f4}", "EventSourceName": "Service Control Manager"}}, "EventID": {"#attributes": {"Qualifiers": 16384}, "#text": 7036}, "Version": 0, "Level": 4, "Task": 0, "Opcode": 0, "Keywords": "0x8080000000000000", "TimeCreated": {"#attributes": {"SystemTime": "2025-08-13T11:15:41.662970Z"}}, "EventRecordID": 1375, "Correlation": null, "Execution": {"#attributes": {"ProcessID": 720, "ThreadID": 4764}}, "Channel": "System", "Computer": "DC01.garfield.htb", "Security": null}, "EventData": {"param1": "Device Install Service", "param2": "running", "Binary": "44006500760069006300650049006E007300740061006C006C002F0034000000"}}},
{"TimeGenerated": "2025-08-13T11:15:41.678534Z", "EventID": {"#attributes": {"Qualifiers": 16384}, "#text": 7036}, "Computer": "DC01.garfield.htb", "RawEvent": {"#attributes": {"xmlns": "http://schemas.microsoft.com/win/2004/08/events/event"}, "System": {"Provider": {"#attributes": {"Name": "Service Control Manager", "Guid": "{555908d1-a6d7-4695-8e1e-26931d2012f4}", "EventSourceName": "Service Control Manager"}}, "EventID": {"#attributes": {"Qualifiers": 16384}, "#text": 7036}, "Version": 0, "Level": 4, "Task": 0, "Opcode": 0, "Keywords": "0x8080000000000000", "TimeCreated": {"#attributes": {"SystemTime": "2025-08-13T11:15:41.678534Z"}}, "EventRecordID": 1376, "Correlation": null, "Execution": {"#attributes": {"ProcessID": 720, "ThreadID": 4764}}, "Channel": "System", "Computer": "DC01.garfield.htb", "Security": null}, "EventData": {"param1": "Device Setup Manager", "param2": "running", "Binary": "440073006D005300760063002F0034000000"}}},
{"TimeGenerated": "2025-08-13T11:15:41.725489Z", "EventID": {"#attributes": {"Qualifiers": 16384}, "#text": 7045}, "Computer": "DC01.garfield.htb", "RawEvent": {"#attributes": {"xmlns": "http://schemas.microsoft.com/win/2004/08/events/event"}, "System": {"Provider": {"#attributes": {"Name": "Service Control Manager", "Guid": "{555908d1-a6d7-4695-8e1e-26931d2012f4}", "EventSourceName": "Service Control Manager"}}, "EventID": {"#attributes": {"Qualifiers": 16384}, "#text": 7045}, "Version": 0, "Level": 4, "Task": 0, "Opcode": 0, "Keywords": "0x8080000000000000", "TimeCreated": {"#attributes": {"SystemTime": "2025-08-13T11:15:41.725489Z"}}, "EventRecordID": 1377, "Correlation": null, "Execution": {"#attributes": {"ProcessID": 720, "ThreadID": 4764}}, "Channel": "System", "Computer": "DC01.garfield.htb", "Security": {"#attributes": {"UserID": "S-1-5-18"}}}, "EventData": {"ServiceName": "VMSMP", "ImagePath": "\\SystemRoot\\System32\\drivers\\vmswitch.sys", "ServiceType": "kernel mode driver", "StartType": "demand start", "AccountName": ""}}},
{"TimeGenerated": "2025-08-13T11:15:41.754221Z", "EventID": 20001, "Computer": "DC01.garfield.htb", "RawEvent": {"#attributes": {"xmlns": "http://schemas.microsoft.com/win/2004/08/events/event"}, "System": {"Provider": {"#attributes": {"Name": "Microsoft-Windows-UserPnp", "Guid": "96F4A050-7E31-453C-88BE-9634F4E02139"}}, "EventID": 20001, "Version": 0, "Level": 4, "Task": 7005, "Opcode": 0, "Keywords": "0x8000000000000000", "TimeCreated": {"#attributes": {"SystemTime": "2025-08-13T11:15:41.754221Z"}}, "EventRecordID": 1378, "Correlation": null, "Execution": {"#attributes": {"ProcessID": 2816, "ThreadID": 4236}}, "Channel": "System", "Computer": "DC01.garfield.htb", "Security": {"#attributes": {"UserID": "S-1-5-18"}}}, "UserData": {"InstallDeviceID": {"#attributes": {"xmlns": "http://manifests.microsoft.com/win/2004/08/windows/userpnp"}, "DriverName": "wvms_mp.inf_amd64_e6b2877c7a8a55c7", "DriverVersion": "10.0.17763.1", "DriverProvider": "Microsoft", "DeviceInstanceID": "ROOT\\VMS_VSMP\\0000", "SetupClass": "4D36E972-E325-11CE-BFC1-08002BE10318", "RebootOption": false, "UpgradeDevice": true, "IsDriverOEM": false, "InstallStatus": "0x0", "DriverDescription": "Hyper-V Virtual Switch Extension Adapter"}}}},
{"TimeGenerated": "2025-08-13T11:15:42.207563Z", "EventID": 233, "Computer": "DC01.garfield.htb", "RawEvent": {"#attributes": {"xmlns": "http://schemas.microsoft.com/win/2004/08/events/event"}, "System": {"Provider": {"#attributes": {"Name": "Microsoft-Windows-Hyper-V-VmSwitch", "Guid": "67DC0D66-3695-47C0-9642-33F76F7BD7AD"}}, "EventID": 233, "Version": 0, "Level": 4, "Task": 0, "Opcode": 0, "Keywords": "0x8000000000000080", "TimeCreated": {"#attributes": {"SystemTime": "2025-08-13T11:15:42.207563Z"}}, "EventRecordID": 1379, "Correlation": null, "Execution": {"#attributes": {"ProcessID": 3132, "ThreadID": 456}}, "Channel": "System", "Computer": "DC01.garfield.htb", "Security": null}, "EventData": {"NicNameLen": 36, "NicName": "0534BEE7-2099-4A5F-AF55-C35AAC398520", "NicFNameLen": 8, "NicFName": "Switch01", "Operation": 7}}},
{"TimeGenerated": "2025-08-13T11:15:42.207569Z", "EventID": 232, "Computer": "DC01.garfield.htb", "RawEvent": {"#attributes": {"xmlns": "http://schemas.microsoft.com/win/2004/08/events/event"}, "System": {"Provider": {"#attributes": {"Name": "Microsoft-Windows-Hyper-V-VmSwitch", "Guid": "67DC0D66-3695-47C0-9642-33F76F7BD7AD"}}, "EventID": 232, "Version": 0, "Level": 4, "Task": 0, "Opcode": 0, "Keywords": "0x8000000000000080", "TimeCreated": {"#attributes": {"SystemTime": "2025-08-13T11:15:42.207569Z"}}, "EventRecordID": 1380, "Correlation": null, "Execution": {"#attributes": {"ProcessID": 3132, "ThreadID": 456}}, "Channel": "System", "Computer": "DC01.garfield.htb", "Security": {"#attributes": {"UserID": "S-1-5-18"}}}, "EventData": {"NicNameLen": 36, "NicName": "0534BEE7-2099-4A5F-AF55-C35AAC398520", "NicFNameLen": 8, "NicFName": "Switch01", "PortNameLen": 36, "PortName": "0534BEE7-2099-4A5F-AF55-C35AAC398520", "PortFNameLen": 8, "PortFName": "Switch01", "SwitchNameLen": 36, "SwitchName": "0534BEE7-2099-4A5F-AF55-C35AAC398520", "SwitchFNameLen": 8, "SwitchFName": "Switch01"}}},
{"TimeGenerated": "2025-08-13T11:15:42.207596Z", "EventID": 9, "Computer": "DC01.garfield.htb", "RawEvent": {"#attributes": {"xmlns": "http://schemas.microsoft.com/win/2004/08/events/event"}, "System": {"Provider": {"#attributes": {"Name": "Microsoft-Windows-Hyper-V-VmSwitch", "Guid": "67DC0D66-3695-47C0-9642-33F76F7BD7AD"}}, "EventID": 9, "Version": 0, "Level": 4, "Task": 1005, "Opcode": 0, "Keywords": "0x8000000000000080", "TimeCreated": {"#attributes": {"SystemTime": "2025-08-13T11:15:42.207596Z"}}, "EventRecordID": 1381, "Correlation": null, "Execution": {"#attributes": {"ProcessID": 3132, "ThreadID": 456}}, "Channel": "System", "Computer": "DC01.garfield.htb", "Security": {"#attributes": {"UserID": "S-1-5-18"}}}, "EventData": {"SwitchNameLen": 36, "SwitchName": "0534BEE7-2099-4A5F-AF55-C35AAC398520", "SwitchFNameLen": 8, "SwitchFName": "Switch01", "Flags": 32, "OwnerService": 0}}},
{"TimeGenerated": "2025-08-13T11:15:42.414157Z", "EventID": 264, "Computer": "DC01.garfield.htb", "RawEvent": {"#attributes": {"xmlns": "http://schemas.microsoft.com/win/2004/08/events/event"}, "System": {"Provider": {"#attributes": {"Name": "Microsoft-Windows-Hyper-V-VmSwitch", "Guid": "67DC0D66-3695-47C0-9642-33F76F7BD7AD"}}, "EventID": 264, "Version": 0, "Level": 4, "Task": 0, "Opcode": 0, "Keywords": "0x8000000000000080", "TimeCreated": {"#attributes": {"SystemTime": "2025-08-13T11:15:42.414157Z"}}, "EventRecordID": 1382, "Correlation": null, "Execution": {"#attributes": {"ProcessID": 3132, "ThreadID": 5704}}, "Channel": "System", "Computer": "DC01.garfield.htb", "Security": {"#attributes": {"UserID": "S-1-5-18"}}}, "EventData": {"PortNameLen": 36, "PortName": "1057A109-6563-4208-AE16-B1FFFEEF18B9", "PortFNameLen": 8, "PortFName": "Switch01", "SwitchNameLen": 36, "SwitchName": "0534BEE7-2099-4A5F-AF55-C35AAC398520", "SwitchFNameLen": 8, "SwitchFName": "Switch01", "Flags": 1, "OwnerService": 0}}},
{"TimeGenerated": "2025-08-13T11:15:42.456255Z", "EventID": {"#attributes": {"Qualifiers": 16384}, "#text": 7045}, "Computer": "DC01.garfield.htb", "RawEvent": {"#attributes": {"xmlns": "http://schemas.microsoft.com/win/2004/08/events/event"}, "System": {"Provider": {"#attributes": {"Name": "Service Control Manager", "Guid": "{555908d1-a6d7-4695-8e1e-26931d2012f4}", "EventSourceName": "Service Control Manager"}}, "EventID": {"#attributes": {"Qualifiers": 16384}, "#text": 7045}, "Version": 0, "Level": 4, "Task": 0, "Opcode": 0, "Keywords": "0x8080000000000000", "TimeCreated": {"#attributes": {"SystemTime": "2025-08-13T11:15:42.456255Z"}}, "EventRecordID": 1383, "Correlation": null, "Execution": {"#attributes": {"ProcessID": 720, "ThreadID": 4652}}, "Channel": "System", "Computer": "DC01.garfield.htb", "Security": {"#attributes": {"UserID": "S-1-5-18"}}}, "EventData": {"ServiceName": "VMSNPXYMP", "ImagePath": "\\SystemRoot\\System32\\drivers\\VmsProxyHNic.sys", "ServiceType": "kernel mode driver", "StartType": "demand start", "AccountName": ""}}},
{"TimeGenerated": "2025-08-13T11:15:42.479629Z", "EventID": 20001, "Computer": "DC01.garfield.htb", "RawEvent": {"#attributes": {"xmlns": "http://schemas.microsoft.com/win/2004/08/events/event"}, "System": {"Provider": {"#attributes": {"Name": "Microsoft-Windows-UserPnp", "Guid": "96F4A050-7E31-453C-88BE-9634F4E02139"}}, "EventID": 20001, "Version": 0, "Level": 4, "Task": 7005, "Opcode": 0, "Keywords": "0x8000000000000000", "TimeCreated": {"#attributes": {"SystemTime": "2025-08-13T11:15:42.479629Z"}}, "EventRecordID": 1384, "Correlation": null, "Execution": {"#attributes": {"ProcessID": 1704, "ThreadID": 1752}}, "Channel": "System", "Computer": "DC01.garfield.htb", "Security": {"#attributes": {"UserID": "S-1-5-18"}}}, "UserData": {"InstallDeviceID": {"#attributes": {"xmlns": "http://manifests.microsoft.com/win/2004/08/windows/userpnp"}, "DriverName": "wvms_mp.inf_amd64_e6b2877c7a8a55c7", "DriverVersion": "10.0.17763.1", "DriverProvider": "Microsoft", "DeviceInstanceID": "ROOT\\VMS_MP\\0000", "SetupClass": "4D36E972-E325-11CE-BFC1-08002BE10318", "RebootOption": false, "UpgradeDevice": true, "IsDriverOEM": false, "InstallStatus": "0x0", "DriverDescription": "Hyper-V Virtual Ethernet Adapter"}}}},
{"TimeGenerated": "2025-08-13T11:15:42.964188Z", "EventID": 233, "Computer": "DC01.garfield.htb", "RawEvent": {"#attributes": {"xmlns": "http://schemas.microsoft.com/win/2004/08/events/event"}, "System": {"Provider": {"#attributes": {"Name": "Microsoft-Windows-Hyper-V-VmSwitch", "Guid": "67DC0D66-3695-47C0-9642-33F76F7BD7AD"}}, "EventID": 233, "Version": 0, "Level": 4, "Task": 0, "Opcode": 0, "Keywords": "0x8000000000000080", "TimeCreated": {"#attributes": {"SystemTime": "2025-08-13T11:15:42.964188Z"}}, "EventRecordID": 1385, "Correlation": null, "Execution": {"#attributes": {"ProcessID": 3132, "ThreadID": 5704}}, "Channel": "System", "Computer": "DC01.garfield.htb", "Security": null}, "EventData": {"NicNameLen": 36, "NicName": "24FF2E60-9302-4E8A-B618-BC70E47F66D1", "NicFNameLen": 8, "NicFName": "Switch01", "Operation": 7}}},
{"TimeGenerated": "2025-08-13T11:15:42.964320Z", "EventID": 7, "Computer": "DC01.garfield.htb", "RawEvent": {"#attributes": {"xmlns": "http://schemas.microsoft.com/win/2004/08/events/event"}, "System": {"Provider": {"#attributes": {"Name": "Microsoft-Windows-Hyper-V-VmSwitch", "Guid": "67DC0D66-3695-47C0-9642-33F76F7BD7AD"}}, "EventID": 7, "Version": 0, "Level": 4, "Task": 1004, "Opcode": 0, "Keywords": "0x8000000000000080", "TimeCreated": {"#attributes": {"SystemTime": "2025-08-13T11:15:42.964320Z"}}, "EventRecordID": 1386, "Correlation": null, "Execution": {"#attributes": {"ProcessID": 3132, "ThreadID": 5704}}, "Channel": "System", "Computer": "DC01.garfield.htb", "Security": {"#attributes": {"UserID": "S-1-5-18"}}}, "EventData": {"NicNameLen": 36, "NicName": "24FF2E60-9302-4E8A-B618-BC70E47F66D1", "NicFNameLen": 8, "NicFName": "Switch01"}}},
{"TimeGenerated": "2025-08-13T11:15:42.989293Z", "EventID": 232, "Computer": "DC01.garfield.htb", "RawEvent": {"#attributes": {"xmlns": "http://schemas.microsoft.com/win/2004/08/events/event"}, "System": {"Provider": {"#attributes": {"Name": "Microsoft-Windows-Hyper-V-VmSwitch", "Guid": "67DC0D66-3695-47C0-9642-33F76F7BD7AD"}}, "EventID": 232, "Version": 0, "Level": 4, "Task": 0, "Opcode": 0, "Keywords": "0x8000000000000080", "TimeCreated": {"#attributes": {"SystemTime": "2025-08-13T11:15:42.989293Z"}}, "EventRecordID": 1387, "Correlation": null, "Execution": {"#attributes": {"ProcessID": 3132, "ThreadID": 5704}}, "Channel": "System", "Computer": "DC01.garfield.htb", "Security": {"#attributes": {"UserID": "S-1-5-18"}}}, "EventData": {"NicNameLen": 36, "NicName": "24FF2E60-9302-4E8A-B618-BC70E47F66D1", "NicFNameLen": 8, "NicFName": "Switch01", "PortNameLen": 36, "PortName": "1057A109-6563-4208-AE16-B1FFFEEF18B9", "PortFNameLen": 8, "PortFName": "Switch01", "SwitchNameLen": 36, "SwitchName": "0534BEE7-2099-4A5F-AF55-C35AAC398520", "SwitchFNameLen": 8, "SwitchFName": "Switch01"}}},
{"TimeGenerated": "2025-08-13T11:15:44.332116Z", "EventID": 12, "Computer": "DC01.garfield.htb", "RawEvent": {"#attributes": {"xmlns": "http://schemas.microsoft.com/win/2004/08/events/event"}, "System": {"Provider": {"#attributes": {"Name": "Microsoft-Windows-Time-Service", "Guid": "06EDCFEB-0FD0-4E53-ACCA-A6F8BBF81BCB"}}, "EventID": 12, "Version": 0, "Level": 3, "Task": 0, "Opcode": 0, "Keywords": "0x8000000000000000", "TimeCreated": {"#attributes": {"SystemTime": "2025-08-13T11:15:44.332116Z"}}, "EventRecordID": 1388, "Correlation": null, "Execution": {"#attributes": {"ProcessID": 1200, "ThreadID": 1368}}, "Channel": "System", "Computer": "DC01.garfield.htb", "Security": {"#attributes": {"UserID": "S-1-5-19"}}}, "EventData": {"#attributes": {"Name": "TMP_EVENT_DOMAIN_HIERARCHY_ROOT"}}}},
{"TimeGenerated": "2025-08-13T11:15:51.719510Z", "EventID": {"#attributes": {"Qualifiers": 16384}, "#text": 7036}, "Computer": "DC01.garfield.htb", "RawEvent": {"#attributes": {"xmlns": "http://schemas.microsoft.com/win/2004/08/events/event"}, "System": {"Provider": {"#attributes": {"Name": "Service Control Manager", "Guid": "{555908d1-a6d7-4695-8e1e-26931d2012f4}", "EventSourceName": "Service Control Manager"}}, "EventID": {"#attributes": {"Qualifiers": 16384}, "#text": 7036}, "Version": 0, "Level": 4, "Task": 0, "Opcode": 0, "Keywords": "0x8080000000000000", "TimeCreated": {"#attributes": {"SystemTime": "2025-08-13T11:15:51.719510Z"}}, "EventRecordID": 1389, "Correlation": null, "Execution": {"#attributes": {"ProcessID": 720, "ThreadID": 4652}}, "Channel": "System", "Computer": "DC01.garfield.htb", "Security": null}, "EventData": {"param1": "Remote Registry", "param2": "stopped", "Binary": "520065006D006F0074006500520065006700690073007400720079002F0031000000"}}},
{"TimeGenerated": "2025-08-13T11:15:54.283640Z", "EventID": {"#attributes": {"Qualifiers": 16384}, "#text": 7040}, "Computer": "DC01.garfield.htb", "RawEvent": {"#attributes": {"xmlns": "http://schemas.microsoft.com/win/2004/08/events/event"}, "System": {"Provider": {"#attributes": {"Name": "Service Control Manager", "Guid": "{555908d1-a6d7-4695-8e1e-26931d2012f4}", "EventSourceName": "Service Control Manager"}}, "EventID": {"#attributes": {"Qualifiers": 16384}, "#text": 7040}, "Version": 0, "Level": 4, "Task": 0, "Opcode": 0, "Keywords": "0x8080000000000000", "TimeCreated": {"#attributes": {"SystemTime": "2025-08-13T11:15:54.283640Z"}}, "EventRecordID": 1390, "Correlation": null, "Execution": {"#attributes": {"ProcessID": 720, "ThreadID": 4652}}, "Channel": "System", "Computer": "DC01.garfield.htb", "Security": {"#attributes": {"UserID": "S-1-5-21-2502726253-3859040611-225969357-500"}}}, "EventData": {"param1": "Windows NAT Driver", "param2": "demand start", "param3": "auto start", "param4": "WinNat"}}},
{"TimeGenerated": "2025-08-13T11:16:09.461483Z", "EventID": 16977, "Computer": "DC01.garfield.htb", "RawEvent": {"#attributes": {"xmlns": "http://schemas.microsoft.com/win/2004/08/events/event"}, "System": {"Provider": {"#attributes": {"Name": "Microsoft-Windows-Directory-Services-SAM", "Guid": "0D4FDC09-8C27-494A-BDA0-505E4FD8ADAE"}}, "EventID": 16977, "Version": 0, "Level": 4, "Task": 0, "Opcode": 0, "Keywords": "0x8000000000000000", "TimeCreated": {"#attributes": {"SystemTime": "2025-08-13T11:16:09.461483Z"}}, "EventRecordID": 1391, "Correlation": null, "Execution": {"#attributes": {"ProcessID": 748, "ThreadID": 908}}, "Channel": "System", "Computer": "DC01.garfield.htb", "Security": {"#attributes": {"UserID": "S-1-5-18"}}}, "EventData": {"#attributes": {"Name": "SAMMSG_MINPWDLEN_SETTINGS_IN_EFFECT"}, "MinimumPasswordLength": 7, "MinimumPasswordLengthAudit": -1}}},
{"TimeGenerated": "2025-08-13T11:16:09.461737Z", "EventID": 16977, "Computer": "DC01.garfield.htb", "RawEvent": {"#attributes": {"xmlns": "http://schemas.microsoft.com/win/2004/08/events/event"}, "System": {"Provider": {"#attributes": {"Name": "Microsoft-Windows-Directory-Services-SAM", "Guid": "0D4FDC09-8C27-494A-BDA0-505E4FD8ADAE"}}, "EventID": 16977, "Version": 0, "Level": 4, "Task": 0, "Opcode": 0, "Keywords": "0x8000000000000000", "TimeCreated": {"#attributes": {"SystemTime": "2025-08-13T11:16:09.461737Z"}}, "EventRecordID": 1392, "Correlation": null, "Execution": {"#attributes": {"ProcessID": 748, "ThreadID": 912}}, "Channel": "System", "Computer": "DC01.garfield.htb", "Security": {"#attributes": {"UserID": "S-1-5-18"}}}, "EventData": {"#attributes": {"Name": "SAMMSG_MINPWDLEN_SETTINGS_IN_EFFECT"}, "MinimumPasswordLength": 7, "MinimumPasswordLengthAudit": -1}}},
{"TimeGenerated": "2025-08-13T11:16:09.508362Z", "EventID": 1502, "Computer": "DC01.garfield.htb", "RawEvent": {"#attributes": {"xmlns": "http://schemas.microsoft.com/win/2004/08/events/event"}, "System": {"Provider": {"#attributes": {"Name": "Microsoft-Windows-GroupPolicy", "Guid": "AEA1B4FA-97D1-45F2-A64C-4D69FFFD92C9"}}, "EventID": 1502, "Version": 0, "Level": 4, "Task": 0, "Opcode": 1, "Keywords": "0x8000000000000000", "TimeCreated": {"#attributes": {"SystemTime": "2025-08-13T11:16:09.508362Z"}}, "EventRecordID": 1393, "Correlation": {"#attributes": {"ActivityID": "8133EB8D-576B-48A1-B0F8-98ED74A7D873"}}, "Execution": {"#attributes": {"ProcessID": 1616, "ThreadID": 4440}}, "Channel": "System", "Computer": "DC01.garfield.htb", "Security": {"#attributes": {"UserID": "S-1-5-18"}}}, "EventData": {"SupportInfo1": 1, "SupportInfo2": 4213, "ProcessingMode": 0, "ProcessingTimeInMilliseconds": 469, "DCName": "\\\\DC01.garfield.htb", "NumberOfGroupPolicyObjects": 3}}},
{"TimeGenerated": "2025-08-13T11:16:09.601978Z", "EventID": {"#attributes": {"Qualifiers": 16384}, "#text": 7036}, "Computer": "DC01.garfield.htb", "RawEvent": {"#attributes": {"xmlns": "http://schemas.microsoft.com/win/2004/08/events/event"}, "System": {"Provider": {"#attributes": {"Name": "Service Control Manager", "Guid": "{555908d1-a6d7-4695-8e1e-26931d2012f4}", "EventSourceName": "Service Control Manager"}}, "EventID": {"#attributes": {"Qualifiers": 16384}, "#text": 7036}, "Version": 0, "Level": 4, "Task": 0, "Opcode": 0, "Keywords": "0x8080000000000000", "TimeCreated": {"#attributes": {"SystemTime": "2025-08-13T11:16:09.601978Z"}}, "EventRecordID": 1394, "Correlation": null, "Execution": {"#attributes": {"ProcessID": 720, "ThreadID": 5404}}, "Channel": "System", "Computer": "DC01.garfield.htb", "Security": null}, "EventData": {"param1": "Network Connectivity Assistant", "param2": "stopped", "Binary": "4E00630061005300760063002F0031000000"}}},
{"TimeGenerated": "2025-08-13T11:16:09.601978Z", "EventID": {"#attributes": {"Qualifiers": 16384}, "#text": 7036}, "Computer": "DC01.garfield.htb", "RawEvent": {"#attributes": {"xmlns": "http://schemas.microsoft.com/win/2004/08/events/event"}, "System": {"Provider": {"#attributes": {"Name": "Service Control Manager", "Guid": "{555908d1-a6d7-4695-8e1e-26931d2012f4}", "EventSourceName": "Service Control Manager"}}, "EventID": {"#attributes": {"Qualifiers": 16384}, "#text": 7036}, "Version": 0, "Level": 4, "Task": 0, "Opcode": 0, "Keywords": "0x8080000000000000", "TimeCreated": {"#attributes": {"SystemTime": "2025-08-13T11:16:09.601978Z"}}, "EventRecordID": 1395, "Correlation": null, "Execution": {"#attributes": {"ProcessID": 720, "ThreadID": 4764}}, "Channel": "System", "Computer": "DC01.garfield.htb", "Security": null}, "EventData": {"param1": "Portable Device Enumerator Service", "param2": "running", "Binary": "57005000440042007500730045006E0075006D002F0034000000"}}},
{"TimeGenerated": "2025-08-13T11:16:09.617529Z", "EventID": {"#attributes": {"Qualifiers": 16384}, "#text": 7036}, "Computer": "DC01.garfield.htb", "RawEvent": {"#attributes": {"xmlns": "http://schemas.microsoft.com/win/2004/08/events/event"}, "System": {"Provider": {"#attributes": {"Name": "Service Control Manager", "Guid": "{555908d1-a6d7-4695-8e1e-26931d2012f4}", "EventSourceName": "Service Control Manager"}}, "EventID": {"#attributes": {"Qualifiers": 16384}, "#text": 7036}, "Version": 0, "Level": 4, "Task": 0, "Opcode": 0, "Keywords": "0x8080000000000000", "TimeCreated": {"#attributes": {"SystemTime": "2025-08-13T11:16:09.617529Z"}}, "EventRecordID": 1396, "Correlation": null, "Execution": {"#attributes": {"ProcessID": 720, "ThreadID": 4764}}, "Channel": "System", "Computer": "DC01.garfield.htb", "Security": null}, "EventData": {"param1": "Delivery Optimization", "param2": "running", "Binary": "44006F005300760063002F0034000000"}}},
{"TimeGenerated": "2025-08-13T11:16:09.648801Z", "EventID": {"#attributes": {"Qualifiers": 16384}, "#text": 7036}, "Computer": "DC01.garfield.htb", "RawEvent": {"#attributes": {"xmlns": "http://schemas.microsoft.com/win/2004/08/events/event"}, "System": {"Provider": {"#attributes": {"Name": "Service Control Manager", "Guid": "{555908d1-a6d7-4695-8e1e-26931d2012f4}", "EventSourceName": "Service Control Manager"}}, "EventID": {"#attributes": {"Qualifiers": 16384}, "#text": 7036}, "Version": 0, "Level": 4, "Task": 0, "Opcode": 0, "Keywords": "0x8080000000000000", "TimeCreated": {"#attributes": {"SystemTime": "2025-08-13T11:16:09.648801Z"}}, "EventRecordID": 1397, "Correlation": null, "Execution": {"#attributes": {"ProcessID": 720, "ThreadID": 4764}}, "Channel": "System", "Computer": "DC01.garfield.htb", "Security": null}, "EventData": {"param1": "Delivery Optimization", "param2": "stopped", "Binary": "44006F005300760063002F0031000000"}}},
{"TimeGenerated": "2025-08-13T11:16:09.695692Z", "EventID": {"#attributes": {"Qualifiers": 16384}, "#text": 7036}, "Computer": "DC01.garfield.htb", "RawEvent": {"#attributes": {"xmlns": "http://schemas.microsoft.com/win/2004/08/events/event"}, "System": {"Provider": {"#attributes": {"Name": "Service Control Manager", "Guid": "{555908d1-a6d7-4695-8e1e-26931d2012f4}", "EventSourceName": "Service Control Manager"}}, "EventID": {"#attributes": {"Qualifiers": 16384}, "#text": 7036}, "Version": 0, "Level": 4, "Task": 0, "Opcode": 0, "Keywords": "0x8080000000000000", "TimeCreated": {"#attributes": {"SystemTime": "2025-08-13T11:16:09.695692Z"}}, "EventRecordID": 1398, "Correlation": null, "Execution": {"#attributes": {"ProcessID": 720, "ThreadID": 5404}}, "Channel": "System", "Computer": "DC01.garfield.htb", "Security": null}, "EventData": {"param1": "Windows Update", "param2": "running", "Binary": "770075006100750073006500720076002F0034000000"}}},
{"TimeGenerated": "2025-08-13T11:16:09.902976Z", "EventID": {"#attributes": {"Qualifiers": 16384}, "#text": 7036}, "Computer": "DC01.garfield.htb", "RawEvent": {"#attributes": {"xmlns": "http://schemas.microsoft.com/win/2004/08/events/event"}, "System": {"Provider": {"#attributes": {"Name": "Service Control Manager", "Guid": "{555908d1-a6d7-4695-8e1e-26931d2012f4}", "EventSourceName": "Service Control Manager"}}, "EventID": {"#attributes": {"Qualifiers": 16384}, "#text": 7036}, "Version": 0, "Level": 4, "Task": 0, "Opcode": 0, "Keywords": "0x8080000000000000", "TimeCreated": {"#attributes": {"SystemTime": "2025-08-13T11:16:09.902976Z"}}, "EventRecordID": 1399, "Correlation": null, "Execution": {"#attributes": {"ProcessID": 720, "ThreadID": 5404}}, "Channel": "System", "Computer": "DC01.garfield.htb", "Security": null}, "EventData": {"param1": "AppX Deployment Service (AppXSVC)", "param2": "stopped", "Binary": "41007000700058005300760063002F0031000000"}}},
{"TimeGenerated": "2025-08-13T11:16:28.829687Z", "EventID": {"#attributes": {"Qualifiers": 16384}, "#text": 7036}, "Computer": "DC01.garfield.htb", "RawEvent": {"#attributes": {"xmlns": "http://schemas.microsoft.com/win/2004/08/events/event"}, "System": {"Provider": {"#attributes": {"Name": "Service Control Manager", "Guid": "{555908d1-a6d7-4695-8e1e-26931d2012f4}", "EventSourceName": "Service Control Manager"}}, "EventID": {"#attributes": {"Qualifiers": 16384}, "#text": 7036}, "Version": 0, "Level": 4, "Task": 0, "Opcode": 0, "Keywords": "0x8080000000000000", "TimeCreated": {"#attributes": {"SystemTime": "2025-08-13T11:16:28.829687Z"}}, "EventRecordID": 1400, "Correlation": null, "Execution": {"#attributes": {"ProcessID": 720, "ThreadID": 4764}}, "Channel": "System", "Computer": "DC01.garfield.htb", "Security": null}, "EventData": {"param1": "Device Setup Manager", "param2": "stopped", "Binary": "440073006D005300760063002F0031000000"}}},
{"TimeGenerated": "2025-08-13T11:16:39.722714Z", "EventID": {"#attributes": {"Qualifiers": 16384}, "#text": 7036}, "Computer": "DC01.garfield.htb", "RawEvent": {"#attributes": {"xmlns": "http://schemas.microsoft.com/win/2004/08/events/event"}, "System": {"Provider": {"#attributes": {"Name": "Service Control Manager", "Guid": "{555908d1-a6d7-4695-8e1e-26931d2012f4}", "EventSourceName": "Service Control Manager"}}, "EventID": {"#attributes": {"Qualifiers": 16384}, "#text": 7036}, "Version": 0, "Level": 4, "Task": 0, "Opcode": 0, "Keywords": "0x8080000000000000", "TimeCreated": {"#attributes": {"SystemTime": "2025-08-13T11:16:39.722714Z"}}, "EventRecordID": 1401, "Correlation": null, "Execution": {"#attributes": {"ProcessID": 720, "ThreadID": 4764}}, "Channel": "System", "Computer": "DC01.garfield.htb", "Security": null}, "EventData": {"param1": "Microsoft Account Sign-in Assistant", "param2": "running", "Binary": "77006C00690064007300760063002F0034000000"}}},
{"TimeGenerated": "2025-08-13T11:16:41.097772Z", "EventID": {"#attributes": {"Qualifiers": 16384}, "#text": 7036}, "Computer": "DC01.garfield.htb", "RawEvent": {"#attributes": {"xmlns": "http://schemas.microsoft.com/win/2004/08/events/event"}, "System": {"Provider": {"#attributes": {"Name": "Service Control Manager", "Guid": "{555908d1-a6d7-4695-8e1e-26931d2012f4}", "EventSourceName": "Service Control Manager"}}, "EventID": {"#attributes": {"Qualifiers": 16384}, "#text": 7036}, "Version": 0, "Level": 4, "Task": 0, "Opcode": 0, "Keywords": "0x8080000000000000", "TimeCreated": {"#attributes": {"SystemTime": "2025-08-13T11:16:41.097772Z"}}, "EventRecordID": 1402, "Correlation": null, "Execution": {"#attributes": {"ProcessID": 720, "ThreadID": 4764}}, "Channel": "System", "Computer": "DC01.garfield.htb", "Security": null}, "EventData": {"param1": "Windows Insider Service", "param2": "running", "Binary": "770069007300760063002F0034000000"}}},
{"TimeGenerated": "2025-08-13T11:16:43.034565Z", "EventID": {"#attributes": {"Qualifiers": 16384}, "#text": 7036}, "Computer": "DC01.garfield.htb", "RawEvent": {"#attributes": {"xmlns": "http://schemas.microsoft.com/win/2004/08/events/event"}, "System": {"Provider": {"#attributes": {"Name": "Service Control Manager", "Guid": "{555908d1-a6d7-4695-8e1e-26931d2012f4}", "EventSourceName": "Service Control Manager"}}, "EventID": {"#attributes": {"Qualifiers": 16384}, "#text": 7036}, "Version": 0, "Level": 4, "Task": 0, "Opcode": 0, "Keywords": "0x8080000000000000", "TimeCreated": {"#attributes": {"SystemTime": "2025-08-13T11:16:43.034565Z"}}, "EventRecordID": 1403, "Correlation": null, "Execution": {"#attributes": {"ProcessID": 720, "ThreadID": 4764}}, "Channel": "System", "Computer": "DC01.garfield.htb", "Security": null}, "EventData": {"param1": "Windows Update Medic Service", "param2": "running", "Binary": "57006100610053004D0065006400690063005300760063002F0034000000"}}},
