[
{"TimeGenerated": "2025-08-13T19:50:09.131531Z", "EventID": {"#attributes": {"Qualifiers": 16384}, "#text": 4625}, "Computer": "WIN-LC7SFT89DTG", "RawEvent": {"#attributes": {"xmlns": "http://schemas.microsoft.com/win/2004/08/events/event"}, "System": {"Provider": {"#attributes": {"Name": "Microsoft-Windows-EventSystem", "Guid": "{899daace-4868-4295-afcd-9eb8fb497561}", "EventSourceName": "EventSystem"}}, "EventID": {"#attributes": {"Qualifiers": 16384}, "#text": 4625}, "Version": 0, "Level": 4, "Task": 0, "Opcode": 0, "Keywords": "0x80000000000000", "TimeCreated": {"#attributes": {"SystemTime": "2025-08-13T19:50:09.131531Z"}}, "EventRecordID": 1, "Correlation": null, "Execution": {"#attributes": {"ProcessID": 0, "ThreadID": 0}}, "Channel": "Application", "Computer": "WIN-LC7SFT89DTG", "Security": null}, "EventData": {"param1": "86400", "param2": "SuppressDuplicateDuration", "param3": "Software\\Microsoft\\EventSystem\\EventLog"}}},
{"TimeGenerated": "2025-08-13T19:50:09.147631Z", "EventID": 1531, "Computer": "WIN-LC7SFT89DTG", "RawEvent": {"#attributes": {"xmlns": "http://schemas.microsoft.com/win/2004/08/events/event"}, "System": {"Provider": {"#attributes": {"Name": "Microsoft-Windows-User Profiles Service", "Guid": "89B1E9F0-5AFF-44A6-9B44-0A07A7CE5845"}}, "EventID": 1531, "Version": 0, "Level": 4, "Task": 0, "Opcode": 0, "Keywords": "0x8000000000000000", "TimeCreated": {"#attributes": {"SystemTime": "2025-08-13T19:50:09.147631Z"}}, "EventRecordID": 2, "Correlation": null, "Execution": {"#attributes": {"ProcessID": 1472, "ThreadID": 1592}}, "Channel": "Application", "Computer": "WIN-LC7SFT89DTG", "Security": {"#attributes": {"UserID": "S-1-5-18"}}}, "EventData": null}},
{"TimeGenerated": "2025-08-13T19:50:09.496442Z", "EventID": 5615, "Computer": "WIN-LC7SFT89DTG", "RawEvent": {"#attributes": {"xmlns": "http://schemas.microsoft.com/win/2004/08/events/event"}, "System": {"Provider": {"#attributes": {"Name": "Microsoft-Windows-WMI", "Guid": "1EDEEE53-0AFE-4609-B846-D8C0B2075B1F"}}, "EventID": 5615, "Version": 2, "Level": 4, "Task": 0, "Opcode": 0, "Keywords": "0x8000000000000000", "TimeCreated": {"#attributes": {"SystemTime": "2025-08-13T19:50:09.496442Z"}}, "EventRecordID": 3, "Correlation": null, "Execution": {"#attributes": {"ProcessID": 2500, "ThreadID": 2728}}, "Channel": "Application", "Computer": "WIN-LC7SFT89DTG", "Security": {"#attributes": {"UserID": "S-1-5-18"}}}, "EventData": null}},
{"TimeGenerated": "2025-08-13T19:50:15.712798Z", "EventID": 5617, "Computer": "WIN-LC7SFT89DTG", "RawEvent": {"#attributes": {"xmlns": "http://schemas.microsoft.com/win/2004/08/events/event"}, "System": {"Provider": {"#attributes": {"Name": "Microsoft-Windows-WMI", "Guid": "1EDEEE53-0AFE-4609-B846-D8C0B2075B1F"}}, "EventID": 5617, "Version": 2, "Level": 4, "Task": 0, "Opcode": 0, "Keywords": "0x8000000000000000", "TimeCreated": {"#attributes": {"SystemTime": "2025-08-13T19:50:15.712798Z"}}, "EventRecordID": 4, "Correlation": null, "Execution": {"#attributes": {"ProcessID": 2500, "ThreadID": 2820}}, "Channel": "Application", "Computer": "WIN-LC7SFT89DTG", "Security": {"#attributes": {"UserID": "S-1-5-18"}}}, "EventData": null}},
{"TimeGenerated": "2025-08-13T19:50:16.813611Z", "EventID": 1532, "Computer": "WIN-LC7SFT89DTG", "RawEvent": {"#attributes": {"xmlns": "http://schemas.microsoft.com/win/2004/08/events/event"}, "System": {"Provider": {"#attributes": {"Name": "Microsoft-Windows-User Profiles Service", "Guid": "89B1E9F0-5AFF-44A6-9B44-0A07A7CE5845"}}, "EventID": 1532, "Version": 0, "Level": 4, "Task": 0, "Opcode": 0, "Keywords": "0x8000000000000000", "TimeCreated": {"#attributes": {"SystemTime": "2025-08-13T19:50:16.813611Z"}}, "EventRecordID": 5, "Correlation": null, "Execution": {"#attributes": {"ProcessID": 1472, "ThreadID": 1592}}, "Channel": "Application", "Computer": "WIN-LC7SFT89DTG", "Security": {"#attributes": {"UserID": "S-1-5-18"}}}, "EventData": null}},
{"TimeGenerated": "2025-08-13T19:50:32.849153Z", "EventID": {"#attributes": {"Qualifiers": 16384}, "#text": 4625}, "Computer": "WIN-LC7SFT89DTG", "RawEvent": {"#attributes": {"xmlns": "http://schemas.microsoft.com/win/2004/08/events/event"}, "System": {"Provider": {"#attributes": {"Name": "Microsoft-Windows-EventSystem", "Guid": "{899daace-4868-4295-afcd-9eb8fb497561}", "EventSourceName": "EventSystem"}}, "EventID": {"#attributes": {"Qualifiers": 16384}, "#text": 4625}, "Version": 0, "Level": 4, "Task": 0, "Opcode": 0, "Keywords": "0x80000000000000", "TimeCreated": {"#attributes": {"SystemTime": "2025-08-13T19:50:32.849153Z"}}, "EventRecordID": 6, "Correlation": null, "Execution": {"#attributes": {"ProcessID": 0, "ThreadID": 0}}, "Channel": "Application", "Computer": "WIN-LC7SFT89DTG", "Security": null}, "EventData": {"param1": "86400", "param2": "SuppressDuplicateDuration", "param3": "Software\\Microsoft\\EventSystem\\EventLog"}}},
{"TimeGenerated": "2025-08-13T19:50:32.896019Z", "EventID": {"#attributes": {"Qualifiers": 16384}, "#text": 1016}, "Computer": "WIN-LC7SFT89DTG", "RawEvent": {"#attributes": {"xmlns": "http://schemas.microsoft.com/win/2004/08/events/event"}, "System": {"Provider": {"#attributes": {"Name": "Microsoft-Windows-Security-SPP", "Guid": "{E23B33B0-C8C9-472C-A5F9-F2BDFEA0F156}", "EventSourceName": "Software Protection Platform Service"}}, "EventID": {"#attributes": {"Qualifiers": 16384}, "#text": 1016}, "Version": 0, "Level": 4, "Task": 0, "Opcode": 0, "Keywords": "0x80000000000000", "TimeCreated": {"#attributes": {"SystemTime": "2025-08-13T19:50:32.896019Z"}}, "EventRecordID": 7, "Correlation": null, "Execution": {"#attributes": {"ProcessID": 0, "ThreadID": 0}}, "Channel": "Application", "Computer": "WIN-LC7SFT89DTG", "Security": null}, "EventData": {"Data": {"#text": ["7783a126-c108-4cf7-b59f-13c78c7a7337", "db971a64-f523-beb8-94a1-906138c37845"]}, "Binary": null}}},
{"TimeGenerated": "2025-08-13T19:50:32.943040Z", "EventID": {"#attributes": {"Qualifiers": 16384}, "#text": 1034}, "Computer": "WIN-LC7SFT89DTG", "RawEvent": {"#attributes": {"xmlns": "http://schemas.microsoft.com/win/2004/08/events/event"}, "System": {"Provider": {"#attributes": {"Name": "Microsoft-Windows-Security-SPP", "Guid": "{E23B33B0-C8C9-472C-A5F9-F2BDFEA0F156}", "EventSourceName": "Software Protection Platform Service"}}, "EventID": {"#attributes": {"Qualifiers": 16384}, "#text": 1034}, "Version": 0, "Level": 4, "Task": 0, "Opcode": 0, "Keywords": "0x80000000000000", "TimeCreated": {"#attributes": {"SystemTime": "2025-08-13T19:50:32.943040Z"}}, "EventRecordID": 8, "Correlation": null, "Execution": {"#attributes": {"ProcessID": 0, "ThreadID": 0}}, "Channel": "Application", "Computer": "WIN-LC7SFT89DTG", "Security": null}, "EventData": {"Data": {"#text": ["Security-SPP-WriteWauMarker", "500"]}, "Binary": null}}},
{"TimeGenerated": "2025-08-13T19:50:32.958546Z", "EventID": {"#attributes": {"Qualifiers": 16384}, "#text": 1003}, "Computer": "WIN-LC7SFT89DTG", "RawEvent": {"#attributes": {"xmlns": "http://schemas.microsoft.com/win/2004/08/events/event"}, "System": {"Provider": {"#attributes": {"Name": "Microsoft-Windows-Security-SPP", "Guid": "{E23B33B0-C8C9-472C-A5F9-F2BDFEA0F156}", "EventSourceName": "Software Protection Platform Service"}}, "EventID": {"#attributes": {"Qualifiers": 16384}, "#text": 1003}, "Version": 0, "Level": 4, "Task": 0, "Opcode": 0, "Keywords": "0x80000000000000", "TimeCreated": {"#attributes": {"SystemTime": "2025-08-13T19:50:32.958546Z"}}, "EventRecordID": 9, "Correlation": null, "Execution": {"#attributes": {"ProcessID": 0, "ThreadID": 0}}, "Channel": "Application", "Computer": "WIN-LC7SFT89DTG", "Security": null}, "EventData": {"Data": {"#text": ["55c92734-d682-4d71-983e-d6ec3f16059f", "\n1: 7783a126-c108-4cf7-b59f-13c78c7a7337, 1, 0 [(0 )(1 )(2 )(3 [0x00000000, 0, 1], [(?)( 1 0x00000000)( 6 0x00000000 10 14400)(?)(?)(?)( 10 0x00000000 msft:rm/algorithm/flags/1.0)(?)])]\n\n"]}, "Binary": null}}},
{"TimeGenerated": "2025-08-13T19:50:32.864357Z", "EventID": 1531, "Computer": "WIN-LC7SFT89DTG", "RawEvent": {"#attributes": {"xmlns": "http://schemas.microsoft.com/win/2004/08/events/event"}, "System": {"Provider": {"#attributes": {"Name": "Microsoft-Windows-User Profiles Service", "Guid": "89B1E9F0-5AFF-44A6-9B44-0A07A7CE5845"}}, "EventID": 1531, "Version": 0, "Level": 4, "Task": 0, "Opcode": 0, "Keywords": "0x8000000000000000", "TimeCreated": {"#attributes": {"SystemTime": "2025-08-13T19:50:32.864357Z"}}, "EventRecordID": 10, "Correlation": null, "Execution": {"#attributes": {"ProcessID": 1984, "ThreadID": 1176}}, "Channel": "Application", "Computer": "WIN-LC7SFT89DTG", "Security": {"#attributes": {"UserID": "S-1-5-18"}}}, "EventData": null}},
{"TimeGenerated": "2025-08-13T19:50:33.192398Z", "EventID": 5615, "Computer": "WIN-LC7SFT89DTG", "RawEvent": {"#attributes": {"xmlns": "http://schemas.microsoft.com/win/2004/08/events/event"}, "System": {"Provider": {"#attributes": {"Name": "Microsoft-Windows-WMI", "Guid": "1EDEEE53-0AFE-4609-B846-D8C0B2075B1F"}}, "EventID": 5615, "Version": 2, "Level": 4, "Task": 0, "Opcode": 0, "Keywords": "0x8000000000000000", "TimeCreated": {"#attributes": {"SystemTime": "2025-08-13T19:50:33.192398Z"}}, "EventRecordID": 11, "Correlation": null, "Execution": {"#attributes": {"ProcessID": 2880, "ThreadID": 2308}}, "Channel": "Application", "Computer": "WIN-LC7SFT89DTG", "Security": {"#attributes": {"UserID": "S-1-5-18"}}}, "EventData": null}},
{"TimeGenerated": "2025-08-13T19:50:33.566507Z", "EventID": 5617, "Computer": "WIN-LC7SFT89DTG", "RawEvent": {"#attributes": {"xmlns": "http://schemas.microsoft.com/win/2004/08/events/event"}, "System": {"Provider": {"#attributes": {"Name": "Microsoft-Windows-WMI", "Guid": "1EDEEE53-0AFE-4609-B846-D8C0B2075B1F"}}, "EventID": 5617, "Version": 2, "Level": 4, "Task": 0, "Opcode": 0, "Keywords": "0x8000000000000000", "TimeCreated": {"#attributes": {"SystemTime": "2025-08-13T19:50:33.566507Z"}}, "EventRecordID": 12, "Correlation": {"#attributes": {"ActivityID": "81878D72-0C8B-0002-658F-87818B0CDC01"}}, "Execution": {"#attributes": {"ProcessID": 2880, "ThreadID": 3100}}, "Channel": "Application", "Computer": "WIN-LC7SFT89DTG", "Security": {"#attributes": {"UserID": "S-1-5-18"}}}, "EventData": null}},
{"TimeGenerated": "2025-08-13T10:50:39.057841Z", "EventID": {"#attributes": {"Qualifiers": 0}, "#text": 640}, "Computer": "WIN-LC7SFT89DTG", "RawEvent": {"#attributes": {"xmlns": "http://schemas.microsoft.com/win/2004/08/events/event"}, "System": {"Provider": {"#attributes": {"Name": "ESENT"}}, "EventID": {"#attributes": {"Qualifiers": 0}, "#text": 640}, "Level": 3, "Task": 1, "Keywords": "0x80000000000000", "TimeCreated": {"#attributes": {"SystemTime": "2025-08-13T10:50:39.057841Z"}}, "EventRecordID": 13, "Channel": "Application", "Computer": "WIN-LC7SFT89DTG", "Security": null}, "EventData": {"Data": {"#text": ["Catalog Database", "1184,D,35", "Catalog Database: ", "-1919", "C:\\Windows\\system32\\CatRoot2\\{127D0A1D-4EF2-11D1-8608-00C04FC295EE}\\catdb.jfm", "[SignDbHdrFromDb:Create time:00/00/1900 00:00:00.000 Rand:0 Computer:] [SignFmHdrFromDb:Create time:00/00/1900 00:00:00.000 Rand:0 Computer:] [SignDbHdrFromFm:Create time:08/13/2025 10:50:37.565 Rand:3244127940 Computer:] [SignFmHdrFromFm:Create time:08/13/2025 10:50:37.806 Rand:2080821892 Computer:]"]}, "Binary": null}}},
{"TimeGenerated": "2025-08-13T10:50:39.057841Z", "EventID": {"#attributes": {"Qualifiers": 0}, "#text": 636}, "Computer": "WIN-LC7SFT89DTG", "RawEvent": {"#attributes": {"xmlns": "http://schemas.microsoft.com/win/2004/08/events/event"}, "System": {"Provider": {"#attributes": {"Name": "ESENT"}}, "EventID": {"#attributes": {"Qualifiers": 0}, "#text": 636}, "Level": 3, "Task": 1, "Keywords": "0x80000000000000", "TimeCreated": {"#attributes": {"SystemTime": "2025-08-13T10:50:39.057841Z"}}, "EventRecordID": 14, "Channel": "Application", "Computer": "WIN-LC7SFT89DTG", "Security": null}, "EventData": {"Data": {"#text": ["Catalog Database", "1184,D,35", "Catalog Database: ", "C:\\Windows\\system32\\CatRoot2\\{127D0A1D-4EF2-11D1-8608-00C04FC295EE}\\catdb.jfm", "ReadHdrFailed"]}, "Binary": null}}},
{"TimeGenerated": "2025-08-13T10:50:39.095498Z", "EventID": {"#attributes": {"Qualifiers": 0}, "#text": 640}, "Computer": "WIN-LC7SFT89DTG", "RawEvent": {"#attributes": {"xmlns": "http://schemas.microsoft.com/win/2004/08/events/event"}, "System": {"Provider": {"#attributes": {"Name": "ESENT"}}, "EventID": {"#attributes": {"Qualifiers": 0}, "#text": 640}, "Level": 3, "Task": 1, "Keywords": "0x80000000000000", "TimeCreated": {"#attributes": {"SystemTime": "2025-08-13T10:50:39.095498Z"}}, "EventRecordID": 15, "Channel": "Application", "Computer": "WIN-LC7SFT89DTG", "Security": null}, "EventData": {"Data": {"#text": ["Catalog Database", "1184,D,35", "Catalog Database: ", "-1919", "C:\\Windows\\system32\\CatRoot2\\{F750E6C3-38EE-11D1-85E5-00C04FC295EE}\\catdb.jfm", "[SignDbHdrFromDb:Create time:00/00/1900 00:00:00.000 Rand:0 Computer:] [SignFmHdrFromDb:Create time:00/00/1900 00:00:00.000 Rand:0 Computer:] [SignDbHdrFromFm:Create time:08/13/2025 10:50:37.565 Rand:901488647 Computer:] [SignFmHdrFromFm:Create time:08/13/2025 10:50:39.026 Rand:1361731307 Computer:]"]}, "Binary": null}}},
{"TimeGenerated": "2025-08-13T10:50:39.095498Z", "EventID": {"#attributes": {"Qualifiers": 0}, "#text": 636}, "Computer": "WIN-LC7SFT89DTG", "RawEvent": {"#attributes": {"xmlns": "http://schemas.microsoft.com/win/2004/08/events/event"}, "System": {"Provider": {"#attributes": {"Name": "ESENT"}}, "EventID": {"#attributes": {"Qualifiers": 0}, "#text": 636}, "Level": 3, "Task": 1, "Keywords": "0x80000000000000", "TimeCreated": {"#attributes": {"SystemTime": "2025-08-13T10:50:39.095498Z"}}, "EventRecordID": 16, "Channel": "Application", "Computer": "WIN-LC7SFT89DTG", "Security": null}, "EventData": {"Data": {"#text": ["Catalog Database", "1184,D,35", "Catalog Database: ", "C:\\Windows\\system32\\CatRoot2\\{F750E6C3-38EE-11D1-85E5-00C04FC295EE}\\catdb.jfm", "ReadHdrFailed"]}, "Binary": null}}},
{"TimeGenerated": "2025-08-13T10:52:35.680916Z", "EventID": {"#attributes": {"Qualifiers": 16384}, "#text": 4202}, "Computer": "WIN-LC7SFT89DTG", "RawEvent": {"#attributes": {"xmlns": "http://schemas.microsoft.com/win/2004/08/events/event"}, "System": {"Provider": {"#attributes": {"Name": "Microsoft-Windows-MSDTC 2", "Guid": "{5D9E0020-3761-4f36-90C8-38CE6511BD12}", "EventSourceName": "MSDTC 2"}}, "EventID": {"#attributes": {"Qualifiers": 16384}, "#text": 4202}, "Version": 0, "Level": 4, "Task": 2, "Opcode": 0, "Keywords": "0x80000000000000", "TimeCreated": {"#attributes": {"SystemTime": "2025-08-13T10:52:35.680916Z"}}, "EventRecordID": 17, "Correlation": null, "Execution": {"#attributes": {"ProcessID": 0, "ThreadID": 0}}, "Channel": "Application", "Computer": "WIN-LC7SFT89DTG", "Security": null}, "EventData": {"param1": "0", "param2": "0", "param3": "0", "param4": "0", "param5": "0", "param6": "0", "param7": "1", "param8": "Mutual Authentication Required", "param9": "NT AUTHORITY\\NetworkService", "param10": "0", "param11": "0", "param12": "1"}}},
{"TimeGenerated": "2025-08-13T10:54:02.418960Z", "EventID": {"#attributes": {"Qualifiers": 0}, "#text": 4112}, "Computer": "WIN-LC7SFT89DTG", "RawEvent": {"#attributes": {"xmlns": "http://schemas.microsoft.com/win/2004/08/events/event"}, "System": {"Provider": {"#attributes": {"Name": "Microsoft-Windows-CAPI2", "Guid": "{5bbca4a8-b209-48dc-a8c7-b23d3e5216fb}", "EventSourceName": "Microsoft-Windows-CAPI2"}}, "EventID": {"#attributes": {"Qualifiers": 0}, "#text": 4112}, "Version": 0, "Level": 4, "Task": 0, "Opcode": 0, "Keywords": "0x8080000000000000", "TimeCreated": {"#attributes": {"SystemTime": "2025-08-13T10:54:02.418960Z"}}, "EventRecordID": 18, "Correlation": null, "Execution": {"#attributes": {"ProcessID": 1184, "ThreadID": 1216}}, "Channel": "Application", "Computer": "WIN-LC7SFT89DTG", "Security": null}, "EventData": {"Data": {"#text": "\u200eWednesday, \u200eDecember \u200e4, \u200e2024 11:00:14 AM"}, "Binary": null}}},
{"TimeGenerated": "2025-08-13T10:54:04.510312Z", "EventID": {"#attributes": {"Qualifiers": 0}, "#text": 4097}, "Computer": "WIN-LC7SFT89DTG", "RawEvent": {"#attributes": {"xmlns": "http://schemas.microsoft.com/win/2004/08/events/event"}, "System": {"Provider": {"#attributes": {"Name": "Microsoft-Windows-CAPI2", "Guid": "{5bbca4a8-b209-48dc-a8c7-b23d3e5216fb}", "EventSourceName": "Microsoft-Windows-CAPI2"}}, "EventID": {"#attributes": {"Qualifiers": 0}, "#text": 4097}, "Version": 0, "Level": 4, "Task": 0, "Opcode": 0, "Keywords": "0x8080000000000000", "TimeCreated": {"#attributes": {"SystemTime": "2025-08-13T10:54:04.510312Z"}}, "EventRecordID": 19, "Correlation": null, "Execution": {"#attributes": {"ProcessID": 1184, "ThreadID": 4044}}, "Channel": "Application", "Computer": "WIN-LC7SFT89DTG", "Security": null}, "EventData": {"Data": {"#text": ["CN=DigiCert Global Root CA, OU=www.digicert.com, O=DigiCert Inc, C=US", "A8985D3A65E5E5C4B2D7D66D40C6DD2FB19C5436"]}, "Binary": null}}},
{"TimeGenerated": "2025-08-13T10:54:07.401066Z", "EventID": {"#attributes": {"Qualifiers": 0}, "#text": 4097}, "Computer": "WIN-LC7SFT89DTG", "RawEvent": {"#attributes": {"xmlns": "http://schemas.microsoft.com/win/2004/08/events/event"}, "System": {"Provider": {"#attributes": {"Name": "Microsoft-Windows-CAPI2", "Guid": "{5bbca4a8-b209-48dc-a8c7-b23d3e5216fb}", "EventSourceName": "Microsoft-Windows-CAPI2"}}, "EventID": {"#attributes": {"Qualifiers": 0}, "#text": 4097}, "Version": 0, "Level": 4, "Task": 0, "Opcode": 0, "Keywords": "0x8080000000000000", "TimeCreated": {"#attributes": {"SystemTime": "2025-08-13T10:54:07.401066Z"}}, "EventRecordID": 20, "Correlation": null, "Execution": {"#attributes": {"ProcessID": 1184, "ThreadID": 4044}}, "Channel": "Application", "Computer": "WIN-LC7SFT89DTG", "Security": null}, "EventData": {"Data": {"#text": ["CN=DigiCert Global Root G2, OU=www.digicert.com, O=DigiCert Inc, C=US", "DF3C24F9BFD666761B268073FE06D1CC8D4F82A4"]}, "Binary": null}}},
{"TimeGenerated": "2025-08-13T10:54:07.619817Z", "EventID": {"#attributes": {"Qualifiers": 0}, "#text": 4097}, "Computer": "WIN-LC7SFT89DTG", "RawEvent": {"#attributes": {"xmlns": "http://schemas.microsoft.com/win/2004/08/events/event"}, "System": {"Provider": {"#attributes": {"Name": "Microsoft-Windows-CAPI2", "Guid": "{5bbca4a8-b209-48dc-a8c7-b23d3e5216fb}", "EventSourceName": "Microsoft-Windows-CAPI2"}}, "EventID": {"#attributes": {"Qualifiers": 0}, "#text": 4097}, "Version": 0, "Level": 4, "Task": 0, "Opcode": 0, "Keywords": "0x8080000000000000", "TimeCreated": {"#attributes": {"SystemTime": "2025-08-13T10:54:07.619817Z"}}, "EventRecordID": 21, "Correlation": null, "Execution": {"#attributes": {"ProcessID": 1184, "ThreadID": 4044}}, "Channel": "Application", "Computer": "WIN-LC7SFT89DTG", "Security": null}, "EventData": {"Data": {"#text": ["CN=DigiCert Global Root G3, OU=www.digicert.com, O=DigiCert Inc, C=US", "7E04DE896A3E666D00E687D33FFAD93BE83D349E"]}, "Binary": null}}},
{"TimeGenerated": "2025-08-13T10:54:08.869963Z", "EventID": {"#attributes": {"Qualifiers": 32768}, "#text": 6003}, "Computer": "WIN-LC7SFT89DTG", "RawEvent": {"#attributes": {"xmlns": "http://schemas.microsoft.com/win/2004/08/events/event"}, "System": {"Provider": {"#attributes": {"Name": "Microsoft-Windows-Winlogon", "Guid": "{DBE9B383-7CF3-4331-91CC-A3CB16A3B538}", "EventSourceName": "Wlclntfy"}}, "EventID": {"#attributes": {"Qualifiers": 32768}, "#text": 6003}, "Version": 0, "Level": 4, "Task": 0, "Opcode": 0, "Keywords": "0x80000000000000", "TimeCreated": {"#attributes": {"SystemTime": "2025-08-13T10:54:08.869963Z"}}, "EventRecordID": 22, "Correlation": null, "Execution": {"#attributes": {"ProcessID": 0, "ThreadID": 0}}, "Channel": "Application", "Computer": "WIN-LC7SFT89DTG", "Security": null}, "EventData": {"Data": {"#text": "SessionEnv"}, "Binary": "D9060000"}}},
{"TimeGenerated": "2025-08-13T10:54:09.370087Z", "EventID": {"#attributes": {"Qualifiers": 16384}, "#text": 5}, "Computer": "WIN-LC7SFT89DTG", "RawEvent": {"#attributes": {"xmlns": "http://schemas.microsoft.com/win/2004/08/events/event"}, "System": {"Provider": {"#attributes": {"Name": "Microsoft-Windows-Search-ProfileNotify", "Guid": "{FC6F77DD-769A-470E-BCF9-1B6555A118BE}", "EventSourceName": "Windows Search Service Profile Notification"}}, "EventID": {"#attributes": {"Qualifiers": 16384}, "#text": 5}, "Version": 0, "Level": 4, "Task": 0, "Opcode": 0, "Keywords": "0x80000000000000", "TimeCreated": {"#attributes": {"SystemTime": "2025-08-13T10:54:09.370087Z"}}, "EventRecordID": 23, "Correlation": null, "Execution": {"#attributes": {"ProcessID": 0, "ThreadID": 0}}, "Channel": "Application", "Computer": "WIN-LC7SFT89DTG", "Security": null}, "EventData": {"User": "WIN-LC7SFT89DTG\\Administrator", "Binary": null}}},
{"TimeGenerated": "2025-08-13T10:54:09.635710Z", "EventID": {"#attributes": {"Qualifiers": 32768}, "#text": 6000}, "Computer": "WIN-LC7SFT89DTG", "RawEvent": {"#attributes": {"xmlns": "http://schemas.microsoft.com/win/2004/08/events/event"}, "System": {"Provider": {"#attributes": {"Name": "Microsoft-Windows-Winlogon", "Guid": "{DBE9B383-7CF3-4331-91CC-A3CB16A3B538}", "EventSourceName": "Wlclntfy"}}, "EventID": {"#attributes": {"Qualifiers": 32768}, "#text": 6000}, "Version": 0, "Level": 4, "Task": 0, "Opcode": 0, "Keywords": "0x80000000000000", "TimeCreated": {"#attributes": {"SystemTime": "2025-08-13T10:54:09.635710Z"}}, "EventRecordID": 24, "Correlation": null, "Execution": {"#attributes": {"ProcessID": 0, "ThreadID": 0}}, "Channel": "Application", "Computer": "WIN-LC7SFT89DTG", "Security": null}, "EventData": {"Data": {"#text": "SessionEnv"}, "Binary": "D9060000"}}},
{"TimeGenerated": "2025-08-13T10:54:10.448330Z", "EventID": {"#attributes": {"Qualifiers": 16384}, "#text": 8230}, "Computer": "WIN-LC7SFT89DTG", "RawEvent": {"#attributes": {"xmlns": "http://schemas.microsoft.com/win/2004/08/events/event"}, "System": {"Provider": {"#attributes": {"Name": "Microsoft-Windows-Security-SPP", "Guid": "{E23B33B0-C8C9-472C-A5F9-F2BDFEA0F156}", "EventSourceName": "Software Protection Platform Service"}}, "EventID": {"#attributes": {"Qualifiers": 16384}, "#text": 8230}, "Version": 0, "Level": 4, "Task": 0, "Opcode": 0, "Keywords": "0x80000000000000", "TimeCreated": {"#attributes": {"SystemTime": "2025-08-13T10:54:10.448330Z"}}, "EventRecordID": 25, "Correlation": null, "Execution": {"#attributes": {"ProcessID": 0, "ThreadID": 0}}, "Channel": "Application", "Computer": "WIN-LC7SFT89DTG", "Security": null}, "EventData": {"Data": {"#text": "Security-SPP-Action-StateData (REG_SZ) =AppId=55c92734-d682-4d71-983e-d6ec3f16059f;GraceEndDate=2025/08/23:10:51:10;LastConsumptionReason=0x4004f00c;LastNotificationId=NeverActivated;LicenseState=SL_LICENSING_STATUS_IN_GRACE_PERIOD;PartialProductKey=Y7XRX;ProductKeyType=Retail:TB:Eval;SkuId=7783a126-c108-4cf7-b59f-13c78c7a7337;ruleId=31e71c49-8da7-4a2f-ad92-45d98a1c79ba;uxDifferentiator=TIMEBASED_EVAL"}, "Binary": null}}},
{"TimeGenerated": "2025-08-13T10:54:14.480027Z", "EventID": {"#attributes": {"Qualifiers": 16384}, "#text": 1013}, "Computer": "WIN-LC7SFT89DTG", "RawEvent": {"#attributes": {"xmlns": "http://schemas.microsoft.com/win/2004/08/events/event"}, "System": {"Provider": {"#attributes": {"Name": "Microsoft-Windows-Security-SPP", "Guid": "{E23B33B0-C8C9-472C-A5F9-F2BDFEA0F156}", "EventSourceName": "Software Protection Platform Service"}}, "EventID": {"#attributes": {"Qualifiers": 16384}, "#text": 1013}, "Version": 0, "Level": 0, "Task": 0, "Opcode": 0, "Keywords": "0x80000000000000", "TimeCreated": {"#attributes": {"SystemTime": "2025-08-13T10:54:14.480027Z"}}, "EventRecordID": 26, "Correlation": null, "Execution": {"#attributes": {"ProcessID": 0, "ThreadID": 0}}, "Channel": "Application", "Computer": "WIN-LC7SFT89DTG", "Security": null}, "EventData": {"Data": {"#text": "7783a126-c108-4cf7-b59f-13c78c7a7337"}, "Binary": null}}},
{"TimeGenerated": "2025-08-13T10:54:14.511236Z", "EventID": {"#attributes": {"Qualifiers": 16384}, "#text": 1004}, "Computer": "WIN-LC7SFT89DTG", "RawEvent": {"#attributes": {"xmlns": "http://schemas.microsoft.com/win/2004/08/events/event"}, "System": {"Provider": {"#attributes": {"Name": "Microsoft-Windows-Security-SPP", "Guid": "{E23B33B0-C8C9-472C-A5F9-F2BDFEA0F156}", "EventSourceName": "Software Protection Platform Service"}}, "EventID": {"#attributes": {"Qualifiers": 16384}, "#text": 1004}, "Version": 0, "Level": 4, "Task": 0, "Opcode": 0, "Keywords": "0x80000000000000", "TimeCreated": {"#attributes": {"SystemTime": "2025-08-13T10:54:14.511236Z"}}, "EventRecordID": 27, "Correlation": null, "Execution": {"#attributes": {"ProcessID": 0, "ThreadID": 0}}, "Channel": "Application", "Computer": "WIN-LC7SFT89DTG", "Security": null}, "EventData": {"Data": {"#text": ["XrML 2.1 License - {msft:sl/EUL/ACTIVATED/PUBLIC}", "7fe6f738-321f-43bf-baf1-f97d9e927320"]}, "Binary": null}}},
{"TimeGenerated": "2025-08-13T10:54:14.511236Z", "EventID": {"#attributes": {"Qualifiers": 16384}, "#text": 1004}, "Computer": "WIN-LC7SFT89DTG", "RawEvent": {"#attributes": {"xmlns": "http://schemas.microsoft.com/win/2004/08/events/event"}, "System": {"Provider": {"#attributes": {"Name": "Microsoft-Windows-Security-SPP", "Guid": "{E23B33B0-C8C9-472C-A5F9-F2BDFEA0F156}", "EventSourceName": "Software Protection Platform Service"}}, "EventID": {"#attributes": {"Qualifiers": 16384}, "#text": 1004}, "Version": 0, "Level": 4, "Task": 0, "Opcode": 0, "Keywords": "0x80000000000000", "TimeCreated": {"#attributes": {"SystemTime": "2025-08-13T10:54:14.511236Z"}}, "EventRecordID": 28, "Correlation": null, "Execution": {"#attributes": {"ProcessID": 0, "ThreadID": 0}}, "Channel": "Application", "Computer": "WIN-LC7SFT89DTG", "Security": null}, "EventData": {"Data": {"#text": ["XrML 2.1 License - {msft:sl/EUL/ACTIVATED/PRIVATE}", "d102ad5b-9541-4738-974a-a9a5fda31267"]}, "Binary": null}}},
{"TimeGenerated": "2025-08-13T10:54:14.526961Z", "EventID": {"#attributes": {"Qualifiers": 32768}, "#text": 1067}, "Computer": "WIN-LC7SFT89DTG", "RawEvent": {"#attributes": {"xmlns": "http://schemas.microsoft.com/win/2004/08/events/event"}, "System": {"Provider": {"#attributes": {"Name": "Microsoft-Windows-Security-SPP", "Guid": "{E23B33B0-C8C9-472C-A5F9-F2BDFEA0F156}", "EventSourceName": "Software Protection Platform Service"}}, "EventID": {"#attributes": {"Qualifiers": 32768}, "#text": 1067}, "Version": 0, "Level": 4, "Task": 0, "Opcode": 0, "Keywords": "0x80000000000000", "TimeCreated": {"#attributes": {"SystemTime": "2025-08-13T10:54:14.526961Z"}}, "EventRecordID": 29, "Correlation": null, "Execution": {"#attributes": {"ProcessID": 0, "ThreadID": 0}}, "Channel": "Application", "Computer": "WIN-LC7SFT89DTG", "Security": null}, "EventData": {"Data": {"#text": ["0x00000000", "7783a126-c108-4cf7-b59f-13c78c7a7337", "SL_ACTIVATION_VALIDATION_IN_PROGRESS"]}, "Binary": "01000000"}}},
{"TimeGenerated": "2025-08-13T10:54:15.949673Z", "EventID": {"#attributes": {"Qualifiers": 49152}, "#text": 20488}, "Computer": "WIN-LC7SFT89DTG", "RawEvent": {"#attributes": {"xmlns": "http://schemas.microsoft.com/win/2004/08/events/event"}, "System": {"Provider": {"#attributes": {"Name": "Microsoft-Windows-Security-SPP", "Guid": "{E23B33B0-C8C9-472C-A5F9-F2BDFEA0F156}", "EventSourceName": "Software Protection Platform Service"}}, "EventID": {"#attributes": {"Qualifiers": 49152}, "#text": 20488}, "Version": 0, "Level": 4, "Task": 0, "Opcode": 0, "Keywords": "0x80000000000000", "TimeCreated": {"#attributes": {"SystemTime": "2025-08-13T10:54:15.949673Z"}}, "EventRecordID": 30, "Correlation": null, "Execution": {"#attributes": {"ProcessID": 0, "ThreadID": 0}}, "Channel": "Application", "Computer": "WIN-LC7SFT89DTG", "Security": null}, "EventData": {"Data": {"#text": ""}, "Binary": null}}},
{"TimeGenerated": "2025-08-13T10:54:16.105283Z", "EventID": {"#attributes": {"Qualifiers": 49152}, "#text": 20481}, "Computer": "WIN-LC7SFT89DTG", "RawEvent": {"#attributes": {"xmlns": "http://schemas.microsoft.com/win/2004/08/events/event"}, "System": {"Provider": {"#attributes": {"Name": "Microsoft-Windows-Security-SPP", "Guid": "{E23B33B0-C8C9-472C-A5F9-F2BDFEA0F156}", "EventSourceName": "Software Protection Platform Service"}}, "EventID": {"#attributes": {"Qualifiers": 49152}, "#text": 20481}, "Version": 0, "Level": 4, "Task": 0, "Opcode": 0, "Keywords": "0x80000000000000", "TimeCreated": {"#attributes": {"SystemTime": "2025-08-13T10:54:16.105283Z"}}, "EventRecordID": 31, "Correlation": null, "Execution": {"#attributes": {"ProcessID": 0, "ThreadID": 0}}, "Channel": "Application", "Computer": "WIN-LC7SFT89DTG", "Security": null}, "EventData": {"Data": {"#text": ""}, "Binary": null}}},
{"TimeGenerated": "2025-08-13T10:54:16.230365Z", "EventID": {"#attributes": {"Qualifiers": 49152}, "#text": 20482}, "Computer": "WIN-LC7SFT89DTG", "RawEvent": {"#attributes": {"xmlns": "http://schemas.microsoft.com/win/2004/08/events/event"}, "System": {"Provider": {"#attributes": {"Name": "Microsoft-Windows-Security-SPP", "Guid": "{E23B33B0-C8C9-472C-A5F9-F2BDFEA0F156}", "EventSourceName": "Software Protection Platform Service"}}, "EventID": {"#attributes": {"Qualifiers": 49152}, "#text": 20482}, "Version": 0, "Level": 4, "Task": 0, "Opcode": 0, "Keywords": "0x80000000000000", "TimeCreated": {"#attributes": {"SystemTime": "2025-08-13T10:54:16.230365Z"}}, "EventRecordID": 32, "Correlation": null, "Execution": {"#attributes": {"ProcessID": 0, "ThreadID": 0}}, "Channel": "Application", "Computer": "WIN-LC7SFT89DTG", "Security": null}, "EventData": {"Data": {"#text": ""}, "Binary": null}}},
{"TimeGenerated": "2025-08-13T10:54:16.323901Z", "EventID": {"#attributes": {"Qualifiers": 16384}, "#text": 1034}, "Computer": "WIN-LC7SFT89DTG", "RawEvent": {"#attributes": {"xmlns": "http://schemas.microsoft.com/win/2004/08/events/event"}, "System": {"Provider": {"#attributes": {"Name": "Microsoft-Windows-Security-SPP", "Guid": "{E23B33B0-C8C9-472C-A5F9-F2BDFEA0F156}", "EventSourceName": "Software Protection Platform Service"}}, "EventID": {"#attributes": {"Qualifiers": 16384}, "#text": 1034}, "Version": 0, "Level": 4, "Task": 0, "Opcode": 0, "Keywords": "0x80000000000000", "TimeCreated": {"#attributes": {"SystemTime": "2025-08-13T10:54:16.323901Z"}}, "EventRecordID": 33, "Correlation": null, "Execution": {"#attributes": {"ProcessID": 0, "ThreadID": 0}}, "Channel": "Application", "Computer": "WIN-LC7SFT89DTG", "Security": null}, "EventData": {"Data": {"#text": ["Security-SPP-WriteWauMarker", "500"]}, "Binary": null}}},
{"TimeGenerated": "2025-08-13T10:54:16.402349Z", "EventID": {"#attributes": {"Qualifiers": 49152}, "#text": 20489}, "Computer": "WIN-LC7SFT89DTG", "RawEvent": {"#attributes": {"xmlns": "http://schemas.microsoft.com/win/2004/08/events/event"}, "System": {"Provider": {"#attributes": {"Name": "Microsoft-Windows-Security-SPP", "Guid": "{E23B33B0-C8C9-472C-A5F9-F2BDFEA0F156}", "EventSourceName": "Software Protection Platform Service"}}, "EventID": {"#attributes": {"Qualifiers": 49152}, "#text": 20489}, "Version": 0, "Level": 4, "Task": 0, "Opcode": 0, "Keywords": "0x80000000000000", "TimeCreated": {"#attributes": {"SystemTime": "2025-08-13T10:54:16.402349Z"}}, "EventRecordID": 34, "Correlation": null, "Execution": {"#attributes": {"ProcessID": 0, "ThreadID": 0}}, "Channel": "Application", "Computer": "WIN-LC7SFT89DTG", "Security": null}, "EventData": {"Data": {"#text": ""}, "Binary": null}}},
{"TimeGenerated": "2025-08-13T10:54:17.355368Z", "EventID": {"#attributes": {"Qualifiers": 16384}, "#text": 12305}, "Computer": "WIN-LC7SFT89DTG", "RawEvent": {"#attributes": {"xmlns": "http://schemas.microsoft.com/win/2004/08/events/event"}, "System": {"Provider": {"#attributes": {"Name": "Microsoft-Windows-Security-SPP", "Guid": "{E23B33B0-C8C9-472C-A5F9-F2BDFEA0F156}", "EventSourceName": "Software Protection Platform Service"}}, "EventID": {"#attributes": {"Qualifiers": 16384}, "#text": 12305}, "Version": 0, "Level": 4, "Task": 0, "Opcode": 0, "Keywords": "0x80000000000000", "TimeCreated": {"#attributes": {"SystemTime": "2025-08-13T10:54:17.355368Z"}}, "EventRecordID": 35, "Correlation": null, "Execution": {"#attributes": {"ProcessID": 0, "ThreadID": 0}}, "Channel": "Application", "Computer": "WIN-LC7SFT89DTG", "Security": null}, "EventData": {"Data": {"#text": "55c92734-d682-4d71-983e-d6ec3f16059f"}, "Binary": null}}},
{"TimeGenerated": "2025-08-13T10:54:17.355368Z", "EventID": {"#attributes": {"Qualifiers": 16384}, "#text": 12304}, "Computer": "WIN-LC7SFT89DTG", "RawEvent": {"#attributes": {"xmlns": "http://schemas.microsoft.com/win/2004/08/events/event"}, "System": {"Provider": {"#attributes": {"Name": "Microsoft-Windows-Security-SPP", "Guid": "{E23B33B0-C8C9-472C-A5F9-F2BDFEA0F156}", "EventSourceName": "Software Protection Platform Service"}}, "EventID": {"#attributes": {"Qualifiers": 16384}, "#text": 12304}, "Version": 0, "Level": 4, "Task": 0, "Opcode": 0, "Keywords": "0x80000000000000", "TimeCreated": {"#attributes": {"SystemTime": "2025-08-13T10:54:17.355368Z"}}, "EventRecordID": 36, "Correlation": null, "Execution": {"#attributes": {"ProcessID": 0, "ThreadID": 0}}, "Channel": "Application", "Computer": "WIN-LC7SFT89DTG", "Security": null}, "EventData": {"Data": {"#text": "{99d92734-d682-4d71-983e-d6ec3f16059f}"}, "Binary": null}}},
{"TimeGenerated": "2025-08-13T10:54:17.670048Z", "EventID": {"#attributes": {"Qualifiers": 16384}, "#text": 12311}, "Computer": "WIN-LC7SFT89DTG", "RawEvent": {"#attributes": {"xmlns": "http://schemas.microsoft.com/win/2004/08/events/event"}, "System": {"Provider": {"#attributes": {"Name": "Microsoft-Windows-Security-SPP", "Guid": "{E23B33B0-C8C9-472C-A5F9-F2BDFEA0F156}", "EventSourceName": "Software Protection Platform Service"}}, "EventID": {"#attributes": {"Qualifiers": 16384}, "#text": 12311}, "Version": 0, "Level": 4, "Task": 0, "Opcode": 0, "Keywords": "0x80000000000000", "TimeCreated": {"#attributes": {"SystemTime": "2025-08-13T10:54:17.670048Z"}}, "EventRecordID": 37, "Correlation": null, "Execution": {"#attributes": {"ProcessID": 0, "ThreadID": 0}}, "Channel": "Application", "Computer": "WIN-LC7SFT89DTG", "Security": null}, "EventData": {"Data": {"#text": ""}, "Binary": null}}},
{"TimeGenerated": "2025-08-13T10:54:18.143062Z", "EventID": {"#attributes": {"Qualifiers": 16384}, "#text": 1036}, "Computer": "WIN-LC7SFT89DTG", "RawEvent": {"#attributes": {"xmlns": "http://schemas.microsoft.com/win/2004/08/events/event"}, "System": {"Provider": {"#attributes": {"Name": "Microsoft-Windows-Security-SPP", "Guid": "{E23B33B0-C8C9-472C-A5F9-F2BDFEA0F156}", "EventSourceName": "Software Protection Platform Service"}}, "EventID": {"#attributes": {"Qualifiers": 16384}, "#text": 1036}, "Version": 0, "Level": 4, "Task": 0, "Opcode": 0, "Keywords": "0x80000000000000", "TimeCreated": {"#attributes": {"SystemTime": "2025-08-13T10:54:18.143062Z"}}, "EventRecordID": 38, "Correlation": null, "Execution": {"#attributes": {"ProcessID": 0, "ThreadID": 0}}, "Channel": "Application", "Computer": "WIN-LC7SFT89DTG", "Security": null}, "EventData": {"Data": {"#text": ["259200", "9"]}, "Binary": null}}},
{"TimeGenerated": "2025-08-13T10:54:18.178791Z", "EventID": {"#attributes": {"Qualifiers": 16384}, "#text": 1034}, "Computer": "WIN-LC7SFT89DTG", "RawEvent": {"#attributes": {"xmlns": "http://schemas.microsoft.com/win/2004/08/events/event"}, "System": {"Provider": {"#attributes": {"Name": "Microsoft-Windows-Security-SPP", "Guid": "{E23B33B0-C8C9-472C-A5F9-F2BDFEA0F156}", "EventSourceName": "Software Protection Platform Service"}}, "EventID": {"#attributes": {"Qualifiers": 16384}, "#text": 1034}, "Version": 0, "Level": 4, "Task": 0, "Opcode": 0, "Keywords": "0x80000000000000", "TimeCreated": {"#attributes": {"SystemTime": "2025-08-13T10:54:18.178791Z"}}, "EventRecordID": 39, "Correlation": null, "Execution": {"#attributes": {"ProcessID": 0, "ThreadID": 0}}, "Channel": "Application", "Computer": "WIN-LC7SFT89DTG", "Security": null}, "EventData": {"Data": {"#text": ["Security-SPP-Reserved-LicenseProperties", "100"]}, "Binary": null}}},
{"TimeGenerated": "2025-08-13T10:54:18.179700Z", "EventID": {"#attributes": {"Qualifiers": 16384}, "#text": 1033}, "Computer": "WIN-LC7SFT89DTG", "RawEvent": {"#attributes": {"xmlns": "http://schemas.microsoft.com/win/2004/08/events/event"}, "System": {"Provider": {"#attributes": {"Name": "Microsoft-Windows-Security-SPP", "Guid": "{E23B33B0-C8C9-472C-A5F9-F2BDFEA0F156}", "EventSourceName": "Software Protection Platform Service"}}, "EventID": {"#attributes": {"Qualifiers": 16384}, "#text": 1033}, "Version": 0, "Level": 4, "Task": 0, "Opcode": 0, "Keywords": "0x80000000000000", "TimeCreated": {"#attributes": {"SystemTime": "2025-08-13T10:54:18.179700Z"}}, "EventRecordID": 40, "Correlation": null, "Execution": {"#attributes": {"ProcessID": 0, "ThreadID": 0}}, "Channel": "Application", "Computer": "WIN-LC7SFT89DTG", "Security": null}, "EventData": {"Data": {"#text": ["(Security-SPP-Reserved-EnableNotificationMode) ", "55c92734-d682-4d71-983e-d6ec3f16059f", "7783a126-c108-4cf7-b59f-13c78c7a7337"]}, "Binary": null}}},
{"TimeGenerated": "2025-08-13T10:54:18.268096Z", "EventID": {"#attributes": {"Qualifiers": 16384}, "#text": 1003}, "Computer": "WIN-LC7SFT89DTG", "RawEvent": {"#attributes": {"xmlns": "http://schemas.microsoft.com/win/2004/08/events/event"}, "System": {"Provider": {"#attributes": {"Name": "Microsoft-Windows-Security-SPP", "Guid": "{E23B33B0-C8C9-472C-A5F9-F2BDFEA0F156}", "EventSourceName": "Software Protection Platform Service"}}, "EventID": {"#attributes": {"Qualifiers": 16384}, "#text": 1003}, "Version": 0, "Level": 4, "Task": 0, "Opcode": 0, "Keywords": "0x80000000000000", "TimeCreated": {"#attributes": {"SystemTime": "2025-08-13T10:54:18.268096Z"}}, "EventRecordID": 41, "Correlation": null, "Execution": {"#attributes": {"ProcessID": 0, "ThreadID": 0}}, "Channel": "Application", "Computer": "WIN-LC7SFT89DTG", "Security": null}, "EventData": {"Data": {"#text": ["55c92734-d682-4d71-983e-d6ec3f16059f", "\n1: 7783a126-c108-4cf7-b59f-13c78c7a7337, 1, 1 [(0 [0x00000000, 1, 0], [(?)( 1 0x00000000)(?)( 2 0x00000000 0 0 msft:rm/algorithm/hwid/4.0 0x00000000 0)(?)( 9 0x00000000 180 259200)( 10 0x00000000 msft:rm/algorithm/flags/1.0)(?)])(1 )(2 )(3 )]\n\n"]}, "Binary": null}}},
{"TimeGenerated": "2025-08-13T10:54:18.272100Z", "EventID": {"#attributes": {"Qualifiers": 32768}, "#text": 1037}, "Computer": "WIN-LC7SFT89DTG", "RawEvent": {"#attributes": {"xmlns": "http://schemas.microsoft.com/win/2004/08/events/event"}, "System": {"Provider": {"#attributes": {"Name": "Microsoft-Windows-Security-SPP", "Guid": "{E23B33B0-C8C9-472C-A5F9-F2BDFEA0F156}", "EventSourceName": "Software Protection Platform Service"}}, "EventID": {"#attributes": {"Qualifiers": 32768}, "#text": 1037}, "Version": 0, "Level": 4, "Task": 0, "Opcode": 0, "Keywords": "0x80000000000000", "TimeCreated": {"#attributes": {"SystemTime": "2025-08-13T10:54:18.272100Z"}}, "EventRecordID": 42, "Correlation": null, "Execution": {"#attributes": {"ProcessID": 0, "ThreadID": 0}}, "Channel": "Application", "Computer": "WIN-LC7SFT89DTG", "Security": null}, "EventData": {"Data": {"#text": ["validity", "259200"]}, "Binary": null}}},
{"TimeGenerated": "2025-08-13T10:54:18.326491Z", "EventID": {"#attributes": {"Qualifiers": 16384}, "#text": 1003}, "Computer": "WIN-LC7SFT89DTG", "RawEvent": {"#attributes": {"xmlns": "http://schemas.microsoft.com/win/2004/08/events/event"}, "System": {"Provider": {"#attributes": {"Name": "Microsoft-Windows-Security-SPP", "Guid": "{E23B33B0-C8C9-472C-A5F9-F2BDFEA0F156}", "EventSourceName": "Software Protection Platform Service"}}, "EventID": {"#attributes": {"Qualifiers": 16384}, "#text": 1003}, "Version": 0, "Level": 4, "Task": 0, "Opcode": 0, "Keywords": "0x80000000000000", "TimeCreated": {"#attributes": {"SystemTime": "2025-08-13T10:54:18.326491Z"}}, "EventRecordID": 43, "Correlation": null, "Execution": {"#attributes": {"ProcessID": 0, "ThreadID": 0}}, "Channel": "Application", "Computer": "WIN-LC7SFT89DTG", "Security": null}, "EventData": {"Data": {"#text": ["55c92734-d682-4d71-983e-d6ec3f16059f", "\n1: 7783a126-c108-4cf7-b59f-13c78c7a7337, 1, 1 [(0 [0x00000000, 1, 0], [(?)( 1 0x00000000)(?)( 2 0x00000000 0 0 msft:rm/algorithm/hwid/4.0 0x00000000 0)(?)( 9 0x00000000 180 259200)( 10 0x00000000 msft:rm/algorithm/flags/1.0)(?)])(1 )(2 )(3 )]\n\n"]}, "Binary": null}}},
{"TimeGenerated": "2025-08-13T10:54:18.360456Z", "EventID": {"#attributes": {"Qualifiers": 16384}, "#text": 1003}, "Computer": "WIN-LC7SFT89DTG", "RawEvent": {"#attributes": {"xmlns": "http://schemas.microsoft.com/win/2004/08/events/event"}, "System": {"Provider": {"#attributes": {"Name": "Microsoft-Windows-Security-SPP", "Guid": "{E23B33B0-C8C9-472C-A5F9-F2BDFEA0F156}", "EventSourceName": "Software Protection Platform Service"}}, "EventID": {"#attributes": {"Qualifiers": 16384}, "#text": 1003}, "Version": 0, "Level": 4, "Task": 0, "Opcode": 0, "Keywords": "0x80000000000000", "TimeCreated": {"#attributes": {"SystemTime": "2025-08-13T10:54:18.360456Z"}}, "EventRecordID": 44, "Correlation": null, "Execution": {"#attributes": {"ProcessID": 0, "ThreadID": 0}}, "Channel": "Application", "Computer": "WIN-LC7SFT89DTG", "Security": null}, "EventData": {"Data": {"#text": ["55c92734-d682-4d71-983e-d6ec3f16059f", "\n1: 7783a126-c108-4cf7-b59f-13c78c7a7337, 1, 1 [(0 [0x00000000, 1, 0], [(?)( 1 0x00000000)(?)( 2 0x00000000 0 0 msft:rm/algorithm/hwid/4.0 0x00000000 0)(?)( 9 0x00000000 180 259200)( 10 0x00000000 msft:rm/algorithm/flags/1.0)(?)])(1 )(2 )(3 )]\n\n"]}, "Binary": null}}},
{"TimeGenerated": "2025-08-13T10:54:18.372097Z", "EventID": {"#attributes": {"Qualifiers": 49152}, "#text": 8197}, "Computer": "WIN-LC7SFT89DTG", "RawEvent": {"#attributes": {"xmlns": "http://schemas.microsoft.com/win/2004/08/events/event"}, "System": {"Provider": {"#attributes": {"Name": "Microsoft-Windows-Security-SPP", "Guid": "{E23B33B0-C8C9-472C-A5F9-F2BDFEA0F156}", "EventSourceName": "Software Protection Platform Service"}}, "EventID": {"#attributes": {"Qualifiers": 49152}, "#text": 8197}, "Version": 0, "Level": 4, "Task": 0, "Opcode": 0, "Keywords": "0x80000000000000", "TimeCreated": {"#attributes": {"SystemTime": "2025-08-13T10:54:18.372097Z"}}, "EventRecordID": 45, "Correlation": null, "Execution": {"#attributes": {"ProcessID": 0, "ThreadID": 0}}, "Channel": "Application", "Computer": "WIN-LC7SFT89DTG", "Security": null}, "EventData": {"Data": {"#text": "RuleId=31e71c49-8da7-4a2f-ad92-45d98a1c79ba;Action=AutoActivate;AppId=55c92734-d682-4d71-983e-d6ec3f16059f;SkuId=7783a126-c108-4cf7-b59f-13c78c7a7337;NotificationInterval=1440;Trigger=UserLogon;SessionId=1"}, "Binary": null}}},
{"TimeGenerated": "2025-08-13T10:54:18.425101Z", "EventID": {"#attributes": {"Qualifiers": 16384}, "#text": 8230}, "Computer": "WIN-LC7SFT89DTG", "RawEvent": {"#attributes": {"xmlns": "http://schemas.microsoft.com/win/2004/08/events/event"}, "System": {"Provider": {"#attributes": {"Name": "Microsoft-Windows-Security-SPP", "Guid": "{E23B33B0-C8C9-472C-A5F9-F2BDFEA0F156}", "EventSourceName": "Software Protection Platform Service"}}, "EventID": {"#attributes": {"Qualifiers": 16384}, "#text": 8230}, "Version": 0, "Level": 4, "Task": 0, "Opcode": 0, "Keywords": "0x80000000000000", "TimeCreated": {"#attributes": {"SystemTime": "2025-08-13T10:54:18.425101Z"}}, "EventRecordID": 46, "Correlation": null, "Execution": {"#attributes": {"ProcessID": 0, "ThreadID": 0}}, "Channel": "Application", "Computer": "WIN-LC7SFT89DTG", "Security": null}, "EventData": {"Data": {"#text": "Security-SPP-Action-StateData (REG_SZ) =AppId=55c92734-d682-4d71-983e-d6ec3f16059f;GraceEndDate=2026/02/09:10:54:18;LastConsumptionReason=0x4004fc04;LastNotificationId=Cleanup;LicenseState=SL_LICENSING_STATUS_LICENSED;PartialProductKey=Y7XRX;ProductKeyType=Retail:TB:Eval;SkuId=7783a126-c108-4cf7-b59f-13c78c7a7337;ruleId=379cccfb-d4e0-48fe-b0f2-0136097be147;uxDifferentiator=TIMEBASED_EVAL"}, "Binary": null}}},
{"TimeGenerated": "2025-08-13T10:54:18.437429Z", "EventID": {"#attributes": {"Qualifiers": 49152}, "#text": 8197}, "Computer": "WIN-LC7SFT89DTG", "RawEvent": {"#attributes": {"xmlns": "http://schemas.microsoft.com/win/2004/08/events/event"}, "System": {"Provider": {"#attributes": {"Name": "Microsoft-Windows-Security-SPP", "Guid": "{E23B33B0-C8C9-472C-A5F9-F2BDFEA0F156}", "EventSourceName": "Software Protection Platform Service"}}, "EventID": {"#attributes": {"Qualifiers": 49152}, "#text": 8197}, "Version": 0, "Level": 4, "Task": 0, "Opcode": 0, "Keywords": "0x80000000000000", "TimeCreated": {"#attributes": {"SystemTime": "2025-08-13T10:54:18.437429Z"}}, "EventRecordID": 47, "Correlation": null, "Execution": {"#attributes": {"ProcessID": 0, "ThreadID": 0}}, "Channel": "Application", "Computer": "WIN-LC7SFT89DTG", "Security": null}, "EventData": {"Data": {"#text": "RuleId=379cccfb-d4e0-48fe-b0f2-0136097be147;Action=CleanupState;AppId=55c92734-d682-4d71-983e-d6ec3f16059f;SkuId=7783a126-c108-4cf7-b59f-13c78c7a7337;Trigger=TimerEvent"}, "Binary": null}}},
{"TimeGenerated": "2025-08-13T10:54:35.903350Z", "EventID": {"#attributes": {"Qualifiers": 0}, "#text": 4097}, "Computer": "WIN-LC7SFT89DTG", "RawEvent": {"#attributes": {"xmlns": "http://schemas.microsoft.com/win/2004/08/events/event"}, "System": {"Provider": {"#attributes": {"Name": "Microsoft-Windows-CAPI2", "Guid": "{5bbca4a8-b209-48dc-a8c7-b23d3e5216fb}", "EventSourceName": "Microsoft-Windows-CAPI2"}}, "EventID": {"#attributes": {"Qualifiers": 0}, "#text": 4097}, "Version": 0, "Level": 4, "Task": 0, "Opcode": 0, "Keywords": "0x8080000000000000", "TimeCreated": {"#attributes": {"SystemTime": "2025-08-13T10:54:35.903350Z"}}, "EventRecordID": 48, "Correlation": null, "Execution": {"#attributes": {"ProcessID": 1184, "ThreadID": 1216}}, "Channel": "Application", "Computer": "WIN-LC7SFT89DTG", "Security": null}, "EventData": {"Data": {"#text": ["CN=GlobalSign, O=GlobalSign, OU=GlobalSign Root CA - R3", "D69B561148F01C77C54578C10926DF5B856976AD"]}, "Binary": null}}},
{"TimeGenerated": "2025-08-13T10:54:36.231565Z", "EventID": {"#attributes": {"Qualifiers": 0}, "#text": 4109}, "Computer": "WIN-LC7SFT89DTG", "RawEvent": {"#attributes": {"xmlns": "http://schemas.microsoft.com/win/2004/08/events/event"}, "System": {"Provider": {"#attributes": {"Name": "Microsoft-Windows-CAPI2", "Guid": "{5bbca4a8-b209-48dc-a8c7-b23d3e5216fb}", "EventSourceName": "Microsoft-Windows-CAPI2"}}, "EventID": {"#attributes": {"Qualifiers": 0}, "#text": 4109}, "Version": 0, "Level": 4, "Task": 0, "Opcode": 0, "Keywords": "0x8080000000000000", "TimeCreated": {"#attributes": {"SystemTime": "2025-08-13T10:54:36.231565Z"}}, "EventRecordID": 49, "Correlation": null, "Execution": {"#attributes": {"ProcessID": 1184, "ThreadID": 1216}}, "Channel": "Application", "Computer": "WIN-LC7SFT89DTG", "Security": null}, "EventData": {"Data": {"#text": ["OU=Class 3 Public Primary Certification Authority, O=\"VeriSign, Inc.\", C=US", "742C3192E607E424EB4549542BE1BBC53E6174E2"]}, "Binary": null}}},
{"TimeGenerated": "2025-08-13T10:54:36.231565Z", "EventID": {"#attributes": {"Qualifiers": 0}, "#text": 4108}, "Computer": "WIN-LC7SFT89DTG", "RawEvent": {"#attributes": {"xmlns": "http://schemas.microsoft.com/win/2004/08/events/event"}, "System": {"Provider": {"#attributes": {"Name": "Microsoft-Windows-CAPI2", "Guid": "{5bbca4a8-b209-48dc-a8c7-b23d3e5216fb}", "EventSourceName": "Microsoft-Windows-CAPI2"}}, "EventID": {"#attributes": {"Qualifiers": 0}, "#text": 4108}, "Version": 0, "Level": 4, "Task": 0, "Opcode": 0, "Keywords": "0x8080000000000000", "TimeCreated": {"#attributes": {"SystemTime": "2025-08-13T10:54:36.231565Z"}}, "EventRecordID": 50, "Correlation": null, "Execution": {"#attributes": {"ProcessID": 1184, "ThreadID": 1216}}, "Channel": "Application", "Computer": "WIN-LC7SFT89DTG", "Security": null}, "EventData": {"Data": {"#text": ["OU=Class 3 Public Primary Certification Authority, O=\"VeriSign, Inc.\", C=US", "4F65566336DB6598581D584A596C87934D5F2AB4"]}, "Binary": null}}},
{"TimeGenerated": "2025-08-13T10:54:36.231565Z", "EventID": {"#attributes": {"Qualifiers": 0}, "#text": 4111}, "Computer": "WIN-LC7SFT89DTG", "RawEvent": {"#attributes": {"xmlns": "http://schemas.microsoft.com/win/2004/08/events/event"}, "System": {"Provider": {"#attributes": {"Name": "Microsoft-Windows-CAPI2", "Guid": "{5bbca4a8-b209-48dc-a8c7-b23d3e5216fb}", "EventSourceName": "Microsoft-Windows-CAPI2"}}, "EventID": {"#attributes": {"Qualifiers": 0}, "#text": 4111}, "Version": 0, "Level": 4, "Task": 0, "Opcode": 0, "Keywords": "0x8080000000000000", "TimeCreated": {"#attributes": {"SystemTime": "2025-08-13T10:54:36.231565Z"}}, "EventRecordID": 51, "Correlation": null, "Execution": {"#attributes": {"ProcessID": 1184, "ThreadID": 1216}}, "Channel": "Application", "Computer": "WIN-LC7SFT89DTG", "Security": null}, "EventData": {"Data": {"#text": "\u200eMonday, \u200eJune \u200e16, \u200e2025 10:56:11 AM"}, "Binary": null}}},
{"TimeGenerated": "2025-08-13T10:54:36.231565Z", "EventID": {"#attributes": {"Qualifiers": 0}, "#text": 4097}, "Computer": "WIN-LC7SFT89DTG", "RawEvent": {"#attributes": {"xmlns": "http://schemas.microsoft.com/win/2004/08/events/event"}, "System": {"Provider": {"#attributes": {"Name": "Microsoft-Windows-CAPI2", "Guid": "{5bbca4a8-b209-48dc-a8c7-b23d3e5216fb}", "EventSourceName": "Microsoft-Windows-CAPI2"}}, "EventID": {"#attributes": {"Qualifiers": 0}, "#text": 4097}, "Version": 0, "Level": 4, "Task": 0, "Opcode": 0, "Keywords": "0x8080000000000000", "TimeCreated": {"#attributes": {"SystemTime": "2025-08-13T10:54:36.231565Z"}}, "EventRecordID": 52, "Correlation": null, "Execution": {"#attributes": {"ProcessID": 1184, "ThreadID": 1216}}, "Channel": "Application", "Computer": "WIN-LC7SFT89DTG", "Security": null}, "EventData": {"Data": {"#text": ["CN=DigiCert Trusted Root G4, OU=www.digicert.com, O=DigiCert Inc, C=US", "DDFB16CD4931C973A2037D3FC83A4D7D775D05E4"]}, "Binary": null}}},
