{"TimeGenerated": "2025-08-13T10:55:55.936709Z", "EventID": 20001, "Computer": "WIN-LC7SFT89DTG", "RawEvent": {"#attributes": {"xmlns": "http://schemas.microsoft.com/win/2004/08/events/event"}, "System": {"Provider": {"#attributes": {"Name": "Microsoft-Windows-UserPnp", "Guid": "96F4A050-7E31-453C-88BE-9634F4E02139"}}, "EventID": 20001, "Version": 0, "Level": 4, "Task": 7005, "Opcode": 0, "Keywords": "0x8000000000000000", "TimeCreated": {"#attributes": {"SystemTime": "2025-08-13T10:55:55.936709Z"}}, "EventRecordID": 370, "Correlation": null, "Execution": {"#attributes": {"ProcessID": 4084, "ThreadID": 6176}}, "Channel": "System", "Computer": "WIN-LC7SFT89DTG", "Security": {"#attributes": {"UserID": "S-1-5-18"}}}, "UserData": {"InstallDeviceID": {"#attributes": {"xmlns": "http://manifests.microsoft.com/win/2004/08/windows/userpnp"}, "DriverName": "vmusbmouse.inf_amd64_10216c6a1ee90ca6", "DriverVersion": "12.5.12.0", "DriverProvider": "VMware, Inc.", "DeviceInstanceID": "HID\\VID_0E0F&PID_0003&MI_00\\8&367BFB7C&0&0000", "SetupClass": "4D36E96F-E325-11CE-BFC1-08002BE10318", "RebootOption": false, "UpgradeDevice": true, "IsDriverOEM": true, "InstallStatus": "0x0", "DriverDescription": "VMware USB Pointing Device"}}}},
{"TimeGenerated": "2025-08-13T10:55:56.231972Z", "EventID": {"#attributes": {"Qualifiers": 16384}, "#text": 7045}, "Computer": "WIN-LC7SFT89DTG", "RawEvent": {"#attributes": {"xmlns": "http://schemas.microsoft.com/win/2004/08/events/event"}, "System": {"Provider": {"#attributes": {"Name": "Service Control Manager", "Guid": "{555908d1-a6d7-4695-8e1e-26931d2012f4}", "EventSourceName": "Service Control Manager"}}, "EventID": {"#attributes": {"Qualifiers": 16384}, "#text": 7045}, "Version": 0, "Level": 4, "Task": 0, "Opcode": 0, "Keywords": "0x8080000000000000", "TimeCreated": {"#attributes": {"SystemTime": "2025-08-13T10:55:56.231972Z"}}, "EventRecordID": 371, "Correlation": null, "Execution": {"#attributes": {"ProcessID": 636, "ThreadID": 4188}}, "Channel": "System", "Computer": "WIN-LC7SFT89DTG", "Security": {"#attributes": {"UserID": "S-1-5-18"}}}, "EventData": {"ServiceName": "VMware Pointing Device", "ImagePath": "\\SystemRoot\\System32\\drivers\\vmmouse.sys", "ServiceType": "kernel mode driver", "StartType": "demand start", "AccountName": ""}}},
{"TimeGenerated": "2025-08-13T10:55:56.306176Z", "EventID": 20001, "Computer": "WIN-LC7SFT89DTG", "RawEvent": {"#attributes": {"xmlns": "http://schemas.microsoft.com/win/2004/08/events/event"}, "System": {"Provider": {"#attributes": {"Name": "Microsoft-Windows-UserPnp", "Guid": "96F4A050-7E31-453C-88BE-9634F4E02139"}}, "EventID": 20001, "Version": 0, "Level": 4, "Task": 7005, "Opcode": 0, "Keywords": "0x8000000000000000", "TimeCreated": {"#attributes": {"SystemTime": "2025-08-13T10:55:56.306176Z"}}, "EventRecordID": 372, "Correlation": null, "Execution": {"#attributes": {"ProcessID": 5672, "ThreadID": 4660}}, "Channel": "System", "Computer": "WIN-LC7SFT89DTG", "Security": {"#attributes": {"UserID": "S-1-5-18"}}}, "UserData": {"InstallDeviceID": {"#attributes": {"xmlns": "http://manifests.microsoft.com/win/2004/08/windows/userpnp"}, "DriverName": "vmmouse.inf_amd64_4dc056a5c9628d49", "DriverVersion": "12.5.12.0", "DriverProvider": "VMware, Inc.", "DeviceInstanceID": "ACPI\\VMW0003\\4&1BD7F811&0", "SetupClass": "4D36E96F-E325-11CE-BFC1-08002BE10318", "RebootOption": false, "UpgradeDevice": true, "IsDriverOEM": true, "InstallStatus": "0x0", "DriverDescription": "VMware Pointing Device"}}}},
{"TimeGenerated": "2025-08-13T10:55:56.341254Z", "EventID": {"#attributes": {"Qualifiers": 16384}, "#text": 7045}, "Computer": "WIN-LC7SFT89DTG", "RawEvent": {"#attributes": {"xmlns": "http://schemas.microsoft.com/win/2004/08/events/event"}, "System": {"Provider": {"#attributes": {"Name": "Service Control Manager", "Guid": "{555908d1-a6d7-4695-8e1e-26931d2012f4}", "EventSourceName": "Service Control Manager"}}, "EventID": {"#attributes": {"Qualifiers": 16384}, "#text": 7045}, "Version": 0, "Level": 4, "Task": 0, "Opcode": 0, "Keywords": "0x8080000000000000", "TimeCreated": {"#attributes": {"SystemTime": "2025-08-13T10:55:56.341254Z"}}, "EventRecordID": 373, "Correlation": null, "Execution": {"#attributes": {"ProcessID": 636, "ThreadID": 4188}}, "Channel": "System", "Computer": "WIN-LC7SFT89DTG", "Security": {"#attributes": {"UserID": "S-1-5-18"}}}, "EventData": {"ServiceName": "Memory Control Driver", "ImagePath": "\\SystemRoot\\system32\\DRIVERS\\vmmemctl.sys", "ServiceType": "kernel mode driver", "StartType": "auto start", "AccountName": ""}}},
{"TimeGenerated": "2025-08-13T10:55:57.388040Z", "EventID": {"#attributes": {"Qualifiers": 16384}, "#text": 7045}, "Computer": "WIN-LC7SFT89DTG", "RawEvent": {"#attributes": {"xmlns": "http://schemas.microsoft.com/win/2004/08/events/event"}, "System": {"Provider": {"#attributes": {"Name": "Service Control Manager", "Guid": "{555908d1-a6d7-4695-8e1e-26931d2012f4}", "EventSourceName": "Service Control Manager"}}, "EventID": {"#attributes": {"Qualifiers": 16384}, "#text": 7045}, "Version": 0, "Level": 4, "Task": 0, "Opcode": 0, "Keywords": "0x8080000000000000", "TimeCreated": {"#attributes": {"SystemTime": "2025-08-13T10:55:57.388040Z"}}, "EventRecordID": 374, "Correlation": null, "Execution": {"#attributes": {"ProcessID": 636, "ThreadID": 4188}}, "Channel": "System", "Computer": "WIN-LC7SFT89DTG", "Security": {"#attributes": {"UserID": "S-1-5-18"}}}, "EventData": {"ServiceName": "VMware Host Guest Client Redirector", "ImagePath": "system32\\DRIVERS\\vmhgfs.sys", "ServiceType": "kernel mode driver", "StartType": "demand start", "AccountName": ""}}},
{"TimeGenerated": "2025-08-13T10:55:57.450608Z", "EventID": {"#attributes": {"Qualifiers": 16384}, "#text": 7045}, "Computer": "WIN-LC7SFT89DTG", "RawEvent": {"#attributes": {"xmlns": "http://schemas.microsoft.com/win/2004/08/events/event"}, "System": {"Provider": {"#attributes": {"Name": "Service Control Manager", "Guid": "{555908d1-a6d7-4695-8e1e-26931d2012f4}", "EventSourceName": "Service Control Manager"}}, "EventID": {"#attributes": {"Qualifiers": 16384}, "#text": 7045}, "Version": 0, "Level": 4, "Task": 0, "Opcode": 0, "Keywords": "0x8080000000000000", "TimeCreated": {"#attributes": {"SystemTime": "2025-08-13T10:55:57.450608Z"}}, "EventRecordID": 375, "Correlation": null, "Execution": {"#attributes": {"ProcessID": 636, "ThreadID": 4188}}, "Channel": "System", "Computer": "WIN-LC7SFT89DTG", "Security": {"#attributes": {"UserID": "S-1-5-18"}}}, "EventData": {"ServiceName": "VMware Physical Disk Helper", "ImagePath": "\\SystemRoot\\system32\\DRIVERS\\vmrawdsk.sys", "ServiceType": "kernel mode driver", "StartType": "system start", "AccountName": ""}}},
{"TimeGenerated": "2025-08-13T10:55:59.794475Z", "EventID": {"#attributes": {"Qualifiers": 16384}, "#text": 7045}, "Computer": "WIN-LC7SFT89DTG", "RawEvent": {"#attributes": {"xmlns": "http://schemas.microsoft.com/win/2004/08/events/event"}, "System": {"Provider": {"#attributes": {"Name": "Service Control Manager", "Guid": "{555908d1-a6d7-4695-8e1e-26931d2012f4}", "EventSourceName": "Service Control Manager"}}, "EventID": {"#attributes": {"Qualifiers": 16384}, "#text": 7045}, "Version": 0, "Level": 4, "Task": 0, "Opcode": 0, "Keywords": "0x8080000000000000", "TimeCreated": {"#attributes": {"SystemTime": "2025-08-13T10:55:59.794475Z"}}, "EventRecordID": 376, "Correlation": null, "Execution": {"#attributes": {"ProcessID": 636, "ThreadID": 4188}}, "Channel": "System", "Computer": "WIN-LC7SFT89DTG", "Security": {"#attributes": {"UserID": "S-1-5-18"}}}, "EventData": {"ServiceName": "vm3dmp", "ImagePath": "\\SystemRoot\\system32\\DRIVERS\\vm3dmp.sys", "ServiceType": "kernel mode driver", "StartType": "demand start", "AccountName": ""}}},
{"TimeGenerated": "2025-08-13T10:55:59.811477Z", "EventID": 20003, "Computer": "WIN-LC7SFT89DTG", "RawEvent": {"#attributes": {"xmlns": "http://schemas.microsoft.com/win/2004/08/events/event"}, "System": {"Provider": {"#attributes": {"Name": "Microsoft-Windows-UserPnp", "Guid": "96F4A050-7E31-453C-88BE-9634F4E02139"}}, "EventID": 20003, "Version": 0, "Level": 4, "Task": 7005, "Opcode": 0, "Keywords": "0x8000000000000000", "TimeCreated": {"#attributes": {"SystemTime": "2025-08-13T10:55:59.811477Z"}}, "EventRecordID": 377, "Correlation": null, "Execution": {"#attributes": {"ProcessID": 6960, "ThreadID": 6928}}, "Channel": "System", "Computer": "WIN-LC7SFT89DTG", "Security": {"#attributes": {"UserID": "S-1-5-18"}}}, "UserData": {"AddServiceID": {"#attributes": {"xmlns": "http://manifests.microsoft.com/win/2004/08/windows/userpnp"}, "ServiceName": "vm3dmp", "DriverFileName": "\\SystemRoot\\system32\\DRIVERS\\vm3dmp.sys", "DeviceInstanceID": "PCI\\VEN_15AD&DEV_0405&SUBSYS_040515AD&REV_00\\3&61AAA01&0&78", "PrimaryService": false, "UpdateService": false, "AddServiceStatus": 0}}}},
{"TimeGenerated": "2025-08-13T10:55:59.810594Z", "EventID": {"#attributes": {"Qualifiers": 16384}, "#text": 7045}, "Computer": "WIN-LC7SFT89DTG", "RawEvent": {"#attributes": {"xmlns": "http://schemas.microsoft.com/win/2004/08/events/event"}, "System": {"Provider": {"#attributes": {"Name": "Service Control Manager", "Guid": "{555908d1-a6d7-4695-8e1e-26931d2012f4}", "EventSourceName": "Service Control Manager"}}, "EventID": {"#attributes": {"Qualifiers": 16384}, "#text": 7045}, "Version": 0, "Level": 4, "Task": 0, "Opcode": 0, "Keywords": "0x8080000000000000", "TimeCreated": {"#attributes": {"SystemTime": "2025-08-13T10:55:59.810594Z"}}, "EventRecordID": 378, "Correlation": null, "Execution": {"#attributes": {"ProcessID": 636, "ThreadID": 4188}}, "Channel": "System", "Computer": "WIN-LC7SFT89DTG", "Security": {"#attributes": {"UserID": "S-1-5-18"}}}, "EventData": {"ServiceName": "vm3dmp-debug", "ImagePath": "\\SystemRoot\\system32\\DRIVERS\\vm3dmp-debug.sys", "ServiceType": "kernel mode driver", "StartType": "demand start", "AccountName": ""}}},
{"TimeGenerated": "2025-08-13T10:55:59.815476Z", "EventID": 20003, "Computer": "WIN-LC7SFT89DTG", "RawEvent": {"#attributes": {"xmlns": "http://schemas.microsoft.com/win/2004/08/events/event"}, "System": {"Provider": {"#attributes": {"Name": "Microsoft-Windows-UserPnp", "Guid": "96F4A050-7E31-453C-88BE-9634F4E02139"}}, "EventID": 20003, "Version": 0, "Level": 4, "Task": 7005, "Opcode": 0, "Keywords": "0x8000000000000000", "TimeCreated": {"#attributes": {"SystemTime": "2025-08-13T10:55:59.815476Z"}}, "EventRecordID": 379, "Correlation": null, "Execution": {"#attributes": {"ProcessID": 6960, "ThreadID": 6928}}, "Channel": "System", "Computer": "WIN-LC7SFT89DTG", "Security": {"#attributes": {"UserID": "S-1-5-18"}}}, "UserData": {"AddServiceID": {"#attributes": {"xmlns": "http://manifests.microsoft.com/win/2004/08/windows/userpnp"}, "ServiceName": "vm3dmp-debug", "DriverFileName": "\\SystemRoot\\system32\\DRIVERS\\vm3dmp-debug.sys", "DeviceInstanceID": "PCI\\VEN_15AD&DEV_0405&SUBSYS_040515AD&REV_00\\3&61AAA01&0&78", "PrimaryService": false, "UpdateService": false, "AddServiceStatus": 0}}}},
{"TimeGenerated": "2025-08-13T10:55:59.810594Z", "EventID": {"#attributes": {"Qualifiers": 16384}, "#text": 7045}, "Computer": "WIN-LC7SFT89DTG", "RawEvent": {"#attributes": {"xmlns": "http://schemas.microsoft.com/win/2004/08/events/event"}, "System": {"Provider": {"#attributes": {"Name": "Service Control Manager", "Guid": "{555908d1-a6d7-4695-8e1e-26931d2012f4}", "EventSourceName": "Service Control Manager"}}, "EventID": {"#attributes": {"Qualifiers": 16384}, "#text": 7045}, "Version": 0, "Level": 4, "Task": 0, "Opcode": 0, "Keywords": "0x8080000000000000", "TimeCreated": {"#attributes": {"SystemTime": "2025-08-13T10:55:59.810594Z"}}, "EventRecordID": 380, "Correlation": null, "Execution": {"#attributes": {"ProcessID": 636, "ThreadID": 4188}}, "Channel": "System", "Computer": "WIN-LC7SFT89DTG", "Security": {"#attributes": {"UserID": "S-1-5-18"}}}, "EventData": {"ServiceName": "vm3dmp-stats", "ImagePath": "\\SystemRoot\\system32\\DRIVERS\\vm3dmp-stats.sys", "ServiceType": "kernel mode driver", "StartType": "demand start", "AccountName": ""}}},
{"TimeGenerated": "2025-08-13T10:55:59.819370Z", "EventID": 20003, "Computer": "WIN-LC7SFT89DTG", "RawEvent": {"#attributes": {"xmlns": "http://schemas.microsoft.com/win/2004/08/events/event"}, "System": {"Provider": {"#attributes": {"Name": "Microsoft-Windows-UserPnp", "Guid": "96F4A050-7E31-453C-88BE-9634F4E02139"}}, "EventID": 20003, "Version": 0, "Level": 4, "Task": 7005, "Opcode": 0, "Keywords": "0x8000000000000000", "TimeCreated": {"#attributes": {"SystemTime": "2025-08-13T10:55:59.819370Z"}}, "EventRecordID": 381, "Correlation": null, "Execution": {"#attributes": {"ProcessID": 6960, "ThreadID": 6928}}, "Channel": "System", "Computer": "WIN-LC7SFT89DTG", "Security": {"#attributes": {"UserID": "S-1-5-18"}}}, "UserData": {"AddServiceID": {"#attributes": {"xmlns": "http://manifests.microsoft.com/win/2004/08/windows/userpnp"}, "ServiceName": "vm3dmp-stats", "DriverFileName": "\\SystemRoot\\system32\\DRIVERS\\vm3dmp-stats.sys", "DeviceInstanceID": "PCI\\VEN_15AD&DEV_0405&SUBSYS_040515AD&REV_00\\3&61AAA01&0&78", "PrimaryService": false, "UpdateService": false, "AddServiceStatus": 0}}}},
{"TimeGenerated": "2025-08-13T10:55:59.810594Z", "EventID": {"#attributes": {"Qualifiers": 16384}, "#text": 7045}, "Computer": "WIN-LC7SFT89DTG", "RawEvent": {"#attributes": {"xmlns": "http://schemas.microsoft.com/win/2004/08/events/event"}, "System": {"Provider": {"#attributes": {"Name": "Service Control Manager", "Guid": "{555908d1-a6d7-4695-8e1e-26931d2012f4}", "EventSourceName": "Service Control Manager"}}, "EventID": {"#attributes": {"Qualifiers": 16384}, "#text": 7045}, "Version": 0, "Level": 4, "Task": 0, "Opcode": 0, "Keywords": "0x8080000000000000", "TimeCreated": {"#attributes": {"SystemTime": "2025-08-13T10:55:59.810594Z"}}, "EventRecordID": 382, "Correlation": null, "Execution": {"#attributes": {"ProcessID": 636, "ThreadID": 4188}}, "Channel": "System", "Computer": "WIN-LC7SFT89DTG", "Security": {"#attributes": {"UserID": "S-1-5-18"}}}, "EventData": {"ServiceName": "vm3dmp_loader", "ImagePath": "\\SystemRoot\\system32\\DRIVERS\\vm3dmp_loader.sys", "ServiceType": "kernel mode driver", "StartType": "demand start", "AccountName": ""}}},
{"TimeGenerated": "2025-08-13T10:55:59.822558Z", "EventID": 20003, "Computer": "WIN-LC7SFT89DTG", "RawEvent": {"#attributes": {"xmlns": "http://schemas.microsoft.com/win/2004/08/events/event"}, "System": {"Provider": {"#attributes": {"Name": "Microsoft-Windows-UserPnp", "Guid": "96F4A050-7E31-453C-88BE-9634F4E02139"}}, "EventID": 20003, "Version": 0, "Level": 4, "Task": 7005, "Opcode": 0, "Keywords": "0x8000000000000000", "TimeCreated": {"#attributes": {"SystemTime": "2025-08-13T10:55:59.822558Z"}}, "EventRecordID": 383, "Correlation": null, "Execution": {"#attributes": {"ProcessID": 6960, "ThreadID": 6928}}, "Channel": "System", "Computer": "WIN-LC7SFT89DTG", "Security": {"#attributes": {"UserID": "S-1-5-18"}}}, "UserData": {"AddServiceID": {"#attributes": {"xmlns": "http://manifests.microsoft.com/win/2004/08/windows/userpnp"}, "ServiceName": "vm3dmp_loader", "DriverFileName": "\\SystemRoot\\system32\\DRIVERS\\vm3dmp_loader.sys", "DeviceInstanceID": "PCI\\VEN_15AD&DEV_0405&SUBSYS_040515AD&REV_00\\3&61AAA01&0&78", "PrimaryService": true, "UpdateService": false, "AddServiceStatus": 0}}}},
{"TimeGenerated": "2025-08-13T10:55:59.810594Z", "EventID": {"#attributes": {"Qualifiers": 16384}, "#text": 7045}, "Computer": "WIN-LC7SFT89DTG", "RawEvent": {"#attributes": {"xmlns": "http://schemas.microsoft.com/win/2004/08/events/event"}, "System": {"Provider": {"#attributes": {"Name": "Service Control Manager", "Guid": "{555908d1-a6d7-4695-8e1e-26931d2012f4}", "EventSourceName": "Service Control Manager"}}, "EventID": {"#attributes": {"Qualifiers": 16384}, "#text": 7045}, "Version": 0, "Level": 4, "Task": 0, "Opcode": 0, "Keywords": "0x8080000000000000", "TimeCreated": {"#attributes": {"SystemTime": "2025-08-13T10:55:59.810594Z"}}, "EventRecordID": 384, "Correlation": null, "Execution": {"#attributes": {"ProcessID": 636, "ThreadID": 4188}}, "Channel": "System", "Computer": "WIN-LC7SFT89DTG", "Security": {"#attributes": {"UserID": "S-1-5-18"}}}, "EventData": {"ServiceName": "VMware SVGA Helper Service", "ImagePath": "%SystemRoot%\\system32\\vm3dservice.exe", "ServiceType": "user mode service", "StartType": "auto start", "AccountName": "LocalSystem"}}},
{"TimeGenerated": "2025-08-13T10:55:59.866281Z", "EventID": 20003, "Computer": "WIN-LC7SFT89DTG", "RawEvent": {"#attributes": {"xmlns": "http://schemas.microsoft.com/win/2004/08/events/event"}, "System": {"Provider": {"#attributes": {"Name": "Microsoft-Windows-UserPnp", "Guid": "96F4A050-7E31-453C-88BE-9634F4E02139"}}, "EventID": 20003, "Version": 0, "Level": 4, "Task": 7005, "Opcode": 0, "Keywords": "0x8000000000000000", "TimeCreated": {"#attributes": {"SystemTime": "2025-08-13T10:55:59.866281Z"}}, "EventRecordID": 385, "Correlation": null, "Execution": {"#attributes": {"ProcessID": 6960, "ThreadID": 6928}}, "Channel": "System", "Computer": "WIN-LC7SFT89DTG", "Security": {"#attributes": {"UserID": "S-1-5-18"}}}, "UserData": {"AddServiceID": {"#attributes": {"xmlns": "http://manifests.microsoft.com/win/2004/08/windows/userpnp"}, "ServiceName": "VM3DService", "DriverFileName": "%SystemRoot%\\system32\\vm3dservice.exe", "DeviceInstanceID": "PCI\\VEN_15AD&DEV_0405&SUBSYS_040515AD&REV_00\\3&61AAA01&0&78", "PrimaryService": false, "UpdateService": false, "AddServiceStatus": 0}}}},
{"TimeGenerated": "2025-08-13T10:55:59.872357Z", "EventID": {"#attributes": {"Qualifiers": 16384}, "#text": 7036}, "Computer": "WIN-LC7SFT89DTG", "RawEvent": {"#attributes": {"xmlns": "http://schemas.microsoft.com/win/2004/08/events/event"}, "System": {"Provider": {"#attributes": {"Name": "Service Control Manager", "Guid": "{555908d1-a6d7-4695-8e1e-26931d2012f4}", "EventSourceName": "Service Control Manager"}}, "EventID": {"#attributes": {"Qualifiers": 16384}, "#text": 7036}, "Version": 0, "Level": 4, "Task": 0, "Opcode": 0, "Keywords": "0x8080000000000000", "TimeCreated": {"#attributes": {"SystemTime": "2025-08-13T10:55:59.872357Z"}}, "EventRecordID": 386, "Correlation": null, "Execution": {"#attributes": {"ProcessID": 636, "ThreadID": 4188}}, "Channel": "System", "Computer": "WIN-LC7SFT89DTG", "Security": null}, "EventData": {"param1": "VMware SVGA Helper Service", "param2": "running", "Binary": "56004D003300440053006500720076006900630065002F0034000000"}}},
{"TimeGenerated": "2025-08-13T10:55:59.971978Z", "EventID": 20001, "Computer": "WIN-LC7SFT89DTG", "RawEvent": {"#attributes": {"xmlns": "http://schemas.microsoft.com/win/2004/08/events/event"}, "System": {"Provider": {"#attributes": {"Name": "Microsoft-Windows-UserPnp", "Guid": "96F4A050-7E31-453C-88BE-9634F4E02139"}}, "EventID": 20001, "Version": 0, "Level": 4, "Task": 7005, "Opcode": 0, "Keywords": "0x8000000000000000", "TimeCreated": {"#attributes": {"SystemTime": "2025-08-13T10:55:59.971978Z"}}, "EventRecordID": 387, "Correlation": null, "Execution": {"#attributes": {"ProcessID": 6960, "ThreadID": 6928}}, "Channel": "System", "Computer": "WIN-LC7SFT89DTG", "Security": {"#attributes": {"UserID": "S-1-5-18"}}}, "UserData": {"InstallDeviceID": {"#attributes": {"xmlns": "http://manifests.microsoft.com/win/2004/08/windows/userpnp"}, "DriverName": "vm3d.inf_amd64_e8ee5095d2a49842", "DriverVersion": "9.17.4.1", "DriverProvider": "VMware, Inc.", "DeviceInstanceID": "PCI\\VEN_15AD&DEV_0405&SUBSYS_040515AD&REV_00\\3&61AAA01&0&78", "SetupClass": "4D36E968-E325-11CE-BFC1-08002BE10318", "RebootOption": false, "UpgradeDevice": true, "IsDriverOEM": true, "InstallStatus": "0x0", "DriverDescription": "VMware SVGA 3D"}}}},
{"TimeGenerated": "2025-08-13T10:56:00.309851Z", "EventID": {"#attributes": {"Qualifiers": 16384}, "#text": 7045}, "Computer": "WIN-LC7SFT89DTG", "RawEvent": {"#attributes": {"xmlns": "http://schemas.microsoft.com/win/2004/08/events/event"}, "System": {"Provider": {"#attributes": {"Name": "Service Control Manager", "Guid": "{555908d1-a6d7-4695-8e1e-26931d2012f4}", "EventSourceName": "Service Control Manager"}}, "EventID": {"#attributes": {"Qualifiers": 16384}, "#text": 7045}, "Version": 0, "Level": 4, "Task": 0, "Opcode": 0, "Keywords": "0x8080000000000000", "TimeCreated": {"#attributes": {"SystemTime": "2025-08-13T10:56:00.309851Z"}}, "EventRecordID": 388, "Correlation": null, "Execution": {"#attributes": {"ProcessID": 636, "ThreadID": 4616}}, "Channel": "System", "Computer": "WIN-LC7SFT89DTG", "Security": {"#attributes": {"UserID": "S-1-5-18"}}}, "EventData": {"ServiceName": "VMware Tools", "ImagePath": "\"C:\\Program Files\\VMware\\VMware Tools\\vmtoolsd.exe\"", "ServiceType": "user mode service", "StartType": "auto start", "AccountName": "LocalSystem"}}},
{"TimeGenerated": "2025-08-13T10:56:00.326044Z", "EventID": {"#attributes": {"Qualifiers": 16384}, "#text": 7036}, "Computer": "WIN-LC7SFT89DTG", "RawEvent": {"#attributes": {"xmlns": "http://schemas.microsoft.com/win/2004/08/events/event"}, "System": {"Provider": {"#attributes": {"Name": "Service Control Manager", "Guid": "{555908d1-a6d7-4695-8e1e-26931d2012f4}", "EventSourceName": "Service Control Manager"}}, "EventID": {"#attributes": {"Qualifiers": 16384}, "#text": 7036}, "Version": 0, "Level": 4, "Task": 0, "Opcode": 0, "Keywords": "0x8080000000000000", "TimeCreated": {"#attributes": {"SystemTime": "2025-08-13T10:56:00.326044Z"}}, "EventRecordID": 389, "Correlation": null, "Execution": {"#attributes": {"ProcessID": 636, "ThreadID": 2840}}, "Channel": "System", "Computer": "WIN-LC7SFT89DTG", "Security": null}, "EventData": {"param1": "VMware Tools", "param2": "running", "Binary": "56004D0054006F006F006C0073002F0034000000"}}},
{"TimeGenerated": "2025-08-13T10:56:00.919293Z", "EventID": {"#attributes": {"Qualifiers": 0}, "#text": 4107}, "Computer": "WIN-LC7SFT89DTG", "RawEvent": {"#attributes": {"xmlns": "http://schemas.microsoft.com/win/2004/08/events/event"}, "System": {"Provider": {"#attributes": {"Name": "Display"}}, "EventID": {"#attributes": {"Qualifiers": 0}, "#text": 4107}, "Level": 4, "Task": 0, "Keywords": "0x80000000000000", "TimeCreated": {"#attributes": {"SystemTime": "2025-08-13T10:56:00.919293Z"}}, "EventRecordID": 390, "Channel": "System", "Computer": "WIN-LC7SFT89DTG", "Security": null}, "EventData": {"Data": {"#text": ""}, "Binary": null}}},
{"TimeGenerated": "2025-08-13T10:56:00.903690Z", "EventID": {"#attributes": {"Qualifiers": 16384}, "#text": 7036}, "Computer": "WIN-LC7SFT89DTG", "RawEvent": {"#attributes": {"xmlns": "http://schemas.microsoft.com/win/2004/08/events/event"}, "System": {"Provider": {"#attributes": {"Name": "Service Control Manager", "Guid": "{555908d1-a6d7-4695-8e1e-26931d2012f4}", "EventSourceName": "Service Control Manager"}}, "EventID": {"#attributes": {"Qualifiers": 16384}, "#text": 7036}, "Version": 0, "Level": 4, "Task": 0, "Opcode": 0, "Keywords": "0x8080000000000000", "TimeCreated": {"#attributes": {"SystemTime": "2025-08-13T10:56:00.903690Z"}}, "EventRecordID": 391, "Correlation": null, "Execution": {"#attributes": {"ProcessID": 636, "ThreadID": 4616}}, "Channel": "System", "Computer": "WIN-LC7SFT89DTG", "Security": null}, "EventData": {"param1": "COM+ System Application", "param2": "running", "Binary": "43004F004D005300790073004100700070002F0034000000"}}},
{"TimeGenerated": "2025-08-13T10:56:02.091107Z", "EventID": {"#attributes": {"Qualifiers": 16384}, "#text": 7045}, "Computer": "WIN-LC7SFT89DTG", "RawEvent": {"#attributes": {"xmlns": "http://schemas.microsoft.com/win/2004/08/events/event"}, "System": {"Provider": {"#attributes": {"Name": "Service Control Manager", "Guid": "{555908d1-a6d7-4695-8e1e-26931d2012f4}", "EventSourceName": "Service Control Manager"}}, "EventID": {"#attributes": {"Qualifiers": 16384}, "#text": 7045}, "Version": 0, "Level": 4, "Task": 0, "Opcode": 0, "Keywords": "0x8080000000000000", "TimeCreated": {"#attributes": {"SystemTime": "2025-08-13T10:56:02.091107Z"}}, "EventRecordID": 392, "Correlation": null, "Execution": {"#attributes": {"ProcessID": 636, "ThreadID": 2840}}, "Channel": "System", "Computer": "WIN-LC7SFT89DTG", "Security": {"#attributes": {"UserID": "S-1-5-18"}}}, "EventData": {"ServiceName": "VMware Snapshot Provider", "ImagePath": "C:\\Windows\\system32\\dllhost.exe /Processid:{F76FAB0F-1801-41BC-894E-6A210E23F836}", "ServiceType": "user mode service", "StartType": "demand start", "AccountName": "NT AUTHORITY\\LocalService"}}},
{"TimeGenerated": "2025-08-13T10:56:09.530323Z", "EventID": {"#attributes": {"Qualifiers": 16384}, "#text": 7036}, "Computer": "WIN-LC7SFT89DTG", "RawEvent": {"#attributes": {"xmlns": "http://schemas.microsoft.com/win/2004/08/events/event"}, "System": {"Provider": {"#attributes": {"Name": "Service Control Manager", "Guid": "{555908d1-a6d7-4695-8e1e-26931d2012f4}", "EventSourceName": "Service Control Manager"}}, "EventID": {"#attributes": {"Qualifiers": 16384}, "#text": 7036}, "Version": 0, "Level": 4, "Task": 0, "Opcode": 0, "Keywords": "0x8080000000000000", "TimeCreated": {"#attributes": {"SystemTime": "2025-08-13T10:56:09.530323Z"}}, "EventRecordID": 393, "Correlation": null, "Execution": {"#attributes": {"ProcessID": 636, "ThreadID": 2840}}, "Channel": "System", "Computer": "WIN-LC7SFT89DTG", "Security": null}, "EventData": {"param1": "Portable Device Enumerator Service", "param2": "stopped", "Binary": "57005000440042007500730045006E0075006D002F0031000000"}}},
{"TimeGenerated": "2025-08-13T10:56:09.638901Z", "EventID": {"#attributes": {"Qualifiers": 16384}, "#text": 7036}, "Computer": "WIN-LC7SFT89DTG", "RawEvent": {"#attributes": {"xmlns": "http://schemas.microsoft.com/win/2004/08/events/event"}, "System": {"Provider": {"#attributes": {"Name": "Service Control Manager", "Guid": "{555908d1-a6d7-4695-8e1e-26931d2012f4}", "EventSourceName": "Service Control Manager"}}, "EventID": {"#attributes": {"Qualifiers": 16384}, "#text": 7036}, "Version": 0, "Level": 4, "Task": 0, "Opcode": 0, "Keywords": "0x8080000000000000", "TimeCreated": {"#attributes": {"SystemTime": "2025-08-13T10:56:09.638901Z"}}, "EventRecordID": 394, "Correlation": null, "Execution": {"#attributes": {"ProcessID": 636, "ThreadID": 4616}}, "Channel": "System", "Computer": "WIN-LC7SFT89DTG", "Security": null}, "EventData": {"param1": "Microsoft Passport", "param2": "stopped", "Binary": "4E00670063005300760063002F0031000000"}}},
{"TimeGenerated": "2025-08-13T10:56:20.747668Z", "EventID": {"#attributes": {"Qualifiers": 16384}, "#text": 7036}, "Computer": "WIN-LC7SFT89DTG", "RawEvent": {"#attributes": {"xmlns": "http://schemas.microsoft.com/win/2004/08/events/event"}, "System": {"Provider": {"#attributes": {"Name": "Service Control Manager", "Guid": "{555908d1-a6d7-4695-8e1e-26931d2012f4}", "EventSourceName": "Service Control Manager"}}, "EventID": {"#attributes": {"Qualifiers": 16384}, "#text": 7036}, "Version": 0, "Level": 4, "Task": 0, "Opcode": 0, "Keywords": "0x8080000000000000", "TimeCreated": {"#attributes": {"SystemTime": "2025-08-13T10:56:20.747668Z"}}, "EventRecordID": 395, "Correlation": null, "Execution": {"#attributes": {"ProcessID": 636, "ThreadID": 4188}}, "Channel": "System", "Computer": "WIN-LC7SFT89DTG", "Security": null}, "EventData": {"param1": "Background Intelligent Transfer Service", "param2": "running", "Binary": "42004900540053002F0034000000"}}},
{"TimeGenerated": "2025-08-13T10:56:20.762653Z", "EventID": {"#attributes": {"Qualifiers": 16384}, "#text": 7040}, "Computer": "WIN-LC7SFT89DTG", "RawEvent": {"#attributes": {"xmlns": "http://schemas.microsoft.com/win/2004/08/events/event"}, "System": {"Provider": {"#attributes": {"Name": "Service Control Manager", "Guid": "{555908d1-a6d7-4695-8e1e-26931d2012f4}", "EventSourceName": "Service Control Manager"}}, "EventID": {"#attributes": {"Qualifiers": 16384}, "#text": 7040}, "Version": 0, "Level": 4, "Task": 0, "Opcode": 0, "Keywords": "0x8080000000000000", "TimeCreated": {"#attributes": {"SystemTime": "2025-08-13T10:56:20.762653Z"}}, "EventRecordID": 396, "Correlation": null, "Execution": {"#attributes": {"ProcessID": 636, "ThreadID": 4188}}, "Channel": "System", "Computer": "WIN-LC7SFT89DTG", "Security": {"#attributes": {"UserID": "S-1-5-18"}}}, "EventData": {"param1": "Background Intelligent Transfer Service", "param2": "demand start", "param3": "auto start", "param4": "BITS"}}},
{"TimeGenerated": "2025-08-13T10:56:20.981429Z", "EventID": {"#attributes": {"Qualifiers": 16384}, "#text": 7036}, "Computer": "WIN-LC7SFT89DTG", "RawEvent": {"#attributes": {"xmlns": "http://schemas.microsoft.com/win/2004/08/events/event"}, "System": {"Provider": {"#attributes": {"Name": "Service Control Manager", "Guid": "{555908d1-a6d7-4695-8e1e-26931d2012f4}", "EventSourceName": "Service Control Manager"}}, "EventID": {"#attributes": {"Qualifiers": 16384}, "#text": 7036}, "Version": 0, "Level": 4, "Task": 0, "Opcode": 0, "Keywords": "0x8080000000000000", "TimeCreated": {"#attributes": {"SystemTime": "2025-08-13T10:56:20.981429Z"}}, "EventRecordID": 397, "Correlation": null, "Execution": {"#attributes": {"ProcessID": 636, "ThreadID": 4616}}, "Channel": "System", "Computer": "WIN-LC7SFT89DTG", "Security": null}, "EventData": {"param1": "WMI Performance Adapter", "param2": "running", "Binary": "77006D006900410070005300720076002F0034000000"}}},
{"TimeGenerated": "2025-08-13T10:56:26.969437Z", "EventID": {"#attributes": {"Qualifiers": 32768}, "#text": 1074}, "Computer": "WIN-LC7SFT89DTG", "RawEvent": {"#attributes": {"xmlns": "http://schemas.microsoft.com/win/2004/08/events/event"}, "System": {"Provider": {"#attributes": {"Name": "User32", "Guid": "{b0aa8734-56f7-41cc-b2f4-de228e98b946}", "EventSourceName": "User32"}}, "EventID": {"#attributes": {"Qualifiers": 32768}, "#text": 1074}, "Version": 0, "Level": 4, "Task": 0, "Opcode": 0, "Keywords": "0x8080000000000000", "TimeCreated": {"#attributes": {"SystemTime": "2025-08-13T10:56:26.969437Z"}}, "EventRecordID": 398, "Correlation": null, "Execution": {"#attributes": {"ProcessID": 416, "ThreadID": 432}}, "Channel": "System", "Computer": "WIN-LC7SFT89DTG", "Security": {"#attributes": {"UserID": "S-1-5-21-2502726253-3859040611-225969357-500"}}}, "EventData": {"param1": "C:\\Windows\\System32\\RuntimeBroker.exe (WIN-LC7SFT89DTG)", "param2": "WIN-LC7SFT89DTG", "param3": "Other (Unplanned)", "param4": "0x5000000", "param5": "restart", "param6": "", "param7": "WIN-LC7SFT89DTG\\Administrator"}}},
{"TimeGenerated": "2025-08-13T10:56:27.529280Z", "EventID": {"#attributes": {"Qualifiers": 16384}, "#text": 7036}, "Computer": "WIN-LC7SFT89DTG", "RawEvent": {"#attributes": {"xmlns": "http://schemas.microsoft.com/win/2004/08/events/event"}, "System": {"Provider": {"#attributes": {"Name": "Service Control Manager", "Guid": "{555908d1-a6d7-4695-8e1e-26931d2012f4}", "EventSourceName": "Service Control Manager"}}, "EventID": {"#attributes": {"Qualifiers": 16384}, "#text": 7036}, "Version": 0, "Level": 4, "Task": 0, "Opcode": 0, "Keywords": "0x8080000000000000", "TimeCreated": {"#attributes": {"SystemTime": "2025-08-13T10:56:27.529280Z"}}, "EventRecordID": 399, "Correlation": null, "Execution": {"#attributes": {"ProcessID": 636, "ThreadID": 2840}}, "Channel": "System", "Computer": "WIN-LC7SFT89DTG", "Security": null}, "EventData": {"param1": "Windows Push Notifications User Service_13553a", "param2": "stopped", "Binary": "570070006E00550073006500720053006500720076006900630065005F003100330035003500330061002F0031000000"}}},
{"TimeGenerated": "2025-08-13T10:56:27.529280Z", "EventID": {"#attributes": {"Qualifiers": 16384}, "#text": 7036}, "Computer": "WIN-LC7SFT89DTG", "RawEvent": {"#attributes": {"xmlns": "http://schemas.microsoft.com/win/2004/08/events/event"}, "System": {"Provider": {"#attributes": {"Name": "Service Control Manager", "Guid": "{555908d1-a6d7-4695-8e1e-26931d2012f4}", "EventSourceName": "Service Control Manager"}}, "EventID": {"#attributes": {"Qualifiers": 16384}, "#text": 7036}, "Version": 0, "Level": 4, "Task": 0, "Opcode": 0, "Keywords": "0x8080000000000000", "TimeCreated": {"#attributes": {"SystemTime": "2025-08-13T10:56:27.529280Z"}}, "EventRecordID": 400, "Correlation": null, "Execution": {"#attributes": {"ProcessID": 636, "ThreadID": 4188}}, "Channel": "System", "Computer": "WIN-LC7SFT89DTG", "Security": null}, "EventData": {"param1": "Connected Devices Platform User Service_13553a", "param2": "stopped", "Binary": "43004400500055007300650072005300760063005F003100330035003500330061002F0031000000"}}},
{"TimeGenerated": "2025-08-13T10:56:27.572528Z", "EventID": 7002, "Computer": "WIN-LC7SFT89DTG", "RawEvent": {"#attributes": {"xmlns": "http://schemas.microsoft.com/win/2004/08/events/event"}, "System": {"Provider": {"#attributes": {"Name": "Microsoft-Windows-Winlogon", "Guid": "DBE9B383-7CF3-4331-91CC-A3CB16A3B538"}}, "EventID": 7002, "Version": 0, "Level": 4, "Task": 1102, "Opcode": 0, "Keywords": "0x2000200000000000", "TimeCreated": {"#attributes": {"SystemTime": "2025-08-13T10:56:27.572528Z"}}, "EventRecordID": 401, "Correlation": null, "Execution": {"#attributes": {"ProcessID": 588, "ThreadID": 1088}}, "Channel": "System", "Computer": "WIN-LC7SFT89DTG", "Security": {"#attributes": {"UserID": "S-1-5-18"}}}, "EventData": {"TSId": 1, "UserSid": "S-1-5-21-2502726253-3859040611-225969357-500"}}},
{"TimeGenerated": "2025-08-13T10:56:27.590736Z", "EventID": {"#attributes": {"Qualifiers": 16384}, "#text": 7036}, "Computer": "WIN-LC7SFT89DTG", "RawEvent": {"#attributes": {"xmlns": "http://schemas.microsoft.com/win/2004/08/events/event"}, "System": {"Provider": {"#attributes": {"Name": "Service Control Manager", "Guid": "{555908d1-a6d7-4695-8e1e-26931d2012f4}", "EventSourceName": "Service Control Manager"}}, "EventID": {"#attributes": {"Qualifiers": 16384}, "#text": 7036}, "Version": 0, "Level": 4, "Task": 0, "Opcode": 0, "Keywords": "0x8080000000000000", "TimeCreated": {"#attributes": {"SystemTime": "2025-08-13T10:56:27.590736Z"}}, "EventRecordID": 402, "Correlation": null, "Execution": {"#attributes": {"ProcessID": 636, "ThreadID": 6720}}, "Channel": "System", "Computer": "WIN-LC7SFT89DTG", "Security": null}, "EventData": {"param1": "Device Install Service", "param2": "stopped", "Binary": "44006500760069006300650049006E007300740061006C006C002F0031000000"}}},
{"TimeGenerated": "2025-08-13T10:56:27.622015Z", "EventID": {"#attributes": {"Qualifiers": 16384}, "#text": 7036}, "Computer": "WIN-LC7SFT89DTG", "RawEvent": {"#attributes": {"xmlns": "http://schemas.microsoft.com/win/2004/08/events/event"}, "System": {"Provider": {"#attributes": {"Name": "Service Control Manager", "Guid": "{555908d1-a6d7-4695-8e1e-26931d2012f4}", "EventSourceName": "Service Control Manager"}}, "EventID": {"#attributes": {"Qualifiers": 16384}, "#text": 7036}, "Version": 0, "Level": 4, "Task": 0, "Opcode": 0, "Keywords": "0x8080000000000000", "TimeCreated": {"#attributes": {"SystemTime": "2025-08-13T10:56:27.622015Z"}}, "EventRecordID": 403, "Correlation": null, "Execution": {"#attributes": {"ProcessID": 636, "ThreadID": 4188}}, "Channel": "System", "Computer": "WIN-LC7SFT89DTG", "Security": null}, "EventData": {"param1": "Group Policy Client", "param2": "stopped", "Binary": "670070007300760063002F0031000000"}}},
{"TimeGenerated": "2025-08-13T10:56:27.668856Z", "EventID": {"#attributes": {"Qualifiers": 16384}, "#text": 7036}, "Computer": "WIN-LC7SFT89DTG", "RawEvent": {"#attributes": {"xmlns": "http://schemas.microsoft.com/win/2004/08/events/event"}, "System": {"Provider": {"#attributes": {"Name": "Service Control Manager", "Guid": "{555908d1-a6d7-4695-8e1e-26931d2012f4}", "EventSourceName": "Service Control Manager"}}, "EventID": {"#attributes": {"Qualifiers": 16384}, "#text": 7036}, "Version": 0, "Level": 4, "Task": 0, "Opcode": 0, "Keywords": "0x8080000000000000", "TimeCreated": {"#attributes": {"SystemTime": "2025-08-13T10:56:27.668856Z"}}, "EventRecordID": 404, "Correlation": null, "Execution": {"#attributes": {"ProcessID": 636, "ThreadID": 4616}}, "Channel": "System", "Computer": "WIN-LC7SFT89DTG", "Security": null}, "EventData": {"param1": "Windows Modules Installer", "param2": "stopped", "Binary": "540072007500730074006500640049006E007300740061006C006C00650072002F0031000000"}}},
{"TimeGenerated": "2025-08-13T10:56:27.700042Z", "EventID": {"#attributes": {"Qualifiers": 16384}, "#text": 7036}, "Computer": "WIN-LC7SFT89DTG", "RawEvent": {"#attributes": {"xmlns": "http://schemas.microsoft.com/win/2004/08/events/event"}, "System": {"Provider": {"#attributes": {"Name": "Service Control Manager", "Guid": "{555908d1-a6d7-4695-8e1e-26931d2012f4}", "EventSourceName": "Service Control Manager"}}, "EventID": {"#attributes": {"Qualifiers": 16384}, "#text": 7036}, "Version": 0, "Level": 4, "Task": 0, "Opcode": 0, "Keywords": "0x8080000000000000", "TimeCreated": {"#attributes": {"SystemTime": "2025-08-13T10:56:27.700042Z"}}, "EventRecordID": 405, "Correlation": null, "Execution": {"#attributes": {"ProcessID": 636, "ThreadID": 4616}}, "Channel": "System", "Computer": "WIN-LC7SFT89DTG", "Security": null}, "EventData": {"param1": "VMware Tools", "param2": "stopped", "Binary": "56004D0054006F006F006C0073002F0031000000"}}},
{"TimeGenerated": "2025-08-13T10:56:27.700042Z", "EventID": {"#attributes": {"Qualifiers": 16384}, "#text": 7036}, "Computer": "WIN-LC7SFT89DTG", "RawEvent": {"#attributes": {"xmlns": "http://schemas.microsoft.com/win/2004/08/events/event"}, "System": {"Provider": {"#attributes": {"Name": "Service Control Manager", "Guid": "{555908d1-a6d7-4695-8e1e-26931d2012f4}", "EventSourceName": "Service Control Manager"}}, "EventID": {"#attributes": {"Qualifiers": 16384}, "#text": 7036}, "Version": 0, "Level": 4, "Task": 0, "Opcode": 0, "Keywords": "0x8080000000000000", "TimeCreated": {"#attributes": {"SystemTime": "2025-08-13T10:56:27.700042Z"}}, "EventRecordID": 406, "Correlation": null, "Execution": {"#attributes": {"ProcessID": 636, "ThreadID": 4616}}, "Channel": "System", "Computer": "WIN-LC7SFT89DTG", "Security": null}, "EventData": {"param1": "Delivery Optimization", "param2": "stopped", "Binary": "44006F005300760063002F0031000000"}}},
{"TimeGenerated": "2025-08-13T10:56:27.716521Z", "EventID": {"#attributes": {"Qualifiers": 16384}, "#text": 7036}, "Computer": "WIN-LC7SFT89DTG", "RawEvent": {"#attributes": {"xmlns": "http://schemas.microsoft.com/win/2004/08/events/event"}, "System": {"Provider": {"#attributes": {"Name": "Service Control Manager", "Guid": "{555908d1-a6d7-4695-8e1e-26931d2012f4}", "EventSourceName": "Service Control Manager"}}, "EventID": {"#attributes": {"Qualifiers": 16384}, "#text": 7036}, "Version": 0, "Level": 4, "Task": 0, "Opcode": 0, "Keywords": "0x8080000000000000", "TimeCreated": {"#attributes": {"SystemTime": "2025-08-13T10:56:27.716521Z"}}, "EventRecordID": 407, "Correlation": null, "Execution": {"#attributes": {"ProcessID": 636, "ThreadID": 4616}}, "Channel": "System", "Computer": "WIN-LC7SFT89DTG", "Security": null}, "EventData": {"param1": "App Readiness", "param2": "stopped", "Binary": "410070007000520065006100640069006E006500730073002F0031000000"}}},
{"TimeGenerated": "2025-08-13T10:56:27.716521Z", "EventID": {"#attributes": {"Qualifiers": 16384}, "#text": 7036}, "Computer": "WIN-LC7SFT89DTG", "RawEvent": {"#attributes": {"xmlns": "http://schemas.microsoft.com/win/2004/08/events/event"}, "System": {"Provider": {"#attributes": {"Name": "Service Control Manager", "Guid": "{555908d1-a6d7-4695-8e1e-26931d2012f4}", "EventSourceName": "Service Control Manager"}}, "EventID": {"#attributes": {"Qualifiers": 16384}, "#text": 7036}, "Version": 0, "Level": 4, "Task": 0, "Opcode": 0, "Keywords": "0x8080000000000000", "TimeCreated": {"#attributes": {"SystemTime": "2025-08-13T10:56:27.716521Z"}}, "EventRecordID": 408, "Correlation": null, "Execution": {"#attributes": {"ProcessID": 636, "ThreadID": 2956}}, "Channel": "System", "Computer": "WIN-LC7SFT89DTG", "Security": null}, "EventData": {"param1": "Background Intelligent Transfer Service", "param2": "stopped", "Binary": "42004900540053002F0031000000"}}},
{"TimeGenerated": "2025-08-13T10:56:27.716521Z", "EventID": {"#attributes": {"Qualifiers": 16384}, "#text": 7036}, "Computer": "WIN-LC7SFT89DTG", "RawEvent": {"#attributes": {"xmlns": "http://schemas.microsoft.com/win/2004/08/events/event"}, "System": {"Provider": {"#attributes": {"Name": "Service Control Manager", "Guid": "{555908d1-a6d7-4695-8e1e-26931d2012f4}", "EventSourceName": "Service Control Manager"}}, "EventID": {"#attributes": {"Qualifiers": 16384}, "#text": 7036}, "Version": 0, "Level": 4, "Task": 0, "Opcode": 0, "Keywords": "0x8080000000000000", "TimeCreated": {"#attributes": {"SystemTime": "2025-08-13T10:56:27.716521Z"}}, "EventRecordID": 409, "Correlation": null, "Execution": {"#attributes": {"ProcessID": 636, "ThreadID": 4188}}, "Channel": "System", "Computer": "WIN-LC7SFT89DTG", "Security": null}, "EventData": {"param1": "User Access Logging Service", "param2": "stopped", "Binary": "550041004C005300560043002F0031000000"}}},
{"TimeGenerated": "2025-08-13T10:56:27.903761Z", "EventID": {"#attributes": {"Qualifiers": 16384}, "#text": 7036}, "Computer": "WIN-LC7SFT89DTG", "RawEvent": {"#attributes": {"xmlns": "http://schemas.microsoft.com/win/2004/08/events/event"}, "System": {"Provider": {"#attributes": {"Name": "Service Control Manager", "Guid": "{555908d1-a6d7-4695-8e1e-26931d2012f4}", "EventSourceName": "Service Control Manager"}}, "EventID": {"#attributes": {"Qualifiers": 16384}, "#text": 7036}, "Version": 0, "Level": 4, "Task": 0, "Opcode": 0, "Keywords": "0x8080000000000000", "TimeCreated": {"#attributes": {"SystemTime": "2025-08-13T10:56:27.903761Z"}}, "EventRecordID": 410, "Correlation": null, "Execution": {"#attributes": {"ProcessID": 636, "ThreadID": 4188}}, "Channel": "System", "Computer": "WIN-LC7SFT89DTG", "Security": null}, "EventData": {"param1": "Connected User Experiences and Telemetry", "param2": "stopped", "Binary": "440069006100670054007200610063006B002F0031000000"}}},
{"TimeGenerated": "2025-08-13T10:56:28.075442Z", "EventID": {"#attributes": {"Qualifiers": 7}, "#text": 10149}, "Computer": "WIN-LC7SFT89DTG", "RawEvent": {"#attributes": {"xmlns": "http://schemas.microsoft.com/win/2004/08/events/event"}, "System": {"Provider": {"#attributes": {"Name": "Microsoft-Windows-WinRM", "Guid": "{A7975C8F-AC13-49F1-87DA-5A984A4AB417}", "EventSourceName": "WinRM"}}, "EventID": {"#attributes": {"Qualifiers": 7}, "#text": 10149}, "Version": 0, "Level": 3, "Task": 0, "Opcode": 0, "Keywords": "0x80000000000000", "TimeCreated": {"#attributes": {"SystemTime": "2025-08-13T10:56:28.075442Z"}}, "EventRecordID": 411, "Correlation": null, "Execution": {"#attributes": {"ProcessID": 0, "ThreadID": 0}}, "Channel": "System", "Computer": "WIN-LC7SFT89DTG", "Security": null}, "EventData": {"#attributes": {"Name": "Stopped Listening"}}}},
{"TimeGenerated": "2025-08-13T10:56:28.090616Z", "EventID": {"#attributes": {"Qualifiers": 32768}, "#text": 6006}, "Computer": "WIN-LC7SFT89DTG", "RawEvent": {"#attributes": {"xmlns": "http://schemas.microsoft.com/win/2004/08/events/event"}, "System": {"Provider": {"#attributes": {"Name": "EventLog"}}, "EventID": {"#attributes": {"Qualifiers": 32768}, "#text": 6006}, "Level": 4, "Task": 0, "Keywords": "0x80000000000000", "TimeCreated": {"#attributes": {"SystemTime": "2025-08-13T10:56:28.090616Z"}}, "EventRecordID": 412, "Channel": "System", "Computer": "WIN-LC7SFT89DTG", "Security": null}, "EventData": {"Data": {"#text": ""}, "Binary": "010000007281FFFF"}}},
{"TimeGenerated": "2025-08-13T10:56:28.075442Z", "EventID": {"#attributes": {"Qualifiers": 16384}, "#text": 7036}, "Computer": "WIN-LC7SFT89DTG", "RawEvent": {"#attributes": {"xmlns": "http://schemas.microsoft.com/win/2004/08/events/event"}, "System": {"Provider": {"#attributes": {"Name": "Service Control Manager", "Guid": "{555908d1-a6d7-4695-8e1e-26931d2012f4}", "EventSourceName": "Service Control Manager"}}, "EventID": {"#attributes": {"Qualifiers": 16384}, "#text": 7036}, "Version": 0, "Level": 4, "Task": 0, "Opcode": 0, "Keywords": "0x8080000000000000", "TimeCreated": {"#attributes": {"SystemTime": "2025-08-13T10:56:28.075442Z"}}, "EventRecordID": 413, "Correlation": null, "Execution": {"#attributes": {"ProcessID": 636, "ThreadID": 2840}}, "Channel": "System", "Computer": "WIN-LC7SFT89DTG", "Security": null}, "EventData": {"param1": "Credential Manager", "param2": "stopped", "Binary": "5600610075006C0074005300760063002F0031000000"}}},
{"TimeGenerated": "2025-08-13T10:56:28.075442Z", "EventID": {"#attributes": {"Qualifiers": 16384}, "#text": 7036}, "Computer": "WIN-LC7SFT89DTG", "RawEvent": {"#attributes": {"xmlns": "http://schemas.microsoft.com/win/2004/08/events/event"}, "System": {"Provider": {"#attributes": {"Name": "Service Control Manager", "Guid": "{555908d1-a6d7-4695-8e1e-26931d2012f4}", "EventSourceName": "Service Control Manager"}}, "EventID": {"#attributes": {"Qualifiers": 16384}, "#text": 7036}, "Version": 0, "Level": 4, "Task": 0, "Opcode": 0, "Keywords": "0x8080000000000000", "TimeCreated": {"#attributes": {"SystemTime": "2025-08-13T10:56:28.075442Z"}}, "EventRecordID": 414, "Correlation": null, "Execution": {"#attributes": {"ProcessID": 636, "ThreadID": 2840}}, "Channel": "System", "Computer": "WIN-LC7SFT89DTG", "Security": null}, "EventData": {"param1": "Capability Access Manager Service", "param2": "stopped", "Binary": "630061006D007300760063002F0031000000"}}},
{"TimeGenerated": "2025-08-13T10:56:28.075442Z", "EventID": {"#attributes": {"Qualifiers": 16384}, "#text": 7036}, "Computer": "WIN-LC7SFT89DTG", "RawEvent": {"#attributes": {"xmlns": "http://schemas.microsoft.com/win/2004/08/events/event"}, "System": {"Provider": {"#attributes": {"Name": "Service Control Manager", "Guid": "{555908d1-a6d7-4695-8e1e-26931d2012f4}", "EventSourceName": "Service Control Manager"}}, "EventID": {"#attributes": {"Qualifiers": 16384}, "#text": 7036}, "Version": 0, "Level": 4, "Task": 0, "Opcode": 0, "Keywords": "0x8080000000000000", "TimeCreated": {"#attributes": {"SystemTime": "2025-08-13T10:56:28.075442Z"}}, "EventRecordID": 415, "Correlation": null, "Execution": {"#attributes": {"ProcessID": 636, "ThreadID": 2956}}, "Channel": "System", "Computer": "WIN-LC7SFT89DTG", "Security": null}, "EventData": {"param1": "Windows Update Medic Service", "param2": "stopped", "Binary": "57006100610053004D0065006400690063005300760063002F0031000000"}}},
{"TimeGenerated": "2025-08-13T10:56:28.075442Z", "EventID": {"#attributes": {"Qualifiers": 16384}, "#text": 7036}, "Computer": "WIN-LC7SFT89DTG", "RawEvent": {"#attributes": {"xmlns": "http://schemas.microsoft.com/win/2004/08/events/event"}, "System": {"Provider": {"#attributes": {"Name": "Service Control Manager", "Guid": "{555908d1-a6d7-4695-8e1e-26931d2012f4}", "EventSourceName": "Service Control Manager"}}, "EventID": {"#attributes": {"Qualifiers": 16384}, "#text": 7036}, "Version": 0, "Level": 4, "Task": 0, "Opcode": 0, "Keywords": "0x8080000000000000", "TimeCreated": {"#attributes": {"SystemTime": "2025-08-13T10:56:28.075442Z"}}, "EventRecordID": 416, "Correlation": null, "Execution": {"#attributes": {"ProcessID": 636, "ThreadID": 2956}}, "Channel": "System", "Computer": "WIN-LC7SFT89DTG", "Security": null}, "EventData": {"param1": "SysMain", "param2": "stopped", "Binary": "5300790073004D00610069006E002F0031000000"}}},
{"TimeGenerated": "2025-08-13T10:56:28.075442Z", "EventID": {"#attributes": {"Qualifiers": 16384}, "#text": 7036}, "Computer": "WIN-LC7SFT89DTG", "RawEvent": {"#attributes": {"xmlns": "http://schemas.microsoft.com/win/2004/08/events/event"}, "System": {"Provider": {"#attributes": {"Name": "Service Control Manager", "Guid": "{555908d1-a6d7-4695-8e1e-26931d2012f4}", "EventSourceName": "Service Control Manager"}}, "EventID": {"#attributes": {"Qualifiers": 16384}, "#text": 7036}, "Version": 0, "Level": 4, "Task": 0, "Opcode": 0, "Keywords": "0x8080000000000000", "TimeCreated": {"#attributes": {"SystemTime": "2025-08-13T10:56:28.075442Z"}}, "EventRecordID": 417, "Correlation": null, "Execution": {"#attributes": {"ProcessID": 636, "ThreadID": 2956}}, "Channel": "System", "Computer": "WIN-LC7SFT89DTG", "Security": null}, "EventData": {"param1": "User Profile Service", "param2": "stopped", "Binary": "500072006F0066005300760063002F0031000000"}}},
{"TimeGenerated": "2025-08-13T10:56:28.075442Z", "EventID": {"#attributes": {"Qualifiers": 16384}, "#text": 7036}, "Computer": "WIN-LC7SFT89DTG", "RawEvent": {"#attributes": {"xmlns": "http://schemas.microsoft.com/win/2004/08/events/event"}, "System": {"Provider": {"#attributes": {"Name": "Service Control Manager", "Guid": "{555908d1-a6d7-4695-8e1e-26931d2012f4}", "EventSourceName": "Service Control Manager"}}, "EventID": {"#attributes": {"Qualifiers": 16384}, "#text": 7036}, "Version": 0, "Level": 4, "Task": 0, "Opcode": 0, "Keywords": "0x8080000000000000", "TimeCreated": {"#attributes": {"SystemTime": "2025-08-13T10:56:28.075442Z"}}, "EventRecordID": 418, "Correlation": null, "Execution": {"#attributes": {"ProcessID": 636, "ThreadID": 2956}}, "Channel": "System", "Computer": "WIN-LC7SFT89DTG", "Security": null}, "EventData": {"param1": "Windows Font Cache Service", "param2": "stopped", "Binary": "46006F006E007400430061006300680065002F0031000000"}}},
{"TimeGenerated": "2025-08-13T10:56:28.085283Z", "EventID": 50104, "Computer": "WIN-LC7SFT89DTG", "RawEvent": {"#attributes": {"xmlns": "http://schemas.microsoft.com/win/2004/08/events/event"}, "System": {"Provider": {"#attributes": {"Name": "Microsoft-Windows-Dhcp-Client", "Guid": "15A7A4F8-0072-4EAB-ABAD-F98A4D666AED"}}, "EventID": 50104, "Version": 0, "Level": 4, "Task": 4, "Opcode": 129, "Keywords": "0x2000000000000000", "TimeCreated": {"#attributes": {"SystemTime": "2025-08-13T10:56:28.085283Z"}}, "EventRecordID": 419, "Correlation": null, "Execution": {"#attributes": {"ProcessID": 1400, "ThreadID": 1404}}, "Channel": "System", "Computer": "WIN-LC7SFT89DTG", "Security": {"#attributes": {"UserID": "S-1-5-19"}}}, "EventData": null}},
