{"TimeGenerated": "2025-08-13T10:54:02.323382Z", "EventID": {"#attributes": {"Qualifiers": 16384}, "#text": 7036}, "Computer": "WIN-LC7SFT89DTG", "RawEvent": {"#attributes": {"xmlns": "http://schemas.microsoft.com/win/2004/08/events/event"}, "System": {"Provider": {"#attributes": {"Name": "Service Control Manager", "Guid": "{555908d1-a6d7-4695-8e1e-26931d2012f4}", "EventSourceName": "Service Control Manager"}}, "EventID": {"#attributes": {"Qualifiers": 16384}, "#text": 7036}, "Version": 0, "Level": 4, "Task": 0, "Opcode": 0, "Keywords": "0x8080000000000000", "TimeCreated": {"#attributes": {"SystemTime": "2025-08-13T10:54:02.323382Z"}}, "EventRecordID": 318, "Correlation": null, "Execution": {"#attributes": {"ProcessID": 636, "ThreadID": 2840}}, "Channel": "System", "Computer": "WIN-LC7SFT89DTG", "Security": null}, "EventData": {"param1": "Portable Device Enumerator Service", "param2": "running", "Binary": "57005000440042007500730045006E0075006D002F0034000000"}}},
{"TimeGenerated": "2025-08-13T10:54:02.339224Z", "EventID": {"#attributes": {"Qualifiers": 16384}, "#text": 7036}, "Computer": "WIN-LC7SFT89DTG", "RawEvent": {"#attributes": {"xmlns": "http://schemas.microsoft.com/win/2004/08/events/event"}, "System": {"Provider": {"#attributes": {"Name": "Service Control Manager", "Guid": "{555908d1-a6d7-4695-8e1e-26931d2012f4}", "EventSourceName": "Service Control Manager"}}, "EventID": {"#attributes": {"Qualifiers": 16384}, "#text": 7036}, "Version": 0, "Level": 4, "Task": 0, "Opcode": 0, "Keywords": "0x8080000000000000", "TimeCreated": {"#attributes": {"SystemTime": "2025-08-13T10:54:02.339224Z"}}, "EventRecordID": 319, "Correlation": null, "Execution": {"#attributes": {"ProcessID": 636, "ThreadID": 2840}}, "Channel": "System", "Computer": "WIN-LC7SFT89DTG", "Security": null}, "EventData": {"param1": "Delivery Optimization", "param2": "running", "Binary": "44006F005300760063002F0034000000"}}},
{"TimeGenerated": "2025-08-13T10:54:02.370239Z", "EventID": {"#attributes": {"Qualifiers": 16384}, "#text": 7036}, "Computer": "WIN-LC7SFT89DTG", "RawEvent": {"#attributes": {"xmlns": "http://schemas.microsoft.com/win/2004/08/events/event"}, "System": {"Provider": {"#attributes": {"Name": "Service Control Manager", "Guid": "{555908d1-a6d7-4695-8e1e-26931d2012f4}", "EventSourceName": "Service Control Manager"}}, "EventID": {"#attributes": {"Qualifiers": 16384}, "#text": 7036}, "Version": 0, "Level": 4, "Task": 0, "Opcode": 0, "Keywords": "0x8080000000000000", "TimeCreated": {"#attributes": {"SystemTime": "2025-08-13T10:54:02.370239Z"}}, "EventRecordID": 320, "Correlation": null, "Execution": {"#attributes": {"ProcessID": 636, "ThreadID": 2840}}, "Channel": "System", "Computer": "WIN-LC7SFT89DTG", "Security": null}, "EventData": {"param1": "Delivery Optimization", "param2": "stopped", "Binary": "44006F005300760063002F0031000000"}}},
{"TimeGenerated": "2025-08-13T10:54:02.500346Z", "EventID": 16, "Computer": "WIN-LC7SFT89DTG", "RawEvent": {"#attributes": {"xmlns": "http://schemas.microsoft.com/win/2004/08/events/event"}, "System": {"Provider": {"#attributes": {"Name": "Microsoft-Windows-Kernel-General", "Guid": "A68CA8B7-004F-D7B6-A698-07E2DE0F1F5D"}}, "EventID": 16, "Version": 0, "Level": 4, "Task": 0, "Opcode": 0, "Keywords": "0x8000000000000000", "TimeCreated": {"#attributes": {"SystemTime": "2025-08-13T10:54:02.500346Z"}}, "EventRecordID": 321, "Correlation": null, "Execution": {"#attributes": {"ProcessID": 4540, "ThreadID": 4532}}, "Channel": "System", "Computer": "WIN-LC7SFT89DTG", "Security": {"#attributes": {"UserID": "S-1-5-18"}}}, "EventData": {"HiveNameLength": 45, "HiveName": "\\??\\C:\\Windows\\AppCompat\\Programs\\Amcache.hve", "KeysUpdated": 0, "DirtyPages": 0}}},
{"TimeGenerated": "2025-08-13T10:54:02.979895Z", "EventID": {"#attributes": {"Qualifiers": 16384}, "#text": 7036}, "Computer": "WIN-LC7SFT89DTG", "RawEvent": {"#attributes": {"xmlns": "http://schemas.microsoft.com/win/2004/08/events/event"}, "System": {"Provider": {"#attributes": {"Name": "Service Control Manager", "Guid": "{555908d1-a6d7-4695-8e1e-26931d2012f4}", "EventSourceName": "Service Control Manager"}}, "EventID": {"#attributes": {"Qualifiers": 16384}, "#text": 7036}, "Version": 0, "Level": 4, "Task": 0, "Opcode": 0, "Keywords": "0x8080000000000000", "TimeCreated": {"#attributes": {"SystemTime": "2025-08-13T10:54:02.979895Z"}}, "EventRecordID": 322, "Correlation": null, "Execution": {"#attributes": {"ProcessID": 636, "ThreadID": 4620}}, "Channel": "System", "Computer": "WIN-LC7SFT89DTG", "Security": null}, "EventData": {"param1": "Windows Update", "param2": "running", "Binary": "770075006100750073006500720076002F0034000000"}}},
{"TimeGenerated": "2025-08-13T10:54:03.171699Z", "EventID": {"#attributes": {"Qualifiers": 16384}, "#text": 7036}, "Computer": "WIN-LC7SFT89DTG", "RawEvent": {"#attributes": {"xmlns": "http://schemas.microsoft.com/win/2004/08/events/event"}, "System": {"Provider": {"#attributes": {"Name": "Service Control Manager", "Guid": "{555908d1-a6d7-4695-8e1e-26931d2012f4}", "EventSourceName": "Service Control Manager"}}, "EventID": {"#attributes": {"Qualifiers": 16384}, "#text": 7036}, "Version": 0, "Level": 4, "Task": 0, "Opcode": 0, "Keywords": "0x8080000000000000", "TimeCreated": {"#attributes": {"SystemTime": "2025-08-13T10:54:03.171699Z"}}, "EventRecordID": 323, "Correlation": null, "Execution": {"#attributes": {"ProcessID": 636, "ThreadID": 4620}}, "Channel": "System", "Computer": "WIN-LC7SFT89DTG", "Security": null}, "EventData": {"param1": "Windows Defender Antivirus Network Inspection Service", "param2": "running", "Binary": "570064004E00690073005300760063002F0034000000"}}},
{"TimeGenerated": "2025-08-13T10:54:03.250076Z", "EventID": {"#attributes": {"Qualifiers": 16384}, "#text": 7036}, "Computer": "WIN-LC7SFT89DTG", "RawEvent": {"#attributes": {"xmlns": "http://schemas.microsoft.com/win/2004/08/events/event"}, "System": {"Provider": {"#attributes": {"Name": "Service Control Manager", "Guid": "{555908d1-a6d7-4695-8e1e-26931d2012f4}", "EventSourceName": "Service Control Manager"}}, "EventID": {"#attributes": {"Qualifiers": 16384}, "#text": 7036}, "Version": 0, "Level": 4, "Task": 0, "Opcode": 0, "Keywords": "0x8080000000000000", "TimeCreated": {"#attributes": {"SystemTime": "2025-08-13T10:54:03.250076Z"}}, "EventRecordID": 324, "Correlation": null, "Execution": {"#attributes": {"ProcessID": 636, "ThreadID": 4620}}, "Channel": "System", "Computer": "WIN-LC7SFT89DTG", "Security": null}, "EventData": {"param1": "Windows Modules Installer", "param2": "running", "Binary": "540072007500730074006500640049006E007300740061006C006C00650072002F0034000000"}}},
{"TimeGenerated": "2025-08-13T10:54:04.182205Z", "EventID": {"#attributes": {"Qualifiers": 16384}, "#text": 7036}, "Computer": "WIN-LC7SFT89DTG", "RawEvent": {"#attributes": {"xmlns": "http://schemas.microsoft.com/win/2004/08/events/event"}, "System": {"Provider": {"#attributes": {"Name": "Service Control Manager", "Guid": "{555908d1-a6d7-4695-8e1e-26931d2012f4}", "EventSourceName": "Service Control Manager"}}, "EventID": {"#attributes": {"Qualifiers": 16384}, "#text": 7036}, "Version": 0, "Level": 4, "Task": 0, "Opcode": 0, "Keywords": "0x8080000000000000", "TimeCreated": {"#attributes": {"SystemTime": "2025-08-13T10:54:04.182205Z"}}, "EventRecordID": 325, "Correlation": null, "Execution": {"#attributes": {"ProcessID": 636, "ThreadID": 4620}}, "Channel": "System", "Computer": "WIN-LC7SFT89DTG", "Security": null}, "EventData": {"param1": "Microsoft Account Sign-in Assistant", "param2": "running", "Binary": "77006C00690064007300760063002F0034000000"}}},
{"TimeGenerated": "2025-08-13T10:54:04.228655Z", "EventID": {"#attributes": {"Qualifiers": 16384}, "#text": 7036}, "Computer": "WIN-LC7SFT89DTG", "RawEvent": {"#attributes": {"xmlns": "http://schemas.microsoft.com/win/2004/08/events/event"}, "System": {"Provider": {"#attributes": {"Name": "Service Control Manager", "Guid": "{555908d1-a6d7-4695-8e1e-26931d2012f4}", "EventSourceName": "Service Control Manager"}}, "EventID": {"#attributes": {"Qualifiers": 16384}, "#text": 7036}, "Version": 0, "Level": 4, "Task": 0, "Opcode": 0, "Keywords": "0x8080000000000000", "TimeCreated": {"#attributes": {"SystemTime": "2025-08-13T10:54:04.228655Z"}}, "EventRecordID": 326, "Correlation": null, "Execution": {"#attributes": {"ProcessID": 636, "ThreadID": 4620}}, "Channel": "System", "Computer": "WIN-LC7SFT89DTG", "Security": null}, "EventData": {"param1": "Microsoft Passport", "param2": "running", "Binary": "4E00670063005300760063002F0034000000"}}},
{"TimeGenerated": "2025-08-13T10:54:04.244281Z", "EventID": {"#attributes": {"Qualifiers": 16384}, "#text": 7036}, "Computer": "WIN-LC7SFT89DTG", "RawEvent": {"#attributes": {"xmlns": "http://schemas.microsoft.com/win/2004/08/events/event"}, "System": {"Provider": {"#attributes": {"Name": "Service Control Manager", "Guid": "{555908d1-a6d7-4695-8e1e-26931d2012f4}", "EventSourceName": "Service Control Manager"}}, "EventID": {"#attributes": {"Qualifiers": 16384}, "#text": 7036}, "Version": 0, "Level": 4, "Task": 0, "Opcode": 0, "Keywords": "0x8080000000000000", "TimeCreated": {"#attributes": {"SystemTime": "2025-08-13T10:54:04.244281Z"}}, "EventRecordID": 327, "Correlation": null, "Execution": {"#attributes": {"ProcessID": 636, "ThreadID": 4620}}, "Channel": "System", "Computer": "WIN-LC7SFT89DTG", "Security": null}, "EventData": {"param1": "Client License Service (ClipSVC)", "param2": "running", "Binary": "43006C00690070005300560043002F0034000000"}}},
{"TimeGenerated": "2025-08-13T10:54:04.259957Z", "EventID": {"#attributes": {"Qualifiers": 16384}, "#text": 7036}, "Computer": "WIN-LC7SFT89DTG", "RawEvent": {"#attributes": {"xmlns": "http://schemas.microsoft.com/win/2004/08/events/event"}, "System": {"Provider": {"#attributes": {"Name": "Service Control Manager", "Guid": "{555908d1-a6d7-4695-8e1e-26931d2012f4}", "EventSourceName": "Service Control Manager"}}, "EventID": {"#attributes": {"Qualifiers": 16384}, "#text": 7036}, "Version": 0, "Level": 4, "Task": 0, "Opcode": 0, "Keywords": "0x8080000000000000", "TimeCreated": {"#attributes": {"SystemTime": "2025-08-13T10:54:04.259957Z"}}, "EventRecordID": 328, "Correlation": null, "Execution": {"#attributes": {"ProcessID": 636, "ThreadID": 4620}}, "Channel": "System", "Computer": "WIN-LC7SFT89DTG", "Security": null}, "EventData": {"param1": "Credential Manager", "param2": "running", "Binary": "5600610075006C0074005300760063002F0034000000"}}},
{"TimeGenerated": "2025-08-13T10:54:06.596021Z", "EventID": 1281, "Computer": "WIN-LC7SFT89DTG", "RawEvent": {"#attributes": {"xmlns": "http://schemas.microsoft.com/win/2004/08/events/event"}, "System": {"Provider": {"#attributes": {"Name": "Microsoft-Windows-TPM-WMI", "Guid": "7D5387B0-CBE0-11DA-A94D-0800200C9A66"}}, "EventID": 1281, "Version": 0, "Level": 4, "Task": 0, "Opcode": 0, "Keywords": "0x8000000000000000", "TimeCreated": {"#attributes": {"SystemTime": "2025-08-13T10:54:06.596021Z"}}, "EventRecordID": 329, "Correlation": null, "Execution": {"#attributes": {"ProcessID": 4728, "ThreadID": 4776}}, "Channel": "System", "Computer": "WIN-LC7SFT89DTG", "Security": {"#attributes": {"UserID": "S-1-5-18"}}}, "EventData": null}},
{"TimeGenerated": "2025-08-13T10:54:06.619917Z", "EventID": {"#attributes": {"Qualifiers": 16384}, "#text": 7036}, "Computer": "WIN-LC7SFT89DTG", "RawEvent": {"#attributes": {"xmlns": "http://schemas.microsoft.com/win/2004/08/events/event"}, "System": {"Provider": {"#attributes": {"Name": "Service Control Manager", "Guid": "{555908d1-a6d7-4695-8e1e-26931d2012f4}", "EventSourceName": "Service Control Manager"}}, "EventID": {"#attributes": {"Qualifiers": 16384}, "#text": 7036}, "Version": 0, "Level": 4, "Task": 0, "Opcode": 0, "Keywords": "0x8080000000000000", "TimeCreated": {"#attributes": {"SystemTime": "2025-08-13T10:54:06.619917Z"}}, "EventRecordID": 330, "Correlation": null, "Execution": {"#attributes": {"ProcessID": 636, "ThreadID": 2840}}, "Channel": "System", "Computer": "WIN-LC7SFT89DTG", "Security": null}, "EventData": {"param1": "Windows License Manager Service", "param2": "running", "Binary": "4C006900630065006E00730065004D0061006E0061006700650072002F0034000000"}}},
{"TimeGenerated": "2025-08-13T10:54:06.666346Z", "EventID": 1282, "Computer": "WIN-LC7SFT89DTG", "RawEvent": {"#attributes": {"xmlns": "http://schemas.microsoft.com/win/2004/08/events/event"}, "System": {"Provider": {"#attributes": {"Name": "Microsoft-Windows-TPM-WMI", "Guid": "7D5387B0-CBE0-11DA-A94D-0800200C9A66"}}, "EventID": 1282, "Version": 0, "Level": 4, "Task": 0, "Opcode": 0, "Keywords": "0x8000000000000000", "TimeCreated": {"#attributes": {"SystemTime": "2025-08-13T10:54:06.666346Z"}}, "EventRecordID": 331, "Correlation": null, "Execution": {"#attributes": {"ProcessID": 5212, "ThreadID": 5508}}, "Channel": "System", "Computer": "WIN-LC7SFT89DTG", "Security": {"#attributes": {"UserID": "S-1-5-18"}}}, "EventData": null}},
{"TimeGenerated": "2025-08-13T10:54:08.401672Z", "EventID": {"#attributes": {"Qualifiers": 16384}, "#text": 7036}, "Computer": "WIN-LC7SFT89DTG", "RawEvent": {"#attributes": {"xmlns": "http://schemas.microsoft.com/win/2004/08/events/event"}, "System": {"Provider": {"#attributes": {"Name": "Service Control Manager", "Guid": "{555908d1-a6d7-4695-8e1e-26931d2012f4}", "EventSourceName": "Service Control Manager"}}, "EventID": {"#attributes": {"Qualifiers": 16384}, "#text": 7036}, "Version": 0, "Level": 4, "Task": 0, "Opcode": 0, "Keywords": "0x8080000000000000", "TimeCreated": {"#attributes": {"SystemTime": "2025-08-13T10:54:08.401672Z"}}, "EventRecordID": 332, "Correlation": null, "Execution": {"#attributes": {"ProcessID": 636, "ThreadID": 4620}}, "Channel": "System", "Computer": "WIN-LC7SFT89DTG", "Security": null}, "EventData": {"param1": "Capability Access Manager Service", "param2": "running", "Binary": "630061006D007300760063002F0034000000"}}},
{"TimeGenerated": "2025-08-13T10:54:08.881458Z", "EventID": 7001, "Computer": "WIN-LC7SFT89DTG", "RawEvent": {"#attributes": {"xmlns": "http://schemas.microsoft.com/win/2004/08/events/event"}, "System": {"Provider": {"#attributes": {"Name": "Microsoft-Windows-Winlogon", "Guid": "DBE9B383-7CF3-4331-91CC-A3CB16A3B538"}}, "EventID": 7001, "Version": 0, "Level": 4, "Task": 1101, "Opcode": 0, "Keywords": "0x2000200000000000", "TimeCreated": {"#attributes": {"SystemTime": "2025-08-13T10:54:08.881458Z"}}, "EventRecordID": 333, "Correlation": null, "Execution": {"#attributes": {"ProcessID": 588, "ThreadID": 1088}}, "Channel": "System", "Computer": "WIN-LC7SFT89DTG", "Security": {"#attributes": {"UserID": "S-1-5-18"}}}, "EventData": {"TSId": 1, "UserSid": "S-1-5-21-2502726253-3859040611-225969357-500"}}},
{"TimeGenerated": "2025-08-13T10:54:08.954882Z", "EventID": 16, "Computer": "WIN-LC7SFT89DTG", "RawEvent": {"#attributes": {"xmlns": "http://schemas.microsoft.com/win/2004/08/events/event"}, "System": {"Provider": {"#attributes": {"Name": "Microsoft-Windows-Kernel-General", "Guid": "A68CA8B7-004F-D7B6-A698-07E2DE0F1F5D"}}, "EventID": 16, "Version": 0, "Level": 4, "Task": 0, "Opcode": 0, "Keywords": "0x8000000000000000", "TimeCreated": {"#attributes": {"SystemTime": "2025-08-13T10:54:08.954882Z"}}, "EventRecordID": 334, "Correlation": null, "Execution": {"#attributes": {"ProcessID": 1984, "ThreadID": 2928}}, "Channel": "System", "Computer": "WIN-LC7SFT89DTG", "Security": {"#attributes": {"UserID": "S-1-5-18"}}}, "EventData": {"HiveNameLength": 37, "HiveName": "\\??\\C:\\Users\\Administrator\\ntuser.dat", "KeysUpdated": 35, "DirtyPages": 6}}},
{"TimeGenerated": "2025-08-13T10:54:09.506434Z", "EventID": 1501, "Computer": "WIN-LC7SFT89DTG", "RawEvent": {"#attributes": {"xmlns": "http://schemas.microsoft.com/win/2004/08/events/event"}, "System": {"Provider": {"#attributes": {"Name": "Microsoft-Windows-GroupPolicy", "Guid": "AEA1B4FA-97D1-45F2-A64C-4D69FFFD92C9"}}, "EventID": 1501, "Version": 0, "Level": 4, "Task": 0, "Opcode": 1, "Keywords": "0x8000000000000000", "TimeCreated": {"#attributes": {"SystemTime": "2025-08-13T10:54:09.506434Z"}}, "EventRecordID": 335, "Correlation": {"#attributes": {"ActivityID": "67E8E4E7-B030-4057-9785-5E090BC07EC8"}}, "Execution": {"#attributes": {"ProcessID": 1964, "ThreadID": 4056}}, "Channel": "System", "Computer": "WIN-LC7SFT89DTG", "Security": {"#attributes": {"UserID": "S-1-5-21-2502726253-3859040611-225969357-500"}}}, "EventData": {"SupportInfo1": 1, "SupportInfo2": 4232, "ProcessingMode": 1, "ProcessingTimeInMilliseconds": 94, "DCName": ""}}},
{"TimeGenerated": "2025-08-13T10:54:09.588896Z", "EventID": {"#attributes": {"Qualifiers": 16384}, "#text": 7036}, "Computer": "WIN-LC7SFT89DTG", "RawEvent": {"#attributes": {"xmlns": "http://schemas.microsoft.com/win/2004/08/events/event"}, "System": {"Provider": {"#attributes": {"Name": "Service Control Manager", "Guid": "{555908d1-a6d7-4695-8e1e-26931d2012f4}", "EventSourceName": "Service Control Manager"}}, "EventID": {"#attributes": {"Qualifiers": 16384}, "#text": 7036}, "Version": 0, "Level": 4, "Task": 0, "Opcode": 0, "Keywords": "0x8080000000000000", "TimeCreated": {"#attributes": {"SystemTime": "2025-08-13T10:54:09.588896Z"}}, "EventRecordID": 336, "Correlation": null, "Execution": {"#attributes": {"ProcessID": 636, "ThreadID": 4620}}, "Channel": "System", "Computer": "WIN-LC7SFT89DTG", "Security": null}, "EventData": {"param1": "Connected Devices Platform User Service_13553a", "param2": "running", "Binary": "43004400500055007300650072005300760063005F003100330035003500330061002F0034000000"}}},
{"TimeGenerated": "2025-08-13T10:54:09.604481Z", "EventID": {"#attributes": {"Qualifiers": 16384}, "#text": 7036}, "Computer": "WIN-LC7SFT89DTG", "RawEvent": {"#attributes": {"xmlns": "http://schemas.microsoft.com/win/2004/08/events/event"}, "System": {"Provider": {"#attributes": {"Name": "Service Control Manager", "Guid": "{555908d1-a6d7-4695-8e1e-26931d2012f4}", "EventSourceName": "Service Control Manager"}}, "EventID": {"#attributes": {"Qualifiers": 16384}, "#text": 7036}, "Version": 0, "Level": 4, "Task": 0, "Opcode": 0, "Keywords": "0x8080000000000000", "TimeCreated": {"#attributes": {"SystemTime": "2025-08-13T10:54:09.604481Z"}}, "EventRecordID": 337, "Correlation": null, "Execution": {"#attributes": {"ProcessID": 636, "ThreadID": 4188}}, "Channel": "System", "Computer": "WIN-LC7SFT89DTG", "Security": null}, "EventData": {"param1": "Windows Push Notifications User Service_13553a", "param2": "running", "Binary": "570070006E00550073006500720053006500720076006900630065005F003100330035003500330061002F0034000000"}}},
{"TimeGenerated": "2025-08-13T10:54:09.620071Z", "EventID": {"#attributes": {"Qualifiers": 16384}, "#text": 7036}, "Computer": "WIN-LC7SFT89DTG", "RawEvent": {"#attributes": {"xmlns": "http://schemas.microsoft.com/win/2004/08/events/event"}, "System": {"Provider": {"#attributes": {"Name": "Service Control Manager", "Guid": "{555908d1-a6d7-4695-8e1e-26931d2012f4}", "EventSourceName": "Service Control Manager"}}, "EventID": {"#attributes": {"Qualifiers": 16384}, "#text": 7036}, "Version": 0, "Level": 4, "Task": 0, "Opcode": 0, "Keywords": "0x8080000000000000", "TimeCreated": {"#attributes": {"SystemTime": "2025-08-13T10:54:09.620071Z"}}, "EventRecordID": 338, "Correlation": null, "Execution": {"#attributes": {"ProcessID": 636, "ThreadID": 4620}}, "Channel": "System", "Computer": "WIN-LC7SFT89DTG", "Security": null}, "EventData": {"param1": "Web Account Manager", "param2": "running", "Binary": "54006F006B0065006E00420072006F006B00650072002F0034000000"}}},
{"TimeGenerated": "2025-08-13T10:54:09.651359Z", "EventID": {"#attributes": {"Qualifiers": 16384}, "#text": 7036}, "Computer": "WIN-LC7SFT89DTG", "RawEvent": {"#attributes": {"xmlns": "http://schemas.microsoft.com/win/2004/08/events/event"}, "System": {"Provider": {"#attributes": {"Name": "Service Control Manager", "Guid": "{555908d1-a6d7-4695-8e1e-26931d2012f4}", "EventSourceName": "Service Control Manager"}}, "EventID": {"#attributes": {"Qualifiers": 16384}, "#text": 7036}, "Version": 0, "Level": 4, "Task": 0, "Opcode": 0, "Keywords": "0x8080000000000000", "TimeCreated": {"#attributes": {"SystemTime": "2025-08-13T10:54:09.651359Z"}}, "EventRecordID": 339, "Correlation": null, "Execution": {"#attributes": {"ProcessID": 636, "ThreadID": 4620}}, "Channel": "System", "Computer": "WIN-LC7SFT89DTG", "Security": null}, "EventData": {"param1": "AppX Deployment Service (AppXSVC)", "param2": "running", "Binary": "41007000700058005300760063002F0034000000"}}},
{"TimeGenerated": "2025-08-13T10:54:09.713840Z", "EventID": {"#attributes": {"Qualifiers": 16384}, "#text": 7036}, "Computer": "WIN-LC7SFT89DTG", "RawEvent": {"#attributes": {"xmlns": "http://schemas.microsoft.com/win/2004/08/events/event"}, "System": {"Provider": {"#attributes": {"Name": "Service Control Manager", "Guid": "{555908d1-a6d7-4695-8e1e-26931d2012f4}", "EventSourceName": "Service Control Manager"}}, "EventID": {"#attributes": {"Qualifiers": 16384}, "#text": 7036}, "Version": 0, "Level": 4, "Task": 0, "Opcode": 0, "Keywords": "0x8080000000000000", "TimeCreated": {"#attributes": {"SystemTime": "2025-08-13T10:54:09.713840Z"}}, "EventRecordID": 340, "Correlation": null, "Execution": {"#attributes": {"ProcessID": 636, "ThreadID": 2840}}, "Channel": "System", "Computer": "WIN-LC7SFT89DTG", "Security": null}, "EventData": {"param1": "Touch Keyboard and Handwriting Panel Service", "param2": "running", "Binary": "5400610062006C006500740049006E0070007500740053006500720076006900630065002F0034000000"}}},
{"TimeGenerated": "2025-08-13T10:54:09.838859Z", "EventID": {"#attributes": {"Qualifiers": 16384}, "#text": 7036}, "Computer": "WIN-LC7SFT89DTG", "RawEvent": {"#attributes": {"xmlns": "http://schemas.microsoft.com/win/2004/08/events/event"}, "System": {"Provider": {"#attributes": {"Name": "Service Control Manager", "Guid": "{555908d1-a6d7-4695-8e1e-26931d2012f4}", "EventSourceName": "Service Control Manager"}}, "EventID": {"#attributes": {"Qualifiers": 16384}, "#text": 7036}, "Version": 0, "Level": 4, "Task": 0, "Opcode": 0, "Keywords": "0x8080000000000000", "TimeCreated": {"#attributes": {"SystemTime": "2025-08-13T10:54:09.838859Z"}}, "EventRecordID": 341, "Correlation": null, "Execution": {"#attributes": {"ProcessID": 636, "ThreadID": 2840}}, "Channel": "System", "Computer": "WIN-LC7SFT89DTG", "Security": null}, "EventData": {"param1": "Device Management Enrollment Service", "param2": "running", "Binary": "44006D0045006E0072006F006C006C006D0065006E0074005300760063002F0034000000"}}},
{"TimeGenerated": "2025-08-13T10:54:10.198535Z", "EventID": {"#attributes": {"Qualifiers": 16384}, "#text": 7036}, "Computer": "WIN-LC7SFT89DTG", "RawEvent": {"#attributes": {"xmlns": "http://schemas.microsoft.com/win/2004/08/events/event"}, "System": {"Provider": {"#attributes": {"Name": "Service Control Manager", "Guid": "{555908d1-a6d7-4695-8e1e-26931d2012f4}", "EventSourceName": "Service Control Manager"}}, "EventID": {"#attributes": {"Qualifiers": 16384}, "#text": 7036}, "Version": 0, "Level": 4, "Task": 0, "Opcode": 0, "Keywords": "0x8080000000000000", "TimeCreated": {"#attributes": {"SystemTime": "2025-08-13T10:54:10.198535Z"}}, "EventRecordID": 342, "Correlation": null, "Execution": {"#attributes": {"ProcessID": 636, "ThreadID": 2840}}, "Channel": "System", "Computer": "WIN-LC7SFT89DTG", "Security": null}, "EventData": {"param1": "Device Management Enrollment Service", "param2": "stopped", "Binary": "44006D0045006E0072006F006C006C006D0065006E0074005300760063002F0031000000"}}},
{"TimeGenerated": "2025-08-13T10:54:11.665524Z", "EventID": 16, "Computer": "WIN-LC7SFT89DTG", "RawEvent": {"#attributes": {"xmlns": "http://schemas.microsoft.com/win/2004/08/events/event"}, "System": {"Provider": {"#attributes": {"Name": "Microsoft-Windows-Kernel-General", "Guid": "A68CA8B7-004F-D7B6-A698-07E2DE0F1F5D"}}, "EventID": 16, "Version": 0, "Level": 4, "Task": 0, "Opcode": 0, "Keywords": "0x8000000000000000", "TimeCreated": {"#attributes": {"SystemTime": "2025-08-13T10:54:11.665524Z"}}, "EventRecordID": 343, "Correlation": null, "Execution": {"#attributes": {"ProcessID": 4036, "ThreadID": 2984}}, "Channel": "System", "Computer": "WIN-LC7SFT89DTG", "Security": {"#attributes": {"UserID": "S-1-5-18"}}}, "EventData": {"HiveNameLength": 123, "HiveName": "\\??\\C:\\Users\\Administrator\\AppData\\Local\\Packages\\Microsoft.Windows.ShellExperienceHost_cw5n1h2txyewy\\Settings\\settings.dat", "KeysUpdated": 3, "DirtyPages": 1}}},
{"TimeGenerated": "2025-08-13T10:54:11.724171Z", "EventID": 16, "Computer": "WIN-LC7SFT89DTG", "RawEvent": {"#attributes": {"xmlns": "http://schemas.microsoft.com/win/2004/08/events/event"}, "System": {"Provider": {"#attributes": {"Name": "Microsoft-Windows-Kernel-General", "Guid": "A68CA8B7-004F-D7B6-A698-07E2DE0F1F5D"}}, "EventID": 16, "Version": 0, "Level": 4, "Task": 0, "Opcode": 0, "Keywords": "0x8000000000000000", "TimeCreated": {"#attributes": {"SystemTime": "2025-08-13T10:54:11.724171Z"}}, "EventRecordID": 344, "Correlation": null, "Execution": {"#attributes": {"ProcessID": 4816, "ThreadID": 5620}}, "Channel": "System", "Computer": "WIN-LC7SFT89DTG", "Security": {"#attributes": {"UserID": "S-1-5-18"}}}, "EventData": {"HiveNameLength": 111, "HiveName": "\\??\\C:\\Users\\Administrator\\AppData\\Local\\Packages\\Microsoft.Windows.Cortana_cw5n1h2txyewy\\Settings\\settings.dat", "KeysUpdated": 3, "DirtyPages": 1}}},
{"TimeGenerated": "2025-08-13T10:54:12.381998Z", "EventID": 16, "Computer": "WIN-LC7SFT89DTG", "RawEvent": {"#attributes": {"xmlns": "http://schemas.microsoft.com/win/2004/08/events/event"}, "System": {"Provider": {"#attributes": {"Name": "Microsoft-Windows-Kernel-General", "Guid": "A68CA8B7-004F-D7B6-A698-07E2DE0F1F5D"}}, "EventID": 16, "Version": 0, "Level": 4, "Task": 0, "Opcode": 0, "Keywords": "0x8000000000000000", "TimeCreated": {"#attributes": {"SystemTime": "2025-08-13T10:54:12.381998Z"}}, "EventRecordID": 345, "Correlation": null, "Execution": {"#attributes": {"ProcessID": 620, "ThreadID": 6120}}, "Channel": "System", "Computer": "WIN-LC7SFT89DTG", "Security": {"#attributes": {"UserID": "S-1-5-18"}}}, "EventData": {"HiveNameLength": 112, "HiveName": "\\??\\C:\\Users\\Administrator\\AppData\\Local\\Packages\\Microsoft.AAD.BrokerPlugin_cw5n1h2txyewy\\Settings\\settings.dat", "KeysUpdated": 3, "DirtyPages": 1}}},
{"TimeGenerated": "2025-08-13T10:54:12.385063Z", "EventID": 16, "Computer": "WIN-LC7SFT89DTG", "RawEvent": {"#attributes": {"xmlns": "http://schemas.microsoft.com/win/2004/08/events/event"}, "System": {"Provider": {"#attributes": {"Name": "Microsoft-Windows-Kernel-General", "Guid": "A68CA8B7-004F-D7B6-A698-07E2DE0F1F5D"}}, "EventID": 16, "Version": 0, "Level": 4, "Task": 0, "Opcode": 0, "Keywords": "0x8000000000000000", "TimeCreated": {"#attributes": {"SystemTime": "2025-08-13T10:54:12.385063Z"}}, "EventRecordID": 346, "Correlation": null, "Execution": {"#attributes": {"ProcessID": 620, "ThreadID": 6120}}, "Channel": "System", "Computer": "WIN-LC7SFT89DTG", "Security": {"#attributes": {"UserID": "S-1-5-18"}}}, "EventData": {"HiveNameLength": 123, "HiveName": "\\??\\C:\\Users\\Administrator\\AppData\\Local\\Packages\\Microsoft.Windows.CloudExperienceHost_cw5n1h2txyewy\\Settings\\settings.dat", "KeysUpdated": 3, "DirtyPages": 1}}},
{"TimeGenerated": "2025-08-13T10:54:12.390302Z", "EventID": 16, "Computer": "WIN-LC7SFT89DTG", "RawEvent": {"#attributes": {"xmlns": "http://schemas.microsoft.com/win/2004/08/events/event"}, "System": {"Provider": {"#attributes": {"Name": "Microsoft-Windows-Kernel-General", "Guid": "A68CA8B7-004F-D7B6-A698-07E2DE0F1F5D"}}, "EventID": 16, "Version": 0, "Level": 4, "Task": 0, "Opcode": 0, "Keywords": "0x8000000000000000", "TimeCreated": {"#attributes": {"SystemTime": "2025-08-13T10:54:12.390302Z"}}, "EventRecordID": 347, "Correlation": null, "Execution": {"#attributes": {"ProcessID": 620, "ThreadID": 6120}}, "Channel": "System", "Computer": "WIN-LC7SFT89DTG", "Security": {"#attributes": {"UserID": "S-1-5-18"}}}, "EventData": {"HiveNameLength": 115, "HiveName": "\\??\\C:\\Users\\Administrator\\AppData\\Local\\Packages\\windows.immersivecontrolpanel_cw5n1h2txyewy\\Settings\\settings.dat", "KeysUpdated": 3, "DirtyPages": 1}}},
{"TimeGenerated": "2025-08-13T10:54:14.247563Z", "EventID": {"#attributes": {"Qualifiers": 16384}, "#text": 7036}, "Computer": "WIN-LC7SFT89DTG", "RawEvent": {"#attributes": {"xmlns": "http://schemas.microsoft.com/win/2004/08/events/event"}, "System": {"Provider": {"#attributes": {"Name": "Service Control Manager", "Guid": "{555908d1-a6d7-4695-8e1e-26931d2012f4}", "EventSourceName": "Service Control Manager"}}, "EventID": {"#attributes": {"Qualifiers": 16384}, "#text": 7036}, "Version": 0, "Level": 4, "Task": 0, "Opcode": 0, "Keywords": "0x8080000000000000", "TimeCreated": {"#attributes": {"SystemTime": "2025-08-13T10:54:14.247563Z"}}, "EventRecordID": 348, "Correlation": null, "Execution": {"#attributes": {"ProcessID": 636, "ThreadID": 4620}}, "Channel": "System", "Computer": "WIN-LC7SFT89DTG", "Security": null}, "EventData": {"param1": "Application Information", "param2": "running", "Binary": "41007000700069006E0066006F002F0034000000"}}},
{"TimeGenerated": "2025-08-13T10:54:14.340246Z", "EventID": {"#attributes": {"Qualifiers": 16384}, "#text": 7036}, "Computer": "WIN-LC7SFT89DTG", "RawEvent": {"#attributes": {"xmlns": "http://schemas.microsoft.com/win/2004/08/events/event"}, "System": {"Provider": {"#attributes": {"Name": "Service Control Manager", "Guid": "{555908d1-a6d7-4695-8e1e-26931d2012f4}", "EventSourceName": "Service Control Manager"}}, "EventID": {"#attributes": {"Qualifiers": 16384}, "#text": 7036}, "Version": 0, "Level": 4, "Task": 0, "Opcode": 0, "Keywords": "0x8080000000000000", "TimeCreated": {"#attributes": {"SystemTime": "2025-08-13T10:54:14.340246Z"}}, "EventRecordID": 349, "Correlation": null, "Execution": {"#attributes": {"ProcessID": 636, "ThreadID": 3672}}, "Channel": "System", "Computer": "WIN-LC7SFT89DTG", "Security": null}, "EventData": {"param1": "Function Discovery Provider Host", "param2": "running", "Binary": "66006400500048006F00730074002F0034000000"}}},
{"TimeGenerated": "2025-08-13T10:54:14.558762Z", "EventID": {"#attributes": {"Qualifiers": 16384}, "#text": 7036}, "Computer": "WIN-LC7SFT89DTG", "RawEvent": {"#attributes": {"xmlns": "http://schemas.microsoft.com/win/2004/08/events/event"}, "System": {"Provider": {"#attributes": {"Name": "Service Control Manager", "Guid": "{555908d1-a6d7-4695-8e1e-26931d2012f4}", "EventSourceName": "Service Control Manager"}}, "EventID": {"#attributes": {"Qualifiers": 16384}, "#text": 7036}, "Version": 0, "Level": 4, "Task": 0, "Opcode": 0, "Keywords": "0x8080000000000000", "TimeCreated": {"#attributes": {"SystemTime": "2025-08-13T10:54:14.558762Z"}}, "EventRecordID": 350, "Correlation": null, "Execution": {"#attributes": {"ProcessID": 636, "ThreadID": 2840}}, "Channel": "System", "Computer": "WIN-LC7SFT89DTG", "Security": null}, "EventData": {"param1": "Function Discovery Resource Publication", "param2": "running", "Binary": "460044005200650073005000750062002F0034000000"}}},
{"TimeGenerated": "2025-08-13T10:54:17.168296Z", "EventID": {"#attributes": {"Qualifiers": 16384}, "#text": 7036}, "Computer": "WIN-LC7SFT89DTG", "RawEvent": {"#attributes": {"xmlns": "http://schemas.microsoft.com/win/2004/08/events/event"}, "System": {"Provider": {"#attributes": {"Name": "Service Control Manager", "Guid": "{555908d1-a6d7-4695-8e1e-26931d2012f4}", "EventSourceName": "Service Control Manager"}}, "EventID": {"#attributes": {"Qualifiers": 16384}, "#text": 7036}, "Version": 0, "Level": 4, "Task": 0, "Opcode": 0, "Keywords": "0x8080000000000000", "TimeCreated": {"#attributes": {"SystemTime": "2025-08-13T10:54:17.168296Z"}}, "EventRecordID": 351, "Correlation": null, "Execution": {"#attributes": {"ProcessID": 636, "ThreadID": 4188}}, "Channel": "System", "Computer": "WIN-LC7SFT89DTG", "Security": null}, "EventData": {"param1": "Network Setup Service", "param2": "running", "Binary": "4E0065007400530065007400750070005300760063002F0034000000"}}},
{"TimeGenerated": "2025-08-13T10:54:48.467681Z", "EventID": {"#attributes": {"Qualifiers": 16384}, "#text": 7036}, "Computer": "WIN-LC7SFT89DTG", "RawEvent": {"#attributes": {"xmlns": "http://schemas.microsoft.com/win/2004/08/events/event"}, "System": {"Provider": {"#attributes": {"Name": "Service Control Manager", "Guid": "{555908d1-a6d7-4695-8e1e-26931d2012f4}", "EventSourceName": "Service Control Manager"}}, "EventID": {"#attributes": {"Qualifiers": 16384}, "#text": 7036}, "Version": 0, "Level": 4, "Task": 0, "Opcode": 0, "Keywords": "0x8080000000000000", "TimeCreated": {"#attributes": {"SystemTime": "2025-08-13T10:54:48.467681Z"}}, "EventRecordID": 352, "Correlation": null, "Execution": {"#attributes": {"ProcessID": 636, "ThreadID": 2840}}, "Channel": "System", "Computer": "WIN-LC7SFT89DTG", "Security": null}, "EventData": {"param1": "Software Protection", "param2": "stopped", "Binary": "7300700070007300760063002F0031000000"}}},
{"TimeGenerated": "2025-08-13T10:54:53.201161Z", "EventID": {"#attributes": {"Qualifiers": 16384}, "#text": 7036}, "Computer": "WIN-LC7SFT89DTG", "RawEvent": {"#attributes": {"xmlns": "http://schemas.microsoft.com/win/2004/08/events/event"}, "System": {"Provider": {"#attributes": {"Name": "Service Control Manager", "Guid": "{555908d1-a6d7-4695-8e1e-26931d2012f4}", "EventSourceName": "Service Control Manager"}}, "EventID": {"#attributes": {"Qualifiers": 16384}, "#text": 7036}, "Version": 0, "Level": 4, "Task": 0, "Opcode": 0, "Keywords": "0x8080000000000000", "TimeCreated": {"#attributes": {"SystemTime": "2025-08-13T10:54:53.201161Z"}}, "EventRecordID": 353, "Correlation": null, "Execution": {"#attributes": {"ProcessID": 636, "ThreadID": 3672}}, "Channel": "System", "Computer": "WIN-LC7SFT89DTG", "Security": null}, "EventData": {"param1": "Delivery Optimization", "param2": "running", "Binary": "44006F005300760063002F0034000000"}}},
{"TimeGenerated": "2025-08-13T10:54:53.264137Z", "EventID": {"#attributes": {"Qualifiers": 16384}, "#text": 7036}, "Computer": "WIN-LC7SFT89DTG", "RawEvent": {"#attributes": {"xmlns": "http://schemas.microsoft.com/win/2004/08/events/event"}, "System": {"Provider": {"#attributes": {"Name": "Service Control Manager", "Guid": "{555908d1-a6d7-4695-8e1e-26931d2012f4}", "EventSourceName": "Service Control Manager"}}, "EventID": {"#attributes": {"Qualifiers": 16384}, "#text": 7036}, "Version": 0, "Level": 4, "Task": 0, "Opcode": 0, "Keywords": "0x8080000000000000", "TimeCreated": {"#attributes": {"SystemTime": "2025-08-13T10:54:53.264137Z"}}, "EventRecordID": 354, "Correlation": null, "Execution": {"#attributes": {"ProcessID": 636, "ThreadID": 3672}}, "Channel": "System", "Computer": "WIN-LC7SFT89DTG", "Security": null}, "EventData": {"param1": "Storage Service", "param2": "running", "Binary": "530074006F0072005300760063002F0034000000"}}},
{"TimeGenerated": "2025-08-13T10:54:55.076033Z", "EventID": {"#attributes": {"Qualifiers": 16384}, "#text": 7045}, "Computer": "WIN-LC7SFT89DTG", "RawEvent": {"#attributes": {"xmlns": "http://schemas.microsoft.com/win/2004/08/events/event"}, "System": {"Provider": {"#attributes": {"Name": "Service Control Manager", "Guid": "{555908d1-a6d7-4695-8e1e-26931d2012f4}", "EventSourceName": "Service Control Manager"}}, "EventID": {"#attributes": {"Qualifiers": 16384}, "#text": 7045}, "Version": 0, "Level": 4, "Task": 0, "Opcode": 0, "Keywords": "0x8080000000000000", "TimeCreated": {"#attributes": {"SystemTime": "2025-08-13T10:54:55.076033Z"}}, "EventRecordID": 355, "Correlation": null, "Execution": {"#attributes": {"ProcessID": 636, "ThreadID": 3672}}, "Channel": "System", "Computer": "WIN-LC7SFT89DTG", "Security": {"#attributes": {"UserID": "S-1-5-18"}}}, "EventData": {"ServiceName": "VMware VMCI Bus Driver", "ImagePath": "System32\\drivers\\vmci.sys", "ServiceType": "kernel mode driver", "StartType": "boot start", "AccountName": ""}}},
{"TimeGenerated": "2025-08-13T10:54:55.122595Z", "EventID": {"#attributes": {"Qualifiers": 16392}, "#text": 3}, "Computer": "WIN-LC7SFT89DTG", "RawEvent": {"#attributes": {"xmlns": "http://schemas.microsoft.com/win/2004/08/events/event"}, "System": {"Provider": {"#attributes": {"Name": "vmci"}}, "EventID": {"#attributes": {"Qualifiers": 16392}, "#text": 3}, "Level": 4, "Task": 0, "Keywords": "0x80000000000000", "TimeCreated": {"#attributes": {"SystemTime": "2025-08-13T10:54:55.122595Z"}}, "EventRecordID": 356, "Channel": "System", "Computer": "WIN-LC7SFT89DTG", "Security": null}, "EventData": {"Data": {"#text": ["", "VMCI: Using capabilities (0x1c).\n"]}, "Binary": "00000000020028000000000003000840030008400000000000000000000000000000000000000000"}}},
{"TimeGenerated": "2025-08-13T10:54:55.128534Z", "EventID": 20001, "Computer": "WIN-LC7SFT89DTG", "RawEvent": {"#attributes": {"xmlns": "http://schemas.microsoft.com/win/2004/08/events/event"}, "System": {"Provider": {"#attributes": {"Name": "Microsoft-Windows-UserPnp", "Guid": "96F4A050-7E31-453C-88BE-9634F4E02139"}}, "EventID": 20001, "Version": 0, "Level": 4, "Task": 7005, "Opcode": 0, "Keywords": "0x8000000000000000", "TimeCreated": {"#attributes": {"SystemTime": "2025-08-13T10:54:55.128534Z"}}, "EventRecordID": 357, "Correlation": null, "Execution": {"#attributes": {"ProcessID": 4100, "ThreadID": 2812}}, "Channel": "System", "Computer": "WIN-LC7SFT89DTG", "Security": {"#attributes": {"UserID": "S-1-5-18"}}}, "UserData": {"InstallDeviceID": {"#attributes": {"xmlns": "http://manifests.microsoft.com/win/2004/08/windows/userpnp"}, "DriverName": "vmci.inf_amd64_faf39406c404b481", "DriverVersion": "9.8.30.0", "DriverProvider": "Broadcom Inc.", "DeviceInstanceID": "PCI\\VEN_15AD&DEV_0740&SUBSYS_074015AD&REV_10\\3&61AAA01&0&3F", "SetupClass": "4D36E97D-E325-11CE-BFC1-08002BE10318", "RebootOption": false, "UpgradeDevice": false, "IsDriverOEM": true, "InstallStatus": "0x0", "DriverDescription": "VMware VMCI Bus Device"}}}},
{"TimeGenerated": "2025-08-13T10:54:56.698412Z", "EventID": 44, "Computer": "WIN-LC7SFT89DTG", "RawEvent": {"#attributes": {"xmlns": "http://schemas.microsoft.com/win/2004/08/events/event"}, "System": {"Provider": {"#attributes": {"Name": "Microsoft-Windows-WindowsUpdateClient", "Guid": "945A8954-C147-4ACD-923F-40C45405A658"}}, "EventID": 44, "Version": 1, "Level": 4, "Task": 1, "Opcode": 12, "Keywords": "0x8000000000002004", "TimeCreated": {"#attributes": {"SystemTime": "2025-08-13T10:54:56.698412Z"}}, "EventRecordID": 358, "Correlation": null, "Execution": {"#attributes": {"ProcessID": 3048, "ThreadID": 4860}}, "Channel": "System", "Computer": "WIN-LC7SFT89DTG", "Security": {"#attributes": {"UserID": "S-1-5-18"}}}, "EventData": {"updateTitle": "Broadcom Inc. - System - 9.8.30.0", "updateGuid": "BB36F4B5-4229-46EA-B75A-EC678F920EC9", "updateRevisionNumber": 1}}},
{"TimeGenerated": "2025-08-13T10:54:56.698414Z", "EventID": 43, "Computer": "WIN-LC7SFT89DTG", "RawEvent": {"#attributes": {"xmlns": "http://schemas.microsoft.com/win/2004/08/events/event"}, "System": {"Provider": {"#attributes": {"Name": "Microsoft-Windows-WindowsUpdateClient", "Guid": "945A8954-C147-4ACD-923F-40C45405A658"}}, "EventID": 43, "Version": 1, "Level": 4, "Task": 1, "Opcode": 13, "Keywords": "0x8000000000002008", "TimeCreated": {"#attributes": {"SystemTime": "2025-08-13T10:54:56.698414Z"}}, "EventRecordID": 359, "Correlation": null, "Execution": {"#attributes": {"ProcessID": 3048, "ThreadID": 4860}}, "Channel": "System", "Computer": "WIN-LC7SFT89DTG", "Security": {"#attributes": {"UserID": "S-1-5-18"}}}, "EventData": {"updateTitle": "Broadcom Inc. - System - 9.8.30.0", "updateGuid": "BB36F4B5-4229-46EA-B75A-EC678F920EC9", "updateRevisionNumber": 1}}},
{"TimeGenerated": "2025-08-13T10:54:56.698415Z", "EventID": 19, "Computer": "WIN-LC7SFT89DTG", "RawEvent": {"#attributes": {"xmlns": "http://schemas.microsoft.com/win/2004/08/events/event"}, "System": {"Provider": {"#attributes": {"Name": "Microsoft-Windows-WindowsUpdateClient", "Guid": "945A8954-C147-4ACD-923F-40C45405A658"}}, "EventID": 19, "Version": 1, "Level": 4, "Task": 1, "Opcode": 13, "Keywords": "0x8000000000000018", "TimeCreated": {"#attributes": {"SystemTime": "2025-08-13T10:54:56.698415Z"}}, "EventRecordID": 360, "Correlation": null, "Execution": {"#attributes": {"ProcessID": 3048, "ThreadID": 4860}}, "Channel": "System", "Computer": "WIN-LC7SFT89DTG", "Security": {"#attributes": {"UserID": "S-1-5-18"}}}, "EventData": {"updateTitle": "Broadcom Inc. - System - 9.8.30.0", "updateGuid": "BB36F4B5-4229-46EA-B75A-EC678F920EC9", "updateRevisionNumber": 1, "serviceGuid": "8B24B027-1DEE-BABB-9A95-3517DFB9C552"}}},
{"TimeGenerated": "2025-08-13T10:55:38.124326Z", "EventID": {"#attributes": {"Qualifiers": 16384}, "#text": 7036}, "Computer": "WIN-LC7SFT89DTG", "RawEvent": {"#attributes": {"xmlns": "http://schemas.microsoft.com/win/2004/08/events/event"}, "System": {"Provider": {"#attributes": {"Name": "Service Control Manager", "Guid": "{555908d1-a6d7-4695-8e1e-26931d2012f4}", "EventSourceName": "Service Control Manager"}}, "EventID": {"#attributes": {"Qualifiers": 16384}, "#text": 7036}, "Version": 0, "Level": 4, "Task": 0, "Opcode": 0, "Keywords": "0x8080000000000000", "TimeCreated": {"#attributes": {"SystemTime": "2025-08-13T10:55:38.124326Z"}}, "EventRecordID": 361, "Correlation": null, "Execution": {"#attributes": {"ProcessID": 636, "ThreadID": 2840}}, "Channel": "System", "Computer": "WIN-LC7SFT89DTG", "Security": null}, "EventData": {"param1": "Network Setup Service", "param2": "stopped", "Binary": "4E0065007400530065007400750070005300760063002F0031000000"}}},
{"TimeGenerated": "2025-08-13T10:55:40.733532Z", "EventID": {"#attributes": {"Qualifiers": 16384}, "#text": 7036}, "Computer": "WIN-LC7SFT89DTG", "RawEvent": {"#attributes": {"xmlns": "http://schemas.microsoft.com/win/2004/08/events/event"}, "System": {"Provider": {"#attributes": {"Name": "Service Control Manager", "Guid": "{555908d1-a6d7-4695-8e1e-26931d2012f4}", "EventSourceName": "Service Control Manager"}}, "EventID": {"#attributes": {"Qualifiers": 16384}, "#text": 7036}, "Version": 0, "Level": 4, "Task": 0, "Opcode": 0, "Keywords": "0x8080000000000000", "TimeCreated": {"#attributes": {"SystemTime": "2025-08-13T10:55:40.733532Z"}}, "EventRecordID": 362, "Correlation": null, "Execution": {"#attributes": {"ProcessID": 636, "ThreadID": 2840}}, "Channel": "System", "Computer": "WIN-LC7SFT89DTG", "Security": null}, "EventData": {"param1": "Device Setup Manager", "param2": "stopped", "Binary": "440073006D005300760063002F0031000000"}}},
{"TimeGenerated": "2025-08-13T10:55:43.091730Z", "EventID": {"#attributes": {"Qualifiers": 16384}, "#text": 7036}, "Computer": "WIN-LC7SFT89DTG", "RawEvent": {"#attributes": {"xmlns": "http://schemas.microsoft.com/win/2004/08/events/event"}, "System": {"Provider": {"#attributes": {"Name": "Service Control Manager", "Guid": "{555908d1-a6d7-4695-8e1e-26931d2012f4}", "EventSourceName": "Service Control Manager"}}, "EventID": {"#attributes": {"Qualifiers": 16384}, "#text": 7036}, "Version": 0, "Level": 4, "Task": 0, "Opcode": 0, "Keywords": "0x8080000000000000", "TimeCreated": {"#attributes": {"SystemTime": "2025-08-13T10:55:43.091730Z"}}, "EventRecordID": 363, "Correlation": null, "Execution": {"#attributes": {"ProcessID": 636, "ThreadID": 2840}}, "Channel": "System", "Computer": "WIN-LC7SFT89DTG", "Security": null}, "EventData": {"param1": "Windows Installer", "param2": "running", "Binary": "6D00730069007300650072007600650072002F0034000000"}}},
{"TimeGenerated": "2025-08-13T10:55:53.622561Z", "EventID": {"#attributes": {"Qualifiers": 16384}, "#text": 7045}, "Computer": "WIN-LC7SFT89DTG", "RawEvent": {"#attributes": {"xmlns": "http://schemas.microsoft.com/win/2004/08/events/event"}, "System": {"Provider": {"#attributes": {"Name": "Service Control Manager", "Guid": "{555908d1-a6d7-4695-8e1e-26931d2012f4}", "EventSourceName": "Service Control Manager"}}, "EventID": {"#attributes": {"Qualifiers": 16384}, "#text": 7045}, "Version": 0, "Level": 4, "Task": 0, "Opcode": 0, "Keywords": "0x8080000000000000", "TimeCreated": {"#attributes": {"SystemTime": "2025-08-13T10:55:53.622561Z"}}, "EventRecordID": 364, "Correlation": null, "Execution": {"#attributes": {"ProcessID": 636, "ThreadID": 3672}}, "Channel": "System", "Computer": "WIN-LC7SFT89DTG", "Security": {"#attributes": {"UserID": "S-1-5-18"}}}, "EventData": {"ServiceName": "VMware Alias Manager and Ticket Service", "ImagePath": "\"C:\\Program Files\\VMware\\VMware Tools\\VMware VGAuth\\VGAuthService.exe\"", "ServiceType": "user mode service", "StartType": "auto start", "AccountName": "LocalSystem"}}},
{"TimeGenerated": "2025-08-13T10:55:53.685115Z", "EventID": {"#attributes": {"Qualifiers": 16384}, "#text": 7045}, "Computer": "WIN-LC7SFT89DTG", "RawEvent": {"#attributes": {"xmlns": "http://schemas.microsoft.com/win/2004/08/events/event"}, "System": {"Provider": {"#attributes": {"Name": "Service Control Manager", "Guid": "{555908d1-a6d7-4695-8e1e-26931d2012f4}", "EventSourceName": "Service Control Manager"}}, "EventID": {"#attributes": {"Qualifiers": 16384}, "#text": 7045}, "Version": 0, "Level": 4, "Task": 0, "Opcode": 0, "Keywords": "0x8080000000000000", "TimeCreated": {"#attributes": {"SystemTime": "2025-08-13T10:55:53.685115Z"}}, "EventRecordID": 365, "Correlation": null, "Execution": {"#attributes": {"ProcessID": 636, "ThreadID": 3672}}, "Channel": "System", "Computer": "WIN-LC7SFT89DTG", "Security": {"#attributes": {"UserID": "S-1-5-18"}}}, "EventData": {"ServiceName": "vSockets Virtual Machine Communication Interface Sockets driver", "ImagePath": "\\SystemRoot\\system32\\DRIVERS\\vsock.sys", "ServiceType": "kernel mode driver", "StartType": "system start", "AccountName": ""}}},
{"TimeGenerated": "2025-08-13T10:55:53.717210Z", "EventID": {"#attributes": {"Qualifiers": 16384}, "#text": 7040}, "Computer": "WIN-LC7SFT89DTG", "RawEvent": {"#attributes": {"xmlns": "http://schemas.microsoft.com/win/2004/08/events/event"}, "System": {"Provider": {"#attributes": {"Name": "Service Control Manager", "Guid": "{555908d1-a6d7-4695-8e1e-26931d2012f4}", "EventSourceName": "Service Control Manager"}}, "EventID": {"#attributes": {"Qualifiers": 16384}, "#text": 7040}, "Version": 0, "Level": 4, "Task": 0, "Opcode": 0, "Keywords": "0x8080000000000000", "TimeCreated": {"#attributes": {"SystemTime": "2025-08-13T10:55:53.717210Z"}}, "EventRecordID": 366, "Correlation": null, "Execution": {"#attributes": {"ProcessID": 636, "ThreadID": 3672}}, "Channel": "System", "Computer": "WIN-LC7SFT89DTG", "Security": {"#attributes": {"UserID": "S-1-5-18"}}}, "EventData": {"param1": "Windows Socket 2.0 Non-IFS Service Provider Support Environment", "param2": "disabled", "param3": "system start", "param4": "ws2ifsl"}}},
{"TimeGenerated": "2025-08-13T10:55:53.794333Z", "EventID": {"#attributes": {"Qualifiers": 16384}, "#text": 7036}, "Computer": "WIN-LC7SFT89DTG", "RawEvent": {"#attributes": {"xmlns": "http://schemas.microsoft.com/win/2004/08/events/event"}, "System": {"Provider": {"#attributes": {"Name": "Service Control Manager", "Guid": "{555908d1-a6d7-4695-8e1e-26931d2012f4}", "EventSourceName": "Service Control Manager"}}, "EventID": {"#attributes": {"Qualifiers": 16384}, "#text": 7036}, "Version": 0, "Level": 4, "Task": 0, "Opcode": 0, "Keywords": "0x8080000000000000", "TimeCreated": {"#attributes": {"SystemTime": "2025-08-13T10:55:53.794333Z"}}, "EventRecordID": 367, "Correlation": null, "Execution": {"#attributes": {"ProcessID": 636, "ThreadID": 2840}}, "Channel": "System", "Computer": "WIN-LC7SFT89DTG", "Security": null}, "EventData": {"param1": "VMware Alias Manager and Ticket Service", "param2": "running", "Binary": "56004700410075007400680053006500720076006900630065002F0034000000"}}},
{"TimeGenerated": "2025-08-13T10:55:55.856799Z", "EventID": {"#attributes": {"Qualifiers": 16384}, "#text": 7045}, "Computer": "WIN-LC7SFT89DTG", "RawEvent": {"#attributes": {"xmlns": "http://schemas.microsoft.com/win/2004/08/events/event"}, "System": {"Provider": {"#attributes": {"Name": "Service Control Manager", "Guid": "{555908d1-a6d7-4695-8e1e-26931d2012f4}", "EventSourceName": "Service Control Manager"}}, "EventID": {"#attributes": {"Qualifiers": 16384}, "#text": 7045}, "Version": 0, "Level": 4, "Task": 0, "Opcode": 0, "Keywords": "0x8080000000000000", "TimeCreated": {"#attributes": {"SystemTime": "2025-08-13T10:55:55.856799Z"}}, "EventRecordID": 368, "Correlation": null, "Execution": {"#attributes": {"ProcessID": 636, "ThreadID": 2840}}, "Channel": "System", "Computer": "WIN-LC7SFT89DTG", "Security": {"#attributes": {"UserID": "S-1-5-18"}}}, "EventData": {"ServiceName": "VMware USB Pointing Device", "ImagePath": "\\SystemRoot\\System32\\drivers\\vmusbmouse.sys", "ServiceType": "kernel mode driver", "StartType": "demand start", "AccountName": ""}}},
{"TimeGenerated": "2025-08-13T10:55:55.903791Z", "EventID": {"#attributes": {"Qualifiers": 16384}, "#text": 7036}, "Computer": "WIN-LC7SFT89DTG", "RawEvent": {"#attributes": {"xmlns": "http://schemas.microsoft.com/win/2004/08/events/event"}, "System": {"Provider": {"#attributes": {"Name": "Service Control Manager", "Guid": "{555908d1-a6d7-4695-8e1e-26931d2012f4}", "EventSourceName": "Service Control Manager"}}, "EventID": {"#attributes": {"Qualifiers": 16384}, "#text": 7036}, "Version": 0, "Level": 4, "Task": 0, "Opcode": 0, "Keywords": "0x8080000000000000", "TimeCreated": {"#attributes": {"SystemTime": "2025-08-13T10:55:55.903791Z"}}, "EventRecordID": 369, "Correlation": null, "Execution": {"#attributes": {"ProcessID": 636, "ThreadID": 4188}}, "Channel": "System", "Computer": "WIN-LC7SFT89DTG", "Security": null}, "EventData": {"param1": "Device Setup Manager", "param2": "running", "Binary": "440073006D005300760063002F0034000000"}}},
