{"TimeGenerated": "2026-01-13T14:05:14.583869Z", "EventID": {"#attributes": {"Qualifiers": 16384}, "#text": 781}, "Computer": "DC01.garfield.htb", "RawEvent": {"#attributes": {"xmlns": "http://schemas.microsoft.com/win/2004/08/events/event"}, "System": {"Provider": {"#attributes": {"Name": "Microsoft-Windows-Complus", "Guid": "{0f177893-4a9c-4709-b921-f432d67f43d5}", "EventSourceName": "COM+"}}, "EventID": {"#attributes": {"Qualifiers": 16384}, "#text": 781}, "Version": 0, "Level": 4, "Task": 0, "Opcode": 0, "Keywords": "0x80000000000000", "TimeCreated": {"#attributes": {"SystemTime": "2026-01-13T14:05:14.583869Z"}}, "EventRecordID": 1337, "Correlation": null, "Execution": {"#attributes": {"ProcessID": 0, "ThreadID": 0}}, "Channel": "Application", "Computer": "DC01.garfield.htb", "Security": null}, "EventData": {"param1": "86400", "param2": "SuppressDuplicateDuration", "param3": "Software\\Microsoft\\COM3\\Eventlog"}}},
{"TimeGenerated": "2026-01-13T14:05:14.583869Z", "EventID": {"#attributes": {"Qualifiers": 0}, "#text": 258}, "Computer": "DC01.garfield.htb", "RawEvent": {"#attributes": {"xmlns": "http://schemas.microsoft.com/win/2004/08/events/event"}, "System": {"Provider": {"#attributes": {"Name": "VMUpgradeHelper"}}, "EventID": {"#attributes": {"Qualifiers": 0}, "#text": 258}, "Level": 4, "Task": 0, "Keywords": "0x80000000000000", "TimeCreated": {"#attributes": {"SystemTime": "2026-01-13T14:05:14.583869Z"}}, "EventRecordID": 1338, "Channel": "Application", "Computer": "DC01.garfield.htb", "Security": null}, "EventData": {"Data": {"#text": ""}, "Binary": null}}},
{"TimeGenerated": "2026-01-13T14:05:14.646600Z", "EventID": {"#attributes": {"Qualifiers": 0}, "#text": 271}, "Computer": "DC01.garfield.htb", "RawEvent": {"#attributes": {"xmlns": "http://schemas.microsoft.com/win/2004/08/events/event"}, "System": {"Provider": {"#attributes": {"Name": "VMUpgradeHelper"}}, "EventID": {"#attributes": {"Qualifiers": 0}, "#text": 271}, "Level": 4, "Task": 0, "Keywords": "0x80000000000000", "TimeCreated": {"#attributes": {"SystemTime": "2026-01-13T14:05:14.646600Z"}}, "EventRecordID": 1339, "Channel": "Application", "Computer": "DC01.garfield.htb", "Security": null}, "EventData": {"Data": {"#text": ""}, "Binary": null}}},
{"TimeGenerated": "2026-01-13T14:05:14.662521Z", "EventID": {"#attributes": {"Qualifiers": 16384}, "#text": 4202}, "Computer": "DC01.garfield.htb", "RawEvent": {"#attributes": {"xmlns": "http://schemas.microsoft.com/win/2004/08/events/event"}, "System": {"Provider": {"#attributes": {"Name": "Microsoft-Windows-MSDTC 2", "Guid": "{5D9E0020-3761-4f36-90C8-38CE6511BD12}", "EventSourceName": "MSDTC 2"}}, "EventID": {"#attributes": {"Qualifiers": 16384}, "#text": 4202}, "Version": 0, "Level": 4, "Task": 2, "Opcode": 0, "Keywords": "0x80000000000000", "TimeCreated": {"#attributes": {"SystemTime": "2026-01-13T14:05:14.662521Z"}}, "EventRecordID": 1340, "Correlation": null, "Execution": {"#attributes": {"ProcessID": 0, "ThreadID": 0}}, "Channel": "Application", "Computer": "DC01.garfield.htb", "Security": null}, "EventData": {"param1": "0", "param2": "0", "param3": "0", "param4": "0", "param5": "0", "param6": "0", "param7": "1", "param8": "Mutual Authentication Required", "param9": "NT AUTHORITY\\NetworkService", "param10": "0", "param11": "0", "param12": "1"}}},
{"TimeGenerated": "2026-01-13T14:05:23.818478Z", "EventID": {"#attributes": {"Qualifiers": 16384}, "#text": 8230}, "Computer": "DC01.garfield.htb", "RawEvent": {"#attributes": {"xmlns": "http://schemas.microsoft.com/win/2004/08/events/event"}, "System": {"Provider": {"#attributes": {"Name": "Microsoft-Windows-Security-SPP", "Guid": "{E23B33B0-C8C9-472C-A5F9-F2BDFEA0F156}", "EventSourceName": "Software Protection Platform Service"}}, "EventID": {"#attributes": {"Qualifiers": 16384}, "#text": 8230}, "Version": 0, "Level": 4, "Task": 0, "Opcode": 0, "Keywords": "0x80000000000000", "TimeCreated": {"#attributes": {"SystemTime": "2026-01-13T14:05:23.818478Z"}}, "EventRecordID": 1341, "Correlation": null, "Execution": {"#attributes": {"ProcessID": 0, "ThreadID": 0}}, "Channel": "Application", "Computer": "DC01.garfield.htb", "Security": null}, "EventData": {"Data": {"#text": "Security-SPP-Action-StateData (REG_SZ) =AppId=55c92734-d682-4d71-983e-d6ec3f16059f;GraceEndDate=2026/02/09:10:54:23;LastConsumptionReason=0x4004fc04;LastNotificationId=TBLExpiring;LicenseState=SL_LICENSING_STATUS_LICENSED;PartialProductKey=Y7XRX;ProductKeyType=Retail:TB:Eval;SkuId=7783a126-c108-4cf7-b59f-13c78c7a7337;ruleId=17fd3d63-7be4-49b1-8d16-2e0fe9fddbc2;uxDifferentiator=TIMEBASED_EVAL"}, "Binary": null}}},
{"TimeGenerated": "2026-01-13T14:05:23.897397Z", "EventID": {"#attributes": {"Qualifiers": 49152}, "#text": 8197}, "Computer": "DC01.garfield.htb", "RawEvent": {"#attributes": {"xmlns": "http://schemas.microsoft.com/win/2004/08/events/event"}, "System": {"Provider": {"#attributes": {"Name": "Microsoft-Windows-Security-SPP", "Guid": "{E23B33B0-C8C9-472C-A5F9-F2BDFEA0F156}", "EventSourceName": "Software Protection Platform Service"}}, "EventID": {"#attributes": {"Qualifiers": 49152}, "#text": 8197}, "Version": 0, "Level": 4, "Task": 0, "Opcode": 0, "Keywords": "0x80000000000000", "TimeCreated": {"#attributes": {"SystemTime": "2026-01-13T14:05:23.897397Z"}}, "EventRecordID": 1342, "Correlation": null, "Execution": {"#attributes": {"ProcessID": 0, "ThreadID": 0}}, "Channel": "Application", "Computer": "DC01.garfield.htb", "Security": null}, "EventData": {"Data": {"#text": "RuleId=17fd3d63-7be4-49b1-8d16-2e0fe9fddbc2;Action=NotifyUser;AppId=55c92734-d682-4d71-983e-d6ec3f16059f;SkuId=7783a126-c108-4cf7-b59f-13c78c7a7337;NotificationInterval=1440;Trigger=UserLogon;SessionId=1"}, "Binary": null}}},
{"TimeGenerated": "2026-01-13T14:05:31.279565Z", "EventID": {"#attributes": {"Qualifiers": 16384}, "#text": 9027}, "Computer": "DC01.garfield.htb", "RawEvent": {"#attributes": {"xmlns": "http://schemas.microsoft.com/win/2004/08/events/event"}, "System": {"Provider": {"#attributes": {"Name": "Desktop Window Manager"}}, "EventID": {"#attributes": {"Qualifiers": 16384}, "#text": 9027}, "Level": 4, "Task": 0, "Keywords": "0x80000000000000", "TimeCreated": {"#attributes": {"SystemTime": "2026-01-13T14:05:31.279565Z"}}, "EventRecordID": 1343, "Channel": "Application", "Computer": "DC01.garfield.htb", "Security": null}, "EventData": {"Data": {"#text": ""}, "Binary": null}}},
{"TimeGenerated": "2026-01-13T14:05:31.613777Z", "EventID": {"#attributes": {"Qualifiers": 0}, "#text": 102}, "Computer": "DC01.garfield.htb", "RawEvent": {"#attributes": {"xmlns": "http://schemas.microsoft.com/win/2004/08/events/event"}, "System": {"Provider": {"#attributes": {"Name": "ESENT"}}, "EventID": {"#attributes": {"Qualifiers": 0}, "#text": 102}, "Level": 4, "Task": 1, "Keywords": "0x80000000000000", "TimeCreated": {"#attributes": {"SystemTime": "2026-01-13T14:05:31.613777Z"}}, "EventRecordID": 1344, "Channel": "Application", "Computer": "DC01.garfield.htb", "Security": null}, "EventData": {"Data": {"#text": ["DFSRs", "1620,P,98", "\\\\.\\C:\\System Volume Information\\DFSR\\database_A41A_4703_1A46_D1CA\\dfsr.db: ", "0", "10", "00", "17763", "0000"]}, "Binary": null}}},
{"TimeGenerated": "2026-01-13T14:05:31.642587Z", "EventID": {"#attributes": {"Qualifiers": 0}, "#text": 105}, "Computer": "DC01.garfield.htb", "RawEvent": {"#attributes": {"xmlns": "http://schemas.microsoft.com/win/2004/08/events/event"}, "System": {"Provider": {"#attributes": {"Name": "ESENT"}}, "EventID": {"#attributes": {"Qualifiers": 0}, "#text": 105}, "Level": 4, "Task": 1, "Keywords": "0x80000000000000", "TimeCreated": {"#attributes": {"SystemTime": "2026-01-13T14:05:31.642587Z"}}, "EventRecordID": 1345, "Channel": "Application", "Computer": "DC01.garfield.htb", "Security": null}, "EventData": {"Data": {"#text": ["DFSRs", "1620,D,0", "\\\\.\\C:\\System Volume Information\\DFSR\\database_A41A_4703_1A46_D1CA\\dfsr.db: ", "0", "0", "\n[1] 0.002007 +J(0) +M(C:0K, Fs:311, WS:1208K # 1208K, PF:6588K # 6584K, P:6588K)\n[2] 0.000182 +J(0) +M(C:16K, Fs:96, WS:376K # 376K, PF:304K # 300K, P:304K)\n[3] 0.000015 +J(0) +M(C:0K, Fs:5, WS:16K # 16K, PF:68K # 68K, P:68K)\n[4] 0.000095 +J(0) +M(C:2032K, Fs:36, WS:140K # 140K, PF:2428K # 2428K, P:2428K)\n[5] 0.000311 +J(0) +M(C:0K, Fs:8, WS:32K # 32K, PF:24K # 24K, P:24K)\n[6] 0.001838 +J(0) +M(C:0K, Fs:15, WS:60K # 60K, PF:12K # 12K, P:12K)\n[7] 0.016223 -0.011419 (21) WT +J(0) +M(C:0K, Fs:1306, WS:5136K # 5136K, PF:5032K # 5136K, P:5032K)\n[8] -\n[9] -\n[10] -\n[11] -\n[12] -\n[13] 0.011064 -0.005676 (22) WT +J(CM:0, PgRf:0, Rd:0/0, Dy:0/0, Lg:616/1) +M(C:0K, Fs:8, WS:-5096K # 16K, PF:-5124K # 0K, P:-5124K)\n[14] 0.000011 +J(0) +M(C:0K, Fs:1, WS:4K # 0K, PF:0K # 0K, P:0K)\n[15] 0.000078 +J(0) +M(C:0K, Fs:65, WS:256K # 0K, PF:68K # 0K, P:68K)\n[16] 0.000213 -0.000092 (1) WT +J(0) +M(C:0K, Fs:2, WS:0K # 0K, PF:0K # 0K, P:0K).", ""]}, "Binary": null}}},
{"TimeGenerated": "2026-01-13T14:05:31.651577Z", "EventID": {"#attributes": {"Qualifiers": 0}, "#text": 326}, "Computer": "DC01.garfield.htb", "RawEvent": {"#attributes": {"xmlns": "http://schemas.microsoft.com/win/2004/08/events/event"}, "System": {"Provider": {"#attributes": {"Name": "ESENT"}}, "EventID": {"#attributes": {"Qualifiers": 0}, "#text": 326}, "Level": 4, "Task": 1, "Keywords": "0x80000000000000", "TimeCreated": {"#attributes": {"SystemTime": "2026-01-13T14:05:31.651577Z"}}, "EventRecordID": 1346, "Channel": "Application", "Computer": "DC01.garfield.htb", "Security": null}, "EventData": {"Data": {"#text": ["DFSRs", "1620,D,50", "\\\\.\\C:\\System Volume Information\\DFSR\\database_A41A_4703_1A46_D1CA\\dfsr.db: ", "1", "\\\\.\\C:\\System Volume Information\\DFSR\\database_A41A_4703_1A46_D1CA\\dfsr.db", "0", "\n[1] 0.000002 +J(0) +M(C:0K, Fs:1, WS:4K # 0K, PF:0K # 0K, P:0K)\n[2] 0.000345 -0.000122 (1) WT +J(0) +M(C:0K, Fs:19, WS:12K # 0K, PF:8K # 0K, P:8K)\n[3] 0.003445 -0.000688 (6) WT +J(CM:0, PgRf:0, Rd:0/0, Dy:0/0, Lg:3480/2) +M(C:0K, Fs:31, WS:116K # 0K, PF:156K # 0K, P:156K)\n[4] 0.000065 +J(0)\n[5] -\n[6] -\n[7] -\n[8] 0.000552 -0.000393 (2) CM -0.000247 (2) WT +J(CM:2, PgRf:2, Rd:14/2, Dy:0/0, Lg:0/0) +M(C:-8K, Fs:66, WS:256K # 0K, PF:120K # 0K, P:120K)\n[9] 0.000455 -0.000330 (2) CM -0.000268 (2) WT +J(CM:2, PgRf:23, Rd:0/1, Dy:0/0, Lg:0/0) +M(C:-12K, Fs:24, WS:84K # 0K, PF:200K # 0K, P:200K)\n[10] 0.000212 -0.000143 (1) CM -0.000101 (1) WT +J(CM:1, PgRf:40, Rd:0/1, Dy:0/0, Lg:0/0) +M(C:-4K, Fs:4, WS:12K # 0K, PF:60K # 0K, P:60K)\n[11] 0.000005 +J(CM:0, PgRf:1, Rd:0/0, Dy:0/0, Lg:0/0) +M(C:0K, Fs:1, WS:4K # 0K, PF:0K # 0K, P:0K)\n[12] 0.000011 +J(CM:0, PgRf:36, Rd:0/0, Dy:0/0, Lg:0/0) +M(C:0K, Fs:2, WS:8K # 0K, PF:8K # 0K, P:8K)\n[13] 0.0 +J(0)\n[14] 0.0 +J(0)\n[15] 0.000002 +J(CM:0, PgRf:1, Rd:0/0, Dy:0/0, Lg:0/0).", "0 0", "lgposAttach = 00000001:02CB:0268"]}, "Binary": null}}},
{"TimeGenerated": "2026-01-13T14:05:32.655818Z", "EventID": {"#attributes": {"Qualifiers": 16384}, "#text": 8230}, "Computer": "DC01.garfield.htb", "RawEvent": {"#attributes": {"xmlns": "http://schemas.microsoft.com/win/2004/08/events/event"}, "System": {"Provider": {"#attributes": {"Name": "Microsoft-Windows-Security-SPP", "Guid": "{E23B33B0-C8C9-472C-A5F9-F2BDFEA0F156}", "EventSourceName": "Software Protection Platform Service"}}, "EventID": {"#attributes": {"Qualifiers": 16384}, "#text": 8230}, "Version": 0, "Level": 4, "Task": 0, "Opcode": 0, "Keywords": "0x80000000000000", "TimeCreated": {"#attributes": {"SystemTime": "2026-01-13T14:05:32.655818Z"}}, "EventRecordID": 1347, "Correlation": null, "Execution": {"#attributes": {"ProcessID": 0, "ThreadID": 0}}, "Channel": "Application", "Computer": "DC01.garfield.htb", "Security": null}, "EventData": {"Data": {"#text": "Security-SPP-Action-StateData (REG_SZ) =AppId=55c92734-d682-4d71-983e-d6ec3f16059f;GraceEndDate=2026/02/09:10:54:32;LastConsumptionReason=0x4004fc04;LastNotificationId=TBLExpiring;LicenseState=SL_LICENSING_STATUS_LICENSED;PartialProductKey=Y7XRX;ProductKeyType=Retail:TB:Eval;SkuId=7783a126-c108-4cf7-b59f-13c78c7a7337;ruleId=17fd3d63-7be4-49b1-8d16-2e0fe9fddbc2;uxDifferentiator=TIMEBASED_EVAL"}, "Binary": null}}},
{"TimeGenerated": "2026-01-13T14:05:32.738625Z", "EventID": {"#attributes": {"Qualifiers": 49152}, "#text": 8197}, "Computer": "DC01.garfield.htb", "RawEvent": {"#attributes": {"xmlns": "http://schemas.microsoft.com/win/2004/08/events/event"}, "System": {"Provider": {"#attributes": {"Name": "Microsoft-Windows-Security-SPP", "Guid": "{E23B33B0-C8C9-472C-A5F9-F2BDFEA0F156}", "EventSourceName": "Software Protection Platform Service"}}, "EventID": {"#attributes": {"Qualifiers": 49152}, "#text": 8197}, "Version": 0, "Level": 4, "Task": 0, "Opcode": 0, "Keywords": "0x80000000000000", "TimeCreated": {"#attributes": {"SystemTime": "2026-01-13T14:05:32.738625Z"}}, "EventRecordID": 1348, "Correlation": null, "Execution": {"#attributes": {"ProcessID": 0, "ThreadID": 0}}, "Channel": "Application", "Computer": "DC01.garfield.htb", "Security": null}, "EventData": {"Data": {"#text": "RuleId=17fd3d63-7be4-49b1-8d16-2e0fe9fddbc2;Action=NotifyUser;AppId=55c92734-d682-4d71-983e-d6ec3f16059f;SkuId=7783a126-c108-4cf7-b59f-13c78c7a7337;NotificationInterval=1440;Trigger=UserLogon;SessionId=2"}, "Binary": null}}},
{"TimeGenerated": "2026-01-13T14:06:03.190816Z", "EventID": {"#attributes": {"Qualifiers": 32768}, "#text": 6000}, "Computer": "DC01.garfield.htb", "RawEvent": {"#attributes": {"xmlns": "http://schemas.microsoft.com/win/2004/08/events/event"}, "System": {"Provider": {"#attributes": {"Name": "Microsoft-Windows-Winlogon", "Guid": "{DBE9B383-7CF3-4331-91CC-A3CB16A3B538}", "EventSourceName": "Wlclntfy"}}, "EventID": {"#attributes": {"Qualifiers": 32768}, "#text": 6000}, "Version": 0, "Level": 4, "Task": 0, "Opcode": 0, "Keywords": "0x80000000000000", "TimeCreated": {"#attributes": {"SystemTime": "2026-01-13T14:06:03.190816Z"}}, "EventRecordID": 1349, "Correlation": null, "Execution": {"#attributes": {"ProcessID": 0, "ThreadID": 0}}, "Channel": "Application", "Computer": "DC01.garfield.htb", "Security": null}, "EventData": {"Data": {"#text": "WSearch"}, "Binary": "D9060000"}}},
{"TimeGenerated": "2026-01-13T14:06:29.331346Z", "EventID": {"#attributes": {"Qualifiers": 16384}, "#text": 9027}, "Computer": "DC01.garfield.htb", "RawEvent": {"#attributes": {"xmlns": "http://schemas.microsoft.com/win/2004/08/events/event"}, "System": {"Provider": {"#attributes": {"Name": "Desktop Window Manager"}}, "EventID": {"#attributes": {"Qualifiers": 16384}, "#text": 9027}, "Level": 4, "Task": 0, "Keywords": "0x80000000000000", "TimeCreated": {"#attributes": {"SystemTime": "2026-01-13T14:06:29.331346Z"}}, "EventRecordID": 1350, "Channel": "Application", "Computer": "DC01.garfield.htb", "Security": null}, "EventData": {"Data": {"#text": ""}, "Binary": null}}},
{"TimeGenerated": "2026-01-13T14:06:30.143886Z", "EventID": {"#attributes": {"Qualifiers": 16384}, "#text": 8230}, "Computer": "DC01.garfield.htb", "RawEvent": {"#attributes": {"xmlns": "http://schemas.microsoft.com/win/2004/08/events/event"}, "System": {"Provider": {"#attributes": {"Name": "Microsoft-Windows-Security-SPP", "Guid": "{E23B33B0-C8C9-472C-A5F9-F2BDFEA0F156}", "EventSourceName": "Software Protection Platform Service"}}, "EventID": {"#attributes": {"Qualifiers": 16384}, "#text": 8230}, "Version": 0, "Level": 4, "Task": 0, "Opcode": 0, "Keywords": "0x80000000000000", "TimeCreated": {"#attributes": {"SystemTime": "2026-01-13T14:06:30.143886Z"}}, "EventRecordID": 1351, "Correlation": null, "Execution": {"#attributes": {"ProcessID": 0, "ThreadID": 0}}, "Channel": "Application", "Computer": "DC01.garfield.htb", "Security": null}, "EventData": {"Data": {"#text": "Security-SPP-Action-StateData (REG_SZ) =AppId=55c92734-d682-4d71-983e-d6ec3f16059f;GraceEndDate=2026/02/09:10:54:30;LastConsumptionReason=0x4004fc04;LastNotificationId=TBLExpiring;LicenseState=SL_LICENSING_STATUS_LICENSED;PartialProductKey=Y7XRX;ProductKeyType=Retail:TB:Eval;SkuId=7783a126-c108-4cf7-b59f-13c78c7a7337;ruleId=17fd3d63-7be4-49b1-8d16-2e0fe9fddbc2;uxDifferentiator=TIMEBASED_EVAL"}, "Binary": null}}},
{"TimeGenerated": "2026-01-13T14:06:30.206352Z", "EventID": {"#attributes": {"Qualifiers": 49152}, "#text": 8197}, "Computer": "DC01.garfield.htb", "RawEvent": {"#attributes": {"xmlns": "http://schemas.microsoft.com/win/2004/08/events/event"}, "System": {"Provider": {"#attributes": {"Name": "Microsoft-Windows-Security-SPP", "Guid": "{E23B33B0-C8C9-472C-A5F9-F2BDFEA0F156}", "EventSourceName": "Software Protection Platform Service"}}, "EventID": {"#attributes": {"Qualifiers": 49152}, "#text": 8197}, "Version": 0, "Level": 4, "Task": 0, "Opcode": 0, "Keywords": "0x80000000000000", "TimeCreated": {"#attributes": {"SystemTime": "2026-01-13T14:06:30.206352Z"}}, "EventRecordID": 1352, "Correlation": null, "Execution": {"#attributes": {"ProcessID": 0, "ThreadID": 0}}, "Channel": "Application", "Computer": "DC01.garfield.htb", "Security": null}, "EventData": {"Data": {"#text": "RuleId=17fd3d63-7be4-49b1-8d16-2e0fe9fddbc2;Action=NotifyUser;AppId=55c92734-d682-4d71-983e-d6ec3f16059f;SkuId=7783a126-c108-4cf7-b59f-13c78c7a7337;NotificationInterval=1440;Trigger=UserLogon;SessionId=3"}, "Binary": null}}},
{"TimeGenerated": "2026-01-13T14:07:00.343932Z", "EventID": {"#attributes": {"Qualifiers": 32768}, "#text": 6000}, "Computer": "DC01.garfield.htb", "RawEvent": {"#attributes": {"xmlns": "http://schemas.microsoft.com/win/2004/08/events/event"}, "System": {"Provider": {"#attributes": {"Name": "Microsoft-Windows-Winlogon", "Guid": "{DBE9B383-7CF3-4331-91CC-A3CB16A3B538}", "EventSourceName": "Wlclntfy"}}, "EventID": {"#attributes": {"Qualifiers": 32768}, "#text": 6000}, "Version": 0, "Level": 4, "Task": 0, "Opcode": 0, "Keywords": "0x80000000000000", "TimeCreated": {"#attributes": {"SystemTime": "2026-01-13T14:07:00.343932Z"}}, "EventRecordID": 1353, "Correlation": null, "Execution": {"#attributes": {"ProcessID": 0, "ThreadID": 0}}, "Channel": "Application", "Computer": "DC01.garfield.htb", "Security": null}, "EventData": {"Data": {"#text": "WSearch"}, "Binary": "D9060000"}}},
{"TimeGenerated": "2026-01-13T14:07:29.345277Z", "EventID": {"#attributes": {"Qualifiers": 16384}, "#text": 9027}, "Computer": "DC01.garfield.htb", "RawEvent": {"#attributes": {"xmlns": "http://schemas.microsoft.com/win/2004/08/events/event"}, "System": {"Provider": {"#attributes": {"Name": "Desktop Window Manager"}}, "EventID": {"#attributes": {"Qualifiers": 16384}, "#text": 9027}, "Level": 4, "Task": 0, "Keywords": "0x80000000000000", "TimeCreated": {"#attributes": {"SystemTime": "2026-01-13T14:07:29.345277Z"}}, "EventRecordID": 1354, "Channel": "Application", "Computer": "DC01.garfield.htb", "Security": null}, "EventData": {"Data": {"#text": ""}, "Binary": null}}},
{"TimeGenerated": "2026-01-13T14:07:30.048407Z", "EventID": {"#attributes": {"Qualifiers": 16384}, "#text": 8230}, "Computer": "DC01.garfield.htb", "RawEvent": {"#attributes": {"xmlns": "http://schemas.microsoft.com/win/2004/08/events/event"}, "System": {"Provider": {"#attributes": {"Name": "Microsoft-Windows-Security-SPP", "Guid": "{E23B33B0-C8C9-472C-A5F9-F2BDFEA0F156}", "EventSourceName": "Software Protection Platform Service"}}, "EventID": {"#attributes": {"Qualifiers": 16384}, "#text": 8230}, "Version": 0, "Level": 4, "Task": 0, "Opcode": 0, "Keywords": "0x80000000000000", "TimeCreated": {"#attributes": {"SystemTime": "2026-01-13T14:07:30.048407Z"}}, "EventRecordID": 1355, "Correlation": null, "Execution": {"#attributes": {"ProcessID": 0, "ThreadID": 0}}, "Channel": "Application", "Computer": "DC01.garfield.htb", "Security": null}, "EventData": {"Data": {"#text": "Security-SPP-Action-StateData (REG_SZ) =AppId=55c92734-d682-4d71-983e-d6ec3f16059f;GraceEndDate=2026/02/09:10:54:29;LastConsumptionReason=0x4004fc04;LastNotificationId=TBLExpiring;LicenseState=SL_LICENSING_STATUS_LICENSED;PartialProductKey=Y7XRX;ProductKeyType=Retail:TB:Eval;SkuId=7783a126-c108-4cf7-b59f-13c78c7a7337;ruleId=17fd3d63-7be4-49b1-8d16-2e0fe9fddbc2;uxDifferentiator=TIMEBASED_EVAL"}, "Binary": null}}},
{"TimeGenerated": "2026-01-13T14:07:30.110983Z", "EventID": {"#attributes": {"Qualifiers": 49152}, "#text": 8197}, "Computer": "DC01.garfield.htb", "RawEvent": {"#attributes": {"xmlns": "http://schemas.microsoft.com/win/2004/08/events/event"}, "System": {"Provider": {"#attributes": {"Name": "Microsoft-Windows-Security-SPP", "Guid": "{E23B33B0-C8C9-472C-A5F9-F2BDFEA0F156}", "EventSourceName": "Software Protection Platform Service"}}, "EventID": {"#attributes": {"Qualifiers": 49152}, "#text": 8197}, "Version": 0, "Level": 4, "Task": 0, "Opcode": 0, "Keywords": "0x80000000000000", "TimeCreated": {"#attributes": {"SystemTime": "2026-01-13T14:07:30.110983Z"}}, "EventRecordID": 1356, "Correlation": null, "Execution": {"#attributes": {"ProcessID": 0, "ThreadID": 0}}, "Channel": "Application", "Computer": "DC01.garfield.htb", "Security": null}, "EventData": {"Data": {"#text": "RuleId=17fd3d63-7be4-49b1-8d16-2e0fe9fddbc2;Action=NotifyUser;AppId=55c92734-d682-4d71-983e-d6ec3f16059f;SkuId=7783a126-c108-4cf7-b59f-13c78c7a7337;NotificationInterval=1440;Trigger=UserLogon;SessionId=4"}, "Binary": null}}},
{"TimeGenerated": "2026-01-13T14:08:00.562923Z", "EventID": {"#attributes": {"Qualifiers": 32768}, "#text": 6000}, "Computer": "DC01.garfield.htb", "RawEvent": {"#attributes": {"xmlns": "http://schemas.microsoft.com/win/2004/08/events/event"}, "System": {"Provider": {"#attributes": {"Name": "Microsoft-Windows-Winlogon", "Guid": "{DBE9B383-7CF3-4331-91CC-A3CB16A3B538}", "EventSourceName": "Wlclntfy"}}, "EventID": {"#attributes": {"Qualifiers": 32768}, "#text": 6000}, "Version": 0, "Level": 4, "Task": 0, "Opcode": 0, "Keywords": "0x80000000000000", "TimeCreated": {"#attributes": {"SystemTime": "2026-01-13T14:08:00.562923Z"}}, "EventRecordID": 1357, "Correlation": null, "Execution": {"#attributes": {"ProcessID": 0, "ThreadID": 0}}, "Channel": "Application", "Computer": "DC01.garfield.htb", "Security": null}, "EventData": {"Data": {"#text": "WSearch"}, "Binary": "D9060000"}}},
{"TimeGenerated": "2026-01-13T14:08:15.753027Z", "EventID": {"#attributes": {"Qualifiers": 0}, "#text": 8224}, "Computer": "DC01.garfield.htb", "RawEvent": {"#attributes": {"xmlns": "http://schemas.microsoft.com/win/2004/08/events/event"}, "System": {"Provider": {"#attributes": {"Name": "VSS"}}, "EventID": {"#attributes": {"Qualifiers": 0}, "#text": 8224}, "Level": 4, "Task": 0, "Keywords": "0x80000000000000", "TimeCreated": {"#attributes": {"SystemTime": "2026-01-13T14:08:15.753027Z"}}, "EventRecordID": 1358, "Channel": "Application", "Computer": "DC01.garfield.htb", "Security": null}, "EventData": {"Data": {"#text": ""}, "Binary": "2D20436F64653A2020434F525356434330303030303737332D2043616C6C3A2020434F525356434330303030303735352D205049443A202030303030343639322D205449443A202030303030343731322D20434D443A2020433A5C57696E646F77735C73797374656D33325C76737376632E6578652020202D20557365723A204E616D653A204E5420415554484F524954595C53595354454D2C205349443A532D312D352D313820"}}},
{"TimeGenerated": "2026-01-13T14:09:29.377807Z", "EventID": {"#attributes": {"Qualifiers": 16384}, "#text": 9027}, "Computer": "DC01.garfield.htb", "RawEvent": {"#attributes": {"xmlns": "http://schemas.microsoft.com/win/2004/08/events/event"}, "System": {"Provider": {"#attributes": {"Name": "Desktop Window Manager"}}, "EventID": {"#attributes": {"Qualifiers": 16384}, "#text": 9027}, "Level": 4, "Task": 0, "Keywords": "0x80000000000000", "TimeCreated": {"#attributes": {"SystemTime": "2026-01-13T14:09:29.377807Z"}}, "EventRecordID": 1359, "Channel": "Application", "Computer": "DC01.garfield.htb", "Security": null}, "EventData": {"Data": {"#text": ""}, "Binary": null}}},
{"TimeGenerated": "2026-01-13T14:09:29.955763Z", "EventID": {"#attributes": {"Qualifiers": 16384}, "#text": 8230}, "Computer": "DC01.garfield.htb", "RawEvent": {"#attributes": {"xmlns": "http://schemas.microsoft.com/win/2004/08/events/event"}, "System": {"Provider": {"#attributes": {"Name": "Microsoft-Windows-Security-SPP", "Guid": "{E23B33B0-C8C9-472C-A5F9-F2BDFEA0F156}", "EventSourceName": "Software Protection Platform Service"}}, "EventID": {"#attributes": {"Qualifiers": 16384}, "#text": 8230}, "Version": 0, "Level": 4, "Task": 0, "Opcode": 0, "Keywords": "0x80000000000000", "TimeCreated": {"#attributes": {"SystemTime": "2026-01-13T14:09:29.955763Z"}}, "EventRecordID": 1360, "Correlation": null, "Execution": {"#attributes": {"ProcessID": 0, "ThreadID": 0}}, "Channel": "Application", "Computer": "DC01.garfield.htb", "Security": null}, "EventData": {"Data": {"#text": "Security-SPP-Action-StateData (REG_SZ) =AppId=55c92734-d682-4d71-983e-d6ec3f16059f;GraceEndDate=2026/02/09:10:54:29;LastConsumptionReason=0x4004fc04;LastNotificationId=TBLExpiring;LicenseState=SL_LICENSING_STATUS_LICENSED;PartialProductKey=Y7XRX;ProductKeyType=Retail:TB:Eval;SkuId=7783a126-c108-4cf7-b59f-13c78c7a7337;ruleId=17fd3d63-7be4-49b1-8d16-2e0fe9fddbc2;uxDifferentiator=TIMEBASED_EVAL"}, "Binary": null}}},
{"TimeGenerated": "2026-01-13T14:09:30.018281Z", "EventID": {"#attributes": {"Qualifiers": 49152}, "#text": 8197}, "Computer": "DC01.garfield.htb", "RawEvent": {"#attributes": {"xmlns": "http://schemas.microsoft.com/win/2004/08/events/event"}, "System": {"Provider": {"#attributes": {"Name": "Microsoft-Windows-Security-SPP", "Guid": "{E23B33B0-C8C9-472C-A5F9-F2BDFEA0F156}", "EventSourceName": "Software Protection Platform Service"}}, "EventID": {"#attributes": {"Qualifiers": 49152}, "#text": 8197}, "Version": 0, "Level": 4, "Task": 0, "Opcode": 0, "Keywords": "0x80000000000000", "TimeCreated": {"#attributes": {"SystemTime": "2026-01-13T14:09:30.018281Z"}}, "EventRecordID": 1361, "Correlation": null, "Execution": {"#attributes": {"ProcessID": 0, "ThreadID": 0}}, "Channel": "Application", "Computer": "DC01.garfield.htb", "Security": null}, "EventData": {"Data": {"#text": "RuleId=17fd3d63-7be4-49b1-8d16-2e0fe9fddbc2;Action=NotifyUser;AppId=55c92734-d682-4d71-983e-d6ec3f16059f;SkuId=7783a126-c108-4cf7-b59f-13c78c7a7337;NotificationInterval=1440;Trigger=UserLogon;SessionId=5"}, "Binary": null}}},
{"TimeGenerated": "2026-01-13T14:10:00.286285Z", "EventID": {"#attributes": {"Qualifiers": 32768}, "#text": 6000}, "Computer": "DC01.garfield.htb", "RawEvent": {"#attributes": {"xmlns": "http://schemas.microsoft.com/win/2004/08/events/event"}, "System": {"Provider": {"#attributes": {"Name": "Microsoft-Windows-Winlogon", "Guid": "{DBE9B383-7CF3-4331-91CC-A3CB16A3B538}", "EventSourceName": "Wlclntfy"}}, "EventID": {"#attributes": {"Qualifiers": 32768}, "#text": 6000}, "Version": 0, "Level": 4, "Task": 0, "Opcode": 0, "Keywords": "0x80000000000000", "TimeCreated": {"#attributes": {"SystemTime": "2026-01-13T14:10:00.286285Z"}}, "EventRecordID": 1362, "Correlation": null, "Execution": {"#attributes": {"ProcessID": 0, "ThreadID": 0}}, "Channel": "Application", "Computer": "DC01.garfield.htb", "Security": null}, "EventData": {"Data": {"#text": "WSearch"}, "Binary": "D9060000"}}},
{"TimeGenerated": "2026-01-13T14:10:23.016696Z", "EventID": {"#attributes": {"Qualifiers": 16384}, "#text": 1704}, "Computer": "DC01.garfield.htb", "RawEvent": {"#attributes": {"xmlns": "http://schemas.microsoft.com/win/2004/08/events/event"}, "System": {"Provider": {"#attributes": {"Name": "SceCli"}}, "EventID": {"#attributes": {"Qualifiers": 16384}, "#text": 1704}, "Level": 4, "Task": 0, "Keywords": "0x80000000000000", "TimeCreated": {"#attributes": {"SystemTime": "2026-01-13T14:10:23.016696Z"}}, "EventRecordID": 1363, "Channel": "Application", "Computer": "DC01.garfield.htb", "Security": null}, "EventData": {"Data": {"#text": ""}, "Binary": null}}},
{"TimeGenerated": "2026-01-13T14:11:29.477283Z", "EventID": {"#attributes": {"Qualifiers": 16384}, "#text": 9027}, "Computer": "DC01.garfield.htb", "RawEvent": {"#attributes": {"xmlns": "http://schemas.microsoft.com/win/2004/08/events/event"}, "System": {"Provider": {"#attributes": {"Name": "Desktop Window Manager"}}, "EventID": {"#attributes": {"Qualifiers": 16384}, "#text": 9027}, "Level": 4, "Task": 0, "Keywords": "0x80000000000000", "TimeCreated": {"#attributes": {"SystemTime": "2026-01-13T14:11:29.477283Z"}}, "EventRecordID": 1364, "Channel": "Application", "Computer": "DC01.garfield.htb", "Security": null}, "EventData": {"Data": {"#text": ""}, "Binary": null}}},
{"TimeGenerated": "2026-01-13T14:11:30.133544Z", "EventID": {"#attributes": {"Qualifiers": 16384}, "#text": 8230}, "Computer": "DC01.garfield.htb", "RawEvent": {"#attributes": {"xmlns": "http://schemas.microsoft.com/win/2004/08/events/event"}, "System": {"Provider": {"#attributes": {"Name": "Microsoft-Windows-Security-SPP", "Guid": "{E23B33B0-C8C9-472C-A5F9-F2BDFEA0F156}", "EventSourceName": "Software Protection Platform Service"}}, "EventID": {"#attributes": {"Qualifiers": 16384}, "#text": 8230}, "Version": 0, "Level": 4, "Task": 0, "Opcode": 0, "Keywords": "0x80000000000000", "TimeCreated": {"#attributes": {"SystemTime": "2026-01-13T14:11:30.133544Z"}}, "EventRecordID": 1365, "Correlation": null, "Execution": {"#attributes": {"ProcessID": 0, "ThreadID": 0}}, "Channel": "Application", "Computer": "DC01.garfield.htb", "Security": null}, "EventData": {"Data": {"#text": "Security-SPP-Action-StateData (REG_SZ) =AppId=55c92734-d682-4d71-983e-d6ec3f16059f;GraceEndDate=2026/02/09:10:54:30;LastConsumptionReason=0x4004fc04;LastNotificationId=TBLExpiring;LicenseState=SL_LICENSING_STATUS_LICENSED;PartialProductKey=Y7XRX;ProductKeyType=Retail:TB:Eval;SkuId=7783a126-c108-4cf7-b59f-13c78c7a7337;ruleId=17fd3d63-7be4-49b1-8d16-2e0fe9fddbc2;uxDifferentiator=TIMEBASED_EVAL"}, "Binary": null}}},
{"TimeGenerated": "2026-01-13T14:11:30.227327Z", "EventID": {"#attributes": {"Qualifiers": 49152}, "#text": 8197}, "Computer": "DC01.garfield.htb", "RawEvent": {"#attributes": {"xmlns": "http://schemas.microsoft.com/win/2004/08/events/event"}, "System": {"Provider": {"#attributes": {"Name": "Microsoft-Windows-Security-SPP", "Guid": "{E23B33B0-C8C9-472C-A5F9-F2BDFEA0F156}", "EventSourceName": "Software Protection Platform Service"}}, "EventID": {"#attributes": {"Qualifiers": 49152}, "#text": 8197}, "Version": 0, "Level": 4, "Task": 0, "Opcode": 0, "Keywords": "0x80000000000000", "TimeCreated": {"#attributes": {"SystemTime": "2026-01-13T14:11:30.227327Z"}}, "EventRecordID": 1366, "Correlation": null, "Execution": {"#attributes": {"ProcessID": 0, "ThreadID": 0}}, "Channel": "Application", "Computer": "DC01.garfield.htb", "Security": null}, "EventData": {"Data": {"#text": "RuleId=17fd3d63-7be4-49b1-8d16-2e0fe9fddbc2;Action=NotifyUser;AppId=55c92734-d682-4d71-983e-d6ec3f16059f;SkuId=7783a126-c108-4cf7-b59f-13c78c7a7337;NotificationInterval=1440;Trigger=UserLogon;SessionId=6"}, "Binary": null}}},
{"TimeGenerated": "2026-01-13T14:12:00.497635Z", "EventID": {"#attributes": {"Qualifiers": 32768}, "#text": 6000}, "Computer": "DC01.garfield.htb", "RawEvent": {"#attributes": {"xmlns": "http://schemas.microsoft.com/win/2004/08/events/event"}, "System": {"Provider": {"#attributes": {"Name": "Microsoft-Windows-Winlogon", "Guid": "{DBE9B383-7CF3-4331-91CC-A3CB16A3B538}", "EventSourceName": "Wlclntfy"}}, "EventID": {"#attributes": {"Qualifiers": 32768}, "#text": 6000}, "Version": 0, "Level": 4, "Task": 0, "Opcode": 0, "Keywords": "0x80000000000000", "TimeCreated": {"#attributes": {"SystemTime": "2026-01-13T14:12:00.497635Z"}}, "EventRecordID": 1367, "Correlation": null, "Execution": {"#attributes": {"ProcessID": 0, "ThreadID": 0}}, "Channel": "Application", "Computer": "DC01.garfield.htb", "Security": null}, "EventData": {"Data": {"#text": "WSearch"}, "Binary": "D9060000"}}},
{"TimeGenerated": "2026-01-13T14:12:16.772507Z", "EventID": 1001, "Computer": "DC01.garfield.htb", "RawEvent": {"#attributes": {"xmlns": "http://schemas.microsoft.com/win/2004/08/events/event"}, "System": {"Provider": {"#attributes": {"Name": "Microsoft-Windows-LoadPerf", "Guid": "122EE297-BB47-41AE-B265-1CA8D1886D40"}}, "EventID": 1001, "Version": 0, "Level": 4, "Task": 0, "Opcode": 0, "Keywords": "0x8000000000000000", "TimeCreated": {"#attributes": {"SystemTime": "2026-01-13T14:12:16.772507Z"}}, "EventRecordID": 1368, "Correlation": null, "Execution": {"#attributes": {"ProcessID": 5664, "ThreadID": 2140}}, "Channel": "Application", "Computer": "DC01.garfield.htb", "Security": {"#attributes": {"UserID": "S-1-5-18"}}}, "UserData": {"EventXML": {"#attributes": {"xmlns": "LoadPerf"}, "param1": "WmiApRpl", "param2": "WmiApRpl", "binaryDataSize": 12, "binaryData": "1834000019340000D2050000"}}}},
{"TimeGenerated": "2026-01-13T14:12:16.795901Z", "EventID": 1000, "Computer": "DC01.garfield.htb", "RawEvent": {"#attributes": {"xmlns": "http://schemas.microsoft.com/win/2004/08/events/event"}, "System": {"Provider": {"#attributes": {"Name": "Microsoft-Windows-LoadPerf", "Guid": "122EE297-BB47-41AE-B265-1CA8D1886D40"}}, "EventID": 1000, "Version": 0, "Level": 4, "Task": 0, "Opcode": 0, "Keywords": "0x8000000000000000", "TimeCreated": {"#attributes": {"SystemTime": "2026-01-13T14:12:16.795901Z"}}, "EventRecordID": 1369, "Correlation": null, "Execution": {"#attributes": {"ProcessID": 5664, "ThreadID": 2140}}, "Channel": "Application", "Computer": "DC01.garfield.htb", "Security": {"#attributes": {"UserID": "S-1-5-18"}}}, "UserData": {"EventXML": {"#attributes": {"xmlns": "LoadPerf"}, "param1": "WmiApRpl", "param2": "WmiApRpl", "binaryDataSize": 16, "binaryData": "1A340000C03400001B340000C1340000"}}}},
{"TimeGenerated": "2026-01-13T14:13:29.439309Z", "EventID": {"#attributes": {"Qualifiers": 16384}, "#text": 9027}, "Computer": "DC01.garfield.htb", "RawEvent": {"#attributes": {"xmlns": "http://schemas.microsoft.com/win/2004/08/events/event"}, "System": {"Provider": {"#attributes": {"Name": "Desktop Window Manager"}}, "EventID": {"#attributes": {"Qualifiers": 16384}, "#text": 9027}, "Level": 4, "Task": 0, "Keywords": "0x80000000000000", "TimeCreated": {"#attributes": {"SystemTime": "2026-01-13T14:13:29.439309Z"}}, "EventRecordID": 1370, "Channel": "Application", "Computer": "DC01.garfield.htb", "Security": null}, "EventData": {"Data": {"#text": ""}, "Binary": null}}},
{"TimeGenerated": "2026-01-13T14:13:30.064252Z", "EventID": {"#attributes": {"Qualifiers": 16384}, "#text": 8230}, "Computer": "DC01.garfield.htb", "RawEvent": {"#attributes": {"xmlns": "http://schemas.microsoft.com/win/2004/08/events/event"}, "System": {"Provider": {"#attributes": {"Name": "Microsoft-Windows-Security-SPP", "Guid": "{E23B33B0-C8C9-472C-A5F9-F2BDFEA0F156}", "EventSourceName": "Software Protection Platform Service"}}, "EventID": {"#attributes": {"Qualifiers": 16384}, "#text": 8230}, "Version": 0, "Level": 4, "Task": 0, "Opcode": 0, "Keywords": "0x80000000000000", "TimeCreated": {"#attributes": {"SystemTime": "2026-01-13T14:13:30.064252Z"}}, "EventRecordID": 1371, "Correlation": null, "Execution": {"#attributes": {"ProcessID": 0, "ThreadID": 0}}, "Channel": "Application", "Computer": "DC01.garfield.htb", "Security": null}, "EventData": {"Data": {"#text": "Security-SPP-Action-StateData (REG_SZ) =AppId=55c92734-d682-4d71-983e-d6ec3f16059f;GraceEndDate=2026/02/09:10:54:29;LastConsumptionReason=0x4004fc04;LastNotificationId=TBLExpiring;LicenseState=SL_LICENSING_STATUS_LICENSED;PartialProductKey=Y7XRX;ProductKeyType=Retail:TB:Eval;SkuId=7783a126-c108-4cf7-b59f-13c78c7a7337;ruleId=17fd3d63-7be4-49b1-8d16-2e0fe9fddbc2;uxDifferentiator=TIMEBASED_EVAL"}, "Binary": null}}},
{"TimeGenerated": "2026-01-13T14:13:30.126992Z", "EventID": {"#attributes": {"Qualifiers": 49152}, "#text": 8197}, "Computer": "DC01.garfield.htb", "RawEvent": {"#attributes": {"xmlns": "http://schemas.microsoft.com/win/2004/08/events/event"}, "System": {"Provider": {"#attributes": {"Name": "Microsoft-Windows-Security-SPP", "Guid": "{E23B33B0-C8C9-472C-A5F9-F2BDFEA0F156}", "EventSourceName": "Software Protection Platform Service"}}, "EventID": {"#attributes": {"Qualifiers": 49152}, "#text": 8197}, "Version": 0, "Level": 4, "Task": 0, "Opcode": 0, "Keywords": "0x80000000000000", "TimeCreated": {"#attributes": {"SystemTime": "2026-01-13T14:13:30.126992Z"}}, "EventRecordID": 1372, "Correlation": null, "Execution": {"#attributes": {"ProcessID": 0, "ThreadID": 0}}, "Channel": "Application", "Computer": "DC01.garfield.htb", "Security": null}, "EventData": {"Data": {"#text": "RuleId=17fd3d63-7be4-49b1-8d16-2e0fe9fddbc2;Action=NotifyUser;AppId=55c92734-d682-4d71-983e-d6ec3f16059f;SkuId=7783a126-c108-4cf7-b59f-13c78c7a7337;NotificationInterval=1440;Trigger=UserLogon;SessionId=7"}, "Binary": null}}},
{"TimeGenerated": "2026-01-13T14:14:00.455996Z", "EventID": {"#attributes": {"Qualifiers": 32768}, "#text": 6000}, "Computer": "DC01.garfield.htb", "RawEvent": {"#attributes": {"xmlns": "http://schemas.microsoft.com/win/2004/08/events/event"}, "System": {"Provider": {"#attributes": {"Name": "Microsoft-Windows-Winlogon", "Guid": "{DBE9B383-7CF3-4331-91CC-A3CB16A3B538}", "EventSourceName": "Wlclntfy"}}, "EventID": {"#attributes": {"Qualifiers": 32768}, "#text": 6000}, "Version": 0, "Level": 4, "Task": 0, "Opcode": 0, "Keywords": "0x80000000000000", "TimeCreated": {"#attributes": {"SystemTime": "2026-01-13T14:14:00.455996Z"}}, "EventRecordID": 1373, "Correlation": null, "Execution": {"#attributes": {"ProcessID": 0, "ThreadID": 0}}, "Channel": "Application", "Computer": "DC01.garfield.htb", "Security": null}, "EventData": {"Data": {"#text": "WSearch"}, "Binary": "D9060000"}}},
{"TimeGenerated": "2026-01-13T14:14:43.665774Z", "EventID": {"#attributes": {"Qualifiers": 0}, "#text": 102}, "Computer": "DC01.garfield.htb", "RawEvent": {"#attributes": {"xmlns": "http://schemas.microsoft.com/win/2004/08/events/event"}, "System": {"Provider": {"#attributes": {"Name": "ESENT"}}, "EventID": {"#attributes": {"Qualifiers": 0}, "#text": 102}, "Level": 4, "Task": 1, "Keywords": "0x80000000000000", "TimeCreated": {"#attributes": {"SystemTime": "2026-01-13T14:14:43.665774Z"}}, "EventRecordID": 1374, "Channel": "Application", "Computer": "DC01.garfield.htb", "Security": null}, "EventData": {"Data": {"#text": ["svchost", "6652,P,98", "DS_Token_DB: ", "0", "10", "00", "17763", "0000"]}, "Binary": null}}},
{"TimeGenerated": "2026-01-13T14:14:43.665774Z", "EventID": {"#attributes": {"Qualifiers": 0}, "#text": 300}, "Computer": "DC01.garfield.htb", "RawEvent": {"#attributes": {"xmlns": "http://schemas.microsoft.com/win/2004/08/events/event"}, "System": {"Provider": {"#attributes": {"Name": "ESENT"}}, "EventID": {"#attributes": {"Qualifiers": 0}, "#text": 300}, "Level": 4, "Task": 3, "Keywords": "0x80000000000000", "TimeCreated": {"#attributes": {"SystemTime": "2026-01-13T14:14:43.665774Z"}}, "EventRecordID": 1375, "Channel": "Application", "Computer": "DC01.garfield.htb", "Security": null}, "EventData": {"Data": {"#text": ["svchost", "6652,R,98", "DS_Token_DB: "]}, "Binary": null}}},
{"TimeGenerated": "2026-01-13T14:14:43.681453Z", "EventID": {"#attributes": {"Qualifiers": 0}, "#text": 301}, "Computer": "DC01.garfield.htb", "RawEvent": {"#attributes": {"xmlns": "http://schemas.microsoft.com/win/2004/08/events/event"}, "System": {"Provider": {"#attributes": {"Name": "ESENT"}}, "EventID": {"#attributes": {"Qualifiers": 0}, "#text": 301}, "Level": 4, "Task": 3, "Keywords": "0x80000000000000", "TimeCreated": {"#attributes": {"SystemTime": "2026-01-13T14:14:43.681453Z"}}, "EventRecordID": 1376, "Channel": "Application", "Computer": "DC01.garfield.htb", "Security": null}, "EventData": {"Data": {"#text": ["svchost", "6652,R,98", "DS_Token_DB: ", "C:\\Windows\\system32\\config\\systemprofile\\AppData\\Local\\DataSharing\\Storage\\DSS00002.log", "\n[1] 0.012644 -0.006055 (7) WT +J(CM:0, PgRf:0, Rd:0/0, Dy:0/0, Lg:8115/6) +M(C:0K, Fs:68, WS:204K # 208K, PF:148K # 152K, P:148K).", "AttachDB ", "1"]}, "Binary": null}}},
{"TimeGenerated": "2026-01-13T14:14:43.681453Z", "EventID": {"#attributes": {"Qualifiers": 0}, "#text": 301}, "Computer": "DC01.garfield.htb", "RawEvent": {"#attributes": {"xmlns": "http://schemas.microsoft.com/win/2004/08/events/event"}, "System": {"Provider": {"#attributes": {"Name": "ESENT"}}, "EventID": {"#attributes": {"Qualifiers": 0}, "#text": 301}, "Level": 4, "Task": 3, "Keywords": "0x80000000000000", "TimeCreated": {"#attributes": {"SystemTime": "2026-01-13T14:14:43.681453Z"}}, "EventRecordID": 1377, "Channel": "Application", "Computer": "DC01.garfield.htb", "Security": null}, "EventData": {"Data": {"#text": ["svchost", "6652,R,98", "DS_Token_DB: ", "C:\\Windows\\system32\\config\\systemprofile\\AppData\\Local\\DataSharing\\Storage\\DSS.log", "\n[1] 0.002345 -0.000720 (2) WT +J(CM:0, PgRf:0, Rd:0/0, Dy:0/0, Lg:1/1) +M(C:0K, Fs:1, WS:0K # 4K, PF:0K # 0K, P:0K).", "NOP      ", "1"]}, "Binary": null}}},
{"TimeGenerated": "2026-01-13T14:14:43.717885Z", "EventID": {"#attributes": {"Qualifiers": 0}, "#text": 302}, "Computer": "DC01.garfield.htb", "RawEvent": {"#attributes": {"xmlns": "http://schemas.microsoft.com/win/2004/08/events/event"}, "System": {"Provider": {"#attributes": {"Name": "ESENT"}}, "EventID": {"#attributes": {"Qualifiers": 0}, "#text": 302}, "Level": 4, "Task": 3, "Keywords": "0x80000000000000", "TimeCreated": {"#attributes": {"SystemTime": "2026-01-13T14:14:43.717885Z"}}, "EventRecordID": 1378, "Channel": "Application", "Computer": "DC01.garfield.htb", "Security": null}, "EventData": {"Data": {"#text": ["svchost", "6652,U,98", "DS_Token_DB: "]}, "Binary": null}}},
{"TimeGenerated": "2026-01-13T14:14:43.717885Z", "EventID": {"#attributes": {"Qualifiers": 0}, "#text": 105}, "Computer": "DC01.garfield.htb", "RawEvent": {"#attributes": {"xmlns": "http://schemas.microsoft.com/win/2004/08/events/event"}, "System": {"Provider": {"#attributes": {"Name": "ESENT"}}, "EventID": {"#attributes": {"Qualifiers": 0}, "#text": 105}, "Level": 4, "Task": 1, "Keywords": "0x80000000000000", "TimeCreated": {"#attributes": {"SystemTime": "2026-01-13T14:14:43.717885Z"}}, "EventRecordID": 1379, "Channel": "Application", "Computer": "DC01.garfield.htb", "Security": null}, "EventData": {"Data": {"#text": ["svchost", "6652,D,0", "DS_Token_DB: ", "0", "0", "\n[1] 0.000659 +J(0) +M(C:0K, Fs:158, WS:620K # 620K, PF:3304K # 3304K, P:3304K)\n[2] 0.000188 +J(0) +M(C:8K, Fs:147, WS:580K # 580K, PF:312K # 312K, P:312K)\n[3] 0.000013 +J(0) +M(C:0K, Fs:3, WS:12K # 12K, PF:64K # 64K, P:64K)\n[4] 0.000068 +J(0) +M(C:0K, Fs:30, WS:116K # 116K, PF:172K # 172K, P:172K)\n[5] 0.000416 +J(0) +M(C:0K, Fs:6, WS:24K # 24K, PF:20K # 20K, P:20K)\n[6] 0.001765 +J(0) +M(C:0K, Fs:38, WS:152K # 152K, PF:16K # 16K, P:16K)\n[7] 0.001938 -0.001185 (2) WT +J(0) +M(C:0K, Fs:32, WS:128K # 128K, PF:64K # 64K, P:64K)\n[8] 0.017647 -0.008304 (10) WT +J(CM:0, PgRf:0, Rd:0/0, Dy:0/0, Lg:8115/6) +M(C:0K, Fs:98, WS:312K # 316K, PF:236K # 240K, P:236K)\n[9] 0.004185 -0.001894 (4) WT +J(CM:0, PgRf:0, Rd:0/0, Dy:0/0, Lg:1/1) +M(C:0K, Fs:11, WS:36K # 32K, PF:0K # 0K, P:0K) + 1 lgens\n[10] 0.000830 -0.000631 (1) WT +J(0) +M(C:0K, Fs:0, WS:-60K # 0K, PF:-60K # 0K, P:-60K)\n[11] 0.000011 +J(CM:0, PgRf:0, Rd:0/0, Dy:0/0, Lg:49/1) +M(C:0K, Fs:1, WS:4K # 0K, PF:0K # 0K, P:0K)\n[12] 0.003062 -0.001429 (2) WT +J(0) +M(C:0K, Fs:16, WS:60K # 4K, PF:56K # 0K, P:56K)\n[13] 0.030164 -0.001037 (2) CM -0.022848 (23) WT +J(CM:2, PgRf:2, Rd:0/2, Dy:0/0, Lg:8759/5) +M(C:0K, Fs:57, WS:108K # 172K, PF:160K # 220K, P:160K)\n[14] 0.000007 +J(0)\n[15] 0.000041 +J(0)\n[16] 0.000220 -0.000109 (1) WT +J(0) +M(C:0K, Fs:2, WS:0K # 0K, PF:0K # 0K, P:0K).", "lgposV2[] = 00000002:000C:0000 - 00000002:000E:0000 - 00000003:0001:0000 - 00000003:0001:0000 (00000000:0000:0000)\ncReInits = 1\n"]}, "Binary": null}}},
{"TimeGenerated": "2026-01-13T14:14:43.733410Z", "EventID": {"#attributes": {"Qualifiers": 0}, "#text": 326}, "Computer": "DC01.garfield.htb", "RawEvent": {"#attributes": {"xmlns": "http://schemas.microsoft.com/win/2004/08/events/event"}, "System": {"Provider": {"#attributes": {"Name": "ESENT"}}, "EventID": {"#attributes": {"Qualifiers": 0}, "#text": 326}, "Level": 4, "Task": 1, "Keywords": "0x80000000000000", "TimeCreated": {"#attributes": {"SystemTime": "2026-01-13T14:14:43.733410Z"}}, "EventRecordID": 1380, "Channel": "Application", "Computer": "DC01.garfield.htb", "Security": null}, "EventData": {"Data": {"#text": ["svchost", "6652,D,50", "DS_Token_DB: ", "1", "C:\\Windows\\system32\\config\\systemprofile\\AppData\\Local\\DataSharing\\Storage\\DSTokenDB2.dat", "0", "\n[1] 0.000001 +J(0)\n[2] 0.000331 -0.000171 (1) WT +J(0) +M(C:0K, Fs:17, WS:4K # 8K, PF:4K # 0K, P:4K)\n[3] 0.003749 -0.000851 (5) WT +J(CM:0, PgRf:0, Rd:0/0, Dy:0/0, Lg:3480/2) +M(C:0K, Fs:11, WS:40K # 0K, PF:40K # 0K, P:40K)\n[4] 0.000065 +J(0)\n[5] -\n[6] -\n[7] -\n[8] 0.000404 -0.000293 (2) CM -0.000194 (2) WT +J(CM:2, PgRf:2, Rd:4/2, Dy:0/0, Lg:0/0) +M(C:8K, Fs:3, WS:12K # 0K, PF:8K # 0K, P:8K)\n[9] 0.000624 -0.000510 (3) CM -0.000370 (3) WT +J(CM:3, PgRf:23, Rd:0/3, Dy:0/0, Lg:0/0) +M(C:0K, Fs:25, WS:92K # 80K, PF:196K # 188K, P:196K)\n[10] 0.000743 -0.000648 (3) CM -0.000515 (3) WT +J(CM:3, PgRf:40, Rd:0/3, Dy:0/0, Lg:0/0) +M(C:0K, Fs:1, WS:4K # 4K, PF:64K # 56K, P:64K)\n[11] 0.000198 -0.000184 (1) CM -0.000119 (1) WT +J(CM:1, PgRf:1, Rd:0/1, Dy:0/0, Lg:0/0)\n[12] 0.000142 -0.000105 (1) CM -0.000061 (1) WT +J(CM:1, PgRf:42, Rd:0/1, Dy:0/0, Lg:0/0) +M(C:0K, Fs:5, WS:20K # 20K, PF:0K # 0K, P:0K)\n[13] 0.0 +J(0)\n[14] 0.0 +J(0)\n[15] 0.000255 -0.000244 (1) CM -0.000188 (1) WT +J(CM:1, PgRf:1, Rd:0/1, Dy:0/0, Lg:0/0).", "1 0", "lgposAttach = 00000003:0003:0268"]}, "Binary": null}}},
{"TimeGenerated": "2026-01-13T14:15:26.086591Z", "EventID": {"#attributes": {"Qualifiers": 0}, "#text": 1001}, "Computer": "DC01.garfield.htb", "RawEvent": {"#attributes": {"xmlns": "http://schemas.microsoft.com/win/2004/08/events/event"}, "System": {"Provider": {"#attributes": {"Name": "Windows Error Reporting"}}, "EventID": {"#attributes": {"Qualifiers": 0}, "#text": 1001}, "Level": 4, "Task": 0, "Keywords": "0x80000000000000", "TimeCreated": {"#attributes": {"SystemTime": "2026-01-13T14:15:26.086591Z"}}, "EventRecordID": 1381, "Channel": "Application", "Computer": "DC01.garfield.htb", "Security": null}, "EventData": {"Data": {"#text": ["1203974211205155999", "5", "RADAR_PRE_LEAK_64", "Not available", "0", "dns.exe", "10.0.17763.3406", "10.0.17763.2.0.0", "", "", "", "", "", "", "", "\r\n\\\\?\\C:\\Users\\ADMINI~1\\AppData\\Local\\Temp\\RDREB3E.tmp\\empty.txt\r\n\\\\?\\C:\\ProgramData\\Microsoft\\Windows\\WER\\Temp\\WEREB4F.tmp.WERInternalMetadata.xml\r\n\\\\?\\C:\\ProgramData\\Microsoft\\Windows\\WER\\Temp\\WEREB50.tmp.xml\r\n\\\\?\\C:\\ProgramData\\Microsoft\\Windows\\WER\\Temp\\WEREB5E.tmp.csv\r\n\\\\?\\C:\\ProgramData\\Microsoft\\Windows\\WER\\Temp\\WEREB6E.tmp.txt", "", "", "0", "c0451a6c-e2e6-430f-9377-2a1d0ab7d3d9", "268435456", "808a753c560a4ce890b5602a899d4c9f", "0"]}, "Binary": null}}},
{"TimeGenerated": "2026-01-13T14:15:29.451987Z", "EventID": {"#attributes": {"Qualifiers": 16384}, "#text": 9027}, "Computer": "DC01.garfield.htb", "RawEvent": {"#attributes": {"xmlns": "http://schemas.microsoft.com/win/2004/08/events/event"}, "System": {"Provider": {"#attributes": {"Name": "Desktop Window Manager"}}, "EventID": {"#attributes": {"Qualifiers": 16384}, "#text": 9027}, "Level": 4, "Task": 0, "Keywords": "0x80000000000000", "TimeCreated": {"#attributes": {"SystemTime": "2026-01-13T14:15:29.451987Z"}}, "EventRecordID": 1382, "Channel": "Application", "Computer": "DC01.garfield.htb", "Security": null}, "EventData": {"Data": {"#text": ""}, "Binary": null}}},
{"TimeGenerated": "2026-01-13T14:15:30.092950Z", "EventID": {"#attributes": {"Qualifiers": 16384}, "#text": 8230}, "Computer": "DC01.garfield.htb", "RawEvent": {"#attributes": {"xmlns": "http://schemas.microsoft.com/win/2004/08/events/event"}, "System": {"Provider": {"#attributes": {"Name": "Microsoft-Windows-Security-SPP", "Guid": "{E23B33B0-C8C9-472C-A5F9-F2BDFEA0F156}", "EventSourceName": "Software Protection Platform Service"}}, "EventID": {"#attributes": {"Qualifiers": 16384}, "#text": 8230}, "Version": 0, "Level": 4, "Task": 0, "Opcode": 0, "Keywords": "0x80000000000000", "TimeCreated": {"#attributes": {"SystemTime": "2026-01-13T14:15:30.092950Z"}}, "EventRecordID": 1383, "Correlation": null, "Execution": {"#attributes": {"ProcessID": 0, "ThreadID": 0}}, "Channel": "Application", "Computer": "DC01.garfield.htb", "Security": null}, "EventData": {"Data": {"#text": "Security-SPP-Action-StateData (REG_SZ) =AppId=55c92734-d682-4d71-983e-d6ec3f16059f;GraceEndDate=2026/02/09:10:54:29;LastConsumptionReason=0x4004fc04;LastNotificationId=TBLExpiring;LicenseState=SL_LICENSING_STATUS_LICENSED;PartialProductKey=Y7XRX;ProductKeyType=Retail:TB:Eval;SkuId=7783a126-c108-4cf7-b59f-13c78c7a7337;ruleId=17fd3d63-7be4-49b1-8d16-2e0fe9fddbc2;uxDifferentiator=TIMEBASED_EVAL"}, "Binary": null}}},
{"TimeGenerated": "2026-01-13T14:15:30.170770Z", "EventID": {"#attributes": {"Qualifiers": 49152}, "#text": 8197}, "Computer": "DC01.garfield.htb", "RawEvent": {"#attributes": {"xmlns": "http://schemas.microsoft.com/win/2004/08/events/event"}, "System": {"Provider": {"#attributes": {"Name": "Microsoft-Windows-Security-SPP", "Guid": "{E23B33B0-C8C9-472C-A5F9-F2BDFEA0F156}", "EventSourceName": "Software Protection Platform Service"}}, "EventID": {"#attributes": {"Qualifiers": 49152}, "#text": 8197}, "Version": 0, "Level": 4, "Task": 0, "Opcode": 0, "Keywords": "0x80000000000000", "TimeCreated": {"#attributes": {"SystemTime": "2026-01-13T14:15:30.170770Z"}}, "EventRecordID": 1384, "Correlation": null, "Execution": {"#attributes": {"ProcessID": 0, "ThreadID": 0}}, "Channel": "Application", "Computer": "DC01.garfield.htb", "Security": null}, "EventData": {"Data": {"#text": "RuleId=17fd3d63-7be4-49b1-8d16-2e0fe9fddbc2;Action=NotifyUser;AppId=55c92734-d682-4d71-983e-d6ec3f16059f;SkuId=7783a126-c108-4cf7-b59f-13c78c7a7337;NotificationInterval=1440;Trigger=UserLogon;SessionId=2"}, "Binary": null}}},
