{"TimeGenerated": "2025-08-16T23:24:43.011549Z", "EventID": {"#attributes": {"Qualifiers": 16384}, "#text": 7036}, "Computer": "DC01.garfield.htb", "RawEvent": {"#attributes": {"xmlns": "http://schemas.microsoft.com/win/2004/08/events/event"}, "System": {"Provider": {"#attributes": {"Name": "Service Control Manager", "Guid": "{555908d1-a6d7-4695-8e1e-26931d2012f4}", "EventSourceName": "Service Control Manager"}}, "EventID": {"#attributes": {"Qualifiers": 16384}, "#text": 7036}, "Version": 0, "Level": 4, "Task": 0, "Opcode": 0, "Keywords": "0x8080000000000000", "TimeCreated": {"#attributes": {"SystemTime": "2025-08-16T23:24:43.011549Z"}}, "EventRecordID": 1456, "Correlation": null, "Execution": {"#attributes": {"ProcessID": 720, "ThreadID": 5476}}, "Channel": "System", "Computer": "DC01.garfield.htb", "Security": null}, "EventData": {"param1": "Capability Access Manager Service", "param2": "running", "Binary": "630061006D007300760063002F0034000000"}}},
{"TimeGenerated": "2025-08-16T23:24:43.558322Z", "EventID": {"#attributes": {"Qualifiers": 16384}, "#text": 7036}, "Computer": "DC01.garfield.htb", "RawEvent": {"#attributes": {"xmlns": "http://schemas.microsoft.com/win/2004/08/events/event"}, "System": {"Provider": {"#attributes": {"Name": "Service Control Manager", "Guid": "{555908d1-a6d7-4695-8e1e-26931d2012f4}", "EventSourceName": "Service Control Manager"}}, "EventID": {"#attributes": {"Qualifiers": 16384}, "#text": 7036}, "Version": 0, "Level": 4, "Task": 0, "Opcode": 0, "Keywords": "0x8080000000000000", "TimeCreated": {"#attributes": {"SystemTime": "2025-08-16T23:24:43.558322Z"}}, "EventRecordID": 1457, "Correlation": null, "Execution": {"#attributes": {"ProcessID": 720, "ThreadID": 3796}}, "Channel": "System", "Computer": "DC01.garfield.htb", "Security": null}, "EventData": {"param1": "Windows Insider Service", "param2": "running", "Binary": "770069007300760063002F0034000000"}}},
{"TimeGenerated": "2025-08-16T23:24:47.277122Z", "EventID": {"#attributes": {"Qualifiers": 16384}, "#text": 7036}, "Computer": "DC01.garfield.htb", "RawEvent": {"#attributes": {"xmlns": "http://schemas.microsoft.com/win/2004/08/events/event"}, "System": {"Provider": {"#attributes": {"Name": "Service Control Manager", "Guid": "{555908d1-a6d7-4695-8e1e-26931d2012f4}", "EventSourceName": "Service Control Manager"}}, "EventID": {"#attributes": {"Qualifiers": 16384}, "#text": 7036}, "Version": 0, "Level": 4, "Task": 0, "Opcode": 0, "Keywords": "0x8080000000000000", "TimeCreated": {"#attributes": {"SystemTime": "2025-08-16T23:24:47.277122Z"}}, "EventRecordID": 1458, "Correlation": null, "Execution": {"#attributes": {"ProcessID": 720, "ThreadID": 5476}}, "Channel": "System", "Computer": "DC01.garfield.htb", "Security": null}, "EventData": {"param1": "Microsoft Store Install Service", "param2": "stopped", "Binary": "49006E007300740061006C006C0053006500720076006900630065002F0031000000"}}},
{"TimeGenerated": "2025-08-16T23:25:03.272249Z", "EventID": {"#attributes": {"Qualifiers": 16384}, "#text": 7036}, "Computer": "DC01.garfield.htb", "RawEvent": {"#attributes": {"xmlns": "http://schemas.microsoft.com/win/2004/08/events/event"}, "System": {"Provider": {"#attributes": {"Name": "Service Control Manager", "Guid": "{555908d1-a6d7-4695-8e1e-26931d2012f4}", "EventSourceName": "Service Control Manager"}}, "EventID": {"#attributes": {"Qualifiers": 16384}, "#text": 7036}, "Version": 0, "Level": 4, "Task": 0, "Opcode": 0, "Keywords": "0x8080000000000000", "TimeCreated": {"#attributes": {"SystemTime": "2025-08-16T23:25:03.272249Z"}}, "EventRecordID": 1459, "Correlation": null, "Execution": {"#attributes": {"ProcessID": 720, "ThreadID": 5824}}, "Channel": "System", "Computer": "DC01.garfield.htb", "Security": null}, "EventData": {"param1": "Delivery Optimization", "param2": "running", "Binary": "44006F005300760063002F0034000000"}}},
{"TimeGenerated": "2025-08-16T23:25:07.150706Z", "EventID": {"#attributes": {"Qualifiers": 16384}, "#text": 7036}, "Computer": "DC01.garfield.htb", "RawEvent": {"#attributes": {"xmlns": "http://schemas.microsoft.com/win/2004/08/events/event"}, "System": {"Provider": {"#attributes": {"Name": "Service Control Manager", "Guid": "{555908d1-a6d7-4695-8e1e-26931d2012f4}", "EventSourceName": "Service Control Manager"}}, "EventID": {"#attributes": {"Qualifiers": 16384}, "#text": 7036}, "Version": 0, "Level": 4, "Task": 0, "Opcode": 0, "Keywords": "0x8080000000000000", "TimeCreated": {"#attributes": {"SystemTime": "2025-08-16T23:25:07.150706Z"}}, "EventRecordID": 1460, "Correlation": null, "Execution": {"#attributes": {"ProcessID": 720, "ThreadID": 5824}}, "Channel": "System", "Computer": "DC01.garfield.htb", "Security": null}, "EventData": {"param1": "Windows PushToInstall Service", "param2": "stopped", "Binary": "500075007300680054006F0049006E007300740061006C006C002F0031000000"}}},
{"TimeGenerated": "2025-08-16T23:25:09.010914Z", "EventID": 44, "Computer": "DC01.garfield.htb", "RawEvent": {"#attributes": {"xmlns": "http://schemas.microsoft.com/win/2004/08/events/event"}, "System": {"Provider": {"#attributes": {"Name": "Microsoft-Windows-WindowsUpdateClient", "Guid": "945A8954-C147-4ACD-923F-40C45405A658"}}, "EventID": 44, "Version": 1, "Level": 4, "Task": 1, "Opcode": 12, "Keywords": "0x8000000000002004", "TimeCreated": {"#attributes": {"SystemTime": "2025-08-16T23:25:09.010914Z"}}, "EventRecordID": 1461, "Correlation": null, "Execution": {"#attributes": {"ProcessID": 1848, "ThreadID": 4128}}, "Channel": "System", "Computer": "DC01.garfield.htb", "Security": {"#attributes": {"UserID": "S-1-5-18"}}}, "EventData": {"updateTitle": "Security Intelligence Update for Microsoft Defender Antivirus - KB2267602 (Version 1.435.225.0) - Current Channel (Broad)", "updateGuid": "D4AFD7A4-ED00-4095-803F-EDE0AAD568B9", "updateRevisionNumber": 200}}},
{"TimeGenerated": "2025-08-16T23:25:15.300655Z", "EventID": {"#attributes": {"Qualifiers": 16384}, "#text": 7045}, "Computer": "DC01.garfield.htb", "RawEvent": {"#attributes": {"xmlns": "http://schemas.microsoft.com/win/2004/08/events/event"}, "System": {"Provider": {"#attributes": {"Name": "Service Control Manager", "Guid": "{555908d1-a6d7-4695-8e1e-26931d2012f4}", "EventSourceName": "Service Control Manager"}}, "EventID": {"#attributes": {"Qualifiers": 16384}, "#text": 7045}, "Version": 0, "Level": 4, "Task": 0, "Opcode": 0, "Keywords": "0x8080000000000000", "TimeCreated": {"#attributes": {"SystemTime": "2025-08-16T23:25:15.300655Z"}}, "EventRecordID": 1462, "Correlation": null, "Execution": {"#attributes": {"ProcessID": 720, "ThreadID": 5476}}, "Channel": "System", "Computer": "DC01.garfield.htb", "Security": {"#attributes": {"UserID": "S-1-5-18"}}}, "EventData": {"ServiceName": "MpKslb84d8913", "ImagePath": "C:\\ProgramData\\Microsoft\\Windows Defender\\Definition Updates\\Default\\MpKslb84d8913.sys", "ServiceType": "kernel mode driver", "StartType": "system start", "AccountName": ""}}},
{"TimeGenerated": "2025-08-16T23:25:30.240407Z", "EventID": {"#attributes": {"Qualifiers": 16384}, "#text": 7036}, "Computer": "DC01.garfield.htb", "RawEvent": {"#attributes": {"xmlns": "http://schemas.microsoft.com/win/2004/08/events/event"}, "System": {"Provider": {"#attributes": {"Name": "Service Control Manager", "Guid": "{555908d1-a6d7-4695-8e1e-26931d2012f4}", "EventSourceName": "Service Control Manager"}}, "EventID": {"#attributes": {"Qualifiers": 16384}, "#text": 7036}, "Version": 0, "Level": 4, "Task": 0, "Opcode": 0, "Keywords": "0x8080000000000000", "TimeCreated": {"#attributes": {"SystemTime": "2025-08-16T23:25:30.240407Z"}}, "EventRecordID": 1463, "Correlation": null, "Execution": {"#attributes": {"ProcessID": 720, "ThreadID": 5824}}, "Channel": "System", "Computer": "DC01.garfield.htb", "Security": null}, "EventData": {"param1": "Software Protection", "param2": "stopped", "Binary": "7300700070007300760063002F0031000000"}}},
{"TimeGenerated": "2025-08-16T23:25:41.923668Z", "EventID": {"#attributes": {"Qualifiers": 16384}, "#text": 7036}, "Computer": "DC01.garfield.htb", "RawEvent": {"#attributes": {"xmlns": "http://schemas.microsoft.com/win/2004/08/events/event"}, "System": {"Provider": {"#attributes": {"Name": "Service Control Manager", "Guid": "{555908d1-a6d7-4695-8e1e-26931d2012f4}", "EventSourceName": "Service Control Manager"}}, "EventID": {"#attributes": {"Qualifiers": 16384}, "#text": 7036}, "Version": 0, "Level": 4, "Task": 0, "Opcode": 0, "Keywords": "0x8080000000000000", "TimeCreated": {"#attributes": {"SystemTime": "2025-08-16T23:25:41.923668Z"}}, "EventRecordID": 1464, "Correlation": null, "Execution": {"#attributes": {"ProcessID": 720, "ThreadID": 5824}}, "Channel": "System", "Computer": "DC01.garfield.htb", "Security": null}, "EventData": {"param1": "Windows Update Medic Service", "param2": "stopped", "Binary": "57006100610053004D0065006400690063005300760063002F0031000000"}}},
{"TimeGenerated": "2025-08-16T23:25:45.876879Z", "EventID": {"#attributes": {"Qualifiers": 16384}, "#text": 7036}, "Computer": "DC01.garfield.htb", "RawEvent": {"#attributes": {"xmlns": "http://schemas.microsoft.com/win/2004/08/events/event"}, "System": {"Provider": {"#attributes": {"Name": "Service Control Manager", "Guid": "{555908d1-a6d7-4695-8e1e-26931d2012f4}", "EventSourceName": "Service Control Manager"}}, "EventID": {"#attributes": {"Qualifiers": 16384}, "#text": 7036}, "Version": 0, "Level": 4, "Task": 0, "Opcode": 0, "Keywords": "0x8080000000000000", "TimeCreated": {"#attributes": {"SystemTime": "2025-08-16T23:25:45.876879Z"}}, "EventRecordID": 1465, "Correlation": null, "Execution": {"#attributes": {"ProcessID": 720, "ThreadID": 5476}}, "Channel": "System", "Computer": "DC01.garfield.htb", "Security": null}, "EventData": {"param1": "Windows Insider Service", "param2": "stopped", "Binary": "770069007300760063002F0031000000"}}},
{"TimeGenerated": "2025-08-16T23:26:25.414182Z", "EventID": {"#attributes": {"Qualifiers": 16384}, "#text": 7036}, "Computer": "DC01.garfield.htb", "RawEvent": {"#attributes": {"xmlns": "http://schemas.microsoft.com/win/2004/08/events/event"}, "System": {"Provider": {"#attributes": {"Name": "Service Control Manager", "Guid": "{555908d1-a6d7-4695-8e1e-26931d2012f4}", "EventSourceName": "Service Control Manager"}}, "EventID": {"#attributes": {"Qualifiers": 16384}, "#text": 7036}, "Version": 0, "Level": 4, "Task": 0, "Opcode": 0, "Keywords": "0x8080000000000000", "TimeCreated": {"#attributes": {"SystemTime": "2025-08-16T23:26:25.414182Z"}}, "EventRecordID": 1466, "Correlation": null, "Execution": {"#attributes": {"ProcessID": 720, "ThreadID": 5824}}, "Channel": "System", "Computer": "DC01.garfield.htb", "Security": null}, "EventData": {"param1": "Software Protection", "param2": "running", "Binary": "7300700070007300760063002F0034000000"}}},
{"TimeGenerated": "2025-08-16T23:26:44.473046Z", "EventID": {"#attributes": {"Qualifiers": 16384}, "#text": 7040}, "Computer": "DC01.garfield.htb", "RawEvent": {"#attributes": {"xmlns": "http://schemas.microsoft.com/win/2004/08/events/event"}, "System": {"Provider": {"#attributes": {"Name": "Service Control Manager", "Guid": "{555908d1-a6d7-4695-8e1e-26931d2012f4}", "EventSourceName": "Service Control Manager"}}, "EventID": {"#attributes": {"Qualifiers": 16384}, "#text": 7040}, "Version": 0, "Level": 4, "Task": 0, "Opcode": 0, "Keywords": "0x8080000000000000", "TimeCreated": {"#attributes": {"SystemTime": "2025-08-16T23:26:44.473046Z"}}, "EventRecordID": 1467, "Correlation": null, "Execution": {"#attributes": {"ProcessID": 720, "ThreadID": 4416}}, "Channel": "System", "Computer": "DC01.garfield.htb", "Security": {"#attributes": {"UserID": "S-1-5-18"}}}, "EventData": {"param1": "Background Intelligent Transfer Service", "param2": "auto start", "param3": "demand start", "param4": "BITS"}}},
{"TimeGenerated": "2025-08-16T23:26:44.503520Z", "EventID": {"#attributes": {"Qualifiers": 16384}, "#text": 7036}, "Computer": "DC01.garfield.htb", "RawEvent": {"#attributes": {"xmlns": "http://schemas.microsoft.com/win/2004/08/events/event"}, "System": {"Provider": {"#attributes": {"Name": "Service Control Manager", "Guid": "{555908d1-a6d7-4695-8e1e-26931d2012f4}", "EventSourceName": "Service Control Manager"}}, "EventID": {"#attributes": {"Qualifiers": 16384}, "#text": 7036}, "Version": 0, "Level": 4, "Task": 0, "Opcode": 0, "Keywords": "0x8080000000000000", "TimeCreated": {"#attributes": {"SystemTime": "2025-08-16T23:26:44.503520Z"}}, "EventRecordID": 1468, "Correlation": null, "Execution": {"#attributes": {"ProcessID": 720, "ThreadID": 5476}}, "Channel": "System", "Computer": "DC01.garfield.htb", "Security": null}, "EventData": {"param1": "Background Intelligent Transfer Service", "param2": "stopped", "Binary": "42004900540053002F0031000000"}}},
{"TimeGenerated": "2025-08-16T23:27:00.586273Z", "EventID": {"#attributes": {"Qualifiers": 16384}, "#text": 7036}, "Computer": "DC01.garfield.htb", "RawEvent": {"#attributes": {"xmlns": "http://schemas.microsoft.com/win/2004/08/events/event"}, "System": {"Provider": {"#attributes": {"Name": "Service Control Manager", "Guid": "{555908d1-a6d7-4695-8e1e-26931d2012f4}", "EventSourceName": "Service Control Manager"}}, "EventID": {"#attributes": {"Qualifiers": 16384}, "#text": 7036}, "Version": 0, "Level": 4, "Task": 0, "Opcode": 0, "Keywords": "0x8080000000000000", "TimeCreated": {"#attributes": {"SystemTime": "2025-08-16T23:27:00.586273Z"}}, "EventRecordID": 1469, "Correlation": null, "Execution": {"#attributes": {"ProcessID": 720, "ThreadID": 4416}}, "Channel": "System", "Computer": "DC01.garfield.htb", "Security": null}, "EventData": {"param1": "Software Protection", "param2": "stopped", "Binary": "7300700070007300760063002F0031000000"}}},
{"TimeGenerated": "2025-08-16T23:27:07.426207Z", "EventID": {"#attributes": {"Qualifiers": 16384}, "#text": 7036}, "Computer": "DC01.garfield.htb", "RawEvent": {"#attributes": {"xmlns": "http://schemas.microsoft.com/win/2004/08/events/event"}, "System": {"Provider": {"#attributes": {"Name": "Service Control Manager", "Guid": "{555908d1-a6d7-4695-8e1e-26931d2012f4}", "EventSourceName": "Service Control Manager"}}, "EventID": {"#attributes": {"Qualifiers": 16384}, "#text": 7036}, "Version": 0, "Level": 4, "Task": 0, "Opcode": 0, "Keywords": "0x8080000000000000", "TimeCreated": {"#attributes": {"SystemTime": "2025-08-16T23:27:07.426207Z"}}, "EventRecordID": 1470, "Correlation": null, "Execution": {"#attributes": {"ProcessID": 720, "ThreadID": 4416}}, "Channel": "System", "Computer": "DC01.garfield.htb", "Security": null}, "EventData": {"param1": "Windows Modules Installer", "param2": "stopped", "Binary": "540072007500730074006500640049006E007300740061006C006C00650072002F0031000000"}}},
{"TimeGenerated": "2025-08-16T23:29:44.892083Z", "EventID": {"#attributes": {"Qualifiers": 16384}, "#text": 7036}, "Computer": "DC01.garfield.htb", "RawEvent": {"#attributes": {"xmlns": "http://schemas.microsoft.com/win/2004/08/events/event"}, "System": {"Provider": {"#attributes": {"Name": "Service Control Manager", "Guid": "{555908d1-a6d7-4695-8e1e-26931d2012f4}", "EventSourceName": "Service Control Manager"}}, "EventID": {"#attributes": {"Qualifiers": 16384}, "#text": 7036}, "Version": 0, "Level": 4, "Task": 0, "Opcode": 0, "Keywords": "0x8080000000000000", "TimeCreated": {"#attributes": {"SystemTime": "2025-08-16T23:29:44.892083Z"}}, "EventRecordID": 1471, "Correlation": null, "Execution": {"#attributes": {"ProcessID": 720, "ThreadID": 5824}}, "Channel": "System", "Computer": "DC01.garfield.htb", "Security": null}, "EventData": {"param1": "Capability Access Manager Service", "param2": "stopped", "Binary": "630061006D007300760063002F0031000000"}}},
{"TimeGenerated": "2025-08-16T23:30:46.097577Z", "EventID": {"#attributes": {"Qualifiers": 16384}, "#text": 7036}, "Computer": "DC01.garfield.htb", "RawEvent": {"#attributes": {"xmlns": "http://schemas.microsoft.com/win/2004/08/events/event"}, "System": {"Provider": {"#attributes": {"Name": "Service Control Manager", "Guid": "{555908d1-a6d7-4695-8e1e-26931d2012f4}", "EventSourceName": "Service Control Manager"}}, "EventID": {"#attributes": {"Qualifiers": 16384}, "#text": 7036}, "Version": 0, "Level": 4, "Task": 0, "Opcode": 0, "Keywords": "0x8080000000000000", "TimeCreated": {"#attributes": {"SystemTime": "2025-08-16T23:30:46.097577Z"}}, "EventRecordID": 1472, "Correlation": null, "Execution": {"#attributes": {"ProcessID": 720, "ThreadID": 7112}}, "Channel": "System", "Computer": "DC01.garfield.htb", "Security": null}, "EventData": {"param1": "Microsoft Account Sign-in Assistant", "param2": "stopped", "Binary": "77006C00690064007300760063002F0031000000"}}},
{"TimeGenerated": "2025-08-16T23:32:07.785567Z", "EventID": {"#attributes": {"Qualifiers": 16384}, "#text": 7036}, "Computer": "DC01.garfield.htb", "RawEvent": {"#attributes": {"xmlns": "http://schemas.microsoft.com/win/2004/08/events/event"}, "System": {"Provider": {"#attributes": {"Name": "Service Control Manager", "Guid": "{555908d1-a6d7-4695-8e1e-26931d2012f4}", "EventSourceName": "Service Control Manager"}}, "EventID": {"#attributes": {"Qualifiers": 16384}, "#text": 7036}, "Version": 0, "Level": 4, "Task": 0, "Opcode": 0, "Keywords": "0x8080000000000000", "TimeCreated": {"#attributes": {"SystemTime": "2025-08-16T23:32:07.785567Z"}}, "EventRecordID": 1473, "Correlation": null, "Execution": {"#attributes": {"ProcessID": 720, "ThreadID": 7112}}, "Channel": "System", "Computer": "DC01.garfield.htb", "Security": null}, "EventData": {"param1": "Network Setup Service", "param2": "running", "Binary": "4E0065007400530065007400750070005300760063002F0034000000"}}},
{"TimeGenerated": "2025-08-16T23:33:40.137337Z", "EventID": {"#attributes": {"Qualifiers": 16384}, "#text": 7036}, "Computer": "DC01.garfield.htb", "RawEvent": {"#attributes": {"xmlns": "http://schemas.microsoft.com/win/2004/08/events/event"}, "System": {"Provider": {"#attributes": {"Name": "Service Control Manager", "Guid": "{555908d1-a6d7-4695-8e1e-26931d2012f4}", "EventSourceName": "Service Control Manager"}}, "EventID": {"#attributes": {"Qualifiers": 16384}, "#text": 7036}, "Version": 0, "Level": 4, "Task": 0, "Opcode": 0, "Keywords": "0x8080000000000000", "TimeCreated": {"#attributes": {"SystemTime": "2025-08-16T23:33:40.137337Z"}}, "EventRecordID": 1474, "Correlation": null, "Execution": {"#attributes": {"ProcessID": 720, "ThreadID": 7112}}, "Channel": "System", "Computer": "DC01.garfield.htb", "Security": null}, "EventData": {"param1": "Network Setup Service", "param2": "stopped", "Binary": "4E0065007400530065007400750070005300760063002F0031000000"}}},
{"TimeGenerated": "2025-08-16T23:34:57.811636Z", "EventID": {"#attributes": {"Qualifiers": 16384}, "#text": 7036}, "Computer": "DC01.garfield.htb", "RawEvent": {"#attributes": {"xmlns": "http://schemas.microsoft.com/win/2004/08/events/event"}, "System": {"Provider": {"#attributes": {"Name": "Service Control Manager", "Guid": "{555908d1-a6d7-4695-8e1e-26931d2012f4}", "EventSourceName": "Service Control Manager"}}, "EventID": {"#attributes": {"Qualifiers": 16384}, "#text": 7036}, "Version": 0, "Level": 4, "Task": 0, "Opcode": 0, "Keywords": "0x8080000000000000", "TimeCreated": {"#attributes": {"SystemTime": "2025-08-16T23:34:57.811636Z"}}, "EventRecordID": 1475, "Correlation": null, "Execution": {"#attributes": {"ProcessID": 720, "ThreadID": 3076}}, "Channel": "System", "Computer": "DC01.garfield.htb", "Security": null}, "EventData": {"param1": "Software Protection", "param2": "running", "Binary": "7300700070007300760063002F0034000000"}}},
{"TimeGenerated": "2025-08-16T23:35:33.274120Z", "EventID": {"#attributes": {"Qualifiers": 16384}, "#text": 7036}, "Computer": "DC01.garfield.htb", "RawEvent": {"#attributes": {"xmlns": "http://schemas.microsoft.com/win/2004/08/events/event"}, "System": {"Provider": {"#attributes": {"Name": "Service Control Manager", "Guid": "{555908d1-a6d7-4695-8e1e-26931d2012f4}", "EventSourceName": "Service Control Manager"}}, "EventID": {"#attributes": {"Qualifiers": 16384}, "#text": 7036}, "Version": 0, "Level": 4, "Task": 0, "Opcode": 0, "Keywords": "0x8080000000000000", "TimeCreated": {"#attributes": {"SystemTime": "2025-08-16T23:35:33.274120Z"}}, "EventRecordID": 1476, "Correlation": null, "Execution": {"#attributes": {"ProcessID": 720, "ThreadID": 3076}}, "Channel": "System", "Computer": "DC01.garfield.htb", "Security": null}, "EventData": {"param1": "Software Protection", "param2": "stopped", "Binary": "7300700070007300760063002F0031000000"}}},
{"TimeGenerated": "2025-08-16T23:36:04.810430Z", "EventID": {"#attributes": {"Qualifiers": 16384}, "#text": 7036}, "Computer": "DC01.garfield.htb", "RawEvent": {"#attributes": {"xmlns": "http://schemas.microsoft.com/win/2004/08/events/event"}, "System": {"Provider": {"#attributes": {"Name": "Service Control Manager", "Guid": "{555908d1-a6d7-4695-8e1e-26931d2012f4}", "EventSourceName": "Service Control Manager"}}, "EventID": {"#attributes": {"Qualifiers": 16384}, "#text": 7036}, "Version": 0, "Level": 4, "Task": 0, "Opcode": 0, "Keywords": "0x8080000000000000", "TimeCreated": {"#attributes": {"SystemTime": "2025-08-16T23:36:04.810430Z"}}, "EventRecordID": 1477, "Correlation": null, "Execution": {"#attributes": {"ProcessID": 720, "ThreadID": 7112}}, "Channel": "System", "Computer": "DC01.garfield.htb", "Security": null}, "EventData": {"param1": "Software Protection", "param2": "running", "Binary": "7300700070007300760063002F0034000000"}}},
{"TimeGenerated": "2025-08-16T23:36:44.350631Z", "EventID": {"#attributes": {"Qualifiers": 16384}, "#text": 7036}, "Computer": "DC01.garfield.htb", "RawEvent": {"#attributes": {"xmlns": "http://schemas.microsoft.com/win/2004/08/events/event"}, "System": {"Provider": {"#attributes": {"Name": "Service Control Manager", "Guid": "{555908d1-a6d7-4695-8e1e-26931d2012f4}", "EventSourceName": "Service Control Manager"}}, "EventID": {"#attributes": {"Qualifiers": 16384}, "#text": 7036}, "Version": 0, "Level": 4, "Task": 0, "Opcode": 0, "Keywords": "0x8080000000000000", "TimeCreated": {"#attributes": {"SystemTime": "2025-08-16T23:36:44.350631Z"}}, "EventRecordID": 1478, "Correlation": null, "Execution": {"#attributes": {"ProcessID": 720, "ThreadID": 7000}}, "Channel": "System", "Computer": "DC01.garfield.htb", "Security": null}, "EventData": {"param1": "Diagnostic System Host", "param2": "stopped", "Binary": "570064006900530079007300740065006D0048006F00730074002F0031000000"}}},
{"TimeGenerated": "2025-08-16T23:36:44.365839Z", "EventID": {"#attributes": {"Qualifiers": 16384}, "#text": 7036}, "Computer": "DC01.garfield.htb", "RawEvent": {"#attributes": {"xmlns": "http://schemas.microsoft.com/win/2004/08/events/event"}, "System": {"Provider": {"#attributes": {"Name": "Service Control Manager", "Guid": "{555908d1-a6d7-4695-8e1e-26931d2012f4}", "EventSourceName": "Service Control Manager"}}, "EventID": {"#attributes": {"Qualifiers": 16384}, "#text": 7036}, "Version": 0, "Level": 4, "Task": 0, "Opcode": 0, "Keywords": "0x8080000000000000", "TimeCreated": {"#attributes": {"SystemTime": "2025-08-16T23:36:44.365839Z"}}, "EventRecordID": 1479, "Correlation": null, "Execution": {"#attributes": {"ProcessID": 720, "ThreadID": 7112}}, "Channel": "System", "Computer": "DC01.garfield.htb", "Security": null}, "EventData": {"param1": "Software Protection", "param2": "stopped", "Binary": "7300700070007300760063002F0031000000"}}},
{"TimeGenerated": "2025-08-16T23:37:06.538263Z", "EventID": {"#attributes": {"Qualifiers": 16384}, "#text": 7036}, "Computer": "DC01.garfield.htb", "RawEvent": {"#attributes": {"xmlns": "http://schemas.microsoft.com/win/2004/08/events/event"}, "System": {"Provider": {"#attributes": {"Name": "Service Control Manager", "Guid": "{555908d1-a6d7-4695-8e1e-26931d2012f4}", "EventSourceName": "Service Control Manager"}}, "EventID": {"#attributes": {"Qualifiers": 16384}, "#text": 7036}, "Version": 0, "Level": 4, "Task": 0, "Opcode": 0, "Keywords": "0x8080000000000000", "TimeCreated": {"#attributes": {"SystemTime": "2025-08-16T23:37:06.538263Z"}}, "EventRecordID": 1480, "Correlation": null, "Execution": {"#attributes": {"ProcessID": 720, "ThreadID": 7112}}, "Channel": "System", "Computer": "DC01.garfield.htb", "Security": null}, "EventData": {"param1": "Microsoft Passport", "param2": "running", "Binary": "4E00670063005300760063002F0034000000"}}},
{"TimeGenerated": "2025-08-16T23:37:06.600436Z", "EventID": {"#attributes": {"Qualifiers": 16384}, "#text": 7036}, "Computer": "DC01.garfield.htb", "RawEvent": {"#attributes": {"xmlns": "http://schemas.microsoft.com/win/2004/08/events/event"}, "System": {"Provider": {"#attributes": {"Name": "Service Control Manager", "Guid": "{555908d1-a6d7-4695-8e1e-26931d2012f4}", "EventSourceName": "Service Control Manager"}}, "EventID": {"#attributes": {"Qualifiers": 16384}, "#text": 7036}, "Version": 0, "Level": 4, "Task": 0, "Opcode": 0, "Keywords": "0x8080000000000000", "TimeCreated": {"#attributes": {"SystemTime": "2025-08-16T23:37:06.600436Z"}}, "EventRecordID": 1481, "Correlation": null, "Execution": {"#attributes": {"ProcessID": 720, "ThreadID": 7112}}, "Channel": "System", "Computer": "DC01.garfield.htb", "Security": null}, "EventData": {"param1": "Microsoft Passport Container", "param2": "running", "Binary": "4E0067006300430074006E0072005300760063002F0034000000"}}},
{"TimeGenerated": "2025-08-16T23:39:28.267961Z", "EventID": {"#attributes": {"Qualifiers": 16384}, "#text": 7036}, "Computer": "DC01.garfield.htb", "RawEvent": {"#attributes": {"xmlns": "http://schemas.microsoft.com/win/2004/08/events/event"}, "System": {"Provider": {"#attributes": {"Name": "Service Control Manager", "Guid": "{555908d1-a6d7-4695-8e1e-26931d2012f4}", "EventSourceName": "Service Control Manager"}}, "EventID": {"#attributes": {"Qualifiers": 16384}, "#text": 7036}, "Version": 0, "Level": 4, "Task": 0, "Opcode": 0, "Keywords": "0x8080000000000000", "TimeCreated": {"#attributes": {"SystemTime": "2025-08-16T23:39:28.267961Z"}}, "EventRecordID": 1482, "Correlation": null, "Execution": {"#attributes": {"ProcessID": 720, "ThreadID": 6244}}, "Channel": "System", "Computer": "DC01.garfield.htb", "Security": null}, "EventData": {"param1": "Software Protection", "param2": "running", "Binary": "7300700070007300760063002F0034000000"}}},
{"TimeGenerated": "2025-08-16T23:39:33.044334Z", "EventID": 43, "Computer": "DC01.garfield.htb", "RawEvent": {"#attributes": {"xmlns": "http://schemas.microsoft.com/win/2004/08/events/event"}, "System": {"Provider": {"#attributes": {"Name": "Microsoft-Windows-WindowsUpdateClient", "Guid": "945A8954-C147-4ACD-923F-40C45405A658"}}, "EventID": 43, "Version": 1, "Level": 4, "Task": 1, "Opcode": 13, "Keywords": "0x8000000000002008", "TimeCreated": {"#attributes": {"SystemTime": "2025-08-16T23:39:33.044334Z"}}, "EventRecordID": 1483, "Correlation": null, "Execution": {"#attributes": {"ProcessID": 1848, "ThreadID": 4128}}, "Channel": "System", "Computer": "DC01.garfield.htb", "Security": {"#attributes": {"UserID": "S-1-5-18"}}}, "EventData": {"updateTitle": "Security Intelligence Update for Microsoft Defender Antivirus - KB2267602 (Version 1.435.225.0) - Current Channel (Broad)", "updateGuid": "D4AFD7A4-ED00-4095-803F-EDE0AAD568B9", "updateRevisionNumber": 200}}},
{"TimeGenerated": "2025-08-16T23:39:40.920462Z", "EventID": 19, "Computer": "DC01.garfield.htb", "RawEvent": {"#attributes": {"xmlns": "http://schemas.microsoft.com/win/2004/08/events/event"}, "System": {"Provider": {"#attributes": {"Name": "Microsoft-Windows-WindowsUpdateClient", "Guid": "945A8954-C147-4ACD-923F-40C45405A658"}}, "EventID": 19, "Version": 1, "Level": 4, "Task": 1, "Opcode": 13, "Keywords": "0x8000000000000018", "TimeCreated": {"#attributes": {"SystemTime": "2025-08-16T23:39:40.920462Z"}}, "EventRecordID": 1484, "Correlation": null, "Execution": {"#attributes": {"ProcessID": 1848, "ThreadID": 4128}}, "Channel": "System", "Computer": "DC01.garfield.htb", "Security": {"#attributes": {"UserID": "S-1-5-18"}}}, "EventData": {"updateTitle": "Security Intelligence Update for Microsoft Defender Antivirus - KB2267602 (Version 1.435.225.0) - Current Channel (Broad)", "updateGuid": "D4AFD7A4-ED00-4095-803F-EDE0AAD568B9", "updateRevisionNumber": 200, "serviceGuid": "9482F4B4-E343-43B6-B170-9A65BC822C77"}}},
{"TimeGenerated": "2025-08-16T23:39:50.165104Z", "EventID": {"#attributes": {"Qualifiers": 16384}, "#text": 7036}, "Computer": "DC01.garfield.htb", "RawEvent": {"#attributes": {"xmlns": "http://schemas.microsoft.com/win/2004/08/events/event"}, "System": {"Provider": {"#attributes": {"Name": "Service Control Manager", "Guid": "{555908d1-a6d7-4695-8e1e-26931d2012f4}", "EventSourceName": "Service Control Manager"}}, "EventID": {"#attributes": {"Qualifiers": 16384}, "#text": 7036}, "Version": 0, "Level": 4, "Task": 0, "Opcode": 0, "Keywords": "0x8080000000000000", "TimeCreated": {"#attributes": {"SystemTime": "2025-08-16T23:39:50.165104Z"}}, "EventRecordID": 1485, "Correlation": null, "Execution": {"#attributes": {"ProcessID": 720, "ThreadID": 7112}}, "Channel": "System", "Computer": "DC01.garfield.htb", "Security": null}, "EventData": {"param1": "Device Setup Manager", "param2": "running", "Binary": "440073006D005300760063002F0034000000"}}},
{"TimeGenerated": "2025-08-16T23:39:58.415631Z", "EventID": {"#attributes": {"Qualifiers": 16384}, "#text": 7036}, "Computer": "DC01.garfield.htb", "RawEvent": {"#attributes": {"xmlns": "http://schemas.microsoft.com/win/2004/08/events/event"}, "System": {"Provider": {"#attributes": {"Name": "Service Control Manager", "Guid": "{555908d1-a6d7-4695-8e1e-26931d2012f4}", "EventSourceName": "Service Control Manager"}}, "EventID": {"#attributes": {"Qualifiers": 16384}, "#text": 7036}, "Version": 0, "Level": 4, "Task": 0, "Opcode": 0, "Keywords": "0x8080000000000000", "TimeCreated": {"#attributes": {"SystemTime": "2025-08-16T23:39:58.415631Z"}}, "EventRecordID": 1486, "Correlation": null, "Execution": {"#attributes": {"ProcessID": 720, "ThreadID": 6244}}, "Channel": "System", "Computer": "DC01.garfield.htb", "Security": null}, "EventData": {"param1": "Software Protection", "param2": "stopped", "Binary": "7300700070007300760063002F0031000000"}}},
{"TimeGenerated": "2025-08-16T23:40:01.297110Z", "EventID": 233, "Computer": "DC01.garfield.htb", "RawEvent": {"#attributes": {"xmlns": "http://schemas.microsoft.com/win/2004/08/events/event"}, "System": {"Provider": {"#attributes": {"Name": "Microsoft-Windows-Hyper-V-VmSwitch", "Guid": "67DC0D66-3695-47C0-9642-33F76F7BD7AD"}}, "EventID": 233, "Version": 0, "Level": 4, "Task": 0, "Opcode": 0, "Keywords": "0x8000000000000080", "TimeCreated": {"#attributes": {"SystemTime": "2025-08-16T23:40:01.297110Z"}}, "EventRecordID": 1487, "Correlation": null, "Execution": {"#attributes": {"ProcessID": 4724, "ThreadID": 600}}, "Channel": "System", "Computer": "DC01.garfield.htb", "Security": null}, "EventData": {"NicNameLen": 74, "NicName": "19B5E087-0062-4BC5-8103-68A2AD7ABE3E--40A60ED9-AD4A-4F28-B29B-E9B2461FDC3C", "NicFNameLen": 1, "NicFName": "", "Operation": 7}}},
{"TimeGenerated": "2025-08-16T23:40:01.298298Z", "EventID": 232, "Computer": "DC01.garfield.htb", "RawEvent": {"#attributes": {"xmlns": "http://schemas.microsoft.com/win/2004/08/events/event"}, "System": {"Provider": {"#attributes": {"Name": "Microsoft-Windows-Hyper-V-VmSwitch", "Guid": "67DC0D66-3695-47C0-9642-33F76F7BD7AD"}}, "EventID": 232, "Version": 0, "Level": 4, "Task": 0, "Opcode": 0, "Keywords": "0x8000000000000080", "TimeCreated": {"#attributes": {"SystemTime": "2025-08-16T23:40:01.298298Z"}}, "EventRecordID": 1488, "Correlation": null, "Execution": {"#attributes": {"ProcessID": 4724, "ThreadID": 600}}, "Channel": "System", "Computer": "DC01.garfield.htb", "Security": {"#attributes": {"UserID": "S-1-5-83-1-431349895-1271201890-2724725633-1052670637"}}}, "EventData": {"NicNameLen": 74, "NicName": "19B5E087-0062-4BC5-8103-68A2AD7ABE3E--40A60ED9-AD4A-4F28-B29B-E9B2461FDC3C", "NicFNameLen": 15, "NicFName": "Network Adapter", "PortNameLen": 36, "PortName": "9FF8363B-8636-4523-80A3-FEBAE2C6461F", "PortFNameLen": 28, "PortFName": "Dynamic Ethernet Switch Port", "SwitchNameLen": 36, "SwitchName": "0534BEE7-2099-4A5F-AF55-C35AAC398520", "SwitchFNameLen": 8, "SwitchFName": "Switch01"}}},
{"TimeGenerated": "2025-08-16T23:40:16.866859Z", "EventID": 234, "Computer": "DC01.garfield.htb", "RawEvent": {"#attributes": {"xmlns": "http://schemas.microsoft.com/win/2004/08/events/event"}, "System": {"Provider": {"#attributes": {"Name": "Microsoft-Windows-Hyper-V-VmSwitch", "Guid": "67DC0D66-3695-47C0-9642-33F76F7BD7AD"}}, "EventID": 234, "Version": 0, "Level": 4, "Task": 0, "Opcode": 0, "Keywords": "0x8000000000000080", "TimeCreated": {"#attributes": {"SystemTime": "2025-08-16T23:40:16.866859Z"}}, "EventRecordID": 1489, "Correlation": null, "Execution": {"#attributes": {"ProcessID": 4724, "ThreadID": 3648}}, "Channel": "System", "Computer": "DC01.garfield.htb", "Security": {"#attributes": {"UserID": "S-1-5-83-1-431349895-1271201890-2724725633-1052670637"}}}, "EventData": {"NicNameLen": 74, "NicName": "19B5E087-0062-4BC5-8103-68A2AD7ABE3E--40A60ED9-AD4A-4F28-B29B-E9B2461FDC3C", "PortNameLen": 1, "PortName": ""}}},
{"TimeGenerated": "2025-08-16T23:40:16.867083Z", "EventID": 233, "Computer": "DC01.garfield.htb", "RawEvent": {"#attributes": {"xmlns": "http://schemas.microsoft.com/win/2004/08/events/event"}, "System": {"Provider": {"#attributes": {"Name": "Microsoft-Windows-Hyper-V-VmSwitch", "Guid": "67DC0D66-3695-47C0-9642-33F76F7BD7AD"}}, "EventID": 233, "Version": 0, "Level": 4, "Task": 0, "Opcode": 0, "Keywords": "0x8000000000000080", "TimeCreated": {"#attributes": {"SystemTime": "2025-08-16T23:40:16.867083Z"}}, "EventRecordID": 1490, "Correlation": null, "Execution": {"#attributes": {"ProcessID": 4724, "ThreadID": 3648}}, "Channel": "System", "Computer": "DC01.garfield.htb", "Security": {"#attributes": {"UserID": "S-1-5-83-1-431349895-1271201890-2724725633-1052670637"}}}, "EventData": {"NicNameLen": 74, "NicName": "19B5E087-0062-4BC5-8103-68A2AD7ABE3E--40A60ED9-AD4A-4F28-B29B-E9B2461FDC3C", "NicFNameLen": 15, "NicFName": "Network Adapter", "Operation": 8}}},
{"TimeGenerated": "2025-08-16T23:40:31.268228Z", "EventID": 233, "Computer": "DC01.garfield.htb", "RawEvent": {"#attributes": {"xmlns": "http://schemas.microsoft.com/win/2004/08/events/event"}, "System": {"Provider": {"#attributes": {"Name": "Microsoft-Windows-Hyper-V-VmSwitch", "Guid": "67DC0D66-3695-47C0-9642-33F76F7BD7AD"}}, "EventID": 233, "Version": 0, "Level": 4, "Task": 0, "Opcode": 0, "Keywords": "0x8000000000000080", "TimeCreated": {"#attributes": {"SystemTime": "2025-08-16T23:40:31.268228Z"}}, "EventRecordID": 1491, "Correlation": null, "Execution": {"#attributes": {"ProcessID": 5560, "ThreadID": 6564}}, "Channel": "System", "Computer": "DC01.garfield.htb", "Security": null}, "EventData": {"NicNameLen": 74, "NicName": "19B5E087-0062-4BC5-8103-68A2AD7ABE3E--40A60ED9-AD4A-4F28-B29B-E9B2461FDC3C", "NicFNameLen": 1, "NicFName": "", "Operation": 7}}},
{"TimeGenerated": "2025-08-16T23:40:31.269367Z", "EventID": 232, "Computer": "DC01.garfield.htb", "RawEvent": {"#attributes": {"xmlns": "http://schemas.microsoft.com/win/2004/08/events/event"}, "System": {"Provider": {"#attributes": {"Name": "Microsoft-Windows-Hyper-V-VmSwitch", "Guid": "67DC0D66-3695-47C0-9642-33F76F7BD7AD"}}, "EventID": 232, "Version": 0, "Level": 4, "Task": 0, "Opcode": 0, "Keywords": "0x8000000000000080", "TimeCreated": {"#attributes": {"SystemTime": "2025-08-16T23:40:31.269367Z"}}, "EventRecordID": 1492, "Correlation": null, "Execution": {"#attributes": {"ProcessID": 5560, "ThreadID": 6564}}, "Channel": "System", "Computer": "DC01.garfield.htb", "Security": {"#attributes": {"UserID": "S-1-5-83-1-431349895-1271201890-2724725633-1052670637"}}}, "EventData": {"NicNameLen": 74, "NicName": "19B5E087-0062-4BC5-8103-68A2AD7ABE3E--40A60ED9-AD4A-4F28-B29B-E9B2461FDC3C", "NicFNameLen": 15, "NicFName": "Network Adapter", "PortNameLen": 36, "PortName": "9FF8363B-8636-4523-80A3-FEBAE2C6461F", "PortFNameLen": 28, "PortFName": "Dynamic Ethernet Switch Port", "SwitchNameLen": 36, "SwitchName": "0534BEE7-2099-4A5F-AF55-C35AAC398520", "SwitchFNameLen": 8, "SwitchFName": "Switch01"}}},
{"TimeGenerated": "2025-08-16T23:40:36.167982Z", "EventID": {"#attributes": {"Qualifiers": 16384}, "#text": 7036}, "Computer": "DC01.garfield.htb", "RawEvent": {"#attributes": {"xmlns": "http://schemas.microsoft.com/win/2004/08/events/event"}, "System": {"Provider": {"#attributes": {"Name": "Service Control Manager", "Guid": "{555908d1-a6d7-4695-8e1e-26931d2012f4}", "EventSourceName": "Service Control Manager"}}, "EventID": {"#attributes": {"Qualifiers": 16384}, "#text": 7036}, "Version": 0, "Level": 4, "Task": 0, "Opcode": 0, "Keywords": "0x8080000000000000", "TimeCreated": {"#attributes": {"SystemTime": "2025-08-16T23:40:36.167982Z"}}, "EventRecordID": 1493, "Correlation": null, "Execution": {"#attributes": {"ProcessID": 720, "ThreadID": 7112}}, "Channel": "System", "Computer": "DC01.garfield.htb", "Security": null}, "EventData": {"param1": "Device Setup Manager", "param2": "stopped", "Binary": "440073006D005300760063002F0031000000"}}},
{"TimeGenerated": "2025-08-16T23:40:38.141247Z", "EventID": {"#attributes": {"Qualifiers": 16384}, "#text": 7036}, "Computer": "DC01.garfield.htb", "RawEvent": {"#attributes": {"xmlns": "http://schemas.microsoft.com/win/2004/08/events/event"}, "System": {"Provider": {"#attributes": {"Name": "Service Control Manager", "Guid": "{555908d1-a6d7-4695-8e1e-26931d2012f4}", "EventSourceName": "Service Control Manager"}}, "EventID": {"#attributes": {"Qualifiers": 16384}, "#text": 7036}, "Version": 0, "Level": 4, "Task": 0, "Opcode": 0, "Keywords": "0x8080000000000000", "TimeCreated": {"#attributes": {"SystemTime": "2025-08-16T23:40:38.141247Z"}}, "EventRecordID": 1494, "Correlation": null, "Execution": {"#attributes": {"ProcessID": 720, "ThreadID": 6244}}, "Channel": "System", "Computer": "DC01.garfield.htb", "Security": null}, "EventData": {"param1": "Microsoft Passport", "param2": "stopped", "Binary": "4E00670063005300760063002F0031000000"}}},
{"TimeGenerated": "2025-08-16T23:40:49.215267Z", "EventID": 102, "Computer": "DC01.garfield.htb", "RawEvent": {"#attributes": {"xmlns": "http://schemas.microsoft.com/win/2004/08/events/event"}, "System": {"Provider": {"#attributes": {"Name": "Microsoft-Windows-Hyper-V-VmSwitch", "Guid": "67DC0D66-3695-47C0-9642-33F76F7BD7AD"}}, "EventID": 102, "Version": 0, "Level": 4, "Task": 1019, "Opcode": 0, "Keywords": "0x8000000000000080", "TimeCreated": {"#attributes": {"SystemTime": "2025-08-16T23:40:49.215267Z"}}, "EventRecordID": 1495, "Correlation": null, "Execution": {"#attributes": {"ProcessID": 4, "ThreadID": 300}}, "Channel": "System", "Computer": "DC01.garfield.htb", "Security": {"#attributes": {"UserID": "S-1-5-18"}}}, "EventData": {"VMNameLen": 6, "VMName": "RODC01", "VMIdLen": 36, "VMId": "19B5E087-0062-4BC5-8103-68A2AD7ABE3E"}}},
{"TimeGenerated": "2025-08-16T23:41:45.456479Z", "EventID": {"#attributes": {"Qualifiers": 16384}, "#text": 7036}, "Computer": "DC01.garfield.htb", "RawEvent": {"#attributes": {"xmlns": "http://schemas.microsoft.com/win/2004/08/events/event"}, "System": {"Provider": {"#attributes": {"Name": "Service Control Manager", "Guid": "{555908d1-a6d7-4695-8e1e-26931d2012f4}", "EventSourceName": "Service Control Manager"}}, "EventID": {"#attributes": {"Qualifiers": 16384}, "#text": 7036}, "Version": 0, "Level": 4, "Task": 0, "Opcode": 0, "Keywords": "0x8080000000000000", "TimeCreated": {"#attributes": {"SystemTime": "2025-08-16T23:41:45.456479Z"}}, "EventRecordID": 1496, "Correlation": null, "Execution": {"#attributes": {"ProcessID": 720, "ThreadID": 7000}}, "Channel": "System", "Computer": "DC01.garfield.htb", "Security": null}, "EventData": {"param1": "Diagnostic System Host", "param2": "running", "Binary": "570064006900530079007300740065006D0048006F00730074002F0034000000"}}},
{"TimeGenerated": "2025-08-16T23:41:51.006936Z", "EventID": {"#attributes": {"Qualifiers": 16384}, "#text": 7036}, "Computer": "DC01.garfield.htb", "RawEvent": {"#attributes": {"xmlns": "http://schemas.microsoft.com/win/2004/08/events/event"}, "System": {"Provider": {"#attributes": {"Name": "Service Control Manager", "Guid": "{555908d1-a6d7-4695-8e1e-26931d2012f4}", "EventSourceName": "Service Control Manager"}}, "EventID": {"#attributes": {"Qualifiers": 16384}, "#text": 7036}, "Version": 0, "Level": 4, "Task": 0, "Opcode": 0, "Keywords": "0x8080000000000000", "TimeCreated": {"#attributes": {"SystemTime": "2025-08-16T23:41:51.006936Z"}}, "EventRecordID": 1497, "Correlation": null, "Execution": {"#attributes": {"ProcessID": 720, "ThreadID": 7000}}, "Channel": "System", "Computer": "DC01.garfield.htb", "Security": null}, "EventData": {"param1": "Network Setup Service", "param2": "running", "Binary": "4E0065007400530065007400750070005300760063002F0034000000"}}},
{"TimeGenerated": "2025-08-16T23:43:07.512622Z", "EventID": {"#attributes": {"Qualifiers": 16384}, "#text": 7036}, "Computer": "DC01.garfield.htb", "RawEvent": {"#attributes": {"xmlns": "http://schemas.microsoft.com/win/2004/08/events/event"}, "System": {"Provider": {"#attributes": {"Name": "Service Control Manager", "Guid": "{555908d1-a6d7-4695-8e1e-26931d2012f4}", "EventSourceName": "Service Control Manager"}}, "EventID": {"#attributes": {"Qualifiers": 16384}, "#text": 7036}, "Version": 0, "Level": 4, "Task": 0, "Opcode": 0, "Keywords": "0x8080000000000000", "TimeCreated": {"#attributes": {"SystemTime": "2025-08-16T23:43:07.512622Z"}}, "EventRecordID": 1498, "Correlation": null, "Execution": {"#attributes": {"ProcessID": 720, "ThreadID": 7112}}, "Channel": "System", "Computer": "DC01.garfield.htb", "Security": null}, "EventData": {"param1": "Network Setup Service", "param2": "stopped", "Binary": "4E0065007400530065007400750070005300760063002F0031000000"}}},
{"TimeGenerated": "2025-08-16T23:44:54.568330Z", "EventID": 234, "Computer": "DC01.garfield.htb", "RawEvent": {"#attributes": {"xmlns": "http://schemas.microsoft.com/win/2004/08/events/event"}, "System": {"Provider": {"#attributes": {"Name": "Microsoft-Windows-Hyper-V-VmSwitch", "Guid": "67DC0D66-3695-47C0-9642-33F76F7BD7AD"}}, "EventID": 234, "Version": 0, "Level": 4, "Task": 0, "Opcode": 0, "Keywords": "0x8000000000000080", "TimeCreated": {"#attributes": {"SystemTime": "2025-08-16T23:44:54.568330Z"}}, "EventRecordID": 1499, "Correlation": null, "Execution": {"#attributes": {"ProcessID": 5560, "ThreadID": 6564}}, "Channel": "System", "Computer": "DC01.garfield.htb", "Security": {"#attributes": {"UserID": "S-1-5-83-1-431349895-1271201890-2724725633-1052670637"}}}, "EventData": {"NicNameLen": 74, "NicName": "19B5E087-0062-4BC5-8103-68A2AD7ABE3E--40A60ED9-AD4A-4F28-B29B-E9B2461FDC3C", "PortNameLen": 1, "PortName": ""}}},
{"TimeGenerated": "2025-08-16T23:44:54.568783Z", "EventID": 233, "Computer": "DC01.garfield.htb", "RawEvent": {"#attributes": {"xmlns": "http://schemas.microsoft.com/win/2004/08/events/event"}, "System": {"Provider": {"#attributes": {"Name": "Microsoft-Windows-Hyper-V-VmSwitch", "Guid": "67DC0D66-3695-47C0-9642-33F76F7BD7AD"}}, "EventID": 233, "Version": 0, "Level": 4, "Task": 0, "Opcode": 0, "Keywords": "0x8000000000000080", "TimeCreated": {"#attributes": {"SystemTime": "2025-08-16T23:44:54.568783Z"}}, "EventRecordID": 1500, "Correlation": null, "Execution": {"#attributes": {"ProcessID": 5560, "ThreadID": 6564}}, "Channel": "System", "Computer": "DC01.garfield.htb", "Security": {"#attributes": {"UserID": "S-1-5-83-1-431349895-1271201890-2724725633-1052670637"}}}, "EventData": {"NicNameLen": 74, "NicName": "19B5E087-0062-4BC5-8103-68A2AD7ABE3E--40A60ED9-AD4A-4F28-B29B-E9B2461FDC3C", "NicFNameLen": 15, "NicFName": "Network Adapter", "Operation": 8}}},
{"TimeGenerated": "2025-08-16T23:44:54.599196Z", "EventID": 233, "Computer": "DC01.garfield.htb", "RawEvent": {"#attributes": {"xmlns": "http://schemas.microsoft.com/win/2004/08/events/event"}, "System": {"Provider": {"#attributes": {"Name": "Microsoft-Windows-Hyper-V-VmSwitch", "Guid": "67DC0D66-3695-47C0-9642-33F76F7BD7AD"}}, "EventID": 233, "Version": 0, "Level": 4, "Task": 0, "Opcode": 0, "Keywords": "0x8000000000000080", "TimeCreated": {"#attributes": {"SystemTime": "2025-08-16T23:44:54.599196Z"}}, "EventRecordID": 1501, "Correlation": null, "Execution": {"#attributes": {"ProcessID": 5560, "ThreadID": 6564}}, "Channel": "System", "Computer": "DC01.garfield.htb", "Security": null}, "EventData": {"NicNameLen": 74, "NicName": "19B5E087-0062-4BC5-8103-68A2AD7ABE3E--40A60ED9-AD4A-4F28-B29B-E9B2461FDC3C", "NicFNameLen": 1, "NicFName": "", "Operation": 7}}},
{"TimeGenerated": "2025-08-16T23:44:54.600255Z", "EventID": 232, "Computer": "DC01.garfield.htb", "RawEvent": {"#attributes": {"xmlns": "http://schemas.microsoft.com/win/2004/08/events/event"}, "System": {"Provider": {"#attributes": {"Name": "Microsoft-Windows-Hyper-V-VmSwitch", "Guid": "67DC0D66-3695-47C0-9642-33F76F7BD7AD"}}, "EventID": 232, "Version": 0, "Level": 4, "Task": 0, "Opcode": 0, "Keywords": "0x8000000000000080", "TimeCreated": {"#attributes": {"SystemTime": "2025-08-16T23:44:54.600255Z"}}, "EventRecordID": 1502, "Correlation": null, "Execution": {"#attributes": {"ProcessID": 5560, "ThreadID": 6564}}, "Channel": "System", "Computer": "DC01.garfield.htb", "Security": {"#attributes": {"UserID": "S-1-5-83-1-431349895-1271201890-2724725633-1052670637"}}}, "EventData": {"NicNameLen": 74, "NicName": "19B5E087-0062-4BC5-8103-68A2AD7ABE3E--40A60ED9-AD4A-4F28-B29B-E9B2461FDC3C", "NicFNameLen": 15, "NicFName": "Network Adapter", "PortNameLen": 36, "PortName": "9FF8363B-8636-4523-80A3-FEBAE2C6461F", "PortFNameLen": 28, "PortFName": "Dynamic Ethernet Switch Port", "SwitchNameLen": 36, "SwitchName": "0534BEE7-2099-4A5F-AF55-C35AAC398520", "SwitchFNameLen": 8, "SwitchFName": "Switch01"}}},
{"TimeGenerated": "2025-08-16T23:45:03.708741Z", "EventID": {"#attributes": {"Qualifiers": 16384}, "#text": 7036}, "Computer": "DC01.garfield.htb", "RawEvent": {"#attributes": {"xmlns": "http://schemas.microsoft.com/win/2004/08/events/event"}, "System": {"Provider": {"#attributes": {"Name": "Service Control Manager", "Guid": "{555908d1-a6d7-4695-8e1e-26931d2012f4}", "EventSourceName": "Service Control Manager"}}, "EventID": {"#attributes": {"Qualifiers": 16384}, "#text": 7036}, "Version": 0, "Level": 4, "Task": 0, "Opcode": 0, "Keywords": "0x8080000000000000", "TimeCreated": {"#attributes": {"SystemTime": "2025-08-16T23:45:03.708741Z"}}, "EventRecordID": 1503, "Correlation": null, "Execution": {"#attributes": {"ProcessID": 720, "ThreadID": 6668}}, "Channel": "System", "Computer": "DC01.garfield.htb", "Security": null}, "EventData": {"param1": "Delivery Optimization", "param2": "stopped", "Binary": "44006F005300760063002F0031000000"}}},
{"TimeGenerated": "2025-08-16T23:45:15.367668Z", "EventID": 102, "Computer": "DC01.garfield.htb", "RawEvent": {"#attributes": {"xmlns": "http://schemas.microsoft.com/win/2004/08/events/event"}, "System": {"Provider": {"#attributes": {"Name": "Microsoft-Windows-Hyper-V-VmSwitch", "Guid": "67DC0D66-3695-47C0-9642-33F76F7BD7AD"}}, "EventID": 102, "Version": 0, "Level": 4, "Task": 1019, "Opcode": 0, "Keywords": "0x8000000000000080", "TimeCreated": {"#attributes": {"SystemTime": "2025-08-16T23:45:15.367668Z"}}, "EventRecordID": 1504, "Correlation": null, "Execution": {"#attributes": {"ProcessID": 4, "ThreadID": 300}}, "Channel": "System", "Computer": "DC01.garfield.htb", "Security": {"#attributes": {"UserID": "S-1-5-18"}}}, "EventData": {"VMNameLen": 6, "VMName": "RODC01", "VMIdLen": 36, "VMId": "19B5E087-0062-4BC5-8103-68A2AD7ABE3E"}}},
{"TimeGenerated": "2025-08-16T23:45:36.798307Z", "EventID": 234, "Computer": "DC01.garfield.htb", "RawEvent": {"#attributes": {"xmlns": "http://schemas.microsoft.com/win/2004/08/events/event"}, "System": {"Provider": {"#attributes": {"Name": "Microsoft-Windows-Hyper-V-VmSwitch", "Guid": "67DC0D66-3695-47C0-9642-33F76F7BD7AD"}}, "EventID": 234, "Version": 0, "Level": 4, "Task": 0, "Opcode": 0, "Keywords": "0x8000000000000080", "TimeCreated": {"#attributes": {"SystemTime": "2025-08-16T23:45:36.798307Z"}}, "EventRecordID": 1505, "Correlation": null, "Execution": {"#attributes": {"ProcessID": 5560, "ThreadID": 4908}}, "Channel": "System", "Computer": "DC01.garfield.htb", "Security": {"#attributes": {"UserID": "S-1-5-83-1-431349895-1271201890-2724725633-1052670637"}}}, "EventData": {"NicNameLen": 74, "NicName": "19B5E087-0062-4BC5-8103-68A2AD7ABE3E--40A60ED9-AD4A-4F28-B29B-E9B2461FDC3C", "PortNameLen": 1, "PortName": ""}}},
{"TimeGenerated": "2025-08-16T23:45:36.798940Z", "EventID": 233, "Computer": "DC01.garfield.htb", "RawEvent": {"#attributes": {"xmlns": "http://schemas.microsoft.com/win/2004/08/events/event"}, "System": {"Provider": {"#attributes": {"Name": "Microsoft-Windows-Hyper-V-VmSwitch", "Guid": "67DC0D66-3695-47C0-9642-33F76F7BD7AD"}}, "EventID": 233, "Version": 0, "Level": 4, "Task": 0, "Opcode": 0, "Keywords": "0x8000000000000080", "TimeCreated": {"#attributes": {"SystemTime": "2025-08-16T23:45:36.798940Z"}}, "EventRecordID": 1506, "Correlation": null, "Execution": {"#attributes": {"ProcessID": 5560, "ThreadID": 4908}}, "Channel": "System", "Computer": "DC01.garfield.htb", "Security": {"#attributes": {"UserID": "S-1-5-83-1-431349895-1271201890-2724725633-1052670637"}}}, "EventData": {"NicNameLen": 74, "NicName": "19B5E087-0062-4BC5-8103-68A2AD7ABE3E--40A60ED9-AD4A-4F28-B29B-E9B2461FDC3C", "NicFNameLen": 15, "NicFName": "Network Adapter", "Operation": 8}}},
