{"TimeGenerated": "2026-01-27T21:39:56.023090Z", "EventID": {"#attributes": {"Qualifiers": 0}, "#text": 105}, "Computer": "DC01.garfield.htb", "RawEvent": {"#attributes": {"xmlns": "http://schemas.microsoft.com/win/2004/08/events/event"}, "System": {"Provider": {"#attributes": {"Name": "ESENT"}}, "EventID": {"#attributes": {"Qualifiers": 0}, "#text": 105}, "Level": 4, "Task": 1, "Keywords": "0x80000000000000", "TimeCreated": {"#attributes": {"SystemTime": "2026-01-27T21:39:56.023090Z"}}, "EventRecordID": 1739, "Channel": "Application", "Computer": "DC01.garfield.htb", "Security": null}, "EventData": {"Data": {"#text": ["DFSRs", "3296,D,0", "\\\\.\\C:\\System Volume Information\\DFSR\\database_A41A_4703_1A46_D1CA\\dfsr.db: ", "0", "0", "\n[1] 0.006637 +J(0) +M(C:0K, Fs:307, WS:1188K # 1188K, PF:6604K # 6596K, P:6604K)\n[2] 0.000390 +J(0) +M(C:16K, Fs:99, WS:388K # 388K, PF:320K # 320K, P:320K)\n[3] 0.000025 +J(0) +M(C:0K, Fs:5, WS:16K # 16K, PF:68K # 68K, P:68K)\n[4] 0.000288 +J(0) +M(C:2032K, Fs:38, WS:148K # 148K, PF:2432K # 2432K, P:2432K)\n[5] 0.001098 +J(0) +M(C:0K, Fs:9, WS:36K # 36K, PF:24K # 24K, P:24K)\n[6] 0.001584 +J(0) +M(C:0K, Fs:10, WS:40K # 40K, PF:12K # 12K, P:12K)\n[7] -\n[8] -\n[9] -\n[10] -\n[11] -\n[12] -\n[13] 0.067585 -0.049758 (36) WT +J(CM:0, PgRf:0, Rd:0/0, Dy:0/0, Lg:616/1) +M(C:0K, Fs:1424, WS:492K # 5592K, PF:-8K # 5120K, P:-8K)\n[14] 0.000025 +J(0) +M(C:0K, Fs:1, WS:4K # 0K, PF:0K # 0K, P:0K)\n[15] 0.000119 +J(0) +M(C:0K, Fs:65, WS:256K # 0K, PF:68K # 0K, P:68K)\n[16] 0.017552 -0.000315 (3) WT +J(0) +M(C:0K, Fs:5, WS:12K # 0K, PF:0K # 0K, P:0K).", ""]}, "Binary": null}}},
{"TimeGenerated": "2026-01-27T21:39:56.038697Z", "EventID": {"#attributes": {"Qualifiers": 0}, "#text": 637}, "Computer": "DC01.garfield.htb", "RawEvent": {"#attributes": {"xmlns": "http://schemas.microsoft.com/win/2004/08/events/event"}, "System": {"Provider": {"#attributes": {"Name": "ESENT"}}, "EventID": {"#attributes": {"Qualifiers": 0}, "#text": 637}, "Level": 4, "Task": 1, "Keywords": "0x80000000000000", "TimeCreated": {"#attributes": {"SystemTime": "2026-01-27T21:39:56.038697Z"}}, "EventRecordID": 1740, "Channel": "Application", "Computer": "DC01.garfield.htb", "Security": null}, "EventData": {"Data": {"#text": ["DFSRs", "3296,D,35", "\\\\.\\C:\\System Volume Information\\DFSR\\database_A41A_4703_1A46_D1CA\\dfsr.db: ", "\\\\.\\C:\\System Volume Information\\DFSR\\database_A41A_4703_1A46_D1CA\\dfsr.jfm"]}, "Binary": null}}},
{"TimeGenerated": "2026-01-27T21:39:56.085510Z", "EventID": {"#attributes": {"Qualifiers": 0}, "#text": 325}, "Computer": "DC01.garfield.htb", "RawEvent": {"#attributes": {"xmlns": "http://schemas.microsoft.com/win/2004/08/events/event"}, "System": {"Provider": {"#attributes": {"Name": "ESENT"}}, "EventID": {"#attributes": {"Qualifiers": 0}, "#text": 325}, "Level": 4, "Task": 1, "Keywords": "0x80000000000000", "TimeCreated": {"#attributes": {"SystemTime": "2026-01-27T21:39:56.085510Z"}}, "EventRecordID": 1741, "Channel": "Application", "Computer": "DC01.garfield.htb", "Security": null}, "EventData": {"Data": {"#text": ["DFSRs", "3296,D,35", "\\\\.\\C:\\System Volume Information\\DFSR\\database_A41A_4703_1A46_D1CA\\dfsr.db: ", "1", "\\\\.\\C:\\System Volume Information\\DFSR\\database_A41A_4703_1A46_D1CA\\dfsr.db", "0", "\n[1] 0.000131 +J(0) +M(C:0K, Fs:3, WS:12K # 0K, PF:8K # 0K, P:8K)\n[2] 0.004013 -0.001992 (1) WT +J(CM:0, PgRf:0, Rd:0/0, Dy:0/0, Lg:3480/2) +M(C:0K, Fs:1, WS:4K # 0K, PF:0K # 0K, P:0K)\n[3] 0.012818 -0.000003 (3) WT +J(0) +M(C:0K, Fs:18, WS:64K # 0K, PF:40K # 0K, P:40K)\n[4] 0.000340 +J(0)\n[5] 0.000179 +J(CM:0, PgRf:3, Rd:0/0, Dy:3/6, Lg:122/4) +M(C:0K, Fs:35, WS:140K # 0K, PF:148K # 0K, P:148K)\n[6] 0.009606 -0.003960 (1) WT +J(CM:0, PgRf:209, Rd:0/0, Dy:12/408, Lg:24454/447) +M(C:0K, Fs:63, WS:252K # 0K, PF:220K # 0K, P:220K)\n[7] 0.001475 -0.000934 (1) WT +J(CM:0, PgRf:0, Rd:0/0, Dy:0/0, Lg:4096/2) +M(C:0K, Fs:1, WS:4K # 0K, PF:0K # 0K, P:0K)\n[8] 0.000006 +J(0)\n[9] 0.017674 -0.012940 (3) WT +J(0) +M(C:-52K, Fs:25, WS:28K # 0K, PF:72K # 0K, P:72K)\n[10] 0.006474 -0.003149 (5) WT +J(CM:0, PgRf:346, Rd:0/0, Dy:7/93, Lg:12509/128) +M(C:12K, Fs:33, WS:124K # 0K, PF:96K # 0K, P:96K)\n[11] 0.000003 +J(0).", "0 0", "lgposCreate = 00000001:0001:0268"]}, "Binary": null}}},
{"TimeGenerated": "2026-01-27T21:41:51.144600Z", "EventID": {"#attributes": {"Qualifiers": 16384}, "#text": 9027}, "Computer": "DC01.garfield.htb", "RawEvent": {"#attributes": {"xmlns": "http://schemas.microsoft.com/win/2004/08/events/event"}, "System": {"Provider": {"#attributes": {"Name": "Desktop Window Manager"}}, "EventID": {"#attributes": {"Qualifiers": 16384}, "#text": 9027}, "Level": 4, "Task": 0, "Keywords": "0x80000000000000", "TimeCreated": {"#attributes": {"SystemTime": "2026-01-27T21:41:51.144600Z"}}, "EventRecordID": 1742, "Channel": "Application", "Computer": "DC01.garfield.htb", "Security": null}, "EventData": {"Data": {"#text": ""}, "Binary": null}}},
{"TimeGenerated": "2026-01-27T21:41:52.691540Z", "EventID": {"#attributes": {"Qualifiers": 16384}, "#text": 8230}, "Computer": "DC01.garfield.htb", "RawEvent": {"#attributes": {"xmlns": "http://schemas.microsoft.com/win/2004/08/events/event"}, "System": {"Provider": {"#attributes": {"Name": "Microsoft-Windows-Security-SPP", "Guid": "{E23B33B0-C8C9-472C-A5F9-F2BDFEA0F156}", "EventSourceName": "Software Protection Platform Service"}}, "EventID": {"#attributes": {"Qualifiers": 16384}, "#text": 8230}, "Version": 0, "Level": 4, "Task": 0, "Opcode": 0, "Keywords": "0x80000000000000", "TimeCreated": {"#attributes": {"SystemTime": "2026-01-27T21:41:52.691540Z"}}, "EventRecordID": 1743, "Correlation": null, "Execution": {"#attributes": {"ProcessID": 0, "ThreadID": 0}}, "Channel": "Application", "Computer": "DC01.garfield.htb", "Security": null}, "EventData": {"Data": {"#text": "Security-SPP-Action-StateData (REG_SZ) =AppId=55c92734-d682-4d71-983e-d6ec3f16059f;GraceEndDate=2026/02/09:10:54:52;LastConsumptionReason=0x4004fc04;LastNotificationId=TBLExpiring;LicenseState=SL_LICENSING_STATUS_LICENSED;PartialProductKey=Y7XRX;ProductKeyType=Retail:TB:Eval;SkuId=7783a126-c108-4cf7-b59f-13c78c7a7337;ruleId=17fd3d63-7be4-49b1-8d16-2e0fe9fddbc2;uxDifferentiator=TIMEBASED_EVAL"}, "Binary": null}}},
{"TimeGenerated": "2026-01-27T21:41:52.722719Z", "EventID": {"#attributes": {"Qualifiers": 49152}, "#text": 8197}, "Computer": "DC01.garfield.htb", "RawEvent": {"#attributes": {"xmlns": "http://schemas.microsoft.com/win/2004/08/events/event"}, "System": {"Provider": {"#attributes": {"Name": "Microsoft-Windows-Security-SPP", "Guid": "{E23B33B0-C8C9-472C-A5F9-F2BDFEA0F156}", "EventSourceName": "Software Protection Platform Service"}}, "EventID": {"#attributes": {"Qualifiers": 49152}, "#text": 8197}, "Version": 0, "Level": 4, "Task": 0, "Opcode": 0, "Keywords": "0x80000000000000", "TimeCreated": {"#attributes": {"SystemTime": "2026-01-27T21:41:52.722719Z"}}, "EventRecordID": 1744, "Correlation": null, "Execution": {"#attributes": {"ProcessID": 0, "ThreadID": 0}}, "Channel": "Application", "Computer": "DC01.garfield.htb", "Security": null}, "EventData": {"Data": {"#text": "RuleId=17fd3d63-7be4-49b1-8d16-2e0fe9fddbc2;Action=NotifyUser;AppId=55c92734-d682-4d71-983e-d6ec3f16059f;SkuId=7783a126-c108-4cf7-b59f-13c78c7a7337;NotificationInterval=1440;Trigger=UserLogon;SessionId=4"}, "Binary": null}}},
{"TimeGenerated": "2026-01-27T21:42:23.260887Z", "EventID": {"#attributes": {"Qualifiers": 32768}, "#text": 6000}, "Computer": "DC01.garfield.htb", "RawEvent": {"#attributes": {"xmlns": "http://schemas.microsoft.com/win/2004/08/events/event"}, "System": {"Provider": {"#attributes": {"Name": "Microsoft-Windows-Winlogon", "Guid": "{DBE9B383-7CF3-4331-91CC-A3CB16A3B538}", "EventSourceName": "Wlclntfy"}}, "EventID": {"#attributes": {"Qualifiers": 32768}, "#text": 6000}, "Version": 0, "Level": 4, "Task": 0, "Opcode": 0, "Keywords": "0x80000000000000", "TimeCreated": {"#attributes": {"SystemTime": "2026-01-27T21:42:23.260887Z"}}, "EventRecordID": 1745, "Correlation": null, "Execution": {"#attributes": {"ProcessID": 0, "ThreadID": 0}}, "Channel": "Application", "Computer": "DC01.garfield.htb", "Security": null}, "EventData": {"Data": {"#text": "WSearch"}, "Binary": "D9060000"}}},
{"TimeGenerated": "2026-01-27T21:43:09.008013Z", "EventID": {"#attributes": {"Qualifiers": 32768}, "#text": 6000}, "Computer": "DC01.garfield.htb", "RawEvent": {"#attributes": {"xmlns": "http://schemas.microsoft.com/win/2004/08/events/event"}, "System": {"Provider": {"#attributes": {"Name": "Microsoft-Windows-Winlogon", "Guid": "{DBE9B383-7CF3-4331-91CC-A3CB16A3B538}", "EventSourceName": "Wlclntfy"}}, "EventID": {"#attributes": {"Qualifiers": 32768}, "#text": 6000}, "Version": 0, "Level": 4, "Task": 0, "Opcode": 0, "Keywords": "0x80000000000000", "TimeCreated": {"#attributes": {"SystemTime": "2026-01-27T21:43:09.008013Z"}}, "EventRecordID": 1746, "Correlation": null, "Execution": {"#attributes": {"ProcessID": 0, "ThreadID": 0}}, "Channel": "Application", "Computer": "DC01.garfield.htb", "Security": null}, "EventData": {"Data": {"#text": "WSearch"}, "Binary": "D9060000"}}},
{"TimeGenerated": "2026-01-27T21:43:32.319728Z", "EventID": {"#attributes": {"Qualifiers": 0}, "#text": 260}, "Computer": "DC01.garfield.htb", "RawEvent": {"#attributes": {"xmlns": "http://schemas.microsoft.com/win/2004/08/events/event"}, "System": {"Provider": {"#attributes": {"Name": "VMUpgradeHelper"}}, "EventID": {"#attributes": {"Qualifiers": 0}, "#text": 260}, "Level": 4, "Task": 0, "Keywords": "0x80000000000000", "TimeCreated": {"#attributes": {"SystemTime": "2026-01-27T21:43:32.319728Z"}}, "EventRecordID": 1747, "Channel": "Application", "Computer": "DC01.garfield.htb", "Security": null}, "EventData": {"Data": {"#text": ""}, "Binary": null}}},
{"TimeGenerated": "2026-01-27T21:43:32.319728Z", "EventID": {"#attributes": {"Qualifiers": 0}, "#text": 272}, "Computer": "DC01.garfield.htb", "RawEvent": {"#attributes": {"xmlns": "http://schemas.microsoft.com/win/2004/08/events/event"}, "System": {"Provider": {"#attributes": {"Name": "VMUpgradeHelper"}}, "EventID": {"#attributes": {"Qualifiers": 0}, "#text": 272}, "Level": 4, "Task": 0, "Keywords": "0x80000000000000", "TimeCreated": {"#attributes": {"SystemTime": "2026-01-27T21:43:32.319728Z"}}, "EventRecordID": 1748, "Channel": "Application", "Computer": "DC01.garfield.htb", "Security": null}, "EventData": {"Data": {"#text": ""}, "Binary": null}}},
{"TimeGenerated": "2026-01-27T21:43:32.335347Z", "EventID": {"#attributes": {"Qualifiers": 0}, "#text": 108}, "Computer": "DC01.garfield.htb", "RawEvent": {"#attributes": {"xmlns": "http://schemas.microsoft.com/win/2004/08/events/event"}, "System": {"Provider": {"#attributes": {"Name": "VMTools"}}, "EventID": {"#attributes": {"Qualifiers": 0}, "#text": 108}, "Level": 4, "Task": 0, "Keywords": "0x80000000000000", "TimeCreated": {"#attributes": {"SystemTime": "2026-01-27T21:43:32.335347Z"}}, "EventRecordID": 1749, "Channel": "Application", "Computer": "DC01.garfield.htb", "Security": null}, "EventData": {"Data": {"#text": ""}, "Binary": null}}},
{"TimeGenerated": "2026-01-27T21:43:49.216863Z", "EventID": {"#attributes": {"Qualifiers": 16384}, "#text": 4111}, "Computer": "DC01.garfield.htb", "RawEvent": {"#attributes": {"xmlns": "http://schemas.microsoft.com/win/2004/08/events/event"}, "System": {"Provider": {"#attributes": {"Name": "Microsoft-Windows-MSDTC", "Guid": "{719BE4ED-E9BC-4DD8-A7CF-C85CE8E4975D}", "EventSourceName": "MSDTC"}}, "EventID": {"#attributes": {"Qualifiers": 16384}, "#text": 4111}, "Version": 0, "Level": 4, "Task": 1, "Opcode": 0, "Keywords": "0x80000000000000", "TimeCreated": {"#attributes": {"SystemTime": "2026-01-27T21:43:49.216863Z"}}, "EventRecordID": 1750, "Correlation": null, "Execution": {"#attributes": {"ProcessID": 0, "ThreadID": 0}}, "Channel": "Application", "Computer": "DC01.garfield.htb", "Security": null}, "EventData": {"Binary": "4D005300440054004300"}}},
{"TimeGenerated": "2026-01-27T21:43:49.248082Z", "EventID": {"#attributes": {"Qualifiers": 16384}, "#text": 903}, "Computer": "DC01.garfield.htb", "RawEvent": {"#attributes": {"xmlns": "http://schemas.microsoft.com/win/2004/08/events/event"}, "System": {"Provider": {"#attributes": {"Name": "Microsoft-Windows-Security-SPP", "Guid": "{E23B33B0-C8C9-472C-A5F9-F2BDFEA0F156}", "EventSourceName": "Software Protection Platform Service"}}, "EventID": {"#attributes": {"Qualifiers": 16384}, "#text": 903}, "Version": 0, "Level": 0, "Task": 0, "Opcode": 0, "Keywords": "0x80000000000000", "TimeCreated": {"#attributes": {"SystemTime": "2026-01-27T21:43:49.248082Z"}}, "EventRecordID": 1751, "Correlation": null, "Execution": {"#attributes": {"ProcessID": 0, "ThreadID": 0}}, "Channel": "Application", "Computer": "DC01.garfield.htb", "Security": null}, "EventData": {"Data": {"#text": ""}, "Binary": null}}},
{"TimeGenerated": "2026-01-27T21:43:49.207314Z", "EventID": 1532, "Computer": "DC01.garfield.htb", "RawEvent": {"#attributes": {"xmlns": "http://schemas.microsoft.com/win/2004/08/events/event"}, "System": {"Provider": {"#attributes": {"Name": "Microsoft-Windows-User Profiles Service", "Guid": "89B1E9F0-5AFF-44A6-9B44-0A07A7CE5845"}}, "EventID": 1532, "Version": 0, "Level": 4, "Task": 0, "Opcode": 0, "Keywords": "0x8000000000000000", "TimeCreated": {"#attributes": {"SystemTime": "2026-01-27T21:43:49.207314Z"}}, "EventRecordID": 1752, "Correlation": null, "Execution": {"#attributes": {"ProcessID": 1584, "ThreadID": 1660}}, "Channel": "Application", "Computer": "DC01.garfield.htb", "Security": {"#attributes": {"UserID": "S-1-5-18"}}}, "EventData": null}},
{"TimeGenerated": "2026-01-27T22:12:13.024211Z", "EventID": {"#attributes": {"Qualifiers": 16384}, "#text": 4625}, "Computer": "DC01", "RawEvent": {"#attributes": {"xmlns": "http://schemas.microsoft.com/win/2004/08/events/event"}, "System": {"Provider": {"#attributes": {"Name": "Microsoft-Windows-EventSystem", "Guid": "{899daace-4868-4295-afcd-9eb8fb497561}", "EventSourceName": "EventSystem"}}, "EventID": {"#attributes": {"Qualifiers": 16384}, "#text": 4625}, "Version": 0, "Level": 4, "Task": 0, "Opcode": 0, "Keywords": "0x80000000000000", "TimeCreated": {"#attributes": {"SystemTime": "2026-01-27T22:12:13.024211Z"}}, "EventRecordID": 1753, "Correlation": null, "Execution": {"#attributes": {"ProcessID": 0, "ThreadID": 0}}, "Channel": "Application", "Computer": "DC01", "Security": null}, "EventData": {"param1": "86400", "param2": "SuppressDuplicateDuration", "param3": "Software\\Microsoft\\EventSystem\\EventLog"}}},
{"TimeGenerated": "2026-01-27T22:12:13.048786Z", "EventID": 1531, "Computer": "DC01.garfield.htb", "RawEvent": {"#attributes": {"xmlns": "http://schemas.microsoft.com/win/2004/08/events/event"}, "System": {"Provider": {"#attributes": {"Name": "Microsoft-Windows-User Profiles Service", "Guid": "89B1E9F0-5AFF-44A6-9B44-0A07A7CE5845"}}, "EventID": 1531, "Version": 0, "Level": 4, "Task": 0, "Opcode": 0, "Keywords": "0x8000000000000000", "TimeCreated": {"#attributes": {"SystemTime": "2026-01-27T22:12:13.048786Z"}}, "EventRecordID": 1754, "Correlation": null, "Execution": {"#attributes": {"ProcessID": 1728, "ThreadID": 1796}}, "Channel": "Application", "Computer": "DC01.garfield.htb", "Security": {"#attributes": {"UserID": "S-1-5-18"}}}, "EventData": null}},
{"TimeGenerated": "2026-01-27T22:12:13.419456Z", "EventID": 5615, "Computer": "DC01.garfield.htb", "RawEvent": {"#attributes": {"xmlns": "http://schemas.microsoft.com/win/2004/08/events/event"}, "System": {"Provider": {"#attributes": {"Name": "Microsoft-Windows-WMI", "Guid": "1EDEEE53-0AFE-4609-B846-D8C0B2075B1F"}}, "EventID": 5615, "Version": 2, "Level": 4, "Task": 0, "Opcode": 0, "Keywords": "0x8000000000000000", "TimeCreated": {"#attributes": {"SystemTime": "2026-01-27T22:12:13.419456Z"}}, "EventRecordID": 1755, "Correlation": null, "Execution": {"#attributes": {"ProcessID": 2348, "ThreadID": 2448}}, "Channel": "Application", "Computer": "DC01.garfield.htb", "Security": {"#attributes": {"UserID": "S-1-5-18"}}}, "EventData": null}},
{"TimeGenerated": "2026-01-27T22:12:13.785950Z", "EventID": 5617, "Computer": "DC01.garfield.htb", "RawEvent": {"#attributes": {"xmlns": "http://schemas.microsoft.com/win/2004/08/events/event"}, "System": {"Provider": {"#attributes": {"Name": "Microsoft-Windows-WMI", "Guid": "1EDEEE53-0AFE-4609-B846-D8C0B2075B1F"}}, "EventID": 5617, "Version": 2, "Level": 4, "Task": 0, "Opcode": 0, "Keywords": "0x8000000000000000", "TimeCreated": {"#attributes": {"SystemTime": "2026-01-27T22:12:13.785950Z"}}, "EventRecordID": 1756, "Correlation": null, "Execution": {"#attributes": {"ProcessID": 2348, "ThreadID": 2552}}, "Channel": "Application", "Computer": "DC01.garfield.htb", "Security": {"#attributes": {"UserID": "S-1-5-18"}}}, "EventData": null}},
{"TimeGenerated": "2026-01-27T22:12:32.207991Z", "EventID": {"#attributes": {"Qualifiers": 0}, "#text": 105}, "Computer": "DC01.garfield.htb", "RawEvent": {"#attributes": {"xmlns": "http://schemas.microsoft.com/win/2004/08/events/event"}, "System": {"Provider": {"#attributes": {"Name": "VMTools"}}, "EventID": {"#attributes": {"Qualifiers": 0}, "#text": 105}, "Level": 4, "Task": 0, "Keywords": "0x80000000000000", "TimeCreated": {"#attributes": {"SystemTime": "2026-01-27T22:12:32.207991Z"}}, "EventRecordID": 1757, "Channel": "Application", "Computer": "DC01.garfield.htb", "Security": null}, "EventData": {"Data": {"#text": ""}, "Binary": null}}},
{"TimeGenerated": "2026-01-27T22:12:32.301744Z", "EventID": {"#attributes": {"Qualifiers": 16384}, "#text": 900}, "Computer": "DC01.garfield.htb", "RawEvent": {"#attributes": {"xmlns": "http://schemas.microsoft.com/win/2004/08/events/event"}, "System": {"Provider": {"#attributes": {"Name": "Microsoft-Windows-Security-SPP", "Guid": "{E23B33B0-C8C9-472C-A5F9-F2BDFEA0F156}", "EventSourceName": "Software Protection Platform Service"}}, "EventID": {"#attributes": {"Qualifiers": 16384}, "#text": 900}, "Version": 0, "Level": 4, "Task": 0, "Opcode": 0, "Keywords": "0x80000000000000", "TimeCreated": {"#attributes": {"SystemTime": "2026-01-27T22:12:32.301744Z"}}, "EventRecordID": 1758, "Correlation": null, "Execution": {"#attributes": {"ProcessID": 0, "ThreadID": 0}}, "Channel": "Application", "Computer": "DC01.garfield.htb", "Security": null}, "EventData": {"Data": {"#text": "TriggerStarted:6"}, "Binary": null}}},
{"TimeGenerated": "2026-01-27T22:12:32.536128Z", "EventID": {"#attributes": {"Qualifiers": 16384}, "#text": 9027}, "Computer": "DC01.garfield.htb", "RawEvent": {"#attributes": {"xmlns": "http://schemas.microsoft.com/win/2004/08/events/event"}, "System": {"Provider": {"#attributes": {"Name": "Desktop Window Manager"}}, "EventID": {"#attributes": {"Qualifiers": 16384}, "#text": 9027}, "Level": 4, "Task": 0, "Keywords": "0x80000000000000", "TimeCreated": {"#attributes": {"SystemTime": "2026-01-27T22:12:32.536128Z"}}, "EventRecordID": 1759, "Channel": "Application", "Computer": "DC01.garfield.htb", "Security": null}, "EventData": {"Data": {"#text": ""}, "Binary": null}}},
{"TimeGenerated": "2026-01-27T22:12:32.629876Z", "EventID": {"#attributes": {"Qualifiers": 49152}, "#text": 16394}, "Computer": "DC01.garfield.htb", "RawEvent": {"#attributes": {"xmlns": "http://schemas.microsoft.com/win/2004/08/events/event"}, "System": {"Provider": {"#attributes": {"Name": "Microsoft-Windows-Security-SPP", "Guid": "{E23B33B0-C8C9-472C-A5F9-F2BDFEA0F156}", "EventSourceName": "Software Protection Platform Service"}}, "EventID": {"#attributes": {"Qualifiers": 49152}, "#text": 16394}, "Version": 0, "Level": 4, "Task": 0, "Opcode": 0, "Keywords": "0x80000000000000", "TimeCreated": {"#attributes": {"SystemTime": "2026-01-27T22:12:32.629876Z"}}, "EventRecordID": 1760, "Correlation": null, "Execution": {"#attributes": {"ProcessID": 0, "ThreadID": 0}}, "Channel": "Application", "Computer": "DC01.garfield.htb", "Security": null}, "EventData": {"Data": {"#text": ""}, "Binary": null}}},
{"TimeGenerated": "2026-01-27T22:12:32.770489Z", "EventID": {"#attributes": {"Qualifiers": 16384}, "#text": 1066}, "Computer": "DC01.garfield.htb", "RawEvent": {"#attributes": {"xmlns": "http://schemas.microsoft.com/win/2004/08/events/event"}, "System": {"Provider": {"#attributes": {"Name": "Microsoft-Windows-Security-SPP", "Guid": "{E23B33B0-C8C9-472C-A5F9-F2BDFEA0F156}", "EventSourceName": "Software Protection Platform Service"}}, "EventID": {"#attributes": {"Qualifiers": 16384}, "#text": 1066}, "Version": 0, "Level": 4, "Task": 0, "Opcode": 0, "Keywords": "0x80000000000000", "TimeCreated": {"#attributes": {"SystemTime": "2026-01-27T22:12:32.770489Z"}}, "EventRecordID": 1761, "Correlation": null, "Execution": {"#attributes": {"ProcessID": 0, "ThreadID": 0}}, "Channel": "Application", "Computer": "DC01.garfield.htb", "Security": null}, "EventData": {"Data": {"#text": "C:\\Windows\\system32\\sppwinob.dll, msft:spp/windowsfunctionality/agent/7.0, 0x00000000, 0x00000000\nC:\\Windows\\system32\\sppobjs.dll, msft:rm/algorithm/inherited/1.0, 0x00000000, 0x00000000\nC:\\Windows\\system32\\sppobjs.dll, msft:rm/algorithm/phone/1.0, 0x00000000, 0x00000000\nC:\\Windows\\system32\\sppobjs.dll, msft:rm/algorithm/pkey/detect, 0x00000000, 0x00000000\nC:\\Windows\\system32\\sppobjs.dll, msft:spp/ActionScheduler/1.0, 0x00000000, 0x00000000\nC:\\Windows\\system32\\sppobjs.dll, msft:spp/TaskScheduler/1.0, 0x00000000, 0x00000000\nC:\\Windows\\system32\\sppobjs.dll, msft:spp/statecollector/pkey, 0x00000000, 0x00000000\nC:\\Windows\\system32\\sppobjs.dll, msft:spp/volume/services/kms/1.0, 0x00000000, 0x00000000\nC:\\Windows\\system32\\sppobjs.dll, msft:spp/volume/services/kms/activationinfo/1.0, 0x00000000, 0x00000000\n"}, "Binary": null}}},
{"TimeGenerated": "2026-01-27T22:12:32.911117Z", "EventID": {"#attributes": {"Qualifiers": 16384}, "#text": 781}, "Computer": "DC01.garfield.htb", "RawEvent": {"#attributes": {"xmlns": "http://schemas.microsoft.com/win/2004/08/events/event"}, "System": {"Provider": {"#attributes": {"Name": "Microsoft-Windows-Complus", "Guid": "{0f177893-4a9c-4709-b921-f432d67f43d5}", "EventSourceName": "COM+"}}, "EventID": {"#attributes": {"Qualifiers": 16384}, "#text": 781}, "Version": 0, "Level": 4, "Task": 0, "Opcode": 0, "Keywords": "0x80000000000000", "TimeCreated": {"#attributes": {"SystemTime": "2026-01-27T22:12:32.911117Z"}}, "EventRecordID": 1762, "Correlation": null, "Execution": {"#attributes": {"ProcessID": 0, "ThreadID": 0}}, "Channel": "Application", "Computer": "DC01.garfield.htb", "Security": null}, "EventData": {"param1": "86400", "param2": "SuppressDuplicateDuration", "param3": "Software\\Microsoft\\COM3\\Eventlog"}}},
{"TimeGenerated": "2026-01-27T22:12:32.926749Z", "EventID": {"#attributes": {"Qualifiers": 16384}, "#text": 1003}, "Computer": "DC01.garfield.htb", "RawEvent": {"#attributes": {"xmlns": "http://schemas.microsoft.com/win/2004/08/events/event"}, "System": {"Provider": {"#attributes": {"Name": "Microsoft-Windows-Security-SPP", "Guid": "{E23B33B0-C8C9-472C-A5F9-F2BDFEA0F156}", "EventSourceName": "Software Protection Platform Service"}}, "EventID": {"#attributes": {"Qualifiers": 16384}, "#text": 1003}, "Version": 0, "Level": 4, "Task": 0, "Opcode": 0, "Keywords": "0x80000000000000", "TimeCreated": {"#attributes": {"SystemTime": "2026-01-27T22:12:32.926749Z"}}, "EventRecordID": 1763, "Correlation": null, "Execution": {"#attributes": {"ProcessID": 0, "ThreadID": 0}}, "Channel": "Application", "Computer": "DC01.garfield.htb", "Security": null}, "EventData": {"Data": {"#text": ["55c92734-d682-4d71-983e-d6ec3f16059f", "\n1: 7783a126-c108-4cf7-b59f-13c78c7a7337, 1, 1 [(0 [0x00000000, 1, 0], [(?)( 1 0x00000000)(?)( 2 0x00000000 0 0 msft:rm/algorithm/hwid/4.0 0x00000000 0)(?)( 9 0x00000000 180 18042)( 10 0x00000000 msft:rm/algorithm/flags/1.0)(?)])(1 )(2 )(3 )]\n\n"]}, "Binary": null}}},
{"TimeGenerated": "2026-01-27T22:12:32.926749Z", "EventID": {"#attributes": {"Qualifiers": 32768}, "#text": 1037}, "Computer": "DC01.garfield.htb", "RawEvent": {"#attributes": {"xmlns": "http://schemas.microsoft.com/win/2004/08/events/event"}, "System": {"Provider": {"#attributes": {"Name": "Microsoft-Windows-Security-SPP", "Guid": "{E23B33B0-C8C9-472C-A5F9-F2BDFEA0F156}", "EventSourceName": "Software Protection Platform Service"}}, "EventID": {"#attributes": {"Qualifiers": 32768}, "#text": 1037}, "Version": 0, "Level": 4, "Task": 0, "Opcode": 0, "Keywords": "0x80000000000000", "TimeCreated": {"#attributes": {"SystemTime": "2026-01-27T22:12:32.926749Z"}}, "EventRecordID": 1764, "Correlation": null, "Execution": {"#attributes": {"ProcessID": 0, "ThreadID": 0}}, "Channel": "Application", "Computer": "DC01.garfield.htb", "Security": null}, "EventData": {"Data": {"#text": ["validity", "18042"]}, "Binary": null}}},
{"TimeGenerated": "2026-01-27T22:12:32.957991Z", "EventID": {"#attributes": {"Qualifiers": 16384}, "#text": 902}, "Computer": "DC01.garfield.htb", "RawEvent": {"#attributes": {"xmlns": "http://schemas.microsoft.com/win/2004/08/events/event"}, "System": {"Provider": {"#attributes": {"Name": "Microsoft-Windows-Security-SPP", "Guid": "{E23B33B0-C8C9-472C-A5F9-F2BDFEA0F156}", "EventSourceName": "Software Protection Platform Service"}}, "EventID": {"#attributes": {"Qualifiers": 16384}, "#text": 902}, "Version": 0, "Level": 0, "Task": 0, "Opcode": 0, "Keywords": "0x80000000000000", "TimeCreated": {"#attributes": {"SystemTime": "2026-01-27T22:12:32.957991Z"}}, "EventRecordID": 1765, "Correlation": null, "Execution": {"#attributes": {"ProcessID": 0, "ThreadID": 0}}, "Channel": "Application", "Computer": "DC01.garfield.htb", "Security": null}, "EventData": {"Data": {"#text": "10.0.17763.8146"}, "Binary": null}}},
{"TimeGenerated": "2026-01-27T22:12:33.036121Z", "EventID": {"#attributes": {"Qualifiers": 0}, "#text": 258}, "Computer": "DC01.garfield.htb", "RawEvent": {"#attributes": {"xmlns": "http://schemas.microsoft.com/win/2004/08/events/event"}, "System": {"Provider": {"#attributes": {"Name": "VMUpgradeHelper"}}, "EventID": {"#attributes": {"Qualifiers": 0}, "#text": 258}, "Level": 4, "Task": 0, "Keywords": "0x80000000000000", "TimeCreated": {"#attributes": {"SystemTime": "2026-01-27T22:12:33.036121Z"}}, "EventRecordID": 1766, "Channel": "Application", "Computer": "DC01.garfield.htb", "Security": null}, "EventData": {"Data": {"#text": ""}, "Binary": null}}},
{"TimeGenerated": "2026-01-27T22:12:33.176743Z", "EventID": {"#attributes": {"Qualifiers": 16384}, "#text": 4202}, "Computer": "DC01.garfield.htb", "RawEvent": {"#attributes": {"xmlns": "http://schemas.microsoft.com/win/2004/08/events/event"}, "System": {"Provider": {"#attributes": {"Name": "Microsoft-Windows-MSDTC 2", "Guid": "{5D9E0020-3761-4f36-90C8-38CE6511BD12}", "EventSourceName": "MSDTC 2"}}, "EventID": {"#attributes": {"Qualifiers": 16384}, "#text": 4202}, "Version": 0, "Level": 4, "Task": 2, "Opcode": 0, "Keywords": "0x80000000000000", "TimeCreated": {"#attributes": {"SystemTime": "2026-01-27T22:12:33.176743Z"}}, "EventRecordID": 1767, "Correlation": null, "Execution": {"#attributes": {"ProcessID": 0, "ThreadID": 0}}, "Channel": "Application", "Computer": "DC01.garfield.htb", "Security": null}, "EventData": {"param1": "0", "param2": "0", "param3": "0", "param4": "0", "param5": "0", "param6": "0", "param7": "1", "param8": "Mutual Authentication Required", "param9": "NT AUTHORITY\\NetworkService", "param10": "0", "param11": "0", "param12": "1"}}},
{"TimeGenerated": "2026-01-27T22:12:33.207987Z", "EventID": {"#attributes": {"Qualifiers": 0}, "#text": 271}, "Computer": "DC01.garfield.htb", "RawEvent": {"#attributes": {"xmlns": "http://schemas.microsoft.com/win/2004/08/events/event"}, "System": {"Provider": {"#attributes": {"Name": "VMUpgradeHelper"}}, "EventID": {"#attributes": {"Qualifiers": 0}, "#text": 271}, "Level": 4, "Task": 0, "Keywords": "0x80000000000000", "TimeCreated": {"#attributes": {"SystemTime": "2026-01-27T22:12:33.207987Z"}}, "EventRecordID": 1768, "Channel": "Application", "Computer": "DC01.garfield.htb", "Security": null}, "EventData": {"Data": {"#text": ""}, "Binary": null}}},
{"TimeGenerated": "2026-01-27T22:13:06.848630Z", "EventID": {"#attributes": {"Qualifiers": 16384}, "#text": 8230}, "Computer": "DC01.garfield.htb", "RawEvent": {"#attributes": {"xmlns": "http://schemas.microsoft.com/win/2004/08/events/event"}, "System": {"Provider": {"#attributes": {"Name": "Microsoft-Windows-Security-SPP", "Guid": "{E23B33B0-C8C9-472C-A5F9-F2BDFEA0F156}", "EventSourceName": "Software Protection Platform Service"}}, "EventID": {"#attributes": {"Qualifiers": 16384}, "#text": 8230}, "Version": 0, "Level": 4, "Task": 0, "Opcode": 0, "Keywords": "0x80000000000000", "TimeCreated": {"#attributes": {"SystemTime": "2026-01-27T22:13:06.848630Z"}}, "EventRecordID": 1769, "Correlation": null, "Execution": {"#attributes": {"ProcessID": 0, "ThreadID": 0}}, "Channel": "Application", "Computer": "DC01.garfield.htb", "Security": null}, "EventData": {"Data": {"#text": "Security-SPP-Action-StateData (REG_SZ) =AppId=55c92734-d682-4d71-983e-d6ec3f16059f;GraceEndDate=2026/02/09:10:55:06;LastConsumptionReason=0x4004fc04;LastNotificationId=TBLExpiring;LicenseState=SL_LICENSING_STATUS_LICENSED;PartialProductKey=Y7XRX;ProductKeyType=Retail:TB:Eval;SkuId=7783a126-c108-4cf7-b59f-13c78c7a7337;ruleId=17fd3d63-7be4-49b1-8d16-2e0fe9fddbc2;uxDifferentiator=TIMEBASED_EVAL"}, "Binary": null}}},
{"TimeGenerated": "2026-01-27T22:13:06.973689Z", "EventID": {"#attributes": {"Qualifiers": 49152}, "#text": 8197}, "Computer": "DC01.garfield.htb", "RawEvent": {"#attributes": {"xmlns": "http://schemas.microsoft.com/win/2004/08/events/event"}, "System": {"Provider": {"#attributes": {"Name": "Microsoft-Windows-Security-SPP", "Guid": "{E23B33B0-C8C9-472C-A5F9-F2BDFEA0F156}", "EventSourceName": "Software Protection Platform Service"}}, "EventID": {"#attributes": {"Qualifiers": 49152}, "#text": 8197}, "Version": 0, "Level": 4, "Task": 0, "Opcode": 0, "Keywords": "0x80000000000000", "TimeCreated": {"#attributes": {"SystemTime": "2026-01-27T22:13:06.973689Z"}}, "EventRecordID": 1770, "Correlation": null, "Execution": {"#attributes": {"ProcessID": 0, "ThreadID": 0}}, "Channel": "Application", "Computer": "DC01.garfield.htb", "Security": null}, "EventData": {"Data": {"#text": "RuleId=17fd3d63-7be4-49b1-8d16-2e0fe9fddbc2;Action=NotifyUser;AppId=55c92734-d682-4d71-983e-d6ec3f16059f;SkuId=7783a126-c108-4cf7-b59f-13c78c7a7337;NotificationInterval=1440;Trigger=UserLogon;SessionId=1"}, "Binary": null}}},
{"TimeGenerated": "2026-01-27T22:13:41.588842Z", "EventID": {"#attributes": {"Qualifiers": 16384}, "#text": 9027}, "Computer": "DC01.garfield.htb", "RawEvent": {"#attributes": {"xmlns": "http://schemas.microsoft.com/win/2004/08/events/event"}, "System": {"Provider": {"#attributes": {"Name": "Desktop Window Manager"}}, "EventID": {"#attributes": {"Qualifiers": 16384}, "#text": 9027}, "Level": 4, "Task": 0, "Keywords": "0x80000000000000", "TimeCreated": {"#attributes": {"SystemTime": "2026-01-27T22:13:41.588842Z"}}, "EventRecordID": 1771, "Channel": "Application", "Computer": "DC01.garfield.htb", "Security": null}, "EventData": {"Data": {"#text": ""}, "Binary": null}}},
{"TimeGenerated": "2026-01-27T22:13:43.244995Z", "EventID": {"#attributes": {"Qualifiers": 16384}, "#text": 8230}, "Computer": "DC01.garfield.htb", "RawEvent": {"#attributes": {"xmlns": "http://schemas.microsoft.com/win/2004/08/events/event"}, "System": {"Provider": {"#attributes": {"Name": "Microsoft-Windows-Security-SPP", "Guid": "{E23B33B0-C8C9-472C-A5F9-F2BDFEA0F156}", "EventSourceName": "Software Protection Platform Service"}}, "EventID": {"#attributes": {"Qualifiers": 16384}, "#text": 8230}, "Version": 0, "Level": 4, "Task": 0, "Opcode": 0, "Keywords": "0x80000000000000", "TimeCreated": {"#attributes": {"SystemTime": "2026-01-27T22:13:43.244995Z"}}, "EventRecordID": 1772, "Correlation": null, "Execution": {"#attributes": {"ProcessID": 0, "ThreadID": 0}}, "Channel": "Application", "Computer": "DC01.garfield.htb", "Security": null}, "EventData": {"Data": {"#text": "Security-SPP-Action-StateData (REG_SZ) =AppId=55c92734-d682-4d71-983e-d6ec3f16059f;GraceEndDate=2026/02/09:10:54:43;LastConsumptionReason=0x4004fc04;LastNotificationId=TBLExpiring;LicenseState=SL_LICENSING_STATUS_LICENSED;PartialProductKey=Y7XRX;ProductKeyType=Retail:TB:Eval;SkuId=7783a126-c108-4cf7-b59f-13c78c7a7337;ruleId=17fd3d63-7be4-49b1-8d16-2e0fe9fddbc2;uxDifferentiator=TIMEBASED_EVAL"}, "Binary": null}}},
{"TimeGenerated": "2026-01-27T22:13:43.307490Z", "EventID": {"#attributes": {"Qualifiers": 49152}, "#text": 8197}, "Computer": "DC01.garfield.htb", "RawEvent": {"#attributes": {"xmlns": "http://schemas.microsoft.com/win/2004/08/events/event"}, "System": {"Provider": {"#attributes": {"Name": "Microsoft-Windows-Security-SPP", "Guid": "{E23B33B0-C8C9-472C-A5F9-F2BDFEA0F156}", "EventSourceName": "Software Protection Platform Service"}}, "EventID": {"#attributes": {"Qualifiers": 49152}, "#text": 8197}, "Version": 0, "Level": 4, "Task": 0, "Opcode": 0, "Keywords": "0x80000000000000", "TimeCreated": {"#attributes": {"SystemTime": "2026-01-27T22:13:43.307490Z"}}, "EventRecordID": 1773, "Correlation": null, "Execution": {"#attributes": {"ProcessID": 0, "ThreadID": 0}}, "Channel": "Application", "Computer": "DC01.garfield.htb", "Security": null}, "EventData": {"Data": {"#text": "RuleId=17fd3d63-7be4-49b1-8d16-2e0fe9fddbc2;Action=NotifyUser;AppId=55c92734-d682-4d71-983e-d6ec3f16059f;SkuId=7783a126-c108-4cf7-b59f-13c78c7a7337;NotificationInterval=1440;Trigger=UserLogon;SessionId=2"}, "Binary": null}}},
{"TimeGenerated": "2026-01-27T22:14:14.052125Z", "EventID": {"#attributes": {"Qualifiers": 32768}, "#text": 6000}, "Computer": "DC01.garfield.htb", "RawEvent": {"#attributes": {"xmlns": "http://schemas.microsoft.com/win/2004/08/events/event"}, "System": {"Provider": {"#attributes": {"Name": "Microsoft-Windows-Winlogon", "Guid": "{DBE9B383-7CF3-4331-91CC-A3CB16A3B538}", "EventSourceName": "Wlclntfy"}}, "EventID": {"#attributes": {"Qualifiers": 32768}, "#text": 6000}, "Version": 0, "Level": 4, "Task": 0, "Opcode": 0, "Keywords": "0x80000000000000", "TimeCreated": {"#attributes": {"SystemTime": "2026-01-27T22:14:14.052125Z"}}, "EventRecordID": 1774, "Correlation": null, "Execution": {"#attributes": {"ProcessID": 0, "ThreadID": 0}}, "Channel": "Application", "Computer": "DC01.garfield.htb", "Security": null}, "EventData": {"Data": {"#text": "WSearch"}, "Binary": "D9060000"}}},
{"TimeGenerated": "2026-01-27T22:15:34.362340Z", "EventID": {"#attributes": {"Qualifiers": 0}, "#text": 8224}, "Computer": "DC01.garfield.htb", "RawEvent": {"#attributes": {"xmlns": "http://schemas.microsoft.com/win/2004/08/events/event"}, "System": {"Provider": {"#attributes": {"Name": "VSS"}}, "EventID": {"#attributes": {"Qualifiers": 0}, "#text": 8224}, "Level": 4, "Task": 0, "Keywords": "0x80000000000000", "TimeCreated": {"#attributes": {"SystemTime": "2026-01-27T22:15:34.362340Z"}}, "EventRecordID": 1775, "Channel": "Application", "Computer": "DC01.garfield.htb", "Security": null}, "EventData": {"Data": {"#text": ""}, "Binary": "2D20436F64653A2020434F525356434330303030303737332D2043616C6C3A2020434F525356434330303030303735352D205049443A202030303030343932302D205449443A202030303030343934302D20434D443A2020433A5C57696E646F77735C73797374656D33325C76737376632E6578652020202D20557365723A204E616D653A204E5420415554484F524954595C53595354454D2C205349443A532D312D352D313820"}}},
{"TimeGenerated": "2026-01-27T22:15:40.159047Z", "EventID": {"#attributes": {"Qualifiers": 16384}, "#text": 9027}, "Computer": "DC01.garfield.htb", "RawEvent": {"#attributes": {"xmlns": "http://schemas.microsoft.com/win/2004/08/events/event"}, "System": {"Provider": {"#attributes": {"Name": "Desktop Window Manager"}}, "EventID": {"#attributes": {"Qualifiers": 16384}, "#text": 9027}, "Level": 4, "Task": 0, "Keywords": "0x80000000000000", "TimeCreated": {"#attributes": {"SystemTime": "2026-01-27T22:15:40.159047Z"}}, "EventRecordID": 1776, "Channel": "Application", "Computer": "DC01.garfield.htb", "Security": null}, "EventData": {"Data": {"#text": ""}, "Binary": null}}},
{"TimeGenerated": "2026-01-27T22:15:41.627794Z", "EventID": {"#attributes": {"Qualifiers": 16384}, "#text": 8230}, "Computer": "DC01.garfield.htb", "RawEvent": {"#attributes": {"xmlns": "http://schemas.microsoft.com/win/2004/08/events/event"}, "System": {"Provider": {"#attributes": {"Name": "Microsoft-Windows-Security-SPP", "Guid": "{E23B33B0-C8C9-472C-A5F9-F2BDFEA0F156}", "EventSourceName": "Software Protection Platform Service"}}, "EventID": {"#attributes": {"Qualifiers": 16384}, "#text": 8230}, "Version": 0, "Level": 4, "Task": 0, "Opcode": 0, "Keywords": "0x80000000000000", "TimeCreated": {"#attributes": {"SystemTime": "2026-01-27T22:15:41.627794Z"}}, "EventRecordID": 1777, "Correlation": null, "Execution": {"#attributes": {"ProcessID": 0, "ThreadID": 0}}, "Channel": "Application", "Computer": "DC01.garfield.htb", "Security": null}, "EventData": {"Data": {"#text": "Security-SPP-Action-StateData (REG_SZ) =AppId=55c92734-d682-4d71-983e-d6ec3f16059f;GraceEndDate=2026/02/09:10:54:41;LastConsumptionReason=0x4004fc04;LastNotificationId=TBLExpiring;LicenseState=SL_LICENSING_STATUS_LICENSED;PartialProductKey=Y7XRX;ProductKeyType=Retail:TB:Eval;SkuId=7783a126-c108-4cf7-b59f-13c78c7a7337;ruleId=17fd3d63-7be4-49b1-8d16-2e0fe9fddbc2;uxDifferentiator=TIMEBASED_EVAL"}, "Binary": null}}},
{"TimeGenerated": "2026-01-27T22:15:41.659030Z", "EventID": {"#attributes": {"Qualifiers": 49152}, "#text": 8197}, "Computer": "DC01.garfield.htb", "RawEvent": {"#attributes": {"xmlns": "http://schemas.microsoft.com/win/2004/08/events/event"}, "System": {"Provider": {"#attributes": {"Name": "Microsoft-Windows-Security-SPP", "Guid": "{E23B33B0-C8C9-472C-A5F9-F2BDFEA0F156}", "EventSourceName": "Software Protection Platform Service"}}, "EventID": {"#attributes": {"Qualifiers": 49152}, "#text": 8197}, "Version": 0, "Level": 4, "Task": 0, "Opcode": 0, "Keywords": "0x80000000000000", "TimeCreated": {"#attributes": {"SystemTime": "2026-01-27T22:15:41.659030Z"}}, "EventRecordID": 1778, "Correlation": null, "Execution": {"#attributes": {"ProcessID": 0, "ThreadID": 0}}, "Channel": "Application", "Computer": "DC01.garfield.htb", "Security": null}, "EventData": {"Data": {"#text": "RuleId=17fd3d63-7be4-49b1-8d16-2e0fe9fddbc2;Action=NotifyUser;AppId=55c92734-d682-4d71-983e-d6ec3f16059f;SkuId=7783a126-c108-4cf7-b59f-13c78c7a7337;NotificationInterval=1440;Trigger=UserLogon;SessionId=3"}, "Binary": null}}},
{"TimeGenerated": "2026-01-27T22:16:12.420865Z", "EventID": {"#attributes": {"Qualifiers": 32768}, "#text": 6000}, "Computer": "DC01.garfield.htb", "RawEvent": {"#attributes": {"xmlns": "http://schemas.microsoft.com/win/2004/08/events/event"}, "System": {"Provider": {"#attributes": {"Name": "Microsoft-Windows-Winlogon", "Guid": "{DBE9B383-7CF3-4331-91CC-A3CB16A3B538}", "EventSourceName": "Wlclntfy"}}, "EventID": {"#attributes": {"Qualifiers": 32768}, "#text": 6000}, "Version": 0, "Level": 4, "Task": 0, "Opcode": 0, "Keywords": "0x80000000000000", "TimeCreated": {"#attributes": {"SystemTime": "2026-01-27T22:16:12.420865Z"}}, "EventRecordID": 1779, "Correlation": null, "Execution": {"#attributes": {"ProcessID": 0, "ThreadID": 0}}, "Channel": "Application", "Computer": "DC01.garfield.htb", "Security": null}, "EventData": {"Data": {"#text": "WSearch"}, "Binary": "D9060000"}}},
{"TimeGenerated": "2026-01-27T22:16:21.495044Z", "EventID": 1001, "Computer": "DC01.garfield.htb", "RawEvent": {"#attributes": {"xmlns": "http://schemas.microsoft.com/win/2004/08/events/event"}, "System": {"Provider": {"#attributes": {"Name": "Microsoft-Windows-LoadPerf", "Guid": "122EE297-BB47-41AE-B265-1CA8D1886D40"}}, "EventID": 1001, "Version": 0, "Level": 4, "Task": 0, "Opcode": 0, "Keywords": "0x8000000000000000", "TimeCreated": {"#attributes": {"SystemTime": "2026-01-27T22:16:21.495044Z"}}, "EventRecordID": 1780, "Correlation": null, "Execution": {"#attributes": {"ProcessID": 2344, "ThreadID": 4820}}, "Channel": "Application", "Computer": "DC01.garfield.htb", "Security": {"#attributes": {"UserID": "S-1-5-18"}}}, "UserData": {"EventXML": {"#attributes": {"xmlns": "LoadPerf"}, "param1": "WmiApRpl", "param2": "WmiApRpl", "binaryDataSize": 12, "binaryData": "2035000021350000D2050000"}}}},
{"TimeGenerated": "2026-01-27T22:16:21.580498Z", "EventID": 1000, "Computer": "DC01.garfield.htb", "RawEvent": {"#attributes": {"xmlns": "http://schemas.microsoft.com/win/2004/08/events/event"}, "System": {"Provider": {"#attributes": {"Name": "Microsoft-Windows-LoadPerf", "Guid": "122EE297-BB47-41AE-B265-1CA8D1886D40"}}, "EventID": 1000, "Version": 0, "Level": 4, "Task": 0, "Opcode": 0, "Keywords": "0x8000000000000000", "TimeCreated": {"#attributes": {"SystemTime": "2026-01-27T22:16:21.580498Z"}}, "EventRecordID": 1781, "Correlation": null, "Execution": {"#attributes": {"ProcessID": 2344, "ThreadID": 4820}}, "Channel": "Application", "Computer": "DC01.garfield.htb", "Security": {"#attributes": {"UserID": "S-1-5-18"}}}, "UserData": {"EventXML": {"#attributes": {"xmlns": "LoadPerf"}, "param1": "WmiApRpl", "param2": "WmiApRpl", "binaryDataSize": 16, "binaryData": "22350000C835000023350000C9350000"}}}},
{"TimeGenerated": "2026-01-27T22:17:39.908628Z", "EventID": {"#attributes": {"Qualifiers": 16384}, "#text": 9027}, "Computer": "DC01.garfield.htb", "RawEvent": {"#attributes": {"xmlns": "http://schemas.microsoft.com/win/2004/08/events/event"}, "System": {"Provider": {"#attributes": {"Name": "Desktop Window Manager"}}, "EventID": {"#attributes": {"Qualifiers": 16384}, "#text": 9027}, "Level": 4, "Task": 0, "Keywords": "0x80000000000000", "TimeCreated": {"#attributes": {"SystemTime": "2026-01-27T22:17:39.908628Z"}}, "EventRecordID": 1782, "Channel": "Application", "Computer": "DC01.garfield.htb", "Security": null}, "EventData": {"Data": {"#text": ""}, "Binary": null}}},
{"TimeGenerated": "2026-01-27T22:17:41.517998Z", "EventID": {"#attributes": {"Qualifiers": 16384}, "#text": 8230}, "Computer": "DC01.garfield.htb", "RawEvent": {"#attributes": {"xmlns": "http://schemas.microsoft.com/win/2004/08/events/event"}, "System": {"Provider": {"#attributes": {"Name": "Microsoft-Windows-Security-SPP", "Guid": "{E23B33B0-C8C9-472C-A5F9-F2BDFEA0F156}", "EventSourceName": "Software Protection Platform Service"}}, "EventID": {"#attributes": {"Qualifiers": 16384}, "#text": 8230}, "Version": 0, "Level": 4, "Task": 0, "Opcode": 0, "Keywords": "0x80000000000000", "TimeCreated": {"#attributes": {"SystemTime": "2026-01-27T22:17:41.517998Z"}}, "EventRecordID": 1783, "Correlation": null, "Execution": {"#attributes": {"ProcessID": 0, "ThreadID": 0}}, "Channel": "Application", "Computer": "DC01.garfield.htb", "Security": null}, "EventData": {"Data": {"#text": "Security-SPP-Action-StateData (REG_SZ) =AppId=55c92734-d682-4d71-983e-d6ec3f16059f;GraceEndDate=2026/02/09:10:54:41;LastConsumptionReason=0x4004fc04;LastNotificationId=TBLExpiring;LicenseState=SL_LICENSING_STATUS_LICENSED;PartialProductKey=Y7XRX;ProductKeyType=Retail:TB:Eval;SkuId=7783a126-c108-4cf7-b59f-13c78c7a7337;ruleId=17fd3d63-7be4-49b1-8d16-2e0fe9fddbc2;uxDifferentiator=TIMEBASED_EVAL"}, "Binary": null}}},
{"TimeGenerated": "2026-01-27T22:17:41.596124Z", "EventID": {"#attributes": {"Qualifiers": 49152}, "#text": 8197}, "Computer": "DC01.garfield.htb", "RawEvent": {"#attributes": {"xmlns": "http://schemas.microsoft.com/win/2004/08/events/event"}, "System": {"Provider": {"#attributes": {"Name": "Microsoft-Windows-Security-SPP", "Guid": "{E23B33B0-C8C9-472C-A5F9-F2BDFEA0F156}", "EventSourceName": "Software Protection Platform Service"}}, "EventID": {"#attributes": {"Qualifiers": 49152}, "#text": 8197}, "Version": 0, "Level": 4, "Task": 0, "Opcode": 0, "Keywords": "0x80000000000000", "TimeCreated": {"#attributes": {"SystemTime": "2026-01-27T22:17:41.596124Z"}}, "EventRecordID": 1784, "Correlation": null, "Execution": {"#attributes": {"ProcessID": 0, "ThreadID": 0}}, "Channel": "Application", "Computer": "DC01.garfield.htb", "Security": null}, "EventData": {"Data": {"#text": "RuleId=17fd3d63-7be4-49b1-8d16-2e0fe9fddbc2;Action=NotifyUser;AppId=55c92734-d682-4d71-983e-d6ec3f16059f;SkuId=7783a126-c108-4cf7-b59f-13c78c7a7337;NotificationInterval=1440;Trigger=UserLogon;SessionId=4"}, "Binary": null}}},
{"TimeGenerated": "2026-01-27T22:17:45.330561Z", "EventID": {"#attributes": {"Qualifiers": 0}, "#text": 102}, "Computer": "DC01.garfield.htb", "RawEvent": {"#attributes": {"xmlns": "http://schemas.microsoft.com/win/2004/08/events/event"}, "System": {"Provider": {"#attributes": {"Name": "ESENT"}}, "EventID": {"#attributes": {"Qualifiers": 0}, "#text": 102}, "Level": 4, "Task": 1, "Keywords": "0x80000000000000", "TimeCreated": {"#attributes": {"SystemTime": "2026-01-27T22:17:45.330561Z"}}, "EventRecordID": 1785, "Channel": "Application", "Computer": "DC01.garfield.htb", "Security": null}, "EventData": {"Data": {"#text": ["DFSRs", "3188,P,98", "\\\\.\\C:\\System Volume Information\\DFSR\\database_A41A_4703_1A46_D1CA\\dfsr.db: ", "0", "10", "00", "17763", "0000"]}, "Binary": null}}},
{"TimeGenerated": "2026-01-27T22:17:45.393052Z", "EventID": {"#attributes": {"Qualifiers": 0}, "#text": 105}, "Computer": "DC01.garfield.htb", "RawEvent": {"#attributes": {"xmlns": "http://schemas.microsoft.com/win/2004/08/events/event"}, "System": {"Provider": {"#attributes": {"Name": "ESENT"}}, "EventID": {"#attributes": {"Qualifiers": 0}, "#text": 105}, "Level": 4, "Task": 1, "Keywords": "0x80000000000000", "TimeCreated": {"#attributes": {"SystemTime": "2026-01-27T22:17:45.393052Z"}}, "EventRecordID": 1786, "Channel": "Application", "Computer": "DC01.garfield.htb", "Security": null}, "EventData": {"Data": {"#text": ["DFSRs", "3188,D,0", "\\\\.\\C:\\System Volume Information\\DFSR\\database_A41A_4703_1A46_D1CA\\dfsr.db: ", "0", "0", "\n[1] 0.009444 +J(0) +M(C:0K, Fs:282, WS:1088K # 1088K, PF:6460K # 6452K, P:6460K)\n[2] 0.000598 +J(0) +M(C:16K, Fs:100, WS:392K # 392K, PF:328K # 328K, P:328K)\n[3] 0.000026 +J(0) +M(C:0K, Fs:5, WS:16K # 16K, PF:68K # 68K, P:68K)\n[4] 0.000614 +J(0) +M(C:2032K, Fs:39, WS:152K # 152K, PF:2444K # 2444K, P:2444K)\n[5] 0.001540 +J(0) +M(C:0K, Fs:12, WS:48K # 48K, PF:24K # 24K, P:24K)\n[6] 0.002636 +J(0) +M(C:0K, Fs:10, WS:-36K # 32K, PF:-92K # 12K, P:-92K)\n[7] -\n[8] -\n[9] -\n[10] -\n[11] -\n[12] -\n[13] 0.049945 -0.031667 (36) WT +J(CM:0, PgRf:0, Rd:0/0, Dy:0/0, Lg:616/1) +M(C:0K, Fs:1421, WS:556K # 5588K, PF:28K # 5052K, P:28K)\n[14] 0.000026 +J(0) +M(C:0K, Fs:1, WS:4K # 0K, PF:0K # 0K, P:0K)\n[15] 0.000151 +J(0) +M(C:0K, Fs:64, WS:256K # 0K, PF:64K # 0K, P:64K)\n[16] 0.015355 -0.000249 (3) WT +J(0) +M(C:0K, Fs:5, WS:12K # 0K, PF:0K # 0K, P:0K).", ""]}, "Binary": null}}},
{"TimeGenerated": "2026-01-27T22:17:45.409061Z", "EventID": {"#attributes": {"Qualifiers": 0}, "#text": 637}, "Computer": "DC01.garfield.htb", "RawEvent": {"#attributes": {"xmlns": "http://schemas.microsoft.com/win/2004/08/events/event"}, "System": {"Provider": {"#attributes": {"Name": "ESENT"}}, "EventID": {"#attributes": {"Qualifiers": 0}, "#text": 637}, "Level": 4, "Task": 1, "Keywords": "0x80000000000000", "TimeCreated": {"#attributes": {"SystemTime": "2026-01-27T22:17:45.409061Z"}}, "EventRecordID": 1787, "Channel": "Application", "Computer": "DC01.garfield.htb", "Security": null}, "EventData": {"Data": {"#text": ["DFSRs", "3188,D,35", "\\\\.\\C:\\System Volume Information\\DFSR\\database_A41A_4703_1A46_D1CA\\dfsr.db: ", "\\\\.\\C:\\System Volume Information\\DFSR\\database_A41A_4703_1A46_D1CA\\dfsr.jfm"]}, "Binary": null}}},
{"TimeGenerated": "2026-01-27T22:17:45.439975Z", "EventID": {"#attributes": {"Qualifiers": 0}, "#text": 325}, "Computer": "DC01.garfield.htb", "RawEvent": {"#attributes": {"xmlns": "http://schemas.microsoft.com/win/2004/08/events/event"}, "System": {"Provider": {"#attributes": {"Name": "ESENT"}}, "EventID": {"#attributes": {"Qualifiers": 0}, "#text": 325}, "Level": 4, "Task": 1, "Keywords": "0x80000000000000", "TimeCreated": {"#attributes": {"SystemTime": "2026-01-27T22:17:45.439975Z"}}, "EventRecordID": 1788, "Channel": "Application", "Computer": "DC01.garfield.htb", "Security": null}, "EventData": {"Data": {"#text": ["DFSRs", "3188,D,35", "\\\\.\\C:\\System Volume Information\\DFSR\\database_A41A_4703_1A46_D1CA\\dfsr.db: ", "1", "\\\\.\\C:\\System Volume Information\\DFSR\\database_A41A_4703_1A46_D1CA\\dfsr.db", "0", "\n[1] 0.000189 +J(0) +M(C:0K, Fs:3, WS:12K # 0K, PF:8K # 0K, P:8K)\n[2] 0.004172 -0.001737 (1) WT +J(CM:0, PgRf:0, Rd:0/0, Dy:0/0, Lg:3480/2) +M(C:0K, Fs:1, WS:4K # 0K, PF:0K # 0K, P:0K)\n[3] 0.014013 -0.000003 (3) WT +J(0) +M(C:0K, Fs:18, WS:60K # 0K, PF:44K # 0K, P:44K)\n[4] 0.000268 +J(0)\n[5] 0.000180 +J(CM:0, PgRf:3, Rd:0/0, Dy:3/6, Lg:122/4) +M(C:0K, Fs:35, WS:140K # 0K, PF:148K # 0K, P:148K)\n[6] 0.002811 -0.000844 (1) WT +J(CM:0, PgRf:209, Rd:0/0, Dy:12/408, Lg:24454/447) +M(C:0K, Fs:63, WS:252K # 0K, PF:220K # 0K, P:220K)\n[7] 0.001416 -0.000773 (1) WT +J(CM:0, PgRf:0, Rd:0/0, Dy:0/0, Lg:4096/2) +M(C:0K, Fs:1, WS:4K # 0K, PF:0K # 0K, P:0K)\n[8] 0.000005 +J(0)\n[9] 0.010283 -0.008756 (3) WT +J(0) +M(C:-52K, Fs:23, WS:20K # 0K, PF:52K # 0K, P:52K)\n[10] 0.006227 -0.002994 (5) WT +J(CM:0, PgRf:346, Rd:0/0, Dy:7/93, Lg:12509/128) +M(C:12K, Fs:34, WS:128K # 0K, PF:108K # 0K, P:108K)\n[11] 0.000003 +J(0).", "0 0", "lgposCreate = 00000001:0001:0268"]}, "Binary": null}}},
