{"TimeGenerated": "2025-08-13T10:59:58.051488Z", "EventID": {"#attributes": {"Qualifiers": 16384}, "#text": 7036}, "Computer": "DC01", "RawEvent": {"#attributes": {"xmlns": "http://schemas.microsoft.com/win/2004/08/events/event"}, "System": {"Provider": {"#attributes": {"Name": "Service Control Manager", "Guid": "{555908d1-a6d7-4695-8e1e-26931d2012f4}", "EventSourceName": "Service Control Manager"}}, "EventID": {"#attributes": {"Qualifiers": 16384}, "#text": 7036}, "Version": 0, "Level": 4, "Task": 0, "Opcode": 0, "Keywords": "0x8080000000000000", "TimeCreated": {"#attributes": {"SystemTime": "2025-08-13T10:59:58.051488Z"}}, "EventRecordID": 752, "Correlation": null, "Execution": {"#attributes": {"ProcessID": 664, "ThreadID": 3836}}, "Channel": "System", "Computer": "DC01", "Security": null}, "EventData": {"param1": "Windows Modules Installer", "param2": "running", "Binary": "540072007500730074006500640049006E007300740061006C006C00650072002F0034000000"}}},
{"TimeGenerated": "2025-08-13T11:00:01.898244Z", "EventID": {"#attributes": {"Qualifiers": 16384}, "#text": 7036}, "Computer": "DC01", "RawEvent": {"#attributes": {"xmlns": "http://schemas.microsoft.com/win/2004/08/events/event"}, "System": {"Provider": {"#attributes": {"Name": "Service Control Manager", "Guid": "{555908d1-a6d7-4695-8e1e-26931d2012f4}", "EventSourceName": "Service Control Manager"}}, "EventID": {"#attributes": {"Qualifiers": 16384}, "#text": 7036}, "Version": 0, "Level": 4, "Task": 0, "Opcode": 0, "Keywords": "0x8080000000000000", "TimeCreated": {"#attributes": {"SystemTime": "2025-08-13T11:00:01.898244Z"}}, "EventRecordID": 753, "Correlation": null, "Execution": {"#attributes": {"ProcessID": 664, "ThreadID": 3836}}, "Channel": "System", "Computer": "DC01", "Security": null}, "EventData": {"param1": "Downloaded Maps Manager", "param2": "stopped", "Binary": "4D00610070007300420072006F006B00650072002F0031000000"}}},
{"TimeGenerated": "2025-08-13T11:00:01.927329Z", "EventID": {"#attributes": {"Qualifiers": 16384}, "#text": 7040}, "Computer": "DC01", "RawEvent": {"#attributes": {"xmlns": "http://schemas.microsoft.com/win/2004/08/events/event"}, "System": {"Provider": {"#attributes": {"Name": "Service Control Manager", "Guid": "{555908d1-a6d7-4695-8e1e-26931d2012f4}", "EventSourceName": "Service Control Manager"}}, "EventID": {"#attributes": {"Qualifiers": 16384}, "#text": 7040}, "Version": 0, "Level": 4, "Task": 0, "Opcode": 0, "Keywords": "0x8080000000000000", "TimeCreated": {"#attributes": {"SystemTime": "2025-08-13T11:00:01.927329Z"}}, "EventRecordID": 754, "Correlation": null, "Execution": {"#attributes": {"ProcessID": 664, "ThreadID": 3836}}, "Channel": "System", "Computer": "DC01", "Security": {"#attributes": {"UserID": "S-1-5-18"}}}, "EventData": {"param1": "Windows Modules Installer", "param2": "demand start", "param3": "auto start", "param4": "TrustedInstaller"}}},
{"TimeGenerated": "2025-08-13T11:00:05.565765Z", "EventID": 16, "Computer": "DC01", "RawEvent": {"#attributes": {"xmlns": "http://schemas.microsoft.com/win/2004/08/events/event"}, "System": {"Provider": {"#attributes": {"Name": "Microsoft-Windows-Kernel-General", "Guid": "A68CA8B7-004F-D7B6-A698-07E2DE0F1F5D"}}, "EventID": 16, "Version": 0, "Level": 4, "Task": 0, "Opcode": 0, "Keywords": "0x8000000000000000", "TimeCreated": {"#attributes": {"SystemTime": "2025-08-13T11:00:05.565765Z"}}, "EventRecordID": 755, "Correlation": null, "Execution": {"#attributes": {"ProcessID": 1868, "ThreadID": 2664}}, "Channel": "System", "Computer": "DC01", "Security": {"#attributes": {"UserID": "S-1-5-18"}}}, "EventData": {"HiveNameLength": 52, "HiveName": "\\??\\C:\\Windows\\System32\\SMI\\Store\\Machine\\SCHEMA.DAT", "KeysUpdated": 15579, "DirtyPages": 2686}}},
{"TimeGenerated": "2025-08-13T11:00:12.625969Z", "EventID": {"#attributes": {"Qualifiers": 16384}, "#text": 7036}, "Computer": "DC01", "RawEvent": {"#attributes": {"xmlns": "http://schemas.microsoft.com/win/2004/08/events/event"}, "System": {"Provider": {"#attributes": {"Name": "Service Control Manager", "Guid": "{555908d1-a6d7-4695-8e1e-26931d2012f4}", "EventSourceName": "Service Control Manager"}}, "EventID": {"#attributes": {"Qualifiers": 16384}, "#text": 7036}, "Version": 0, "Level": 4, "Task": 0, "Opcode": 0, "Keywords": "0x8080000000000000", "TimeCreated": {"#attributes": {"SystemTime": "2025-08-13T11:00:12.625969Z"}}, "EventRecordID": 756, "Correlation": null, "Execution": {"#attributes": {"ProcessID": 664, "ThreadID": 3836}}, "Channel": "System", "Computer": "DC01", "Security": null}, "EventData": {"param1": "WMI Performance Adapter", "param2": "stopped", "Binary": "77006D006900410070005300720076002F0031000000"}}},
{"TimeGenerated": "2025-08-13T11:00:13.595445Z", "EventID": {"#attributes": {"Qualifiers": 16384}, "#text": 7036}, "Computer": "DC01", "RawEvent": {"#attributes": {"xmlns": "http://schemas.microsoft.com/win/2004/08/events/event"}, "System": {"Provider": {"#attributes": {"Name": "Service Control Manager", "Guid": "{555908d1-a6d7-4695-8e1e-26931d2012f4}", "EventSourceName": "Service Control Manager"}}, "EventID": {"#attributes": {"Qualifiers": 16384}, "#text": 7036}, "Version": 0, "Level": 4, "Task": 0, "Opcode": 0, "Keywords": "0x8080000000000000", "TimeCreated": {"#attributes": {"SystemTime": "2025-08-13T11:00:13.595445Z"}}, "EventRecordID": 757, "Correlation": null, "Execution": {"#attributes": {"ProcessID": 664, "ThreadID": 5556}}, "Channel": "System", "Computer": "DC01", "Security": null}, "EventData": {"param1": "Microsoft Software Shadow Copy Provider", "param2": "running", "Binary": "730077007000720076002F0034000000"}}},
{"TimeGenerated": "2025-08-13T11:00:22.074180Z", "EventID": {"#attributes": {"Qualifiers": 16384}, "#text": 7036}, "Computer": "DC01", "RawEvent": {"#attributes": {"xmlns": "http://schemas.microsoft.com/win/2004/08/events/event"}, "System": {"Provider": {"#attributes": {"Name": "Service Control Manager", "Guid": "{555908d1-a6d7-4695-8e1e-26931d2012f4}", "EventSourceName": "Service Control Manager"}}, "EventID": {"#attributes": {"Qualifiers": 16384}, "#text": 7036}, "Version": 0, "Level": 4, "Task": 0, "Opcode": 0, "Keywords": "0x8080000000000000", "TimeCreated": {"#attributes": {"SystemTime": "2025-08-13T11:00:22.074180Z"}}, "EventRecordID": 758, "Correlation": null, "Execution": {"#attributes": {"ProcessID": 664, "ThreadID": 5556}}, "Channel": "System", "Computer": "DC01", "Security": null}, "EventData": {"param1": "Software Protection", "param2": "stopped", "Binary": "7300700070007300760063002F0031000000"}}},
{"TimeGenerated": "2025-08-13T11:00:28.889840Z", "EventID": {"#attributes": {"Qualifiers": 16384}, "#text": 7036}, "Computer": "DC01", "RawEvent": {"#attributes": {"xmlns": "http://schemas.microsoft.com/win/2004/08/events/event"}, "System": {"Provider": {"#attributes": {"Name": "Service Control Manager", "Guid": "{555908d1-a6d7-4695-8e1e-26931d2012f4}", "EventSourceName": "Service Control Manager"}}, "EventID": {"#attributes": {"Qualifiers": 16384}, "#text": 7036}, "Version": 0, "Level": 4, "Task": 0, "Opcode": 0, "Keywords": "0x8080000000000000", "TimeCreated": {"#attributes": {"SystemTime": "2025-08-13T11:00:28.889840Z"}}, "EventRecordID": 759, "Correlation": null, "Execution": {"#attributes": {"ProcessID": 664, "ThreadID": 5556}}, "Channel": "System", "Computer": "DC01", "Security": null}, "EventData": {"param1": "Network Setup Service", "param2": "running", "Binary": "4E0065007400530065007400750070005300760063002F0034000000"}}},
{"TimeGenerated": "2025-08-13T11:00:53.371731Z", "EventID": {"#attributes": {"Qualifiers": 32768}, "#text": 1074}, "Computer": "DC01", "RawEvent": {"#attributes": {"xmlns": "http://schemas.microsoft.com/win/2004/08/events/event"}, "System": {"Provider": {"#attributes": {"Name": "User32", "Guid": "{b0aa8734-56f7-41cc-b2f4-de228e98b946}", "EventSourceName": "User32"}}, "EventID": {"#attributes": {"Qualifiers": 32768}, "#text": 1074}, "Version": 0, "Level": 4, "Task": 0, "Opcode": 0, "Keywords": "0x8080000000000000", "TimeCreated": {"#attributes": {"SystemTime": "2025-08-13T11:00:53.371731Z"}}, "EventRecordID": 760, "Correlation": null, "Execution": {"#attributes": {"ProcessID": 416, "ThreadID": 432}}, "Channel": "System", "Computer": "DC01", "Security": {"#attributes": {"UserID": "S-1-5-21-2502726253-3859040611-225969357-500"}}}, "EventData": {"param1": "C:\\Windows\\System32\\RuntimeBroker.exe (DC01)", "param2": "DC01", "param3": "Other (Unplanned)", "param4": "0x5000000", "param5": "restart", "param6": "", "param7": "DC01\\Administrator"}}},
{"TimeGenerated": "2025-08-13T11:00:53.833786Z", "EventID": {"#attributes": {"Qualifiers": 16384}, "#text": 7036}, "Computer": "DC01", "RawEvent": {"#attributes": {"xmlns": "http://schemas.microsoft.com/win/2004/08/events/event"}, "System": {"Provider": {"#attributes": {"Name": "Service Control Manager", "Guid": "{555908d1-a6d7-4695-8e1e-26931d2012f4}", "EventSourceName": "Service Control Manager"}}, "EventID": {"#attributes": {"Qualifiers": 16384}, "#text": 7036}, "Version": 0, "Level": 4, "Task": 0, "Opcode": 0, "Keywords": "0x8080000000000000", "TimeCreated": {"#attributes": {"SystemTime": "2025-08-13T11:00:53.833786Z"}}, "EventRecordID": 761, "Correlation": null, "Execution": {"#attributes": {"ProcessID": 664, "ThreadID": 5556}}, "Channel": "System", "Computer": "DC01", "Security": null}, "EventData": {"param1": "VMware Snapshot Provider", "param2": "stopped", "Binary": "76006D007600730073002F0031000000"}}},
{"TimeGenerated": "2025-08-13T11:00:53.896287Z", "EventID": {"#attributes": {"Qualifiers": 16384}, "#text": 7036}, "Computer": "DC01", "RawEvent": {"#attributes": {"xmlns": "http://schemas.microsoft.com/win/2004/08/events/event"}, "System": {"Provider": {"#attributes": {"Name": "Service Control Manager", "Guid": "{555908d1-a6d7-4695-8e1e-26931d2012f4}", "EventSourceName": "Service Control Manager"}}, "EventID": {"#attributes": {"Qualifiers": 16384}, "#text": 7036}, "Version": 0, "Level": 4, "Task": 0, "Opcode": 0, "Keywords": "0x8080000000000000", "TimeCreated": {"#attributes": {"SystemTime": "2025-08-13T11:00:53.896287Z"}}, "EventRecordID": 762, "Correlation": null, "Execution": {"#attributes": {"ProcessID": 664, "ThreadID": 5548}}, "Channel": "System", "Computer": "DC01", "Security": null}, "EventData": {"param1": "Connected Devices Platform User Service_28bde", "param2": "stopped", "Binary": "43004400500055007300650072005300760063005F00320038006200640065002F0031000000"}}},
{"TimeGenerated": "2025-08-13T11:00:53.896287Z", "EventID": {"#attributes": {"Qualifiers": 16384}, "#text": 7036}, "Computer": "DC01", "RawEvent": {"#attributes": {"xmlns": "http://schemas.microsoft.com/win/2004/08/events/event"}, "System": {"Provider": {"#attributes": {"Name": "Service Control Manager", "Guid": "{555908d1-a6d7-4695-8e1e-26931d2012f4}", "EventSourceName": "Service Control Manager"}}, "EventID": {"#attributes": {"Qualifiers": 16384}, "#text": 7036}, "Version": 0, "Level": 4, "Task": 0, "Opcode": 0, "Keywords": "0x8080000000000000", "TimeCreated": {"#attributes": {"SystemTime": "2025-08-13T11:00:53.896287Z"}}, "EventRecordID": 763, "Correlation": null, "Execution": {"#attributes": {"ProcessID": 664, "ThreadID": 1056}}, "Channel": "System", "Computer": "DC01", "Security": null}, "EventData": {"param1": "Windows Push Notifications User Service_28bde", "param2": "stopped", "Binary": "570070006E00550073006500720053006500720076006900630065005F00320038006200640065002F0031000000"}}},
{"TimeGenerated": "2025-08-13T11:00:53.928183Z", "EventID": 7002, "Computer": "DC01", "RawEvent": {"#attributes": {"xmlns": "http://schemas.microsoft.com/win/2004/08/events/event"}, "System": {"Provider": {"#attributes": {"Name": "Microsoft-Windows-Winlogon", "Guid": "DBE9B383-7CF3-4331-91CC-A3CB16A3B538"}}, "EventID": 7002, "Version": 0, "Level": 4, "Task": 1102, "Opcode": 0, "Keywords": "0x2000200000000000", "TimeCreated": {"#attributes": {"SystemTime": "2025-08-13T11:00:53.928183Z"}}, "EventRecordID": 764, "Correlation": null, "Execution": {"#attributes": {"ProcessID": 620, "ThreadID": 368}}, "Channel": "System", "Computer": "DC01", "Security": {"#attributes": {"UserID": "S-1-5-18"}}}, "EventData": {"TSId": 1, "UserSid": "S-1-5-21-2502726253-3859040611-225969357-500"}}},
{"TimeGenerated": "2025-08-13T11:00:53.943348Z", "EventID": {"#attributes": {"Qualifiers": 16384}, "#text": 7036}, "Computer": "DC01", "RawEvent": {"#attributes": {"xmlns": "http://schemas.microsoft.com/win/2004/08/events/event"}, "System": {"Provider": {"#attributes": {"Name": "Service Control Manager", "Guid": "{555908d1-a6d7-4695-8e1e-26931d2012f4}", "EventSourceName": "Service Control Manager"}}, "EventID": {"#attributes": {"Qualifiers": 16384}, "#text": 7036}, "Version": 0, "Level": 4, "Task": 0, "Opcode": 0, "Keywords": "0x8080000000000000", "TimeCreated": {"#attributes": {"SystemTime": "2025-08-13T11:00:53.943348Z"}}, "EventRecordID": 765, "Correlation": null, "Execution": {"#attributes": {"ProcessID": 664, "ThreadID": 3836}}, "Channel": "System", "Computer": "DC01", "Security": null}, "EventData": {"param1": "Group Policy Client", "param2": "stopped", "Binary": "670070007300760063002F0031000000"}}},
{"TimeGenerated": "2025-08-13T11:00:58.444037Z", "EventID": {"#attributes": {"Qualifiers": 7}, "#text": 10149}, "Computer": "DC01", "RawEvent": {"#attributes": {"xmlns": "http://schemas.microsoft.com/win/2004/08/events/event"}, "System": {"Provider": {"#attributes": {"Name": "Microsoft-Windows-WinRM", "Guid": "{A7975C8F-AC13-49F1-87DA-5A984A4AB417}", "EventSourceName": "WinRM"}}, "EventID": {"#attributes": {"Qualifiers": 7}, "#text": 10149}, "Version": 0, "Level": 3, "Task": 0, "Opcode": 0, "Keywords": "0x80000000000000", "TimeCreated": {"#attributes": {"SystemTime": "2025-08-13T11:00:58.444037Z"}}, "EventRecordID": 766, "Correlation": null, "Execution": {"#attributes": {"ProcessID": 0, "ThreadID": 0}}, "Channel": "System", "Computer": "DC01", "Security": null}, "EventData": {"#attributes": {"Name": "Stopped Listening"}}}},
{"TimeGenerated": "2025-08-13T11:00:58.458724Z", "EventID": {"#attributes": {"Qualifiers": 32768}, "#text": 6006}, "Computer": "DC01", "RawEvent": {"#attributes": {"xmlns": "http://schemas.microsoft.com/win/2004/08/events/event"}, "System": {"Provider": {"#attributes": {"Name": "EventLog"}}, "EventID": {"#attributes": {"Qualifiers": 32768}, "#text": 6006}, "Level": 4, "Task": 0, "Keywords": "0x80000000000000", "TimeCreated": {"#attributes": {"SystemTime": "2025-08-13T11:00:58.458724Z"}}, "EventRecordID": 767, "Channel": "System", "Computer": "DC01", "Security": null}, "EventData": {"Data": {"#text": ""}, "Binary": "0100000000000000"}}},
{"TimeGenerated": "2025-08-13T11:00:58.177667Z", "EventID": {"#attributes": {"Qualifiers": 16384}, "#text": 7036}, "Computer": "DC01", "RawEvent": {"#attributes": {"xmlns": "http://schemas.microsoft.com/win/2004/08/events/event"}, "System": {"Provider": {"#attributes": {"Name": "Service Control Manager", "Guid": "{555908d1-a6d7-4695-8e1e-26931d2012f4}", "EventSourceName": "Service Control Manager"}}, "EventID": {"#attributes": {"Qualifiers": 16384}, "#text": 7036}, "Version": 0, "Level": 4, "Task": 0, "Opcode": 0, "Keywords": "0x8080000000000000", "TimeCreated": {"#attributes": {"SystemTime": "2025-08-13T11:00:58.177667Z"}}, "EventRecordID": 768, "Correlation": null, "Execution": {"#attributes": {"ProcessID": 664, "ThreadID": 3836}}, "Channel": "System", "Computer": "DC01", "Security": null}, "EventData": {"param1": "Windows Modules Installer", "param2": "stopped", "Binary": "540072007500730074006500640049006E007300740061006C006C00650072002F0031000000"}}},
{"TimeGenerated": "2025-08-13T11:00:58.208950Z", "EventID": {"#attributes": {"Qualifiers": 16384}, "#text": 7036}, "Computer": "DC01", "RawEvent": {"#attributes": {"xmlns": "http://schemas.microsoft.com/win/2004/08/events/event"}, "System": {"Provider": {"#attributes": {"Name": "Service Control Manager", "Guid": "{555908d1-a6d7-4695-8e1e-26931d2012f4}", "EventSourceName": "Service Control Manager"}}, "EventID": {"#attributes": {"Qualifiers": 16384}, "#text": 7036}, "Version": 0, "Level": 4, "Task": 0, "Opcode": 0, "Keywords": "0x8080000000000000", "TimeCreated": {"#attributes": {"SystemTime": "2025-08-13T11:00:58.208950Z"}}, "EventRecordID": 769, "Correlation": null, "Execution": {"#attributes": {"ProcessID": 664, "ThreadID": 4976}}, "Channel": "System", "Computer": "DC01", "Security": null}, "EventData": {"param1": "VMware Tools", "param2": "stopped", "Binary": "56004D0054006F006F006C0073002F0031000000"}}},
{"TimeGenerated": "2025-08-13T11:00:58.225983Z", "EventID": {"#attributes": {"Qualifiers": 16384}, "#text": 7036}, "Computer": "DC01", "RawEvent": {"#attributes": {"xmlns": "http://schemas.microsoft.com/win/2004/08/events/event"}, "System": {"Provider": {"#attributes": {"Name": "Service Control Manager", "Guid": "{555908d1-a6d7-4695-8e1e-26931d2012f4}", "EventSourceName": "Service Control Manager"}}, "EventID": {"#attributes": {"Qualifiers": 16384}, "#text": 7036}, "Version": 0, "Level": 4, "Task": 0, "Opcode": 0, "Keywords": "0x8080000000000000", "TimeCreated": {"#attributes": {"SystemTime": "2025-08-13T11:00:58.225983Z"}}, "EventRecordID": 770, "Correlation": null, "Execution": {"#attributes": {"ProcessID": 664, "ThreadID": 4976}}, "Channel": "System", "Computer": "DC01", "Security": null}, "EventData": {"param1": "User Access Logging Service", "param2": "stopped", "Binary": "550041004C005300560043002F0031000000"}}},
{"TimeGenerated": "2025-08-13T11:00:58.241608Z", "EventID": {"#attributes": {"Qualifiers": 16384}, "#text": 7036}, "Computer": "DC01", "RawEvent": {"#attributes": {"xmlns": "http://schemas.microsoft.com/win/2004/08/events/event"}, "System": {"Provider": {"#attributes": {"Name": "Service Control Manager", "Guid": "{555908d1-a6d7-4695-8e1e-26931d2012f4}", "EventSourceName": "Service Control Manager"}}, "EventID": {"#attributes": {"Qualifiers": 16384}, "#text": 7036}, "Version": 0, "Level": 4, "Task": 0, "Opcode": 0, "Keywords": "0x8080000000000000", "TimeCreated": {"#attributes": {"SystemTime": "2025-08-13T11:00:58.241608Z"}}, "EventRecordID": 771, "Correlation": null, "Execution": {"#attributes": {"ProcessID": 664, "ThreadID": 4976}}, "Channel": "System", "Computer": "DC01", "Security": null}, "EventData": {"param1": "Connected User Experiences and Telemetry", "param2": "stopped", "Binary": "440069006100670054007200610063006B002F0031000000"}}},
{"TimeGenerated": "2025-08-13T11:00:58.271268Z", "EventID": {"#attributes": {"Qualifiers": 16384}, "#text": 7036}, "Computer": "DC01", "RawEvent": {"#attributes": {"xmlns": "http://schemas.microsoft.com/win/2004/08/events/event"}, "System": {"Provider": {"#attributes": {"Name": "Service Control Manager", "Guid": "{555908d1-a6d7-4695-8e1e-26931d2012f4}", "EventSourceName": "Service Control Manager"}}, "EventID": {"#attributes": {"Qualifiers": 16384}, "#text": 7036}, "Version": 0, "Level": 4, "Task": 0, "Opcode": 0, "Keywords": "0x8080000000000000", "TimeCreated": {"#attributes": {"SystemTime": "2025-08-13T11:00:58.271268Z"}}, "EventRecordID": 772, "Correlation": null, "Execution": {"#attributes": {"ProcessID": 664, "ThreadID": 3836}}, "Channel": "System", "Computer": "DC01", "Security": null}, "EventData": {"param1": "Background Intelligent Transfer Service", "param2": "stopped", "Binary": "42004900540053002F0031000000"}}},
{"TimeGenerated": "2025-08-13T11:00:58.444368Z", "EventID": 1, "Computer": "DC01", "RawEvent": {"#attributes": {"xmlns": "http://schemas.microsoft.com/win/2004/08/events/event"}, "System": {"Provider": {"#attributes": {"Name": "Microsoft-Windows-Kernel-General", "Guid": "A68CA8B7-004F-D7B6-A698-07E2DE0F1F5D"}}, "EventID": 1, "Version": 2, "Level": 4, "Task": 5, "Opcode": 0, "Keywords": "0x8000000000000010", "TimeCreated": {"#attributes": {"SystemTime": "2025-08-13T11:00:58.444368Z"}}, "EventRecordID": 773, "Correlation": null, "Execution": {"#attributes": {"ProcessID": 2960, "ThreadID": 3248}}, "Channel": "System", "Computer": "DC01", "Security": {"#attributes": {"UserID": "S-1-5-19"}}}, "EventData": {"NewTime": "2025-08-13T11:00:58.444037Z", "OldTime": "2025-08-13T11:00:58.443314Z", "Reason": 1, "ProcessName": "\\Device\\HarddiskVolume4\\Windows\\System32\\svchost.exe", "ProcessID": 2960}}},
{"TimeGenerated": "2025-08-13T11:00:58.446375Z", "EventID": 50104, "Computer": "DC01", "RawEvent": {"#attributes": {"xmlns": "http://schemas.microsoft.com/win/2004/08/events/event"}, "System": {"Provider": {"#attributes": {"Name": "Microsoft-Windows-Dhcp-Client", "Guid": "15A7A4F8-0072-4EAB-ABAD-F98A4D666AED"}}, "EventID": 50104, "Version": 0, "Level": 4, "Task": 4, "Opcode": 129, "Keywords": "0x2000000000000000", "TimeCreated": {"#attributes": {"SystemTime": "2025-08-13T11:00:58.446375Z"}}, "EventRecordID": 774, "Correlation": null, "Execution": {"#attributes": {"ProcessID": 1336, "ThreadID": 1340}}, "Channel": "System", "Computer": "DC01", "Security": {"#attributes": {"UserID": "S-1-5-19"}}}, "EventData": null}},
{"TimeGenerated": "2025-08-13T11:00:58.446529Z", "EventID": 50105, "Computer": "DC01", "RawEvent": {"#attributes": {"xmlns": "http://schemas.microsoft.com/win/2004/08/events/event"}, "System": {"Provider": {"#attributes": {"Name": "Microsoft-Windows-Dhcp-Client", "Guid": "15A7A4F8-0072-4EAB-ABAD-F98A4D666AED"}}, "EventID": 50105, "Version": 0, "Level": 4, "Task": 4, "Opcode": 129, "Keywords": "0x2000000000000000", "TimeCreated": {"#attributes": {"SystemTime": "2025-08-13T11:00:58.446529Z"}}, "EventRecordID": 775, "Correlation": null, "Execution": {"#attributes": {"ProcessID": 1336, "ThreadID": 1356}}, "Channel": "System", "Computer": "DC01", "Security": {"#attributes": {"UserID": "S-1-5-19"}}}, "EventData": null}},
{"TimeGenerated": "2025-08-13T11:00:58.444444Z", "EventID": {"#attributes": {"Qualifiers": 16384}, "#text": 7036}, "Computer": "DC01", "RawEvent": {"#attributes": {"xmlns": "http://schemas.microsoft.com/win/2004/08/events/event"}, "System": {"Provider": {"#attributes": {"Name": "Service Control Manager", "Guid": "{555908d1-a6d7-4695-8e1e-26931d2012f4}", "EventSourceName": "Service Control Manager"}}, "EventID": {"#attributes": {"Qualifiers": 16384}, "#text": 7036}, "Version": 0, "Level": 4, "Task": 0, "Opcode": 0, "Keywords": "0x8080000000000000", "TimeCreated": {"#attributes": {"SystemTime": "2025-08-13T11:00:58.444444Z"}}, "EventRecordID": 776, "Correlation": null, "Execution": {"#attributes": {"ProcessID": 664, "ThreadID": 3836}}, "Channel": "System", "Computer": "DC01", "Security": null}, "EventData": {"param1": "SysMain", "param2": "stopped", "Binary": "5300790073004D00610069006E002F0031000000"}}},
{"TimeGenerated": "2025-08-13T11:00:58.444444Z", "EventID": {"#attributes": {"Qualifiers": 16384}, "#text": 7036}, "Computer": "DC01", "RawEvent": {"#attributes": {"xmlns": "http://schemas.microsoft.com/win/2004/08/events/event"}, "System": {"Provider": {"#attributes": {"Name": "Service Control Manager", "Guid": "{555908d1-a6d7-4695-8e1e-26931d2012f4}", "EventSourceName": "Service Control Manager"}}, "EventID": {"#attributes": {"Qualifiers": 16384}, "#text": 7036}, "Version": 0, "Level": 4, "Task": 0, "Opcode": 0, "Keywords": "0x8080000000000000", "TimeCreated": {"#attributes": {"SystemTime": "2025-08-13T11:00:58.444444Z"}}, "EventRecordID": 777, "Correlation": null, "Execution": {"#attributes": {"ProcessID": 664, "ThreadID": 3836}}, "Channel": "System", "Computer": "DC01", "Security": null}, "EventData": {"param1": "User Profile Service", "param2": "stopped", "Binary": "500072006F0066005300760063002F0031000000"}}},
{"TimeGenerated": "2025-08-13T11:00:58.444444Z", "EventID": {"#attributes": {"Qualifiers": 16384}, "#text": 7036}, "Computer": "DC01", "RawEvent": {"#attributes": {"xmlns": "http://schemas.microsoft.com/win/2004/08/events/event"}, "System": {"Provider": {"#attributes": {"Name": "Service Control Manager", "Guid": "{555908d1-a6d7-4695-8e1e-26931d2012f4}", "EventSourceName": "Service Control Manager"}}, "EventID": {"#attributes": {"Qualifiers": 16384}, "#text": 7036}, "Version": 0, "Level": 4, "Task": 0, "Opcode": 0, "Keywords": "0x8080000000000000", "TimeCreated": {"#attributes": {"SystemTime": "2025-08-13T11:00:58.444444Z"}}, "EventRecordID": 778, "Correlation": null, "Execution": {"#attributes": {"ProcessID": 664, "ThreadID": 5548}}, "Channel": "System", "Computer": "DC01", "Security": null}, "EventData": {"param1": "State Repository Service", "param2": "stopped", "Binary": "530074006100740065005200650070006F007300690074006F00720079002F0031000000"}}},
{"TimeGenerated": "2025-08-13T11:00:58.444444Z", "EventID": {"#attributes": {"Qualifiers": 16384}, "#text": 7036}, "Computer": "DC01", "RawEvent": {"#attributes": {"xmlns": "http://schemas.microsoft.com/win/2004/08/events/event"}, "System": {"Provider": {"#attributes": {"Name": "Service Control Manager", "Guid": "{555908d1-a6d7-4695-8e1e-26931d2012f4}", "EventSourceName": "Service Control Manager"}}, "EventID": {"#attributes": {"Qualifiers": 16384}, "#text": 7036}, "Version": 0, "Level": 4, "Task": 0, "Opcode": 0, "Keywords": "0x8080000000000000", "TimeCreated": {"#attributes": {"SystemTime": "2025-08-13T11:00:58.444444Z"}}, "EventRecordID": 779, "Correlation": null, "Execution": {"#attributes": {"ProcessID": 664, "ThreadID": 4976}}, "Channel": "System", "Computer": "DC01", "Security": null}, "EventData": {"param1": "Plug and Play", "param2": "stopped", "Binary": "50006C007500670050006C00610079002F0031000000"}}},
{"TimeGenerated": "2025-08-13T11:00:58.444444Z", "EventID": {"#attributes": {"Qualifiers": 16384}, "#text": 7036}, "Computer": "DC01", "RawEvent": {"#attributes": {"xmlns": "http://schemas.microsoft.com/win/2004/08/events/event"}, "System": {"Provider": {"#attributes": {"Name": "Service Control Manager", "Guid": "{555908d1-a6d7-4695-8e1e-26931d2012f4}", "EventSourceName": "Service Control Manager"}}, "EventID": {"#attributes": {"Qualifiers": 16384}, "#text": 7036}, "Version": 0, "Level": 4, "Task": 0, "Opcode": 0, "Keywords": "0x8080000000000000", "TimeCreated": {"#attributes": {"SystemTime": "2025-08-13T11:00:58.444444Z"}}, "EventRecordID": 780, "Correlation": null, "Execution": {"#attributes": {"ProcessID": 664, "ThreadID": 4976}}, "Channel": "System", "Computer": "DC01", "Security": null}, "EventData": {"param1": "Windows Licensing Monitoring Service", "param2": "stopped", "Binary": "57004C004D0053002F0031000000"}}},
{"TimeGenerated": "2025-08-13T11:00:58.444444Z", "EventID": {"#attributes": {"Qualifiers": 16384}, "#text": 7036}, "Computer": "DC01", "RawEvent": {"#attributes": {"xmlns": "http://schemas.microsoft.com/win/2004/08/events/event"}, "System": {"Provider": {"#attributes": {"Name": "Service Control Manager", "Guid": "{555908d1-a6d7-4695-8e1e-26931d2012f4}", "EventSourceName": "Service Control Manager"}}, "EventID": {"#attributes": {"Qualifiers": 16384}, "#text": 7036}, "Version": 0, "Level": 4, "Task": 0, "Opcode": 0, "Keywords": "0x8080000000000000", "TimeCreated": {"#attributes": {"SystemTime": "2025-08-13T11:00:58.444444Z"}}, "EventRecordID": 781, "Correlation": null, "Execution": {"#attributes": {"ProcessID": 664, "ThreadID": 4976}}, "Channel": "System", "Computer": "DC01", "Security": null}, "EventData": {"param1": "AppX Deployment Service (AppXSVC)", "param2": "stopped", "Binary": "41007000700058005300760063002F0031000000"}}},
{"TimeGenerated": "2025-08-13T11:00:58.444444Z", "EventID": {"#attributes": {"Qualifiers": 16384}, "#text": 7036}, "Computer": "DC01", "RawEvent": {"#attributes": {"xmlns": "http://schemas.microsoft.com/win/2004/08/events/event"}, "System": {"Provider": {"#attributes": {"Name": "Service Control Manager", "Guid": "{555908d1-a6d7-4695-8e1e-26931d2012f4}", "EventSourceName": "Service Control Manager"}}, "EventID": {"#attributes": {"Qualifiers": 16384}, "#text": 7036}, "Version": 0, "Level": 4, "Task": 0, "Opcode": 0, "Keywords": "0x8080000000000000", "TimeCreated": {"#attributes": {"SystemTime": "2025-08-13T11:00:58.444444Z"}}, "EventRecordID": 782, "Correlation": null, "Execution": {"#attributes": {"ProcessID": 664, "ThreadID": 4976}}, "Channel": "System", "Computer": "DC01", "Security": null}, "EventData": {"param1": "Windows Time", "param2": "stopped", "Binary": "570033003200540069006D0065002F0031000000"}}},
{"TimeGenerated": "2025-08-13T11:00:58.444444Z", "EventID": {"#attributes": {"Qualifiers": 16384}, "#text": 7036}, "Computer": "DC01", "RawEvent": {"#attributes": {"xmlns": "http://schemas.microsoft.com/win/2004/08/events/event"}, "System": {"Provider": {"#attributes": {"Name": "Service Control Manager", "Guid": "{555908d1-a6d7-4695-8e1e-26931d2012f4}", "EventSourceName": "Service Control Manager"}}, "EventID": {"#attributes": {"Qualifiers": 16384}, "#text": 7036}, "Version": 0, "Level": 4, "Task": 0, "Opcode": 0, "Keywords": "0x8080000000000000", "TimeCreated": {"#attributes": {"SystemTime": "2025-08-13T11:00:58.444444Z"}}, "EventRecordID": 783, "Correlation": null, "Execution": {"#attributes": {"ProcessID": 664, "ThreadID": 5548}}, "Channel": "System", "Computer": "DC01", "Security": null}, "EventData": {"param1": "Windows Font Cache Service", "param2": "stopped", "Binary": "46006F006E007400430061006300680065002F0031000000"}}},
{"TimeGenerated": "2025-08-13T11:00:58.444444Z", "EventID": {"#attributes": {"Qualifiers": 16384}, "#text": 7036}, "Computer": "DC01", "RawEvent": {"#attributes": {"xmlns": "http://schemas.microsoft.com/win/2004/08/events/event"}, "System": {"Provider": {"#attributes": {"Name": "Service Control Manager", "Guid": "{555908d1-a6d7-4695-8e1e-26931d2012f4}", "EventSourceName": "Service Control Manager"}}, "EventID": {"#attributes": {"Qualifiers": 16384}, "#text": 7036}, "Version": 0, "Level": 4, "Task": 0, "Opcode": 0, "Keywords": "0x8080000000000000", "TimeCreated": {"#attributes": {"SystemTime": "2025-08-13T11:00:58.444444Z"}}, "EventRecordID": 784, "Correlation": null, "Execution": {"#attributes": {"ProcessID": 664, "ThreadID": 5548}}, "Channel": "System", "Computer": "DC01", "Security": null}, "EventData": {"param1": "Windows Management Instrumentation", "param2": "stopped", "Binary": "570069006E006D0067006D0074002F0031000000"}}},
{"TimeGenerated": "2025-08-13T11:00:58.451400Z", "EventID": 51047, "Computer": "DC01", "RawEvent": {"#attributes": {"xmlns": "http://schemas.microsoft.com/win/2004/08/events/event"}, "System": {"Provider": {"#attributes": {"Name": "Microsoft-Windows-DHCPv6-Client", "Guid": "6A1F2B00-6A90-4C38-95A5-5CAB3B056778"}}, "EventID": 51047, "Version": 0, "Level": 4, "Task": 4, "Opcode": 63, "Keywords": "0x2000000000000000", "TimeCreated": {"#attributes": {"SystemTime": "2025-08-13T11:00:58.451400Z"}}, "EventRecordID": 785, "Correlation": null, "Execution": {"#attributes": {"ProcessID": 1336, "ThreadID": 1440}}, "Channel": "System", "Computer": "DC01", "Security": {"#attributes": {"UserID": "S-1-5-19"}}}, "EventData": {"DwordVal": 1}}},
{"TimeGenerated": "2025-08-13T11:00:58.451401Z", "EventID": 51057, "Computer": "DC01", "RawEvent": {"#attributes": {"xmlns": "http://schemas.microsoft.com/win/2004/08/events/event"}, "System": {"Provider": {"#attributes": {"Name": "Microsoft-Windows-DHCPv6-Client", "Guid": "6A1F2B00-6A90-4C38-95A5-5CAB3B056778"}}, "EventID": 51057, "Version": 0, "Level": 4, "Task": 4, "Opcode": 104, "Keywords": "0x2000000000000000", "TimeCreated": {"#attributes": {"SystemTime": "2025-08-13T11:00:58.451401Z"}}, "EventRecordID": 786, "Correlation": null, "Execution": {"#attributes": {"ProcessID": 1336, "ThreadID": 1440}}, "Channel": "System", "Computer": "DC01", "Security": {"#attributes": {"UserID": "S-1-5-19"}}}, "EventData": {"DwordVal": 1}}},
{"TimeGenerated": "2025-08-13T11:00:58.444444Z", "EventID": {"#attributes": {"Qualifiers": 16384}, "#text": 7036}, "Computer": "DC01", "RawEvent": {"#attributes": {"xmlns": "http://schemas.microsoft.com/win/2004/08/events/event"}, "System": {"Provider": {"#attributes": {"Name": "Service Control Manager", "Guid": "{555908d1-a6d7-4695-8e1e-26931d2012f4}", "EventSourceName": "Service Control Manager"}}, "EventID": {"#attributes": {"Qualifiers": 16384}, "#text": 7036}, "Version": 0, "Level": 4, "Task": 0, "Opcode": 0, "Keywords": "0x8080000000000000", "TimeCreated": {"#attributes": {"SystemTime": "2025-08-13T11:00:58.444444Z"}}, "EventRecordID": 787, "Correlation": null, "Execution": {"#attributes": {"ProcessID": 664, "ThreadID": 5548}}, "Channel": "System", "Computer": "DC01", "Security": null}, "EventData": {"param1": "Update Orchestrator Service", "param2": "stopped", "Binary": "550073006F005300760063002F0031000000"}}},
{"TimeGenerated": "2025-08-13T11:00:58.444444Z", "EventID": {"#attributes": {"Qualifiers": 16384}, "#text": 7036}, "Computer": "DC01", "RawEvent": {"#attributes": {"xmlns": "http://schemas.microsoft.com/win/2004/08/events/event"}, "System": {"Provider": {"#attributes": {"Name": "Service Control Manager", "Guid": "{555908d1-a6d7-4695-8e1e-26931d2012f4}", "EventSourceName": "Service Control Manager"}}, "EventID": {"#attributes": {"Qualifiers": 16384}, "#text": 7036}, "Version": 0, "Level": 4, "Task": 0, "Opcode": 0, "Keywords": "0x8080000000000000", "TimeCreated": {"#attributes": {"SystemTime": "2025-08-13T11:00:58.444444Z"}}, "EventRecordID": 788, "Correlation": null, "Execution": {"#attributes": {"ProcessID": 664, "ThreadID": 5548}}, "Channel": "System", "Computer": "DC01", "Security": null}, "EventData": {"param1": "Microsoft Software Shadow Copy Provider", "param2": "stopped", "Binary": "730077007000720076002F0031000000"}}},
{"TimeGenerated": "2025-08-13T11:00:58.444444Z", "EventID": {"#attributes": {"Qualifiers": 16384}, "#text": 7036}, "Computer": "DC01", "RawEvent": {"#attributes": {"xmlns": "http://schemas.microsoft.com/win/2004/08/events/event"}, "System": {"Provider": {"#attributes": {"Name": "Service Control Manager", "Guid": "{555908d1-a6d7-4695-8e1e-26931d2012f4}", "EventSourceName": "Service Control Manager"}}, "EventID": {"#attributes": {"Qualifiers": 16384}, "#text": 7036}, "Version": 0, "Level": 4, "Task": 0, "Opcode": 0, "Keywords": "0x8080000000000000", "TimeCreated": {"#attributes": {"SystemTime": "2025-08-13T11:00:58.444444Z"}}, "EventRecordID": 789, "Correlation": null, "Execution": {"#attributes": {"ProcessID": 664, "ThreadID": 4976}}, "Channel": "System", "Computer": "DC01", "Security": null}, "EventData": {"param1": "Distributed Link Tracking Client", "param2": "stopped", "Binary": "540072006B0057006B0073002F0031000000"}}},
{"TimeGenerated": "2025-08-13T11:00:58.444444Z", "EventID": {"#attributes": {"Qualifiers": 16384}, "#text": 7036}, "Computer": "DC01", "RawEvent": {"#attributes": {"xmlns": "http://schemas.microsoft.com/win/2004/08/events/event"}, "System": {"Provider": {"#attributes": {"Name": "Service Control Manager", "Guid": "{555908d1-a6d7-4695-8e1e-26931d2012f4}", "EventSourceName": "Service Control Manager"}}, "EventID": {"#attributes": {"Qualifiers": 16384}, "#text": 7036}, "Version": 0, "Level": 4, "Task": 0, "Opcode": 0, "Keywords": "0x8080000000000000", "TimeCreated": {"#attributes": {"SystemTime": "2025-08-13T11:00:58.444444Z"}}, "EventRecordID": 790, "Correlation": null, "Execution": {"#attributes": {"ProcessID": 664, "ThreadID": 4976}}, "Channel": "System", "Computer": "DC01", "Security": null}, "EventData": {"param1": "Distributed Transaction Coordinator", "param2": "stopped", "Binary": "4D0053004400540043002F0031000000"}}},
{"TimeGenerated": "2025-08-13T11:00:58.444444Z", "EventID": {"#attributes": {"Qualifiers": 16384}, "#text": 7036}, "Computer": "DC01", "RawEvent": {"#attributes": {"xmlns": "http://schemas.microsoft.com/win/2004/08/events/event"}, "System": {"Provider": {"#attributes": {"Name": "Service Control Manager", "Guid": "{555908d1-a6d7-4695-8e1e-26931d2012f4}", "EventSourceName": "Service Control Manager"}}, "EventID": {"#attributes": {"Qualifiers": 16384}, "#text": 7036}, "Version": 0, "Level": 4, "Task": 0, "Opcode": 0, "Keywords": "0x8080000000000000", "TimeCreated": {"#attributes": {"SystemTime": "2025-08-13T11:00:58.444444Z"}}, "EventRecordID": 791, "Correlation": null, "Execution": {"#attributes": {"ProcessID": 664, "ThreadID": 4976}}, "Channel": "System", "Computer": "DC01", "Security": null}, "EventData": {"param1": "Diagnostic Policy Service", "param2": "stopped", "Binary": "4400500053002F0031000000"}}},
{"TimeGenerated": "2025-08-13T11:00:58.458427Z", "EventID": 50106, "Computer": "DC01", "RawEvent": {"#attributes": {"xmlns": "http://schemas.microsoft.com/win/2004/08/events/event"}, "System": {"Provider": {"#attributes": {"Name": "Microsoft-Windows-Dhcp-Client", "Guid": "15A7A4F8-0072-4EAB-ABAD-F98A4D666AED"}}, "EventID": 50106, "Version": 0, "Level": 4, "Task": 4, "Opcode": 129, "Keywords": "0x2000000000000000", "TimeCreated": {"#attributes": {"SystemTime": "2025-08-13T11:00:58.458427Z"}}, "EventRecordID": 792, "Correlation": null, "Execution": {"#attributes": {"ProcessID": 1336, "ThreadID": 1356}}, "Channel": "System", "Computer": "DC01", "Security": {"#attributes": {"UserID": "S-1-5-19"}}}, "EventData": null}},
{"TimeGenerated": "2025-08-13T11:00:58.458434Z", "EventID": 50037, "Computer": "DC01", "RawEvent": {"#attributes": {"xmlns": "http://schemas.microsoft.com/win/2004/08/events/event"}, "System": {"Provider": {"#attributes": {"Name": "Microsoft-Windows-Dhcp-Client", "Guid": "15A7A4F8-0072-4EAB-ABAD-F98A4D666AED"}}, "EventID": 50037, "Version": 0, "Level": 4, "Task": 4, "Opcode": 69, "Keywords": "0x2000000000000000", "TimeCreated": {"#attributes": {"SystemTime": "2025-08-13T11:00:58.458434Z"}}, "EventRecordID": 793, "Correlation": null, "Execution": {"#attributes": {"ProcessID": 1336, "ThreadID": 1356}}, "Channel": "System", "Computer": "DC01", "Security": {"#attributes": {"UserID": "S-1-5-19"}}}, "EventData": {"DwordVal": 1}}},
{"TimeGenerated": "2025-08-13T11:00:58.458724Z", "EventID": {"#attributes": {"Qualifiers": 16384}, "#text": 7036}, "Computer": "DC01", "RawEvent": {"#attributes": {"xmlns": "http://schemas.microsoft.com/win/2004/08/events/event"}, "System": {"Provider": {"#attributes": {"Name": "Service Control Manager", "Guid": "{555908d1-a6d7-4695-8e1e-26931d2012f4}", "EventSourceName": "Service Control Manager"}}, "EventID": {"#attributes": {"Qualifiers": 16384}, "#text": 7036}, "Version": 0, "Level": 4, "Task": 0, "Opcode": 0, "Keywords": "0x8080000000000000", "TimeCreated": {"#attributes": {"SystemTime": "2025-08-13T11:00:58.458724Z"}}, "EventRecordID": 794, "Correlation": null, "Execution": {"#attributes": {"ProcessID": 664, "ThreadID": 4976}}, "Channel": "System", "Computer": "DC01", "Security": null}, "EventData": {"param1": "DHCP Client", "param2": "stopped", "Binary": "44006800630070002F0031000000"}}},
{"TimeGenerated": "2025-08-13T11:00:58.458724Z", "EventID": {"#attributes": {"Qualifiers": 16384}, "#text": 7036}, "Computer": "DC01", "RawEvent": {"#attributes": {"xmlns": "http://schemas.microsoft.com/win/2004/08/events/event"}, "System": {"Provider": {"#attributes": {"Name": "Service Control Manager", "Guid": "{555908d1-a6d7-4695-8e1e-26931d2012f4}", "EventSourceName": "Service Control Manager"}}, "EventID": {"#attributes": {"Qualifiers": 16384}, "#text": 7036}, "Version": 0, "Level": 4, "Task": 0, "Opcode": 0, "Keywords": "0x8080000000000000", "TimeCreated": {"#attributes": {"SystemTime": "2025-08-13T11:00:58.458724Z"}}, "EventRecordID": 795, "Correlation": null, "Execution": {"#attributes": {"ProcessID": 664, "ThreadID": 4976}}, "Channel": "System", "Computer": "DC01", "Security": null}, "EventData": {"param1": "WinHTTP Web Proxy Auto-Discovery Service", "param2": "stopped", "Binary": "570069006E0048007400740070004100750074006F00500072006F00780079005300760063002F0031000000"}}},
{"TimeGenerated": "2025-08-13T11:01:11.302296Z", "EventID": {"#attributes": {"Qualifiers": 32768}, "#text": 6009}, "Computer": "DC01", "RawEvent": {"#attributes": {"xmlns": "http://schemas.microsoft.com/win/2004/08/events/event"}, "System": {"Provider": {"#attributes": {"Name": "EventLog"}}, "EventID": {"#attributes": {"Qualifiers": 32768}, "#text": 6009}, "Level": 4, "Task": 0, "Keywords": "0x80000000000000", "TimeCreated": {"#attributes": {"SystemTime": "2025-08-13T11:01:11.302296Z"}}, "EventRecordID": 796, "Channel": "System", "Computer": "DC01", "Security": null}, "EventData": {"Data": {"#text": ["10.00.", "17763", "", "Multiprocessor Free", "0"]}, "Binary": null}}},
{"TimeGenerated": "2025-08-13T11:01:11.302296Z", "EventID": {"#attributes": {"Qualifiers": 32768}, "#text": 6005}, "Computer": "DC01", "RawEvent": {"#attributes": {"xmlns": "http://schemas.microsoft.com/win/2004/08/events/event"}, "System": {"Provider": {"#attributes": {"Name": "EventLog"}}, "EventID": {"#attributes": {"Qualifiers": 32768}, "#text": 6005}, "Level": 4, "Task": 0, "Keywords": "0x80000000000000", "TimeCreated": {"#attributes": {"SystemTime": "2025-08-13T11:01:11.302296Z"}}, "EventRecordID": 797, "Channel": "System", "Computer": "DC01", "Security": null}, "EventData": {"Data": {"#text": ""}, "Binary": "E907080003000D000B0001000B002E010000000000000000"}}},
{"TimeGenerated": "2025-08-13T11:01:11.302296Z", "EventID": {"#attributes": {"Qualifiers": 32768}, "#text": 6013}, "Computer": "DC01", "RawEvent": {"#attributes": {"xmlns": "http://schemas.microsoft.com/win/2004/08/events/event"}, "System": {"Provider": {"#attributes": {"Name": "EventLog"}}, "EventID": {"#attributes": {"Qualifiers": 32768}, "#text": 6013}, "Level": 4, "Task": 0, "Keywords": "0x80000000000000", "TimeCreated": {"#attributes": {"SystemTime": "2025-08-13T11:01:11.302296Z"}}, "EventRecordID": 798, "Channel": "System", "Computer": "DC01", "Security": null}, "EventData": {"Data": {"#text": ["", "", "", "", "5", "60", "480 Pacific Standard Time"]}, "Binary": "31002E003100000030000000570069006E0064006F007700730020005300650072007600650072002000320030003100390020005300740061006E00640061007200640020004500760061006C0075006100740069006F006E000000310030002E0030002E003100370037003600330020004200750069006C0064002000310037003700360033002000200000004D0075006C0074006900700072006F0063006500730073006F007200200046007200650065000000310037003700360033002E007200730035005F00720065006C0065006100730065002E003100380030003900310034002D00310034003300340000003600380039006300360065006300610000004E006F007400200041007600610069006C00610062006C00650000004E006F007400200041007600610069006C00610062006C00650000003900000034000000340030003900360000003400300039000000440043003000310000000000"}}},
{"TimeGenerated": "2025-08-13T11:00:58.458724Z", "EventID": {"#attributes": {"Qualifiers": 16384}, "#text": 7036}, "Computer": "DC01", "RawEvent": {"#attributes": {"xmlns": "http://schemas.microsoft.com/win/2004/08/events/event"}, "System": {"Provider": {"#attributes": {"Name": "Service Control Manager", "Guid": "{555908d1-a6d7-4695-8e1e-26931d2012f4}", "EventSourceName": "Service Control Manager"}}, "EventID": {"#attributes": {"Qualifiers": 16384}, "#text": 7036}, "Version": 0, "Level": 4, "Task": 0, "Opcode": 0, "Keywords": "0x8080000000000000", "TimeCreated": {"#attributes": {"SystemTime": "2025-08-13T11:00:58.458724Z"}}, "EventRecordID": 799, "Correlation": null, "Execution": {"#attributes": {"ProcessID": 664, "ThreadID": 4976}}, "Channel": "System", "Computer": "DC01", "Security": null}, "EventData": {"param1": "Windows Connection Manager", "param2": "stopped", "Binary": "570063006D007300760063002F0031000000"}}},
{"TimeGenerated": "2025-08-13T11:00:58.474394Z", "EventID": {"#attributes": {"Qualifiers": 16384}, "#text": 7036}, "Computer": "DC01", "RawEvent": {"#attributes": {"xmlns": "http://schemas.microsoft.com/win/2004/08/events/event"}, "System": {"Provider": {"#attributes": {"Name": "Service Control Manager", "Guid": "{555908d1-a6d7-4695-8e1e-26931d2012f4}", "EventSourceName": "Service Control Manager"}}, "EventID": {"#attributes": {"Qualifiers": 16384}, "#text": 7036}, "Version": 0, "Level": 4, "Task": 0, "Opcode": 0, "Keywords": "0x8080000000000000", "TimeCreated": {"#attributes": {"SystemTime": "2025-08-13T11:00:58.474394Z"}}, "EventRecordID": 800, "Correlation": null, "Execution": {"#attributes": {"ProcessID": 664, "ThreadID": 4976}}, "Channel": "System", "Computer": "DC01", "Security": null}, "EventData": {"param1": "Windows Event Log", "param2": "stopped", "Binary": "4500760065006E0074004C006F0067002F0031000000"}}},
{"TimeGenerated": "2025-08-13T11:00:58.490000Z", "EventID": {"#attributes": {"Qualifiers": 16384}, "#text": 7036}, "Computer": "DC01", "RawEvent": {"#attributes": {"xmlns": "http://schemas.microsoft.com/win/2004/08/events/event"}, "System": {"Provider": {"#attributes": {"Name": "Service Control Manager", "Guid": "{555908d1-a6d7-4695-8e1e-26931d2012f4}", "EventSourceName": "Service Control Manager"}}, "EventID": {"#attributes": {"Qualifiers": 16384}, "#text": 7036}, "Version": 0, "Level": 4, "Task": 0, "Opcode": 0, "Keywords": "0x8080000000000000", "TimeCreated": {"#attributes": {"SystemTime": "2025-08-13T11:00:58.490000Z"}}, "EventRecordID": 801, "Correlation": null, "Execution": {"#attributes": {"ProcessID": 664, "ThreadID": 4976}}, "Channel": "System", "Computer": "DC01", "Security": null}, "EventData": {"param1": "Volume Shadow Copy", "param2": "stopped", "Binary": "5600530053002F0031000000"}}},
{"TimeGenerated": "2025-08-13T11:00:58.490000Z", "EventID": {"#attributes": {"Qualifiers": 16384}, "#text": 7036}, "Computer": "DC01", "RawEvent": {"#attributes": {"xmlns": "http://schemas.microsoft.com/win/2004/08/events/event"}, "System": {"Provider": {"#attributes": {"Name": "Service Control Manager", "Guid": "{555908d1-a6d7-4695-8e1e-26931d2012f4}", "EventSourceName": "Service Control Manager"}}, "EventID": {"#attributes": {"Qualifiers": 16384}, "#text": 7036}, "Version": 0, "Level": 4, "Task": 0, "Opcode": 0, "Keywords": "0x8080000000000000", "TimeCreated": {"#attributes": {"SystemTime": "2025-08-13T11:00:58.490000Z"}}, "EventRecordID": 802, "Correlation": null, "Execution": {"#attributes": {"ProcessID": 664, "ThreadID": 4976}}, "Channel": "System", "Computer": "DC01", "Security": null}, "EventData": {"param1": "Task Scheduler", "param2": "stopped", "Binary": "5300630068006500640075006C0065002F0031000000"}}},
{"TimeGenerated": "2025-08-13T11:00:58.505622Z", "EventID": {"#attributes": {"Qualifiers": 16384}, "#text": 7036}, "Computer": "DC01", "RawEvent": {"#attributes": {"xmlns": "http://schemas.microsoft.com/win/2004/08/events/event"}, "System": {"Provider": {"#attributes": {"Name": "Service Control Manager", "Guid": "{555908d1-a6d7-4695-8e1e-26931d2012f4}", "EventSourceName": "Service Control Manager"}}, "EventID": {"#attributes": {"Qualifiers": 16384}, "#text": 7036}, "Version": 0, "Level": 4, "Task": 0, "Opcode": 0, "Keywords": "0x8080000000000000", "TimeCreated": {"#attributes": {"SystemTime": "2025-08-13T11:00:58.505622Z"}}, "EventRecordID": 803, "Correlation": null, "Execution": {"#attributes": {"ProcessID": 664, "ThreadID": 5548}}, "Channel": "System", "Computer": "DC01", "Security": null}, "EventData": {"param1": "Cryptographic Services", "param2": "stopped", "Binary": "430072007900700074005300760063002F0031000000"}}},
{"TimeGenerated": "2025-08-13T11:00:58.523050Z", "EventID": {"#attributes": {"Qualifiers": 16384}, "#text": 7036}, "Computer": "DC01", "RawEvent": {"#attributes": {"xmlns": "http://schemas.microsoft.com/win/2004/08/events/event"}, "System": {"Provider": {"#attributes": {"Name": "Service Control Manager", "Guid": "{555908d1-a6d7-4695-8e1e-26931d2012f4}", "EventSourceName": "Service Control Manager"}}, "EventID": {"#attributes": {"Qualifiers": 16384}, "#text": 7036}, "Version": 0, "Level": 4, "Task": 0, "Opcode": 0, "Keywords": "0x8080000000000000", "TimeCreated": {"#attributes": {"SystemTime": "2025-08-13T11:00:58.523050Z"}}, "EventRecordID": 804, "Correlation": null, "Execution": {"#attributes": {"ProcessID": 664, "ThreadID": 5556}}, "Channel": "System", "Computer": "DC01", "Security": null}, "EventData": {"param1": "Windows Defender Antivirus Service", "param2": "stopped", "Binary": "570069006E0044006500660065006E0064002F0031000000"}}},
{"TimeGenerated": "2025-08-13T11:00:58.547314Z", "EventID": {"#attributes": {"Qualifiers": 16384}, "#text": 7036}, "Computer": "DC01", "RawEvent": {"#attributes": {"xmlns": "http://schemas.microsoft.com/win/2004/08/events/event"}, "System": {"Provider": {"#attributes": {"Name": "Service Control Manager", "Guid": "{555908d1-a6d7-4695-8e1e-26931d2012f4}", "EventSourceName": "Service Control Manager"}}, "EventID": {"#attributes": {"Qualifiers": 16384}, "#text": 7036}, "Version": 0, "Level": 4, "Task": 0, "Opcode": 0, "Keywords": "0x8080000000000000", "TimeCreated": {"#attributes": {"SystemTime": "2025-08-13T11:00:58.547314Z"}}, "EventRecordID": 805, "Correlation": null, "Execution": {"#attributes": {"ProcessID": 664, "ThreadID": 5556}}, "Channel": "System", "Computer": "DC01", "Security": null}, "EventData": {"param1": "Windows Remote Management (WS-Management)", "param2": "stopped", "Binary": "570069006E0052004D002F0031000000"}}},
{"TimeGenerated": "2025-08-13T11:00:59.619069Z", "EventID": {"#attributes": {"Qualifiers": 16384}, "#text": 7036}, "Computer": "DC01", "RawEvent": {"#attributes": {"xmlns": "http://schemas.microsoft.com/win/2004/08/events/event"}, "System": {"Provider": {"#attributes": {"Name": "Service Control Manager", "Guid": "{555908d1-a6d7-4695-8e1e-26931d2012f4}", "EventSourceName": "Service Control Manager"}}, "EventID": {"#attributes": {"Qualifiers": 16384}, "#text": 7036}, "Version": 0, "Level": 4, "Task": 0, "Opcode": 0, "Keywords": "0x8080000000000000", "TimeCreated": {"#attributes": {"SystemTime": "2025-08-13T11:00:59.619069Z"}}, "EventRecordID": 806, "Correlation": null, "Execution": {"#attributes": {"ProcessID": 664, "ThreadID": 5556}}, "Channel": "System", "Computer": "DC01", "Security": null}, "EventData": {"param1": "Function Discovery Resource Publication", "param2": "stopped", "Binary": "460044005200650073005000750062002F0031000000"}}},
