{"TimeGenerated": "2026-01-28T00:42:49.535189Z", "EventID": {"#attributes": {"Qualifiers": 0}, "#text": 108}, "Computer": "DC01.garfield.htb", "RawEvent": {"#attributes": {"xmlns": "http://schemas.microsoft.com/win/2004/08/events/event"}, "System": {"Provider": {"#attributes": {"Name": "VMTools"}}, "EventID": {"#attributes": {"Qualifiers": 0}, "#text": 108}, "Level": 4, "Task": 0, "Keywords": "0x80000000000000", "TimeCreated": {"#attributes": {"SystemTime": "2026-01-28T00:42:49.535189Z"}}, "EventRecordID": 2088, "Channel": "Application", "Computer": "DC01.garfield.htb", "Security": null}, "EventData": {"Data": {"#text": ""}, "Binary": null}}},
{"TimeGenerated": "2026-01-28T00:42:50.003945Z", "EventID": {"#attributes": {"Qualifiers": 16384}, "#text": 903}, "Computer": "DC01.garfield.htb", "RawEvent": {"#attributes": {"xmlns": "http://schemas.microsoft.com/win/2004/08/events/event"}, "System": {"Provider": {"#attributes": {"Name": "Microsoft-Windows-Security-SPP", "Guid": "{E23B33B0-C8C9-472C-A5F9-F2BDFEA0F156}", "EventSourceName": "Software Protection Platform Service"}}, "EventID": {"#attributes": {"Qualifiers": 16384}, "#text": 903}, "Version": 0, "Level": 0, "Task": 0, "Opcode": 0, "Keywords": "0x80000000000000", "TimeCreated": {"#attributes": {"SystemTime": "2026-01-28T00:42:50.003945Z"}}, "EventRecordID": 2089, "Correlation": null, "Execution": {"#attributes": {"ProcessID": 0, "ThreadID": 0}}, "Channel": "Application", "Computer": "DC01.garfield.htb", "Security": null}, "EventData": {"Data": {"#text": ""}, "Binary": null}}},
{"TimeGenerated": "2026-01-28T00:42:49.989211Z", "EventID": 1532, "Computer": "DC01.garfield.htb", "RawEvent": {"#attributes": {"xmlns": "http://schemas.microsoft.com/win/2004/08/events/event"}, "System": {"Provider": {"#attributes": {"Name": "Microsoft-Windows-User Profiles Service", "Guid": "89B1E9F0-5AFF-44A6-9B44-0A07A7CE5845"}}, "EventID": 1532, "Version": 0, "Level": 4, "Task": 0, "Opcode": 0, "Keywords": "0x8000000000000000", "TimeCreated": {"#attributes": {"SystemTime": "2026-01-28T00:42:49.989211Z"}}, "EventRecordID": 2090, "Correlation": null, "Execution": {"#attributes": {"ProcessID": 1728, "ThreadID": 1796}}, "Channel": "Application", "Computer": "DC01.garfield.htb", "Security": {"#attributes": {"UserID": "S-1-5-18"}}}, "EventData": null}},
{"TimeGenerated": "2026-02-14T01:10:35.911571Z", "EventID": {"#attributes": {"Qualifiers": 16384}, "#text": 4625}, "Computer": "DC01", "RawEvent": {"#attributes": {"xmlns": "http://schemas.microsoft.com/win/2004/08/events/event"}, "System": {"Provider": {"#attributes": {"Name": "Microsoft-Windows-EventSystem", "Guid": "{899daace-4868-4295-afcd-9eb8fb497561}", "EventSourceName": "EventSystem"}}, "EventID": {"#attributes": {"Qualifiers": 16384}, "#text": 4625}, "Version": 0, "Level": 4, "Task": 0, "Opcode": 0, "Keywords": "0x80000000000000", "TimeCreated": {"#attributes": {"SystemTime": "2026-02-14T01:10:35.911571Z"}}, "EventRecordID": 2091, "Correlation": null, "Execution": {"#attributes": {"ProcessID": 0, "ThreadID": 0}}, "Channel": "Application", "Computer": "DC01", "Security": null}, "EventData": {"param1": "86400", "param2": "SuppressDuplicateDuration", "param3": "Software\\Microsoft\\EventSystem\\EventLog"}}},
{"TimeGenerated": "2026-02-14T01:10:35.929264Z", "EventID": 1531, "Computer": "DC01.garfield.htb", "RawEvent": {"#attributes": {"xmlns": "http://schemas.microsoft.com/win/2004/08/events/event"}, "System": {"Provider": {"#attributes": {"Name": "Microsoft-Windows-User Profiles Service", "Guid": "89B1E9F0-5AFF-44A6-9B44-0A07A7CE5845"}}, "EventID": 1531, "Version": 0, "Level": 4, "Task": 0, "Opcode": 0, "Keywords": "0x8000000000000000", "TimeCreated": {"#attributes": {"SystemTime": "2026-02-14T01:10:35.929264Z"}}, "EventRecordID": 2092, "Correlation": null, "Execution": {"#attributes": {"ProcessID": 1760, "ThreadID": 1852}}, "Channel": "Application", "Computer": "DC01.garfield.htb", "Security": {"#attributes": {"UserID": "S-1-5-18"}}}, "EventData": null}},
{"TimeGenerated": "2026-02-14T01:10:36.352179Z", "EventID": 5615, "Computer": "DC01.garfield.htb", "RawEvent": {"#attributes": {"xmlns": "http://schemas.microsoft.com/win/2004/08/events/event"}, "System": {"Provider": {"#attributes": {"Name": "Microsoft-Windows-WMI", "Guid": "1EDEEE53-0AFE-4609-B846-D8C0B2075B1F"}}, "EventID": 5615, "Version": 2, "Level": 4, "Task": 0, "Opcode": 0, "Keywords": "0x8000000000000000", "TimeCreated": {"#attributes": {"SystemTime": "2026-02-14T01:10:36.352179Z"}}, "EventRecordID": 2093, "Correlation": null, "Execution": {"#attributes": {"ProcessID": 2408, "ThreadID": 2488}}, "Channel": "Application", "Computer": "DC01.garfield.htb", "Security": {"#attributes": {"UserID": "S-1-5-18"}}}, "EventData": null}},
{"TimeGenerated": "2026-02-14T01:10:36.764014Z", "EventID": 5617, "Computer": "DC01.garfield.htb", "RawEvent": {"#attributes": {"xmlns": "http://schemas.microsoft.com/win/2004/08/events/event"}, "System": {"Provider": {"#attributes": {"Name": "Microsoft-Windows-WMI", "Guid": "1EDEEE53-0AFE-4609-B846-D8C0B2075B1F"}}, "EventID": 5617, "Version": 2, "Level": 4, "Task": 0, "Opcode": 0, "Keywords": "0x8000000000000000", "TimeCreated": {"#attributes": {"SystemTime": "2026-02-14T01:10:36.764014Z"}}, "EventRecordID": 2094, "Correlation": null, "Execution": {"#attributes": {"ProcessID": 2408, "ThreadID": 2580}}, "Channel": "Application", "Computer": "DC01.garfield.htb", "Security": {"#attributes": {"UserID": "S-1-5-18"}}}, "EventData": null}},
{"TimeGenerated": "2026-02-14T01:10:58.115994Z", "EventID": {"#attributes": {"Qualifiers": 0}, "#text": 105}, "Computer": "DC01.garfield.htb", "RawEvent": {"#attributes": {"xmlns": "http://schemas.microsoft.com/win/2004/08/events/event"}, "System": {"Provider": {"#attributes": {"Name": "VMTools"}}, "EventID": {"#attributes": {"Qualifiers": 0}, "#text": 105}, "Level": 4, "Task": 0, "Keywords": "0x80000000000000", "TimeCreated": {"#attributes": {"SystemTime": "2026-02-14T01:10:58.115994Z"}}, "EventRecordID": 2095, "Channel": "Application", "Computer": "DC01.garfield.htb", "Security": null}, "EventData": {"Data": {"#text": ""}, "Binary": null}}},
{"TimeGenerated": "2026-02-14T01:10:58.240986Z", "EventID": {"#attributes": {"Qualifiers": 16384}, "#text": 900}, "Computer": "DC01.garfield.htb", "RawEvent": {"#attributes": {"xmlns": "http://schemas.microsoft.com/win/2004/08/events/event"}, "System": {"Provider": {"#attributes": {"Name": "Microsoft-Windows-Security-SPP", "Guid": "{E23B33B0-C8C9-472C-A5F9-F2BDFEA0F156}", "EventSourceName": "Software Protection Platform Service"}}, "EventID": {"#attributes": {"Qualifiers": 16384}, "#text": 900}, "Version": 0, "Level": 4, "Task": 0, "Opcode": 0, "Keywords": "0x80000000000000", "TimeCreated": {"#attributes": {"SystemTime": "2026-02-14T01:10:58.240986Z"}}, "EventRecordID": 2096, "Correlation": null, "Execution": {"#attributes": {"ProcessID": 0, "ThreadID": 0}}, "Channel": "Application", "Computer": "DC01.garfield.htb", "Security": null}, "EventData": {"Data": {"#text": "TriggerStarted:6"}, "Binary": null}}},
{"TimeGenerated": "2026-02-14T01:10:58.365998Z", "EventID": {"#attributes": {"Qualifiers": 16384}, "#text": 9027}, "Computer": "DC01.garfield.htb", "RawEvent": {"#attributes": {"xmlns": "http://schemas.microsoft.com/win/2004/08/events/event"}, "System": {"Provider": {"#attributes": {"Name": "Desktop Window Manager"}}, "EventID": {"#attributes": {"Qualifiers": 16384}, "#text": 9027}, "Level": 4, "Task": 0, "Keywords": "0x80000000000000", "TimeCreated": {"#attributes": {"SystemTime": "2026-02-14T01:10:58.365998Z"}}, "EventRecordID": 2097, "Channel": "Application", "Computer": "DC01.garfield.htb", "Security": null}, "EventData": {"Data": {"#text": ""}, "Binary": null}}},
{"TimeGenerated": "2026-02-14T01:10:58.537868Z", "EventID": {"#attributes": {"Qualifiers": 49152}, "#text": 16394}, "Computer": "DC01.garfield.htb", "RawEvent": {"#attributes": {"xmlns": "http://schemas.microsoft.com/win/2004/08/events/event"}, "System": {"Provider": {"#attributes": {"Name": "Microsoft-Windows-Security-SPP", "Guid": "{E23B33B0-C8C9-472C-A5F9-F2BDFEA0F156}", "EventSourceName": "Software Protection Platform Service"}}, "EventID": {"#attributes": {"Qualifiers": 49152}, "#text": 16394}, "Version": 0, "Level": 4, "Task": 0, "Opcode": 0, "Keywords": "0x80000000000000", "TimeCreated": {"#attributes": {"SystemTime": "2026-02-14T01:10:58.537868Z"}}, "EventRecordID": 2098, "Correlation": null, "Execution": {"#attributes": {"ProcessID": 0, "ThreadID": 0}}, "Channel": "Application", "Computer": "DC01.garfield.htb", "Security": null}, "EventData": {"Data": {"#text": ""}, "Binary": null}}},
{"TimeGenerated": "2026-02-14T01:10:58.678494Z", "EventID": {"#attributes": {"Qualifiers": 16384}, "#text": 1066}, "Computer": "DC01.garfield.htb", "RawEvent": {"#attributes": {"xmlns": "http://schemas.microsoft.com/win/2004/08/events/event"}, "System": {"Provider": {"#attributes": {"Name": "Microsoft-Windows-Security-SPP", "Guid": "{E23B33B0-C8C9-472C-A5F9-F2BDFEA0F156}", "EventSourceName": "Software Protection Platform Service"}}, "EventID": {"#attributes": {"Qualifiers": 16384}, "#text": 1066}, "Version": 0, "Level": 4, "Task": 0, "Opcode": 0, "Keywords": "0x80000000000000", "TimeCreated": {"#attributes": {"SystemTime": "2026-02-14T01:10:58.678494Z"}}, "EventRecordID": 2099, "Correlation": null, "Execution": {"#attributes": {"ProcessID": 0, "ThreadID": 0}}, "Channel": "Application", "Computer": "DC01.garfield.htb", "Security": null}, "EventData": {"Data": {"#text": "C:\\Windows\\system32\\sppwinob.dll, msft:spp/windowsfunctionality/agent/7.0, 0x00000000, 0x00000000\nC:\\Windows\\system32\\sppobjs.dll, msft:rm/algorithm/inherited/1.0, 0x00000000, 0x00000000\nC:\\Windows\\system32\\sppobjs.dll, msft:rm/algorithm/phone/1.0, 0x00000000, 0x00000000\nC:\\Windows\\system32\\sppobjs.dll, msft:rm/algorithm/pkey/detect, 0x00000000, 0x00000000\nC:\\Windows\\system32\\sppobjs.dll, msft:spp/ActionScheduler/1.0, 0x00000000, 0x00000000\nC:\\Windows\\system32\\sppobjs.dll, msft:spp/TaskScheduler/1.0, 0x00000000, 0x00000000\nC:\\Windows\\system32\\sppobjs.dll, msft:spp/statecollector/pkey, 0x00000000, 0x00000000\nC:\\Windows\\system32\\sppobjs.dll, msft:spp/volume/services/kms/1.0, 0x00000000, 0x00000000\nC:\\Windows\\system32\\sppobjs.dll, msft:spp/volume/services/kms/activationinfo/1.0, 0x00000000, 0x00000000\n"}, "Binary": null}}},
{"TimeGenerated": "2026-02-14T01:10:58.928491Z", "EventID": {"#attributes": {"Qualifiers": 16384}, "#text": 781}, "Computer": "DC01.garfield.htb", "RawEvent": {"#attributes": {"xmlns": "http://schemas.microsoft.com/win/2004/08/events/event"}, "System": {"Provider": {"#attributes": {"Name": "Microsoft-Windows-Complus", "Guid": "{0f177893-4a9c-4709-b921-f432d67f43d5}", "EventSourceName": "COM+"}}, "EventID": {"#attributes": {"Qualifiers": 16384}, "#text": 781}, "Version": 0, "Level": 4, "Task": 0, "Opcode": 0, "Keywords": "0x80000000000000", "TimeCreated": {"#attributes": {"SystemTime": "2026-02-14T01:10:58.928491Z"}}, "EventRecordID": 2100, "Correlation": null, "Execution": {"#attributes": {"ProcessID": 0, "ThreadID": 0}}, "Channel": "Application", "Computer": "DC01.garfield.htb", "Security": null}, "EventData": {"param1": "86400", "param2": "SuppressDuplicateDuration", "param3": "Software\\Microsoft\\COM3\\Eventlog"}}},
{"TimeGenerated": "2026-02-14T01:10:59.084745Z", "EventID": {"#attributes": {"Qualifiers": 0}, "#text": 258}, "Computer": "DC01.garfield.htb", "RawEvent": {"#attributes": {"xmlns": "http://schemas.microsoft.com/win/2004/08/events/event"}, "System": {"Provider": {"#attributes": {"Name": "VMUpgradeHelper"}}, "EventID": {"#attributes": {"Qualifiers": 0}, "#text": 258}, "Level": 4, "Task": 0, "Keywords": "0x80000000000000", "TimeCreated": {"#attributes": {"SystemTime": "2026-02-14T01:10:59.084745Z"}}, "EventRecordID": 2101, "Channel": "Application", "Computer": "DC01.garfield.htb", "Security": null}, "EventData": {"Data": {"#text": ""}, "Binary": null}}},
{"TimeGenerated": "2026-02-14T01:10:59.194116Z", "EventID": {"#attributes": {"Qualifiers": 16384}, "#text": 1034}, "Computer": "DC01.garfield.htb", "RawEvent": {"#attributes": {"xmlns": "http://schemas.microsoft.com/win/2004/08/events/event"}, "System": {"Provider": {"#attributes": {"Name": "Microsoft-Windows-Security-SPP", "Guid": "{E23B33B0-C8C9-472C-A5F9-F2BDFEA0F156}", "EventSourceName": "Software Protection Platform Service"}}, "EventID": {"#attributes": {"Qualifiers": 16384}, "#text": 1034}, "Version": 0, "Level": 4, "Task": 0, "Opcode": 0, "Keywords": "0x80000000000000", "TimeCreated": {"#attributes": {"SystemTime": "2026-02-14T01:10:59.194116Z"}}, "EventRecordID": 2102, "Correlation": null, "Execution": {"#attributes": {"ProcessID": 0, "ThreadID": 0}}, "Channel": "Application", "Computer": "DC01.garfield.htb", "Security": null}, "EventData": {"Data": {"#text": ["Security-SPP-WriteWauMarker", "500"]}, "Binary": null}}},
{"TimeGenerated": "2026-02-14T01:10:59.240984Z", "EventID": {"#attributes": {"Qualifiers": 16384}, "#text": 1003}, "Computer": "DC01.garfield.htb", "RawEvent": {"#attributes": {"xmlns": "http://schemas.microsoft.com/win/2004/08/events/event"}, "System": {"Provider": {"#attributes": {"Name": "Microsoft-Windows-Security-SPP", "Guid": "{E23B33B0-C8C9-472C-A5F9-F2BDFEA0F156}", "EventSourceName": "Software Protection Platform Service"}}, "EventID": {"#attributes": {"Qualifiers": 16384}, "#text": 1003}, "Version": 0, "Level": 4, "Task": 0, "Opcode": 0, "Keywords": "0x80000000000000", "TimeCreated": {"#attributes": {"SystemTime": "2026-02-14T01:10:59.240984Z"}}, "EventRecordID": 2103, "Correlation": null, "Execution": {"#attributes": {"ProcessID": 0, "ThreadID": 0}}, "Channel": "Application", "Computer": "DC01.garfield.htb", "Security": null}, "EventData": {"Data": {"#text": ["55c92734-d682-4d71-983e-d6ec3f16059f", "\n1: 7783a126-c108-4cf7-b59f-13c78c7a7337, 1, 0 [(0 [0xC004E003, 0, 0], [( 9 0xC004FC07 180 0)( 1 0x00000000)(?)( 2 0x00000000 0 0 msft:rm/algorithm/hwid/4.0 0x00000000 0)(?)( 9 0xC004FC07 180 0)( 10 0x00000000 msft:rm/algorithm/flags/1.0)(?)])(1 )(2 )(3 [0x00000000, 0, 0], [( 6 0xC004F009 10 0)( 1 0x00000000)( 6 0xC004F009 10 0)(?)(?)(?)( 10 0x00000000 msft:rm/algorithm/flags/1.0)( 11 0x00000000 0xC004FC07)])]\n\n"]}, "Binary": null}}},
{"TimeGenerated": "2026-02-14T01:10:59.319118Z", "EventID": {"#attributes": {"Qualifiers": 0}, "#text": 271}, "Computer": "DC01.garfield.htb", "RawEvent": {"#attributes": {"xmlns": "http://schemas.microsoft.com/win/2004/08/events/event"}, "System": {"Provider": {"#attributes": {"Name": "VMUpgradeHelper"}}, "EventID": {"#attributes": {"Qualifiers": 0}, "#text": 271}, "Level": 4, "Task": 0, "Keywords": "0x80000000000000", "TimeCreated": {"#attributes": {"SystemTime": "2026-02-14T01:10:59.319118Z"}}, "EventRecordID": 2104, "Channel": "Application", "Computer": "DC01.garfield.htb", "Security": null}, "EventData": {"Data": {"#text": ""}, "Binary": null}}},
{"TimeGenerated": "2026-02-14T01:10:59.381610Z", "EventID": {"#attributes": {"Qualifiers": 16384}, "#text": 902}, "Computer": "DC01.garfield.htb", "RawEvent": {"#attributes": {"xmlns": "http://schemas.microsoft.com/win/2004/08/events/event"}, "System": {"Provider": {"#attributes": {"Name": "Microsoft-Windows-Security-SPP", "Guid": "{E23B33B0-C8C9-472C-A5F9-F2BDFEA0F156}", "EventSourceName": "Software Protection Platform Service"}}, "EventID": {"#attributes": {"Qualifiers": 16384}, "#text": 902}, "Version": 0, "Level": 0, "Task": 0, "Opcode": 0, "Keywords": "0x80000000000000", "TimeCreated": {"#attributes": {"SystemTime": "2026-02-14T01:10:59.381610Z"}}, "EventRecordID": 2105, "Correlation": null, "Execution": {"#attributes": {"ProcessID": 0, "ThreadID": 0}}, "Channel": "Application", "Computer": "DC01.garfield.htb", "Security": null}, "EventData": {"Data": {"#text": "10.0.17763.8146"}, "Binary": null}}},
{"TimeGenerated": "2026-02-14T01:10:59.412865Z", "EventID": {"#attributes": {"Qualifiers": 16384}, "#text": 4202}, "Computer": "DC01.garfield.htb", "RawEvent": {"#attributes": {"xmlns": "http://schemas.microsoft.com/win/2004/08/events/event"}, "System": {"Provider": {"#attributes": {"Name": "Microsoft-Windows-MSDTC 2", "Guid": "{5D9E0020-3761-4f36-90C8-38CE6511BD12}", "EventSourceName": "MSDTC 2"}}, "EventID": {"#attributes": {"Qualifiers": 16384}, "#text": 4202}, "Version": 0, "Level": 4, "Task": 2, "Opcode": 0, "Keywords": "0x80000000000000", "TimeCreated": {"#attributes": {"SystemTime": "2026-02-14T01:10:59.412865Z"}}, "EventRecordID": 2106, "Correlation": null, "Execution": {"#attributes": {"ProcessID": 0, "ThreadID": 0}}, "Channel": "Application", "Computer": "DC01.garfield.htb", "Security": null}, "EventData": {"param1": "0", "param2": "0", "param3": "0", "param4": "0", "param5": "0", "param6": "0", "param7": "1", "param8": "Mutual Authentication Required", "param9": "NT AUTHORITY\\NetworkService", "param10": "0", "param11": "0", "param12": "1"}}},
{"TimeGenerated": "2026-02-14T01:10:59.475360Z", "EventID": {"#attributes": {"Qualifiers": 0}, "#text": 100}, "Computer": "DC01.garfield.htb", "RawEvent": {"#attributes": {"xmlns": "http://schemas.microsoft.com/win/2004/08/events/event"}, "System": {"Provider": {"#attributes": {"Name": "WLMS"}}, "EventID": {"#attributes": {"Qualifiers": 0}, "#text": 100}, "Level": 4, "Task": 0, "Keywords": "0x80000000000000", "TimeCreated": {"#attributes": {"SystemTime": "2026-02-14T01:10:59.475360Z"}}, "EventRecordID": 2107, "Channel": "Application", "Computer": "DC01.garfield.htb", "Security": null}, "EventData": {"Data": {"#text": ""}, "Binary": null}}},
{"TimeGenerated": "2026-02-14T01:11:00.194106Z", "EventID": {"#attributes": {"Qualifiers": 16384}, "#text": 8230}, "Computer": "DC01.garfield.htb", "RawEvent": {"#attributes": {"xmlns": "http://schemas.microsoft.com/win/2004/08/events/event"}, "System": {"Provider": {"#attributes": {"Name": "Microsoft-Windows-Security-SPP", "Guid": "{E23B33B0-C8C9-472C-A5F9-F2BDFEA0F156}", "EventSourceName": "Software Protection Platform Service"}}, "EventID": {"#attributes": {"Qualifiers": 16384}, "#text": 8230}, "Version": 0, "Level": 4, "Task": 0, "Opcode": 0, "Keywords": "0x80000000000000", "TimeCreated": {"#attributes": {"SystemTime": "2026-02-14T01:11:00.194106Z"}}, "EventRecordID": 2108, "Correlation": null, "Execution": {"#attributes": {"ProcessID": 0, "ThreadID": 0}}, "Channel": "Application", "Computer": "DC01.garfield.htb", "Security": null}, "EventData": {"Data": {"#text": "Security-SPP-Action-StateData (REG_SZ) =AppId=55c92734-d682-4d71-983e-d6ec3f16059f;LastConsumptionReason=0xc004fc07;LastNotificationId=TimeBasedExpired;LicenseState=SL_LICENSING_STATUS_NOTIFICATION;PartialProductKey=Y7XRX;ProductKeyType=Retail:TB:Eval;SkuId=7783a126-c108-4cf7-b59f-13c78c7a7337;ruleId=8244d55f-dcd7-4010-8151-2a5af187b1ed;uxDifferentiator=TIMEBASED_EVAL"}, "Binary": null}}},
{"TimeGenerated": "2026-02-14T01:11:00.537869Z", "EventID": {"#attributes": {"Qualifiers": 16384}, "#text": 8230}, "Computer": "DC01.garfield.htb", "RawEvent": {"#attributes": {"xmlns": "http://schemas.microsoft.com/win/2004/08/events/event"}, "System": {"Provider": {"#attributes": {"Name": "Microsoft-Windows-Security-SPP", "Guid": "{E23B33B0-C8C9-472C-A5F9-F2BDFEA0F156}", "EventSourceName": "Software Protection Platform Service"}}, "EventID": {"#attributes": {"Qualifiers": 16384}, "#text": 8230}, "Version": 0, "Level": 4, "Task": 0, "Opcode": 0, "Keywords": "0x80000000000000", "TimeCreated": {"#attributes": {"SystemTime": "2026-02-14T01:11:00.537869Z"}}, "EventRecordID": 2109, "Correlation": null, "Execution": {"#attributes": {"ProcessID": 0, "ThreadID": 0}}, "Channel": "Application", "Computer": "DC01.garfield.htb", "Security": null}, "EventData": {"Data": {"#text": "Security-SPP-Action-StateData (REG_SZ) =AppId=55c92734-d682-4d71-983e-d6ec3f16059f;LastConsumptionReason=0xc004fc07;LastNotificationId=TimeBasedExpired;LicenseState=SL_LICENSING_STATUS_NOTIFICATION;PartialProductKey=Y7XRX;ProductKeyType=Retail:TB:Eval;SkuId=7783a126-c108-4cf7-b59f-13c78c7a7337;ruleId=8244d55f-dcd7-4010-8151-2a5af187b1ed;uxDifferentiator=TIMEBASED_EVAL"}, "Binary": null}}},
{"TimeGenerated": "2026-02-14T01:11:17.772237Z", "EventID": {"#attributes": {"Qualifiers": 16384}, "#text": 1003}, "Computer": "DC01.garfield.htb", "RawEvent": {"#attributes": {"xmlns": "http://schemas.microsoft.com/win/2004/08/events/event"}, "System": {"Provider": {"#attributes": {"Name": "Microsoft-Windows-Security-SPP", "Guid": "{E23B33B0-C8C9-472C-A5F9-F2BDFEA0F156}", "EventSourceName": "Software Protection Platform Service"}}, "EventID": {"#attributes": {"Qualifiers": 16384}, "#text": 1003}, "Version": 0, "Level": 4, "Task": 0, "Opcode": 0, "Keywords": "0x80000000000000", "TimeCreated": {"#attributes": {"SystemTime": "2026-02-14T01:11:17.772237Z"}}, "EventRecordID": 2110, "Correlation": null, "Execution": {"#attributes": {"ProcessID": 0, "ThreadID": 0}}, "Channel": "Application", "Computer": "DC01.garfield.htb", "Security": null}, "EventData": {"Data": {"#text": ["55c92734-d682-4d71-983e-d6ec3f16059f", "\n1: 7783a126-c108-4cf7-b59f-13c78c7a7337, 1, 1 [(0 [0xC004E003, 0, 0], [( 9 0xC004FC07 180 0)( 1 0x00000000)(?)( 2 0x00000000 0 0 msft:rm/algorithm/hwid/4.0 0x00000000 0)(?)( 9 0xC004FC07 180 0)( 10 0x00000000 msft:rm/algorithm/flags/1.0)(?)])(1 )(2 )(3 [0x00000000, 0, 0], [( 6 0xC004F009 10 0)( 1 0x00000000)( 6 0xC004F009 10 0)(?)(?)(?)( 10 0x00000000 msft:rm/algorithm/flags/1.0)( 11 0x00000000 0xC004FC07)])]\n\n"]}, "Binary": null}}},
{"TimeGenerated": "2026-02-14T01:11:17.819117Z", "EventID": {"#attributes": {"Qualifiers": 49152}, "#text": 8197}, "Computer": "DC01.garfield.htb", "RawEvent": {"#attributes": {"xmlns": "http://schemas.microsoft.com/win/2004/08/events/event"}, "System": {"Provider": {"#attributes": {"Name": "Microsoft-Windows-Security-SPP", "Guid": "{E23B33B0-C8C9-472C-A5F9-F2BDFEA0F156}", "EventSourceName": "Software Protection Platform Service"}}, "EventID": {"#attributes": {"Qualifiers": 49152}, "#text": 8197}, "Version": 0, "Level": 4, "Task": 0, "Opcode": 0, "Keywords": "0x80000000000000", "TimeCreated": {"#attributes": {"SystemTime": "2026-02-14T01:11:17.819117Z"}}, "EventRecordID": 2111, "Correlation": null, "Execution": {"#attributes": {"ProcessID": 0, "ThreadID": 0}}, "Channel": "Application", "Computer": "DC01.garfield.htb", "Security": null}, "EventData": {"Data": {"#text": "RuleId=8244d55f-dcd7-4010-8151-2a5af187b1ed;Action=NotifyUser;AppId=55c92734-d682-4d71-983e-d6ec3f16059f;SkuId=7783a126-c108-4cf7-b59f-13c78c7a7337;NotificationInterval=240;Trigger=UserLogon;SessionId=1"}, "Binary": null}}},
{"TimeGenerated": "2026-02-14T01:11:19.417359Z", "EventID": 1023, "Computer": "DC01.garfield.htb", "RawEvent": {"#attributes": {"xmlns": "http://schemas.microsoft.com/win/2004/08/events/event"}, "System": {"Provider": {"#attributes": {"Name": "Microsoft-Windows-Perflib", "Guid": "13B197BD-7CEE-4B4E-8DD0-59314CE374CE"}}, "EventID": 1023, "Version": 1, "Level": 2, "Task": 0, "Opcode": 0, "Keywords": "0x8000000000000000", "TimeCreated": {"#attributes": {"SystemTime": "2026-02-14T01:11:19.417359Z"}}, "EventRecordID": 2112, "Correlation": {"#attributes": {"ActivityID": "B18A2DDA-9D4E-0003-3D4A-8AB14E9DDC01"}}, "Execution": {"#attributes": {"ProcessID": 4808, "ThreadID": 4852}}, "Channel": "Application", "Computer": "DC01.garfield.htb", "Security": {"#attributes": {"UserID": "S-1-5-18"}}}, "EventData": {"Library": "C:\\Windows\\system32\\ntdsperf.dll", "Win32Error": 126}}},
{"TimeGenerated": "2026-02-14T01:12:09.760577Z", "EventID": {"#attributes": {"Qualifiers": 49152}, "#text": 8200}, "Computer": "DC01.garfield.htb", "RawEvent": {"#attributes": {"xmlns": "http://schemas.microsoft.com/win/2004/08/events/event"}, "System": {"Provider": {"#attributes": {"Name": "Microsoft-Windows-Security-SPP", "Guid": "{E23B33B0-C8C9-472C-A5F9-F2BDFEA0F156}", "EventSourceName": "Software Protection Platform Service"}}, "EventID": {"#attributes": {"Qualifiers": 49152}, "#text": 8200}, "Version": 0, "Level": 2, "Task": 0, "Opcode": 0, "Keywords": "0x80000000000000", "TimeCreated": {"#attributes": {"SystemTime": "2026-02-14T01:12:09.760577Z"}}, "EventRecordID": 2113, "Correlation": null, "Execution": {"#attributes": {"ProcessID": 0, "ThreadID": 0}}, "Channel": "Application", "Computer": "DC01.garfield.htb", "Security": null}, "EventData": {"Data": {"#text": ["hr=0x80072EE7", "00010001(0x00000000, 17:12:00:515 - https://activation-v2.sls.microsoft.com/SLActivateProduct/SLActivateProduct.asmx?configextension=Retail)\r\n00020001(0x00000000, 17:12:00:515)\r\n00030001(0x00000000, 17:12:00:515 - https://activation-v2.sls.microsoft.com)\r\n00030002(0x00000000, 17:12:00:515 - 0)\r\n00040001(0x00000000, 17:12:00:515 - https://activation-v2.sls.microsoft.com)\r\n00040002(0x00000000, 17:12:00:530 - 1, <NULL>, <NULL>, <NULL>)\r\n00050002(0x80072F94, 17:12:00:530 - 0, 1)\r\n00040006(0x00000001, 17:12:00:530 - 0, https://activation-v2.sls.microsoft.com, <N/A>, <N/A>)\r\n00020005(0x00000000, 17:12:00:530 - 0)\r\n00020008(0x80072EE7, 17:12:09:744 - SOAPAction: \"http://microsoft.com/SL/ProductActivationService/IssueToken\"\r\nContent-Type: text/xml; charset=utf-8\r\n, <soap:Envelope xmlns:soap=\"http://schemas.xmlsoap.org/soap/envelope/\" xmlns:xsi=\"http://www.w3.org/2001/XMLSchema-instance\" xmlns:xsd=\"http://www.w3.org/2001/XMLSchema\" xmlns:soapenc=\"http://schemas.xmlsoap.org/soap/encoding/\"><soap:Body><RequestSecurityToken xmlns=\"http://schemas.xmlsoap.org/ws/2004/04/security/trust\"><TokenType>ProductActivation</TokenType><RequestType>http://schemas.xmlsoap.org/ws/2004/04/security/trust/Issue</RequestType><UseKey><Values xmlns:q1=\"http://schemas.xmlsoap.org/ws/2004/04/security/trust\" soapenc:arrayType=\"q1:TokenEntry[1]\"><TokenEntry><Name>PublishLicense</Name><Value>Yiwk9dNWENqKuogXfkCAt+ZoxBH1Tl3rZzUDTwJ2ycMilASb1datYs2GXLYT72UB76qURykKtxV4jMhtjfTWNGK0CGJ/gXVH6j77IMXWWAK3IbwovuXKHDhdHGFfgn2dO6UWeJ0lWyRbuuMESBQ5tjo4h6+FnjoZ4P9kqJPNeWESWvoOzfsoV79KQEMO5Vc/nT6J7m7HKtBQanM4J+7HdWkQKKTaT880UBq+ET91uRPmlmzoinV49X+6Ke6Q2Rk/IcfqwakhWGzsyLBu3O2r2EWhoaNvNWr2Y90OJNqUnsVw8o1qOQaegLIHF1WGDTaV4BSBbYG8ZKG3PO9D8AM3ymI1pNylqIHSAD97RslAeZF4c+C3+gfZBYXX+7Yl/nrG1J0JVRBF/aqjkgjl39eYIkFA0alJdJ4yYYgqDe8a9NA8V+e/z1E3fOlqtJQAmvzueQ+S8Mn6rF2bQACIHV1PCIMswG+guMd7HGyo8Tzf0kTPFkqmjCBKMQIrN9t1JMGUlrEzZTwzYciPLoWibJQN8EkTjnQgpdV/XG3iKL+HU0tY8opcJ5BgTMrC9LWtsN6I7n285xdvm4CBjYTe9f17pEVQwO2AcOdAqVJAPUH2gLuyDaAXEMt6MD/TePr0mNNSuOyHeOxq7NAHjsWmZv/h8GkroeJB5o1H8JzLobEka+X2fc3iNFoHTQvgKo+Wq5ViOhe1rrG5QkJk78C4hIu2abL7VJabU2e5CP+vrF72Oh+IrOmOF0Lt7l5QYwhoGR8Kh+5gh0QucijCcUu9E+ympQe882S8RRSGiZV7LdgiF5M0qLQqn/msUjGp1nA9PP3fTtfzWw/6PHwYk4izgg7MhdULZKhmQYJyorhFgIkCttLxurUqUqNGY5/WeBu5jLrluQhOpLVTnH5cX79nq2KMRjl3xn1LmT3bCJgrZsQbyjp1w+rI8J8/xiEw4zsq7sFN8M0h0DDckI6xiZOUvdobWIB3Pyf/4v741o/tO1APuG6VDYaUUk92W2BamE53jM/n4E/vfQOgvickbMBWikPXrXU7whRnKe0A8Z5luyvlGwFBy7lJWVHMlvBVZUONzJccVHZAM2yRQpoMCPXu9RI4fyZ80G0Lkae2GtCgrCFx7Y+AoXI2wy/+m6qVRo19gVxa/DuSuiIzzcnubhUIv0itu+ZJAmA5F+626IwCC1wam+sJDReNicTDv4hYcSX7qGPR7Wlu1idsSvSIFoGKmcpm+RGPzWg3k/7hKOOOUOniwM5auSB/y9j3E/EHO15snYxllAAEDfrdb3Y+NypjJJvaXMrKmr3D5chmSMIgIVIZPspQQ/hVHvbfmz9hpHjJKzlcbFbbaBsJhRjzUBQBvUD1Pw/8U/5Hh+q/Te8OW3vuYBnAIHR0EHcuUFdc0/RKW+7tY8oc+6jLcdf3iytTuHuqMNB/sDnv0RIS2iRp0iLLPOIg1IfyW+nte0ZYL3sun4kkTgRBpo5F8UgLxU7oUfgJWQT0NKBi14l6WSUfyvEifcrOGNBaEAdBv7ikgWszilmb0RXqmn59ZwxM4BeHO1eG70eR/EEz0Dzgn+CAfnE9vwUP1RfaTeRUjAfk6JKRlsKNs7i8yqnFM9+FyoOcSLUHQVssKvAysXMM4WKrP+ohmleGwdlXnUAvk6QtAMsZQUIc1UCiTMfoOs/93PEHMaHLNMeWIIlNMOUgXHwyz18DsGj4zLlbiocY4hhNu6hT89N90ZJWf3dlwHOUZ/vodv6q/QPLfZFlfkq7bjX6s30WjQyKqPorsCch0yNg4Uc1+6SshNRdMqL3J55/ELaGqgQzgl9ZZm9d0Bf8XPfapeCBPmmQwO/B3zr043Wicb3GFtVzj1YtbYTCk84xPvQy+5rz2JUaeWL0JIbvw2i37eNrYdJQyKNTrFd2EjDAAYURe+4x0WAoQAlHMr4qVkzsXzzAjjj7roKLfmTflvOQLrdTGr001uWcQW7gtrlxfaFvRkCC3rpBd2oBZUJ97M9txYyVnJTVdKSH6/mXHSqD1zQNf/7GyjP+tiu9ww+Ppv/R7lz/93GCfArxEoFjP6pH+VfvPJyRVU0L3DlqJJ85pkkkVEDzFViwFiQok0cEM69M0JwetpTzGpjFJtlEwTQWgh/8Y0cBKESZHfNDTEAoOMynxDrrdlOEiRQTb0WVq9yvtIePmXGkFVAk8UFL0gV6oaorTOG3Jhy/pZTVS1ht2tMJhkJTK+kHb7UNXWsmW7AiCwF2rExwynWwOyBSdsusFTDrZStOlhOlYP6Parabyn7JDRLID7IicANUXjEqiBKTZcjqSQNzxDjlnexjyvZ/RvHvM8pYKsGSDP0yDg1hpR5umJfy6W8zp21X6sTVjy3PRJsbtKHf+6cDagy2cl1Guj8SO9fZQ57oThHA1IfMjheRdX5BZhdNK8unVqQOznbuxp0yTPYnZ0/Yz4fRdHt+lxXHaG3FbM9Xi9T1izpjYyBiEAW9wk1Yt8D+nK6y2bXbw/Xanovbd+auGl2HJG45/6hFBK6eUWnZm+DQsTMFiqspH6cXCwJqj/3BymwvgKjVwaQ88e+fYMxn/lmx73Kvt606zlOH/WQyTxmPU6wqldB4WGNv1o140aO7fFeHDrlJa6P5yO2jSNFlPZ3n+BXmgqRbmjLeRPZCt2LJgoyLBzkXQ/7nzt8Z10EdYaAPB4hnZqqHKp/NOFJAiHIfio90+8CgPeheNyyD8Z23ECCKd9NmBs3zMBZ53XWAE2/w1+5hq0dlIcpU/KqMCffZ3sHvqoAb1mcsc4KI0UvBWqgQEgDFWwgFqTNVdq1kvhJqjCeCpR8Htjs0OCLdQDVLMqWAKjsHpbUFgI2WQsCQqdfb+j8KOvsmHTcU2L+0NMKA6u2mLHtInpqGLdVP+WoRYarOKExotZrIPL2F7jlJta9rq5eexRp6Rc/0rVnZB09OAE4su4oeFmpAfiTEbSo5lu7seq1NIKt1eDp0vX5Fb5Ub5AQNi20KS3SDRMrkNQCYWKXiJFrZlEIexNubQB4Wuy5WVnBuPs6vO/mz/73msO2krAN2pCgiG7vQYrpty30FzdetEcOTuYbCJeU/zsTyZt7r6D0UMUBcNel586ZRHoRA31EOwdAgDoALJLhnzkrS111vo89kEK7kJtWMkvFBlQH2rHwopzqBa+BwE5Gxm+pD/l9RhXuuhXe+JCvR8cFKLAS47evCWFLnGpwm6vx6g0qm8RM3PipjnN08nil/FBjsF7QXcTZc0EEDVFhKYQs4VMSp1xGHoDlCvjE+4H4jP1jTeNZgg1P869QLmYflpXL9BwHaytEVzdWhgkG2oo8V3rWyKNmWoiUtoHRo4/1q38G7zAIZGWMiOyP6YYFLrCX8u3aEf46JBC98M25yZW0ZnqqaeyZk4lAWKOvA7SbxwNLDYwhvUJ2LclWzxV0F9vK11tPTeUiqJIxVFQ4alu2hjKq2rP3PX/dE45c5jMMOlzX/F0WNBCZ5pHz493ucWSWNzfjed1cvv/Sk9UfaV1dzJQzm6GZBKlgrqCNIohbx+Kq2gjGZpnK9VIAq9FNkVqAGZh2ytKl2h4tA6BEcTG031MsvmDaDBSZAYeuHuKGcrVaPp69L81I8jHjNmLXGhmaFkJzHKN/lWICmfJD2wx5KVAkaBvqLQmD2zf6OCCLBfal1aUhoZaEizNshrZZVm3Ly5TRaESS5qnxgHsV/IpStFwIdKHIhFH+5+CgH1wwbzoV/wH4sE3pWsz/KyJNWkuJ9QVovKHISw85nHhnZ/8ClbGFT3G1fHtn43l+OMfz9lvi9VUY3MI2fjLopovoLGvKcByyAeuis3bsN6IBas8nScrWL8HxWvHEKslkQLEL2WHnOKlfAQzJPoy9kR7XXPU+sKkL6TVL9Vn5tNDkZIxwdm8eLO1dhe6jX8VfI8QIaCHdf4JsdWanXtVWsaUfwgLfgQzLwGMPsUwcXyJWMe/jv5CQ5ZHz8ekwZp6SzWrseK1/0K13JLWjcMdSfOfSpyV2yylDPp4mjgjkfyEvyfr2EmADRW1tMZ8nVQJMxr1ITh+37C9KBDIlxX/CR0yTKJbnZ0Pyltk1VI6+i/3lBQTK7StZYiNFNgWgLTZ1aAuW+Xa6LDHxR6b7gEOJUTiCRJvEcBtsd7eQbWcuDuzOfJ4t8K4NOjiiQDf7AL1KJ7Y6FQOpwGbgnbAhW+CL14QFIQITHwqBWzjnhHON3LhGN7CfIzjUtogrPVkK7MYc+yjLxQRmN8qTLfBMLytCYpAPvdCX/y/28pAfAUscQdqJyHCJ6Jey1j2PidMWH7c+Pz9RKPBGlEOJhx4DhjFTlosMa1Pegi0R/ZNtR+fanmdLKdn+4q01MHIw1KW8Gflw5WWstPMRnxo1mk7qbjNtoDWkIqlAIufVEeicJAdBkid/Q7TMS2b6tqcAa6nfqZMrj3GlCtxR+riVFWNW4RHuf59TvWECKYYbWEpFk6fnhjTWie/fmdZlVei4dCQBFVSh8x9kJVf5bKS8G9Hm0Po09kDioSdqUkwOoD8pGHgtHCBl2lkLZvo0m82wh/DsgEQE0DqyMSP5apUVK0GGnMQ1ZQ4kytXkLvrRiNYFjehIZqyv3O3aeQX/l8JkGdupiJ37jGJdz5tkYXHYoG17yTzIA0QLDUMGuB6tZ0lqagFIG2/vV3vqk/EsiWnVEbObxr/FWDOM5I+M0PAaCzduAqAKVIuEqFAapmY7pQCmJFbISvEx7zw01moElvsqihR9MIxQzODlPq2sXHRFdhVw9jQoxKTdYc043ZL13rXwGQa8q77rDZG+RlRGdmcu63xhz8kcrJBhq8VjbZy3fLvGZwayVq2jWY/nWauitccdBgjuX6ISt4RPcIk3LWsG5PsRJBe/8tJ6NYVqQt5FjJ81JXBJHUojHTa/2SXz8SOWxfDbKCaGapWVEfw9SfP1h7sErBEGXvV9NBMq5ZF6yoxUKEKR0wWNMCnQaLXxctQ9rc41p4jZYTrM/O4VEWeGMI4XBEUca0vTyfNd2E8+4N6I8esVGpj2D7nLBZrR7U2ULDlxOa6+i+s0BbSmJ4nDADA6tzTC7ruu5Y+gjp+P63hgwcJCtUimYgE8beiGP4FGlEFAIsX1+baHXoWjflXdrolvYXfKo/TRAHM5Rz9bRNC2hVtIuSyysaBnMg5VZ21z0f//qLoknwY8Pf9t9nfb9ZS8joxCtXfDtp5woZ1ghv0oM0S/CXx1TggVDE4soLKFtU4MsxneFKvsRB0ehH1XEykZ4KsAq/gRBMebiKLGSGnvvRAoHgEFmHfAO+h01sP0iUpJMz/1Nyxpfkpg4tXC5pT6QikVN6jJSTZ75/DuZDh6GnaETBgfwgMuBSmwYtSpV+l2cZJeKoli9Syo4nUm63SiSJQgPyOz7oIPURpUaD+P4S8MN3lPmFyjxZljpqGMwg4kZc9vsSMkIg0SEsqQbP3LF5Q6OYOJlkFY+VlIaWCq8X7WLJ9XdhQwbHJKyzW7y9LFowoDAU2D8JvfwH6Ah+xf7CRqglqQJZd+H/B7jkDFxhYwjpKT8mkIc6qkMaK2XBpDFWa/t4TZetMSuc0rInfnTvBFh2AjBwferRgS5bRYTsNSUSVu9hKEMd8HtestpK0sDvGjHE/LYdT5haxcfl1D7ZaHXBKHKGb9j2V6p5leEhU0adIYzW/jqHQY42ikLRUIlYwANY58JnQ4pEn/O0CLltmqtXHgQHFpLJ4PG0dFxsg32a/E2oZuKf3FG3y3IfBYSWS6jmgJrJ4FZBYogwUr4Q+w9xZIVESLedsYv/lUV8yQM+ZyX7Q7wrAec4EVJfot0vFYi1vMWjxIwL1TlKdu5ApNc6HTxOuJbe52NiKstUX93NDGWlBOX0ctJK++4OWDkHgoVAsuB3RCgSFp2AsVK+xuEzJ/tQ+ToJ3bLLd+qXCrjEwCHqma5/IyiIqw3cUT72g5tRuB6rkHttQeAf1sN2WrNuynqkO/JrbC8m6KxXlaYkBj8sNjUre/Z1+olnLkeiaJqhA6r1pZ6OWBomKSGtPC48LYBlfQ0KszZrLHXnBEU2/du81xNzHJtf2af4pUHGzUcl9NXm0vr7HbMF1AfX3AeLPP1vZYSXAGYTgaJyz3EXaqCeqYqF/c8UgHBOfA79fh9K330SE0Eb4X65C2ivY1ODzwNXDNKuA/uj5bjPiCeO9F8NdK1vVJm8/ut91Hg3oAJxxF82KIV+vrhpUaesOJhfcNa/dimlXfP1B20rwH/mqtIAiO1RVhsHjmTtizOqS0Pvjym558UYXGuC0AcPadlwP8NzWhfObCFsKM/8YvCgtQ3ASkEC3RxaQJKWvxUpIgMANneS7JXGTUp9JB2io/Fvgtiz2zTo+2URwNUZukztdOvzsEQEmkdm3M7tESKAkih7ZlkjW3CQquBInJEdOI/PC+vfTYDJW5Sm8P80Ohlfb1yRQVKDH5VJpFmfmxZ/rJUVNXqgN73t9mWlY7grdFDgsgArDnKghZmOV9kSjTL4tHksrXgdlefWXaehrbGc6BdF90f0J/5ie7ZkRnaBHCjtH7L90fTcngi1JmRLWAEcJHAOYv6mN3KzFOEqHXVs7Q8ryqJPVaD/bmtvM7b2a4bI0zRvTop+Um1pLS2gSfUx970OsWJvYdyA8/cMrmhA/wgl/VQ+zw0pCu7RwlFE/vMqM4i2vN64n7gW2SeaDcOrs41QUNtzN/m+317rsYfnOkFkzWMH0hAcD0etEVJZ1RsnXI55vsemhQyy3xq6qwzKSViaPBSjFiVb9KvwDp7kKM5iQVOprO21mNU9h/KLepV83G8kma71yxj58DtZJKzJxJI57BFZB2FD9OTR97UDHnTuGOf4WomQ4bXnmzIME4VykroG+0to3a1pkxqP4ZLWRsuX6K0Lg3pz6LZJteF+HmEogdEo8hogXPobaUdfyVRx+AsNRrrx36a/Xjo6pCXsrafH4c5Pga12FTAf3quRLFC25rbZcmmyZarQpEEUcrXm6ltze3agQtxcvia8xpjzDIAHROubWfQDgkWF3plfcVYVxOl1deqFQ4G9SuR3LjL8ILag1JA9MvR8JbxkRRD9qVGZ/skBb7Xw6Uy9JCd1a9e4q1cYOAQb4zRmoVmlU4lJ7yNPZ+MYQe8NOoJxbsARXeOn/e7agt1VUkMgyDfGnaUsffDnABgAyLV0AACJyf22krCBWIbfA/7/4Eewh2H7O1NYr8lwSHLJp2IdeWX5ZbMfakAZ5bQuCFnYyChC/NSyCpDx0inY7RHx/2S3zd3XdSpVp455mpe0oM5duGzdJG3a7m/CNdCUeo7LPXI0+b5rrTamZL2nUBUUIF142BwG658fqrnMaukNmDc2wRLN5oZb5/Z5rhxXXVYhBGhgLDk3RG/mdS2zstuhYrMYLtp+y68tMoj0b742vxpcCWd4zMDcD9AJ/mR5LtQdyCIKZo7dkbx20mQNwdBBUF6s++mhfT6xTo7VkxwppWv7Y9a2r/wqDLouUeeuCszFBPeRlXJ1s1MQjLoIYqJGuzZ4x5xXYqodkZDFrBcDB3c3vBziabF6WR1ybwFzYB8jryUuJUYquO7vT+qhpE8HGwMNOmKP0Zbe82VvSbp3hTr0WloyOKRSI4LXTZR+GopvvZr3wdEHstiXeiFhp1mx09k8jxC4IwVjwAb34OSXxQX5MOrMb1TbAWusFLrGfnLn0dZriPIEDgcxBWUxeqtL7dOZkDpSMRDKGvszqBSIicwy7+MJqZhoq+Jdzb2OJS0LTn5GqIRZFrlC515G0nfj443S3pK/9DYs0zC5a5Y1oUip553kMls4U3Tf/gu0enp77YgifWxP8M2XRRDqAlMkza3Mv3A4PE853Pp51gC79qyvItaQ5UMOMCZXKYLlMmZi2g2RyU+YBbMBBwgkXa9k7eAfcui4cp8VxnOPb2PjyDO1qnXBwJoGVozpQ2dJsQ7BuLUPpRGH05ty8Pnt4S8xPl0wih+qThq4XXhNibLfjTBn/4ugIU9jVY7AgAS8wMFdJKQj8de6mRU6od4tTQdBmP2rsbyb2tNqFKXA+9lkkZTuAebxDxhGoEmlDgvGpM9oGtfXpvFUlh5fJoJX5Lk5cPDdxGGb51caqY0av39nh8T7UFKTHIjvV8Ww+EF9vXUrtcjE/0RdSkWqLBHmq57HXBXNvQ8QlYA7QnmaDiceFKgFzLwtblb1+/5F6FMbHg4TeFH391YCWTiCEOC1J8xRiKUQj+8Bp+rO0G1RgUE/jUh3gFMwl8hVguyBtiqmQCppzhyLYyFbrxeYhzfz0ZrNKvcskManvXX+q1/sqsR77zYUHiBYjSxCPrWx9VFB9HI+6Cp343UCAwW9TZXqfYBdyoD7bX1BEIchhmjirVxDJLYAYNelLUSw9HmwCg+9UcIx008A5OGHfb6ZKc2yt586xes41jDnZJRlm6BsALEqfROMQZt16rLhCCM8SDsdGkS+4j2ua2D3zOTeOmXvzY8mdmLriQRAvauoQMbL9zcJIHLiR770GRJHbFkGqr6YrS/RDUCddfGnoQl5bB/aL6G9Pty+B3qdCFwA212XjKklIXT86SkMCiHAmTlxvKODydz2IIiPi/PzS2mO1TwWTvTw9y/eb4E7+7xaNbav1yeTCO7TxeNShx28ff1Y08gUuXSQW8boCZkNdnGirS5tKN8jVjq2uVc8LS6bJdbn6e0ktdEx4oHzETUoO+sD9iVnEzD2u9lBK/gCDA7qaFdzqp1FjiqEGBm6JCvaJLGPMKDt8ABdhuHNjdca0nNOgO+cAEXK4N+b179U3yZ2X7gND3yqxCmIUwFUy2EL87Oo3gEhr2dLKIVv0h02yRWx+Ffm5M2yPSQ2zzqUhpEvN9X9C03+GwzwnFkGoOPYQdcKt72vUvvhv0E43nwcO+0463wHr0R611JGA5pMD/UhNScIyZWy+OWWdTKJoXrzWW0vwubIrJT07HugnWMJ7UrK9S0VZiEwdoaSUzshWXmx7yqiWNtw7II1fKP817No1xLxJ0erKTEkP3USQYMcrydi9vTRzD5FESLBnb+8EwmjDW0IV/330c9cV7zKsLEwmwjNgt6lly2XksZ+EOquFL03Fanh1YQwK7RwnQWLZLiiOy81MXM5TONnU8+MdPR+WOku0nZb9e4U4nAjKbHormBQT7hbZOG8S4AVnpuyzYqTwCAzopNoc/POJ/t6k85zA0MCkw3STua8TNIjbEUZ8tkmFCUFmrce/VMLBdLHKDAZhrKwkUOfusq/nh9fHxLstYJMnsc47RiBaWo7OcCx6C6RoudTozb/LUlqOG/kTvhrWmXhxEPv50T5cKqFbMHq6AfIAtLBR8nSdd4pX/C2L7KEMRX05j1SEbfUoM+NVfxWzyuUfPciW6KAw9mwcTEizHj+K2Rw+CdVECq1WaswKBjobpQ1jnkkT/V9FtAp7n5oY7hXkiXZBG3+tNe5VqnezDDbP0TaItS4K2AJTY9YSAnBzU1sI4+MRvwjSk9fX45Ez0whvorJLZT5vqdBa9t7obd7tmJEpCid2q8CDzNqdiNcRFqQaOMzpQmiR1MhgGoqnGd7iW1KHJuqqXNsItE4zoeHyp0T9+jxFQd0hajGqmrqcjlY3yCIEkxKZYUgs9lfJnWzGZbuWs2gZr3dEtwUS+yaI6+Cnb1Q7T/brRN/YAiuea5xzdO3PHA854wOyykyLS1tPNfqvRO0zb9Ent/7bXp7xkoayOqjLw2oN/5SuAhiUrplqyc195GUD82YHYNtbGJ/iU1WVkxsGpHUwa+t4yK+FzlEOyPbWWx9cO0d6eeMSOYMle6F1vK9keacdg5Ya1VzfcSq5PRGLeKYNusyVfYWyKxaTlm3hLDmleS4zcVnuOtS6o3bnPlpskR6fGnf2tNvZ0eDuzqa9GvRcEuEUyJZxzYwEOJ5NXa8rU0j+wOjPCcI5YQaOHqc9DlZ5FUiSe9wwLTlzzPYOdm9Y10dP3wTNurkh5Zwmmav3l4hygjuvDTE/RlpKpteAZcLhkGBP4o5EoWS46MWJC6QpSRkdXhMy7SRT9z+m1CKh6U+XbfrBjkRk0q9iXv85G0lqgqP1MO/Xli5ImFDD3aKs5kINcebtPmAeKUFPjlYucxttWkA1W6Zsxq+CpMuVk8dfVzOmWuNiLMdrDGTAtqKaGoRmciVi7LAMbRvK0FH1fVrKSuDbOLdkUyWmQoaPLLe/XBsJgrVyX4KPnbbkuTYu3B02cdAlhGj2HYRwMAE691rKM4DB9QtigkrDOEkxpmvV3zs/9zVqeX5jdW5So/miThRMci6csig/B6TDrD1Posub3V9h2H2K8NReYcTfkBUKmu2bBtKADvphH+s29QaQJLuQLl2XBboFcA4UNvI03vQankoX6PPnwHzqF6FuOicA4mZZdNi2N4TuHCFNeBhjP7CYSwTk2dt3vUFNyRl894RVBwi691nUFdqBJRJKk3LYQlqsYgc95V6PPzrjocX/w8eqBFeyp0xPRlNW7ke/IXme29lTQYYucr/sp3+HK3zjA0Pd8bq/s/fYAL9YOn/Tv1DaJIqT/7O6Ij9HhV5MH2f+AmqfuNWO5278Izy5UzM3zz1VQT5cCa0tHTc6Lq+s03AZefrIwvXdDinD8fuMcaX1xqcT0l/p1QyzUXZc+og7ZhkopLRX8irNt9oghcvEj4xfTEDU/S/85nbr+veTxREJQuJN7CVdaw+JtbKtzsAMKzOhxl12fxllqVh6fOoTORkOJ7E7j1B/F6W/UHPF7mSzywe56QyMg/veA6TpzDgrU//pfy1lfPJTcqEdO0jZ/GgREQ9AL1OveRrBJqJDFLZY5qITyHPIicdPZ7rkYUnOhzyBc/2p8JZyPhYaMsDXRxrObpkTtl7eqS/JsU8cS9vfOULJH4NLs1NM/PS9kF7hFgMx0pUoFenjk0kacqAZf8Lv5OLbvFEhZkig5fuaVOnVhaCqjsdNyNgPy9wWlrJK16HOcZaY5+rT+fU4gVafn5rmsX041evtH+TbL6vfCrDhmz5B8ChZA3wbA0axUzN+jveoXQSgOsXb6IJCCuJQK9ljs1I0PjRxA5yM0l1hJ+xfQhupoiuk2NGNAFddOjdM6byFgfE+juCp6lyrLDPWu46qy3mOe2Tq+g5QoBywtd8IhkV+agil9pU/jm02HG4GGzb3E/VRzrY6AOI1pPNUTITbdAsYj+iWj1v5olMWsuR6lcbQVFuR1o8zUP9j7HC4xgHayPms4ycvNHI7E8VF/8FEUouesImcQ9pYGw9eIcbgMnbHAylwgoQCFkMHXyT4jT/Jp0ZByz7PIA0GEK8YKaM/z/3R+AiUANv3sr8bsGBX19YNUnngYWg1WExA0qcALFmhyEUmHdNB7m+On3KWsnG9LBsVpCQc/sNXwcw7y2xpCS09xPOJpX6YPinpOTa4AH+UlpduAHmVEGQ9bBVvNr/O8LPn70IXDKKOeWkAc/fElr8JJ1EZ1lDmHjyR4NwMHZmZIZEhV8GVmyAuNOlQ0yOSspZuohDjYCfRGPbj7sjAu6nGWofmirxcwpeLVYbPQRB1Ncvfd5S1ml1TWVfsWM9S3OoC4kFiTdu0H6ne4fQRJ/57QIBk2pYRZb9pnIqr+iz3glGvTZdGKGvoi74Xc110Ltn42rtu+rK4R4D8V8kHCpqZnPlT3wG7AmvhWEobz/40DKtHW7CzdTxbQ/IXJafNlsDdByCbDqCSMGDgGvgQxFsrnGFQ/P9mHLEknmKDFYWzdaJ+BL1SORR74UK0bt50zD8krG8MIdBLQcG1TtXdtC6T164GFqnXh7rOCMMaEXIeNujFS6j2WD6pX16KfascCyTKaGK43WyjhLnyrLjC0J0BM+E0NYa5BJ8Lw+GHtZ2nse/jI944QZuvgxmSBUlXmtIE1GIi8b1ancCalzey8Urnh0LLr3EDJJ0f4q5Vn/dYjE7JYqFC+97IZtuGceWFn8ml3V8HHbxnBiMcU1t9m/JMPOJX/DmA3epZwSMfMyvWb+KSUqhgKlTh8zutrGOYKNTaF51yGhXLVpodZOgWxM/ISpeG2Gv1ArgXuFoRC07NBSp6ehDif8lYiPeKzNIskFUhly/DPfzDAZXm6QGnvojSeT4MCYfUHrjPQdC44BBi7MTR6JEvo5RzWXh+guLAsEb3iizQfdSdkC6JhS4/zzcEn6fhJ+eKW2EyLrH0KEpSPZFY4tsETs0oBdyvxNIG7Pxd5rpdfOsl4Rixmh3JSqA08ws1E67ySTa+gIV+F7HJpXQAVpSIrxzqUI6KkGivFH5jWQ8LYxYCNzDPeNkkrp7shD/pXTQ5UlU39TimYlqku3I9VHbpU7aln4KgxRL8RVSPqAEtkQt2ens5e96Vzg84EFc00zL5Z1ctIAZgdKtP0W1IE+Rz3nV+3oLzflYAruO7wRxMJxGuZXOOw5Ebkm464hp5K4jZ9Yv+B/VlcxxYyjBzRU/b0gNSkwIhAG0Wam9q4MCypoP4+TpcFrra373nJr7caTEBJWru6BOPV/hTDLKac+raXQPx8zecmLHFgxREGWT/edNZrSzr24+VvmV9Fqc4V2wVq+kUgGE553OEmOR86Gi4ePkwrbd/Bvh0cexmSBfnaxtzAEiIgGgOYF4BTzguM91v3QIlxmvmgV6uUFnK/RkYLpCf7DVw8YoMRdaTCXPKQPd1OW+iQM72sVC2U1yr0NzvZPjHM+RO/Xo0MPbJBBhwLwzkjQ7LYzc5ZVFVjCEMZHfeT3ZVcV44HXiRAz6zrmNAOhe396rc6bbN2ilIT2UnS2toKBU5ussNZJFdmHL5h71xxQT64/vMSLkDq9CzxC2pc41veQXp8ozs/2X+n6iTIuMwOy4wUNwg3v7J54QndCgtLicHk641LkHakT3V8Po66t4avPvAxa+8w4OIBZHjq/8tAdULBFBrXquU+J2x2gdtSxzrCvCW8xO77MicW9EduO7h87h4Unmot8UgBwBhGQKsAwjBt9L/GoeQwYTWIJt/MKOMIWzanxVRRgbD6oLdZyxRMOT1m4ybb05XAf4YhoT2iNKHbgcKcx5TzppJYIfn5adwkm0h/i0Jli4w/ei99FU6RleNvBN9imnzzBeY4pNG8YoZz7MUy1/bvIDcDDigHXpuLbuhc7q78vjFiTphiPr9SJ2+6v9srmHyyWbnhWnxqqJ0IZ0v53T4KZ5qiQ4E/ENR4p6yUpnjUTT64f9l8LtX8/psx/gKEgbkgbj6n1JdXSeL6Le3XHO9PL5XtB1Dqx288ITMFoE3X7YjtPg0dHHprKLTSr/wPnKedYU0EUWJHFgQH/mWskp3TB9CiTyHI7UrUcxXQ277LRGKeebLqDWJcViaPdQmu8zwvS3dY/Ln14VTfKW1dJElzbFdQwTg1UZsxSm8snLknTLM65LPNTu/s/yNTN6jMUAAiEV7SnSFRVIPXQIatpVPkLdmlEgt8nHJM1TLoSYxIzRm32aHIxIVUlUHOMlt9WPcvoqpvRF6MxHurRLQCmKpmikQb7fHtkj4kJig41KofsBmPJhaB/4TC/detDsMC+jcSY+BOHfkHh1iZPwO7qT3/c2kq6QslUrrCVif/Vv/THtGn07bvijjz6EApmLEeNe4JYcHoodsG5J7RzKdta7eiV1PYmvwRhPIGve23VOEkQcId4bQIKMlIJV157VjzetHJdsnbUuslhrwGohJZ0FQuKs1EM/k4hbAEu0sms2wDc94v7JJA1tJYvAyDrnESWoe5mgV4UH0v9FEh8juJvVc0+r4vIn2LxGoLLYG99AvzIaELjL/zLRfxP8HXzkS2hbuvV5EocCqCp3tvk3DvO8H2K299wAggL6bXgNK1jAbchufTWeCuDloU8FY4TKPivKwlRjs/djQDLnrZH/L4pFKqzpEtUG+LoZBGJ+AX9czyX7KDuk1MQ+ZA3lNDfbniQe6rq+qKsgjZMtLnTgbEDPEUy5degOwIyPpRJ385zusZ+rO812P3hkR5DxgG0lsreTcL/5CUr1ugV9NS5UM89SitCQ8csdZdocYnbiWL8GTzm40mT4tf9tNGQDFzeL03q3+TLOUrt70wOTgfoxyB37L3mo1a8laBr/6B2SuePjIk4sibwUZi30iqczvTGVsnhlBcSbQojn5IoHTwcva/UmH9mzExHtwrhs6B2RG4oiq0MHFw5J1RDj4tzpPr3CvEPqQZRG8eugJPObPZCJAUzJBd9igOJWGnurhJJ81E3Q2j+If9XUx65vCnHe9wy7sBPeCxYZxBQC07qbXIXVdW0H8kukBLzIft9Kr0xaOz3WIZ0tPTmoZV2PVQjUPUjPLcYVE582V0gjSl+ZIi6KQ/W0uxnVnyWtA85cLWG+BcmBE/3sjWjLHcIdP3NYdqlCl0Z6HixTdXJgtYi/ez861/lRd0rU6kTuVpvvsLZpIDnSbL/riOG5fxXPTbDBwPbGJZvDc4wf0s4pixV7vkzBiij+5I2aYGysVQN10Hh02GWCJS8isrtrAV2CgAIXmCjpBdWZV7wqudxtYBSfqnLxKWqhBgVIc+vkg3yrs3+qzxmbYhoa3YTcImGRTNAxhDGzFKZg4DXnU0hqwzHhjaWxnfGW9llvG5tfhI7jmSYKPb9fcOm3uA8lGedduDisill5U6U6zFyQ1Ju80y/1Gur33R4Tx2SdlNVAyOo3rH97+cIP4dT3NF6E1wME/XYMxlppat8e7hr5+dbH0+UuvKG7RiHnvJhIQ5r5tlZ4xDBf8T9nZaODISKWmatla8CF6CraMBackc+0OWy8kNsRvWoUQz0YCbOFJNlO+Xq/rbRMKUGQYOk7IX6bzaD2X0ypnr3LR+TT+TxZgbBuJiFM7UvocYz1pDueSifL6ilN16MBnAF7i/T3A8CxTMvzxFzUXBZec5oyV94AMNRyQCgmjab1a3TftEtuOEZioY5zeDmJhpNOi8NIP3MS79Ddsq4dg0wiIx8JeQpBViz63HqY4/Ng74VIIz+fF38yy/bv+FsIHEVrWdM4A/dBrP1G3cVLWky0MwaQSK+dMuau5jTkzdV172aOeEd7gOr4Lf2FRPtwmp9trSBAyqnZUCC+XJYYDsEprnrZQVTGQqRi2Orc7biCVokApzVPBTeh455Xlp9twwH9vKLO+VJPKG1ktY3HF6HnyRkG03w/QzqkEZI2pus0Nrow7awW8bY4hWtnxYTebtVSDcHczcP7D6weh4lQUzyYGxEScWr4GuUPc1ij1N6dlAi6ptjoe9iVrjFFO9PXG4uhnGcLBbMOqrTPX/whpjKOs/pqNl08HRYoU0en6CFAg4C17Grd2x4HqSAgIKqZisnpJaqqxUNJy1QIGuDZvAPr1ckJgWbuTo9s5BFTzRhz3FaHtRlgMkbKm4r/g0QDjT1Shn3eZPBYar4xX0JyrBnjcd27VugrA+0HhqxM1N2yKEUsXXeSPryjc6xLZ5ThzJ4RaxwCecPldMK4dinpJ3gVRKZTfbEOWwOEl26L1qnhLm6ILSV/1nmxy4Ll49VNhj/+dzCkKbhrY0hoJkyZY87uArX0u3xP6aJek+mI2sEhnLzWcXH4Bhhxd/KNR4V2ZfPiYZUz3eaTU6EbV1/tVCTNZag4yx9Hq4Z4AVaFClwtv55nRAF7uI/Alhw/pQYbrxZUvzr403qmTeZ/fJlibu68Gaa2T4qiaXZhzIjuUyJXu6vcB++7G5n9qLlL6z2jCUSsGSvJYyC4Lt266nI1kHjKo0QhFI1p5t/W6UDXAn52PM6NdCjHgS4rRblay/RMyPDXMV6SXrPrps6XAPvRYOe2tRnOXJ42A==</Value></TokenEntry></Values></UseKey><Claims><Values xmlns:q1=\"http://schemas.xmlsoap.org/ws/2004/04/security/trust\" soapenc:arrayType=\"q1:TokenEntry[17]\"><TokenEntry><Name>SessionKey</Name><Value>vQ2Hznz2MtIXkkVYyPNJoaj6qDLrUQVJWxdE1YyAT7frVnewfZXkKRiReK76gL9MiLVTB2pBchSOKf27lqmockQHvINGWNZaOvDI1/jESQpEdO9rBhLUcHWhEzzeTSJ2Cm7EitaoJB0nY47kloQf1R5TdhtBRPkHR0nfuSUqvPgIvDnqe4eXiE2voiLC26kf+s8Ds+D65fAVaHsnXqrYUMVtKgnlRuzELbNkQwMD1Nss+5C/O+ymsUsVNOIXNsj2XArl9asv3ftuhBWtb3oThfyzsqf1f25ADAfEHxm9Xc/ND3I+NbJlSziBS+vCICiEWOxjGLRc+l5G0+QwIuYJUg==</Value></TokenEntry><TokenEntry><Name>BindingType</Name><Value>xF1O6KY/rp36sz5fTBwFGwyfGpNZlaBTTpMe1Ymf+U0=</Value></TokenEntry><TokenEntry><Name>Binding</Name><Value>T82Wc7kbjtxORnxWjiUP34ONTtUntAzMnUfwpepMulwqSTRvbasBgOQeWbpnnx0v7Cou/xp2QTwkwk1UUYgikA==</Value></TokenEntry><TokenEntry><Name>ProductKey</Name><Value>h4OvtaZW/4fucOpt5LY6QqPx9DpGFUF00yiSgwx7dXM=</Value></TokenEntry><TokenEntry><Name>ProductKeyType</Name><Value>xF1O6KY/rp36sz5fTBwFG9W8ZG6c/z6YQ6NAxFIifjg=</Value></TokenEntry><TokenEntry><Name>ProductKeyActConfigId</Name><Value>wCmhSV+PuoS2S0eCRpx1B/DDGJqpqtyRV/H3xJYxY6cukMyv1B9JESDtar0PgG7hkmlx9M2DOULh3vdrhlZS/YB/CPFdx/SrXafFiFQ3iP0=</Value></TokenEntry><TokenEntry><Name>SppSvcVersion</Name><Value>5CIu0XM5mMRGebWan6DzLA==</Value></TokenEntry><TokenEntry><Name>otherInfoPublic.licenseCategory</Name><Value>enAMnLmbW6VnGdydoWXpVc4Ncf045ZJAFxyvGHgCoU0=</Value></TokenEntry><TokenEntry><Name>otherInfoPrivate.licenseCategory</Name><Value>enAMnLmbW6VnGdydoWXpVRZcNm0jPPkrGEWd57QnIEI=</Value></TokenEntry><TokenEntry><Name>otherInfoPublic.sysprepAction</Name><Value>p7i/k8D45uM0+TW/82WN2A==</Value></TokenEntry><TokenEntry><Name>otherInfoPrivate.sysprepAction</Name><Value>p7i/k8D45uM0+TW/82WN2A==</Value></TokenEntry><TokenEntry><Name>ClientInformation</Name><Value>K5J4yNZpj2oqx35L3ETwP/2kevHB+hUC8dUqF3ATDdYXmLzGLZ6CPtjGNLLrGuULFCgIy0UWK90PooaFplrMbw==</Value></TokenEntry><TokenEntry><Name>ReferralInformation</Name><Value>8XPP2u8Xzf3qqGMGEjXPf4g3zZFtuqm48mPln7y5EJOiTaLJcXzgjrgJBMmj7cXDVQWVcF3szVeTh4Hvxa+NNA==</Value></TokenEntry><TokenEntry><Name>ClientSystemTime</Name><Value>crX1Sm2AAEERpuduK+M/3vSQAnGlGvJsGQpXbz88Isg=</Value></TokenEntry><TokenEntry><Name>ClientSystemTimeUtc</Name><Value>crX1Sm2AAEERpuduK+M/3vSQAnGlGvJsGQpXbz88Isg=</Value></TokenEntry><TokenEntry><Name>otherInfoPublic.secureStoreId</Name><Value>l1sb3zzbuNVEroG/zms1U8H/ol4fSdpRGHI4CbnPUyN9wVV+T3LIQvPZ1nn3USqo</Value></TokenEntry><TokenEntry><Name>otherInfoPrivate.secureStoreId</Name><Value>l1sb3zzbuNVEroG/zms1U8H/ol4fSdpRGHI4CbnPUyN9wVV+T3LIQvPZ1nn3USqo</Value></TokenEntry></Values></Claims></RequestSecurityToken></soap:Body></soap:Envelope>)\r\n00010002(0x80072EE7, 17:12:09:744 - <NULL>)\r\n00010003(0x80072EE7, 17:12:09:744)\r\n"]}, "Binary": null}}},
{"TimeGenerated": "2026-02-14T01:12:09.760577Z", "EventID": {"#attributes": {"Qualifiers": 49152}, "#text": 1014}, "Computer": "DC01.garfield.htb", "RawEvent": {"#attributes": {"xmlns": "http://schemas.microsoft.com/win/2004/08/events/event"}, "System": {"Provider": {"#attributes": {"Name": "Microsoft-Windows-Security-SPP", "Guid": "{E23B33B0-C8C9-472C-A5F9-F2BDFEA0F156}", "EventSourceName": "Software Protection Platform Service"}}, "EventID": {"#attributes": {"Qualifiers": 49152}, "#text": 1014}, "Version": 0, "Level": 2, "Task": 0, "Opcode": 0, "Keywords": "0x80000000000000", "TimeCreated": {"#attributes": {"SystemTime": "2026-02-14T01:12:09.760577Z"}}, "EventRecordID": 2114, "Correlation": null, "Execution": {"#attributes": {"ProcessID": 0, "ThreadID": 0}}, "Channel": "Application", "Computer": "DC01.garfield.htb", "Security": null}, "EventData": {"Data": {"#text": ["hr=0x80072EE7", "7783a126-c108-4cf7-b59f-13c78c7a7337"]}, "Binary": null}}},
{"TimeGenerated": "2026-02-14T01:12:10.244949Z", "EventID": {"#attributes": {"Qualifiers": 16384}, "#text": 1003}, "Computer": "DC01.garfield.htb", "RawEvent": {"#attributes": {"xmlns": "http://schemas.microsoft.com/win/2004/08/events/event"}, "System": {"Provider": {"#attributes": {"Name": "Microsoft-Windows-Security-SPP", "Guid": "{E23B33B0-C8C9-472C-A5F9-F2BDFEA0F156}", "EventSourceName": "Software Protection Platform Service"}}, "EventID": {"#attributes": {"Qualifiers": 16384}, "#text": 1003}, "Version": 0, "Level": 4, "Task": 0, "Opcode": 0, "Keywords": "0x80000000000000", "TimeCreated": {"#attributes": {"SystemTime": "2026-02-14T01:12:10.244949Z"}}, "EventRecordID": 2115, "Correlation": null, "Execution": {"#attributes": {"ProcessID": 0, "ThreadID": 0}}, "Channel": "Application", "Computer": "DC01.garfield.htb", "Security": null}, "EventData": {"Data": {"#text": ["55c92734-d682-4d71-983e-d6ec3f16059f", "\n1: 7783a126-c108-4cf7-b59f-13c78c7a7337, 1, 1 [(0 [0xC004E003, 0, 0], [( 9 0xC004FC07 180 0)( 1 0x00000000)(?)( 2 0x00000000 0 0 msft:rm/algorithm/hwid/4.0 0x00000000 0)(?)( 9 0xC004FC07 180 0)( 10 0x00000000 msft:rm/algorithm/flags/1.0)(?)])(1 )(2 )(3 [0x00000000, 0, 0], [( 6 0xC004F009 10 0)( 1 0x00000000)( 6 0xC004F009 10 0)(?)(?)(?)( 10 0x00000000 msft:rm/algorithm/flags/1.0)( 11 0x00000000 0xC004FC07)])]\n\n"]}, "Binary": null}}},
{"TimeGenerated": "2026-02-14T01:12:10.244949Z", "EventID": {"#attributes": {"Qualifiers": 16384}, "#text": 1003}, "Computer": "DC01.garfield.htb", "RawEvent": {"#attributes": {"xmlns": "http://schemas.microsoft.com/win/2004/08/events/event"}, "System": {"Provider": {"#attributes": {"Name": "Microsoft-Windows-Security-SPP", "Guid": "{E23B33B0-C8C9-472C-A5F9-F2BDFEA0F156}", "EventSourceName": "Software Protection Platform Service"}}, "EventID": {"#attributes": {"Qualifiers": 16384}, "#text": 1003}, "Version": 0, "Level": 4, "Task": 0, "Opcode": 0, "Keywords": "0x80000000000000", "TimeCreated": {"#attributes": {"SystemTime": "2026-02-14T01:12:10.244949Z"}}, "EventRecordID": 2116, "Correlation": null, "Execution": {"#attributes": {"ProcessID": 0, "ThreadID": 0}}, "Channel": "Application", "Computer": "DC01.garfield.htb", "Security": null}, "EventData": {"Data": {"#text": ["55c92734-d682-4d71-983e-d6ec3f16059f", "\n1: 7783a126-c108-4cf7-b59f-13c78c7a7337, 1, 1 [(0 [0xC004E003, 0, 0], [( 9 0xC004FC07 180 0)( 1 0x00000000)(?)( 2 0x00000000 0 0 msft:rm/algorithm/hwid/4.0 0x00000000 0)(?)( 9 0xC004FC07 180 0)( 10 0x00000000 msft:rm/algorithm/flags/1.0)(?)])(1 )(2 )(3 [0x00000000, 0, 0], [( 6 0xC004F009 10 0)( 1 0x00000000)( 6 0xC004F009 10 0)(?)(?)(?)( 10 0x00000000 msft:rm/algorithm/flags/1.0)( 11 0x00000000 0xC004FC07)])]\n\n"]}, "Binary": null}}},
{"TimeGenerated": "2026-02-14T01:12:10.291821Z", "EventID": {"#attributes": {"Qualifiers": 49152}, "#text": 8197}, "Computer": "DC01.garfield.htb", "RawEvent": {"#attributes": {"xmlns": "http://schemas.microsoft.com/win/2004/08/events/event"}, "System": {"Provider": {"#attributes": {"Name": "Microsoft-Windows-Security-SPP", "Guid": "{E23B33B0-C8C9-472C-A5F9-F2BDFEA0F156}", "EventSourceName": "Software Protection Platform Service"}}, "EventID": {"#attributes": {"Qualifiers": 49152}, "#text": 8197}, "Version": 0, "Level": 4, "Task": 0, "Opcode": 0, "Keywords": "0x80000000000000", "TimeCreated": {"#attributes": {"SystemTime": "2026-02-14T01:12:10.291821Z"}}, "EventRecordID": 2117, "Correlation": null, "Execution": {"#attributes": {"ProcessID": 0, "ThreadID": 0}}, "Channel": "Application", "Computer": "DC01.garfield.htb", "Security": null}, "EventData": {"Data": {"#text": "RuleId=8244d55f-dcd7-4010-8151-2a5af187b1ed;Action=NotifyUser;AppId=55c92734-d682-4d71-983e-d6ec3f16059f;SkuId=7783a126-c108-4cf7-b59f-13c78c7a7337;NotificationInterval=240;Trigger=TimerEvent"}, "Binary": null}}},
