{"TimeGenerated": "2025-08-13T19:50:09.114042Z", "EventID": {"#attributes": {"Qualifiers": 16384}, "#text": 7036}, "Computer": "WIN-LC7SFT89DTG", "RawEvent": {"#attributes": {"xmlns": "http://schemas.microsoft.com/win/2004/08/events/event"}, "System": {"Provider": {"#attributes": {"Name": "Service Control Manager", "Guid": "{555908d1-a6d7-4695-8e1e-26931d2012f4}", "EventSourceName": "Service Control Manager"}}, "EventID": {"#attributes": {"Qualifiers": 16384}, "#text": 7036}, "Version": 0, "Level": 4, "Task": 0, "Opcode": 0, "Keywords": "0x8080000000000000", "TimeCreated": {"#attributes": {"SystemTime": "2025-08-13T19:50:09.114042Z"}}, "EventRecordID": 56, "Correlation": null, "Execution": {"#attributes": {"ProcessID": 640, "ThreadID": 744}}, "Channel": "System", "Computer": "WIN-LC7SFT89DTG", "Security": null}, "EventData": {"param1": "EventLog", "param2": "running", "Binary": "4500760065006E0074004C006F0067002F0034000000"}}},
{"TimeGenerated": "2025-08-13T19:50:09.131531Z", "EventID": {"#attributes": {"Qualifiers": 16384}, "#text": 7036}, "Computer": "WIN-LC7SFT89DTG", "RawEvent": {"#attributes": {"xmlns": "http://schemas.microsoft.com/win/2004/08/events/event"}, "System": {"Provider": {"#attributes": {"Name": "Service Control Manager", "Guid": "{555908d1-a6d7-4695-8e1e-26931d2012f4}", "EventSourceName": "Service Control Manager"}}, "EventID": {"#attributes": {"Qualifiers": 16384}, "#text": 7036}, "Version": 0, "Level": 4, "Task": 0, "Opcode": 0, "Keywords": "0x8080000000000000", "TimeCreated": {"#attributes": {"SystemTime": "2025-08-13T19:50:09.131531Z"}}, "EventRecordID": 57, "Correlation": null, "Execution": {"#attributes": {"ProcessID": 640, "ThreadID": 800}}, "Channel": "System", "Computer": "WIN-LC7SFT89DTG", "Security": null}, "EventData": {"param1": "nsi", "param2": "running", "Binary": "6E00730069002F0034000000"}}},
{"TimeGenerated": "2025-08-13T19:50:09.131531Z", "EventID": {"#attributes": {"Qualifiers": 16384}, "#text": 7036}, "Computer": "WIN-LC7SFT89DTG", "RawEvent": {"#attributes": {"xmlns": "http://schemas.microsoft.com/win/2004/08/events/event"}, "System": {"Provider": {"#attributes": {"Name": "Service Control Manager", "Guid": "{555908d1-a6d7-4695-8e1e-26931d2012f4}", "EventSourceName": "Service Control Manager"}}, "EventID": {"#attributes": {"Qualifiers": 16384}, "#text": 7036}, "Version": 0, "Level": 4, "Task": 0, "Opcode": 0, "Keywords": "0x8080000000000000", "TimeCreated": {"#attributes": {"SystemTime": "2025-08-13T19:50:09.131531Z"}}, "EventRecordID": 58, "Correlation": null, "Execution": {"#attributes": {"ProcessID": 640, "ThreadID": 800}}, "Channel": "System", "Computer": "WIN-LC7SFT89DTG", "Security": null}, "EventData": {"param1": "Themes", "param2": "running", "Binary": "5400680065006D00650073002F0034000000"}}},
{"TimeGenerated": "2025-08-13T19:50:09.131531Z", "EventID": {"#attributes": {"Qualifiers": 16384}, "#text": 7036}, "Computer": "WIN-LC7SFT89DTG", "RawEvent": {"#attributes": {"xmlns": "http://schemas.microsoft.com/win/2004/08/events/event"}, "System": {"Provider": {"#attributes": {"Name": "Service Control Manager", "Guid": "{555908d1-a6d7-4695-8e1e-26931d2012f4}", "EventSourceName": "Service Control Manager"}}, "EventID": {"#attributes": {"Qualifiers": 16384}, "#text": 7036}, "Version": 0, "Level": 4, "Task": 0, "Opcode": 0, "Keywords": "0x8080000000000000", "TimeCreated": {"#attributes": {"SystemTime": "2025-08-13T19:50:09.131531Z"}}, "EventRecordID": 59, "Correlation": null, "Execution": {"#attributes": {"ProcessID": 640, "ThreadID": 800}}, "Channel": "System", "Computer": "WIN-LC7SFT89DTG", "Security": null}, "EventData": {"param1": "EventSystem", "param2": "running", "Binary": "4500760065006E007400530079007300740065006D002F0034000000"}}},
{"TimeGenerated": "2025-08-13T19:50:09.131531Z", "EventID": {"#attributes": {"Qualifiers": 16384}, "#text": 7036}, "Computer": "WIN-LC7SFT89DTG", "RawEvent": {"#attributes": {"xmlns": "http://schemas.microsoft.com/win/2004/08/events/event"}, "System": {"Provider": {"#attributes": {"Name": "Service Control Manager", "Guid": "{555908d1-a6d7-4695-8e1e-26931d2012f4}", "EventSourceName": "Service Control Manager"}}, "EventID": {"#attributes": {"Qualifiers": 16384}, "#text": 7036}, "Version": 0, "Level": 4, "Task": 0, "Opcode": 0, "Keywords": "0x8080000000000000", "TimeCreated": {"#attributes": {"SystemTime": "2025-08-13T19:50:09.131531Z"}}, "EventRecordID": 60, "Correlation": null, "Execution": {"#attributes": {"ProcessID": 640, "ThreadID": 800}}, "Channel": "System", "Computer": "WIN-LC7SFT89DTG", "Security": null}, "EventData": {"param1": "gpsvc", "param2": "running", "Binary": "670070007300760063002F0034000000"}}},
{"TimeGenerated": "2025-08-13T19:50:09.145297Z", "EventID": {"#attributes": {"Qualifiers": 16384}, "#text": 7036}, "Computer": "WIN-LC7SFT89DTG", "RawEvent": {"#attributes": {"xmlns": "http://schemas.microsoft.com/win/2004/08/events/event"}, "System": {"Provider": {"#attributes": {"Name": "Service Control Manager", "Guid": "{555908d1-a6d7-4695-8e1e-26931d2012f4}", "EventSourceName": "Service Control Manager"}}, "EventID": {"#attributes": {"Qualifiers": 16384}, "#text": 7036}, "Version": 0, "Level": 4, "Task": 0, "Opcode": 0, "Keywords": "0x8080000000000000", "TimeCreated": {"#attributes": {"SystemTime": "2025-08-13T19:50:09.145297Z"}}, "EventRecordID": 61, "Correlation": null, "Execution": {"#attributes": {"ProcessID": 640, "ThreadID": 800}}, "Channel": "System", "Computer": "WIN-LC7SFT89DTG", "Security": null}, "EventData": {"param1": "ProfSvc", "param2": "running", "Binary": "500072006F0066005300760063002F0034000000"}}},
{"TimeGenerated": "2025-08-13T19:50:09.151243Z", "EventID": 50036, "Computer": "WIN-LC7SFT89DTG", "RawEvent": {"#attributes": {"xmlns": "http://schemas.microsoft.com/win/2004/08/events/event"}, "System": {"Provider": {"#attributes": {"Name": "Microsoft-Windows-Dhcp-Client", "Guid": "15A7A4F8-0072-4EAB-ABAD-F98A4D666AED"}}, "EventID": 50036, "Version": 0, "Level": 4, "Task": 4, "Opcode": 68, "Keywords": "0x2000000000000000", "TimeCreated": {"#attributes": {"SystemTime": "2025-08-13T19:50:09.151243Z"}}, "EventRecordID": 62, "Correlation": null, "Execution": {"#attributes": {"ProcessID": 1616, "ThreadID": 1680}}, "Channel": "System", "Computer": "WIN-LC7SFT89DTG", "Security": {"#attributes": {"UserID": "S-1-5-19"}}}, "EventData": null}},
{"TimeGenerated": "2025-08-13T19:50:09.151275Z", "EventID": 50103, "Computer": "WIN-LC7SFT89DTG", "RawEvent": {"#attributes": {"xmlns": "http://schemas.microsoft.com/win/2004/08/events/event"}, "System": {"Provider": {"#attributes": {"Name": "Microsoft-Windows-Dhcp-Client", "Guid": "15A7A4F8-0072-4EAB-ABAD-F98A4D666AED"}}, "EventID": 50103, "Version": 0, "Level": 4, "Task": 4, "Opcode": 129, "Keywords": "0x2000000000000000", "TimeCreated": {"#attributes": {"SystemTime": "2025-08-13T19:50:09.151275Z"}}, "EventRecordID": 63, "Correlation": null, "Execution": {"#attributes": {"ProcessID": 1616, "ThreadID": 1680}}, "Channel": "System", "Computer": "WIN-LC7SFT89DTG", "Security": {"#attributes": {"UserID": "S-1-5-19"}}}, "EventData": null}},
{"TimeGenerated": "2025-08-13T19:50:09.155828Z", "EventID": 51046, "Computer": "WIN-LC7SFT89DTG", "RawEvent": {"#attributes": {"xmlns": "http://schemas.microsoft.com/win/2004/08/events/event"}, "System": {"Provider": {"#attributes": {"Name": "Microsoft-Windows-DHCPv6-Client", "Guid": "6A1F2B00-6A90-4C38-95A5-5CAB3B056778"}}, "EventID": 51046, "Version": 0, "Level": 4, "Task": 4, "Opcode": 62, "Keywords": "0x2000000000000000", "TimeCreated": {"#attributes": {"SystemTime": "2025-08-13T19:50:09.155828Z"}}, "EventRecordID": 64, "Correlation": null, "Execution": {"#attributes": {"ProcessID": 1616, "ThreadID": 1736}}, "Channel": "System", "Computer": "WIN-LC7SFT89DTG", "Security": {"#attributes": {"UserID": "S-1-5-19"}}}, "EventData": null}},
{"TimeGenerated": "2025-08-13T19:50:09.145297Z", "EventID": {"#attributes": {"Qualifiers": 16384}, "#text": 7036}, "Computer": "WIN-LC7SFT89DTG", "RawEvent": {"#attributes": {"xmlns": "http://schemas.microsoft.com/win/2004/08/events/event"}, "System": {"Provider": {"#attributes": {"Name": "Service Control Manager", "Guid": "{555908d1-a6d7-4695-8e1e-26931d2012f4}", "EventSourceName": "Service Control Manager"}}, "EventID": {"#attributes": {"Qualifiers": 16384}, "#text": 7036}, "Version": 0, "Level": 4, "Task": 0, "Opcode": 0, "Keywords": "0x8080000000000000", "TimeCreated": {"#attributes": {"SystemTime": "2025-08-13T19:50:09.145297Z"}}, "EventRecordID": 65, "Correlation": null, "Execution": {"#attributes": {"ProcessID": 640, "ThreadID": 744}}, "Channel": "System", "Computer": "WIN-LC7SFT89DTG", "Security": null}, "EventData": {"param1": "SENS", "param2": "running", "Binary": "530045004E0053002F0034000000"}}},
{"TimeGenerated": "2025-08-13T19:50:09.145297Z", "EventID": {"#attributes": {"Qualifiers": 16384}, "#text": 7036}, "Computer": "WIN-LC7SFT89DTG", "RawEvent": {"#attributes": {"xmlns": "http://schemas.microsoft.com/win/2004/08/events/event"}, "System": {"Provider": {"#attributes": {"Name": "Service Control Manager", "Guid": "{555908d1-a6d7-4695-8e1e-26931d2012f4}", "EventSourceName": "Service Control Manager"}}, "EventID": {"#attributes": {"Qualifiers": 16384}, "#text": 7036}, "Version": 0, "Level": 4, "Task": 0, "Opcode": 0, "Keywords": "0x8080000000000000", "TimeCreated": {"#attributes": {"SystemTime": "2025-08-13T19:50:09.145297Z"}}, "EventRecordID": 66, "Correlation": null, "Execution": {"#attributes": {"ProcessID": 640, "ThreadID": 1420}}, "Channel": "System", "Computer": "WIN-LC7SFT89DTG", "Security": null}, "EventData": {"param1": "Dhcp", "param2": "running", "Binary": "44006800630070002F0034000000"}}},
{"TimeGenerated": "2025-08-13T19:50:09.176741Z", "EventID": {"#attributes": {"Qualifiers": 16384}, "#text": 7036}, "Computer": "WIN-LC7SFT89DTG", "RawEvent": {"#attributes": {"xmlns": "http://schemas.microsoft.com/win/2004/08/events/event"}, "System": {"Provider": {"#attributes": {"Name": "Service Control Manager", "Guid": "{555908d1-a6d7-4695-8e1e-26931d2012f4}", "EventSourceName": "Service Control Manager"}}, "EventID": {"#attributes": {"Qualifiers": 16384}, "#text": 7036}, "Version": 0, "Level": 4, "Task": 0, "Opcode": 0, "Keywords": "0x8080000000000000", "TimeCreated": {"#attributes": {"SystemTime": "2025-08-13T19:50:09.176741Z"}}, "EventRecordID": 67, "Correlation": null, "Execution": {"#attributes": {"ProcessID": 640, "ThreadID": 800}}, "Channel": "System", "Computer": "WIN-LC7SFT89DTG", "Security": null}, "EventData": {"param1": "Dnscache", "param2": "running", "Binary": "44006E007300630061006300680065002F0034000000"}}},
{"TimeGenerated": "2025-08-13T19:50:09.176741Z", "EventID": {"#attributes": {"Qualifiers": 16384}, "#text": 7036}, "Computer": "WIN-LC7SFT89DTG", "RawEvent": {"#attributes": {"xmlns": "http://schemas.microsoft.com/win/2004/08/events/event"}, "System": {"Provider": {"#attributes": {"Name": "Service Control Manager", "Guid": "{555908d1-a6d7-4695-8e1e-26931d2012f4}", "EventSourceName": "Service Control Manager"}}, "EventID": {"#attributes": {"Qualifiers": 16384}, "#text": 7036}, "Version": 0, "Level": 4, "Task": 0, "Opcode": 0, "Keywords": "0x8080000000000000", "TimeCreated": {"#attributes": {"SystemTime": "2025-08-13T19:50:09.176741Z"}}, "EventRecordID": 68, "Correlation": null, "Execution": {"#attributes": {"ProcessID": 640, "ThreadID": 1420}}, "Channel": "System", "Computer": "WIN-LC7SFT89DTG", "Security": null}, "EventData": {"param1": "NlaSvc", "param2": "running", "Binary": "4E006C0061005300760063002F0034000000"}}},
{"TimeGenerated": "2025-08-13T19:50:09.192192Z", "EventID": {"#attributes": {"Qualifiers": 16384}, "#text": 7036}, "Computer": "WIN-LC7SFT89DTG", "RawEvent": {"#attributes": {"xmlns": "http://schemas.microsoft.com/win/2004/08/events/event"}, "System": {"Provider": {"#attributes": {"Name": "Service Control Manager", "Guid": "{555908d1-a6d7-4695-8e1e-26931d2012f4}", "EventSourceName": "Service Control Manager"}}, "EventID": {"#attributes": {"Qualifiers": 16384}, "#text": 7036}, "Version": 0, "Level": 4, "Task": 0, "Opcode": 0, "Keywords": "0x8080000000000000", "TimeCreated": {"#attributes": {"SystemTime": "2025-08-13T19:50:09.192192Z"}}, "EventRecordID": 69, "Correlation": null, "Execution": {"#attributes": {"ProcessID": 640, "ThreadID": 744}}, "Channel": "System", "Computer": "WIN-LC7SFT89DTG", "Security": null}, "EventData": {"param1": "netprofm", "param2": "stopped", "Binary": "6E0065007400700072006F0066006D002F0031000000"}}},
{"TimeGenerated": "2025-08-13T19:50:09.192192Z", "EventID": {"#attributes": {"Qualifiers": 16384}, "#text": 7036}, "Computer": "WIN-LC7SFT89DTG", "RawEvent": {"#attributes": {"xmlns": "http://schemas.microsoft.com/win/2004/08/events/event"}, "System": {"Provider": {"#attributes": {"Name": "Service Control Manager", "Guid": "{555908d1-a6d7-4695-8e1e-26931d2012f4}", "EventSourceName": "Service Control Manager"}}, "EventID": {"#attributes": {"Qualifiers": 16384}, "#text": 7036}, "Version": 0, "Level": 4, "Task": 0, "Opcode": 0, "Keywords": "0x8080000000000000", "TimeCreated": {"#attributes": {"SystemTime": "2025-08-13T19:50:09.192192Z"}}, "EventRecordID": 70, "Correlation": null, "Execution": {"#attributes": {"ProcessID": 640, "ThreadID": 800}}, "Channel": "System", "Computer": "WIN-LC7SFT89DTG", "Security": null}, "EventData": {"param1": "ShellHWDetection", "param2": "running", "Binary": "5300680065006C006C004800570044006500740065006300740069006F006E002F0034000000"}}},
{"TimeGenerated": "2025-08-13T19:50:09.207898Z", "EventID": {"#attributes": {"Qualifiers": 16384}, "#text": 7036}, "Computer": "WIN-LC7SFT89DTG", "RawEvent": {"#attributes": {"xmlns": "http://schemas.microsoft.com/win/2004/08/events/event"}, "System": {"Provider": {"#attributes": {"Name": "Service Control Manager", "Guid": "{555908d1-a6d7-4695-8e1e-26931d2012f4}", "EventSourceName": "Service Control Manager"}}, "EventID": {"#attributes": {"Qualifiers": 16384}, "#text": 7036}, "Version": 0, "Level": 4, "Task": 0, "Opcode": 0, "Keywords": "0x8080000000000000", "TimeCreated": {"#attributes": {"SystemTime": "2025-08-13T19:50:09.207898Z"}}, "EventRecordID": 71, "Correlation": null, "Execution": {"#attributes": {"ProcessID": 640, "ThreadID": 1344}}, "Channel": "System", "Computer": "WIN-LC7SFT89DTG", "Security": null}, "EventData": {"param1": "TimeBrokerSvc", "param2": "running", "Binary": "540069006D006500420072006F006B00650072005300760063002F0034000000"}}},
{"TimeGenerated": "2025-08-13T19:50:09.207898Z", "EventID": {"#attributes": {"Qualifiers": 16384}, "#text": 7036}, "Computer": "WIN-LC7SFT89DTG", "RawEvent": {"#attributes": {"xmlns": "http://schemas.microsoft.com/win/2004/08/events/event"}, "System": {"Provider": {"#attributes": {"Name": "Service Control Manager", "Guid": "{555908d1-a6d7-4695-8e1e-26931d2012f4}", "EventSourceName": "Service Control Manager"}}, "EventID": {"#attributes": {"Qualifiers": 16384}, "#text": 7036}, "Version": 0, "Level": 4, "Task": 0, "Opcode": 0, "Keywords": "0x8080000000000000", "TimeCreated": {"#attributes": {"SystemTime": "2025-08-13T19:50:09.207898Z"}}, "EventRecordID": 72, "Correlation": null, "Execution": {"#attributes": {"ProcessID": 640, "ThreadID": 800}}, "Channel": "System", "Computer": "WIN-LC7SFT89DTG", "Security": null}, "EventData": {"param1": "FontCache", "param2": "running", "Binary": "46006F006E007400430061006300680065002F0034000000"}}},
{"TimeGenerated": "2025-08-13T19:50:09.223443Z", "EventID": {"#attributes": {"Qualifiers": 16384}, "#text": 7036}, "Computer": "WIN-LC7SFT89DTG", "RawEvent": {"#attributes": {"xmlns": "http://schemas.microsoft.com/win/2004/08/events/event"}, "System": {"Provider": {"#attributes": {"Name": "Service Control Manager", "Guid": "{555908d1-a6d7-4695-8e1e-26931d2012f4}", "EventSourceName": "Service Control Manager"}}, "EventID": {"#attributes": {"Qualifiers": 16384}, "#text": 7036}, "Version": 0, "Level": 4, "Task": 0, "Opcode": 0, "Keywords": "0x8080000000000000", "TimeCreated": {"#attributes": {"SystemTime": "2025-08-13T19:50:09.223443Z"}}, "EventRecordID": 73, "Correlation": null, "Execution": {"#attributes": {"ProcessID": 640, "ThreadID": 1344}}, "Channel": "System", "Computer": "WIN-LC7SFT89DTG", "Security": null}, "EventData": {"param1": "Schedule", "param2": "running", "Binary": "5300630068006500640075006C0065002F0034000000"}}},
{"TimeGenerated": "2025-08-13T19:50:09.239037Z", "EventID": {"#attributes": {"Qualifiers": 16384}, "#text": 7036}, "Computer": "WIN-LC7SFT89DTG", "RawEvent": {"#attributes": {"xmlns": "http://schemas.microsoft.com/win/2004/08/events/event"}, "System": {"Provider": {"#attributes": {"Name": "Service Control Manager", "Guid": "{555908d1-a6d7-4695-8e1e-26931d2012f4}", "EventSourceName": "Service Control Manager"}}, "EventID": {"#attributes": {"Qualifiers": 16384}, "#text": 7036}, "Version": 0, "Level": 4, "Task": 0, "Opcode": 0, "Keywords": "0x8080000000000000", "TimeCreated": {"#attributes": {"SystemTime": "2025-08-13T19:50:09.239037Z"}}, "EventRecordID": 74, "Correlation": null, "Execution": {"#attributes": {"ProcessID": 640, "ThreadID": 728}}, "Channel": "System", "Computer": "WIN-LC7SFT89DTG", "Security": null}, "EventData": {"param1": "WinHttpAutoProxySvc", "param2": "running", "Binary": "570069006E0048007400740070004100750074006F00500072006F00780079005300760063002F0034000000"}}},
{"TimeGenerated": "2025-08-13T19:50:09.239037Z", "EventID": {"#attributes": {"Qualifiers": 16384}, "#text": 7036}, "Computer": "WIN-LC7SFT89DTG", "RawEvent": {"#attributes": {"xmlns": "http://schemas.microsoft.com/win/2004/08/events/event"}, "System": {"Provider": {"#attributes": {"Name": "Service Control Manager", "Guid": "{555908d1-a6d7-4695-8e1e-26931d2012f4}", "EventSourceName": "Service Control Manager"}}, "EventID": {"#attributes": {"Qualifiers": 16384}, "#text": 7036}, "Version": 0, "Level": 4, "Task": 0, "Opcode": 0, "Keywords": "0x8080000000000000", "TimeCreated": {"#attributes": {"SystemTime": "2025-08-13T19:50:09.239037Z"}}, "EventRecordID": 75, "Correlation": null, "Execution": {"#attributes": {"ProcessID": 640, "ThreadID": 800}}, "Channel": "System", "Computer": "WIN-LC7SFT89DTG", "Security": null}, "EventData": {"param1": "Wcmsvc", "param2": "running", "Binary": "570063006D007300760063002F0034000000"}}},
{"TimeGenerated": "2025-08-13T19:50:09.239037Z", "EventID": {"#attributes": {"Qualifiers": 16384}, "#text": 7036}, "Computer": "WIN-LC7SFT89DTG", "RawEvent": {"#attributes": {"xmlns": "http://schemas.microsoft.com/win/2004/08/events/event"}, "System": {"Provider": {"#attributes": {"Name": "Service Control Manager", "Guid": "{555908d1-a6d7-4695-8e1e-26931d2012f4}", "EventSourceName": "Service Control Manager"}}, "EventID": {"#attributes": {"Qualifiers": 16384}, "#text": 7036}, "Version": 0, "Level": 4, "Task": 0, "Opcode": 0, "Keywords": "0x8080000000000000", "TimeCreated": {"#attributes": {"SystemTime": "2025-08-13T19:50:09.239037Z"}}, "EventRecordID": 76, "Correlation": null, "Execution": {"#attributes": {"ProcessID": 640, "ThreadID": 728}}, "Channel": "System", "Computer": "WIN-LC7SFT89DTG", "Security": null}, "EventData": {"param1": "LanmanWorkstation", "param2": "running", "Binary": "4C0061006E006D0061006E0057006F0072006B00730074006100740069006F006E002F0034000000"}}},
{"TimeGenerated": "2025-08-13T19:50:09.285964Z", "EventID": {"#attributes": {"Qualifiers": 16384}, "#text": 7036}, "Computer": "WIN-LC7SFT89DTG", "RawEvent": {"#attributes": {"xmlns": "http://schemas.microsoft.com/win/2004/08/events/event"}, "System": {"Provider": {"#attributes": {"Name": "Service Control Manager", "Guid": "{555908d1-a6d7-4695-8e1e-26931d2012f4}", "EventSourceName": "Service Control Manager"}}, "EventID": {"#attributes": {"Qualifiers": 16384}, "#text": 7036}, "Version": 0, "Level": 4, "Task": 0, "Opcode": 0, "Keywords": "0x8080000000000000", "TimeCreated": {"#attributes": {"SystemTime": "2025-08-13T19:50:09.285964Z"}}, "EventRecordID": 77, "Correlation": null, "Execution": {"#attributes": {"ProcessID": 640, "ThreadID": 800}}, "Channel": "System", "Computer": "WIN-LC7SFT89DTG", "Security": null}, "EventData": {"param1": "BFE", "param2": "running", "Binary": "4200460045002F0034000000"}}},
{"TimeGenerated": "2025-08-13T19:50:09.348407Z", "EventID": {"#attributes": {"Qualifiers": 16384}, "#text": 7036}, "Computer": "WIN-LC7SFT89DTG", "RawEvent": {"#attributes": {"xmlns": "http://schemas.microsoft.com/win/2004/08/events/event"}, "System": {"Provider": {"#attributes": {"Name": "Service Control Manager", "Guid": "{555908d1-a6d7-4695-8e1e-26931d2012f4}", "EventSourceName": "Service Control Manager"}}, "EventID": {"#attributes": {"Qualifiers": 16384}, "#text": 7036}, "Version": 0, "Level": 4, "Task": 0, "Opcode": 0, "Keywords": "0x8080000000000000", "TimeCreated": {"#attributes": {"SystemTime": "2025-08-13T19:50:09.348407Z"}}, "EventRecordID": 78, "Correlation": null, "Execution": {"#attributes": {"ProcessID": 640, "ThreadID": 744}}, "Channel": "System", "Computer": "WIN-LC7SFT89DTG", "Security": null}, "EventData": {"param1": "UserManager", "param2": "running", "Binary": "55007300650072004D0061006E0061006700650072002F0034000000"}}},
{"TimeGenerated": "2025-08-13T19:50:09.379684Z", "EventID": {"#attributes": {"Qualifiers": 16384}, "#text": 7036}, "Computer": "WIN-LC7SFT89DTG", "RawEvent": {"#attributes": {"xmlns": "http://schemas.microsoft.com/win/2004/08/events/event"}, "System": {"Provider": {"#attributes": {"Name": "Service Control Manager", "Guid": "{555908d1-a6d7-4695-8e1e-26931d2012f4}", "EventSourceName": "Service Control Manager"}}, "EventID": {"#attributes": {"Qualifiers": 16384}, "#text": 7036}, "Version": 0, "Level": 4, "Task": 0, "Opcode": 0, "Keywords": "0x8080000000000000", "TimeCreated": {"#attributes": {"SystemTime": "2025-08-13T19:50:09.379684Z"}}, "EventRecordID": 79, "Correlation": null, "Execution": {"#attributes": {"ProcessID": 640, "ThreadID": 728}}, "Channel": "System", "Computer": "WIN-LC7SFT89DTG", "Security": null}, "EventData": {"param1": "SamSs", "param2": "running", "Binary": "530061006D00530073002F0034000000"}}},
{"TimeGenerated": "2025-08-13T19:50:09.395556Z", "EventID": {"#attributes": {"Qualifiers": 16384}, "#text": 7036}, "Computer": "WIN-LC7SFT89DTG", "RawEvent": {"#attributes": {"xmlns": "http://schemas.microsoft.com/win/2004/08/events/event"}, "System": {"Provider": {"#attributes": {"Name": "Service Control Manager", "Guid": "{555908d1-a6d7-4695-8e1e-26931d2012f4}", "EventSourceName": "Service Control Manager"}}, "EventID": {"#attributes": {"Qualifiers": 16384}, "#text": 7036}, "Version": 0, "Level": 4, "Task": 0, "Opcode": 0, "Keywords": "0x8080000000000000", "TimeCreated": {"#attributes": {"SystemTime": "2025-08-13T19:50:09.395556Z"}}, "EventRecordID": 80, "Correlation": null, "Execution": {"#attributes": {"ProcessID": 640, "ThreadID": 744}}, "Channel": "System", "Computer": "WIN-LC7SFT89DTG", "Security": null}, "EventData": {"param1": "Spooler", "param2": "stopped", "Binary": "530070006F006F006C00650072002F0031000000"}}},
{"TimeGenerated": "2025-08-13T19:50:09.395556Z", "EventID": {"#attributes": {"Qualifiers": 49152}, "#text": 7023}, "Computer": "WIN-LC7SFT89DTG", "RawEvent": {"#attributes": {"xmlns": "http://schemas.microsoft.com/win/2004/08/events/event"}, "System": {"Provider": {"#attributes": {"Name": "Service Control Manager", "Guid": "{555908d1-a6d7-4695-8e1e-26931d2012f4}", "EventSourceName": "Service Control Manager"}}, "EventID": {"#attributes": {"Qualifiers": 49152}, "#text": 7023}, "Version": 0, "Level": 2, "Task": 0, "Opcode": 0, "Keywords": "0x8080000000000000", "TimeCreated": {"#attributes": {"SystemTime": "2025-08-13T19:50:09.395556Z"}}, "EventRecordID": 81, "Correlation": null, "Execution": {"#attributes": {"ProcessID": 640, "ThreadID": 744}}, "Channel": "System", "Computer": "WIN-LC7SFT89DTG", "Security": null}, "EventData": {"param1": "Spooler", "param2": "%%2147942414", "Binary": "530070006F006F006C00650072000000"}}},
{"TimeGenerated": "2025-08-13T19:50:09.520594Z", "EventID": {"#attributes": {"Qualifiers": 7}, "#text": 10148}, "Computer": "WIN-LC7SFT89DTG", "RawEvent": {"#attributes": {"xmlns": "http://schemas.microsoft.com/win/2004/08/events/event"}, "System": {"Provider": {"#attributes": {"Name": "Microsoft-Windows-WinRM", "Guid": "{A7975C8F-AC13-49F1-87DA-5A984A4AB417}", "EventSourceName": "WinRM"}}, "EventID": {"#attributes": {"Qualifiers": 7}, "#text": 10148}, "Version": 0, "Level": 4, "Task": 0, "Opcode": 0, "Keywords": "0x80000000000000", "TimeCreated": {"#attributes": {"SystemTime": "2025-08-13T19:50:09.520594Z"}}, "EventRecordID": 82, "Correlation": null, "Execution": {"#attributes": {"ProcessID": 0, "ThreadID": 0}}, "Channel": "System", "Computer": "WIN-LC7SFT89DTG", "Security": null}, "EventData": {"#attributes": {"Name": "Started Listening"}}}},
{"TimeGenerated": "2025-08-13T19:50:09.535915Z", "EventID": {"#attributes": {"Qualifiers": 0}, "#text": 3261}, "Computer": "WIN-LC7SFT89DTG", "RawEvent": {"#attributes": {"xmlns": "http://schemas.microsoft.com/win/2004/08/events/event"}, "System": {"Provider": {"#attributes": {"Name": "Workstation"}}, "EventID": {"#attributes": {"Qualifiers": 0}, "#text": 3261}, "Level": 4, "Task": 0, "Keywords": "0x80000000000000", "TimeCreated": {"#attributes": {"SystemTime": "2025-08-13T19:50:09.535915Z"}}, "EventRecordID": 83, "Channel": "System", "Computer": "WIN-LC7SFT89DTG", "Security": null}, "EventData": {"Data": {"#text": "WORKGROUP"}, "Binary": null}}},
{"TimeGenerated": "2025-08-13T19:50:09.442185Z", "EventID": {"#attributes": {"Qualifiers": 16384}, "#text": 7036}, "Computer": "WIN-LC7SFT89DTG", "RawEvent": {"#attributes": {"xmlns": "http://schemas.microsoft.com/win/2004/08/events/event"}, "System": {"Provider": {"#attributes": {"Name": "Service Control Manager", "Guid": "{555908d1-a6d7-4695-8e1e-26931d2012f4}", "EventSourceName": "Service Control Manager"}}, "EventID": {"#attributes": {"Qualifiers": 16384}, "#text": 7036}, "Version": 0, "Level": 4, "Task": 0, "Opcode": 0, "Keywords": "0x8080000000000000", "TimeCreated": {"#attributes": {"SystemTime": "2025-08-13T19:50:09.442185Z"}}, "EventRecordID": 84, "Correlation": null, "Execution": {"#attributes": {"ProcessID": 640, "ThreadID": 1420}}, "Channel": "System", "Computer": "WIN-LC7SFT89DTG", "Security": null}, "EventData": {"param1": "mpssvc", "param2": "running", "Binary": "6D00700073007300760063002F0034000000"}}},
{"TimeGenerated": "2025-08-13T19:50:09.457921Z", "EventID": {"#attributes": {"Qualifiers": 16384}, "#text": 7036}, "Computer": "WIN-LC7SFT89DTG", "RawEvent": {"#attributes": {"xmlns": "http://schemas.microsoft.com/win/2004/08/events/event"}, "System": {"Provider": {"#attributes": {"Name": "Service Control Manager", "Guid": "{555908d1-a6d7-4695-8e1e-26931d2012f4}", "EventSourceName": "Service Control Manager"}}, "EventID": {"#attributes": {"Qualifiers": 16384}, "#text": 7036}, "Version": 0, "Level": 4, "Task": 0, "Opcode": 0, "Keywords": "0x8080000000000000", "TimeCreated": {"#attributes": {"SystemTime": "2025-08-13T19:50:09.457921Z"}}, "EventRecordID": 85, "Correlation": null, "Execution": {"#attributes": {"ProcessID": 640, "ThreadID": 1420}}, "Channel": "System", "Computer": "WIN-LC7SFT89DTG", "Security": null}, "EventData": {"param1": "WLMS", "param2": "running", "Binary": "57004C004D0053002F0034000000"}}},
{"TimeGenerated": "2025-08-13T19:50:09.457921Z", "EventID": {"#attributes": {"Qualifiers": 16384}, "#text": 7036}, "Computer": "WIN-LC7SFT89DTG", "RawEvent": {"#attributes": {"xmlns": "http://schemas.microsoft.com/win/2004/08/events/event"}, "System": {"Provider": {"#attributes": {"Name": "Service Control Manager", "Guid": "{555908d1-a6d7-4695-8e1e-26931d2012f4}", "EventSourceName": "Service Control Manager"}}, "EventID": {"#attributes": {"Qualifiers": 16384}, "#text": 7036}, "Version": 0, "Level": 4, "Task": 0, "Opcode": 0, "Keywords": "0x8080000000000000", "TimeCreated": {"#attributes": {"SystemTime": "2025-08-13T19:50:09.457921Z"}}, "EventRecordID": 86, "Correlation": null, "Execution": {"#attributes": {"ProcessID": 640, "ThreadID": 1420}}, "Channel": "System", "Computer": "WIN-LC7SFT89DTG", "Security": null}, "EventData": {"param1": "TrkWks", "param2": "running", "Binary": "540072006B0057006B0073002F0034000000"}}},
{"TimeGenerated": "2025-08-13T19:50:09.457921Z", "EventID": {"#attributes": {"Qualifiers": 16384}, "#text": 7036}, "Computer": "WIN-LC7SFT89DTG", "RawEvent": {"#attributes": {"xmlns": "http://schemas.microsoft.com/win/2004/08/events/event"}, "System": {"Provider": {"#attributes": {"Name": "Service Control Manager", "Guid": "{555908d1-a6d7-4695-8e1e-26931d2012f4}", "EventSourceName": "Service Control Manager"}}, "EventID": {"#attributes": {"Qualifiers": 16384}, "#text": 7036}, "Version": 0, "Level": 4, "Task": 0, "Opcode": 0, "Keywords": "0x8080000000000000", "TimeCreated": {"#attributes": {"SystemTime": "2025-08-13T19:50:09.457921Z"}}, "EventRecordID": 87, "Correlation": null, "Execution": {"#attributes": {"ProcessID": 640, "ThreadID": 748}}, "Channel": "System", "Computer": "WIN-LC7SFT89DTG", "Security": null}, "EventData": {"param1": "SysMain", "param2": "running", "Binary": "5300790073004D00610069006E002F0034000000"}}},
{"TimeGenerated": "2025-08-13T19:50:09.457921Z", "EventID": {"#attributes": {"Qualifiers": 16384}, "#text": 7036}, "Computer": "WIN-LC7SFT89DTG", "RawEvent": {"#attributes": {"xmlns": "http://schemas.microsoft.com/win/2004/08/events/event"}, "System": {"Provider": {"#attributes": {"Name": "Service Control Manager", "Guid": "{555908d1-a6d7-4695-8e1e-26931d2012f4}", "EventSourceName": "Service Control Manager"}}, "EventID": {"#attributes": {"Qualifiers": 16384}, "#text": 7036}, "Version": 0, "Level": 4, "Task": 0, "Opcode": 0, "Keywords": "0x8080000000000000", "TimeCreated": {"#attributes": {"SystemTime": "2025-08-13T19:50:09.457921Z"}}, "EventRecordID": 88, "Correlation": null, "Execution": {"#attributes": {"ProcessID": 640, "ThreadID": 800}}, "Channel": "System", "Computer": "WIN-LC7SFT89DTG", "Security": null}, "EventData": {"param1": "CryptSvc", "param2": "running", "Binary": "430072007900700074005300760063002F0034000000"}}},
{"TimeGenerated": "2025-08-13T19:50:09.473433Z", "EventID": {"#attributes": {"Qualifiers": 16384}, "#text": 7036}, "Computer": "WIN-LC7SFT89DTG", "RawEvent": {"#attributes": {"xmlns": "http://schemas.microsoft.com/win/2004/08/events/event"}, "System": {"Provider": {"#attributes": {"Name": "Service Control Manager", "Guid": "{555908d1-a6d7-4695-8e1e-26931d2012f4}", "EventSourceName": "Service Control Manager"}}, "EventID": {"#attributes": {"Qualifiers": 16384}, "#text": 7036}, "Version": 0, "Level": 4, "Task": 0, "Opcode": 0, "Keywords": "0x8080000000000000", "TimeCreated": {"#attributes": {"SystemTime": "2025-08-13T19:50:09.473433Z"}}, "EventRecordID": 89, "Correlation": null, "Execution": {"#attributes": {"ProcessID": 640, "ThreadID": 800}}, "Channel": "System", "Computer": "WIN-LC7SFT89DTG", "Security": null}, "EventData": {"param1": "RemoteRegistry", "param2": "running", "Binary": "520065006D006F0074006500520065006700690073007400720079002F0034000000"}}},
{"TimeGenerated": "2025-08-13T19:50:09.473433Z", "EventID": {"#attributes": {"Qualifiers": 16384}, "#text": 7036}, "Computer": "WIN-LC7SFT89DTG", "RawEvent": {"#attributes": {"xmlns": "http://schemas.microsoft.com/win/2004/08/events/event"}, "System": {"Provider": {"#attributes": {"Name": "Service Control Manager", "Guid": "{555908d1-a6d7-4695-8e1e-26931d2012f4}", "EventSourceName": "Service Control Manager"}}, "EventID": {"#attributes": {"Qualifiers": 16384}, "#text": 7036}, "Version": 0, "Level": 4, "Task": 0, "Opcode": 0, "Keywords": "0x8080000000000000", "TimeCreated": {"#attributes": {"SystemTime": "2025-08-13T19:50:09.473433Z"}}, "EventRecordID": 90, "Correlation": null, "Execution": {"#attributes": {"ProcessID": 640, "ThreadID": 1420}}, "Channel": "System", "Computer": "WIN-LC7SFT89DTG", "Security": null}, "EventData": {"param1": "Winmgmt", "param2": "running", "Binary": "570069006E006D0067006D0074002F0034000000"}}},
{"TimeGenerated": "2025-08-13T19:50:09.487503Z", "EventID": 134, "Computer": "WIN-LC7SFT89DTG", "RawEvent": {"#attributes": {"xmlns": "http://schemas.microsoft.com/win/2004/08/events/event"}, "System": {"Provider": {"#attributes": {"Name": "Microsoft-Windows-Time-Service", "Guid": "06EDCFEB-0FD0-4E53-ACCA-A6F8BBF81BCB"}}, "EventID": 134, "Version": 0, "Level": 3, "Task": 0, "Opcode": 0, "Keywords": "0x8000000000000000", "TimeCreated": {"#attributes": {"SystemTime": "2025-08-13T19:50:09.487503Z"}}, "EventRecordID": 91, "Correlation": null, "Execution": {"#attributes": {"ProcessID": 2540, "ThreadID": 2768}}, "Channel": "System", "Computer": "WIN-LC7SFT89DTG", "Security": {"#attributes": {"UserID": "S-1-5-19"}}}, "EventData": {"#attributes": {"Name": "TMP_EVENT_MANUAL_PEER_DNS_ERROR"}, "ErrorMessage": "No such host is known. (0x80072AF9)", "RetryMinutes": 15, "DomainPeer": "time.windows.com,0x8"}}},
{"TimeGenerated": "2025-08-13T19:50:09.473433Z", "EventID": {"#attributes": {"Qualifiers": 16384}, "#text": 7036}, "Computer": "WIN-LC7SFT89DTG", "RawEvent": {"#attributes": {"xmlns": "http://schemas.microsoft.com/win/2004/08/events/event"}, "System": {"Provider": {"#attributes": {"Name": "Service Control Manager", "Guid": "{555908d1-a6d7-4695-8e1e-26931d2012f4}", "EventSourceName": "Service Control Manager"}}, "EventID": {"#attributes": {"Qualifiers": 16384}, "#text": 7036}, "Version": 0, "Level": 4, "Task": 0, "Opcode": 0, "Keywords": "0x8080000000000000", "TimeCreated": {"#attributes": {"SystemTime": "2025-08-13T19:50:09.473433Z"}}, "EventRecordID": 92, "Correlation": null, "Execution": {"#attributes": {"ProcessID": 640, "ThreadID": 800}}, "Channel": "System", "Computer": "WIN-LC7SFT89DTG", "Security": null}, "EventData": {"param1": "W32Time", "param2": "running", "Binary": "570033003200540069006D0065002F0034000000"}}},
{"TimeGenerated": "2025-08-13T19:50:09.489118Z", "EventID": {"#attributes": {"Qualifiers": 16384}, "#text": 7036}, "Computer": "WIN-LC7SFT89DTG", "RawEvent": {"#attributes": {"xmlns": "http://schemas.microsoft.com/win/2004/08/events/event"}, "System": {"Provider": {"#attributes": {"Name": "Service Control Manager", "Guid": "{555908d1-a6d7-4695-8e1e-26931d2012f4}", "EventSourceName": "Service Control Manager"}}, "EventID": {"#attributes": {"Qualifiers": 16384}, "#text": 7036}, "Version": 0, "Level": 4, "Task": 0, "Opcode": 0, "Keywords": "0x8080000000000000", "TimeCreated": {"#attributes": {"SystemTime": "2025-08-13T19:50:09.489118Z"}}, "EventRecordID": 93, "Correlation": null, "Execution": {"#attributes": {"ProcessID": 640, "ThreadID": 744}}, "Channel": "System", "Computer": "WIN-LC7SFT89DTG", "Security": null}, "EventData": {"param1": "LanmanServer", "param2": "running", "Binary": "4C0061006E006D0061006E005300650072007600650072002F0034000000"}}},
{"TimeGenerated": "2025-08-13T19:50:09.504679Z", "EventID": {"#attributes": {"Qualifiers": 49152}, "#text": 7026}, "Computer": "WIN-LC7SFT89DTG", "RawEvent": {"#attributes": {"xmlns": "http://schemas.microsoft.com/win/2004/08/events/event"}, "System": {"Provider": {"#attributes": {"Name": "Service Control Manager", "Guid": "{555908d1-a6d7-4695-8e1e-26931d2012f4}", "EventSourceName": "Service Control Manager"}}, "EventID": {"#attributes": {"Qualifiers": 49152}, "#text": 7026}, "Version": 0, "Level": 4, "Task": 0, "Opcode": 0, "Keywords": "0x8080000000000000", "TimeCreated": {"#attributes": {"SystemTime": "2025-08-13T19:50:09.504679Z"}}, "EventRecordID": 94, "Correlation": null, "Execution": {"#attributes": {"ProcessID": 640, "ThreadID": 644}}, "Channel": "System", "Computer": "WIN-LC7SFT89DTG", "Security": null}, "EventData": {"param1": "\r\ndam"}}},
{"TimeGenerated": "2025-08-13T19:50:09.504679Z", "EventID": {"#attributes": {"Qualifiers": 16384}, "#text": 7036}, "Computer": "WIN-LC7SFT89DTG", "RawEvent": {"#attributes": {"xmlns": "http://schemas.microsoft.com/win/2004/08/events/event"}, "System": {"Provider": {"#attributes": {"Name": "Service Control Manager", "Guid": "{555908d1-a6d7-4695-8e1e-26931d2012f4}", "EventSourceName": "Service Control Manager"}}, "EventID": {"#attributes": {"Qualifiers": 16384}, "#text": 7036}, "Version": 0, "Level": 4, "Task": 0, "Opcode": 0, "Keywords": "0x8080000000000000", "TimeCreated": {"#attributes": {"SystemTime": "2025-08-13T19:50:09.504679Z"}}, "EventRecordID": 95, "Correlation": null, "Execution": {"#attributes": {"ProcessID": 640, "ThreadID": 800}}, "Channel": "System", "Computer": "WIN-LC7SFT89DTG", "Security": null}, "EventData": {"param1": "iphlpsvc", "param2": "stopped", "Binary": "6900700068006C0070007300760063002F0031000000"}}},
{"TimeGenerated": "2025-08-13T19:50:09.504679Z", "EventID": {"#attributes": {"Qualifiers": 49152}, "#text": 7023}, "Computer": "WIN-LC7SFT89DTG", "RawEvent": {"#attributes": {"xmlns": "http://schemas.microsoft.com/win/2004/08/events/event"}, "System": {"Provider": {"#attributes": {"Name": "Service Control Manager", "Guid": "{555908d1-a6d7-4695-8e1e-26931d2012f4}", "EventSourceName": "Service Control Manager"}}, "EventID": {"#attributes": {"Qualifiers": 49152}, "#text": 7023}, "Version": 0, "Level": 2, "Task": 0, "Opcode": 0, "Keywords": "0x8080000000000000", "TimeCreated": {"#attributes": {"SystemTime": "2025-08-13T19:50:09.504679Z"}}, "EventRecordID": 96, "Correlation": null, "Execution": {"#attributes": {"ProcessID": 640, "ThreadID": 800}}, "Channel": "System", "Computer": "WIN-LC7SFT89DTG", "Security": null}, "EventData": {"param1": "IP Helper", "param2": "%%21", "Binary": "6900700068006C0070007300760063000000"}}},
{"TimeGenerated": "2025-08-13T19:50:09.535915Z", "EventID": {"#attributes": {"Qualifiers": 16384}, "#text": 7036}, "Computer": "WIN-LC7SFT89DTG", "RawEvent": {"#attributes": {"xmlns": "http://schemas.microsoft.com/win/2004/08/events/event"}, "System": {"Provider": {"#attributes": {"Name": "Service Control Manager", "Guid": "{555908d1-a6d7-4695-8e1e-26931d2012f4}", "EventSourceName": "Service Control Manager"}}, "EventID": {"#attributes": {"Qualifiers": 16384}, "#text": 7036}, "Version": 0, "Level": 4, "Task": 0, "Opcode": 0, "Keywords": "0x8080000000000000", "TimeCreated": {"#attributes": {"SystemTime": "2025-08-13T19:50:09.535915Z"}}, "EventRecordID": 97, "Correlation": null, "Execution": {"#attributes": {"ProcessID": 640, "ThreadID": 1344}}, "Channel": "System", "Computer": "WIN-LC7SFT89DTG", "Security": null}, "EventData": {"param1": "WpnService", "param2": "running", "Binary": "570070006E0053006500720076006900630065002F0034000000"}}},
{"TimeGenerated": "2025-08-13T19:50:09.535915Z", "EventID": {"#attributes": {"Qualifiers": 16384}, "#text": 7036}, "Computer": "WIN-LC7SFT89DTG", "RawEvent": {"#attributes": {"xmlns": "http://schemas.microsoft.com/win/2004/08/events/event"}, "System": {"Provider": {"#attributes": {"Name": "Service Control Manager", "Guid": "{555908d1-a6d7-4695-8e1e-26931d2012f4}", "EventSourceName": "Service Control Manager"}}, "EventID": {"#attributes": {"Qualifiers": 16384}, "#text": 7036}, "Version": 0, "Level": 4, "Task": 0, "Opcode": 0, "Keywords": "0x8080000000000000", "TimeCreated": {"#attributes": {"SystemTime": "2025-08-13T19:50:09.535915Z"}}, "EventRecordID": 98, "Correlation": null, "Execution": {"#attributes": {"ProcessID": 640, "ThreadID": 1420}}, "Channel": "System", "Computer": "WIN-LC7SFT89DTG", "Security": null}, "EventData": {"param1": "WinRM", "param2": "running", "Binary": "570069006E0052004D002F0034000000"}}},
{"TimeGenerated": "2025-08-13T19:50:09.535915Z", "EventID": {"#attributes": {"Qualifiers": 16384}, "#text": 7036}, "Computer": "WIN-LC7SFT89DTG", "RawEvent": {"#attributes": {"xmlns": "http://schemas.microsoft.com/win/2004/08/events/event"}, "System": {"Provider": {"#attributes": {"Name": "Service Control Manager", "Guid": "{555908d1-a6d7-4695-8e1e-26931d2012f4}", "EventSourceName": "Service Control Manager"}}, "EventID": {"#attributes": {"Qualifiers": 16384}, "#text": 7036}, "Version": 0, "Level": 4, "Task": 0, "Opcode": 0, "Keywords": "0x8080000000000000", "TimeCreated": {"#attributes": {"SystemTime": "2025-08-13T19:50:09.535915Z"}}, "EventRecordID": 99, "Correlation": null, "Execution": {"#attributes": {"ProcessID": 640, "ThreadID": 1420}}, "Channel": "System", "Computer": "WIN-LC7SFT89DTG", "Security": null}, "EventData": {"param1": "WinDefend", "param2": "running", "Binary": "570069006E0044006500660065006E0064002F0034000000"}}},
{"TimeGenerated": "2025-08-13T19:50:09.707792Z", "EventID": {"#attributes": {"Qualifiers": 16384}, "#text": 7036}, "Computer": "WIN-LC7SFT89DTG", "RawEvent": {"#attributes": {"xmlns": "http://schemas.microsoft.com/win/2004/08/events/event"}, "System": {"Provider": {"#attributes": {"Name": "Service Control Manager", "Guid": "{555908d1-a6d7-4695-8e1e-26931d2012f4}", "EventSourceName": "Service Control Manager"}}, "EventID": {"#attributes": {"Qualifiers": 16384}, "#text": 7036}, "Version": 0, "Level": 4, "Task": 0, "Opcode": 0, "Keywords": "0x8080000000000000", "TimeCreated": {"#attributes": {"SystemTime": "2025-08-13T19:50:09.707792Z"}}, "EventRecordID": 100, "Correlation": null, "Execution": {"#attributes": {"ProcessID": 640, "ThreadID": 1420}}, "Channel": "System", "Computer": "WIN-LC7SFT89DTG", "Security": null}, "EventData": {"param1": "Web Account Manager", "param2": "running", "Binary": "54006F006B0065006E00420072006F006B00650072002F0034000000"}}},
{"TimeGenerated": "2025-08-13T19:50:09.762772Z", "EventID": 20001, "Computer": "WIN-LC7SFT89DTG", "RawEvent": {"#attributes": {"xmlns": "http://schemas.microsoft.com/win/2004/08/events/event"}, "System": {"Provider": {"#attributes": {"Name": "Microsoft-Windows-UserPnp", "Guid": "96F4A050-7E31-453C-88BE-9634F4E02139"}}, "EventID": 20001, "Version": 0, "Level": 4, "Task": 7005, "Opcode": 0, "Keywords": "0x8000000000000000", "TimeCreated": {"#attributes": {"SystemTime": "2025-08-13T19:50:09.762772Z"}}, "EventRecordID": 101, "Correlation": null, "Execution": {"#attributes": {"ProcessID": 3004, "ThreadID": 3048}}, "Channel": "System", "Computer": "WIN-LC7SFT89DTG", "Security": {"#attributes": {"UserID": "S-1-5-18"}}}, "UserData": {"InstallDeviceID": {"#attributes": {"xmlns": "http://manifests.microsoft.com/win/2004/08/windows/userpnp"}, "DriverName": "hdaudbus.inf_amd64_94a61cd26212cc1d", "DriverVersion": "10.0.17763.1", "DriverProvider": "Microsoft", "DeviceInstanceID": "PCI\\VEN_15AD&DEV_1977&SUBSYS_197715AD&REV_09\\4&BBF9765&0&0888", "SetupClass": "4D36E97D-E325-11CE-BFC1-08002BE10318", "RebootOption": false, "UpgradeDevice": true, "IsDriverOEM": false, "InstallStatus": "0x0", "DriverDescription": "High Definition Audio Controller"}}}},
{"TimeGenerated": "2025-08-13T19:50:09.770308Z", "EventID": {"#attributes": {"Qualifiers": 16384}, "#text": 7036}, "Computer": "WIN-LC7SFT89DTG", "RawEvent": {"#attributes": {"xmlns": "http://schemas.microsoft.com/win/2004/08/events/event"}, "System": {"Provider": {"#attributes": {"Name": "Service Control Manager", "Guid": "{555908d1-a6d7-4695-8e1e-26931d2012f4}", "EventSourceName": "Service Control Manager"}}, "EventID": {"#attributes": {"Qualifiers": 16384}, "#text": 7036}, "Version": 0, "Level": 4, "Task": 0, "Opcode": 0, "Keywords": "0x8080000000000000", "TimeCreated": {"#attributes": {"SystemTime": "2025-08-13T19:50:09.770308Z"}}, "EventRecordID": 102, "Correlation": null, "Execution": {"#attributes": {"ProcessID": 640, "ThreadID": 744}}, "Channel": "System", "Computer": "WIN-LC7SFT89DTG", "Security": null}, "EventData": {"param1": "DiagTrack", "param2": "running", "Binary": "440069006100670054007200610063006B002F0034000000"}}},
{"TimeGenerated": "2025-08-13T19:50:09.817266Z", "EventID": {"#attributes": {"Qualifiers": 16384}, "#text": 7036}, "Computer": "WIN-LC7SFT89DTG", "RawEvent": {"#attributes": {"xmlns": "http://schemas.microsoft.com/win/2004/08/events/event"}, "System": {"Provider": {"#attributes": {"Name": "Service Control Manager", "Guid": "{555908d1-a6d7-4695-8e1e-26931d2012f4}", "EventSourceName": "Service Control Manager"}}, "EventID": {"#attributes": {"Qualifiers": 16384}, "#text": 7036}, "Version": 0, "Level": 4, "Task": 0, "Opcode": 0, "Keywords": "0x8080000000000000", "TimeCreated": {"#attributes": {"SystemTime": "2025-08-13T19:50:09.817266Z"}}, "EventRecordID": 103, "Correlation": null, "Execution": {"#attributes": {"ProcessID": 640, "ThreadID": 800}}, "Channel": "System", "Computer": "WIN-LC7SFT89DTG", "Security": null}, "EventData": {"param1": "State Repository Service", "param2": "running", "Binary": "530074006100740065005200650070006F007300690074006F00720079002F0034000000"}}},
{"TimeGenerated": "2025-08-13T19:50:09.864072Z", "EventID": {"#attributes": {"Qualifiers": 16384}, "#text": 7036}, "Computer": "WIN-LC7SFT89DTG", "RawEvent": {"#attributes": {"xmlns": "http://schemas.microsoft.com/win/2004/08/events/event"}, "System": {"Provider": {"#attributes": {"Name": "Service Control Manager", "Guid": "{555908d1-a6d7-4695-8e1e-26931d2012f4}", "EventSourceName": "Service Control Manager"}}, "EventID": {"#attributes": {"Qualifiers": 16384}, "#text": 7036}, "Version": 0, "Level": 4, "Task": 0, "Opcode": 0, "Keywords": "0x8080000000000000", "TimeCreated": {"#attributes": {"SystemTime": "2025-08-13T19:50:09.864072Z"}}, "EventRecordID": 104, "Correlation": null, "Execution": {"#attributes": {"ProcessID": 640, "ThreadID": 800}}, "Channel": "System", "Computer": "WIN-LC7SFT89DTG", "Security": null}, "EventData": {"param1": "AppX Deployment Service (AppXSVC)", "param2": "running", "Binary": "41007000700058005300760063002F0034000000"}}},
{"TimeGenerated": "2025-08-13T19:50:09.879134Z", "EventID": 20001, "Computer": "WIN-LC7SFT89DTG", "RawEvent": {"#attributes": {"xmlns": "http://schemas.microsoft.com/win/2004/08/events/event"}, "System": {"Provider": {"#attributes": {"Name": "Microsoft-Windows-UserPnp", "Guid": "96F4A050-7E31-453C-88BE-9634F4E02139"}}, "EventID": 20001, "Version": 0, "Level": 4, "Task": 7005, "Opcode": 0, "Keywords": "0x8000000000000000", "TimeCreated": {"#attributes": {"SystemTime": "2025-08-13T19:50:09.879134Z"}}, "EventRecordID": 105, "Correlation": null, "Execution": {"#attributes": {"ProcessID": 3024, "ThreadID": 3060}}, "Channel": "System", "Computer": "WIN-LC7SFT89DTG", "Security": {"#attributes": {"UserID": "S-1-5-18"}}}, "UserData": {"InstallDeviceID": {"#attributes": {"xmlns": "http://manifests.microsoft.com/win/2004/08/windows/userpnp"}, "DriverName": "msmouse.inf_amd64_d6a71b2325c8ca05", "DriverVersion": "10.0.17763.1", "DriverProvider": "Microsoft", "DeviceInstanceID": "ACPI\\VMW0003\\4&1BD7F811&0", "SetupClass": "4D36E96F-E325-11CE-BFC1-08002BE10318", "RebootOption": false, "UpgradeDevice": true, "IsDriverOEM": false, "InstallStatus": "0x0", "DriverDescription": "PS/2 Compatible Mouse"}}}},
{"TimeGenerated": "2025-08-13T19:50:09.973405Z", "EventID": {"#attributes": {"Qualifiers": 16384}, "#text": 7045}, "Computer": "WIN-LC7SFT89DTG", "RawEvent": {"#attributes": {"xmlns": "http://schemas.microsoft.com/win/2004/08/events/event"}, "System": {"Provider": {"#attributes": {"Name": "Service Control Manager", "Guid": "{555908d1-a6d7-4695-8e1e-26931d2012f4}", "EventSourceName": "Service Control Manager"}}, "EventID": {"#attributes": {"Qualifiers": 16384}, "#text": 7045}, "Version": 0, "Level": 4, "Task": 0, "Opcode": 0, "Keywords": "0x8080000000000000", "TimeCreated": {"#attributes": {"SystemTime": "2025-08-13T19:50:09.973405Z"}}, "EventRecordID": 106, "Correlation": null, "Execution": {"#attributes": {"ProcessID": 640, "ThreadID": 1344}}, "Channel": "System", "Computer": "WIN-LC7SFT89DTG", "Security": {"#attributes": {"UserID": "S-1-5-18"}}}, "EventData": {"ServiceName": "Intel(R) PRO/1000 PCI Express Network Connection Driver I", "ImagePath": "\\SystemRoot\\System32\\drivers\\e1i63x64.sys", "ServiceType": "kernel mode driver", "StartType": "demand start", "AccountName": ""}}},
{"TimeGenerated": "2025-08-13T19:50:10.072039Z", "EventID": 20001, "Computer": "WIN-LC7SFT89DTG", "RawEvent": {"#attributes": {"xmlns": "http://schemas.microsoft.com/win/2004/08/events/event"}, "System": {"Provider": {"#attributes": {"Name": "Microsoft-Windows-UserPnp", "Guid": "96F4A050-7E31-453C-88BE-9634F4E02139"}}, "EventID": 20001, "Version": 0, "Level": 4, "Task": 7005, "Opcode": 0, "Keywords": "0x8000000000000000", "TimeCreated": {"#attributes": {"SystemTime": "2025-08-13T19:50:10.072039Z"}}, "EventRecordID": 107, "Correlation": null, "Execution": {"#attributes": {"ProcessID": 2508, "ThreadID": 2448}}, "Channel": "System", "Computer": "WIN-LC7SFT89DTG", "Security": {"#attributes": {"UserID": "S-1-5-18"}}}, "UserData": {"InstallDeviceID": {"#attributes": {"xmlns": "http://manifests.microsoft.com/win/2004/08/windows/userpnp"}, "DriverName": "net1ix64.inf_amd64_4e27aed5cbf3a66c", "DriverVersion": "12.15.22.6", "DriverProvider": "Microsoft", "DeviceInstanceID": "PCI\\VEN_8086&DEV_10D3&SUBSYS_07D015AD&REV_00\\000C29FFFFD3193C00", "SetupClass": "4D36E972-E325-11CE-BFC1-08002BE10318", "RebootOption": false, "UpgradeDevice": false, "IsDriverOEM": false, "InstallStatus": "0x0", "DriverDescription": "Intel(R) 82574L Gigabit Network Connection"}}}},
{"TimeGenerated": "2025-08-13T19:50:10.273965Z", "EventID": {"#attributes": {"Qualifiers": 24580}, "#text": 32}, "Computer": "WIN-LC7SFT89DTG", "RawEvent": {"#attributes": {"xmlns": "http://schemas.microsoft.com/win/2004/08/events/event"}, "System": {"Provider": {"#attributes": {"Name": "e1iexpress"}}, "EventID": {"#attributes": {"Qualifiers": 24580}, "#text": 32}, "Level": 4, "Task": 0, "Keywords": "0x80000000000000", "TimeCreated": {"#attributes": {"SystemTime": "2025-08-13T19:50:10.273965Z"}}, "EventRecordID": 108, "Channel": "System", "Computer": "WIN-LC7SFT89DTG", "Security": null}, "EventData": {"Data": {"#text": ["", "Intel(R) 82574L Gigabit Network Connection"]}, "Binary": "0000040002003000000000002000046000000000000000000000000000000000000000000000000020000460"}}},
