{"TimeGenerated": "2025-08-13T11:05:10.936311Z", "EventID": {"#attributes": {"Qualifiers": 16384}, "#text": 7036}, "Computer": "DC01", "RawEvent": {"#attributes": {"xmlns": "http://schemas.microsoft.com/win/2004/08/events/event"}, "System": {"Provider": {"#attributes": {"Name": "Service Control Manager", "Guid": "{555908d1-a6d7-4695-8e1e-26931d2012f4}", "EventSourceName": "Service Control Manager"}}, "EventID": {"#attributes": {"Qualifiers": 16384}, "#text": 7036}, "Version": 0, "Level": 4, "Task": 0, "Opcode": 0, "Keywords": "0x8080000000000000", "TimeCreated": {"#attributes": {"SystemTime": "2025-08-13T11:05:10.936311Z"}}, "EventRecordID": 1136, "Correlation": null, "Execution": {"#attributes": {"ProcessID": 724, "ThreadID": 6460}}, "Channel": "System", "Computer": "DC01", "Security": null}, "EventData": {"param1": "User Access Logging Service", "param2": "stopped", "Binary": "550041004C005300560043002F0031000000"}}},
{"TimeGenerated": "2025-08-13T11:05:10.936311Z", "EventID": {"#attributes": {"Qualifiers": 16384}, "#text": 7036}, "Computer": "DC01", "RawEvent": {"#attributes": {"xmlns": "http://schemas.microsoft.com/win/2004/08/events/event"}, "System": {"Provider": {"#attributes": {"Name": "Service Control Manager", "Guid": "{555908d1-a6d7-4695-8e1e-26931d2012f4}", "EventSourceName": "Service Control Manager"}}, "EventID": {"#attributes": {"Qualifiers": 16384}, "#text": 7036}, "Version": 0, "Level": 4, "Task": 0, "Opcode": 0, "Keywords": "0x8080000000000000", "TimeCreated": {"#attributes": {"SystemTime": "2025-08-13T11:05:10.936311Z"}}, "EventRecordID": 1137, "Correlation": null, "Execution": {"#attributes": {"ProcessID": 724, "ThreadID": 6460}}, "Channel": "System", "Computer": "DC01", "Security": null}, "EventData": {"param1": "Connected User Experiences and Telemetry", "param2": "stopped", "Binary": "440069006100670054007200610063006B002F0031000000"}}},
{"TimeGenerated": "2025-08-13T11:05:10.958914Z", "EventID": {"#attributes": {"Qualifiers": 16384}, "#text": 7036}, "Computer": "DC01", "RawEvent": {"#attributes": {"xmlns": "http://schemas.microsoft.com/win/2004/08/events/event"}, "System": {"Provider": {"#attributes": {"Name": "Service Control Manager", "Guid": "{555908d1-a6d7-4695-8e1e-26931d2012f4}", "EventSourceName": "Service Control Manager"}}, "EventID": {"#attributes": {"Qualifiers": 16384}, "#text": 7036}, "Version": 0, "Level": 4, "Task": 0, "Opcode": 0, "Keywords": "0x8080000000000000", "TimeCreated": {"#attributes": {"SystemTime": "2025-08-13T11:05:10.958914Z"}}, "EventRecordID": 1138, "Correlation": null, "Execution": {"#attributes": {"ProcessID": 724, "ThreadID": 6460}}, "Channel": "System", "Computer": "DC01", "Security": null}, "EventData": {"param1": "Background Intelligent Transfer Service", "param2": "stopped", "Binary": "42004900540053002F0031000000"}}},
{"TimeGenerated": "2025-08-13T11:05:11.140319Z", "EventID": {"#attributes": {"Qualifiers": 16384}, "#text": 7036}, "Computer": "DC01", "RawEvent": {"#attributes": {"xmlns": "http://schemas.microsoft.com/win/2004/08/events/event"}, "System": {"Provider": {"#attributes": {"Name": "Service Control Manager", "Guid": "{555908d1-a6d7-4695-8e1e-26931d2012f4}", "EventSourceName": "Service Control Manager"}}, "EventID": {"#attributes": {"Qualifiers": 16384}, "#text": 7036}, "Version": 0, "Level": 4, "Task": 0, "Opcode": 0, "Keywords": "0x8080000000000000", "TimeCreated": {"#attributes": {"SystemTime": "2025-08-13T11:05:11.140319Z"}}, "EventRecordID": 1139, "Correlation": null, "Execution": {"#attributes": {"ProcessID": 724, "ThreadID": 2640}}, "Channel": "System", "Computer": "DC01", "Security": null}, "EventData": {"param1": "Plug and Play", "param2": "stopped", "Binary": "50006C007500670050006C00610079002F0031000000"}}},
{"TimeGenerated": "2025-08-13T11:05:11.140319Z", "EventID": {"#attributes": {"Qualifiers": 16384}, "#text": 7036}, "Computer": "DC01", "RawEvent": {"#attributes": {"xmlns": "http://schemas.microsoft.com/win/2004/08/events/event"}, "System": {"Provider": {"#attributes": {"Name": "Service Control Manager", "Guid": "{555908d1-a6d7-4695-8e1e-26931d2012f4}", "EventSourceName": "Service Control Manager"}}, "EventID": {"#attributes": {"Qualifiers": 16384}, "#text": 7036}, "Version": 0, "Level": 4, "Task": 0, "Opcode": 0, "Keywords": "0x8080000000000000", "TimeCreated": {"#attributes": {"SystemTime": "2025-08-13T11:05:11.140319Z"}}, "EventRecordID": 1140, "Correlation": null, "Execution": {"#attributes": {"ProcessID": 724, "ThreadID": 700}}, "Channel": "System", "Computer": "DC01", "Security": null}, "EventData": {"param1": "AppX Deployment Service (AppXSVC)", "param2": "stopped", "Binary": "41007000700058005300760063002F0031000000"}}},
{"TimeGenerated": "2025-08-13T11:05:11.152658Z", "EventID": 1, "Computer": "DC01", "RawEvent": {"#attributes": {"xmlns": "http://schemas.microsoft.com/win/2004/08/events/event"}, "System": {"Provider": {"#attributes": {"Name": "Microsoft-Windows-Kernel-General", "Guid": "A68CA8B7-004F-D7B6-A698-07E2DE0F1F5D"}}, "EventID": 1, "Version": 2, "Level": 4, "Task": 5, "Opcode": 0, "Keywords": "0x8000000000000010", "TimeCreated": {"#attributes": {"SystemTime": "2025-08-13T11:05:11.152658Z"}}, "EventRecordID": 1141, "Correlation": null, "Execution": {"#attributes": {"ProcessID": 2900, "ThreadID": 3228}}, "Channel": "System", "Computer": "DC01", "Security": {"#attributes": {"UserID": "S-1-5-19"}}}, "EventData": {"NewTime": "2025-08-13T11:05:11.152412Z", "OldTime": "2025-08-13T11:05:11.140319Z", "Reason": 1, "ProcessName": "\\Device\\HarddiskVolume4\\Windows\\System32\\svchost.exe", "ProcessID": 2900}}},
{"TimeGenerated": "2025-08-13T11:05:11.152703Z", "EventID": {"#attributes": {"Qualifiers": 16384}, "#text": 7036}, "Computer": "DC01", "RawEvent": {"#attributes": {"xmlns": "http://schemas.microsoft.com/win/2004/08/events/event"}, "System": {"Provider": {"#attributes": {"Name": "Service Control Manager", "Guid": "{555908d1-a6d7-4695-8e1e-26931d2012f4}", "EventSourceName": "Service Control Manager"}}, "EventID": {"#attributes": {"Qualifiers": 16384}, "#text": 7036}, "Version": 0, "Level": 4, "Task": 0, "Opcode": 0, "Keywords": "0x8080000000000000", "TimeCreated": {"#attributes": {"SystemTime": "2025-08-13T11:05:11.152703Z"}}, "EventRecordID": 1142, "Correlation": null, "Execution": {"#attributes": {"ProcessID": 724, "ThreadID": 700}}, "Channel": "System", "Computer": "DC01", "Security": null}, "EventData": {"param1": "Windows Time", "param2": "stopped", "Binary": "570033003200540069006D0065002F0031000000"}}},
{"TimeGenerated": "2025-08-13T11:05:11.154848Z", "EventID": {"#attributes": {"Qualifiers": 16384}, "#text": 7036}, "Computer": "DC01", "RawEvent": {"#attributes": {"xmlns": "http://schemas.microsoft.com/win/2004/08/events/event"}, "System": {"Provider": {"#attributes": {"Name": "Service Control Manager", "Guid": "{555908d1-a6d7-4695-8e1e-26931d2012f4}", "EventSourceName": "Service Control Manager"}}, "EventID": {"#attributes": {"Qualifiers": 16384}, "#text": 7036}, "Version": 0, "Level": 4, "Task": 0, "Opcode": 0, "Keywords": "0x8080000000000000", "TimeCreated": {"#attributes": {"SystemTime": "2025-08-13T11:05:11.154848Z"}}, "EventRecordID": 1143, "Correlation": null, "Execution": {"#attributes": {"ProcessID": 724, "ThreadID": 700}}, "Channel": "System", "Computer": "DC01", "Security": null}, "EventData": {"param1": "Windows Management Instrumentation", "param2": "stopped", "Binary": "570069006E006D0067006D0074002F0031000000"}}},
{"TimeGenerated": "2025-08-13T11:05:11.155623Z", "EventID": 50104, "Computer": "DC01", "RawEvent": {"#attributes": {"xmlns": "http://schemas.microsoft.com/win/2004/08/events/event"}, "System": {"Provider": {"#attributes": {"Name": "Microsoft-Windows-Dhcp-Client", "Guid": "15A7A4F8-0072-4EAB-ABAD-F98A4D666AED"}}, "EventID": 50104, "Version": 0, "Level": 4, "Task": 4, "Opcode": 129, "Keywords": "0x2000000000000000", "TimeCreated": {"#attributes": {"SystemTime": "2025-08-13T11:05:11.155623Z"}}, "EventRecordID": 1144, "Correlation": null, "Execution": {"#attributes": {"ProcessID": 1476, "ThreadID": 1480}}, "Channel": "System", "Computer": "DC01", "Security": {"#attributes": {"UserID": "S-1-5-19"}}}, "EventData": null}},
{"TimeGenerated": "2025-08-13T11:05:11.154848Z", "EventID": {"#attributes": {"Qualifiers": 16384}, "#text": 7036}, "Computer": "DC01", "RawEvent": {"#attributes": {"xmlns": "http://schemas.microsoft.com/win/2004/08/events/event"}, "System": {"Provider": {"#attributes": {"Name": "Service Control Manager", "Guid": "{555908d1-a6d7-4695-8e1e-26931d2012f4}", "EventSourceName": "Service Control Manager"}}, "EventID": {"#attributes": {"Qualifiers": 16384}, "#text": 7036}, "Version": 0, "Level": 4, "Task": 0, "Opcode": 0, "Keywords": "0x8080000000000000", "TimeCreated": {"#attributes": {"SystemTime": "2025-08-13T11:05:11.154848Z"}}, "EventRecordID": 1145, "Correlation": null, "Execution": {"#attributes": {"ProcessID": 724, "ThreadID": 700}}, "Channel": "System", "Computer": "DC01", "Security": null}, "EventData": {"param1": "User Profile Service", "param2": "stopped", "Binary": "500072006F0066005300760063002F0031000000"}}},
{"TimeGenerated": "2025-08-13T11:05:11.154848Z", "EventID": {"#attributes": {"Qualifiers": 16384}, "#text": 7036}, "Computer": "DC01", "RawEvent": {"#attributes": {"xmlns": "http://schemas.microsoft.com/win/2004/08/events/event"}, "System": {"Provider": {"#attributes": {"Name": "Service Control Manager", "Guid": "{555908d1-a6d7-4695-8e1e-26931d2012f4}", "EventSourceName": "Service Control Manager"}}, "EventID": {"#attributes": {"Qualifiers": 16384}, "#text": 7036}, "Version": 0, "Level": 4, "Task": 0, "Opcode": 0, "Keywords": "0x8080000000000000", "TimeCreated": {"#attributes": {"SystemTime": "2025-08-13T11:05:11.154848Z"}}, "EventRecordID": 1146, "Correlation": null, "Execution": {"#attributes": {"ProcessID": 724, "ThreadID": 6460}}, "Channel": "System", "Computer": "DC01", "Security": null}, "EventData": {"param1": "SysMain", "param2": "stopped", "Binary": "5300790073004D00610069006E002F0031000000"}}},
{"TimeGenerated": "2025-08-13T11:05:11.157180Z", "EventID": 50105, "Computer": "DC01", "RawEvent": {"#attributes": {"xmlns": "http://schemas.microsoft.com/win/2004/08/events/event"}, "System": {"Provider": {"#attributes": {"Name": "Microsoft-Windows-Dhcp-Client", "Guid": "15A7A4F8-0072-4EAB-ABAD-F98A4D666AED"}}, "EventID": 50105, "Version": 0, "Level": 4, "Task": 4, "Opcode": 129, "Keywords": "0x2000000000000000", "TimeCreated": {"#attributes": {"SystemTime": "2025-08-13T11:05:11.157180Z"}}, "EventRecordID": 1147, "Correlation": null, "Execution": {"#attributes": {"ProcessID": 1476, "ThreadID": 1556}}, "Channel": "System", "Computer": "DC01", "Security": {"#attributes": {"UserID": "S-1-5-19"}}}, "EventData": null}},
{"TimeGenerated": "2025-08-13T11:05:11.154848Z", "EventID": {"#attributes": {"Qualifiers": 16384}, "#text": 7036}, "Computer": "DC01", "RawEvent": {"#attributes": {"xmlns": "http://schemas.microsoft.com/win/2004/08/events/event"}, "System": {"Provider": {"#attributes": {"Name": "Service Control Manager", "Guid": "{555908d1-a6d7-4695-8e1e-26931d2012f4}", "EventSourceName": "Service Control Manager"}}, "EventID": {"#attributes": {"Qualifiers": 16384}, "#text": 7036}, "Version": 0, "Level": 4, "Task": 0, "Opcode": 0, "Keywords": "0x8080000000000000", "TimeCreated": {"#attributes": {"SystemTime": "2025-08-13T11:05:11.154848Z"}}, "EventRecordID": 1148, "Correlation": null, "Execution": {"#attributes": {"ProcessID": 724, "ThreadID": 6460}}, "Channel": "System", "Computer": "DC01", "Security": null}, "EventData": {"param1": "Distributed Link Tracking Client", "param2": "stopped", "Binary": "540072006B0057006B0073002F0031000000"}}},
{"TimeGenerated": "2025-08-13T11:05:11.154848Z", "EventID": {"#attributes": {"Qualifiers": 16384}, "#text": 7036}, "Computer": "DC01", "RawEvent": {"#attributes": {"xmlns": "http://schemas.microsoft.com/win/2004/08/events/event"}, "System": {"Provider": {"#attributes": {"Name": "Service Control Manager", "Guid": "{555908d1-a6d7-4695-8e1e-26931d2012f4}", "EventSourceName": "Service Control Manager"}}, "EventID": {"#attributes": {"Qualifiers": 16384}, "#text": 7036}, "Version": 0, "Level": 4, "Task": 0, "Opcode": 0, "Keywords": "0x8080000000000000", "TimeCreated": {"#attributes": {"SystemTime": "2025-08-13T11:05:11.154848Z"}}, "EventRecordID": 1149, "Correlation": null, "Execution": {"#attributes": {"ProcessID": 724, "ThreadID": 2636}}, "Channel": "System", "Computer": "DC01", "Security": null}, "EventData": {"param1": "HV Host Service", "param2": "stopped", "Binary": "4800760048006F00730074002F0031000000"}}},
{"TimeGenerated": "2025-08-13T11:05:11.154848Z", "EventID": {"#attributes": {"Qualifiers": 16384}, "#text": 7036}, "Computer": "DC01", "RawEvent": {"#attributes": {"xmlns": "http://schemas.microsoft.com/win/2004/08/events/event"}, "System": {"Provider": {"#attributes": {"Name": "Service Control Manager", "Guid": "{555908d1-a6d7-4695-8e1e-26931d2012f4}", "EventSourceName": "Service Control Manager"}}, "EventID": {"#attributes": {"Qualifiers": 16384}, "#text": 7036}, "Version": 0, "Level": 4, "Task": 0, "Opcode": 0, "Keywords": "0x8080000000000000", "TimeCreated": {"#attributes": {"SystemTime": "2025-08-13T11:05:11.154848Z"}}, "EventRecordID": 1150, "Correlation": null, "Execution": {"#attributes": {"ProcessID": 724, "ThreadID": 2636}}, "Channel": "System", "Computer": "DC01", "Security": null}, "EventData": {"param1": "Distributed Transaction Coordinator", "param2": "stopped", "Binary": "4D0053004400540043002F0031000000"}}},
{"TimeGenerated": "2025-08-13T11:05:11.154848Z", "EventID": {"#attributes": {"Qualifiers": 16384}, "#text": 7036}, "Computer": "DC01", "RawEvent": {"#attributes": {"xmlns": "http://schemas.microsoft.com/win/2004/08/events/event"}, "System": {"Provider": {"#attributes": {"Name": "Service Control Manager", "Guid": "{555908d1-a6d7-4695-8e1e-26931d2012f4}", "EventSourceName": "Service Control Manager"}}, "EventID": {"#attributes": {"Qualifiers": 16384}, "#text": 7036}, "Version": 0, "Level": 4, "Task": 0, "Opcode": 0, "Keywords": "0x8080000000000000", "TimeCreated": {"#attributes": {"SystemTime": "2025-08-13T11:05:11.154848Z"}}, "EventRecordID": 1151, "Correlation": null, "Execution": {"#attributes": {"ProcessID": 724, "ThreadID": 2636}}, "Channel": "System", "Computer": "DC01", "Security": null}, "EventData": {"param1": "Update Orchestrator Service", "param2": "stopped", "Binary": "550073006F005300760063002F0031000000"}}},
{"TimeGenerated": "2025-08-13T11:05:11.154848Z", "EventID": {"#attributes": {"Qualifiers": 16384}, "#text": 7036}, "Computer": "DC01", "RawEvent": {"#attributes": {"xmlns": "http://schemas.microsoft.com/win/2004/08/events/event"}, "System": {"Provider": {"#attributes": {"Name": "Service Control Manager", "Guid": "{555908d1-a6d7-4695-8e1e-26931d2012f4}", "EventSourceName": "Service Control Manager"}}, "EventID": {"#attributes": {"Qualifiers": 16384}, "#text": 7036}, "Version": 0, "Level": 4, "Task": 0, "Opcode": 0, "Keywords": "0x8080000000000000", "TimeCreated": {"#attributes": {"SystemTime": "2025-08-13T11:05:11.154848Z"}}, "EventRecordID": 1152, "Correlation": null, "Execution": {"#attributes": {"ProcessID": 724, "ThreadID": 2636}}, "Channel": "System", "Computer": "DC01", "Security": null}, "EventData": {"param1": "Diagnostic Policy Service", "param2": "stopped", "Binary": "4400500053002F0031000000"}}},
{"TimeGenerated": "2025-08-13T11:05:11.154848Z", "EventID": {"#attributes": {"Qualifiers": 16384}, "#text": 7036}, "Computer": "DC01", "RawEvent": {"#attributes": {"xmlns": "http://schemas.microsoft.com/win/2004/08/events/event"}, "System": {"Provider": {"#attributes": {"Name": "Service Control Manager", "Guid": "{555908d1-a6d7-4695-8e1e-26931d2012f4}", "EventSourceName": "Service Control Manager"}}, "EventID": {"#attributes": {"Qualifiers": 16384}, "#text": 7036}, "Version": 0, "Level": 4, "Task": 0, "Opcode": 0, "Keywords": "0x8080000000000000", "TimeCreated": {"#attributes": {"SystemTime": "2025-08-13T11:05:11.154848Z"}}, "EventRecordID": 1153, "Correlation": null, "Execution": {"#attributes": {"ProcessID": 724, "ThreadID": 2636}}, "Channel": "System", "Computer": "DC01", "Security": null}, "EventData": {"param1": "Windows Font Cache Service", "param2": "stopped", "Binary": "46006F006E007400430061006300680065002F0031000000"}}},
{"TimeGenerated": "2025-08-13T11:05:11.154848Z", "EventID": {"#attributes": {"Qualifiers": 16384}, "#text": 7036}, "Computer": "DC01", "RawEvent": {"#attributes": {"xmlns": "http://schemas.microsoft.com/win/2004/08/events/event"}, "System": {"Provider": {"#attributes": {"Name": "Service Control Manager", "Guid": "{555908d1-a6d7-4695-8e1e-26931d2012f4}", "EventSourceName": "Service Control Manager"}}, "EventID": {"#attributes": {"Qualifiers": 16384}, "#text": 7036}, "Version": 0, "Level": 4, "Task": 0, "Opcode": 0, "Keywords": "0x8080000000000000", "TimeCreated": {"#attributes": {"SystemTime": "2025-08-13T11:05:11.154848Z"}}, "EventRecordID": 1154, "Correlation": null, "Execution": {"#attributes": {"ProcessID": 724, "ThreadID": 2636}}, "Channel": "System", "Computer": "DC01", "Security": null}, "EventData": {"param1": "Windows Licensing Monitoring Service", "param2": "stopped", "Binary": "57004C004D0053002F0031000000"}}},
{"TimeGenerated": "2025-08-13T11:05:11.154848Z", "EventID": {"#attributes": {"Qualifiers": 16384}, "#text": 7036}, "Computer": "DC01", "RawEvent": {"#attributes": {"xmlns": "http://schemas.microsoft.com/win/2004/08/events/event"}, "System": {"Provider": {"#attributes": {"Name": "Service Control Manager", "Guid": "{555908d1-a6d7-4695-8e1e-26931d2012f4}", "EventSourceName": "Service Control Manager"}}, "EventID": {"#attributes": {"Qualifiers": 16384}, "#text": 7036}, "Version": 0, "Level": 4, "Task": 0, "Opcode": 0, "Keywords": "0x8080000000000000", "TimeCreated": {"#attributes": {"SystemTime": "2025-08-13T11:05:11.154848Z"}}, "EventRecordID": 1155, "Correlation": null, "Execution": {"#attributes": {"ProcessID": 724, "ThreadID": 2636}}, "Channel": "System", "Computer": "DC01", "Security": null}, "EventData": {"param1": "Microsoft Software Shadow Copy Provider", "param2": "stopped", "Binary": "730077007000720076002F0031000000"}}},
{"TimeGenerated": "2025-08-13T11:05:11.154848Z", "EventID": {"#attributes": {"Qualifiers": 16384}, "#text": 7036}, "Computer": "DC01", "RawEvent": {"#attributes": {"xmlns": "http://schemas.microsoft.com/win/2004/08/events/event"}, "System": {"Provider": {"#attributes": {"Name": "Service Control Manager", "Guid": "{555908d1-a6d7-4695-8e1e-26931d2012f4}", "EventSourceName": "Service Control Manager"}}, "EventID": {"#attributes": {"Qualifiers": 16384}, "#text": 7036}, "Version": 0, "Level": 4, "Task": 0, "Opcode": 0, "Keywords": "0x8080000000000000", "TimeCreated": {"#attributes": {"SystemTime": "2025-08-13T11:05:11.154848Z"}}, "EventRecordID": 1156, "Correlation": null, "Execution": {"#attributes": {"ProcessID": 724, "ThreadID": 2636}}, "Channel": "System", "Computer": "DC01", "Security": null}, "EventData": {"param1": "State Repository Service", "param2": "stopped", "Binary": "530074006100740065005200650070006F007300690074006F00720079002F0031000000"}}},
{"TimeGenerated": "2025-08-13T11:05:11.167643Z", "EventID": 51047, "Computer": "DC01", "RawEvent": {"#attributes": {"xmlns": "http://schemas.microsoft.com/win/2004/08/events/event"}, "System": {"Provider": {"#attributes": {"Name": "Microsoft-Windows-DHCPv6-Client", "Guid": "6A1F2B00-6A90-4C38-95A5-5CAB3B056778"}}, "EventID": 51047, "Version": 0, "Level": 4, "Task": 4, "Opcode": 63, "Keywords": "0x2000000000000000", "TimeCreated": {"#attributes": {"SystemTime": "2025-08-13T11:05:11.167643Z"}}, "EventRecordID": 1157, "Correlation": null, "Execution": {"#attributes": {"ProcessID": 1476, "ThreadID": 1644}}, "Channel": "System", "Computer": "DC01", "Security": {"#attributes": {"UserID": "S-1-5-19"}}}, "EventData": {"DwordVal": 1}}},
{"TimeGenerated": "2025-08-13T11:05:11.167644Z", "EventID": 51057, "Computer": "DC01", "RawEvent": {"#attributes": {"xmlns": "http://schemas.microsoft.com/win/2004/08/events/event"}, "System": {"Provider": {"#attributes": {"Name": "Microsoft-Windows-DHCPv6-Client", "Guid": "6A1F2B00-6A90-4C38-95A5-5CAB3B056778"}}, "EventID": 51057, "Version": 0, "Level": 4, "Task": 4, "Opcode": 104, "Keywords": "0x2000000000000000", "TimeCreated": {"#attributes": {"SystemTime": "2025-08-13T11:05:11.167644Z"}}, "EventRecordID": 1158, "Correlation": null, "Execution": {"#attributes": {"ProcessID": 1476, "ThreadID": 1644}}, "Channel": "System", "Computer": "DC01", "Security": {"#attributes": {"UserID": "S-1-5-19"}}}, "EventData": {"DwordVal": 1}}},
{"TimeGenerated": "2025-08-13T11:05:11.167846Z", "EventID": 50106, "Computer": "DC01", "RawEvent": {"#attributes": {"xmlns": "http://schemas.microsoft.com/win/2004/08/events/event"}, "System": {"Provider": {"#attributes": {"Name": "Microsoft-Windows-Dhcp-Client", "Guid": "15A7A4F8-0072-4EAB-ABAD-F98A4D666AED"}}, "EventID": 50106, "Version": 0, "Level": 4, "Task": 4, "Opcode": 129, "Keywords": "0x2000000000000000", "TimeCreated": {"#attributes": {"SystemTime": "2025-08-13T11:05:11.167846Z"}}, "EventRecordID": 1159, "Correlation": null, "Execution": {"#attributes": {"ProcessID": 1476, "ThreadID": 1556}}, "Channel": "System", "Computer": "DC01", "Security": {"#attributes": {"UserID": "S-1-5-19"}}}, "EventData": null}},
{"TimeGenerated": "2025-08-13T11:05:11.167852Z", "EventID": 50037, "Computer": "DC01", "RawEvent": {"#attributes": {"xmlns": "http://schemas.microsoft.com/win/2004/08/events/event"}, "System": {"Provider": {"#attributes": {"Name": "Microsoft-Windows-Dhcp-Client", "Guid": "15A7A4F8-0072-4EAB-ABAD-F98A4D666AED"}}, "EventID": 50037, "Version": 0, "Level": 4, "Task": 4, "Opcode": 69, "Keywords": "0x2000000000000000", "TimeCreated": {"#attributes": {"SystemTime": "2025-08-13T11:05:11.167852Z"}}, "EventRecordID": 1160, "Correlation": null, "Execution": {"#attributes": {"ProcessID": 1476, "ThreadID": 1556}}, "Channel": "System", "Computer": "DC01", "Security": {"#attributes": {"UserID": "S-1-5-19"}}}, "EventData": {"DwordVal": 1}}},
{"TimeGenerated": "2025-08-13T11:05:11.170436Z", "EventID": {"#attributes": {"Qualifiers": 16384}, "#text": 7036}, "Computer": "DC01", "RawEvent": {"#attributes": {"xmlns": "http://schemas.microsoft.com/win/2004/08/events/event"}, "System": {"Provider": {"#attributes": {"Name": "Service Control Manager", "Guid": "{555908d1-a6d7-4695-8e1e-26931d2012f4}", "EventSourceName": "Service Control Manager"}}, "EventID": {"#attributes": {"Qualifiers": 16384}, "#text": 7036}, "Version": 0, "Level": 4, "Task": 0, "Opcode": 0, "Keywords": "0x8080000000000000", "TimeCreated": {"#attributes": {"SystemTime": "2025-08-13T11:05:11.170436Z"}}, "EventRecordID": 1161, "Correlation": null, "Execution": {"#attributes": {"ProcessID": 724, "ThreadID": 2636}}, "Channel": "System", "Computer": "DC01", "Security": null}, "EventData": {"param1": "DHCP Client", "param2": "stopped", "Binary": "44006800630070002F0031000000"}}},
{"TimeGenerated": "2025-08-13T11:05:11.170436Z", "EventID": {"#attributes": {"Qualifiers": 16384}, "#text": 7036}, "Computer": "DC01", "RawEvent": {"#attributes": {"xmlns": "http://schemas.microsoft.com/win/2004/08/events/event"}, "System": {"Provider": {"#attributes": {"Name": "Service Control Manager", "Guid": "{555908d1-a6d7-4695-8e1e-26931d2012f4}", "EventSourceName": "Service Control Manager"}}, "EventID": {"#attributes": {"Qualifiers": 16384}, "#text": 7036}, "Version": 0, "Level": 4, "Task": 0, "Opcode": 0, "Keywords": "0x8080000000000000", "TimeCreated": {"#attributes": {"SystemTime": "2025-08-13T11:05:11.170436Z"}}, "EventRecordID": 1162, "Correlation": null, "Execution": {"#attributes": {"ProcessID": 724, "ThreadID": 2636}}, "Channel": "System", "Computer": "DC01", "Security": null}, "EventData": {"param1": "WinHTTP Web Proxy Auto-Discovery Service", "param2": "stopped", "Binary": "570069006E0048007400740070004100750074006F00500072006F00780079005300760063002F0031000000"}}},
{"TimeGenerated": "2025-08-13T11:05:11.186051Z", "EventID": {"#attributes": {"Qualifiers": 16384}, "#text": 7036}, "Computer": "DC01.garfield.htb", "RawEvent": {"#attributes": {"xmlns": "http://schemas.microsoft.com/win/2004/08/events/event"}, "System": {"Provider": {"#attributes": {"Name": "Service Control Manager", "Guid": "{555908d1-a6d7-4695-8e1e-26931d2012f4}", "EventSourceName": "Service Control Manager"}}, "EventID": {"#attributes": {"Qualifiers": 16384}, "#text": 7036}, "Version": 0, "Level": 4, "Task": 0, "Opcode": 0, "Keywords": "0x8080000000000000", "TimeCreated": {"#attributes": {"SystemTime": "2025-08-13T11:05:11.186051Z"}}, "EventRecordID": 1163, "Correlation": null, "Execution": {"#attributes": {"ProcessID": 724, "ThreadID": 700}}, "Channel": "System", "Computer": "DC01.garfield.htb", "Security": null}, "EventData": {"param1": "Windows Connection Manager", "param2": "stopped", "Binary": "570063006D007300760063002F0031000000"}}},
{"TimeGenerated": "2025-08-13T11:05:26.517967Z", "EventID": {"#attributes": {"Qualifiers": 32768}, "#text": 6009}, "Computer": "DC01.garfield.htb", "RawEvent": {"#attributes": {"xmlns": "http://schemas.microsoft.com/win/2004/08/events/event"}, "System": {"Provider": {"#attributes": {"Name": "EventLog"}}, "EventID": {"#attributes": {"Qualifiers": 32768}, "#text": 6009}, "Level": 4, "Task": 0, "Keywords": "0x80000000000000", "TimeCreated": {"#attributes": {"SystemTime": "2025-08-13T11:05:26.517967Z"}}, "EventRecordID": 1164, "Channel": "System", "Computer": "DC01.garfield.htb", "Security": null}, "EventData": {"Data": {"#text": ["10.00.", "17763", "", "Multiprocessor Free", "0"]}, "Binary": null}}},
{"TimeGenerated": "2025-08-13T11:05:26.517967Z", "EventID": {"#attributes": {"Qualifiers": 32768}, "#text": 6005}, "Computer": "DC01.garfield.htb", "RawEvent": {"#attributes": {"xmlns": "http://schemas.microsoft.com/win/2004/08/events/event"}, "System": {"Provider": {"#attributes": {"Name": "EventLog"}}, "EventID": {"#attributes": {"Qualifiers": 32768}, "#text": 6005}, "Level": 4, "Task": 0, "Keywords": "0x80000000000000", "TimeCreated": {"#attributes": {"SystemTime": "2025-08-13T11:05:26.517967Z"}}, "EventRecordID": 1165, "Channel": "System", "Computer": "DC01.garfield.htb", "Security": null}, "EventData": {"Data": {"#text": ""}, "Binary": "E907080003000D000B0005001A0005020000000000000000"}}},
{"TimeGenerated": "2025-08-13T11:05:26.517967Z", "EventID": {"#attributes": {"Qualifiers": 32768}, "#text": 6013}, "Computer": "DC01.garfield.htb", "RawEvent": {"#attributes": {"xmlns": "http://schemas.microsoft.com/win/2004/08/events/event"}, "System": {"Provider": {"#attributes": {"Name": "EventLog"}}, "EventID": {"#attributes": {"Qualifiers": 32768}, "#text": 6013}, "Level": 4, "Task": 0, "Keywords": "0x80000000000000", "TimeCreated": {"#attributes": {"SystemTime": "2025-08-13T11:05:26.517967Z"}}, "EventRecordID": 1166, "Channel": "System", "Computer": "DC01.garfield.htb", "Security": null}, "EventData": {"Data": {"#text": ["", "", "", "", "7", "60", "480 Pacific Standard Time"]}, "Binary": "31002E003100000030000000570069006E0064006F007700730020005300650072007600650072002000320030003100390020005300740061006E00640061007200640020004500760061006C0075006100740069006F006E000000310030002E0030002E003100370037003600330020004200750069006C0064002000310037003700360033002000200000004D0075006C0074006900700072006F0063006500730073006F007200200046007200650065000000310037003700360033002E007200730035005F00720065006C0065006100730065002E003100380030003900310034002D00310034003300340000003600380039006300360065006300610000004E006F007400200041007600610069006C00610062006C00650000004E006F007400200041007600610069006C00610062006C0065000000390000003400000034003000390036000000340030003900000044004300300031002E006700610072006600690065006C0064002E0068007400620000000000"}}},
{"TimeGenerated": "2025-08-13T11:05:11.186051Z", "EventID": {"#attributes": {"Qualifiers": 16384}, "#text": 7036}, "Computer": "DC01.garfield.htb", "RawEvent": {"#attributes": {"xmlns": "http://schemas.microsoft.com/win/2004/08/events/event"}, "System": {"Provider": {"#attributes": {"Name": "Service Control Manager", "Guid": "{555908d1-a6d7-4695-8e1e-26931d2012f4}", "EventSourceName": "Service Control Manager"}}, "EventID": {"#attributes": {"Qualifiers": 16384}, "#text": 7036}, "Version": 0, "Level": 4, "Task": 0, "Opcode": 0, "Keywords": "0x8080000000000000", "TimeCreated": {"#attributes": {"SystemTime": "2025-08-13T11:05:11.186051Z"}}, "EventRecordID": 1167, "Correlation": null, "Execution": {"#attributes": {"ProcessID": 724, "ThreadID": 700}}, "Channel": "System", "Computer": "DC01.garfield.htb", "Security": null}, "EventData": {"param1": "Windows Event Log", "param2": "stopped", "Binary": "4500760065006E0074004C006F0067002F0031000000"}}},
{"TimeGenerated": "2025-08-13T11:05:11.201678Z", "EventID": {"#attributes": {"Qualifiers": 16384}, "#text": 7036}, "Computer": "DC01.garfield.htb", "RawEvent": {"#attributes": {"xmlns": "http://schemas.microsoft.com/win/2004/08/events/event"}, "System": {"Provider": {"#attributes": {"Name": "Service Control Manager", "Guid": "{555908d1-a6d7-4695-8e1e-26931d2012f4}", "EventSourceName": "Service Control Manager"}}, "EventID": {"#attributes": {"Qualifiers": 16384}, "#text": 7036}, "Version": 0, "Level": 4, "Task": 0, "Opcode": 0, "Keywords": "0x8080000000000000", "TimeCreated": {"#attributes": {"SystemTime": "2025-08-13T11:05:11.201678Z"}}, "EventRecordID": 1168, "Correlation": null, "Execution": {"#attributes": {"ProcessID": 724, "ThreadID": 700}}, "Channel": "System", "Computer": "DC01.garfield.htb", "Security": null}, "EventData": {"param1": "Task Scheduler", "param2": "stopped", "Binary": "5300630068006500640075006C0065002F0031000000"}}},
{"TimeGenerated": "2025-08-13T11:05:11.217305Z", "EventID": {"#attributes": {"Qualifiers": 16384}, "#text": 7036}, "Computer": "DC01.garfield.htb", "RawEvent": {"#attributes": {"xmlns": "http://schemas.microsoft.com/win/2004/08/events/event"}, "System": {"Provider": {"#attributes": {"Name": "Service Control Manager", "Guid": "{555908d1-a6d7-4695-8e1e-26931d2012f4}", "EventSourceName": "Service Control Manager"}}, "EventID": {"#attributes": {"Qualifiers": 16384}, "#text": 7036}, "Version": 0, "Level": 4, "Task": 0, "Opcode": 0, "Keywords": "0x8080000000000000", "TimeCreated": {"#attributes": {"SystemTime": "2025-08-13T11:05:11.217305Z"}}, "EventRecordID": 1169, "Correlation": null, "Execution": {"#attributes": {"ProcessID": 724, "ThreadID": 2636}}, "Channel": "System", "Computer": "DC01.garfield.htb", "Security": null}, "EventData": {"param1": "Cryptographic Services", "param2": "stopped", "Binary": "430072007900700074005300760063002F0031000000"}}},
{"TimeGenerated": "2025-08-13T11:05:11.217305Z", "EventID": {"#attributes": {"Qualifiers": 16384}, "#text": 7036}, "Computer": "DC01.garfield.htb", "RawEvent": {"#attributes": {"xmlns": "http://schemas.microsoft.com/win/2004/08/events/event"}, "System": {"Provider": {"#attributes": {"Name": "Service Control Manager", "Guid": "{555908d1-a6d7-4695-8e1e-26931d2012f4}", "EventSourceName": "Service Control Manager"}}, "EventID": {"#attributes": {"Qualifiers": 16384}, "#text": 7036}, "Version": 0, "Level": 4, "Task": 0, "Opcode": 0, "Keywords": "0x8080000000000000", "TimeCreated": {"#attributes": {"SystemTime": "2025-08-13T11:05:11.217305Z"}}, "EventRecordID": 1170, "Correlation": null, "Execution": {"#attributes": {"ProcessID": 724, "ThreadID": 2636}}, "Channel": "System", "Computer": "DC01.garfield.htb", "Security": null}, "EventData": {"param1": "Volume Shadow Copy", "param2": "stopped", "Binary": "5600530053002F0031000000"}}},
{"TimeGenerated": "2025-08-13T11:05:11.249542Z", "EventID": {"#attributes": {"Qualifiers": 16384}, "#text": 7036}, "Computer": "DC01.garfield.htb", "RawEvent": {"#attributes": {"xmlns": "http://schemas.microsoft.com/win/2004/08/events/event"}, "System": {"Provider": {"#attributes": {"Name": "Service Control Manager", "Guid": "{555908d1-a6d7-4695-8e1e-26931d2012f4}", "EventSourceName": "Service Control Manager"}}, "EventID": {"#attributes": {"Qualifiers": 16384}, "#text": 7036}, "Version": 0, "Level": 4, "Task": 0, "Opcode": 0, "Keywords": "0x8080000000000000", "TimeCreated": {"#attributes": {"SystemTime": "2025-08-13T11:05:11.249542Z"}}, "EventRecordID": 1171, "Correlation": null, "Execution": {"#attributes": {"ProcessID": 724, "ThreadID": 2636}}, "Channel": "System", "Computer": "DC01.garfield.htb", "Security": null}, "EventData": {"param1": "DNS Server", "param2": "stopped", "Binary": "44004E0053002F0031000000"}}},
{"TimeGenerated": "2025-08-13T11:05:11.265031Z", "EventID": {"#attributes": {"Qualifiers": 16384}, "#text": 7036}, "Computer": "DC01.garfield.htb", "RawEvent": {"#attributes": {"xmlns": "http://schemas.microsoft.com/win/2004/08/events/event"}, "System": {"Provider": {"#attributes": {"Name": "Service Control Manager", "Guid": "{555908d1-a6d7-4695-8e1e-26931d2012f4}", "EventSourceName": "Service Control Manager"}}, "EventID": {"#attributes": {"Qualifiers": 16384}, "#text": 7036}, "Version": 0, "Level": 4, "Task": 0, "Opcode": 0, "Keywords": "0x8080000000000000", "TimeCreated": {"#attributes": {"SystemTime": "2025-08-13T11:05:11.265031Z"}}, "EventRecordID": 1172, "Correlation": null, "Execution": {"#attributes": {"ProcessID": 724, "ThreadID": 2636}}, "Channel": "System", "Computer": "DC01.garfield.htb", "Security": null}, "EventData": {"param1": "Windows Remote Management (WS-Management)", "param2": "stopped", "Binary": "570069006E0052004D002F0031000000"}}},
{"TimeGenerated": "2025-08-13T11:05:11.265031Z", "EventID": {"#attributes": {"Qualifiers": 16384}, "#text": 7036}, "Computer": "DC01.garfield.htb", "RawEvent": {"#attributes": {"xmlns": "http://schemas.microsoft.com/win/2004/08/events/event"}, "System": {"Provider": {"#attributes": {"Name": "Service Control Manager", "Guid": "{555908d1-a6d7-4695-8e1e-26931d2012f4}", "EventSourceName": "Service Control Manager"}}, "EventID": {"#attributes": {"Qualifiers": 16384}, "#text": 7036}, "Version": 0, "Level": 4, "Task": 0, "Opcode": 0, "Keywords": "0x8080000000000000", "TimeCreated": {"#attributes": {"SystemTime": "2025-08-13T11:05:11.265031Z"}}, "EventRecordID": 1173, "Correlation": null, "Execution": {"#attributes": {"ProcessID": 724, "ThreadID": 700}}, "Channel": "System", "Computer": "DC01.garfield.htb", "Security": null}, "EventData": {"param1": "Windows Defender Antivirus Service", "param2": "stopped", "Binary": "570069006E0044006500660065006E0064002F0031000000"}}},
{"TimeGenerated": "2025-08-13T11:05:11.744196Z", "EventID": {"#attributes": {"Qualifiers": 16384}, "#text": 7036}, "Computer": "DC01.garfield.htb", "RawEvent": {"#attributes": {"xmlns": "http://schemas.microsoft.com/win/2004/08/events/event"}, "System": {"Provider": {"#attributes": {"Name": "Service Control Manager", "Guid": "{555908d1-a6d7-4695-8e1e-26931d2012f4}", "EventSourceName": "Service Control Manager"}}, "EventID": {"#attributes": {"Qualifiers": 16384}, "#text": 7036}, "Version": 0, "Level": 4, "Task": 0, "Opcode": 0, "Keywords": "0x8080000000000000", "TimeCreated": {"#attributes": {"SystemTime": "2025-08-13T11:05:11.744196Z"}}, "EventRecordID": 1174, "Correlation": null, "Execution": {"#attributes": {"ProcessID": 724, "ThreadID": 700}}, "Channel": "System", "Computer": "DC01.garfield.htb", "Security": null}, "EventData": {"param1": "Function Discovery Resource Publication", "param2": "stopped", "Binary": "460044005200650073005000750062002F0031000000"}}},
{"TimeGenerated": "2025-08-13T11:05:11.813468Z", "EventID": 109, "Computer": "DC01.garfield.htb", "RawEvent": {"#attributes": {"xmlns": "http://schemas.microsoft.com/win/2004/08/events/event"}, "System": {"Provider": {"#attributes": {"Name": "Microsoft-Windows-Kernel-Power", "Guid": "331C3B3A-2005-44C2-AC5E-77220C37D6B4"}}, "EventID": 109, "Version": 0, "Level": 4, "Task": 103, "Opcode": 0, "Keywords": "0x8000400000000404", "TimeCreated": {"#attributes": {"SystemTime": "2025-08-13T11:05:11.813468Z"}}, "EventRecordID": 1175, "Correlation": null, "Execution": {"#attributes": {"ProcessID": 584, "ThreadID": 588}}, "Channel": "System", "Computer": "DC01.garfield.htb", "Security": null}, "EventData": {"ShutdownActionType": 5, "ShutdownEventCode": 0, "ShutdownReason": 5}}},
{"TimeGenerated": "2025-08-13T11:05:11.926726Z", "EventID": 13, "Computer": "DC01.garfield.htb", "RawEvent": {"#attributes": {"xmlns": "http://schemas.microsoft.com/win/2004/08/events/event"}, "System": {"Provider": {"#attributes": {"Name": "Microsoft-Windows-Kernel-General", "Guid": "A68CA8B7-004F-D7B6-A698-07E2DE0F1F5D"}}, "EventID": 13, "Version": 0, "Level": 4, "Task": 2, "Opcode": 0, "Keywords": "0x8000000000000080", "TimeCreated": {"#attributes": {"SystemTime": "2025-08-13T11:05:11.926726Z"}}, "EventRecordID": 1176, "Correlation": null, "Execution": {"#attributes": {"ProcessID": 4, "ThreadID": 396}}, "Channel": "System", "Computer": "DC01.garfield.htb", "Security": null}, "EventData": {"StopTime": "2025-08-13T11:05:11.926725Z"}}},
{"TimeGenerated": "2025-08-13T11:05:19.722503Z", "EventID": 12, "Computer": "DC01.garfield.htb", "RawEvent": {"#attributes": {"xmlns": "http://schemas.microsoft.com/win/2004/08/events/event"}, "System": {"Provider": {"#attributes": {"Name": "Microsoft-Windows-Kernel-General", "Guid": "A68CA8B7-004F-D7B6-A698-07E2DE0F1F5D"}}, "EventID": 12, "Version": 0, "Level": 4, "Task": 1, "Opcode": 0, "Keywords": "0x8000000000000080", "TimeCreated": {"#attributes": {"SystemTime": "2025-08-13T11:05:19.722503Z"}}, "EventRecordID": 1177, "Correlation": null, "Execution": {"#attributes": {"ProcessID": 4, "ThreadID": 8}}, "Channel": "System", "Computer": "DC01.garfield.htb", "Security": {"#attributes": {"UserID": "S-1-5-18"}}}, "EventData": {"MajorVersion": 10, "MinorVersion": 0, "BuildVersion": 17763, "QfeVersion": 3650, "ServiceVersion": 0, "BootMode": 0, "StartTime": "2025-08-13T11:05:19.500000Z"}}},
{"TimeGenerated": "2025-08-13T11:05:19.722532Z", "EventID": 153, "Computer": "DC01.garfield.htb", "RawEvent": {"#attributes": {"xmlns": "http://schemas.microsoft.com/win/2004/08/events/event"}, "System": {"Provider": {"#attributes": {"Name": "Microsoft-Windows-Kernel-Boot", "Guid": "15CA44FF-4D7A-4BAA-BBA5-0998955E531E"}}, "EventID": 153, "Version": 0, "Level": 4, "Task": 62, "Opcode": 0, "Keywords": "0x8000000000000000", "TimeCreated": {"#attributes": {"SystemTime": "2025-08-13T11:05:19.722532Z"}}, "EventRecordID": 1178, "Correlation": null, "Execution": {"#attributes": {"ProcessID": 4, "ThreadID": 8}}, "Channel": "System", "Computer": "DC01.garfield.htb", "Security": {"#attributes": {"UserID": "S-1-5-18"}}}, "EventData": {"Status": 0, "EnableDisableReason": 101, "VsmPolicy": 515}}},
{"TimeGenerated": "2025-08-13T11:05:19.722569Z", "EventID": 20, "Computer": "DC01.garfield.htb", "RawEvent": {"#attributes": {"xmlns": "http://schemas.microsoft.com/win/2004/08/events/event"}, "System": {"Provider": {"#attributes": {"Name": "Microsoft-Windows-Kernel-Boot", "Guid": "15CA44FF-4D7A-4BAA-BBA5-0998955E531E"}}, "EventID": 20, "Version": 1, "Level": 4, "Task": 31, "Opcode": 0, "Keywords": "0x8000000000000000", "TimeCreated": {"#attributes": {"SystemTime": "2025-08-13T11:05:19.722569Z"}}, "EventRecordID": 1179, "Correlation": null, "Execution": {"#attributes": {"ProcessID": 4, "ThreadID": 8}}, "Channel": "System", "Computer": "DC01.garfield.htb", "Security": {"#attributes": {"UserID": "S-1-5-18"}}}, "EventData": {"LastShutdownGood": true, "LastBootGood": true, "LastBootId": 5, "BootStatusPolicy": 2}}},
{"TimeGenerated": "2025-08-13T11:05:19.722612Z", "EventID": 25, "Computer": "DC01.garfield.htb", "RawEvent": {"#attributes": {"xmlns": "http://schemas.microsoft.com/win/2004/08/events/event"}, "System": {"Provider": {"#attributes": {"Name": "Microsoft-Windows-Kernel-Boot", "Guid": "15CA44FF-4D7A-4BAA-BBA5-0998955E531E"}}, "EventID": 25, "Version": 0, "Level": 4, "Task": 32, "Opcode": 0, "Keywords": "0x8000000000000000", "TimeCreated": {"#attributes": {"SystemTime": "2025-08-13T11:05:19.722612Z"}}, "EventRecordID": 1180, "Correlation": null, "Execution": {"#attributes": {"ProcessID": 4, "ThreadID": 8}}, "Channel": "System", "Computer": "DC01.garfield.htb", "Security": {"#attributes": {"UserID": "S-1-5-18"}}}, "EventData": {"BootMenuPolicy": 0}}},
{"TimeGenerated": "2025-08-13T11:05:19.722612Z", "EventID": 27, "Computer": "DC01.garfield.htb", "RawEvent": {"#attributes": {"xmlns": "http://schemas.microsoft.com/win/2004/08/events/event"}, "System": {"Provider": {"#attributes": {"Name": "Microsoft-Windows-Kernel-Boot", "Guid": "15CA44FF-4D7A-4BAA-BBA5-0998955E531E"}}, "EventID": 27, "Version": 1, "Level": 4, "Task": 33, "Opcode": 0, "Keywords": "0x8000000000000000", "TimeCreated": {"#attributes": {"SystemTime": "2025-08-13T11:05:19.722612Z"}}, "EventRecordID": 1181, "Correlation": null, "Execution": {"#attributes": {"ProcessID": 4, "ThreadID": 8}}, "Channel": "System", "Computer": "DC01.garfield.htb", "Security": {"#attributes": {"UserID": "S-1-5-18"}}}, "EventData": {"BootType": 0, "LoadOptions": " NOEXECUTE=OPTOUT  HYPERVISORLAUNCHTYPE=AUTO"}}},
{"TimeGenerated": "2025-08-13T11:05:19.722626Z", "EventID": 18, "Computer": "DC01.garfield.htb", "RawEvent": {"#attributes": {"xmlns": "http://schemas.microsoft.com/win/2004/08/events/event"}, "System": {"Provider": {"#attributes": {"Name": "Microsoft-Windows-Kernel-Boot", "Guid": "15CA44FF-4D7A-4BAA-BBA5-0998955E531E"}}, "EventID": 18, "Version": 0, "Level": 4, "Task": 57, "Opcode": 0, "Keywords": "0x8000000000000000", "TimeCreated": {"#attributes": {"SystemTime": "2025-08-13T11:05:19.722626Z"}}, "EventRecordID": 1182, "Correlation": null, "Execution": {"#attributes": {"ProcessID": 4, "ThreadID": 8}}, "Channel": "System", "Computer": "DC01.garfield.htb", "Security": {"#attributes": {"UserID": "S-1-5-18"}}}, "EventData": {"EntryCount": 1}}},
{"TimeGenerated": "2025-08-13T11:05:19.722638Z", "EventID": 32, "Computer": "DC01.garfield.htb", "RawEvent": {"#attributes": {"xmlns": "http://schemas.microsoft.com/win/2004/08/events/event"}, "System": {"Provider": {"#attributes": {"Name": "Microsoft-Windows-Kernel-Boot", "Guid": "15CA44FF-4D7A-4BAA-BBA5-0998955E531E"}}, "EventID": 32, "Version": 0, "Level": 4, "Task": 58, "Opcode": 0, "Keywords": "0x8000000000000000", "TimeCreated": {"#attributes": {"SystemTime": "2025-08-13T11:05:19.722638Z"}}, "EventRecordID": 1183, "Correlation": null, "Execution": {"#attributes": {"ProcessID": 4, "ThreadID": 8}}, "Channel": "System", "Computer": "DC01.garfield.htb", "Security": {"#attributes": {"UserID": "S-1-5-18"}}}, "EventData": {"BitlockerUserInputTime": 0}}},
{"TimeGenerated": "2025-08-13T11:05:19.724158Z", "EventID": 1, "Computer": "DC01.garfield.htb", "RawEvent": {"#attributes": {"xmlns": "http://schemas.microsoft.com/win/2004/08/events/event"}, "System": {"Provider": {"#attributes": {"Name": "Microsoft-Windows-Hyper-V-Hypervisor", "Guid": "52FC89F8-995E-434C-A91E-199986449890"}}, "EventID": 1, "Version": 0, "Level": 4, "Task": 0, "Opcode": 0, "Keywords": "0x8000400000000000", "TimeCreated": {"#attributes": {"SystemTime": "2025-08-13T11:05:19.724158Z"}}, "EventRecordID": 1184, "Correlation": null, "Execution": {"#attributes": {"ProcessID": 4, "ThreadID": 8}}, "Channel": "System", "Computer": "DC01.garfield.htb", "Security": {"#attributes": {"UserID": "S-1-5-18"}}}, "EventData": null}},
{"TimeGenerated": "2025-08-13T11:05:19.724158Z", "EventID": 2, "Computer": "DC01.garfield.htb", "RawEvent": {"#attributes": {"xmlns": "http://schemas.microsoft.com/win/2004/08/events/event"}, "System": {"Provider": {"#attributes": {"Name": "Microsoft-Windows-Hyper-V-Hypervisor", "Guid": "52FC89F8-995E-434C-A91E-199986449890"}}, "EventID": 2, "Version": 0, "Level": 4, "Task": 0, "Opcode": 0, "Keywords": "0x8000400000000000", "TimeCreated": {"#attributes": {"SystemTime": "2025-08-13T11:05:19.724158Z"}}, "EventRecordID": 1185, "Correlation": null, "Execution": {"#attributes": {"ProcessID": 4, "ThreadID": 8}}, "Channel": "System", "Computer": "DC01.garfield.htb", "Security": {"#attributes": {"UserID": "S-1-5-18"}}}, "EventData": {"SchedulerType": "0x1"}}},
{"TimeGenerated": "2025-08-13T11:05:19.724166Z", "EventID": 129, "Computer": "DC01.garfield.htb", "RawEvent": {"#attributes": {"xmlns": "http://schemas.microsoft.com/win/2004/08/events/event"}, "System": {"Provider": {"#attributes": {"Name": "Microsoft-Windows-Hyper-V-Hypervisor", "Guid": "52FC89F8-995E-434C-A91E-199986449890"}}, "EventID": 129, "Version": 0, "Level": 4, "Task": 0, "Opcode": 0, "Keywords": "0x8000400000000000", "TimeCreated": {"#attributes": {"SystemTime": "2025-08-13T11:05:19.724166Z"}}, "EventRecordID": 1186, "Correlation": null, "Execution": {"#attributes": {"ProcessID": 4, "ThreadID": 8}}, "Channel": "System", "Computer": "DC01.garfield.htb", "Security": {"#attributes": {"UserID": "S-1-5-18"}}}, "EventData": {"HardwarePresent": false, "HardwareEnabled": false, "Policy": "0x0", "EnabledFeatures": "0x0", "InternalInfo": "0x0", "Problems": "0x0", "AdditionalInfo": "0x0"}}},
{"TimeGenerated": "2025-08-13T11:05:19.724169Z", "EventID": 156, "Computer": "DC01.garfield.htb", "RawEvent": {"#attributes": {"xmlns": "http://schemas.microsoft.com/win/2004/08/events/event"}, "System": {"Provider": {"#attributes": {"Name": "Microsoft-Windows-Hyper-V-Hypervisor", "Guid": "52FC89F8-995E-434C-A91E-199986449890"}}, "EventID": 156, "Version": 0, "Level": 4, "Task": 0, "Opcode": 0, "Keywords": "0x8000400000000000", "TimeCreated": {"#attributes": {"SystemTime": "2025-08-13T11:05:19.724169Z"}}, "EventRecordID": 1187, "Correlation": null, "Execution": {"#attributes": {"ProcessID": 4, "ThreadID": 8}}, "Channel": "System", "Computer": "DC01.garfield.htb", "Security": {"#attributes": {"UserID": "S-1-5-18"}}}, "EventData": {"NotAffectedRdclNo": false, "NotAffectedAtom": false, "CacheFlushSupported": false, "SmtEnabled": false, "ParentHypervisorFlushes": false, "DisabledLoadOption": false, "Enabled": true, "CacheFlushNeeded": false}}},
{"TimeGenerated": "2025-08-13T11:05:19.724843Z", "EventID": 3, "Computer": "DC01.garfield.htb", "RawEvent": {"#attributes": {"xmlns": "http://schemas.microsoft.com/win/2004/08/events/event"}, "System": {"Provider": {"#attributes": {"Name": "Microsoft-Windows-IsolatedUserMode", "Guid": "73A33AB2-1966-4999-8ADD-868C41415269"}}, "EventID": 3, "Version": 0, "Level": 4, "Task": 0, "Opcode": 0, "Keywords": "0x8000400000000000", "TimeCreated": {"#attributes": {"SystemTime": "2025-08-13T11:05:19.724843Z"}}, "EventRecordID": 1188, "Correlation": null, "Execution": {"#attributes": {"ProcessID": 4, "ThreadID": 8}}, "Channel": "System", "Computer": "DC01.garfield.htb", "Security": {"#attributes": {"UserID": "S-1-5-18"}}}, "EventData": {"Status": 0, "Flags": 0}}},
{"TimeGenerated": "2025-08-13T11:05:19.725073Z", "EventID": 20, "Computer": "DC01.garfield.htb", "RawEvent": {"#attributes": {"xmlns": "http://schemas.microsoft.com/win/2004/08/events/event"}, "System": {"Provider": {"#attributes": {"Name": "Microsoft-Windows-Kernel-General", "Guid": "A68CA8B7-004F-D7B6-A698-07E2DE0F1F5D"}}, "EventID": 20, "Version": 0, "Level": 4, "Task": 6, "Opcode": 0, "Keywords": "0x8000000000000010", "TimeCreated": {"#attributes": {"SystemTime": "2025-08-13T11:05:19.725073Z"}}, "EventRecordID": 1189, "Correlation": null, "Execution": {"#attributes": {"ProcessID": 4, "ThreadID": 8}}, "Channel": "System", "Computer": "DC01.garfield.htb", "Security": {"#attributes": {"UserID": "S-1-5-18"}}}, "EventData": {"UpdateReason": 0, "EnabledNew": true, "CountNew": 0, "CountOld": 0}}},
{"TimeGenerated": "2025-08-13T11:05:21.489988Z", "EventID": {"#attributes": {"Qualifiers": 16392}, "#text": 3}, "Computer": "DC01.garfield.htb", "RawEvent": {"#attributes": {"xmlns": "http://schemas.microsoft.com/win/2004/08/events/event"}, "System": {"Provider": {"#attributes": {"Name": "vmci"}}, "EventID": {"#attributes": {"Qualifiers": 16392}, "#text": 3}, "Level": 4, "Task": 0, "Keywords": "0x80000000000000", "TimeCreated": {"#attributes": {"SystemTime": "2025-08-13T11:05:21.489988Z"}}, "EventRecordID": 1190, "Channel": "System", "Computer": "DC01.garfield.htb", "Security": null}, "EventData": {"Data": {"#text": ["", "VMCI: Using capabilities (0x1c).\n"]}, "Binary": "00000000020028000000000003000840030008400000000000000000000000000000000000000000"}}},
{"TimeGenerated": "2025-08-13T11:05:23.634869Z", "EventID": 6, "Computer": "DC01.garfield.htb", "RawEvent": {"#attributes": {"xmlns": "http://schemas.microsoft.com/win/2004/08/events/event"}, "System": {"Provider": {"#attributes": {"Name": "Microsoft-Windows-FilterManager", "Guid": "F3C5E28E-63F6-49C7-A204-E48A1BC4B09D"}}, "EventID": 6, "Version": 0, "Level": 4, "Task": 0, "Opcode": 0, "Keywords": "0x8000000000000000", "TimeCreated": {"#attributes": {"SystemTime": "2025-08-13T11:05:23.634869Z"}}, "EventRecordID": 1191, "Correlation": null, "Execution": {"#attributes": {"ProcessID": 4, "ThreadID": 8}}, "Channel": "System", "Computer": "DC01.garfield.htb", "Security": {"#attributes": {"UserID": "S-1-5-18"}}}, "EventData": {"FinalStatus": "0x0", "DeviceVersionMajor": 10, "DeviceVersionMinor": 0, "DeviceNameLength": 3, "DeviceName": "Wof", "DeviceTime": "2025-03-23T16:48:00.000000Z"}}},
