{"TimeGenerated": "2025-12-20T23:42:01.247085Z", "EventID": {"#attributes": {"Qualifiers": 16384}, "#text": 1066}, "Computer": "DC01.garfield.htb", "RawEvent": {"#attributes": {"xmlns": "http://schemas.microsoft.com/win/2004/08/events/event"}, "System": {"Provider": {"#attributes": {"Name": "Microsoft-Windows-Security-SPP", "Guid": "{E23B33B0-C8C9-472C-A5F9-F2BDFEA0F156}", "EventSourceName": "Software Protection Platform Service"}}, "EventID": {"#attributes": {"Qualifiers": 16384}, "#text": 1066}, "Version": 0, "Level": 4, "Task": 0, "Opcode": 0, "Keywords": "0x80000000000000", "TimeCreated": {"#attributes": {"SystemTime": "2025-12-20T23:42:01.247085Z"}}, "EventRecordID": 1231, "Correlation": null, "Execution": {"#attributes": {"ProcessID": 0, "ThreadID": 0}}, "Channel": "Application", "Computer": "DC01.garfield.htb", "Security": null}, "EventData": {"Data": {"#text": "C:\\Windows\\system32\\sppwinob.dll, msft:spp/windowsfunctionality/agent/7.0, 0x00000000, 0x00000000\nC:\\Windows\\system32\\sppobjs.dll, msft:rm/algorithm/inherited/1.0, 0x00000000, 0x00000000\nC:\\Windows\\system32\\sppobjs.dll, msft:rm/algorithm/phone/1.0, 0x00000000, 0x00000000\nC:\\Windows\\system32\\sppobjs.dll, msft:rm/algorithm/pkey/detect, 0x00000000, 0x00000000\nC:\\Windows\\system32\\sppobjs.dll, msft:spp/ActionScheduler/1.0, 0x00000000, 0x00000000\nC:\\Windows\\system32\\sppobjs.dll, msft:spp/TaskScheduler/1.0, 0x00000000, 0x00000000\nC:\\Windows\\system32\\sppobjs.dll, msft:spp/statecollector/pkey, 0x00000000, 0x00000000\nC:\\Windows\\system32\\sppobjs.dll, msft:spp/volume/services/kms/1.0, 0x00000000, 0x00000000\nC:\\Windows\\system32\\sppobjs.dll, msft:spp/volume/services/kms/activationinfo/1.0, 0x00000000, 0x00000000\n"}, "Binary": null}}},
{"TimeGenerated": "2025-12-20T23:42:01.325224Z", "EventID": {"#attributes": {"Qualifiers": 16384}, "#text": 1003}, "Computer": "DC01.garfield.htb", "RawEvent": {"#attributes": {"xmlns": "http://schemas.microsoft.com/win/2004/08/events/event"}, "System": {"Provider": {"#attributes": {"Name": "Microsoft-Windows-Security-SPP", "Guid": "{E23B33B0-C8C9-472C-A5F9-F2BDFEA0F156}", "EventSourceName": "Software Protection Platform Service"}}, "EventID": {"#attributes": {"Qualifiers": 16384}, "#text": 1003}, "Version": 0, "Level": 4, "Task": 0, "Opcode": 0, "Keywords": "0x80000000000000", "TimeCreated": {"#attributes": {"SystemTime": "2025-12-20T23:42:01.325224Z"}}, "EventRecordID": 1232, "Correlation": null, "Execution": {"#attributes": {"ProcessID": 0, "ThreadID": 0}}, "Channel": "Application", "Computer": "DC01.garfield.htb", "Security": null}, "EventData": {"Data": {"#text": ["55c92734-d682-4d71-983e-d6ec3f16059f", "\n1: 7783a126-c108-4cf7-b59f-13c78c7a7337, 1, 1 [(0 [0x00000000, 1, 0], [(?)( 1 0x00000000)(?)( 2 0x00000000 0 0 msft:rm/algorithm/hwid/4.0 0x00000000 0)(?)( 9 0x00000000 180 72673)( 10 0x00000000 msft:rm/algorithm/flags/1.0)(?)])(1 )(2 )(3 )]\n\n"]}, "Binary": null}}},
{"TimeGenerated": "2025-12-20T23:42:01.340824Z", "EventID": {"#attributes": {"Qualifiers": 32768}, "#text": 1037}, "Computer": "DC01.garfield.htb", "RawEvent": {"#attributes": {"xmlns": "http://schemas.microsoft.com/win/2004/08/events/event"}, "System": {"Provider": {"#attributes": {"Name": "Microsoft-Windows-Security-SPP", "Guid": "{E23B33B0-C8C9-472C-A5F9-F2BDFEA0F156}", "EventSourceName": "Software Protection Platform Service"}}, "EventID": {"#attributes": {"Qualifiers": 32768}, "#text": 1037}, "Version": 0, "Level": 4, "Task": 0, "Opcode": 0, "Keywords": "0x80000000000000", "TimeCreated": {"#attributes": {"SystemTime": "2025-12-20T23:42:01.340824Z"}}, "EventRecordID": 1233, "Correlation": null, "Execution": {"#attributes": {"ProcessID": 0, "ThreadID": 0}}, "Channel": "Application", "Computer": "DC01.garfield.htb", "Security": null}, "EventData": {"Data": {"#text": ["validity", "72673"]}, "Binary": null}}},
{"TimeGenerated": "2025-12-20T23:42:01.340824Z", "EventID": {"#attributes": {"Qualifiers": 16384}, "#text": 902}, "Computer": "DC01.garfield.htb", "RawEvent": {"#attributes": {"xmlns": "http://schemas.microsoft.com/win/2004/08/events/event"}, "System": {"Provider": {"#attributes": {"Name": "Microsoft-Windows-Security-SPP", "Guid": "{E23B33B0-C8C9-472C-A5F9-F2BDFEA0F156}", "EventSourceName": "Software Protection Platform Service"}}, "EventID": {"#attributes": {"Qualifiers": 16384}, "#text": 902}, "Version": 0, "Level": 0, "Task": 0, "Opcode": 0, "Keywords": "0x80000000000000", "TimeCreated": {"#attributes": {"SystemTime": "2025-12-20T23:42:01.340824Z"}}, "EventRecordID": 1234, "Correlation": null, "Execution": {"#attributes": {"ProcessID": 0, "ThreadID": 0}}, "Channel": "Application", "Computer": "DC01.garfield.htb", "Security": null}, "EventData": {"Data": {"#text": "10.0.17763.3650"}, "Binary": null}}},
{"TimeGenerated": "2025-12-20T23:42:01.403407Z", "EventID": {"#attributes": {"Qualifiers": 0}, "#text": 258}, "Computer": "DC01.garfield.htb", "RawEvent": {"#attributes": {"xmlns": "http://schemas.microsoft.com/win/2004/08/events/event"}, "System": {"Provider": {"#attributes": {"Name": "VMUpgradeHelper"}}, "EventID": {"#attributes": {"Qualifiers": 0}, "#text": 258}, "Level": 4, "Task": 0, "Keywords": "0x80000000000000", "TimeCreated": {"#attributes": {"SystemTime": "2025-12-20T23:42:01.403407Z"}}, "EventRecordID": 1235, "Channel": "Application", "Computer": "DC01.garfield.htb", "Security": null}, "EventData": {"Data": {"#text": ""}, "Binary": null}}},
{"TimeGenerated": "2025-12-20T23:42:01.434627Z", "EventID": {"#attributes": {"Qualifiers": 16384}, "#text": 781}, "Computer": "DC01.garfield.htb", "RawEvent": {"#attributes": {"xmlns": "http://schemas.microsoft.com/win/2004/08/events/event"}, "System": {"Provider": {"#attributes": {"Name": "Microsoft-Windows-Complus", "Guid": "{0f177893-4a9c-4709-b921-f432d67f43d5}", "EventSourceName": "COM+"}}, "EventID": {"#attributes": {"Qualifiers": 16384}, "#text": 781}, "Version": 0, "Level": 4, "Task": 0, "Opcode": 0, "Keywords": "0x80000000000000", "TimeCreated": {"#attributes": {"SystemTime": "2025-12-20T23:42:01.434627Z"}}, "EventRecordID": 1236, "Correlation": null, "Execution": {"#attributes": {"ProcessID": 0, "ThreadID": 0}}, "Channel": "Application", "Computer": "DC01.garfield.htb", "Security": null}, "EventData": {"param1": "86400", "param2": "SuppressDuplicateDuration", "param3": "Software\\Microsoft\\COM3\\Eventlog"}}},
{"TimeGenerated": "2025-12-20T23:42:01.512846Z", "EventID": {"#attributes": {"Qualifiers": 0}, "#text": 271}, "Computer": "DC01.garfield.htb", "RawEvent": {"#attributes": {"xmlns": "http://schemas.microsoft.com/win/2004/08/events/event"}, "System": {"Provider": {"#attributes": {"Name": "VMUpgradeHelper"}}, "EventID": {"#attributes": {"Qualifiers": 0}, "#text": 271}, "Level": 4, "Task": 0, "Keywords": "0x80000000000000", "TimeCreated": {"#attributes": {"SystemTime": "2025-12-20T23:42:01.512846Z"}}, "EventRecordID": 1237, "Channel": "Application", "Computer": "DC01.garfield.htb", "Security": null}, "EventData": {"Data": {"#text": ""}, "Binary": null}}},
{"TimeGenerated": "2025-12-20T23:42:01.559578Z", "EventID": {"#attributes": {"Qualifiers": 16384}, "#text": 4202}, "Computer": "DC01.garfield.htb", "RawEvent": {"#attributes": {"xmlns": "http://schemas.microsoft.com/win/2004/08/events/event"}, "System": {"Provider": {"#attributes": {"Name": "Microsoft-Windows-MSDTC 2", "Guid": "{5D9E0020-3761-4f36-90C8-38CE6511BD12}", "EventSourceName": "MSDTC 2"}}, "EventID": {"#attributes": {"Qualifiers": 16384}, "#text": 4202}, "Version": 0, "Level": 4, "Task": 2, "Opcode": 0, "Keywords": "0x80000000000000", "TimeCreated": {"#attributes": {"SystemTime": "2025-12-20T23:42:01.559578Z"}}, "EventRecordID": 1238, "Correlation": null, "Execution": {"#attributes": {"ProcessID": 0, "ThreadID": 0}}, "Channel": "Application", "Computer": "DC01.garfield.htb", "Security": null}, "EventData": {"param1": "0", "param2": "0", "param3": "0", "param4": "0", "param5": "0", "param6": "0", "param7": "1", "param8": "Mutual Authentication Required", "param9": "NT AUTHORITY\\NetworkService", "param10": "0", "param11": "0", "param12": "1"}}},
{"TimeGenerated": "2025-12-20T23:42:21.585336Z", "EventID": 1023, "Computer": "DC01.garfield.htb", "RawEvent": {"#attributes": {"xmlns": "http://schemas.microsoft.com/win/2004/08/events/event"}, "System": {"Provider": {"#attributes": {"Name": "Microsoft-Windows-Perflib", "Guid": "13B197BD-7CEE-4B4E-8DD0-59314CE374CE"}}, "EventID": 1023, "Version": 1, "Level": 2, "Task": 0, "Opcode": 0, "Keywords": "0x8000000000000000", "TimeCreated": {"#attributes": {"SystemTime": "2025-12-20T23:42:21.585336Z"}}, "EventRecordID": 1239, "Correlation": {"#attributes": {"ActivityID": "27ED8979-720A-0003-F0B6-ED270A72DC01"}}, "Execution": {"#attributes": {"ProcessID": 4920, "ThreadID": 4948}}, "Channel": "Application", "Computer": "DC01.garfield.htb", "Security": {"#attributes": {"UserID": "S-1-5-18"}}}, "EventData": {"Library": "C:\\Windows\\system32\\ntdsperf.dll", "Win32Error": 126}}},
{"TimeGenerated": "2025-12-20T23:42:31.373449Z", "EventID": {"#attributes": {"Qualifiers": 16384}, "#text": 16384}, "Computer": "DC01.garfield.htb", "RawEvent": {"#attributes": {"xmlns": "http://schemas.microsoft.com/win/2004/08/events/event"}, "System": {"Provider": {"#attributes": {"Name": "Microsoft-Windows-Security-SPP", "Guid": "{E23B33B0-C8C9-472C-A5F9-F2BDFEA0F156}", "EventSourceName": "Software Protection Platform Service"}}, "EventID": {"#attributes": {"Qualifiers": 16384}, "#text": 16384}, "Version": 0, "Level": 4, "Task": 0, "Opcode": 0, "Keywords": "0x80000000000000", "TimeCreated": {"#attributes": {"SystemTime": "2025-12-20T23:42:31.373449Z"}}, "EventRecordID": 1240, "Correlation": null, "Execution": {"#attributes": {"ProcessID": 0, "ThreadID": 0}}, "Channel": "Application", "Computer": "DC01.garfield.htb", "Security": null}, "EventData": {"Data": {"#text": ["2025-12-21T23:41:31Z", "TBL"]}, "Binary": null}}},
{"TimeGenerated": "2025-12-20T23:42:31.388620Z", "EventID": {"#attributes": {"Qualifiers": 16384}, "#text": 903}, "Computer": "DC01.garfield.htb", "RawEvent": {"#attributes": {"xmlns": "http://schemas.microsoft.com/win/2004/08/events/event"}, "System": {"Provider": {"#attributes": {"Name": "Microsoft-Windows-Security-SPP", "Guid": "{E23B33B0-C8C9-472C-A5F9-F2BDFEA0F156}", "EventSourceName": "Software Protection Platform Service"}}, "EventID": {"#attributes": {"Qualifiers": 16384}, "#text": 903}, "Version": 0, "Level": 0, "Task": 0, "Opcode": 0, "Keywords": "0x80000000000000", "TimeCreated": {"#attributes": {"SystemTime": "2025-12-20T23:42:31.388620Z"}}, "EventRecordID": 1241, "Correlation": null, "Execution": {"#attributes": {"ProcessID": 0, "ThreadID": 0}}, "Channel": "Application", "Computer": "DC01.garfield.htb", "Security": null}, "EventData": {"Data": {"#text": ""}, "Binary": null}}},
{"TimeGenerated": "2025-12-20T23:43:29.483159Z", "EventID": {"#attributes": {"Qualifiers": 16384}, "#text": 9027}, "Computer": "DC01.garfield.htb", "RawEvent": {"#attributes": {"xmlns": "http://schemas.microsoft.com/win/2004/08/events/event"}, "System": {"Provider": {"#attributes": {"Name": "Desktop Window Manager"}}, "EventID": {"#attributes": {"Qualifiers": 16384}, "#text": 9027}, "Level": 4, "Task": 0, "Keywords": "0x80000000000000", "TimeCreated": {"#attributes": {"SystemTime": "2025-12-20T23:43:29.483159Z"}}, "EventRecordID": 1242, "Channel": "Application", "Computer": "DC01.garfield.htb", "Security": null}, "EventData": {"Data": {"#text": ""}, "Binary": null}}},
{"TimeGenerated": "2025-12-20T23:50:24.891549Z", "EventID": {"#attributes": {"Qualifiers": 16384}, "#text": 4625}, "Computer": "DC01", "RawEvent": {"#attributes": {"xmlns": "http://schemas.microsoft.com/win/2004/08/events/event"}, "System": {"Provider": {"#attributes": {"Name": "Microsoft-Windows-EventSystem", "Guid": "{899daace-4868-4295-afcd-9eb8fb497561}", "EventSourceName": "EventSystem"}}, "EventID": {"#attributes": {"Qualifiers": 16384}, "#text": 4625}, "Version": 0, "Level": 4, "Task": 0, "Opcode": 0, "Keywords": "0x80000000000000", "TimeCreated": {"#attributes": {"SystemTime": "2025-12-20T23:50:24.891549Z"}}, "EventRecordID": 1243, "Correlation": null, "Execution": {"#attributes": {"ProcessID": 0, "ThreadID": 0}}, "Channel": "Application", "Computer": "DC01", "Security": null}, "EventData": {"param1": "86400", "param2": "SuppressDuplicateDuration", "param3": "Software\\Microsoft\\EventSystem\\EventLog"}}},
{"TimeGenerated": "2025-12-20T23:50:24.902169Z", "EventID": 1531, "Computer": "DC01.garfield.htb", "RawEvent": {"#attributes": {"xmlns": "http://schemas.microsoft.com/win/2004/08/events/event"}, "System": {"Provider": {"#attributes": {"Name": "Microsoft-Windows-User Profiles Service", "Guid": "89B1E9F0-5AFF-44A6-9B44-0A07A7CE5845"}}, "EventID": 1531, "Version": 0, "Level": 4, "Task": 0, "Opcode": 0, "Keywords": "0x8000000000000000", "TimeCreated": {"#attributes": {"SystemTime": "2025-12-20T23:50:24.902169Z"}}, "EventRecordID": 1244, "Correlation": null, "Execution": {"#attributes": {"ProcessID": 1740, "ThreadID": 1808}}, "Channel": "Application", "Computer": "DC01.garfield.htb", "Security": {"#attributes": {"UserID": "S-1-5-18"}}}, "EventData": null}},
{"TimeGenerated": "2025-12-20T23:50:25.195801Z", "EventID": 5615, "Computer": "DC01.garfield.htb", "RawEvent": {"#attributes": {"xmlns": "http://schemas.microsoft.com/win/2004/08/events/event"}, "System": {"Provider": {"#attributes": {"Name": "Microsoft-Windows-WMI", "Guid": "1EDEEE53-0AFE-4609-B846-D8C0B2075B1F"}}, "EventID": 5615, "Version": 2, "Level": 4, "Task": 0, "Opcode": 0, "Keywords": "0x8000000000000000", "TimeCreated": {"#attributes": {"SystemTime": "2025-12-20T23:50:25.195801Z"}}, "EventRecordID": 1245, "Correlation": null, "Execution": {"#attributes": {"ProcessID": 2596, "ThreadID": 2648}}, "Channel": "Application", "Computer": "DC01.garfield.htb", "Security": {"#attributes": {"UserID": "S-1-5-18"}}}, "EventData": null}},
{"TimeGenerated": "2025-12-20T23:50:25.404231Z", "EventID": 5617, "Computer": "DC01.garfield.htb", "RawEvent": {"#attributes": {"xmlns": "http://schemas.microsoft.com/win/2004/08/events/event"}, "System": {"Provider": {"#attributes": {"Name": "Microsoft-Windows-WMI", "Guid": "1EDEEE53-0AFE-4609-B846-D8C0B2075B1F"}}, "EventID": 5617, "Version": 2, "Level": 4, "Task": 0, "Opcode": 0, "Keywords": "0x8000000000000000", "TimeCreated": {"#attributes": {"SystemTime": "2025-12-20T23:50:25.404231Z"}}, "EventRecordID": 1246, "Correlation": null, "Execution": {"#attributes": {"ProcessID": 2596, "ThreadID": 2716}}, "Channel": "Application", "Computer": "DC01.garfield.htb", "Security": {"#attributes": {"UserID": "S-1-5-18"}}}, "EventData": null}},
{"TimeGenerated": "2025-12-20T23:50:52.206029Z", "EventID": {"#attributes": {"Qualifiers": 0}, "#text": 105}, "Computer": "DC01.garfield.htb", "RawEvent": {"#attributes": {"xmlns": "http://schemas.microsoft.com/win/2004/08/events/event"}, "System": {"Provider": {"#attributes": {"Name": "VMTools"}}, "EventID": {"#attributes": {"Qualifiers": 0}, "#text": 105}, "Level": 4, "Task": 0, "Keywords": "0x80000000000000", "TimeCreated": {"#attributes": {"SystemTime": "2025-12-20T23:50:52.206029Z"}}, "EventRecordID": 1247, "Channel": "Application", "Computer": "DC01.garfield.htb", "Security": null}, "EventData": {"Data": {"#text": ""}, "Binary": null}}},
{"TimeGenerated": "2025-12-20T23:50:52.253053Z", "EventID": {"#attributes": {"Qualifiers": 16384}, "#text": 900}, "Computer": "DC01.garfield.htb", "RawEvent": {"#attributes": {"xmlns": "http://schemas.microsoft.com/win/2004/08/events/event"}, "System": {"Provider": {"#attributes": {"Name": "Microsoft-Windows-Security-SPP", "Guid": "{E23B33B0-C8C9-472C-A5F9-F2BDFEA0F156}", "EventSourceName": "Software Protection Platform Service"}}, "EventID": {"#attributes": {"Qualifiers": 16384}, "#text": 900}, "Version": 0, "Level": 4, "Task": 0, "Opcode": 0, "Keywords": "0x80000000000000", "TimeCreated": {"#attributes": {"SystemTime": "2025-12-20T23:50:52.253053Z"}}, "EventRecordID": 1248, "Correlation": null, "Execution": {"#attributes": {"ProcessID": 0, "ThreadID": 0}}, "Channel": "Application", "Computer": "DC01.garfield.htb", "Security": null}, "EventData": {"Data": {"#text": "TriggerStarted:6"}, "Binary": null}}},
{"TimeGenerated": "2025-12-20T23:50:52.378088Z", "EventID": {"#attributes": {"Qualifiers": 16384}, "#text": 9027}, "Computer": "DC01.garfield.htb", "RawEvent": {"#attributes": {"xmlns": "http://schemas.microsoft.com/win/2004/08/events/event"}, "System": {"Provider": {"#attributes": {"Name": "Desktop Window Manager"}}, "EventID": {"#attributes": {"Qualifiers": 16384}, "#text": 9027}, "Level": 4, "Task": 0, "Keywords": "0x80000000000000", "TimeCreated": {"#attributes": {"SystemTime": "2025-12-20T23:50:52.378088Z"}}, "EventRecordID": 1249, "Channel": "Application", "Computer": "DC01.garfield.htb", "Security": null}, "EventData": {"Data": {"#text": ""}, "Binary": null}}},
{"TimeGenerated": "2025-12-20T23:50:52.612387Z", "EventID": {"#attributes": {"Qualifiers": 16384}, "#text": 781}, "Computer": "DC01.garfield.htb", "RawEvent": {"#attributes": {"xmlns": "http://schemas.microsoft.com/win/2004/08/events/event"}, "System": {"Provider": {"#attributes": {"Name": "Microsoft-Windows-Complus", "Guid": "{0f177893-4a9c-4709-b921-f432d67f43d5}", "EventSourceName": "COM+"}}, "EventID": {"#attributes": {"Qualifiers": 16384}, "#text": 781}, "Version": 0, "Level": 4, "Task": 0, "Opcode": 0, "Keywords": "0x80000000000000", "TimeCreated": {"#attributes": {"SystemTime": "2025-12-20T23:50:52.612387Z"}}, "EventRecordID": 1250, "Correlation": null, "Execution": {"#attributes": {"ProcessID": 0, "ThreadID": 0}}, "Channel": "Application", "Computer": "DC01.garfield.htb", "Security": null}, "EventData": {"param1": "86400", "param2": "SuppressDuplicateDuration", "param3": "Software\\Microsoft\\COM3\\Eventlog"}}},
{"TimeGenerated": "2025-12-20T23:50:52.659236Z", "EventID": {"#attributes": {"Qualifiers": 0}, "#text": 258}, "Computer": "DC01.garfield.htb", "RawEvent": {"#attributes": {"xmlns": "http://schemas.microsoft.com/win/2004/08/events/event"}, "System": {"Provider": {"#attributes": {"Name": "VMUpgradeHelper"}}, "EventID": {"#attributes": {"Qualifiers": 0}, "#text": 258}, "Level": 4, "Task": 0, "Keywords": "0x80000000000000", "TimeCreated": {"#attributes": {"SystemTime": "2025-12-20T23:50:52.659236Z"}}, "EventRecordID": 1251, "Channel": "Application", "Computer": "DC01.garfield.htb", "Security": null}, "EventData": {"Data": {"#text": ""}, "Binary": null}}},
{"TimeGenerated": "2025-12-20T23:50:52.752962Z", "EventID": {"#attributes": {"Qualifiers": 0}, "#text": 271}, "Computer": "DC01.garfield.htb", "RawEvent": {"#attributes": {"xmlns": "http://schemas.microsoft.com/win/2004/08/events/event"}, "System": {"Provider": {"#attributes": {"Name": "VMUpgradeHelper"}}, "EventID": {"#attributes": {"Qualifiers": 0}, "#text": 271}, "Level": 4, "Task": 0, "Keywords": "0x80000000000000", "TimeCreated": {"#attributes": {"SystemTime": "2025-12-20T23:50:52.752962Z"}}, "EventRecordID": 1252, "Channel": "Application", "Computer": "DC01.garfield.htb", "Security": null}, "EventData": {"Data": {"#text": ""}, "Binary": null}}},
{"TimeGenerated": "2025-12-20T23:50:52.768645Z", "EventID": {"#attributes": {"Qualifiers": 16384}, "#text": 4202}, "Computer": "DC01.garfield.htb", "RawEvent": {"#attributes": {"xmlns": "http://schemas.microsoft.com/win/2004/08/events/event"}, "System": {"Provider": {"#attributes": {"Name": "Microsoft-Windows-MSDTC 2", "Guid": "{5D9E0020-3761-4f36-90C8-38CE6511BD12}", "EventSourceName": "MSDTC 2"}}, "EventID": {"#attributes": {"Qualifiers": 16384}, "#text": 4202}, "Version": 0, "Level": 4, "Task": 2, "Opcode": 0, "Keywords": "0x80000000000000", "TimeCreated": {"#attributes": {"SystemTime": "2025-12-20T23:50:52.768645Z"}}, "EventRecordID": 1253, "Correlation": null, "Execution": {"#attributes": {"ProcessID": 0, "ThreadID": 0}}, "Channel": "Application", "Computer": "DC01.garfield.htb", "Security": null}, "EventData": {"param1": "0", "param2": "0", "param3": "0", "param4": "0", "param5": "0", "param6": "0", "param7": "1", "param8": "Mutual Authentication Required", "param9": "NT AUTHORITY\\NetworkService", "param10": "0", "param11": "0", "param12": "1"}}},
{"TimeGenerated": "2025-12-20T23:50:53.175028Z", "EventID": {"#attributes": {"Qualifiers": 49152}, "#text": 16394}, "Computer": "DC01.garfield.htb", "RawEvent": {"#attributes": {"xmlns": "http://schemas.microsoft.com/win/2004/08/events/event"}, "System": {"Provider": {"#attributes": {"Name": "Microsoft-Windows-Security-SPP", "Guid": "{E23B33B0-C8C9-472C-A5F9-F2BDFEA0F156}", "EventSourceName": "Software Protection Platform Service"}}, "EventID": {"#attributes": {"Qualifiers": 49152}, "#text": 16394}, "Version": 0, "Level": 4, "Task": 0, "Opcode": 0, "Keywords": "0x80000000000000", "TimeCreated": {"#attributes": {"SystemTime": "2025-12-20T23:50:53.175028Z"}}, "EventRecordID": 1254, "Correlation": null, "Execution": {"#attributes": {"ProcessID": 0, "ThreadID": 0}}, "Channel": "Application", "Computer": "DC01.garfield.htb", "Security": null}, "EventData": {"Data": {"#text": ""}, "Binary": null}}},
{"TimeGenerated": "2025-12-20T23:50:53.221950Z", "EventID": {"#attributes": {"Qualifiers": 16384}, "#text": 1066}, "Computer": "DC01.garfield.htb", "RawEvent": {"#attributes": {"xmlns": "http://schemas.microsoft.com/win/2004/08/events/event"}, "System": {"Provider": {"#attributes": {"Name": "Microsoft-Windows-Security-SPP", "Guid": "{E23B33B0-C8C9-472C-A5F9-F2BDFEA0F156}", "EventSourceName": "Software Protection Platform Service"}}, "EventID": {"#attributes": {"Qualifiers": 16384}, "#text": 1066}, "Version": 0, "Level": 4, "Task": 0, "Opcode": 0, "Keywords": "0x80000000000000", "TimeCreated": {"#attributes": {"SystemTime": "2025-12-20T23:50:53.221950Z"}}, "EventRecordID": 1255, "Correlation": null, "Execution": {"#attributes": {"ProcessID": 0, "ThreadID": 0}}, "Channel": "Application", "Computer": "DC01.garfield.htb", "Security": null}, "EventData": {"Data": {"#text": "C:\\Windows\\system32\\sppwinob.dll, msft:spp/windowsfunctionality/agent/7.0, 0x00000000, 0x00000000\nC:\\Windows\\system32\\sppobjs.dll, msft:rm/algorithm/inherited/1.0, 0x00000000, 0x00000000\nC:\\Windows\\system32\\sppobjs.dll, msft:rm/algorithm/phone/1.0, 0x00000000, 0x00000000\nC:\\Windows\\system32\\sppobjs.dll, msft:rm/algorithm/pkey/detect, 0x00000000, 0x00000000\nC:\\Windows\\system32\\sppobjs.dll, msft:spp/ActionScheduler/1.0, 0x00000000, 0x00000000\nC:\\Windows\\system32\\sppobjs.dll, msft:spp/TaskScheduler/1.0, 0x00000000, 0x00000000\nC:\\Windows\\system32\\sppobjs.dll, msft:spp/statecollector/pkey, 0x00000000, 0x00000000\nC:\\Windows\\system32\\sppobjs.dll, msft:spp/volume/services/kms/1.0, 0x00000000, 0x00000000\nC:\\Windows\\system32\\sppobjs.dll, msft:spp/volume/services/kms/activationinfo/1.0, 0x00000000, 0x00000000\n"}, "Binary": null}}},
{"TimeGenerated": "2025-12-20T23:50:53.284900Z", "EventID": {"#attributes": {"Qualifiers": 16384}, "#text": 1003}, "Computer": "DC01.garfield.htb", "RawEvent": {"#attributes": {"xmlns": "http://schemas.microsoft.com/win/2004/08/events/event"}, "System": {"Provider": {"#attributes": {"Name": "Microsoft-Windows-Security-SPP", "Guid": "{E23B33B0-C8C9-472C-A5F9-F2BDFEA0F156}", "EventSourceName": "Software Protection Platform Service"}}, "EventID": {"#attributes": {"Qualifiers": 16384}, "#text": 1003}, "Version": 0, "Level": 4, "Task": 0, "Opcode": 0, "Keywords": "0x80000000000000", "TimeCreated": {"#attributes": {"SystemTime": "2025-12-20T23:50:53.284900Z"}}, "EventRecordID": 1256, "Correlation": null, "Execution": {"#attributes": {"ProcessID": 0, "ThreadID": 0}}, "Channel": "Application", "Computer": "DC01.garfield.htb", "Security": null}, "EventData": {"Data": {"#text": ["55c92734-d682-4d71-983e-d6ec3f16059f", "\n1: 7783a126-c108-4cf7-b59f-13c78c7a7337, 1, 1 [(0 [0x00000000, 1, 0], [(?)( 1 0x00000000)(?)( 2 0x00000000 0 0 msft:rm/algorithm/hwid/4.0 0x00000000 0)(?)( 9 0x00000000 180 72664)( 10 0x00000000 msft:rm/algorithm/flags/1.0)(?)])(1 )(2 )(3 )]\n\n"]}, "Binary": null}}},
{"TimeGenerated": "2025-12-20T23:50:53.284900Z", "EventID": {"#attributes": {"Qualifiers": 32768}, "#text": 1037}, "Computer": "DC01.garfield.htb", "RawEvent": {"#attributes": {"xmlns": "http://schemas.microsoft.com/win/2004/08/events/event"}, "System": {"Provider": {"#attributes": {"Name": "Microsoft-Windows-Security-SPP", "Guid": "{E23B33B0-C8C9-472C-A5F9-F2BDFEA0F156}", "EventSourceName": "Software Protection Platform Service"}}, "EventID": {"#attributes": {"Qualifiers": 32768}, "#text": 1037}, "Version": 0, "Level": 4, "Task": 0, "Opcode": 0, "Keywords": "0x80000000000000", "TimeCreated": {"#attributes": {"SystemTime": "2025-12-20T23:50:53.284900Z"}}, "EventRecordID": 1257, "Correlation": null, "Execution": {"#attributes": {"ProcessID": 0, "ThreadID": 0}}, "Channel": "Application", "Computer": "DC01.garfield.htb", "Security": null}, "EventData": {"Data": {"#text": ["validity", "72664"]}, "Binary": null}}},
{"TimeGenerated": "2025-12-20T23:50:53.284900Z", "EventID": {"#attributes": {"Qualifiers": 16384}, "#text": 902}, "Computer": "DC01.garfield.htb", "RawEvent": {"#attributes": {"xmlns": "http://schemas.microsoft.com/win/2004/08/events/event"}, "System": {"Provider": {"#attributes": {"Name": "Microsoft-Windows-Security-SPP", "Guid": "{E23B33B0-C8C9-472C-A5F9-F2BDFEA0F156}", "EventSourceName": "Software Protection Platform Service"}}, "EventID": {"#attributes": {"Qualifiers": 16384}, "#text": 902}, "Version": 0, "Level": 0, "Task": 0, "Opcode": 0, "Keywords": "0x80000000000000", "TimeCreated": {"#attributes": {"SystemTime": "2025-12-20T23:50:53.284900Z"}}, "EventRecordID": 1258, "Correlation": null, "Execution": {"#attributes": {"ProcessID": 0, "ThreadID": 0}}, "Channel": "Application", "Computer": "DC01.garfield.htb", "Security": null}, "EventData": {"Data": {"#text": "10.0.17763.3650"}, "Binary": null}}},
{"TimeGenerated": "2025-12-20T23:51:29.411382Z", "EventID": {"#attributes": {"Qualifiers": 16384}, "#text": 9027}, "Computer": "DC01.garfield.htb", "RawEvent": {"#attributes": {"xmlns": "http://schemas.microsoft.com/win/2004/08/events/event"}, "System": {"Provider": {"#attributes": {"Name": "Desktop Window Manager"}}, "EventID": {"#attributes": {"Qualifiers": 16384}, "#text": 9027}, "Level": 4, "Task": 0, "Keywords": "0x80000000000000", "TimeCreated": {"#attributes": {"SystemTime": "2025-12-20T23:51:29.411382Z"}}, "EventRecordID": 1259, "Channel": "Application", "Computer": "DC01.garfield.htb", "Security": null}, "EventData": {"Data": {"#text": ""}, "Binary": null}}},
{"TimeGenerated": "2025-12-20T23:52:00.168057Z", "EventID": {"#attributes": {"Qualifiers": 16384}, "#text": 16384}, "Computer": "DC01.garfield.htb", "RawEvent": {"#attributes": {"xmlns": "http://schemas.microsoft.com/win/2004/08/events/event"}, "System": {"Provider": {"#attributes": {"Name": "Microsoft-Windows-Security-SPP", "Guid": "{E23B33B0-C8C9-472C-A5F9-F2BDFEA0F156}", "EventSourceName": "Software Protection Platform Service"}}, "EventID": {"#attributes": {"Qualifiers": 16384}, "#text": 16384}, "Version": 0, "Level": 4, "Task": 0, "Opcode": 0, "Keywords": "0x80000000000000", "TimeCreated": {"#attributes": {"SystemTime": "2025-12-20T23:52:00.168057Z"}}, "EventRecordID": 1260, "Correlation": null, "Execution": {"#attributes": {"ProcessID": 0, "ThreadID": 0}}, "Channel": "Application", "Computer": "DC01.garfield.htb", "Security": null}, "EventData": {"Data": {"#text": ["2025-12-21T23:50:00Z", "TBL"]}, "Binary": null}}},
{"TimeGenerated": "2025-12-20T23:52:00.182670Z", "EventID": {"#attributes": {"Qualifiers": 16384}, "#text": 903}, "Computer": "DC01.garfield.htb", "RawEvent": {"#attributes": {"xmlns": "http://schemas.microsoft.com/win/2004/08/events/event"}, "System": {"Provider": {"#attributes": {"Name": "Microsoft-Windows-Security-SPP", "Guid": "{E23B33B0-C8C9-472C-A5F9-F2BDFEA0F156}", "EventSourceName": "Software Protection Platform Service"}}, "EventID": {"#attributes": {"Qualifiers": 16384}, "#text": 903}, "Version": 0, "Level": 0, "Task": 0, "Opcode": 0, "Keywords": "0x80000000000000", "TimeCreated": {"#attributes": {"SystemTime": "2025-12-20T23:52:00.182670Z"}}, "EventRecordID": 1261, "Correlation": null, "Execution": {"#attributes": {"ProcessID": 0, "ThreadID": 0}}, "Channel": "Application", "Computer": "DC01.garfield.htb", "Security": null}, "EventData": {"Data": {"#text": ""}, "Binary": null}}},
{"TimeGenerated": "2025-12-20T23:52:01.354496Z", "EventID": {"#attributes": {"Qualifiers": 32768}, "#text": 6000}, "Computer": "DC01.garfield.htb", "RawEvent": {"#attributes": {"xmlns": "http://schemas.microsoft.com/win/2004/08/events/event"}, "System": {"Provider": {"#attributes": {"Name": "Microsoft-Windows-Winlogon", "Guid": "{DBE9B383-7CF3-4331-91CC-A3CB16A3B538}", "EventSourceName": "Wlclntfy"}}, "EventID": {"#attributes": {"Qualifiers": 32768}, "#text": 6000}, "Version": 0, "Level": 4, "Task": 0, "Opcode": 0, "Keywords": "0x80000000000000", "TimeCreated": {"#attributes": {"SystemTime": "2025-12-20T23:52:01.354496Z"}}, "EventRecordID": 1262, "Correlation": null, "Execution": {"#attributes": {"ProcessID": 0, "ThreadID": 0}}, "Channel": "Application", "Computer": "DC01.garfield.htb", "Security": null}, "EventData": {"Data": {"#text": "WSearch"}, "Binary": "D9060000"}}},
{"TimeGenerated": "2025-12-20T23:52:52.975643Z", "EventID": {"#attributes": {"Qualifiers": 16384}, "#text": 900}, "Computer": "DC01.garfield.htb", "RawEvent": {"#attributes": {"xmlns": "http://schemas.microsoft.com/win/2004/08/events/event"}, "System": {"Provider": {"#attributes": {"Name": "Microsoft-Windows-Security-SPP", "Guid": "{E23B33B0-C8C9-472C-A5F9-F2BDFEA0F156}", "EventSourceName": "Software Protection Platform Service"}}, "EventID": {"#attributes": {"Qualifiers": 16384}, "#text": 900}, "Version": 0, "Level": 4, "Task": 0, "Opcode": 0, "Keywords": "0x80000000000000", "TimeCreated": {"#attributes": {"SystemTime": "2025-12-20T23:52:52.975643Z"}}, "EventRecordID": 1263, "Correlation": null, "Execution": {"#attributes": {"ProcessID": 0, "ThreadID": 0}}, "Channel": "Application", "Computer": "DC01.garfield.htb", "Security": null}, "EventData": {"Data": {"#text": "<explicit>"}, "Binary": null}}},
{"TimeGenerated": "2025-12-20T23:52:53.006902Z", "EventID": {"#attributes": {"Qualifiers": 49152}, "#text": 16394}, "Computer": "DC01.garfield.htb", "RawEvent": {"#attributes": {"xmlns": "http://schemas.microsoft.com/win/2004/08/events/event"}, "System": {"Provider": {"#attributes": {"Name": "Microsoft-Windows-Security-SPP", "Guid": "{E23B33B0-C8C9-472C-A5F9-F2BDFEA0F156}", "EventSourceName": "Software Protection Platform Service"}}, "EventID": {"#attributes": {"Qualifiers": 49152}, "#text": 16394}, "Version": 0, "Level": 4, "Task": 0, "Opcode": 0, "Keywords": "0x80000000000000", "TimeCreated": {"#attributes": {"SystemTime": "2025-12-20T23:52:53.006902Z"}}, "EventRecordID": 1264, "Correlation": null, "Execution": {"#attributes": {"ProcessID": 0, "ThreadID": 0}}, "Channel": "Application", "Computer": "DC01.garfield.htb", "Security": null}, "EventData": {"Data": {"#text": ""}, "Binary": null}}},
{"TimeGenerated": "2025-12-20T23:53:23.046784Z", "EventID": {"#attributes": {"Qualifiers": 16384}, "#text": 16384}, "Computer": "DC01.garfield.htb", "RawEvent": {"#attributes": {"xmlns": "http://schemas.microsoft.com/win/2004/08/events/event"}, "System": {"Provider": {"#attributes": {"Name": "Microsoft-Windows-Security-SPP", "Guid": "{E23B33B0-C8C9-472C-A5F9-F2BDFEA0F156}", "EventSourceName": "Software Protection Platform Service"}}, "EventID": {"#attributes": {"Qualifiers": 16384}, "#text": 16384}, "Version": 0, "Level": 4, "Task": 0, "Opcode": 0, "Keywords": "0x80000000000000", "TimeCreated": {"#attributes": {"SystemTime": "2025-12-20T23:53:23.046784Z"}}, "EventRecordID": 1265, "Correlation": null, "Execution": {"#attributes": {"ProcessID": 0, "ThreadID": 0}}, "Channel": "Application", "Computer": "DC01.garfield.htb", "Security": null}, "EventData": {"Data": {"#text": ["2026-01-10T10:54:23Z", "RulesEngine"]}, "Binary": null}}},
{"TimeGenerated": "2025-12-20T23:53:23.728801Z", "EventID": {"#attributes": {"Qualifiers": 32768}, "#text": 6000}, "Computer": "DC01.garfield.htb", "RawEvent": {"#attributes": {"xmlns": "http://schemas.microsoft.com/win/2004/08/events/event"}, "System": {"Provider": {"#attributes": {"Name": "Microsoft-Windows-Winlogon", "Guid": "{DBE9B383-7CF3-4331-91CC-A3CB16A3B538}", "EventSourceName": "Wlclntfy"}}, "EventID": {"#attributes": {"Qualifiers": 32768}, "#text": 6000}, "Version": 0, "Level": 4, "Task": 0, "Opcode": 0, "Keywords": "0x80000000000000", "TimeCreated": {"#attributes": {"SystemTime": "2025-12-20T23:53:23.728801Z"}}, "EventRecordID": 1266, "Correlation": null, "Execution": {"#attributes": {"ProcessID": 0, "ThreadID": 0}}, "Channel": "Application", "Computer": "DC01.garfield.htb", "Security": null}, "EventData": {"Data": {"#text": "WSearch"}, "Binary": "D9060000"}}},
{"TimeGenerated": "2025-12-20T23:53:29.403220Z", "EventID": {"#attributes": {"Qualifiers": 0}, "#text": 260}, "Computer": "DC01.garfield.htb", "RawEvent": {"#attributes": {"xmlns": "http://schemas.microsoft.com/win/2004/08/events/event"}, "System": {"Provider": {"#attributes": {"Name": "VMUpgradeHelper"}}, "EventID": {"#attributes": {"Qualifiers": 0}, "#text": 260}, "Level": 4, "Task": 0, "Keywords": "0x80000000000000", "TimeCreated": {"#attributes": {"SystemTime": "2025-12-20T23:53:29.403220Z"}}, "EventRecordID": 1267, "Channel": "Application", "Computer": "DC01.garfield.htb", "Security": null}, "EventData": {"Data": {"#text": ""}, "Binary": null}}},
{"TimeGenerated": "2025-12-20T23:53:29.403220Z", "EventID": {"#attributes": {"Qualifiers": 0}, "#text": 272}, "Computer": "DC01.garfield.htb", "RawEvent": {"#attributes": {"xmlns": "http://schemas.microsoft.com/win/2004/08/events/event"}, "System": {"Provider": {"#attributes": {"Name": "VMUpgradeHelper"}}, "EventID": {"#attributes": {"Qualifiers": 0}, "#text": 272}, "Level": 4, "Task": 0, "Keywords": "0x80000000000000", "TimeCreated": {"#attributes": {"SystemTime": "2025-12-20T23:53:29.403220Z"}}, "EventRecordID": 1268, "Channel": "Application", "Computer": "DC01.garfield.htb", "Security": null}, "EventData": {"Data": {"#text": ""}, "Binary": null}}},
{"TimeGenerated": "2025-12-20T23:53:29.403220Z", "EventID": {"#attributes": {"Qualifiers": 0}, "#text": 108}, "Computer": "DC01.garfield.htb", "RawEvent": {"#attributes": {"xmlns": "http://schemas.microsoft.com/win/2004/08/events/event"}, "System": {"Provider": {"#attributes": {"Name": "VMTools"}}, "EventID": {"#attributes": {"Qualifiers": 0}, "#text": 108}, "Level": 4, "Task": 0, "Keywords": "0x80000000000000", "TimeCreated": {"#attributes": {"SystemTime": "2025-12-20T23:53:29.403220Z"}}, "EventRecordID": 1269, "Channel": "Application", "Computer": "DC01.garfield.htb", "Security": null}, "EventData": {"Data": {"#text": ""}, "Binary": null}}},
{"TimeGenerated": "2025-12-20T23:53:29.653213Z", "EventID": {"#attributes": {"Qualifiers": 16384}, "#text": 4111}, "Computer": "DC01.garfield.htb", "RawEvent": {"#attributes": {"xmlns": "http://schemas.microsoft.com/win/2004/08/events/event"}, "System": {"Provider": {"#attributes": {"Name": "Microsoft-Windows-MSDTC", "Guid": "{719BE4ED-E9BC-4DD8-A7CF-C85CE8E4975D}", "EventSourceName": "MSDTC"}}, "EventID": {"#attributes": {"Qualifiers": 16384}, "#text": 4111}, "Version": 0, "Level": 4, "Task": 1, "Opcode": 0, "Keywords": "0x80000000000000", "TimeCreated": {"#attributes": {"SystemTime": "2025-12-20T23:53:29.653213Z"}}, "EventRecordID": 1270, "Correlation": null, "Execution": {"#attributes": {"ProcessID": 0, "ThreadID": 0}}, "Channel": "Application", "Computer": "DC01.garfield.htb", "Security": null}, "EventData": {"Binary": "4D005300440054004300"}}},
{"TimeGenerated": "2025-12-20T23:53:29.652388Z", "EventID": 1532, "Computer": "DC01.garfield.htb", "RawEvent": {"#attributes": {"xmlns": "http://schemas.microsoft.com/win/2004/08/events/event"}, "System": {"Provider": {"#attributes": {"Name": "Microsoft-Windows-User Profiles Service", "Guid": "89B1E9F0-5AFF-44A6-9B44-0A07A7CE5845"}}, "EventID": 1532, "Version": 0, "Level": 4, "Task": 0, "Opcode": 0, "Keywords": "0x8000000000000000", "TimeCreated": {"#attributes": {"SystemTime": "2025-12-20T23:53:29.652388Z"}}, "EventRecordID": 1271, "Correlation": null, "Execution": {"#attributes": {"ProcessID": 1740, "ThreadID": 1808}}, "Channel": "Application", "Computer": "DC01.garfield.htb", "Security": {"#attributes": {"UserID": "S-1-5-18"}}}, "EventData": null}},
{"TimeGenerated": "2026-01-13T13:55:47.757613Z", "EventID": {"#attributes": {"Qualifiers": 16384}, "#text": 4625}, "Computer": "DC01", "RawEvent": {"#attributes": {"xmlns": "http://schemas.microsoft.com/win/2004/08/events/event"}, "System": {"Provider": {"#attributes": {"Name": "Microsoft-Windows-EventSystem", "Guid": "{899daace-4868-4295-afcd-9eb8fb497561}", "EventSourceName": "EventSystem"}}, "EventID": {"#attributes": {"Qualifiers": 16384}, "#text": 4625}, "Version": 0, "Level": 4, "Task": 0, "Opcode": 0, "Keywords": "0x80000000000000", "TimeCreated": {"#attributes": {"SystemTime": "2026-01-13T13:55:47.757613Z"}}, "EventRecordID": 1272, "Correlation": null, "Execution": {"#attributes": {"ProcessID": 0, "ThreadID": 0}}, "Channel": "Application", "Computer": "DC01", "Security": null}, "EventData": {"param1": "86400", "param2": "SuppressDuplicateDuration", "param3": "Software\\Microsoft\\EventSystem\\EventLog"}}},
{"TimeGenerated": "2026-01-13T13:55:47.764405Z", "EventID": 1531, "Computer": "DC01.garfield.htb", "RawEvent": {"#attributes": {"xmlns": "http://schemas.microsoft.com/win/2004/08/events/event"}, "System": {"Provider": {"#attributes": {"Name": "Microsoft-Windows-User Profiles Service", "Guid": "89B1E9F0-5AFF-44A6-9B44-0A07A7CE5845"}}, "EventID": 1531, "Version": 0, "Level": 4, "Task": 0, "Opcode": 0, "Keywords": "0x8000000000000000", "TimeCreated": {"#attributes": {"SystemTime": "2026-01-13T13:55:47.764405Z"}}, "EventRecordID": 1273, "Correlation": null, "Execution": {"#attributes": {"ProcessID": 1732, "ThreadID": 1804}}, "Channel": "Application", "Computer": "DC01.garfield.htb", "Security": {"#attributes": {"UserID": "S-1-5-18"}}}, "EventData": null}},
{"TimeGenerated": "2026-01-13T13:55:47.976836Z", "EventID": 5615, "Computer": "DC01.garfield.htb", "RawEvent": {"#attributes": {"xmlns": "http://schemas.microsoft.com/win/2004/08/events/event"}, "System": {"Provider": {"#attributes": {"Name": "Microsoft-Windows-WMI", "Guid": "1EDEEE53-0AFE-4609-B846-D8C0B2075B1F"}}, "EventID": 5615, "Version": 2, "Level": 4, "Task": 0, "Opcode": 0, "Keywords": "0x8000000000000000", "TimeCreated": {"#attributes": {"SystemTime": "2026-01-13T13:55:47.976836Z"}}, "EventRecordID": 1274, "Correlation": null, "Execution": {"#attributes": {"ProcessID": 2524, "ThreadID": 2564}}, "Channel": "Application", "Computer": "DC01.garfield.htb", "Security": {"#attributes": {"UserID": "S-1-5-18"}}}, "EventData": null}},
{"TimeGenerated": "2026-01-13T13:55:48.190558Z", "EventID": 5617, "Computer": "DC01.garfield.htb", "RawEvent": {"#attributes": {"xmlns": "http://schemas.microsoft.com/win/2004/08/events/event"}, "System": {"Provider": {"#attributes": {"Name": "Microsoft-Windows-WMI", "Guid": "1EDEEE53-0AFE-4609-B846-D8C0B2075B1F"}}, "EventID": 5617, "Version": 2, "Level": 4, "Task": 0, "Opcode": 0, "Keywords": "0x8000000000000000", "TimeCreated": {"#attributes": {"SystemTime": "2026-01-13T13:55:48.190558Z"}}, "EventRecordID": 1275, "Correlation": null, "Execution": {"#attributes": {"ProcessID": 2524, "ThreadID": 2632}}, "Channel": "Application", "Computer": "DC01.garfield.htb", "Security": {"#attributes": {"UserID": "S-1-5-18"}}}, "EventData": null}},
{"TimeGenerated": "2026-01-13T13:56:15.040153Z", "EventID": {"#attributes": {"Qualifiers": 0}, "#text": 105}, "Computer": "DC01.garfield.htb", "RawEvent": {"#attributes": {"xmlns": "http://schemas.microsoft.com/win/2004/08/events/event"}, "System": {"Provider": {"#attributes": {"Name": "VMTools"}}, "EventID": {"#attributes": {"Qualifiers": 0}, "#text": 105}, "Level": 4, "Task": 0, "Keywords": "0x80000000000000", "TimeCreated": {"#attributes": {"SystemTime": "2026-01-13T13:56:15.040153Z"}}, "EventRecordID": 1276, "Channel": "Application", "Computer": "DC01.garfield.htb", "Security": null}, "EventData": {"Data": {"#text": ""}, "Binary": null}}},
{"TimeGenerated": "2026-01-13T13:56:15.102834Z", "EventID": {"#attributes": {"Qualifiers": 16384}, "#text": 900}, "Computer": "DC01.garfield.htb", "RawEvent": {"#attributes": {"xmlns": "http://schemas.microsoft.com/win/2004/08/events/event"}, "System": {"Provider": {"#attributes": {"Name": "Microsoft-Windows-Security-SPP", "Guid": "{E23B33B0-C8C9-472C-A5F9-F2BDFEA0F156}", "EventSourceName": "Software Protection Platform Service"}}, "EventID": {"#attributes": {"Qualifiers": 16384}, "#text": 900}, "Version": 0, "Level": 4, "Task": 0, "Opcode": 0, "Keywords": "0x80000000000000", "TimeCreated": {"#attributes": {"SystemTime": "2026-01-13T13:56:15.102834Z"}}, "EventRecordID": 1277, "Correlation": null, "Execution": {"#attributes": {"ProcessID": 0, "ThreadID": 0}}, "Channel": "Application", "Computer": "DC01.garfield.htb", "Security": null}, "EventData": {"Data": {"#text": "TriggerStarted:6"}, "Binary": null}}},
{"TimeGenerated": "2026-01-13T13:56:15.211994Z", "EventID": {"#attributes": {"Qualifiers": 49152}, "#text": 16394}, "Computer": "DC01.garfield.htb", "RawEvent": {"#attributes": {"xmlns": "http://schemas.microsoft.com/win/2004/08/events/event"}, "System": {"Provider": {"#attributes": {"Name": "Microsoft-Windows-Security-SPP", "Guid": "{E23B33B0-C8C9-472C-A5F9-F2BDFEA0F156}", "EventSourceName": "Software Protection Platform Service"}}, "EventID": {"#attributes": {"Qualifiers": 49152}, "#text": 16394}, "Version": 0, "Level": 4, "Task": 0, "Opcode": 0, "Keywords": "0x80000000000000", "TimeCreated": {"#attributes": {"SystemTime": "2026-01-13T13:56:15.211994Z"}}, "EventRecordID": 1278, "Correlation": null, "Execution": {"#attributes": {"ProcessID": 0, "ThreadID": 0}}, "Channel": "Application", "Computer": "DC01.garfield.htb", "Security": null}, "EventData": {"Data": {"#text": ""}, "Binary": null}}},
{"TimeGenerated": "2026-01-13T13:56:15.290115Z", "EventID": {"#attributes": {"Qualifiers": 16384}, "#text": 9027}, "Computer": "DC01.garfield.htb", "RawEvent": {"#attributes": {"xmlns": "http://schemas.microsoft.com/win/2004/08/events/event"}, "System": {"Provider": {"#attributes": {"Name": "Desktop Window Manager"}}, "EventID": {"#attributes": {"Qualifiers": 16384}, "#text": 9027}, "Level": 4, "Task": 0, "Keywords": "0x80000000000000", "TimeCreated": {"#attributes": {"SystemTime": "2026-01-13T13:56:15.290115Z"}}, "EventRecordID": 1279, "Channel": "Application", "Computer": "DC01.garfield.htb", "Security": null}, "EventData": {"Data": {"#text": ""}, "Binary": null}}},
{"TimeGenerated": "2026-01-13T13:56:15.290115Z", "EventID": {"#attributes": {"Qualifiers": 16384}, "#text": 1066}, "Computer": "DC01.garfield.htb", "RawEvent": {"#attributes": {"xmlns": "http://schemas.microsoft.com/win/2004/08/events/event"}, "System": {"Provider": {"#attributes": {"Name": "Microsoft-Windows-Security-SPP", "Guid": "{E23B33B0-C8C9-472C-A5F9-F2BDFEA0F156}", "EventSourceName": "Software Protection Platform Service"}}, "EventID": {"#attributes": {"Qualifiers": 16384}, "#text": 1066}, "Version": 0, "Level": 4, "Task": 0, "Opcode": 0, "Keywords": "0x80000000000000", "TimeCreated": {"#attributes": {"SystemTime": "2026-01-13T13:56:15.290115Z"}}, "EventRecordID": 1280, "Correlation": null, "Execution": {"#attributes": {"ProcessID": 0, "ThreadID": 0}}, "Channel": "Application", "Computer": "DC01.garfield.htb", "Security": null}, "EventData": {"Data": {"#text": "C:\\Windows\\system32\\sppwinob.dll, msft:spp/windowsfunctionality/agent/7.0, 0x00000000, 0x00000000\nC:\\Windows\\system32\\sppobjs.dll, msft:rm/algorithm/inherited/1.0, 0x00000000, 0x00000000\nC:\\Windows\\system32\\sppobjs.dll, msft:rm/algorithm/phone/1.0, 0x00000000, 0x00000000\nC:\\Windows\\system32\\sppobjs.dll, msft:rm/algorithm/pkey/detect, 0x00000000, 0x00000000\nC:\\Windows\\system32\\sppobjs.dll, msft:spp/ActionScheduler/1.0, 0x00000000, 0x00000000\nC:\\Windows\\system32\\sppobjs.dll, msft:spp/TaskScheduler/1.0, 0x00000000, 0x00000000\nC:\\Windows\\system32\\sppobjs.dll, msft:spp/statecollector/pkey, 0x00000000, 0x00000000\nC:\\Windows\\system32\\sppobjs.dll, msft:spp/volume/services/kms/1.0, 0x00000000, 0x00000000\nC:\\Windows\\system32\\sppobjs.dll, msft:spp/volume/services/kms/activationinfo/1.0, 0x00000000, 0x00000000\n"}, "Binary": null}}},
{"TimeGenerated": "2026-01-13T13:56:15.352634Z", "EventID": {"#attributes": {"Qualifiers": 16384}, "#text": 1003}, "Computer": "DC01.garfield.htb", "RawEvent": {"#attributes": {"xmlns": "http://schemas.microsoft.com/win/2004/08/events/event"}, "System": {"Provider": {"#attributes": {"Name": "Microsoft-Windows-Security-SPP", "Guid": "{E23B33B0-C8C9-472C-A5F9-F2BDFEA0F156}", "EventSourceName": "Software Protection Platform Service"}}, "EventID": {"#attributes": {"Qualifiers": 16384}, "#text": 1003}, "Version": 0, "Level": 4, "Task": 0, "Opcode": 0, "Keywords": "0x80000000000000", "TimeCreated": {"#attributes": {"SystemTime": "2026-01-13T13:56:15.352634Z"}}, "EventRecordID": 1281, "Correlation": null, "Execution": {"#attributes": {"ProcessID": 0, "ThreadID": 0}}, "Channel": "Application", "Computer": "DC01.garfield.htb", "Security": null}, "EventData": {"Data": {"#text": ["55c92734-d682-4d71-983e-d6ec3f16059f", "\n1: 7783a126-c108-4cf7-b59f-13c78c7a7337, 1, 1 [(0 [0x00000000, 1, 0], [(?)( 1 0x00000000)(?)( 2 0x00000000 0 0 msft:rm/algorithm/hwid/4.0 0x00000000 0)(?)( 9 0x00000000 180 38699)( 10 0x00000000 msft:rm/algorithm/flags/1.0)(?)])(1 )(2 )(3 )]\n\n"]}, "Binary": null}}},
{"TimeGenerated": "2026-01-13T13:56:15.368283Z", "EventID": {"#attributes": {"Qualifiers": 32768}, "#text": 1037}, "Computer": "DC01.garfield.htb", "RawEvent": {"#attributes": {"xmlns": "http://schemas.microsoft.com/win/2004/08/events/event"}, "System": {"Provider": {"#attributes": {"Name": "Microsoft-Windows-Security-SPP", "Guid": "{E23B33B0-C8C9-472C-A5F9-F2BDFEA0F156}", "EventSourceName": "Software Protection Platform Service"}}, "EventID": {"#attributes": {"Qualifiers": 32768}, "#text": 1037}, "Version": 0, "Level": 4, "Task": 0, "Opcode": 0, "Keywords": "0x80000000000000", "TimeCreated": {"#attributes": {"SystemTime": "2026-01-13T13:56:15.368283Z"}}, "EventRecordID": 1282, "Correlation": null, "Execution": {"#attributes": {"ProcessID": 0, "ThreadID": 0}}, "Channel": "Application", "Computer": "DC01.garfield.htb", "Security": null}, "EventData": {"Data": {"#text": ["validity", "38699"]}, "Binary": null}}},
{"TimeGenerated": "2026-01-13T13:56:15.368283Z", "EventID": {"#attributes": {"Qualifiers": 16384}, "#text": 902}, "Computer": "DC01.garfield.htb", "RawEvent": {"#attributes": {"xmlns": "http://schemas.microsoft.com/win/2004/08/events/event"}, "System": {"Provider": {"#attributes": {"Name": "Microsoft-Windows-Security-SPP", "Guid": "{E23B33B0-C8C9-472C-A5F9-F2BDFEA0F156}", "EventSourceName": "Software Protection Platform Service"}}, "EventID": {"#attributes": {"Qualifiers": 16384}, "#text": 902}, "Version": 0, "Level": 0, "Task": 0, "Opcode": 0, "Keywords": "0x80000000000000", "TimeCreated": {"#attributes": {"SystemTime": "2026-01-13T13:56:15.368283Z"}}, "EventRecordID": 1283, "Correlation": null, "Execution": {"#attributes": {"ProcessID": 0, "ThreadID": 0}}, "Channel": "Application", "Computer": "DC01.garfield.htb", "Security": null}, "EventData": {"Data": {"#text": "10.0.17763.3650"}, "Binary": null}}},
{"TimeGenerated": "2026-01-13T13:56:15.431680Z", "EventID": {"#attributes": {"Qualifiers": 16384}, "#text": 781}, "Computer": "DC01.garfield.htb", "RawEvent": {"#attributes": {"xmlns": "http://schemas.microsoft.com/win/2004/08/events/event"}, "System": {"Provider": {"#attributes": {"Name": "Microsoft-Windows-Complus", "Guid": "{0f177893-4a9c-4709-b921-f432d67f43d5}", "EventSourceName": "COM+"}}, "EventID": {"#attributes": {"Qualifiers": 16384}, "#text": 781}, "Version": 0, "Level": 4, "Task": 0, "Opcode": 0, "Keywords": "0x80000000000000", "TimeCreated": {"#attributes": {"SystemTime": "2026-01-13T13:56:15.431680Z"}}, "EventRecordID": 1284, "Correlation": null, "Execution": {"#attributes": {"ProcessID": 0, "ThreadID": 0}}, "Channel": "Application", "Computer": "DC01.garfield.htb", "Security": null}, "EventData": {"param1": "86400", "param2": "SuppressDuplicateDuration", "param3": "Software\\Microsoft\\COM3\\Eventlog"}}},
{"TimeGenerated": "2026-01-13T13:56:15.446372Z", "EventID": {"#attributes": {"Qualifiers": 0}, "#text": 258}, "Computer": "DC01.garfield.htb", "RawEvent": {"#attributes": {"xmlns": "http://schemas.microsoft.com/win/2004/08/events/event"}, "System": {"Provider": {"#attributes": {"Name": "VMUpgradeHelper"}}, "EventID": {"#attributes": {"Qualifiers": 0}, "#text": 258}, "Level": 4, "Task": 0, "Keywords": "0x80000000000000", "TimeCreated": {"#attributes": {"SystemTime": "2026-01-13T13:56:15.446372Z"}}, "EventRecordID": 1285, "Channel": "Application", "Computer": "DC01.garfield.htb", "Security": null}, "EventData": {"Data": {"#text": ""}, "Binary": null}}},
{"TimeGenerated": "2026-01-13T13:56:15.524661Z", "EventID": {"#attributes": {"Qualifiers": 0}, "#text": 271}, "Computer": "DC01.garfield.htb", "RawEvent": {"#attributes": {"xmlns": "http://schemas.microsoft.com/win/2004/08/events/event"}, "System": {"Provider": {"#attributes": {"Name": "VMUpgradeHelper"}}, "EventID": {"#attributes": {"Qualifiers": 0}, "#text": 271}, "Level": 4, "Task": 0, "Keywords": "0x80000000000000", "TimeCreated": {"#attributes": {"SystemTime": "2026-01-13T13:56:15.524661Z"}}, "EventRecordID": 1286, "Channel": "Application", "Computer": "DC01.garfield.htb", "Security": null}, "EventData": {"Data": {"#text": ""}, "Binary": null}}},
