{"TimeGenerated": "2026-01-27T22:39:45.747061Z", "EventID": {"#attributes": {"Qualifiers": 16384}, "#text": 8230}, "Computer": "DC01.garfield.htb", "RawEvent": {"#attributes": {"xmlns": "http://schemas.microsoft.com/win/2004/08/events/event"}, "System": {"Provider": {"#attributes": {"Name": "Microsoft-Windows-Security-SPP", "Guid": "{E23B33B0-C8C9-472C-A5F9-F2BDFEA0F156}", "EventSourceName": "Software Protection Platform Service"}}, "EventID": {"#attributes": {"Qualifiers": 16384}, "#text": 8230}, "Version": 0, "Level": 4, "Task": 0, "Opcode": 0, "Keywords": "0x80000000000000", "TimeCreated": {"#attributes": {"SystemTime": "2026-01-27T22:39:45.747061Z"}}, "EventRecordID": 1838, "Correlation": null, "Execution": {"#attributes": {"ProcessID": 0, "ThreadID": 0}}, "Channel": "Application", "Computer": "DC01.garfield.htb", "Security": null}, "EventData": {"Data": {"#text": "Security-SPP-Action-StateData (REG_SZ) =AppId=55c92734-d682-4d71-983e-d6ec3f16059f;GraceEndDate=2026/02/09:10:54:45;LastConsumptionReason=0x4004fc04;LastNotificationId=TBLExpiring;LicenseState=SL_LICENSING_STATUS_LICENSED;PartialProductKey=Y7XRX;ProductKeyType=Retail:TB:Eval;SkuId=7783a126-c108-4cf7-b59f-13c78c7a7337;ruleId=17fd3d63-7be4-49b1-8d16-2e0fe9fddbc2;uxDifferentiator=TIMEBASED_EVAL"}, "Binary": null}}},
{"TimeGenerated": "2026-01-27T22:39:45.857262Z", "EventID": {"#attributes": {"Qualifiers": 49152}, "#text": 8197}, "Computer": "DC01.garfield.htb", "RawEvent": {"#attributes": {"xmlns": "http://schemas.microsoft.com/win/2004/08/events/event"}, "System": {"Provider": {"#attributes": {"Name": "Microsoft-Windows-Security-SPP", "Guid": "{E23B33B0-C8C9-472C-A5F9-F2BDFEA0F156}", "EventSourceName": "Software Protection Platform Service"}}, "EventID": {"#attributes": {"Qualifiers": 49152}, "#text": 8197}, "Version": 0, "Level": 4, "Task": 0, "Opcode": 0, "Keywords": "0x80000000000000", "TimeCreated": {"#attributes": {"SystemTime": "2026-01-27T22:39:45.857262Z"}}, "EventRecordID": 1839, "Correlation": null, "Execution": {"#attributes": {"ProcessID": 0, "ThreadID": 0}}, "Channel": "Application", "Computer": "DC01.garfield.htb", "Security": null}, "EventData": {"Data": {"#text": "RuleId=17fd3d63-7be4-49b1-8d16-2e0fe9fddbc2;Action=NotifyUser;AppId=55c92734-d682-4d71-983e-d6ec3f16059f;SkuId=7783a126-c108-4cf7-b59f-13c78c7a7337;NotificationInterval=1440;Trigger=UserLogon;SessionId=5"}, "Binary": null}}},
{"TimeGenerated": "2026-01-27T22:40:16.284916Z", "EventID": {"#attributes": {"Qualifiers": 32768}, "#text": 6000}, "Computer": "DC01.garfield.htb", "RawEvent": {"#attributes": {"xmlns": "http://schemas.microsoft.com/win/2004/08/events/event"}, "System": {"Provider": {"#attributes": {"Name": "Microsoft-Windows-Winlogon", "Guid": "{DBE9B383-7CF3-4331-91CC-A3CB16A3B538}", "EventSourceName": "Wlclntfy"}}, "EventID": {"#attributes": {"Qualifiers": 32768}, "#text": 6000}, "Version": 0, "Level": 4, "Task": 0, "Opcode": 0, "Keywords": "0x80000000000000", "TimeCreated": {"#attributes": {"SystemTime": "2026-01-27T22:40:16.284916Z"}}, "EventRecordID": 1840, "Correlation": null, "Execution": {"#attributes": {"ProcessID": 0, "ThreadID": 0}}, "Channel": "Application", "Computer": "DC01.garfield.htb", "Security": null}, "EventData": {"Data": {"#text": "WSearch"}, "Binary": "D9060000"}}},
{"TimeGenerated": "2026-01-27T22:41:39.977570Z", "EventID": {"#attributes": {"Qualifiers": 16384}, "#text": 9027}, "Computer": "DC01.garfield.htb", "RawEvent": {"#attributes": {"xmlns": "http://schemas.microsoft.com/win/2004/08/events/event"}, "System": {"Provider": {"#attributes": {"Name": "Desktop Window Manager"}}, "EventID": {"#attributes": {"Qualifiers": 16384}, "#text": 9027}, "Level": 4, "Task": 0, "Keywords": "0x80000000000000", "TimeCreated": {"#attributes": {"SystemTime": "2026-01-27T22:41:39.977570Z"}}, "EventRecordID": 1841, "Channel": "Application", "Computer": "DC01.garfield.htb", "Security": null}, "EventData": {"Data": {"#text": ""}, "Binary": null}}},
{"TimeGenerated": "2026-01-27T22:41:41.477506Z", "EventID": {"#attributes": {"Qualifiers": 16384}, "#text": 8230}, "Computer": "DC01.garfield.htb", "RawEvent": {"#attributes": {"xmlns": "http://schemas.microsoft.com/win/2004/08/events/event"}, "System": {"Provider": {"#attributes": {"Name": "Microsoft-Windows-Security-SPP", "Guid": "{E23B33B0-C8C9-472C-A5F9-F2BDFEA0F156}", "EventSourceName": "Software Protection Platform Service"}}, "EventID": {"#attributes": {"Qualifiers": 16384}, "#text": 8230}, "Version": 0, "Level": 4, "Task": 0, "Opcode": 0, "Keywords": "0x80000000000000", "TimeCreated": {"#attributes": {"SystemTime": "2026-01-27T22:41:41.477506Z"}}, "EventRecordID": 1842, "Correlation": null, "Execution": {"#attributes": {"ProcessID": 0, "ThreadID": 0}}, "Channel": "Application", "Computer": "DC01.garfield.htb", "Security": null}, "EventData": {"Data": {"#text": "Security-SPP-Action-StateData (REG_SZ) =AppId=55c92734-d682-4d71-983e-d6ec3f16059f;GraceEndDate=2026/02/09:10:54:41;LastConsumptionReason=0x4004fc04;LastNotificationId=TBLExpiring;LicenseState=SL_LICENSING_STATUS_LICENSED;PartialProductKey=Y7XRX;ProductKeyType=Retail:TB:Eval;SkuId=7783a126-c108-4cf7-b59f-13c78c7a7337;ruleId=17fd3d63-7be4-49b1-8d16-2e0fe9fddbc2;uxDifferentiator=TIMEBASED_EVAL"}, "Binary": null}}},
{"TimeGenerated": "2026-01-27T22:41:41.508758Z", "EventID": {"#attributes": {"Qualifiers": 49152}, "#text": 8197}, "Computer": "DC01.garfield.htb", "RawEvent": {"#attributes": {"xmlns": "http://schemas.microsoft.com/win/2004/08/events/event"}, "System": {"Provider": {"#attributes": {"Name": "Microsoft-Windows-Security-SPP", "Guid": "{E23B33B0-C8C9-472C-A5F9-F2BDFEA0F156}", "EventSourceName": "Software Protection Platform Service"}}, "EventID": {"#attributes": {"Qualifiers": 49152}, "#text": 8197}, "Version": 0, "Level": 4, "Task": 0, "Opcode": 0, "Keywords": "0x80000000000000", "TimeCreated": {"#attributes": {"SystemTime": "2026-01-27T22:41:41.508758Z"}}, "EventRecordID": 1843, "Correlation": null, "Execution": {"#attributes": {"ProcessID": 0, "ThreadID": 0}}, "Channel": "Application", "Computer": "DC01.garfield.htb", "Security": null}, "EventData": {"Data": {"#text": "RuleId=17fd3d63-7be4-49b1-8d16-2e0fe9fddbc2;Action=NotifyUser;AppId=55c92734-d682-4d71-983e-d6ec3f16059f;SkuId=7783a126-c108-4cf7-b59f-13c78c7a7337;NotificationInterval=1440;Trigger=UserLogon;SessionId=6"}, "Binary": null}}},
{"TimeGenerated": "2026-01-27T22:42:12.126408Z", "EventID": {"#attributes": {"Qualifiers": 32768}, "#text": 6000}, "Computer": "DC01.garfield.htb", "RawEvent": {"#attributes": {"xmlns": "http://schemas.microsoft.com/win/2004/08/events/event"}, "System": {"Provider": {"#attributes": {"Name": "Microsoft-Windows-Winlogon", "Guid": "{DBE9B383-7CF3-4331-91CC-A3CB16A3B538}", "EventSourceName": "Wlclntfy"}}, "EventID": {"#attributes": {"Qualifiers": 32768}, "#text": 6000}, "Version": 0, "Level": 4, "Task": 0, "Opcode": 0, "Keywords": "0x80000000000000", "TimeCreated": {"#attributes": {"SystemTime": "2026-01-27T22:42:12.126408Z"}}, "EventRecordID": 1844, "Correlation": null, "Execution": {"#attributes": {"ProcessID": 0, "ThreadID": 0}}, "Channel": "Application", "Computer": "DC01.garfield.htb", "Security": null}, "EventData": {"Data": {"#text": "WSearch"}, "Binary": "D9060000"}}},
{"TimeGenerated": "2026-01-27T22:43:39.969834Z", "EventID": {"#attributes": {"Qualifiers": 16384}, "#text": 9027}, "Computer": "DC01.garfield.htb", "RawEvent": {"#attributes": {"xmlns": "http://schemas.microsoft.com/win/2004/08/events/event"}, "System": {"Provider": {"#attributes": {"Name": "Desktop Window Manager"}}, "EventID": {"#attributes": {"Qualifiers": 16384}, "#text": 9027}, "Level": 4, "Task": 0, "Keywords": "0x80000000000000", "TimeCreated": {"#attributes": {"SystemTime": "2026-01-27T22:43:39.969834Z"}}, "EventRecordID": 1845, "Channel": "Application", "Computer": "DC01.garfield.htb", "Security": null}, "EventData": {"Data": {"#text": ""}, "Binary": null}}},
{"TimeGenerated": "2026-01-27T22:43:41.376085Z", "EventID": {"#attributes": {"Qualifiers": 16384}, "#text": 8230}, "Computer": "DC01.garfield.htb", "RawEvent": {"#attributes": {"xmlns": "http://schemas.microsoft.com/win/2004/08/events/event"}, "System": {"Provider": {"#attributes": {"Name": "Microsoft-Windows-Security-SPP", "Guid": "{E23B33B0-C8C9-472C-A5F9-F2BDFEA0F156}", "EventSourceName": "Software Protection Platform Service"}}, "EventID": {"#attributes": {"Qualifiers": 16384}, "#text": 8230}, "Version": 0, "Level": 4, "Task": 0, "Opcode": 0, "Keywords": "0x80000000000000", "TimeCreated": {"#attributes": {"SystemTime": "2026-01-27T22:43:41.376085Z"}}, "EventRecordID": 1846, "Correlation": null, "Execution": {"#attributes": {"ProcessID": 0, "ThreadID": 0}}, "Channel": "Application", "Computer": "DC01.garfield.htb", "Security": null}, "EventData": {"Data": {"#text": "Security-SPP-Action-StateData (REG_SZ) =AppId=55c92734-d682-4d71-983e-d6ec3f16059f;GraceEndDate=2026/02/09:10:54:41;LastConsumptionReason=0x4004fc04;LastNotificationId=TBLExpiring;LicenseState=SL_LICENSING_STATUS_LICENSED;PartialProductKey=Y7XRX;ProductKeyType=Retail:TB:Eval;SkuId=7783a126-c108-4cf7-b59f-13c78c7a7337;ruleId=17fd3d63-7be4-49b1-8d16-2e0fe9fddbc2;uxDifferentiator=TIMEBASED_EVAL"}, "Binary": null}}},
{"TimeGenerated": "2026-01-27T22:43:41.422963Z", "EventID": {"#attributes": {"Qualifiers": 49152}, "#text": 8197}, "Computer": "DC01.garfield.htb", "RawEvent": {"#attributes": {"xmlns": "http://schemas.microsoft.com/win/2004/08/events/event"}, "System": {"Provider": {"#attributes": {"Name": "Microsoft-Windows-Security-SPP", "Guid": "{E23B33B0-C8C9-472C-A5F9-F2BDFEA0F156}", "EventSourceName": "Software Protection Platform Service"}}, "EventID": {"#attributes": {"Qualifiers": 49152}, "#text": 8197}, "Version": 0, "Level": 4, "Task": 0, "Opcode": 0, "Keywords": "0x80000000000000", "TimeCreated": {"#attributes": {"SystemTime": "2026-01-27T22:43:41.422963Z"}}, "EventRecordID": 1847, "Correlation": null, "Execution": {"#attributes": {"ProcessID": 0, "ThreadID": 0}}, "Channel": "Application", "Computer": "DC01.garfield.htb", "Security": null}, "EventData": {"Data": {"#text": "RuleId=17fd3d63-7be4-49b1-8d16-2e0fe9fddbc2;Action=NotifyUser;AppId=55c92734-d682-4d71-983e-d6ec3f16059f;SkuId=7783a126-c108-4cf7-b59f-13c78c7a7337;NotificationInterval=1440;Trigger=UserLogon;SessionId=2"}, "Binary": null}}},
{"TimeGenerated": "2026-01-27T22:44:12.115503Z", "EventID": {"#attributes": {"Qualifiers": 32768}, "#text": 6000}, "Computer": "DC01.garfield.htb", "RawEvent": {"#attributes": {"xmlns": "http://schemas.microsoft.com/win/2004/08/events/event"}, "System": {"Provider": {"#attributes": {"Name": "Microsoft-Windows-Winlogon", "Guid": "{DBE9B383-7CF3-4331-91CC-A3CB16A3B538}", "EventSourceName": "Wlclntfy"}}, "EventID": {"#attributes": {"Qualifiers": 32768}, "#text": 6000}, "Version": 0, "Level": 4, "Task": 0, "Opcode": 0, "Keywords": "0x80000000000000", "TimeCreated": {"#attributes": {"SystemTime": "2026-01-27T22:44:12.115503Z"}}, "EventRecordID": 1848, "Correlation": null, "Execution": {"#attributes": {"ProcessID": 0, "ThreadID": 0}}, "Channel": "Application", "Computer": "DC01.garfield.htb", "Security": null}, "EventData": {"Data": {"#text": "WSearch"}, "Binary": "D9060000"}}},
{"TimeGenerated": "2026-01-27T22:45:40.675434Z", "EventID": {"#attributes": {"Qualifiers": 16384}, "#text": 9027}, "Computer": "DC01.garfield.htb", "RawEvent": {"#attributes": {"xmlns": "http://schemas.microsoft.com/win/2004/08/events/event"}, "System": {"Provider": {"#attributes": {"Name": "Desktop Window Manager"}}, "EventID": {"#attributes": {"Qualifiers": 16384}, "#text": 9027}, "Level": 4, "Task": 0, "Keywords": "0x80000000000000", "TimeCreated": {"#attributes": {"SystemTime": "2026-01-27T22:45:40.675434Z"}}, "EventRecordID": 1849, "Channel": "Application", "Computer": "DC01.garfield.htb", "Security": null}, "EventData": {"Data": {"#text": ""}, "Binary": null}}},
{"TimeGenerated": "2026-01-27T22:45:41.987486Z", "EventID": {"#attributes": {"Qualifiers": 16384}, "#text": 8230}, "Computer": "DC01.garfield.htb", "RawEvent": {"#attributes": {"xmlns": "http://schemas.microsoft.com/win/2004/08/events/event"}, "System": {"Provider": {"#attributes": {"Name": "Microsoft-Windows-Security-SPP", "Guid": "{E23B33B0-C8C9-472C-A5F9-F2BDFEA0F156}", "EventSourceName": "Software Protection Platform Service"}}, "EventID": {"#attributes": {"Qualifiers": 16384}, "#text": 8230}, "Version": 0, "Level": 4, "Task": 0, "Opcode": 0, "Keywords": "0x80000000000000", "TimeCreated": {"#attributes": {"SystemTime": "2026-01-27T22:45:41.987486Z"}}, "EventRecordID": 1850, "Correlation": null, "Execution": {"#attributes": {"ProcessID": 0, "ThreadID": 0}}, "Channel": "Application", "Computer": "DC01.garfield.htb", "Security": null}, "EventData": {"Data": {"#text": "Security-SPP-Action-StateData (REG_SZ) =AppId=55c92734-d682-4d71-983e-d6ec3f16059f;GraceEndDate=2026/02/09:10:54:41;LastConsumptionReason=0x4004fc04;LastNotificationId=TBLExpiring;LicenseState=SL_LICENSING_STATUS_LICENSED;PartialProductKey=Y7XRX;ProductKeyType=Retail:TB:Eval;SkuId=7783a126-c108-4cf7-b59f-13c78c7a7337;ruleId=17fd3d63-7be4-49b1-8d16-2e0fe9fddbc2;uxDifferentiator=TIMEBASED_EVAL"}, "Binary": null}}},
{"TimeGenerated": "2026-01-27T22:45:42.018926Z", "EventID": {"#attributes": {"Qualifiers": 49152}, "#text": 8197}, "Computer": "DC01.garfield.htb", "RawEvent": {"#attributes": {"xmlns": "http://schemas.microsoft.com/win/2004/08/events/event"}, "System": {"Provider": {"#attributes": {"Name": "Microsoft-Windows-Security-SPP", "Guid": "{E23B33B0-C8C9-472C-A5F9-F2BDFEA0F156}", "EventSourceName": "Software Protection Platform Service"}}, "EventID": {"#attributes": {"Qualifiers": 49152}, "#text": 8197}, "Version": 0, "Level": 4, "Task": 0, "Opcode": 0, "Keywords": "0x80000000000000", "TimeCreated": {"#attributes": {"SystemTime": "2026-01-27T22:45:42.018926Z"}}, "EventRecordID": 1851, "Correlation": null, "Execution": {"#attributes": {"ProcessID": 0, "ThreadID": 0}}, "Channel": "Application", "Computer": "DC01.garfield.htb", "Security": null}, "EventData": {"Data": {"#text": "RuleId=17fd3d63-7be4-49b1-8d16-2e0fe9fddbc2;Action=NotifyUser;AppId=55c92734-d682-4d71-983e-d6ec3f16059f;SkuId=7783a126-c108-4cf7-b59f-13c78c7a7337;NotificationInterval=1440;Trigger=UserLogon;SessionId=3"}, "Binary": null}}},
{"TimeGenerated": "2026-01-27T22:46:12.106425Z", "EventID": {"#attributes": {"Qualifiers": 32768}, "#text": 6000}, "Computer": "DC01.garfield.htb", "RawEvent": {"#attributes": {"xmlns": "http://schemas.microsoft.com/win/2004/08/events/event"}, "System": {"Provider": {"#attributes": {"Name": "Microsoft-Windows-Winlogon", "Guid": "{DBE9B383-7CF3-4331-91CC-A3CB16A3B538}", "EventSourceName": "Wlclntfy"}}, "EventID": {"#attributes": {"Qualifiers": 32768}, "#text": 6000}, "Version": 0, "Level": 4, "Task": 0, "Opcode": 0, "Keywords": "0x80000000000000", "TimeCreated": {"#attributes": {"SystemTime": "2026-01-27T22:46:12.106425Z"}}, "EventRecordID": 1852, "Correlation": null, "Execution": {"#attributes": {"ProcessID": 0, "ThreadID": 0}}, "Channel": "Application", "Computer": "DC01.garfield.htb", "Security": null}, "EventData": {"Data": {"#text": "WSearch"}, "Binary": "D9060000"}}},
{"TimeGenerated": "2026-01-27T22:47:40.378482Z", "EventID": {"#attributes": {"Qualifiers": 16384}, "#text": 9027}, "Computer": "DC01.garfield.htb", "RawEvent": {"#attributes": {"xmlns": "http://schemas.microsoft.com/win/2004/08/events/event"}, "System": {"Provider": {"#attributes": {"Name": "Desktop Window Manager"}}, "EventID": {"#attributes": {"Qualifiers": 16384}, "#text": 9027}, "Level": 4, "Task": 0, "Keywords": "0x80000000000000", "TimeCreated": {"#attributes": {"SystemTime": "2026-01-27T22:47:40.378482Z"}}, "EventRecordID": 1853, "Channel": "Application", "Computer": "DC01.garfield.htb", "Security": null}, "EventData": {"Data": {"#text": ""}, "Binary": null}}},
{"TimeGenerated": "2026-01-27T22:47:41.815779Z", "EventID": {"#attributes": {"Qualifiers": 16384}, "#text": 8230}, "Computer": "DC01.garfield.htb", "RawEvent": {"#attributes": {"xmlns": "http://schemas.microsoft.com/win/2004/08/events/event"}, "System": {"Provider": {"#attributes": {"Name": "Microsoft-Windows-Security-SPP", "Guid": "{E23B33B0-C8C9-472C-A5F9-F2BDFEA0F156}", "EventSourceName": "Software Protection Platform Service"}}, "EventID": {"#attributes": {"Qualifiers": 16384}, "#text": 8230}, "Version": 0, "Level": 4, "Task": 0, "Opcode": 0, "Keywords": "0x80000000000000", "TimeCreated": {"#attributes": {"SystemTime": "2026-01-27T22:47:41.815779Z"}}, "EventRecordID": 1854, "Correlation": null, "Execution": {"#attributes": {"ProcessID": 0, "ThreadID": 0}}, "Channel": "Application", "Computer": "DC01.garfield.htb", "Security": null}, "EventData": {"Data": {"#text": "Security-SPP-Action-StateData (REG_SZ) =AppId=55c92734-d682-4d71-983e-d6ec3f16059f;GraceEndDate=2026/02/09:10:54:41;LastConsumptionReason=0x4004fc04;LastNotificationId=TBLExpiring;LicenseState=SL_LICENSING_STATUS_LICENSED;PartialProductKey=Y7XRX;ProductKeyType=Retail:TB:Eval;SkuId=7783a126-c108-4cf7-b59f-13c78c7a7337;ruleId=17fd3d63-7be4-49b1-8d16-2e0fe9fddbc2;uxDifferentiator=TIMEBASED_EVAL"}, "Binary": null}}},
{"TimeGenerated": "2026-01-27T22:47:41.847029Z", "EventID": {"#attributes": {"Qualifiers": 49152}, "#text": 8197}, "Computer": "DC01.garfield.htb", "RawEvent": {"#attributes": {"xmlns": "http://schemas.microsoft.com/win/2004/08/events/event"}, "System": {"Provider": {"#attributes": {"Name": "Microsoft-Windows-Security-SPP", "Guid": "{E23B33B0-C8C9-472C-A5F9-F2BDFEA0F156}", "EventSourceName": "Software Protection Platform Service"}}, "EventID": {"#attributes": {"Qualifiers": 49152}, "#text": 8197}, "Version": 0, "Level": 4, "Task": 0, "Opcode": 0, "Keywords": "0x80000000000000", "TimeCreated": {"#attributes": {"SystemTime": "2026-01-27T22:47:41.847029Z"}}, "EventRecordID": 1855, "Correlation": null, "Execution": {"#attributes": {"ProcessID": 0, "ThreadID": 0}}, "Channel": "Application", "Computer": "DC01.garfield.htb", "Security": null}, "EventData": {"Data": {"#text": "RuleId=17fd3d63-7be4-49b1-8d16-2e0fe9fddbc2;Action=NotifyUser;AppId=55c92734-d682-4d71-983e-d6ec3f16059f;SkuId=7783a126-c108-4cf7-b59f-13c78c7a7337;NotificationInterval=1440;Trigger=UserLogon;SessionId=7"}, "Binary": null}}},
{"TimeGenerated": "2026-01-27T22:48:12.514615Z", "EventID": {"#attributes": {"Qualifiers": 32768}, "#text": 6000}, "Computer": "DC01.garfield.htb", "RawEvent": {"#attributes": {"xmlns": "http://schemas.microsoft.com/win/2004/08/events/event"}, "System": {"Provider": {"#attributes": {"Name": "Microsoft-Windows-Winlogon", "Guid": "{DBE9B383-7CF3-4331-91CC-A3CB16A3B538}", "EventSourceName": "Wlclntfy"}}, "EventID": {"#attributes": {"Qualifiers": 32768}, "#text": 6000}, "Version": 0, "Level": 4, "Task": 0, "Opcode": 0, "Keywords": "0x80000000000000", "TimeCreated": {"#attributes": {"SystemTime": "2026-01-27T22:48:12.514615Z"}}, "EventRecordID": 1856, "Correlation": null, "Execution": {"#attributes": {"ProcessID": 0, "ThreadID": 0}}, "Channel": "Application", "Computer": "DC01.garfield.htb", "Security": null}, "EventData": {"Data": {"#text": "WSearch"}, "Binary": "D9060000"}}},
{"TimeGenerated": "2026-01-27T22:49:40.300639Z", "EventID": {"#attributes": {"Qualifiers": 16384}, "#text": 9027}, "Computer": "DC01.garfield.htb", "RawEvent": {"#attributes": {"xmlns": "http://schemas.microsoft.com/win/2004/08/events/event"}, "System": {"Provider": {"#attributes": {"Name": "Desktop Window Manager"}}, "EventID": {"#attributes": {"Qualifiers": 16384}, "#text": 9027}, "Level": 4, "Task": 0, "Keywords": "0x80000000000000", "TimeCreated": {"#attributes": {"SystemTime": "2026-01-27T22:49:40.300639Z"}}, "EventRecordID": 1857, "Channel": "Application", "Computer": "DC01.garfield.htb", "Security": null}, "EventData": {"Data": {"#text": ""}, "Binary": null}}},
{"TimeGenerated": "2026-01-27T22:49:41.722496Z", "EventID": {"#attributes": {"Qualifiers": 16384}, "#text": 8230}, "Computer": "DC01.garfield.htb", "RawEvent": {"#attributes": {"xmlns": "http://schemas.microsoft.com/win/2004/08/events/event"}, "System": {"Provider": {"#attributes": {"Name": "Microsoft-Windows-Security-SPP", "Guid": "{E23B33B0-C8C9-472C-A5F9-F2BDFEA0F156}", "EventSourceName": "Software Protection Platform Service"}}, "EventID": {"#attributes": {"Qualifiers": 16384}, "#text": 8230}, "Version": 0, "Level": 4, "Task": 0, "Opcode": 0, "Keywords": "0x80000000000000", "TimeCreated": {"#attributes": {"SystemTime": "2026-01-27T22:49:41.722496Z"}}, "EventRecordID": 1858, "Correlation": null, "Execution": {"#attributes": {"ProcessID": 0, "ThreadID": 0}}, "Channel": "Application", "Computer": "DC01.garfield.htb", "Security": null}, "EventData": {"Data": {"#text": "Security-SPP-Action-StateData (REG_SZ) =AppId=55c92734-d682-4d71-983e-d6ec3f16059f;GraceEndDate=2026/02/09:10:54:41;LastConsumptionReason=0x4004fc04;LastNotificationId=TBLExpiring;LicenseState=SL_LICENSING_STATUS_LICENSED;PartialProductKey=Y7XRX;ProductKeyType=Retail:TB:Eval;SkuId=7783a126-c108-4cf7-b59f-13c78c7a7337;ruleId=17fd3d63-7be4-49b1-8d16-2e0fe9fddbc2;uxDifferentiator=TIMEBASED_EVAL"}, "Binary": null}}},
{"TimeGenerated": "2026-01-27T22:49:41.769373Z", "EventID": {"#attributes": {"Qualifiers": 49152}, "#text": 8197}, "Computer": "DC01.garfield.htb", "RawEvent": {"#attributes": {"xmlns": "http://schemas.microsoft.com/win/2004/08/events/event"}, "System": {"Provider": {"#attributes": {"Name": "Microsoft-Windows-Security-SPP", "Guid": "{E23B33B0-C8C9-472C-A5F9-F2BDFEA0F156}", "EventSourceName": "Software Protection Platform Service"}}, "EventID": {"#attributes": {"Qualifiers": 49152}, "#text": 8197}, "Version": 0, "Level": 4, "Task": 0, "Opcode": 0, "Keywords": "0x80000000000000", "TimeCreated": {"#attributes": {"SystemTime": "2026-01-27T22:49:41.769373Z"}}, "EventRecordID": 1859, "Correlation": null, "Execution": {"#attributes": {"ProcessID": 0, "ThreadID": 0}}, "Channel": "Application", "Computer": "DC01.garfield.htb", "Security": null}, "EventData": {"Data": {"#text": "RuleId=17fd3d63-7be4-49b1-8d16-2e0fe9fddbc2;Action=NotifyUser;AppId=55c92734-d682-4d71-983e-d6ec3f16059f;SkuId=7783a126-c108-4cf7-b59f-13c78c7a7337;NotificationInterval=1440;Trigger=UserLogon;SessionId=8"}, "Binary": null}}},
{"TimeGenerated": "2026-01-27T22:50:12.302339Z", "EventID": {"#attributes": {"Qualifiers": 32768}, "#text": 6000}, "Computer": "DC01.garfield.htb", "RawEvent": {"#attributes": {"xmlns": "http://schemas.microsoft.com/win/2004/08/events/event"}, "System": {"Provider": {"#attributes": {"Name": "Microsoft-Windows-Winlogon", "Guid": "{DBE9B383-7CF3-4331-91CC-A3CB16A3B538}", "EventSourceName": "Wlclntfy"}}, "EventID": {"#attributes": {"Qualifiers": 32768}, "#text": 6000}, "Version": 0, "Level": 4, "Task": 0, "Opcode": 0, "Keywords": "0x80000000000000", "TimeCreated": {"#attributes": {"SystemTime": "2026-01-27T22:50:12.302339Z"}}, "EventRecordID": 1860, "Correlation": null, "Execution": {"#attributes": {"ProcessID": 0, "ThreadID": 0}}, "Channel": "Application", "Computer": "DC01.garfield.htb", "Security": null}, "EventData": {"Data": {"#text": "WSearch"}, "Binary": "D9060000"}}},
{"TimeGenerated": "2026-01-27T22:51:41.056522Z", "EventID": {"#attributes": {"Qualifiers": 16384}, "#text": 9027}, "Computer": "DC01.garfield.htb", "RawEvent": {"#attributes": {"xmlns": "http://schemas.microsoft.com/win/2004/08/events/event"}, "System": {"Provider": {"#attributes": {"Name": "Desktop Window Manager"}}, "EventID": {"#attributes": {"Qualifiers": 16384}, "#text": 9027}, "Level": 4, "Task": 0, "Keywords": "0x80000000000000", "TimeCreated": {"#attributes": {"SystemTime": "2026-01-27T22:51:41.056522Z"}}, "EventRecordID": 1861, "Channel": "Application", "Computer": "DC01.garfield.htb", "Security": null}, "EventData": {"Data": {"#text": ""}, "Binary": null}}},
{"TimeGenerated": "2026-01-27T22:51:42.447143Z", "EventID": {"#attributes": {"Qualifiers": 16384}, "#text": 8230}, "Computer": "DC01.garfield.htb", "RawEvent": {"#attributes": {"xmlns": "http://schemas.microsoft.com/win/2004/08/events/event"}, "System": {"Provider": {"#attributes": {"Name": "Microsoft-Windows-Security-SPP", "Guid": "{E23B33B0-C8C9-472C-A5F9-F2BDFEA0F156}", "EventSourceName": "Software Protection Platform Service"}}, "EventID": {"#attributes": {"Qualifiers": 16384}, "#text": 8230}, "Version": 0, "Level": 4, "Task": 0, "Opcode": 0, "Keywords": "0x80000000000000", "TimeCreated": {"#attributes": {"SystemTime": "2026-01-27T22:51:42.447143Z"}}, "EventRecordID": 1862, "Correlation": null, "Execution": {"#attributes": {"ProcessID": 0, "ThreadID": 0}}, "Channel": "Application", "Computer": "DC01.garfield.htb", "Security": null}, "EventData": {"Data": {"#text": "Security-SPP-Action-StateData (REG_SZ) =AppId=55c92734-d682-4d71-983e-d6ec3f16059f;GraceEndDate=2026/02/09:10:54:42;LastConsumptionReason=0x4004fc04;LastNotificationId=TBLExpiring;LicenseState=SL_LICENSING_STATUS_LICENSED;PartialProductKey=Y7XRX;ProductKeyType=Retail:TB:Eval;SkuId=7783a126-c108-4cf7-b59f-13c78c7a7337;ruleId=17fd3d63-7be4-49b1-8d16-2e0fe9fddbc2;uxDifferentiator=TIMEBASED_EVAL"}, "Binary": null}}},
{"TimeGenerated": "2026-01-27T22:51:42.478396Z", "EventID": {"#attributes": {"Qualifiers": 49152}, "#text": 8197}, "Computer": "DC01.garfield.htb", "RawEvent": {"#attributes": {"xmlns": "http://schemas.microsoft.com/win/2004/08/events/event"}, "System": {"Provider": {"#attributes": {"Name": "Microsoft-Windows-Security-SPP", "Guid": "{E23B33B0-C8C9-472C-A5F9-F2BDFEA0F156}", "EventSourceName": "Software Protection Platform Service"}}, "EventID": {"#attributes": {"Qualifiers": 49152}, "#text": 8197}, "Version": 0, "Level": 4, "Task": 0, "Opcode": 0, "Keywords": "0x80000000000000", "TimeCreated": {"#attributes": {"SystemTime": "2026-01-27T22:51:42.478396Z"}}, "EventRecordID": 1863, "Correlation": null, "Execution": {"#attributes": {"ProcessID": 0, "ThreadID": 0}}, "Channel": "Application", "Computer": "DC01.garfield.htb", "Security": null}, "EventData": {"Data": {"#text": "RuleId=17fd3d63-7be4-49b1-8d16-2e0fe9fddbc2;Action=NotifyUser;AppId=55c92734-d682-4d71-983e-d6ec3f16059f;SkuId=7783a126-c108-4cf7-b59f-13c78c7a7337;NotificationInterval=1440;Trigger=UserLogon;SessionId=4"}, "Binary": null}}},
{"TimeGenerated": "2026-01-27T22:52:13.186739Z", "EventID": {"#attributes": {"Qualifiers": 32768}, "#text": 6000}, "Computer": "DC01.garfield.htb", "RawEvent": {"#attributes": {"xmlns": "http://schemas.microsoft.com/win/2004/08/events/event"}, "System": {"Provider": {"#attributes": {"Name": "Microsoft-Windows-Winlogon", "Guid": "{DBE9B383-7CF3-4331-91CC-A3CB16A3B538}", "EventSourceName": "Wlclntfy"}}, "EventID": {"#attributes": {"Qualifiers": 32768}, "#text": 6000}, "Version": 0, "Level": 4, "Task": 0, "Opcode": 0, "Keywords": "0x80000000000000", "TimeCreated": {"#attributes": {"SystemTime": "2026-01-27T22:52:13.186739Z"}}, "EventRecordID": 1864, "Correlation": null, "Execution": {"#attributes": {"ProcessID": 0, "ThreadID": 0}}, "Channel": "Application", "Computer": "DC01.garfield.htb", "Security": null}, "EventData": {"Data": {"#text": "WSearch"}, "Binary": "D9060000"}}},
{"TimeGenerated": "2026-01-27T22:53:40.862070Z", "EventID": {"#attributes": {"Qualifiers": 16384}, "#text": 9027}, "Computer": "DC01.garfield.htb", "RawEvent": {"#attributes": {"xmlns": "http://schemas.microsoft.com/win/2004/08/events/event"}, "System": {"Provider": {"#attributes": {"Name": "Desktop Window Manager"}}, "EventID": {"#attributes": {"Qualifiers": 16384}, "#text": 9027}, "Level": 4, "Task": 0, "Keywords": "0x80000000000000", "TimeCreated": {"#attributes": {"SystemTime": "2026-01-27T22:53:40.862070Z"}}, "EventRecordID": 1865, "Channel": "Application", "Computer": "DC01.garfield.htb", "Security": null}, "EventData": {"Data": {"#text": ""}, "Binary": null}}},
{"TimeGenerated": "2026-01-27T22:53:42.080812Z", "EventID": {"#attributes": {"Qualifiers": 16384}, "#text": 8230}, "Computer": "DC01.garfield.htb", "RawEvent": {"#attributes": {"xmlns": "http://schemas.microsoft.com/win/2004/08/events/event"}, "System": {"Provider": {"#attributes": {"Name": "Microsoft-Windows-Security-SPP", "Guid": "{E23B33B0-C8C9-472C-A5F9-F2BDFEA0F156}", "EventSourceName": "Software Protection Platform Service"}}, "EventID": {"#attributes": {"Qualifiers": 16384}, "#text": 8230}, "Version": 0, "Level": 4, "Task": 0, "Opcode": 0, "Keywords": "0x80000000000000", "TimeCreated": {"#attributes": {"SystemTime": "2026-01-27T22:53:42.080812Z"}}, "EventRecordID": 1866, "Correlation": null, "Execution": {"#attributes": {"ProcessID": 0, "ThreadID": 0}}, "Channel": "Application", "Computer": "DC01.garfield.htb", "Security": null}, "EventData": {"Data": {"#text": "Security-SPP-Action-StateData (REG_SZ) =AppId=55c92734-d682-4d71-983e-d6ec3f16059f;GraceEndDate=2026/02/09:10:54:41;LastConsumptionReason=0x4004fc04;LastNotificationId=TBLExpiring;LicenseState=SL_LICENSING_STATUS_LICENSED;PartialProductKey=Y7XRX;ProductKeyType=Retail:TB:Eval;SkuId=7783a126-c108-4cf7-b59f-13c78c7a7337;ruleId=17fd3d63-7be4-49b1-8d16-2e0fe9fddbc2;uxDifferentiator=TIMEBASED_EVAL"}, "Binary": null}}},
{"TimeGenerated": "2026-01-27T22:53:42.127672Z", "EventID": {"#attributes": {"Qualifiers": 49152}, "#text": 8197}, "Computer": "DC01.garfield.htb", "RawEvent": {"#attributes": {"xmlns": "http://schemas.microsoft.com/win/2004/08/events/event"}, "System": {"Provider": {"#attributes": {"Name": "Microsoft-Windows-Security-SPP", "Guid": "{E23B33B0-C8C9-472C-A5F9-F2BDFEA0F156}", "EventSourceName": "Software Protection Platform Service"}}, "EventID": {"#attributes": {"Qualifiers": 49152}, "#text": 8197}, "Version": 0, "Level": 4, "Task": 0, "Opcode": 0, "Keywords": "0x80000000000000", "TimeCreated": {"#attributes": {"SystemTime": "2026-01-27T22:53:42.127672Z"}}, "EventRecordID": 1867, "Correlation": null, "Execution": {"#attributes": {"ProcessID": 0, "ThreadID": 0}}, "Channel": "Application", "Computer": "DC01.garfield.htb", "Security": null}, "EventData": {"Data": {"#text": "RuleId=17fd3d63-7be4-49b1-8d16-2e0fe9fddbc2;Action=NotifyUser;AppId=55c92734-d682-4d71-983e-d6ec3f16059f;SkuId=7783a126-c108-4cf7-b59f-13c78c7a7337;NotificationInterval=1440;Trigger=UserLogon;SessionId=2"}, "Binary": null}}},
{"TimeGenerated": "2026-01-27T22:54:13.070339Z", "EventID": {"#attributes": {"Qualifiers": 32768}, "#text": 6000}, "Computer": "DC01.garfield.htb", "RawEvent": {"#attributes": {"xmlns": "http://schemas.microsoft.com/win/2004/08/events/event"}, "System": {"Provider": {"#attributes": {"Name": "Microsoft-Windows-Winlogon", "Guid": "{DBE9B383-7CF3-4331-91CC-A3CB16A3B538}", "EventSourceName": "Wlclntfy"}}, "EventID": {"#attributes": {"Qualifiers": 32768}, "#text": 6000}, "Version": 0, "Level": 4, "Task": 0, "Opcode": 0, "Keywords": "0x80000000000000", "TimeCreated": {"#attributes": {"SystemTime": "2026-01-27T22:54:13.070339Z"}}, "EventRecordID": 1868, "Correlation": null, "Execution": {"#attributes": {"ProcessID": 0, "ThreadID": 0}}, "Channel": "Application", "Computer": "DC01.garfield.htb", "Security": null}, "EventData": {"Data": {"#text": "WSearch"}, "Binary": "D9060000"}}},
{"TimeGenerated": "2026-01-27T22:55:40.744344Z", "EventID": {"#attributes": {"Qualifiers": 16384}, "#text": 9027}, "Computer": "DC01.garfield.htb", "RawEvent": {"#attributes": {"xmlns": "http://schemas.microsoft.com/win/2004/08/events/event"}, "System": {"Provider": {"#attributes": {"Name": "Desktop Window Manager"}}, "EventID": {"#attributes": {"Qualifiers": 16384}, "#text": 9027}, "Level": 4, "Task": 0, "Keywords": "0x80000000000000", "TimeCreated": {"#attributes": {"SystemTime": "2026-01-27T22:55:40.744344Z"}}, "EventRecordID": 1869, "Channel": "Application", "Computer": "DC01.garfield.htb", "Security": null}, "EventData": {"Data": {"#text": ""}, "Binary": null}}},
{"TimeGenerated": "2026-01-27T22:55:41.869343Z", "EventID": {"#attributes": {"Qualifiers": 16384}, "#text": 8230}, "Computer": "DC01.garfield.htb", "RawEvent": {"#attributes": {"xmlns": "http://schemas.microsoft.com/win/2004/08/events/event"}, "System": {"Provider": {"#attributes": {"Name": "Microsoft-Windows-Security-SPP", "Guid": "{E23B33B0-C8C9-472C-A5F9-F2BDFEA0F156}", "EventSourceName": "Software Protection Platform Service"}}, "EventID": {"#attributes": {"Qualifiers": 16384}, "#text": 8230}, "Version": 0, "Level": 4, "Task": 0, "Opcode": 0, "Keywords": "0x80000000000000", "TimeCreated": {"#attributes": {"SystemTime": "2026-01-27T22:55:41.869343Z"}}, "EventRecordID": 1870, "Correlation": null, "Execution": {"#attributes": {"ProcessID": 0, "ThreadID": 0}}, "Channel": "Application", "Computer": "DC01.garfield.htb", "Security": null}, "EventData": {"Data": {"#text": "Security-SPP-Action-StateData (REG_SZ) =AppId=55c92734-d682-4d71-983e-d6ec3f16059f;GraceEndDate=2026/02/09:10:54:41;LastConsumptionReason=0x4004fc04;LastNotificationId=TBLExpiring;LicenseState=SL_LICENSING_STATUS_LICENSED;PartialProductKey=Y7XRX;ProductKeyType=Retail:TB:Eval;SkuId=7783a126-c108-4cf7-b59f-13c78c7a7337;ruleId=17fd3d63-7be4-49b1-8d16-2e0fe9fddbc2;uxDifferentiator=TIMEBASED_EVAL"}, "Binary": null}}},
{"TimeGenerated": "2026-01-27T22:55:41.900582Z", "EventID": {"#attributes": {"Qualifiers": 49152}, "#text": 8197}, "Computer": "DC01.garfield.htb", "RawEvent": {"#attributes": {"xmlns": "http://schemas.microsoft.com/win/2004/08/events/event"}, "System": {"Provider": {"#attributes": {"Name": "Microsoft-Windows-Security-SPP", "Guid": "{E23B33B0-C8C9-472C-A5F9-F2BDFEA0F156}", "EventSourceName": "Software Protection Platform Service"}}, "EventID": {"#attributes": {"Qualifiers": 49152}, "#text": 8197}, "Version": 0, "Level": 4, "Task": 0, "Opcode": 0, "Keywords": "0x80000000000000", "TimeCreated": {"#attributes": {"SystemTime": "2026-01-27T22:55:41.900582Z"}}, "EventRecordID": 1871, "Correlation": null, "Execution": {"#attributes": {"ProcessID": 0, "ThreadID": 0}}, "Channel": "Application", "Computer": "DC01.garfield.htb", "Security": null}, "EventData": {"Data": {"#text": "RuleId=17fd3d63-7be4-49b1-8d16-2e0fe9fddbc2;Action=NotifyUser;AppId=55c92734-d682-4d71-983e-d6ec3f16059f;SkuId=7783a126-c108-4cf7-b59f-13c78c7a7337;NotificationInterval=1440;Trigger=UserLogon;SessionId=3"}, "Binary": null}}},
{"TimeGenerated": "2026-01-27T22:56:12.754118Z", "EventID": {"#attributes": {"Qualifiers": 32768}, "#text": 6000}, "Computer": "DC01.garfield.htb", "RawEvent": {"#attributes": {"xmlns": "http://schemas.microsoft.com/win/2004/08/events/event"}, "System": {"Provider": {"#attributes": {"Name": "Microsoft-Windows-Winlogon", "Guid": "{DBE9B383-7CF3-4331-91CC-A3CB16A3B538}", "EventSourceName": "Wlclntfy"}}, "EventID": {"#attributes": {"Qualifiers": 32768}, "#text": 6000}, "Version": 0, "Level": 4, "Task": 0, "Opcode": 0, "Keywords": "0x80000000000000", "TimeCreated": {"#attributes": {"SystemTime": "2026-01-27T22:56:12.754118Z"}}, "EventRecordID": 1872, "Correlation": null, "Execution": {"#attributes": {"ProcessID": 0, "ThreadID": 0}}, "Channel": "Application", "Computer": "DC01.garfield.htb", "Security": null}, "EventData": {"Data": {"#text": "WSearch"}, "Binary": "D9060000"}}},
{"TimeGenerated": "2026-01-27T22:57:40.581944Z", "EventID": {"#attributes": {"Qualifiers": 16384}, "#text": 9027}, "Computer": "DC01.garfield.htb", "RawEvent": {"#attributes": {"xmlns": "http://schemas.microsoft.com/win/2004/08/events/event"}, "System": {"Provider": {"#attributes": {"Name": "Desktop Window Manager"}}, "EventID": {"#attributes": {"Qualifiers": 16384}, "#text": 9027}, "Level": 4, "Task": 0, "Keywords": "0x80000000000000", "TimeCreated": {"#attributes": {"SystemTime": "2026-01-27T22:57:40.581944Z"}}, "EventRecordID": 1873, "Channel": "Application", "Computer": "DC01.garfield.htb", "Security": null}, "EventData": {"Data": {"#text": ""}, "Binary": null}}},
{"TimeGenerated": "2026-01-27T22:57:42.128799Z", "EventID": {"#attributes": {"Qualifiers": 16384}, "#text": 8230}, "Computer": "DC01.garfield.htb", "RawEvent": {"#attributes": {"xmlns": "http://schemas.microsoft.com/win/2004/08/events/event"}, "System": {"Provider": {"#attributes": {"Name": "Microsoft-Windows-Security-SPP", "Guid": "{E23B33B0-C8C9-472C-A5F9-F2BDFEA0F156}", "EventSourceName": "Software Protection Platform Service"}}, "EventID": {"#attributes": {"Qualifiers": 16384}, "#text": 8230}, "Version": 0, "Level": 4, "Task": 0, "Opcode": 0, "Keywords": "0x80000000000000", "TimeCreated": {"#attributes": {"SystemTime": "2026-01-27T22:57:42.128799Z"}}, "EventRecordID": 1874, "Correlation": null, "Execution": {"#attributes": {"ProcessID": 0, "ThreadID": 0}}, "Channel": "Application", "Computer": "DC01.garfield.htb", "Security": null}, "EventData": {"Data": {"#text": "Security-SPP-Action-StateData (REG_SZ) =AppId=55c92734-d682-4d71-983e-d6ec3f16059f;GraceEndDate=2026/02/09:10:54:41;LastConsumptionReason=0x4004fc04;LastNotificationId=TBLExpiring;LicenseState=SL_LICENSING_STATUS_LICENSED;PartialProductKey=Y7XRX;ProductKeyType=Retail:TB:Eval;SkuId=7783a126-c108-4cf7-b59f-13c78c7a7337;ruleId=17fd3d63-7be4-49b1-8d16-2e0fe9fddbc2;uxDifferentiator=TIMEBASED_EVAL"}, "Binary": null}}},
{"TimeGenerated": "2026-01-27T22:57:42.175674Z", "EventID": {"#attributes": {"Qualifiers": 49152}, "#text": 8197}, "Computer": "DC01.garfield.htb", "RawEvent": {"#attributes": {"xmlns": "http://schemas.microsoft.com/win/2004/08/events/event"}, "System": {"Provider": {"#attributes": {"Name": "Microsoft-Windows-Security-SPP", "Guid": "{E23B33B0-C8C9-472C-A5F9-F2BDFEA0F156}", "EventSourceName": "Software Protection Platform Service"}}, "EventID": {"#attributes": {"Qualifiers": 49152}, "#text": 8197}, "Version": 0, "Level": 4, "Task": 0, "Opcode": 0, "Keywords": "0x80000000000000", "TimeCreated": {"#attributes": {"SystemTime": "2026-01-27T22:57:42.175674Z"}}, "EventRecordID": 1875, "Correlation": null, "Execution": {"#attributes": {"ProcessID": 0, "ThreadID": 0}}, "Channel": "Application", "Computer": "DC01.garfield.htb", "Security": null}, "EventData": {"Data": {"#text": "RuleId=17fd3d63-7be4-49b1-8d16-2e0fe9fddbc2;Action=NotifyUser;AppId=55c92734-d682-4d71-983e-d6ec3f16059f;SkuId=7783a126-c108-4cf7-b59f-13c78c7a7337;NotificationInterval=1440;Trigger=UserLogon;SessionId=5"}, "Binary": null}}},
{"TimeGenerated": "2026-01-27T22:58:12.447324Z", "EventID": {"#attributes": {"Qualifiers": 32768}, "#text": 6000}, "Computer": "DC01.garfield.htb", "RawEvent": {"#attributes": {"xmlns": "http://schemas.microsoft.com/win/2004/08/events/event"}, "System": {"Provider": {"#attributes": {"Name": "Microsoft-Windows-Winlogon", "Guid": "{DBE9B383-7CF3-4331-91CC-A3CB16A3B538}", "EventSourceName": "Wlclntfy"}}, "EventID": {"#attributes": {"Qualifiers": 32768}, "#text": 6000}, "Version": 0, "Level": 4, "Task": 0, "Opcode": 0, "Keywords": "0x80000000000000", "TimeCreated": {"#attributes": {"SystemTime": "2026-01-27T22:58:12.447324Z"}}, "EventRecordID": 1876, "Correlation": null, "Execution": {"#attributes": {"ProcessID": 0, "ThreadID": 0}}, "Channel": "Application", "Computer": "DC01.garfield.htb", "Security": null}, "EventData": {"Data": {"#text": "WSearch"}, "Binary": "D9060000"}}},
{"TimeGenerated": "2026-01-27T22:59:40.253528Z", "EventID": {"#attributes": {"Qualifiers": 16384}, "#text": 9027}, "Computer": "DC01.garfield.htb", "RawEvent": {"#attributes": {"xmlns": "http://schemas.microsoft.com/win/2004/08/events/event"}, "System": {"Provider": {"#attributes": {"Name": "Desktop Window Manager"}}, "EventID": {"#attributes": {"Qualifiers": 16384}, "#text": 9027}, "Level": 4, "Task": 0, "Keywords": "0x80000000000000", "TimeCreated": {"#attributes": {"SystemTime": "2026-01-27T22:59:40.253528Z"}}, "EventRecordID": 1877, "Channel": "Application", "Computer": "DC01.garfield.htb", "Security": null}, "EventData": {"Data": {"#text": ""}, "Binary": null}}},
{"TimeGenerated": "2026-01-27T22:59:41.722274Z", "EventID": {"#attributes": {"Qualifiers": 16384}, "#text": 8230}, "Computer": "DC01.garfield.htb", "RawEvent": {"#attributes": {"xmlns": "http://schemas.microsoft.com/win/2004/08/events/event"}, "System": {"Provider": {"#attributes": {"Name": "Microsoft-Windows-Security-SPP", "Guid": "{E23B33B0-C8C9-472C-A5F9-F2BDFEA0F156}", "EventSourceName": "Software Protection Platform Service"}}, "EventID": {"#attributes": {"Qualifiers": 16384}, "#text": 8230}, "Version": 0, "Level": 4, "Task": 0, "Opcode": 0, "Keywords": "0x80000000000000", "TimeCreated": {"#attributes": {"SystemTime": "2026-01-27T22:59:41.722274Z"}}, "EventRecordID": 1878, "Correlation": null, "Execution": {"#attributes": {"ProcessID": 0, "ThreadID": 0}}, "Channel": "Application", "Computer": "DC01.garfield.htb", "Security": null}, "EventData": {"Data": {"#text": "Security-SPP-Action-StateData (REG_SZ) =AppId=55c92734-d682-4d71-983e-d6ec3f16059f;GraceEndDate=2026/02/09:10:54:41;LastConsumptionReason=0x4004fc04;LastNotificationId=TBLExpiring;LicenseState=SL_LICENSING_STATUS_LICENSED;PartialProductKey=Y7XRX;ProductKeyType=Retail:TB:Eval;SkuId=7783a126-c108-4cf7-b59f-13c78c7a7337;ruleId=17fd3d63-7be4-49b1-8d16-2e0fe9fddbc2;uxDifferentiator=TIMEBASED_EVAL"}, "Binary": null}}},
{"TimeGenerated": "2026-01-27T22:59:41.769144Z", "EventID": {"#attributes": {"Qualifiers": 49152}, "#text": 8197}, "Computer": "DC01.garfield.htb", "RawEvent": {"#attributes": {"xmlns": "http://schemas.microsoft.com/win/2004/08/events/event"}, "System": {"Provider": {"#attributes": {"Name": "Microsoft-Windows-Security-SPP", "Guid": "{E23B33B0-C8C9-472C-A5F9-F2BDFEA0F156}", "EventSourceName": "Software Protection Platform Service"}}, "EventID": {"#attributes": {"Qualifiers": 49152}, "#text": 8197}, "Version": 0, "Level": 4, "Task": 0, "Opcode": 0, "Keywords": "0x80000000000000", "TimeCreated": {"#attributes": {"SystemTime": "2026-01-27T22:59:41.769144Z"}}, "EventRecordID": 1879, "Correlation": null, "Execution": {"#attributes": {"ProcessID": 0, "ThreadID": 0}}, "Channel": "Application", "Computer": "DC01.garfield.htb", "Security": null}, "EventData": {"Data": {"#text": "RuleId=17fd3d63-7be4-49b1-8d16-2e0fe9fddbc2;Action=NotifyUser;AppId=55c92734-d682-4d71-983e-d6ec3f16059f;SkuId=7783a126-c108-4cf7-b59f-13c78c7a7337;NotificationInterval=1440;Trigger=UserLogon;SessionId=6"}, "Binary": null}}},
{"TimeGenerated": "2026-01-27T23:00:12.193384Z", "EventID": {"#attributes": {"Qualifiers": 32768}, "#text": 6000}, "Computer": "DC01.garfield.htb", "RawEvent": {"#attributes": {"xmlns": "http://schemas.microsoft.com/win/2004/08/events/event"}, "System": {"Provider": {"#attributes": {"Name": "Microsoft-Windows-Winlogon", "Guid": "{DBE9B383-7CF3-4331-91CC-A3CB16A3B538}", "EventSourceName": "Wlclntfy"}}, "EventID": {"#attributes": {"Qualifiers": 32768}, "#text": 6000}, "Version": 0, "Level": 4, "Task": 0, "Opcode": 0, "Keywords": "0x80000000000000", "TimeCreated": {"#attributes": {"SystemTime": "2026-01-27T23:00:12.193384Z"}}, "EventRecordID": 1880, "Correlation": null, "Execution": {"#attributes": {"ProcessID": 0, "ThreadID": 0}}, "Channel": "Application", "Computer": "DC01.garfield.htb", "Security": null}, "EventData": {"Data": {"#text": "WSearch"}, "Binary": "D9060000"}}},
{"TimeGenerated": "2026-01-27T23:01:39.243635Z", "EventID": {"#attributes": {"Qualifiers": 16384}, "#text": 9027}, "Computer": "DC01.garfield.htb", "RawEvent": {"#attributes": {"xmlns": "http://schemas.microsoft.com/win/2004/08/events/event"}, "System": {"Provider": {"#attributes": {"Name": "Desktop Window Manager"}}, "EventID": {"#attributes": {"Qualifiers": 16384}, "#text": 9027}, "Level": 4, "Task": 0, "Keywords": "0x80000000000000", "TimeCreated": {"#attributes": {"SystemTime": "2026-01-27T23:01:39.243635Z"}}, "EventRecordID": 1881, "Channel": "Application", "Computer": "DC01.garfield.htb", "Security": null}, "EventData": {"Data": {"#text": ""}, "Binary": null}}},
{"TimeGenerated": "2026-01-27T23:01:40.415445Z", "EventID": {"#attributes": {"Qualifiers": 16384}, "#text": 8230}, "Computer": "DC01.garfield.htb", "RawEvent": {"#attributes": {"xmlns": "http://schemas.microsoft.com/win/2004/08/events/event"}, "System": {"Provider": {"#attributes": {"Name": "Microsoft-Windows-Security-SPP", "Guid": "{E23B33B0-C8C9-472C-A5F9-F2BDFEA0F156}", "EventSourceName": "Software Protection Platform Service"}}, "EventID": {"#attributes": {"Qualifiers": 16384}, "#text": 8230}, "Version": 0, "Level": 4, "Task": 0, "Opcode": 0, "Keywords": "0x80000000000000", "TimeCreated": {"#attributes": {"SystemTime": "2026-01-27T23:01:40.415445Z"}}, "EventRecordID": 1882, "Correlation": null, "Execution": {"#attributes": {"ProcessID": 0, "ThreadID": 0}}, "Channel": "Application", "Computer": "DC01.garfield.htb", "Security": null}, "EventData": {"Data": {"#text": "Security-SPP-Action-StateData (REG_SZ) =AppId=55c92734-d682-4d71-983e-d6ec3f16059f;GraceEndDate=2026/02/09:10:54:40;LastConsumptionReason=0x4004fc04;LastNotificationId=TBLExpiring;LicenseState=SL_LICENSING_STATUS_LICENSED;PartialProductKey=Y7XRX;ProductKeyType=Retail:TB:Eval;SkuId=7783a126-c108-4cf7-b59f-13c78c7a7337;ruleId=17fd3d63-7be4-49b1-8d16-2e0fe9fddbc2;uxDifferentiator=TIMEBASED_EVAL"}, "Binary": null}}},
{"TimeGenerated": "2026-01-27T23:01:40.446695Z", "EventID": {"#attributes": {"Qualifiers": 49152}, "#text": 8197}, "Computer": "DC01.garfield.htb", "RawEvent": {"#attributes": {"xmlns": "http://schemas.microsoft.com/win/2004/08/events/event"}, "System": {"Provider": {"#attributes": {"Name": "Microsoft-Windows-Security-SPP", "Guid": "{E23B33B0-C8C9-472C-A5F9-F2BDFEA0F156}", "EventSourceName": "Software Protection Platform Service"}}, "EventID": {"#attributes": {"Qualifiers": 49152}, "#text": 8197}, "Version": 0, "Level": 4, "Task": 0, "Opcode": 0, "Keywords": "0x80000000000000", "TimeCreated": {"#attributes": {"SystemTime": "2026-01-27T23:01:40.446695Z"}}, "EventRecordID": 1883, "Correlation": null, "Execution": {"#attributes": {"ProcessID": 0, "ThreadID": 0}}, "Channel": "Application", "Computer": "DC01.garfield.htb", "Security": null}, "EventData": {"Data": {"#text": "RuleId=17fd3d63-7be4-49b1-8d16-2e0fe9fddbc2;Action=NotifyUser;AppId=55c92734-d682-4d71-983e-d6ec3f16059f;SkuId=7783a126-c108-4cf7-b59f-13c78c7a7337;NotificationInterval=1440;Trigger=UserLogon;SessionId=4"}, "Binary": null}}},
{"TimeGenerated": "2026-01-27T23:02:11.507844Z", "EventID": {"#attributes": {"Qualifiers": 32768}, "#text": 6000}, "Computer": "DC01.garfield.htb", "RawEvent": {"#attributes": {"xmlns": "http://schemas.microsoft.com/win/2004/08/events/event"}, "System": {"Provider": {"#attributes": {"Name": "Microsoft-Windows-Winlogon", "Guid": "{DBE9B383-7CF3-4331-91CC-A3CB16A3B538}", "EventSourceName": "Wlclntfy"}}, "EventID": {"#attributes": {"Qualifiers": 32768}, "#text": 6000}, "Version": 0, "Level": 4, "Task": 0, "Opcode": 0, "Keywords": "0x80000000000000", "TimeCreated": {"#attributes": {"SystemTime": "2026-01-27T23:02:11.507844Z"}}, "EventRecordID": 1884, "Correlation": null, "Execution": {"#attributes": {"ProcessID": 0, "ThreadID": 0}}, "Channel": "Application", "Computer": "DC01.garfield.htb", "Security": null}, "EventData": {"Data": {"#text": "WSearch"}, "Binary": "D9060000"}}},
{"TimeGenerated": "2026-01-27T23:03:40.020894Z", "EventID": {"#attributes": {"Qualifiers": 16384}, "#text": 9027}, "Computer": "DC01.garfield.htb", "RawEvent": {"#attributes": {"xmlns": "http://schemas.microsoft.com/win/2004/08/events/event"}, "System": {"Provider": {"#attributes": {"Name": "Desktop Window Manager"}}, "EventID": {"#attributes": {"Qualifiers": 16384}, "#text": 9027}, "Level": 4, "Task": 0, "Keywords": "0x80000000000000", "TimeCreated": {"#attributes": {"SystemTime": "2026-01-27T23:03:40.020894Z"}}, "EventRecordID": 1885, "Channel": "Application", "Computer": "DC01.garfield.htb", "Security": null}, "EventData": {"Data": {"#text": ""}, "Binary": null}}},
{"TimeGenerated": "2026-01-27T23:03:41.395771Z", "EventID": {"#attributes": {"Qualifiers": 16384}, "#text": 8230}, "Computer": "DC01.garfield.htb", "RawEvent": {"#attributes": {"xmlns": "http://schemas.microsoft.com/win/2004/08/events/event"}, "System": {"Provider": {"#attributes": {"Name": "Microsoft-Windows-Security-SPP", "Guid": "{E23B33B0-C8C9-472C-A5F9-F2BDFEA0F156}", "EventSourceName": "Software Protection Platform Service"}}, "EventID": {"#attributes": {"Qualifiers": 16384}, "#text": 8230}, "Version": 0, "Level": 4, "Task": 0, "Opcode": 0, "Keywords": "0x80000000000000", "TimeCreated": {"#attributes": {"SystemTime": "2026-01-27T23:03:41.395771Z"}}, "EventRecordID": 1886, "Correlation": null, "Execution": {"#attributes": {"ProcessID": 0, "ThreadID": 0}}, "Channel": "Application", "Computer": "DC01.garfield.htb", "Security": null}, "EventData": {"Data": {"#text": "Security-SPP-Action-StateData (REG_SZ) =AppId=55c92734-d682-4d71-983e-d6ec3f16059f;GraceEndDate=2026/02/09:10:54:41;LastConsumptionReason=0x4004fc04;LastNotificationId=TBLExpiring;LicenseState=SL_LICENSING_STATUS_LICENSED;PartialProductKey=Y7XRX;ProductKeyType=Retail:TB:Eval;SkuId=7783a126-c108-4cf7-b59f-13c78c7a7337;ruleId=17fd3d63-7be4-49b1-8d16-2e0fe9fddbc2;uxDifferentiator=TIMEBASED_EVAL"}, "Binary": null}}},
