{"TimeGenerated": "2025-08-17T10:52:22.444090Z", "EventID": {"#attributes": {"Qualifiers": 16384}, "#text": 7036}, "Computer": "DC01.garfield.htb", "RawEvent": {"#attributes": {"xmlns": "http://schemas.microsoft.com/win/2004/08/events/event"}, "System": {"Provider": {"#attributes": {"Name": "Service Control Manager", "Guid": "{555908d1-a6d7-4695-8e1e-26931d2012f4}", "EventSourceName": "Service Control Manager"}}, "EventID": {"#attributes": {"Qualifiers": 16384}, "#text": 7036}, "Version": 0, "Level": 4, "Task": 0, "Opcode": 0, "Keywords": "0x8080000000000000", "TimeCreated": {"#attributes": {"SystemTime": "2025-08-17T10:52:22.444090Z"}}, "EventRecordID": 1718, "Correlation": null, "Execution": {"#attributes": {"ProcessID": 752, "ThreadID": 840}}, "Channel": "System", "Computer": "DC01.garfield.htb", "Security": null}, "EventData": {"param1": "Web Account Manager", "param2": "running", "Binary": "54006F006B0065006E00420072006F006B00650072002F0034000000"}}},
{"TimeGenerated": "2025-08-17T10:52:22.444090Z", "EventID": {"#attributes": {"Qualifiers": 16384}, "#text": 7036}, "Computer": "DC01.garfield.htb", "RawEvent": {"#attributes": {"xmlns": "http://schemas.microsoft.com/win/2004/08/events/event"}, "System": {"Provider": {"#attributes": {"Name": "Service Control Manager", "Guid": "{555908d1-a6d7-4695-8e1e-26931d2012f4}", "EventSourceName": "Service Control Manager"}}, "EventID": {"#attributes": {"Qualifiers": 16384}, "#text": 7036}, "Version": 0, "Level": 4, "Task": 0, "Opcode": 0, "Keywords": "0x8080000000000000", "TimeCreated": {"#attributes": {"SystemTime": "2025-08-17T10:52:22.444090Z"}}, "EventRecordID": 1719, "Correlation": null, "Execution": {"#attributes": {"ProcessID": 752, "ThreadID": 840}}, "Channel": "System", "Computer": "DC01.garfield.htb", "Security": null}, "EventData": {"param1": "Touch Keyboard and Handwriting Panel Service", "param2": "running", "Binary": "5400610062006C006500740049006E0070007500740053006500720076006900630065002F0034000000"}}},
{"TimeGenerated": "2025-08-17T10:52:22.522663Z", "EventID": {"#attributes": {"Qualifiers": 16384}, "#text": 7036}, "Computer": "DC01.garfield.htb", "RawEvent": {"#attributes": {"xmlns": "http://schemas.microsoft.com/win/2004/08/events/event"}, "System": {"Provider": {"#attributes": {"Name": "Service Control Manager", "Guid": "{555908d1-a6d7-4695-8e1e-26931d2012f4}", "EventSourceName": "Service Control Manager"}}, "EventID": {"#attributes": {"Qualifiers": 16384}, "#text": 7036}, "Version": 0, "Level": 4, "Task": 0, "Opcode": 0, "Keywords": "0x8080000000000000", "TimeCreated": {"#attributes": {"SystemTime": "2025-08-17T10:52:22.522663Z"}}, "EventRecordID": 1720, "Correlation": null, "Execution": {"#attributes": {"ProcessID": 752, "ThreadID": 840}}, "Channel": "System", "Computer": "DC01.garfield.htb", "Security": null}, "EventData": {"param1": "CNG Key Isolation", "param2": "running", "Binary": "4B0065007900490073006F002F0034000000"}}},
{"TimeGenerated": "2025-08-17T10:52:22.600740Z", "EventID": {"#attributes": {"Qualifiers": 16384}, "#text": 7036}, "Computer": "DC01.garfield.htb", "RawEvent": {"#attributes": {"xmlns": "http://schemas.microsoft.com/win/2004/08/events/event"}, "System": {"Provider": {"#attributes": {"Name": "Service Control Manager", "Guid": "{555908d1-a6d7-4695-8e1e-26931d2012f4}", "EventSourceName": "Service Control Manager"}}, "EventID": {"#attributes": {"Qualifiers": 16384}, "#text": 7036}, "Version": 0, "Level": 4, "Task": 0, "Opcode": 0, "Keywords": "0x8080000000000000", "TimeCreated": {"#attributes": {"SystemTime": "2025-08-17T10:52:22.600740Z"}}, "EventRecordID": 1721, "Correlation": null, "Execution": {"#attributes": {"ProcessID": 752, "ThreadID": 1156}}, "Channel": "System", "Computer": "DC01.garfield.htb", "Security": null}, "EventData": {"param1": "Connected Devices Platform Service", "param2": "running", "Binary": "4300440050005300760063002F0034000000"}}},
{"TimeGenerated": "2025-08-17T10:52:22.632612Z", "EventID": {"#attributes": {"Qualifiers": 16384}, "#text": 7036}, "Computer": "DC01.garfield.htb", "RawEvent": {"#attributes": {"xmlns": "http://schemas.microsoft.com/win/2004/08/events/event"}, "System": {"Provider": {"#attributes": {"Name": "Service Control Manager", "Guid": "{555908d1-a6d7-4695-8e1e-26931d2012f4}", "EventSourceName": "Service Control Manager"}}, "EventID": {"#attributes": {"Qualifiers": 16384}, "#text": 7036}, "Version": 0, "Level": 4, "Task": 0, "Opcode": 0, "Keywords": "0x8080000000000000", "TimeCreated": {"#attributes": {"SystemTime": "2025-08-17T10:52:22.632612Z"}}, "EventRecordID": 1722, "Correlation": null, "Execution": {"#attributes": {"ProcessID": 752, "ThreadID": 1156}}, "Channel": "System", "Computer": "DC01.garfield.htb", "Security": null}, "EventData": {"param1": "State Repository Service", "param2": "running", "Binary": "530074006100740065005200650070006F007300690074006F00720079002F0034000000"}}},
{"TimeGenerated": "2025-08-17T10:52:22.678675Z", "EventID": {"#attributes": {"Qualifiers": 16384}, "#text": 7036}, "Computer": "DC01.garfield.htb", "RawEvent": {"#attributes": {"xmlns": "http://schemas.microsoft.com/win/2004/08/events/event"}, "System": {"Provider": {"#attributes": {"Name": "Service Control Manager", "Guid": "{555908d1-a6d7-4695-8e1e-26931d2012f4}", "EventSourceName": "Service Control Manager"}}, "EventID": {"#attributes": {"Qualifiers": 16384}, "#text": 7036}, "Version": 0, "Level": 4, "Task": 0, "Opcode": 0, "Keywords": "0x8080000000000000", "TimeCreated": {"#attributes": {"SystemTime": "2025-08-17T10:52:22.678675Z"}}, "EventRecordID": 1723, "Correlation": null, "Execution": {"#attributes": {"ProcessID": 752, "ThreadID": 1084}}, "Channel": "System", "Computer": "DC01.garfield.htb", "Security": null}, "EventData": {"param1": "AppX Deployment Service (AppXSVC)", "param2": "running", "Binary": "41007000700058005300760063002F0034000000"}}},
{"TimeGenerated": "2025-08-17T10:52:22.788813Z", "EventID": 12, "Computer": "DC01.garfield.htb", "RawEvent": {"#attributes": {"xmlns": "http://schemas.microsoft.com/win/2004/08/events/event"}, "System": {"Provider": {"#attributes": {"Name": "Microsoft-Windows-Time-Service", "Guid": "06EDCFEB-0FD0-4E53-ACCA-A6F8BBF81BCB"}}, "EventID": 12, "Version": 0, "Level": 3, "Task": 0, "Opcode": 0, "Keywords": "0x8000000000000000", "TimeCreated": {"#attributes": {"SystemTime": "2025-08-17T10:52:22.788813Z"}}, "EventRecordID": 1724, "Correlation": null, "Execution": {"#attributes": {"ProcessID": 1176, "ThreadID": 1312}}, "Channel": "System", "Computer": "DC01.garfield.htb", "Security": {"#attributes": {"UserID": "S-1-5-19"}}}, "EventData": {"#attributes": {"Name": "TMP_EVENT_DOMAIN_HIERARCHY_ROOT"}}}},
{"TimeGenerated": "2025-08-17T10:52:26.373141Z", "EventID": {"#attributes": {"Qualifiers": 16384}, "#text": 7036}, "Computer": "DC01.garfield.htb", "RawEvent": {"#attributes": {"xmlns": "http://schemas.microsoft.com/win/2004/08/events/event"}, "System": {"Provider": {"#attributes": {"Name": "Service Control Manager", "Guid": "{555908d1-a6d7-4695-8e1e-26931d2012f4}", "EventSourceName": "Service Control Manager"}}, "EventID": {"#attributes": {"Qualifiers": 16384}, "#text": 7036}, "Version": 0, "Level": 4, "Task": 0, "Opcode": 0, "Keywords": "0x8080000000000000", "TimeCreated": {"#attributes": {"SystemTime": "2025-08-17T10:52:26.373141Z"}}, "EventRecordID": 1725, "Correlation": null, "Execution": {"#attributes": {"ProcessID": 752, "ThreadID": 1084}}, "Channel": "System", "Computer": "DC01.garfield.htb", "Security": null}, "EventData": {"param1": "Network Setup Service", "param2": "running", "Binary": "4E0065007400530065007400750070005300760063002F0034000000"}}},
{"TimeGenerated": "2025-08-17T10:52:33.582550Z", "EventID": {"#attributes": {"Qualifiers": 16384}, "#text": 7036}, "Computer": "DC01.garfield.htb", "RawEvent": {"#attributes": {"xmlns": "http://schemas.microsoft.com/win/2004/08/events/event"}, "System": {"Provider": {"#attributes": {"Name": "Service Control Manager", "Guid": "{555908d1-a6d7-4695-8e1e-26931d2012f4}", "EventSourceName": "Service Control Manager"}}, "EventID": {"#attributes": {"Qualifiers": 16384}, "#text": 7036}, "Version": 0, "Level": 4, "Task": 0, "Opcode": 0, "Keywords": "0x8080000000000000", "TimeCreated": {"#attributes": {"SystemTime": "2025-08-17T10:52:33.582550Z"}}, "EventRecordID": 1726, "Correlation": null, "Execution": {"#attributes": {"ProcessID": 752, "ThreadID": 1084}}, "Channel": "System", "Computer": "DC01.garfield.htb", "Security": null}, "EventData": {"param1": "Background Intelligent Transfer Service", "param2": "running", "Binary": "42004900540053002F0034000000"}}},
{"TimeGenerated": "2025-08-17T10:52:33.613370Z", "EventID": {"#attributes": {"Qualifiers": 16384}, "#text": 7040}, "Computer": "DC01.garfield.htb", "RawEvent": {"#attributes": {"xmlns": "http://schemas.microsoft.com/win/2004/08/events/event"}, "System": {"Provider": {"#attributes": {"Name": "Service Control Manager", "Guid": "{555908d1-a6d7-4695-8e1e-26931d2012f4}", "EventSourceName": "Service Control Manager"}}, "EventID": {"#attributes": {"Qualifiers": 16384}, "#text": 7040}, "Version": 0, "Level": 4, "Task": 0, "Opcode": 0, "Keywords": "0x8080000000000000", "TimeCreated": {"#attributes": {"SystemTime": "2025-08-17T10:52:33.613370Z"}}, "EventRecordID": 1727, "Correlation": null, "Execution": {"#attributes": {"ProcessID": 752, "ThreadID": 1084}}, "Channel": "System", "Computer": "DC01.garfield.htb", "Security": {"#attributes": {"UserID": "S-1-5-18"}}}, "EventData": {"param1": "Background Intelligent Transfer Service", "param2": "demand start", "param3": "auto start", "param4": "BITS"}}},
{"TimeGenerated": "2025-08-17T10:52:33.800796Z", "EventID": {"#attributes": {"Qualifiers": 16384}, "#text": 7036}, "Computer": "DC01.garfield.htb", "RawEvent": {"#attributes": {"xmlns": "http://schemas.microsoft.com/win/2004/08/events/event"}, "System": {"Provider": {"#attributes": {"Name": "Service Control Manager", "Guid": "{555908d1-a6d7-4695-8e1e-26931d2012f4}", "EventSourceName": "Service Control Manager"}}, "EventID": {"#attributes": {"Qualifiers": 16384}, "#text": 7036}, "Version": 0, "Level": 4, "Task": 0, "Opcode": 0, "Keywords": "0x8080000000000000", "TimeCreated": {"#attributes": {"SystemTime": "2025-08-17T10:52:33.800796Z"}}, "EventRecordID": 1728, "Correlation": null, "Execution": {"#attributes": {"ProcessID": 752, "ThreadID": 876}}, "Channel": "System", "Computer": "DC01.garfield.htb", "Security": null}, "EventData": {"param1": "WMI Performance Adapter", "param2": "running", "Binary": "77006D006900410070005300720076002F0034000000"}}},
{"TimeGenerated": "2025-08-17T10:52:35.329393Z", "EventID": {"#attributes": {"Qualifiers": 16384}, "#text": 7036}, "Computer": "DC01.garfield.htb", "RawEvent": {"#attributes": {"xmlns": "http://schemas.microsoft.com/win/2004/08/events/event"}, "System": {"Provider": {"#attributes": {"Name": "Service Control Manager", "Guid": "{555908d1-a6d7-4695-8e1e-26931d2012f4}", "EventSourceName": "Service Control Manager"}}, "EventID": {"#attributes": {"Qualifiers": 16384}, "#text": 7036}, "Version": 0, "Level": 4, "Task": 0, "Opcode": 0, "Keywords": "0x8080000000000000", "TimeCreated": {"#attributes": {"SystemTime": "2025-08-17T10:52:35.329393Z"}}, "EventRecordID": 1729, "Correlation": null, "Execution": {"#attributes": {"ProcessID": 752, "ThreadID": 876}}, "Channel": "System", "Computer": "DC01.garfield.htb", "Security": null}, "EventData": {"param1": "Microsoft Account Sign-in Assistant", "param2": "running", "Binary": "77006C00690064007300760063002F0034000000"}}},
{"TimeGenerated": "2025-08-17T10:52:53.514515Z", "EventID": {"#attributes": {"Qualifiers": 16384}, "#text": 7036}, "Computer": "DC01.garfield.htb", "RawEvent": {"#attributes": {"xmlns": "http://schemas.microsoft.com/win/2004/08/events/event"}, "System": {"Provider": {"#attributes": {"Name": "Service Control Manager", "Guid": "{555908d1-a6d7-4695-8e1e-26931d2012f4}", "EventSourceName": "Service Control Manager"}}, "EventID": {"#attributes": {"Qualifiers": 16384}, "#text": 7036}, "Version": 0, "Level": 4, "Task": 0, "Opcode": 0, "Keywords": "0x8080000000000000", "TimeCreated": {"#attributes": {"SystemTime": "2025-08-17T10:52:53.514515Z"}}, "EventRecordID": 1730, "Correlation": null, "Execution": {"#attributes": {"ProcessID": 752, "ThreadID": 6676}}, "Channel": "System", "Computer": "DC01.garfield.htb", "Security": null}, "EventData": {"param1": "Software Protection", "param2": "stopped", "Binary": "7300700070007300760063002F0031000000"}}},
{"TimeGenerated": "2025-08-17T10:53:36.962566Z", "EventID": {"#attributes": {"Qualifiers": 16384}, "#text": 7036}, "Computer": "DC01.garfield.htb", "RawEvent": {"#attributes": {"xmlns": "http://schemas.microsoft.com/win/2004/08/events/event"}, "System": {"Provider": {"#attributes": {"Name": "Service Control Manager", "Guid": "{555908d1-a6d7-4695-8e1e-26931d2012f4}", "EventSourceName": "Service Control Manager"}}, "EventID": {"#attributes": {"Qualifiers": 16384}, "#text": 7036}, "Version": 0, "Level": 4, "Task": 0, "Opcode": 0, "Keywords": "0x8080000000000000", "TimeCreated": {"#attributes": {"SystemTime": "2025-08-17T10:53:36.962566Z"}}, "EventRecordID": 1731, "Correlation": null, "Execution": {"#attributes": {"ProcessID": 752, "ThreadID": 6660}}, "Channel": "System", "Computer": "DC01.garfield.htb", "Security": null}, "EventData": {"param1": "Network Setup Service", "param2": "stopped", "Binary": "4E0065007400530065007400750070005300760063002F0031000000"}}},
{"TimeGenerated": "2025-08-17T10:54:13.692744Z", "EventID": {"#attributes": {"Qualifiers": 16384}, "#text": 7036}, "Computer": "DC01.garfield.htb", "RawEvent": {"#attributes": {"xmlns": "http://schemas.microsoft.com/win/2004/08/events/event"}, "System": {"Provider": {"#attributes": {"Name": "Service Control Manager", "Guid": "{555908d1-a6d7-4695-8e1e-26931d2012f4}", "EventSourceName": "Service Control Manager"}}, "EventID": {"#attributes": {"Qualifiers": 16384}, "#text": 7036}, "Version": 0, "Level": 4, "Task": 0, "Opcode": 0, "Keywords": "0x8080000000000000", "TimeCreated": {"#attributes": {"SystemTime": "2025-08-17T10:54:13.692744Z"}}, "EventRecordID": 1732, "Correlation": null, "Execution": {"#attributes": {"ProcessID": 752, "ThreadID": 6660}}, "Channel": "System", "Computer": "DC01.garfield.htb", "Security": null}, "EventData": {"param1": "Diagnostic Policy Service", "param2": "running", "Binary": "4400500053002F0034000000"}}},
{"TimeGenerated": "2025-08-17T10:54:13.864614Z", "EventID": {"#attributes": {"Qualifiers": 16384}, "#text": 7036}, "Computer": "DC01.garfield.htb", "RawEvent": {"#attributes": {"xmlns": "http://schemas.microsoft.com/win/2004/08/events/event"}, "System": {"Provider": {"#attributes": {"Name": "Service Control Manager", "Guid": "{555908d1-a6d7-4695-8e1e-26931d2012f4}", "EventSourceName": "Service Control Manager"}}, "EventID": {"#attributes": {"Qualifiers": 16384}, "#text": 7036}, "Version": 0, "Level": 4, "Task": 0, "Opcode": 0, "Keywords": "0x8080000000000000", "TimeCreated": {"#attributes": {"SystemTime": "2025-08-17T10:54:13.864614Z"}}, "EventRecordID": 1733, "Correlation": null, "Execution": {"#attributes": {"ProcessID": 752, "ThreadID": 6676}}, "Channel": "System", "Computer": "DC01.garfield.htb", "Security": null}, "EventData": {"param1": "Downloaded Maps Manager", "param2": "running", "Binary": "4D00610070007300420072006F006B00650072002F0034000000"}}},
{"TimeGenerated": "2025-08-17T10:54:13.974918Z", "EventID": {"#attributes": {"Qualifiers": 16384}, "#text": 7036}, "Computer": "DC01.garfield.htb", "RawEvent": {"#attributes": {"xmlns": "http://schemas.microsoft.com/win/2004/08/events/event"}, "System": {"Provider": {"#attributes": {"Name": "Service Control Manager", "Guid": "{555908d1-a6d7-4695-8e1e-26931d2012f4}", "EventSourceName": "Service Control Manager"}}, "EventID": {"#attributes": {"Qualifiers": 16384}, "#text": 7036}, "Version": 0, "Level": 4, "Task": 0, "Opcode": 0, "Keywords": "0x8080000000000000", "TimeCreated": {"#attributes": {"SystemTime": "2025-08-17T10:54:13.974918Z"}}, "EventRecordID": 1734, "Correlation": null, "Execution": {"#attributes": {"ProcessID": 752, "ThreadID": 6676}}, "Channel": "System", "Computer": "DC01.garfield.htb", "Security": null}, "EventData": {"param1": "Software Protection", "param2": "running", "Binary": "7300700070007300760063002F0034000000"}}},
{"TimeGenerated": "2025-08-17T10:54:18.081290Z", "EventID": {"#attributes": {"Qualifiers": 16384}, "#text": 7036}, "Computer": "DC01.garfield.htb", "RawEvent": {"#attributes": {"xmlns": "http://schemas.microsoft.com/win/2004/08/events/event"}, "System": {"Provider": {"#attributes": {"Name": "Service Control Manager", "Guid": "{555908d1-a6d7-4695-8e1e-26931d2012f4}", "EventSourceName": "Service Control Manager"}}, "EventID": {"#attributes": {"Qualifiers": 16384}, "#text": 7036}, "Version": 0, "Level": 4, "Task": 0, "Opcode": 0, "Keywords": "0x8080000000000000", "TimeCreated": {"#attributes": {"SystemTime": "2025-08-17T10:54:18.081290Z"}}, "EventRecordID": 1735, "Correlation": null, "Execution": {"#attributes": {"ProcessID": 752, "ThreadID": 6676}}, "Channel": "System", "Computer": "DC01.garfield.htb", "Security": null}, "EventData": {"param1": "Windows Modules Installer", "param2": "stopped", "Binary": "540072007500730074006500640049006E007300740061006C006C00650072002F0031000000"}}},
{"TimeGenerated": "2025-08-17T10:54:18.371479Z", "EventID": {"#attributes": {"Qualifiers": 16384}, "#text": 7036}, "Computer": "DC01.garfield.htb", "RawEvent": {"#attributes": {"xmlns": "http://schemas.microsoft.com/win/2004/08/events/event"}, "System": {"Provider": {"#attributes": {"Name": "Service Control Manager", "Guid": "{555908d1-a6d7-4695-8e1e-26931d2012f4}", "EventSourceName": "Service Control Manager"}}, "EventID": {"#attributes": {"Qualifiers": 16384}, "#text": 7036}, "Version": 0, "Level": 4, "Task": 0, "Opcode": 0, "Keywords": "0x8080000000000000", "TimeCreated": {"#attributes": {"SystemTime": "2025-08-17T10:54:18.371479Z"}}, "EventRecordID": 1736, "Correlation": null, "Execution": {"#attributes": {"ProcessID": 752, "ThreadID": 6676}}, "Channel": "System", "Computer": "DC01.garfield.htb", "Security": null}, "EventData": {"param1": "User Access Logging Service", "param2": "running", "Binary": "550041004C005300560043002F0034000000"}}},
{"TimeGenerated": "2025-08-17T10:54:18.636801Z", "EventID": {"#attributes": {"Qualifiers": 16384}, "#text": 7036}, "Computer": "DC01.garfield.htb", "RawEvent": {"#attributes": {"xmlns": "http://schemas.microsoft.com/win/2004/08/events/event"}, "System": {"Provider": {"#attributes": {"Name": "Service Control Manager", "Guid": "{555908d1-a6d7-4695-8e1e-26931d2012f4}", "EventSourceName": "Service Control Manager"}}, "EventID": {"#attributes": {"Qualifiers": 16384}, "#text": 7036}, "Version": 0, "Level": 4, "Task": 0, "Opcode": 0, "Keywords": "0x8080000000000000", "TimeCreated": {"#attributes": {"SystemTime": "2025-08-17T10:54:18.636801Z"}}, "EventRecordID": 1737, "Correlation": null, "Execution": {"#attributes": {"ProcessID": 752, "ThreadID": 2012}}, "Channel": "System", "Computer": "DC01.garfield.htb", "Security": null}, "EventData": {"param1": "Update Orchestrator Service", "param2": "running", "Binary": "550073006F005300760063002F0034000000"}}},
{"TimeGenerated": "2025-08-17T10:54:22.300150Z", "EventID": {"#attributes": {"Qualifiers": 16384}, "#text": 7036}, "Computer": "DC01.garfield.htb", "RawEvent": {"#attributes": {"xmlns": "http://schemas.microsoft.com/win/2004/08/events/event"}, "System": {"Provider": {"#attributes": {"Name": "Service Control Manager", "Guid": "{555908d1-a6d7-4695-8e1e-26931d2012f4}", "EventSourceName": "Service Control Manager"}}, "EventID": {"#attributes": {"Qualifiers": 16384}, "#text": 7036}, "Version": 0, "Level": 4, "Task": 0, "Opcode": 0, "Keywords": "0x8080000000000000", "TimeCreated": {"#attributes": {"SystemTime": "2025-08-17T10:54:22.300150Z"}}, "EventRecordID": 1738, "Correlation": null, "Execution": {"#attributes": {"ProcessID": 752, "ThreadID": 6656}}, "Channel": "System", "Computer": "DC01.garfield.htb", "Security": null}, "EventData": {"param1": "Portable Device Enumerator Service", "param2": "stopped", "Binary": "57005000440042007500730045006E0075006D002F0031000000"}}},
{"TimeGenerated": "2025-08-17T10:54:23.928774Z", "EventID": {"#attributes": {"Qualifiers": 16384}, "#text": 7036}, "Computer": "DC01.garfield.htb", "RawEvent": {"#attributes": {"xmlns": "http://schemas.microsoft.com/win/2004/08/events/event"}, "System": {"Provider": {"#attributes": {"Name": "Service Control Manager", "Guid": "{555908d1-a6d7-4695-8e1e-26931d2012f4}", "EventSourceName": "Service Control Manager"}}, "EventID": {"#attributes": {"Qualifiers": 16384}, "#text": 7036}, "Version": 0, "Level": 4, "Task": 0, "Opcode": 0, "Keywords": "0x8080000000000000", "TimeCreated": {"#attributes": {"SystemTime": "2025-08-17T10:54:23.928774Z"}}, "EventRecordID": 1739, "Correlation": null, "Execution": {"#attributes": {"ProcessID": 752, "ThreadID": 6676}}, "Channel": "System", "Computer": "DC01.garfield.htb", "Security": null}, "EventData": {"param1": "Downloaded Maps Manager", "param2": "stopped", "Binary": "4D00610070007300420072006F006B00650072002F0031000000"}}},
{"TimeGenerated": "2025-08-17T10:54:34.196755Z", "EventID": {"#attributes": {"Qualifiers": 16384}, "#text": 7036}, "Computer": "DC01.garfield.htb", "RawEvent": {"#attributes": {"xmlns": "http://schemas.microsoft.com/win/2004/08/events/event"}, "System": {"Provider": {"#attributes": {"Name": "Service Control Manager", "Guid": "{555908d1-a6d7-4695-8e1e-26931d2012f4}", "EventSourceName": "Service Control Manager"}}, "EventID": {"#attributes": {"Qualifiers": 16384}, "#text": 7036}, "Version": 0, "Level": 4, "Task": 0, "Opcode": 0, "Keywords": "0x8080000000000000", "TimeCreated": {"#attributes": {"SystemTime": "2025-08-17T10:54:34.196755Z"}}, "EventRecordID": 1740, "Correlation": null, "Execution": {"#attributes": {"ProcessID": 752, "ThreadID": 6656}}, "Channel": "System", "Computer": "DC01.garfield.htb", "Security": null}, "EventData": {"param1": "WMI Performance Adapter", "param2": "stopped", "Binary": "77006D006900410070005300720076002F0031000000"}}},
{"TimeGenerated": "2025-08-17T10:54:44.033216Z", "EventID": {"#attributes": {"Qualifiers": 16384}, "#text": 7036}, "Computer": "DC01.garfield.htb", "RawEvent": {"#attributes": {"xmlns": "http://schemas.microsoft.com/win/2004/08/events/event"}, "System": {"Provider": {"#attributes": {"Name": "Service Control Manager", "Guid": "{555908d1-a6d7-4695-8e1e-26931d2012f4}", "EventSourceName": "Service Control Manager"}}, "EventID": {"#attributes": {"Qualifiers": 16384}, "#text": 7036}, "Version": 0, "Level": 4, "Task": 0, "Opcode": 0, "Keywords": "0x8080000000000000", "TimeCreated": {"#attributes": {"SystemTime": "2025-08-17T10:54:44.033216Z"}}, "EventRecordID": 1741, "Correlation": null, "Execution": {"#attributes": {"ProcessID": 752, "ThreadID": 6656}}, "Channel": "System", "Computer": "DC01.garfield.htb", "Security": null}, "EventData": {"param1": "Software Protection", "param2": "stopped", "Binary": "7300700070007300760063002F0031000000"}}},
{"TimeGenerated": "2025-08-17T10:54:48.685344Z", "EventID": {"#attributes": {"Qualifiers": 16384}, "#text": 7036}, "Computer": "DC01.garfield.htb", "RawEvent": {"#attributes": {"xmlns": "http://schemas.microsoft.com/win/2004/08/events/event"}, "System": {"Provider": {"#attributes": {"Name": "Service Control Manager", "Guid": "{555908d1-a6d7-4695-8e1e-26931d2012f4}", "EventSourceName": "Service Control Manager"}}, "EventID": {"#attributes": {"Qualifiers": 16384}, "#text": 7036}, "Version": 0, "Level": 4, "Task": 0, "Opcode": 0, "Keywords": "0x8080000000000000", "TimeCreated": {"#attributes": {"SystemTime": "2025-08-17T10:54:48.685344Z"}}, "EventRecordID": 1742, "Correlation": null, "Execution": {"#attributes": {"ProcessID": 752, "ThreadID": 2012}}, "Channel": "System", "Computer": "DC01.garfield.htb", "Security": null}, "EventData": {"param1": "Windows Insider Service", "param2": "running", "Binary": "770069007300760063002F0034000000"}}},
{"TimeGenerated": "2025-08-17T10:55:14.980491Z", "EventID": {"#attributes": {"Qualifiers": 16384}, "#text": 7036}, "Computer": "DC01.garfield.htb", "RawEvent": {"#attributes": {"xmlns": "http://schemas.microsoft.com/win/2004/08/events/event"}, "System": {"Provider": {"#attributes": {"Name": "Service Control Manager", "Guid": "{555908d1-a6d7-4695-8e1e-26931d2012f4}", "EventSourceName": "Service Control Manager"}}, "EventID": {"#attributes": {"Qualifiers": 16384}, "#text": 7036}, "Version": 0, "Level": 4, "Task": 0, "Opcode": 0, "Keywords": "0x8080000000000000", "TimeCreated": {"#attributes": {"SystemTime": "2025-08-17T10:55:14.980491Z"}}, "EventRecordID": 1743, "Correlation": null, "Execution": {"#attributes": {"ProcessID": 752, "ThreadID": 6656}}, "Channel": "System", "Computer": "DC01.garfield.htb", "Security": null}, "EventData": {"param1": "VMware Snapshot Provider", "param2": "stopped", "Binary": "76006D007600730073002F0031000000"}}},
{"TimeGenerated": "2025-08-17T10:55:15.012309Z", "EventID": {"#attributes": {"Qualifiers": 16384}, "#text": 7036}, "Computer": "DC01.garfield.htb", "RawEvent": {"#attributes": {"xmlns": "http://schemas.microsoft.com/win/2004/08/events/event"}, "System": {"Provider": {"#attributes": {"Name": "Service Control Manager", "Guid": "{555908d1-a6d7-4695-8e1e-26931d2012f4}", "EventSourceName": "Service Control Manager"}}, "EventID": {"#attributes": {"Qualifiers": 16384}, "#text": 7036}, "Version": 0, "Level": 4, "Task": 0, "Opcode": 0, "Keywords": "0x8080000000000000", "TimeCreated": {"#attributes": {"SystemTime": "2025-08-17T10:55:15.012309Z"}}, "EventRecordID": 1744, "Correlation": null, "Execution": {"#attributes": {"ProcessID": 752, "ThreadID": 6656}}, "Channel": "System", "Computer": "DC01.garfield.htb", "Security": null}, "EventData": {"param1": "Volume Shadow Copy", "param2": "stopped", "Binary": "5600530053002F0031000000"}}},
{"TimeGenerated": "2025-08-17T10:55:48.795262Z", "EventID": {"#attributes": {"Qualifiers": 16384}, "#text": 7036}, "Computer": "DC01.garfield.htb", "RawEvent": {"#attributes": {"xmlns": "http://schemas.microsoft.com/win/2004/08/events/event"}, "System": {"Provider": {"#attributes": {"Name": "Service Control Manager", "Guid": "{555908d1-a6d7-4695-8e1e-26931d2012f4}", "EventSourceName": "Service Control Manager"}}, "EventID": {"#attributes": {"Qualifiers": 16384}, "#text": 7036}, "Version": 0, "Level": 4, "Task": 0, "Opcode": 0, "Keywords": "0x8080000000000000", "TimeCreated": {"#attributes": {"SystemTime": "2025-08-17T10:55:48.795262Z"}}, "EventRecordID": 1745, "Correlation": null, "Execution": {"#attributes": {"ProcessID": 752, "ThreadID": 6656}}, "Channel": "System", "Computer": "DC01.garfield.htb", "Security": null}, "EventData": {"param1": "Windows Insider Service", "param2": "stopped", "Binary": "770069007300760063002F0031000000"}}},
{"TimeGenerated": "2025-08-17T10:56:34.090955Z", "EventID": {"#attributes": {"Qualifiers": 16384}, "#text": 7040}, "Computer": "DC01.garfield.htb", "RawEvent": {"#attributes": {"xmlns": "http://schemas.microsoft.com/win/2004/08/events/event"}, "System": {"Provider": {"#attributes": {"Name": "Service Control Manager", "Guid": "{555908d1-a6d7-4695-8e1e-26931d2012f4}", "EventSourceName": "Service Control Manager"}}, "EventID": {"#attributes": {"Qualifiers": 16384}, "#text": 7040}, "Version": 0, "Level": 4, "Task": 0, "Opcode": 0, "Keywords": "0x8080000000000000", "TimeCreated": {"#attributes": {"SystemTime": "2025-08-17T10:56:34.090955Z"}}, "EventRecordID": 1746, "Correlation": null, "Execution": {"#attributes": {"ProcessID": 752, "ThreadID": 2012}}, "Channel": "System", "Computer": "DC01.garfield.htb", "Security": {"#attributes": {"UserID": "S-1-5-18"}}}, "EventData": {"param1": "Background Intelligent Transfer Service", "param2": "auto start", "param3": "demand start", "param4": "BITS"}}},
{"TimeGenerated": "2025-08-17T10:56:34.168751Z", "EventID": {"#attributes": {"Qualifiers": 16384}, "#text": 7036}, "Computer": "DC01.garfield.htb", "RawEvent": {"#attributes": {"xmlns": "http://schemas.microsoft.com/win/2004/08/events/event"}, "System": {"Provider": {"#attributes": {"Name": "Service Control Manager", "Guid": "{555908d1-a6d7-4695-8e1e-26931d2012f4}", "EventSourceName": "Service Control Manager"}}, "EventID": {"#attributes": {"Qualifiers": 16384}, "#text": 7036}, "Version": 0, "Level": 4, "Task": 0, "Opcode": 0, "Keywords": "0x8080000000000000", "TimeCreated": {"#attributes": {"SystemTime": "2025-08-17T10:56:34.168751Z"}}, "EventRecordID": 1747, "Correlation": null, "Execution": {"#attributes": {"ProcessID": 752, "ThreadID": 6656}}, "Channel": "System", "Computer": "DC01.garfield.htb", "Security": null}, "EventData": {"param1": "Background Intelligent Transfer Service", "param2": "stopped", "Binary": "42004900540053002F0031000000"}}},
{"TimeGenerated": "2025-08-17T10:57:24.323818Z", "EventID": {"#attributes": {"Qualifiers": 16384}, "#text": 7036}, "Computer": "DC01.garfield.htb", "RawEvent": {"#attributes": {"xmlns": "http://schemas.microsoft.com/win/2004/08/events/event"}, "System": {"Provider": {"#attributes": {"Name": "Service Control Manager", "Guid": "{555908d1-a6d7-4695-8e1e-26931d2012f4}", "EventSourceName": "Service Control Manager"}}, "EventID": {"#attributes": {"Qualifiers": 16384}, "#text": 7036}, "Version": 0, "Level": 4, "Task": 0, "Opcode": 0, "Keywords": "0x8080000000000000", "TimeCreated": {"#attributes": {"SystemTime": "2025-08-17T10:57:24.323818Z"}}, "EventRecordID": 1748, "Correlation": null, "Execution": {"#attributes": {"ProcessID": 752, "ThreadID": 6656}}, "Channel": "System", "Computer": "DC01.garfield.htb", "Security": null}, "EventData": {"param1": "AppX Deployment Service (AppXSVC)", "param2": "stopped", "Binary": "41007000700058005300760063002F0031000000"}}},
{"TimeGenerated": "2025-08-17T10:58:08.980528Z", "EventID": {"#attributes": {"Qualifiers": 16384}, "#text": 7036}, "Computer": "DC01.garfield.htb", "RawEvent": {"#attributes": {"xmlns": "http://schemas.microsoft.com/win/2004/08/events/event"}, "System": {"Provider": {"#attributes": {"Name": "Service Control Manager", "Guid": "{555908d1-a6d7-4695-8e1e-26931d2012f4}", "EventSourceName": "Service Control Manager"}}, "EventID": {"#attributes": {"Qualifiers": 16384}, "#text": 7036}, "Version": 0, "Level": 4, "Task": 0, "Opcode": 0, "Keywords": "0x8080000000000000", "TimeCreated": {"#attributes": {"SystemTime": "2025-08-17T10:58:08.980528Z"}}, "EventRecordID": 1749, "Correlation": null, "Execution": {"#attributes": {"ProcessID": 752, "ThreadID": 2012}}, "Channel": "System", "Computer": "DC01.garfield.htb", "Security": null}, "EventData": {"param1": "Device Setup Manager", "param2": "stopped", "Binary": "440073006D005300760063002F0031000000"}}},
{"TimeGenerated": "2025-08-17T10:58:35.194026Z", "EventID": {"#attributes": {"Qualifiers": 16384}, "#text": 7036}, "Computer": "DC01.garfield.htb", "RawEvent": {"#attributes": {"xmlns": "http://schemas.microsoft.com/win/2004/08/events/event"}, "System": {"Provider": {"#attributes": {"Name": "Service Control Manager", "Guid": "{555908d1-a6d7-4695-8e1e-26931d2012f4}", "EventSourceName": "Service Control Manager"}}, "EventID": {"#attributes": {"Qualifiers": 16384}, "#text": 7036}, "Version": 0, "Level": 4, "Task": 0, "Opcode": 0, "Keywords": "0x8080000000000000", "TimeCreated": {"#attributes": {"SystemTime": "2025-08-17T10:58:35.194026Z"}}, "EventRecordID": 1750, "Correlation": null, "Execution": {"#attributes": {"ProcessID": 752, "ThreadID": 6656}}, "Channel": "System", "Computer": "DC01.garfield.htb", "Security": null}, "EventData": {"param1": "Microsoft Account Sign-in Assistant", "param2": "stopped", "Binary": "77006C00690064007300760063002F0031000000"}}},
{"TimeGenerated": "2025-08-17T10:59:38.246080Z", "EventID": 234, "Computer": "DC01.garfield.htb", "RawEvent": {"#attributes": {"xmlns": "http://schemas.microsoft.com/win/2004/08/events/event"}, "System": {"Provider": {"#attributes": {"Name": "Microsoft-Windows-Hyper-V-VmSwitch", "Guid": "67DC0D66-3695-47C0-9642-33F76F7BD7AD"}}, "EventID": 234, "Version": 0, "Level": 4, "Task": 0, "Opcode": 0, "Keywords": "0x8000000000000080", "TimeCreated": {"#attributes": {"SystemTime": "2025-08-17T10:59:38.246080Z"}}, "EventRecordID": 1751, "Correlation": null, "Execution": {"#attributes": {"ProcessID": 5008, "ThreadID": 3388}}, "Channel": "System", "Computer": "DC01.garfield.htb", "Security": {"#attributes": {"UserID": "S-1-5-83-1-431349895-1271201890-2724725633-1052670637"}}}, "EventData": {"NicNameLen": 74, "NicName": "19B5E087-0062-4BC5-8103-68A2AD7ABE3E--40A60ED9-AD4A-4F28-B29B-E9B2461FDC3C", "PortNameLen": 1, "PortName": ""}}},
{"TimeGenerated": "2025-08-17T10:59:38.247475Z", "EventID": 233, "Computer": "DC01.garfield.htb", "RawEvent": {"#attributes": {"xmlns": "http://schemas.microsoft.com/win/2004/08/events/event"}, "System": {"Provider": {"#attributes": {"Name": "Microsoft-Windows-Hyper-V-VmSwitch", "Guid": "67DC0D66-3695-47C0-9642-33F76F7BD7AD"}}, "EventID": 233, "Version": 0, "Level": 4, "Task": 0, "Opcode": 0, "Keywords": "0x8000000000000080", "TimeCreated": {"#attributes": {"SystemTime": "2025-08-17T10:59:38.247475Z"}}, "EventRecordID": 1752, "Correlation": null, "Execution": {"#attributes": {"ProcessID": 5008, "ThreadID": 3388}}, "Channel": "System", "Computer": "DC01.garfield.htb", "Security": {"#attributes": {"UserID": "S-1-5-83-1-431349895-1271201890-2724725633-1052670637"}}}, "EventData": {"NicNameLen": 74, "NicName": "19B5E087-0062-4BC5-8103-68A2AD7ABE3E--40A60ED9-AD4A-4F28-B29B-E9B2461FDC3C", "NicFNameLen": 15, "NicFName": "Network Adapter", "Operation": 8}}},
{"TimeGenerated": "2025-08-17T10:59:38.286912Z", "EventID": 233, "Computer": "DC01.garfield.htb", "RawEvent": {"#attributes": {"xmlns": "http://schemas.microsoft.com/win/2004/08/events/event"}, "System": {"Provider": {"#attributes": {"Name": "Microsoft-Windows-Hyper-V-VmSwitch", "Guid": "67DC0D66-3695-47C0-9642-33F76F7BD7AD"}}, "EventID": 233, "Version": 0, "Level": 4, "Task": 0, "Opcode": 0, "Keywords": "0x8000000000000080", "TimeCreated": {"#attributes": {"SystemTime": "2025-08-17T10:59:38.286912Z"}}, "EventRecordID": 1753, "Correlation": null, "Execution": {"#attributes": {"ProcessID": 5008, "ThreadID": 3388}}, "Channel": "System", "Computer": "DC01.garfield.htb", "Security": null}, "EventData": {"NicNameLen": 74, "NicName": "19B5E087-0062-4BC5-8103-68A2AD7ABE3E--40A60ED9-AD4A-4F28-B29B-E9B2461FDC3C", "NicFNameLen": 1, "NicFName": "", "Operation": 7}}},
{"TimeGenerated": "2025-08-17T10:59:38.287686Z", "EventID": 232, "Computer": "DC01.garfield.htb", "RawEvent": {"#attributes": {"xmlns": "http://schemas.microsoft.com/win/2004/08/events/event"}, "System": {"Provider": {"#attributes": {"Name": "Microsoft-Windows-Hyper-V-VmSwitch", "Guid": "67DC0D66-3695-47C0-9642-33F76F7BD7AD"}}, "EventID": 232, "Version": 0, "Level": 4, "Task": 0, "Opcode": 0, "Keywords": "0x8000000000000080", "TimeCreated": {"#attributes": {"SystemTime": "2025-08-17T10:59:38.287686Z"}}, "EventRecordID": 1754, "Correlation": null, "Execution": {"#attributes": {"ProcessID": 5008, "ThreadID": 3388}}, "Channel": "System", "Computer": "DC01.garfield.htb", "Security": {"#attributes": {"UserID": "S-1-5-83-1-431349895-1271201890-2724725633-1052670637"}}}, "EventData": {"NicNameLen": 74, "NicName": "19B5E087-0062-4BC5-8103-68A2AD7ABE3E--40A60ED9-AD4A-4F28-B29B-E9B2461FDC3C", "NicFNameLen": 15, "NicFName": "Network Adapter", "PortNameLen": 36, "PortName": "9FF8363B-8636-4523-80A3-FEBAE2C6461F", "PortFNameLen": 28, "PortFName": "Dynamic Ethernet Switch Port", "SwitchNameLen": 36, "SwitchName": "0534BEE7-2099-4A5F-AF55-C35AAC398520", "SwitchFNameLen": 8, "SwitchFName": "Switch01"}}},
{"TimeGenerated": "2025-08-17T10:59:46.852136Z", "EventID": 102, "Computer": "DC01.garfield.htb", "RawEvent": {"#attributes": {"xmlns": "http://schemas.microsoft.com/win/2004/08/events/event"}, "System": {"Provider": {"#attributes": {"Name": "Microsoft-Windows-Hyper-V-VmSwitch", "Guid": "67DC0D66-3695-47C0-9642-33F76F7BD7AD"}}, "EventID": 102, "Version": 0, "Level": 4, "Task": 1019, "Opcode": 0, "Keywords": "0x8000000000000080", "TimeCreated": {"#attributes": {"SystemTime": "2025-08-17T10:59:46.852136Z"}}, "EventRecordID": 1755, "Correlation": null, "Execution": {"#attributes": {"ProcessID": 4, "ThreadID": 300}}, "Channel": "System", "Computer": "DC01.garfield.htb", "Security": {"#attributes": {"UserID": "S-1-5-18"}}}, "EventData": {"VMNameLen": 6, "VMName": "RODC01", "VMIdLen": 36, "VMId": "19B5E087-0062-4BC5-8103-68A2AD7ABE3E"}}},
{"TimeGenerated": "2025-08-17T11:00:41.659041Z", "EventID": {"#attributes": {"Qualifiers": 16384}, "#text": 7036}, "Computer": "DC01.garfield.htb", "RawEvent": {"#attributes": {"xmlns": "http://schemas.microsoft.com/win/2004/08/events/event"}, "System": {"Provider": {"#attributes": {"Name": "Service Control Manager", "Guid": "{555908d1-a6d7-4695-8e1e-26931d2012f4}", "EventSourceName": "Service Control Manager"}}, "EventID": {"#attributes": {"Qualifiers": 16384}, "#text": 7036}, "Version": 0, "Level": 4, "Task": 0, "Opcode": 0, "Keywords": "0x8080000000000000", "TimeCreated": {"#attributes": {"SystemTime": "2025-08-17T11:00:41.659041Z"}}, "EventRecordID": 1756, "Correlation": null, "Execution": {"#attributes": {"ProcessID": 752, "ThreadID": 2012}}, "Channel": "System", "Computer": "DC01.garfield.htb", "Security": null}, "EventData": {"param1": "Windows Update Medic Service", "param2": "running", "Binary": "57006100610053004D0065006400690063005300760063002F0034000000"}}},
{"TimeGenerated": "2025-08-17T11:00:41.699391Z", "EventID": {"#attributes": {"Qualifiers": 16384}, "#text": 7036}, "Computer": "DC01.garfield.htb", "RawEvent": {"#attributes": {"xmlns": "http://schemas.microsoft.com/win/2004/08/events/event"}, "System": {"Provider": {"#attributes": {"Name": "Service Control Manager", "Guid": "{555908d1-a6d7-4695-8e1e-26931d2012f4}", "EventSourceName": "Service Control Manager"}}, "EventID": {"#attributes": {"Qualifiers": 16384}, "#text": 7036}, "Version": 0, "Level": 4, "Task": 0, "Opcode": 0, "Keywords": "0x8080000000000000", "TimeCreated": {"#attributes": {"SystemTime": "2025-08-17T11:00:41.699391Z"}}, "EventRecordID": 1757, "Correlation": null, "Execution": {"#attributes": {"ProcessID": 752, "ThreadID": 2012}}, "Channel": "System", "Computer": "DC01.garfield.htb", "Security": null}, "EventData": {"param1": "Windows PushToInstall Service", "param2": "running", "Binary": "500075007300680054006F0049006E007300740061006C006C002F0034000000"}}},
{"TimeGenerated": "2025-08-17T11:00:41.699391Z", "EventID": {"#attributes": {"Qualifiers": 16384}, "#text": 7036}, "Computer": "DC01.garfield.htb", "RawEvent": {"#attributes": {"xmlns": "http://schemas.microsoft.com/win/2004/08/events/event"}, "System": {"Provider": {"#attributes": {"Name": "Service Control Manager", "Guid": "{555908d1-a6d7-4695-8e1e-26931d2012f4}", "EventSourceName": "Service Control Manager"}}, "EventID": {"#attributes": {"Qualifiers": 16384}, "#text": 7036}, "Version": 0, "Level": 4, "Task": 0, "Opcode": 0, "Keywords": "0x8080000000000000", "TimeCreated": {"#attributes": {"SystemTime": "2025-08-17T11:00:41.699391Z"}}, "EventRecordID": 1758, "Correlation": null, "Execution": {"#attributes": {"ProcessID": 752, "ThreadID": 6656}}, "Channel": "System", "Computer": "DC01.garfield.htb", "Security": null}, "EventData": {"param1": "Microsoft Store Install Service", "param2": "running", "Binary": "49006E007300740061006C006C0053006500720076006900630065002F0034000000"}}},
{"TimeGenerated": "2025-08-17T11:00:41.730088Z", "EventID": {"#attributes": {"Qualifiers": 16384}, "#text": 7036}, "Computer": "DC01.garfield.htb", "RawEvent": {"#attributes": {"xmlns": "http://schemas.microsoft.com/win/2004/08/events/event"}, "System": {"Provider": {"#attributes": {"Name": "Service Control Manager", "Guid": "{555908d1-a6d7-4695-8e1e-26931d2012f4}", "EventSourceName": "Service Control Manager"}}, "EventID": {"#attributes": {"Qualifiers": 16384}, "#text": 7036}, "Version": 0, "Level": 4, "Task": 0, "Opcode": 0, "Keywords": "0x8080000000000000", "TimeCreated": {"#attributes": {"SystemTime": "2025-08-17T11:00:41.730088Z"}}, "EventRecordID": 1759, "Correlation": null, "Execution": {"#attributes": {"ProcessID": 752, "ThreadID": 2012}}, "Channel": "System", "Computer": "DC01.garfield.htb", "Security": null}, "EventData": {"param1": "Windows Insider Service", "param2": "running", "Binary": "770069007300760063002F0034000000"}}},
{"TimeGenerated": "2025-08-17T11:00:41.886343Z", "EventID": {"#attributes": {"Qualifiers": 16384}, "#text": 7036}, "Computer": "DC01.garfield.htb", "RawEvent": {"#attributes": {"xmlns": "http://schemas.microsoft.com/win/2004/08/events/event"}, "System": {"Provider": {"#attributes": {"Name": "Service Control Manager", "Guid": "{555908d1-a6d7-4695-8e1e-26931d2012f4}", "EventSourceName": "Service Control Manager"}}, "EventID": {"#attributes": {"Qualifiers": 16384}, "#text": 7036}, "Version": 0, "Level": 4, "Task": 0, "Opcode": 0, "Keywords": "0x8080000000000000", "TimeCreated": {"#attributes": {"SystemTime": "2025-08-17T11:00:41.886343Z"}}, "EventRecordID": 1760, "Correlation": null, "Execution": {"#attributes": {"ProcessID": 752, "ThreadID": 1008}}, "Channel": "System", "Computer": "DC01.garfield.htb", "Security": null}, "EventData": {"param1": "Microsoft Account Sign-in Assistant", "param2": "running", "Binary": "77006C00690064007300760063002F0034000000"}}},
{"TimeGenerated": "2025-08-17T11:00:42.042572Z", "EventID": {"#attributes": {"Qualifiers": 16384}, "#text": 7036}, "Computer": "DC01.garfield.htb", "RawEvent": {"#attributes": {"xmlns": "http://schemas.microsoft.com/win/2004/08/events/event"}, "System": {"Provider": {"#attributes": {"Name": "Service Control Manager", "Guid": "{555908d1-a6d7-4695-8e1e-26931d2012f4}", "EventSourceName": "Service Control Manager"}}, "EventID": {"#attributes": {"Qualifiers": 16384}, "#text": 7036}, "Version": 0, "Level": 4, "Task": 0, "Opcode": 0, "Keywords": "0x8080000000000000", "TimeCreated": {"#attributes": {"SystemTime": "2025-08-17T11:00:42.042572Z"}}, "EventRecordID": 1761, "Correlation": null, "Execution": {"#attributes": {"ProcessID": 752, "ThreadID": 2012}}, "Channel": "System", "Computer": "DC01.garfield.htb", "Security": null}, "EventData": {"param1": "Software Protection", "param2": "running", "Binary": "7300700070007300760063002F0034000000"}}},
{"TimeGenerated": "2025-08-17T11:00:42.397924Z", "EventID": {"#attributes": {"Qualifiers": 16384}, "#text": 7036}, "Computer": "DC01.garfield.htb", "RawEvent": {"#attributes": {"xmlns": "http://schemas.microsoft.com/win/2004/08/events/event"}, "System": {"Provider": {"#attributes": {"Name": "Service Control Manager", "Guid": "{555908d1-a6d7-4695-8e1e-26931d2012f4}", "EventSourceName": "Service Control Manager"}}, "EventID": {"#attributes": {"Qualifiers": 16384}, "#text": 7036}, "Version": 0, "Level": 4, "Task": 0, "Opcode": 0, "Keywords": "0x8080000000000000", "TimeCreated": {"#attributes": {"SystemTime": "2025-08-17T11:00:42.397924Z"}}, "EventRecordID": 1762, "Correlation": null, "Execution": {"#attributes": {"ProcessID": 752, "ThreadID": 5660}}, "Channel": "System", "Computer": "DC01.garfield.htb", "Security": null}, "EventData": {"param1": "Capability Access Manager Service", "param2": "running", "Binary": "630061006D007300760063002F0034000000"}}},
{"TimeGenerated": "2025-08-17T11:00:42.459348Z", "EventID": {"#attributes": {"Qualifiers": 16384}, "#text": 7036}, "Computer": "DC01.garfield.htb", "RawEvent": {"#attributes": {"xmlns": "http://schemas.microsoft.com/win/2004/08/events/event"}, "System": {"Provider": {"#attributes": {"Name": "Service Control Manager", "Guid": "{555908d1-a6d7-4695-8e1e-26931d2012f4}", "EventSourceName": "Service Control Manager"}}, "EventID": {"#attributes": {"Qualifiers": 16384}, "#text": 7036}, "Version": 0, "Level": 4, "Task": 0, "Opcode": 0, "Keywords": "0x8080000000000000", "TimeCreated": {"#attributes": {"SystemTime": "2025-08-17T11:00:42.459348Z"}}, "EventRecordID": 1763, "Correlation": null, "Execution": {"#attributes": {"ProcessID": 752, "ThreadID": 5660}}, "Channel": "System", "Computer": "DC01.garfield.htb", "Security": null}, "EventData": {"param1": "Delivery Optimization", "param2": "running", "Binary": "44006F005300760063002F0034000000"}}},
{"TimeGenerated": "2025-08-17T11:00:42.526964Z", "EventID": {"#attributes": {"Qualifiers": 16384}, "#text": 7036}, "Computer": "DC01.garfield.htb", "RawEvent": {"#attributes": {"xmlns": "http://schemas.microsoft.com/win/2004/08/events/event"}, "System": {"Provider": {"#attributes": {"Name": "Service Control Manager", "Guid": "{555908d1-a6d7-4695-8e1e-26931d2012f4}", "EventSourceName": "Service Control Manager"}}, "EventID": {"#attributes": {"Qualifiers": 16384}, "#text": 7036}, "Version": 0, "Level": 4, "Task": 0, "Opcode": 0, "Keywords": "0x8080000000000000", "TimeCreated": {"#attributes": {"SystemTime": "2025-08-17T11:00:42.526964Z"}}, "EventRecordID": 1764, "Correlation": null, "Execution": {"#attributes": {"ProcessID": 752, "ThreadID": 5660}}, "Channel": "System", "Computer": "DC01.garfield.htb", "Security": null}, "EventData": {"param1": "Storage Service", "param2": "running", "Binary": "530074006F0072005300760063002F0034000000"}}},
{"TimeGenerated": "2025-08-17T11:00:42.542564Z", "EventID": {"#attributes": {"Qualifiers": 16384}, "#text": 7036}, "Computer": "DC01.garfield.htb", "RawEvent": {"#attributes": {"xmlns": "http://schemas.microsoft.com/win/2004/08/events/event"}, "System": {"Provider": {"#attributes": {"Name": "Service Control Manager", "Guid": "{555908d1-a6d7-4695-8e1e-26931d2012f4}", "EventSourceName": "Service Control Manager"}}, "EventID": {"#attributes": {"Qualifiers": 16384}, "#text": 7036}, "Version": 0, "Level": 4, "Task": 0, "Opcode": 0, "Keywords": "0x8080000000000000", "TimeCreated": {"#attributes": {"SystemTime": "2025-08-17T11:00:42.542564Z"}}, "EventRecordID": 1765, "Correlation": null, "Execution": {"#attributes": {"ProcessID": 752, "ThreadID": 5660}}, "Channel": "System", "Computer": "DC01.garfield.htb", "Security": null}, "EventData": {"param1": "AppX Deployment Service (AppXSVC)", "param2": "running", "Binary": "41007000700058005300760063002F0034000000"}}},
{"TimeGenerated": "2025-08-17T11:00:42.574226Z", "EventID": {"#attributes": {"Qualifiers": 16384}, "#text": 7036}, "Computer": "DC01.garfield.htb", "RawEvent": {"#attributes": {"xmlns": "http://schemas.microsoft.com/win/2004/08/events/event"}, "System": {"Provider": {"#attributes": {"Name": "Service Control Manager", "Guid": "{555908d1-a6d7-4695-8e1e-26931d2012f4}", "EventSourceName": "Service Control Manager"}}, "EventID": {"#attributes": {"Qualifiers": 16384}, "#text": 7036}, "Version": 0, "Level": 4, "Task": 0, "Opcode": 0, "Keywords": "0x8080000000000000", "TimeCreated": {"#attributes": {"SystemTime": "2025-08-17T11:00:42.574226Z"}}, "EventRecordID": 1766, "Correlation": null, "Execution": {"#attributes": {"ProcessID": 752, "ThreadID": 5660}}, "Channel": "System", "Computer": "DC01.garfield.htb", "Security": null}, "EventData": {"param1": "Client License Service (ClipSVC)", "param2": "running", "Binary": "43006C00690070005300560043002F0034000000"}}},
{"TimeGenerated": "2025-08-17T11:00:46.766169Z", "EventID": {"#attributes": {"Qualifiers": 16384}, "#text": 7036}, "Computer": "DC01.garfield.htb", "RawEvent": {"#attributes": {"xmlns": "http://schemas.microsoft.com/win/2004/08/events/event"}, "System": {"Provider": {"#attributes": {"Name": "Service Control Manager", "Guid": "{555908d1-a6d7-4695-8e1e-26931d2012f4}", "EventSourceName": "Service Control Manager"}}, "EventID": {"#attributes": {"Qualifiers": 16384}, "#text": 7036}, "Version": 0, "Level": 4, "Task": 0, "Opcode": 0, "Keywords": "0x8080000000000000", "TimeCreated": {"#attributes": {"SystemTime": "2025-08-17T11:00:46.766169Z"}}, "EventRecordID": 1767, "Correlation": null, "Execution": {"#attributes": {"ProcessID": 752, "ThreadID": 5660}}, "Channel": "System", "Computer": "DC01.garfield.htb", "Security": null}, "EventData": {"param1": "Microsoft Store Install Service", "param2": "stopped", "Binary": "49006E007300740061006C006C0053006500720076006900630065002F0031000000"}}},
{"TimeGenerated": "2025-08-17T11:00:47.676821Z", "EventID": {"#attributes": {"Qualifiers": 16384}, "#text": 7036}, "Computer": "DC01.garfield.htb", "RawEvent": {"#attributes": {"xmlns": "http://schemas.microsoft.com/win/2004/08/events/event"}, "System": {"Provider": {"#attributes": {"Name": "Service Control Manager", "Guid": "{555908d1-a6d7-4695-8e1e-26931d2012f4}", "EventSourceName": "Service Control Manager"}}, "EventID": {"#attributes": {"Qualifiers": 16384}, "#text": 7036}, "Version": 0, "Level": 4, "Task": 0, "Opcode": 0, "Keywords": "0x8080000000000000", "TimeCreated": {"#attributes": {"SystemTime": "2025-08-17T11:00:47.676821Z"}}, "EventRecordID": 1768, "Correlation": null, "Execution": {"#attributes": {"ProcessID": 752, "ThreadID": 2012}}, "Channel": "System", "Computer": "DC01.garfield.htb", "Security": null}, "EventData": {"param1": "Windows PushToInstall Service", "param2": "stopped", "Binary": "500075007300680054006F0049006E007300740061006C006C002F0031000000"}}},
