{"TimeGenerated": "2025-08-13T19:50:10.284884Z", "EventID": 20001, "Computer": "WIN-LC7SFT89DTG", "RawEvent": {"#attributes": {"xmlns": "http://schemas.microsoft.com/win/2004/08/events/event"}, "System": {"Provider": {"#attributes": {"Name": "Microsoft-Windows-UserPnp", "Guid": "96F4A050-7E31-453C-88BE-9634F4E02139"}}, "EventID": 20001, "Version": 0, "Level": 4, "Task": 7005, "Opcode": 0, "Keywords": "0x8000000000000000", "TimeCreated": {"#attributes": {"SystemTime": "2025-08-13T19:50:10.284884Z"}}, "EventRecordID": 109, "Correlation": null, "Execution": {"#attributes": {"ProcessID": 2972, "ThreadID": 3032}}, "Channel": "System", "Computer": "WIN-LC7SFT89DTG", "Security": {"#attributes": {"UserID": "S-1-5-18"}}}, "UserData": {"InstallDeviceID": {"#attributes": {"xmlns": "http://manifests.microsoft.com/win/2004/08/windows/userpnp"}, "DriverName": "display.inf_amd64_981681cc88e8d010", "DriverVersion": "10.0.17763.1", "DriverProvider": "Microsoft", "DeviceInstanceID": "PCI\\VEN_15AD&DEV_0405&SUBSYS_040515AD&REV_00\\3&61AAA01&0&78", "SetupClass": "4D36E968-E325-11CE-BFC1-08002BE10318", "RebootOption": false, "UpgradeDevice": false, "IsDriverOEM": false, "InstallStatus": "0x0", "DriverDescription": "Microsoft Basic Display Adapter"}}}},
{"TimeGenerated": "2025-08-13T19:50:10.383825Z", "EventID": 20003, "Computer": "WIN-LC7SFT89DTG", "RawEvent": {"#attributes": {"xmlns": "http://schemas.microsoft.com/win/2004/08/events/event"}, "System": {"Provider": {"#attributes": {"Name": "Microsoft-Windows-UserPnp", "Guid": "96F4A050-7E31-453C-88BE-9634F4E02139"}}, "EventID": 20003, "Version": 0, "Level": 4, "Task": 7005, "Opcode": 0, "Keywords": "0x8000000000000000", "TimeCreated": {"#attributes": {"SystemTime": "2025-08-13T19:50:10.383825Z"}}, "EventRecordID": 110, "Correlation": null, "Execution": {"#attributes": {"ProcessID": 3128, "ThreadID": 3140}}, "Channel": "System", "Computer": "WIN-LC7SFT89DTG", "Security": {"#attributes": {"UserID": "S-1-5-18"}}}, "UserData": {"AddServiceID": {"#attributes": {"xmlns": "http://manifests.microsoft.com/win/2004/08/windows/userpnp"}, "ServiceName": "Serial", "DriverFileName": "\\SystemRoot\\system32\\DRIVERS\\serial.sys", "DeviceInstanceID": "ACPI\\PNP0501\\1", "PrimaryService": true, "UpdateService": true, "AddServiceStatus": 0}}}},
{"TimeGenerated": "2025-08-13T19:50:10.385783Z", "EventID": 20003, "Computer": "WIN-LC7SFT89DTG", "RawEvent": {"#attributes": {"xmlns": "http://schemas.microsoft.com/win/2004/08/events/event"}, "System": {"Provider": {"#attributes": {"Name": "Microsoft-Windows-UserPnp", "Guid": "96F4A050-7E31-453C-88BE-9634F4E02139"}}, "EventID": 20003, "Version": 0, "Level": 4, "Task": 7005, "Opcode": 0, "Keywords": "0x8000000000000000", "TimeCreated": {"#attributes": {"SystemTime": "2025-08-13T19:50:10.385783Z"}}, "EventRecordID": 111, "Correlation": null, "Execution": {"#attributes": {"ProcessID": 3128, "ThreadID": 3140}}, "Channel": "System", "Computer": "WIN-LC7SFT89DTG", "Security": {"#attributes": {"UserID": "S-1-5-18"}}}, "UserData": {"AddServiceID": {"#attributes": {"xmlns": "http://manifests.microsoft.com/win/2004/08/windows/userpnp"}, "ServiceName": "Serenum", "DriverFileName": "\\SystemRoot\\system32\\DRIVERS\\serenum.sys", "DeviceInstanceID": "ACPI\\PNP0501\\1", "PrimaryService": false, "UpdateService": true, "AddServiceStatus": 0}}}},
{"TimeGenerated": "2025-08-13T19:50:10.406652Z", "EventID": 20001, "Computer": "WIN-LC7SFT89DTG", "RawEvent": {"#attributes": {"xmlns": "http://schemas.microsoft.com/win/2004/08/events/event"}, "System": {"Provider": {"#attributes": {"Name": "Microsoft-Windows-UserPnp", "Guid": "96F4A050-7E31-453C-88BE-9634F4E02139"}}, "EventID": 20001, "Version": 0, "Level": 4, "Task": 7005, "Opcode": 0, "Keywords": "0x8000000000000000", "TimeCreated": {"#attributes": {"SystemTime": "2025-08-13T19:50:10.406652Z"}}, "EventRecordID": 112, "Correlation": null, "Execution": {"#attributes": {"ProcessID": 3128, "ThreadID": 3140}}, "Channel": "System", "Computer": "WIN-LC7SFT89DTG", "Security": {"#attributes": {"UserID": "S-1-5-18"}}}, "UserData": {"InstallDeviceID": {"#attributes": {"xmlns": "http://manifests.microsoft.com/win/2004/08/windows/userpnp"}, "DriverName": "msports.inf_amd64_cb1ecb60ccfbde27", "DriverVersion": "10.0.17763.1", "DriverProvider": "Microsoft", "DeviceInstanceID": "ACPI\\PNP0501\\1", "SetupClass": "4D36E978-E325-11CE-BFC1-08002BE10318", "RebootOption": false, "UpgradeDevice": true, "IsDriverOEM": false, "InstallStatus": "0x0", "DriverDescription": "Communications Port"}}}},
{"TimeGenerated": "2025-08-13T19:50:10.567251Z", "EventID": {"#attributes": {"Qualifiers": 16384}, "#text": 7045}, "Computer": "WIN-LC7SFT89DTG", "RawEvent": {"#attributes": {"xmlns": "http://schemas.microsoft.com/win/2004/08/events/event"}, "System": {"Provider": {"#attributes": {"Name": "Service Control Manager", "Guid": "{555908d1-a6d7-4695-8e1e-26931d2012f4}", "EventSourceName": "Service Control Manager"}}, "EventID": {"#attributes": {"Qualifiers": 16384}, "#text": 7045}, "Version": 0, "Level": 4, "Task": 0, "Opcode": 0, "Keywords": "0x8080000000000000", "TimeCreated": {"#attributes": {"SystemTime": "2025-08-13T19:50:10.567251Z"}}, "EventRecordID": 113, "Correlation": null, "Execution": {"#attributes": {"ProcessID": 640, "ThreadID": 1344}}, "Channel": "System", "Computer": "WIN-LC7SFT89DTG", "Security": {"#attributes": {"UserID": "S-1-5-18"}}}, "EventData": {"ServiceName": "Microsoft 1.1 UAA Function Driver for High Definition Audio Service", "ImagePath": "\\SystemRoot\\system32\\DRIVERS\\HdAudio.sys", "ServiceType": "kernel mode driver", "StartType": "demand start", "AccountName": ""}}},
{"TimeGenerated": "2025-08-13T19:50:10.582592Z", "EventID": 20003, "Computer": "WIN-LC7SFT89DTG", "RawEvent": {"#attributes": {"xmlns": "http://schemas.microsoft.com/win/2004/08/events/event"}, "System": {"Provider": {"#attributes": {"Name": "Microsoft-Windows-UserPnp", "Guid": "96F4A050-7E31-453C-88BE-9634F4E02139"}}, "EventID": 20003, "Version": 0, "Level": 4, "Task": 7005, "Opcode": 0, "Keywords": "0x8000000000000000", "TimeCreated": {"#attributes": {"SystemTime": "2025-08-13T19:50:10.582592Z"}}, "EventRecordID": 114, "Correlation": null, "Execution": {"#attributes": {"ProcessID": 3200, "ThreadID": 3216}}, "Channel": "System", "Computer": "WIN-LC7SFT89DTG", "Security": {"#attributes": {"UserID": "S-1-5-18"}}}, "UserData": {"AddServiceID": {"#attributes": {"xmlns": "http://manifests.microsoft.com/win/2004/08/windows/userpnp"}, "ServiceName": "HdAudAddService", "DriverFileName": "\\SystemRoot\\system32\\DRIVERS\\HdAudio.sys", "DeviceInstanceID": "HDAUDIO\\FUNC_01&VEN_15AD&DEV_1975&SUBSYS_15AD1975&REV_1001\\5&217BE3D6&0&0001", "PrimaryService": true, "UpdateService": false, "AddServiceStatus": 0}}}},
{"TimeGenerated": "2025-08-13T19:50:10.676702Z", "EventID": {"#attributes": {"Qualifiers": 16384}, "#text": 7036}, "Computer": "WIN-LC7SFT89DTG", "RawEvent": {"#attributes": {"xmlns": "http://schemas.microsoft.com/win/2004/08/events/event"}, "System": {"Provider": {"#attributes": {"Name": "Service Control Manager", "Guid": "{555908d1-a6d7-4695-8e1e-26931d2012f4}", "EventSourceName": "Service Control Manager"}}, "EventID": {"#attributes": {"Qualifiers": 16384}, "#text": 7036}, "Version": 0, "Level": 4, "Task": 0, "Opcode": 0, "Keywords": "0x8080000000000000", "TimeCreated": {"#attributes": {"SystemTime": "2025-08-13T19:50:10.676702Z"}}, "EventRecordID": 115, "Correlation": null, "Execution": {"#attributes": {"ProcessID": 640, "ThreadID": 744}}, "Channel": "System", "Computer": "WIN-LC7SFT89DTG", "Security": null}, "EventData": {"param1": "Windows Audio Endpoint Builder", "param2": "running", "Binary": "41007500640069006F0045006E00640070006F0069006E0074004200750069006C006400650072002F0034000000"}}},
{"TimeGenerated": "2025-08-13T19:50:10.711528Z", "EventID": 20001, "Computer": "WIN-LC7SFT89DTG", "RawEvent": {"#attributes": {"xmlns": "http://schemas.microsoft.com/win/2004/08/events/event"}, "System": {"Provider": {"#attributes": {"Name": "Microsoft-Windows-UserPnp", "Guid": "96F4A050-7E31-453C-88BE-9634F4E02139"}}, "EventID": 20001, "Version": 0, "Level": 4, "Task": 7005, "Opcode": 0, "Keywords": "0x8000000000000000", "TimeCreated": {"#attributes": {"SystemTime": "2025-08-13T19:50:10.711528Z"}}, "EventRecordID": 116, "Correlation": null, "Execution": {"#attributes": {"ProcessID": 3200, "ThreadID": 3216}}, "Channel": "System", "Computer": "WIN-LC7SFT89DTG", "Security": {"#attributes": {"UserID": "S-1-5-18"}}}, "UserData": {"InstallDeviceID": {"#attributes": {"xmlns": "http://manifests.microsoft.com/win/2004/08/windows/userpnp"}, "DriverName": "hdaudio.inf_amd64_ec22d82af525aa50", "DriverVersion": "10.0.17763.737", "DriverProvider": "Microsoft", "DeviceInstanceID": "HDAUDIO\\FUNC_01&VEN_15AD&DEV_1975&SUBSYS_15AD1975&REV_1001\\5&217BE3D6&0&0001", "SetupClass": "4D36E96C-E325-11CE-BFC1-08002BE10318", "RebootOption": false, "UpgradeDevice": false, "IsDriverOEM": false, "InstallStatus": "0x0", "DriverDescription": "High Definition Audio Device"}}}},
{"TimeGenerated": "2025-08-13T19:50:10.707783Z", "EventID": {"#attributes": {"Qualifiers": 16384}, "#text": 7036}, "Computer": "WIN-LC7SFT89DTG", "RawEvent": {"#attributes": {"xmlns": "http://schemas.microsoft.com/win/2004/08/events/event"}, "System": {"Provider": {"#attributes": {"Name": "Service Control Manager", "Guid": "{555908d1-a6d7-4695-8e1e-26931d2012f4}", "EventSourceName": "Service Control Manager"}}, "EventID": {"#attributes": {"Qualifiers": 16384}, "#text": 7036}, "Version": 0, "Level": 4, "Task": 0, "Opcode": 0, "Keywords": "0x8080000000000000", "TimeCreated": {"#attributes": {"SystemTime": "2025-08-13T19:50:10.707783Z"}}, "EventRecordID": 117, "Correlation": null, "Execution": {"#attributes": {"ProcessID": 640, "ThreadID": 1344}}, "Channel": "System", "Computer": "WIN-LC7SFT89DTG", "Security": null}, "EventData": {"param1": "Windows Audio", "param2": "running", "Binary": "41007500640069006F007300720076002F0034000000"}}},
{"TimeGenerated": "2025-08-13T19:50:10.755385Z", "EventID": 20001, "Computer": "WIN-LC7SFT89DTG", "RawEvent": {"#attributes": {"xmlns": "http://schemas.microsoft.com/win/2004/08/events/event"}, "System": {"Provider": {"#attributes": {"Name": "Microsoft-Windows-UserPnp", "Guid": "96F4A050-7E31-453C-88BE-9634F4E02139"}}, "EventID": 20001, "Version": 0, "Level": 4, "Task": 7005, "Opcode": 0, "Keywords": "0x8000000000000000", "TimeCreated": {"#attributes": {"SystemTime": "2025-08-13T19:50:10.755385Z"}}, "EventRecordID": 118, "Correlation": null, "Execution": {"#attributes": {"ProcessID": 3424, "ThreadID": 3460}}, "Channel": "System", "Computer": "WIN-LC7SFT89DTG", "Security": {"#attributes": {"UserID": "S-1-5-18"}}}, "UserData": {"InstallDeviceID": {"#attributes": {"xmlns": "http://manifests.microsoft.com/win/2004/08/windows/userpnp"}, "DriverName": "msmouse.inf_amd64_d6a71b2325c8ca05", "DriverVersion": "10.0.17763.1", "DriverProvider": "Microsoft", "DeviceInstanceID": "HID\\VID_0E0F&PID_0003&MI_01\\8&12A4BDBA&0&0000", "SetupClass": "4D36E96F-E325-11CE-BFC1-08002BE10318", "RebootOption": false, "UpgradeDevice": true, "IsDriverOEM": false, "InstallStatus": "0x0", "DriverDescription": "HID-compliant mouse"}}}},
{"TimeGenerated": "2025-08-13T19:50:10.855386Z", "EventID": 20001, "Computer": "WIN-LC7SFT89DTG", "RawEvent": {"#attributes": {"xmlns": "http://schemas.microsoft.com/win/2004/08/events/event"}, "System": {"Provider": {"#attributes": {"Name": "Microsoft-Windows-UserPnp", "Guid": "96F4A050-7E31-453C-88BE-9634F4E02139"}}, "EventID": 20001, "Version": 0, "Level": 4, "Task": 7005, "Opcode": 0, "Keywords": "0x8000000000000000", "TimeCreated": {"#attributes": {"SystemTime": "2025-08-13T19:50:10.855386Z"}}, "EventRecordID": 119, "Correlation": null, "Execution": {"#attributes": {"ProcessID": 3352, "ThreadID": 3396}}, "Channel": "System", "Computer": "WIN-LC7SFT89DTG", "Security": {"#attributes": {"UserID": "S-1-5-18"}}}, "UserData": {"InstallDeviceID": {"#attributes": {"xmlns": "http://manifests.microsoft.com/win/2004/08/windows/userpnp"}, "DriverName": "msmouse.inf_amd64_d6a71b2325c8ca05", "DriverVersion": "10.0.17763.1", "DriverProvider": "Microsoft", "DeviceInstanceID": "HID\\VID_0E0F&PID_0003&MI_00\\8&367BFB7C&0&0000", "SetupClass": "4D36E96F-E325-11CE-BFC1-08002BE10318", "RebootOption": false, "UpgradeDevice": true, "IsDriverOEM": false, "InstallStatus": "0x0", "DriverDescription": "HID-compliant mouse"}}}},
{"TimeGenerated": "2025-08-13T19:50:11.009418Z", "EventID": 134, "Computer": "WIN-LC7SFT89DTG", "RawEvent": {"#attributes": {"xmlns": "http://schemas.microsoft.com/win/2004/08/events/event"}, "System": {"Provider": {"#attributes": {"Name": "Microsoft-Windows-Time-Service", "Guid": "06EDCFEB-0FD0-4E53-ACCA-A6F8BBF81BCB"}}, "EventID": 134, "Version": 0, "Level": 3, "Task": 0, "Opcode": 0, "Keywords": "0x8000000000000000", "TimeCreated": {"#attributes": {"SystemTime": "2025-08-13T19:50:11.009418Z"}}, "EventRecordID": 120, "Correlation": null, "Execution": {"#attributes": {"ProcessID": 2540, "ThreadID": 2740}}, "Channel": "System", "Computer": "WIN-LC7SFT89DTG", "Security": {"#attributes": {"UserID": "S-1-5-19"}}}, "EventData": {"#attributes": {"Name": "TMP_EVENT_MANUAL_PEER_DNS_ERROR"}, "ErrorMessage": "No such host is known. (0x80072AF9)", "RetryMinutes": 15, "DomainPeer": "time.windows.com,0x8"}}},
{"TimeGenerated": "2025-08-13T19:50:11.169906Z", "EventID": 16, "Computer": "WIN-LC7SFT89DTG", "RawEvent": {"#attributes": {"xmlns": "http://schemas.microsoft.com/win/2004/08/events/event"}, "System": {"Provider": {"#attributes": {"Name": "Microsoft-Windows-Kernel-General", "Guid": "A68CA8B7-004F-D7B6-A698-07E2DE0F1F5D"}}, "EventID": 16, "Version": 0, "Level": 4, "Task": 0, "Opcode": 0, "Keywords": "0x8000000000000000", "TimeCreated": {"#attributes": {"SystemTime": "2025-08-13T19:50:11.169906Z"}}, "EventRecordID": 121, "Correlation": null, "Execution": {"#attributes": {"ProcessID": 3160, "ThreadID": 3732}}, "Channel": "System", "Computer": "WIN-LC7SFT89DTG", "Security": {"#attributes": {"UserID": "S-1-5-18"}}}, "EventData": {"HiveNameLength": 159, "HiveName": "\\??\\C:\\ProgramData\\Microsoft\\Windows\\AppRepository\\Packages\\1527c705-839a-4832-9118-54d4Bd6a0c89_10.0.17763.1_neutral_neutral_cw5n1h2txyewy\\ActivationStore.dat", "KeysUpdated": 0, "DirtyPages": 0}}},
{"TimeGenerated": "2025-08-13T19:50:11.336294Z", "EventID": 16, "Computer": "WIN-LC7SFT89DTG", "RawEvent": {"#attributes": {"xmlns": "http://schemas.microsoft.com/win/2004/08/events/event"}, "System": {"Provider": {"#attributes": {"Name": "Microsoft-Windows-Kernel-General", "Guid": "A68CA8B7-004F-D7B6-A698-07E2DE0F1F5D"}}, "EventID": 16, "Version": 0, "Level": 4, "Task": 0, "Opcode": 0, "Keywords": "0x8000000000000000", "TimeCreated": {"#attributes": {"SystemTime": "2025-08-13T19:50:11.336294Z"}}, "EventRecordID": 122, "Correlation": null, "Execution": {"#attributes": {"ProcessID": 3160, "ThreadID": 3732}}, "Channel": "System", "Computer": "WIN-LC7SFT89DTG", "Security": {"#attributes": {"UserID": "S-1-5-18"}}}, "EventData": {"HiveNameLength": 159, "HiveName": "\\??\\C:\\ProgramData\\Microsoft\\Windows\\AppRepository\\Packages\\c5e2524a-ea46-4f67-841f-6a9465d9d515_10.0.17763.1_neutral_neutral_cw5n1h2txyewy\\ActivationStore.dat", "KeysUpdated": 0, "DirtyPages": 0}}},
{"TimeGenerated": "2025-08-13T19:50:11.412592Z", "EventID": 16, "Computer": "WIN-LC7SFT89DTG", "RawEvent": {"#attributes": {"xmlns": "http://schemas.microsoft.com/win/2004/08/events/event"}, "System": {"Provider": {"#attributes": {"Name": "Microsoft-Windows-Kernel-General", "Guid": "A68CA8B7-004F-D7B6-A698-07E2DE0F1F5D"}}, "EventID": 16, "Version": 0, "Level": 4, "Task": 0, "Opcode": 0, "Keywords": "0x8000000000000000", "TimeCreated": {"#attributes": {"SystemTime": "2025-08-13T19:50:11.412592Z"}}, "EventRecordID": 123, "Correlation": null, "Execution": {"#attributes": {"ProcessID": 3160, "ThreadID": 3732}}, "Channel": "System", "Computer": "WIN-LC7SFT89DTG", "Security": {"#attributes": {"UserID": "S-1-5-18"}}}, "EventData": {"HiveNameLength": 159, "HiveName": "\\??\\C:\\ProgramData\\Microsoft\\Windows\\AppRepository\\Packages\\E2A4F912-2574-4A75-9BB0-0D023378592B_10.0.17763.1_neutral_neutral_cw5n1h2txyewy\\ActivationStore.dat", "KeysUpdated": 0, "DirtyPages": 0}}},
{"TimeGenerated": "2025-08-13T19:50:11.492033Z", "EventID": 16, "Computer": "WIN-LC7SFT89DTG", "RawEvent": {"#attributes": {"xmlns": "http://schemas.microsoft.com/win/2004/08/events/event"}, "System": {"Provider": {"#attributes": {"Name": "Microsoft-Windows-Kernel-General", "Guid": "A68CA8B7-004F-D7B6-A698-07E2DE0F1F5D"}}, "EventID": 16, "Version": 0, "Level": 4, "Task": 0, "Opcode": 0, "Keywords": "0x8000000000000000", "TimeCreated": {"#attributes": {"SystemTime": "2025-08-13T19:50:11.492033Z"}}, "EventRecordID": 124, "Correlation": null, "Execution": {"#attributes": {"ProcessID": 3160, "ThreadID": 3732}}, "Channel": "System", "Computer": "WIN-LC7SFT89DTG", "Security": {"#attributes": {"UserID": "S-1-5-18"}}}, "EventData": {"HiveNameLength": 159, "HiveName": "\\??\\C:\\ProgramData\\Microsoft\\Windows\\AppRepository\\Packages\\F46D4000-FD22-4DB4-AC8E-4E1DDDE828FE_10.0.17763.1_neutral_neutral_cw5n1h2txyewy\\ActivationStore.dat", "KeysUpdated": 0, "DirtyPages": 0}}},
{"TimeGenerated": "2025-08-13T19:50:11.565946Z", "EventID": 16, "Computer": "WIN-LC7SFT89DTG", "RawEvent": {"#attributes": {"xmlns": "http://schemas.microsoft.com/win/2004/08/events/event"}, "System": {"Provider": {"#attributes": {"Name": "Microsoft-Windows-Kernel-General", "Guid": "A68CA8B7-004F-D7B6-A698-07E2DE0F1F5D"}}, "EventID": 16, "Version": 0, "Level": 4, "Task": 0, "Opcode": 0, "Keywords": "0x8000000000000000", "TimeCreated": {"#attributes": {"SystemTime": "2025-08-13T19:50:11.565946Z"}}, "EventRecordID": 125, "Correlation": null, "Execution": {"#attributes": {"ProcessID": 3160, "ThreadID": 3732}}, "Channel": "System", "Computer": "WIN-LC7SFT89DTG", "Security": {"#attributes": {"UserID": "S-1-5-18"}}}, "EventData": {"HiveNameLength": 133, "HiveName": "\\??\\C:\\ProgramData\\Microsoft\\Windows\\AppRepository\\Packages\\InputApp_1000.17763.1.0_neutral_neutral_cw5n1h2txyewy\\ActivationStore.dat", "KeysUpdated": 0, "DirtyPages": 0}}},
{"TimeGenerated": "2025-08-13T19:50:11.645223Z", "EventID": 16, "Computer": "WIN-LC7SFT89DTG", "RawEvent": {"#attributes": {"xmlns": "http://schemas.microsoft.com/win/2004/08/events/event"}, "System": {"Provider": {"#attributes": {"Name": "Microsoft-Windows-Kernel-General", "Guid": "A68CA8B7-004F-D7B6-A698-07E2DE0F1F5D"}}, "EventID": 16, "Version": 0, "Level": 4, "Task": 0, "Opcode": 0, "Keywords": "0x8000000000000000", "TimeCreated": {"#attributes": {"SystemTime": "2025-08-13T19:50:11.645223Z"}}, "EventRecordID": 126, "Correlation": null, "Execution": {"#attributes": {"ProcessID": 3160, "ThreadID": 3732}}, "Channel": "System", "Computer": "WIN-LC7SFT89DTG", "Security": {"#attributes": {"UserID": "S-1-5-18"}}}, "EventData": {"HiveNameLength": 151, "HiveName": "\\??\\C:\\ProgramData\\Microsoft\\Windows\\AppRepository\\Packages\\Microsoft.AAD.BrokerPlugin_1000.17763.1.0_neutral_neutral_cw5n1h2txyewy\\ActivationStore.dat", "KeysUpdated": 0, "DirtyPages": 0}}},
{"TimeGenerated": "2025-08-13T19:50:11.737671Z", "EventID": 16, "Computer": "WIN-LC7SFT89DTG", "RawEvent": {"#attributes": {"xmlns": "http://schemas.microsoft.com/win/2004/08/events/event"}, "System": {"Provider": {"#attributes": {"Name": "Microsoft-Windows-Kernel-General", "Guid": "A68CA8B7-004F-D7B6-A698-07E2DE0F1F5D"}}, "EventID": 16, "Version": 0, "Level": 4, "Task": 0, "Opcode": 0, "Keywords": "0x8000000000000000", "TimeCreated": {"#attributes": {"SystemTime": "2025-08-13T19:50:11.737671Z"}}, "EventRecordID": 127, "Correlation": null, "Execution": {"#attributes": {"ProcessID": 3160, "ThreadID": 3732}}, "Channel": "System", "Computer": "WIN-LC7SFT89DTG", "Security": {"#attributes": {"UserID": "S-1-5-18"}}}, "EventData": {"HiveNameLength": 141, "HiveName": "\\??\\C:\\ProgramData\\Microsoft\\Windows\\AppRepository\\Packages\\Microsoft.AccountsControl_10.0.17763.1_neutral__cw5n1h2txyewy\\ActivationStore.dat", "KeysUpdated": 0, "DirtyPages": 0}}},
{"TimeGenerated": "2025-08-13T19:50:11.802127Z", "EventID": {"#attributes": {"Qualifiers": 16384}, "#text": 7036}, "Computer": "WIN-LC7SFT89DTG", "RawEvent": {"#attributes": {"xmlns": "http://schemas.microsoft.com/win/2004/08/events/event"}, "System": {"Provider": {"#attributes": {"Name": "Service Control Manager", "Guid": "{555908d1-a6d7-4695-8e1e-26931d2012f4}", "EventSourceName": "Service Control Manager"}}, "EventID": {"#attributes": {"Qualifiers": 16384}, "#text": 7036}, "Version": 0, "Level": 4, "Task": 0, "Opcode": 0, "Keywords": "0x8080000000000000", "TimeCreated": {"#attributes": {"SystemTime": "2025-08-13T19:50:11.802127Z"}}, "EventRecordID": 128, "Correlation": null, "Execution": {"#attributes": {"ProcessID": 640, "ThreadID": 724}}, "Channel": "System", "Computer": "WIN-LC7SFT89DTG", "Security": null}, "EventData": {"param1": "TCP/IP NetBIOS Helper", "param2": "running", "Binary": "6C006D0068006F007300740073002F0034000000"}}},
{"TimeGenerated": "2025-08-13T19:50:11.818767Z", "EventID": 16, "Computer": "WIN-LC7SFT89DTG", "RawEvent": {"#attributes": {"xmlns": "http://schemas.microsoft.com/win/2004/08/events/event"}, "System": {"Provider": {"#attributes": {"Name": "Microsoft-Windows-Kernel-General", "Guid": "A68CA8B7-004F-D7B6-A698-07E2DE0F1F5D"}}, "EventID": 16, "Version": 0, "Level": 4, "Task": 0, "Opcode": 0, "Keywords": "0x8000000000000000", "TimeCreated": {"#attributes": {"SystemTime": "2025-08-13T19:50:11.818767Z"}}, "EventRecordID": 129, "Correlation": null, "Execution": {"#attributes": {"ProcessID": 3160, "ThreadID": 3732}}, "Channel": "System", "Computer": "WIN-LC7SFT89DTG", "Security": {"#attributes": {"UserID": "S-1-5-18"}}}, "EventData": {"HiveNameLength": 142, "HiveName": "\\??\\C:\\ProgramData\\Microsoft\\Windows\\AppRepository\\Packages\\Microsoft.AsyncTextService_10.0.17763.1_neutral__8wekyb3d8bbwe\\ActivationStore.dat", "KeysUpdated": 0, "DirtyPages": 0}}},
{"TimeGenerated": "2025-08-13T19:50:11.897378Z", "EventID": 16, "Computer": "WIN-LC7SFT89DTG", "RawEvent": {"#attributes": {"xmlns": "http://schemas.microsoft.com/win/2004/08/events/event"}, "System": {"Provider": {"#attributes": {"Name": "Microsoft-Windows-Kernel-General", "Guid": "A68CA8B7-004F-D7B6-A698-07E2DE0F1F5D"}}, "EventID": 16, "Version": 0, "Level": 4, "Task": 0, "Opcode": 0, "Keywords": "0x8000000000000000", "TimeCreated": {"#attributes": {"SystemTime": "2025-08-13T19:50:11.897378Z"}}, "EventRecordID": 130, "Correlation": null, "Execution": {"#attributes": {"ProcessID": 3160, "ThreadID": 3732}}, "Channel": "System", "Computer": "WIN-LC7SFT89DTG", "Security": {"#attributes": {"UserID": "S-1-5-18"}}}, "EventData": {"HiveNameLength": 139, "HiveName": "\\??\\C:\\ProgramData\\Microsoft\\Windows\\AppRepository\\Packages\\Microsoft.BioEnrollment_10.0.17763.1_neutral__cw5n1h2txyewy\\ActivationStore.dat", "KeysUpdated": 0, "DirtyPages": 0}}},
{"TimeGenerated": "2025-08-13T19:50:11.980607Z", "EventID": 16, "Computer": "WIN-LC7SFT89DTG", "RawEvent": {"#attributes": {"xmlns": "http://schemas.microsoft.com/win/2004/08/events/event"}, "System": {"Provider": {"#attributes": {"Name": "Microsoft-Windows-Kernel-General", "Guid": "A68CA8B7-004F-D7B6-A698-07E2DE0F1F5D"}}, "EventID": 16, "Version": 0, "Level": 4, "Task": 0, "Opcode": 0, "Keywords": "0x8000000000000000", "TimeCreated": {"#attributes": {"SystemTime": "2025-08-13T19:50:11.980607Z"}}, "EventRecordID": 131, "Correlation": null, "Execution": {"#attributes": {"ProcessID": 3160, "ThreadID": 3732}}, "Channel": "System", "Computer": "WIN-LC7SFT89DTG", "Security": {"#attributes": {"UserID": "S-1-5-18"}}}, "EventData": {"HiveNameLength": 140, "HiveName": "\\??\\C:\\ProgramData\\Microsoft\\Windows\\AppRepository\\Packages\\Microsoft.CredDialogHost_10.0.17763.1_neutral__cw5n1h2txyewy\\ActivationStore.dat", "KeysUpdated": 0, "DirtyPages": 0}}},
{"TimeGenerated": "2025-08-13T19:50:12.061254Z", "EventID": 16, "Computer": "WIN-LC7SFT89DTG", "RawEvent": {"#attributes": {"xmlns": "http://schemas.microsoft.com/win/2004/08/events/event"}, "System": {"Provider": {"#attributes": {"Name": "Microsoft-Windows-Kernel-General", "Guid": "A68CA8B7-004F-D7B6-A698-07E2DE0F1F5D"}}, "EventID": 16, "Version": 0, "Level": 4, "Task": 0, "Opcode": 0, "Keywords": "0x8000000000000000", "TimeCreated": {"#attributes": {"SystemTime": "2025-08-13T19:50:12.061254Z"}}, "EventRecordID": 132, "Correlation": null, "Execution": {"#attributes": {"ProcessID": 3160, "ThreadID": 3732}}, "Channel": "System", "Computer": "WIN-LC7SFT89DTG", "Security": {"#attributes": {"UserID": "S-1-5-18"}}}, "EventData": {"HiveNameLength": 131, "HiveName": "\\??\\C:\\ProgramData\\Microsoft\\Windows\\AppRepository\\Packages\\Microsoft.ECApp_10.0.17763.1_neutral__8wekyb3d8bbwe\\ActivationStore.dat", "KeysUpdated": 0, "DirtyPages": 0}}},
{"TimeGenerated": "2025-08-13T19:50:12.138829Z", "EventID": 16, "Computer": "WIN-LC7SFT89DTG", "RawEvent": {"#attributes": {"xmlns": "http://schemas.microsoft.com/win/2004/08/events/event"}, "System": {"Provider": {"#attributes": {"Name": "Microsoft-Windows-Kernel-General", "Guid": "A68CA8B7-004F-D7B6-A698-07E2DE0F1F5D"}}, "EventID": 16, "Version": 0, "Level": 4, "Task": 0, "Opcode": 0, "Keywords": "0x8000000000000000", "TimeCreated": {"#attributes": {"SystemTime": "2025-08-13T19:50:12.138829Z"}}, "EventRecordID": 133, "Correlation": null, "Execution": {"#attributes": {"ProcessID": 3160, "ThreadID": 3732}}, "Channel": "System", "Computer": "WIN-LC7SFT89DTG", "Security": {"#attributes": {"UserID": "S-1-5-18"}}}, "EventData": {"HiveNameLength": 133, "HiveName": "\\??\\C:\\ProgramData\\Microsoft\\Windows\\AppRepository\\Packages\\Microsoft.LockApp_10.0.17763.1_neutral__cw5n1h2txyewy\\ActivationStore.dat", "KeysUpdated": 0, "DirtyPages": 0}}},
{"TimeGenerated": "2025-08-13T19:50:12.161115Z", "EventID": {"#attributes": {"Qualifiers": 16384}, "#text": 7036}, "Computer": "WIN-LC7SFT89DTG", "RawEvent": {"#attributes": {"xmlns": "http://schemas.microsoft.com/win/2004/08/events/event"}, "System": {"Provider": {"#attributes": {"Name": "Service Control Manager", "Guid": "{555908d1-a6d7-4695-8e1e-26931d2012f4}", "EventSourceName": "Service Control Manager"}}, "EventID": {"#attributes": {"Qualifiers": 16384}, "#text": 7036}, "Version": 0, "Level": 4, "Task": 0, "Opcode": 0, "Keywords": "0x8080000000000000", "TimeCreated": {"#attributes": {"SystemTime": "2025-08-13T19:50:12.161115Z"}}, "EventRecordID": 134, "Correlation": null, "Execution": {"#attributes": {"ProcessID": 640, "ThreadID": 724}}, "Channel": "System", "Computer": "WIN-LC7SFT89DTG", "Security": null}, "EventData": {"param1": "TrustedInstaller", "param2": "running", "Binary": "540072007500730074006500640049006E007300740061006C006C00650072002F0034000000"}}},
{"TimeGenerated": "2025-08-13T19:50:12.220720Z", "EventID": 16, "Computer": "WIN-LC7SFT89DTG", "RawEvent": {"#attributes": {"xmlns": "http://schemas.microsoft.com/win/2004/08/events/event"}, "System": {"Provider": {"#attributes": {"Name": "Microsoft-Windows-Kernel-General", "Guid": "A68CA8B7-004F-D7B6-A698-07E2DE0F1F5D"}}, "EventID": 16, "Version": 0, "Level": 4, "Task": 0, "Opcode": 0, "Keywords": "0x8000000000000000", "TimeCreated": {"#attributes": {"SystemTime": "2025-08-13T19:50:12.220720Z"}}, "EventRecordID": 135, "Correlation": null, "Execution": {"#attributes": {"ProcessID": 3160, "ThreadID": 3732}}, "Channel": "System", "Computer": "WIN-LC7SFT89DTG", "Security": {"#attributes": {"UserID": "S-1-5-18"}}}, "EventData": {"HiveNameLength": 149, "HiveName": "\\??\\C:\\ProgramData\\Microsoft\\Windows\\AppRepository\\Packages\\Microsoft.Win32WebViewHost_10.0.17763.1_neutral_neutral_cw5n1h2txyewy\\ActivationStore.dat", "KeysUpdated": 0, "DirtyPages": 0}}},
{"TimeGenerated": "2025-08-13T19:50:12.302005Z", "EventID": 16, "Computer": "WIN-LC7SFT89DTG", "RawEvent": {"#attributes": {"xmlns": "http://schemas.microsoft.com/win/2004/08/events/event"}, "System": {"Provider": {"#attributes": {"Name": "Microsoft-Windows-Kernel-General", "Guid": "A68CA8B7-004F-D7B6-A698-07E2DE0F1F5D"}}, "EventID": 16, "Version": 0, "Level": 4, "Task": 0, "Opcode": 0, "Keywords": "0x8000000000000000", "TimeCreated": {"#attributes": {"SystemTime": "2025-08-13T19:50:12.302005Z"}}, "EventRecordID": 136, "Correlation": null, "Execution": {"#attributes": {"ProcessID": 3160, "ThreadID": 3732}}, "Channel": "System", "Computer": "WIN-LC7SFT89DTG", "Security": {"#attributes": {"UserID": "S-1-5-18"}}}, "EventData": {"HiveNameLength": 156, "HiveName": "\\??\\C:\\ProgramData\\Microsoft\\Windows\\AppRepository\\Packages\\Microsoft.Windows.Apprep.ChxApp_1000.17763.1.0_neutral_neutral_cw5n1h2txyewy\\ActivationStore.dat", "KeysUpdated": 0, "DirtyPages": 0}}},
{"TimeGenerated": "2025-08-13T19:50:12.382959Z", "EventID": 16, "Computer": "WIN-LC7SFT89DTG", "RawEvent": {"#attributes": {"xmlns": "http://schemas.microsoft.com/win/2004/08/events/event"}, "System": {"Provider": {"#attributes": {"Name": "Microsoft-Windows-Kernel-General", "Guid": "A68CA8B7-004F-D7B6-A698-07E2DE0F1F5D"}}, "EventID": 16, "Version": 0, "Level": 4, "Task": 0, "Opcode": 0, "Keywords": "0x8000000000000000", "TimeCreated": {"#attributes": {"SystemTime": "2025-08-13T19:50:12.382959Z"}}, "EventRecordID": 137, "Correlation": null, "Execution": {"#attributes": {"ProcessID": 3160, "ThreadID": 3732}}, "Channel": "System", "Computer": "WIN-LC7SFT89DTG", "Security": {"#attributes": {"UserID": "S-1-5-18"}}}, "EventData": {"HiveNameLength": 147, "HiveName": "\\??\\C:\\ProgramData\\Microsoft\\Windows\\AppRepository\\Packages\\Microsoft.Windows.CapturePicker_10.0.17763.1_neutral__cw5n1h2txyewy\\ActivationStore.dat", "KeysUpdated": 0, "DirtyPages": 0}}},
{"TimeGenerated": "2025-08-13T19:50:12.467167Z", "EventID": 16, "Computer": "WIN-LC7SFT89DTG", "RawEvent": {"#attributes": {"xmlns": "http://schemas.microsoft.com/win/2004/08/events/event"}, "System": {"Provider": {"#attributes": {"Name": "Microsoft-Windows-Kernel-General", "Guid": "A68CA8B7-004F-D7B6-A698-07E2DE0F1F5D"}}, "EventID": 16, "Version": 0, "Level": 4, "Task": 0, "Opcode": 0, "Keywords": "0x8000000000000000", "TimeCreated": {"#attributes": {"SystemTime": "2025-08-13T19:50:12.467167Z"}}, "EventRecordID": 138, "Correlation": null, "Execution": {"#attributes": {"ProcessID": 3160, "ThreadID": 3732}}, "Channel": "System", "Computer": "WIN-LC7SFT89DTG", "Security": {"#attributes": {"UserID": "S-1-5-18"}}}, "EventData": {"HiveNameLength": 160, "HiveName": "\\??\\C:\\ProgramData\\Microsoft\\Windows\\AppRepository\\Packages\\Microsoft.Windows.CloudExperienceHost_10.0.17763.1_neutral_neutral_cw5n1h2txyewy\\ActivationStore.dat", "KeysUpdated": 0, "DirtyPages": 0}}},
{"TimeGenerated": "2025-08-13T19:50:12.512408Z", "EventID": 134, "Computer": "WIN-LC7SFT89DTG", "RawEvent": {"#attributes": {"xmlns": "http://schemas.microsoft.com/win/2004/08/events/event"}, "System": {"Provider": {"#attributes": {"Name": "Microsoft-Windows-Time-Service", "Guid": "06EDCFEB-0FD0-4E53-ACCA-A6F8BBF81BCB"}}, "EventID": 134, "Version": 0, "Level": 3, "Task": 0, "Opcode": 0, "Keywords": "0x8000000000000000", "TimeCreated": {"#attributes": {"SystemTime": "2025-08-13T19:50:12.512408Z"}}, "EventRecordID": 139, "Correlation": null, "Execution": {"#attributes": {"ProcessID": 2540, "ThreadID": 2816}}, "Channel": "System", "Computer": "WIN-LC7SFT89DTG", "Security": {"#attributes": {"UserID": "S-1-5-19"}}}, "EventData": {"#attributes": {"Name": "TMP_EVENT_MANUAL_PEER_DNS_ERROR"}, "ErrorMessage": "No such host is known. (0x80072AF9)", "RetryMinutes": 15, "DomainPeer": "time.windows.com,0x8"}}},
{"TimeGenerated": "2025-08-13T19:50:12.538737Z", "EventID": 16, "Computer": "WIN-LC7SFT89DTG", "RawEvent": {"#attributes": {"xmlns": "http://schemas.microsoft.com/win/2004/08/events/event"}, "System": {"Provider": {"#attributes": {"Name": "Microsoft-Windows-Kernel-General", "Guid": "A68CA8B7-004F-D7B6-A698-07E2DE0F1F5D"}}, "EventID": 16, "Version": 0, "Level": 4, "Task": 0, "Opcode": 0, "Keywords": "0x8000000000000000", "TimeCreated": {"#attributes": {"SystemTime": "2025-08-13T19:50:12.538737Z"}}, "EventRecordID": 140, "Correlation": null, "Execution": {"#attributes": {"ProcessID": 2580, "ThreadID": 3036}}, "Channel": "System", "Computer": "WIN-LC7SFT89DTG", "Security": {"#attributes": {"UserID": "S-1-5-18"}}}, "EventData": {"HiveNameLength": 35, "HiveName": "\\??\\C:\\Windows\\system32\\Config\\Elam", "KeysUpdated": 1, "DirtyPages": 1}}},
{"TimeGenerated": "2025-08-13T19:50:12.630527Z", "EventID": {"#attributes": {"Qualifiers": 16384}, "#text": 7036}, "Computer": "WIN-LC7SFT89DTG", "RawEvent": {"#attributes": {"xmlns": "http://schemas.microsoft.com/win/2004/08/events/event"}, "System": {"Provider": {"#attributes": {"Name": "Service Control Manager", "Guid": "{555908d1-a6d7-4695-8e1e-26931d2012f4}", "EventSourceName": "Service Control Manager"}}, "EventID": {"#attributes": {"Qualifiers": 16384}, "#text": 7036}, "Version": 0, "Level": 4, "Task": 0, "Opcode": 0, "Keywords": "0x8080000000000000", "TimeCreated": {"#attributes": {"SystemTime": "2025-08-13T19:50:12.630527Z"}}, "EventRecordID": 141, "Correlation": null, "Execution": {"#attributes": {"ProcessID": 640, "ThreadID": 1344}}, "Channel": "System", "Computer": "WIN-LC7SFT89DTG", "Security": null}, "EventData": {"param1": "Windows Defender Antivirus Network Inspection Service", "param2": "running", "Binary": "570064004E00690073005300760063002F0034000000"}}},
{"TimeGenerated": "2025-08-13T19:50:12.641398Z", "EventID": 16, "Computer": "WIN-LC7SFT89DTG", "RawEvent": {"#attributes": {"xmlns": "http://schemas.microsoft.com/win/2004/08/events/event"}, "System": {"Provider": {"#attributes": {"Name": "Microsoft-Windows-Kernel-General", "Guid": "A68CA8B7-004F-D7B6-A698-07E2DE0F1F5D"}}, "EventID": 16, "Version": 0, "Level": 4, "Task": 0, "Opcode": 0, "Keywords": "0x8000000000000000", "TimeCreated": {"#attributes": {"SystemTime": "2025-08-13T19:50:12.641398Z"}}, "EventRecordID": 142, "Correlation": null, "Execution": {"#attributes": {"ProcessID": 3160, "ThreadID": 3732}}, "Channel": "System", "Computer": "WIN-LC7SFT89DTG", "Security": {"#attributes": {"UserID": "S-1-5-18"}}}, "EventData": {"HiveNameLength": 148, "HiveName": "\\??\\C:\\ProgramData\\Microsoft\\Windows\\AppRepository\\Packages\\Microsoft.Windows.Cortana_1.11.6.17763_neutral_neutral_cw5n1h2txyewy\\ActivationStore.dat", "KeysUpdated": 0, "DirtyPages": 0}}},
{"TimeGenerated": "2025-08-13T19:50:12.737121Z", "EventID": 16, "Computer": "WIN-LC7SFT89DTG", "RawEvent": {"#attributes": {"xmlns": "http://schemas.microsoft.com/win/2004/08/events/event"}, "System": {"Provider": {"#attributes": {"Name": "Microsoft-Windows-Kernel-General", "Guid": "A68CA8B7-004F-D7B6-A698-07E2DE0F1F5D"}}, "EventID": 16, "Version": 0, "Level": 4, "Task": 0, "Opcode": 0, "Keywords": "0x8000000000000000", "TimeCreated": {"#attributes": {"SystemTime": "2025-08-13T19:50:12.737121Z"}}, "EventRecordID": 143, "Correlation": null, "Execution": {"#attributes": {"ProcessID": 3160, "ThreadID": 3732}}, "Channel": "System", "Computer": "WIN-LC7SFT89DTG", "Security": {"#attributes": {"UserID": "S-1-5-18"}}}, "EventData": {"HiveNameLength": 159, "HiveName": "\\??\\C:\\ProgramData\\Microsoft\\Windows\\AppRepository\\Packages\\Microsoft.Windows.NarratorQuickStart_10.0.17763.1_neutral_neutral_8wekyb3d8bbwe\\ActivationStore.dat", "KeysUpdated": 0, "DirtyPages": 0}}},
{"TimeGenerated": "2025-08-13T19:50:12.814893Z", "EventID": 16, "Computer": "WIN-LC7SFT89DTG", "RawEvent": {"#attributes": {"xmlns": "http://schemas.microsoft.com/win/2004/08/events/event"}, "System": {"Provider": {"#attributes": {"Name": "Microsoft-Windows-Kernel-General", "Guid": "A68CA8B7-004F-D7B6-A698-07E2DE0F1F5D"}}, "EventID": 16, "Version": 0, "Level": 4, "Task": 0, "Opcode": 0, "Keywords": "0x8000000000000000", "TimeCreated": {"#attributes": {"SystemTime": "2025-08-13T19:50:12.814893Z"}}, "EventRecordID": 144, "Correlation": null, "Execution": {"#attributes": {"ProcessID": 3160, "ThreadID": 3732}}, "Channel": "System", "Computer": "WIN-LC7SFT89DTG", "Security": {"#attributes": {"UserID": "S-1-5-18"}}}, "EventData": {"HiveNameLength": 158, "HiveName": "\\??\\C:\\ProgramData\\Microsoft\\Windows\\AppRepository\\Packages\\Microsoft.Windows.OOBENetworkCaptivePortal_10.0.17763.1_neutral__cw5n1h2txyewy\\ActivationStore.dat", "KeysUpdated": 0, "DirtyPages": 0}}},
{"TimeGenerated": "2025-08-13T19:50:12.894962Z", "EventID": 16, "Computer": "WIN-LC7SFT89DTG", "RawEvent": {"#attributes": {"xmlns": "http://schemas.microsoft.com/win/2004/08/events/event"}, "System": {"Provider": {"#attributes": {"Name": "Microsoft-Windows-Kernel-General", "Guid": "A68CA8B7-004F-D7B6-A698-07E2DE0F1F5D"}}, "EventID": 16, "Version": 0, "Level": 4, "Task": 0, "Opcode": 0, "Keywords": "0x8000000000000000", "TimeCreated": {"#attributes": {"SystemTime": "2025-08-13T19:50:12.894962Z"}}, "EventRecordID": 145, "Correlation": null, "Execution": {"#attributes": {"ProcessID": 3160, "ThreadID": 3732}}, "Channel": "System", "Computer": "WIN-LC7SFT89DTG", "Security": {"#attributes": {"UserID": "S-1-5-18"}}}, "EventData": {"HiveNameLength": 159, "HiveName": "\\??\\C:\\ProgramData\\Microsoft\\Windows\\AppRepository\\Packages\\Microsoft.Windows.OOBENetworkConnectionFlow_10.0.17763.1_neutral__cw5n1h2txyewy\\ActivationStore.dat", "KeysUpdated": 0, "DirtyPages": 0}}},
{"TimeGenerated": "2025-08-13T19:50:12.977060Z", "EventID": 16, "Computer": "WIN-LC7SFT89DTG", "RawEvent": {"#attributes": {"xmlns": "http://schemas.microsoft.com/win/2004/08/events/event"}, "System": {"Provider": {"#attributes": {"Name": "Microsoft-Windows-Kernel-General", "Guid": "A68CA8B7-004F-D7B6-A698-07E2DE0F1F5D"}}, "EventID": 16, "Version": 0, "Level": 4, "Task": 0, "Opcode": 0, "Keywords": "0x8000000000000000", "TimeCreated": {"#attributes": {"SystemTime": "2025-08-13T19:50:12.977060Z"}}, "EventRecordID": 146, "Correlation": null, "Execution": {"#attributes": {"ProcessID": 3160, "ThreadID": 3732}}, "Channel": "System", "Computer": "WIN-LC7SFT89DTG", "Security": {"#attributes": {"UserID": "S-1-5-18"}}}, "EventData": {"HiveNameLength": 161, "HiveName": "\\??\\C:\\ProgramData\\Microsoft\\Windows\\AppRepository\\Packages\\Microsoft.Windows.PeopleExperienceHost_10.0.17763.1_neutral_neutral_cw5n1h2txyewy\\ActivationStore.dat", "KeysUpdated": 0, "DirtyPages": 0}}},
{"TimeGenerated": "2025-08-13T19:50:13.078661Z", "EventID": 16, "Computer": "WIN-LC7SFT89DTG", "RawEvent": {"#attributes": {"xmlns": "http://schemas.microsoft.com/win/2004/08/events/event"}, "System": {"Provider": {"#attributes": {"Name": "Microsoft-Windows-Kernel-General", "Guid": "A68CA8B7-004F-D7B6-A698-07E2DE0F1F5D"}}, "EventID": 16, "Version": 0, "Level": 4, "Task": 0, "Opcode": 0, "Keywords": "0x8000000000000000", "TimeCreated": {"#attributes": {"SystemTime": "2025-08-13T19:50:13.078661Z"}}, "EventRecordID": 147, "Correlation": null, "Execution": {"#attributes": {"ProcessID": 3160, "ThreadID": 3732}}, "Channel": "System", "Computer": "WIN-LC7SFT89DTG", "Security": {"#attributes": {"UserID": "S-1-5-18"}}}, "EventData": {"HiveNameLength": 161, "HiveName": "\\??\\C:\\ProgramData\\Microsoft\\Windows\\AppRepository\\Packages\\Microsoft.Windows.PinningConfirmationDialog_1000.17763.1.0_neutral__cw5n1h2txyewy\\ActivationStore.dat", "KeysUpdated": 0, "DirtyPages": 0}}},
{"TimeGenerated": "2025-08-13T19:50:13.168136Z", "EventID": 16, "Computer": "WIN-LC7SFT89DTG", "RawEvent": {"#attributes": {"xmlns": "http://schemas.microsoft.com/win/2004/08/events/event"}, "System": {"Provider": {"#attributes": {"Name": "Microsoft-Windows-Kernel-General", "Guid": "A68CA8B7-004F-D7B6-A698-07E2DE0F1F5D"}}, "EventID": 16, "Version": 0, "Level": 4, "Task": 0, "Opcode": 0, "Keywords": "0x8000000000000000", "TimeCreated": {"#attributes": {"SystemTime": "2025-08-13T19:50:13.168136Z"}}, "EventRecordID": 148, "Correlation": null, "Execution": {"#attributes": {"ProcessID": 3160, "ThreadID": 3732}}, "Channel": "System", "Computer": "WIN-LC7SFT89DTG", "Security": {"#attributes": {"UserID": "S-1-5-18"}}}, "EventData": {"HiveNameLength": 148, "HiveName": "\\??\\C:\\ProgramData\\Microsoft\\Windows\\AppRepository\\Packages\\Microsoft.Windows.SecHealthUI_10.0.17763.3232_neutral__cw5n1h2txyewy\\ActivationStore.dat", "KeysUpdated": 0, "DirtyPages": 0}}},
{"TimeGenerated": "2025-08-13T19:50:13.264989Z", "EventID": 16, "Computer": "WIN-LC7SFT89DTG", "RawEvent": {"#attributes": {"xmlns": "http://schemas.microsoft.com/win/2004/08/events/event"}, "System": {"Provider": {"#attributes": {"Name": "Microsoft-Windows-Kernel-General", "Guid": "A68CA8B7-004F-D7B6-A698-07E2DE0F1F5D"}}, "EventID": 16, "Version": 0, "Level": 4, "Task": 0, "Opcode": 0, "Keywords": "0x8000000000000000", "TimeCreated": {"#attributes": {"SystemTime": "2025-08-13T19:50:13.264989Z"}}, "EventRecordID": 149, "Correlation": null, "Execution": {"#attributes": {"ProcessID": 3160, "ThreadID": 3732}}, "Channel": "System", "Computer": "WIN-LC7SFT89DTG", "Security": {"#attributes": {"UserID": "S-1-5-18"}}}, "EventData": {"HiveNameLength": 160, "HiveName": "\\??\\C:\\ProgramData\\Microsoft\\Windows\\AppRepository\\Packages\\Microsoft.Windows.ShellExperienceHost_10.0.17763.1_neutral_neutral_cw5n1h2txyewy\\ActivationStore.dat", "KeysUpdated": 0, "DirtyPages": 0}}},
{"TimeGenerated": "2025-08-13T19:50:13.346036Z", "EventID": 16, "Computer": "WIN-LC7SFT89DTG", "RawEvent": {"#attributes": {"xmlns": "http://schemas.microsoft.com/win/2004/08/events/event"}, "System": {"Provider": {"#attributes": {"Name": "Microsoft-Windows-Kernel-General", "Guid": "A68CA8B7-004F-D7B6-A698-07E2DE0F1F5D"}}, "EventID": 16, "Version": 0, "Level": 4, "Task": 0, "Opcode": 0, "Keywords": "0x8000000000000000", "TimeCreated": {"#attributes": {"SystemTime": "2025-08-13T19:50:13.346036Z"}}, "EventRecordID": 150, "Correlation": null, "Execution": {"#attributes": {"ProcessID": 3160, "ThreadID": 3732}}, "Channel": "System", "Computer": "WIN-LC7SFT89DTG", "Security": {"#attributes": {"UserID": "S-1-5-18"}}}, "EventData": {"HiveNameLength": 156, "HiveName": "\\??\\C:\\ProgramData\\Microsoft\\Windows\\AppRepository\\Packages\\Microsoft.Windows.XGpuEjectDialog_10.0.17763.1_neutral_neutral_cw5n1h2txyewy\\ActivationStore.dat", "KeysUpdated": 0, "DirtyPages": 0}}},
{"TimeGenerated": "2025-08-13T19:50:13.422203Z", "EventID": 16, "Computer": "WIN-LC7SFT89DTG", "RawEvent": {"#attributes": {"xmlns": "http://schemas.microsoft.com/win/2004/08/events/event"}, "System": {"Provider": {"#attributes": {"Name": "Microsoft-Windows-Kernel-General", "Guid": "A68CA8B7-004F-D7B6-A698-07E2DE0F1F5D"}}, "EventID": 16, "Version": 0, "Level": 4, "Task": 0, "Opcode": 0, "Keywords": "0x8000000000000000", "TimeCreated": {"#attributes": {"SystemTime": "2025-08-13T19:50:13.422203Z"}}, "EventRecordID": 151, "Correlation": null, "Execution": {"#attributes": {"ProcessID": 3160, "ThreadID": 3732}}, "Channel": "System", "Computer": "WIN-LC7SFT89DTG", "Security": {"#attributes": {"UserID": "S-1-5-18"}}}, "EventData": {"HiveNameLength": 141, "HiveName": "\\??\\C:\\ProgramData\\Microsoft\\Windows\\AppRepository\\Packages\\Windows.CBSPreview_10.0.17763.1_neutral_neutral_cw5n1h2txyewy\\ActivationStore.dat", "KeysUpdated": 0, "DirtyPages": 0}}},
{"TimeGenerated": "2025-08-13T19:50:13.505294Z", "EventID": 16, "Computer": "WIN-LC7SFT89DTG", "RawEvent": {"#attributes": {"xmlns": "http://schemas.microsoft.com/win/2004/08/events/event"}, "System": {"Provider": {"#attributes": {"Name": "Microsoft-Windows-Kernel-General", "Guid": "A68CA8B7-004F-D7B6-A698-07E2DE0F1F5D"}}, "EventID": 16, "Version": 0, "Level": 4, "Task": 0, "Opcode": 0, "Keywords": "0x8000000000000000", "TimeCreated": {"#attributes": {"SystemTime": "2025-08-13T19:50:13.505294Z"}}, "EventRecordID": 152, "Correlation": null, "Execution": {"#attributes": {"ProcessID": 3160, "ThreadID": 3732}}, "Channel": "System", "Computer": "WIN-LC7SFT89DTG", "Security": {"#attributes": {"UserID": "S-1-5-18"}}}, "EventData": {"HiveNameLength": 151, "HiveName": "\\??\\C:\\ProgramData\\Microsoft\\Windows\\AppRepository\\Packages\\windows.immersivecontrolpanel_10.0.2.1000_neutral_neutral_cw5n1h2txyewy\\ActivationStore.dat", "KeysUpdated": 0, "DirtyPages": 0}}},
{"TimeGenerated": "2025-08-13T19:50:13.578531Z", "EventID": 16, "Computer": "WIN-LC7SFT89DTG", "RawEvent": {"#attributes": {"xmlns": "http://schemas.microsoft.com/win/2004/08/events/event"}, "System": {"Provider": {"#attributes": {"Name": "Microsoft-Windows-Kernel-General", "Guid": "A68CA8B7-004F-D7B6-A698-07E2DE0F1F5D"}}, "EventID": 16, "Version": 0, "Level": 4, "Task": 0, "Opcode": 0, "Keywords": "0x8000000000000000", "TimeCreated": {"#attributes": {"SystemTime": "2025-08-13T19:50:13.578531Z"}}, "EventRecordID": 153, "Correlation": null, "Execution": {"#attributes": {"ProcessID": 3160, "ThreadID": 3732}}, "Channel": "System", "Computer": "WIN-LC7SFT89DTG", "Security": {"#attributes": {"UserID": "S-1-5-18"}}}, "EventData": {"HiveNameLength": 137, "HiveName": "\\??\\C:\\ProgramData\\Microsoft\\Windows\\AppRepository\\Packages\\Windows.PrintDialog_6.2.1.0_neutral_neutral_cw5n1h2txyewy\\ActivationStore.dat", "KeysUpdated": 0, "DirtyPages": 0}}},
{"TimeGenerated": "2025-08-13T19:50:14.023229Z", "EventID": 134, "Computer": "WIN-LC7SFT89DTG", "RawEvent": {"#attributes": {"xmlns": "http://schemas.microsoft.com/win/2004/08/events/event"}, "System": {"Provider": {"#attributes": {"Name": "Microsoft-Windows-Time-Service", "Guid": "06EDCFEB-0FD0-4E53-ACCA-A6F8BBF81BCB"}}, "EventID": 134, "Version": 0, "Level": 3, "Task": 0, "Opcode": 0, "Keywords": "0x8000000000000000", "TimeCreated": {"#attributes": {"SystemTime": "2025-08-13T19:50:14.023229Z"}}, "EventRecordID": 154, "Correlation": null, "Execution": {"#attributes": {"ProcessID": 2540, "ThreadID": 2740}}, "Channel": "System", "Computer": "WIN-LC7SFT89DTG", "Security": {"#attributes": {"UserID": "S-1-5-19"}}}, "EventData": {"#attributes": {"Name": "TMP_EVENT_MANUAL_PEER_DNS_ERROR"}, "ErrorMessage": "No such host is known. (0x80072AF9)", "RetryMinutes": 15, "DomainPeer": "time.windows.com,0x8"}}},
{"TimeGenerated": "2025-08-13T19:50:14.629705Z", "EventID": {"#attributes": {"Qualifiers": 16896}, "#text": 3}, "Computer": "WIN-LC7SFT89DTG", "RawEvent": {"#attributes": {"xmlns": "http://schemas.microsoft.com/win/2004/08/events/event"}, "System": {"Provider": {"#attributes": {"Name": "Virtual Disk Service"}}, "EventID": {"#attributes": {"Qualifiers": 16896}, "#text": 3}, "Level": 4, "Task": 0, "Keywords": "0x80000000000000", "TimeCreated": {"#attributes": {"SystemTime": "2025-08-13T19:50:14.629705Z"}}, "EventRecordID": 155, "Channel": "System", "Computer": "WIN-LC7SFT89DTG", "Security": null}, "EventData": {"Data": {"#text": "@2010005"}, "Binary": null}}},
{"TimeGenerated": "2025-08-13T19:50:14.160428Z", "EventID": 16, "Computer": "WIN-LC7SFT89DTG", "RawEvent": {"#attributes": {"xmlns": "http://schemas.microsoft.com/win/2004/08/events/event"}, "System": {"Provider": {"#attributes": {"Name": "Microsoft-Windows-Kernel-General", "Guid": "A68CA8B7-004F-D7B6-A698-07E2DE0F1F5D"}}, "EventID": 16, "Version": 0, "Level": 4, "Task": 0, "Opcode": 0, "Keywords": "0x8000000000000000", "TimeCreated": {"#attributes": {"SystemTime": "2025-08-13T19:50:14.160428Z"}}, "EventRecordID": 156, "Correlation": null, "Execution": {"#attributes": {"ProcessID": 1124, "ThreadID": 1128}}, "Channel": "System", "Computer": "WIN-LC7SFT89DTG", "Security": {"#attributes": {"UserID": "S-1-5-18"}}}, "EventData": {"HiveNameLength": 50, "HiveName": "\\Device\\HarddiskVolume2\\EFI\\Microsoft\\Recovery\\BCD", "KeysUpdated": 42, "DirtyPages": 2}}},
