{"TimeGenerated": "2025-08-17T10:51:50.918871Z", "EventID": {"#attributes": {"Qualifiers": 16384}, "#text": 7036}, "Computer": "DC01.garfield.htb", "RawEvent": {"#attributes": {"xmlns": "http://schemas.microsoft.com/win/2004/08/events/event"}, "System": {"Provider": {"#attributes": {"Name": "Service Control Manager", "Guid": "{555908d1-a6d7-4695-8e1e-26931d2012f4}", "EventSourceName": "Service Control Manager"}}, "EventID": {"#attributes": {"Qualifiers": 16384}, "#text": 7036}, "Version": 0, "Level": 4, "Task": 0, "Opcode": 0, "Keywords": "0x8080000000000000", "TimeCreated": {"#attributes": {"SystemTime": "2025-08-17T10:51:50.918871Z"}}, "EventRecordID": 1665, "Correlation": null, "Execution": {"#attributes": {"ProcessID": 752, "ThreadID": 1084}}, "Channel": "System", "Computer": "DC01.garfield.htb", "Security": null}, "EventData": {"param1": "SamSs", "param2": "running", "Binary": "530061006D00530073002F0034000000"}}},
{"TimeGenerated": "2025-08-17T10:51:50.965621Z", "EventID": {"#attributes": {"Qualifiers": 16384}, "#text": 7036}, "Computer": "DC01.garfield.htb", "RawEvent": {"#attributes": {"xmlns": "http://schemas.microsoft.com/win/2004/08/events/event"}, "System": {"Provider": {"#attributes": {"Name": "Service Control Manager", "Guid": "{555908d1-a6d7-4695-8e1e-26931d2012f4}", "EventSourceName": "Service Control Manager"}}, "EventID": {"#attributes": {"Qualifiers": 16384}, "#text": 7036}, "Version": 0, "Level": 4, "Task": 0, "Opcode": 0, "Keywords": "0x8080000000000000", "TimeCreated": {"#attributes": {"SystemTime": "2025-08-17T10:51:50.965621Z"}}, "EventRecordID": 1666, "Correlation": null, "Execution": {"#attributes": {"ProcessID": 752, "ThreadID": 1084}}, "Channel": "System", "Computer": "DC01.garfield.htb", "Security": null}, "EventData": {"param1": "LanmanServer", "param2": "running", "Binary": "4C0061006E006D0061006E005300650072007600650072002F0034000000"}}},
{"TimeGenerated": "2025-08-17T10:52:13.038938Z", "EventID": {"#attributes": {"Qualifiers": 0}, "#text": 5836}, "Computer": "DC01.garfield.htb", "RawEvent": {"#attributes": {"xmlns": "http://schemas.microsoft.com/win/2004/08/events/event"}, "System": {"Provider": {"#attributes": {"Name": "NETLOGON"}}, "EventID": {"#attributes": {"Qualifiers": 0}, "#text": 5836}, "Level": 4, "Task": 0, "Keywords": "0x80000000000000", "TimeCreated": {"#attributes": {"SystemTime": "2025-08-17T10:52:13.038938Z"}}, "EventRecordID": 1667, "Channel": "System", "Computer": "DC01.garfield.htb", "Security": null}, "EventData": {"Data": {"#text": "10"}, "Binary": null}}},
{"TimeGenerated": "2025-08-17T10:52:13.178567Z", "EventID": {"#attributes": {"Qualifiers": 16384}, "#text": 14533}, "Computer": "DC01.garfield.htb", "RawEvent": {"#attributes": {"xmlns": "http://schemas.microsoft.com/win/2004/08/events/event"}, "System": {"Provider": {"#attributes": {"Name": "Microsoft-Windows-DfsSvc", "Guid": "{7DA4FE0E-FD42-4708-9AA5-89B77A224885}", "EventSourceName": "DfsSvc"}}, "EventID": {"#attributes": {"Qualifiers": 16384}, "#text": 14533}, "Version": 0, "Level": 4, "Task": 0, "Opcode": 0, "Keywords": "0x80000000000000", "TimeCreated": {"#attributes": {"SystemTime": "2025-08-17T10:52:13.178567Z"}}, "EventRecordID": 1668, "Correlation": null, "Execution": {"#attributes": {"ProcessID": 0, "ThreadID": 0}}, "Channel": "System", "Computer": "DC01.garfield.htb", "Security": null}, "EventData": {"#attributes": {"Name": "DfsFinishBuildingNamespace"}}}},
{"TimeGenerated": "2025-08-17T10:52:13.178567Z", "EventID": {"#attributes": {"Qualifiers": 16384}, "#text": 14531}, "Computer": "DC01.garfield.htb", "RawEvent": {"#attributes": {"xmlns": "http://schemas.microsoft.com/win/2004/08/events/event"}, "System": {"Provider": {"#attributes": {"Name": "Microsoft-Windows-DfsSvc", "Guid": "{7DA4FE0E-FD42-4708-9AA5-89B77A224885}", "EventSourceName": "DfsSvc"}}, "EventID": {"#attributes": {"Qualifiers": 16384}, "#text": 14531}, "Version": 0, "Level": 4, "Task": 0, "Opcode": 0, "Keywords": "0x80000000000000", "TimeCreated": {"#attributes": {"SystemTime": "2025-08-17T10:52:13.178567Z"}}, "EventRecordID": 1669, "Correlation": null, "Execution": {"#attributes": {"ProcessID": 0, "ThreadID": 0}}, "Channel": "System", "Computer": "DC01.garfield.htb", "Security": null}, "EventData": {"#attributes": {"Name": "DfsFinishInit"}}}},
{"TimeGenerated": "2025-08-17T10:52:13.272283Z", "EventID": {"#attributes": {"Qualifiers": 7}, "#text": 10148}, "Computer": "DC01.garfield.htb", "RawEvent": {"#attributes": {"xmlns": "http://schemas.microsoft.com/win/2004/08/events/event"}, "System": {"Provider": {"#attributes": {"Name": "Microsoft-Windows-WinRM", "Guid": "{A7975C8F-AC13-49F1-87DA-5A984A4AB417}", "EventSourceName": "WinRM"}}, "EventID": {"#attributes": {"Qualifiers": 7}, "#text": 10148}, "Version": 0, "Level": 4, "Task": 0, "Opcode": 0, "Keywords": "0x80000000000000", "TimeCreated": {"#attributes": {"SystemTime": "2025-08-17T10:52:13.272283Z"}}, "EventRecordID": 1670, "Correlation": null, "Execution": {"#attributes": {"ProcessID": 0, "ThreadID": 0}}, "Channel": "System", "Computer": "DC01.garfield.htb", "Security": null}, "EventData": {"#attributes": {"Name": "Started Listening"}}}},
{"TimeGenerated": "2025-08-17T10:52:13.398757Z", "EventID": {"#attributes": {"Qualifiers": 16896}, "#text": 3}, "Computer": "DC01.garfield.htb", "RawEvent": {"#attributes": {"xmlns": "http://schemas.microsoft.com/win/2004/08/events/event"}, "System": {"Provider": {"#attributes": {"Name": "Virtual Disk Service"}}, "EventID": {"#attributes": {"Qualifiers": 16896}, "#text": 3}, "Level": 4, "Task": 0, "Keywords": "0x80000000000000", "TimeCreated": {"#attributes": {"SystemTime": "2025-08-17T10:52:13.398757Z"}}, "EventRecordID": 1671, "Channel": "System", "Computer": "DC01.garfield.htb", "Security": null}, "EventData": {"Data": {"#text": "@2010005"}, "Binary": null}}},
{"TimeGenerated": "2025-08-17T10:52:13.038938Z", "EventID": {"#attributes": {"Qualifiers": 16384}, "#text": 7036}, "Computer": "DC01.garfield.htb", "RawEvent": {"#attributes": {"xmlns": "http://schemas.microsoft.com/win/2004/08/events/event"}, "System": {"Provider": {"#attributes": {"Name": "Service Control Manager", "Guid": "{555908d1-a6d7-4695-8e1e-26931d2012f4}", "EventSourceName": "Service Control Manager"}}, "EventID": {"#attributes": {"Qualifiers": 16384}, "#text": 7036}, "Version": 0, "Level": 4, "Task": 0, "Opcode": 0, "Keywords": "0x8080000000000000", "TimeCreated": {"#attributes": {"SystemTime": "2025-08-17T10:52:13.038938Z"}}, "EventRecordID": 1672, "Correlation": null, "Execution": {"#attributes": {"ProcessID": 752, "ThreadID": 840}}, "Channel": "System", "Computer": "DC01.garfield.htb", "Security": null}, "EventData": {"param1": "Netlogon", "param2": "running", "Binary": "4E00650074006C006F0067006F006E002F0034000000"}}},
{"TimeGenerated": "2025-08-17T10:52:13.069130Z", "EventID": {"#attributes": {"Qualifiers": 16384}, "#text": 7036}, "Computer": "DC01.garfield.htb", "RawEvent": {"#attributes": {"xmlns": "http://schemas.microsoft.com/win/2004/08/events/event"}, "System": {"Provider": {"#attributes": {"Name": "Service Control Manager", "Guid": "{555908d1-a6d7-4695-8e1e-26931d2012f4}", "EventSourceName": "Service Control Manager"}}, "EventID": {"#attributes": {"Qualifiers": 16384}, "#text": 7036}, "Version": 0, "Level": 4, "Task": 0, "Opcode": 0, "Keywords": "0x8080000000000000", "TimeCreated": {"#attributes": {"SystemTime": "2025-08-17T10:52:13.069130Z"}}, "EventRecordID": 1673, "Correlation": null, "Execution": {"#attributes": {"ProcessID": 752, "ThreadID": 1224}}, "Channel": "System", "Computer": "DC01.garfield.htb", "Security": null}, "EventData": {"param1": "Spooler", "param2": "running", "Binary": "530070006F006F006C00650072002F0034000000"}}},
{"TimeGenerated": "2025-08-17T10:52:13.115937Z", "EventID": {"#attributes": {"Qualifiers": 16384}, "#text": 7036}, "Computer": "DC01.garfield.htb", "RawEvent": {"#attributes": {"xmlns": "http://schemas.microsoft.com/win/2004/08/events/event"}, "System": {"Provider": {"#attributes": {"Name": "Service Control Manager", "Guid": "{555908d1-a6d7-4695-8e1e-26931d2012f4}", "EventSourceName": "Service Control Manager"}}, "EventID": {"#attributes": {"Qualifiers": 16384}, "#text": 7036}, "Version": 0, "Level": 4, "Task": 0, "Opcode": 0, "Keywords": "0x8080000000000000", "TimeCreated": {"#attributes": {"SystemTime": "2025-08-17T10:52:13.115937Z"}}, "EventRecordID": 1674, "Correlation": null, "Execution": {"#attributes": {"ProcessID": 752, "ThreadID": 1224}}, "Channel": "System", "Computer": "DC01.garfield.htb", "Security": null}, "EventData": {"param1": "IsmServ", "param2": "running", "Binary": "490073006D0053006500720076002F0034000000"}}},
{"TimeGenerated": "2025-08-17T10:52:13.131582Z", "EventID": {"#attributes": {"Qualifiers": 16384}, "#text": 7036}, "Computer": "DC01.garfield.htb", "RawEvent": {"#attributes": {"xmlns": "http://schemas.microsoft.com/win/2004/08/events/event"}, "System": {"Provider": {"#attributes": {"Name": "Service Control Manager", "Guid": "{555908d1-a6d7-4695-8e1e-26931d2012f4}", "EventSourceName": "Service Control Manager"}}, "EventID": {"#attributes": {"Qualifiers": 16384}, "#text": 7036}, "Version": 0, "Level": 4, "Task": 0, "Opcode": 0, "Keywords": "0x8080000000000000", "TimeCreated": {"#attributes": {"SystemTime": "2025-08-17T10:52:13.131582Z"}}, "EventRecordID": 1675, "Correlation": null, "Execution": {"#attributes": {"ProcessID": 752, "ThreadID": 1156}}, "Channel": "System", "Computer": "DC01.garfield.htb", "Security": null}, "EventData": {"param1": "RemoteRegistry", "param2": "running", "Binary": "520065006D006F0074006500520065006700690073007400720079002F0034000000"}}},
{"TimeGenerated": "2025-08-17T10:52:13.147177Z", "EventID": {"#attributes": {"Qualifiers": 16384}, "#text": 7036}, "Computer": "DC01.garfield.htb", "RawEvent": {"#attributes": {"xmlns": "http://schemas.microsoft.com/win/2004/08/events/event"}, "System": {"Provider": {"#attributes": {"Name": "Service Control Manager", "Guid": "{555908d1-a6d7-4695-8e1e-26931d2012f4}", "EventSourceName": "Service Control Manager"}}, "EventID": {"#attributes": {"Qualifiers": 16384}, "#text": 7036}, "Version": 0, "Level": 4, "Task": 0, "Opcode": 0, "Keywords": "0x8080000000000000", "TimeCreated": {"#attributes": {"SystemTime": "2025-08-17T10:52:13.147177Z"}}, "EventRecordID": 1676, "Correlation": null, "Execution": {"#attributes": {"ProcessID": 752, "ThreadID": 1156}}, "Channel": "System", "Computer": "DC01.garfield.htb", "Security": null}, "EventData": {"param1": "CryptSvc", "param2": "running", "Binary": "430072007900700074005300760063002F0034000000"}}},
{"TimeGenerated": "2025-08-17T10:52:13.147177Z", "EventID": {"#attributes": {"Qualifiers": 16384}, "#text": 7036}, "Computer": "DC01.garfield.htb", "RawEvent": {"#attributes": {"xmlns": "http://schemas.microsoft.com/win/2004/08/events/event"}, "System": {"Provider": {"#attributes": {"Name": "Service Control Manager", "Guid": "{555908d1-a6d7-4695-8e1e-26931d2012f4}", "EventSourceName": "Service Control Manager"}}, "EventID": {"#attributes": {"Qualifiers": 16384}, "#text": 7036}, "Version": 0, "Level": 4, "Task": 0, "Opcode": 0, "Keywords": "0x8080000000000000", "TimeCreated": {"#attributes": {"SystemTime": "2025-08-17T10:52:13.147177Z"}}, "EventRecordID": 1677, "Correlation": null, "Execution": {"#attributes": {"ProcessID": 752, "ThreadID": 1156}}, "Channel": "System", "Computer": "DC01.garfield.htb", "Security": null}, "EventData": {"param1": "CoreMessagingRegistrar", "param2": "running", "Binary": "43006F00720065004D006500730073006100670069006E0067005200650067006900730074007200610072002F0034000000"}}},
{"TimeGenerated": "2025-08-17T10:52:13.147177Z", "EventID": {"#attributes": {"Qualifiers": 16384}, "#text": 7036}, "Computer": "DC01.garfield.htb", "RawEvent": {"#attributes": {"xmlns": "http://schemas.microsoft.com/win/2004/08/events/event"}, "System": {"Provider": {"#attributes": {"Name": "Service Control Manager", "Guid": "{555908d1-a6d7-4695-8e1e-26931d2012f4}", "EventSourceName": "Service Control Manager"}}, "EventID": {"#attributes": {"Qualifiers": 16384}, "#text": 7036}, "Version": 0, "Level": 4, "Task": 0, "Opcode": 0, "Keywords": "0x8080000000000000", "TimeCreated": {"#attributes": {"SystemTime": "2025-08-17T10:52:13.147177Z"}}, "EventRecordID": 1678, "Correlation": null, "Execution": {"#attributes": {"ProcessID": 752, "ThreadID": 1156}}, "Channel": "System", "Computer": "DC01.garfield.htb", "Security": null}, "EventData": {"param1": "DFSR", "param2": "running", "Binary": "44004600530052002F0034000000"}}},
{"TimeGenerated": "2025-08-17T10:52:13.147177Z", "EventID": {"#attributes": {"Qualifiers": 16384}, "#text": 7036}, "Computer": "DC01.garfield.htb", "RawEvent": {"#attributes": {"xmlns": "http://schemas.microsoft.com/win/2004/08/events/event"}, "System": {"Provider": {"#attributes": {"Name": "Service Control Manager", "Guid": "{555908d1-a6d7-4695-8e1e-26931d2012f4}", "EventSourceName": "Service Control Manager"}}, "EventID": {"#attributes": {"Qualifiers": 16384}, "#text": 7036}, "Version": 0, "Level": 4, "Task": 0, "Opcode": 0, "Keywords": "0x8080000000000000", "TimeCreated": {"#attributes": {"SystemTime": "2025-08-17T10:52:13.147177Z"}}, "EventRecordID": 1679, "Correlation": null, "Execution": {"#attributes": {"ProcessID": 752, "ThreadID": 1076}}, "Channel": "System", "Computer": "DC01.garfield.htb", "Security": null}, "EventData": {"param1": "SysMain", "param2": "running", "Binary": "5300790073004D00610069006E002F0034000000"}}},
{"TimeGenerated": "2025-08-17T10:52:13.162922Z", "EventID": {"#attributes": {"Qualifiers": 16384}, "#text": 7036}, "Computer": "DC01.garfield.htb", "RawEvent": {"#attributes": {"xmlns": "http://schemas.microsoft.com/win/2004/08/events/event"}, "System": {"Provider": {"#attributes": {"Name": "Service Control Manager", "Guid": "{555908d1-a6d7-4695-8e1e-26931d2012f4}", "EventSourceName": "Service Control Manager"}}, "EventID": {"#attributes": {"Qualifiers": 16384}, "#text": 7036}, "Version": 0, "Level": 4, "Task": 0, "Opcode": 0, "Keywords": "0x8080000000000000", "TimeCreated": {"#attributes": {"SystemTime": "2025-08-17T10:52:13.162922Z"}}, "EventRecordID": 1680, "Correlation": null, "Execution": {"#attributes": {"ProcessID": 752, "ThreadID": 1076}}, "Channel": "System", "Computer": "DC01.garfield.htb", "Security": null}, "EventData": {"param1": "WLMS", "param2": "running", "Binary": "57004C004D0053002F0034000000"}}},
{"TimeGenerated": "2025-08-17T10:52:13.162922Z", "EventID": {"#attributes": {"Qualifiers": 16384}, "#text": 7036}, "Computer": "DC01.garfield.htb", "RawEvent": {"#attributes": {"xmlns": "http://schemas.microsoft.com/win/2004/08/events/event"}, "System": {"Provider": {"#attributes": {"Name": "Service Control Manager", "Guid": "{555908d1-a6d7-4695-8e1e-26931d2012f4}", "EventSourceName": "Service Control Manager"}}, "EventID": {"#attributes": {"Qualifiers": 16384}, "#text": 7036}, "Version": 0, "Level": 4, "Task": 0, "Opcode": 0, "Keywords": "0x8080000000000000", "TimeCreated": {"#attributes": {"SystemTime": "2025-08-17T10:52:13.162922Z"}}, "EventRecordID": 1681, "Correlation": null, "Execution": {"#attributes": {"ProcessID": 752, "ThreadID": 840}}, "Channel": "System", "Computer": "DC01.garfield.htb", "Security": null}, "EventData": {"param1": "Dfs", "param2": "running", "Binary": "4400660073002F0034000000"}}},
{"TimeGenerated": "2025-08-17T10:52:13.178567Z", "EventID": {"#attributes": {"Qualifiers": 16384}, "#text": 7036}, "Computer": "DC01.garfield.htb", "RawEvent": {"#attributes": {"xmlns": "http://schemas.microsoft.com/win/2004/08/events/event"}, "System": {"Provider": {"#attributes": {"Name": "Service Control Manager", "Guid": "{555908d1-a6d7-4695-8e1e-26931d2012f4}", "EventSourceName": "Service Control Manager"}}, "EventID": {"#attributes": {"Qualifiers": 16384}, "#text": 7036}, "Version": 0, "Level": 4, "Task": 0, "Opcode": 0, "Keywords": "0x8080000000000000", "TimeCreated": {"#attributes": {"SystemTime": "2025-08-17T10:52:13.178567Z"}}, "EventRecordID": 1682, "Correlation": null, "Execution": {"#attributes": {"ProcessID": 752, "ThreadID": 1156}}, "Channel": "System", "Computer": "DC01.garfield.htb", "Security": null}, "EventData": {"param1": "vm3dservice", "param2": "running", "Binary": "76006D003300640073006500720076006900630065002F0034000000"}}},
{"TimeGenerated": "2025-08-17T10:52:13.178567Z", "EventID": {"#attributes": {"Qualifiers": 16384}, "#text": 7036}, "Computer": "DC01.garfield.htb", "RawEvent": {"#attributes": {"xmlns": "http://schemas.microsoft.com/win/2004/08/events/event"}, "System": {"Provider": {"#attributes": {"Name": "Service Control Manager", "Guid": "{555908d1-a6d7-4695-8e1e-26931d2012f4}", "EventSourceName": "Service Control Manager"}}, "EventID": {"#attributes": {"Qualifiers": 16384}, "#text": 7036}, "Version": 0, "Level": 4, "Task": 0, "Opcode": 0, "Keywords": "0x8080000000000000", "TimeCreated": {"#attributes": {"SystemTime": "2025-08-17T10:52:13.178567Z"}}, "EventRecordID": 1683, "Correlation": null, "Execution": {"#attributes": {"ProcessID": 752, "ThreadID": 1224}}, "Channel": "System", "Computer": "DC01.garfield.htb", "Security": null}, "EventData": {"param1": "VGAuthService", "param2": "running", "Binary": "56004700410075007400680053006500720076006900630065002F0034000000"}}},
{"TimeGenerated": "2025-08-17T10:52:13.178567Z", "EventID": {"#attributes": {"Qualifiers": 16384}, "#text": 7036}, "Computer": "DC01.garfield.htb", "RawEvent": {"#attributes": {"xmlns": "http://schemas.microsoft.com/win/2004/08/events/event"}, "System": {"Provider": {"#attributes": {"Name": "Service Control Manager", "Guid": "{555908d1-a6d7-4695-8e1e-26931d2012f4}", "EventSourceName": "Service Control Manager"}}, "EventID": {"#attributes": {"Qualifiers": 16384}, "#text": 7036}, "Version": 0, "Level": 4, "Task": 0, "Opcode": 0, "Keywords": "0x8080000000000000", "TimeCreated": {"#attributes": {"SystemTime": "2025-08-17T10:52:13.178567Z"}}, "EventRecordID": 1684, "Correlation": null, "Execution": {"#attributes": {"ProcessID": 752, "ThreadID": 1224}}, "Channel": "System", "Computer": "DC01.garfield.htb", "Security": null}, "EventData": {"param1": "VMTools", "param2": "running", "Binary": "56004D0054006F006F006C0073002F0034000000"}}},
{"TimeGenerated": "2025-08-17T10:52:13.194050Z", "EventID": {"#attributes": {"Qualifiers": 16384}, "#text": 7036}, "Computer": "DC01.garfield.htb", "RawEvent": {"#attributes": {"xmlns": "http://schemas.microsoft.com/win/2004/08/events/event"}, "System": {"Provider": {"#attributes": {"Name": "Service Control Manager", "Guid": "{555908d1-a6d7-4695-8e1e-26931d2012f4}", "EventSourceName": "Service Control Manager"}}, "EventID": {"#attributes": {"Qualifiers": 16384}, "#text": 7036}, "Version": 0, "Level": 4, "Task": 0, "Opcode": 0, "Keywords": "0x8080000000000000", "TimeCreated": {"#attributes": {"SystemTime": "2025-08-17T10:52:13.194050Z"}}, "EventRecordID": 1685, "Correlation": null, "Execution": {"#attributes": {"ProcessID": 752, "ThreadID": 1084}}, "Channel": "System", "Computer": "DC01.garfield.htb", "Security": null}, "EventData": {"param1": "vmms", "param2": "running", "Binary": "76006D006D0073002F0034000000"}}},
{"TimeGenerated": "2025-08-17T10:52:13.240919Z", "EventID": {"#attributes": {"Qualifiers": 16384}, "#text": 7036}, "Computer": "DC01.garfield.htb", "RawEvent": {"#attributes": {"xmlns": "http://schemas.microsoft.com/win/2004/08/events/event"}, "System": {"Provider": {"#attributes": {"Name": "Service Control Manager", "Guid": "{555908d1-a6d7-4695-8e1e-26931d2012f4}", "EventSourceName": "Service Control Manager"}}, "EventID": {"#attributes": {"Qualifiers": 16384}, "#text": 7036}, "Version": 0, "Level": 4, "Task": 0, "Opcode": 0, "Keywords": "0x8080000000000000", "TimeCreated": {"#attributes": {"SystemTime": "2025-08-17T10:52:13.240919Z"}}, "EventRecordID": 1686, "Correlation": null, "Execution": {"#attributes": {"ProcessID": 752, "ThreadID": 1084}}, "Channel": "System", "Computer": "DC01.garfield.htb", "Security": null}, "EventData": {"param1": "WinDefend", "param2": "running", "Binary": "570069006E0044006500660065006E0064002F0034000000"}}},
{"TimeGenerated": "2025-08-17T10:52:13.256553Z", "EventID": {"#attributes": {"Qualifiers": 16384}, "#text": 7036}, "Computer": "DC01.garfield.htb", "RawEvent": {"#attributes": {"xmlns": "http://schemas.microsoft.com/win/2004/08/events/event"}, "System": {"Provider": {"#attributes": {"Name": "Service Control Manager", "Guid": "{555908d1-a6d7-4695-8e1e-26931d2012f4}", "EventSourceName": "Service Control Manager"}}, "EventID": {"#attributes": {"Qualifiers": 16384}, "#text": 7036}, "Version": 0, "Level": 4, "Task": 0, "Opcode": 0, "Keywords": "0x8080000000000000", "TimeCreated": {"#attributes": {"SystemTime": "2025-08-17T10:52:13.256553Z"}}, "EventRecordID": 1687, "Correlation": null, "Execution": {"#attributes": {"ProcessID": 752, "ThreadID": 840}}, "Channel": "System", "Computer": "DC01.garfield.htb", "Security": null}, "EventData": {"param1": "WpnService", "param2": "running", "Binary": "570070006E0053006500720076006900630065002F0034000000"}}},
{"TimeGenerated": "2025-08-17T10:52:13.287826Z", "EventID": {"#attributes": {"Qualifiers": 16384}, "#text": 7036}, "Computer": "DC01.garfield.htb", "RawEvent": {"#attributes": {"xmlns": "http://schemas.microsoft.com/win/2004/08/events/event"}, "System": {"Provider": {"#attributes": {"Name": "Service Control Manager", "Guid": "{555908d1-a6d7-4695-8e1e-26931d2012f4}", "EventSourceName": "Service Control Manager"}}, "EventID": {"#attributes": {"Qualifiers": 16384}, "#text": 7036}, "Version": 0, "Level": 4, "Task": 0, "Opcode": 0, "Keywords": "0x8080000000000000", "TimeCreated": {"#attributes": {"SystemTime": "2025-08-17T10:52:13.287826Z"}}, "EventRecordID": 1688, "Correlation": null, "Execution": {"#attributes": {"ProcessID": 752, "ThreadID": 840}}, "Channel": "System", "Computer": "DC01.garfield.htb", "Security": null}, "EventData": {"param1": "WinRM", "param2": "running", "Binary": "570069006E0052004D002F0034000000"}}},
{"TimeGenerated": "2025-08-17T10:52:13.319068Z", "EventID": {"#attributes": {"Qualifiers": 16384}, "#text": 7036}, "Computer": "DC01.garfield.htb", "RawEvent": {"#attributes": {"xmlns": "http://schemas.microsoft.com/win/2004/08/events/event"}, "System": {"Provider": {"#attributes": {"Name": "Service Control Manager", "Guid": "{555908d1-a6d7-4695-8e1e-26931d2012f4}", "EventSourceName": "Service Control Manager"}}, "EventID": {"#attributes": {"Qualifiers": 16384}, "#text": 7036}, "Version": 0, "Level": 4, "Task": 0, "Opcode": 0, "Keywords": "0x8080000000000000", "TimeCreated": {"#attributes": {"SystemTime": "2025-08-17T10:52:13.319068Z"}}, "EventRecordID": 1689, "Correlation": null, "Execution": {"#attributes": {"ProcessID": 752, "ThreadID": 1224}}, "Channel": "System", "Computer": "DC01.garfield.htb", "Security": null}, "EventData": {"param1": "sppsvc", "param2": "running", "Binary": "7300700070007300760063002F0034000000"}}},
{"TimeGenerated": "2025-08-17T10:52:13.414277Z", "EventID": {"#attributes": {"Qualifiers": 16384}, "#text": 7036}, "Computer": "DC01.garfield.htb", "RawEvent": {"#attributes": {"xmlns": "http://schemas.microsoft.com/win/2004/08/events/event"}, "System": {"Provider": {"#attributes": {"Name": "Service Control Manager", "Guid": "{555908d1-a6d7-4695-8e1e-26931d2012f4}", "EventSourceName": "Service Control Manager"}}, "EventID": {"#attributes": {"Qualifiers": 16384}, "#text": 7036}, "Version": 0, "Level": 4, "Task": 0, "Opcode": 0, "Keywords": "0x8080000000000000", "TimeCreated": {"#attributes": {"SystemTime": "2025-08-17T10:52:13.414277Z"}}, "EventRecordID": 1690, "Correlation": null, "Execution": {"#attributes": {"ProcessID": 752, "ThreadID": 840}}, "Channel": "System", "Computer": "DC01.garfield.htb", "Security": null}, "EventData": {"param1": "vds", "param2": "running", "Binary": "7600640073002F0034000000"}}},
{"TimeGenerated": "2025-08-17T10:52:13.414277Z", "EventID": {"#attributes": {"Qualifiers": 16384}, "#text": 7036}, "Computer": "DC01.garfield.htb", "RawEvent": {"#attributes": {"xmlns": "http://schemas.microsoft.com/win/2004/08/events/event"}, "System": {"Provider": {"#attributes": {"Name": "Service Control Manager", "Guid": "{555908d1-a6d7-4695-8e1e-26931d2012f4}", "EventSourceName": "Service Control Manager"}}, "EventID": {"#attributes": {"Qualifiers": 16384}, "#text": 7036}, "Version": 0, "Level": 4, "Task": 0, "Opcode": 0, "Keywords": "0x8080000000000000", "TimeCreated": {"#attributes": {"SystemTime": "2025-08-17T10:52:13.414277Z"}}, "EventRecordID": 1691, "Correlation": null, "Execution": {"#attributes": {"ProcessID": 752, "ThreadID": 1076}}, "Channel": "System", "Computer": "DC01.garfield.htb", "Security": null}, "EventData": {"param1": "vmvss", "param2": "running", "Binary": "76006D007600730073002F0034000000"}}},
{"TimeGenerated": "2025-08-17T10:52:13.459673Z", "EventID": {"#attributes": {"Qualifiers": 16384}, "#text": 7036}, "Computer": "DC01.garfield.htb", "RawEvent": {"#attributes": {"xmlns": "http://schemas.microsoft.com/win/2004/08/events/event"}, "System": {"Provider": {"#attributes": {"Name": "Service Control Manager", "Guid": "{555908d1-a6d7-4695-8e1e-26931d2012f4}", "EventSourceName": "Service Control Manager"}}, "EventID": {"#attributes": {"Qualifiers": 16384}, "#text": 7036}, "Version": 0, "Level": 4, "Task": 0, "Opcode": 0, "Keywords": "0x8080000000000000", "TimeCreated": {"#attributes": {"SystemTime": "2025-08-17T10:52:13.459673Z"}}, "EventRecordID": 1692, "Correlation": null, "Execution": {"#attributes": {"ProcessID": 752, "ThreadID": 1084}}, "Channel": "System", "Computer": "DC01.garfield.htb", "Security": null}, "EventData": {"param1": "COMSysApp", "param2": "running", "Binary": "43004F004D005300790073004100700070002F0034000000"}}},
{"TimeGenerated": "2025-08-17T10:52:13.584699Z", "EventID": {"#attributes": {"Qualifiers": 16384}, "#text": 7036}, "Computer": "DC01.garfield.htb", "RawEvent": {"#attributes": {"xmlns": "http://schemas.microsoft.com/win/2004/08/events/event"}, "System": {"Provider": {"#attributes": {"Name": "Service Control Manager", "Guid": "{555908d1-a6d7-4695-8e1e-26931d2012f4}", "EventSourceName": "Service Control Manager"}}, "EventID": {"#attributes": {"Qualifiers": 16384}, "#text": 7036}, "Version": 0, "Level": 4, "Task": 0, "Opcode": 0, "Keywords": "0x8080000000000000", "TimeCreated": {"#attributes": {"SystemTime": "2025-08-17T10:52:13.584699Z"}}, "EventRecordID": 1693, "Correlation": null, "Execution": {"#attributes": {"ProcessID": 752, "ThreadID": 844}}, "Channel": "System", "Computer": "DC01.garfield.htb", "Security": null}, "EventData": {"param1": "vmcompute", "param2": "running", "Binary": "76006D0063006F006D0070007500740065002F0034000000"}}},
{"TimeGenerated": "2025-08-17T10:52:13.600318Z", "EventID": {"#attributes": {"Qualifiers": 16384}, "#text": 7036}, "Computer": "DC01.garfield.htb", "RawEvent": {"#attributes": {"xmlns": "http://schemas.microsoft.com/win/2004/08/events/event"}, "System": {"Provider": {"#attributes": {"Name": "Service Control Manager", "Guid": "{555908d1-a6d7-4695-8e1e-26931d2012f4}", "EventSourceName": "Service Control Manager"}}, "EventID": {"#attributes": {"Qualifiers": 16384}, "#text": 7036}, "Version": 0, "Level": 4, "Task": 0, "Opcode": 0, "Keywords": "0x8080000000000000", "TimeCreated": {"#attributes": {"SystemTime": "2025-08-17T10:52:13.600318Z"}}, "EventRecordID": 1694, "Correlation": null, "Execution": {"#attributes": {"ProcessID": 752, "ThreadID": 840}}, "Channel": "System", "Computer": "DC01.garfield.htb", "Security": null}, "EventData": {"param1": "DiagTrack", "param2": "running", "Binary": "440069006100670054007200610063006B002F0034000000"}}},
{"TimeGenerated": "2025-08-17T10:52:13.678501Z", "EventID": {"#attributes": {"Qualifiers": 49152}, "#text": 7026}, "Computer": "DC01.garfield.htb", "RawEvent": {"#attributes": {"xmlns": "http://schemas.microsoft.com/win/2004/08/events/event"}, "System": {"Provider": {"#attributes": {"Name": "Service Control Manager", "Guid": "{555908d1-a6d7-4695-8e1e-26931d2012f4}", "EventSourceName": "Service Control Manager"}}, "EventID": {"#attributes": {"Qualifiers": 49152}, "#text": 7026}, "Version": 0, "Level": 4, "Task": 0, "Opcode": 0, "Keywords": "0x8080000000000000", "TimeCreated": {"#attributes": {"SystemTime": "2025-08-17T10:52:13.678501Z"}}, "EventRecordID": 1695, "Correlation": null, "Execution": {"#attributes": {"ProcessID": 752, "ThreadID": 756}}, "Channel": "System", "Computer": "DC01.garfield.htb", "Security": null}, "EventData": {"param1": "\r\ndam"}}},
{"TimeGenerated": "2025-08-17T10:52:13.710236Z", "EventID": {"#attributes": {"Qualifiers": 16384}, "#text": 7036}, "Computer": "DC01.garfield.htb", "RawEvent": {"#attributes": {"xmlns": "http://schemas.microsoft.com/win/2004/08/events/event"}, "System": {"Provider": {"#attributes": {"Name": "Service Control Manager", "Guid": "{555908d1-a6d7-4695-8e1e-26931d2012f4}", "EventSourceName": "Service Control Manager"}}, "EventID": {"#attributes": {"Qualifiers": 16384}, "#text": 7036}, "Version": 0, "Level": 4, "Task": 0, "Opcode": 0, "Keywords": "0x8080000000000000", "TimeCreated": {"#attributes": {"SystemTime": "2025-08-17T10:52:13.710236Z"}}, "EventRecordID": 1696, "Correlation": null, "Execution": {"#attributes": {"ProcessID": 752, "ThreadID": 840}}, "Channel": "System", "Computer": "DC01.garfield.htb", "Security": null}, "EventData": {"param1": "ADWS", "param2": "running", "Binary": "41004400570053002F0034000000"}}},
{"TimeGenerated": "2025-08-17T10:52:13.866680Z", "EventID": {"#attributes": {"Qualifiers": 16384}, "#text": 7036}, "Computer": "DC01.garfield.htb", "RawEvent": {"#attributes": {"xmlns": "http://schemas.microsoft.com/win/2004/08/events/event"}, "System": {"Provider": {"#attributes": {"Name": "Service Control Manager", "Guid": "{555908d1-a6d7-4695-8e1e-26931d2012f4}", "EventSourceName": "Service Control Manager"}}, "EventID": {"#attributes": {"Qualifiers": 16384}, "#text": 7036}, "Version": 0, "Level": 4, "Task": 0, "Opcode": 0, "Keywords": "0x8080000000000000", "TimeCreated": {"#attributes": {"SystemTime": "2025-08-17T10:52:13.866680Z"}}, "EventRecordID": 1697, "Correlation": null, "Execution": {"#attributes": {"ProcessID": 752, "ThreadID": 840}}, "Channel": "System", "Computer": "DC01.garfield.htb", "Security": null}, "EventData": {"param1": "Distributed Transaction Coordinator", "param2": "running", "Binary": "4D0053004400540043002F0034000000"}}},
{"TimeGenerated": "2025-08-17T10:52:14.960857Z", "EventID": {"#attributes": {"Qualifiers": 16384}, "#text": 7036}, "Computer": "DC01.garfield.htb", "RawEvent": {"#attributes": {"xmlns": "http://schemas.microsoft.com/win/2004/08/events/event"}, "System": {"Provider": {"#attributes": {"Name": "Service Control Manager", "Guid": "{555908d1-a6d7-4695-8e1e-26931d2012f4}", "EventSourceName": "Service Control Manager"}}, "EventID": {"#attributes": {"Qualifiers": 16384}, "#text": 7036}, "Version": 0, "Level": 4, "Task": 0, "Opcode": 0, "Keywords": "0x8080000000000000", "TimeCreated": {"#attributes": {"SystemTime": "2025-08-17T10:52:14.960857Z"}}, "EventRecordID": 1698, "Correlation": null, "Execution": {"#attributes": {"ProcessID": 752, "ThreadID": 844}}, "Channel": "System", "Computer": "DC01.garfield.htb", "Security": null}, "EventData": {"param1": "Volume Shadow Copy", "param2": "running", "Binary": "5600530053002F0034000000"}}},
{"TimeGenerated": "2025-08-17T10:52:15.540538Z", "EventID": {"#attributes": {"Qualifiers": 16384}, "#text": 7036}, "Computer": "DC01.garfield.htb", "RawEvent": {"#attributes": {"xmlns": "http://schemas.microsoft.com/win/2004/08/events/event"}, "System": {"Provider": {"#attributes": {"Name": "Service Control Manager", "Guid": "{555908d1-a6d7-4695-8e1e-26931d2012f4}", "EventSourceName": "Service Control Manager"}}, "EventID": {"#attributes": {"Qualifiers": 16384}, "#text": 7036}, "Version": 0, "Level": 4, "Task": 0, "Opcode": 0, "Keywords": "0x8080000000000000", "TimeCreated": {"#attributes": {"SystemTime": "2025-08-17T10:52:15.540538Z"}}, "EventRecordID": 1699, "Correlation": null, "Execution": {"#attributes": {"ProcessID": 752, "ThreadID": 840}}, "Channel": "System", "Computer": "DC01.garfield.htb", "Security": null}, "EventData": {"param1": "Windows Defender Antivirus Network Inspection Service", "param2": "running", "Binary": "570064004E00690073005300760063002F0034000000"}}},
{"TimeGenerated": "2025-08-17T10:52:16.334964Z", "EventID": {"#attributes": {"Qualifiers": 16384}, "#text": 7036}, "Computer": "DC01.garfield.htb", "RawEvent": {"#attributes": {"xmlns": "http://schemas.microsoft.com/win/2004/08/events/event"}, "System": {"Provider": {"#attributes": {"Name": "Service Control Manager", "Guid": "{555908d1-a6d7-4695-8e1e-26931d2012f4}", "EventSourceName": "Service Control Manager"}}, "EventID": {"#attributes": {"Qualifiers": 16384}, "#text": 7036}, "Version": 0, "Level": 4, "Task": 0, "Opcode": 0, "Keywords": "0x8080000000000000", "TimeCreated": {"#attributes": {"SystemTime": "2025-08-17T10:52:16.334964Z"}}, "EventRecordID": 1700, "Correlation": null, "Execution": {"#attributes": {"ProcessID": 752, "ThreadID": 840}}, "Channel": "System", "Computer": "DC01.garfield.htb", "Security": null}, "EventData": {"param1": "Windows Security Service", "param2": "running", "Binary": "530065006300750072006900740079004800650061006C007400680053006500720076006900630065002F0034000000"}}},
{"TimeGenerated": "2025-08-17T10:52:16.569136Z", "EventID": {"#attributes": {"Qualifiers": 16384}, "#text": 7036}, "Computer": "DC01.garfield.htb", "RawEvent": {"#attributes": {"xmlns": "http://schemas.microsoft.com/win/2004/08/events/event"}, "System": {"Provider": {"#attributes": {"Name": "Service Control Manager", "Guid": "{555908d1-a6d7-4695-8e1e-26931d2012f4}", "EventSourceName": "Service Control Manager"}}, "EventID": {"#attributes": {"Qualifiers": 16384}, "#text": 7036}, "Version": 0, "Level": 4, "Task": 0, "Opcode": 0, "Keywords": "0x8080000000000000", "TimeCreated": {"#attributes": {"SystemTime": "2025-08-17T10:52:16.569136Z"}}, "EventRecordID": 1701, "Correlation": null, "Execution": {"#attributes": {"ProcessID": 752, "ThreadID": 840}}, "Channel": "System", "Computer": "DC01.garfield.htb", "Security": null}, "EventData": {"param1": "Windows Modules Installer", "param2": "running", "Binary": "540072007500730074006500640049006E007300740061006C006C00650072002F0034000000"}}},
{"TimeGenerated": "2025-08-17T10:52:19.823307Z", "EventID": 233, "Computer": "DC01.garfield.htb", "RawEvent": {"#attributes": {"xmlns": "http://schemas.microsoft.com/win/2004/08/events/event"}, "System": {"Provider": {"#attributes": {"Name": "Microsoft-Windows-Hyper-V-VmSwitch", "Guid": "67DC0D66-3695-47C0-9642-33F76F7BD7AD"}}, "EventID": 233, "Version": 0, "Level": 4, "Task": 0, "Opcode": 0, "Keywords": "0x8000000000000080", "TimeCreated": {"#attributes": {"SystemTime": "2025-08-17T10:52:19.823307Z"}}, "EventRecordID": 1702, "Correlation": null, "Execution": {"#attributes": {"ProcessID": 5008, "ThreadID": 5028}}, "Channel": "System", "Computer": "DC01.garfield.htb", "Security": null}, "EventData": {"NicNameLen": 74, "NicName": "19B5E087-0062-4BC5-8103-68A2AD7ABE3E--40A60ED9-AD4A-4F28-B29B-E9B2461FDC3C", "NicFNameLen": 1, "NicFName": "", "Operation": 7}}},
{"TimeGenerated": "2025-08-17T10:52:19.824478Z", "EventID": 232, "Computer": "DC01.garfield.htb", "RawEvent": {"#attributes": {"xmlns": "http://schemas.microsoft.com/win/2004/08/events/event"}, "System": {"Provider": {"#attributes": {"Name": "Microsoft-Windows-Hyper-V-VmSwitch", "Guid": "67DC0D66-3695-47C0-9642-33F76F7BD7AD"}}, "EventID": 232, "Version": 0, "Level": 4, "Task": 0, "Opcode": 0, "Keywords": "0x8000000000000080", "TimeCreated": {"#attributes": {"SystemTime": "2025-08-17T10:52:19.824478Z"}}, "EventRecordID": 1703, "Correlation": null, "Execution": {"#attributes": {"ProcessID": 5008, "ThreadID": 5028}}, "Channel": "System", "Computer": "DC01.garfield.htb", "Security": {"#attributes": {"UserID": "S-1-5-83-1-431349895-1271201890-2724725633-1052670637"}}}, "EventData": {"NicNameLen": 74, "NicName": "19B5E087-0062-4BC5-8103-68A2AD7ABE3E--40A60ED9-AD4A-4F28-B29B-E9B2461FDC3C", "NicFNameLen": 15, "NicFName": "Network Adapter", "PortNameLen": 36, "PortName": "9FF8363B-8636-4523-80A3-FEBAE2C6461F", "PortFNameLen": 28, "PortFName": "Dynamic Ethernet Switch Port", "SwitchNameLen": 36, "SwitchName": "0534BEE7-2099-4A5F-AF55-C35AAC398520", "SwitchFNameLen": 8, "SwitchFName": "Switch01"}}},
{"TimeGenerated": "2025-08-17T10:52:21.100415Z", "EventID": {"#attributes": {"Qualifiers": 7}, "#text": 10154}, "Computer": "DC01.garfield.htb", "RawEvent": {"#attributes": {"xmlns": "http://schemas.microsoft.com/win/2004/08/events/event"}, "System": {"Provider": {"#attributes": {"Name": "Microsoft-Windows-WinRM", "Guid": "{A7975C8F-AC13-49F1-87DA-5A984A4AB417}", "EventSourceName": "WinRM"}}, "EventID": {"#attributes": {"Qualifiers": 7}, "#text": 10154}, "Version": 0, "Level": 3, "Task": 0, "Opcode": 0, "Keywords": "0x80000000000000", "TimeCreated": {"#attributes": {"SystemTime": "2025-08-17T10:52:21.100415Z"}}, "EventRecordID": 1704, "Correlation": null, "Execution": {"#attributes": {"ProcessID": 0, "ThreadID": 0}}, "Channel": "System", "Computer": "DC01.garfield.htb", "Security": null}, "EventData": {"spn1": "WSMAN/DC01.garfield.htb", "spn2": "WSMAN/DC01", "error": "1355"}}},
{"TimeGenerated": "2025-08-17T10:52:20.922532Z", "EventID": {"#attributes": {"Qualifiers": 16384}, "#text": 7036}, "Computer": "DC01.garfield.htb", "RawEvent": {"#attributes": {"xmlns": "http://schemas.microsoft.com/win/2004/08/events/event"}, "System": {"Provider": {"#attributes": {"Name": "Service Control Manager", "Guid": "{555908d1-a6d7-4695-8e1e-26931d2012f4}", "EventSourceName": "Service Control Manager"}}, "EventID": {"#attributes": {"Qualifiers": 16384}, "#text": 7036}, "Version": 0, "Level": 4, "Task": 0, "Opcode": 0, "Keywords": "0x8080000000000000", "TimeCreated": {"#attributes": {"SystemTime": "2025-08-17T10:52:20.922532Z"}}, "EventRecordID": 1705, "Correlation": null, "Execution": {"#attributes": {"ProcessID": 752, "ThreadID": 844}}, "Channel": "System", "Computer": "DC01.garfield.htb", "Security": null}, "EventData": {"param1": "DNS", "param2": "running", "Binary": "44004E0053002F0034000000"}}},
{"TimeGenerated": "2025-08-17T10:52:21.273956Z", "EventID": 139, "Computer": "DC01.garfield.htb", "RawEvent": {"#attributes": {"xmlns": "http://schemas.microsoft.com/win/2004/08/events/event"}, "System": {"Provider": {"#attributes": {"Name": "Microsoft-Windows-Time-Service", "Guid": "06EDCFEB-0FD0-4E53-ACCA-A6F8BBF81BCB"}}, "EventID": 139, "Version": 0, "Level": 4, "Task": 0, "Opcode": 0, "Keywords": "0x8000000000000000", "TimeCreated": {"#attributes": {"SystemTime": "2025-08-17T10:52:21.273956Z"}}, "EventRecordID": 1706, "Correlation": null, "Execution": {"#attributes": {"ProcessID": 1176, "ThreadID": 4604}}, "Channel": "System", "Computer": "DC01.garfield.htb", "Security": {"#attributes": {"UserID": "S-1-5-19"}}}, "EventData": {"#attributes": {"Name": "TMP_EVENT_START_ADVERTISING"}}}},
{"TimeGenerated": "2025-08-17T10:52:21.273957Z", "EventID": 143, "Computer": "DC01.garfield.htb", "RawEvent": {"#attributes": {"xmlns": "http://schemas.microsoft.com/win/2004/08/events/event"}, "System": {"Provider": {"#attributes": {"Name": "Microsoft-Windows-Time-Service", "Guid": "06EDCFEB-0FD0-4E53-ACCA-A6F8BBF81BCB"}}, "EventID": 143, "Version": 0, "Level": 4, "Task": 0, "Opcode": 0, "Keywords": "0x8000000000000000", "TimeCreated": {"#attributes": {"SystemTime": "2025-08-17T10:52:21.273957Z"}}, "EventRecordID": 1707, "Correlation": null, "Execution": {"#attributes": {"ProcessID": 1176, "ThreadID": 4604}}, "Channel": "System", "Computer": "DC01.garfield.htb", "Security": {"#attributes": {"UserID": "S-1-5-19"}}}, "EventData": {"#attributes": {"Name": "TMP_EVENT_START_ADVERTISING_GT"}}}},
{"TimeGenerated": "2025-08-17T10:52:21.278110Z", "EventID": 12, "Computer": "DC01.garfield.htb", "RawEvent": {"#attributes": {"xmlns": "http://schemas.microsoft.com/win/2004/08/events/event"}, "System": {"Provider": {"#attributes": {"Name": "Microsoft-Windows-Time-Service", "Guid": "06EDCFEB-0FD0-4E53-ACCA-A6F8BBF81BCB"}}, "EventID": 12, "Version": 0, "Level": 3, "Task": 0, "Opcode": 0, "Keywords": "0x8000000000000000", "TimeCreated": {"#attributes": {"SystemTime": "2025-08-17T10:52:21.278110Z"}}, "EventRecordID": 1708, "Correlation": null, "Execution": {"#attributes": {"ProcessID": 1176, "ThreadID": 1312}}, "Channel": "System", "Computer": "DC01.garfield.htb", "Security": {"#attributes": {"UserID": "S-1-5-19"}}}, "EventData": {"#attributes": {"Name": "TMP_EVENT_DOMAIN_HIERARCHY_ROOT"}}}},
{"TimeGenerated": "2025-08-17T10:52:21.272334Z", "EventID": {"#attributes": {"Qualifiers": 16384}, "#text": 7036}, "Computer": "DC01.garfield.htb", "RawEvent": {"#attributes": {"xmlns": "http://schemas.microsoft.com/win/2004/08/events/event"}, "System": {"Provider": {"#attributes": {"Name": "Service Control Manager", "Guid": "{555908d1-a6d7-4695-8e1e-26931d2012f4}", "EventSourceName": "Service Control Manager"}}, "EventID": {"#attributes": {"Qualifiers": 16384}, "#text": 7036}, "Version": 0, "Level": 4, "Task": 0, "Opcode": 0, "Keywords": "0x8080000000000000", "TimeCreated": {"#attributes": {"SystemTime": "2025-08-17T10:52:21.272334Z"}}, "EventRecordID": 1709, "Correlation": null, "Execution": {"#attributes": {"ProcessID": 752, "ThreadID": 840}}, "Channel": "System", "Computer": "DC01.garfield.htb", "Security": null}, "EventData": {"param1": "W32Time", "param2": "running", "Binary": "570033003200540069006D0065002F0034000000"}}},
{"TimeGenerated": "2025-08-17T10:52:21.846379Z", "EventID": 1502, "Computer": "DC01.garfield.htb", "RawEvent": {"#attributes": {"xmlns": "http://schemas.microsoft.com/win/2004/08/events/event"}, "System": {"Provider": {"#attributes": {"Name": "Microsoft-Windows-GroupPolicy", "Guid": "AEA1B4FA-97D1-45F2-A64C-4D69FFFD92C9"}}, "EventID": 1502, "Version": 0, "Level": 4, "Task": 0, "Opcode": 1, "Keywords": "0x8000000000000000", "TimeCreated": {"#attributes": {"SystemTime": "2025-08-17T10:52:21.846379Z"}}, "EventRecordID": 1710, "Correlation": {"#attributes": {"ActivityID": "6EFCF134-3FB5-452A-AED9-A2E5A15048F9"}}, "Execution": {"#attributes": {"ProcessID": 1616, "ThreadID": 4360}}, "Channel": "System", "Computer": "DC01.garfield.htb", "Security": {"#attributes": {"UserID": "S-1-5-18"}}}, "EventData": {"SupportInfo1": 1, "SupportInfo2": 4213, "ProcessingMode": 1, "ProcessingTimeInMilliseconds": 719, "DCName": "\\\\DC01.garfield.htb", "NumberOfGroupPolicyObjects": 3}}},
{"TimeGenerated": "2025-08-17T10:52:21.881667Z", "EventID": {"#attributes": {"Qualifiers": 16384}, "#text": 7036}, "Computer": "DC01.garfield.htb", "RawEvent": {"#attributes": {"xmlns": "http://schemas.microsoft.com/win/2004/08/events/event"}, "System": {"Provider": {"#attributes": {"Name": "Service Control Manager", "Guid": "{555908d1-a6d7-4695-8e1e-26931d2012f4}", "EventSourceName": "Service Control Manager"}}, "EventID": {"#attributes": {"Qualifiers": 16384}, "#text": 7036}, "Version": 0, "Level": 4, "Task": 0, "Opcode": 0, "Keywords": "0x8080000000000000", "TimeCreated": {"#attributes": {"SystemTime": "2025-08-17T10:52:21.881667Z"}}, "EventRecordID": 1711, "Correlation": null, "Execution": {"#attributes": {"ProcessID": 752, "ThreadID": 1084}}, "Channel": "System", "Computer": "DC01.garfield.htb", "Security": null}, "EventData": {"param1": "Network Connectivity Assistant", "param2": "stopped", "Binary": "4E00630061005300760063002F0031000000"}}},
{"TimeGenerated": "2025-08-17T10:52:21.897217Z", "EventID": {"#attributes": {"Qualifiers": 16384}, "#text": 7036}, "Computer": "DC01.garfield.htb", "RawEvent": {"#attributes": {"xmlns": "http://schemas.microsoft.com/win/2004/08/events/event"}, "System": {"Provider": {"#attributes": {"Name": "Service Control Manager", "Guid": "{555908d1-a6d7-4695-8e1e-26931d2012f4}", "EventSourceName": "Service Control Manager"}}, "EventID": {"#attributes": {"Qualifiers": 16384}, "#text": 7036}, "Version": 0, "Level": 4, "Task": 0, "Opcode": 0, "Keywords": "0x8080000000000000", "TimeCreated": {"#attributes": {"SystemTime": "2025-08-17T10:52:21.897217Z"}}, "EventRecordID": 1712, "Correlation": null, "Execution": {"#attributes": {"ProcessID": 752, "ThreadID": 1224}}, "Channel": "System", "Computer": "DC01.garfield.htb", "Security": null}, "EventData": {"param1": "Delivery Optimization", "param2": "running", "Binary": "44006F005300760063002F0034000000"}}},
{"TimeGenerated": "2025-08-17T10:52:21.944847Z", "EventID": {"#attributes": {"Qualifiers": 16384}, "#text": 7036}, "Computer": "DC01.garfield.htb", "RawEvent": {"#attributes": {"xmlns": "http://schemas.microsoft.com/win/2004/08/events/event"}, "System": {"Provider": {"#attributes": {"Name": "Service Control Manager", "Guid": "{555908d1-a6d7-4695-8e1e-26931d2012f4}", "EventSourceName": "Service Control Manager"}}, "EventID": {"#attributes": {"Qualifiers": 16384}, "#text": 7036}, "Version": 0, "Level": 4, "Task": 0, "Opcode": 0, "Keywords": "0x8080000000000000", "TimeCreated": {"#attributes": {"SystemTime": "2025-08-17T10:52:21.944847Z"}}, "EventRecordID": 1713, "Correlation": null, "Execution": {"#attributes": {"ProcessID": 752, "ThreadID": 1084}}, "Channel": "System", "Computer": "DC01.garfield.htb", "Security": null}, "EventData": {"param1": "Delivery Optimization", "param2": "stopped", "Binary": "44006F005300760063002F0031000000"}}},
{"TimeGenerated": "2025-08-17T10:52:22.037977Z", "EventID": {"#attributes": {"Qualifiers": 16384}, "#text": 7036}, "Computer": "DC01.garfield.htb", "RawEvent": {"#attributes": {"xmlns": "http://schemas.microsoft.com/win/2004/08/events/event"}, "System": {"Provider": {"#attributes": {"Name": "Service Control Manager", "Guid": "{555908d1-a6d7-4695-8e1e-26931d2012f4}", "EventSourceName": "Service Control Manager"}}, "EventID": {"#attributes": {"Qualifiers": 16384}, "#text": 7036}, "Version": 0, "Level": 4, "Task": 0, "Opcode": 0, "Keywords": "0x8080000000000000", "TimeCreated": {"#attributes": {"SystemTime": "2025-08-17T10:52:22.037977Z"}}, "EventRecordID": 1714, "Correlation": null, "Execution": {"#attributes": {"ProcessID": 752, "ThreadID": 1084}}, "Channel": "System", "Computer": "DC01.garfield.htb", "Security": null}, "EventData": {"param1": "Windows Update", "param2": "running", "Binary": "770075006100750073006500720076002F0034000000"}}},
{"TimeGenerated": "2025-08-17T10:52:22.081115Z", "EventID": 7001, "Computer": "DC01.garfield.htb", "RawEvent": {"#attributes": {"xmlns": "http://schemas.microsoft.com/win/2004/08/events/event"}, "System": {"Provider": {"#attributes": {"Name": "Microsoft-Windows-Winlogon", "Guid": "DBE9B383-7CF3-4331-91CC-A3CB16A3B538"}}, "EventID": 7001, "Version": 0, "Level": 4, "Task": 1101, "Opcode": 0, "Keywords": "0x2000200000000000", "TimeCreated": {"#attributes": {"SystemTime": "2025-08-17T10:52:22.081115Z"}}, "EventRecordID": 1715, "Correlation": null, "Execution": {"#attributes": {"ProcessID": 680, "ThreadID": 1012}}, "Channel": "System", "Computer": "DC01.garfield.htb", "Security": {"#attributes": {"UserID": "S-1-5-18"}}}, "EventData": {"TSId": 1, "UserSid": "S-1-5-21-2502726253-3859040611-225969357-500"}}},
{"TimeGenerated": "2025-08-17T10:52:22.412834Z", "EventID": {"#attributes": {"Qualifiers": 16384}, "#text": 7036}, "Computer": "DC01.garfield.htb", "RawEvent": {"#attributes": {"xmlns": "http://schemas.microsoft.com/win/2004/08/events/event"}, "System": {"Provider": {"#attributes": {"Name": "Service Control Manager", "Guid": "{555908d1-a6d7-4695-8e1e-26931d2012f4}", "EventSourceName": "Service Control Manager"}}, "EventID": {"#attributes": {"Qualifiers": 16384}, "#text": 7036}, "Version": 0, "Level": 4, "Task": 0, "Opcode": 0, "Keywords": "0x8080000000000000", "TimeCreated": {"#attributes": {"SystemTime": "2025-08-17T10:52:22.412834Z"}}, "EventRecordID": 1716, "Correlation": null, "Execution": {"#attributes": {"ProcessID": 752, "ThreadID": 1084}}, "Channel": "System", "Computer": "DC01.garfield.htb", "Security": null}, "EventData": {"param1": "Windows Push Notifications User Service_4adca", "param2": "running", "Binary": "570070006E00550073006500720053006500720076006900630065005F00340061006400630061002F0034000000"}}},
{"TimeGenerated": "2025-08-17T10:52:22.428547Z", "EventID": {"#attributes": {"Qualifiers": 16384}, "#text": 7036}, "Computer": "DC01.garfield.htb", "RawEvent": {"#attributes": {"xmlns": "http://schemas.microsoft.com/win/2004/08/events/event"}, "System": {"Provider": {"#attributes": {"Name": "Service Control Manager", "Guid": "{555908d1-a6d7-4695-8e1e-26931d2012f4}", "EventSourceName": "Service Control Manager"}}, "EventID": {"#attributes": {"Qualifiers": 16384}, "#text": 7036}, "Version": 0, "Level": 4, "Task": 0, "Opcode": 0, "Keywords": "0x8080000000000000", "TimeCreated": {"#attributes": {"SystemTime": "2025-08-17T10:52:22.428547Z"}}, "EventRecordID": 1717, "Correlation": null, "Execution": {"#attributes": {"ProcessID": 752, "ThreadID": 1084}}, "Channel": "System", "Computer": "DC01.garfield.htb", "Security": null}, "EventData": {"param1": "Connected Devices Platform User Service_4adca", "param2": "running", "Binary": "43004400500055007300650072005300760063005F00340061006400630061002F0034000000"}}},
