{"TimeGenerated": "2025-08-13T10:54:48.458124Z", "EventID": {"#attributes": {"Qualifiers": 16384}, "#text": 16384}, "Computer": "WIN-LC7SFT89DTG", "RawEvent": {"#attributes": {"xmlns": "http://schemas.microsoft.com/win/2004/08/events/event"}, "System": {"Provider": {"#attributes": {"Name": "Microsoft-Windows-Security-SPP", "Guid": "{E23B33B0-C8C9-472C-A5F9-F2BDFEA0F156}", "EventSourceName": "Software Protection Platform Service"}}, "EventID": {"#attributes": {"Qualifiers": 16384}, "#text": 16384}, "Version": 0, "Level": 4, "Task": 0, "Opcode": 0, "Keywords": "0x80000000000000", "TimeCreated": {"#attributes": {"SystemTime": "2025-08-13T10:54:48.458124Z"}}, "EventRecordID": 53, "Correlation": null, "Execution": {"#attributes": {"ProcessID": 0, "ThreadID": 0}}, "Channel": "Application", "Computer": "WIN-LC7SFT89DTG", "Security": null}, "EventData": {"Data": {"#text": ["2025-08-14T10:53:48Z", "TBL"]}, "Binary": null}}},
{"TimeGenerated": "2025-08-13T10:54:48.467681Z", "EventID": {"#attributes": {"Qualifiers": 16384}, "#text": 903}, "Computer": "WIN-LC7SFT89DTG", "RawEvent": {"#attributes": {"xmlns": "http://schemas.microsoft.com/win/2004/08/events/event"}, "System": {"Provider": {"#attributes": {"Name": "Microsoft-Windows-Security-SPP", "Guid": "{E23B33B0-C8C9-472C-A5F9-F2BDFEA0F156}", "EventSourceName": "Software Protection Platform Service"}}, "EventID": {"#attributes": {"Qualifiers": 16384}, "#text": 903}, "Version": 0, "Level": 0, "Task": 0, "Opcode": 0, "Keywords": "0x80000000000000", "TimeCreated": {"#attributes": {"SystemTime": "2025-08-13T10:54:48.467681Z"}}, "EventRecordID": 54, "Correlation": null, "Execution": {"#attributes": {"ProcessID": 0, "ThreadID": 0}}, "Channel": "Application", "Computer": "WIN-LC7SFT89DTG", "Security": null}, "EventData": {"Data": {"#text": ""}, "Binary": null}}},
{"TimeGenerated": "2025-08-13T10:55:04.453251Z", "EventID": {"#attributes": {"Qualifiers": 0}, "#text": 4113}, "Computer": "WIN-LC7SFT89DTG", "RawEvent": {"#attributes": {"xmlns": "http://schemas.microsoft.com/win/2004/08/events/event"}, "System": {"Provider": {"#attributes": {"Name": "Microsoft-Windows-CAPI2", "Guid": "{5bbca4a8-b209-48dc-a8c7-b23d3e5216fb}", "EventSourceName": "Microsoft-Windows-CAPI2"}}, "EventID": {"#attributes": {"Qualifiers": 0}, "#text": 4113}, "Version": 0, "Level": 4, "Task": 0, "Opcode": 0, "Keywords": "0x8080000000000000", "TimeCreated": {"#attributes": {"SystemTime": "2025-08-13T10:55:04.453251Z"}}, "EventRecordID": 55, "Correlation": null, "Execution": {"#attributes": {"ProcessID": 1184, "ThreadID": 4700}}, "Channel": "Application", "Computer": "WIN-LC7SFT89DTG", "Security": null}, "EventData": {"Data": {"#text": "\u200eWednesday, \u200eMay \u200e31, \u200e2017 4:28:59 PM"}, "Binary": null}}},
{"TimeGenerated": "2025-08-13T10:55:06.785265Z", "EventID": 1000, "Computer": "WIN-LC7SFT89DTG", "RawEvent": {"#attributes": {"xmlns": "http://schemas.microsoft.com/win/2004/08/events/event"}, "System": {"Provider": {"#attributes": {"Name": "Microsoft-Windows-LoadPerf", "Guid": "122EE297-BB47-41AE-B265-1CA8D1886D40"}}, "EventID": 1000, "Version": 0, "Level": 4, "Task": 0, "Opcode": 0, "Keywords": "0x8000000000000000", "TimeCreated": {"#attributes": {"SystemTime": "2025-08-13T10:55:06.785265Z"}}, "EventRecordID": 56, "Correlation": null, "Execution": {"#attributes": {"ProcessID": 6696, "ThreadID": 6700}}, "Channel": "Application", "Computer": "WIN-LC7SFT89DTG", "Security": {"#attributes": {"UserID": "S-1-5-18"}}}, "UserData": {"EventXML": {"#attributes": {"xmlns": "LoadPerf"}, "param1": "WmiApRpl", "param2": "WmiApRpl", "binaryDataSize": 16, "binaryData": "B024000056250000B124000057250000"}}}},
{"TimeGenerated": "2025-08-13T10:55:43.106932Z", "EventID": {"#attributes": {"Qualifiers": 0}, "#text": 1040}, "Computer": "WIN-LC7SFT89DTG", "RawEvent": {"#attributes": {"xmlns": "http://schemas.microsoft.com/win/2004/08/events/event"}, "System": {"Provider": {"#attributes": {"Name": "MsiInstaller"}}, "EventID": {"#attributes": {"Qualifiers": 0}, "#text": 1040}, "Level": 4, "Task": 0, "Keywords": "0x80000000000000", "TimeCreated": {"#attributes": {"SystemTime": "2025-08-13T10:55:43.106932Z"}}, "EventRecordID": 57, "Channel": "Application", "Computer": "WIN-LC7SFT89DTG", "Security": {"#attributes": {"UserID": "S-1-5-21-2502726253-3859040611-225969357-500"}}}, "EventData": {"Data": {"#text": ["C:\\ProgramData\\Package Cache\\{46E11E7F-01E1-44D0-BB86-C67342D253DD}v14.32.31326\\packages\\vcRuntimeMinimum_x86\\vc_runtimeMinimum_x86.msi", "4260", "(NULL)", "(NULL)", "(NULL)", "(NULL)", ""]}, "Binary": null}}},
{"TimeGenerated": "2025-08-13T10:55:43.388186Z", "EventID": {"#attributes": {"Qualifiers": 0}, "#text": 11707}, "Computer": "WIN-LC7SFT89DTG", "RawEvent": {"#attributes": {"xmlns": "http://schemas.microsoft.com/win/2004/08/events/event"}, "System": {"Provider": {"#attributes": {"Name": "MsiInstaller"}}, "EventID": {"#attributes": {"Qualifiers": 0}, "#text": 11707}, "Level": 4, "Task": 0, "Keywords": "0x80000000000000", "TimeCreated": {"#attributes": {"SystemTime": "2025-08-13T10:55:43.388186Z"}}, "EventRecordID": 58, "Channel": "Application", "Computer": "WIN-LC7SFT89DTG", "Security": {"#attributes": {"UserID": "S-1-5-21-2502726253-3859040611-225969357-500"}}}, "EventData": {"Data": {"#text": ["Product: Microsoft Visual C++ 2022 X86 Minimum Runtime - 14.32.31326 -- Installation completed successfully.", "(NULL)", "(NULL)", "(NULL)", "(NULL)", "(NULL)", ""]}, "Binary": "7B34364531314537462D303145312D343444302D424238362D4336373334324432353344447D"}}},
{"TimeGenerated": "2025-08-13T10:55:43.388186Z", "EventID": {"#attributes": {"Qualifiers": 0}, "#text": 1033}, "Computer": "WIN-LC7SFT89DTG", "RawEvent": {"#attributes": {"xmlns": "http://schemas.microsoft.com/win/2004/08/events/event"}, "System": {"Provider": {"#attributes": {"Name": "MsiInstaller"}}, "EventID": {"#attributes": {"Qualifiers": 0}, "#text": 1033}, "Level": 4, "Task": 0, "Keywords": "0x80000000000000", "TimeCreated": {"#attributes": {"SystemTime": "2025-08-13T10:55:43.388186Z"}}, "EventRecordID": 59, "Channel": "Application", "Computer": "WIN-LC7SFT89DTG", "Security": {"#attributes": {"UserID": "S-1-5-21-2502726253-3859040611-225969357-500"}}}, "EventData": {"Data": {"#text": ["Microsoft Visual C++ 2022 X86 Minimum Runtime - 14.32.31326", "14.32.31326", "1033", "0", "Microsoft Corporation", "(NULL)", ""]}, "Binary": "7B34364531314537462D303145312D343444302D424238362D4336373334324432353344447D3030303034366437646162616634393639336564656332303630636366626139393034653030303030393034"}}},
{"TimeGenerated": "2025-08-13T10:55:43.388186Z", "EventID": {"#attributes": {"Qualifiers": 0}, "#text": 1042}, "Computer": "WIN-LC7SFT89DTG", "RawEvent": {"#attributes": {"xmlns": "http://schemas.microsoft.com/win/2004/08/events/event"}, "System": {"Provider": {"#attributes": {"Name": "MsiInstaller"}}, "EventID": {"#attributes": {"Qualifiers": 0}, "#text": 1042}, "Level": 4, "Task": 0, "Keywords": "0x80000000000000", "TimeCreated": {"#attributes": {"SystemTime": "2025-08-13T10:55:43.388186Z"}}, "EventRecordID": 60, "Channel": "Application", "Computer": "WIN-LC7SFT89DTG", "Security": {"#attributes": {"UserID": "S-1-5-18"}}}, "EventData": {"Data": {"#text": ["C:\\ProgramData\\Package Cache\\{46E11E7F-01E1-44D0-BB86-C67342D253DD}v14.32.31326\\packages\\vcRuntimeMinimum_x86\\vc_runtimeMinimum_x86.msi", "4260", "(NULL)", "(NULL)", "(NULL)", "(NULL)", ""]}, "Binary": null}}},
{"TimeGenerated": "2025-08-13T10:55:43.403876Z", "EventID": {"#attributes": {"Qualifiers": 0}, "#text": 1040}, "Computer": "WIN-LC7SFT89DTG", "RawEvent": {"#attributes": {"xmlns": "http://schemas.microsoft.com/win/2004/08/events/event"}, "System": {"Provider": {"#attributes": {"Name": "MsiInstaller"}}, "EventID": {"#attributes": {"Qualifiers": 0}, "#text": 1040}, "Level": 4, "Task": 0, "Keywords": "0x80000000000000", "TimeCreated": {"#attributes": {"SystemTime": "2025-08-13T10:55:43.403876Z"}}, "EventRecordID": 61, "Channel": "Application", "Computer": "WIN-LC7SFT89DTG", "Security": {"#attributes": {"UserID": "S-1-5-21-2502726253-3859040611-225969357-500"}}}, "EventData": {"Data": {"#text": ["C:\\ProgramData\\Package Cache\\{A250E750-DB3F-40C1-8460-8EF77C7582DA}v14.32.31326\\packages\\vcRuntimeAdditional_x86\\vc_runtimeAdditional_x86.msi", "4260", "(NULL)", "(NULL)", "(NULL)", "(NULL)", ""]}, "Binary": null}}},
{"TimeGenerated": "2025-08-13T10:55:43.638182Z", "EventID": {"#attributes": {"Qualifiers": 0}, "#text": 11707}, "Computer": "WIN-LC7SFT89DTG", "RawEvent": {"#attributes": {"xmlns": "http://schemas.microsoft.com/win/2004/08/events/event"}, "System": {"Provider": {"#attributes": {"Name": "MsiInstaller"}}, "EventID": {"#attributes": {"Qualifiers": 0}, "#text": 11707}, "Level": 4, "Task": 0, "Keywords": "0x80000000000000", "TimeCreated": {"#attributes": {"SystemTime": "2025-08-13T10:55:43.638182Z"}}, "EventRecordID": 62, "Channel": "Application", "Computer": "WIN-LC7SFT89DTG", "Security": {"#attributes": {"UserID": "S-1-5-21-2502726253-3859040611-225969357-500"}}}, "EventData": {"Data": {"#text": ["Product: Microsoft Visual C++ 2022 X86 Additional Runtime - 14.32.31326 -- Installation completed successfully.", "(NULL)", "(NULL)", "(NULL)", "(NULL)", "(NULL)", ""]}, "Binary": "7B41323530453735302D444233462D343043312D383436302D3845463737433735383244417D"}}},
{"TimeGenerated": "2025-08-13T10:55:43.638182Z", "EventID": {"#attributes": {"Qualifiers": 0}, "#text": 1033}, "Computer": "WIN-LC7SFT89DTG", "RawEvent": {"#attributes": {"xmlns": "http://schemas.microsoft.com/win/2004/08/events/event"}, "System": {"Provider": {"#attributes": {"Name": "MsiInstaller"}}, "EventID": {"#attributes": {"Qualifiers": 0}, "#text": 1033}, "Level": 4, "Task": 0, "Keywords": "0x80000000000000", "TimeCreated": {"#attributes": {"SystemTime": "2025-08-13T10:55:43.638182Z"}}, "EventRecordID": 63, "Channel": "Application", "Computer": "WIN-LC7SFT89DTG", "Security": {"#attributes": {"UserID": "S-1-5-21-2502726253-3859040611-225969357-500"}}}, "EventData": {"Data": {"#text": ["Microsoft Visual C++ 2022 X86 Additional Runtime - 14.32.31326", "14.32.31326", "1033", "0", "Microsoft Corporation", "(NULL)", ""]}, "Binary": "7B41323530453735302D444233462D343043312D383436302D3845463737433735383244417D3030303034663365656264626237613531633438373262396630363537636136356165393030303030393034"}}},
{"TimeGenerated": "2025-08-13T10:55:43.653810Z", "EventID": {"#attributes": {"Qualifiers": 0}, "#text": 1042}, "Computer": "WIN-LC7SFT89DTG", "RawEvent": {"#attributes": {"xmlns": "http://schemas.microsoft.com/win/2004/08/events/event"}, "System": {"Provider": {"#attributes": {"Name": "MsiInstaller"}}, "EventID": {"#attributes": {"Qualifiers": 0}, "#text": 1042}, "Level": 4, "Task": 0, "Keywords": "0x80000000000000", "TimeCreated": {"#attributes": {"SystemTime": "2025-08-13T10:55:43.653810Z"}}, "EventRecordID": 64, "Channel": "Application", "Computer": "WIN-LC7SFT89DTG", "Security": {"#attributes": {"UserID": "S-1-5-18"}}}, "EventData": {"Data": {"#text": ["C:\\ProgramData\\Package Cache\\{A250E750-DB3F-40C1-8460-8EF77C7582DA}v14.32.31326\\packages\\vcRuntimeAdditional_x86\\vc_runtimeAdditional_x86.msi", "4260", "(NULL)", "(NULL)", "(NULL)", "(NULL)", ""]}, "Binary": null}}},
{"TimeGenerated": "2025-08-13T10:55:43.162866Z", "EventID": 10000, "Computer": "WIN-LC7SFT89DTG", "RawEvent": {"#attributes": {"xmlns": "http://schemas.microsoft.com/win/2004/08/events/event"}, "System": {"Provider": {"#attributes": {"Name": "Microsoft-Windows-RestartManager", "Guid": "0888E5EF-9B98-4695-979D-E92CE4247224"}}, "EventID": 10000, "Version": 0, "Level": 4, "Task": 0, "Opcode": 0, "Keywords": "0x8000000000000000", "TimeCreated": {"#attributes": {"SystemTime": "2025-08-13T10:55:43.162866Z"}}, "EventRecordID": 65, "Correlation": null, "Execution": {"#attributes": {"ProcessID": 4912, "ThreadID": 2356}}, "Channel": "Application", "Computer": "WIN-LC7SFT89DTG", "Security": {"#attributes": {"UserID": "S-1-5-21-2502726253-3859040611-225969357-500"}}}, "UserData": {"RmSessionEvent": {"#attributes": {"xmlns": "http://www.microsoft.com/2005/08/Windows/Reliability/RestartManager/"}, "RmSessionId": 0, "UTCStartTime": "2025-08-13T10:55:43.153834Z"}}}},
{"TimeGenerated": "2025-08-13T10:55:43.397194Z", "EventID": 10001, "Computer": "WIN-LC7SFT89DTG", "RawEvent": {"#attributes": {"xmlns": "http://schemas.microsoft.com/win/2004/08/events/event"}, "System": {"Provider": {"#attributes": {"Name": "Microsoft-Windows-RestartManager", "Guid": "0888E5EF-9B98-4695-979D-E92CE4247224"}}, "EventID": 10001, "Version": 0, "Level": 4, "Task": 0, "Opcode": 0, "Keywords": "0x8000000000000000", "TimeCreated": {"#attributes": {"SystemTime": "2025-08-13T10:55:43.397194Z"}}, "EventRecordID": 66, "Correlation": null, "Execution": {"#attributes": {"ProcessID": 4912, "ThreadID": 6572}}, "Channel": "Application", "Computer": "WIN-LC7SFT89DTG", "Security": {"#attributes": {"UserID": "S-1-5-21-2502726253-3859040611-225969357-500"}}}, "UserData": {"RmSessionEvent": {"#attributes": {"xmlns": "http://www.microsoft.com/2005/08/Windows/Reliability/RestartManager/"}, "RmSessionId": 0, "UTCStartTime": "2025-08-13T10:55:43.153834Z"}}}},
{"TimeGenerated": "2025-08-13T10:55:43.427621Z", "EventID": 10000, "Computer": "WIN-LC7SFT89DTG", "RawEvent": {"#attributes": {"xmlns": "http://schemas.microsoft.com/win/2004/08/events/event"}, "System": {"Provider": {"#attributes": {"Name": "Microsoft-Windows-RestartManager", "Guid": "0888E5EF-9B98-4695-979D-E92CE4247224"}}, "EventID": 10000, "Version": 0, "Level": 4, "Task": 0, "Opcode": 0, "Keywords": "0x8000000000000000", "TimeCreated": {"#attributes": {"SystemTime": "2025-08-13T10:55:43.427621Z"}}, "EventRecordID": 67, "Correlation": null, "Execution": {"#attributes": {"ProcessID": 4912, "ThreadID": 5852}}, "Channel": "Application", "Computer": "WIN-LC7SFT89DTG", "Security": {"#attributes": {"UserID": "S-1-5-21-2502726253-3859040611-225969357-500"}}}, "UserData": {"RmSessionEvent": {"#attributes": {"xmlns": "http://www.microsoft.com/2005/08/Windows/Reliability/RestartManager/"}, "RmSessionId": 0, "UTCStartTime": "2025-08-13T10:55:43.420638Z"}}}},
{"TimeGenerated": "2025-08-13T10:55:43.651242Z", "EventID": 10001, "Computer": "WIN-LC7SFT89DTG", "RawEvent": {"#attributes": {"xmlns": "http://schemas.microsoft.com/win/2004/08/events/event"}, "System": {"Provider": {"#attributes": {"Name": "Microsoft-Windows-RestartManager", "Guid": "0888E5EF-9B98-4695-979D-E92CE4247224"}}, "EventID": 10001, "Version": 0, "Level": 4, "Task": 0, "Opcode": 0, "Keywords": "0x8000000000000000", "TimeCreated": {"#attributes": {"SystemTime": "2025-08-13T10:55:43.651242Z"}}, "EventRecordID": 68, "Correlation": null, "Execution": {"#attributes": {"ProcessID": 4912, "ThreadID": 6572}}, "Channel": "Application", "Computer": "WIN-LC7SFT89DTG", "Security": {"#attributes": {"UserID": "S-1-5-21-2502726253-3859040611-225969357-500"}}}, "UserData": {"RmSessionEvent": {"#attributes": {"xmlns": "http://www.microsoft.com/2005/08/Windows/Reliability/RestartManager/"}, "RmSessionId": 0, "UTCStartTime": "2025-08-13T10:55:43.420638Z"}}}},
{"TimeGenerated": "2025-08-13T10:55:44.388741Z", "EventID": {"#attributes": {"Qualifiers": 0}, "#text": 1040}, "Computer": "WIN-LC7SFT89DTG", "RawEvent": {"#attributes": {"xmlns": "http://schemas.microsoft.com/win/2004/08/events/event"}, "System": {"Provider": {"#attributes": {"Name": "MsiInstaller"}}, "EventID": {"#attributes": {"Qualifiers": 0}, "#text": 1040}, "Level": 4, "Task": 0, "Keywords": "0x80000000000000", "TimeCreated": {"#attributes": {"SystemTime": "2025-08-13T10:55:44.388741Z"}}, "EventRecordID": 69, "Channel": "Application", "Computer": "WIN-LC7SFT89DTG", "Security": {"#attributes": {"UserID": "S-1-5-21-2502726253-3859040611-225969357-500"}}}, "EventData": {"Data": {"#text": ["C:\\ProgramData\\Package Cache\\{C96241EA-9900-4FE8-85B3-1E238D509DF6}v14.32.31326\\packages\\vcRuntimeMinimum_amd64\\vc_runtimeMinimum_x64.msi", "3964", "(NULL)", "(NULL)", "(NULL)", "(NULL)", ""]}, "Binary": null}}},
{"TimeGenerated": "2025-08-13T10:55:44.591334Z", "EventID": {"#attributes": {"Qualifiers": 0}, "#text": 11707}, "Computer": "WIN-LC7SFT89DTG", "RawEvent": {"#attributes": {"xmlns": "http://schemas.microsoft.com/win/2004/08/events/event"}, "System": {"Provider": {"#attributes": {"Name": "MsiInstaller"}}, "EventID": {"#attributes": {"Qualifiers": 0}, "#text": 11707}, "Level": 4, "Task": 0, "Keywords": "0x80000000000000", "TimeCreated": {"#attributes": {"SystemTime": "2025-08-13T10:55:44.591334Z"}}, "EventRecordID": 70, "Channel": "Application", "Computer": "WIN-LC7SFT89DTG", "Security": {"#attributes": {"UserID": "S-1-5-21-2502726253-3859040611-225969357-500"}}}, "EventData": {"Data": {"#text": ["Product: Microsoft Visual C++ 2022 X64 Minimum Runtime - 14.32.31326 -- Installation completed successfully.", "(NULL)", "(NULL)", "(NULL)", "(NULL)", "(NULL)", ""]}, "Binary": "7B43393632343145412D393930302D344645382D383542332D3145323338443530394446367D"}}},
{"TimeGenerated": "2025-08-13T10:55:44.591334Z", "EventID": {"#attributes": {"Qualifiers": 0}, "#text": 1033}, "Computer": "WIN-LC7SFT89DTG", "RawEvent": {"#attributes": {"xmlns": "http://schemas.microsoft.com/win/2004/08/events/event"}, "System": {"Provider": {"#attributes": {"Name": "MsiInstaller"}}, "EventID": {"#attributes": {"Qualifiers": 0}, "#text": 1033}, "Level": 4, "Task": 0, "Keywords": "0x80000000000000", "TimeCreated": {"#attributes": {"SystemTime": "2025-08-13T10:55:44.591334Z"}}, "EventRecordID": 71, "Channel": "Application", "Computer": "WIN-LC7SFT89DTG", "Security": {"#attributes": {"UserID": "S-1-5-21-2502726253-3859040611-225969357-500"}}}, "EventData": {"Data": {"#text": ["Microsoft Visual C++ 2022 X64 Minimum Runtime - 14.32.31326", "14.32.31326", "1033", "0", "Microsoft Corporation", "(NULL)", ""]}, "Binary": "7B43393632343145412D393930302D344645382D383542332D3145323338443530394446367D3030303035393637636530653631646462663037363565396138656538346361303537363030303030393034"}}},
{"TimeGenerated": "2025-08-13T10:55:44.591334Z", "EventID": {"#attributes": {"Qualifiers": 0}, "#text": 1042}, "Computer": "WIN-LC7SFT89DTG", "RawEvent": {"#attributes": {"xmlns": "http://schemas.microsoft.com/win/2004/08/events/event"}, "System": {"Provider": {"#attributes": {"Name": "MsiInstaller"}}, "EventID": {"#attributes": {"Qualifiers": 0}, "#text": 1042}, "Level": 4, "Task": 0, "Keywords": "0x80000000000000", "TimeCreated": {"#attributes": {"SystemTime": "2025-08-13T10:55:44.591334Z"}}, "EventRecordID": 72, "Channel": "Application", "Computer": "WIN-LC7SFT89DTG", "Security": {"#attributes": {"UserID": "S-1-5-18"}}}, "EventData": {"Data": {"#text": ["C:\\ProgramData\\Package Cache\\{C96241EA-9900-4FE8-85B3-1E238D509DF6}v14.32.31326\\packages\\vcRuntimeMinimum_amd64\\vc_runtimeMinimum_x64.msi", "3964", "(NULL)", "(NULL)", "(NULL)", "(NULL)", ""]}, "Binary": null}}},
{"TimeGenerated": "2025-08-13T10:55:44.606999Z", "EventID": {"#attributes": {"Qualifiers": 0}, "#text": 1040}, "Computer": "WIN-LC7SFT89DTG", "RawEvent": {"#attributes": {"xmlns": "http://schemas.microsoft.com/win/2004/08/events/event"}, "System": {"Provider": {"#attributes": {"Name": "MsiInstaller"}}, "EventID": {"#attributes": {"Qualifiers": 0}, "#text": 1040}, "Level": 4, "Task": 0, "Keywords": "0x80000000000000", "TimeCreated": {"#attributes": {"SystemTime": "2025-08-13T10:55:44.606999Z"}}, "EventRecordID": 73, "Channel": "Application", "Computer": "WIN-LC7SFT89DTG", "Security": {"#attributes": {"UserID": "S-1-5-21-2502726253-3859040611-225969357-500"}}}, "EventData": {"Data": {"#text": ["C:\\ProgramData\\Package Cache\\{38624EB5-356D-4B08-8357-C33D89A5C0C5}v14.32.31326\\packages\\vcRuntimeAdditional_amd64\\vc_runtimeAdditional_x64.msi", "3964", "(NULL)", "(NULL)", "(NULL)", "(NULL)", ""]}, "Binary": null}}},
{"TimeGenerated": "2025-08-13T10:55:44.856911Z", "EventID": {"#attributes": {"Qualifiers": 0}, "#text": 11707}, "Computer": "WIN-LC7SFT89DTG", "RawEvent": {"#attributes": {"xmlns": "http://schemas.microsoft.com/win/2004/08/events/event"}, "System": {"Provider": {"#attributes": {"Name": "MsiInstaller"}}, "EventID": {"#attributes": {"Qualifiers": 0}, "#text": 11707}, "Level": 4, "Task": 0, "Keywords": "0x80000000000000", "TimeCreated": {"#attributes": {"SystemTime": "2025-08-13T10:55:44.856911Z"}}, "EventRecordID": 74, "Channel": "Application", "Computer": "WIN-LC7SFT89DTG", "Security": {"#attributes": {"UserID": "S-1-5-21-2502726253-3859040611-225969357-500"}}}, "EventData": {"Data": {"#text": ["Product: Microsoft Visual C++ 2022 X64 Additional Runtime - 14.32.31326 -- Installation completed successfully.", "(NULL)", "(NULL)", "(NULL)", "(NULL)", "(NULL)", ""]}, "Binary": "7B33383632344542352D333536442D344230382D383335372D4333334438394135433043357D"}}},
{"TimeGenerated": "2025-08-13T10:55:44.856911Z", "EventID": {"#attributes": {"Qualifiers": 0}, "#text": 1033}, "Computer": "WIN-LC7SFT89DTG", "RawEvent": {"#attributes": {"xmlns": "http://schemas.microsoft.com/win/2004/08/events/event"}, "System": {"Provider": {"#attributes": {"Name": "MsiInstaller"}}, "EventID": {"#attributes": {"Qualifiers": 0}, "#text": 1033}, "Level": 4, "Task": 0, "Keywords": "0x80000000000000", "TimeCreated": {"#attributes": {"SystemTime": "2025-08-13T10:55:44.856911Z"}}, "EventRecordID": 75, "Channel": "Application", "Computer": "WIN-LC7SFT89DTG", "Security": {"#attributes": {"UserID": "S-1-5-21-2502726253-3859040611-225969357-500"}}}, "EventData": {"Data": {"#text": ["Microsoft Visual C++ 2022 X64 Additional Runtime - 14.32.31326", "14.32.31326", "1033", "0", "Microsoft Corporation", "(NULL)", ""]}, "Binary": "7B33383632344542352D333536442D344230382D383335372D4333334438394135433043357D3030303066396531663039306134663235343733336237643666346531343064613064363030303030393034"}}},
{"TimeGenerated": "2025-08-13T10:55:44.856911Z", "EventID": {"#attributes": {"Qualifiers": 0}, "#text": 1042}, "Computer": "WIN-LC7SFT89DTG", "RawEvent": {"#attributes": {"xmlns": "http://schemas.microsoft.com/win/2004/08/events/event"}, "System": {"Provider": {"#attributes": {"Name": "MsiInstaller"}}, "EventID": {"#attributes": {"Qualifiers": 0}, "#text": 1042}, "Level": 4, "Task": 0, "Keywords": "0x80000000000000", "TimeCreated": {"#attributes": {"SystemTime": "2025-08-13T10:55:44.856911Z"}}, "EventRecordID": 76, "Channel": "Application", "Computer": "WIN-LC7SFT89DTG", "Security": {"#attributes": {"UserID": "S-1-5-18"}}}, "EventData": {"Data": {"#text": ["C:\\ProgramData\\Package Cache\\{38624EB5-356D-4B08-8357-C33D89A5C0C5}v14.32.31326\\packages\\vcRuntimeAdditional_amd64\\vc_runtimeAdditional_x64.msi", "3964", "(NULL)", "(NULL)", "(NULL)", "(NULL)", ""]}, "Binary": null}}},
{"TimeGenerated": "2025-08-13T10:55:44.416784Z", "EventID": 10000, "Computer": "WIN-LC7SFT89DTG", "RawEvent": {"#attributes": {"xmlns": "http://schemas.microsoft.com/win/2004/08/events/event"}, "System": {"Provider": {"#attributes": {"Name": "Microsoft-Windows-RestartManager", "Guid": "0888E5EF-9B98-4695-979D-E92CE4247224"}}, "EventID": 10000, "Version": 0, "Level": 4, "Task": 0, "Opcode": 0, "Keywords": "0x8000000000000000", "TimeCreated": {"#attributes": {"SystemTime": "2025-08-13T10:55:44.416784Z"}}, "EventRecordID": 77, "Correlation": null, "Execution": {"#attributes": {"ProcessID": 4912, "ThreadID": 6624}}, "Channel": "Application", "Computer": "WIN-LC7SFT89DTG", "Security": {"#attributes": {"UserID": "S-1-5-21-2502726253-3859040611-225969357-500"}}}, "UserData": {"RmSessionEvent": {"#attributes": {"xmlns": "http://www.microsoft.com/2005/08/Windows/Reliability/RestartManager/"}, "RmSessionId": 0, "UTCStartTime": "2025-08-13T10:55:44.404120Z"}}}},
{"TimeGenerated": "2025-08-13T10:55:44.597910Z", "EventID": 10001, "Computer": "WIN-LC7SFT89DTG", "RawEvent": {"#attributes": {"xmlns": "http://schemas.microsoft.com/win/2004/08/events/event"}, "System": {"Provider": {"#attributes": {"Name": "Microsoft-Windows-RestartManager", "Guid": "0888E5EF-9B98-4695-979D-E92CE4247224"}}, "EventID": 10001, "Version": 0, "Level": 4, "Task": 0, "Opcode": 0, "Keywords": "0x8000000000000000", "TimeCreated": {"#attributes": {"SystemTime": "2025-08-13T10:55:44.597910Z"}}, "EventRecordID": 78, "Correlation": null, "Execution": {"#attributes": {"ProcessID": 4912, "ThreadID": 6572}}, "Channel": "Application", "Computer": "WIN-LC7SFT89DTG", "Security": {"#attributes": {"UserID": "S-1-5-21-2502726253-3859040611-225969357-500"}}}, "UserData": {"RmSessionEvent": {"#attributes": {"xmlns": "http://www.microsoft.com/2005/08/Windows/Reliability/RestartManager/"}, "RmSessionId": 0, "UTCStartTime": "2025-08-13T10:55:44.404120Z"}}}},
{"TimeGenerated": "2025-08-13T10:55:44.625403Z", "EventID": 10000, "Computer": "WIN-LC7SFT89DTG", "RawEvent": {"#attributes": {"xmlns": "http://schemas.microsoft.com/win/2004/08/events/event"}, "System": {"Provider": {"#attributes": {"Name": "Microsoft-Windows-RestartManager", "Guid": "0888E5EF-9B98-4695-979D-E92CE4247224"}}, "EventID": 10000, "Version": 0, "Level": 4, "Task": 0, "Opcode": 0, "Keywords": "0x8000000000000000", "TimeCreated": {"#attributes": {"SystemTime": "2025-08-13T10:55:44.625403Z"}}, "EventRecordID": 79, "Correlation": null, "Execution": {"#attributes": {"ProcessID": 4912, "ThreadID": 6684}}, "Channel": "Application", "Computer": "WIN-LC7SFT89DTG", "Security": {"#attributes": {"UserID": "S-1-5-21-2502726253-3859040611-225969357-500"}}}, "UserData": {"RmSessionEvent": {"#attributes": {"xmlns": "http://www.microsoft.com/2005/08/Windows/Reliability/RestartManager/"}, "RmSessionId": 0, "UTCStartTime": "2025-08-13T10:55:44.623240Z"}}}},
{"TimeGenerated": "2025-08-13T10:55:44.864268Z", "EventID": 10001, "Computer": "WIN-LC7SFT89DTG", "RawEvent": {"#attributes": {"xmlns": "http://schemas.microsoft.com/win/2004/08/events/event"}, "System": {"Provider": {"#attributes": {"Name": "Microsoft-Windows-RestartManager", "Guid": "0888E5EF-9B98-4695-979D-E92CE4247224"}}, "EventID": 10001, "Version": 0, "Level": 4, "Task": 0, "Opcode": 0, "Keywords": "0x8000000000000000", "TimeCreated": {"#attributes": {"SystemTime": "2025-08-13T10:55:44.864268Z"}}, "EventRecordID": 80, "Correlation": null, "Execution": {"#attributes": {"ProcessID": 4912, "ThreadID": 5136}}, "Channel": "Application", "Computer": "WIN-LC7SFT89DTG", "Security": {"#attributes": {"UserID": "S-1-5-21-2502726253-3859040611-225969357-500"}}}, "UserData": {"RmSessionEvent": {"#attributes": {"xmlns": "http://www.microsoft.com/2005/08/Windows/Reliability/RestartManager/"}, "RmSessionId": 0, "UTCStartTime": "2025-08-13T10:55:44.623240Z"}}}},
{"TimeGenerated": "2025-08-13T10:55:51.376433Z", "EventID": {"#attributes": {"Qualifiers": 0}, "#text": 1040}, "Computer": "WIN-LC7SFT89DTG", "RawEvent": {"#attributes": {"xmlns": "http://schemas.microsoft.com/win/2004/08/events/event"}, "System": {"Provider": {"#attributes": {"Name": "MsiInstaller"}}, "EventID": {"#attributes": {"Qualifiers": 0}, "#text": 1040}, "Level": 4, "Task": 0, "Keywords": "0x80000000000000", "TimeCreated": {"#attributes": {"SystemTime": "2025-08-13T10:55:51.376433Z"}}, "EventRecordID": 81, "Channel": "Application", "Computer": "WIN-LC7SFT89DTG", "Security": {"#attributes": {"UserID": "S-1-5-21-2502726253-3859040611-225969357-500"}}}, "EventData": {"Data": {"#text": ["C:\\Program Files\\Common Files\\VMware\\InstallerCache\\{A3631D35-CFA5-45F6-A65E-DAFA81C4CBE6}.msi", "6476", "(NULL)", "(NULL)", "(NULL)", "(NULL)", ""]}, "Binary": null}}},
{"TimeGenerated": "2025-08-13T10:56:00.326044Z", "EventID": {"#attributes": {"Qualifiers": 0}, "#text": 105}, "Computer": "WIN-LC7SFT89DTG", "RawEvent": {"#attributes": {"xmlns": "http://schemas.microsoft.com/win/2004/08/events/event"}, "System": {"Provider": {"#attributes": {"Name": "VMTools"}}, "EventID": {"#attributes": {"Qualifiers": 0}, "#text": 105}, "Level": 4, "Task": 0, "Keywords": "0x80000000000000", "TimeCreated": {"#attributes": {"SystemTime": "2025-08-13T10:56:00.326044Z"}}, "EventRecordID": 82, "Channel": "Application", "Computer": "WIN-LC7SFT89DTG", "Security": null}, "EventData": {"Data": {"#text": ""}, "Binary": null}}},
{"TimeGenerated": "2025-08-13T10:56:00.966074Z", "EventID": {"#attributes": {"Qualifiers": 16384}, "#text": 781}, "Computer": "WIN-LC7SFT89DTG", "RawEvent": {"#attributes": {"xmlns": "http://schemas.microsoft.com/win/2004/08/events/event"}, "System": {"Provider": {"#attributes": {"Name": "Microsoft-Windows-Complus", "Guid": "{0f177893-4a9c-4709-b921-f432d67f43d5}", "EventSourceName": "COM+"}}, "EventID": {"#attributes": {"Qualifiers": 16384}, "#text": 781}, "Version": 0, "Level": 4, "Task": 0, "Opcode": 0, "Keywords": "0x80000000000000", "TimeCreated": {"#attributes": {"SystemTime": "2025-08-13T10:56:00.966074Z"}}, "EventRecordID": 83, "Correlation": null, "Execution": {"#attributes": {"ProcessID": 0, "ThreadID": 0}}, "Channel": "Application", "Computer": "WIN-LC7SFT89DTG", "Security": null}, "EventData": {"param1": "86400", "param2": "SuppressDuplicateDuration", "param3": "Software\\Microsoft\\COM3\\Eventlog"}}},
{"TimeGenerated": "2025-08-13T10:56:03.231676Z", "EventID": {"#attributes": {"Qualifiers": 0}, "#text": 1038}, "Computer": "WIN-LC7SFT89DTG", "RawEvent": {"#attributes": {"xmlns": "http://schemas.microsoft.com/win/2004/08/events/event"}, "System": {"Provider": {"#attributes": {"Name": "MsiInstaller"}}, "EventID": {"#attributes": {"Qualifiers": 0}, "#text": 1038}, "Level": 4, "Task": 0, "Keywords": "0x80000000000000", "TimeCreated": {"#attributes": {"SystemTime": "2025-08-13T10:56:03.231676Z"}}, "EventRecordID": 84, "Channel": "Application", "Computer": "WIN-LC7SFT89DTG", "Security": {"#attributes": {"UserID": "S-1-5-21-2502726253-3859040611-225969357-500"}}}, "EventData": {"Data": {"#text": ["VMware Tools", "12.1.0.20219665", "1033", "1", "2", "VMware, Inc.", ""]}, "Binary": "7B41333633314433352D434641352D343546362D413635452D4441464138314334434245367D3030303062313236653739313962663663636264393332383838643134666262356366613030303030393034"}}},
{"TimeGenerated": "2025-08-13T10:56:03.247309Z", "EventID": {"#attributes": {"Qualifiers": 0}, "#text": 1042}, "Computer": "WIN-LC7SFT89DTG", "RawEvent": {"#attributes": {"xmlns": "http://schemas.microsoft.com/win/2004/08/events/event"}, "System": {"Provider": {"#attributes": {"Name": "MsiInstaller"}}, "EventID": {"#attributes": {"Qualifiers": 0}, "#text": 1042}, "Level": 4, "Task": 0, "Keywords": "0x80000000000000", "TimeCreated": {"#attributes": {"SystemTime": "2025-08-13T10:56:03.247309Z"}}, "EventRecordID": 85, "Channel": "Application", "Computer": "WIN-LC7SFT89DTG", "Security": {"#attributes": {"UserID": "S-1-5-18"}}}, "EventData": {"Data": {"#text": ["C:\\Program Files\\Common Files\\VMware\\InstallerCache\\{A3631D35-CFA5-45F6-A65E-DAFA81C4CBE6}.msi", "6476", "(NULL)", "(NULL)", "(NULL)", "(NULL)", ""]}, "Binary": null}}},
{"TimeGenerated": "2025-08-13T10:56:07.778474Z", "EventID": {"#attributes": {"Qualifiers": 0}, "#text": 11707}, "Computer": "WIN-LC7SFT89DTG", "RawEvent": {"#attributes": {"xmlns": "http://schemas.microsoft.com/win/2004/08/events/event"}, "System": {"Provider": {"#attributes": {"Name": "MsiInstaller"}}, "EventID": {"#attributes": {"Qualifiers": 0}, "#text": 11707}, "Level": 4, "Task": 0, "Keywords": "0x80000000000000", "TimeCreated": {"#attributes": {"SystemTime": "2025-08-13T10:56:07.778474Z"}}, "EventRecordID": 86, "Channel": "Application", "Computer": "WIN-LC7SFT89DTG", "Security": {"#attributes": {"UserID": "S-1-5-21-2502726253-3859040611-225969357-500"}}}, "EventData": {"Data": {"#text": ["Product: VMware Tools -- Installation completed successfully.", "(NULL)", "(NULL)", "(NULL)", "(NULL)", "(NULL)", ""]}, "Binary": "7B41333633314433352D434641352D343546362D413635452D4441464138314334434245367D"}}},
{"TimeGenerated": "2025-08-13T10:56:07.778474Z", "EventID": {"#attributes": {"Qualifiers": 0}, "#text": 1033}, "Computer": "WIN-LC7SFT89DTG", "RawEvent": {"#attributes": {"xmlns": "http://schemas.microsoft.com/win/2004/08/events/event"}, "System": {"Provider": {"#attributes": {"Name": "MsiInstaller"}}, "EventID": {"#attributes": {"Qualifiers": 0}, "#text": 1033}, "Level": 4, "Task": 0, "Keywords": "0x80000000000000", "TimeCreated": {"#attributes": {"SystemTime": "2025-08-13T10:56:07.778474Z"}}, "EventRecordID": 87, "Channel": "Application", "Computer": "WIN-LC7SFT89DTG", "Security": {"#attributes": {"UserID": "S-1-5-21-2502726253-3859040611-225969357-500"}}}, "EventData": {"Data": {"#text": ["VMware Tools", "12.1.0.20219665", "1033", "0", "VMware, Inc.", "(NULL)", ""]}, "Binary": "7B41333633314433352D434641352D343546362D413635452D4441464138314334434245367D3030303062313236653739313962663663636264393332383838643134666262356366613030303030393034"}}},
{"TimeGenerated": "2025-08-13T10:56:07.778474Z", "EventID": {"#attributes": {"Qualifiers": 0}, "#text": 1038}, "Computer": "WIN-LC7SFT89DTG", "RawEvent": {"#attributes": {"xmlns": "http://schemas.microsoft.com/win/2004/08/events/event"}, "System": {"Provider": {"#attributes": {"Name": "MsiInstaller"}}, "EventID": {"#attributes": {"Qualifiers": 0}, "#text": 1038}, "Level": 4, "Task": 0, "Keywords": "0x80000000000000", "TimeCreated": {"#attributes": {"SystemTime": "2025-08-13T10:56:07.778474Z"}}, "EventRecordID": 88, "Channel": "Application", "Computer": "WIN-LC7SFT89DTG", "Security": {"#attributes": {"UserID": "S-1-5-21-2502726253-3859040611-225969357-500"}}}, "EventData": {"Data": {"#text": ["VMware Tools", "12.1.0.20219665", "1033", "2", "0", "VMware, Inc.", ""]}, "Binary": "7B41333633314433352D434641352D343546362D413635452D4441464138314334434245367D3030303062313236653739313962663663636264393332383838643134666262356366613030303030393034"}}},
{"TimeGenerated": "2025-08-13T10:56:07.778474Z", "EventID": {"#attributes": {"Qualifiers": 0}, "#text": 1029}, "Computer": "WIN-LC7SFT89DTG", "RawEvent": {"#attributes": {"xmlns": "http://schemas.microsoft.com/win/2004/08/events/event"}, "System": {"Provider": {"#attributes": {"Name": "MsiInstaller"}}, "EventID": {"#attributes": {"Qualifiers": 0}, "#text": 1029}, "Level": 4, "Task": 0, "Keywords": "0x80000000000000", "TimeCreated": {"#attributes": {"SystemTime": "2025-08-13T10:56:07.778474Z"}}, "EventRecordID": 89, "Channel": "Application", "Computer": "WIN-LC7SFT89DTG", "Security": {"#attributes": {"UserID": "S-1-5-21-2502726253-3859040611-225969357-500"}}}, "EventData": {"Data": {"#text": ["VMware Tools", "(NULL)", "(NULL)", "(NULL)", "(NULL)", "(NULL)", ""]}, "Binary": "7B41333633314433352D434641352D343546362D413635452D4441464138314334434245367D2C2033303130"}}},
{"TimeGenerated": "2025-08-13T10:56:27.543841Z", "EventID": {"#attributes": {"Qualifiers": 32768}, "#text": 6000}, "Computer": "WIN-LC7SFT89DTG", "RawEvent": {"#attributes": {"xmlns": "http://schemas.microsoft.com/win/2004/08/events/event"}, "System": {"Provider": {"#attributes": {"Name": "Microsoft-Windows-Winlogon", "Guid": "{DBE9B383-7CF3-4331-91CC-A3CB16A3B538}", "EventSourceName": "Wlclntfy"}}, "EventID": {"#attributes": {"Qualifiers": 32768}, "#text": 6000}, "Version": 0, "Level": 4, "Task": 0, "Opcode": 0, "Keywords": "0x80000000000000", "TimeCreated": {"#attributes": {"SystemTime": "2025-08-13T10:56:27.543841Z"}}, "EventRecordID": 90, "Correlation": null, "Execution": {"#attributes": {"ProcessID": 0, "ThreadID": 0}}, "Channel": "Application", "Computer": "WIN-LC7SFT89DTG", "Security": null}, "EventData": {"Data": {"#text": "WSearch"}, "Binary": "D9060000"}}},
{"TimeGenerated": "2025-08-13T10:56:27.559431Z", "EventID": {"#attributes": {"Qualifiers": 32768}, "#text": 6000}, "Computer": "WIN-LC7SFT89DTG", "RawEvent": {"#attributes": {"xmlns": "http://schemas.microsoft.com/win/2004/08/events/event"}, "System": {"Provider": {"#attributes": {"Name": "Microsoft-Windows-Winlogon", "Guid": "{DBE9B383-7CF3-4331-91CC-A3CB16A3B538}", "EventSourceName": "Wlclntfy"}}, "EventID": {"#attributes": {"Qualifiers": 32768}, "#text": 6000}, "Version": 0, "Level": 4, "Task": 0, "Opcode": 0, "Keywords": "0x80000000000000", "TimeCreated": {"#attributes": {"SystemTime": "2025-08-13T10:56:27.559431Z"}}, "EventRecordID": 91, "Correlation": null, "Execution": {"#attributes": {"ProcessID": 0, "ThreadID": 0}}, "Channel": "Application", "Computer": "WIN-LC7SFT89DTG", "Security": null}, "EventData": {"Data": {"#text": "SessionEnv"}, "Binary": "D9060000"}}},
{"TimeGenerated": "2025-08-13T10:56:27.700042Z", "EventID": {"#attributes": {"Qualifiers": 0}, "#text": 260}, "Computer": "WIN-LC7SFT89DTG", "RawEvent": {"#attributes": {"xmlns": "http://schemas.microsoft.com/win/2004/08/events/event"}, "System": {"Provider": {"#attributes": {"Name": "VMUpgradeHelper"}}, "EventID": {"#attributes": {"Qualifiers": 0}, "#text": 260}, "Level": 4, "Task": 0, "Keywords": "0x80000000000000", "TimeCreated": {"#attributes": {"SystemTime": "2025-08-13T10:56:27.700042Z"}}, "EventRecordID": 92, "Channel": "Application", "Computer": "WIN-LC7SFT89DTG", "Security": null}, "EventData": {"Data": {"#text": ""}, "Binary": null}}},
{"TimeGenerated": "2025-08-13T10:56:27.700042Z", "EventID": {"#attributes": {"Qualifiers": 0}, "#text": 272}, "Computer": "WIN-LC7SFT89DTG", "RawEvent": {"#attributes": {"xmlns": "http://schemas.microsoft.com/win/2004/08/events/event"}, "System": {"Provider": {"#attributes": {"Name": "VMUpgradeHelper"}}, "EventID": {"#attributes": {"Qualifiers": 0}, "#text": 272}, "Level": 4, "Task": 0, "Keywords": "0x80000000000000", "TimeCreated": {"#attributes": {"SystemTime": "2025-08-13T10:56:27.700042Z"}}, "EventRecordID": 93, "Channel": "Application", "Computer": "WIN-LC7SFT89DTG", "Security": null}, "EventData": {"Data": {"#text": ""}, "Binary": null}}},
{"TimeGenerated": "2025-08-13T10:56:27.700042Z", "EventID": {"#attributes": {"Qualifiers": 0}, "#text": 108}, "Computer": "WIN-LC7SFT89DTG", "RawEvent": {"#attributes": {"xmlns": "http://schemas.microsoft.com/win/2004/08/events/event"}, "System": {"Provider": {"#attributes": {"Name": "VMTools"}}, "EventID": {"#attributes": {"Qualifiers": 0}, "#text": 108}, "Level": 4, "Task": 0, "Keywords": "0x80000000000000", "TimeCreated": {"#attributes": {"SystemTime": "2025-08-13T10:56:27.700042Z"}}, "EventRecordID": 94, "Channel": "Application", "Computer": "WIN-LC7SFT89DTG", "Security": null}, "EventData": {"Data": {"#text": ""}, "Binary": null}}},
{"TimeGenerated": "2025-08-13T10:56:28.084472Z", "EventID": 1532, "Computer": "WIN-LC7SFT89DTG", "RawEvent": {"#attributes": {"xmlns": "http://schemas.microsoft.com/win/2004/08/events/event"}, "System": {"Provider": {"#attributes": {"Name": "Microsoft-Windows-User Profiles Service", "Guid": "89B1E9F0-5AFF-44A6-9B44-0A07A7CE5845"}}, "EventID": 1532, "Version": 0, "Level": 4, "Task": 0, "Opcode": 0, "Keywords": "0x8000000000000000", "TimeCreated": {"#attributes": {"SystemTime": "2025-08-13T10:56:28.084472Z"}}, "EventRecordID": 95, "Correlation": null, "Execution": {"#attributes": {"ProcessID": 1984, "ThreadID": 1176}}, "Channel": "Application", "Computer": "WIN-LC7SFT89DTG", "Security": {"#attributes": {"UserID": "S-1-5-18"}}}, "EventData": null}},
{"TimeGenerated": "2025-08-13T10:56:42.380473Z", "EventID": {"#attributes": {"Qualifiers": 16384}, "#text": 4625}, "Computer": "DC01", "RawEvent": {"#attributes": {"xmlns": "http://schemas.microsoft.com/win/2004/08/events/event"}, "System": {"Provider": {"#attributes": {"Name": "Microsoft-Windows-EventSystem", "Guid": "{899daace-4868-4295-afcd-9eb8fb497561}", "EventSourceName": "EventSystem"}}, "EventID": {"#attributes": {"Qualifiers": 16384}, "#text": 4625}, "Version": 0, "Level": 4, "Task": 0, "Opcode": 0, "Keywords": "0x80000000000000", "TimeCreated": {"#attributes": {"SystemTime": "2025-08-13T10:56:42.380473Z"}}, "EventRecordID": 96, "Correlation": null, "Execution": {"#attributes": {"ProcessID": 0, "ThreadID": 0}}, "Channel": "Application", "Computer": "DC01", "Security": null}, "EventData": {"param1": "86400", "param2": "SuppressDuplicateDuration", "param3": "Software\\Microsoft\\EventSystem\\EventLog"}}},
{"TimeGenerated": "2025-08-13T10:56:42.661716Z", "EventID": {"#attributes": {"Qualifiers": 0}, "#text": 105}, "Computer": "DC01", "RawEvent": {"#attributes": {"xmlns": "http://schemas.microsoft.com/win/2004/08/events/event"}, "System": {"Provider": {"#attributes": {"Name": "VMTools"}}, "EventID": {"#attributes": {"Qualifiers": 0}, "#text": 105}, "Level": 4, "Task": 0, "Keywords": "0x80000000000000", "TimeCreated": {"#attributes": {"SystemTime": "2025-08-13T10:56:42.661716Z"}}, "EventRecordID": 97, "Channel": "Application", "Computer": "DC01", "Security": null}, "EventData": {"Data": {"#text": ""}, "Binary": null}}},
{"TimeGenerated": "2025-08-13T10:56:42.786729Z", "EventID": {"#attributes": {"Qualifiers": 16384}, "#text": 900}, "Computer": "DC01", "RawEvent": {"#attributes": {"xmlns": "http://schemas.microsoft.com/win/2004/08/events/event"}, "System": {"Provider": {"#attributes": {"Name": "Microsoft-Windows-Security-SPP", "Guid": "{E23B33B0-C8C9-472C-A5F9-F2BDFEA0F156}", "EventSourceName": "Software Protection Platform Service"}}, "EventID": {"#attributes": {"Qualifiers": 16384}, "#text": 900}, "Version": 0, "Level": 4, "Task": 0, "Opcode": 0, "Keywords": "0x80000000000000", "TimeCreated": {"#attributes": {"SystemTime": "2025-08-13T10:56:42.786729Z"}}, "EventRecordID": 98, "Correlation": null, "Execution": {"#attributes": {"ProcessID": 0, "ThreadID": 0}}, "Channel": "Application", "Computer": "DC01", "Security": null}, "EventData": {"Data": {"#text": "TriggerStarted:6"}, "Binary": null}}},
{"TimeGenerated": "2025-08-13T10:56:42.864846Z", "EventID": {"#attributes": {"Qualifiers": 49152}, "#text": 16394}, "Computer": "DC01", "RawEvent": {"#attributes": {"xmlns": "http://schemas.microsoft.com/win/2004/08/events/event"}, "System": {"Provider": {"#attributes": {"Name": "Microsoft-Windows-Security-SPP", "Guid": "{E23B33B0-C8C9-472C-A5F9-F2BDFEA0F156}", "EventSourceName": "Software Protection Platform Service"}}, "EventID": {"#attributes": {"Qualifiers": 49152}, "#text": 16394}, "Version": 0, "Level": 4, "Task": 0, "Opcode": 0, "Keywords": "0x80000000000000", "TimeCreated": {"#attributes": {"SystemTime": "2025-08-13T10:56:42.864846Z"}}, "EventRecordID": 99, "Correlation": null, "Execution": {"#attributes": {"ProcessID": 0, "ThreadID": 0}}, "Channel": "Application", "Computer": "DC01", "Security": null}, "EventData": {"Data": {"#text": ""}, "Binary": null}}},
{"TimeGenerated": "2025-08-13T10:56:42.911716Z", "EventID": {"#attributes": {"Qualifiers": 32768}, "#text": 6003}, "Computer": "DC01", "RawEvent": {"#attributes": {"xmlns": "http://schemas.microsoft.com/win/2004/08/events/event"}, "System": {"Provider": {"#attributes": {"Name": "Microsoft-Windows-Winlogon", "Guid": "{DBE9B383-7CF3-4331-91CC-A3CB16A3B538}", "EventSourceName": "Wlclntfy"}}, "EventID": {"#attributes": {"Qualifiers": 32768}, "#text": 6003}, "Version": 0, "Level": 4, "Task": 0, "Opcode": 0, "Keywords": "0x80000000000000", "TimeCreated": {"#attributes": {"SystemTime": "2025-08-13T10:56:42.911716Z"}}, "EventRecordID": 100, "Correlation": null, "Execution": {"#attributes": {"ProcessID": 0, "ThreadID": 0}}, "Channel": "Application", "Computer": "DC01", "Security": null}, "EventData": {"Data": {"#text": "SessionEnv"}, "Binary": "D9060000"}}},
{"TimeGenerated": "2025-08-13T10:56:42.927486Z", "EventID": {"#attributes": {"Qualifiers": 16384}, "#text": 1066}, "Computer": "DC01", "RawEvent": {"#attributes": {"xmlns": "http://schemas.microsoft.com/win/2004/08/events/event"}, "System": {"Provider": {"#attributes": {"Name": "Microsoft-Windows-Security-SPP", "Guid": "{E23B33B0-C8C9-472C-A5F9-F2BDFEA0F156}", "EventSourceName": "Software Protection Platform Service"}}, "EventID": {"#attributes": {"Qualifiers": 16384}, "#text": 1066}, "Version": 0, "Level": 4, "Task": 0, "Opcode": 0, "Keywords": "0x80000000000000", "TimeCreated": {"#attributes": {"SystemTime": "2025-08-13T10:56:42.927486Z"}}, "EventRecordID": 101, "Correlation": null, "Execution": {"#attributes": {"ProcessID": 0, "ThreadID": 0}}, "Channel": "Application", "Computer": "DC01", "Security": null}, "EventData": {"Data": {"#text": "C:\\Windows\\system32\\sppwinob.dll, msft:spp/windowsfunctionality/agent/7.0, 0x00000000, 0x00000000\nC:\\Windows\\system32\\sppobjs.dll, msft:rm/algorithm/inherited/1.0, 0x00000000, 0x00000000\nC:\\Windows\\system32\\sppobjs.dll, msft:rm/algorithm/phone/1.0, 0x00000000, 0x00000000\nC:\\Windows\\system32\\sppobjs.dll, msft:rm/algorithm/pkey/detect, 0x00000000, 0x00000000\nC:\\Windows\\system32\\sppobjs.dll, msft:spp/ActionScheduler/1.0, 0x00000000, 0x00000000\nC:\\Windows\\system32\\sppobjs.dll, msft:spp/TaskScheduler/1.0, 0x00000000, 0x00000000\nC:\\Windows\\system32\\sppobjs.dll, msft:spp/statecollector/pkey, 0x00000000, 0x00000000\nC:\\Windows\\system32\\sppobjs.dll, msft:spp/volume/services/kms/1.0, 0x00000000, 0x00000000\nC:\\Windows\\system32\\sppobjs.dll, msft:spp/volume/services/kms/activationinfo/1.0, 0x00000000, 0x00000000\n"}, "Binary": null}}},
{"TimeGenerated": "2025-08-13T10:56:42.990038Z", "EventID": {"#attributes": {"Qualifiers": 32770}, "#text": 4440}, "Computer": "DC01", "RawEvent": {"#attributes": {"xmlns": "http://schemas.microsoft.com/win/2004/08/events/event"}, "System": {"Provider": {"#attributes": {"Name": "Microsoft-Windows-Complus", "Guid": "{0f177893-4a9c-4709-b921-f432d67f43d5}", "EventSourceName": "COM+"}}, "EventID": {"#attributes": {"Qualifiers": 32770}, "#text": 4440}, "Version": 0, "Level": 3, "Task": 28, "Opcode": 0, "Keywords": "0x80000000000000", "TimeCreated": {"#attributes": {"SystemTime": "2025-08-13T10:56:42.990038Z"}}, "EventRecordID": 102, "Correlation": null, "Execution": {"#attributes": {"ProcessID": 0, "ThreadID": 0}}, "Channel": "Application", "Computer": "DC01", "Security": null}, "EventData": {"param1": "WIN-LC7SFT89DTG\r\n\r\nServer Application ID: {02D4B3F1-FD88-11D1-960D-00805FC79235}\r\nServer Application Instance ID:\r\n{FCA13845-7FAC-48B6-91C7-B139074E4875}\r\nServer Application Name: System Application\r\nComsvcs.dll file version: ENU 2001.12.10941.16384 shp"}}},
{"TimeGenerated": "2025-08-13T10:56:43.005452Z", "EventID": {"#attributes": {"Qualifiers": 16384}, "#text": 1003}, "Computer": "DC01", "RawEvent": {"#attributes": {"xmlns": "http://schemas.microsoft.com/win/2004/08/events/event"}, "System": {"Provider": {"#attributes": {"Name": "Microsoft-Windows-Security-SPP", "Guid": "{E23B33B0-C8C9-472C-A5F9-F2BDFEA0F156}", "EventSourceName": "Software Protection Platform Service"}}, "EventID": {"#attributes": {"Qualifiers": 16384}, "#text": 1003}, "Version": 0, "Level": 4, "Task": 0, "Opcode": 0, "Keywords": "0x80000000000000", "TimeCreated": {"#attributes": {"SystemTime": "2025-08-13T10:56:43.005452Z"}}, "EventRecordID": 103, "Correlation": null, "Execution": {"#attributes": {"ProcessID": 0, "ThreadID": 0}}, "Channel": "Application", "Computer": "DC01", "Security": null}, "EventData": {"Data": {"#text": ["55c92734-d682-4d71-983e-d6ec3f16059f", "\n1: 7783a126-c108-4cf7-b59f-13c78c7a7337, 1, 1 [(0 [0x00000000, 1, 0], [(?)( 1 0x00000000)(?)( 2 0x00000000 0 0 msft:rm/algorithm/hwid/4.0 0x00000000 0)(?)( 9 0x00000000 180 259198)( 10 0x00000000 msft:rm/algorithm/flags/1.0)(?)])(1 )(2 )(3 )]\n\n"]}, "Binary": null}}},
{"TimeGenerated": "2025-08-13T10:56:43.005452Z", "EventID": {"#attributes": {"Qualifiers": 32768}, "#text": 1037}, "Computer": "DC01", "RawEvent": {"#attributes": {"xmlns": "http://schemas.microsoft.com/win/2004/08/events/event"}, "System": {"Provider": {"#attributes": {"Name": "Microsoft-Windows-Security-SPP", "Guid": "{E23B33B0-C8C9-472C-A5F9-F2BDFEA0F156}", "EventSourceName": "Software Protection Platform Service"}}, "EventID": {"#attributes": {"Qualifiers": 32768}, "#text": 1037}, "Version": 0, "Level": 4, "Task": 0, "Opcode": 0, "Keywords": "0x80000000000000", "TimeCreated": {"#attributes": {"SystemTime": "2025-08-13T10:56:43.005452Z"}}, "EventRecordID": 104, "Correlation": null, "Execution": {"#attributes": {"ProcessID": 0, "ThreadID": 0}}, "Channel": "Application", "Computer": "DC01", "Security": null}, "EventData": {"Data": {"#text": ["validity", "259198"]}, "Binary": null}}},
{"TimeGenerated": "2025-08-13T10:56:43.021202Z", "EventID": {"#attributes": {"Qualifiers": 16384}, "#text": 902}, "Computer": "DC01", "RawEvent": {"#attributes": {"xmlns": "http://schemas.microsoft.com/win/2004/08/events/event"}, "System": {"Provider": {"#attributes": {"Name": "Microsoft-Windows-Security-SPP", "Guid": "{E23B33B0-C8C9-472C-A5F9-F2BDFEA0F156}", "EventSourceName": "Software Protection Platform Service"}}, "EventID": {"#attributes": {"Qualifiers": 16384}, "#text": 902}, "Version": 0, "Level": 0, "Task": 0, "Opcode": 0, "Keywords": "0x80000000000000", "TimeCreated": {"#attributes": {"SystemTime": "2025-08-13T10:56:43.021202Z"}}, "EventRecordID": 105, "Correlation": null, "Execution": {"#attributes": {"ProcessID": 0, "ThreadID": 0}}, "Channel": "Application", "Computer": "DC01", "Security": null}, "EventData": {"Data": {"#text": "10.0.17763.3650"}, "Binary": null}}},
{"TimeGenerated": "2025-08-13T10:56:43.114859Z", "EventID": {"#attributes": {"Qualifiers": 16384}, "#text": 4202}, "Computer": "DC01", "RawEvent": {"#attributes": {"xmlns": "http://schemas.microsoft.com/win/2004/08/events/event"}, "System": {"Provider": {"#attributes": {"Name": "Microsoft-Windows-MSDTC 2", "Guid": "{5D9E0020-3761-4f36-90C8-38CE6511BD12}", "EventSourceName": "MSDTC 2"}}, "EventID": {"#attributes": {"Qualifiers": 16384}, "#text": 4202}, "Version": 0, "Level": 4, "Task": 2, "Opcode": 0, "Keywords": "0x80000000000000", "TimeCreated": {"#attributes": {"SystemTime": "2025-08-13T10:56:43.114859Z"}}, "EventRecordID": 106, "Correlation": null, "Execution": {"#attributes": {"ProcessID": 0, "ThreadID": 0}}, "Channel": "Application", "Computer": "DC01", "Security": null}, "EventData": {"param1": "0", "param2": "0", "param3": "0", "param4": "0", "param5": "0", "param6": "0", "param7": "1", "param8": "Mutual Authentication Required", "param9": "NT AUTHORITY\\NetworkService", "param10": "0", "param11": "0", "param12": "1"}}},
