{"TimeGenerated": "2025-11-21T22:12:20.838306Z", "EventID": 1531, "Computer": "DC01.garfield.htb", "RawEvent": {"#attributes": {"xmlns": "http://schemas.microsoft.com/win/2004/08/events/event"}, "System": {"Provider": {"#attributes": {"Name": "Microsoft-Windows-User Profiles Service", "Guid": "89B1E9F0-5AFF-44A6-9B44-0A07A7CE5845"}}, "EventID": 1531, "Version": 0, "Level": 4, "Task": 0, "Opcode": 0, "Keywords": "0x8000000000000000", "TimeCreated": {"#attributes": {"SystemTime": "2025-11-21T22:12:20.838306Z"}}, "EventRecordID": 1174, "Correlation": null, "Execution": {"#attributes": {"ProcessID": 1752, "ThreadID": 1844}}, "Channel": "Application", "Computer": "DC01.garfield.htb", "Security": {"#attributes": {"UserID": "S-1-5-18"}}}, "EventData": null}},
{"TimeGenerated": "2025-11-21T22:12:20.985504Z", "EventID": 5615, "Computer": "DC01.garfield.htb", "RawEvent": {"#attributes": {"xmlns": "http://schemas.microsoft.com/win/2004/08/events/event"}, "System": {"Provider": {"#attributes": {"Name": "Microsoft-Windows-WMI", "Guid": "1EDEEE53-0AFE-4609-B846-D8C0B2075B1F"}}, "EventID": 5615, "Version": 2, "Level": 4, "Task": 0, "Opcode": 0, "Keywords": "0x8000000000000000", "TimeCreated": {"#attributes": {"SystemTime": "2025-11-21T22:12:20.985504Z"}}, "EventRecordID": 1175, "Correlation": null, "Execution": {"#attributes": {"ProcessID": 2340, "ThreadID": 2436}}, "Channel": "Application", "Computer": "DC01.garfield.htb", "Security": {"#attributes": {"UserID": "S-1-5-18"}}}, "EventData": null}},
{"TimeGenerated": "2025-11-21T22:12:21.136414Z", "EventID": 5617, "Computer": "DC01.garfield.htb", "RawEvent": {"#attributes": {"xmlns": "http://schemas.microsoft.com/win/2004/08/events/event"}, "System": {"Provider": {"#attributes": {"Name": "Microsoft-Windows-WMI", "Guid": "1EDEEE53-0AFE-4609-B846-D8C0B2075B1F"}}, "EventID": 5617, "Version": 2, "Level": 4, "Task": 0, "Opcode": 0, "Keywords": "0x8000000000000000", "TimeCreated": {"#attributes": {"SystemTime": "2025-11-21T22:12:21.136414Z"}}, "EventRecordID": 1176, "Correlation": null, "Execution": {"#attributes": {"ProcessID": 2340, "ThreadID": 2548}}, "Channel": "Application", "Computer": "DC01.garfield.htb", "Security": {"#attributes": {"UserID": "S-1-5-18"}}}, "EventData": null}},
{"TimeGenerated": "2025-11-21T22:12:47.721114Z", "EventID": {"#attributes": {"Qualifiers": 16384}, "#text": 900}, "Computer": "DC01.garfield.htb", "RawEvent": {"#attributes": {"xmlns": "http://schemas.microsoft.com/win/2004/08/events/event"}, "System": {"Provider": {"#attributes": {"Name": "Microsoft-Windows-Security-SPP", "Guid": "{E23B33B0-C8C9-472C-A5F9-F2BDFEA0F156}", "EventSourceName": "Software Protection Platform Service"}}, "EventID": {"#attributes": {"Qualifiers": 16384}, "#text": 900}, "Version": 0, "Level": 4, "Task": 0, "Opcode": 0, "Keywords": "0x80000000000000", "TimeCreated": {"#attributes": {"SystemTime": "2025-11-21T22:12:47.721114Z"}}, "EventRecordID": 1177, "Correlation": null, "Execution": {"#attributes": {"ProcessID": 0, "ThreadID": 0}}, "Channel": "Application", "Computer": "DC01.garfield.htb", "Security": null}, "EventData": {"Data": {"#text": "TriggerStarted:6"}, "Binary": null}}},
{"TimeGenerated": "2025-11-21T22:12:47.783624Z", "EventID": {"#attributes": {"Qualifiers": 0}, "#text": 105}, "Computer": "DC01.garfield.htb", "RawEvent": {"#attributes": {"xmlns": "http://schemas.microsoft.com/win/2004/08/events/event"}, "System": {"Provider": {"#attributes": {"Name": "VMTools"}}, "EventID": {"#attributes": {"Qualifiers": 0}, "#text": 105}, "Level": 4, "Task": 0, "Keywords": "0x80000000000000", "TimeCreated": {"#attributes": {"SystemTime": "2025-11-21T22:12:47.783624Z"}}, "EventRecordID": 1178, "Channel": "Application", "Computer": "DC01.garfield.htb", "Security": null}, "EventData": {"Data": {"#text": ""}, "Binary": null}}},
{"TimeGenerated": "2025-11-21T22:12:47.846111Z", "EventID": {"#attributes": {"Qualifiers": 49152}, "#text": 16394}, "Computer": "DC01.garfield.htb", "RawEvent": {"#attributes": {"xmlns": "http://schemas.microsoft.com/win/2004/08/events/event"}, "System": {"Provider": {"#attributes": {"Name": "Microsoft-Windows-Security-SPP", "Guid": "{E23B33B0-C8C9-472C-A5F9-F2BDFEA0F156}", "EventSourceName": "Software Protection Platform Service"}}, "EventID": {"#attributes": {"Qualifiers": 49152}, "#text": 16394}, "Version": 0, "Level": 4, "Task": 0, "Opcode": 0, "Keywords": "0x80000000000000", "TimeCreated": {"#attributes": {"SystemTime": "2025-11-21T22:12:47.846111Z"}}, "EventRecordID": 1179, "Correlation": null, "Execution": {"#attributes": {"ProcessID": 0, "ThreadID": 0}}, "Channel": "Application", "Computer": "DC01.garfield.htb", "Security": null}, "EventData": {"Data": {"#text": ""}, "Binary": null}}},
{"TimeGenerated": "2025-11-21T22:12:47.878010Z", "EventID": {"#attributes": {"Qualifiers": 16384}, "#text": 1066}, "Computer": "DC01.garfield.htb", "RawEvent": {"#attributes": {"xmlns": "http://schemas.microsoft.com/win/2004/08/events/event"}, "System": {"Provider": {"#attributes": {"Name": "Microsoft-Windows-Security-SPP", "Guid": "{E23B33B0-C8C9-472C-A5F9-F2BDFEA0F156}", "EventSourceName": "Software Protection Platform Service"}}, "EventID": {"#attributes": {"Qualifiers": 16384}, "#text": 1066}, "Version": 0, "Level": 4, "Task": 0, "Opcode": 0, "Keywords": "0x80000000000000", "TimeCreated": {"#attributes": {"SystemTime": "2025-11-21T22:12:47.878010Z"}}, "EventRecordID": 1180, "Correlation": null, "Execution": {"#attributes": {"ProcessID": 0, "ThreadID": 0}}, "Channel": "Application", "Computer": "DC01.garfield.htb", "Security": null}, "EventData": {"Data": {"#text": "C:\\Windows\\system32\\sppwinob.dll, msft:spp/windowsfunctionality/agent/7.0, 0x00000000, 0x00000000\nC:\\Windows\\system32\\sppobjs.dll, msft:rm/algorithm/inherited/1.0, 0x00000000, 0x00000000\nC:\\Windows\\system32\\sppobjs.dll, msft:rm/algorithm/phone/1.0, 0x00000000, 0x00000000\nC:\\Windows\\system32\\sppobjs.dll, msft:rm/algorithm/pkey/detect, 0x00000000, 0x00000000\nC:\\Windows\\system32\\sppobjs.dll, msft:spp/ActionScheduler/1.0, 0x00000000, 0x00000000\nC:\\Windows\\system32\\sppobjs.dll, msft:spp/TaskScheduler/1.0, 0x00000000, 0x00000000\nC:\\Windows\\system32\\sppobjs.dll, msft:spp/statecollector/pkey, 0x00000000, 0x00000000\nC:\\Windows\\system32\\sppobjs.dll, msft:spp/volume/services/kms/1.0, 0x00000000, 0x00000000\nC:\\Windows\\system32\\sppobjs.dll, msft:spp/volume/services/kms/activationinfo/1.0, 0x00000000, 0x00000000\n"}, "Binary": null}}},
{"TimeGenerated": "2025-11-21T22:12:47.955479Z", "EventID": {"#attributes": {"Qualifiers": 16384}, "#text": 1003}, "Computer": "DC01.garfield.htb", "RawEvent": {"#attributes": {"xmlns": "http://schemas.microsoft.com/win/2004/08/events/event"}, "System": {"Provider": {"#attributes": {"Name": "Microsoft-Windows-Security-SPP", "Guid": "{E23B33B0-C8C9-472C-A5F9-F2BDFEA0F156}", "EventSourceName": "Software Protection Platform Service"}}, "EventID": {"#attributes": {"Qualifiers": 16384}, "#text": 1003}, "Version": 0, "Level": 4, "Task": 0, "Opcode": 0, "Keywords": "0x80000000000000", "TimeCreated": {"#attributes": {"SystemTime": "2025-11-21T22:12:47.955479Z"}}, "EventRecordID": 1181, "Correlation": null, "Execution": {"#attributes": {"ProcessID": 0, "ThreadID": 0}}, "Channel": "Application", "Computer": "DC01.garfield.htb", "Security": null}, "EventData": {"Data": {"#text": ["55c92734-d682-4d71-983e-d6ec3f16059f", "\n1: 7783a126-c108-4cf7-b59f-13c78c7a7337, 1, 1 [(0 [0x00000000, 1, 0], [(?)( 1 0x00000000)(?)( 2 0x00000000 0 0 msft:rm/algorithm/hwid/4.0 0x00000000 0)(?)( 9 0x00000000 180 114522)( 10 0x00000000 msft:rm/algorithm/flags/1.0)(?)])(1 )(2 )(3 )]\n\n"]}, "Binary": null}}},
{"TimeGenerated": "2025-11-21T22:12:47.955479Z", "EventID": {"#attributes": {"Qualifiers": 32768}, "#text": 1037}, "Computer": "DC01.garfield.htb", "RawEvent": {"#attributes": {"xmlns": "http://schemas.microsoft.com/win/2004/08/events/event"}, "System": {"Provider": {"#attributes": {"Name": "Microsoft-Windows-Security-SPP", "Guid": "{E23B33B0-C8C9-472C-A5F9-F2BDFEA0F156}", "EventSourceName": "Software Protection Platform Service"}}, "EventID": {"#attributes": {"Qualifiers": 32768}, "#text": 1037}, "Version": 0, "Level": 4, "Task": 0, "Opcode": 0, "Keywords": "0x80000000000000", "TimeCreated": {"#attributes": {"SystemTime": "2025-11-21T22:12:47.955479Z"}}, "EventRecordID": 1182, "Correlation": null, "Execution": {"#attributes": {"ProcessID": 0, "ThreadID": 0}}, "Channel": "Application", "Computer": "DC01.garfield.htb", "Security": null}, "EventData": {"Data": {"#text": ["validity", "114522"]}, "Binary": null}}},
{"TimeGenerated": "2025-11-21T22:12:47.971086Z", "EventID": {"#attributes": {"Qualifiers": 16384}, "#text": 902}, "Computer": "DC01.garfield.htb", "RawEvent": {"#attributes": {"xmlns": "http://schemas.microsoft.com/win/2004/08/events/event"}, "System": {"Provider": {"#attributes": {"Name": "Microsoft-Windows-Security-SPP", "Guid": "{E23B33B0-C8C9-472C-A5F9-F2BDFEA0F156}", "EventSourceName": "Software Protection Platform Service"}}, "EventID": {"#attributes": {"Qualifiers": 16384}, "#text": 902}, "Version": 0, "Level": 0, "Task": 0, "Opcode": 0, "Keywords": "0x80000000000000", "TimeCreated": {"#attributes": {"SystemTime": "2025-11-21T22:12:47.971086Z"}}, "EventRecordID": 1183, "Correlation": null, "Execution": {"#attributes": {"ProcessID": 0, "ThreadID": 0}}, "Channel": "Application", "Computer": "DC01.garfield.htb", "Security": null}, "EventData": {"Data": {"#text": "10.0.17763.3650"}, "Binary": null}}},
{"TimeGenerated": "2025-11-21T22:12:48.064866Z", "EventID": {"#attributes": {"Qualifiers": 16384}, "#text": 9027}, "Computer": "DC01.garfield.htb", "RawEvent": {"#attributes": {"xmlns": "http://schemas.microsoft.com/win/2004/08/events/event"}, "System": {"Provider": {"#attributes": {"Name": "Desktop Window Manager"}}, "EventID": {"#attributes": {"Qualifiers": 16384}, "#text": 9027}, "Level": 4, "Task": 0, "Keywords": "0x80000000000000", "TimeCreated": {"#attributes": {"SystemTime": "2025-11-21T22:12:48.064866Z"}}, "EventRecordID": 1184, "Channel": "Application", "Computer": "DC01.garfield.htb", "Security": null}, "EventData": {"Data": {"#text": ""}, "Binary": null}}},
{"TimeGenerated": "2025-11-21T22:12:48.205460Z", "EventID": {"#attributes": {"Qualifiers": 16384}, "#text": 781}, "Computer": "DC01.garfield.htb", "RawEvent": {"#attributes": {"xmlns": "http://schemas.microsoft.com/win/2004/08/events/event"}, "System": {"Provider": {"#attributes": {"Name": "Microsoft-Windows-Complus", "Guid": "{0f177893-4a9c-4709-b921-f432d67f43d5}", "EventSourceName": "COM+"}}, "EventID": {"#attributes": {"Qualifiers": 16384}, "#text": 781}, "Version": 0, "Level": 4, "Task": 0, "Opcode": 0, "Keywords": "0x80000000000000", "TimeCreated": {"#attributes": {"SystemTime": "2025-11-21T22:12:48.205460Z"}}, "EventRecordID": 1185, "Correlation": null, "Execution": {"#attributes": {"ProcessID": 0, "ThreadID": 0}}, "Channel": "Application", "Computer": "DC01.garfield.htb", "Security": null}, "EventData": {"param1": "86400", "param2": "SuppressDuplicateDuration", "param3": "Software\\Microsoft\\COM3\\Eventlog"}}},
{"TimeGenerated": "2025-11-21T22:12:48.221120Z", "EventID": {"#attributes": {"Qualifiers": 0}, "#text": 258}, "Computer": "DC01.garfield.htb", "RawEvent": {"#attributes": {"xmlns": "http://schemas.microsoft.com/win/2004/08/events/event"}, "System": {"Provider": {"#attributes": {"Name": "VMUpgradeHelper"}}, "EventID": {"#attributes": {"Qualifiers": 0}, "#text": 258}, "Level": 4, "Task": 0, "Keywords": "0x80000000000000", "TimeCreated": {"#attributes": {"SystemTime": "2025-11-21T22:12:48.221120Z"}}, "EventRecordID": 1186, "Channel": "Application", "Computer": "DC01.garfield.htb", "Security": null}, "EventData": {"Data": {"#text": ""}, "Binary": null}}},
{"TimeGenerated": "2025-11-21T22:12:48.299227Z", "EventID": {"#attributes": {"Qualifiers": 0}, "#text": 271}, "Computer": "DC01.garfield.htb", "RawEvent": {"#attributes": {"xmlns": "http://schemas.microsoft.com/win/2004/08/events/event"}, "System": {"Provider": {"#attributes": {"Name": "VMUpgradeHelper"}}, "EventID": {"#attributes": {"Qualifiers": 0}, "#text": 271}, "Level": 4, "Task": 0, "Keywords": "0x80000000000000", "TimeCreated": {"#attributes": {"SystemTime": "2025-11-21T22:12:48.299227Z"}}, "EventRecordID": 1187, "Channel": "Application", "Computer": "DC01.garfield.htb", "Security": null}, "EventData": {"Data": {"#text": ""}, "Binary": null}}},
{"TimeGenerated": "2025-11-21T22:12:48.299227Z", "EventID": {"#attributes": {"Qualifiers": 16384}, "#text": 4202}, "Computer": "DC01.garfield.htb", "RawEvent": {"#attributes": {"xmlns": "http://schemas.microsoft.com/win/2004/08/events/event"}, "System": {"Provider": {"#attributes": {"Name": "Microsoft-Windows-MSDTC 2", "Guid": "{5D9E0020-3761-4f36-90C8-38CE6511BD12}", "EventSourceName": "MSDTC 2"}}, "EventID": {"#attributes": {"Qualifiers": 16384}, "#text": 4202}, "Version": 0, "Level": 4, "Task": 2, "Opcode": 0, "Keywords": "0x80000000000000", "TimeCreated": {"#attributes": {"SystemTime": "2025-11-21T22:12:48.299227Z"}}, "EventRecordID": 1188, "Correlation": null, "Execution": {"#attributes": {"ProcessID": 0, "ThreadID": 0}}, "Channel": "Application", "Computer": "DC01.garfield.htb", "Security": null}, "EventData": {"param1": "0", "param2": "0", "param3": "0", "param4": "0", "param5": "0", "param6": "0", "param7": "1", "param8": "Mutual Authentication Required", "param9": "NT AUTHORITY\\NetworkService", "param10": "0", "param11": "0", "param12": "1"}}},
{"TimeGenerated": "2025-11-21T22:13:08.234076Z", "EventID": 1023, "Computer": "DC01.garfield.htb", "RawEvent": {"#attributes": {"xmlns": "http://schemas.microsoft.com/win/2004/08/events/event"}, "System": {"Provider": {"#attributes": {"Name": "Microsoft-Windows-Perflib", "Guid": "13B197BD-7CEE-4B4E-8DD0-59314CE374CE"}}, "EventID": 1023, "Version": 1, "Level": 2, "Task": 0, "Opcode": 0, "Keywords": "0x8000000000000000", "TimeCreated": {"#attributes": {"SystemTime": "2025-11-21T22:13:08.234076Z"}}, "EventRecordID": 1189, "Correlation": {"#attributes": {"ActivityID": "E2ABDBD5-5B33-0000-E422-ACE2335BDC01"}}, "Execution": {"#attributes": {"ProcessID": 4824, "ThreadID": 4852}}, "Channel": "Application", "Computer": "DC01.garfield.htb", "Security": {"#attributes": {"UserID": "S-1-5-18"}}}, "EventData": {"Library": "C:\\Windows\\system32\\ntdsperf.dll", "Win32Error": 126}}},
{"TimeGenerated": "2025-11-21T22:13:29.250220Z", "EventID": {"#attributes": {"Qualifiers": 16384}, "#text": 9027}, "Computer": "DC01.garfield.htb", "RawEvent": {"#attributes": {"xmlns": "http://schemas.microsoft.com/win/2004/08/events/event"}, "System": {"Provider": {"#attributes": {"Name": "Desktop Window Manager"}}, "EventID": {"#attributes": {"Qualifiers": 16384}, "#text": 9027}, "Level": 4, "Task": 0, "Keywords": "0x80000000000000", "TimeCreated": {"#attributes": {"SystemTime": "2025-11-21T22:13:29.250220Z"}}, "EventRecordID": 1190, "Channel": "Application", "Computer": "DC01.garfield.htb", "Security": null}, "EventData": {"Data": {"#text": ""}, "Binary": null}}},
{"TimeGenerated": "2025-11-21T22:14:00.086734Z", "EventID": {"#attributes": {"Qualifiers": 16384}, "#text": 16384}, "Computer": "DC01.garfield.htb", "RawEvent": {"#attributes": {"xmlns": "http://schemas.microsoft.com/win/2004/08/events/event"}, "System": {"Provider": {"#attributes": {"Name": "Microsoft-Windows-Security-SPP", "Guid": "{E23B33B0-C8C9-472C-A5F9-F2BDFEA0F156}", "EventSourceName": "Software Protection Platform Service"}}, "EventID": {"#attributes": {"Qualifiers": 16384}, "#text": 16384}, "Version": 0, "Level": 4, "Task": 0, "Opcode": 0, "Keywords": "0x80000000000000", "TimeCreated": {"#attributes": {"SystemTime": "2025-11-21T22:14:00.086734Z"}}, "EventRecordID": 1191, "Correlation": null, "Execution": {"#attributes": {"ProcessID": 0, "ThreadID": 0}}, "Channel": "Application", "Computer": "DC01.garfield.htb", "Security": null}, "EventData": {"Data": {"#text": ["2025-11-22T22:12:00Z", "TBL"]}, "Binary": null}}},
{"TimeGenerated": "2025-11-21T22:14:00.100981Z", "EventID": {"#attributes": {"Qualifiers": 16384}, "#text": 903}, "Computer": "DC01.garfield.htb", "RawEvent": {"#attributes": {"xmlns": "http://schemas.microsoft.com/win/2004/08/events/event"}, "System": {"Provider": {"#attributes": {"Name": "Microsoft-Windows-Security-SPP", "Guid": "{E23B33B0-C8C9-472C-A5F9-F2BDFEA0F156}", "EventSourceName": "Software Protection Platform Service"}}, "EventID": {"#attributes": {"Qualifiers": 16384}, "#text": 903}, "Version": 0, "Level": 0, "Task": 0, "Opcode": 0, "Keywords": "0x80000000000000", "TimeCreated": {"#attributes": {"SystemTime": "2025-11-21T22:14:00.100981Z"}}, "EventRecordID": 1192, "Correlation": null, "Execution": {"#attributes": {"ProcessID": 0, "ThreadID": 0}}, "Channel": "Application", "Computer": "DC01.garfield.htb", "Security": null}, "EventData": {"Data": {"#text": ""}, "Binary": null}}},
{"TimeGenerated": "2025-11-21T22:14:00.961836Z", "EventID": {"#attributes": {"Qualifiers": 32768}, "#text": 6000}, "Computer": "DC01.garfield.htb", "RawEvent": {"#attributes": {"xmlns": "http://schemas.microsoft.com/win/2004/08/events/event"}, "System": {"Provider": {"#attributes": {"Name": "Microsoft-Windows-Winlogon", "Guid": "{DBE9B383-7CF3-4331-91CC-A3CB16A3B538}", "EventSourceName": "Wlclntfy"}}, "EventID": {"#attributes": {"Qualifiers": 32768}, "#text": 6000}, "Version": 0, "Level": 4, "Task": 0, "Opcode": 0, "Keywords": "0x80000000000000", "TimeCreated": {"#attributes": {"SystemTime": "2025-11-21T22:14:00.961836Z"}}, "EventRecordID": 1193, "Correlation": null, "Execution": {"#attributes": {"ProcessID": 0, "ThreadID": 0}}, "Channel": "Application", "Computer": "DC01.garfield.htb", "Security": null}, "EventData": {"Data": {"#text": "WSearch"}, "Binary": "D9060000"}}},
{"TimeGenerated": "2025-11-21T22:14:48.481027Z", "EventID": {"#attributes": {"Qualifiers": 16384}, "#text": 900}, "Computer": "DC01.garfield.htb", "RawEvent": {"#attributes": {"xmlns": "http://schemas.microsoft.com/win/2004/08/events/event"}, "System": {"Provider": {"#attributes": {"Name": "Microsoft-Windows-Security-SPP", "Guid": "{E23B33B0-C8C9-472C-A5F9-F2BDFEA0F156}", "EventSourceName": "Software Protection Platform Service"}}, "EventID": {"#attributes": {"Qualifiers": 16384}, "#text": 900}, "Version": 0, "Level": 4, "Task": 0, "Opcode": 0, "Keywords": "0x80000000000000", "TimeCreated": {"#attributes": {"SystemTime": "2025-11-21T22:14:48.481027Z"}}, "EventRecordID": 1194, "Correlation": null, "Execution": {"#attributes": {"ProcessID": 0, "ThreadID": 0}}, "Channel": "Application", "Computer": "DC01.garfield.htb", "Security": null}, "EventData": {"Data": {"#text": "<explicit>"}, "Binary": null}}},
{"TimeGenerated": "2025-11-21T22:14:48.513504Z", "EventID": {"#attributes": {"Qualifiers": 49152}, "#text": 16394}, "Computer": "DC01.garfield.htb", "RawEvent": {"#attributes": {"xmlns": "http://schemas.microsoft.com/win/2004/08/events/event"}, "System": {"Provider": {"#attributes": {"Name": "Microsoft-Windows-Security-SPP", "Guid": "{E23B33B0-C8C9-472C-A5F9-F2BDFEA0F156}", "EventSourceName": "Software Protection Platform Service"}}, "EventID": {"#attributes": {"Qualifiers": 49152}, "#text": 16394}, "Version": 0, "Level": 4, "Task": 0, "Opcode": 0, "Keywords": "0x80000000000000", "TimeCreated": {"#attributes": {"SystemTime": "2025-11-21T22:14:48.513504Z"}}, "EventRecordID": 1195, "Correlation": null, "Execution": {"#attributes": {"ProcessID": 0, "ThreadID": 0}}, "Channel": "Application", "Computer": "DC01.garfield.htb", "Security": null}, "EventData": {"Data": {"#text": ""}, "Binary": null}}},
{"TimeGenerated": "2025-11-21T22:15:18.545905Z", "EventID": {"#attributes": {"Qualifiers": 16384}, "#text": 16384}, "Computer": "DC01.garfield.htb", "RawEvent": {"#attributes": {"xmlns": "http://schemas.microsoft.com/win/2004/08/events/event"}, "System": {"Provider": {"#attributes": {"Name": "Microsoft-Windows-Security-SPP", "Guid": "{E23B33B0-C8C9-472C-A5F9-F2BDFEA0F156}", "EventSourceName": "Software Protection Platform Service"}}, "EventID": {"#attributes": {"Qualifiers": 16384}, "#text": 16384}, "Version": 0, "Level": 4, "Task": 0, "Opcode": 0, "Keywords": "0x80000000000000", "TimeCreated": {"#attributes": {"SystemTime": "2025-11-21T22:15:18.545905Z"}}, "EventRecordID": 1196, "Correlation": null, "Execution": {"#attributes": {"ProcessID": 0, "ThreadID": 0}}, "Channel": "Application", "Computer": "DC01.garfield.htb", "Security": null}, "EventData": {"Data": {"#text": ["2026-01-10T10:54:18Z", "RulesEngine"]}, "Binary": null}}},
{"TimeGenerated": "2025-11-21T22:15:28.933312Z", "EventID": {"#attributes": {"Qualifiers": 16384}, "#text": 9027}, "Computer": "DC01.garfield.htb", "RawEvent": {"#attributes": {"xmlns": "http://schemas.microsoft.com/win/2004/08/events/event"}, "System": {"Provider": {"#attributes": {"Name": "Desktop Window Manager"}}, "EventID": {"#attributes": {"Qualifiers": 16384}, "#text": 9027}, "Level": 4, "Task": 0, "Keywords": "0x80000000000000", "TimeCreated": {"#attributes": {"SystemTime": "2025-11-21T22:15:28.933312Z"}}, "EventRecordID": 1197, "Channel": "Application", "Computer": "DC01.garfield.htb", "Security": null}, "EventData": {"Data": {"#text": ""}, "Binary": null}}},
{"TimeGenerated": "2025-11-21T22:15:49.386509Z", "EventID": {"#attributes": {"Qualifiers": 0}, "#text": 8224}, "Computer": "DC01.garfield.htb", "RawEvent": {"#attributes": {"xmlns": "http://schemas.microsoft.com/win/2004/08/events/event"}, "System": {"Provider": {"#attributes": {"Name": "VSS"}}, "EventID": {"#attributes": {"Qualifiers": 0}, "#text": 8224}, "Level": 4, "Task": 0, "Keywords": "0x80000000000000", "TimeCreated": {"#attributes": {"SystemTime": "2025-11-21T22:15:49.386509Z"}}, "EventRecordID": 1198, "Channel": "Application", "Computer": "DC01.garfield.htb", "Security": null}, "EventData": {"Data": {"#text": ""}, "Binary": "2D20436F64653A2020434F525356434330303030303737332D2043616C6C3A2020434F525356434330303030303735352D205049443A202030303030343932382D205449443A202030303030343935322D20434D443A2020433A5C57696E646F77735C73797374656D33325C76737376632E6578652020202D20557365723A204E616D653A204E5420415554484F524954595C53595354454D2C205349443A532D312D352D313820"}}},
{"TimeGenerated": "2025-11-21T22:16:00.000925Z", "EventID": {"#attributes": {"Qualifiers": 32768}, "#text": 6000}, "Computer": "DC01.garfield.htb", "RawEvent": {"#attributes": {"xmlns": "http://schemas.microsoft.com/win/2004/08/events/event"}, "System": {"Provider": {"#attributes": {"Name": "Microsoft-Windows-Winlogon", "Guid": "{DBE9B383-7CF3-4331-91CC-A3CB16A3B538}", "EventSourceName": "Wlclntfy"}}, "EventID": {"#attributes": {"Qualifiers": 32768}, "#text": 6000}, "Version": 0, "Level": 4, "Task": 0, "Opcode": 0, "Keywords": "0x80000000000000", "TimeCreated": {"#attributes": {"SystemTime": "2025-11-21T22:16:00.000925Z"}}, "EventRecordID": 1199, "Correlation": null, "Execution": {"#attributes": {"ProcessID": 0, "ThreadID": 0}}, "Channel": "Application", "Computer": "DC01.garfield.htb", "Security": null}, "EventData": {"Data": {"#text": "WSearch"}, "Binary": "D9060000"}}},
{"TimeGenerated": "2025-11-21T22:17:28.947663Z", "EventID": {"#attributes": {"Qualifiers": 16384}, "#text": 9027}, "Computer": "DC01.garfield.htb", "RawEvent": {"#attributes": {"xmlns": "http://schemas.microsoft.com/win/2004/08/events/event"}, "System": {"Provider": {"#attributes": {"Name": "Desktop Window Manager"}}, "EventID": {"#attributes": {"Qualifiers": 16384}, "#text": 9027}, "Level": 4, "Task": 0, "Keywords": "0x80000000000000", "TimeCreated": {"#attributes": {"SystemTime": "2025-11-21T22:17:28.947663Z"}}, "EventRecordID": 1200, "Channel": "Application", "Computer": "DC01.garfield.htb", "Security": null}, "EventData": {"Data": {"#text": ""}, "Binary": null}}},
{"TimeGenerated": "2025-11-21T22:17:59.819611Z", "EventID": {"#attributes": {"Qualifiers": 32768}, "#text": 6000}, "Computer": "DC01.garfield.htb", "RawEvent": {"#attributes": {"xmlns": "http://schemas.microsoft.com/win/2004/08/events/event"}, "System": {"Provider": {"#attributes": {"Name": "Microsoft-Windows-Winlogon", "Guid": "{DBE9B383-7CF3-4331-91CC-A3CB16A3B538}", "EventSourceName": "Wlclntfy"}}, "EventID": {"#attributes": {"Qualifiers": 32768}, "#text": 6000}, "Version": 0, "Level": 4, "Task": 0, "Opcode": 0, "Keywords": "0x80000000000000", "TimeCreated": {"#attributes": {"SystemTime": "2025-11-21T22:17:59.819611Z"}}, "EventRecordID": 1201, "Correlation": null, "Execution": {"#attributes": {"ProcessID": 0, "ThreadID": 0}}, "Channel": "Application", "Computer": "DC01.garfield.htb", "Security": null}, "EventData": {"Data": {"#text": "WSearch"}, "Binary": "D9060000"}}},
{"TimeGenerated": "2025-11-21T22:18:00.663209Z", "EventID": {"#attributes": {"Qualifiers": 0}, "#text": 102}, "Computer": "DC01.garfield.htb", "RawEvent": {"#attributes": {"xmlns": "http://schemas.microsoft.com/win/2004/08/events/event"}, "System": {"Provider": {"#attributes": {"Name": "ESENT"}}, "EventID": {"#attributes": {"Qualifiers": 0}, "#text": 102}, "Level": 4, "Task": 1, "Keywords": "0x80000000000000", "TimeCreated": {"#attributes": {"SystemTime": "2025-11-21T22:18:00.663209Z"}}, "EventRecordID": 1202, "Channel": "Application", "Computer": "DC01.garfield.htb", "Security": null}, "EventData": {"Data": {"#text": ["DFSRs", "3308,P,98", "\\\\.\\C:\\System Volume Information\\DFSR\\database_A41A_4703_1A46_D1CA\\dfsr.db: ", "0", "10", "00", "17763", "0000"]}, "Binary": null}}},
{"TimeGenerated": "2025-11-21T22:18:00.698148Z", "EventID": {"#attributes": {"Qualifiers": 0}, "#text": 105}, "Computer": "DC01.garfield.htb", "RawEvent": {"#attributes": {"xmlns": "http://schemas.microsoft.com/win/2004/08/events/event"}, "System": {"Provider": {"#attributes": {"Name": "ESENT"}}, "EventID": {"#attributes": {"Qualifiers": 0}, "#text": 105}, "Level": 4, "Task": 1, "Keywords": "0x80000000000000", "TimeCreated": {"#attributes": {"SystemTime": "2025-11-21T22:18:00.698148Z"}}, "EventRecordID": 1203, "Channel": "Application", "Computer": "DC01.garfield.htb", "Security": null}, "EventData": {"Data": {"#text": ["DFSRs", "3308,D,0", "\\\\.\\C:\\System Volume Information\\DFSR\\database_A41A_4703_1A46_D1CA\\dfsr.db: ", "0", "0", "\n[1] 0.001480 +J(0) +M(C:0K, Fs:289, WS:1124K # 1124K, PF:6468K # 6464K, P:6468K)\n[2] 0.000135 +J(0) +M(C:16K, Fs:103, WS:404K # 404K, PF:348K # 348K, P:348K)\n[3] 0.000009 +J(0) +M(C:0K, Fs:4, WS:16K # 16K, PF:64K # 64K, P:64K)\n[4] 0.000114 +J(0) +M(C:2032K, Fs:37, WS:140K # 140K, PF:2432K # 2432K, P:2432K)\n[5] 0.000421 +J(0) +M(C:0K, Fs:10, WS:40K # 40K, PF:24K # 24K, P:24K)\n[6] 0.004202 +J(0) +M(C:0K, Fs:16, WS:-12K # 48K, PF:-80K # 12K, P:-80K)\n[7] 0.018646 -0.015814 (21) WT +J(0) +M(C:0K, Fs:1302, WS:5196K # 5136K, PF:5132K # 5040K, P:5132K)\n[8] -\n[9] -\n[10] -\n[11] -\n[12] -\n[13] 0.008612 -0.004371 (22) WT +J(CM:0, PgRf:0, Rd:0/0, Dy:0/0, Lg:616/1) +M(C:0K, Fs:24, WS:-5032K # 80K, PF:-4992K # 148K, P:-4992K)\n[14] 0.000010 +J(0) +M(C:0K, Fs:1, WS:4K # 0K, PF:0K # 0K, P:0K)\n[15] 0.000035 +J(0) +M(C:0K, Fs:64, WS:256K # 0K, PF:64K # 0K, P:64K)\n[16] 0.000200 -0.000082 (1) WT +J(0) +M(C:0K, Fs:3, WS:0K # 0K, PF:0K # 0K, P:0K).", ""]}, "Binary": null}}},
{"TimeGenerated": "2025-11-21T22:18:00.698148Z", "EventID": {"#attributes": {"Qualifiers": 0}, "#text": 326}, "Computer": "DC01.garfield.htb", "RawEvent": {"#attributes": {"xmlns": "http://schemas.microsoft.com/win/2004/08/events/event"}, "System": {"Provider": {"#attributes": {"Name": "ESENT"}}, "EventID": {"#attributes": {"Qualifiers": 0}, "#text": 326}, "Level": 4, "Task": 1, "Keywords": "0x80000000000000", "TimeCreated": {"#attributes": {"SystemTime": "2025-11-21T22:18:00.698148Z"}}, "EventRecordID": 1204, "Channel": "Application", "Computer": "DC01.garfield.htb", "Security": null}, "EventData": {"Data": {"#text": ["DFSRs", "3308,D,50", "\\\\.\\C:\\System Volume Information\\DFSR\\database_A41A_4703_1A46_D1CA\\dfsr.db: ", "1", "\\\\.\\C:\\System Volume Information\\DFSR\\database_A41A_4703_1A46_D1CA\\dfsr.db", "0", "\n[1] 0.000002 +J(0) +M(C:0K, Fs:1, WS:4K # 0K, PF:0K # 0K, P:0K)\n[2] 0.000256 -0.000101 (1) WT +J(0) +M(C:0K, Fs:20, WS:12K # 0K, PF:12K # 0K, P:12K)\n[3] 0.002889 -0.000601 (6) WT +J(CM:0, PgRf:0, Rd:0/0, Dy:0/0, Lg:3480/2) +M(C:0K, Fs:25, WS:92K # 0K, PF:140K # 0K, P:140K)\n[4] 0.000056 +J(0)\n[5] -\n[6] -\n[7] -\n[8] 0.000364 -0.000246 (2) CM -0.000134 (2) WT +J(CM:2, PgRf:2, Rd:14/2, Dy:0/0, Lg:0/0) +M(C:-8K, Fs:65, WS:252K # 0K, PF:120K # 0K, P:120K)\n[9] 0.000511 -0.000396 (2) CM -0.000333 (2) WT +J(CM:2, PgRf:23, Rd:0/1, Dy:0/0, Lg:0/0) +M(C:-12K, Fs:21, WS:72K # 0K, PF:188K # 0K, P:188K)\n[10] 0.000202 -0.000139 (1) CM -0.000080 (1) WT +J(CM:1, PgRf:40, Rd:0/1, Dy:0/0, Lg:0/0) +M(C:-4K, Fs:4, WS:12K # 0K, PF:60K # 0K, P:60K)\n[11] 0.000005 +J(CM:0, PgRf:1, Rd:0/0, Dy:0/0, Lg:0/0) +M(C:0K, Fs:1, WS:4K # 0K, PF:0K # 0K, P:0K)\n[12] 0.000011 +J(CM:0, PgRf:36, Rd:0/0, Dy:0/0, Lg:0/0)\n[13] 0.0 +J(0)\n[14] 0.0 +J(0)\n[15] 0.000002 +J(CM:0, PgRf:1, Rd:0/0, Dy:0/0, Lg:0/0).", "0 0", "lgposAttach = 00000001:0278:0268"]}, "Binary": null}}},
{"TimeGenerated": "2025-11-21T22:19:28.950195Z", "EventID": {"#attributes": {"Qualifiers": 16384}, "#text": 9027}, "Computer": "DC01.garfield.htb", "RawEvent": {"#attributes": {"xmlns": "http://schemas.microsoft.com/win/2004/08/events/event"}, "System": {"Provider": {"#attributes": {"Name": "Desktop Window Manager"}}, "EventID": {"#attributes": {"Qualifiers": 16384}, "#text": 9027}, "Level": 4, "Task": 0, "Keywords": "0x80000000000000", "TimeCreated": {"#attributes": {"SystemTime": "2025-11-21T22:19:28.950195Z"}}, "EventRecordID": 1205, "Channel": "Application", "Computer": "DC01.garfield.htb", "Security": null}, "EventData": {"Data": {"#text": ""}, "Binary": null}}},
{"TimeGenerated": "2025-11-21T22:19:59.976192Z", "EventID": {"#attributes": {"Qualifiers": 32768}, "#text": 6000}, "Computer": "DC01.garfield.htb", "RawEvent": {"#attributes": {"xmlns": "http://schemas.microsoft.com/win/2004/08/events/event"}, "System": {"Provider": {"#attributes": {"Name": "Microsoft-Windows-Winlogon", "Guid": "{DBE9B383-7CF3-4331-91CC-A3CB16A3B538}", "EventSourceName": "Wlclntfy"}}, "EventID": {"#attributes": {"Qualifiers": 32768}, "#text": 6000}, "Version": 0, "Level": 4, "Task": 0, "Opcode": 0, "Keywords": "0x80000000000000", "TimeCreated": {"#attributes": {"SystemTime": "2025-11-21T22:19:59.976192Z"}}, "EventRecordID": 1206, "Correlation": null, "Execution": {"#attributes": {"ProcessID": 0, "ThreadID": 0}}, "Channel": "Application", "Computer": "DC01.garfield.htb", "Security": null}, "EventData": {"Data": {"#text": "WSearch"}, "Binary": "D9060000"}}},
{"TimeGenerated": "2025-11-21T22:19:59.858916Z", "EventID": 1001, "Computer": "DC01.garfield.htb", "RawEvent": {"#attributes": {"xmlns": "http://schemas.microsoft.com/win/2004/08/events/event"}, "System": {"Provider": {"#attributes": {"Name": "Microsoft-Windows-LoadPerf", "Guid": "122EE297-BB47-41AE-B265-1CA8D1886D40"}}, "EventID": 1001, "Version": 0, "Level": 4, "Task": 0, "Opcode": 0, "Keywords": "0x8000000000000000", "TimeCreated": {"#attributes": {"SystemTime": "2025-11-21T22:19:59.858916Z"}}, "EventRecordID": 1207, "Correlation": null, "Execution": {"#attributes": {"ProcessID": 7800, "ThreadID": 8412}}, "Channel": "Application", "Computer": "DC01.garfield.htb", "Security": {"#attributes": {"UserID": "S-1-5-18"}}}, "UserData": {"EventXML": {"#attributes": {"xmlns": "LoadPerf"}, "param1": "WmiApRpl", "param2": "WmiApRpl", "binaryDataSize": 12, "binaryData": "1834000019340000D2050000"}}}},
{"TimeGenerated": "2025-11-21T22:19:59.898118Z", "EventID": 1000, "Computer": "DC01.garfield.htb", "RawEvent": {"#attributes": {"xmlns": "http://schemas.microsoft.com/win/2004/08/events/event"}, "System": {"Provider": {"#attributes": {"Name": "Microsoft-Windows-LoadPerf", "Guid": "122EE297-BB47-41AE-B265-1CA8D1886D40"}}, "EventID": 1000, "Version": 0, "Level": 4, "Task": 0, "Opcode": 0, "Keywords": "0x8000000000000000", "TimeCreated": {"#attributes": {"SystemTime": "2025-11-21T22:19:59.898118Z"}}, "EventRecordID": 1208, "Correlation": null, "Execution": {"#attributes": {"ProcessID": 7800, "ThreadID": 8412}}, "Channel": "Application", "Computer": "DC01.garfield.htb", "Security": {"#attributes": {"UserID": "S-1-5-18"}}}, "UserData": {"EventXML": {"#attributes": {"xmlns": "LoadPerf"}, "param1": "WmiApRpl", "param2": "WmiApRpl", "binaryDataSize": 16, "binaryData": "1A340000C03400001B340000C1340000"}}}},
{"TimeGenerated": "2025-11-21T22:21:28.951910Z", "EventID": {"#attributes": {"Qualifiers": 16384}, "#text": 9027}, "Computer": "DC01.garfield.htb", "RawEvent": {"#attributes": {"xmlns": "http://schemas.microsoft.com/win/2004/08/events/event"}, "System": {"Provider": {"#attributes": {"Name": "Desktop Window Manager"}}, "EventID": {"#attributes": {"Qualifiers": 16384}, "#text": 9027}, "Level": 4, "Task": 0, "Keywords": "0x80000000000000", "TimeCreated": {"#attributes": {"SystemTime": "2025-11-21T22:21:28.951910Z"}}, "EventRecordID": 1209, "Channel": "Application", "Computer": "DC01.garfield.htb", "Security": null}, "EventData": {"Data": {"#text": ""}, "Binary": null}}},
{"TimeGenerated": "2025-11-21T22:21:59.841039Z", "EventID": {"#attributes": {"Qualifiers": 32768}, "#text": 6000}, "Computer": "DC01.garfield.htb", "RawEvent": {"#attributes": {"xmlns": "http://schemas.microsoft.com/win/2004/08/events/event"}, "System": {"Provider": {"#attributes": {"Name": "Microsoft-Windows-Winlogon", "Guid": "{DBE9B383-7CF3-4331-91CC-A3CB16A3B538}", "EventSourceName": "Wlclntfy"}}, "EventID": {"#attributes": {"Qualifiers": 32768}, "#text": 6000}, "Version": 0, "Level": 4, "Task": 0, "Opcode": 0, "Keywords": "0x80000000000000", "TimeCreated": {"#attributes": {"SystemTime": "2025-11-21T22:21:59.841039Z"}}, "EventRecordID": 1210, "Correlation": null, "Execution": {"#attributes": {"ProcessID": 0, "ThreadID": 0}}, "Channel": "Application", "Computer": "DC01.garfield.htb", "Security": null}, "EventData": {"Data": {"#text": "WSearch"}, "Binary": "D9060000"}}},
{"TimeGenerated": "2025-11-21T22:23:29.011642Z", "EventID": {"#attributes": {"Qualifiers": 16384}, "#text": 9027}, "Computer": "DC01.garfield.htb", "RawEvent": {"#attributes": {"xmlns": "http://schemas.microsoft.com/win/2004/08/events/event"}, "System": {"Provider": {"#attributes": {"Name": "Desktop Window Manager"}}, "EventID": {"#attributes": {"Qualifiers": 16384}, "#text": 9027}, "Level": 4, "Task": 0, "Keywords": "0x80000000000000", "TimeCreated": {"#attributes": {"SystemTime": "2025-11-21T22:23:29.011642Z"}}, "EventRecordID": 1211, "Channel": "Application", "Computer": "DC01.garfield.htb", "Security": null}, "EventData": {"Data": {"#text": ""}, "Binary": null}}},
{"TimeGenerated": "2025-11-21T22:23:59.837623Z", "EventID": {"#attributes": {"Qualifiers": 32768}, "#text": 6000}, "Computer": "DC01.garfield.htb", "RawEvent": {"#attributes": {"xmlns": "http://schemas.microsoft.com/win/2004/08/events/event"}, "System": {"Provider": {"#attributes": {"Name": "Microsoft-Windows-Winlogon", "Guid": "{DBE9B383-7CF3-4331-91CC-A3CB16A3B538}", "EventSourceName": "Wlclntfy"}}, "EventID": {"#attributes": {"Qualifiers": 32768}, "#text": 6000}, "Version": 0, "Level": 4, "Task": 0, "Opcode": 0, "Keywords": "0x80000000000000", "TimeCreated": {"#attributes": {"SystemTime": "2025-11-21T22:23:59.837623Z"}}, "EventRecordID": 1212, "Correlation": null, "Execution": {"#attributes": {"ProcessID": 0, "ThreadID": 0}}, "Channel": "Application", "Computer": "DC01.garfield.htb", "Security": null}, "EventData": {"Data": {"#text": "WSearch"}, "Binary": "D9060000"}}},
{"TimeGenerated": "2025-11-21T22:25:28.998020Z", "EventID": {"#attributes": {"Qualifiers": 16384}, "#text": 9027}, "Computer": "DC01.garfield.htb", "RawEvent": {"#attributes": {"xmlns": "http://schemas.microsoft.com/win/2004/08/events/event"}, "System": {"Provider": {"#attributes": {"Name": "Desktop Window Manager"}}, "EventID": {"#attributes": {"Qualifiers": 16384}, "#text": 9027}, "Level": 4, "Task": 0, "Keywords": "0x80000000000000", "TimeCreated": {"#attributes": {"SystemTime": "2025-11-21T22:25:28.998020Z"}}, "EventRecordID": 1213, "Channel": "Application", "Computer": "DC01.garfield.htb", "Security": null}, "EventData": {"Data": {"#text": ""}, "Binary": null}}},
{"TimeGenerated": "2025-11-21T22:25:59.945255Z", "EventID": {"#attributes": {"Qualifiers": 32768}, "#text": 6000}, "Computer": "DC01.garfield.htb", "RawEvent": {"#attributes": {"xmlns": "http://schemas.microsoft.com/win/2004/08/events/event"}, "System": {"Provider": {"#attributes": {"Name": "Microsoft-Windows-Winlogon", "Guid": "{DBE9B383-7CF3-4331-91CC-A3CB16A3B538}", "EventSourceName": "Wlclntfy"}}, "EventID": {"#attributes": {"Qualifiers": 32768}, "#text": 6000}, "Version": 0, "Level": 4, "Task": 0, "Opcode": 0, "Keywords": "0x80000000000000", "TimeCreated": {"#attributes": {"SystemTime": "2025-11-21T22:25:59.945255Z"}}, "EventRecordID": 1214, "Correlation": null, "Execution": {"#attributes": {"ProcessID": 0, "ThreadID": 0}}, "Channel": "Application", "Computer": "DC01.garfield.htb", "Security": null}, "EventData": {"Data": {"#text": "WSearch"}, "Binary": "D9060000"}}},
{"TimeGenerated": "2025-11-21T22:27:28.998006Z", "EventID": {"#attributes": {"Qualifiers": 16384}, "#text": 9027}, "Computer": "DC01.garfield.htb", "RawEvent": {"#attributes": {"xmlns": "http://schemas.microsoft.com/win/2004/08/events/event"}, "System": {"Provider": {"#attributes": {"Name": "Desktop Window Manager"}}, "EventID": {"#attributes": {"Qualifiers": 16384}, "#text": 9027}, "Level": 4, "Task": 0, "Keywords": "0x80000000000000", "TimeCreated": {"#attributes": {"SystemTime": "2025-11-21T22:27:28.998006Z"}}, "EventRecordID": 1215, "Channel": "Application", "Computer": "DC01.garfield.htb", "Security": null}, "EventData": {"Data": {"#text": ""}, "Binary": null}}},
{"TimeGenerated": "2025-11-21T22:27:42.741826Z", "EventID": {"#attributes": {"Qualifiers": 32768}, "#text": 6000}, "Computer": "DC01.garfield.htb", "RawEvent": {"#attributes": {"xmlns": "http://schemas.microsoft.com/win/2004/08/events/event"}, "System": {"Provider": {"#attributes": {"Name": "Microsoft-Windows-Winlogon", "Guid": "{DBE9B383-7CF3-4331-91CC-A3CB16A3B538}", "EventSourceName": "Wlclntfy"}}, "EventID": {"#attributes": {"Qualifiers": 32768}, "#text": 6000}, "Version": 0, "Level": 4, "Task": 0, "Opcode": 0, "Keywords": "0x80000000000000", "TimeCreated": {"#attributes": {"SystemTime": "2025-11-21T22:27:42.741826Z"}}, "EventRecordID": 1216, "Correlation": null, "Execution": {"#attributes": {"ProcessID": 0, "ThreadID": 0}}, "Channel": "Application", "Computer": "DC01.garfield.htb", "Security": null}, "EventData": {"Data": {"#text": "WSearch"}, "Binary": "D9060000"}}},
{"TimeGenerated": "2025-11-21T22:27:43.320237Z", "EventID": {"#attributes": {"Qualifiers": 32768}, "#text": 6000}, "Computer": "DC01.garfield.htb", "RawEvent": {"#attributes": {"xmlns": "http://schemas.microsoft.com/win/2004/08/events/event"}, "System": {"Provider": {"#attributes": {"Name": "Microsoft-Windows-Winlogon", "Guid": "{DBE9B383-7CF3-4331-91CC-A3CB16A3B538}", "EventSourceName": "Wlclntfy"}}, "EventID": {"#attributes": {"Qualifiers": 32768}, "#text": 6000}, "Version": 0, "Level": 4, "Task": 0, "Opcode": 0, "Keywords": "0x80000000000000", "TimeCreated": {"#attributes": {"SystemTime": "2025-11-21T22:27:43.320237Z"}}, "EventRecordID": 1217, "Correlation": null, "Execution": {"#attributes": {"ProcessID": 0, "ThreadID": 0}}, "Channel": "Application", "Computer": "DC01.garfield.htb", "Security": null}, "EventData": {"Data": {"#text": "WSearch"}, "Binary": "D9060000"}}},
{"TimeGenerated": "2025-11-21T22:27:48.890660Z", "EventID": {"#attributes": {"Qualifiers": 0}, "#text": 260}, "Computer": "DC01.garfield.htb", "RawEvent": {"#attributes": {"xmlns": "http://schemas.microsoft.com/win/2004/08/events/event"}, "System": {"Provider": {"#attributes": {"Name": "VMUpgradeHelper"}}, "EventID": {"#attributes": {"Qualifiers": 0}, "#text": 260}, "Level": 4, "Task": 0, "Keywords": "0x80000000000000", "TimeCreated": {"#attributes": {"SystemTime": "2025-11-21T22:27:48.890660Z"}}, "EventRecordID": 1218, "Channel": "Application", "Computer": "DC01.garfield.htb", "Security": null}, "EventData": {"Data": {"#text": ""}, "Binary": null}}},
{"TimeGenerated": "2025-11-21T22:27:48.890660Z", "EventID": {"#attributes": {"Qualifiers": 0}, "#text": 272}, "Computer": "DC01.garfield.htb", "RawEvent": {"#attributes": {"xmlns": "http://schemas.microsoft.com/win/2004/08/events/event"}, "System": {"Provider": {"#attributes": {"Name": "VMUpgradeHelper"}}, "EventID": {"#attributes": {"Qualifiers": 0}, "#text": 272}, "Level": 4, "Task": 0, "Keywords": "0x80000000000000", "TimeCreated": {"#attributes": {"SystemTime": "2025-11-21T22:27:48.890660Z"}}, "EventRecordID": 1219, "Channel": "Application", "Computer": "DC01.garfield.htb", "Security": null}, "EventData": {"Data": {"#text": ""}, "Binary": null}}},
{"TimeGenerated": "2025-11-21T22:27:48.901248Z", "EventID": {"#attributes": {"Qualifiers": 0}, "#text": 108}, "Computer": "DC01.garfield.htb", "RawEvent": {"#attributes": {"xmlns": "http://schemas.microsoft.com/win/2004/08/events/event"}, "System": {"Provider": {"#attributes": {"Name": "VMTools"}}, "EventID": {"#attributes": {"Qualifiers": 0}, "#text": 108}, "Level": 4, "Task": 0, "Keywords": "0x80000000000000", "TimeCreated": {"#attributes": {"SystemTime": "2025-11-21T22:27:48.901248Z"}}, "EventRecordID": 1220, "Channel": "Application", "Computer": "DC01.garfield.htb", "Security": null}, "EventData": {"Data": {"#text": ""}, "Binary": null}}},
{"TimeGenerated": "2025-11-21T22:27:49.104365Z", "EventID": {"#attributes": {"Qualifiers": 16384}, "#text": 4111}, "Computer": "DC01.garfield.htb", "RawEvent": {"#attributes": {"xmlns": "http://schemas.microsoft.com/win/2004/08/events/event"}, "System": {"Provider": {"#attributes": {"Name": "Microsoft-Windows-MSDTC", "Guid": "{719BE4ED-E9BC-4DD8-A7CF-C85CE8E4975D}", "EventSourceName": "MSDTC"}}, "EventID": {"#attributes": {"Qualifiers": 16384}, "#text": 4111}, "Version": 0, "Level": 4, "Task": 1, "Opcode": 0, "Keywords": "0x80000000000000", "TimeCreated": {"#attributes": {"SystemTime": "2025-11-21T22:27:49.104365Z"}}, "EventRecordID": 1221, "Correlation": null, "Execution": {"#attributes": {"ProcessID": 0, "ThreadID": 0}}, "Channel": "Application", "Computer": "DC01.garfield.htb", "Security": null}, "EventData": {"Binary": "4D005300440054004300"}}},
{"TimeGenerated": "2025-11-21T22:27:49.115980Z", "EventID": 1532, "Computer": "DC01.garfield.htb", "RawEvent": {"#attributes": {"xmlns": "http://schemas.microsoft.com/win/2004/08/events/event"}, "System": {"Provider": {"#attributes": {"Name": "Microsoft-Windows-User Profiles Service", "Guid": "89B1E9F0-5AFF-44A6-9B44-0A07A7CE5845"}}, "EventID": 1532, "Version": 0, "Level": 4, "Task": 0, "Opcode": 0, "Keywords": "0x8000000000000000", "TimeCreated": {"#attributes": {"SystemTime": "2025-11-21T22:27:49.115980Z"}}, "EventRecordID": 1222, "Correlation": null, "Execution": {"#attributes": {"ProcessID": 1752, "ThreadID": 1844}}, "Channel": "Application", "Computer": "DC01.garfield.htb", "Security": {"#attributes": {"UserID": "S-1-5-18"}}}, "EventData": null}},
{"TimeGenerated": "2025-12-20T23:41:33.826388Z", "EventID": {"#attributes": {"Qualifiers": 16384}, "#text": 4625}, "Computer": "DC01", "RawEvent": {"#attributes": {"xmlns": "http://schemas.microsoft.com/win/2004/08/events/event"}, "System": {"Provider": {"#attributes": {"Name": "Microsoft-Windows-EventSystem", "Guid": "{899daace-4868-4295-afcd-9eb8fb497561}", "EventSourceName": "EventSystem"}}, "EventID": {"#attributes": {"Qualifiers": 16384}, "#text": 4625}, "Version": 0, "Level": 4, "Task": 0, "Opcode": 0, "Keywords": "0x80000000000000", "TimeCreated": {"#attributes": {"SystemTime": "2025-12-20T23:41:33.826388Z"}}, "EventRecordID": 1223, "Correlation": null, "Execution": {"#attributes": {"ProcessID": 0, "ThreadID": 0}}, "Channel": "Application", "Computer": "DC01", "Security": null}, "EventData": {"param1": "86400", "param2": "SuppressDuplicateDuration", "param3": "Software\\Microsoft\\EventSystem\\EventLog"}}},
{"TimeGenerated": "2025-12-20T23:41:33.833982Z", "EventID": 1531, "Computer": "DC01.garfield.htb", "RawEvent": {"#attributes": {"xmlns": "http://schemas.microsoft.com/win/2004/08/events/event"}, "System": {"Provider": {"#attributes": {"Name": "Microsoft-Windows-User Profiles Service", "Guid": "89B1E9F0-5AFF-44A6-9B44-0A07A7CE5845"}}, "EventID": 1531, "Version": 0, "Level": 4, "Task": 0, "Opcode": 0, "Keywords": "0x8000000000000000", "TimeCreated": {"#attributes": {"SystemTime": "2025-12-20T23:41:33.833982Z"}}, "EventRecordID": 1224, "Correlation": null, "Execution": {"#attributes": {"ProcessID": 1708, "ThreadID": 1788}}, "Channel": "Application", "Computer": "DC01.garfield.htb", "Security": {"#attributes": {"UserID": "S-1-5-18"}}}, "EventData": null}},
{"TimeGenerated": "2025-12-20T23:41:34.082515Z", "EventID": 5615, "Computer": "DC01.garfield.htb", "RawEvent": {"#attributes": {"xmlns": "http://schemas.microsoft.com/win/2004/08/events/event"}, "System": {"Provider": {"#attributes": {"Name": "Microsoft-Windows-WMI", "Guid": "1EDEEE53-0AFE-4609-B846-D8C0B2075B1F"}}, "EventID": 5615, "Version": 2, "Level": 4, "Task": 0, "Opcode": 0, "Keywords": "0x8000000000000000", "TimeCreated": {"#attributes": {"SystemTime": "2025-12-20T23:41:34.082515Z"}}, "EventRecordID": 1225, "Correlation": null, "Execution": {"#attributes": {"ProcessID": 2556, "ThreadID": 2656}}, "Channel": "Application", "Computer": "DC01.garfield.htb", "Security": {"#attributes": {"UserID": "S-1-5-18"}}}, "EventData": null}},
{"TimeGenerated": "2025-12-20T23:41:34.286037Z", "EventID": 5617, "Computer": "DC01.garfield.htb", "RawEvent": {"#attributes": {"xmlns": "http://schemas.microsoft.com/win/2004/08/events/event"}, "System": {"Provider": {"#attributes": {"Name": "Microsoft-Windows-WMI", "Guid": "1EDEEE53-0AFE-4609-B846-D8C0B2075B1F"}}, "EventID": 5617, "Version": 2, "Level": 4, "Task": 0, "Opcode": 0, "Keywords": "0x8000000000000000", "TimeCreated": {"#attributes": {"SystemTime": "2025-12-20T23:41:34.286037Z"}}, "EventRecordID": 1226, "Correlation": null, "Execution": {"#attributes": {"ProcessID": 2556, "ThreadID": 2976}}, "Channel": "Application", "Computer": "DC01.garfield.htb", "Security": {"#attributes": {"UserID": "S-1-5-18"}}}, "EventData": null}},
{"TimeGenerated": "2025-12-20T23:42:00.981500Z", "EventID": {"#attributes": {"Qualifiers": 0}, "#text": 105}, "Computer": "DC01.garfield.htb", "RawEvent": {"#attributes": {"xmlns": "http://schemas.microsoft.com/win/2004/08/events/event"}, "System": {"Provider": {"#attributes": {"Name": "VMTools"}}, "EventID": {"#attributes": {"Qualifiers": 0}, "#text": 105}, "Level": 4, "Task": 0, "Keywords": "0x80000000000000", "TimeCreated": {"#attributes": {"SystemTime": "2025-12-20T23:42:00.981500Z"}}, "EventRecordID": 1227, "Channel": "Application", "Computer": "DC01.garfield.htb", "Security": null}, "EventData": {"Data": {"#text": ""}, "Binary": null}}},
{"TimeGenerated": "2025-12-20T23:42:01.059645Z", "EventID": {"#attributes": {"Qualifiers": 16384}, "#text": 900}, "Computer": "DC01.garfield.htb", "RawEvent": {"#attributes": {"xmlns": "http://schemas.microsoft.com/win/2004/08/events/event"}, "System": {"Provider": {"#attributes": {"Name": "Microsoft-Windows-Security-SPP", "Guid": "{E23B33B0-C8C9-472C-A5F9-F2BDFEA0F156}", "EventSourceName": "Software Protection Platform Service"}}, "EventID": {"#attributes": {"Qualifiers": 16384}, "#text": 900}, "Version": 0, "Level": 4, "Task": 0, "Opcode": 0, "Keywords": "0x80000000000000", "TimeCreated": {"#attributes": {"SystemTime": "2025-12-20T23:42:01.059645Z"}}, "EventRecordID": 1228, "Correlation": null, "Execution": {"#attributes": {"ProcessID": 0, "ThreadID": 0}}, "Channel": "Application", "Computer": "DC01.garfield.htb", "Security": null}, "EventData": {"Data": {"#text": "TriggerStarted:6"}, "Binary": null}}},
{"TimeGenerated": "2025-12-20T23:42:01.168961Z", "EventID": {"#attributes": {"Qualifiers": 16384}, "#text": 9027}, "Computer": "DC01.garfield.htb", "RawEvent": {"#attributes": {"xmlns": "http://schemas.microsoft.com/win/2004/08/events/event"}, "System": {"Provider": {"#attributes": {"Name": "Desktop Window Manager"}}, "EventID": {"#attributes": {"Qualifiers": 16384}, "#text": 9027}, "Level": 4, "Task": 0, "Keywords": "0x80000000000000", "TimeCreated": {"#attributes": {"SystemTime": "2025-12-20T23:42:01.168961Z"}}, "EventRecordID": 1229, "Channel": "Application", "Computer": "DC01.garfield.htb", "Security": null}, "EventData": {"Data": {"#text": ""}, "Binary": null}}},
{"TimeGenerated": "2025-12-20T23:42:01.168961Z", "EventID": {"#attributes": {"Qualifiers": 49152}, "#text": 16394}, "Computer": "DC01.garfield.htb", "RawEvent": {"#attributes": {"xmlns": "http://schemas.microsoft.com/win/2004/08/events/event"}, "System": {"Provider": {"#attributes": {"Name": "Microsoft-Windows-Security-SPP", "Guid": "{E23B33B0-C8C9-472C-A5F9-F2BDFEA0F156}", "EventSourceName": "Software Protection Platform Service"}}, "EventID": {"#attributes": {"Qualifiers": 49152}, "#text": 16394}, "Version": 0, "Level": 4, "Task": 0, "Opcode": 0, "Keywords": "0x80000000000000", "TimeCreated": {"#attributes": {"SystemTime": "2025-12-20T23:42:01.168961Z"}}, "EventRecordID": 1230, "Correlation": null, "Execution": {"#attributes": {"ProcessID": 0, "ThreadID": 0}}, "Channel": "Application", "Computer": "DC01.garfield.htb", "Security": null}, "EventData": {"Data": {"#text": ""}, "Binary": null}}},
