{"TimeGenerated": "2026-01-13T15:14:41.469532Z", "EventID": {"#attributes": {"Qualifiers": 16384}, "#text": 9027}, "Computer": "DC01.garfield.htb", "RawEvent": {"#attributes": {"xmlns": "http://schemas.microsoft.com/win/2004/08/events/event"}, "System": {"Provider": {"#attributes": {"Name": "Desktop Window Manager"}}, "EventID": {"#attributes": {"Qualifiers": 16384}, "#text": 9027}, "Level": 4, "Task": 0, "Keywords": "0x80000000000000", "TimeCreated": {"#attributes": {"SystemTime": "2026-01-13T15:14:41.469532Z"}}, "EventRecordID": 1591, "Channel": "Application", "Computer": "DC01.garfield.htb", "Security": null}, "EventData": {"Data": {"#text": ""}, "Binary": null}}},
{"TimeGenerated": "2026-01-13T15:14:43.216416Z", "EventID": {"#attributes": {"Qualifiers": 16384}, "#text": 8230}, "Computer": "DC01.garfield.htb", "RawEvent": {"#attributes": {"xmlns": "http://schemas.microsoft.com/win/2004/08/events/event"}, "System": {"Provider": {"#attributes": {"Name": "Microsoft-Windows-Security-SPP", "Guid": "{E23B33B0-C8C9-472C-A5F9-F2BDFEA0F156}", "EventSourceName": "Software Protection Platform Service"}}, "EventID": {"#attributes": {"Qualifiers": 16384}, "#text": 8230}, "Version": 0, "Level": 4, "Task": 0, "Opcode": 0, "Keywords": "0x80000000000000", "TimeCreated": {"#attributes": {"SystemTime": "2026-01-13T15:14:43.216416Z"}}, "EventRecordID": 1592, "Correlation": null, "Execution": {"#attributes": {"ProcessID": 0, "ThreadID": 0}}, "Channel": "Application", "Computer": "DC01.garfield.htb", "Security": null}, "EventData": {"Data": {"#text": "Security-SPP-Action-StateData (REG_SZ) =AppId=55c92734-d682-4d71-983e-d6ec3f16059f;GraceEndDate=2026/02/09:10:54:43;LastConsumptionReason=0x4004fc04;LastNotificationId=TBLExpiring;LicenseState=SL_LICENSING_STATUS_LICENSED;PartialProductKey=Y7XRX;ProductKeyType=Retail:TB:Eval;SkuId=7783a126-c108-4cf7-b59f-13c78c7a7337;ruleId=17fd3d63-7be4-49b1-8d16-2e0fe9fddbc2;uxDifferentiator=TIMEBASED_EVAL"}, "Binary": null}}},
{"TimeGenerated": "2026-01-13T15:14:43.235174Z", "EventID": {"#attributes": {"Qualifiers": 49152}, "#text": 8197}, "Computer": "DC01.garfield.htb", "RawEvent": {"#attributes": {"xmlns": "http://schemas.microsoft.com/win/2004/08/events/event"}, "System": {"Provider": {"#attributes": {"Name": "Microsoft-Windows-Security-SPP", "Guid": "{E23B33B0-C8C9-472C-A5F9-F2BDFEA0F156}", "EventSourceName": "Software Protection Platform Service"}}, "EventID": {"#attributes": {"Qualifiers": 49152}, "#text": 8197}, "Version": 0, "Level": 4, "Task": 0, "Opcode": 0, "Keywords": "0x80000000000000", "TimeCreated": {"#attributes": {"SystemTime": "2026-01-13T15:14:43.235174Z"}}, "EventRecordID": 1593, "Correlation": null, "Execution": {"#attributes": {"ProcessID": 0, "ThreadID": 0}}, "Channel": "Application", "Computer": "DC01.garfield.htb", "Security": null}, "EventData": {"Data": {"#text": "RuleId=17fd3d63-7be4-49b1-8d16-2e0fe9fddbc2;Action=NotifyUser;AppId=55c92734-d682-4d71-983e-d6ec3f16059f;SkuId=7783a126-c108-4cf7-b59f-13c78c7a7337;NotificationInterval=1440;Trigger=UserLogon;SessionId=3"}, "Binary": null}}},
{"TimeGenerated": "2026-01-13T15:15:14.063286Z", "EventID": {"#attributes": {"Qualifiers": 32768}, "#text": 6000}, "Computer": "DC01.garfield.htb", "RawEvent": {"#attributes": {"xmlns": "http://schemas.microsoft.com/win/2004/08/events/event"}, "System": {"Provider": {"#attributes": {"Name": "Microsoft-Windows-Winlogon", "Guid": "{DBE9B383-7CF3-4331-91CC-A3CB16A3B538}", "EventSourceName": "Wlclntfy"}}, "EventID": {"#attributes": {"Qualifiers": 32768}, "#text": 6000}, "Version": 0, "Level": 4, "Task": 0, "Opcode": 0, "Keywords": "0x80000000000000", "TimeCreated": {"#attributes": {"SystemTime": "2026-01-13T15:15:14.063286Z"}}, "EventRecordID": 1594, "Correlation": null, "Execution": {"#attributes": {"ProcessID": 0, "ThreadID": 0}}, "Channel": "Application", "Computer": "DC01.garfield.htb", "Security": null}, "EventData": {"Data": {"#text": "WSearch"}, "Binary": "D9060000"}}},
{"TimeGenerated": "2026-01-13T15:15:24.904942Z", "EventID": 1001, "Computer": "DC01.garfield.htb", "RawEvent": {"#attributes": {"xmlns": "http://schemas.microsoft.com/win/2004/08/events/event"}, "System": {"Provider": {"#attributes": {"Name": "Microsoft-Windows-LoadPerf", "Guid": "122EE297-BB47-41AE-B265-1CA8D1886D40"}}, "EventID": 1001, "Version": 0, "Level": 4, "Task": 0, "Opcode": 0, "Keywords": "0x8000000000000000", "TimeCreated": {"#attributes": {"SystemTime": "2026-01-13T15:15:24.904942Z"}}, "EventRecordID": 1595, "Correlation": null, "Execution": {"#attributes": {"ProcessID": 8676, "ThreadID": 8564}}, "Channel": "Application", "Computer": "DC01.garfield.htb", "Security": {"#attributes": {"UserID": "S-1-5-18"}}}, "UserData": {"EventXML": {"#attributes": {"xmlns": "LoadPerf"}, "param1": "WmiApRpl", "param2": "WmiApRpl", "binaryDataSize": 12, "binaryData": "2035000021350000D2050000"}}}},
{"TimeGenerated": "2026-01-13T15:15:24.927208Z", "EventID": 1000, "Computer": "DC01.garfield.htb", "RawEvent": {"#attributes": {"xmlns": "http://schemas.microsoft.com/win/2004/08/events/event"}, "System": {"Provider": {"#attributes": {"Name": "Microsoft-Windows-LoadPerf", "Guid": "122EE297-BB47-41AE-B265-1CA8D1886D40"}}, "EventID": 1000, "Version": 0, "Level": 4, "Task": 0, "Opcode": 0, "Keywords": "0x8000000000000000", "TimeCreated": {"#attributes": {"SystemTime": "2026-01-13T15:15:24.927208Z"}}, "EventRecordID": 1596, "Correlation": null, "Execution": {"#attributes": {"ProcessID": 8676, "ThreadID": 8564}}, "Channel": "Application", "Computer": "DC01.garfield.htb", "Security": {"#attributes": {"UserID": "S-1-5-18"}}}, "UserData": {"EventXML": {"#attributes": {"xmlns": "LoadPerf"}, "param1": "WmiApRpl", "param2": "WmiApRpl", "binaryDataSize": 16, "binaryData": "22350000C835000023350000C9350000"}}}},
{"TimeGenerated": "2026-01-13T15:16:20.490298Z", "EventID": {"#attributes": {"Qualifiers": 0}, "#text": 102}, "Computer": "DC01.garfield.htb", "RawEvent": {"#attributes": {"xmlns": "http://schemas.microsoft.com/win/2004/08/events/event"}, "System": {"Provider": {"#attributes": {"Name": "ESENT"}}, "EventID": {"#attributes": {"Qualifiers": 0}, "#text": 102}, "Level": 4, "Task": 1, "Keywords": "0x80000000000000", "TimeCreated": {"#attributes": {"SystemTime": "2026-01-13T15:16:20.490298Z"}}, "EventRecordID": 1597, "Channel": "Application", "Computer": "DC01.garfield.htb", "Security": null}, "EventData": {"Data": {"#text": ["DFSRs", "3324,P,98", "\\\\.\\C:\\System Volume Information\\DFSR\\database_A41A_4703_1A46_D1CA\\dfsr.db: ", "0", "10", "00", "17763", "0000"]}, "Binary": null}}},
{"TimeGenerated": "2026-01-13T15:16:20.505910Z", "EventID": {"#attributes": {"Qualifiers": 0}, "#text": 105}, "Computer": "DC01.garfield.htb", "RawEvent": {"#attributes": {"xmlns": "http://schemas.microsoft.com/win/2004/08/events/event"}, "System": {"Provider": {"#attributes": {"Name": "ESENT"}}, "EventID": {"#attributes": {"Qualifiers": 0}, "#text": 105}, "Level": 4, "Task": 1, "Keywords": "0x80000000000000", "TimeCreated": {"#attributes": {"SystemTime": "2026-01-13T15:16:20.505910Z"}}, "EventRecordID": 1598, "Channel": "Application", "Computer": "DC01.garfield.htb", "Security": null}, "EventData": {"Data": {"#text": ["DFSRs", "3324,D,0", "\\\\.\\C:\\System Volume Information\\DFSR\\database_A41A_4703_1A46_D1CA\\dfsr.db: ", "0", "0", "\n[1] 0.002018 +J(0) +M(C:0K, Fs:295, WS:1076K # 196K, PF:6348K # 6452K, P:6348K)\n[2] 0.000130 +J(0) +M(C:16K, Fs:101, WS:396K # 360K, PF:332K # 228K, P:332K)\n[3] 0.000009 +J(0) +M(C:0K, Fs:5, WS:16K # 16K, PF:68K # 68K, P:68K)\n[4] 0.000075 +J(0) +M(C:2032K, Fs:37, WS:144K # 144K, PF:2428K # 2428K, P:2428K)\n[5] 0.000310 +J(0) +M(C:0K, Fs:9, WS:36K # 36K, PF:28K # 28K, P:28K)\n[6] 0.000927 +J(0) +M(C:0K, Fs:19, WS:72K # 72K, PF:16K # 16K, P:16K)\n[7] 0.017976 -0.015221 (21) WT +J(0) +M(C:0K, Fs:1299, WS:5188K # 5188K, PF:5128K # 5128K, P:5128K)\n[8] -\n[9] -\n[10] -\n[11] -\n[12] -\n[13] 0.007304 -0.003912 (22) WT +J(CM:0, PgRf:0, Rd:0/0, Dy:0/0, Lg:616/1) +M(C:0K, Fs:8, WS:-5096K # 16K, PF:-5120K # 16K, P:-5120K)\n[14] 0.000008 +J(0) +M(C:0K, Fs:1, WS:4K # 0K, PF:0K # 0K, P:0K)\n[15] 0.000037 +J(0) +M(C:0K, Fs:64, WS:256K # 0K, PF:64K # 0K, P:64K)\n[16] 0.000229 -0.000105 (1) WT +J(0) +M(C:0K, Fs:3, WS:4K # 0K, PF:0K # 0K, P:0K).", ""]}, "Binary": null}}},
{"TimeGenerated": "2026-01-13T15:16:20.521687Z", "EventID": {"#attributes": {"Qualifiers": 0}, "#text": 326}, "Computer": "DC01.garfield.htb", "RawEvent": {"#attributes": {"xmlns": "http://schemas.microsoft.com/win/2004/08/events/event"}, "System": {"Provider": {"#attributes": {"Name": "ESENT"}}, "EventID": {"#attributes": {"Qualifiers": 0}, "#text": 326}, "Level": 4, "Task": 1, "Keywords": "0x80000000000000", "TimeCreated": {"#attributes": {"SystemTime": "2026-01-13T15:16:20.521687Z"}}, "EventRecordID": 1599, "Channel": "Application", "Computer": "DC01.garfield.htb", "Security": null}, "EventData": {"Data": {"#text": ["DFSRs", "3324,D,50", "\\\\.\\C:\\System Volume Information\\DFSR\\database_A41A_4703_1A46_D1CA\\dfsr.db: ", "1", "\\\\.\\C:\\System Volume Information\\DFSR\\database_A41A_4703_1A46_D1CA\\dfsr.db", "0", "\n[1] 0.000002 +J(0) +M(C:0K, Fs:1, WS:4K # 0K, PF:0K # 0K, P:0K)\n[2] 0.000583 -0.000425 (1) WT +J(0) +M(C:0K, Fs:19, WS:12K # 0K, PF:8K # 0K, P:8K)\n[3] 0.003232 -0.000978 (6) WT +J(CM:0, PgRf:0, Rd:0/0, Dy:0/0, Lg:3480/2) +M(C:0K, Fs:33, WS:120K # 0K, PF:160K # 0K, P:160K)\n[4] 0.000061 +J(0)\n[5] -\n[6] -\n[7] -\n[8] 0.000409 -0.000265 (2) CM -0.000147 (2) WT +J(CM:2, PgRf:2, Rd:14/2, Dy:0/0, Lg:0/0) +M(C:-8K, Fs:71, WS:276K # 0K, PF:124K # 0K, P:124K)\n[9] 0.000849 -0.000740 (2) CM -0.000672 (2) WT +J(CM:2, PgRf:23, Rd:0/1, Dy:0/0, Lg:0/0) +M(C:-12K, Fs:24, WS:84K # 0K, PF:192K # 0K, P:192K)\n[10] 0.000404 -0.000341 (1) CM -0.000281 (1) WT +J(CM:1, PgRf:40, Rd:0/1, Dy:0/0, Lg:0/0) +M(C:-4K, Fs:4, WS:12K # 0K, PF:60K # 0K, P:60K)\n[11] 0.000006 +J(CM:0, PgRf:1, Rd:0/0, Dy:0/0, Lg:0/0) +M(C:0K, Fs:2, WS:8K # 0K, PF:0K # 0K, P:0K)\n[12] 0.000011 +J(CM:0, PgRf:36, Rd:0/0, Dy:0/0, Lg:0/0)\n[13] 0.0 +J(0)\n[14] 0.0 +J(0)\n[15] 0.000002 +J(CM:0, PgRf:1, Rd:0/0, Dy:0/0, Lg:0/0).", "0 0", "lgposAttach = 00000016:0371:0268"]}, "Binary": null}}},
{"TimeGenerated": "2026-01-13T15:21:58.682976Z", "EventID": {"#attributes": {"Qualifiers": 0}, "#text": 103}, "Computer": "DC01.garfield.htb", "RawEvent": {"#attributes": {"xmlns": "http://schemas.microsoft.com/win/2004/08/events/event"}, "System": {"Provider": {"#attributes": {"Name": "ESENT"}}, "EventID": {"#attributes": {"Qualifiers": 0}, "#text": 103}, "Level": 4, "Task": 1, "Keywords": "0x80000000000000", "TimeCreated": {"#attributes": {"SystemTime": "2026-01-13T15:21:58.682976Z"}}, "EventRecordID": 1600, "Channel": "Application", "Computer": "DC01.garfield.htb", "Security": null}, "EventData": {"Data": {"#text": ["DFSRs", "3324,T,97", "\\\\.\\C:\\System Volume Information\\DFSR\\database_A41A_4703_1A46_D1CA\\dfsr.db: ", "0", "\n[1] 0.000007 +J(0) +M(C:0K, Fs:1, WS:4K # 0K, PF:0K # 0K, P:0K)\n[2] 0.000009 +J(0)\n[3] 0.000038 +J(CM:0, PgRf:2, Rd:0/0, Dy:0/8, Lg:208/8) +M(C:0K, Fs:1, WS:4K # 0K, PF:0K # 0K, P:0K)\n[4] 0.000004 +J(0)\n[5] 0.005766 -0.003975 (7) WT +J(0) +M(C:-8K, Fs:6, WS:0K # 0K, PF:-8K # 0K, P:-8K)\n[6] 0.000004 +J(0)\n[7] 0.000002 +J(0)\n[8] 0.003462 -0.001386 (13) WT +J(CM:0, PgRf:0, Rd:0/0, Dy:0/0, Lg:3260/2) +M(C:0K, Fs:8, WS:-24K # 0K, PF:-28K # 0K, P:-28K)\n[9] 0.000309 -0.000132 (1) WT +J(CM:0, PgRf:0, Rd:0/0, Dy:0/0, Lg:66/1) +M(C:0K, Fs:1, WS:4K # 0K, PF:0K # 0K, P:0K)\n[10] 0.000023 +J(0)\n[11] 0.000494 -0.000097 (2) WT +J(0)\n[12] 0.000019 +J(0) +M(C:0K, Fs:0, WS:-4K # 0K, PF:-4K # 0K, P:-4K)\n[13] 0.000074 +J(0)\n[14] 0.000012 +J(0) +M(C:0K, Fs:0, WS:-16K # 0K, PF:-32K # 0K, P:-32K)\n[15] 0.000001 +J(0).", "0"]}, "Binary": null}}},
{"TimeGenerated": "2026-01-13T15:22:01.010794Z", "EventID": {"#attributes": {"Qualifiers": 0}, "#text": 102}, "Computer": "DC01.garfield.htb", "RawEvent": {"#attributes": {"xmlns": "http://schemas.microsoft.com/win/2004/08/events/event"}, "System": {"Provider": {"#attributes": {"Name": "ESENT"}}, "EventID": {"#attributes": {"Qualifiers": 0}, "#text": 102}, "Level": 4, "Task": 1, "Keywords": "0x80000000000000", "TimeCreated": {"#attributes": {"SystemTime": "2026-01-13T15:22:01.010794Z"}}, "EventRecordID": 1601, "Channel": "Application", "Computer": "DC01.garfield.htb", "Security": null}, "EventData": {"Data": {"#text": ["DFSRs", "8120,P,98", "\\\\.\\C:\\System Volume Information\\DFSR\\database_A41A_4703_1A46_D1CA\\dfsr.db: ", "0", "10", "00", "17763", "0000"]}, "Binary": null}}},
{"TimeGenerated": "2026-01-13T15:22:01.042840Z", "EventID": {"#attributes": {"Qualifiers": 0}, "#text": 105}, "Computer": "DC01.garfield.htb", "RawEvent": {"#attributes": {"xmlns": "http://schemas.microsoft.com/win/2004/08/events/event"}, "System": {"Provider": {"#attributes": {"Name": "ESENT"}}, "EventID": {"#attributes": {"Qualifiers": 0}, "#text": 105}, "Level": 4, "Task": 1, "Keywords": "0x80000000000000", "TimeCreated": {"#attributes": {"SystemTime": "2026-01-13T15:22:01.042840Z"}}, "EventRecordID": 1602, "Channel": "Application", "Computer": "DC01.garfield.htb", "Security": null}, "EventData": {"Data": {"#text": ["DFSRs", "8120,D,0", "\\\\.\\C:\\System Volume Information\\DFSR\\database_A41A_4703_1A46_D1CA\\dfsr.db: ", "0", "0", "\n[1] 0.000642 +J(0) +M(C:0K, Fs:222, WS:864K # 864K, PF:2756K # 2756K, P:2756K)\n[2] 0.000280 +J(0) +M(C:16K, Fs:150, WS:588K # 588K, PF:4008K # 4008K, P:4008K)\n[3] 0.000010 +J(0) +M(C:0K, Fs:5, WS:16K # 16K, PF:68K # 68K, P:68K)\n[4] 0.000320 +J(0) +M(C:2032K, Fs:37, WS:144K # 144K, PF:2432K # 2432K, P:2432K)\n[5] 0.000642 +J(0) +M(C:0K, Fs:11, WS:44K # 44K, PF:36K # 44K, P:36K)\n[6] 0.000534 +J(0) +M(C:0K, Fs:13, WS:52K # 52K, PF:12K # 4K, P:12K)\n[7] -\n[8] -\n[9] -\n[10] -\n[11] -\n[12] -\n[13] 0.023157 -0.015705 (35) WT +J(CM:0, PgRf:0, Rd:0/0, Dy:0/0, Lg:616/1) +M(C:0K, Fs:1442, WS:632K # 5732K, PF:96K # 5224K, P:96K)\n[14] 0.000011 +J(0) +M(C:0K, Fs:1, WS:4K # 0K, PF:0K # 0K, P:0K)\n[15] 0.000075 +J(0) +M(C:0K, Fs:64, WS:256K # 0K, PF:64K # 0K, P:64K)\n[16] 0.003884 -0.001050 (1) WT +J(0) +M(C:0K, Fs:5, WS:12K # 0K, PF:0K # 0K, P:0K).", ""]}, "Binary": null}}},
{"TimeGenerated": "2026-01-13T15:22:01.042840Z", "EventID": {"#attributes": {"Qualifiers": 0}, "#text": 637}, "Computer": "DC01.garfield.htb", "RawEvent": {"#attributes": {"xmlns": "http://schemas.microsoft.com/win/2004/08/events/event"}, "System": {"Provider": {"#attributes": {"Name": "ESENT"}}, "EventID": {"#attributes": {"Qualifiers": 0}, "#text": 637}, "Level": 4, "Task": 1, "Keywords": "0x80000000000000", "TimeCreated": {"#attributes": {"SystemTime": "2026-01-13T15:22:01.042840Z"}}, "EventRecordID": 1603, "Channel": "Application", "Computer": "DC01.garfield.htb", "Security": null}, "EventData": {"Data": {"#text": ["DFSRs", "8120,D,35", "\\\\.\\C:\\System Volume Information\\DFSR\\database_A41A_4703_1A46_D1CA\\dfsr.db: ", "\\\\.\\C:\\System Volume Information\\DFSR\\database_A41A_4703_1A46_D1CA\\dfsr.jfm"]}, "Binary": null}}},
{"TimeGenerated": "2026-01-13T15:22:01.073162Z", "EventID": {"#attributes": {"Qualifiers": 0}, "#text": 325}, "Computer": "DC01.garfield.htb", "RawEvent": {"#attributes": {"xmlns": "http://schemas.microsoft.com/win/2004/08/events/event"}, "System": {"Provider": {"#attributes": {"Name": "ESENT"}}, "EventID": {"#attributes": {"Qualifiers": 0}, "#text": 325}, "Level": 4, "Task": 1, "Keywords": "0x80000000000000", "TimeCreated": {"#attributes": {"SystemTime": "2026-01-13T15:22:01.073162Z"}}, "EventRecordID": 1604, "Channel": "Application", "Computer": "DC01.garfield.htb", "Security": null}, "EventData": {"Data": {"#text": ["DFSRs", "8120,D,35", "\\\\.\\C:\\System Volume Information\\DFSR\\database_A41A_4703_1A46_D1CA\\dfsr.db: ", "1", "\\\\.\\C:\\System Volume Information\\DFSR\\database_A41A_4703_1A46_D1CA\\dfsr.db", "0", "\n[1] 0.000042 +J(0) +M(C:0K, Fs:3, WS:12K # 0K, PF:8K # 0K, P:8K)\n[2] 0.000767 -0.000069 (1) WT +J(CM:0, PgRf:0, Rd:0/0, Dy:0/0, Lg:3480/2) +M(C:0K, Fs:1, WS:4K # 0K, PF:0K # 0K, P:0K)\n[3] 0.005862 +J(0) +M(C:0K, Fs:18, WS:60K # 0K, PF:44K # 0K, P:44K)\n[4] 0.000102 +J(0)\n[5] 0.000075 +J(CM:0, PgRf:3, Rd:0/0, Dy:3/6, Lg:122/4) +M(C:0K, Fs:36, WS:144K # 0K, PF:148K # 0K, P:148K)\n[6] 0.000748 -0.000144 (1) WT +J(CM:0, PgRf:209, Rd:0/0, Dy:12/408, Lg:24454/447) +M(C:0K, Fs:63, WS:252K # 0K, PF:220K # 0K, P:220K)\n[7] 0.000586 -0.000370 (1) WT +J(CM:0, PgRf:0, Rd:0/0, Dy:0/0, Lg:4096/2) +M(C:0K, Fs:1, WS:4K # 0K, PF:0K # 0K, P:0K)\n[8] 0.000002 +J(0)\n[9] 0.021441 -0.020665 (3) WT +J(0) +M(C:-52K, Fs:17, WS:-4K # 0K, PF:32K # 0K, P:32K)\n[10] 0.002166 -0.000885 (5) WT +J(CM:0, PgRf:346, Rd:0/0, Dy:7/93, Lg:12509/128) +M(C:12K, Fs:31, WS:116K # 0K, PF:96K # 0K, P:96K)\n[11] 0.000001 +J(0).", "0 0", "lgposCreate = 00000001:0001:0268"]}, "Binary": null}}},
{"TimeGenerated": "2026-01-13T15:22:01.135709Z", "EventID": {"#attributes": {"Qualifiers": 16384}, "#text": 9027}, "Computer": "DC01.garfield.htb", "RawEvent": {"#attributes": {"xmlns": "http://schemas.microsoft.com/win/2004/08/events/event"}, "System": {"Provider": {"#attributes": {"Name": "Desktop Window Manager"}}, "EventID": {"#attributes": {"Qualifiers": 16384}, "#text": 9027}, "Level": 4, "Task": 0, "Keywords": "0x80000000000000", "TimeCreated": {"#attributes": {"SystemTime": "2026-01-13T15:22:01.135709Z"}}, "EventRecordID": 1605, "Channel": "Application", "Computer": "DC01.garfield.htb", "Security": null}, "EventData": {"Data": {"#text": ""}, "Binary": null}}},
{"TimeGenerated": "2026-01-13T15:22:01.807535Z", "EventID": {"#attributes": {"Qualifiers": 16384}, "#text": 8230}, "Computer": "DC01.garfield.htb", "RawEvent": {"#attributes": {"xmlns": "http://schemas.microsoft.com/win/2004/08/events/event"}, "System": {"Provider": {"#attributes": {"Name": "Microsoft-Windows-Security-SPP", "Guid": "{E23B33B0-C8C9-472C-A5F9-F2BDFEA0F156}", "EventSourceName": "Software Protection Platform Service"}}, "EventID": {"#attributes": {"Qualifiers": 16384}, "#text": 8230}, "Version": 0, "Level": 4, "Task": 0, "Opcode": 0, "Keywords": "0x80000000000000", "TimeCreated": {"#attributes": {"SystemTime": "2026-01-13T15:22:01.807535Z"}}, "EventRecordID": 1606, "Correlation": null, "Execution": {"#attributes": {"ProcessID": 0, "ThreadID": 0}}, "Channel": "Application", "Computer": "DC01.garfield.htb", "Security": null}, "EventData": {"Data": {"#text": "Security-SPP-Action-StateData (REG_SZ) =AppId=55c92734-d682-4d71-983e-d6ec3f16059f;GraceEndDate=2026/02/09:10:55:01;LastConsumptionReason=0x4004fc04;LastNotificationId=TBLExpiring;LicenseState=SL_LICENSING_STATUS_LICENSED;PartialProductKey=Y7XRX;ProductKeyType=Retail:TB:Eval;SkuId=7783a126-c108-4cf7-b59f-13c78c7a7337;ruleId=17fd3d63-7be4-49b1-8d16-2e0fe9fddbc2;uxDifferentiator=TIMEBASED_EVAL"}, "Binary": null}}},
{"TimeGenerated": "2026-01-13T15:22:01.823164Z", "EventID": {"#attributes": {"Qualifiers": 49152}, "#text": 8197}, "Computer": "DC01.garfield.htb", "RawEvent": {"#attributes": {"xmlns": "http://schemas.microsoft.com/win/2004/08/events/event"}, "System": {"Provider": {"#attributes": {"Name": "Microsoft-Windows-Security-SPP", "Guid": "{E23B33B0-C8C9-472C-A5F9-F2BDFEA0F156}", "EventSourceName": "Software Protection Platform Service"}}, "EventID": {"#attributes": {"Qualifiers": 49152}, "#text": 8197}, "Version": 0, "Level": 4, "Task": 0, "Opcode": 0, "Keywords": "0x80000000000000", "TimeCreated": {"#attributes": {"SystemTime": "2026-01-13T15:22:01.823164Z"}}, "EventRecordID": 1607, "Correlation": null, "Execution": {"#attributes": {"ProcessID": 0, "ThreadID": 0}}, "Channel": "Application", "Computer": "DC01.garfield.htb", "Security": null}, "EventData": {"Data": {"#text": "RuleId=17fd3d63-7be4-49b1-8d16-2e0fe9fddbc2;Action=NotifyUser;AppId=55c92734-d682-4d71-983e-d6ec3f16059f;SkuId=7783a126-c108-4cf7-b59f-13c78c7a7337;NotificationInterval=1440;Trigger=UserLogon;SessionId=4"}, "Binary": null}}},
{"TimeGenerated": "2026-01-13T15:22:23.958480Z", "EventID": {"#attributes": {"Qualifiers": 32768}, "#text": 6000}, "Computer": "DC01.garfield.htb", "RawEvent": {"#attributes": {"xmlns": "http://schemas.microsoft.com/win/2004/08/events/event"}, "System": {"Provider": {"#attributes": {"Name": "Microsoft-Windows-Winlogon", "Guid": "{DBE9B383-7CF3-4331-91CC-A3CB16A3B538}", "EventSourceName": "Wlclntfy"}}, "EventID": {"#attributes": {"Qualifiers": 32768}, "#text": 6000}, "Version": 0, "Level": 4, "Task": 0, "Opcode": 0, "Keywords": "0x80000000000000", "TimeCreated": {"#attributes": {"SystemTime": "2026-01-13T15:22:23.958480Z"}}, "EventRecordID": 1608, "Correlation": null, "Execution": {"#attributes": {"ProcessID": 0, "ThreadID": 0}}, "Channel": "Application", "Computer": "DC01.garfield.htb", "Security": null}, "EventData": {"Data": {"#text": "WSearch"}, "Binary": "D9060000"}}},
{"TimeGenerated": "2026-01-13T15:22:24.286605Z", "EventID": {"#attributes": {"Qualifiers": 32768}, "#text": 6000}, "Computer": "DC01.garfield.htb", "RawEvent": {"#attributes": {"xmlns": "http://schemas.microsoft.com/win/2004/08/events/event"}, "System": {"Provider": {"#attributes": {"Name": "Microsoft-Windows-Winlogon", "Guid": "{DBE9B383-7CF3-4331-91CC-A3CB16A3B538}", "EventSourceName": "Wlclntfy"}}, "EventID": {"#attributes": {"Qualifiers": 32768}, "#text": 6000}, "Version": 0, "Level": 4, "Task": 0, "Opcode": 0, "Keywords": "0x80000000000000", "TimeCreated": {"#attributes": {"SystemTime": "2026-01-13T15:22:24.286605Z"}}, "EventRecordID": 1609, "Correlation": null, "Execution": {"#attributes": {"ProcessID": 0, "ThreadID": 0}}, "Channel": "Application", "Computer": "DC01.garfield.htb", "Security": null}, "EventData": {"Data": {"#text": "WSearch"}, "Binary": "D9060000"}}},
{"TimeGenerated": "2026-01-13T15:22:29.904364Z", "EventID": {"#attributes": {"Qualifiers": 0}, "#text": 260}, "Computer": "DC01.garfield.htb", "RawEvent": {"#attributes": {"xmlns": "http://schemas.microsoft.com/win/2004/08/events/event"}, "System": {"Provider": {"#attributes": {"Name": "VMUpgradeHelper"}}, "EventID": {"#attributes": {"Qualifiers": 0}, "#text": 260}, "Level": 4, "Task": 0, "Keywords": "0x80000000000000", "TimeCreated": {"#attributes": {"SystemTime": "2026-01-13T15:22:29.904364Z"}}, "EventRecordID": 1610, "Channel": "Application", "Computer": "DC01.garfield.htb", "Security": null}, "EventData": {"Data": {"#text": ""}, "Binary": null}}},
{"TimeGenerated": "2026-01-13T15:22:29.904364Z", "EventID": {"#attributes": {"Qualifiers": 0}, "#text": 272}, "Computer": "DC01.garfield.htb", "RawEvent": {"#attributes": {"xmlns": "http://schemas.microsoft.com/win/2004/08/events/event"}, "System": {"Provider": {"#attributes": {"Name": "VMUpgradeHelper"}}, "EventID": {"#attributes": {"Qualifiers": 0}, "#text": 272}, "Level": 4, "Task": 0, "Keywords": "0x80000000000000", "TimeCreated": {"#attributes": {"SystemTime": "2026-01-13T15:22:29.904364Z"}}, "EventRecordID": 1611, "Channel": "Application", "Computer": "DC01.garfield.htb", "Security": null}, "EventData": {"Data": {"#text": ""}, "Binary": null}}},
{"TimeGenerated": "2026-01-13T15:22:29.918300Z", "EventID": {"#attributes": {"Qualifiers": 0}, "#text": 108}, "Computer": "DC01.garfield.htb", "RawEvent": {"#attributes": {"xmlns": "http://schemas.microsoft.com/win/2004/08/events/event"}, "System": {"Provider": {"#attributes": {"Name": "VMTools"}}, "EventID": {"#attributes": {"Qualifiers": 0}, "#text": 108}, "Level": 4, "Task": 0, "Keywords": "0x80000000000000", "TimeCreated": {"#attributes": {"SystemTime": "2026-01-13T15:22:29.918300Z"}}, "EventRecordID": 1612, "Channel": "Application", "Computer": "DC01.garfield.htb", "Security": null}, "EventData": {"Data": {"#text": ""}, "Binary": null}}},
{"TimeGenerated": "2026-01-13T15:22:30.152678Z", "EventID": {"#attributes": {"Qualifiers": 16384}, "#text": 903}, "Computer": "DC01.garfield.htb", "RawEvent": {"#attributes": {"xmlns": "http://schemas.microsoft.com/win/2004/08/events/event"}, "System": {"Provider": {"#attributes": {"Name": "Microsoft-Windows-Security-SPP", "Guid": "{E23B33B0-C8C9-472C-A5F9-F2BDFEA0F156}", "EventSourceName": "Software Protection Platform Service"}}, "EventID": {"#attributes": {"Qualifiers": 16384}, "#text": 903}, "Version": 0, "Level": 0, "Task": 0, "Opcode": 0, "Keywords": "0x80000000000000", "TimeCreated": {"#attributes": {"SystemTime": "2026-01-13T15:22:30.152678Z"}}, "EventRecordID": 1613, "Correlation": null, "Execution": {"#attributes": {"ProcessID": 0, "ThreadID": 0}}, "Channel": "Application", "Computer": "DC01.garfield.htb", "Security": null}, "EventData": {"Data": {"#text": ""}, "Binary": null}}},
{"TimeGenerated": "2026-01-13T15:22:30.157640Z", "EventID": 1532, "Computer": "DC01.garfield.htb", "RawEvent": {"#attributes": {"xmlns": "http://schemas.microsoft.com/win/2004/08/events/event"}, "System": {"Provider": {"#attributes": {"Name": "Microsoft-Windows-User Profiles Service", "Guid": "89B1E9F0-5AFF-44A6-9B44-0A07A7CE5845"}}, "EventID": 1532, "Version": 0, "Level": 4, "Task": 0, "Opcode": 0, "Keywords": "0x8000000000000000", "TimeCreated": {"#attributes": {"SystemTime": "2026-01-13T15:22:30.157640Z"}}, "EventRecordID": 1614, "Correlation": null, "Execution": {"#attributes": {"ProcessID": 1744, "ThreadID": 1832}}, "Channel": "Application", "Computer": "DC01.garfield.htb", "Security": {"#attributes": {"UserID": "S-1-5-18"}}}, "EventData": null}},
{"TimeGenerated": "2026-01-19T17:55:23.228823Z", "EventID": {"#attributes": {"Qualifiers": 16384}, "#text": 4625}, "Computer": "DC01", "RawEvent": {"#attributes": {"xmlns": "http://schemas.microsoft.com/win/2004/08/events/event"}, "System": {"Provider": {"#attributes": {"Name": "Microsoft-Windows-EventSystem", "Guid": "{899daace-4868-4295-afcd-9eb8fb497561}", "EventSourceName": "EventSystem"}}, "EventID": {"#attributes": {"Qualifiers": 16384}, "#text": 4625}, "Version": 0, "Level": 4, "Task": 0, "Opcode": 0, "Keywords": "0x80000000000000", "TimeCreated": {"#attributes": {"SystemTime": "2026-01-19T17:55:23.228823Z"}}, "EventRecordID": 1615, "Correlation": null, "Execution": {"#attributes": {"ProcessID": 0, "ThreadID": 0}}, "Channel": "Application", "Computer": "DC01", "Security": null}, "EventData": {"param1": "86400", "param2": "SuppressDuplicateDuration", "param3": "Software\\Microsoft\\EventSystem\\EventLog"}}},
{"TimeGenerated": "2026-01-19T17:55:23.229385Z", "EventID": 1531, "Computer": "DC01.garfield.htb", "RawEvent": {"#attributes": {"xmlns": "http://schemas.microsoft.com/win/2004/08/events/event"}, "System": {"Provider": {"#attributes": {"Name": "Microsoft-Windows-User Profiles Service", "Guid": "89B1E9F0-5AFF-44A6-9B44-0A07A7CE5845"}}, "EventID": 1531, "Version": 0, "Level": 4, "Task": 0, "Opcode": 0, "Keywords": "0x8000000000000000", "TimeCreated": {"#attributes": {"SystemTime": "2026-01-19T17:55:23.229385Z"}}, "EventRecordID": 1616, "Correlation": null, "Execution": {"#attributes": {"ProcessID": 1740, "ThreadID": 1804}}, "Channel": "Application", "Computer": "DC01.garfield.htb", "Security": {"#attributes": {"UserID": "S-1-5-18"}}}, "EventData": null}},
{"TimeGenerated": "2026-01-19T17:55:23.540831Z", "EventID": 5615, "Computer": "DC01.garfield.htb", "RawEvent": {"#attributes": {"xmlns": "http://schemas.microsoft.com/win/2004/08/events/event"}, "System": {"Provider": {"#attributes": {"Name": "Microsoft-Windows-WMI", "Guid": "1EDEEE53-0AFE-4609-B846-D8C0B2075B1F"}}, "EventID": 5615, "Version": 2, "Level": 4, "Task": 0, "Opcode": 0, "Keywords": "0x8000000000000000", "TimeCreated": {"#attributes": {"SystemTime": "2026-01-19T17:55:23.540831Z"}}, "EventRecordID": 1617, "Correlation": null, "Execution": {"#attributes": {"ProcessID": 2416, "ThreadID": 2500}}, "Channel": "Application", "Computer": "DC01.garfield.htb", "Security": {"#attributes": {"UserID": "S-1-5-18"}}}, "EventData": null}},
{"TimeGenerated": "2026-01-19T17:55:23.991896Z", "EventID": 5617, "Computer": "DC01.garfield.htb", "RawEvent": {"#attributes": {"xmlns": "http://schemas.microsoft.com/win/2004/08/events/event"}, "System": {"Provider": {"#attributes": {"Name": "Microsoft-Windows-WMI", "Guid": "1EDEEE53-0AFE-4609-B846-D8C0B2075B1F"}}, "EventID": 5617, "Version": 2, "Level": 4, "Task": 0, "Opcode": 0, "Keywords": "0x8000000000000000", "TimeCreated": {"#attributes": {"SystemTime": "2026-01-19T17:55:23.991896Z"}}, "EventRecordID": 1618, "Correlation": null, "Execution": {"#attributes": {"ProcessID": 2416, "ThreadID": 2596}}, "Channel": "Application", "Computer": "DC01.garfield.htb", "Security": {"#attributes": {"UserID": "S-1-5-18"}}}, "EventData": null}},
{"TimeGenerated": "2026-01-19T17:55:39.128194Z", "EventID": {"#attributes": {"Qualifiers": 0}, "#text": 105}, "Computer": "DC01.garfield.htb", "RawEvent": {"#attributes": {"xmlns": "http://schemas.microsoft.com/win/2004/08/events/event"}, "System": {"Provider": {"#attributes": {"Name": "VMTools"}}, "EventID": {"#attributes": {"Qualifiers": 0}, "#text": 105}, "Level": 4, "Task": 0, "Keywords": "0x80000000000000", "TimeCreated": {"#attributes": {"SystemTime": "2026-01-19T17:55:39.128194Z"}}, "EventRecordID": 1619, "Channel": "Application", "Computer": "DC01.garfield.htb", "Security": null}, "EventData": {"Data": {"#text": ""}, "Binary": null}}},
{"TimeGenerated": "2026-01-19T17:55:39.237567Z", "EventID": {"#attributes": {"Qualifiers": 16384}, "#text": 900}, "Computer": "DC01.garfield.htb", "RawEvent": {"#attributes": {"xmlns": "http://schemas.microsoft.com/win/2004/08/events/event"}, "System": {"Provider": {"#attributes": {"Name": "Microsoft-Windows-Security-SPP", "Guid": "{E23B33B0-C8C9-472C-A5F9-F2BDFEA0F156}", "EventSourceName": "Software Protection Platform Service"}}, "EventID": {"#attributes": {"Qualifiers": 16384}, "#text": 900}, "Version": 0, "Level": 4, "Task": 0, "Opcode": 0, "Keywords": "0x80000000000000", "TimeCreated": {"#attributes": {"SystemTime": "2026-01-19T17:55:39.237567Z"}}, "EventRecordID": 1620, "Correlation": null, "Execution": {"#attributes": {"ProcessID": 0, "ThreadID": 0}}, "Channel": "Application", "Computer": "DC01.garfield.htb", "Security": null}, "EventData": {"Data": {"#text": "TriggerStarted:6"}, "Binary": null}}},
{"TimeGenerated": "2026-01-19T17:55:39.487579Z", "EventID": {"#attributes": {"Qualifiers": 16384}, "#text": 9027}, "Computer": "DC01.garfield.htb", "RawEvent": {"#attributes": {"xmlns": "http://schemas.microsoft.com/win/2004/08/events/event"}, "System": {"Provider": {"#attributes": {"Name": "Desktop Window Manager"}}, "EventID": {"#attributes": {"Qualifiers": 16384}, "#text": 9027}, "Level": 4, "Task": 0, "Keywords": "0x80000000000000", "TimeCreated": {"#attributes": {"SystemTime": "2026-01-19T17:55:39.487579Z"}}, "EventRecordID": 1621, "Channel": "Application", "Computer": "DC01.garfield.htb", "Security": null}, "EventData": {"Data": {"#text": ""}, "Binary": null}}},
{"TimeGenerated": "2026-01-19T17:55:39.503194Z", "EventID": {"#attributes": {"Qualifiers": 49152}, "#text": 16394}, "Computer": "DC01.garfield.htb", "RawEvent": {"#attributes": {"xmlns": "http://schemas.microsoft.com/win/2004/08/events/event"}, "System": {"Provider": {"#attributes": {"Name": "Microsoft-Windows-Security-SPP", "Guid": "{E23B33B0-C8C9-472C-A5F9-F2BDFEA0F156}", "EventSourceName": "Software Protection Platform Service"}}, "EventID": {"#attributes": {"Qualifiers": 49152}, "#text": 16394}, "Version": 0, "Level": 4, "Task": 0, "Opcode": 0, "Keywords": "0x80000000000000", "TimeCreated": {"#attributes": {"SystemTime": "2026-01-19T17:55:39.503194Z"}}, "EventRecordID": 1622, "Correlation": null, "Execution": {"#attributes": {"ProcessID": 0, "ThreadID": 0}}, "Channel": "Application", "Computer": "DC01.garfield.htb", "Security": null}, "EventData": {"Data": {"#text": ""}, "Binary": null}}},
{"TimeGenerated": "2026-01-19T17:55:39.643831Z", "EventID": {"#attributes": {"Qualifiers": 16384}, "#text": 1066}, "Computer": "DC01.garfield.htb", "RawEvent": {"#attributes": {"xmlns": "http://schemas.microsoft.com/win/2004/08/events/event"}, "System": {"Provider": {"#attributes": {"Name": "Microsoft-Windows-Security-SPP", "Guid": "{E23B33B0-C8C9-472C-A5F9-F2BDFEA0F156}", "EventSourceName": "Software Protection Platform Service"}}, "EventID": {"#attributes": {"Qualifiers": 16384}, "#text": 1066}, "Version": 0, "Level": 4, "Task": 0, "Opcode": 0, "Keywords": "0x80000000000000", "TimeCreated": {"#attributes": {"SystemTime": "2026-01-19T17:55:39.643831Z"}}, "EventRecordID": 1623, "Correlation": null, "Execution": {"#attributes": {"ProcessID": 0, "ThreadID": 0}}, "Channel": "Application", "Computer": "DC01.garfield.htb", "Security": null}, "EventData": {"Data": {"#text": "C:\\Windows\\system32\\sppwinob.dll, msft:spp/windowsfunctionality/agent/7.0, 0x00000000, 0x00000000\nC:\\Windows\\system32\\sppobjs.dll, msft:rm/algorithm/inherited/1.0, 0x00000000, 0x00000000\nC:\\Windows\\system32\\sppobjs.dll, msft:rm/algorithm/phone/1.0, 0x00000000, 0x00000000\nC:\\Windows\\system32\\sppobjs.dll, msft:rm/algorithm/pkey/detect, 0x00000000, 0x00000000\nC:\\Windows\\system32\\sppobjs.dll, msft:spp/ActionScheduler/1.0, 0x00000000, 0x00000000\nC:\\Windows\\system32\\sppobjs.dll, msft:spp/TaskScheduler/1.0, 0x00000000, 0x00000000\nC:\\Windows\\system32\\sppobjs.dll, msft:spp/statecollector/pkey, 0x00000000, 0x00000000\nC:\\Windows\\system32\\sppobjs.dll, msft:spp/volume/services/kms/1.0, 0x00000000, 0x00000000\nC:\\Windows\\system32\\sppobjs.dll, msft:spp/volume/services/kms/activationinfo/1.0, 0x00000000, 0x00000000\n"}, "Binary": null}}},
{"TimeGenerated": "2026-01-19T17:55:39.800082Z", "EventID": {"#attributes": {"Qualifiers": 16384}, "#text": 1040}, "Computer": "DC01.garfield.htb", "RawEvent": {"#attributes": {"xmlns": "http://schemas.microsoft.com/win/2004/08/events/event"}, "System": {"Provider": {"#attributes": {"Name": "Microsoft-Windows-Security-SPP", "Guid": "{E23B33B0-C8C9-472C-A5F9-F2BDFEA0F156}", "EventSourceName": "Software Protection Platform Service"}}, "EventID": {"#attributes": {"Qualifiers": 16384}, "#text": 1040}, "Version": 0, "Level": 4, "Task": 0, "Opcode": 0, "Keywords": "0x80000000000000", "TimeCreated": {"#attributes": {"SystemTime": "2026-01-19T17:55:39.800082Z"}}, "EventRecordID": 1624, "Correlation": null, "Execution": {"#attributes": {"ProcessID": 0, "ThreadID": 0}}, "Channel": "Application", "Computer": "DC01.garfield.htb", "Security": null}, "EventData": {"Data": {"#text": ["55c92734-d682-4d71-983e-d6ec3f16059f", "7783a126-c108-4cf7-b59f-13c78c7a7337"]}, "Binary": "5E0000000A00300000000100030001000100010001000000010001000100E86150F471480C5CE6B7DFE0DE24FC1467B063A9FB9440FB0D0001000101000201000301000401000500000601000700000801000901000A01000B00000C01002A0000000000030001000100010000000000000001000100E861B0C90C5CE6B7DFE0DE24FC1467B0A29A"}}},
{"TimeGenerated": "2026-01-19T17:55:39.940697Z", "EventID": {"#attributes": {"Qualifiers": 0}, "#text": 258}, "Computer": "DC01.garfield.htb", "RawEvent": {"#attributes": {"xmlns": "http://schemas.microsoft.com/win/2004/08/events/event"}, "System": {"Provider": {"#attributes": {"Name": "VMUpgradeHelper"}}, "EventID": {"#attributes": {"Qualifiers": 0}, "#text": 258}, "Level": 4, "Task": 0, "Keywords": "0x80000000000000", "TimeCreated": {"#attributes": {"SystemTime": "2026-01-19T17:55:39.940697Z"}}, "EventRecordID": 1625, "Channel": "Application", "Computer": "DC01.garfield.htb", "Security": null}, "EventData": {"Data": {"#text": ""}, "Binary": null}}},
{"TimeGenerated": "2026-01-19T17:55:40.018823Z", "EventID": {"#attributes": {"Qualifiers": 16384}, "#text": 1003}, "Computer": "DC01.garfield.htb", "RawEvent": {"#attributes": {"xmlns": "http://schemas.microsoft.com/win/2004/08/events/event"}, "System": {"Provider": {"#attributes": {"Name": "Microsoft-Windows-Security-SPP", "Guid": "{E23B33B0-C8C9-472C-A5F9-F2BDFEA0F156}", "EventSourceName": "Software Protection Platform Service"}}, "EventID": {"#attributes": {"Qualifiers": 16384}, "#text": 1003}, "Version": 0, "Level": 4, "Task": 0, "Opcode": 0, "Keywords": "0x80000000000000", "TimeCreated": {"#attributes": {"SystemTime": "2026-01-19T17:55:40.018823Z"}}, "EventRecordID": 1626, "Correlation": null, "Execution": {"#attributes": {"ProcessID": 0, "ThreadID": 0}}, "Channel": "Application", "Computer": "DC01.garfield.htb", "Security": null}, "EventData": {"Data": {"#text": ["55c92734-d682-4d71-983e-d6ec3f16059f", "\n1: 7783a126-c108-4cf7-b59f-13c78c7a7337, 1, 1 [(0 [0x00000000, 1, 0], [(?)( 1 0x00000000)(?)( 2 0x00000000 0 0 msft:rm/algorithm/hwid/4.0 0x00000000 0)(?)( 9 0x00000000 180 29819)( 10 0x00000000 msft:rm/algorithm/flags/1.0)(?)])(1 )(2 )(3 )]\n\n"]}, "Binary": null}}},
{"TimeGenerated": "2026-01-19T17:55:40.018823Z", "EventID": {"#attributes": {"Qualifiers": 16384}, "#text": 781}, "Computer": "DC01.garfield.htb", "RawEvent": {"#attributes": {"xmlns": "http://schemas.microsoft.com/win/2004/08/events/event"}, "System": {"Provider": {"#attributes": {"Name": "Microsoft-Windows-Complus", "Guid": "{0f177893-4a9c-4709-b921-f432d67f43d5}", "EventSourceName": "COM+"}}, "EventID": {"#attributes": {"Qualifiers": 16384}, "#text": 781}, "Version": 0, "Level": 4, "Task": 0, "Opcode": 0, "Keywords": "0x80000000000000", "TimeCreated": {"#attributes": {"SystemTime": "2026-01-19T17:55:40.018823Z"}}, "EventRecordID": 1627, "Correlation": null, "Execution": {"#attributes": {"ProcessID": 0, "ThreadID": 0}}, "Channel": "Application", "Computer": "DC01.garfield.htb", "Security": null}, "EventData": {"param1": "86400", "param2": "SuppressDuplicateDuration", "param3": "Software\\Microsoft\\COM3\\Eventlog"}}},
{"TimeGenerated": "2026-01-19T17:55:40.034447Z", "EventID": {"#attributes": {"Qualifiers": 32768}, "#text": 1037}, "Computer": "DC01.garfield.htb", "RawEvent": {"#attributes": {"xmlns": "http://schemas.microsoft.com/win/2004/08/events/event"}, "System": {"Provider": {"#attributes": {"Name": "Microsoft-Windows-Security-SPP", "Guid": "{E23B33B0-C8C9-472C-A5F9-F2BDFEA0F156}", "EventSourceName": "Software Protection Platform Service"}}, "EventID": {"#attributes": {"Qualifiers": 32768}, "#text": 1037}, "Version": 0, "Level": 4, "Task": 0, "Opcode": 0, "Keywords": "0x80000000000000", "TimeCreated": {"#attributes": {"SystemTime": "2026-01-19T17:55:40.034447Z"}}, "EventRecordID": 1628, "Correlation": null, "Execution": {"#attributes": {"ProcessID": 0, "ThreadID": 0}}, "Channel": "Application", "Computer": "DC01.garfield.htb", "Security": null}, "EventData": {"Data": {"#text": ["validity", "29819"]}, "Binary": null}}},
{"TimeGenerated": "2026-01-19T17:55:40.050071Z", "EventID": {"#attributes": {"Qualifiers": 16384}, "#text": 902}, "Computer": "DC01.garfield.htb", "RawEvent": {"#attributes": {"xmlns": "http://schemas.microsoft.com/win/2004/08/events/event"}, "System": {"Provider": {"#attributes": {"Name": "Microsoft-Windows-Security-SPP", "Guid": "{E23B33B0-C8C9-472C-A5F9-F2BDFEA0F156}", "EventSourceName": "Software Protection Platform Service"}}, "EventID": {"#attributes": {"Qualifiers": 16384}, "#text": 902}, "Version": 0, "Level": 0, "Task": 0, "Opcode": 0, "Keywords": "0x80000000000000", "TimeCreated": {"#attributes": {"SystemTime": "2026-01-19T17:55:40.050071Z"}}, "EventRecordID": 1629, "Correlation": null, "Execution": {"#attributes": {"ProcessID": 0, "ThreadID": 0}}, "Channel": "Application", "Computer": "DC01.garfield.htb", "Security": null}, "EventData": {"Data": {"#text": "10.0.17763.8146"}, "Binary": null}}},
{"TimeGenerated": "2026-01-19T17:55:40.206591Z", "EventID": {"#attributes": {"Qualifiers": 0}, "#text": 271}, "Computer": "DC01.garfield.htb", "RawEvent": {"#attributes": {"xmlns": "http://schemas.microsoft.com/win/2004/08/events/event"}, "System": {"Provider": {"#attributes": {"Name": "VMUpgradeHelper"}}, "EventID": {"#attributes": {"Qualifiers": 0}, "#text": 271}, "Level": 4, "Task": 0, "Keywords": "0x80000000000000", "TimeCreated": {"#attributes": {"SystemTime": "2026-01-19T17:55:40.206591Z"}}, "EventRecordID": 1630, "Channel": "Application", "Computer": "DC01.garfield.htb", "Security": null}, "EventData": {"Data": {"#text": ""}, "Binary": null}}},
{"TimeGenerated": "2026-01-19T17:55:40.362567Z", "EventID": {"#attributes": {"Qualifiers": 16384}, "#text": 4202}, "Computer": "DC01.garfield.htb", "RawEvent": {"#attributes": {"xmlns": "http://schemas.microsoft.com/win/2004/08/events/event"}, "System": {"Provider": {"#attributes": {"Name": "Microsoft-Windows-MSDTC 2", "Guid": "{5D9E0020-3761-4f36-90C8-38CE6511BD12}", "EventSourceName": "MSDTC 2"}}, "EventID": {"#attributes": {"Qualifiers": 16384}, "#text": 4202}, "Version": 0, "Level": 4, "Task": 2, "Opcode": 0, "Keywords": "0x80000000000000", "TimeCreated": {"#attributes": {"SystemTime": "2026-01-19T17:55:40.362567Z"}}, "EventRecordID": 1631, "Correlation": null, "Execution": {"#attributes": {"ProcessID": 0, "ThreadID": 0}}, "Channel": "Application", "Computer": "DC01.garfield.htb", "Security": null}, "EventData": {"param1": "0", "param2": "0", "param3": "0", "param4": "0", "param5": "0", "param6": "0", "param7": "1", "param8": "Mutual Authentication Required", "param9": "NT AUTHORITY\\NetworkService", "param10": "0", "param11": "0", "param12": "1"}}},
{"TimeGenerated": "2026-01-19T17:55:41.581320Z", "EventID": {"#attributes": {"Qualifiers": 16384}, "#text": 8230}, "Computer": "DC01.garfield.htb", "RawEvent": {"#attributes": {"xmlns": "http://schemas.microsoft.com/win/2004/08/events/event"}, "System": {"Provider": {"#attributes": {"Name": "Microsoft-Windows-Security-SPP", "Guid": "{E23B33B0-C8C9-472C-A5F9-F2BDFEA0F156}", "EventSourceName": "Software Protection Platform Service"}}, "EventID": {"#attributes": {"Qualifiers": 16384}, "#text": 8230}, "Version": 0, "Level": 4, "Task": 0, "Opcode": 0, "Keywords": "0x80000000000000", "TimeCreated": {"#attributes": {"SystemTime": "2026-01-19T17:55:41.581320Z"}}, "EventRecordID": 1632, "Correlation": null, "Execution": {"#attributes": {"ProcessID": 0, "ThreadID": 0}}, "Channel": "Application", "Computer": "DC01.garfield.htb", "Security": null}, "EventData": {"Data": {"#text": "Security-SPP-Action-StateData (REG_SZ) =AppId=55c92734-d682-4d71-983e-d6ec3f16059f;GraceEndDate=2026/02/09:10:54:40;LastConsumptionReason=0x4004fc04;LastNotificationId=TBLExpiring;LicenseState=SL_LICENSING_STATUS_LICENSED;PartialProductKey=Y7XRX;ProductKeyType=Retail:TB:Eval;SkuId=7783a126-c108-4cf7-b59f-13c78c7a7337;ruleId=17fd3d63-7be4-49b1-8d16-2e0fe9fddbc2;uxDifferentiator=TIMEBASED_EVAL"}, "Binary": null}}},
{"TimeGenerated": "2026-01-19T17:55:41.643819Z", "EventID": {"#attributes": {"Qualifiers": 49152}, "#text": 8198}, "Computer": "DC01.garfield.htb", "RawEvent": {"#attributes": {"xmlns": "http://schemas.microsoft.com/win/2004/08/events/event"}, "System": {"Provider": {"#attributes": {"Name": "Microsoft-Windows-Security-SPP", "Guid": "{E23B33B0-C8C9-472C-A5F9-F2BDFEA0F156}", "EventSourceName": "Software Protection Platform Service"}}, "EventID": {"#attributes": {"Qualifiers": 49152}, "#text": 8198}, "Version": 0, "Level": 2, "Task": 0, "Opcode": 0, "Keywords": "0x80000000000000", "TimeCreated": {"#attributes": {"SystemTime": "2026-01-19T17:55:41.643819Z"}}, "EventRecordID": 1633, "Correlation": null, "Execution": {"#attributes": {"ProcessID": 0, "ThreadID": 0}}, "Channel": "Application", "Computer": "DC01.garfield.htb", "Security": null}, "EventData": {"Data": {"#text": ["hr=0x8007139F", "RuleId=17fd3d63-7be4-49b1-8d16-2e0fe9fddbc2;Action=NotifyUser;AppId=55c92734-d682-4d71-983e-d6ec3f16059f;SkuId=7783a126-c108-4cf7-b59f-13c78c7a7337;NotificationInterval=1440;Trigger=TimerEvent"]}, "Binary": null}}},
{"TimeGenerated": "2026-01-19T17:56:00.294805Z", "EventID": 1023, "Computer": "DC01.garfield.htb", "RawEvent": {"#attributes": {"xmlns": "http://schemas.microsoft.com/win/2004/08/events/event"}, "System": {"Provider": {"#attributes": {"Name": "Microsoft-Windows-Perflib", "Guid": "13B197BD-7CEE-4B4E-8DD0-59314CE374CE"}}, "EventID": 1023, "Version": 1, "Level": 2, "Task": 0, "Opcode": 0, "Keywords": "0x8000000000000000", "TimeCreated": {"#attributes": {"SystemTime": "2026-01-19T17:56:00.294805Z"}}, "EventRecordID": 1634, "Correlation": {"#attributes": {"ActivityID": "C2BCE55D-896C-0003-D801-BDC26C89DC01"}}, "Execution": {"#attributes": {"ProcessID": 4692, "ThreadID": 4724}}, "Channel": "Application", "Computer": "DC01.garfield.htb", "Security": {"#attributes": {"UserID": "S-1-5-18"}}}, "EventData": {"Library": "C:\\Windows\\system32\\ntdsperf.dll", "Win32Error": 126}}},
{"TimeGenerated": "2026-01-19T17:56:44.534860Z", "EventID": {"#attributes": {"Qualifiers": 16384}, "#text": 8230}, "Computer": "DC01.garfield.htb", "RawEvent": {"#attributes": {"xmlns": "http://schemas.microsoft.com/win/2004/08/events/event"}, "System": {"Provider": {"#attributes": {"Name": "Microsoft-Windows-Security-SPP", "Guid": "{E23B33B0-C8C9-472C-A5F9-F2BDFEA0F156}", "EventSourceName": "Software Protection Platform Service"}}, "EventID": {"#attributes": {"Qualifiers": 16384}, "#text": 8230}, "Version": 0, "Level": 4, "Task": 0, "Opcode": 0, "Keywords": "0x80000000000000", "TimeCreated": {"#attributes": {"SystemTime": "2026-01-19T17:56:44.534860Z"}}, "EventRecordID": 1635, "Correlation": null, "Execution": {"#attributes": {"ProcessID": 0, "ThreadID": 0}}, "Channel": "Application", "Computer": "DC01.garfield.htb", "Security": null}, "EventData": {"Data": {"#text": "Security-SPP-Action-StateData (REG_SZ) =AppId=55c92734-d682-4d71-983e-d6ec3f16059f;GraceEndDate=2026/02/09:10:54:44;LastConsumptionReason=0x4004fc04;LastNotificationId=TBLExpiring;LicenseState=SL_LICENSING_STATUS_LICENSED;PartialProductKey=Y7XRX;ProductKeyType=Retail:TB:Eval;SkuId=7783a126-c108-4cf7-b59f-13c78c7a7337;ruleId=17fd3d63-7be4-49b1-8d16-2e0fe9fddbc2;uxDifferentiator=TIMEBASED_EVAL"}, "Binary": null}}},
{"TimeGenerated": "2026-01-19T17:56:44.581722Z", "EventID": {"#attributes": {"Qualifiers": 49152}, "#text": 8197}, "Computer": "DC01.garfield.htb", "RawEvent": {"#attributes": {"xmlns": "http://schemas.microsoft.com/win/2004/08/events/event"}, "System": {"Provider": {"#attributes": {"Name": "Microsoft-Windows-Security-SPP", "Guid": "{E23B33B0-C8C9-472C-A5F9-F2BDFEA0F156}", "EventSourceName": "Software Protection Platform Service"}}, "EventID": {"#attributes": {"Qualifiers": 49152}, "#text": 8197}, "Version": 0, "Level": 4, "Task": 0, "Opcode": 0, "Keywords": "0x80000000000000", "TimeCreated": {"#attributes": {"SystemTime": "2026-01-19T17:56:44.581722Z"}}, "EventRecordID": 1636, "Correlation": null, "Execution": {"#attributes": {"ProcessID": 0, "ThreadID": 0}}, "Channel": "Application", "Computer": "DC01.garfield.htb", "Security": null}, "EventData": {"Data": {"#text": "RuleId=17fd3d63-7be4-49b1-8d16-2e0fe9fddbc2;Action=NotifyUser;AppId=55c92734-d682-4d71-983e-d6ec3f16059f;SkuId=7783a126-c108-4cf7-b59f-13c78c7a7337;NotificationInterval=1440;Trigger=UserLogon;SessionId=1"}, "Binary": null}}},
{"TimeGenerated": "2026-01-19T17:57:46.404897Z", "EventID": {"#attributes": {"Qualifiers": 16384}, "#text": 9027}, "Computer": "DC01.garfield.htb", "RawEvent": {"#attributes": {"xmlns": "http://schemas.microsoft.com/win/2004/08/events/event"}, "System": {"Provider": {"#attributes": {"Name": "Desktop Window Manager"}}, "EventID": {"#attributes": {"Qualifiers": 16384}, "#text": 9027}, "Level": 4, "Task": 0, "Keywords": "0x80000000000000", "TimeCreated": {"#attributes": {"SystemTime": "2026-01-19T17:57:46.404897Z"}}, "EventRecordID": 1637, "Channel": "Application", "Computer": "DC01.garfield.htb", "Security": null}, "EventData": {"Data": {"#text": ""}, "Binary": null}}},
{"TimeGenerated": "2026-01-19T17:57:47.561175Z", "EventID": {"#attributes": {"Qualifiers": 16384}, "#text": 8230}, "Computer": "DC01.garfield.htb", "RawEvent": {"#attributes": {"xmlns": "http://schemas.microsoft.com/win/2004/08/events/event"}, "System": {"Provider": {"#attributes": {"Name": "Microsoft-Windows-Security-SPP", "Guid": "{E23B33B0-C8C9-472C-A5F9-F2BDFEA0F156}", "EventSourceName": "Software Protection Platform Service"}}, "EventID": {"#attributes": {"Qualifiers": 16384}, "#text": 8230}, "Version": 0, "Level": 4, "Task": 0, "Opcode": 0, "Keywords": "0x80000000000000", "TimeCreated": {"#attributes": {"SystemTime": "2026-01-19T17:57:47.561175Z"}}, "EventRecordID": 1638, "Correlation": null, "Execution": {"#attributes": {"ProcessID": 0, "ThreadID": 0}}, "Channel": "Application", "Computer": "DC01.garfield.htb", "Security": null}, "EventData": {"Data": {"#text": "Security-SPP-Action-StateData (REG_SZ) =AppId=55c92734-d682-4d71-983e-d6ec3f16059f;GraceEndDate=2026/02/09:10:54:47;LastConsumptionReason=0x4004fc04;LastNotificationId=TBLExpiring;LicenseState=SL_LICENSING_STATUS_LICENSED;PartialProductKey=Y7XRX;ProductKeyType=Retail:TB:Eval;SkuId=7783a126-c108-4cf7-b59f-13c78c7a7337;ruleId=17fd3d63-7be4-49b1-8d16-2e0fe9fddbc2;uxDifferentiator=TIMEBASED_EVAL"}, "Binary": null}}},
{"TimeGenerated": "2026-01-19T17:57:47.592394Z", "EventID": {"#attributes": {"Qualifiers": 49152}, "#text": 8197}, "Computer": "DC01.garfield.htb", "RawEvent": {"#attributes": {"xmlns": "http://schemas.microsoft.com/win/2004/08/events/event"}, "System": {"Provider": {"#attributes": {"Name": "Microsoft-Windows-Security-SPP", "Guid": "{E23B33B0-C8C9-472C-A5F9-F2BDFEA0F156}", "EventSourceName": "Software Protection Platform Service"}}, "EventID": {"#attributes": {"Qualifiers": 49152}, "#text": 8197}, "Version": 0, "Level": 4, "Task": 0, "Opcode": 0, "Keywords": "0x80000000000000", "TimeCreated": {"#attributes": {"SystemTime": "2026-01-19T17:57:47.592394Z"}}, "EventRecordID": 1639, "Correlation": null, "Execution": {"#attributes": {"ProcessID": 0, "ThreadID": 0}}, "Channel": "Application", "Computer": "DC01.garfield.htb", "Security": null}, "EventData": {"Data": {"#text": "RuleId=17fd3d63-7be4-49b1-8d16-2e0fe9fddbc2;Action=NotifyUser;AppId=55c92734-d682-4d71-983e-d6ec3f16059f;SkuId=7783a126-c108-4cf7-b59f-13c78c7a7337;NotificationInterval=1440;Trigger=UserLogon;SessionId=2"}, "Binary": null}}},
