{"TimeGenerated": "2025-08-17T11:22:44.032133Z", "EventID": {"#attributes": {"Qualifiers": 16384}, "#text": 16384}, "Computer": "DC01.garfield.htb", "RawEvent": {"#attributes": {"xmlns": "http://schemas.microsoft.com/win/2004/08/events/event"}, "System": {"Provider": {"#attributes": {"Name": "Microsoft-Windows-Security-SPP", "Guid": "{E23B33B0-C8C9-472C-A5F9-F2BDFEA0F156}", "EventSourceName": "Software Protection Platform Service"}}, "EventID": {"#attributes": {"Qualifiers": 16384}, "#text": 16384}, "Version": 0, "Level": 4, "Task": 0, "Opcode": 0, "Keywords": "0x80000000000000", "TimeCreated": {"#attributes": {"SystemTime": "2025-08-17T11:22:44.032133Z"}}, "EventRecordID": 327, "Correlation": null, "Execution": {"#attributes": {"ProcessID": 0, "ThreadID": 0}}, "Channel": "Application", "Computer": "DC01.garfield.htb", "Security": null}, "EventData": {"Data": {"#text": ["2026-01-10T10:53:44Z", "RulesEngine"]}, "Binary": null}}},
{"TimeGenerated": "2025-08-17T12:37:38.586405Z", "EventID": {"#attributes": {"Qualifiers": 0}, "#text": 103}, "Computer": "DC01.garfield.htb", "RawEvent": {"#attributes": {"xmlns": "http://schemas.microsoft.com/win/2004/08/events/event"}, "System": {"Provider": {"#attributes": {"Name": "ESENT"}}, "EventID": {"#attributes": {"Qualifiers": 0}, "#text": 103}, "Level": 4, "Task": 1, "Keywords": "0x80000000000000", "TimeCreated": {"#attributes": {"SystemTime": "2025-08-17T12:37:38.586405Z"}}, "EventRecordID": 328, "Channel": "Application", "Computer": "DC01.garfield.htb", "Security": null}, "EventData": {"Data": {"#text": ["DFSRs", "628,T,97", "\\\\.\\C:\\System Volume Information\\DFSR\\database_A41A_4703_1A46_D1CA\\dfsr.db: ", "0", "\n[1] 0.000008 +J(0) +M(C:0K, Fs:1, WS:4K # 0K, PF:0K # 0K, P:0K)\n[2] 0.000014 +J(0)\n[3] 0.000005 +J(0)\n[4] 0.000005 +J(0)\n[5] 0.020017 -0.017639 (6) WT +J(0) +M(C:-8K, Fs:11, WS:-4K # 0K, PF:-8K # 0K, P:-8K)\n[6] 0.000004 +J(0)\n[7] 0.000003 +J(0)\n[8] 0.003500 -0.001305 (13) WT +J(CM:0, PgRf:0, Rd:0/0, Dy:0/0, Lg:2432/2) +M(C:0K, Fs:9, WS:-20K # 0K, PF:-24K # 0K, P:-24K)\n[9] 0.000346 -0.000175 (1) WT +J(CM:0, PgRf:0, Rd:0/0, Dy:0/0, Lg:66/1) +M(C:0K, Fs:1, WS:4K # 0K, PF:20K # 0K, P:20K)\n[10] 0.000027 +J(0)\n[11] 0.000554 -0.000142 (2) WT +J(0)\n[12] 0.000028 +J(0) +M(C:0K, Fs:0, WS:-4K # 0K, PF:-4K # 0K, P:-4K)\n[13] 0.000036 +J(0)\n[14] 0.000010 +J(0) +M(C:0K, Fs:0, WS:-12K # 0K, PF:-32K # 0K, P:-32K)\n[15] 0.000002 +J(0).", "0"]}, "Binary": null}}},
{"TimeGenerated": "2025-08-17T12:37:40.945224Z", "EventID": {"#attributes": {"Qualifiers": 0}, "#text": 102}, "Computer": "DC01.garfield.htb", "RawEvent": {"#attributes": {"xmlns": "http://schemas.microsoft.com/win/2004/08/events/event"}, "System": {"Provider": {"#attributes": {"Name": "ESENT"}}, "EventID": {"#attributes": {"Qualifiers": 0}, "#text": 102}, "Level": 4, "Task": 1, "Keywords": "0x80000000000000", "TimeCreated": {"#attributes": {"SystemTime": "2025-08-17T12:37:40.945224Z"}}, "EventRecordID": 329, "Channel": "Application", "Computer": "DC01.garfield.htb", "Security": null}, "EventData": {"Data": {"#text": ["DFSRs", "6352,P,98", "\\\\.\\C:\\System Volume Information\\DFSR\\database_A41A_4703_1A46_D1CA\\dfsr.db: ", "0", "10", "00", "17763", "0000"]}, "Binary": null}}},
{"TimeGenerated": "2025-08-17T12:37:40.960869Z", "EventID": {"#attributes": {"Qualifiers": 0}, "#text": 105}, "Computer": "DC01.garfield.htb", "RawEvent": {"#attributes": {"xmlns": "http://schemas.microsoft.com/win/2004/08/events/event"}, "System": {"Provider": {"#attributes": {"Name": "ESENT"}}, "EventID": {"#attributes": {"Qualifiers": 0}, "#text": 105}, "Level": 4, "Task": 1, "Keywords": "0x80000000000000", "TimeCreated": {"#attributes": {"SystemTime": "2025-08-17T12:37:40.960869Z"}}, "EventRecordID": 330, "Channel": "Application", "Computer": "DC01.garfield.htb", "Security": null}, "EventData": {"Data": {"#text": ["DFSRs", "6352,D,0", "\\\\.\\C:\\System Volume Information\\DFSR\\database_A41A_4703_1A46_D1CA\\dfsr.db: ", "0", "0", "\n[1] 0.000529 +J(0) +M(C:0K, Fs:226, WS:876K # 876K, PF:2752K # 2744K, P:2752K)\n[2] 0.000149 +J(0) +M(C:16K, Fs:99, WS:388K # 388K, PF:320K # 320K, P:320K)\n[3] 0.000008 +J(0) +M(C:0K, Fs:4, WS:16K # 16K, PF:64K # 64K, P:64K)\n[4] 0.000128 +J(0) +M(C:2032K, Fs:68, WS:260K # 260K, PF:6128K # 6128K, P:6128K)\n[5] 0.000334 +J(0) +M(C:0K, Fs:49, WS:192K # 192K, PF:32K # 32K, P:32K)\n[6] 0.000334 +J(0) +M(C:0K, Fs:9, WS:36K # 36K, PF:12K # 12K, P:12K)\n[7] -\n[8] -\n[9] -\n[10] -\n[11] -\n[12] -\n[13] 0.018301 -0.010885 (36) WT +J(CM:0, PgRf:0, Rd:0/0, Dy:0/0, Lg:616/1) +M(C:0K, Fs:1446, WS:652K # 5752K, PF:120K # 5248K, P:120K)\n[14] 0.000013 +J(0) +M(C:0K, Fs:1, WS:4K # 0K, PF:0K # 0K, P:0K)\n[15] 0.000034 +J(0) +M(C:0K, Fs:65, WS:256K # 0K, PF:68K # 0K, P:68K)\n[16] 0.002800 -0.000301 (1) WT +J(0) +M(C:0K, Fs:5, WS:12K # 0K, PF:0K # 0K, P:0K).", ""]}, "Binary": null}}},
{"TimeGenerated": "2025-08-17T12:37:40.960869Z", "EventID": {"#attributes": {"Qualifiers": 0}, "#text": 637}, "Computer": "DC01.garfield.htb", "RawEvent": {"#attributes": {"xmlns": "http://schemas.microsoft.com/win/2004/08/events/event"}, "System": {"Provider": {"#attributes": {"Name": "ESENT"}}, "EventID": {"#attributes": {"Qualifiers": 0}, "#text": 637}, "Level": 4, "Task": 1, "Keywords": "0x80000000000000", "TimeCreated": {"#attributes": {"SystemTime": "2025-08-17T12:37:40.960869Z"}}, "EventRecordID": 331, "Channel": "Application", "Computer": "DC01.garfield.htb", "Security": null}, "EventData": {"Data": {"#text": ["DFSRs", "6352,D,35", "\\\\.\\C:\\System Volume Information\\DFSR\\database_A41A_4703_1A46_D1CA\\dfsr.db: ", "\\\\.\\C:\\System Volume Information\\DFSR\\database_A41A_4703_1A46_D1CA\\dfsr.jfm"]}, "Binary": null}}},
{"TimeGenerated": "2025-08-17T12:37:40.992484Z", "EventID": {"#attributes": {"Qualifiers": 0}, "#text": 325}, "Computer": "DC01.garfield.htb", "RawEvent": {"#attributes": {"xmlns": "http://schemas.microsoft.com/win/2004/08/events/event"}, "System": {"Provider": {"#attributes": {"Name": "ESENT"}}, "EventID": {"#attributes": {"Qualifiers": 0}, "#text": 325}, "Level": 4, "Task": 1, "Keywords": "0x80000000000000", "TimeCreated": {"#attributes": {"SystemTime": "2025-08-17T12:37:40.992484Z"}}, "EventRecordID": 332, "Channel": "Application", "Computer": "DC01.garfield.htb", "Security": null}, "EventData": {"Data": {"#text": ["DFSRs", "6352,D,35", "\\\\.\\C:\\System Volume Information\\DFSR\\database_A41A_4703_1A46_D1CA\\dfsr.db: ", "1", "\\\\.\\C:\\System Volume Information\\DFSR\\database_A41A_4703_1A46_D1CA\\dfsr.db", "0", "\n[1] 0.000048 +J(0) +M(C:0K, Fs:4, WS:16K # 0K, PF:8K # 0K, P:8K)\n[2] 0.000757 -0.000300 (1) WT +J(CM:0, PgRf:0, Rd:0/0, Dy:0/0, Lg:3480/2) +M(C:0K, Fs:2, WS:8K # 0K, PF:0K # 0K, P:0K)\n[3] 0.003945 -0.000001 (1) WT +J(0) +M(C:0K, Fs:33, WS:124K # 0K, PF:288K # 0K, P:288K)\n[4] 0.000110 +J(0)\n[5] 0.000090 +J(CM:0, PgRf:3, Rd:0/0, Dy:3/6, Lg:122/4) +M(C:0K, Fs:32, WS:128K # 0K, PF:148K # 0K, P:148K)\n[6] 0.000846 -0.000166 (1) WT +J(CM:0, PgRf:209, Rd:0/0, Dy:12/408, Lg:24454/447) +M(C:0K, Fs:65, WS:260K # 0K, PF:220K # 0K, P:220K)\n[7] 0.000428 -0.000115 (1) WT +J(CM:0, PgRf:0, Rd:0/0, Dy:0/0, Lg:4096/2) +M(C:0K, Fs:1, WS:4K # 0K, PF:0K # 0K, P:0K)\n[8] 0.000007 +J(0)\n[9] 0.014934 -0.014251 (3) WT +J(0) +M(C:-52K, Fs:13, WS:-20K # 0K, PF:32K # 0K, P:32K)\n[10] 0.001597 -0.000420 (5) WT +J(CM:0, PgRf:346, Rd:0/0, Dy:7/93, Lg:12509/128) +M(C:12K, Fs:29, WS:108K # 0K, PF:96K # 0K, P:96K)\n[11] 0.000001 +J(0).", "0 0", "lgposCreate = 00000001:0001:0268"]}, "Binary": null}}},
{"TimeGenerated": "2025-08-17T13:50:14.900694Z", "EventID": {"#attributes": {"Qualifiers": 49152}, "#text": 16394}, "Computer": "DC01.garfield.htb", "RawEvent": {"#attributes": {"xmlns": "http://schemas.microsoft.com/win/2004/08/events/event"}, "System": {"Provider": {"#attributes": {"Name": "Microsoft-Windows-Security-SPP", "Guid": "{E23B33B0-C8C9-472C-A5F9-F2BDFEA0F156}", "EventSourceName": "Software Protection Platform Service"}}, "EventID": {"#attributes": {"Qualifiers": 49152}, "#text": 16394}, "Version": 0, "Level": 4, "Task": 0, "Opcode": 0, "Keywords": "0x80000000000000", "TimeCreated": {"#attributes": {"SystemTime": "2025-08-17T13:50:14.900694Z"}}, "EventRecordID": 333, "Correlation": null, "Execution": {"#attributes": {"ProcessID": 0, "ThreadID": 0}}, "Channel": "Application", "Computer": "DC01.garfield.htb", "Security": null}, "EventData": {"Data": {"#text": ""}, "Binary": null}}},
{"TimeGenerated": "2025-08-17T13:50:15.344344Z", "EventID": {"#attributes": {"Qualifiers": 0}, "#text": 103}, "Computer": "DC01.garfield.htb", "RawEvent": {"#attributes": {"xmlns": "http://schemas.microsoft.com/win/2004/08/events/event"}, "System": {"Provider": {"#attributes": {"Name": "ESENT"}}, "EventID": {"#attributes": {"Qualifiers": 0}, "#text": 103}, "Level": 4, "Task": 1, "Keywords": "0x80000000000000", "TimeCreated": {"#attributes": {"SystemTime": "2025-08-17T13:50:15.344344Z"}}, "EventRecordID": 334, "Channel": "Application", "Computer": "DC01.garfield.htb", "Security": null}, "EventData": {"Data": {"#text": ["DFSRs", "6352,T,97", "\\\\.\\C:\\System Volume Information\\DFSR\\database_A41A_4703_1A46_D1CA\\dfsr.db: ", "0", "\n[1] 0.000006 +J(0)\n[2] 0.000012 +J(0)\n[3] 0.000001 +J(0)\n[4] 0.000006 +J(0)\n[5] 0.017541 -0.015270 (8) WT +J(0) +M(C:-96K, Fs:13, WS:-88K # 0K, PF:-96K # 0K, P:-96K)\n[6] 0.000007 +J(0)\n[7] 0.000004 +J(0)\n[8] 0.007748 -0.001825 (12) WT +J(CM:0, PgRf:0, Rd:0/0, Dy:0/0, Lg:1464/2) +M(C:0K, Fs:7, WS:-28K # 0K, PF:-28K # 0K, P:-28K)\n[9] 0.000316 -0.000172 (1) WT +J(CM:0, PgRf:0, Rd:0/0, Dy:0/0, Lg:66/1) +M(C:0K, Fs:1, WS:4K # 0K, PF:0K # 0K, P:0K)\n[10] 0.000023 +J(0)\n[11] 0.000575 -0.000140 (2) WT +J(0)\n[12] 0.000023 +J(0) +M(C:0K, Fs:0, WS:-4K # 0K, PF:-4K # 0K, P:-4K)\n[13] 0.000151 +J(0)\n[14] 0.000036 +J(0) +M(C:0K, Fs:0, WS:-32K # 0K, PF:-32K # 0K, P:-32K)\n[15] 0.000004 +J(0).", "0"]}, "Binary": null}}},
{"TimeGenerated": "2025-08-17T13:50:17.829713Z", "EventID": {"#attributes": {"Qualifiers": 0}, "#text": 102}, "Computer": "DC01.garfield.htb", "RawEvent": {"#attributes": {"xmlns": "http://schemas.microsoft.com/win/2004/08/events/event"}, "System": {"Provider": {"#attributes": {"Name": "ESENT"}}, "EventID": {"#attributes": {"Qualifiers": 0}, "#text": 102}, "Level": 4, "Task": 1, "Keywords": "0x80000000000000", "TimeCreated": {"#attributes": {"SystemTime": "2025-08-17T13:50:17.829713Z"}}, "EventRecordID": 335, "Channel": "Application", "Computer": "DC01.garfield.htb", "Security": null}, "EventData": {"Data": {"#text": ["DFSRs", "6676,P,98", "\\\\.\\C:\\System Volume Information\\DFSR\\database_A41A_4703_1A46_D1CA\\dfsr.db: ", "0", "10", "00", "17763", "0000"]}, "Binary": null}}},
{"TimeGenerated": "2025-08-17T13:50:17.860288Z", "EventID": {"#attributes": {"Qualifiers": 0}, "#text": 105}, "Computer": "DC01.garfield.htb", "RawEvent": {"#attributes": {"xmlns": "http://schemas.microsoft.com/win/2004/08/events/event"}, "System": {"Provider": {"#attributes": {"Name": "ESENT"}}, "EventID": {"#attributes": {"Qualifiers": 0}, "#text": 105}, "Level": 4, "Task": 1, "Keywords": "0x80000000000000", "TimeCreated": {"#attributes": {"SystemTime": "2025-08-17T13:50:17.860288Z"}}, "EventRecordID": 336, "Channel": "Application", "Computer": "DC01.garfield.htb", "Security": null}, "EventData": {"Data": {"#text": ["DFSRs", "6676,D,0", "\\\\.\\C:\\System Volume Information\\DFSR\\database_A41A_4703_1A46_D1CA\\dfsr.db: ", "0", "0", "\n[1] 0.000669 +J(0) +M(C:0K, Fs:278, WS:1080K # 1080K, PF:6432K # 6404K, P:6432K)\n[2] 0.000132 +J(0) +M(C:16K, Fs:99, WS:388K # 388K, PF:336K # 336K, P:336K)\n[3] 0.000007 +J(0) +M(C:0K, Fs:4, WS:16K # 16K, PF:64K # 64K, P:64K)\n[4] 0.000081 +J(0) +M(C:2032K, Fs:38, WS:144K # 144K, PF:2432K # 2432K, P:2432K)\n[5] 0.000338 +J(0) +M(C:0K, Fs:7, WS:28K # 28K, PF:24K # 24K, P:24K)\n[6] 0.000322 +J(0) +M(C:0K, Fs:7, WS:28K # 28K, PF:12K # 12K, P:12K)\n[7] -\n[8] -\n[9] -\n[10] -\n[11] -\n[12] -\n[13] 0.023563 -0.016756 (36) WT +J(CM:0, PgRf:0, Rd:0/0, Dy:0/0, Lg:616/1) +M(C:0K, Fs:1464, WS:636K # 5736K, PF:104K # 5228K, P:104K)\n[14] 0.000011 +J(0) +M(C:0K, Fs:1, WS:4K # 0K, PF:0K # 0K, P:0K)\n[15] 0.000049 +J(0) +M(C:0K, Fs:64, WS:256K # 0K, PF:64K # 0K, P:64K)\n[16] 0.003068 -0.000144 (1) WT +J(0) +M(C:0K, Fs:5, WS:12K # 0K, PF:0K # 0K, P:0K).", ""]}, "Binary": null}}},
{"TimeGenerated": "2025-08-17T13:50:17.860288Z", "EventID": {"#attributes": {"Qualifiers": 0}, "#text": 637}, "Computer": "DC01.garfield.htb", "RawEvent": {"#attributes": {"xmlns": "http://schemas.microsoft.com/win/2004/08/events/event"}, "System": {"Provider": {"#attributes": {"Name": "ESENT"}}, "EventID": {"#attributes": {"Qualifiers": 0}, "#text": 637}, "Level": 4, "Task": 1, "Keywords": "0x80000000000000", "TimeCreated": {"#attributes": {"SystemTime": "2025-08-17T13:50:17.860288Z"}}, "EventRecordID": 337, "Channel": "Application", "Computer": "DC01.garfield.htb", "Security": null}, "EventData": {"Data": {"#text": ["DFSRs", "6676,D,35", "\\\\.\\C:\\System Volume Information\\DFSR\\database_A41A_4703_1A46_D1CA\\dfsr.db: ", "\\\\.\\C:\\System Volume Information\\DFSR\\database_A41A_4703_1A46_D1CA\\dfsr.jfm"]}, "Binary": null}}},
{"TimeGenerated": "2025-08-17T13:50:17.904920Z", "EventID": {"#attributes": {"Qualifiers": 0}, "#text": 325}, "Computer": "DC01.garfield.htb", "RawEvent": {"#attributes": {"xmlns": "http://schemas.microsoft.com/win/2004/08/events/event"}, "System": {"Provider": {"#attributes": {"Name": "ESENT"}}, "EventID": {"#attributes": {"Qualifiers": 0}, "#text": 325}, "Level": 4, "Task": 1, "Keywords": "0x80000000000000", "TimeCreated": {"#attributes": {"SystemTime": "2025-08-17T13:50:17.904920Z"}}, "EventRecordID": 338, "Channel": "Application", "Computer": "DC01.garfield.htb", "Security": null}, "EventData": {"Data": {"#text": ["DFSRs", "6676,D,35", "\\\\.\\C:\\System Volume Information\\DFSR\\database_A41A_4703_1A46_D1CA\\dfsr.db: ", "1", "\\\\.\\C:\\System Volume Information\\DFSR\\database_A41A_4703_1A46_D1CA\\dfsr.db", "0", "\n[1] 0.000039 +J(0) +M(C:0K, Fs:3, WS:12K # 0K, PF:8K # 0K, P:8K)\n[2] 0.000685 -0.000060 (1) WT +J(CM:0, PgRf:0, Rd:0/0, Dy:0/0, Lg:3480/2) +M(C:0K, Fs:2, WS:8K # 0K, PF:0K # 0K, P:0K)\n[3] 0.003939 -0.000002 (1) WT +J(0) +M(C:0K, Fs:13, WS:44K # 0K, PF:20K # 0K, P:20K)\n[4] 0.000127 +J(0)\n[5] 0.000063 +J(CM:0, PgRf:3, Rd:0/0, Dy:3/6, Lg:122/4) +M(C:0K, Fs:32, WS:128K # 0K, PF:148K # 0K, P:148K)\n[6] 0.000629 -0.000078 (1) WT +J(CM:0, PgRf:209, Rd:0/0, Dy:12/408, Lg:24454/447) +M(C:0K, Fs:64, WS:256K # 0K, PF:220K # 0K, P:220K)\n[7] 0.000194 -0.000062 (1) WT +J(CM:0, PgRf:0, Rd:0/0, Dy:0/0, Lg:4096/2) +M(C:0K, Fs:1, WS:4K # 0K, PF:0K # 0K, P:0K)\n[8] 0.000001 +J(0)\n[9] 0.027367 -0.026932 (3) WT +J(0) +M(C:-52K, Fs:25, WS:24K # 0K, PF:80K # 0K, P:80K)\n[10] 0.001178 -0.000273 (5) WT +J(CM:0, PgRf:346, Rd:0/0, Dy:7/93, Lg:12509/128) +M(C:12K, Fs:29, WS:108K # 0K, PF:96K # 0K, P:96K)\n[11] 0.000001 +J(0).", "0 0", "lgposCreate = 00000001:0001:0268"]}, "Binary": null}}},
{"TimeGenerated": "2025-08-17T13:50:45.439082Z", "EventID": {"#attributes": {"Qualifiers": 16384}, "#text": 16384}, "Computer": "DC01.garfield.htb", "RawEvent": {"#attributes": {"xmlns": "http://schemas.microsoft.com/win/2004/08/events/event"}, "System": {"Provider": {"#attributes": {"Name": "Microsoft-Windows-Security-SPP", "Guid": "{E23B33B0-C8C9-472C-A5F9-F2BDFEA0F156}", "EventSourceName": "Software Protection Platform Service"}}, "EventID": {"#attributes": {"Qualifiers": 16384}, "#text": 16384}, "Version": 0, "Level": 4, "Task": 0, "Opcode": 0, "Keywords": "0x80000000000000", "TimeCreated": {"#attributes": {"SystemTime": "2025-08-17T13:50:45.439082Z"}}, "EventRecordID": 339, "Correlation": null, "Execution": {"#attributes": {"ProcessID": 0, "ThreadID": 0}}, "Channel": "Application", "Computer": "DC01.garfield.htb", "Security": null}, "EventData": {"Data": {"#text": ["2026-01-10T10:53:45Z", "RulesEngine"]}, "Binary": null}}},
{"TimeGenerated": "2025-08-17T13:54:28.442504Z", "EventID": {"#attributes": {"Qualifiers": 0}, "#text": 8224}, "Computer": "DC01.garfield.htb", "RawEvent": {"#attributes": {"xmlns": "http://schemas.microsoft.com/win/2004/08/events/event"}, "System": {"Provider": {"#attributes": {"Name": "VSS"}}, "EventID": {"#attributes": {"Qualifiers": 0}, "#text": 8224}, "Level": 4, "Task": 0, "Keywords": "0x80000000000000", "TimeCreated": {"#attributes": {"SystemTime": "2025-08-17T13:54:28.442504Z"}}, "EventRecordID": 340, "Channel": "Application", "Computer": "DC01.garfield.htb", "Security": null}, "EventData": {"Data": {"#text": ""}, "Binary": "2D20436F64653A2020434F525356434330303030303737332D2043616C6C3A2020434F525356434330303030303735352D205049443A202030303030323631322D205449443A202030303030343738342D20434D443A2020433A5C57696E646F77735C73797374656D33325C76737376632E6578652020202D20557365723A204E616D653A204E5420415554484F524954595C53595354454D2C205349443A532D312D352D313820"}}},
{"TimeGenerated": "2025-08-17T13:55:32.376254Z", "EventID": {"#attributes": {"Qualifiers": 49152}, "#text": 16394}, "Computer": "DC01.garfield.htb", "RawEvent": {"#attributes": {"xmlns": "http://schemas.microsoft.com/win/2004/08/events/event"}, "System": {"Provider": {"#attributes": {"Name": "Microsoft-Windows-Security-SPP", "Guid": "{E23B33B0-C8C9-472C-A5F9-F2BDFEA0F156}", "EventSourceName": "Software Protection Platform Service"}}, "EventID": {"#attributes": {"Qualifiers": 49152}, "#text": 16394}, "Version": 0, "Level": 4, "Task": 0, "Opcode": 0, "Keywords": "0x80000000000000", "TimeCreated": {"#attributes": {"SystemTime": "2025-08-17T13:55:32.376254Z"}}, "EventRecordID": 341, "Correlation": null, "Execution": {"#attributes": {"ProcessID": 0, "ThreadID": 0}}, "Channel": "Application", "Computer": "DC01.garfield.htb", "Security": null}, "EventData": {"Data": {"#text": ""}, "Binary": null}}},
{"TimeGenerated": "2025-08-17T13:56:02.652093Z", "EventID": {"#attributes": {"Qualifiers": 16384}, "#text": 16384}, "Computer": "DC01.garfield.htb", "RawEvent": {"#attributes": {"xmlns": "http://schemas.microsoft.com/win/2004/08/events/event"}, "System": {"Provider": {"#attributes": {"Name": "Microsoft-Windows-Security-SPP", "Guid": "{E23B33B0-C8C9-472C-A5F9-F2BDFEA0F156}", "EventSourceName": "Software Protection Platform Service"}}, "EventID": {"#attributes": {"Qualifiers": 16384}, "#text": 16384}, "Version": 0, "Level": 4, "Task": 0, "Opcode": 0, "Keywords": "0x80000000000000", "TimeCreated": {"#attributes": {"SystemTime": "2025-08-17T13:56:02.652093Z"}}, "EventRecordID": 342, "Correlation": null, "Execution": {"#attributes": {"ProcessID": 0, "ThreadID": 0}}, "Channel": "Application", "Computer": "DC01.garfield.htb", "Security": null}, "EventData": {"Data": {"#text": ["2026-01-10T10:54:02Z", "RulesEngine"]}, "Binary": null}}},
{"TimeGenerated": "2025-08-17T14:05:07.757579Z", "EventID": {"#attributes": {"Qualifiers": 32768}, "#text": 6000}, "Computer": "DC01.garfield.htb", "RawEvent": {"#attributes": {"xmlns": "http://schemas.microsoft.com/win/2004/08/events/event"}, "System": {"Provider": {"#attributes": {"Name": "Microsoft-Windows-Winlogon", "Guid": "{DBE9B383-7CF3-4331-91CC-A3CB16A3B538}", "EventSourceName": "Wlclntfy"}}, "EventID": {"#attributes": {"Qualifiers": 32768}, "#text": 6000}, "Version": 0, "Level": 4, "Task": 0, "Opcode": 0, "Keywords": "0x80000000000000", "TimeCreated": {"#attributes": {"SystemTime": "2025-08-17T14:05:07.757579Z"}}, "EventRecordID": 343, "Correlation": null, "Execution": {"#attributes": {"ProcessID": 0, "ThreadID": 0}}, "Channel": "Application", "Computer": "DC01.garfield.htb", "Security": null}, "EventData": {"Data": {"#text": "WSearch"}, "Binary": "D9060000"}}},
{"TimeGenerated": "2025-08-17T14:05:07.788870Z", "EventID": {"#attributes": {"Qualifiers": 32768}, "#text": 6000}, "Computer": "DC01.garfield.htb", "RawEvent": {"#attributes": {"xmlns": "http://schemas.microsoft.com/win/2004/08/events/event"}, "System": {"Provider": {"#attributes": {"Name": "Microsoft-Windows-Winlogon", "Guid": "{DBE9B383-7CF3-4331-91CC-A3CB16A3B538}", "EventSourceName": "Wlclntfy"}}, "EventID": {"#attributes": {"Qualifiers": 32768}, "#text": 6000}, "Version": 0, "Level": 4, "Task": 0, "Opcode": 0, "Keywords": "0x80000000000000", "TimeCreated": {"#attributes": {"SystemTime": "2025-08-17T14:05:07.788870Z"}}, "EventRecordID": 344, "Correlation": null, "Execution": {"#attributes": {"ProcessID": 0, "ThreadID": 0}}, "Channel": "Application", "Computer": "DC01.garfield.htb", "Security": null}, "EventData": {"Data": {"#text": "SessionEnv"}, "Binary": "D9060000"}}},
{"TimeGenerated": "2025-08-17T14:05:09.824845Z", "EventID": {"#attributes": {"Qualifiers": 0}, "#text": 260}, "Computer": "DC01.garfield.htb", "RawEvent": {"#attributes": {"xmlns": "http://schemas.microsoft.com/win/2004/08/events/event"}, "System": {"Provider": {"#attributes": {"Name": "VMUpgradeHelper"}}, "EventID": {"#attributes": {"Qualifiers": 0}, "#text": 260}, "Level": 4, "Task": 0, "Keywords": "0x80000000000000", "TimeCreated": {"#attributes": {"SystemTime": "2025-08-17T14:05:09.824845Z"}}, "EventRecordID": 345, "Channel": "Application", "Computer": "DC01.garfield.htb", "Security": null}, "EventData": {"Data": {"#text": ""}, "Binary": null}}},
{"TimeGenerated": "2025-08-17T14:05:09.824845Z", "EventID": {"#attributes": {"Qualifiers": 0}, "#text": 272}, "Computer": "DC01.garfield.htb", "RawEvent": {"#attributes": {"xmlns": "http://schemas.microsoft.com/win/2004/08/events/event"}, "System": {"Provider": {"#attributes": {"Name": "VMUpgradeHelper"}}, "EventID": {"#attributes": {"Qualifiers": 0}, "#text": 272}, "Level": 4, "Task": 0, "Keywords": "0x80000000000000", "TimeCreated": {"#attributes": {"SystemTime": "2025-08-17T14:05:09.824845Z"}}, "EventRecordID": 346, "Channel": "Application", "Computer": "DC01.garfield.htb", "Security": null}, "EventData": {"Data": {"#text": ""}, "Binary": null}}},
{"TimeGenerated": "2025-08-17T14:05:09.824845Z", "EventID": {"#attributes": {"Qualifiers": 0}, "#text": 108}, "Computer": "DC01.garfield.htb", "RawEvent": {"#attributes": {"xmlns": "http://schemas.microsoft.com/win/2004/08/events/event"}, "System": {"Provider": {"#attributes": {"Name": "VMTools"}}, "EventID": {"#attributes": {"Qualifiers": 0}, "#text": 108}, "Level": 4, "Task": 0, "Keywords": "0x80000000000000", "TimeCreated": {"#attributes": {"SystemTime": "2025-08-17T14:05:09.824845Z"}}, "EventRecordID": 347, "Channel": "Application", "Computer": "DC01.garfield.htb", "Security": null}, "EventData": {"Data": {"#text": ""}, "Binary": null}}},
{"TimeGenerated": "2025-08-17T14:05:10.071957Z", "EventID": {"#attributes": {"Qualifiers": 16384}, "#text": 4111}, "Computer": "DC01.garfield.htb", "RawEvent": {"#attributes": {"xmlns": "http://schemas.microsoft.com/win/2004/08/events/event"}, "System": {"Provider": {"#attributes": {"Name": "Microsoft-Windows-MSDTC", "Guid": "{719BE4ED-E9BC-4DD8-A7CF-C85CE8E4975D}", "EventSourceName": "MSDTC"}}, "EventID": {"#attributes": {"Qualifiers": 16384}, "#text": 4111}, "Version": 0, "Level": 4, "Task": 1, "Opcode": 0, "Keywords": "0x80000000000000", "TimeCreated": {"#attributes": {"SystemTime": "2025-08-17T14:05:10.071957Z"}}, "EventRecordID": 348, "Correlation": null, "Execution": {"#attributes": {"ProcessID": 0, "ThreadID": 0}}, "Channel": "Application", "Computer": "DC01.garfield.htb", "Security": null}, "EventData": {"Binary": "4D005300440054004300"}}},
{"TimeGenerated": "2025-08-17T14:05:10.105076Z", "EventID": 1532, "Computer": "DC01.garfield.htb", "RawEvent": {"#attributes": {"xmlns": "http://schemas.microsoft.com/win/2004/08/events/event"}, "System": {"Provider": {"#attributes": {"Name": "Microsoft-Windows-User Profiles Service", "Guid": "89B1E9F0-5AFF-44A6-9B44-0A07A7CE5845"}}, "EventID": 1532, "Version": 0, "Level": 4, "Task": 0, "Opcode": 0, "Keywords": "0x8000000000000000", "TimeCreated": {"#attributes": {"SystemTime": "2025-08-17T14:05:10.105076Z"}}, "EventRecordID": 349, "Correlation": null, "Execution": {"#attributes": {"ProcessID": 1712, "ThreadID": 1788}}, "Channel": "Application", "Computer": "DC01.garfield.htb", "Security": {"#attributes": {"UserID": "S-1-5-18"}}}, "EventData": null}},
{"TimeGenerated": "2025-08-17T14:05:31.303357Z", "EventID": {"#attributes": {"Qualifiers": 16384}, "#text": 4625}, "Computer": "DC01", "RawEvent": {"#attributes": {"xmlns": "http://schemas.microsoft.com/win/2004/08/events/event"}, "System": {"Provider": {"#attributes": {"Name": "Microsoft-Windows-EventSystem", "Guid": "{899daace-4868-4295-afcd-9eb8fb497561}", "EventSourceName": "EventSystem"}}, "EventID": {"#attributes": {"Qualifiers": 16384}, "#text": 4625}, "Version": 0, "Level": 4, "Task": 0, "Opcode": 0, "Keywords": "0x80000000000000", "TimeCreated": {"#attributes": {"SystemTime": "2025-08-17T14:05:31.303357Z"}}, "EventRecordID": 350, "Correlation": null, "Execution": {"#attributes": {"ProcessID": 0, "ThreadID": 0}}, "Channel": "Application", "Computer": "DC01", "Security": null}, "EventData": {"param1": "86400", "param2": "SuppressDuplicateDuration", "param3": "Software\\Microsoft\\EventSystem\\EventLog"}}},
{"TimeGenerated": "2025-08-17T14:05:31.308356Z", "EventID": 1531, "Computer": "DC01.garfield.htb", "RawEvent": {"#attributes": {"xmlns": "http://schemas.microsoft.com/win/2004/08/events/event"}, "System": {"Provider": {"#attributes": {"Name": "Microsoft-Windows-User Profiles Service", "Guid": "89B1E9F0-5AFF-44A6-9B44-0A07A7CE5845"}}, "EventID": 1531, "Version": 0, "Level": 4, "Task": 0, "Opcode": 0, "Keywords": "0x8000000000000000", "TimeCreated": {"#attributes": {"SystemTime": "2025-08-17T14:05:31.308356Z"}}, "EventRecordID": 351, "Correlation": null, "Execution": {"#attributes": {"ProcessID": 1680, "ThreadID": 1764}}, "Channel": "Application", "Computer": "DC01.garfield.htb", "Security": {"#attributes": {"UserID": "S-1-5-18"}}}, "EventData": null}},
{"TimeGenerated": "2025-08-17T14:05:31.478459Z", "EventID": 5615, "Computer": "DC01.garfield.htb", "RawEvent": {"#attributes": {"xmlns": "http://schemas.microsoft.com/win/2004/08/events/event"}, "System": {"Provider": {"#attributes": {"Name": "Microsoft-Windows-WMI", "Guid": "1EDEEE53-0AFE-4609-B846-D8C0B2075B1F"}}, "EventID": 5615, "Version": 2, "Level": 4, "Task": 0, "Opcode": 0, "Keywords": "0x8000000000000000", "TimeCreated": {"#attributes": {"SystemTime": "2025-08-17T14:05:31.478459Z"}}, "EventRecordID": 352, "Correlation": null, "Execution": {"#attributes": {"ProcessID": 2180, "ThreadID": 2288}}, "Channel": "Application", "Computer": "DC01.garfield.htb", "Security": {"#attributes": {"UserID": "S-1-5-18"}}}, "EventData": null}},
{"TimeGenerated": "2025-08-17T14:05:31.621147Z", "EventID": 5617, "Computer": "DC01.garfield.htb", "RawEvent": {"#attributes": {"xmlns": "http://schemas.microsoft.com/win/2004/08/events/event"}, "System": {"Provider": {"#attributes": {"Name": "Microsoft-Windows-WMI", "Guid": "1EDEEE53-0AFE-4609-B846-D8C0B2075B1F"}}, "EventID": 5617, "Version": 2, "Level": 4, "Task": 0, "Opcode": 0, "Keywords": "0x8000000000000000", "TimeCreated": {"#attributes": {"SystemTime": "2025-08-17T14:05:31.621147Z"}}, "EventRecordID": 353, "Correlation": null, "Execution": {"#attributes": {"ProcessID": 2180, "ThreadID": 2348}}, "Channel": "Application", "Computer": "DC01.garfield.htb", "Security": {"#attributes": {"UserID": "S-1-5-18"}}}, "EventData": null}},
{"TimeGenerated": "2025-08-17T14:05:58.589640Z", "EventID": {"#attributes": {"Qualifiers": 0}, "#text": 105}, "Computer": "DC01.garfield.htb", "RawEvent": {"#attributes": {"xmlns": "http://schemas.microsoft.com/win/2004/08/events/event"}, "System": {"Provider": {"#attributes": {"Name": "VMTools"}}, "EventID": {"#attributes": {"Qualifiers": 0}, "#text": 105}, "Level": 4, "Task": 0, "Keywords": "0x80000000000000", "TimeCreated": {"#attributes": {"SystemTime": "2025-08-17T14:05:58.589640Z"}}, "EventRecordID": 354, "Channel": "Application", "Computer": "DC01.garfield.htb", "Security": null}, "EventData": {"Data": {"#text": ""}, "Binary": null}}},
{"TimeGenerated": "2025-08-17T14:05:58.698981Z", "EventID": {"#attributes": {"Qualifiers": 16384}, "#text": 900}, "Computer": "DC01.garfield.htb", "RawEvent": {"#attributes": {"xmlns": "http://schemas.microsoft.com/win/2004/08/events/event"}, "System": {"Provider": {"#attributes": {"Name": "Microsoft-Windows-Security-SPP", "Guid": "{E23B33B0-C8C9-472C-A5F9-F2BDFEA0F156}", "EventSourceName": "Software Protection Platform Service"}}, "EventID": {"#attributes": {"Qualifiers": 16384}, "#text": 900}, "Version": 0, "Level": 4, "Task": 0, "Opcode": 0, "Keywords": "0x80000000000000", "TimeCreated": {"#attributes": {"SystemTime": "2025-08-17T14:05:58.698981Z"}}, "EventRecordID": 355, "Correlation": null, "Execution": {"#attributes": {"ProcessID": 0, "ThreadID": 0}}, "Channel": "Application", "Computer": "DC01.garfield.htb", "Security": null}, "EventData": {"Data": {"#text": "TriggerStarted:6"}, "Binary": null}}},
{"TimeGenerated": "2025-08-17T14:05:58.855347Z", "EventID": {"#attributes": {"Qualifiers": 49152}, "#text": 16394}, "Computer": "DC01.garfield.htb", "RawEvent": {"#attributes": {"xmlns": "http://schemas.microsoft.com/win/2004/08/events/event"}, "System": {"Provider": {"#attributes": {"Name": "Microsoft-Windows-Security-SPP", "Guid": "{E23B33B0-C8C9-472C-A5F9-F2BDFEA0F156}", "EventSourceName": "Software Protection Platform Service"}}, "EventID": {"#attributes": {"Qualifiers": 49152}, "#text": 16394}, "Version": 0, "Level": 4, "Task": 0, "Opcode": 0, "Keywords": "0x80000000000000", "TimeCreated": {"#attributes": {"SystemTime": "2025-08-17T14:05:58.855347Z"}}, "EventRecordID": 356, "Correlation": null, "Execution": {"#attributes": {"ProcessID": 0, "ThreadID": 0}}, "Channel": "Application", "Computer": "DC01.garfield.htb", "Security": null}, "EventData": {"Data": {"#text": ""}, "Binary": null}}},
{"TimeGenerated": "2025-08-17T14:05:58.886520Z", "EventID": {"#attributes": {"Qualifiers": 16384}, "#text": 9027}, "Computer": "DC01.garfield.htb", "RawEvent": {"#attributes": {"xmlns": "http://schemas.microsoft.com/win/2004/08/events/event"}, "System": {"Provider": {"#attributes": {"Name": "Desktop Window Manager"}}, "EventID": {"#attributes": {"Qualifiers": 16384}, "#text": 9027}, "Level": 4, "Task": 0, "Keywords": "0x80000000000000", "TimeCreated": {"#attributes": {"SystemTime": "2025-08-17T14:05:58.886520Z"}}, "EventRecordID": 357, "Channel": "Application", "Computer": "DC01.garfield.htb", "Security": null}, "EventData": {"Data": {"#text": ""}, "Binary": null}}},
{"TimeGenerated": "2025-08-17T14:05:58.902109Z", "EventID": {"#attributes": {"Qualifiers": 16384}, "#text": 1066}, "Computer": "DC01.garfield.htb", "RawEvent": {"#attributes": {"xmlns": "http://schemas.microsoft.com/win/2004/08/events/event"}, "System": {"Provider": {"#attributes": {"Name": "Microsoft-Windows-Security-SPP", "Guid": "{E23B33B0-C8C9-472C-A5F9-F2BDFEA0F156}", "EventSourceName": "Software Protection Platform Service"}}, "EventID": {"#attributes": {"Qualifiers": 16384}, "#text": 1066}, "Version": 0, "Level": 4, "Task": 0, "Opcode": 0, "Keywords": "0x80000000000000", "TimeCreated": {"#attributes": {"SystemTime": "2025-08-17T14:05:58.902109Z"}}, "EventRecordID": 358, "Correlation": null, "Execution": {"#attributes": {"ProcessID": 0, "ThreadID": 0}}, "Channel": "Application", "Computer": "DC01.garfield.htb", "Security": null}, "EventData": {"Data": {"#text": "C:\\Windows\\system32\\sppwinob.dll, msft:spp/windowsfunctionality/agent/7.0, 0x00000000, 0x00000000\nC:\\Windows\\system32\\sppobjs.dll, msft:rm/algorithm/inherited/1.0, 0x00000000, 0x00000000\nC:\\Windows\\system32\\sppobjs.dll, msft:rm/algorithm/phone/1.0, 0x00000000, 0x00000000\nC:\\Windows\\system32\\sppobjs.dll, msft:rm/algorithm/pkey/detect, 0x00000000, 0x00000000\nC:\\Windows\\system32\\sppobjs.dll, msft:spp/ActionScheduler/1.0, 0x00000000, 0x00000000\nC:\\Windows\\system32\\sppobjs.dll, msft:spp/TaskScheduler/1.0, 0x00000000, 0x00000000\nC:\\Windows\\system32\\sppobjs.dll, msft:spp/statecollector/pkey, 0x00000000, 0x00000000\nC:\\Windows\\system32\\sppobjs.dll, msft:spp/volume/services/kms/1.0, 0x00000000, 0x00000000\nC:\\Windows\\system32\\sppobjs.dll, msft:spp/volume/services/kms/activationinfo/1.0, 0x00000000, 0x00000000\n"}, "Binary": null}}},
{"TimeGenerated": "2025-08-17T14:05:58.996057Z", "EventID": {"#attributes": {"Qualifiers": 0}, "#text": 258}, "Computer": "DC01.garfield.htb", "RawEvent": {"#attributes": {"xmlns": "http://schemas.microsoft.com/win/2004/08/events/event"}, "System": {"Provider": {"#attributes": {"Name": "VMUpgradeHelper"}}, "EventID": {"#attributes": {"Qualifiers": 0}, "#text": 258}, "Level": 4, "Task": 0, "Keywords": "0x80000000000000", "TimeCreated": {"#attributes": {"SystemTime": "2025-08-17T14:05:58.996057Z"}}, "EventRecordID": 359, "Channel": "Application", "Computer": "DC01.garfield.htb", "Security": null}, "EventData": {"Data": {"#text": ""}, "Binary": null}}},
{"TimeGenerated": "2025-08-17T14:05:59.027160Z", "EventID": {"#attributes": {"Qualifiers": 16384}, "#text": 781}, "Computer": "DC01.garfield.htb", "RawEvent": {"#attributes": {"xmlns": "http://schemas.microsoft.com/win/2004/08/events/event"}, "System": {"Provider": {"#attributes": {"Name": "Microsoft-Windows-Complus", "Guid": "{0f177893-4a9c-4709-b921-f432d67f43d5}", "EventSourceName": "COM+"}}, "EventID": {"#attributes": {"Qualifiers": 16384}, "#text": 781}, "Version": 0, "Level": 4, "Task": 0, "Opcode": 0, "Keywords": "0x80000000000000", "TimeCreated": {"#attributes": {"SystemTime": "2025-08-17T14:05:59.027160Z"}}, "EventRecordID": 360, "Correlation": null, "Execution": {"#attributes": {"ProcessID": 0, "ThreadID": 0}}, "Channel": "Application", "Computer": "DC01.garfield.htb", "Security": null}, "EventData": {"param1": "86400", "param2": "SuppressDuplicateDuration", "param3": "Software\\Microsoft\\COM3\\Eventlog"}}},
{"TimeGenerated": "2025-08-17T14:05:59.105227Z", "EventID": {"#attributes": {"Qualifiers": 16384}, "#text": 1034}, "Computer": "DC01.garfield.htb", "RawEvent": {"#attributes": {"xmlns": "http://schemas.microsoft.com/win/2004/08/events/event"}, "System": {"Provider": {"#attributes": {"Name": "Microsoft-Windows-Security-SPP", "Guid": "{E23B33B0-C8C9-472C-A5F9-F2BDFEA0F156}", "EventSourceName": "Software Protection Platform Service"}}, "EventID": {"#attributes": {"Qualifiers": 16384}, "#text": 1034}, "Version": 0, "Level": 4, "Task": 0, "Opcode": 0, "Keywords": "0x80000000000000", "TimeCreated": {"#attributes": {"SystemTime": "2025-08-17T14:05:59.105227Z"}}, "EventRecordID": 361, "Correlation": null, "Execution": {"#attributes": {"ProcessID": 0, "ThreadID": 0}}, "Channel": "Application", "Computer": "DC01.garfield.htb", "Security": null}, "EventData": {"Data": {"#text": ["Security-SPP-Reserved-LicenseProperties", "100"]}, "Binary": null}}},
{"TimeGenerated": "2025-08-17T14:05:59.105227Z", "EventID": {"#attributes": {"Qualifiers": 16384}, "#text": 1033}, "Computer": "DC01.garfield.htb", "RawEvent": {"#attributes": {"xmlns": "http://schemas.microsoft.com/win/2004/08/events/event"}, "System": {"Provider": {"#attributes": {"Name": "Microsoft-Windows-Security-SPP", "Guid": "{E23B33B0-C8C9-472C-A5F9-F2BDFEA0F156}", "EventSourceName": "Software Protection Platform Service"}}, "EventID": {"#attributes": {"Qualifiers": 16384}, "#text": 1033}, "Version": 0, "Level": 4, "Task": 0, "Opcode": 0, "Keywords": "0x80000000000000", "TimeCreated": {"#attributes": {"SystemTime": "2025-08-17T14:05:59.105227Z"}}, "EventRecordID": 362, "Correlation": null, "Execution": {"#attributes": {"ProcessID": 0, "ThreadID": 0}}, "Channel": "Application", "Computer": "DC01.garfield.htb", "Security": null}, "EventData": {"Data": {"#text": ["(Security-SPP-Reserved-EnableNotificationMode) ", "55c92734-d682-4d71-983e-d6ec3f16059f", "7783a126-c108-4cf7-b59f-13c78c7a7337"]}, "Binary": null}}},
{"TimeGenerated": "2025-08-17T14:05:59.120888Z", "EventID": {"#attributes": {"Qualifiers": 16384}, "#text": 1003}, "Computer": "DC01.garfield.htb", "RawEvent": {"#attributes": {"xmlns": "http://schemas.microsoft.com/win/2004/08/events/event"}, "System": {"Provider": {"#attributes": {"Name": "Microsoft-Windows-Security-SPP", "Guid": "{E23B33B0-C8C9-472C-A5F9-F2BDFEA0F156}", "EventSourceName": "Software Protection Platform Service"}}, "EventID": {"#attributes": {"Qualifiers": 16384}, "#text": 1003}, "Version": 0, "Level": 4, "Task": 0, "Opcode": 0, "Keywords": "0x80000000000000", "TimeCreated": {"#attributes": {"SystemTime": "2025-08-17T14:05:59.120888Z"}}, "EventRecordID": 363, "Correlation": null, "Execution": {"#attributes": {"ProcessID": 0, "ThreadID": 0}}, "Channel": "Application", "Computer": "DC01.garfield.htb", "Security": null}, "EventData": {"Data": {"#text": ["55c92734-d682-4d71-983e-d6ec3f16059f", "\n1: 7783a126-c108-4cf7-b59f-13c78c7a7337, 1, 0 [(0 [0x00000000, 1, 0], [(?)( 1 0x00000000)(?)( 2 0x00000000 0 0 msft:rm/algorithm/hwid/4.0 0x00000000 0)(?)( 9 0x00000000 180 253249)( 10 0x00000000 msft:rm/algorithm/flags/1.0)(?)])(1 )(2 )(3 )]\n\n"]}, "Binary": null}}},
{"TimeGenerated": "2025-08-17T14:05:59.120888Z", "EventID": {"#attributes": {"Qualifiers": 32768}, "#text": 1037}, "Computer": "DC01.garfield.htb", "RawEvent": {"#attributes": {"xmlns": "http://schemas.microsoft.com/win/2004/08/events/event"}, "System": {"Provider": {"#attributes": {"Name": "Microsoft-Windows-Security-SPP", "Guid": "{E23B33B0-C8C9-472C-A5F9-F2BDFEA0F156}", "EventSourceName": "Software Protection Platform Service"}}, "EventID": {"#attributes": {"Qualifiers": 32768}, "#text": 1037}, "Version": 0, "Level": 4, "Task": 0, "Opcode": 0, "Keywords": "0x80000000000000", "TimeCreated": {"#attributes": {"SystemTime": "2025-08-17T14:05:59.120888Z"}}, "EventRecordID": 364, "Correlation": null, "Execution": {"#attributes": {"ProcessID": 0, "ThreadID": 0}}, "Channel": "Application", "Computer": "DC01.garfield.htb", "Security": null}, "EventData": {"Data": {"#text": ["validity", "253249"]}, "Binary": null}}},
{"TimeGenerated": "2025-08-17T14:05:59.120888Z", "EventID": {"#attributes": {"Qualifiers": 16384}, "#text": 902}, "Computer": "DC01.garfield.htb", "RawEvent": {"#attributes": {"xmlns": "http://schemas.microsoft.com/win/2004/08/events/event"}, "System": {"Provider": {"#attributes": {"Name": "Microsoft-Windows-Security-SPP", "Guid": "{E23B33B0-C8C9-472C-A5F9-F2BDFEA0F156}", "EventSourceName": "Software Protection Platform Service"}}, "EventID": {"#attributes": {"Qualifiers": 16384}, "#text": 902}, "Version": 0, "Level": 0, "Task": 0, "Opcode": 0, "Keywords": "0x80000000000000", "TimeCreated": {"#attributes": {"SystemTime": "2025-08-17T14:05:59.120888Z"}}, "EventRecordID": 365, "Correlation": null, "Execution": {"#attributes": {"ProcessID": 0, "ThreadID": 0}}, "Channel": "Application", "Computer": "DC01.garfield.htb", "Security": null}, "EventData": {"Data": {"#text": "10.0.17763.3650"}, "Binary": null}}},
{"TimeGenerated": "2025-08-17T14:05:59.136909Z", "EventID": {"#attributes": {"Qualifiers": 0}, "#text": 271}, "Computer": "DC01.garfield.htb", "RawEvent": {"#attributes": {"xmlns": "http://schemas.microsoft.com/win/2004/08/events/event"}, "System": {"Provider": {"#attributes": {"Name": "VMUpgradeHelper"}}, "EventID": {"#attributes": {"Qualifiers": 0}, "#text": 271}, "Level": 4, "Task": 0, "Keywords": "0x80000000000000", "TimeCreated": {"#attributes": {"SystemTime": "2025-08-17T14:05:59.136909Z"}}, "EventRecordID": 366, "Channel": "Application", "Computer": "DC01.garfield.htb", "Security": null}, "EventData": {"Data": {"#text": ""}, "Binary": null}}},
{"TimeGenerated": "2025-08-17T14:05:59.152824Z", "EventID": {"#attributes": {"Qualifiers": 16384}, "#text": 4202}, "Computer": "DC01.garfield.htb", "RawEvent": {"#attributes": {"xmlns": "http://schemas.microsoft.com/win/2004/08/events/event"}, "System": {"Provider": {"#attributes": {"Name": "Microsoft-Windows-MSDTC 2", "Guid": "{5D9E0020-3761-4f36-90C8-38CE6511BD12}", "EventSourceName": "MSDTC 2"}}, "EventID": {"#attributes": {"Qualifiers": 16384}, "#text": 4202}, "Version": 0, "Level": 4, "Task": 2, "Opcode": 0, "Keywords": "0x80000000000000", "TimeCreated": {"#attributes": {"SystemTime": "2025-08-17T14:05:59.152824Z"}}, "EventRecordID": 367, "Correlation": null, "Execution": {"#attributes": {"ProcessID": 0, "ThreadID": 0}}, "Channel": "Application", "Computer": "DC01.garfield.htb", "Security": null}, "EventData": {"param1": "0", "param2": "0", "param3": "0", "param4": "0", "param5": "0", "param6": "0", "param7": "1", "param8": "Mutual Authentication Required", "param9": "NT AUTHORITY\\NetworkService", "param10": "0", "param11": "0", "param12": "1"}}},
{"TimeGenerated": "2025-08-17T14:05:59.061328Z", "EventID": 24, "Computer": "DC01.garfield.htb", "RawEvent": {"#attributes": {"xmlns": "http://schemas.microsoft.com/win/2004/08/events/event"}, "System": {"Provider": {"#attributes": {"Name": "Microsoft-Windows-WMI", "Guid": "1EDEEE53-0AFE-4609-B846-D8C0B2075B1F"}}, "EventID": 24, "Version": 2, "Level": 2, "Task": 0, "Opcode": 0, "Keywords": "0x8000000000000000", "TimeCreated": {"#attributes": {"SystemTime": "2025-08-17T14:05:59.061328Z"}}, "EventRecordID": 368, "Correlation": {"#attributes": {"ActivityID": "FA2F4270-0F7F-0001-E244-2FFA7F0FDC01"}}, "Execution": {"#attributes": {"ProcessID": 2180, "ThreadID": 4212}}, "Channel": "Application", "Computer": "DC01.garfield.htb", "Security": {"#attributes": {"UserID": "S-1-5-18"}}}, "UserData": {"data_0x8000003F": {"#attributes": {"xmlns": "http://manifests.microsoft.com/win/2006/windows/WMI"}, "EventProvider": "ProtectionManagement", "Query": "select * from MSFT_MpEvent", "Class": "MSFT_MpEvent", "Namespace": "//./ROOT/Microsoft/Windows/Defender"}}}},
{"TimeGenerated": "2025-08-17T14:06:11.558356Z", "EventID": {"#attributes": {"Qualifiers": 32768}, "#text": 6003}, "Computer": "DC01.garfield.htb", "RawEvent": {"#attributes": {"xmlns": "http://schemas.microsoft.com/win/2004/08/events/event"}, "System": {"Provider": {"#attributes": {"Name": "Microsoft-Windows-Winlogon", "Guid": "{DBE9B383-7CF3-4331-91CC-A3CB16A3B538}", "EventSourceName": "Wlclntfy"}}, "EventID": {"#attributes": {"Qualifiers": 32768}, "#text": 6003}, "Version": 0, "Level": 4, "Task": 0, "Opcode": 0, "Keywords": "0x80000000000000", "TimeCreated": {"#attributes": {"SystemTime": "2025-08-17T14:06:11.558356Z"}}, "EventRecordID": 369, "Correlation": null, "Execution": {"#attributes": {"ProcessID": 0, "ThreadID": 0}}, "Channel": "Application", "Computer": "DC01.garfield.htb", "Security": null}, "EventData": {"Data": {"#text": "SessionEnv"}, "Binary": "D9060000"}}},
{"TimeGenerated": "2025-08-17T14:06:11.839628Z", "EventID": {"#attributes": {"Qualifiers": 32768}, "#text": 6000}, "Computer": "DC01.garfield.htb", "RawEvent": {"#attributes": {"xmlns": "http://schemas.microsoft.com/win/2004/08/events/event"}, "System": {"Provider": {"#attributes": {"Name": "Microsoft-Windows-Winlogon", "Guid": "{DBE9B383-7CF3-4331-91CC-A3CB16A3B538}", "EventSourceName": "Wlclntfy"}}, "EventID": {"#attributes": {"Qualifiers": 32768}, "#text": 6000}, "Version": 0, "Level": 4, "Task": 0, "Opcode": 0, "Keywords": "0x80000000000000", "TimeCreated": {"#attributes": {"SystemTime": "2025-08-17T14:06:11.839628Z"}}, "EventRecordID": 370, "Correlation": null, "Execution": {"#attributes": {"ProcessID": 0, "ThreadID": 0}}, "Channel": "Application", "Computer": "DC01.garfield.htb", "Security": null}, "EventData": {"Data": {"#text": "SessionEnv"}, "Binary": "D9060000"}}},
{"TimeGenerated": "2025-08-17T14:06:42.764134Z", "EventID": {"#attributes": {"Qualifiers": 16384}, "#text": 16384}, "Computer": "DC01.garfield.htb", "RawEvent": {"#attributes": {"xmlns": "http://schemas.microsoft.com/win/2004/08/events/event"}, "System": {"Provider": {"#attributes": {"Name": "Microsoft-Windows-Security-SPP", "Guid": "{E23B33B0-C8C9-472C-A5F9-F2BDFEA0F156}", "EventSourceName": "Software Protection Platform Service"}}, "EventID": {"#attributes": {"Qualifiers": 16384}, "#text": 16384}, "Version": 0, "Level": 4, "Task": 0, "Opcode": 0, "Keywords": "0x80000000000000", "TimeCreated": {"#attributes": {"SystemTime": "2025-08-17T14:06:42.764134Z"}}, "EventRecordID": 371, "Correlation": null, "Execution": {"#attributes": {"ProcessID": 0, "ThreadID": 0}}, "Channel": "Application", "Computer": "DC01.garfield.htb", "Security": null}, "EventData": {"Data": {"#text": ["2025-08-18T14:05:42Z", "TBL"]}, "Binary": null}}},
{"TimeGenerated": "2025-08-17T14:06:42.779874Z", "EventID": {"#attributes": {"Qualifiers": 16384}, "#text": 903}, "Computer": "DC01.garfield.htb", "RawEvent": {"#attributes": {"xmlns": "http://schemas.microsoft.com/win/2004/08/events/event"}, "System": {"Provider": {"#attributes": {"Name": "Microsoft-Windows-Security-SPP", "Guid": "{E23B33B0-C8C9-472C-A5F9-F2BDFEA0F156}", "EventSourceName": "Software Protection Platform Service"}}, "EventID": {"#attributes": {"Qualifiers": 16384}, "#text": 903}, "Version": 0, "Level": 0, "Task": 0, "Opcode": 0, "Keywords": "0x80000000000000", "TimeCreated": {"#attributes": {"SystemTime": "2025-08-17T14:06:42.779874Z"}}, "EventRecordID": 372, "Correlation": null, "Execution": {"#attributes": {"ProcessID": 0, "ThreadID": 0}}, "Channel": "Application", "Computer": "DC01.garfield.htb", "Security": null}, "EventData": {"Data": {"#text": ""}, "Binary": null}}},
{"TimeGenerated": "2025-08-17T14:07:59.095930Z", "EventID": {"#attributes": {"Qualifiers": 16384}, "#text": 900}, "Computer": "DC01.garfield.htb", "RawEvent": {"#attributes": {"xmlns": "http://schemas.microsoft.com/win/2004/08/events/event"}, "System": {"Provider": {"#attributes": {"Name": "Microsoft-Windows-Security-SPP", "Guid": "{E23B33B0-C8C9-472C-A5F9-F2BDFEA0F156}", "EventSourceName": "Software Protection Platform Service"}}, "EventID": {"#attributes": {"Qualifiers": 16384}, "#text": 900}, "Version": 0, "Level": 4, "Task": 0, "Opcode": 0, "Keywords": "0x80000000000000", "TimeCreated": {"#attributes": {"SystemTime": "2025-08-17T14:07:59.095930Z"}}, "EventRecordID": 373, "Correlation": null, "Execution": {"#attributes": {"ProcessID": 0, "ThreadID": 0}}, "Channel": "Application", "Computer": "DC01.garfield.htb", "Security": null}, "EventData": {"Data": {"#text": "<explicit>"}, "Binary": null}}},
{"TimeGenerated": "2025-08-17T14:07:59.111184Z", "EventID": {"#attributes": {"Qualifiers": 49152}, "#text": 16394}, "Computer": "DC01.garfield.htb", "RawEvent": {"#attributes": {"xmlns": "http://schemas.microsoft.com/win/2004/08/events/event"}, "System": {"Provider": {"#attributes": {"Name": "Microsoft-Windows-Security-SPP", "Guid": "{E23B33B0-C8C9-472C-A5F9-F2BDFEA0F156}", "EventSourceName": "Software Protection Platform Service"}}, "EventID": {"#attributes": {"Qualifiers": 49152}, "#text": 16394}, "Version": 0, "Level": 4, "Task": 0, "Opcode": 0, "Keywords": "0x80000000000000", "TimeCreated": {"#attributes": {"SystemTime": "2025-08-17T14:07:59.111184Z"}}, "EventRecordID": 374, "Correlation": null, "Execution": {"#attributes": {"ProcessID": 0, "ThreadID": 0}}, "Channel": "Application", "Computer": "DC01.garfield.htb", "Security": null}, "EventData": {"Data": {"#text": ""}, "Binary": null}}},
{"TimeGenerated": "2025-08-17T14:08:29.154792Z", "EventID": {"#attributes": {"Qualifiers": 16384}, "#text": 16384}, "Computer": "DC01.garfield.htb", "RawEvent": {"#attributes": {"xmlns": "http://schemas.microsoft.com/win/2004/08/events/event"}, "System": {"Provider": {"#attributes": {"Name": "Microsoft-Windows-Security-SPP", "Guid": "{E23B33B0-C8C9-472C-A5F9-F2BDFEA0F156}", "EventSourceName": "Software Protection Platform Service"}}, "EventID": {"#attributes": {"Qualifiers": 16384}, "#text": 16384}, "Version": 0, "Level": 4, "Task": 0, "Opcode": 0, "Keywords": "0x80000000000000", "TimeCreated": {"#attributes": {"SystemTime": "2025-08-17T14:08:29.154792Z"}}, "EventRecordID": 375, "Correlation": null, "Execution": {"#attributes": {"ProcessID": 0, "ThreadID": 0}}, "Channel": "Application", "Computer": "DC01.garfield.htb", "Security": null}, "EventData": {"Data": {"#text": ["2026-01-10T10:54:29Z", "RulesEngine"]}, "Binary": null}}},
{"TimeGenerated": "2025-08-17T14:09:00.234259Z", "EventID": {"#attributes": {"Qualifiers": 0}, "#text": 8224}, "Computer": "DC01.garfield.htb", "RawEvent": {"#attributes": {"xmlns": "http://schemas.microsoft.com/win/2004/08/events/event"}, "System": {"Provider": {"#attributes": {"Name": "VSS"}}, "EventID": {"#attributes": {"Qualifiers": 0}, "#text": 8224}, "Level": 4, "Task": 0, "Keywords": "0x80000000000000", "TimeCreated": {"#attributes": {"SystemTime": "2025-08-17T14:09:00.234259Z"}}, "EventRecordID": 376, "Channel": "Application", "Computer": "DC01.garfield.htb", "Security": null}, "EventData": {"Data": {"#text": ""}, "Binary": "2D20436F64653A2020434F525356434330303030303737332D2043616C6C3A2020434F525356434330303030303735352D205049443A202030303030343735322D205449443A202030303030343737322D20434D443A2020433A5C57696E646F77735C73797374656D33325C76737376632E6578652020202D20557365723A204E616D653A204E5420415554484F524954595C53595354454D2C205349443A532D312D352D313820"}}},
{"TimeGenerated": "2025-08-17T14:10:22.265157Z", "EventID": 1001, "Computer": "DC01.garfield.htb", "RawEvent": {"#attributes": {"xmlns": "http://schemas.microsoft.com/win/2004/08/events/event"}, "System": {"Provider": {"#attributes": {"Name": "Microsoft-Windows-LoadPerf", "Guid": "122EE297-BB47-41AE-B265-1CA8D1886D40"}}, "EventID": 1001, "Version": 0, "Level": 4, "Task": 0, "Opcode": 0, "Keywords": "0x8000000000000000", "TimeCreated": {"#attributes": {"SystemTime": "2025-08-17T14:10:22.265157Z"}}, "EventRecordID": 377, "Correlation": null, "Execution": {"#attributes": {"ProcessID": 7156, "ThreadID": 7160}}, "Channel": "Application", "Computer": "DC01.garfield.htb", "Security": {"#attributes": {"UserID": "S-1-5-18"}}}, "UserData": {"EventXML": {"#attributes": {"xmlns": "LoadPerf"}, "param1": "WmiApRpl", "param2": "WmiApRpl", "binaryDataSize": 12, "binaryData": "1834000019340000D2050000"}}}},
