{"TimeGenerated": "2025-08-13T11:01:23.729636Z", "EventID": 20, "Computer": "DC01", "RawEvent": {"#attributes": {"xmlns": "http://schemas.microsoft.com/win/2004/08/events/event"}, "System": {"Provider": {"#attributes": {"Name": "Microsoft-Windows-Kernel-General", "Guid": "A68CA8B7-004F-D7B6-A698-07E2DE0F1F5D"}}, "EventID": 20, "Version": 0, "Level": 4, "Task": 6, "Opcode": 0, "Keywords": "0x8000000000000010", "TimeCreated": {"#attributes": {"SystemTime": "2025-08-13T11:01:23.729636Z"}}, "EventRecordID": 973, "Correlation": null, "Execution": {"#attributes": {"ProcessID": 4, "ThreadID": 8}}, "Channel": "System", "Computer": "DC01", "Security": {"#attributes": {"UserID": "S-1-5-18"}}}, "EventData": {"UpdateReason": 0, "EnabledNew": true, "CountNew": 0, "CountOld": 0}}},
{"TimeGenerated": "2025-08-13T11:01:25.520852Z", "EventID": {"#attributes": {"Qualifiers": 16392}, "#text": 3}, "Computer": "DC01", "RawEvent": {"#attributes": {"xmlns": "http://schemas.microsoft.com/win/2004/08/events/event"}, "System": {"Provider": {"#attributes": {"Name": "vmci"}}, "EventID": {"#attributes": {"Qualifiers": 16392}, "#text": 3}, "Level": 4, "Task": 0, "Keywords": "0x80000000000000", "TimeCreated": {"#attributes": {"SystemTime": "2025-08-13T11:01:25.520852Z"}}, "EventRecordID": 974, "Channel": "System", "Computer": "DC01", "Security": null}, "EventData": {"Data": {"#text": ["", "VMCI: Using capabilities (0x1c).\n"]}, "Binary": "00000000020028000000000003000840030008400000000000000000000000000000000000000000"}}},
{"TimeGenerated": "2025-08-13T11:01:28.154791Z", "EventID": 6, "Computer": "DC01", "RawEvent": {"#attributes": {"xmlns": "http://schemas.microsoft.com/win/2004/08/events/event"}, "System": {"Provider": {"#attributes": {"Name": "Microsoft-Windows-FilterManager", "Guid": "F3C5E28E-63F6-49C7-A204-E48A1BC4B09D"}}, "EventID": 6, "Version": 0, "Level": 4, "Task": 0, "Opcode": 0, "Keywords": "0x8000000000000000", "TimeCreated": {"#attributes": {"SystemTime": "2025-08-13T11:01:28.154791Z"}}, "EventRecordID": 975, "Correlation": null, "Execution": {"#attributes": {"ProcessID": 4, "ThreadID": 8}}, "Channel": "System", "Computer": "DC01", "Security": {"#attributes": {"UserID": "S-1-5-18"}}}, "EventData": {"FinalStatus": "0x0", "DeviceVersionMajor": 10, "DeviceVersionMinor": 0, "DeviceNameLength": 3, "DeviceName": "Wof", "DeviceTime": "2025-03-23T16:48:00.000000Z"}}},
{"TimeGenerated": "2025-08-13T11:01:28.155170Z", "EventID": 6, "Computer": "DC01", "RawEvent": {"#attributes": {"xmlns": "http://schemas.microsoft.com/win/2004/08/events/event"}, "System": {"Provider": {"#attributes": {"Name": "Microsoft-Windows-FilterManager", "Guid": "F3C5E28E-63F6-49C7-A204-E48A1BC4B09D"}}, "EventID": 6, "Version": 0, "Level": 4, "Task": 0, "Opcode": 0, "Keywords": "0x8000000000000000", "TimeCreated": {"#attributes": {"SystemTime": "2025-08-13T11:01:28.155170Z"}}, "EventRecordID": 976, "Correlation": null, "Execution": {"#attributes": {"ProcessID": 4, "ThreadID": 8}}, "Channel": "System", "Computer": "DC01", "Security": {"#attributes": {"UserID": "S-1-5-18"}}}, "EventData": {"FinalStatus": "0x0", "DeviceVersionMajor": 10, "DeviceVersionMinor": 0, "DeviceNameLength": 6, "DeviceName": "DfsrRo", "DeviceTime": "2087-05-27T08:05:55.000000Z"}}},
{"TimeGenerated": "2025-08-13T11:01:28.155643Z", "EventID": 6, "Computer": "DC01", "RawEvent": {"#attributes": {"xmlns": "http://schemas.microsoft.com/win/2004/08/events/event"}, "System": {"Provider": {"#attributes": {"Name": "Microsoft-Windows-FilterManager", "Guid": "F3C5E28E-63F6-49C7-A204-E48A1BC4B09D"}}, "EventID": 6, "Version": 0, "Level": 4, "Task": 0, "Opcode": 0, "Keywords": "0x8000000000000000", "TimeCreated": {"#attributes": {"SystemTime": "2025-08-13T11:01:28.155643Z"}}, "EventRecordID": 977, "Correlation": null, "Execution": {"#attributes": {"ProcessID": 4, "ThreadID": 8}}, "Channel": "System", "Computer": "DC01", "Security": {"#attributes": {"UserID": "S-1-5-18"}}}, "EventData": {"FinalStatus": "0x0", "DeviceVersionMajor": 10, "DeviceVersionMinor": 0, "DeviceNameLength": 8, "DeviceName": "WdFilter", "DeviceTime": "2070-12-04T12:41:44.000000Z"}}},
{"TimeGenerated": "2025-08-13T11:01:28.186804Z", "EventID": 98, "Computer": "DC01", "RawEvent": {"#attributes": {"xmlns": "http://schemas.microsoft.com/win/2004/08/events/event"}, "System": {"Provider": {"#attributes": {"Name": "Microsoft-Windows-Ntfs", "Guid": "3FF37A1C-A68D-4D6E-8C9B-F79E8B16C482"}}, "EventID": 98, "Version": 0, "Level": 4, "Task": 0, "Opcode": 0, "Keywords": "0x8000000000000002", "TimeCreated": {"#attributes": {"SystemTime": "2025-08-13T11:01:28.186804Z"}}, "EventRecordID": 978, "Correlation": null, "Execution": {"#attributes": {"ProcessID": 4, "ThreadID": 232}}, "Channel": "System", "Computer": "DC01", "Security": {"#attributes": {"UserID": "S-1-5-18"}}}, "EventData": {"DriveName": "C:", "DeviceName": "\\Device\\HarddiskVolume4", "CorruptionActionState": 0}}},
{"TimeGenerated": "2025-08-13T11:01:28.220109Z", "EventID": 6, "Computer": "DC01", "RawEvent": {"#attributes": {"xmlns": "http://schemas.microsoft.com/win/2004/08/events/event"}, "System": {"Provider": {"#attributes": {"Name": "Microsoft-Windows-FilterManager", "Guid": "F3C5E28E-63F6-49C7-A204-E48A1BC4B09D"}}, "EventID": 6, "Version": 0, "Level": 4, "Task": 0, "Opcode": 0, "Keywords": "0x8000000000000000", "TimeCreated": {"#attributes": {"SystemTime": "2025-08-13T11:01:28.220109Z"}}, "EventRecordID": 979, "Correlation": null, "Execution": {"#attributes": {"ProcessID": 4, "ThreadID": 8}}, "Channel": "System", "Computer": "DC01", "Security": {"#attributes": {"UserID": "S-1-5-18"}}}, "EventData": {"FinalStatus": "0x0", "DeviceVersionMajor": 10, "DeviceVersionMinor": 0, "DeviceNameLength": 9, "DeviceName": "FileCrypt", "DeviceTime": "2034-08-13T07:30:12.000000Z"}}},
{"TimeGenerated": "2025-08-13T11:01:28.222611Z", "EventID": 6, "Computer": "DC01", "RawEvent": {"#attributes": {"xmlns": "http://schemas.microsoft.com/win/2004/08/events/event"}, "System": {"Provider": {"#attributes": {"Name": "Microsoft-Windows-FilterManager", "Guid": "F3C5E28E-63F6-49C7-A204-E48A1BC4B09D"}}, "EventID": 6, "Version": 0, "Level": 4, "Task": 0, "Opcode": 0, "Keywords": "0x8000000000000000", "TimeCreated": {"#attributes": {"SystemTime": "2025-08-13T11:01:28.222611Z"}}, "EventRecordID": 980, "Correlation": null, "Execution": {"#attributes": {"ProcessID": 4, "ThreadID": 8}}, "Channel": "System", "Computer": "DC01", "Security": {"#attributes": {"UserID": "S-1-5-18"}}}, "EventData": {"FinalStatus": "0x0", "DeviceVersionMajor": 10, "DeviceVersionMinor": 0, "DeviceNameLength": 9, "DeviceName": "DfsDriver", "DeviceTime": "1975-08-18T05:58:38.000000Z"}}},
{"TimeGenerated": "2025-08-13T11:01:28.282173Z", "EventID": 6, "Computer": "DC01", "RawEvent": {"#attributes": {"xmlns": "http://schemas.microsoft.com/win/2004/08/events/event"}, "System": {"Provider": {"#attributes": {"Name": "Microsoft-Windows-FilterManager", "Guid": "F3C5E28E-63F6-49C7-A204-E48A1BC4B09D"}}, "EventID": 6, "Version": 0, "Level": 4, "Task": 0, "Opcode": 0, "Keywords": "0x8000000000000000", "TimeCreated": {"#attributes": {"SystemTime": "2025-08-13T11:01:28.282173Z"}}, "EventRecordID": 981, "Correlation": null, "Execution": {"#attributes": {"ProcessID": 4, "ThreadID": 8}}, "Channel": "System", "Computer": "DC01", "Security": {"#attributes": {"UserID": "S-1-5-18"}}}, "EventData": {"FinalStatus": "0x0", "DeviceVersionMajor": 10, "DeviceVersionMinor": 0, "DeviceNameLength": 9, "DeviceName": "npsvctrig", "DeviceTime": "2037-02-22T23:11:04.000000Z"}}},
{"TimeGenerated": "2025-08-13T11:01:28.306385Z", "EventID": 172, "Computer": "DC01", "RawEvent": {"#attributes": {"xmlns": "http://schemas.microsoft.com/win/2004/08/events/event"}, "System": {"Provider": {"#attributes": {"Name": "Microsoft-Windows-Kernel-Power", "Guid": "331C3B3A-2005-44C2-AC5E-77220C37D6B4"}}, "EventID": 172, "Version": 0, "Level": 4, "Task": 203, "Opcode": 0, "Keywords": "0x8000000000000404", "TimeCreated": {"#attributes": {"SystemTime": "2025-08-13T11:01:28.306385Z"}}, "EventRecordID": 982, "Correlation": null, "Execution": {"#attributes": {"ProcessID": 4, "ThreadID": 236}}, "Channel": "System", "Computer": "DC01", "Security": {"#attributes": {"UserID": "S-1-5-18"}}}, "EventData": {"State": 2, "Reason": 6}}},
{"TimeGenerated": "2025-08-13T11:01:28.497705Z", "EventID": 55, "Computer": "DC01", "RawEvent": {"#attributes": {"xmlns": "http://schemas.microsoft.com/win/2004/08/events/event"}, "System": {"Provider": {"#attributes": {"Name": "Microsoft-Windows-Kernel-Processor-Power", "Guid": "0F67E49F-FE51-4E9F-B490-6F2948CC6027"}}, "EventID": 55, "Version": 0, "Level": 4, "Task": 47, "Opcode": 0, "Keywords": "0x8000000000000000", "TimeCreated": {"#attributes": {"SystemTime": "2025-08-13T11:01:28.497705Z"}}, "EventRecordID": 983, "Correlation": null, "Execution": {"#attributes": {"ProcessID": 4, "ThreadID": 280}}, "Channel": "System", "Computer": "DC01", "Security": {"#attributes": {"UserID": "S-1-5-18"}}}, "EventData": {"Group": 0, "Number": 0, "IdleStateCount": 1, "IdleImplementation": 1, "NominalFrequency": 3400, "MaximumPerformancePercent": 100, "MinimumPerformancePercent": 100, "MinimumThrottlePercent": 100, "PerformanceImplementation": 0}}},
{"TimeGenerated": "2025-08-13T11:01:28.498347Z", "EventID": 55, "Computer": "DC01", "RawEvent": {"#attributes": {"xmlns": "http://schemas.microsoft.com/win/2004/08/events/event"}, "System": {"Provider": {"#attributes": {"Name": "Microsoft-Windows-Kernel-Processor-Power", "Guid": "0F67E49F-FE51-4E9F-B490-6F2948CC6027"}}, "EventID": 55, "Version": 0, "Level": 4, "Task": 47, "Opcode": 0, "Keywords": "0x8000000000000000", "TimeCreated": {"#attributes": {"SystemTime": "2025-08-13T11:01:28.498347Z"}}, "EventRecordID": 984, "Correlation": null, "Execution": {"#attributes": {"ProcessID": 4, "ThreadID": 280}}, "Channel": "System", "Computer": "DC01", "Security": {"#attributes": {"UserID": "S-1-5-18"}}}, "EventData": {"Group": 0, "Number": 1, "IdleStateCount": 1, "IdleImplementation": 1, "NominalFrequency": 3400, "MaximumPerformancePercent": 100, "MinimumPerformancePercent": 100, "MinimumThrottlePercent": 100, "PerformanceImplementation": 0}}},
{"TimeGenerated": "2025-08-13T11:01:28.498977Z", "EventID": 55, "Computer": "DC01", "RawEvent": {"#attributes": {"xmlns": "http://schemas.microsoft.com/win/2004/08/events/event"}, "System": {"Provider": {"#attributes": {"Name": "Microsoft-Windows-Kernel-Processor-Power", "Guid": "0F67E49F-FE51-4E9F-B490-6F2948CC6027"}}, "EventID": 55, "Version": 0, "Level": 4, "Task": 47, "Opcode": 0, "Keywords": "0x8000000000000000", "TimeCreated": {"#attributes": {"SystemTime": "2025-08-13T11:01:28.498977Z"}}, "EventRecordID": 985, "Correlation": null, "Execution": {"#attributes": {"ProcessID": 4, "ThreadID": 280}}, "Channel": "System", "Computer": "DC01", "Security": {"#attributes": {"UserID": "S-1-5-18"}}}, "EventData": {"Group": 0, "Number": 2, "IdleStateCount": 1, "IdleImplementation": 1, "NominalFrequency": 3400, "MaximumPerformancePercent": 100, "MinimumPerformancePercent": 100, "MinimumThrottlePercent": 100, "PerformanceImplementation": 0}}},
{"TimeGenerated": "2025-08-13T11:01:28.499484Z", "EventID": 55, "Computer": "DC01", "RawEvent": {"#attributes": {"xmlns": "http://schemas.microsoft.com/win/2004/08/events/event"}, "System": {"Provider": {"#attributes": {"Name": "Microsoft-Windows-Kernel-Processor-Power", "Guid": "0F67E49F-FE51-4E9F-B490-6F2948CC6027"}}, "EventID": 55, "Version": 0, "Level": 4, "Task": 47, "Opcode": 0, "Keywords": "0x8000000000000000", "TimeCreated": {"#attributes": {"SystemTime": "2025-08-13T11:01:28.499484Z"}}, "EventRecordID": 986, "Correlation": null, "Execution": {"#attributes": {"ProcessID": 4, "ThreadID": 280}}, "Channel": "System", "Computer": "DC01", "Security": {"#attributes": {"UserID": "S-1-5-18"}}}, "EventData": {"Group": 0, "Number": 3, "IdleStateCount": 1, "IdleImplementation": 1, "NominalFrequency": 3400, "MaximumPerformancePercent": 100, "MinimumPerformancePercent": 100, "MinimumThrottlePercent": 100, "PerformanceImplementation": 0}}},
{"TimeGenerated": "2025-08-13T11:01:28.746008Z", "EventID": {"#attributes": {"Qualifiers": 24580}, "#text": 32}, "Computer": "DC01", "RawEvent": {"#attributes": {"xmlns": "http://schemas.microsoft.com/win/2004/08/events/event"}, "System": {"Provider": {"#attributes": {"Name": "e1iexpress"}}, "EventID": {"#attributes": {"Qualifiers": 24580}, "#text": 32}, "Level": 4, "Task": 0, "Keywords": "0x80000000000000", "TimeCreated": {"#attributes": {"SystemTime": "2025-08-13T11:01:28.746008Z"}}, "EventRecordID": 987, "Channel": "System", "Computer": "DC01", "Security": null}, "EventData": {"Data": {"#text": ["", "Intel(R) 82574L Gigabit Network Connection"]}, "Binary": "0000040002003000000000002000046000000000000000000000000000000000000000000000000020000460"}}},
{"TimeGenerated": "2025-08-13T11:01:28.768511Z", "EventID": 98, "Computer": "DC01", "RawEvent": {"#attributes": {"xmlns": "http://schemas.microsoft.com/win/2004/08/events/event"}, "System": {"Provider": {"#attributes": {"Name": "Microsoft-Windows-Ntfs", "Guid": "3FF37A1C-A68D-4D6E-8C9B-F79E8B16C482"}}, "EventID": 98, "Version": 0, "Level": 4, "Task": 0, "Opcode": 0, "Keywords": "0x8000000000000002", "TimeCreated": {"#attributes": {"SystemTime": "2025-08-13T11:01:28.768511Z"}}, "EventRecordID": 988, "Correlation": null, "Execution": {"#attributes": {"ProcessID": 4, "ThreadID": 32}}, "Channel": "System", "Computer": "DC01", "Security": {"#attributes": {"UserID": "S-1-5-18"}}}, "EventData": {"DriveName": "\\\\?\\Volume{df07511c-ba9d-4a07-8d04-d67d302b67ca}", "DeviceName": "\\Device\\HarddiskVolume1", "CorruptionActionState": 0}}},
{"TimeGenerated": "2025-08-13T11:01:29.263206Z", "EventID": 14, "Computer": "DC01", "RawEvent": {"#attributes": {"xmlns": "http://schemas.microsoft.com/win/2004/08/events/event"}, "System": {"Provider": {"#attributes": {"Name": "Microsoft-Windows-Wininit", "Guid": "206F6DEA-D3C5-4D10-BC72-989F03C8B84B"}}, "EventID": 14, "Version": 0, "Level": 4, "Task": 0, "Opcode": 0, "Keywords": "0x4000000000000000", "TimeCreated": {"#attributes": {"SystemTime": "2025-08-13T11:01:29.263206Z"}}, "EventRecordID": 989, "Correlation": null, "Execution": {"#attributes": {"ProcessID": 584, "ThreadID": 588}}, "Channel": "System", "Computer": "DC01", "Security": {"#attributes": {"UserID": "S-1-5-18"}}}, "EventData": {"Config": 0, "IsTestConfig": 0}}},
{"TimeGenerated": "2025-08-13T11:01:29.267110Z", "EventID": 1, "Computer": "DC01", "RawEvent": {"#attributes": {"xmlns": "http://schemas.microsoft.com/win/2004/08/events/event"}, "System": {"Provider": {"#attributes": {"Name": "Microsoft-Windows-IsolatedUserMode", "Guid": "73A33AB2-1966-4999-8ADD-868C41415269"}}, "EventID": 1, "Version": 0, "Level": 4, "Task": 0, "Opcode": 0, "Keywords": "0x8000400000000000", "TimeCreated": {"#attributes": {"SystemTime": "2025-08-13T11:01:29.267110Z"}}, "EventRecordID": 990, "Correlation": null, "Execution": {"#attributes": {"ProcessID": 584, "ThreadID": 588}}, "Channel": "System", "Computer": "DC01", "Security": {"#attributes": {"UserID": "S-1-5-18"}}}, "EventData": {"TrustletIdentity": 1, "NormalProcessId": 748, "Status": 0, "ImageName": "\\??\\C:\\Windows\\system32\\lsaiso.exe"}}},
{"TimeGenerated": "2025-08-13T11:01:29.267448Z", "EventID": 18, "Computer": "DC01", "RawEvent": {"#attributes": {"xmlns": "http://schemas.microsoft.com/win/2004/08/events/event"}, "System": {"Provider": {"#attributes": {"Name": "Microsoft-Windows-Wininit", "Guid": "{206f6dea-d3c5-4d10-bc72-989f03c8b84b}"}}, "EventID": 18, "Version": 0, "Level": 4, "Task": 0, "Opcode": 0, "Keywords": "0x4000000000000000", "TimeCreated": {"#attributes": {"SystemTime": "2025-08-13T11:01:29.267448Z"}}, "EventRecordID": 991, "Correlation": null, "Execution": {"#attributes": {"ProcessID": 584, "ThreadID": 588}}, "Channel": "System", "Computer": "DC01", "Security": {"#attributes": {"UserID": "S-1-5-18"}}}, "ProcessingErrorData": {"ErrorCode": 15005, "DataItemName": "Level", "EventPayload": null}}},
{"TimeGenerated": "2025-08-13T11:01:29.457892Z", "EventID": 16962, "Computer": "DC01", "RawEvent": {"#attributes": {"xmlns": "http://schemas.microsoft.com/win/2004/08/events/event"}, "System": {"Provider": {"#attributes": {"Name": "Microsoft-Windows-Directory-Services-SAM", "Guid": "0D4FDC09-8C27-494A-BDA0-505E4FD8ADAE"}}, "EventID": 16962, "Version": 0, "Level": 4, "Task": 0, "Opcode": 0, "Keywords": "0x8000000000000000", "TimeCreated": {"#attributes": {"SystemTime": "2025-08-13T11:01:29.457892Z"}}, "EventRecordID": 992, "Correlation": {"#attributes": {"ActivityID": "9B97B72B-0C41-0003-A3B7-979B410CDC01"}}, "Execution": {"#attributes": {"ProcessID": 756, "ThreadID": 760}}, "Channel": "System", "Computer": "DC01", "Security": {"#attributes": {"UserID": "S-1-5-18"}}}, "EventData": {"#attributes": {"Name": "SAMMSG_RESTRICT_REMOTE_SAM_DEFAULT_SD"}, "Default SD String:": "O:SYG:SYD:(A;;RC;;;BA)"}}},
{"TimeGenerated": "2025-08-13T11:01:29.462497Z", "EventID": 16977, "Computer": "DC01", "RawEvent": {"#attributes": {"xmlns": "http://schemas.microsoft.com/win/2004/08/events/event"}, "System": {"Provider": {"#attributes": {"Name": "Microsoft-Windows-Directory-Services-SAM", "Guid": "0D4FDC09-8C27-494A-BDA0-505E4FD8ADAE"}}, "EventID": 16977, "Version": 0, "Level": 4, "Task": 0, "Opcode": 0, "Keywords": "0x8000000000000000", "TimeCreated": {"#attributes": {"SystemTime": "2025-08-13T11:01:29.462497Z"}}, "EventRecordID": 993, "Correlation": {"#attributes": {"ActivityID": "9B97B72B-0C41-0003-A3B7-979B410CDC01"}}, "Execution": {"#attributes": {"ProcessID": 756, "ThreadID": 760}}, "Channel": "System", "Computer": "DC01", "Security": {"#attributes": {"UserID": "S-1-5-18"}}}, "EventData": {"#attributes": {"Name": "SAMMSG_MINPWDLEN_SETTINGS_IN_EFFECT"}, "MinimumPasswordLength": 0, "MinimumPasswordLengthAudit": -1}}},
{"TimeGenerated": "2025-08-13T11:01:29.462499Z", "EventID": 16983, "Computer": "DC01", "RawEvent": {"#attributes": {"xmlns": "http://schemas.microsoft.com/win/2004/08/events/event"}, "System": {"Provider": {"#attributes": {"Name": "Microsoft-Windows-Directory-Services-SAM", "Guid": "0D4FDC09-8C27-494A-BDA0-505E4FD8ADAE"}}, "EventID": 16983, "Version": 0, "Level": 4, "Task": 0, "Opcode": 0, "Keywords": "0x8000000000000000", "TimeCreated": {"#attributes": {"SystemTime": "2025-08-13T11:01:29.462499Z"}}, "EventRecordID": 994, "Correlation": {"#attributes": {"ActivityID": "9B97B72B-0C41-0003-A3B7-979B410CDC01"}}, "Execution": {"#attributes": {"ProcessID": 756, "ThreadID": 760}}, "Channel": "System", "Computer": "DC01", "Security": {"#attributes": {"UserID": "S-1-5-18"}}}, "EventData": {"#attributes": {"Name": "SAMMSG_AUDIT_LEGACY_PWD_RPC_METHODS_OFF"}}}},
{"TimeGenerated": "2025-08-13T11:01:29.471113Z", "EventID": {"#attributes": {"Qualifiers": 16384}, "#text": 7036}, "Computer": "DC01", "RawEvent": {"#attributes": {"xmlns": "http://schemas.microsoft.com/win/2004/08/events/event"}, "System": {"Provider": {"#attributes": {"Name": "Service Control Manager", "Guid": "{555908d1-a6d7-4695-8e1e-26931d2012f4}", "EventSourceName": "Service Control Manager"}}, "EventID": {"#attributes": {"Qualifiers": 16384}, "#text": 7036}, "Version": 0, "Level": 4, "Task": 0, "Opcode": 0, "Keywords": "0x8080000000000000", "TimeCreated": {"#attributes": {"SystemTime": "2025-08-13T11:01:29.471113Z"}}, "EventRecordID": 995, "Correlation": null, "Execution": {"#attributes": {"ProcessID": 724, "ThreadID": 856}}, "Channel": "System", "Computer": "DC01", "Security": null}, "EventData": {"param1": "PlugPlay", "param2": "running", "Binary": "50006C007500670050006C00610079002F0034000000"}}},
{"TimeGenerated": "2025-08-13T11:01:29.502367Z", "EventID": {"#attributes": {"Qualifiers": 16384}, "#text": 7036}, "Computer": "DC01", "RawEvent": {"#attributes": {"xmlns": "http://schemas.microsoft.com/win/2004/08/events/event"}, "System": {"Provider": {"#attributes": {"Name": "Service Control Manager", "Guid": "{555908d1-a6d7-4695-8e1e-26931d2012f4}", "EventSourceName": "Service Control Manager"}}, "EventID": {"#attributes": {"Qualifiers": 16384}, "#text": 7036}, "Version": 0, "Level": 4, "Task": 0, "Opcode": 0, "Keywords": "0x8080000000000000", "TimeCreated": {"#attributes": {"SystemTime": "2025-08-13T11:01:29.502367Z"}}, "EventRecordID": 996, "Correlation": null, "Execution": {"#attributes": {"ProcessID": 724, "ThreadID": 856}}, "Channel": "System", "Computer": "DC01", "Security": null}, "EventData": {"param1": "Power", "param2": "running", "Binary": "50006F007700650072002F0034000000"}}},
{"TimeGenerated": "2025-08-13T11:01:29.518142Z", "EventID": {"#attributes": {"Qualifiers": 16384}, "#text": 7036}, "Computer": "DC01", "RawEvent": {"#attributes": {"xmlns": "http://schemas.microsoft.com/win/2004/08/events/event"}, "System": {"Provider": {"#attributes": {"Name": "Service Control Manager", "Guid": "{555908d1-a6d7-4695-8e1e-26931d2012f4}", "EventSourceName": "Service Control Manager"}}, "EventID": {"#attributes": {"Qualifiers": 16384}, "#text": 7036}, "Version": 0, "Level": 4, "Task": 0, "Opcode": 0, "Keywords": "0x8080000000000000", "TimeCreated": {"#attributes": {"SystemTime": "2025-08-13T11:01:29.518142Z"}}, "EventRecordID": 997, "Correlation": null, "Execution": {"#attributes": {"ProcessID": 724, "ThreadID": 844}}, "Channel": "System", "Computer": "DC01", "Security": null}, "EventData": {"param1": "RpcEptMapper", "param2": "running", "Binary": "5200700063004500700074004D00610070007000650072002F0034000000"}}},
{"TimeGenerated": "2025-08-13T11:01:29.518142Z", "EventID": {"#attributes": {"Qualifiers": 16384}, "#text": 7036}, "Computer": "DC01", "RawEvent": {"#attributes": {"xmlns": "http://schemas.microsoft.com/win/2004/08/events/event"}, "System": {"Provider": {"#attributes": {"Name": "Service Control Manager", "Guid": "{555908d1-a6d7-4695-8e1e-26931d2012f4}", "EventSourceName": "Service Control Manager"}}, "EventID": {"#attributes": {"Qualifiers": 16384}, "#text": 7036}, "Version": 0, "Level": 4, "Task": 0, "Opcode": 0, "Keywords": "0x8080000000000000", "TimeCreated": {"#attributes": {"SystemTime": "2025-08-13T11:01:29.518142Z"}}, "EventRecordID": 998, "Correlation": null, "Execution": {"#attributes": {"ProcessID": 724, "ThreadID": 844}}, "Channel": "System", "Computer": "DC01", "Security": null}, "EventData": {"param1": "DcomLaunch", "param2": "running", "Binary": "440063006F006D004C00610075006E00630068002F0034000000"}}},
{"TimeGenerated": "2025-08-13T11:01:29.533620Z", "EventID": {"#attributes": {"Qualifiers": 16384}, "#text": 7036}, "Computer": "DC01", "RawEvent": {"#attributes": {"xmlns": "http://schemas.microsoft.com/win/2004/08/events/event"}, "System": {"Provider": {"#attributes": {"Name": "Service Control Manager", "Guid": "{555908d1-a6d7-4695-8e1e-26931d2012f4}", "EventSourceName": "Service Control Manager"}}, "EventID": {"#attributes": {"Qualifiers": 16384}, "#text": 7036}, "Version": 0, "Level": 4, "Task": 0, "Opcode": 0, "Keywords": "0x8080000000000000", "TimeCreated": {"#attributes": {"SystemTime": "2025-08-13T11:01:29.533620Z"}}, "EventRecordID": 999, "Correlation": null, "Execution": {"#attributes": {"ProcessID": 724, "ThreadID": 844}}, "Channel": "System", "Computer": "DC01", "Security": null}, "EventData": {"param1": "RpcSs", "param2": "running", "Binary": "520070006300530073002F0034000000"}}},
{"TimeGenerated": "2025-08-13T11:01:29.549277Z", "EventID": {"#attributes": {"Qualifiers": 16384}, "#text": 7036}, "Computer": "DC01", "RawEvent": {"#attributes": {"xmlns": "http://schemas.microsoft.com/win/2004/08/events/event"}, "System": {"Provider": {"#attributes": {"Name": "Service Control Manager", "Guid": "{555908d1-a6d7-4695-8e1e-26931d2012f4}", "EventSourceName": "Service Control Manager"}}, "EventID": {"#attributes": {"Qualifiers": 16384}, "#text": 7036}, "Version": 0, "Level": 4, "Task": 0, "Opcode": 0, "Keywords": "0x8080000000000000", "TimeCreated": {"#attributes": {"SystemTime": "2025-08-13T11:01:29.549277Z"}}, "EventRecordID": 1000, "Correlation": null, "Execution": {"#attributes": {"ProcessID": 724, "ThreadID": 852}}, "Channel": "System", "Computer": "DC01", "Security": null}, "EventData": {"param1": "LSM", "param2": "running", "Binary": "4C0053004D002F0034000000"}}},
{"TimeGenerated": "2025-08-13T11:01:29.580908Z", "EventID": {"#attributes": {"Qualifiers": 16384}, "#text": 7036}, "Computer": "DC01", "RawEvent": {"#attributes": {"xmlns": "http://schemas.microsoft.com/win/2004/08/events/event"}, "System": {"Provider": {"#attributes": {"Name": "Service Control Manager", "Guid": "{555908d1-a6d7-4695-8e1e-26931d2012f4}", "EventSourceName": "Service Control Manager"}}, "EventID": {"#attributes": {"Qualifiers": 16384}, "#text": 7036}, "Version": 0, "Level": 4, "Task": 0, "Opcode": 0, "Keywords": "0x8080000000000000", "TimeCreated": {"#attributes": {"SystemTime": "2025-08-13T11:01:29.580908Z"}}, "EventRecordID": 1001, "Correlation": null, "Execution": {"#attributes": {"ProcessID": 724, "ThreadID": 844}}, "Channel": "System", "Computer": "DC01", "Security": null}, "EventData": {"param1": "BrokerInfrastructure", "param2": "running", "Binary": "420072006F006B006500720049006E006600720061007300740072007500630074007500720065002F0034000000"}}},
{"TimeGenerated": "2025-08-13T11:01:29.580908Z", "EventID": {"#attributes": {"Qualifiers": 16384}, "#text": 7036}, "Computer": "DC01", "RawEvent": {"#attributes": {"xmlns": "http://schemas.microsoft.com/win/2004/08/events/event"}, "System": {"Provider": {"#attributes": {"Name": "Service Control Manager", "Guid": "{555908d1-a6d7-4695-8e1e-26931d2012f4}", "EventSourceName": "Service Control Manager"}}, "EventID": {"#attributes": {"Qualifiers": 16384}, "#text": 7036}, "Version": 0, "Level": 4, "Task": 0, "Opcode": 0, "Keywords": "0x8080000000000000", "TimeCreated": {"#attributes": {"SystemTime": "2025-08-13T11:01:29.580908Z"}}, "EventRecordID": 1002, "Correlation": null, "Execution": {"#attributes": {"ProcessID": 724, "ThreadID": 844}}, "Channel": "System", "Computer": "DC01", "Security": null}, "EventData": {"param1": "SystemEventsBroker", "param2": "running", "Binary": "530079007300740065006D004500760065006E0074007300420072006F006B00650072002F0034000000"}}},
{"TimeGenerated": "2025-08-13T11:01:29.674632Z", "EventID": {"#attributes": {"Qualifiers": 16384}, "#text": 7036}, "Computer": "DC01", "RawEvent": {"#attributes": {"xmlns": "http://schemas.microsoft.com/win/2004/08/events/event"}, "System": {"Provider": {"#attributes": {"Name": "Service Control Manager", "Guid": "{555908d1-a6d7-4695-8e1e-26931d2012f4}", "EventSourceName": "Service Control Manager"}}, "EventID": {"#attributes": {"Qualifiers": 16384}, "#text": 7036}, "Version": 0, "Level": 4, "Task": 0, "Opcode": 0, "Keywords": "0x8080000000000000", "TimeCreated": {"#attributes": {"SystemTime": "2025-08-13T11:01:29.674632Z"}}, "EventRecordID": 1003, "Correlation": null, "Execution": {"#attributes": {"ProcessID": 724, "ThreadID": 1160}}, "Channel": "System", "Computer": "DC01", "Security": null}, "EventData": {"param1": "lmhosts", "param2": "running", "Binary": "6C006D0068006F007300740073002F0034000000"}}},
{"TimeGenerated": "2025-08-13T11:01:29.674632Z", "EventID": {"#attributes": {"Qualifiers": 16384}, "#text": 7036}, "Computer": "DC01", "RawEvent": {"#attributes": {"xmlns": "http://schemas.microsoft.com/win/2004/08/events/event"}, "System": {"Provider": {"#attributes": {"Name": "Service Control Manager", "Guid": "{555908d1-a6d7-4695-8e1e-26931d2012f4}", "EventSourceName": "Service Control Manager"}}, "EventID": {"#attributes": {"Qualifiers": 16384}, "#text": 7036}, "Version": 0, "Level": 4, "Task": 0, "Opcode": 0, "Keywords": "0x8080000000000000", "TimeCreated": {"#attributes": {"SystemTime": "2025-08-13T11:01:29.674632Z"}}, "EventRecordID": 1004, "Correlation": null, "Execution": {"#attributes": {"ProcessID": 724, "ThreadID": 1256}}, "Channel": "System", "Computer": "DC01", "Security": null}, "EventData": {"param1": "CoreMessagingRegistrar", "param2": "running", "Binary": "43006F00720065004D006500730073006100670069006E0067005200650067006900730074007200610072002F0034000000"}}},
{"TimeGenerated": "2025-08-13T11:01:29.674632Z", "EventID": {"#attributes": {"Qualifiers": 16384}, "#text": 7036}, "Computer": "DC01", "RawEvent": {"#attributes": {"xmlns": "http://schemas.microsoft.com/win/2004/08/events/event"}, "System": {"Provider": {"#attributes": {"Name": "Service Control Manager", "Guid": "{555908d1-a6d7-4695-8e1e-26931d2012f4}", "EventSourceName": "Service Control Manager"}}, "EventID": {"#attributes": {"Qualifiers": 16384}, "#text": 7036}, "Version": 0, "Level": 4, "Task": 0, "Opcode": 0, "Keywords": "0x8080000000000000", "TimeCreated": {"#attributes": {"SystemTime": "2025-08-13T11:01:29.674632Z"}}, "EventRecordID": 1005, "Correlation": null, "Execution": {"#attributes": {"ProcessID": 724, "ThreadID": 1048}}, "Channel": "System", "Computer": "DC01", "Security": null}, "EventData": {"param1": "TimeBrokerSvc", "param2": "running", "Binary": "540069006D006500420072006F006B00650072005300760063002F0034000000"}}},
{"TimeGenerated": "2025-08-13T11:01:29.674632Z", "EventID": {"#attributes": {"Qualifiers": 16384}, "#text": 7036}, "Computer": "DC01", "RawEvent": {"#attributes": {"xmlns": "http://schemas.microsoft.com/win/2004/08/events/event"}, "System": {"Provider": {"#attributes": {"Name": "Service Control Manager", "Guid": "{555908d1-a6d7-4695-8e1e-26931d2012f4}", "EventSourceName": "Service Control Manager"}}, "EventID": {"#attributes": {"Qualifiers": 16384}, "#text": 7036}, "Version": 0, "Level": 4, "Task": 0, "Opcode": 0, "Keywords": "0x8080000000000000", "TimeCreated": {"#attributes": {"SystemTime": "2025-08-13T11:01:29.674632Z"}}, "EventRecordID": 1006, "Correlation": null, "Execution": {"#attributes": {"ProcessID": 724, "ThreadID": 1164}}, "Channel": "System", "Computer": "DC01", "Security": null}, "EventData": {"param1": "HvHost", "param2": "running", "Binary": "4800760048006F00730074002F0034000000"}}},
{"TimeGenerated": "2025-08-13T11:01:29.705472Z", "EventID": {"#attributes": {"Qualifiers": 16384}, "#text": 7036}, "Computer": "DC01", "RawEvent": {"#attributes": {"xmlns": "http://schemas.microsoft.com/win/2004/08/events/event"}, "System": {"Provider": {"#attributes": {"Name": "Service Control Manager", "Guid": "{555908d1-a6d7-4695-8e1e-26931d2012f4}", "EventSourceName": "Service Control Manager"}}, "EventID": {"#attributes": {"Qualifiers": 16384}, "#text": 7036}, "Version": 0, "Level": 4, "Task": 0, "Opcode": 0, "Keywords": "0x8080000000000000", "TimeCreated": {"#attributes": {"SystemTime": "2025-08-13T11:01:29.705472Z"}}, "EventRecordID": 1007, "Correlation": null, "Execution": {"#attributes": {"ProcessID": 724, "ThreadID": 1160}}, "Channel": "System", "Computer": "DC01", "Security": null}, "EventData": {"param1": "EventLog", "param2": "running", "Binary": "4500760065006E0074004C006F0067002F0034000000"}}},
{"TimeGenerated": "2025-08-13T11:01:29.721094Z", "EventID": {"#attributes": {"Qualifiers": 16384}, "#text": 7036}, "Computer": "DC01", "RawEvent": {"#attributes": {"xmlns": "http://schemas.microsoft.com/win/2004/08/events/event"}, "System": {"Provider": {"#attributes": {"Name": "Service Control Manager", "Guid": "{555908d1-a6d7-4695-8e1e-26931d2012f4}", "EventSourceName": "Service Control Manager"}}, "EventID": {"#attributes": {"Qualifiers": 16384}, "#text": 7036}, "Version": 0, "Level": 4, "Task": 0, "Opcode": 0, "Keywords": "0x8080000000000000", "TimeCreated": {"#attributes": {"SystemTime": "2025-08-13T11:01:29.721094Z"}}, "EventRecordID": 1008, "Correlation": null, "Execution": {"#attributes": {"ProcessID": 724, "ThreadID": 824}}, "Channel": "System", "Computer": "DC01", "Security": null}, "EventData": {"param1": "nsi", "param2": "running", "Binary": "6E00730069002F0034000000"}}},
{"TimeGenerated": "2025-08-13T11:01:29.732201Z", "EventID": 6, "Computer": "DC01", "RawEvent": {"#attributes": {"xmlns": "http://schemas.microsoft.com/win/2004/08/events/event"}, "System": {"Provider": {"#attributes": {"Name": "Microsoft-Windows-FilterManager", "Guid": "F3C5E28E-63F6-49C7-A204-E48A1BC4B09D"}}, "EventID": 6, "Version": 0, "Level": 4, "Task": 0, "Opcode": 0, "Keywords": "0x8000000000000000", "TimeCreated": {"#attributes": {"SystemTime": "2025-08-13T11:01:29.732201Z"}}, "EventRecordID": 1009, "Correlation": null, "Execution": {"#attributes": {"ProcessID": 4, "ThreadID": 296}}, "Channel": "System", "Computer": "DC01", "Security": {"#attributes": {"UserID": "S-1-5-18"}}}, "EventData": {"FinalStatus": "0x0", "DeviceVersionMajor": 10, "DeviceVersionMinor": 0, "DeviceNameLength": 5, "DeviceName": "wcifs", "DeviceTime": "2046-04-07T00:59:48.000000Z"}}},
{"TimeGenerated": "2025-08-13T11:01:29.745414Z", "EventID": 6, "Computer": "DC01", "RawEvent": {"#attributes": {"xmlns": "http://schemas.microsoft.com/win/2004/08/events/event"}, "System": {"Provider": {"#attributes": {"Name": "Microsoft-Windows-FilterManager", "Guid": "F3C5E28E-63F6-49C7-A204-E48A1BC4B09D"}}, "EventID": 6, "Version": 0, "Level": 4, "Task": 0, "Opcode": 0, "Keywords": "0x8000000000000000", "TimeCreated": {"#attributes": {"SystemTime": "2025-08-13T11:01:29.745414Z"}}, "EventRecordID": 1010, "Correlation": null, "Execution": {"#attributes": {"ProcessID": 4, "ThreadID": 232}}, "Channel": "System", "Computer": "DC01", "Security": {"#attributes": {"UserID": "S-1-5-18"}}}, "EventData": {"FinalStatus": "0x0", "DeviceVersionMajor": 10, "DeviceVersionMinor": 0, "DeviceNameLength": 5, "DeviceName": "luafv", "DeviceTime": "2004-12-24T20:21:01.000000Z"}}},
{"TimeGenerated": "2025-08-13T11:01:29.759192Z", "EventID": 6, "Computer": "DC01", "RawEvent": {"#attributes": {"xmlns": "http://schemas.microsoft.com/win/2004/08/events/event"}, "System": {"Provider": {"#attributes": {"Name": "Microsoft-Windows-FilterManager", "Guid": "F3C5E28E-63F6-49C7-A204-E48A1BC4B09D"}}, "EventID": 6, "Version": 0, "Level": 4, "Task": 0, "Opcode": 0, "Keywords": "0x8000000000000000", "TimeCreated": {"#attributes": {"SystemTime": "2025-08-13T11:01:29.759192Z"}}, "EventRecordID": 1011, "Correlation": null, "Execution": {"#attributes": {"ProcessID": 4, "ThreadID": 232}}, "Channel": "System", "Computer": "DC01", "Security": {"#attributes": {"UserID": "S-1-5-18"}}}, "EventData": {"FinalStatus": "0x0", "DeviceVersionMajor": 10, "DeviceVersionMinor": 0, "DeviceNameLength": 6, "DeviceName": "CldFlt", "DeviceTime": "1983-11-13T18:18:55.000000Z"}}},
{"TimeGenerated": "2025-08-13T11:01:29.759198Z", "EventID": 1, "Computer": "DC01", "RawEvent": {"#attributes": {"xmlns": "http://schemas.microsoft.com/win/2004/08/events/event"}, "System": {"Provider": {"#attributes": {"Name": "Microsoft-Windows-FilterManager", "Guid": "F3C5E28E-63F6-49C7-A204-E48A1BC4B09D"}}, "EventID": 1, "Version": 0, "Level": 4, "Task": 0, "Opcode": 0, "Keywords": "0x8000000000000000", "TimeCreated": {"#attributes": {"SystemTime": "2025-08-13T11:01:29.759198Z"}}, "EventRecordID": 1012, "Correlation": null, "Execution": {"#attributes": {"ProcessID": 4, "ThreadID": 232}}, "Channel": "System", "Computer": "DC01", "Security": {"#attributes": {"UserID": "S-1-5-18"}}}, "EventData": {"FinalStatus": "0x0", "DeviceVersionMajor": 10, "DeviceVersionMinor": 0, "DeviceNameLength": 6, "DeviceName": "CldFlt", "DeviceTime": "1983-11-13T18:18:55.000000Z"}}},
{"TimeGenerated": "2025-08-13T11:01:29.759450Z", "EventID": 6, "Computer": "DC01", "RawEvent": {"#attributes": {"xmlns": "http://schemas.microsoft.com/win/2004/08/events/event"}, "System": {"Provider": {"#attributes": {"Name": "Microsoft-Windows-FilterManager", "Guid": "F3C5E28E-63F6-49C7-A204-E48A1BC4B09D"}}, "EventID": 6, "Version": 0, "Level": 4, "Task": 0, "Opcode": 0, "Keywords": "0x8000000000000000", "TimeCreated": {"#attributes": {"SystemTime": "2025-08-13T11:01:29.759450Z"}}, "EventRecordID": 1013, "Correlation": null, "Execution": {"#attributes": {"ProcessID": 4, "ThreadID": 232}}, "Channel": "System", "Computer": "DC01", "Security": {"#attributes": {"UserID": "S-1-5-18"}}}, "EventData": {"FinalStatus": "0x0", "DeviceVersionMajor": 10, "DeviceVersionMinor": 0, "DeviceNameLength": 6, "DeviceName": "CldFlt", "DeviceTime": "1983-11-13T18:18:55.000000Z"}}},
{"TimeGenerated": "2025-08-13T11:01:29.764984Z", "EventID": 6, "Computer": "DC01", "RawEvent": {"#attributes": {"xmlns": "http://schemas.microsoft.com/win/2004/08/events/event"}, "System": {"Provider": {"#attributes": {"Name": "Microsoft-Windows-FilterManager", "Guid": "F3C5E28E-63F6-49C7-A204-E48A1BC4B09D"}}, "EventID": 6, "Version": 0, "Level": 4, "Task": 0, "Opcode": 0, "Keywords": "0x8000000000000000", "TimeCreated": {"#attributes": {"SystemTime": "2025-08-13T11:01:29.764984Z"}}, "EventRecordID": 1014, "Correlation": null, "Execution": {"#attributes": {"ProcessID": 4, "ThreadID": 232}}, "Channel": "System", "Computer": "DC01", "Security": {"#attributes": {"UserID": "S-1-5-18"}}}, "EventData": {"FinalStatus": "0x0", "DeviceVersionMajor": 10, "DeviceVersionMinor": 0, "DeviceNameLength": 10, "DeviceName": "storqosflt", "DeviceTime": "2004-08-10T09:55:11.000000Z"}}},
{"TimeGenerated": "2025-08-13T11:01:29.769299Z", "EventID": 50036, "Computer": "DC01", "RawEvent": {"#attributes": {"xmlns": "http://schemas.microsoft.com/win/2004/08/events/event"}, "System": {"Provider": {"#attributes": {"Name": "Microsoft-Windows-Dhcp-Client", "Guid": "15A7A4F8-0072-4EAB-ABAD-F98A4D666AED"}}, "EventID": 50036, "Version": 0, "Level": 4, "Task": 4, "Opcode": 68, "Keywords": "0x2000000000000000", "TimeCreated": {"#attributes": {"SystemTime": "2025-08-13T11:01:29.769299Z"}}, "EventRecordID": 1015, "Correlation": null, "Execution": {"#attributes": {"ProcessID": 1476, "ThreadID": 1556}}, "Channel": "System", "Computer": "DC01", "Security": {"#attributes": {"UserID": "S-1-5-19"}}}, "EventData": null}},
{"TimeGenerated": "2025-08-13T11:01:29.769544Z", "EventID": 50103, "Computer": "DC01", "RawEvent": {"#attributes": {"xmlns": "http://schemas.microsoft.com/win/2004/08/events/event"}, "System": {"Provider": {"#attributes": {"Name": "Microsoft-Windows-Dhcp-Client", "Guid": "15A7A4F8-0072-4EAB-ABAD-F98A4D666AED"}}, "EventID": 50103, "Version": 0, "Level": 4, "Task": 4, "Opcode": 129, "Keywords": "0x2000000000000000", "TimeCreated": {"#attributes": {"SystemTime": "2025-08-13T11:01:29.769544Z"}}, "EventRecordID": 1016, "Correlation": null, "Execution": {"#attributes": {"ProcessID": 1476, "ThreadID": 1556}}, "Channel": "System", "Computer": "DC01", "Security": {"#attributes": {"UserID": "S-1-5-19"}}}, "EventData": null}},
{"TimeGenerated": "2025-08-13T11:01:29.778923Z", "EventID": 51046, "Computer": "DC01", "RawEvent": {"#attributes": {"xmlns": "http://schemas.microsoft.com/win/2004/08/events/event"}, "System": {"Provider": {"#attributes": {"Name": "Microsoft-Windows-DHCPv6-Client", "Guid": "6A1F2B00-6A90-4C38-95A5-5CAB3B056778"}}, "EventID": 51046, "Version": 0, "Level": 4, "Task": 4, "Opcode": 62, "Keywords": "0x2000000000000000", "TimeCreated": {"#attributes": {"SystemTime": "2025-08-13T11:01:29.778923Z"}}, "EventRecordID": 1017, "Correlation": null, "Execution": {"#attributes": {"ProcessID": 1476, "ThreadID": 1644}}, "Channel": "System", "Computer": "DC01", "Security": {"#attributes": {"UserID": "S-1-5-19"}}}, "EventData": null}},
{"TimeGenerated": "2025-08-13T11:01:29.767989Z", "EventID": {"#attributes": {"Qualifiers": 16384}, "#text": 7036}, "Computer": "DC01", "RawEvent": {"#attributes": {"xmlns": "http://schemas.microsoft.com/win/2004/08/events/event"}, "System": {"Provider": {"#attributes": {"Name": "Service Control Manager", "Guid": "{555908d1-a6d7-4695-8e1e-26931d2012f4}", "EventSourceName": "Service Control Manager"}}, "EventID": {"#attributes": {"Qualifiers": 16384}, "#text": 7036}, "Version": 0, "Level": 4, "Task": 0, "Opcode": 0, "Keywords": "0x8080000000000000", "TimeCreated": {"#attributes": {"SystemTime": "2025-08-13T11:01:29.767989Z"}}, "EventRecordID": 1018, "Correlation": null, "Execution": {"#attributes": {"ProcessID": 724, "ThreadID": 1152}}, "Channel": "System", "Computer": "DC01", "Security": null}, "EventData": {"param1": "gpsvc", "param2": "running", "Binary": "670070007300760063002F0034000000"}}},
{"TimeGenerated": "2025-08-13T11:01:29.783598Z", "EventID": {"#attributes": {"Qualifiers": 16384}, "#text": 7036}, "Computer": "DC01", "RawEvent": {"#attributes": {"xmlns": "http://schemas.microsoft.com/win/2004/08/events/event"}, "System": {"Provider": {"#attributes": {"Name": "Service Control Manager", "Guid": "{555908d1-a6d7-4695-8e1e-26931d2012f4}", "EventSourceName": "Service Control Manager"}}, "EventID": {"#attributes": {"Qualifiers": 16384}, "#text": 7036}, "Version": 0, "Level": 4, "Task": 0, "Opcode": 0, "Keywords": "0x8080000000000000", "TimeCreated": {"#attributes": {"SystemTime": "2025-08-13T11:01:29.783598Z"}}, "EventRecordID": 1019, "Correlation": null, "Execution": {"#attributes": {"ProcessID": 724, "ThreadID": 1256}}, "Channel": "System", "Computer": "DC01", "Security": null}, "EventData": {"param1": "WPDBusEnum", "param2": "running", "Binary": "57005000440042007500730045006E0075006D002F0034000000"}}},
{"TimeGenerated": "2025-08-13T11:01:29.783598Z", "EventID": {"#attributes": {"Qualifiers": 16384}, "#text": 7036}, "Computer": "DC01", "RawEvent": {"#attributes": {"xmlns": "http://schemas.microsoft.com/win/2004/08/events/event"}, "System": {"Provider": {"#attributes": {"Name": "Service Control Manager", "Guid": "{555908d1-a6d7-4695-8e1e-26931d2012f4}", "EventSourceName": "Service Control Manager"}}, "EventID": {"#attributes": {"Qualifiers": 16384}, "#text": 7036}, "Version": 0, "Level": 4, "Task": 0, "Opcode": 0, "Keywords": "0x8080000000000000", "TimeCreated": {"#attributes": {"SystemTime": "2025-08-13T11:01:29.783598Z"}}, "EventRecordID": 1020, "Correlation": null, "Execution": {"#attributes": {"ProcessID": 724, "ThreadID": 1184}}, "Channel": "System", "Computer": "DC01", "Security": null}, "EventData": {"param1": "Dhcp", "param2": "running", "Binary": "44006800630070002F0034000000"}}},
{"TimeGenerated": "2025-08-13T11:01:29.783598Z", "EventID": {"#attributes": {"Qualifiers": 16384}, "#text": 7036}, "Computer": "DC01", "RawEvent": {"#attributes": {"xmlns": "http://schemas.microsoft.com/win/2004/08/events/event"}, "System": {"Provider": {"#attributes": {"Name": "Service Control Manager", "Guid": "{555908d1-a6d7-4695-8e1e-26931d2012f4}", "EventSourceName": "Service Control Manager"}}, "EventID": {"#attributes": {"Qualifiers": 16384}, "#text": 7036}, "Version": 0, "Level": 4, "Task": 0, "Opcode": 0, "Keywords": "0x8080000000000000", "TimeCreated": {"#attributes": {"SystemTime": "2025-08-13T11:01:29.783598Z"}}, "EventRecordID": 1021, "Correlation": null, "Execution": {"#attributes": {"ProcessID": 724, "ThreadID": 1184}}, "Channel": "System", "Computer": "DC01", "Security": null}, "EventData": {"param1": "Themes", "param2": "running", "Binary": "5400680065006D00650073002F0034000000"}}},
{"TimeGenerated": "2025-08-13T11:01:29.783598Z", "EventID": {"#attributes": {"Qualifiers": 16384}, "#text": 7036}, "Computer": "DC01", "RawEvent": {"#attributes": {"xmlns": "http://schemas.microsoft.com/win/2004/08/events/event"}, "System": {"Provider": {"#attributes": {"Name": "Service Control Manager", "Guid": "{555908d1-a6d7-4695-8e1e-26931d2012f4}", "EventSourceName": "Service Control Manager"}}, "EventID": {"#attributes": {"Qualifiers": 16384}, "#text": 7036}, "Version": 0, "Level": 4, "Task": 0, "Opcode": 0, "Keywords": "0x8080000000000000", "TimeCreated": {"#attributes": {"SystemTime": "2025-08-13T11:01:29.783598Z"}}, "EventRecordID": 1022, "Correlation": null, "Execution": {"#attributes": {"ProcessID": 724, "ThreadID": 1256}}, "Channel": "System", "Computer": "DC01", "Security": null}, "EventData": {"param1": "FontCache", "param2": "running", "Binary": "46006F006E007400430061006300680065002F0034000000"}}},
{"TimeGenerated": "2025-08-13T11:01:29.799373Z", "EventID": {"#attributes": {"Qualifiers": 16384}, "#text": 7036}, "Computer": "DC01", "RawEvent": {"#attributes": {"xmlns": "http://schemas.microsoft.com/win/2004/08/events/event"}, "System": {"Provider": {"#attributes": {"Name": "Service Control Manager", "Guid": "{555908d1-a6d7-4695-8e1e-26931d2012f4}", "EventSourceName": "Service Control Manager"}}, "EventID": {"#attributes": {"Qualifiers": 16384}, "#text": 7036}, "Version": 0, "Level": 4, "Task": 0, "Opcode": 0, "Keywords": "0x8080000000000000", "TimeCreated": {"#attributes": {"SystemTime": "2025-08-13T11:01:29.799373Z"}}, "EventRecordID": 1023, "Correlation": null, "Execution": {"#attributes": {"ProcessID": 724, "ThreadID": 1160}}, "Channel": "System", "Computer": "DC01", "Security": null}, "EventData": {"param1": "EventSystem", "param2": "running", "Binary": "4500760065006E007400530079007300740065006D002F0034000000"}}},
{"TimeGenerated": "2025-08-13T11:01:29.799373Z", "EventID": {"#attributes": {"Qualifiers": 16384}, "#text": 7036}, "Computer": "DC01", "RawEvent": {"#attributes": {"xmlns": "http://schemas.microsoft.com/win/2004/08/events/event"}, "System": {"Provider": {"#attributes": {"Name": "Service Control Manager", "Guid": "{555908d1-a6d7-4695-8e1e-26931d2012f4}", "EventSourceName": "Service Control Manager"}}, "EventID": {"#attributes": {"Qualifiers": 16384}, "#text": 7036}, "Version": 0, "Level": 4, "Task": 0, "Opcode": 0, "Keywords": "0x8080000000000000", "TimeCreated": {"#attributes": {"SystemTime": "2025-08-13T11:01:29.799373Z"}}, "EventRecordID": 1024, "Correlation": null, "Execution": {"#attributes": {"ProcessID": 724, "ThreadID": 1160}}, "Channel": "System", "Computer": "DC01", "Security": null}, "EventData": {"param1": "TrustedInstaller", "param2": "running", "Binary": "540072007500730074006500640049006E007300740061006C006C00650072002F0034000000"}}},
{"TimeGenerated": "2025-08-13T11:01:29.799373Z", "EventID": {"#attributes": {"Qualifiers": 16384}, "#text": 7036}, "Computer": "DC01", "RawEvent": {"#attributes": {"xmlns": "http://schemas.microsoft.com/win/2004/08/events/event"}, "System": {"Provider": {"#attributes": {"Name": "Service Control Manager", "Guid": "{555908d1-a6d7-4695-8e1e-26931d2012f4}", "EventSourceName": "Service Control Manager"}}, "EventID": {"#attributes": {"Qualifiers": 16384}, "#text": 7036}, "Version": 0, "Level": 4, "Task": 0, "Opcode": 0, "Keywords": "0x8080000000000000", "TimeCreated": {"#attributes": {"SystemTime": "2025-08-13T11:01:29.799373Z"}}, "EventRecordID": 1025, "Correlation": null, "Execution": {"#attributes": {"ProcessID": 724, "ThreadID": 1160}}, "Channel": "System", "Computer": "DC01", "Security": null}, "EventData": {"param1": "ProfSvc", "param2": "running", "Binary": "500072006F0066005300760063002F0034000000"}}},
{"TimeGenerated": "2025-08-13T11:01:29.814971Z", "EventID": {"#attributes": {"Qualifiers": 16384}, "#text": 7036}, "Computer": "DC01", "RawEvent": {"#attributes": {"xmlns": "http://schemas.microsoft.com/win/2004/08/events/event"}, "System": {"Provider": {"#attributes": {"Name": "Service Control Manager", "Guid": "{555908d1-a6d7-4695-8e1e-26931d2012f4}", "EventSourceName": "Service Control Manager"}}, "EventID": {"#attributes": {"Qualifiers": 16384}, "#text": 7036}, "Version": 0, "Level": 4, "Task": 0, "Opcode": 0, "Keywords": "0x8080000000000000", "TimeCreated": {"#attributes": {"SystemTime": "2025-08-13T11:01:29.814971Z"}}, "EventRecordID": 1026, "Correlation": null, "Execution": {"#attributes": {"ProcessID": 724, "ThreadID": 1184}}, "Channel": "System", "Computer": "DC01", "Security": null}, "EventData": {"param1": "SENS", "param2": "running", "Binary": "530045004E0053002F0034000000"}}},
{"TimeGenerated": "2025-08-13T11:01:29.814971Z", "EventID": {"#attributes": {"Qualifiers": 16384}, "#text": 7036}, "Computer": "DC01", "RawEvent": {"#attributes": {"xmlns": "http://schemas.microsoft.com/win/2004/08/events/event"}, "System": {"Provider": {"#attributes": {"Name": "Service Control Manager", "Guid": "{555908d1-a6d7-4695-8e1e-26931d2012f4}", "EventSourceName": "Service Control Manager"}}, "EventID": {"#attributes": {"Qualifiers": 16384}, "#text": 7036}, "Version": 0, "Level": 4, "Task": 0, "Opcode": 0, "Keywords": "0x8080000000000000", "TimeCreated": {"#attributes": {"SystemTime": "2025-08-13T11:01:29.814971Z"}}, "EventRecordID": 1027, "Correlation": null, "Execution": {"#attributes": {"ProcessID": 724, "ThreadID": 1184}}, "Channel": "System", "Computer": "DC01", "Security": null}, "EventData": {"param1": "Dnscache", "param2": "running", "Binary": "44006E007300630061006300680065002F0034000000"}}},
{"TimeGenerated": "2025-08-13T11:01:29.830471Z", "EventID": {"#attributes": {"Qualifiers": 16384}, "#text": 7036}, "Computer": "DC01", "RawEvent": {"#attributes": {"xmlns": "http://schemas.microsoft.com/win/2004/08/events/event"}, "System": {"Provider": {"#attributes": {"Name": "Service Control Manager", "Guid": "{555908d1-a6d7-4695-8e1e-26931d2012f4}", "EventSourceName": "Service Control Manager"}}, "EventID": {"#attributes": {"Qualifiers": 16384}, "#text": 7036}, "Version": 0, "Level": 4, "Task": 0, "Opcode": 0, "Keywords": "0x8080000000000000", "TimeCreated": {"#attributes": {"SystemTime": "2025-08-13T11:01:29.830471Z"}}, "EventRecordID": 1028, "Correlation": null, "Execution": {"#attributes": {"ProcessID": 724, "ThreadID": 1184}}, "Channel": "System", "Computer": "DC01", "Security": null}, "EventData": {"param1": "NlaSvc", "param2": "running", "Binary": "4E006C0061005300760063002F0034000000"}}},
