{"TimeGenerated": "2025-06-08T20:13:05.593083Z", "EventID": 98, "Computer": "DC01.pirate.htb", "RawEvent": {"#attributes": {"xmlns": "http://schemas.microsoft.com/win/2004/08/events/event"}, "System": {"Provider": {"#attributes": {"Name": "Microsoft-Windows-Ntfs", "Guid": "3FF37A1C-A68D-4D6E-8C9B-F79E8B16C482"}}, "EventID": 98, "Version": 0, "Level": 4, "Task": 0, "Opcode": 0, "Keywords": "0x8000000000000002", "TimeCreated": {"#attributes": {"SystemTime": "2025-06-08T20:13:05.593083Z"}}, "EventRecordID": 1715, "Correlation": null, "Execution": {"#attributes": {"ProcessID": 4, "ThreadID": 224}}, "Channel": "System", "Computer": "DC01.pirate.htb", "Security": {"#attributes": {"UserID": "S-1-5-18"}}}, "EventData": {"DriveName": "C:", "DeviceName": "\\Device\\HarddiskVolume4", "CorruptionActionState": 0}}},
{"TimeGenerated": "2025-06-08T20:13:05.627092Z", "EventID": 6, "Computer": "DC01.pirate.htb", "RawEvent": {"#attributes": {"xmlns": "http://schemas.microsoft.com/win/2004/08/events/event"}, "System": {"Provider": {"#attributes": {"Name": "Microsoft-Windows-FilterManager", "Guid": "F3C5E28E-63F6-49C7-A204-E48A1BC4B09D"}}, "EventID": 6, "Version": 0, "Level": 4, "Task": 0, "Opcode": 0, "Keywords": "0x8000000000000000", "TimeCreated": {"#attributes": {"SystemTime": "2025-06-08T20:13:05.627092Z"}}, "EventRecordID": 1716, "Correlation": null, "Execution": {"#attributes": {"ProcessID": 4, "ThreadID": 8}}, "Channel": "System", "Computer": "DC01.pirate.htb", "Security": {"#attributes": {"UserID": "S-1-5-18"}}}, "EventData": {"FinalStatus": "0x0", "DeviceVersionMajor": 10, "DeviceVersionMinor": 0, "DeviceNameLength": 9, "DeviceName": "FileCrypt", "DeviceTime": "2034-08-13T07:30:12.000000Z"}}},
{"TimeGenerated": "2025-06-08T20:13:05.629431Z", "EventID": 6, "Computer": "DC01.pirate.htb", "RawEvent": {"#attributes": {"xmlns": "http://schemas.microsoft.com/win/2004/08/events/event"}, "System": {"Provider": {"#attributes": {"Name": "Microsoft-Windows-FilterManager", "Guid": "F3C5E28E-63F6-49C7-A204-E48A1BC4B09D"}}, "EventID": 6, "Version": 0, "Level": 4, "Task": 0, "Opcode": 0, "Keywords": "0x8000000000000000", "TimeCreated": {"#attributes": {"SystemTime": "2025-06-08T20:13:05.629431Z"}}, "EventRecordID": 1717, "Correlation": null, "Execution": {"#attributes": {"ProcessID": 4, "ThreadID": 8}}, "Channel": "System", "Computer": "DC01.pirate.htb", "Security": {"#attributes": {"UserID": "S-1-5-18"}}}, "EventData": {"FinalStatus": "0x0", "DeviceVersionMajor": 10, "DeviceVersionMinor": 0, "DeviceNameLength": 9, "DeviceName": "DfsDriver", "DeviceTime": "1975-08-18T05:58:38.000000Z"}}},
{"TimeGenerated": "2025-06-08T20:13:05.681911Z", "EventID": 6, "Computer": "DC01.pirate.htb", "RawEvent": {"#attributes": {"xmlns": "http://schemas.microsoft.com/win/2004/08/events/event"}, "System": {"Provider": {"#attributes": {"Name": "Microsoft-Windows-FilterManager", "Guid": "F3C5E28E-63F6-49C7-A204-E48A1BC4B09D"}}, "EventID": 6, "Version": 0, "Level": 4, "Task": 0, "Opcode": 0, "Keywords": "0x8000000000000000", "TimeCreated": {"#attributes": {"SystemTime": "2025-06-08T20:13:05.681911Z"}}, "EventRecordID": 1718, "Correlation": null, "Execution": {"#attributes": {"ProcessID": 4, "ThreadID": 8}}, "Channel": "System", "Computer": "DC01.pirate.htb", "Security": {"#attributes": {"UserID": "S-1-5-18"}}}, "EventData": {"FinalStatus": "0x0", "DeviceVersionMajor": 10, "DeviceVersionMinor": 0, "DeviceNameLength": 9, "DeviceName": "npsvctrig", "DeviceTime": "2037-02-22T23:11:04.000000Z"}}},
{"TimeGenerated": "2025-06-08T20:13:05.705184Z", "EventID": 172, "Computer": "DC01.pirate.htb", "RawEvent": {"#attributes": {"xmlns": "http://schemas.microsoft.com/win/2004/08/events/event"}, "System": {"Provider": {"#attributes": {"Name": "Microsoft-Windows-Kernel-Power", "Guid": "331C3B3A-2005-44C2-AC5E-77220C37D6B4"}}, "EventID": 172, "Version": 0, "Level": 4, "Task": 203, "Opcode": 0, "Keywords": "0x8000000000000404", "TimeCreated": {"#attributes": {"SystemTime": "2025-06-08T20:13:05.705184Z"}}, "EventRecordID": 1719, "Correlation": null, "Execution": {"#attributes": {"ProcessID": 4, "ThreadID": 224}}, "Channel": "System", "Computer": "DC01.pirate.htb", "Security": {"#attributes": {"UserID": "S-1-5-18"}}}, "EventData": {"State": 2, "Reason": 6}}},
{"TimeGenerated": "2025-06-08T20:13:05.907475Z", "EventID": 55, "Computer": "DC01.pirate.htb", "RawEvent": {"#attributes": {"xmlns": "http://schemas.microsoft.com/win/2004/08/events/event"}, "System": {"Provider": {"#attributes": {"Name": "Microsoft-Windows-Kernel-Processor-Power", "Guid": "0F67E49F-FE51-4E9F-B490-6F2948CC6027"}}, "EventID": 55, "Version": 0, "Level": 4, "Task": 47, "Opcode": 0, "Keywords": "0x8000000000000000", "TimeCreated": {"#attributes": {"SystemTime": "2025-06-08T20:13:05.907475Z"}}, "EventRecordID": 1720, "Correlation": null, "Execution": {"#attributes": {"ProcessID": 4, "ThreadID": 272}}, "Channel": "System", "Computer": "DC01.pirate.htb", "Security": {"#attributes": {"UserID": "S-1-5-18"}}}, "EventData": {"Group": 0, "Number": 0, "IdleStateCount": 1, "IdleImplementation": 1, "NominalFrequency": 3400, "MaximumPerformancePercent": 100, "MinimumPerformancePercent": 100, "MinimumThrottlePercent": 100, "PerformanceImplementation": 0}}},
{"TimeGenerated": "2025-06-08T20:13:05.908053Z", "EventID": 55, "Computer": "DC01.pirate.htb", "RawEvent": {"#attributes": {"xmlns": "http://schemas.microsoft.com/win/2004/08/events/event"}, "System": {"Provider": {"#attributes": {"Name": "Microsoft-Windows-Kernel-Processor-Power", "Guid": "0F67E49F-FE51-4E9F-B490-6F2948CC6027"}}, "EventID": 55, "Version": 0, "Level": 4, "Task": 47, "Opcode": 0, "Keywords": "0x8000000000000000", "TimeCreated": {"#attributes": {"SystemTime": "2025-06-08T20:13:05.908053Z"}}, "EventRecordID": 1721, "Correlation": null, "Execution": {"#attributes": {"ProcessID": 4, "ThreadID": 272}}, "Channel": "System", "Computer": "DC01.pirate.htb", "Security": {"#attributes": {"UserID": "S-1-5-18"}}}, "EventData": {"Group": 0, "Number": 1, "IdleStateCount": 1, "IdleImplementation": 1, "NominalFrequency": 3400, "MaximumPerformancePercent": 100, "MinimumPerformancePercent": 100, "MinimumThrottlePercent": 100, "PerformanceImplementation": 0}}},
{"TimeGenerated": "2025-06-08T20:13:05.908537Z", "EventID": 55, "Computer": "DC01.pirate.htb", "RawEvent": {"#attributes": {"xmlns": "http://schemas.microsoft.com/win/2004/08/events/event"}, "System": {"Provider": {"#attributes": {"Name": "Microsoft-Windows-Kernel-Processor-Power", "Guid": "0F67E49F-FE51-4E9F-B490-6F2948CC6027"}}, "EventID": 55, "Version": 0, "Level": 4, "Task": 47, "Opcode": 0, "Keywords": "0x8000000000000000", "TimeCreated": {"#attributes": {"SystemTime": "2025-06-08T20:13:05.908537Z"}}, "EventRecordID": 1722, "Correlation": null, "Execution": {"#attributes": {"ProcessID": 4, "ThreadID": 272}}, "Channel": "System", "Computer": "DC01.pirate.htb", "Security": {"#attributes": {"UserID": "S-1-5-18"}}}, "EventData": {"Group": 0, "Number": 2, "IdleStateCount": 1, "IdleImplementation": 1, "NominalFrequency": 3400, "MaximumPerformancePercent": 100, "MinimumPerformancePercent": 100, "MinimumThrottlePercent": 100, "PerformanceImplementation": 0}}},
{"TimeGenerated": "2025-06-08T20:13:05.909021Z", "EventID": 55, "Computer": "DC01.pirate.htb", "RawEvent": {"#attributes": {"xmlns": "http://schemas.microsoft.com/win/2004/08/events/event"}, "System": {"Provider": {"#attributes": {"Name": "Microsoft-Windows-Kernel-Processor-Power", "Guid": "0F67E49F-FE51-4E9F-B490-6F2948CC6027"}}, "EventID": 55, "Version": 0, "Level": 4, "Task": 47, "Opcode": 0, "Keywords": "0x8000000000000000", "TimeCreated": {"#attributes": {"SystemTime": "2025-06-08T20:13:05.909021Z"}}, "EventRecordID": 1723, "Correlation": null, "Execution": {"#attributes": {"ProcessID": 4, "ThreadID": 272}}, "Channel": "System", "Computer": "DC01.pirate.htb", "Security": {"#attributes": {"UserID": "S-1-5-18"}}}, "EventData": {"Group": 0, "Number": 3, "IdleStateCount": 1, "IdleImplementation": 1, "NominalFrequency": 3400, "MaximumPerformancePercent": 100, "MinimumPerformancePercent": 100, "MinimumThrottlePercent": 100, "PerformanceImplementation": 0}}},
{"TimeGenerated": "2025-06-08T20:13:06.163624Z", "EventID": {"#attributes": {"Qualifiers": 24580}, "#text": 32}, "Computer": "DC01.pirate.htb", "RawEvent": {"#attributes": {"xmlns": "http://schemas.microsoft.com/win/2004/08/events/event"}, "System": {"Provider": {"#attributes": {"Name": "e1iexpress"}}, "EventID": {"#attributes": {"Qualifiers": 24580}, "#text": 32}, "Level": 4, "Task": 0, "Keywords": "0x80000000000000", "TimeCreated": {"#attributes": {"SystemTime": "2025-06-08T20:13:06.163624Z"}}, "EventRecordID": 1724, "Channel": "System", "Computer": "DC01.pirate.htb", "Security": null}, "EventData": {"Data": {"#text": ["", "Intel(R) 82574L Gigabit Network Connection"]}, "Binary": "0000040002003000000000002000046000000000000000000000000000000000000000000000000020000460"}}},
{"TimeGenerated": "2025-06-08T20:13:06.184829Z", "EventID": 98, "Computer": "DC01.pirate.htb", "RawEvent": {"#attributes": {"xmlns": "http://schemas.microsoft.com/win/2004/08/events/event"}, "System": {"Provider": {"#attributes": {"Name": "Microsoft-Windows-Ntfs", "Guid": "3FF37A1C-A68D-4D6E-8C9B-F79E8B16C482"}}, "EventID": 98, "Version": 0, "Level": 4, "Task": 0, "Opcode": 0, "Keywords": "0x8000000000000002", "TimeCreated": {"#attributes": {"SystemTime": "2025-06-08T20:13:06.184829Z"}}, "EventRecordID": 1725, "Correlation": null, "Execution": {"#attributes": {"ProcessID": 4, "ThreadID": 224}}, "Channel": "System", "Computer": "DC01.pirate.htb", "Security": {"#attributes": {"UserID": "S-1-5-18"}}}, "EventData": {"DriveName": "\\\\?\\Volume{b201937d-6d9a-48d9-97d0-8c62ad1c9720}", "DeviceName": "\\Device\\HarddiskVolume1", "CorruptionActionState": 0}}},
{"TimeGenerated": "2025-06-08T20:13:06.675940Z", "EventID": 14, "Computer": "DC01.pirate.htb", "RawEvent": {"#attributes": {"xmlns": "http://schemas.microsoft.com/win/2004/08/events/event"}, "System": {"Provider": {"#attributes": {"Name": "Microsoft-Windows-Wininit", "Guid": "206F6DEA-D3C5-4D10-BC72-989F03C8B84B"}}, "EventID": 14, "Version": 0, "Level": 4, "Task": 0, "Opcode": 0, "Keywords": "0x4000000000000000", "TimeCreated": {"#attributes": {"SystemTime": "2025-06-08T20:13:06.675940Z"}}, "EventRecordID": 1726, "Correlation": null, "Execution": {"#attributes": {"ProcessID": 576, "ThreadID": 580}}, "Channel": "System", "Computer": "DC01.pirate.htb", "Security": {"#attributes": {"UserID": "S-1-5-18"}}}, "EventData": {"Config": 0, "IsTestConfig": 0}}},
{"TimeGenerated": "2025-06-08T20:13:06.679468Z", "EventID": 1, "Computer": "DC01.pirate.htb", "RawEvent": {"#attributes": {"xmlns": "http://schemas.microsoft.com/win/2004/08/events/event"}, "System": {"Provider": {"#attributes": {"Name": "Microsoft-Windows-IsolatedUserMode", "Guid": "73A33AB2-1966-4999-8ADD-868C41415269"}}, "EventID": 1, "Version": 0, "Level": 4, "Task": 0, "Opcode": 0, "Keywords": "0x8000400000000000", "TimeCreated": {"#attributes": {"SystemTime": "2025-06-08T20:13:06.679468Z"}}, "EventRecordID": 1727, "Correlation": null, "Execution": {"#attributes": {"ProcessID": 576, "ThreadID": 580}}, "Channel": "System", "Computer": "DC01.pirate.htb", "Security": {"#attributes": {"UserID": "S-1-5-18"}}}, "EventData": {"TrustletIdentity": 1, "NormalProcessId": 740, "Status": 0, "ImageName": "\\??\\C:\\Windows\\system32\\lsaiso.exe"}}},
{"TimeGenerated": "2025-06-08T20:13:06.679949Z", "EventID": 18, "Computer": "DC01.pirate.htb", "RawEvent": {"#attributes": {"xmlns": "http://schemas.microsoft.com/win/2004/08/events/event"}, "System": {"Provider": {"#attributes": {"Name": "Microsoft-Windows-Wininit", "Guid": "{206f6dea-d3c5-4d10-bc72-989f03c8b84b}"}}, "EventID": 18, "Version": 0, "Level": 4, "Task": 0, "Opcode": 0, "Keywords": "0x4000000000000000", "TimeCreated": {"#attributes": {"SystemTime": "2025-06-08T20:13:06.679949Z"}}, "EventRecordID": 1728, "Correlation": null, "Execution": {"#attributes": {"ProcessID": 576, "ThreadID": 580}}, "Channel": "System", "Computer": "DC01.pirate.htb", "Security": {"#attributes": {"UserID": "S-1-5-18"}}}, "ProcessingErrorData": {"ErrorCode": 15005, "DataItemName": "Level", "EventPayload": null}}},
{"TimeGenerated": "2025-06-08T20:13:06.891492Z", "EventID": 16962, "Computer": "DC01.pirate.htb", "RawEvent": {"#attributes": {"xmlns": "http://schemas.microsoft.com/win/2004/08/events/event"}, "System": {"Provider": {"#attributes": {"Name": "Microsoft-Windows-Directory-Services-SAM", "Guid": "0D4FDC09-8C27-494A-BDA0-505E4FD8ADAE"}}, "EventID": 16962, "Version": 0, "Level": 4, "Task": 0, "Opcode": 0, "Keywords": "0x8000000000000000", "TimeCreated": {"#attributes": {"SystemTime": "2025-06-08T20:13:06.891492Z"}}, "EventRecordID": 1729, "Correlation": {"#attributes": {"ActivityID": "BC43D9F9-D8B1-0003-76DA-43BCB1D8DB01"}}, "Execution": {"#attributes": {"ProcessID": 748, "ThreadID": 752}}, "Channel": "System", "Computer": "DC01.pirate.htb", "Security": {"#attributes": {"UserID": "S-1-5-18"}}}, "EventData": {"#attributes": {"Name": "SAMMSG_RESTRICT_REMOTE_SAM_DEFAULT_SD"}, "Default SD String:": ""}}},
{"TimeGenerated": "2025-06-08T20:13:08.024293Z", "EventID": 16977, "Computer": "DC01.pirate.htb", "RawEvent": {"#attributes": {"xmlns": "http://schemas.microsoft.com/win/2004/08/events/event"}, "System": {"Provider": {"#attributes": {"Name": "Microsoft-Windows-Directory-Services-SAM", "Guid": "0D4FDC09-8C27-494A-BDA0-505E4FD8ADAE"}}, "EventID": 16977, "Version": 0, "Level": 4, "Task": 0, "Opcode": 0, "Keywords": "0x8000000000000000", "TimeCreated": {"#attributes": {"SystemTime": "2025-06-08T20:13:08.024293Z"}}, "EventRecordID": 1730, "Correlation": null, "Execution": {"#attributes": {"ProcessID": 748, "ThreadID": 920}}, "Channel": "System", "Computer": "DC01.pirate.htb", "Security": {"#attributes": {"UserID": "S-1-5-18"}}}, "EventData": {"#attributes": {"Name": "SAMMSG_MINPWDLEN_SETTINGS_IN_EFFECT"}, "MinimumPasswordLength": 7, "MinimumPasswordLengthAudit": 0}}},
{"TimeGenerated": "2025-06-08T20:13:08.028467Z", "EventID": 16977, "Computer": "DC01.pirate.htb", "RawEvent": {"#attributes": {"xmlns": "http://schemas.microsoft.com/win/2004/08/events/event"}, "System": {"Provider": {"#attributes": {"Name": "Microsoft-Windows-Directory-Services-SAM", "Guid": "0D4FDC09-8C27-494A-BDA0-505E4FD8ADAE"}}, "EventID": 16977, "Version": 0, "Level": 4, "Task": 0, "Opcode": 0, "Keywords": "0x8000000000000000", "TimeCreated": {"#attributes": {"SystemTime": "2025-06-08T20:13:08.028467Z"}}, "EventRecordID": 1731, "Correlation": null, "Execution": {"#attributes": {"ProcessID": 748, "ThreadID": 752}}, "Channel": "System", "Computer": "DC01.pirate.htb", "Security": {"#attributes": {"UserID": "S-1-5-18"}}}, "EventData": {"#attributes": {"Name": "SAMMSG_MINPWDLEN_SETTINGS_IN_EFFECT"}, "MinimumPasswordLength": 7, "MinimumPasswordLengthAudit": -1}}},
{"TimeGenerated": "2025-06-08T20:13:08.028469Z", "EventID": 16983, "Computer": "DC01.pirate.htb", "RawEvent": {"#attributes": {"xmlns": "http://schemas.microsoft.com/win/2004/08/events/event"}, "System": {"Provider": {"#attributes": {"Name": "Microsoft-Windows-Directory-Services-SAM", "Guid": "0D4FDC09-8C27-494A-BDA0-505E4FD8ADAE"}}, "EventID": 16983, "Version": 0, "Level": 4, "Task": 0, "Opcode": 0, "Keywords": "0x8000000000000000", "TimeCreated": {"#attributes": {"SystemTime": "2025-06-08T20:13:08.028469Z"}}, "EventRecordID": 1732, "Correlation": null, "Execution": {"#attributes": {"ProcessID": 748, "ThreadID": 752}}, "Channel": "System", "Computer": "DC01.pirate.htb", "Security": {"#attributes": {"UserID": "S-1-5-18"}}}, "EventData": {"#attributes": {"Name": "SAMMSG_AUDIT_LEGACY_PWD_RPC_METHODS_OFF"}}}},
{"TimeGenerated": "2025-06-08T20:13:08.038042Z", "EventID": 16993, "Computer": "DC01.pirate.htb", "RawEvent": {"#attributes": {"xmlns": "http://schemas.microsoft.com/win/2004/08/events/event"}, "System": {"Provider": {"#attributes": {"Name": "Microsoft-Windows-Directory-Services-SAM", "Guid": "0D4FDC09-8C27-494A-BDA0-505E4FD8ADAE"}}, "EventID": 16993, "Version": 0, "Level": 4, "Task": 0, "Opcode": 0, "Keywords": "0x8000000000000000", "TimeCreated": {"#attributes": {"SystemTime": "2025-06-08T20:13:08.038042Z"}}, "EventRecordID": 1733, "Correlation": null, "Execution": {"#attributes": {"ProcessID": 748, "ThreadID": 752}}, "Channel": "System", "Computer": "DC01.pirate.htb", "Security": {"#attributes": {"UserID": "S-1-5-18"}}}, "EventData": {"#attributes": {"Name": "SAMMSG_LAPS_INIT_SUCCESS"}}}},
{"TimeGenerated": "2025-06-08T20:13:08.047419Z", "EventID": {"#attributes": {"Qualifiers": 16384}, "#text": 7036}, "Computer": "DC01.pirate.htb", "RawEvent": {"#attributes": {"xmlns": "http://schemas.microsoft.com/win/2004/08/events/event"}, "System": {"Provider": {"#attributes": {"Name": "Service Control Manager", "Guid": "{555908d1-a6d7-4695-8e1e-26931d2012f4}", "EventSourceName": "Service Control Manager"}}, "EventID": {"#attributes": {"Qualifiers": 16384}, "#text": 7036}, "Version": 0, "Level": 4, "Task": 0, "Opcode": 0, "Keywords": "0x8080000000000000", "TimeCreated": {"#attributes": {"SystemTime": "2025-06-08T20:13:08.047419Z"}}, "EventRecordID": 1734, "Correlation": null, "Execution": {"#attributes": {"ProcessID": 720, "ThreadID": 808}}, "Channel": "System", "Computer": "DC01.pirate.htb", "Security": null}, "EventData": {"param1": "PlugPlay", "param2": "running", "Binary": "50006C007500670050006C00610079002F0034000000"}}},
{"TimeGenerated": "2025-06-08T20:13:08.064508Z", "EventID": {"#attributes": {"Qualifiers": 16384}, "#text": 7036}, "Computer": "DC01.pirate.htb", "RawEvent": {"#attributes": {"xmlns": "http://schemas.microsoft.com/win/2004/08/events/event"}, "System": {"Provider": {"#attributes": {"Name": "Service Control Manager", "Guid": "{555908d1-a6d7-4695-8e1e-26931d2012f4}", "EventSourceName": "Service Control Manager"}}, "EventID": {"#attributes": {"Qualifiers": 16384}, "#text": 7036}, "Version": 0, "Level": 4, "Task": 0, "Opcode": 0, "Keywords": "0x8080000000000000", "TimeCreated": {"#attributes": {"SystemTime": "2025-06-08T20:13:08.064508Z"}}, "EventRecordID": 1735, "Correlation": null, "Execution": {"#attributes": {"ProcessID": 720, "ThreadID": 848}}, "Channel": "System", "Computer": "DC01.pirate.htb", "Security": null}, "EventData": {"param1": "Power", "param2": "running", "Binary": "50006F007700650072002F0034000000"}}},
{"TimeGenerated": "2025-06-08T20:13:08.094680Z", "EventID": {"#attributes": {"Qualifiers": 16384}, "#text": 7036}, "Computer": "DC01.pirate.htb", "RawEvent": {"#attributes": {"xmlns": "http://schemas.microsoft.com/win/2004/08/events/event"}, "System": {"Provider": {"#attributes": {"Name": "Service Control Manager", "Guid": "{555908d1-a6d7-4695-8e1e-26931d2012f4}", "EventSourceName": "Service Control Manager"}}, "EventID": {"#attributes": {"Qualifiers": 16384}, "#text": 7036}, "Version": 0, "Level": 4, "Task": 0, "Opcode": 0, "Keywords": "0x8080000000000000", "TimeCreated": {"#attributes": {"SystemTime": "2025-06-08T20:13:08.094680Z"}}, "EventRecordID": 1736, "Correlation": null, "Execution": {"#attributes": {"ProcessID": 720, "ThreadID": 848}}, "Channel": "System", "Computer": "DC01.pirate.htb", "Security": null}, "EventData": {"param1": "RpcEptMapper", "param2": "running", "Binary": "5200700063004500700074004D00610070007000650072002F0034000000"}}},
{"TimeGenerated": "2025-06-08T20:13:08.094680Z", "EventID": {"#attributes": {"Qualifiers": 16384}, "#text": 7036}, "Computer": "DC01.pirate.htb", "RawEvent": {"#attributes": {"xmlns": "http://schemas.microsoft.com/win/2004/08/events/event"}, "System": {"Provider": {"#attributes": {"Name": "Service Control Manager", "Guid": "{555908d1-a6d7-4695-8e1e-26931d2012f4}", "EventSourceName": "Service Control Manager"}}, "EventID": {"#attributes": {"Qualifiers": 16384}, "#text": 7036}, "Version": 0, "Level": 4, "Task": 0, "Opcode": 0, "Keywords": "0x8080000000000000", "TimeCreated": {"#attributes": {"SystemTime": "2025-06-08T20:13:08.094680Z"}}, "EventRecordID": 1737, "Correlation": null, "Execution": {"#attributes": {"ProcessID": 720, "ThreadID": 808}}, "Channel": "System", "Computer": "DC01.pirate.htb", "Security": null}, "EventData": {"param1": "DcomLaunch", "param2": "running", "Binary": "440063006F006D004C00610075006E00630068002F0034000000"}}},
{"TimeGenerated": "2025-06-08T20:13:08.094680Z", "EventID": {"#attributes": {"Qualifiers": 16384}, "#text": 7036}, "Computer": "DC01.pirate.htb", "RawEvent": {"#attributes": {"xmlns": "http://schemas.microsoft.com/win/2004/08/events/event"}, "System": {"Provider": {"#attributes": {"Name": "Service Control Manager", "Guid": "{555908d1-a6d7-4695-8e1e-26931d2012f4}", "EventSourceName": "Service Control Manager"}}, "EventID": {"#attributes": {"Qualifiers": 16384}, "#text": 7036}, "Version": 0, "Level": 4, "Task": 0, "Opcode": 0, "Keywords": "0x8080000000000000", "TimeCreated": {"#attributes": {"SystemTime": "2025-06-08T20:13:08.094680Z"}}, "EventRecordID": 1738, "Correlation": null, "Execution": {"#attributes": {"ProcessID": 720, "ThreadID": 808}}, "Channel": "System", "Computer": "DC01.pirate.htb", "Security": null}, "EventData": {"param1": "RpcSs", "param2": "running", "Binary": "520070006300530073002F0034000000"}}},
{"TimeGenerated": "2025-06-08T20:13:08.109943Z", "EventID": {"#attributes": {"Qualifiers": 16384}, "#text": 7036}, "Computer": "DC01.pirate.htb", "RawEvent": {"#attributes": {"xmlns": "http://schemas.microsoft.com/win/2004/08/events/event"}, "System": {"Provider": {"#attributes": {"Name": "Service Control Manager", "Guid": "{555908d1-a6d7-4695-8e1e-26931d2012f4}", "EventSourceName": "Service Control Manager"}}, "EventID": {"#attributes": {"Qualifiers": 16384}, "#text": 7036}, "Version": 0, "Level": 4, "Task": 0, "Opcode": 0, "Keywords": "0x8080000000000000", "TimeCreated": {"#attributes": {"SystemTime": "2025-06-08T20:13:08.109943Z"}}, "EventRecordID": 1739, "Correlation": null, "Execution": {"#attributes": {"ProcessID": 720, "ThreadID": 840}}, "Channel": "System", "Computer": "DC01.pirate.htb", "Security": null}, "EventData": {"param1": "LSM", "param2": "running", "Binary": "4C0053004D002F0034000000"}}},
{"TimeGenerated": "2025-06-08T20:13:08.142119Z", "EventID": {"#attributes": {"Qualifiers": 16384}, "#text": 7036}, "Computer": "DC01.pirate.htb", "RawEvent": {"#attributes": {"xmlns": "http://schemas.microsoft.com/win/2004/08/events/event"}, "System": {"Provider": {"#attributes": {"Name": "Service Control Manager", "Guid": "{555908d1-a6d7-4695-8e1e-26931d2012f4}", "EventSourceName": "Service Control Manager"}}, "EventID": {"#attributes": {"Qualifiers": 16384}, "#text": 7036}, "Version": 0, "Level": 4, "Task": 0, "Opcode": 0, "Keywords": "0x8080000000000000", "TimeCreated": {"#attributes": {"SystemTime": "2025-06-08T20:13:08.142119Z"}}, "EventRecordID": 1740, "Correlation": null, "Execution": {"#attributes": {"ProcessID": 720, "ThreadID": 840}}, "Channel": "System", "Computer": "DC01.pirate.htb", "Security": null}, "EventData": {"param1": "BrokerInfrastructure", "param2": "running", "Binary": "420072006F006B006500720049006E006600720061007300740072007500630074007500720065002F0034000000"}}},
{"TimeGenerated": "2025-06-08T20:13:08.142119Z", "EventID": {"#attributes": {"Qualifiers": 16384}, "#text": 7036}, "Computer": "DC01.pirate.htb", "RawEvent": {"#attributes": {"xmlns": "http://schemas.microsoft.com/win/2004/08/events/event"}, "System": {"Provider": {"#attributes": {"Name": "Service Control Manager", "Guid": "{555908d1-a6d7-4695-8e1e-26931d2012f4}", "EventSourceName": "Service Control Manager"}}, "EventID": {"#attributes": {"Qualifiers": 16384}, "#text": 7036}, "Version": 0, "Level": 4, "Task": 0, "Opcode": 0, "Keywords": "0x8080000000000000", "TimeCreated": {"#attributes": {"SystemTime": "2025-06-08T20:13:08.142119Z"}}, "EventRecordID": 1741, "Correlation": null, "Execution": {"#attributes": {"ProcessID": 720, "ThreadID": 840}}, "Channel": "System", "Computer": "DC01.pirate.htb", "Security": null}, "EventData": {"param1": "SystemEventsBroker", "param2": "running", "Binary": "530079007300740065006D004500760065006E0074007300420072006F006B00650072002F0034000000"}}},
{"TimeGenerated": "2025-06-08T20:13:08.203644Z", "EventID": {"#attributes": {"Qualifiers": 16384}, "#text": 7036}, "Computer": "DC01.pirate.htb", "RawEvent": {"#attributes": {"xmlns": "http://schemas.microsoft.com/win/2004/08/events/event"}, "System": {"Provider": {"#attributes": {"Name": "Service Control Manager", "Guid": "{555908d1-a6d7-4695-8e1e-26931d2012f4}", "EventSourceName": "Service Control Manager"}}, "EventID": {"#attributes": {"Qualifiers": 16384}, "#text": 7036}, "Version": 0, "Level": 4, "Task": 0, "Opcode": 0, "Keywords": "0x8080000000000000", "TimeCreated": {"#attributes": {"SystemTime": "2025-06-08T20:13:08.203644Z"}}, "EventRecordID": 1742, "Correlation": null, "Execution": {"#attributes": {"ProcessID": 720, "ThreadID": 1076}}, "Channel": "System", "Computer": "DC01.pirate.htb", "Security": null}, "EventData": {"param1": "lmhosts", "param2": "running", "Binary": "6C006D0068006F007300740073002F0034000000"}}},
{"TimeGenerated": "2025-06-08T20:13:08.203644Z", "EventID": {"#attributes": {"Qualifiers": 16384}, "#text": 7036}, "Computer": "DC01.pirate.htb", "RawEvent": {"#attributes": {"xmlns": "http://schemas.microsoft.com/win/2004/08/events/event"}, "System": {"Provider": {"#attributes": {"Name": "Service Control Manager", "Guid": "{555908d1-a6d7-4695-8e1e-26931d2012f4}", "EventSourceName": "Service Control Manager"}}, "EventID": {"#attributes": {"Qualifiers": 16384}, "#text": 7036}, "Version": 0, "Level": 4, "Task": 0, "Opcode": 0, "Keywords": "0x8080000000000000", "TimeCreated": {"#attributes": {"SystemTime": "2025-06-08T20:13:08.203644Z"}}, "EventRecordID": 1743, "Correlation": null, "Execution": {"#attributes": {"ProcessID": 720, "ThreadID": 476}}, "Channel": "System", "Computer": "DC01.pirate.htb", "Security": null}, "EventData": {"param1": "nsi", "param2": "running", "Binary": "6E00730069002F0034000000"}}},
{"TimeGenerated": "2025-06-08T20:13:08.235117Z", "EventID": {"#attributes": {"Qualifiers": 16384}, "#text": 7036}, "Computer": "DC01.pirate.htb", "RawEvent": {"#attributes": {"xmlns": "http://schemas.microsoft.com/win/2004/08/events/event"}, "System": {"Provider": {"#attributes": {"Name": "Service Control Manager", "Guid": "{555908d1-a6d7-4695-8e1e-26931d2012f4}", "EventSourceName": "Service Control Manager"}}, "EventID": {"#attributes": {"Qualifiers": 16384}, "#text": 7036}, "Version": 0, "Level": 4, "Task": 0, "Opcode": 0, "Keywords": "0x8080000000000000", "TimeCreated": {"#attributes": {"SystemTime": "2025-06-08T20:13:08.235117Z"}}, "EventRecordID": 1744, "Correlation": null, "Execution": {"#attributes": {"ProcessID": 720, "ThreadID": 1260}}, "Channel": "System", "Computer": "DC01.pirate.htb", "Security": null}, "EventData": {"param1": "TimeBrokerSvc", "param2": "running", "Binary": "540069006D006500420072006F006B00650072005300760063002F0034000000"}}},
{"TimeGenerated": "2025-06-08T20:13:08.235117Z", "EventID": {"#attributes": {"Qualifiers": 16384}, "#text": 7036}, "Computer": "DC01.pirate.htb", "RawEvent": {"#attributes": {"xmlns": "http://schemas.microsoft.com/win/2004/08/events/event"}, "System": {"Provider": {"#attributes": {"Name": "Service Control Manager", "Guid": "{555908d1-a6d7-4695-8e1e-26931d2012f4}", "EventSourceName": "Service Control Manager"}}, "EventID": {"#attributes": {"Qualifiers": 16384}, "#text": 7036}, "Version": 0, "Level": 4, "Task": 0, "Opcode": 0, "Keywords": "0x8080000000000000", "TimeCreated": {"#attributes": {"SystemTime": "2025-06-08T20:13:08.235117Z"}}, "EventRecordID": 1745, "Correlation": null, "Execution": {"#attributes": {"ProcessID": 720, "ThreadID": 476}}, "Channel": "System", "Computer": "DC01.pirate.htb", "Security": null}, "EventData": {"param1": "HvHost", "param2": "running", "Binary": "4800760048006F00730074002F0034000000"}}},
{"TimeGenerated": "2025-06-08T20:13:08.240010Z", "EventID": 50036, "Computer": "DC01.pirate.htb", "RawEvent": {"#attributes": {"xmlns": "http://schemas.microsoft.com/win/2004/08/events/event"}, "System": {"Provider": {"#attributes": {"Name": "Microsoft-Windows-Dhcp-Client", "Guid": "15A7A4F8-0072-4EAB-ABAD-F98A4D666AED"}}, "EventID": 50036, "Version": 0, "Level": 4, "Task": 4, "Opcode": 68, "Keywords": "0x2000000000000000", "TimeCreated": {"#attributes": {"SystemTime": "2025-06-08T20:13:08.240010Z"}}, "EventRecordID": 1746, "Correlation": null, "Execution": {"#attributes": {"ProcessID": 1120, "ThreadID": 1280}}, "Channel": "System", "Computer": "DC01.pirate.htb", "Security": {"#attributes": {"UserID": "S-1-5-19"}}}, "EventData": null}},
{"TimeGenerated": "2025-06-08T20:13:08.240220Z", "EventID": 50103, "Computer": "DC01.pirate.htb", "RawEvent": {"#attributes": {"xmlns": "http://schemas.microsoft.com/win/2004/08/events/event"}, "System": {"Provider": {"#attributes": {"Name": "Microsoft-Windows-Dhcp-Client", "Guid": "15A7A4F8-0072-4EAB-ABAD-F98A4D666AED"}}, "EventID": 50103, "Version": 0, "Level": 4, "Task": 4, "Opcode": 129, "Keywords": "0x2000000000000000", "TimeCreated": {"#attributes": {"SystemTime": "2025-06-08T20:13:08.240220Z"}}, "EventRecordID": 1747, "Correlation": null, "Execution": {"#attributes": {"ProcessID": 1120, "ThreadID": 1280}}, "Channel": "System", "Computer": "DC01.pirate.htb", "Security": {"#attributes": {"UserID": "S-1-5-19"}}}, "EventData": null}},
{"TimeGenerated": "2025-06-08T20:13:08.248204Z", "EventID": 51046, "Computer": "DC01.pirate.htb", "RawEvent": {"#attributes": {"xmlns": "http://schemas.microsoft.com/win/2004/08/events/event"}, "System": {"Provider": {"#attributes": {"Name": "Microsoft-Windows-DHCPv6-Client", "Guid": "6A1F2B00-6A90-4C38-95A5-5CAB3B056778"}}, "EventID": 51046, "Version": 0, "Level": 4, "Task": 4, "Opcode": 62, "Keywords": "0x2000000000000000", "TimeCreated": {"#attributes": {"SystemTime": "2025-06-08T20:13:08.248204Z"}}, "EventRecordID": 1748, "Correlation": null, "Execution": {"#attributes": {"ProcessID": 1120, "ThreadID": 1360}}, "Channel": "System", "Computer": "DC01.pirate.htb", "Security": {"#attributes": {"UserID": "S-1-5-19"}}}, "EventData": null}},
{"TimeGenerated": "2025-06-08T20:13:08.250522Z", "EventID": {"#attributes": {"Qualifiers": 16384}, "#text": 7036}, "Computer": "DC01.pirate.htb", "RawEvent": {"#attributes": {"xmlns": "http://schemas.microsoft.com/win/2004/08/events/event"}, "System": {"Provider": {"#attributes": {"Name": "Service Control Manager", "Guid": "{555908d1-a6d7-4695-8e1e-26931d2012f4}", "EventSourceName": "Service Control Manager"}}, "EventID": {"#attributes": {"Qualifiers": 16384}, "#text": 7036}, "Version": 0, "Level": 4, "Task": 0, "Opcode": 0, "Keywords": "0x8080000000000000", "TimeCreated": {"#attributes": {"SystemTime": "2025-06-08T20:13:08.250522Z"}}, "EventRecordID": 1749, "Correlation": null, "Execution": {"#attributes": {"ProcessID": 720, "ThreadID": 1272}}, "Channel": "System", "Computer": "DC01.pirate.htb", "Security": null}, "EventData": {"param1": "Dhcp", "param2": "running", "Binary": "44006800630070002F0034000000"}}},
{"TimeGenerated": "2025-06-08T20:13:08.250522Z", "EventID": {"#attributes": {"Qualifiers": 16384}, "#text": 7036}, "Computer": "DC01.pirate.htb", "RawEvent": {"#attributes": {"xmlns": "http://schemas.microsoft.com/win/2004/08/events/event"}, "System": {"Provider": {"#attributes": {"Name": "Service Control Manager", "Guid": "{555908d1-a6d7-4695-8e1e-26931d2012f4}", "EventSourceName": "Service Control Manager"}}, "EventID": {"#attributes": {"Qualifiers": 16384}, "#text": 7036}, "Version": 0, "Level": 4, "Task": 0, "Opcode": 0, "Keywords": "0x8080000000000000", "TimeCreated": {"#attributes": {"SystemTime": "2025-06-08T20:13:08.250522Z"}}, "EventRecordID": 1750, "Correlation": null, "Execution": {"#attributes": {"ProcessID": 720, "ThreadID": 840}}, "Channel": "System", "Computer": "DC01.pirate.htb", "Security": null}, "EventData": {"param1": "EventLog", "param2": "running", "Binary": "4500760065006E0074004C006F0067002F0034000000"}}},
{"TimeGenerated": "2025-06-08T20:13:08.276071Z", "EventID": 6, "Computer": "DC01.pirate.htb", "RawEvent": {"#attributes": {"xmlns": "http://schemas.microsoft.com/win/2004/08/events/event"}, "System": {"Provider": {"#attributes": {"Name": "Microsoft-Windows-FilterManager", "Guid": "F3C5E28E-63F6-49C7-A204-E48A1BC4B09D"}}, "EventID": 6, "Version": 0, "Level": 4, "Task": 0, "Opcode": 0, "Keywords": "0x8000000000000000", "TimeCreated": {"#attributes": {"SystemTime": "2025-06-08T20:13:08.276071Z"}}, "EventRecordID": 1751, "Correlation": null, "Execution": {"#attributes": {"ProcessID": 4, "ThreadID": 272}}, "Channel": "System", "Computer": "DC01.pirate.htb", "Security": {"#attributes": {"UserID": "S-1-5-18"}}}, "EventData": {"FinalStatus": "0x0", "DeviceVersionMajor": 10, "DeviceVersionMinor": 0, "DeviceNameLength": 5, "DeviceName": "wcifs", "DeviceTime": "1979-05-17T07:12:11.000000Z"}}},
{"TimeGenerated": "2025-06-08T20:13:08.283910Z", "EventID": 6, "Computer": "DC01.pirate.htb", "RawEvent": {"#attributes": {"xmlns": "http://schemas.microsoft.com/win/2004/08/events/event"}, "System": {"Provider": {"#attributes": {"Name": "Microsoft-Windows-FilterManager", "Guid": "F3C5E28E-63F6-49C7-A204-E48A1BC4B09D"}}, "EventID": 6, "Version": 0, "Level": 4, "Task": 0, "Opcode": 0, "Keywords": "0x8000000000000000", "TimeCreated": {"#attributes": {"SystemTime": "2025-06-08T20:13:08.283910Z"}}, "EventRecordID": 1752, "Correlation": null, "Execution": {"#attributes": {"ProcessID": 4, "ThreadID": 128}}, "Channel": "System", "Computer": "DC01.pirate.htb", "Security": {"#attributes": {"UserID": "S-1-5-18"}}}, "EventData": {"FinalStatus": "0x0", "DeviceVersionMajor": 10, "DeviceVersionMinor": 0, "DeviceNameLength": 5, "DeviceName": "luafv", "DeviceTime": "2083-07-27T13:34:58.000000Z"}}},
{"TimeGenerated": "2025-06-08T20:13:08.281925Z", "EventID": {"#attributes": {"Qualifiers": 16384}, "#text": 7036}, "Computer": "DC01.pirate.htb", "RawEvent": {"#attributes": {"xmlns": "http://schemas.microsoft.com/win/2004/08/events/event"}, "System": {"Provider": {"#attributes": {"Name": "Service Control Manager", "Guid": "{555908d1-a6d7-4695-8e1e-26931d2012f4}", "EventSourceName": "Service Control Manager"}}, "EventID": {"#attributes": {"Qualifiers": 16384}, "#text": 7036}, "Version": 0, "Level": 4, "Task": 0, "Opcode": 0, "Keywords": "0x8080000000000000", "TimeCreated": {"#attributes": {"SystemTime": "2025-06-08T20:13:08.281925Z"}}, "EventRecordID": 1753, "Correlation": null, "Execution": {"#attributes": {"ProcessID": 720, "ThreadID": 1216}}, "Channel": "System", "Computer": "DC01.pirate.htb", "Security": null}, "EventData": {"param1": "NlaSvc", "param2": "running", "Binary": "4E006C0061005300760063002F0034000000"}}},
{"TimeGenerated": "2025-06-08T20:13:08.292360Z", "EventID": 6, "Computer": "DC01.pirate.htb", "RawEvent": {"#attributes": {"xmlns": "http://schemas.microsoft.com/win/2004/08/events/event"}, "System": {"Provider": {"#attributes": {"Name": "Microsoft-Windows-FilterManager", "Guid": "F3C5E28E-63F6-49C7-A204-E48A1BC4B09D"}}, "EventID": 6, "Version": 0, "Level": 4, "Task": 0, "Opcode": 0, "Keywords": "0x8000000000000000", "TimeCreated": {"#attributes": {"SystemTime": "2025-06-08T20:13:08.292360Z"}}, "EventRecordID": 1754, "Correlation": null, "Execution": {"#attributes": {"ProcessID": 4, "ThreadID": 128}}, "Channel": "System", "Computer": "DC01.pirate.htb", "Security": {"#attributes": {"UserID": "S-1-5-18"}}}, "EventData": {"FinalStatus": "0x0", "DeviceVersionMajor": 10, "DeviceVersionMinor": 0, "DeviceNameLength": 6, "DeviceName": "CldFlt", "DeviceTime": "2088-09-21T11:25:04.000000Z"}}},
{"TimeGenerated": "2025-06-08T20:13:08.292366Z", "EventID": 1, "Computer": "DC01.pirate.htb", "RawEvent": {"#attributes": {"xmlns": "http://schemas.microsoft.com/win/2004/08/events/event"}, "System": {"Provider": {"#attributes": {"Name": "Microsoft-Windows-FilterManager", "Guid": "F3C5E28E-63F6-49C7-A204-E48A1BC4B09D"}}, "EventID": 1, "Version": 0, "Level": 4, "Task": 0, "Opcode": 0, "Keywords": "0x8000000000000000", "TimeCreated": {"#attributes": {"SystemTime": "2025-06-08T20:13:08.292366Z"}}, "EventRecordID": 1755, "Correlation": null, "Execution": {"#attributes": {"ProcessID": 4, "ThreadID": 128}}, "Channel": "System", "Computer": "DC01.pirate.htb", "Security": {"#attributes": {"UserID": "S-1-5-18"}}}, "EventData": {"FinalStatus": "0x0", "DeviceVersionMajor": 10, "DeviceVersionMinor": 0, "DeviceNameLength": 6, "DeviceName": "CldFlt", "DeviceTime": "2088-09-21T11:25:04.000000Z"}}},
{"TimeGenerated": "2025-06-08T20:13:08.292429Z", "EventID": 6, "Computer": "DC01.pirate.htb", "RawEvent": {"#attributes": {"xmlns": "http://schemas.microsoft.com/win/2004/08/events/event"}, "System": {"Provider": {"#attributes": {"Name": "Microsoft-Windows-FilterManager", "Guid": "F3C5E28E-63F6-49C7-A204-E48A1BC4B09D"}}, "EventID": 6, "Version": 0, "Level": 4, "Task": 0, "Opcode": 0, "Keywords": "0x8000000000000000", "TimeCreated": {"#attributes": {"SystemTime": "2025-06-08T20:13:08.292429Z"}}, "EventRecordID": 1756, "Correlation": null, "Execution": {"#attributes": {"ProcessID": 4, "ThreadID": 128}}, "Channel": "System", "Computer": "DC01.pirate.htb", "Security": {"#attributes": {"UserID": "S-1-5-18"}}}, "EventData": {"FinalStatus": "0x0", "DeviceVersionMajor": 10, "DeviceVersionMinor": 0, "DeviceNameLength": 6, "DeviceName": "CldFlt", "DeviceTime": "2088-09-21T11:25:04.000000Z"}}},
{"TimeGenerated": "2025-06-08T20:13:08.281925Z", "EventID": {"#attributes": {"Qualifiers": 16384}, "#text": 7036}, "Computer": "DC01.pirate.htb", "RawEvent": {"#attributes": {"xmlns": "http://schemas.microsoft.com/win/2004/08/events/event"}, "System": {"Provider": {"#attributes": {"Name": "Service Control Manager", "Guid": "{555908d1-a6d7-4695-8e1e-26931d2012f4}", "EventSourceName": "Service Control Manager"}}, "EventID": {"#attributes": {"Qualifiers": 16384}, "#text": 7036}, "Version": 0, "Level": 4, "Task": 0, "Opcode": 0, "Keywords": "0x8080000000000000", "TimeCreated": {"#attributes": {"SystemTime": "2025-06-08T20:13:08.281925Z"}}, "EventRecordID": 1757, "Correlation": null, "Execution": {"#attributes": {"ProcessID": 720, "ThreadID": 840}}, "Channel": "System", "Computer": "DC01.pirate.htb", "Security": null}, "EventData": {"param1": "WPDBusEnum", "param2": "running", "Binary": "57005000440042007500730045006E0075006D002F0034000000"}}},
{"TimeGenerated": "2025-06-08T20:13:08.296285Z", "EventID": 6, "Computer": "DC01.pirate.htb", "RawEvent": {"#attributes": {"xmlns": "http://schemas.microsoft.com/win/2004/08/events/event"}, "System": {"Provider": {"#attributes": {"Name": "Microsoft-Windows-FilterManager", "Guid": "F3C5E28E-63F6-49C7-A204-E48A1BC4B09D"}}, "EventID": 6, "Version": 0, "Level": 4, "Task": 0, "Opcode": 0, "Keywords": "0x8000000000000000", "TimeCreated": {"#attributes": {"SystemTime": "2025-06-08T20:13:08.296285Z"}}, "EventRecordID": 1758, "Correlation": null, "Execution": {"#attributes": {"ProcessID": 4, "ThreadID": 128}}, "Channel": "System", "Computer": "DC01.pirate.htb", "Security": {"#attributes": {"UserID": "S-1-5-18"}}}, "EventData": {"FinalStatus": "0x0", "DeviceVersionMajor": 10, "DeviceVersionMinor": 0, "DeviceNameLength": 10, "DeviceName": "storqosflt", "DeviceTime": "2004-08-10T09:55:11.000000Z"}}},
{"TimeGenerated": "2025-06-08T20:13:08.281925Z", "EventID": {"#attributes": {"Qualifiers": 16384}, "#text": 7036}, "Computer": "DC01.pirate.htb", "RawEvent": {"#attributes": {"xmlns": "http://schemas.microsoft.com/win/2004/08/events/event"}, "System": {"Provider": {"#attributes": {"Name": "Service Control Manager", "Guid": "{555908d1-a6d7-4695-8e1e-26931d2012f4}", "EventSourceName": "Service Control Manager"}}, "EventID": {"#attributes": {"Qualifiers": 16384}, "#text": 7036}, "Version": 0, "Level": 4, "Task": 0, "Opcode": 0, "Keywords": "0x8080000000000000", "TimeCreated": {"#attributes": {"SystemTime": "2025-06-08T20:13:08.281925Z"}}, "EventRecordID": 1759, "Correlation": null, "Execution": {"#attributes": {"ProcessID": 720, "ThreadID": 1084}}, "Channel": "System", "Computer": "DC01.pirate.htb", "Security": null}, "EventData": {"param1": "NTDS", "param2": "running", "Binary": "4E005400440053002F0034000000"}}},
{"TimeGenerated": "2025-06-08T20:13:08.297492Z", "EventID": {"#attributes": {"Qualifiers": 16384}, "#text": 7036}, "Computer": "DC01.pirate.htb", "RawEvent": {"#attributes": {"xmlns": "http://schemas.microsoft.com/win/2004/08/events/event"}, "System": {"Provider": {"#attributes": {"Name": "Service Control Manager", "Guid": "{555908d1-a6d7-4695-8e1e-26931d2012f4}", "EventSourceName": "Service Control Manager"}}, "EventID": {"#attributes": {"Qualifiers": 16384}, "#text": 7036}, "Version": 0, "Level": 4, "Task": 0, "Opcode": 0, "Keywords": "0x8080000000000000", "TimeCreated": {"#attributes": {"SystemTime": "2025-06-08T20:13:08.297492Z"}}, "EventRecordID": 1760, "Correlation": null, "Execution": {"#attributes": {"ProcessID": 720, "ThreadID": 1084}}, "Channel": "System", "Computer": "DC01.pirate.htb", "Security": null}, "EventData": {"param1": "gpsvc", "param2": "running", "Binary": "670070007300760063002F0034000000"}}},
{"TimeGenerated": "2025-06-08T20:13:08.297492Z", "EventID": {"#attributes": {"Qualifiers": 16384}, "#text": 7036}, "Computer": "DC01.pirate.htb", "RawEvent": {"#attributes": {"xmlns": "http://schemas.microsoft.com/win/2004/08/events/event"}, "System": {"Provider": {"#attributes": {"Name": "Service Control Manager", "Guid": "{555908d1-a6d7-4695-8e1e-26931d2012f4}", "EventSourceName": "Service Control Manager"}}, "EventID": {"#attributes": {"Qualifiers": 16384}, "#text": 7036}, "Version": 0, "Level": 4, "Task": 0, "Opcode": 0, "Keywords": "0x8080000000000000", "TimeCreated": {"#attributes": {"SystemTime": "2025-06-08T20:13:08.297492Z"}}, "EventRecordID": 1761, "Correlation": null, "Execution": {"#attributes": {"ProcessID": 720, "ThreadID": 1216}}, "Channel": "System", "Computer": "DC01.pirate.htb", "Security": null}, "EventData": {"param1": "Dnscache", "param2": "running", "Binary": "44006E007300630061006300680065002F0034000000"}}},
{"TimeGenerated": "2025-06-08T20:13:08.310803Z", "EventID": 1014, "Computer": "DC01.pirate.htb", "RawEvent": {"#attributes": {"xmlns": "http://schemas.microsoft.com/win/2004/08/events/event"}, "System": {"Provider": {"#attributes": {"Name": "Microsoft-Windows-DNS-Client", "Guid": "1C95126E-7EEA-49A9-A3FE-A378B03DDB4D"}}, "EventID": 1014, "Version": 0, "Level": 3, "Task": 1014, "Opcode": 0, "Keywords": "0x4000000010000000", "TimeCreated": {"#attributes": {"SystemTime": "2025-06-08T20:13:08.310803Z"}}, "EventRecordID": 1762, "Correlation": null, "Execution": {"#attributes": {"ProcessID": 1312, "ThreadID": 1588}}, "Channel": "System", "Computer": "DC01.pirate.htb", "Security": {"#attributes": {"UserID": "S-1-5-20"}}}, "EventData": {"QueryName": "_ldap._tcp.dc._msdcs.pirate.htb.", "AddressLength": 128, "Address": "1700000000000000000000000000000000000000000000010000000000000000000000000000000000000000000000000000000000000000000000000000000000000000000000000000000000000000000000000000000000000000000000000000000000000000000000000000000000000000000000000000000000000000"}}},
{"TimeGenerated": "2025-06-08T20:13:08.313010Z", "EventID": {"#attributes": {"Qualifiers": 16384}, "#text": 7036}, "Computer": "DC01.pirate.htb", "RawEvent": {"#attributes": {"xmlns": "http://schemas.microsoft.com/win/2004/08/events/event"}, "System": {"Provider": {"#attributes": {"Name": "Service Control Manager", "Guid": "{555908d1-a6d7-4695-8e1e-26931d2012f4}", "EventSourceName": "Service Control Manager"}}, "EventID": {"#attributes": {"Qualifiers": 16384}, "#text": 7036}, "Version": 0, "Level": 4, "Task": 0, "Opcode": 0, "Keywords": "0x8080000000000000", "TimeCreated": {"#attributes": {"SystemTime": "2025-06-08T20:13:08.313010Z"}}, "EventRecordID": 1763, "Correlation": null, "Execution": {"#attributes": {"ProcessID": 720, "ThreadID": 416}}, "Channel": "System", "Computer": "DC01.pirate.htb", "Security": null}, "EventData": {"param1": "Themes", "param2": "running", "Binary": "5400680065006D00650073002F0034000000"}}},
{"TimeGenerated": "2025-06-08T20:13:08.313010Z", "EventID": {"#attributes": {"Qualifiers": 16384}, "#text": 7036}, "Computer": "DC01.pirate.htb", "RawEvent": {"#attributes": {"xmlns": "http://schemas.microsoft.com/win/2004/08/events/event"}, "System": {"Provider": {"#attributes": {"Name": "Service Control Manager", "Guid": "{555908d1-a6d7-4695-8e1e-26931d2012f4}", "EventSourceName": "Service Control Manager"}}, "EventID": {"#attributes": {"Qualifiers": 16384}, "#text": 7036}, "Version": 0, "Level": 4, "Task": 0, "Opcode": 0, "Keywords": "0x8080000000000000", "TimeCreated": {"#attributes": {"SystemTime": "2025-06-08T20:13:08.313010Z"}}, "EventRecordID": 1764, "Correlation": null, "Execution": {"#attributes": {"ProcessID": 720, "ThreadID": 1272}}, "Channel": "System", "Computer": "DC01.pirate.htb", "Security": null}, "EventData": {"param1": "ProfSvc", "param2": "running", "Binary": "500072006F0066005300760063002F0034000000"}}},
{"TimeGenerated": "2025-06-08T20:13:08.313010Z", "EventID": {"#attributes": {"Qualifiers": 16384}, "#text": 7036}, "Computer": "DC01.pirate.htb", "RawEvent": {"#attributes": {"xmlns": "http://schemas.microsoft.com/win/2004/08/events/event"}, "System": {"Provider": {"#attributes": {"Name": "Service Control Manager", "Guid": "{555908d1-a6d7-4695-8e1e-26931d2012f4}", "EventSourceName": "Service Control Manager"}}, "EventID": {"#attributes": {"Qualifiers": 16384}, "#text": 7036}, "Version": 0, "Level": 4, "Task": 0, "Opcode": 0, "Keywords": "0x8080000000000000", "TimeCreated": {"#attributes": {"SystemTime": "2025-06-08T20:13:08.313010Z"}}, "EventRecordID": 1765, "Correlation": null, "Execution": {"#attributes": {"ProcessID": 720, "ThreadID": 1272}}, "Channel": "System", "Computer": "DC01.pirate.htb", "Security": null}, "EventData": {"param1": "EventSystem", "param2": "running", "Binary": "4500760065006E007400530079007300740065006D002F0034000000"}}},
{"TimeGenerated": "2025-06-08T20:13:08.328673Z", "EventID": {"#attributes": {"Qualifiers": 16384}, "#text": 7036}, "Computer": "DC01.pirate.htb", "RawEvent": {"#attributes": {"xmlns": "http://schemas.microsoft.com/win/2004/08/events/event"}, "System": {"Provider": {"#attributes": {"Name": "Service Control Manager", "Guid": "{555908d1-a6d7-4695-8e1e-26931d2012f4}", "EventSourceName": "Service Control Manager"}}, "EventID": {"#attributes": {"Qualifiers": 16384}, "#text": 7036}, "Version": 0, "Level": 4, "Task": 0, "Opcode": 0, "Keywords": "0x8080000000000000", "TimeCreated": {"#attributes": {"SystemTime": "2025-06-08T20:13:08.328673Z"}}, "EventRecordID": 1766, "Correlation": null, "Execution": {"#attributes": {"ProcessID": 720, "ThreadID": 1216}}, "Channel": "System", "Computer": "DC01.pirate.htb", "Security": null}, "EventData": {"param1": "netprofm", "param2": "running", "Binary": "6E0065007400700072006F0066006D002F0034000000"}}},
{"TimeGenerated": "2025-06-08T20:13:08.328673Z", "EventID": {"#attributes": {"Qualifiers": 16384}, "#text": 7036}, "Computer": "DC01.pirate.htb", "RawEvent": {"#attributes": {"xmlns": "http://schemas.microsoft.com/win/2004/08/events/event"}, "System": {"Provider": {"#attributes": {"Name": "Service Control Manager", "Guid": "{555908d1-a6d7-4695-8e1e-26931d2012f4}", "EventSourceName": "Service Control Manager"}}, "EventID": {"#attributes": {"Qualifiers": 16384}, "#text": 7036}, "Version": 0, "Level": 4, "Task": 0, "Opcode": 0, "Keywords": "0x8080000000000000", "TimeCreated": {"#attributes": {"SystemTime": "2025-06-08T20:13:08.328673Z"}}, "EventRecordID": 1767, "Correlation": null, "Execution": {"#attributes": {"ProcessID": 720, "ThreadID": 1272}}, "Channel": "System", "Computer": "DC01.pirate.htb", "Security": null}, "EventData": {"param1": "TrustedInstaller", "param2": "running", "Binary": "540072007500730074006500640049006E007300740061006C006C00650072002F0034000000"}}},
{"TimeGenerated": "2025-06-08T20:13:08.328673Z", "EventID": {"#attributes": {"Qualifiers": 16384}, "#text": 7036}, "Computer": "DC01.pirate.htb", "RawEvent": {"#attributes": {"xmlns": "http://schemas.microsoft.com/win/2004/08/events/event"}, "System": {"Provider": {"#attributes": {"Name": "Service Control Manager", "Guid": "{555908d1-a6d7-4695-8e1e-26931d2012f4}", "EventSourceName": "Service Control Manager"}}, "EventID": {"#attributes": {"Qualifiers": 16384}, "#text": 7036}, "Version": 0, "Level": 4, "Task": 0, "Opcode": 0, "Keywords": "0x8080000000000000", "TimeCreated": {"#attributes": {"SystemTime": "2025-06-08T20:13:08.328673Z"}}, "EventRecordID": 1768, "Correlation": null, "Execution": {"#attributes": {"ProcessID": 720, "ThreadID": 1272}}, "Channel": "System", "Computer": "DC01.pirate.htb", "Security": null}, "EventData": {"param1": "DsmSvc", "param2": "running", "Binary": "440073006D005300760063002F0034000000"}}},
{"TimeGenerated": "2025-06-08T20:13:08.344295Z", "EventID": {"#attributes": {"Qualifiers": 16384}, "#text": 7036}, "Computer": "DC01.pirate.htb", "RawEvent": {"#attributes": {"xmlns": "http://schemas.microsoft.com/win/2004/08/events/event"}, "System": {"Provider": {"#attributes": {"Name": "Service Control Manager", "Guid": "{555908d1-a6d7-4695-8e1e-26931d2012f4}", "EventSourceName": "Service Control Manager"}}, "EventID": {"#attributes": {"Qualifiers": 16384}, "#text": 7036}, "Version": 0, "Level": 4, "Task": 0, "Opcode": 0, "Keywords": "0x8080000000000000", "TimeCreated": {"#attributes": {"SystemTime": "2025-06-08T20:13:08.344295Z"}}, "EventRecordID": 1769, "Correlation": null, "Execution": {"#attributes": {"ProcessID": 720, "ThreadID": 848}}, "Channel": "System", "Computer": "DC01.pirate.htb", "Security": null}, "EventData": {"param1": "SENS", "param2": "running", "Binary": "530045004E0053002F0034000000"}}},
