{"TimeGenerated": "2025-06-08T21:39:45.476222Z", "EventID": {"#attributes": {"Qualifiers": 16384}, "#text": 7036}, "Computer": "DC01.pirate.htb", "RawEvent": {"#attributes": {"xmlns": "http://schemas.microsoft.com/win/2004/08/events/event"}, "System": {"Provider": {"#attributes": {"Name": "Service Control Manager", "Guid": "{555908d1-a6d7-4695-8e1e-26931d2012f4}", "EventSourceName": "Service Control Manager"}}, "EventID": {"#attributes": {"Qualifiers": 16384}, "#text": 7036}, "Version": 0, "Level": 4, "Task": 0, "Opcode": 0, "Keywords": "0x8080000000000000", "TimeCreated": {"#attributes": {"SystemTime": "2025-06-08T21:39:45.476222Z"}}, "EventRecordID": 2035, "Correlation": null, "Execution": {"#attributes": {"ProcessID": 720, "ThreadID": 4392}}, "Channel": "System", "Computer": "DC01.pirate.htb", "Security": null}, "EventData": {"param1": "Capability Access Manager Service", "param2": "stopped", "Binary": "630061006D007300760063002F0031000000"}}},
{"TimeGenerated": "2025-06-08T21:39:45.476222Z", "EventID": {"#attributes": {"Qualifiers": 16384}, "#text": 7036}, "Computer": "DC01.pirate.htb", "RawEvent": {"#attributes": {"xmlns": "http://schemas.microsoft.com/win/2004/08/events/event"}, "System": {"Provider": {"#attributes": {"Name": "Service Control Manager", "Guid": "{555908d1-a6d7-4695-8e1e-26931d2012f4}", "EventSourceName": "Service Control Manager"}}, "EventID": {"#attributes": {"Qualifiers": 16384}, "#text": 7036}, "Version": 0, "Level": 4, "Task": 0, "Opcode": 0, "Keywords": "0x8080000000000000", "TimeCreated": {"#attributes": {"SystemTime": "2025-06-08T21:39:45.476222Z"}}, "EventRecordID": 2036, "Correlation": null, "Execution": {"#attributes": {"ProcessID": 720, "ThreadID": 1272}}, "Channel": "System", "Computer": "DC01.pirate.htb", "Security": null}, "EventData": {"param1": "Windows Licensing Monitoring Service", "param2": "stopped", "Binary": "57004C004D0053002F0031000000"}}},
{"TimeGenerated": "2025-06-08T21:39:45.491723Z", "EventID": {"#attributes": {"Qualifiers": 16384}, "#text": 7036}, "Computer": "DC01.pirate.htb", "RawEvent": {"#attributes": {"xmlns": "http://schemas.microsoft.com/win/2004/08/events/event"}, "System": {"Provider": {"#attributes": {"Name": "Service Control Manager", "Guid": "{555908d1-a6d7-4695-8e1e-26931d2012f4}", "EventSourceName": "Service Control Manager"}}, "EventID": {"#attributes": {"Qualifiers": 16384}, "#text": 7036}, "Version": 0, "Level": 4, "Task": 0, "Opcode": 0, "Keywords": "0x8080000000000000", "TimeCreated": {"#attributes": {"SystemTime": "2025-06-08T21:39:45.491723Z"}}, "EventRecordID": 2037, "Correlation": null, "Execution": {"#attributes": {"ProcessID": 720, "ThreadID": 1272}}, "Channel": "System", "Computer": "DC01.pirate.htb", "Security": null}, "EventData": {"param1": "Active Directory Web Services", "param2": "stopped", "Binary": "41004400570053002F0031000000"}}},
{"TimeGenerated": "2025-06-08T21:39:45.491723Z", "EventID": {"#attributes": {"Qualifiers": 16384}, "#text": 7036}, "Computer": "DC01.pirate.htb", "RawEvent": {"#attributes": {"xmlns": "http://schemas.microsoft.com/win/2004/08/events/event"}, "System": {"Provider": {"#attributes": {"Name": "Service Control Manager", "Guid": "{555908d1-a6d7-4695-8e1e-26931d2012f4}", "EventSourceName": "Service Control Manager"}}, "EventID": {"#attributes": {"Qualifiers": 16384}, "#text": 7036}, "Version": 0, "Level": 4, "Task": 0, "Opcode": 0, "Keywords": "0x8080000000000000", "TimeCreated": {"#attributes": {"SystemTime": "2025-06-08T21:39:45.491723Z"}}, "EventRecordID": 2038, "Correlation": null, "Execution": {"#attributes": {"ProcessID": 720, "ThreadID": 1272}}, "Channel": "System", "Computer": "DC01.pirate.htb", "Security": null}, "EventData": {"param1": "AppX Deployment Service (AppXSVC)", "param2": "stopped", "Binary": "41007000700058005300760063002F0031000000"}}},
{"TimeGenerated": "2025-06-08T21:39:45.491723Z", "EventID": {"#attributes": {"Qualifiers": 16384}, "#text": 7036}, "Computer": "DC01.pirate.htb", "RawEvent": {"#attributes": {"xmlns": "http://schemas.microsoft.com/win/2004/08/events/event"}, "System": {"Provider": {"#attributes": {"Name": "Service Control Manager", "Guid": "{555908d1-a6d7-4695-8e1e-26931d2012f4}", "EventSourceName": "Service Control Manager"}}, "EventID": {"#attributes": {"Qualifiers": 16384}, "#text": 7036}, "Version": 0, "Level": 4, "Task": 0, "Opcode": 0, "Keywords": "0x8080000000000000", "TimeCreated": {"#attributes": {"SystemTime": "2025-06-08T21:39:45.491723Z"}}, "EventRecordID": 2039, "Correlation": null, "Execution": {"#attributes": {"ProcessID": 720, "ThreadID": 1272}}, "Channel": "System", "Computer": "DC01.pirate.htb", "Security": null}, "EventData": {"param1": "Update Orchestrator Service", "param2": "stopped", "Binary": "550073006F005300760063002F0031000000"}}},
{"TimeGenerated": "2025-06-08T21:39:45.491723Z", "EventID": {"#attributes": {"Qualifiers": 16384}, "#text": 7036}, "Computer": "DC01.pirate.htb", "RawEvent": {"#attributes": {"xmlns": "http://schemas.microsoft.com/win/2004/08/events/event"}, "System": {"Provider": {"#attributes": {"Name": "Service Control Manager", "Guid": "{555908d1-a6d7-4695-8e1e-26931d2012f4}", "EventSourceName": "Service Control Manager"}}, "EventID": {"#attributes": {"Qualifiers": 16384}, "#text": 7036}, "Version": 0, "Level": 4, "Task": 0, "Opcode": 0, "Keywords": "0x8080000000000000", "TimeCreated": {"#attributes": {"SystemTime": "2025-06-08T21:39:45.491723Z"}}, "EventRecordID": 2040, "Correlation": null, "Execution": {"#attributes": {"ProcessID": 720, "ThreadID": 4392}}, "Channel": "System", "Computer": "DC01.pirate.htb", "Security": null}, "EventData": {"param1": "SysMain", "param2": "stopped", "Binary": "5300790073004D00610069006E002F0031000000"}}},
{"TimeGenerated": "2025-06-08T21:39:45.491723Z", "EventID": {"#attributes": {"Qualifiers": 16384}, "#text": 7036}, "Computer": "DC01.pirate.htb", "RawEvent": {"#attributes": {"xmlns": "http://schemas.microsoft.com/win/2004/08/events/event"}, "System": {"Provider": {"#attributes": {"Name": "Service Control Manager", "Guid": "{555908d1-a6d7-4695-8e1e-26931d2012f4}", "EventSourceName": "Service Control Manager"}}, "EventID": {"#attributes": {"Qualifiers": 16384}, "#text": 7036}, "Version": 0, "Level": 4, "Task": 0, "Opcode": 0, "Keywords": "0x8080000000000000", "TimeCreated": {"#attributes": {"SystemTime": "2025-06-08T21:39:45.491723Z"}}, "EventRecordID": 2041, "Correlation": null, "Execution": {"#attributes": {"ProcessID": 720, "ThreadID": 4392}}, "Channel": "System", "Computer": "DC01.pirate.htb", "Security": null}, "EventData": {"param1": "Diagnostic Policy Service", "param2": "stopped", "Binary": "4400500053002F0031000000"}}},
{"TimeGenerated": "2025-06-08T21:39:45.491723Z", "EventID": {"#attributes": {"Qualifiers": 16384}, "#text": 7036}, "Computer": "DC01.pirate.htb", "RawEvent": {"#attributes": {"xmlns": "http://schemas.microsoft.com/win/2004/08/events/event"}, "System": {"Provider": {"#attributes": {"Name": "Service Control Manager", "Guid": "{555908d1-a6d7-4695-8e1e-26931d2012f4}", "EventSourceName": "Service Control Manager"}}, "EventID": {"#attributes": {"Qualifiers": 16384}, "#text": 7036}, "Version": 0, "Level": 4, "Task": 0, "Opcode": 0, "Keywords": "0x8080000000000000", "TimeCreated": {"#attributes": {"SystemTime": "2025-06-08T21:39:45.491723Z"}}, "EventRecordID": 2042, "Correlation": null, "Execution": {"#attributes": {"ProcessID": 720, "ThreadID": 4392}}, "Channel": "System", "Computer": "DC01.pirate.htb", "Security": null}, "EventData": {"param1": "Windows Management Instrumentation", "param2": "stopped", "Binary": "570069006E006D0067006D0074002F0031000000"}}},
{"TimeGenerated": "2025-06-08T21:39:45.507335Z", "EventID": {"#attributes": {"Qualifiers": 16384}, "#text": 7036}, "Computer": "DC01.pirate.htb", "RawEvent": {"#attributes": {"xmlns": "http://schemas.microsoft.com/win/2004/08/events/event"}, "System": {"Provider": {"#attributes": {"Name": "Service Control Manager", "Guid": "{555908d1-a6d7-4695-8e1e-26931d2012f4}", "EventSourceName": "Service Control Manager"}}, "EventID": {"#attributes": {"Qualifiers": 16384}, "#text": 7036}, "Version": 0, "Level": 4, "Task": 0, "Opcode": 0, "Keywords": "0x8080000000000000", "TimeCreated": {"#attributes": {"SystemTime": "2025-06-08T21:39:45.507335Z"}}, "EventRecordID": 2043, "Correlation": null, "Execution": {"#attributes": {"ProcessID": 720, "ThreadID": 4392}}, "Channel": "System", "Computer": "DC01.pirate.htb", "Security": null}, "EventData": {"param1": "User Profile Service", "param2": "stopped", "Binary": "500072006F0066005300760063002F0031000000"}}},
{"TimeGenerated": "2025-06-08T21:39:45.512295Z", "EventID": 50104, "Computer": "DC01.pirate.htb", "RawEvent": {"#attributes": {"xmlns": "http://schemas.microsoft.com/win/2004/08/events/event"}, "System": {"Provider": {"#attributes": {"Name": "Microsoft-Windows-Dhcp-Client", "Guid": "15A7A4F8-0072-4EAB-ABAD-F98A4D666AED"}}, "EventID": 50104, "Version": 0, "Level": 4, "Task": 4, "Opcode": 129, "Keywords": "0x2000000000000000", "TimeCreated": {"#attributes": {"SystemTime": "2025-06-08T21:39:45.512295Z"}}, "EventRecordID": 2044, "Correlation": null, "Execution": {"#attributes": {"ProcessID": 1120, "ThreadID": 1124}}, "Channel": "System", "Computer": "DC01.pirate.htb", "Security": {"#attributes": {"UserID": "S-1-5-19"}}}, "EventData": null}},
{"TimeGenerated": "2025-06-08T21:39:45.512464Z", "EventID": 50105, "Computer": "DC01.pirate.htb", "RawEvent": {"#attributes": {"xmlns": "http://schemas.microsoft.com/win/2004/08/events/event"}, "System": {"Provider": {"#attributes": {"Name": "Microsoft-Windows-Dhcp-Client", "Guid": "15A7A4F8-0072-4EAB-ABAD-F98A4D666AED"}}, "EventID": 50105, "Version": 0, "Level": 4, "Task": 4, "Opcode": 129, "Keywords": "0x2000000000000000", "TimeCreated": {"#attributes": {"SystemTime": "2025-06-08T21:39:45.512464Z"}}, "EventRecordID": 2045, "Correlation": null, "Execution": {"#attributes": {"ProcessID": 1120, "ThreadID": 1280}}, "Channel": "System", "Computer": "DC01.pirate.htb", "Security": {"#attributes": {"UserID": "S-1-5-19"}}}, "EventData": null}},
{"TimeGenerated": "2025-06-08T21:39:45.507335Z", "EventID": {"#attributes": {"Qualifiers": 16384}, "#text": 7036}, "Computer": "DC01.pirate.htb", "RawEvent": {"#attributes": {"xmlns": "http://schemas.microsoft.com/win/2004/08/events/event"}, "System": {"Provider": {"#attributes": {"Name": "Service Control Manager", "Guid": "{555908d1-a6d7-4695-8e1e-26931d2012f4}", "EventSourceName": "Service Control Manager"}}, "EventID": {"#attributes": {"Qualifiers": 16384}, "#text": 7036}, "Version": 0, "Level": 4, "Task": 0, "Opcode": 0, "Keywords": "0x8080000000000000", "TimeCreated": {"#attributes": {"SystemTime": "2025-06-08T21:39:45.507335Z"}}, "EventRecordID": 2046, "Correlation": null, "Execution": {"#attributes": {"ProcessID": 720, "ThreadID": 4392}}, "Channel": "System", "Computer": "DC01.pirate.htb", "Security": null}, "EventData": {"param1": "HV Host Service", "param2": "stopped", "Binary": "4800760048006F00730074002F0031000000"}}},
{"TimeGenerated": "2025-06-08T21:39:45.507335Z", "EventID": {"#attributes": {"Qualifiers": 16384}, "#text": 7036}, "Computer": "DC01.pirate.htb", "RawEvent": {"#attributes": {"xmlns": "http://schemas.microsoft.com/win/2004/08/events/event"}, "System": {"Provider": {"#attributes": {"Name": "Service Control Manager", "Guid": "{555908d1-a6d7-4695-8e1e-26931d2012f4}", "EventSourceName": "Service Control Manager"}}, "EventID": {"#attributes": {"Qualifiers": 16384}, "#text": 7036}, "Version": 0, "Level": 4, "Task": 0, "Opcode": 0, "Keywords": "0x8080000000000000", "TimeCreated": {"#attributes": {"SystemTime": "2025-06-08T21:39:45.507335Z"}}, "EventRecordID": 2047, "Correlation": null, "Execution": {"#attributes": {"ProcessID": 720, "ThreadID": 4392}}, "Channel": "System", "Computer": "DC01.pirate.htb", "Security": null}, "EventData": {"param1": "Windows Font Cache Service", "param2": "stopped", "Binary": "46006F006E007400430061006300680065002F0031000000"}}},
{"TimeGenerated": "2025-06-08T21:39:45.507335Z", "EventID": {"#attributes": {"Qualifiers": 16384}, "#text": 7036}, "Computer": "DC01.pirate.htb", "RawEvent": {"#attributes": {"xmlns": "http://schemas.microsoft.com/win/2004/08/events/event"}, "System": {"Provider": {"#attributes": {"Name": "Service Control Manager", "Guid": "{555908d1-a6d7-4695-8e1e-26931d2012f4}", "EventSourceName": "Service Control Manager"}}, "EventID": {"#attributes": {"Qualifiers": 16384}, "#text": 7036}, "Version": 0, "Level": 4, "Task": 0, "Opcode": 0, "Keywords": "0x8080000000000000", "TimeCreated": {"#attributes": {"SystemTime": "2025-06-08T21:39:45.507335Z"}}, "EventRecordID": 2048, "Correlation": null, "Execution": {"#attributes": {"ProcessID": 720, "ThreadID": 1272}}, "Channel": "System", "Computer": "DC01.pirate.htb", "Security": null}, "EventData": {"param1": "Plug and Play", "param2": "stopped", "Binary": "50006C007500670050006C00610079002F0031000000"}}},
{"TimeGenerated": "2025-06-08T21:39:45.507335Z", "EventID": {"#attributes": {"Qualifiers": 16384}, "#text": 7036}, "Computer": "DC01.pirate.htb", "RawEvent": {"#attributes": {"xmlns": "http://schemas.microsoft.com/win/2004/08/events/event"}, "System": {"Provider": {"#attributes": {"Name": "Service Control Manager", "Guid": "{555908d1-a6d7-4695-8e1e-26931d2012f4}", "EventSourceName": "Service Control Manager"}}, "EventID": {"#attributes": {"Qualifiers": 16384}, "#text": 7036}, "Version": 0, "Level": 4, "Task": 0, "Opcode": 0, "Keywords": "0x8080000000000000", "TimeCreated": {"#attributes": {"SystemTime": "2025-06-08T21:39:45.507335Z"}}, "EventRecordID": 2049, "Correlation": null, "Execution": {"#attributes": {"ProcessID": 720, "ThreadID": 1272}}, "Channel": "System", "Computer": "DC01.pirate.htb", "Security": null}, "EventData": {"param1": "Windows Time", "param2": "stopped", "Binary": "570033003200540069006D0065002F0031000000"}}},
{"TimeGenerated": "2025-06-08T21:39:45.531588Z", "EventID": 51047, "Computer": "DC01.pirate.htb", "RawEvent": {"#attributes": {"xmlns": "http://schemas.microsoft.com/win/2004/08/events/event"}, "System": {"Provider": {"#attributes": {"Name": "Microsoft-Windows-DHCPv6-Client", "Guid": "6A1F2B00-6A90-4C38-95A5-5CAB3B056778"}}, "EventID": 51047, "Version": 0, "Level": 4, "Task": 4, "Opcode": 63, "Keywords": "0x2000000000000000", "TimeCreated": {"#attributes": {"SystemTime": "2025-06-08T21:39:45.531588Z"}}, "EventRecordID": 2050, "Correlation": null, "Execution": {"#attributes": {"ProcessID": 1120, "ThreadID": 1360}}, "Channel": "System", "Computer": "DC01.pirate.htb", "Security": {"#attributes": {"UserID": "S-1-5-19"}}}, "EventData": {"DwordVal": 1}}},
{"TimeGenerated": "2025-06-08T21:39:45.531602Z", "EventID": 51057, "Computer": "DC01.pirate.htb", "RawEvent": {"#attributes": {"xmlns": "http://schemas.microsoft.com/win/2004/08/events/event"}, "System": {"Provider": {"#attributes": {"Name": "Microsoft-Windows-DHCPv6-Client", "Guid": "6A1F2B00-6A90-4C38-95A5-5CAB3B056778"}}, "EventID": 51057, "Version": 0, "Level": 4, "Task": 4, "Opcode": 104, "Keywords": "0x2000000000000000", "TimeCreated": {"#attributes": {"SystemTime": "2025-06-08T21:39:45.531602Z"}}, "EventRecordID": 2051, "Correlation": null, "Execution": {"#attributes": {"ProcessID": 1120, "ThreadID": 1360}}, "Channel": "System", "Computer": "DC01.pirate.htb", "Security": {"#attributes": {"UserID": "S-1-5-19"}}}, "EventData": {"DwordVal": 1}}},
{"TimeGenerated": "2025-06-08T21:39:45.531621Z", "EventID": 51057, "Computer": "DC01.pirate.htb", "RawEvent": {"#attributes": {"xmlns": "http://schemas.microsoft.com/win/2004/08/events/event"}, "System": {"Provider": {"#attributes": {"Name": "Microsoft-Windows-DHCPv6-Client", "Guid": "6A1F2B00-6A90-4C38-95A5-5CAB3B056778"}}, "EventID": 51057, "Version": 0, "Level": 4, "Task": 4, "Opcode": 104, "Keywords": "0x2000000000000000", "TimeCreated": {"#attributes": {"SystemTime": "2025-06-08T21:39:45.531621Z"}}, "EventRecordID": 2052, "Correlation": null, "Execution": {"#attributes": {"ProcessID": 1120, "ThreadID": 1360}}, "Channel": "System", "Computer": "DC01.pirate.htb", "Security": {"#attributes": {"UserID": "S-1-5-19"}}}, "EventData": {"DwordVal": 1}}},
{"TimeGenerated": "2025-06-08T21:39:45.534280Z", "EventID": 50106, "Computer": "DC01.pirate.htb", "RawEvent": {"#attributes": {"xmlns": "http://schemas.microsoft.com/win/2004/08/events/event"}, "System": {"Provider": {"#attributes": {"Name": "Microsoft-Windows-Dhcp-Client", "Guid": "15A7A4F8-0072-4EAB-ABAD-F98A4D666AED"}}, "EventID": 50106, "Version": 0, "Level": 4, "Task": 4, "Opcode": 129, "Keywords": "0x2000000000000000", "TimeCreated": {"#attributes": {"SystemTime": "2025-06-08T21:39:45.534280Z"}}, "EventRecordID": 2053, "Correlation": null, "Execution": {"#attributes": {"ProcessID": 1120, "ThreadID": 1280}}, "Channel": "System", "Computer": "DC01.pirate.htb", "Security": {"#attributes": {"UserID": "S-1-5-19"}}}, "EventData": null}},
{"TimeGenerated": "2025-06-08T21:39:45.534294Z", "EventID": 50037, "Computer": "DC01.pirate.htb", "RawEvent": {"#attributes": {"xmlns": "http://schemas.microsoft.com/win/2004/08/events/event"}, "System": {"Provider": {"#attributes": {"Name": "Microsoft-Windows-Dhcp-Client", "Guid": "15A7A4F8-0072-4EAB-ABAD-F98A4D666AED"}}, "EventID": 50037, "Version": 0, "Level": 4, "Task": 4, "Opcode": 69, "Keywords": "0x2000000000000000", "TimeCreated": {"#attributes": {"SystemTime": "2025-06-08T21:39:45.534294Z"}}, "EventRecordID": 2054, "Correlation": null, "Execution": {"#attributes": {"ProcessID": 1120, "ThreadID": 1280}}, "Channel": "System", "Computer": "DC01.pirate.htb", "Security": {"#attributes": {"UserID": "S-1-5-19"}}}, "EventData": {"DwordVal": 1}}},
{"TimeGenerated": "2025-06-08T21:39:45.538676Z", "EventID": {"#attributes": {"Qualifiers": 16384}, "#text": 7036}, "Computer": "DC01.pirate.htb", "RawEvent": {"#attributes": {"xmlns": "http://schemas.microsoft.com/win/2004/08/events/event"}, "System": {"Provider": {"#attributes": {"Name": "Service Control Manager", "Guid": "{555908d1-a6d7-4695-8e1e-26931d2012f4}", "EventSourceName": "Service Control Manager"}}, "EventID": {"#attributes": {"Qualifiers": 16384}, "#text": 7036}, "Version": 0, "Level": 4, "Task": 0, "Opcode": 0, "Keywords": "0x8080000000000000", "TimeCreated": {"#attributes": {"SystemTime": "2025-06-08T21:39:45.538676Z"}}, "EventRecordID": 2055, "Correlation": null, "Execution": {"#attributes": {"ProcessID": 720, "ThreadID": 6508}}, "Channel": "System", "Computer": "DC01.pirate.htb", "Security": null}, "EventData": {"param1": "State Repository Service", "param2": "stopped", "Binary": "530074006100740065005200650070006F007300690074006F00720079002F0031000000"}}},
{"TimeGenerated": "2025-06-08T21:39:45.538676Z", "EventID": {"#attributes": {"Qualifiers": 16384}, "#text": 7036}, "Computer": "DC01.pirate.htb", "RawEvent": {"#attributes": {"xmlns": "http://schemas.microsoft.com/win/2004/08/events/event"}, "System": {"Provider": {"#attributes": {"Name": "Service Control Manager", "Guid": "{555908d1-a6d7-4695-8e1e-26931d2012f4}", "EventSourceName": "Service Control Manager"}}, "EventID": {"#attributes": {"Qualifiers": 16384}, "#text": 7036}, "Version": 0, "Level": 4, "Task": 0, "Opcode": 0, "Keywords": "0x8080000000000000", "TimeCreated": {"#attributes": {"SystemTime": "2025-06-08T21:39:45.538676Z"}}, "EventRecordID": 2056, "Correlation": null, "Execution": {"#attributes": {"ProcessID": 720, "ThreadID": 4392}}, "Channel": "System", "Computer": "DC01.pirate.htb", "Security": null}, "EventData": {"param1": "Distributed Transaction Coordinator", "param2": "stopped", "Binary": "4D0053004400540043002F0031000000"}}},
{"TimeGenerated": "2025-06-08T21:39:45.538676Z", "EventID": {"#attributes": {"Qualifiers": 16384}, "#text": 7036}, "Computer": "DC01.pirate.htb", "RawEvent": {"#attributes": {"xmlns": "http://schemas.microsoft.com/win/2004/08/events/event"}, "System": {"Provider": {"#attributes": {"Name": "Service Control Manager", "Guid": "{555908d1-a6d7-4695-8e1e-26931d2012f4}", "EventSourceName": "Service Control Manager"}}, "EventID": {"#attributes": {"Qualifiers": 16384}, "#text": 7036}, "Version": 0, "Level": 4, "Task": 0, "Opcode": 0, "Keywords": "0x8080000000000000", "TimeCreated": {"#attributes": {"SystemTime": "2025-06-08T21:39:45.538676Z"}}, "EventRecordID": 2057, "Correlation": null, "Execution": {"#attributes": {"ProcessID": 720, "ThreadID": 5716}}, "Channel": "System", "Computer": "DC01.pirate.htb", "Security": null}, "EventData": {"param1": "Virtual Disk", "param2": "stopped", "Binary": "7600640073002F0031000000"}}},
{"TimeGenerated": "2025-06-08T21:39:45.538676Z", "EventID": {"#attributes": {"Qualifiers": 16384}, "#text": 7036}, "Computer": "DC01.pirate.htb", "RawEvent": {"#attributes": {"xmlns": "http://schemas.microsoft.com/win/2004/08/events/event"}, "System": {"Provider": {"#attributes": {"Name": "Service Control Manager", "Guid": "{555908d1-a6d7-4695-8e1e-26931d2012f4}", "EventSourceName": "Service Control Manager"}}, "EventID": {"#attributes": {"Qualifiers": 16384}, "#text": 7036}, "Version": 0, "Level": 4, "Task": 0, "Opcode": 0, "Keywords": "0x8080000000000000", "TimeCreated": {"#attributes": {"SystemTime": "2025-06-08T21:39:45.538676Z"}}, "EventRecordID": 2058, "Correlation": null, "Execution": {"#attributes": {"ProcessID": 720, "ThreadID": 4392}}, "Channel": "System", "Computer": "DC01.pirate.htb", "Security": null}, "EventData": {"param1": "WinHTTP Web Proxy Auto-Discovery Service", "param2": "stopped", "Binary": "570069006E0048007400740070004100750074006F00500072006F00780079005300760063002F0031000000"}}},
{"TimeGenerated": "2025-06-08T21:39:45.538676Z", "EventID": {"#attributes": {"Qualifiers": 16384}, "#text": 7036}, "Computer": "DC01.pirate.htb", "RawEvent": {"#attributes": {"xmlns": "http://schemas.microsoft.com/win/2004/08/events/event"}, "System": {"Provider": {"#attributes": {"Name": "Service Control Manager", "Guid": "{555908d1-a6d7-4695-8e1e-26931d2012f4}", "EventSourceName": "Service Control Manager"}}, "EventID": {"#attributes": {"Qualifiers": 16384}, "#text": 7036}, "Version": 0, "Level": 4, "Task": 0, "Opcode": 0, "Keywords": "0x8080000000000000", "TimeCreated": {"#attributes": {"SystemTime": "2025-06-08T21:39:45.538676Z"}}, "EventRecordID": 2059, "Correlation": null, "Execution": {"#attributes": {"ProcessID": 720, "ThreadID": 4392}}, "Channel": "System", "Computer": "DC01.pirate.htb", "Security": null}, "EventData": {"param1": "DHCP Client", "param2": "stopped", "Binary": "44006800630070002F0031000000"}}},
{"TimeGenerated": "2025-06-09T13:02:49.304089Z", "EventID": {"#attributes": {"Qualifiers": 32768}, "#text": 6009}, "Computer": "DC01.pirate.htb", "RawEvent": {"#attributes": {"xmlns": "http://schemas.microsoft.com/win/2004/08/events/event"}, "System": {"Provider": {"#attributes": {"Name": "EventLog"}}, "EventID": {"#attributes": {"Qualifiers": 32768}, "#text": 6009}, "Level": 4, "Task": 0, "Keywords": "0x80000000000000", "TimeCreated": {"#attributes": {"SystemTime": "2025-06-09T13:02:49.304089Z"}}, "EventRecordID": 2060, "Channel": "System", "Computer": "DC01.pirate.htb", "Security": null}, "EventData": {"Data": {"#text": ["10.00.", "17763", "", "Multiprocessor Free", "0"]}, "Binary": null}}},
{"TimeGenerated": "2025-06-09T13:02:49.304089Z", "EventID": {"#attributes": {"Qualifiers": 32768}, "#text": 6005}, "Computer": "DC01.pirate.htb", "RawEvent": {"#attributes": {"xmlns": "http://schemas.microsoft.com/win/2004/08/events/event"}, "System": {"Provider": {"#attributes": {"Name": "EventLog"}}, "EventID": {"#attributes": {"Qualifiers": 32768}, "#text": 6005}, "Level": 4, "Task": 0, "Keywords": "0x80000000000000", "TimeCreated": {"#attributes": {"SystemTime": "2025-06-09T13:02:49.304089Z"}}, "EventRecordID": 2061, "Channel": "System", "Computer": "DC01.pirate.htb", "Security": null}, "EventData": {"Data": {"#text": ""}, "Binary": "E9070600010009000D000200310030010000000000000000"}}},
{"TimeGenerated": "2025-06-09T13:02:49.304089Z", "EventID": {"#attributes": {"Qualifiers": 32768}, "#text": 6013}, "Computer": "DC01.pirate.htb", "RawEvent": {"#attributes": {"xmlns": "http://schemas.microsoft.com/win/2004/08/events/event"}, "System": {"Provider": {"#attributes": {"Name": "EventLog"}}, "EventID": {"#attributes": {"Qualifiers": 32768}, "#text": 6013}, "Level": 4, "Task": 0, "Keywords": "0x80000000000000", "TimeCreated": {"#attributes": {"SystemTime": "2025-06-09T13:02:49.304089Z"}}, "EventRecordID": 2062, "Channel": "System", "Computer": "DC01.pirate.htb", "Security": null}, "EventData": {"Data": {"#text": ["", "", "", "", "8", "60", "480 Pacific Standard Time"]}, "Binary": "31002E003100000030000000570069006E0064006F007700730020005300650072007600650072002000320030003100390020005300740061006E00640061007200640020004500760061006C0075006100740069006F006E000000310030002E0030002E003100370037003600330020004200750069006C0064002000310037003700360033002000200000004D0075006C0074006900700072006F0063006500730073006F007200200046007200650065000000310037003700360033002E007200730035005F00720065006C0065006100730065002E003100380030003900310034002D00310034003300340000003600380034003500390066003000350000004E006F007400200041007600610069006C00610062006C00650000004E006F007400200041007600610069006C00610062006C0065000000390000003400000036003100340034000000340030003900000044004300300031002E007000690072006100740065002E0068007400620000000000"}}},
{"TimeGenerated": "2025-06-08T21:39:45.538676Z", "EventID": {"#attributes": {"Qualifiers": 16384}, "#text": 7036}, "Computer": "DC01.pirate.htb", "RawEvent": {"#attributes": {"xmlns": "http://schemas.microsoft.com/win/2004/08/events/event"}, "System": {"Provider": {"#attributes": {"Name": "Service Control Manager", "Guid": "{555908d1-a6d7-4695-8e1e-26931d2012f4}", "EventSourceName": "Service Control Manager"}}, "EventID": {"#attributes": {"Qualifiers": 16384}, "#text": 7036}, "Version": 0, "Level": 4, "Task": 0, "Opcode": 0, "Keywords": "0x8080000000000000", "TimeCreated": {"#attributes": {"SystemTime": "2025-06-08T21:39:45.538676Z"}}, "EventRecordID": 2063, "Correlation": null, "Execution": {"#attributes": {"ProcessID": 720, "ThreadID": 6112}}, "Channel": "System", "Computer": "DC01.pirate.htb", "Security": null}, "EventData": {"param1": "Windows Connection Manager", "param2": "stopped", "Binary": "570063006D007300760063002F0031000000"}}},
{"TimeGenerated": "2025-06-08T21:39:45.569834Z", "EventID": {"#attributes": {"Qualifiers": 16384}, "#text": 7036}, "Computer": "DC01.pirate.htb", "RawEvent": {"#attributes": {"xmlns": "http://schemas.microsoft.com/win/2004/08/events/event"}, "System": {"Provider": {"#attributes": {"Name": "Service Control Manager", "Guid": "{555908d1-a6d7-4695-8e1e-26931d2012f4}", "EventSourceName": "Service Control Manager"}}, "EventID": {"#attributes": {"Qualifiers": 16384}, "#text": 7036}, "Version": 0, "Level": 4, "Task": 0, "Opcode": 0, "Keywords": "0x8080000000000000", "TimeCreated": {"#attributes": {"SystemTime": "2025-06-08T21:39:45.569834Z"}}, "EventRecordID": 2064, "Correlation": null, "Execution": {"#attributes": {"ProcessID": 720, "ThreadID": 6112}}, "Channel": "System", "Computer": "DC01.pirate.htb", "Security": null}, "EventData": {"param1": "Windows Event Log", "param2": "stopped", "Binary": "4500760065006E0074004C006F0067002F0031000000"}}},
{"TimeGenerated": "2025-06-08T21:39:45.585625Z", "EventID": {"#attributes": {"Qualifiers": 16384}, "#text": 7036}, "Computer": "DC01.pirate.htb", "RawEvent": {"#attributes": {"xmlns": "http://schemas.microsoft.com/win/2004/08/events/event"}, "System": {"Provider": {"#attributes": {"Name": "Service Control Manager", "Guid": "{555908d1-a6d7-4695-8e1e-26931d2012f4}", "EventSourceName": "Service Control Manager"}}, "EventID": {"#attributes": {"Qualifiers": 16384}, "#text": 7036}, "Version": 0, "Level": 4, "Task": 0, "Opcode": 0, "Keywords": "0x8080000000000000", "TimeCreated": {"#attributes": {"SystemTime": "2025-06-08T21:39:45.585625Z"}}, "EventRecordID": 2065, "Correlation": null, "Execution": {"#attributes": {"ProcessID": 720, "ThreadID": 6112}}, "Channel": "System", "Computer": "DC01.pirate.htb", "Security": null}, "EventData": {"param1": "Cryptographic Services", "param2": "stopped", "Binary": "430072007900700074005300760063002F0031000000"}}},
{"TimeGenerated": "2025-06-08T21:39:45.601091Z", "EventID": {"#attributes": {"Qualifiers": 16384}, "#text": 7036}, "Computer": "DC01.pirate.htb", "RawEvent": {"#attributes": {"xmlns": "http://schemas.microsoft.com/win/2004/08/events/event"}, "System": {"Provider": {"#attributes": {"Name": "Service Control Manager", "Guid": "{555908d1-a6d7-4695-8e1e-26931d2012f4}", "EventSourceName": "Service Control Manager"}}, "EventID": {"#attributes": {"Qualifiers": 16384}, "#text": 7036}, "Version": 0, "Level": 4, "Task": 0, "Opcode": 0, "Keywords": "0x8080000000000000", "TimeCreated": {"#attributes": {"SystemTime": "2025-06-08T21:39:45.601091Z"}}, "EventRecordID": 2066, "Correlation": null, "Execution": {"#attributes": {"ProcessID": 720, "ThreadID": 4392}}, "Channel": "System", "Computer": "DC01.pirate.htb", "Security": null}, "EventData": {"param1": "Intersite Messaging", "param2": "stopped", "Binary": "490073006D0053006500720076002F0031000000"}}},
{"TimeGenerated": "2025-06-08T21:39:45.616736Z", "EventID": {"#attributes": {"Qualifiers": 16384}, "#text": 7036}, "Computer": "DC01.pirate.htb", "RawEvent": {"#attributes": {"xmlns": "http://schemas.microsoft.com/win/2004/08/events/event"}, "System": {"Provider": {"#attributes": {"Name": "Service Control Manager", "Guid": "{555908d1-a6d7-4695-8e1e-26931d2012f4}", "EventSourceName": "Service Control Manager"}}, "EventID": {"#attributes": {"Qualifiers": 16384}, "#text": 7036}, "Version": 0, "Level": 4, "Task": 0, "Opcode": 0, "Keywords": "0x8080000000000000", "TimeCreated": {"#attributes": {"SystemTime": "2025-06-08T21:39:45.616736Z"}}, "EventRecordID": 2067, "Correlation": null, "Execution": {"#attributes": {"ProcessID": 720, "ThreadID": 4392}}, "Channel": "System", "Computer": "DC01.pirate.htb", "Security": null}, "EventData": {"param1": "Windows Remote Management (WS-Management)", "param2": "stopped", "Binary": "570069006E0052004D002F0031000000"}}},
{"TimeGenerated": "2025-06-08T21:39:45.647953Z", "EventID": {"#attributes": {"Qualifiers": 16384}, "#text": 7036}, "Computer": "DC01.pirate.htb", "RawEvent": {"#attributes": {"xmlns": "http://schemas.microsoft.com/win/2004/08/events/event"}, "System": {"Provider": {"#attributes": {"Name": "Service Control Manager", "Guid": "{555908d1-a6d7-4695-8e1e-26931d2012f4}", "EventSourceName": "Service Control Manager"}}, "EventID": {"#attributes": {"Qualifiers": 16384}, "#text": 7036}, "Version": 0, "Level": 4, "Task": 0, "Opcode": 0, "Keywords": "0x8080000000000000", "TimeCreated": {"#attributes": {"SystemTime": "2025-06-08T21:39:45.647953Z"}}, "EventRecordID": 2068, "Correlation": null, "Execution": {"#attributes": {"ProcessID": 720, "ThreadID": 4392}}, "Channel": "System", "Computer": "DC01.pirate.htb", "Security": null}, "EventData": {"param1": "Task Scheduler", "param2": "stopped", "Binary": "5300630068006500640075006C0065002F0031000000"}}},
{"TimeGenerated": "2025-06-08T21:39:45.695064Z", "EventID": {"#attributes": {"Qualifiers": 16384}, "#text": 7036}, "Computer": "DC01.pirate.htb", "RawEvent": {"#attributes": {"xmlns": "http://schemas.microsoft.com/win/2004/08/events/event"}, "System": {"Provider": {"#attributes": {"Name": "Service Control Manager", "Guid": "{555908d1-a6d7-4695-8e1e-26931d2012f4}", "EventSourceName": "Service Control Manager"}}, "EventID": {"#attributes": {"Qualifiers": 16384}, "#text": 7036}, "Version": 0, "Level": 4, "Task": 0, "Opcode": 0, "Keywords": "0x8080000000000000", "TimeCreated": {"#attributes": {"SystemTime": "2025-06-08T21:39:45.695064Z"}}, "EventRecordID": 2069, "Correlation": null, "Execution": {"#attributes": {"ProcessID": 720, "ThreadID": 4392}}, "Channel": "System", "Computer": "DC01.pirate.htb", "Security": null}, "EventData": {"param1": "DNS Server", "param2": "stopped", "Binary": "44004E0053002F0031000000"}}},
{"TimeGenerated": "2025-06-08T21:39:45.839133Z", "EventID": {"#attributes": {"Qualifiers": 16384}, "#text": 7036}, "Computer": "DC01.pirate.htb", "RawEvent": {"#attributes": {"xmlns": "http://schemas.microsoft.com/win/2004/08/events/event"}, "System": {"Provider": {"#attributes": {"Name": "Service Control Manager", "Guid": "{555908d1-a6d7-4695-8e1e-26931d2012f4}", "EventSourceName": "Service Control Manager"}}, "EventID": {"#attributes": {"Qualifiers": 16384}, "#text": 7036}, "Version": 0, "Level": 4, "Task": 0, "Opcode": 0, "Keywords": "0x8080000000000000", "TimeCreated": {"#attributes": {"SystemTime": "2025-06-08T21:39:45.839133Z"}}, "EventRecordID": 2070, "Correlation": null, "Execution": {"#attributes": {"ProcessID": 720, "ThreadID": 6112}}, "Channel": "System", "Computer": "DC01.pirate.htb", "Security": null}, "EventData": {"param1": "Microsoft Defender Antivirus Service", "param2": "stopped", "Binary": "570069006E0044006500660065006E0064002F0031000000"}}},
{"TimeGenerated": "2025-06-08T21:39:46.226087Z", "EventID": {"#attributes": {"Qualifiers": 16384}, "#text": 7036}, "Computer": "DC01.pirate.htb", "RawEvent": {"#attributes": {"xmlns": "http://schemas.microsoft.com/win/2004/08/events/event"}, "System": {"Provider": {"#attributes": {"Name": "Service Control Manager", "Guid": "{555908d1-a6d7-4695-8e1e-26931d2012f4}", "EventSourceName": "Service Control Manager"}}, "EventID": {"#attributes": {"Qualifiers": 16384}, "#text": 7036}, "Version": 0, "Level": 4, "Task": 0, "Opcode": 0, "Keywords": "0x8080000000000000", "TimeCreated": {"#attributes": {"SystemTime": "2025-06-08T21:39:46.226087Z"}}, "EventRecordID": 2071, "Correlation": null, "Execution": {"#attributes": {"ProcessID": 720, "ThreadID": 6112}}, "Channel": "System", "Computer": "DC01.pirate.htb", "Security": null}, "EventData": {"param1": "DFS Replication", "param2": "stopped", "Binary": "44004600530052002F0031000000"}}},
{"TimeGenerated": "2025-06-08T21:39:46.298437Z", "EventID": {"#attributes": {"Qualifiers": 16384}, "#text": 7036}, "Computer": "DC01.pirate.htb", "RawEvent": {"#attributes": {"xmlns": "http://schemas.microsoft.com/win/2004/08/events/event"}, "System": {"Provider": {"#attributes": {"Name": "Service Control Manager", "Guid": "{555908d1-a6d7-4695-8e1e-26931d2012f4}", "EventSourceName": "Service Control Manager"}}, "EventID": {"#attributes": {"Qualifiers": 16384}, "#text": 7036}, "Version": 0, "Level": 4, "Task": 0, "Opcode": 0, "Keywords": "0x8080000000000000", "TimeCreated": {"#attributes": {"SystemTime": "2025-06-08T21:39:46.298437Z"}}, "EventRecordID": 2072, "Correlation": null, "Execution": {"#attributes": {"ProcessID": 720, "ThreadID": 6112}}, "Channel": "System", "Computer": "DC01.pirate.htb", "Security": null}, "EventData": {"param1": "Function Discovery Resource Publication", "param2": "stopped", "Binary": "460044005200650073005000750062002F0031000000"}}},
{"TimeGenerated": "2025-06-08T21:39:46.556829Z", "EventID": {"#attributes": {"Qualifiers": 16384}, "#text": 7036}, "Computer": "DC01.pirate.htb", "RawEvent": {"#attributes": {"xmlns": "http://schemas.microsoft.com/win/2004/08/events/event"}, "System": {"Provider": {"#attributes": {"Name": "Service Control Manager", "Guid": "{555908d1-a6d7-4695-8e1e-26931d2012f4}", "EventSourceName": "Service Control Manager"}}, "EventID": {"#attributes": {"Qualifiers": 16384}, "#text": 7036}, "Version": 0, "Level": 4, "Task": 0, "Opcode": 0, "Keywords": "0x8080000000000000", "TimeCreated": {"#attributes": {"SystemTime": "2025-06-08T21:39:46.556829Z"}}, "EventRecordID": 2073, "Correlation": null, "Execution": {"#attributes": {"ProcessID": 720, "ThreadID": 6112}}, "Channel": "System", "Computer": "DC01.pirate.htb", "Security": null}, "EventData": {"param1": "Windows Update", "param2": "stopped", "Binary": "770075006100750073006500720076002F0031000000"}}},
{"TimeGenerated": "2025-06-08T21:39:47.539676Z", "EventID": {"#attributes": {"Qualifiers": 16384}, "#text": 7036}, "Computer": "DC01.pirate.htb", "RawEvent": {"#attributes": {"xmlns": "http://schemas.microsoft.com/win/2004/08/events/event"}, "System": {"Provider": {"#attributes": {"Name": "Service Control Manager", "Guid": "{555908d1-a6d7-4695-8e1e-26931d2012f4}", "EventSourceName": "Service Control Manager"}}, "EventID": {"#attributes": {"Qualifiers": 16384}, "#text": 7036}, "Version": 0, "Level": 4, "Task": 0, "Opcode": 0, "Keywords": "0x8080000000000000", "TimeCreated": {"#attributes": {"SystemTime": "2025-06-08T21:39:47.539676Z"}}, "EventRecordID": 2074, "Correlation": null, "Execution": {"#attributes": {"ProcessID": 720, "ThreadID": 6112}}, "Channel": "System", "Computer": "DC01.pirate.htb", "Security": null}, "EventData": {"param1": "Active Directory Domain Services", "param2": "stopped", "Binary": "4E005400440053002F0031000000"}}},
{"TimeGenerated": "2025-06-08T21:39:50.493027Z", "EventID": 109, "Computer": "DC01.pirate.htb", "RawEvent": {"#attributes": {"xmlns": "http://schemas.microsoft.com/win/2004/08/events/event"}, "System": {"Provider": {"#attributes": {"Name": "Microsoft-Windows-Kernel-Power", "Guid": "331C3B3A-2005-44C2-AC5E-77220C37D6B4"}}, "EventID": 109, "Version": 0, "Level": 4, "Task": 103, "Opcode": 0, "Keywords": "0x8000400000000404", "TimeCreated": {"#attributes": {"SystemTime": "2025-06-08T21:39:50.493027Z"}}, "EventRecordID": 2075, "Correlation": null, "Execution": {"#attributes": {"ProcessID": 576, "ThreadID": 580}}, "Channel": "System", "Computer": "DC01.pirate.htb", "Security": null}, "EventData": {"ShutdownActionType": 6, "ShutdownEventCode": 0, "ShutdownReason": 5}}},
{"TimeGenerated": "2025-06-08T21:39:50.493028Z", "EventID": 109, "Computer": "DC01.pirate.htb", "RawEvent": {"#attributes": {"xmlns": "http://schemas.microsoft.com/win/2004/08/events/event"}, "System": {"Provider": {"#attributes": {"Name": "Microsoft-Windows-Kernel-Power", "Guid": "331C3B3A-2005-44C2-AC5E-77220C37D6B4"}}, "EventID": 109, "Version": 0, "Level": 4, "Task": 103, "Opcode": 0, "Keywords": "0x8000400000000404", "TimeCreated": {"#attributes": {"SystemTime": "2025-06-08T21:39:50.493028Z"}}, "EventRecordID": 2076, "Correlation": null, "Execution": {"#attributes": {"ProcessID": 576, "ThreadID": 580}}, "Channel": "System", "Computer": "DC01.pirate.htb", "Security": null}, "EventData": {"ShutdownActionType": 6, "ShutdownEventCode": 0, "ShutdownReason": 5}}},
{"TimeGenerated": "2025-06-08T21:39:50.758149Z", "EventID": 13, "Computer": "DC01.pirate.htb", "RawEvent": {"#attributes": {"xmlns": "http://schemas.microsoft.com/win/2004/08/events/event"}, "System": {"Provider": {"#attributes": {"Name": "Microsoft-Windows-Kernel-General", "Guid": "A68CA8B7-004F-D7B6-A698-07E2DE0F1F5D"}}, "EventID": 13, "Version": 0, "Level": 4, "Task": 2, "Opcode": 0, "Keywords": "0x8000000000000080", "TimeCreated": {"#attributes": {"SystemTime": "2025-06-08T21:39:50.758149Z"}}, "EventRecordID": 2077, "Correlation": null, "Execution": {"#attributes": {"ProcessID": 4, "ThreadID": 5536}}, "Channel": "System", "Computer": "DC01.pirate.htb", "Security": null}, "EventData": {"StopTime": "2025-06-08T21:39:50.758148Z"}}},
{"TimeGenerated": "2025-06-09T13:02:41.006030Z", "EventID": 12, "Computer": "DC01.pirate.htb", "RawEvent": {"#attributes": {"xmlns": "http://schemas.microsoft.com/win/2004/08/events/event"}, "System": {"Provider": {"#attributes": {"Name": "Microsoft-Windows-Kernel-General", "Guid": "A68CA8B7-004F-D7B6-A698-07E2DE0F1F5D"}}, "EventID": 12, "Version": 0, "Level": 4, "Task": 1, "Opcode": 0, "Keywords": "0x8000000000000080", "TimeCreated": {"#attributes": {"SystemTime": "2025-06-09T13:02:41.006030Z"}}, "EventRecordID": 2078, "Correlation": null, "Execution": {"#attributes": {"ProcessID": 4, "ThreadID": 8}}, "Channel": "System", "Computer": "DC01.pirate.htb", "Security": {"#attributes": {"UserID": "S-1-5-18"}}}, "EventData": {"MajorVersion": 10, "MinorVersion": 0, "BuildVersion": 17763, "QfeVersion": 7309, "ServiceVersion": 0, "BootMode": 0, "StartTime": "2025-06-09T13:02:40.500000Z"}}},
{"TimeGenerated": "2025-06-09T13:02:41.006089Z", "EventID": 153, "Computer": "DC01.pirate.htb", "RawEvent": {"#attributes": {"xmlns": "http://schemas.microsoft.com/win/2004/08/events/event"}, "System": {"Provider": {"#attributes": {"Name": "Microsoft-Windows-Kernel-Boot", "Guid": "15CA44FF-4D7A-4BAA-BBA5-0998955E531E"}}, "EventID": 153, "Version": 0, "Level": 4, "Task": 62, "Opcode": 0, "Keywords": "0x8000000000000000", "TimeCreated": {"#attributes": {"SystemTime": "2025-06-09T13:02:41.006089Z"}}, "EventRecordID": 2079, "Correlation": null, "Execution": {"#attributes": {"ProcessID": 4, "ThreadID": 8}}, "Channel": "System", "Computer": "DC01.pirate.htb", "Security": {"#attributes": {"UserID": "S-1-5-18"}}}, "EventData": {"Status": 0, "EnableDisableReason": 101, "VsmPolicy": 515}}},
{"TimeGenerated": "2025-06-09T13:02:41.006320Z", "EventID": 20, "Computer": "DC01.pirate.htb", "RawEvent": {"#attributes": {"xmlns": "http://schemas.microsoft.com/win/2004/08/events/event"}, "System": {"Provider": {"#attributes": {"Name": "Microsoft-Windows-Kernel-Boot", "Guid": "15CA44FF-4D7A-4BAA-BBA5-0998955E531E"}}, "EventID": 20, "Version": 1, "Level": 4, "Task": 31, "Opcode": 0, "Keywords": "0x8000000000000000", "TimeCreated": {"#attributes": {"SystemTime": "2025-06-09T13:02:41.006320Z"}}, "EventRecordID": 2080, "Correlation": null, "Execution": {"#attributes": {"ProcessID": 4, "ThreadID": 8}}, "Channel": "System", "Computer": "DC01.pirate.htb", "Security": {"#attributes": {"UserID": "S-1-5-18"}}}, "EventData": {"LastShutdownGood": true, "LastBootGood": true, "LastBootId": 8, "BootStatusPolicy": 2}}},
{"TimeGenerated": "2025-06-09T13:02:41.006415Z", "EventID": 25, "Computer": "DC01.pirate.htb", "RawEvent": {"#attributes": {"xmlns": "http://schemas.microsoft.com/win/2004/08/events/event"}, "System": {"Provider": {"#attributes": {"Name": "Microsoft-Windows-Kernel-Boot", "Guid": "15CA44FF-4D7A-4BAA-BBA5-0998955E531E"}}, "EventID": 25, "Version": 0, "Level": 4, "Task": 32, "Opcode": 0, "Keywords": "0x8000000000000000", "TimeCreated": {"#attributes": {"SystemTime": "2025-06-09T13:02:41.006415Z"}}, "EventRecordID": 2081, "Correlation": null, "Execution": {"#attributes": {"ProcessID": 4, "ThreadID": 8}}, "Channel": "System", "Computer": "DC01.pirate.htb", "Security": {"#attributes": {"UserID": "S-1-5-18"}}}, "EventData": {"BootMenuPolicy": 0}}},
{"TimeGenerated": "2025-06-09T13:02:41.006415Z", "EventID": 27, "Computer": "DC01.pirate.htb", "RawEvent": {"#attributes": {"xmlns": "http://schemas.microsoft.com/win/2004/08/events/event"}, "System": {"Provider": {"#attributes": {"Name": "Microsoft-Windows-Kernel-Boot", "Guid": "15CA44FF-4D7A-4BAA-BBA5-0998955E531E"}}, "EventID": 27, "Version": 1, "Level": 4, "Task": 33, "Opcode": 0, "Keywords": "0x8000000000000000", "TimeCreated": {"#attributes": {"SystemTime": "2025-06-09T13:02:41.006415Z"}}, "EventRecordID": 2082, "Correlation": null, "Execution": {"#attributes": {"ProcessID": 4, "ThreadID": 8}}, "Channel": "System", "Computer": "DC01.pirate.htb", "Security": {"#attributes": {"UserID": "S-1-5-18"}}}, "EventData": {"BootType": 0, "LoadOptions": " NOEXECUTE=OPTOUT  HYPERVISORLAUNCHTYPE=AUTO"}}},
{"TimeGenerated": "2025-06-09T13:02:41.006430Z", "EventID": 18, "Computer": "DC01.pirate.htb", "RawEvent": {"#attributes": {"xmlns": "http://schemas.microsoft.com/win/2004/08/events/event"}, "System": {"Provider": {"#attributes": {"Name": "Microsoft-Windows-Kernel-Boot", "Guid": "15CA44FF-4D7A-4BAA-BBA5-0998955E531E"}}, "EventID": 18, "Version": 0, "Level": 4, "Task": 57, "Opcode": 0, "Keywords": "0x8000000000000000", "TimeCreated": {"#attributes": {"SystemTime": "2025-06-09T13:02:41.006430Z"}}, "EventRecordID": 2083, "Correlation": null, "Execution": {"#attributes": {"ProcessID": 4, "ThreadID": 8}}, "Channel": "System", "Computer": "DC01.pirate.htb", "Security": {"#attributes": {"UserID": "S-1-5-18"}}}, "EventData": {"EntryCount": 1}}},
{"TimeGenerated": "2025-06-09T13:02:41.006443Z", "EventID": 32, "Computer": "DC01.pirate.htb", "RawEvent": {"#attributes": {"xmlns": "http://schemas.microsoft.com/win/2004/08/events/event"}, "System": {"Provider": {"#attributes": {"Name": "Microsoft-Windows-Kernel-Boot", "Guid": "15CA44FF-4D7A-4BAA-BBA5-0998955E531E"}}, "EventID": 32, "Version": 0, "Level": 4, "Task": 58, "Opcode": 0, "Keywords": "0x8000000000000000", "TimeCreated": {"#attributes": {"SystemTime": "2025-06-09T13:02:41.006443Z"}}, "EventRecordID": 2084, "Correlation": null, "Execution": {"#attributes": {"ProcessID": 4, "ThreadID": 8}}, "Channel": "System", "Computer": "DC01.pirate.htb", "Security": {"#attributes": {"UserID": "S-1-5-18"}}}, "EventData": {"BitlockerUserInputTime": 0}}},
{"TimeGenerated": "2025-06-09T13:02:41.008110Z", "EventID": 1, "Computer": "DC01.pirate.htb", "RawEvent": {"#attributes": {"xmlns": "http://schemas.microsoft.com/win/2004/08/events/event"}, "System": {"Provider": {"#attributes": {"Name": "Microsoft-Windows-Hyper-V-Hypervisor", "Guid": "52FC89F8-995E-434C-A91E-199986449890"}}, "EventID": 1, "Version": 0, "Level": 4, "Task": 0, "Opcode": 0, "Keywords": "0x8000400000000000", "TimeCreated": {"#attributes": {"SystemTime": "2025-06-09T13:02:41.008110Z"}}, "EventRecordID": 2085, "Correlation": null, "Execution": {"#attributes": {"ProcessID": 4, "ThreadID": 8}}, "Channel": "System", "Computer": "DC01.pirate.htb", "Security": {"#attributes": {"UserID": "S-1-5-18"}}}, "EventData": null}},
{"TimeGenerated": "2025-06-09T13:02:41.008111Z", "EventID": 2, "Computer": "DC01.pirate.htb", "RawEvent": {"#attributes": {"xmlns": "http://schemas.microsoft.com/win/2004/08/events/event"}, "System": {"Provider": {"#attributes": {"Name": "Microsoft-Windows-Hyper-V-Hypervisor", "Guid": "52FC89F8-995E-434C-A91E-199986449890"}}, "EventID": 2, "Version": 0, "Level": 4, "Task": 0, "Opcode": 0, "Keywords": "0x8000400000000000", "TimeCreated": {"#attributes": {"SystemTime": "2025-06-09T13:02:41.008111Z"}}, "EventRecordID": 2086, "Correlation": null, "Execution": {"#attributes": {"ProcessID": 4, "ThreadID": 8}}, "Channel": "System", "Computer": "DC01.pirate.htb", "Security": {"#attributes": {"UserID": "S-1-5-18"}}}, "EventData": {"SchedulerType": "0x1"}}},
{"TimeGenerated": "2025-06-09T13:02:41.008118Z", "EventID": 129, "Computer": "DC01.pirate.htb", "RawEvent": {"#attributes": {"xmlns": "http://schemas.microsoft.com/win/2004/08/events/event"}, "System": {"Provider": {"#attributes": {"Name": "Microsoft-Windows-Hyper-V-Hypervisor", "Guid": "52FC89F8-995E-434C-A91E-199986449890"}}, "EventID": 129, "Version": 0, "Level": 4, "Task": 0, "Opcode": 0, "Keywords": "0x8000400000000000", "TimeCreated": {"#attributes": {"SystemTime": "2025-06-09T13:02:41.008118Z"}}, "EventRecordID": 2087, "Correlation": null, "Execution": {"#attributes": {"ProcessID": 4, "ThreadID": 8}}, "Channel": "System", "Computer": "DC01.pirate.htb", "Security": {"#attributes": {"UserID": "S-1-5-18"}}}, "EventData": {"HardwarePresent": false, "HardwareEnabled": false, "Policy": "0x0", "EnabledFeatures": "0x0", "InternalInfo": "0x0", "Problems": "0x0", "AdditionalInfo": "0x0"}}},
{"TimeGenerated": "2025-06-09T13:02:41.008122Z", "EventID": 156, "Computer": "DC01.pirate.htb", "RawEvent": {"#attributes": {"xmlns": "http://schemas.microsoft.com/win/2004/08/events/event"}, "System": {"Provider": {"#attributes": {"Name": "Microsoft-Windows-Hyper-V-Hypervisor", "Guid": "52FC89F8-995E-434C-A91E-199986449890"}}, "EventID": 156, "Version": 0, "Level": 4, "Task": 0, "Opcode": 0, "Keywords": "0x8000400000000000", "TimeCreated": {"#attributes": {"SystemTime": "2025-06-09T13:02:41.008122Z"}}, "EventRecordID": 2088, "Correlation": null, "Execution": {"#attributes": {"ProcessID": 4, "ThreadID": 8}}, "Channel": "System", "Computer": "DC01.pirate.htb", "Security": {"#attributes": {"UserID": "S-1-5-18"}}}, "EventData": {"NotAffectedRdclNo": false, "NotAffectedAtom": false, "CacheFlushSupported": false, "SmtEnabled": false, "ParentHypervisorFlushes": false, "DisabledLoadOption": false, "Enabled": true, "CacheFlushNeeded": false}}},
{"TimeGenerated": "2025-06-09T13:02:41.008803Z", "EventID": 3, "Computer": "DC01.pirate.htb", "RawEvent": {"#attributes": {"xmlns": "http://schemas.microsoft.com/win/2004/08/events/event"}, "System": {"Provider": {"#attributes": {"Name": "Microsoft-Windows-IsolatedUserMode", "Guid": "73A33AB2-1966-4999-8ADD-868C41415269"}}, "EventID": 3, "Version": 0, "Level": 4, "Task": 0, "Opcode": 0, "Keywords": "0x8000400000000000", "TimeCreated": {"#attributes": {"SystemTime": "2025-06-09T13:02:41.008803Z"}}, "EventRecordID": 2089, "Correlation": null, "Execution": {"#attributes": {"ProcessID": 4, "ThreadID": 8}}, "Channel": "System", "Computer": "DC01.pirate.htb", "Security": {"#attributes": {"UserID": "S-1-5-18"}}}, "EventData": {"Status": 0, "Flags": 0}}},
{"TimeGenerated": "2025-06-09T13:02:41.010574Z", "EventID": 20, "Computer": "DC01.pirate.htb", "RawEvent": {"#attributes": {"xmlns": "http://schemas.microsoft.com/win/2004/08/events/event"}, "System": {"Provider": {"#attributes": {"Name": "Microsoft-Windows-Kernel-General", "Guid": "A68CA8B7-004F-D7B6-A698-07E2DE0F1F5D"}}, "EventID": 20, "Version": 0, "Level": 4, "Task": 6, "Opcode": 0, "Keywords": "0x8000000000000010", "TimeCreated": {"#attributes": {"SystemTime": "2025-06-09T13:02:41.010574Z"}}, "EventRecordID": 2090, "Correlation": null, "Execution": {"#attributes": {"ProcessID": 4, "ThreadID": 8}}, "Channel": "System", "Computer": "DC01.pirate.htb", "Security": {"#attributes": {"UserID": "S-1-5-18"}}}, "EventData": {"UpdateReason": 0, "EnabledNew": true, "CountNew": 0, "CountOld": 0}}},
