{"TimeGenerated": "2026-01-16T08:50:51.451361Z", "EventID": 769, "Computer": "DC01.pirate.htb", "RawEvent": {"#attributes": {"xmlns": "http://schemas.microsoft.com/win/2004/08/events/event"}, "System": {"Provider": {"#attributes": {"Name": "Microsoft-Windows-DNS-Server-Service", "Guid": "71A551F5-C893-4849-886B-B5EC8502641E"}}, "EventID": 769, "Version": 0, "Level": 4, "Task": 0, "Opcode": 0, "Keywords": "0x8000000000000010", "TimeCreated": {"#attributes": {"SystemTime": "2026-01-16T08:50:51.451361Z"}}, "EventRecordID": 237, "Correlation": null, "Execution": {"#attributes": {"ProcessID": 2900, "ThreadID": 2444}}, "Channel": "DNS Server", "Computer": "DC01.pirate.htb", "Security": {"#attributes": {"UserID": "S-1-5-18"}}}, "EventData": {"#attributes": {"Name": "DNS_EVENT_ZONE_LOAD_OK"}, "param1": "TrustAnchors", "param2": "NULL", "param3": "DC01.pirate.htb", "VirtualizationID": "."}}},
{"TimeGenerated": "2026-01-16T08:50:51.456205Z", "EventID": 7648, "Computer": "DC01.pirate.htb", "RawEvent": {"#attributes": {"xmlns": "http://schemas.microsoft.com/win/2004/08/events/event"}, "System": {"Provider": {"#attributes": {"Name": "Microsoft-Windows-DNS-Server-Service", "Guid": "71A551F5-C893-4849-886B-B5EC8502641E"}}, "EventID": 7648, "Version": 0, "Level": 4, "Task": 0, "Opcode": 0, "Keywords": "0x8000000000000080", "TimeCreated": {"#attributes": {"SystemTime": "2026-01-16T08:50:51.456205Z"}}, "EventRecordID": 238, "Correlation": null, "Execution": {"#attributes": {"ProcessID": 2900, "ThreadID": 2444}}, "Channel": "DNS Server", "Computer": "DC01.pirate.htb", "Security": {"#attributes": {"UserID": "S-1-5-18"}}}, "EventData": {"#attributes": {"Name": "DNS_EVENT_DNSSEC_KEYMASTER_CHANGE_DETECTED"}, "param1": "pirate.htb", "param2": "DC01.pirate.htb", "Binary": null}}},
{"TimeGenerated": "2026-01-16T08:50:51.614957Z", "EventID": 2, "Computer": "DC01.pirate.htb", "RawEvent": {"#attributes": {"xmlns": "http://schemas.microsoft.com/win/2004/08/events/event"}, "System": {"Provider": {"#attributes": {"Name": "Microsoft-Windows-DNS-Server-Service", "Guid": "71A551F5-C893-4849-886B-B5EC8502641E"}}, "EventID": 2, "Version": 0, "Level": 4, "Task": 0, "Opcode": 0, "Keywords": "0x8000000000001000", "TimeCreated": {"#attributes": {"SystemTime": "2026-01-16T08:50:51.614957Z"}}, "EventRecordID": 239, "Correlation": null, "Execution": {"#attributes": {"ProcessID": 2900, "ThreadID": 2444}}, "Channel": "DNS Server", "Computer": "DC01.pirate.htb", "Security": {"#attributes": {"UserID": "S-1-5-18"}}}, "EventData": {"#attributes": {"Name": "DNS_EVENT_STARTUP_OK"}}}},
{"TimeGenerated": "2026-01-16T08:50:51.983238Z", "EventID": 4, "Computer": "DC01.pirate.htb", "RawEvent": {"#attributes": {"xmlns": "http://schemas.microsoft.com/win/2004/08/events/event"}, "System": {"Provider": {"#attributes": {"Name": "Microsoft-Windows-DNS-Server-Service", "Guid": "71A551F5-C893-4849-886B-B5EC8502641E"}}, "EventID": 4, "Version": 0, "Level": 4, "Task": 0, "Opcode": 0, "Keywords": "0x8000000000000010", "TimeCreated": {"#attributes": {"SystemTime": "2026-01-16T08:50:51.983238Z"}}, "EventRecordID": 240, "Correlation": null, "Execution": {"#attributes": {"ProcessID": 2900, "ThreadID": 4728}}, "Channel": "DNS Server", "Computer": "DC01.pirate.htb", "Security": {"#attributes": {"UserID": "S-1-5-18"}}}, "EventData": {"#attributes": {"Name": "DNS_EVENT_ZONE_LOAD_COMPLETE"}}}},
{"TimeGenerated": "2026-01-16T08:52:21.078614Z", "EventID": 3, "Computer": "DC01.pirate.htb", "RawEvent": {"#attributes": {"xmlns": "http://schemas.microsoft.com/win/2004/08/events/event"}, "System": {"Provider": {"#attributes": {"Name": "Microsoft-Windows-DNS-Server-Service", "Guid": "71A551F5-C893-4849-886B-B5EC8502641E"}}, "EventID": 3, "Version": 0, "Level": 4, "Task": 0, "Opcode": 0, "Keywords": "0x8000000000001000", "TimeCreated": {"#attributes": {"SystemTime": "2026-01-16T08:52:21.078614Z"}}, "EventRecordID": 241, "Correlation": null, "Execution": {"#attributes": {"ProcessID": 2900, "ThreadID": 2444}}, "Channel": "DNS Server", "Computer": "DC01.pirate.htb", "Security": {"#attributes": {"UserID": "S-1-5-18"}}}, "EventData": {"#attributes": {"Name": "DNS_EVENT_SHUTDOWN"}}}},
{"TimeGenerated": "2026-01-16T09:04:53.091995Z", "EventID": 7693, "Computer": "DC01.pirate.htb", "RawEvent": {"#attributes": {"xmlns": "http://schemas.microsoft.com/win/2004/08/events/event"}, "System": {"Provider": {"#attributes": {"Name": "Microsoft-Windows-DNS-Server-Service", "Guid": "71A551F5-C893-4849-886B-B5EC8502641E"}}, "EventID": 7693, "Version": 0, "Level": 4, "Task": 0, "Opcode": 0, "Keywords": "0x8000000000001000", "TimeCreated": {"#attributes": {"SystemTime": "2026-01-16T09:04:53.091995Z"}}, "EventRecordID": 242, "Correlation": null, "Execution": {"#attributes": {"ProcessID": 2880, "ThreadID": 2120}}, "Channel": "DNS Server", "Computer": "DC01.pirate.htb", "Security": {"#attributes": {"UserID": "S-1-5-18"}}}, "EventData": {"#attributes": {"Name": "DNS_EVENT_SCOPE_EDNS_OPCODE_SET"}, "param1": 65433, "Binary": null}}},
{"TimeGenerated": "2026-01-16T09:04:58.648323Z", "EventID": 4013, "Computer": "DC01.pirate.htb", "RawEvent": {"#attributes": {"xmlns": "http://schemas.microsoft.com/win/2004/08/events/event"}, "System": {"Provider": {"#attributes": {"Name": "Microsoft-Windows-DNS-Server-Service", "Guid": "71A551F5-C893-4849-886B-B5EC8502641E"}}, "EventID": 4013, "Version": 0, "Level": 3, "Task": 0, "Opcode": 0, "Keywords": "0x8000000000020000", "TimeCreated": {"#attributes": {"SystemTime": "2026-01-16T09:04:58.648323Z"}}, "EventRecordID": 243, "Correlation": null, "Execution": {"#attributes": {"ProcessID": 2880, "ThreadID": 2120}}, "Channel": "DNS Server", "Computer": "DC01.pirate.htb", "Security": {"#attributes": {"UserID": "S-1-5-18"}}}, "EventData": {"#attributes": {"Name": "DNS_EVENT_DS_OPEN_WAIT"}}}},
{"TimeGenerated": "2026-01-16T09:05:16.553698Z", "EventID": 769, "Computer": "DC01.pirate.htb", "RawEvent": {"#attributes": {"xmlns": "http://schemas.microsoft.com/win/2004/08/events/event"}, "System": {"Provider": {"#attributes": {"Name": "Microsoft-Windows-DNS-Server-Service", "Guid": "71A551F5-C893-4849-886B-B5EC8502641E"}}, "EventID": 769, "Version": 0, "Level": 4, "Task": 0, "Opcode": 0, "Keywords": "0x8000000000000010", "TimeCreated": {"#attributes": {"SystemTime": "2026-01-16T09:05:16.553698Z"}}, "EventRecordID": 244, "Correlation": null, "Execution": {"#attributes": {"ProcessID": 2880, "ThreadID": 2120}}, "Channel": "DNS Server", "Computer": "DC01.pirate.htb", "Security": {"#attributes": {"UserID": "S-1-5-18"}}}, "EventData": {"#attributes": {"Name": "DNS_EVENT_ZONE_LOAD_OK"}, "param1": "_msdcs.pirate.htb", "param2": "NULL", "param3": "DC01.pirate.htb", "VirtualizationID": "."}}},
{"TimeGenerated": "2026-01-16T09:05:16.559992Z", "EventID": 769, "Computer": "DC01.pirate.htb", "RawEvent": {"#attributes": {"xmlns": "http://schemas.microsoft.com/win/2004/08/events/event"}, "System": {"Provider": {"#attributes": {"Name": "Microsoft-Windows-DNS-Server-Service", "Guid": "71A551F5-C893-4849-886B-B5EC8502641E"}}, "EventID": 769, "Version": 0, "Level": 4, "Task": 0, "Opcode": 0, "Keywords": "0x8000000000000010", "TimeCreated": {"#attributes": {"SystemTime": "2026-01-16T09:05:16.559992Z"}}, "EventRecordID": 245, "Correlation": null, "Execution": {"#attributes": {"ProcessID": 2880, "ThreadID": 2120}}, "Channel": "DNS Server", "Computer": "DC01.pirate.htb", "Security": {"#attributes": {"UserID": "S-1-5-18"}}}, "EventData": {"#attributes": {"Name": "DNS_EVENT_ZONE_LOAD_OK"}, "param1": "pirate.htb", "param2": "NULL", "param3": "DC01.pirate.htb", "VirtualizationID": "."}}},
{"TimeGenerated": "2026-01-16T09:05:16.561434Z", "EventID": 769, "Computer": "DC01.pirate.htb", "RawEvent": {"#attributes": {"xmlns": "http://schemas.microsoft.com/win/2004/08/events/event"}, "System": {"Provider": {"#attributes": {"Name": "Microsoft-Windows-DNS-Server-Service", "Guid": "71A551F5-C893-4849-886B-B5EC8502641E"}}, "EventID": 769, "Version": 0, "Level": 4, "Task": 0, "Opcode": 0, "Keywords": "0x8000000000000010", "TimeCreated": {"#attributes": {"SystemTime": "2026-01-16T09:05:16.561434Z"}}, "EventRecordID": 246, "Correlation": null, "Execution": {"#attributes": {"ProcessID": 2880, "ThreadID": 2120}}, "Channel": "DNS Server", "Computer": "DC01.pirate.htb", "Security": {"#attributes": {"UserID": "S-1-5-18"}}}, "EventData": {"#attributes": {"Name": "DNS_EVENT_ZONE_LOAD_OK"}, "param1": "TrustAnchors", "param2": "NULL", "param3": "DC01.pirate.htb", "VirtualizationID": "."}}},
{"TimeGenerated": "2026-01-16T09:05:16.567325Z", "EventID": 7648, "Computer": "DC01.pirate.htb", "RawEvent": {"#attributes": {"xmlns": "http://schemas.microsoft.com/win/2004/08/events/event"}, "System": {"Provider": {"#attributes": {"Name": "Microsoft-Windows-DNS-Server-Service", "Guid": "71A551F5-C893-4849-886B-B5EC8502641E"}}, "EventID": 7648, "Version": 0, "Level": 4, "Task": 0, "Opcode": 0, "Keywords": "0x8000000000000080", "TimeCreated": {"#attributes": {"SystemTime": "2026-01-16T09:05:16.567325Z"}}, "EventRecordID": 247, "Correlation": null, "Execution": {"#attributes": {"ProcessID": 2880, "ThreadID": 2120}}, "Channel": "DNS Server", "Computer": "DC01.pirate.htb", "Security": {"#attributes": {"UserID": "S-1-5-18"}}}, "EventData": {"#attributes": {"Name": "DNS_EVENT_DNSSEC_KEYMASTER_CHANGE_DETECTED"}, "param1": "pirate.htb", "param2": "DC01.pirate.htb", "Binary": null}}},
{"TimeGenerated": "2026-01-16T09:05:16.703778Z", "EventID": 2, "Computer": "DC01.pirate.htb", "RawEvent": {"#attributes": {"xmlns": "http://schemas.microsoft.com/win/2004/08/events/event"}, "System": {"Provider": {"#attributes": {"Name": "Microsoft-Windows-DNS-Server-Service", "Guid": "71A551F5-C893-4849-886B-B5EC8502641E"}}, "EventID": 2, "Version": 0, "Level": 4, "Task": 0, "Opcode": 0, "Keywords": "0x8000000000001000", "TimeCreated": {"#attributes": {"SystemTime": "2026-01-16T09:05:16.703778Z"}}, "EventRecordID": 248, "Correlation": null, "Execution": {"#attributes": {"ProcessID": 2880, "ThreadID": 2120}}, "Channel": "DNS Server", "Computer": "DC01.pirate.htb", "Security": {"#attributes": {"UserID": "S-1-5-18"}}}, "EventData": {"#attributes": {"Name": "DNS_EVENT_STARTUP_OK"}}}},
{"TimeGenerated": "2026-01-16T09:05:17.084224Z", "EventID": 4, "Computer": "DC01.pirate.htb", "RawEvent": {"#attributes": {"xmlns": "http://schemas.microsoft.com/win/2004/08/events/event"}, "System": {"Provider": {"#attributes": {"Name": "Microsoft-Windows-DNS-Server-Service", "Guid": "71A551F5-C893-4849-886B-B5EC8502641E"}}, "EventID": 4, "Version": 0, "Level": 4, "Task": 0, "Opcode": 0, "Keywords": "0x8000000000000010", "TimeCreated": {"#attributes": {"SystemTime": "2026-01-16T09:05:17.084224Z"}}, "EventRecordID": 249, "Correlation": null, "Execution": {"#attributes": {"ProcessID": 2880, "ThreadID": 4688}}, "Channel": "DNS Server", "Computer": "DC01.pirate.htb", "Security": {"#attributes": {"UserID": "S-1-5-18"}}}, "EventData": {"#attributes": {"Name": "DNS_EVENT_ZONE_LOAD_COMPLETE"}}}},
{"TimeGenerated": "2026-01-16T09:06:08.269673Z", "EventID": 3, "Computer": "DC01.pirate.htb", "RawEvent": {"#attributes": {"xmlns": "http://schemas.microsoft.com/win/2004/08/events/event"}, "System": {"Provider": {"#attributes": {"Name": "Microsoft-Windows-DNS-Server-Service", "Guid": "71A551F5-C893-4849-886B-B5EC8502641E"}}, "EventID": 3, "Version": 0, "Level": 4, "Task": 0, "Opcode": 0, "Keywords": "0x8000000000001000", "TimeCreated": {"#attributes": {"SystemTime": "2026-01-16T09:06:08.269673Z"}}, "EventRecordID": 250, "Correlation": null, "Execution": {"#attributes": {"ProcessID": 2880, "ThreadID": 2120}}, "Channel": "DNS Server", "Computer": "DC01.pirate.htb", "Security": {"#attributes": {"UserID": "S-1-5-18"}}}, "EventData": {"#attributes": {"Name": "DNS_EVENT_SHUTDOWN"}}}},
{"TimeGenerated": "2026-01-22T23:20:58.158697Z", "EventID": 7693, "Computer": "DC01.pirate.htb", "RawEvent": {"#attributes": {"xmlns": "http://schemas.microsoft.com/win/2004/08/events/event"}, "System": {"Provider": {"#attributes": {"Name": "Microsoft-Windows-DNS-Server-Service", "Guid": "71A551F5-C893-4849-886B-B5EC8502641E"}}, "EventID": 7693, "Version": 0, "Level": 4, "Task": 0, "Opcode": 0, "Keywords": "0x8000000000001000", "TimeCreated": {"#attributes": {"SystemTime": "2026-01-22T23:20:58.158697Z"}}, "EventRecordID": 251, "Correlation": null, "Execution": {"#attributes": {"ProcessID": 2912, "ThreadID": 2244}}, "Channel": "DNS Server", "Computer": "DC01.pirate.htb", "Security": {"#attributes": {"UserID": "S-1-5-18"}}}, "EventData": {"#attributes": {"Name": "DNS_EVENT_SCOPE_EDNS_OPCODE_SET"}, "param1": 65433, "Binary": null}}},
{"TimeGenerated": "2026-01-22T23:21:04.031034Z", "EventID": 4013, "Computer": "DC01.pirate.htb", "RawEvent": {"#attributes": {"xmlns": "http://schemas.microsoft.com/win/2004/08/events/event"}, "System": {"Provider": {"#attributes": {"Name": "Microsoft-Windows-DNS-Server-Service", "Guid": "71A551F5-C893-4849-886B-B5EC8502641E"}}, "EventID": 4013, "Version": 0, "Level": 3, "Task": 0, "Opcode": 0, "Keywords": "0x8000000000020000", "TimeCreated": {"#attributes": {"SystemTime": "2026-01-22T23:21:04.031034Z"}}, "EventRecordID": 252, "Correlation": null, "Execution": {"#attributes": {"ProcessID": 2912, "ThreadID": 2244}}, "Channel": "DNS Server", "Computer": "DC01.pirate.htb", "Security": {"#attributes": {"UserID": "S-1-5-18"}}}, "EventData": {"#attributes": {"Name": "DNS_EVENT_DS_OPEN_WAIT"}}}},
{"TimeGenerated": "2026-01-22T23:21:21.590259Z", "EventID": 769, "Computer": "DC01.pirate.htb", "RawEvent": {"#attributes": {"xmlns": "http://schemas.microsoft.com/win/2004/08/events/event"}, "System": {"Provider": {"#attributes": {"Name": "Microsoft-Windows-DNS-Server-Service", "Guid": "71A551F5-C893-4849-886B-B5EC8502641E"}}, "EventID": 769, "Version": 0, "Level": 4, "Task": 0, "Opcode": 0, "Keywords": "0x8000000000000010", "TimeCreated": {"#attributes": {"SystemTime": "2026-01-22T23:21:21.590259Z"}}, "EventRecordID": 253, "Correlation": null, "Execution": {"#attributes": {"ProcessID": 2912, "ThreadID": 2244}}, "Channel": "DNS Server", "Computer": "DC01.pirate.htb", "Security": {"#attributes": {"UserID": "S-1-5-18"}}}, "EventData": {"#attributes": {"Name": "DNS_EVENT_ZONE_LOAD_OK"}, "param1": "_msdcs.pirate.htb", "param2": "NULL", "param3": "DC01.pirate.htb", "VirtualizationID": "."}}},
{"TimeGenerated": "2026-01-22T23:21:21.597430Z", "EventID": 769, "Computer": "DC01.pirate.htb", "RawEvent": {"#attributes": {"xmlns": "http://schemas.microsoft.com/win/2004/08/events/event"}, "System": {"Provider": {"#attributes": {"Name": "Microsoft-Windows-DNS-Server-Service", "Guid": "71A551F5-C893-4849-886B-B5EC8502641E"}}, "EventID": 769, "Version": 0, "Level": 4, "Task": 0, "Opcode": 0, "Keywords": "0x8000000000000010", "TimeCreated": {"#attributes": {"SystemTime": "2026-01-22T23:21:21.597430Z"}}, "EventRecordID": 254, "Correlation": null, "Execution": {"#attributes": {"ProcessID": 2912, "ThreadID": 2244}}, "Channel": "DNS Server", "Computer": "DC01.pirate.htb", "Security": {"#attributes": {"UserID": "S-1-5-18"}}}, "EventData": {"#attributes": {"Name": "DNS_EVENT_ZONE_LOAD_OK"}, "param1": "pirate.htb", "param2": "NULL", "param3": "DC01.pirate.htb", "VirtualizationID": "."}}},
{"TimeGenerated": "2026-01-22T23:21:21.599121Z", "EventID": 769, "Computer": "DC01.pirate.htb", "RawEvent": {"#attributes": {"xmlns": "http://schemas.microsoft.com/win/2004/08/events/event"}, "System": {"Provider": {"#attributes": {"Name": "Microsoft-Windows-DNS-Server-Service", "Guid": "71A551F5-C893-4849-886B-B5EC8502641E"}}, "EventID": 769, "Version": 0, "Level": 4, "Task": 0, "Opcode": 0, "Keywords": "0x8000000000000010", "TimeCreated": {"#attributes": {"SystemTime": "2026-01-22T23:21:21.599121Z"}}, "EventRecordID": 255, "Correlation": null, "Execution": {"#attributes": {"ProcessID": 2912, "ThreadID": 2244}}, "Channel": "DNS Server", "Computer": "DC01.pirate.htb", "Security": {"#attributes": {"UserID": "S-1-5-18"}}}, "EventData": {"#attributes": {"Name": "DNS_EVENT_ZONE_LOAD_OK"}, "param1": "TrustAnchors", "param2": "NULL", "param3": "DC01.pirate.htb", "VirtualizationID": "."}}},
{"TimeGenerated": "2026-01-22T23:21:21.605031Z", "EventID": 7648, "Computer": "DC01.pirate.htb", "RawEvent": {"#attributes": {"xmlns": "http://schemas.microsoft.com/win/2004/08/events/event"}, "System": {"Provider": {"#attributes": {"Name": "Microsoft-Windows-DNS-Server-Service", "Guid": "71A551F5-C893-4849-886B-B5EC8502641E"}}, "EventID": 7648, "Version": 0, "Level": 4, "Task": 0, "Opcode": 0, "Keywords": "0x8000000000000080", "TimeCreated": {"#attributes": {"SystemTime": "2026-01-22T23:21:21.605031Z"}}, "EventRecordID": 256, "Correlation": null, "Execution": {"#attributes": {"ProcessID": 2912, "ThreadID": 2244}}, "Channel": "DNS Server", "Computer": "DC01.pirate.htb", "Security": {"#attributes": {"UserID": "S-1-5-18"}}}, "EventData": {"#attributes": {"Name": "DNS_EVENT_DNSSEC_KEYMASTER_CHANGE_DETECTED"}, "param1": "pirate.htb", "param2": "DC01.pirate.htb", "Binary": null}}},
{"TimeGenerated": "2026-01-22T23:21:21.796494Z", "EventID": 2, "Computer": "DC01.pirate.htb", "RawEvent": {"#attributes": {"xmlns": "http://schemas.microsoft.com/win/2004/08/events/event"}, "System": {"Provider": {"#attributes": {"Name": "Microsoft-Windows-DNS-Server-Service", "Guid": "71A551F5-C893-4849-886B-B5EC8502641E"}}, "EventID": 2, "Version": 0, "Level": 4, "Task": 0, "Opcode": 0, "Keywords": "0x8000000000001000", "TimeCreated": {"#attributes": {"SystemTime": "2026-01-22T23:21:21.796494Z"}}, "EventRecordID": 257, "Correlation": null, "Execution": {"#attributes": {"ProcessID": 2912, "ThreadID": 2244}}, "Channel": "DNS Server", "Computer": "DC01.pirate.htb", "Security": {"#attributes": {"UserID": "S-1-5-18"}}}, "EventData": {"#attributes": {"Name": "DNS_EVENT_STARTUP_OK"}}}},
{"TimeGenerated": "2026-01-22T23:21:22.128082Z", "EventID": 4, "Computer": "DC01.pirate.htb", "RawEvent": {"#attributes": {"xmlns": "http://schemas.microsoft.com/win/2004/08/events/event"}, "System": {"Provider": {"#attributes": {"Name": "Microsoft-Windows-DNS-Server-Service", "Guid": "71A551F5-C893-4849-886B-B5EC8502641E"}}, "EventID": 4, "Version": 0, "Level": 4, "Task": 0, "Opcode": 0, "Keywords": "0x8000000000000010", "TimeCreated": {"#attributes": {"SystemTime": "2026-01-22T23:21:22.128082Z"}}, "EventRecordID": 258, "Correlation": null, "Execution": {"#attributes": {"ProcessID": 2912, "ThreadID": 4744}}, "Channel": "DNS Server", "Computer": "DC01.pirate.htb", "Security": {"#attributes": {"UserID": "S-1-5-18"}}}, "EventData": {"#attributes": {"Name": "DNS_EVENT_ZONE_LOAD_COMPLETE"}}}},
{"TimeGenerated": "2026-01-22T23:44:27.842281Z", "EventID": 3, "Computer": "DC01.pirate.htb", "RawEvent": {"#attributes": {"xmlns": "http://schemas.microsoft.com/win/2004/08/events/event"}, "System": {"Provider": {"#attributes": {"Name": "Microsoft-Windows-DNS-Server-Service", "Guid": "71A551F5-C893-4849-886B-B5EC8502641E"}}, "EventID": 3, "Version": 0, "Level": 4, "Task": 0, "Opcode": 0, "Keywords": "0x8000000000001000", "TimeCreated": {"#attributes": {"SystemTime": "2026-01-22T23:44:27.842281Z"}}, "EventRecordID": 259, "Correlation": null, "Execution": {"#attributes": {"ProcessID": 2912, "ThreadID": 2244}}, "Channel": "DNS Server", "Computer": "DC01.pirate.htb", "Security": {"#attributes": {"UserID": "S-1-5-18"}}}, "EventData": {"#attributes": {"Name": "DNS_EVENT_SHUTDOWN"}}}},
{"TimeGenerated": "2026-01-26T21:30:25.403519Z", "EventID": 7693, "Computer": "DC01.pirate.htb", "RawEvent": {"#attributes": {"xmlns": "http://schemas.microsoft.com/win/2004/08/events/event"}, "System": {"Provider": {"#attributes": {"Name": "Microsoft-Windows-DNS-Server-Service", "Guid": "71A551F5-C893-4849-886B-B5EC8502641E"}}, "EventID": 7693, "Version": 0, "Level": 4, "Task": 0, "Opcode": 0, "Keywords": "0x8000000000001000", "TimeCreated": {"#attributes": {"SystemTime": "2026-01-26T21:30:25.403519Z"}}, "EventRecordID": 260, "Correlation": null, "Execution": {"#attributes": {"ProcessID": 3032, "ThreadID": 1800}}, "Channel": "DNS Server", "Computer": "DC01.pirate.htb", "Security": {"#attributes": {"UserID": "S-1-5-18"}}}, "EventData": {"#attributes": {"Name": "DNS_EVENT_SCOPE_EDNS_OPCODE_SET"}, "param1": 65433, "Binary": null}}},
{"TimeGenerated": "2026-01-26T21:30:30.918164Z", "EventID": 4013, "Computer": "DC01.pirate.htb", "RawEvent": {"#attributes": {"xmlns": "http://schemas.microsoft.com/win/2004/08/events/event"}, "System": {"Provider": {"#attributes": {"Name": "Microsoft-Windows-DNS-Server-Service", "Guid": "71A551F5-C893-4849-886B-B5EC8502641E"}}, "EventID": 4013, "Version": 0, "Level": 3, "Task": 0, "Opcode": 0, "Keywords": "0x8000000000020000", "TimeCreated": {"#attributes": {"SystemTime": "2026-01-26T21:30:30.918164Z"}}, "EventRecordID": 261, "Correlation": null, "Execution": {"#attributes": {"ProcessID": 3032, "ThreadID": 1800}}, "Channel": "DNS Server", "Computer": "DC01.pirate.htb", "Security": {"#attributes": {"UserID": "S-1-5-18"}}}, "EventData": {"#attributes": {"Name": "DNS_EVENT_DS_OPEN_WAIT"}}}},
{"TimeGenerated": "2026-01-26T21:30:49.361935Z", "EventID": 769, "Computer": "DC01.pirate.htb", "RawEvent": {"#attributes": {"xmlns": "http://schemas.microsoft.com/win/2004/08/events/event"}, "System": {"Provider": {"#attributes": {"Name": "Microsoft-Windows-DNS-Server-Service", "Guid": "71A551F5-C893-4849-886B-B5EC8502641E"}}, "EventID": 769, "Version": 0, "Level": 4, "Task": 0, "Opcode": 0, "Keywords": "0x8000000000000010", "TimeCreated": {"#attributes": {"SystemTime": "2026-01-26T21:30:49.361935Z"}}, "EventRecordID": 262, "Correlation": null, "Execution": {"#attributes": {"ProcessID": 3032, "ThreadID": 1800}}, "Channel": "DNS Server", "Computer": "DC01.pirate.htb", "Security": {"#attributes": {"UserID": "S-1-5-18"}}}, "EventData": {"#attributes": {"Name": "DNS_EVENT_ZONE_LOAD_OK"}, "param1": "_msdcs.pirate.htb", "param2": "NULL", "param3": "DC01.pirate.htb", "VirtualizationID": "."}}},
{"TimeGenerated": "2026-01-26T21:30:49.370634Z", "EventID": 769, "Computer": "DC01.pirate.htb", "RawEvent": {"#attributes": {"xmlns": "http://schemas.microsoft.com/win/2004/08/events/event"}, "System": {"Provider": {"#attributes": {"Name": "Microsoft-Windows-DNS-Server-Service", "Guid": "71A551F5-C893-4849-886B-B5EC8502641E"}}, "EventID": 769, "Version": 0, "Level": 4, "Task": 0, "Opcode": 0, "Keywords": "0x8000000000000010", "TimeCreated": {"#attributes": {"SystemTime": "2026-01-26T21:30:49.370634Z"}}, "EventRecordID": 263, "Correlation": null, "Execution": {"#attributes": {"ProcessID": 3032, "ThreadID": 1800}}, "Channel": "DNS Server", "Computer": "DC01.pirate.htb", "Security": {"#attributes": {"UserID": "S-1-5-18"}}}, "EventData": {"#attributes": {"Name": "DNS_EVENT_ZONE_LOAD_OK"}, "param1": "pirate.htb", "param2": "NULL", "param3": "DC01.pirate.htb", "VirtualizationID": "."}}},
{"TimeGenerated": "2026-01-26T21:30:49.372914Z", "EventID": 769, "Computer": "DC01.pirate.htb", "RawEvent": {"#attributes": {"xmlns": "http://schemas.microsoft.com/win/2004/08/events/event"}, "System": {"Provider": {"#attributes": {"Name": "Microsoft-Windows-DNS-Server-Service", "Guid": "71A551F5-C893-4849-886B-B5EC8502641E"}}, "EventID": 769, "Version": 0, "Level": 4, "Task": 0, "Opcode": 0, "Keywords": "0x8000000000000010", "TimeCreated": {"#attributes": {"SystemTime": "2026-01-26T21:30:49.372914Z"}}, "EventRecordID": 264, "Correlation": null, "Execution": {"#attributes": {"ProcessID": 3032, "ThreadID": 1800}}, "Channel": "DNS Server", "Computer": "DC01.pirate.htb", "Security": {"#attributes": {"UserID": "S-1-5-18"}}}, "EventData": {"#attributes": {"Name": "DNS_EVENT_ZONE_LOAD_OK"}, "param1": "TrustAnchors", "param2": "NULL", "param3": "DC01.pirate.htb", "VirtualizationID": "."}}},
{"TimeGenerated": "2026-01-26T21:30:49.378247Z", "EventID": 7648, "Computer": "DC01.pirate.htb", "RawEvent": {"#attributes": {"xmlns": "http://schemas.microsoft.com/win/2004/08/events/event"}, "System": {"Provider": {"#attributes": {"Name": "Microsoft-Windows-DNS-Server-Service", "Guid": "71A551F5-C893-4849-886B-B5EC8502641E"}}, "EventID": 7648, "Version": 0, "Level": 4, "Task": 0, "Opcode": 0, "Keywords": "0x8000000000000080", "TimeCreated": {"#attributes": {"SystemTime": "2026-01-26T21:30:49.378247Z"}}, "EventRecordID": 265, "Correlation": null, "Execution": {"#attributes": {"ProcessID": 3032, "ThreadID": 1800}}, "Channel": "DNS Server", "Computer": "DC01.pirate.htb", "Security": {"#attributes": {"UserID": "S-1-5-18"}}}, "EventData": {"#attributes": {"Name": "DNS_EVENT_DNSSEC_KEYMASTER_CHANGE_DETECTED"}, "param1": "pirate.htb", "param2": "DC01.pirate.htb", "Binary": null}}},
{"TimeGenerated": "2026-01-26T21:30:49.709840Z", "EventID": 2, "Computer": "DC01.pirate.htb", "RawEvent": {"#attributes": {"xmlns": "http://schemas.microsoft.com/win/2004/08/events/event"}, "System": {"Provider": {"#attributes": {"Name": "Microsoft-Windows-DNS-Server-Service", "Guid": "71A551F5-C893-4849-886B-B5EC8502641E"}}, "EventID": 2, "Version": 0, "Level": 4, "Task": 0, "Opcode": 0, "Keywords": "0x8000000000001000", "TimeCreated": {"#attributes": {"SystemTime": "2026-01-26T21:30:49.709840Z"}}, "EventRecordID": 266, "Correlation": null, "Execution": {"#attributes": {"ProcessID": 3032, "ThreadID": 1800}}, "Channel": "DNS Server", "Computer": "DC01.pirate.htb", "Security": {"#attributes": {"UserID": "S-1-5-18"}}}, "EventData": {"#attributes": {"Name": "DNS_EVENT_STARTUP_OK"}}}},
{"TimeGenerated": "2026-01-26T21:30:49.895683Z", "EventID": 4, "Computer": "DC01.pirate.htb", "RawEvent": {"#attributes": {"xmlns": "http://schemas.microsoft.com/win/2004/08/events/event"}, "System": {"Provider": {"#attributes": {"Name": "Microsoft-Windows-DNS-Server-Service", "Guid": "71A551F5-C893-4849-886B-B5EC8502641E"}}, "EventID": 4, "Version": 0, "Level": 4, "Task": 0, "Opcode": 0, "Keywords": "0x8000000000000010", "TimeCreated": {"#attributes": {"SystemTime": "2026-01-26T21:30:49.895683Z"}}, "EventRecordID": 267, "Correlation": null, "Execution": {"#attributes": {"ProcessID": 3032, "ThreadID": 4844}}, "Channel": "DNS Server", "Computer": "DC01.pirate.htb", "Security": {"#attributes": {"UserID": "S-1-5-18"}}}, "EventData": {"#attributes": {"Name": "DNS_EVENT_ZONE_LOAD_COMPLETE"}}}},
{"TimeGenerated": "2026-01-26T21:42:04.862722Z", "EventID": 3, "Computer": "DC01.pirate.htb", "RawEvent": {"#attributes": {"xmlns": "http://schemas.microsoft.com/win/2004/08/events/event"}, "System": {"Provider": {"#attributes": {"Name": "Microsoft-Windows-DNS-Server-Service", "Guid": "71A551F5-C893-4849-886B-B5EC8502641E"}}, "EventID": 3, "Version": 0, "Level": 4, "Task": 0, "Opcode": 0, "Keywords": "0x8000000000001000", "TimeCreated": {"#attributes": {"SystemTime": "2026-01-26T21:42:04.862722Z"}}, "EventRecordID": 268, "Correlation": null, "Execution": {"#attributes": {"ProcessID": 3032, "ThreadID": 1800}}, "Channel": "DNS Server", "Computer": "DC01.pirate.htb", "Security": {"#attributes": {"UserID": "S-1-5-18"}}}, "EventData": {"#attributes": {"Name": "DNS_EVENT_SHUTDOWN"}}}},
{"TimeGenerated": "2026-01-26T21:43:14.343660Z", "EventID": 7693, "Computer": "DC01.pirate.htb", "RawEvent": {"#attributes": {"xmlns": "http://schemas.microsoft.com/win/2004/08/events/event"}, "System": {"Provider": {"#attributes": {"Name": "Microsoft-Windows-DNS-Server-Service", "Guid": "71A551F5-C893-4849-886B-B5EC8502641E"}}, "EventID": 7693, "Version": 0, "Level": 4, "Task": 0, "Opcode": 0, "Keywords": "0x8000000000001000", "TimeCreated": {"#attributes": {"SystemTime": "2026-01-26T21:43:14.343660Z"}}, "EventRecordID": 269, "Correlation": null, "Execution": {"#attributes": {"ProcessID": 2928, "ThreadID": 3016}}, "Channel": "DNS Server", "Computer": "DC01.pirate.htb", "Security": {"#attributes": {"UserID": "S-1-5-18"}}}, "EventData": {"#attributes": {"Name": "DNS_EVENT_SCOPE_EDNS_OPCODE_SET"}, "param1": 65433, "Binary": null}}},
{"TimeGenerated": "2026-01-26T21:43:19.841368Z", "EventID": 4013, "Computer": "DC01.pirate.htb", "RawEvent": {"#attributes": {"xmlns": "http://schemas.microsoft.com/win/2004/08/events/event"}, "System": {"Provider": {"#attributes": {"Name": "Microsoft-Windows-DNS-Server-Service", "Guid": "71A551F5-C893-4849-886B-B5EC8502641E"}}, "EventID": 4013, "Version": 0, "Level": 3, "Task": 0, "Opcode": 0, "Keywords": "0x8000000000020000", "TimeCreated": {"#attributes": {"SystemTime": "2026-01-26T21:43:19.841368Z"}}, "EventRecordID": 270, "Correlation": null, "Execution": {"#attributes": {"ProcessID": 2928, "ThreadID": 3016}}, "Channel": "DNS Server", "Computer": "DC01.pirate.htb", "Security": {"#attributes": {"UserID": "S-1-5-18"}}}, "EventData": {"#attributes": {"Name": "DNS_EVENT_DS_OPEN_WAIT"}}}},
{"TimeGenerated": "2026-01-26T21:43:38.229208Z", "EventID": 769, "Computer": "DC01.pirate.htb", "RawEvent": {"#attributes": {"xmlns": "http://schemas.microsoft.com/win/2004/08/events/event"}, "System": {"Provider": {"#attributes": {"Name": "Microsoft-Windows-DNS-Server-Service", "Guid": "71A551F5-C893-4849-886B-B5EC8502641E"}}, "EventID": 769, "Version": 0, "Level": 4, "Task": 0, "Opcode": 0, "Keywords": "0x8000000000000010", "TimeCreated": {"#attributes": {"SystemTime": "2026-01-26T21:43:38.229208Z"}}, "EventRecordID": 271, "Correlation": null, "Execution": {"#attributes": {"ProcessID": 2928, "ThreadID": 3016}}, "Channel": "DNS Server", "Computer": "DC01.pirate.htb", "Security": {"#attributes": {"UserID": "S-1-5-18"}}}, "EventData": {"#attributes": {"Name": "DNS_EVENT_ZONE_LOAD_OK"}, "param1": "_msdcs.pirate.htb", "param2": "NULL", "param3": "DC01.pirate.htb", "VirtualizationID": "."}}},
{"TimeGenerated": "2026-01-26T21:43:38.239166Z", "EventID": 769, "Computer": "DC01.pirate.htb", "RawEvent": {"#attributes": {"xmlns": "http://schemas.microsoft.com/win/2004/08/events/event"}, "System": {"Provider": {"#attributes": {"Name": "Microsoft-Windows-DNS-Server-Service", "Guid": "71A551F5-C893-4849-886B-B5EC8502641E"}}, "EventID": 769, "Version": 0, "Level": 4, "Task": 0, "Opcode": 0, "Keywords": "0x8000000000000010", "TimeCreated": {"#attributes": {"SystemTime": "2026-01-26T21:43:38.239166Z"}}, "EventRecordID": 272, "Correlation": null, "Execution": {"#attributes": {"ProcessID": 2928, "ThreadID": 3016}}, "Channel": "DNS Server", "Computer": "DC01.pirate.htb", "Security": {"#attributes": {"UserID": "S-1-5-18"}}}, "EventData": {"#attributes": {"Name": "DNS_EVENT_ZONE_LOAD_OK"}, "param1": "pirate.htb", "param2": "NULL", "param3": "DC01.pirate.htb", "VirtualizationID": "."}}},
{"TimeGenerated": "2026-01-26T21:43:38.241317Z", "EventID": 769, "Computer": "DC01.pirate.htb", "RawEvent": {"#attributes": {"xmlns": "http://schemas.microsoft.com/win/2004/08/events/event"}, "System": {"Provider": {"#attributes": {"Name": "Microsoft-Windows-DNS-Server-Service", "Guid": "71A551F5-C893-4849-886B-B5EC8502641E"}}, "EventID": 769, "Version": 0, "Level": 4, "Task": 0, "Opcode": 0, "Keywords": "0x8000000000000010", "TimeCreated": {"#attributes": {"SystemTime": "2026-01-26T21:43:38.241317Z"}}, "EventRecordID": 273, "Correlation": null, "Execution": {"#attributes": {"ProcessID": 2928, "ThreadID": 3016}}, "Channel": "DNS Server", "Computer": "DC01.pirate.htb", "Security": {"#attributes": {"UserID": "S-1-5-18"}}}, "EventData": {"#attributes": {"Name": "DNS_EVENT_ZONE_LOAD_OK"}, "param1": "TrustAnchors", "param2": "NULL", "param3": "DC01.pirate.htb", "VirtualizationID": "."}}},
{"TimeGenerated": "2026-01-26T21:43:38.248495Z", "EventID": 7648, "Computer": "DC01.pirate.htb", "RawEvent": {"#attributes": {"xmlns": "http://schemas.microsoft.com/win/2004/08/events/event"}, "System": {"Provider": {"#attributes": {"Name": "Microsoft-Windows-DNS-Server-Service", "Guid": "71A551F5-C893-4849-886B-B5EC8502641E"}}, "EventID": 7648, "Version": 0, "Level": 4, "Task": 0, "Opcode": 0, "Keywords": "0x8000000000000080", "TimeCreated": {"#attributes": {"SystemTime": "2026-01-26T21:43:38.248495Z"}}, "EventRecordID": 274, "Correlation": null, "Execution": {"#attributes": {"ProcessID": 2928, "ThreadID": 3016}}, "Channel": "DNS Server", "Computer": "DC01.pirate.htb", "Security": {"#attributes": {"UserID": "S-1-5-18"}}}, "EventData": {"#attributes": {"Name": "DNS_EVENT_DNSSEC_KEYMASTER_CHANGE_DETECTED"}, "param1": "pirate.htb", "param2": "DC01.pirate.htb", "Binary": null}}},
{"TimeGenerated": "2026-01-26T21:43:38.686561Z", "EventID": 2, "Computer": "DC01.pirate.htb", "RawEvent": {"#attributes": {"xmlns": "http://schemas.microsoft.com/win/2004/08/events/event"}, "System": {"Provider": {"#attributes": {"Name": "Microsoft-Windows-DNS-Server-Service", "Guid": "71A551F5-C893-4849-886B-B5EC8502641E"}}, "EventID": 2, "Version": 0, "Level": 4, "Task": 0, "Opcode": 0, "Keywords": "0x8000000000001000", "TimeCreated": {"#attributes": {"SystemTime": "2026-01-26T21:43:38.686561Z"}}, "EventRecordID": 275, "Correlation": null, "Execution": {"#attributes": {"ProcessID": 2928, "ThreadID": 3016}}, "Channel": "DNS Server", "Computer": "DC01.pirate.htb", "Security": {"#attributes": {"UserID": "S-1-5-18"}}}, "EventData": {"#attributes": {"Name": "DNS_EVENT_STARTUP_OK"}}}},
{"TimeGenerated": "2026-01-26T21:43:38.783261Z", "EventID": 4, "Computer": "DC01.pirate.htb", "RawEvent": {"#attributes": {"xmlns": "http://schemas.microsoft.com/win/2004/08/events/event"}, "System": {"Provider": {"#attributes": {"Name": "Microsoft-Windows-DNS-Server-Service", "Guid": "71A551F5-C893-4849-886B-B5EC8502641E"}}, "EventID": 4, "Version": 0, "Level": 4, "Task": 0, "Opcode": 0, "Keywords": "0x8000000000000010", "TimeCreated": {"#attributes": {"SystemTime": "2026-01-26T21:43:38.783261Z"}}, "EventRecordID": 276, "Correlation": null, "Execution": {"#attributes": {"ProcessID": 2928, "ThreadID": 4852}}, "Channel": "DNS Server", "Computer": "DC01.pirate.htb", "Security": {"#attributes": {"UserID": "S-1-5-18"}}}, "EventData": {"#attributes": {"Name": "DNS_EVENT_ZONE_LOAD_COMPLETE"}}}},
{"TimeGenerated": "2026-01-26T22:03:38.149648Z", "EventID": 3, "Computer": "DC01.pirate.htb", "RawEvent": {"#attributes": {"xmlns": "http://schemas.microsoft.com/win/2004/08/events/event"}, "System": {"Provider": {"#attributes": {"Name": "Microsoft-Windows-DNS-Server-Service", "Guid": "71A551F5-C893-4849-886B-B5EC8502641E"}}, "EventID": 3, "Version": 0, "Level": 4, "Task": 0, "Opcode": 0, "Keywords": "0x8000000000001000", "TimeCreated": {"#attributes": {"SystemTime": "2026-01-26T22:03:38.149648Z"}}, "EventRecordID": 277, "Correlation": null, "Execution": {"#attributes": {"ProcessID": 2928, "ThreadID": 3016}}, "Channel": "DNS Server", "Computer": "DC01.pirate.htb", "Security": {"#attributes": {"UserID": "S-1-5-18"}}}, "EventData": {"#attributes": {"Name": "DNS_EVENT_SHUTDOWN"}}}},
{"TimeGenerated": "2026-02-24T23:54:05.223611Z", "EventID": 7693, "Computer": "DC01.pirate.htb", "RawEvent": {"#attributes": {"xmlns": "http://schemas.microsoft.com/win/2004/08/events/event"}, "System": {"Provider": {"#attributes": {"Name": "Microsoft-Windows-DNS-Server-Service", "Guid": "71A551F5-C893-4849-886B-B5EC8502641E"}}, "EventID": 7693, "Version": 0, "Level": 4, "Task": 0, "Opcode": 0, "Keywords": "0x8000000000001000", "TimeCreated": {"#attributes": {"SystemTime": "2026-02-24T23:54:05.223611Z"}}, "EventRecordID": 278, "Correlation": null, "Execution": {"#attributes": {"ProcessID": 2936, "ThreadID": 3068}}, "Channel": "DNS Server", "Computer": "DC01.pirate.htb", "Security": {"#attributes": {"UserID": "S-1-5-18"}}}, "EventData": {"#attributes": {"Name": "DNS_EVENT_SCOPE_EDNS_OPCODE_SET"}, "param1": 65433, "Binary": null}}},
{"TimeGenerated": "2026-02-24T23:54:10.715352Z", "EventID": 4013, "Computer": "DC01.pirate.htb", "RawEvent": {"#attributes": {"xmlns": "http://schemas.microsoft.com/win/2004/08/events/event"}, "System": {"Provider": {"#attributes": {"Name": "Microsoft-Windows-DNS-Server-Service", "Guid": "71A551F5-C893-4849-886B-B5EC8502641E"}}, "EventID": 4013, "Version": 0, "Level": 3, "Task": 0, "Opcode": 0, "Keywords": "0x8000000000020000", "TimeCreated": {"#attributes": {"SystemTime": "2026-02-24T23:54:10.715352Z"}}, "EventRecordID": 279, "Correlation": null, "Execution": {"#attributes": {"ProcessID": 2936, "ThreadID": 3068}}, "Channel": "DNS Server", "Computer": "DC01.pirate.htb", "Security": {"#attributes": {"UserID": "S-1-5-18"}}}, "EventData": {"#attributes": {"Name": "DNS_EVENT_DS_OPEN_WAIT"}}}},
{"TimeGenerated": "2026-02-24T23:54:25.508170Z", "EventID": 769, "Computer": "DC01.pirate.htb", "RawEvent": {"#attributes": {"xmlns": "http://schemas.microsoft.com/win/2004/08/events/event"}, "System": {"Provider": {"#attributes": {"Name": "Microsoft-Windows-DNS-Server-Service", "Guid": "71A551F5-C893-4849-886B-B5EC8502641E"}}, "EventID": 769, "Version": 0, "Level": 4, "Task": 0, "Opcode": 0, "Keywords": "0x8000000000000010", "TimeCreated": {"#attributes": {"SystemTime": "2026-02-24T23:54:25.508170Z"}}, "EventRecordID": 280, "Correlation": null, "Execution": {"#attributes": {"ProcessID": 2936, "ThreadID": 3068}}, "Channel": "DNS Server", "Computer": "DC01.pirate.htb", "Security": {"#attributes": {"UserID": "S-1-5-18"}}}, "EventData": {"#attributes": {"Name": "DNS_EVENT_ZONE_LOAD_OK"}, "param1": "_msdcs.pirate.htb", "param2": "NULL", "param3": "DC01.pirate.htb", "VirtualizationID": "."}}},
{"TimeGenerated": "2026-02-24T23:54:25.513942Z", "EventID": 769, "Computer": "DC01.pirate.htb", "RawEvent": {"#attributes": {"xmlns": "http://schemas.microsoft.com/win/2004/08/events/event"}, "System": {"Provider": {"#attributes": {"Name": "Microsoft-Windows-DNS-Server-Service", "Guid": "71A551F5-C893-4849-886B-B5EC8502641E"}}, "EventID": 769, "Version": 0, "Level": 4, "Task": 0, "Opcode": 0, "Keywords": "0x8000000000000010", "TimeCreated": {"#attributes": {"SystemTime": "2026-02-24T23:54:25.513942Z"}}, "EventRecordID": 281, "Correlation": null, "Execution": {"#attributes": {"ProcessID": 2936, "ThreadID": 3068}}, "Channel": "DNS Server", "Computer": "DC01.pirate.htb", "Security": {"#attributes": {"UserID": "S-1-5-18"}}}, "EventData": {"#attributes": {"Name": "DNS_EVENT_ZONE_LOAD_OK"}, "param1": "pirate.htb", "param2": "NULL", "param3": "DC01.pirate.htb", "VirtualizationID": "."}}},
{"TimeGenerated": "2026-02-24T23:54:25.515793Z", "EventID": 769, "Computer": "DC01.pirate.htb", "RawEvent": {"#attributes": {"xmlns": "http://schemas.microsoft.com/win/2004/08/events/event"}, "System": {"Provider": {"#attributes": {"Name": "Microsoft-Windows-DNS-Server-Service", "Guid": "71A551F5-C893-4849-886B-B5EC8502641E"}}, "EventID": 769, "Version": 0, "Level": 4, "Task": 0, "Opcode": 0, "Keywords": "0x8000000000000010", "TimeCreated": {"#attributes": {"SystemTime": "2026-02-24T23:54:25.515793Z"}}, "EventRecordID": 282, "Correlation": null, "Execution": {"#attributes": {"ProcessID": 2936, "ThreadID": 3068}}, "Channel": "DNS Server", "Computer": "DC01.pirate.htb", "Security": {"#attributes": {"UserID": "S-1-5-18"}}}, "EventData": {"#attributes": {"Name": "DNS_EVENT_ZONE_LOAD_OK"}, "param1": "TrustAnchors", "param2": "NULL", "param3": "DC01.pirate.htb", "VirtualizationID": "."}}},
{"TimeGenerated": "2026-02-24T23:54:25.522381Z", "EventID": 7648, "Computer": "DC01.pirate.htb", "RawEvent": {"#attributes": {"xmlns": "http://schemas.microsoft.com/win/2004/08/events/event"}, "System": {"Provider": {"#attributes": {"Name": "Microsoft-Windows-DNS-Server-Service", "Guid": "71A551F5-C893-4849-886B-B5EC8502641E"}}, "EventID": 7648, "Version": 0, "Level": 4, "Task": 0, "Opcode": 0, "Keywords": "0x8000000000000080", "TimeCreated": {"#attributes": {"SystemTime": "2026-02-24T23:54:25.522381Z"}}, "EventRecordID": 283, "Correlation": null, "Execution": {"#attributes": {"ProcessID": 2936, "ThreadID": 3068}}, "Channel": "DNS Server", "Computer": "DC01.pirate.htb", "Security": {"#attributes": {"UserID": "S-1-5-18"}}}, "EventData": {"#attributes": {"Name": "DNS_EVENT_DNSSEC_KEYMASTER_CHANGE_DETECTED"}, "param1": "pirate.htb", "param2": "DC01.pirate.htb", "Binary": null}}},
{"TimeGenerated": "2026-02-24T23:54:25.733317Z", "EventID": 2, "Computer": "DC01.pirate.htb", "RawEvent": {"#attributes": {"xmlns": "http://schemas.microsoft.com/win/2004/08/events/event"}, "System": {"Provider": {"#attributes": {"Name": "Microsoft-Windows-DNS-Server-Service", "Guid": "71A551F5-C893-4849-886B-B5EC8502641E"}}, "EventID": 2, "Version": 0, "Level": 4, "Task": 0, "Opcode": 0, "Keywords": "0x8000000000001000", "TimeCreated": {"#attributes": {"SystemTime": "2026-02-24T23:54:25.733317Z"}}, "EventRecordID": 284, "Correlation": null, "Execution": {"#attributes": {"ProcessID": 2936, "ThreadID": 3068}}, "Channel": "DNS Server", "Computer": "DC01.pirate.htb", "Security": {"#attributes": {"UserID": "S-1-5-18"}}}, "EventData": {"#attributes": {"Name": "DNS_EVENT_STARTUP_OK"}}}},
{"TimeGenerated": "2026-02-24T23:54:26.040425Z", "EventID": 4, "Computer": "DC01.pirate.htb", "RawEvent": {"#attributes": {"xmlns": "http://schemas.microsoft.com/win/2004/08/events/event"}, "System": {"Provider": {"#attributes": {"Name": "Microsoft-Windows-DNS-Server-Service", "Guid": "71A551F5-C893-4849-886B-B5EC8502641E"}}, "EventID": 4, "Version": 0, "Level": 4, "Task": 0, "Opcode": 0, "Keywords": "0x8000000000000010", "TimeCreated": {"#attributes": {"SystemTime": "2026-02-24T23:54:26.040425Z"}}, "EventRecordID": 285, "Correlation": null, "Execution": {"#attributes": {"ProcessID": 2936, "ThreadID": 4548}}, "Channel": "DNS Server", "Computer": "DC01.pirate.htb", "Security": {"#attributes": {"UserID": "S-1-5-18"}}}, "EventData": {"#attributes": {"Name": "DNS_EVENT_ZONE_LOAD_COMPLETE"}}}},
{"TimeGenerated": "2026-02-25T00:27:34.421102Z", "EventID": 3, "Computer": "DC01.pirate.htb", "RawEvent": {"#attributes": {"xmlns": "http://schemas.microsoft.com/win/2004/08/events/event"}, "System": {"Provider": {"#attributes": {"Name": "Microsoft-Windows-DNS-Server-Service", "Guid": "71A551F5-C893-4849-886B-B5EC8502641E"}}, "EventID": 3, "Version": 0, "Level": 4, "Task": 0, "Opcode": 0, "Keywords": "0x8000000000001000", "TimeCreated": {"#attributes": {"SystemTime": "2026-02-25T00:27:34.421102Z"}}, "EventRecordID": 286, "Correlation": null, "Execution": {"#attributes": {"ProcessID": 2936, "ThreadID": 3068}}, "Channel": "DNS Server", "Computer": "DC01.pirate.htb", "Security": {"#attributes": {"UserID": "S-1-5-18"}}}, "EventData": {"#attributes": {"Name": "DNS_EVENT_SHUTDOWN"}}}},
{"TimeGenerated": "2026-02-25T00:28:15.131142Z", "EventID": 7693, "Computer": "DC01.pirate.htb", "RawEvent": {"#attributes": {"xmlns": "http://schemas.microsoft.com/win/2004/08/events/event"}, "System": {"Provider": {"#attributes": {"Name": "Microsoft-Windows-DNS-Server-Service", "Guid": "71A551F5-C893-4849-886B-B5EC8502641E"}}, "EventID": 7693, "Version": 0, "Level": 4, "Task": 0, "Opcode": 0, "Keywords": "0x8000000000001000", "TimeCreated": {"#attributes": {"SystemTime": "2026-02-25T00:28:15.131142Z"}}, "EventRecordID": 287, "Correlation": null, "Execution": {"#attributes": {"ProcessID": 2932, "ThreadID": 1916}}, "Channel": "DNS Server", "Computer": "DC01.pirate.htb", "Security": {"#attributes": {"UserID": "S-1-5-18"}}}, "EventData": {"#attributes": {"Name": "DNS_EVENT_SCOPE_EDNS_OPCODE_SET"}, "param1": 65433, "Binary": null}}},
{"TimeGenerated": "2026-02-25T00:28:20.775454Z", "EventID": 4013, "Computer": "DC01.pirate.htb", "RawEvent": {"#attributes": {"xmlns": "http://schemas.microsoft.com/win/2004/08/events/event"}, "System": {"Provider": {"#attributes": {"Name": "Microsoft-Windows-DNS-Server-Service", "Guid": "71A551F5-C893-4849-886B-B5EC8502641E"}}, "EventID": 4013, "Version": 0, "Level": 3, "Task": 0, "Opcode": 0, "Keywords": "0x8000000000020000", "TimeCreated": {"#attributes": {"SystemTime": "2026-02-25T00:28:20.775454Z"}}, "EventRecordID": 288, "Correlation": null, "Execution": {"#attributes": {"ProcessID": 2932, "ThreadID": 1916}}, "Channel": "DNS Server", "Computer": "DC01.pirate.htb", "Security": {"#attributes": {"UserID": "S-1-5-18"}}}, "EventData": {"#attributes": {"Name": "DNS_EVENT_DS_OPEN_WAIT"}}}},
{"TimeGenerated": "2026-02-25T00:28:35.311485Z", "EventID": 769, "Computer": "DC01.pirate.htb", "RawEvent": {"#attributes": {"xmlns": "http://schemas.microsoft.com/win/2004/08/events/event"}, "System": {"Provider": {"#attributes": {"Name": "Microsoft-Windows-DNS-Server-Service", "Guid": "71A551F5-C893-4849-886B-B5EC8502641E"}}, "EventID": 769, "Version": 0, "Level": 4, "Task": 0, "Opcode": 0, "Keywords": "0x8000000000000010", "TimeCreated": {"#attributes": {"SystemTime": "2026-02-25T00:28:35.311485Z"}}, "EventRecordID": 289, "Correlation": null, "Execution": {"#attributes": {"ProcessID": 2932, "ThreadID": 1916}}, "Channel": "DNS Server", "Computer": "DC01.pirate.htb", "Security": {"#attributes": {"UserID": "S-1-5-18"}}}, "EventData": {"#attributes": {"Name": "DNS_EVENT_ZONE_LOAD_OK"}, "param1": "_msdcs.pirate.htb", "param2": "NULL", "param3": "DC01.pirate.htb", "VirtualizationID": "."}}},
{"TimeGenerated": "2026-02-25T00:28:35.317356Z", "EventID": 769, "Computer": "DC01.pirate.htb", "RawEvent": {"#attributes": {"xmlns": "http://schemas.microsoft.com/win/2004/08/events/event"}, "System": {"Provider": {"#attributes": {"Name": "Microsoft-Windows-DNS-Server-Service", "Guid": "71A551F5-C893-4849-886B-B5EC8502641E"}}, "EventID": 769, "Version": 0, "Level": 4, "Task": 0, "Opcode": 0, "Keywords": "0x8000000000000010", "TimeCreated": {"#attributes": {"SystemTime": "2026-02-25T00:28:35.317356Z"}}, "EventRecordID": 290, "Correlation": null, "Execution": {"#attributes": {"ProcessID": 2932, "ThreadID": 1916}}, "Channel": "DNS Server", "Computer": "DC01.pirate.htb", "Security": {"#attributes": {"UserID": "S-1-5-18"}}}, "EventData": {"#attributes": {"Name": "DNS_EVENT_ZONE_LOAD_OK"}, "param1": "pirate.htb", "param2": "NULL", "param3": "DC01.pirate.htb", "VirtualizationID": "."}}},
{"TimeGenerated": "2026-02-25T00:28:35.319402Z", "EventID": 769, "Computer": "DC01.pirate.htb", "RawEvent": {"#attributes": {"xmlns": "http://schemas.microsoft.com/win/2004/08/events/event"}, "System": {"Provider": {"#attributes": {"Name": "Microsoft-Windows-DNS-Server-Service", "Guid": "71A551F5-C893-4849-886B-B5EC8502641E"}}, "EventID": 769, "Version": 0, "Level": 4, "Task": 0, "Opcode": 0, "Keywords": "0x8000000000000010", "TimeCreated": {"#attributes": {"SystemTime": "2026-02-25T00:28:35.319402Z"}}, "EventRecordID": 291, "Correlation": null, "Execution": {"#attributes": {"ProcessID": 2932, "ThreadID": 1916}}, "Channel": "DNS Server", "Computer": "DC01.pirate.htb", "Security": {"#attributes": {"UserID": "S-1-5-18"}}}, "EventData": {"#attributes": {"Name": "DNS_EVENT_ZONE_LOAD_OK"}, "param1": "TrustAnchors", "param2": "NULL", "param3": "DC01.pirate.htb", "VirtualizationID": "."}}},
{"TimeGenerated": "2026-02-25T00:28:35.325515Z", "EventID": 7648, "Computer": "DC01.pirate.htb", "RawEvent": {"#attributes": {"xmlns": "http://schemas.microsoft.com/win/2004/08/events/event"}, "System": {"Provider": {"#attributes": {"Name": "Microsoft-Windows-DNS-Server-Service", "Guid": "71A551F5-C893-4849-886B-B5EC8502641E"}}, "EventID": 7648, "Version": 0, "Level": 4, "Task": 0, "Opcode": 0, "Keywords": "0x8000000000000080", "TimeCreated": {"#attributes": {"SystemTime": "2026-02-25T00:28:35.325515Z"}}, "EventRecordID": 292, "Correlation": null, "Execution": {"#attributes": {"ProcessID": 2932, "ThreadID": 1916}}, "Channel": "DNS Server", "Computer": "DC01.pirate.htb", "Security": {"#attributes": {"UserID": "S-1-5-18"}}}, "EventData": {"#attributes": {"Name": "DNS_EVENT_DNSSEC_KEYMASTER_CHANGE_DETECTED"}, "param1": "pirate.htb", "param2": "DC01.pirate.htb", "Binary": null}}},
{"TimeGenerated": "2026-02-25T00:28:35.565837Z", "EventID": 2, "Computer": "DC01.pirate.htb", "RawEvent": {"#attributes": {"xmlns": "http://schemas.microsoft.com/win/2004/08/events/event"}, "System": {"Provider": {"#attributes": {"Name": "Microsoft-Windows-DNS-Server-Service", "Guid": "71A551F5-C893-4849-886B-B5EC8502641E"}}, "EventID": 2, "Version": 0, "Level": 4, "Task": 0, "Opcode": 0, "Keywords": "0x8000000000001000", "TimeCreated": {"#attributes": {"SystemTime": "2026-02-25T00:28:35.565837Z"}}, "EventRecordID": 293, "Correlation": null, "Execution": {"#attributes": {"ProcessID": 2932, "ThreadID": 1916}}, "Channel": "DNS Server", "Computer": "DC01.pirate.htb", "Security": {"#attributes": {"UserID": "S-1-5-18"}}}, "EventData": {"#attributes": {"Name": "DNS_EVENT_STARTUP_OK"}}}},
{"TimeGenerated": "2026-02-25T00:28:35.850881Z", "EventID": 4, "Computer": "DC01.pirate.htb", "RawEvent": {"#attributes": {"xmlns": "http://schemas.microsoft.com/win/2004/08/events/event"}, "System": {"Provider": {"#attributes": {"Name": "Microsoft-Windows-DNS-Server-Service", "Guid": "71A551F5-C893-4849-886B-B5EC8502641E"}}, "EventID": 4, "Version": 0, "Level": 4, "Task": 0, "Opcode": 0, "Keywords": "0x8000000000000010", "TimeCreated": {"#attributes": {"SystemTime": "2026-02-25T00:28:35.850881Z"}}, "EventRecordID": 294, "Correlation": null, "Execution": {"#attributes": {"ProcessID": 2932, "ThreadID": 4432}}, "Channel": "DNS Server", "Computer": "DC01.pirate.htb", "Security": {"#attributes": {"UserID": "S-1-5-18"}}}, "EventData": {"#attributes": {"Name": "DNS_EVENT_ZONE_LOAD_COMPLETE"}}}},
{"TimeGenerated": "2026-02-25T00:29:03.220493Z", "EventID": 3, "Computer": "DC01.pirate.htb", "RawEvent": {"#attributes": {"xmlns": "http://schemas.microsoft.com/win/2004/08/events/event"}, "System": {"Provider": {"#attributes": {"Name": "Microsoft-Windows-DNS-Server-Service", "Guid": "71A551F5-C893-4849-886B-B5EC8502641E"}}, "EventID": 3, "Version": 0, "Level": 4, "Task": 0, "Opcode": 0, "Keywords": "0x8000000000001000", "TimeCreated": {"#attributes": {"SystemTime": "2026-02-25T00:29:03.220493Z"}}, "EventRecordID": 295, "Correlation": null, "Execution": {"#attributes": {"ProcessID": 2932, "ThreadID": 1916}}, "Channel": "DNS Server", "Computer": "DC01.pirate.htb", "Security": {"#attributes": {"UserID": "S-1-5-18"}}}, "EventData": {"#attributes": {"Name": "DNS_EVENT_SHUTDOWN"}}}},
