[
{"TimeGenerated": "2025-06-08T14:39:41.883665Z", "EventID": 7693, "Computer": "DC01", "RawEvent": {"#attributes": {"xmlns": "http://schemas.microsoft.com/win/2004/08/events/event"}, "System": {"Provider": {"#attributes": {"Name": "Microsoft-Windows-DNS-Server-Service", "Guid": "71A551F5-C893-4849-886B-B5EC8502641E"}}, "EventID": 7693, "Version": 0, "Level": 4, "Task": 0, "Opcode": 0, "Keywords": "0x8000000000001000", "TimeCreated": {"#attributes": {"SystemTime": "2025-06-08T14:39:41.883665Z"}}, "EventRecordID": 1, "Correlation": null, "Execution": {"#attributes": {"ProcessID": 1712, "ThreadID": 1848}}, "Channel": "DNS Server", "Computer": "DC01", "Security": {"#attributes": {"UserID": "S-1-5-18"}}}, "EventData": {"#attributes": {"Name": "DNS_EVENT_SCOPE_EDNS_OPCODE_SET"}, "param1": 65433, "Binary": null}}},
{"TimeGenerated": "2025-06-08T14:39:41.886721Z", "EventID": 414, "Computer": "DC01", "RawEvent": {"#attributes": {"xmlns": "http://schemas.microsoft.com/win/2004/08/events/event"}, "System": {"Provider": {"#attributes": {"Name": "Microsoft-Windows-DNS-Server-Service", "Guid": "71A551F5-C893-4849-886B-B5EC8502641E"}}, "EventID": 414, "Version": 0, "Level": 3, "Task": 0, "Opcode": 0, "Keywords": "0x8000000000000001", "TimeCreated": {"#attributes": {"SystemTime": "2025-06-08T14:39:41.886721Z"}}, "EventRecordID": 2, "Correlation": null, "Execution": {"#attributes": {"ProcessID": 1712, "ThreadID": 1848}}, "Channel": "DNS Server", "Computer": "DC01", "Security": {"#attributes": {"UserID": "S-1-5-18"}}}, "EventData": {"#attributes": {"Name": "DNS_EVENT_SINGLE_LABEL_HOSTNAME"}, "Binary": null}}},
{"TimeGenerated": "2025-06-08T14:39:41.960718Z", "EventID": 708, "Computer": "DC01", "RawEvent": {"#attributes": {"xmlns": "http://schemas.microsoft.com/win/2004/08/events/event"}, "System": {"Provider": {"#attributes": {"Name": "Microsoft-Windows-DNS-Server-Service", "Guid": "71A551F5-C893-4849-886B-B5EC8502641E"}}, "EventID": 708, "Version": 0, "Level": 4, "Task": 0, "Opcode": 0, "Keywords": "0x8000000000001000", "TimeCreated": {"#attributes": {"SystemTime": "2025-06-08T14:39:41.960718Z"}}, "EventRecordID": 3, "Correlation": null, "Execution": {"#attributes": {"ProcessID": 1712, "ThreadID": 1848}}, "Channel": "DNS Server", "Computer": "DC01", "Security": {"#attributes": {"UserID": "S-1-5-18"}}}, "EventData": {"#attributes": {"Name": "DNS_EVENT_CACHING_SERVER_ONLY"}, "Binary": null}}},
{"TimeGenerated": "2025-06-08T14:39:42.012123Z", "EventID": 2, "Computer": "DC01", "RawEvent": {"#attributes": {"xmlns": "http://schemas.microsoft.com/win/2004/08/events/event"}, "System": {"Provider": {"#attributes": {"Name": "Microsoft-Windows-DNS-Server-Service", "Guid": "71A551F5-C893-4849-886B-B5EC8502641E"}}, "EventID": 2, "Version": 0, "Level": 4, "Task": 0, "Opcode": 0, "Keywords": "0x8000000000001000", "TimeCreated": {"#attributes": {"SystemTime": "2025-06-08T14:39:42.012123Z"}}, "EventRecordID": 4, "Correlation": null, "Execution": {"#attributes": {"ProcessID": 1712, "ThreadID": 1848}}, "Channel": "DNS Server", "Computer": "DC01", "Security": {"#attributes": {"UserID": "S-1-5-18"}}}, "EventData": {"#attributes": {"Name": "DNS_EVENT_STARTUP_OK"}}}},
{"TimeGenerated": "2025-06-08T14:39:59.753117Z", "EventID": 2631, "Computer": "DC01", "RawEvent": {"#attributes": {"xmlns": "http://schemas.microsoft.com/win/2004/08/events/event"}, "System": {"Provider": {"#attributes": {"Name": "Microsoft-Windows-DNS-Server-Service", "Guid": "71A551F5-C893-4849-886B-B5EC8502641E"}}, "EventID": 2631, "Version": 0, "Level": 4, "Task": 0, "Opcode": 0, "Keywords": "0x8000000000001000", "TimeCreated": {"#attributes": {"SystemTime": "2025-06-08T14:39:59.753117Z"}}, "EventRecordID": 5, "Correlation": null, "Execution": {"#attributes": {"ProcessID": 1712, "ThreadID": 1980}}, "Channel": "DNS Server", "Computer": "DC01", "Security": {"#attributes": {"UserID": "S-1-5-21-4107424128-4158083573-1300325248-500"}}}, "EventData": {"#attributes": {"Name": "DNS_EVENT_AUTOCONFIG_SUCCEEDED"}, "param1": "DNS server root hints", "param2": "DNS server forwarders", "param3": "DNS resolver", "param4": "", "Binary": null}}},
{"TimeGenerated": "2025-06-08T14:39:59.753765Z", "EventID": 3150, "Computer": "DC01", "RawEvent": {"#attributes": {"xmlns": "http://schemas.microsoft.com/win/2004/08/events/event"}, "System": {"Provider": {"#attributes": {"Name": "Microsoft-Windows-DNS-Server-Service", "Guid": "71A551F5-C893-4849-886B-B5EC8502641E"}}, "EventID": 3150, "Version": 0, "Level": 4, "Task": 0, "Opcode": 0, "Keywords": "0x8000000000000010", "TimeCreated": {"#attributes": {"SystemTime": "2025-06-08T14:39:59.753765Z"}}, "EventRecordID": 6, "Correlation": null, "Execution": {"#attributes": {"ProcessID": 1712, "ThreadID": 1980}}, "Channel": "DNS Server", "Computer": "DC01", "Security": {"#attributes": {"UserID": "S-1-5-18"}}}, "EventData": {"#attributes": {"Name": "DNS_EVENT_ZONE_WRITE_COMPLETED"}, "param1": "1", "param2": "pirate.htb", "param3": "pirate.htb.dns", "Binary": null}}},
{"TimeGenerated": "2025-06-08T14:39:59.756957Z", "EventID": 3150, "Computer": "DC01", "RawEvent": {"#attributes": {"xmlns": "http://schemas.microsoft.com/win/2004/08/events/event"}, "System": {"Provider": {"#attributes": {"Name": "Microsoft-Windows-DNS-Server-Service", "Guid": "71A551F5-C893-4849-886B-B5EC8502641E"}}, "EventID": 3150, "Version": 0, "Level": 4, "Task": 0, "Opcode": 0, "Keywords": "0x8000000000000010", "TimeCreated": {"#attributes": {"SystemTime": "2025-06-08T14:39:59.756957Z"}}, "EventRecordID": 7, "Correlation": null, "Execution": {"#attributes": {"ProcessID": 1712, "ThreadID": 1980}}, "Channel": "DNS Server", "Computer": "DC01", "Security": {"#attributes": {"UserID": "S-1-5-18"}}}, "EventData": {"#attributes": {"Name": "DNS_EVENT_ZONE_WRITE_COMPLETED"}, "param1": "1", "param2": "_msdcs.pirate.htb", "param3": "_msdcs.pirate.htb.dns", "Binary": null}}},
{"TimeGenerated": "2025-06-08T14:40:15.614816Z", "EventID": 3150, "Computer": "DC01.pirate.htb", "RawEvent": {"#attributes": {"xmlns": "http://schemas.microsoft.com/win/2004/08/events/event"}, "System": {"Provider": {"#attributes": {"Name": "Microsoft-Windows-DNS-Server-Service", "Guid": "71A551F5-C893-4849-886B-B5EC8502641E"}}, "EventID": 3150, "Version": 0, "Level": 4, "Task": 0, "Opcode": 0, "Keywords": "0x8000000000000010", "TimeCreated": {"#attributes": {"SystemTime": "2025-06-08T14:40:15.614816Z"}}, "EventRecordID": 8, "Correlation": null, "Execution": {"#attributes": {"ProcessID": 1712, "ThreadID": 1848}}, "Channel": "DNS Server", "Computer": "DC01.pirate.htb", "Security": {"#attributes": {"UserID": "S-1-5-18"}}}, "EventData": {"#attributes": {"Name": "DNS_EVENT_ZONE_WRITE_COMPLETED"}, "param1": "2", "param2": "pirate.htb", "param3": "pirate.htb.dns", "Binary": null}}},
{"TimeGenerated": "2025-06-08T14:40:15.617199Z", "EventID": 3, "Computer": "DC01.pirate.htb", "RawEvent": {"#attributes": {"xmlns": "http://schemas.microsoft.com/win/2004/08/events/event"}, "System": {"Provider": {"#attributes": {"Name": "Microsoft-Windows-DNS-Server-Service", "Guid": "71A551F5-C893-4849-886B-B5EC8502641E"}}, "EventID": 3, "Version": 0, "Level": 4, "Task": 0, "Opcode": 0, "Keywords": "0x8000000000001000", "TimeCreated": {"#attributes": {"SystemTime": "2025-06-08T14:40:15.617199Z"}}, "EventRecordID": 9, "Correlation": null, "Execution": {"#attributes": {"ProcessID": 1712, "ThreadID": 1848}}, "Channel": "DNS Server", "Computer": "DC01.pirate.htb", "Security": {"#attributes": {"UserID": "S-1-5-18"}}}, "EventData": {"#attributes": {"Name": "DNS_EVENT_SHUTDOWN"}}}},
{"TimeGenerated": "2025-06-08T14:40:55.081629Z", "EventID": 7693, "Computer": "DC01.pirate.htb", "RawEvent": {"#attributes": {"xmlns": "http://schemas.microsoft.com/win/2004/08/events/event"}, "System": {"Provider": {"#attributes": {"Name": "Microsoft-Windows-DNS-Server-Service", "Guid": "71A551F5-C893-4849-886B-B5EC8502641E"}}, "EventID": 7693, "Version": 0, "Level": 4, "Task": 0, "Opcode": 0, "Keywords": "0x8000000000001000", "TimeCreated": {"#attributes": {"SystemTime": "2025-06-08T14:40:55.081629Z"}}, "EventRecordID": 10, "Correlation": null, "Execution": {"#attributes": {"ProcessID": 308, "ThreadID": 3096}}, "Channel": "DNS Server", "Computer": "DC01.pirate.htb", "Security": {"#attributes": {"UserID": "S-1-5-18"}}}, "EventData": {"#attributes": {"Name": "DNS_EVENT_SCOPE_EDNS_OPCODE_SET"}, "param1": 65433, "Binary": null}}},
{"TimeGenerated": "2025-06-08T14:41:00.813823Z", "EventID": 4013, "Computer": "DC01.pirate.htb", "RawEvent": {"#attributes": {"xmlns": "http://schemas.microsoft.com/win/2004/08/events/event"}, "System": {"Provider": {"#attributes": {"Name": "Microsoft-Windows-DNS-Server-Service", "Guid": "71A551F5-C893-4849-886B-B5EC8502641E"}}, "EventID": 4013, "Version": 0, "Level": 3, "Task": 0, "Opcode": 0, "Keywords": "0x8000000000020000", "TimeCreated": {"#attributes": {"SystemTime": "2025-06-08T14:41:00.813823Z"}}, "EventRecordID": 11, "Correlation": null, "Execution": {"#attributes": {"ProcessID": 308, "ThreadID": 3096}}, "Channel": "DNS Server", "Computer": "DC01.pirate.htb", "Security": {"#attributes": {"UserID": "S-1-5-18"}}}, "EventData": {"#attributes": {"Name": "DNS_EVENT_DS_OPEN_WAIT"}}}},
{"TimeGenerated": "2025-06-08T14:41:09.348743Z", "EventID": 769, "Computer": "DC01.pirate.htb", "RawEvent": {"#attributes": {"xmlns": "http://schemas.microsoft.com/win/2004/08/events/event"}, "System": {"Provider": {"#attributes": {"Name": "Microsoft-Windows-DNS-Server-Service", "Guid": "71A551F5-C893-4849-886B-B5EC8502641E"}}, "EventID": 769, "Version": 0, "Level": 4, "Task": 0, "Opcode": 0, "Keywords": "0x8000000000000010", "TimeCreated": {"#attributes": {"SystemTime": "2025-06-08T14:41:09.348743Z"}}, "EventRecordID": 12, "Correlation": null, "Execution": {"#attributes": {"ProcessID": 308, "ThreadID": 3096}}, "Channel": "DNS Server", "Computer": "DC01.pirate.htb", "Security": {"#attributes": {"UserID": "S-1-5-18"}}}, "EventData": {"#attributes": {"Name": "DNS_EVENT_ZONE_LOAD_OK"}, "param1": "_msdcs.pirate.htb", "param2": "_msdcs.pirate.htb.dns", "param3": "DC01.pirate.htb", "VirtualizationID": "."}}},
{"TimeGenerated": "2025-06-08T14:41:09.348896Z", "EventID": 769, "Computer": "DC01.pirate.htb", "RawEvent": {"#attributes": {"xmlns": "http://schemas.microsoft.com/win/2004/08/events/event"}, "System": {"Provider": {"#attributes": {"Name": "Microsoft-Windows-DNS-Server-Service", "Guid": "71A551F5-C893-4849-886B-B5EC8502641E"}}, "EventID": 769, "Version": 0, "Level": 4, "Task": 0, "Opcode": 0, "Keywords": "0x8000000000000010", "TimeCreated": {"#attributes": {"SystemTime": "2025-06-08T14:41:09.348896Z"}}, "EventRecordID": 13, "Correlation": null, "Execution": {"#attributes": {"ProcessID": 308, "ThreadID": 3096}}, "Channel": "DNS Server", "Computer": "DC01.pirate.htb", "Security": {"#attributes": {"UserID": "S-1-5-18"}}}, "EventData": {"#attributes": {"Name": "DNS_EVENT_ZONE_LOAD_OK"}, "param1": "pirate.htb", "param2": "pirate.htb.dns", "param3": "DC01.pirate.htb", "VirtualizationID": "."}}},
{"TimeGenerated": "2025-06-08T14:41:09.348899Z", "EventID": 4, "Computer": "DC01.pirate.htb", "RawEvent": {"#attributes": {"xmlns": "http://schemas.microsoft.com/win/2004/08/events/event"}, "System": {"Provider": {"#attributes": {"Name": "Microsoft-Windows-DNS-Server-Service", "Guid": "71A551F5-C893-4849-886B-B5EC8502641E"}}, "EventID": 4, "Version": 0, "Level": 4, "Task": 0, "Opcode": 0, "Keywords": "0x8000000000000010", "TimeCreated": {"#attributes": {"SystemTime": "2025-06-08T14:41:09.348899Z"}}, "EventRecordID": 14, "Correlation": null, "Execution": {"#attributes": {"ProcessID": 308, "ThreadID": 3096}}, "Channel": "DNS Server", "Computer": "DC01.pirate.htb", "Security": {"#attributes": {"UserID": "S-1-5-18"}}}, "EventData": {"#attributes": {"Name": "DNS_EVENT_ZONE_LOAD_COMPLETE"}}}},
{"TimeGenerated": "2025-06-08T14:41:09.413575Z", "EventID": 2, "Computer": "DC01.pirate.htb", "RawEvent": {"#attributes": {"xmlns": "http://schemas.microsoft.com/win/2004/08/events/event"}, "System": {"Provider": {"#attributes": {"Name": "Microsoft-Windows-DNS-Server-Service", "Guid": "71A551F5-C893-4849-886B-B5EC8502641E"}}, "EventID": 2, "Version": 0, "Level": 4, "Task": 0, "Opcode": 0, "Keywords": "0x8000000000001000", "TimeCreated": {"#attributes": {"SystemTime": "2025-06-08T14:41:09.413575Z"}}, "EventRecordID": 15, "Correlation": null, "Execution": {"#attributes": {"ProcessID": 308, "ThreadID": 3096}}, "Channel": "DNS Server", "Computer": "DC01.pirate.htb", "Security": {"#attributes": {"UserID": "S-1-5-18"}}}, "EventData": {"#attributes": {"Name": "DNS_EVENT_STARTUP_OK"}}}},
{"TimeGenerated": "2025-06-08T14:42:10.443114Z", "EventID": 7648, "Computer": "DC01.pirate.htb", "RawEvent": {"#attributes": {"xmlns": "http://schemas.microsoft.com/win/2004/08/events/event"}, "System": {"Provider": {"#attributes": {"Name": "Microsoft-Windows-DNS-Server-Service", "Guid": "71A551F5-C893-4849-886B-B5EC8502641E"}}, "EventID": 7648, "Version": 0, "Level": 4, "Task": 0, "Opcode": 0, "Keywords": "0x8000000000000080", "TimeCreated": {"#attributes": {"SystemTime": "2025-06-08T14:42:10.443114Z"}}, "EventRecordID": 16, "Correlation": null, "Execution": {"#attributes": {"ProcessID": 308, "ThreadID": 4764}}, "Channel": "DNS Server", "Computer": "DC01.pirate.htb", "Security": {"#attributes": {"UserID": "S-1-5-18"}}}, "EventData": {"#attributes": {"Name": "DNS_EVENT_DNSSEC_KEYMASTER_CHANGE_DETECTED"}, "param1": "pirate.htb", "param2": "DC01.pirate.htb", "Binary": null}}},
{"TimeGenerated": "2025-06-08T14:49:17.530362Z", "EventID": 4500, "Computer": "DC01.pirate.htb", "RawEvent": {"#attributes": {"xmlns": "http://schemas.microsoft.com/win/2004/08/events/event"}, "System": {"Provider": {"#attributes": {"Name": "Microsoft-Windows-DNS-Server-Service", "Guid": "71A551F5-C893-4849-886B-B5EC8502641E"}}, "EventID": 4500, "Version": 0, "Level": 4, "Task": 0, "Opcode": 0, "Keywords": "0x8000000000020000", "TimeCreated": {"#attributes": {"SystemTime": "2025-06-08T14:49:17.530362Z"}}, "EventRecordID": 17, "Correlation": null, "Execution": {"#attributes": {"ProcessID": 308, "ThreadID": 4764}}, "Channel": "DNS Server", "Computer": "DC01.pirate.htb", "Security": {"#attributes": {"UserID": "S-1-5-18"}}}, "EventData": {"#attributes": {"Name": "DNS_EVENT_DP_CREATED"}, "param1": "DomainDnsZones.pirate.htb", "param2": "DC=DomainDnsZones,DC=pirate,DC=htb", "Binary": null}}},
{"TimeGenerated": "2025-06-08T14:49:17.539772Z", "EventID": 4500, "Computer": "DC01.pirate.htb", "RawEvent": {"#attributes": {"xmlns": "http://schemas.microsoft.com/win/2004/08/events/event"}, "System": {"Provider": {"#attributes": {"Name": "Microsoft-Windows-DNS-Server-Service", "Guid": "71A551F5-C893-4849-886B-B5EC8502641E"}}, "EventID": 4500, "Version": 0, "Level": 4, "Task": 0, "Opcode": 0, "Keywords": "0x8000000000020000", "TimeCreated": {"#attributes": {"SystemTime": "2025-06-08T14:49:17.539772Z"}}, "EventRecordID": 18, "Correlation": null, "Execution": {"#attributes": {"ProcessID": 308, "ThreadID": 4764}}, "Channel": "DNS Server", "Computer": "DC01.pirate.htb", "Security": {"#attributes": {"UserID": "S-1-5-18"}}}, "EventData": {"#attributes": {"Name": "DNS_EVENT_DP_CREATED"}, "param1": "ForestDnsZones.pirate.htb", "param2": "DC=ForestDnsZones,DC=pirate,DC=htb", "Binary": null}}},
{"TimeGenerated": "2025-06-08T16:24:15.933788Z", "EventID": 3, "Computer": "DC01.pirate.htb", "RawEvent": {"#attributes": {"xmlns": "http://schemas.microsoft.com/win/2004/08/events/event"}, "System": {"Provider": {"#attributes": {"Name": "Microsoft-Windows-DNS-Server-Service", "Guid": "71A551F5-C893-4849-886B-B5EC8502641E"}}, "EventID": 3, "Version": 0, "Level": 4, "Task": 0, "Opcode": 0, "Keywords": "0x8000000000001000", "TimeCreated": {"#attributes": {"SystemTime": "2025-06-08T16:24:15.933788Z"}}, "EventRecordID": 19, "Correlation": null, "Execution": {"#attributes": {"ProcessID": 308, "ThreadID": 3096}}, "Channel": "DNS Server", "Computer": "DC01.pirate.htb", "Security": {"#attributes": {"UserID": "S-1-5-18"}}}, "EventData": {"#attributes": {"Name": "DNS_EVENT_SHUTDOWN"}}}},
{"TimeGenerated": "2025-06-08T16:24:57.936627Z", "EventID": 7693, "Computer": "DC01.pirate.htb", "RawEvent": {"#attributes": {"xmlns": "http://schemas.microsoft.com/win/2004/08/events/event"}, "System": {"Provider": {"#attributes": {"Name": "Microsoft-Windows-DNS-Server-Service", "Guid": "71A551F5-C893-4849-886B-B5EC8502641E"}}, "EventID": 7693, "Version": 0, "Level": 4, "Task": 0, "Opcode": 0, "Keywords": "0x8000000000001000", "TimeCreated": {"#attributes": {"SystemTime": "2025-06-08T16:24:57.936627Z"}}, "EventRecordID": 20, "Correlation": null, "Execution": {"#attributes": {"ProcessID": 2844, "ThreadID": 3132}}, "Channel": "DNS Server", "Computer": "DC01.pirate.htb", "Security": {"#attributes": {"UserID": "S-1-5-18"}}}, "EventData": {"#attributes": {"Name": "DNS_EVENT_SCOPE_EDNS_OPCODE_SET"}, "param1": 65433, "Binary": null}}},
{"TimeGenerated": "2025-06-08T16:25:03.102936Z", "EventID": 4013, "Computer": "DC01.pirate.htb", "RawEvent": {"#attributes": {"xmlns": "http://schemas.microsoft.com/win/2004/08/events/event"}, "System": {"Provider": {"#attributes": {"Name": "Microsoft-Windows-DNS-Server-Service", "Guid": "71A551F5-C893-4849-886B-B5EC8502641E"}}, "EventID": 4013, "Version": 0, "Level": 3, "Task": 0, "Opcode": 0, "Keywords": "0x8000000000020000", "TimeCreated": {"#attributes": {"SystemTime": "2025-06-08T16:25:03.102936Z"}}, "EventRecordID": 21, "Correlation": null, "Execution": {"#attributes": {"ProcessID": 2844, "ThreadID": 3132}}, "Channel": "DNS Server", "Computer": "DC01.pirate.htb", "Security": {"#attributes": {"UserID": "S-1-5-18"}}}, "EventData": {"#attributes": {"Name": "DNS_EVENT_DS_OPEN_WAIT"}}}},
{"TimeGenerated": "2025-06-08T16:25:12.592939Z", "EventID": 769, "Computer": "DC01.pirate.htb", "RawEvent": {"#attributes": {"xmlns": "http://schemas.microsoft.com/win/2004/08/events/event"}, "System": {"Provider": {"#attributes": {"Name": "Microsoft-Windows-DNS-Server-Service", "Guid": "71A551F5-C893-4849-886B-B5EC8502641E"}}, "EventID": 769, "Version": 0, "Level": 4, "Task": 0, "Opcode": 0, "Keywords": "0x8000000000000010", "TimeCreated": {"#attributes": {"SystemTime": "2025-06-08T16:25:12.592939Z"}}, "EventRecordID": 22, "Correlation": null, "Execution": {"#attributes": {"ProcessID": 2844, "ThreadID": 3132}}, "Channel": "DNS Server", "Computer": "DC01.pirate.htb", "Security": {"#attributes": {"UserID": "S-1-5-18"}}}, "EventData": {"#attributes": {"Name": "DNS_EVENT_ZONE_LOAD_OK"}, "param1": "_msdcs.pirate.htb", "param2": "NULL", "param3": "DC01.pirate.htb", "VirtualizationID": "."}}},
{"TimeGenerated": "2025-06-08T16:25:12.594881Z", "EventID": 769, "Computer": "DC01.pirate.htb", "RawEvent": {"#attributes": {"xmlns": "http://schemas.microsoft.com/win/2004/08/events/event"}, "System": {"Provider": {"#attributes": {"Name": "Microsoft-Windows-DNS-Server-Service", "Guid": "71A551F5-C893-4849-886B-B5EC8502641E"}}, "EventID": 769, "Version": 0, "Level": 4, "Task": 0, "Opcode": 0, "Keywords": "0x8000000000000010", "TimeCreated": {"#attributes": {"SystemTime": "2025-06-08T16:25:12.594881Z"}}, "EventRecordID": 23, "Correlation": null, "Execution": {"#attributes": {"ProcessID": 2844, "ThreadID": 3132}}, "Channel": "DNS Server", "Computer": "DC01.pirate.htb", "Security": {"#attributes": {"UserID": "S-1-5-18"}}}, "EventData": {"#attributes": {"Name": "DNS_EVENT_ZONE_LOAD_OK"}, "param1": "pirate.htb", "param2": "NULL", "param3": "DC01.pirate.htb", "VirtualizationID": "."}}},
{"TimeGenerated": "2025-06-08T16:25:12.596509Z", "EventID": 7648, "Computer": "DC01.pirate.htb", "RawEvent": {"#attributes": {"xmlns": "http://schemas.microsoft.com/win/2004/08/events/event"}, "System": {"Provider": {"#attributes": {"Name": "Microsoft-Windows-DNS-Server-Service", "Guid": "71A551F5-C893-4849-886B-B5EC8502641E"}}, "EventID": 7648, "Version": 0, "Level": 4, "Task": 0, "Opcode": 0, "Keywords": "0x8000000000000080", "TimeCreated": {"#attributes": {"SystemTime": "2025-06-08T16:25:12.596509Z"}}, "EventRecordID": 24, "Correlation": null, "Execution": {"#attributes": {"ProcessID": 2844, "ThreadID": 3132}}, "Channel": "DNS Server", "Computer": "DC01.pirate.htb", "Security": {"#attributes": {"UserID": "S-1-5-18"}}}, "EventData": {"#attributes": {"Name": "DNS_EVENT_DNSSEC_KEYMASTER_CHANGE_DETECTED"}, "param1": "pirate.htb", "param2": "DC01.pirate.htb", "Binary": null}}},
{"TimeGenerated": "2025-06-08T16:25:12.643925Z", "EventID": 2, "Computer": "DC01.pirate.htb", "RawEvent": {"#attributes": {"xmlns": "http://schemas.microsoft.com/win/2004/08/events/event"}, "System": {"Provider": {"#attributes": {"Name": "Microsoft-Windows-DNS-Server-Service", "Guid": "71A551F5-C893-4849-886B-B5EC8502641E"}}, "EventID": 2, "Version": 0, "Level": 4, "Task": 0, "Opcode": 0, "Keywords": "0x8000000000001000", "TimeCreated": {"#attributes": {"SystemTime": "2025-06-08T16:25:12.643925Z"}}, "EventRecordID": 25, "Correlation": null, "Execution": {"#attributes": {"ProcessID": 2844, "ThreadID": 3132}}, "Channel": "DNS Server", "Computer": "DC01.pirate.htb", "Security": {"#attributes": {"UserID": "S-1-5-18"}}}, "EventData": {"#attributes": {"Name": "DNS_EVENT_STARTUP_OK"}}}},
{"TimeGenerated": "2025-06-08T16:25:13.109828Z", "EventID": 4, "Computer": "DC01.pirate.htb", "RawEvent": {"#attributes": {"xmlns": "http://schemas.microsoft.com/win/2004/08/events/event"}, "System": {"Provider": {"#attributes": {"Name": "Microsoft-Windows-DNS-Server-Service", "Guid": "71A551F5-C893-4849-886B-B5EC8502641E"}}, "EventID": 4, "Version": 0, "Level": 4, "Task": 0, "Opcode": 0, "Keywords": "0x8000000000000010", "TimeCreated": {"#attributes": {"SystemTime": "2025-06-08T16:25:13.109828Z"}}, "EventRecordID": 26, "Correlation": null, "Execution": {"#attributes": {"ProcessID": 2844, "ThreadID": 4608}}, "Channel": "DNS Server", "Computer": "DC01.pirate.htb", "Security": {"#attributes": {"UserID": "S-1-5-18"}}}, "EventData": {"#attributes": {"Name": "DNS_EVENT_ZONE_LOAD_COMPLETE"}}}},
{"TimeGenerated": "2025-06-08T17:02:25.615726Z", "EventID": 4015, "Computer": "DC01.pirate.htb", "RawEvent": {"#attributes": {"xmlns": "http://schemas.microsoft.com/win/2004/08/events/event"}, "System": {"Provider": {"#attributes": {"Name": "Microsoft-Windows-DNS-Server-Service", "Guid": "71A551F5-C893-4849-886B-B5EC8502641E"}}, "EventID": 4015, "Version": 0, "Level": 2, "Task": 0, "Opcode": 0, "Keywords": "0x8000000000020000", "TimeCreated": {"#attributes": {"SystemTime": "2025-06-08T17:02:25.615726Z"}}, "EventRecordID": 27, "Correlation": null, "Execution": {"#attributes": {"ProcessID": 2844, "ThreadID": 3216}}, "Channel": "DNS Server", "Computer": "DC01.pirate.htb", "Security": {"#attributes": {"UserID": "S-1-5-18"}}}, "EventData": {"#attributes": {"Name": "DNS_EVENT_DS_INTERFACE_ERROR"}, "param1": "000020EF: SvcErr: DSID-0208067C, problem 5012 (DIR_ERROR), data -106", "Binary": "01000000"}}},
{"TimeGenerated": "2025-06-08T20:01:22.442106Z", "EventID": 3, "Computer": "DC01.pirate.htb", "RawEvent": {"#attributes": {"xmlns": "http://schemas.microsoft.com/win/2004/08/events/event"}, "System": {"Provider": {"#attributes": {"Name": "Microsoft-Windows-DNS-Server-Service", "Guid": "71A551F5-C893-4849-886B-B5EC8502641E"}}, "EventID": 3, "Version": 0, "Level": 4, "Task": 0, "Opcode": 0, "Keywords": "0x8000000000001000", "TimeCreated": {"#attributes": {"SystemTime": "2025-06-08T20:01:22.442106Z"}}, "EventRecordID": 28, "Correlation": null, "Execution": {"#attributes": {"ProcessID": 2844, "ThreadID": 3132}}, "Channel": "DNS Server", "Computer": "DC01.pirate.htb", "Security": {"#attributes": {"UserID": "S-1-5-18"}}}, "EventData": {"#attributes": {"Name": "DNS_EVENT_SHUTDOWN"}}}},
{"TimeGenerated": "2025-06-08T20:02:41.645681Z", "EventID": 7693, "Computer": "DC01.pirate.htb", "RawEvent": {"#attributes": {"xmlns": "http://schemas.microsoft.com/win/2004/08/events/event"}, "System": {"Provider": {"#attributes": {"Name": "Microsoft-Windows-DNS-Server-Service", "Guid": "71A551F5-C893-4849-886B-B5EC8502641E"}}, "EventID": 7693, "Version": 0, "Level": 4, "Task": 0, "Opcode": 0, "Keywords": "0x8000000000001000", "TimeCreated": {"#attributes": {"SystemTime": "2025-06-08T20:02:41.645681Z"}}, "EventRecordID": 29, "Correlation": null, "Execution": {"#attributes": {"ProcessID": 3140, "ThreadID": 3316}}, "Channel": "DNS Server", "Computer": "DC01.pirate.htb", "Security": {"#attributes": {"UserID": "S-1-5-18"}}}, "EventData": {"#attributes": {"Name": "DNS_EVENT_SCOPE_EDNS_OPCODE_SET"}, "param1": 65433, "Binary": null}}},
{"TimeGenerated": "2025-06-08T20:02:46.776571Z", "EventID": 4013, "Computer": "DC01.pirate.htb", "RawEvent": {"#attributes": {"xmlns": "http://schemas.microsoft.com/win/2004/08/events/event"}, "System": {"Provider": {"#attributes": {"Name": "Microsoft-Windows-DNS-Server-Service", "Guid": "71A551F5-C893-4849-886B-B5EC8502641E"}}, "EventID": 4013, "Version": 0, "Level": 3, "Task": 0, "Opcode": 0, "Keywords": "0x8000000000020000", "TimeCreated": {"#attributes": {"SystemTime": "2025-06-08T20:02:46.776571Z"}}, "EventRecordID": 30, "Correlation": null, "Execution": {"#attributes": {"ProcessID": 3140, "ThreadID": 3316}}, "Channel": "DNS Server", "Computer": "DC01.pirate.htb", "Security": {"#attributes": {"UserID": "S-1-5-18"}}}, "EventData": {"#attributes": {"Name": "DNS_EVENT_DS_OPEN_WAIT"}}}},
{"TimeGenerated": "2025-06-08T20:02:55.437235Z", "EventID": 769, "Computer": "DC01.pirate.htb", "RawEvent": {"#attributes": {"xmlns": "http://schemas.microsoft.com/win/2004/08/events/event"}, "System": {"Provider": {"#attributes": {"Name": "Microsoft-Windows-DNS-Server-Service", "Guid": "71A551F5-C893-4849-886B-B5EC8502641E"}}, "EventID": 769, "Version": 0, "Level": 4, "Task": 0, "Opcode": 0, "Keywords": "0x8000000000000010", "TimeCreated": {"#attributes": {"SystemTime": "2025-06-08T20:02:55.437235Z"}}, "EventRecordID": 31, "Correlation": null, "Execution": {"#attributes": {"ProcessID": 3140, "ThreadID": 3316}}, "Channel": "DNS Server", "Computer": "DC01.pirate.htb", "Security": {"#attributes": {"UserID": "S-1-5-18"}}}, "EventData": {"#attributes": {"Name": "DNS_EVENT_ZONE_LOAD_OK"}, "param1": "_msdcs.pirate.htb", "param2": "NULL", "param3": "DC01.pirate.htb", "VirtualizationID": "."}}},
{"TimeGenerated": "2025-06-08T20:02:55.439611Z", "EventID": 769, "Computer": "DC01.pirate.htb", "RawEvent": {"#attributes": {"xmlns": "http://schemas.microsoft.com/win/2004/08/events/event"}, "System": {"Provider": {"#attributes": {"Name": "Microsoft-Windows-DNS-Server-Service", "Guid": "71A551F5-C893-4849-886B-B5EC8502641E"}}, "EventID": 769, "Version": 0, "Level": 4, "Task": 0, "Opcode": 0, "Keywords": "0x8000000000000010", "TimeCreated": {"#attributes": {"SystemTime": "2025-06-08T20:02:55.439611Z"}}, "EventRecordID": 32, "Correlation": null, "Execution": {"#attributes": {"ProcessID": 3140, "ThreadID": 3316}}, "Channel": "DNS Server", "Computer": "DC01.pirate.htb", "Security": {"#attributes": {"UserID": "S-1-5-18"}}}, "EventData": {"#attributes": {"Name": "DNS_EVENT_ZONE_LOAD_OK"}, "param1": "pirate.htb", "param2": "NULL", "param3": "DC01.pirate.htb", "VirtualizationID": "."}}},
{"TimeGenerated": "2025-06-08T20:02:55.441674Z", "EventID": 7648, "Computer": "DC01.pirate.htb", "RawEvent": {"#attributes": {"xmlns": "http://schemas.microsoft.com/win/2004/08/events/event"}, "System": {"Provider": {"#attributes": {"Name": "Microsoft-Windows-DNS-Server-Service", "Guid": "71A551F5-C893-4849-886B-B5EC8502641E"}}, "EventID": 7648, "Version": 0, "Level": 4, "Task": 0, "Opcode": 0, "Keywords": "0x8000000000000080", "TimeCreated": {"#attributes": {"SystemTime": "2025-06-08T20:02:55.441674Z"}}, "EventRecordID": 33, "Correlation": null, "Execution": {"#attributes": {"ProcessID": 3140, "ThreadID": 3316}}, "Channel": "DNS Server", "Computer": "DC01.pirate.htb", "Security": {"#attributes": {"UserID": "S-1-5-18"}}}, "EventData": {"#attributes": {"Name": "DNS_EVENT_DNSSEC_KEYMASTER_CHANGE_DETECTED"}, "param1": "pirate.htb", "param2": "DC01.pirate.htb", "Binary": null}}},
{"TimeGenerated": "2025-06-08T20:02:55.533272Z", "EventID": 2, "Computer": "DC01.pirate.htb", "RawEvent": {"#attributes": {"xmlns": "http://schemas.microsoft.com/win/2004/08/events/event"}, "System": {"Provider": {"#attributes": {"Name": "Microsoft-Windows-DNS-Server-Service", "Guid": "71A551F5-C893-4849-886B-B5EC8502641E"}}, "EventID": 2, "Version": 0, "Level": 4, "Task": 0, "Opcode": 0, "Keywords": "0x8000000000001000", "TimeCreated": {"#attributes": {"SystemTime": "2025-06-08T20:02:55.533272Z"}}, "EventRecordID": 34, "Correlation": null, "Execution": {"#attributes": {"ProcessID": 3140, "ThreadID": 3316}}, "Channel": "DNS Server", "Computer": "DC01.pirate.htb", "Security": {"#attributes": {"UserID": "S-1-5-18"}}}, "EventData": {"#attributes": {"Name": "DNS_EVENT_STARTUP_OK"}}}},
{"TimeGenerated": "2025-06-08T20:02:55.961090Z", "EventID": 4, "Computer": "DC01.pirate.htb", "RawEvent": {"#attributes": {"xmlns": "http://schemas.microsoft.com/win/2004/08/events/event"}, "System": {"Provider": {"#attributes": {"Name": "Microsoft-Windows-DNS-Server-Service", "Guid": "71A551F5-C893-4849-886B-B5EC8502641E"}}, "EventID": 4, "Version": 0, "Level": 4, "Task": 0, "Opcode": 0, "Keywords": "0x8000000000000010", "TimeCreated": {"#attributes": {"SystemTime": "2025-06-08T20:02:55.961090Z"}}, "EventRecordID": 35, "Correlation": null, "Execution": {"#attributes": {"ProcessID": 3140, "ThreadID": 1512}}, "Channel": "DNS Server", "Computer": "DC01.pirate.htb", "Security": {"#attributes": {"UserID": "S-1-5-18"}}}, "EventData": {"#attributes": {"Name": "DNS_EVENT_ZONE_LOAD_COMPLETE"}}}},
{"TimeGenerated": "2025-06-08T20:12:00.768177Z", "EventID": 3, "Computer": "DC01.pirate.htb", "RawEvent": {"#attributes": {"xmlns": "http://schemas.microsoft.com/win/2004/08/events/event"}, "System": {"Provider": {"#attributes": {"Name": "Microsoft-Windows-DNS-Server-Service", "Guid": "71A551F5-C893-4849-886B-B5EC8502641E"}}, "EventID": 3, "Version": 0, "Level": 4, "Task": 0, "Opcode": 0, "Keywords": "0x8000000000001000", "TimeCreated": {"#attributes": {"SystemTime": "2025-06-08T20:12:00.768177Z"}}, "EventRecordID": 36, "Correlation": null, "Execution": {"#attributes": {"ProcessID": 3140, "ThreadID": 3316}}, "Channel": "DNS Server", "Computer": "DC01.pirate.htb", "Security": {"#attributes": {"UserID": "S-1-5-18"}}}, "EventData": {"#attributes": {"Name": "DNS_EVENT_SHUTDOWN"}}}},
{"TimeGenerated": "2025-06-08T20:12:42.701197Z", "EventID": 7693, "Computer": "DC01.pirate.htb", "RawEvent": {"#attributes": {"xmlns": "http://schemas.microsoft.com/win/2004/08/events/event"}, "System": {"Provider": {"#attributes": {"Name": "Microsoft-Windows-DNS-Server-Service", "Guid": "71A551F5-C893-4849-886B-B5EC8502641E"}}, "EventID": 7693, "Version": 0, "Level": 4, "Task": 0, "Opcode": 0, "Keywords": "0x8000000000001000", "TimeCreated": {"#attributes": {"SystemTime": "2025-06-08T20:12:42.701197Z"}}, "EventRecordID": 37, "Correlation": null, "Execution": {"#attributes": {"ProcessID": 3196, "ThreadID": 3328}}, "Channel": "DNS Server", "Computer": "DC01.pirate.htb", "Security": {"#attributes": {"UserID": "S-1-5-18"}}}, "EventData": {"#attributes": {"Name": "DNS_EVENT_SCOPE_EDNS_OPCODE_SET"}, "param1": 65433, "Binary": null}}},
{"TimeGenerated": "2025-06-08T20:12:47.819391Z", "EventID": 4013, "Computer": "DC01.pirate.htb", "RawEvent": {"#attributes": {"xmlns": "http://schemas.microsoft.com/win/2004/08/events/event"}, "System": {"Provider": {"#attributes": {"Name": "Microsoft-Windows-DNS-Server-Service", "Guid": "71A551F5-C893-4849-886B-B5EC8502641E"}}, "EventID": 4013, "Version": 0, "Level": 3, "Task": 0, "Opcode": 0, "Keywords": "0x8000000000020000", "TimeCreated": {"#attributes": {"SystemTime": "2025-06-08T20:12:47.819391Z"}}, "EventRecordID": 38, "Correlation": null, "Execution": {"#attributes": {"ProcessID": 3196, "ThreadID": 3328}}, "Channel": "DNS Server", "Computer": "DC01.pirate.htb", "Security": {"#attributes": {"UserID": "S-1-5-18"}}}, "EventData": {"#attributes": {"Name": "DNS_EVENT_DS_OPEN_WAIT"}}}},
{"TimeGenerated": "2025-06-08T20:13:34.136906Z", "EventID": 7693, "Computer": "DC01.pirate.htb", "RawEvent": {"#attributes": {"xmlns": "http://schemas.microsoft.com/win/2004/08/events/event"}, "System": {"Provider": {"#attributes": {"Name": "Microsoft-Windows-DNS-Server-Service", "Guid": "71A551F5-C893-4849-886B-B5EC8502641E"}}, "EventID": 7693, "Version": 0, "Level": 4, "Task": 0, "Opcode": 0, "Keywords": "0x8000000000001000", "TimeCreated": {"#attributes": {"SystemTime": "2025-06-08T20:13:34.136906Z"}}, "EventRecordID": 39, "Correlation": null, "Execution": {"#attributes": {"ProcessID": 652, "ThreadID": 3276}}, "Channel": "DNS Server", "Computer": "DC01.pirate.htb", "Security": {"#attributes": {"UserID": "S-1-5-18"}}}, "EventData": {"#attributes": {"Name": "DNS_EVENT_SCOPE_EDNS_OPCODE_SET"}, "param1": 65433, "Binary": null}}},
{"TimeGenerated": "2025-06-08T20:13:39.342439Z", "EventID": 4013, "Computer": "DC01.pirate.htb", "RawEvent": {"#attributes": {"xmlns": "http://schemas.microsoft.com/win/2004/08/events/event"}, "System": {"Provider": {"#attributes": {"Name": "Microsoft-Windows-DNS-Server-Service", "Guid": "71A551F5-C893-4849-886B-B5EC8502641E"}}, "EventID": 4013, "Version": 0, "Level": 3, "Task": 0, "Opcode": 0, "Keywords": "0x8000000000020000", "TimeCreated": {"#attributes": {"SystemTime": "2025-06-08T20:13:39.342439Z"}}, "EventRecordID": 40, "Correlation": null, "Execution": {"#attributes": {"ProcessID": 652, "ThreadID": 3276}}, "Channel": "DNS Server", "Computer": "DC01.pirate.htb", "Security": {"#attributes": {"UserID": "S-1-5-18"}}}, "EventData": {"#attributes": {"Name": "DNS_EVENT_DS_OPEN_WAIT"}}}},
{"TimeGenerated": "2025-06-08T20:13:48.090997Z", "EventID": 769, "Computer": "DC01.pirate.htb", "RawEvent": {"#attributes": {"xmlns": "http://schemas.microsoft.com/win/2004/08/events/event"}, "System": {"Provider": {"#attributes": {"Name": "Microsoft-Windows-DNS-Server-Service", "Guid": "71A551F5-C893-4849-886B-B5EC8502641E"}}, "EventID": 769, "Version": 0, "Level": 4, "Task": 0, "Opcode": 0, "Keywords": "0x8000000000000010", "TimeCreated": {"#attributes": {"SystemTime": "2025-06-08T20:13:48.090997Z"}}, "EventRecordID": 41, "Correlation": null, "Execution": {"#attributes": {"ProcessID": 652, "ThreadID": 3276}}, "Channel": "DNS Server", "Computer": "DC01.pirate.htb", "Security": {"#attributes": {"UserID": "S-1-5-18"}}}, "EventData": {"#attributes": {"Name": "DNS_EVENT_ZONE_LOAD_OK"}, "param1": "_msdcs.pirate.htb", "param2": "NULL", "param3": "DC01.pirate.htb", "VirtualizationID": "."}}},
{"TimeGenerated": "2025-06-08T20:13:48.093065Z", "EventID": 769, "Computer": "DC01.pirate.htb", "RawEvent": {"#attributes": {"xmlns": "http://schemas.microsoft.com/win/2004/08/events/event"}, "System": {"Provider": {"#attributes": {"Name": "Microsoft-Windows-DNS-Server-Service", "Guid": "71A551F5-C893-4849-886B-B5EC8502641E"}}, "EventID": 769, "Version": 0, "Level": 4, "Task": 0, "Opcode": 0, "Keywords": "0x8000000000000010", "TimeCreated": {"#attributes": {"SystemTime": "2025-06-08T20:13:48.093065Z"}}, "EventRecordID": 42, "Correlation": null, "Execution": {"#attributes": {"ProcessID": 652, "ThreadID": 3276}}, "Channel": "DNS Server", "Computer": "DC01.pirate.htb", "Security": {"#attributes": {"UserID": "S-1-5-18"}}}, "EventData": {"#attributes": {"Name": "DNS_EVENT_ZONE_LOAD_OK"}, "param1": "pirate.htb", "param2": "NULL", "param3": "DC01.pirate.htb", "VirtualizationID": "."}}},
{"TimeGenerated": "2025-06-08T20:13:48.095137Z", "EventID": 7648, "Computer": "DC01.pirate.htb", "RawEvent": {"#attributes": {"xmlns": "http://schemas.microsoft.com/win/2004/08/events/event"}, "System": {"Provider": {"#attributes": {"Name": "Microsoft-Windows-DNS-Server-Service", "Guid": "71A551F5-C893-4849-886B-B5EC8502641E"}}, "EventID": 7648, "Version": 0, "Level": 4, "Task": 0, "Opcode": 0, "Keywords": "0x8000000000000080", "TimeCreated": {"#attributes": {"SystemTime": "2025-06-08T20:13:48.095137Z"}}, "EventRecordID": 43, "Correlation": null, "Execution": {"#attributes": {"ProcessID": 652, "ThreadID": 3276}}, "Channel": "DNS Server", "Computer": "DC01.pirate.htb", "Security": {"#attributes": {"UserID": "S-1-5-18"}}}, "EventData": {"#attributes": {"Name": "DNS_EVENT_DNSSEC_KEYMASTER_CHANGE_DETECTED"}, "param1": "pirate.htb", "param2": "DC01.pirate.htb", "Binary": null}}},
{"TimeGenerated": "2025-06-08T20:13:48.195538Z", "EventID": 2, "Computer": "DC01.pirate.htb", "RawEvent": {"#attributes": {"xmlns": "http://schemas.microsoft.com/win/2004/08/events/event"}, "System": {"Provider": {"#attributes": {"Name": "Microsoft-Windows-DNS-Server-Service", "Guid": "71A551F5-C893-4849-886B-B5EC8502641E"}}, "EventID": 2, "Version": 0, "Level": 4, "Task": 0, "Opcode": 0, "Keywords": "0x8000000000001000", "TimeCreated": {"#attributes": {"SystemTime": "2025-06-08T20:13:48.195538Z"}}, "EventRecordID": 44, "Correlation": null, "Execution": {"#attributes": {"ProcessID": 652, "ThreadID": 3276}}, "Channel": "DNS Server", "Computer": "DC01.pirate.htb", "Security": {"#attributes": {"UserID": "S-1-5-18"}}}, "EventData": {"#attributes": {"Name": "DNS_EVENT_STARTUP_OK"}}}},
{"TimeGenerated": "2025-06-08T20:13:48.598772Z", "EventID": 4, "Computer": "DC01.pirate.htb", "RawEvent": {"#attributes": {"xmlns": "http://schemas.microsoft.com/win/2004/08/events/event"}, "System": {"Provider": {"#attributes": {"Name": "Microsoft-Windows-DNS-Server-Service", "Guid": "71A551F5-C893-4849-886B-B5EC8502641E"}}, "EventID": 4, "Version": 0, "Level": 4, "Task": 0, "Opcode": 0, "Keywords": "0x8000000000000010", "TimeCreated": {"#attributes": {"SystemTime": "2025-06-08T20:13:48.598772Z"}}, "EventRecordID": 45, "Correlation": null, "Execution": {"#attributes": {"ProcessID": 652, "ThreadID": 5028}}, "Channel": "DNS Server", "Computer": "DC01.pirate.htb", "Security": {"#attributes": {"UserID": "S-1-5-18"}}}, "EventData": {"#attributes": {"Name": "DNS_EVENT_ZONE_LOAD_COMPLETE"}}}},
{"TimeGenerated": "2025-06-08T20:19:10.773024Z", "EventID": 407, "Computer": "DC01.pirate.htb", "RawEvent": {"#attributes": {"xmlns": "http://schemas.microsoft.com/win/2004/08/events/event"}, "System": {"Provider": {"#attributes": {"Name": "Microsoft-Windows-DNS-Server-Service", "Guid": "71A551F5-C893-4849-886B-B5EC8502641E"}}, "EventID": 407, "Version": 0, "Level": 2, "Task": 0, "Opcode": 0, "Keywords": "0x8000000000100000", "TimeCreated": {"#attributes": {"SystemTime": "2025-06-08T20:19:10.773024Z"}}, "EventRecordID": 46, "Correlation": null, "Execution": {"#attributes": {"ProcessID": 652, "ThreadID": 3468}}, "Channel": "DNS Server", "Computer": "DC01.pirate.htb", "Security": {"#attributes": {"UserID": "S-1-5-18"}}}, "EventData": {"#attributes": {"Name": "DNS_EVENT_CANNOT_BIND_UDP_SOCKET"}, "param1": "192.168.100.1", "Binary": "41270000"}}},
{"TimeGenerated": "2025-06-08T20:19:10.773026Z", "EventID": 408, "Computer": "DC01.pirate.htb", "RawEvent": {"#attributes": {"xmlns": "http://schemas.microsoft.com/win/2004/08/events/event"}, "System": {"Provider": {"#attributes": {"Name": "Microsoft-Windows-DNS-Server-Service", "Guid": "71A551F5-C893-4849-886B-B5EC8502641E"}}, "EventID": 408, "Version": 0, "Level": 2, "Task": 0, "Opcode": 0, "Keywords": "0x8000000000100000", "TimeCreated": {"#attributes": {"SystemTime": "2025-06-08T20:19:10.773026Z"}}, "EventRecordID": 47, "Correlation": null, "Execution": {"#attributes": {"ProcessID": 652, "ThreadID": 3468}}, "Channel": "DNS Server", "Computer": "DC01.pirate.htb", "Security": {"#attributes": {"UserID": "S-1-5-18"}}}, "EventData": {"#attributes": {"Name": "DNS_EVENT_OPEN_SOCKET_FOR_ADDRESS"}, "param1": "192.168.100.1", "Binary": null}}},
{"TimeGenerated": "2025-06-08T20:19:10.773298Z", "EventID": 404, "Computer": "DC01.pirate.htb", "RawEvent": {"#attributes": {"xmlns": "http://schemas.microsoft.com/win/2004/08/events/event"}, "System": {"Provider": {"#attributes": {"Name": "Microsoft-Windows-DNS-Server-Service", "Guid": "71A551F5-C893-4849-886B-B5EC8502641E"}}, "EventID": 404, "Version": 0, "Level": 2, "Task": 0, "Opcode": 0, "Keywords": "0x8000000000100000", "TimeCreated": {"#attributes": {"SystemTime": "2025-06-08T20:19:10.773298Z"}}, "EventRecordID": 48, "Correlation": null, "Execution": {"#attributes": {"ProcessID": 652, "ThreadID": 3468}}, "Channel": "DNS Server", "Computer": "DC01.pirate.htb", "Security": {"#attributes": {"UserID": "S-1-5-18"}}}, "EventData": {"#attributes": {"Name": "DNS_EVENT_CANNOT_BIND_TCP_SOCKET"}, "param1": "192.168.100.1", "Binary": "41270000"}}},
{"TimeGenerated": "2025-06-08T20:19:10.773300Z", "EventID": 408, "Computer": "DC01.pirate.htb", "RawEvent": {"#attributes": {"xmlns": "http://schemas.microsoft.com/win/2004/08/events/event"}, "System": {"Provider": {"#attributes": {"Name": "Microsoft-Windows-DNS-Server-Service", "Guid": "71A551F5-C893-4849-886B-B5EC8502641E"}}, "EventID": 408, "Version": 0, "Level": 2, "Task": 0, "Opcode": 0, "Keywords": "0x8000000000100000", "TimeCreated": {"#attributes": {"SystemTime": "2025-06-08T20:19:10.773300Z"}}, "EventRecordID": 49, "Correlation": null, "Execution": {"#attributes": {"ProcessID": 652, "ThreadID": 3468}}, "Channel": "DNS Server", "Computer": "DC01.pirate.htb", "Security": {"#attributes": {"UserID": "S-1-5-18"}}}, "EventData": {"#attributes": {"Name": "DNS_EVENT_OPEN_SOCKET_FOR_ADDRESS"}, "param1": "192.168.100.1", "Binary": null}}},
{"TimeGenerated": "2025-06-08T21:39:45.700267Z", "EventID": 3, "Computer": "DC01.pirate.htb", "RawEvent": {"#attributes": {"xmlns": "http://schemas.microsoft.com/win/2004/08/events/event"}, "System": {"Provider": {"#attributes": {"Name": "Microsoft-Windows-DNS-Server-Service", "Guid": "71A551F5-C893-4849-886B-B5EC8502641E"}}, "EventID": 3, "Version": 0, "Level": 4, "Task": 0, "Opcode": 0, "Keywords": "0x8000000000001000", "TimeCreated": {"#attributes": {"SystemTime": "2025-06-08T21:39:45.700267Z"}}, "EventRecordID": 50, "Correlation": null, "Execution": {"#attributes": {"ProcessID": 652, "ThreadID": 3276}}, "Channel": "DNS Server", "Computer": "DC01.pirate.htb", "Security": {"#attributes": {"UserID": "S-1-5-18"}}}, "EventData": {"#attributes": {"Name": "DNS_EVENT_SHUTDOWN"}}}},
{"TimeGenerated": "2025-06-09T13:03:21.033015Z", "EventID": 7693, "Computer": "DC01.pirate.htb", "RawEvent": {"#attributes": {"xmlns": "http://schemas.microsoft.com/win/2004/08/events/event"}, "System": {"Provider": {"#attributes": {"Name": "Microsoft-Windows-DNS-Server-Service", "Guid": "71A551F5-C893-4849-886B-B5EC8502641E"}}, "EventID": 7693, "Version": 0, "Level": 4, "Task": 0, "Opcode": 0, "Keywords": "0x8000000000001000", "TimeCreated": {"#attributes": {"SystemTime": "2025-06-09T13:03:21.033015Z"}}, "EventRecordID": 51, "Correlation": null, "Execution": {"#attributes": {"ProcessID": 2928, "ThreadID": 1604}}, "Channel": "DNS Server", "Computer": "DC01.pirate.htb", "Security": {"#attributes": {"UserID": "S-1-5-18"}}}, "EventData": {"#attributes": {"Name": "DNS_EVENT_SCOPE_EDNS_OPCODE_SET"}, "param1": 65433, "Binary": null}}},
{"TimeGenerated": "2025-06-09T13:03:26.178659Z", "EventID": 4013, "Computer": "DC01.pirate.htb", "RawEvent": {"#attributes": {"xmlns": "http://schemas.microsoft.com/win/2004/08/events/event"}, "System": {"Provider": {"#attributes": {"Name": "Microsoft-Windows-DNS-Server-Service", "Guid": "71A551F5-C893-4849-886B-B5EC8502641E"}}, "EventID": 4013, "Version": 0, "Level": 3, "Task": 0, "Opcode": 0, "Keywords": "0x8000000000020000", "TimeCreated": {"#attributes": {"SystemTime": "2025-06-09T13:03:26.178659Z"}}, "EventRecordID": 52, "Correlation": null, "Execution": {"#attributes": {"ProcessID": 2928, "ThreadID": 1604}}, "Channel": "DNS Server", "Computer": "DC01.pirate.htb", "Security": {"#attributes": {"UserID": "S-1-5-18"}}}, "EventData": {"#attributes": {"Name": "DNS_EVENT_DS_OPEN_WAIT"}}}},
{"TimeGenerated": "2025-06-09T13:03:28.974489Z", "EventID": 769, "Computer": "DC01.pirate.htb", "RawEvent": {"#attributes": {"xmlns": "http://schemas.microsoft.com/win/2004/08/events/event"}, "System": {"Provider": {"#attributes": {"Name": "Microsoft-Windows-DNS-Server-Service", "Guid": "71A551F5-C893-4849-886B-B5EC8502641E"}}, "EventID": 769, "Version": 0, "Level": 4, "Task": 0, "Opcode": 0, "Keywords": "0x8000000000000010", "TimeCreated": {"#attributes": {"SystemTime": "2025-06-09T13:03:28.974489Z"}}, "EventRecordID": 53, "Correlation": null, "Execution": {"#attributes": {"ProcessID": 2928, "ThreadID": 1604}}, "Channel": "DNS Server", "Computer": "DC01.pirate.htb", "Security": {"#attributes": {"UserID": "S-1-5-18"}}}, "EventData": {"#attributes": {"Name": "DNS_EVENT_ZONE_LOAD_OK"}, "param1": "_msdcs.pirate.htb", "param2": "NULL", "param3": "DC01.pirate.htb", "VirtualizationID": "."}}},
{"TimeGenerated": "2025-06-09T13:03:28.978601Z", "EventID": 769, "Computer": "DC01.pirate.htb", "RawEvent": {"#attributes": {"xmlns": "http://schemas.microsoft.com/win/2004/08/events/event"}, "System": {"Provider": {"#attributes": {"Name": "Microsoft-Windows-DNS-Server-Service", "Guid": "71A551F5-C893-4849-886B-B5EC8502641E"}}, "EventID": 769, "Version": 0, "Level": 4, "Task": 0, "Opcode": 0, "Keywords": "0x8000000000000010", "TimeCreated": {"#attributes": {"SystemTime": "2025-06-09T13:03:28.978601Z"}}, "EventRecordID": 54, "Correlation": null, "Execution": {"#attributes": {"ProcessID": 2928, "ThreadID": 1604}}, "Channel": "DNS Server", "Computer": "DC01.pirate.htb", "Security": {"#attributes": {"UserID": "S-1-5-18"}}}, "EventData": {"#attributes": {"Name": "DNS_EVENT_ZONE_LOAD_OK"}, "param1": "pirate.htb", "param2": "NULL", "param3": "DC01.pirate.htb", "VirtualizationID": "."}}},
{"TimeGenerated": "2025-06-09T13:03:28.981168Z", "EventID": 7648, "Computer": "DC01.pirate.htb", "RawEvent": {"#attributes": {"xmlns": "http://schemas.microsoft.com/win/2004/08/events/event"}, "System": {"Provider": {"#attributes": {"Name": "Microsoft-Windows-DNS-Server-Service", "Guid": "71A551F5-C893-4849-886B-B5EC8502641E"}}, "EventID": 7648, "Version": 0, "Level": 4, "Task": 0, "Opcode": 0, "Keywords": "0x8000000000000080", "TimeCreated": {"#attributes": {"SystemTime": "2025-06-09T13:03:28.981168Z"}}, "EventRecordID": 55, "Correlation": null, "Execution": {"#attributes": {"ProcessID": 2928, "ThreadID": 1604}}, "Channel": "DNS Server", "Computer": "DC01.pirate.htb", "Security": {"#attributes": {"UserID": "S-1-5-18"}}}, "EventData": {"#attributes": {"Name": "DNS_EVENT_DNSSEC_KEYMASTER_CHANGE_DETECTED"}, "param1": "pirate.htb", "param2": "DC01.pirate.htb", "Binary": null}}},
{"TimeGenerated": "2025-06-09T13:03:29.081304Z", "EventID": 2, "Computer": "DC01.pirate.htb", "RawEvent": {"#attributes": {"xmlns": "http://schemas.microsoft.com/win/2004/08/events/event"}, "System": {"Provider": {"#attributes": {"Name": "Microsoft-Windows-DNS-Server-Service", "Guid": "71A551F5-C893-4849-886B-B5EC8502641E"}}, "EventID": 2, "Version": 0, "Level": 4, "Task": 0, "Opcode": 0, "Keywords": "0x8000000000001000", "TimeCreated": {"#attributes": {"SystemTime": "2025-06-09T13:03:29.081304Z"}}, "EventRecordID": 56, "Correlation": null, "Execution": {"#attributes": {"ProcessID": 2928, "ThreadID": 1604}}, "Channel": "DNS Server", "Computer": "DC01.pirate.htb", "Security": {"#attributes": {"UserID": "S-1-5-18"}}}, "EventData": {"#attributes": {"Name": "DNS_EVENT_STARTUP_OK"}}}},
{"TimeGenerated": "2025-06-09T13:03:29.487614Z", "EventID": 4, "Computer": "DC01.pirate.htb", "RawEvent": {"#attributes": {"xmlns": "http://schemas.microsoft.com/win/2004/08/events/event"}, "System": {"Provider": {"#attributes": {"Name": "Microsoft-Windows-DNS-Server-Service", "Guid": "71A551F5-C893-4849-886B-B5EC8502641E"}}, "EventID": 4, "Version": 0, "Level": 4, "Task": 0, "Opcode": 0, "Keywords": "0x8000000000000010", "TimeCreated": {"#attributes": {"SystemTime": "2025-06-09T13:03:29.487614Z"}}, "EventRecordID": 57, "Correlation": null, "Execution": {"#attributes": {"ProcessID": 2928, "ThreadID": 4816}}, "Channel": "DNS Server", "Computer": "DC01.pirate.htb", "Security": {"#attributes": {"UserID": "S-1-5-18"}}}, "EventData": {"#attributes": {"Name": "DNS_EVENT_ZONE_LOAD_COMPLETE"}}}},
{"TimeGenerated": "2025-06-09T14:14:13.156832Z", "EventID": 3, "Computer": "DC01.pirate.htb", "RawEvent": {"#attributes": {"xmlns": "http://schemas.microsoft.com/win/2004/08/events/event"}, "System": {"Provider": {"#attributes": {"Name": "Microsoft-Windows-DNS-Server-Service", "Guid": "71A551F5-C893-4849-886B-B5EC8502641E"}}, "EventID": 3, "Version": 0, "Level": 4, "Task": 0, "Opcode": 0, "Keywords": "0x8000000000001000", "TimeCreated": {"#attributes": {"SystemTime": "2025-06-09T14:14:13.156832Z"}}, "EventRecordID": 58, "Correlation": null, "Execution": {"#attributes": {"ProcessID": 2928, "ThreadID": 1604}}, "Channel": "DNS Server", "Computer": "DC01.pirate.htb", "Security": {"#attributes": {"UserID": "S-1-5-18"}}}, "EventData": {"#attributes": {"Name": "DNS_EVENT_SHUTDOWN"}}}},
{"TimeGenerated": "2025-06-09T14:15:06.273253Z", "EventID": 7693, "Computer": "DC01.pirate.htb", "RawEvent": {"#attributes": {"xmlns": "http://schemas.microsoft.com/win/2004/08/events/event"}, "System": {"Provider": {"#attributes": {"Name": "Microsoft-Windows-DNS-Server-Service", "Guid": "71A551F5-C893-4849-886B-B5EC8502641E"}}, "EventID": 7693, "Version": 0, "Level": 4, "Task": 0, "Opcode": 0, "Keywords": "0x8000000000001000", "TimeCreated": {"#attributes": {"SystemTime": "2025-06-09T14:15:06.273253Z"}}, "EventRecordID": 59, "Correlation": null, "Execution": {"#attributes": {"ProcessID": 2220, "ThreadID": 1884}}, "Channel": "DNS Server", "Computer": "DC01.pirate.htb", "Security": {"#attributes": {"UserID": "S-1-5-18"}}}, "EventData": {"#attributes": {"Name": "DNS_EVENT_SCOPE_EDNS_OPCODE_SET"}, "param1": 65433, "Binary": null}}},
