{"TimeGenerated": "2025-06-08T14:34:44.517638Z", "EventID": 50037, "Computer": "WIN-P4PGN19G2KB", "RawEvent": {"#attributes": {"xmlns": "http://schemas.microsoft.com/win/2004/08/events/event"}, "System": {"Provider": {"#attributes": {"Name": "Microsoft-Windows-Dhcp-Client", "Guid": "15A7A4F8-0072-4EAB-ABAD-F98A4D666AED"}}, "EventID": 50037, "Version": 0, "Level": 4, "Task": 4, "Opcode": 69, "Keywords": "0x2000000000000000", "TimeCreated": {"#attributes": {"SystemTime": "2025-06-08T14:34:44.517638Z"}}, "EventRecordID": 419, "Correlation": null, "Execution": {"#attributes": {"ProcessID": 1284, "ThreadID": 1300}}, "Channel": "System", "Computer": "WIN-P4PGN19G2KB", "Security": {"#attributes": {"UserID": "S-1-5-19"}}}, "EventData": {"DwordVal": 1}}},
{"TimeGenerated": "2025-06-08T14:34:44.518324Z", "EventID": {"#attributes": {"Qualifiers": 16384}, "#text": 7036}, "Computer": "WIN-P4PGN19G2KB", "RawEvent": {"#attributes": {"xmlns": "http://schemas.microsoft.com/win/2004/08/events/event"}, "System": {"Provider": {"#attributes": {"Name": "Service Control Manager", "Guid": "{555908d1-a6d7-4695-8e1e-26931d2012f4}", "EventSourceName": "Service Control Manager"}}, "EventID": {"#attributes": {"Qualifiers": 16384}, "#text": 7036}, "Version": 0, "Level": 4, "Task": 0, "Opcode": 0, "Keywords": "0x8080000000000000", "TimeCreated": {"#attributes": {"SystemTime": "2025-06-08T14:34:44.518324Z"}}, "EventRecordID": 420, "Correlation": null, "Execution": {"#attributes": {"ProcessID": 596, "ThreadID": 4336}}, "Channel": "System", "Computer": "WIN-P4PGN19G2KB", "Security": null}, "EventData": {"param1": "Distributed Link Tracking Client", "param2": "stopped", "Binary": "540072006B0057006B0073002F0031000000"}}},
{"TimeGenerated": "2025-06-08T14:34:44.518324Z", "EventID": {"#attributes": {"Qualifiers": 16384}, "#text": 7036}, "Computer": "WIN-P4PGN19G2KB", "RawEvent": {"#attributes": {"xmlns": "http://schemas.microsoft.com/win/2004/08/events/event"}, "System": {"Provider": {"#attributes": {"Name": "Service Control Manager", "Guid": "{555908d1-a6d7-4695-8e1e-26931d2012f4}", "EventSourceName": "Service Control Manager"}}, "EventID": {"#attributes": {"Qualifiers": 16384}, "#text": 7036}, "Version": 0, "Level": 4, "Task": 0, "Opcode": 0, "Keywords": "0x8080000000000000", "TimeCreated": {"#attributes": {"SystemTime": "2025-06-08T14:34:44.518324Z"}}, "EventRecordID": 421, "Correlation": null, "Execution": {"#attributes": {"ProcessID": 596, "ThreadID": 4336}}, "Channel": "System", "Computer": "WIN-P4PGN19G2KB", "Security": null}, "EventData": {"param1": "Update Orchestrator Service", "param2": "stopped", "Binary": "550073006F005300760063002F0031000000"}}},
{"TimeGenerated": "2025-06-08T14:34:57.927360Z", "EventID": {"#attributes": {"Qualifiers": 32768}, "#text": 6011}, "Computer": "DC01", "RawEvent": {"#attributes": {"xmlns": "http://schemas.microsoft.com/win/2004/08/events/event"}, "System": {"Provider": {"#attributes": {"Name": "EventLog"}}, "EventID": {"#attributes": {"Qualifiers": 32768}, "#text": 6011}, "Level": 4, "Task": 0, "Keywords": "0x80000000000000", "TimeCreated": {"#attributes": {"SystemTime": "2025-06-08T14:34:57.927360Z"}}, "EventRecordID": 422, "Channel": "System", "Computer": "DC01", "Security": null}, "EventData": {"Data": {"#text": ["WIN-P4PGN19G2KB", "DC01"]}, "Binary": null}}},
{"TimeGenerated": "2025-06-08T14:34:57.927360Z", "EventID": {"#attributes": {"Qualifiers": 32768}, "#text": 6009}, "Computer": "DC01", "RawEvent": {"#attributes": {"xmlns": "http://schemas.microsoft.com/win/2004/08/events/event"}, "System": {"Provider": {"#attributes": {"Name": "EventLog"}}, "EventID": {"#attributes": {"Qualifiers": 32768}, "#text": 6009}, "Level": 4, "Task": 0, "Keywords": "0x80000000000000", "TimeCreated": {"#attributes": {"SystemTime": "2025-06-08T14:34:57.927360Z"}}, "EventRecordID": 423, "Channel": "System", "Computer": "DC01", "Security": null}, "EventData": {"Data": {"#text": ["10.00.", "17763", "", "Multiprocessor Free", "0"]}, "Binary": null}}},
{"TimeGenerated": "2025-06-08T14:34:57.927360Z", "EventID": {"#attributes": {"Qualifiers": 32768}, "#text": 6005}, "Computer": "DC01", "RawEvent": {"#attributes": {"xmlns": "http://schemas.microsoft.com/win/2004/08/events/event"}, "System": {"Provider": {"#attributes": {"Name": "EventLog"}}, "EventID": {"#attributes": {"Qualifiers": 32768}, "#text": 6005}, "Level": 4, "Task": 0, "Keywords": "0x80000000000000", "TimeCreated": {"#attributes": {"SystemTime": "2025-06-08T14:34:57.927360Z"}}, "EventRecordID": 424, "Channel": "System", "Computer": "DC01", "Security": null}, "EventData": {"Data": {"#text": ""}, "Binary": "E9070600000008000E00220039009F030000000000000000"}}},
{"TimeGenerated": "2025-06-08T14:34:57.927360Z", "EventID": {"#attributes": {"Qualifiers": 32768}, "#text": 6013}, "Computer": "DC01", "RawEvent": {"#attributes": {"xmlns": "http://schemas.microsoft.com/win/2004/08/events/event"}, "System": {"Provider": {"#attributes": {"Name": "EventLog"}}, "EventID": {"#attributes": {"Qualifiers": 32768}, "#text": 6013}, "Level": 4, "Task": 0, "Keywords": "0x80000000000000", "TimeCreated": {"#attributes": {"SystemTime": "2025-06-08T14:34:57.927360Z"}}, "EventRecordID": 425, "Channel": "System", "Computer": "DC01", "Security": null}, "EventData": {"Data": {"#text": ["", "", "", "", "7", "60", "480 Pacific Standard Time"]}, "Binary": "31002E003100000030000000570069006E0064006F007700730020005300650072007600650072002000320030003100390020005300740061006E00640061007200640020004500760061006C0075006100740069006F006E000000310030002E0030002E003100370037003600330020004200750069006C0064002000310037003700360033002000200000004D0075006C0074006900700072006F0063006500730073006F007200200046007200650065000000310037003700360033002E007200730035005F00720065006C0065006100730065002E003100380030003900310034002D00310034003300340000003600380034003500390066003000350000004E006F007400200041007600610069006C00610062006C00650000004E006F007400200041007600610069006C00610062006C00650000003900000032000000340030003900360000003400300039000000440043003000310000000000"}}},
{"TimeGenerated": "2025-06-08T14:34:44.518324Z", "EventID": {"#attributes": {"Qualifiers": 16384}, "#text": 7036}, "Computer": "DC01", "RawEvent": {"#attributes": {"xmlns": "http://schemas.microsoft.com/win/2004/08/events/event"}, "System": {"Provider": {"#attributes": {"Name": "Service Control Manager", "Guid": "{555908d1-a6d7-4695-8e1e-26931d2012f4}", "EventSourceName": "Service Control Manager"}}, "EventID": {"#attributes": {"Qualifiers": 16384}, "#text": 7036}, "Version": 0, "Level": 4, "Task": 0, "Opcode": 0, "Keywords": "0x8080000000000000", "TimeCreated": {"#attributes": {"SystemTime": "2025-06-08T14:34:44.518324Z"}}, "EventRecordID": 426, "Correlation": null, "Execution": {"#attributes": {"ProcessID": 596, "ThreadID": 4336}}, "Channel": "System", "Computer": "DC01", "Security": null}, "EventData": {"param1": "Program Compatibility Assistant Service", "param2": "stopped", "Binary": "5000630061005300760063002F0031000000"}}},
{"TimeGenerated": "2025-06-08T14:34:44.518324Z", "EventID": {"#attributes": {"Qualifiers": 16384}, "#text": 7036}, "Computer": "DC01", "RawEvent": {"#attributes": {"xmlns": "http://schemas.microsoft.com/win/2004/08/events/event"}, "System": {"Provider": {"#attributes": {"Name": "Service Control Manager", "Guid": "{555908d1-a6d7-4695-8e1e-26931d2012f4}", "EventSourceName": "Service Control Manager"}}, "EventID": {"#attributes": {"Qualifiers": 16384}, "#text": 7036}, "Version": 0, "Level": 4, "Task": 0, "Opcode": 0, "Keywords": "0x8080000000000000", "TimeCreated": {"#attributes": {"SystemTime": "2025-06-08T14:34:44.518324Z"}}, "EventRecordID": 427, "Correlation": null, "Execution": {"#attributes": {"ProcessID": 596, "ThreadID": 4336}}, "Channel": "System", "Computer": "DC01", "Security": null}, "EventData": {"param1": "DHCP Client", "param2": "stopped", "Binary": "44006800630070002F0031000000"}}},
{"TimeGenerated": "2025-06-08T14:34:44.533944Z", "EventID": {"#attributes": {"Qualifiers": 16384}, "#text": 7036}, "Computer": "DC01", "RawEvent": {"#attributes": {"xmlns": "http://schemas.microsoft.com/win/2004/08/events/event"}, "System": {"Provider": {"#attributes": {"Name": "Service Control Manager", "Guid": "{555908d1-a6d7-4695-8e1e-26931d2012f4}", "EventSourceName": "Service Control Manager"}}, "EventID": {"#attributes": {"Qualifiers": 16384}, "#text": 7036}, "Version": 0, "Level": 4, "Task": 0, "Opcode": 0, "Keywords": "0x8080000000000000", "TimeCreated": {"#attributes": {"SystemTime": "2025-06-08T14:34:44.533944Z"}}, "EventRecordID": 428, "Correlation": null, "Execution": {"#attributes": {"ProcessID": 596, "ThreadID": 4336}}, "Channel": "System", "Computer": "DC01", "Security": null}, "EventData": {"param1": "State Repository Service", "param2": "stopped", "Binary": "530074006100740065005200650070006F007300690074006F00720079002F0031000000"}}},
{"TimeGenerated": "2025-06-08T14:34:44.533944Z", "EventID": {"#attributes": {"Qualifiers": 16384}, "#text": 7036}, "Computer": "DC01", "RawEvent": {"#attributes": {"xmlns": "http://schemas.microsoft.com/win/2004/08/events/event"}, "System": {"Provider": {"#attributes": {"Name": "Service Control Manager", "Guid": "{555908d1-a6d7-4695-8e1e-26931d2012f4}", "EventSourceName": "Service Control Manager"}}, "EventID": {"#attributes": {"Qualifiers": 16384}, "#text": 7036}, "Version": 0, "Level": 4, "Task": 0, "Opcode": 0, "Keywords": "0x8080000000000000", "TimeCreated": {"#attributes": {"SystemTime": "2025-06-08T14:34:44.533944Z"}}, "EventRecordID": 429, "Correlation": null, "Execution": {"#attributes": {"ProcessID": 596, "ThreadID": 4336}}, "Channel": "System", "Computer": "DC01", "Security": null}, "EventData": {"param1": "WinHTTP Web Proxy Auto-Discovery Service", "param2": "stopped", "Binary": "570069006E0048007400740070004100750074006F00500072006F00780079005300760063002F0031000000"}}},
{"TimeGenerated": "2025-06-08T14:34:44.549591Z", "EventID": {"#attributes": {"Qualifiers": 16384}, "#text": 7036}, "Computer": "DC01", "RawEvent": {"#attributes": {"xmlns": "http://schemas.microsoft.com/win/2004/08/events/event"}, "System": {"Provider": {"#attributes": {"Name": "Service Control Manager", "Guid": "{555908d1-a6d7-4695-8e1e-26931d2012f4}", "EventSourceName": "Service Control Manager"}}, "EventID": {"#attributes": {"Qualifiers": 16384}, "#text": 7036}, "Version": 0, "Level": 4, "Task": 0, "Opcode": 0, "Keywords": "0x8080000000000000", "TimeCreated": {"#attributes": {"SystemTime": "2025-06-08T14:34:44.549591Z"}}, "EventRecordID": 430, "Correlation": null, "Execution": {"#attributes": {"ProcessID": 596, "ThreadID": 4336}}, "Channel": "System", "Computer": "DC01", "Security": null}, "EventData": {"param1": "Windows Event Log", "param2": "stopped", "Binary": "4500760065006E0074004C006F0067002F0031000000"}}},
{"TimeGenerated": "2025-06-08T14:34:44.549591Z", "EventID": {"#attributes": {"Qualifiers": 16384}, "#text": 7036}, "Computer": "DC01", "RawEvent": {"#attributes": {"xmlns": "http://schemas.microsoft.com/win/2004/08/events/event"}, "System": {"Provider": {"#attributes": {"Name": "Service Control Manager", "Guid": "{555908d1-a6d7-4695-8e1e-26931d2012f4}", "EventSourceName": "Service Control Manager"}}, "EventID": {"#attributes": {"Qualifiers": 16384}, "#text": 7036}, "Version": 0, "Level": 4, "Task": 0, "Opcode": 0, "Keywords": "0x8080000000000000", "TimeCreated": {"#attributes": {"SystemTime": "2025-06-08T14:34:44.549591Z"}}, "EventRecordID": 431, "Correlation": null, "Execution": {"#attributes": {"ProcessID": 596, "ThreadID": 4336}}, "Channel": "System", "Computer": "DC01", "Security": null}, "EventData": {"param1": "Windows Update", "param2": "stopped", "Binary": "770075006100750073006500720076002F0031000000"}}},
{"TimeGenerated": "2025-06-08T14:34:44.549591Z", "EventID": {"#attributes": {"Qualifiers": 16384}, "#text": 7036}, "Computer": "DC01", "RawEvent": {"#attributes": {"xmlns": "http://schemas.microsoft.com/win/2004/08/events/event"}, "System": {"Provider": {"#attributes": {"Name": "Service Control Manager", "Guid": "{555908d1-a6d7-4695-8e1e-26931d2012f4}", "EventSourceName": "Service Control Manager"}}, "EventID": {"#attributes": {"Qualifiers": 16384}, "#text": 7036}, "Version": 0, "Level": 4, "Task": 0, "Opcode": 0, "Keywords": "0x8080000000000000", "TimeCreated": {"#attributes": {"SystemTime": "2025-06-08T14:34:44.549591Z"}}, "EventRecordID": 432, "Correlation": null, "Execution": {"#attributes": {"ProcessID": 596, "ThreadID": 4336}}, "Channel": "System", "Computer": "DC01", "Security": null}, "EventData": {"param1": "Device Setup Manager", "param2": "stopped", "Binary": "440073006D005300760063002F0031000000"}}},
{"TimeGenerated": "2025-06-08T14:34:44.565271Z", "EventID": {"#attributes": {"Qualifiers": 16384}, "#text": 7036}, "Computer": "DC01", "RawEvent": {"#attributes": {"xmlns": "http://schemas.microsoft.com/win/2004/08/events/event"}, "System": {"Provider": {"#attributes": {"Name": "Service Control Manager", "Guid": "{555908d1-a6d7-4695-8e1e-26931d2012f4}", "EventSourceName": "Service Control Manager"}}, "EventID": {"#attributes": {"Qualifiers": 16384}, "#text": 7036}, "Version": 0, "Level": 4, "Task": 0, "Opcode": 0, "Keywords": "0x8080000000000000", "TimeCreated": {"#attributes": {"SystemTime": "2025-06-08T14:34:44.565271Z"}}, "EventRecordID": 433, "Correlation": null, "Execution": {"#attributes": {"ProcessID": 596, "ThreadID": 4336}}, "Channel": "System", "Computer": "DC01", "Security": null}, "EventData": {"param1": "Windows Connection Manager", "param2": "stopped", "Binary": "570063006D007300760063002F0031000000"}}},
{"TimeGenerated": "2025-06-08T14:34:44.597308Z", "EventID": {"#attributes": {"Qualifiers": 16384}, "#text": 7036}, "Computer": "DC01", "RawEvent": {"#attributes": {"xmlns": "http://schemas.microsoft.com/win/2004/08/events/event"}, "System": {"Provider": {"#attributes": {"Name": "Service Control Manager", "Guid": "{555908d1-a6d7-4695-8e1e-26931d2012f4}", "EventSourceName": "Service Control Manager"}}, "EventID": {"#attributes": {"Qualifiers": 16384}, "#text": 7036}, "Version": 0, "Level": 4, "Task": 0, "Opcode": 0, "Keywords": "0x8080000000000000", "TimeCreated": {"#attributes": {"SystemTime": "2025-06-08T14:34:44.597308Z"}}, "EventRecordID": 434, "Correlation": null, "Execution": {"#attributes": {"ProcessID": 596, "ThreadID": 3832}}, "Channel": "System", "Computer": "DC01", "Security": null}, "EventData": {"param1": "Task Scheduler", "param2": "stopped", "Binary": "5300630068006500640075006C0065002F0031000000"}}},
{"TimeGenerated": "2025-06-08T14:34:44.597308Z", "EventID": {"#attributes": {"Qualifiers": 16384}, "#text": 7036}, "Computer": "DC01", "RawEvent": {"#attributes": {"xmlns": "http://schemas.microsoft.com/win/2004/08/events/event"}, "System": {"Provider": {"#attributes": {"Name": "Service Control Manager", "Guid": "{555908d1-a6d7-4695-8e1e-26931d2012f4}", "EventSourceName": "Service Control Manager"}}, "EventID": {"#attributes": {"Qualifiers": 16384}, "#text": 7036}, "Version": 0, "Level": 4, "Task": 0, "Opcode": 0, "Keywords": "0x8080000000000000", "TimeCreated": {"#attributes": {"SystemTime": "2025-06-08T14:34:44.597308Z"}}, "EventRecordID": 435, "Correlation": null, "Execution": {"#attributes": {"ProcessID": 596, "ThreadID": 2264}}, "Channel": "System", "Computer": "DC01", "Security": null}, "EventData": {"param1": "Windows Remote Management (WS-Management)", "param2": "stopped", "Binary": "570069006E0052004D002F0031000000"}}},
{"TimeGenerated": "2025-06-08T14:34:44.627723Z", "EventID": {"#attributes": {"Qualifiers": 16384}, "#text": 7036}, "Computer": "DC01", "RawEvent": {"#attributes": {"xmlns": "http://schemas.microsoft.com/win/2004/08/events/event"}, "System": {"Provider": {"#attributes": {"Name": "Service Control Manager", "Guid": "{555908d1-a6d7-4695-8e1e-26931d2012f4}", "EventSourceName": "Service Control Manager"}}, "EventID": {"#attributes": {"Qualifiers": 16384}, "#text": 7036}, "Version": 0, "Level": 4, "Task": 0, "Opcode": 0, "Keywords": "0x8080000000000000", "TimeCreated": {"#attributes": {"SystemTime": "2025-06-08T14:34:44.627723Z"}}, "EventRecordID": 436, "Correlation": null, "Execution": {"#attributes": {"ProcessID": 596, "ThreadID": 2264}}, "Channel": "System", "Computer": "DC01", "Security": null}, "EventData": {"param1": "Windows Defender Antivirus Service", "param2": "stopped", "Binary": "570069006E0044006500660065006E0064002F0031000000"}}},
{"TimeGenerated": "2025-06-08T14:34:45.276763Z", "EventID": {"#attributes": {"Qualifiers": 16384}, "#text": 7036}, "Computer": "DC01", "RawEvent": {"#attributes": {"xmlns": "http://schemas.microsoft.com/win/2004/08/events/event"}, "System": {"Provider": {"#attributes": {"Name": "Service Control Manager", "Guid": "{555908d1-a6d7-4695-8e1e-26931d2012f4}", "EventSourceName": "Service Control Manager"}}, "EventID": {"#attributes": {"Qualifiers": 16384}, "#text": 7036}, "Version": 0, "Level": 4, "Task": 0, "Opcode": 0, "Keywords": "0x8080000000000000", "TimeCreated": {"#attributes": {"SystemTime": "2025-06-08T14:34:45.276763Z"}}, "EventRecordID": 437, "Correlation": null, "Execution": {"#attributes": {"ProcessID": 596, "ThreadID": 3832}}, "Channel": "System", "Computer": "DC01", "Security": null}, "EventData": {"param1": "WMI Performance Adapter", "param2": "stopped", "Binary": "77006D006900410070005300720076002F0031000000"}}},
{"TimeGenerated": "2025-06-08T14:34:45.373690Z", "EventID": {"#attributes": {"Qualifiers": 16384}, "#text": 7036}, "Computer": "DC01", "RawEvent": {"#attributes": {"xmlns": "http://schemas.microsoft.com/win/2004/08/events/event"}, "System": {"Provider": {"#attributes": {"Name": "Service Control Manager", "Guid": "{555908d1-a6d7-4695-8e1e-26931d2012f4}", "EventSourceName": "Service Control Manager"}}, "EventID": {"#attributes": {"Qualifiers": 16384}, "#text": 7036}, "Version": 0, "Level": 4, "Task": 0, "Opcode": 0, "Keywords": "0x8080000000000000", "TimeCreated": {"#attributes": {"SystemTime": "2025-06-08T14:34:45.373690Z"}}, "EventRecordID": 438, "Correlation": null, "Execution": {"#attributes": {"ProcessID": 596, "ThreadID": 3832}}, "Channel": "System", "Computer": "DC01", "Security": null}, "EventData": {"param1": "Portable Device Enumerator Service", "param2": "stopped", "Binary": "57005000440042007500730045006E0075006D002F0031000000"}}},
{"TimeGenerated": "2025-06-08T14:34:45.516913Z", "EventID": {"#attributes": {"Qualifiers": 16384}, "#text": 7036}, "Computer": "DC01", "RawEvent": {"#attributes": {"xmlns": "http://schemas.microsoft.com/win/2004/08/events/event"}, "System": {"Provider": {"#attributes": {"Name": "Service Control Manager", "Guid": "{555908d1-a6d7-4695-8e1e-26931d2012f4}", "EventSourceName": "Service Control Manager"}}, "EventID": {"#attributes": {"Qualifiers": 16384}, "#text": 7036}, "Version": 0, "Level": 4, "Task": 0, "Opcode": 0, "Keywords": "0x8080000000000000", "TimeCreated": {"#attributes": {"SystemTime": "2025-06-08T14:34:45.516913Z"}}, "EventRecordID": 439, "Correlation": null, "Execution": {"#attributes": {"ProcessID": 596, "ThreadID": 3832}}, "Channel": "System", "Computer": "DC01", "Security": null}, "EventData": {"param1": "Function Discovery Resource Publication", "param2": "stopped", "Binary": "460044005200650073005000750062002F0031000000"}}},
{"TimeGenerated": "2025-06-08T14:34:45.768348Z", "EventID": {"#attributes": {"Qualifiers": 16384}, "#text": 7036}, "Computer": "DC01", "RawEvent": {"#attributes": {"xmlns": "http://schemas.microsoft.com/win/2004/08/events/event"}, "System": {"Provider": {"#attributes": {"Name": "Service Control Manager", "Guid": "{555908d1-a6d7-4695-8e1e-26931d2012f4}", "EventSourceName": "Service Control Manager"}}, "EventID": {"#attributes": {"Qualifiers": 16384}, "#text": 7036}, "Version": 0, "Level": 4, "Task": 0, "Opcode": 0, "Keywords": "0x8080000000000000", "TimeCreated": {"#attributes": {"SystemTime": "2025-06-08T14:34:45.768348Z"}}, "EventRecordID": 440, "Correlation": null, "Execution": {"#attributes": {"ProcessID": 596, "ThreadID": 2264}}, "Channel": "System", "Computer": "DC01", "Security": null}, "EventData": {"param1": "Cryptographic Services", "param2": "stopped", "Binary": "430072007900700074005300760063002F0031000000"}}},
{"TimeGenerated": "2025-06-08T14:34:45.869491Z", "EventID": 109, "Computer": "DC01", "RawEvent": {"#attributes": {"xmlns": "http://schemas.microsoft.com/win/2004/08/events/event"}, "System": {"Provider": {"#attributes": {"Name": "Microsoft-Windows-Kernel-Power", "Guid": "331C3B3A-2005-44C2-AC5E-77220C37D6B4"}}, "EventID": 109, "Version": 0, "Level": 4, "Task": 103, "Opcode": 0, "Keywords": "0x8000400000000404", "TimeCreated": {"#attributes": {"SystemTime": "2025-06-08T14:34:45.869491Z"}}, "EventRecordID": 441, "Correlation": null, "Execution": {"#attributes": {"ProcessID": 460, "ThreadID": 464}}, "Channel": "System", "Computer": "DC01", "Security": null}, "EventData": {"ShutdownActionType": 5, "ShutdownEventCode": 0, "ShutdownReason": 5}}},
{"TimeGenerated": "2025-06-08T14:34:46.008788Z", "EventID": 13, "Computer": "DC01", "RawEvent": {"#attributes": {"xmlns": "http://schemas.microsoft.com/win/2004/08/events/event"}, "System": {"Provider": {"#attributes": {"Name": "Microsoft-Windows-Kernel-General", "Guid": "A68CA8B7-004F-D7B6-A698-07E2DE0F1F5D"}}, "EventID": 13, "Version": 0, "Level": 4, "Task": 2, "Opcode": 0, "Keywords": "0x8000000000000080", "TimeCreated": {"#attributes": {"SystemTime": "2025-06-08T14:34:46.008788Z"}}, "EventRecordID": 442, "Correlation": null, "Execution": {"#attributes": {"ProcessID": 4, "ThreadID": 3480}}, "Channel": "System", "Computer": "DC01", "Security": null}, "EventData": {"StopTime": "2025-06-08T14:34:46.008786Z"}}},
{"TimeGenerated": "2025-06-08T14:34:50.754691Z", "EventID": 12, "Computer": "DC01", "RawEvent": {"#attributes": {"xmlns": "http://schemas.microsoft.com/win/2004/08/events/event"}, "System": {"Provider": {"#attributes": {"Name": "Microsoft-Windows-Kernel-General", "Guid": "A68CA8B7-004F-D7B6-A698-07E2DE0F1F5D"}}, "EventID": 12, "Version": 0, "Level": 4, "Task": 1, "Opcode": 0, "Keywords": "0x8000000000000080", "TimeCreated": {"#attributes": {"SystemTime": "2025-06-08T14:34:50.754691Z"}}, "EventRecordID": 443, "Correlation": null, "Execution": {"#attributes": {"ProcessID": 4, "ThreadID": 8}}, "Channel": "System", "Computer": "DC01", "Security": {"#attributes": {"UserID": "S-1-5-18"}}}, "EventData": {"MajorVersion": 10, "MinorVersion": 0, "BuildVersion": 17763, "QfeVersion": 3650, "ServiceVersion": 0, "BootMode": 0, "StartTime": "2025-06-08T14:34:50.500000Z"}}},
{"TimeGenerated": "2025-06-08T14:34:50.754718Z", "EventID": 153, "Computer": "DC01", "RawEvent": {"#attributes": {"xmlns": "http://schemas.microsoft.com/win/2004/08/events/event"}, "System": {"Provider": {"#attributes": {"Name": "Microsoft-Windows-Kernel-Boot", "Guid": "15CA44FF-4D7A-4BAA-BBA5-0998955E531E"}}, "EventID": 153, "Version": 0, "Level": 4, "Task": 62, "Opcode": 0, "Keywords": "0x8000000000000000", "TimeCreated": {"#attributes": {"SystemTime": "2025-06-08T14:34:50.754718Z"}}, "EventRecordID": 444, "Correlation": null, "Execution": {"#attributes": {"ProcessID": 4, "ThreadID": 8}}, "Channel": "System", "Computer": "DC01", "Security": {"#attributes": {"UserID": "S-1-5-18"}}}, "EventData": {"Status": 0, "EnableDisableReason": 0, "VsmPolicy": 0}}},
{"TimeGenerated": "2025-06-08T14:34:50.754753Z", "EventID": 20, "Computer": "DC01", "RawEvent": {"#attributes": {"xmlns": "http://schemas.microsoft.com/win/2004/08/events/event"}, "System": {"Provider": {"#attributes": {"Name": "Microsoft-Windows-Kernel-Boot", "Guid": "15CA44FF-4D7A-4BAA-BBA5-0998955E531E"}}, "EventID": 20, "Version": 1, "Level": 4, "Task": 31, "Opcode": 0, "Keywords": "0x8000000000000000", "TimeCreated": {"#attributes": {"SystemTime": "2025-06-08T14:34:50.754753Z"}}, "EventRecordID": 445, "Correlation": null, "Execution": {"#attributes": {"ProcessID": 4, "ThreadID": 8}}, "Channel": "System", "Computer": "DC01", "Security": {"#attributes": {"UserID": "S-1-5-18"}}}, "EventData": {"LastShutdownGood": true, "LastBootGood": true, "LastBootId": 1, "BootStatusPolicy": 2}}},
{"TimeGenerated": "2025-06-08T14:34:50.754774Z", "EventID": 25, "Computer": "DC01", "RawEvent": {"#attributes": {"xmlns": "http://schemas.microsoft.com/win/2004/08/events/event"}, "System": {"Provider": {"#attributes": {"Name": "Microsoft-Windows-Kernel-Boot", "Guid": "15CA44FF-4D7A-4BAA-BBA5-0998955E531E"}}, "EventID": 25, "Version": 0, "Level": 4, "Task": 32, "Opcode": 0, "Keywords": "0x8000000000000000", "TimeCreated": {"#attributes": {"SystemTime": "2025-06-08T14:34:50.754774Z"}}, "EventRecordID": 446, "Correlation": null, "Execution": {"#attributes": {"ProcessID": 4, "ThreadID": 8}}, "Channel": "System", "Computer": "DC01", "Security": {"#attributes": {"UserID": "S-1-5-18"}}}, "EventData": {"BootMenuPolicy": 0}}},
{"TimeGenerated": "2025-06-08T14:34:50.754774Z", "EventID": 27, "Computer": "DC01", "RawEvent": {"#attributes": {"xmlns": "http://schemas.microsoft.com/win/2004/08/events/event"}, "System": {"Provider": {"#attributes": {"Name": "Microsoft-Windows-Kernel-Boot", "Guid": "15CA44FF-4D7A-4BAA-BBA5-0998955E531E"}}, "EventID": 27, "Version": 1, "Level": 4, "Task": 33, "Opcode": 0, "Keywords": "0x8000000000000000", "TimeCreated": {"#attributes": {"SystemTime": "2025-06-08T14:34:50.754774Z"}}, "EventRecordID": 447, "Correlation": null, "Execution": {"#attributes": {"ProcessID": 4, "ThreadID": 8}}, "Channel": "System", "Computer": "DC01", "Security": {"#attributes": {"UserID": "S-1-5-18"}}}, "EventData": {"BootType": 0, "LoadOptions": " NOEXECUTE=OPTOUT"}}},
{"TimeGenerated": "2025-06-08T14:34:50.754800Z", "EventID": 18, "Computer": "DC01", "RawEvent": {"#attributes": {"xmlns": "http://schemas.microsoft.com/win/2004/08/events/event"}, "System": {"Provider": {"#attributes": {"Name": "Microsoft-Windows-Kernel-Boot", "Guid": "15CA44FF-4D7A-4BAA-BBA5-0998955E531E"}}, "EventID": 18, "Version": 0, "Level": 4, "Task": 57, "Opcode": 0, "Keywords": "0x8000000000000000", "TimeCreated": {"#attributes": {"SystemTime": "2025-06-08T14:34:50.754800Z"}}, "EventRecordID": 448, "Correlation": null, "Execution": {"#attributes": {"ProcessID": 4, "ThreadID": 8}}, "Channel": "System", "Computer": "DC01", "Security": {"#attributes": {"UserID": "S-1-5-18"}}}, "EventData": {"EntryCount": 1}}},
{"TimeGenerated": "2025-06-08T14:34:50.754811Z", "EventID": 32, "Computer": "DC01", "RawEvent": {"#attributes": {"xmlns": "http://schemas.microsoft.com/win/2004/08/events/event"}, "System": {"Provider": {"#attributes": {"Name": "Microsoft-Windows-Kernel-Boot", "Guid": "15CA44FF-4D7A-4BAA-BBA5-0998955E531E"}}, "EventID": 32, "Version": 0, "Level": 4, "Task": 58, "Opcode": 0, "Keywords": "0x8000000000000000", "TimeCreated": {"#attributes": {"SystemTime": "2025-06-08T14:34:50.754811Z"}}, "EventRecordID": 449, "Correlation": null, "Execution": {"#attributes": {"ProcessID": 4, "ThreadID": 8}}, "Channel": "System", "Computer": "DC01", "Security": {"#attributes": {"UserID": "S-1-5-18"}}}, "EventData": {"BitlockerUserInputTime": 0}}},
{"TimeGenerated": "2025-06-08T14:34:50.755954Z", "EventID": 20, "Computer": "DC01", "RawEvent": {"#attributes": {"xmlns": "http://schemas.microsoft.com/win/2004/08/events/event"}, "System": {"Provider": {"#attributes": {"Name": "Microsoft-Windows-Kernel-General", "Guid": "A68CA8B7-004F-D7B6-A698-07E2DE0F1F5D"}}, "EventID": 20, "Version": 0, "Level": 4, "Task": 6, "Opcode": 0, "Keywords": "0x8000000000000010", "TimeCreated": {"#attributes": {"SystemTime": "2025-06-08T14:34:50.755954Z"}}, "EventRecordID": 450, "Correlation": null, "Execution": {"#attributes": {"ProcessID": 4, "ThreadID": 8}}, "Channel": "System", "Computer": "DC01", "Security": {"#attributes": {"UserID": "S-1-5-18"}}}, "EventData": {"UpdateReason": 0, "EnabledNew": true, "CountNew": 0, "CountOld": 0}}},
{"TimeGenerated": "2025-06-08T14:34:52.552926Z", "EventID": {"#attributes": {"Qualifiers": 16392}, "#text": 3}, "Computer": "DC01", "RawEvent": {"#attributes": {"xmlns": "http://schemas.microsoft.com/win/2004/08/events/event"}, "System": {"Provider": {"#attributes": {"Name": "vmci"}}, "EventID": {"#attributes": {"Qualifiers": 16392}, "#text": 3}, "Level": 4, "Task": 0, "Keywords": "0x80000000000000", "TimeCreated": {"#attributes": {"SystemTime": "2025-06-08T14:34:52.552926Z"}}, "EventRecordID": 451, "Channel": "System", "Computer": "DC01", "Security": null}, "EventData": {"Data": {"#text": ["", "VMCI: Using capabilities (0x1c).\n"]}, "Binary": "00000000020028000000000003000840030008400000000000000000000000000000000000000000"}}},
{"TimeGenerated": "2025-06-08T14:34:55.235863Z", "EventID": 6, "Computer": "DC01", "RawEvent": {"#attributes": {"xmlns": "http://schemas.microsoft.com/win/2004/08/events/event"}, "System": {"Provider": {"#attributes": {"Name": "Microsoft-Windows-FilterManager", "Guid": "F3C5E28E-63F6-49C7-A204-E48A1BC4B09D"}}, "EventID": 6, "Version": 0, "Level": 4, "Task": 0, "Opcode": 0, "Keywords": "0x8000000000000000", "TimeCreated": {"#attributes": {"SystemTime": "2025-06-08T14:34:55.235863Z"}}, "EventRecordID": 452, "Correlation": null, "Execution": {"#attributes": {"ProcessID": 4, "ThreadID": 8}}, "Channel": "System", "Computer": "DC01", "Security": {"#attributes": {"UserID": "S-1-5-18"}}}, "EventData": {"FinalStatus": "0x0", "DeviceVersionMajor": 10, "DeviceVersionMinor": 0, "DeviceNameLength": 3, "DeviceName": "Wof", "DeviceTime": "2025-03-23T16:48:00.000000Z"}}},
{"TimeGenerated": "2025-06-08T14:34:55.236309Z", "EventID": 6, "Computer": "DC01", "RawEvent": {"#attributes": {"xmlns": "http://schemas.microsoft.com/win/2004/08/events/event"}, "System": {"Provider": {"#attributes": {"Name": "Microsoft-Windows-FilterManager", "Guid": "F3C5E28E-63F6-49C7-A204-E48A1BC4B09D"}}, "EventID": 6, "Version": 0, "Level": 4, "Task": 0, "Opcode": 0, "Keywords": "0x8000000000000000", "TimeCreated": {"#attributes": {"SystemTime": "2025-06-08T14:34:55.236309Z"}}, "EventRecordID": 453, "Correlation": null, "Execution": {"#attributes": {"ProcessID": 4, "ThreadID": 8}}, "Channel": "System", "Computer": "DC01", "Security": {"#attributes": {"UserID": "S-1-5-18"}}}, "EventData": {"FinalStatus": "0x0", "DeviceVersionMajor": 10, "DeviceVersionMinor": 0, "DeviceNameLength": 8, "DeviceName": "WdFilter", "DeviceTime": "2070-12-04T12:41:44.000000Z"}}},
{"TimeGenerated": "2025-06-08T14:34:55.266633Z", "EventID": 98, "Computer": "DC01", "RawEvent": {"#attributes": {"xmlns": "http://schemas.microsoft.com/win/2004/08/events/event"}, "System": {"Provider": {"#attributes": {"Name": "Microsoft-Windows-Ntfs", "Guid": "3FF37A1C-A68D-4D6E-8C9B-F79E8B16C482"}}, "EventID": 98, "Version": 0, "Level": 4, "Task": 0, "Opcode": 0, "Keywords": "0x8000000000000002", "TimeCreated": {"#attributes": {"SystemTime": "2025-06-08T14:34:55.266633Z"}}, "EventRecordID": 454, "Correlation": null, "Execution": {"#attributes": {"ProcessID": 4, "ThreadID": 208}}, "Channel": "System", "Computer": "DC01", "Security": {"#attributes": {"UserID": "S-1-5-18"}}}, "EventData": {"DriveName": "C:", "DeviceName": "\\Device\\HarddiskVolume4", "CorruptionActionState": 0}}},
{"TimeGenerated": "2025-06-08T14:34:55.289135Z", "EventID": 6, "Computer": "DC01", "RawEvent": {"#attributes": {"xmlns": "http://schemas.microsoft.com/win/2004/08/events/event"}, "System": {"Provider": {"#attributes": {"Name": "Microsoft-Windows-FilterManager", "Guid": "F3C5E28E-63F6-49C7-A204-E48A1BC4B09D"}}, "EventID": 6, "Version": 0, "Level": 4, "Task": 0, "Opcode": 0, "Keywords": "0x8000000000000000", "TimeCreated": {"#attributes": {"SystemTime": "2025-06-08T14:34:55.289135Z"}}, "EventRecordID": 455, "Correlation": null, "Execution": {"#attributes": {"ProcessID": 4, "ThreadID": 8}}, "Channel": "System", "Computer": "DC01", "Security": {"#attributes": {"UserID": "S-1-5-18"}}}, "EventData": {"FinalStatus": "0x0", "DeviceVersionMajor": 10, "DeviceVersionMinor": 0, "DeviceNameLength": 9, "DeviceName": "FileCrypt", "DeviceTime": "2034-08-13T07:30:12.000000Z"}}},
{"TimeGenerated": "2025-06-08T14:34:55.342204Z", "EventID": 6, "Computer": "DC01", "RawEvent": {"#attributes": {"xmlns": "http://schemas.microsoft.com/win/2004/08/events/event"}, "System": {"Provider": {"#attributes": {"Name": "Microsoft-Windows-FilterManager", "Guid": "F3C5E28E-63F6-49C7-A204-E48A1BC4B09D"}}, "EventID": 6, "Version": 0, "Level": 4, "Task": 0, "Opcode": 0, "Keywords": "0x8000000000000000", "TimeCreated": {"#attributes": {"SystemTime": "2025-06-08T14:34:55.342204Z"}}, "EventRecordID": 456, "Correlation": null, "Execution": {"#attributes": {"ProcessID": 4, "ThreadID": 8}}, "Channel": "System", "Computer": "DC01", "Security": {"#attributes": {"UserID": "S-1-5-18"}}}, "EventData": {"FinalStatus": "0x0", "DeviceVersionMajor": 10, "DeviceVersionMinor": 0, "DeviceNameLength": 9, "DeviceName": "npsvctrig", "DeviceTime": "2037-02-22T23:11:04.000000Z"}}},
{"TimeGenerated": "2025-06-08T14:34:55.364295Z", "EventID": 172, "Computer": "DC01", "RawEvent": {"#attributes": {"xmlns": "http://schemas.microsoft.com/win/2004/08/events/event"}, "System": {"Provider": {"#attributes": {"Name": "Microsoft-Windows-Kernel-Power", "Guid": "331C3B3A-2005-44C2-AC5E-77220C37D6B4"}}, "EventID": 172, "Version": 0, "Level": 4, "Task": 203, "Opcode": 0, "Keywords": "0x8000000000000404", "TimeCreated": {"#attributes": {"SystemTime": "2025-06-08T14:34:55.364295Z"}}, "EventRecordID": 457, "Correlation": null, "Execution": {"#attributes": {"ProcessID": 4, "ThreadID": 240}}, "Channel": "System", "Computer": "DC01", "Security": {"#attributes": {"UserID": "S-1-5-18"}}}, "EventData": {"State": 2, "Reason": 6}}},
{"TimeGenerated": "2025-06-08T14:34:55.507765Z", "EventID": 55, "Computer": "DC01", "RawEvent": {"#attributes": {"xmlns": "http://schemas.microsoft.com/win/2004/08/events/event"}, "System": {"Provider": {"#attributes": {"Name": "Microsoft-Windows-Kernel-Processor-Power", "Guid": "0F67E49F-FE51-4E9F-B490-6F2948CC6027"}}, "EventID": 55, "Version": 0, "Level": 4, "Task": 47, "Opcode": 0, "Keywords": "0x8000000000000000", "TimeCreated": {"#attributes": {"SystemTime": "2025-06-08T14:34:55.507765Z"}}, "EventRecordID": 458, "Correlation": null, "Execution": {"#attributes": {"ProcessID": 4, "ThreadID": 208}}, "Channel": "System", "Computer": "DC01", "Security": {"#attributes": {"UserID": "S-1-5-18"}}}, "EventData": {"Group": 0, "Number": 0, "IdleStateCount": 1, "IdleImplementation": 1, "NominalFrequency": 3400, "MaximumPerformancePercent": 100, "MinimumPerformancePercent": 100, "MinimumThrottlePercent": 100, "PerformanceImplementation": 0}}},
{"TimeGenerated": "2025-06-08T14:34:55.508168Z", "EventID": 55, "Computer": "DC01", "RawEvent": {"#attributes": {"xmlns": "http://schemas.microsoft.com/win/2004/08/events/event"}, "System": {"Provider": {"#attributes": {"Name": "Microsoft-Windows-Kernel-Processor-Power", "Guid": "0F67E49F-FE51-4E9F-B490-6F2948CC6027"}}, "EventID": 55, "Version": 0, "Level": 4, "Task": 47, "Opcode": 0, "Keywords": "0x8000000000000000", "TimeCreated": {"#attributes": {"SystemTime": "2025-06-08T14:34:55.508168Z"}}, "EventRecordID": 459, "Correlation": null, "Execution": {"#attributes": {"ProcessID": 4, "ThreadID": 208}}, "Channel": "System", "Computer": "DC01", "Security": {"#attributes": {"UserID": "S-1-5-18"}}}, "EventData": {"Group": 0, "Number": 1, "IdleStateCount": 1, "IdleImplementation": 1, "NominalFrequency": 3400, "MaximumPerformancePercent": 100, "MinimumPerformancePercent": 100, "MinimumThrottlePercent": 100, "PerformanceImplementation": 0}}},
{"TimeGenerated": "2025-06-08T14:34:55.789893Z", "EventID": {"#attributes": {"Qualifiers": 24580}, "#text": 32}, "Computer": "DC01", "RawEvent": {"#attributes": {"xmlns": "http://schemas.microsoft.com/win/2004/08/events/event"}, "System": {"Provider": {"#attributes": {"Name": "e1iexpress"}}, "EventID": {"#attributes": {"Qualifiers": 24580}, "#text": 32}, "Level": 4, "Task": 0, "Keywords": "0x80000000000000", "TimeCreated": {"#attributes": {"SystemTime": "2025-06-08T14:34:55.789893Z"}}, "EventRecordID": 460, "Channel": "System", "Computer": "DC01", "Security": null}, "EventData": {"Data": {"#text": ["", "Intel(R) 82574L Gigabit Network Connection"]}, "Binary": "0000040002003000000000002000046000000000000000000000000000000000000000000000000020000460"}}},
{"TimeGenerated": "2025-06-08T14:34:55.806560Z", "EventID": 98, "Computer": "DC01", "RawEvent": {"#attributes": {"xmlns": "http://schemas.microsoft.com/win/2004/08/events/event"}, "System": {"Provider": {"#attributes": {"Name": "Microsoft-Windows-Ntfs", "Guid": "3FF37A1C-A68D-4D6E-8C9B-F79E8B16C482"}}, "EventID": 98, "Version": 0, "Level": 4, "Task": 0, "Opcode": 0, "Keywords": "0x8000000000000002", "TimeCreated": {"#attributes": {"SystemTime": "2025-06-08T14:34:55.806560Z"}}, "EventRecordID": 461, "Correlation": null, "Execution": {"#attributes": {"ProcessID": 4, "ThreadID": 208}}, "Channel": "System", "Computer": "DC01", "Security": {"#attributes": {"UserID": "S-1-5-18"}}}, "EventData": {"DriveName": "\\\\?\\Volume{b201937d-6d9a-48d9-97d0-8c62ad1c9720}", "DeviceName": "\\Device\\HarddiskVolume1", "CorruptionActionState": 0}}},
{"TimeGenerated": "2025-06-08T14:34:55.813719Z", "EventID": 16, "Computer": "DC01", "RawEvent": {"#attributes": {"xmlns": "http://schemas.microsoft.com/win/2004/08/events/event"}, "System": {"Provider": {"#attributes": {"Name": "Microsoft-Windows-Kernel-General", "Guid": "A68CA8B7-004F-D7B6-A698-07E2DE0F1F5D"}}, "EventID": 16, "Version": 0, "Level": 4, "Task": 0, "Opcode": 0, "Keywords": "0x8000000000000000", "TimeCreated": {"#attributes": {"SystemTime": "2025-06-08T14:34:55.813719Z"}}, "EventRecordID": 462, "Correlation": null, "Execution": {"#attributes": {"ProcessID": 272, "ThreadID": 276}}, "Channel": "System", "Computer": "DC01", "Security": {"#attributes": {"UserID": "S-1-5-18"}}}, "EventData": {"HiveNameLength": 46, "HiveName": "\\Device\\HarddiskVolume2\\EFI\\Microsoft\\Boot\\BCD", "KeysUpdated": 100, "DirtyPages": 5}}},
{"TimeGenerated": "2025-06-08T14:34:57.265106Z", "EventID": 15, "Computer": "DC01", "RawEvent": {"#attributes": {"xmlns": "http://schemas.microsoft.com/win/2004/08/events/event"}, "System": {"Provider": {"#attributes": {"Name": "Microsoft-Windows-Kernel-General", "Guid": "A68CA8B7-004F-D7B6-A698-07E2DE0F1F5D"}}, "EventID": 15, "Version": 0, "Level": 4, "Task": 0, "Opcode": 0, "Keywords": "0x8000000000000000", "TimeCreated": {"#attributes": {"SystemTime": "2025-06-08T14:34:57.265106Z"}}, "EventRecordID": 463, "Correlation": null, "Execution": {"#attributes": {"ProcessID": 88, "ThreadID": 348}}, "Channel": "System", "Computer": "DC01", "Security": {"#attributes": {"UserID": "S-1-5-18"}}}, "EventData": {"HiveNameLength": 36, "HiveName": "\\SystemRoot\\System32\\Config\\SOFTWARE", "OriginalSize": 81473536, "NewSize": 81444864}}},
{"TimeGenerated": "2025-06-08T14:34:57.282364Z", "EventID": 16, "Computer": "DC01", "RawEvent": {"#attributes": {"xmlns": "http://schemas.microsoft.com/win/2004/08/events/event"}, "System": {"Provider": {"#attributes": {"Name": "Microsoft-Windows-Kernel-General", "Guid": "A68CA8B7-004F-D7B6-A698-07E2DE0F1F5D"}}, "EventID": 16, "Version": 0, "Level": 4, "Task": 0, "Opcode": 0, "Keywords": "0x8000000000000000", "TimeCreated": {"#attributes": {"SystemTime": "2025-06-08T14:34:57.282364Z"}}, "EventRecordID": 464, "Correlation": null, "Execution": {"#attributes": {"ProcessID": 88, "ThreadID": 356}}, "Channel": "System", "Computer": "DC01", "Security": {"#attributes": {"UserID": "S-1-5-18"}}}, "EventData": {"HiveNameLength": 35, "HiveName": "\\SystemRoot\\System32\\Config\\DEFAULT", "KeysUpdated": 257, "DirtyPages": 23}}},
{"TimeGenerated": "2025-06-08T14:34:57.282821Z", "EventID": 16, "Computer": "DC01", "RawEvent": {"#attributes": {"xmlns": "http://schemas.microsoft.com/win/2004/08/events/event"}, "System": {"Provider": {"#attributes": {"Name": "Microsoft-Windows-Kernel-General", "Guid": "A68CA8B7-004F-D7B6-A698-07E2DE0F1F5D"}}, "EventID": 16, "Version": 0, "Level": 4, "Task": 0, "Opcode": 0, "Keywords": "0x8000000000000000", "TimeCreated": {"#attributes": {"SystemTime": "2025-06-08T14:34:57.282821Z"}}, "EventRecordID": 465, "Correlation": null, "Execution": {"#attributes": {"ProcessID": 88, "ThreadID": 360}}, "Channel": "System", "Computer": "DC01", "Security": {"#attributes": {"UserID": "S-1-5-18"}}}, "EventData": {"HiveNameLength": 31, "HiveName": "\\SystemRoot\\System32\\Config\\SAM", "KeysUpdated": 89, "DirtyPages": 8}}},
{"TimeGenerated": "2025-06-08T14:34:57.283410Z", "EventID": 16, "Computer": "DC01", "RawEvent": {"#attributes": {"xmlns": "http://schemas.microsoft.com/win/2004/08/events/event"}, "System": {"Provider": {"#attributes": {"Name": "Microsoft-Windows-Kernel-General", "Guid": "A68CA8B7-004F-D7B6-A698-07E2DE0F1F5D"}}, "EventID": 16, "Version": 0, "Level": 4, "Task": 0, "Opcode": 0, "Keywords": "0x8000000000000000", "TimeCreated": {"#attributes": {"SystemTime": "2025-06-08T14:34:57.283410Z"}}, "EventRecordID": 466, "Correlation": null, "Execution": {"#attributes": {"ProcessID": 88, "ThreadID": 344}}, "Channel": "System", "Computer": "DC01", "Security": {"#attributes": {"UserID": "S-1-5-18"}}}, "EventData": {"HiveNameLength": 36, "HiveName": "\\SystemRoot\\System32\\Config\\SECURITY", "KeysUpdated": 90, "DirtyPages": 4}}},
{"TimeGenerated": "2025-06-08T14:34:57.565758Z", "EventID": 14, "Computer": "DC01", "RawEvent": {"#attributes": {"xmlns": "http://schemas.microsoft.com/win/2004/08/events/event"}, "System": {"Provider": {"#attributes": {"Name": "Microsoft-Windows-Wininit", "Guid": "206F6DEA-D3C5-4D10-BC72-989F03C8B84B"}}, "EventID": 14, "Version": 0, "Level": 4, "Task": 0, "Opcode": 0, "Keywords": "0x4000000000000000", "TimeCreated": {"#attributes": {"SystemTime": "2025-06-08T14:34:57.565758Z"}}, "EventRecordID": 467, "Correlation": null, "Execution": {"#attributes": {"ProcessID": 500, "ThreadID": 504}}, "Channel": "System", "Computer": "DC01", "Security": {"#attributes": {"UserID": "S-1-5-18"}}}, "EventData": {"Config": 0, "IsTestConfig": 0}}},
{"TimeGenerated": "2025-06-08T14:34:57.629416Z", "EventID": 16962, "Computer": "DC01", "RawEvent": {"#attributes": {"xmlns": "http://schemas.microsoft.com/win/2004/08/events/event"}, "System": {"Provider": {"#attributes": {"Name": "Microsoft-Windows-Directory-Services-SAM", "Guid": "0D4FDC09-8C27-494A-BDA0-505E4FD8ADAE"}}, "EventID": 16962, "Version": 0, "Level": 4, "Task": 0, "Opcode": 0, "Keywords": "0x8000000000000000", "TimeCreated": {"#attributes": {"SystemTime": "2025-06-08T14:34:57.629416Z"}}, "EventRecordID": 468, "Correlation": {"#attributes": {"ActivityID": "7DEA0792-D882-0000-7709-EA7D82D8DB01"}}, "Execution": {"#attributes": {"ProcessID": 640, "ThreadID": 644}}, "Channel": "System", "Computer": "DC01", "Security": {"#attributes": {"UserID": "S-1-5-18"}}}, "EventData": {"#attributes": {"Name": "SAMMSG_RESTRICT_REMOTE_SAM_DEFAULT_SD"}, "Default SD String:": "O:SYG:SYD:(A;;RC;;;BA)"}}},
{"TimeGenerated": "2025-06-08T14:34:57.632881Z", "EventID": 16977, "Computer": "DC01", "RawEvent": {"#attributes": {"xmlns": "http://schemas.microsoft.com/win/2004/08/events/event"}, "System": {"Provider": {"#attributes": {"Name": "Microsoft-Windows-Directory-Services-SAM", "Guid": "0D4FDC09-8C27-494A-BDA0-505E4FD8ADAE"}}, "EventID": 16977, "Version": 0, "Level": 4, "Task": 0, "Opcode": 0, "Keywords": "0x8000000000000000", "TimeCreated": {"#attributes": {"SystemTime": "2025-06-08T14:34:57.632881Z"}}, "EventRecordID": 469, "Correlation": {"#attributes": {"ActivityID": "7DEA0792-D882-0000-7709-EA7D82D8DB01"}}, "Execution": {"#attributes": {"ProcessID": 640, "ThreadID": 644}}, "Channel": "System", "Computer": "DC01", "Security": {"#attributes": {"UserID": "S-1-5-18"}}}, "EventData": {"#attributes": {"Name": "SAMMSG_MINPWDLEN_SETTINGS_IN_EFFECT"}, "MinimumPasswordLength": 0, "MinimumPasswordLengthAudit": -1}}},
{"TimeGenerated": "2025-06-08T14:34:57.632883Z", "EventID": 16983, "Computer": "DC01", "RawEvent": {"#attributes": {"xmlns": "http://schemas.microsoft.com/win/2004/08/events/event"}, "System": {"Provider": {"#attributes": {"Name": "Microsoft-Windows-Directory-Services-SAM", "Guid": "0D4FDC09-8C27-494A-BDA0-505E4FD8ADAE"}}, "EventID": 16983, "Version": 0, "Level": 4, "Task": 0, "Opcode": 0, "Keywords": "0x8000000000000000", "TimeCreated": {"#attributes": {"SystemTime": "2025-06-08T14:34:57.632883Z"}}, "EventRecordID": 470, "Correlation": {"#attributes": {"ActivityID": "7DEA0792-D882-0000-7709-EA7D82D8DB01"}}, "Execution": {"#attributes": {"ProcessID": 640, "ThreadID": 644}}, "Channel": "System", "Computer": "DC01", "Security": {"#attributes": {"UserID": "S-1-5-18"}}}, "EventData": {"#attributes": {"Name": "SAMMSG_AUDIT_LEGACY_PWD_RPC_METHODS_OFF"}}}},
{"TimeGenerated": "2025-06-08T14:34:57.646200Z", "EventID": {"#attributes": {"Qualifiers": 16384}, "#text": 7036}, "Computer": "DC01", "RawEvent": {"#attributes": {"xmlns": "http://schemas.microsoft.com/win/2004/08/events/event"}, "System": {"Provider": {"#attributes": {"Name": "Service Control Manager", "Guid": "{555908d1-a6d7-4695-8e1e-26931d2012f4}", "EventSourceName": "Service Control Manager"}}, "EventID": {"#attributes": {"Qualifiers": 16384}, "#text": 7036}, "Version": 0, "Level": 4, "Task": 0, "Opcode": 0, "Keywords": "0x8080000000000000", "TimeCreated": {"#attributes": {"SystemTime": "2025-06-08T14:34:57.646200Z"}}, "EventRecordID": 471, "Correlation": null, "Execution": {"#attributes": {"ProcessID": 632, "ThreadID": 756}}, "Channel": "System", "Computer": "DC01", "Security": null}, "EventData": {"param1": "PlugPlay", "param2": "running", "Binary": "50006C007500670050006C00610079002F0034000000"}}},
{"TimeGenerated": "2025-06-08T14:34:57.677346Z", "EventID": {"#attributes": {"Qualifiers": 16384}, "#text": 7036}, "Computer": "DC01", "RawEvent": {"#attributes": {"xmlns": "http://schemas.microsoft.com/win/2004/08/events/event"}, "System": {"Provider": {"#attributes": {"Name": "Service Control Manager", "Guid": "{555908d1-a6d7-4695-8e1e-26931d2012f4}", "EventSourceName": "Service Control Manager"}}, "EventID": {"#attributes": {"Qualifiers": 16384}, "#text": 7036}, "Version": 0, "Level": 4, "Task": 0, "Opcode": 0, "Keywords": "0x8080000000000000", "TimeCreated": {"#attributes": {"SystemTime": "2025-06-08T14:34:57.677346Z"}}, "EventRecordID": 472, "Correlation": null, "Execution": {"#attributes": {"ProcessID": 632, "ThreadID": 756}}, "Channel": "System", "Computer": "DC01", "Security": null}, "EventData": {"param1": "Power", "param2": "running", "Binary": "50006F007700650072002F0034000000"}}},
{"TimeGenerated": "2025-06-08T14:34:57.696369Z", "EventID": 16, "Computer": "DC01", "RawEvent": {"#attributes": {"xmlns": "http://schemas.microsoft.com/win/2004/08/events/event"}, "System": {"Provider": {"#attributes": {"Name": "Microsoft-Windows-Kernel-General", "Guid": "A68CA8B7-004F-D7B6-A698-07E2DE0F1F5D"}}, "EventID": 16, "Version": 0, "Level": 4, "Task": 0, "Opcode": 0, "Keywords": "0x8000000000000000", "TimeCreated": {"#attributes": {"SystemTime": "2025-06-08T14:34:57.696369Z"}}, "EventRecordID": 473, "Correlation": null, "Execution": {"#attributes": {"ProcessID": 632, "ThreadID": 636}}, "Channel": "System", "Computer": "DC01", "Security": {"#attributes": {"UserID": "S-1-5-18"}}}, "EventData": {"HiveNameLength": 56, "HiveName": "\\??\\C:\\Windows\\ServiceProfiles\\NetworkService\\NTUSER.DAT", "KeysUpdated": 614, "DirtyPages": 34}}},
{"TimeGenerated": "2025-06-08T14:34:57.693056Z", "EventID": {"#attributes": {"Qualifiers": 16384}, "#text": 7036}, "Computer": "DC01", "RawEvent": {"#attributes": {"xmlns": "http://schemas.microsoft.com/win/2004/08/events/event"}, "System": {"Provider": {"#attributes": {"Name": "Service Control Manager", "Guid": "{555908d1-a6d7-4695-8e1e-26931d2012f4}", "EventSourceName": "Service Control Manager"}}, "EventID": {"#attributes": {"Qualifiers": 16384}, "#text": 7036}, "Version": 0, "Level": 4, "Task": 0, "Opcode": 0, "Keywords": "0x8080000000000000", "TimeCreated": {"#attributes": {"SystemTime": "2025-06-08T14:34:57.693056Z"}}, "EventRecordID": 474, "Correlation": null, "Execution": {"#attributes": {"ProcessID": 632, "ThreadID": 756}}, "Channel": "System", "Computer": "DC01", "Security": null}, "EventData": {"param1": "DcomLaunch", "param2": "running", "Binary": "440063006F006D004C00610075006E00630068002F0034000000"}}},
{"TimeGenerated": "2025-06-08T14:34:57.693056Z", "EventID": {"#attributes": {"Qualifiers": 16384}, "#text": 7036}, "Computer": "DC01", "RawEvent": {"#attributes": {"xmlns": "http://schemas.microsoft.com/win/2004/08/events/event"}, "System": {"Provider": {"#attributes": {"Name": "Service Control Manager", "Guid": "{555908d1-a6d7-4695-8e1e-26931d2012f4}", "EventSourceName": "Service Control Manager"}}, "EventID": {"#attributes": {"Qualifiers": 16384}, "#text": 7036}, "Version": 0, "Level": 4, "Task": 0, "Opcode": 0, "Keywords": "0x8080000000000000", "TimeCreated": {"#attributes": {"SystemTime": "2025-06-08T14:34:57.693056Z"}}, "EventRecordID": 475, "Correlation": null, "Execution": {"#attributes": {"ProcessID": 632, "ThreadID": 756}}, "Channel": "System", "Computer": "DC01", "Security": null}, "EventData": {"param1": "RpcEptMapper", "param2": "running", "Binary": "5200700063004500700074004D00610070007000650072002F0034000000"}}},
