{"TimeGenerated": "2025-06-08T16:24:33.052379Z", "EventID": {"#attributes": {"Qualifiers": 16384}, "#text": 7036}, "Computer": "DC01.pirate.htb", "RawEvent": {"#attributes": {"xmlns": "http://schemas.microsoft.com/win/2004/08/events/event"}, "System": {"Provider": {"#attributes": {"Name": "Service Control Manager", "Guid": "{555908d1-a6d7-4695-8e1e-26931d2012f4}", "EventSourceName": "Service Control Manager"}}, "EventID": {"#attributes": {"Qualifiers": 16384}, "#text": 7036}, "Version": 0, "Level": 4, "Task": 0, "Opcode": 0, "Keywords": "0x8080000000000000", "TimeCreated": {"#attributes": {"SystemTime": "2025-06-08T16:24:33.052379Z"}}, "EventRecordID": 1017, "Correlation": null, "Execution": {"#attributes": {"ProcessID": 636, "ThreadID": 488}}, "Channel": "System", "Computer": "DC01.pirate.htb", "Security": null}, "EventData": {"param1": "WinHttpAutoProxySvc", "param2": "running", "Binary": "570069006E0048007400740070004100750074006F00500072006F00780079005300760063002F0034000000"}}},
{"TimeGenerated": "2025-06-08T16:24:33.083469Z", "EventID": {"#attributes": {"Qualifiers": 16384}, "#text": 7036}, "Computer": "DC01.pirate.htb", "RawEvent": {"#attributes": {"xmlns": "http://schemas.microsoft.com/win/2004/08/events/event"}, "System": {"Provider": {"#attributes": {"Name": "Service Control Manager", "Guid": "{555908d1-a6d7-4695-8e1e-26931d2012f4}", "EventSourceName": "Service Control Manager"}}, "EventID": {"#attributes": {"Qualifiers": 16384}, "#text": 7036}, "Version": 0, "Level": 4, "Task": 0, "Opcode": 0, "Keywords": "0x8080000000000000", "TimeCreated": {"#attributes": {"SystemTime": "2025-06-08T16:24:33.083469Z"}}, "EventRecordID": 1018, "Correlation": null, "Execution": {"#attributes": {"ProcessID": 636, "ThreadID": 776}}, "Channel": "System", "Computer": "DC01.pirate.htb", "Security": null}, "EventData": {"param1": "Kdc", "param2": "running", "Binary": "4B00640063002F0034000000"}}},
{"TimeGenerated": "2025-06-08T16:24:33.083469Z", "EventID": {"#attributes": {"Qualifiers": 16384}, "#text": 7036}, "Computer": "DC01.pirate.htb", "RawEvent": {"#attributes": {"xmlns": "http://schemas.microsoft.com/win/2004/08/events/event"}, "System": {"Provider": {"#attributes": {"Name": "Service Control Manager", "Guid": "{555908d1-a6d7-4695-8e1e-26931d2012f4}", "EventSourceName": "Service Control Manager"}}, "EventID": {"#attributes": {"Qualifiers": 16384}, "#text": 7036}, "Version": 0, "Level": 4, "Task": 0, "Opcode": 0, "Keywords": "0x8080000000000000", "TimeCreated": {"#attributes": {"SystemTime": "2025-06-08T16:24:33.083469Z"}}, "EventRecordID": 1019, "Correlation": null, "Execution": {"#attributes": {"ProcessID": 636, "ThreadID": 944}}, "Channel": "System", "Computer": "DC01.pirate.htb", "Security": null}, "EventData": {"param1": "Wcmsvc", "param2": "running", "Binary": "570063006D007300760063002F0034000000"}}},
{"TimeGenerated": "2025-06-08T16:24:33.083469Z", "EventID": {"#attributes": {"Qualifiers": 16384}, "#text": 7036}, "Computer": "DC01.pirate.htb", "RawEvent": {"#attributes": {"xmlns": "http://schemas.microsoft.com/win/2004/08/events/event"}, "System": {"Provider": {"#attributes": {"Name": "Service Control Manager", "Guid": "{555908d1-a6d7-4695-8e1e-26931d2012f4}", "EventSourceName": "Service Control Manager"}}, "EventID": {"#attributes": {"Qualifiers": 16384}, "#text": 7036}, "Version": 0, "Level": 4, "Task": 0, "Opcode": 0, "Keywords": "0x8080000000000000", "TimeCreated": {"#attributes": {"SystemTime": "2025-06-08T16:24:33.083469Z"}}, "EventRecordID": 1020, "Correlation": null, "Execution": {"#attributes": {"ProcessID": 636, "ThreadID": 944}}, "Channel": "System", "Computer": "DC01.pirate.htb", "Security": null}, "EventData": {"param1": "Winmgmt", "param2": "running", "Binary": "570069006E006D0067006D0074002F0034000000"}}},
{"TimeGenerated": "2025-06-08T16:24:33.083469Z", "EventID": {"#attributes": {"Qualifiers": 16384}, "#text": 7036}, "Computer": "DC01.pirate.htb", "RawEvent": {"#attributes": {"xmlns": "http://schemas.microsoft.com/win/2004/08/events/event"}, "System": {"Provider": {"#attributes": {"Name": "Service Control Manager", "Guid": "{555908d1-a6d7-4695-8e1e-26931d2012f4}", "EventSourceName": "Service Control Manager"}}, "EventID": {"#attributes": {"Qualifiers": 16384}, "#text": 7036}, "Version": 0, "Level": 4, "Task": 0, "Opcode": 0, "Keywords": "0x8080000000000000", "TimeCreated": {"#attributes": {"SystemTime": "2025-06-08T16:24:33.083469Z"}}, "EventRecordID": 1021, "Correlation": null, "Execution": {"#attributes": {"ProcessID": 636, "ThreadID": 488}}, "Channel": "System", "Computer": "DC01.pirate.htb", "Security": null}, "EventData": {"param1": "LanmanWorkstation", "param2": "running", "Binary": "4C0061006E006D0061006E0057006F0072006B00730074006100740069006F006E002F0034000000"}}},
{"TimeGenerated": "2025-06-08T16:24:33.083469Z", "EventID": {"#attributes": {"Qualifiers": 16384}, "#text": 7036}, "Computer": "DC01.pirate.htb", "RawEvent": {"#attributes": {"xmlns": "http://schemas.microsoft.com/win/2004/08/events/event"}, "System": {"Provider": {"#attributes": {"Name": "Service Control Manager", "Guid": "{555908d1-a6d7-4695-8e1e-26931d2012f4}", "EventSourceName": "Service Control Manager"}}, "EventID": {"#attributes": {"Qualifiers": 16384}, "#text": 7036}, "Version": 0, "Level": 4, "Task": 0, "Opcode": 0, "Keywords": "0x8080000000000000", "TimeCreated": {"#attributes": {"SystemTime": "2025-06-08T16:24:33.083469Z"}}, "EventRecordID": 1022, "Correlation": null, "Execution": {"#attributes": {"ProcessID": 636, "ThreadID": 488}}, "Channel": "System", "Computer": "DC01.pirate.htb", "Security": null}, "EventData": {"param1": "UserManager", "param2": "running", "Binary": "55007300650072004D0061006E0061006700650072002F0034000000"}}},
{"TimeGenerated": "2025-06-08T16:24:33.099098Z", "EventID": {"#attributes": {"Qualifiers": 16384}, "#text": 7036}, "Computer": "DC01.pirate.htb", "RawEvent": {"#attributes": {"xmlns": "http://schemas.microsoft.com/win/2004/08/events/event"}, "System": {"Provider": {"#attributes": {"Name": "Service Control Manager", "Guid": "{555908d1-a6d7-4695-8e1e-26931d2012f4}", "EventSourceName": "Service Control Manager"}}, "EventID": {"#attributes": {"Qualifiers": 16384}, "#text": 7036}, "Version": 0, "Level": 4, "Task": 0, "Opcode": 0, "Keywords": "0x8080000000000000", "TimeCreated": {"#attributes": {"SystemTime": "2025-06-08T16:24:33.099098Z"}}, "EventRecordID": 1023, "Correlation": null, "Execution": {"#attributes": {"ProcessID": 636, "ThreadID": 488}}, "Channel": "System", "Computer": "DC01.pirate.htb", "Security": null}, "EventData": {"param1": "iphlpsvc", "param2": "running", "Binary": "6900700068006C0070007300760063002F0034000000"}}},
{"TimeGenerated": "2025-06-08T16:24:33.130437Z", "EventID": {"#attributes": {"Qualifiers": 16384}, "#text": 7036}, "Computer": "DC01.pirate.htb", "RawEvent": {"#attributes": {"xmlns": "http://schemas.microsoft.com/win/2004/08/events/event"}, "System": {"Provider": {"#attributes": {"Name": "Service Control Manager", "Guid": "{555908d1-a6d7-4695-8e1e-26931d2012f4}", "EventSourceName": "Service Control Manager"}}, "EventID": {"#attributes": {"Qualifiers": 16384}, "#text": 7036}, "Version": 0, "Level": 4, "Task": 0, "Opcode": 0, "Keywords": "0x8080000000000000", "TimeCreated": {"#attributes": {"SystemTime": "2025-06-08T16:24:33.130437Z"}}, "EventRecordID": 1024, "Correlation": null, "Execution": {"#attributes": {"ProcessID": 636, "ThreadID": 340}}, "Channel": "System", "Computer": "DC01.pirate.htb", "Security": null}, "EventData": {"param1": "NcaSvc", "param2": "stopped", "Binary": "4E00630061005300760063002F0031000000"}}},
{"TimeGenerated": "2025-06-08T16:24:33.145964Z", "EventID": {"#attributes": {"Qualifiers": 16384}, "#text": 7036}, "Computer": "DC01.pirate.htb", "RawEvent": {"#attributes": {"xmlns": "http://schemas.microsoft.com/win/2004/08/events/event"}, "System": {"Provider": {"#attributes": {"Name": "Service Control Manager", "Guid": "{555908d1-a6d7-4695-8e1e-26931d2012f4}", "EventSourceName": "Service Control Manager"}}, "EventID": {"#attributes": {"Qualifiers": 16384}, "#text": 7036}, "Version": 0, "Level": 4, "Task": 0, "Opcode": 0, "Keywords": "0x8080000000000000", "TimeCreated": {"#attributes": {"SystemTime": "2025-06-08T16:24:33.145964Z"}}, "EventRecordID": 1025, "Correlation": null, "Execution": {"#attributes": {"ProcessID": 636, "ThreadID": 396}}, "Channel": "System", "Computer": "DC01.pirate.htb", "Security": null}, "EventData": {"param1": "mpssvc", "param2": "running", "Binary": "6D00700073007300760063002F0034000000"}}},
{"TimeGenerated": "2025-06-08T16:24:33.177228Z", "EventID": {"#attributes": {"Qualifiers": 16384}, "#text": 7036}, "Computer": "DC01.pirate.htb", "RawEvent": {"#attributes": {"xmlns": "http://schemas.microsoft.com/win/2004/08/events/event"}, "System": {"Provider": {"#attributes": {"Name": "Service Control Manager", "Guid": "{555908d1-a6d7-4695-8e1e-26931d2012f4}", "EventSourceName": "Service Control Manager"}}, "EventID": {"#attributes": {"Qualifiers": 16384}, "#text": 7036}, "Version": 0, "Level": 4, "Task": 0, "Opcode": 0, "Keywords": "0x8080000000000000", "TimeCreated": {"#attributes": {"SystemTime": "2025-06-08T16:24:33.177228Z"}}, "EventRecordID": 1026, "Correlation": null, "Execution": {"#attributes": {"ProcessID": 636, "ThreadID": 944}}, "Channel": "System", "Computer": "DC01.pirate.htb", "Security": null}, "EventData": {"param1": "fdPHost", "param2": "running", "Binary": "66006400500048006F00730074002F0034000000"}}},
{"TimeGenerated": "2025-06-08T16:24:33.380573Z", "EventID": {"#attributes": {"Qualifiers": 16384}, "#text": 7036}, "Computer": "DC01.pirate.htb", "RawEvent": {"#attributes": {"xmlns": "http://schemas.microsoft.com/win/2004/08/events/event"}, "System": {"Provider": {"#attributes": {"Name": "Service Control Manager", "Guid": "{555908d1-a6d7-4695-8e1e-26931d2012f4}", "EventSourceName": "Service Control Manager"}}, "EventID": {"#attributes": {"Qualifiers": 16384}, "#text": 7036}, "Version": 0, "Level": 4, "Task": 0, "Opcode": 0, "Keywords": "0x8080000000000000", "TimeCreated": {"#attributes": {"SystemTime": "2025-06-08T16:24:33.380573Z"}}, "EventRecordID": 1027, "Correlation": null, "Execution": {"#attributes": {"ProcessID": 636, "ThreadID": 944}}, "Channel": "System", "Computer": "DC01.pirate.htb", "Security": null}, "EventData": {"param1": "FDResPub", "param2": "running", "Binary": "460044005200650073005000750062002F0034000000"}}},
{"TimeGenerated": "2025-06-08T16:24:33.838087Z", "EventID": 1014, "Computer": "DC01.pirate.htb", "RawEvent": {"#attributes": {"xmlns": "http://schemas.microsoft.com/win/2004/08/events/event"}, "System": {"Provider": {"#attributes": {"Name": "Microsoft-Windows-DNS-Client", "Guid": "1C95126E-7EEA-49A9-A3FE-A378B03DDB4D"}}, "EventID": 1014, "Version": 0, "Level": 3, "Task": 1014, "Opcode": 0, "Keywords": "0x4000000010000000", "TimeCreated": {"#attributes": {"SystemTime": "2025-06-08T16:24:33.838087Z"}}, "EventRecordID": 1028, "Correlation": null, "Execution": {"#attributes": {"ProcessID": 1124, "ThreadID": 1676}}, "Channel": "System", "Computer": "DC01.pirate.htb", "Security": {"#attributes": {"UserID": "S-1-5-20"}}}, "EventData": {"QueryName": "_ldap._tcp.dc._msdcs.pirate.htb.", "AddressLength": 128, "Address": "1700000000000000000000000000000000000000000000010000000000000000000000000000000000000000000000000000000000000000000000000000000000000000000000000000000000000000000000000000000000000000000000000000000000000000000000000000000000000000000000000000000000000000"}}},
{"TimeGenerated": "2025-06-08T16:24:42.521014Z", "EventID": {"#attributes": {"Qualifiers": 16384}, "#text": 7036}, "Computer": "DC01.pirate.htb", "RawEvent": {"#attributes": {"xmlns": "http://schemas.microsoft.com/win/2004/08/events/event"}, "System": {"Provider": {"#attributes": {"Name": "Service Control Manager", "Guid": "{555908d1-a6d7-4695-8e1e-26931d2012f4}", "EventSourceName": "Service Control Manager"}}, "EventID": {"#attributes": {"Qualifiers": 16384}, "#text": 7036}, "Version": 0, "Level": 4, "Task": 0, "Opcode": 0, "Keywords": "0x8080000000000000", "TimeCreated": {"#attributes": {"SystemTime": "2025-06-08T16:24:42.521014Z"}}, "EventRecordID": 1029, "Correlation": null, "Execution": {"#attributes": {"ProcessID": 636, "ThreadID": 1000}}, "Channel": "System", "Computer": "DC01.pirate.htb", "Security": null}, "EventData": {"param1": "SamSs", "param2": "running", "Binary": "530061006D00530073002F0034000000"}}},
{"TimeGenerated": "2025-06-08T16:24:42.552261Z", "EventID": {"#attributes": {"Qualifiers": 16384}, "#text": 7036}, "Computer": "DC01.pirate.htb", "RawEvent": {"#attributes": {"xmlns": "http://schemas.microsoft.com/win/2004/08/events/event"}, "System": {"Provider": {"#attributes": {"Name": "Service Control Manager", "Guid": "{555908d1-a6d7-4695-8e1e-26931d2012f4}", "EventSourceName": "Service Control Manager"}}, "EventID": {"#attributes": {"Qualifiers": 16384}, "#text": 7036}, "Version": 0, "Level": 4, "Task": 0, "Opcode": 0, "Keywords": "0x8080000000000000", "TimeCreated": {"#attributes": {"SystemTime": "2025-06-08T16:24:42.552261Z"}}, "EventRecordID": 1030, "Correlation": null, "Execution": {"#attributes": {"ProcessID": 636, "ThreadID": 944}}, "Channel": "System", "Computer": "DC01.pirate.htb", "Security": null}, "EventData": {"param1": "LanmanServer", "param2": "running", "Binary": "4C0061006E006D0061006E005300650072007600650072002F0034000000"}}},
{"TimeGenerated": "2025-06-08T16:24:57.802216Z", "EventID": {"#attributes": {"Qualifiers": 0}, "#text": 5836}, "Computer": "DC01.pirate.htb", "RawEvent": {"#attributes": {"xmlns": "http://schemas.microsoft.com/win/2004/08/events/event"}, "System": {"Provider": {"#attributes": {"Name": "NETLOGON"}}, "EventID": {"#attributes": {"Qualifiers": 0}, "#text": 5836}, "Level": 4, "Task": 0, "Keywords": "0x80000000000000", "TimeCreated": {"#attributes": {"SystemTime": "2025-06-08T16:24:57.802216Z"}}, "EventRecordID": 1031, "Channel": "System", "Computer": "DC01.pirate.htb", "Security": null}, "EventData": {"Data": {"#text": "10"}, "Binary": null}}},
{"TimeGenerated": "2025-06-08T16:24:58.052278Z", "EventID": {"#attributes": {"Qualifiers": 16384}, "#text": 14533}, "Computer": "DC01.pirate.htb", "RawEvent": {"#attributes": {"xmlns": "http://schemas.microsoft.com/win/2004/08/events/event"}, "System": {"Provider": {"#attributes": {"Name": "Microsoft-Windows-DfsSvc", "Guid": "{7DA4FE0E-FD42-4708-9AA5-89B77A224885}", "EventSourceName": "DfsSvc"}}, "EventID": {"#attributes": {"Qualifiers": 16384}, "#text": 14533}, "Version": 0, "Level": 4, "Task": 0, "Opcode": 0, "Keywords": "0x80000000000000", "TimeCreated": {"#attributes": {"SystemTime": "2025-06-08T16:24:58.052278Z"}}, "EventRecordID": 1032, "Correlation": null, "Execution": {"#attributes": {"ProcessID": 0, "ThreadID": 0}}, "Channel": "System", "Computer": "DC01.pirate.htb", "Security": null}, "EventData": {"#attributes": {"Name": "DfsFinishBuildingNamespace"}}}},
{"TimeGenerated": "2025-06-08T16:24:58.052278Z", "EventID": {"#attributes": {"Qualifiers": 16384}, "#text": 14531}, "Computer": "DC01.pirate.htb", "RawEvent": {"#attributes": {"xmlns": "http://schemas.microsoft.com/win/2004/08/events/event"}, "System": {"Provider": {"#attributes": {"Name": "Microsoft-Windows-DfsSvc", "Guid": "{7DA4FE0E-FD42-4708-9AA5-89B77A224885}", "EventSourceName": "DfsSvc"}}, "EventID": {"#attributes": {"Qualifiers": 16384}, "#text": 14531}, "Version": 0, "Level": 4, "Task": 0, "Opcode": 0, "Keywords": "0x80000000000000", "TimeCreated": {"#attributes": {"SystemTime": "2025-06-08T16:24:58.052278Z"}}, "EventRecordID": 1033, "Correlation": null, "Execution": {"#attributes": {"ProcessID": 0, "ThreadID": 0}}, "Channel": "System", "Computer": "DC01.pirate.htb", "Security": null}, "EventData": {"#attributes": {"Name": "DfsFinishInit"}}}},
{"TimeGenerated": "2025-06-08T16:24:58.114720Z", "EventID": {"#attributes": {"Qualifiers": 7}, "#text": 10148}, "Computer": "DC01.pirate.htb", "RawEvent": {"#attributes": {"xmlns": "http://schemas.microsoft.com/win/2004/08/events/event"}, "System": {"Provider": {"#attributes": {"Name": "Microsoft-Windows-WinRM", "Guid": "{A7975C8F-AC13-49F1-87DA-5A984A4AB417}", "EventSourceName": "WinRM"}}, "EventID": {"#attributes": {"Qualifiers": 7}, "#text": 10148}, "Version": 0, "Level": 4, "Task": 0, "Opcode": 0, "Keywords": "0x80000000000000", "TimeCreated": {"#attributes": {"SystemTime": "2025-06-08T16:24:58.114720Z"}}, "EventRecordID": 1034, "Correlation": null, "Execution": {"#attributes": {"ProcessID": 0, "ThreadID": 0}}, "Channel": "System", "Computer": "DC01.pirate.htb", "Security": null}, "EventData": {"#attributes": {"Name": "Started Listening"}}}},
{"TimeGenerated": "2025-06-08T16:24:58.786590Z", "EventID": {"#attributes": {"Qualifiers": 16896}, "#text": 3}, "Computer": "DC01.pirate.htb", "RawEvent": {"#attributes": {"xmlns": "http://schemas.microsoft.com/win/2004/08/events/event"}, "System": {"Provider": {"#attributes": {"Name": "Virtual Disk Service"}}, "EventID": {"#attributes": {"Qualifiers": 16896}, "#text": 3}, "Level": 4, "Task": 0, "Keywords": "0x80000000000000", "TimeCreated": {"#attributes": {"SystemTime": "2025-06-08T16:24:58.786590Z"}}, "EventRecordID": 1035, "Channel": "System", "Computer": "DC01.pirate.htb", "Security": null}, "EventData": {"Data": {"#text": "@2010005"}, "Binary": null}}},
{"TimeGenerated": "2025-06-08T16:24:57.802216Z", "EventID": {"#attributes": {"Qualifiers": 16384}, "#text": 7036}, "Computer": "DC01.pirate.htb", "RawEvent": {"#attributes": {"xmlns": "http://schemas.microsoft.com/win/2004/08/events/event"}, "System": {"Provider": {"#attributes": {"Name": "Service Control Manager", "Guid": "{555908d1-a6d7-4695-8e1e-26931d2012f4}", "EventSourceName": "Service Control Manager"}}, "EventID": {"#attributes": {"Qualifiers": 16384}, "#text": 7036}, "Version": 0, "Level": 4, "Task": 0, "Opcode": 0, "Keywords": "0x8080000000000000", "TimeCreated": {"#attributes": {"SystemTime": "2025-06-08T16:24:57.802216Z"}}, "EventRecordID": 1036, "Correlation": null, "Execution": {"#attributes": {"ProcessID": 636, "ThreadID": 944}}, "Channel": "System", "Computer": "DC01.pirate.htb", "Security": null}, "EventData": {"param1": "Netlogon", "param2": "running", "Binary": "4E00650074006C006F0067006F006E002F0034000000"}}},
{"TimeGenerated": "2025-06-08T16:24:57.817984Z", "EventID": {"#attributes": {"Qualifiers": 16384}, "#text": 7036}, "Computer": "DC01.pirate.htb", "RawEvent": {"#attributes": {"xmlns": "http://schemas.microsoft.com/win/2004/08/events/event"}, "System": {"Provider": {"#attributes": {"Name": "Service Control Manager", "Guid": "{555908d1-a6d7-4695-8e1e-26931d2012f4}", "EventSourceName": "Service Control Manager"}}, "EventID": {"#attributes": {"Qualifiers": 16384}, "#text": 7036}, "Version": 0, "Level": 4, "Task": 0, "Opcode": 0, "Keywords": "0x8080000000000000", "TimeCreated": {"#attributes": {"SystemTime": "2025-06-08T16:24:57.817984Z"}}, "EventRecordID": 1037, "Correlation": null, "Execution": {"#attributes": {"ProcessID": 636, "ThreadID": 720}}, "Channel": "System", "Computer": "DC01.pirate.htb", "Security": null}, "EventData": {"param1": "Spooler", "param2": "running", "Binary": "530070006F006F006C00650072002F0034000000"}}},
{"TimeGenerated": "2025-06-08T16:24:57.880347Z", "EventID": {"#attributes": {"Qualifiers": 16384}, "#text": 7036}, "Computer": "DC01.pirate.htb", "RawEvent": {"#attributes": {"xmlns": "http://schemas.microsoft.com/win/2004/08/events/event"}, "System": {"Provider": {"#attributes": {"Name": "Service Control Manager", "Guid": "{555908d1-a6d7-4695-8e1e-26931d2012f4}", "EventSourceName": "Service Control Manager"}}, "EventID": {"#attributes": {"Qualifiers": 16384}, "#text": 7036}, "Version": 0, "Level": 4, "Task": 0, "Opcode": 0, "Keywords": "0x8080000000000000", "TimeCreated": {"#attributes": {"SystemTime": "2025-06-08T16:24:57.880347Z"}}, "EventRecordID": 1038, "Correlation": null, "Execution": {"#attributes": {"ProcessID": 636, "ThreadID": 488}}, "Channel": "System", "Computer": "DC01.pirate.htb", "Security": null}, "EventData": {"param1": "CryptSvc", "param2": "running", "Binary": "430072007900700074005300760063002F0034000000"}}},
{"TimeGenerated": "2025-06-08T16:24:57.880347Z", "EventID": {"#attributes": {"Qualifiers": 16384}, "#text": 7036}, "Computer": "DC01.pirate.htb", "RawEvent": {"#attributes": {"xmlns": "http://schemas.microsoft.com/win/2004/08/events/event"}, "System": {"Provider": {"#attributes": {"Name": "Service Control Manager", "Guid": "{555908d1-a6d7-4695-8e1e-26931d2012f4}", "EventSourceName": "Service Control Manager"}}, "EventID": {"#attributes": {"Qualifiers": 16384}, "#text": 7036}, "Version": 0, "Level": 4, "Task": 0, "Opcode": 0, "Keywords": "0x8080000000000000", "TimeCreated": {"#attributes": {"SystemTime": "2025-06-08T16:24:57.880347Z"}}, "EventRecordID": 1039, "Correlation": null, "Execution": {"#attributes": {"ProcessID": 636, "ThreadID": 720}}, "Channel": "System", "Computer": "DC01.pirate.htb", "Security": null}, "EventData": {"param1": "EFS", "param2": "running", "Binary": "4500460053002F0034000000"}}},
{"TimeGenerated": "2025-06-08T16:24:57.880347Z", "EventID": {"#attributes": {"Qualifiers": 16384}, "#text": 7036}, "Computer": "DC01.pirate.htb", "RawEvent": {"#attributes": {"xmlns": "http://schemas.microsoft.com/win/2004/08/events/event"}, "System": {"Provider": {"#attributes": {"Name": "Service Control Manager", "Guid": "{555908d1-a6d7-4695-8e1e-26931d2012f4}", "EventSourceName": "Service Control Manager"}}, "EventID": {"#attributes": {"Qualifiers": 16384}, "#text": 7036}, "Version": 0, "Level": 4, "Task": 0, "Opcode": 0, "Keywords": "0x8080000000000000", "TimeCreated": {"#attributes": {"SystemTime": "2025-06-08T16:24:57.880347Z"}}, "EventRecordID": 1040, "Correlation": null, "Execution": {"#attributes": {"ProcessID": 636, "ThreadID": 720}}, "Channel": "System", "Computer": "DC01.pirate.htb", "Security": null}, "EventData": {"param1": "RemoteRegistry", "param2": "running", "Binary": "520065006D006F0074006500520065006700690073007400720079002F0034000000"}}},
{"TimeGenerated": "2025-06-08T16:24:57.880347Z", "EventID": {"#attributes": {"Qualifiers": 16384}, "#text": 7036}, "Computer": "DC01.pirate.htb", "RawEvent": {"#attributes": {"xmlns": "http://schemas.microsoft.com/win/2004/08/events/event"}, "System": {"Provider": {"#attributes": {"Name": "Service Control Manager", "Guid": "{555908d1-a6d7-4695-8e1e-26931d2012f4}", "EventSourceName": "Service Control Manager"}}, "EventID": {"#attributes": {"Qualifiers": 16384}, "#text": 7036}, "Version": 0, "Level": 4, "Task": 0, "Opcode": 0, "Keywords": "0x8080000000000000", "TimeCreated": {"#attributes": {"SystemTime": "2025-06-08T16:24:57.880347Z"}}, "EventRecordID": 1041, "Correlation": null, "Execution": {"#attributes": {"ProcessID": 636, "ThreadID": 720}}, "Channel": "System", "Computer": "DC01.pirate.htb", "Security": null}, "EventData": {"param1": "CoreMessagingRegistrar", "param2": "running", "Binary": "43006F00720065004D006500730073006100670069006E0067005200650067006900730074007200610072002F0034000000"}}},
{"TimeGenerated": "2025-06-08T16:24:57.880347Z", "EventID": {"#attributes": {"Qualifiers": 16384}, "#text": 7036}, "Computer": "DC01.pirate.htb", "RawEvent": {"#attributes": {"xmlns": "http://schemas.microsoft.com/win/2004/08/events/event"}, "System": {"Provider": {"#attributes": {"Name": "Service Control Manager", "Guid": "{555908d1-a6d7-4695-8e1e-26931d2012f4}", "EventSourceName": "Service Control Manager"}}, "EventID": {"#attributes": {"Qualifiers": 16384}, "#text": 7036}, "Version": 0, "Level": 4, "Task": 0, "Opcode": 0, "Keywords": "0x8080000000000000", "TimeCreated": {"#attributes": {"SystemTime": "2025-06-08T16:24:57.880347Z"}}, "EventRecordID": 1042, "Correlation": null, "Execution": {"#attributes": {"ProcessID": 636, "ThreadID": 720}}, "Channel": "System", "Computer": "DC01.pirate.htb", "Security": null}, "EventData": {"param1": "DFSR", "param2": "running", "Binary": "44004600530052002F0034000000"}}},
{"TimeGenerated": "2025-06-08T16:24:58.005361Z", "EventID": {"#attributes": {"Qualifiers": 16384}, "#text": 7036}, "Computer": "DC01.pirate.htb", "RawEvent": {"#attributes": {"xmlns": "http://schemas.microsoft.com/win/2004/08/events/event"}, "System": {"Provider": {"#attributes": {"Name": "Service Control Manager", "Guid": "{555908d1-a6d7-4695-8e1e-26931d2012f4}", "EventSourceName": "Service Control Manager"}}, "EventID": {"#attributes": {"Qualifiers": 16384}, "#text": 7036}, "Version": 0, "Level": 4, "Task": 0, "Opcode": 0, "Keywords": "0x8080000000000000", "TimeCreated": {"#attributes": {"SystemTime": "2025-06-08T16:24:58.005361Z"}}, "EventRecordID": 1043, "Correlation": null, "Execution": {"#attributes": {"ProcessID": 636, "ThreadID": 488}}, "Channel": "System", "Computer": "DC01.pirate.htb", "Security": null}, "EventData": {"param1": "WLMS", "param2": "running", "Binary": "57004C004D0053002F0034000000"}}},
{"TimeGenerated": "2025-06-08T16:24:58.021075Z", "EventID": {"#attributes": {"Qualifiers": 16384}, "#text": 7036}, "Computer": "DC01.pirate.htb", "RawEvent": {"#attributes": {"xmlns": "http://schemas.microsoft.com/win/2004/08/events/event"}, "System": {"Provider": {"#attributes": {"Name": "Service Control Manager", "Guid": "{555908d1-a6d7-4695-8e1e-26931d2012f4}", "EventSourceName": "Service Control Manager"}}, "EventID": {"#attributes": {"Qualifiers": 16384}, "#text": 7036}, "Version": 0, "Level": 4, "Task": 0, "Opcode": 0, "Keywords": "0x8080000000000000", "TimeCreated": {"#attributes": {"SystemTime": "2025-06-08T16:24:58.021075Z"}}, "EventRecordID": 1044, "Correlation": null, "Execution": {"#attributes": {"ProcessID": 636, "ThreadID": 720}}, "Channel": "System", "Computer": "DC01.pirate.htb", "Security": null}, "EventData": {"param1": "VMTools", "param2": "running", "Binary": "56004D0054006F006F006C0073002F0034000000"}}},
{"TimeGenerated": "2025-06-08T16:24:58.021075Z", "EventID": {"#attributes": {"Qualifiers": 16384}, "#text": 7036}, "Computer": "DC01.pirate.htb", "RawEvent": {"#attributes": {"xmlns": "http://schemas.microsoft.com/win/2004/08/events/event"}, "System": {"Provider": {"#attributes": {"Name": "Service Control Manager", "Guid": "{555908d1-a6d7-4695-8e1e-26931d2012f4}", "EventSourceName": "Service Control Manager"}}, "EventID": {"#attributes": {"Qualifiers": 16384}, "#text": 7036}, "Version": 0, "Level": 4, "Task": 0, "Opcode": 0, "Keywords": "0x8080000000000000", "TimeCreated": {"#attributes": {"SystemTime": "2025-06-08T16:24:58.021075Z"}}, "EventRecordID": 1045, "Correlation": null, "Execution": {"#attributes": {"ProcessID": 636, "ThreadID": 720}}, "Channel": "System", "Computer": "DC01.pirate.htb", "Security": null}, "EventData": {"param1": "SysMain", "param2": "running", "Binary": "5300790073004D00610069006E002F0034000000"}}},
{"TimeGenerated": "2025-06-08T16:24:58.021075Z", "EventID": {"#attributes": {"Qualifiers": 16384}, "#text": 7036}, "Computer": "DC01.pirate.htb", "RawEvent": {"#attributes": {"xmlns": "http://schemas.microsoft.com/win/2004/08/events/event"}, "System": {"Provider": {"#attributes": {"Name": "Service Control Manager", "Guid": "{555908d1-a6d7-4695-8e1e-26931d2012f4}", "EventSourceName": "Service Control Manager"}}, "EventID": {"#attributes": {"Qualifiers": 16384}, "#text": 7036}, "Version": 0, "Level": 4, "Task": 0, "Opcode": 0, "Keywords": "0x8080000000000000", "TimeCreated": {"#attributes": {"SystemTime": "2025-06-08T16:24:58.021075Z"}}, "EventRecordID": 1046, "Correlation": null, "Execution": {"#attributes": {"ProcessID": 636, "ThreadID": 720}}, "Channel": "System", "Computer": "DC01.pirate.htb", "Security": null}, "EventData": {"param1": "VGAuthService", "param2": "running", "Binary": "56004700410075007400680053006500720076006900630065002F0034000000"}}},
{"TimeGenerated": "2025-06-08T16:24:58.021075Z", "EventID": {"#attributes": {"Qualifiers": 16384}, "#text": 7036}, "Computer": "DC01.pirate.htb", "RawEvent": {"#attributes": {"xmlns": "http://schemas.microsoft.com/win/2004/08/events/event"}, "System": {"Provider": {"#attributes": {"Name": "Service Control Manager", "Guid": "{555908d1-a6d7-4695-8e1e-26931d2012f4}", "EventSourceName": "Service Control Manager"}}, "EventID": {"#attributes": {"Qualifiers": 16384}, "#text": 7036}, "Version": 0, "Level": 4, "Task": 0, "Opcode": 0, "Keywords": "0x8080000000000000", "TimeCreated": {"#attributes": {"SystemTime": "2025-06-08T16:24:58.021075Z"}}, "EventRecordID": 1047, "Correlation": null, "Execution": {"#attributes": {"ProcessID": 636, "ThreadID": 720}}, "Channel": "System", "Computer": "DC01.pirate.htb", "Security": null}, "EventData": {"param1": "Dfs", "param2": "running", "Binary": "4400660073002F0034000000"}}},
{"TimeGenerated": "2025-06-08T16:24:58.052278Z", "EventID": {"#attributes": {"Qualifiers": 16384}, "#text": 7036}, "Computer": "DC01.pirate.htb", "RawEvent": {"#attributes": {"xmlns": "http://schemas.microsoft.com/win/2004/08/events/event"}, "System": {"Provider": {"#attributes": {"Name": "Service Control Manager", "Guid": "{555908d1-a6d7-4695-8e1e-26931d2012f4}", "EventSourceName": "Service Control Manager"}}, "EventID": {"#attributes": {"Qualifiers": 16384}, "#text": 7036}, "Version": 0, "Level": 4, "Task": 0, "Opcode": 0, "Keywords": "0x8080000000000000", "TimeCreated": {"#attributes": {"SystemTime": "2025-06-08T16:24:58.052278Z"}}, "EventRecordID": 1048, "Correlation": null, "Execution": {"#attributes": {"ProcessID": 636, "ThreadID": 944}}, "Channel": "System", "Computer": "DC01.pirate.htb", "Security": null}, "EventData": {"param1": "WinDefend", "param2": "running", "Binary": "570069006E0044006500660065006E0064002F0034000000"}}},
{"TimeGenerated": "2025-06-08T16:24:58.067888Z", "EventID": {"#attributes": {"Qualifiers": 16384}, "#text": 7036}, "Computer": "DC01.pirate.htb", "RawEvent": {"#attributes": {"xmlns": "http://schemas.microsoft.com/win/2004/08/events/event"}, "System": {"Provider": {"#attributes": {"Name": "Service Control Manager", "Guid": "{555908d1-a6d7-4695-8e1e-26931d2012f4}", "EventSourceName": "Service Control Manager"}}, "EventID": {"#attributes": {"Qualifiers": 16384}, "#text": 7036}, "Version": 0, "Level": 4, "Task": 0, "Opcode": 0, "Keywords": "0x8080000000000000", "TimeCreated": {"#attributes": {"SystemTime": "2025-06-08T16:24:58.067888Z"}}, "EventRecordID": 1049, "Correlation": null, "Execution": {"#attributes": {"ProcessID": 636, "ThreadID": 944}}, "Channel": "System", "Computer": "DC01.pirate.htb", "Security": null}, "EventData": {"param1": "IsmServ", "param2": "running", "Binary": "490073006D0053006500720076002F0034000000"}}},
{"TimeGenerated": "2025-06-08T16:24:58.099099Z", "EventID": {"#attributes": {"Qualifiers": 16384}, "#text": 7036}, "Computer": "DC01.pirate.htb", "RawEvent": {"#attributes": {"xmlns": "http://schemas.microsoft.com/win/2004/08/events/event"}, "System": {"Provider": {"#attributes": {"Name": "Service Control Manager", "Guid": "{555908d1-a6d7-4695-8e1e-26931d2012f4}", "EventSourceName": "Service Control Manager"}}, "EventID": {"#attributes": {"Qualifiers": 16384}, "#text": 7036}, "Version": 0, "Level": 4, "Task": 0, "Opcode": 0, "Keywords": "0x8080000000000000", "TimeCreated": {"#attributes": {"SystemTime": "2025-06-08T16:24:58.099099Z"}}, "EventRecordID": 1050, "Correlation": null, "Execution": {"#attributes": {"ProcessID": 636, "ThreadID": 340}}, "Channel": "System", "Computer": "DC01.pirate.htb", "Security": null}, "EventData": {"param1": "WpnService", "param2": "running", "Binary": "570070006E0053006500720076006900630065002F0034000000"}}},
{"TimeGenerated": "2025-06-08T16:24:58.130362Z", "EventID": {"#attributes": {"Qualifiers": 16384}, "#text": 7036}, "Computer": "DC01.pirate.htb", "RawEvent": {"#attributes": {"xmlns": "http://schemas.microsoft.com/win/2004/08/events/event"}, "System": {"Provider": {"#attributes": {"Name": "Service Control Manager", "Guid": "{555908d1-a6d7-4695-8e1e-26931d2012f4}", "EventSourceName": "Service Control Manager"}}, "EventID": {"#attributes": {"Qualifiers": 16384}, "#text": 7036}, "Version": 0, "Level": 4, "Task": 0, "Opcode": 0, "Keywords": "0x8080000000000000", "TimeCreated": {"#attributes": {"SystemTime": "2025-06-08T16:24:58.130362Z"}}, "EventRecordID": 1051, "Correlation": null, "Execution": {"#attributes": {"ProcessID": 636, "ThreadID": 1000}}, "Channel": "System", "Computer": "DC01.pirate.htb", "Security": null}, "EventData": {"param1": "WinRM", "param2": "running", "Binary": "570069006E0052004D002F0034000000"}}},
{"TimeGenerated": "2025-06-08T16:24:58.130362Z", "EventID": {"#attributes": {"Qualifiers": 49152}, "#text": 7026}, "Computer": "DC01.pirate.htb", "RawEvent": {"#attributes": {"xmlns": "http://schemas.microsoft.com/win/2004/08/events/event"}, "System": {"Provider": {"#attributes": {"Name": "Service Control Manager", "Guid": "{555908d1-a6d7-4695-8e1e-26931d2012f4}", "EventSourceName": "Service Control Manager"}}, "EventID": {"#attributes": {"Qualifiers": 49152}, "#text": 7026}, "Version": 0, "Level": 4, "Task": 0, "Opcode": 0, "Keywords": "0x8080000000000000", "TimeCreated": {"#attributes": {"SystemTime": "2025-06-08T16:24:58.130362Z"}}, "EventRecordID": 1052, "Correlation": null, "Execution": {"#attributes": {"ProcessID": 636, "ThreadID": 640}}, "Channel": "System", "Computer": "DC01.pirate.htb", "Security": null}, "EventData": {"param1": "\r\ndam"}}},
{"TimeGenerated": "2025-06-08T16:24:58.130362Z", "EventID": {"#attributes": {"Qualifiers": 16384}, "#text": 7036}, "Computer": "DC01.pirate.htb", "RawEvent": {"#attributes": {"xmlns": "http://schemas.microsoft.com/win/2004/08/events/event"}, "System": {"Provider": {"#attributes": {"Name": "Service Control Manager", "Guid": "{555908d1-a6d7-4695-8e1e-26931d2012f4}", "EventSourceName": "Service Control Manager"}}, "EventID": {"#attributes": {"Qualifiers": 16384}, "#text": 7036}, "Version": 0, "Level": 4, "Task": 0, "Opcode": 0, "Keywords": "0x8080000000000000", "TimeCreated": {"#attributes": {"SystemTime": "2025-06-08T16:24:58.130362Z"}}, "EventRecordID": 1053, "Correlation": null, "Execution": {"#attributes": {"ProcessID": 636, "ThreadID": 1000}}, "Channel": "System", "Computer": "DC01.pirate.htb", "Security": null}, "EventData": {"param1": "ADWS", "param2": "running", "Binary": "41004400570053002F0034000000"}}},
{"TimeGenerated": "2025-06-08T16:24:58.177219Z", "EventID": {"#attributes": {"Qualifiers": 16384}, "#text": 7036}, "Computer": "DC01.pirate.htb", "RawEvent": {"#attributes": {"xmlns": "http://schemas.microsoft.com/win/2004/08/events/event"}, "System": {"Provider": {"#attributes": {"Name": "Service Control Manager", "Guid": "{555908d1-a6d7-4695-8e1e-26931d2012f4}", "EventSourceName": "Service Control Manager"}}, "EventID": {"#attributes": {"Qualifiers": 16384}, "#text": 7036}, "Version": 0, "Level": 4, "Task": 0, "Opcode": 0, "Keywords": "0x8080000000000000", "TimeCreated": {"#attributes": {"SystemTime": "2025-06-08T16:24:58.177219Z"}}, "EventRecordID": 1054, "Correlation": null, "Execution": {"#attributes": {"ProcessID": 636, "ThreadID": 1000}}, "Channel": "System", "Computer": "DC01.pirate.htb", "Security": null}, "EventData": {"param1": "vm3dservice", "param2": "running", "Binary": "76006D003300640073006500720076006900630065002F0034000000"}}},
{"TimeGenerated": "2025-06-08T16:24:58.302233Z", "EventID": {"#attributes": {"Qualifiers": 16384}, "#text": 7036}, "Computer": "DC01.pirate.htb", "RawEvent": {"#attributes": {"xmlns": "http://schemas.microsoft.com/win/2004/08/events/event"}, "System": {"Provider": {"#attributes": {"Name": "Service Control Manager", "Guid": "{555908d1-a6d7-4695-8e1e-26931d2012f4}", "EventSourceName": "Service Control Manager"}}, "EventID": {"#attributes": {"Qualifiers": 16384}, "#text": 7036}, "Version": 0, "Level": 4, "Task": 0, "Opcode": 0, "Keywords": "0x8080000000000000", "TimeCreated": {"#attributes": {"SystemTime": "2025-06-08T16:24:58.302233Z"}}, "EventRecordID": 1055, "Correlation": null, "Execution": {"#attributes": {"ProcessID": 636, "ThreadID": 488}}, "Channel": "System", "Computer": "DC01.pirate.htb", "Security": null}, "EventData": {"param1": "Software Protection", "param2": "running", "Binary": "7300700070007300760063002F0034000000"}}},
{"TimeGenerated": "2025-06-08T16:24:58.567884Z", "EventID": {"#attributes": {"Qualifiers": 16384}, "#text": 7036}, "Computer": "DC01.pirate.htb", "RawEvent": {"#attributes": {"xmlns": "http://schemas.microsoft.com/win/2004/08/events/event"}, "System": {"Provider": {"#attributes": {"Name": "Service Control Manager", "Guid": "{555908d1-a6d7-4695-8e1e-26931d2012f4}", "EventSourceName": "Service Control Manager"}}, "EventID": {"#attributes": {"Qualifiers": 16384}, "#text": 7036}, "Version": 0, "Level": 4, "Task": 0, "Opcode": 0, "Keywords": "0x8080000000000000", "TimeCreated": {"#attributes": {"SystemTime": "2025-06-08T16:24:58.567884Z"}}, "EventRecordID": 1056, "Correlation": null, "Execution": {"#attributes": {"ProcessID": 636, "ThreadID": 944}}, "Channel": "System", "Computer": "DC01.pirate.htb", "Security": null}, "EventData": {"param1": "VMware Snapshot Provider", "param2": "running", "Binary": "76006D007600730073002F0034000000"}}},
{"TimeGenerated": "2025-06-08T16:24:58.583474Z", "EventID": {"#attributes": {"Qualifiers": 16384}, "#text": 7036}, "Computer": "DC01.pirate.htb", "RawEvent": {"#attributes": {"xmlns": "http://schemas.microsoft.com/win/2004/08/events/event"}, "System": {"Provider": {"#attributes": {"Name": "Service Control Manager", "Guid": "{555908d1-a6d7-4695-8e1e-26931d2012f4}", "EventSourceName": "Service Control Manager"}}, "EventID": {"#attributes": {"Qualifiers": 16384}, "#text": 7036}, "Version": 0, "Level": 4, "Task": 0, "Opcode": 0, "Keywords": "0x8080000000000000", "TimeCreated": {"#attributes": {"SystemTime": "2025-06-08T16:24:58.583474Z"}}, "EventRecordID": 1057, "Correlation": null, "Execution": {"#attributes": {"ProcessID": 636, "ThreadID": 944}}, "Channel": "System", "Computer": "DC01.pirate.htb", "Security": null}, "EventData": {"param1": "DiagTrack", "param2": "running", "Binary": "440069006100670054007200610063006B002F0034000000"}}},
{"TimeGenerated": "2025-06-08T16:24:58.786590Z", "EventID": {"#attributes": {"Qualifiers": 16384}, "#text": 7036}, "Computer": "DC01.pirate.htb", "RawEvent": {"#attributes": {"xmlns": "http://schemas.microsoft.com/win/2004/08/events/event"}, "System": {"Provider": {"#attributes": {"Name": "Service Control Manager", "Guid": "{555908d1-a6d7-4695-8e1e-26931d2012f4}", "EventSourceName": "Service Control Manager"}}, "EventID": {"#attributes": {"Qualifiers": 16384}, "#text": 7036}, "Version": 0, "Level": 4, "Task": 0, "Opcode": 0, "Keywords": "0x8080000000000000", "TimeCreated": {"#attributes": {"SystemTime": "2025-06-08T16:24:58.786590Z"}}, "EventRecordID": 1058, "Correlation": null, "Execution": {"#attributes": {"ProcessID": 636, "ThreadID": 488}}, "Channel": "System", "Computer": "DC01.pirate.htb", "Security": null}, "EventData": {"param1": "Virtual Disk", "param2": "running", "Binary": "7600640073002F0034000000"}}},
{"TimeGenerated": "2025-06-08T16:24:58.896239Z", "EventID": {"#attributes": {"Qualifiers": 16384}, "#text": 7036}, "Computer": "DC01.pirate.htb", "RawEvent": {"#attributes": {"xmlns": "http://schemas.microsoft.com/win/2004/08/events/event"}, "System": {"Provider": {"#attributes": {"Name": "Service Control Manager", "Guid": "{555908d1-a6d7-4695-8e1e-26931d2012f4}", "EventSourceName": "Service Control Manager"}}, "EventID": {"#attributes": {"Qualifiers": 16384}, "#text": 7036}, "Version": 0, "Level": 4, "Task": 0, "Opcode": 0, "Keywords": "0x8080000000000000", "TimeCreated": {"#attributes": {"SystemTime": "2025-06-08T16:24:58.896239Z"}}, "EventRecordID": 1059, "Correlation": null, "Execution": {"#attributes": {"ProcessID": 636, "ThreadID": 488}}, "Channel": "System", "Computer": "DC01.pirate.htb", "Security": null}, "EventData": {"param1": "COM+ System Application", "param2": "running", "Binary": "43004F004D005300790073004100700070002F0034000000"}}},
{"TimeGenerated": "2025-06-08T16:24:58.974202Z", "EventID": {"#attributes": {"Qualifiers": 16384}, "#text": 7036}, "Computer": "DC01.pirate.htb", "RawEvent": {"#attributes": {"xmlns": "http://schemas.microsoft.com/win/2004/08/events/event"}, "System": {"Provider": {"#attributes": {"Name": "Service Control Manager", "Guid": "{555908d1-a6d7-4695-8e1e-26931d2012f4}", "EventSourceName": "Service Control Manager"}}, "EventID": {"#attributes": {"Qualifiers": 16384}, "#text": 7036}, "Version": 0, "Level": 4, "Task": 0, "Opcode": 0, "Keywords": "0x8080000000000000", "TimeCreated": {"#attributes": {"SystemTime": "2025-06-08T16:24:58.974202Z"}}, "EventRecordID": 1060, "Correlation": null, "Execution": {"#attributes": {"ProcessID": 636, "ThreadID": 944}}, "Channel": "System", "Computer": "DC01.pirate.htb", "Security": null}, "EventData": {"param1": "Windows Defender Antivirus Network Inspection Service", "param2": "running", "Binary": "570064004E00690073005300760063002F0034000000"}}},
{"TimeGenerated": "2025-06-08T16:24:59.130338Z", "EventID": {"#attributes": {"Qualifiers": 16384}, "#text": 7036}, "Computer": "DC01.pirate.htb", "RawEvent": {"#attributes": {"xmlns": "http://schemas.microsoft.com/win/2004/08/events/event"}, "System": {"Provider": {"#attributes": {"Name": "Service Control Manager", "Guid": "{555908d1-a6d7-4695-8e1e-26931d2012f4}", "EventSourceName": "Service Control Manager"}}, "EventID": {"#attributes": {"Qualifiers": 16384}, "#text": 7036}, "Version": 0, "Level": 4, "Task": 0, "Opcode": 0, "Keywords": "0x8080000000000000", "TimeCreated": {"#attributes": {"SystemTime": "2025-06-08T16:24:59.130338Z"}}, "EventRecordID": 1061, "Correlation": null, "Execution": {"#attributes": {"ProcessID": 636, "ThreadID": 488}}, "Channel": "System", "Computer": "DC01.pirate.htb", "Security": null}, "EventData": {"param1": "Distributed Transaction Coordinator", "param2": "running", "Binary": "4D0053004400540043002F0034000000"}}},
{"TimeGenerated": "2025-06-08T16:25:00.317899Z", "EventID": {"#attributes": {"Qualifiers": 16384}, "#text": 7036}, "Computer": "DC01.pirate.htb", "RawEvent": {"#attributes": {"xmlns": "http://schemas.microsoft.com/win/2004/08/events/event"}, "System": {"Provider": {"#attributes": {"Name": "Service Control Manager", "Guid": "{555908d1-a6d7-4695-8e1e-26931d2012f4}", "EventSourceName": "Service Control Manager"}}, "EventID": {"#attributes": {"Qualifiers": 16384}, "#text": 7036}, "Version": 0, "Level": 4, "Task": 0, "Opcode": 0, "Keywords": "0x8080000000000000", "TimeCreated": {"#attributes": {"SystemTime": "2025-06-08T16:25:00.317899Z"}}, "EventRecordID": 1062, "Correlation": null, "Execution": {"#attributes": {"ProcessID": 636, "ThreadID": 944}}, "Channel": "System", "Computer": "DC01.pirate.htb", "Security": null}, "EventData": {"param1": "Volume Shadow Copy", "param2": "running", "Binary": "5600530053002F0034000000"}}},
{"TimeGenerated": "2025-06-08T16:25:02.796993Z", "EventID": 139, "Computer": "DC01.pirate.htb", "RawEvent": {"#attributes": {"xmlns": "http://schemas.microsoft.com/win/2004/08/events/event"}, "System": {"Provider": {"#attributes": {"Name": "Microsoft-Windows-Time-Service", "Guid": "06EDCFEB-0FD0-4E53-ACCA-A6F8BBF81BCB"}}, "EventID": 139, "Version": 0, "Level": 4, "Task": 0, "Opcode": 0, "Keywords": "0x8000000000000000", "TimeCreated": {"#attributes": {"SystemTime": "2025-06-08T16:25:02.796993Z"}}, "EventRecordID": 1063, "Correlation": null, "Execution": {"#attributes": {"ProcessID": 664, "ThreadID": 4540}}, "Channel": "System", "Computer": "DC01.pirate.htb", "Security": {"#attributes": {"UserID": "S-1-5-19"}}}, "EventData": {"#attributes": {"Name": "TMP_EVENT_START_ADVERTISING"}}}},
{"TimeGenerated": "2025-06-08T16:25:02.796995Z", "EventID": 143, "Computer": "DC01.pirate.htb", "RawEvent": {"#attributes": {"xmlns": "http://schemas.microsoft.com/win/2004/08/events/event"}, "System": {"Provider": {"#attributes": {"Name": "Microsoft-Windows-Time-Service", "Guid": "06EDCFEB-0FD0-4E53-ACCA-A6F8BBF81BCB"}}, "EventID": 143, "Version": 0, "Level": 4, "Task": 0, "Opcode": 0, "Keywords": "0x8000000000000000", "TimeCreated": {"#attributes": {"SystemTime": "2025-06-08T16:25:02.796995Z"}}, "EventRecordID": 1064, "Correlation": null, "Execution": {"#attributes": {"ProcessID": 664, "ThreadID": 4540}}, "Channel": "System", "Computer": "DC01.pirate.htb", "Security": {"#attributes": {"UserID": "S-1-5-19"}}}, "EventData": {"#attributes": {"Name": "TMP_EVENT_START_ADVERTISING_GT"}}}},
{"TimeGenerated": "2025-06-08T16:25:10.134814Z", "EventID": {"#attributes": {"Qualifiers": 7}, "#text": 10154}, "Computer": "DC01.pirate.htb", "RawEvent": {"#attributes": {"xmlns": "http://schemas.microsoft.com/win/2004/08/events/event"}, "System": {"Provider": {"#attributes": {"Name": "Microsoft-Windows-WinRM", "Guid": "{A7975C8F-AC13-49F1-87DA-5A984A4AB417}", "EventSourceName": "WinRM"}}, "EventID": {"#attributes": {"Qualifiers": 7}, "#text": 10154}, "Version": 0, "Level": 3, "Task": 0, "Opcode": 0, "Keywords": "0x80000000000000", "TimeCreated": {"#attributes": {"SystemTime": "2025-06-08T16:25:10.134814Z"}}, "EventRecordID": 1065, "Correlation": null, "Execution": {"#attributes": {"ProcessID": 0, "ThreadID": 0}}, "Channel": "System", "Computer": "DC01.pirate.htb", "Security": null}, "EventData": {"spn1": "WSMAN/DC01.pirate.htb", "spn2": "WSMAN/DC01", "error": "1355"}}},
{"TimeGenerated": "2025-06-08T16:25:10.104765Z", "EventID": 12, "Computer": "DC01.pirate.htb", "RawEvent": {"#attributes": {"xmlns": "http://schemas.microsoft.com/win/2004/08/events/event"}, "System": {"Provider": {"#attributes": {"Name": "Microsoft-Windows-Time-Service", "Guid": "06EDCFEB-0FD0-4E53-ACCA-A6F8BBF81BCB"}}, "EventID": 12, "Version": 0, "Level": 3, "Task": 0, "Opcode": 0, "Keywords": "0x8000000000000000", "TimeCreated": {"#attributes": {"SystemTime": "2025-06-08T16:25:10.104765Z"}}, "EventRecordID": 1066, "Correlation": null, "Execution": {"#attributes": {"ProcessID": 664, "ThreadID": 1136}}, "Channel": "System", "Computer": "DC01.pirate.htb", "Security": {"#attributes": {"UserID": "S-1-5-19"}}}, "EventData": {"#attributes": {"Name": "TMP_EVENT_DOMAIN_HIERARCHY_ROOT"}}}},
{"TimeGenerated": "2025-06-08T16:25:10.103517Z", "EventID": {"#attributes": {"Qualifiers": 16384}, "#text": 7036}, "Computer": "DC01.pirate.htb", "RawEvent": {"#attributes": {"xmlns": "http://schemas.microsoft.com/win/2004/08/events/event"}, "System": {"Provider": {"#attributes": {"Name": "Service Control Manager", "Guid": "{555908d1-a6d7-4695-8e1e-26931d2012f4}", "EventSourceName": "Service Control Manager"}}, "EventID": {"#attributes": {"Qualifiers": 16384}, "#text": 7036}, "Version": 0, "Level": 4, "Task": 0, "Opcode": 0, "Keywords": "0x8080000000000000", "TimeCreated": {"#attributes": {"SystemTime": "2025-06-08T16:25:10.103517Z"}}, "EventRecordID": 1067, "Correlation": null, "Execution": {"#attributes": {"ProcessID": 636, "ThreadID": 944}}, "Channel": "System", "Computer": "DC01.pirate.htb", "Security": null}, "EventData": {"param1": "W32Time", "param2": "running", "Binary": "570033003200540069006D0065002F0034000000"}}},
{"TimeGenerated": "2025-06-08T16:25:12.645997Z", "EventID": {"#attributes": {"Qualifiers": 0}, "#text": 5774}, "Computer": "DC01.pirate.htb", "RawEvent": {"#attributes": {"xmlns": "http://schemas.microsoft.com/win/2004/08/events/event"}, "System": {"Provider": {"#attributes": {"Name": "NETLOGON"}}, "EventID": {"#attributes": {"Qualifiers": 0}, "#text": 5774}, "Level": 2, "Task": 0, "Keywords": "0x80000000000000", "TimeCreated": {"#attributes": {"SystemTime": "2025-06-08T16:25:12.645997Z"}}, "EventRecordID": 1068, "Channel": "System", "Computer": "DC01.pirate.htb", "Security": null}, "EventData": {"Data": {"#text": ["pirate.htb. 600 IN A 10.10.11.208", "%%9502", "::", "0", "0"]}, "Binary": "0000"}}},
{"TimeGenerated": "2025-06-08T16:25:12.552227Z", "EventID": {"#attributes": {"Qualifiers": 16384}, "#text": 7036}, "Computer": "DC01.pirate.htb", "RawEvent": {"#attributes": {"xmlns": "http://schemas.microsoft.com/win/2004/08/events/event"}, "System": {"Provider": {"#attributes": {"Name": "Service Control Manager", "Guid": "{555908d1-a6d7-4695-8e1e-26931d2012f4}", "EventSourceName": "Service Control Manager"}}, "EventID": {"#attributes": {"Qualifiers": 16384}, "#text": 7036}, "Version": 0, "Level": 4, "Task": 0, "Opcode": 0, "Keywords": "0x8080000000000000", "TimeCreated": {"#attributes": {"SystemTime": "2025-06-08T16:25:12.552227Z"}}, "EventRecordID": 1069, "Correlation": null, "Execution": {"#attributes": {"ProcessID": 636, "ThreadID": 944}}, "Channel": "System", "Computer": "DC01.pirate.htb", "Security": null}, "EventData": {"param1": "DNS", "param2": "running", "Binary": "44004E0053002F0034000000"}}},
{"TimeGenerated": "2025-06-08T16:25:13.170820Z", "EventID": 1502, "Computer": "DC01.pirate.htb", "RawEvent": {"#attributes": {"xmlns": "http://schemas.microsoft.com/win/2004/08/events/event"}, "System": {"Provider": {"#attributes": {"Name": "Microsoft-Windows-GroupPolicy", "Guid": "AEA1B4FA-97D1-45F2-A64C-4D69FFFD92C9"}}, "EventID": 1502, "Version": 0, "Level": 4, "Task": 0, "Opcode": 1, "Keywords": "0x8000000000000000", "TimeCreated": {"#attributes": {"SystemTime": "2025-06-08T16:25:13.170820Z"}}, "EventRecordID": 1070, "Correlation": {"#attributes": {"ActivityID": "63F8BCF5-E94F-4A94-B400-626D79171915"}}, "Execution": {"#attributes": {"ProcessID": 1420, "ThreadID": 4004}}, "Channel": "System", "Computer": "DC01.pirate.htb", "Security": {"#attributes": {"UserID": "S-1-5-18"}}}, "EventData": {"SupportInfo1": 1, "SupportInfo2": 4213, "ProcessingMode": 1, "ProcessingTimeInMilliseconds": 500, "DCName": "\\\\DC01.pirate.htb", "NumberOfGroupPolicyObjects": 2}}},
