2025-06-09T15:45:51.196812Z,7001,DC01.pirate.htb,Microsoft-Windows-Winlogon,System,2838,4,,,,,,,,,,,,,,,,,,,,,,,,,,,,,,,,,,,,,,,,,,,,,,,,,,,,,,,,,,,,,,,,,,,,,,,,,,,,,,,,,,,,,,,,,,,,,,,,,,,,,,,,,,,,,,,,,,,,,,,,,,,,,,,,,,,,,,,,,,,,,,,,,,,,,,,,,,,,,,,,,,,,,,,,,,,,,,,,,,1,,,,,,,,,,,,,S-1-5-21-4107424128-4158083573-1300325248-500,,,,,,,,,,,,,,,,,,,,,,,,,,,
2025-06-09T15:45:51.466568Z,"{'#attributes': {'Qualifiers': 16384}, '#text': 7036}",DC01.pirate.htb,Service Control Manager,System,2839,4,,,,,,,570070006E00550073006500720053006500720076006900630065005F00340033006100330036002F0034000000,,,,,,,,,,,,,,,,,,,,,,,,,,,,,,,,,,,,,,,,,,,,,,,,,,,,,,,,,,,,,,,,,,,,,,,,,,,,,,,,,,,,,,,,,,,,,,,,,,,,,,,,,,,,,,,,,,,,,,,,,,,,,,,,,,,,,,,,,,,,,,,,,,,,,,,,,,,,,,,,,,,,,,,,,,,,,,,,,,,,,,,,,,,,,,,,,,,Windows Push Notifications User Service_43a36,,,running,,,,,,,,,,,,,
2025-06-09T15:45:51.482212Z,"{'#attributes': {'Qualifiers': 16384}, '#text': 7036}",DC01.pirate.htb,Service Control Manager,System,2840,4,,,,,,,43004400500055007300650072005300760063005F00340033006100330036002F0034000000,,,,,,,,,,,,,,,,,,,,,,,,,,,,,,,,,,,,,,,,,,,,,,,,,,,,,,,,,,,,,,,,,,,,,,,,,,,,,,,,,,,,,,,,,,,,,,,,,,,,,,,,,,,,,,,,,,,,,,,,,,,,,,,,,,,,,,,,,,,,,,,,,,,,,,,,,,,,,,,,,,,,,,,,,,,,,,,,,,,,,,,,,,,,,,,,,,,Connected Devices Platform User Service_43a36,,,running,,,,,,,,,,,,,
2025-06-09T15:45:51.482212Z,"{'#attributes': {'Qualifiers': 16384}, '#text': 7036}",DC01.pirate.htb,Service Control Manager,System,2841,4,,,,,,,54006F006B0065006E00420072006F006B00650072002F0034000000,,,,,,,,,,,,,,,,,,,,,,,,,,,,,,,,,,,,,,,,,,,,,,,,,,,,,,,,,,,,,,,,,,,,,,,,,,,,,,,,,,,,,,,,,,,,,,,,,,,,,,,,,,,,,,,,,,,,,,,,,,,,,,,,,,,,,,,,,,,,,,,,,,,,,,,,,,,,,,,,,,,,,,,,,,,,,,,,,,,,,,,,,,,,,,,,,,,Web Account Manager,,,running,,,,,,,,,,,,,
2025-06-09T15:45:51.575749Z,"{'#attributes': {'Qualifiers': 16384}, '#text': 7036}",DC01.pirate.htb,Service Control Manager,System,2842,4,,,,,,,5400610062006C006500740049006E0070007500740053006500720076006900630065002F0034000000,,,,,,,,,,,,,,,,,,,,,,,,,,,,,,,,,,,,,,,,,,,,,,,,,,,,,,,,,,,,,,,,,,,,,,,,,,,,,,,,,,,,,,,,,,,,,,,,,,,,,,,,,,,,,,,,,,,,,,,,,,,,,,,,,,,,,,,,,,,,,,,,,,,,,,,,,,,,,,,,,,,,,,,,,,,,,,,,,,,,,,,,,,,,,,,,,,,Touch Keyboard and Handwriting Panel Service,,,running,,,,,,,,,,,,,
2025-06-09T15:45:51.622624Z,"{'#attributes': {'Qualifiers': 16384}, '#text': 7036}",DC01.pirate.htb,Service Control Manager,System,2843,4,,,,,,,4300440050005300760063002F0034000000,,,,,,,,,,,,,,,,,,,,,,,,,,,,,,,,,,,,,,,,,,,,,,,,,,,,,,,,,,,,,,,,,,,,,,,,,,,,,,,,,,,,,,,,,,,,,,,,,,,,,,,,,,,,,,,,,,,,,,,,,,,,,,,,,,,,,,,,,,,,,,,,,,,,,,,,,,,,,,,,,,,,,,,,,,,,,,,,,,,,,,,,,,,,,,,,,,,Connected Devices Platform Service,,,running,,,,,,,,,,,,,
2025-06-09T15:45:51.685689Z,"{'#attributes': {'Qualifiers': 16384}, '#text': 7036}",DC01.pirate.htb,Service Control Manager,System,2844,4,,,,,,,530074006100740065005200650070006F007300690074006F00720079002F0034000000,,,,,,,,,,,,,,,,,,,,,,,,,,,,,,,,,,,,,,,,,,,,,,,,,,,,,,,,,,,,,,,,,,,,,,,,,,,,,,,,,,,,,,,,,,,,,,,,,,,,,,,,,,,,,,,,,,,,,,,,,,,,,,,,,,,,,,,,,,,,,,,,,,,,,,,,,,,,,,,,,,,,,,,,,,,,,,,,,,,,,,,,,,,,,,,,,,,State Repository Service,,,running,,,,,,,,,,,,,
2025-06-09T15:45:51.732488Z,"{'#attributes': {'Qualifiers': 16384}, '#text': 7036}",DC01.pirate.htb,Service Control Manager,System,2845,4,,,,,,,41007000700058005300760063002F0034000000,,,,,,,,,,,,,,,,,,,,,,,,,,,,,,,,,,,,,,,,,,,,,,,,,,,,,,,,,,,,,,,,,,,,,,,,,,,,,,,,,,,,,,,,,,,,,,,,,,,,,,,,,,,,,,,,,,,,,,,,,,,,,,,,,,,,,,,,,,,,,,,,,,,,,,,,,,,,,,,,,,,,,,,,,,,,,,,,,,,,,,,,,,,,,,,,,,,AppX Deployment Service (AppXSVC),,,running,,,,,,,,,,,,,
2025-06-09T15:45:52.393973Z,12,DC01.pirate.htb,Microsoft-Windows-Time-Service,System,2846,3,,,,,,,,,,,,,,,,,,,,,,,,,,,,,,,,,,,,,,,,,,,,,,,,,,,,,,,,,,,,,,,,,,,,,,,,,,,,,,,,,,,,,,,,,,,,,,,,,,,,,,,,,,TMP_EVENT_DOMAIN_HIERARCHY_ROOT,,,,,,,,,,,,,,,,,,,,,,,,,,,,,,,,,,,,,,,,,,,,,,,,,,,,,,,,,,,,,,,,,,,,,,,,,,,,,,,,,,,,,,,,,,,,,,,,,,,,,,,,,,,,,,,,
2025-06-09T15:45:54.979628Z,"{'#attributes': {'Qualifiers': 16384}, '#text': 7036}",DC01.pirate.htb,Service Control Manager,System,2847,4,,,,,,,4E0065007400530065007400750070005300760063002F0034000000,,,,,,,,,,,,,,,,,,,,,,,,,,,,,,,,,,,,,,,,,,,,,,,,,,,,,,,,,,,,,,,,,,,,,,,,,,,,,,,,,,,,,,,,,,,,,,,,,,,,,,,,,,,,,,,,,,,,,,,,,,,,,,,,,,,,,,,,,,,,,,,,,,,,,,,,,,,,,,,,,,,,,,,,,,,,,,,,,,,,,,,,,,,,,,,,,,,Network Setup Service,,,running,,,,,,,,,,,,,
2025-06-09T15:45:56.814135Z,102,DC01.pirate.htb,Microsoft-Windows-Hyper-V-VmSwitch,System,2848,4,,,,,,,,,,,,,,,,,,,,,,,,,,,,,,,,,,,,,,,,,,,,,,,,,,,,,,,,,,,,,,,,,,,,,,,,,,,,,,,,,,,,,,,,,,,,,,,,,,,,,,,,,,,,,,,,,,,,,,,,,,,,,,,,,,,,,,,,,,,,,,,,,,,,,,,,,,,,,,,,,,,,,,,,,,,,,,,,,,,,,,,,,,,,,,,,6D41DBBA-7239-49AA-838D-21B7E31BBA14,36,WEB01,5,,,,,,,,,,,,,,,,,,,,,,,
2025-06-09T15:46:03.269059Z,"{'#attributes': {'Qualifiers': 0}, '#text': 6038}",DC01.pirate.htb,LsaSrv,System,2849,3,,,,,,,,,,,,,,,,,,,,,,,,,,,,,,,,,,,,,,,,,,,,,,,,,,,,,,,,,,,,,,,,,,,,,,,,,,,,,,,,,,,,,,,,,,,,,,,,,,,,,,,,,,,,,,,,,,,,,,,,,,,,,,,,,,,,,,,,,,,,,,,,,,,,,,,,,,,,,,,,,,,,,,,,,,,,,,,,,,,,,,,,,,,,,,,,,,,,,,,,,,,,,,,,,,,,,,,,,,
2025-06-09T15:46:03.133068Z,"{'#attributes': {'Qualifiers': 16384}, '#text': 7036}",DC01.pirate.htb,Service Control Manager,System,2850,4,,,,,,,42004900540053002F0034000000,,,,,,,,,,,,,,,,,,,,,,,,,,,,,,,,,,,,,,,,,,,,,,,,,,,,,,,,,,,,,,,,,,,,,,,,,,,,,,,,,,,,,,,,,,,,,,,,,,,,,,,,,,,,,,,,,,,,,,,,,,,,,,,,,,,,,,,,,,,,,,,,,,,,,,,,,,,,,,,,,,,,,,,,,,,,,,,,,,,,,,,,,,,,,,,,,,,Background Intelligent Transfer Service,,,running,,,,,,,,,,,,,
2025-06-09T15:46:03.154028Z,"{'#attributes': {'Qualifiers': 16384}, '#text': 7040}",DC01.pirate.htb,Service Control Manager,System,2851,4,,,,,,,,,,,,,,,,,,,,,,,,,,,,,,,,,,,,,,,,,,,,,,,,,,,,,,,,,,,,,,,,,,,,,,,,,,,,,,,,,,,,,,,,,,,,,,,,,,,,,,,,,,,,,,,,,,,,,,,,,,,,,,,,,,,,,,,,,,,,,,,,,,,,,,,,,,,,,,,,,,,,,,,,,,,,,,,,,,,,,,,,,,,,,,,,,,,,,,,,,,Background Intelligent Transfer Service,,,demand start,auto start,BITS,,,,,,,,,,,
2025-06-09T15:46:03.337140Z,"{'#attributes': {'Qualifiers': 16384}, '#text': 7036}",DC01.pirate.htb,Service Control Manager,System,2852,4,,,,,,,77006D006900410070005300720076002F0034000000,,,,,,,,,,,,,,,,,,,,,,,,,,,,,,,,,,,,,,,,,,,,,,,,,,,,,,,,,,,,,,,,,,,,,,,,,,,,,,,,,,,,,,,,,,,,,,,,,,,,,,,,,,,,,,,,,,,,,,,,,,,,,,,,,,,,,,,,,,,,,,,,,,,,,,,,,,,,,,,,,,,,,,,,,,,,,,,,,,,,,,,,,,,,,,,,,,,WMI Performance Adapter,,,running,,,,,,,,,,,,,
2025-06-09T15:46:04.097013Z,"{'#attributes': {'Qualifiers': 16384}, '#text': 7036}",DC01.pirate.htb,Service Control Manager,System,2853,4,,,,,,,77006C00690064007300760063002F0034000000,,,,,,,,,,,,,,,,,,,,,,,,,,,,,,,,,,,,,,,,,,,,,,,,,,,,,,,,,,,,,,,,,,,,,,,,,,,,,,,,,,,,,,,,,,,,,,,,,,,,,,,,,,,,,,,,,,,,,,,,,,,,,,,,,,,,,,,,,,,,,,,,,,,,,,,,,,,,,,,,,,,,,,,,,,,,,,,,,,,,,,,,,,,,,,,,,,,Microsoft Account Sign-in Assistant,,,running,,,,,,,,,,,,,
2025-06-09T15:46:22.454128Z,"{'#attributes': {'Qualifiers': 16384}, '#text': 7036}",DC01.pirate.htb,Service Control Manager,System,2854,4,,,,,,,7300700070007300760063002F0031000000,,,,,,,,,,,,,,,,,,,,,,,,,,,,,,,,,,,,,,,,,,,,,,,,,,,,,,,,,,,,,,,,,,,,,,,,,,,,,,,,,,,,,,,,,,,,,,,,,,,,,,,,,,,,,,,,,,,,,,,,,,,,,,,,,,,,,,,,,,,,,,,,,,,,,,,,,,,,,,,,,,,,,,,,,,,,,,,,,,,,,,,,,,,,,,,,,,,Software Protection,,,stopped,,,,,,,,,,,,,
2025-06-09T15:47:06.422418Z,"{'#attributes': {'Qualifiers': 16384}, '#text': 7036}",DC01.pirate.htb,Service Control Manager,System,2855,4,,,,,,,4E0065007400530065007400750070005300760063002F0031000000,,,,,,,,,,,,,,,,,,,,,,,,,,,,,,,,,,,,,,,,,,,,,,,,,,,,,,,,,,,,,,,,,,,,,,,,,,,,,,,,,,,,,,,,,,,,,,,,,,,,,,,,,,,,,,,,,,,,,,,,,,,,,,,,,,,,,,,,,,,,,,,,,,,,,,,,,,,,,,,,,,,,,,,,,,,,,,,,,,,,,,,,,,,,,,,,,,,Network Setup Service,,,stopped,,,,,,,,,,,,,
2025-06-09T15:47:11.718541Z,1796,DC01.pirate.htb,Microsoft-Windows-TPM-WMI,System,2856,2,,,,,,,,,,,,,,,,,,,,,,,,,,,,,,,,,,,,,,,,,,,,,,,,,,,,,,,,,,,,,,,,,,,,,,,,-2147020471,,,,,,,,,,,,,,,,,,,,,,,,,,,,,,,,,,,,,,,,,,,,,,,,,,,,,,,,,,,,,,,,,,,,,,,,,,,,,,,,,,,,,,,,,,,,,,,,,,,,,,,,,,,,,,,,,,,,,,,,,,,,,,,,,,,,,,,,,,,,,,,,,,
2025-06-09T15:47:43.249061Z,"{'#attributes': {'Qualifiers': 16384}, '#text': 7036}",DC01.pirate.htb,Service Control Manager,System,2857,4,,,,,,,4400500053002F0034000000,,,,,,,,,,,,,,,,,,,,,,,,,,,,,,,,,,,,,,,,,,,,,,,,,,,,,,,,,,,,,,,,,,,,,,,,,,,,,,,,,,,,,,,,,,,,,,,,,,,,,,,,,,,,,,,,,,,,,,,,,,,,,,,,,,,,,,,,,,,,,,,,,,,,,,,,,,,,,,,,,,,,,,,,,,,,,,,,,,,,,,,,,,,,,,,,,,,Diagnostic Policy Service,,,running,,,,,,,,,,,,,
2025-06-09T15:47:43.405813Z,"{'#attributes': {'Qualifiers': 16384}, '#text': 7036}",DC01.pirate.htb,Service Control Manager,System,2858,4,,,,,,,4D00610070007300420072006F006B00650072002F0034000000,,,,,,,,,,,,,,,,,,,,,,,,,,,,,,,,,,,,,,,,,,,,,,,,,,,,,,,,,,,,,,,,,,,,,,,,,,,,,,,,,,,,,,,,,,,,,,,,,,,,,,,,,,,,,,,,,,,,,,,,,,,,,,,,,,,,,,,,,,,,,,,,,,,,,,,,,,,,,,,,,,,,,,,,,,,,,,,,,,,,,,,,,,,,,,,,,,,Downloaded Maps Manager,,,running,,,,,,,,,,,,,
2025-06-09T15:47:43.545028Z,"{'#attributes': {'Qualifiers': 16384}, '#text': 7036}",DC01.pirate.htb,Service Control Manager,System,2859,4,,,,,,,7300700070007300760063002F0034000000,,,,,,,,,,,,,,,,,,,,,,,,,,,,,,,,,,,,,,,,,,,,,,,,,,,,,,,,,,,,,,,,,,,,,,,,,,,,,,,,,,,,,,,,,,,,,,,,,,,,,,,,,,,,,,,,,,,,,,,,,,,,,,,,,,,,,,,,,,,,,,,,,,,,,,,,,,,,,,,,,,,,,,,,,,,,,,,,,,,,,,,,,,,,,,,,,,,Software Protection,,,running,,,,,,,,,,,,,
2025-06-09T15:47:47.986849Z,"{'#attributes': {'Qualifiers': 16384}, '#text': 7036}",DC01.pirate.htb,Service Control Manager,System,2860,4,,,,,,,550041004C005300560043002F0034000000,,,,,,,,,,,,,,,,,,,,,,,,,,,,,,,,,,,,,,,,,,,,,,,,,,,,,,,,,,,,,,,,,,,,,,,,,,,,,,,,,,,,,,,,,,,,,,,,,,,,,,,,,,,,,,,,,,,,,,,,,,,,,,,,,,,,,,,,,,,,,,,,,,,,,,,,,,,,,,,,,,,,,,,,,,,,,,,,,,,,,,,,,,,,,,,,,,,User Access Logging Service,,,running,,,,,,,,,,,,,
2025-06-09T15:47:48.188922Z,"{'#attributes': {'Qualifiers': 16384}, '#text': 7036}",DC01.pirate.htb,Service Control Manager,System,2861,4,,,,,,,550073006F005300760063002F0034000000,,,,,,,,,,,,,,,,,,,,,,,,,,,,,,,,,,,,,,,,,,,,,,,,,,,,,,,,,,,,,,,,,,,,,,,,,,,,,,,,,,,,,,,,,,,,,,,,,,,,,,,,,,,,,,,,,,,,,,,,,,,,,,,,,,,,,,,,,,,,,,,,,,,,,,,,,,,,,,,,,,,,,,,,,,,,,,,,,,,,,,,,,,,,,,,,,,,Update Orchestrator Service,,,running,,,,,,,,,,,,,
2025-06-09T15:47:51.374887Z,"{'#attributes': {'Qualifiers': 16384}, '#text': 7036}",DC01.pirate.htb,Service Control Manager,System,2862,4,,,,,,,57005000440042007500730045006E0075006D002F0031000000,,,,,,,,,,,,,,,,,,,,,,,,,,,,,,,,,,,,,,,,,,,,,,,,,,,,,,,,,,,,,,,,,,,,,,,,,,,,,,,,,,,,,,,,,,,,,,,,,,,,,,,,,,,,,,,,,,,,,,,,,,,,,,,,,,,,,,,,,,,,,,,,,,,,,,,,,,,,,,,,,,,,,,,,,,,,,,,,,,,,,,,,,,,,,,,,,,,Portable Device Enumerator Service,,,stopped,,,,,,,,,,,,,
2025-06-09T15:47:53.427759Z,"{'#attributes': {'Qualifiers': 16384}, '#text': 7036}",DC01.pirate.htb,Service Control Manager,System,2863,4,,,,,,,4D00610070007300420072006F006B00650072002F0031000000,,,,,,,,,,,,,,,,,,,,,,,,,,,,,,,,,,,,,,,,,,,,,,,,,,,,,,,,,,,,,,,,,,,,,,,,,,,,,,,,,,,,,,,,,,,,,,,,,,,,,,,,,,,,,,,,,,,,,,,,,,,,,,,,,,,,,,,,,,,,,,,,,,,,,,,,,,,,,,,,,,,,,,,,,,,,,,,,,,,,,,,,,,,,,,,,,,,Downloaded Maps Manager,,,stopped,,,,,,,,,,,,,
2025-06-09T15:48:03.774333Z,"{'#attributes': {'Qualifiers': 16384}, '#text': 7036}",DC01.pirate.htb,Service Control Manager,System,2864,4,,,,,,,77006D006900410070005300720076002F0031000000,,,,,,,,,,,,,,,,,,,,,,,,,,,,,,,,,,,,,,,,,,,,,,,,,,,,,,,,,,,,,,,,,,,,,,,,,,,,,,,,,,,,,,,,,,,,,,,,,,,,,,,,,,,,,,,,,,,,,,,,,,,,,,,,,,,,,,,,,,,,,,,,,,,,,,,,,,,,,,,,,,,,,,,,,,,,,,,,,,,,,,,,,,,,,,,,,,,WMI Performance Adapter,,,stopped,,,,,,,,,,,,,
2025-06-09T15:48:04.709864Z,"{'#attributes': {'Qualifiers': 16384}, '#text': 7036}",DC01.pirate.htb,Service Control Manager,System,2865,4,,,,,,,4B00640073005300760063002F0034000000,,,,,,,,,,,,,,,,,,,,,,,,,,,,,,,,,,,,,,,,,,,,,,,,,,,,,,,,,,,,,,,,,,,,,,,,,,,,,,,,,,,,,,,,,,,,,,,,,,,,,,,,,,,,,,,,,,,,,,,,,,,,,,,,,,,,,,,,,,,,,,,,,,,,,,,,,,,,,,,,,,,,,,,,,,,,,,,,,,,,,,,,,,,,,,,,,,,Microsoft Key Distribution Service,,,running,,,,,,,,,,,,,
2025-06-09T15:48:10.197594Z,"{'#attributes': {'Qualifiers': 16384}, '#text': 7036}",DC01.pirate.htb,Service Control Manager,System,2866,4,,,,,,,540072007500730074006500640049006E007300740061006C006C00650072002F0031000000,,,,,,,,,,,,,,,,,,,,,,,,,,,,,,,,,,,,,,,,,,,,,,,,,,,,,,,,,,,,,,,,,,,,,,,,,,,,,,,,,,,,,,,,,,,,,,,,,,,,,,,,,,,,,,,,,,,,,,,,,,,,,,,,,,,,,,,,,,,,,,,,,,,,,,,,,,,,,,,,,,,,,,,,,,,,,,,,,,,,,,,,,,,,,,,,,,,Windows Modules Installer,,,stopped,,,,,,,,,,,,,
2025-06-09T15:48:13.609073Z,"{'#attributes': {'Qualifiers': 16384}, '#text': 7036}",DC01.pirate.htb,Service Control Manager,System,2867,4,,,,,,,7300700070007300760063002F0031000000,,,,,,,,,,,,,,,,,,,,,,,,,,,,,,,,,,,,,,,,,,,,,,,,,,,,,,,,,,,,,,,,,,,,,,,,,,,,,,,,,,,,,,,,,,,,,,,,,,,,,,,,,,,,,,,,,,,,,,,,,,,,,,,,,,,,,,,,,,,,,,,,,,,,,,,,,,,,,,,,,,,,,,,,,,,,,,,,,,,,,,,,,,,,,,,,,,,Software Protection,,,stopped,,,,,,,,,,,,,
2025-06-09T15:48:18.231026Z,"{'#attributes': {'Qualifiers': 16384}, '#text': 7036}",DC01.pirate.htb,Service Control Manager,System,2868,4,,,,,,,770069007300760063002F0034000000,,,,,,,,,,,,,,,,,,,,,,,,,,,,,,,,,,,,,,,,,,,,,,,,,,,,,,,,,,,,,,,,,,,,,,,,,,,,,,,,,,,,,,,,,,,,,,,,,,,,,,,,,,,,,,,,,,,,,,,,,,,,,,,,,,,,,,,,,,,,,,,,,,,,,,,,,,,,,,,,,,,,,,,,,,,,,,,,,,,,,,,,,,,,,,,,,,,Windows Insider Service,,,running,,,,,,,,,,,,,
2025-06-09T15:48:44.391380Z,"{'#attributes': {'Qualifiers': 16384}, '#text': 7036}",DC01.pirate.htb,Service Control Manager,System,2869,4,,,,,,,76006D007600730073002F0031000000,,,,,,,,,,,,,,,,,,,,,,,,,,,,,,,,,,,,,,,,,,,,,,,,,,,,,,,,,,,,,,,,,,,,,,,,,,,,,,,,,,,,,,,,,,,,,,,,,,,,,,,,,,,,,,,,,,,,,,,,,,,,,,,,,,,,,,,,,,,,,,,,,,,,,,,,,,,,,,,,,,,,,,,,,,,,,,,,,,,,,,,,,,,,,,,,,,,VMware Snapshot Provider,,,stopped,,,,,,,,,,,,,
2025-06-09T15:48:44.407053Z,"{'#attributes': {'Qualifiers': 16384}, '#text': 7036}",DC01.pirate.htb,Service Control Manager,System,2870,4,,,,,,,5600530053002F0031000000,,,,,,,,,,,,,,,,,,,,,,,,,,,,,,,,,,,,,,,,,,,,,,,,,,,,,,,,,,,,,,,,,,,,,,,,,,,,,,,,,,,,,,,,,,,,,,,,,,,,,,,,,,,,,,,,,,,,,,,,,,,,,,,,,,,,,,,,,,,,,,,,,,,,,,,,,,,,,,,,,,,,,,,,,,,,,,,,,,,,,,,,,,,,,,,,,,,Volume Shadow Copy,,,stopped,,,,,,,,,,,,,
2025-06-09T15:49:18.310619Z,"{'#attributes': {'Qualifiers': 16384}, '#text': 7036}",DC01.pirate.htb,Service Control Manager,System,2871,4,,,,,,,770069007300760063002F0031000000,,,,,,,,,,,,,,,,,,,,,,,,,,,,,,,,,,,,,,,,,,,,,,,,,,,,,,,,,,,,,,,,,,,,,,,,,,,,,,,,,,,,,,,,,,,,,,,,,,,,,,,,,,,,,,,,,,,,,,,,,,,,,,,,,,,,,,,,,,,,,,,,,,,,,,,,,,,,,,,,,,,,,,,,,,,,,,,,,,,,,,,,,,,,,,,,,,,Windows Insider Service,,,stopped,,,,,,,,,,,,,
2025-06-09T15:49:58.922272Z,"{'#attributes': {'Qualifiers': 16384}, '#text': 7036}",DC01.pirate.htb,Service Control Manager,System,2872,4,,,,,,,4E00650074006D0061006E002F0034000000,,,,,,,,,,,,,,,,,,,,,,,,,,,,,,,,,,,,,,,,,,,,,,,,,,,,,,,,,,,,,,,,,,,,,,,,,,,,,,,,,,,,,,,,,,,,,,,,,,,,,,,,,,,,,,,,,,,,,,,,,,,,,,,,,,,,,,,,,,,,,,,,,,,,,,,,,,,,,,,,,,,,,,,,,,,,,,,,,,,,,,,,,,,,,,,,,,,Network Connections,,,running,,,,,,,,,,,,,
2025-06-09T15:49:59.028079Z,"{'#attributes': {'Qualifiers': 16384}, '#text': 7036}",DC01.pirate.htb,Service Control Manager,System,2873,4,,,,,,,4E0065007400530065007400750070005300760063002F0034000000,,,,,,,,,,,,,,,,,,,,,,,,,,,,,,,,,,,,,,,,,,,,,,,,,,,,,,,,,,,,,,,,,,,,,,,,,,,,,,,,,,,,,,,,,,,,,,,,,,,,,,,,,,,,,,,,,,,,,,,,,,,,,,,,,,,,,,,,,,,,,,,,,,,,,,,,,,,,,,,,,,,,,,,,,,,,,,,,,,,,,,,,,,,,,,,,,,,Network Setup Service,,,running,,,,,,,,,,,,,
2025-06-09T15:50:03.681366Z,"{'#attributes': {'Qualifiers': 16384}, '#text': 7040}",DC01.pirate.htb,Service Control Manager,System,2874,4,,,,,,,,,,,,,,,,,,,,,,,,,,,,,,,,,,,,,,,,,,,,,,,,,,,,,,,,,,,,,,,,,,,,,,,,,,,,,,,,,,,,,,,,,,,,,,,,,,,,,,,,,,,,,,,,,,,,,,,,,,,,,,,,,,,,,,,,,,,,,,,,,,,,,,,,,,,,,,,,,,,,,,,,,,,,,,,,,,,,,,,,,,,,,,,,,,,,,,,,,,Background Intelligent Transfer Service,,,auto start,demand start,BITS,,,,,,,,,,,
2025-06-09T15:50:03.713372Z,"{'#attributes': {'Qualifiers': 16384}, '#text': 7036}",DC01.pirate.htb,Service Control Manager,System,2875,4,,,,,,,42004900540053002F0031000000,,,,,,,,,,,,,,,,,,,,,,,,,,,,,,,,,,,,,,,,,,,,,,,,,,,,,,,,,,,,,,,,,,,,,,,,,,,,,,,,,,,,,,,,,,,,,,,,,,,,,,,,,,,,,,,,,,,,,,,,,,,,,,,,,,,,,,,,,,,,,,,,,,,,,,,,,,,,,,,,,,,,,,,,,,,,,,,,,,,,,,,,,,,,,,,,,,,Background Intelligent Transfer Service,,,stopped,,,,,,,,,,,,,
2025-06-09T15:50:53.213046Z,"{'#attributes': {'Qualifiers': 16384}, '#text': 7036}",DC01.pirate.htb,Service Control Manager,System,2876,4,,,,,,,41007000700058005300760063002F0031000000,,,,,,,,,,,,,,,,,,,,,,,,,,,,,,,,,,,,,,,,,,,,,,,,,,,,,,,,,,,,,,,,,,,,,,,,,,,,,,,,,,,,,,,,,,,,,,,,,,,,,,,,,,,,,,,,,,,,,,,,,,,,,,,,,,,,,,,,,,,,,,,,,,,,,,,,,,,,,,,,,,,,,,,,,,,,,,,,,,,,,,,,,,,,,,,,,,,AppX Deployment Service (AppXSVC),,,stopped,,,,,,,,,,,,,
2025-06-09T15:51:11.115058Z,"{'#attributes': {'Qualifiers': 16384}, '#text': 7036}",DC01.pirate.htb,Service Control Manager,System,2877,4,,,,,,,57006100610053004D0065006400690063005300760063002F0034000000,,,,,,,,,,,,,,,,,,,,,,,,,,,,,,,,,,,,,,,,,,,,,,,,,,,,,,,,,,,,,,,,,,,,,,,,,,,,,,,,,,,,,,,,,,,,,,,,,,,,,,,,,,,,,,,,,,,,,,,,,,,,,,,,,,,,,,,,,,,,,,,,,,,,,,,,,,,,,,,,,,,,,,,,,,,,,,,,,,,,,,,,,,,,,,,,,,,Windows Update Medic Service,,,running,,,,,,,,,,,,,
2025-06-09T15:51:11.146436Z,"{'#attributes': {'Qualifiers': 16384}, '#text': 7036}",DC01.pirate.htb,Service Control Manager,System,2878,4,,,,,,,500075007300680054006F0049006E007300740061006C006C002F0034000000,,,,,,,,,,,,,,,,,,,,,,,,,,,,,,,,,,,,,,,,,,,,,,,,,,,,,,,,,,,,,,,,,,,,,,,,,,,,,,,,,,,,,,,,,,,,,,,,,,,,,,,,,,,,,,,,,,,,,,,,,,,,,,,,,,,,,,,,,,,,,,,,,,,,,,,,,,,,,,,,,,,,,,,,,,,,,,,,,,,,,,,,,,,,,,,,,,,Windows PushToInstall Service,,,running,,,,,,,,,,,,,
2025-06-09T15:51:11.146436Z,"{'#attributes': {'Qualifiers': 16384}, '#text': 7036}",DC01.pirate.htb,Service Control Manager,System,2879,4,,,,,,,770069007300760063002F0034000000,,,,,,,,,,,,,,,,,,,,,,,,,,,,,,,,,,,,,,,,,,,,,,,,,,,,,,,,,,,,,,,,,,,,,,,,,,,,,,,,,,,,,,,,,,,,,,,,,,,,,,,,,,,,,,,,,,,,,,,,,,,,,,,,,,,,,,,,,,,,,,,,,,,,,,,,,,,,,,,,,,,,,,,,,,,,,,,,,,,,,,,,,,,,,,,,,,,Windows Insider Service,,,running,,,,,,,,,,,,,
2025-06-09T15:51:11.286790Z,"{'#attributes': {'Qualifiers': 16384}, '#text': 7036}",DC01.pirate.htb,Service Control Manager,System,2880,4,,,,,,,7300700070007300760063002F0034000000,,,,,,,,,,,,,,,,,,,,,,,,,,,,,,,,,,,,,,,,,,,,,,,,,,,,,,,,,,,,,,,,,,,,,,,,,,,,,,,,,,,,,,,,,,,,,,,,,,,,,,,,,,,,,,,,,,,,,,,,,,,,,,,,,,,,,,,,,,,,,,,,,,,,,,,,,,,,,,,,,,,,,,,,,,,,,,,,,,,,,,,,,,,,,,,,,,,Software Protection,,,running,,,,,,,,,,,,,
2025-06-09T15:51:16.187341Z,"{'#attributes': {'Qualifiers': 16384}, '#text': 7036}",DC01.pirate.htb,Service Control Manager,System,2881,4,,,,,,,500075007300680054006F0049006E007300740061006C006C002F0031000000,,,,,,,,,,,,,,,,,,,,,,,,,,,,,,,,,,,,,,,,,,,,,,,,,,,,,,,,,,,,,,,,,,,,,,,,,,,,,,,,,,,,,,,,,,,,,,,,,,,,,,,,,,,,,,,,,,,,,,,,,,,,,,,,,,,,,,,,,,,,,,,,,,,,,,,,,,,,,,,,,,,,,,,,,,,,,,,,,,,,,,,,,,,,,,,,,,,Windows PushToInstall Service,,,stopped,,,,,,,,,,,,,
2025-06-09T15:51:41.404054Z,"{'#attributes': {'Qualifiers': 16384}, '#text': 7036}",DC01.pirate.htb,Service Control Manager,System,2882,4,,,,,,,7300700070007300760063002F0031000000,,,,,,,,,,,,,,,,,,,,,,,,,,,,,,,,,,,,,,,,,,,,,,,,,,,,,,,,,,,,,,,,,,,,,,,,,,,,,,,,,,,,,,,,,,,,,,,,,,,,,,,,,,,,,,,,,,,,,,,,,,,,,,,,,,,,,,,,,,,,,,,,,,,,,,,,,,,,,,,,,,,,,,,,,,,,,,,,,,,,,,,,,,,,,,,,,,,Software Protection,,,stopped,,,,,,,,,,,,,
2025-06-09T15:52:03.965946Z,"{'#attributes': {'Qualifiers': 16384}, '#text': 7036}",DC01.pirate.htb,Service Control Manager,System,2883,4,,,,,,,77006C00690064007300760063002F0031000000,,,,,,,,,,,,,,,,,,,,,,,,,,,,,,,,,,,,,,,,,,,,,,,,,,,,,,,,,,,,,,,,,,,,,,,,,,,,,,,,,,,,,,,,,,,,,,,,,,,,,,,,,,,,,,,,,,,,,,,,,,,,,,,,,,,,,,,,,,,,,,,,,,,,,,,,,,,,,,,,,,,,,,,,,,,,,,,,,,,,,,,,,,,,,,,,,,,Microsoft Account Sign-in Assistant,,,stopped,,,,,,,,,,,,,
2025-06-09T15:52:11.129105Z,"{'#attributes': {'Qualifiers': 16384}, '#text': 7036}",DC01.pirate.htb,Service Control Manager,System,2884,4,,,,,,,57006100610053004D0065006400690063005300760063002F0031000000,,,,,,,,,,,,,,,,,,,,,,,,,,,,,,,,,,,,,,,,,,,,,,,,,,,,,,,,,,,,,,,,,,,,,,,,,,,,,,,,,,,,,,,,,,,,,,,,,,,,,,,,,,,,,,,,,,,,,,,,,,,,,,,,,,,,,,,,,,,,,,,,,,,,,,,,,,,,,,,,,,,,,,,,,,,,,,,,,,,,,,,,,,,,,,,,,,,Windows Update Medic Service,,,stopped,,,,,,,,,,,,,
2025-06-09T15:52:11.281315Z,"{'#attributes': {'Qualifiers': 16384}, '#text': 7036}",DC01.pirate.htb,Service Control Manager,System,2885,4,,,,,,,770069007300760063002F0031000000,,,,,,,,,,,,,,,,,,,,,,,,,,,,,,,,,,,,,,,,,,,,,,,,,,,,,,,,,,,,,,,,,,,,,,,,,,,,,,,,,,,,,,,,,,,,,,,,,,,,,,,,,,,,,,,,,,,,,,,,,,,,,,,,,,,,,,,,,,,,,,,,,,,,,,,,,,,,,,,,,,,,,,,,,,,,,,,,,,,,,,,,,,,,,,,,,,,Windows Insider Service,,,stopped,,,,,,,,,,,,,
2025-06-09T15:53:01.951426Z,"{'#attributes': {'Qualifiers': 16384}, '#text': 7036}",DC01.pirate.htb,Service Control Manager,System,2886,4,,,,,,,4E0065007400530065007400750070005300760063002F0031000000,,,,,,,,,,,,,,,,,,,,,,,,,,,,,,,,,,,,,,,,,,,,,,,,,,,,,,,,,,,,,,,,,,,,,,,,,,,,,,,,,,,,,,,,,,,,,,,,,,,,,,,,,,,,,,,,,,,,,,,,,,,,,,,,,,,,,,,,,,,,,,,,,,,,,,,,,,,,,,,,,,,,,,,,,,,,,,,,,,,,,,,,,,,,,,,,,,,Network Setup Service,,,stopped,,,,,,,,,,,,,
2025-06-09T15:55:11.032835Z,"{'#attributes': {'Qualifiers': 16384}, '#text': 7036}",DC01.pirate.htb,Service Control Manager,System,2887,4,,,,,,,540072007500730074006500640049006E007300740061006C006C00650072002F0034000000,,,,,,,,,,,,,,,,,,,,,,,,,,,,,,,,,,,,,,,,,,,,,,,,,,,,,,,,,,,,,,,,,,,,,,,,,,,,,,,,,,,,,,,,,,,,,,,,,,,,,,,,,,,,,,,,,,,,,,,,,,,,,,,,,,,,,,,,,,,,,,,,,,,,,,,,,,,,,,,,,,,,,,,,,,,,,,,,,,,,,,,,,,,,,,,,,,,Windows Modules Installer,,,running,,,,,,,,,,,,,
2025-06-09T15:55:42.762426Z,"{'#attributes': {'Qualifiers': 16384}, '#text': 7036}",DC01.pirate.htb,Service Control Manager,System,2888,4,,,,,,,520065006D006F0074006500520065006700690073007400720079002F0031000000,,,,,,,,,,,,,,,,,,,,,,,,,,,,,,,,,,,,,,,,,,,,,,,,,,,,,,,,,,,,,,,,,,,,,,,,,,,,,,,,,,,,,,,,,,,,,,,,,,,,,,,,,,,,,,,,,,,,,,,,,,,,,,,,,,,,,,,,,,,,,,,,,,,,,,,,,,,,,,,,,,,,,,,,,,,,,,,,,,,,,,,,,,,,,,,,,,,Remote Registry,,,stopped,,,,,,,,,,,,,
2025-06-09T15:55:54.943202Z,"{'#attributes': {'Qualifiers': 16384}, '#text': 7036}",DC01.pirate.htb,Service Control Manager,System,2889,4,,,,,,,4E0065007400530065007400750070005300760063002F0034000000,,,,,,,,,,,,,,,,,,,,,,,,,,,,,,,,,,,,,,,,,,,,,,,,,,,,,,,,,,,,,,,,,,,,,,,,,,,,,,,,,,,,,,,,,,,,,,,,,,,,,,,,,,,,,,,,,,,,,,,,,,,,,,,,,,,,,,,,,,,,,,,,,,,,,,,,,,,,,,,,,,,,,,,,,,,,,,,,,,,,,,,,,,,,,,,,,,,Network Setup Service,,,running,,,,,,,,,,,,,
2025-06-09T15:56:08.818192Z,"{'#attributes': {'Qualifiers': 16384}, '#text': 7036}",DC01.pirate.htb,Service Control Manager,System,2890,4,,,,,,,530074006F0072005300760063002F0034000000,,,,,,,,,,,,,,,,,,,,,,,,,,,,,,,,,,,,,,,,,,,,,,,,,,,,,,,,,,,,,,,,,,,,,,,,,,,,,,,,,,,,,,,,,,,,,,,,,,,,,,,,,,,,,,,,,,,,,,,,,,,,,,,,,,,,,,,,,,,,,,,,,,,,,,,,,,,,,,,,,,,,,,,,,,,,,,,,,,,,,,,,,,,,,,,,,,,Storage Service,,,running,,,,,,,,,,,,,
2025-06-09T15:56:08.833622Z,"{'#attributes': {'Qualifiers': 16384}, '#text': 7036}",DC01.pirate.htb,Service Control Manager,System,2891,4,,,,,,,41007000700058005300760063002F0034000000,,,,,,,,,,,,,,,,,,,,,,,,,,,,,,,,,,,,,,,,,,,,,,,,,,,,,,,,,,,,,,,,,,,,,,,,,,,,,,,,,,,,,,,,,,,,,,,,,,,,,,,,,,,,,,,,,,,,,,,,,,,,,,,,,,,,,,,,,,,,,,,,,,,,,,,,,,,,,,,,,,,,,,,,,,,,,,,,,,,,,,,,,,,,,,,,,,,AppX Deployment Service (AppXSVC),,,running,,,,,,,,,,,,,
2025-06-09T15:56:08.849532Z,"{'#attributes': {'Qualifiers': 16384}, '#text': 7036}",DC01.pirate.htb,Service Control Manager,System,2892,4,,,,,,,43006C00690070005300560043002F0034000000,,,,,,,,,,,,,,,,,,,,,,,,,,,,,,,,,,,,,,,,,,,,,,,,,,,,,,,,,,,,,,,,,,,,,,,,,,,,,,,,,,,,,,,,,,,,,,,,,,,,,,,,,,,,,,,,,,,,,,,,,,,,,,,,,,,,,,,,,,,,,,,,,,,,,,,,,,,,,,,,,,,,,,,,,,,,,,,,,,,,,,,,,,,,,,,,,,,Client License Service (ClipSVC),,,running,,,,,,,,,,,,,
2025-06-09T15:57:12.027457Z,"{'#attributes': {'Qualifiers': 16384}, '#text': 7036}",DC01.pirate.htb,Service Control Manager,System,2893,4,,,,,,,540072007500730074006500640049006E007300740061006C006C00650072002F0031000000,,,,,,,,,,,,,,,,,,,,,,,,,,,,,,,,,,,,,,,,,,,,,,,,,,,,,,,,,,,,,,,,,,,,,,,,,,,,,,,,,,,,,,,,,,,,,,,,,,,,,,,,,,,,,,,,,,,,,,,,,,,,,,,,,,,,,,,,,,,,,,,,,,,,,,,,,,,,,,,,,,,,,,,,,,,,,,,,,,,,,,,,,,,,,,,,,,,Windows Modules Installer,,,stopped,,,,,,,,,,,,,
2025-06-09T15:57:27.909090Z,"{'#attributes': {'Qualifiers': 16384}, '#text': 7036}",DC01.pirate.htb,Service Control Manager,System,2894,4,,,,,,,4E0065007400530065007400750070005300760063002F0031000000,,,,,,,,,,,,,,,,,,,,,,,,,,,,,,,,,,,,,,,,,,,,,,,,,,,,,,,,,,,,,,,,,,,,,,,,,,,,,,,,,,,,,,,,,,,,,,,,,,,,,,,,,,,,,,,,,,,,,,,,,,,,,,,,,,,,,,,,,,,,,,,,,,,,,,,,,,,,,,,,,,,,,,,,,,,,,,,,,,,,,,,,,,,,,,,,,,,Network Setup Service,,,stopped,,,,,,,,,,,,,
2025-06-09T16:00:09.154132Z,6148,DC01.pirate.htb,LsaSrv,System,2895,4,,,,,,,,,,,,,,,,,,,,,,,,,,,,,,,,,,,,,,,,,,,,,,,,,,,,,,,,,,,,,,,,,,,,,,,,,,,,,,,,,,,,,,,,,,,,,,,,,,,,,,,,,,,,,,,,,,,,,,,,,,,,,,,,,,,,,,,,,,,,,,,,,,,,,,,,,,,,,,,,,,,,,,,,,,,,,,,,,,,,,,,,,,,,,,,,,,,,,,,,,,,,,,,,,,,,,,,,,,
2025-06-09T16:00:51.971919Z,"{'#attributes': {'Qualifiers': 16384}, '#text': 7036}",DC01.pirate.htb,Service Control Manager,System,2896,4,,,,,,,540072007500730074006500640049006E007300740061006C006C00650072002F0034000000,,,,,,,,,,,,,,,,,,,,,,,,,,,,,,,,,,,,,,,,,,,,,,,,,,,,,,,,,,,,,,,,,,,,,,,,,,,,,,,,,,,,,,,,,,,,,,,,,,,,,,,,,,,,,,,,,,,,,,,,,,,,,,,,,,,,,,,,,,,,,,,,,,,,,,,,,,,,,,,,,,,,,,,,,,,,,,,,,,,,,,,,,,,,,,,,,,,Windows Modules Installer,,,running,,,,,,,,,,,,,
2025-06-09T16:01:08.854966Z,"{'#attributes': {'Qualifiers': 16384}, '#text': 7036}",DC01.pirate.htb,Service Control Manager,System,2897,4,,,,,,,41007000700058005300760063002F0031000000,,,,,,,,,,,,,,,,,,,,,,,,,,,,,,,,,,,,,,,,,,,,,,,,,,,,,,,,,,,,,,,,,,,,,,,,,,,,,,,,,,,,,,,,,,,,,,,,,,,,,,,,,,,,,,,,,,,,,,,,,,,,,,,,,,,,,,,,,,,,,,,,,,,,,,,,,,,,,,,,,,,,,,,,,,,,,,,,,,,,,,,,,,,,,,,,,,,AppX Deployment Service (AppXSVC),,,stopped,,,,,,,,,,,,,
2025-06-09T16:01:08.870430Z,"{'#attributes': {'Qualifiers': 16384}, '#text': 7036}",DC01.pirate.htb,Service Control Manager,System,2898,4,,,,,,,43006C00690070005300560043002F0031000000,,,,,,,,,,,,,,,,,,,,,,,,,,,,,,,,,,,,,,,,,,,,,,,,,,,,,,,,,,,,,,,,,,,,,,,,,,,,,,,,,,,,,,,,,,,,,,,,,,,,,,,,,,,,,,,,,,,,,,,,,,,,,,,,,,,,,,,,,,,,,,,,,,,,,,,,,,,,,,,,,,,,,,,,,,,,,,,,,,,,,,,,,,,,,,,,,,,Client License Service (ClipSVC),,,stopped,,,,,,,,,,,,,
2025-06-09T16:01:13.373345Z,"{'#attributes': {'Qualifiers': 16384}, '#text': 7036}",DC01.pirate.htb,Service Control Manager,System,2899,4,,,,,,,770075006100750073006500720076002F0031000000,,,,,,,,,,,,,,,,,,,,,,,,,,,,,,,,,,,,,,,,,,,,,,,,,,,,,,,,,,,,,,,,,,,,,,,,,,,,,,,,,,,,,,,,,,,,,,,,,,,,,,,,,,,,,,,,,,,,,,,,,,,,,,,,,,,,,,,,,,,,,,,,,,,,,,,,,,,,,,,,,,,,,,,,,,,,,,,,,,,,,,,,,,,,,,,,,,,Windows Update,,,stopped,,,,,,,,,,,,,
2025-06-09T16:02:52.933838Z,"{'#attributes': {'Qualifiers': 16384}, '#text': 7036}",DC01.pirate.htb,Service Control Manager,System,2900,4,,,,,,,540072007500730074006500640049006E007300740061006C006C00650072002F0031000000,,,,,,,,,,,,,,,,,,,,,,,,,,,,,,,,,,,,,,,,,,,,,,,,,,,,,,,,,,,,,,,,,,,,,,,,,,,,,,,,,,,,,,,,,,,,,,,,,,,,,,,,,,,,,,,,,,,,,,,,,,,,,,,,,,,,,,,,,,,,,,,,,,,,,,,,,,,,,,,,,,,,,,,,,,,,,,,,,,,,,,,,,,,,,,,,,,,Windows Modules Installer,,,stopped,,,,,,,,,,,,,
2025-06-09T16:05:54.952074Z,"{'#attributes': {'Qualifiers': 16384}, '#text': 7036}",DC01.pirate.htb,Service Control Manager,System,2901,4,,,,,,,4E0065007400530065007400750070005300760063002F0034000000,,,,,,,,,,,,,,,,,,,,,,,,,,,,,,,,,,,,,,,,,,,,,,,,,,,,,,,,,,,,,,,,,,,,,,,,,,,,,,,,,,,,,,,,,,,,,,,,,,,,,,,,,,,,,,,,,,,,,,,,,,,,,,,,,,,,,,,,,,,,,,,,,,,,,,,,,,,,,,,,,,,,,,,,,,,,,,,,,,,,,,,,,,,,,,,,,,,Network Setup Service,,,running,,,,,,,,,,,,,
2025-06-09T16:07:27.894982Z,"{'#attributes': {'Qualifiers': 16384}, '#text': 7036}",DC01.pirate.htb,Service Control Manager,System,2902,4,,,,,,,4E0065007400530065007400750070005300760063002F0031000000,,,,,,,,,,,,,,,,,,,,,,,,,,,,,,,,,,,,,,,,,,,,,,,,,,,,,,,,,,,,,,,,,,,,,,,,,,,,,,,,,,,,,,,,,,,,,,,,,,,,,,,,,,,,,,,,,,,,,,,,,,,,,,,,,,,,,,,,,,,,,,,,,,,,,,,,,,,,,,,,,,,,,,,,,,,,,,,,,,,,,,,,,,,,,,,,,,,Network Setup Service,,,stopped,,,,,,,,,,,,,
2025-06-09T16:08:35.272706Z,"{'#attributes': {'Qualifiers': 16384}, '#text': 7036}",DC01.pirate.htb,Service Control Manager,System,2903,4,,,,,,,520065006D006F0074006500520065006700690073007400720079002F0034000000,,,,,,,,,,,,,,,,,,,,,,,,,,,,,,,,,,,,,,,,,,,,,,,,,,,,,,,,,,,,,,,,,,,,,,,,,,,,,,,,,,,,,,,,,,,,,,,,,,,,,,,,,,,,,,,,,,,,,,,,,,,,,,,,,,,,,,,,,,,,,,,,,,,,,,,,,,,,,,,,,,,,,,,,,,,,,,,,,,,,,,,,,,,,,,,,,,,Remote Registry,,,running,,,,,,,,,,,,,
2025-06-09T16:09:41.676541Z,1502,DC01.pirate.htb,Microsoft-Windows-GroupPolicy,System,2904,4,,,,,,,,,,,,,,,,,,,,,,,,,,,\\DC01.pirate.htb,,,,,,,,,,,,,,,,,,,,,,,,,,,,,,,,,,,,,,,,,,,,,,,,,,,,,,,,,,,,,,,,,,,,,,,,,,,,,,,,,,,,,,,,,,,,,3,,,,,,,,,,,,,,,,,,,,,,,,,,,0,547,,,,,,,,,,,,,,,,,,,,,,,,1,4426,,,,,,,,,,,,,,,,,,,,,,,,,,,,,,,,,,,,,,,,,,,,,
2025-06-09T16:09:41.715996Z,"{'#attributes': {'Qualifiers': 16384}, '#text': 7036}",DC01.pirate.htb,Service Control Manager,System,2905,4,,,,,,,57005000440042007500730045006E0075006D002F0034000000,,,,,,,,,,,,,,,,,,,,,,,,,,,,,,,,,,,,,,,,,,,,,,,,,,,,,,,,,,,,,,,,,,,,,,,,,,,,,,,,,,,,,,,,,,,,,,,,,,,,,,,,,,,,,,,,,,,,,,,,,,,,,,,,,,,,,,,,,,,,,,,,,,,,,,,,,,,,,,,,,,,,,,,,,,,,,,,,,,,,,,,,,,,,,,,,,,,Portable Device Enumerator Service,,,running,,,,,,,,,,,,,
2025-06-09T16:09:41.730928Z,"{'#attributes': {'Qualifiers': 16384}, '#text': 7036}",DC01.pirate.htb,Service Control Manager,System,2906,4,,,,,,,4E00630061005300760063002F0031000000,,,,,,,,,,,,,,,,,,,,,,,,,,,,,,,,,,,,,,,,,,,,,,,,,,,,,,,,,,,,,,,,,,,,,,,,,,,,,,,,,,,,,,,,,,,,,,,,,,,,,,,,,,,,,,,,,,,,,,,,,,,,,,,,,,,,,,,,,,,,,,,,,,,,,,,,,,,,,,,,,,,,,,,,,,,,,,,,,,,,,,,,,,,,,,,,,,,Network Connectivity Assistant,,,stopped,,,,,,,,,,,,,
2025-06-09T16:09:41.730928Z,"{'#attributes': {'Qualifiers': 16384}, '#text': 7036}",DC01.pirate.htb,Service Control Manager,System,2907,4,,,,,,,44006F005300760063002F0034000000,,,,,,,,,,,,,,,,,,,,,,,,,,,,,,,,,,,,,,,,,,,,,,,,,,,,,,,,,,,,,,,,,,,,,,,,,,,,,,,,,,,,,,,,,,,,,,,,,,,,,,,,,,,,,,,,,,,,,,,,,,,,,,,,,,,,,,,,,,,,,,,,,,,,,,,,,,,,,,,,,,,,,,,,,,,,,,,,,,,,,,,,,,,,,,,,,,,Delivery Optimization,,,running,,,,,,,,,,,,,
2025-06-09T16:09:41.746545Z,"{'#attributes': {'Qualifiers': 16384}, '#text': 7036}",DC01.pirate.htb,Service Control Manager,System,2908,4,,,,,,,44006F005300760063002F0031000000,,,,,,,,,,,,,,,,,,,,,,,,,,,,,,,,,,,,,,,,,,,,,,,,,,,,,,,,,,,,,,,,,,,,,,,,,,,,,,,,,,,,,,,,,,,,,,,,,,,,,,,,,,,,,,,,,,,,,,,,,,,,,,,,,,,,,,,,,,,,,,,,,,,,,,,,,,,,,,,,,,,,,,,,,,,,,,,,,,,,,,,,,,,,,,,,,,,Delivery Optimization,,,stopped,,,,,,,,,,,,,
2025-06-09T16:09:41.777836Z,"{'#attributes': {'Qualifiers': 16384}, '#text': 7036}",DC01.pirate.htb,Service Control Manager,System,2909,4,,,,,,,770075006100750073006500720076002F0034000000,,,,,,,,,,,,,,,,,,,,,,,,,,,,,,,,,,,,,,,,,,,,,,,,,,,,,,,,,,,,,,,,,,,,,,,,,,,,,,,,,,,,,,,,,,,,,,,,,,,,,,,,,,,,,,,,,,,,,,,,,,,,,,,,,,,,,,,,,,,,,,,,,,,,,,,,,,,,,,,,,,,,,,,,,,,,,,,,,,,,,,,,,,,,,,,,,,,Windows Update,,,running,,,,,,,,,,,,,
2025-06-09T16:10:11.890037Z,"{'#attributes': {'Qualifiers': 16384}, '#text': 7036}",DC01.pirate.htb,Service Control Manager,System,2910,4,,,,,,,770069007300760063002F0034000000,,,,,,,,,,,,,,,,,,,,,,,,,,,,,,,,,,,,,,,,,,,,,,,,,,,,,,,,,,,,,,,,,,,,,,,,,,,,,,,,,,,,,,,,,,,,,,,,,,,,,,,,,,,,,,,,,,,,,,,,,,,,,,,,,,,,,,,,,,,,,,,,,,,,,,,,,,,,,,,,,,,,,,,,,,,,,,,,,,,,,,,,,,,,,,,,,,,Windows Insider Service,,,running,,,,,,,,,,,,,
2025-06-09T16:11:11.992112Z,"{'#attributes': {'Qualifiers': 16384}, '#text': 7036}",DC01.pirate.htb,Service Control Manager,System,2911,4,,,,,,,770069007300760063002F0031000000,,,,,,,,,,,,,,,,,,,,,,,,,,,,,,,,,,,,,,,,,,,,,,,,,,,,,,,,,,,,,,,,,,,,,,,,,,,,,,,,,,,,,,,,,,,,,,,,,,,,,,,,,,,,,,,,,,,,,,,,,,,,,,,,,,,,,,,,,,,,,,,,,,,,,,,,,,,,,,,,,,,,,,,,,,,,,,,,,,,,,,,,,,,,,,,,,,,Windows Insider Service,,,stopped,,,,,,,,,,,,,
2025-06-09T16:11:41.736138Z,"{'#attributes': {'Qualifiers': 16384}, '#text': 7036}",DC01.pirate.htb,Service Control Manager,System,2912,4,,,,,,,57005000440042007500730045006E0075006D002F0031000000,,,,,,,,,,,,,,,,,,,,,,,,,,,,,,,,,,,,,,,,,,,,,,,,,,,,,,,,,,,,,,,,,,,,,,,,,,,,,,,,,,,,,,,,,,,,,,,,,,,,,,,,,,,,,,,,,,,,,,,,,,,,,,,,,,,,,,,,,,,,,,,,,,,,,,,,,,,,,,,,,,,,,,,,,,,,,,,,,,,,,,,,,,,,,,,,,,,Portable Device Enumerator Service,,,stopped,,,,,,,,,,,,,
2025-06-09T16:12:24.775403Z,1502,DC01.pirate.htb,Microsoft-Windows-GroupPolicy,System,2913,4,,,,,,,,,,,,,,,,,,,,,,,,,,,\\DC01.pirate.htb,,,,,,,,,,,,,,,,,,,,,,,,,,,,,,,,,,,,,,,,,,,,,,,,,,,,,,,,,,,,,,,,,,,,,,,,,,,,,,,,,,,,,,,,,,,,,3,,,,,,,,,,,,,,,,,,,,,,,,,,,0,500,,,,,,,,,,,,,,,,,,,,,,,,1,4426,,,,,,,,,,,,,,,,,,,,,,,,,,,,,,,,,,,,,,,,,,,,,
2025-06-09T16:12:24.820877Z,"{'#attributes': {'Qualifiers': 16384}, '#text': 7036}",DC01.pirate.htb,Service Control Manager,System,2914,4,,,,,,,4E00630061005300760063002F0031000000,,,,,,,,,,,,,,,,,,,,,,,,,,,,,,,,,,,,,,,,,,,,,,,,,,,,,,,,,,,,,,,,,,,,,,,,,,,,,,,,,,,,,,,,,,,,,,,,,,,,,,,,,,,,,,,,,,,,,,,,,,,,,,,,,,,,,,,,,,,,,,,,,,,,,,,,,,,,,,,,,,,,,,,,,,,,,,,,,,,,,,,,,,,,,,,,,,,Network Connectivity Assistant,,,stopped,,,,,,,,,,,,,
2025-06-09T16:12:24.820877Z,"{'#attributes': {'Qualifiers': 16384}, '#text': 7036}",DC01.pirate.htb,Service Control Manager,System,2915,4,,,,,,,57005000440042007500730045006E0075006D002F0034000000,,,,,,,,,,,,,,,,,,,,,,,,,,,,,,,,,,,,,,,,,,,,,,,,,,,,,,,,,,,,,,,,,,,,,,,,,,,,,,,,,,,,,,,,,,,,,,,,,,,,,,,,,,,,,,,,,,,,,,,,,,,,,,,,,,,,,,,,,,,,,,,,,,,,,,,,,,,,,,,,,,,,,,,,,,,,,,,,,,,,,,,,,,,,,,,,,,,Portable Device Enumerator Service,,,running,,,,,,,,,,,,,
2025-06-09T16:12:24.820877Z,"{'#attributes': {'Qualifiers': 16384}, '#text': 7036}",DC01.pirate.htb,Service Control Manager,System,2916,4,,,,,,,44006F005300760063002F0034000000,,,,,,,,,,,,,,,,,,,,,,,,,,,,,,,,,,,,,,,,,,,,,,,,,,,,,,,,,,,,,,,,,,,,,,,,,,,,,,,,,,,,,,,,,,,,,,,,,,,,,,,,,,,,,,,,,,,,,,,,,,,,,,,,,,,,,,,,,,,,,,,,,,,,,,,,,,,,,,,,,,,,,,,,,,,,,,,,,,,,,,,,,,,,,,,,,,,Delivery Optimization,,,running,,,,,,,,,,,,,
2025-06-09T16:12:24.836220Z,"{'#attributes': {'Qualifiers': 16384}, '#text': 7036}",DC01.pirate.htb,Service Control Manager,System,2917,4,,,,,,,44006F005300760063002F0031000000,,,,,,,,,,,,,,,,,,,,,,,,,,,,,,,,,,,,,,,,,,,,,,,,,,,,,,,,,,,,,,,,,,,,,,,,,,,,,,,,,,,,,,,,,,,,,,,,,,,,,,,,,,,,,,,,,,,,,,,,,,,,,,,,,,,,,,,,,,,,,,,,,,,,,,,,,,,,,,,,,,,,,,,,,,,,,,,,,,,,,,,,,,,,,,,,,,,Delivery Optimization,,,stopped,,,,,,,,,,,,,
2025-06-09T16:12:54.891515Z,"{'#attributes': {'Qualifiers': 16384}, '#text': 7036}",DC01.pirate.htb,Service Control Manager,System,2918,4,,,,,,,770069007300760063002F0034000000,,,,,,,,,,,,,,,,,,,,,,,,,,,,,,,,,,,,,,,,,,,,,,,,,,,,,,,,,,,,,,,,,,,,,,,,,,,,,,,,,,,,,,,,,,,,,,,,,,,,,,,,,,,,,,,,,,,,,,,,,,,,,,,,,,,,,,,,,,,,,,,,,,,,,,,,,,,,,,,,,,,,,,,,,,,,,,,,,,,,,,,,,,,,,,,,,,,Windows Insider Service,,,running,,,,,,,,,,,,,
2025-06-09T16:13:54.988505Z,"{'#attributes': {'Qualifiers': 16384}, '#text': 7036}",DC01.pirate.htb,Service Control Manager,System,2919,4,,,,,,,770069007300760063002F0031000000,,,,,,,,,,,,,,,,,,,,,,,,,,,,,,,,,,,,,,,,,,,,,,,,,,,,,,,,,,,,,,,,,,,,,,,,,,,,,,,,,,,,,,,,,,,,,,,,,,,,,,,,,,,,,,,,,,,,,,,,,,,,,,,,,,,,,,,,,,,,,,,,,,,,,,,,,,,,,,,,,,,,,,,,,,,,,,,,,,,,,,,,,,,,,,,,,,,Windows Insider Service,,,stopped,,,,,,,,,,,,,
2025-06-09T16:14:24.834105Z,"{'#attributes': {'Qualifiers': 16384}, '#text': 7036}",DC01.pirate.htb,Service Control Manager,System,2920,4,,,,,,,57005000440042007500730045006E0075006D002F0031000000,,,,,,,,,,,,,,,,,,,,,,,,,,,,,,,,,,,,,,,,,,,,,,,,,,,,,,,,,,,,,,,,,,,,,,,,,,,,,,,,,,,,,,,,,,,,,,,,,,,,,,,,,,,,,,,,,,,,,,,,,,,,,,,,,,,,,,,,,,,,,,,,,,,,,,,,,,,,,,,,,,,,,,,,,,,,,,,,,,,,,,,,,,,,,,,,,,,Portable Device Enumerator Service,,,stopped,,,,,,,,,,,,,
2025-06-09T16:15:43.394885Z,"{'#attributes': {'Qualifiers': 16384}, '#text': 7036}",DC01.pirate.htb,Service Control Manager,System,2921,4,,,,,,,7300700070007300760063002F0034000000,,,,,,,,,,,,,,,,,,,,,,,,,,,,,,,,,,,,,,,,,,,,,,,,,,,,,,,,,,,,,,,,,,,,,,,,,,,,,,,,,,,,,,,,,,,,,,,,,,,,,,,,,,,,,,,,,,,,,,,,,,,,,,,,,,,,,,,,,,,,,,,,,,,,,,,,,,,,,,,,,,,,,,,,,,,,,,,,,,,,,,,,,,,,,,,,,,,Software Protection,,,running,,,,,,,,,,,,,
2025-06-09T16:15:54.954893Z,"{'#attributes': {'Qualifiers': 16384}, '#text': 7036}",DC01.pirate.htb,Service Control Manager,System,2922,4,,,,,,,4E0065007400530065007400750070005300760063002F0034000000,,,,,,,,,,,,,,,,,,,,,,,,,,,,,,,,,,,,,,,,,,,,,,,,,,,,,,,,,,,,,,,,,,,,,,,,,,,,,,,,,,,,,,,,,,,,,,,,,,,,,,,,,,,,,,,,,,,,,,,,,,,,,,,,,,,,,,,,,,,,,,,,,,,,,,,,,,,,,,,,,,,,,,,,,,,,,,,,,,,,,,,,,,,,,,,,,,,Network Setup Service,,,running,,,,,,,,,,,,,
2025-06-09T16:16:13.689053Z,"{'#attributes': {'Qualifiers': 16384}, '#text': 7036}",DC01.pirate.htb,Service Control Manager,System,2923,4,,,,,,,7300700070007300760063002F0031000000,,,,,,,,,,,,,,,,,,,,,,,,,,,,,,,,,,,,,,,,,,,,,,,,,,,,,,,,,,,,,,,,,,,,,,,,,,,,,,,,,,,,,,,,,,,,,,,,,,,,,,,,,,,,,,,,,,,,,,,,,,,,,,,,,,,,,,,,,,,,,,,,,,,,,,,,,,,,,,,,,,,,,,,,,,,,,,,,,,,,,,,,,,,,,,,,,,,Software Protection,,,stopped,,,,,,,,,,,,,
2025-06-09T16:17:57.908388Z,"{'#attributes': {'Qualifiers': 16384}, '#text': 7036}",DC01.pirate.htb,Service Control Manager,System,2924,4,,,,,,,4E0065007400530065007400750070005300760063002F0031000000,,,,,,,,,,,,,,,,,,,,,,,,,,,,,,,,,,,,,,,,,,,,,,,,,,,,,,,,,,,,,,,,,,,,,,,,,,,,,,,,,,,,,,,,,,,,,,,,,,,,,,,,,,,,,,,,,,,,,,,,,,,,,,,,,,,,,,,,,,,,,,,,,,,,,,,,,,,,,,,,,,,,,,,,,,,,,,,,,,,,,,,,,,,,,,,,,,,Network Setup Service,,,stopped,,,,,,,,,,,,,
2025-06-09T16:18:11.332522Z,"{'#attributes': {'Qualifiers': 16384}, '#text': 7036}",DC01.pirate.htb,Service Control Manager,System,2925,4,,,,,,,570069006E0048007400740070004100750074006F00500072006F00780079005300760063002F0031000000,,,,,,,,,,,,,,,,,,,,,,,,,,,,,,,,,,,,,,,,,,,,,,,,,,,,,,,,,,,,,,,,,,,,,,,,,,,,,,,,,,,,,,,,,,,,,,,,,,,,,,,,,,,,,,,,,,,,,,,,,,,,,,,,,,,,,,,,,,,,,,,,,,,,,,,,,,,,,,,,,,,,,,,,,,,,,,,,,,,,,,,,,,,,,,,,,,,WinHTTP Web Proxy Auto-Discovery Service,,,stopped,,,,,,,,,,,,,
2025-06-09T16:18:35.328341Z,"{'#attributes': {'Qualifiers': 16384}, '#text': 7036}",DC01.pirate.htb,Service Control Manager,System,2926,4,,,,,,,520065006D006F0074006500520065006700690073007400720079002F0031000000,,,,,,,,,,,,,,,,,,,,,,,,,,,,,,,,,,,,,,,,,,,,,,,,,,,,,,,,,,,,,,,,,,,,,,,,,,,,,,,,,,,,,,,,,,,,,,,,,,,,,,,,,,,,,,,,,,,,,,,,,,,,,,,,,,,,,,,,,,,,,,,,,,,,,,,,,,,,,,,,,,,,,,,,,,,,,,,,,,,,,,,,,,,,,,,,,,,Remote Registry,,,stopped,,,,,,,,,,,,,
2025-06-09T16:19:43.856232Z,"{'#attributes': {'Qualifiers': 16384}, '#text': 7036}",DC01.pirate.htb,Service Control Manager,System,2927,4,,,,,,,770075006100750073006500720076002F0031000000,,,,,,,,,,,,,,,,,,,,,,,,,,,,,,,,,,,,,,,,,,,,,,,,,,,,,,,,,,,,,,,,,,,,,,,,,,,,,,,,,,,,,,,,,,,,,,,,,,,,,,,,,,,,,,,,,,,,,,,,,,,,,,,,,,,,,,,,,,,,,,,,,,,,,,,,,,,,,,,,,,,,,,,,,,,,,,,,,,,,,,,,,,,,,,,,,,,Windows Update,,,stopped,,,,,,,,,,,,,
2025-06-09T16:25:54.982707Z,"{'#attributes': {'Qualifiers': 16384}, '#text': 7036}",DC01.pirate.htb,Service Control Manager,System,2928,4,,,,,,,4E0065007400530065007400750070005300760063002F0034000000,,,,,,,,,,,,,,,,,,,,,,,,,,,,,,,,,,,,,,,,,,,,,,,,,,,,,,,,,,,,,,,,,,,,,,,,,,,,,,,,,,,,,,,,,,,,,,,,,,,,,,,,,,,,,,,,,,,,,,,,,,,,,,,,,,,,,,,,,,,,,,,,,,,,,,,,,,,,,,,,,,,,,,,,,,,,,,,,,,,,,,,,,,,,,,,,,,,Network Setup Service,,,running,,,,,,,,,,,,,
2025-06-09T16:27:27.928218Z,"{'#attributes': {'Qualifiers': 16384}, '#text': 7036}",DC01.pirate.htb,Service Control Manager,System,2929,4,,,,,,,4E0065007400530065007400750070005300760063002F0031000000,,,,,,,,,,,,,,,,,,,,,,,,,,,,,,,,,,,,,,,,,,,,,,,,,,,,,,,,,,,,,,,,,,,,,,,,,,,,,,,,,,,,,,,,,,,,,,,,,,,,,,,,,,,,,,,,,,,,,,,,,,,,,,,,,,,,,,,,,,,,,,,,,,,,,,,,,,,,,,,,,,,,,,,,,,,,,,,,,,,,,,,,,,,,,,,,,,,Network Setup Service,,,stopped,,,,,,,,,,,,,
2025-06-09T16:35:55.047414Z,"{'#attributes': {'Qualifiers': 16384}, '#text': 7036}",DC01.pirate.htb,Service Control Manager,System,2930,4,,,,,,,4E0065007400530065007400750070005300760063002F0034000000,,,,,,,,,,,,,,,,,,,,,,,,,,,,,,,,,,,,,,,,,,,,,,,,,,,,,,,,,,,,,,,,,,,,,,,,,,,,,,,,,,,,,,,,,,,,,,,,,,,,,,,,,,,,,,,,,,,,,,,,,,,,,,,,,,,,,,,,,,,,,,,,,,,,,,,,,,,,,,,,,,,,,,,,,,,,,,,,,,,,,,,,,,,,,,,,,,,Network Setup Service,,,running,,,,,,,,,,,,,
2025-06-09T16:37:27.958129Z,"{'#attributes': {'Qualifiers': 16384}, '#text': 7036}",DC01.pirate.htb,Service Control Manager,System,2931,4,,,,,,,4E0065007400530065007400750070005300760063002F0031000000,,,,,,,,,,,,,,,,,,,,,,,,,,,,,,,,,,,,,,,,,,,,,,,,,,,,,,,,,,,,,,,,,,,,,,,,,,,,,,,,,,,,,,,,,,,,,,,,,,,,,,,,,,,,,,,,,,,,,,,,,,,,,,,,,,,,,,,,,,,,,,,,,,,,,,,,,,,,,,,,,,,,,,,,,,,,,,,,,,,,,,,,,,,,,,,,,,,Network Setup Service,,,stopped,,,,,,,,,,,,,
2025-06-09T16:45:43.744904Z,"{'#attributes': {'Qualifiers': 16384}, '#text': 7036}",DC01.pirate.htb,Service Control Manager,System,2932,4,,,,,,,7300700070007300760063002F0034000000,,,,,,,,,,,,,,,,,,,,,,,,,,,,,,,,,,,,,,,,,,,,,,,,,,,,,,,,,,,,,,,,,,,,,,,,,,,,,,,,,,,,,,,,,,,,,,,,,,,,,,,,,,,,,,,,,,,,,,,,,,,,,,,,,,,,,,,,,,,,,,,,,,,,,,,,,,,,,,,,,,,,,,,,,,,,,,,,,,,,,,,,,,,,,,,,,,,Software Protection,,,running,,,,,,,,,,,,,
2025-06-09T16:45:55.043004Z,"{'#attributes': {'Qualifiers': 16384}, '#text': 7036}",DC01.pirate.htb,Service Control Manager,System,2933,4,,,,,,,4E0065007400530065007400750070005300760063002F0034000000,,,,,,,,,,,,,,,,,,,,,,,,,,,,,,,,,,,,,,,,,,,,,,,,,,,,,,,,,,,,,,,,,,,,,,,,,,,,,,,,,,,,,,,,,,,,,,,,,,,,,,,,,,,,,,,,,,,,,,,,,,,,,,,,,,,,,,,,,,,,,,,,,,,,,,,,,,,,,,,,,,,,,,,,,,,,,,,,,,,,,,,,,,,,,,,,,,,Network Setup Service,,,running,,,,,,,,,,,,,
2025-06-09T16:46:14.026392Z,"{'#attributes': {'Qualifiers': 16384}, '#text': 7036}",DC01.pirate.htb,Service Control Manager,System,2934,4,,,,,,,7300700070007300760063002F0031000000,,,,,,,,,,,,,,,,,,,,,,,,,,,,,,,,,,,,,,,,,,,,,,,,,,,,,,,,,,,,,,,,,,,,,,,,,,,,,,,,,,,,,,,,,,,,,,,,,,,,,,,,,,,,,,,,,,,,,,,,,,,,,,,,,,,,,,,,,,,,,,,,,,,,,,,,,,,,,,,,,,,,,,,,,,,,,,,,,,,,,,,,,,,,,,,,,,,Software Protection,,,stopped,,,,,,,,,,,,,
2025-06-09T16:47:28.013495Z,"{'#attributes': {'Qualifiers': 16384}, '#text': 7036}",DC01.pirate.htb,Service Control Manager,System,2935,4,,,,,,,4E0065007400530065007400750070005300760063002F0031000000,,,,,,,,,,,,,,,,,,,,,,,,,,,,,,,,,,,,,,,,,,,,,,,,,,,,,,,,,,,,,,,,,,,,,,,,,,,,,,,,,,,,,,,,,,,,,,,,,,,,,,,,,,,,,,,,,,,,,,,,,,,,,,,,,,,,,,,,,,,,,,,,,,,,,,,,,,,,,,,,,,,,,,,,,,,,,,,,,,,,,,,,,,,,,,,,,,,Network Setup Service,,,stopped,,,,,,,,,,,,,
2025-06-09T16:55:55.041012Z,"{'#attributes': {'Qualifiers': 16384}, '#text': 7036}",DC01.pirate.htb,Service Control Manager,System,2936,4,,,,,,,4E0065007400530065007400750070005300760063002F0034000000,,,,,,,,,,,,,,,,,,,,,,,,,,,,,,,,,,,,,,,,,,,,,,,,,,,,,,,,,,,,,,,,,,,,,,,,,,,,,,,,,,,,,,,,,,,,,,,,,,,,,,,,,,,,,,,,,,,,,,,,,,,,,,,,,,,,,,,,,,,,,,,,,,,,,,,,,,,,,,,,,,,,,,,,,,,,,,,,,,,,,,,,,,,,,,,,,,,Network Setup Service,,,running,,,,,,,,,,,,,
2025-06-09T16:57:28.056387Z,"{'#attributes': {'Qualifiers': 16384}, '#text': 7036}",DC01.pirate.htb,Service Control Manager,System,2937,4,,,,,,,4E0065007400530065007400750070005300760063002F0031000000,,,,,,,,,,,,,,,,,,,,,,,,,,,,,,,,,,,,,,,,,,,,,,,,,,,,,,,,,,,,,,,,,,,,,,,,,,,,,,,,,,,,,,,,,,,,,,,,,,,,,,,,,,,,,,,,,,,,,,,,,,,,,,,,,,,,,,,,,,,,,,,,,,,,,,,,,,,,,,,,,,,,,,,,,,,,,,,,,,,,,,,,,,,,,,,,,,,Network Setup Service,,,stopped,,,,,,,,,,,,,
2025-06-09T17:00:26.037075Z,16984,DC01.pirate.htb,Microsoft-Windows-Directory-Services-SAM,System,2938,4,,,,,,,,,,,,,,,,,,,,,,,,,,,,,,,,,,,,,,,,,,,,,,,,,,,,,,,,,,,,,,,,,,,,,,,,,,,,,,,,,,,,,,,,,,,,,,,,,,,,,,,,,,,,,,,,,,,,,,,1,,,,,,,,,,,,,,,,,,,,,,,,,,,,,,,,,,,,,,,,,,,,,,,,,,,,,,,,,,,,,60,,,,,,,,,,,,,,,,,,SAMMSG_AUDIT_LEGACY_PWD_RPC_METHODS_SUMMARY,,,,,,,,,,,,,,,,,,,,
2025-06-09T17:05:55.032241Z,"{'#attributes': {'Qualifiers': 16384}, '#text': 7036}",DC01.pirate.htb,Service Control Manager,System,2939,4,,,,,,,4E0065007400530065007400750070005300760063002F0034000000,,,,,,,,,,,,,,,,,,,,,,,,,,,,,,,,,,,,,,,,,,,,,,,,,,,,,,,,,,,,,,,,,,,,,,,,,,,,,,,,,,,,,,,,,,,,,,,,,,,,,,,,,,,,,,,,,,,,,,,,,,,,,,,,,,,,,,,,,,,,,,,,,,,,,,,,,,,,,,,,,,,,,,,,,,,,,,,,,,,,,,,,,,,,,,,,,,,Network Setup Service,,,running,,,,,,,,,,,,,
2025-06-09T17:07:28.160758Z,"{'#attributes': {'Qualifiers': 16384}, '#text': 7036}",DC01.pirate.htb,Service Control Manager,System,2940,4,,,,,,,4E0065007400530065007400750070005300760063002F0031000000,,,,,,,,,,,,,,,,,,,,,,,,,,,,,,,,,,,,,,,,,,,,,,,,,,,,,,,,,,,,,,,,,,,,,,,,,,,,,,,,,,,,,,,,,,,,,,,,,,,,,,,,,,,,,,,,,,,,,,,,,,,,,,,,,,,,,,,,,,,,,,,,,,,,,,,,,,,,,,,,,,,,,,,,,,,,,,,,,,,,,,,,,,,,,,,,,,,Network Setup Service,,,stopped,,,,,,,,,,,,,
2025-06-09T17:09:51.309844Z,"{'#attributes': {'Qualifiers': 16384}, '#text': 7036}",DC01.pirate.htb,Service Control Manager,System,2941,4,,,,,,,570069006E0048007400740070004100750074006F00500072006F00780079005300760063002F0034000000,,,,,,,,,,,,,,,,,,,,,,,,,,,,,,,,,,,,,,,,,,,,,,,,,,,,,,,,,,,,,,,,,,,,,,,,,,,,,,,,,,,,,,,,,,,,,,,,,,,,,,,,,,,,,,,,,,,,,,,,,,,,,,,,,,,,,,,,,,,,,,,,,,,,,,,,,,,,,,,,,,,,,,,,,,,,,,,,,,,,,,,,,,,,,,,,,,,WinHTTP Web Proxy Auto-Discovery Service,,,running,,,,,,,,,,,,,
2025-06-09T17:11:23.402896Z,234,DC01.pirate.htb,Microsoft-Windows-Hyper-V-VmSwitch,System,2942,4,,,,,,,,,,,,,,,,,,,,,,,,,,,,,,,,,,,,,,,,,,,,,,,,,,,,,,,,,,,,,,,,,,,,,,,,,,,,,,,,,,,,,,,,,,,,,,,,,,,,,,,,,,,,,,,,6D41DBBA-7239-49AA-838D-21B7E31BBA14--44CADE70-D707-4E9E-978A-ED2E85E23C94,74,,,,,,,,,,,,,,,,,,,,,,,,,,,1,,,,,,,,,,,,,,,,,,,,,,,,,,,,,,,,,,,,,,,,,,,,,,,,,,,,,,,,,,,,,,,,,,,,,,,,,,,,,,
2025-06-09T17:11:23.403473Z,233,DC01.pirate.htb,Microsoft-Windows-Hyper-V-VmSwitch,System,2943,4,,,,,,,,,,,,,,,,,,,,,,,,,,,,,,,,,,,,,,,,,,,,,,,,,,,,,,,,,,,,,,,,,,,,,,,,,,,,,,,,,,,,,,,,,,,,,,,,,,,,,,,,,,,,,,Network Adapter,15,6D41DBBA-7239-49AA-838D-21B7E31BBA14--44CADE70-D707-4E9E-978A-ED2E85E23C94,74,,,,,,,,,,,,,,,,,,8,,,,,,,,,,,,,,,,,,,,,,,,,,,,,,,,,,,,,,,,,,,,,,,,,,,,,,,,,,,,,,,,,,,,,,,,,,,,,,,,,,,,,,,
2025-06-09T17:11:23.451500Z,233,DC01.pirate.htb,Microsoft-Windows-Hyper-V-VmSwitch,System,2944,4,,,,,,,,,,,,,,,,,,,,,,,,,,,,,,,,,,,,,,,,,,,,,,,,,,,,,,,,,,,,,,,,,,,,,,,,,,,,,,,,,,,,,,,,,,,,,,,,,,,,,,,,,,,,,,,1,6D41DBBA-7239-49AA-838D-21B7E31BBA14--44CADE70-D707-4E9E-978A-ED2E85E23C94,74,,,,,,,,,,,,,,,,,,7,,,,,,,,,,,,,,,,,,,,,,,,,,,,,,,,,,,,,,,,,,,,,,,,,,,,,,,,,,,,,,,,,,,,,,,,,,,,,,,,,,,,,,,
2025-06-09T17:11:23.452696Z,232,DC01.pirate.htb,Microsoft-Windows-Hyper-V-VmSwitch,System,2945,4,,,,,,,,,,,,,,,,,,,,,,,,,,,,,,,,,,,,,,,,,,,,,,,,,,,,,,,,,,,,,,,,,,,,,,,,,,,,,,,,,,,,,,,,,,,,,,,,,,,,,,,,,,,,,,Network Adapter,15,6D41DBBA-7239-49AA-838D-21B7E31BBA14--44CADE70-D707-4E9E-978A-ED2E85E23C94,74,,,,,,,,,,,,,,,,,,,,,,,,Dynamic Ethernet Switch Port,28,13DFA5BC-918D-4A72-BAC1-85BCAE11BFA2,36,,,,,,,,,,,,,,,,,,,,,,,,,,,,,,,,,,Switch01,8,B69D6086-2229-404B-A5B3-2AFCA7E1C7E8,36,,,,,,,,,,,,,,,,,,,,,,,,,,,,,,,,,,,,,,,,,
2025-06-09T17:11:31.989923Z,102,DC01.pirate.htb,Microsoft-Windows-Hyper-V-VmSwitch,System,2946,4,,,,,,,,,,,,,,,,,,,,,,,,,,,,,,,,,,,,,,,,,,,,,,,,,,,,,,,,,,,,,,,,,,,,,,,,,,,,,,,,,,,,,,,,,,,,,,,,,,,,,,,,,,,,,,,,,,,,,,,,,,,,,,,,,,,,,,,,,,,,,,,,,,,,,,,,,,,,,,,,,,,,,,,,,,,,,,,,,,,,,,,,,,,,,,,,6D41DBBA-7239-49AA-838D-21B7E31BBA14,36,WEB01,5,,,,,,,,,,,,,,,,,,,,,,,
2025-06-09T17:11:41.566626Z,"{'#attributes': {'Qualifiers': 32772}, '#text': 129}",DC01.pirate.htb,stornvme,System,2947,3,,,,,,,0F001800010000000000000081000480010000000000000000000000000000000000000000000000000000000000000000000000810004800000000000000000,,,,,,,,,,,,,,,,,,,,,\Device\RaidPort1,,,,,,,,,,,,,,,,,,,,,,,,,,,,,,,,,,,,,,,,,,,,,,,,,,,,,,,,,,,,,,,,,,,,,,,,,,,,,,,,,,,,,,,,,,,,,,,,,,,,,,,,,,,,,,,,,,,,,,,,,,,,,,,,,,,,,,,,,,,,,,,,,,,,,,,,,,,,,,,,,,,,,,,,,,,,,,,,,,,,,,,,,,,,,,
2025-06-09T17:46:58.148538Z,"{'#attributes': {'Qualifiers': 16896}, '#text': 4}",DC01.pirate.htb,Virtual Disk Service,System,2948,4,,,,,,,,,,,,,,,,,,,,,,,,,,,,@2010001,,,,,,,,,,,,,,,,,,,,,,,,,,,,,,,,,,,,,,,,,,,,,,,,,,,,,,,,,,,,,,,,,,,,,,,,,,,,,,,,,,,,,,,,,,,,,,,,,,,,,,,,,,,,,,,,,,,,,,,,,,,,,,,,,,,,,,,,,,,,,,,,,,,,,,,,,,,,,,,,,,,,,,,,,,,,,,,,,,,,,,,,,,,,,,
2025-06-09T17:46:57.469275Z,1,DC01.pirate.htb,Microsoft-Windows-Kernel-General,System,2949,4,,,,,,,,,,,,,,,,,,,,,,,,,,,,,,,,,,,,,,,,,,,,,,,,,,,,,,,,,,,,,,,,,,,,,,,,,,,,,,,,,,,,,,,,,,,,,,,,,,,,,,,,,,,,,2025-06-09T17:46:57.468000Z,,,,,,,,,,,,,,,,,,,,,2025-06-09T17:12:04.048689Z,,,,,,,,,,,,,1240,\Device\HarddiskVolume4\Program Files\VMware\VMware Tools\vmtoolsd.exe,,,,,,,,,1,,,,,,,,,,,,,,,,,,,,,,,,,,,,,,,,,,,,,,,,,,,,,,,,,,,,,,,,,,,,,,,,,
2025-06-09T17:46:58.119408Z,16654,DC01.pirate.htb,Microsoft-Windows-Directory-Services-SAM,System,2950,4,,,,,,,,,,,,,,,,,,,,,,,,,,,,,,,,,,,,,,,,,,,,,,,,,,,,,,,,,,,,,,,,,,,,,,,,,,,,,,,,,,,,,,,,,,,,,,,,,,,,,,,,,,SAMMSG_RID_POOL_INVALIDATED,,,,,,,,,,,,,,,,,,,,,,,,,,,,,,,,,,,,,,,,,,,,,,,,,,,,,,,,,,,,,,,,,,,,,,,,,,,,,,,,,,,,,,,,,,,,,,,,,,,,,,,,,,,,,,,,
2025-06-09T17:46:58.121081Z,16647,DC01.pirate.htb,Microsoft-Windows-Directory-Services-SAM,System,2951,4,,,,,,,,,,,,,,,,,,,,,,,,,,,,,,,,,,,,,,,,,,,,,,,,,,,,,,,,,,,,,,,,,,,,,,,,,,,,,,,,,,,,,,,,,,,,,,,,,,,,,,,,,,SAMMSG_REQUESTING_NEW_RID_POOL,,,,,,,,,,,,,,,,,,,,,,,,,,,,,,,,,,,,,,,,,,,,,,,,,,,,,,,,,,,,,,,,,,,,,,,,,,,,,,,,,,,,,,,,,,,,,,,,,,,,,,,,,,,,,,,,
