{"TimeGenerated": "2025-06-08T16:24:30.345141Z", "EventID": 6, "Computer": "DC01.pirate.htb", "RawEvent": {"#attributes": {"xmlns": "http://schemas.microsoft.com/win/2004/08/events/event"}, "System": {"Provider": {"#attributes": {"Name": "Microsoft-Windows-FilterManager", "Guid": "F3C5E28E-63F6-49C7-A204-E48A1BC4B09D"}}, "EventID": 6, "Version": 0, "Level": 4, "Task": 0, "Opcode": 0, "Keywords": "0x8000000000000000", "TimeCreated": {"#attributes": {"SystemTime": "2025-06-08T16:24:30.345141Z"}}, "EventRecordID": 963, "Correlation": null, "Execution": {"#attributes": {"ProcessID": 4, "ThreadID": 8}}, "Channel": "System", "Computer": "DC01.pirate.htb", "Security": {"#attributes": {"UserID": "S-1-5-18"}}}, "EventData": {"FinalStatus": "0x0", "DeviceVersionMajor": 10, "DeviceVersionMinor": 0, "DeviceNameLength": 8, "DeviceName": "WdFilter", "DeviceTime": "2070-12-04T12:41:44.000000Z"}}},
{"TimeGenerated": "2025-06-08T16:24:30.373170Z", "EventID": 98, "Computer": "DC01.pirate.htb", "RawEvent": {"#attributes": {"xmlns": "http://schemas.microsoft.com/win/2004/08/events/event"}, "System": {"Provider": {"#attributes": {"Name": "Microsoft-Windows-Ntfs", "Guid": "3FF37A1C-A68D-4D6E-8C9B-F79E8B16C482"}}, "EventID": 98, "Version": 0, "Level": 4, "Task": 0, "Opcode": 0, "Keywords": "0x8000000000000002", "TimeCreated": {"#attributes": {"SystemTime": "2025-06-08T16:24:30.373170Z"}}, "EventRecordID": 964, "Correlation": null, "Execution": {"#attributes": {"ProcessID": 4, "ThreadID": 180}}, "Channel": "System", "Computer": "DC01.pirate.htb", "Security": {"#attributes": {"UserID": "S-1-5-18"}}}, "EventData": {"DriveName": "C:", "DeviceName": "\\Device\\HarddiskVolume4", "CorruptionActionState": 0}}},
{"TimeGenerated": "2025-06-08T16:24:30.400886Z", "EventID": 6, "Computer": "DC01.pirate.htb", "RawEvent": {"#attributes": {"xmlns": "http://schemas.microsoft.com/win/2004/08/events/event"}, "System": {"Provider": {"#attributes": {"Name": "Microsoft-Windows-FilterManager", "Guid": "F3C5E28E-63F6-49C7-A204-E48A1BC4B09D"}}, "EventID": 6, "Version": 0, "Level": 4, "Task": 0, "Opcode": 0, "Keywords": "0x8000000000000000", "TimeCreated": {"#attributes": {"SystemTime": "2025-06-08T16:24:30.400886Z"}}, "EventRecordID": 965, "Correlation": null, "Execution": {"#attributes": {"ProcessID": 4, "ThreadID": 8}}, "Channel": "System", "Computer": "DC01.pirate.htb", "Security": {"#attributes": {"UserID": "S-1-5-18"}}}, "EventData": {"FinalStatus": "0x0", "DeviceVersionMajor": 10, "DeviceVersionMinor": 0, "DeviceNameLength": 9, "DeviceName": "FileCrypt", "DeviceTime": "2034-08-13T07:30:12.000000Z"}}},
{"TimeGenerated": "2025-06-08T16:24:30.403122Z", "EventID": 6, "Computer": "DC01.pirate.htb", "RawEvent": {"#attributes": {"xmlns": "http://schemas.microsoft.com/win/2004/08/events/event"}, "System": {"Provider": {"#attributes": {"Name": "Microsoft-Windows-FilterManager", "Guid": "F3C5E28E-63F6-49C7-A204-E48A1BC4B09D"}}, "EventID": 6, "Version": 0, "Level": 4, "Task": 0, "Opcode": 0, "Keywords": "0x8000000000000000", "TimeCreated": {"#attributes": {"SystemTime": "2025-06-08T16:24:30.403122Z"}}, "EventRecordID": 966, "Correlation": null, "Execution": {"#attributes": {"ProcessID": 4, "ThreadID": 8}}, "Channel": "System", "Computer": "DC01.pirate.htb", "Security": {"#attributes": {"UserID": "S-1-5-18"}}}, "EventData": {"FinalStatus": "0x0", "DeviceVersionMajor": 10, "DeviceVersionMinor": 0, "DeviceNameLength": 9, "DeviceName": "DfsDriver", "DeviceTime": "1975-08-18T05:58:38.000000Z"}}},
{"TimeGenerated": "2025-06-08T16:24:30.457672Z", "EventID": 6, "Computer": "DC01.pirate.htb", "RawEvent": {"#attributes": {"xmlns": "http://schemas.microsoft.com/win/2004/08/events/event"}, "System": {"Provider": {"#attributes": {"Name": "Microsoft-Windows-FilterManager", "Guid": "F3C5E28E-63F6-49C7-A204-E48A1BC4B09D"}}, "EventID": 6, "Version": 0, "Level": 4, "Task": 0, "Opcode": 0, "Keywords": "0x8000000000000000", "TimeCreated": {"#attributes": {"SystemTime": "2025-06-08T16:24:30.457672Z"}}, "EventRecordID": 967, "Correlation": null, "Execution": {"#attributes": {"ProcessID": 4, "ThreadID": 8}}, "Channel": "System", "Computer": "DC01.pirate.htb", "Security": {"#attributes": {"UserID": "S-1-5-18"}}}, "EventData": {"FinalStatus": "0x0", "DeviceVersionMajor": 10, "DeviceVersionMinor": 0, "DeviceNameLength": 9, "DeviceName": "npsvctrig", "DeviceTime": "2037-02-22T23:11:04.000000Z"}}},
{"TimeGenerated": "2025-06-08T16:24:30.479796Z", "EventID": 172, "Computer": "DC01.pirate.htb", "RawEvent": {"#attributes": {"xmlns": "http://schemas.microsoft.com/win/2004/08/events/event"}, "System": {"Provider": {"#attributes": {"Name": "Microsoft-Windows-Kernel-Power", "Guid": "331C3B3A-2005-44C2-AC5E-77220C37D6B4"}}, "EventID": 172, "Version": 0, "Level": 4, "Task": 203, "Opcode": 0, "Keywords": "0x8000000000000404", "TimeCreated": {"#attributes": {"SystemTime": "2025-06-08T16:24:30.479796Z"}}, "EventRecordID": 968, "Correlation": null, "Execution": {"#attributes": {"ProcessID": 4, "ThreadID": 212}}, "Channel": "System", "Computer": "DC01.pirate.htb", "Security": {"#attributes": {"UserID": "S-1-5-18"}}}, "EventData": {"State": 2, "Reason": 6}}},
{"TimeGenerated": "2025-06-08T16:24:30.615881Z", "EventID": 55, "Computer": "DC01.pirate.htb", "RawEvent": {"#attributes": {"xmlns": "http://schemas.microsoft.com/win/2004/08/events/event"}, "System": {"Provider": {"#attributes": {"Name": "Microsoft-Windows-Kernel-Processor-Power", "Guid": "0F67E49F-FE51-4E9F-B490-6F2948CC6027"}}, "EventID": 55, "Version": 0, "Level": 4, "Task": 47, "Opcode": 0, "Keywords": "0x8000000000000000", "TimeCreated": {"#attributes": {"SystemTime": "2025-06-08T16:24:30.615881Z"}}, "EventRecordID": 969, "Correlation": null, "Execution": {"#attributes": {"ProcessID": 4, "ThreadID": 180}}, "Channel": "System", "Computer": "DC01.pirate.htb", "Security": {"#attributes": {"UserID": "S-1-5-18"}}}, "EventData": {"Group": 0, "Number": 0, "IdleStateCount": 1, "IdleImplementation": 1, "NominalFrequency": 3400, "MaximumPerformancePercent": 100, "MinimumPerformancePercent": 100, "MinimumThrottlePercent": 100, "PerformanceImplementation": 0}}},
{"TimeGenerated": "2025-06-08T16:24:30.616298Z", "EventID": 55, "Computer": "DC01.pirate.htb", "RawEvent": {"#attributes": {"xmlns": "http://schemas.microsoft.com/win/2004/08/events/event"}, "System": {"Provider": {"#attributes": {"Name": "Microsoft-Windows-Kernel-Processor-Power", "Guid": "0F67E49F-FE51-4E9F-B490-6F2948CC6027"}}, "EventID": 55, "Version": 0, "Level": 4, "Task": 47, "Opcode": 0, "Keywords": "0x8000000000000000", "TimeCreated": {"#attributes": {"SystemTime": "2025-06-08T16:24:30.616298Z"}}, "EventRecordID": 970, "Correlation": null, "Execution": {"#attributes": {"ProcessID": 4, "ThreadID": 180}}, "Channel": "System", "Computer": "DC01.pirate.htb", "Security": {"#attributes": {"UserID": "S-1-5-18"}}}, "EventData": {"Group": 0, "Number": 1, "IdleStateCount": 1, "IdleImplementation": 1, "NominalFrequency": 3400, "MaximumPerformancePercent": 100, "MinimumPerformancePercent": 100, "MinimumThrottlePercent": 100, "PerformanceImplementation": 0}}},
{"TimeGenerated": "2025-06-08T16:24:30.864870Z", "EventID": {"#attributes": {"Qualifiers": 24580}, "#text": 32}, "Computer": "DC01.pirate.htb", "RawEvent": {"#attributes": {"xmlns": "http://schemas.microsoft.com/win/2004/08/events/event"}, "System": {"Provider": {"#attributes": {"Name": "e1iexpress"}}, "EventID": {"#attributes": {"Qualifiers": 24580}, "#text": 32}, "Level": 4, "Task": 0, "Keywords": "0x80000000000000", "TimeCreated": {"#attributes": {"SystemTime": "2025-06-08T16:24:30.864870Z"}}, "EventRecordID": 971, "Channel": "System", "Computer": "DC01.pirate.htb", "Security": null}, "EventData": {"Data": {"#text": ["", "Intel(R) 82574L Gigabit Network Connection"]}, "Binary": "0000040002003000000000002000046000000000000000000000000000000000000000000000000020000460"}}},
{"TimeGenerated": "2025-06-08T16:24:30.880891Z", "EventID": 98, "Computer": "DC01.pirate.htb", "RawEvent": {"#attributes": {"xmlns": "http://schemas.microsoft.com/win/2004/08/events/event"}, "System": {"Provider": {"#attributes": {"Name": "Microsoft-Windows-Ntfs", "Guid": "3FF37A1C-A68D-4D6E-8C9B-F79E8B16C482"}}, "EventID": 98, "Version": 0, "Level": 4, "Task": 0, "Opcode": 0, "Keywords": "0x8000000000000002", "TimeCreated": {"#attributes": {"SystemTime": "2025-06-08T16:24:30.880891Z"}}, "EventRecordID": 972, "Correlation": null, "Execution": {"#attributes": {"ProcessID": 4, "ThreadID": 32}}, "Channel": "System", "Computer": "DC01.pirate.htb", "Security": {"#attributes": {"UserID": "S-1-5-18"}}}, "EventData": {"DriveName": "\\\\?\\Volume{b201937d-6d9a-48d9-97d0-8c62ad1c9720}", "DeviceName": "\\Device\\HarddiskVolume1", "CorruptionActionState": 0}}},
{"TimeGenerated": "2025-06-08T16:24:31.302752Z", "EventID": 14, "Computer": "DC01.pirate.htb", "RawEvent": {"#attributes": {"xmlns": "http://schemas.microsoft.com/win/2004/08/events/event"}, "System": {"Provider": {"#attributes": {"Name": "Microsoft-Windows-Wininit", "Guid": "206F6DEA-D3C5-4D10-BC72-989F03C8B84B"}}, "EventID": 14, "Version": 0, "Level": 4, "Task": 0, "Opcode": 0, "Keywords": "0x4000000000000000", "TimeCreated": {"#attributes": {"SystemTime": "2025-06-08T16:24:31.302752Z"}}, "EventRecordID": 973, "Correlation": null, "Execution": {"#attributes": {"ProcessID": 496, "ThreadID": 500}}, "Channel": "System", "Computer": "DC01.pirate.htb", "Security": {"#attributes": {"UserID": "S-1-5-18"}}}, "EventData": {"Config": 0, "IsTestConfig": 0}}},
{"TimeGenerated": "2025-06-08T16:24:31.386946Z", "EventID": 16962, "Computer": "DC01.pirate.htb", "RawEvent": {"#attributes": {"xmlns": "http://schemas.microsoft.com/win/2004/08/events/event"}, "System": {"Provider": {"#attributes": {"Name": "Microsoft-Windows-Directory-Services-SAM", "Guid": "0D4FDC09-8C27-494A-BDA0-505E4FD8ADAE"}}, "EventID": 16962, "Version": 0, "Level": 4, "Task": 0, "Opcode": 0, "Keywords": "0x8000000000000000", "TimeCreated": {"#attributes": {"SystemTime": "2025-06-08T16:24:31.386946Z"}}, "EventRecordID": 974, "Correlation": {"#attributes": {"ActivityID": "CD70E5B4-D891-0000-7DE6-70CD91D8DB01"}}, "Execution": {"#attributes": {"ProcessID": 644, "ThreadID": 648}}, "Channel": "System", "Computer": "DC01.pirate.htb", "Security": {"#attributes": {"UserID": "S-1-5-18"}}}, "EventData": {"#attributes": {"Name": "SAMMSG_RESTRICT_REMOTE_SAM_DEFAULT_SD"}, "Default SD String:": ""}}},
{"TimeGenerated": "2025-06-08T16:24:32.501396Z", "EventID": 16977, "Computer": "DC01.pirate.htb", "RawEvent": {"#attributes": {"xmlns": "http://schemas.microsoft.com/win/2004/08/events/event"}, "System": {"Provider": {"#attributes": {"Name": "Microsoft-Windows-Directory-Services-SAM", "Guid": "0D4FDC09-8C27-494A-BDA0-505E4FD8ADAE"}}, "EventID": 16977, "Version": 0, "Level": 4, "Task": 0, "Opcode": 0, "Keywords": "0x8000000000000000", "TimeCreated": {"#attributes": {"SystemTime": "2025-06-08T16:24:32.501396Z"}}, "EventRecordID": 975, "Correlation": null, "Execution": {"#attributes": {"ProcessID": 644, "ThreadID": 808}}, "Channel": "System", "Computer": "DC01.pirate.htb", "Security": {"#attributes": {"UserID": "S-1-5-18"}}}, "EventData": {"#attributes": {"Name": "SAMMSG_MINPWDLEN_SETTINGS_IN_EFFECT"}, "MinimumPasswordLength": 7, "MinimumPasswordLengthAudit": 0}}},
{"TimeGenerated": "2025-06-08T16:24:32.505304Z", "EventID": 16977, "Computer": "DC01.pirate.htb", "RawEvent": {"#attributes": {"xmlns": "http://schemas.microsoft.com/win/2004/08/events/event"}, "System": {"Provider": {"#attributes": {"Name": "Microsoft-Windows-Directory-Services-SAM", "Guid": "0D4FDC09-8C27-494A-BDA0-505E4FD8ADAE"}}, "EventID": 16977, "Version": 0, "Level": 4, "Task": 0, "Opcode": 0, "Keywords": "0x8000000000000000", "TimeCreated": {"#attributes": {"SystemTime": "2025-06-08T16:24:32.505304Z"}}, "EventRecordID": 976, "Correlation": null, "Execution": {"#attributes": {"ProcessID": 644, "ThreadID": 648}}, "Channel": "System", "Computer": "DC01.pirate.htb", "Security": {"#attributes": {"UserID": "S-1-5-18"}}}, "EventData": {"#attributes": {"Name": "SAMMSG_MINPWDLEN_SETTINGS_IN_EFFECT"}, "MinimumPasswordLength": 7, "MinimumPasswordLengthAudit": -1}}},
{"TimeGenerated": "2025-06-08T16:24:32.505306Z", "EventID": 16983, "Computer": "DC01.pirate.htb", "RawEvent": {"#attributes": {"xmlns": "http://schemas.microsoft.com/win/2004/08/events/event"}, "System": {"Provider": {"#attributes": {"Name": "Microsoft-Windows-Directory-Services-SAM", "Guid": "0D4FDC09-8C27-494A-BDA0-505E4FD8ADAE"}}, "EventID": 16983, "Version": 0, "Level": 4, "Task": 0, "Opcode": 0, "Keywords": "0x8000000000000000", "TimeCreated": {"#attributes": {"SystemTime": "2025-06-08T16:24:32.505306Z"}}, "EventRecordID": 977, "Correlation": null, "Execution": {"#attributes": {"ProcessID": 644, "ThreadID": 648}}, "Channel": "System", "Computer": "DC01.pirate.htb", "Security": {"#attributes": {"UserID": "S-1-5-18"}}}, "EventData": {"#attributes": {"Name": "SAMMSG_AUDIT_LEGACY_PWD_RPC_METHODS_OFF"}}}},
{"TimeGenerated": "2025-06-08T16:24:32.536716Z", "EventID": {"#attributes": {"Qualifiers": 16384}, "#text": 7036}, "Computer": "DC01.pirate.htb", "RawEvent": {"#attributes": {"xmlns": "http://schemas.microsoft.com/win/2004/08/events/event"}, "System": {"Provider": {"#attributes": {"Name": "Service Control Manager", "Guid": "{555908d1-a6d7-4695-8e1e-26931d2012f4}", "EventSourceName": "Service Control Manager"}}, "EventID": {"#attributes": {"Qualifiers": 16384}, "#text": 7036}, "Version": 0, "Level": 4, "Task": 0, "Opcode": 0, "Keywords": "0x8080000000000000", "TimeCreated": {"#attributes": {"SystemTime": "2025-06-08T16:24:32.536716Z"}}, "EventRecordID": 978, "Correlation": null, "Execution": {"#attributes": {"ProcessID": 636, "ThreadID": 748}}, "Channel": "System", "Computer": "DC01.pirate.htb", "Security": null}, "EventData": {"param1": "PlugPlay", "param2": "running", "Binary": "50006C007500670050006C00610079002F0034000000"}}},
{"TimeGenerated": "2025-06-08T16:24:32.567860Z", "EventID": {"#attributes": {"Qualifiers": 16384}, "#text": 7036}, "Computer": "DC01.pirate.htb", "RawEvent": {"#attributes": {"xmlns": "http://schemas.microsoft.com/win/2004/08/events/event"}, "System": {"Provider": {"#attributes": {"Name": "Service Control Manager", "Guid": "{555908d1-a6d7-4695-8e1e-26931d2012f4}", "EventSourceName": "Service Control Manager"}}, "EventID": {"#attributes": {"Qualifiers": 16384}, "#text": 7036}, "Version": 0, "Level": 4, "Task": 0, "Opcode": 0, "Keywords": "0x8080000000000000", "TimeCreated": {"#attributes": {"SystemTime": "2025-06-08T16:24:32.567860Z"}}, "EventRecordID": 979, "Correlation": null, "Execution": {"#attributes": {"ProcessID": 636, "ThreadID": 748}}, "Channel": "System", "Computer": "DC01.pirate.htb", "Security": null}, "EventData": {"param1": "Power", "param2": "running", "Binary": "50006F007700650072002F0034000000"}}},
{"TimeGenerated": "2025-06-08T16:24:32.567860Z", "EventID": {"#attributes": {"Qualifiers": 16384}, "#text": 7036}, "Computer": "DC01.pirate.htb", "RawEvent": {"#attributes": {"xmlns": "http://schemas.microsoft.com/win/2004/08/events/event"}, "System": {"Provider": {"#attributes": {"Name": "Service Control Manager", "Guid": "{555908d1-a6d7-4695-8e1e-26931d2012f4}", "EventSourceName": "Service Control Manager"}}, "EventID": {"#attributes": {"Qualifiers": 16384}, "#text": 7036}, "Version": 0, "Level": 4, "Task": 0, "Opcode": 0, "Keywords": "0x8080000000000000", "TimeCreated": {"#attributes": {"SystemTime": "2025-06-08T16:24:32.567860Z"}}, "EventRecordID": 980, "Correlation": null, "Execution": {"#attributes": {"ProcessID": 636, "ThreadID": 748}}, "Channel": "System", "Computer": "DC01.pirate.htb", "Security": null}, "EventData": {"param1": "DcomLaunch", "param2": "running", "Binary": "440063006F006D004C00610075006E00630068002F0034000000"}}},
{"TimeGenerated": "2025-06-08T16:24:32.583562Z", "EventID": {"#attributes": {"Qualifiers": 16384}, "#text": 7036}, "Computer": "DC01.pirate.htb", "RawEvent": {"#attributes": {"xmlns": "http://schemas.microsoft.com/win/2004/08/events/event"}, "System": {"Provider": {"#attributes": {"Name": "Service Control Manager", "Guid": "{555908d1-a6d7-4695-8e1e-26931d2012f4}", "EventSourceName": "Service Control Manager"}}, "EventID": {"#attributes": {"Qualifiers": 16384}, "#text": 7036}, "Version": 0, "Level": 4, "Task": 0, "Opcode": 0, "Keywords": "0x8080000000000000", "TimeCreated": {"#attributes": {"SystemTime": "2025-06-08T16:24:32.583562Z"}}, "EventRecordID": 981, "Correlation": null, "Execution": {"#attributes": {"ProcessID": 636, "ThreadID": 728}}, "Channel": "System", "Computer": "DC01.pirate.htb", "Security": null}, "EventData": {"param1": "RpcEptMapper", "param2": "running", "Binary": "5200700063004500700074004D00610070007000650072002F0034000000"}}},
{"TimeGenerated": "2025-06-08T16:24:32.583562Z", "EventID": {"#attributes": {"Qualifiers": 16384}, "#text": 7036}, "Computer": "DC01.pirate.htb", "RawEvent": {"#attributes": {"xmlns": "http://schemas.microsoft.com/win/2004/08/events/event"}, "System": {"Provider": {"#attributes": {"Name": "Service Control Manager", "Guid": "{555908d1-a6d7-4695-8e1e-26931d2012f4}", "EventSourceName": "Service Control Manager"}}, "EventID": {"#attributes": {"Qualifiers": 16384}, "#text": 7036}, "Version": 0, "Level": 4, "Task": 0, "Opcode": 0, "Keywords": "0x8080000000000000", "TimeCreated": {"#attributes": {"SystemTime": "2025-06-08T16:24:32.583562Z"}}, "EventRecordID": 982, "Correlation": null, "Execution": {"#attributes": {"ProcessID": 636, "ThreadID": 728}}, "Channel": "System", "Computer": "DC01.pirate.htb", "Security": null}, "EventData": {"param1": "RpcSs", "param2": "running", "Binary": "520070006300530073002F0034000000"}}},
{"TimeGenerated": "2025-06-08T16:24:32.599103Z", "EventID": {"#attributes": {"Qualifiers": 16384}, "#text": 7036}, "Computer": "DC01.pirate.htb", "RawEvent": {"#attributes": {"xmlns": "http://schemas.microsoft.com/win/2004/08/events/event"}, "System": {"Provider": {"#attributes": {"Name": "Service Control Manager", "Guid": "{555908d1-a6d7-4695-8e1e-26931d2012f4}", "EventSourceName": "Service Control Manager"}}, "EventID": {"#attributes": {"Qualifiers": 16384}, "#text": 7036}, "Version": 0, "Level": 4, "Task": 0, "Opcode": 0, "Keywords": "0x8080000000000000", "TimeCreated": {"#attributes": {"SystemTime": "2025-06-08T16:24:32.599103Z"}}, "EventRecordID": 983, "Correlation": null, "Execution": {"#attributes": {"ProcessID": 636, "ThreadID": 748}}, "Channel": "System", "Computer": "DC01.pirate.htb", "Security": null}, "EventData": {"param1": "LSM", "param2": "running", "Binary": "4C0053004D002F0034000000"}}},
{"TimeGenerated": "2025-06-08T16:24:32.631075Z", "EventID": {"#attributes": {"Qualifiers": 16384}, "#text": 7036}, "Computer": "DC01.pirate.htb", "RawEvent": {"#attributes": {"xmlns": "http://schemas.microsoft.com/win/2004/08/events/event"}, "System": {"Provider": {"#attributes": {"Name": "Service Control Manager", "Guid": "{555908d1-a6d7-4695-8e1e-26931d2012f4}", "EventSourceName": "Service Control Manager"}}, "EventID": {"#attributes": {"Qualifiers": 16384}, "#text": 7036}, "Version": 0, "Level": 4, "Task": 0, "Opcode": 0, "Keywords": "0x8080000000000000", "TimeCreated": {"#attributes": {"SystemTime": "2025-06-08T16:24:32.631075Z"}}, "EventRecordID": 984, "Correlation": null, "Execution": {"#attributes": {"ProcessID": 636, "ThreadID": 728}}, "Channel": "System", "Computer": "DC01.pirate.htb", "Security": null}, "EventData": {"param1": "BrokerInfrastructure", "param2": "running", "Binary": "420072006F006B006500720049006E006600720061007300740072007500630074007500720065002F0034000000"}}},
{"TimeGenerated": "2025-06-08T16:24:32.631075Z", "EventID": {"#attributes": {"Qualifiers": 16384}, "#text": 7036}, "Computer": "DC01.pirate.htb", "RawEvent": {"#attributes": {"xmlns": "http://schemas.microsoft.com/win/2004/08/events/event"}, "System": {"Provider": {"#attributes": {"Name": "Service Control Manager", "Guid": "{555908d1-a6d7-4695-8e1e-26931d2012f4}", "EventSourceName": "Service Control Manager"}}, "EventID": {"#attributes": {"Qualifiers": 16384}, "#text": 7036}, "Version": 0, "Level": 4, "Task": 0, "Opcode": 0, "Keywords": "0x8080000000000000", "TimeCreated": {"#attributes": {"SystemTime": "2025-06-08T16:24:32.631075Z"}}, "EventRecordID": 985, "Correlation": null, "Execution": {"#attributes": {"ProcessID": 636, "ThreadID": 728}}, "Channel": "System", "Computer": "DC01.pirate.htb", "Security": null}, "EventData": {"param1": "SystemEventsBroker", "param2": "running", "Binary": "530079007300740065006D004500760065006E0074007300420072006F006B00650072002F0034000000"}}},
{"TimeGenerated": "2025-06-08T16:24:32.771232Z", "EventID": {"#attributes": {"Qualifiers": 16384}, "#text": 7036}, "Computer": "DC01.pirate.htb", "RawEvent": {"#attributes": {"xmlns": "http://schemas.microsoft.com/win/2004/08/events/event"}, "System": {"Provider": {"#attributes": {"Name": "Service Control Manager", "Guid": "{555908d1-a6d7-4695-8e1e-26931d2012f4}", "EventSourceName": "Service Control Manager"}}, "EventID": {"#attributes": {"Qualifiers": 16384}, "#text": 7036}, "Version": 0, "Level": 4, "Task": 0, "Opcode": 0, "Keywords": "0x8080000000000000", "TimeCreated": {"#attributes": {"SystemTime": "2025-06-08T16:24:32.771232Z"}}, "EventRecordID": 986, "Correlation": null, "Execution": {"#attributes": {"ProcessID": 636, "ThreadID": 1092}}, "Channel": "System", "Computer": "DC01.pirate.htb", "Security": null}, "EventData": {"param1": "nsi", "param2": "running", "Binary": "6E00730069002F0034000000"}}},
{"TimeGenerated": "2025-06-08T16:24:32.771232Z", "EventID": {"#attributes": {"Qualifiers": 16384}, "#text": 7036}, "Computer": "DC01.pirate.htb", "RawEvent": {"#attributes": {"xmlns": "http://schemas.microsoft.com/win/2004/08/events/event"}, "System": {"Provider": {"#attributes": {"Name": "Service Control Manager", "Guid": "{555908d1-a6d7-4695-8e1e-26931d2012f4}", "EventSourceName": "Service Control Manager"}}, "EventID": {"#attributes": {"Qualifiers": 16384}, "#text": 7036}, "Version": 0, "Level": 4, "Task": 0, "Opcode": 0, "Keywords": "0x8080000000000000", "TimeCreated": {"#attributes": {"SystemTime": "2025-06-08T16:24:32.771232Z"}}, "EventRecordID": 987, "Correlation": null, "Execution": {"#attributes": {"ProcessID": 636, "ThreadID": 1072}}, "Channel": "System", "Computer": "DC01.pirate.htb", "Security": null}, "EventData": {"param1": "lmhosts", "param2": "running", "Binary": "6C006D0068006F007300740073002F0034000000"}}},
{"TimeGenerated": "2025-06-08T16:24:32.786602Z", "EventID": {"#attributes": {"Qualifiers": 16384}, "#text": 7036}, "Computer": "DC01.pirate.htb", "RawEvent": {"#attributes": {"xmlns": "http://schemas.microsoft.com/win/2004/08/events/event"}, "System": {"Provider": {"#attributes": {"Name": "Service Control Manager", "Guid": "{555908d1-a6d7-4695-8e1e-26931d2012f4}", "EventSourceName": "Service Control Manager"}}, "EventID": {"#attributes": {"Qualifiers": 16384}, "#text": 7036}, "Version": 0, "Level": 4, "Task": 0, "Opcode": 0, "Keywords": "0x8080000000000000", "TimeCreated": {"#attributes": {"SystemTime": "2025-06-08T16:24:32.786602Z"}}, "EventRecordID": 988, "Correlation": null, "Execution": {"#attributes": {"ProcessID": 636, "ThreadID": 1072}}, "Channel": "System", "Computer": "DC01.pirate.htb", "Security": null}, "EventData": {"param1": "TimeBrokerSvc", "param2": "running", "Binary": "540069006D006500420072006F006B00650072005300760063002F0034000000"}}},
{"TimeGenerated": "2025-06-08T16:24:32.807422Z", "EventID": 50036, "Computer": "DC01.pirate.htb", "RawEvent": {"#attributes": {"xmlns": "http://schemas.microsoft.com/win/2004/08/events/event"}, "System": {"Provider": {"#attributes": {"Name": "Microsoft-Windows-Dhcp-Client", "Guid": "15A7A4F8-0072-4EAB-ABAD-F98A4D666AED"}}, "EventID": 50036, "Version": 0, "Level": 4, "Task": 4, "Opcode": 68, "Keywords": "0x2000000000000000", "TimeCreated": {"#attributes": {"SystemTime": "2025-06-08T16:24:32.807422Z"}}, "EventRecordID": 989, "Correlation": null, "Execution": {"#attributes": {"ProcessID": 1200, "ThreadID": 1236}}, "Channel": "System", "Computer": "DC01.pirate.htb", "Security": {"#attributes": {"UserID": "S-1-5-19"}}}, "EventData": null}},
{"TimeGenerated": "2025-06-08T16:24:32.807526Z", "EventID": 50103, "Computer": "DC01.pirate.htb", "RawEvent": {"#attributes": {"xmlns": "http://schemas.microsoft.com/win/2004/08/events/event"}, "System": {"Provider": {"#attributes": {"Name": "Microsoft-Windows-Dhcp-Client", "Guid": "15A7A4F8-0072-4EAB-ABAD-F98A4D666AED"}}, "EventID": 50103, "Version": 0, "Level": 4, "Task": 4, "Opcode": 129, "Keywords": "0x2000000000000000", "TimeCreated": {"#attributes": {"SystemTime": "2025-06-08T16:24:32.807526Z"}}, "EventRecordID": 990, "Correlation": null, "Execution": {"#attributes": {"ProcessID": 1200, "ThreadID": 1236}}, "Channel": "System", "Computer": "DC01.pirate.htb", "Security": {"#attributes": {"UserID": "S-1-5-19"}}}, "EventData": null}},
{"TimeGenerated": "2025-06-08T16:24:32.802361Z", "EventID": {"#attributes": {"Qualifiers": 16384}, "#text": 7036}, "Computer": "DC01.pirate.htb", "RawEvent": {"#attributes": {"xmlns": "http://schemas.microsoft.com/win/2004/08/events/event"}, "System": {"Provider": {"#attributes": {"Name": "Service Control Manager", "Guid": "{555908d1-a6d7-4695-8e1e-26931d2012f4}", "EventSourceName": "Service Control Manager"}}, "EventID": {"#attributes": {"Qualifiers": 16384}, "#text": 7036}, "Version": 0, "Level": 4, "Task": 0, "Opcode": 0, "Keywords": "0x8080000000000000", "TimeCreated": {"#attributes": {"SystemTime": "2025-06-08T16:24:32.802361Z"}}, "EventRecordID": 991, "Correlation": null, "Execution": {"#attributes": {"ProcessID": 636, "ThreadID": 944}}, "Channel": "System", "Computer": "DC01.pirate.htb", "Security": null}, "EventData": {"param1": "EventLog", "param2": "running", "Binary": "4500760065006E0074004C006F0067002F0034000000"}}},
{"TimeGenerated": "2025-06-08T16:24:32.811413Z", "EventID": 51046, "Computer": "DC01.pirate.htb", "RawEvent": {"#attributes": {"xmlns": "http://schemas.microsoft.com/win/2004/08/events/event"}, "System": {"Provider": {"#attributes": {"Name": "Microsoft-Windows-DHCPv6-Client", "Guid": "6A1F2B00-6A90-4C38-95A5-5CAB3B056778"}}, "EventID": 51046, "Version": 0, "Level": 4, "Task": 4, "Opcode": 62, "Keywords": "0x2000000000000000", "TimeCreated": {"#attributes": {"SystemTime": "2025-06-08T16:24:32.811413Z"}}, "EventRecordID": 992, "Correlation": null, "Execution": {"#attributes": {"ProcessID": 1200, "ThreadID": 1272}}, "Channel": "System", "Computer": "DC01.pirate.htb", "Security": {"#attributes": {"UserID": "S-1-5-19"}}}, "EventData": null}},
{"TimeGenerated": "2025-06-08T16:24:32.802361Z", "EventID": {"#attributes": {"Qualifiers": 16384}, "#text": 7036}, "Computer": "DC01.pirate.htb", "RawEvent": {"#attributes": {"xmlns": "http://schemas.microsoft.com/win/2004/08/events/event"}, "System": {"Provider": {"#attributes": {"Name": "Service Control Manager", "Guid": "{555908d1-a6d7-4695-8e1e-26931d2012f4}", "EventSourceName": "Service Control Manager"}}, "EventID": {"#attributes": {"Qualifiers": 16384}, "#text": 7036}, "Version": 0, "Level": 4, "Task": 0, "Opcode": 0, "Keywords": "0x8080000000000000", "TimeCreated": {"#attributes": {"SystemTime": "2025-06-08T16:24:32.802361Z"}}, "EventRecordID": 993, "Correlation": null, "Execution": {"#attributes": {"ProcessID": 636, "ThreadID": 944}}, "Channel": "System", "Computer": "DC01.pirate.htb", "Security": null}, "EventData": {"param1": "Dhcp", "param2": "running", "Binary": "44006800630070002F0034000000"}}},
{"TimeGenerated": "2025-06-08T16:24:32.802361Z", "EventID": {"#attributes": {"Qualifiers": 16384}, "#text": 7036}, "Computer": "DC01.pirate.htb", "RawEvent": {"#attributes": {"xmlns": "http://schemas.microsoft.com/win/2004/08/events/event"}, "System": {"Provider": {"#attributes": {"Name": "Service Control Manager", "Guid": "{555908d1-a6d7-4695-8e1e-26931d2012f4}", "EventSourceName": "Service Control Manager"}}, "EventID": {"#attributes": {"Qualifiers": 16384}, "#text": 7036}, "Version": 0, "Level": 4, "Task": 0, "Opcode": 0, "Keywords": "0x8080000000000000", "TimeCreated": {"#attributes": {"SystemTime": "2025-06-08T16:24:32.802361Z"}}, "EventRecordID": 994, "Correlation": null, "Execution": {"#attributes": {"ProcessID": 636, "ThreadID": 944}}, "Channel": "System", "Computer": "DC01.pirate.htb", "Security": null}, "EventData": {"param1": "Dnscache", "param2": "running", "Binary": "44006E007300630061006300680065002F0034000000"}}},
{"TimeGenerated": "2025-06-08T16:24:32.838368Z", "EventID": 6, "Computer": "DC01.pirate.htb", "RawEvent": {"#attributes": {"xmlns": "http://schemas.microsoft.com/win/2004/08/events/event"}, "System": {"Provider": {"#attributes": {"Name": "Microsoft-Windows-FilterManager", "Guid": "F3C5E28E-63F6-49C7-A204-E48A1BC4B09D"}}, "EventID": 6, "Version": 0, "Level": 4, "Task": 0, "Opcode": 0, "Keywords": "0x8000000000000000", "TimeCreated": {"#attributes": {"SystemTime": "2025-06-08T16:24:32.838368Z"}}, "EventRecordID": 995, "Correlation": null, "Execution": {"#attributes": {"ProcessID": 4, "ThreadID": 176}}, "Channel": "System", "Computer": "DC01.pirate.htb", "Security": {"#attributes": {"UserID": "S-1-5-18"}}}, "EventData": {"FinalStatus": "0x0", "DeviceVersionMajor": 10, "DeviceVersionMinor": 0, "DeviceNameLength": 5, "DeviceName": "wcifs", "DeviceTime": "2046-04-07T00:59:48.000000Z"}}},
{"TimeGenerated": "2025-06-08T16:24:32.844575Z", "EventID": 6, "Computer": "DC01.pirate.htb", "RawEvent": {"#attributes": {"xmlns": "http://schemas.microsoft.com/win/2004/08/events/event"}, "System": {"Provider": {"#attributes": {"Name": "Microsoft-Windows-FilterManager", "Guid": "F3C5E28E-63F6-49C7-A204-E48A1BC4B09D"}}, "EventID": 6, "Version": 0, "Level": 4, "Task": 0, "Opcode": 0, "Keywords": "0x8000000000000000", "TimeCreated": {"#attributes": {"SystemTime": "2025-06-08T16:24:32.844575Z"}}, "EventRecordID": 996, "Correlation": null, "Execution": {"#attributes": {"ProcessID": 4, "ThreadID": 32}}, "Channel": "System", "Computer": "DC01.pirate.htb", "Security": {"#attributes": {"UserID": "S-1-5-18"}}}, "EventData": {"FinalStatus": "0x0", "DeviceVersionMajor": 10, "DeviceVersionMinor": 0, "DeviceNameLength": 5, "DeviceName": "luafv", "DeviceTime": "2004-12-24T20:21:01.000000Z"}}},
{"TimeGenerated": "2025-06-08T16:24:32.852681Z", "EventID": 6, "Computer": "DC01.pirate.htb", "RawEvent": {"#attributes": {"xmlns": "http://schemas.microsoft.com/win/2004/08/events/event"}, "System": {"Provider": {"#attributes": {"Name": "Microsoft-Windows-FilterManager", "Guid": "F3C5E28E-63F6-49C7-A204-E48A1BC4B09D"}}, "EventID": 6, "Version": 0, "Level": 4, "Task": 0, "Opcode": 0, "Keywords": "0x8000000000000000", "TimeCreated": {"#attributes": {"SystemTime": "2025-06-08T16:24:32.852681Z"}}, "EventRecordID": 997, "Correlation": null, "Execution": {"#attributes": {"ProcessID": 4, "ThreadID": 32}}, "Channel": "System", "Computer": "DC01.pirate.htb", "Security": {"#attributes": {"UserID": "S-1-5-18"}}}, "EventData": {"FinalStatus": "0x0", "DeviceVersionMajor": 10, "DeviceVersionMinor": 0, "DeviceNameLength": 6, "DeviceName": "CldFlt", "DeviceTime": "1983-11-13T18:18:55.000000Z"}}},
{"TimeGenerated": "2025-06-08T16:24:32.852686Z", "EventID": 1, "Computer": "DC01.pirate.htb", "RawEvent": {"#attributes": {"xmlns": "http://schemas.microsoft.com/win/2004/08/events/event"}, "System": {"Provider": {"#attributes": {"Name": "Microsoft-Windows-FilterManager", "Guid": "F3C5E28E-63F6-49C7-A204-E48A1BC4B09D"}}, "EventID": 1, "Version": 0, "Level": 4, "Task": 0, "Opcode": 0, "Keywords": "0x8000000000000000", "TimeCreated": {"#attributes": {"SystemTime": "2025-06-08T16:24:32.852686Z"}}, "EventRecordID": 998, "Correlation": null, "Execution": {"#attributes": {"ProcessID": 4, "ThreadID": 32}}, "Channel": "System", "Computer": "DC01.pirate.htb", "Security": {"#attributes": {"UserID": "S-1-5-18"}}}, "EventData": {"FinalStatus": "0x0", "DeviceVersionMajor": 10, "DeviceVersionMinor": 0, "DeviceNameLength": 6, "DeviceName": "CldFlt", "DeviceTime": "1983-11-13T18:18:55.000000Z"}}},
{"TimeGenerated": "2025-06-08T16:24:32.852716Z", "EventID": 6, "Computer": "DC01.pirate.htb", "RawEvent": {"#attributes": {"xmlns": "http://schemas.microsoft.com/win/2004/08/events/event"}, "System": {"Provider": {"#attributes": {"Name": "Microsoft-Windows-FilterManager", "Guid": "F3C5E28E-63F6-49C7-A204-E48A1BC4B09D"}}, "EventID": 6, "Version": 0, "Level": 4, "Task": 0, "Opcode": 0, "Keywords": "0x8000000000000000", "TimeCreated": {"#attributes": {"SystemTime": "2025-06-08T16:24:32.852716Z"}}, "EventRecordID": 999, "Correlation": null, "Execution": {"#attributes": {"ProcessID": 4, "ThreadID": 32}}, "Channel": "System", "Computer": "DC01.pirate.htb", "Security": {"#attributes": {"UserID": "S-1-5-18"}}}, "EventData": {"FinalStatus": "0x0", "DeviceVersionMajor": 10, "DeviceVersionMinor": 0, "DeviceNameLength": 6, "DeviceName": "CldFlt", "DeviceTime": "1983-11-13T18:18:55.000000Z"}}},
{"TimeGenerated": "2025-06-08T16:24:32.856610Z", "EventID": 6, "Computer": "DC01.pirate.htb", "RawEvent": {"#attributes": {"xmlns": "http://schemas.microsoft.com/win/2004/08/events/event"}, "System": {"Provider": {"#attributes": {"Name": "Microsoft-Windows-FilterManager", "Guid": "F3C5E28E-63F6-49C7-A204-E48A1BC4B09D"}}, "EventID": 6, "Version": 0, "Level": 4, "Task": 0, "Opcode": 0, "Keywords": "0x8000000000000000", "TimeCreated": {"#attributes": {"SystemTime": "2025-06-08T16:24:32.856610Z"}}, "EventRecordID": 1000, "Correlation": null, "Execution": {"#attributes": {"ProcessID": 4, "ThreadID": 32}}, "Channel": "System", "Computer": "DC01.pirate.htb", "Security": {"#attributes": {"UserID": "S-1-5-18"}}}, "EventData": {"FinalStatus": "0x0", "DeviceVersionMajor": 10, "DeviceVersionMinor": 0, "DeviceNameLength": 10, "DeviceName": "storqosflt", "DeviceTime": "2004-08-10T09:55:11.000000Z"}}},
{"TimeGenerated": "2025-06-08T16:24:32.849179Z", "EventID": {"#attributes": {"Qualifiers": 16384}, "#text": 7036}, "Computer": "DC01.pirate.htb", "RawEvent": {"#attributes": {"xmlns": "http://schemas.microsoft.com/win/2004/08/events/event"}, "System": {"Provider": {"#attributes": {"Name": "Service Control Manager", "Guid": "{555908d1-a6d7-4695-8e1e-26931d2012f4}", "EventSourceName": "Service Control Manager"}}, "EventID": {"#attributes": {"Qualifiers": 16384}, "#text": 7036}, "Version": 0, "Level": 4, "Task": 0, "Opcode": 0, "Keywords": "0x8080000000000000", "TimeCreated": {"#attributes": {"SystemTime": "2025-06-08T16:24:32.849179Z"}}, "EventRecordID": 1001, "Correlation": null, "Execution": {"#attributes": {"ProcessID": 636, "ThreadID": 728}}, "Channel": "System", "Computer": "DC01.pirate.htb", "Security": null}, "EventData": {"param1": "NTDS", "param2": "running", "Binary": "4E005400440053002F0034000000"}}},
{"TimeGenerated": "2025-06-08T16:24:32.865228Z", "EventID": {"#attributes": {"Qualifiers": 16384}, "#text": 7036}, "Computer": "DC01.pirate.htb", "RawEvent": {"#attributes": {"xmlns": "http://schemas.microsoft.com/win/2004/08/events/event"}, "System": {"Provider": {"#attributes": {"Name": "Service Control Manager", "Guid": "{555908d1-a6d7-4695-8e1e-26931d2012f4}", "EventSourceName": "Service Control Manager"}}, "EventID": {"#attributes": {"Qualifiers": 16384}, "#text": 7036}, "Version": 0, "Level": 4, "Task": 0, "Opcode": 0, "Keywords": "0x8080000000000000", "TimeCreated": {"#attributes": {"SystemTime": "2025-06-08T16:24:32.865228Z"}}, "EventRecordID": 1002, "Correlation": null, "Execution": {"#attributes": {"ProcessID": 636, "ThreadID": 488}}, "Channel": "System", "Computer": "DC01.pirate.htb", "Security": null}, "EventData": {"param1": "WPDBusEnum", "param2": "running", "Binary": "57005000440042007500730045006E0075006D002F0034000000"}}},
{"TimeGenerated": "2025-06-08T16:24:32.865228Z", "EventID": {"#attributes": {"Qualifiers": 16384}, "#text": 7036}, "Computer": "DC01.pirate.htb", "RawEvent": {"#attributes": {"xmlns": "http://schemas.microsoft.com/win/2004/08/events/event"}, "System": {"Provider": {"#attributes": {"Name": "Service Control Manager", "Guid": "{555908d1-a6d7-4695-8e1e-26931d2012f4}", "EventSourceName": "Service Control Manager"}}, "EventID": {"#attributes": {"Qualifiers": 16384}, "#text": 7036}, "Version": 0, "Level": 4, "Task": 0, "Opcode": 0, "Keywords": "0x8080000000000000", "TimeCreated": {"#attributes": {"SystemTime": "2025-06-08T16:24:32.865228Z"}}, "EventRecordID": 1003, "Correlation": null, "Execution": {"#attributes": {"ProcessID": 636, "ThreadID": 488}}, "Channel": "System", "Computer": "DC01.pirate.htb", "Security": null}, "EventData": {"param1": "Themes", "param2": "running", "Binary": "5400680065006D00650073002F0034000000"}}},
{"TimeGenerated": "2025-06-08T16:24:32.865228Z", "EventID": {"#attributes": {"Qualifiers": 16384}, "#text": 7036}, "Computer": "DC01.pirate.htb", "RawEvent": {"#attributes": {"xmlns": "http://schemas.microsoft.com/win/2004/08/events/event"}, "System": {"Provider": {"#attributes": {"Name": "Service Control Manager", "Guid": "{555908d1-a6d7-4695-8e1e-26931d2012f4}", "EventSourceName": "Service Control Manager"}}, "EventID": {"#attributes": {"Qualifiers": 16384}, "#text": 7036}, "Version": 0, "Level": 4, "Task": 0, "Opcode": 0, "Keywords": "0x8080000000000000", "TimeCreated": {"#attributes": {"SystemTime": "2025-06-08T16:24:32.865228Z"}}, "EventRecordID": 1004, "Correlation": null, "Execution": {"#attributes": {"ProcessID": 636, "ThreadID": 944}}, "Channel": "System", "Computer": "DC01.pirate.htb", "Security": null}, "EventData": {"param1": "gpsvc", "param2": "running", "Binary": "670070007300760063002F0034000000"}}},
{"TimeGenerated": "2025-06-08T16:24:32.865228Z", "EventID": {"#attributes": {"Qualifiers": 16384}, "#text": 7036}, "Computer": "DC01.pirate.htb", "RawEvent": {"#attributes": {"xmlns": "http://schemas.microsoft.com/win/2004/08/events/event"}, "System": {"Provider": {"#attributes": {"Name": "Service Control Manager", "Guid": "{555908d1-a6d7-4695-8e1e-26931d2012f4}", "EventSourceName": "Service Control Manager"}}, "EventID": {"#attributes": {"Qualifiers": 16384}, "#text": 7036}, "Version": 0, "Level": 4, "Task": 0, "Opcode": 0, "Keywords": "0x8080000000000000", "TimeCreated": {"#attributes": {"SystemTime": "2025-06-08T16:24:32.865228Z"}}, "EventRecordID": 1005, "Correlation": null, "Execution": {"#attributes": {"ProcessID": 636, "ThreadID": 488}}, "Channel": "System", "Computer": "DC01.pirate.htb", "Security": null}, "EventData": {"param1": "NlaSvc", "param2": "running", "Binary": "4E006C0061005300760063002F0034000000"}}},
{"TimeGenerated": "2025-06-08T16:24:32.880433Z", "EventID": {"#attributes": {"Qualifiers": 16384}, "#text": 7036}, "Computer": "DC01.pirate.htb", "RawEvent": {"#attributes": {"xmlns": "http://schemas.microsoft.com/win/2004/08/events/event"}, "System": {"Provider": {"#attributes": {"Name": "Service Control Manager", "Guid": "{555908d1-a6d7-4695-8e1e-26931d2012f4}", "EventSourceName": "Service Control Manager"}}, "EventID": {"#attributes": {"Qualifiers": 16384}, "#text": 7036}, "Version": 0, "Level": 4, "Task": 0, "Opcode": 0, "Keywords": "0x8080000000000000", "TimeCreated": {"#attributes": {"SystemTime": "2025-06-08T16:24:32.880433Z"}}, "EventRecordID": 1006, "Correlation": null, "Execution": {"#attributes": {"ProcessID": 636, "ThreadID": 340}}, "Channel": "System", "Computer": "DC01.pirate.htb", "Security": null}, "EventData": {"param1": "EventSystem", "param2": "running", "Binary": "4500760065006E007400530079007300740065006D002F0034000000"}}},
{"TimeGenerated": "2025-06-08T16:24:32.905180Z", "EventID": 1014, "Computer": "DC01.pirate.htb", "RawEvent": {"#attributes": {"xmlns": "http://schemas.microsoft.com/win/2004/08/events/event"}, "System": {"Provider": {"#attributes": {"Name": "Microsoft-Windows-DNS-Client", "Guid": "1C95126E-7EEA-49A9-A3FE-A378B03DDB4D"}}, "EventID": 1014, "Version": 0, "Level": 3, "Task": 1014, "Opcode": 0, "Keywords": "0x4000000010000000", "TimeCreated": {"#attributes": {"SystemTime": "2025-06-08T16:24:32.905180Z"}}, "EventRecordID": 1007, "Correlation": null, "Execution": {"#attributes": {"ProcessID": 1124, "ThreadID": 1232}}, "Channel": "System", "Computer": "DC01.pirate.htb", "Security": {"#attributes": {"UserID": "S-1-5-20"}}}, "EventData": {"QueryName": "_ldap._tcp.dc._msdcs.pirate.htb.", "AddressLength": 128, "Address": "1700000000000000000000000000000000000000000000010000000000000000000000000000000000000000000000000000000000000000000000000000000000000000000000000000000000000000000000000000000000000000000000000000000000000000000000000000000000000000000000000000000000000000"}}},
{"TimeGenerated": "2025-06-08T16:24:32.896027Z", "EventID": {"#attributes": {"Qualifiers": 16384}, "#text": 7036}, "Computer": "DC01.pirate.htb", "RawEvent": {"#attributes": {"xmlns": "http://schemas.microsoft.com/win/2004/08/events/event"}, "System": {"Provider": {"#attributes": {"Name": "Service Control Manager", "Guid": "{555908d1-a6d7-4695-8e1e-26931d2012f4}", "EventSourceName": "Service Control Manager"}}, "EventID": {"#attributes": {"Qualifiers": 16384}, "#text": 7036}, "Version": 0, "Level": 4, "Task": 0, "Opcode": 0, "Keywords": "0x8080000000000000", "TimeCreated": {"#attributes": {"SystemTime": "2025-06-08T16:24:32.896027Z"}}, "EventRecordID": 1008, "Correlation": null, "Execution": {"#attributes": {"ProcessID": 636, "ThreadID": 1012}}, "Channel": "System", "Computer": "DC01.pirate.htb", "Security": null}, "EventData": {"param1": "SENS", "param2": "running", "Binary": "530045004E0053002F0034000000"}}},
{"TimeGenerated": "2025-06-08T16:24:32.927226Z", "EventID": {"#attributes": {"Qualifiers": 16384}, "#text": 7036}, "Computer": "DC01.pirate.htb", "RawEvent": {"#attributes": {"xmlns": "http://schemas.microsoft.com/win/2004/08/events/event"}, "System": {"Provider": {"#attributes": {"Name": "Service Control Manager", "Guid": "{555908d1-a6d7-4695-8e1e-26931d2012f4}", "EventSourceName": "Service Control Manager"}}, "EventID": {"#attributes": {"Qualifiers": 16384}, "#text": 7036}, "Version": 0, "Level": 4, "Task": 0, "Opcode": 0, "Keywords": "0x8080000000000000", "TimeCreated": {"#attributes": {"SystemTime": "2025-06-08T16:24:32.927226Z"}}, "EventRecordID": 1009, "Correlation": null, "Execution": {"#attributes": {"ProcessID": 636, "ThreadID": 728}}, "Channel": "System", "Computer": "DC01.pirate.htb", "Security": null}, "EventData": {"param1": "ProfSvc", "param2": "running", "Binary": "500072006F0066005300760063002F0034000000"}}},
{"TimeGenerated": "2025-06-08T16:24:32.958531Z", "EventID": {"#attributes": {"Qualifiers": 16384}, "#text": 7036}, "Computer": "DC01.pirate.htb", "RawEvent": {"#attributes": {"xmlns": "http://schemas.microsoft.com/win/2004/08/events/event"}, "System": {"Provider": {"#attributes": {"Name": "Service Control Manager", "Guid": "{555908d1-a6d7-4695-8e1e-26931d2012f4}", "EventSourceName": "Service Control Manager"}}, "EventID": {"#attributes": {"Qualifiers": 16384}, "#text": 7036}, "Version": 0, "Level": 4, "Task": 0, "Opcode": 0, "Keywords": "0x8080000000000000", "TimeCreated": {"#attributes": {"SystemTime": "2025-06-08T16:24:32.958531Z"}}, "EventRecordID": 1010, "Correlation": null, "Execution": {"#attributes": {"ProcessID": 636, "ThreadID": 488}}, "Channel": "System", "Computer": "DC01.pirate.htb", "Security": null}, "EventData": {"param1": "Schedule", "param2": "running", "Binary": "5300630068006500640075006C0065002F0034000000"}}},
{"TimeGenerated": "2025-06-08T16:24:32.958531Z", "EventID": {"#attributes": {"Qualifiers": 16384}, "#text": 7036}, "Computer": "DC01.pirate.htb", "RawEvent": {"#attributes": {"xmlns": "http://schemas.microsoft.com/win/2004/08/events/event"}, "System": {"Provider": {"#attributes": {"Name": "Service Control Manager", "Guid": "{555908d1-a6d7-4695-8e1e-26931d2012f4}", "EventSourceName": "Service Control Manager"}}, "EventID": {"#attributes": {"Qualifiers": 16384}, "#text": 7036}, "Version": 0, "Level": 4, "Task": 0, "Opcode": 0, "Keywords": "0x8080000000000000", "TimeCreated": {"#attributes": {"SystemTime": "2025-06-08T16:24:32.958531Z"}}, "EventRecordID": 1011, "Correlation": null, "Execution": {"#attributes": {"ProcessID": 636, "ThreadID": 776}}, "Channel": "System", "Computer": "DC01.pirate.htb", "Security": null}, "EventData": {"param1": "netprofm", "param2": "running", "Binary": "6E0065007400700072006F0066006D002F0034000000"}}},
{"TimeGenerated": "2025-06-08T16:24:32.975060Z", "EventID": {"#attributes": {"Qualifiers": 16384}, "#text": 7036}, "Computer": "DC01.pirate.htb", "RawEvent": {"#attributes": {"xmlns": "http://schemas.microsoft.com/win/2004/08/events/event"}, "System": {"Provider": {"#attributes": {"Name": "Service Control Manager", "Guid": "{555908d1-a6d7-4695-8e1e-26931d2012f4}", "EventSourceName": "Service Control Manager"}}, "EventID": {"#attributes": {"Qualifiers": 16384}, "#text": 7036}, "Version": 0, "Level": 4, "Task": 0, "Opcode": 0, "Keywords": "0x8080000000000000", "TimeCreated": {"#attributes": {"SystemTime": "2025-06-08T16:24:32.975060Z"}}, "EventRecordID": 1012, "Correlation": null, "Execution": {"#attributes": {"ProcessID": 636, "ThreadID": 488}}, "Channel": "System", "Computer": "DC01.pirate.htb", "Security": null}, "EventData": {"param1": "ShellHWDetection", "param2": "running", "Binary": "5300680065006C006C004800570044006500740065006300740069006F006E002F0034000000"}}},
{"TimeGenerated": "2025-06-08T16:24:32.975060Z", "EventID": {"#attributes": {"Qualifiers": 16384}, "#text": 7036}, "Computer": "DC01.pirate.htb", "RawEvent": {"#attributes": {"xmlns": "http://schemas.microsoft.com/win/2004/08/events/event"}, "System": {"Provider": {"#attributes": {"Name": "Service Control Manager", "Guid": "{555908d1-a6d7-4695-8e1e-26931d2012f4}", "EventSourceName": "Service Control Manager"}}, "EventID": {"#attributes": {"Qualifiers": 16384}, "#text": 7036}, "Version": 0, "Level": 4, "Task": 0, "Opcode": 0, "Keywords": "0x8080000000000000", "TimeCreated": {"#attributes": {"SystemTime": "2025-06-08T16:24:32.975060Z"}}, "EventRecordID": 1013, "Correlation": null, "Execution": {"#attributes": {"ProcessID": 636, "ThreadID": 340}}, "Channel": "System", "Computer": "DC01.pirate.htb", "Security": null}, "EventData": {"param1": "DsmSvc", "param2": "running", "Binary": "440073006D005300760063002F0034000000"}}},
{"TimeGenerated": "2025-06-08T16:24:33.005531Z", "EventID": {"#attributes": {"Qualifiers": 16384}, "#text": 7036}, "Computer": "DC01.pirate.htb", "RawEvent": {"#attributes": {"xmlns": "http://schemas.microsoft.com/win/2004/08/events/event"}, "System": {"Provider": {"#attributes": {"Name": "Service Control Manager", "Guid": "{555908d1-a6d7-4695-8e1e-26931d2012f4}", "EventSourceName": "Service Control Manager"}}, "EventID": {"#attributes": {"Qualifiers": 16384}, "#text": 7036}, "Version": 0, "Level": 4, "Task": 0, "Opcode": 0, "Keywords": "0x8080000000000000", "TimeCreated": {"#attributes": {"SystemTime": "2025-06-08T16:24:33.005531Z"}}, "EventRecordID": 1014, "Correlation": null, "Execution": {"#attributes": {"ProcessID": 636, "ThreadID": 776}}, "Channel": "System", "Computer": "DC01.pirate.htb", "Security": null}, "EventData": {"param1": "BFE", "param2": "running", "Binary": "4200460045002F0034000000"}}},
{"TimeGenerated": "2025-06-08T16:24:33.005531Z", "EventID": {"#attributes": {"Qualifiers": 16384}, "#text": 7036}, "Computer": "DC01.pirate.htb", "RawEvent": {"#attributes": {"xmlns": "http://schemas.microsoft.com/win/2004/08/events/event"}, "System": {"Provider": {"#attributes": {"Name": "Service Control Manager", "Guid": "{555908d1-a6d7-4695-8e1e-26931d2012f4}", "EventSourceName": "Service Control Manager"}}, "EventID": {"#attributes": {"Qualifiers": 16384}, "#text": 7036}, "Version": 0, "Level": 4, "Task": 0, "Opcode": 0, "Keywords": "0x8080000000000000", "TimeCreated": {"#attributes": {"SystemTime": "2025-06-08T16:24:33.005531Z"}}, "EventRecordID": 1015, "Correlation": null, "Execution": {"#attributes": {"ProcessID": 636, "ThreadID": 728}}, "Channel": "System", "Computer": "DC01.pirate.htb", "Security": null}, "EventData": {"param1": "NcbService", "param2": "running", "Binary": "4E006300620053006500720076006900630065002F0034000000"}}},
{"TimeGenerated": "2025-06-08T16:24:33.005531Z", "EventID": {"#attributes": {"Qualifiers": 16384}, "#text": 7036}, "Computer": "DC01.pirate.htb", "RawEvent": {"#attributes": {"xmlns": "http://schemas.microsoft.com/win/2004/08/events/event"}, "System": {"Provider": {"#attributes": {"Name": "Service Control Manager", "Guid": "{555908d1-a6d7-4695-8e1e-26931d2012f4}", "EventSourceName": "Service Control Manager"}}, "EventID": {"#attributes": {"Qualifiers": 16384}, "#text": 7036}, "Version": 0, "Level": 4, "Task": 0, "Opcode": 0, "Keywords": "0x8080000000000000", "TimeCreated": {"#attributes": {"SystemTime": "2025-06-08T16:24:33.005531Z"}}, "EventRecordID": 1016, "Correlation": null, "Execution": {"#attributes": {"ProcessID": 636, "ThreadID": 776}}, "Channel": "System", "Computer": "DC01.pirate.htb", "Security": null}, "EventData": {"param1": "FontCache", "param2": "running", "Binary": "46006F006E007400430061006300680065002F0034000000"}}},
