{"TimeGenerated": "2025-06-08T16:46:46.732953Z", "EventID": 16647, "Computer": "DC01.pirate.htb", "RawEvent": {"#attributes": {"xmlns": "http://schemas.microsoft.com/win/2004/08/events/event"}, "System": {"Provider": {"#attributes": {"Name": "Microsoft-Windows-Directory-Services-SAM", "Guid": "0D4FDC09-8C27-494A-BDA0-505E4FD8ADAE"}}, "EventID": 16647, "Version": 0, "Level": 4, "Task": 0, "Opcode": 0, "Keywords": "0x8000000000000000", "TimeCreated": {"#attributes": {"SystemTime": "2025-06-08T16:46:46.732953Z"}}, "EventRecordID": 1123, "Correlation": null, "Execution": {"#attributes": {"ProcessID": 644, "ThreadID": 808}}, "Channel": "System", "Computer": "DC01.pirate.htb", "Security": {"#attributes": {"UserID": "S-1-5-18"}}}, "EventData": {"#attributes": {"Name": "SAMMSG_REQUESTING_NEW_RID_POOL"}}}},
{"TimeGenerated": "2025-06-08T16:46:46.735226Z", "EventID": 16648, "Computer": "DC01.pirate.htb", "RawEvent": {"#attributes": {"xmlns": "http://schemas.microsoft.com/win/2004/08/events/event"}, "System": {"Provider": {"#attributes": {"Name": "Microsoft-Windows-Directory-Services-SAM", "Guid": "0D4FDC09-8C27-494A-BDA0-505E4FD8ADAE"}}, "EventID": 16648, "Version": 0, "Level": 4, "Task": 0, "Opcode": 0, "Keywords": "0x8000000000000000", "TimeCreated": {"#attributes": {"SystemTime": "2025-06-08T16:46:46.735226Z"}}, "EventRecordID": 1124, "Correlation": null, "Execution": {"#attributes": {"ProcessID": 644, "ThreadID": 808}}, "Channel": "System", "Computer": "DC01.pirate.htb", "Security": {"#attributes": {"UserID": "S-1-5-18"}}}, "EventData": {"#attributes": {"Name": "SAMMSG_RID_REQUEST_STATUS_SUCCESS"}, "Binary": "00000000"}}},
{"TimeGenerated": "2025-06-08T16:46:46.783876Z", "EventID": {"#attributes": {"Qualifiers": 16384}, "#text": 7036}, "Computer": "DC01.pirate.htb", "RawEvent": {"#attributes": {"xmlns": "http://schemas.microsoft.com/win/2004/08/events/event"}, "System": {"Provider": {"#attributes": {"Name": "Service Control Manager", "Guid": "{555908d1-a6d7-4695-8e1e-26931d2012f4}", "EventSourceName": "Service Control Manager"}}, "EventID": {"#attributes": {"Qualifiers": 16384}, "#text": 7036}, "Version": 0, "Level": 4, "Task": 0, "Opcode": 0, "Keywords": "0x8080000000000000", "TimeCreated": {"#attributes": {"SystemTime": "2025-06-08T16:46:46.783876Z"}}, "EventRecordID": 1125, "Correlation": null, "Execution": {"#attributes": {"ProcessID": 636, "ThreadID": 6584}}, "Channel": "System", "Computer": "DC01.pirate.htb", "Security": null}, "EventData": {"param1": "Virtual Disk", "param2": "stopped", "Binary": "7600640073002F0031000000"}}},
{"TimeGenerated": "2025-06-08T16:46:46.893381Z", "EventID": {"#attributes": {"Qualifiers": 16384}, "#text": 7036}, "Computer": "DC01.pirate.htb", "RawEvent": {"#attributes": {"xmlns": "http://schemas.microsoft.com/win/2004/08/events/event"}, "System": {"Provider": {"#attributes": {"Name": "Service Control Manager", "Guid": "{555908d1-a6d7-4695-8e1e-26931d2012f4}", "EventSourceName": "Service Control Manager"}}, "EventID": {"#attributes": {"Qualifiers": 16384}, "#text": 7036}, "Version": 0, "Level": 4, "Task": 0, "Opcode": 0, "Keywords": "0x8080000000000000", "TimeCreated": {"#attributes": {"SystemTime": "2025-06-08T16:46:46.893381Z"}}, "EventRecordID": 1126, "Correlation": null, "Execution": {"#attributes": {"ProcessID": 636, "ThreadID": 6584}}, "Channel": "System", "Computer": "DC01.pirate.htb", "Security": null}, "EventData": {"param1": "Microsoft Store Install Service", "param2": "running", "Binary": "49006E007300740061006C006C0053006500720076006900630065002F0034000000"}}},
{"TimeGenerated": "2025-06-08T16:46:47.255893Z", "EventID": {"#attributes": {"Qualifiers": 16384}, "#text": 7036}, "Computer": "DC01.pirate.htb", "RawEvent": {"#attributes": {"xmlns": "http://schemas.microsoft.com/win/2004/08/events/event"}, "System": {"Provider": {"#attributes": {"Name": "Service Control Manager", "Guid": "{555908d1-a6d7-4695-8e1e-26931d2012f4}", "EventSourceName": "Service Control Manager"}}, "EventID": {"#attributes": {"Qualifiers": 16384}, "#text": 7036}, "Version": 0, "Level": 4, "Task": 0, "Opcode": 0, "Keywords": "0x8080000000000000", "TimeCreated": {"#attributes": {"SystemTime": "2025-06-08T16:46:47.255893Z"}}, "EventRecordID": 1127, "Correlation": null, "Execution": {"#attributes": {"ProcessID": 636, "ThreadID": 6584}}, "Channel": "System", "Computer": "DC01.pirate.htb", "Security": null}, "EventData": {"param1": "DFS Replication", "param2": "stopped", "Binary": "44004600530052002F0031000000"}}},
{"TimeGenerated": "2025-06-08T16:46:48.830853Z", "EventID": {"#attributes": {"Qualifiers": 16896}, "#text": 3}, "Computer": "DC01.pirate.htb", "RawEvent": {"#attributes": {"xmlns": "http://schemas.microsoft.com/win/2004/08/events/event"}, "System": {"Provider": {"#attributes": {"Name": "Virtual Disk Service"}}, "EventID": {"#attributes": {"Qualifiers": 16896}, "#text": 3}, "Level": 4, "Task": 0, "Keywords": "0x80000000000000", "TimeCreated": {"#attributes": {"SystemTime": "2025-06-08T16:46:48.830853Z"}}, "EventRecordID": 1128, "Channel": "System", "Computer": "DC01.pirate.htb", "Security": null}, "EventData": {"Data": {"#text": "@2010005"}, "Binary": null}}},
{"TimeGenerated": "2025-06-08T16:46:48.081322Z", "EventID": {"#attributes": {"Qualifiers": 16384}, "#text": 7036}, "Computer": "DC01.pirate.htb", "RawEvent": {"#attributes": {"xmlns": "http://schemas.microsoft.com/win/2004/08/events/event"}, "System": {"Provider": {"#attributes": {"Name": "Service Control Manager", "Guid": "{555908d1-a6d7-4695-8e1e-26931d2012f4}", "EventSourceName": "Service Control Manager"}}, "EventID": {"#attributes": {"Qualifiers": 16384}, "#text": 7036}, "Version": 0, "Level": 4, "Task": 0, "Opcode": 0, "Keywords": "0x8080000000000000", "TimeCreated": {"#attributes": {"SystemTime": "2025-06-08T16:46:48.081322Z"}}, "EventRecordID": 1129, "Correlation": null, "Execution": {"#attributes": {"ProcessID": 636, "ThreadID": 6584}}, "Channel": "System", "Computer": "DC01.pirate.htb", "Security": null}, "EventData": {"param1": "Microsoft Account Sign-in Assistant", "param2": "running", "Binary": "77006C00690064007300760063002F0034000000"}}},
{"TimeGenerated": "2025-06-08T16:46:48.786654Z", "EventID": {"#attributes": {"Qualifiers": 16384}, "#text": 7036}, "Computer": "DC01.pirate.htb", "RawEvent": {"#attributes": {"xmlns": "http://schemas.microsoft.com/win/2004/08/events/event"}, "System": {"Provider": {"#attributes": {"Name": "Service Control Manager", "Guid": "{555908d1-a6d7-4695-8e1e-26931d2012f4}", "EventSourceName": "Service Control Manager"}}, "EventID": {"#attributes": {"Qualifiers": 16384}, "#text": 7036}, "Version": 0, "Level": 4, "Task": 0, "Opcode": 0, "Keywords": "0x8080000000000000", "TimeCreated": {"#attributes": {"SystemTime": "2025-06-08T16:46:48.786654Z"}}, "EventRecordID": 1130, "Correlation": null, "Execution": {"#attributes": {"ProcessID": 636, "ThreadID": 6584}}, "Channel": "System", "Computer": "DC01.pirate.htb", "Security": null}, "EventData": {"param1": "DFS Replication", "param2": "running", "Binary": "44004600530052002F0034000000"}}},
{"TimeGenerated": "2025-06-08T16:46:48.830853Z", "EventID": {"#attributes": {"Qualifiers": 16384}, "#text": 7036}, "Computer": "DC01.pirate.htb", "RawEvent": {"#attributes": {"xmlns": "http://schemas.microsoft.com/win/2004/08/events/event"}, "System": {"Provider": {"#attributes": {"Name": "Service Control Manager", "Guid": "{555908d1-a6d7-4695-8e1e-26931d2012f4}", "EventSourceName": "Service Control Manager"}}, "EventID": {"#attributes": {"Qualifiers": 16384}, "#text": 7036}, "Version": 0, "Level": 4, "Task": 0, "Opcode": 0, "Keywords": "0x8080000000000000", "TimeCreated": {"#attributes": {"SystemTime": "2025-06-08T16:46:48.830853Z"}}, "EventRecordID": 1131, "Correlation": null, "Execution": {"#attributes": {"ProcessID": 636, "ThreadID": 6584}}, "Channel": "System", "Computer": "DC01.pirate.htb", "Security": null}, "EventData": {"param1": "Virtual Disk", "param2": "running", "Binary": "7600640073002F0034000000"}}},
{"TimeGenerated": "2025-06-08T16:46:51.950378Z", "EventID": {"#attributes": {"Qualifiers": 16384}, "#text": 7036}, "Computer": "DC01.pirate.htb", "RawEvent": {"#attributes": {"xmlns": "http://schemas.microsoft.com/win/2004/08/events/event"}, "System": {"Provider": {"#attributes": {"Name": "Service Control Manager", "Guid": "{555908d1-a6d7-4695-8e1e-26931d2012f4}", "EventSourceName": "Service Control Manager"}}, "EventID": {"#attributes": {"Qualifiers": 16384}, "#text": 7036}, "Version": 0, "Level": 4, "Task": 0, "Opcode": 0, "Keywords": "0x8080000000000000", "TimeCreated": {"#attributes": {"SystemTime": "2025-06-08T16:46:51.950378Z"}}, "EventRecordID": 1132, "Correlation": null, "Execution": {"#attributes": {"ProcessID": 636, "ThreadID": 6584}}, "Channel": "System", "Computer": "DC01.pirate.htb", "Security": null}, "EventData": {"param1": "Microsoft Store Install Service", "param2": "stopped", "Binary": "49006E007300740061006C006C0053006500720076006900630065002F0031000000"}}},
{"TimeGenerated": "2025-06-08T16:47:09.370582Z", "EventID": {"#attributes": {"Qualifiers": 16384}, "#text": 7036}, "Computer": "DC01.pirate.htb", "RawEvent": {"#attributes": {"xmlns": "http://schemas.microsoft.com/win/2004/08/events/event"}, "System": {"Provider": {"#attributes": {"Name": "Service Control Manager", "Guid": "{555908d1-a6d7-4695-8e1e-26931d2012f4}", "EventSourceName": "Service Control Manager"}}, "EventID": {"#attributes": {"Qualifiers": 16384}, "#text": 7036}, "Version": 0, "Level": 4, "Task": 0, "Opcode": 0, "Keywords": "0x8080000000000000", "TimeCreated": {"#attributes": {"SystemTime": "2025-06-08T16:47:09.370582Z"}}, "EventRecordID": 1133, "Correlation": null, "Execution": {"#attributes": {"ProcessID": 636, "ThreadID": 6584}}, "Channel": "System", "Computer": "DC01.pirate.htb", "Security": null}, "EventData": {"param1": "Remote Registry", "param2": "stopped", "Binary": "520065006D006F0074006500520065006700690073007400720079002F0031000000"}}},
{"TimeGenerated": "2025-06-08T16:47:10.565247Z", "EventID": {"#attributes": {"Qualifiers": 16384}, "#text": 7036}, "Computer": "DC01.pirate.htb", "RawEvent": {"#attributes": {"xmlns": "http://schemas.microsoft.com/win/2004/08/events/event"}, "System": {"Provider": {"#attributes": {"Name": "Service Control Manager", "Guid": "{555908d1-a6d7-4695-8e1e-26931d2012f4}", "EventSourceName": "Service Control Manager"}}, "EventID": {"#attributes": {"Qualifiers": 16384}, "#text": 7036}, "Version": 0, "Level": 4, "Task": 0, "Opcode": 0, "Keywords": "0x8080000000000000", "TimeCreated": {"#attributes": {"SystemTime": "2025-06-08T16:47:10.565247Z"}}, "EventRecordID": 1134, "Correlation": null, "Execution": {"#attributes": {"ProcessID": 636, "ThreadID": 6464}}, "Channel": "System", "Computer": "DC01.pirate.htb", "Security": null}, "EventData": {"param1": "Software Protection", "param2": "running", "Binary": "7300700070007300760063002F0034000000"}}},
{"TimeGenerated": "2025-06-08T16:47:16.580798Z", "EventID": {"#attributes": {"Qualifiers": 16384}, "#text": 7036}, "Computer": "DC01.pirate.htb", "RawEvent": {"#attributes": {"xmlns": "http://schemas.microsoft.com/win/2004/08/events/event"}, "System": {"Provider": {"#attributes": {"Name": "Service Control Manager", "Guid": "{555908d1-a6d7-4695-8e1e-26931d2012f4}", "EventSourceName": "Service Control Manager"}}, "EventID": {"#attributes": {"Qualifiers": 16384}, "#text": 7036}, "Version": 0, "Level": 4, "Task": 0, "Opcode": 0, "Keywords": "0x8080000000000000", "TimeCreated": {"#attributes": {"SystemTime": "2025-06-08T16:47:16.580798Z"}}, "EventRecordID": 1135, "Correlation": null, "Execution": {"#attributes": {"ProcessID": 636, "ThreadID": 6464}}, "Channel": "System", "Computer": "DC01.pirate.htb", "Security": null}, "EventData": {"param1": "Delivery Optimization", "param2": "running", "Binary": "44006F005300760063002F0034000000"}}},
{"TimeGenerated": "2025-06-08T16:47:16.674588Z", "EventID": {"#attributes": {"Qualifiers": 16384}, "#text": 7036}, "Computer": "DC01.pirate.htb", "RawEvent": {"#attributes": {"xmlns": "http://schemas.microsoft.com/win/2004/08/events/event"}, "System": {"Provider": {"#attributes": {"Name": "Service Control Manager", "Guid": "{555908d1-a6d7-4695-8e1e-26931d2012f4}", "EventSourceName": "Service Control Manager"}}, "EventID": {"#attributes": {"Qualifiers": 16384}, "#text": 7036}, "Version": 0, "Level": 4, "Task": 0, "Opcode": 0, "Keywords": "0x8080000000000000", "TimeCreated": {"#attributes": {"SystemTime": "2025-06-08T16:47:16.674588Z"}}, "EventRecordID": 1136, "Correlation": null, "Execution": {"#attributes": {"ProcessID": 636, "ThreadID": 6464}}, "Channel": "System", "Computer": "DC01.pirate.htb", "Security": null}, "EventData": {"param1": "Storage Service", "param2": "running", "Binary": "530074006F0072005300760063002F0034000000"}}},
{"TimeGenerated": "2025-06-08T16:47:16.690100Z", "EventID": {"#attributes": {"Qualifiers": 16384}, "#text": 7036}, "Computer": "DC01.pirate.htb", "RawEvent": {"#attributes": {"xmlns": "http://schemas.microsoft.com/win/2004/08/events/event"}, "System": {"Provider": {"#attributes": {"Name": "Service Control Manager", "Guid": "{555908d1-a6d7-4695-8e1e-26931d2012f4}", "EventSourceName": "Service Control Manager"}}, "EventID": {"#attributes": {"Qualifiers": 16384}, "#text": 7036}, "Version": 0, "Level": 4, "Task": 0, "Opcode": 0, "Keywords": "0x8080000000000000", "TimeCreated": {"#attributes": {"SystemTime": "2025-06-08T16:47:16.690100Z"}}, "EventRecordID": 1137, "Correlation": null, "Execution": {"#attributes": {"ProcessID": 636, "ThreadID": 6464}}, "Channel": "System", "Computer": "DC01.pirate.htb", "Security": null}, "EventData": {"param1": "AppX Deployment Service (AppXSVC)", "param2": "running", "Binary": "41007000700058005300760063002F0034000000"}}},
{"TimeGenerated": "2025-06-08T16:47:16.705779Z", "EventID": {"#attributes": {"Qualifiers": 16384}, "#text": 7036}, "Computer": "DC01.pirate.htb", "RawEvent": {"#attributes": {"xmlns": "http://schemas.microsoft.com/win/2004/08/events/event"}, "System": {"Provider": {"#attributes": {"Name": "Service Control Manager", "Guid": "{555908d1-a6d7-4695-8e1e-26931d2012f4}", "EventSourceName": "Service Control Manager"}}, "EventID": {"#attributes": {"Qualifiers": 16384}, "#text": 7036}, "Version": 0, "Level": 4, "Task": 0, "Opcode": 0, "Keywords": "0x8080000000000000", "TimeCreated": {"#attributes": {"SystemTime": "2025-06-08T16:47:16.705779Z"}}, "EventRecordID": 1138, "Correlation": null, "Execution": {"#attributes": {"ProcessID": 636, "ThreadID": 6464}}, "Channel": "System", "Computer": "DC01.pirate.htb", "Security": null}, "EventData": {"param1": "Client License Service (ClipSVC)", "param2": "running", "Binary": "43006C00690070005300560043002F0034000000"}}},
{"TimeGenerated": "2025-06-08T16:47:20.160706Z", "EventID": 44, "Computer": "DC01.pirate.htb", "RawEvent": {"#attributes": {"xmlns": "http://schemas.microsoft.com/win/2004/08/events/event"}, "System": {"Provider": {"#attributes": {"Name": "Microsoft-Windows-WindowsUpdateClient", "Guid": "945A8954-C147-4ACD-923F-40C45405A658"}}, "EventID": 44, "Version": 1, "Level": 4, "Task": 1, "Opcode": 12, "Keywords": "0x8000000000002004", "TimeCreated": {"#attributes": {"SystemTime": "2025-06-08T16:47:20.160706Z"}}, "EventRecordID": 1139, "Correlation": null, "Execution": {"#attributes": {"ProcessID": 4748, "ThreadID": 5040}}, "Channel": "System", "Computer": "DC01.pirate.htb", "Security": {"#attributes": {"UserID": "S-1-5-18"}}}, "EventData": {"updateTitle": "Security Intelligence Update for Microsoft Defender Antivirus - KB2267602 (Version 1.429.420.0) - Current Channel (Broad)", "updateGuid": "8FC11937-FCF6-40D5-8684-516DADEE66BF", "updateRevisionNumber": 200}}},
{"TimeGenerated": "2025-06-08T16:47:27.846525Z", "EventID": {"#attributes": {"Qualifiers": 16384}, "#text": 7036}, "Computer": "DC01.pirate.htb", "RawEvent": {"#attributes": {"xmlns": "http://schemas.microsoft.com/win/2004/08/events/event"}, "System": {"Provider": {"#attributes": {"Name": "Service Control Manager", "Guid": "{555908d1-a6d7-4695-8e1e-26931d2012f4}", "EventSourceName": "Service Control Manager"}}, "EventID": {"#attributes": {"Qualifiers": 16384}, "#text": 7036}, "Version": 0, "Level": 4, "Task": 0, "Opcode": 0, "Keywords": "0x8080000000000000", "TimeCreated": {"#attributes": {"SystemTime": "2025-06-08T16:47:27.846525Z"}}, "EventRecordID": 1140, "Correlation": null, "Execution": {"#attributes": {"ProcessID": 636, "ThreadID": 6612}}, "Channel": "System", "Computer": "DC01.pirate.htb", "Security": null}, "EventData": {"param1": "Network Setup Service", "param2": "running", "Binary": "4E0065007400530065007400750070005300760063002F0034000000"}}},
{"TimeGenerated": "2025-06-08T16:47:45.440157Z", "EventID": {"#attributes": {"Qualifiers": 16384}, "#text": 7036}, "Computer": "DC01.pirate.htb", "RawEvent": {"#attributes": {"xmlns": "http://schemas.microsoft.com/win/2004/08/events/event"}, "System": {"Provider": {"#attributes": {"Name": "Service Control Manager", "Guid": "{555908d1-a6d7-4695-8e1e-26931d2012f4}", "EventSourceName": "Service Control Manager"}}, "EventID": {"#attributes": {"Qualifiers": 16384}, "#text": 7036}, "Version": 0, "Level": 4, "Task": 0, "Opcode": 0, "Keywords": "0x8080000000000000", "TimeCreated": {"#attributes": {"SystemTime": "2025-06-08T16:47:45.440157Z"}}, "EventRecordID": 1141, "Correlation": null, "Execution": {"#attributes": {"ProcessID": 636, "ThreadID": 6612}}, "Channel": "System", "Computer": "DC01.pirate.htb", "Security": null}, "EventData": {"param1": "Software Protection", "param2": "stopped", "Binary": "7300700070007300760063002F0031000000"}}},
{"TimeGenerated": "2025-06-08T16:48:48.036993Z", "EventID": {"#attributes": {"Qualifiers": 16384}, "#text": 7036}, "Computer": "DC01.pirate.htb", "RawEvent": {"#attributes": {"xmlns": "http://schemas.microsoft.com/win/2004/08/events/event"}, "System": {"Provider": {"#attributes": {"Name": "Service Control Manager", "Guid": "{555908d1-a6d7-4695-8e1e-26931d2012f4}", "EventSourceName": "Service Control Manager"}}, "EventID": {"#attributes": {"Qualifiers": 16384}, "#text": 7036}, "Version": 0, "Level": 4, "Task": 0, "Opcode": 0, "Keywords": "0x8080000000000000", "TimeCreated": {"#attributes": {"SystemTime": "2025-06-08T16:48:48.036993Z"}}, "EventRecordID": 1142, "Correlation": null, "Execution": {"#attributes": {"ProcessID": 636, "ThreadID": 6612}}, "Channel": "System", "Computer": "DC01.pirate.htb", "Security": null}, "EventData": {"param1": "Windows Modules Installer", "param2": "stopped", "Binary": "540072007500730074006500640049006E007300740061006C006C00650072002F0031000000"}}},
{"TimeGenerated": "2025-06-08T16:49:00.801825Z", "EventID": {"#attributes": {"Qualifiers": 16384}, "#text": 7036}, "Computer": "DC01.pirate.htb", "RawEvent": {"#attributes": {"xmlns": "http://schemas.microsoft.com/win/2004/08/events/event"}, "System": {"Provider": {"#attributes": {"Name": "Service Control Manager", "Guid": "{555908d1-a6d7-4695-8e1e-26931d2012f4}", "EventSourceName": "Service Control Manager"}}, "EventID": {"#attributes": {"Qualifiers": 16384}, "#text": 7036}, "Version": 0, "Level": 4, "Task": 0, "Opcode": 0, "Keywords": "0x8080000000000000", "TimeCreated": {"#attributes": {"SystemTime": "2025-06-08T16:49:00.801825Z"}}, "EventRecordID": 1143, "Correlation": null, "Execution": {"#attributes": {"ProcessID": 636, "ThreadID": 4596}}, "Channel": "System", "Computer": "DC01.pirate.htb", "Security": null}, "EventData": {"param1": "Network Setup Service", "param2": "stopped", "Binary": "4E0065007400530065007400750070005300760063002F0031000000"}}},
{"TimeGenerated": "2025-06-08T17:02:23.472804Z", "EventID": 1, "Computer": "DC01.pirate.htb", "RawEvent": {"#attributes": {"xmlns": "http://schemas.microsoft.com/win/2004/08/events/event"}, "System": {"Provider": {"#attributes": {"Name": "Microsoft-Windows-Kernel-General", "Guid": "A68CA8B7-004F-D7B6-A698-07E2DE0F1F5D"}}, "EventID": 1, "Version": 2, "Level": 4, "Task": 5, "Opcode": 0, "Keywords": "0x8000000000000010", "TimeCreated": {"#attributes": {"SystemTime": "2025-06-08T17:02:23.472804Z"}}, "EventRecordID": 1144, "Correlation": null, "Execution": {"#attributes": {"ProcessID": 3100, "ThreadID": 3308}}, "Channel": "System", "Computer": "DC01.pirate.htb", "Security": {"#attributes": {"UserID": "S-1-5-18"}}}, "EventData": {"NewTime": "2025-06-08T17:02:23.472000Z", "OldTime": "2025-06-08T16:50:03.362058Z", "Reason": 1, "ProcessName": "\\Device\\HarddiskVolume4\\Program Files\\VMware\\VMware Tools\\vmtoolsd.exe", "ProcessID": 3100}}},
{"TimeGenerated": "2025-06-08T17:02:25.608874Z", "EventID": {"#attributes": {"Qualifiers": 16896}, "#text": 4}, "Computer": "DC01.pirate.htb", "RawEvent": {"#attributes": {"xmlns": "http://schemas.microsoft.com/win/2004/08/events/event"}, "System": {"Provider": {"#attributes": {"Name": "Virtual Disk Service"}}, "EventID": {"#attributes": {"Qualifiers": 16896}, "#text": 4}, "Level": 4, "Task": 0, "Keywords": "0x80000000000000", "TimeCreated": {"#attributes": {"SystemTime": "2025-06-08T17:02:25.608874Z"}}, "EventRecordID": 1145, "Channel": "System", "Computer": "DC01.pirate.htb", "Security": null}, "EventData": {"Data": {"#text": "@2010001"}, "Binary": null}}},
{"TimeGenerated": "2025-06-08T17:02:25.614801Z", "EventID": 16654, "Computer": "DC01.pirate.htb", "RawEvent": {"#attributes": {"xmlns": "http://schemas.microsoft.com/win/2004/08/events/event"}, "System": {"Provider": {"#attributes": {"Name": "Microsoft-Windows-Directory-Services-SAM", "Guid": "0D4FDC09-8C27-494A-BDA0-505E4FD8ADAE"}}, "EventID": 16654, "Version": 0, "Level": 4, "Task": 0, "Opcode": 0, "Keywords": "0x8000000000000000", "TimeCreated": {"#attributes": {"SystemTime": "2025-06-08T17:02:25.614801Z"}}, "EventRecordID": 1146, "Correlation": null, "Execution": {"#attributes": {"ProcessID": 644, "ThreadID": 3484}}, "Channel": "System", "Computer": "DC01.pirate.htb", "Security": {"#attributes": {"UserID": "S-1-5-18"}}}, "EventData": {"#attributes": {"Name": "SAMMSG_RID_POOL_INVALIDATED"}}}},
{"TimeGenerated": "2025-06-08T17:02:25.616449Z", "EventID": 16647, "Computer": "DC01.pirate.htb", "RawEvent": {"#attributes": {"xmlns": "http://schemas.microsoft.com/win/2004/08/events/event"}, "System": {"Provider": {"#attributes": {"Name": "Microsoft-Windows-Directory-Services-SAM", "Guid": "0D4FDC09-8C27-494A-BDA0-505E4FD8ADAE"}}, "EventID": 16647, "Version": 0, "Level": 4, "Task": 0, "Opcode": 0, "Keywords": "0x8000000000000000", "TimeCreated": {"#attributes": {"SystemTime": "2025-06-08T17:02:25.616449Z"}}, "EventRecordID": 1147, "Correlation": null, "Execution": {"#attributes": {"ProcessID": 644, "ThreadID": 808}}, "Channel": "System", "Computer": "DC01.pirate.htb", "Security": {"#attributes": {"UserID": "S-1-5-18"}}}, "EventData": {"#attributes": {"Name": "SAMMSG_REQUESTING_NEW_RID_POOL"}}}},
{"TimeGenerated": "2025-06-08T17:02:25.617137Z", "EventID": 16648, "Computer": "DC01.pirate.htb", "RawEvent": {"#attributes": {"xmlns": "http://schemas.microsoft.com/win/2004/08/events/event"}, "System": {"Provider": {"#attributes": {"Name": "Microsoft-Windows-Directory-Services-SAM", "Guid": "0D4FDC09-8C27-494A-BDA0-505E4FD8ADAE"}}, "EventID": 16648, "Version": 0, "Level": 4, "Task": 0, "Opcode": 0, "Keywords": "0x8000000000000000", "TimeCreated": {"#attributes": {"SystemTime": "2025-06-08T17:02:25.617137Z"}}, "EventRecordID": 1148, "Correlation": null, "Execution": {"#attributes": {"ProcessID": 644, "ThreadID": 808}}, "Channel": "System", "Computer": "DC01.pirate.htb", "Security": {"#attributes": {"UserID": "S-1-5-18"}}}, "EventData": {"#attributes": {"Name": "SAMMSG_RID_REQUEST_STATUS_SUCCESS"}, "Binary": "00000000"}}},
{"TimeGenerated": "2025-06-08T17:02:25.608874Z", "EventID": {"#attributes": {"Qualifiers": 16384}, "#text": 7036}, "Computer": "DC01.pirate.htb", "RawEvent": {"#attributes": {"xmlns": "http://schemas.microsoft.com/win/2004/08/events/event"}, "System": {"Provider": {"#attributes": {"Name": "Service Control Manager", "Guid": "{555908d1-a6d7-4695-8e1e-26931d2012f4}", "EventSourceName": "Service Control Manager"}}, "EventID": {"#attributes": {"Qualifiers": 16384}, "#text": 7036}, "Version": 0, "Level": 4, "Task": 0, "Opcode": 0, "Keywords": "0x8080000000000000", "TimeCreated": {"#attributes": {"SystemTime": "2025-06-08T17:02:25.608874Z"}}, "EventRecordID": 1149, "Correlation": null, "Execution": {"#attributes": {"ProcessID": 636, "ThreadID": 6612}}, "Channel": "System", "Computer": "DC01.pirate.htb", "Security": null}, "EventData": {"param1": "Virtual Disk", "param2": "stopped", "Binary": "7600640073002F0031000000"}}},
{"TimeGenerated": "2025-06-08T17:02:25.716845Z", "EventID": {"#attributes": {"Qualifiers": 16384}, "#text": 7036}, "Computer": "DC01.pirate.htb", "RawEvent": {"#attributes": {"xmlns": "http://schemas.microsoft.com/win/2004/08/events/event"}, "System": {"Provider": {"#attributes": {"Name": "Service Control Manager", "Guid": "{555908d1-a6d7-4695-8e1e-26931d2012f4}", "EventSourceName": "Service Control Manager"}}, "EventID": {"#attributes": {"Qualifiers": 16384}, "#text": 7036}, "Version": 0, "Level": 4, "Task": 0, "Opcode": 0, "Keywords": "0x8080000000000000", "TimeCreated": {"#attributes": {"SystemTime": "2025-06-08T17:02:25.716845Z"}}, "EventRecordID": 1150, "Correlation": null, "Execution": {"#attributes": {"ProcessID": 636, "ThreadID": 6612}}, "Channel": "System", "Computer": "DC01.pirate.htb", "Security": null}, "EventData": {"param1": "DFS Replication", "param2": "stopped", "Binary": "44004600530052002F0031000000"}}},
{"TimeGenerated": "2025-06-08T17:02:26.670354Z", "EventID": {"#attributes": {"Qualifiers": 16896}, "#text": 3}, "Computer": "DC01.pirate.htb", "RawEvent": {"#attributes": {"xmlns": "http://schemas.microsoft.com/win/2004/08/events/event"}, "System": {"Provider": {"#attributes": {"Name": "Virtual Disk Service"}}, "EventID": {"#attributes": {"Qualifiers": 16896}, "#text": 3}, "Level": 4, "Task": 0, "Keywords": "0x80000000000000", "TimeCreated": {"#attributes": {"SystemTime": "2025-06-08T17:02:26.670354Z"}}, "EventRecordID": 1151, "Channel": "System", "Computer": "DC01.pirate.htb", "Security": null}, "EventData": {"Data": {"#text": "@2010005"}, "Binary": null}}},
{"TimeGenerated": "2025-06-08T17:02:26.623555Z", "EventID": {"#attributes": {"Qualifiers": 16384}, "#text": 7036}, "Computer": "DC01.pirate.htb", "RawEvent": {"#attributes": {"xmlns": "http://schemas.microsoft.com/win/2004/08/events/event"}, "System": {"Provider": {"#attributes": {"Name": "Service Control Manager", "Guid": "{555908d1-a6d7-4695-8e1e-26931d2012f4}", "EventSourceName": "Service Control Manager"}}, "EventID": {"#attributes": {"Qualifiers": 16384}, "#text": 7036}, "Version": 0, "Level": 4, "Task": 0, "Opcode": 0, "Keywords": "0x8080000000000000", "TimeCreated": {"#attributes": {"SystemTime": "2025-06-08T17:02:26.623555Z"}}, "EventRecordID": 1152, "Correlation": null, "Execution": {"#attributes": {"ProcessID": 636, "ThreadID": 5984}}, "Channel": "System", "Computer": "DC01.pirate.htb", "Security": null}, "EventData": {"param1": "DFS Replication", "param2": "running", "Binary": "44004600530052002F0034000000"}}},
{"TimeGenerated": "2025-06-08T17:02:26.670354Z", "EventID": {"#attributes": {"Qualifiers": 16384}, "#text": 7036}, "Computer": "DC01.pirate.htb", "RawEvent": {"#attributes": {"xmlns": "http://schemas.microsoft.com/win/2004/08/events/event"}, "System": {"Provider": {"#attributes": {"Name": "Service Control Manager", "Guid": "{555908d1-a6d7-4695-8e1e-26931d2012f4}", "EventSourceName": "Service Control Manager"}}, "EventID": {"#attributes": {"Qualifiers": 16384}, "#text": 7036}, "Version": 0, "Level": 4, "Task": 0, "Opcode": 0, "Keywords": "0x8080000000000000", "TimeCreated": {"#attributes": {"SystemTime": "2025-06-08T17:02:26.670354Z"}}, "EventRecordID": 1153, "Correlation": null, "Execution": {"#attributes": {"ProcessID": 636, "ThreadID": 6612}}, "Channel": "System", "Computer": "DC01.pirate.htb", "Security": null}, "EventData": {"param1": "Virtual Disk", "param2": "running", "Binary": "7600640073002F0034000000"}}},
{"TimeGenerated": "2025-06-08T19:29:02.438884Z", "EventID": {"#attributes": {"Qualifiers": 32768}, "#text": 6013}, "Computer": "DC01.pirate.htb", "RawEvent": {"#attributes": {"xmlns": "http://schemas.microsoft.com/win/2004/08/events/event"}, "System": {"Provider": {"#attributes": {"Name": "EventLog"}}, "EventID": {"#attributes": {"Qualifiers": 32768}, "#text": 6013}, "Level": 4, "Task": 0, "Keywords": "0x80000000000000", "TimeCreated": {"#attributes": {"SystemTime": "2025-06-08T19:29:02.438884Z"}}, "EventRecordID": 1154, "Channel": "System", "Computer": "DC01.pirate.htb", "Security": null}, "EventData": {"Data": {"#text": ["", "", "", "", "822", "60", "480 Pacific Standard Time"]}, "Binary": "31002E003100000030000000570069006E0064006F007700730020005300650072007600650072002000320030003100390020005300740061006E00640061007200640020004500760061006C0075006100740069006F006E000000310030002E0030002E003100370037003600330020004200750069006C0064002000310037003700360033002000200000004D0075006C0074006900700072006F0063006500730073006F007200200046007200650065000000310037003700360033002E007200730035005F00720065006C0065006100730065002E003100380030003900310034002D00310034003300340000003600380034003500390066003000350000004E006F007400200041007600610069006C00610062006C00650000004E006F007400200041007600610069006C00610062006C0065000000390000003200000034003000390036000000340030003900000044004300300031002E007000690072006100740065002E0068007400620000000000"}}},
{"TimeGenerated": "2025-06-08T19:29:02.751230Z", "EventID": {"#attributes": {"Qualifiers": 16896}, "#text": 4}, "Computer": "DC01.pirate.htb", "RawEvent": {"#attributes": {"xmlns": "http://schemas.microsoft.com/win/2004/08/events/event"}, "System": {"Provider": {"#attributes": {"Name": "Virtual Disk Service"}}, "EventID": {"#attributes": {"Qualifiers": 16896}, "#text": 4}, "Level": 4, "Task": 0, "Keywords": "0x80000000000000", "TimeCreated": {"#attributes": {"SystemTime": "2025-06-08T19:29:02.751230Z"}}, "EventRecordID": 1155, "Channel": "System", "Computer": "DC01.pirate.htb", "Security": null}, "EventData": {"Data": {"#text": "@2010001"}, "Binary": null}}},
{"TimeGenerated": "2025-06-08T19:29:02.437847Z", "EventID": 1, "Computer": "DC01.pirate.htb", "RawEvent": {"#attributes": {"xmlns": "http://schemas.microsoft.com/win/2004/08/events/event"}, "System": {"Provider": {"#attributes": {"Name": "Microsoft-Windows-Kernel-General", "Guid": "A68CA8B7-004F-D7B6-A698-07E2DE0F1F5D"}}, "EventID": 1, "Version": 2, "Level": 4, "Task": 5, "Opcode": 0, "Keywords": "0x8000000000000010", "TimeCreated": {"#attributes": {"SystemTime": "2025-06-08T19:29:02.437847Z"}}, "EventRecordID": 1156, "Correlation": null, "Execution": {"#attributes": {"ProcessID": 3100, "ThreadID": 3308}}, "Channel": "System", "Computer": "DC01.pirate.htb", "Security": {"#attributes": {"UserID": "S-1-5-18"}}}, "EventData": {"NewTime": "2025-06-08T19:29:02.437000Z", "OldTime": "2025-06-08T17:02:40.289105Z", "Reason": 1, "ProcessName": "\\Device\\HarddiskVolume4\\Program Files\\VMware\\VMware Tools\\vmtoolsd.exe", "ProcessID": 3100}}},
{"TimeGenerated": "2025-06-08T19:29:02.673099Z", "EventID": {"#attributes": {"Qualifiers": 16384}, "#text": 7036}, "Computer": "DC01.pirate.htb", "RawEvent": {"#attributes": {"xmlns": "http://schemas.microsoft.com/win/2004/08/events/event"}, "System": {"Provider": {"#attributes": {"Name": "Service Control Manager", "Guid": "{555908d1-a6d7-4695-8e1e-26931d2012f4}", "EventSourceName": "Service Control Manager"}}, "EventID": {"#attributes": {"Qualifiers": 16384}, "#text": 7036}, "Version": 0, "Level": 4, "Task": 0, "Opcode": 0, "Keywords": "0x8080000000000000", "TimeCreated": {"#attributes": {"SystemTime": "2025-06-08T19:29:02.673099Z"}}, "EventRecordID": 1157, "Correlation": null, "Execution": {"#attributes": {"ProcessID": 636, "ThreadID": 6612}}, "Channel": "System", "Computer": "DC01.pirate.htb", "Security": null}, "EventData": {"param1": "Windows Update Medic Service", "param2": "running", "Binary": "57006100610053004D0065006400690063005300760063002F0034000000"}}},
{"TimeGenerated": "2025-06-08T19:29:02.752381Z", "EventID": 16654, "Computer": "DC01.pirate.htb", "RawEvent": {"#attributes": {"xmlns": "http://schemas.microsoft.com/win/2004/08/events/event"}, "System": {"Provider": {"#attributes": {"Name": "Microsoft-Windows-Directory-Services-SAM", "Guid": "0D4FDC09-8C27-494A-BDA0-505E4FD8ADAE"}}, "EventID": 16654, "Version": 0, "Level": 4, "Task": 0, "Opcode": 0, "Keywords": "0x8000000000000000", "TimeCreated": {"#attributes": {"SystemTime": "2025-06-08T19:29:02.752381Z"}}, "EventRecordID": 1158, "Correlation": null, "Execution": {"#attributes": {"ProcessID": 644, "ThreadID": 3276}}, "Channel": "System", "Computer": "DC01.pirate.htb", "Security": {"#attributes": {"UserID": "S-1-5-18"}}}, "EventData": {"#attributes": {"Name": "SAMMSG_RID_POOL_INVALIDATED"}}}},
{"TimeGenerated": "2025-06-08T19:29:02.753727Z", "EventID": 16647, "Computer": "DC01.pirate.htb", "RawEvent": {"#attributes": {"xmlns": "http://schemas.microsoft.com/win/2004/08/events/event"}, "System": {"Provider": {"#attributes": {"Name": "Microsoft-Windows-Directory-Services-SAM", "Guid": "0D4FDC09-8C27-494A-BDA0-505E4FD8ADAE"}}, "EventID": 16647, "Version": 0, "Level": 4, "Task": 0, "Opcode": 0, "Keywords": "0x8000000000000000", "TimeCreated": {"#attributes": {"SystemTime": "2025-06-08T19:29:02.753727Z"}}, "EventRecordID": 1159, "Correlation": null, "Execution": {"#attributes": {"ProcessID": 644, "ThreadID": 808}}, "Channel": "System", "Computer": "DC01.pirate.htb", "Security": {"#attributes": {"UserID": "S-1-5-18"}}}, "EventData": {"#attributes": {"Name": "SAMMSG_REQUESTING_NEW_RID_POOL"}}}},
{"TimeGenerated": "2025-06-08T19:29:02.754529Z", "EventID": 16648, "Computer": "DC01.pirate.htb", "RawEvent": {"#attributes": {"xmlns": "http://schemas.microsoft.com/win/2004/08/events/event"}, "System": {"Provider": {"#attributes": {"Name": "Microsoft-Windows-Directory-Services-SAM", "Guid": "0D4FDC09-8C27-494A-BDA0-505E4FD8ADAE"}}, "EventID": 16648, "Version": 0, "Level": 4, "Task": 0, "Opcode": 0, "Keywords": "0x8000000000000000", "TimeCreated": {"#attributes": {"SystemTime": "2025-06-08T19:29:02.754529Z"}}, "EventRecordID": 1160, "Correlation": null, "Execution": {"#attributes": {"ProcessID": 644, "ThreadID": 808}}, "Channel": "System", "Computer": "DC01.pirate.htb", "Security": {"#attributes": {"UserID": "S-1-5-18"}}}, "EventData": {"#attributes": {"Name": "SAMMSG_RID_REQUEST_STATUS_SUCCESS"}, "Binary": "00000000"}}},
{"TimeGenerated": "2025-06-08T19:29:02.751230Z", "EventID": {"#attributes": {"Qualifiers": 16384}, "#text": 7036}, "Computer": "DC01.pirate.htb", "RawEvent": {"#attributes": {"xmlns": "http://schemas.microsoft.com/win/2004/08/events/event"}, "System": {"Provider": {"#attributes": {"Name": "Service Control Manager", "Guid": "{555908d1-a6d7-4695-8e1e-26931d2012f4}", "EventSourceName": "Service Control Manager"}}, "EventID": {"#attributes": {"Qualifiers": 16384}, "#text": 7036}, "Version": 0, "Level": 4, "Task": 0, "Opcode": 0, "Keywords": "0x8080000000000000", "TimeCreated": {"#attributes": {"SystemTime": "2025-06-08T19:29:02.751230Z"}}, "EventRecordID": 1161, "Correlation": null, "Execution": {"#attributes": {"ProcessID": 636, "ThreadID": 6612}}, "Channel": "System", "Computer": "DC01.pirate.htb", "Security": null}, "EventData": {"param1": "Virtual Disk", "param2": "stopped", "Binary": "7600640073002F0031000000"}}},
{"TimeGenerated": "2025-06-08T19:29:02.798100Z", "EventID": {"#attributes": {"Qualifiers": 16384}, "#text": 7036}, "Computer": "DC01.pirate.htb", "RawEvent": {"#attributes": {"xmlns": "http://schemas.microsoft.com/win/2004/08/events/event"}, "System": {"Provider": {"#attributes": {"Name": "Service Control Manager", "Guid": "{555908d1-a6d7-4695-8e1e-26931d2012f4}", "EventSourceName": "Service Control Manager"}}, "EventID": {"#attributes": {"Qualifiers": 16384}, "#text": 7036}, "Version": 0, "Level": 4, "Task": 0, "Opcode": 0, "Keywords": "0x8080000000000000", "TimeCreated": {"#attributes": {"SystemTime": "2025-06-08T19:29:02.798100Z"}}, "EventRecordID": 1162, "Correlation": null, "Execution": {"#attributes": {"ProcessID": 636, "ThreadID": 5984}}, "Channel": "System", "Computer": "DC01.pirate.htb", "Security": null}, "EventData": {"param1": "Software Protection", "param2": "running", "Binary": "7300700070007300760063002F0034000000"}}},
{"TimeGenerated": "2025-06-08T19:29:03.094985Z", "EventID": {"#attributes": {"Qualifiers": 16384}, "#text": 7036}, "Computer": "DC01.pirate.htb", "RawEvent": {"#attributes": {"xmlns": "http://schemas.microsoft.com/win/2004/08/events/event"}, "System": {"Provider": {"#attributes": {"Name": "Service Control Manager", "Guid": "{555908d1-a6d7-4695-8e1e-26931d2012f4}", "EventSourceName": "Service Control Manager"}}, "EventID": {"#attributes": {"Qualifiers": 16384}, "#text": 7036}, "Version": 0, "Level": 4, "Task": 0, "Opcode": 0, "Keywords": "0x8080000000000000", "TimeCreated": {"#attributes": {"SystemTime": "2025-06-08T19:29:03.094985Z"}}, "EventRecordID": 1163, "Correlation": null, "Execution": {"#attributes": {"ProcessID": 636, "ThreadID": 5984}}, "Channel": "System", "Computer": "DC01.pirate.htb", "Security": null}, "EventData": {"param1": "DFS Replication", "param2": "stopped", "Binary": "44004600530052002F0031000000"}}},
{"TimeGenerated": "2025-06-08T19:29:04.219995Z", "EventID": {"#attributes": {"Qualifiers": 16384}, "#text": 7036}, "Computer": "DC01.pirate.htb", "RawEvent": {"#attributes": {"xmlns": "http://schemas.microsoft.com/win/2004/08/events/event"}, "System": {"Provider": {"#attributes": {"Name": "Service Control Manager", "Guid": "{555908d1-a6d7-4695-8e1e-26931d2012f4}", "EventSourceName": "Service Control Manager"}}, "EventID": {"#attributes": {"Qualifiers": 16384}, "#text": 7036}, "Version": 0, "Level": 4, "Task": 0, "Opcode": 0, "Keywords": "0x8080000000000000", "TimeCreated": {"#attributes": {"SystemTime": "2025-06-08T19:29:04.219995Z"}}, "EventRecordID": 1164, "Correlation": null, "Execution": {"#attributes": {"ProcessID": 636, "ThreadID": 6612}}, "Channel": "System", "Computer": "DC01.pirate.htb", "Security": null}, "EventData": {"param1": "Windows Insider Service", "param2": "running", "Binary": "770069007300760063002F0034000000"}}},
{"TimeGenerated": "2025-06-08T19:29:04.829431Z", "EventID": {"#attributes": {"Qualifiers": 16896}, "#text": 3}, "Computer": "DC01.pirate.htb", "RawEvent": {"#attributes": {"xmlns": "http://schemas.microsoft.com/win/2004/08/events/event"}, "System": {"Provider": {"#attributes": {"Name": "Virtual Disk Service"}}, "EventID": {"#attributes": {"Qualifiers": 16896}, "#text": 3}, "Level": 4, "Task": 0, "Keywords": "0x80000000000000", "TimeCreated": {"#attributes": {"SystemTime": "2025-06-08T19:29:04.829431Z"}}, "EventRecordID": 1165, "Channel": "System", "Computer": "DC01.pirate.htb", "Security": null}, "EventData": {"Data": {"#text": "@2010005"}, "Binary": null}}},
{"TimeGenerated": "2025-06-08T19:29:04.784203Z", "EventID": {"#attributes": {"Qualifiers": 16384}, "#text": 7036}, "Computer": "DC01.pirate.htb", "RawEvent": {"#attributes": {"xmlns": "http://schemas.microsoft.com/win/2004/08/events/event"}, "System": {"Provider": {"#attributes": {"Name": "Service Control Manager", "Guid": "{555908d1-a6d7-4695-8e1e-26931d2012f4}", "EventSourceName": "Service Control Manager"}}, "EventID": {"#attributes": {"Qualifiers": 16384}, "#text": 7036}, "Version": 0, "Level": 4, "Task": 0, "Opcode": 0, "Keywords": "0x8080000000000000", "TimeCreated": {"#attributes": {"SystemTime": "2025-06-08T19:29:04.784203Z"}}, "EventRecordID": 1166, "Correlation": null, "Execution": {"#attributes": {"ProcessID": 636, "ThreadID": 4596}}, "Channel": "System", "Computer": "DC01.pirate.htb", "Security": null}, "EventData": {"param1": "DFS Replication", "param2": "running", "Binary": "44004600530052002F0034000000"}}},
{"TimeGenerated": "2025-06-08T19:29:04.829431Z", "EventID": {"#attributes": {"Qualifiers": 16384}, "#text": 7036}, "Computer": "DC01.pirate.htb", "RawEvent": {"#attributes": {"xmlns": "http://schemas.microsoft.com/win/2004/08/events/event"}, "System": {"Provider": {"#attributes": {"Name": "Service Control Manager", "Guid": "{555908d1-a6d7-4695-8e1e-26931d2012f4}", "EventSourceName": "Service Control Manager"}}, "EventID": {"#attributes": {"Qualifiers": 16384}, "#text": 7036}, "Version": 0, "Level": 4, "Task": 0, "Opcode": 0, "Keywords": "0x8080000000000000", "TimeCreated": {"#attributes": {"SystemTime": "2025-06-08T19:29:04.829431Z"}}, "EventRecordID": 1167, "Correlation": null, "Execution": {"#attributes": {"ProcessID": 636, "ThreadID": 6612}}, "Channel": "System", "Computer": "DC01.pirate.htb", "Security": null}, "EventData": {"param1": "Virtual Disk", "param2": "running", "Binary": "7600640073002F0034000000"}}},
{"TimeGenerated": "2025-06-08T19:29:05.032593Z", "EventID": {"#attributes": {"Qualifiers": 16384}, "#text": 7036}, "Computer": "DC01.pirate.htb", "RawEvent": {"#attributes": {"xmlns": "http://schemas.microsoft.com/win/2004/08/events/event"}, "System": {"Provider": {"#attributes": {"Name": "Service Control Manager", "Guid": "{555908d1-a6d7-4695-8e1e-26931d2012f4}", "EventSourceName": "Service Control Manager"}}, "EventID": {"#attributes": {"Qualifiers": 16384}, "#text": 7036}, "Version": 0, "Level": 4, "Task": 0, "Opcode": 0, "Keywords": "0x8080000000000000", "TimeCreated": {"#attributes": {"SystemTime": "2025-06-08T19:29:05.032593Z"}}, "EventRecordID": 1168, "Correlation": null, "Execution": {"#attributes": {"ProcessID": 636, "ThreadID": 6612}}, "Channel": "System", "Computer": "DC01.pirate.htb", "Security": null}, "EventData": {"param1": "Windows Modules Installer", "param2": "running", "Binary": "540072007500730074006500640049006E007300740061006C006C00650072002F0034000000"}}},
{"TimeGenerated": "2025-06-08T19:29:16.814155Z", "EventID": {"#attributes": {"Qualifiers": 16384}, "#text": 7036}, "Computer": "DC01.pirate.htb", "RawEvent": {"#attributes": {"xmlns": "http://schemas.microsoft.com/win/2004/08/events/event"}, "System": {"Provider": {"#attributes": {"Name": "Service Control Manager", "Guid": "{555908d1-a6d7-4695-8e1e-26931d2012f4}", "EventSourceName": "Service Control Manager"}}, "EventID": {"#attributes": {"Qualifiers": 16384}, "#text": 7036}, "Version": 0, "Level": 4, "Task": 0, "Opcode": 0, "Keywords": "0x8080000000000000", "TimeCreated": {"#attributes": {"SystemTime": "2025-06-08T19:29:16.814155Z"}}, "EventRecordID": 1169, "Correlation": null, "Execution": {"#attributes": {"ProcessID": 636, "ThreadID": 6612}}, "Channel": "System", "Computer": "DC01.pirate.htb", "Security": null}, "EventData": {"param1": "AVCTP service", "param2": "running", "Binary": "420074006800410076006300740070005300760063002F0034000000"}}},
{"TimeGenerated": "2025-06-08T19:29:17.079351Z", "EventID": {"#attributes": {"Qualifiers": 16384}, "#text": 7036}, "Computer": "DC01.pirate.htb", "RawEvent": {"#attributes": {"xmlns": "http://schemas.microsoft.com/win/2004/08/events/event"}, "System": {"Provider": {"#attributes": {"Name": "Service Control Manager", "Guid": "{555908d1-a6d7-4695-8e1e-26931d2012f4}", "EventSourceName": "Service Control Manager"}}, "EventID": {"#attributes": {"Qualifiers": 16384}, "#text": 7036}, "Version": 0, "Level": 4, "Task": 0, "Opcode": 0, "Keywords": "0x8080000000000000", "TimeCreated": {"#attributes": {"SystemTime": "2025-06-08T19:29:17.079351Z"}}, "EventRecordID": 1170, "Correlation": null, "Execution": {"#attributes": {"ProcessID": 636, "ThreadID": 3784}}, "Channel": "System", "Computer": "DC01.pirate.htb", "Security": null}, "EventData": {"param1": "Capability Access Manager Service", "param2": "running", "Binary": "630061006D007300760063002F0034000000"}}},
{"TimeGenerated": "2025-06-08T19:29:17.329347Z", "EventID": {"#attributes": {"Qualifiers": 16384}, "#text": 7036}, "Computer": "DC01.pirate.htb", "RawEvent": {"#attributes": {"xmlns": "http://schemas.microsoft.com/win/2004/08/events/event"}, "System": {"Provider": {"#attributes": {"Name": "Service Control Manager", "Guid": "{555908d1-a6d7-4695-8e1e-26931d2012f4}", "EventSourceName": "Service Control Manager"}}, "EventID": {"#attributes": {"Qualifiers": 16384}, "#text": 7036}, "Version": 0, "Level": 4, "Task": 0, "Opcode": 0, "Keywords": "0x8080000000000000", "TimeCreated": {"#attributes": {"SystemTime": "2025-06-08T19:29:17.329347Z"}}, "EventRecordID": 1171, "Correlation": null, "Execution": {"#attributes": {"ProcessID": 636, "ThreadID": 3784}}, "Channel": "System", "Computer": "DC01.pirate.htb", "Security": null}, "EventData": {"param1": "Windows Biometric Service", "param2": "running", "Binary": "5700620069006F0053007200760063002F0034000000"}}},
{"TimeGenerated": "2025-06-08T19:29:50.204391Z", "EventID": {"#attributes": {"Qualifiers": 16384}, "#text": 7036}, "Computer": "DC01.pirate.htb", "RawEvent": {"#attributes": {"xmlns": "http://schemas.microsoft.com/win/2004/08/events/event"}, "System": {"Provider": {"#attributes": {"Name": "Service Control Manager", "Guid": "{555908d1-a6d7-4695-8e1e-26931d2012f4}", "EventSourceName": "Service Control Manager"}}, "EventID": {"#attributes": {"Qualifiers": 16384}, "#text": 7036}, "Version": 0, "Level": 4, "Task": 0, "Opcode": 0, "Keywords": "0x8080000000000000", "TimeCreated": {"#attributes": {"SystemTime": "2025-06-08T19:29:50.204391Z"}}, "EventRecordID": 1172, "Correlation": null, "Execution": {"#attributes": {"ProcessID": 636, "ThreadID": 3784}}, "Channel": "System", "Computer": "DC01.pirate.htb", "Security": null}, "EventData": {"param1": "Software Protection", "param2": "stopped", "Binary": "7300700070007300760063002F0031000000"}}},
{"TimeGenerated": "2025-06-08T19:30:02.676391Z", "EventID": {"#attributes": {"Qualifiers": 16384}, "#text": 7036}, "Computer": "DC01.pirate.htb", "RawEvent": {"#attributes": {"xmlns": "http://schemas.microsoft.com/win/2004/08/events/event"}, "System": {"Provider": {"#attributes": {"Name": "Service Control Manager", "Guid": "{555908d1-a6d7-4695-8e1e-26931d2012f4}", "EventSourceName": "Service Control Manager"}}, "EventID": {"#attributes": {"Qualifiers": 16384}, "#text": 7036}, "Version": 0, "Level": 4, "Task": 0, "Opcode": 0, "Keywords": "0x8080000000000000", "TimeCreated": {"#attributes": {"SystemTime": "2025-06-08T19:30:02.676391Z"}}, "EventRecordID": 1173, "Correlation": null, "Execution": {"#attributes": {"ProcessID": 636, "ThreadID": 3784}}, "Channel": "System", "Computer": "DC01.pirate.htb", "Security": null}, "EventData": {"param1": "Windows Update Medic Service", "param2": "stopped", "Binary": "57006100610053004D0065006400690063005300760063002F0031000000"}}},
{"TimeGenerated": "2025-06-08T19:30:04.314593Z", "EventID": {"#attributes": {"Qualifiers": 16384}, "#text": 7036}, "Computer": "DC01.pirate.htb", "RawEvent": {"#attributes": {"xmlns": "http://schemas.microsoft.com/win/2004/08/events/event"}, "System": {"Provider": {"#attributes": {"Name": "Service Control Manager", "Guid": "{555908d1-a6d7-4695-8e1e-26931d2012f4}", "EventSourceName": "Service Control Manager"}}, "EventID": {"#attributes": {"Qualifiers": 16384}, "#text": 7036}, "Version": 0, "Level": 4, "Task": 0, "Opcode": 0, "Keywords": "0x8080000000000000", "TimeCreated": {"#attributes": {"SystemTime": "2025-06-08T19:30:04.314593Z"}}, "EventRecordID": 1174, "Correlation": null, "Execution": {"#attributes": {"ProcessID": 636, "ThreadID": 3784}}, "Channel": "System", "Computer": "DC01.pirate.htb", "Security": null}, "EventData": {"param1": "Windows Insider Service", "param2": "stopped", "Binary": "770069007300760063002F0031000000"}}},
{"TimeGenerated": "2025-06-08T19:30:25.047932Z", "EventID": 6148, "Computer": "DC01.pirate.htb", "RawEvent": {"#attributes": {"xmlns": "http://schemas.microsoft.com/win/2004/08/events/event"}, "System": {"Provider": {"#attributes": {"Name": "LsaSrv", "Guid": "199FE037-2B82-40A9-82AC-E1D46C792B99"}}, "EventID": 6148, "Version": 0, "Level": 4, "Task": 0, "Opcode": 0, "Keywords": "0x8000000000000000", "TimeCreated": {"#attributes": {"SystemTime": "2025-06-08T19:30:25.047932Z"}}, "EventRecordID": 1175, "Correlation": null, "Execution": {"#attributes": {"ProcessID": 644, "ThreadID": 740}}, "Channel": "System", "Computer": "DC01.pirate.htb", "Security": {"#attributes": {"UserID": "S-1-5-18"}}}, "EventData": null}},
{"TimeGenerated": "2025-06-08T19:30:58.954575Z", "EventID": {"#attributes": {"Qualifiers": 16384}, "#text": 7036}, "Computer": "DC01.pirate.htb", "RawEvent": {"#attributes": {"xmlns": "http://schemas.microsoft.com/win/2004/08/events/event"}, "System": {"Provider": {"#attributes": {"Name": "Service Control Manager", "Guid": "{555908d1-a6d7-4695-8e1e-26931d2012f4}", "EventSourceName": "Service Control Manager"}}, "EventID": {"#attributes": {"Qualifiers": 16384}, "#text": 7036}, "Version": 0, "Level": 4, "Task": 0, "Opcode": 0, "Keywords": "0x8080000000000000", "TimeCreated": {"#attributes": {"SystemTime": "2025-06-08T19:30:58.954575Z"}}, "EventRecordID": 1176, "Correlation": null, "Execution": {"#attributes": {"ProcessID": 636, "ThreadID": 3784}}, "Channel": "System", "Computer": "DC01.pirate.htb", "Security": null}, "EventData": {"param1": "Client License Service (ClipSVC)", "param2": "stopped", "Binary": "43006C00690070005300560043002F0031000000"}}},
