{"TimeGenerated": "2025-06-08T14:32:48.541322Z", "EventID": 16, "Computer": "WIN-P4PGN19G2KB", "RawEvent": {"#attributes": {"xmlns": "http://schemas.microsoft.com/win/2004/08/events/event"}, "System": {"Provider": {"#attributes": {"Name": "Microsoft-Windows-Kernel-General", "Guid": "A68CA8B7-004F-D7B6-A698-07E2DE0F1F5D"}}, "EventID": 16, "Version": 0, "Level": 4, "Task": 0, "Opcode": 0, "Keywords": "0x8000000000000000", "TimeCreated": {"#attributes": {"SystemTime": "2025-06-08T14:32:48.541322Z"}}, "EventRecordID": 318, "Correlation": null, "Execution": {"#attributes": {"ProcessID": 5028, "ThreadID": 5188}}, "Channel": "System", "Computer": "WIN-P4PGN19G2KB", "Security": {"#attributes": {"UserID": "S-1-5-18"}}}, "EventData": {"HiveNameLength": 123, "HiveName": "\\??\\C:\\Users\\Administrator\\AppData\\Local\\Packages\\Microsoft.Windows.ShellExperienceHost_cw5n1h2txyewy\\Settings\\settings.dat", "KeysUpdated": 3, "DirtyPages": 1}}},
{"TimeGenerated": "2025-06-08T14:32:48.536462Z", "EventID": {"#attributes": {"Qualifiers": 16384}, "#text": 7036}, "Computer": "WIN-P4PGN19G2KB", "RawEvent": {"#attributes": {"xmlns": "http://schemas.microsoft.com/win/2004/08/events/event"}, "System": {"Provider": {"#attributes": {"Name": "Service Control Manager", "Guid": "{555908d1-a6d7-4695-8e1e-26931d2012f4}", "EventSourceName": "Service Control Manager"}}, "EventID": {"#attributes": {"Qualifiers": 16384}, "#text": 7036}, "Version": 0, "Level": 4, "Task": 0, "Opcode": 0, "Keywords": "0x8080000000000000", "TimeCreated": {"#attributes": {"SystemTime": "2025-06-08T14:32:48.536462Z"}}, "EventRecordID": 319, "Correlation": null, "Execution": {"#attributes": {"ProcessID": 596, "ThreadID": 3780}}, "Channel": "System", "Computer": "WIN-P4PGN19G2KB", "Security": null}, "EventData": {"param1": "Device Management Enrollment Service", "param2": "stopped", "Binary": "44006D0045006E0072006F006C006C006D0065006E0074005300760063002F0031000000"}}},
{"TimeGenerated": "2025-06-08T14:32:48.603165Z", "EventID": 16, "Computer": "WIN-P4PGN19G2KB", "RawEvent": {"#attributes": {"xmlns": "http://schemas.microsoft.com/win/2004/08/events/event"}, "System": {"Provider": {"#attributes": {"Name": "Microsoft-Windows-Kernel-General", "Guid": "A68CA8B7-004F-D7B6-A698-07E2DE0F1F5D"}}, "EventID": 16, "Version": 0, "Level": 4, "Task": 0, "Opcode": 0, "Keywords": "0x8000000000000000", "TimeCreated": {"#attributes": {"SystemTime": "2025-06-08T14:32:48.603165Z"}}, "EventRecordID": 320, "Correlation": null, "Execution": {"#attributes": {"ProcessID": 5220, "ThreadID": 5248}}, "Channel": "System", "Computer": "WIN-P4PGN19G2KB", "Security": {"#attributes": {"UserID": "S-1-5-18"}}}, "EventData": {"HiveNameLength": 111, "HiveName": "\\??\\C:\\Users\\Administrator\\AppData\\Local\\Packages\\Microsoft.Windows.Cortana_cw5n1h2txyewy\\Settings\\settings.dat", "KeysUpdated": 3, "DirtyPages": 1}}},
{"TimeGenerated": "2025-06-08T14:32:49.457722Z", "EventID": 16, "Computer": "WIN-P4PGN19G2KB", "RawEvent": {"#attributes": {"xmlns": "http://schemas.microsoft.com/win/2004/08/events/event"}, "System": {"Provider": {"#attributes": {"Name": "Microsoft-Windows-Kernel-General", "Guid": "A68CA8B7-004F-D7B6-A698-07E2DE0F1F5D"}}, "EventID": 16, "Version": 0, "Level": 4, "Task": 0, "Opcode": 0, "Keywords": "0x8000000000000000", "TimeCreated": {"#attributes": {"SystemTime": "2025-06-08T14:32:49.457722Z"}}, "EventRecordID": 321, "Correlation": null, "Execution": {"#attributes": {"ProcessID": 5516, "ThreadID": 5692}}, "Channel": "System", "Computer": "WIN-P4PGN19G2KB", "Security": {"#attributes": {"UserID": "S-1-5-18"}}}, "EventData": {"HiveNameLength": 112, "HiveName": "\\??\\C:\\Users\\Administrator\\AppData\\Local\\Packages\\Microsoft.AAD.BrokerPlugin_cw5n1h2txyewy\\Settings\\settings.dat", "KeysUpdated": 3, "DirtyPages": 1}}},
{"TimeGenerated": "2025-06-08T14:32:50.537979Z", "EventID": {"#attributes": {"Qualifiers": 16384}, "#text": 7045}, "Computer": "WIN-P4PGN19G2KB", "RawEvent": {"#attributes": {"xmlns": "http://schemas.microsoft.com/win/2004/08/events/event"}, "System": {"Provider": {"#attributes": {"Name": "Service Control Manager", "Guid": "{555908d1-a6d7-4695-8e1e-26931d2012f4}", "EventSourceName": "Service Control Manager"}}, "EventID": {"#attributes": {"Qualifiers": 16384}, "#text": 7045}, "Version": 0, "Level": 4, "Task": 0, "Opcode": 0, "Keywords": "0x8080000000000000", "TimeCreated": {"#attributes": {"SystemTime": "2025-06-08T14:32:50.537979Z"}}, "EventRecordID": 322, "Correlation": null, "Execution": {"#attributes": {"ProcessID": 596, "ThreadID": 3780}}, "Channel": "System", "Computer": "WIN-P4PGN19G2KB", "Security": {"#attributes": {"UserID": "S-1-5-18"}}}, "EventData": {"ServiceName": "Printer Extensions and Notifications", "ImagePath": "%SystemRoot%\\system32\\svchost.exe -k print", "ServiceType": "user mode service", "StartType": "demand start", "AccountName": "LocalSystem"}}},
{"TimeGenerated": "2025-06-08T14:32:50.537979Z", "EventID": {"#attributes": {"Qualifiers": 49152}, "#text": 7030}, "Computer": "WIN-P4PGN19G2KB", "RawEvent": {"#attributes": {"xmlns": "http://schemas.microsoft.com/win/2004/08/events/event"}, "System": {"Provider": {"#attributes": {"Name": "Service Control Manager", "Guid": "{555908d1-a6d7-4695-8e1e-26931d2012f4}", "EventSourceName": "Service Control Manager"}}, "EventID": {"#attributes": {"Qualifiers": 49152}, "#text": 7030}, "Version": 0, "Level": 2, "Task": 0, "Opcode": 0, "Keywords": "0x8080000000000000", "TimeCreated": {"#attributes": {"SystemTime": "2025-06-08T14:32:50.537979Z"}}, "EventRecordID": 323, "Correlation": null, "Execution": {"#attributes": {"ProcessID": 596, "ThreadID": 3780}}, "Channel": "System", "Computer": "WIN-P4PGN19G2KB", "Security": null}, "EventData": {"param1": "Printer Extensions and Notifications"}}},
{"TimeGenerated": "2025-06-08T14:32:50.913726Z", "EventID": {"#attributes": {"Qualifiers": 16384}, "#text": 7036}, "Computer": "WIN-P4PGN19G2KB", "RawEvent": {"#attributes": {"xmlns": "http://schemas.microsoft.com/win/2004/08/events/event"}, "System": {"Provider": {"#attributes": {"Name": "Service Control Manager", "Guid": "{555908d1-a6d7-4695-8e1e-26931d2012f4}", "EventSourceName": "Service Control Manager"}}, "EventID": {"#attributes": {"Qualifiers": 16384}, "#text": 7036}, "Version": 0, "Level": 4, "Task": 0, "Opcode": 0, "Keywords": "0x8080000000000000", "TimeCreated": {"#attributes": {"SystemTime": "2025-06-08T14:32:50.913726Z"}}, "EventRecordID": 324, "Correlation": null, "Execution": {"#attributes": {"ProcessID": 596, "ThreadID": 3780}}, "Channel": "System", "Computer": "WIN-P4PGN19G2KB", "Security": null}, "EventData": {"param1": "Application Information", "param2": "running", "Binary": "41007000700069006E0066006F002F0034000000"}}},
{"TimeGenerated": "2025-06-08T14:32:51.128593Z", "EventID": 1281, "Computer": "WIN-P4PGN19G2KB", "RawEvent": {"#attributes": {"xmlns": "http://schemas.microsoft.com/win/2004/08/events/event"}, "System": {"Provider": {"#attributes": {"Name": "Microsoft-Windows-TPM-WMI", "Guid": "7D5387B0-CBE0-11DA-A94D-0800200C9A66"}}, "EventID": 1281, "Version": 0, "Level": 4, "Task": 0, "Opcode": 0, "Keywords": "0x8000000000000000", "TimeCreated": {"#attributes": {"SystemTime": "2025-06-08T14:32:51.128593Z"}}, "EventRecordID": 325, "Correlation": null, "Execution": {"#attributes": {"ProcessID": 3840, "ThreadID": 1208}}, "Channel": "System", "Computer": "WIN-P4PGN19G2KB", "Security": {"#attributes": {"UserID": "S-1-5-18"}}}, "EventData": null}},
{"TimeGenerated": "2025-06-08T14:32:51.257808Z", "EventID": {"#attributes": {"Qualifiers": 16384}, "#text": 7036}, "Computer": "WIN-P4PGN19G2KB", "RawEvent": {"#attributes": {"xmlns": "http://schemas.microsoft.com/win/2004/08/events/event"}, "System": {"Provider": {"#attributes": {"Name": "Service Control Manager", "Guid": "{555908d1-a6d7-4695-8e1e-26931d2012f4}", "EventSourceName": "Service Control Manager"}}, "EventID": {"#attributes": {"Qualifiers": 16384}, "#text": 7036}, "Version": 0, "Level": 4, "Task": 0, "Opcode": 0, "Keywords": "0x8080000000000000", "TimeCreated": {"#attributes": {"SystemTime": "2025-06-08T14:32:51.257808Z"}}, "EventRecordID": 326, "Correlation": null, "Execution": {"#attributes": {"ProcessID": 596, "ThreadID": 2264}}, "Channel": "System", "Computer": "WIN-P4PGN19G2KB", "Security": null}, "EventData": {"param1": "Windows License Manager Service", "param2": "running", "Binary": "4C006900630065006E00730065004D0061006E0061006700650072002F0034000000"}}},
{"TimeGenerated": "2025-06-08T14:32:51.288441Z", "EventID": {"#attributes": {"Qualifiers": 16384}, "#text": 7036}, "Computer": "WIN-P4PGN19G2KB", "RawEvent": {"#attributes": {"xmlns": "http://schemas.microsoft.com/win/2004/08/events/event"}, "System": {"Provider": {"#attributes": {"Name": "Service Control Manager", "Guid": "{555908d1-a6d7-4695-8e1e-26931d2012f4}", "EventSourceName": "Service Control Manager"}}, "EventID": {"#attributes": {"Qualifiers": 16384}, "#text": 7036}, "Version": 0, "Level": 4, "Task": 0, "Opcode": 0, "Keywords": "0x8080000000000000", "TimeCreated": {"#attributes": {"SystemTime": "2025-06-08T14:32:51.288441Z"}}, "EventRecordID": 327, "Correlation": null, "Execution": {"#attributes": {"ProcessID": 596, "ThreadID": 2264}}, "Channel": "System", "Computer": "WIN-P4PGN19G2KB", "Security": null}, "EventData": {"param1": "Function Discovery Provider Host", "param2": "running", "Binary": "66006400500048006F00730074002F0034000000"}}},
{"TimeGenerated": "2025-06-08T14:32:51.553743Z", "EventID": {"#attributes": {"Qualifiers": 16384}, "#text": 7036}, "Computer": "WIN-P4PGN19G2KB", "RawEvent": {"#attributes": {"xmlns": "http://schemas.microsoft.com/win/2004/08/events/event"}, "System": {"Provider": {"#attributes": {"Name": "Service Control Manager", "Guid": "{555908d1-a6d7-4695-8e1e-26931d2012f4}", "EventSourceName": "Service Control Manager"}}, "EventID": {"#attributes": {"Qualifiers": 16384}, "#text": 7036}, "Version": 0, "Level": 4, "Task": 0, "Opcode": 0, "Keywords": "0x8080000000000000", "TimeCreated": {"#attributes": {"SystemTime": "2025-06-08T14:32:51.553743Z"}}, "EventRecordID": 328, "Correlation": null, "Execution": {"#attributes": {"ProcessID": 596, "ThreadID": 3828}}, "Channel": "System", "Computer": "WIN-P4PGN19G2KB", "Security": null}, "EventData": {"param1": "Function Discovery Resource Publication", "param2": "running", "Binary": "460044005200650073005000750062002F0034000000"}}},
{"TimeGenerated": "2025-06-08T14:32:51.800677Z", "EventID": 1282, "Computer": "WIN-P4PGN19G2KB", "RawEvent": {"#attributes": {"xmlns": "http://schemas.microsoft.com/win/2004/08/events/event"}, "System": {"Provider": {"#attributes": {"Name": "Microsoft-Windows-TPM-WMI", "Guid": "7D5387B0-CBE0-11DA-A94D-0800200C9A66"}}, "EventID": 1282, "Version": 0, "Level": 4, "Task": 0, "Opcode": 0, "Keywords": "0x8000000000000000", "TimeCreated": {"#attributes": {"SystemTime": "2025-06-08T14:32:51.800677Z"}}, "EventRecordID": 329, "Correlation": null, "Execution": {"#attributes": {"ProcessID": 116, "ThreadID": 2336}}, "Channel": "System", "Computer": "WIN-P4PGN19G2KB", "Security": {"#attributes": {"UserID": "S-1-5-18"}}}, "EventData": null}},
{"TimeGenerated": "2025-06-08T14:32:52.004009Z", "EventID": 16, "Computer": "WIN-P4PGN19G2KB", "RawEvent": {"#attributes": {"xmlns": "http://schemas.microsoft.com/win/2004/08/events/event"}, "System": {"Provider": {"#attributes": {"Name": "Microsoft-Windows-Kernel-General", "Guid": "A68CA8B7-004F-D7B6-A698-07E2DE0F1F5D"}}, "EventID": 16, "Version": 0, "Level": 4, "Task": 0, "Opcode": 0, "Keywords": "0x8000000000000000", "TimeCreated": {"#attributes": {"SystemTime": "2025-06-08T14:32:52.004009Z"}}, "EventRecordID": 330, "Correlation": null, "Execution": {"#attributes": {"ProcessID": 5516, "ThreadID": 5692}}, "Channel": "System", "Computer": "WIN-P4PGN19G2KB", "Security": {"#attributes": {"UserID": "S-1-5-18"}}}, "EventData": {"HiveNameLength": 123, "HiveName": "\\??\\C:\\Users\\Administrator\\AppData\\Local\\Packages\\Microsoft.Windows.CloudExperienceHost_cw5n1h2txyewy\\Settings\\settings.dat", "KeysUpdated": 3, "DirtyPages": 1}}},
{"TimeGenerated": "2025-06-08T14:32:52.318537Z", "EventID": 16, "Computer": "WIN-P4PGN19G2KB", "RawEvent": {"#attributes": {"xmlns": "http://schemas.microsoft.com/win/2004/08/events/event"}, "System": {"Provider": {"#attributes": {"Name": "Microsoft-Windows-Kernel-General", "Guid": "A68CA8B7-004F-D7B6-A698-07E2DE0F1F5D"}}, "EventID": 16, "Version": 0, "Level": 4, "Task": 0, "Opcode": 0, "Keywords": "0x8000000000000000", "TimeCreated": {"#attributes": {"SystemTime": "2025-06-08T14:32:52.318537Z"}}, "EventRecordID": 331, "Correlation": null, "Execution": {"#attributes": {"ProcessID": 5516, "ThreadID": 5692}}, "Channel": "System", "Computer": "WIN-P4PGN19G2KB", "Security": {"#attributes": {"UserID": "S-1-5-18"}}}, "EventData": {"HiveNameLength": 115, "HiveName": "\\??\\C:\\Users\\Administrator\\AppData\\Local\\Packages\\windows.immersivecontrolpanel_cw5n1h2txyewy\\Settings\\settings.dat", "KeysUpdated": 3, "DirtyPages": 1}}},
{"TimeGenerated": "2025-06-08T14:33:29.280008Z", "EventID": {"#attributes": {"Qualifiers": 16384}, "#text": 7036}, "Computer": "WIN-P4PGN19G2KB", "RawEvent": {"#attributes": {"xmlns": "http://schemas.microsoft.com/win/2004/08/events/event"}, "System": {"Provider": {"#attributes": {"Name": "Service Control Manager", "Guid": "{555908d1-a6d7-4695-8e1e-26931d2012f4}", "EventSourceName": "Service Control Manager"}}, "EventID": {"#attributes": {"Qualifiers": 16384}, "#text": 7036}, "Version": 0, "Level": 4, "Task": 0, "Opcode": 0, "Keywords": "0x8080000000000000", "TimeCreated": {"#attributes": {"SystemTime": "2025-06-08T14:33:29.280008Z"}}, "EventRecordID": 332, "Correlation": null, "Execution": {"#attributes": {"ProcessID": 596, "ThreadID": 3828}}, "Channel": "System", "Computer": "WIN-P4PGN19G2KB", "Security": null}, "EventData": {"param1": "Program Compatibility Assistant Service", "param2": "running", "Binary": "5000630061005300760063002F0034000000"}}},
{"TimeGenerated": "2025-06-08T14:33:30.309082Z", "EventID": {"#attributes": {"Qualifiers": 16384}, "#text": 7036}, "Computer": "WIN-P4PGN19G2KB", "RawEvent": {"#attributes": {"xmlns": "http://schemas.microsoft.com/win/2004/08/events/event"}, "System": {"Provider": {"#attributes": {"Name": "Service Control Manager", "Guid": "{555908d1-a6d7-4695-8e1e-26931d2012f4}", "EventSourceName": "Service Control Manager"}}, "EventID": {"#attributes": {"Qualifiers": 16384}, "#text": 7036}, "Version": 0, "Level": 4, "Task": 0, "Opcode": 0, "Keywords": "0x8080000000000000", "TimeCreated": {"#attributes": {"SystemTime": "2025-06-08T14:33:30.309082Z"}}, "EventRecordID": 333, "Correlation": null, "Execution": {"#attributes": {"ProcessID": 596, "ThreadID": 3828}}, "Channel": "System", "Computer": "WIN-P4PGN19G2KB", "Security": null}, "EventData": {"param1": "Windows Installer", "param2": "running", "Binary": "6D00730069007300650072007600650072002F0034000000"}}},
{"TimeGenerated": "2025-06-08T14:33:33.180510Z", "EventID": {"#attributes": {"Qualifiers": 16384}, "#text": 7036}, "Computer": "WIN-P4PGN19G2KB", "RawEvent": {"#attributes": {"xmlns": "http://schemas.microsoft.com/win/2004/08/events/event"}, "System": {"Provider": {"#attributes": {"Name": "Service Control Manager", "Guid": "{555908d1-a6d7-4695-8e1e-26931d2012f4}", "EventSourceName": "Service Control Manager"}}, "EventID": {"#attributes": {"Qualifiers": 16384}, "#text": 7036}, "Version": 0, "Level": 4, "Task": 0, "Opcode": 0, "Keywords": "0x8080000000000000", "TimeCreated": {"#attributes": {"SystemTime": "2025-06-08T14:33:33.180510Z"}}, "EventRecordID": 334, "Correlation": null, "Execution": {"#attributes": {"ProcessID": 596, "ThreadID": 3828}}, "Channel": "System", "Computer": "WIN-P4PGN19G2KB", "Security": null}, "EventData": {"param1": "Software Protection", "param2": "stopped", "Binary": "7300700070007300760063002F0031000000"}}},
{"TimeGenerated": "2025-06-08T14:34:00.304936Z", "EventID": {"#attributes": {"Qualifiers": 16384}, "#text": 7036}, "Computer": "WIN-P4PGN19G2KB", "RawEvent": {"#attributes": {"xmlns": "http://schemas.microsoft.com/win/2004/08/events/event"}, "System": {"Provider": {"#attributes": {"Name": "Service Control Manager", "Guid": "{555908d1-a6d7-4695-8e1e-26931d2012f4}", "EventSourceName": "Service Control Manager"}}, "EventID": {"#attributes": {"Qualifiers": 16384}, "#text": 7036}, "Version": 0, "Level": 4, "Task": 0, "Opcode": 0, "Keywords": "0x8080000000000000", "TimeCreated": {"#attributes": {"SystemTime": "2025-06-08T14:34:00.304936Z"}}, "EventRecordID": 335, "Correlation": null, "Execution": {"#attributes": {"ProcessID": 596, "ThreadID": 2264}}, "Channel": "System", "Computer": "WIN-P4PGN19G2KB", "Security": null}, "EventData": {"param1": "Diagnostic Policy Service", "param2": "running", "Binary": "4400500053002F0034000000"}}},
{"TimeGenerated": "2025-06-08T14:34:00.335004Z", "EventID": {"#attributes": {"Qualifiers": 16384}, "#text": 7036}, "Computer": "WIN-P4PGN19G2KB", "RawEvent": {"#attributes": {"xmlns": "http://schemas.microsoft.com/win/2004/08/events/event"}, "System": {"Provider": {"#attributes": {"Name": "Service Control Manager", "Guid": "{555908d1-a6d7-4695-8e1e-26931d2012f4}", "EventSourceName": "Service Control Manager"}}, "EventID": {"#attributes": {"Qualifiers": 16384}, "#text": 7036}, "Version": 0, "Level": 4, "Task": 0, "Opcode": 0, "Keywords": "0x8080000000000000", "TimeCreated": {"#attributes": {"SystemTime": "2025-06-08T14:34:00.335004Z"}}, "EventRecordID": 336, "Correlation": null, "Execution": {"#attributes": {"ProcessID": 596, "ThreadID": 2264}}, "Channel": "System", "Computer": "WIN-P4PGN19G2KB", "Security": null}, "EventData": {"param1": "Diagnostic System Host", "param2": "running", "Binary": "570064006900530079007300740065006D0048006F00730074002F0034000000"}}},
{"TimeGenerated": "2025-06-08T14:34:00.443726Z", "EventID": {"#attributes": {"Qualifiers": 16384}, "#text": 7036}, "Computer": "WIN-P4PGN19G2KB", "RawEvent": {"#attributes": {"xmlns": "http://schemas.microsoft.com/win/2004/08/events/event"}, "System": {"Provider": {"#attributes": {"Name": "Service Control Manager", "Guid": "{555908d1-a6d7-4695-8e1e-26931d2012f4}", "EventSourceName": "Service Control Manager"}}, "EventID": {"#attributes": {"Qualifiers": 16384}, "#text": 7036}, "Version": 0, "Level": 4, "Task": 0, "Opcode": 0, "Keywords": "0x8080000000000000", "TimeCreated": {"#attributes": {"SystemTime": "2025-06-08T14:34:00.443726Z"}}, "EventRecordID": 337, "Correlation": null, "Execution": {"#attributes": {"ProcessID": 596, "ThreadID": 3832}}, "Channel": "System", "Computer": "WIN-P4PGN19G2KB", "Security": null}, "EventData": {"param1": "Downloaded Maps Manager", "param2": "running", "Binary": "4D00610070007300420072006F006B00650072002F0034000000"}}},
{"TimeGenerated": "2025-06-08T14:34:00.631227Z", "EventID": {"#attributes": {"Qualifiers": 16384}, "#text": 7036}, "Computer": "WIN-P4PGN19G2KB", "RawEvent": {"#attributes": {"xmlns": "http://schemas.microsoft.com/win/2004/08/events/event"}, "System": {"Provider": {"#attributes": {"Name": "Service Control Manager", "Guid": "{555908d1-a6d7-4695-8e1e-26931d2012f4}", "EventSourceName": "Service Control Manager"}}, "EventID": {"#attributes": {"Qualifiers": 16384}, "#text": 7036}, "Version": 0, "Level": 4, "Task": 0, "Opcode": 0, "Keywords": "0x8080000000000000", "TimeCreated": {"#attributes": {"SystemTime": "2025-06-08T14:34:00.631227Z"}}, "EventRecordID": 338, "Correlation": null, "Execution": {"#attributes": {"ProcessID": 596, "ThreadID": 3832}}, "Channel": "System", "Computer": "WIN-P4PGN19G2KB", "Security": null}, "EventData": {"param1": "Distributed Transaction Coordinator", "param2": "running", "Binary": "4D0053004400540043002F0034000000"}}},
{"TimeGenerated": "2025-06-08T14:34:00.740502Z", "EventID": {"#attributes": {"Qualifiers": 16384}, "#text": 7036}, "Computer": "WIN-P4PGN19G2KB", "RawEvent": {"#attributes": {"xmlns": "http://schemas.microsoft.com/win/2004/08/events/event"}, "System": {"Provider": {"#attributes": {"Name": "Service Control Manager", "Guid": "{555908d1-a6d7-4695-8e1e-26931d2012f4}", "EventSourceName": "Service Control Manager"}}, "EventID": {"#attributes": {"Qualifiers": 16384}, "#text": 7036}, "Version": 0, "Level": 4, "Task": 0, "Opcode": 0, "Keywords": "0x8080000000000000", "TimeCreated": {"#attributes": {"SystemTime": "2025-06-08T14:34:00.740502Z"}}, "EventRecordID": 339, "Correlation": null, "Execution": {"#attributes": {"ProcessID": 596, "ThreadID": 2264}}, "Channel": "System", "Computer": "WIN-P4PGN19G2KB", "Security": null}, "EventData": {"param1": "Software Protection", "param2": "running", "Binary": "7300700070007300760063002F0034000000"}}},
{"TimeGenerated": "2025-06-08T14:34:03.412388Z", "EventID": {"#attributes": {"Qualifiers": 16384}, "#text": 7036}, "Computer": "WIN-P4PGN19G2KB", "RawEvent": {"#attributes": {"xmlns": "http://schemas.microsoft.com/win/2004/08/events/event"}, "System": {"Provider": {"#attributes": {"Name": "Service Control Manager", "Guid": "{555908d1-a6d7-4695-8e1e-26931d2012f4}", "EventSourceName": "Service Control Manager"}}, "EventID": {"#attributes": {"Qualifiers": 16384}, "#text": 7036}, "Version": 0, "Level": 4, "Task": 0, "Opcode": 0, "Keywords": "0x8080000000000000", "TimeCreated": {"#attributes": {"SystemTime": "2025-06-08T14:34:03.412388Z"}}, "EventRecordID": 340, "Correlation": null, "Execution": {"#attributes": {"ProcessID": 596, "ThreadID": 2264}}, "Channel": "System", "Computer": "WIN-P4PGN19G2KB", "Security": null}, "EventData": {"param1": "User Access Logging Service", "param2": "running", "Binary": "550041004C005300560043002F0034000000"}}},
{"TimeGenerated": "2025-06-08T14:34:03.599231Z", "EventID": {"#attributes": {"Qualifiers": 16384}, "#text": 7036}, "Computer": "WIN-P4PGN19G2KB", "RawEvent": {"#attributes": {"xmlns": "http://schemas.microsoft.com/win/2004/08/events/event"}, "System": {"Provider": {"#attributes": {"Name": "Service Control Manager", "Guid": "{555908d1-a6d7-4695-8e1e-26931d2012f4}", "EventSourceName": "Service Control Manager"}}, "EventID": {"#attributes": {"Qualifiers": 16384}, "#text": 7036}, "Version": 0, "Level": 4, "Task": 0, "Opcode": 0, "Keywords": "0x8080000000000000", "TimeCreated": {"#attributes": {"SystemTime": "2025-06-08T14:34:03.599231Z"}}, "EventRecordID": 341, "Correlation": null, "Execution": {"#attributes": {"ProcessID": 596, "ThreadID": 3832}}, "Channel": "System", "Computer": "WIN-P4PGN19G2KB", "Security": null}, "EventData": {"param1": "Windows Update Medic Service", "param2": "running", "Binary": "57006100610053004D0065006400690063005300760063002F0034000000"}}},
{"TimeGenerated": "2025-06-08T14:34:03.614964Z", "EventID": {"#attributes": {"Qualifiers": 16384}, "#text": 7036}, "Computer": "WIN-P4PGN19G2KB", "RawEvent": {"#attributes": {"xmlns": "http://schemas.microsoft.com/win/2004/08/events/event"}, "System": {"Provider": {"#attributes": {"Name": "Service Control Manager", "Guid": "{555908d1-a6d7-4695-8e1e-26931d2012f4}", "EventSourceName": "Service Control Manager"}}, "EventID": {"#attributes": {"Qualifiers": 16384}, "#text": 7036}, "Version": 0, "Level": 4, "Task": 0, "Opcode": 0, "Keywords": "0x8080000000000000", "TimeCreated": {"#attributes": {"SystemTime": "2025-06-08T14:34:03.614964Z"}}, "EventRecordID": 342, "Correlation": null, "Execution": {"#attributes": {"ProcessID": 596, "ThreadID": 3832}}, "Channel": "System", "Computer": "WIN-P4PGN19G2KB", "Security": null}, "EventData": {"param1": "Update Orchestrator Service", "param2": "running", "Binary": "550073006F005300760063002F0034000000"}}},
{"TimeGenerated": "2025-06-08T14:34:04.849821Z", "EventID": {"#attributes": {"Qualifiers": 16384}, "#text": 7045}, "Computer": "WIN-P4PGN19G2KB", "RawEvent": {"#attributes": {"xmlns": "http://schemas.microsoft.com/win/2004/08/events/event"}, "System": {"Provider": {"#attributes": {"Name": "Service Control Manager", "Guid": "{555908d1-a6d7-4695-8e1e-26931d2012f4}", "EventSourceName": "Service Control Manager"}}, "EventID": {"#attributes": {"Qualifiers": 16384}, "#text": 7045}, "Version": 0, "Level": 4, "Task": 0, "Opcode": 0, "Keywords": "0x8080000000000000", "TimeCreated": {"#attributes": {"SystemTime": "2025-06-08T14:34:04.849821Z"}}, "EventRecordID": 343, "Correlation": null, "Execution": {"#attributes": {"ProcessID": 596, "ThreadID": 3828}}, "Channel": "System", "Computer": "WIN-P4PGN19G2KB", "Security": {"#attributes": {"UserID": "S-1-5-18"}}}, "EventData": {"ServiceName": "VMware Alias Manager and Ticket Service", "ImagePath": "\"C:\\Program Files\\VMware\\VMware Tools\\VMware VGAuth\\VGAuthService.exe\"", "ServiceType": "user mode service", "StartType": "auto start", "AccountName": "LocalSystem"}}},
{"TimeGenerated": "2025-06-08T14:34:05.302008Z", "EventID": {"#attributes": {"Qualifiers": 16384}, "#text": 7045}, "Computer": "WIN-P4PGN19G2KB", "RawEvent": {"#attributes": {"xmlns": "http://schemas.microsoft.com/win/2004/08/events/event"}, "System": {"Provider": {"#attributes": {"Name": "Service Control Manager", "Guid": "{555908d1-a6d7-4695-8e1e-26931d2012f4}", "EventSourceName": "Service Control Manager"}}, "EventID": {"#attributes": {"Qualifiers": 16384}, "#text": 7045}, "Version": 0, "Level": 4, "Task": 0, "Opcode": 0, "Keywords": "0x8080000000000000", "TimeCreated": {"#attributes": {"SystemTime": "2025-06-08T14:34:05.302008Z"}}, "EventRecordID": 344, "Correlation": null, "Execution": {"#attributes": {"ProcessID": 596, "ThreadID": 3832}}, "Channel": "System", "Computer": "WIN-P4PGN19G2KB", "Security": {"#attributes": {"UserID": "S-1-5-18"}}}, "EventData": {"ServiceName": "VMware VMCI Bus Driver", "ImagePath": "System32\\drivers\\vmci.sys", "ServiceType": "kernel mode driver", "StartType": "boot start", "AccountName": ""}}},
{"TimeGenerated": "2025-06-08T14:34:05.333264Z", "EventID": {"#attributes": {"Qualifiers": 16392}, "#text": 3}, "Computer": "WIN-P4PGN19G2KB", "RawEvent": {"#attributes": {"xmlns": "http://schemas.microsoft.com/win/2004/08/events/event"}, "System": {"Provider": {"#attributes": {"Name": "vmci"}}, "EventID": {"#attributes": {"Qualifiers": 16392}, "#text": 3}, "Level": 4, "Task": 0, "Keywords": "0x80000000000000", "TimeCreated": {"#attributes": {"SystemTime": "2025-06-08T14:34:05.333264Z"}}, "EventRecordID": 345, "Channel": "System", "Computer": "WIN-P4PGN19G2KB", "Security": null}, "EventData": {"Data": {"#text": ["", "VMCI: Using capabilities (0x1c).\n"]}, "Binary": "00000000020028000000000003000840030008400000000000000000000000000000000000000000"}}},
{"TimeGenerated": "2025-06-08T14:34:05.343777Z", "EventID": 20001, "Computer": "WIN-P4PGN19G2KB", "RawEvent": {"#attributes": {"xmlns": "http://schemas.microsoft.com/win/2004/08/events/event"}, "System": {"Provider": {"#attributes": {"Name": "Microsoft-Windows-UserPnp", "Guid": "96F4A050-7E31-453C-88BE-9634F4E02139"}}, "EventID": 20001, "Version": 0, "Level": 4, "Task": 7005, "Opcode": 0, "Keywords": "0x8000000000000000", "TimeCreated": {"#attributes": {"SystemTime": "2025-06-08T14:34:05.343777Z"}}, "EventRecordID": 346, "Correlation": null, "Execution": {"#attributes": {"ProcessID": 4224, "ThreadID": 5956}}, "Channel": "System", "Computer": "WIN-P4PGN19G2KB", "Security": {"#attributes": {"UserID": "S-1-5-18"}}}, "UserData": {"InstallDeviceID": {"#attributes": {"xmlns": "http://manifests.microsoft.com/win/2004/08/windows/userpnp"}, "DriverName": "vmci.inf_amd64_68ed49469341f563", "DriverVersion": "9.8.18.0", "DriverProvider": "VMware, Inc.", "DeviceInstanceID": "PCI\\VEN_15AD&DEV_0740&SUBSYS_074015AD&REV_10\\3&61AAA01&0&3F", "SetupClass": "4D36E97D-E325-11CE-BFC1-08002BE10318", "RebootOption": false, "UpgradeDevice": false, "IsDriverOEM": true, "InstallStatus": "0x0", "DriverDescription": "VMware VMCI Bus Device"}}}},
{"TimeGenerated": "2025-06-08T14:34:05.426991Z", "EventID": {"#attributes": {"Qualifiers": 16392}, "#text": 3}, "Computer": "WIN-P4PGN19G2KB", "RawEvent": {"#attributes": {"xmlns": "http://schemas.microsoft.com/win/2004/08/events/event"}, "System": {"Provider": {"#attributes": {"Name": "vmci"}}, "EventID": {"#attributes": {"Qualifiers": 16392}, "#text": 3}, "Level": 4, "Task": 0, "Keywords": "0x80000000000000", "TimeCreated": {"#attributes": {"SystemTime": "2025-06-08T14:34:05.426991Z"}}, "EventRecordID": 347, "Channel": "System", "Computer": "WIN-P4PGN19G2KB", "Security": null}, "EventData": {"Data": {"#text": ["", "VMCI: Using capabilities (0x1c).\n"]}, "Binary": "00000000020028000000000003000840030008400000000000000000000000000000000000000000"}}},
{"TimeGenerated": "2025-06-08T14:34:05.442404Z", "EventID": 20001, "Computer": "WIN-P4PGN19G2KB", "RawEvent": {"#attributes": {"xmlns": "http://schemas.microsoft.com/win/2004/08/events/event"}, "System": {"Provider": {"#attributes": {"Name": "Microsoft-Windows-UserPnp", "Guid": "96F4A050-7E31-453C-88BE-9634F4E02139"}}, "EventID": 20001, "Version": 0, "Level": 4, "Task": 7005, "Opcode": 0, "Keywords": "0x8000000000000000", "TimeCreated": {"#attributes": {"SystemTime": "2025-06-08T14:34:05.442404Z"}}, "EventRecordID": 348, "Correlation": null, "Execution": {"#attributes": {"ProcessID": 4712, "ThreadID": 4228}}, "Channel": "System", "Computer": "WIN-P4PGN19G2KB", "Security": {"#attributes": {"UserID": "S-1-5-18"}}}, "UserData": {"InstallDeviceID": {"#attributes": {"xmlns": "http://manifests.microsoft.com/win/2004/08/windows/userpnp"}, "DriverName": "vmci.inf_amd64_68ed49469341f563", "DriverVersion": "9.8.18.0", "DriverProvider": "VMware, Inc.", "DeviceInstanceID": "PCI\\VEN_15AD&DEV_0740&SUBSYS_074015AD&REV_10\\3&61AAA01&0&3F", "SetupClass": "4D36E97D-E325-11CE-BFC1-08002BE10318", "RebootOption": false, "UpgradeDevice": true, "IsDriverOEM": true, "InstallStatus": "0x0", "DriverDescription": "VMware VMCI Bus Device"}}}},
{"TimeGenerated": "2025-06-08T14:34:05.512028Z", "EventID": 20001, "Computer": "WIN-P4PGN19G2KB", "RawEvent": {"#attributes": {"xmlns": "http://schemas.microsoft.com/win/2004/08/events/event"}, "System": {"Provider": {"#attributes": {"Name": "Microsoft-Windows-UserPnp", "Guid": "96F4A050-7E31-453C-88BE-9634F4E02139"}}, "EventID": 20001, "Version": 0, "Level": 4, "Task": 7005, "Opcode": 0, "Keywords": "0x8000000000000000", "TimeCreated": {"#attributes": {"SystemTime": "2025-06-08T14:34:05.512028Z"}}, "EventRecordID": 349, "Correlation": null, "Execution": {"#attributes": {"ProcessID": 156, "ThreadID": 5316}}, "Channel": "System", "Computer": "WIN-P4PGN19G2KB", "Security": {"#attributes": {"UserID": "S-1-5-18"}}}, "UserData": {"InstallDeviceID": {"#attributes": {"xmlns": "http://manifests.microsoft.com/win/2004/08/windows/userpnp"}, "DriverName": "vmci.inf_amd64_68ed49469341f563", "DriverVersion": "9.8.18.0", "DriverProvider": "VMware, Inc.", "DeviceInstanceID": "ROOT\\VMWVMCIHOSTDEV\\0000", "SetupClass": "4D36E97D-E325-11CE-BFC1-08002BE10318", "RebootOption": false, "UpgradeDevice": false, "IsDriverOEM": true, "InstallStatus": "0x0", "DriverDescription": "VMware VMCI Host Device"}}}},
{"TimeGenerated": "2025-06-08T14:34:05.520950Z", "EventID": {"#attributes": {"Qualifiers": 16384}, "#text": 7045}, "Computer": "WIN-P4PGN19G2KB", "RawEvent": {"#attributes": {"xmlns": "http://schemas.microsoft.com/win/2004/08/events/event"}, "System": {"Provider": {"#attributes": {"Name": "Service Control Manager", "Guid": "{555908d1-a6d7-4695-8e1e-26931d2012f4}", "EventSourceName": "Service Control Manager"}}, "EventID": {"#attributes": {"Qualifiers": 16384}, "#text": 7045}, "Version": 0, "Level": 4, "Task": 0, "Opcode": 0, "Keywords": "0x8080000000000000", "TimeCreated": {"#attributes": {"SystemTime": "2025-06-08T14:34:05.520950Z"}}, "EventRecordID": 350, "Correlation": null, "Execution": {"#attributes": {"ProcessID": 596, "ThreadID": 3832}}, "Channel": "System", "Computer": "WIN-P4PGN19G2KB", "Security": {"#attributes": {"UserID": "S-1-5-18"}}}, "EventData": {"ServiceName": "vSockets Virtual Machine Communication Interface Sockets driver", "ImagePath": "\\SystemRoot\\system32\\DRIVERS\\vsock.sys", "ServiceType": "kernel mode driver", "StartType": "system start", "AccountName": ""}}},
{"TimeGenerated": "2025-06-08T14:34:05.559044Z", "EventID": {"#attributes": {"Qualifiers": 16384}, "#text": 7040}, "Computer": "WIN-P4PGN19G2KB", "RawEvent": {"#attributes": {"xmlns": "http://schemas.microsoft.com/win/2004/08/events/event"}, "System": {"Provider": {"#attributes": {"Name": "Service Control Manager", "Guid": "{555908d1-a6d7-4695-8e1e-26931d2012f4}", "EventSourceName": "Service Control Manager"}}, "EventID": {"#attributes": {"Qualifiers": 16384}, "#text": 7040}, "Version": 0, "Level": 4, "Task": 0, "Opcode": 0, "Keywords": "0x8080000000000000", "TimeCreated": {"#attributes": {"SystemTime": "2025-06-08T14:34:05.559044Z"}}, "EventRecordID": 351, "Correlation": null, "Execution": {"#attributes": {"ProcessID": 596, "ThreadID": 3832}}, "Channel": "System", "Computer": "WIN-P4PGN19G2KB", "Security": {"#attributes": {"UserID": "S-1-5-18"}}}, "EventData": {"param1": "Windows Socket 2.0 Non-IFS Service Provider Support Environment", "param2": "disabled", "param3": "system start", "param4": "ws2ifsl"}}},
{"TimeGenerated": "2025-06-08T14:34:05.630084Z", "EventID": {"#attributes": {"Qualifiers": 16384}, "#text": 7036}, "Computer": "WIN-P4PGN19G2KB", "RawEvent": {"#attributes": {"xmlns": "http://schemas.microsoft.com/win/2004/08/events/event"}, "System": {"Provider": {"#attributes": {"Name": "Service Control Manager", "Guid": "{555908d1-a6d7-4695-8e1e-26931d2012f4}", "EventSourceName": "Service Control Manager"}}, "EventID": {"#attributes": {"Qualifiers": 16384}, "#text": 7036}, "Version": 0, "Level": 4, "Task": 0, "Opcode": 0, "Keywords": "0x8080000000000000", "TimeCreated": {"#attributes": {"SystemTime": "2025-06-08T14:34:05.630084Z"}}, "EventRecordID": 352, "Correlation": null, "Execution": {"#attributes": {"ProcessID": 596, "ThreadID": 3828}}, "Channel": "System", "Computer": "WIN-P4PGN19G2KB", "Security": null}, "EventData": {"param1": "VMware Alias Manager and Ticket Service", "param2": "running", "Binary": "56004700410075007400680053006500720076006900630065002F0034000000"}}},
{"TimeGenerated": "2025-06-08T14:34:07.379794Z", "EventID": {"#attributes": {"Qualifiers": 16384}, "#text": 7045}, "Computer": "WIN-P4PGN19G2KB", "RawEvent": {"#attributes": {"xmlns": "http://schemas.microsoft.com/win/2004/08/events/event"}, "System": {"Provider": {"#attributes": {"Name": "Service Control Manager", "Guid": "{555908d1-a6d7-4695-8e1e-26931d2012f4}", "EventSourceName": "Service Control Manager"}}, "EventID": {"#attributes": {"Qualifiers": 16384}, "#text": 7045}, "Version": 0, "Level": 4, "Task": 0, "Opcode": 0, "Keywords": "0x8080000000000000", "TimeCreated": {"#attributes": {"SystemTime": "2025-06-08T14:34:07.379794Z"}}, "EventRecordID": 353, "Correlation": null, "Execution": {"#attributes": {"ProcessID": 596, "ThreadID": 3828}}, "Channel": "System", "Computer": "WIN-P4PGN19G2KB", "Security": {"#attributes": {"UserID": "S-1-5-18"}}}, "EventData": {"ServiceName": "VMware USB Pointing Device", "ImagePath": "\\SystemRoot\\System32\\drivers\\vmusbmouse.sys", "ServiceType": "kernel mode driver", "StartType": "demand start", "AccountName": ""}}},
{"TimeGenerated": "2025-06-08T14:34:07.447022Z", "EventID": 20001, "Computer": "WIN-P4PGN19G2KB", "RawEvent": {"#attributes": {"xmlns": "http://schemas.microsoft.com/win/2004/08/events/event"}, "System": {"Provider": {"#attributes": {"Name": "Microsoft-Windows-UserPnp", "Guid": "96F4A050-7E31-453C-88BE-9634F4E02139"}}, "EventID": 20001, "Version": 0, "Level": 4, "Task": 7005, "Opcode": 0, "Keywords": "0x8000000000000000", "TimeCreated": {"#attributes": {"SystemTime": "2025-06-08T14:34:07.447022Z"}}, "EventRecordID": 354, "Correlation": null, "Execution": {"#attributes": {"ProcessID": 5168, "ThreadID": 1916}}, "Channel": "System", "Computer": "WIN-P4PGN19G2KB", "Security": {"#attributes": {"UserID": "S-1-5-18"}}}, "UserData": {"InstallDeviceID": {"#attributes": {"xmlns": "http://manifests.microsoft.com/win/2004/08/windows/userpnp"}, "DriverName": "vmusbmouse.inf_amd64_10216c6a1ee90ca6", "DriverVersion": "12.5.12.0", "DriverProvider": "VMware, Inc.", "DeviceInstanceID": "HID\\VID_0E0F&PID_0003&MI_00\\8&367BFB7C&0&0000", "SetupClass": "4D36E96F-E325-11CE-BFC1-08002BE10318", "RebootOption": false, "UpgradeDevice": true, "IsDriverOEM": true, "InstallStatus": "0x0", "DriverDescription": "VMware USB Pointing Device"}}}},
{"TimeGenerated": "2025-06-08T14:34:07.723807Z", "EventID": {"#attributes": {"Qualifiers": 16384}, "#text": 7045}, "Computer": "WIN-P4PGN19G2KB", "RawEvent": {"#attributes": {"xmlns": "http://schemas.microsoft.com/win/2004/08/events/event"}, "System": {"Provider": {"#attributes": {"Name": "Service Control Manager", "Guid": "{555908d1-a6d7-4695-8e1e-26931d2012f4}", "EventSourceName": "Service Control Manager"}}, "EventID": {"#attributes": {"Qualifiers": 16384}, "#text": 7045}, "Version": 0, "Level": 4, "Task": 0, "Opcode": 0, "Keywords": "0x8080000000000000", "TimeCreated": {"#attributes": {"SystemTime": "2025-06-08T14:34:07.723807Z"}}, "EventRecordID": 355, "Correlation": null, "Execution": {"#attributes": {"ProcessID": 596, "ThreadID": 3832}}, "Channel": "System", "Computer": "WIN-P4PGN19G2KB", "Security": {"#attributes": {"UserID": "S-1-5-18"}}}, "EventData": {"ServiceName": "VMware Pointing Device", "ImagePath": "\\SystemRoot\\System32\\drivers\\vmmouse.sys", "ServiceType": "kernel mode driver", "StartType": "demand start", "AccountName": ""}}},
{"TimeGenerated": "2025-06-08T14:34:07.781532Z", "EventID": 20001, "Computer": "WIN-P4PGN19G2KB", "RawEvent": {"#attributes": {"xmlns": "http://schemas.microsoft.com/win/2004/08/events/event"}, "System": {"Provider": {"#attributes": {"Name": "Microsoft-Windows-UserPnp", "Guid": "96F4A050-7E31-453C-88BE-9634F4E02139"}}, "EventID": 20001, "Version": 0, "Level": 4, "Task": 7005, "Opcode": 0, "Keywords": "0x8000000000000000", "TimeCreated": {"#attributes": {"SystemTime": "2025-06-08T14:34:07.781532Z"}}, "EventRecordID": 356, "Correlation": null, "Execution": {"#attributes": {"ProcessID": 5940, "ThreadID": 5268}}, "Channel": "System", "Computer": "WIN-P4PGN19G2KB", "Security": {"#attributes": {"UserID": "S-1-5-18"}}}, "UserData": {"InstallDeviceID": {"#attributes": {"xmlns": "http://manifests.microsoft.com/win/2004/08/windows/userpnp"}, "DriverName": "vmmouse.inf_amd64_4dc056a5c9628d49", "DriverVersion": "12.5.12.0", "DriverProvider": "VMware, Inc.", "DeviceInstanceID": "ACPI\\VMW0003\\4&1BD7F811&0", "SetupClass": "4D36E96F-E325-11CE-BFC1-08002BE10318", "RebootOption": false, "UpgradeDevice": true, "IsDriverOEM": true, "InstallStatus": "0x0", "DriverDescription": "VMware Pointing Device"}}}},
{"TimeGenerated": "2025-06-08T14:34:07.801566Z", "EventID": {"#attributes": {"Qualifiers": 16384}, "#text": 7045}, "Computer": "WIN-P4PGN19G2KB", "RawEvent": {"#attributes": {"xmlns": "http://schemas.microsoft.com/win/2004/08/events/event"}, "System": {"Provider": {"#attributes": {"Name": "Service Control Manager", "Guid": "{555908d1-a6d7-4695-8e1e-26931d2012f4}", "EventSourceName": "Service Control Manager"}}, "EventID": {"#attributes": {"Qualifiers": 16384}, "#text": 7045}, "Version": 0, "Level": 4, "Task": 0, "Opcode": 0, "Keywords": "0x8080000000000000", "TimeCreated": {"#attributes": {"SystemTime": "2025-06-08T14:34:07.801566Z"}}, "EventRecordID": 357, "Correlation": null, "Execution": {"#attributes": {"ProcessID": 596, "ThreadID": 3832}}, "Channel": "System", "Computer": "WIN-P4PGN19G2KB", "Security": {"#attributes": {"UserID": "S-1-5-18"}}}, "EventData": {"ServiceName": "Memory Control Driver", "ImagePath": "\\SystemRoot\\system32\\DRIVERS\\vmmemctl.sys", "ServiceType": "kernel mode driver", "StartType": "auto start", "AccountName": ""}}},
{"TimeGenerated": "2025-06-08T14:34:08.863923Z", "EventID": {"#attributes": {"Qualifiers": 16384}, "#text": 7045}, "Computer": "WIN-P4PGN19G2KB", "RawEvent": {"#attributes": {"xmlns": "http://schemas.microsoft.com/win/2004/08/events/event"}, "System": {"Provider": {"#attributes": {"Name": "Service Control Manager", "Guid": "{555908d1-a6d7-4695-8e1e-26931d2012f4}", "EventSourceName": "Service Control Manager"}}, "EventID": {"#attributes": {"Qualifiers": 16384}, "#text": 7045}, "Version": 0, "Level": 4, "Task": 0, "Opcode": 0, "Keywords": "0x8080000000000000", "TimeCreated": {"#attributes": {"SystemTime": "2025-06-08T14:34:08.863923Z"}}, "EventRecordID": 358, "Correlation": null, "Execution": {"#attributes": {"ProcessID": 596, "ThreadID": 3832}}, "Channel": "System", "Computer": "WIN-P4PGN19G2KB", "Security": {"#attributes": {"UserID": "S-1-5-18"}}}, "EventData": {"ServiceName": "VMware Host Guest Client Redirector", "ImagePath": "system32\\DRIVERS\\vmhgfs.sys", "ServiceType": "kernel mode driver", "StartType": "demand start", "AccountName": ""}}},
{"TimeGenerated": "2025-06-08T14:34:08.926375Z", "EventID": {"#attributes": {"Qualifiers": 16384}, "#text": 7045}, "Computer": "WIN-P4PGN19G2KB", "RawEvent": {"#attributes": {"xmlns": "http://schemas.microsoft.com/win/2004/08/events/event"}, "System": {"Provider": {"#attributes": {"Name": "Service Control Manager", "Guid": "{555908d1-a6d7-4695-8e1e-26931d2012f4}", "EventSourceName": "Service Control Manager"}}, "EventID": {"#attributes": {"Qualifiers": 16384}, "#text": 7045}, "Version": 0, "Level": 4, "Task": 0, "Opcode": 0, "Keywords": "0x8080000000000000", "TimeCreated": {"#attributes": {"SystemTime": "2025-06-08T14:34:08.926375Z"}}, "EventRecordID": 359, "Correlation": null, "Execution": {"#attributes": {"ProcessID": 596, "ThreadID": 3832}}, "Channel": "System", "Computer": "WIN-P4PGN19G2KB", "Security": {"#attributes": {"UserID": "S-1-5-18"}}}, "EventData": {"ServiceName": "VMware Physical Disk Helper", "ImagePath": "\\SystemRoot\\system32\\DRIVERS\\vmrawdsk.sys", "ServiceType": "kernel mode driver", "StartType": "system start", "AccountName": ""}}},
{"TimeGenerated": "2025-06-08T14:34:10.443232Z", "EventID": {"#attributes": {"Qualifiers": 16384}, "#text": 7036}, "Computer": "WIN-P4PGN19G2KB", "RawEvent": {"#attributes": {"xmlns": "http://schemas.microsoft.com/win/2004/08/events/event"}, "System": {"Provider": {"#attributes": {"Name": "Service Control Manager", "Guid": "{555908d1-a6d7-4695-8e1e-26931d2012f4}", "EventSourceName": "Service Control Manager"}}, "EventID": {"#attributes": {"Qualifiers": 16384}, "#text": 7036}, "Version": 0, "Level": 4, "Task": 0, "Opcode": 0, "Keywords": "0x8080000000000000", "TimeCreated": {"#attributes": {"SystemTime": "2025-06-08T14:34:10.443232Z"}}, "EventRecordID": 360, "Correlation": null, "Execution": {"#attributes": {"ProcessID": 596, "ThreadID": 3832}}, "Channel": "System", "Computer": "WIN-P4PGN19G2KB", "Security": null}, "EventData": {"param1": "Downloaded Maps Manager", "param2": "stopped", "Binary": "4D00610070007300420072006F006B00650072002F0031000000"}}},
{"TimeGenerated": "2025-06-08T14:34:11.051158Z", "EventID": {"#attributes": {"Qualifiers": 16384}, "#text": 7045}, "Computer": "WIN-P4PGN19G2KB", "RawEvent": {"#attributes": {"xmlns": "http://schemas.microsoft.com/win/2004/08/events/event"}, "System": {"Provider": {"#attributes": {"Name": "Service Control Manager", "Guid": "{555908d1-a6d7-4695-8e1e-26931d2012f4}", "EventSourceName": "Service Control Manager"}}, "EventID": {"#attributes": {"Qualifiers": 16384}, "#text": 7045}, "Version": 0, "Level": 4, "Task": 0, "Opcode": 0, "Keywords": "0x8080000000000000", "TimeCreated": {"#attributes": {"SystemTime": "2025-06-08T14:34:11.051158Z"}}, "EventRecordID": 361, "Correlation": null, "Execution": {"#attributes": {"ProcessID": 596, "ThreadID": 3788}}, "Channel": "System", "Computer": "WIN-P4PGN19G2KB", "Security": {"#attributes": {"UserID": "S-1-5-18"}}}, "EventData": {"ServiceName": "vm3dmp", "ImagePath": "\\SystemRoot\\system32\\DRIVERS\\vm3dmp.sys", "ServiceType": "kernel mode driver", "StartType": "demand start", "AccountName": ""}}},
{"TimeGenerated": "2025-06-08T14:34:11.061841Z", "EventID": 20003, "Computer": "WIN-P4PGN19G2KB", "RawEvent": {"#attributes": {"xmlns": "http://schemas.microsoft.com/win/2004/08/events/event"}, "System": {"Provider": {"#attributes": {"Name": "Microsoft-Windows-UserPnp", "Guid": "96F4A050-7E31-453C-88BE-9634F4E02139"}}, "EventID": 20003, "Version": 0, "Level": 4, "Task": 7005, "Opcode": 0, "Keywords": "0x8000000000000000", "TimeCreated": {"#attributes": {"SystemTime": "2025-06-08T14:34:11.061841Z"}}, "EventRecordID": 362, "Correlation": null, "Execution": {"#attributes": {"ProcessID": 4932, "ThreadID": 340}}, "Channel": "System", "Computer": "WIN-P4PGN19G2KB", "Security": {"#attributes": {"UserID": "S-1-5-18"}}}, "UserData": {"AddServiceID": {"#attributes": {"xmlns": "http://manifests.microsoft.com/win/2004/08/windows/userpnp"}, "ServiceName": "vm3dmp", "DriverFileName": "\\SystemRoot\\system32\\DRIVERS\\vm3dmp.sys", "DeviceInstanceID": "PCI\\VEN_15AD&DEV_0405&SUBSYS_040515AD&REV_00\\3&61AAA01&0&78", "PrimaryService": false, "UpdateService": false, "AddServiceStatus": 0}}}},
{"TimeGenerated": "2025-06-08T14:34:11.051158Z", "EventID": {"#attributes": {"Qualifiers": 16384}, "#text": 7045}, "Computer": "WIN-P4PGN19G2KB", "RawEvent": {"#attributes": {"xmlns": "http://schemas.microsoft.com/win/2004/08/events/event"}, "System": {"Provider": {"#attributes": {"Name": "Service Control Manager", "Guid": "{555908d1-a6d7-4695-8e1e-26931d2012f4}", "EventSourceName": "Service Control Manager"}}, "EventID": {"#attributes": {"Qualifiers": 16384}, "#text": 7045}, "Version": 0, "Level": 4, "Task": 0, "Opcode": 0, "Keywords": "0x8080000000000000", "TimeCreated": {"#attributes": {"SystemTime": "2025-06-08T14:34:11.051158Z"}}, "EventRecordID": 363, "Correlation": null, "Execution": {"#attributes": {"ProcessID": 596, "ThreadID": 3788}}, "Channel": "System", "Computer": "WIN-P4PGN19G2KB", "Security": {"#attributes": {"UserID": "S-1-5-18"}}}, "EventData": {"ServiceName": "vm3dmp-debug", "ImagePath": "\\SystemRoot\\system32\\DRIVERS\\vm3dmp-debug.sys", "ServiceType": "kernel mode driver", "StartType": "demand start", "AccountName": ""}}},
{"TimeGenerated": "2025-06-08T14:34:11.064444Z", "EventID": 20003, "Computer": "WIN-P4PGN19G2KB", "RawEvent": {"#attributes": {"xmlns": "http://schemas.microsoft.com/win/2004/08/events/event"}, "System": {"Provider": {"#attributes": {"Name": "Microsoft-Windows-UserPnp", "Guid": "96F4A050-7E31-453C-88BE-9634F4E02139"}}, "EventID": 20003, "Version": 0, "Level": 4, "Task": 7005, "Opcode": 0, "Keywords": "0x8000000000000000", "TimeCreated": {"#attributes": {"SystemTime": "2025-06-08T14:34:11.064444Z"}}, "EventRecordID": 364, "Correlation": null, "Execution": {"#attributes": {"ProcessID": 4932, "ThreadID": 340}}, "Channel": "System", "Computer": "WIN-P4PGN19G2KB", "Security": {"#attributes": {"UserID": "S-1-5-18"}}}, "UserData": {"AddServiceID": {"#attributes": {"xmlns": "http://manifests.microsoft.com/win/2004/08/windows/userpnp"}, "ServiceName": "vm3dmp-debug", "DriverFileName": "\\SystemRoot\\system32\\DRIVERS\\vm3dmp-debug.sys", "DeviceInstanceID": "PCI\\VEN_15AD&DEV_0405&SUBSYS_040515AD&REV_00\\3&61AAA01&0&78", "PrimaryService": false, "UpdateService": false, "AddServiceStatus": 0}}}},
{"TimeGenerated": "2025-06-08T14:34:11.051158Z", "EventID": {"#attributes": {"Qualifiers": 16384}, "#text": 7045}, "Computer": "WIN-P4PGN19G2KB", "RawEvent": {"#attributes": {"xmlns": "http://schemas.microsoft.com/win/2004/08/events/event"}, "System": {"Provider": {"#attributes": {"Name": "Service Control Manager", "Guid": "{555908d1-a6d7-4695-8e1e-26931d2012f4}", "EventSourceName": "Service Control Manager"}}, "EventID": {"#attributes": {"Qualifiers": 16384}, "#text": 7045}, "Version": 0, "Level": 4, "Task": 0, "Opcode": 0, "Keywords": "0x8080000000000000", "TimeCreated": {"#attributes": {"SystemTime": "2025-06-08T14:34:11.051158Z"}}, "EventRecordID": 365, "Correlation": null, "Execution": {"#attributes": {"ProcessID": 596, "ThreadID": 3788}}, "Channel": "System", "Computer": "WIN-P4PGN19G2KB", "Security": {"#attributes": {"UserID": "S-1-5-18"}}}, "EventData": {"ServiceName": "vm3dmp-stats", "ImagePath": "\\SystemRoot\\system32\\DRIVERS\\vm3dmp-stats.sys", "ServiceType": "kernel mode driver", "StartType": "demand start", "AccountName": ""}}},
{"TimeGenerated": "2025-06-08T14:34:11.066887Z", "EventID": 20003, "Computer": "WIN-P4PGN19G2KB", "RawEvent": {"#attributes": {"xmlns": "http://schemas.microsoft.com/win/2004/08/events/event"}, "System": {"Provider": {"#attributes": {"Name": "Microsoft-Windows-UserPnp", "Guid": "96F4A050-7E31-453C-88BE-9634F4E02139"}}, "EventID": 20003, "Version": 0, "Level": 4, "Task": 7005, "Opcode": 0, "Keywords": "0x8000000000000000", "TimeCreated": {"#attributes": {"SystemTime": "2025-06-08T14:34:11.066887Z"}}, "EventRecordID": 366, "Correlation": null, "Execution": {"#attributes": {"ProcessID": 4932, "ThreadID": 340}}, "Channel": "System", "Computer": "WIN-P4PGN19G2KB", "Security": {"#attributes": {"UserID": "S-1-5-18"}}}, "UserData": {"AddServiceID": {"#attributes": {"xmlns": "http://manifests.microsoft.com/win/2004/08/windows/userpnp"}, "ServiceName": "vm3dmp-stats", "DriverFileName": "\\SystemRoot\\system32\\DRIVERS\\vm3dmp-stats.sys", "DeviceInstanceID": "PCI\\VEN_15AD&DEV_0405&SUBSYS_040515AD&REV_00\\3&61AAA01&0&78", "PrimaryService": false, "UpdateService": false, "AddServiceStatus": 0}}}},
