{"TimeGenerated": "2025-06-08T14:40:29.408089Z", "EventID": 16401, "Computer": "DC01.pirate.htb", "RawEvent": {"#attributes": {"xmlns": "http://schemas.microsoft.com/win/2004/08/events/event"}, "System": {"Provider": {"#attributes": {"Name": "Microsoft-Windows-Directory-Services-SAM", "Guid": "0D4FDC09-8C27-494A-BDA0-505E4FD8ADAE"}}, "EventID": 16401, "Version": 0, "Level": 4, "Task": 0, "Opcode": 0, "Keywords": "0x8000000000000000", "TimeCreated": {"#attributes": {"SystemTime": "2025-06-08T14:40:29.408089Z"}}, "EventRecordID": 695, "Correlation": null, "Execution": {"#attributes": {"ProcessID": 632, "ThreadID": 636}}, "Channel": "System", "Computer": "DC01.pirate.htb", "Security": {"#attributes": {"UserID": "S-1-5-18"}}}, "EventData": {"#attributes": {"Name": "SAMMSG_MEMBERSHIP_SETUP_ERROR_NO_GROUP"}, "AccountName": "INTERNET USER", "GroupName": "IIS_IUSRS", "ErrorMessage": "The specified local group does not exist.\r\n", "Binary": "60050000"}}},
{"TimeGenerated": "2025-06-08T14:40:29.408191Z", "EventID": 16403, "Computer": "DC01.pirate.htb", "RawEvent": {"#attributes": {"xmlns": "http://schemas.microsoft.com/win/2004/08/events/event"}, "System": {"Provider": {"#attributes": {"Name": "Microsoft-Windows-Directory-Services-SAM", "Guid": "0D4FDC09-8C27-494A-BDA0-505E4FD8ADAE"}}, "EventID": 16403, "Version": 0, "Level": 4, "Task": 0, "Opcode": 0, "Keywords": "0x8000000000000000", "TimeCreated": {"#attributes": {"SystemTime": "2025-06-08T14:40:29.408191Z"}}, "EventRecordID": 696, "Correlation": null, "Execution": {"#attributes": {"ProcessID": 632, "ThreadID": 636}}, "Channel": "System", "Computer": "DC01.pirate.htb", "Security": {"#attributes": {"UserID": "S-1-5-18"}}}, "EventData": {"#attributes": {"Name": "SAMMSG_USER_SETUP_ERROR"}, "AccountName": "Event Log Readers", "ErrorMessage": "The specified local group already exists.\r\n", "Binary": "63050000"}}},
{"TimeGenerated": "2025-06-08T14:40:29.408292Z", "EventID": 16403, "Computer": "DC01.pirate.htb", "RawEvent": {"#attributes": {"xmlns": "http://schemas.microsoft.com/win/2004/08/events/event"}, "System": {"Provider": {"#attributes": {"Name": "Microsoft-Windows-Directory-Services-SAM", "Guid": "0D4FDC09-8C27-494A-BDA0-505E4FD8ADAE"}}, "EventID": 16403, "Version": 0, "Level": 4, "Task": 0, "Opcode": 0, "Keywords": "0x8000000000000000", "TimeCreated": {"#attributes": {"SystemTime": "2025-06-08T14:40:29.408292Z"}}, "EventRecordID": 697, "Correlation": null, "Execution": {"#attributes": {"ProcessID": 632, "ThreadID": 636}}, "Channel": "System", "Computer": "DC01.pirate.htb", "Security": {"#attributes": {"UserID": "S-1-5-18"}}}, "EventData": {"#attributes": {"Name": "SAMMSG_USER_SETUP_ERROR"}, "AccountName": "Certificate Service DCOM Access", "ErrorMessage": "The specified local group already exists.\r\n", "Binary": "63050000"}}},
{"TimeGenerated": "2025-06-08T14:40:29.408461Z", "EventID": 16403, "Computer": "DC01.pirate.htb", "RawEvent": {"#attributes": {"xmlns": "http://schemas.microsoft.com/win/2004/08/events/event"}, "System": {"Provider": {"#attributes": {"Name": "Microsoft-Windows-Directory-Services-SAM", "Guid": "0D4FDC09-8C27-494A-BDA0-505E4FD8ADAE"}}, "EventID": 16403, "Version": 0, "Level": 4, "Task": 0, "Opcode": 0, "Keywords": "0x8000000000000000", "TimeCreated": {"#attributes": {"SystemTime": "2025-06-08T14:40:29.408461Z"}}, "EventRecordID": 698, "Correlation": null, "Execution": {"#attributes": {"ProcessID": 632, "ThreadID": 636}}, "Channel": "System", "Computer": "DC01.pirate.htb", "Security": {"#attributes": {"UserID": "S-1-5-18"}}}, "EventData": {"#attributes": {"Name": "SAMMSG_USER_SETUP_ERROR"}, "AccountName": "RDS Remote Access Servers", "ErrorMessage": "The specified local group already exists.\r\n", "Binary": "63050000"}}},
{"TimeGenerated": "2025-06-08T14:40:29.408535Z", "EventID": 16403, "Computer": "DC01.pirate.htb", "RawEvent": {"#attributes": {"xmlns": "http://schemas.microsoft.com/win/2004/08/events/event"}, "System": {"Provider": {"#attributes": {"Name": "Microsoft-Windows-Directory-Services-SAM", "Guid": "0D4FDC09-8C27-494A-BDA0-505E4FD8ADAE"}}, "EventID": 16403, "Version": 0, "Level": 4, "Task": 0, "Opcode": 0, "Keywords": "0x8000000000000000", "TimeCreated": {"#attributes": {"SystemTime": "2025-06-08T14:40:29.408535Z"}}, "EventRecordID": 699, "Correlation": null, "Execution": {"#attributes": {"ProcessID": 632, "ThreadID": 636}}, "Channel": "System", "Computer": "DC01.pirate.htb", "Security": {"#attributes": {"UserID": "S-1-5-18"}}}, "EventData": {"#attributes": {"Name": "SAMMSG_USER_SETUP_ERROR"}, "AccountName": "RDS Endpoint Servers", "ErrorMessage": "The specified local group already exists.\r\n", "Binary": "63050000"}}},
{"TimeGenerated": "2025-06-08T14:40:29.408734Z", "EventID": 16403, "Computer": "DC01.pirate.htb", "RawEvent": {"#attributes": {"xmlns": "http://schemas.microsoft.com/win/2004/08/events/event"}, "System": {"Provider": {"#attributes": {"Name": "Microsoft-Windows-Directory-Services-SAM", "Guid": "0D4FDC09-8C27-494A-BDA0-505E4FD8ADAE"}}, "EventID": 16403, "Version": 0, "Level": 4, "Task": 0, "Opcode": 0, "Keywords": "0x8000000000000000", "TimeCreated": {"#attributes": {"SystemTime": "2025-06-08T14:40:29.408734Z"}}, "EventRecordID": 700, "Correlation": null, "Execution": {"#attributes": {"ProcessID": 632, "ThreadID": 636}}, "Channel": "System", "Computer": "DC01.pirate.htb", "Security": {"#attributes": {"UserID": "S-1-5-18"}}}, "EventData": {"#attributes": {"Name": "SAMMSG_USER_SETUP_ERROR"}, "AccountName": "RDS Management Servers", "ErrorMessage": "The specified local group already exists.\r\n", "Binary": "63050000"}}},
{"TimeGenerated": "2025-06-08T14:40:29.408825Z", "EventID": 16403, "Computer": "DC01.pirate.htb", "RawEvent": {"#attributes": {"xmlns": "http://schemas.microsoft.com/win/2004/08/events/event"}, "System": {"Provider": {"#attributes": {"Name": "Microsoft-Windows-Directory-Services-SAM", "Guid": "0D4FDC09-8C27-494A-BDA0-505E4FD8ADAE"}}, "EventID": 16403, "Version": 0, "Level": 4, "Task": 0, "Opcode": 0, "Keywords": "0x8000000000000000", "TimeCreated": {"#attributes": {"SystemTime": "2025-06-08T14:40:29.408825Z"}}, "EventRecordID": 701, "Correlation": null, "Execution": {"#attributes": {"ProcessID": 632, "ThreadID": 636}}, "Channel": "System", "Computer": "DC01.pirate.htb", "Security": {"#attributes": {"UserID": "S-1-5-18"}}}, "EventData": {"#attributes": {"Name": "SAMMSG_USER_SETUP_ERROR"}, "AccountName": "Hyper-V Administrators", "ErrorMessage": "The specified local group already exists.\r\n", "Binary": "63050000"}}},
{"TimeGenerated": "2025-06-08T14:40:29.408920Z", "EventID": 16403, "Computer": "DC01.pirate.htb", "RawEvent": {"#attributes": {"xmlns": "http://schemas.microsoft.com/win/2004/08/events/event"}, "System": {"Provider": {"#attributes": {"Name": "Microsoft-Windows-Directory-Services-SAM", "Guid": "0D4FDC09-8C27-494A-BDA0-505E4FD8ADAE"}}, "EventID": 16403, "Version": 0, "Level": 4, "Task": 0, "Opcode": 0, "Keywords": "0x8000000000000000", "TimeCreated": {"#attributes": {"SystemTime": "2025-06-08T14:40:29.408920Z"}}, "EventRecordID": 702, "Correlation": null, "Execution": {"#attributes": {"ProcessID": 632, "ThreadID": 636}}, "Channel": "System", "Computer": "DC01.pirate.htb", "Security": {"#attributes": {"UserID": "S-1-5-18"}}}, "EventData": {"#attributes": {"Name": "SAMMSG_USER_SETUP_ERROR"}, "AccountName": "Access Control Assistance Operators", "ErrorMessage": "The specified local group already exists.\r\n", "Binary": "63050000"}}},
{"TimeGenerated": "2025-06-08T14:40:29.408993Z", "EventID": 16403, "Computer": "DC01.pirate.htb", "RawEvent": {"#attributes": {"xmlns": "http://schemas.microsoft.com/win/2004/08/events/event"}, "System": {"Provider": {"#attributes": {"Name": "Microsoft-Windows-Directory-Services-SAM", "Guid": "0D4FDC09-8C27-494A-BDA0-505E4FD8ADAE"}}, "EventID": 16403, "Version": 0, "Level": 4, "Task": 0, "Opcode": 0, "Keywords": "0x8000000000000000", "TimeCreated": {"#attributes": {"SystemTime": "2025-06-08T14:40:29.408993Z"}}, "EventRecordID": 703, "Correlation": null, "Execution": {"#attributes": {"ProcessID": 632, "ThreadID": 636}}, "Channel": "System", "Computer": "DC01.pirate.htb", "Security": {"#attributes": {"UserID": "S-1-5-18"}}}, "EventData": {"#attributes": {"Name": "SAMMSG_USER_SETUP_ERROR"}, "AccountName": "Remote Management Users", "ErrorMessage": "The specified local group already exists.\r\n", "Binary": "63050000"}}},
{"TimeGenerated": "2025-06-08T14:40:29.409081Z", "EventID": 16403, "Computer": "DC01.pirate.htb", "RawEvent": {"#attributes": {"xmlns": "http://schemas.microsoft.com/win/2004/08/events/event"}, "System": {"Provider": {"#attributes": {"Name": "Microsoft-Windows-Directory-Services-SAM", "Guid": "0D4FDC09-8C27-494A-BDA0-505E4FD8ADAE"}}, "EventID": 16403, "Version": 0, "Level": 4, "Task": 0, "Opcode": 0, "Keywords": "0x8000000000000000", "TimeCreated": {"#attributes": {"SystemTime": "2025-06-08T14:40:29.409081Z"}}, "EventRecordID": 704, "Correlation": null, "Execution": {"#attributes": {"ProcessID": 632, "ThreadID": 636}}, "Channel": "System", "Computer": "DC01.pirate.htb", "Security": {"#attributes": {"UserID": "S-1-5-18"}}}, "EventData": {"#attributes": {"Name": "SAMMSG_USER_SETUP_ERROR"}, "AccountName": "Storage Replica Administrators", "ErrorMessage": "The specified local group already exists.\r\n", "Binary": "63050000"}}},
{"TimeGenerated": "2025-06-08T14:40:29.409583Z", "EventID": 16403, "Computer": "DC01.pirate.htb", "RawEvent": {"#attributes": {"xmlns": "http://schemas.microsoft.com/win/2004/08/events/event"}, "System": {"Provider": {"#attributes": {"Name": "Microsoft-Windows-Directory-Services-SAM", "Guid": "0D4FDC09-8C27-494A-BDA0-505E4FD8ADAE"}}, "EventID": 16403, "Version": 0, "Level": 4, "Task": 0, "Opcode": 0, "Keywords": "0x8000000000000000", "TimeCreated": {"#attributes": {"SystemTime": "2025-06-08T14:40:29.409583Z"}}, "EventRecordID": 705, "Correlation": null, "Execution": {"#attributes": {"ProcessID": 632, "ThreadID": 636}}, "Channel": "System", "Computer": "DC01.pirate.htb", "Security": {"#attributes": {"UserID": "S-1-5-18"}}}, "EventData": {"#attributes": {"Name": "SAMMSG_USER_SETUP_ERROR"}, "AccountName": "WDAGUtilityAccount", "ErrorMessage": "The specified network password is not correct.\r\n", "Binary": "56000000"}}},
{"TimeGenerated": "2025-06-08T14:40:29.416324Z", "EventID": 16413, "Computer": "DC01.pirate.htb", "RawEvent": {"#attributes": {"xmlns": "http://schemas.microsoft.com/win/2004/08/events/event"}, "System": {"Provider": {"#attributes": {"Name": "Microsoft-Windows-Directory-Services-SAM", "Guid": "0D4FDC09-8C27-494A-BDA0-505E4FD8ADAE"}}, "EventID": 16413, "Version": 0, "Level": 4, "Task": 0, "Opcode": 0, "Keywords": "0x8000000000000000", "TimeCreated": {"#attributes": {"SystemTime": "2025-06-08T14:40:29.416324Z"}}, "EventRecordID": 706, "Correlation": null, "Execution": {"#attributes": {"ProcessID": 632, "ThreadID": 636}}, "Channel": "System", "Computer": "DC01.pirate.htb", "Security": {"#attributes": {"UserID": "S-1-5-18"}}}, "EventData": {"#attributes": {"Name": "SAMMSG_MEMBERSHIP_REMOVAL_SETUP_ERROR"}, "AccountName": "Network Service", "GroupName": "Performance Log Users", "ErrorString": "The system cannot find the file specified.\r\n", "Binary": "02000000"}}},
{"TimeGenerated": "2025-06-08T14:40:29.474149Z", "EventID": {"#attributes": {"Qualifiers": 16384}, "#text": 7036}, "Computer": "DC01.pirate.htb", "RawEvent": {"#attributes": {"xmlns": "http://schemas.microsoft.com/win/2004/08/events/event"}, "System": {"Provider": {"#attributes": {"Name": "Service Control Manager", "Guid": "{555908d1-a6d7-4695-8e1e-26931d2012f4}", "EventSourceName": "Service Control Manager"}}, "EventID": {"#attributes": {"Qualifiers": 16384}, "#text": 7036}, "Version": 0, "Level": 4, "Task": 0, "Opcode": 0, "Keywords": "0x8080000000000000", "TimeCreated": {"#attributes": {"SystemTime": "2025-06-08T14:40:29.474149Z"}}, "EventRecordID": 707, "Correlation": null, "Execution": {"#attributes": {"ProcessID": 624, "ThreadID": 716}}, "Channel": "System", "Computer": "DC01.pirate.htb", "Security": null}, "EventData": {"param1": "PlugPlay", "param2": "running", "Binary": "50006C007500670050006C00610079002F0034000000"}}},
{"TimeGenerated": "2025-06-08T14:40:29.505663Z", "EventID": {"#attributes": {"Qualifiers": 16384}, "#text": 7036}, "Computer": "DC01.pirate.htb", "RawEvent": {"#attributes": {"xmlns": "http://schemas.microsoft.com/win/2004/08/events/event"}, "System": {"Provider": {"#attributes": {"Name": "Service Control Manager", "Guid": "{555908d1-a6d7-4695-8e1e-26931d2012f4}", "EventSourceName": "Service Control Manager"}}, "EventID": {"#attributes": {"Qualifiers": 16384}, "#text": 7036}, "Version": 0, "Level": 4, "Task": 0, "Opcode": 0, "Keywords": "0x8080000000000000", "TimeCreated": {"#attributes": {"SystemTime": "2025-06-08T14:40:29.505663Z"}}, "EventRecordID": 708, "Correlation": null, "Execution": {"#attributes": {"ProcessID": 624, "ThreadID": 716}}, "Channel": "System", "Computer": "DC01.pirate.htb", "Security": null}, "EventData": {"param1": "Power", "param2": "running", "Binary": "50006F007700650072002F0034000000"}}},
{"TimeGenerated": "2025-06-08T14:40:29.505663Z", "EventID": {"#attributes": {"Qualifiers": 16384}, "#text": 7036}, "Computer": "DC01.pirate.htb", "RawEvent": {"#attributes": {"xmlns": "http://schemas.microsoft.com/win/2004/08/events/event"}, "System": {"Provider": {"#attributes": {"Name": "Service Control Manager", "Guid": "{555908d1-a6d7-4695-8e1e-26931d2012f4}", "EventSourceName": "Service Control Manager"}}, "EventID": {"#attributes": {"Qualifiers": 16384}, "#text": 7036}, "Version": 0, "Level": 4, "Task": 0, "Opcode": 0, "Keywords": "0x8080000000000000", "TimeCreated": {"#attributes": {"SystemTime": "2025-06-08T14:40:29.505663Z"}}, "EventRecordID": 709, "Correlation": null, "Execution": {"#attributes": {"ProcessID": 624, "ThreadID": 716}}, "Channel": "System", "Computer": "DC01.pirate.htb", "Security": null}, "EventData": {"param1": "DcomLaunch", "param2": "running", "Binary": "440063006F006D004C00610075006E00630068002F0034000000"}}},
{"TimeGenerated": "2025-06-08T14:40:29.522457Z", "EventID": {"#attributes": {"Qualifiers": 16384}, "#text": 7036}, "Computer": "DC01.pirate.htb", "RawEvent": {"#attributes": {"xmlns": "http://schemas.microsoft.com/win/2004/08/events/event"}, "System": {"Provider": {"#attributes": {"Name": "Service Control Manager", "Guid": "{555908d1-a6d7-4695-8e1e-26931d2012f4}", "EventSourceName": "Service Control Manager"}}, "EventID": {"#attributes": {"Qualifiers": 16384}, "#text": 7036}, "Version": 0, "Level": 4, "Task": 0, "Opcode": 0, "Keywords": "0x8080000000000000", "TimeCreated": {"#attributes": {"SystemTime": "2025-06-08T14:40:29.522457Z"}}, "EventRecordID": 710, "Correlation": null, "Execution": {"#attributes": {"ProcessID": 624, "ThreadID": 732}}, "Channel": "System", "Computer": "DC01.pirate.htb", "Security": null}, "EventData": {"param1": "RpcEptMapper", "param2": "running", "Binary": "5200700063004500700074004D00610070007000650072002F0034000000"}}},
{"TimeGenerated": "2025-06-08T14:40:29.536706Z", "EventID": {"#attributes": {"Qualifiers": 16384}, "#text": 7036}, "Computer": "DC01.pirate.htb", "RawEvent": {"#attributes": {"xmlns": "http://schemas.microsoft.com/win/2004/08/events/event"}, "System": {"Provider": {"#attributes": {"Name": "Service Control Manager", "Guid": "{555908d1-a6d7-4695-8e1e-26931d2012f4}", "EventSourceName": "Service Control Manager"}}, "EventID": {"#attributes": {"Qualifiers": 16384}, "#text": 7036}, "Version": 0, "Level": 4, "Task": 0, "Opcode": 0, "Keywords": "0x8080000000000000", "TimeCreated": {"#attributes": {"SystemTime": "2025-06-08T14:40:29.536706Z"}}, "EventRecordID": 711, "Correlation": null, "Execution": {"#attributes": {"ProcessID": 624, "ThreadID": 732}}, "Channel": "System", "Computer": "DC01.pirate.htb", "Security": null}, "EventData": {"param1": "RpcSs", "param2": "running", "Binary": "520070006300530073002F0034000000"}}},
{"TimeGenerated": "2025-06-08T14:40:29.552341Z", "EventID": {"#attributes": {"Qualifiers": 16384}, "#text": 7036}, "Computer": "DC01.pirate.htb", "RawEvent": {"#attributes": {"xmlns": "http://schemas.microsoft.com/win/2004/08/events/event"}, "System": {"Provider": {"#attributes": {"Name": "Service Control Manager", "Guid": "{555908d1-a6d7-4695-8e1e-26931d2012f4}", "EventSourceName": "Service Control Manager"}}, "EventID": {"#attributes": {"Qualifiers": 16384}, "#text": 7036}, "Version": 0, "Level": 4, "Task": 0, "Opcode": 0, "Keywords": "0x8080000000000000", "TimeCreated": {"#attributes": {"SystemTime": "2025-06-08T14:40:29.552341Z"}}, "EventRecordID": 712, "Correlation": null, "Execution": {"#attributes": {"ProcessID": 624, "ThreadID": 716}}, "Channel": "System", "Computer": "DC01.pirate.htb", "Security": null}, "EventData": {"param1": "LSM", "param2": "running", "Binary": "4C0053004D002F0034000000"}}},
{"TimeGenerated": "2025-06-08T14:40:29.567912Z", "EventID": {"#attributes": {"Qualifiers": 16384}, "#text": 7036}, "Computer": "DC01.pirate.htb", "RawEvent": {"#attributes": {"xmlns": "http://schemas.microsoft.com/win/2004/08/events/event"}, "System": {"Provider": {"#attributes": {"Name": "Service Control Manager", "Guid": "{555908d1-a6d7-4695-8e1e-26931d2012f4}", "EventSourceName": "Service Control Manager"}}, "EventID": {"#attributes": {"Qualifiers": 16384}, "#text": 7036}, "Version": 0, "Level": 4, "Task": 0, "Opcode": 0, "Keywords": "0x8080000000000000", "TimeCreated": {"#attributes": {"SystemTime": "2025-06-08T14:40:29.567912Z"}}, "EventRecordID": 713, "Correlation": null, "Execution": {"#attributes": {"ProcessID": 624, "ThreadID": 732}}, "Channel": "System", "Computer": "DC01.pirate.htb", "Security": null}, "EventData": {"param1": "BrokerInfrastructure", "param2": "running", "Binary": "420072006F006B006500720049006E006600720061007300740072007500630074007500720065002F0034000000"}}},
{"TimeGenerated": "2025-06-08T14:40:29.584001Z", "EventID": {"#attributes": {"Qualifiers": 16384}, "#text": 7036}, "Computer": "DC01.pirate.htb", "RawEvent": {"#attributes": {"xmlns": "http://schemas.microsoft.com/win/2004/08/events/event"}, "System": {"Provider": {"#attributes": {"Name": "Service Control Manager", "Guid": "{555908d1-a6d7-4695-8e1e-26931d2012f4}", "EventSourceName": "Service Control Manager"}}, "EventID": {"#attributes": {"Qualifiers": 16384}, "#text": 7036}, "Version": 0, "Level": 4, "Task": 0, "Opcode": 0, "Keywords": "0x8080000000000000", "TimeCreated": {"#attributes": {"SystemTime": "2025-06-08T14:40:29.584001Z"}}, "EventRecordID": 714, "Correlation": null, "Execution": {"#attributes": {"ProcessID": 624, "ThreadID": 732}}, "Channel": "System", "Computer": "DC01.pirate.htb", "Security": null}, "EventData": {"param1": "SystemEventsBroker", "param2": "running", "Binary": "530079007300740065006D004500760065006E0074007300420072006F006B00650072002F0034000000"}}},
{"TimeGenerated": "2025-06-08T14:40:29.632365Z", "EventID": {"#attributes": {"Qualifiers": 16384}, "#text": 7036}, "Computer": "DC01.pirate.htb", "RawEvent": {"#attributes": {"xmlns": "http://schemas.microsoft.com/win/2004/08/events/event"}, "System": {"Provider": {"#attributes": {"Name": "Service Control Manager", "Guid": "{555908d1-a6d7-4695-8e1e-26931d2012f4}", "EventSourceName": "Service Control Manager"}}, "EventID": {"#attributes": {"Qualifiers": 16384}, "#text": 7036}, "Version": 0, "Level": 4, "Task": 0, "Opcode": 0, "Keywords": "0x8080000000000000", "TimeCreated": {"#attributes": {"SystemTime": "2025-06-08T14:40:29.632365Z"}}, "EventRecordID": 715, "Correlation": null, "Execution": {"#attributes": {"ProcessID": 624, "ThreadID": 860}}, "Channel": "System", "Computer": "DC01.pirate.htb", "Security": null}, "EventData": {"param1": "nsi", "param2": "running", "Binary": "6E00730069002F0034000000"}}},
{"TimeGenerated": "2025-06-08T14:40:29.646425Z", "EventID": 50036, "Computer": "DC01.pirate.htb", "RawEvent": {"#attributes": {"xmlns": "http://schemas.microsoft.com/win/2004/08/events/event"}, "System": {"Provider": {"#attributes": {"Name": "Microsoft-Windows-Dhcp-Client", "Guid": "15A7A4F8-0072-4EAB-ABAD-F98A4D666AED"}}, "EventID": 50036, "Version": 0, "Level": 4, "Task": 4, "Opcode": 68, "Keywords": "0x2000000000000000", "TimeCreated": {"#attributes": {"SystemTime": "2025-06-08T14:40:29.646425Z"}}, "EventRecordID": 716, "Correlation": null, "Execution": {"#attributes": {"ProcessID": 940, "ThreadID": 1048}}, "Channel": "System", "Computer": "DC01.pirate.htb", "Security": {"#attributes": {"UserID": "S-1-5-19"}}}, "EventData": null}},
{"TimeGenerated": "2025-06-08T14:40:29.646549Z", "EventID": 50103, "Computer": "DC01.pirate.htb", "RawEvent": {"#attributes": {"xmlns": "http://schemas.microsoft.com/win/2004/08/events/event"}, "System": {"Provider": {"#attributes": {"Name": "Microsoft-Windows-Dhcp-Client", "Guid": "15A7A4F8-0072-4EAB-ABAD-F98A4D666AED"}}, "EventID": 50103, "Version": 0, "Level": 4, "Task": 4, "Opcode": 129, "Keywords": "0x2000000000000000", "TimeCreated": {"#attributes": {"SystemTime": "2025-06-08T14:40:29.646549Z"}}, "EventRecordID": 717, "Correlation": null, "Execution": {"#attributes": {"ProcessID": 940, "ThreadID": 1048}}, "Channel": "System", "Computer": "DC01.pirate.htb", "Security": {"#attributes": {"UserID": "S-1-5-19"}}}, "EventData": null}},
{"TimeGenerated": "2025-06-08T14:40:29.654597Z", "EventID": 51046, "Computer": "DC01.pirate.htb", "RawEvent": {"#attributes": {"xmlns": "http://schemas.microsoft.com/win/2004/08/events/event"}, "System": {"Provider": {"#attributes": {"Name": "Microsoft-Windows-DHCPv6-Client", "Guid": "6A1F2B00-6A90-4C38-95A5-5CAB3B056778"}}, "EventID": 51046, "Version": 0, "Level": 4, "Task": 4, "Opcode": 62, "Keywords": "0x2000000000000000", "TimeCreated": {"#attributes": {"SystemTime": "2025-06-08T14:40:29.654597Z"}}, "EventRecordID": 718, "Correlation": null, "Execution": {"#attributes": {"ProcessID": 940, "ThreadID": 1108}}, "Channel": "System", "Computer": "DC01.pirate.htb", "Security": {"#attributes": {"UserID": "S-1-5-19"}}}, "EventData": null}},
{"TimeGenerated": "2025-06-08T14:40:29.646380Z", "EventID": {"#attributes": {"Qualifiers": 16384}, "#text": 7036}, "Computer": "DC01.pirate.htb", "RawEvent": {"#attributes": {"xmlns": "http://schemas.microsoft.com/win/2004/08/events/event"}, "System": {"Provider": {"#attributes": {"Name": "Service Control Manager", "Guid": "{555908d1-a6d7-4695-8e1e-26931d2012f4}", "EventSourceName": "Service Control Manager"}}, "EventID": {"#attributes": {"Qualifiers": 16384}, "#text": 7036}, "Version": 0, "Level": 4, "Task": 0, "Opcode": 0, "Keywords": "0x8080000000000000", "TimeCreated": {"#attributes": {"SystemTime": "2025-06-08T14:40:29.646380Z"}}, "EventRecordID": 719, "Correlation": null, "Execution": {"#attributes": {"ProcessID": 624, "ThreadID": 968}}, "Channel": "System", "Computer": "DC01.pirate.htb", "Security": null}, "EventData": {"param1": "Dhcp", "param2": "running", "Binary": "44006800630070002F0034000000"}}},
{"TimeGenerated": "2025-06-08T14:40:29.661733Z", "EventID": {"#attributes": {"Qualifiers": 16384}, "#text": 7036}, "Computer": "DC01.pirate.htb", "RawEvent": {"#attributes": {"xmlns": "http://schemas.microsoft.com/win/2004/08/events/event"}, "System": {"Provider": {"#attributes": {"Name": "Service Control Manager", "Guid": "{555908d1-a6d7-4695-8e1e-26931d2012f4}", "EventSourceName": "Service Control Manager"}}, "EventID": {"#attributes": {"Qualifiers": 16384}, "#text": 7036}, "Version": 0, "Level": 4, "Task": 0, "Opcode": 0, "Keywords": "0x8080000000000000", "TimeCreated": {"#attributes": {"SystemTime": "2025-06-08T14:40:29.661733Z"}}, "EventRecordID": 720, "Correlation": null, "Execution": {"#attributes": {"ProcessID": 624, "ThreadID": 732}}, "Channel": "System", "Computer": "DC01.pirate.htb", "Security": null}, "EventData": {"param1": "lmhosts", "param2": "running", "Binary": "6C006D0068006F007300740073002F0034000000"}}},
{"TimeGenerated": "2025-06-08T14:40:29.661733Z", "EventID": {"#attributes": {"Qualifiers": 16384}, "#text": 7036}, "Computer": "DC01.pirate.htb", "RawEvent": {"#attributes": {"xmlns": "http://schemas.microsoft.com/win/2004/08/events/event"}, "System": {"Provider": {"#attributes": {"Name": "Service Control Manager", "Guid": "{555908d1-a6d7-4695-8e1e-26931d2012f4}", "EventSourceName": "Service Control Manager"}}, "EventID": {"#attributes": {"Qualifiers": 16384}, "#text": 7036}, "Version": 0, "Level": 4, "Task": 0, "Opcode": 0, "Keywords": "0x8080000000000000", "TimeCreated": {"#attributes": {"SystemTime": "2025-06-08T14:40:29.661733Z"}}, "EventRecordID": 721, "Correlation": null, "Execution": {"#attributes": {"ProcessID": 624, "ThreadID": 680}}, "Channel": "System", "Computer": "DC01.pirate.htb", "Security": null}, "EventData": {"param1": "EventLog", "param2": "running", "Binary": "4500760065006E0074004C006F0067002F0034000000"}}},
{"TimeGenerated": "2025-06-08T14:40:29.677326Z", "EventID": {"#attributes": {"Qualifiers": 16384}, "#text": 7036}, "Computer": "DC01.pirate.htb", "RawEvent": {"#attributes": {"xmlns": "http://schemas.microsoft.com/win/2004/08/events/event"}, "System": {"Provider": {"#attributes": {"Name": "Service Control Manager", "Guid": "{555908d1-a6d7-4695-8e1e-26931d2012f4}", "EventSourceName": "Service Control Manager"}}, "EventID": {"#attributes": {"Qualifiers": 16384}, "#text": 7036}, "Version": 0, "Level": 4, "Task": 0, "Opcode": 0, "Keywords": "0x8080000000000000", "TimeCreated": {"#attributes": {"SystemTime": "2025-06-08T14:40:29.677326Z"}}, "EventRecordID": 722, "Correlation": null, "Execution": {"#attributes": {"ProcessID": 624, "ThreadID": 328}}, "Channel": "System", "Computer": "DC01.pirate.htb", "Security": null}, "EventData": {"param1": "TimeBrokerSvc", "param2": "running", "Binary": "540069006D006500420072006F006B00650072005300760063002F0034000000"}}},
{"TimeGenerated": "2025-06-08T14:40:29.677326Z", "EventID": {"#attributes": {"Qualifiers": 16384}, "#text": 7036}, "Computer": "DC01.pirate.htb", "RawEvent": {"#attributes": {"xmlns": "http://schemas.microsoft.com/win/2004/08/events/event"}, "System": {"Provider": {"#attributes": {"Name": "Service Control Manager", "Guid": "{555908d1-a6d7-4695-8e1e-26931d2012f4}", "EventSourceName": "Service Control Manager"}}, "EventID": {"#attributes": {"Qualifiers": 16384}, "#text": 7036}, "Version": 0, "Level": 4, "Task": 0, "Opcode": 0, "Keywords": "0x8080000000000000", "TimeCreated": {"#attributes": {"SystemTime": "2025-06-08T14:40:29.677326Z"}}, "EventRecordID": 723, "Correlation": null, "Execution": {"#attributes": {"ProcessID": 624, "ThreadID": 752}}, "Channel": "System", "Computer": "DC01.pirate.htb", "Security": null}, "EventData": {"param1": "Dnscache", "param2": "running", "Binary": "44006E007300630061006300680065002F0034000000"}}},
{"TimeGenerated": "2025-06-08T14:40:29.708554Z", "EventID": {"#attributes": {"Qualifiers": 16384}, "#text": 7036}, "Computer": "DC01.pirate.htb", "RawEvent": {"#attributes": {"xmlns": "http://schemas.microsoft.com/win/2004/08/events/event"}, "System": {"Provider": {"#attributes": {"Name": "Service Control Manager", "Guid": "{555908d1-a6d7-4695-8e1e-26931d2012f4}", "EventSourceName": "Service Control Manager"}}, "EventID": {"#attributes": {"Qualifiers": 16384}, "#text": 7036}, "Version": 0, "Level": 4, "Task": 0, "Opcode": 0, "Keywords": "0x8080000000000000", "TimeCreated": {"#attributes": {"SystemTime": "2025-06-08T14:40:29.708554Z"}}, "EventRecordID": 724, "Correlation": null, "Execution": {"#attributes": {"ProcessID": 624, "ThreadID": 328}}, "Channel": "System", "Computer": "DC01.pirate.htb", "Security": null}, "EventData": {"param1": "NlaSvc", "param2": "running", "Binary": "4E006C0061005300760063002F0034000000"}}},
{"TimeGenerated": "2025-06-08T14:40:29.708554Z", "EventID": {"#attributes": {"Qualifiers": 16384}, "#text": 7036}, "Computer": "DC01.pirate.htb", "RawEvent": {"#attributes": {"xmlns": "http://schemas.microsoft.com/win/2004/08/events/event"}, "System": {"Provider": {"#attributes": {"Name": "Service Control Manager", "Guid": "{555908d1-a6d7-4695-8e1e-26931d2012f4}", "EventSourceName": "Service Control Manager"}}, "EventID": {"#attributes": {"Qualifiers": 16384}, "#text": 7036}, "Version": 0, "Level": 4, "Task": 0, "Opcode": 0, "Keywords": "0x8080000000000000", "TimeCreated": {"#attributes": {"SystemTime": "2025-06-08T14:40:29.708554Z"}}, "EventRecordID": 725, "Correlation": null, "Execution": {"#attributes": {"ProcessID": 624, "ThreadID": 328}}, "Channel": "System", "Computer": "DC01.pirate.htb", "Security": null}, "EventData": {"param1": "gpsvc", "param2": "running", "Binary": "670070007300760063002F0034000000"}}},
{"TimeGenerated": "2025-06-08T14:40:29.737976Z", "EventID": 1014, "Computer": "DC01.pirate.htb", "RawEvent": {"#attributes": {"xmlns": "http://schemas.microsoft.com/win/2004/08/events/event"}, "System": {"Provider": {"#attributes": {"Name": "Microsoft-Windows-DNS-Client", "Guid": "1C95126E-7EEA-49A9-A3FE-A378B03DDB4D"}}, "EventID": 1014, "Version": 0, "Level": 3, "Task": 1014, "Opcode": 0, "Keywords": "0x4000000010000000", "TimeCreated": {"#attributes": {"SystemTime": "2025-06-08T14:40:29.737976Z"}}, "EventRecordID": 726, "Correlation": null, "Execution": {"#attributes": {"ProcessID": 1056, "ThreadID": 1152}}, "Channel": "System", "Computer": "DC01.pirate.htb", "Security": {"#attributes": {"UserID": "S-1-5-20"}}}, "EventData": {"QueryName": "_ldap._tcp.dc._msdcs.pirate.htb.", "AddressLength": 128, "Address": "1700000000000000000000000000000000000000000000010000000000000000000000000000000000000000000000000000000000000000000000000000000000000000000000000000000000000000000000000000000000000000000000000000000000000000000000000000000000000000000000000000000000000000"}}},
{"TimeGenerated": "2025-06-08T14:40:29.775848Z", "EventID": 6, "Computer": "DC01.pirate.htb", "RawEvent": {"#attributes": {"xmlns": "http://schemas.microsoft.com/win/2004/08/events/event"}, "System": {"Provider": {"#attributes": {"Name": "Microsoft-Windows-FilterManager", "Guid": "F3C5E28E-63F6-49C7-A204-E48A1BC4B09D"}}, "EventID": 6, "Version": 0, "Level": 4, "Task": 0, "Opcode": 0, "Keywords": "0x8000000000000000", "TimeCreated": {"#attributes": {"SystemTime": "2025-06-08T14:40:29.775848Z"}}, "EventRecordID": 727, "Correlation": null, "Execution": {"#attributes": {"ProcessID": 4, "ThreadID": 296}}, "Channel": "System", "Computer": "DC01.pirate.htb", "Security": {"#attributes": {"UserID": "S-1-5-18"}}}, "EventData": {"FinalStatus": "0x0", "DeviceVersionMajor": 10, "DeviceVersionMinor": 0, "DeviceNameLength": 5, "DeviceName": "luafv", "DeviceTime": "2004-12-24T20:21:01.000000Z"}}},
{"TimeGenerated": "2025-06-08T14:40:29.779364Z", "EventID": 6, "Computer": "DC01.pirate.htb", "RawEvent": {"#attributes": {"xmlns": "http://schemas.microsoft.com/win/2004/08/events/event"}, "System": {"Provider": {"#attributes": {"Name": "Microsoft-Windows-FilterManager", "Guid": "F3C5E28E-63F6-49C7-A204-E48A1BC4B09D"}}, "EventID": 6, "Version": 0, "Level": 4, "Task": 0, "Opcode": 0, "Keywords": "0x8000000000000000", "TimeCreated": {"#attributes": {"SystemTime": "2025-06-08T14:40:29.779364Z"}}, "EventRecordID": 728, "Correlation": null, "Execution": {"#attributes": {"ProcessID": 4, "ThreadID": 176}}, "Channel": "System", "Computer": "DC01.pirate.htb", "Security": {"#attributes": {"UserID": "S-1-5-18"}}}, "EventData": {"FinalStatus": "0x0", "DeviceVersionMajor": 10, "DeviceVersionMinor": 0, "DeviceNameLength": 5, "DeviceName": "wcifs", "DeviceTime": "2046-04-07T00:59:48.000000Z"}}},
{"TimeGenerated": "2025-06-08T14:40:29.785939Z", "EventID": 6, "Computer": "DC01.pirate.htb", "RawEvent": {"#attributes": {"xmlns": "http://schemas.microsoft.com/win/2004/08/events/event"}, "System": {"Provider": {"#attributes": {"Name": "Microsoft-Windows-FilterManager", "Guid": "F3C5E28E-63F6-49C7-A204-E48A1BC4B09D"}}, "EventID": 6, "Version": 0, "Level": 4, "Task": 0, "Opcode": 0, "Keywords": "0x8000000000000000", "TimeCreated": {"#attributes": {"SystemTime": "2025-06-08T14:40:29.785939Z"}}, "EventRecordID": 729, "Correlation": null, "Execution": {"#attributes": {"ProcessID": 4, "ThreadID": 296}}, "Channel": "System", "Computer": "DC01.pirate.htb", "Security": {"#attributes": {"UserID": "S-1-5-18"}}}, "EventData": {"FinalStatus": "0x0", "DeviceVersionMajor": 10, "DeviceVersionMinor": 0, "DeviceNameLength": 6, "DeviceName": "CldFlt", "DeviceTime": "1983-11-13T18:18:55.000000Z"}}},
{"TimeGenerated": "2025-06-08T14:40:29.785945Z", "EventID": 1, "Computer": "DC01.pirate.htb", "RawEvent": {"#attributes": {"xmlns": "http://schemas.microsoft.com/win/2004/08/events/event"}, "System": {"Provider": {"#attributes": {"Name": "Microsoft-Windows-FilterManager", "Guid": "F3C5E28E-63F6-49C7-A204-E48A1BC4B09D"}}, "EventID": 1, "Version": 0, "Level": 4, "Task": 0, "Opcode": 0, "Keywords": "0x8000000000000000", "TimeCreated": {"#attributes": {"SystemTime": "2025-06-08T14:40:29.785945Z"}}, "EventRecordID": 730, "Correlation": null, "Execution": {"#attributes": {"ProcessID": 4, "ThreadID": 296}}, "Channel": "System", "Computer": "DC01.pirate.htb", "Security": {"#attributes": {"UserID": "S-1-5-18"}}}, "EventData": {"FinalStatus": "0x0", "DeviceVersionMajor": 10, "DeviceVersionMinor": 0, "DeviceNameLength": 6, "DeviceName": "CldFlt", "DeviceTime": "1983-11-13T18:18:55.000000Z"}}},
{"TimeGenerated": "2025-06-08T14:40:29.785974Z", "EventID": 6, "Computer": "DC01.pirate.htb", "RawEvent": {"#attributes": {"xmlns": "http://schemas.microsoft.com/win/2004/08/events/event"}, "System": {"Provider": {"#attributes": {"Name": "Microsoft-Windows-FilterManager", "Guid": "F3C5E28E-63F6-49C7-A204-E48A1BC4B09D"}}, "EventID": 6, "Version": 0, "Level": 4, "Task": 0, "Opcode": 0, "Keywords": "0x8000000000000000", "TimeCreated": {"#attributes": {"SystemTime": "2025-06-08T14:40:29.785974Z"}}, "EventRecordID": 731, "Correlation": null, "Execution": {"#attributes": {"ProcessID": 4, "ThreadID": 296}}, "Channel": "System", "Computer": "DC01.pirate.htb", "Security": {"#attributes": {"UserID": "S-1-5-18"}}}, "EventData": {"FinalStatus": "0x0", "DeviceVersionMajor": 10, "DeviceVersionMinor": 0, "DeviceNameLength": 6, "DeviceName": "CldFlt", "DeviceTime": "1983-11-13T18:18:55.000000Z"}}},
{"TimeGenerated": "2025-06-08T14:40:29.786680Z", "EventID": {"#attributes": {"Qualifiers": 16384}, "#text": 7036}, "Computer": "DC01.pirate.htb", "RawEvent": {"#attributes": {"xmlns": "http://schemas.microsoft.com/win/2004/08/events/event"}, "System": {"Provider": {"#attributes": {"Name": "Service Control Manager", "Guid": "{555908d1-a6d7-4695-8e1e-26931d2012f4}", "EventSourceName": "Service Control Manager"}}, "EventID": {"#attributes": {"Qualifiers": 16384}, "#text": 7036}, "Version": 0, "Level": 4, "Task": 0, "Opcode": 0, "Keywords": "0x8080000000000000", "TimeCreated": {"#attributes": {"SystemTime": "2025-06-08T14:40:29.786680Z"}}, "EventRecordID": 732, "Correlation": null, "Execution": {"#attributes": {"ProcessID": 624, "ThreadID": 732}}, "Channel": "System", "Computer": "DC01.pirate.htb", "Security": null}, "EventData": {"param1": "netprofm", "param2": "running", "Binary": "6E0065007400700072006F0066006D002F0034000000"}}},
{"TimeGenerated": "2025-06-08T14:40:29.792306Z", "EventID": 6, "Computer": "DC01.pirate.htb", "RawEvent": {"#attributes": {"xmlns": "http://schemas.microsoft.com/win/2004/08/events/event"}, "System": {"Provider": {"#attributes": {"Name": "Microsoft-Windows-FilterManager", "Guid": "F3C5E28E-63F6-49C7-A204-E48A1BC4B09D"}}, "EventID": 6, "Version": 0, "Level": 4, "Task": 0, "Opcode": 0, "Keywords": "0x8000000000000000", "TimeCreated": {"#attributes": {"SystemTime": "2025-06-08T14:40:29.792306Z"}}, "EventRecordID": 733, "Correlation": null, "Execution": {"#attributes": {"ProcessID": 4, "ThreadID": 296}}, "Channel": "System", "Computer": "DC01.pirate.htb", "Security": {"#attributes": {"UserID": "S-1-5-18"}}}, "EventData": {"FinalStatus": "0x0", "DeviceVersionMajor": 10, "DeviceVersionMinor": 0, "DeviceNameLength": 10, "DeviceName": "storqosflt", "DeviceTime": "2004-08-10T09:55:11.000000Z"}}},
{"TimeGenerated": "2025-06-08T14:40:29.786680Z", "EventID": {"#attributes": {"Qualifiers": 16384}, "#text": 7036}, "Computer": "DC01.pirate.htb", "RawEvent": {"#attributes": {"xmlns": "http://schemas.microsoft.com/win/2004/08/events/event"}, "System": {"Provider": {"#attributes": {"Name": "Service Control Manager", "Guid": "{555908d1-a6d7-4695-8e1e-26931d2012f4}", "EventSourceName": "Service Control Manager"}}, "EventID": {"#attributes": {"Qualifiers": 16384}, "#text": 7036}, "Version": 0, "Level": 4, "Task": 0, "Opcode": 0, "Keywords": "0x8080000000000000", "TimeCreated": {"#attributes": {"SystemTime": "2025-06-08T14:40:29.786680Z"}}, "EventRecordID": 734, "Correlation": null, "Execution": {"#attributes": {"ProcessID": 624, "ThreadID": 716}}, "Channel": "System", "Computer": "DC01.pirate.htb", "Security": null}, "EventData": {"param1": "WPDBusEnum", "param2": "running", "Binary": "57005000440042007500730045006E0075006D002F0034000000"}}},
{"TimeGenerated": "2025-06-08T14:40:29.802289Z", "EventID": {"#attributes": {"Qualifiers": 16384}, "#text": 7036}, "Computer": "DC01.pirate.htb", "RawEvent": {"#attributes": {"xmlns": "http://schemas.microsoft.com/win/2004/08/events/event"}, "System": {"Provider": {"#attributes": {"Name": "Service Control Manager", "Guid": "{555908d1-a6d7-4695-8e1e-26931d2012f4}", "EventSourceName": "Service Control Manager"}}, "EventID": {"#attributes": {"Qualifiers": 16384}, "#text": 7036}, "Version": 0, "Level": 4, "Task": 0, "Opcode": 0, "Keywords": "0x8080000000000000", "TimeCreated": {"#attributes": {"SystemTime": "2025-06-08T14:40:29.802289Z"}}, "EventRecordID": 735, "Correlation": null, "Execution": {"#attributes": {"ProcessID": 624, "ThreadID": 716}}, "Channel": "System", "Computer": "DC01.pirate.htb", "Security": null}, "EventData": {"param1": "Schedule", "param2": "running", "Binary": "5300630068006500640075006C0065002F0034000000"}}},
{"TimeGenerated": "2025-06-08T14:40:29.802289Z", "EventID": {"#attributes": {"Qualifiers": 16384}, "#text": 7036}, "Computer": "DC01.pirate.htb", "RawEvent": {"#attributes": {"xmlns": "http://schemas.microsoft.com/win/2004/08/events/event"}, "System": {"Provider": {"#attributes": {"Name": "Service Control Manager", "Guid": "{555908d1-a6d7-4695-8e1e-26931d2012f4}", "EventSourceName": "Service Control Manager"}}, "EventID": {"#attributes": {"Qualifiers": 16384}, "#text": 7036}, "Version": 0, "Level": 4, "Task": 0, "Opcode": 0, "Keywords": "0x8080000000000000", "TimeCreated": {"#attributes": {"SystemTime": "2025-06-08T14:40:29.802289Z"}}, "EventRecordID": 736, "Correlation": null, "Execution": {"#attributes": {"ProcessID": 624, "ThreadID": 716}}, "Channel": "System", "Computer": "DC01.pirate.htb", "Security": null}, "EventData": {"param1": "DsmSvc", "param2": "running", "Binary": "440073006D005300760063002F0034000000"}}},
{"TimeGenerated": "2025-06-08T14:40:29.817963Z", "EventID": {"#attributes": {"Qualifiers": 16384}, "#text": 7036}, "Computer": "DC01.pirate.htb", "RawEvent": {"#attributes": {"xmlns": "http://schemas.microsoft.com/win/2004/08/events/event"}, "System": {"Provider": {"#attributes": {"Name": "Service Control Manager", "Guid": "{555908d1-a6d7-4695-8e1e-26931d2012f4}", "EventSourceName": "Service Control Manager"}}, "EventID": {"#attributes": {"Qualifiers": 16384}, "#text": 7036}, "Version": 0, "Level": 4, "Task": 0, "Opcode": 0, "Keywords": "0x8080000000000000", "TimeCreated": {"#attributes": {"SystemTime": "2025-06-08T14:40:29.817963Z"}}, "EventRecordID": 737, "Correlation": null, "Execution": {"#attributes": {"ProcessID": 624, "ThreadID": 716}}, "Channel": "System", "Computer": "DC01.pirate.htb", "Security": null}, "EventData": {"param1": "NcbService", "param2": "running", "Binary": "4E006300620053006500720076006900630065002F0034000000"}}},
{"TimeGenerated": "2025-06-08T14:40:29.817963Z", "EventID": {"#attributes": {"Qualifiers": 16384}, "#text": 7036}, "Computer": "DC01.pirate.htb", "RawEvent": {"#attributes": {"xmlns": "http://schemas.microsoft.com/win/2004/08/events/event"}, "System": {"Provider": {"#attributes": {"Name": "Service Control Manager", "Guid": "{555908d1-a6d7-4695-8e1e-26931d2012f4}", "EventSourceName": "Service Control Manager"}}, "EventID": {"#attributes": {"Qualifiers": 16384}, "#text": 7036}, "Version": 0, "Level": 4, "Task": 0, "Opcode": 0, "Keywords": "0x8080000000000000", "TimeCreated": {"#attributes": {"SystemTime": "2025-06-08T14:40:29.817963Z"}}, "EventRecordID": 738, "Correlation": null, "Execution": {"#attributes": {"ProcessID": 624, "ThreadID": 716}}, "Channel": "System", "Computer": "DC01.pirate.htb", "Security": null}, "EventData": {"param1": "NTDS", "param2": "running", "Binary": "4E005400440053002F0034000000"}}},
{"TimeGenerated": "2025-06-08T14:40:29.817963Z", "EventID": {"#attributes": {"Qualifiers": 16384}, "#text": 7036}, "Computer": "DC01.pirate.htb", "RawEvent": {"#attributes": {"xmlns": "http://schemas.microsoft.com/win/2004/08/events/event"}, "System": {"Provider": {"#attributes": {"Name": "Service Control Manager", "Guid": "{555908d1-a6d7-4695-8e1e-26931d2012f4}", "EventSourceName": "Service Control Manager"}}, "EventID": {"#attributes": {"Qualifiers": 16384}, "#text": 7036}, "Version": 0, "Level": 4, "Task": 0, "Opcode": 0, "Keywords": "0x8080000000000000", "TimeCreated": {"#attributes": {"SystemTime": "2025-06-08T14:40:29.817963Z"}}, "EventRecordID": 739, "Correlation": null, "Execution": {"#attributes": {"ProcessID": 624, "ThreadID": 716}}, "Channel": "System", "Computer": "DC01.pirate.htb", "Security": null}, "EventData": {"param1": "BFE", "param2": "running", "Binary": "4200460045002F0034000000"}}},
{"TimeGenerated": "2025-06-08T14:40:29.880584Z", "EventID": {"#attributes": {"Qualifiers": 16384}, "#text": 7036}, "Computer": "DC01.pirate.htb", "RawEvent": {"#attributes": {"xmlns": "http://schemas.microsoft.com/win/2004/08/events/event"}, "System": {"Provider": {"#attributes": {"Name": "Service Control Manager", "Guid": "{555908d1-a6d7-4695-8e1e-26931d2012f4}", "EventSourceName": "Service Control Manager"}}, "EventID": {"#attributes": {"Qualifiers": 16384}, "#text": 7036}, "Version": 0, "Level": 4, "Task": 0, "Opcode": 0, "Keywords": "0x8080000000000000", "TimeCreated": {"#attributes": {"SystemTime": "2025-06-08T14:40:29.880584Z"}}, "EventRecordID": 740, "Correlation": null, "Execution": {"#attributes": {"ProcessID": 624, "ThreadID": 732}}, "Channel": "System", "Computer": "DC01.pirate.htb", "Security": null}, "EventData": {"param1": "Themes", "param2": "running", "Binary": "5400680065006D00650073002F0034000000"}}},
{"TimeGenerated": "2025-06-08T14:40:29.911909Z", "EventID": {"#attributes": {"Qualifiers": 16384}, "#text": 7036}, "Computer": "DC01.pirate.htb", "RawEvent": {"#attributes": {"xmlns": "http://schemas.microsoft.com/win/2004/08/events/event"}, "System": {"Provider": {"#attributes": {"Name": "Service Control Manager", "Guid": "{555908d1-a6d7-4695-8e1e-26931d2012f4}", "EventSourceName": "Service Control Manager"}}, "EventID": {"#attributes": {"Qualifiers": 16384}, "#text": 7036}, "Version": 0, "Level": 4, "Task": 0, "Opcode": 0, "Keywords": "0x8080000000000000", "TimeCreated": {"#attributes": {"SystemTime": "2025-06-08T14:40:29.911909Z"}}, "EventRecordID": 741, "Correlation": null, "Execution": {"#attributes": {"ProcessID": 624, "ThreadID": 968}}, "Channel": "System", "Computer": "DC01.pirate.htb", "Security": null}, "EventData": {"param1": "ProfSvc", "param2": "running", "Binary": "500072006F0066005300760063002F0034000000"}}},
{"TimeGenerated": "2025-06-08T14:40:29.911909Z", "EventID": {"#attributes": {"Qualifiers": 16384}, "#text": 7036}, "Computer": "DC01.pirate.htb", "RawEvent": {"#attributes": {"xmlns": "http://schemas.microsoft.com/win/2004/08/events/event"}, "System": {"Provider": {"#attributes": {"Name": "Service Control Manager", "Guid": "{555908d1-a6d7-4695-8e1e-26931d2012f4}", "EventSourceName": "Service Control Manager"}}, "EventID": {"#attributes": {"Qualifiers": 16384}, "#text": 7036}, "Version": 0, "Level": 4, "Task": 0, "Opcode": 0, "Keywords": "0x8080000000000000", "TimeCreated": {"#attributes": {"SystemTime": "2025-06-08T14:40:29.911909Z"}}, "EventRecordID": 742, "Correlation": null, "Execution": {"#attributes": {"ProcessID": 624, "ThreadID": 328}}, "Channel": "System", "Computer": "DC01.pirate.htb", "Security": null}, "EventData": {"param1": "EventSystem", "param2": "running", "Binary": "4500760065006E007400530079007300740065006D002F0034000000"}}},
{"TimeGenerated": "2025-06-08T14:40:29.927305Z", "EventID": {"#attributes": {"Qualifiers": 16384}, "#text": 7036}, "Computer": "DC01.pirate.htb", "RawEvent": {"#attributes": {"xmlns": "http://schemas.microsoft.com/win/2004/08/events/event"}, "System": {"Provider": {"#attributes": {"Name": "Service Control Manager", "Guid": "{555908d1-a6d7-4695-8e1e-26931d2012f4}", "EventSourceName": "Service Control Manager"}}, "EventID": {"#attributes": {"Qualifiers": 16384}, "#text": 7036}, "Version": 0, "Level": 4, "Task": 0, "Opcode": 0, "Keywords": "0x8080000000000000", "TimeCreated": {"#attributes": {"SystemTime": "2025-06-08T14:40:29.927305Z"}}, "EventRecordID": 743, "Correlation": null, "Execution": {"#attributes": {"ProcessID": 624, "ThreadID": 328}}, "Channel": "System", "Computer": "DC01.pirate.htb", "Security": null}, "EventData": {"param1": "Winmgmt", "param2": "running", "Binary": "570069006E006D0067006D0074002F0034000000"}}},
{"TimeGenerated": "2025-06-08T14:40:29.927305Z", "EventID": {"#attributes": {"Qualifiers": 16384}, "#text": 7036}, "Computer": "DC01.pirate.htb", "RawEvent": {"#attributes": {"xmlns": "http://schemas.microsoft.com/win/2004/08/events/event"}, "System": {"Provider": {"#attributes": {"Name": "Service Control Manager", "Guid": "{555908d1-a6d7-4695-8e1e-26931d2012f4}", "EventSourceName": "Service Control Manager"}}, "EventID": {"#attributes": {"Qualifiers": 16384}, "#text": 7036}, "Version": 0, "Level": 4, "Task": 0, "Opcode": 0, "Keywords": "0x8080000000000000", "TimeCreated": {"#attributes": {"SystemTime": "2025-06-08T14:40:29.927305Z"}}, "EventRecordID": 744, "Correlation": null, "Execution": {"#attributes": {"ProcessID": 624, "ThreadID": 716}}, "Channel": "System", "Computer": "DC01.pirate.htb", "Security": null}, "EventData": {"param1": "WinHttpAutoProxySvc", "param2": "running", "Binary": "570069006E0048007400740070004100750074006F00500072006F00780079005300760063002F0034000000"}}},
{"TimeGenerated": "2025-06-08T14:40:29.943259Z", "EventID": {"#attributes": {"Qualifiers": 16384}, "#text": 7036}, "Computer": "DC01.pirate.htb", "RawEvent": {"#attributes": {"xmlns": "http://schemas.microsoft.com/win/2004/08/events/event"}, "System": {"Provider": {"#attributes": {"Name": "Service Control Manager", "Guid": "{555908d1-a6d7-4695-8e1e-26931d2012f4}", "EventSourceName": "Service Control Manager"}}, "EventID": {"#attributes": {"Qualifiers": 16384}, "#text": 7036}, "Version": 0, "Level": 4, "Task": 0, "Opcode": 0, "Keywords": "0x8080000000000000", "TimeCreated": {"#attributes": {"SystemTime": "2025-06-08T14:40:29.943259Z"}}, "EventRecordID": 745, "Correlation": null, "Execution": {"#attributes": {"ProcessID": 624, "ThreadID": 732}}, "Channel": "System", "Computer": "DC01.pirate.htb", "Security": null}, "EventData": {"param1": "SENS", "param2": "running", "Binary": "530045004E0053002F0034000000"}}},
{"TimeGenerated": "2025-06-08T14:40:29.974147Z", "EventID": {"#attributes": {"Qualifiers": 16384}, "#text": 7036}, "Computer": "DC01.pirate.htb", "RawEvent": {"#attributes": {"xmlns": "http://schemas.microsoft.com/win/2004/08/events/event"}, "System": {"Provider": {"#attributes": {"Name": "Service Control Manager", "Guid": "{555908d1-a6d7-4695-8e1e-26931d2012f4}", "EventSourceName": "Service Control Manager"}}, "EventID": {"#attributes": {"Qualifiers": 16384}, "#text": 7036}, "Version": 0, "Level": 4, "Task": 0, "Opcode": 0, "Keywords": "0x8080000000000000", "TimeCreated": {"#attributes": {"SystemTime": "2025-06-08T14:40:29.974147Z"}}, "EventRecordID": 746, "Correlation": null, "Execution": {"#attributes": {"ProcessID": 624, "ThreadID": 368}}, "Channel": "System", "Computer": "DC01.pirate.htb", "Security": null}, "EventData": {"param1": "fdPHost", "param2": "running", "Binary": "66006400500048006F00730074002F0034000000"}}},
{"TimeGenerated": "2025-06-08T14:40:29.974147Z", "EventID": {"#attributes": {"Qualifiers": 16384}, "#text": 7036}, "Computer": "DC01.pirate.htb", "RawEvent": {"#attributes": {"xmlns": "http://schemas.microsoft.com/win/2004/08/events/event"}, "System": {"Provider": {"#attributes": {"Name": "Service Control Manager", "Guid": "{555908d1-a6d7-4695-8e1e-26931d2012f4}", "EventSourceName": "Service Control Manager"}}, "EventID": {"#attributes": {"Qualifiers": 16384}, "#text": 7036}, "Version": 0, "Level": 4, "Task": 0, "Opcode": 0, "Keywords": "0x8080000000000000", "TimeCreated": {"#attributes": {"SystemTime": "2025-06-08T14:40:29.974147Z"}}, "EventRecordID": 747, "Correlation": null, "Execution": {"#attributes": {"ProcessID": 624, "ThreadID": 368}}, "Channel": "System", "Computer": "DC01.pirate.htb", "Security": null}, "EventData": {"param1": "UserManager", "param2": "running", "Binary": "55007300650072004D0061006E0061006700650072002F0034000000"}}},
