{"TimeGenerated": "2025-06-08T20:54:57.106235Z", "EventID": {"#attributes": {"Qualifiers": 0}, "#text": 6038}, "Computer": "DC01.pirate.htb", "RawEvent": {"#attributes": {"xmlns": "http://schemas.microsoft.com/win/2004/08/events/event"}, "System": {"Provider": {"#attributes": {"Name": "LsaSrv", "Guid": "{199fe037-2b82-40a9-82ac-e1d46c792b99}", "EventSourceName": "LsaSrv"}}, "EventID": {"#attributes": {"Qualifiers": 0}, "#text": 6038}, "Version": 0, "Level": 3, "Task": 0, "Opcode": 0, "Keywords": "0x80000000000000", "TimeCreated": {"#attributes": {"SystemTime": "2025-06-08T20:54:57.106235Z"}}, "EventRecordID": 1979, "Correlation": null, "Execution": {"#attributes": {"ProcessID": 0, "ThreadID": 0}}, "Channel": "System", "Computer": "DC01.pirate.htb", "Security": null}, "EventData": {"Data": {"#text": ""}, "Binary": null}}},
{"TimeGenerated": "2025-06-08T20:55:17.433242Z", "EventID": {"#attributes": {"Qualifiers": 16384}, "#text": 7036}, "Computer": "DC01.pirate.htb", "RawEvent": {"#attributes": {"xmlns": "http://schemas.microsoft.com/win/2004/08/events/event"}, "System": {"Provider": {"#attributes": {"Name": "Service Control Manager", "Guid": "{555908d1-a6d7-4695-8e1e-26931d2012f4}", "EventSourceName": "Service Control Manager"}}, "EventID": {"#attributes": {"Qualifiers": 16384}, "#text": 7036}, "Version": 0, "Level": 4, "Task": 0, "Opcode": 0, "Keywords": "0x8080000000000000", "TimeCreated": {"#attributes": {"SystemTime": "2025-06-08T20:55:17.433242Z"}}, "EventRecordID": 1980, "Correlation": null, "Execution": {"#attributes": {"ProcessID": 720, "ThreadID": 1524}}, "Channel": "System", "Computer": "DC01.pirate.htb", "Security": null}, "EventData": {"param1": "Microsoft Account Sign-in Assistant", "param2": "running", "Binary": "77006C00690064007300760063002F0034000000"}}},
{"TimeGenerated": "2025-06-08T20:57:59.397230Z", "EventID": 234, "Computer": "DC01.pirate.htb", "RawEvent": {"#attributes": {"xmlns": "http://schemas.microsoft.com/win/2004/08/events/event"}, "System": {"Provider": {"#attributes": {"Name": "Microsoft-Windows-Hyper-V-VmSwitch", "Guid": "67DC0D66-3695-47C0-9642-33F76F7BD7AD"}}, "EventID": 234, "Version": 0, "Level": 4, "Task": 0, "Opcode": 0, "Keywords": "0x8000000000000080", "TimeCreated": {"#attributes": {"SystemTime": "2025-06-08T20:57:59.397230Z"}}, "EventRecordID": 1981, "Correlation": null, "Execution": {"#attributes": {"ProcessID": 6684, "ThreadID": 6332}}, "Channel": "System", "Computer": "DC01.pirate.htb", "Security": {"#attributes": {"UserID": "S-1-5-83-1-1833032634-1235907129-3072429443-347741155"}}}, "EventData": {"NicNameLen": 74, "NicName": "6D41DBBA-7239-49AA-838D-21B7E31BBA14--44CADE70-D707-4E9E-978A-ED2E85E23C94", "PortNameLen": 1, "PortName": ""}}},
{"TimeGenerated": "2025-06-08T20:57:59.398708Z", "EventID": 233, "Computer": "DC01.pirate.htb", "RawEvent": {"#attributes": {"xmlns": "http://schemas.microsoft.com/win/2004/08/events/event"}, "System": {"Provider": {"#attributes": {"Name": "Microsoft-Windows-Hyper-V-VmSwitch", "Guid": "67DC0D66-3695-47C0-9642-33F76F7BD7AD"}}, "EventID": 233, "Version": 0, "Level": 4, "Task": 0, "Opcode": 0, "Keywords": "0x8000000000000080", "TimeCreated": {"#attributes": {"SystemTime": "2025-06-08T20:57:59.398708Z"}}, "EventRecordID": 1982, "Correlation": null, "Execution": {"#attributes": {"ProcessID": 6684, "ThreadID": 6332}}, "Channel": "System", "Computer": "DC01.pirate.htb", "Security": {"#attributes": {"UserID": "S-1-5-83-1-1833032634-1235907129-3072429443-347741155"}}}, "EventData": {"NicNameLen": 74, "NicName": "6D41DBBA-7239-49AA-838D-21B7E31BBA14--44CADE70-D707-4E9E-978A-ED2E85E23C94", "NicFNameLen": 15, "NicFName": "Network Adapter", "Operation": 8}}},
{"TimeGenerated": "2025-06-08T20:57:59.429408Z", "EventID": 233, "Computer": "DC01.pirate.htb", "RawEvent": {"#attributes": {"xmlns": "http://schemas.microsoft.com/win/2004/08/events/event"}, "System": {"Provider": {"#attributes": {"Name": "Microsoft-Windows-Hyper-V-VmSwitch", "Guid": "67DC0D66-3695-47C0-9642-33F76F7BD7AD"}}, "EventID": 233, "Version": 0, "Level": 4, "Task": 0, "Opcode": 0, "Keywords": "0x8000000000000080", "TimeCreated": {"#attributes": {"SystemTime": "2025-06-08T20:57:59.429408Z"}}, "EventRecordID": 1983, "Correlation": null, "Execution": {"#attributes": {"ProcessID": 6684, "ThreadID": 6332}}, "Channel": "System", "Computer": "DC01.pirate.htb", "Security": null}, "EventData": {"NicNameLen": 74, "NicName": "6D41DBBA-7239-49AA-838D-21B7E31BBA14--44CADE70-D707-4E9E-978A-ED2E85E23C94", "NicFNameLen": 1, "NicFName": "", "Operation": 7}}},
{"TimeGenerated": "2025-06-08T20:57:59.430212Z", "EventID": 232, "Computer": "DC01.pirate.htb", "RawEvent": {"#attributes": {"xmlns": "http://schemas.microsoft.com/win/2004/08/events/event"}, "System": {"Provider": {"#attributes": {"Name": "Microsoft-Windows-Hyper-V-VmSwitch", "Guid": "67DC0D66-3695-47C0-9642-33F76F7BD7AD"}}, "EventID": 232, "Version": 0, "Level": 4, "Task": 0, "Opcode": 0, "Keywords": "0x8000000000000080", "TimeCreated": {"#attributes": {"SystemTime": "2025-06-08T20:57:59.430212Z"}}, "EventRecordID": 1984, "Correlation": null, "Execution": {"#attributes": {"ProcessID": 6684, "ThreadID": 6332}}, "Channel": "System", "Computer": "DC01.pirate.htb", "Security": {"#attributes": {"UserID": "S-1-5-83-1-1833032634-1235907129-3072429443-347741155"}}}, "EventData": {"NicNameLen": 74, "NicName": "6D41DBBA-7239-49AA-838D-21B7E31BBA14--44CADE70-D707-4E9E-978A-ED2E85E23C94", "NicFNameLen": 15, "NicFName": "Network Adapter", "PortNameLen": 36, "PortName": "13DFA5BC-918D-4A72-BAC1-85BCAE11BFA2", "PortFNameLen": 28, "PortFName": "Dynamic Ethernet Switch Port", "SwitchNameLen": 36, "SwitchName": "B69D6086-2229-404B-A5B3-2AFCA7E1C7E8", "SwitchFNameLen": 8, "SwitchFName": "Switch01"}}},
{"TimeGenerated": "2025-06-08T20:58:08.435950Z", "EventID": 102, "Computer": "DC01.pirate.htb", "RawEvent": {"#attributes": {"xmlns": "http://schemas.microsoft.com/win/2004/08/events/event"}, "System": {"Provider": {"#attributes": {"Name": "Microsoft-Windows-Hyper-V-VmSwitch", "Guid": "67DC0D66-3695-47C0-9642-33F76F7BD7AD"}}, "EventID": 102, "Version": 0, "Level": 4, "Task": 1019, "Opcode": 0, "Keywords": "0x8000000000000080", "TimeCreated": {"#attributes": {"SystemTime": "2025-06-08T20:58:08.435950Z"}}, "EventRecordID": 1985, "Correlation": null, "Execution": {"#attributes": {"ProcessID": 4, "ThreadID": 300}}, "Channel": "System", "Computer": "DC01.pirate.htb", "Security": {"#attributes": {"UserID": "S-1-5-18"}}}, "EventData": {"VMNameLen": 5, "VMName": "WEB01", "VMIdLen": 36, "VMId": "6D41DBBA-7239-49AA-838D-21B7E31BBA14"}}},
{"TimeGenerated": "2025-06-08T20:59:06.058995Z", "EventID": {"#attributes": {"Qualifiers": 0}, "#text": 4107}, "Computer": "DC01.pirate.htb", "RawEvent": {"#attributes": {"xmlns": "http://schemas.microsoft.com/win/2004/08/events/event"}, "System": {"Provider": {"#attributes": {"Name": "Display"}}, "EventID": {"#attributes": {"Qualifiers": 0}, "#text": 4107}, "Level": 4, "Task": 0, "Keywords": "0x80000000000000", "TimeCreated": {"#attributes": {"SystemTime": "2025-06-08T20:59:06.058995Z"}}, "EventRecordID": 1986, "Channel": "System", "Computer": "DC01.pirate.htb", "Security": null}, "EventData": {"Data": {"#text": ""}, "Binary": null}}},
{"TimeGenerated": "2025-06-08T20:59:06.058995Z", "EventID": {"#attributes": {"Qualifiers": 0}, "#text": 4107}, "Computer": "DC01.pirate.htb", "RawEvent": {"#attributes": {"xmlns": "http://schemas.microsoft.com/win/2004/08/events/event"}, "System": {"Provider": {"#attributes": {"Name": "Display"}}, "EventID": {"#attributes": {"Qualifiers": 0}, "#text": 4107}, "Level": 4, "Task": 0, "Keywords": "0x80000000000000", "TimeCreated": {"#attributes": {"SystemTime": "2025-06-08T20:59:06.058995Z"}}, "EventRecordID": 1987, "Channel": "System", "Computer": "DC01.pirate.htb", "Security": null}, "EventData": {"Data": {"#text": ""}, "Binary": null}}},
{"TimeGenerated": "2025-06-08T20:59:05.152732Z", "EventID": {"#attributes": {"Qualifiers": 16384}, "#text": 7036}, "Computer": "DC01.pirate.htb", "RawEvent": {"#attributes": {"xmlns": "http://schemas.microsoft.com/win/2004/08/events/event"}, "System": {"Provider": {"#attributes": {"Name": "Service Control Manager", "Guid": "{555908d1-a6d7-4695-8e1e-26931d2012f4}", "EventSourceName": "Service Control Manager"}}, "EventID": {"#attributes": {"Qualifiers": 16384}, "#text": 7036}, "Version": 0, "Level": 4, "Task": 0, "Opcode": 0, "Keywords": "0x8080000000000000", "TimeCreated": {"#attributes": {"SystemTime": "2025-06-08T20:59:05.152732Z"}}, "EventRecordID": 1988, "Correlation": null, "Execution": {"#attributes": {"ProcessID": 720, "ThreadID": 6548}}, "Channel": "System", "Computer": "DC01.pirate.htb", "Security": null}, "EventData": {"param1": "Device Setup Manager", "param2": "running", "Binary": "440073006D005300760063002F0034000000"}}},
{"TimeGenerated": "2025-06-08T20:59:17.751745Z", "EventID": {"#attributes": {"Qualifiers": 0}, "#text": 4107}, "Computer": "DC01.pirate.htb", "RawEvent": {"#attributes": {"xmlns": "http://schemas.microsoft.com/win/2004/08/events/event"}, "System": {"Provider": {"#attributes": {"Name": "Display"}}, "EventID": {"#attributes": {"Qualifiers": 0}, "#text": 4107}, "Level": 4, "Task": 0, "Keywords": "0x80000000000000", "TimeCreated": {"#attributes": {"SystemTime": "2025-06-08T20:59:17.751745Z"}}, "EventRecordID": 1989, "Channel": "System", "Computer": "DC01.pirate.htb", "Security": null}, "EventData": {"Data": {"#text": ""}, "Binary": null}}},
{"TimeGenerated": "2025-06-08T20:59:17.751745Z", "EventID": {"#attributes": {"Qualifiers": 0}, "#text": 4107}, "Computer": "DC01.pirate.htb", "RawEvent": {"#attributes": {"xmlns": "http://schemas.microsoft.com/win/2004/08/events/event"}, "System": {"Provider": {"#attributes": {"Name": "Display"}}, "EventID": {"#attributes": {"Qualifiers": 0}, "#text": 4107}, "Level": 4, "Task": 0, "Keywords": "0x80000000000000", "TimeCreated": {"#attributes": {"SystemTime": "2025-06-08T20:59:17.751745Z"}}, "EventRecordID": 1990, "Channel": "System", "Computer": "DC01.pirate.htb", "Security": null}, "EventData": {"Data": {"#text": ""}, "Binary": null}}},
{"TimeGenerated": "2025-06-08T20:59:20.584182Z", "EventID": {"#attributes": {"Qualifiers": 0}, "#text": 4107}, "Computer": "DC01.pirate.htb", "RawEvent": {"#attributes": {"xmlns": "http://schemas.microsoft.com/win/2004/08/events/event"}, "System": {"Provider": {"#attributes": {"Name": "Display"}}, "EventID": {"#attributes": {"Qualifiers": 0}, "#text": 4107}, "Level": 4, "Task": 0, "Keywords": "0x80000000000000", "TimeCreated": {"#attributes": {"SystemTime": "2025-06-08T20:59:20.584182Z"}}, "EventRecordID": 1991, "Channel": "System", "Computer": "DC01.pirate.htb", "Security": null}, "EventData": {"Data": {"#text": ""}, "Binary": null}}},
{"TimeGenerated": "2025-06-08T20:59:20.584182Z", "EventID": {"#attributes": {"Qualifiers": 0}, "#text": 4107}, "Computer": "DC01.pirate.htb", "RawEvent": {"#attributes": {"xmlns": "http://schemas.microsoft.com/win/2004/08/events/event"}, "System": {"Provider": {"#attributes": {"Name": "Display"}}, "EventID": {"#attributes": {"Qualifiers": 0}, "#text": 4107}, "Level": 4, "Task": 0, "Keywords": "0x80000000000000", "TimeCreated": {"#attributes": {"SystemTime": "2025-06-08T20:59:20.584182Z"}}, "EventRecordID": 1992, "Channel": "System", "Computer": "DC01.pirate.htb", "Security": null}, "EventData": {"Data": {"#text": ""}, "Binary": null}}},
{"TimeGenerated": "2025-06-08T20:59:23.192903Z", "EventID": {"#attributes": {"Qualifiers": 0}, "#text": 4107}, "Computer": "DC01.pirate.htb", "RawEvent": {"#attributes": {"xmlns": "http://schemas.microsoft.com/win/2004/08/events/event"}, "System": {"Provider": {"#attributes": {"Name": "Display"}}, "EventID": {"#attributes": {"Qualifiers": 0}, "#text": 4107}, "Level": 4, "Task": 0, "Keywords": "0x80000000000000", "TimeCreated": {"#attributes": {"SystemTime": "2025-06-08T20:59:23.192903Z"}}, "EventRecordID": 1993, "Channel": "System", "Computer": "DC01.pirate.htb", "Security": null}, "EventData": {"Data": {"#text": ""}, "Binary": null}}},
{"TimeGenerated": "2025-06-08T20:59:25.404113Z", "EventID": {"#attributes": {"Qualifiers": 0}, "#text": 4107}, "Computer": "DC01.pirate.htb", "RawEvent": {"#attributes": {"xmlns": "http://schemas.microsoft.com/win/2004/08/events/event"}, "System": {"Provider": {"#attributes": {"Name": "Display"}}, "EventID": {"#attributes": {"Qualifiers": 0}, "#text": 4107}, "Level": 4, "Task": 0, "Keywords": "0x80000000000000", "TimeCreated": {"#attributes": {"SystemTime": "2025-06-08T20:59:25.404113Z"}}, "EventRecordID": 1994, "Channel": "System", "Computer": "DC01.pirate.htb", "Security": null}, "EventData": {"Data": {"#text": ""}, "Binary": null}}},
{"TimeGenerated": "2025-06-08T20:59:25.404113Z", "EventID": {"#attributes": {"Qualifiers": 0}, "#text": 4107}, "Computer": "DC01.pirate.htb", "RawEvent": {"#attributes": {"xmlns": "http://schemas.microsoft.com/win/2004/08/events/event"}, "System": {"Provider": {"#attributes": {"Name": "Display"}}, "EventID": {"#attributes": {"Qualifiers": 0}, "#text": 4107}, "Level": 4, "Task": 0, "Keywords": "0x80000000000000", "TimeCreated": {"#attributes": {"SystemTime": "2025-06-08T20:59:25.404113Z"}}, "EventRecordID": 1995, "Channel": "System", "Computer": "DC01.pirate.htb", "Security": null}, "EventData": {"Data": {"#text": ""}, "Binary": null}}},
{"TimeGenerated": "2025-06-08T20:59:30.622677Z", "EventID": {"#attributes": {"Qualifiers": 16384}, "#text": 7036}, "Computer": "DC01.pirate.htb", "RawEvent": {"#attributes": {"xmlns": "http://schemas.microsoft.com/win/2004/08/events/event"}, "System": {"Provider": {"#attributes": {"Name": "Service Control Manager", "Guid": "{555908d1-a6d7-4695-8e1e-26931d2012f4}", "EventSourceName": "Service Control Manager"}}, "EventID": {"#attributes": {"Qualifiers": 16384}, "#text": 7036}, "Version": 0, "Level": 4, "Task": 0, "Opcode": 0, "Keywords": "0x8080000000000000", "TimeCreated": {"#attributes": {"SystemTime": "2025-06-08T20:59:30.622677Z"}}, "EventRecordID": 1996, "Correlation": null, "Execution": {"#attributes": {"ProcessID": 720, "ThreadID": 3420}}, "Channel": "System", "Computer": "DC01.pirate.htb", "Security": null}, "EventData": {"param1": "AVCTP service", "param2": "running", "Binary": "420074006800410076006300740070005300760063002F0034000000"}}},
{"TimeGenerated": "2025-06-08T20:59:31.733774Z", "EventID": {"#attributes": {"Qualifiers": 16384}, "#text": 7036}, "Computer": "DC01.pirate.htb", "RawEvent": {"#attributes": {"xmlns": "http://schemas.microsoft.com/win/2004/08/events/event"}, "System": {"Provider": {"#attributes": {"Name": "Service Control Manager", "Guid": "{555908d1-a6d7-4695-8e1e-26931d2012f4}", "EventSourceName": "Service Control Manager"}}, "EventID": {"#attributes": {"Qualifiers": 16384}, "#text": 7036}, "Version": 0, "Level": 4, "Task": 0, "Opcode": 0, "Keywords": "0x8080000000000000", "TimeCreated": {"#attributes": {"SystemTime": "2025-06-08T20:59:31.733774Z"}}, "EventRecordID": 1997, "Correlation": null, "Execution": {"#attributes": {"ProcessID": 720, "ThreadID": 3420}}, "Channel": "System", "Computer": "DC01.pirate.htb", "Security": null}, "EventData": {"param1": "Capability Access Manager Service", "param2": "running", "Binary": "630061006D007300760063002F0034000000"}}},
{"TimeGenerated": "2025-06-08T20:59:31.797711Z", "EventID": {"#attributes": {"Qualifiers": 16384}, "#text": 7036}, "Computer": "DC01.pirate.htb", "RawEvent": {"#attributes": {"xmlns": "http://schemas.microsoft.com/win/2004/08/events/event"}, "System": {"Provider": {"#attributes": {"Name": "Service Control Manager", "Guid": "{555908d1-a6d7-4695-8e1e-26931d2012f4}", "EventSourceName": "Service Control Manager"}}, "EventID": {"#attributes": {"Qualifiers": 16384}, "#text": 7036}, "Version": 0, "Level": 4, "Task": 0, "Opcode": 0, "Keywords": "0x8080000000000000", "TimeCreated": {"#attributes": {"SystemTime": "2025-06-08T20:59:31.797711Z"}}, "EventRecordID": 1998, "Correlation": null, "Execution": {"#attributes": {"ProcessID": 720, "ThreadID": 3420}}, "Channel": "System", "Computer": "DC01.pirate.htb", "Security": null}, "EventData": {"param1": "Geolocation Service", "param2": "running", "Binary": "6C0066007300760063002F0034000000"}}},
{"TimeGenerated": "2025-06-08T20:59:32.093377Z", "EventID": {"#attributes": {"Qualifiers": 16384}, "#text": 7036}, "Computer": "DC01.pirate.htb", "RawEvent": {"#attributes": {"xmlns": "http://schemas.microsoft.com/win/2004/08/events/event"}, "System": {"Provider": {"#attributes": {"Name": "Service Control Manager", "Guid": "{555908d1-a6d7-4695-8e1e-26931d2012f4}", "EventSourceName": "Service Control Manager"}}, "EventID": {"#attributes": {"Qualifiers": 16384}, "#text": 7036}, "Version": 0, "Level": 4, "Task": 0, "Opcode": 0, "Keywords": "0x8080000000000000", "TimeCreated": {"#attributes": {"SystemTime": "2025-06-08T20:59:32.093377Z"}}, "EventRecordID": 1999, "Correlation": null, "Execution": {"#attributes": {"ProcessID": 720, "ThreadID": 4428}}, "Channel": "System", "Computer": "DC01.pirate.htb", "Security": null}, "EventData": {"param1": "Windows Biometric Service", "param2": "running", "Binary": "5700620069006F0053007200760063002F0034000000"}}},
{"TimeGenerated": "2025-06-08T21:00:10.220529Z", "EventID": {"#attributes": {"Qualifiers": 16384}, "#text": 7036}, "Computer": "DC01.pirate.htb", "RawEvent": {"#attributes": {"xmlns": "http://schemas.microsoft.com/win/2004/08/events/event"}, "System": {"Provider": {"#attributes": {"Name": "Service Control Manager", "Guid": "{555908d1-a6d7-4695-8e1e-26931d2012f4}", "EventSourceName": "Service Control Manager"}}, "EventID": {"#attributes": {"Qualifiers": 16384}, "#text": 7036}, "Version": 0, "Level": 4, "Task": 0, "Opcode": 0, "Keywords": "0x8080000000000000", "TimeCreated": {"#attributes": {"SystemTime": "2025-06-08T21:00:10.220529Z"}}, "EventRecordID": 2000, "Correlation": null, "Execution": {"#attributes": {"ProcessID": 720, "ThreadID": 4428}}, "Channel": "System", "Computer": "DC01.pirate.htb", "Security": null}, "EventData": {"param1": "Device Setup Manager", "param2": "stopped", "Binary": "440073006D005300760063002F0031000000"}}},
{"TimeGenerated": "2025-06-08T21:01:17.381645Z", "EventID": {"#attributes": {"Qualifiers": 16384}, "#text": 7036}, "Computer": "DC01.pirate.htb", "RawEvent": {"#attributes": {"xmlns": "http://schemas.microsoft.com/win/2004/08/events/event"}, "System": {"Provider": {"#attributes": {"Name": "Service Control Manager", "Guid": "{555908d1-a6d7-4695-8e1e-26931d2012f4}", "EventSourceName": "Service Control Manager"}}, "EventID": {"#attributes": {"Qualifiers": 16384}, "#text": 7036}, "Version": 0, "Level": 4, "Task": 0, "Opcode": 0, "Keywords": "0x8080000000000000", "TimeCreated": {"#attributes": {"SystemTime": "2025-06-08T21:01:17.381645Z"}}, "EventRecordID": 2001, "Correlation": null, "Execution": {"#attributes": {"ProcessID": 720, "ThreadID": 4428}}, "Channel": "System", "Computer": "DC01.pirate.htb", "Security": null}, "EventData": {"param1": "Microsoft Account Sign-in Assistant", "param2": "stopped", "Binary": "77006C00690064007300760063002F0031000000"}}},
{"TimeGenerated": "2025-06-08T21:02:50.242045Z", "EventID": {"#attributes": {"Qualifiers": 16384}, "#text": 7036}, "Computer": "DC01.pirate.htb", "RawEvent": {"#attributes": {"xmlns": "http://schemas.microsoft.com/win/2004/08/events/event"}, "System": {"Provider": {"#attributes": {"Name": "Service Control Manager", "Guid": "{555908d1-a6d7-4695-8e1e-26931d2012f4}", "EventSourceName": "Service Control Manager"}}, "EventID": {"#attributes": {"Qualifiers": 16384}, "#text": 7036}, "Version": 0, "Level": 4, "Task": 0, "Opcode": 0, "Keywords": "0x8080000000000000", "TimeCreated": {"#attributes": {"SystemTime": "2025-06-08T21:02:50.242045Z"}}, "EventRecordID": 2002, "Correlation": null, "Execution": {"#attributes": {"ProcessID": 720, "ThreadID": 2088}}, "Channel": "System", "Computer": "DC01.pirate.htb", "Security": null}, "EventData": {"param1": "Windows Biometric Service", "param2": "stopped", "Binary": "5700620069006F0053007200760063002F0031000000"}}},
{"TimeGenerated": "2025-06-08T21:04:41.830793Z", "EventID": {"#attributes": {"Qualifiers": 16384}, "#text": 7036}, "Computer": "DC01.pirate.htb", "RawEvent": {"#attributes": {"xmlns": "http://schemas.microsoft.com/win/2004/08/events/event"}, "System": {"Provider": {"#attributes": {"Name": "Service Control Manager", "Guid": "{555908d1-a6d7-4695-8e1e-26931d2012f4}", "EventSourceName": "Service Control Manager"}}, "EventID": {"#attributes": {"Qualifiers": 16384}, "#text": 7036}, "Version": 0, "Level": 4, "Task": 0, "Opcode": 0, "Keywords": "0x8080000000000000", "TimeCreated": {"#attributes": {"SystemTime": "2025-06-08T21:04:41.830793Z"}}, "EventRecordID": 2003, "Correlation": null, "Execution": {"#attributes": {"ProcessID": 720, "ThreadID": 2088}}, "Channel": "System", "Computer": "DC01.pirate.htb", "Security": null}, "EventData": {"param1": "Capability Access Manager Service", "param2": "stopped", "Binary": "630061006D007300760063002F0031000000"}}},
{"TimeGenerated": "2025-06-08T21:11:14.543163Z", "EventID": {"#attributes": {"Qualifiers": 32772}, "#text": 129}, "Computer": "DC01.pirate.htb", "RawEvent": {"#attributes": {"xmlns": "http://schemas.microsoft.com/win/2004/08/events/event"}, "System": {"Provider": {"#attributes": {"Name": "stornvme"}}, "EventID": {"#attributes": {"Qualifiers": 32772}, "#text": 129}, "Level": 3, "Task": 0, "Keywords": "0x80000000000000", "TimeCreated": {"#attributes": {"SystemTime": "2025-06-08T21:11:14.543163Z"}}, "EventRecordID": 2004, "Channel": "System", "Computer": "DC01.pirate.htb", "Security": null}, "EventData": {"Data": {"#text": "\\Device\\RaidPort1"}, "Binary": "0F001800010000000000000081000480010000000000000000000000000000000000000000000000000000000000000000000000810004800000000000000000"}}},
{"TimeGenerated": "2025-06-08T21:17:42.108860Z", "EventID": {"#attributes": {"Qualifiers": 16384}, "#text": 7036}, "Computer": "DC01.pirate.htb", "RawEvent": {"#attributes": {"xmlns": "http://schemas.microsoft.com/win/2004/08/events/event"}, "System": {"Provider": {"#attributes": {"Name": "Service Control Manager", "Guid": "{555908d1-a6d7-4695-8e1e-26931d2012f4}", "EventSourceName": "Service Control Manager"}}, "EventID": {"#attributes": {"Qualifiers": 16384}, "#text": 7036}, "Version": 0, "Level": 4, "Task": 0, "Opcode": 0, "Keywords": "0x8080000000000000", "TimeCreated": {"#attributes": {"SystemTime": "2025-06-08T21:17:42.108860Z"}}, "EventRecordID": 2005, "Correlation": null, "Execution": {"#attributes": {"ProcessID": 720, "ThreadID": 4716}}, "Channel": "System", "Computer": "DC01.pirate.htb", "Security": null}, "EventData": {"param1": "Diagnostic System Host", "param2": "stopped", "Binary": "570064006900530079007300740065006D0048006F00730074002F0031000000"}}},
{"TimeGenerated": "2025-06-08T21:20:42.874807Z", "EventID": {"#attributes": {"Qualifiers": 16384}, "#text": 7036}, "Computer": "DC01.pirate.htb", "RawEvent": {"#attributes": {"xmlns": "http://schemas.microsoft.com/win/2004/08/events/event"}, "System": {"Provider": {"#attributes": {"Name": "Service Control Manager", "Guid": "{555908d1-a6d7-4695-8e1e-26931d2012f4}", "EventSourceName": "Service Control Manager"}}, "EventID": {"#attributes": {"Qualifiers": 16384}, "#text": 7036}, "Version": 0, "Level": 4, "Task": 0, "Opcode": 0, "Keywords": "0x8080000000000000", "TimeCreated": {"#attributes": {"SystemTime": "2025-06-08T21:20:42.874807Z"}}, "EventRecordID": 2006, "Correlation": null, "Execution": {"#attributes": {"ProcessID": 720, "ThreadID": 1648}}, "Channel": "System", "Computer": "DC01.pirate.htb", "Security": null}, "EventData": {"param1": "Software Protection", "param2": "running", "Binary": "7300700070007300760063002F0034000000"}}},
{"TimeGenerated": "2025-06-08T21:21:12.992628Z", "EventID": {"#attributes": {"Qualifiers": 16384}, "#text": 7036}, "Computer": "DC01.pirate.htb", "RawEvent": {"#attributes": {"xmlns": "http://schemas.microsoft.com/win/2004/08/events/event"}, "System": {"Provider": {"#attributes": {"Name": "Service Control Manager", "Guid": "{555908d1-a6d7-4695-8e1e-26931d2012f4}", "EventSourceName": "Service Control Manager"}}, "EventID": {"#attributes": {"Qualifiers": 16384}, "#text": 7036}, "Version": 0, "Level": 4, "Task": 0, "Opcode": 0, "Keywords": "0x8080000000000000", "TimeCreated": {"#attributes": {"SystemTime": "2025-06-08T21:21:12.992628Z"}}, "EventRecordID": 2007, "Correlation": null, "Execution": {"#attributes": {"ProcessID": 720, "ThreadID": 1648}}, "Channel": "System", "Computer": "DC01.pirate.htb", "Security": null}, "EventData": {"param1": "Software Protection", "param2": "stopped", "Binary": "7300700070007300760063002F0031000000"}}},
{"TimeGenerated": "2025-06-08T21:30:40.451411Z", "EventID": {"#attributes": {"Qualifiers": 16896}, "#text": 4}, "Computer": "DC01.pirate.htb", "RawEvent": {"#attributes": {"xmlns": "http://schemas.microsoft.com/win/2004/08/events/event"}, "System": {"Provider": {"#attributes": {"Name": "Virtual Disk Service"}}, "EventID": {"#attributes": {"Qualifiers": 16896}, "#text": 4}, "Level": 4, "Task": 0, "Keywords": "0x80000000000000", "TimeCreated": {"#attributes": {"SystemTime": "2025-06-08T21:30:40.451411Z"}}, "EventRecordID": 2008, "Channel": "System", "Computer": "DC01.pirate.htb", "Security": null}, "EventData": {"Data": {"#text": "@2010001"}, "Binary": null}}},
{"TimeGenerated": "2025-06-08T21:30:40.250279Z", "EventID": 1, "Computer": "DC01.pirate.htb", "RawEvent": {"#attributes": {"xmlns": "http://schemas.microsoft.com/win/2004/08/events/event"}, "System": {"Provider": {"#attributes": {"Name": "Microsoft-Windows-Kernel-General", "Guid": "A68CA8B7-004F-D7B6-A698-07E2DE0F1F5D"}}, "EventID": 1, "Version": 2, "Level": 4, "Task": 5, "Opcode": 0, "Keywords": "0x8000000000000010", "TimeCreated": {"#attributes": {"SystemTime": "2025-06-08T21:30:40.250279Z"}}, "EventRecordID": 2009, "Correlation": null, "Execution": {"#attributes": {"ProcessID": 3236, "ThreadID": 3496}}, "Channel": "System", "Computer": "DC01.pirate.htb", "Security": {"#attributes": {"UserID": "S-1-5-18"}}}, "EventData": {"NewTime": "2025-06-08T21:30:40.249000Z", "OldTime": "2025-06-08T21:24:26.131999Z", "Reason": 1, "ProcessName": "\\Device\\HarddiskVolume4\\Program Files\\VMware\\VMware Tools\\vmtoolsd.exe", "ProcessID": 3236}}},
{"TimeGenerated": "2025-06-08T21:30:40.455043Z", "EventID": 16654, "Computer": "DC01.pirate.htb", "RawEvent": {"#attributes": {"xmlns": "http://schemas.microsoft.com/win/2004/08/events/event"}, "System": {"Provider": {"#attributes": {"Name": "Microsoft-Windows-Directory-Services-SAM", "Guid": "0D4FDC09-8C27-494A-BDA0-505E4FD8ADAE"}}, "EventID": 16654, "Version": 0, "Level": 4, "Task": 0, "Opcode": 0, "Keywords": "0x8000000000000000", "TimeCreated": {"#attributes": {"SystemTime": "2025-06-08T21:30:40.455043Z"}}, "EventRecordID": 2010, "Correlation": {"#attributes": {"ActivityID": "BC43D9F9-D8B1-0002-8D79-45BCB1D8DB01"}}, "Execution": {"#attributes": {"ProcessID": 748, "ThreadID": 952}}, "Channel": "System", "Computer": "DC01.pirate.htb", "Security": {"#attributes": {"UserID": "S-1-5-18"}}}, "EventData": {"#attributes": {"Name": "SAMMSG_RID_POOL_INVALIDATED"}}}},
{"TimeGenerated": "2025-06-08T21:30:40.456213Z", "EventID": 16647, "Computer": "DC01.pirate.htb", "RawEvent": {"#attributes": {"xmlns": "http://schemas.microsoft.com/win/2004/08/events/event"}, "System": {"Provider": {"#attributes": {"Name": "Microsoft-Windows-Directory-Services-SAM", "Guid": "0D4FDC09-8C27-494A-BDA0-505E4FD8ADAE"}}, "EventID": 16647, "Version": 0, "Level": 4, "Task": 0, "Opcode": 0, "Keywords": "0x8000000000000000", "TimeCreated": {"#attributes": {"SystemTime": "2025-06-08T21:30:40.456213Z"}}, "EventRecordID": 2011, "Correlation": null, "Execution": {"#attributes": {"ProcessID": 748, "ThreadID": 920}}, "Channel": "System", "Computer": "DC01.pirate.htb", "Security": {"#attributes": {"UserID": "S-1-5-18"}}}, "EventData": {"#attributes": {"Name": "SAMMSG_REQUESTING_NEW_RID_POOL"}}}},
{"TimeGenerated": "2025-06-08T21:30:40.456855Z", "EventID": 16648, "Computer": "DC01.pirate.htb", "RawEvent": {"#attributes": {"xmlns": "http://schemas.microsoft.com/win/2004/08/events/event"}, "System": {"Provider": {"#attributes": {"Name": "Microsoft-Windows-Directory-Services-SAM", "Guid": "0D4FDC09-8C27-494A-BDA0-505E4FD8ADAE"}}, "EventID": 16648, "Version": 0, "Level": 4, "Task": 0, "Opcode": 0, "Keywords": "0x8000000000000000", "TimeCreated": {"#attributes": {"SystemTime": "2025-06-08T21:30:40.456855Z"}}, "EventRecordID": 2012, "Correlation": null, "Execution": {"#attributes": {"ProcessID": 748, "ThreadID": 920}}, "Channel": "System", "Computer": "DC01.pirate.htb", "Security": {"#attributes": {"UserID": "S-1-5-18"}}}, "EventData": {"#attributes": {"Name": "SAMMSG_RID_REQUEST_STATUS_SUCCESS"}, "Binary": "00000000"}}},
{"TimeGenerated": "2025-06-08T21:30:40.451411Z", "EventID": {"#attributes": {"Qualifiers": 16384}, "#text": 7036}, "Computer": "DC01.pirate.htb", "RawEvent": {"#attributes": {"xmlns": "http://schemas.microsoft.com/win/2004/08/events/event"}, "System": {"Provider": {"#attributes": {"Name": "Service Control Manager", "Guid": "{555908d1-a6d7-4695-8e1e-26931d2012f4}", "EventSourceName": "Service Control Manager"}}, "EventID": {"#attributes": {"Qualifiers": 16384}, "#text": 7036}, "Version": 0, "Level": 4, "Task": 0, "Opcode": 0, "Keywords": "0x8080000000000000", "TimeCreated": {"#attributes": {"SystemTime": "2025-06-08T21:30:40.451411Z"}}, "EventRecordID": 2013, "Correlation": null, "Execution": {"#attributes": {"ProcessID": 720, "ThreadID": 1272}}, "Channel": "System", "Computer": "DC01.pirate.htb", "Security": null}, "EventData": {"param1": "Virtual Disk", "param2": "stopped", "Binary": "7600640073002F0031000000"}}},
{"TimeGenerated": "2025-06-08T21:30:40.513251Z", "EventID": {"#attributes": {"Qualifiers": 16384}, "#text": 7036}, "Computer": "DC01.pirate.htb", "RawEvent": {"#attributes": {"xmlns": "http://schemas.microsoft.com/win/2004/08/events/event"}, "System": {"Provider": {"#attributes": {"Name": "Service Control Manager", "Guid": "{555908d1-a6d7-4695-8e1e-26931d2012f4}", "EventSourceName": "Service Control Manager"}}, "EventID": {"#attributes": {"Qualifiers": 16384}, "#text": 7036}, "Version": 0, "Level": 4, "Task": 0, "Opcode": 0, "Keywords": "0x8080000000000000", "TimeCreated": {"#attributes": {"SystemTime": "2025-06-08T21:30:40.513251Z"}}, "EventRecordID": 2014, "Correlation": null, "Execution": {"#attributes": {"ProcessID": 720, "ThreadID": 1272}}, "Channel": "System", "Computer": "DC01.pirate.htb", "Security": null}, "EventData": {"param1": "Windows Update", "param2": "running", "Binary": "770075006100750073006500720076002F0034000000"}}},
{"TimeGenerated": "2025-06-08T21:30:41.513958Z", "EventID": {"#attributes": {"Qualifiers": 16896}, "#text": 3}, "Computer": "DC01.pirate.htb", "RawEvent": {"#attributes": {"xmlns": "http://schemas.microsoft.com/win/2004/08/events/event"}, "System": {"Provider": {"#attributes": {"Name": "Virtual Disk Service"}}, "EventID": {"#attributes": {"Qualifiers": 16896}, "#text": 3}, "Level": 4, "Task": 0, "Keywords": "0x80000000000000", "TimeCreated": {"#attributes": {"SystemTime": "2025-06-08T21:30:41.513958Z"}}, "EventRecordID": 2015, "Channel": "System", "Computer": "DC01.pirate.htb", "Security": null}, "EventData": {"Data": {"#text": "@2010005"}, "Binary": null}}},
{"TimeGenerated": "2025-06-08T21:30:41.372854Z", "EventID": {"#attributes": {"Qualifiers": 16384}, "#text": 7036}, "Computer": "DC01.pirate.htb", "RawEvent": {"#attributes": {"xmlns": "http://schemas.microsoft.com/win/2004/08/events/event"}, "System": {"Provider": {"#attributes": {"Name": "Service Control Manager", "Guid": "{555908d1-a6d7-4695-8e1e-26931d2012f4}", "EventSourceName": "Service Control Manager"}}, "EventID": {"#attributes": {"Qualifiers": 16384}, "#text": 7036}, "Version": 0, "Level": 4, "Task": 0, "Opcode": 0, "Keywords": "0x8080000000000000", "TimeCreated": {"#attributes": {"SystemTime": "2025-06-08T21:30:41.372854Z"}}, "EventRecordID": 2016, "Correlation": null, "Execution": {"#attributes": {"ProcessID": 720, "ThreadID": 5340}}, "Channel": "System", "Computer": "DC01.pirate.htb", "Security": null}, "EventData": {"param1": "DFS Replication", "param2": "stopped", "Binary": "44004600530052002F0031000000"}}},
{"TimeGenerated": "2025-06-08T21:30:41.466426Z", "EventID": {"#attributes": {"Qualifiers": 16384}, "#text": 7036}, "Computer": "DC01.pirate.htb", "RawEvent": {"#attributes": {"xmlns": "http://schemas.microsoft.com/win/2004/08/events/event"}, "System": {"Provider": {"#attributes": {"Name": "Service Control Manager", "Guid": "{555908d1-a6d7-4695-8e1e-26931d2012f4}", "EventSourceName": "Service Control Manager"}}, "EventID": {"#attributes": {"Qualifiers": 16384}, "#text": 7036}, "Version": 0, "Level": 4, "Task": 0, "Opcode": 0, "Keywords": "0x8080000000000000", "TimeCreated": {"#attributes": {"SystemTime": "2025-06-08T21:30:41.466426Z"}}, "EventRecordID": 2017, "Correlation": null, "Execution": {"#attributes": {"ProcessID": 720, "ThreadID": 1272}}, "Channel": "System", "Computer": "DC01.pirate.htb", "Security": null}, "EventData": {"param1": "DFS Replication", "param2": "running", "Binary": "44004600530052002F0034000000"}}},
{"TimeGenerated": "2025-06-08T21:30:41.513958Z", "EventID": {"#attributes": {"Qualifiers": 16384}, "#text": 7036}, "Computer": "DC01.pirate.htb", "RawEvent": {"#attributes": {"xmlns": "http://schemas.microsoft.com/win/2004/08/events/event"}, "System": {"Provider": {"#attributes": {"Name": "Service Control Manager", "Guid": "{555908d1-a6d7-4695-8e1e-26931d2012f4}", "EventSourceName": "Service Control Manager"}}, "EventID": {"#attributes": {"Qualifiers": 16384}, "#text": 7036}, "Version": 0, "Level": 4, "Task": 0, "Opcode": 0, "Keywords": "0x8080000000000000", "TimeCreated": {"#attributes": {"SystemTime": "2025-06-08T21:30:41.513958Z"}}, "EventRecordID": 2018, "Correlation": null, "Execution": {"#attributes": {"ProcessID": 720, "ThreadID": 5340}}, "Channel": "System", "Computer": "DC01.pirate.htb", "Security": null}, "EventData": {"param1": "Virtual Disk", "param2": "running", "Binary": "7600640073002F0034000000"}}},
{"TimeGenerated": "2025-06-08T21:36:10.591612Z", "EventID": {"#attributes": {"Qualifiers": 16384}, "#text": 7036}, "Computer": "DC01.pirate.htb", "RawEvent": {"#attributes": {"xmlns": "http://schemas.microsoft.com/win/2004/08/events/event"}, "System": {"Provider": {"#attributes": {"Name": "Service Control Manager", "Guid": "{555908d1-a6d7-4695-8e1e-26931d2012f4}", "EventSourceName": "Service Control Manager"}}, "EventID": {"#attributes": {"Qualifiers": 16384}, "#text": 7036}, "Version": 0, "Level": 4, "Task": 0, "Opcode": 0, "Keywords": "0x8080000000000000", "TimeCreated": {"#attributes": {"SystemTime": "2025-06-08T21:36:10.591612Z"}}, "EventRecordID": 2019, "Correlation": null, "Execution": {"#attributes": {"ProcessID": 720, "ThreadID": 4392}}, "Channel": "System", "Computer": "DC01.pirate.htb", "Security": null}, "EventData": {"param1": "Microsoft Account Sign-in Assistant", "param2": "running", "Binary": "77006C00690064007300760063002F0034000000"}}},
{"TimeGenerated": "2025-06-08T21:39:43.321738Z", "EventID": {"#attributes": {"Qualifiers": 32768}, "#text": 1074}, "Computer": "DC01.pirate.htb", "RawEvent": {"#attributes": {"xmlns": "http://schemas.microsoft.com/win/2004/08/events/event"}, "System": {"Provider": {"#attributes": {"Name": "User32", "Guid": "{b0aa8734-56f7-41cc-b2f4-de228e98b946}", "EventSourceName": "User32"}}, "EventID": {"#attributes": {"Qualifiers": 32768}, "#text": 1074}, "Version": 0, "Level": 4, "Task": 0, "Opcode": 0, "Keywords": "0x8080000000000000", "TimeCreated": {"#attributes": {"SystemTime": "2025-06-08T21:39:43.321738Z"}}, "EventRecordID": 2020, "Correlation": null, "Execution": {"#attributes": {"ProcessID": 472, "ThreadID": 3208}}, "Channel": "System", "Computer": "DC01.pirate.htb", "Security": {"#attributes": {"UserID": "S-1-5-21-4107424128-4158083573-1300325248-500"}}}, "EventData": {"param1": "C:\\Windows\\System32\\RuntimeBroker.exe (DC01)", "param2": "DC01", "param3": "Other (Unplanned)", "param4": "0x5000000", "param5": "power off", "param6": "", "param7": "PIRATE\\Administrator"}}},
{"TimeGenerated": "2025-06-08T21:39:43.665427Z", "EventID": {"#attributes": {"Qualifiers": 16384}, "#text": 7036}, "Computer": "DC01.pirate.htb", "RawEvent": {"#attributes": {"xmlns": "http://schemas.microsoft.com/win/2004/08/events/event"}, "System": {"Provider": {"#attributes": {"Name": "Service Control Manager", "Guid": "{555908d1-a6d7-4695-8e1e-26931d2012f4}", "EventSourceName": "Service Control Manager"}}, "EventID": {"#attributes": {"Qualifiers": 16384}, "#text": 7036}, "Version": 0, "Level": 4, "Task": 0, "Opcode": 0, "Keywords": "0x8080000000000000", "TimeCreated": {"#attributes": {"SystemTime": "2025-06-08T21:39:43.665427Z"}}, "EventRecordID": 2021, "Correlation": null, "Execution": {"#attributes": {"ProcessID": 720, "ThreadID": 4392}}, "Channel": "System", "Computer": "DC01.pirate.htb", "Security": null}, "EventData": {"param1": "AppX Deployment Service (AppXSVC)", "param2": "running", "Binary": "41007000700058005300760063002F0034000000"}}},
{"TimeGenerated": "2025-06-08T21:39:43.899796Z", "EventID": {"#attributes": {"Qualifiers": 16384}, "#text": 7036}, "Computer": "DC01.pirate.htb", "RawEvent": {"#attributes": {"xmlns": "http://schemas.microsoft.com/win/2004/08/events/event"}, "System": {"Provider": {"#attributes": {"Name": "Service Control Manager", "Guid": "{555908d1-a6d7-4695-8e1e-26931d2012f4}", "EventSourceName": "Service Control Manager"}}, "EventID": {"#attributes": {"Qualifiers": 16384}, "#text": 7036}, "Version": 0, "Level": 4, "Task": 0, "Opcode": 0, "Keywords": "0x8080000000000000", "TimeCreated": {"#attributes": {"SystemTime": "2025-06-08T21:39:43.899796Z"}}, "EventRecordID": 2022, "Correlation": null, "Execution": {"#attributes": {"ProcessID": 720, "ThreadID": 6508}}, "Channel": "System", "Computer": "DC01.pirate.htb", "Security": null}, "EventData": {"param1": "Windows Push Notifications User Service_454c9", "param2": "stopped", "Binary": "570070006E00550073006500720053006500720076006900630065005F00340035003400630039002F0031000000"}}},
{"TimeGenerated": "2025-06-08T21:39:43.899796Z", "EventID": {"#attributes": {"Qualifiers": 16384}, "#text": 7036}, "Computer": "DC01.pirate.htb", "RawEvent": {"#attributes": {"xmlns": "http://schemas.microsoft.com/win/2004/08/events/event"}, "System": {"Provider": {"#attributes": {"Name": "Service Control Manager", "Guid": "{555908d1-a6d7-4695-8e1e-26931d2012f4}", "EventSourceName": "Service Control Manager"}}, "EventID": {"#attributes": {"Qualifiers": 16384}, "#text": 7036}, "Version": 0, "Level": 4, "Task": 0, "Opcode": 0, "Keywords": "0x8080000000000000", "TimeCreated": {"#attributes": {"SystemTime": "2025-06-08T21:39:43.899796Z"}}, "EventRecordID": 2023, "Correlation": null, "Execution": {"#attributes": {"ProcessID": 720, "ThreadID": 5420}}, "Channel": "System", "Computer": "DC01.pirate.htb", "Security": null}, "EventData": {"param1": "Connected Devices Platform User Service_454c9", "param2": "stopped", "Binary": "43004400500055007300650072005300760063005F00340035003400630039002F0031000000"}}},
{"TimeGenerated": "2025-06-08T21:39:43.934844Z", "EventID": 7002, "Computer": "DC01.pirate.htb", "RawEvent": {"#attributes": {"xmlns": "http://schemas.microsoft.com/win/2004/08/events/event"}, "System": {"Provider": {"#attributes": {"Name": "Microsoft-Windows-Winlogon", "Guid": "DBE9B383-7CF3-4331-91CC-A3CB16A3B538"}}, "EventID": 7002, "Version": 0, "Level": 4, "Task": 1102, "Opcode": 0, "Keywords": "0x2000200000000000", "TimeCreated": {"#attributes": {"SystemTime": "2025-06-08T21:39:43.934844Z"}}, "EventRecordID": 2024, "Correlation": null, "Execution": {"#attributes": {"ProcessID": 676, "ThreadID": 1132}}, "Channel": "System", "Computer": "DC01.pirate.htb", "Security": {"#attributes": {"UserID": "S-1-5-18"}}}, "EventData": {"TSId": 1, "UserSid": "S-1-5-21-4107424128-4158083573-1300325248-500"}}},
{"TimeGenerated": "2025-06-08T21:39:44.009323Z", "EventID": {"#attributes": {"Qualifiers": 16384}, "#text": 7036}, "Computer": "DC01.pirate.htb", "RawEvent": {"#attributes": {"xmlns": "http://schemas.microsoft.com/win/2004/08/events/event"}, "System": {"Provider": {"#attributes": {"Name": "Service Control Manager", "Guid": "{555908d1-a6d7-4695-8e1e-26931d2012f4}", "EventSourceName": "Service Control Manager"}}, "EventID": {"#attributes": {"Qualifiers": 16384}, "#text": 7036}, "Version": 0, "Level": 4, "Task": 0, "Opcode": 0, "Keywords": "0x8080000000000000", "TimeCreated": {"#attributes": {"SystemTime": "2025-06-08T21:39:44.009323Z"}}, "EventRecordID": 2025, "Correlation": null, "Execution": {"#attributes": {"ProcessID": 720, "ThreadID": 4392}}, "Channel": "System", "Computer": "DC01.pirate.htb", "Security": null}, "EventData": {"param1": "Capability Access Manager Service", "param2": "running", "Binary": "630061006D007300760063002F0034000000"}}},
{"TimeGenerated": "2025-06-08T21:39:45.491723Z", "EventID": {"#attributes": {"Qualifiers": 7}, "#text": 10149}, "Computer": "DC01.pirate.htb", "RawEvent": {"#attributes": {"xmlns": "http://schemas.microsoft.com/win/2004/08/events/event"}, "System": {"Provider": {"#attributes": {"Name": "Microsoft-Windows-WinRM", "Guid": "{A7975C8F-AC13-49F1-87DA-5A984A4AB417}", "EventSourceName": "WinRM"}}, "EventID": {"#attributes": {"Qualifiers": 7}, "#text": 10149}, "Version": 0, "Level": 3, "Task": 0, "Opcode": 0, "Keywords": "0x80000000000000", "TimeCreated": {"#attributes": {"SystemTime": "2025-06-08T21:39:45.491723Z"}}, "EventRecordID": 2026, "Correlation": null, "Execution": {"#attributes": {"ProcessID": 0, "ThreadID": 0}}, "Channel": "System", "Computer": "DC01.pirate.htb", "Security": null}, "EventData": {"#attributes": {"Name": "Stopped Listening"}}}},
{"TimeGenerated": "2025-06-08T21:39:45.522964Z", "EventID": {"#attributes": {"Qualifiers": 32768}, "#text": 6006}, "Computer": "DC01.pirate.htb", "RawEvent": {"#attributes": {"xmlns": "http://schemas.microsoft.com/win/2004/08/events/event"}, "System": {"Provider": {"#attributes": {"Name": "EventLog"}}, "EventID": {"#attributes": {"Qualifiers": 32768}, "#text": 6006}, "Level": 4, "Task": 0, "Keywords": "0x80000000000000", "TimeCreated": {"#attributes": {"SystemTime": "2025-06-08T21:39:45.522964Z"}}, "EventRecordID": 2027, "Channel": "System", "Computer": "DC01.pirate.htb", "Security": null}, "EventData": {"Data": {"#text": ""}, "Binary": "0100000021030000"}}},
{"TimeGenerated": "2025-06-08T21:39:44.995453Z", "EventID": 234, "Computer": "DC01.pirate.htb", "RawEvent": {"#attributes": {"xmlns": "http://schemas.microsoft.com/win/2004/08/events/event"}, "System": {"Provider": {"#attributes": {"Name": "Microsoft-Windows-Hyper-V-VmSwitch", "Guid": "67DC0D66-3695-47C0-9642-33F76F7BD7AD"}}, "EventID": 234, "Version": 0, "Level": 4, "Task": 0, "Opcode": 0, "Keywords": "0x8000000000000080", "TimeCreated": {"#attributes": {"SystemTime": "2025-06-08T21:39:44.995453Z"}}, "EventRecordID": 2028, "Correlation": null, "Execution": {"#attributes": {"ProcessID": 6684, "ThreadID": 4100}}, "Channel": "System", "Computer": "DC01.pirate.htb", "Security": {"#attributes": {"UserID": "S-1-5-83-1-1833032634-1235907129-3072429443-347741155"}}}, "EventData": {"NicNameLen": 74, "NicName": "6D41DBBA-7239-49AA-838D-21B7E31BBA14--44CADE70-D707-4E9E-978A-ED2E85E23C94", "PortNameLen": 1, "PortName": ""}}},
{"TimeGenerated": "2025-06-08T21:39:44.996227Z", "EventID": 233, "Computer": "DC01.pirate.htb", "RawEvent": {"#attributes": {"xmlns": "http://schemas.microsoft.com/win/2004/08/events/event"}, "System": {"Provider": {"#attributes": {"Name": "Microsoft-Windows-Hyper-V-VmSwitch", "Guid": "67DC0D66-3695-47C0-9642-33F76F7BD7AD"}}, "EventID": 233, "Version": 0, "Level": 4, "Task": 0, "Opcode": 0, "Keywords": "0x8000000000000080", "TimeCreated": {"#attributes": {"SystemTime": "2025-06-08T21:39:44.996227Z"}}, "EventRecordID": 2029, "Correlation": null, "Execution": {"#attributes": {"ProcessID": 6684, "ThreadID": 4100}}, "Channel": "System", "Computer": "DC01.pirate.htb", "Security": {"#attributes": {"UserID": "S-1-5-83-1-1833032634-1235907129-3072429443-347741155"}}}, "EventData": {"NicNameLen": 74, "NicName": "6D41DBBA-7239-49AA-838D-21B7E31BBA14--44CADE70-D707-4E9E-978A-ED2E85E23C94", "NicFNameLen": 15, "NicFName": "Network Adapter", "Operation": 8}}},
{"TimeGenerated": "2025-06-08T21:39:45.304215Z", "EventID": {"#attributes": {"Qualifiers": 16384}, "#text": 7036}, "Computer": "DC01.pirate.htb", "RawEvent": {"#attributes": {"xmlns": "http://schemas.microsoft.com/win/2004/08/events/event"}, "System": {"Provider": {"#attributes": {"Name": "Service Control Manager", "Guid": "{555908d1-a6d7-4695-8e1e-26931d2012f4}", "EventSourceName": "Service Control Manager"}}, "EventID": {"#attributes": {"Qualifiers": 16384}, "#text": 7036}, "Version": 0, "Level": 4, "Task": 0, "Opcode": 0, "Keywords": "0x8080000000000000", "TimeCreated": {"#attributes": {"SystemTime": "2025-06-08T21:39:45.304215Z"}}, "EventRecordID": 2030, "Correlation": null, "Execution": {"#attributes": {"ProcessID": 720, "ThreadID": 4392}}, "Channel": "System", "Computer": "DC01.pirate.htb", "Security": null}, "EventData": {"param1": "Hyper-V Virtual Machine Management", "param2": "stopped", "Binary": "76006D006D0073002F0031000000"}}},
{"TimeGenerated": "2025-06-08T21:39:45.335461Z", "EventID": {"#attributes": {"Qualifiers": 16384}, "#text": 7036}, "Computer": "DC01.pirate.htb", "RawEvent": {"#attributes": {"xmlns": "http://schemas.microsoft.com/win/2004/08/events/event"}, "System": {"Provider": {"#attributes": {"Name": "Service Control Manager", "Guid": "{555908d1-a6d7-4695-8e1e-26931d2012f4}", "EventSourceName": "Service Control Manager"}}, "EventID": {"#attributes": {"Qualifiers": 16384}, "#text": 7036}, "Version": 0, "Level": 4, "Task": 0, "Opcode": 0, "Keywords": "0x8080000000000000", "TimeCreated": {"#attributes": {"SystemTime": "2025-06-08T21:39:45.335461Z"}}, "EventRecordID": 2031, "Correlation": null, "Execution": {"#attributes": {"ProcessID": 720, "ThreadID": 4392}}, "Channel": "System", "Computer": "DC01.pirate.htb", "Security": null}, "EventData": {"param1": "Group Policy Client", "param2": "stopped", "Binary": "670070007300760063002F0031000000"}}},
{"TimeGenerated": "2025-06-08T21:39:45.382337Z", "EventID": {"#attributes": {"Qualifiers": 16384}, "#text": 7036}, "Computer": "DC01.pirate.htb", "RawEvent": {"#attributes": {"xmlns": "http://schemas.microsoft.com/win/2004/08/events/event"}, "System": {"Provider": {"#attributes": {"Name": "Service Control Manager", "Guid": "{555908d1-a6d7-4695-8e1e-26931d2012f4}", "EventSourceName": "Service Control Manager"}}, "EventID": {"#attributes": {"Qualifiers": 16384}, "#text": 7036}, "Version": 0, "Level": 4, "Task": 0, "Opcode": 0, "Keywords": "0x8080000000000000", "TimeCreated": {"#attributes": {"SystemTime": "2025-06-08T21:39:45.382337Z"}}, "EventRecordID": 2032, "Correlation": null, "Execution": {"#attributes": {"ProcessID": 720, "ThreadID": 4392}}, "Channel": "System", "Computer": "DC01.pirate.htb", "Security": null}, "EventData": {"param1": "VMware Tools", "param2": "stopped", "Binary": "56004D0054006F006F006C0073002F0031000000"}}},
{"TimeGenerated": "2025-06-08T21:39:45.398739Z", "EventID": {"#attributes": {"Qualifiers": 16384}, "#text": 7036}, "Computer": "DC01.pirate.htb", "RawEvent": {"#attributes": {"xmlns": "http://schemas.microsoft.com/win/2004/08/events/event"}, "System": {"Provider": {"#attributes": {"Name": "Service Control Manager", "Guid": "{555908d1-a6d7-4695-8e1e-26931d2012f4}", "EventSourceName": "Service Control Manager"}}, "EventID": {"#attributes": {"Qualifiers": 16384}, "#text": 7036}, "Version": 0, "Level": 4, "Task": 0, "Opcode": 0, "Keywords": "0x8080000000000000", "TimeCreated": {"#attributes": {"SystemTime": "2025-06-08T21:39:45.398739Z"}}, "EventRecordID": 2033, "Correlation": null, "Execution": {"#attributes": {"ProcessID": 720, "ThreadID": 4392}}, "Channel": "System", "Computer": "DC01.pirate.htb", "Security": null}, "EventData": {"param1": "User Access Logging Service", "param2": "stopped", "Binary": "550041004C005300560043002F0031000000"}}},
{"TimeGenerated": "2025-06-08T21:39:45.413588Z", "EventID": {"#attributes": {"Qualifiers": 16384}, "#text": 7036}, "Computer": "DC01.pirate.htb", "RawEvent": {"#attributes": {"xmlns": "http://schemas.microsoft.com/win/2004/08/events/event"}, "System": {"Provider": {"#attributes": {"Name": "Service Control Manager", "Guid": "{555908d1-a6d7-4695-8e1e-26931d2012f4}", "EventSourceName": "Service Control Manager"}}, "EventID": {"#attributes": {"Qualifiers": 16384}, "#text": 7036}, "Version": 0, "Level": 4, "Task": 0, "Opcode": 0, "Keywords": "0x8080000000000000", "TimeCreated": {"#attributes": {"SystemTime": "2025-06-08T21:39:45.413588Z"}}, "EventRecordID": 2034, "Correlation": null, "Execution": {"#attributes": {"ProcessID": 720, "ThreadID": 4392}}, "Channel": "System", "Computer": "DC01.pirate.htb", "Security": null}, "EventData": {"param1": "Connected User Experiences and Telemetry", "param2": "stopped", "Binary": "440069006100670054007200610063006B002F0031000000"}}},
