{"TimeGenerated": "2025-06-08T14:37:06.799278Z", "EventID": {"#attributes": {"Qualifiers": 16384}, "#text": 7036}, "Computer": "DC01", "RawEvent": {"#attributes": {"xmlns": "http://schemas.microsoft.com/win/2004/08/events/event"}, "System": {"Provider": {"#attributes": {"Name": "Service Control Manager", "Guid": "{555908d1-a6d7-4695-8e1e-26931d2012f4}", "EventSourceName": "Service Control Manager"}}, "EventID": {"#attributes": {"Qualifiers": 16384}, "#text": 7036}, "Version": 0, "Level": 4, "Task": 0, "Opcode": 0, "Keywords": "0x8080000000000000", "TimeCreated": {"#attributes": {"SystemTime": "2025-06-08T14:37:06.799278Z"}}, "EventRecordID": 585, "Correlation": null, "Execution": {"#attributes": {"ProcessID": 632, "ThreadID": 4880}}, "Channel": "System", "Computer": "DC01", "Security": null}, "EventData": {"param1": "Portable Device Enumerator Service", "param2": "stopped", "Binary": "57005000440042007500730045006E0075006D002F0031000000"}}},
{"TimeGenerated": "2025-06-08T14:37:09.411129Z", "EventID": {"#attributes": {"Qualifiers": 16384}, "#text": 7036}, "Computer": "DC01", "RawEvent": {"#attributes": {"xmlns": "http://schemas.microsoft.com/win/2004/08/events/event"}, "System": {"Provider": {"#attributes": {"Name": "Service Control Manager", "Guid": "{555908d1-a6d7-4695-8e1e-26931d2012f4}", "EventSourceName": "Service Control Manager"}}, "EventID": {"#attributes": {"Qualifiers": 16384}, "#text": 7036}, "Version": 0, "Level": 4, "Task": 0, "Opcode": 0, "Keywords": "0x8080000000000000", "TimeCreated": {"#attributes": {"SystemTime": "2025-06-08T14:37:09.411129Z"}}, "EventRecordID": 586, "Correlation": null, "Execution": {"#attributes": {"ProcessID": 632, "ThreadID": 2760}}, "Channel": "System", "Computer": "DC01", "Security": null}, "EventData": {"param1": "Downloaded Maps Manager", "param2": "stopped", "Binary": "4D00610070007300420072006F006B00650072002F0031000000"}}},
{"TimeGenerated": "2025-06-08T14:37:19.614382Z", "EventID": {"#attributes": {"Qualifiers": 16384}, "#text": 7036}, "Computer": "DC01", "RawEvent": {"#attributes": {"xmlns": "http://schemas.microsoft.com/win/2004/08/events/event"}, "System": {"Provider": {"#attributes": {"Name": "Service Control Manager", "Guid": "{555908d1-a6d7-4695-8e1e-26931d2012f4}", "EventSourceName": "Service Control Manager"}}, "EventID": {"#attributes": {"Qualifiers": 16384}, "#text": 7036}, "Version": 0, "Level": 4, "Task": 0, "Opcode": 0, "Keywords": "0x8080000000000000", "TimeCreated": {"#attributes": {"SystemTime": "2025-06-08T14:37:19.614382Z"}}, "EventRecordID": 587, "Correlation": null, "Execution": {"#attributes": {"ProcessID": 632, "ThreadID": 2760}}, "Channel": "System", "Computer": "DC01", "Security": null}, "EventData": {"param1": "WMI Performance Adapter", "param2": "stopped", "Binary": "77006D006900410070005300720076002F0031000000"}}},
{"TimeGenerated": "2025-06-08T14:37:29.432644Z", "EventID": {"#attributes": {"Qualifiers": 16384}, "#text": 7036}, "Computer": "DC01", "RawEvent": {"#attributes": {"xmlns": "http://schemas.microsoft.com/win/2004/08/events/event"}, "System": {"Provider": {"#attributes": {"Name": "Service Control Manager", "Guid": "{555908d1-a6d7-4695-8e1e-26931d2012f4}", "EventSourceName": "Service Control Manager"}}, "EventID": {"#attributes": {"Qualifiers": 16384}, "#text": 7036}, "Version": 0, "Level": 4, "Task": 0, "Opcode": 0, "Keywords": "0x8080000000000000", "TimeCreated": {"#attributes": {"SystemTime": "2025-06-08T14:37:29.432644Z"}}, "EventRecordID": 588, "Correlation": null, "Execution": {"#attributes": {"ProcessID": 632, "ThreadID": 2760}}, "Channel": "System", "Computer": "DC01", "Security": null}, "EventData": {"param1": "Software Protection", "param2": "stopped", "Binary": "7300700070007300760063002F0031000000"}}},
{"TimeGenerated": "2025-06-08T14:37:36.156764Z", "EventID": {"#attributes": {"Qualifiers": 16384}, "#text": 7036}, "Computer": "DC01", "RawEvent": {"#attributes": {"xmlns": "http://schemas.microsoft.com/win/2004/08/events/event"}, "System": {"Provider": {"#attributes": {"Name": "Service Control Manager", "Guid": "{555908d1-a6d7-4695-8e1e-26931d2012f4}", "EventSourceName": "Service Control Manager"}}, "EventID": {"#attributes": {"Qualifiers": 16384}, "#text": 7036}, "Version": 0, "Level": 4, "Task": 0, "Opcode": 0, "Keywords": "0x8080000000000000", "TimeCreated": {"#attributes": {"SystemTime": "2025-06-08T14:37:36.156764Z"}}, "EventRecordID": 589, "Correlation": null, "Execution": {"#attributes": {"ProcessID": 632, "ThreadID": 2760}}, "Channel": "System", "Computer": "DC01", "Security": null}, "EventData": {"param1": "Network Setup Service", "param2": "stopped", "Binary": "4E0065007400530065007400750070005300760063002F0031000000"}}},
{"TimeGenerated": "2025-06-08T14:38:01.026029Z", "EventID": {"#attributes": {"Qualifiers": 16384}, "#text": 7036}, "Computer": "DC01", "RawEvent": {"#attributes": {"xmlns": "http://schemas.microsoft.com/win/2004/08/events/event"}, "System": {"Provider": {"#attributes": {"Name": "Service Control Manager", "Guid": "{555908d1-a6d7-4695-8e1e-26931d2012f4}", "EventSourceName": "Service Control Manager"}}, "EventID": {"#attributes": {"Qualifiers": 16384}, "#text": 7036}, "Version": 0, "Level": 4, "Task": 0, "Opcode": 0, "Keywords": "0x8080000000000000", "TimeCreated": {"#attributes": {"SystemTime": "2025-06-08T14:38:01.026029Z"}}, "EventRecordID": 590, "Correlation": null, "Execution": {"#attributes": {"ProcessID": 632, "ThreadID": 2760}}, "Channel": "System", "Computer": "DC01", "Security": null}, "EventData": {"param1": "Microsoft Account Sign-in Assistant", "param2": "stopped", "Binary": "77006C00690064007300760063002F0031000000"}}},
{"TimeGenerated": "2025-06-08T14:38:01.108043Z", "EventID": {"#attributes": {"Qualifiers": 16384}, "#text": 7036}, "Computer": "DC01", "RawEvent": {"#attributes": {"xmlns": "http://schemas.microsoft.com/win/2004/08/events/event"}, "System": {"Provider": {"#attributes": {"Name": "Service Control Manager", "Guid": "{555908d1-a6d7-4695-8e1e-26931d2012f4}", "EventSourceName": "Service Control Manager"}}, "EventID": {"#attributes": {"Qualifiers": 16384}, "#text": 7036}, "Version": 0, "Level": 4, "Task": 0, "Opcode": 0, "Keywords": "0x8080000000000000", "TimeCreated": {"#attributes": {"SystemTime": "2025-06-08T14:38:01.108043Z"}}, "EventRecordID": 591, "Correlation": null, "Execution": {"#attributes": {"ProcessID": 632, "ThreadID": 4880}}, "Channel": "System", "Computer": "DC01", "Security": null}, "EventData": {"param1": "VMware Snapshot Provider", "param2": "stopped", "Binary": "76006D007600730073002F0031000000"}}},
{"TimeGenerated": "2025-06-08T14:38:13.556253Z", "EventID": {"#attributes": {"Qualifiers": 16384}, "#text": 7036}, "Computer": "DC01", "RawEvent": {"#attributes": {"xmlns": "http://schemas.microsoft.com/win/2004/08/events/event"}, "System": {"Provider": {"#attributes": {"Name": "Service Control Manager", "Guid": "{555908d1-a6d7-4695-8e1e-26931d2012f4}", "EventSourceName": "Service Control Manager"}}, "EventID": {"#attributes": {"Qualifiers": 16384}, "#text": 7036}, "Version": 0, "Level": 4, "Task": 0, "Opcode": 0, "Keywords": "0x8080000000000000", "TimeCreated": {"#attributes": {"SystemTime": "2025-06-08T14:38:13.556253Z"}}, "EventRecordID": 592, "Correlation": null, "Execution": {"#attributes": {"ProcessID": 632, "ThreadID": 4880}}, "Channel": "System", "Computer": "DC01", "Security": null}, "EventData": {"param1": "Windows Modules Installer", "param2": "stopped", "Binary": "540072007500730074006500640049006E007300740061006C006C00650072002F0031000000"}}},
{"TimeGenerated": "2025-06-08T14:38:53.528034Z", "EventID": {"#attributes": {"Qualifiers": 16384}, "#text": 7036}, "Computer": "DC01", "RawEvent": {"#attributes": {"xmlns": "http://schemas.microsoft.com/win/2004/08/events/event"}, "System": {"Provider": {"#attributes": {"Name": "Service Control Manager", "Guid": "{555908d1-a6d7-4695-8e1e-26931d2012f4}", "EventSourceName": "Service Control Manager"}}, "EventID": {"#attributes": {"Qualifiers": 16384}, "#text": 7036}, "Version": 0, "Level": 4, "Task": 0, "Opcode": 0, "Keywords": "0x8080000000000000", "TimeCreated": {"#attributes": {"SystemTime": "2025-06-08T14:38:53.528034Z"}}, "EventRecordID": 593, "Correlation": null, "Execution": {"#attributes": {"ProcessID": 632, "ThreadID": 2760}}, "Channel": "System", "Computer": "DC01", "Security": null}, "EventData": {"param1": "Volume Shadow Copy", "param2": "stopped", "Binary": "5600530053002F0031000000"}}},
{"TimeGenerated": "2025-06-08T14:38:58.500964Z", "EventID": {"#attributes": {"Qualifiers": 16384}, "#text": 7036}, "Computer": "DC01", "RawEvent": {"#attributes": {"xmlns": "http://schemas.microsoft.com/win/2004/08/events/event"}, "System": {"Provider": {"#attributes": {"Name": "Service Control Manager", "Guid": "{555908d1-a6d7-4695-8e1e-26931d2012f4}", "EventSourceName": "Service Control Manager"}}, "EventID": {"#attributes": {"Qualifiers": 16384}, "#text": 7036}, "Version": 0, "Level": 4, "Task": 0, "Opcode": 0, "Keywords": "0x8080000000000000", "TimeCreated": {"#attributes": {"SystemTime": "2025-06-08T14:38:58.500964Z"}}, "EventRecordID": 594, "Correlation": null, "Execution": {"#attributes": {"ProcessID": 632, "ThreadID": 2760}}, "Channel": "System", "Computer": "DC01", "Security": null}, "EventData": {"param1": "Windows Modules Installer", "param2": "running", "Binary": "540072007500730074006500640049006E007300740061006C006C00650072002F0034000000"}}},
{"TimeGenerated": "2025-06-08T14:39:19.428739Z", "EventID": {"#attributes": {"Qualifiers": 16384}, "#text": 7040}, "Computer": "DC01", "RawEvent": {"#attributes": {"xmlns": "http://schemas.microsoft.com/win/2004/08/events/event"}, "System": {"Provider": {"#attributes": {"Name": "Service Control Manager", "Guid": "{555908d1-a6d7-4695-8e1e-26931d2012f4}", "EventSourceName": "Service Control Manager"}}, "EventID": {"#attributes": {"Qualifiers": 16384}, "#text": 7040}, "Version": 0, "Level": 4, "Task": 0, "Opcode": 0, "Keywords": "0x8080000000000000", "TimeCreated": {"#attributes": {"SystemTime": "2025-06-08T14:39:19.428739Z"}}, "EventRecordID": 595, "Correlation": null, "Execution": {"#attributes": {"ProcessID": 632, "ThreadID": 2760}}, "Channel": "System", "Computer": "DC01", "Security": {"#attributes": {"UserID": "S-1-5-18"}}}, "EventData": {"param1": "Background Intelligent Transfer Service", "param2": "auto start", "param3": "demand start", "param4": "BITS"}}},
{"TimeGenerated": "2025-06-08T14:39:19.462077Z", "EventID": {"#attributes": {"Qualifiers": 16384}, "#text": 7036}, "Computer": "DC01", "RawEvent": {"#attributes": {"xmlns": "http://schemas.microsoft.com/win/2004/08/events/event"}, "System": {"Provider": {"#attributes": {"Name": "Service Control Manager", "Guid": "{555908d1-a6d7-4695-8e1e-26931d2012f4}", "EventSourceName": "Service Control Manager"}}, "EventID": {"#attributes": {"Qualifiers": 16384}, "#text": 7036}, "Version": 0, "Level": 4, "Task": 0, "Opcode": 0, "Keywords": "0x8080000000000000", "TimeCreated": {"#attributes": {"SystemTime": "2025-06-08T14:39:19.462077Z"}}, "EventRecordID": 596, "Correlation": null, "Execution": {"#attributes": {"ProcessID": 632, "ThreadID": 2760}}, "Channel": "System", "Computer": "DC01", "Security": null}, "EventData": {"param1": "Background Intelligent Transfer Service", "param2": "stopped", "Binary": "42004900540053002F0031000000"}}},
{"TimeGenerated": "2025-06-08T14:39:40.551377Z", "EventID": {"#attributes": {"Qualifiers": 16384}, "#text": 7040}, "Computer": "DC01", "RawEvent": {"#attributes": {"xmlns": "http://schemas.microsoft.com/win/2004/08/events/event"}, "System": {"Provider": {"#attributes": {"Name": "Service Control Manager", "Guid": "{555908d1-a6d7-4695-8e1e-26931d2012f4}", "EventSourceName": "Service Control Manager"}}, "EventID": {"#attributes": {"Qualifiers": 16384}, "#text": 7040}, "Version": 0, "Level": 4, "Task": 0, "Opcode": 0, "Keywords": "0x8080000000000000", "TimeCreated": {"#attributes": {"SystemTime": "2025-06-08T14:39:40.551377Z"}}, "EventRecordID": 597, "Correlation": null, "Execution": {"#attributes": {"ProcessID": 632, "ThreadID": 2760}}, "Channel": "System", "Computer": "DC01", "Security": {"#attributes": {"UserID": "S-1-5-18"}}}, "EventData": {"param1": "Windows Modules Installer", "param2": "demand start", "param3": "auto start", "param4": "TrustedInstaller"}}},
{"TimeGenerated": "2025-06-08T14:39:41.963824Z", "EventID": {"#attributes": {"Qualifiers": 16384}, "#text": 7036}, "Computer": "DC01", "RawEvent": {"#attributes": {"xmlns": "http://schemas.microsoft.com/win/2004/08/events/event"}, "System": {"Provider": {"#attributes": {"Name": "Service Control Manager", "Guid": "{555908d1-a6d7-4695-8e1e-26931d2012f4}", "EventSourceName": "Service Control Manager"}}, "EventID": {"#attributes": {"Qualifiers": 16384}, "#text": 7036}, "Version": 0, "Level": 4, "Task": 0, "Opcode": 0, "Keywords": "0x8080000000000000", "TimeCreated": {"#attributes": {"SystemTime": "2025-06-08T14:39:41.963824Z"}}, "EventRecordID": 598, "Correlation": null, "Execution": {"#attributes": {"ProcessID": 632, "ThreadID": 2760}}, "Channel": "System", "Computer": "DC01", "Security": null}, "EventData": {"param1": "DNS Server", "param2": "running", "Binary": "44004E0053002F0034000000"}}},
{"TimeGenerated": "2025-06-08T14:39:42.456050Z", "EventID": {"#attributes": {"Qualifiers": 16384}, "#text": 7036}, "Computer": "DC01", "RawEvent": {"#attributes": {"xmlns": "http://schemas.microsoft.com/win/2004/08/events/event"}, "System": {"Provider": {"#attributes": {"Name": "Service Control Manager", "Guid": "{555908d1-a6d7-4695-8e1e-26931d2012f4}", "EventSourceName": "Service Control Manager"}}, "EventID": {"#attributes": {"Qualifiers": 16384}, "#text": 7036}, "Version": 0, "Level": 4, "Task": 0, "Opcode": 0, "Keywords": "0x8080000000000000", "TimeCreated": {"#attributes": {"SystemTime": "2025-06-08T14:39:42.456050Z"}}, "EventRecordID": 599, "Correlation": null, "Execution": {"#attributes": {"ProcessID": 632, "ThreadID": 2760}}, "Channel": "System", "Computer": "DC01", "Security": null}, "EventData": {"param1": "Volume Shadow Copy", "param2": "running", "Binary": "5600530053002F0034000000"}}},
{"TimeGenerated": "2025-06-08T14:39:42.464252Z", "EventID": {"#attributes": {"Qualifiers": 16384}, "#text": 7040}, "Computer": "DC01", "RawEvent": {"#attributes": {"xmlns": "http://schemas.microsoft.com/win/2004/08/events/event"}, "System": {"Provider": {"#attributes": {"Name": "Service Control Manager", "Guid": "{555908d1-a6d7-4695-8e1e-26931d2012f4}", "EventSourceName": "Service Control Manager"}}, "EventID": {"#attributes": {"Qualifiers": 16384}, "#text": 7040}, "Version": 0, "Level": 4, "Task": 0, "Opcode": 0, "Keywords": "0x8080000000000000", "TimeCreated": {"#attributes": {"SystemTime": "2025-06-08T14:39:42.464252Z"}}, "EventRecordID": 600, "Correlation": null, "Execution": {"#attributes": {"ProcessID": 632, "ThreadID": 2760}}, "Channel": "System", "Computer": "DC01", "Security": {"#attributes": {"UserID": "S-1-5-18"}}}, "EventData": {"param1": "Windows Modules Installer", "param2": "auto start", "param3": "demand start", "param4": "TrustedInstaller"}}},
{"TimeGenerated": "2025-06-08T14:39:49.613789Z", "EventID": {"#attributes": {"Qualifiers": 16384}, "#text": 7036}, "Computer": "DC01", "RawEvent": {"#attributes": {"xmlns": "http://schemas.microsoft.com/win/2004/08/events/event"}, "System": {"Provider": {"#attributes": {"Name": "Service Control Manager", "Guid": "{555908d1-a6d7-4695-8e1e-26931d2012f4}", "EventSourceName": "Service Control Manager"}}, "EventID": {"#attributes": {"Qualifiers": 16384}, "#text": 7036}, "Version": 0, "Level": 4, "Task": 0, "Opcode": 0, "Keywords": "0x8080000000000000", "TimeCreated": {"#attributes": {"SystemTime": "2025-06-08T14:39:49.613789Z"}}, "EventRecordID": 601, "Correlation": null, "Execution": {"#attributes": {"ProcessID": 632, "ThreadID": 2760}}, "Channel": "System", "Computer": "DC01", "Security": null}, "EventData": {"param1": "Network Connectivity Assistant", "param2": "stopped", "Binary": "4E00630061005300760063002F0031000000"}}},
{"TimeGenerated": "2025-06-08T14:39:53.609363Z", "EventID": {"#attributes": {"Qualifiers": 16896}, "#text": 4}, "Computer": "DC01", "RawEvent": {"#attributes": {"xmlns": "http://schemas.microsoft.com/win/2004/08/events/event"}, "System": {"Provider": {"#attributes": {"Name": "Virtual Disk Service"}}, "EventID": {"#attributes": {"Qualifiers": 16896}, "#text": 4}, "Level": 4, "Task": 0, "Keywords": "0x80000000000000", "TimeCreated": {"#attributes": {"SystemTime": "2025-06-08T14:39:53.609363Z"}}, "EventRecordID": 602, "Channel": "System", "Computer": "DC01", "Security": null}, "EventData": {"Data": {"#text": "@2010001"}, "Binary": null}}},
{"TimeGenerated": "2025-06-08T14:39:53.346342Z", "EventID": {"#attributes": {"Qualifiers": 16384}, "#text": 7040}, "Computer": "DC01", "RawEvent": {"#attributes": {"xmlns": "http://schemas.microsoft.com/win/2004/08/events/event"}, "System": {"Provider": {"#attributes": {"Name": "Service Control Manager", "Guid": "{555908d1-a6d7-4695-8e1e-26931d2012f4}", "EventSourceName": "Service Control Manager"}}, "EventID": {"#attributes": {"Qualifiers": 16384}, "#text": 7040}, "Version": 0, "Level": 4, "Task": 0, "Opcode": 0, "Keywords": "0x8080000000000000", "TimeCreated": {"#attributes": {"SystemTime": "2025-06-08T14:39:53.346342Z"}}, "EventRecordID": 603, "Correlation": null, "Execution": {"#attributes": {"ProcessID": 632, "ThreadID": 2760}}, "Channel": "System", "Computer": "DC01", "Security": {"#attributes": {"UserID": "S-1-5-18"}}}, "EventData": {"param1": "Netlogon", "param2": "demand start", "param3": "auto start", "param4": "Netlogon"}}},
{"TimeGenerated": "2025-06-08T14:39:53.347843Z", "EventID": {"#attributes": {"Qualifiers": 16384}, "#text": 7040}, "Computer": "DC01", "RawEvent": {"#attributes": {"xmlns": "http://schemas.microsoft.com/win/2004/08/events/event"}, "System": {"Provider": {"#attributes": {"Name": "Service Control Manager", "Guid": "{555908d1-a6d7-4695-8e1e-26931d2012f4}", "EventSourceName": "Service Control Manager"}}, "EventID": {"#attributes": {"Qualifiers": 16384}, "#text": 7040}, "Version": 0, "Level": 4, "Task": 0, "Opcode": 0, "Keywords": "0x8080000000000000", "TimeCreated": {"#attributes": {"SystemTime": "2025-06-08T14:39:53.347843Z"}}, "EventRecordID": 604, "Correlation": null, "Execution": {"#attributes": {"ProcessID": 632, "ThreadID": 2760}}, "Channel": "System", "Computer": "DC01", "Security": {"#attributes": {"UserID": "S-1-5-18"}}}, "EventData": {"param1": "Active Directory Domain Services", "param2": "disabled", "param3": "auto start", "param4": "NTDS"}}},
{"TimeGenerated": "2025-06-08T14:39:53.347843Z", "EventID": {"#attributes": {"Qualifiers": 16384}, "#text": 7040}, "Computer": "DC01", "RawEvent": {"#attributes": {"xmlns": "http://schemas.microsoft.com/win/2004/08/events/event"}, "System": {"Provider": {"#attributes": {"Name": "Service Control Manager", "Guid": "{555908d1-a6d7-4695-8e1e-26931d2012f4}", "EventSourceName": "Service Control Manager"}}, "EventID": {"#attributes": {"Qualifiers": 16384}, "#text": 7040}, "Version": 0, "Level": 4, "Task": 0, "Opcode": 0, "Keywords": "0x8080000000000000", "TimeCreated": {"#attributes": {"SystemTime": "2025-06-08T14:39:53.347843Z"}}, "EventRecordID": 605, "Correlation": null, "Execution": {"#attributes": {"ProcessID": 632, "ThreadID": 2760}}, "Channel": "System", "Computer": "DC01", "Security": {"#attributes": {"UserID": "S-1-5-18"}}}, "EventData": {"param1": "Intersite Messaging", "param2": "disabled", "param3": "auto start", "param4": "IsmServ"}}},
{"TimeGenerated": "2025-06-08T14:39:53.348463Z", "EventID": {"#attributes": {"Qualifiers": 16384}, "#text": 7040}, "Computer": "DC01", "RawEvent": {"#attributes": {"xmlns": "http://schemas.microsoft.com/win/2004/08/events/event"}, "System": {"Provider": {"#attributes": {"Name": "Service Control Manager", "Guid": "{555908d1-a6d7-4695-8e1e-26931d2012f4}", "EventSourceName": "Service Control Manager"}}, "EventID": {"#attributes": {"Qualifiers": 16384}, "#text": 7040}, "Version": 0, "Level": 4, "Task": 0, "Opcode": 0, "Keywords": "0x8080000000000000", "TimeCreated": {"#attributes": {"SystemTime": "2025-06-08T14:39:53.348463Z"}}, "EventRecordID": 606, "Correlation": null, "Execution": {"#attributes": {"ProcessID": 632, "ThreadID": 2760}}, "Channel": "System", "Computer": "DC01", "Security": {"#attributes": {"UserID": "S-1-5-18"}}}, "EventData": {"param1": "Kerberos Key Distribution Center", "param2": "disabled", "param3": "auto start", "param4": "kdc"}}},
{"TimeGenerated": "2025-06-08T14:39:53.348463Z", "EventID": {"#attributes": {"Qualifiers": 16384}, "#text": 7040}, "Computer": "DC01", "RawEvent": {"#attributes": {"xmlns": "http://schemas.microsoft.com/win/2004/08/events/event"}, "System": {"Provider": {"#attributes": {"Name": "Service Control Manager", "Guid": "{555908d1-a6d7-4695-8e1e-26931d2012f4}", "EventSourceName": "Service Control Manager"}}, "EventID": {"#attributes": {"Qualifiers": 16384}, "#text": 7040}, "Version": 0, "Level": 4, "Task": 0, "Opcode": 0, "Keywords": "0x8080000000000000", "TimeCreated": {"#attributes": {"SystemTime": "2025-06-08T14:39:53.348463Z"}}, "EventRecordID": 607, "Correlation": null, "Execution": {"#attributes": {"ProcessID": 632, "ThreadID": 2760}}, "Channel": "System", "Computer": "DC01", "Security": {"#attributes": {"UserID": "S-1-5-18"}}}, "EventData": {"param1": "Distributed Link Tracking Client", "param2": "auto start", "param3": "demand start", "param4": "TrkWks"}}},
{"TimeGenerated": "2025-06-08T14:39:53.377350Z", "EventID": {"#attributes": {"Qualifiers": 16384}, "#text": 7036}, "Computer": "DC01", "RawEvent": {"#attributes": {"xmlns": "http://schemas.microsoft.com/win/2004/08/events/event"}, "System": {"Provider": {"#attributes": {"Name": "Service Control Manager", "Guid": "{555908d1-a6d7-4695-8e1e-26931d2012f4}", "EventSourceName": "Service Control Manager"}}, "EventID": {"#attributes": {"Qualifiers": 16384}, "#text": 7036}, "Version": 0, "Level": 4, "Task": 0, "Opcode": 0, "Keywords": "0x8080000000000000", "TimeCreated": {"#attributes": {"SystemTime": "2025-06-08T14:39:53.377350Z"}}, "EventRecordID": 608, "Correlation": null, "Execution": {"#attributes": {"ProcessID": 632, "ThreadID": 2128}}, "Channel": "System", "Computer": "DC01", "Security": null}, "EventData": {"param1": "Network Connectivity Assistant", "param2": "stopped", "Binary": "4E00630061005300760063002F0031000000"}}},
{"TimeGenerated": "2025-06-08T14:39:53.609363Z", "EventID": {"#attributes": {"Qualifiers": 16384}, "#text": 7036}, "Computer": "DC01", "RawEvent": {"#attributes": {"xmlns": "http://schemas.microsoft.com/win/2004/08/events/event"}, "System": {"Provider": {"#attributes": {"Name": "Service Control Manager", "Guid": "{555908d1-a6d7-4695-8e1e-26931d2012f4}", "EventSourceName": "Service Control Manager"}}, "EventID": {"#attributes": {"Qualifiers": 16384}, "#text": 7036}, "Version": 0, "Level": 4, "Task": 0, "Opcode": 0, "Keywords": "0x8080000000000000", "TimeCreated": {"#attributes": {"SystemTime": "2025-06-08T14:39:53.609363Z"}}, "EventRecordID": 609, "Correlation": null, "Execution": {"#attributes": {"ProcessID": 632, "ThreadID": 2760}}, "Channel": "System", "Computer": "DC01", "Security": null}, "EventData": {"param1": "Virtual Disk", "param2": "stopped", "Binary": "7600640073002F0031000000"}}},
{"TimeGenerated": "2025-06-08T14:39:54.511951Z", "EventID": {"#attributes": {"Qualifiers": 16384}, "#text": 7036}, "Computer": "DC01", "RawEvent": {"#attributes": {"xmlns": "http://schemas.microsoft.com/win/2004/08/events/event"}, "System": {"Provider": {"#attributes": {"Name": "Service Control Manager", "Guid": "{555908d1-a6d7-4695-8e1e-26931d2012f4}", "EventSourceName": "Service Control Manager"}}, "EventID": {"#attributes": {"Qualifiers": 16384}, "#text": 7036}, "Version": 0, "Level": 4, "Task": 0, "Opcode": 0, "Keywords": "0x8080000000000000", "TimeCreated": {"#attributes": {"SystemTime": "2025-06-08T14:39:54.511951Z"}}, "EventRecordID": 610, "Correlation": null, "Execution": {"#attributes": {"ProcessID": 632, "ThreadID": 2128}}, "Channel": "System", "Computer": "DC01", "Security": null}, "EventData": {"param1": "DFS Replication", "param2": "stopped", "Binary": "44004600530052002F0031000000"}}},
{"TimeGenerated": "2025-06-08T14:39:54.619060Z", "EventID": {"#attributes": {"Qualifiers": 16384}, "#text": 7040}, "Computer": "DC01", "RawEvent": {"#attributes": {"xmlns": "http://schemas.microsoft.com/win/2004/08/events/event"}, "System": {"Provider": {"#attributes": {"Name": "Service Control Manager", "Guid": "{555908d1-a6d7-4695-8e1e-26931d2012f4}", "EventSourceName": "Service Control Manager"}}, "EventID": {"#attributes": {"Qualifiers": 16384}, "#text": 7040}, "Version": 0, "Level": 4, "Task": 0, "Opcode": 0, "Keywords": "0x8080000000000000", "TimeCreated": {"#attributes": {"SystemTime": "2025-06-08T14:39:54.619060Z"}}, "EventRecordID": 611, "Correlation": null, "Execution": {"#attributes": {"ProcessID": 632, "ThreadID": 2128}}, "Channel": "System", "Computer": "DC01", "Security": {"#attributes": {"UserID": "S-1-5-18"}}}, "EventData": {"param1": "File Replication", "param2": "demand start", "param3": "disabled", "param4": "NtFrs"}}},
{"TimeGenerated": "2025-06-08T14:39:59.766313Z", "EventID": {"#attributes": {"Qualifiers": 16384}, "#text": 7040}, "Computer": "DC01", "RawEvent": {"#attributes": {"xmlns": "http://schemas.microsoft.com/win/2004/08/events/event"}, "System": {"Provider": {"#attributes": {"Name": "Service Control Manager", "Guid": "{555908d1-a6d7-4695-8e1e-26931d2012f4}", "EventSourceName": "Service Control Manager"}}, "EventID": {"#attributes": {"Qualifiers": 16384}, "#text": 7040}, "Version": 0, "Level": 4, "Task": 0, "Opcode": 0, "Keywords": "0x8080000000000000", "TimeCreated": {"#attributes": {"SystemTime": "2025-06-08T14:39:59.766313Z"}}, "EventRecordID": 612, "Correlation": null, "Execution": {"#attributes": {"ProcessID": 632, "ThreadID": 2760}}, "Channel": "System", "Computer": "DC01", "Security": {"#attributes": {"UserID": "S-1-5-21-4107424128-4158083573-1300325248-500"}}}, "EventData": {"param1": "Active Directory Web Services", "param2": "disabled", "param3": "auto start", "param4": "ADWS"}}},
{"TimeGenerated": "2025-06-08T14:39:59.769687Z", "EventID": {"#attributes": {"Qualifiers": 16384}, "#text": 7040}, "Computer": "DC01", "RawEvent": {"#attributes": {"xmlns": "http://schemas.microsoft.com/win/2004/08/events/event"}, "System": {"Provider": {"#attributes": {"Name": "Service Control Manager", "Guid": "{555908d1-a6d7-4695-8e1e-26931d2012f4}", "EventSourceName": "Service Control Manager"}}, "EventID": {"#attributes": {"Qualifiers": 16384}, "#text": 7040}, "Version": 0, "Level": 4, "Task": 0, "Opcode": 0, "Keywords": "0x8080000000000000", "TimeCreated": {"#attributes": {"SystemTime": "2025-06-08T14:39:59.769687Z"}}, "EventRecordID": 613, "Correlation": null, "Execution": {"#attributes": {"ProcessID": 632, "ThreadID": 2760}}, "Channel": "System", "Computer": "DC01", "Security": {"#attributes": {"UserID": "S-1-5-21-4107424128-4158083573-1300325248-500"}}}, "EventData": {"param1": "Encrypting File System (EFS)", "param2": "demand start", "param3": "auto start", "param4": "EFS"}}},
{"TimeGenerated": "2025-06-08T14:39:59.774136Z", "EventID": {"#attributes": {"Qualifiers": 32768}, "#text": 1074}, "Computer": "DC01", "RawEvent": {"#attributes": {"xmlns": "http://schemas.microsoft.com/win/2004/08/events/event"}, "System": {"Provider": {"#attributes": {"Name": "User32", "Guid": "{b0aa8734-56f7-41cc-b2f4-de228e98b946}", "EventSourceName": "User32"}}, "EventID": {"#attributes": {"Qualifiers": 32768}, "#text": 1074}, "Version": 0, "Level": 4, "Task": 0, "Opcode": 0, "Keywords": "0x8080000000000000", "TimeCreated": {"#attributes": {"SystemTime": "2025-06-08T14:39:59.774136Z"}}, "EventRecordID": 614, "Correlation": null, "Execution": {"#attributes": {"ProcessID": 396, "ThreadID": 596}}, "Channel": "System", "Computer": "DC01", "Security": {"#attributes": {"UserID": "S-1-5-21-4107424128-4158083573-1300325248-500"}}}, "EventData": {"param1": "C:\\Windows\\system32\\wsmprovhost.exe (DC01)", "param2": "DC01", "param3": "No title for this reason could be found", "param4": "0x80020021", "param5": "restart", "param6": "The computer is being restarted because Active Directory Domain Services was installed or removed.", "param7": "DC01\\Administrator"}}},
{"TimeGenerated": "2025-06-08T14:39:59.928662Z", "EventID": {"#attributes": {"Qualifiers": 16384}, "#text": 7036}, "Computer": "DC01", "RawEvent": {"#attributes": {"xmlns": "http://schemas.microsoft.com/win/2004/08/events/event"}, "System": {"Provider": {"#attributes": {"Name": "Service Control Manager", "Guid": "{555908d1-a6d7-4695-8e1e-26931d2012f4}", "EventSourceName": "Service Control Manager"}}, "EventID": {"#attributes": {"Qualifiers": 16384}, "#text": 7036}, "Version": 0, "Level": 4, "Task": 0, "Opcode": 0, "Keywords": "0x8080000000000000", "TimeCreated": {"#attributes": {"SystemTime": "2025-06-08T14:39:59.928662Z"}}, "EventRecordID": 615, "Correlation": null, "Execution": {"#attributes": {"ProcessID": 632, "ThreadID": 2760}}, "Channel": "System", "Computer": "DC01", "Security": null}, "EventData": {"param1": "Network Setup Service", "param2": "running", "Binary": "4E0065007400530065007400750070005300760063002F0034000000"}}},
{"TimeGenerated": "2025-06-08T14:40:08.182271Z", "EventID": {"#attributes": {"Qualifiers": 16384}, "#text": 7036}, "Computer": "DC01", "RawEvent": {"#attributes": {"xmlns": "http://schemas.microsoft.com/win/2004/08/events/event"}, "System": {"Provider": {"#attributes": {"Name": "Service Control Manager", "Guid": "{555908d1-a6d7-4695-8e1e-26931d2012f4}", "EventSourceName": "Service Control Manager"}}, "EventID": {"#attributes": {"Qualifiers": 16384}, "#text": 7036}, "Version": 0, "Level": 4, "Task": 0, "Opcode": 0, "Keywords": "0x8080000000000000", "TimeCreated": {"#attributes": {"SystemTime": "2025-06-08T14:40:08.182271Z"}}, "EventRecordID": 616, "Correlation": null, "Execution": {"#attributes": {"ProcessID": 632, "ThreadID": 2760}}, "Channel": "System", "Computer": "DC01", "Security": null}, "EventData": {"param1": "AppX Deployment Service (AppXSVC)", "param2": "stopped", "Binary": "41007000700058005300760063002F0031000000"}}},
{"TimeGenerated": "2025-06-08T14:40:15.554936Z", "EventID": {"#attributes": {"Qualifiers": 32768}, "#text": 6006}, "Computer": "DC01", "RawEvent": {"#attributes": {"xmlns": "http://schemas.microsoft.com/win/2004/08/events/event"}, "System": {"Provider": {"#attributes": {"Name": "EventLog"}}, "EventID": {"#attributes": {"Qualifiers": 32768}, "#text": 6006}, "Level": 4, "Task": 0, "Keywords": "0x80000000000000", "TimeCreated": {"#attributes": {"SystemTime": "2025-06-08T14:40:15.554936Z"}}, "EventRecordID": 617, "Channel": "System", "Computer": "DC01", "Security": null}, "EventData": {"Data": {"#text": ""}, "Binary": "0100000000000000"}}},
{"TimeGenerated": "2025-06-08T14:40:15.164433Z", "EventID": {"#attributes": {"Qualifiers": 16384}, "#text": 7036}, "Computer": "DC01", "RawEvent": {"#attributes": {"xmlns": "http://schemas.microsoft.com/win/2004/08/events/event"}, "System": {"Provider": {"#attributes": {"Name": "Service Control Manager", "Guid": "{555908d1-a6d7-4695-8e1e-26931d2012f4}", "EventSourceName": "Service Control Manager"}}, "EventID": {"#attributes": {"Qualifiers": 16384}, "#text": 7036}, "Version": 0, "Level": 4, "Task": 0, "Opcode": 0, "Keywords": "0x8080000000000000", "TimeCreated": {"#attributes": {"SystemTime": "2025-06-08T14:40:15.164433Z"}}, "EventRecordID": 618, "Correlation": null, "Execution": {"#attributes": {"ProcessID": 632, "ThreadID": 2128}}, "Channel": "System", "Computer": "DC01", "Security": null}, "EventData": {"param1": "AppX Deployment Service (AppXSVC)", "param2": "running", "Binary": "41007000700058005300760063002F0034000000"}}},
{"TimeGenerated": "2025-06-08T14:40:15.214265Z", "EventID": {"#attributes": {"Qualifiers": 16384}, "#text": 7036}, "Computer": "DC01", "RawEvent": {"#attributes": {"xmlns": "http://schemas.microsoft.com/win/2004/08/events/event"}, "System": {"Provider": {"#attributes": {"Name": "Service Control Manager", "Guid": "{555908d1-a6d7-4695-8e1e-26931d2012f4}", "EventSourceName": "Service Control Manager"}}, "EventID": {"#attributes": {"Qualifiers": 16384}, "#text": 7036}, "Version": 0, "Level": 4, "Task": 0, "Opcode": 0, "Keywords": "0x8080000000000000", "TimeCreated": {"#attributes": {"SystemTime": "2025-06-08T14:40:15.214265Z"}}, "EventRecordID": 619, "Correlation": null, "Execution": {"#attributes": {"ProcessID": 632, "ThreadID": 2760}}, "Channel": "System", "Computer": "DC01", "Security": null}, "EventData": {"param1": "Connected Devices Platform User Service_36a44", "param2": "stopped", "Binary": "43004400500055007300650072005300760063005F00330036006100340034002F0031000000"}}},
{"TimeGenerated": "2025-06-08T14:40:15.227633Z", "EventID": {"#attributes": {"Qualifiers": 16384}, "#text": 7036}, "Computer": "DC01", "RawEvent": {"#attributes": {"xmlns": "http://schemas.microsoft.com/win/2004/08/events/event"}, "System": {"Provider": {"#attributes": {"Name": "Service Control Manager", "Guid": "{555908d1-a6d7-4695-8e1e-26931d2012f4}", "EventSourceName": "Service Control Manager"}}, "EventID": {"#attributes": {"Qualifiers": 16384}, "#text": 7036}, "Version": 0, "Level": 4, "Task": 0, "Opcode": 0, "Keywords": "0x8080000000000000", "TimeCreated": {"#attributes": {"SystemTime": "2025-06-08T14:40:15.227633Z"}}, "EventRecordID": 620, "Correlation": null, "Execution": {"#attributes": {"ProcessID": 632, "ThreadID": 4880}}, "Channel": "System", "Computer": "DC01", "Security": null}, "EventData": {"param1": "Windows Push Notifications User Service_36a44", "param2": "stopped", "Binary": "570070006E00550073006500720053006500720076006900630065005F00330036006100340034002F0031000000"}}},
{"TimeGenerated": "2025-06-08T14:40:15.300978Z", "EventID": 7002, "Computer": "DC01", "RawEvent": {"#attributes": {"xmlns": "http://schemas.microsoft.com/win/2004/08/events/event"}, "System": {"Provider": {"#attributes": {"Name": "Microsoft-Windows-Winlogon", "Guid": "DBE9B383-7CF3-4331-91CC-A3CB16A3B538"}}, "EventID": 7002, "Version": 0, "Level": 4, "Task": 1102, "Opcode": 0, "Keywords": "0x2000200000000000", "TimeCreated": {"#attributes": {"SystemTime": "2025-06-08T14:40:15.300978Z"}}, "EventRecordID": 621, "Correlation": null, "Execution": {"#attributes": {"ProcessID": 588, "ThreadID": 984}}, "Channel": "System", "Computer": "DC01", "Security": {"#attributes": {"UserID": "S-1-5-18"}}}, "EventData": {"TSId": 1, "UserSid": "S-1-5-21-4107424128-4158083573-1300325248-500"}}},
{"TimeGenerated": "2025-06-08T14:40:15.306715Z", "EventID": {"#attributes": {"Qualifiers": 16384}, "#text": 7036}, "Computer": "DC01", "RawEvent": {"#attributes": {"xmlns": "http://schemas.microsoft.com/win/2004/08/events/event"}, "System": {"Provider": {"#attributes": {"Name": "Service Control Manager", "Guid": "{555908d1-a6d7-4695-8e1e-26931d2012f4}", "EventSourceName": "Service Control Manager"}}, "EventID": {"#attributes": {"Qualifiers": 16384}, "#text": 7036}, "Version": 0, "Level": 4, "Task": 0, "Opcode": 0, "Keywords": "0x8080000000000000", "TimeCreated": {"#attributes": {"SystemTime": "2025-06-08T14:40:15.306715Z"}}, "EventRecordID": 622, "Correlation": null, "Execution": {"#attributes": {"ProcessID": 632, "ThreadID": 4332}}, "Channel": "System", "Computer": "DC01", "Security": null}, "EventData": {"param1": "Group Policy Client", "param2": "stopped", "Binary": "670070007300760063002F0031000000"}}},
{"TimeGenerated": "2025-06-08T14:40:15.351996Z", "EventID": {"#attributes": {"Qualifiers": 16384}, "#text": 7036}, "Computer": "DC01", "RawEvent": {"#attributes": {"xmlns": "http://schemas.microsoft.com/win/2004/08/events/event"}, "System": {"Provider": {"#attributes": {"Name": "Service Control Manager", "Guid": "{555908d1-a6d7-4695-8e1e-26931d2012f4}", "EventSourceName": "Service Control Manager"}}, "EventID": {"#attributes": {"Qualifiers": 16384}, "#text": 7036}, "Version": 0, "Level": 4, "Task": 0, "Opcode": 0, "Keywords": "0x8080000000000000", "TimeCreated": {"#attributes": {"SystemTime": "2025-06-08T14:40:15.351996Z"}}, "EventRecordID": 623, "Correlation": null, "Execution": {"#attributes": {"ProcessID": 632, "ThreadID": 2760}}, "Channel": "System", "Computer": "DC01", "Security": null}, "EventData": {"param1": "Windows Modules Installer", "param2": "stopped", "Binary": "540072007500730074006500640049006E007300740061006C006C00650072002F0031000000"}}},
{"TimeGenerated": "2025-06-08T14:40:15.383319Z", "EventID": {"#attributes": {"Qualifiers": 16384}, "#text": 7036}, "Computer": "DC01", "RawEvent": {"#attributes": {"xmlns": "http://schemas.microsoft.com/win/2004/08/events/event"}, "System": {"Provider": {"#attributes": {"Name": "Service Control Manager", "Guid": "{555908d1-a6d7-4695-8e1e-26931d2012f4}", "EventSourceName": "Service Control Manager"}}, "EventID": {"#attributes": {"Qualifiers": 16384}, "#text": 7036}, "Version": 0, "Level": 4, "Task": 0, "Opcode": 0, "Keywords": "0x8080000000000000", "TimeCreated": {"#attributes": {"SystemTime": "2025-06-08T14:40:15.383319Z"}}, "EventRecordID": 624, "Correlation": null, "Execution": {"#attributes": {"ProcessID": 632, "ThreadID": 2760}}, "Channel": "System", "Computer": "DC01", "Security": null}, "EventData": {"param1": "VMware Tools", "param2": "stopped", "Binary": "56004D0054006F006F006C0073002F0031000000"}}},
{"TimeGenerated": "2025-06-08T14:40:15.399107Z", "EventID": {"#attributes": {"Qualifiers": 16384}, "#text": 7036}, "Computer": "DC01", "RawEvent": {"#attributes": {"xmlns": "http://schemas.microsoft.com/win/2004/08/events/event"}, "System": {"Provider": {"#attributes": {"Name": "Service Control Manager", "Guid": "{555908d1-a6d7-4695-8e1e-26931d2012f4}", "EventSourceName": "Service Control Manager"}}, "EventID": {"#attributes": {"Qualifiers": 16384}, "#text": 7036}, "Version": 0, "Level": 4, "Task": 0, "Opcode": 0, "Keywords": "0x8080000000000000", "TimeCreated": {"#attributes": {"SystemTime": "2025-06-08T14:40:15.399107Z"}}, "EventRecordID": 625, "Correlation": null, "Execution": {"#attributes": {"ProcessID": 632, "ThreadID": 2760}}, "Channel": "System", "Computer": "DC01", "Security": null}, "EventData": {"param1": "User Access Logging Service", "param2": "stopped", "Binary": "550041004C005300560043002F0031000000"}}},
{"TimeGenerated": "2025-06-08T14:40:15.399107Z", "EventID": {"#attributes": {"Qualifiers": 16384}, "#text": 7036}, "Computer": "DC01", "RawEvent": {"#attributes": {"xmlns": "http://schemas.microsoft.com/win/2004/08/events/event"}, "System": {"Provider": {"#attributes": {"Name": "Service Control Manager", "Guid": "{555908d1-a6d7-4695-8e1e-26931d2012f4}", "EventSourceName": "Service Control Manager"}}, "EventID": {"#attributes": {"Qualifiers": 16384}, "#text": 7036}, "Version": 0, "Level": 4, "Task": 0, "Opcode": 0, "Keywords": "0x8080000000000000", "TimeCreated": {"#attributes": {"SystemTime": "2025-06-08T14:40:15.399107Z"}}, "EventRecordID": 626, "Correlation": null, "Execution": {"#attributes": {"ProcessID": 632, "ThreadID": 2760}}, "Channel": "System", "Computer": "DC01", "Security": null}, "EventData": {"param1": "Connected User Experiences and Telemetry", "param2": "stopped", "Binary": "440069006100670054007200610063006B002F0031000000"}}},
{"TimeGenerated": "2025-06-08T14:40:15.539368Z", "EventID": {"#attributes": {"Qualifiers": 16384}, "#text": 7036}, "Computer": "DC01", "RawEvent": {"#attributes": {"xmlns": "http://schemas.microsoft.com/win/2004/08/events/event"}, "System": {"Provider": {"#attributes": {"Name": "Service Control Manager", "Guid": "{555908d1-a6d7-4695-8e1e-26931d2012f4}", "EventSourceName": "Service Control Manager"}}, "EventID": {"#attributes": {"Qualifiers": 16384}, "#text": 7036}, "Version": 0, "Level": 4, "Task": 0, "Opcode": 0, "Keywords": "0x8080000000000000", "TimeCreated": {"#attributes": {"SystemTime": "2025-06-08T14:40:15.539368Z"}}, "EventRecordID": 627, "Correlation": null, "Execution": {"#attributes": {"ProcessID": 632, "ThreadID": 4880}}, "Channel": "System", "Computer": "DC01", "Security": null}, "EventData": {"param1": "Diagnostic System Host", "param2": "stopped", "Binary": "570064006900530079007300740065006D0048006F00730074002F0031000000"}}},
{"TimeGenerated": "2025-06-08T14:40:15.549630Z", "EventID": 1, "Computer": "DC01", "RawEvent": {"#attributes": {"xmlns": "http://schemas.microsoft.com/win/2004/08/events/event"}, "System": {"Provider": {"#attributes": {"Name": "Microsoft-Windows-Kernel-General", "Guid": "A68CA8B7-004F-D7B6-A698-07E2DE0F1F5D"}}, "EventID": 1, "Version": 2, "Level": 4, "Task": 5, "Opcode": 0, "Keywords": "0x8000000000000010", "TimeCreated": {"#attributes": {"SystemTime": "2025-06-08T14:40:15.549630Z"}}, "EventRecordID": 628, "Correlation": null, "Execution": {"#attributes": {"ProcessID": 2788, "ThreadID": 3132}}, "Channel": "System", "Computer": "DC01", "Security": {"#attributes": {"UserID": "S-1-5-19"}}}, "EventData": {"NewTime": "2025-06-08T14:40:15.549347Z", "OldTime": "2025-06-08T14:40:15.539368Z", "Reason": 1, "ProcessName": "\\Device\\HarddiskVolume4\\Windows\\System32\\svchost.exe", "ProcessID": 2788}}},
{"TimeGenerated": "2025-06-08T14:40:15.549659Z", "EventID": {"#attributes": {"Qualifiers": 16384}, "#text": 7036}, "Computer": "DC01", "RawEvent": {"#attributes": {"xmlns": "http://schemas.microsoft.com/win/2004/08/events/event"}, "System": {"Provider": {"#attributes": {"Name": "Service Control Manager", "Guid": "{555908d1-a6d7-4695-8e1e-26931d2012f4}", "EventSourceName": "Service Control Manager"}}, "EventID": {"#attributes": {"Qualifiers": 16384}, "#text": 7036}, "Version": 0, "Level": 4, "Task": 0, "Opcode": 0, "Keywords": "0x8080000000000000", "TimeCreated": {"#attributes": {"SystemTime": "2025-06-08T14:40:15.549659Z"}}, "EventRecordID": 629, "Correlation": null, "Execution": {"#attributes": {"ProcessID": 632, "ThreadID": 2760}}, "Channel": "System", "Computer": "DC01", "Security": null}, "EventData": {"param1": "Windows Time", "param2": "stopped", "Binary": "570033003200540069006D0065002F0031000000"}}},
{"TimeGenerated": "2025-06-08T14:40:15.549659Z", "EventID": {"#attributes": {"Qualifiers": 16384}, "#text": 7036}, "Computer": "DC01", "RawEvent": {"#attributes": {"xmlns": "http://schemas.microsoft.com/win/2004/08/events/event"}, "System": {"Provider": {"#attributes": {"Name": "Service Control Manager", "Guid": "{555908d1-a6d7-4695-8e1e-26931d2012f4}", "EventSourceName": "Service Control Manager"}}, "EventID": {"#attributes": {"Qualifiers": 16384}, "#text": 7036}, "Version": 0, "Level": 4, "Task": 0, "Opcode": 0, "Keywords": "0x8080000000000000", "TimeCreated": {"#attributes": {"SystemTime": "2025-06-08T14:40:15.549659Z"}}, "EventRecordID": 630, "Correlation": null, "Execution": {"#attributes": {"ProcessID": 632, "ThreadID": 2760}}, "Channel": "System", "Computer": "DC01", "Security": null}, "EventData": {"param1": "SysMain", "param2": "stopped", "Binary": "5300790073004D00610069006E002F0031000000"}}},
{"TimeGenerated": "2025-06-08T14:40:15.549659Z", "EventID": {"#attributes": {"Qualifiers": 16384}, "#text": 7036}, "Computer": "DC01", "RawEvent": {"#attributes": {"xmlns": "http://schemas.microsoft.com/win/2004/08/events/event"}, "System": {"Provider": {"#attributes": {"Name": "Service Control Manager", "Guid": "{555908d1-a6d7-4695-8e1e-26931d2012f4}", "EventSourceName": "Service Control Manager"}}, "EventID": {"#attributes": {"Qualifiers": 16384}, "#text": 7036}, "Version": 0, "Level": 4, "Task": 0, "Opcode": 0, "Keywords": "0x8080000000000000", "TimeCreated": {"#attributes": {"SystemTime": "2025-06-08T14:40:15.549659Z"}}, "EventRecordID": 631, "Correlation": null, "Execution": {"#attributes": {"ProcessID": 632, "ThreadID": 2760}}, "Channel": "System", "Computer": "DC01", "Security": null}, "EventData": {"param1": "State Repository Service", "param2": "stopped", "Binary": "530074006100740065005200650070006F007300690074006F00720079002F0031000000"}}},
{"TimeGenerated": "2025-06-08T14:40:15.555102Z", "EventID": 50104, "Computer": "DC01", "RawEvent": {"#attributes": {"xmlns": "http://schemas.microsoft.com/win/2004/08/events/event"}, "System": {"Provider": {"#attributes": {"Name": "Microsoft-Windows-Dhcp-Client", "Guid": "15A7A4F8-0072-4EAB-ABAD-F98A4D666AED"}}, "EventID": 50104, "Version": 0, "Level": 4, "Task": 4, "Opcode": 129, "Keywords": "0x2000000000000000", "TimeCreated": {"#attributes": {"SystemTime": "2025-06-08T14:40:15.555102Z"}}, "EventRecordID": 632, "Correlation": null, "Execution": {"#attributes": {"ProcessID": 1428, "ThreadID": 1432}}, "Channel": "System", "Computer": "DC01", "Security": {"#attributes": {"UserID": "S-1-5-19"}}}, "EventData": null}},
{"TimeGenerated": "2025-06-08T14:40:15.555161Z", "EventID": 50105, "Computer": "DC01", "RawEvent": {"#attributes": {"xmlns": "http://schemas.microsoft.com/win/2004/08/events/event"}, "System": {"Provider": {"#attributes": {"Name": "Microsoft-Windows-Dhcp-Client", "Guid": "15A7A4F8-0072-4EAB-ABAD-F98A4D666AED"}}, "EventID": 50105, "Version": 0, "Level": 4, "Task": 4, "Opcode": 129, "Keywords": "0x2000000000000000", "TimeCreated": {"#attributes": {"SystemTime": "2025-06-08T14:40:15.555161Z"}}, "EventRecordID": 633, "Correlation": null, "Execution": {"#attributes": {"ProcessID": 1428, "ThreadID": 1468}}, "Channel": "System", "Computer": "DC01", "Security": {"#attributes": {"UserID": "S-1-5-19"}}}, "EventData": null}},
{"TimeGenerated": "2025-06-08T14:40:15.555533Z", "EventID": 51047, "Computer": "DC01", "RawEvent": {"#attributes": {"xmlns": "http://schemas.microsoft.com/win/2004/08/events/event"}, "System": {"Provider": {"#attributes": {"Name": "Microsoft-Windows-DHCPv6-Client", "Guid": "6A1F2B00-6A90-4C38-95A5-5CAB3B056778"}}, "EventID": 51047, "Version": 0, "Level": 4, "Task": 4, "Opcode": 63, "Keywords": "0x2000000000000000", "TimeCreated": {"#attributes": {"SystemTime": "2025-06-08T14:40:15.555533Z"}}, "EventRecordID": 634, "Correlation": null, "Execution": {"#attributes": {"ProcessID": 1428, "ThreadID": 1496}}, "Channel": "System", "Computer": "DC01", "Security": {"#attributes": {"UserID": "S-1-5-19"}}}, "EventData": {"DwordVal": 1}}},
{"TimeGenerated": "2025-06-08T14:40:15.555534Z", "EventID": 51057, "Computer": "DC01", "RawEvent": {"#attributes": {"xmlns": "http://schemas.microsoft.com/win/2004/08/events/event"}, "System": {"Provider": {"#attributes": {"Name": "Microsoft-Windows-DHCPv6-Client", "Guid": "6A1F2B00-6A90-4C38-95A5-5CAB3B056778"}}, "EventID": 51057, "Version": 0, "Level": 4, "Task": 4, "Opcode": 104, "Keywords": "0x2000000000000000", "TimeCreated": {"#attributes": {"SystemTime": "2025-06-08T14:40:15.555534Z"}}, "EventRecordID": 635, "Correlation": null, "Execution": {"#attributes": {"ProcessID": 1428, "ThreadID": 1496}}, "Channel": "System", "Computer": "DC01", "Security": {"#attributes": {"UserID": "S-1-5-19"}}}, "EventData": {"DwordVal": 1}}},
{"TimeGenerated": "2025-06-08T14:40:15.555657Z", "EventID": 50106, "Computer": "DC01", "RawEvent": {"#attributes": {"xmlns": "http://schemas.microsoft.com/win/2004/08/events/event"}, "System": {"Provider": {"#attributes": {"Name": "Microsoft-Windows-Dhcp-Client", "Guid": "15A7A4F8-0072-4EAB-ABAD-F98A4D666AED"}}, "EventID": 50106, "Version": 0, "Level": 4, "Task": 4, "Opcode": 129, "Keywords": "0x2000000000000000", "TimeCreated": {"#attributes": {"SystemTime": "2025-06-08T14:40:15.555657Z"}}, "EventRecordID": 636, "Correlation": null, "Execution": {"#attributes": {"ProcessID": 1428, "ThreadID": 1468}}, "Channel": "System", "Computer": "DC01", "Security": {"#attributes": {"UserID": "S-1-5-19"}}}, "EventData": null}},
{"TimeGenerated": "2025-06-08T14:40:15.555661Z", "EventID": 50037, "Computer": "DC01", "RawEvent": {"#attributes": {"xmlns": "http://schemas.microsoft.com/win/2004/08/events/event"}, "System": {"Provider": {"#attributes": {"Name": "Microsoft-Windows-Dhcp-Client", "Guid": "15A7A4F8-0072-4EAB-ABAD-F98A4D666AED"}}, "EventID": 50037, "Version": 0, "Level": 4, "Task": 4, "Opcode": 69, "Keywords": "0x2000000000000000", "TimeCreated": {"#attributes": {"SystemTime": "2025-06-08T14:40:15.555661Z"}}, "EventRecordID": 637, "Correlation": null, "Execution": {"#attributes": {"ProcessID": 1428, "ThreadID": 1468}}, "Channel": "System", "Computer": "DC01", "Security": {"#attributes": {"UserID": "S-1-5-19"}}}, "EventData": {"DwordVal": 1}}},
{"TimeGenerated": "2025-06-08T14:40:15.554936Z", "EventID": {"#attributes": {"Qualifiers": 16384}, "#text": 7036}, "Computer": "DC01", "RawEvent": {"#attributes": {"xmlns": "http://schemas.microsoft.com/win/2004/08/events/event"}, "System": {"Provider": {"#attributes": {"Name": "Service Control Manager", "Guid": "{555908d1-a6d7-4695-8e1e-26931d2012f4}", "EventSourceName": "Service Control Manager"}}, "EventID": {"#attributes": {"Qualifiers": 16384}, "#text": 7036}, "Version": 0, "Level": 4, "Task": 0, "Opcode": 0, "Keywords": "0x8080000000000000", "TimeCreated": {"#attributes": {"SystemTime": "2025-06-08T14:40:15.554936Z"}}, "EventRecordID": 638, "Correlation": null, "Execution": {"#attributes": {"ProcessID": 632, "ThreadID": 2128}}, "Channel": "System", "Computer": "DC01", "Security": null}, "EventData": {"param1": "User Profile Service", "param2": "stopped", "Binary": "500072006F0066005300760063002F0031000000"}}},
