{"TimeGenerated": "2025-06-08T20:13:08.344295Z", "EventID": {"#attributes": {"Qualifiers": 16384}, "#text": 7036}, "Computer": "DC01.pirate.htb", "RawEvent": {"#attributes": {"xmlns": "http://schemas.microsoft.com/win/2004/08/events/event"}, "System": {"Provider": {"#attributes": {"Name": "Service Control Manager", "Guid": "{555908d1-a6d7-4695-8e1e-26931d2012f4}", "EventSourceName": "Service Control Manager"}}, "EventID": {"#attributes": {"Qualifiers": 16384}, "#text": 7036}, "Version": 0, "Level": 4, "Task": 0, "Opcode": 0, "Keywords": "0x8080000000000000", "TimeCreated": {"#attributes": {"SystemTime": "2025-06-08T20:13:08.344295Z"}}, "EventRecordID": 1770, "Correlation": null, "Execution": {"#attributes": {"ProcessID": 720, "ThreadID": 848}}, "Channel": "System", "Computer": "DC01.pirate.htb", "Security": null}, "EventData": {"param1": "NcbService", "param2": "running", "Binary": "4E006300620053006500720076006900630065002F0034000000"}}},
{"TimeGenerated": "2025-06-08T20:13:08.391764Z", "EventID": {"#attributes": {"Qualifiers": 16384}, "#text": 7036}, "Computer": "DC01.pirate.htb", "RawEvent": {"#attributes": {"xmlns": "http://schemas.microsoft.com/win/2004/08/events/event"}, "System": {"Provider": {"#attributes": {"Name": "Service Control Manager", "Guid": "{555908d1-a6d7-4695-8e1e-26931d2012f4}", "EventSourceName": "Service Control Manager"}}, "EventID": {"#attributes": {"Qualifiers": 16384}, "#text": 7036}, "Version": 0, "Level": 4, "Task": 0, "Opcode": 0, "Keywords": "0x8080000000000000", "TimeCreated": {"#attributes": {"SystemTime": "2025-06-08T20:13:08.391764Z"}}, "EventRecordID": 1771, "Correlation": null, "Execution": {"#attributes": {"ProcessID": 720, "ThreadID": 1272}}, "Channel": "System", "Computer": "DC01.pirate.htb", "Security": null}, "EventData": {"param1": "Schedule", "param2": "running", "Binary": "5300630068006500640075006C0065002F0034000000"}}},
{"TimeGenerated": "2025-06-08T20:13:08.407144Z", "EventID": {"#attributes": {"Qualifiers": 16384}, "#text": 7036}, "Computer": "DC01.pirate.htb", "RawEvent": {"#attributes": {"xmlns": "http://schemas.microsoft.com/win/2004/08/events/event"}, "System": {"Provider": {"#attributes": {"Name": "Service Control Manager", "Guid": "{555908d1-a6d7-4695-8e1e-26931d2012f4}", "EventSourceName": "Service Control Manager"}}, "EventID": {"#attributes": {"Qualifiers": 16384}, "#text": 7036}, "Version": 0, "Level": 4, "Task": 0, "Opcode": 0, "Keywords": "0x8080000000000000", "TimeCreated": {"#attributes": {"SystemTime": "2025-06-08T20:13:08.407144Z"}}, "EventRecordID": 1772, "Correlation": null, "Execution": {"#attributes": {"ProcessID": 720, "ThreadID": 848}}, "Channel": "System", "Computer": "DC01.pirate.htb", "Security": null}, "EventData": {"param1": "BFE", "param2": "running", "Binary": "4200460045002F0034000000"}}},
{"TimeGenerated": "2025-06-08T20:13:08.422491Z", "EventID": {"#attributes": {"Qualifiers": 16384}, "#text": 7036}, "Computer": "DC01.pirate.htb", "RawEvent": {"#attributes": {"xmlns": "http://schemas.microsoft.com/win/2004/08/events/event"}, "System": {"Provider": {"#attributes": {"Name": "Service Control Manager", "Guid": "{555908d1-a6d7-4695-8e1e-26931d2012f4}", "EventSourceName": "Service Control Manager"}}, "EventID": {"#attributes": {"Qualifiers": 16384}, "#text": 7036}, "Version": 0, "Level": 4, "Task": 0, "Opcode": 0, "Keywords": "0x8080000000000000", "TimeCreated": {"#attributes": {"SystemTime": "2025-06-08T20:13:08.422491Z"}}, "EventRecordID": 1773, "Correlation": null, "Execution": {"#attributes": {"ProcessID": 720, "ThreadID": 848}}, "Channel": "System", "Computer": "DC01.pirate.htb", "Security": null}, "EventData": {"param1": "WinHttpAutoProxySvc", "param2": "running", "Binary": "570069006E0048007400740070004100750074006F00500072006F00780079005300760063002F0034000000"}}},
{"TimeGenerated": "2025-06-08T20:13:08.438142Z", "EventID": {"#attributes": {"Qualifiers": 16384}, "#text": 7036}, "Computer": "DC01.pirate.htb", "RawEvent": {"#attributes": {"xmlns": "http://schemas.microsoft.com/win/2004/08/events/event"}, "System": {"Provider": {"#attributes": {"Name": "Service Control Manager", "Guid": "{555908d1-a6d7-4695-8e1e-26931d2012f4}", "EventSourceName": "Service Control Manager"}}, "EventID": {"#attributes": {"Qualifiers": 16384}, "#text": 7036}, "Version": 0, "Level": 4, "Task": 0, "Opcode": 0, "Keywords": "0x8080000000000000", "TimeCreated": {"#attributes": {"SystemTime": "2025-06-08T20:13:08.438142Z"}}, "EventRecordID": 1774, "Correlation": null, "Execution": {"#attributes": {"ProcessID": 720, "ThreadID": 1216}}, "Channel": "System", "Computer": "DC01.pirate.htb", "Security": null}, "EventData": {"param1": "Winmgmt", "param2": "running", "Binary": "570069006E006D0067006D0074002F0034000000"}}},
{"TimeGenerated": "2025-06-08T20:13:08.438142Z", "EventID": {"#attributes": {"Qualifiers": 16384}, "#text": 7036}, "Computer": "DC01.pirate.htb", "RawEvent": {"#attributes": {"xmlns": "http://schemas.microsoft.com/win/2004/08/events/event"}, "System": {"Provider": {"#attributes": {"Name": "Service Control Manager", "Guid": "{555908d1-a6d7-4695-8e1e-26931d2012f4}", "EventSourceName": "Service Control Manager"}}, "EventID": {"#attributes": {"Qualifiers": 16384}, "#text": 7036}, "Version": 0, "Level": 4, "Task": 0, "Opcode": 0, "Keywords": "0x8080000000000000", "TimeCreated": {"#attributes": {"SystemTime": "2025-06-08T20:13:08.438142Z"}}, "EventRecordID": 1775, "Correlation": null, "Execution": {"#attributes": {"ProcessID": 720, "ThreadID": 1084}}, "Channel": "System", "Computer": "DC01.pirate.htb", "Security": null}, "EventData": {"param1": "Wcmsvc", "param2": "running", "Binary": "570063006D007300760063002F0034000000"}}},
{"TimeGenerated": "2025-06-08T20:13:08.453711Z", "EventID": {"#attributes": {"Qualifiers": 16384}, "#text": 7036}, "Computer": "DC01.pirate.htb", "RawEvent": {"#attributes": {"xmlns": "http://schemas.microsoft.com/win/2004/08/events/event"}, "System": {"Provider": {"#attributes": {"Name": "Service Control Manager", "Guid": "{555908d1-a6d7-4695-8e1e-26931d2012f4}", "EventSourceName": "Service Control Manager"}}, "EventID": {"#attributes": {"Qualifiers": 16384}, "#text": 7036}, "Version": 0, "Level": 4, "Task": 0, "Opcode": 0, "Keywords": "0x8080000000000000", "TimeCreated": {"#attributes": {"SystemTime": "2025-06-08T20:13:08.453711Z"}}, "EventRecordID": 1776, "Correlation": null, "Execution": {"#attributes": {"ProcessID": 720, "ThreadID": 416}}, "Channel": "System", "Computer": "DC01.pirate.htb", "Security": null}, "EventData": {"param1": "ShellHWDetection", "param2": "running", "Binary": "5300680065006C006C004800570044006500740065006300740069006F006E002F0034000000"}}},
{"TimeGenerated": "2025-06-08T20:13:08.453711Z", "EventID": {"#attributes": {"Qualifiers": 16384}, "#text": 7036}, "Computer": "DC01.pirate.htb", "RawEvent": {"#attributes": {"xmlns": "http://schemas.microsoft.com/win/2004/08/events/event"}, "System": {"Provider": {"#attributes": {"Name": "Service Control Manager", "Guid": "{555908d1-a6d7-4695-8e1e-26931d2012f4}", "EventSourceName": "Service Control Manager"}}, "EventID": {"#attributes": {"Qualifiers": 16384}, "#text": 7036}, "Version": 0, "Level": 4, "Task": 0, "Opcode": 0, "Keywords": "0x8080000000000000", "TimeCreated": {"#attributes": {"SystemTime": "2025-06-08T20:13:08.453711Z"}}, "EventRecordID": 1777, "Correlation": null, "Execution": {"#attributes": {"ProcessID": 720, "ThreadID": 1272}}, "Channel": "System", "Computer": "DC01.pirate.htb", "Security": null}, "EventData": {"param1": "fdPHost", "param2": "running", "Binary": "66006400500048006F00730074002F0034000000"}}},
{"TimeGenerated": "2025-06-08T20:13:08.469355Z", "EventID": {"#attributes": {"Qualifiers": 16384}, "#text": 7036}, "Computer": "DC01.pirate.htb", "RawEvent": {"#attributes": {"xmlns": "http://schemas.microsoft.com/win/2004/08/events/event"}, "System": {"Provider": {"#attributes": {"Name": "Service Control Manager", "Guid": "{555908d1-a6d7-4695-8e1e-26931d2012f4}", "EventSourceName": "Service Control Manager"}}, "EventID": {"#attributes": {"Qualifiers": 16384}, "#text": 7036}, "Version": 0, "Level": 4, "Task": 0, "Opcode": 0, "Keywords": "0x8080000000000000", "TimeCreated": {"#attributes": {"SystemTime": "2025-06-08T20:13:08.469355Z"}}, "EventRecordID": 1778, "Correlation": null, "Execution": {"#attributes": {"ProcessID": 720, "ThreadID": 1084}}, "Channel": "System", "Computer": "DC01.pirate.htb", "Security": null}, "EventData": {"param1": "iphlpsvc", "param2": "running", "Binary": "6900700068006C0070007300760063002F0034000000"}}},
{"TimeGenerated": "2025-06-08T20:13:08.469355Z", "EventID": {"#attributes": {"Qualifiers": 16384}, "#text": 7036}, "Computer": "DC01.pirate.htb", "RawEvent": {"#attributes": {"xmlns": "http://schemas.microsoft.com/win/2004/08/events/event"}, "System": {"Provider": {"#attributes": {"Name": "Service Control Manager", "Guid": "{555908d1-a6d7-4695-8e1e-26931d2012f4}", "EventSourceName": "Service Control Manager"}}, "EventID": {"#attributes": {"Qualifiers": 16384}, "#text": 7036}, "Version": 0, "Level": 4, "Task": 0, "Opcode": 0, "Keywords": "0x8080000000000000", "TimeCreated": {"#attributes": {"SystemTime": "2025-06-08T20:13:08.469355Z"}}, "EventRecordID": 1779, "Correlation": null, "Execution": {"#attributes": {"ProcessID": 720, "ThreadID": 1084}}, "Channel": "System", "Computer": "DC01.pirate.htb", "Security": null}, "EventData": {"param1": "FontCache", "param2": "running", "Binary": "46006F006E007400430061006300680065002F0034000000"}}},
{"TimeGenerated": "2025-06-08T20:13:08.500543Z", "EventID": {"#attributes": {"Qualifiers": 16384}, "#text": 7036}, "Computer": "DC01.pirate.htb", "RawEvent": {"#attributes": {"xmlns": "http://schemas.microsoft.com/win/2004/08/events/event"}, "System": {"Provider": {"#attributes": {"Name": "Service Control Manager", "Guid": "{555908d1-a6d7-4695-8e1e-26931d2012f4}", "EventSourceName": "Service Control Manager"}}, "EventID": {"#attributes": {"Qualifiers": 16384}, "#text": 7036}, "Version": 0, "Level": 4, "Task": 0, "Opcode": 0, "Keywords": "0x8080000000000000", "TimeCreated": {"#attributes": {"SystemTime": "2025-06-08T20:13:08.500543Z"}}, "EventRecordID": 1780, "Correlation": null, "Execution": {"#attributes": {"ProcessID": 720, "ThreadID": 1216}}, "Channel": "System", "Computer": "DC01.pirate.htb", "Security": null}, "EventData": {"param1": "NcaSvc", "param2": "stopped", "Binary": "4E00630061005300760063002F0031000000"}}},
{"TimeGenerated": "2025-06-08T20:13:08.500543Z", "EventID": {"#attributes": {"Qualifiers": 16384}, "#text": 7036}, "Computer": "DC01.pirate.htb", "RawEvent": {"#attributes": {"xmlns": "http://schemas.microsoft.com/win/2004/08/events/event"}, "System": {"Provider": {"#attributes": {"Name": "Service Control Manager", "Guid": "{555908d1-a6d7-4695-8e1e-26931d2012f4}", "EventSourceName": "Service Control Manager"}}, "EventID": {"#attributes": {"Qualifiers": 16384}, "#text": 7036}, "Version": 0, "Level": 4, "Task": 0, "Opcode": 0, "Keywords": "0x8080000000000000", "TimeCreated": {"#attributes": {"SystemTime": "2025-06-08T20:13:08.500543Z"}}, "EventRecordID": 1781, "Correlation": null, "Execution": {"#attributes": {"ProcessID": 720, "ThreadID": 1076}}, "Channel": "System", "Computer": "DC01.pirate.htb", "Security": null}, "EventData": {"param1": "UserManager", "param2": "running", "Binary": "55007300650072004D0061006E0061006700650072002F0034000000"}}},
{"TimeGenerated": "2025-06-08T20:13:08.516846Z", "EventID": {"#attributes": {"Qualifiers": 16384}, "#text": 7036}, "Computer": "DC01.pirate.htb", "RawEvent": {"#attributes": {"xmlns": "http://schemas.microsoft.com/win/2004/08/events/event"}, "System": {"Provider": {"#attributes": {"Name": "Service Control Manager", "Guid": "{555908d1-a6d7-4695-8e1e-26931d2012f4}", "EventSourceName": "Service Control Manager"}}, "EventID": {"#attributes": {"Qualifiers": 16384}, "#text": 7036}, "Version": 0, "Level": 4, "Task": 0, "Opcode": 0, "Keywords": "0x8080000000000000", "TimeCreated": {"#attributes": {"SystemTime": "2025-06-08T20:13:08.516846Z"}}, "EventRecordID": 1782, "Correlation": null, "Execution": {"#attributes": {"ProcessID": 720, "ThreadID": 840}}, "Channel": "System", "Computer": "DC01.pirate.htb", "Security": null}, "EventData": {"param1": "Kdc", "param2": "running", "Binary": "4B00640063002F0034000000"}}},
{"TimeGenerated": "2025-06-08T20:13:08.516846Z", "EventID": {"#attributes": {"Qualifiers": 16384}, "#text": 7036}, "Computer": "DC01.pirate.htb", "RawEvent": {"#attributes": {"xmlns": "http://schemas.microsoft.com/win/2004/08/events/event"}, "System": {"Provider": {"#attributes": {"Name": "Service Control Manager", "Guid": "{555908d1-a6d7-4695-8e1e-26931d2012f4}", "EventSourceName": "Service Control Manager"}}, "EventID": {"#attributes": {"Qualifiers": 16384}, "#text": 7036}, "Version": 0, "Level": 4, "Task": 0, "Opcode": 0, "Keywords": "0x8080000000000000", "TimeCreated": {"#attributes": {"SystemTime": "2025-06-08T20:13:08.516846Z"}}, "EventRecordID": 1783, "Correlation": null, "Execution": {"#attributes": {"ProcessID": 720, "ThreadID": 840}}, "Channel": "System", "Computer": "DC01.pirate.htb", "Security": null}, "EventData": {"param1": "LanmanWorkstation", "param2": "running", "Binary": "4C0061006E006D0061006E0057006F0072006B00730074006100740069006F006E002F0034000000"}}},
{"TimeGenerated": "2025-06-08T20:13:08.594281Z", "EventID": {"#attributes": {"Qualifiers": 16384}, "#text": 7036}, "Computer": "DC01.pirate.htb", "RawEvent": {"#attributes": {"xmlns": "http://schemas.microsoft.com/win/2004/08/events/event"}, "System": {"Provider": {"#attributes": {"Name": "Service Control Manager", "Guid": "{555908d1-a6d7-4695-8e1e-26931d2012f4}", "EventSourceName": "Service Control Manager"}}, "EventID": {"#attributes": {"Qualifiers": 16384}, "#text": 7036}, "Version": 0, "Level": 4, "Task": 0, "Opcode": 0, "Keywords": "0x8080000000000000", "TimeCreated": {"#attributes": {"SystemTime": "2025-06-08T20:13:08.594281Z"}}, "EventRecordID": 1784, "Correlation": null, "Execution": {"#attributes": {"ProcessID": 720, "ThreadID": 840}}, "Channel": "System", "Computer": "DC01.pirate.htb", "Security": null}, "EventData": {"param1": "mpssvc", "param2": "running", "Binary": "6D00700073007300760063002F0034000000"}}},
{"TimeGenerated": "2025-06-08T20:13:08.782022Z", "EventID": {"#attributes": {"Qualifiers": 16384}, "#text": 7036}, "Computer": "DC01.pirate.htb", "RawEvent": {"#attributes": {"xmlns": "http://schemas.microsoft.com/win/2004/08/events/event"}, "System": {"Provider": {"#attributes": {"Name": "Service Control Manager", "Guid": "{555908d1-a6d7-4695-8e1e-26931d2012f4}", "EventSourceName": "Service Control Manager"}}, "EventID": {"#attributes": {"Qualifiers": 16384}, "#text": 7036}, "Version": 0, "Level": 4, "Task": 0, "Opcode": 0, "Keywords": "0x8080000000000000", "TimeCreated": {"#attributes": {"SystemTime": "2025-06-08T20:13:08.782022Z"}}, "EventRecordID": 1785, "Correlation": null, "Execution": {"#attributes": {"ProcessID": 720, "ThreadID": 840}}, "Channel": "System", "Computer": "DC01.pirate.htb", "Security": null}, "EventData": {"param1": "FDResPub", "param2": "running", "Binary": "460044005200650073005000750062002F0034000000"}}},
{"TimeGenerated": "2025-06-08T20:13:09.275799Z", "EventID": 1014, "Computer": "DC01.pirate.htb", "RawEvent": {"#attributes": {"xmlns": "http://schemas.microsoft.com/win/2004/08/events/event"}, "System": {"Provider": {"#attributes": {"Name": "Microsoft-Windows-DNS-Client", "Guid": "1C95126E-7EEA-49A9-A3FE-A378B03DDB4D"}}, "EventID": 1014, "Version": 0, "Level": 3, "Task": 1014, "Opcode": 0, "Keywords": "0x4000000010000000", "TimeCreated": {"#attributes": {"SystemTime": "2025-06-08T20:13:09.275799Z"}}, "EventRecordID": 1786, "Correlation": null, "Execution": {"#attributes": {"ProcessID": 1312, "ThreadID": 2184}}, "Channel": "System", "Computer": "DC01.pirate.htb", "Security": {"#attributes": {"UserID": "S-1-5-20"}}}, "EventData": {"QueryName": "_ldap._tcp.dc._msdcs.pirate.htb.", "AddressLength": 128, "Address": "1700000000000000000000000000000000000000000000010000000000000000000000000000000000000000000000000000000000000000000000000000000000000000000000000000000000000000000000000000000000000000000000000000000000000000000000000000000000000000000000000000000000000000"}}},
{"TimeGenerated": "2025-06-08T20:13:18.032053Z", "EventID": {"#attributes": {"Qualifiers": 16384}, "#text": 7036}, "Computer": "DC01.pirate.htb", "RawEvent": {"#attributes": {"xmlns": "http://schemas.microsoft.com/win/2004/08/events/event"}, "System": {"Provider": {"#attributes": {"Name": "Service Control Manager", "Guid": "{555908d1-a6d7-4695-8e1e-26931d2012f4}", "EventSourceName": "Service Control Manager"}}, "EventID": {"#attributes": {"Qualifiers": 16384}, "#text": 7036}, "Version": 0, "Level": 4, "Task": 0, "Opcode": 0, "Keywords": "0x8080000000000000", "TimeCreated": {"#attributes": {"SystemTime": "2025-06-08T20:13:18.032053Z"}}, "EventRecordID": 1787, "Correlation": null, "Execution": {"#attributes": {"ProcessID": 720, "ThreadID": 1076}}, "Channel": "System", "Computer": "DC01.pirate.htb", "Security": null}, "EventData": {"param1": "SamSs", "param2": "running", "Binary": "530061006D00530073002F0034000000"}}},
{"TimeGenerated": "2025-06-08T20:13:18.062800Z", "EventID": {"#attributes": {"Qualifiers": 16384}, "#text": 7036}, "Computer": "DC01.pirate.htb", "RawEvent": {"#attributes": {"xmlns": "http://schemas.microsoft.com/win/2004/08/events/event"}, "System": {"Provider": {"#attributes": {"Name": "Service Control Manager", "Guid": "{555908d1-a6d7-4695-8e1e-26931d2012f4}", "EventSourceName": "Service Control Manager"}}, "EventID": {"#attributes": {"Qualifiers": 16384}, "#text": 7036}, "Version": 0, "Level": 4, "Task": 0, "Opcode": 0, "Keywords": "0x8080000000000000", "TimeCreated": {"#attributes": {"SystemTime": "2025-06-08T20:13:18.062800Z"}}, "EventRecordID": 1788, "Correlation": null, "Execution": {"#attributes": {"ProcessID": 720, "ThreadID": 1076}}, "Channel": "System", "Computer": "DC01.pirate.htb", "Security": null}, "EventData": {"param1": "LanmanServer", "param2": "running", "Binary": "4C0061006E006D0061006E005300650072007600650072002F0034000000"}}},
{"TimeGenerated": "2025-06-08T20:13:34.052243Z", "EventID": {"#attributes": {"Qualifiers": 0}, "#text": 5836}, "Computer": "DC01.pirate.htb", "RawEvent": {"#attributes": {"xmlns": "http://schemas.microsoft.com/win/2004/08/events/event"}, "System": {"Provider": {"#attributes": {"Name": "NETLOGON"}}, "EventID": {"#attributes": {"Qualifiers": 0}, "#text": 5836}, "Level": 4, "Task": 0, "Keywords": "0x80000000000000", "TimeCreated": {"#attributes": {"SystemTime": "2025-06-08T20:13:34.052243Z"}}, "EventRecordID": 1789, "Channel": "System", "Computer": "DC01.pirate.htb", "Security": null}, "EventData": {"Data": {"#text": "10"}, "Binary": null}}},
{"TimeGenerated": "2025-06-08T20:13:34.298569Z", "EventID": {"#attributes": {"Qualifiers": 16384}, "#text": 14533}, "Computer": "DC01.pirate.htb", "RawEvent": {"#attributes": {"xmlns": "http://schemas.microsoft.com/win/2004/08/events/event"}, "System": {"Provider": {"#attributes": {"Name": "Microsoft-Windows-DfsSvc", "Guid": "{7DA4FE0E-FD42-4708-9AA5-89B77A224885}", "EventSourceName": "DfsSvc"}}, "EventID": {"#attributes": {"Qualifiers": 16384}, "#text": 14533}, "Version": 0, "Level": 4, "Task": 0, "Opcode": 0, "Keywords": "0x80000000000000", "TimeCreated": {"#attributes": {"SystemTime": "2025-06-08T20:13:34.298569Z"}}, "EventRecordID": 1790, "Correlation": null, "Execution": {"#attributes": {"ProcessID": 0, "ThreadID": 0}}, "Channel": "System", "Computer": "DC01.pirate.htb", "Security": null}, "EventData": {"#attributes": {"Name": "DfsFinishBuildingNamespace"}}}},
{"TimeGenerated": "2025-06-08T20:13:34.298569Z", "EventID": {"#attributes": {"Qualifiers": 16384}, "#text": 14531}, "Computer": "DC01.pirate.htb", "RawEvent": {"#attributes": {"xmlns": "http://schemas.microsoft.com/win/2004/08/events/event"}, "System": {"Provider": {"#attributes": {"Name": "Microsoft-Windows-DfsSvc", "Guid": "{7DA4FE0E-FD42-4708-9AA5-89B77A224885}", "EventSourceName": "DfsSvc"}}, "EventID": {"#attributes": {"Qualifiers": 16384}, "#text": 14531}, "Version": 0, "Level": 4, "Task": 0, "Opcode": 0, "Keywords": "0x80000000000000", "TimeCreated": {"#attributes": {"SystemTime": "2025-06-08T20:13:34.298569Z"}}, "EventRecordID": 1791, "Correlation": null, "Execution": {"#attributes": {"ProcessID": 0, "ThreadID": 0}}, "Channel": "System", "Computer": "DC01.pirate.htb", "Security": null}, "EventData": {"#attributes": {"Name": "DfsFinishInit"}}}},
{"TimeGenerated": "2025-06-08T20:13:34.376699Z", "EventID": {"#attributes": {"Qualifiers": 7}, "#text": 10148}, "Computer": "DC01.pirate.htb", "RawEvent": {"#attributes": {"xmlns": "http://schemas.microsoft.com/win/2004/08/events/event"}, "System": {"Provider": {"#attributes": {"Name": "Microsoft-Windows-WinRM", "Guid": "{A7975C8F-AC13-49F1-87DA-5A984A4AB417}", "EventSourceName": "WinRM"}}, "EventID": {"#attributes": {"Qualifiers": 7}, "#text": 10148}, "Version": 0, "Level": 4, "Task": 0, "Opcode": 0, "Keywords": "0x80000000000000", "TimeCreated": {"#attributes": {"SystemTime": "2025-06-08T20:13:34.376699Z"}}, "EventRecordID": 1792, "Correlation": null, "Execution": {"#attributes": {"ProcessID": 0, "ThreadID": 0}}, "Channel": "System", "Computer": "DC01.pirate.htb", "Security": null}, "EventData": {"#attributes": {"Name": "Started Listening"}}}},
{"TimeGenerated": "2025-06-08T20:13:34.392575Z", "EventID": {"#attributes": {"Qualifiers": 16896}, "#text": 3}, "Computer": "DC01.pirate.htb", "RawEvent": {"#attributes": {"xmlns": "http://schemas.microsoft.com/win/2004/08/events/event"}, "System": {"Provider": {"#attributes": {"Name": "Virtual Disk Service"}}, "EventID": {"#attributes": {"Qualifiers": 16896}, "#text": 3}, "Level": 4, "Task": 0, "Keywords": "0x80000000000000", "TimeCreated": {"#attributes": {"SystemTime": "2025-06-08T20:13:34.392575Z"}}, "EventRecordID": 1793, "Channel": "System", "Computer": "DC01.pirate.htb", "Security": null}, "EventData": {"Data": {"#text": "@2010005"}, "Binary": null}}},
{"TimeGenerated": "2025-06-08T20:13:34.052243Z", "EventID": {"#attributes": {"Qualifiers": 16384}, "#text": 7036}, "Computer": "DC01.pirate.htb", "RawEvent": {"#attributes": {"xmlns": "http://schemas.microsoft.com/win/2004/08/events/event"}, "System": {"Provider": {"#attributes": {"Name": "Service Control Manager", "Guid": "{555908d1-a6d7-4695-8e1e-26931d2012f4}", "EventSourceName": "Service Control Manager"}}, "EventID": {"#attributes": {"Qualifiers": 16384}, "#text": 7036}, "Version": 0, "Level": 4, "Task": 0, "Opcode": 0, "Keywords": "0x8080000000000000", "TimeCreated": {"#attributes": {"SystemTime": "2025-06-08T20:13:34.052243Z"}}, "EventRecordID": 1794, "Correlation": null, "Execution": {"#attributes": {"ProcessID": 720, "ThreadID": 812}}, "Channel": "System", "Computer": "DC01.pirate.htb", "Security": null}, "EventData": {"param1": "Netlogon", "param2": "running", "Binary": "4E00650074006C006F0067006F006E002F0034000000"}}},
{"TimeGenerated": "2025-06-08T20:13:34.065403Z", "EventID": {"#attributes": {"Qualifiers": 16384}, "#text": 7036}, "Computer": "DC01.pirate.htb", "RawEvent": {"#attributes": {"xmlns": "http://schemas.microsoft.com/win/2004/08/events/event"}, "System": {"Provider": {"#attributes": {"Name": "Service Control Manager", "Guid": "{555908d1-a6d7-4695-8e1e-26931d2012f4}", "EventSourceName": "Service Control Manager"}}, "EventID": {"#attributes": {"Qualifiers": 16384}, "#text": 7036}, "Version": 0, "Level": 4, "Task": 0, "Opcode": 0, "Keywords": "0x8080000000000000", "TimeCreated": {"#attributes": {"SystemTime": "2025-06-08T20:13:34.065403Z"}}, "EventRecordID": 1795, "Correlation": null, "Execution": {"#attributes": {"ProcessID": 720, "ThreadID": 812}}, "Channel": "System", "Computer": "DC01.pirate.htb", "Security": null}, "EventData": {"param1": "Spooler", "param2": "running", "Binary": "530070006F006F006C00650072002F0034000000"}}},
{"TimeGenerated": "2025-06-08T20:13:34.126701Z", "EventID": {"#attributes": {"Qualifiers": 16384}, "#text": 7036}, "Computer": "DC01.pirate.htb", "RawEvent": {"#attributes": {"xmlns": "http://schemas.microsoft.com/win/2004/08/events/event"}, "System": {"Provider": {"#attributes": {"Name": "Service Control Manager", "Guid": "{555908d1-a6d7-4695-8e1e-26931d2012f4}", "EventSourceName": "Service Control Manager"}}, "EventID": {"#attributes": {"Qualifiers": 16384}, "#text": 7036}, "Version": 0, "Level": 4, "Task": 0, "Opcode": 0, "Keywords": "0x8080000000000000", "TimeCreated": {"#attributes": {"SystemTime": "2025-06-08T20:13:34.126701Z"}}, "EventRecordID": 1796, "Correlation": null, "Execution": {"#attributes": {"ProcessID": 720, "ThreadID": 416}}, "Channel": "System", "Computer": "DC01.pirate.htb", "Security": null}, "EventData": {"param1": "SysMain", "param2": "running", "Binary": "5300790073004D00610069006E002F0034000000"}}},
{"TimeGenerated": "2025-06-08T20:13:34.126701Z", "EventID": {"#attributes": {"Qualifiers": 16384}, "#text": 7036}, "Computer": "DC01.pirate.htb", "RawEvent": {"#attributes": {"xmlns": "http://schemas.microsoft.com/win/2004/08/events/event"}, "System": {"Provider": {"#attributes": {"Name": "Service Control Manager", "Guid": "{555908d1-a6d7-4695-8e1e-26931d2012f4}", "EventSourceName": "Service Control Manager"}}, "EventID": {"#attributes": {"Qualifiers": 16384}, "#text": 7036}, "Version": 0, "Level": 4, "Task": 0, "Opcode": 0, "Keywords": "0x8080000000000000", "TimeCreated": {"#attributes": {"SystemTime": "2025-06-08T20:13:34.126701Z"}}, "EventRecordID": 1797, "Correlation": null, "Execution": {"#attributes": {"ProcessID": 720, "ThreadID": 416}}, "Channel": "System", "Computer": "DC01.pirate.htb", "Security": null}, "EventData": {"param1": "IsmServ", "param2": "running", "Binary": "490073006D0053006500720076002F0034000000"}}},
{"TimeGenerated": "2025-06-08T20:13:34.157971Z", "EventID": {"#attributes": {"Qualifiers": 16384}, "#text": 7036}, "Computer": "DC01.pirate.htb", "RawEvent": {"#attributes": {"xmlns": "http://schemas.microsoft.com/win/2004/08/events/event"}, "System": {"Provider": {"#attributes": {"Name": "Service Control Manager", "Guid": "{555908d1-a6d7-4695-8e1e-26931d2012f4}", "EventSourceName": "Service Control Manager"}}, "EventID": {"#attributes": {"Qualifiers": 16384}, "#text": 7036}, "Version": 0, "Level": 4, "Task": 0, "Opcode": 0, "Keywords": "0x8080000000000000", "TimeCreated": {"#attributes": {"SystemTime": "2025-06-08T20:13:34.157971Z"}}, "EventRecordID": 1798, "Correlation": null, "Execution": {"#attributes": {"ProcessID": 720, "ThreadID": 792}}, "Channel": "System", "Computer": "DC01.pirate.htb", "Security": null}, "EventData": {"param1": "WLMS", "param2": "running", "Binary": "57004C004D0053002F0034000000"}}},
{"TimeGenerated": "2025-06-08T20:13:34.157971Z", "EventID": {"#attributes": {"Qualifiers": 16384}, "#text": 7036}, "Computer": "DC01.pirate.htb", "RawEvent": {"#attributes": {"xmlns": "http://schemas.microsoft.com/win/2004/08/events/event"}, "System": {"Provider": {"#attributes": {"Name": "Service Control Manager", "Guid": "{555908d1-a6d7-4695-8e1e-26931d2012f4}", "EventSourceName": "Service Control Manager"}}, "EventID": {"#attributes": {"Qualifiers": 16384}, "#text": 7036}, "Version": 0, "Level": 4, "Task": 0, "Opcode": 0, "Keywords": "0x8080000000000000", "TimeCreated": {"#attributes": {"SystemTime": "2025-06-08T20:13:34.157971Z"}}, "EventRecordID": 1799, "Correlation": null, "Execution": {"#attributes": {"ProcessID": 720, "ThreadID": 812}}, "Channel": "System", "Computer": "DC01.pirate.htb", "Security": null}, "EventData": {"param1": "DFSR", "param2": "running", "Binary": "44004600530052002F0034000000"}}},
{"TimeGenerated": "2025-06-08T20:13:34.173940Z", "EventID": {"#attributes": {"Qualifiers": 16384}, "#text": 7036}, "Computer": "DC01.pirate.htb", "RawEvent": {"#attributes": {"xmlns": "http://schemas.microsoft.com/win/2004/08/events/event"}, "System": {"Provider": {"#attributes": {"Name": "Service Control Manager", "Guid": "{555908d1-a6d7-4695-8e1e-26931d2012f4}", "EventSourceName": "Service Control Manager"}}, "EventID": {"#attributes": {"Qualifiers": 16384}, "#text": 7036}, "Version": 0, "Level": 4, "Task": 0, "Opcode": 0, "Keywords": "0x8080000000000000", "TimeCreated": {"#attributes": {"SystemTime": "2025-06-08T20:13:34.173940Z"}}, "EventRecordID": 1800, "Correlation": null, "Execution": {"#attributes": {"ProcessID": 720, "ThreadID": 812}}, "Channel": "System", "Computer": "DC01.pirate.htb", "Security": null}, "EventData": {"param1": "CoreMessagingRegistrar", "param2": "running", "Binary": "43006F00720065004D006500730073006100670069006E0067005200650067006900730074007200610072002F0034000000"}}},
{"TimeGenerated": "2025-06-08T20:13:34.173940Z", "EventID": {"#attributes": {"Qualifiers": 16384}, "#text": 7036}, "Computer": "DC01.pirate.htb", "RawEvent": {"#attributes": {"xmlns": "http://schemas.microsoft.com/win/2004/08/events/event"}, "System": {"Provider": {"#attributes": {"Name": "Service Control Manager", "Guid": "{555908d1-a6d7-4695-8e1e-26931d2012f4}", "EventSourceName": "Service Control Manager"}}, "EventID": {"#attributes": {"Qualifiers": 16384}, "#text": 7036}, "Version": 0, "Level": 4, "Task": 0, "Opcode": 0, "Keywords": "0x8080000000000000", "TimeCreated": {"#attributes": {"SystemTime": "2025-06-08T20:13:34.173940Z"}}, "EventRecordID": 1801, "Correlation": null, "Execution": {"#attributes": {"ProcessID": 720, "ThreadID": 896}}, "Channel": "System", "Computer": "DC01.pirate.htb", "Security": null}, "EventData": {"param1": "VGAuthService", "param2": "running", "Binary": "56004700410075007400680053006500720076006900630065002F0034000000"}}},
{"TimeGenerated": "2025-06-08T20:13:34.173940Z", "EventID": {"#attributes": {"Qualifiers": 16384}, "#text": 7036}, "Computer": "DC01.pirate.htb", "RawEvent": {"#attributes": {"xmlns": "http://schemas.microsoft.com/win/2004/08/events/event"}, "System": {"Provider": {"#attributes": {"Name": "Service Control Manager", "Guid": "{555908d1-a6d7-4695-8e1e-26931d2012f4}", "EventSourceName": "Service Control Manager"}}, "EventID": {"#attributes": {"Qualifiers": 16384}, "#text": 7036}, "Version": 0, "Level": 4, "Task": 0, "Opcode": 0, "Keywords": "0x8080000000000000", "TimeCreated": {"#attributes": {"SystemTime": "2025-06-08T20:13:34.173940Z"}}, "EventRecordID": 1802, "Correlation": null, "Execution": {"#attributes": {"ProcessID": 720, "ThreadID": 848}}, "Channel": "System", "Computer": "DC01.pirate.htb", "Security": null}, "EventData": {"param1": "CryptSvc", "param2": "running", "Binary": "430072007900700074005300760063002F0034000000"}}},
{"TimeGenerated": "2025-06-08T20:13:34.173940Z", "EventID": {"#attributes": {"Qualifiers": 16384}, "#text": 7036}, "Computer": "DC01.pirate.htb", "RawEvent": {"#attributes": {"xmlns": "http://schemas.microsoft.com/win/2004/08/events/event"}, "System": {"Provider": {"#attributes": {"Name": "Service Control Manager", "Guid": "{555908d1-a6d7-4695-8e1e-26931d2012f4}", "EventSourceName": "Service Control Manager"}}, "EventID": {"#attributes": {"Qualifiers": 16384}, "#text": 7036}, "Version": 0, "Level": 4, "Task": 0, "Opcode": 0, "Keywords": "0x8080000000000000", "TimeCreated": {"#attributes": {"SystemTime": "2025-06-08T20:13:34.173940Z"}}, "EventRecordID": 1803, "Correlation": null, "Execution": {"#attributes": {"ProcessID": 720, "ThreadID": 848}}, "Channel": "System", "Computer": "DC01.pirate.htb", "Security": null}, "EventData": {"param1": "VMTools", "param2": "running", "Binary": "56004D0054006F006F006C0073002F0034000000"}}},
{"TimeGenerated": "2025-06-08T20:13:34.204826Z", "EventID": {"#attributes": {"Qualifiers": 16384}, "#text": 7036}, "Computer": "DC01.pirate.htb", "RawEvent": {"#attributes": {"xmlns": "http://schemas.microsoft.com/win/2004/08/events/event"}, "System": {"Provider": {"#attributes": {"Name": "Service Control Manager", "Guid": "{555908d1-a6d7-4695-8e1e-26931d2012f4}", "EventSourceName": "Service Control Manager"}}, "EventID": {"#attributes": {"Qualifiers": 16384}, "#text": 7036}, "Version": 0, "Level": 4, "Task": 0, "Opcode": 0, "Keywords": "0x8080000000000000", "TimeCreated": {"#attributes": {"SystemTime": "2025-06-08T20:13:34.204826Z"}}, "EventRecordID": 1804, "Correlation": null, "Execution": {"#attributes": {"ProcessID": 720, "ThreadID": 1076}}, "Channel": "System", "Computer": "DC01.pirate.htb", "Security": null}, "EventData": {"param1": "vmms", "param2": "running", "Binary": "76006D006D0073002F0034000000"}}},
{"TimeGenerated": "2025-06-08T20:13:34.222345Z", "EventID": {"#attributes": {"Qualifiers": 16384}, "#text": 7036}, "Computer": "DC01.pirate.htb", "RawEvent": {"#attributes": {"xmlns": "http://schemas.microsoft.com/win/2004/08/events/event"}, "System": {"Provider": {"#attributes": {"Name": "Service Control Manager", "Guid": "{555908d1-a6d7-4695-8e1e-26931d2012f4}", "EventSourceName": "Service Control Manager"}}, "EventID": {"#attributes": {"Qualifiers": 16384}, "#text": 7036}, "Version": 0, "Level": 4, "Task": 0, "Opcode": 0, "Keywords": "0x8080000000000000", "TimeCreated": {"#attributes": {"SystemTime": "2025-06-08T20:13:34.222345Z"}}, "EventRecordID": 1805, "Correlation": null, "Execution": {"#attributes": {"ProcessID": 720, "ThreadID": 416}}, "Channel": "System", "Computer": "DC01.pirate.htb", "Security": null}, "EventData": {"param1": "RemoteRegistry", "param2": "running", "Binary": "520065006D006F0074006500520065006700690073007400720079002F0034000000"}}},
{"TimeGenerated": "2025-06-08T20:13:34.236077Z", "EventID": {"#attributes": {"Qualifiers": 16384}, "#text": 7036}, "Computer": "DC01.pirate.htb", "RawEvent": {"#attributes": {"xmlns": "http://schemas.microsoft.com/win/2004/08/events/event"}, "System": {"Provider": {"#attributes": {"Name": "Service Control Manager", "Guid": "{555908d1-a6d7-4695-8e1e-26931d2012f4}", "EventSourceName": "Service Control Manager"}}, "EventID": {"#attributes": {"Qualifiers": 16384}, "#text": 7036}, "Version": 0, "Level": 4, "Task": 0, "Opcode": 0, "Keywords": "0x8080000000000000", "TimeCreated": {"#attributes": {"SystemTime": "2025-06-08T20:13:34.236077Z"}}, "EventRecordID": 1806, "Correlation": null, "Execution": {"#attributes": {"ProcessID": 720, "ThreadID": 848}}, "Channel": "System", "Computer": "DC01.pirate.htb", "Security": null}, "EventData": {"param1": "vm3dservice", "param2": "running", "Binary": "76006D003300640073006500720076006900630065002F0034000000"}}},
{"TimeGenerated": "2025-06-08T20:13:34.251694Z", "EventID": {"#attributes": {"Qualifiers": 16384}, "#text": 7036}, "Computer": "DC01.pirate.htb", "RawEvent": {"#attributes": {"xmlns": "http://schemas.microsoft.com/win/2004/08/events/event"}, "System": {"Provider": {"#attributes": {"Name": "Service Control Manager", "Guid": "{555908d1-a6d7-4695-8e1e-26931d2012f4}", "EventSourceName": "Service Control Manager"}}, "EventID": {"#attributes": {"Qualifiers": 16384}, "#text": 7036}, "Version": 0, "Level": 4, "Task": 0, "Opcode": 0, "Keywords": "0x8080000000000000", "TimeCreated": {"#attributes": {"SystemTime": "2025-06-08T20:13:34.251694Z"}}, "EventRecordID": 1807, "Correlation": null, "Execution": {"#attributes": {"ProcessID": 720, "ThreadID": 848}}, "Channel": "System", "Computer": "DC01.pirate.htb", "Security": null}, "EventData": {"param1": "WinDefend", "param2": "running", "Binary": "570069006E0044006500660065006E0064002F0034000000"}}},
{"TimeGenerated": "2025-06-08T20:13:34.267314Z", "EventID": {"#attributes": {"Qualifiers": 16384}, "#text": 7036}, "Computer": "DC01.pirate.htb", "RawEvent": {"#attributes": {"xmlns": "http://schemas.microsoft.com/win/2004/08/events/event"}, "System": {"Provider": {"#attributes": {"Name": "Service Control Manager", "Guid": "{555908d1-a6d7-4695-8e1e-26931d2012f4}", "EventSourceName": "Service Control Manager"}}, "EventID": {"#attributes": {"Qualifiers": 16384}, "#text": 7036}, "Version": 0, "Level": 4, "Task": 0, "Opcode": 0, "Keywords": "0x8080000000000000", "TimeCreated": {"#attributes": {"SystemTime": "2025-06-08T20:13:34.267314Z"}}, "EventRecordID": 1808, "Correlation": null, "Execution": {"#attributes": {"ProcessID": 720, "ThreadID": 896}}, "Channel": "System", "Computer": "DC01.pirate.htb", "Security": null}, "EventData": {"param1": "Dfs", "param2": "running", "Binary": "4400660073002F0034000000"}}},
{"TimeGenerated": "2025-06-08T20:13:34.298569Z", "EventID": {"#attributes": {"Qualifiers": 16384}, "#text": 7036}, "Computer": "DC01.pirate.htb", "RawEvent": {"#attributes": {"xmlns": "http://schemas.microsoft.com/win/2004/08/events/event"}, "System": {"Provider": {"#attributes": {"Name": "Service Control Manager", "Guid": "{555908d1-a6d7-4695-8e1e-26931d2012f4}", "EventSourceName": "Service Control Manager"}}, "EventID": {"#attributes": {"Qualifiers": 16384}, "#text": 7036}, "Version": 0, "Level": 4, "Task": 0, "Opcode": 0, "Keywords": "0x8080000000000000", "TimeCreated": {"#attributes": {"SystemTime": "2025-06-08T20:13:34.298569Z"}}, "EventRecordID": 1809, "Correlation": null, "Execution": {"#attributes": {"ProcessID": 720, "ThreadID": 792}}, "Channel": "System", "Computer": "DC01.pirate.htb", "Security": null}, "EventData": {"param1": "WpnService", "param2": "running", "Binary": "570070006E0053006500720076006900630065002F0034000000"}}},
{"TimeGenerated": "2025-06-08T20:13:34.329829Z", "EventID": {"#attributes": {"Qualifiers": 16384}, "#text": 7036}, "Computer": "DC01.pirate.htb", "RawEvent": {"#attributes": {"xmlns": "http://schemas.microsoft.com/win/2004/08/events/event"}, "System": {"Provider": {"#attributes": {"Name": "Service Control Manager", "Guid": "{555908d1-a6d7-4695-8e1e-26931d2012f4}", "EventSourceName": "Service Control Manager"}}, "EventID": {"#attributes": {"Qualifiers": 16384}, "#text": 7036}, "Version": 0, "Level": 4, "Task": 0, "Opcode": 0, "Keywords": "0x8080000000000000", "TimeCreated": {"#attributes": {"SystemTime": "2025-06-08T20:13:34.329829Z"}}, "EventRecordID": 1810, "Correlation": null, "Execution": {"#attributes": {"ProcessID": 720, "ThreadID": 812}}, "Channel": "System", "Computer": "DC01.pirate.htb", "Security": null}, "EventData": {"param1": "sppsvc", "param2": "running", "Binary": "7300700070007300760063002F0034000000"}}},
{"TimeGenerated": "2025-06-08T20:13:34.376699Z", "EventID": {"#attributes": {"Qualifiers": 16384}, "#text": 7036}, "Computer": "DC01.pirate.htb", "RawEvent": {"#attributes": {"xmlns": "http://schemas.microsoft.com/win/2004/08/events/event"}, "System": {"Provider": {"#attributes": {"Name": "Service Control Manager", "Guid": "{555908d1-a6d7-4695-8e1e-26931d2012f4}", "EventSourceName": "Service Control Manager"}}, "EventID": {"#attributes": {"Qualifiers": 16384}, "#text": 7036}, "Version": 0, "Level": 4, "Task": 0, "Opcode": 0, "Keywords": "0x8080000000000000", "TimeCreated": {"#attributes": {"SystemTime": "2025-06-08T20:13:34.376699Z"}}, "EventRecordID": 1811, "Correlation": null, "Execution": {"#attributes": {"ProcessID": 720, "ThreadID": 792}}, "Channel": "System", "Computer": "DC01.pirate.htb", "Security": null}, "EventData": {"param1": "vmvss", "param2": "running", "Binary": "76006D007600730073002F0034000000"}}},
{"TimeGenerated": "2025-06-08T20:13:34.392575Z", "EventID": {"#attributes": {"Qualifiers": 16384}, "#text": 7036}, "Computer": "DC01.pirate.htb", "RawEvent": {"#attributes": {"xmlns": "http://schemas.microsoft.com/win/2004/08/events/event"}, "System": {"Provider": {"#attributes": {"Name": "Service Control Manager", "Guid": "{555908d1-a6d7-4695-8e1e-26931d2012f4}", "EventSourceName": "Service Control Manager"}}, "EventID": {"#attributes": {"Qualifiers": 16384}, "#text": 7036}, "Version": 0, "Level": 4, "Task": 0, "Opcode": 0, "Keywords": "0x8080000000000000", "TimeCreated": {"#attributes": {"SystemTime": "2025-06-08T20:13:34.392575Z"}}, "EventRecordID": 1812, "Correlation": null, "Execution": {"#attributes": {"ProcessID": 720, "ThreadID": 896}}, "Channel": "System", "Computer": "DC01.pirate.htb", "Security": null}, "EventData": {"param1": "WinRM", "param2": "running", "Binary": "570069006E0052004D002F0034000000"}}},
{"TimeGenerated": "2025-06-08T20:13:34.392575Z", "EventID": {"#attributes": {"Qualifiers": 49152}, "#text": 7026}, "Computer": "DC01.pirate.htb", "RawEvent": {"#attributes": {"xmlns": "http://schemas.microsoft.com/win/2004/08/events/event"}, "System": {"Provider": {"#attributes": {"Name": "Service Control Manager", "Guid": "{555908d1-a6d7-4695-8e1e-26931d2012f4}", "EventSourceName": "Service Control Manager"}}, "EventID": {"#attributes": {"Qualifiers": 49152}, "#text": 7026}, "Version": 0, "Level": 4, "Task": 0, "Opcode": 0, "Keywords": "0x8080000000000000", "TimeCreated": {"#attributes": {"SystemTime": "2025-06-08T20:13:34.392575Z"}}, "EventRecordID": 1813, "Correlation": null, "Execution": {"#attributes": {"ProcessID": 720, "ThreadID": 724}}, "Channel": "System", "Computer": "DC01.pirate.htb", "Security": null}, "EventData": {"param1": "\r\ndam"}}},
{"TimeGenerated": "2025-06-08T20:13:34.392575Z", "EventID": {"#attributes": {"Qualifiers": 16384}, "#text": 7036}, "Computer": "DC01.pirate.htb", "RawEvent": {"#attributes": {"xmlns": "http://schemas.microsoft.com/win/2004/08/events/event"}, "System": {"Provider": {"#attributes": {"Name": "Service Control Manager", "Guid": "{555908d1-a6d7-4695-8e1e-26931d2012f4}", "EventSourceName": "Service Control Manager"}}, "EventID": {"#attributes": {"Qualifiers": 16384}, "#text": 7036}, "Version": 0, "Level": 4, "Task": 0, "Opcode": 0, "Keywords": "0x8080000000000000", "TimeCreated": {"#attributes": {"SystemTime": "2025-06-08T20:13:34.392575Z"}}, "EventRecordID": 1814, "Correlation": null, "Execution": {"#attributes": {"ProcessID": 720, "ThreadID": 1076}}, "Channel": "System", "Computer": "DC01.pirate.htb", "Security": null}, "EventData": {"param1": "vds", "param2": "running", "Binary": "7600640073002F0034000000"}}},
{"TimeGenerated": "2025-06-08T20:13:34.408187Z", "EventID": {"#attributes": {"Qualifiers": 16384}, "#text": 7036}, "Computer": "DC01.pirate.htb", "RawEvent": {"#attributes": {"xmlns": "http://schemas.microsoft.com/win/2004/08/events/event"}, "System": {"Provider": {"#attributes": {"Name": "Service Control Manager", "Guid": "{555908d1-a6d7-4695-8e1e-26931d2012f4}", "EventSourceName": "Service Control Manager"}}, "EventID": {"#attributes": {"Qualifiers": 16384}, "#text": 7036}, "Version": 0, "Level": 4, "Task": 0, "Opcode": 0, "Keywords": "0x8080000000000000", "TimeCreated": {"#attributes": {"SystemTime": "2025-06-08T20:13:34.408187Z"}}, "EventRecordID": 1815, "Correlation": null, "Execution": {"#attributes": {"ProcessID": 720, "ThreadID": 416}}, "Channel": "System", "Computer": "DC01.pirate.htb", "Security": null}, "EventData": {"param1": "ADWS", "param2": "running", "Binary": "41004400570053002F0034000000"}}},
{"TimeGenerated": "2025-06-08T20:13:34.408187Z", "EventID": {"#attributes": {"Qualifiers": 16384}, "#text": 7036}, "Computer": "DC01.pirate.htb", "RawEvent": {"#attributes": {"xmlns": "http://schemas.microsoft.com/win/2004/08/events/event"}, "System": {"Provider": {"#attributes": {"Name": "Service Control Manager", "Guid": "{555908d1-a6d7-4695-8e1e-26931d2012f4}", "EventSourceName": "Service Control Manager"}}, "EventID": {"#attributes": {"Qualifiers": 16384}, "#text": 7036}, "Version": 0, "Level": 4, "Task": 0, "Opcode": 0, "Keywords": "0x8080000000000000", "TimeCreated": {"#attributes": {"SystemTime": "2025-06-08T20:13:34.408187Z"}}, "EventRecordID": 1816, "Correlation": null, "Execution": {"#attributes": {"ProcessID": 720, "ThreadID": 416}}, "Channel": "System", "Computer": "DC01.pirate.htb", "Security": null}, "EventData": {"param1": "COM+ System Application", "param2": "running", "Binary": "43004F004D005300790073004100700070002F0034000000"}}},
{"TimeGenerated": "2025-06-08T20:13:34.579828Z", "EventID": {"#attributes": {"Qualifiers": 16384}, "#text": 7040}, "Computer": "DC01.pirate.htb", "RawEvent": {"#attributes": {"xmlns": "http://schemas.microsoft.com/win/2004/08/events/event"}, "System": {"Provider": {"#attributes": {"Name": "Service Control Manager", "Guid": "{555908d1-a6d7-4695-8e1e-26931d2012f4}", "EventSourceName": "Service Control Manager"}}, "EventID": {"#attributes": {"Qualifiers": 16384}, "#text": 7040}, "Version": 0, "Level": 4, "Task": 0, "Opcode": 0, "Keywords": "0x8080000000000000", "TimeCreated": {"#attributes": {"SystemTime": "2025-06-08T20:13:34.579828Z"}}, "EventRecordID": 1817, "Correlation": null, "Execution": {"#attributes": {"ProcessID": 720, "ThreadID": 416}}, "Channel": "System", "Computer": "DC01.pirate.htb", "Security": {"#attributes": {"UserID": "S-1-5-18"}}}, "EventData": {"param1": "Windows Modules Installer", "param2": "auto start", "param3": "demand start", "param4": "TrustedInstaller"}}},
{"TimeGenerated": "2025-06-08T20:13:34.626922Z", "EventID": {"#attributes": {"Qualifiers": 16384}, "#text": 7036}, "Computer": "DC01.pirate.htb", "RawEvent": {"#attributes": {"xmlns": "http://schemas.microsoft.com/win/2004/08/events/event"}, "System": {"Provider": {"#attributes": {"Name": "Service Control Manager", "Guid": "{555908d1-a6d7-4695-8e1e-26931d2012f4}", "EventSourceName": "Service Control Manager"}}, "EventID": {"#attributes": {"Qualifiers": 16384}, "#text": 7036}, "Version": 0, "Level": 4, "Task": 0, "Opcode": 0, "Keywords": "0x8080000000000000", "TimeCreated": {"#attributes": {"SystemTime": "2025-06-08T20:13:34.626922Z"}}, "EventRecordID": 1818, "Correlation": null, "Execution": {"#attributes": {"ProcessID": 720, "ThreadID": 416}}, "Channel": "System", "Computer": "DC01.pirate.htb", "Security": null}, "EventData": {"param1": "DiagTrack", "param2": "running", "Binary": "440069006100670054007200610063006B002F0034000000"}}},
{"TimeGenerated": "2025-06-08T20:13:34.814799Z", "EventID": {"#attributes": {"Qualifiers": 16384}, "#text": 7036}, "Computer": "DC01.pirate.htb", "RawEvent": {"#attributes": {"xmlns": "http://schemas.microsoft.com/win/2004/08/events/event"}, "System": {"Provider": {"#attributes": {"Name": "Service Control Manager", "Guid": "{555908d1-a6d7-4695-8e1e-26931d2012f4}", "EventSourceName": "Service Control Manager"}}, "EventID": {"#attributes": {"Qualifiers": 16384}, "#text": 7036}, "Version": 0, "Level": 4, "Task": 0, "Opcode": 0, "Keywords": "0x8080000000000000", "TimeCreated": {"#attributes": {"SystemTime": "2025-06-08T20:13:34.814799Z"}}, "EventRecordID": 1819, "Correlation": null, "Execution": {"#attributes": {"ProcessID": 720, "ThreadID": 812}}, "Channel": "System", "Computer": "DC01.pirate.htb", "Security": null}, "EventData": {"param1": "Distributed Transaction Coordinator", "param2": "running", "Binary": "4D0053004400540043002F0034000000"}}},
{"TimeGenerated": "2025-06-08T20:13:35.361231Z", "EventID": {"#attributes": {"Qualifiers": 16384}, "#text": 7036}, "Computer": "DC01.pirate.htb", "RawEvent": {"#attributes": {"xmlns": "http://schemas.microsoft.com/win/2004/08/events/event"}, "System": {"Provider": {"#attributes": {"Name": "Service Control Manager", "Guid": "{555908d1-a6d7-4695-8e1e-26931d2012f4}", "EventSourceName": "Service Control Manager"}}, "EventID": {"#attributes": {"Qualifiers": 16384}, "#text": 7036}, "Version": 0, "Level": 4, "Task": 0, "Opcode": 0, "Keywords": "0x8080000000000000", "TimeCreated": {"#attributes": {"SystemTime": "2025-06-08T20:13:35.361231Z"}}, "EventRecordID": 1820, "Correlation": null, "Execution": {"#attributes": {"ProcessID": 720, "ThreadID": 812}}, "Channel": "System", "Computer": "DC01.pirate.htb", "Security": null}, "EventData": {"param1": "Hyper-V Host Compute Service", "param2": "running", "Binary": "76006D0063006F006D0070007500740065002F0034000000"}}},
{"TimeGenerated": "2025-06-08T20:13:35.444551Z", "EventID": 36886, "Computer": "DC01.pirate.htb", "RawEvent": {"#attributes": {"xmlns": "http://schemas.microsoft.com/win/2004/08/events/event"}, "System": {"Provider": {"#attributes": {"Name": "Schannel", "Guid": "1F678132-5938-4686-9FDC-C8FF68F15C85"}}, "EventID": 36886, "Version": 0, "Level": 3, "Task": 0, "Opcode": 0, "Keywords": "0x8000000000000000", "TimeCreated": {"#attributes": {"SystemTime": "2025-06-08T20:13:35.444551Z"}}, "EventRecordID": 1821, "Correlation": null, "Execution": {"#attributes": {"ProcessID": 748, "ThreadID": 920}}, "Channel": "System", "Computer": "DC01.pirate.htb", "Security": {"#attributes": {"UserID": "S-1-5-18"}}}, "EventData": null}},
{"TimeGenerated": "2025-06-08T20:13:35.876923Z", "EventID": {"#attributes": {"Qualifiers": 16384}, "#text": 7036}, "Computer": "DC01.pirate.htb", "RawEvent": {"#attributes": {"xmlns": "http://schemas.microsoft.com/win/2004/08/events/event"}, "System": {"Provider": {"#attributes": {"Name": "Service Control Manager", "Guid": "{555908d1-a6d7-4695-8e1e-26931d2012f4}", "EventSourceName": "Service Control Manager"}}, "EventID": {"#attributes": {"Qualifiers": 16384}, "#text": 7036}, "Version": 0, "Level": 4, "Task": 0, "Opcode": 0, "Keywords": "0x8080000000000000", "TimeCreated": {"#attributes": {"SystemTime": "2025-06-08T20:13:35.876923Z"}}, "EventRecordID": 1822, "Correlation": null, "Execution": {"#attributes": {"ProcessID": 720, "ThreadID": 1076}}, "Channel": "System", "Computer": "DC01.pirate.htb", "Security": null}, "EventData": {"param1": "Volume Shadow Copy", "param2": "running", "Binary": "5600530053002F0034000000"}}},
