2025-07-29T04:08:06.008416Z,12,DC01.pirate.htb,Microsoft-Windows-UserModePowerService,System,4093,4,,,,,,,,,,,,,,,,,,,,,,,,,,,,,,,,,,,,,,,,,,,,,,,,,,,,,,,,,,,,,,,,,,,,,,,,,,,,,,,,,,,,,,,,,,,,,,,,,,,,,,,,,,,A1841308-3541-4FAB-BC81-F71556F20B4A,,,,,,,,,,,,,,,,,,,,,,8C5E7FDA-E8BF-4A96-9A85-A6E23A8C635C,,,,,,,,,,,,,,,,C:\Windows\System32\msiexec.exe,5144,,,,,,,,,,,,,,,,,,,,,,,,,,,,,,,,,,,,,,,,,,,,,,,,,,,,,,,,,,,,,,,,,,,,,,,,
2025-07-29T04:08:06.044193Z,12,DC01.pirate.htb,Microsoft-Windows-UserModePowerService,System,4094,4,,,,,,,,,,,,,,,,,,,,,,,,,,,,,,,,,,,,,,,,,,,,,,,,,,,,,,,,,,,,,,,,,,,,,,,,,,,,,,,,,,,,,,,,,,,,,,,,,,,,,,,,,,,381B4222-F694-41F0-9685-FF5BB260DF2E,,,,,,,,,,,,,,,,,,,,,,A1841308-3541-4FAB-BC81-F71556F20B4A,,,,,,,,,,,,,,,,C:\Windows\System32\msiexec.exe,5144,,,,,,,,,,,,,,,,,,,,,,,,,,,,,,,,,,,,,,,,,,,,,,,,,,,,,,,,,,,,,,,,,,,,,,,,
2025-07-29T04:08:14.542128Z,"{'#attributes': {'Qualifiers': 16384}, '#text': 7045}",DC01.pirate.htb,Service Control Manager,System,4095,4,LocalSystem,,,,,,,,,,,,,,,,,,,,,,,,,,,,,,,,,,,,,,,,,,,,,,,,,,,,,,,,,,,,,,,,,,,,,,,,,,,,,,,,,,,,,,,"""C:\Program Files\VMware\VMware Tools\VMware VGAuth\VGAuthService.exe""",,,,,,,,,,,,,,,,,,,,,,,,,,,,,,,,,,,,,,,,,,,,,,,,,,,,,,,,,,,,,,,,,,,,,VMware Alias Manager and Ticket Service,user mode service,,,,,,,,auto start,,,,,,,,,,,,,,,,,,,,,,,,,,,,,,,,,,,,,,,,,,,,,,,,,,,,
2025-07-29T04:08:15.995273Z,"{'#attributes': {'Qualifiers': 16384}, '#text': 7040}",DC01.pirate.htb,Service Control Manager,System,4096,4,,,,,,,,,,,,,,,,,,,,,,,,,,,,,,,,,,,,,,,,,,,,,,,,,,,,,,,,,,,,,,,,,,,,,,,,,,,,,,,,,,,,,,,,,,,,,,,,,,,,,,,,,,,,,,,,,,,,,,,,,,,,,,,,,,,,,,,,,,,,,,,,,,,,,,,,,,,,,,,,,,,,,,,,,,,,,,,,,,,,,,,,,,,,,,,,,,,,,,,,,,Windows Socket 2.0 Non-IFS Service Provider Support Environment,,,system start,disabled,ws2ifsl,,,,,,,,,,,
2025-07-29T04:08:21.657514Z,"{'#attributes': {'Qualifiers': 16384}, '#text': 7036}",DC01.pirate.htb,Service Control Manager,System,4097,4,,,,,,,44006500760069006300650049006E007300740061006C006C002F0034000000,,,,,,,,,,,,,,,,,,,,,,,,,,,,,,,,,,,,,,,,,,,,,,,,,,,,,,,,,,,,,,,,,,,,,,,,,,,,,,,,,,,,,,,,,,,,,,,,,,,,,,,,,,,,,,,,,,,,,,,,,,,,,,,,,,,,,,,,,,,,,,,,,,,,,,,,,,,,,,,,,,,,,,,,,,,,,,,,,,,,,,,,,,,,,,,,,,,Device Install Service,,,running,,,,,,,,,,,,,
2025-07-29T04:08:22.220014Z,"{'#attributes': {'Qualifiers': 16392}, '#text': 3}",DC01.pirate.htb,vmci,System,4098,4,,,,,,,00000000020028000000000003000840030008400000000000000000000000000000000000000000,,,,,,,,,,,,,,,,,,,,,,,"VMCI: Using capabilities (0x1c).
",,,,,,,,,,,,,,,,,,,,,,,,,,,,,,,,,,,,,,,,,,,,,,,,,,,,,,,,,,,,,,,,,,,,,,,,,,,,,,,,,,,,,,,,,,,,,,,,,,,,,,,,,,,,,,,,,,,,,,,,,,,,,,,,,,,,,,,,,,,,,,,,,,,,,,,,,,,,,,,,,,,,,,,,,,,,,,,,,,,,,,,,,,,,
2025-07-29T04:08:22.232804Z,20001,DC01.pirate.htb,Microsoft-Windows-UserPnp,System,4099,4,,,,,,,,,,,,,,,,,,,,,,,,,,,,,,,,,,,,,,PCI\VEN_15AD&DEV_0740&SUBSYS_074015AD&REV_10\3&61AAA01&0&3F,,,,,,,,,,,VMware VMCI Bus Device,,vmci.inf_amd64_faf39406c404b481,,Broadcom Inc.,9.8.30.0,,,,,,,,,,,,,,,,,,,,,,,,,,,,,,,,,,,0x0,,,True,,,,,,,,,,,,,,,,,,,,,,,,,,,,,,,,,,,,,,,,,,,,,,,,,,,,,,,,,,,,,,False,,,,,,4D36E97D-E325-11CE-BFC1-08002BE10318,,,,,,,,,,,,,,,,,,,,,,,,,,,,,True,,,,,,,,,,http://manifests.microsoft.com/win/2004/08/windows/userpnp,,,,,,,,,,,,,,,,,,,
2025-07-29T04:08:22.360660Z,"{'#attributes': {'Qualifiers': 16392}, '#text': 3}",DC01.pirate.htb,vmci,System,4100,4,,,,,,,00000000020028000000000003000840030008400000000000000000000000000000000000000000,,,,,,,,,,,,,,,,,,,,,,,"VMCI: Using capabilities (0x1c).
",,,,,,,,,,,,,,,,,,,,,,,,,,,,,,,,,,,,,,,,,,,,,,,,,,,,,,,,,,,,,,,,,,,,,,,,,,,,,,,,,,,,,,,,,,,,,,,,,,,,,,,,,,,,,,,,,,,,,,,,,,,,,,,,,,,,,,,,,,,,,,,,,,,,,,,,,,,,,,,,,,,,,,,,,,,,,,,,,,,,,,,,,,,,
2025-07-29T04:08:22.380705Z,20001,DC01.pirate.htb,Microsoft-Windows-UserPnp,System,4101,4,,,,,,,,,,,,,,,,,,,,,,,,,,,,,,,,,,,,,,PCI\VEN_15AD&DEV_0740&SUBSYS_074015AD&REV_10\3&61AAA01&0&3F,,,,,,,,,,,VMware VMCI Bus Device,,vmci.inf_amd64_faf39406c404b481,,Broadcom Inc.,9.8.30.0,,,,,,,,,,,,,,,,,,,,,,,,,,,,,,,,,,,0x0,,,True,,,,,,,,,,,,,,,,,,,,,,,,,,,,,,,,,,,,,,,,,,,,,,,,,,,,,,,,,,,,,,False,,,,,,4D36E97D-E325-11CE-BFC1-08002BE10318,,,,,,,,,,,,,,,,,,,,,,,,,,,,,True,,,,,,,,,,http://manifests.microsoft.com/win/2004/08/windows/userpnp,,,,,,,,,,,,,,,,,,,
2025-07-29T04:08:22.500039Z,20001,DC01.pirate.htb,Microsoft-Windows-UserPnp,System,4102,4,,,,,,,,,,,,,,,,,,,,,,,,,,,,,,,,,,,,,,ROOT\VMWVMCIHOSTDEV\0000,,,,,,,,,,,VMware VMCI Host Device,,vmci.inf_amd64_faf39406c404b481,,Broadcom Inc.,9.8.30.0,,,,,,,,,,,,,,,,,,,,,,,,,,,,,,,,,,,0x0,,,True,,,,,,,,,,,,,,,,,,,,,,,,,,,,,,,,,,,,,,,,,,,,,,,,,,,,,,,,,,,,,,False,,,,,,4D36E97D-E325-11CE-BFC1-08002BE10318,,,,,,,,,,,,,,,,,,,,,,,,,,,,,False,,,,,,,,,,http://manifests.microsoft.com/win/2004/08/windows/userpnp,,,,,,,,,,,,,,,,,,,
2025-07-29T04:08:22.600247Z,"{'#attributes': {'Qualifiers': 16384}, '#text': 7045}",DC01.pirate.htb,Service Control Manager,System,4103,4,,,,,,,,,,,,,,,,,,,,,,,,,,,,,,,,,,,,,,,,,,,,,,,,,,,,,,,,,,,,,,,,,,,,,,,,,,,,,,,,,,,,,,,,\SystemRoot\system32\DRIVERS\vsock.sys,,,,,,,,,,,,,,,,,,,,,,,,,,,,,,,,,,,,,,,,,,,,,,,,,,,,,,,,,,,,,,,,,,,,,vSockets Virtual Machine Communication Interface Sockets driver,kernel mode driver,,,,,,,,system start,,,,,,,,,,,,,,,,,,,,,,,,,,,,,,,,,,,,,,,,,,,,,,,,,,,,
2025-07-29T04:08:22.641891Z,"{'#attributes': {'Qualifiers': 16384}, '#text': 7040}",DC01.pirate.htb,Service Control Manager,System,4104,4,,,,,,,,,,,,,,,,,,,,,,,,,,,,,,,,,,,,,,,,,,,,,,,,,,,,,,,,,,,,,,,,,,,,,,,,,,,,,,,,,,,,,,,,,,,,,,,,,,,,,,,,,,,,,,,,,,,,,,,,,,,,,,,,,,,,,,,,,,,,,,,,,,,,,,,,,,,,,,,,,,,,,,,,,,,,,,,,,,,,,,,,,,,,,,,,,,,,,,,,,,Windows Socket 2.0 Non-IFS Service Provider Support Environment,,,disabled,system start,ws2ifsl,,,,,,,,,,,
2025-07-29T04:08:22.673143Z,"{'#attributes': {'Qualifiers': 16384}, '#text': 7036}",DC01.pirate.htb,Service Control Manager,System,4105,4,,,,,,,56004700410075007400680053006500720076006900630065002F0034000000,,,,,,,,,,,,,,,,,,,,,,,,,,,,,,,,,,,,,,,,,,,,,,,,,,,,,,,,,,,,,,,,,,,,,,,,,,,,,,,,,,,,,,,,,,,,,,,,,,,,,,,,,,,,,,,,,,,,,,,,,,,,,,,,,,,,,,,,,,,,,,,,,,,,,,,,,,,,,,,,,,,,,,,,,,,,,,,,,,,,,,,,,,,,,,,,,,,VMware Alias Manager and Ticket Service,,,running,,,,,,,,,,,,,
2025-07-29T04:08:27.534145Z,"{'#attributes': {'Qualifiers': 0}, '#text': 5782}",DC01.pirate.htb,NETLOGON,System,4106,3,,,,,,,7C260000,,,,,,,,,,,,,,,,,,,,,%%9852,,,,,,,,,,,,,,,,,,,,,,,,,,,,,,,,,,,,,,,,,,,,,,,,,,,,,,,,,,,,,,,,,,,,,,,,,,,,,,,,,,,,,,,,,,,,,,,,,,,,,,,,,,,,,,,,,,,,,,,,,,,,,,,,,,,,,,,,,,,,,,,,,,,,,,,,,,,,,,,,,,,,,,,,,,,,,,,,,,,,,,,,,,,,,,
2025-07-29T04:08:27.464699Z,12,DC01.pirate.htb,Microsoft-Windows-Time-Service,System,4107,3,,,,,,,,,,,,,,,,,,,,,,,,,,,,,,,,,,,,,,,,,,,,,,,,,,,,,,,,,,,,,,,,,,,,,,,,,,,,,,,,,,,,,,,,,,,,,,,,,,,,,,,,,,TMP_EVENT_DOMAIN_HIERARCHY_ROOT,,,,,,,,,,,,,,,,,,,,,,,,,,,,,,,,,,,,,,,,,,,,,,,,,,,,,,,,,,,,,,,,,,,,,,,,,,,,,,,,,,,,,,,,,,,,,,,,,,,,,,,,,,,,,,,,
2025-07-29T04:08:27.505090Z,20001,DC01.pirate.htb,Microsoft-Windows-UserPnp,System,4108,4,,,,,,,,,,,,,,,,,,,,,,,,,,,,,,,,,,,,,,PCI\VEN_15AD&DEV_07B0&SUBSYS_07B015AD&REV_01\3&218E0F40&0&08,,,,,,,,,,,vmxnet3 Ethernet Adapter,,vmxnet3.inf_amd64_2edeba4b168f791f,,Broadcom Inc.,1.9.20.0,,,,,,,,,,,,,,,,,,,,,,,,,,,,,,,,,,,0x0,,,True,,,,,,,,,,,,,,,,,,,,,,,,,,,,,,,,,,,,,,,,,,,,,,,,,,,,,,,,,,,,,,False,,,,,,4D36E972-E325-11CE-BFC1-08002BE10318,,,,,,,,,,,,,,,,,,,,,,,,,,,,,True,,,,,,,,,,http://manifests.microsoft.com/win/2004/08/windows/userpnp,,,,,,,,,,,,,,,,,,,
2025-07-29T04:08:27.549773Z,"{'#attributes': {'Qualifiers': 16384}, '#text': 7036}",DC01.pirate.htb,Service Control Manager,System,4109,4,,,,,,,4E0065007400530065007400750070005300760063002F0034000000,,,,,,,,,,,,,,,,,,,,,,,,,,,,,,,,,,,,,,,,,,,,,,,,,,,,,,,,,,,,,,,,,,,,,,,,,,,,,,,,,,,,,,,,,,,,,,,,,,,,,,,,,,,,,,,,,,,,,,,,,,,,,,,,,,,,,,,,,,,,,,,,,,,,,,,,,,,,,,,,,,,,,,,,,,,,,,,,,,,,,,,,,,,,,,,,,,,Network Setup Service,,,running,,,,,,,,,,,,,
2025-07-29T04:08:29.872362Z,20001,DC01.pirate.htb,Microsoft-Windows-UserPnp,System,4110,4,,,,,,,,,,,,,,,,,,,,,,,,,,,,,,,,,,,,,,HID\VID_0E0F&PID_0003&MI_00\7&3E42F34&0&0000,,,,,,,,,,,VMware USB Pointing Device,,vmusbmouse.inf_amd64_58ff4967b513bcbb,,Broadcom Inc.,12.5.15.0,,,,,,,,,,,,,,,,,,,,,,,,,,,,,,,,,,,0x0,,,True,,,,,,,,,,,,,,,,,,,,,,,,,,,,,,,,,,,,,,,,,,,,,,,,,,,,,,,,,,,,,,False,,,,,,4D36E96F-E325-11CE-BFC1-08002BE10318,,,,,,,,,,,,,,,,,,,,,,,,,,,,,True,,,,,,,,,,http://manifests.microsoft.com/win/2004/08/windows/userpnp,,,,,,,,,,,,,,,,,,,
2025-07-29T04:08:30.553951Z,"{'#attributes': {'Qualifiers': 16384}, '#text': 7036}",DC01.pirate.htb,Service Control Manager,System,4111,4,,,,,,,4E0065007400530065007400750070005300760063002F0031000000,,,,,,,,,,,,,,,,,,,,,,,,,,,,,,,,,,,,,,,,,,,,,,,,,,,,,,,,,,,,,,,,,,,,,,,,,,,,,,,,,,,,,,,,,,,,,,,,,,,,,,,,,,,,,,,,,,,,,,,,,,,,,,,,,,,,,,,,,,,,,,,,,,,,,,,,,,,,,,,,,,,,,,,,,,,,,,,,,,,,,,,,,,,,,,,,,,,Network Setup Service,,,stopped,,,,,,,,,,,,,
2025-07-29T04:08:30.951775Z,20001,DC01.pirate.htb,Microsoft-Windows-UserPnp,System,4112,4,,,,,,,,,,,,,,,,,,,,,,,,,,,,,,,,,,,,,,ACPI\VMW0003\4&1BD7F811&0,,,,,,,,,,,VMware Pointing Device,,vmmouse.inf_amd64_29eb80cd741f9968,,Broadcom Inc.,12.5.15.0,,,,,,,,,,,,,,,,,,,,,,,,,,,,,,,,,,,0x0,,,True,,,,,,,,,,,,,,,,,,,,,,,,,,,,,,,,,,,,,,,,,,,,,,,,,,,,,,,,,,,,,,False,,,,,,4D36E96F-E325-11CE-BFC1-08002BE10318,,,,,,,,,,,,,,,,,,,,,,,,,,,,,True,,,,,,,,,,http://manifests.microsoft.com/win/2004/08/windows/userpnp,,,,,,,,,,,,,,,,,,,
2025-07-29T04:08:36.766232Z,"{'#attributes': {'Qualifiers': 16384}, '#text': 7045}",DC01.pirate.htb,Service Control Manager,System,4113,4,,,,,,,,,,,,,,,,,,,,,,,,,,,,,,,,,,,,,,,,,,,,,,,,,,,,,,,,,,,,,,,,,,,,,,,,,,,,,,,,,,,,,,,,\SystemRoot\system32\DRIVERS\vmmemctl.sys,,,,,,,,,,,,,,,,,,,,,,,,,,,,,,,,,,,,,,,,,,,,,,,,,,,,,,,,,,,,,,,,,,,,,Memory Control Driver,kernel mode driver,,,,,,,,auto start,,,,,,,,,,,,,,,,,,,,,,,,,,,,,,,,,,,,,,,,,,,,,,,,,,,,
2025-07-29T04:08:38.028495Z,"{'#attributes': {'Qualifiers': 16384}, '#text': 7045}",DC01.pirate.htb,Service Control Manager,System,4114,4,,,,,,,,,,,,,,,,,,,,,,,,,,,,,,,,,,,,,,,,,,,,,,,,,,,,,,,,,,,,,,,,,,,,,,,,,,,,,,,,,,,,,,,,\SystemRoot\system32\DRIVERS\vmrawdsk.sys,,,,,,,,,,,,,,,,,,,,,,,,,,,,,,,,,,,,,,,,,,,,,,,,,,,,,,,,,,,,,,,,,,,,,VMware Physical Disk Helper,kernel mode driver,,,,,,,,system start,,,,,,,,,,,,,,,,,,,,,,,,,,,,,,,,,,,,,,,,,,,,,,,,,,,,
2025-07-29T04:08:38.528500Z,"{'#attributes': {'Qualifiers': 16384}, '#text': 7036}",DC01.pirate.htb,Service Control Manager,System,4115,4,,,,,,,76006D003300640073006500720076006900630065002F0031000000,,,,,,,,,,,,,,,,,,,,,,,,,,,,,,,,,,,,,,,,,,,,,,,,,,,,,,,,,,,,,,,,,,,,,,,,,,,,,,,,,,,,,,,,,,,,,,,,,,,,,,,,,,,,,,,,,,,,,,,,,,,,,,,,,,,,,,,,,,,,,,,,,,,,,,,,,,,,,,,,,,,,,,,,,,,,,,,,,,,,,,,,,,,,,,,,,,,VMware SVGA Helper Service,,,stopped,,,,,,,,,,,,,
2025-07-29T04:08:39.550170Z,20001,DC01.pirate.htb,Microsoft-Windows-UserPnp,System,4116,4,,,,,,,,,,,,,,,,,,,,,,,,,,,,,,,,,,,,,,PCI\VEN_15AD&DEV_0405&SUBSYS_040515AD&REV_00\3&61AAA01&0&78,,,,,,,,,,,Microsoft Basic Display Adapter,,display.inf_amd64_981681cc88e8d010,,Microsoft,10.0.17763.1,,,,,,,,,,,,,,,,,,,,,,,,,,,,,,,,,,,0x0,,,False,,,,,,,,,,,,,,,,,,,,,,,,,,,,,,,,,,,,,,,,,,,,,,,,,,,,,,,,,,,,,,False,,,,,,4D36E968-E325-11CE-BFC1-08002BE10318,,,,,,,,,,,,,,,,,,,,,,,,,,,,,True,,,,,,,,,,http://manifests.microsoft.com/win/2004/08/windows/userpnp,,,,,,,,,,,,,,,,,,,
2025-07-29T04:08:40.085386Z,1014,DC01.pirate.htb,Microsoft-Windows-DNS-Client,System,4117,3,,,,020000007F000001000000000000000000000000000000000000000000000000000000000000000000000000000000000000000000000000000000000000000000000000000000000000000000000000000000000000000000000000000000000000000000000000000000000000000000000000000000000000000000000000,128,,,,,,,,,,,,,,,,,,,,,,,,,,,,,,,,,,,,,,,,,,,,,,,,,,,,,,,,,,,,,,,,,,,,,,,,,,,,,,,,,,,,,,,,,,,,,,,,,,,,,,,,,,,,,,,,,,,,,,,,,,,,,,,,,,,,,,,,,,,,,,,,,,,ctldl.windowsupdate.com,,,,,,,,,,,,,,,,,,,,,,,,,,,,,,,,,,,,,,,,,,,,,,,,,,,,,,,,,,,,,,,,,,
2025-07-29T04:08:41.416221Z,20001,DC01.pirate.htb,Microsoft-Windows-UserPnp,System,4118,4,,,,,,,,,,,,,,,,,,,,,,,,,,,,,,,,,,,,,,PCI\VEN_15AD&DEV_0405&SUBSYS_040515AD&REV_00\3&61AAA01&0&78,,,,,,,,,,,VMware SVGA 3D,,vm3d.inf_amd64_eba3f0b96d8538e4,,Broadcom Inc.,9.17.9.4,,,,,,,,,,,,,,,,,,,,,,,,,,,,,,,,,,,0x0,,,True,,,,,,,,,,,,,,,,,,,,,,,,,,,,,,,,,,,,,,,,,,,,,,,,,,,,,,,,,,,,,,False,,,,,,4D36E968-E325-11CE-BFC1-08002BE10318,,,,,,,,,,,,,,,,,,,,,,,,,,,,,True,,,,,,,,,,http://manifests.microsoft.com/win/2004/08/windows/userpnp,,,,,,,,,,,,,,,,,,,
2025-07-29T04:08:41.419120Z,"{'#attributes': {'Qualifiers': 16384}, '#text': 7045}",DC01.pirate.htb,Service Control Manager,System,4119,4,LocalSystem,,,,,,,,,,,,,,,,,,,,,,,,,,,,,,,,,,,,,,,,,,,,,,,,,,,,,,,,,,,,,,,,,,,,,,,,,,,,,,,,,,,,,,,"""C:\Program Files\VMware\VMware Tools\vm3dservice.exe""",,,,,,,,,,,,,,,,,,,,,,,,,,,,,,,,,,,,,,,,,,,,,,,,,,,,,,,,,,,,,,,,,,,,,VMware SVGA Helper Service,user mode service,,,,,,,,auto start,,,,,,,,,,,,,,,,,,,,,,,,,,,,,,,,,,,,,,,,,,,,,,,,,,,,
2025-07-29T04:08:42.311106Z,"{'#attributes': {'Qualifiers': 16384}, '#text': 7045}",DC01.pirate.htb,Service Control Manager,System,4120,4,LocalSystem,,,,,,,,,,,,,,,,,,,,,,,,,,,,,,,,,,,,,,,,,,,,,,,,,,,,,,,,,,,,,,,,,,,,,,,,,,,,,,,,,,,,,,,"""C:\Program Files\VMware\VMware Tools\vmtoolsd.exe""",,,,,,,,,,,,,,,,,,,,,,,,,,,,,,,,,,,,,,,,,,,,,,,,,,,,,,,,,,,,,,,,,,,,,VMware Tools,user mode service,,,,,,,,auto start,,,,,,,,,,,,,,,,,,,,,,,,,,,,,,,,,,,,,,,,,,,,,,,,,,,,
2025-07-29T04:08:42.340991Z,"{'#attributes': {'Qualifiers': 16384}, '#text': 7036}",DC01.pirate.htb,Service Control Manager,System,4121,4,,,,,,,56004D0054006F006F006C0073002F0034000000,,,,,,,,,,,,,,,,,,,,,,,,,,,,,,,,,,,,,,,,,,,,,,,,,,,,,,,,,,,,,,,,,,,,,,,,,,,,,,,,,,,,,,,,,,,,,,,,,,,,,,,,,,,,,,,,,,,,,,,,,,,,,,,,,,,,,,,,,,,,,,,,,,,,,,,,,,,,,,,,,,,,,,,,,,,,,,,,,,,,,,,,,,,,,,,,,,,VMware Tools,,,running,,,,,,,,,,,,,
2025-07-29T04:08:43.030484Z,"{'#attributes': {'Qualifiers': 16384}, '#text': 7045}",DC01.pirate.htb,Service Control Manager,System,4122,4,NT AUTHORITY\LocalService,,,,,,,,,,,,,,,,,,,,,,,,,,,,,,,,,,,,,,,,,,,,,,,,,,,,,,,,,,,,,,,,,,,,,,,,,,,,,,,,,,,,,,,C:\Windows\system32\dllhost.exe /Processid:{EEA298D9-9EE6-49B9-8493-F4373CE24AE6},,,,,,,,,,,,,,,,,,,,,,,,,,,,,,,,,,,,,,,,,,,,,,,,,,,,,,,,,,,,,,,,,,,,,VMware Snapshot Provider,user mode service,,,,,,,,demand start,,,,,,,,,,,,,,,,,,,,,,,,,,,,,,,,,,,,,,,,,,,,,,,,,,,,
2025-07-29T04:08:53.705151Z,"{'#attributes': {'Qualifiers': 16384}, '#text': 7036}",DC01.pirate.htb,Service Control Manager,System,4123,4,,,,,,,57006100610053004D0065006400690063005300760063002F0034000000,,,,,,,,,,,,,,,,,,,,,,,,,,,,,,,,,,,,,,,,,,,,,,,,,,,,,,,,,,,,,,,,,,,,,,,,,,,,,,,,,,,,,,,,,,,,,,,,,,,,,,,,,,,,,,,,,,,,,,,,,,,,,,,,,,,,,,,,,,,,,,,,,,,,,,,,,,,,,,,,,,,,,,,,,,,,,,,,,,,,,,,,,,,,,,,,,,,Windows Update Medic Service,,,running,,,,,,,,,,,,,
2025-07-29T04:08:54.023924Z,"{'#attributes': {'Qualifiers': 16384}, '#text': 7036}",DC01.pirate.htb,Service Control Manager,System,4124,4,,,,,,,7300700070007300760063002F0034000000,,,,,,,,,,,,,,,,,,,,,,,,,,,,,,,,,,,,,,,,,,,,,,,,,,,,,,,,,,,,,,,,,,,,,,,,,,,,,,,,,,,,,,,,,,,,,,,,,,,,,,,,,,,,,,,,,,,,,,,,,,,,,,,,,,,,,,,,,,,,,,,,,,,,,,,,,,,,,,,,,,,,,,,,,,,,,,,,,,,,,,,,,,,,,,,,,,,Software Protection,,,running,,,,,,,,,,,,,
2025-07-29T04:08:54.064522Z,"{'#attributes': {'Qualifiers': 16384}, '#text': 7036}",DC01.pirate.htb,Service Control Manager,System,4125,4,,,,,,,500075007300680054006F0049006E007300740061006C006C002F0034000000,,,,,,,,,,,,,,,,,,,,,,,,,,,,,,,,,,,,,,,,,,,,,,,,,,,,,,,,,,,,,,,,,,,,,,,,,,,,,,,,,,,,,,,,,,,,,,,,,,,,,,,,,,,,,,,,,,,,,,,,,,,,,,,,,,,,,,,,,,,,,,,,,,,,,,,,,,,,,,,,,,,,,,,,,,,,,,,,,,,,,,,,,,,,,,,,,,,Windows PushToInstall Service,,,running,,,,,,,,,,,,,
2025-07-29T04:08:54.080155Z,"{'#attributes': {'Qualifiers': 16384}, '#text': 7036}",DC01.pirate.htb,Service Control Manager,System,4126,4,,,,,,,49006E007300740061006C006C0053006500720076006900630065002F0034000000,,,,,,,,,,,,,,,,,,,,,,,,,,,,,,,,,,,,,,,,,,,,,,,,,,,,,,,,,,,,,,,,,,,,,,,,,,,,,,,,,,,,,,,,,,,,,,,,,,,,,,,,,,,,,,,,,,,,,,,,,,,,,,,,,,,,,,,,,,,,,,,,,,,,,,,,,,,,,,,,,,,,,,,,,,,,,,,,,,,,,,,,,,,,,,,,,,,Microsoft Store Install Service,,,running,,,,,,,,,,,,,
2025-07-29T04:08:59.151890Z,"{'#attributes': {'Qualifiers': 16384}, '#text': 7036}",DC01.pirate.htb,Service Control Manager,System,4127,4,,,,,,,500075007300680054006F0049006E007300740061006C006C002F0031000000,,,,,,,,,,,,,,,,,,,,,,,,,,,,,,,,,,,,,,,,,,,,,,,,,,,,,,,,,,,,,,,,,,,,,,,,,,,,,,,,,,,,,,,,,,,,,,,,,,,,,,,,,,,,,,,,,,,,,,,,,,,,,,,,,,,,,,,,,,,,,,,,,,,,,,,,,,,,,,,,,,,,,,,,,,,,,,,,,,,,,,,,,,,,,,,,,,,Windows PushToInstall Service,,,stopped,,,,,,,,,,,,,
2025-07-29T04:09:05.113210Z,"{'#attributes': {'Qualifiers': 16384}, '#text': 7036}",DC01.pirate.htb,Service Control Manager,System,4128,4,,,,,,,630061006D007300760063002F0034000000,,,,,,,,,,,,,,,,,,,,,,,,,,,,,,,,,,,,,,,,,,,,,,,,,,,,,,,,,,,,,,,,,,,,,,,,,,,,,,,,,,,,,,,,,,,,,,,,,,,,,,,,,,,,,,,,,,,,,,,,,,,,,,,,,,,,,,,,,,,,,,,,,,,,,,,,,,,,,,,,,,,,,,,,,,,,,,,,,,,,,,,,,,,,,,,,,,,Capability Access Manager Service,,,running,,,,,,,,,,,,,
2025-07-29T04:09:27.422805Z,"{'#attributes': {'Qualifiers': 32768}, '#text': 1074}",DC01.pirate.htb,User32,System,4129,4,,,,,,,,,,,,,,,,,,,,,,,,,,,,,,,,,,,,,,,,,,,,,,,,,,,,,,,,,,,,,,,,,,,,,,,,,,,,,,,,,,,,,,,,,,,,,,,,,,,,,,,,,,,,,,,,,,,,,,,,,,,,,,,,,,,,,,,,,,,,,,,,,,,,,,,,,,,,,,,,,,,,,,,,,,,,,,,,,,,,,,,,,,,,,,,,,,,,,,,,,,C:\Program Files\VMware\VMware Tools\vmtoolsd.exe (DC01),,,DC01,Legacy API shutdown,0x80070000,shutdown,,NT AUTHORITY\SYSTEM,,,,,,,,
2025-07-29T04:09:28.156955Z,"{'#attributes': {'Qualifiers': 16384}, '#text': 7036}",DC01.pirate.htb,Service Control Manager,System,4130,4,,,,,,,43004400500055007300650072005300760063005F00330063006300300038002F0031000000,,,,,,,,,,,,,,,,,,,,,,,,,,,,,,,,,,,,,,,,,,,,,,,,,,,,,,,,,,,,,,,,,,,,,,,,,,,,,,,,,,,,,,,,,,,,,,,,,,,,,,,,,,,,,,,,,,,,,,,,,,,,,,,,,,,,,,,,,,,,,,,,,,,,,,,,,,,,,,,,,,,,,,,,,,,,,,,,,,,,,,,,,,,,,,,,,,,Connected Devices Platform User Service_3cc08,,,stopped,,,,,,,,,,,,,
2025-07-29T04:09:28.188212Z,"{'#attributes': {'Qualifiers': 16384}, '#text': 7036}",DC01.pirate.htb,Service Control Manager,System,4131,4,,,,,,,570070006E00550073006500720053006500720076006900630065005F00330063006300300038002F0031000000,,,,,,,,,,,,,,,,,,,,,,,,,,,,,,,,,,,,,,,,,,,,,,,,,,,,,,,,,,,,,,,,,,,,,,,,,,,,,,,,,,,,,,,,,,,,,,,,,,,,,,,,,,,,,,,,,,,,,,,,,,,,,,,,,,,,,,,,,,,,,,,,,,,,,,,,,,,,,,,,,,,,,,,,,,,,,,,,,,,,,,,,,,,,,,,,,,,Windows Push Notifications User Service_3cc08,,,stopped,,,,,,,,,,,,,
2025-07-29T04:09:28.220734Z,7002,DC01.pirate.htb,Microsoft-Windows-Winlogon,System,4132,4,,,,,,,,,,,,,,,,,,,,,,,,,,,,,,,,,,,,,,,,,,,,,,,,,,,,,,,,,,,,,,,,,,,,,,,,,,,,,,,,,,,,,,,,,,,,,,,,,,,,,,,,,,,,,,,,,,,,,,,,,,,,,,,,,,,,,,,,,,,,,,,,,,,,,,,,,,,,,,,,,,,,,,,,,,,,,,,,,,1,,,,,,,,,,,,,S-1-5-21-4107424128-4158083573-1300325248-500,,,,,,,,,,,,,,,,,,,,,,,,,,,
2025-07-29T04:09:36.926825Z,"{'#attributes': {'Qualifiers': 7}, '#text': 10149}",DC01.pirate.htb,Microsoft-Windows-WinRM,System,4133,3,,,,,,,,,,,,,,,,,,,,,,,,,,,,,,,,,,,,,,,,,,,,,,,,,,,,,,,,,,,,,,,,,,,,,,,,,,,,,,,,,,,,,,,,,,,,,,,,,,,,,,,,,,Stopped Listening,,,,,,,,,,,,,,,,,,,,,,,,,,,,,,,,,,,,,,,,,,,,,,,,,,,,,,,,,,,,,,,,,,,,,,,,,,,,,,,,,,,,,,,,,,,,,,,,,,,,,,,,,,,,,,,,
2025-07-29T04:09:35.906462Z,"{'#attributes': {'Qualifiers': 16384}, '#text': 7036}",DC01.pirate.htb,Service Control Manager,System,4134,4,,,,,,,7300700070007300760063002F0031000000,,,,,,,,,,,,,,,,,,,,,,,,,,,,,,,,,,,,,,,,,,,,,,,,,,,,,,,,,,,,,,,,,,,,,,,,,,,,,,,,,,,,,,,,,,,,,,,,,,,,,,,,,,,,,,,,,,,,,,,,,,,,,,,,,,,,,,,,,,,,,,,,,,,,,,,,,,,,,,,,,,,,,,,,,,,,,,,,,,,,,,,,,,,,,,,,,,,Software Protection,,,stopped,,,,,,,,,,,,,
2025-07-29T04:09:36.411612Z,234,DC01.pirate.htb,Microsoft-Windows-Hyper-V-VmSwitch,System,4135,4,,,,,,,,,,,,,,,,,,,,,,,,,,,,,,,,,,,,,,,,,,,,,,,,,,,,,,,,,,,,,,,,,,,,,,,,,,,,,,,,,,,,,,,,,,,,,,,,,,,,,,,,,,,,,,,,6D41DBBA-7239-49AA-838D-21B7E31BBA14--44CADE70-D707-4E9E-978A-ED2E85E23C94,74,,,,,,,,,,,,,,,,,,,,,,,,,,,1,,,,,,,,,,,,,,,,,,,,,,,,,,,,,,,,,,,,,,,,,,,,,,,,,,,,,,,,,,,,,,,,,,,,,,,,,,,,,,
2025-07-29T04:09:36.412778Z,233,DC01.pirate.htb,Microsoft-Windows-Hyper-V-VmSwitch,System,4136,4,,,,,,,,,,,,,,,,,,,,,,,,,,,,,,,,,,,,,,,,,,,,,,,,,,,,,,,,,,,,,,,,,,,,,,,,,,,,,,,,,,,,,,,,,,,,,,,,,,,,,,,,,,,,,,Network Adapter,15,6D41DBBA-7239-49AA-838D-21B7E31BBA14--44CADE70-D707-4E9E-978A-ED2E85E23C94,74,,,,,,,,,,,,,,,,,,8,,,,,,,,,,,,,,,,,,,,,,,,,,,,,,,,,,,,,,,,,,,,,,,,,,,,,,,,,,,,,,,,,,,,,,,,,,,,,,,,,,,,,,,
2025-07-29T04:09:36.583193Z,"{'#attributes': {'Qualifiers': 16384}, '#text': 7036}",DC01.pirate.htb,Service Control Manager,System,4137,4,,,,,,,76006D006D0073002F0031000000,,,,,,,,,,,,,,,,,,,,,,,,,,,,,,,,,,,,,,,,,,,,,,,,,,,,,,,,,,,,,,,,,,,,,,,,,,,,,,,,,,,,,,,,,,,,,,,,,,,,,,,,,,,,,,,,,,,,,,,,,,,,,,,,,,,,,,,,,,,,,,,,,,,,,,,,,,,,,,,,,,,,,,,,,,,,,,,,,,,,,,,,,,,,,,,,,,,Hyper-V Virtual Machine Management,,,stopped,,,,,,,,,,,,,
2025-07-29T04:09:36.598698Z,"{'#attributes': {'Qualifiers': 16384}, '#text': 7036}",DC01.pirate.htb,Service Control Manager,System,4138,4,,,,,,,44006500760069006300650049006E007300740061006C006C002F0031000000,,,,,,,,,,,,,,,,,,,,,,,,,,,,,,,,,,,,,,,,,,,,,,,,,,,,,,,,,,,,,,,,,,,,,,,,,,,,,,,,,,,,,,,,,,,,,,,,,,,,,,,,,,,,,,,,,,,,,,,,,,,,,,,,,,,,,,,,,,,,,,,,,,,,,,,,,,,,,,,,,,,,,,,,,,,,,,,,,,,,,,,,,,,,,,,,,,,Device Install Service,,,stopped,,,,,,,,,,,,,
2025-07-29T04:09:36.614335Z,"{'#attributes': {'Qualifiers': 16384}, '#text': 7036}",DC01.pirate.htb,Service Control Manager,System,4139,4,,,,,,,670070007300760063002F0031000000,,,,,,,,,,,,,,,,,,,,,,,,,,,,,,,,,,,,,,,,,,,,,,,,,,,,,,,,,,,,,,,,,,,,,,,,,,,,,,,,,,,,,,,,,,,,,,,,,,,,,,,,,,,,,,,,,,,,,,,,,,,,,,,,,,,,,,,,,,,,,,,,,,,,,,,,,,,,,,,,,,,,,,,,,,,,,,,,,,,,,,,,,,,,,,,,,,,Group Policy Client,,,stopped,,,,,,,,,,,,,
2025-07-29T04:09:36.645605Z,"{'#attributes': {'Qualifiers': 16384}, '#text': 7036}",DC01.pirate.htb,Service Control Manager,System,4140,4,,,,,,,56004D0054006F006F006C0073002F0031000000,,,,,,,,,,,,,,,,,,,,,,,,,,,,,,,,,,,,,,,,,,,,,,,,,,,,,,,,,,,,,,,,,,,,,,,,,,,,,,,,,,,,,,,,,,,,,,,,,,,,,,,,,,,,,,,,,,,,,,,,,,,,,,,,,,,,,,,,,,,,,,,,,,,,,,,,,,,,,,,,,,,,,,,,,,,,,,,,,,,,,,,,,,,,,,,,,,,VMware Tools,,,stopped,,,,,,,,,,,,,
2025-07-29T04:09:36.692455Z,"{'#attributes': {'Qualifiers': 16384}, '#text': 7036}",DC01.pirate.htb,Service Control Manager,System,4141,4,,,,,,,550041004C005300560043002F0031000000,,,,,,,,,,,,,,,,,,,,,,,,,,,,,,,,,,,,,,,,,,,,,,,,,,,,,,,,,,,,,,,,,,,,,,,,,,,,,,,,,,,,,,,,,,,,,,,,,,,,,,,,,,,,,,,,,,,,,,,,,,,,,,,,,,,,,,,,,,,,,,,,,,,,,,,,,,,,,,,,,,,,,,,,,,,,,,,,,,,,,,,,,,,,,,,,,,,User Access Logging Service,,,stopped,,,,,,,,,,,,,
2025-07-29T04:09:36.708083Z,"{'#attributes': {'Qualifiers': 16384}, '#text': 7036}",DC01.pirate.htb,Service Control Manager,System,4142,4,,,,,,,440069006100670054007200610063006B002F0031000000,,,,,,,,,,,,,,,,,,,,,,,,,,,,,,,,,,,,,,,,,,,,,,,,,,,,,,,,,,,,,,,,,,,,,,,,,,,,,,,,,,,,,,,,,,,,,,,,,,,,,,,,,,,,,,,,,,,,,,,,,,,,,,,,,,,,,,,,,,,,,,,,,,,,,,,,,,,,,,,,,,,,,,,,,,,,,,,,,,,,,,,,,,,,,,,,,,,Connected User Experiences and Telemetry,,,stopped,,,,,,,,,,,,,
2025-07-29T04:09:36.723713Z,"{'#attributes': {'Qualifiers': 16384}, '#text': 7036}",DC01.pirate.htb,Service Control Manager,System,4143,4,,,,,,,42004900540053002F0031000000,,,,,,,,,,,,,,,,,,,,,,,,,,,,,,,,,,,,,,,,,,,,,,,,,,,,,,,,,,,,,,,,,,,,,,,,,,,,,,,,,,,,,,,,,,,,,,,,,,,,,,,,,,,,,,,,,,,,,,,,,,,,,,,,,,,,,,,,,,,,,,,,,,,,,,,,,,,,,,,,,,,,,,,,,,,,,,,,,,,,,,,,,,,,,,,,,,,Background Intelligent Transfer Service,,,stopped,,,,,,,,,,,,,
2025-07-29T04:09:36.926825Z,"{'#attributes': {'Qualifiers': 16384}, '#text': 7036}",DC01.pirate.htb,Service Control Manager,System,4144,4,,,,,,,570064006900530079007300740065006D0048006F00730074002F0031000000,,,,,,,,,,,,,,,,,,,,,,,,,,,,,,,,,,,,,,,,,,,,,,,,,,,,,,,,,,,,,,,,,,,,,,,,,,,,,,,,,,,,,,,,,,,,,,,,,,,,,,,,,,,,,,,,,,,,,,,,,,,,,,,,,,,,,,,,,,,,,,,,,,,,,,,,,,,,,,,,,,,,,,,,,,,,,,,,,,,,,,,,,,,,,,,,,,,Diagnostic System Host,,,stopped,,,,,,,,,,,,,
2025-07-29T04:09:36.926825Z,"{'#attributes': {'Qualifiers': 16384}, '#text': 7036}",DC01.pirate.htb,Service Control Manager,System,4145,4,,,,,,,57004C004D0053002F0031000000,,,,,,,,,,,,,,,,,,,,,,,,,,,,,,,,,,,,,,,,,,,,,,,,,,,,,,,,,,,,,,,,,,,,,,,,,,,,,,,,,,,,,,,,,,,,,,,,,,,,,,,,,,,,,,,,,,,,,,,,,,,,,,,,,,,,,,,,,,,,,,,,,,,,,,,,,,,,,,,,,,,,,,,,,,,,,,,,,,,,,,,,,,,,,,,,,,,Windows Licensing Monitoring Service,,,stopped,,,,,,,,,,,,,
2025-07-29T04:09:36.926825Z,"{'#attributes': {'Qualifiers': 16384}, '#text': 7036}",DC01.pirate.htb,Service Control Manager,System,4146,4,,,,,,,41004400570053002F0031000000,,,,,,,,,,,,,,,,,,,,,,,,,,,,,,,,,,,,,,,,,,,,,,,,,,,,,,,,,,,,,,,,,,,,,,,,,,,,,,,,,,,,,,,,,,,,,,,,,,,,,,,,,,,,,,,,,,,,,,,,,,,,,,,,,,,,,,,,,,,,,,,,,,,,,,,,,,,,,,,,,,,,,,,,,,,,,,,,,,,,,,,,,,,,,,,,,,,Active Directory Web Services,,,stopped,,,,,,,,,,,,,
2025-07-29T04:09:36.926825Z,"{'#attributes': {'Qualifiers': 16384}, '#text': 7036}",DC01.pirate.htb,Service Control Manager,System,4147,4,,,,,,,57006100610053004D0065006400690063005300760063002F0031000000,,,,,,,,,,,,,,,,,,,,,,,,,,,,,,,,,,,,,,,,,,,,,,,,,,,,,,,,,,,,,,,,,,,,,,,,,,,,,,,,,,,,,,,,,,,,,,,,,,,,,,,,,,,,,,,,,,,,,,,,,,,,,,,,,,,,,,,,,,,,,,,,,,,,,,,,,,,,,,,,,,,,,,,,,,,,,,,,,,,,,,,,,,,,,,,,,,,Windows Update Medic Service,,,stopped,,,,,,,,,,,,,
2025-07-29T04:09:36.926825Z,"{'#attributes': {'Qualifiers': 16384}, '#text': 7036}",DC01.pirate.htb,Service Control Manager,System,4148,4,,,,,,,490073006D0053006500720076002F0031000000,,,,,,,,,,,,,,,,,,,,,,,,,,,,,,,,,,,,,,,,,,,,,,,,,,,,,,,,,,,,,,,,,,,,,,,,,,,,,,,,,,,,,,,,,,,,,,,,,,,,,,,,,,,,,,,,,,,,,,,,,,,,,,,,,,,,,,,,,,,,,,,,,,,,,,,,,,,,,,,,,,,,,,,,,,,,,,,,,,,,,,,,,,,,,,,,,,,Intersite Messaging,,,stopped,,,,,,,,,,,,,
2025-07-29T04:09:36.926825Z,"{'#attributes': {'Qualifiers': 16384}, '#text': 7036}",DC01.pirate.htb,Service Control Manager,System,4149,4,,,,,,,770069007300760063002F0031000000,,,,,,,,,,,,,,,,,,,,,,,,,,,,,,,,,,,,,,,,,,,,,,,,,,,,,,,,,,,,,,,,,,,,,,,,,,,,,,,,,,,,,,,,,,,,,,,,,,,,,,,,,,,,,,,,,,,,,,,,,,,,,,,,,,,,,,,,,,,,,,,,,,,,,,,,,,,,,,,,,,,,,,,,,,,,,,,,,,,,,,,,,,,,,,,,,,,Windows Insider Service,,,stopped,,,,,,,,,,,,,
2025-07-29T04:09:36.926825Z,"{'#attributes': {'Qualifiers': 16384}, '#text': 7036}",DC01.pirate.htb,Service Control Manager,System,4150,4,,,,,,,43006C00690070005300560043002F0031000000,,,,,,,,,,,,,,,,,,,,,,,,,,,,,,,,,,,,,,,,,,,,,,,,,,,,,,,,,,,,,,,,,,,,,,,,,,,,,,,,,,,,,,,,,,,,,,,,,,,,,,,,,,,,,,,,,,,,,,,,,,,,,,,,,,,,,,,,,,,,,,,,,,,,,,,,,,,,,,,,,,,,,,,,,,,,,,,,,,,,,,,,,,,,,,,,,,,Client License Service (ClipSVC),,,stopped,,,,,,,,,,,,,
2025-07-29T04:09:37.051830Z,"{'#attributes': {'Qualifiers': 32768}, '#text': 6006}",DC01.pirate.htb,EventLog,System,4151,4,,,,,,,0100000000000000,,,,,,,,,,,,,,,,,,,,,,,,,,,,,,,,,,,,,,,,,,,,,,,,,,,,,,,,,,,,,,,,,,,,,,,,,,,,,,,,,,,,,,,,,,,,,,,,,,,,,,,,,,,,,,,,,,,,,,,,,,,,,,,,,,,,,,,,,,,,,,,,,,,,,,,,,,,,,,,,,,,,,,,,,,,,,,,,,,,,,,,,,,,,,,,,,,,,,,,,,,,,,,,,,,,
2025-07-29T04:09:36.942452Z,"{'#attributes': {'Qualifiers': 16384}, '#text': 7036}",DC01.pirate.htb,Service Control Manager,System,4152,4,,,,,,,4800760048006F00730074002F0031000000,,,,,,,,,,,,,,,,,,,,,,,,,,,,,,,,,,,,,,,,,,,,,,,,,,,,,,,,,,,,,,,,,,,,,,,,,,,,,,,,,,,,,,,,,,,,,,,,,,,,,,,,,,,,,,,,,,,,,,,,,,,,,,,,,,,,,,,,,,,,,,,,,,,,,,,,,,,,,,,,,,,,,,,,,,,,,,,,,,,,,,,,,,,,,,,,,,,HV Host Service,,,stopped,,,,,,,,,,,,,
2025-07-29T04:09:36.944613Z,50104,DC01.pirate.htb,Microsoft-Windows-Dhcp-Client,System,4153,4,,,,,,,,,,,,,,,,,,,,,,,,,,,,,,,,,,,,,,,,,,,,,,,,,,,,,,,,,,,,,,,,,,,,,,,,,,,,,,,,,,,,,,,,,,,,,,,,,,,,,,,,,,,,,,,,,,,,,,,,,,,,,,,,,,,,,,,,,,,,,,,,,,,,,,,,,,,,,,,,,,,,,,,,,,,,,,,,,,,,,,,,,,,,,,,,,,,,,,,,,,,,,,,,,,,,,,,,,,
2025-07-29T04:09:36.944692Z,50105,DC01.pirate.htb,Microsoft-Windows-Dhcp-Client,System,4154,4,,,,,,,,,,,,,,,,,,,,,,,,,,,,,,,,,,,,,,,,,,,,,,,,,,,,,,,,,,,,,,,,,,,,,,,,,,,,,,,,,,,,,,,,,,,,,,,,,,,,,,,,,,,,,,,,,,,,,,,,,,,,,,,,,,,,,,,,,,,,,,,,,,,,,,,,,,,,,,,,,,,,,,,,,,,,,,,,,,,,,,,,,,,,,,,,,,,,,,,,,,,,,,,,,,,,,,,,,,
2025-07-29T04:09:36.942452Z,"{'#attributes': {'Qualifiers': 16384}, '#text': 7036}",DC01.pirate.htb,Service Control Manager,System,4155,4,,,,,,,570033003200540069006D0065002F0031000000,,,,,,,,,,,,,,,,,,,,,,,,,,,,,,,,,,,,,,,,,,,,,,,,,,,,,,,,,,,,,,,,,,,,,,,,,,,,,,,,,,,,,,,,,,,,,,,,,,,,,,,,,,,,,,,,,,,,,,,,,,,,,,,,,,,,,,,,,,,,,,,,,,,,,,,,,,,,,,,,,,,,,,,,,,,,,,,,,,,,,,,,,,,,,,,,,,,Windows Time,,,stopped,,,,,,,,,,,,,
2025-07-29T04:09:36.957698Z,51047,DC01.pirate.htb,Microsoft-Windows-DHCPv6-Client,System,4156,4,,,,,,,,,,,,,,,,,,,,,,,,,,,,,,,,,,,,,,,,,,,,,,,,,,,,,,,1,,,,,,,,,,,,,,,,,,,,,,,,,,,,,,,,,,,,,,,,,,,,,,,,,,,,,,,,,,,,,,,,,,,,,,,,,,,,,,,,,,,,,,,,,,,,,,,,,,,,,,,,,,,,,,,,,,,,,,,,,,,,,,,,,,,,,,,,,,,,,,,,,,,,,,,,,,,,,,,,,,,
2025-07-29T04:09:36.957700Z,51057,DC01.pirate.htb,Microsoft-Windows-DHCPv6-Client,System,4157,4,,,,,,,,,,,,,,,,,,,,,,,,,,,,,,,,,,,,,,,,,,,,,,,,,,,,,,,1,,,,,,,,,,,,,,,,,,,,,,,,,,,,,,,,,,,,,,,,,,,,,,,,,,,,,,,,,,,,,,,,,,,,,,,,,,,,,,,,,,,,,,,,,,,,,,,,,,,,,,,,,,,,,,,,,,,,,,,,,,,,,,,,,,,,,,,,,,,,,,,,,,,,,,,,,,,,,,,,,,,
2025-07-29T04:09:36.976000Z,50106,DC01.pirate.htb,Microsoft-Windows-Dhcp-Client,System,4158,4,,,,,,,,,,,,,,,,,,,,,,,,,,,,,,,,,,,,,,,,,,,,,,,,,,,,,,,,,,,,,,,,,,,,,,,,,,,,,,,,,,,,,,,,,,,,,,,,,,,,,,,,,,,,,,,,,,,,,,,,,,,,,,,,,,,,,,,,,,,,,,,,,,,,,,,,,,,,,,,,,,,,,,,,,,,,,,,,,,,,,,,,,,,,,,,,,,,,,,,,,,,,,,,,,,,,,,,,,,
2025-07-29T04:09:37.036200Z,"{'#attributes': {'Qualifiers': 16384}, '#text': 7036}",DC01.pirate.htb,Service Control Manager,System,4159,4,,,,,,,570069006E006D0067006D0074002F0031000000,,,,,,,,,,,,,,,,,,,,,,,,,,,,,,,,,,,,,,,,,,,,,,,,,,,,,,,,,,,,,,,,,,,,,,,,,,,,,,,,,,,,,,,,,,,,,,,,,,,,,,,,,,,,,,,,,,,,,,,,,,,,,,,,,,,,,,,,,,,,,,,,,,,,,,,,,,,,,,,,,,,,,,,,,,,,,,,,,,,,,,,,,,,,,,,,,,,Windows Management Instrumentation,,,stopped,,,,,,,,,,,,,
2025-07-29T04:09:37.036200Z,"{'#attributes': {'Qualifiers': 16384}, '#text': 7036}",DC01.pirate.htb,Service Control Manager,System,4160,4,,,,,,,5300790073004D00610069006E002F0031000000,,,,,,,,,,,,,,,,,,,,,,,,,,,,,,,,,,,,,,,,,,,,,,,,,,,,,,,,,,,,,,,,,,,,,,,,,,,,,,,,,,,,,,,,,,,,,,,,,,,,,,,,,,,,,,,,,,,,,,,,,,,,,,,,,,,,,,,,,,,,,,,,,,,,,,,,,,,,,,,,,,,,,,,,,,,,,,,,,,,,,,,,,,,,,,,,,,,SysMain,,,stopped,,,,,,,,,,,,,
2025-07-29T04:09:37.036200Z,"{'#attributes': {'Qualifiers': 16384}, '#text': 7036}",DC01.pirate.htb,Service Control Manager,System,4161,4,,,,,,,5000630061005300760063002F0031000000,,,,,,,,,,,,,,,,,,,,,,,,,,,,,,,,,,,,,,,,,,,,,,,,,,,,,,,,,,,,,,,,,,,,,,,,,,,,,,,,,,,,,,,,,,,,,,,,,,,,,,,,,,,,,,,,,,,,,,,,,,,,,,,,,,,,,,,,,,,,,,,,,,,,,,,,,,,,,,,,,,,,,,,,,,,,,,,,,,,,,,,,,,,,,,,,,,,Program Compatibility Assistant Service,,,stopped,,,,,,,,,,,,,
2025-07-29T04:09:37.036200Z,"{'#attributes': {'Qualifiers': 16384}, '#text': 7036}",DC01.pirate.htb,Service Control Manager,System,4162,4,,,,,,,6D00730069007300650072007600650072002F0031000000,,,,,,,,,,,,,,,,,,,,,,,,,,,,,,,,,,,,,,,,,,,,,,,,,,,,,,,,,,,,,,,,,,,,,,,,,,,,,,,,,,,,,,,,,,,,,,,,,,,,,,,,,,,,,,,,,,,,,,,,,,,,,,,,,,,,,,,,,,,,,,,,,,,,,,,,,,,,,,,,,,,,,,,,,,,,,,,,,,,,,,,,,,,,,,,,,,,Windows Installer,,,stopped,,,,,,,,,,,,,
2025-07-29T04:09:37.036200Z,"{'#attributes': {'Qualifiers': 16384}, '#text': 7036}",DC01.pirate.htb,Service Control Manager,System,4163,4,,,,,,,630061006D007300760063002F0031000000,,,,,,,,,,,,,,,,,,,,,,,,,,,,,,,,,,,,,,,,,,,,,,,,,,,,,,,,,,,,,,,,,,,,,,,,,,,,,,,,,,,,,,,,,,,,,,,,,,,,,,,,,,,,,,,,,,,,,,,,,,,,,,,,,,,,,,,,,,,,,,,,,,,,,,,,,,,,,,,,,,,,,,,,,,,,,,,,,,,,,,,,,,,,,,,,,,,Capability Access Manager Service,,,stopped,,,,,,,,,,,,,
2025-07-29T04:09:37.036200Z,"{'#attributes': {'Qualifiers': 16384}, '#text': 7036}",DC01.pirate.htb,Service Control Manager,System,4164,4,,,,,,,50006C007500670050006C00610079002F0031000000,,,,,,,,,,,,,,,,,,,,,,,,,,,,,,,,,,,,,,,,,,,,,,,,,,,,,,,,,,,,,,,,,,,,,,,,,,,,,,,,,,,,,,,,,,,,,,,,,,,,,,,,,,,,,,,,,,,,,,,,,,,,,,,,,,,,,,,,,,,,,,,,,,,,,,,,,,,,,,,,,,,,,,,,,,,,,,,,,,,,,,,,,,,,,,,,,,,Plug and Play,,,stopped,,,,,,,,,,,,,
2025-07-29T04:09:37.036200Z,"{'#attributes': {'Qualifiers': 16384}, '#text': 7036}",DC01.pirate.htb,Service Control Manager,System,4165,4,,,,,,,46006F006E007400430061006300680065002F0031000000,,,,,,,,,,,,,,,,,,,,,,,,,,,,,,,,,,,,,,,,,,,,,,,,,,,,,,,,,,,,,,,,,,,,,,,,,,,,,,,,,,,,,,,,,,,,,,,,,,,,,,,,,,,,,,,,,,,,,,,,,,,,,,,,,,,,,,,,,,,,,,,,,,,,,,,,,,,,,,,,,,,,,,,,,,,,,,,,,,,,,,,,,,,,,,,,,,,Windows Font Cache Service,,,stopped,,,,,,,,,,,,,
2025-07-29T04:09:37.036200Z,"{'#attributes': {'Qualifiers': 16384}, '#text': 7036}",DC01.pirate.htb,Service Control Manager,System,4166,4,,,,,,,500072006F0066005300760063002F0031000000,,,,,,,,,,,,,,,,,,,,,,,,,,,,,,,,,,,,,,,,,,,,,,,,,,,,,,,,,,,,,,,,,,,,,,,,,,,,,,,,,,,,,,,,,,,,,,,,,,,,,,,,,,,,,,,,,,,,,,,,,,,,,,,,,,,,,,,,,,,,,,,,,,,,,,,,,,,,,,,,,,,,,,,,,,,,,,,,,,,,,,,,,,,,,,,,,,,User Profile Service,,,stopped,,,,,,,,,,,,,
2025-07-29T04:09:37.036200Z,"{'#attributes': {'Qualifiers': 16384}, '#text': 7036}",DC01.pirate.htb,Service Control Manager,System,4167,4,,,,,,,41007000700058005300760063002F0031000000,,,,,,,,,,,,,,,,,,,,,,,,,,,,,,,,,,,,,,,,,,,,,,,,,,,,,,,,,,,,,,,,,,,,,,,,,,,,,,,,,,,,,,,,,,,,,,,,,,,,,,,,,,,,,,,,,,,,,,,,,,,,,,,,,,,,,,,,,,,,,,,,,,,,,,,,,,,,,,,,,,,,,,,,,,,,,,,,,,,,,,,,,,,,,,,,,,,AppX Deployment Service (AppXSVC),,,stopped,,,,,,,,,,,,,
2025-07-29T04:09:37.051830Z,"{'#attributes': {'Qualifiers': 16384}, '#text': 7036}",DC01.pirate.htb,Service Control Manager,System,4168,4,,,,,,,4D0053004400540043002F0031000000,,,,,,,,,,,,,,,,,,,,,,,,,,,,,,,,,,,,,,,,,,,,,,,,,,,,,,,,,,,,,,,,,,,,,,,,,,,,,,,,,,,,,,,,,,,,,,,,,,,,,,,,,,,,,,,,,,,,,,,,,,,,,,,,,,,,,,,,,,,,,,,,,,,,,,,,,,,,,,,,,,,,,,,,,,,,,,,,,,,,,,,,,,,,,,,,,,,Distributed Transaction Coordinator,,,stopped,,,,,,,,,,,,,
2025-07-29T04:09:37.051830Z,"{'#attributes': {'Qualifiers': 16384}, '#text': 7036}",DC01.pirate.htb,Service Control Manager,System,4169,4,,,,,,,44004E0053002F0031000000,,,,,,,,,,,,,,,,,,,,,,,,,,,,,,,,,,,,,,,,,,,,,,,,,,,,,,,,,,,,,,,,,,,,,,,,,,,,,,,,,,,,,,,,,,,,,,,,,,,,,,,,,,,,,,,,,,,,,,,,,,,,,,,,,,,,,,,,,,,,,,,,,,,,,,,,,,,,,,,,,,,,,,,,,,,,,,,,,,,,,,,,,,,,,,,,,,,DNS Server,,,stopped,,,,,,,,,,,,,
2025-07-29T04:09:37.067447Z,"{'#attributes': {'Qualifiers': 16384}, '#text': 7036}",DC01.pirate.htb,Service Control Manager,System,4170,4,,,,,,,440073006D005300760063002F0031000000,,,,,,,,,,,,,,,,,,,,,,,,,,,,,,,,,,,,,,,,,,,,,,,,,,,,,,,,,,,,,,,,,,,,,,,,,,,,,,,,,,,,,,,,,,,,,,,,,,,,,,,,,,,,,,,,,,,,,,,,,,,,,,,,,,,,,,,,,,,,,,,,,,,,,,,,,,,,,,,,,,,,,,,,,,,,,,,,,,,,,,,,,,,,,,,,,,,Device Setup Manager,,,stopped,,,,,,,,,,,,,
2025-07-29T04:09:37.076537Z,51057,DC01.pirate.htb,Microsoft-Windows-DHCPv6-Client,System,4171,4,,,,,,,,,,,,,,,,,,,,,,,,,,,,,,,,,,,,,,,,,,,,,,,,,,,,,,,1,,,,,,,,,,,,,,,,,,,,,,,,,,,,,,,,,,,,,,,,,,,,,,,,,,,,,,,,,,,,,,,,,,,,,,,,,,,,,,,,,,,,,,,,,,,,,,,,,,,,,,,,,,,,,,,,,,,,,,,,,,,,,,,,,,,,,,,,,,,,,,,,,,,,,,,,,,,,,,,,,,,
2025-07-29T04:09:37.088515Z,50037,DC01.pirate.htb,Microsoft-Windows-Dhcp-Client,System,4172,4,,,,,,,,,,,,,,,,,,,,,,,,,,,,,,,,,,,,,,,,,,,,,,,,,,,,,,,1,,,,,,,,,,,,,,,,,,,,,,,,,,,,,,,,,,,,,,,,,,,,,,,,,,,,,,,,,,,,,,,,,,,,,,,,,,,,,,,,,,,,,,,,,,,,,,,,,,,,,,,,,,,,,,,,,,,,,,,,,,,,,,,,,,,,,,,,,,,,,,,,,,,,,,,,,,,,,,,,,,,
2025-07-29T04:09:37.083072Z,"{'#attributes': {'Qualifiers': 16384}, '#text': 7036}",DC01.pirate.htb,Service Control Manager,System,4173,4,,,,,,,570069006E0048007400740070004100750074006F00500072006F00780079005300760063002F0031000000,,,,,,,,,,,,,,,,,,,,,,,,,,,,,,,,,,,,,,,,,,,,,,,,,,,,,,,,,,,,,,,,,,,,,,,,,,,,,,,,,,,,,,,,,,,,,,,,,,,,,,,,,,,,,,,,,,,,,,,,,,,,,,,,,,,,,,,,,,,,,,,,,,,,,,,,,,,,,,,,,,,,,,,,,,,,,,,,,,,,,,,,,,,,,,,,,,,WinHTTP Web Proxy Auto-Discovery Service,,,stopped,,,,,,,,,,,,,
2025-07-29T04:09:37.083072Z,"{'#attributes': {'Qualifiers': 16384}, '#text': 7036}",DC01.pirate.htb,Service Control Manager,System,4174,4,,,,,,,4400500053002F0031000000,,,,,,,,,,,,,,,,,,,,,,,,,,,,,,,,,,,,,,,,,,,,,,,,,,,,,,,,,,,,,,,,,,,,,,,,,,,,,,,,,,,,,,,,,,,,,,,,,,,,,,,,,,,,,,,,,,,,,,,,,,,,,,,,,,,,,,,,,,,,,,,,,,,,,,,,,,,,,,,,,,,,,,,,,,,,,,,,,,,,,,,,,,,,,,,,,,,Diagnostic Policy Service,,,stopped,,,,,,,,,,,,,
2025-07-29T04:09:37.114324Z,"{'#attributes': {'Qualifiers': 16384}, '#text': 7036}",DC01.pirate.htb,Service Control Manager,System,4175,4,,,,,,,570069006E0052004D002F0031000000,,,,,,,,,,,,,,,,,,,,,,,,,,,,,,,,,,,,,,,,,,,,,,,,,,,,,,,,,,,,,,,,,,,,,,,,,,,,,,,,,,,,,,,,,,,,,,,,,,,,,,,,,,,,,,,,,,,,,,,,,,,,,,,,,,,,,,,,,,,,,,,,,,,,,,,,,,,,,,,,,,,,,,,,,,,,,,,,,,,,,,,,,,,,,,,,,,,Windows Remote Management (WS-Management),,,stopped,,,,,,,,,,,,,
2025-07-29T04:09:37.114324Z,"{'#attributes': {'Qualifiers': 16384}, '#text': 7036}",DC01.pirate.htb,Service Control Manager,System,4176,4,,,,,,,44006800630070002F0031000000,,,,,,,,,,,,,,,,,,,,,,,,,,,,,,,,,,,,,,,,,,,,,,,,,,,,,,,,,,,,,,,,,,,,,,,,,,,,,,,,,,,,,,,,,,,,,,,,,,,,,,,,,,,,,,,,,,,,,,,,,,,,,,,,,,,,,,,,,,,,,,,,,,,,,,,,,,,,,,,,,,,,,,,,,,,,,,,,,,,,,,,,,,,,,,,,,,,DHCP Client,,,stopped,,,,,,,,,,,,,
2025-07-29T04:09:37.114324Z,"{'#attributes': {'Qualifiers': 16384}, '#text': 7036}",DC01.pirate.htb,Service Control Manager,System,4177,4,,,,,,,7600640073002F0031000000,,,,,,,,,,,,,,,,,,,,,,,,,,,,,,,,,,,,,,,,,,,,,,,,,,,,,,,,,,,,,,,,,,,,,,,,,,,,,,,,,,,,,,,,,,,,,,,,,,,,,,,,,,,,,,,,,,,,,,,,,,,,,,,,,,,,,,,,,,,,,,,,,,,,,,,,,,,,,,,,,,,,,,,,,,,,,,,,,,,,,,,,,,,,,,,,,,,Virtual Disk,,,stopped,,,,,,,,,,,,,
2025-07-29T04:09:37.129952Z,"{'#attributes': {'Qualifiers': 16384}, '#text': 7036}",DC01.pirate.htb,Service Control Manager,System,4178,4,,,,,,,4500760065006E0074004C006F0067002F0031000000,,,,,,,,,,,,,,,,,,,,,,,,,,,,,,,,,,,,,,,,,,,,,,,,,,,,,,,,,,,,,,,,,,,,,,,,,,,,,,,,,,,,,,,,,,,,,,,,,,,,,,,,,,,,,,,,,,,,,,,,,,,,,,,,,,,,,,,,,,,,,,,,,,,,,,,,,,,,,,,,,,,,,,,,,,,,,,,,,,,,,,,,,,,,,,,,,,,Windows Event Log,,,stopped,,,,,,,,,,,,,
2025-07-29T04:09:37.161205Z,"{'#attributes': {'Qualifiers': 16384}, '#text': 7036}",DC01.pirate.htb,Service Control Manager,System,4179,4,,,,,,,570063006D007300760063002F0031000000,,,,,,,,,,,,,,,,,,,,,,,,,,,,,,,,,,,,,,,,,,,,,,,,,,,,,,,,,,,,,,,,,,,,,,,,,,,,,,,,,,,,,,,,,,,,,,,,,,,,,,,,,,,,,,,,,,,,,,,,,,,,,,,,,,,,,,,,,,,,,,,,,,,,,,,,,,,,,,,,,,,,,,,,,,,,,,,,,,,,,,,,,,,,,,,,,,,Windows Connection Manager,,,stopped,,,,,,,,,,,,,
2025-07-29T04:09:37.161205Z,"{'#attributes': {'Qualifiers': 16384}, '#text': 7036}",DC01.pirate.htb,Service Control Manager,System,4180,4,,,,,,,43006500720074005300760063002F0031000000,,,,,,,,,,,,,,,,,,,,,,,,,,,,,,,,,,,,,,,,,,,,,,,,,,,,,,,,,,,,,,,,,,,,,,,,,,,,,,,,,,,,,,,,,,,,,,,,,,,,,,,,,,,,,,,,,,,,,,,,,,,,,,,,,,,,,,,,,,,,,,,,,,,,,,,,,,,,,,,,,,,,,,,,,,,,,,,,,,,,,,,,,,,,,,,,,,,Active Directory Certificate Services,,,stopped,,,,,,,,,,,,,
2025-07-29T04:09:37.176827Z,"{'#attributes': {'Qualifiers': 16384}, '#text': 7036}",DC01.pirate.htb,Service Control Manager,System,4181,4,,,,,,,5600530053002F0031000000,,,,,,,,,,,,,,,,,,,,,,,,,,,,,,,,,,,,,,,,,,,,,,,,,,,,,,,,,,,,,,,,,,,,,,,,,,,,,,,,,,,,,,,,,,,,,,,,,,,,,,,,,,,,,,,,,,,,,,,,,,,,,,,,,,,,,,,,,,,,,,,,,,,,,,,,,,,,,,,,,,,,,,,,,,,,,,,,,,,,,,,,,,,,,,,,,,,Volume Shadow Copy,,,stopped,,,,,,,,,,,,,
2025-07-29T04:09:37.176827Z,"{'#attributes': {'Qualifiers': 16384}, '#text': 7036}",DC01.pirate.htb,Service Control Manager,System,4182,4,,,,,,,530074006100740065005200650070006F007300690074006F00720079002F0031000000,,,,,,,,,,,,,,,,,,,,,,,,,,,,,,,,,,,,,,,,,,,,,,,,,,,,,,,,,,,,,,,,,,,,,,,,,,,,,,,,,,,,,,,,,,,,,,,,,,,,,,,,,,,,,,,,,,,,,,,,,,,,,,,,,,,,,,,,,,,,,,,,,,,,,,,,,,,,,,,,,,,,,,,,,,,,,,,,,,,,,,,,,,,,,,,,,,,State Repository Service,,,stopped,,,,,,,,,,,,,
2025-07-29T04:09:37.286193Z,"{'#attributes': {'Qualifiers': 16384}, '#text': 7036}",DC01.pirate.htb,Service Control Manager,System,4183,4,,,,,,,44004600530052002F0031000000,,,,,,,,,,,,,,,,,,,,,,,,,,,,,,,,,,,,,,,,,,,,,,,,,,,,,,,,,,,,,,,,,,,,,,,,,,,,,,,,,,,,,,,,,,,,,,,,,,,,,,,,,,,,,,,,,,,,,,,,,,,,,,,,,,,,,,,,,,,,,,,,,,,,,,,,,,,,,,,,,,,,,,,,,,,,,,,,,,,,,,,,,,,,,,,,,,,DFS Replication,,,stopped,,,,,,,,,,,,,
2026-01-08T21:12:22.302706Z,"{'#attributes': {'Qualifiers': 32768}, '#text': 6009}",DC01.pirate.htb,EventLog,System,4184,4,,,,,,,,,,,,,,,,,,,,,,,,,,,,,10.00.,17763,,Multiprocessor Free,0,,,,,,,,,,,,,,,,,,,,,,,,,,,,,,,,,,,,,,,,,,,,,,,,,,,,,,,,,,,,,,,,,,,,,,,,,,,,,,,,,,,,,,,,,,,,,,,,,,,,,,,,,,,,,,,,,,,,,,,,,,,,,,,,,,,,,,,,,,,,,,,,,,,,,,,,,,,,,,,,,,,,,,,,,,,,,,,,,,,,,,,,,
2026-01-08T21:12:22.302706Z,"{'#attributes': {'Qualifiers': 32768}, '#text': 6005}",DC01.pirate.htb,EventLog,System,4185,4,,,,,,,EA0701000400080015000C0016002E010000000000000000,,,,,,,,,,,,,,,,,,,,,,,,,,,,,,,,,,,,,,,,,,,,,,,,,,,,,,,,,,,,,,,,,,,,,,,,,,,,,,,,,,,,,,,,,,,,,,,,,,,,,,,,,,,,,,,,,,,,,,,,,,,,,,,,,,,,,,,,,,,,,,,,,,,,,,,,,,,,,,,,,,,,,,,,,,,,,,,,,,,,,,,,,,,,,,,,,,,,,,,,,,,,,,,,,,,
2026-01-08T21:12:22.302706Z,"{'#attributes': {'Qualifiers': 32768}, '#text': 6013}",DC01.pirate.htb,EventLog,System,4186,4,,,,,,,31002E003100000030000000570069006E0064006F007700730020005300650072007600650072002000320030003100390020005300740061006E00640061007200640020004500760061006C0075006100740069006F006E000000310030002E0030002E003100370037003600330020004200750069006C0064002000310037003700360033002000200000004D0075006C0074006900700072006F0063006500730073006F007200200046007200650065000000310037003700360033002E007200730035005F00720065006C0065006100730065002E003100380030003900310034002D00310034003300340000003600380034003500390066003000350000004E006F007400200041007600610069006C00610062006C00650000004E006F007400200041007600610069006C00610062006C0065000000390000003200000034003000390036000000340030003900000044004300300031002E007000690072006100740065002E0068007400620000000000,,,,,,,,,,,,,,,,,,,,,,,,,,16,60,480 Pacific Standard Time,,,,,,,,,,,,,,,,,,,,,,,,,,,,,,,,,,,,,,,,,,,,,,,,,,,,,,,,,,,,,,,,,,,,,,,,,,,,,,,,,,,,,,,,,,,,,,,,,,,,,,,,,,,,,,,,,,,,,,,,,,,,,,,,,,,,,,,,,,,,,,,,,,,,,,,,,,,,,,,,,,,,,,,,,,,,,,,,,,,,,,,
2025-07-29T04:09:37.426833Z,"{'#attributes': {'Qualifiers': 16384}, '#text': 7036}",DC01.pirate.htb,Service Control Manager,System,4187,4,,,,,,,4E005400440053002F0031000000,,,,,,,,,,,,,,,,,,,,,,,,,,,,,,,,,,,,,,,,,,,,,,,,,,,,,,,,,,,,,,,,,,,,,,,,,,,,,,,,,,,,,,,,,,,,,,,,,,,,,,,,,,,,,,,,,,,,,,,,,,,,,,,,,,,,,,,,,,,,,,,,,,,,,,,,,,,,,,,,,,,,,,,,,,,,,,,,,,,,,,,,,,,,,,,,,,,Active Directory Domain Services,,,stopped,,,,,,,,,,,,,
2025-07-29T04:09:37.898051Z,"{'#attributes': {'Qualifiers': 16384}, '#text': 7036}",DC01.pirate.htb,Service Control Manager,System,4188,4,,,,,,,430072007900700074005300760063002F0031000000,,,,,,,,,,,,,,,,,,,,,,,,,,,,,,,,,,,,,,,,,,,,,,,,,,,,,,,,,,,,,,,,,,,,,,,,,,,,,,,,,,,,,,,,,,,,,,,,,,,,,,,,,,,,,,,,,,,,,,,,,,,,,,,,,,,,,,,,,,,,,,,,,,,,,,,,,,,,,,,,,,,,,,,,,,,,,,,,,,,,,,,,,,,,,,,,,,,Cryptographic Services,,,stopped,,,,,,,,,,,,,
2025-07-29T04:09:41.901748Z,109,DC01.pirate.htb,Microsoft-Windows-Kernel-Power,System,4189,4,,,,,,,,,,,,,,,,,,,,,,,,,,,,,,,,,,,,,,,,,,,,,,,,,,,,,,,,,,,,,,,,,,,,,,,,,,,,,,,,,,,,,,,,,,,,,,,,,,,,,,,,,,,,,,,,,,,,,,,,,,,,,,,,,,,,,,,,,,,,,,,,,,,,,,,,,,,,,,,,,4,0,5,,,,,,,,,,,,,,,,,,,,,,,,,,,,,,,,,,,,,,,,,,,,,,,,,,,,,,,
2025-07-29T04:09:42.643144Z,13,DC01.pirate.htb,Microsoft-Windows-Kernel-General,System,4190,4,,,,,,,,,,,,,,,,,,,,,,,,,,,,,,,,,,,,,,,,,,,,,,,,,,,,,,,,,,,,,,,,,,,,,,,,,,,,,,,,,,,,,,,,,,,,,,,,,,,,,,,,,,,,,,,,,,,,,,,,,,,,,,,,,,,,,,,,,,,,,,,,,,,,,,,,,,,,,,,,,,,,,,,,,2025-07-29T04:09:42.643143Z,,,,,,,,,,,,,,,,,,,,,,,,,,,,,,,,,,,,,,,,,,,,,,,,,
2026-01-08T21:12:07.415875Z,12,DC01.pirate.htb,Microsoft-Windows-Kernel-General,System,4191,4,,,,,,,,,,0,,,,,17763,,,,,,,,,,,,,,,,,,,,,,,,,,,,,,,,,,,,,,,,,,,,,,,,,,,,,,,,,,,,,,,,,,,,,,,,,,,,,,,,,,,,10,,,,,,0,,,,,,,,,,,,,,,,,,,,,,,,,,,,,,,,,,,,,,,,,,,,,,7309,,,,,,,,0,,,,,,2026-01-08T21:12:05.500000Z,,,,,,,,,,,,,,,,,,,,,,,,,,,,,,,,,,,,,,,,,,,,,,,,,,,,,
2026-01-08T21:12:07.415947Z,153,DC01.pirate.htb,Microsoft-Windows-Kernel-Boot,System,4192,4,,,,,,,,,,,,,,,,,,,,,,,,,,,,,,,,,,,,,,,,,,,,,,,,,,,,,,,,101,,,,,,,,,,,,,,,,,,,,,,,,,,,,,,,,,,,,,,,,,,,,,,,,,,,,,,,,,,,,,,,,,,,,,,,,,,,,,,,,,,,,,,,,,,,,,,,,,,,,,,,,,,,,,,,,0,,,,,,,,,,,,,,,,,,,,,,,,,,,,,515,,,,,,,,,,,,,,,,,,,,,
2026-01-08T21:12:07.416018Z,20,DC01.pirate.htb,Microsoft-Windows-Kernel-Boot,System,4193,4,,,,,,,,,,,2,,,,,,,,,,,,,,,,,,,,,,,,,,,,,,,,,,,,,,,,,,,,,,,,,,,,,,,,,,,,,,,,,,,,,,,,,,,,,,,,,,,,True,15,True,,,,,,,,,,,,,,,,,,,,,,,,,,,,,,,,,,,,,,,,,,,,,,,,,,,,,,,,,,,,,,,,,,,,,,,,,,,,,,,,,,,,,,,,,,,,,,,,,,,,,,,,,,,,,,,,,,,,,,,,,
2026-01-08T21:12:07.416135Z,25,DC01.pirate.htb,Microsoft-Windows-Kernel-Boot,System,4194,4,,,,,,,,,0,,,,,,,,,,,,,,,,,,,,,,,,,,,,,,,,,,,,,,,,,,,,,,,,,,,,,,,,,,,,,,,,,,,,,,,,,,,,,,,,,,,,,,,,,,,,,,,,,,,,,,,,,,,,,,,,,,,,,,,,,,,,,,,,,,,,,,,,,,,,,,,,,,,,,,,,,,,,,,,,,,,,,,,,,,,,,,,,,,,,,,,,,,,,,,,,,,,,,,,,,,,,,,,,,
2026-01-08T21:12:07.416135Z,27,DC01.pirate.htb,Microsoft-Windows-Kernel-Boot,System,4195,4,,,,,,,,,,,,0,,,,,,,,,,,,,,,,,,,,,,,,,,,,,,,,,,,,,,,,,,,,,,,,,,,,,,,,,,,,,,,,,,,,,,,,,,,,,,,,,,,,,, NOEXECUTE=OPTOUT  HYPERVISORLAUNCHTYPE=AUTO,,,,,,,,,,,,,,,,,,,,,,,,,,,,,,,,,,,,,,,,,,,,,,,,,,,,,,,,,,,,,,,,,,,,,,,,,,,,,,,,,,,,,,,,,,,,,,,,,,,,,,,,,,,,,,,,,,,,,,,,
2026-01-08T21:12:07.416175Z,18,DC01.pirate.htb,Microsoft-Windows-Kernel-Boot,System,4196,4,,,,,,,,,,,,,,,,,,,,,,,,,,,,,,,,,,,,,,,,,,,,,,,,,,,,,,,,,,,,1,,,,,,,,,,,,,,,,,,,,,,,,,,,,,,,,,,,,,,,,,,,,,,,,,,,,,,,,,,,,,,,,,,,,,,,,,,,,,,,,,,,,,,,,,,,,,,,,,,,,,,,,,,,,,,,,,,,,,,,,,,,,,,,,,,,,,,,,,,,,,,,,,,,,,,,,,,,,,,
2026-01-08T21:12:07.416211Z,32,DC01.pirate.htb,Microsoft-Windows-Kernel-Boot,System,4197,4,,,,,,,,0,,,,,,,,,,,,,,,,,,,,,,,,,,,,,,,,,,,,,,,,,,,,,,,,,,,,,,,,,,,,,,,,,,,,,,,,,,,,,,,,,,,,,,,,,,,,,,,,,,,,,,,,,,,,,,,,,,,,,,,,,,,,,,,,,,,,,,,,,,,,,,,,,,,,,,,,,,,,,,,,,,,,,,,,,,,,,,,,,,,,,,,,,,,,,,,,,,,,,,,,,,,,,,,,,,
2026-01-08T21:12:07.419639Z,1,DC01.pirate.htb,Microsoft-Windows-Hyper-V-Hypervisor,System,4198,4,,,,,,,,,,,,,,,,,,,,,,,,,,,,,,,,,,,,,,,,,,,,,,,,,,,,,,,,,,,,,,,,,,,,,,,,,,,,,,,,,,,,,,,,,,,,,,,,,,,,,,,,,,,,,,,,,,,,,,,,,,,,,,,,,,,,,,,,,,,,,,,,,,,,,,,,,,,,,,,,,,,,,,,,,,,,,,,,,,,,,,,,,,,,,,,,,,,,,,,,,,,,,,,,,,,,,,,,,,
2026-01-08T21:12:07.419641Z,2,DC01.pirate.htb,Microsoft-Windows-Hyper-V-Hypervisor,System,4199,4,,,,,,,,,,,,,,,,,,,,,,,,,,,,,,,,,,,,,,,,,,,,,,,,,,,,,,,,,,,,,,,,,,,,,,,,,,,,,,,,,,,,,,,,,,,,,,,,,,,,,,,,,,,,,,,,,,,,,,,,,,,,,,,,,,,,,,,,,,,,,,,,,,,,,,,,,,,,0x1,,,,,,,,,,,,,,,,,,,,,,,,,,,,,,,,,,,,,,,,,,,,,,,,,,,,,,,,,,,,,,
2026-01-08T21:12:07.419661Z,129,DC01.pirate.htb,Microsoft-Windows-Hyper-V-Hypervisor,System,4200,4,,,0x0,,,,,,,,,,,,,,,,,,,,,,,,,,,,,,,,,,,,,,,,,,,,,,,,,,,,,,,0x0,,,,,,,,,,,,,,,False,False,,,,,,,,,,,,,,,,,0x0,,,,,,,,,,,,,,,,,,,,,,,,,,,,,,,,,,,,,,,,,,,,,0x0,,,,,,0x0,,,,,,,,,,,,,,,,,,,,,,,,,,,,,,,,,,,,,,,,,,,,,,,,,,,,,,,,,,,,,,,,,,,,,,,,,,,,
2026-01-08T21:12:07.419671Z,156,DC01.pirate.htb,Microsoft-Windows-Hyper-V-Hypervisor,System,4201,4,,,,,,,,,,,,,,,,False,False,,,,,,,,,,,,,,,,,,,,,,,,,,,,,False,,,,,,,,,,,True,,,,,,,,,,,,,,,,,,,,,,,,,,,,,,,,,,,,,,,,,,,,,,,,,,,,,,,,,,,False,False,,,,,,,,,,,,,,,,,False,,,,,,,,,,,,,,,,,,,,,,,,,,,,,,False,,,,,,,,,,,,,,,,,,,,,,,,,,,,,,,,,,,,,,,,,,,,,,,,,,,,,,
2026-01-08T21:12:07.645689Z,3,DC01.pirate.htb,Microsoft-Windows-IsolatedUserMode,System,4202,4,,,,,,,,,,,,,,,,,,,,,,,,,,,,,,,,,,,,,,,,,,,,,,,,,,,,,,,,,,,,,,,,,,,,,0,,,,,,,,,,,,,,,,,,,,,,,,,,,,,,,,,,,,,,,,,,,,,,,,,,,,,,,,,,,,,,,,,,,,,,,,,,,,,,,,,,,,,,,,,,,,,,,,,,,0,,,,,,,,,,,,,,,,,,,,,,,,,,,,,,,,,,,,,,,,,,,,,,,,,,
2026-01-08T21:12:07.646036Z,20,DC01.pirate.htb,Microsoft-Windows-Kernel-General,System,4203,4,,,,,,,,,,,,,,,,,,,,,,,,0,0,,,,,,,,,,,,,,,,,,,,,,,,,,,,,,,,,,True,,,,,,,,,,,,,,,,,,,,,,,,,,,,,,,,,,,,,,,,,,,,,,,,,,,,,,,,,,,,,,,,,,,,,,,,,,,,,,,,,,,,,,,,,,,,,,,,,,,,,,,,,,,,,,,,,,,,,,,,,,,,,,,0,,,,,,,,,,,,,,,,,,,,,,,,,,,,,,,,
2026-01-08T21:12:09.372493Z,"{'#attributes': {'Qualifiers': 16392}, '#text': 3}",DC01.pirate.htb,vmci,System,4204,4,,,,,,,00000000020028000000000003000840030008400000000000000000000000000000000000000000,,,,,,,,,,,,,,,,,,,,,,,"VMCI: Using capabilities (0x1c).
",,,,,,,,,,,,,,,,,,,,,,,,,,,,,,,,,,,,,,,,,,,,,,,,,,,,,,,,,,,,,,,,,,,,,,,,,,,,,,,,,,,,,,,,,,,,,,,,,,,,,,,,,,,,,,,,,,,,,,,,,,,,,,,,,,,,,,,,,,,,,,,,,,,,,,,,,,,,,,,,,,,,,,,,,,,,,,,,,,,,,,,,,,,,
2026-01-08T21:12:11.469807Z,6,DC01.pirate.htb,Microsoft-Windows-FilterManager,System,4205,4,,,,,,,,,,,,,,,,,,,,,,,,,,,,,,,,,,,,,,,Wof,3,,2036-08-31T08:15:55.000000Z,10,0,,,,,,,,,,,,,,,,,,,,,,,,0x0,,,,,,,,,,,,,,,,,,,,,,,,,,,,,,,,,,,,,,,,,,,,,,,,,,,,,,,,,,,,,,,,,,,,,,,,,,,,,,,,,,,,,,,,,,,,,,,,,,,,,,,,,,,,,,,,,,,,,,,,,,,,,,,,,,,,,,,,,,,,,,,,,,,,,,
2026-01-08T21:12:11.470669Z,6,DC01.pirate.htb,Microsoft-Windows-FilterManager,System,4206,4,,,,,,,,,,,,,,,,,,,,,,,,,,,,,,,,,,,,,,,DfsrRo,6,,2087-05-27T07:05:55.000000Z,10,0,,,,,,,,,,,,,,,,,,,,,,,,0x0,,,,,,,,,,,,,,,,,,,,,,,,,,,,,,,,,,,,,,,,,,,,,,,,,,,,,,,,,,,,,,,,,,,,,,,,,,,,,,,,,,,,,,,,,,,,,,,,,,,,,,,,,,,,,,,,,,,,,,,,,,,,,,,,,,,,,,,,,,,,,,,,,,,,,,
2026-01-08T21:12:11.578584Z,98,DC01.pirate.htb,Microsoft-Windows-Ntfs,System,4207,4,,,,,,,,,,,,,,,,,,,,,,,0,,,,,,,,,,,,,,,,\Device\HarddiskVolume4,,,,,,,,,C:,,,,,,,,,,,,,,,,,,,,,,,,,,,,,,,,,,,,,,,,,,,,,,,,,,,,,,,,,,,,,,,,,,,,,,,,,,,,,,,,,,,,,,,,,,,,,,,,,,,,,,,,,,,,,,,,,,,,,,,,,,,,,,,,,,,,,,,,,,,,,,,,,,,,,,,,,,,,,,,,,,,,,,,,,,
2026-01-08T21:12:11.702923Z,6,DC01.pirate.htb,Microsoft-Windows-FilterManager,System,4208,4,,,,,,,,,,,,,,,,,,,,,,,,,,,,,,,,,,,,,,,FileCrypt,9,,2034-08-13T06:30:12.000000Z,10,0,,,,,,,,,,,,,,,,,,,,,,,,0x0,,,,,,,,,,,,,,,,,,,,,,,,,,,,,,,,,,,,,,,,,,,,,,,,,,,,,,,,,,,,,,,,,,,,,,,,,,,,,,,,,,,,,,,,,,,,,,,,,,,,,,,,,,,,,,,,,,,,,,,,,,,,,,,,,,,,,,,,,,,,,,,,,,,,,,
2026-01-08T21:12:11.710667Z,6,DC01.pirate.htb,Microsoft-Windows-FilterManager,System,4209,4,,,,,,,,,,,,,,,,,,,,,,,,,,,,,,,,,,,,,,,DfsDriver,9,,1975-08-18T04:58:38.000000Z,10,0,,,,,,,,,,,,,,,,,,,,,,,,0x0,,,,,,,,,,,,,,,,,,,,,,,,,,,,,,,,,,,,,,,,,,,,,,,,,,,,,,,,,,,,,,,,,,,,,,,,,,,,,,,,,,,,,,,,,,,,,,,,,,,,,,,,,,,,,,,,,,,,,,,,,,,,,,,,,,,,,,,,,,,,,,,,,,,,,,
2026-01-08T21:12:11.869451Z,6,DC01.pirate.htb,Microsoft-Windows-FilterManager,System,4210,4,,,,,,,,,,,,,,,,,,,,,,,,,,,,,,,,,,,,,,,npsvctrig,9,,2037-02-22T22:11:04.000000Z,10,0,,,,,,,,,,,,,,,,,,,,,,,,0x0,,,,,,,,,,,,,,,,,,,,,,,,,,,,,,,,,,,,,,,,,,,,,,,,,,,,,,,,,,,,,,,,,,,,,,,,,,,,,,,,,,,,,,,,,,,,,,,,,,,,,,,,,,,,,,,,,,,,,,,,,,,,,,,,,,,,,,,,,,,,,,,,,,,,,,
