{"TimeGenerated": "2025-06-08T16:25:13.239726Z", "EventID": {"#attributes": {"Qualifiers": 16384}, "#text": 7036}, "Computer": "DC01.pirate.htb", "RawEvent": {"#attributes": {"xmlns": "http://schemas.microsoft.com/win/2004/08/events/event"}, "System": {"Provider": {"#attributes": {"Name": "Service Control Manager", "Guid": "{555908d1-a6d7-4695-8e1e-26931d2012f4}", "EventSourceName": "Service Control Manager"}}, "EventID": {"#attributes": {"Qualifiers": 16384}, "#text": 7036}, "Version": 0, "Level": 4, "Task": 0, "Opcode": 0, "Keywords": "0x8080000000000000", "TimeCreated": {"#attributes": {"SystemTime": "2025-06-08T16:25:13.239726Z"}}, "EventRecordID": 1071, "Correlation": null, "Execution": {"#attributes": {"ProcessID": 636, "ThreadID": 492}}, "Channel": "System", "Computer": "DC01.pirate.htb", "Security": null}, "EventData": {"param1": "Network Connectivity Assistant", "param2": "stopped", "Binary": "4E00630061005300760063002F0031000000"}}},
{"TimeGenerated": "2025-06-08T16:25:13.270974Z", "EventID": {"#attributes": {"Qualifiers": 16384}, "#text": 7036}, "Computer": "DC01.pirate.htb", "RawEvent": {"#attributes": {"xmlns": "http://schemas.microsoft.com/win/2004/08/events/event"}, "System": {"Provider": {"#attributes": {"Name": "Service Control Manager", "Guid": "{555908d1-a6d7-4695-8e1e-26931d2012f4}", "EventSourceName": "Service Control Manager"}}, "EventID": {"#attributes": {"Qualifiers": 16384}, "#text": 7036}, "Version": 0, "Level": 4, "Task": 0, "Opcode": 0, "Keywords": "0x8080000000000000", "TimeCreated": {"#attributes": {"SystemTime": "2025-06-08T16:25:13.270974Z"}}, "EventRecordID": 1072, "Correlation": null, "Execution": {"#attributes": {"ProcessID": 636, "ThreadID": 396}}, "Channel": "System", "Computer": "DC01.pirate.htb", "Security": null}, "EventData": {"param1": "Delivery Optimization", "param2": "running", "Binary": "44006F005300760063002F0034000000"}}},
{"TimeGenerated": "2025-06-08T16:25:13.313794Z", "EventID": 7001, "Computer": "DC01.pirate.htb", "RawEvent": {"#attributes": {"xmlns": "http://schemas.microsoft.com/win/2004/08/events/event"}, "System": {"Provider": {"#attributes": {"Name": "Microsoft-Windows-Winlogon", "Guid": "DBE9B383-7CF3-4331-91CC-A3CB16A3B538"}}, "EventID": 7001, "Version": 0, "Level": 4, "Task": 1101, "Opcode": 0, "Keywords": "0x2000200000000000", "TimeCreated": {"#attributes": {"SystemTime": "2025-06-08T16:25:13.313794Z"}}, "EventRecordID": 1073, "Correlation": null, "Execution": {"#attributes": {"ProcessID": 592, "ThreadID": 1008}}, "Channel": "System", "Computer": "DC01.pirate.htb", "Security": {"#attributes": {"UserID": "S-1-5-18"}}}, "EventData": {"TSId": 1, "UserSid": "S-1-5-21-4107424128-4158083573-1300325248-500"}}},
{"TimeGenerated": "2025-06-08T16:25:13.317894Z", "EventID": {"#attributes": {"Qualifiers": 16384}, "#text": 7036}, "Computer": "DC01.pirate.htb", "RawEvent": {"#attributes": {"xmlns": "http://schemas.microsoft.com/win/2004/08/events/event"}, "System": {"Provider": {"#attributes": {"Name": "Service Control Manager", "Guid": "{555908d1-a6d7-4695-8e1e-26931d2012f4}", "EventSourceName": "Service Control Manager"}}, "EventID": {"#attributes": {"Qualifiers": 16384}, "#text": 7036}, "Version": 0, "Level": 4, "Task": 0, "Opcode": 0, "Keywords": "0x8080000000000000", "TimeCreated": {"#attributes": {"SystemTime": "2025-06-08T16:25:13.317894Z"}}, "EventRecordID": 1074, "Correlation": null, "Execution": {"#attributes": {"ProcessID": 636, "ThreadID": 396}}, "Channel": "System", "Computer": "DC01.pirate.htb", "Security": null}, "EventData": {"param1": "Delivery Optimization", "param2": "stopped", "Binary": "44006F005300760063002F0031000000"}}},
{"TimeGenerated": "2025-06-08T16:25:13.411596Z", "EventID": {"#attributes": {"Qualifiers": 16384}, "#text": 7036}, "Computer": "DC01.pirate.htb", "RawEvent": {"#attributes": {"xmlns": "http://schemas.microsoft.com/win/2004/08/events/event"}, "System": {"Provider": {"#attributes": {"Name": "Service Control Manager", "Guid": "{555908d1-a6d7-4695-8e1e-26931d2012f4}", "EventSourceName": "Service Control Manager"}}, "EventID": {"#attributes": {"Qualifiers": 16384}, "#text": 7036}, "Version": 0, "Level": 4, "Task": 0, "Opcode": 0, "Keywords": "0x8080000000000000", "TimeCreated": {"#attributes": {"SystemTime": "2025-06-08T16:25:13.411596Z"}}, "EventRecordID": 1075, "Correlation": null, "Execution": {"#attributes": {"ProcessID": 636, "ThreadID": 396}}, "Channel": "System", "Computer": "DC01.pirate.htb", "Security": null}, "EventData": {"param1": "Windows Update", "param2": "running", "Binary": "770075006100750073006500720076002F0034000000"}}},
{"TimeGenerated": "2025-06-08T16:25:13.630768Z", "EventID": {"#attributes": {"Qualifiers": 16384}, "#text": 7036}, "Computer": "DC01.pirate.htb", "RawEvent": {"#attributes": {"xmlns": "http://schemas.microsoft.com/win/2004/08/events/event"}, "System": {"Provider": {"#attributes": {"Name": "Service Control Manager", "Guid": "{555908d1-a6d7-4695-8e1e-26931d2012f4}", "EventSourceName": "Service Control Manager"}}, "EventID": {"#attributes": {"Qualifiers": 16384}, "#text": 7036}, "Version": 0, "Level": 4, "Task": 0, "Opcode": 0, "Keywords": "0x8080000000000000", "TimeCreated": {"#attributes": {"SystemTime": "2025-06-08T16:25:13.630768Z"}}, "EventRecordID": 1076, "Correlation": null, "Execution": {"#attributes": {"ProcessID": 636, "ThreadID": 492}}, "Channel": "System", "Computer": "DC01.pirate.htb", "Security": null}, "EventData": {"param1": "Windows Push Notifications User Service_40804", "param2": "running", "Binary": "570070006E00550073006500720053006500720076006900630065005F00340030003800300034002F0034000000"}}},
{"TimeGenerated": "2025-06-08T16:25:13.630768Z", "EventID": {"#attributes": {"Qualifiers": 16384}, "#text": 7036}, "Computer": "DC01.pirate.htb", "RawEvent": {"#attributes": {"xmlns": "http://schemas.microsoft.com/win/2004/08/events/event"}, "System": {"Provider": {"#attributes": {"Name": "Service Control Manager", "Guid": "{555908d1-a6d7-4695-8e1e-26931d2012f4}", "EventSourceName": "Service Control Manager"}}, "EventID": {"#attributes": {"Qualifiers": 16384}, "#text": 7036}, "Version": 0, "Level": 4, "Task": 0, "Opcode": 0, "Keywords": "0x8080000000000000", "TimeCreated": {"#attributes": {"SystemTime": "2025-06-08T16:25:13.630768Z"}}, "EventRecordID": 1077, "Correlation": null, "Execution": {"#attributes": {"ProcessID": 636, "ThreadID": 492}}, "Channel": "System", "Computer": "DC01.pirate.htb", "Security": null}, "EventData": {"param1": "Connected Devices Platform User Service_40804", "param2": "running", "Binary": "43004400500055007300650072005300760063005F00340030003800300034002F0034000000"}}},
{"TimeGenerated": "2025-06-08T16:25:13.661893Z", "EventID": {"#attributes": {"Qualifiers": 16384}, "#text": 7036}, "Computer": "DC01.pirate.htb", "RawEvent": {"#attributes": {"xmlns": "http://schemas.microsoft.com/win/2004/08/events/event"}, "System": {"Provider": {"#attributes": {"Name": "Service Control Manager", "Guid": "{555908d1-a6d7-4695-8e1e-26931d2012f4}", "EventSourceName": "Service Control Manager"}}, "EventID": {"#attributes": {"Qualifiers": 16384}, "#text": 7036}, "Version": 0, "Level": 4, "Task": 0, "Opcode": 0, "Keywords": "0x8080000000000000", "TimeCreated": {"#attributes": {"SystemTime": "2025-06-08T16:25:13.661893Z"}}, "EventRecordID": 1078, "Correlation": null, "Execution": {"#attributes": {"ProcessID": 636, "ThreadID": 944}}, "Channel": "System", "Computer": "DC01.pirate.htb", "Security": null}, "EventData": {"param1": "Microsoft Passport", "param2": "running", "Binary": "4E00670063005300760063002F0034000000"}}},
{"TimeGenerated": "2025-06-08T16:25:13.661893Z", "EventID": {"#attributes": {"Qualifiers": 16384}, "#text": 7036}, "Computer": "DC01.pirate.htb", "RawEvent": {"#attributes": {"xmlns": "http://schemas.microsoft.com/win/2004/08/events/event"}, "System": {"Provider": {"#attributes": {"Name": "Service Control Manager", "Guid": "{555908d1-a6d7-4695-8e1e-26931d2012f4}", "EventSourceName": "Service Control Manager"}}, "EventID": {"#attributes": {"Qualifiers": 16384}, "#text": 7036}, "Version": 0, "Level": 4, "Task": 0, "Opcode": 0, "Keywords": "0x8080000000000000", "TimeCreated": {"#attributes": {"SystemTime": "2025-06-08T16:25:13.661893Z"}}, "EventRecordID": 1079, "Correlation": null, "Execution": {"#attributes": {"ProcessID": 636, "ThreadID": 728}}, "Channel": "System", "Computer": "DC01.pirate.htb", "Security": null}, "EventData": {"param1": "Web Account Manager", "param2": "running", "Binary": "54006F006B0065006E00420072006F006B00650072002F0034000000"}}},
{"TimeGenerated": "2025-06-08T16:25:13.692882Z", "EventID": {"#attributes": {"Qualifiers": 16384}, "#text": 7036}, "Computer": "DC01.pirate.htb", "RawEvent": {"#attributes": {"xmlns": "http://schemas.microsoft.com/win/2004/08/events/event"}, "System": {"Provider": {"#attributes": {"Name": "Service Control Manager", "Guid": "{555908d1-a6d7-4695-8e1e-26931d2012f4}", "EventSourceName": "Service Control Manager"}}, "EventID": {"#attributes": {"Qualifiers": 16384}, "#text": 7036}, "Version": 0, "Level": 4, "Task": 0, "Opcode": 0, "Keywords": "0x8080000000000000", "TimeCreated": {"#attributes": {"SystemTime": "2025-06-08T16:25:13.692882Z"}}, "EventRecordID": 1080, "Correlation": null, "Execution": {"#attributes": {"ProcessID": 636, "ThreadID": 492}}, "Channel": "System", "Computer": "DC01.pirate.htb", "Security": null}, "EventData": {"param1": "Touch Keyboard and Handwriting Panel Service", "param2": "running", "Binary": "5400610062006C006500740049006E0070007500740053006500720076006900630065002F0034000000"}}},
{"TimeGenerated": "2025-06-08T16:25:13.724117Z", "EventID": {"#attributes": {"Qualifiers": 16384}, "#text": 7036}, "Computer": "DC01.pirate.htb", "RawEvent": {"#attributes": {"xmlns": "http://schemas.microsoft.com/win/2004/08/events/event"}, "System": {"Provider": {"#attributes": {"Name": "Service Control Manager", "Guid": "{555908d1-a6d7-4695-8e1e-26931d2012f4}", "EventSourceName": "Service Control Manager"}}, "EventID": {"#attributes": {"Qualifiers": 16384}, "#text": 7036}, "Version": 0, "Level": 4, "Task": 0, "Opcode": 0, "Keywords": "0x8080000000000000", "TimeCreated": {"#attributes": {"SystemTime": "2025-06-08T16:25:13.724117Z"}}, "EventRecordID": 1081, "Correlation": null, "Execution": {"#attributes": {"ProcessID": 636, "ThreadID": 728}}, "Channel": "System", "Computer": "DC01.pirate.htb", "Security": null}, "EventData": {"param1": "Microsoft Passport Container", "param2": "running", "Binary": "4E0067006300430074006E0072005300760063002F0034000000"}}},
{"TimeGenerated": "2025-06-08T16:25:13.834427Z", "EventID": {"#attributes": {"Qualifiers": 16384}, "#text": 7036}, "Computer": "DC01.pirate.htb", "RawEvent": {"#attributes": {"xmlns": "http://schemas.microsoft.com/win/2004/08/events/event"}, "System": {"Provider": {"#attributes": {"Name": "Service Control Manager", "Guid": "{555908d1-a6d7-4695-8e1e-26931d2012f4}", "EventSourceName": "Service Control Manager"}}, "EventID": {"#attributes": {"Qualifiers": 16384}, "#text": 7036}, "Version": 0, "Level": 4, "Task": 0, "Opcode": 0, "Keywords": "0x8080000000000000", "TimeCreated": {"#attributes": {"SystemTime": "2025-06-08T16:25:13.834427Z"}}, "EventRecordID": 1082, "Correlation": null, "Execution": {"#attributes": {"ProcessID": 636, "ThreadID": 728}}, "Channel": "System", "Computer": "DC01.pirate.htb", "Security": null}, "EventData": {"param1": "State Repository Service", "param2": "running", "Binary": "530074006100740065005200650070006F007300690074006F00720079002F0034000000"}}},
{"TimeGenerated": "2025-06-08T16:25:13.834427Z", "EventID": {"#attributes": {"Qualifiers": 16384}, "#text": 7036}, "Computer": "DC01.pirate.htb", "RawEvent": {"#attributes": {"xmlns": "http://schemas.microsoft.com/win/2004/08/events/event"}, "System": {"Provider": {"#attributes": {"Name": "Service Control Manager", "Guid": "{555908d1-a6d7-4695-8e1e-26931d2012f4}", "EventSourceName": "Service Control Manager"}}, "EventID": {"#attributes": {"Qualifiers": 16384}, "#text": 7036}, "Version": 0, "Level": 4, "Task": 0, "Opcode": 0, "Keywords": "0x8080000000000000", "TimeCreated": {"#attributes": {"SystemTime": "2025-06-08T16:25:13.834427Z"}}, "EventRecordID": 1083, "Correlation": null, "Execution": {"#attributes": {"ProcessID": 636, "ThreadID": 728}}, "Channel": "System", "Computer": "DC01.pirate.htb", "Security": null}, "EventData": {"param1": "CNG Key Isolation", "param2": "running", "Binary": "4B0065007900490073006F002F0034000000"}}},
{"TimeGenerated": "2025-06-08T16:25:13.911590Z", "EventID": {"#attributes": {"Qualifiers": 16384}, "#text": 7036}, "Computer": "DC01.pirate.htb", "RawEvent": {"#attributes": {"xmlns": "http://schemas.microsoft.com/win/2004/08/events/event"}, "System": {"Provider": {"#attributes": {"Name": "Service Control Manager", "Guid": "{555908d1-a6d7-4695-8e1e-26931d2012f4}", "EventSourceName": "Service Control Manager"}}, "EventID": {"#attributes": {"Qualifiers": 16384}, "#text": 7036}, "Version": 0, "Level": 4, "Task": 0, "Opcode": 0, "Keywords": "0x8080000000000000", "TimeCreated": {"#attributes": {"SystemTime": "2025-06-08T16:25:13.911590Z"}}, "EventRecordID": 1084, "Correlation": null, "Execution": {"#attributes": {"ProcessID": 636, "ThreadID": 488}}, "Channel": "System", "Computer": "DC01.pirate.htb", "Security": null}, "EventData": {"param1": "AppX Deployment Service (AppXSVC)", "param2": "running", "Binary": "41007000700058005300760063002F0034000000"}}},
{"TimeGenerated": "2025-06-08T16:25:13.989746Z", "EventID": {"#attributes": {"Qualifiers": 16384}, "#text": 7036}, "Computer": "DC01.pirate.htb", "RawEvent": {"#attributes": {"xmlns": "http://schemas.microsoft.com/win/2004/08/events/event"}, "System": {"Provider": {"#attributes": {"Name": "Service Control Manager", "Guid": "{555908d1-a6d7-4695-8e1e-26931d2012f4}", "EventSourceName": "Service Control Manager"}}, "EventID": {"#attributes": {"Qualifiers": 16384}, "#text": 7036}, "Version": 0, "Level": 4, "Task": 0, "Opcode": 0, "Keywords": "0x8080000000000000", "TimeCreated": {"#attributes": {"SystemTime": "2025-06-08T16:25:13.989746Z"}}, "EventRecordID": 1085, "Correlation": null, "Execution": {"#attributes": {"ProcessID": 636, "ThreadID": 488}}, "Channel": "System", "Computer": "DC01.pirate.htb", "Security": null}, "EventData": {"param1": "Connected Devices Platform Service", "param2": "running", "Binary": "4300440050005300760063002F0034000000"}}},
{"TimeGenerated": "2025-06-08T16:25:14.036634Z", "EventID": {"#attributes": {"Qualifiers": 16384}, "#text": 7040}, "Computer": "DC01.pirate.htb", "RawEvent": {"#attributes": {"xmlns": "http://schemas.microsoft.com/win/2004/08/events/event"}, "System": {"Provider": {"#attributes": {"Name": "Service Control Manager", "Guid": "{555908d1-a6d7-4695-8e1e-26931d2012f4}", "EventSourceName": "Service Control Manager"}}, "EventID": {"#attributes": {"Qualifiers": 16384}, "#text": 7040}, "Version": 0, "Level": 4, "Task": 0, "Opcode": 0, "Keywords": "0x8080000000000000", "TimeCreated": {"#attributes": {"SystemTime": "2025-06-08T16:25:14.036634Z"}}, "EventRecordID": 1086, "Correlation": null, "Execution": {"#attributes": {"ProcessID": 636, "ThreadID": 728}}, "Channel": "System", "Computer": "DC01.pirate.htb", "Security": {"#attributes": {"UserID": "S-1-5-21-4107424128-4158083573-1300325248-500"}}}, "EventData": {"param1": "Encrypting File System (EFS)", "param2": "auto start", "param3": "demand start", "param4": "EFS"}}},
{"TimeGenerated": "2025-06-08T16:25:14.640648Z", "EventID": 1502, "Computer": "DC01.pirate.htb", "RawEvent": {"#attributes": {"xmlns": "http://schemas.microsoft.com/win/2004/08/events/event"}, "System": {"Provider": {"#attributes": {"Name": "Microsoft-Windows-GroupPolicy", "Guid": "AEA1B4FA-97D1-45F2-A64C-4D69FFFD92C9"}}, "EventID": 1502, "Version": 0, "Level": 4, "Task": 0, "Opcode": 1, "Keywords": "0x8000000000000000", "TimeCreated": {"#attributes": {"SystemTime": "2025-06-08T16:25:14.640648Z"}}, "EventRecordID": 1087, "Correlation": {"#attributes": {"ActivityID": "60DE7DFE-B3D4-4184-8B03-F3AF4022D8BF"}}, "Execution": {"#attributes": {"ProcessID": 1420, "ThreadID": 4684}}, "Channel": "System", "Computer": "DC01.pirate.htb", "Security": {"#attributes": {"UserID": "S-1-5-18"}}}, "EventData": {"SupportInfo1": 1, "SupportInfo2": 4213, "ProcessingMode": 0, "ProcessingTimeInMilliseconds": 594, "DCName": "\\\\DC01.pirate.htb", "NumberOfGroupPolicyObjects": 2}}},
{"TimeGenerated": "2025-06-08T16:25:14.661816Z", "EventID": {"#attributes": {"Qualifiers": 16384}, "#text": 7036}, "Computer": "DC01.pirate.htb", "RawEvent": {"#attributes": {"xmlns": "http://schemas.microsoft.com/win/2004/08/events/event"}, "System": {"Provider": {"#attributes": {"Name": "Service Control Manager", "Guid": "{555908d1-a6d7-4695-8e1e-26931d2012f4}", "EventSourceName": "Service Control Manager"}}, "EventID": {"#attributes": {"Qualifiers": 16384}, "#text": 7036}, "Version": 0, "Level": 4, "Task": 0, "Opcode": 0, "Keywords": "0x8080000000000000", "TimeCreated": {"#attributes": {"SystemTime": "2025-06-08T16:25:14.661816Z"}}, "EventRecordID": 1088, "Correlation": null, "Execution": {"#attributes": {"ProcessID": 636, "ThreadID": 728}}, "Channel": "System", "Computer": "DC01.pirate.htb", "Security": null}, "EventData": {"param1": "Network Connectivity Assistant", "param2": "stopped", "Binary": "4E00630061005300760063002F0031000000"}}},
{"TimeGenerated": "2025-06-08T16:25:14.677231Z", "EventID": {"#attributes": {"Qualifiers": 16384}, "#text": 7036}, "Computer": "DC01.pirate.htb", "RawEvent": {"#attributes": {"xmlns": "http://schemas.microsoft.com/win/2004/08/events/event"}, "System": {"Provider": {"#attributes": {"Name": "Service Control Manager", "Guid": "{555908d1-a6d7-4695-8e1e-26931d2012f4}", "EventSourceName": "Service Control Manager"}}, "EventID": {"#attributes": {"Qualifiers": 16384}, "#text": 7036}, "Version": 0, "Level": 4, "Task": 0, "Opcode": 0, "Keywords": "0x8080000000000000", "TimeCreated": {"#attributes": {"SystemTime": "2025-06-08T16:25:14.677231Z"}}, "EventRecordID": 1089, "Correlation": null, "Execution": {"#attributes": {"ProcessID": 636, "ThreadID": 728}}, "Channel": "System", "Computer": "DC01.pirate.htb", "Security": null}, "EventData": {"param1": "Delivery Optimization", "param2": "running", "Binary": "44006F005300760063002F0034000000"}}},
{"TimeGenerated": "2025-06-08T16:25:14.692840Z", "EventID": {"#attributes": {"Qualifiers": 16384}, "#text": 7036}, "Computer": "DC01.pirate.htb", "RawEvent": {"#attributes": {"xmlns": "http://schemas.microsoft.com/win/2004/08/events/event"}, "System": {"Provider": {"#attributes": {"Name": "Service Control Manager", "Guid": "{555908d1-a6d7-4695-8e1e-26931d2012f4}", "EventSourceName": "Service Control Manager"}}, "EventID": {"#attributes": {"Qualifiers": 16384}, "#text": 7036}, "Version": 0, "Level": 4, "Task": 0, "Opcode": 0, "Keywords": "0x8080000000000000", "TimeCreated": {"#attributes": {"SystemTime": "2025-06-08T16:25:14.692840Z"}}, "EventRecordID": 1090, "Correlation": null, "Execution": {"#attributes": {"ProcessID": 636, "ThreadID": 728}}, "Channel": "System", "Computer": "DC01.pirate.htb", "Security": null}, "EventData": {"param1": "Delivery Optimization", "param2": "stopped", "Binary": "44006F005300760063002F0031000000"}}},
{"TimeGenerated": "2025-06-08T16:25:16.373725Z", "EventID": {"#attributes": {"Qualifiers": 16384}, "#text": 7036}, "Computer": "DC01.pirate.htb", "RawEvent": {"#attributes": {"xmlns": "http://schemas.microsoft.com/win/2004/08/events/event"}, "System": {"Provider": {"#attributes": {"Name": "Service Control Manager", "Guid": "{555908d1-a6d7-4695-8e1e-26931d2012f4}", "EventSourceName": "Service Control Manager"}}, "EventID": {"#attributes": {"Qualifiers": 16384}, "#text": 7036}, "Version": 0, "Level": 4, "Task": 0, "Opcode": 0, "Keywords": "0x8080000000000000", "TimeCreated": {"#attributes": {"SystemTime": "2025-06-08T16:25:16.373725Z"}}, "EventRecordID": 1091, "Correlation": null, "Execution": {"#attributes": {"ProcessID": 636, "ThreadID": 396}}, "Channel": "System", "Computer": "DC01.pirate.htb", "Security": null}, "EventData": {"param1": "Network Setup Service", "param2": "running", "Binary": "4E0065007400530065007400750070005300760063002F0034000000"}}},
{"TimeGenerated": "2025-06-08T16:25:18.303145Z", "EventID": {"#attributes": {"Qualifiers": 16384}, "#text": 7036}, "Computer": "DC01.pirate.htb", "RawEvent": {"#attributes": {"xmlns": "http://schemas.microsoft.com/win/2004/08/events/event"}, "System": {"Provider": {"#attributes": {"Name": "Service Control Manager", "Guid": "{555908d1-a6d7-4695-8e1e-26931d2012f4}", "EventSourceName": "Service Control Manager"}}, "EventID": {"#attributes": {"Qualifiers": 16384}, "#text": 7036}, "Version": 0, "Level": 4, "Task": 0, "Opcode": 0, "Keywords": "0x8080000000000000", "TimeCreated": {"#attributes": {"SystemTime": "2025-06-08T16:25:18.303145Z"}}, "EventRecordID": 1092, "Correlation": null, "Execution": {"#attributes": {"ProcessID": 636, "ThreadID": 492}}, "Channel": "System", "Computer": "DC01.pirate.htb", "Security": null}, "EventData": {"param1": "Background Intelligent Transfer Service", "param2": "running", "Binary": "42004900540053002F0034000000"}}},
{"TimeGenerated": "2025-06-08T16:25:18.318063Z", "EventID": {"#attributes": {"Qualifiers": 16384}, "#text": 7040}, "Computer": "DC01.pirate.htb", "RawEvent": {"#attributes": {"xmlns": "http://schemas.microsoft.com/win/2004/08/events/event"}, "System": {"Provider": {"#attributes": {"Name": "Service Control Manager", "Guid": "{555908d1-a6d7-4695-8e1e-26931d2012f4}", "EventSourceName": "Service Control Manager"}}, "EventID": {"#attributes": {"Qualifiers": 16384}, "#text": 7040}, "Version": 0, "Level": 4, "Task": 0, "Opcode": 0, "Keywords": "0x8080000000000000", "TimeCreated": {"#attributes": {"SystemTime": "2025-06-08T16:25:18.318063Z"}}, "EventRecordID": 1093, "Correlation": null, "Execution": {"#attributes": {"ProcessID": 636, "ThreadID": 492}}, "Channel": "System", "Computer": "DC01.pirate.htb", "Security": {"#attributes": {"UserID": "S-1-5-18"}}}, "EventData": {"param1": "Background Intelligent Transfer Service", "param2": "demand start", "param3": "auto start", "param4": "BITS"}}},
{"TimeGenerated": "2025-06-08T16:25:18.456839Z", "EventID": {"#attributes": {"Qualifiers": 16384}, "#text": 7036}, "Computer": "DC01.pirate.htb", "RawEvent": {"#attributes": {"xmlns": "http://schemas.microsoft.com/win/2004/08/events/event"}, "System": {"Provider": {"#attributes": {"Name": "Service Control Manager", "Guid": "{555908d1-a6d7-4695-8e1e-26931d2012f4}", "EventSourceName": "Service Control Manager"}}, "EventID": {"#attributes": {"Qualifiers": 16384}, "#text": 7036}, "Version": 0, "Level": 4, "Task": 0, "Opcode": 0, "Keywords": "0x8080000000000000", "TimeCreated": {"#attributes": {"SystemTime": "2025-06-08T16:25:18.456839Z"}}, "EventRecordID": 1094, "Correlation": null, "Execution": {"#attributes": {"ProcessID": 636, "ThreadID": 396}}, "Channel": "System", "Computer": "DC01.pirate.htb", "Security": null}, "EventData": {"param1": "WMI Performance Adapter", "param2": "running", "Binary": "77006D006900410070005300720076002F0034000000"}}},
{"TimeGenerated": "2025-06-08T16:25:42.588506Z", "EventID": {"#attributes": {"Qualifiers": 0}, "#text": 6038}, "Computer": "DC01.pirate.htb", "RawEvent": {"#attributes": {"xmlns": "http://schemas.microsoft.com/win/2004/08/events/event"}, "System": {"Provider": {"#attributes": {"Name": "LsaSrv", "Guid": "{199fe037-2b82-40a9-82ac-e1d46c792b99}", "EventSourceName": "LsaSrv"}}, "EventID": {"#attributes": {"Qualifiers": 0}, "#text": 6038}, "Version": 0, "Level": 3, "Task": 0, "Opcode": 0, "Keywords": "0x80000000000000", "TimeCreated": {"#attributes": {"SystemTime": "2025-06-08T16:25:42.588506Z"}}, "EventRecordID": 1095, "Correlation": null, "Execution": {"#attributes": {"ProcessID": 0, "ThreadID": 0}}, "Channel": "System", "Computer": "DC01.pirate.htb", "Security": null}, "EventData": {"Data": {"#text": ""}, "Binary": null}}},
{"TimeGenerated": "2025-06-08T16:25:44.411599Z", "EventID": {"#attributes": {"Qualifiers": 16384}, "#text": 7036}, "Computer": "DC01.pirate.htb", "RawEvent": {"#attributes": {"xmlns": "http://schemas.microsoft.com/win/2004/08/events/event"}, "System": {"Provider": {"#attributes": {"Name": "Service Control Manager", "Guid": "{555908d1-a6d7-4695-8e1e-26931d2012f4}", "EventSourceName": "Service Control Manager"}}, "EventID": {"#attributes": {"Qualifiers": 16384}, "#text": 7036}, "Version": 0, "Level": 4, "Task": 0, "Opcode": 0, "Keywords": "0x8080000000000000", "TimeCreated": {"#attributes": {"SystemTime": "2025-06-08T16:25:44.411599Z"}}, "EventRecordID": 1096, "Correlation": null, "Execution": {"#attributes": {"ProcessID": 636, "ThreadID": 6464}}, "Channel": "System", "Computer": "DC01.pirate.htb", "Security": null}, "EventData": {"param1": "Software Protection", "param2": "stopped", "Binary": "7300700070007300760063002F0031000000"}}},
{"TimeGenerated": "2025-06-08T16:25:59.771519Z", "EventID": {"#attributes": {"Qualifiers": 16384}, "#text": 7036}, "Computer": "DC01.pirate.htb", "RawEvent": {"#attributes": {"xmlns": "http://schemas.microsoft.com/win/2004/08/events/event"}, "System": {"Provider": {"#attributes": {"Name": "Service Control Manager", "Guid": "{555908d1-a6d7-4695-8e1e-26931d2012f4}", "EventSourceName": "Service Control Manager"}}, "EventID": {"#attributes": {"Qualifiers": 16384}, "#text": 7036}, "Version": 0, "Level": 4, "Task": 0, "Opcode": 0, "Keywords": "0x8080000000000000", "TimeCreated": {"#attributes": {"SystemTime": "2025-06-08T16:25:59.771519Z"}}, "EventRecordID": 1097, "Correlation": null, "Execution": {"#attributes": {"ProcessID": 636, "ThreadID": 6584}}, "Channel": "System", "Computer": "DC01.pirate.htb", "Security": null}, "EventData": {"param1": "Device Setup Manager", "param2": "stopped", "Binary": "440073006D005300760063002F0031000000"}}},
{"TimeGenerated": "2025-06-08T16:26:21.498801Z", "EventID": {"#attributes": {"Qualifiers": 16384}, "#text": 7036}, "Computer": "DC01.pirate.htb", "RawEvent": {"#attributes": {"xmlns": "http://schemas.microsoft.com/win/2004/08/events/event"}, "System": {"Provider": {"#attributes": {"Name": "Service Control Manager", "Guid": "{555908d1-a6d7-4695-8e1e-26931d2012f4}", "EventSourceName": "Service Control Manager"}}, "EventID": {"#attributes": {"Qualifiers": 16384}, "#text": 7036}, "Version": 0, "Level": 4, "Task": 0, "Opcode": 0, "Keywords": "0x8080000000000000", "TimeCreated": {"#attributes": {"SystemTime": "2025-06-08T16:26:21.498801Z"}}, "EventRecordID": 1098, "Correlation": null, "Execution": {"#attributes": {"ProcessID": 636, "ThreadID": 6464}}, "Channel": "System", "Computer": "DC01.pirate.htb", "Security": null}, "EventData": {"param1": "Network Setup Service", "param2": "stopped", "Binary": "4E0065007400530065007400750070005300760063002F0031000000"}}},
{"TimeGenerated": "2025-06-08T16:26:58.145997Z", "EventID": {"#attributes": {"Qualifiers": 16384}, "#text": 7036}, "Computer": "DC01.pirate.htb", "RawEvent": {"#attributes": {"xmlns": "http://schemas.microsoft.com/win/2004/08/events/event"}, "System": {"Provider": {"#attributes": {"Name": "Service Control Manager", "Guid": "{555908d1-a6d7-4695-8e1e-26931d2012f4}", "EventSourceName": "Service Control Manager"}}, "EventID": {"#attributes": {"Qualifiers": 16384}, "#text": 7036}, "Version": 0, "Level": 4, "Task": 0, "Opcode": 0, "Keywords": "0x8080000000000000", "TimeCreated": {"#attributes": {"SystemTime": "2025-06-08T16:26:58.145997Z"}}, "EventRecordID": 1099, "Correlation": null, "Execution": {"#attributes": {"ProcessID": 636, "ThreadID": 6584}}, "Channel": "System", "Computer": "DC01.pirate.htb", "Security": null}, "EventData": {"param1": "Diagnostic Policy Service", "param2": "running", "Binary": "4400500053002F0034000000"}}},
{"TimeGenerated": "2025-06-08T16:26:58.303270Z", "EventID": {"#attributes": {"Qualifiers": 16384}, "#text": 7036}, "Computer": "DC01.pirate.htb", "RawEvent": {"#attributes": {"xmlns": "http://schemas.microsoft.com/win/2004/08/events/event"}, "System": {"Provider": {"#attributes": {"Name": "Service Control Manager", "Guid": "{555908d1-a6d7-4695-8e1e-26931d2012f4}", "EventSourceName": "Service Control Manager"}}, "EventID": {"#attributes": {"Qualifiers": 16384}, "#text": 7036}, "Version": 0, "Level": 4, "Task": 0, "Opcode": 0, "Keywords": "0x8080000000000000", "TimeCreated": {"#attributes": {"SystemTime": "2025-06-08T16:26:58.303270Z"}}, "EventRecordID": 1100, "Correlation": null, "Execution": {"#attributes": {"ProcessID": 636, "ThreadID": 6464}}, "Channel": "System", "Computer": "DC01.pirate.htb", "Security": null}, "EventData": {"param1": "Downloaded Maps Manager", "param2": "running", "Binary": "4D00610070007300420072006F006B00650072002F0034000000"}}},
{"TimeGenerated": "2025-06-08T16:26:58.427293Z", "EventID": {"#attributes": {"Qualifiers": 16384}, "#text": 7036}, "Computer": "DC01.pirate.htb", "RawEvent": {"#attributes": {"xmlns": "http://schemas.microsoft.com/win/2004/08/events/event"}, "System": {"Provider": {"#attributes": {"Name": "Service Control Manager", "Guid": "{555908d1-a6d7-4695-8e1e-26931d2012f4}", "EventSourceName": "Service Control Manager"}}, "EventID": {"#attributes": {"Qualifiers": 16384}, "#text": 7036}, "Version": 0, "Level": 4, "Task": 0, "Opcode": 0, "Keywords": "0x8080000000000000", "TimeCreated": {"#attributes": {"SystemTime": "2025-06-08T16:26:58.427293Z"}}, "EventRecordID": 1101, "Correlation": null, "Execution": {"#attributes": {"ProcessID": 636, "ThreadID": 6464}}, "Channel": "System", "Computer": "DC01.pirate.htb", "Security": null}, "EventData": {"param1": "Software Protection", "param2": "running", "Binary": "7300700070007300760063002F0034000000"}}},
{"TimeGenerated": "2025-06-08T16:27:00.786838Z", "EventID": {"#attributes": {"Qualifiers": 16384}, "#text": 7036}, "Computer": "DC01.pirate.htb", "RawEvent": {"#attributes": {"xmlns": "http://schemas.microsoft.com/win/2004/08/events/event"}, "System": {"Provider": {"#attributes": {"Name": "Service Control Manager", "Guid": "{555908d1-a6d7-4695-8e1e-26931d2012f4}", "EventSourceName": "Service Control Manager"}}, "EventID": {"#attributes": {"Qualifiers": 16384}, "#text": 7036}, "Version": 0, "Level": 4, "Task": 0, "Opcode": 0, "Keywords": "0x8080000000000000", "TimeCreated": {"#attributes": {"SystemTime": "2025-06-08T16:27:00.786838Z"}}, "EventRecordID": 1102, "Correlation": null, "Execution": {"#attributes": {"ProcessID": 636, "ThreadID": 6584}}, "Channel": "System", "Computer": "DC01.pirate.htb", "Security": null}, "EventData": {"param1": "User Access Logging Service", "param2": "running", "Binary": "550041004C005300560043002F0034000000"}}},
{"TimeGenerated": "2025-06-08T16:27:00.849101Z", "EventID": {"#attributes": {"Qualifiers": 16384}, "#text": 7036}, "Computer": "DC01.pirate.htb", "RawEvent": {"#attributes": {"xmlns": "http://schemas.microsoft.com/win/2004/08/events/event"}, "System": {"Provider": {"#attributes": {"Name": "Service Control Manager", "Guid": "{555908d1-a6d7-4695-8e1e-26931d2012f4}", "EventSourceName": "Service Control Manager"}}, "EventID": {"#attributes": {"Qualifiers": 16384}, "#text": 7036}, "Version": 0, "Level": 4, "Task": 0, "Opcode": 0, "Keywords": "0x8080000000000000", "TimeCreated": {"#attributes": {"SystemTime": "2025-06-08T16:27:00.849101Z"}}, "EventRecordID": 1103, "Correlation": null, "Execution": {"#attributes": {"ProcessID": 636, "ThreadID": 6584}}, "Channel": "System", "Computer": "DC01.pirate.htb", "Security": null}, "EventData": {"param1": "Update Orchestrator Service", "param2": "running", "Binary": "550073006F005300760063002F0034000000"}}},
{"TimeGenerated": "2025-06-08T16:27:08.350555Z", "EventID": {"#attributes": {"Qualifiers": 16384}, "#text": 7036}, "Computer": "DC01.pirate.htb", "RawEvent": {"#attributes": {"xmlns": "http://schemas.microsoft.com/win/2004/08/events/event"}, "System": {"Provider": {"#attributes": {"Name": "Service Control Manager", "Guid": "{555908d1-a6d7-4695-8e1e-26931d2012f4}", "EventSourceName": "Service Control Manager"}}, "EventID": {"#attributes": {"Qualifiers": 16384}, "#text": 7036}, "Version": 0, "Level": 4, "Task": 0, "Opcode": 0, "Keywords": "0x8080000000000000", "TimeCreated": {"#attributes": {"SystemTime": "2025-06-08T16:27:08.350555Z"}}, "EventRecordID": 1104, "Correlation": null, "Execution": {"#attributes": {"ProcessID": 636, "ThreadID": 6460}}, "Channel": "System", "Computer": "DC01.pirate.htb", "Security": null}, "EventData": {"param1": "Downloaded Maps Manager", "param2": "stopped", "Binary": "4D00610070007300420072006F006B00650072002F0031000000"}}},
{"TimeGenerated": "2025-06-08T16:27:13.839842Z", "EventID": {"#attributes": {"Qualifiers": 16384}, "#text": 7036}, "Computer": "DC01.pirate.htb", "RawEvent": {"#attributes": {"xmlns": "http://schemas.microsoft.com/win/2004/08/events/event"}, "System": {"Provider": {"#attributes": {"Name": "Service Control Manager", "Guid": "{555908d1-a6d7-4695-8e1e-26931d2012f4}", "EventSourceName": "Service Control Manager"}}, "EventID": {"#attributes": {"Qualifiers": 16384}, "#text": 7036}, "Version": 0, "Level": 4, "Task": 0, "Opcode": 0, "Keywords": "0x8080000000000000", "TimeCreated": {"#attributes": {"SystemTime": "2025-06-08T16:27:13.839842Z"}}, "EventRecordID": 1105, "Correlation": null, "Execution": {"#attributes": {"ProcessID": 636, "ThreadID": 6584}}, "Channel": "System", "Computer": "DC01.pirate.htb", "Security": null}, "EventData": {"param1": "Microsoft Passport", "param2": "stopped", "Binary": "4E00670063005300760063002F0031000000"}}},
{"TimeGenerated": "2025-06-08T16:27:14.675100Z", "EventID": {"#attributes": {"Qualifiers": 16384}, "#text": 7036}, "Computer": "DC01.pirate.htb", "RawEvent": {"#attributes": {"xmlns": "http://schemas.microsoft.com/win/2004/08/events/event"}, "System": {"Provider": {"#attributes": {"Name": "Service Control Manager", "Guid": "{555908d1-a6d7-4695-8e1e-26931d2012f4}", "EventSourceName": "Service Control Manager"}}, "EventID": {"#attributes": {"Qualifiers": 16384}, "#text": 7036}, "Version": 0, "Level": 4, "Task": 0, "Opcode": 0, "Keywords": "0x8080000000000000", "TimeCreated": {"#attributes": {"SystemTime": "2025-06-08T16:27:14.675100Z"}}, "EventRecordID": 1106, "Correlation": null, "Execution": {"#attributes": {"ProcessID": 636, "ThreadID": 6464}}, "Channel": "System", "Computer": "DC01.pirate.htb", "Security": null}, "EventData": {"param1": "Portable Device Enumerator Service", "param2": "stopped", "Binary": "57005000440042007500730045006E0075006D002F0031000000"}}},
{"TimeGenerated": "2025-06-08T16:27:18.789322Z", "EventID": {"#attributes": {"Qualifiers": 16384}, "#text": 7036}, "Computer": "DC01.pirate.htb", "RawEvent": {"#attributes": {"xmlns": "http://schemas.microsoft.com/win/2004/08/events/event"}, "System": {"Provider": {"#attributes": {"Name": "Service Control Manager", "Guid": "{555908d1-a6d7-4695-8e1e-26931d2012f4}", "EventSourceName": "Service Control Manager"}}, "EventID": {"#attributes": {"Qualifiers": 16384}, "#text": 7036}, "Version": 0, "Level": 4, "Task": 0, "Opcode": 0, "Keywords": "0x8080000000000000", "TimeCreated": {"#attributes": {"SystemTime": "2025-06-08T16:27:18.789322Z"}}, "EventRecordID": 1107, "Correlation": null, "Execution": {"#attributes": {"ProcessID": 636, "ThreadID": 6584}}, "Channel": "System", "Computer": "DC01.pirate.htb", "Security": null}, "EventData": {"param1": "WMI Performance Adapter", "param2": "stopped", "Binary": "77006D006900410070005300720076002F0031000000"}}},
{"TimeGenerated": "2025-06-08T16:27:28.505437Z", "EventID": {"#attributes": {"Qualifiers": 16384}, "#text": 7036}, "Computer": "DC01.pirate.htb", "RawEvent": {"#attributes": {"xmlns": "http://schemas.microsoft.com/win/2004/08/events/event"}, "System": {"Provider": {"#attributes": {"Name": "Service Control Manager", "Guid": "{555908d1-a6d7-4695-8e1e-26931d2012f4}", "EventSourceName": "Service Control Manager"}}, "EventID": {"#attributes": {"Qualifiers": 16384}, "#text": 7036}, "Version": 0, "Level": 4, "Task": 0, "Opcode": 0, "Keywords": "0x8080000000000000", "TimeCreated": {"#attributes": {"SystemTime": "2025-06-08T16:27:28.505437Z"}}, "EventRecordID": 1108, "Correlation": null, "Execution": {"#attributes": {"ProcessID": 636, "ThreadID": 6584}}, "Channel": "System", "Computer": "DC01.pirate.htb", "Security": null}, "EventData": {"param1": "Software Protection", "param2": "stopped", "Binary": "7300700070007300760063002F0031000000"}}},
{"TimeGenerated": "2025-06-08T16:27:30.911756Z", "EventID": {"#attributes": {"Qualifiers": 16384}, "#text": 7036}, "Computer": "DC01.pirate.htb", "RawEvent": {"#attributes": {"xmlns": "http://schemas.microsoft.com/win/2004/08/events/event"}, "System": {"Provider": {"#attributes": {"Name": "Service Control Manager", "Guid": "{555908d1-a6d7-4695-8e1e-26931d2012f4}", "EventSourceName": "Service Control Manager"}}, "EventID": {"#attributes": {"Qualifiers": 16384}, "#text": 7036}, "Version": 0, "Level": 4, "Task": 0, "Opcode": 0, "Keywords": "0x8080000000000000", "TimeCreated": {"#attributes": {"SystemTime": "2025-06-08T16:27:30.911756Z"}}, "EventRecordID": 1109, "Correlation": null, "Execution": {"#attributes": {"ProcessID": 636, "ThreadID": 6584}}, "Channel": "System", "Computer": "DC01.pirate.htb", "Security": null}, "EventData": {"param1": "Windows Insider Service", "param2": "running", "Binary": "770069007300760063002F0034000000"}}},
{"TimeGenerated": "2025-06-08T16:28:00.340532Z", "EventID": {"#attributes": {"Qualifiers": 16384}, "#text": 7036}, "Computer": "DC01.pirate.htb", "RawEvent": {"#attributes": {"xmlns": "http://schemas.microsoft.com/win/2004/08/events/event"}, "System": {"Provider": {"#attributes": {"Name": "Service Control Manager", "Guid": "{555908d1-a6d7-4695-8e1e-26931d2012f4}", "EventSourceName": "Service Control Manager"}}, "EventID": {"#attributes": {"Qualifiers": 16384}, "#text": 7036}, "Version": 0, "Level": 4, "Task": 0, "Opcode": 0, "Keywords": "0x8080000000000000", "TimeCreated": {"#attributes": {"SystemTime": "2025-06-08T16:28:00.340532Z"}}, "EventRecordID": 1110, "Correlation": null, "Execution": {"#attributes": {"ProcessID": 636, "ThreadID": 6464}}, "Channel": "System", "Computer": "DC01.pirate.htb", "Security": null}, "EventData": {"param1": "VMware Snapshot Provider", "param2": "stopped", "Binary": "76006D007600730073002F0031000000"}}},
{"TimeGenerated": "2025-06-08T16:28:00.366340Z", "EventID": {"#attributes": {"Qualifiers": 16384}, "#text": 7036}, "Computer": "DC01.pirate.htb", "RawEvent": {"#attributes": {"xmlns": "http://schemas.microsoft.com/win/2004/08/events/event"}, "System": {"Provider": {"#attributes": {"Name": "Service Control Manager", "Guid": "{555908d1-a6d7-4695-8e1e-26931d2012f4}", "EventSourceName": "Service Control Manager"}}, "EventID": {"#attributes": {"Qualifiers": 16384}, "#text": 7036}, "Version": 0, "Level": 4, "Task": 0, "Opcode": 0, "Keywords": "0x8080000000000000", "TimeCreated": {"#attributes": {"SystemTime": "2025-06-08T16:28:00.366340Z"}}, "EventRecordID": 1111, "Correlation": null, "Execution": {"#attributes": {"ProcessID": 636, "ThreadID": 6464}}, "Channel": "System", "Computer": "DC01.pirate.htb", "Security": null}, "EventData": {"param1": "Volume Shadow Copy", "param2": "stopped", "Binary": "5600530053002F0031000000"}}},
{"TimeGenerated": "2025-06-08T16:28:31.654245Z", "EventID": {"#attributes": {"Qualifiers": 16384}, "#text": 7036}, "Computer": "DC01.pirate.htb", "RawEvent": {"#attributes": {"xmlns": "http://schemas.microsoft.com/win/2004/08/events/event"}, "System": {"Provider": {"#attributes": {"Name": "Service Control Manager", "Guid": "{555908d1-a6d7-4695-8e1e-26931d2012f4}", "EventSourceName": "Service Control Manager"}}, "EventID": {"#attributes": {"Qualifiers": 16384}, "#text": 7036}, "Version": 0, "Level": 4, "Task": 0, "Opcode": 0, "Keywords": "0x8080000000000000", "TimeCreated": {"#attributes": {"SystemTime": "2025-06-08T16:28:31.654245Z"}}, "EventRecordID": 1112, "Correlation": null, "Execution": {"#attributes": {"ProcessID": 636, "ThreadID": 6584}}, "Channel": "System", "Computer": "DC01.pirate.htb", "Security": null}, "EventData": {"param1": "Windows Insider Service", "param2": "stopped", "Binary": "770069007300760063002F0031000000"}}},
{"TimeGenerated": "2025-06-08T16:28:33.006752Z", "EventID": {"#attributes": {"Qualifiers": 16384}, "#text": 7036}, "Computer": "DC01.pirate.htb", "RawEvent": {"#attributes": {"xmlns": "http://schemas.microsoft.com/win/2004/08/events/event"}, "System": {"Provider": {"#attributes": {"Name": "Service Control Manager", "Guid": "{555908d1-a6d7-4695-8e1e-26931d2012f4}", "EventSourceName": "Service Control Manager"}}, "EventID": {"#attributes": {"Qualifiers": 16384}, "#text": 7036}, "Version": 0, "Level": 4, "Task": 0, "Opcode": 0, "Keywords": "0x8080000000000000", "TimeCreated": {"#attributes": {"SystemTime": "2025-06-08T16:28:33.006752Z"}}, "EventRecordID": 1113, "Correlation": null, "Execution": {"#attributes": {"ProcessID": 636, "ThreadID": 6464}}, "Channel": "System", "Computer": "DC01.pirate.htb", "Security": null}, "EventData": {"param1": "Windows PushToInstall Service", "param2": "running", "Binary": "500075007300680054006F0049006E007300740061006C006C002F0034000000"}}},
{"TimeGenerated": "2025-06-08T16:28:38.149453Z", "EventID": {"#attributes": {"Qualifiers": 16384}, "#text": 7036}, "Computer": "DC01.pirate.htb", "RawEvent": {"#attributes": {"xmlns": "http://schemas.microsoft.com/win/2004/08/events/event"}, "System": {"Provider": {"#attributes": {"Name": "Service Control Manager", "Guid": "{555908d1-a6d7-4695-8e1e-26931d2012f4}", "EventSourceName": "Service Control Manager"}}, "EventID": {"#attributes": {"Qualifiers": 16384}, "#text": 7036}, "Version": 0, "Level": 4, "Task": 0, "Opcode": 0, "Keywords": "0x8080000000000000", "TimeCreated": {"#attributes": {"SystemTime": "2025-06-08T16:28:38.149453Z"}}, "EventRecordID": 1114, "Correlation": null, "Execution": {"#attributes": {"ProcessID": 636, "ThreadID": 6584}}, "Channel": "System", "Computer": "DC01.pirate.htb", "Security": null}, "EventData": {"param1": "Windows PushToInstall Service", "param2": "stopped", "Binary": "500075007300680054006F0049006E007300740061006C006C002F0031000000"}}},
{"TimeGenerated": "2025-06-08T16:29:18.704050Z", "EventID": {"#attributes": {"Qualifiers": 16384}, "#text": 7040}, "Computer": "DC01.pirate.htb", "RawEvent": {"#attributes": {"xmlns": "http://schemas.microsoft.com/win/2004/08/events/event"}, "System": {"Provider": {"#attributes": {"Name": "Service Control Manager", "Guid": "{555908d1-a6d7-4695-8e1e-26931d2012f4}", "EventSourceName": "Service Control Manager"}}, "EventID": {"#attributes": {"Qualifiers": 16384}, "#text": 7040}, "Version": 0, "Level": 4, "Task": 0, "Opcode": 0, "Keywords": "0x8080000000000000", "TimeCreated": {"#attributes": {"SystemTime": "2025-06-08T16:29:18.704050Z"}}, "EventRecordID": 1115, "Correlation": null, "Execution": {"#attributes": {"ProcessID": 636, "ThreadID": 6464}}, "Channel": "System", "Computer": "DC01.pirate.htb", "Security": {"#attributes": {"UserID": "S-1-5-18"}}}, "EventData": {"param1": "Background Intelligent Transfer Service", "param2": "auto start", "param3": "demand start", "param4": "BITS"}}},
{"TimeGenerated": "2025-06-08T16:29:18.750214Z", "EventID": {"#attributes": {"Qualifiers": 16384}, "#text": 7036}, "Computer": "DC01.pirate.htb", "RawEvent": {"#attributes": {"xmlns": "http://schemas.microsoft.com/win/2004/08/events/event"}, "System": {"Provider": {"#attributes": {"Name": "Service Control Manager", "Guid": "{555908d1-a6d7-4695-8e1e-26931d2012f4}", "EventSourceName": "Service Control Manager"}}, "EventID": {"#attributes": {"Qualifiers": 16384}, "#text": 7036}, "Version": 0, "Level": 4, "Task": 0, "Opcode": 0, "Keywords": "0x8080000000000000", "TimeCreated": {"#attributes": {"SystemTime": "2025-06-08T16:29:18.750214Z"}}, "EventRecordID": 1116, "Correlation": null, "Execution": {"#attributes": {"ProcessID": 636, "ThreadID": 6584}}, "Channel": "System", "Computer": "DC01.pirate.htb", "Security": null}, "EventData": {"param1": "Background Intelligent Transfer Service", "param2": "stopped", "Binary": "42004900540053002F0031000000"}}},
{"TimeGenerated": "2025-06-08T16:30:15.079417Z", "EventID": {"#attributes": {"Qualifiers": 16384}, "#text": 7036}, "Computer": "DC01.pirate.htb", "RawEvent": {"#attributes": {"xmlns": "http://schemas.microsoft.com/win/2004/08/events/event"}, "System": {"Provider": {"#attributes": {"Name": "Service Control Manager", "Guid": "{555908d1-a6d7-4695-8e1e-26931d2012f4}", "EventSourceName": "Service Control Manager"}}, "EventID": {"#attributes": {"Qualifiers": 16384}, "#text": 7036}, "Version": 0, "Level": 4, "Task": 0, "Opcode": 0, "Keywords": "0x8080000000000000", "TimeCreated": {"#attributes": {"SystemTime": "2025-06-08T16:30:15.079417Z"}}, "EventRecordID": 1117, "Correlation": null, "Execution": {"#attributes": {"ProcessID": 636, "ThreadID": 6464}}, "Channel": "System", "Computer": "DC01.pirate.htb", "Security": null}, "EventData": {"param1": "AppX Deployment Service (AppXSVC)", "param2": "stopped", "Binary": "41007000700058005300760063002F0031000000"}}},
{"TimeGenerated": "2025-06-08T16:32:13.844133Z", "EventID": {"#attributes": {"Qualifiers": 16384}, "#text": 7036}, "Computer": "DC01.pirate.htb", "RawEvent": {"#attributes": {"xmlns": "http://schemas.microsoft.com/win/2004/08/events/event"}, "System": {"Provider": {"#attributes": {"Name": "Service Control Manager", "Guid": "{555908d1-a6d7-4695-8e1e-26931d2012f4}", "EventSourceName": "Service Control Manager"}}, "EventID": {"#attributes": {"Qualifiers": 16384}, "#text": 7036}, "Version": 0, "Level": 4, "Task": 0, "Opcode": 0, "Keywords": "0x8080000000000000", "TimeCreated": {"#attributes": {"SystemTime": "2025-06-08T16:32:13.844133Z"}}, "EventRecordID": 1118, "Correlation": null, "Execution": {"#attributes": {"ProcessID": 636, "ThreadID": 6584}}, "Channel": "System", "Computer": "DC01.pirate.htb", "Security": null}, "EventData": {"param1": "Microsoft Passport Container", "param2": "stopped", "Binary": "4E0067006300430074006E0072005300760063002F0031000000"}}},
{"TimeGenerated": "2025-06-08T16:34:33.036631Z", "EventID": {"#attributes": {"Qualifiers": 16384}, "#text": 7036}, "Computer": "DC01.pirate.htb", "RawEvent": {"#attributes": {"xmlns": "http://schemas.microsoft.com/win/2004/08/events/event"}, "System": {"Provider": {"#attributes": {"Name": "Service Control Manager", "Guid": "{555908d1-a6d7-4695-8e1e-26931d2012f4}", "EventSourceName": "Service Control Manager"}}, "EventID": {"#attributes": {"Qualifiers": 16384}, "#text": 7036}, "Version": 0, "Level": 4, "Task": 0, "Opcode": 0, "Keywords": "0x8080000000000000", "TimeCreated": {"#attributes": {"SystemTime": "2025-06-08T16:34:33.036631Z"}}, "EventRecordID": 1119, "Correlation": null, "Execution": {"#attributes": {"ProcessID": 636, "ThreadID": 1324}}, "Channel": "System", "Computer": "DC01.pirate.htb", "Security": null}, "EventData": {"param1": "Windows Modules Installer", "param2": "running", "Binary": "540072007500730074006500640049006E007300740061006C006C00650072002F0034000000"}}},
{"TimeGenerated": "2025-06-08T16:46:46.783876Z", "EventID": {"#attributes": {"Qualifiers": 16896}, "#text": 4}, "Computer": "DC01.pirate.htb", "RawEvent": {"#attributes": {"xmlns": "http://schemas.microsoft.com/win/2004/08/events/event"}, "System": {"Provider": {"#attributes": {"Name": "Virtual Disk Service"}}, "EventID": {"#attributes": {"Qualifiers": 16896}, "#text": 4}, "Level": 4, "Task": 0, "Keywords": "0x80000000000000", "TimeCreated": {"#attributes": {"SystemTime": "2025-06-08T16:46:46.783876Z"}}, "EventRecordID": 1120, "Channel": "System", "Computer": "DC01.pirate.htb", "Security": null}, "EventData": {"Data": {"#text": "@2010001"}, "Binary": null}}},
{"TimeGenerated": "2025-06-08T16:46:46.688687Z", "EventID": 1, "Computer": "DC01.pirate.htb", "RawEvent": {"#attributes": {"xmlns": "http://schemas.microsoft.com/win/2004/08/events/event"}, "System": {"Provider": {"#attributes": {"Name": "Microsoft-Windows-Kernel-General", "Guid": "A68CA8B7-004F-D7B6-A698-07E2DE0F1F5D"}}, "EventID": 1, "Version": 2, "Level": 4, "Task": 5, "Opcode": 0, "Keywords": "0x8000000000000010", "TimeCreated": {"#attributes": {"SystemTime": "2025-06-08T16:46:46.688687Z"}}, "EventRecordID": 1121, "Correlation": null, "Execution": {"#attributes": {"ProcessID": 3100, "ThreadID": 3308}}, "Channel": "System", "Computer": "DC01.pirate.htb", "Security": {"#attributes": {"UserID": "S-1-5-18"}}}, "EventData": {"NewTime": "2025-06-08T16:46:46.688000Z", "OldTime": "2025-06-08T16:34:35.220474Z", "Reason": 1, "ProcessName": "\\Device\\HarddiskVolume4\\Program Files\\VMware\\VMware Tools\\vmtoolsd.exe", "ProcessID": 3100}}},
{"TimeGenerated": "2025-06-08T16:46:46.729451Z", "EventID": 16654, "Computer": "DC01.pirate.htb", "RawEvent": {"#attributes": {"xmlns": "http://schemas.microsoft.com/win/2004/08/events/event"}, "System": {"Provider": {"#attributes": {"Name": "Microsoft-Windows-Directory-Services-SAM", "Guid": "0D4FDC09-8C27-494A-BDA0-505E4FD8ADAE"}}, "EventID": 16654, "Version": 0, "Level": 4, "Task": 0, "Opcode": 0, "Keywords": "0x8000000000000000", "TimeCreated": {"#attributes": {"SystemTime": "2025-06-08T16:46:46.729451Z"}}, "EventRecordID": 1122, "Correlation": {"#attributes": {"ActivityID": "CD70E5B4-D891-0000-7DE6-70CD91D8DB01"}}, "Execution": {"#attributes": {"ProcessID": 644, "ThreadID": 864}}, "Channel": "System", "Computer": "DC01.pirate.htb", "Security": {"#attributes": {"UserID": "S-1-5-18"}}}, "EventData": {"#attributes": {"Name": "SAMMSG_RID_POOL_INVALIDATED"}}}},
