{"TimeGenerated": "2025-06-09T14:15:11.519540Z", "EventID": 4013, "Computer": "DC01.pirate.htb", "RawEvent": {"#attributes": {"xmlns": "http://schemas.microsoft.com/win/2004/08/events/event"}, "System": {"Provider": {"#attributes": {"Name": "Microsoft-Windows-DNS-Server-Service", "Guid": "71A551F5-C893-4849-886B-B5EC8502641E"}}, "EventID": 4013, "Version": 0, "Level": 3, "Task": 0, "Opcode": 0, "Keywords": "0x8000000000020000", "TimeCreated": {"#attributes": {"SystemTime": "2025-06-09T14:15:11.519540Z"}}, "EventRecordID": 60, "Correlation": null, "Execution": {"#attributes": {"ProcessID": 2220, "ThreadID": 1884}}, "Channel": "DNS Server", "Computer": "DC01.pirate.htb", "Security": {"#attributes": {"UserID": "S-1-5-18"}}}, "EventData": {"#attributes": {"Name": "DNS_EVENT_DS_OPEN_WAIT"}}}},
{"TimeGenerated": "2025-06-09T14:15:14.203252Z", "EventID": 769, "Computer": "DC01.pirate.htb", "RawEvent": {"#attributes": {"xmlns": "http://schemas.microsoft.com/win/2004/08/events/event"}, "System": {"Provider": {"#attributes": {"Name": "Microsoft-Windows-DNS-Server-Service", "Guid": "71A551F5-C893-4849-886B-B5EC8502641E"}}, "EventID": 769, "Version": 0, "Level": 4, "Task": 0, "Opcode": 0, "Keywords": "0x8000000000000010", "TimeCreated": {"#attributes": {"SystemTime": "2025-06-09T14:15:14.203252Z"}}, "EventRecordID": 61, "Correlation": null, "Execution": {"#attributes": {"ProcessID": 2220, "ThreadID": 1884}}, "Channel": "DNS Server", "Computer": "DC01.pirate.htb", "Security": {"#attributes": {"UserID": "S-1-5-18"}}}, "EventData": {"#attributes": {"Name": "DNS_EVENT_ZONE_LOAD_OK"}, "param1": "_msdcs.pirate.htb", "param2": "NULL", "param3": "DC01.pirate.htb", "VirtualizationID": "."}}},
{"TimeGenerated": "2025-06-09T14:15:14.205464Z", "EventID": 769, "Computer": "DC01.pirate.htb", "RawEvent": {"#attributes": {"xmlns": "http://schemas.microsoft.com/win/2004/08/events/event"}, "System": {"Provider": {"#attributes": {"Name": "Microsoft-Windows-DNS-Server-Service", "Guid": "71A551F5-C893-4849-886B-B5EC8502641E"}}, "EventID": 769, "Version": 0, "Level": 4, "Task": 0, "Opcode": 0, "Keywords": "0x8000000000000010", "TimeCreated": {"#attributes": {"SystemTime": "2025-06-09T14:15:14.205464Z"}}, "EventRecordID": 62, "Correlation": null, "Execution": {"#attributes": {"ProcessID": 2220, "ThreadID": 1884}}, "Channel": "DNS Server", "Computer": "DC01.pirate.htb", "Security": {"#attributes": {"UserID": "S-1-5-18"}}}, "EventData": {"#attributes": {"Name": "DNS_EVENT_ZONE_LOAD_OK"}, "param1": "pirate.htb", "param2": "NULL", "param3": "DC01.pirate.htb", "VirtualizationID": "."}}},
{"TimeGenerated": "2025-06-09T14:15:14.207432Z", "EventID": 7648, "Computer": "DC01.pirate.htb", "RawEvent": {"#attributes": {"xmlns": "http://schemas.microsoft.com/win/2004/08/events/event"}, "System": {"Provider": {"#attributes": {"Name": "Microsoft-Windows-DNS-Server-Service", "Guid": "71A551F5-C893-4849-886B-B5EC8502641E"}}, "EventID": 7648, "Version": 0, "Level": 4, "Task": 0, "Opcode": 0, "Keywords": "0x8000000000000080", "TimeCreated": {"#attributes": {"SystemTime": "2025-06-09T14:15:14.207432Z"}}, "EventRecordID": 63, "Correlation": null, "Execution": {"#attributes": {"ProcessID": 2220, "ThreadID": 1884}}, "Channel": "DNS Server", "Computer": "DC01.pirate.htb", "Security": {"#attributes": {"UserID": "S-1-5-18"}}}, "EventData": {"#attributes": {"Name": "DNS_EVENT_DNSSEC_KEYMASTER_CHANGE_DETECTED"}, "param1": "pirate.htb", "param2": "DC01.pirate.htb", "Binary": null}}},
{"TimeGenerated": "2025-06-09T14:15:14.299713Z", "EventID": 2, "Computer": "DC01.pirate.htb", "RawEvent": {"#attributes": {"xmlns": "http://schemas.microsoft.com/win/2004/08/events/event"}, "System": {"Provider": {"#attributes": {"Name": "Microsoft-Windows-DNS-Server-Service", "Guid": "71A551F5-C893-4849-886B-B5EC8502641E"}}, "EventID": 2, "Version": 0, "Level": 4, "Task": 0, "Opcode": 0, "Keywords": "0x8000000000001000", "TimeCreated": {"#attributes": {"SystemTime": "2025-06-09T14:15:14.299713Z"}}, "EventRecordID": 64, "Correlation": null, "Execution": {"#attributes": {"ProcessID": 2220, "ThreadID": 1884}}, "Channel": "DNS Server", "Computer": "DC01.pirate.htb", "Security": {"#attributes": {"UserID": "S-1-5-18"}}}, "EventData": {"#attributes": {"Name": "DNS_EVENT_STARTUP_OK"}}}},
{"TimeGenerated": "2025-06-09T14:15:14.712219Z", "EventID": 4, "Computer": "DC01.pirate.htb", "RawEvent": {"#attributes": {"xmlns": "http://schemas.microsoft.com/win/2004/08/events/event"}, "System": {"Provider": {"#attributes": {"Name": "Microsoft-Windows-DNS-Server-Service", "Guid": "71A551F5-C893-4849-886B-B5EC8502641E"}}, "EventID": 4, "Version": 0, "Level": 4, "Task": 0, "Opcode": 0, "Keywords": "0x8000000000000010", "TimeCreated": {"#attributes": {"SystemTime": "2025-06-09T14:15:14.712219Z"}}, "EventRecordID": 65, "Correlation": null, "Execution": {"#attributes": {"ProcessID": 2220, "ThreadID": 4900}}, "Channel": "DNS Server", "Computer": "DC01.pirate.htb", "Security": {"#attributes": {"UserID": "S-1-5-18"}}}, "EventData": {"#attributes": {"Name": "DNS_EVENT_ZONE_LOAD_COMPLETE"}}}},
{"TimeGenerated": "2025-06-09T15:44:48.919814Z", "EventID": 3, "Computer": "DC01.pirate.htb", "RawEvent": {"#attributes": {"xmlns": "http://schemas.microsoft.com/win/2004/08/events/event"}, "System": {"Provider": {"#attributes": {"Name": "Microsoft-Windows-DNS-Server-Service", "Guid": "71A551F5-C893-4849-886B-B5EC8502641E"}}, "EventID": 3, "Version": 0, "Level": 4, "Task": 0, "Opcode": 0, "Keywords": "0x8000000000001000", "TimeCreated": {"#attributes": {"SystemTime": "2025-06-09T15:44:48.919814Z"}}, "EventRecordID": 66, "Correlation": null, "Execution": {"#attributes": {"ProcessID": 2220, "ThreadID": 1884}}, "Channel": "DNS Server", "Computer": "DC01.pirate.htb", "Security": {"#attributes": {"UserID": "S-1-5-18"}}}, "EventData": {"#attributes": {"Name": "DNS_EVENT_SHUTDOWN"}}}},
{"TimeGenerated": "2025-06-09T15:45:42.750162Z", "EventID": 7693, "Computer": "DC01.pirate.htb", "RawEvent": {"#attributes": {"xmlns": "http://schemas.microsoft.com/win/2004/08/events/event"}, "System": {"Provider": {"#attributes": {"Name": "Microsoft-Windows-DNS-Server-Service", "Guid": "71A551F5-C893-4849-886B-B5EC8502641E"}}, "EventID": 7693, "Version": 0, "Level": 4, "Task": 0, "Opcode": 0, "Keywords": "0x8000000000001000", "TimeCreated": {"#attributes": {"SystemTime": "2025-06-09T15:45:42.750162Z"}}, "EventRecordID": 67, "Correlation": null, "Execution": {"#attributes": {"ProcessID": 1064, "ThreadID": 408}}, "Channel": "DNS Server", "Computer": "DC01.pirate.htb", "Security": {"#attributes": {"UserID": "S-1-5-18"}}}, "EventData": {"#attributes": {"Name": "DNS_EVENT_SCOPE_EDNS_OPCODE_SET"}, "param1": 65433, "Binary": null}}},
{"TimeGenerated": "2025-06-09T15:45:48.157805Z", "EventID": 4013, "Computer": "DC01.pirate.htb", "RawEvent": {"#attributes": {"xmlns": "http://schemas.microsoft.com/win/2004/08/events/event"}, "System": {"Provider": {"#attributes": {"Name": "Microsoft-Windows-DNS-Server-Service", "Guid": "71A551F5-C893-4849-886B-B5EC8502641E"}}, "EventID": 4013, "Version": 0, "Level": 3, "Task": 0, "Opcode": 0, "Keywords": "0x8000000000020000", "TimeCreated": {"#attributes": {"SystemTime": "2025-06-09T15:45:48.157805Z"}}, "EventRecordID": 68, "Correlation": null, "Execution": {"#attributes": {"ProcessID": 1064, "ThreadID": 408}}, "Channel": "DNS Server", "Computer": "DC01.pirate.htb", "Security": {"#attributes": {"UserID": "S-1-5-18"}}}, "EventData": {"#attributes": {"Name": "DNS_EVENT_DS_OPEN_WAIT"}}}},
{"TimeGenerated": "2025-06-09T15:45:50.579307Z", "EventID": 769, "Computer": "DC01.pirate.htb", "RawEvent": {"#attributes": {"xmlns": "http://schemas.microsoft.com/win/2004/08/events/event"}, "System": {"Provider": {"#attributes": {"Name": "Microsoft-Windows-DNS-Server-Service", "Guid": "71A551F5-C893-4849-886B-B5EC8502641E"}}, "EventID": 769, "Version": 0, "Level": 4, "Task": 0, "Opcode": 0, "Keywords": "0x8000000000000010", "TimeCreated": {"#attributes": {"SystemTime": "2025-06-09T15:45:50.579307Z"}}, "EventRecordID": 69, "Correlation": null, "Execution": {"#attributes": {"ProcessID": 1064, "ThreadID": 408}}, "Channel": "DNS Server", "Computer": "DC01.pirate.htb", "Security": {"#attributes": {"UserID": "S-1-5-18"}}}, "EventData": {"#attributes": {"Name": "DNS_EVENT_ZONE_LOAD_OK"}, "param1": "_msdcs.pirate.htb", "param2": "NULL", "param3": "DC01.pirate.htb", "VirtualizationID": "."}}},
{"TimeGenerated": "2025-06-09T15:45:50.582458Z", "EventID": 769, "Computer": "DC01.pirate.htb", "RawEvent": {"#attributes": {"xmlns": "http://schemas.microsoft.com/win/2004/08/events/event"}, "System": {"Provider": {"#attributes": {"Name": "Microsoft-Windows-DNS-Server-Service", "Guid": "71A551F5-C893-4849-886B-B5EC8502641E"}}, "EventID": 769, "Version": 0, "Level": 4, "Task": 0, "Opcode": 0, "Keywords": "0x8000000000000010", "TimeCreated": {"#attributes": {"SystemTime": "2025-06-09T15:45:50.582458Z"}}, "EventRecordID": 70, "Correlation": null, "Execution": {"#attributes": {"ProcessID": 1064, "ThreadID": 408}}, "Channel": "DNS Server", "Computer": "DC01.pirate.htb", "Security": {"#attributes": {"UserID": "S-1-5-18"}}}, "EventData": {"#attributes": {"Name": "DNS_EVENT_ZONE_LOAD_OK"}, "param1": "pirate.htb", "param2": "NULL", "param3": "DC01.pirate.htb", "VirtualizationID": "."}}},
{"TimeGenerated": "2025-06-09T15:45:50.583413Z", "EventID": 769, "Computer": "DC01.pirate.htb", "RawEvent": {"#attributes": {"xmlns": "http://schemas.microsoft.com/win/2004/08/events/event"}, "System": {"Provider": {"#attributes": {"Name": "Microsoft-Windows-DNS-Server-Service", "Guid": "71A551F5-C893-4849-886B-B5EC8502641E"}}, "EventID": 769, "Version": 0, "Level": 4, "Task": 0, "Opcode": 0, "Keywords": "0x8000000000000010", "TimeCreated": {"#attributes": {"SystemTime": "2025-06-09T15:45:50.583413Z"}}, "EventRecordID": 71, "Correlation": null, "Execution": {"#attributes": {"ProcessID": 1064, "ThreadID": 408}}, "Channel": "DNS Server", "Computer": "DC01.pirate.htb", "Security": {"#attributes": {"UserID": "S-1-5-18"}}}, "EventData": {"#attributes": {"Name": "DNS_EVENT_ZONE_LOAD_OK"}, "param1": "TrustAnchors", "param2": "NULL", "param3": "DC01.pirate.htb", "VirtualizationID": "."}}},
{"TimeGenerated": "2025-06-09T15:45:50.585324Z", "EventID": 7648, "Computer": "DC01.pirate.htb", "RawEvent": {"#attributes": {"xmlns": "http://schemas.microsoft.com/win/2004/08/events/event"}, "System": {"Provider": {"#attributes": {"Name": "Microsoft-Windows-DNS-Server-Service", "Guid": "71A551F5-C893-4849-886B-B5EC8502641E"}}, "EventID": 7648, "Version": 0, "Level": 4, "Task": 0, "Opcode": 0, "Keywords": "0x8000000000000080", "TimeCreated": {"#attributes": {"SystemTime": "2025-06-09T15:45:50.585324Z"}}, "EventRecordID": 72, "Correlation": null, "Execution": {"#attributes": {"ProcessID": 1064, "ThreadID": 408}}, "Channel": "DNS Server", "Computer": "DC01.pirate.htb", "Security": {"#attributes": {"UserID": "S-1-5-18"}}}, "EventData": {"#attributes": {"Name": "DNS_EVENT_DNSSEC_KEYMASTER_CHANGE_DETECTED"}, "param1": "pirate.htb", "param2": "DC01.pirate.htb", "Binary": null}}},
{"TimeGenerated": "2025-06-09T15:45:50.734549Z", "EventID": 2, "Computer": "DC01.pirate.htb", "RawEvent": {"#attributes": {"xmlns": "http://schemas.microsoft.com/win/2004/08/events/event"}, "System": {"Provider": {"#attributes": {"Name": "Microsoft-Windows-DNS-Server-Service", "Guid": "71A551F5-C893-4849-886B-B5EC8502641E"}}, "EventID": 2, "Version": 0, "Level": 4, "Task": 0, "Opcode": 0, "Keywords": "0x8000000000001000", "TimeCreated": {"#attributes": {"SystemTime": "2025-06-09T15:45:50.734549Z"}}, "EventRecordID": 73, "Correlation": null, "Execution": {"#attributes": {"ProcessID": 1064, "ThreadID": 408}}, "Channel": "DNS Server", "Computer": "DC01.pirate.htb", "Security": {"#attributes": {"UserID": "S-1-5-18"}}}, "EventData": {"#attributes": {"Name": "DNS_EVENT_STARTUP_OK"}}}},
{"TimeGenerated": "2025-06-09T15:45:51.094381Z", "EventID": 4, "Computer": "DC01.pirate.htb", "RawEvent": {"#attributes": {"xmlns": "http://schemas.microsoft.com/win/2004/08/events/event"}, "System": {"Provider": {"#attributes": {"Name": "Microsoft-Windows-DNS-Server-Service", "Guid": "71A551F5-C893-4849-886B-B5EC8502641E"}}, "EventID": 4, "Version": 0, "Level": 4, "Task": 0, "Opcode": 0, "Keywords": "0x8000000000000010", "TimeCreated": {"#attributes": {"SystemTime": "2025-06-09T15:45:51.094381Z"}}, "EventRecordID": 74, "Correlation": null, "Execution": {"#attributes": {"ProcessID": 1064, "ThreadID": 4788}}, "Channel": "DNS Server", "Computer": "DC01.pirate.htb", "Security": {"#attributes": {"UserID": "S-1-5-18"}}}, "EventData": {"#attributes": {"Name": "DNS_EVENT_ZONE_LOAD_COMPLETE"}}}},
{"TimeGenerated": "2025-06-09T18:06:23.718319Z", "EventID": 3, "Computer": "DC01.pirate.htb", "RawEvent": {"#attributes": {"xmlns": "http://schemas.microsoft.com/win/2004/08/events/event"}, "System": {"Provider": {"#attributes": {"Name": "Microsoft-Windows-DNS-Server-Service", "Guid": "71A551F5-C893-4849-886B-B5EC8502641E"}}, "EventID": 3, "Version": 0, "Level": 4, "Task": 0, "Opcode": 0, "Keywords": "0x8000000000001000", "TimeCreated": {"#attributes": {"SystemTime": "2025-06-09T18:06:23.718319Z"}}, "EventRecordID": 75, "Correlation": null, "Execution": {"#attributes": {"ProcessID": 1064, "ThreadID": 408}}, "Channel": "DNS Server", "Computer": "DC01.pirate.htb", "Security": {"#attributes": {"UserID": "S-1-5-18"}}}, "EventData": {"#attributes": {"Name": "DNS_EVENT_SHUTDOWN"}}}},
{"TimeGenerated": "2025-06-10T13:53:11.082609Z", "EventID": 7693, "Computer": "DC01.pirate.htb", "RawEvent": {"#attributes": {"xmlns": "http://schemas.microsoft.com/win/2004/08/events/event"}, "System": {"Provider": {"#attributes": {"Name": "Microsoft-Windows-DNS-Server-Service", "Guid": "71A551F5-C893-4849-886B-B5EC8502641E"}}, "EventID": 7693, "Version": 0, "Level": 4, "Task": 0, "Opcode": 0, "Keywords": "0x8000000000001000", "TimeCreated": {"#attributes": {"SystemTime": "2025-06-10T13:53:11.082609Z"}}, "EventRecordID": 76, "Correlation": null, "Execution": {"#attributes": {"ProcessID": 1468, "ThreadID": 3180}}, "Channel": "DNS Server", "Computer": "DC01.pirate.htb", "Security": {"#attributes": {"UserID": "S-1-5-18"}}}, "EventData": {"#attributes": {"Name": "DNS_EVENT_SCOPE_EDNS_OPCODE_SET"}, "param1": 65433, "Binary": null}}},
{"TimeGenerated": "2025-06-10T13:53:16.347743Z", "EventID": 4013, "Computer": "DC01.pirate.htb", "RawEvent": {"#attributes": {"xmlns": "http://schemas.microsoft.com/win/2004/08/events/event"}, "System": {"Provider": {"#attributes": {"Name": "Microsoft-Windows-DNS-Server-Service", "Guid": "71A551F5-C893-4849-886B-B5EC8502641E"}}, "EventID": 4013, "Version": 0, "Level": 3, "Task": 0, "Opcode": 0, "Keywords": "0x8000000000020000", "TimeCreated": {"#attributes": {"SystemTime": "2025-06-10T13:53:16.347743Z"}}, "EventRecordID": 77, "Correlation": null, "Execution": {"#attributes": {"ProcessID": 1468, "ThreadID": 3180}}, "Channel": "DNS Server", "Computer": "DC01.pirate.htb", "Security": {"#attributes": {"UserID": "S-1-5-18"}}}, "EventData": {"#attributes": {"Name": "DNS_EVENT_DS_OPEN_WAIT"}}}},
{"TimeGenerated": "2025-06-10T13:53:19.385236Z", "EventID": 769, "Computer": "DC01.pirate.htb", "RawEvent": {"#attributes": {"xmlns": "http://schemas.microsoft.com/win/2004/08/events/event"}, "System": {"Provider": {"#attributes": {"Name": "Microsoft-Windows-DNS-Server-Service", "Guid": "71A551F5-C893-4849-886B-B5EC8502641E"}}, "EventID": 769, "Version": 0, "Level": 4, "Task": 0, "Opcode": 0, "Keywords": "0x8000000000000010", "TimeCreated": {"#attributes": {"SystemTime": "2025-06-10T13:53:19.385236Z"}}, "EventRecordID": 78, "Correlation": null, "Execution": {"#attributes": {"ProcessID": 1468, "ThreadID": 3180}}, "Channel": "DNS Server", "Computer": "DC01.pirate.htb", "Security": {"#attributes": {"UserID": "S-1-5-18"}}}, "EventData": {"#attributes": {"Name": "DNS_EVENT_ZONE_LOAD_OK"}, "param1": "_msdcs.pirate.htb", "param2": "NULL", "param3": "DC01.pirate.htb", "VirtualizationID": "."}}},
{"TimeGenerated": "2025-06-10T13:53:19.388025Z", "EventID": 769, "Computer": "DC01.pirate.htb", "RawEvent": {"#attributes": {"xmlns": "http://schemas.microsoft.com/win/2004/08/events/event"}, "System": {"Provider": {"#attributes": {"Name": "Microsoft-Windows-DNS-Server-Service", "Guid": "71A551F5-C893-4849-886B-B5EC8502641E"}}, "EventID": 769, "Version": 0, "Level": 4, "Task": 0, "Opcode": 0, "Keywords": "0x8000000000000010", "TimeCreated": {"#attributes": {"SystemTime": "2025-06-10T13:53:19.388025Z"}}, "EventRecordID": 79, "Correlation": null, "Execution": {"#attributes": {"ProcessID": 1468, "ThreadID": 3180}}, "Channel": "DNS Server", "Computer": "DC01.pirate.htb", "Security": {"#attributes": {"UserID": "S-1-5-18"}}}, "EventData": {"#attributes": {"Name": "DNS_EVENT_ZONE_LOAD_OK"}, "param1": "pirate.htb", "param2": "NULL", "param3": "DC01.pirate.htb", "VirtualizationID": "."}}},
{"TimeGenerated": "2025-06-10T13:53:19.388956Z", "EventID": 769, "Computer": "DC01.pirate.htb", "RawEvent": {"#attributes": {"xmlns": "http://schemas.microsoft.com/win/2004/08/events/event"}, "System": {"Provider": {"#attributes": {"Name": "Microsoft-Windows-DNS-Server-Service", "Guid": "71A551F5-C893-4849-886B-B5EC8502641E"}}, "EventID": 769, "Version": 0, "Level": 4, "Task": 0, "Opcode": 0, "Keywords": "0x8000000000000010", "TimeCreated": {"#attributes": {"SystemTime": "2025-06-10T13:53:19.388956Z"}}, "EventRecordID": 80, "Correlation": null, "Execution": {"#attributes": {"ProcessID": 1468, "ThreadID": 3180}}, "Channel": "DNS Server", "Computer": "DC01.pirate.htb", "Security": {"#attributes": {"UserID": "S-1-5-18"}}}, "EventData": {"#attributes": {"Name": "DNS_EVENT_ZONE_LOAD_OK"}, "param1": "TrustAnchors", "param2": "NULL", "param3": "DC01.pirate.htb", "VirtualizationID": "."}}},
{"TimeGenerated": "2025-06-10T13:53:19.391282Z", "EventID": 7648, "Computer": "DC01.pirate.htb", "RawEvent": {"#attributes": {"xmlns": "http://schemas.microsoft.com/win/2004/08/events/event"}, "System": {"Provider": {"#attributes": {"Name": "Microsoft-Windows-DNS-Server-Service", "Guid": "71A551F5-C893-4849-886B-B5EC8502641E"}}, "EventID": 7648, "Version": 0, "Level": 4, "Task": 0, "Opcode": 0, "Keywords": "0x8000000000000080", "TimeCreated": {"#attributes": {"SystemTime": "2025-06-10T13:53:19.391282Z"}}, "EventRecordID": 81, "Correlation": null, "Execution": {"#attributes": {"ProcessID": 1468, "ThreadID": 3180}}, "Channel": "DNS Server", "Computer": "DC01.pirate.htb", "Security": {"#attributes": {"UserID": "S-1-5-18"}}}, "EventData": {"#attributes": {"Name": "DNS_EVENT_DNSSEC_KEYMASTER_CHANGE_DETECTED"}, "param1": "pirate.htb", "param2": "DC01.pirate.htb", "Binary": null}}},
{"TimeGenerated": "2025-06-10T13:53:19.536116Z", "EventID": 2, "Computer": "DC01.pirate.htb", "RawEvent": {"#attributes": {"xmlns": "http://schemas.microsoft.com/win/2004/08/events/event"}, "System": {"Provider": {"#attributes": {"Name": "Microsoft-Windows-DNS-Server-Service", "Guid": "71A551F5-C893-4849-886B-B5EC8502641E"}}, "EventID": 2, "Version": 0, "Level": 4, "Task": 0, "Opcode": 0, "Keywords": "0x8000000000001000", "TimeCreated": {"#attributes": {"SystemTime": "2025-06-10T13:53:19.536116Z"}}, "EventRecordID": 82, "Correlation": null, "Execution": {"#attributes": {"ProcessID": 1468, "ThreadID": 3180}}, "Channel": "DNS Server", "Computer": "DC01.pirate.htb", "Security": {"#attributes": {"UserID": "S-1-5-18"}}}, "EventData": {"#attributes": {"Name": "DNS_EVENT_STARTUP_OK"}}}},
{"TimeGenerated": "2025-06-10T13:53:19.907712Z", "EventID": 4, "Computer": "DC01.pirate.htb", "RawEvent": {"#attributes": {"xmlns": "http://schemas.microsoft.com/win/2004/08/events/event"}, "System": {"Provider": {"#attributes": {"Name": "Microsoft-Windows-DNS-Server-Service", "Guid": "71A551F5-C893-4849-886B-B5EC8502641E"}}, "EventID": 4, "Version": 0, "Level": 4, "Task": 0, "Opcode": 0, "Keywords": "0x8000000000000010", "TimeCreated": {"#attributes": {"SystemTime": "2025-06-10T13:53:19.907712Z"}}, "EventRecordID": 83, "Correlation": null, "Execution": {"#attributes": {"ProcessID": 1468, "ThreadID": 4932}}, "Channel": "DNS Server", "Computer": "DC01.pirate.htb", "Security": {"#attributes": {"UserID": "S-1-5-18"}}}, "EventData": {"#attributes": {"Name": "DNS_EVENT_ZONE_LOAD_COMPLETE"}}}},
{"TimeGenerated": "2025-06-10T15:54:42.852135Z", "EventID": 3, "Computer": "DC01.pirate.htb", "RawEvent": {"#attributes": {"xmlns": "http://schemas.microsoft.com/win/2004/08/events/event"}, "System": {"Provider": {"#attributes": {"Name": "Microsoft-Windows-DNS-Server-Service", "Guid": "71A551F5-C893-4849-886B-B5EC8502641E"}}, "EventID": 3, "Version": 0, "Level": 4, "Task": 0, "Opcode": 0, "Keywords": "0x8000000000001000", "TimeCreated": {"#attributes": {"SystemTime": "2025-06-10T15:54:42.852135Z"}}, "EventRecordID": 84, "Correlation": null, "Execution": {"#attributes": {"ProcessID": 1468, "ThreadID": 3180}}, "Channel": "DNS Server", "Computer": "DC01.pirate.htb", "Security": {"#attributes": {"UserID": "S-1-5-18"}}}, "EventData": {"#attributes": {"Name": "DNS_EVENT_SHUTDOWN"}}}},
{"TimeGenerated": "2025-06-11T13:25:12.706803Z", "EventID": 7693, "Computer": "DC01.pirate.htb", "RawEvent": {"#attributes": {"xmlns": "http://schemas.microsoft.com/win/2004/08/events/event"}, "System": {"Provider": {"#attributes": {"Name": "Microsoft-Windows-DNS-Server-Service", "Guid": "71A551F5-C893-4849-886B-B5EC8502641E"}}, "EventID": 7693, "Version": 0, "Level": 4, "Task": 0, "Opcode": 0, "Keywords": "0x8000000000001000", "TimeCreated": {"#attributes": {"SystemTime": "2025-06-11T13:25:12.706803Z"}}, "EventRecordID": 85, "Correlation": null, "Execution": {"#attributes": {"ProcessID": 1184, "ThreadID": 2552}}, "Channel": "DNS Server", "Computer": "DC01.pirate.htb", "Security": {"#attributes": {"UserID": "S-1-5-18"}}}, "EventData": {"#attributes": {"Name": "DNS_EVENT_SCOPE_EDNS_OPCODE_SET"}, "param1": 65433, "Binary": null}}},
{"TimeGenerated": "2025-06-11T13:25:18.152732Z", "EventID": 4013, "Computer": "DC01.pirate.htb", "RawEvent": {"#attributes": {"xmlns": "http://schemas.microsoft.com/win/2004/08/events/event"}, "System": {"Provider": {"#attributes": {"Name": "Microsoft-Windows-DNS-Server-Service", "Guid": "71A551F5-C893-4849-886B-B5EC8502641E"}}, "EventID": 4013, "Version": 0, "Level": 3, "Task": 0, "Opcode": 0, "Keywords": "0x8000000000020000", "TimeCreated": {"#attributes": {"SystemTime": "2025-06-11T13:25:18.152732Z"}}, "EventRecordID": 86, "Correlation": null, "Execution": {"#attributes": {"ProcessID": 1184, "ThreadID": 2552}}, "Channel": "DNS Server", "Computer": "DC01.pirate.htb", "Security": {"#attributes": {"UserID": "S-1-5-18"}}}, "EventData": {"#attributes": {"Name": "DNS_EVENT_DS_OPEN_WAIT"}}}},
{"TimeGenerated": "2025-06-11T13:25:20.582005Z", "EventID": 769, "Computer": "DC01.pirate.htb", "RawEvent": {"#attributes": {"xmlns": "http://schemas.microsoft.com/win/2004/08/events/event"}, "System": {"Provider": {"#attributes": {"Name": "Microsoft-Windows-DNS-Server-Service", "Guid": "71A551F5-C893-4849-886B-B5EC8502641E"}}, "EventID": 769, "Version": 0, "Level": 4, "Task": 0, "Opcode": 0, "Keywords": "0x8000000000000010", "TimeCreated": {"#attributes": {"SystemTime": "2025-06-11T13:25:20.582005Z"}}, "EventRecordID": 87, "Correlation": null, "Execution": {"#attributes": {"ProcessID": 1184, "ThreadID": 2552}}, "Channel": "DNS Server", "Computer": "DC01.pirate.htb", "Security": {"#attributes": {"UserID": "S-1-5-18"}}}, "EventData": {"#attributes": {"Name": "DNS_EVENT_ZONE_LOAD_OK"}, "param1": "_msdcs.pirate.htb", "param2": "NULL", "param3": "DC01.pirate.htb", "VirtualizationID": "."}}},
{"TimeGenerated": "2025-06-11T13:25:20.584620Z", "EventID": 769, "Computer": "DC01.pirate.htb", "RawEvent": {"#attributes": {"xmlns": "http://schemas.microsoft.com/win/2004/08/events/event"}, "System": {"Provider": {"#attributes": {"Name": "Microsoft-Windows-DNS-Server-Service", "Guid": "71A551F5-C893-4849-886B-B5EC8502641E"}}, "EventID": 769, "Version": 0, "Level": 4, "Task": 0, "Opcode": 0, "Keywords": "0x8000000000000010", "TimeCreated": {"#attributes": {"SystemTime": "2025-06-11T13:25:20.584620Z"}}, "EventRecordID": 88, "Correlation": null, "Execution": {"#attributes": {"ProcessID": 1184, "ThreadID": 2552}}, "Channel": "DNS Server", "Computer": "DC01.pirate.htb", "Security": {"#attributes": {"UserID": "S-1-5-18"}}}, "EventData": {"#attributes": {"Name": "DNS_EVENT_ZONE_LOAD_OK"}, "param1": "pirate.htb", "param2": "NULL", "param3": "DC01.pirate.htb", "VirtualizationID": "."}}},
{"TimeGenerated": "2025-06-11T13:25:20.585634Z", "EventID": 769, "Computer": "DC01.pirate.htb", "RawEvent": {"#attributes": {"xmlns": "http://schemas.microsoft.com/win/2004/08/events/event"}, "System": {"Provider": {"#attributes": {"Name": "Microsoft-Windows-DNS-Server-Service", "Guid": "71A551F5-C893-4849-886B-B5EC8502641E"}}, "EventID": 769, "Version": 0, "Level": 4, "Task": 0, "Opcode": 0, "Keywords": "0x8000000000000010", "TimeCreated": {"#attributes": {"SystemTime": "2025-06-11T13:25:20.585634Z"}}, "EventRecordID": 89, "Correlation": null, "Execution": {"#attributes": {"ProcessID": 1184, "ThreadID": 2552}}, "Channel": "DNS Server", "Computer": "DC01.pirate.htb", "Security": {"#attributes": {"UserID": "S-1-5-18"}}}, "EventData": {"#attributes": {"Name": "DNS_EVENT_ZONE_LOAD_OK"}, "param1": "TrustAnchors", "param2": "NULL", "param3": "DC01.pirate.htb", "VirtualizationID": "."}}},
{"TimeGenerated": "2025-06-11T13:25:20.587867Z", "EventID": 7648, "Computer": "DC01.pirate.htb", "RawEvent": {"#attributes": {"xmlns": "http://schemas.microsoft.com/win/2004/08/events/event"}, "System": {"Provider": {"#attributes": {"Name": "Microsoft-Windows-DNS-Server-Service", "Guid": "71A551F5-C893-4849-886B-B5EC8502641E"}}, "EventID": 7648, "Version": 0, "Level": 4, "Task": 0, "Opcode": 0, "Keywords": "0x8000000000000080", "TimeCreated": {"#attributes": {"SystemTime": "2025-06-11T13:25:20.587867Z"}}, "EventRecordID": 90, "Correlation": null, "Execution": {"#attributes": {"ProcessID": 1184, "ThreadID": 2552}}, "Channel": "DNS Server", "Computer": "DC01.pirate.htb", "Security": {"#attributes": {"UserID": "S-1-5-18"}}}, "EventData": {"#attributes": {"Name": "DNS_EVENT_DNSSEC_KEYMASTER_CHANGE_DETECTED"}, "param1": "pirate.htb", "param2": "DC01.pirate.htb", "Binary": null}}},
{"TimeGenerated": "2025-06-11T13:25:20.733846Z", "EventID": 2, "Computer": "DC01.pirate.htb", "RawEvent": {"#attributes": {"xmlns": "http://schemas.microsoft.com/win/2004/08/events/event"}, "System": {"Provider": {"#attributes": {"Name": "Microsoft-Windows-DNS-Server-Service", "Guid": "71A551F5-C893-4849-886B-B5EC8502641E"}}, "EventID": 2, "Version": 0, "Level": 4, "Task": 0, "Opcode": 0, "Keywords": "0x8000000000001000", "TimeCreated": {"#attributes": {"SystemTime": "2025-06-11T13:25:20.733846Z"}}, "EventRecordID": 91, "Correlation": null, "Execution": {"#attributes": {"ProcessID": 1184, "ThreadID": 2552}}, "Channel": "DNS Server", "Computer": "DC01.pirate.htb", "Security": {"#attributes": {"UserID": "S-1-5-18"}}}, "EventData": {"#attributes": {"Name": "DNS_EVENT_STARTUP_OK"}}}},
{"TimeGenerated": "2025-06-11T13:25:21.105916Z", "EventID": 4, "Computer": "DC01.pirate.htb", "RawEvent": {"#attributes": {"xmlns": "http://schemas.microsoft.com/win/2004/08/events/event"}, "System": {"Provider": {"#attributes": {"Name": "Microsoft-Windows-DNS-Server-Service", "Guid": "71A551F5-C893-4849-886B-B5EC8502641E"}}, "EventID": 4, "Version": 0, "Level": 4, "Task": 0, "Opcode": 0, "Keywords": "0x8000000000000010", "TimeCreated": {"#attributes": {"SystemTime": "2025-06-11T13:25:21.105916Z"}}, "EventRecordID": 92, "Correlation": null, "Execution": {"#attributes": {"ProcessID": 1184, "ThreadID": 4772}}, "Channel": "DNS Server", "Computer": "DC01.pirate.htb", "Security": {"#attributes": {"UserID": "S-1-5-18"}}}, "EventData": {"#attributes": {"Name": "DNS_EVENT_ZONE_LOAD_COMPLETE"}}}},
{"TimeGenerated": "2025-06-11T17:17:49.820718Z", "EventID": 3, "Computer": "DC01.pirate.htb", "RawEvent": {"#attributes": {"xmlns": "http://schemas.microsoft.com/win/2004/08/events/event"}, "System": {"Provider": {"#attributes": {"Name": "Microsoft-Windows-DNS-Server-Service", "Guid": "71A551F5-C893-4849-886B-B5EC8502641E"}}, "EventID": 3, "Version": 0, "Level": 4, "Task": 0, "Opcode": 0, "Keywords": "0x8000000000001000", "TimeCreated": {"#attributes": {"SystemTime": "2025-06-11T17:17:49.820718Z"}}, "EventRecordID": 93, "Correlation": null, "Execution": {"#attributes": {"ProcessID": 1184, "ThreadID": 2552}}, "Channel": "DNS Server", "Computer": "DC01.pirate.htb", "Security": {"#attributes": {"UserID": "S-1-5-18"}}}, "EventData": {"#attributes": {"Name": "DNS_EVENT_SHUTDOWN"}}}},
{"TimeGenerated": "2025-07-29T03:59:07.257215Z", "EventID": 7693, "Computer": "DC01.pirate.htb", "RawEvent": {"#attributes": {"xmlns": "http://schemas.microsoft.com/win/2004/08/events/event"}, "System": {"Provider": {"#attributes": {"Name": "Microsoft-Windows-DNS-Server-Service", "Guid": "71A551F5-C893-4849-886B-B5EC8502641E"}}, "EventID": 7693, "Version": 0, "Level": 4, "Task": 0, "Opcode": 0, "Keywords": "0x8000000000001000", "TimeCreated": {"#attributes": {"SystemTime": "2025-07-29T03:59:07.257215Z"}}, "EventRecordID": 94, "Correlation": null, "Execution": {"#attributes": {"ProcessID": 2988, "ThreadID": 1536}}, "Channel": "DNS Server", "Computer": "DC01.pirate.htb", "Security": {"#attributes": {"UserID": "S-1-5-18"}}}, "EventData": {"#attributes": {"Name": "DNS_EVENT_SCOPE_EDNS_OPCODE_SET"}, "param1": 65433, "Binary": null}}},
{"TimeGenerated": "2025-07-29T03:59:12.745532Z", "EventID": 4013, "Computer": "DC01.pirate.htb", "RawEvent": {"#attributes": {"xmlns": "http://schemas.microsoft.com/win/2004/08/events/event"}, "System": {"Provider": {"#attributes": {"Name": "Microsoft-Windows-DNS-Server-Service", "Guid": "71A551F5-C893-4849-886B-B5EC8502641E"}}, "EventID": 4013, "Version": 0, "Level": 3, "Task": 0, "Opcode": 0, "Keywords": "0x8000000000020000", "TimeCreated": {"#attributes": {"SystemTime": "2025-07-29T03:59:12.745532Z"}}, "EventRecordID": 95, "Correlation": null, "Execution": {"#attributes": {"ProcessID": 2988, "ThreadID": 1536}}, "Channel": "DNS Server", "Computer": "DC01.pirate.htb", "Security": {"#attributes": {"UserID": "S-1-5-18"}}}, "EventData": {"#attributes": {"Name": "DNS_EVENT_DS_OPEN_WAIT"}}}},
{"TimeGenerated": "2025-07-29T03:59:16.005023Z", "EventID": 407, "Computer": "DC01.pirate.htb", "RawEvent": {"#attributes": {"xmlns": "http://schemas.microsoft.com/win/2004/08/events/event"}, "System": {"Provider": {"#attributes": {"Name": "Microsoft-Windows-DNS-Server-Service", "Guid": "71A551F5-C893-4849-886B-B5EC8502641E"}}, "EventID": 407, "Version": 0, "Level": 2, "Task": 0, "Opcode": 0, "Keywords": "0x8000000000100000", "TimeCreated": {"#attributes": {"SystemTime": "2025-07-29T03:59:16.005023Z"}}, "EventRecordID": 96, "Correlation": null, "Execution": {"#attributes": {"ProcessID": 2988, "ThreadID": 3400}}, "Channel": "DNS Server", "Computer": "DC01.pirate.htb", "Security": {"#attributes": {"UserID": "S-1-5-18"}}}, "EventData": {"#attributes": {"Name": "DNS_EVENT_CANNOT_BIND_UDP_SOCKET"}, "param1": "169.254.38.24", "Binary": "41270000"}}},
{"TimeGenerated": "2025-07-29T03:59:16.005184Z", "EventID": 408, "Computer": "DC01.pirate.htb", "RawEvent": {"#attributes": {"xmlns": "http://schemas.microsoft.com/win/2004/08/events/event"}, "System": {"Provider": {"#attributes": {"Name": "Microsoft-Windows-DNS-Server-Service", "Guid": "71A551F5-C893-4849-886B-B5EC8502641E"}}, "EventID": 408, "Version": 0, "Level": 2, "Task": 0, "Opcode": 0, "Keywords": "0x8000000000100000", "TimeCreated": {"#attributes": {"SystemTime": "2025-07-29T03:59:16.005184Z"}}, "EventRecordID": 97, "Correlation": null, "Execution": {"#attributes": {"ProcessID": 2988, "ThreadID": 3400}}, "Channel": "DNS Server", "Computer": "DC01.pirate.htb", "Security": {"#attributes": {"UserID": "S-1-5-18"}}}, "EventData": {"#attributes": {"Name": "DNS_EVENT_OPEN_SOCKET_FOR_ADDRESS"}, "param1": "169.254.38.24", "Binary": null}}},
{"TimeGenerated": "2025-07-29T03:59:16.006012Z", "EventID": 404, "Computer": "DC01.pirate.htb", "RawEvent": {"#attributes": {"xmlns": "http://schemas.microsoft.com/win/2004/08/events/event"}, "System": {"Provider": {"#attributes": {"Name": "Microsoft-Windows-DNS-Server-Service", "Guid": "71A551F5-C893-4849-886B-B5EC8502641E"}}, "EventID": 404, "Version": 0, "Level": 2, "Task": 0, "Opcode": 0, "Keywords": "0x8000000000100000", "TimeCreated": {"#attributes": {"SystemTime": "2025-07-29T03:59:16.006012Z"}}, "EventRecordID": 98, "Correlation": null, "Execution": {"#attributes": {"ProcessID": 2988, "ThreadID": 3400}}, "Channel": "DNS Server", "Computer": "DC01.pirate.htb", "Security": {"#attributes": {"UserID": "S-1-5-18"}}}, "EventData": {"#attributes": {"Name": "DNS_EVENT_CANNOT_BIND_TCP_SOCKET"}, "param1": "169.254.38.24", "Binary": "41270000"}}},
{"TimeGenerated": "2025-07-29T03:59:16.006017Z", "EventID": 408, "Computer": "DC01.pirate.htb", "RawEvent": {"#attributes": {"xmlns": "http://schemas.microsoft.com/win/2004/08/events/event"}, "System": {"Provider": {"#attributes": {"Name": "Microsoft-Windows-DNS-Server-Service", "Guid": "71A551F5-C893-4849-886B-B5EC8502641E"}}, "EventID": 408, "Version": 0, "Level": 2, "Task": 0, "Opcode": 0, "Keywords": "0x8000000000100000", "TimeCreated": {"#attributes": {"SystemTime": "2025-07-29T03:59:16.006017Z"}}, "EventRecordID": 99, "Correlation": null, "Execution": {"#attributes": {"ProcessID": 2988, "ThreadID": 3400}}, "Channel": "DNS Server", "Computer": "DC01.pirate.htb", "Security": {"#attributes": {"UserID": "S-1-5-18"}}}, "EventData": {"#attributes": {"Name": "DNS_EVENT_OPEN_SOCKET_FOR_ADDRESS"}, "param1": "169.254.38.24", "Binary": null}}},
{"TimeGenerated": "2025-07-29T03:59:30.419531Z", "EventID": 769, "Computer": "DC01.pirate.htb", "RawEvent": {"#attributes": {"xmlns": "http://schemas.microsoft.com/win/2004/08/events/event"}, "System": {"Provider": {"#attributes": {"Name": "Microsoft-Windows-DNS-Server-Service", "Guid": "71A551F5-C893-4849-886B-B5EC8502641E"}}, "EventID": 769, "Version": 0, "Level": 4, "Task": 0, "Opcode": 0, "Keywords": "0x8000000000000010", "TimeCreated": {"#attributes": {"SystemTime": "2025-07-29T03:59:30.419531Z"}}, "EventRecordID": 100, "Correlation": null, "Execution": {"#attributes": {"ProcessID": 2988, "ThreadID": 1536}}, "Channel": "DNS Server", "Computer": "DC01.pirate.htb", "Security": {"#attributes": {"UserID": "S-1-5-18"}}}, "EventData": {"#attributes": {"Name": "DNS_EVENT_ZONE_LOAD_OK"}, "param1": "_msdcs.pirate.htb", "param2": "NULL", "param3": "DC01.pirate.htb", "VirtualizationID": "."}}},
{"TimeGenerated": "2025-07-29T03:59:30.444710Z", "EventID": 769, "Computer": "DC01.pirate.htb", "RawEvent": {"#attributes": {"xmlns": "http://schemas.microsoft.com/win/2004/08/events/event"}, "System": {"Provider": {"#attributes": {"Name": "Microsoft-Windows-DNS-Server-Service", "Guid": "71A551F5-C893-4849-886B-B5EC8502641E"}}, "EventID": 769, "Version": 0, "Level": 4, "Task": 0, "Opcode": 0, "Keywords": "0x8000000000000010", "TimeCreated": {"#attributes": {"SystemTime": "2025-07-29T03:59:30.444710Z"}}, "EventRecordID": 101, "Correlation": null, "Execution": {"#attributes": {"ProcessID": 2988, "ThreadID": 1536}}, "Channel": "DNS Server", "Computer": "DC01.pirate.htb", "Security": {"#attributes": {"UserID": "S-1-5-18"}}}, "EventData": {"#attributes": {"Name": "DNS_EVENT_ZONE_LOAD_OK"}, "param1": "pirate.htb", "param2": "NULL", "param3": "DC01.pirate.htb", "VirtualizationID": "."}}},
{"TimeGenerated": "2025-07-29T03:59:30.448051Z", "EventID": 769, "Computer": "DC01.pirate.htb", "RawEvent": {"#attributes": {"xmlns": "http://schemas.microsoft.com/win/2004/08/events/event"}, "System": {"Provider": {"#attributes": {"Name": "Microsoft-Windows-DNS-Server-Service", "Guid": "71A551F5-C893-4849-886B-B5EC8502641E"}}, "EventID": 769, "Version": 0, "Level": 4, "Task": 0, "Opcode": 0, "Keywords": "0x8000000000000010", "TimeCreated": {"#attributes": {"SystemTime": "2025-07-29T03:59:30.448051Z"}}, "EventRecordID": 102, "Correlation": null, "Execution": {"#attributes": {"ProcessID": 2988, "ThreadID": 1536}}, "Channel": "DNS Server", "Computer": "DC01.pirate.htb", "Security": {"#attributes": {"UserID": "S-1-5-18"}}}, "EventData": {"#attributes": {"Name": "DNS_EVENT_ZONE_LOAD_OK"}, "param1": "TrustAnchors", "param2": "NULL", "param3": "DC01.pirate.htb", "VirtualizationID": "."}}},
{"TimeGenerated": "2025-07-29T03:59:30.453703Z", "EventID": 7648, "Computer": "DC01.pirate.htb", "RawEvent": {"#attributes": {"xmlns": "http://schemas.microsoft.com/win/2004/08/events/event"}, "System": {"Provider": {"#attributes": {"Name": "Microsoft-Windows-DNS-Server-Service", "Guid": "71A551F5-C893-4849-886B-B5EC8502641E"}}, "EventID": 7648, "Version": 0, "Level": 4, "Task": 0, "Opcode": 0, "Keywords": "0x8000000000000080", "TimeCreated": {"#attributes": {"SystemTime": "2025-07-29T03:59:30.453703Z"}}, "EventRecordID": 103, "Correlation": null, "Execution": {"#attributes": {"ProcessID": 2988, "ThreadID": 1536}}, "Channel": "DNS Server", "Computer": "DC01.pirate.htb", "Security": {"#attributes": {"UserID": "S-1-5-18"}}}, "EventData": {"#attributes": {"Name": "DNS_EVENT_DNSSEC_KEYMASTER_CHANGE_DETECTED"}, "param1": "pirate.htb", "param2": "DC01.pirate.htb", "Binary": null}}},
{"TimeGenerated": "2025-07-29T03:59:30.471386Z", "EventID": 2, "Computer": "DC01.pirate.htb", "RawEvent": {"#attributes": {"xmlns": "http://schemas.microsoft.com/win/2004/08/events/event"}, "System": {"Provider": {"#attributes": {"Name": "Microsoft-Windows-DNS-Server-Service", "Guid": "71A551F5-C893-4849-886B-B5EC8502641E"}}, "EventID": 2, "Version": 0, "Level": 4, "Task": 0, "Opcode": 0, "Keywords": "0x8000000000001000", "TimeCreated": {"#attributes": {"SystemTime": "2025-07-29T03:59:30.471386Z"}}, "EventRecordID": 104, "Correlation": null, "Execution": {"#attributes": {"ProcessID": 2988, "ThreadID": 1536}}, "Channel": "DNS Server", "Computer": "DC01.pirate.htb", "Security": {"#attributes": {"UserID": "S-1-5-18"}}}, "EventData": {"#attributes": {"Name": "DNS_EVENT_STARTUP_OK"}}}},
{"TimeGenerated": "2025-07-29T03:59:31.272480Z", "EventID": 4, "Computer": "DC01.pirate.htb", "RawEvent": {"#attributes": {"xmlns": "http://schemas.microsoft.com/win/2004/08/events/event"}, "System": {"Provider": {"#attributes": {"Name": "Microsoft-Windows-DNS-Server-Service", "Guid": "71A551F5-C893-4849-886B-B5EC8502641E"}}, "EventID": 4, "Version": 0, "Level": 4, "Task": 0, "Opcode": 0, "Keywords": "0x8000000000000010", "TimeCreated": {"#attributes": {"SystemTime": "2025-07-29T03:59:31.272480Z"}}, "EventRecordID": 105, "Correlation": null, "Execution": {"#attributes": {"ProcessID": 2988, "ThreadID": 4896}}, "Channel": "DNS Server", "Computer": "DC01.pirate.htb", "Security": {"#attributes": {"UserID": "S-1-5-18"}}}, "EventData": {"#attributes": {"Name": "DNS_EVENT_ZONE_LOAD_COMPLETE"}}}},
{"TimeGenerated": "2025-07-29T04:00:18.824890Z", "EventID": 407, "Computer": "DC01.pirate.htb", "RawEvent": {"#attributes": {"xmlns": "http://schemas.microsoft.com/win/2004/08/events/event"}, "System": {"Provider": {"#attributes": {"Name": "Microsoft-Windows-DNS-Server-Service", "Guid": "71A551F5-C893-4849-886B-B5EC8502641E"}}, "EventID": 407, "Version": 0, "Level": 2, "Task": 0, "Opcode": 0, "Keywords": "0x8000000000100000", "TimeCreated": {"#attributes": {"SystemTime": "2025-07-29T04:00:18.824890Z"}}, "EventRecordID": 106, "Correlation": null, "Execution": {"#attributes": {"ProcessID": 2988, "ThreadID": 3400}}, "Channel": "DNS Server", "Computer": "DC01.pirate.htb", "Security": {"#attributes": {"UserID": "S-1-5-18"}}}, "EventData": {"#attributes": {"Name": "DNS_EVENT_CANNOT_BIND_UDP_SOCKET"}, "param1": "10.10.11.85", "Binary": "41270000"}}},
{"TimeGenerated": "2025-07-29T04:00:18.824894Z", "EventID": 408, "Computer": "DC01.pirate.htb", "RawEvent": {"#attributes": {"xmlns": "http://schemas.microsoft.com/win/2004/08/events/event"}, "System": {"Provider": {"#attributes": {"Name": "Microsoft-Windows-DNS-Server-Service", "Guid": "71A551F5-C893-4849-886B-B5EC8502641E"}}, "EventID": 408, "Version": 0, "Level": 2, "Task": 0, "Opcode": 0, "Keywords": "0x8000000000100000", "TimeCreated": {"#attributes": {"SystemTime": "2025-07-29T04:00:18.824894Z"}}, "EventRecordID": 107, "Correlation": null, "Execution": {"#attributes": {"ProcessID": 2988, "ThreadID": 3400}}, "Channel": "DNS Server", "Computer": "DC01.pirate.htb", "Security": {"#attributes": {"UserID": "S-1-5-18"}}}, "EventData": {"#attributes": {"Name": "DNS_EVENT_OPEN_SOCKET_FOR_ADDRESS"}, "param1": "10.10.11.85", "Binary": null}}},
{"TimeGenerated": "2025-07-29T04:00:18.825291Z", "EventID": 404, "Computer": "DC01.pirate.htb", "RawEvent": {"#attributes": {"xmlns": "http://schemas.microsoft.com/win/2004/08/events/event"}, "System": {"Provider": {"#attributes": {"Name": "Microsoft-Windows-DNS-Server-Service", "Guid": "71A551F5-C893-4849-886B-B5EC8502641E"}}, "EventID": 404, "Version": 0, "Level": 2, "Task": 0, "Opcode": 0, "Keywords": "0x8000000000100000", "TimeCreated": {"#attributes": {"SystemTime": "2025-07-29T04:00:18.825291Z"}}, "EventRecordID": 108, "Correlation": null, "Execution": {"#attributes": {"ProcessID": 2988, "ThreadID": 3400}}, "Channel": "DNS Server", "Computer": "DC01.pirate.htb", "Security": {"#attributes": {"UserID": "S-1-5-18"}}}, "EventData": {"#attributes": {"Name": "DNS_EVENT_CANNOT_BIND_TCP_SOCKET"}, "param1": "10.10.11.85", "Binary": "41270000"}}},
{"TimeGenerated": "2025-07-29T04:00:18.825293Z", "EventID": 408, "Computer": "DC01.pirate.htb", "RawEvent": {"#attributes": {"xmlns": "http://schemas.microsoft.com/win/2004/08/events/event"}, "System": {"Provider": {"#attributes": {"Name": "Microsoft-Windows-DNS-Server-Service", "Guid": "71A551F5-C893-4849-886B-B5EC8502641E"}}, "EventID": 408, "Version": 0, "Level": 2, "Task": 0, "Opcode": 0, "Keywords": "0x8000000000100000", "TimeCreated": {"#attributes": {"SystemTime": "2025-07-29T04:00:18.825293Z"}}, "EventRecordID": 109, "Correlation": null, "Execution": {"#attributes": {"ProcessID": 2988, "ThreadID": 3400}}, "Channel": "DNS Server", "Computer": "DC01.pirate.htb", "Security": {"#attributes": {"UserID": "S-1-5-18"}}}, "EventData": {"#attributes": {"Name": "DNS_EVENT_OPEN_SOCKET_FOR_ADDRESS"}, "param1": "10.10.11.85", "Binary": null}}},
{"TimeGenerated": "2025-07-29T04:00:18.844705Z", "EventID": 407, "Computer": "DC01.pirate.htb", "RawEvent": {"#attributes": {"xmlns": "http://schemas.microsoft.com/win/2004/08/events/event"}, "System": {"Provider": {"#attributes": {"Name": "Microsoft-Windows-DNS-Server-Service", "Guid": "71A551F5-C893-4849-886B-B5EC8502641E"}}, "EventID": 407, "Version": 0, "Level": 2, "Task": 0, "Opcode": 0, "Keywords": "0x8000000000100000", "TimeCreated": {"#attributes": {"SystemTime": "2025-07-29T04:00:18.844705Z"}}, "EventRecordID": 110, "Correlation": null, "Execution": {"#attributes": {"ProcessID": 2988, "ThreadID": 3400}}, "Channel": "DNS Server", "Computer": "DC01.pirate.htb", "Security": {"#attributes": {"UserID": "S-1-5-18"}}}, "EventData": {"#attributes": {"Name": "DNS_EVENT_CANNOT_BIND_UDP_SOCKET"}, "param1": "10.10.11.85", "Binary": "41270000"}}},
{"TimeGenerated": "2025-07-29T04:00:18.844708Z", "EventID": 408, "Computer": "DC01.pirate.htb", "RawEvent": {"#attributes": {"xmlns": "http://schemas.microsoft.com/win/2004/08/events/event"}, "System": {"Provider": {"#attributes": {"Name": "Microsoft-Windows-DNS-Server-Service", "Guid": "71A551F5-C893-4849-886B-B5EC8502641E"}}, "EventID": 408, "Version": 0, "Level": 2, "Task": 0, "Opcode": 0, "Keywords": "0x8000000000100000", "TimeCreated": {"#attributes": {"SystemTime": "2025-07-29T04:00:18.844708Z"}}, "EventRecordID": 111, "Correlation": null, "Execution": {"#attributes": {"ProcessID": 2988, "ThreadID": 3400}}, "Channel": "DNS Server", "Computer": "DC01.pirate.htb", "Security": {"#attributes": {"UserID": "S-1-5-18"}}}, "EventData": {"#attributes": {"Name": "DNS_EVENT_OPEN_SOCKET_FOR_ADDRESS"}, "param1": "10.10.11.85", "Binary": null}}},
{"TimeGenerated": "2025-07-29T04:00:18.845016Z", "EventID": 404, "Computer": "DC01.pirate.htb", "RawEvent": {"#attributes": {"xmlns": "http://schemas.microsoft.com/win/2004/08/events/event"}, "System": {"Provider": {"#attributes": {"Name": "Microsoft-Windows-DNS-Server-Service", "Guid": "71A551F5-C893-4849-886B-B5EC8502641E"}}, "EventID": 404, "Version": 0, "Level": 2, "Task": 0, "Opcode": 0, "Keywords": "0x8000000000100000", "TimeCreated": {"#attributes": {"SystemTime": "2025-07-29T04:00:18.845016Z"}}, "EventRecordID": 112, "Correlation": null, "Execution": {"#attributes": {"ProcessID": 2988, "ThreadID": 3400}}, "Channel": "DNS Server", "Computer": "DC01.pirate.htb", "Security": {"#attributes": {"UserID": "S-1-5-18"}}}, "EventData": {"#attributes": {"Name": "DNS_EVENT_CANNOT_BIND_TCP_SOCKET"}, "param1": "10.10.11.85", "Binary": "41270000"}}},
{"TimeGenerated": "2025-07-29T04:00:18.845018Z", "EventID": 408, "Computer": "DC01.pirate.htb", "RawEvent": {"#attributes": {"xmlns": "http://schemas.microsoft.com/win/2004/08/events/event"}, "System": {"Provider": {"#attributes": {"Name": "Microsoft-Windows-DNS-Server-Service", "Guid": "71A551F5-C893-4849-886B-B5EC8502641E"}}, "EventID": 408, "Version": 0, "Level": 2, "Task": 0, "Opcode": 0, "Keywords": "0x8000000000100000", "TimeCreated": {"#attributes": {"SystemTime": "2025-07-29T04:00:18.845018Z"}}, "EventRecordID": 113, "Correlation": null, "Execution": {"#attributes": {"ProcessID": 2988, "ThreadID": 3400}}, "Channel": "DNS Server", "Computer": "DC01.pirate.htb", "Security": {"#attributes": {"UserID": "S-1-5-18"}}}, "EventData": {"#attributes": {"Name": "DNS_EVENT_OPEN_SOCKET_FOR_ADDRESS"}, "param1": "10.10.11.85", "Binary": null}}},
{"TimeGenerated": "2025-07-29T04:00:42.924997Z", "EventID": 3, "Computer": "DC01.pirate.htb", "RawEvent": {"#attributes": {"xmlns": "http://schemas.microsoft.com/win/2004/08/events/event"}, "System": {"Provider": {"#attributes": {"Name": "Microsoft-Windows-DNS-Server-Service", "Guid": "71A551F5-C893-4849-886B-B5EC8502641E"}}, "EventID": 3, "Version": 0, "Level": 4, "Task": 0, "Opcode": 0, "Keywords": "0x8000000000001000", "TimeCreated": {"#attributes": {"SystemTime": "2025-07-29T04:00:42.924997Z"}}, "EventRecordID": 114, "Correlation": null, "Execution": {"#attributes": {"ProcessID": 2988, "ThreadID": 1536}}, "Channel": "DNS Server", "Computer": "DC01.pirate.htb", "Security": {"#attributes": {"UserID": "S-1-5-18"}}}, "EventData": {"#attributes": {"Name": "DNS_EVENT_SHUTDOWN"}}}},
{"TimeGenerated": "2025-07-29T04:05:14.837928Z", "EventID": 7693, "Computer": "DC01.pirate.htb", "RawEvent": {"#attributes": {"xmlns": "http://schemas.microsoft.com/win/2004/08/events/event"}, "System": {"Provider": {"#attributes": {"Name": "Microsoft-Windows-DNS-Server-Service", "Guid": "71A551F5-C893-4849-886B-B5EC8502641E"}}, "EventID": 7693, "Version": 0, "Level": 4, "Task": 0, "Opcode": 0, "Keywords": "0x8000000000001000", "TimeCreated": {"#attributes": {"SystemTime": "2025-07-29T04:05:14.837928Z"}}, "EventRecordID": 115, "Correlation": null, "Execution": {"#attributes": {"ProcessID": 3004, "ThreadID": 2172}}, "Channel": "DNS Server", "Computer": "DC01.pirate.htb", "Security": {"#attributes": {"UserID": "S-1-5-18"}}}, "EventData": {"#attributes": {"Name": "DNS_EVENT_SCOPE_EDNS_OPCODE_SET"}, "param1": 65433, "Binary": null}}},
{"TimeGenerated": "2025-07-29T04:05:20.250196Z", "EventID": 4013, "Computer": "DC01.pirate.htb", "RawEvent": {"#attributes": {"xmlns": "http://schemas.microsoft.com/win/2004/08/events/event"}, "System": {"Provider": {"#attributes": {"Name": "Microsoft-Windows-DNS-Server-Service", "Guid": "71A551F5-C893-4849-886B-B5EC8502641E"}}, "EventID": 4013, "Version": 0, "Level": 3, "Task": 0, "Opcode": 0, "Keywords": "0x8000000000020000", "TimeCreated": {"#attributes": {"SystemTime": "2025-07-29T04:05:20.250196Z"}}, "EventRecordID": 116, "Correlation": null, "Execution": {"#attributes": {"ProcessID": 3004, "ThreadID": 2172}}, "Channel": "DNS Server", "Computer": "DC01.pirate.htb", "Security": {"#attributes": {"UserID": "S-1-5-18"}}}, "EventData": {"#attributes": {"Name": "DNS_EVENT_DS_OPEN_WAIT"}}}},
{"TimeGenerated": "2025-07-29T04:05:32.045939Z", "EventID": 769, "Computer": "DC01.pirate.htb", "RawEvent": {"#attributes": {"xmlns": "http://schemas.microsoft.com/win/2004/08/events/event"}, "System": {"Provider": {"#attributes": {"Name": "Microsoft-Windows-DNS-Server-Service", "Guid": "71A551F5-C893-4849-886B-B5EC8502641E"}}, "EventID": 769, "Version": 0, "Level": 4, "Task": 0, "Opcode": 0, "Keywords": "0x8000000000000010", "TimeCreated": {"#attributes": {"SystemTime": "2025-07-29T04:05:32.045939Z"}}, "EventRecordID": 117, "Correlation": null, "Execution": {"#attributes": {"ProcessID": 3004, "ThreadID": 2172}}, "Channel": "DNS Server", "Computer": "DC01.pirate.htb", "Security": {"#attributes": {"UserID": "S-1-5-18"}}}, "EventData": {"#attributes": {"Name": "DNS_EVENT_ZONE_LOAD_OK"}, "param1": "_msdcs.pirate.htb", "param2": "NULL", "param3": "DC01.pirate.htb", "VirtualizationID": "."}}},
{"TimeGenerated": "2025-07-29T04:05:32.054302Z", "EventID": 769, "Computer": "DC01.pirate.htb", "RawEvent": {"#attributes": {"xmlns": "http://schemas.microsoft.com/win/2004/08/events/event"}, "System": {"Provider": {"#attributes": {"Name": "Microsoft-Windows-DNS-Server-Service", "Guid": "71A551F5-C893-4849-886B-B5EC8502641E"}}, "EventID": 769, "Version": 0, "Level": 4, "Task": 0, "Opcode": 0, "Keywords": "0x8000000000000010", "TimeCreated": {"#attributes": {"SystemTime": "2025-07-29T04:05:32.054302Z"}}, "EventRecordID": 118, "Correlation": null, "Execution": {"#attributes": {"ProcessID": 3004, "ThreadID": 2172}}, "Channel": "DNS Server", "Computer": "DC01.pirate.htb", "Security": {"#attributes": {"UserID": "S-1-5-18"}}}, "EventData": {"#attributes": {"Name": "DNS_EVENT_ZONE_LOAD_OK"}, "param1": "pirate.htb", "param2": "NULL", "param3": "DC01.pirate.htb", "VirtualizationID": "."}}},
