[
{"TimeGenerated": "2025-06-08T23:31:32.756986Z", "EventID": {"#attributes": {"Qualifiers": 32768}, "#text": 6009}, "Computer": "WIN-P4PGN19G2KB", "RawEvent": {"#attributes": {"xmlns": "http://schemas.microsoft.com/win/2004/08/events/event"}, "System": {"Provider": {"#attributes": {"Name": "EventLog"}}, "EventID": {"#attributes": {"Qualifiers": 32768}, "#text": 6009}, "Level": 4, "Task": 0, "Keywords": "0x80000000000000", "TimeCreated": {"#attributes": {"SystemTime": "2025-06-08T23:31:32.756986Z"}}, "EventRecordID": 1, "Channel": "System", "Computer": "WIN-P4PGN19G2KB", "Security": null}, "EventData": {"Data": {"#text": ["10.00.", "17763", "", "Multiprocessor Free", "0"]}, "Binary": null}}},
{"TimeGenerated": "2025-06-08T23:31:32.756986Z", "EventID": {"#attributes": {"Qualifiers": 32768}, "#text": 6005}, "Computer": "WIN-P4PGN19G2KB", "RawEvent": {"#attributes": {"xmlns": "http://schemas.microsoft.com/win/2004/08/events/event"}, "System": {"Provider": {"#attributes": {"Name": "EventLog"}}, "EventID": {"#attributes": {"Qualifiers": 32768}, "#text": 6005}, "Level": 4, "Task": 0, "Keywords": "0x80000000000000", "TimeCreated": {"#attributes": {"SystemTime": "2025-06-08T23:31:32.756986Z"}}, "EventRecordID": 2, "Channel": "System", "Computer": "WIN-P4PGN19G2KB", "Security": null}, "EventData": {"Data": {"#text": ""}, "Binary": "E90706000000080017001F002000F4020000000000000000"}}},
{"TimeGenerated": "2025-06-08T23:31:19.518861Z", "EventID": 12, "Computer": "WIN-P4PGN19G2KB", "RawEvent": {"#attributes": {"xmlns": "http://schemas.microsoft.com/win/2004/08/events/event"}, "System": {"Provider": {"#attributes": {"Name": "Microsoft-Windows-Kernel-General", "Guid": "A68CA8B7-004F-D7B6-A698-07E2DE0F1F5D"}}, "EventID": 12, "Version": 0, "Level": 4, "Task": 1, "Opcode": 0, "Keywords": "0x8000000000000080", "TimeCreated": {"#attributes": {"SystemTime": "2025-06-08T23:31:19.518861Z"}}, "EventRecordID": 3, "Correlation": null, "Execution": {"#attributes": {"ProcessID": 4, "ThreadID": 8}}, "Channel": "System", "Computer": "WIN-P4PGN19G2KB", "Security": {"#attributes": {"UserID": "S-1-5-18"}}}, "EventData": {"MajorVersion": 10, "MinorVersion": 0, "BuildVersion": 17763, "QfeVersion": 3650, "ServiceVersion": 0, "BootMode": 0, "StartTime": "2025-06-08T23:31:19.500000Z"}}},
{"TimeGenerated": "2025-06-08T23:31:19.518886Z", "EventID": 153, "Computer": "WIN-P4PGN19G2KB", "RawEvent": {"#attributes": {"xmlns": "http://schemas.microsoft.com/win/2004/08/events/event"}, "System": {"Provider": {"#attributes": {"Name": "Microsoft-Windows-Kernel-Boot", "Guid": "15CA44FF-4D7A-4BAA-BBA5-0998955E531E"}}, "EventID": 153, "Version": 0, "Level": 4, "Task": 62, "Opcode": 0, "Keywords": "0x8000000000000000", "TimeCreated": {"#attributes": {"SystemTime": "2025-06-08T23:31:19.518886Z"}}, "EventRecordID": 4, "Correlation": null, "Execution": {"#attributes": {"ProcessID": 4, "ThreadID": 8}}, "Channel": "System", "Computer": "WIN-P4PGN19G2KB", "Security": {"#attributes": {"UserID": "S-1-5-18"}}}, "EventData": {"Status": 0, "EnableDisableReason": 0, "VsmPolicy": 0}}},
{"TimeGenerated": "2025-06-08T23:31:19.518966Z", "EventID": 25, "Computer": "WIN-P4PGN19G2KB", "RawEvent": {"#attributes": {"xmlns": "http://schemas.microsoft.com/win/2004/08/events/event"}, "System": {"Provider": {"#attributes": {"Name": "Microsoft-Windows-Kernel-Boot", "Guid": "15CA44FF-4D7A-4BAA-BBA5-0998955E531E"}}, "EventID": 25, "Version": 0, "Level": 4, "Task": 32, "Opcode": 0, "Keywords": "0x8000000000000000", "TimeCreated": {"#attributes": {"SystemTime": "2025-06-08T23:31:19.518966Z"}}, "EventRecordID": 5, "Correlation": null, "Execution": {"#attributes": {"ProcessID": 4, "ThreadID": 8}}, "Channel": "System", "Computer": "WIN-P4PGN19G2KB", "Security": {"#attributes": {"UserID": "S-1-5-18"}}}, "EventData": {"BootMenuPolicy": 0}}},
{"TimeGenerated": "2025-06-08T23:31:19.518966Z", "EventID": 27, "Computer": "WIN-P4PGN19G2KB", "RawEvent": {"#attributes": {"xmlns": "http://schemas.microsoft.com/win/2004/08/events/event"}, "System": {"Provider": {"#attributes": {"Name": "Microsoft-Windows-Kernel-Boot", "Guid": "15CA44FF-4D7A-4BAA-BBA5-0998955E531E"}}, "EventID": 27, "Version": 1, "Level": 4, "Task": 33, "Opcode": 0, "Keywords": "0x8000000000000000", "TimeCreated": {"#attributes": {"SystemTime": "2025-06-08T23:31:19.518966Z"}}, "EventRecordID": 6, "Correlation": null, "Execution": {"#attributes": {"ProcessID": 4, "ThreadID": 8}}, "Channel": "System", "Computer": "WIN-P4PGN19G2KB", "Security": {"#attributes": {"UserID": "S-1-5-18"}}}, "EventData": {"BootType": 0, "LoadOptions": " NOEXECUTE=OPTOUT"}}},
{"TimeGenerated": "2025-06-08T23:31:19.518989Z", "EventID": 18, "Computer": "WIN-P4PGN19G2KB", "RawEvent": {"#attributes": {"xmlns": "http://schemas.microsoft.com/win/2004/08/events/event"}, "System": {"Provider": {"#attributes": {"Name": "Microsoft-Windows-Kernel-Boot", "Guid": "15CA44FF-4D7A-4BAA-BBA5-0998955E531E"}}, "EventID": 18, "Version": 0, "Level": 4, "Task": 57, "Opcode": 0, "Keywords": "0x8000000000000000", "TimeCreated": {"#attributes": {"SystemTime": "2025-06-08T23:31:19.518989Z"}}, "EventRecordID": 7, "Correlation": null, "Execution": {"#attributes": {"ProcessID": 4, "ThreadID": 8}}, "Channel": "System", "Computer": "WIN-P4PGN19G2KB", "Security": {"#attributes": {"UserID": "S-1-5-18"}}}, "EventData": {"EntryCount": 1}}},
{"TimeGenerated": "2025-06-08T23:31:19.518999Z", "EventID": 32, "Computer": "WIN-P4PGN19G2KB", "RawEvent": {"#attributes": {"xmlns": "http://schemas.microsoft.com/win/2004/08/events/event"}, "System": {"Provider": {"#attributes": {"Name": "Microsoft-Windows-Kernel-Boot", "Guid": "15CA44FF-4D7A-4BAA-BBA5-0998955E531E"}}, "EventID": 32, "Version": 0, "Level": 4, "Task": 58, "Opcode": 0, "Keywords": "0x8000000000000000", "TimeCreated": {"#attributes": {"SystemTime": "2025-06-08T23:31:19.518999Z"}}, "EventRecordID": 8, "Correlation": null, "Execution": {"#attributes": {"ProcessID": 4, "ThreadID": 8}}, "Channel": "System", "Computer": "WIN-P4PGN19G2KB", "Security": {"#attributes": {"UserID": "S-1-5-18"}}}, "EventData": {"BitlockerUserInputTime": 0}}},
{"TimeGenerated": "2025-06-08T23:31:19.521125Z", "EventID": 20, "Computer": "WIN-P4PGN19G2KB", "RawEvent": {"#attributes": {"xmlns": "http://schemas.microsoft.com/win/2004/08/events/event"}, "System": {"Provider": {"#attributes": {"Name": "Microsoft-Windows-Kernel-General", "Guid": "A68CA8B7-004F-D7B6-A698-07E2DE0F1F5D"}}, "EventID": 20, "Version": 0, "Level": 4, "Task": 6, "Opcode": 0, "Keywords": "0x8000000000000010", "TimeCreated": {"#attributes": {"SystemTime": "2025-06-08T23:31:19.521125Z"}}, "EventRecordID": 9, "Correlation": null, "Execution": {"#attributes": {"ProcessID": 4, "ThreadID": 8}}, "Channel": "System", "Computer": "WIN-P4PGN19G2KB", "Security": {"#attributes": {"UserID": "S-1-5-18"}}}, "EventData": {"UpdateReason": 0, "EnabledNew": true, "CountNew": 0, "CountOld": 0}}},
{"TimeGenerated": "2025-06-08T23:31:23.489180Z", "EventID": 6, "Computer": "WIN-P4PGN19G2KB", "RawEvent": {"#attributes": {"xmlns": "http://schemas.microsoft.com/win/2004/08/events/event"}, "System": {"Provider": {"#attributes": {"Name": "Microsoft-Windows-FilterManager", "Guid": "F3C5E28E-63F6-49C7-A204-E48A1BC4B09D"}}, "EventID": 6, "Version": 0, "Level": 4, "Task": 0, "Opcode": 0, "Keywords": "0x8000000000000000", "TimeCreated": {"#attributes": {"SystemTime": "2025-06-08T23:31:23.489180Z"}}, "EventRecordID": 10, "Correlation": null, "Execution": {"#attributes": {"ProcessID": 4, "ThreadID": 8}}, "Channel": "System", "Computer": "WIN-P4PGN19G2KB", "Security": {"#attributes": {"UserID": "S-1-5-18"}}}, "EventData": {"FinalStatus": "0x0", "DeviceVersionMajor": 10, "DeviceVersionMinor": 0, "DeviceNameLength": 3, "DeviceName": "Wof", "DeviceTime": "2025-03-23T16:48:00.000000Z"}}},
{"TimeGenerated": "2025-06-08T23:31:23.489659Z", "EventID": 6, "Computer": "WIN-P4PGN19G2KB", "RawEvent": {"#attributes": {"xmlns": "http://schemas.microsoft.com/win/2004/08/events/event"}, "System": {"Provider": {"#attributes": {"Name": "Microsoft-Windows-FilterManager", "Guid": "F3C5E28E-63F6-49C7-A204-E48A1BC4B09D"}}, "EventID": 6, "Version": 0, "Level": 4, "Task": 0, "Opcode": 0, "Keywords": "0x8000000000000000", "TimeCreated": {"#attributes": {"SystemTime": "2025-06-08T23:31:23.489659Z"}}, "EventRecordID": 11, "Correlation": null, "Execution": {"#attributes": {"ProcessID": 4, "ThreadID": 8}}, "Channel": "System", "Computer": "WIN-P4PGN19G2KB", "Security": {"#attributes": {"UserID": "S-1-5-18"}}}, "EventData": {"FinalStatus": "0x0", "DeviceVersionMajor": 10, "DeviceVersionMinor": 0, "DeviceNameLength": 8, "DeviceName": "WdFilter", "DeviceTime": "2070-12-04T12:41:44.000000Z"}}},
{"TimeGenerated": "2025-06-08T23:31:23.662605Z", "EventID": 98, "Computer": "WIN-P4PGN19G2KB", "RawEvent": {"#attributes": {"xmlns": "http://schemas.microsoft.com/win/2004/08/events/event"}, "System": {"Provider": {"#attributes": {"Name": "Microsoft-Windows-Ntfs", "Guid": "3FF37A1C-A68D-4D6E-8C9B-F79E8B16C482"}}, "EventID": 98, "Version": 0, "Level": 4, "Task": 0, "Opcode": 0, "Keywords": "0x8000000000000002", "TimeCreated": {"#attributes": {"SystemTime": "2025-06-08T23:31:23.662605Z"}}, "EventRecordID": 12, "Correlation": null, "Execution": {"#attributes": {"ProcessID": 4, "ThreadID": 188}}, "Channel": "System", "Computer": "WIN-P4PGN19G2KB", "Security": {"#attributes": {"UserID": "S-1-5-18"}}}, "EventData": {"DriveName": "C:", "DeviceName": "\\Device\\HarddiskVolume4", "CorruptionActionState": 0}}},
{"TimeGenerated": "2025-06-08T23:31:23.685454Z", "EventID": 6, "Computer": "WIN-P4PGN19G2KB", "RawEvent": {"#attributes": {"xmlns": "http://schemas.microsoft.com/win/2004/08/events/event"}, "System": {"Provider": {"#attributes": {"Name": "Microsoft-Windows-FilterManager", "Guid": "F3C5E28E-63F6-49C7-A204-E48A1BC4B09D"}}, "EventID": 6, "Version": 0, "Level": 4, "Task": 0, "Opcode": 0, "Keywords": "0x8000000000000000", "TimeCreated": {"#attributes": {"SystemTime": "2025-06-08T23:31:23.685454Z"}}, "EventRecordID": 13, "Correlation": null, "Execution": {"#attributes": {"ProcessID": 4, "ThreadID": 8}}, "Channel": "System", "Computer": "WIN-P4PGN19G2KB", "Security": {"#attributes": {"UserID": "S-1-5-18"}}}, "EventData": {"FinalStatus": "0x0", "DeviceVersionMajor": 10, "DeviceVersionMinor": 0, "DeviceNameLength": 9, "DeviceName": "FileCrypt", "DeviceTime": "2034-08-13T07:30:12.000000Z"}}},
{"TimeGenerated": "2025-06-08T23:31:23.752198Z", "EventID": 6, "Computer": "WIN-P4PGN19G2KB", "RawEvent": {"#attributes": {"xmlns": "http://schemas.microsoft.com/win/2004/08/events/event"}, "System": {"Provider": {"#attributes": {"Name": "Microsoft-Windows-FilterManager", "Guid": "F3C5E28E-63F6-49C7-A204-E48A1BC4B09D"}}, "EventID": 6, "Version": 0, "Level": 4, "Task": 0, "Opcode": 0, "Keywords": "0x8000000000000000", "TimeCreated": {"#attributes": {"SystemTime": "2025-06-08T23:31:23.752198Z"}}, "EventRecordID": 14, "Correlation": null, "Execution": {"#attributes": {"ProcessID": 4, "ThreadID": 8}}, "Channel": "System", "Computer": "WIN-P4PGN19G2KB", "Security": {"#attributes": {"UserID": "S-1-5-18"}}}, "EventData": {"FinalStatus": "0x0", "DeviceVersionMajor": 10, "DeviceVersionMinor": 0, "DeviceNameLength": 9, "DeviceName": "npsvctrig", "DeviceTime": "2037-02-22T23:11:04.000000Z"}}},
{"TimeGenerated": "2025-06-08T23:31:23.781244Z", "EventID": 172, "Computer": "WIN-P4PGN19G2KB", "RawEvent": {"#attributes": {"xmlns": "http://schemas.microsoft.com/win/2004/08/events/event"}, "System": {"Provider": {"#attributes": {"Name": "Microsoft-Windows-Kernel-Power", "Guid": "331C3B3A-2005-44C2-AC5E-77220C37D6B4"}}, "EventID": 172, "Version": 0, "Level": 4, "Task": 203, "Opcode": 0, "Keywords": "0x8000000000000404", "TimeCreated": {"#attributes": {"SystemTime": "2025-06-08T23:31:23.781244Z"}}, "EventRecordID": 15, "Correlation": null, "Execution": {"#attributes": {"ProcessID": 4, "ThreadID": 260}}, "Channel": "System", "Computer": "WIN-P4PGN19G2KB", "Security": {"#attributes": {"UserID": "S-1-5-18"}}}, "EventData": {"State": 2, "Reason": 6}}},
{"TimeGenerated": "2025-06-08T23:31:23.835878Z", "EventID": {"#attributes": {"Qualifiers": 16390}, "#text": 2}, "Computer": "WIN-P4PGN19G2KB", "RawEvent": {"#attributes": {"xmlns": "http://schemas.microsoft.com/win/2004/08/events/event"}, "System": {"Provider": {"#attributes": {"Name": "Serial"}}, "EventID": {"#attributes": {"Qualifiers": 16390}, "#text": 2}, "Level": 4, "Task": 0, "Keywords": "0x80000000000000", "TimeCreated": {"#attributes": {"SystemTime": "2025-06-08T23:31:23.835878Z"}}, "EventRecordID": 16, "Channel": "System", "Computer": "WIN-P4PGN19G2KB", "Security": null}, "EventData": {"Data": {"#text": ["\\Device\\Serial0", "\\Device\\Serial0"]}, "Binary": "000008000200300000000000020006400F0000000000000000000000000000000000000000000000F803000000000000"}}},
{"TimeGenerated": "2025-06-08T23:31:23.888239Z", "EventID": 55, "Computer": "WIN-P4PGN19G2KB", "RawEvent": {"#attributes": {"xmlns": "http://schemas.microsoft.com/win/2004/08/events/event"}, "System": {"Provider": {"#attributes": {"Name": "Microsoft-Windows-Kernel-Processor-Power", "Guid": "0F67E49F-FE51-4E9F-B490-6F2948CC6027"}}, "EventID": 55, "Version": 0, "Level": 4, "Task": 47, "Opcode": 0, "Keywords": "0x8000000000000000", "TimeCreated": {"#attributes": {"SystemTime": "2025-06-08T23:31:23.888239Z"}}, "EventRecordID": 17, "Correlation": null, "Execution": {"#attributes": {"ProcessID": 4, "ThreadID": 240}}, "Channel": "System", "Computer": "WIN-P4PGN19G2KB", "Security": {"#attributes": {"UserID": "S-1-5-18"}}}, "EventData": {"Group": 0, "Number": 0, "IdleStateCount": 1, "IdleImplementation": 1, "NominalFrequency": 3400, "MaximumPerformancePercent": 100, "MinimumPerformancePercent": 100, "MinimumThrottlePercent": 100, "PerformanceImplementation": 0}}},
{"TimeGenerated": "2025-06-08T23:31:23.889318Z", "EventID": 55, "Computer": "WIN-P4PGN19G2KB", "RawEvent": {"#attributes": {"xmlns": "http://schemas.microsoft.com/win/2004/08/events/event"}, "System": {"Provider": {"#attributes": {"Name": "Microsoft-Windows-Kernel-Processor-Power", "Guid": "0F67E49F-FE51-4E9F-B490-6F2948CC6027"}}, "EventID": 55, "Version": 0, "Level": 4, "Task": 47, "Opcode": 0, "Keywords": "0x8000000000000000", "TimeCreated": {"#attributes": {"SystemTime": "2025-06-08T23:31:23.889318Z"}}, "EventRecordID": 18, "Correlation": null, "Execution": {"#attributes": {"ProcessID": 4, "ThreadID": 240}}, "Channel": "System", "Computer": "WIN-P4PGN19G2KB", "Security": {"#attributes": {"UserID": "S-1-5-18"}}}, "EventData": {"Group": 0, "Number": 1, "IdleStateCount": 1, "IdleImplementation": 1, "NominalFrequency": 3400, "MaximumPerformancePercent": 100, "MinimumPerformancePercent": 100, "MinimumThrottlePercent": 100, "PerformanceImplementation": 0}}},
{"TimeGenerated": "2025-06-08T23:31:24.051210Z", "EventID": 98, "Computer": "WIN-P4PGN19G2KB", "RawEvent": {"#attributes": {"xmlns": "http://schemas.microsoft.com/win/2004/08/events/event"}, "System": {"Provider": {"#attributes": {"Name": "Microsoft-Windows-Ntfs", "Guid": "3FF37A1C-A68D-4D6E-8C9B-F79E8B16C482"}}, "EventID": 98, "Version": 0, "Level": 4, "Task": 0, "Opcode": 0, "Keywords": "0x8000000000000002", "TimeCreated": {"#attributes": {"SystemTime": "2025-06-08T23:31:24.051210Z"}}, "EventRecordID": 19, "Correlation": null, "Execution": {"#attributes": {"ProcessID": 4, "ThreadID": 272}}, "Channel": "System", "Computer": "WIN-P4PGN19G2KB", "Security": {"#attributes": {"UserID": "S-1-5-18"}}}, "EventData": {"DriveName": "\\\\?\\Volume{b201937d-6d9a-48d9-97d0-8c62ad1c9720}", "DeviceName": "\\Device\\HarddiskVolume1", "CorruptionActionState": 0}}},
{"TimeGenerated": "2025-06-08T23:31:24.479642Z", "EventID": 16, "Computer": "WIN-P4PGN19G2KB", "RawEvent": {"#attributes": {"xmlns": "http://schemas.microsoft.com/win/2004/08/events/event"}, "System": {"Provider": {"#attributes": {"Name": "Microsoft-Windows-Kernel-General", "Guid": "A68CA8B7-004F-D7B6-A698-07E2DE0F1F5D"}}, "EventID": 16, "Version": 0, "Level": 4, "Task": 0, "Opcode": 0, "Keywords": "0x8000000000000000", "TimeCreated": {"#attributes": {"SystemTime": "2025-06-08T23:31:24.479642Z"}}, "EventRecordID": 20, "Correlation": null, "Execution": {"#attributes": {"ProcessID": 88, "ThreadID": 328}}, "Channel": "System", "Computer": "WIN-P4PGN19G2KB", "Security": {"#attributes": {"UserID": "S-1-5-18"}}}, "EventData": {"HiveNameLength": 36, "HiveName": "\\SystemRoot\\System32\\Config\\SOFTWARE", "KeysUpdated": 256960, "DirtyPages": 17899}}},
{"TimeGenerated": "2025-06-08T23:31:24.483472Z", "EventID": 16, "Computer": "WIN-P4PGN19G2KB", "RawEvent": {"#attributes": {"xmlns": "http://schemas.microsoft.com/win/2004/08/events/event"}, "System": {"Provider": {"#attributes": {"Name": "Microsoft-Windows-Kernel-General", "Guid": "A68CA8B7-004F-D7B6-A698-07E2DE0F1F5D"}}, "EventID": 16, "Version": 0, "Level": 4, "Task": 0, "Opcode": 0, "Keywords": "0x8000000000000000", "TimeCreated": {"#attributes": {"SystemTime": "2025-06-08T23:31:24.483472Z"}}, "EventRecordID": 21, "Correlation": null, "Execution": {"#attributes": {"ProcessID": 88, "ThreadID": 340}}, "Channel": "System", "Computer": "WIN-P4PGN19G2KB", "Security": {"#attributes": {"UserID": "S-1-5-18"}}}, "EventData": {"HiveNameLength": 31, "HiveName": "\\SystemRoot\\System32\\Config\\SAM", "KeysUpdated": 1, "DirtyPages": 1}}},
{"TimeGenerated": "2025-06-08T23:31:24.513980Z", "EventID": 16, "Computer": "WIN-P4PGN19G2KB", "RawEvent": {"#attributes": {"xmlns": "http://schemas.microsoft.com/win/2004/08/events/event"}, "System": {"Provider": {"#attributes": {"Name": "Microsoft-Windows-Kernel-General", "Guid": "A68CA8B7-004F-D7B6-A698-07E2DE0F1F5D"}}, "EventID": 16, "Version": 0, "Level": 4, "Task": 0, "Opcode": 0, "Keywords": "0x8000000000000000", "TimeCreated": {"#attributes": {"SystemTime": "2025-06-08T23:31:24.513980Z"}}, "EventRecordID": 22, "Correlation": null, "Execution": {"#attributes": {"ProcessID": 4, "ThreadID": 272}}, "Channel": "System", "Computer": "WIN-P4PGN19G2KB", "Security": {"#attributes": {"UserID": "S-1-5-18"}}}, "EventData": {"HiveNameLength": 35, "HiveName": "\\SystemRoot\\System32\\config\\DRIVERS", "KeysUpdated": 20035, "DirtyPages": 875}}},
{"TimeGenerated": "2025-06-08T23:31:24.514460Z", "EventID": 16, "Computer": "WIN-P4PGN19G2KB", "RawEvent": {"#attributes": {"xmlns": "http://schemas.microsoft.com/win/2004/08/events/event"}, "System": {"Provider": {"#attributes": {"Name": "Microsoft-Windows-Kernel-General", "Guid": "A68CA8B7-004F-D7B6-A698-07E2DE0F1F5D"}}, "EventID": 16, "Version": 0, "Level": 4, "Task": 0, "Opcode": 0, "Keywords": "0x8000000000000000", "TimeCreated": {"#attributes": {"SystemTime": "2025-06-08T23:31:24.514460Z"}}, "EventRecordID": 23, "Correlation": null, "Execution": {"#attributes": {"ProcessID": 88, "ThreadID": 336}}, "Channel": "System", "Computer": "WIN-P4PGN19G2KB", "Security": {"#attributes": {"UserID": "S-1-5-18"}}}, "EventData": {"HiveNameLength": 35, "HiveName": "\\SystemRoot\\System32\\Config\\DEFAULT", "KeysUpdated": 64, "DirtyPages": 6}}},
{"TimeGenerated": "2025-06-08T23:31:24.514504Z", "EventID": 16, "Computer": "WIN-P4PGN19G2KB", "RawEvent": {"#attributes": {"xmlns": "http://schemas.microsoft.com/win/2004/08/events/event"}, "System": {"Provider": {"#attributes": {"Name": "Microsoft-Windows-Kernel-General", "Guid": "A68CA8B7-004F-D7B6-A698-07E2DE0F1F5D"}}, "EventID": 16, "Version": 0, "Level": 4, "Task": 0, "Opcode": 0, "Keywords": "0x8000000000000000", "TimeCreated": {"#attributes": {"SystemTime": "2025-06-08T23:31:24.514504Z"}}, "EventRecordID": 24, "Correlation": null, "Execution": {"#attributes": {"ProcessID": 88, "ThreadID": 324}}, "Channel": "System", "Computer": "WIN-P4PGN19G2KB", "Security": {"#attributes": {"UserID": "S-1-5-18"}}}, "EventData": {"HiveNameLength": 36, "HiveName": "\\SystemRoot\\System32\\Config\\SECURITY", "KeysUpdated": 1, "DirtyPages": 1}}},
{"TimeGenerated": "2025-06-08T23:31:24.615166Z", "EventID": 16, "Computer": "WIN-P4PGN19G2KB", "RawEvent": {"#attributes": {"xmlns": "http://schemas.microsoft.com/win/2004/08/events/event"}, "System": {"Provider": {"#attributes": {"Name": "Microsoft-Windows-Kernel-General", "Guid": "A68CA8B7-004F-D7B6-A698-07E2DE0F1F5D"}}, "EventID": 16, "Version": 0, "Level": 4, "Task": 0, "Opcode": 0, "Keywords": "0x8000000000000000", "TimeCreated": {"#attributes": {"SystemTime": "2025-06-08T23:31:24.615166Z"}}, "EventRecordID": 25, "Correlation": null, "Execution": {"#attributes": {"ProcessID": 280, "ThreadID": 284}}, "Channel": "System", "Computer": "WIN-P4PGN19G2KB", "Security": {"#attributes": {"UserID": "S-1-5-18"}}}, "EventData": {"HiveNameLength": 46, "HiveName": "\\Device\\HarddiskVolume2\\EFI\\Microsoft\\Boot\\BCD", "KeysUpdated": 101, "DirtyPages": 4}}},
{"TimeGenerated": "2025-06-08T23:31:24.801773Z", "EventID": 14, "Computer": "WIN-P4PGN19G2KB", "RawEvent": {"#attributes": {"xmlns": "http://schemas.microsoft.com/win/2004/08/events/event"}, "System": {"Provider": {"#attributes": {"Name": "Microsoft-Windows-Wininit", "Guid": "206F6DEA-D3C5-4D10-BC72-989F03C8B84B"}}, "EventID": 14, "Version": 0, "Level": 4, "Task": 0, "Opcode": 0, "Keywords": "0x4000000000000000", "TimeCreated": {"#attributes": {"SystemTime": "2025-06-08T23:31:24.801773Z"}}, "EventRecordID": 26, "Correlation": null, "Execution": {"#attributes": {"ProcessID": 456, "ThreadID": 460}}, "Channel": "System", "Computer": "WIN-P4PGN19G2KB", "Security": {"#attributes": {"UserID": "S-1-5-18"}}}, "EventData": {"Config": 0, "IsTestConfig": 0}}},
{"TimeGenerated": "2025-06-08T23:31:24.940780Z", "EventID": 16962, "Computer": "WIN-P4PGN19G2KB", "RawEvent": {"#attributes": {"xmlns": "http://schemas.microsoft.com/win/2004/08/events/event"}, "System": {"Provider": {"#attributes": {"Name": "Microsoft-Windows-Directory-Services-SAM", "Guid": "0D4FDC09-8C27-494A-BDA0-505E4FD8ADAE"}}, "EventID": 16962, "Version": 0, "Level": 4, "Task": 0, "Opcode": 0, "Keywords": "0x8000000000000000", "TimeCreated": {"#attributes": {"SystemTime": "2025-06-08T23:31:24.940780Z"}}, "EventRecordID": 27, "Correlation": {"#attributes": {"ActivityID": "6FE908C0-D8CD-0000-620A-E96FCDD8DB01"}}, "Execution": {"#attributes": {"ProcessID": 612, "ThreadID": 616}}, "Channel": "System", "Computer": "WIN-P4PGN19G2KB", "Security": {"#attributes": {"UserID": "S-1-5-18"}}}, "EventData": {"#attributes": {"Name": "SAMMSG_RESTRICT_REMOTE_SAM_DEFAULT_SD"}, "Default SD String:": "O:SYG:SYD:(A;;RC;;;BA)"}}},
{"TimeGenerated": "2025-06-08T23:31:24.948332Z", "EventID": 16977, "Computer": "WIN-P4PGN19G2KB", "RawEvent": {"#attributes": {"xmlns": "http://schemas.microsoft.com/win/2004/08/events/event"}, "System": {"Provider": {"#attributes": {"Name": "Microsoft-Windows-Directory-Services-SAM", "Guid": "0D4FDC09-8C27-494A-BDA0-505E4FD8ADAE"}}, "EventID": 16977, "Version": 0, "Level": 4, "Task": 0, "Opcode": 0, "Keywords": "0x8000000000000000", "TimeCreated": {"#attributes": {"SystemTime": "2025-06-08T23:31:24.948332Z"}}, "EventRecordID": 28, "Correlation": {"#attributes": {"ActivityID": "6FE908C0-D8CD-0000-620A-E96FCDD8DB01"}}, "Execution": {"#attributes": {"ProcessID": 612, "ThreadID": 616}}, "Channel": "System", "Computer": "WIN-P4PGN19G2KB", "Security": {"#attributes": {"UserID": "S-1-5-18"}}}, "EventData": {"#attributes": {"Name": "SAMMSG_MINPWDLEN_SETTINGS_IN_EFFECT"}, "MinimumPasswordLength": 0, "MinimumPasswordLengthAudit": -1}}},
{"TimeGenerated": "2025-06-08T23:31:24.948334Z", "EventID": 16983, "Computer": "WIN-P4PGN19G2KB", "RawEvent": {"#attributes": {"xmlns": "http://schemas.microsoft.com/win/2004/08/events/event"}, "System": {"Provider": {"#attributes": {"Name": "Microsoft-Windows-Directory-Services-SAM", "Guid": "0D4FDC09-8C27-494A-BDA0-505E4FD8ADAE"}}, "EventID": 16983, "Version": 0, "Level": 4, "Task": 0, "Opcode": 0, "Keywords": "0x8000000000000000", "TimeCreated": {"#attributes": {"SystemTime": "2025-06-08T23:31:24.948334Z"}}, "EventRecordID": 29, "Correlation": {"#attributes": {"ActivityID": "6FE908C0-D8CD-0000-620A-E96FCDD8DB01"}}, "Execution": {"#attributes": {"ProcessID": 612, "ThreadID": 616}}, "Channel": "System", "Computer": "WIN-P4PGN19G2KB", "Security": {"#attributes": {"UserID": "S-1-5-18"}}}, "EventData": {"#attributes": {"Name": "SAMMSG_AUDIT_LEGACY_PWD_RPC_METHODS_OFF"}}}},
{"TimeGenerated": "2025-06-08T23:31:25.006925Z", "EventID": {"#attributes": {"Qualifiers": 16384}, "#text": 7036}, "Computer": "WIN-P4PGN19G2KB", "RawEvent": {"#attributes": {"xmlns": "http://schemas.microsoft.com/win/2004/08/events/event"}, "System": {"Provider": {"#attributes": {"Name": "Service Control Manager", "Guid": "{555908d1-a6d7-4695-8e1e-26931d2012f4}", "EventSourceName": "Service Control Manager"}}, "EventID": {"#attributes": {"Qualifiers": 16384}, "#text": 7036}, "Version": 0, "Level": 4, "Task": 0, "Opcode": 0, "Keywords": "0x8080000000000000", "TimeCreated": {"#attributes": {"SystemTime": "2025-06-08T23:31:25.006925Z"}}, "EventRecordID": 30, "Correlation": null, "Execution": {"#attributes": {"ProcessID": 600, "ThreadID": 700}}, "Channel": "System", "Computer": "WIN-P4PGN19G2KB", "Security": null}, "EventData": {"param1": "PlugPlay", "param2": "running", "Binary": "50006C007500670050006C00610079002F0034000000"}}},
{"TimeGenerated": "2025-06-08T23:31:25.116453Z", "EventID": {"#attributes": {"Qualifiers": 16384}, "#text": 7036}, "Computer": "WIN-P4PGN19G2KB", "RawEvent": {"#attributes": {"xmlns": "http://schemas.microsoft.com/win/2004/08/events/event"}, "System": {"Provider": {"#attributes": {"Name": "Service Control Manager", "Guid": "{555908d1-a6d7-4695-8e1e-26931d2012f4}", "EventSourceName": "Service Control Manager"}}, "EventID": {"#attributes": {"Qualifiers": 16384}, "#text": 7036}, "Version": 0, "Level": 4, "Task": 0, "Opcode": 0, "Keywords": "0x8080000000000000", "TimeCreated": {"#attributes": {"SystemTime": "2025-06-08T23:31:25.116453Z"}}, "EventRecordID": 31, "Correlation": null, "Execution": {"#attributes": {"ProcessID": 600, "ThreadID": 684}}, "Channel": "System", "Computer": "WIN-P4PGN19G2KB", "Security": null}, "EventData": {"param1": "Power", "param2": "running", "Binary": "50006F007700650072002F0034000000"}}},
{"TimeGenerated": "2025-06-08T23:31:25.147573Z", "EventID": {"#attributes": {"Qualifiers": 16384}, "#text": 7036}, "Computer": "WIN-P4PGN19G2KB", "RawEvent": {"#attributes": {"xmlns": "http://schemas.microsoft.com/win/2004/08/events/event"}, "System": {"Provider": {"#attributes": {"Name": "Service Control Manager", "Guid": "{555908d1-a6d7-4695-8e1e-26931d2012f4}", "EventSourceName": "Service Control Manager"}}, "EventID": {"#attributes": {"Qualifiers": 16384}, "#text": 7036}, "Version": 0, "Level": 4, "Task": 0, "Opcode": 0, "Keywords": "0x8080000000000000", "TimeCreated": {"#attributes": {"SystemTime": "2025-06-08T23:31:25.147573Z"}}, "EventRecordID": 32, "Correlation": null, "Execution": {"#attributes": {"ProcessID": 600, "ThreadID": 684}}, "Channel": "System", "Computer": "WIN-P4PGN19G2KB", "Security": null}, "EventData": {"param1": "DcomLaunch", "param2": "running", "Binary": "440063006F006D004C00610075006E00630068002F0034000000"}}},
{"TimeGenerated": "2025-06-08T23:31:25.255320Z", "EventID": 16, "Computer": "WIN-P4PGN19G2KB", "RawEvent": {"#attributes": {"xmlns": "http://schemas.microsoft.com/win/2004/08/events/event"}, "System": {"Provider": {"#attributes": {"Name": "Microsoft-Windows-Kernel-General", "Guid": "A68CA8B7-004F-D7B6-A698-07E2DE0F1F5D"}}, "EventID": 16, "Version": 0, "Level": 4, "Task": 0, "Opcode": 0, "Keywords": "0x8000000000000000", "TimeCreated": {"#attributes": {"SystemTime": "2025-06-08T23:31:25.255320Z"}}, "EventRecordID": 33, "Correlation": null, "Execution": {"#attributes": {"ProcessID": 600, "ThreadID": 604}}, "Channel": "System", "Computer": "WIN-P4PGN19G2KB", "Security": {"#attributes": {"UserID": "S-1-5-18"}}}, "EventData": {"HiveNameLength": 56, "HiveName": "\\??\\C:\\Windows\\ServiceProfiles\\NetworkService\\NTUSER.DAT", "KeysUpdated": 551, "DirtyPages": 33}}},
{"TimeGenerated": "2025-06-08T23:31:25.319736Z", "EventID": {"#attributes": {"Qualifiers": 16384}, "#text": 7036}, "Computer": "WIN-P4PGN19G2KB", "RawEvent": {"#attributes": {"xmlns": "http://schemas.microsoft.com/win/2004/08/events/event"}, "System": {"Provider": {"#attributes": {"Name": "Service Control Manager", "Guid": "{555908d1-a6d7-4695-8e1e-26931d2012f4}", "EventSourceName": "Service Control Manager"}}, "EventID": {"#attributes": {"Qualifiers": 16384}, "#text": 7036}, "Version": 0, "Level": 4, "Task": 0, "Opcode": 0, "Keywords": "0x8080000000000000", "TimeCreated": {"#attributes": {"SystemTime": "2025-06-08T23:31:25.319736Z"}}, "EventRecordID": 34, "Correlation": null, "Execution": {"#attributes": {"ProcessID": 600, "ThreadID": 700}}, "Channel": "System", "Computer": "WIN-P4PGN19G2KB", "Security": null}, "EventData": {"param1": "RpcEptMapper", "param2": "running", "Binary": "5200700063004500700074004D00610070007000650072002F0034000000"}}},
{"TimeGenerated": "2025-06-08T23:31:25.335233Z", "EventID": {"#attributes": {"Qualifiers": 16384}, "#text": 7036}, "Computer": "WIN-P4PGN19G2KB", "RawEvent": {"#attributes": {"xmlns": "http://schemas.microsoft.com/win/2004/08/events/event"}, "System": {"Provider": {"#attributes": {"Name": "Service Control Manager", "Guid": "{555908d1-a6d7-4695-8e1e-26931d2012f4}", "EventSourceName": "Service Control Manager"}}, "EventID": {"#attributes": {"Qualifiers": 16384}, "#text": 7036}, "Version": 0, "Level": 4, "Task": 0, "Opcode": 0, "Keywords": "0x8080000000000000", "TimeCreated": {"#attributes": {"SystemTime": "2025-06-08T23:31:25.335233Z"}}, "EventRecordID": 35, "Correlation": null, "Execution": {"#attributes": {"ProcessID": 600, "ThreadID": 684}}, "Channel": "System", "Computer": "WIN-P4PGN19G2KB", "Security": null}, "EventData": {"param1": "RpcSs", "param2": "running", "Binary": "520070006300530073002F0034000000"}}},
{"TimeGenerated": "2025-06-08T23:31:25.382027Z", "EventID": {"#attributes": {"Qualifiers": 16384}, "#text": 7036}, "Computer": "WIN-P4PGN19G2KB", "RawEvent": {"#attributes": {"xmlns": "http://schemas.microsoft.com/win/2004/08/events/event"}, "System": {"Provider": {"#attributes": {"Name": "Service Control Manager", "Guid": "{555908d1-a6d7-4695-8e1e-26931d2012f4}", "EventSourceName": "Service Control Manager"}}, "EventID": {"#attributes": {"Qualifiers": 16384}, "#text": 7036}, "Version": 0, "Level": 4, "Task": 0, "Opcode": 0, "Keywords": "0x8080000000000000", "TimeCreated": {"#attributes": {"SystemTime": "2025-06-08T23:31:25.382027Z"}}, "EventRecordID": 36, "Correlation": null, "Execution": {"#attributes": {"ProcessID": 600, "ThreadID": 684}}, "Channel": "System", "Computer": "WIN-P4PGN19G2KB", "Security": null}, "EventData": {"param1": "LSM", "param2": "running", "Binary": "4C0053004D002F0034000000"}}},
{"TimeGenerated": "2025-06-08T23:31:25.460019Z", "EventID": {"#attributes": {"Qualifiers": 16384}, "#text": 7036}, "Computer": "WIN-P4PGN19G2KB", "RawEvent": {"#attributes": {"xmlns": "http://schemas.microsoft.com/win/2004/08/events/event"}, "System": {"Provider": {"#attributes": {"Name": "Service Control Manager", "Guid": "{555908d1-a6d7-4695-8e1e-26931d2012f4}", "EventSourceName": "Service Control Manager"}}, "EventID": {"#attributes": {"Qualifiers": 16384}, "#text": 7036}, "Version": 0, "Level": 4, "Task": 0, "Opcode": 0, "Keywords": "0x8080000000000000", "TimeCreated": {"#attributes": {"SystemTime": "2025-06-08T23:31:25.460019Z"}}, "EventRecordID": 37, "Correlation": null, "Execution": {"#attributes": {"ProcessID": 600, "ThreadID": 684}}, "Channel": "System", "Computer": "WIN-P4PGN19G2KB", "Security": null}, "EventData": {"param1": "sppsvc", "param2": "running", "Binary": "7300700070007300760063002F0034000000"}}},
{"TimeGenerated": "2025-06-08T23:31:25.475649Z", "EventID": {"#attributes": {"Qualifiers": 16384}, "#text": 7036}, "Computer": "WIN-P4PGN19G2KB", "RawEvent": {"#attributes": {"xmlns": "http://schemas.microsoft.com/win/2004/08/events/event"}, "System": {"Provider": {"#attributes": {"Name": "Service Control Manager", "Guid": "{555908d1-a6d7-4695-8e1e-26931d2012f4}", "EventSourceName": "Service Control Manager"}}, "EventID": {"#attributes": {"Qualifiers": 16384}, "#text": 7036}, "Version": 0, "Level": 4, "Task": 0, "Opcode": 0, "Keywords": "0x8080000000000000", "TimeCreated": {"#attributes": {"SystemTime": "2025-06-08T23:31:25.475649Z"}}, "EventRecordID": 38, "Correlation": null, "Execution": {"#attributes": {"ProcessID": 600, "ThreadID": 684}}, "Channel": "System", "Computer": "WIN-P4PGN19G2KB", "Security": null}, "EventData": {"param1": "SystemEventsBroker", "param2": "running", "Binary": "530079007300740065006D004500760065006E0074007300420072006F006B00650072002F0034000000"}}},
{"TimeGenerated": "2025-06-08T23:31:25.491283Z", "EventID": {"#attributes": {"Qualifiers": 16384}, "#text": 7036}, "Computer": "WIN-P4PGN19G2KB", "RawEvent": {"#attributes": {"xmlns": "http://schemas.microsoft.com/win/2004/08/events/event"}, "System": {"Provider": {"#attributes": {"Name": "Service Control Manager", "Guid": "{555908d1-a6d7-4695-8e1e-26931d2012f4}", "EventSourceName": "Service Control Manager"}}, "EventID": {"#attributes": {"Qualifiers": 16384}, "#text": 7036}, "Version": 0, "Level": 4, "Task": 0, "Opcode": 0, "Keywords": "0x8080000000000000", "TimeCreated": {"#attributes": {"SystemTime": "2025-06-08T23:31:25.491283Z"}}, "EventRecordID": 39, "Correlation": null, "Execution": {"#attributes": {"ProcessID": 600, "ThreadID": 700}}, "Channel": "System", "Computer": "WIN-P4PGN19G2KB", "Security": null}, "EventData": {"param1": "DeviceInstall", "param2": "running", "Binary": "44006500760069006300650049006E007300740061006C006C002F0034000000"}}},
{"TimeGenerated": "2025-06-08T23:31:25.600646Z", "EventID": {"#attributes": {"Qualifiers": 16384}, "#text": 7036}, "Computer": "WIN-P4PGN19G2KB", "RawEvent": {"#attributes": {"xmlns": "http://schemas.microsoft.com/win/2004/08/events/event"}, "System": {"Provider": {"#attributes": {"Name": "Service Control Manager", "Guid": "{555908d1-a6d7-4695-8e1e-26931d2012f4}", "EventSourceName": "Service Control Manager"}}, "EventID": {"#attributes": {"Qualifiers": 16384}, "#text": 7036}, "Version": 0, "Level": 4, "Task": 0, "Opcode": 0, "Keywords": "0x8080000000000000", "TimeCreated": {"#attributes": {"SystemTime": "2025-06-08T23:31:25.600646Z"}}, "EventRecordID": 40, "Correlation": null, "Execution": {"#attributes": {"ProcessID": 600, "ThreadID": 684}}, "Channel": "System", "Computer": "WIN-P4PGN19G2KB", "Security": null}, "EventData": {"param1": "NetSetupSvc", "param2": "running", "Binary": "4E0065007400530065007400750070005300760063002F0034000000"}}},
{"TimeGenerated": "2025-06-08T23:31:25.631234Z", "EventID": 16, "Computer": "WIN-P4PGN19G2KB", "RawEvent": {"#attributes": {"xmlns": "http://schemas.microsoft.com/win/2004/08/events/event"}, "System": {"Provider": {"#attributes": {"Name": "Microsoft-Windows-Kernel-General", "Guid": "A68CA8B7-004F-D7B6-A698-07E2DE0F1F5D"}}, "EventID": 16, "Version": 0, "Level": 4, "Task": 0, "Opcode": 0, "Keywords": "0x8000000000000000", "TimeCreated": {"#attributes": {"SystemTime": "2025-06-08T23:31:25.631234Z"}}, "EventRecordID": 41, "Correlation": null, "Execution": {"#attributes": {"ProcessID": 600, "ThreadID": 604}}, "Channel": "System", "Computer": "WIN-P4PGN19G2KB", "Security": {"#attributes": {"UserID": "S-1-5-18"}}}, "EventData": {"HiveNameLength": 54, "HiveName": "\\??\\C:\\Windows\\ServiceProfiles\\LocalService\\NTUSER.DAT", "KeysUpdated": 551, "DirtyPages": 33}}},
{"TimeGenerated": "2025-06-08T23:31:25.678912Z", "EventID": {"#attributes": {"Qualifiers": 16384}, "#text": 7036}, "Computer": "WIN-P4PGN19G2KB", "RawEvent": {"#attributes": {"xmlns": "http://schemas.microsoft.com/win/2004/08/events/event"}, "System": {"Provider": {"#attributes": {"Name": "Service Control Manager", "Guid": "{555908d1-a6d7-4695-8e1e-26931d2012f4}", "EventSourceName": "Service Control Manager"}}, "EventID": {"#attributes": {"Qualifiers": 16384}, "#text": 7036}, "Version": 0, "Level": 4, "Task": 0, "Opcode": 0, "Keywords": "0x8080000000000000", "TimeCreated": {"#attributes": {"SystemTime": "2025-06-08T23:31:25.678912Z"}}, "EventRecordID": 42, "Correlation": null, "Execution": {"#attributes": {"ProcessID": 600, "ThreadID": 684}}, "Channel": "System", "Computer": "WIN-P4PGN19G2KB", "Security": null}, "EventData": {"param1": "CoreMessagingRegistrar", "param2": "running", "Binary": "43006F00720065004D006500730073006100670069006E0067005200650067006900730074007200610072002F0034000000"}}},
{"TimeGenerated": "2025-06-08T23:31:32.423725Z", "EventID": 16977, "Computer": "WIN-P4PGN19G2KB", "RawEvent": {"#attributes": {"xmlns": "http://schemas.microsoft.com/win/2004/08/events/event"}, "System": {"Provider": {"#attributes": {"Name": "Microsoft-Windows-Directory-Services-SAM", "Guid": "0D4FDC09-8C27-494A-BDA0-505E4FD8ADAE"}}, "EventID": 16977, "Version": 0, "Level": 4, "Task": 0, "Opcode": 0, "Keywords": "0x8000000000000000", "TimeCreated": {"#attributes": {"SystemTime": "2025-06-08T23:31:32.423725Z"}}, "EventRecordID": 43, "Correlation": {"#attributes": {"ActivityID": "6FE908C0-D8CD-0000-620A-E96FCDD8DB01"}}, "Execution": {"#attributes": {"ProcessID": 612, "ThreadID": 716}}, "Channel": "System", "Computer": "WIN-P4PGN19G2KB", "Security": {"#attributes": {"UserID": "S-1-5-18"}}}, "EventData": {"#attributes": {"Name": "SAMMSG_MINPWDLEN_SETTINGS_IN_EFFECT"}, "MinimumPasswordLength": 0, "MinimumPasswordLengthAudit": -1}}},
{"TimeGenerated": "2025-06-08T23:31:32.631909Z", "EventID": {"#attributes": {"Qualifiers": 16384}, "#text": 7036}, "Computer": "WIN-P4PGN19G2KB", "RawEvent": {"#attributes": {"xmlns": "http://schemas.microsoft.com/win/2004/08/events/event"}, "System": {"Provider": {"#attributes": {"Name": "Service Control Manager", "Guid": "{555908d1-a6d7-4695-8e1e-26931d2012f4}", "EventSourceName": "Service Control Manager"}}, "EventID": {"#attributes": {"Qualifiers": 16384}, "#text": 7036}, "Version": 0, "Level": 4, "Task": 0, "Opcode": 0, "Keywords": "0x8080000000000000", "TimeCreated": {"#attributes": {"SystemTime": "2025-06-08T23:31:32.631909Z"}}, "EventRecordID": 44, "Correlation": null, "Execution": {"#attributes": {"ProcessID": 600, "ThreadID": 1108}}, "Channel": "System", "Computer": "WIN-P4PGN19G2KB", "Security": null}, "EventData": {"param1": "BrokerInfrastructure", "param2": "running", "Binary": "420072006F006B006500720049006E006600720061007300740072007500630074007500720065002F0034000000"}}},
{"TimeGenerated": "2025-06-08T23:31:32.666270Z", "EventID": 16, "Computer": "WIN-P4PGN19G2KB", "RawEvent": {"#attributes": {"xmlns": "http://schemas.microsoft.com/win/2004/08/events/event"}, "System": {"Provider": {"#attributes": {"Name": "Microsoft-Windows-Kernel-General", "Guid": "A68CA8B7-004F-D7B6-A698-07E2DE0F1F5D"}}, "EventID": 16, "Version": 0, "Level": 4, "Task": 0, "Opcode": 0, "Keywords": "0x8000000000000000", "TimeCreated": {"#attributes": {"SystemTime": "2025-06-08T23:31:32.666270Z"}}, "EventRecordID": 45, "Correlation": null, "Execution": {"#attributes": {"ProcessID": 816, "ThreadID": 772}}, "Channel": "System", "Computer": "WIN-P4PGN19G2KB", "Security": {"#attributes": {"UserID": "S-1-5-18"}}}, "EventData": {"HiveNameLength": 31, "HiveName": "\\SystemRoot\\System32\\Config\\BBI", "KeysUpdated": 1, "DirtyPages": 1}}},
{"TimeGenerated": "2025-06-08T23:31:32.663263Z", "EventID": {"#attributes": {"Qualifiers": 16384}, "#text": 7036}, "Computer": "WIN-P4PGN19G2KB", "RawEvent": {"#attributes": {"xmlns": "http://schemas.microsoft.com/win/2004/08/events/event"}, "System": {"Provider": {"#attributes": {"Name": "Service Control Manager", "Guid": "{555908d1-a6d7-4695-8e1e-26931d2012f4}", "EventSourceName": "Service Control Manager"}}, "EventID": {"#attributes": {"Qualifiers": 16384}, "#text": 7036}, "Version": 0, "Level": 4, "Task": 0, "Opcode": 0, "Keywords": "0x8080000000000000", "TimeCreated": {"#attributes": {"SystemTime": "2025-06-08T23:31:32.663263Z"}}, "EventRecordID": 46, "Correlation": null, "Execution": {"#attributes": {"ProcessID": 600, "ThreadID": 700}}, "Channel": "System", "Computer": "WIN-P4PGN19G2KB", "Security": null}, "EventData": {"param1": "DsmSvc", "param2": "running", "Binary": "440073006D005300760063002F0034000000"}}},
{"TimeGenerated": "2025-06-08T23:31:32.740185Z", "EventID": 6, "Computer": "WIN-P4PGN19G2KB", "RawEvent": {"#attributes": {"xmlns": "http://schemas.microsoft.com/win/2004/08/events/event"}, "System": {"Provider": {"#attributes": {"Name": "Microsoft-Windows-FilterManager", "Guid": "F3C5E28E-63F6-49C7-A204-E48A1BC4B09D"}}, "EventID": 6, "Version": 0, "Level": 4, "Task": 0, "Opcode": 0, "Keywords": "0x8000000000000000", "TimeCreated": {"#attributes": {"SystemTime": "2025-06-08T23:31:32.740185Z"}}, "EventRecordID": 47, "Correlation": null, "Execution": {"#attributes": {"ProcessID": 4, "ThreadID": 32}}, "Channel": "System", "Computer": "WIN-P4PGN19G2KB", "Security": {"#attributes": {"UserID": "S-1-5-18"}}}, "EventData": {"FinalStatus": "0x0", "DeviceVersionMajor": 10, "DeviceVersionMinor": 0, "DeviceNameLength": 5, "DeviceName": "wcifs", "DeviceTime": "2046-04-07T00:59:48.000000Z"}}},
{"TimeGenerated": "2025-06-08T23:31:32.741952Z", "EventID": 6, "Computer": "WIN-P4PGN19G2KB", "RawEvent": {"#attributes": {"xmlns": "http://schemas.microsoft.com/win/2004/08/events/event"}, "System": {"Provider": {"#attributes": {"Name": "Microsoft-Windows-FilterManager", "Guid": "F3C5E28E-63F6-49C7-A204-E48A1BC4B09D"}}, "EventID": 6, "Version": 0, "Level": 4, "Task": 0, "Opcode": 0, "Keywords": "0x8000000000000000", "TimeCreated": {"#attributes": {"SystemTime": "2025-06-08T23:31:32.741952Z"}}, "EventRecordID": 48, "Correlation": null, "Execution": {"#attributes": {"ProcessID": 4, "ThreadID": 188}}, "Channel": "System", "Computer": "WIN-P4PGN19G2KB", "Security": {"#attributes": {"UserID": "S-1-5-18"}}}, "EventData": {"FinalStatus": "0x0", "DeviceVersionMajor": 10, "DeviceVersionMinor": 0, "DeviceNameLength": 5, "DeviceName": "luafv", "DeviceTime": "2004-12-24T20:21:01.000000Z"}}},
{"TimeGenerated": "2025-06-08T23:31:32.752248Z", "EventID": 6, "Computer": "WIN-P4PGN19G2KB", "RawEvent": {"#attributes": {"xmlns": "http://schemas.microsoft.com/win/2004/08/events/event"}, "System": {"Provider": {"#attributes": {"Name": "Microsoft-Windows-FilterManager", "Guid": "F3C5E28E-63F6-49C7-A204-E48A1BC4B09D"}}, "EventID": 6, "Version": 0, "Level": 4, "Task": 0, "Opcode": 0, "Keywords": "0x8000000000000000", "TimeCreated": {"#attributes": {"SystemTime": "2025-06-08T23:31:32.752248Z"}}, "EventRecordID": 49, "Correlation": null, "Execution": {"#attributes": {"ProcessID": 4, "ThreadID": 188}}, "Channel": "System", "Computer": "WIN-P4PGN19G2KB", "Security": {"#attributes": {"UserID": "S-1-5-18"}}}, "EventData": {"FinalStatus": "0x0", "DeviceVersionMajor": 10, "DeviceVersionMinor": 0, "DeviceNameLength": 6, "DeviceName": "CldFlt", "DeviceTime": "1983-11-13T18:18:55.000000Z"}}},
{"TimeGenerated": "2025-06-08T23:31:32.752255Z", "EventID": 1, "Computer": "WIN-P4PGN19G2KB", "RawEvent": {"#attributes": {"xmlns": "http://schemas.microsoft.com/win/2004/08/events/event"}, "System": {"Provider": {"#attributes": {"Name": "Microsoft-Windows-FilterManager", "Guid": "F3C5E28E-63F6-49C7-A204-E48A1BC4B09D"}}, "EventID": 1, "Version": 0, "Level": 4, "Task": 0, "Opcode": 0, "Keywords": "0x8000000000000000", "TimeCreated": {"#attributes": {"SystemTime": "2025-06-08T23:31:32.752255Z"}}, "EventRecordID": 50, "Correlation": null, "Execution": {"#attributes": {"ProcessID": 4, "ThreadID": 188}}, "Channel": "System", "Computer": "WIN-P4PGN19G2KB", "Security": {"#attributes": {"UserID": "S-1-5-18"}}}, "EventData": {"FinalStatus": "0x0", "DeviceVersionMajor": 10, "DeviceVersionMinor": 0, "DeviceNameLength": 6, "DeviceName": "CldFlt", "DeviceTime": "1983-11-13T18:18:55.000000Z"}}},
{"TimeGenerated": "2025-06-08T23:31:32.752287Z", "EventID": 6, "Computer": "WIN-P4PGN19G2KB", "RawEvent": {"#attributes": {"xmlns": "http://schemas.microsoft.com/win/2004/08/events/event"}, "System": {"Provider": {"#attributes": {"Name": "Microsoft-Windows-FilterManager", "Guid": "F3C5E28E-63F6-49C7-A204-E48A1BC4B09D"}}, "EventID": 6, "Version": 0, "Level": 4, "Task": 0, "Opcode": 0, "Keywords": "0x8000000000000000", "TimeCreated": {"#attributes": {"SystemTime": "2025-06-08T23:31:32.752287Z"}}, "EventRecordID": 51, "Correlation": null, "Execution": {"#attributes": {"ProcessID": 4, "ThreadID": 188}}, "Channel": "System", "Computer": "WIN-P4PGN19G2KB", "Security": {"#attributes": {"UserID": "S-1-5-18"}}}, "EventData": {"FinalStatus": "0x0", "DeviceVersionMajor": 10, "DeviceVersionMinor": 0, "DeviceNameLength": 6, "DeviceName": "CldFlt", "DeviceTime": "1983-11-13T18:18:55.000000Z"}}},
{"TimeGenerated": "2025-06-08T23:31:32.755034Z", "EventID": 6, "Computer": "WIN-P4PGN19G2KB", "RawEvent": {"#attributes": {"xmlns": "http://schemas.microsoft.com/win/2004/08/events/event"}, "System": {"Provider": {"#attributes": {"Name": "Microsoft-Windows-FilterManager", "Guid": "F3C5E28E-63F6-49C7-A204-E48A1BC4B09D"}}, "EventID": 6, "Version": 0, "Level": 4, "Task": 0, "Opcode": 0, "Keywords": "0x8000000000000000", "TimeCreated": {"#attributes": {"SystemTime": "2025-06-08T23:31:32.755034Z"}}, "EventRecordID": 52, "Correlation": null, "Execution": {"#attributes": {"ProcessID": 4, "ThreadID": 188}}, "Channel": "System", "Computer": "WIN-P4PGN19G2KB", "Security": {"#attributes": {"UserID": "S-1-5-18"}}}, "EventData": {"FinalStatus": "0x0", "DeviceVersionMajor": 10, "DeviceVersionMinor": 0, "DeviceNameLength": 10, "DeviceName": "storqosflt", "DeviceTime": "2004-08-10T09:55:11.000000Z"}}},
