{"TimeGenerated": "2025-06-08T23:31:52.777572Z", "EventID": 55, "Computer": "WIN-P4PGN19G2KB", "RawEvent": {"#attributes": {"xmlns": "http://schemas.microsoft.com/win/2004/08/events/event"}, "System": {"Provider": {"#attributes": {"Name": "Microsoft-Windows-Kernel-Processor-Power", "Guid": "0F67E49F-FE51-4E9F-B490-6F2948CC6027"}}, "EventID": 55, "Version": 0, "Level": 4, "Task": 47, "Opcode": 0, "Keywords": "0x8000000000000000", "TimeCreated": {"#attributes": {"SystemTime": "2025-06-08T23:31:52.777572Z"}}, "EventRecordID": 211, "Correlation": null, "Execution": {"#attributes": {"ProcessID": 4, "ThreadID": 248}}, "Channel": "System", "Computer": "WIN-P4PGN19G2KB", "Security": {"#attributes": {"UserID": "S-1-5-18"}}}, "EventData": {"Group": 0, "Number": 0, "IdleStateCount": 1, "IdleImplementation": 1, "NominalFrequency": 3400, "MaximumPerformancePercent": 100, "MinimumPerformancePercent": 100, "MinimumThrottlePercent": 100, "PerformanceImplementation": 0}}},
{"TimeGenerated": "2025-06-08T23:31:52.777978Z", "EventID": 55, "Computer": "WIN-P4PGN19G2KB", "RawEvent": {"#attributes": {"xmlns": "http://schemas.microsoft.com/win/2004/08/events/event"}, "System": {"Provider": {"#attributes": {"Name": "Microsoft-Windows-Kernel-Processor-Power", "Guid": "0F67E49F-FE51-4E9F-B490-6F2948CC6027"}}, "EventID": 55, "Version": 0, "Level": 4, "Task": 47, "Opcode": 0, "Keywords": "0x8000000000000000", "TimeCreated": {"#attributes": {"SystemTime": "2025-06-08T23:31:52.777978Z"}}, "EventRecordID": 212, "Correlation": null, "Execution": {"#attributes": {"ProcessID": 4, "ThreadID": 248}}, "Channel": "System", "Computer": "WIN-P4PGN19G2KB", "Security": {"#attributes": {"UserID": "S-1-5-18"}}}, "EventData": {"Group": 0, "Number": 1, "IdleStateCount": 1, "IdleImplementation": 1, "NominalFrequency": 3400, "MaximumPerformancePercent": 100, "MinimumPerformancePercent": 100, "MinimumThrottlePercent": 100, "PerformanceImplementation": 0}}},
{"TimeGenerated": "2025-06-08T23:31:53.021569Z", "EventID": {"#attributes": {"Qualifiers": 24580}, "#text": 32}, "Computer": "WIN-P4PGN19G2KB", "RawEvent": {"#attributes": {"xmlns": "http://schemas.microsoft.com/win/2004/08/events/event"}, "System": {"Provider": {"#attributes": {"Name": "e1iexpress"}}, "EventID": {"#attributes": {"Qualifiers": 24580}, "#text": 32}, "Level": 4, "Task": 0, "Keywords": "0x80000000000000", "TimeCreated": {"#attributes": {"SystemTime": "2025-06-08T23:31:53.021569Z"}}, "EventRecordID": 213, "Channel": "System", "Computer": "WIN-P4PGN19G2KB", "Security": null}, "EventData": {"Data": {"#text": ["", "Intel(R) 82574L Gigabit Network Connection"]}, "Binary": "0000040002003000000000002000046000000000000000000000000000000000000000000000000020000460"}}},
{"TimeGenerated": "2025-06-08T23:31:53.038053Z", "EventID": 98, "Computer": "WIN-P4PGN19G2KB", "RawEvent": {"#attributes": {"xmlns": "http://schemas.microsoft.com/win/2004/08/events/event"}, "System": {"Provider": {"#attributes": {"Name": "Microsoft-Windows-Ntfs", "Guid": "3FF37A1C-A68D-4D6E-8C9B-F79E8B16C482"}}, "EventID": 98, "Version": 0, "Level": 4, "Task": 0, "Opcode": 0, "Keywords": "0x8000000000000002", "TimeCreated": {"#attributes": {"SystemTime": "2025-06-08T23:31:53.038053Z"}}, "EventRecordID": 214, "Correlation": null, "Execution": {"#attributes": {"ProcessID": 4, "ThreadID": 248}}, "Channel": "System", "Computer": "WIN-P4PGN19G2KB", "Security": {"#attributes": {"UserID": "S-1-5-18"}}}, "EventData": {"DriveName": "\\\\?\\Volume{b201937d-6d9a-48d9-97d0-8c62ad1c9720}", "DeviceName": "\\Device\\HarddiskVolume1", "CorruptionActionState": 0}}},
{"TimeGenerated": "2025-06-08T23:31:53.394719Z", "EventID": 14, "Computer": "WIN-P4PGN19G2KB", "RawEvent": {"#attributes": {"xmlns": "http://schemas.microsoft.com/win/2004/08/events/event"}, "System": {"Provider": {"#attributes": {"Name": "Microsoft-Windows-Wininit", "Guid": "206F6DEA-D3C5-4D10-BC72-989F03C8B84B"}}, "EventID": 14, "Version": 0, "Level": 4, "Task": 0, "Opcode": 0, "Keywords": "0x4000000000000000", "TimeCreated": {"#attributes": {"SystemTime": "2025-06-08T23:31:53.394719Z"}}, "EventRecordID": 215, "Correlation": null, "Execution": {"#attributes": {"ProcessID": 460, "ThreadID": 464}}, "Channel": "System", "Computer": "WIN-P4PGN19G2KB", "Security": {"#attributes": {"UserID": "S-1-5-18"}}}, "EventData": {"Config": 0, "IsTestConfig": 0}}},
{"TimeGenerated": "2025-06-08T23:31:53.463899Z", "EventID": 16962, "Computer": "WIN-P4PGN19G2KB", "RawEvent": {"#attributes": {"xmlns": "http://schemas.microsoft.com/win/2004/08/events/event"}, "System": {"Provider": {"#attributes": {"Name": "Microsoft-Windows-Directory-Services-SAM", "Guid": "0D4FDC09-8C27-494A-BDA0-505E4FD8ADAE"}}, "EventID": 16962, "Version": 0, "Level": 4, "Task": 0, "Opcode": 0, "Keywords": "0x8000000000000000", "TimeCreated": {"#attributes": {"SystemTime": "2025-06-08T23:31:53.463899Z"}}, "EventRecordID": 216, "Correlation": {"#attributes": {"ActivityID": "81548821-D8CD-0000-358A-5481CDD8DB01"}}, "Execution": {"#attributes": {"ProcessID": 604, "ThreadID": 608}}, "Channel": "System", "Computer": "WIN-P4PGN19G2KB", "Security": {"#attributes": {"UserID": "S-1-5-18"}}}, "EventData": {"#attributes": {"Name": "SAMMSG_RESTRICT_REMOTE_SAM_DEFAULT_SD"}, "Default SD String:": "O:SYG:SYD:(A;;RC;;;BA)"}}},
{"TimeGenerated": "2025-06-08T23:31:53.467393Z", "EventID": 16977, "Computer": "WIN-P4PGN19G2KB", "RawEvent": {"#attributes": {"xmlns": "http://schemas.microsoft.com/win/2004/08/events/event"}, "System": {"Provider": {"#attributes": {"Name": "Microsoft-Windows-Directory-Services-SAM", "Guid": "0D4FDC09-8C27-494A-BDA0-505E4FD8ADAE"}}, "EventID": 16977, "Version": 0, "Level": 4, "Task": 0, "Opcode": 0, "Keywords": "0x8000000000000000", "TimeCreated": {"#attributes": {"SystemTime": "2025-06-08T23:31:53.467393Z"}}, "EventRecordID": 217, "Correlation": {"#attributes": {"ActivityID": "81548821-D8CD-0000-358A-5481CDD8DB01"}}, "Execution": {"#attributes": {"ProcessID": 604, "ThreadID": 608}}, "Channel": "System", "Computer": "WIN-P4PGN19G2KB", "Security": {"#attributes": {"UserID": "S-1-5-18"}}}, "EventData": {"#attributes": {"Name": "SAMMSG_MINPWDLEN_SETTINGS_IN_EFFECT"}, "MinimumPasswordLength": 0, "MinimumPasswordLengthAudit": -1}}},
{"TimeGenerated": "2025-06-08T23:31:53.467395Z", "EventID": 16983, "Computer": "WIN-P4PGN19G2KB", "RawEvent": {"#attributes": {"xmlns": "http://schemas.microsoft.com/win/2004/08/events/event"}, "System": {"Provider": {"#attributes": {"Name": "Microsoft-Windows-Directory-Services-SAM", "Guid": "0D4FDC09-8C27-494A-BDA0-505E4FD8ADAE"}}, "EventID": 16983, "Version": 0, "Level": 4, "Task": 0, "Opcode": 0, "Keywords": "0x8000000000000000", "TimeCreated": {"#attributes": {"SystemTime": "2025-06-08T23:31:53.467395Z"}}, "EventRecordID": 218, "Correlation": {"#attributes": {"ActivityID": "81548821-D8CD-0000-358A-5481CDD8DB01"}}, "Execution": {"#attributes": {"ProcessID": 604, "ThreadID": 608}}, "Channel": "System", "Computer": "WIN-P4PGN19G2KB", "Security": {"#attributes": {"UserID": "S-1-5-18"}}}, "EventData": {"#attributes": {"Name": "SAMMSG_AUDIT_LEGACY_PWD_RPC_METHODS_OFF"}}}},
{"TimeGenerated": "2025-06-08T23:31:53.474272Z", "EventID": {"#attributes": {"Qualifiers": 16384}, "#text": 7036}, "Computer": "WIN-P4PGN19G2KB", "RawEvent": {"#attributes": {"xmlns": "http://schemas.microsoft.com/win/2004/08/events/event"}, "System": {"Provider": {"#attributes": {"Name": "Service Control Manager", "Guid": "{555908d1-a6d7-4695-8e1e-26931d2012f4}", "EventSourceName": "Service Control Manager"}}, "EventID": {"#attributes": {"Qualifiers": 16384}, "#text": 7036}, "Version": 0, "Level": 4, "Task": 0, "Opcode": 0, "Keywords": "0x8080000000000000", "TimeCreated": {"#attributes": {"SystemTime": "2025-06-08T23:31:53.474272Z"}}, "EventRecordID": 219, "Correlation": null, "Execution": {"#attributes": {"ProcessID": 596, "ThreadID": 692}}, "Channel": "System", "Computer": "WIN-P4PGN19G2KB", "Security": null}, "EventData": {"param1": "PlugPlay", "param2": "running", "Binary": "50006C007500670050006C00610079002F0034000000"}}},
{"TimeGenerated": "2025-06-08T23:31:53.505497Z", "EventID": {"#attributes": {"Qualifiers": 16384}, "#text": 7036}, "Computer": "WIN-P4PGN19G2KB", "RawEvent": {"#attributes": {"xmlns": "http://schemas.microsoft.com/win/2004/08/events/event"}, "System": {"Provider": {"#attributes": {"Name": "Service Control Manager", "Guid": "{555908d1-a6d7-4695-8e1e-26931d2012f4}", "EventSourceName": "Service Control Manager"}}, "EventID": {"#attributes": {"Qualifiers": 16384}, "#text": 7036}, "Version": 0, "Level": 4, "Task": 0, "Opcode": 0, "Keywords": "0x8080000000000000", "TimeCreated": {"#attributes": {"SystemTime": "2025-06-08T23:31:53.505497Z"}}, "EventRecordID": 220, "Correlation": null, "Execution": {"#attributes": {"ProcessID": 596, "ThreadID": 692}}, "Channel": "System", "Computer": "WIN-P4PGN19G2KB", "Security": null}, "EventData": {"param1": "Power", "param2": "running", "Binary": "50006F007700650072002F0034000000"}}},
{"TimeGenerated": "2025-06-08T23:31:53.521337Z", "EventID": {"#attributes": {"Qualifiers": 16384}, "#text": 7036}, "Computer": "WIN-P4PGN19G2KB", "RawEvent": {"#attributes": {"xmlns": "http://schemas.microsoft.com/win/2004/08/events/event"}, "System": {"Provider": {"#attributes": {"Name": "Service Control Manager", "Guid": "{555908d1-a6d7-4695-8e1e-26931d2012f4}", "EventSourceName": "Service Control Manager"}}, "EventID": {"#attributes": {"Qualifiers": 16384}, "#text": 7036}, "Version": 0, "Level": 4, "Task": 0, "Opcode": 0, "Keywords": "0x8080000000000000", "TimeCreated": {"#attributes": {"SystemTime": "2025-06-08T23:31:53.521337Z"}}, "EventRecordID": 221, "Correlation": null, "Execution": {"#attributes": {"ProcessID": 596, "ThreadID": 692}}, "Channel": "System", "Computer": "WIN-P4PGN19G2KB", "Security": null}, "EventData": {"param1": "DcomLaunch", "param2": "running", "Binary": "440063006F006D004C00610075006E00630068002F0034000000"}}},
{"TimeGenerated": "2025-06-08T23:31:53.536773Z", "EventID": {"#attributes": {"Qualifiers": 16384}, "#text": 7036}, "Computer": "WIN-P4PGN19G2KB", "RawEvent": {"#attributes": {"xmlns": "http://schemas.microsoft.com/win/2004/08/events/event"}, "System": {"Provider": {"#attributes": {"Name": "Service Control Manager", "Guid": "{555908d1-a6d7-4695-8e1e-26931d2012f4}", "EventSourceName": "Service Control Manager"}}, "EventID": {"#attributes": {"Qualifiers": 16384}, "#text": 7036}, "Version": 0, "Level": 4, "Task": 0, "Opcode": 0, "Keywords": "0x8080000000000000", "TimeCreated": {"#attributes": {"SystemTime": "2025-06-08T23:31:53.536773Z"}}, "EventRecordID": 222, "Correlation": null, "Execution": {"#attributes": {"ProcessID": 596, "ThreadID": 692}}, "Channel": "System", "Computer": "WIN-P4PGN19G2KB", "Security": null}, "EventData": {"param1": "RpcEptMapper", "param2": "running", "Binary": "5200700063004500700074004D00610070007000650072002F0034000000"}}},
{"TimeGenerated": "2025-06-08T23:31:53.536773Z", "EventID": {"#attributes": {"Qualifiers": 16384}, "#text": 7036}, "Computer": "WIN-P4PGN19G2KB", "RawEvent": {"#attributes": {"xmlns": "http://schemas.microsoft.com/win/2004/08/events/event"}, "System": {"Provider": {"#attributes": {"Name": "Service Control Manager", "Guid": "{555908d1-a6d7-4695-8e1e-26931d2012f4}", "EventSourceName": "Service Control Manager"}}, "EventID": {"#attributes": {"Qualifiers": 16384}, "#text": 7036}, "Version": 0, "Level": 4, "Task": 0, "Opcode": 0, "Keywords": "0x8080000000000000", "TimeCreated": {"#attributes": {"SystemTime": "2025-06-08T23:31:53.536773Z"}}, "EventRecordID": 223, "Correlation": null, "Execution": {"#attributes": {"ProcessID": 596, "ThreadID": 692}}, "Channel": "System", "Computer": "WIN-P4PGN19G2KB", "Security": null}, "EventData": {"param1": "RpcSs", "param2": "running", "Binary": "520070006300530073002F0034000000"}}},
{"TimeGenerated": "2025-06-08T23:31:53.552390Z", "EventID": {"#attributes": {"Qualifiers": 16384}, "#text": 7036}, "Computer": "WIN-P4PGN19G2KB", "RawEvent": {"#attributes": {"xmlns": "http://schemas.microsoft.com/win/2004/08/events/event"}, "System": {"Provider": {"#attributes": {"Name": "Service Control Manager", "Guid": "{555908d1-a6d7-4695-8e1e-26931d2012f4}", "EventSourceName": "Service Control Manager"}}, "EventID": {"#attributes": {"Qualifiers": 16384}, "#text": 7036}, "Version": 0, "Level": 4, "Task": 0, "Opcode": 0, "Keywords": "0x8080000000000000", "TimeCreated": {"#attributes": {"SystemTime": "2025-06-08T23:31:53.552390Z"}}, "EventRecordID": 224, "Correlation": null, "Execution": {"#attributes": {"ProcessID": 596, "ThreadID": 692}}, "Channel": "System", "Computer": "WIN-P4PGN19G2KB", "Security": null}, "EventData": {"param1": "LSM", "param2": "running", "Binary": "4C0053004D002F0034000000"}}},
{"TimeGenerated": "2025-06-08T23:31:53.599239Z", "EventID": {"#attributes": {"Qualifiers": 16384}, "#text": 7036}, "Computer": "WIN-P4PGN19G2KB", "RawEvent": {"#attributes": {"xmlns": "http://schemas.microsoft.com/win/2004/08/events/event"}, "System": {"Provider": {"#attributes": {"Name": "Service Control Manager", "Guid": "{555908d1-a6d7-4695-8e1e-26931d2012f4}", "EventSourceName": "Service Control Manager"}}, "EventID": {"#attributes": {"Qualifiers": 16384}, "#text": 7036}, "Version": 0, "Level": 4, "Task": 0, "Opcode": 0, "Keywords": "0x8080000000000000", "TimeCreated": {"#attributes": {"SystemTime": "2025-06-08T23:31:53.599239Z"}}, "EventRecordID": 225, "Correlation": null, "Execution": {"#attributes": {"ProcessID": 596, "ThreadID": 692}}, "Channel": "System", "Computer": "WIN-P4PGN19G2KB", "Security": null}, "EventData": {"param1": "sppsvc", "param2": "running", "Binary": "7300700070007300760063002F0034000000"}}},
{"TimeGenerated": "2025-06-08T23:31:53.615047Z", "EventID": {"#attributes": {"Qualifiers": 16384}, "#text": 7036}, "Computer": "WIN-P4PGN19G2KB", "RawEvent": {"#attributes": {"xmlns": "http://schemas.microsoft.com/win/2004/08/events/event"}, "System": {"Provider": {"#attributes": {"Name": "Service Control Manager", "Guid": "{555908d1-a6d7-4695-8e1e-26931d2012f4}", "EventSourceName": "Service Control Manager"}}, "EventID": {"#attributes": {"Qualifiers": 16384}, "#text": 7036}, "Version": 0, "Level": 4, "Task": 0, "Opcode": 0, "Keywords": "0x8080000000000000", "TimeCreated": {"#attributes": {"SystemTime": "2025-06-08T23:31:53.615047Z"}}, "EventRecordID": 226, "Correlation": null, "Execution": {"#attributes": {"ProcessID": 596, "ThreadID": 692}}, "Channel": "System", "Computer": "WIN-P4PGN19G2KB", "Security": null}, "EventData": {"param1": "SystemEventsBroker", "param2": "running", "Binary": "530079007300740065006D004500760065006E0074007300420072006F006B00650072002F0034000000"}}},
{"TimeGenerated": "2025-06-08T23:31:53.615047Z", "EventID": {"#attributes": {"Qualifiers": 16384}, "#text": 7036}, "Computer": "WIN-P4PGN19G2KB", "RawEvent": {"#attributes": {"xmlns": "http://schemas.microsoft.com/win/2004/08/events/event"}, "System": {"Provider": {"#attributes": {"Name": "Service Control Manager", "Guid": "{555908d1-a6d7-4695-8e1e-26931d2012f4}", "EventSourceName": "Service Control Manager"}}, "EventID": {"#attributes": {"Qualifiers": 16384}, "#text": 7036}, "Version": 0, "Level": 4, "Task": 0, "Opcode": 0, "Keywords": "0x8080000000000000", "TimeCreated": {"#attributes": {"SystemTime": "2025-06-08T23:31:53.615047Z"}}, "EventRecordID": 227, "Correlation": null, "Execution": {"#attributes": {"ProcessID": 596, "ThreadID": 692}}, "Channel": "System", "Computer": "WIN-P4PGN19G2KB", "Security": null}, "EventData": {"param1": "DeviceInstall", "param2": "running", "Binary": "44006500760069006300650049006E007300740061006C006C002F0034000000"}}},
{"TimeGenerated": "2025-06-08T23:31:53.630504Z", "EventID": {"#attributes": {"Qualifiers": 16384}, "#text": 7036}, "Computer": "WIN-P4PGN19G2KB", "RawEvent": {"#attributes": {"xmlns": "http://schemas.microsoft.com/win/2004/08/events/event"}, "System": {"Provider": {"#attributes": {"Name": "Service Control Manager", "Guid": "{555908d1-a6d7-4695-8e1e-26931d2012f4}", "EventSourceName": "Service Control Manager"}}, "EventID": {"#attributes": {"Qualifiers": 16384}, "#text": 7036}, "Version": 0, "Level": 4, "Task": 0, "Opcode": 0, "Keywords": "0x8080000000000000", "TimeCreated": {"#attributes": {"SystemTime": "2025-06-08T23:31:53.630504Z"}}, "EventRecordID": 228, "Correlation": null, "Execution": {"#attributes": {"ProcessID": 596, "ThreadID": 336}}, "Channel": "System", "Computer": "WIN-P4PGN19G2KB", "Security": null}, "EventData": {"param1": "CoreMessagingRegistrar", "param2": "running", "Binary": "43006F00720065004D006500730073006100670069006E0067005200650067006900730074007200610072002F0034000000"}}},
{"TimeGenerated": "2025-06-08T23:31:53.646179Z", "EventID": {"#attributes": {"Qualifiers": 16384}, "#text": 7036}, "Computer": "WIN-P4PGN19G2KB", "RawEvent": {"#attributes": {"xmlns": "http://schemas.microsoft.com/win/2004/08/events/event"}, "System": {"Provider": {"#attributes": {"Name": "Service Control Manager", "Guid": "{555908d1-a6d7-4695-8e1e-26931d2012f4}", "EventSourceName": "Service Control Manager"}}, "EventID": {"#attributes": {"Qualifiers": 16384}, "#text": 7036}, "Version": 0, "Level": 4, "Task": 0, "Opcode": 0, "Keywords": "0x8080000000000000", "TimeCreated": {"#attributes": {"SystemTime": "2025-06-08T23:31:53.646179Z"}}, "EventRecordID": 229, "Correlation": null, "Execution": {"#attributes": {"ProcessID": 596, "ThreadID": 336}}, "Channel": "System", "Computer": "WIN-P4PGN19G2KB", "Security": null}, "EventData": {"param1": "NetSetupSvc", "param2": "running", "Binary": "4E0065007400530065007400750070005300760063002F0034000000"}}},
{"TimeGenerated": "2025-06-08T23:31:57.630496Z", "EventID": {"#attributes": {"Qualifiers": 16384}, "#text": 7036}, "Computer": "WIN-P4PGN19G2KB", "RawEvent": {"#attributes": {"xmlns": "http://schemas.microsoft.com/win/2004/08/events/event"}, "System": {"Provider": {"#attributes": {"Name": "Service Control Manager", "Guid": "{555908d1-a6d7-4695-8e1e-26931d2012f4}", "EventSourceName": "Service Control Manager"}}, "EventID": {"#attributes": {"Qualifiers": 16384}, "#text": 7036}, "Version": 0, "Level": 4, "Task": 0, "Opcode": 0, "Keywords": "0x8080000000000000", "TimeCreated": {"#attributes": {"SystemTime": "2025-06-08T23:31:57.630496Z"}}, "EventRecordID": 230, "Correlation": null, "Execution": {"#attributes": {"ProcessID": 596, "ThreadID": 716}}, "Channel": "System", "Computer": "WIN-P4PGN19G2KB", "Security": null}, "EventData": {"param1": "CryptSvc", "param2": "running", "Binary": "430072007900700074005300760063002F0034000000"}}},
{"TimeGenerated": "2025-06-08T23:31:57.714533Z", "EventID": 16, "Computer": "WIN-P4PGN19G2KB", "RawEvent": {"#attributes": {"xmlns": "http://schemas.microsoft.com/win/2004/08/events/event"}, "System": {"Provider": {"#attributes": {"Name": "Microsoft-Windows-Kernel-General", "Guid": "A68CA8B7-004F-D7B6-A698-07E2DE0F1F5D"}}, "EventID": 16, "Version": 0, "Level": 4, "Task": 0, "Opcode": 0, "Keywords": "0x8000000000000000", "TimeCreated": {"#attributes": {"SystemTime": "2025-06-08T23:31:57.714533Z"}}, "EventRecordID": 231, "Correlation": null, "Execution": {"#attributes": {"ProcessID": 1032, "ThreadID": 1060}}, "Channel": "System", "Computer": "WIN-P4PGN19G2KB", "Security": {"#attributes": {"UserID": "S-1-5-18"}}}, "EventData": {"HiveNameLength": 31, "HiveName": "\\??\\C:\\Users\\Default\\NTUSER.DAT", "KeysUpdated": 551, "DirtyPages": 33}}},
{"TimeGenerated": "2025-06-08T23:31:57.755510Z", "EventID": {"#attributes": {"Qualifiers": 16384}, "#text": 7036}, "Computer": "WIN-P4PGN19G2KB", "RawEvent": {"#attributes": {"xmlns": "http://schemas.microsoft.com/win/2004/08/events/event"}, "System": {"Provider": {"#attributes": {"Name": "Service Control Manager", "Guid": "{555908d1-a6d7-4695-8e1e-26931d2012f4}", "EventSourceName": "Service Control Manager"}}, "EventID": {"#attributes": {"Qualifiers": 16384}, "#text": 7036}, "Version": 0, "Level": 4, "Task": 0, "Opcode": 0, "Keywords": "0x8080000000000000", "TimeCreated": {"#attributes": {"SystemTime": "2025-06-08T23:31:57.755510Z"}}, "EventRecordID": 232, "Correlation": null, "Execution": {"#attributes": {"ProcessID": 596, "ThreadID": 692}}, "Channel": "System", "Computer": "WIN-P4PGN19G2KB", "Security": null}, "EventData": {"param1": "EventLog", "param2": "running", "Binary": "4500760065006E0074004C006F0067002F0034000000"}}},
{"TimeGenerated": "2025-06-08T23:31:57.786827Z", "EventID": {"#attributes": {"Qualifiers": 16384}, "#text": 7036}, "Computer": "WIN-P4PGN19G2KB", "RawEvent": {"#attributes": {"xmlns": "http://schemas.microsoft.com/win/2004/08/events/event"}, "System": {"Provider": {"#attributes": {"Name": "Service Control Manager", "Guid": "{555908d1-a6d7-4695-8e1e-26931d2012f4}", "EventSourceName": "Service Control Manager"}}, "EventID": {"#attributes": {"Qualifiers": 16384}, "#text": 7036}, "Version": 0, "Level": 4, "Task": 0, "Opcode": 0, "Keywords": "0x8080000000000000", "TimeCreated": {"#attributes": {"SystemTime": "2025-06-08T23:31:57.786827Z"}}, "EventRecordID": 233, "Correlation": null, "Execution": {"#attributes": {"ProcessID": 596, "ThreadID": 692}}, "Channel": "System", "Computer": "WIN-P4PGN19G2KB", "Security": null}, "EventData": {"param1": "W32Time", "param2": "running", "Binary": "570033003200540069006D0065002F0034000000"}}},
{"TimeGenerated": "2025-06-08T23:31:57.864865Z", "EventID": {"#attributes": {"Qualifiers": 16384}, "#text": 7036}, "Computer": "WIN-P4PGN19G2KB", "RawEvent": {"#attributes": {"xmlns": "http://schemas.microsoft.com/win/2004/08/events/event"}, "System": {"Provider": {"#attributes": {"Name": "Service Control Manager", "Guid": "{555908d1-a6d7-4695-8e1e-26931d2012f4}", "EventSourceName": "Service Control Manager"}}, "EventID": {"#attributes": {"Qualifiers": 16384}, "#text": 7036}, "Version": 0, "Level": 4, "Task": 0, "Opcode": 0, "Keywords": "0x8080000000000000", "TimeCreated": {"#attributes": {"SystemTime": "2025-06-08T23:31:57.864865Z"}}, "EventRecordID": 234, "Correlation": null, "Execution": {"#attributes": {"ProcessID": 596, "ThreadID": 716}}, "Channel": "System", "Computer": "WIN-P4PGN19G2KB", "Security": null}, "EventData": {"param1": "nsi", "param2": "running", "Binary": "6E00730069002F0034000000"}}},
{"TimeGenerated": "2025-06-08T23:31:57.905402Z", "EventID": 50036, "Computer": "WIN-P4PGN19G2KB", "RawEvent": {"#attributes": {"xmlns": "http://schemas.microsoft.com/win/2004/08/events/event"}, "System": {"Provider": {"#attributes": {"Name": "Microsoft-Windows-Dhcp-Client", "Guid": "15A7A4F8-0072-4EAB-ABAD-F98A4D666AED"}}, "EventID": 50036, "Version": 0, "Level": 4, "Task": 4, "Opcode": 68, "Keywords": "0x2000000000000000", "TimeCreated": {"#attributes": {"SystemTime": "2025-06-08T23:31:57.905402Z"}}, "EventRecordID": 235, "Correlation": null, "Execution": {"#attributes": {"ProcessID": 1284, "ThreadID": 1300}}, "Channel": "System", "Computer": "WIN-P4PGN19G2KB", "Security": {"#attributes": {"UserID": "S-1-5-19"}}}, "EventData": null}},
{"TimeGenerated": "2025-06-08T23:31:57.905584Z", "EventID": 50103, "Computer": "WIN-P4PGN19G2KB", "RawEvent": {"#attributes": {"xmlns": "http://schemas.microsoft.com/win/2004/08/events/event"}, "System": {"Provider": {"#attributes": {"Name": "Microsoft-Windows-Dhcp-Client", "Guid": "15A7A4F8-0072-4EAB-ABAD-F98A4D666AED"}}, "EventID": 50103, "Version": 0, "Level": 4, "Task": 4, "Opcode": 129, "Keywords": "0x2000000000000000", "TimeCreated": {"#attributes": {"SystemTime": "2025-06-08T23:31:57.905584Z"}}, "EventRecordID": 236, "Correlation": null, "Execution": {"#attributes": {"ProcessID": 1284, "ThreadID": 1300}}, "Channel": "System", "Computer": "WIN-P4PGN19G2KB", "Security": {"#attributes": {"UserID": "S-1-5-19"}}}, "EventData": null}},
{"TimeGenerated": "2025-06-08T23:31:57.917620Z", "EventID": 51046, "Computer": "WIN-P4PGN19G2KB", "RawEvent": {"#attributes": {"xmlns": "http://schemas.microsoft.com/win/2004/08/events/event"}, "System": {"Provider": {"#attributes": {"Name": "Microsoft-Windows-DHCPv6-Client", "Guid": "6A1F2B00-6A90-4C38-95A5-5CAB3B056778"}}, "EventID": 51046, "Version": 0, "Level": 4, "Task": 4, "Opcode": 62, "Keywords": "0x2000000000000000", "TimeCreated": {"#attributes": {"SystemTime": "2025-06-08T23:31:57.917620Z"}}, "EventRecordID": 237, "Correlation": null, "Execution": {"#attributes": {"ProcessID": 1284, "ThreadID": 1308}}, "Channel": "System", "Computer": "WIN-P4PGN19G2KB", "Security": {"#attributes": {"UserID": "S-1-5-19"}}}, "EventData": null}},
{"TimeGenerated": "2025-06-08T23:31:57.927427Z", "EventID": {"#attributes": {"Qualifiers": 16384}, "#text": 7036}, "Computer": "WIN-P4PGN19G2KB", "RawEvent": {"#attributes": {"xmlns": "http://schemas.microsoft.com/win/2004/08/events/event"}, "System": {"Provider": {"#attributes": {"Name": "Service Control Manager", "Guid": "{555908d1-a6d7-4695-8e1e-26931d2012f4}", "EventSourceName": "Service Control Manager"}}, "EventID": {"#attributes": {"Qualifiers": 16384}, "#text": 7036}, "Version": 0, "Level": 4, "Task": 0, "Opcode": 0, "Keywords": "0x8080000000000000", "TimeCreated": {"#attributes": {"SystemTime": "2025-06-08T23:31:57.927427Z"}}, "EventRecordID": 238, "Correlation": null, "Execution": {"#attributes": {"ProcessID": 596, "ThreadID": 1272}}, "Channel": "System", "Computer": "WIN-P4PGN19G2KB", "Security": null}, "EventData": {"param1": "BrokerInfrastructure", "param2": "running", "Binary": "420072006F006B006500720049006E006600720061007300740072007500630074007500720065002F0034000000"}}},
{"TimeGenerated": "2025-06-08T23:31:57.943021Z", "EventID": {"#attributes": {"Qualifiers": 16384}, "#text": 7036}, "Computer": "WIN-P4PGN19G2KB", "RawEvent": {"#attributes": {"xmlns": "http://schemas.microsoft.com/win/2004/08/events/event"}, "System": {"Provider": {"#attributes": {"Name": "Service Control Manager", "Guid": "{555908d1-a6d7-4695-8e1e-26931d2012f4}", "EventSourceName": "Service Control Manager"}}, "EventID": {"#attributes": {"Qualifiers": 16384}, "#text": 7036}, "Version": 0, "Level": 4, "Task": 0, "Opcode": 0, "Keywords": "0x8080000000000000", "TimeCreated": {"#attributes": {"SystemTime": "2025-06-08T23:31:57.943021Z"}}, "EventRecordID": 239, "Correlation": null, "Execution": {"#attributes": {"ProcessID": 596, "ThreadID": 1272}}, "Channel": "System", "Computer": "WIN-P4PGN19G2KB", "Security": null}, "EventData": {"param1": "Dhcp", "param2": "running", "Binary": "44006800630070002F0034000000"}}},
{"TimeGenerated": "2025-06-08T23:31:57.989891Z", "EventID": {"#attributes": {"Qualifiers": 16384}, "#text": 7036}, "Computer": "WIN-P4PGN19G2KB", "RawEvent": {"#attributes": {"xmlns": "http://schemas.microsoft.com/win/2004/08/events/event"}, "System": {"Provider": {"#attributes": {"Name": "Service Control Manager", "Guid": "{555908d1-a6d7-4695-8e1e-26931d2012f4}", "EventSourceName": "Service Control Manager"}}, "EventID": {"#attributes": {"Qualifiers": 16384}, "#text": 7036}, "Version": 0, "Level": 4, "Task": 0, "Opcode": 0, "Keywords": "0x8080000000000000", "TimeCreated": {"#attributes": {"SystemTime": "2025-06-08T23:31:57.989891Z"}}, "EventRecordID": 240, "Correlation": null, "Execution": {"#attributes": {"ProcessID": 596, "ThreadID": 1380}}, "Channel": "System", "Computer": "WIN-P4PGN19G2KB", "Security": null}, "EventData": {"param1": "NlaSvc", "param2": "running", "Binary": "4E006C0061005300760063002F0034000000"}}},
{"TimeGenerated": "2025-06-08T23:31:58.068008Z", "EventID": {"#attributes": {"Qualifiers": 16384}, "#text": 7036}, "Computer": "WIN-P4PGN19G2KB", "RawEvent": {"#attributes": {"xmlns": "http://schemas.microsoft.com/win/2004/08/events/event"}, "System": {"Provider": {"#attributes": {"Name": "Service Control Manager", "Guid": "{555908d1-a6d7-4695-8e1e-26931d2012f4}", "EventSourceName": "Service Control Manager"}}, "EventID": {"#attributes": {"Qualifiers": 16384}, "#text": 7036}, "Version": 0, "Level": 4, "Task": 0, "Opcode": 0, "Keywords": "0x8080000000000000", "TimeCreated": {"#attributes": {"SystemTime": "2025-06-08T23:31:58.068008Z"}}, "EventRecordID": 241, "Correlation": null, "Execution": {"#attributes": {"ProcessID": 596, "ThreadID": 336}}, "Channel": "System", "Computer": "WIN-P4PGN19G2KB", "Security": null}, "EventData": {"param1": "Themes", "param2": "running", "Binary": "5400680065006D00650073002F0034000000"}}},
{"TimeGenerated": "2025-06-08T23:31:58.085341Z", "EventID": {"#attributes": {"Qualifiers": 16384}, "#text": 7036}, "Computer": "WIN-P4PGN19G2KB", "RawEvent": {"#attributes": {"xmlns": "http://schemas.microsoft.com/win/2004/08/events/event"}, "System": {"Provider": {"#attributes": {"Name": "Service Control Manager", "Guid": "{555908d1-a6d7-4695-8e1e-26931d2012f4}", "EventSourceName": "Service Control Manager"}}, "EventID": {"#attributes": {"Qualifiers": 16384}, "#text": 7036}, "Version": 0, "Level": 4, "Task": 0, "Opcode": 0, "Keywords": "0x8080000000000000", "TimeCreated": {"#attributes": {"SystemTime": "2025-06-08T23:31:58.085341Z"}}, "EventRecordID": 242, "Correlation": null, "Execution": {"#attributes": {"ProcessID": 596, "ThreadID": 1164}}, "Channel": "System", "Computer": "WIN-P4PGN19G2KB", "Security": null}, "EventData": {"param1": "lmhosts", "param2": "running", "Binary": "6C006D0068006F007300740073002F0034000000"}}},
{"TimeGenerated": "2025-06-08T23:31:58.130684Z", "EventID": {"#attributes": {"Qualifiers": 16384}, "#text": 7036}, "Computer": "WIN-P4PGN19G2KB", "RawEvent": {"#attributes": {"xmlns": "http://schemas.microsoft.com/win/2004/08/events/event"}, "System": {"Provider": {"#attributes": {"Name": "Service Control Manager", "Guid": "{555908d1-a6d7-4695-8e1e-26931d2012f4}", "EventSourceName": "Service Control Manager"}}, "EventID": {"#attributes": {"Qualifiers": 16384}, "#text": 7036}, "Version": 0, "Level": 4, "Task": 0, "Opcode": 0, "Keywords": "0x8080000000000000", "TimeCreated": {"#attributes": {"SystemTime": "2025-06-08T23:31:58.130684Z"}}, "EventRecordID": 243, "Correlation": null, "Execution": {"#attributes": {"ProcessID": 596, "ThreadID": 716}}, "Channel": "System", "Computer": "WIN-P4PGN19G2KB", "Security": null}, "EventData": {"param1": "netprofm", "param2": "running", "Binary": "6E0065007400700072006F0066006D002F0034000000"}}},
{"TimeGenerated": "2025-06-08T23:31:58.130684Z", "EventID": {"#attributes": {"Qualifiers": 16384}, "#text": 7036}, "Computer": "WIN-P4PGN19G2KB", "RawEvent": {"#attributes": {"xmlns": "http://schemas.microsoft.com/win/2004/08/events/event"}, "System": {"Provider": {"#attributes": {"Name": "Service Control Manager", "Guid": "{555908d1-a6d7-4695-8e1e-26931d2012f4}", "EventSourceName": "Service Control Manager"}}, "EventID": {"#attributes": {"Qualifiers": 16384}, "#text": 7036}, "Version": 0, "Level": 4, "Task": 0, "Opcode": 0, "Keywords": "0x8080000000000000", "TimeCreated": {"#attributes": {"SystemTime": "2025-06-08T23:31:58.130684Z"}}, "EventRecordID": 244, "Correlation": null, "Execution": {"#attributes": {"ProcessID": 596, "ThreadID": 692}}, "Channel": "System", "Computer": "WIN-P4PGN19G2KB", "Security": null}, "EventData": {"param1": "DsmSvc", "param2": "running", "Binary": "440073006D005300760063002F0034000000"}}},
{"TimeGenerated": "2025-06-08T23:31:58.177514Z", "EventID": {"#attributes": {"Qualifiers": 16384}, "#text": 7036}, "Computer": "WIN-P4PGN19G2KB", "RawEvent": {"#attributes": {"xmlns": "http://schemas.microsoft.com/win/2004/08/events/event"}, "System": {"Provider": {"#attributes": {"Name": "Service Control Manager", "Guid": "{555908d1-a6d7-4695-8e1e-26931d2012f4}", "EventSourceName": "Service Control Manager"}}, "EventID": {"#attributes": {"Qualifiers": 16384}, "#text": 7036}, "Version": 0, "Level": 4, "Task": 0, "Opcode": 0, "Keywords": "0x8080000000000000", "TimeCreated": {"#attributes": {"SystemTime": "2025-06-08T23:31:58.177514Z"}}, "EventRecordID": 245, "Correlation": null, "Execution": {"#attributes": {"ProcessID": 596, "ThreadID": 1272}}, "Channel": "System", "Computer": "WIN-P4PGN19G2KB", "Security": null}, "EventData": {"param1": "Dnscache", "param2": "running", "Binary": "44006E007300630061006300680065002F0034000000"}}},
{"TimeGenerated": "2025-06-08T23:31:58.333740Z", "EventID": {"#attributes": {"Qualifiers": 16384}, "#text": 7036}, "Computer": "WIN-P4PGN19G2KB", "RawEvent": {"#attributes": {"xmlns": "http://schemas.microsoft.com/win/2004/08/events/event"}, "System": {"Provider": {"#attributes": {"Name": "Service Control Manager", "Guid": "{555908d1-a6d7-4695-8e1e-26931d2012f4}", "EventSourceName": "Service Control Manager"}}, "EventID": {"#attributes": {"Qualifiers": 16384}, "#text": 7036}, "Version": 0, "Level": 4, "Task": 0, "Opcode": 0, "Keywords": "0x8080000000000000", "TimeCreated": {"#attributes": {"SystemTime": "2025-06-08T23:31:58.333740Z"}}, "EventRecordID": 246, "Correlation": null, "Execution": {"#attributes": {"ProcessID": 596, "ThreadID": 692}}, "Channel": "System", "Computer": "WIN-P4PGN19G2KB", "Security": null}, "EventData": {"param1": "NcbService", "param2": "running", "Binary": "4E006300620053006500720076006900630065002F0034000000"}}},
{"TimeGenerated": "2025-06-08T23:31:58.369273Z", "EventID": 6, "Computer": "WIN-P4PGN19G2KB", "RawEvent": {"#attributes": {"xmlns": "http://schemas.microsoft.com/win/2004/08/events/event"}, "System": {"Provider": {"#attributes": {"Name": "Microsoft-Windows-FilterManager", "Guid": "F3C5E28E-63F6-49C7-A204-E48A1BC4B09D"}}, "EventID": 6, "Version": 0, "Level": 4, "Task": 0, "Opcode": 0, "Keywords": "0x8000000000000000", "TimeCreated": {"#attributes": {"SystemTime": "2025-06-08T23:31:58.369273Z"}}, "EventRecordID": 247, "Correlation": null, "Execution": {"#attributes": {"ProcessID": 4, "ThreadID": 32}}, "Channel": "System", "Computer": "WIN-P4PGN19G2KB", "Security": {"#attributes": {"UserID": "S-1-5-18"}}}, "EventData": {"FinalStatus": "0x0", "DeviceVersionMajor": 10, "DeviceVersionMinor": 0, "DeviceNameLength": 5, "DeviceName": "luafv", "DeviceTime": "2004-12-24T20:21:01.000000Z"}}},
{"TimeGenerated": "2025-06-08T23:31:58.372717Z", "EventID": 6, "Computer": "WIN-P4PGN19G2KB", "RawEvent": {"#attributes": {"xmlns": "http://schemas.microsoft.com/win/2004/08/events/event"}, "System": {"Provider": {"#attributes": {"Name": "Microsoft-Windows-FilterManager", "Guid": "F3C5E28E-63F6-49C7-A204-E48A1BC4B09D"}}, "EventID": 6, "Version": 0, "Level": 4, "Task": 0, "Opcode": 0, "Keywords": "0x8000000000000000", "TimeCreated": {"#attributes": {"SystemTime": "2025-06-08T23:31:58.372717Z"}}, "EventRecordID": 248, "Correlation": null, "Execution": {"#attributes": {"ProcessID": 4, "ThreadID": 1788}}, "Channel": "System", "Computer": "WIN-P4PGN19G2KB", "Security": {"#attributes": {"UserID": "S-1-5-18"}}}, "EventData": {"FinalStatus": "0x0", "DeviceVersionMajor": 10, "DeviceVersionMinor": 0, "DeviceNameLength": 5, "DeviceName": "wcifs", "DeviceTime": "2046-04-07T00:59:48.000000Z"}}},
{"TimeGenerated": "2025-06-08T23:31:58.381522Z", "EventID": 6, "Computer": "WIN-P4PGN19G2KB", "RawEvent": {"#attributes": {"xmlns": "http://schemas.microsoft.com/win/2004/08/events/event"}, "System": {"Provider": {"#attributes": {"Name": "Microsoft-Windows-FilterManager", "Guid": "F3C5E28E-63F6-49C7-A204-E48A1BC4B09D"}}, "EventID": 6, "Version": 0, "Level": 4, "Task": 0, "Opcode": 0, "Keywords": "0x8000000000000000", "TimeCreated": {"#attributes": {"SystemTime": "2025-06-08T23:31:58.381522Z"}}, "EventRecordID": 249, "Correlation": null, "Execution": {"#attributes": {"ProcessID": 4, "ThreadID": 32}}, "Channel": "System", "Computer": "WIN-P4PGN19G2KB", "Security": {"#attributes": {"UserID": "S-1-5-18"}}}, "EventData": {"FinalStatus": "0x0", "DeviceVersionMajor": 10, "DeviceVersionMinor": 0, "DeviceNameLength": 6, "DeviceName": "CldFlt", "DeviceTime": "1983-11-13T18:18:55.000000Z"}}},
{"TimeGenerated": "2025-06-08T23:31:58.381528Z", "EventID": 1, "Computer": "WIN-P4PGN19G2KB", "RawEvent": {"#attributes": {"xmlns": "http://schemas.microsoft.com/win/2004/08/events/event"}, "System": {"Provider": {"#attributes": {"Name": "Microsoft-Windows-FilterManager", "Guid": "F3C5E28E-63F6-49C7-A204-E48A1BC4B09D"}}, "EventID": 1, "Version": 0, "Level": 4, "Task": 0, "Opcode": 0, "Keywords": "0x8000000000000000", "TimeCreated": {"#attributes": {"SystemTime": "2025-06-08T23:31:58.381528Z"}}, "EventRecordID": 250, "Correlation": null, "Execution": {"#attributes": {"ProcessID": 4, "ThreadID": 32}}, "Channel": "System", "Computer": "WIN-P4PGN19G2KB", "Security": {"#attributes": {"UserID": "S-1-5-18"}}}, "EventData": {"FinalStatus": "0x0", "DeviceVersionMajor": 10, "DeviceVersionMinor": 0, "DeviceNameLength": 6, "DeviceName": "CldFlt", "DeviceTime": "1983-11-13T18:18:55.000000Z"}}},
{"TimeGenerated": "2025-06-08T23:31:58.381560Z", "EventID": 6, "Computer": "WIN-P4PGN19G2KB", "RawEvent": {"#attributes": {"xmlns": "http://schemas.microsoft.com/win/2004/08/events/event"}, "System": {"Provider": {"#attributes": {"Name": "Microsoft-Windows-FilterManager", "Guid": "F3C5E28E-63F6-49C7-A204-E48A1BC4B09D"}}, "EventID": 6, "Version": 0, "Level": 4, "Task": 0, "Opcode": 0, "Keywords": "0x8000000000000000", "TimeCreated": {"#attributes": {"SystemTime": "2025-06-08T23:31:58.381560Z"}}, "EventRecordID": 251, "Correlation": null, "Execution": {"#attributes": {"ProcessID": 4, "ThreadID": 32}}, "Channel": "System", "Computer": "WIN-P4PGN19G2KB", "Security": {"#attributes": {"UserID": "S-1-5-18"}}}, "EventData": {"FinalStatus": "0x0", "DeviceVersionMajor": 10, "DeviceVersionMinor": 0, "DeviceNameLength": 6, "DeviceName": "CldFlt", "DeviceTime": "1983-11-13T18:18:55.000000Z"}}},
{"TimeGenerated": "2025-06-08T23:31:58.388600Z", "EventID": 6, "Computer": "WIN-P4PGN19G2KB", "RawEvent": {"#attributes": {"xmlns": "http://schemas.microsoft.com/win/2004/08/events/event"}, "System": {"Provider": {"#attributes": {"Name": "Microsoft-Windows-FilterManager", "Guid": "F3C5E28E-63F6-49C7-A204-E48A1BC4B09D"}}, "EventID": 6, "Version": 0, "Level": 4, "Task": 0, "Opcode": 0, "Keywords": "0x8000000000000000", "TimeCreated": {"#attributes": {"SystemTime": "2025-06-08T23:31:58.388600Z"}}, "EventRecordID": 252, "Correlation": null, "Execution": {"#attributes": {"ProcessID": 4, "ThreadID": 32}}, "Channel": "System", "Computer": "WIN-P4PGN19G2KB", "Security": {"#attributes": {"UserID": "S-1-5-18"}}}, "EventData": {"FinalStatus": "0x0", "DeviceVersionMajor": 10, "DeviceVersionMinor": 0, "DeviceNameLength": 10, "DeviceName": "storqosflt", "DeviceTime": "2004-08-10T09:55:11.000000Z"}}},
{"TimeGenerated": "2025-06-08T23:31:58.411787Z", "EventID": {"#attributes": {"Qualifiers": 16384}, "#text": 7036}, "Computer": "WIN-P4PGN19G2KB", "RawEvent": {"#attributes": {"xmlns": "http://schemas.microsoft.com/win/2004/08/events/event"}, "System": {"Provider": {"#attributes": {"Name": "Service Control Manager", "Guid": "{555908d1-a6d7-4695-8e1e-26931d2012f4}", "EventSourceName": "Service Control Manager"}}, "EventID": {"#attributes": {"Qualifiers": 16384}, "#text": 7036}, "Version": 0, "Level": 4, "Task": 0, "Opcode": 0, "Keywords": "0x8080000000000000", "TimeCreated": {"#attributes": {"SystemTime": "2025-06-08T23:31:58.411787Z"}}, "EventRecordID": 253, "Correlation": null, "Execution": {"#attributes": {"ProcessID": 596, "ThreadID": 1164}}, "Channel": "System", "Computer": "WIN-P4PGN19G2KB", "Security": null}, "EventData": {"param1": "WPDBusEnum", "param2": "running", "Binary": "57005000440042007500730045006E0075006D002F0034000000"}}},
{"TimeGenerated": "2025-06-08T23:31:58.427465Z", "EventID": {"#attributes": {"Qualifiers": 16384}, "#text": 7036}, "Computer": "WIN-P4PGN19G2KB", "RawEvent": {"#attributes": {"xmlns": "http://schemas.microsoft.com/win/2004/08/events/event"}, "System": {"Provider": {"#attributes": {"Name": "Service Control Manager", "Guid": "{555908d1-a6d7-4695-8e1e-26931d2012f4}", "EventSourceName": "Service Control Manager"}}, "EventID": {"#attributes": {"Qualifiers": 16384}, "#text": 7036}, "Version": 0, "Level": 4, "Task": 0, "Opcode": 0, "Keywords": "0x8080000000000000", "TimeCreated": {"#attributes": {"SystemTime": "2025-06-08T23:31:58.427465Z"}}, "EventRecordID": 254, "Correlation": null, "Execution": {"#attributes": {"ProcessID": 596, "ThreadID": 1380}}, "Channel": "System", "Computer": "WIN-P4PGN19G2KB", "Security": null}, "EventData": {"param1": "WinHttpAutoProxySvc", "param2": "running", "Binary": "570069006E0048007400740070004100750074006F00500072006F00780079005300760063002F0034000000"}}},
{"TimeGenerated": "2025-06-08T23:31:58.427465Z", "EventID": {"#attributes": {"Qualifiers": 16384}, "#text": 7036}, "Computer": "WIN-P4PGN19G2KB", "RawEvent": {"#attributes": {"xmlns": "http://schemas.microsoft.com/win/2004/08/events/event"}, "System": {"Provider": {"#attributes": {"Name": "Service Control Manager", "Guid": "{555908d1-a6d7-4695-8e1e-26931d2012f4}", "EventSourceName": "Service Control Manager"}}, "EventID": {"#attributes": {"Qualifiers": 16384}, "#text": 7036}, "Version": 0, "Level": 4, "Task": 0, "Opcode": 0, "Keywords": "0x8080000000000000", "TimeCreated": {"#attributes": {"SystemTime": "2025-06-08T23:31:58.427465Z"}}, "EventRecordID": 255, "Correlation": null, "Execution": {"#attributes": {"ProcessID": 596, "ThreadID": 1272}}, "Channel": "System", "Computer": "WIN-P4PGN19G2KB", "Security": null}, "EventData": {"param1": "gpsvc", "param2": "running", "Binary": "670070007300760063002F0034000000"}}},
{"TimeGenerated": "2025-06-08T23:31:58.427465Z", "EventID": {"#attributes": {"Qualifiers": 16384}, "#text": 7036}, "Computer": "WIN-P4PGN19G2KB", "RawEvent": {"#attributes": {"xmlns": "http://schemas.microsoft.com/win/2004/08/events/event"}, "System": {"Provider": {"#attributes": {"Name": "Service Control Manager", "Guid": "{555908d1-a6d7-4695-8e1e-26931d2012f4}", "EventSourceName": "Service Control Manager"}}, "EventID": {"#attributes": {"Qualifiers": 16384}, "#text": 7036}, "Version": 0, "Level": 4, "Task": 0, "Opcode": 0, "Keywords": "0x8080000000000000", "TimeCreated": {"#attributes": {"SystemTime": "2025-06-08T23:31:58.427465Z"}}, "EventRecordID": 256, "Correlation": null, "Execution": {"#attributes": {"ProcessID": 596, "ThreadID": 1272}}, "Channel": "System", "Computer": "WIN-P4PGN19G2KB", "Security": null}, "EventData": {"param1": "TimeBrokerSvc", "param2": "running", "Binary": "540069006D006500420072006F006B00650072005300760063002F0034000000"}}},
{"TimeGenerated": "2025-06-08T23:31:58.427465Z", "EventID": {"#attributes": {"Qualifiers": 16384}, "#text": 7036}, "Computer": "WIN-P4PGN19G2KB", "RawEvent": {"#attributes": {"xmlns": "http://schemas.microsoft.com/win/2004/08/events/event"}, "System": {"Provider": {"#attributes": {"Name": "Service Control Manager", "Guid": "{555908d1-a6d7-4695-8e1e-26931d2012f4}", "EventSourceName": "Service Control Manager"}}, "EventID": {"#attributes": {"Qualifiers": 16384}, "#text": 7036}, "Version": 0, "Level": 4, "Task": 0, "Opcode": 0, "Keywords": "0x8080000000000000", "TimeCreated": {"#attributes": {"SystemTime": "2025-06-08T23:31:58.427465Z"}}, "EventRecordID": 257, "Correlation": null, "Execution": {"#attributes": {"ProcessID": 596, "ThreadID": 1356}}, "Channel": "System", "Computer": "WIN-P4PGN19G2KB", "Security": null}, "EventData": {"param1": "ProfSvc", "param2": "running", "Binary": "500072006F0066005300760063002F0034000000"}}},
{"TimeGenerated": "2025-06-08T23:31:58.443042Z", "EventID": {"#attributes": {"Qualifiers": 16384}, "#text": 7036}, "Computer": "WIN-P4PGN19G2KB", "RawEvent": {"#attributes": {"xmlns": "http://schemas.microsoft.com/win/2004/08/events/event"}, "System": {"Provider": {"#attributes": {"Name": "Service Control Manager", "Guid": "{555908d1-a6d7-4695-8e1e-26931d2012f4}", "EventSourceName": "Service Control Manager"}}, "EventID": {"#attributes": {"Qualifiers": 16384}, "#text": 7036}, "Version": 0, "Level": 4, "Task": 0, "Opcode": 0, "Keywords": "0x8080000000000000", "TimeCreated": {"#attributes": {"SystemTime": "2025-06-08T23:31:58.443042Z"}}, "EventRecordID": 258, "Correlation": null, "Execution": {"#attributes": {"ProcessID": 596, "ThreadID": 1356}}, "Channel": "System", "Computer": "WIN-P4PGN19G2KB", "Security": null}, "EventData": {"param1": "Schedule", "param2": "running", "Binary": "5300630068006500640075006C0065002F0034000000"}}},
{"TimeGenerated": "2025-06-08T23:31:58.443042Z", "EventID": {"#attributes": {"Qualifiers": 16384}, "#text": 7036}, "Computer": "WIN-P4PGN19G2KB", "RawEvent": {"#attributes": {"xmlns": "http://schemas.microsoft.com/win/2004/08/events/event"}, "System": {"Provider": {"#attributes": {"Name": "Service Control Manager", "Guid": "{555908d1-a6d7-4695-8e1e-26931d2012f4}", "EventSourceName": "Service Control Manager"}}, "EventID": {"#attributes": {"Qualifiers": 16384}, "#text": 7036}, "Version": 0, "Level": 4, "Task": 0, "Opcode": 0, "Keywords": "0x8080000000000000", "TimeCreated": {"#attributes": {"SystemTime": "2025-06-08T23:31:58.443042Z"}}, "EventRecordID": 259, "Correlation": null, "Execution": {"#attributes": {"ProcessID": 596, "ThreadID": 1356}}, "Channel": "System", "Computer": "WIN-P4PGN19G2KB", "Security": null}, "EventData": {"param1": "EventSystem", "param2": "running", "Binary": "4500760065006E007400530079007300740065006D002F0034000000"}}},
{"TimeGenerated": "2025-06-08T23:31:58.474239Z", "EventID": {"#attributes": {"Qualifiers": 16384}, "#text": 7036}, "Computer": "WIN-P4PGN19G2KB", "RawEvent": {"#attributes": {"xmlns": "http://schemas.microsoft.com/win/2004/08/events/event"}, "System": {"Provider": {"#attributes": {"Name": "Service Control Manager", "Guid": "{555908d1-a6d7-4695-8e1e-26931d2012f4}", "EventSourceName": "Service Control Manager"}}, "EventID": {"#attributes": {"Qualifiers": 16384}, "#text": 7036}, "Version": 0, "Level": 4, "Task": 0, "Opcode": 0, "Keywords": "0x8080000000000000", "TimeCreated": {"#attributes": {"SystemTime": "2025-06-08T23:31:58.474239Z"}}, "EventRecordID": 260, "Correlation": null, "Execution": {"#attributes": {"ProcessID": 596, "ThreadID": 1356}}, "Channel": "System", "Computer": "WIN-P4PGN19G2KB", "Security": null}, "EventData": {"param1": "SENS", "param2": "running", "Binary": "530045004E0053002F0034000000"}}},
{"TimeGenerated": "2025-06-08T23:31:58.536836Z", "EventID": {"#attributes": {"Qualifiers": 16384}, "#text": 7036}, "Computer": "WIN-P4PGN19G2KB", "RawEvent": {"#attributes": {"xmlns": "http://schemas.microsoft.com/win/2004/08/events/event"}, "System": {"Provider": {"#attributes": {"Name": "Service Control Manager", "Guid": "{555908d1-a6d7-4695-8e1e-26931d2012f4}", "EventSourceName": "Service Control Manager"}}, "EventID": {"#attributes": {"Qualifiers": 16384}, "#text": 7036}, "Version": 0, "Level": 4, "Task": 0, "Opcode": 0, "Keywords": "0x8080000000000000", "TimeCreated": {"#attributes": {"SystemTime": "2025-06-08T23:31:58.536836Z"}}, "EventRecordID": 261, "Correlation": null, "Execution": {"#attributes": {"ProcessID": 596, "ThreadID": 1272}}, "Channel": "System", "Computer": "WIN-P4PGN19G2KB", "Security": null}, "EventData": {"param1": "UserManager", "param2": "running", "Binary": "55007300650072004D0061006E0061006700650072002F0034000000"}}},
{"TimeGenerated": "2025-06-08T23:31:58.536836Z", "EventID": {"#attributes": {"Qualifiers": 16384}, "#text": 7036}, "Computer": "WIN-P4PGN19G2KB", "RawEvent": {"#attributes": {"xmlns": "http://schemas.microsoft.com/win/2004/08/events/event"}, "System": {"Provider": {"#attributes": {"Name": "Service Control Manager", "Guid": "{555908d1-a6d7-4695-8e1e-26931d2012f4}", "EventSourceName": "Service Control Manager"}}, "EventID": {"#attributes": {"Qualifiers": 16384}, "#text": 7036}, "Version": 0, "Level": 4, "Task": 0, "Opcode": 0, "Keywords": "0x8080000000000000", "TimeCreated": {"#attributes": {"SystemTime": "2025-06-08T23:31:58.536836Z"}}, "EventRecordID": 262, "Correlation": null, "Execution": {"#attributes": {"ProcessID": 596, "ThreadID": 1356}}, "Channel": "System", "Computer": "WIN-P4PGN19G2KB", "Security": null}, "EventData": {"param1": "Wcmsvc", "param2": "running", "Binary": "570063006D007300760063002F0034000000"}}},
{"TimeGenerated": "2025-06-08T23:31:58.552430Z", "EventID": {"#attributes": {"Qualifiers": 16384}, "#text": 7036}, "Computer": "WIN-P4PGN19G2KB", "RawEvent": {"#attributes": {"xmlns": "http://schemas.microsoft.com/win/2004/08/events/event"}, "System": {"Provider": {"#attributes": {"Name": "Service Control Manager", "Guid": "{555908d1-a6d7-4695-8e1e-26931d2012f4}", "EventSourceName": "Service Control Manager"}}, "EventID": {"#attributes": {"Qualifiers": 16384}, "#text": 7036}, "Version": 0, "Level": 4, "Task": 0, "Opcode": 0, "Keywords": "0x8080000000000000", "TimeCreated": {"#attributes": {"SystemTime": "2025-06-08T23:31:58.552430Z"}}, "EventRecordID": 263, "Correlation": null, "Execution": {"#attributes": {"ProcessID": 596, "ThreadID": 1356}}, "Channel": "System", "Computer": "WIN-P4PGN19G2KB", "Security": null}, "EventData": {"param1": "ShellHWDetection", "param2": "running", "Binary": "5300680065006C006C004800570044006500740065006300740069006F006E002F0034000000"}}},
{"TimeGenerated": "2025-06-08T23:31:58.583621Z", "EventID": {"#attributes": {"Qualifiers": 16384}, "#text": 7036}, "Computer": "WIN-P4PGN19G2KB", "RawEvent": {"#attributes": {"xmlns": "http://schemas.microsoft.com/win/2004/08/events/event"}, "System": {"Provider": {"#attributes": {"Name": "Service Control Manager", "Guid": "{555908d1-a6d7-4695-8e1e-26931d2012f4}", "EventSourceName": "Service Control Manager"}}, "EventID": {"#attributes": {"Qualifiers": 16384}, "#text": 7036}, "Version": 0, "Level": 4, "Task": 0, "Opcode": 0, "Keywords": "0x8080000000000000", "TimeCreated": {"#attributes": {"SystemTime": "2025-06-08T23:31:58.583621Z"}}, "EventRecordID": 264, "Correlation": null, "Execution": {"#attributes": {"ProcessID": 596, "ThreadID": 716}}, "Channel": "System", "Computer": "WIN-P4PGN19G2KB", "Security": null}, "EventData": {"param1": "FontCache", "param2": "running", "Binary": "46006F006E007400430061006300680065002F0034000000"}}},
