{"TimeGenerated": "2025-06-08T23:31:58.646160Z", "EventID": {"#attributes": {"Qualifiers": 16384}, "#text": 7036}, "Computer": "WIN-P4PGN19G2KB", "RawEvent": {"#attributes": {"xmlns": "http://schemas.microsoft.com/win/2004/08/events/event"}, "System": {"Provider": {"#attributes": {"Name": "Service Control Manager", "Guid": "{555908d1-a6d7-4695-8e1e-26931d2012f4}", "EventSourceName": "Service Control Manager"}}, "EventID": {"#attributes": {"Qualifiers": 16384}, "#text": 7036}, "Version": 0, "Level": 4, "Task": 0, "Opcode": 0, "Keywords": "0x8080000000000000", "TimeCreated": {"#attributes": {"SystemTime": "2025-06-08T23:31:58.646160Z"}}, "EventRecordID": 265, "Correlation": null, "Execution": {"#attributes": {"ProcessID": 596, "ThreadID": 336}}, "Channel": "System", "Computer": "WIN-P4PGN19G2KB", "Security": null}, "EventData": {"param1": "LanmanWorkstation", "param2": "running", "Binary": "4C0061006E006D0061006E0057006F0072006B00730074006100740069006F006E002F0034000000"}}},
{"TimeGenerated": "2025-06-08T23:31:58.786767Z", "EventID": {"#attributes": {"Qualifiers": 16384}, "#text": 7036}, "Computer": "WIN-P4PGN19G2KB", "RawEvent": {"#attributes": {"xmlns": "http://schemas.microsoft.com/win/2004/08/events/event"}, "System": {"Provider": {"#attributes": {"Name": "Service Control Manager", "Guid": "{555908d1-a6d7-4695-8e1e-26931d2012f4}", "EventSourceName": "Service Control Manager"}}, "EventID": {"#attributes": {"Qualifiers": 16384}, "#text": 7036}, "Version": 0, "Level": 4, "Task": 0, "Opcode": 0, "Keywords": "0x8080000000000000", "TimeCreated": {"#attributes": {"SystemTime": "2025-06-08T23:31:58.786767Z"}}, "EventRecordID": 266, "Correlation": null, "Execution": {"#attributes": {"ProcessID": 596, "ThreadID": 336}}, "Channel": "System", "Computer": "WIN-P4PGN19G2KB", "Security": null}, "EventData": {"param1": "BFE", "param2": "running", "Binary": "4200460045002F0034000000"}}},
{"TimeGenerated": "2025-06-08T23:31:59.318323Z", "EventID": {"#attributes": {"Qualifiers": 16384}, "#text": 7036}, "Computer": "WIN-P4PGN19G2KB", "RawEvent": {"#attributes": {"xmlns": "http://schemas.microsoft.com/win/2004/08/events/event"}, "System": {"Provider": {"#attributes": {"Name": "Service Control Manager", "Guid": "{555908d1-a6d7-4695-8e1e-26931d2012f4}", "EventSourceName": "Service Control Manager"}}, "EventID": {"#attributes": {"Qualifiers": 16384}, "#text": 7036}, "Version": 0, "Level": 4, "Task": 0, "Opcode": 0, "Keywords": "0x8080000000000000", "TimeCreated": {"#attributes": {"SystemTime": "2025-06-08T23:31:59.318323Z"}}, "EventRecordID": 267, "Correlation": null, "Execution": {"#attributes": {"ProcessID": 596, "ThreadID": 1380}}, "Channel": "System", "Computer": "WIN-P4PGN19G2KB", "Security": null}, "EventData": {"param1": "AppReadiness", "param2": "running", "Binary": "410070007000520065006100640069006E006500730073002F0034000000"}}},
{"TimeGenerated": "2025-06-08T23:31:59.364898Z", "EventID": {"#attributes": {"Qualifiers": 16384}, "#text": 7036}, "Computer": "WIN-P4PGN19G2KB", "RawEvent": {"#attributes": {"xmlns": "http://schemas.microsoft.com/win/2004/08/events/event"}, "System": {"Provider": {"#attributes": {"Name": "Service Control Manager", "Guid": "{555908d1-a6d7-4695-8e1e-26931d2012f4}", "EventSourceName": "Service Control Manager"}}, "EventID": {"#attributes": {"Qualifiers": 16384}, "#text": 7036}, "Version": 0, "Level": 4, "Task": 0, "Opcode": 0, "Keywords": "0x8080000000000000", "TimeCreated": {"#attributes": {"SystemTime": "2025-06-08T23:31:59.364898Z"}}, "EventRecordID": 268, "Correlation": null, "Execution": {"#attributes": {"ProcessID": 596, "ThreadID": 716}}, "Channel": "System", "Computer": "WIN-P4PGN19G2KB", "Security": null}, "EventData": {"param1": "SamSs", "param2": "running", "Binary": "530061006D00530073002F0034000000"}}},
{"TimeGenerated": "2025-06-08T23:31:59.490012Z", "EventID": {"#attributes": {"Qualifiers": 16384}, "#text": 7036}, "Computer": "WIN-P4PGN19G2KB", "RawEvent": {"#attributes": {"xmlns": "http://schemas.microsoft.com/win/2004/08/events/event"}, "System": {"Provider": {"#attributes": {"Name": "Service Control Manager", "Guid": "{555908d1-a6d7-4695-8e1e-26931d2012f4}", "EventSourceName": "Service Control Manager"}}, "EventID": {"#attributes": {"Qualifiers": 16384}, "#text": 7036}, "Version": 0, "Level": 4, "Task": 0, "Opcode": 0, "Keywords": "0x8080000000000000", "TimeCreated": {"#attributes": {"SystemTime": "2025-06-08T23:31:59.490012Z"}}, "EventRecordID": 269, "Correlation": null, "Execution": {"#attributes": {"ProcessID": 596, "ThreadID": 1272}}, "Channel": "System", "Computer": "WIN-P4PGN19G2KB", "Security": null}, "EventData": {"param1": "mpssvc", "param2": "running", "Binary": "6D00700073007300760063002F0034000000"}}},
{"TimeGenerated": "2025-06-08T23:31:59.583857Z", "EventID": {"#attributes": {"Qualifiers": 16384}, "#text": 7036}, "Computer": "WIN-P4PGN19G2KB", "RawEvent": {"#attributes": {"xmlns": "http://schemas.microsoft.com/win/2004/08/events/event"}, "System": {"Provider": {"#attributes": {"Name": "Service Control Manager", "Guid": "{555908d1-a6d7-4695-8e1e-26931d2012f4}", "EventSourceName": "Service Control Manager"}}, "EventID": {"#attributes": {"Qualifiers": 16384}, "#text": 7036}, "Version": 0, "Level": 4, "Task": 0, "Opcode": 0, "Keywords": "0x8080000000000000", "TimeCreated": {"#attributes": {"SystemTime": "2025-06-08T23:31:59.583857Z"}}, "EventRecordID": 270, "Correlation": null, "Execution": {"#attributes": {"ProcessID": 596, "ThreadID": 1380}}, "Channel": "System", "Computer": "WIN-P4PGN19G2KB", "Security": null}, "EventData": {"param1": "Spooler", "param2": "running", "Binary": "530070006F006F006C00650072002F0034000000"}}},
{"TimeGenerated": "2025-06-08T14:32:00.687642Z", "EventID": {"#attributes": {"Qualifiers": 7}, "#text": 10148}, "Computer": "WIN-P4PGN19G2KB", "RawEvent": {"#attributes": {"xmlns": "http://schemas.microsoft.com/win/2004/08/events/event"}, "System": {"Provider": {"#attributes": {"Name": "Microsoft-Windows-WinRM", "Guid": "{A7975C8F-AC13-49F1-87DA-5A984A4AB417}", "EventSourceName": "WinRM"}}, "EventID": {"#attributes": {"Qualifiers": 7}, "#text": 10148}, "Version": 0, "Level": 4, "Task": 0, "Opcode": 0, "Keywords": "0x80000000000000", "TimeCreated": {"#attributes": {"SystemTime": "2025-06-08T14:32:00.687642Z"}}, "EventRecordID": 271, "Correlation": null, "Execution": {"#attributes": {"ProcessID": 0, "ThreadID": 0}}, "Channel": "System", "Computer": "WIN-P4PGN19G2KB", "Security": null}, "EventData": {"#attributes": {"Name": "Started Listening"}}}},
{"TimeGenerated": "2025-06-08T23:31:59.661754Z", "EventID": {"#attributes": {"Qualifiers": 16384}, "#text": 7036}, "Computer": "WIN-P4PGN19G2KB", "RawEvent": {"#attributes": {"xmlns": "http://schemas.microsoft.com/win/2004/08/events/event"}, "System": {"Provider": {"#attributes": {"Name": "Service Control Manager", "Guid": "{555908d1-a6d7-4695-8e1e-26931d2012f4}", "EventSourceName": "Service Control Manager"}}, "EventID": {"#attributes": {"Qualifiers": 16384}, "#text": 7036}, "Version": 0, "Level": 4, "Task": 0, "Opcode": 0, "Keywords": "0x8080000000000000", "TimeCreated": {"#attributes": {"SystemTime": "2025-06-08T23:31:59.661754Z"}}, "EventRecordID": 272, "Correlation": null, "Execution": {"#attributes": {"ProcessID": 596, "ThreadID": 1272}}, "Channel": "System", "Computer": "WIN-P4PGN19G2KB", "Security": null}, "EventData": {"param1": "Winmgmt", "param2": "running", "Binary": "570069006E006D0067006D0074002F0034000000"}}},
{"TimeGenerated": "2025-06-08T23:31:59.755568Z", "EventID": {"#attributes": {"Qualifiers": 16384}, "#text": 7036}, "Computer": "WIN-P4PGN19G2KB", "RawEvent": {"#attributes": {"xmlns": "http://schemas.microsoft.com/win/2004/08/events/event"}, "System": {"Provider": {"#attributes": {"Name": "Service Control Manager", "Guid": "{555908d1-a6d7-4695-8e1e-26931d2012f4}", "EventSourceName": "Service Control Manager"}}, "EventID": {"#attributes": {"Qualifiers": 16384}, "#text": 7036}, "Version": 0, "Level": 4, "Task": 0, "Opcode": 0, "Keywords": "0x8080000000000000", "TimeCreated": {"#attributes": {"SystemTime": "2025-06-08T23:31:59.755568Z"}}, "EventRecordID": 273, "Correlation": null, "Execution": {"#attributes": {"ProcessID": 596, "ThreadID": 1356}}, "Channel": "System", "Computer": "WIN-P4PGN19G2KB", "Security": null}, "EventData": {"param1": "SysMain", "param2": "running", "Binary": "5300790073004D00610069006E002F0034000000"}}},
{"TimeGenerated": "2025-06-08T23:31:59.771145Z", "EventID": {"#attributes": {"Qualifiers": 16384}, "#text": 7036}, "Computer": "WIN-P4PGN19G2KB", "RawEvent": {"#attributes": {"xmlns": "http://schemas.microsoft.com/win/2004/08/events/event"}, "System": {"Provider": {"#attributes": {"Name": "Service Control Manager", "Guid": "{555908d1-a6d7-4695-8e1e-26931d2012f4}", "EventSourceName": "Service Control Manager"}}, "EventID": {"#attributes": {"Qualifiers": 16384}, "#text": 7036}, "Version": 0, "Level": 4, "Task": 0, "Opcode": 0, "Keywords": "0x8080000000000000", "TimeCreated": {"#attributes": {"SystemTime": "2025-06-08T23:31:59.771145Z"}}, "EventRecordID": 274, "Correlation": null, "Execution": {"#attributes": {"ProcessID": 596, "ThreadID": 1356}}, "Channel": "System", "Computer": "WIN-P4PGN19G2KB", "Security": null}, "EventData": {"param1": "RemoteRegistry", "param2": "running", "Binary": "520065006D006F0074006500520065006700690073007400720079002F0034000000"}}},
{"TimeGenerated": "2025-06-08T23:31:59.786781Z", "EventID": {"#attributes": {"Qualifiers": 16384}, "#text": 7036}, "Computer": "WIN-P4PGN19G2KB", "RawEvent": {"#attributes": {"xmlns": "http://schemas.microsoft.com/win/2004/08/events/event"}, "System": {"Provider": {"#attributes": {"Name": "Service Control Manager", "Guid": "{555908d1-a6d7-4695-8e1e-26931d2012f4}", "EventSourceName": "Service Control Manager"}}, "EventID": {"#attributes": {"Qualifiers": 16384}, "#text": 7036}, "Version": 0, "Level": 4, "Task": 0, "Opcode": 0, "Keywords": "0x8080000000000000", "TimeCreated": {"#attributes": {"SystemTime": "2025-06-08T23:31:59.786781Z"}}, "EventRecordID": 275, "Correlation": null, "Execution": {"#attributes": {"ProcessID": 596, "ThreadID": 1272}}, "Channel": "System", "Computer": "WIN-P4PGN19G2KB", "Security": null}, "EventData": {"param1": "TrkWks", "param2": "running", "Binary": "540072006B0057006B0073002F0034000000"}}},
{"TimeGenerated": "2025-06-08T23:31:59.799330Z", "EventID": 37, "Computer": "WIN-P4PGN19G2KB", "RawEvent": {"#attributes": {"xmlns": "http://schemas.microsoft.com/win/2004/08/events/event"}, "System": {"Provider": {"#attributes": {"Name": "Microsoft-Windows-Time-Service", "Guid": "06EDCFEB-0FD0-4E53-ACCA-A6F8BBF81BCB"}}, "EventID": 37, "Version": 0, "Level": 4, "Task": 0, "Opcode": 0, "Keywords": "0x8000000000000000", "TimeCreated": {"#attributes": {"SystemTime": "2025-06-08T23:31:59.799330Z"}}, "EventRecordID": 276, "Correlation": null, "Execution": {"#attributes": {"ProcessID": 1128, "ThreadID": 1184}}, "Channel": "System", "Computer": "WIN-P4PGN19G2KB", "Security": {"#attributes": {"UserID": "S-1-5-19"}}}, "EventData": {"#attributes": {"Name": "TMP_EVENT_TIME_SOURCE_REACHABLE"}, "TimeSource": "time.windows.com,0x8 (ntp.m|0x8|0.0.0.0:123->51.145.123.29:123)"}}},
{"TimeGenerated": "2025-06-08T14:32:00.187379Z", "EventID": 1, "Computer": "WIN-P4PGN19G2KB", "RawEvent": {"#attributes": {"xmlns": "http://schemas.microsoft.com/win/2004/08/events/event"}, "System": {"Provider": {"#attributes": {"Name": "Microsoft-Windows-Kernel-General", "Guid": "A68CA8B7-004F-D7B6-A698-07E2DE0F1F5D"}}, "EventID": 1, "Version": 2, "Level": 4, "Task": 5, "Opcode": 0, "Keywords": "0x8000000000000010", "TimeCreated": {"#attributes": {"SystemTime": "2025-06-08T14:32:00.187379Z"}}, "EventRecordID": 277, "Correlation": null, "Execution": {"#attributes": {"ProcessID": 1128, "ThreadID": 1200}}, "Channel": "System", "Computer": "WIN-P4PGN19G2KB", "Security": {"#attributes": {"UserID": "S-1-5-19"}}}, "EventData": {"NewTime": "2025-06-08T14:32:00.187211Z", "OldTime": "2025-06-08T23:31:59.802368Z", "Reason": 1, "ProcessName": "\\Device\\HarddiskVolume4\\Windows\\System32\\svchost.exe", "ProcessID": 1128}}},
{"TimeGenerated": "2025-06-08T14:32:00.187405Z", "EventID": 52, "Computer": "WIN-P4PGN19G2KB", "RawEvent": {"#attributes": {"xmlns": "http://schemas.microsoft.com/win/2004/08/events/event"}, "System": {"Provider": {"#attributes": {"Name": "Microsoft-Windows-Time-Service", "Guid": "06EDCFEB-0FD0-4E53-ACCA-A6F8BBF81BCB"}}, "EventID": 52, "Version": 0, "Level": 3, "Task": 0, "Opcode": 0, "Keywords": "0x8000000000000000", "TimeCreated": {"#attributes": {"SystemTime": "2025-06-08T14:32:00.187405Z"}}, "EventRecordID": 278, "Correlation": null, "Execution": {"#attributes": {"ProcessID": 1128, "ThreadID": 1200}}, "Channel": "System", "Computer": "WIN-P4PGN19G2KB", "Security": {"#attributes": {"UserID": "S-1-5-19"}}}, "EventData": {"#attributes": {"Name": "TMP_EVENT_TIME_JUMP_AUDIT"}, "TimeOffsetSeconds": 32399}}},
{"TimeGenerated": "2025-06-08T14:32:00.188048Z", "EventID": 35, "Computer": "WIN-P4PGN19G2KB", "RawEvent": {"#attributes": {"xmlns": "http://schemas.microsoft.com/win/2004/08/events/event"}, "System": {"Provider": {"#attributes": {"Name": "Microsoft-Windows-Time-Service", "Guid": "06EDCFEB-0FD0-4E53-ACCA-A6F8BBF81BCB"}}, "EventID": 35, "Version": 0, "Level": 4, "Task": 0, "Opcode": 0, "Keywords": "0x8000000000000000", "TimeCreated": {"#attributes": {"SystemTime": "2025-06-08T14:32:00.188048Z"}}, "EventRecordID": 279, "Correlation": null, "Execution": {"#attributes": {"ProcessID": 1128, "ThreadID": 1240}}, "Channel": "System", "Computer": "WIN-P4PGN19G2KB", "Security": {"#attributes": {"UserID": "S-1-5-19"}}}, "EventData": {"#attributes": {"Name": "TMP_EVENT_TIME_SOURCE_CHOSEN"}, "TimeSource": "time.windows.com,0x8 (ntp.m|0x8|0.0.0.0:123->51.145.123.29:123)", "TimeSourceRefId": 494637363, "CurrentStratumNumber": 4}}},
{"TimeGenerated": "2025-06-08T14:32:00.188240Z", "EventID": 1, "Computer": "WIN-P4PGN19G2KB", "RawEvent": {"#attributes": {"xmlns": "http://schemas.microsoft.com/win/2004/08/events/event"}, "System": {"Provider": {"#attributes": {"Name": "Microsoft-Windows-Kernel-General", "Guid": "A68CA8B7-004F-D7B6-A698-07E2DE0F1F5D"}}, "EventID": 1, "Version": 2, "Level": 4, "Task": 5, "Opcode": 0, "Keywords": "0x8000000000000010", "TimeCreated": {"#attributes": {"SystemTime": "2025-06-08T14:32:00.188240Z"}}, "EventRecordID": 280, "Correlation": null, "Execution": {"#attributes": {"ProcessID": 1128, "ThreadID": 1200}}, "Channel": "System", "Computer": "WIN-P4PGN19G2KB", "Security": {"#attributes": {"UserID": "S-1-5-19"}}}, "EventData": {"NewTime": "2025-06-08T14:32:00.188062Z", "OldTime": "2025-06-08T14:32:00.187211Z", "Reason": 1, "ProcessName": "\\Device\\HarddiskVolume4\\Windows\\System32\\svchost.exe", "ProcessID": 1128}}},
{"TimeGenerated": "2025-06-08T14:32:00.202515Z", "EventID": {"#attributes": {"Qualifiers": 16384}, "#text": 7036}, "Computer": "WIN-P4PGN19G2KB", "RawEvent": {"#attributes": {"xmlns": "http://schemas.microsoft.com/win/2004/08/events/event"}, "System": {"Provider": {"#attributes": {"Name": "Service Control Manager", "Guid": "{555908d1-a6d7-4695-8e1e-26931d2012f4}", "EventSourceName": "Service Control Manager"}}, "EventID": {"#attributes": {"Qualifiers": 16384}, "#text": 7036}, "Version": 0, "Level": 4, "Task": 0, "Opcode": 0, "Keywords": "0x8080000000000000", "TimeCreated": {"#attributes": {"SystemTime": "2025-06-08T14:32:00.202515Z"}}, "EventRecordID": 281, "Correlation": null, "Execution": {"#attributes": {"ProcessID": 596, "ThreadID": 336}}, "Channel": "System", "Computer": "WIN-P4PGN19G2KB", "Security": null}, "EventData": {"param1": "WLMS", "param2": "running", "Binary": "57004C004D0053002F0034000000"}}},
{"TimeGenerated": "2025-06-08T14:32:00.234008Z", "EventID": {"#attributes": {"Qualifiers": 16384}, "#text": 7036}, "Computer": "WIN-P4PGN19G2KB", "RawEvent": {"#attributes": {"xmlns": "http://schemas.microsoft.com/win/2004/08/events/event"}, "System": {"Provider": {"#attributes": {"Name": "Service Control Manager", "Guid": "{555908d1-a6d7-4695-8e1e-26931d2012f4}", "EventSourceName": "Service Control Manager"}}, "EventID": {"#attributes": {"Qualifiers": 16384}, "#text": 7036}, "Version": 0, "Level": 4, "Task": 0, "Opcode": 0, "Keywords": "0x8080000000000000", "TimeCreated": {"#attributes": {"SystemTime": "2025-06-08T14:32:00.234008Z"}}, "EventRecordID": 282, "Correlation": null, "Execution": {"#attributes": {"ProcessID": 596, "ThreadID": 716}}, "Channel": "System", "Computer": "WIN-P4PGN19G2KB", "Security": null}, "EventData": {"param1": "LanmanServer", "param2": "running", "Binary": "4C0061006E006D0061006E005300650072007600650072002F0034000000"}}},
{"TimeGenerated": "2025-06-08T14:32:00.249732Z", "EventID": {"#attributes": {"Qualifiers": 16384}, "#text": 7036}, "Computer": "WIN-P4PGN19G2KB", "RawEvent": {"#attributes": {"xmlns": "http://schemas.microsoft.com/win/2004/08/events/event"}, "System": {"Provider": {"#attributes": {"Name": "Service Control Manager", "Guid": "{555908d1-a6d7-4695-8e1e-26931d2012f4}", "EventSourceName": "Service Control Manager"}}, "EventID": {"#attributes": {"Qualifiers": 16384}, "#text": 7036}, "Version": 0, "Level": 4, "Task": 0, "Opcode": 0, "Keywords": "0x8080000000000000", "TimeCreated": {"#attributes": {"SystemTime": "2025-06-08T14:32:00.249732Z"}}, "EventRecordID": 283, "Correlation": null, "Execution": {"#attributes": {"ProcessID": 596, "ThreadID": 716}}, "Channel": "System", "Computer": "WIN-P4PGN19G2KB", "Security": null}, "EventData": {"param1": "iphlpsvc", "param2": "running", "Binary": "6900700068006C0070007300760063002F0034000000"}}},
{"TimeGenerated": "2025-06-08T14:32:00.249732Z", "EventID": {"#attributes": {"Qualifiers": 16384}, "#text": 7036}, "Computer": "WIN-P4PGN19G2KB", "RawEvent": {"#attributes": {"xmlns": "http://schemas.microsoft.com/win/2004/08/events/event"}, "System": {"Provider": {"#attributes": {"Name": "Service Control Manager", "Guid": "{555908d1-a6d7-4695-8e1e-26931d2012f4}", "EventSourceName": "Service Control Manager"}}, "EventID": {"#attributes": {"Qualifiers": 16384}, "#text": 7036}, "Version": 0, "Level": 4, "Task": 0, "Opcode": 0, "Keywords": "0x8080000000000000", "TimeCreated": {"#attributes": {"SystemTime": "2025-06-08T14:32:00.249732Z"}}, "EventRecordID": 284, "Correlation": null, "Execution": {"#attributes": {"ProcessID": 596, "ThreadID": 716}}, "Channel": "System", "Computer": "WIN-P4PGN19G2KB", "Security": null}, "EventData": {"param1": "WinDefend", "param2": "running", "Binary": "570069006E0044006500660065006E0064002F0034000000"}}},
{"TimeGenerated": "2025-06-08T14:32:00.265362Z", "EventID": {"#attributes": {"Qualifiers": 49152}, "#text": 7026}, "Computer": "WIN-P4PGN19G2KB", "RawEvent": {"#attributes": {"xmlns": "http://schemas.microsoft.com/win/2004/08/events/event"}, "System": {"Provider": {"#attributes": {"Name": "Service Control Manager", "Guid": "{555908d1-a6d7-4695-8e1e-26931d2012f4}", "EventSourceName": "Service Control Manager"}}, "EventID": {"#attributes": {"Qualifiers": 49152}, "#text": 7026}, "Version": 0, "Level": 4, "Task": 0, "Opcode": 0, "Keywords": "0x8080000000000000", "TimeCreated": {"#attributes": {"SystemTime": "2025-06-08T14:32:00.265362Z"}}, "EventRecordID": 285, "Correlation": null, "Execution": {"#attributes": {"ProcessID": 596, "ThreadID": 600}}, "Channel": "System", "Computer": "WIN-P4PGN19G2KB", "Security": null}, "EventData": {"param1": "\r\ndam"}}},
{"TimeGenerated": "2025-06-08T14:32:00.374492Z", "EventID": {"#attributes": {"Qualifiers": 16384}, "#text": 7036}, "Computer": "WIN-P4PGN19G2KB", "RawEvent": {"#attributes": {"xmlns": "http://schemas.microsoft.com/win/2004/08/events/event"}, "System": {"Provider": {"#attributes": {"Name": "Service Control Manager", "Guid": "{555908d1-a6d7-4695-8e1e-26931d2012f4}", "EventSourceName": "Service Control Manager"}}, "EventID": {"#attributes": {"Qualifiers": 16384}, "#text": 7036}, "Version": 0, "Level": 4, "Task": 0, "Opcode": 0, "Keywords": "0x8080000000000000", "TimeCreated": {"#attributes": {"SystemTime": "2025-06-08T14:32:00.374492Z"}}, "EventRecordID": 286, "Correlation": null, "Execution": {"#attributes": {"ProcessID": 596, "ThreadID": 1376}}, "Channel": "System", "Computer": "WIN-P4PGN19G2KB", "Security": null}, "EventData": {"param1": "StateRepository", "param2": "running", "Binary": "530074006100740065005200650070006F007300690074006F00720079002F0034000000"}}},
{"TimeGenerated": "2025-06-08T14:32:00.405569Z", "EventID": {"#attributes": {"Qualifiers": 16384}, "#text": 7036}, "Computer": "WIN-P4PGN19G2KB", "RawEvent": {"#attributes": {"xmlns": "http://schemas.microsoft.com/win/2004/08/events/event"}, "System": {"Provider": {"#attributes": {"Name": "Service Control Manager", "Guid": "{555908d1-a6d7-4695-8e1e-26931d2012f4}", "EventSourceName": "Service Control Manager"}}, "EventID": {"#attributes": {"Qualifiers": 16384}, "#text": 7036}, "Version": 0, "Level": 4, "Task": 0, "Opcode": 0, "Keywords": "0x8080000000000000", "TimeCreated": {"#attributes": {"SystemTime": "2025-06-08T14:32:00.405569Z"}}, "EventRecordID": 287, "Correlation": null, "Execution": {"#attributes": {"ProcessID": 596, "ThreadID": 1376}}, "Channel": "System", "Computer": "WIN-P4PGN19G2KB", "Security": null}, "EventData": {"param1": "Windows Push Notifications System Service", "param2": "running", "Binary": "570070006E0053006500720076006900630065002F0034000000"}}},
{"TimeGenerated": "2025-06-08T14:32:00.671595Z", "EventID": {"#attributes": {"Qualifiers": 16384}, "#text": 7036}, "Computer": "WIN-P4PGN19G2KB", "RawEvent": {"#attributes": {"xmlns": "http://schemas.microsoft.com/win/2004/08/events/event"}, "System": {"Provider": {"#attributes": {"Name": "Service Control Manager", "Guid": "{555908d1-a6d7-4695-8e1e-26931d2012f4}", "EventSourceName": "Service Control Manager"}}, "EventID": {"#attributes": {"Qualifiers": 16384}, "#text": 7036}, "Version": 0, "Level": 4, "Task": 0, "Opcode": 0, "Keywords": "0x8080000000000000", "TimeCreated": {"#attributes": {"SystemTime": "2025-06-08T14:32:00.671595Z"}}, "EventRecordID": 288, "Correlation": null, "Execution": {"#attributes": {"ProcessID": 596, "ThreadID": 1356}}, "Channel": "System", "Computer": "WIN-P4PGN19G2KB", "Security": null}, "EventData": {"param1": "DiagTrack", "param2": "running", "Binary": "440069006100670054007200610063006B002F0034000000"}}},
{"TimeGenerated": "2025-06-08T14:32:00.843179Z", "EventID": {"#attributes": {"Qualifiers": 16384}, "#text": 7036}, "Computer": "WIN-P4PGN19G2KB", "RawEvent": {"#attributes": {"xmlns": "http://schemas.microsoft.com/win/2004/08/events/event"}, "System": {"Provider": {"#attributes": {"Name": "Service Control Manager", "Guid": "{555908d1-a6d7-4695-8e1e-26931d2012f4}", "EventSourceName": "Service Control Manager"}}, "EventID": {"#attributes": {"Qualifiers": 16384}, "#text": 7036}, "Version": 0, "Level": 4, "Task": 0, "Opcode": 0, "Keywords": "0x8080000000000000", "TimeCreated": {"#attributes": {"SystemTime": "2025-06-08T14:32:00.843179Z"}}, "EventRecordID": 289, "Correlation": null, "Execution": {"#attributes": {"ProcessID": 596, "ThreadID": 1376}}, "Channel": "System", "Computer": "WIN-P4PGN19G2KB", "Security": null}, "EventData": {"param1": "WinRM", "param2": "running", "Binary": "570069006E0052004D002F0034000000"}}},
{"TimeGenerated": "2025-06-08T14:32:01.655550Z", "EventID": {"#attributes": {"Qualifiers": 16384}, "#text": 7036}, "Computer": "WIN-P4PGN19G2KB", "RawEvent": {"#attributes": {"xmlns": "http://schemas.microsoft.com/win/2004/08/events/event"}, "System": {"Provider": {"#attributes": {"Name": "Service Control Manager", "Guid": "{555908d1-a6d7-4695-8e1e-26931d2012f4}", "EventSourceName": "Service Control Manager"}}, "EventID": {"#attributes": {"Qualifiers": 16384}, "#text": 7036}, "Version": 0, "Level": 4, "Task": 0, "Opcode": 0, "Keywords": "0x8080000000000000", "TimeCreated": {"#attributes": {"SystemTime": "2025-06-08T14:32:01.655550Z"}}, "EventRecordID": 290, "Correlation": null, "Execution": {"#attributes": {"ProcessID": 596, "ThreadID": 1376}}, "Channel": "System", "Computer": "WIN-P4PGN19G2KB", "Security": null}, "EventData": {"param1": "Windows Defender Antivirus Network Inspection Service", "param2": "running", "Binary": "570064004E00690073005300760063002F0034000000"}}},
{"TimeGenerated": "2025-06-08T14:32:01.905637Z", "EventID": {"#attributes": {"Qualifiers": 16384}, "#text": 7036}, "Computer": "WIN-P4PGN19G2KB", "RawEvent": {"#attributes": {"xmlns": "http://schemas.microsoft.com/win/2004/08/events/event"}, "System": {"Provider": {"#attributes": {"Name": "Service Control Manager", "Guid": "{555908d1-a6d7-4695-8e1e-26931d2012f4}", "EventSourceName": "Service Control Manager"}}, "EventID": {"#attributes": {"Qualifiers": 16384}, "#text": 7036}, "Version": 0, "Level": 4, "Task": 0, "Opcode": 0, "Keywords": "0x8080000000000000", "TimeCreated": {"#attributes": {"SystemTime": "2025-06-08T14:32:01.905637Z"}}, "EventRecordID": 291, "Correlation": null, "Execution": {"#attributes": {"ProcessID": 596, "ThreadID": 1376}}, "Channel": "System", "Computer": "WIN-P4PGN19G2KB", "Security": null}, "EventData": {"param1": "Windows Modules Installer", "param2": "running", "Binary": "540072007500730074006500640049006E007300740061006C006C00650072002F0034000000"}}},
{"TimeGenerated": "2025-06-08T14:32:05.918894Z", "EventID": 1014, "Computer": "WIN-P4PGN19G2KB", "RawEvent": {"#attributes": {"xmlns": "http://schemas.microsoft.com/win/2004/08/events/event"}, "System": {"Provider": {"#attributes": {"Name": "Microsoft-Windows-DNS-Client", "Guid": "1C95126E-7EEA-49A9-A3FE-A378B03DDB4D"}}, "EventID": 1014, "Version": 0, "Level": 3, "Task": 1014, "Opcode": 0, "Keywords": "0x4000000010000000", "TimeCreated": {"#attributes": {"SystemTime": "2025-06-08T14:32:05.918894Z"}}, "EventRecordID": 292, "Correlation": null, "Execution": {"#attributes": {"ProcessID": 1444, "ThreadID": 1556}}, "Channel": "System", "Computer": "WIN-P4PGN19G2KB", "Security": {"#attributes": {"UserID": "S-1-5-20"}}}, "EventData": {"QueryName": "wpad", "AddressLength": 128, "Address": "020000000A0A0B02000000000000000000000000000000000000000000000000000000000000000000000000000000000000000000000000000000000000000000000000000000000000000000000000000000000000000000000000000000000000000000000000000000000000000000000000000000000000000000000000"}}},
{"TimeGenerated": "2025-06-08T14:32:06.318128Z", "EventID": 15, "Computer": "WIN-P4PGN19G2KB", "RawEvent": {"#attributes": {"xmlns": "http://schemas.microsoft.com/win/2004/08/events/event"}, "System": {"Provider": {"#attributes": {"Name": "Microsoft-Windows-Kernel-General", "Guid": "A68CA8B7-004F-D7B6-A698-07E2DE0F1F5D"}}, "EventID": 15, "Version": 0, "Level": 4, "Task": 0, "Opcode": 0, "Keywords": "0x8000000000000000", "TimeCreated": {"#attributes": {"SystemTime": "2025-06-08T14:32:06.318128Z"}}, "EventRecordID": 293, "Correlation": null, "Execution": {"#attributes": {"ProcessID": 3704, "ThreadID": 3732}}, "Channel": "System", "Computer": "WIN-P4PGN19G2KB", "Security": {"#attributes": {"UserID": "S-1-5-18"}}}, "EventData": {"HiveNameLength": 41, "HiveName": "\\??\\C:\\Windows\\System32\\config\\COMPONENTS", "OriginalSize": 56246272, "NewSize": 56246272}}},
{"TimeGenerated": "2025-06-08T14:32:30.390130Z", "EventID": {"#attributes": {"Qualifiers": 16384}, "#text": 7036}, "Computer": "WIN-P4PGN19G2KB", "RawEvent": {"#attributes": {"xmlns": "http://schemas.microsoft.com/win/2004/08/events/event"}, "System": {"Provider": {"#attributes": {"Name": "Service Control Manager", "Guid": "{555908d1-a6d7-4695-8e1e-26931d2012f4}", "EventSourceName": "Service Control Manager"}}, "EventID": {"#attributes": {"Qualifiers": 16384}, "#text": 7036}, "Version": 0, "Level": 4, "Task": 0, "Opcode": 0, "Keywords": "0x8080000000000000", "TimeCreated": {"#attributes": {"SystemTime": "2025-06-08T14:32:30.390130Z"}}, "EventRecordID": 294, "Correlation": null, "Execution": {"#attributes": {"ProcessID": 596, "ThreadID": 688}}, "Channel": "System", "Computer": "WIN-P4PGN19G2KB", "Security": null}, "EventData": {"param1": "sppsvc", "param2": "running", "Binary": "7300700070007300760063002F0034000000"}}},
{"TimeGenerated": "2025-06-08T14:32:36.804045Z", "EventID": 1, "Computer": "WIN-P4PGN19G2KB", "RawEvent": {"#attributes": {"xmlns": "http://schemas.microsoft.com/win/2004/08/events/event"}, "System": {"Provider": {"#attributes": {"Name": "Microsoft-Windows-Kernel-General", "Guid": "A68CA8B7-004F-D7B6-A698-07E2DE0F1F5D"}}, "EventID": 1, "Version": 2, "Level": 4, "Task": 5, "Opcode": 0, "Keywords": "0x8000000000000010", "TimeCreated": {"#attributes": {"SystemTime": "2025-06-08T14:32:36.804045Z"}}, "EventRecordID": 295, "Correlation": null, "Execution": {"#attributes": {"ProcessID": 1032, "ThreadID": 1036}}, "Channel": "System", "Computer": "WIN-P4PGN19G2KB", "Security": {"#attributes": {"UserID": "S-1-5-18"}}}, "EventData": {"NewTime": "2025-06-08T14:32:36.802293Z", "OldTime": "2025-06-08T14:32:36.802293Z", "Reason": 3, "ProcessName": "\\Device\\HarddiskVolume4\\Windows\\System32\\oobe\\msoobe.exe", "ProcessID": 1032}}},
{"TimeGenerated": "2025-06-08T14:32:37.303657Z", "EventID": 1500, "Computer": "WIN-P4PGN19G2KB", "RawEvent": {"#attributes": {"xmlns": "http://schemas.microsoft.com/win/2004/08/events/event"}, "System": {"Provider": {"#attributes": {"Name": "Microsoft-Windows-GroupPolicy", "Guid": "AEA1B4FA-97D1-45F2-A64C-4D69FFFD92C9"}}, "EventID": 1500, "Version": 0, "Level": 4, "Task": 0, "Opcode": 1, "Keywords": "0x8000000000000000", "TimeCreated": {"#attributes": {"SystemTime": "2025-06-08T14:32:37.303657Z"}}, "EventRecordID": 296, "Correlation": {"#attributes": {"ActivityID": "69794D57-4D1C-4CCB-A2E2-42E94AF1B1D5"}}, "Execution": {"#attributes": {"ProcessID": 1852, "ThreadID": 2964}}, "Channel": "System", "Computer": "WIN-P4PGN19G2KB", "Security": {"#attributes": {"UserID": "S-1-5-18"}}}, "EventData": {"SupportInfo1": 1, "SupportInfo2": 4232, "ProcessingMode": 1, "ProcessingTimeInMilliseconds": 31, "DCName": ""}}},
{"TimeGenerated": "2025-06-08T14:32:37.361565Z", "EventID": {"#attributes": {"Qualifiers": 16384}, "#text": 7036}, "Computer": "WIN-P4PGN19G2KB", "RawEvent": {"#attributes": {"xmlns": "http://schemas.microsoft.com/win/2004/08/events/event"}, "System": {"Provider": {"#attributes": {"Name": "Service Control Manager", "Guid": "{555908d1-a6d7-4695-8e1e-26931d2012f4}", "EventSourceName": "Service Control Manager"}}, "EventID": {"#attributes": {"Qualifiers": 16384}, "#text": 7036}, "Version": 0, "Level": 4, "Task": 0, "Opcode": 0, "Keywords": "0x8080000000000000", "TimeCreated": {"#attributes": {"SystemTime": "2025-06-08T14:32:37.361565Z"}}, "EventRecordID": 297, "Correlation": null, "Execution": {"#attributes": {"ProcessID": 596, "ThreadID": 2264}}, "Channel": "System", "Computer": "WIN-P4PGN19G2KB", "Security": null}, "EventData": {"param1": "Network Connectivity Assistant", "param2": "stopped", "Binary": "4E00630061005300760063002F0031000000"}}},
{"TimeGenerated": "2025-06-08T14:32:37.392867Z", "EventID": {"#attributes": {"Qualifiers": 16384}, "#text": 7036}, "Computer": "WIN-P4PGN19G2KB", "RawEvent": {"#attributes": {"xmlns": "http://schemas.microsoft.com/win/2004/08/events/event"}, "System": {"Provider": {"#attributes": {"Name": "Service Control Manager", "Guid": "{555908d1-a6d7-4695-8e1e-26931d2012f4}", "EventSourceName": "Service Control Manager"}}, "EventID": {"#attributes": {"Qualifiers": 16384}, "#text": 7036}, "Version": 0, "Level": 4, "Task": 0, "Opcode": 0, "Keywords": "0x8080000000000000", "TimeCreated": {"#attributes": {"SystemTime": "2025-06-08T14:32:37.392867Z"}}, "EventRecordID": 298, "Correlation": null, "Execution": {"#attributes": {"ProcessID": 596, "ThreadID": 3716}}, "Channel": "System", "Computer": "WIN-P4PGN19G2KB", "Security": null}, "EventData": {"param1": "Delivery Optimization", "param2": "running", "Binary": "44006F005300760063002F0034000000"}}},
{"TimeGenerated": "2025-06-08T14:32:37.408504Z", "EventID": {"#attributes": {"Qualifiers": 16384}, "#text": 7036}, "Computer": "WIN-P4PGN19G2KB", "RawEvent": {"#attributes": {"xmlns": "http://schemas.microsoft.com/win/2004/08/events/event"}, "System": {"Provider": {"#attributes": {"Name": "Service Control Manager", "Guid": "{555908d1-a6d7-4695-8e1e-26931d2012f4}", "EventSourceName": "Service Control Manager"}}, "EventID": {"#attributes": {"Qualifiers": 16384}, "#text": 7036}, "Version": 0, "Level": 4, "Task": 0, "Opcode": 0, "Keywords": "0x8080000000000000", "TimeCreated": {"#attributes": {"SystemTime": "2025-06-08T14:32:37.408504Z"}}, "EventRecordID": 299, "Correlation": null, "Execution": {"#attributes": {"ProcessID": 596, "ThreadID": 3716}}, "Channel": "System", "Computer": "WIN-P4PGN19G2KB", "Security": null}, "EventData": {"param1": "Delivery Optimization", "param2": "stopped", "Binary": "44006F005300760063002F0031000000"}}},
{"TimeGenerated": "2025-06-08T14:32:37.524600Z", "EventID": 16, "Computer": "WIN-P4PGN19G2KB", "RawEvent": {"#attributes": {"xmlns": "http://schemas.microsoft.com/win/2004/08/events/event"}, "System": {"Provider": {"#attributes": {"Name": "Microsoft-Windows-Kernel-General", "Guid": "A68CA8B7-004F-D7B6-A698-07E2DE0F1F5D"}}, "EventID": 16, "Version": 0, "Level": 4, "Task": 0, "Opcode": 0, "Keywords": "0x8000000000000000", "TimeCreated": {"#attributes": {"SystemTime": "2025-06-08T14:32:37.524600Z"}}, "EventRecordID": 300, "Correlation": null, "Execution": {"#attributes": {"ProcessID": 112, "ThreadID": 3496}}, "Channel": "System", "Computer": "WIN-P4PGN19G2KB", "Security": {"#attributes": {"UserID": "S-1-5-18"}}}, "EventData": {"HiveNameLength": 45, "HiveName": "\\??\\C:\\Windows\\AppCompat\\Programs\\Amcache.hve", "KeysUpdated": 0, "DirtyPages": 0}}},
{"TimeGenerated": "2025-06-08T14:32:38.371732Z", "EventID": {"#attributes": {"Qualifiers": 16384}, "#text": 7036}, "Computer": "WIN-P4PGN19G2KB", "RawEvent": {"#attributes": {"xmlns": "http://schemas.microsoft.com/win/2004/08/events/event"}, "System": {"Provider": {"#attributes": {"Name": "Service Control Manager", "Guid": "{555908d1-a6d7-4695-8e1e-26931d2012f4}", "EventSourceName": "Service Control Manager"}}, "EventID": {"#attributes": {"Qualifiers": 16384}, "#text": 7036}, "Version": 0, "Level": 4, "Task": 0, "Opcode": 0, "Keywords": "0x8080000000000000", "TimeCreated": {"#attributes": {"SystemTime": "2025-06-08T14:32:38.371732Z"}}, "EventRecordID": 301, "Correlation": null, "Execution": {"#attributes": {"ProcessID": 596, "ThreadID": 3828}}, "Channel": "System", "Computer": "WIN-P4PGN19G2KB", "Security": null}, "EventData": {"param1": "Windows Update", "param2": "running", "Binary": "770075006100750073006500720076002F0034000000"}}},
{"TimeGenerated": "2025-06-08T14:32:39.466613Z", "EventID": {"#attributes": {"Qualifiers": 16384}, "#text": 7036}, "Computer": "WIN-P4PGN19G2KB", "RawEvent": {"#attributes": {"xmlns": "http://schemas.microsoft.com/win/2004/08/events/event"}, "System": {"Provider": {"#attributes": {"Name": "Service Control Manager", "Guid": "{555908d1-a6d7-4695-8e1e-26931d2012f4}", "EventSourceName": "Service Control Manager"}}, "EventID": {"#attributes": {"Qualifiers": 16384}, "#text": 7036}, "Version": 0, "Level": 4, "Task": 0, "Opcode": 0, "Keywords": "0x8080000000000000", "TimeCreated": {"#attributes": {"SystemTime": "2025-06-08T14:32:39.466613Z"}}, "EventRecordID": 302, "Correlation": null, "Execution": {"#attributes": {"ProcessID": 596, "ThreadID": 3832}}, "Channel": "System", "Computer": "WIN-P4PGN19G2KB", "Security": null}, "EventData": {"param1": "Microsoft Account Sign-in Assistant", "param2": "running", "Binary": "77006C00690064007300760063002F0034000000"}}},
{"TimeGenerated": "2025-06-08T14:32:39.498770Z", "EventID": {"#attributes": {"Qualifiers": 16384}, "#text": 7036}, "Computer": "WIN-P4PGN19G2KB", "RawEvent": {"#attributes": {"xmlns": "http://schemas.microsoft.com/win/2004/08/events/event"}, "System": {"Provider": {"#attributes": {"Name": "Service Control Manager", "Guid": "{555908d1-a6d7-4695-8e1e-26931d2012f4}", "EventSourceName": "Service Control Manager"}}, "EventID": {"#attributes": {"Qualifiers": 16384}, "#text": 7036}, "Version": 0, "Level": 4, "Task": 0, "Opcode": 0, "Keywords": "0x8080000000000000", "TimeCreated": {"#attributes": {"SystemTime": "2025-06-08T14:32:39.498770Z"}}, "EventRecordID": 303, "Correlation": null, "Execution": {"#attributes": {"ProcessID": 596, "ThreadID": 3716}}, "Channel": "System", "Computer": "WIN-P4PGN19G2KB", "Security": null}, "EventData": {"param1": "Client License Service (ClipSVC)", "param2": "running", "Binary": "43006C00690070005300560043002F0034000000"}}},
{"TimeGenerated": "2025-06-08T14:32:39.544829Z", "EventID": {"#attributes": {"Qualifiers": 16384}, "#text": 7036}, "Computer": "WIN-P4PGN19G2KB", "RawEvent": {"#attributes": {"xmlns": "http://schemas.microsoft.com/win/2004/08/events/event"}, "System": {"Provider": {"#attributes": {"Name": "Service Control Manager", "Guid": "{555908d1-a6d7-4695-8e1e-26931d2012f4}", "EventSourceName": "Service Control Manager"}}, "EventID": {"#attributes": {"Qualifiers": 16384}, "#text": 7036}, "Version": 0, "Level": 4, "Task": 0, "Opcode": 0, "Keywords": "0x8080000000000000", "TimeCreated": {"#attributes": {"SystemTime": "2025-06-08T14:32:39.544829Z"}}, "EventRecordID": 304, "Correlation": null, "Execution": {"#attributes": {"ProcessID": 596, "ThreadID": 3716}}, "Channel": "System", "Computer": "WIN-P4PGN19G2KB", "Security": null}, "EventData": {"param1": "CNG Key Isolation", "param2": "running", "Binary": "4B0065007900490073006F002F0034000000"}}},
{"TimeGenerated": "2025-06-08T14:32:40.407487Z", "EventID": {"#attributes": {"Qualifiers": 16384}, "#text": 7036}, "Computer": "WIN-P4PGN19G2KB", "RawEvent": {"#attributes": {"xmlns": "http://schemas.microsoft.com/win/2004/08/events/event"}, "System": {"Provider": {"#attributes": {"Name": "Service Control Manager", "Guid": "{555908d1-a6d7-4695-8e1e-26931d2012f4}", "EventSourceName": "Service Control Manager"}}, "EventID": {"#attributes": {"Qualifiers": 16384}, "#text": 7036}, "Version": 0, "Level": 4, "Task": 0, "Opcode": 0, "Keywords": "0x8080000000000000", "TimeCreated": {"#attributes": {"SystemTime": "2025-06-08T14:32:40.407487Z"}}, "EventRecordID": 305, "Correlation": null, "Execution": {"#attributes": {"ProcessID": 596, "ThreadID": 3828}}, "Channel": "System", "Computer": "WIN-P4PGN19G2KB", "Security": null}, "EventData": {"param1": "Microsoft Passport", "param2": "running", "Binary": "4E00670063005300760063002F0034000000"}}},
{"TimeGenerated": "2025-06-08T14:32:40.420911Z", "EventID": {"#attributes": {"Qualifiers": 16384}, "#text": 7036}, "Computer": "WIN-P4PGN19G2KB", "RawEvent": {"#attributes": {"xmlns": "http://schemas.microsoft.com/win/2004/08/events/event"}, "System": {"Provider": {"#attributes": {"Name": "Service Control Manager", "Guid": "{555908d1-a6d7-4695-8e1e-26931d2012f4}", "EventSourceName": "Service Control Manager"}}, "EventID": {"#attributes": {"Qualifiers": 16384}, "#text": 7036}, "Version": 0, "Level": 4, "Task": 0, "Opcode": 0, "Keywords": "0x8080000000000000", "TimeCreated": {"#attributes": {"SystemTime": "2025-06-08T14:32:40.420911Z"}}, "EventRecordID": 306, "Correlation": null, "Execution": {"#attributes": {"ProcessID": 596, "ThreadID": 3716}}, "Channel": "System", "Computer": "WIN-P4PGN19G2KB", "Security": null}, "EventData": {"param1": "Credential Manager", "param2": "running", "Binary": "5600610075006C0074005300760063002F0034000000"}}},
{"TimeGenerated": "2025-06-08T14:32:43.501957Z", "EventID": {"#attributes": {"Qualifiers": 16384}, "#text": 7036}, "Computer": "WIN-P4PGN19G2KB", "RawEvent": {"#attributes": {"xmlns": "http://schemas.microsoft.com/win/2004/08/events/event"}, "System": {"Provider": {"#attributes": {"Name": "Service Control Manager", "Guid": "{555908d1-a6d7-4695-8e1e-26931d2012f4}", "EventSourceName": "Service Control Manager"}}, "EventID": {"#attributes": {"Qualifiers": 16384}, "#text": 7036}, "Version": 0, "Level": 4, "Task": 0, "Opcode": 0, "Keywords": "0x8080000000000000", "TimeCreated": {"#attributes": {"SystemTime": "2025-06-08T14:32:43.501957Z"}}, "EventRecordID": 307, "Correlation": null, "Execution": {"#attributes": {"ProcessID": 596, "ThreadID": 3716}}, "Channel": "System", "Computer": "WIN-P4PGN19G2KB", "Security": null}, "EventData": {"param1": "Capability Access Manager Service", "param2": "running", "Binary": "630061006D007300760063002F0034000000"}}},
{"TimeGenerated": "2025-06-08T14:32:44.842539Z", "EventID": 7001, "Computer": "WIN-P4PGN19G2KB", "RawEvent": {"#attributes": {"xmlns": "http://schemas.microsoft.com/win/2004/08/events/event"}, "System": {"Provider": {"#attributes": {"Name": "Microsoft-Windows-Winlogon", "Guid": "DBE9B383-7CF3-4331-91CC-A3CB16A3B538"}}, "EventID": 7001, "Version": 0, "Level": 4, "Task": 1101, "Opcode": 0, "Keywords": "0x2000200000000000", "TimeCreated": {"#attributes": {"SystemTime": "2025-06-08T14:32:44.842539Z"}}, "EventRecordID": 308, "Correlation": null, "Execution": {"#attributes": {"ProcessID": 552, "ThreadID": 904}}, "Channel": "System", "Computer": "WIN-P4PGN19G2KB", "Security": {"#attributes": {"UserID": "S-1-5-18"}}}, "EventData": {"TSId": 1, "UserSid": "S-1-5-21-4107424128-4158083573-1300325248-500"}}},
{"TimeGenerated": "2025-06-08T14:32:44.916150Z", "EventID": 16, "Computer": "WIN-P4PGN19G2KB", "RawEvent": {"#attributes": {"xmlns": "http://schemas.microsoft.com/win/2004/08/events/event"}, "System": {"Provider": {"#attributes": {"Name": "Microsoft-Windows-Kernel-General", "Guid": "A68CA8B7-004F-D7B6-A698-07E2DE0F1F5D"}}, "EventID": 16, "Version": 0, "Level": 4, "Task": 0, "Opcode": 0, "Keywords": "0x8000000000000000", "TimeCreated": {"#attributes": {"SystemTime": "2025-06-08T14:32:44.916150Z"}}, "EventRecordID": 309, "Correlation": null, "Execution": {"#attributes": {"ProcessID": 1876, "ThreadID": 1984}}, "Channel": "System", "Computer": "WIN-P4PGN19G2KB", "Security": {"#attributes": {"UserID": "S-1-5-18"}}}, "EventData": {"HiveNameLength": 37, "HiveName": "\\??\\C:\\Users\\Administrator\\ntuser.dat", "KeysUpdated": 35, "DirtyPages": 6}}},
{"TimeGenerated": "2025-06-08T14:32:45.434814Z", "EventID": 1501, "Computer": "WIN-P4PGN19G2KB", "RawEvent": {"#attributes": {"xmlns": "http://schemas.microsoft.com/win/2004/08/events/event"}, "System": {"Provider": {"#attributes": {"Name": "Microsoft-Windows-GroupPolicy", "Guid": "AEA1B4FA-97D1-45F2-A64C-4D69FFFD92C9"}}, "EventID": 1501, "Version": 0, "Level": 4, "Task": 0, "Opcode": 1, "Keywords": "0x8000000000000000", "TimeCreated": {"#attributes": {"SystemTime": "2025-06-08T14:32:45.434814Z"}}, "EventRecordID": 310, "Correlation": {"#attributes": {"ActivityID": "2BB44DEF-845A-43F6-9E7D-7565FA4FE090"}}, "Execution": {"#attributes": {"ProcessID": 1852, "ThreadID": 396}}, "Channel": "System", "Computer": "WIN-P4PGN19G2KB", "Security": {"#attributes": {"UserID": "S-1-5-21-4107424128-4158083573-1300325248-500"}}}, "EventData": {"SupportInfo1": 1, "SupportInfo2": 4232, "ProcessingMode": 1, "ProcessingTimeInMilliseconds": 78, "DCName": ""}}},
{"TimeGenerated": "2025-06-08T14:32:45.550075Z", "EventID": {"#attributes": {"Qualifiers": 16384}, "#text": 7036}, "Computer": "WIN-P4PGN19G2KB", "RawEvent": {"#attributes": {"xmlns": "http://schemas.microsoft.com/win/2004/08/events/event"}, "System": {"Provider": {"#attributes": {"Name": "Service Control Manager", "Guid": "{555908d1-a6d7-4695-8e1e-26931d2012f4}", "EventSourceName": "Service Control Manager"}}, "EventID": {"#attributes": {"Qualifiers": 16384}, "#text": 7036}, "Version": 0, "Level": 4, "Task": 0, "Opcode": 0, "Keywords": "0x8080000000000000", "TimeCreated": {"#attributes": {"SystemTime": "2025-06-08T14:32:45.550075Z"}}, "EventRecordID": 311, "Correlation": null, "Execution": {"#attributes": {"ProcessID": 596, "ThreadID": 3832}}, "Channel": "System", "Computer": "WIN-P4PGN19G2KB", "Security": null}, "EventData": {"param1": "Connected Devices Platform User Service_115bf8", "param2": "running", "Binary": "43004400500055007300650072005300760063005F003100310035006200660038002F0034000000"}}},
{"TimeGenerated": "2025-06-08T14:32:45.581465Z", "EventID": {"#attributes": {"Qualifiers": 16384}, "#text": 7036}, "Computer": "WIN-P4PGN19G2KB", "RawEvent": {"#attributes": {"xmlns": "http://schemas.microsoft.com/win/2004/08/events/event"}, "System": {"Provider": {"#attributes": {"Name": "Service Control Manager", "Guid": "{555908d1-a6d7-4695-8e1e-26931d2012f4}", "EventSourceName": "Service Control Manager"}}, "EventID": {"#attributes": {"Qualifiers": 16384}, "#text": 7036}, "Version": 0, "Level": 4, "Task": 0, "Opcode": 0, "Keywords": "0x8080000000000000", "TimeCreated": {"#attributes": {"SystemTime": "2025-06-08T14:32:45.581465Z"}}, "EventRecordID": 312, "Correlation": null, "Execution": {"#attributes": {"ProcessID": 596, "ThreadID": 3716}}, "Channel": "System", "Computer": "WIN-P4PGN19G2KB", "Security": null}, "EventData": {"param1": "Windows Push Notifications User Service_115bf8", "param2": "running", "Binary": "570070006E00550073006500720053006500720076006900630065005F003100310035006200660038002F0034000000"}}},
{"TimeGenerated": "2025-06-08T14:32:45.596979Z", "EventID": {"#attributes": {"Qualifiers": 16384}, "#text": 7036}, "Computer": "WIN-P4PGN19G2KB", "RawEvent": {"#attributes": {"xmlns": "http://schemas.microsoft.com/win/2004/08/events/event"}, "System": {"Provider": {"#attributes": {"Name": "Service Control Manager", "Guid": "{555908d1-a6d7-4695-8e1e-26931d2012f4}", "EventSourceName": "Service Control Manager"}}, "EventID": {"#attributes": {"Qualifiers": 16384}, "#text": 7036}, "Version": 0, "Level": 4, "Task": 0, "Opcode": 0, "Keywords": "0x8080000000000000", "TimeCreated": {"#attributes": {"SystemTime": "2025-06-08T14:32:45.596979Z"}}, "EventRecordID": 313, "Correlation": null, "Execution": {"#attributes": {"ProcessID": 596, "ThreadID": 3832}}, "Channel": "System", "Computer": "WIN-P4PGN19G2KB", "Security": null}, "EventData": {"param1": "Web Account Manager", "param2": "running", "Binary": "54006F006B0065006E00420072006F006B00650072002F0034000000"}}},
{"TimeGenerated": "2025-06-08T14:32:45.643910Z", "EventID": {"#attributes": {"Qualifiers": 16384}, "#text": 7036}, "Computer": "WIN-P4PGN19G2KB", "RawEvent": {"#attributes": {"xmlns": "http://schemas.microsoft.com/win/2004/08/events/event"}, "System": {"Provider": {"#attributes": {"Name": "Service Control Manager", "Guid": "{555908d1-a6d7-4695-8e1e-26931d2012f4}", "EventSourceName": "Service Control Manager"}}, "EventID": {"#attributes": {"Qualifiers": 16384}, "#text": 7036}, "Version": 0, "Level": 4, "Task": 0, "Opcode": 0, "Keywords": "0x8080000000000000", "TimeCreated": {"#attributes": {"SystemTime": "2025-06-08T14:32:45.643910Z"}}, "EventRecordID": 314, "Correlation": null, "Execution": {"#attributes": {"ProcessID": 596, "ThreadID": 3780}}, "Channel": "System", "Computer": "WIN-P4PGN19G2KB", "Security": null}, "EventData": {"param1": "Touch Keyboard and Handwriting Panel Service", "param2": "running", "Binary": "5400610062006C006500740049006E0070007500740053006500720076006900630065002F0034000000"}}},
{"TimeGenerated": "2025-06-08T14:32:45.675175Z", "EventID": {"#attributes": {"Qualifiers": 16384}, "#text": 7036}, "Computer": "WIN-P4PGN19G2KB", "RawEvent": {"#attributes": {"xmlns": "http://schemas.microsoft.com/win/2004/08/events/event"}, "System": {"Provider": {"#attributes": {"Name": "Service Control Manager", "Guid": "{555908d1-a6d7-4695-8e1e-26931d2012f4}", "EventSourceName": "Service Control Manager"}}, "EventID": {"#attributes": {"Qualifiers": 16384}, "#text": 7036}, "Version": 0, "Level": 4, "Task": 0, "Opcode": 0, "Keywords": "0x8080000000000000", "TimeCreated": {"#attributes": {"SystemTime": "2025-06-08T14:32:45.675175Z"}}, "EventRecordID": 315, "Correlation": null, "Execution": {"#attributes": {"ProcessID": 596, "ThreadID": 3828}}, "Channel": "System", "Computer": "WIN-P4PGN19G2KB", "Security": null}, "EventData": {"param1": "AppX Deployment Service (AppXSVC)", "param2": "running", "Binary": "41007000700058005300760063002F0034000000"}}},
{"TimeGenerated": "2025-06-08T14:32:45.800779Z", "EventID": {"#attributes": {"Qualifiers": 16384}, "#text": 7036}, "Computer": "WIN-P4PGN19G2KB", "RawEvent": {"#attributes": {"xmlns": "http://schemas.microsoft.com/win/2004/08/events/event"}, "System": {"Provider": {"#attributes": {"Name": "Service Control Manager", "Guid": "{555908d1-a6d7-4695-8e1e-26931d2012f4}", "EventSourceName": "Service Control Manager"}}, "EventID": {"#attributes": {"Qualifiers": 16384}, "#text": 7036}, "Version": 0, "Level": 4, "Task": 0, "Opcode": 0, "Keywords": "0x8080000000000000", "TimeCreated": {"#attributes": {"SystemTime": "2025-06-08T14:32:45.800779Z"}}, "EventRecordID": 316, "Correlation": null, "Execution": {"#attributes": {"ProcessID": 596, "ThreadID": 3716}}, "Channel": "System", "Computer": "WIN-P4PGN19G2KB", "Security": null}, "EventData": {"param1": "Connected Devices Platform Service", "param2": "running", "Binary": "4300440050005300760063002F0034000000"}}},
{"TimeGenerated": "2025-06-08T14:32:48.411474Z", "EventID": {"#attributes": {"Qualifiers": 16384}, "#text": 7036}, "Computer": "WIN-P4PGN19G2KB", "RawEvent": {"#attributes": {"xmlns": "http://schemas.microsoft.com/win/2004/08/events/event"}, "System": {"Provider": {"#attributes": {"Name": "Service Control Manager", "Guid": "{555908d1-a6d7-4695-8e1e-26931d2012f4}", "EventSourceName": "Service Control Manager"}}, "EventID": {"#attributes": {"Qualifiers": 16384}, "#text": 7036}, "Version": 0, "Level": 4, "Task": 0, "Opcode": 0, "Keywords": "0x8080000000000000", "TimeCreated": {"#attributes": {"SystemTime": "2025-06-08T14:32:48.411474Z"}}, "EventRecordID": 317, "Correlation": null, "Execution": {"#attributes": {"ProcessID": 596, "ThreadID": 3780}}, "Channel": "System", "Computer": "WIN-P4PGN19G2KB", "Security": null}, "EventData": {"param1": "Device Management Enrollment Service", "param2": "running", "Binary": "44006D0045006E0072006F006C006C006D0065006E0074005300760063002F0034000000"}}},
