{"TimeGenerated": "2025-06-08T14:40:15.554936Z", "EventID": {"#attributes": {"Qualifiers": 16384}, "#text": 7036}, "Computer": "DC01", "RawEvent": {"#attributes": {"xmlns": "http://schemas.microsoft.com/win/2004/08/events/event"}, "System": {"Provider": {"#attributes": {"Name": "Service Control Manager", "Guid": "{555908d1-a6d7-4695-8e1e-26931d2012f4}", "EventSourceName": "Service Control Manager"}}, "EventID": {"#attributes": {"Qualifiers": 16384}, "#text": 7036}, "Version": 0, "Level": 4, "Task": 0, "Opcode": 0, "Keywords": "0x8080000000000000", "TimeCreated": {"#attributes": {"SystemTime": "2025-06-08T14:40:15.554936Z"}}, "EventRecordID": 639, "Correlation": null, "Execution": {"#attributes": {"ProcessID": 632, "ThreadID": 4880}}, "Channel": "System", "Computer": "DC01", "Security": null}, "EventData": {"param1": "Plug and Play", "param2": "stopped", "Binary": "50006C007500670050006C00610079002F0031000000"}}},
{"TimeGenerated": "2025-06-08T14:40:15.554936Z", "EventID": {"#attributes": {"Qualifiers": 16384}, "#text": 7036}, "Computer": "DC01", "RawEvent": {"#attributes": {"xmlns": "http://schemas.microsoft.com/win/2004/08/events/event"}, "System": {"Provider": {"#attributes": {"Name": "Service Control Manager", "Guid": "{555908d1-a6d7-4695-8e1e-26931d2012f4}", "EventSourceName": "Service Control Manager"}}, "EventID": {"#attributes": {"Qualifiers": 16384}, "#text": 7036}, "Version": 0, "Level": 4, "Task": 0, "Opcode": 0, "Keywords": "0x8080000000000000", "TimeCreated": {"#attributes": {"SystemTime": "2025-06-08T14:40:15.554936Z"}}, "EventRecordID": 640, "Correlation": null, "Execution": {"#attributes": {"ProcessID": 632, "ThreadID": 4880}}, "Channel": "System", "Computer": "DC01", "Security": null}, "EventData": {"param1": "Distributed Transaction Coordinator", "param2": "stopped", "Binary": "4D0053004400540043002F0031000000"}}},
{"TimeGenerated": "2025-06-08T14:40:15.554936Z", "EventID": {"#attributes": {"Qualifiers": 16384}, "#text": 7036}, "Computer": "DC01", "RawEvent": {"#attributes": {"xmlns": "http://schemas.microsoft.com/win/2004/08/events/event"}, "System": {"Provider": {"#attributes": {"Name": "Service Control Manager", "Guid": "{555908d1-a6d7-4695-8e1e-26931d2012f4}", "EventSourceName": "Service Control Manager"}}, "EventID": {"#attributes": {"Qualifiers": 16384}, "#text": 7036}, "Version": 0, "Level": 4, "Task": 0, "Opcode": 0, "Keywords": "0x8080000000000000", "TimeCreated": {"#attributes": {"SystemTime": "2025-06-08T14:40:15.554936Z"}}, "EventRecordID": 641, "Correlation": null, "Execution": {"#attributes": {"ProcessID": 632, "ThreadID": 4880}}, "Channel": "System", "Computer": "DC01", "Security": null}, "EventData": {"param1": "Windows Management Instrumentation", "param2": "stopped", "Binary": "570069006E006D0067006D0074002F0031000000"}}},
{"TimeGenerated": "2025-06-08T14:40:15.554936Z", "EventID": {"#attributes": {"Qualifiers": 16384}, "#text": 7036}, "Computer": "DC01", "RawEvent": {"#attributes": {"xmlns": "http://schemas.microsoft.com/win/2004/08/events/event"}, "System": {"Provider": {"#attributes": {"Name": "Service Control Manager", "Guid": "{555908d1-a6d7-4695-8e1e-26931d2012f4}", "EventSourceName": "Service Control Manager"}}, "EventID": {"#attributes": {"Qualifiers": 16384}, "#text": 7036}, "Version": 0, "Level": 4, "Task": 0, "Opcode": 0, "Keywords": "0x8080000000000000", "TimeCreated": {"#attributes": {"SystemTime": "2025-06-08T14:40:15.554936Z"}}, "EventRecordID": 642, "Correlation": null, "Execution": {"#attributes": {"ProcessID": 632, "ThreadID": 4880}}, "Channel": "System", "Computer": "DC01", "Security": null}, "EventData": {"param1": "Windows Font Cache Service", "param2": "stopped", "Binary": "46006F006E007400430061006300680065002F0031000000"}}},
{"TimeGenerated": "2025-06-08T14:40:15.570791Z", "EventID": {"#attributes": {"Qualifiers": 16384}, "#text": 7036}, "Computer": "DC01", "RawEvent": {"#attributes": {"xmlns": "http://schemas.microsoft.com/win/2004/08/events/event"}, "System": {"Provider": {"#attributes": {"Name": "Service Control Manager", "Guid": "{555908d1-a6d7-4695-8e1e-26931d2012f4}", "EventSourceName": "Service Control Manager"}}, "EventID": {"#attributes": {"Qualifiers": 16384}, "#text": 7036}, "Version": 0, "Level": 4, "Task": 0, "Opcode": 0, "Keywords": "0x8080000000000000", "TimeCreated": {"#attributes": {"SystemTime": "2025-06-08T14:40:15.570791Z"}}, "EventRecordID": 643, "Correlation": null, "Execution": {"#attributes": {"ProcessID": 632, "ThreadID": 4880}}, "Channel": "System", "Computer": "DC01", "Security": null}, "EventData": {"param1": "Distributed Link Tracking Client", "param2": "stopped", "Binary": "540072006B0057006B0073002F0031000000"}}},
{"TimeGenerated": "2025-06-08T14:40:15.570791Z", "EventID": {"#attributes": {"Qualifiers": 16384}, "#text": 7036}, "Computer": "DC01", "RawEvent": {"#attributes": {"xmlns": "http://schemas.microsoft.com/win/2004/08/events/event"}, "System": {"Provider": {"#attributes": {"Name": "Service Control Manager", "Guid": "{555908d1-a6d7-4695-8e1e-26931d2012f4}", "EventSourceName": "Service Control Manager"}}, "EventID": {"#attributes": {"Qualifiers": 16384}, "#text": 7036}, "Version": 0, "Level": 4, "Task": 0, "Opcode": 0, "Keywords": "0x8080000000000000", "TimeCreated": {"#attributes": {"SystemTime": "2025-06-08T14:40:15.570791Z"}}, "EventRecordID": 644, "Correlation": null, "Execution": {"#attributes": {"ProcessID": 632, "ThreadID": 4880}}, "Channel": "System", "Computer": "DC01", "Security": null}, "EventData": {"param1": "Windows Licensing Monitoring Service", "param2": "stopped", "Binary": "57004C004D0053002F0031000000"}}},
{"TimeGenerated": "2025-06-08T14:40:15.570791Z", "EventID": {"#attributes": {"Qualifiers": 16384}, "#text": 7036}, "Computer": "DC01", "RawEvent": {"#attributes": {"xmlns": "http://schemas.microsoft.com/win/2004/08/events/event"}, "System": {"Provider": {"#attributes": {"Name": "Service Control Manager", "Guid": "{555908d1-a6d7-4695-8e1e-26931d2012f4}", "EventSourceName": "Service Control Manager"}}, "EventID": {"#attributes": {"Qualifiers": 16384}, "#text": 7036}, "Version": 0, "Level": 4, "Task": 0, "Opcode": 0, "Keywords": "0x8080000000000000", "TimeCreated": {"#attributes": {"SystemTime": "2025-06-08T14:40:15.570791Z"}}, "EventRecordID": 645, "Correlation": null, "Execution": {"#attributes": {"ProcessID": 632, "ThreadID": 4880}}, "Channel": "System", "Computer": "DC01", "Security": null}, "EventData": {"param1": "AppX Deployment Service (AppXSVC)", "param2": "stopped", "Binary": "41007000700058005300760063002F0031000000"}}},
{"TimeGenerated": "2025-06-08T14:40:15.570791Z", "EventID": {"#attributes": {"Qualifiers": 16384}, "#text": 7036}, "Computer": "DC01", "RawEvent": {"#attributes": {"xmlns": "http://schemas.microsoft.com/win/2004/08/events/event"}, "System": {"Provider": {"#attributes": {"Name": "Service Control Manager", "Guid": "{555908d1-a6d7-4695-8e1e-26931d2012f4}", "EventSourceName": "Service Control Manager"}}, "EventID": {"#attributes": {"Qualifiers": 16384}, "#text": 7036}, "Version": 0, "Level": 4, "Task": 0, "Opcode": 0, "Keywords": "0x8080000000000000", "TimeCreated": {"#attributes": {"SystemTime": "2025-06-08T14:40:15.570791Z"}}, "EventRecordID": 646, "Correlation": null, "Execution": {"#attributes": {"ProcessID": 632, "ThreadID": 4880}}, "Channel": "System", "Computer": "DC01", "Security": null}, "EventData": {"param1": "DHCP Client", "param2": "stopped", "Binary": "44006800630070002F0031000000"}}},
{"TimeGenerated": "2025-06-08T14:40:15.570791Z", "EventID": {"#attributes": {"Qualifiers": 16384}, "#text": 7036}, "Computer": "DC01", "RawEvent": {"#attributes": {"xmlns": "http://schemas.microsoft.com/win/2004/08/events/event"}, "System": {"Provider": {"#attributes": {"Name": "Service Control Manager", "Guid": "{555908d1-a6d7-4695-8e1e-26931d2012f4}", "EventSourceName": "Service Control Manager"}}, "EventID": {"#attributes": {"Qualifiers": 16384}, "#text": 7036}, "Version": 0, "Level": 4, "Task": 0, "Opcode": 0, "Keywords": "0x8080000000000000", "TimeCreated": {"#attributes": {"SystemTime": "2025-06-08T14:40:15.570791Z"}}, "EventRecordID": 647, "Correlation": null, "Execution": {"#attributes": {"ProcessID": 632, "ThreadID": 4880}}, "Channel": "System", "Computer": "DC01", "Security": null}, "EventData": {"param1": "Diagnostic Policy Service", "param2": "stopped", "Binary": "4400500053002F0031000000"}}},
{"TimeGenerated": "2025-06-08T14:40:15.570791Z", "EventID": {"#attributes": {"Qualifiers": 16384}, "#text": 7036}, "Computer": "DC01", "RawEvent": {"#attributes": {"xmlns": "http://schemas.microsoft.com/win/2004/08/events/event"}, "System": {"Provider": {"#attributes": {"Name": "Service Control Manager", "Guid": "{555908d1-a6d7-4695-8e1e-26931d2012f4}", "EventSourceName": "Service Control Manager"}}, "EventID": {"#attributes": {"Qualifiers": 16384}, "#text": 7036}, "Version": 0, "Level": 4, "Task": 0, "Opcode": 0, "Keywords": "0x8080000000000000", "TimeCreated": {"#attributes": {"SystemTime": "2025-06-08T14:40:15.570791Z"}}, "EventRecordID": 648, "Correlation": null, "Execution": {"#attributes": {"ProcessID": 632, "ThreadID": 4880}}, "Channel": "System", "Computer": "DC01", "Security": null}, "EventData": {"param1": "Update Orchestrator Service", "param2": "stopped", "Binary": "550073006F005300760063002F0031000000"}}},
{"TimeGenerated": "2025-06-08T14:40:15.586190Z", "EventID": {"#attributes": {"Qualifiers": 16384}, "#text": 7036}, "Computer": "DC01", "RawEvent": {"#attributes": {"xmlns": "http://schemas.microsoft.com/win/2004/08/events/event"}, "System": {"Provider": {"#attributes": {"Name": "Service Control Manager", "Guid": "{555908d1-a6d7-4695-8e1e-26931d2012f4}", "EventSourceName": "Service Control Manager"}}, "EventID": {"#attributes": {"Qualifiers": 16384}, "#text": 7036}, "Version": 0, "Level": 4, "Task": 0, "Opcode": 0, "Keywords": "0x8080000000000000", "TimeCreated": {"#attributes": {"SystemTime": "2025-06-08T14:40:15.586190Z"}}, "EventRecordID": 649, "Correlation": null, "Execution": {"#attributes": {"ProcessID": 632, "ThreadID": 4880}}, "Channel": "System", "Computer": "DC01", "Security": null}, "EventData": {"param1": "Microsoft Software Shadow Copy Provider", "param2": "stopped", "Binary": "730077007000720076002F0031000000"}}},
{"TimeGenerated": "2025-06-08T14:40:29.661733Z", "EventID": {"#attributes": {"Qualifiers": 32768}, "#text": 6009}, "Computer": "DC01.pirate.htb", "RawEvent": {"#attributes": {"xmlns": "http://schemas.microsoft.com/win/2004/08/events/event"}, "System": {"Provider": {"#attributes": {"Name": "EventLog"}}, "EventID": {"#attributes": {"Qualifiers": 32768}, "#text": 6009}, "Level": 4, "Task": 0, "Keywords": "0x80000000000000", "TimeCreated": {"#attributes": {"SystemTime": "2025-06-08T14:40:29.661733Z"}}, "EventRecordID": 650, "Channel": "System", "Computer": "DC01.pirate.htb", "Security": null}, "EventData": {"Data": {"#text": ["10.00.", "17763", "", "Multiprocessor Free", "0"]}, "Binary": null}}},
{"TimeGenerated": "2025-06-08T14:40:29.661733Z", "EventID": {"#attributes": {"Qualifiers": 32768}, "#text": 6005}, "Computer": "DC01.pirate.htb", "RawEvent": {"#attributes": {"xmlns": "http://schemas.microsoft.com/win/2004/08/events/event"}, "System": {"Provider": {"#attributes": {"Name": "EventLog"}}, "EventID": {"#attributes": {"Qualifiers": 32768}, "#text": 6005}, "Level": 4, "Task": 0, "Keywords": "0x80000000000000", "TimeCreated": {"#attributes": {"SystemTime": "2025-06-08T14:40:29.661733Z"}}, "EventRecordID": 651, "Channel": "System", "Computer": "DC01.pirate.htb", "Security": null}, "EventData": {"Data": {"#text": ""}, "Binary": "E9070600000008000E0028001D0095020000000000000000"}}},
{"TimeGenerated": "2025-06-08T14:40:29.661733Z", "EventID": {"#attributes": {"Qualifiers": 32768}, "#text": 6013}, "Computer": "DC01.pirate.htb", "RawEvent": {"#attributes": {"xmlns": "http://schemas.microsoft.com/win/2004/08/events/event"}, "System": {"Provider": {"#attributes": {"Name": "EventLog"}}, "EventID": {"#attributes": {"Qualifiers": 32768}, "#text": 6013}, "Level": 4, "Task": 0, "Keywords": "0x80000000000000", "TimeCreated": {"#attributes": {"SystemTime": "2025-06-08T14:40:29.661733Z"}}, "EventRecordID": 652, "Channel": "System", "Computer": "DC01.pirate.htb", "Security": null}, "EventData": {"Data": {"#text": ["", "", "", "", "7", "60", "480 Pacific Standard Time"]}, "Binary": "31002E003100000030000000570069006E0064006F007700730020005300650072007600650072002000320030003100390020005300740061006E00640061007200640020004500760061006C0075006100740069006F006E000000310030002E0030002E003100370037003600330020004200750069006C0064002000310037003700360033002000200000004D0075006C0074006900700072006F0063006500730073006F007200200046007200650065000000310037003700360033002E007200730035005F00720065006C0065006100730065002E003100380030003900310034002D00310034003300340000003600380034003500390066003000350000004E006F007400200041007600610069006C00610062006C00650000004E006F007400200041007600610069006C00610062006C0065000000390000003200000034003000390036000000340030003900000044004300300031002E007000690072006100740065002E0068007400620000000000"}}},
{"TimeGenerated": "2025-06-08T14:40:15.617767Z", "EventID": {"#attributes": {"Qualifiers": 16384}, "#text": 7036}, "Computer": "DC01.pirate.htb", "RawEvent": {"#attributes": {"xmlns": "http://schemas.microsoft.com/win/2004/08/events/event"}, "System": {"Provider": {"#attributes": {"Name": "Service Control Manager", "Guid": "{555908d1-a6d7-4695-8e1e-26931d2012f4}", "EventSourceName": "Service Control Manager"}}, "EventID": {"#attributes": {"Qualifiers": 16384}, "#text": 7036}, "Version": 0, "Level": 4, "Task": 0, "Opcode": 0, "Keywords": "0x8080000000000000", "TimeCreated": {"#attributes": {"SystemTime": "2025-06-08T14:40:15.617767Z"}}, "EventRecordID": 653, "Correlation": null, "Execution": {"#attributes": {"ProcessID": 632, "ThreadID": 4880}}, "Channel": "System", "Computer": "DC01.pirate.htb", "Security": null}, "EventData": {"param1": "Windows Event Log", "param2": "stopped", "Binary": "4500760065006E0074004C006F0067002F0031000000"}}},
{"TimeGenerated": "2025-06-08T14:40:15.617767Z", "EventID": {"#attributes": {"Qualifiers": 16384}, "#text": 7036}, "Computer": "DC01.pirate.htb", "RawEvent": {"#attributes": {"xmlns": "http://schemas.microsoft.com/win/2004/08/events/event"}, "System": {"Provider": {"#attributes": {"Name": "Service Control Manager", "Guid": "{555908d1-a6d7-4695-8e1e-26931d2012f4}", "EventSourceName": "Service Control Manager"}}, "EventID": {"#attributes": {"Qualifiers": 16384}, "#text": 7036}, "Version": 0, "Level": 4, "Task": 0, "Opcode": 0, "Keywords": "0x8080000000000000", "TimeCreated": {"#attributes": {"SystemTime": "2025-06-08T14:40:15.617767Z"}}, "EventRecordID": 654, "Correlation": null, "Execution": {"#attributes": {"ProcessID": 632, "ThreadID": 2128}}, "Channel": "System", "Computer": "DC01.pirate.htb", "Security": null}, "EventData": {"param1": "DNS Server", "param2": "stopped", "Binary": "44004E0053002F0031000000"}}},
{"TimeGenerated": "2025-06-08T14:40:15.617767Z", "EventID": {"#attributes": {"Qualifiers": 16384}, "#text": 7036}, "Computer": "DC01.pirate.htb", "RawEvent": {"#attributes": {"xmlns": "http://schemas.microsoft.com/win/2004/08/events/event"}, "System": {"Provider": {"#attributes": {"Name": "Service Control Manager", "Guid": "{555908d1-a6d7-4695-8e1e-26931d2012f4}", "EventSourceName": "Service Control Manager"}}, "EventID": {"#attributes": {"Qualifiers": 16384}, "#text": 7036}, "Version": 0, "Level": 4, "Task": 0, "Opcode": 0, "Keywords": "0x8080000000000000", "TimeCreated": {"#attributes": {"SystemTime": "2025-06-08T14:40:15.617767Z"}}, "EventRecordID": 655, "Correlation": null, "Execution": {"#attributes": {"ProcessID": 632, "ThreadID": 2128}}, "Channel": "System", "Computer": "DC01.pirate.htb", "Security": null}, "EventData": {"param1": "Windows Connection Manager", "param2": "stopped", "Binary": "570063006D007300760063002F0031000000"}}},
{"TimeGenerated": "2025-06-08T14:40:15.617767Z", "EventID": {"#attributes": {"Qualifiers": 16384}, "#text": 7036}, "Computer": "DC01.pirate.htb", "RawEvent": {"#attributes": {"xmlns": "http://schemas.microsoft.com/win/2004/08/events/event"}, "System": {"Provider": {"#attributes": {"Name": "Service Control Manager", "Guid": "{555908d1-a6d7-4695-8e1e-26931d2012f4}", "EventSourceName": "Service Control Manager"}}, "EventID": {"#attributes": {"Qualifiers": 16384}, "#text": 7036}, "Version": 0, "Level": 4, "Task": 0, "Opcode": 0, "Keywords": "0x8080000000000000", "TimeCreated": {"#attributes": {"SystemTime": "2025-06-08T14:40:15.617767Z"}}, "EventRecordID": 656, "Correlation": null, "Execution": {"#attributes": {"ProcessID": 632, "ThreadID": 2128}}, "Channel": "System", "Computer": "DC01.pirate.htb", "Security": null}, "EventData": {"param1": "WinHTTP Web Proxy Auto-Discovery Service", "param2": "stopped", "Binary": "570069006E0048007400740070004100750074006F00500072006F00780079005300760063002F0031000000"}}},
{"TimeGenerated": "2025-06-08T14:40:15.649600Z", "EventID": {"#attributes": {"Qualifiers": 16384}, "#text": 7036}, "Computer": "DC01.pirate.htb", "RawEvent": {"#attributes": {"xmlns": "http://schemas.microsoft.com/win/2004/08/events/event"}, "System": {"Provider": {"#attributes": {"Name": "Service Control Manager", "Guid": "{555908d1-a6d7-4695-8e1e-26931d2012f4}", "EventSourceName": "Service Control Manager"}}, "EventID": {"#attributes": {"Qualifiers": 16384}, "#text": 7036}, "Version": 0, "Level": 4, "Task": 0, "Opcode": 0, "Keywords": "0x8080000000000000", "TimeCreated": {"#attributes": {"SystemTime": "2025-06-08T14:40:15.649600Z"}}, "EventRecordID": 657, "Correlation": null, "Execution": {"#attributes": {"ProcessID": 632, "ThreadID": 4880}}, "Channel": "System", "Computer": "DC01.pirate.htb", "Security": null}, "EventData": {"param1": "Task Scheduler", "param2": "stopped", "Binary": "5300630068006500640075006C0065002F0031000000"}}},
{"TimeGenerated": "2025-06-08T14:40:15.665382Z", "EventID": {"#attributes": {"Qualifiers": 16384}, "#text": 7036}, "Computer": "DC01.pirate.htb", "RawEvent": {"#attributes": {"xmlns": "http://schemas.microsoft.com/win/2004/08/events/event"}, "System": {"Provider": {"#attributes": {"Name": "Service Control Manager", "Guid": "{555908d1-a6d7-4695-8e1e-26931d2012f4}", "EventSourceName": "Service Control Manager"}}, "EventID": {"#attributes": {"Qualifiers": 16384}, "#text": 7036}, "Version": 0, "Level": 4, "Task": 0, "Opcode": 0, "Keywords": "0x8080000000000000", "TimeCreated": {"#attributes": {"SystemTime": "2025-06-08T14:40:15.665382Z"}}, "EventRecordID": 658, "Correlation": null, "Execution": {"#attributes": {"ProcessID": 632, "ThreadID": 2128}}, "Channel": "System", "Computer": "DC01.pirate.htb", "Security": null}, "EventData": {"param1": "Cryptographic Services", "param2": "stopped", "Binary": "430072007900700074005300760063002F0031000000"}}},
{"TimeGenerated": "2025-06-08T14:40:15.695668Z", "EventID": {"#attributes": {"Qualifiers": 16384}, "#text": 7036}, "Computer": "DC01.pirate.htb", "RawEvent": {"#attributes": {"xmlns": "http://schemas.microsoft.com/win/2004/08/events/event"}, "System": {"Provider": {"#attributes": {"Name": "Service Control Manager", "Guid": "{555908d1-a6d7-4695-8e1e-26931d2012f4}", "EventSourceName": "Service Control Manager"}}, "EventID": {"#attributes": {"Qualifiers": 16384}, "#text": 7036}, "Version": 0, "Level": 4, "Task": 0, "Opcode": 0, "Keywords": "0x8080000000000000", "TimeCreated": {"#attributes": {"SystemTime": "2025-06-08T14:40:15.695668Z"}}, "EventRecordID": 659, "Correlation": null, "Execution": {"#attributes": {"ProcessID": 632, "ThreadID": 4880}}, "Channel": "System", "Computer": "DC01.pirate.htb", "Security": null}, "EventData": {"param1": "Windows Defender Antivirus Service", "param2": "stopped", "Binary": "570069006E0044006500660065006E0064002F0031000000"}}},
{"TimeGenerated": "2025-06-08T14:40:15.695668Z", "EventID": {"#attributes": {"Qualifiers": 16384}, "#text": 7036}, "Computer": "DC01.pirate.htb", "RawEvent": {"#attributes": {"xmlns": "http://schemas.microsoft.com/win/2004/08/events/event"}, "System": {"Provider": {"#attributes": {"Name": "Service Control Manager", "Guid": "{555908d1-a6d7-4695-8e1e-26931d2012f4}", "EventSourceName": "Service Control Manager"}}, "EventID": {"#attributes": {"Qualifiers": 16384}, "#text": 7036}, "Version": 0, "Level": 4, "Task": 0, "Opcode": 0, "Keywords": "0x8080000000000000", "TimeCreated": {"#attributes": {"SystemTime": "2025-06-08T14:40:15.695668Z"}}, "EventRecordID": 660, "Correlation": null, "Execution": {"#attributes": {"ProcessID": 632, "ThreadID": 4880}}, "Channel": "System", "Computer": "DC01.pirate.htb", "Security": null}, "EventData": {"param1": "Volume Shadow Copy", "param2": "stopped", "Binary": "5600530053002F0031000000"}}},
{"TimeGenerated": "2025-06-08T14:40:15.955863Z", "EventID": {"#attributes": {"Qualifiers": 16384}, "#text": 7036}, "Computer": "DC01.pirate.htb", "RawEvent": {"#attributes": {"xmlns": "http://schemas.microsoft.com/win/2004/08/events/event"}, "System": {"Provider": {"#attributes": {"Name": "Service Control Manager", "Guid": "{555908d1-a6d7-4695-8e1e-26931d2012f4}", "EventSourceName": "Service Control Manager"}}, "EventID": {"#attributes": {"Qualifiers": 16384}, "#text": 7036}, "Version": 0, "Level": 4, "Task": 0, "Opcode": 0, "Keywords": "0x8080000000000000", "TimeCreated": {"#attributes": {"SystemTime": "2025-06-08T14:40:15.955863Z"}}, "EventRecordID": 661, "Correlation": null, "Execution": {"#attributes": {"ProcessID": 632, "ThreadID": 2128}}, "Channel": "System", "Computer": "DC01.pirate.htb", "Security": null}, "EventData": {"param1": "Windows Remote Management (WS-Management)", "param2": "stopped", "Binary": "570069006E0052004D002F0031000000"}}},
{"TimeGenerated": "2025-06-08T14:40:16.601822Z", "EventID": {"#attributes": {"Qualifiers": 16384}, "#text": 7036}, "Computer": "DC01.pirate.htb", "RawEvent": {"#attributes": {"xmlns": "http://schemas.microsoft.com/win/2004/08/events/event"}, "System": {"Provider": {"#attributes": {"Name": "Service Control Manager", "Guid": "{555908d1-a6d7-4695-8e1e-26931d2012f4}", "EventSourceName": "Service Control Manager"}}, "EventID": {"#attributes": {"Qualifiers": 16384}, "#text": 7036}, "Version": 0, "Level": 4, "Task": 0, "Opcode": 0, "Keywords": "0x8080000000000000", "TimeCreated": {"#attributes": {"SystemTime": "2025-06-08T14:40:16.601822Z"}}, "EventRecordID": 662, "Correlation": null, "Execution": {"#attributes": {"ProcessID": 632, "ThreadID": 4880}}, "Channel": "System", "Computer": "DC01.pirate.htb", "Security": null}, "EventData": {"param1": "Function Discovery Resource Publication", "param2": "stopped", "Binary": "460044005200650073005000750062002F0031000000"}}},
{"TimeGenerated": "2025-06-08T14:40:16.640825Z", "EventID": 109, "Computer": "DC01.pirate.htb", "RawEvent": {"#attributes": {"xmlns": "http://schemas.microsoft.com/win/2004/08/events/event"}, "System": {"Provider": {"#attributes": {"Name": "Microsoft-Windows-Kernel-Power", "Guid": "331C3B3A-2005-44C2-AC5E-77220C37D6B4"}}, "EventID": 109, "Version": 0, "Level": 4, "Task": 103, "Opcode": 0, "Keywords": "0x8000400000000404", "TimeCreated": {"#attributes": {"SystemTime": "2025-06-08T14:40:16.640825Z"}}, "EventRecordID": 663, "Correlation": null, "Execution": {"#attributes": {"ProcessID": 500, "ThreadID": 504}}, "Channel": "System", "Computer": "DC01.pirate.htb", "Security": null}, "EventData": {"ShutdownActionType": 5, "ShutdownEventCode": 0, "ShutdownReason": 5}}},
{"TimeGenerated": "2025-06-08T14:40:16.779047Z", "EventID": 13, "Computer": "DC01.pirate.htb", "RawEvent": {"#attributes": {"xmlns": "http://schemas.microsoft.com/win/2004/08/events/event"}, "System": {"Provider": {"#attributes": {"Name": "Microsoft-Windows-Kernel-General", "Guid": "A68CA8B7-004F-D7B6-A698-07E2DE0F1F5D"}}, "EventID": 13, "Version": 0, "Level": 4, "Task": 2, "Opcode": 0, "Keywords": "0x8000000000000080", "TimeCreated": {"#attributes": {"SystemTime": "2025-06-08T14:40:16.779047Z"}}, "EventRecordID": 664, "Correlation": null, "Execution": {"#attributes": {"ProcessID": 4, "ThreadID": 2168}}, "Channel": "System", "Computer": "DC01.pirate.htb", "Security": null}, "EventData": {"StopTime": "2025-06-08T14:40:16.779046Z"}}},
{"TimeGenerated": "2025-06-08T14:40:22.624903Z", "EventID": 12, "Computer": "DC01.pirate.htb", "RawEvent": {"#attributes": {"xmlns": "http://schemas.microsoft.com/win/2004/08/events/event"}, "System": {"Provider": {"#attributes": {"Name": "Microsoft-Windows-Kernel-General", "Guid": "A68CA8B7-004F-D7B6-A698-07E2DE0F1F5D"}}, "EventID": 12, "Version": 0, "Level": 4, "Task": 1, "Opcode": 0, "Keywords": "0x8000000000000080", "TimeCreated": {"#attributes": {"SystemTime": "2025-06-08T14:40:22.624903Z"}}, "EventRecordID": 665, "Correlation": null, "Execution": {"#attributes": {"ProcessID": 4, "ThreadID": 8}}, "Channel": "System", "Computer": "DC01.pirate.htb", "Security": {"#attributes": {"UserID": "S-1-5-18"}}}, "EventData": {"MajorVersion": 10, "MinorVersion": 0, "BuildVersion": 17763, "QfeVersion": 3650, "ServiceVersion": 0, "BootMode": 0, "StartTime": "2025-06-08T14:40:22.500000Z"}}},
{"TimeGenerated": "2025-06-08T14:40:22.624928Z", "EventID": 153, "Computer": "DC01.pirate.htb", "RawEvent": {"#attributes": {"xmlns": "http://schemas.microsoft.com/win/2004/08/events/event"}, "System": {"Provider": {"#attributes": {"Name": "Microsoft-Windows-Kernel-Boot", "Guid": "15CA44FF-4D7A-4BAA-BBA5-0998955E531E"}}, "EventID": 153, "Version": 0, "Level": 4, "Task": 62, "Opcode": 0, "Keywords": "0x8000000000000000", "TimeCreated": {"#attributes": {"SystemTime": "2025-06-08T14:40:22.624928Z"}}, "EventRecordID": 666, "Correlation": null, "Execution": {"#attributes": {"ProcessID": 4, "ThreadID": 8}}, "Channel": "System", "Computer": "DC01.pirate.htb", "Security": {"#attributes": {"UserID": "S-1-5-18"}}}, "EventData": {"Status": 0, "EnableDisableReason": 0, "VsmPolicy": 0}}},
{"TimeGenerated": "2025-06-08T14:40:22.624963Z", "EventID": 20, "Computer": "DC01.pirate.htb", "RawEvent": {"#attributes": {"xmlns": "http://schemas.microsoft.com/win/2004/08/events/event"}, "System": {"Provider": {"#attributes": {"Name": "Microsoft-Windows-Kernel-Boot", "Guid": "15CA44FF-4D7A-4BAA-BBA5-0998955E531E"}}, "EventID": 20, "Version": 1, "Level": 4, "Task": 31, "Opcode": 0, "Keywords": "0x8000000000000000", "TimeCreated": {"#attributes": {"SystemTime": "2025-06-08T14:40:22.624963Z"}}, "EventRecordID": 667, "Correlation": null, "Execution": {"#attributes": {"ProcessID": 4, "ThreadID": 8}}, "Channel": "System", "Computer": "DC01.pirate.htb", "Security": {"#attributes": {"UserID": "S-1-5-18"}}}, "EventData": {"LastShutdownGood": true, "LastBootGood": true, "LastBootId": 2, "BootStatusPolicy": 2}}},
{"TimeGenerated": "2025-06-08T14:40:22.624984Z", "EventID": 25, "Computer": "DC01.pirate.htb", "RawEvent": {"#attributes": {"xmlns": "http://schemas.microsoft.com/win/2004/08/events/event"}, "System": {"Provider": {"#attributes": {"Name": "Microsoft-Windows-Kernel-Boot", "Guid": "15CA44FF-4D7A-4BAA-BBA5-0998955E531E"}}, "EventID": 25, "Version": 0, "Level": 4, "Task": 32, "Opcode": 0, "Keywords": "0x8000000000000000", "TimeCreated": {"#attributes": {"SystemTime": "2025-06-08T14:40:22.624984Z"}}, "EventRecordID": 668, "Correlation": null, "Execution": {"#attributes": {"ProcessID": 4, "ThreadID": 8}}, "Channel": "System", "Computer": "DC01.pirate.htb", "Security": {"#attributes": {"UserID": "S-1-5-18"}}}, "EventData": {"BootMenuPolicy": 0}}},
{"TimeGenerated": "2025-06-08T14:40:22.624984Z", "EventID": 27, "Computer": "DC01.pirate.htb", "RawEvent": {"#attributes": {"xmlns": "http://schemas.microsoft.com/win/2004/08/events/event"}, "System": {"Provider": {"#attributes": {"Name": "Microsoft-Windows-Kernel-Boot", "Guid": "15CA44FF-4D7A-4BAA-BBA5-0998955E531E"}}, "EventID": 27, "Version": 1, "Level": 4, "Task": 33, "Opcode": 0, "Keywords": "0x8000000000000000", "TimeCreated": {"#attributes": {"SystemTime": "2025-06-08T14:40:22.624984Z"}}, "EventRecordID": 669, "Correlation": null, "Execution": {"#attributes": {"ProcessID": 4, "ThreadID": 8}}, "Channel": "System", "Computer": "DC01.pirate.htb", "Security": {"#attributes": {"UserID": "S-1-5-18"}}}, "EventData": {"BootType": 0, "LoadOptions": " NOEXECUTE=OPTOUT"}}},
{"TimeGenerated": "2025-06-08T14:40:22.624997Z", "EventID": 18, "Computer": "DC01.pirate.htb", "RawEvent": {"#attributes": {"xmlns": "http://schemas.microsoft.com/win/2004/08/events/event"}, "System": {"Provider": {"#attributes": {"Name": "Microsoft-Windows-Kernel-Boot", "Guid": "15CA44FF-4D7A-4BAA-BBA5-0998955E531E"}}, "EventID": 18, "Version": 0, "Level": 4, "Task": 57, "Opcode": 0, "Keywords": "0x8000000000000000", "TimeCreated": {"#attributes": {"SystemTime": "2025-06-08T14:40:22.624997Z"}}, "EventRecordID": 670, "Correlation": null, "Execution": {"#attributes": {"ProcessID": 4, "ThreadID": 8}}, "Channel": "System", "Computer": "DC01.pirate.htb", "Security": {"#attributes": {"UserID": "S-1-5-18"}}}, "EventData": {"EntryCount": 1}}},
{"TimeGenerated": "2025-06-08T14:40:22.625008Z", "EventID": 32, "Computer": "DC01.pirate.htb", "RawEvent": {"#attributes": {"xmlns": "http://schemas.microsoft.com/win/2004/08/events/event"}, "System": {"Provider": {"#attributes": {"Name": "Microsoft-Windows-Kernel-Boot", "Guid": "15CA44FF-4D7A-4BAA-BBA5-0998955E531E"}}, "EventID": 32, "Version": 0, "Level": 4, "Task": 58, "Opcode": 0, "Keywords": "0x8000000000000000", "TimeCreated": {"#attributes": {"SystemTime": "2025-06-08T14:40:22.625008Z"}}, "EventRecordID": 671, "Correlation": null, "Execution": {"#attributes": {"ProcessID": 4, "ThreadID": 8}}, "Channel": "System", "Computer": "DC01.pirate.htb", "Security": {"#attributes": {"UserID": "S-1-5-18"}}}, "EventData": {"BitlockerUserInputTime": 0}}},
{"TimeGenerated": "2025-06-08T14:40:22.626117Z", "EventID": 20, "Computer": "DC01.pirate.htb", "RawEvent": {"#attributes": {"xmlns": "http://schemas.microsoft.com/win/2004/08/events/event"}, "System": {"Provider": {"#attributes": {"Name": "Microsoft-Windows-Kernel-General", "Guid": "A68CA8B7-004F-D7B6-A698-07E2DE0F1F5D"}}, "EventID": 20, "Version": 0, "Level": 4, "Task": 6, "Opcode": 0, "Keywords": "0x8000000000000010", "TimeCreated": {"#attributes": {"SystemTime": "2025-06-08T14:40:22.626117Z"}}, "EventRecordID": 672, "Correlation": null, "Execution": {"#attributes": {"ProcessID": 4, "ThreadID": 8}}, "Channel": "System", "Computer": "DC01.pirate.htb", "Security": {"#attributes": {"UserID": "S-1-5-18"}}}, "EventData": {"UpdateReason": 0, "EnabledNew": true, "CountNew": 0, "CountOld": 0}}},
{"TimeGenerated": "2025-06-08T14:40:24.521913Z", "EventID": {"#attributes": {"Qualifiers": 16392}, "#text": 3}, "Computer": "DC01.pirate.htb", "RawEvent": {"#attributes": {"xmlns": "http://schemas.microsoft.com/win/2004/08/events/event"}, "System": {"Provider": {"#attributes": {"Name": "vmci"}}, "EventID": {"#attributes": {"Qualifiers": 16392}, "#text": 3}, "Level": 4, "Task": 0, "Keywords": "0x80000000000000", "TimeCreated": {"#attributes": {"SystemTime": "2025-06-08T14:40:24.521913Z"}}, "EventRecordID": 673, "Channel": "System", "Computer": "DC01.pirate.htb", "Security": null}, "EventData": {"Data": {"#text": ["", "VMCI: Using capabilities (0x1c).\n"]}, "Binary": "00000000020028000000000003000840030008400000000000000000000000000000000000000000"}}},
{"TimeGenerated": "2025-06-08T14:40:27.142884Z", "EventID": 6, "Computer": "DC01.pirate.htb", "RawEvent": {"#attributes": {"xmlns": "http://schemas.microsoft.com/win/2004/08/events/event"}, "System": {"Provider": {"#attributes": {"Name": "Microsoft-Windows-FilterManager", "Guid": "F3C5E28E-63F6-49C7-A204-E48A1BC4B09D"}}, "EventID": 6, "Version": 0, "Level": 4, "Task": 0, "Opcode": 0, "Keywords": "0x8000000000000000", "TimeCreated": {"#attributes": {"SystemTime": "2025-06-08T14:40:27.142884Z"}}, "EventRecordID": 674, "Correlation": null, "Execution": {"#attributes": {"ProcessID": 4, "ThreadID": 8}}, "Channel": "System", "Computer": "DC01.pirate.htb", "Security": {"#attributes": {"UserID": "S-1-5-18"}}}, "EventData": {"FinalStatus": "0x0", "DeviceVersionMajor": 10, "DeviceVersionMinor": 0, "DeviceNameLength": 3, "DeviceName": "Wof", "DeviceTime": "2025-03-23T16:48:00.000000Z"}}},
{"TimeGenerated": "2025-06-08T14:40:27.143290Z", "EventID": 6, "Computer": "DC01.pirate.htb", "RawEvent": {"#attributes": {"xmlns": "http://schemas.microsoft.com/win/2004/08/events/event"}, "System": {"Provider": {"#attributes": {"Name": "Microsoft-Windows-FilterManager", "Guid": "F3C5E28E-63F6-49C7-A204-E48A1BC4B09D"}}, "EventID": 6, "Version": 0, "Level": 4, "Task": 0, "Opcode": 0, "Keywords": "0x8000000000000000", "TimeCreated": {"#attributes": {"SystemTime": "2025-06-08T14:40:27.143290Z"}}, "EventRecordID": 675, "Correlation": null, "Execution": {"#attributes": {"ProcessID": 4, "ThreadID": 8}}, "Channel": "System", "Computer": "DC01.pirate.htb", "Security": {"#attributes": {"UserID": "S-1-5-18"}}}, "EventData": {"FinalStatus": "0x0", "DeviceVersionMajor": 10, "DeviceVersionMinor": 0, "DeviceNameLength": 6, "DeviceName": "DfsrRo", "DeviceTime": "2087-05-27T08:05:55.000000Z"}}},
{"TimeGenerated": "2025-06-08T14:40:27.143689Z", "EventID": 6, "Computer": "DC01.pirate.htb", "RawEvent": {"#attributes": {"xmlns": "http://schemas.microsoft.com/win/2004/08/events/event"}, "System": {"Provider": {"#attributes": {"Name": "Microsoft-Windows-FilterManager", "Guid": "F3C5E28E-63F6-49C7-A204-E48A1BC4B09D"}}, "EventID": 6, "Version": 0, "Level": 4, "Task": 0, "Opcode": 0, "Keywords": "0x8000000000000000", "TimeCreated": {"#attributes": {"SystemTime": "2025-06-08T14:40:27.143689Z"}}, "EventRecordID": 676, "Correlation": null, "Execution": {"#attributes": {"ProcessID": 4, "ThreadID": 8}}, "Channel": "System", "Computer": "DC01.pirate.htb", "Security": {"#attributes": {"UserID": "S-1-5-18"}}}, "EventData": {"FinalStatus": "0x0", "DeviceVersionMajor": 10, "DeviceVersionMinor": 0, "DeviceNameLength": 8, "DeviceName": "WdFilter", "DeviceTime": "2070-12-04T12:41:44.000000Z"}}},
{"TimeGenerated": "2025-06-08T14:40:27.170548Z", "EventID": 98, "Computer": "DC01.pirate.htb", "RawEvent": {"#attributes": {"xmlns": "http://schemas.microsoft.com/win/2004/08/events/event"}, "System": {"Provider": {"#attributes": {"Name": "Microsoft-Windows-Ntfs", "Guid": "3FF37A1C-A68D-4D6E-8C9B-F79E8B16C482"}}, "EventID": 98, "Version": 0, "Level": 4, "Task": 0, "Opcode": 0, "Keywords": "0x8000000000000002", "TimeCreated": {"#attributes": {"SystemTime": "2025-06-08T14:40:27.170548Z"}}, "EventRecordID": 677, "Correlation": null, "Execution": {"#attributes": {"ProcessID": 4, "ThreadID": 108}}, "Channel": "System", "Computer": "DC01.pirate.htb", "Security": {"#attributes": {"UserID": "S-1-5-18"}}}, "EventData": {"DriveName": "C:", "DeviceName": "\\Device\\HarddiskVolume4", "CorruptionActionState": 0}}},
{"TimeGenerated": "2025-06-08T14:40:27.195803Z", "EventID": 6, "Computer": "DC01.pirate.htb", "RawEvent": {"#attributes": {"xmlns": "http://schemas.microsoft.com/win/2004/08/events/event"}, "System": {"Provider": {"#attributes": {"Name": "Microsoft-Windows-FilterManager", "Guid": "F3C5E28E-63F6-49C7-A204-E48A1BC4B09D"}}, "EventID": 6, "Version": 0, "Level": 4, "Task": 0, "Opcode": 0, "Keywords": "0x8000000000000000", "TimeCreated": {"#attributes": {"SystemTime": "2025-06-08T14:40:27.195803Z"}}, "EventRecordID": 678, "Correlation": null, "Execution": {"#attributes": {"ProcessID": 4, "ThreadID": 8}}, "Channel": "System", "Computer": "DC01.pirate.htb", "Security": {"#attributes": {"UserID": "S-1-5-18"}}}, "EventData": {"FinalStatus": "0x0", "DeviceVersionMajor": 10, "DeviceVersionMinor": 0, "DeviceNameLength": 9, "DeviceName": "FileCrypt", "DeviceTime": "2034-08-13T07:30:12.000000Z"}}},
{"TimeGenerated": "2025-06-08T14:40:27.198157Z", "EventID": 6, "Computer": "DC01.pirate.htb", "RawEvent": {"#attributes": {"xmlns": "http://schemas.microsoft.com/win/2004/08/events/event"}, "System": {"Provider": {"#attributes": {"Name": "Microsoft-Windows-FilterManager", "Guid": "F3C5E28E-63F6-49C7-A204-E48A1BC4B09D"}}, "EventID": 6, "Version": 0, "Level": 4, "Task": 0, "Opcode": 0, "Keywords": "0x8000000000000000", "TimeCreated": {"#attributes": {"SystemTime": "2025-06-08T14:40:27.198157Z"}}, "EventRecordID": 679, "Correlation": null, "Execution": {"#attributes": {"ProcessID": 4, "ThreadID": 8}}, "Channel": "System", "Computer": "DC01.pirate.htb", "Security": {"#attributes": {"UserID": "S-1-5-18"}}}, "EventData": {"FinalStatus": "0x0", "DeviceVersionMajor": 10, "DeviceVersionMinor": 0, "DeviceNameLength": 9, "DeviceName": "DfsDriver", "DeviceTime": "1975-08-18T05:58:38.000000Z"}}},
{"TimeGenerated": "2025-06-08T14:40:27.253209Z", "EventID": 6, "Computer": "DC01.pirate.htb", "RawEvent": {"#attributes": {"xmlns": "http://schemas.microsoft.com/win/2004/08/events/event"}, "System": {"Provider": {"#attributes": {"Name": "Microsoft-Windows-FilterManager", "Guid": "F3C5E28E-63F6-49C7-A204-E48A1BC4B09D"}}, "EventID": 6, "Version": 0, "Level": 4, "Task": 0, "Opcode": 0, "Keywords": "0x8000000000000000", "TimeCreated": {"#attributes": {"SystemTime": "2025-06-08T14:40:27.253209Z"}}, "EventRecordID": 680, "Correlation": null, "Execution": {"#attributes": {"ProcessID": 4, "ThreadID": 8}}, "Channel": "System", "Computer": "DC01.pirate.htb", "Security": {"#attributes": {"UserID": "S-1-5-18"}}}, "EventData": {"FinalStatus": "0x0", "DeviceVersionMajor": 10, "DeviceVersionMinor": 0, "DeviceNameLength": 9, "DeviceName": "npsvctrig", "DeviceTime": "2037-02-22T23:11:04.000000Z"}}},
{"TimeGenerated": "2025-06-08T14:40:27.275447Z", "EventID": 172, "Computer": "DC01.pirate.htb", "RawEvent": {"#attributes": {"xmlns": "http://schemas.microsoft.com/win/2004/08/events/event"}, "System": {"Provider": {"#attributes": {"Name": "Microsoft-Windows-Kernel-Power", "Guid": "331C3B3A-2005-44C2-AC5E-77220C37D6B4"}}, "EventID": 172, "Version": 0, "Level": 4, "Task": 203, "Opcode": 0, "Keywords": "0x8000000000000404", "TimeCreated": {"#attributes": {"SystemTime": "2025-06-08T14:40:27.275447Z"}}, "EventRecordID": 681, "Correlation": null, "Execution": {"#attributes": {"ProcessID": 4, "ThreadID": 108}}, "Channel": "System", "Computer": "DC01.pirate.htb", "Security": {"#attributes": {"UserID": "S-1-5-18"}}}, "EventData": {"State": 2, "Reason": 6}}},
{"TimeGenerated": "2025-06-08T14:40:27.415624Z", "EventID": 55, "Computer": "DC01.pirate.htb", "RawEvent": {"#attributes": {"xmlns": "http://schemas.microsoft.com/win/2004/08/events/event"}, "System": {"Provider": {"#attributes": {"Name": "Microsoft-Windows-Kernel-Processor-Power", "Guid": "0F67E49F-FE51-4E9F-B490-6F2948CC6027"}}, "EventID": 55, "Version": 0, "Level": 4, "Task": 47, "Opcode": 0, "Keywords": "0x8000000000000000", "TimeCreated": {"#attributes": {"SystemTime": "2025-06-08T14:40:27.415624Z"}}, "EventRecordID": 682, "Correlation": null, "Execution": {"#attributes": {"ProcessID": 4, "ThreadID": 236}}, "Channel": "System", "Computer": "DC01.pirate.htb", "Security": {"#attributes": {"UserID": "S-1-5-18"}}}, "EventData": {"Group": 0, "Number": 0, "IdleStateCount": 1, "IdleImplementation": 1, "NominalFrequency": 3400, "MaximumPerformancePercent": 100, "MinimumPerformancePercent": 100, "MinimumThrottlePercent": 100, "PerformanceImplementation": 0}}},
{"TimeGenerated": "2025-06-08T14:40:27.416016Z", "EventID": 55, "Computer": "DC01.pirate.htb", "RawEvent": {"#attributes": {"xmlns": "http://schemas.microsoft.com/win/2004/08/events/event"}, "System": {"Provider": {"#attributes": {"Name": "Microsoft-Windows-Kernel-Processor-Power", "Guid": "0F67E49F-FE51-4E9F-B490-6F2948CC6027"}}, "EventID": 55, "Version": 0, "Level": 4, "Task": 47, "Opcode": 0, "Keywords": "0x8000000000000000", "TimeCreated": {"#attributes": {"SystemTime": "2025-06-08T14:40:27.416016Z"}}, "EventRecordID": 683, "Correlation": null, "Execution": {"#attributes": {"ProcessID": 4, "ThreadID": 236}}, "Channel": "System", "Computer": "DC01.pirate.htb", "Security": {"#attributes": {"UserID": "S-1-5-18"}}}, "EventData": {"Group": 0, "Number": 1, "IdleStateCount": 1, "IdleImplementation": 1, "NominalFrequency": 3400, "MaximumPerformancePercent": 100, "MinimumPerformancePercent": 100, "MinimumThrottlePercent": 100, "PerformanceImplementation": 0}}},
{"TimeGenerated": "2025-06-08T14:40:27.665535Z", "EventID": {"#attributes": {"Qualifiers": 24580}, "#text": 32}, "Computer": "DC01.pirate.htb", "RawEvent": {"#attributes": {"xmlns": "http://schemas.microsoft.com/win/2004/08/events/event"}, "System": {"Provider": {"#attributes": {"Name": "e1iexpress"}}, "EventID": {"#attributes": {"Qualifiers": 24580}, "#text": 32}, "Level": 4, "Task": 0, "Keywords": "0x80000000000000", "TimeCreated": {"#attributes": {"SystemTime": "2025-06-08T14:40:27.665535Z"}}, "EventRecordID": 684, "Channel": "System", "Computer": "DC01.pirate.htb", "Security": null}, "EventData": {"Data": {"#text": ["", "Intel(R) 82574L Gigabit Network Connection"]}, "Binary": "0000040002003000000000002000046000000000000000000000000000000000000000000000000020000460"}}},
{"TimeGenerated": "2025-06-08T14:40:27.681682Z", "EventID": 98, "Computer": "DC01.pirate.htb", "RawEvent": {"#attributes": {"xmlns": "http://schemas.microsoft.com/win/2004/08/events/event"}, "System": {"Provider": {"#attributes": {"Name": "Microsoft-Windows-Ntfs", "Guid": "3FF37A1C-A68D-4D6E-8C9B-F79E8B16C482"}}, "EventID": 98, "Version": 0, "Level": 4, "Task": 0, "Opcode": 0, "Keywords": "0x8000000000000002", "TimeCreated": {"#attributes": {"SystemTime": "2025-06-08T14:40:27.681682Z"}}, "EventRecordID": 685, "Correlation": null, "Execution": {"#attributes": {"ProcessID": 4, "ThreadID": 296}}, "Channel": "System", "Computer": "DC01.pirate.htb", "Security": {"#attributes": {"UserID": "S-1-5-18"}}}, "EventData": {"DriveName": "\\\\?\\Volume{b201937d-6d9a-48d9-97d0-8c62ad1c9720}", "DeviceName": "\\Device\\HarddiskVolume1", "CorruptionActionState": 0}}},
{"TimeGenerated": "2025-06-08T14:40:28.098355Z", "EventID": 14, "Computer": "DC01.pirate.htb", "RawEvent": {"#attributes": {"xmlns": "http://schemas.microsoft.com/win/2004/08/events/event"}, "System": {"Provider": {"#attributes": {"Name": "Microsoft-Windows-Wininit", "Guid": "206F6DEA-D3C5-4D10-BC72-989F03C8B84B"}}, "EventID": 14, "Version": 0, "Level": 4, "Task": 0, "Opcode": 0, "Keywords": "0x4000000000000000", "TimeCreated": {"#attributes": {"SystemTime": "2025-06-08T14:40:28.098355Z"}}, "EventRecordID": 686, "Correlation": null, "Execution": {"#attributes": {"ProcessID": 488, "ThreadID": 492}}, "Channel": "System", "Computer": "DC01.pirate.htb", "Security": {"#attributes": {"UserID": "S-1-5-18"}}}, "EventData": {"Config": 0, "IsTestConfig": 0}}},
{"TimeGenerated": "2025-06-08T14:40:28.172445Z", "EventID": 16962, "Computer": "DC01.pirate.htb", "RawEvent": {"#attributes": {"xmlns": "http://schemas.microsoft.com/win/2004/08/events/event"}, "System": {"Provider": {"#attributes": {"Name": "Microsoft-Windows-Directory-Services-SAM", "Guid": "0D4FDC09-8C27-494A-BDA0-505E4FD8ADAE"}}, "EventID": 16962, "Version": 0, "Level": 4, "Task": 0, "Opcode": 0, "Keywords": "0x8000000000000000", "TimeCreated": {"#attributes": {"SystemTime": "2025-06-08T14:40:28.172445Z"}}, "EventRecordID": 687, "Correlation": {"#attributes": {"ActivityID": "43B7D275-D883-0000-47D3-B74383D8DB01"}}, "Execution": {"#attributes": {"ProcessID": 632, "ThreadID": 636}}, "Channel": "System", "Computer": "DC01.pirate.htb", "Security": {"#attributes": {"UserID": "S-1-5-18"}}}, "EventData": {"#attributes": {"Name": "SAMMSG_RESTRICT_REMOTE_SAM_DEFAULT_SD"}, "Default SD String:": ""}}},
{"TimeGenerated": "2025-06-08T14:40:29.273342Z", "EventID": 16977, "Computer": "DC01.pirate.htb", "RawEvent": {"#attributes": {"xmlns": "http://schemas.microsoft.com/win/2004/08/events/event"}, "System": {"Provider": {"#attributes": {"Name": "Microsoft-Windows-Directory-Services-SAM", "Guid": "0D4FDC09-8C27-494A-BDA0-505E4FD8ADAE"}}, "EventID": 16977, "Version": 0, "Level": 4, "Task": 0, "Opcode": 0, "Keywords": "0x8000000000000000", "TimeCreated": {"#attributes": {"SystemTime": "2025-06-08T14:40:29.273342Z"}}, "EventRecordID": 688, "Correlation": null, "Execution": {"#attributes": {"ProcessID": 632, "ThreadID": 792}}, "Channel": "System", "Computer": "DC01.pirate.htb", "Security": {"#attributes": {"UserID": "S-1-5-18"}}}, "EventData": {"#attributes": {"Name": "SAMMSG_MINPWDLEN_SETTINGS_IN_EFFECT"}, "MinimumPasswordLength": 0, "MinimumPasswordLengthAudit": 0}}},
{"TimeGenerated": "2025-06-08T14:40:29.277472Z", "EventID": 16977, "Computer": "DC01.pirate.htb", "RawEvent": {"#attributes": {"xmlns": "http://schemas.microsoft.com/win/2004/08/events/event"}, "System": {"Provider": {"#attributes": {"Name": "Microsoft-Windows-Directory-Services-SAM", "Guid": "0D4FDC09-8C27-494A-BDA0-505E4FD8ADAE"}}, "EventID": 16977, "Version": 0, "Level": 4, "Task": 0, "Opcode": 0, "Keywords": "0x8000000000000000", "TimeCreated": {"#attributes": {"SystemTime": "2025-06-08T14:40:29.277472Z"}}, "EventRecordID": 689, "Correlation": null, "Execution": {"#attributes": {"ProcessID": 632, "ThreadID": 636}}, "Channel": "System", "Computer": "DC01.pirate.htb", "Security": {"#attributes": {"UserID": "S-1-5-18"}}}, "EventData": {"#attributes": {"Name": "SAMMSG_MINPWDLEN_SETTINGS_IN_EFFECT"}, "MinimumPasswordLength": 0, "MinimumPasswordLengthAudit": -1}}},
{"TimeGenerated": "2025-06-08T14:40:29.277474Z", "EventID": 16983, "Computer": "DC01.pirate.htb", "RawEvent": {"#attributes": {"xmlns": "http://schemas.microsoft.com/win/2004/08/events/event"}, "System": {"Provider": {"#attributes": {"Name": "Microsoft-Windows-Directory-Services-SAM", "Guid": "0D4FDC09-8C27-494A-BDA0-505E4FD8ADAE"}}, "EventID": 16983, "Version": 0, "Level": 4, "Task": 0, "Opcode": 0, "Keywords": "0x8000000000000000", "TimeCreated": {"#attributes": {"SystemTime": "2025-06-08T14:40:29.277474Z"}}, "EventRecordID": 690, "Correlation": null, "Execution": {"#attributes": {"ProcessID": 632, "ThreadID": 636}}, "Channel": "System", "Computer": "DC01.pirate.htb", "Security": {"#attributes": {"UserID": "S-1-5-18"}}}, "EventData": {"#attributes": {"Name": "SAMMSG_AUDIT_LEGACY_PWD_RPC_METHODS_OFF"}}}},
{"TimeGenerated": "2025-06-08T14:40:29.400860Z", "EventID": 16937, "Computer": "DC01.pirate.htb", "RawEvent": {"#attributes": {"xmlns": "http://schemas.microsoft.com/win/2004/08/events/event"}, "System": {"Provider": {"#attributes": {"Name": "Microsoft-Windows-Directory-Services-SAM", "Guid": "0D4FDC09-8C27-494A-BDA0-505E4FD8ADAE"}}, "EventID": 16937, "Version": 0, "Level": 4, "Task": 0, "Opcode": 0, "Keywords": "0x8000000000000000", "TimeCreated": {"#attributes": {"SystemTime": "2025-06-08T14:40:29.400860Z"}}, "EventRecordID": 691, "Correlation": null, "Execution": {"#attributes": {"ProcessID": 632, "ThreadID": 636}}, "Channel": "System", "Computer": "DC01.pirate.htb", "Security": {"#attributes": {"UserID": "S-1-5-18"}}}, "EventData": {"#attributes": {"Name": "SAMMSG_MACHINE_ACCOUNT_SECURE"}, "ComputerName": "", "Binary": "00000000"}}},
{"TimeGenerated": "2025-06-08T14:40:29.407900Z", "EventID": 16403, "Computer": "DC01.pirate.htb", "RawEvent": {"#attributes": {"xmlns": "http://schemas.microsoft.com/win/2004/08/events/event"}, "System": {"Provider": {"#attributes": {"Name": "Microsoft-Windows-Directory-Services-SAM", "Guid": "0D4FDC09-8C27-494A-BDA0-505E4FD8ADAE"}}, "EventID": 16403, "Version": 0, "Level": 4, "Task": 0, "Opcode": 0, "Keywords": "0x8000000000000000", "TimeCreated": {"#attributes": {"SystemTime": "2025-06-08T14:40:29.407900Z"}}, "EventRecordID": 692, "Correlation": null, "Execution": {"#attributes": {"ProcessID": 632, "ThreadID": 636}}, "Channel": "System", "Computer": "DC01.pirate.htb", "Security": {"#attributes": {"UserID": "S-1-5-18"}}}, "EventData": {"#attributes": {"Name": "SAMMSG_USER_SETUP_ERROR"}, "AccountName": "Distributed COM Users", "ErrorMessage": "The specified local group already exists.\r\n", "Binary": "63050000"}}},
{"TimeGenerated": "2025-06-08T14:40:29.407996Z", "EventID": 16403, "Computer": "DC01.pirate.htb", "RawEvent": {"#attributes": {"xmlns": "http://schemas.microsoft.com/win/2004/08/events/event"}, "System": {"Provider": {"#attributes": {"Name": "Microsoft-Windows-Directory-Services-SAM", "Guid": "0D4FDC09-8C27-494A-BDA0-505E4FD8ADAE"}}, "EventID": 16403, "Version": 0, "Level": 4, "Task": 0, "Opcode": 0, "Keywords": "0x8000000000000000", "TimeCreated": {"#attributes": {"SystemTime": "2025-06-08T14:40:29.407996Z"}}, "EventRecordID": 693, "Correlation": null, "Execution": {"#attributes": {"ProcessID": 632, "ThreadID": 636}}, "Channel": "System", "Computer": "DC01.pirate.htb", "Security": {"#attributes": {"UserID": "S-1-5-18"}}}, "EventData": {"#attributes": {"Name": "SAMMSG_USER_SETUP_ERROR"}, "AccountName": "IIS_IUSRS", "ErrorMessage": "The specified local group already exists.\r\n", "Binary": "63050000"}}},
{"TimeGenerated": "2025-06-08T14:40:29.408077Z", "EventID": 16403, "Computer": "DC01.pirate.htb", "RawEvent": {"#attributes": {"xmlns": "http://schemas.microsoft.com/win/2004/08/events/event"}, "System": {"Provider": {"#attributes": {"Name": "Microsoft-Windows-Directory-Services-SAM", "Guid": "0D4FDC09-8C27-494A-BDA0-505E4FD8ADAE"}}, "EventID": 16403, "Version": 0, "Level": 4, "Task": 0, "Opcode": 0, "Keywords": "0x8000000000000000", "TimeCreated": {"#attributes": {"SystemTime": "2025-06-08T14:40:29.408077Z"}}, "EventRecordID": 694, "Correlation": null, "Execution": {"#attributes": {"ProcessID": 632, "ThreadID": 636}}, "Channel": "System", "Computer": "DC01.pirate.htb", "Security": {"#attributes": {"UserID": "S-1-5-18"}}}, "EventData": {"#attributes": {"Name": "SAMMSG_USER_SETUP_ERROR"}, "AccountName": "Cryptographic Operators", "ErrorMessage": "The specified local group already exists.\r\n", "Binary": "63050000"}}},
