{"TimeGenerated": "2026-01-16T01:39:22.303334Z", "EventID": 769, "Computer": "DC01.pirate.htb", "RawEvent": {"#attributes": {"xmlns": "http://schemas.microsoft.com/win/2004/08/events/event"}, "System": {"Provider": {"#attributes": {"Name": "Microsoft-Windows-DNS-Server-Service", "Guid": "71A551F5-C893-4849-886B-B5EC8502641E"}}, "EventID": 769, "Version": 0, "Level": 4, "Task": 0, "Opcode": 0, "Keywords": "0x8000000000000010", "TimeCreated": {"#attributes": {"SystemTime": "2026-01-16T01:39:22.303334Z"}}, "EventRecordID": 178, "Correlation": null, "Execution": {"#attributes": {"ProcessID": 2936, "ThreadID": 2240}}, "Channel": "DNS Server", "Computer": "DC01.pirate.htb", "Security": {"#attributes": {"UserID": "S-1-5-18"}}}, "EventData": {"#attributes": {"Name": "DNS_EVENT_ZONE_LOAD_OK"}, "param1": "_msdcs.pirate.htb", "param2": "NULL", "param3": "DC01.pirate.htb", "VirtualizationID": "."}}},
{"TimeGenerated": "2026-01-16T01:39:22.310074Z", "EventID": 769, "Computer": "DC01.pirate.htb", "RawEvent": {"#attributes": {"xmlns": "http://schemas.microsoft.com/win/2004/08/events/event"}, "System": {"Provider": {"#attributes": {"Name": "Microsoft-Windows-DNS-Server-Service", "Guid": "71A551F5-C893-4849-886B-B5EC8502641E"}}, "EventID": 769, "Version": 0, "Level": 4, "Task": 0, "Opcode": 0, "Keywords": "0x8000000000000010", "TimeCreated": {"#attributes": {"SystemTime": "2026-01-16T01:39:22.310074Z"}}, "EventRecordID": 179, "Correlation": null, "Execution": {"#attributes": {"ProcessID": 2936, "ThreadID": 2240}}, "Channel": "DNS Server", "Computer": "DC01.pirate.htb", "Security": {"#attributes": {"UserID": "S-1-5-18"}}}, "EventData": {"#attributes": {"Name": "DNS_EVENT_ZONE_LOAD_OK"}, "param1": "pirate.htb", "param2": "NULL", "param3": "DC01.pirate.htb", "VirtualizationID": "."}}},
{"TimeGenerated": "2026-01-16T01:39:22.312645Z", "EventID": 769, "Computer": "DC01.pirate.htb", "RawEvent": {"#attributes": {"xmlns": "http://schemas.microsoft.com/win/2004/08/events/event"}, "System": {"Provider": {"#attributes": {"Name": "Microsoft-Windows-DNS-Server-Service", "Guid": "71A551F5-C893-4849-886B-B5EC8502641E"}}, "EventID": 769, "Version": 0, "Level": 4, "Task": 0, "Opcode": 0, "Keywords": "0x8000000000000010", "TimeCreated": {"#attributes": {"SystemTime": "2026-01-16T01:39:22.312645Z"}}, "EventRecordID": 180, "Correlation": null, "Execution": {"#attributes": {"ProcessID": 2936, "ThreadID": 2240}}, "Channel": "DNS Server", "Computer": "DC01.pirate.htb", "Security": {"#attributes": {"UserID": "S-1-5-18"}}}, "EventData": {"#attributes": {"Name": "DNS_EVENT_ZONE_LOAD_OK"}, "param1": "TrustAnchors", "param2": "NULL", "param3": "DC01.pirate.htb", "VirtualizationID": "."}}},
{"TimeGenerated": "2026-01-16T01:39:22.317936Z", "EventID": 7648, "Computer": "DC01.pirate.htb", "RawEvent": {"#attributes": {"xmlns": "http://schemas.microsoft.com/win/2004/08/events/event"}, "System": {"Provider": {"#attributes": {"Name": "Microsoft-Windows-DNS-Server-Service", "Guid": "71A551F5-C893-4849-886B-B5EC8502641E"}}, "EventID": 7648, "Version": 0, "Level": 4, "Task": 0, "Opcode": 0, "Keywords": "0x8000000000000080", "TimeCreated": {"#attributes": {"SystemTime": "2026-01-16T01:39:22.317936Z"}}, "EventRecordID": 181, "Correlation": null, "Execution": {"#attributes": {"ProcessID": 2936, "ThreadID": 2240}}, "Channel": "DNS Server", "Computer": "DC01.pirate.htb", "Security": {"#attributes": {"UserID": "S-1-5-18"}}}, "EventData": {"#attributes": {"Name": "DNS_EVENT_DNSSEC_KEYMASTER_CHANGE_DETECTED"}, "param1": "pirate.htb", "param2": "DC01.pirate.htb", "Binary": null}}},
{"TimeGenerated": "2026-01-16T01:39:22.470676Z", "EventID": 2, "Computer": "DC01.pirate.htb", "RawEvent": {"#attributes": {"xmlns": "http://schemas.microsoft.com/win/2004/08/events/event"}, "System": {"Provider": {"#attributes": {"Name": "Microsoft-Windows-DNS-Server-Service", "Guid": "71A551F5-C893-4849-886B-B5EC8502641E"}}, "EventID": 2, "Version": 0, "Level": 4, "Task": 0, "Opcode": 0, "Keywords": "0x8000000000001000", "TimeCreated": {"#attributes": {"SystemTime": "2026-01-16T01:39:22.470676Z"}}, "EventRecordID": 182, "Correlation": null, "Execution": {"#attributes": {"ProcessID": 2936, "ThreadID": 2240}}, "Channel": "DNS Server", "Computer": "DC01.pirate.htb", "Security": {"#attributes": {"UserID": "S-1-5-18"}}}, "EventData": {"#attributes": {"Name": "DNS_EVENT_STARTUP_OK"}}}},
{"TimeGenerated": "2026-01-16T01:39:22.836953Z", "EventID": 4, "Computer": "DC01.pirate.htb", "RawEvent": {"#attributes": {"xmlns": "http://schemas.microsoft.com/win/2004/08/events/event"}, "System": {"Provider": {"#attributes": {"Name": "Microsoft-Windows-DNS-Server-Service", "Guid": "71A551F5-C893-4849-886B-B5EC8502641E"}}, "EventID": 4, "Version": 0, "Level": 4, "Task": 0, "Opcode": 0, "Keywords": "0x8000000000000010", "TimeCreated": {"#attributes": {"SystemTime": "2026-01-16T01:39:22.836953Z"}}, "EventRecordID": 183, "Correlation": null, "Execution": {"#attributes": {"ProcessID": 2936, "ThreadID": 4848}}, "Channel": "DNS Server", "Computer": "DC01.pirate.htb", "Security": {"#attributes": {"UserID": "S-1-5-18"}}}, "EventData": {"#attributes": {"Name": "DNS_EVENT_ZONE_LOAD_COMPLETE"}}}},
{"TimeGenerated": "2026-01-16T03:23:12.787697Z", "EventID": 3, "Computer": "DC01.pirate.htb", "RawEvent": {"#attributes": {"xmlns": "http://schemas.microsoft.com/win/2004/08/events/event"}, "System": {"Provider": {"#attributes": {"Name": "Microsoft-Windows-DNS-Server-Service", "Guid": "71A551F5-C893-4849-886B-B5EC8502641E"}}, "EventID": 3, "Version": 0, "Level": 4, "Task": 0, "Opcode": 0, "Keywords": "0x8000000000001000", "TimeCreated": {"#attributes": {"SystemTime": "2026-01-16T03:23:12.787697Z"}}, "EventRecordID": 184, "Correlation": null, "Execution": {"#attributes": {"ProcessID": 2936, "ThreadID": 2240}}, "Channel": "DNS Server", "Computer": "DC01.pirate.htb", "Security": {"#attributes": {"UserID": "S-1-5-18"}}}, "EventData": {"#attributes": {"Name": "DNS_EVENT_SHUTDOWN"}}}},
{"TimeGenerated": "2026-01-16T03:24:24.593754Z", "EventID": 7693, "Computer": "DC01.pirate.htb", "RawEvent": {"#attributes": {"xmlns": "http://schemas.microsoft.com/win/2004/08/events/event"}, "System": {"Provider": {"#attributes": {"Name": "Microsoft-Windows-DNS-Server-Service", "Guid": "71A551F5-C893-4849-886B-B5EC8502641E"}}, "EventID": 7693, "Version": 0, "Level": 4, "Task": 0, "Opcode": 0, "Keywords": "0x8000000000001000", "TimeCreated": {"#attributes": {"SystemTime": "2026-01-16T03:24:24.593754Z"}}, "EventRecordID": 185, "Correlation": null, "Execution": {"#attributes": {"ProcessID": 2728, "ThreadID": 2988}}, "Channel": "DNS Server", "Computer": "DC01.pirate.htb", "Security": {"#attributes": {"UserID": "S-1-5-18"}}}, "EventData": {"#attributes": {"Name": "DNS_EVENT_SCOPE_EDNS_OPCODE_SET"}, "param1": 65433, "Binary": null}}},
{"TimeGenerated": "2026-01-16T03:24:29.939547Z", "EventID": 4013, "Computer": "DC01.pirate.htb", "RawEvent": {"#attributes": {"xmlns": "http://schemas.microsoft.com/win/2004/08/events/event"}, "System": {"Provider": {"#attributes": {"Name": "Microsoft-Windows-DNS-Server-Service", "Guid": "71A551F5-C893-4849-886B-B5EC8502641E"}}, "EventID": 4013, "Version": 0, "Level": 3, "Task": 0, "Opcode": 0, "Keywords": "0x8000000000020000", "TimeCreated": {"#attributes": {"SystemTime": "2026-01-16T03:24:29.939547Z"}}, "EventRecordID": 186, "Correlation": null, "Execution": {"#attributes": {"ProcessID": 2728, "ThreadID": 2988}}, "Channel": "DNS Server", "Computer": "DC01.pirate.htb", "Security": {"#attributes": {"UserID": "S-1-5-18"}}}, "EventData": {"#attributes": {"Name": "DNS_EVENT_DS_OPEN_WAIT"}}}},
{"TimeGenerated": "2026-01-16T03:25:09.357466Z", "EventID": 7693, "Computer": "DC01.pirate.htb", "RawEvent": {"#attributes": {"xmlns": "http://schemas.microsoft.com/win/2004/08/events/event"}, "System": {"Provider": {"#attributes": {"Name": "Microsoft-Windows-DNS-Server-Service", "Guid": "71A551F5-C893-4849-886B-B5EC8502641E"}}, "EventID": 7693, "Version": 0, "Level": 4, "Task": 0, "Opcode": 0, "Keywords": "0x8000000000001000", "TimeCreated": {"#attributes": {"SystemTime": "2026-01-16T03:25:09.357466Z"}}, "EventRecordID": 187, "Correlation": null, "Execution": {"#attributes": {"ProcessID": 2996, "ThreadID": 2596}}, "Channel": "DNS Server", "Computer": "DC01.pirate.htb", "Security": {"#attributes": {"UserID": "S-1-5-18"}}}, "EventData": {"#attributes": {"Name": "DNS_EVENT_SCOPE_EDNS_OPCODE_SET"}, "param1": 65433, "Binary": null}}},
{"TimeGenerated": "2026-01-16T03:25:14.772955Z", "EventID": 4013, "Computer": "DC01.pirate.htb", "RawEvent": {"#attributes": {"xmlns": "http://schemas.microsoft.com/win/2004/08/events/event"}, "System": {"Provider": {"#attributes": {"Name": "Microsoft-Windows-DNS-Server-Service", "Guid": "71A551F5-C893-4849-886B-B5EC8502641E"}}, "EventID": 4013, "Version": 0, "Level": 3, "Task": 0, "Opcode": 0, "Keywords": "0x8000000000020000", "TimeCreated": {"#attributes": {"SystemTime": "2026-01-16T03:25:14.772955Z"}}, "EventRecordID": 188, "Correlation": null, "Execution": {"#attributes": {"ProcessID": 2996, "ThreadID": 2596}}, "Channel": "DNS Server", "Computer": "DC01.pirate.htb", "Security": {"#attributes": {"UserID": "S-1-5-18"}}}, "EventData": {"#attributes": {"Name": "DNS_EVENT_DS_OPEN_WAIT"}}}},
{"TimeGenerated": "2026-01-16T03:25:26.619206Z", "EventID": 769, "Computer": "DC01.pirate.htb", "RawEvent": {"#attributes": {"xmlns": "http://schemas.microsoft.com/win/2004/08/events/event"}, "System": {"Provider": {"#attributes": {"Name": "Microsoft-Windows-DNS-Server-Service", "Guid": "71A551F5-C893-4849-886B-B5EC8502641E"}}, "EventID": 769, "Version": 0, "Level": 4, "Task": 0, "Opcode": 0, "Keywords": "0x8000000000000010", "TimeCreated": {"#attributes": {"SystemTime": "2026-01-16T03:25:26.619206Z"}}, "EventRecordID": 189, "Correlation": null, "Execution": {"#attributes": {"ProcessID": 2996, "ThreadID": 2596}}, "Channel": "DNS Server", "Computer": "DC01.pirate.htb", "Security": {"#attributes": {"UserID": "S-1-5-18"}}}, "EventData": {"#attributes": {"Name": "DNS_EVENT_ZONE_LOAD_OK"}, "param1": "_msdcs.pirate.htb", "param2": "NULL", "param3": "DC01.pirate.htb", "VirtualizationID": "."}}},
{"TimeGenerated": "2026-01-16T03:25:26.624361Z", "EventID": 769, "Computer": "DC01.pirate.htb", "RawEvent": {"#attributes": {"xmlns": "http://schemas.microsoft.com/win/2004/08/events/event"}, "System": {"Provider": {"#attributes": {"Name": "Microsoft-Windows-DNS-Server-Service", "Guid": "71A551F5-C893-4849-886B-B5EC8502641E"}}, "EventID": 769, "Version": 0, "Level": 4, "Task": 0, "Opcode": 0, "Keywords": "0x8000000000000010", "TimeCreated": {"#attributes": {"SystemTime": "2026-01-16T03:25:26.624361Z"}}, "EventRecordID": 190, "Correlation": null, "Execution": {"#attributes": {"ProcessID": 2996, "ThreadID": 2596}}, "Channel": "DNS Server", "Computer": "DC01.pirate.htb", "Security": {"#attributes": {"UserID": "S-1-5-18"}}}, "EventData": {"#attributes": {"Name": "DNS_EVENT_ZONE_LOAD_OK"}, "param1": "pirate.htb", "param2": "NULL", "param3": "DC01.pirate.htb", "VirtualizationID": "."}}},
{"TimeGenerated": "2026-01-16T03:25:26.626295Z", "EventID": 769, "Computer": "DC01.pirate.htb", "RawEvent": {"#attributes": {"xmlns": "http://schemas.microsoft.com/win/2004/08/events/event"}, "System": {"Provider": {"#attributes": {"Name": "Microsoft-Windows-DNS-Server-Service", "Guid": "71A551F5-C893-4849-886B-B5EC8502641E"}}, "EventID": 769, "Version": 0, "Level": 4, "Task": 0, "Opcode": 0, "Keywords": "0x8000000000000010", "TimeCreated": {"#attributes": {"SystemTime": "2026-01-16T03:25:26.626295Z"}}, "EventRecordID": 191, "Correlation": null, "Execution": {"#attributes": {"ProcessID": 2996, "ThreadID": 2596}}, "Channel": "DNS Server", "Computer": "DC01.pirate.htb", "Security": {"#attributes": {"UserID": "S-1-5-18"}}}, "EventData": {"#attributes": {"Name": "DNS_EVENT_ZONE_LOAD_OK"}, "param1": "TrustAnchors", "param2": "NULL", "param3": "DC01.pirate.htb", "VirtualizationID": "."}}},
{"TimeGenerated": "2026-01-16T03:25:26.631026Z", "EventID": 7648, "Computer": "DC01.pirate.htb", "RawEvent": {"#attributes": {"xmlns": "http://schemas.microsoft.com/win/2004/08/events/event"}, "System": {"Provider": {"#attributes": {"Name": "Microsoft-Windows-DNS-Server-Service", "Guid": "71A551F5-C893-4849-886B-B5EC8502641E"}}, "EventID": 7648, "Version": 0, "Level": 4, "Task": 0, "Opcode": 0, "Keywords": "0x8000000000000080", "TimeCreated": {"#attributes": {"SystemTime": "2026-01-16T03:25:26.631026Z"}}, "EventRecordID": 192, "Correlation": null, "Execution": {"#attributes": {"ProcessID": 2996, "ThreadID": 2596}}, "Channel": "DNS Server", "Computer": "DC01.pirate.htb", "Security": {"#attributes": {"UserID": "S-1-5-18"}}}, "EventData": {"#attributes": {"Name": "DNS_EVENT_DNSSEC_KEYMASTER_CHANGE_DETECTED"}, "param1": "pirate.htb", "param2": "DC01.pirate.htb", "Binary": null}}},
{"TimeGenerated": "2026-01-16T03:25:26.765737Z", "EventID": 2, "Computer": "DC01.pirate.htb", "RawEvent": {"#attributes": {"xmlns": "http://schemas.microsoft.com/win/2004/08/events/event"}, "System": {"Provider": {"#attributes": {"Name": "Microsoft-Windows-DNS-Server-Service", "Guid": "71A551F5-C893-4849-886B-B5EC8502641E"}}, "EventID": 2, "Version": 0, "Level": 4, "Task": 0, "Opcode": 0, "Keywords": "0x8000000000001000", "TimeCreated": {"#attributes": {"SystemTime": "2026-01-16T03:25:26.765737Z"}}, "EventRecordID": 193, "Correlation": null, "Execution": {"#attributes": {"ProcessID": 2996, "ThreadID": 2596}}, "Channel": "DNS Server", "Computer": "DC01.pirate.htb", "Security": {"#attributes": {"UserID": "S-1-5-18"}}}, "EventData": {"#attributes": {"Name": "DNS_EVENT_STARTUP_OK"}}}},
{"TimeGenerated": "2026-01-16T03:25:27.196484Z", "EventID": 4, "Computer": "DC01.pirate.htb", "RawEvent": {"#attributes": {"xmlns": "http://schemas.microsoft.com/win/2004/08/events/event"}, "System": {"Provider": {"#attributes": {"Name": "Microsoft-Windows-DNS-Server-Service", "Guid": "71A551F5-C893-4849-886B-B5EC8502641E"}}, "EventID": 4, "Version": 0, "Level": 4, "Task": 0, "Opcode": 0, "Keywords": "0x8000000000000010", "TimeCreated": {"#attributes": {"SystemTime": "2026-01-16T03:25:27.196484Z"}}, "EventRecordID": 194, "Correlation": null, "Execution": {"#attributes": {"ProcessID": 2996, "ThreadID": 4560}}, "Channel": "DNS Server", "Computer": "DC01.pirate.htb", "Security": {"#attributes": {"UserID": "S-1-5-18"}}}, "EventData": {"#attributes": {"Name": "DNS_EVENT_ZONE_LOAD_COMPLETE"}}}},
{"TimeGenerated": "2026-01-16T03:27:41.030295Z", "EventID": 3, "Computer": "DC01.pirate.htb", "RawEvent": {"#attributes": {"xmlns": "http://schemas.microsoft.com/win/2004/08/events/event"}, "System": {"Provider": {"#attributes": {"Name": "Microsoft-Windows-DNS-Server-Service", "Guid": "71A551F5-C893-4849-886B-B5EC8502641E"}}, "EventID": 3, "Version": 0, "Level": 4, "Task": 0, "Opcode": 0, "Keywords": "0x8000000000001000", "TimeCreated": {"#attributes": {"SystemTime": "2026-01-16T03:27:41.030295Z"}}, "EventRecordID": 195, "Correlation": null, "Execution": {"#attributes": {"ProcessID": 2996, "ThreadID": 2596}}, "Channel": "DNS Server", "Computer": "DC01.pirate.htb", "Security": {"#attributes": {"UserID": "S-1-5-18"}}}, "EventData": {"#attributes": {"Name": "DNS_EVENT_SHUTDOWN"}}}},
{"TimeGenerated": "2026-01-16T03:30:20.346644Z", "EventID": 7693, "Computer": "DC01.pirate.htb", "RawEvent": {"#attributes": {"xmlns": "http://schemas.microsoft.com/win/2004/08/events/event"}, "System": {"Provider": {"#attributes": {"Name": "Microsoft-Windows-DNS-Server-Service", "Guid": "71A551F5-C893-4849-886B-B5EC8502641E"}}, "EventID": 7693, "Version": 0, "Level": 4, "Task": 0, "Opcode": 0, "Keywords": "0x8000000000001000", "TimeCreated": {"#attributes": {"SystemTime": "2026-01-16T03:30:20.346644Z"}}, "EventRecordID": 196, "Correlation": null, "Execution": {"#attributes": {"ProcessID": 3000, "ThreadID": 2140}}, "Channel": "DNS Server", "Computer": "DC01.pirate.htb", "Security": {"#attributes": {"UserID": "S-1-5-18"}}}, "EventData": {"#attributes": {"Name": "DNS_EVENT_SCOPE_EDNS_OPCODE_SET"}, "param1": 65433, "Binary": null}}},
{"TimeGenerated": "2026-01-16T03:30:25.693017Z", "EventID": 4013, "Computer": "DC01.pirate.htb", "RawEvent": {"#attributes": {"xmlns": "http://schemas.microsoft.com/win/2004/08/events/event"}, "System": {"Provider": {"#attributes": {"Name": "Microsoft-Windows-DNS-Server-Service", "Guid": "71A551F5-C893-4849-886B-B5EC8502641E"}}, "EventID": 4013, "Version": 0, "Level": 3, "Task": 0, "Opcode": 0, "Keywords": "0x8000000000020000", "TimeCreated": {"#attributes": {"SystemTime": "2026-01-16T03:30:25.693017Z"}}, "EventRecordID": 197, "Correlation": null, "Execution": {"#attributes": {"ProcessID": 3000, "ThreadID": 2140}}, "Channel": "DNS Server", "Computer": "DC01.pirate.htb", "Security": {"#attributes": {"UserID": "S-1-5-18"}}}, "EventData": {"#attributes": {"Name": "DNS_EVENT_DS_OPEN_WAIT"}}}},
{"TimeGenerated": "2026-01-16T03:30:40.681267Z", "EventID": 769, "Computer": "DC01.pirate.htb", "RawEvent": {"#attributes": {"xmlns": "http://schemas.microsoft.com/win/2004/08/events/event"}, "System": {"Provider": {"#attributes": {"Name": "Microsoft-Windows-DNS-Server-Service", "Guid": "71A551F5-C893-4849-886B-B5EC8502641E"}}, "EventID": 769, "Version": 0, "Level": 4, "Task": 0, "Opcode": 0, "Keywords": "0x8000000000000010", "TimeCreated": {"#attributes": {"SystemTime": "2026-01-16T03:30:40.681267Z"}}, "EventRecordID": 198, "Correlation": null, "Execution": {"#attributes": {"ProcessID": 3000, "ThreadID": 2140}}, "Channel": "DNS Server", "Computer": "DC01.pirate.htb", "Security": {"#attributes": {"UserID": "S-1-5-18"}}}, "EventData": {"#attributes": {"Name": "DNS_EVENT_ZONE_LOAD_OK"}, "param1": "_msdcs.pirate.htb", "param2": "NULL", "param3": "DC01.pirate.htb", "VirtualizationID": "."}}},
{"TimeGenerated": "2026-01-16T03:30:40.687276Z", "EventID": 769, "Computer": "DC01.pirate.htb", "RawEvent": {"#attributes": {"xmlns": "http://schemas.microsoft.com/win/2004/08/events/event"}, "System": {"Provider": {"#attributes": {"Name": "Microsoft-Windows-DNS-Server-Service", "Guid": "71A551F5-C893-4849-886B-B5EC8502641E"}}, "EventID": 769, "Version": 0, "Level": 4, "Task": 0, "Opcode": 0, "Keywords": "0x8000000000000010", "TimeCreated": {"#attributes": {"SystemTime": "2026-01-16T03:30:40.687276Z"}}, "EventRecordID": 199, "Correlation": null, "Execution": {"#attributes": {"ProcessID": 3000, "ThreadID": 2140}}, "Channel": "DNS Server", "Computer": "DC01.pirate.htb", "Security": {"#attributes": {"UserID": "S-1-5-18"}}}, "EventData": {"#attributes": {"Name": "DNS_EVENT_ZONE_LOAD_OK"}, "param1": "pirate.htb", "param2": "NULL", "param3": "DC01.pirate.htb", "VirtualizationID": "."}}},
{"TimeGenerated": "2026-01-16T03:30:40.689757Z", "EventID": 769, "Computer": "DC01.pirate.htb", "RawEvent": {"#attributes": {"xmlns": "http://schemas.microsoft.com/win/2004/08/events/event"}, "System": {"Provider": {"#attributes": {"Name": "Microsoft-Windows-DNS-Server-Service", "Guid": "71A551F5-C893-4849-886B-B5EC8502641E"}}, "EventID": 769, "Version": 0, "Level": 4, "Task": 0, "Opcode": 0, "Keywords": "0x8000000000000010", "TimeCreated": {"#attributes": {"SystemTime": "2026-01-16T03:30:40.689757Z"}}, "EventRecordID": 200, "Correlation": null, "Execution": {"#attributes": {"ProcessID": 3000, "ThreadID": 2140}}, "Channel": "DNS Server", "Computer": "DC01.pirate.htb", "Security": {"#attributes": {"UserID": "S-1-5-18"}}}, "EventData": {"#attributes": {"Name": "DNS_EVENT_ZONE_LOAD_OK"}, "param1": "TrustAnchors", "param2": "NULL", "param3": "DC01.pirate.htb", "VirtualizationID": "."}}},
{"TimeGenerated": "2026-01-16T03:30:40.696357Z", "EventID": 7648, "Computer": "DC01.pirate.htb", "RawEvent": {"#attributes": {"xmlns": "http://schemas.microsoft.com/win/2004/08/events/event"}, "System": {"Provider": {"#attributes": {"Name": "Microsoft-Windows-DNS-Server-Service", "Guid": "71A551F5-C893-4849-886B-B5EC8502641E"}}, "EventID": 7648, "Version": 0, "Level": 4, "Task": 0, "Opcode": 0, "Keywords": "0x8000000000000080", "TimeCreated": {"#attributes": {"SystemTime": "2026-01-16T03:30:40.696357Z"}}, "EventRecordID": 201, "Correlation": null, "Execution": {"#attributes": {"ProcessID": 3000, "ThreadID": 2140}}, "Channel": "DNS Server", "Computer": "DC01.pirate.htb", "Security": {"#attributes": {"UserID": "S-1-5-18"}}}, "EventData": {"#attributes": {"Name": "DNS_EVENT_DNSSEC_KEYMASTER_CHANGE_DETECTED"}, "param1": "pirate.htb", "param2": "DC01.pirate.htb", "Binary": null}}},
{"TimeGenerated": "2026-01-16T03:30:40.848298Z", "EventID": 2, "Computer": "DC01.pirate.htb", "RawEvent": {"#attributes": {"xmlns": "http://schemas.microsoft.com/win/2004/08/events/event"}, "System": {"Provider": {"#attributes": {"Name": "Microsoft-Windows-DNS-Server-Service", "Guid": "71A551F5-C893-4849-886B-B5EC8502641E"}}, "EventID": 2, "Version": 0, "Level": 4, "Task": 0, "Opcode": 0, "Keywords": "0x8000000000001000", "TimeCreated": {"#attributes": {"SystemTime": "2026-01-16T03:30:40.848298Z"}}, "EventRecordID": 202, "Correlation": null, "Execution": {"#attributes": {"ProcessID": 3000, "ThreadID": 2140}}, "Channel": "DNS Server", "Computer": "DC01.pirate.htb", "Security": {"#attributes": {"UserID": "S-1-5-18"}}}, "EventData": {"#attributes": {"Name": "DNS_EVENT_STARTUP_OK"}}}},
{"TimeGenerated": "2026-01-16T03:30:41.218873Z", "EventID": 4, "Computer": "DC01.pirate.htb", "RawEvent": {"#attributes": {"xmlns": "http://schemas.microsoft.com/win/2004/08/events/event"}, "System": {"Provider": {"#attributes": {"Name": "Microsoft-Windows-DNS-Server-Service", "Guid": "71A551F5-C893-4849-886B-B5EC8502641E"}}, "EventID": 4, "Version": 0, "Level": 4, "Task": 0, "Opcode": 0, "Keywords": "0x8000000000000010", "TimeCreated": {"#attributes": {"SystemTime": "2026-01-16T03:30:41.218873Z"}}, "EventRecordID": 203, "Correlation": null, "Execution": {"#attributes": {"ProcessID": 3000, "ThreadID": 4556}}, "Channel": "DNS Server", "Computer": "DC01.pirate.htb", "Security": {"#attributes": {"UserID": "S-1-5-18"}}}, "EventData": {"#attributes": {"Name": "DNS_EVENT_ZONE_LOAD_COMPLETE"}}}},
{"TimeGenerated": "2026-01-16T05:48:22.388835Z", "EventID": 3, "Computer": "DC01.pirate.htb", "RawEvent": {"#attributes": {"xmlns": "http://schemas.microsoft.com/win/2004/08/events/event"}, "System": {"Provider": {"#attributes": {"Name": "Microsoft-Windows-DNS-Server-Service", "Guid": "71A551F5-C893-4849-886B-B5EC8502641E"}}, "EventID": 3, "Version": 0, "Level": 4, "Task": 0, "Opcode": 0, "Keywords": "0x8000000000001000", "TimeCreated": {"#attributes": {"SystemTime": "2026-01-16T05:48:22.388835Z"}}, "EventRecordID": 204, "Correlation": null, "Execution": {"#attributes": {"ProcessID": 3000, "ThreadID": 2140}}, "Channel": "DNS Server", "Computer": "DC01.pirate.htb", "Security": {"#attributes": {"UserID": "S-1-5-18"}}}, "EventData": {"#attributes": {"Name": "DNS_EVENT_SHUTDOWN"}}}},
{"TimeGenerated": "2026-01-16T05:49:06.056640Z", "EventID": 7693, "Computer": "DC01.pirate.htb", "RawEvent": {"#attributes": {"xmlns": "http://schemas.microsoft.com/win/2004/08/events/event"}, "System": {"Provider": {"#attributes": {"Name": "Microsoft-Windows-DNS-Server-Service", "Guid": "71A551F5-C893-4849-886B-B5EC8502641E"}}, "EventID": 7693, "Version": 0, "Level": 4, "Task": 0, "Opcode": 0, "Keywords": "0x8000000000001000", "TimeCreated": {"#attributes": {"SystemTime": "2026-01-16T05:49:06.056640Z"}}, "EventRecordID": 205, "Correlation": null, "Execution": {"#attributes": {"ProcessID": 3016, "ThreadID": 2312}}, "Channel": "DNS Server", "Computer": "DC01.pirate.htb", "Security": {"#attributes": {"UserID": "S-1-5-18"}}}, "EventData": {"#attributes": {"Name": "DNS_EVENT_SCOPE_EDNS_OPCODE_SET"}, "param1": 65433, "Binary": null}}},
{"TimeGenerated": "2026-01-16T05:49:11.814457Z", "EventID": 4013, "Computer": "DC01.pirate.htb", "RawEvent": {"#attributes": {"xmlns": "http://schemas.microsoft.com/win/2004/08/events/event"}, "System": {"Provider": {"#attributes": {"Name": "Microsoft-Windows-DNS-Server-Service", "Guid": "71A551F5-C893-4849-886B-B5EC8502641E"}}, "EventID": 4013, "Version": 0, "Level": 3, "Task": 0, "Opcode": 0, "Keywords": "0x8000000000020000", "TimeCreated": {"#attributes": {"SystemTime": "2026-01-16T05:49:11.814457Z"}}, "EventRecordID": 206, "Correlation": null, "Execution": {"#attributes": {"ProcessID": 3016, "ThreadID": 2312}}, "Channel": "DNS Server", "Computer": "DC01.pirate.htb", "Security": {"#attributes": {"UserID": "S-1-5-18"}}}, "EventData": {"#attributes": {"Name": "DNS_EVENT_DS_OPEN_WAIT"}}}},
{"TimeGenerated": "2026-01-16T05:49:22.788792Z", "EventID": 769, "Computer": "DC01.pirate.htb", "RawEvent": {"#attributes": {"xmlns": "http://schemas.microsoft.com/win/2004/08/events/event"}, "System": {"Provider": {"#attributes": {"Name": "Microsoft-Windows-DNS-Server-Service", "Guid": "71A551F5-C893-4849-886B-B5EC8502641E"}}, "EventID": 769, "Version": 0, "Level": 4, "Task": 0, "Opcode": 0, "Keywords": "0x8000000000000010", "TimeCreated": {"#attributes": {"SystemTime": "2026-01-16T05:49:22.788792Z"}}, "EventRecordID": 207, "Correlation": null, "Execution": {"#attributes": {"ProcessID": 3016, "ThreadID": 2312}}, "Channel": "DNS Server", "Computer": "DC01.pirate.htb", "Security": {"#attributes": {"UserID": "S-1-5-18"}}}, "EventData": {"#attributes": {"Name": "DNS_EVENT_ZONE_LOAD_OK"}, "param1": "_msdcs.pirate.htb", "param2": "NULL", "param3": "DC01.pirate.htb", "VirtualizationID": "."}}},
{"TimeGenerated": "2026-01-16T05:49:22.798113Z", "EventID": 769, "Computer": "DC01.pirate.htb", "RawEvent": {"#attributes": {"xmlns": "http://schemas.microsoft.com/win/2004/08/events/event"}, "System": {"Provider": {"#attributes": {"Name": "Microsoft-Windows-DNS-Server-Service", "Guid": "71A551F5-C893-4849-886B-B5EC8502641E"}}, "EventID": 769, "Version": 0, "Level": 4, "Task": 0, "Opcode": 0, "Keywords": "0x8000000000000010", "TimeCreated": {"#attributes": {"SystemTime": "2026-01-16T05:49:22.798113Z"}}, "EventRecordID": 208, "Correlation": null, "Execution": {"#attributes": {"ProcessID": 3016, "ThreadID": 2312}}, "Channel": "DNS Server", "Computer": "DC01.pirate.htb", "Security": {"#attributes": {"UserID": "S-1-5-18"}}}, "EventData": {"#attributes": {"Name": "DNS_EVENT_ZONE_LOAD_OK"}, "param1": "pirate.htb", "param2": "NULL", "param3": "DC01.pirate.htb", "VirtualizationID": "."}}},
{"TimeGenerated": "2026-01-16T05:49:22.799916Z", "EventID": 769, "Computer": "DC01.pirate.htb", "RawEvent": {"#attributes": {"xmlns": "http://schemas.microsoft.com/win/2004/08/events/event"}, "System": {"Provider": {"#attributes": {"Name": "Microsoft-Windows-DNS-Server-Service", "Guid": "71A551F5-C893-4849-886B-B5EC8502641E"}}, "EventID": 769, "Version": 0, "Level": 4, "Task": 0, "Opcode": 0, "Keywords": "0x8000000000000010", "TimeCreated": {"#attributes": {"SystemTime": "2026-01-16T05:49:22.799916Z"}}, "EventRecordID": 209, "Correlation": null, "Execution": {"#attributes": {"ProcessID": 3016, "ThreadID": 2312}}, "Channel": "DNS Server", "Computer": "DC01.pirate.htb", "Security": {"#attributes": {"UserID": "S-1-5-18"}}}, "EventData": {"#attributes": {"Name": "DNS_EVENT_ZONE_LOAD_OK"}, "param1": "TrustAnchors", "param2": "NULL", "param3": "DC01.pirate.htb", "VirtualizationID": "."}}},
{"TimeGenerated": "2026-01-16T05:49:22.804554Z", "EventID": 7648, "Computer": "DC01.pirate.htb", "RawEvent": {"#attributes": {"xmlns": "http://schemas.microsoft.com/win/2004/08/events/event"}, "System": {"Provider": {"#attributes": {"Name": "Microsoft-Windows-DNS-Server-Service", "Guid": "71A551F5-C893-4849-886B-B5EC8502641E"}}, "EventID": 7648, "Version": 0, "Level": 4, "Task": 0, "Opcode": 0, "Keywords": "0x8000000000000080", "TimeCreated": {"#attributes": {"SystemTime": "2026-01-16T05:49:22.804554Z"}}, "EventRecordID": 210, "Correlation": null, "Execution": {"#attributes": {"ProcessID": 3016, "ThreadID": 2312}}, "Channel": "DNS Server", "Computer": "DC01.pirate.htb", "Security": {"#attributes": {"UserID": "S-1-5-18"}}}, "EventData": {"#attributes": {"Name": "DNS_EVENT_DNSSEC_KEYMASTER_CHANGE_DETECTED"}, "param1": "pirate.htb", "param2": "DC01.pirate.htb", "Binary": null}}},
{"TimeGenerated": "2026-01-16T05:49:22.996544Z", "EventID": 2, "Computer": "DC01.pirate.htb", "RawEvent": {"#attributes": {"xmlns": "http://schemas.microsoft.com/win/2004/08/events/event"}, "System": {"Provider": {"#attributes": {"Name": "Microsoft-Windows-DNS-Server-Service", "Guid": "71A551F5-C893-4849-886B-B5EC8502641E"}}, "EventID": 2, "Version": 0, "Level": 4, "Task": 0, "Opcode": 0, "Keywords": "0x8000000000001000", "TimeCreated": {"#attributes": {"SystemTime": "2026-01-16T05:49:22.996544Z"}}, "EventRecordID": 211, "Correlation": null, "Execution": {"#attributes": {"ProcessID": 3016, "ThreadID": 2312}}, "Channel": "DNS Server", "Computer": "DC01.pirate.htb", "Security": {"#attributes": {"UserID": "S-1-5-18"}}}, "EventData": {"#attributes": {"Name": "DNS_EVENT_STARTUP_OK"}}}},
{"TimeGenerated": "2026-01-16T05:49:23.331319Z", "EventID": 4, "Computer": "DC01.pirate.htb", "RawEvent": {"#attributes": {"xmlns": "http://schemas.microsoft.com/win/2004/08/events/event"}, "System": {"Provider": {"#attributes": {"Name": "Microsoft-Windows-DNS-Server-Service", "Guid": "71A551F5-C893-4849-886B-B5EC8502641E"}}, "EventID": 4, "Version": 0, "Level": 4, "Task": 0, "Opcode": 0, "Keywords": "0x8000000000000010", "TimeCreated": {"#attributes": {"SystemTime": "2026-01-16T05:49:23.331319Z"}}, "EventRecordID": 212, "Correlation": null, "Execution": {"#attributes": {"ProcessID": 3016, "ThreadID": 4352}}, "Channel": "DNS Server", "Computer": "DC01.pirate.htb", "Security": {"#attributes": {"UserID": "S-1-5-18"}}}, "EventData": {"#attributes": {"Name": "DNS_EVENT_ZONE_LOAD_COMPLETE"}}}},
{"TimeGenerated": "2026-01-16T05:49:27.014020Z", "EventID": 4015, "Computer": "DC01.pirate.htb", "RawEvent": {"#attributes": {"xmlns": "http://schemas.microsoft.com/win/2004/08/events/event"}, "System": {"Provider": {"#attributes": {"Name": "Microsoft-Windows-DNS-Server-Service", "Guid": "71A551F5-C893-4849-886B-B5EC8502641E"}}, "EventID": 4015, "Version": 0, "Level": 2, "Task": 0, "Opcode": 0, "Keywords": "0x8000000000020000", "TimeCreated": {"#attributes": {"SystemTime": "2026-01-16T05:49:27.014020Z"}}, "EventRecordID": 213, "Correlation": null, "Execution": {"#attributes": {"ProcessID": 3016, "ThreadID": 4356}}, "Channel": "DNS Server", "Computer": "DC01.pirate.htb", "Security": {"#attributes": {"UserID": "S-1-5-18"}}}, "EventData": {"#attributes": {"Name": "DNS_EVENT_DS_INTERFACE_ERROR"}, "param1": "", "Binary": "51000000"}}},
{"TimeGenerated": "2026-01-16T05:49:27.016615Z", "EventID": 3, "Computer": "DC01.pirate.htb", "RawEvent": {"#attributes": {"xmlns": "http://schemas.microsoft.com/win/2004/08/events/event"}, "System": {"Provider": {"#attributes": {"Name": "Microsoft-Windows-DNS-Server-Service", "Guid": "71A551F5-C893-4849-886B-B5EC8502641E"}}, "EventID": 3, "Version": 0, "Level": 4, "Task": 0, "Opcode": 0, "Keywords": "0x8000000000001000", "TimeCreated": {"#attributes": {"SystemTime": "2026-01-16T05:49:27.016615Z"}}, "EventRecordID": 214, "Correlation": null, "Execution": {"#attributes": {"ProcessID": 3016, "ThreadID": 2312}}, "Channel": "DNS Server", "Computer": "DC01.pirate.htb", "Security": {"#attributes": {"UserID": "S-1-5-18"}}}, "EventData": {"#attributes": {"Name": "DNS_EVENT_SHUTDOWN"}}}},
{"TimeGenerated": "2026-01-16T05:50:04.928312Z", "EventID": 7693, "Computer": "DC01.pirate.htb", "RawEvent": {"#attributes": {"xmlns": "http://schemas.microsoft.com/win/2004/08/events/event"}, "System": {"Provider": {"#attributes": {"Name": "Microsoft-Windows-DNS-Server-Service", "Guid": "71A551F5-C893-4849-886B-B5EC8502641E"}}, "EventID": 7693, "Version": 0, "Level": 4, "Task": 0, "Opcode": 0, "Keywords": "0x8000000000001000", "TimeCreated": {"#attributes": {"SystemTime": "2026-01-16T05:50:04.928312Z"}}, "EventRecordID": 215, "Correlation": null, "Execution": {"#attributes": {"ProcessID": 2864, "ThreadID": 3000}}, "Channel": "DNS Server", "Computer": "DC01.pirate.htb", "Security": {"#attributes": {"UserID": "S-1-5-18"}}}, "EventData": {"#attributes": {"Name": "DNS_EVENT_SCOPE_EDNS_OPCODE_SET"}, "param1": 65433, "Binary": null}}},
{"TimeGenerated": "2026-01-16T05:50:10.240503Z", "EventID": 4013, "Computer": "DC01.pirate.htb", "RawEvent": {"#attributes": {"xmlns": "http://schemas.microsoft.com/win/2004/08/events/event"}, "System": {"Provider": {"#attributes": {"Name": "Microsoft-Windows-DNS-Server-Service", "Guid": "71A551F5-C893-4849-886B-B5EC8502641E"}}, "EventID": 4013, "Version": 0, "Level": 3, "Task": 0, "Opcode": 0, "Keywords": "0x8000000000020000", "TimeCreated": {"#attributes": {"SystemTime": "2026-01-16T05:50:10.240503Z"}}, "EventRecordID": 216, "Correlation": null, "Execution": {"#attributes": {"ProcessID": 2864, "ThreadID": 3000}}, "Channel": "DNS Server", "Computer": "DC01.pirate.htb", "Security": {"#attributes": {"UserID": "S-1-5-18"}}}, "EventData": {"#attributes": {"Name": "DNS_EVENT_DS_OPEN_WAIT"}}}},
{"TimeGenerated": "2026-01-16T05:50:22.316454Z", "EventID": 769, "Computer": "DC01.pirate.htb", "RawEvent": {"#attributes": {"xmlns": "http://schemas.microsoft.com/win/2004/08/events/event"}, "System": {"Provider": {"#attributes": {"Name": "Microsoft-Windows-DNS-Server-Service", "Guid": "71A551F5-C893-4849-886B-B5EC8502641E"}}, "EventID": 769, "Version": 0, "Level": 4, "Task": 0, "Opcode": 0, "Keywords": "0x8000000000000010", "TimeCreated": {"#attributes": {"SystemTime": "2026-01-16T05:50:22.316454Z"}}, "EventRecordID": 217, "Correlation": null, "Execution": {"#attributes": {"ProcessID": 2864, "ThreadID": 3000}}, "Channel": "DNS Server", "Computer": "DC01.pirate.htb", "Security": {"#attributes": {"UserID": "S-1-5-18"}}}, "EventData": {"#attributes": {"Name": "DNS_EVENT_ZONE_LOAD_OK"}, "param1": "_msdcs.pirate.htb", "param2": "NULL", "param3": "DC01.pirate.htb", "VirtualizationID": "."}}},
{"TimeGenerated": "2026-01-16T05:50:22.324048Z", "EventID": 769, "Computer": "DC01.pirate.htb", "RawEvent": {"#attributes": {"xmlns": "http://schemas.microsoft.com/win/2004/08/events/event"}, "System": {"Provider": {"#attributes": {"Name": "Microsoft-Windows-DNS-Server-Service", "Guid": "71A551F5-C893-4849-886B-B5EC8502641E"}}, "EventID": 769, "Version": 0, "Level": 4, "Task": 0, "Opcode": 0, "Keywords": "0x8000000000000010", "TimeCreated": {"#attributes": {"SystemTime": "2026-01-16T05:50:22.324048Z"}}, "EventRecordID": 218, "Correlation": null, "Execution": {"#attributes": {"ProcessID": 2864, "ThreadID": 3000}}, "Channel": "DNS Server", "Computer": "DC01.pirate.htb", "Security": {"#attributes": {"UserID": "S-1-5-18"}}}, "EventData": {"#attributes": {"Name": "DNS_EVENT_ZONE_LOAD_OK"}, "param1": "pirate.htb", "param2": "NULL", "param3": "DC01.pirate.htb", "VirtualizationID": "."}}},
{"TimeGenerated": "2026-01-16T05:50:22.325913Z", "EventID": 769, "Computer": "DC01.pirate.htb", "RawEvent": {"#attributes": {"xmlns": "http://schemas.microsoft.com/win/2004/08/events/event"}, "System": {"Provider": {"#attributes": {"Name": "Microsoft-Windows-DNS-Server-Service", "Guid": "71A551F5-C893-4849-886B-B5EC8502641E"}}, "EventID": 769, "Version": 0, "Level": 4, "Task": 0, "Opcode": 0, "Keywords": "0x8000000000000010", "TimeCreated": {"#attributes": {"SystemTime": "2026-01-16T05:50:22.325913Z"}}, "EventRecordID": 219, "Correlation": null, "Execution": {"#attributes": {"ProcessID": 2864, "ThreadID": 3000}}, "Channel": "DNS Server", "Computer": "DC01.pirate.htb", "Security": {"#attributes": {"UserID": "S-1-5-18"}}}, "EventData": {"#attributes": {"Name": "DNS_EVENT_ZONE_LOAD_OK"}, "param1": "TrustAnchors", "param2": "NULL", "param3": "DC01.pirate.htb", "VirtualizationID": "."}}},
{"TimeGenerated": "2026-01-16T05:50:22.332371Z", "EventID": 7648, "Computer": "DC01.pirate.htb", "RawEvent": {"#attributes": {"xmlns": "http://schemas.microsoft.com/win/2004/08/events/event"}, "System": {"Provider": {"#attributes": {"Name": "Microsoft-Windows-DNS-Server-Service", "Guid": "71A551F5-C893-4849-886B-B5EC8502641E"}}, "EventID": 7648, "Version": 0, "Level": 4, "Task": 0, "Opcode": 0, "Keywords": "0x8000000000000080", "TimeCreated": {"#attributes": {"SystemTime": "2026-01-16T05:50:22.332371Z"}}, "EventRecordID": 220, "Correlation": null, "Execution": {"#attributes": {"ProcessID": 2864, "ThreadID": 3000}}, "Channel": "DNS Server", "Computer": "DC01.pirate.htb", "Security": {"#attributes": {"UserID": "S-1-5-18"}}}, "EventData": {"#attributes": {"Name": "DNS_EVENT_DNSSEC_KEYMASTER_CHANGE_DETECTED"}, "param1": "pirate.htb", "param2": "DC01.pirate.htb", "Binary": null}}},
{"TimeGenerated": "2026-01-16T05:50:22.464559Z", "EventID": 2, "Computer": "DC01.pirate.htb", "RawEvent": {"#attributes": {"xmlns": "http://schemas.microsoft.com/win/2004/08/events/event"}, "System": {"Provider": {"#attributes": {"Name": "Microsoft-Windows-DNS-Server-Service", "Guid": "71A551F5-C893-4849-886B-B5EC8502641E"}}, "EventID": 2, "Version": 0, "Level": 4, "Task": 0, "Opcode": 0, "Keywords": "0x8000000000001000", "TimeCreated": {"#attributes": {"SystemTime": "2026-01-16T05:50:22.464559Z"}}, "EventRecordID": 221, "Correlation": null, "Execution": {"#attributes": {"ProcessID": 2864, "ThreadID": 3000}}, "Channel": "DNS Server", "Computer": "DC01.pirate.htb", "Security": {"#attributes": {"UserID": "S-1-5-18"}}}, "EventData": {"#attributes": {"Name": "DNS_EVENT_STARTUP_OK"}}}},
{"TimeGenerated": "2026-01-16T05:50:22.860414Z", "EventID": 4, "Computer": "DC01.pirate.htb", "RawEvent": {"#attributes": {"xmlns": "http://schemas.microsoft.com/win/2004/08/events/event"}, "System": {"Provider": {"#attributes": {"Name": "Microsoft-Windows-DNS-Server-Service", "Guid": "71A551F5-C893-4849-886B-B5EC8502641E"}}, "EventID": 4, "Version": 0, "Level": 4, "Task": 0, "Opcode": 0, "Keywords": "0x8000000000000010", "TimeCreated": {"#attributes": {"SystemTime": "2026-01-16T05:50:22.860414Z"}}, "EventRecordID": 222, "Correlation": null, "Execution": {"#attributes": {"ProcessID": 2864, "ThreadID": 4420}}, "Channel": "DNS Server", "Computer": "DC01.pirate.htb", "Security": {"#attributes": {"UserID": "S-1-5-18"}}}, "EventData": {"#attributes": {"Name": "DNS_EVENT_ZONE_LOAD_COMPLETE"}}}},
{"TimeGenerated": "2026-01-16T08:04:41.347586Z", "EventID": 3, "Computer": "DC01.pirate.htb", "RawEvent": {"#attributes": {"xmlns": "http://schemas.microsoft.com/win/2004/08/events/event"}, "System": {"Provider": {"#attributes": {"Name": "Microsoft-Windows-DNS-Server-Service", "Guid": "71A551F5-C893-4849-886B-B5EC8502641E"}}, "EventID": 3, "Version": 0, "Level": 4, "Task": 0, "Opcode": 0, "Keywords": "0x8000000000001000", "TimeCreated": {"#attributes": {"SystemTime": "2026-01-16T08:04:41.347586Z"}}, "EventRecordID": 223, "Correlation": null, "Execution": {"#attributes": {"ProcessID": 2864, "ThreadID": 3000}}, "Channel": "DNS Server", "Computer": "DC01.pirate.htb", "Security": {"#attributes": {"UserID": "S-1-5-18"}}}, "EventData": {"#attributes": {"Name": "DNS_EVENT_SHUTDOWN"}}}},
{"TimeGenerated": "2026-01-16T08:07:29.975349Z", "EventID": 7693, "Computer": "DC01.pirate.htb", "RawEvent": {"#attributes": {"xmlns": "http://schemas.microsoft.com/win/2004/08/events/event"}, "System": {"Provider": {"#attributes": {"Name": "Microsoft-Windows-DNS-Server-Service", "Guid": "71A551F5-C893-4849-886B-B5EC8502641E"}}, "EventID": 7693, "Version": 0, "Level": 4, "Task": 0, "Opcode": 0, "Keywords": "0x8000000000001000", "TimeCreated": {"#attributes": {"SystemTime": "2026-01-16T08:07:29.975349Z"}}, "EventRecordID": 224, "Correlation": null, "Execution": {"#attributes": {"ProcessID": 2832, "ThreadID": 3048}}, "Channel": "DNS Server", "Computer": "DC01.pirate.htb", "Security": {"#attributes": {"UserID": "S-1-5-18"}}}, "EventData": {"#attributes": {"Name": "DNS_EVENT_SCOPE_EDNS_OPCODE_SET"}, "param1": 65433, "Binary": null}}},
{"TimeGenerated": "2026-01-16T08:07:35.302040Z", "EventID": 4013, "Computer": "DC01.pirate.htb", "RawEvent": {"#attributes": {"xmlns": "http://schemas.microsoft.com/win/2004/08/events/event"}, "System": {"Provider": {"#attributes": {"Name": "Microsoft-Windows-DNS-Server-Service", "Guid": "71A551F5-C893-4849-886B-B5EC8502641E"}}, "EventID": 4013, "Version": 0, "Level": 3, "Task": 0, "Opcode": 0, "Keywords": "0x8000000000020000", "TimeCreated": {"#attributes": {"SystemTime": "2026-01-16T08:07:35.302040Z"}}, "EventRecordID": 225, "Correlation": null, "Execution": {"#attributes": {"ProcessID": 2832, "ThreadID": 3048}}, "Channel": "DNS Server", "Computer": "DC01.pirate.htb", "Security": {"#attributes": {"UserID": "S-1-5-18"}}}, "EventData": {"#attributes": {"Name": "DNS_EVENT_DS_OPEN_WAIT"}}}},
{"TimeGenerated": "2026-01-16T08:07:53.388911Z", "EventID": 769, "Computer": "DC01.pirate.htb", "RawEvent": {"#attributes": {"xmlns": "http://schemas.microsoft.com/win/2004/08/events/event"}, "System": {"Provider": {"#attributes": {"Name": "Microsoft-Windows-DNS-Server-Service", "Guid": "71A551F5-C893-4849-886B-B5EC8502641E"}}, "EventID": 769, "Version": 0, "Level": 4, "Task": 0, "Opcode": 0, "Keywords": "0x8000000000000010", "TimeCreated": {"#attributes": {"SystemTime": "2026-01-16T08:07:53.388911Z"}}, "EventRecordID": 226, "Correlation": null, "Execution": {"#attributes": {"ProcessID": 2832, "ThreadID": 3048}}, "Channel": "DNS Server", "Computer": "DC01.pirate.htb", "Security": {"#attributes": {"UserID": "S-1-5-18"}}}, "EventData": {"#attributes": {"Name": "DNS_EVENT_ZONE_LOAD_OK"}, "param1": "_msdcs.pirate.htb", "param2": "NULL", "param3": "DC01.pirate.htb", "VirtualizationID": "."}}},
{"TimeGenerated": "2026-01-16T08:07:53.401465Z", "EventID": 769, "Computer": "DC01.pirate.htb", "RawEvent": {"#attributes": {"xmlns": "http://schemas.microsoft.com/win/2004/08/events/event"}, "System": {"Provider": {"#attributes": {"Name": "Microsoft-Windows-DNS-Server-Service", "Guid": "71A551F5-C893-4849-886B-B5EC8502641E"}}, "EventID": 769, "Version": 0, "Level": 4, "Task": 0, "Opcode": 0, "Keywords": "0x8000000000000010", "TimeCreated": {"#attributes": {"SystemTime": "2026-01-16T08:07:53.401465Z"}}, "EventRecordID": 227, "Correlation": null, "Execution": {"#attributes": {"ProcessID": 2832, "ThreadID": 3048}}, "Channel": "DNS Server", "Computer": "DC01.pirate.htb", "Security": {"#attributes": {"UserID": "S-1-5-18"}}}, "EventData": {"#attributes": {"Name": "DNS_EVENT_ZONE_LOAD_OK"}, "param1": "pirate.htb", "param2": "NULL", "param3": "DC01.pirate.htb", "VirtualizationID": "."}}},
{"TimeGenerated": "2026-01-16T08:07:53.403425Z", "EventID": 769, "Computer": "DC01.pirate.htb", "RawEvent": {"#attributes": {"xmlns": "http://schemas.microsoft.com/win/2004/08/events/event"}, "System": {"Provider": {"#attributes": {"Name": "Microsoft-Windows-DNS-Server-Service", "Guid": "71A551F5-C893-4849-886B-B5EC8502641E"}}, "EventID": 769, "Version": 0, "Level": 4, "Task": 0, "Opcode": 0, "Keywords": "0x8000000000000010", "TimeCreated": {"#attributes": {"SystemTime": "2026-01-16T08:07:53.403425Z"}}, "EventRecordID": 228, "Correlation": null, "Execution": {"#attributes": {"ProcessID": 2832, "ThreadID": 3048}}, "Channel": "DNS Server", "Computer": "DC01.pirate.htb", "Security": {"#attributes": {"UserID": "S-1-5-18"}}}, "EventData": {"#attributes": {"Name": "DNS_EVENT_ZONE_LOAD_OK"}, "param1": "TrustAnchors", "param2": "NULL", "param3": "DC01.pirate.htb", "VirtualizationID": "."}}},
{"TimeGenerated": "2026-01-16T08:07:53.415694Z", "EventID": 7648, "Computer": "DC01.pirate.htb", "RawEvent": {"#attributes": {"xmlns": "http://schemas.microsoft.com/win/2004/08/events/event"}, "System": {"Provider": {"#attributes": {"Name": "Microsoft-Windows-DNS-Server-Service", "Guid": "71A551F5-C893-4849-886B-B5EC8502641E"}}, "EventID": 7648, "Version": 0, "Level": 4, "Task": 0, "Opcode": 0, "Keywords": "0x8000000000000080", "TimeCreated": {"#attributes": {"SystemTime": "2026-01-16T08:07:53.415694Z"}}, "EventRecordID": 229, "Correlation": null, "Execution": {"#attributes": {"ProcessID": 2832, "ThreadID": 3048}}, "Channel": "DNS Server", "Computer": "DC01.pirate.htb", "Security": {"#attributes": {"UserID": "S-1-5-18"}}}, "EventData": {"#attributes": {"Name": "DNS_EVENT_DNSSEC_KEYMASTER_CHANGE_DETECTED"}, "param1": "pirate.htb", "param2": "DC01.pirate.htb", "Binary": null}}},
{"TimeGenerated": "2026-01-16T08:07:53.576735Z", "EventID": 2, "Computer": "DC01.pirate.htb", "RawEvent": {"#attributes": {"xmlns": "http://schemas.microsoft.com/win/2004/08/events/event"}, "System": {"Provider": {"#attributes": {"Name": "Microsoft-Windows-DNS-Server-Service", "Guid": "71A551F5-C893-4849-886B-B5EC8502641E"}}, "EventID": 2, "Version": 0, "Level": 4, "Task": 0, "Opcode": 0, "Keywords": "0x8000000000001000", "TimeCreated": {"#attributes": {"SystemTime": "2026-01-16T08:07:53.576735Z"}}, "EventRecordID": 230, "Correlation": null, "Execution": {"#attributes": {"ProcessID": 2832, "ThreadID": 3048}}, "Channel": "DNS Server", "Computer": "DC01.pirate.htb", "Security": {"#attributes": {"UserID": "S-1-5-18"}}}, "EventData": {"#attributes": {"Name": "DNS_EVENT_STARTUP_OK"}}}},
{"TimeGenerated": "2026-01-16T08:07:53.947303Z", "EventID": 4, "Computer": "DC01.pirate.htb", "RawEvent": {"#attributes": {"xmlns": "http://schemas.microsoft.com/win/2004/08/events/event"}, "System": {"Provider": {"#attributes": {"Name": "Microsoft-Windows-DNS-Server-Service", "Guid": "71A551F5-C893-4849-886B-B5EC8502641E"}}, "EventID": 4, "Version": 0, "Level": 4, "Task": 0, "Opcode": 0, "Keywords": "0x8000000000000010", "TimeCreated": {"#attributes": {"SystemTime": "2026-01-16T08:07:53.947303Z"}}, "EventRecordID": 231, "Correlation": null, "Execution": {"#attributes": {"ProcessID": 2832, "ThreadID": 4660}}, "Channel": "DNS Server", "Computer": "DC01.pirate.htb", "Security": {"#attributes": {"UserID": "S-1-5-18"}}}, "EventData": {"#attributes": {"Name": "DNS_EVENT_ZONE_LOAD_COMPLETE"}}}},
{"TimeGenerated": "2026-01-16T08:41:26.932774Z", "EventID": 3, "Computer": "DC01.pirate.htb", "RawEvent": {"#attributes": {"xmlns": "http://schemas.microsoft.com/win/2004/08/events/event"}, "System": {"Provider": {"#attributes": {"Name": "Microsoft-Windows-DNS-Server-Service", "Guid": "71A551F5-C893-4849-886B-B5EC8502641E"}}, "EventID": 3, "Version": 0, "Level": 4, "Task": 0, "Opcode": 0, "Keywords": "0x8000000000001000", "TimeCreated": {"#attributes": {"SystemTime": "2026-01-16T08:41:26.932774Z"}}, "EventRecordID": 232, "Correlation": null, "Execution": {"#attributes": {"ProcessID": 2832, "ThreadID": 3048}}, "Channel": "DNS Server", "Computer": "DC01.pirate.htb", "Security": {"#attributes": {"UserID": "S-1-5-18"}}}, "EventData": {"#attributes": {"Name": "DNS_EVENT_SHUTDOWN"}}}},
{"TimeGenerated": "2026-01-16T08:50:27.987047Z", "EventID": 7693, "Computer": "DC01.pirate.htb", "RawEvent": {"#attributes": {"xmlns": "http://schemas.microsoft.com/win/2004/08/events/event"}, "System": {"Provider": {"#attributes": {"Name": "Microsoft-Windows-DNS-Server-Service", "Guid": "71A551F5-C893-4849-886B-B5EC8502641E"}}, "EventID": 7693, "Version": 0, "Level": 4, "Task": 0, "Opcode": 0, "Keywords": "0x8000000000001000", "TimeCreated": {"#attributes": {"SystemTime": "2026-01-16T08:50:27.987047Z"}}, "EventRecordID": 233, "Correlation": null, "Execution": {"#attributes": {"ProcessID": 2900, "ThreadID": 2444}}, "Channel": "DNS Server", "Computer": "DC01.pirate.htb", "Security": {"#attributes": {"UserID": "S-1-5-18"}}}, "EventData": {"#attributes": {"Name": "DNS_EVENT_SCOPE_EDNS_OPCODE_SET"}, "param1": 65433, "Binary": null}}},
{"TimeGenerated": "2026-01-16T08:50:33.515353Z", "EventID": 4013, "Computer": "DC01.pirate.htb", "RawEvent": {"#attributes": {"xmlns": "http://schemas.microsoft.com/win/2004/08/events/event"}, "System": {"Provider": {"#attributes": {"Name": "Microsoft-Windows-DNS-Server-Service", "Guid": "71A551F5-C893-4849-886B-B5EC8502641E"}}, "EventID": 4013, "Version": 0, "Level": 3, "Task": 0, "Opcode": 0, "Keywords": "0x8000000000020000", "TimeCreated": {"#attributes": {"SystemTime": "2026-01-16T08:50:33.515353Z"}}, "EventRecordID": 234, "Correlation": null, "Execution": {"#attributes": {"ProcessID": 2900, "ThreadID": 2444}}, "Channel": "DNS Server", "Computer": "DC01.pirate.htb", "Security": {"#attributes": {"UserID": "S-1-5-18"}}}, "EventData": {"#attributes": {"Name": "DNS_EVENT_DS_OPEN_WAIT"}}}},
{"TimeGenerated": "2026-01-16T08:50:51.428439Z", "EventID": 769, "Computer": "DC01.pirate.htb", "RawEvent": {"#attributes": {"xmlns": "http://schemas.microsoft.com/win/2004/08/events/event"}, "System": {"Provider": {"#attributes": {"Name": "Microsoft-Windows-DNS-Server-Service", "Guid": "71A551F5-C893-4849-886B-B5EC8502641E"}}, "EventID": 769, "Version": 0, "Level": 4, "Task": 0, "Opcode": 0, "Keywords": "0x8000000000000010", "TimeCreated": {"#attributes": {"SystemTime": "2026-01-16T08:50:51.428439Z"}}, "EventRecordID": 235, "Correlation": null, "Execution": {"#attributes": {"ProcessID": 2900, "ThreadID": 2444}}, "Channel": "DNS Server", "Computer": "DC01.pirate.htb", "Security": {"#attributes": {"UserID": "S-1-5-18"}}}, "EventData": {"#attributes": {"Name": "DNS_EVENT_ZONE_LOAD_OK"}, "param1": "_msdcs.pirate.htb", "param2": "NULL", "param3": "DC01.pirate.htb", "VirtualizationID": "."}}},
{"TimeGenerated": "2026-01-16T08:50:51.444386Z", "EventID": 769, "Computer": "DC01.pirate.htb", "RawEvent": {"#attributes": {"xmlns": "http://schemas.microsoft.com/win/2004/08/events/event"}, "System": {"Provider": {"#attributes": {"Name": "Microsoft-Windows-DNS-Server-Service", "Guid": "71A551F5-C893-4849-886B-B5EC8502641E"}}, "EventID": 769, "Version": 0, "Level": 4, "Task": 0, "Opcode": 0, "Keywords": "0x8000000000000010", "TimeCreated": {"#attributes": {"SystemTime": "2026-01-16T08:50:51.444386Z"}}, "EventRecordID": 236, "Correlation": null, "Execution": {"#attributes": {"ProcessID": 2900, "ThreadID": 2444}}, "Channel": "DNS Server", "Computer": "DC01.pirate.htb", "Security": {"#attributes": {"UserID": "S-1-5-18"}}}, "EventData": {"#attributes": {"Name": "DNS_EVENT_ZONE_LOAD_OK"}, "param1": "pirate.htb", "param2": "NULL", "param3": "DC01.pirate.htb", "VirtualizationID": "."}}},
