{"TimeGenerated": "2025-06-08T20:12:50.459151Z", "EventID": {"#attributes": {"Qualifiers": 32768}, "#text": 6006}, "Computer": "DC01.pirate.htb", "RawEvent": {"#attributes": {"xmlns": "http://schemas.microsoft.com/win/2004/08/events/event"}, "System": {"Provider": {"#attributes": {"Name": "EventLog"}}, "EventID": {"#attributes": {"Qualifiers": 32768}, "#text": 6006}, "Level": 4, "Task": 0, "Keywords": "0x80000000000000", "TimeCreated": {"#attributes": {"SystemTime": "2025-06-08T20:12:50.459151Z"}}, "EventRecordID": 1658, "Channel": "System", "Computer": "DC01.pirate.htb", "Security": null}, "EventData": {"Data": {"#text": ""}, "Binary": "0100000000000000"}}},
{"TimeGenerated": "2025-06-08T20:12:50.333882Z", "EventID": {"#attributes": {"Qualifiers": 16384}, "#text": 7036}, "Computer": "DC01.pirate.htb", "RawEvent": {"#attributes": {"xmlns": "http://schemas.microsoft.com/win/2004/08/events/event"}, "System": {"Provider": {"#attributes": {"Name": "Service Control Manager", "Guid": "{555908d1-a6d7-4695-8e1e-26931d2012f4}", "EventSourceName": "Service Control Manager"}}, "EventID": {"#attributes": {"Qualifiers": 16384}, "#text": 7036}, "Version": 0, "Level": 4, "Task": 0, "Opcode": 0, "Keywords": "0x8080000000000000", "TimeCreated": {"#attributes": {"SystemTime": "2025-06-08T20:12:50.333882Z"}}, "EventRecordID": 1659, "Correlation": null, "Execution": {"#attributes": {"ProcessID": 660, "ThreadID": 904}}, "Channel": "System", "Computer": "DC01.pirate.htb", "Security": null}, "EventData": {"param1": "Active Directory Web Services", "param2": "stopped", "Binary": "41004400570053002F0031000000"}}},
{"TimeGenerated": "2025-06-08T20:12:50.333882Z", "EventID": {"#attributes": {"Qualifiers": 16384}, "#text": 7036}, "Computer": "DC01.pirate.htb", "RawEvent": {"#attributes": {"xmlns": "http://schemas.microsoft.com/win/2004/08/events/event"}, "System": {"Provider": {"#attributes": {"Name": "Service Control Manager", "Guid": "{555908d1-a6d7-4695-8e1e-26931d2012f4}", "EventSourceName": "Service Control Manager"}}, "EventID": {"#attributes": {"Qualifiers": 16384}, "#text": 7036}, "Version": 0, "Level": 4, "Task": 0, "Opcode": 0, "Keywords": "0x8080000000000000", "TimeCreated": {"#attributes": {"SystemTime": "2025-06-08T20:12:50.333882Z"}}, "EventRecordID": 1660, "Correlation": null, "Execution": {"#attributes": {"ProcessID": 660, "ThreadID": 5104}}, "Channel": "System", "Computer": "DC01.pirate.htb", "Security": null}, "EventData": {"param1": "Windows Management Instrumentation", "param2": "stopped", "Binary": "570069006E006D0067006D0074002F0031000000"}}},
{"TimeGenerated": "2025-06-08T20:12:50.333882Z", "EventID": {"#attributes": {"Qualifiers": 16384}, "#text": 7036}, "Computer": "DC01.pirate.htb", "RawEvent": {"#attributes": {"xmlns": "http://schemas.microsoft.com/win/2004/08/events/event"}, "System": {"Provider": {"#attributes": {"Name": "Service Control Manager", "Guid": "{555908d1-a6d7-4695-8e1e-26931d2012f4}", "EventSourceName": "Service Control Manager"}}, "EventID": {"#attributes": {"Qualifiers": 16384}, "#text": 7036}, "Version": 0, "Level": 4, "Task": 0, "Opcode": 0, "Keywords": "0x8080000000000000", "TimeCreated": {"#attributes": {"SystemTime": "2025-06-08T20:12:50.333882Z"}}, "EventRecordID": 1661, "Correlation": null, "Execution": {"#attributes": {"ProcessID": 660, "ThreadID": 360}}, "Channel": "System", "Computer": "DC01.pirate.htb", "Security": null}, "EventData": {"param1": "SysMain", "param2": "stopped", "Binary": "5300790073004D00610069006E002F0031000000"}}},
{"TimeGenerated": "2025-06-08T20:12:50.333882Z", "EventID": {"#attributes": {"Qualifiers": 16384}, "#text": 7036}, "Computer": "DC01.pirate.htb", "RawEvent": {"#attributes": {"xmlns": "http://schemas.microsoft.com/win/2004/08/events/event"}, "System": {"Provider": {"#attributes": {"Name": "Service Control Manager", "Guid": "{555908d1-a6d7-4695-8e1e-26931d2012f4}", "EventSourceName": "Service Control Manager"}}, "EventID": {"#attributes": {"Qualifiers": 16384}, "#text": 7036}, "Version": 0, "Level": 4, "Task": 0, "Opcode": 0, "Keywords": "0x8080000000000000", "TimeCreated": {"#attributes": {"SystemTime": "2025-06-08T20:12:50.333882Z"}}, "EventRecordID": 1662, "Correlation": null, "Execution": {"#attributes": {"ProcessID": 660, "ThreadID": 360}}, "Channel": "System", "Computer": "DC01.pirate.htb", "Security": null}, "EventData": {"param1": "Intersite Messaging", "param2": "stopped", "Binary": "490073006D0053006500720076002F0031000000"}}},
{"TimeGenerated": "2025-06-08T20:12:50.333882Z", "EventID": {"#attributes": {"Qualifiers": 16384}, "#text": 7036}, "Computer": "DC01.pirate.htb", "RawEvent": {"#attributes": {"xmlns": "http://schemas.microsoft.com/win/2004/08/events/event"}, "System": {"Provider": {"#attributes": {"Name": "Service Control Manager", "Guid": "{555908d1-a6d7-4695-8e1e-26931d2012f4}", "EventSourceName": "Service Control Manager"}}, "EventID": {"#attributes": {"Qualifiers": 16384}, "#text": 7036}, "Version": 0, "Level": 4, "Task": 0, "Opcode": 0, "Keywords": "0x8080000000000000", "TimeCreated": {"#attributes": {"SystemTime": "2025-06-08T20:12:50.333882Z"}}, "EventRecordID": 1663, "Correlation": null, "Execution": {"#attributes": {"ProcessID": 660, "ThreadID": 360}}, "Channel": "System", "Computer": "DC01.pirate.htb", "Security": null}, "EventData": {"param1": "Windows Font Cache Service", "param2": "stopped", "Binary": "46006F006E007400430061006300680065002F0031000000"}}},
{"TimeGenerated": "2025-06-08T20:12:50.343010Z", "EventID": 129, "Computer": "DC01.pirate.htb", "RawEvent": {"#attributes": {"xmlns": "http://schemas.microsoft.com/win/2004/08/events/event"}, "System": {"Provider": {"#attributes": {"Name": "Microsoft-Windows-Time-Service", "Guid": "06EDCFEB-0FD0-4E53-ACCA-A6F8BBF81BCB"}}, "EventID": 129, "Version": 0, "Level": 3, "Task": 0, "Opcode": 0, "Keywords": "0x8000000000000000", "TimeCreated": {"#attributes": {"SystemTime": "2025-06-08T20:12:50.343010Z"}}, "EventRecordID": 1664, "Correlation": null, "Execution": {"#attributes": {"ProcessID": 828, "ThreadID": 1080}}, "Channel": "System", "Computer": "DC01.pirate.htb", "Security": {"#attributes": {"UserID": "S-1-5-19"}}}, "EventData": {"#attributes": {"Name": "TMP_EVENT_DOMAIN_PEER_DISCOVERY_ERROR"}, "ErrorMessage": "The remote procedure call failed. (0x800706BE)", "RetryMinutes": 15}}},
{"TimeGenerated": "2025-06-08T20:12:50.343341Z", "EventID": 50104, "Computer": "DC01.pirate.htb", "RawEvent": {"#attributes": {"xmlns": "http://schemas.microsoft.com/win/2004/08/events/event"}, "System": {"Provider": {"#attributes": {"Name": "Microsoft-Windows-Dhcp-Client", "Guid": "15A7A4F8-0072-4EAB-ABAD-F98A4D666AED"}}, "EventID": 50104, "Version": 0, "Level": 4, "Task": 4, "Opcode": 129, "Keywords": "0x2000000000000000", "TimeCreated": {"#attributes": {"SystemTime": "2025-06-08T20:12:50.343341Z"}}, "EventRecordID": 1665, "Correlation": null, "Execution": {"#attributes": {"ProcessID": 1060, "ThreadID": 1064}}, "Channel": "System", "Computer": "DC01.pirate.htb", "Security": {"#attributes": {"UserID": "S-1-5-19"}}}, "EventData": null}},
{"TimeGenerated": "2025-06-08T20:12:50.343402Z", "EventID": 50105, "Computer": "DC01.pirate.htb", "RawEvent": {"#attributes": {"xmlns": "http://schemas.microsoft.com/win/2004/08/events/event"}, "System": {"Provider": {"#attributes": {"Name": "Microsoft-Windows-Dhcp-Client", "Guid": "15A7A4F8-0072-4EAB-ABAD-F98A4D666AED"}}, "EventID": 50105, "Version": 0, "Level": 4, "Task": 4, "Opcode": 129, "Keywords": "0x2000000000000000", "TimeCreated": {"#attributes": {"SystemTime": "2025-06-08T20:12:50.343402Z"}}, "EventRecordID": 1666, "Correlation": null, "Execution": {"#attributes": {"ProcessID": 1060, "ThreadID": 1112}}, "Channel": "System", "Computer": "DC01.pirate.htb", "Security": {"#attributes": {"UserID": "S-1-5-19"}}}, "EventData": null}},
{"TimeGenerated": "2025-06-08T20:12:50.344293Z", "EventID": 46, "Computer": "DC01.pirate.htb", "RawEvent": {"#attributes": {"xmlns": "http://schemas.microsoft.com/win/2004/08/events/event"}, "System": {"Provider": {"#attributes": {"Name": "Microsoft-Windows-Time-Service", "Guid": "06EDCFEB-0FD0-4E53-ACCA-A6F8BBF81BCB"}}, "EventID": 46, "Version": 0, "Level": 2, "Task": 0, "Opcode": 0, "Keywords": "0x8000000000000000", "TimeCreated": {"#attributes": {"SystemTime": "2025-06-08T20:12:50.344293Z"}}, "EventRecordID": 1667, "Correlation": null, "Execution": {"#attributes": {"ProcessID": 828, "ThreadID": 1044}}, "Channel": "System", "Computer": "DC01.pirate.htb", "Security": {"#attributes": {"UserID": "S-1-5-19"}}}, "EventData": {"#attributes": {"Name": "TMP_EVENT_ERROR_SHUTDOWN"}, "ErrorMessage": "0x800706D3: The authentication service is unknown.\r\n"}}},
{"TimeGenerated": "2025-06-08T20:12:50.333882Z", "EventID": {"#attributes": {"Qualifiers": 16384}, "#text": 7036}, "Computer": "DC01.pirate.htb", "RawEvent": {"#attributes": {"xmlns": "http://schemas.microsoft.com/win/2004/08/events/event"}, "System": {"Provider": {"#attributes": {"Name": "Service Control Manager", "Guid": "{555908d1-a6d7-4695-8e1e-26931d2012f4}", "EventSourceName": "Service Control Manager"}}, "EventID": {"#attributes": {"Qualifiers": 16384}, "#text": 7036}, "Version": 0, "Level": 4, "Task": 0, "Opcode": 0, "Keywords": "0x8080000000000000", "TimeCreated": {"#attributes": {"SystemTime": "2025-06-08T20:12:50.333882Z"}}, "EventRecordID": 1668, "Correlation": null, "Execution": {"#attributes": {"ProcessID": 660, "ThreadID": 5076}}, "Channel": "System", "Computer": "DC01.pirate.htb", "Security": null}, "EventData": {"param1": "Plug and Play", "param2": "stopped", "Binary": "50006C007500670050006C00610079002F0031000000"}}},
{"TimeGenerated": "2025-06-08T20:12:50.333882Z", "EventID": {"#attributes": {"Qualifiers": 16384}, "#text": 7036}, "Computer": "DC01.pirate.htb", "RawEvent": {"#attributes": {"xmlns": "http://schemas.microsoft.com/win/2004/08/events/event"}, "System": {"Provider": {"#attributes": {"Name": "Service Control Manager", "Guid": "{555908d1-a6d7-4695-8e1e-26931d2012f4}", "EventSourceName": "Service Control Manager"}}, "EventID": {"#attributes": {"Qualifiers": 16384}, "#text": 7036}, "Version": 0, "Level": 4, "Task": 0, "Opcode": 0, "Keywords": "0x8080000000000000", "TimeCreated": {"#attributes": {"SystemTime": "2025-06-08T20:12:50.333882Z"}}, "EventRecordID": 1669, "Correlation": null, "Execution": {"#attributes": {"ProcessID": 660, "ThreadID": 5076}}, "Channel": "System", "Computer": "DC01.pirate.htb", "Security": null}, "EventData": {"param1": "Windows Licensing Monitoring Service", "param2": "stopped", "Binary": "57004C004D0053002F0031000000"}}},
{"TimeGenerated": "2025-06-08T20:12:50.346859Z", "EventID": 50106, "Computer": "DC01.pirate.htb", "RawEvent": {"#attributes": {"xmlns": "http://schemas.microsoft.com/win/2004/08/events/event"}, "System": {"Provider": {"#attributes": {"Name": "Microsoft-Windows-Dhcp-Client", "Guid": "15A7A4F8-0072-4EAB-ABAD-F98A4D666AED"}}, "EventID": 50106, "Version": 0, "Level": 4, "Task": 4, "Opcode": 129, "Keywords": "0x2000000000000000", "TimeCreated": {"#attributes": {"SystemTime": "2025-06-08T20:12:50.346859Z"}}, "EventRecordID": 1670, "Correlation": null, "Execution": {"#attributes": {"ProcessID": 1060, "ThreadID": 1112}}, "Channel": "System", "Computer": "DC01.pirate.htb", "Security": {"#attributes": {"UserID": "S-1-5-19"}}}, "EventData": null}},
{"TimeGenerated": "2025-06-08T20:12:50.333882Z", "EventID": {"#attributes": {"Qualifiers": 16384}, "#text": 7036}, "Computer": "DC01.pirate.htb", "RawEvent": {"#attributes": {"xmlns": "http://schemas.microsoft.com/win/2004/08/events/event"}, "System": {"Provider": {"#attributes": {"Name": "Service Control Manager", "Guid": "{555908d1-a6d7-4695-8e1e-26931d2012f4}", "EventSourceName": "Service Control Manager"}}, "EventID": {"#attributes": {"Qualifiers": 16384}, "#text": 7036}, "Version": 0, "Level": 4, "Task": 0, "Opcode": 0, "Keywords": "0x8080000000000000", "TimeCreated": {"#attributes": {"SystemTime": "2025-06-08T20:12:50.333882Z"}}, "EventRecordID": 1671, "Correlation": null, "Execution": {"#attributes": {"ProcessID": 660, "ThreadID": 5076}}, "Channel": "System", "Computer": "DC01.pirate.htb", "Security": null}, "EventData": {"param1": "User Profile Service", "param2": "stopped", "Binary": "500072006F0066005300760063002F0031000000"}}},
{"TimeGenerated": "2025-06-08T20:12:50.333882Z", "EventID": {"#attributes": {"Qualifiers": 16384}, "#text": 7036}, "Computer": "DC01.pirate.htb", "RawEvent": {"#attributes": {"xmlns": "http://schemas.microsoft.com/win/2004/08/events/event"}, "System": {"Provider": {"#attributes": {"Name": "Service Control Manager", "Guid": "{555908d1-a6d7-4695-8e1e-26931d2012f4}", "EventSourceName": "Service Control Manager"}}, "EventID": {"#attributes": {"Qualifiers": 16384}, "#text": 7036}, "Version": 0, "Level": 4, "Task": 0, "Opcode": 0, "Keywords": "0x8080000000000000", "TimeCreated": {"#attributes": {"SystemTime": "2025-06-08T20:12:50.333882Z"}}, "EventRecordID": 1672, "Correlation": null, "Execution": {"#attributes": {"ProcessID": 660, "ThreadID": 5076}}, "Channel": "System", "Computer": "DC01.pirate.htb", "Security": null}, "EventData": {"param1": "Distributed Transaction Coordinator", "param2": "stopped", "Binary": "4D0053004400540043002F0031000000"}}},
{"TimeGenerated": "2025-06-08T20:12:50.333882Z", "EventID": {"#attributes": {"Qualifiers": 16384}, "#text": 7036}, "Computer": "DC01.pirate.htb", "RawEvent": {"#attributes": {"xmlns": "http://schemas.microsoft.com/win/2004/08/events/event"}, "System": {"Provider": {"#attributes": {"Name": "Service Control Manager", "Guid": "{555908d1-a6d7-4695-8e1e-26931d2012f4}", "EventSourceName": "Service Control Manager"}}, "EventID": {"#attributes": {"Qualifiers": 16384}, "#text": 7036}, "Version": 0, "Level": 4, "Task": 0, "Opcode": 0, "Keywords": "0x8080000000000000", "TimeCreated": {"#attributes": {"SystemTime": "2025-06-08T20:12:50.333882Z"}}, "EventRecordID": 1673, "Correlation": null, "Execution": {"#attributes": {"ProcessID": 660, "ThreadID": 5076}}, "Channel": "System", "Computer": "DC01.pirate.htb", "Security": null}, "EventData": {"param1": "Software Protection", "param2": "stopped", "Binary": "7300700070007300760063002F0031000000"}}},
{"TimeGenerated": "2025-06-08T20:12:50.349901Z", "EventID": 51047, "Computer": "DC01.pirate.htb", "RawEvent": {"#attributes": {"xmlns": "http://schemas.microsoft.com/win/2004/08/events/event"}, "System": {"Provider": {"#attributes": {"Name": "Microsoft-Windows-DHCPv6-Client", "Guid": "6A1F2B00-6A90-4C38-95A5-5CAB3B056778"}}, "EventID": 51047, "Version": 0, "Level": 4, "Task": 4, "Opcode": 63, "Keywords": "0x2000000000000000", "TimeCreated": {"#attributes": {"SystemTime": "2025-06-08T20:12:50.349901Z"}}, "EventRecordID": 1674, "Correlation": null, "Execution": {"#attributes": {"ProcessID": 1060, "ThreadID": 1172}}, "Channel": "System", "Computer": "DC01.pirate.htb", "Security": {"#attributes": {"UserID": "S-1-5-19"}}}, "EventData": {"DwordVal": 1}}},
{"TimeGenerated": "2025-06-08T20:12:50.351836Z", "EventID": 5, "Computer": "DC01.pirate.htb", "RawEvent": {"#attributes": {"xmlns": "http://schemas.microsoft.com/win/2004/08/events/event"}, "System": {"Provider": {"#attributes": {"Name": "Microsoft-Windows-Time-Service", "Guid": "06EDCFEB-0FD0-4E53-ACCA-A6F8BBF81BCB"}}, "EventID": 5, "Version": 0, "Level": 2, "Task": 0, "Opcode": 0, "Keywords": "0x8000000000000000", "TimeCreated": {"#attributes": {"SystemTime": "2025-06-08T20:12:50.351836Z"}}, "EventRecordID": 1675, "Correlation": null, "Execution": {"#attributes": {"ProcessID": 828, "ThreadID": 1044}}, "Channel": "System", "Computer": "DC01.pirate.htb", "Security": {"#attributes": {"UserID": "S-1-5-19"}}}, "EventData": {"#attributes": {"Name": "TMP_EVENT_TIMEPROV_FAILED_STOP"}, "TimeProvider": "NtpClient", "ErrorMessage": "The RPC server is unavailable. (0x800706BA)"}}},
{"TimeGenerated": "2025-06-08T20:12:50.349511Z", "EventID": {"#attributes": {"Qualifiers": 16384}, "#text": 7036}, "Computer": "DC01.pirate.htb", "RawEvent": {"#attributes": {"xmlns": "http://schemas.microsoft.com/win/2004/08/events/event"}, "System": {"Provider": {"#attributes": {"Name": "Service Control Manager", "Guid": "{555908d1-a6d7-4695-8e1e-26931d2012f4}", "EventSourceName": "Service Control Manager"}}, "EventID": {"#attributes": {"Qualifiers": 16384}, "#text": 7036}, "Version": 0, "Level": 4, "Task": 0, "Opcode": 0, "Keywords": "0x8080000000000000", "TimeCreated": {"#attributes": {"SystemTime": "2025-06-08T20:12:50.349511Z"}}, "EventRecordID": 1676, "Correlation": null, "Execution": {"#attributes": {"ProcessID": 660, "ThreadID": 5076}}, "Channel": "System", "Computer": "DC01.pirate.htb", "Security": null}, "EventData": {"param1": "WinHTTP Web Proxy Auto-Discovery Service", "param2": "stopped", "Binary": "570069006E0048007400740070004100750074006F00500072006F00780079005300760063002F0031000000"}}},
{"TimeGenerated": "2025-06-08T20:12:50.349511Z", "EventID": {"#attributes": {"Qualifiers": 16384}, "#text": 7036}, "Computer": "DC01.pirate.htb", "RawEvent": {"#attributes": {"xmlns": "http://schemas.microsoft.com/win/2004/08/events/event"}, "System": {"Provider": {"#attributes": {"Name": "Service Control Manager", "Guid": "{555908d1-a6d7-4695-8e1e-26931d2012f4}", "EventSourceName": "Service Control Manager"}}, "EventID": {"#attributes": {"Qualifiers": 16384}, "#text": 7036}, "Version": 0, "Level": 4, "Task": 0, "Opcode": 0, "Keywords": "0x8080000000000000", "TimeCreated": {"#attributes": {"SystemTime": "2025-06-08T20:12:50.349511Z"}}, "EventRecordID": 1677, "Correlation": null, "Execution": {"#attributes": {"ProcessID": 660, "ThreadID": 5076}}, "Channel": "System", "Computer": "DC01.pirate.htb", "Security": null}, "EventData": {"param1": "W32Time", "param2": "stopped", "Binary": "570033003200540069006D0065002F0031000000"}}},
{"TimeGenerated": "2025-06-08T20:12:50.349511Z", "EventID": {"#attributes": {"Qualifiers": 49152}, "#text": 7023}, "Computer": "DC01.pirate.htb", "RawEvent": {"#attributes": {"xmlns": "http://schemas.microsoft.com/win/2004/08/events/event"}, "System": {"Provider": {"#attributes": {"Name": "Service Control Manager", "Guid": "{555908d1-a6d7-4695-8e1e-26931d2012f4}", "EventSourceName": "Service Control Manager"}}, "EventID": {"#attributes": {"Qualifiers": 49152}, "#text": 7023}, "Version": 0, "Level": 2, "Task": 0, "Opcode": 0, "Keywords": "0x8080000000000000", "TimeCreated": {"#attributes": {"SystemTime": "2025-06-08T20:12:50.349511Z"}}, "EventRecordID": 1678, "Correlation": null, "Execution": {"#attributes": {"ProcessID": 660, "ThreadID": 5076}}, "Channel": "System", "Computer": "DC01.pirate.htb", "Security": null}, "EventData": {"param1": "Windows Time", "param2": "%%1722", "Binary": "570033003200540069006D0065000000"}}},
{"TimeGenerated": "2025-06-08T20:12:50.349511Z", "EventID": {"#attributes": {"Qualifiers": 16384}, "#text": 7036}, "Computer": "DC01.pirate.htb", "RawEvent": {"#attributes": {"xmlns": "http://schemas.microsoft.com/win/2004/08/events/event"}, "System": {"Provider": {"#attributes": {"Name": "Service Control Manager", "Guid": "{555908d1-a6d7-4695-8e1e-26931d2012f4}", "EventSourceName": "Service Control Manager"}}, "EventID": {"#attributes": {"Qualifiers": 16384}, "#text": 7036}, "Version": 0, "Level": 4, "Task": 0, "Opcode": 0, "Keywords": "0x8080000000000000", "TimeCreated": {"#attributes": {"SystemTime": "2025-06-08T20:12:50.349511Z"}}, "EventRecordID": 1679, "Correlation": null, "Execution": {"#attributes": {"ProcessID": 660, "ThreadID": 360}}, "Channel": "System", "Computer": "DC01.pirate.htb", "Security": null}, "EventData": {"param1": "Windows Connection Manager", "param2": "stopped", "Binary": "570063006D007300760063002F0031000000"}}},
{"TimeGenerated": "2025-06-08T20:12:50.349511Z", "EventID": {"#attributes": {"Qualifiers": 16384}, "#text": 7036}, "Computer": "DC01.pirate.htb", "RawEvent": {"#attributes": {"xmlns": "http://schemas.microsoft.com/win/2004/08/events/event"}, "System": {"Provider": {"#attributes": {"Name": "Service Control Manager", "Guid": "{555908d1-a6d7-4695-8e1e-26931d2012f4}", "EventSourceName": "Service Control Manager"}}, "EventID": {"#attributes": {"Qualifiers": 16384}, "#text": 7036}, "Version": 0, "Level": 4, "Task": 0, "Opcode": 0, "Keywords": "0x8080000000000000", "TimeCreated": {"#attributes": {"SystemTime": "2025-06-08T20:12:50.349511Z"}}, "EventRecordID": 1680, "Correlation": null, "Execution": {"#attributes": {"ProcessID": 660, "ThreadID": 360}}, "Channel": "System", "Computer": "DC01.pirate.htb", "Security": null}, "EventData": {"param1": "DFS Replication", "param2": "stopped", "Binary": "44004600530052002F0031000000"}}},
{"TimeGenerated": "2025-06-08T20:12:50.349511Z", "EventID": {"#attributes": {"Qualifiers": 16384}, "#text": 7036}, "Computer": "DC01.pirate.htb", "RawEvent": {"#attributes": {"xmlns": "http://schemas.microsoft.com/win/2004/08/events/event"}, "System": {"Provider": {"#attributes": {"Name": "Service Control Manager", "Guid": "{555908d1-a6d7-4695-8e1e-26931d2012f4}", "EventSourceName": "Service Control Manager"}}, "EventID": {"#attributes": {"Qualifiers": 16384}, "#text": 7036}, "Version": 0, "Level": 4, "Task": 0, "Opcode": 0, "Keywords": "0x8080000000000000", "TimeCreated": {"#attributes": {"SystemTime": "2025-06-08T20:12:50.349511Z"}}, "EventRecordID": 1681, "Correlation": null, "Execution": {"#attributes": {"ProcessID": 660, "ThreadID": 360}}, "Channel": "System", "Computer": "DC01.pirate.htb", "Security": null}, "EventData": {"param1": "vds", "param2": "stopped", "Binary": "7600640073002F0031000000"}}},
{"TimeGenerated": "2025-06-08T20:12:50.365122Z", "EventID": {"#attributes": {"Qualifiers": 16384}, "#text": 7036}, "Computer": "DC01.pirate.htb", "RawEvent": {"#attributes": {"xmlns": "http://schemas.microsoft.com/win/2004/08/events/event"}, "System": {"Provider": {"#attributes": {"Name": "Service Control Manager", "Guid": "{555908d1-a6d7-4695-8e1e-26931d2012f4}", "EventSourceName": "Service Control Manager"}}, "EventID": {"#attributes": {"Qualifiers": 16384}, "#text": 7036}, "Version": 0, "Level": 4, "Task": 0, "Opcode": 0, "Keywords": "0x8080000000000000", "TimeCreated": {"#attributes": {"SystemTime": "2025-06-08T20:12:50.365122Z"}}, "EventRecordID": 1682, "Correlation": null, "Execution": {"#attributes": {"ProcessID": 660, "ThreadID": 360}}, "Channel": "System", "Computer": "DC01.pirate.htb", "Security": null}, "EventData": {"param1": "Device Setup Manager", "param2": "stopped", "Binary": "440073006D005300760063002F0031000000"}}},
{"TimeGenerated": "2025-06-08T20:12:50.396722Z", "EventID": {"#attributes": {"Qualifiers": 16384}, "#text": 7036}, "Computer": "DC01.pirate.htb", "RawEvent": {"#attributes": {"xmlns": "http://schemas.microsoft.com/win/2004/08/events/event"}, "System": {"Provider": {"#attributes": {"Name": "Service Control Manager", "Guid": "{555908d1-a6d7-4695-8e1e-26931d2012f4}", "EventSourceName": "Service Control Manager"}}, "EventID": {"#attributes": {"Qualifiers": 16384}, "#text": 7036}, "Version": 0, "Level": 4, "Task": 0, "Opcode": 0, "Keywords": "0x8080000000000000", "TimeCreated": {"#attributes": {"SystemTime": "2025-06-08T20:12:50.396722Z"}}, "EventRecordID": 1683, "Correlation": null, "Execution": {"#attributes": {"ProcessID": 660, "ThreadID": 5076}}, "Channel": "System", "Computer": "DC01.pirate.htb", "Security": null}, "EventData": {"param1": "Cryptographic Services", "param2": "stopped", "Binary": "430072007900700074005300760063002F0031000000"}}},
{"TimeGenerated": "2025-06-08T20:12:50.396722Z", "EventID": {"#attributes": {"Qualifiers": 16384}, "#text": 7036}, "Computer": "DC01.pirate.htb", "RawEvent": {"#attributes": {"xmlns": "http://schemas.microsoft.com/win/2004/08/events/event"}, "System": {"Provider": {"#attributes": {"Name": "Service Control Manager", "Guid": "{555908d1-a6d7-4695-8e1e-26931d2012f4}", "EventSourceName": "Service Control Manager"}}, "EventID": {"#attributes": {"Qualifiers": 16384}, "#text": 7036}, "Version": 0, "Level": 4, "Task": 0, "Opcode": 0, "Keywords": "0x8080000000000000", "TimeCreated": {"#attributes": {"SystemTime": "2025-06-08T20:12:50.396722Z"}}, "EventRecordID": 1684, "Correlation": null, "Execution": {"#attributes": {"ProcessID": 660, "ThreadID": 5076}}, "Channel": "System", "Computer": "DC01.pirate.htb", "Security": null}, "EventData": {"param1": "Task Scheduler", "param2": "stopped", "Binary": "5300630068006500640075006C0065002F0031000000"}}},
{"TimeGenerated": "2025-06-08T20:12:50.396722Z", "EventID": {"#attributes": {"Qualifiers": 16384}, "#text": 7036}, "Computer": "DC01.pirate.htb", "RawEvent": {"#attributes": {"xmlns": "http://schemas.microsoft.com/win/2004/08/events/event"}, "System": {"Provider": {"#attributes": {"Name": "Service Control Manager", "Guid": "{555908d1-a6d7-4695-8e1e-26931d2012f4}", "EventSourceName": "Service Control Manager"}}, "EventID": {"#attributes": {"Qualifiers": 16384}, "#text": 7036}, "Version": 0, "Level": 4, "Task": 0, "Opcode": 0, "Keywords": "0x8080000000000000", "TimeCreated": {"#attributes": {"SystemTime": "2025-06-08T20:12:50.396722Z"}}, "EventRecordID": 1685, "Correlation": null, "Execution": {"#attributes": {"ProcessID": 660, "ThreadID": 360}}, "Channel": "System", "Computer": "DC01.pirate.htb", "Security": null}, "EventData": {"param1": "Volume Shadow Copy", "param2": "stopped", "Binary": "5600530053002F0031000000"}}},
{"TimeGenerated": "2025-06-08T20:12:50.459203Z", "EventID": 51057, "Computer": "DC01.pirate.htb", "RawEvent": {"#attributes": {"xmlns": "http://schemas.microsoft.com/win/2004/08/events/event"}, "System": {"Provider": {"#attributes": {"Name": "Microsoft-Windows-DHCPv6-Client", "Guid": "6A1F2B00-6A90-4C38-95A5-5CAB3B056778"}}, "EventID": 51057, "Version": 0, "Level": 4, "Task": 4, "Opcode": 104, "Keywords": "0x2000000000000000", "TimeCreated": {"#attributes": {"SystemTime": "2025-06-08T20:12:50.459203Z"}}, "EventRecordID": 1686, "Correlation": null, "Execution": {"#attributes": {"ProcessID": 1060, "ThreadID": 1172}}, "Channel": "System", "Computer": "DC01.pirate.htb", "Security": {"#attributes": {"UserID": "S-1-5-19"}}}, "EventData": {"DwordVal": 1}}},
{"TimeGenerated": "2025-06-08T20:12:50.459460Z", "EventID": 50037, "Computer": "DC01.pirate.htb", "RawEvent": {"#attributes": {"xmlns": "http://schemas.microsoft.com/win/2004/08/events/event"}, "System": {"Provider": {"#attributes": {"Name": "Microsoft-Windows-Dhcp-Client", "Guid": "15A7A4F8-0072-4EAB-ABAD-F98A4D666AED"}}, "EventID": 50037, "Version": 0, "Level": 4, "Task": 4, "Opcode": 69, "Keywords": "0x2000000000000000", "TimeCreated": {"#attributes": {"SystemTime": "2025-06-08T20:12:50.459460Z"}}, "EventRecordID": 1687, "Correlation": null, "Execution": {"#attributes": {"ProcessID": 1060, "ThreadID": 1112}}, "Channel": "System", "Computer": "DC01.pirate.htb", "Security": {"#attributes": {"UserID": "S-1-5-19"}}}, "EventData": {"DwordVal": 1}}},
{"TimeGenerated": "2025-06-08T20:12:50.459151Z", "EventID": {"#attributes": {"Qualifiers": 16384}, "#text": 7036}, "Computer": "DC01.pirate.htb", "RawEvent": {"#attributes": {"xmlns": "http://schemas.microsoft.com/win/2004/08/events/event"}, "System": {"Provider": {"#attributes": {"Name": "Service Control Manager", "Guid": "{555908d1-a6d7-4695-8e1e-26931d2012f4}", "EventSourceName": "Service Control Manager"}}, "EventID": {"#attributes": {"Qualifiers": 16384}, "#text": 7036}, "Version": 0, "Level": 4, "Task": 0, "Opcode": 0, "Keywords": "0x8080000000000000", "TimeCreated": {"#attributes": {"SystemTime": "2025-06-08T20:12:50.459151Z"}}, "EventRecordID": 1688, "Correlation": null, "Execution": {"#attributes": {"ProcessID": 660, "ThreadID": 360}}, "Channel": "System", "Computer": "DC01.pirate.htb", "Security": null}, "EventData": {"param1": "DHCP Client", "param2": "stopped", "Binary": "44006800630070002F0031000000"}}},
{"TimeGenerated": "2025-06-08T20:12:50.459151Z", "EventID": {"#attributes": {"Qualifiers": 16384}, "#text": 7036}, "Computer": "DC01.pirate.htb", "RawEvent": {"#attributes": {"xmlns": "http://schemas.microsoft.com/win/2004/08/events/event"}, "System": {"Provider": {"#attributes": {"Name": "Service Control Manager", "Guid": "{555908d1-a6d7-4695-8e1e-26931d2012f4}", "EventSourceName": "Service Control Manager"}}, "EventID": {"#attributes": {"Qualifiers": 16384}, "#text": 7036}, "Version": 0, "Level": 4, "Task": 0, "Opcode": 0, "Keywords": "0x8080000000000000", "TimeCreated": {"#attributes": {"SystemTime": "2025-06-08T20:12:50.459151Z"}}, "EventRecordID": 1689, "Correlation": null, "Execution": {"#attributes": {"ProcessID": 660, "ThreadID": 360}}, "Channel": "System", "Computer": "DC01.pirate.htb", "Security": null}, "EventData": {"param1": "Windows Remote Management (WS-Management)", "param2": "stopped", "Binary": "570069006E0052004D002F0031000000"}}},
{"TimeGenerated": "2025-06-08T20:12:50.474508Z", "EventID": {"#attributes": {"Qualifiers": 16384}, "#text": 7036}, "Computer": "DC01.pirate.htb", "RawEvent": {"#attributes": {"xmlns": "http://schemas.microsoft.com/win/2004/08/events/event"}, "System": {"Provider": {"#attributes": {"Name": "Service Control Manager", "Guid": "{555908d1-a6d7-4695-8e1e-26931d2012f4}", "EventSourceName": "Service Control Manager"}}, "EventID": {"#attributes": {"Qualifiers": 16384}, "#text": 7036}, "Version": 0, "Level": 4, "Task": 0, "Opcode": 0, "Keywords": "0x8080000000000000", "TimeCreated": {"#attributes": {"SystemTime": "2025-06-08T20:12:50.474508Z"}}, "EventRecordID": 1690, "Correlation": null, "Execution": {"#attributes": {"ProcessID": 660, "ThreadID": 5076}}, "Channel": "System", "Computer": "DC01.pirate.htb", "Security": null}, "EventData": {"param1": "Windows Event Log", "param2": "stopped", "Binary": "4500760065006E0074004C006F0067002F0031000000"}}},
{"TimeGenerated": "2025-06-08T20:12:50.490624Z", "EventID": {"#attributes": {"Qualifiers": 16384}, "#text": 7036}, "Computer": "DC01.pirate.htb", "RawEvent": {"#attributes": {"xmlns": "http://schemas.microsoft.com/win/2004/08/events/event"}, "System": {"Provider": {"#attributes": {"Name": "Service Control Manager", "Guid": "{555908d1-a6d7-4695-8e1e-26931d2012f4}", "EventSourceName": "Service Control Manager"}}, "EventID": {"#attributes": {"Qualifiers": 16384}, "#text": 7036}, "Version": 0, "Level": 4, "Task": 0, "Opcode": 0, "Keywords": "0x8080000000000000", "TimeCreated": {"#attributes": {"SystemTime": "2025-06-08T20:12:50.490624Z"}}, "EventRecordID": 1691, "Correlation": null, "Execution": {"#attributes": {"ProcessID": 660, "ThreadID": 5076}}, "Channel": "System", "Computer": "DC01.pirate.htb", "Security": null}, "EventData": {"param1": "Windows Defender Antivirus Service", "param2": "stopped", "Binary": "570069006E0044006500660065006E0064002F0031000000"}}},
{"TimeGenerated": "2025-06-08T20:12:51.396413Z", "EventID": {"#attributes": {"Qualifiers": 16384}, "#text": 7036}, "Computer": "DC01.pirate.htb", "RawEvent": {"#attributes": {"xmlns": "http://schemas.microsoft.com/win/2004/08/events/event"}, "System": {"Provider": {"#attributes": {"Name": "Service Control Manager", "Guid": "{555908d1-a6d7-4695-8e1e-26931d2012f4}", "EventSourceName": "Service Control Manager"}}, "EventID": {"#attributes": {"Qualifiers": 16384}, "#text": 7036}, "Version": 0, "Level": 4, "Task": 0, "Opcode": 0, "Keywords": "0x8080000000000000", "TimeCreated": {"#attributes": {"SystemTime": "2025-06-08T20:12:51.396413Z"}}, "EventRecordID": 1692, "Correlation": null, "Execution": {"#attributes": {"ProcessID": 660, "ThreadID": 5076}}, "Channel": "System", "Computer": "DC01.pirate.htb", "Security": null}, "EventData": {"param1": "Function Discovery Resource Publication", "param2": "stopped", "Binary": "460044005200650073005000750062002F0031000000"}}},
{"TimeGenerated": "2025-06-08T20:13:08.250522Z", "EventID": {"#attributes": {"Qualifiers": 32768}, "#text": 6009}, "Computer": "DC01.pirate.htb", "RawEvent": {"#attributes": {"xmlns": "http://schemas.microsoft.com/win/2004/08/events/event"}, "System": {"Provider": {"#attributes": {"Name": "EventLog"}}, "EventID": {"#attributes": {"Qualifiers": 32768}, "#text": 6009}, "Level": 4, "Task": 0, "Keywords": "0x80000000000000", "TimeCreated": {"#attributes": {"SystemTime": "2025-06-08T20:13:08.250522Z"}}, "EventRecordID": 1693, "Channel": "System", "Computer": "DC01.pirate.htb", "Security": null}, "EventData": {"Data": {"#text": ["10.00.", "17763", "", "Multiprocessor Free", "0"]}, "Binary": null}}},
{"TimeGenerated": "2025-06-08T20:13:08.250522Z", "EventID": {"#attributes": {"Qualifiers": 32768}, "#text": 6005}, "Computer": "DC01.pirate.htb", "RawEvent": {"#attributes": {"xmlns": "http://schemas.microsoft.com/win/2004/08/events/event"}, "System": {"Provider": {"#attributes": {"Name": "EventLog"}}, "EventID": {"#attributes": {"Qualifiers": 32768}, "#text": 6005}, "Level": 4, "Task": 0, "Keywords": "0x80000000000000", "TimeCreated": {"#attributes": {"SystemTime": "2025-06-08T20:13:08.250522Z"}}, "EventRecordID": 1694, "Channel": "System", "Computer": "DC01.pirate.htb", "Security": null}, "EventData": {"Data": {"#text": ""}, "Binary": "E90706000000080014000D000800FA000000000000000000"}}},
{"TimeGenerated": "2025-06-08T20:13:08.250522Z", "EventID": {"#attributes": {"Qualifiers": 32768}, "#text": 6013}, "Computer": "DC01.pirate.htb", "RawEvent": {"#attributes": {"xmlns": "http://schemas.microsoft.com/win/2004/08/events/event"}, "System": {"Provider": {"#attributes": {"Name": "EventLog"}}, "EventID": {"#attributes": {"Qualifiers": 32768}, "#text": 6013}, "Level": 4, "Task": 0, "Keywords": "0x80000000000000", "TimeCreated": {"#attributes": {"SystemTime": "2025-06-08T20:13:08.250522Z"}}, "EventRecordID": 1695, "Channel": "System", "Computer": "DC01.pirate.htb", "Security": null}, "EventData": {"Data": {"#text": ["", "", "", "", "6", "60", "480 Pacific Standard Time"]}, "Binary": "31002E003100000030000000570069006E0064006F007700730020005300650072007600650072002000320030003100390020005300740061006E00640061007200640020004500760061006C0075006100740069006F006E000000310030002E0030002E003100370037003600330020004200750069006C0064002000310037003700360033002000200000004D0075006C0074006900700072006F0063006500730073006F007200200046007200650065000000310037003700360033002E007200730035005F00720065006C0065006100730065002E003100380030003900310034002D00310034003300340000003600380034003500390066003000350000004E006F007400200041007600610069006C00610062006C00650000004E006F007400200041007600610069006C00610062006C0065000000390000003400000036003100340034000000340030003900000044004300300031002E007000690072006100740065002E0068007400620000000000"}}},
{"TimeGenerated": "2025-06-08T20:12:55.321444Z", "EventID": 109, "Computer": "DC01.pirate.htb", "RawEvent": {"#attributes": {"xmlns": "http://schemas.microsoft.com/win/2004/08/events/event"}, "System": {"Provider": {"#attributes": {"Name": "Microsoft-Windows-Kernel-Power", "Guid": "331C3B3A-2005-44C2-AC5E-77220C37D6B4"}}, "EventID": 109, "Version": 0, "Level": 4, "Task": 103, "Opcode": 0, "Keywords": "0x8000400000000404", "TimeCreated": {"#attributes": {"SystemTime": "2025-06-08T20:12:55.321444Z"}}, "EventRecordID": 1696, "Correlation": null, "Execution": {"#attributes": {"ProcessID": 516, "ThreadID": 520}}, "Channel": "System", "Computer": "DC01.pirate.htb", "Security": null}, "EventData": {"ShutdownActionType": 5, "ShutdownEventCode": 0, "ShutdownReason": 5}}},
{"TimeGenerated": "2025-06-08T20:12:56.211195Z", "EventID": 13, "Computer": "DC01.pirate.htb", "RawEvent": {"#attributes": {"xmlns": "http://schemas.microsoft.com/win/2004/08/events/event"}, "System": {"Provider": {"#attributes": {"Name": "Microsoft-Windows-Kernel-General", "Guid": "A68CA8B7-004F-D7B6-A698-07E2DE0F1F5D"}}, "EventID": 13, "Version": 0, "Level": 4, "Task": 2, "Opcode": 0, "Keywords": "0x8000000000000080", "TimeCreated": {"#attributes": {"SystemTime": "2025-06-08T20:12:56.211195Z"}}, "EventRecordID": 1697, "Correlation": null, "Execution": {"#attributes": {"ProcessID": 4, "ThreadID": 320}}, "Channel": "System", "Computer": "DC01.pirate.htb", "Security": null}, "EventData": {"StopTime": "2025-06-08T20:12:56.211194Z"}}},
{"TimeGenerated": "2025-06-08T20:13:01.723741Z", "EventID": 12, "Computer": "DC01.pirate.htb", "RawEvent": {"#attributes": {"xmlns": "http://schemas.microsoft.com/win/2004/08/events/event"}, "System": {"Provider": {"#attributes": {"Name": "Microsoft-Windows-Kernel-General", "Guid": "A68CA8B7-004F-D7B6-A698-07E2DE0F1F5D"}}, "EventID": 12, "Version": 0, "Level": 4, "Task": 1, "Opcode": 0, "Keywords": "0x8000000000000080", "TimeCreated": {"#attributes": {"SystemTime": "2025-06-08T20:13:01.723741Z"}}, "EventRecordID": 1698, "Correlation": null, "Execution": {"#attributes": {"ProcessID": 4, "ThreadID": 8}}, "Channel": "System", "Computer": "DC01.pirate.htb", "Security": {"#attributes": {"UserID": "S-1-5-18"}}}, "EventData": {"MajorVersion": 10, "MinorVersion": 0, "BuildVersion": 17763, "QfeVersion": 7309, "ServiceVersion": 0, "BootMode": 0, "StartTime": "2025-06-08T20:13:01.500000Z"}}},
{"TimeGenerated": "2025-06-08T20:13:01.723773Z", "EventID": 153, "Computer": "DC01.pirate.htb", "RawEvent": {"#attributes": {"xmlns": "http://schemas.microsoft.com/win/2004/08/events/event"}, "System": {"Provider": {"#attributes": {"Name": "Microsoft-Windows-Kernel-Boot", "Guid": "15CA44FF-4D7A-4BAA-BBA5-0998955E531E"}}, "EventID": 153, "Version": 0, "Level": 4, "Task": 62, "Opcode": 0, "Keywords": "0x8000000000000000", "TimeCreated": {"#attributes": {"SystemTime": "2025-06-08T20:13:01.723773Z"}}, "EventRecordID": 1699, "Correlation": null, "Execution": {"#attributes": {"ProcessID": 4, "ThreadID": 8}}, "Channel": "System", "Computer": "DC01.pirate.htb", "Security": {"#attributes": {"UserID": "S-1-5-18"}}}, "EventData": {"Status": 0, "EnableDisableReason": 101, "VsmPolicy": 515}}},
{"TimeGenerated": "2025-06-08T20:13:01.723821Z", "EventID": 20, "Computer": "DC01.pirate.htb", "RawEvent": {"#attributes": {"xmlns": "http://schemas.microsoft.com/win/2004/08/events/event"}, "System": {"Provider": {"#attributes": {"Name": "Microsoft-Windows-Kernel-Boot", "Guid": "15CA44FF-4D7A-4BAA-BBA5-0998955E531E"}}, "EventID": 20, "Version": 1, "Level": 4, "Task": 31, "Opcode": 0, "Keywords": "0x8000000000000000", "TimeCreated": {"#attributes": {"SystemTime": "2025-06-08T20:13:01.723821Z"}}, "EventRecordID": 1700, "Correlation": null, "Execution": {"#attributes": {"ProcessID": 4, "ThreadID": 8}}, "Channel": "System", "Computer": "DC01.pirate.htb", "Security": {"#attributes": {"UserID": "S-1-5-18"}}}, "EventData": {"LastShutdownGood": true, "LastBootGood": true, "LastBootId": 7, "BootStatusPolicy": 2}}},
{"TimeGenerated": "2025-06-08T20:13:01.723866Z", "EventID": 25, "Computer": "DC01.pirate.htb", "RawEvent": {"#attributes": {"xmlns": "http://schemas.microsoft.com/win/2004/08/events/event"}, "System": {"Provider": {"#attributes": {"Name": "Microsoft-Windows-Kernel-Boot", "Guid": "15CA44FF-4D7A-4BAA-BBA5-0998955E531E"}}, "EventID": 25, "Version": 0, "Level": 4, "Task": 32, "Opcode": 0, "Keywords": "0x8000000000000000", "TimeCreated": {"#attributes": {"SystemTime": "2025-06-08T20:13:01.723866Z"}}, "EventRecordID": 1701, "Correlation": null, "Execution": {"#attributes": {"ProcessID": 4, "ThreadID": 8}}, "Channel": "System", "Computer": "DC01.pirate.htb", "Security": {"#attributes": {"UserID": "S-1-5-18"}}}, "EventData": {"BootMenuPolicy": 0}}},
{"TimeGenerated": "2025-06-08T20:13:01.723867Z", "EventID": 27, "Computer": "DC01.pirate.htb", "RawEvent": {"#attributes": {"xmlns": "http://schemas.microsoft.com/win/2004/08/events/event"}, "System": {"Provider": {"#attributes": {"Name": "Microsoft-Windows-Kernel-Boot", "Guid": "15CA44FF-4D7A-4BAA-BBA5-0998955E531E"}}, "EventID": 27, "Version": 1, "Level": 4, "Task": 33, "Opcode": 0, "Keywords": "0x8000000000000000", "TimeCreated": {"#attributes": {"SystemTime": "2025-06-08T20:13:01.723867Z"}}, "EventRecordID": 1702, "Correlation": null, "Execution": {"#attributes": {"ProcessID": 4, "ThreadID": 8}}, "Channel": "System", "Computer": "DC01.pirate.htb", "Security": {"#attributes": {"UserID": "S-1-5-18"}}}, "EventData": {"BootType": 0, "LoadOptions": " NOEXECUTE=OPTOUT  HYPERVISORLAUNCHTYPE=AUTO"}}},
{"TimeGenerated": "2025-06-08T20:13:01.723880Z", "EventID": 18, "Computer": "DC01.pirate.htb", "RawEvent": {"#attributes": {"xmlns": "http://schemas.microsoft.com/win/2004/08/events/event"}, "System": {"Provider": {"#attributes": {"Name": "Microsoft-Windows-Kernel-Boot", "Guid": "15CA44FF-4D7A-4BAA-BBA5-0998955E531E"}}, "EventID": 18, "Version": 0, "Level": 4, "Task": 57, "Opcode": 0, "Keywords": "0x8000000000000000", "TimeCreated": {"#attributes": {"SystemTime": "2025-06-08T20:13:01.723880Z"}}, "EventRecordID": 1703, "Correlation": null, "Execution": {"#attributes": {"ProcessID": 4, "ThreadID": 8}}, "Channel": "System", "Computer": "DC01.pirate.htb", "Security": {"#attributes": {"UserID": "S-1-5-18"}}}, "EventData": {"EntryCount": 1}}},
{"TimeGenerated": "2025-06-08T20:13:01.723892Z", "EventID": 32, "Computer": "DC01.pirate.htb", "RawEvent": {"#attributes": {"xmlns": "http://schemas.microsoft.com/win/2004/08/events/event"}, "System": {"Provider": {"#attributes": {"Name": "Microsoft-Windows-Kernel-Boot", "Guid": "15CA44FF-4D7A-4BAA-BBA5-0998955E531E"}}, "EventID": 32, "Version": 0, "Level": 4, "Task": 58, "Opcode": 0, "Keywords": "0x8000000000000000", "TimeCreated": {"#attributes": {"SystemTime": "2025-06-08T20:13:01.723892Z"}}, "EventRecordID": 1704, "Correlation": null, "Execution": {"#attributes": {"ProcessID": 4, "ThreadID": 8}}, "Channel": "System", "Computer": "DC01.pirate.htb", "Security": {"#attributes": {"UserID": "S-1-5-18"}}}, "EventData": {"BitlockerUserInputTime": 0}}},
{"TimeGenerated": "2025-06-08T20:13:01.725446Z", "EventID": 1, "Computer": "DC01.pirate.htb", "RawEvent": {"#attributes": {"xmlns": "http://schemas.microsoft.com/win/2004/08/events/event"}, "System": {"Provider": {"#attributes": {"Name": "Microsoft-Windows-Hyper-V-Hypervisor", "Guid": "52FC89F8-995E-434C-A91E-199986449890"}}, "EventID": 1, "Version": 0, "Level": 4, "Task": 0, "Opcode": 0, "Keywords": "0x8000400000000000", "TimeCreated": {"#attributes": {"SystemTime": "2025-06-08T20:13:01.725446Z"}}, "EventRecordID": 1705, "Correlation": null, "Execution": {"#attributes": {"ProcessID": 4, "ThreadID": 8}}, "Channel": "System", "Computer": "DC01.pirate.htb", "Security": {"#attributes": {"UserID": "S-1-5-18"}}}, "EventData": null}},
{"TimeGenerated": "2025-06-08T20:13:01.725447Z", "EventID": 2, "Computer": "DC01.pirate.htb", "RawEvent": {"#attributes": {"xmlns": "http://schemas.microsoft.com/win/2004/08/events/event"}, "System": {"Provider": {"#attributes": {"Name": "Microsoft-Windows-Hyper-V-Hypervisor", "Guid": "52FC89F8-995E-434C-A91E-199986449890"}}, "EventID": 2, "Version": 0, "Level": 4, "Task": 0, "Opcode": 0, "Keywords": "0x8000400000000000", "TimeCreated": {"#attributes": {"SystemTime": "2025-06-08T20:13:01.725447Z"}}, "EventRecordID": 1706, "Correlation": null, "Execution": {"#attributes": {"ProcessID": 4, "ThreadID": 8}}, "Channel": "System", "Computer": "DC01.pirate.htb", "Security": {"#attributes": {"UserID": "S-1-5-18"}}}, "EventData": {"SchedulerType": "0x1"}}},
{"TimeGenerated": "2025-06-08T20:13:01.725454Z", "EventID": 129, "Computer": "DC01.pirate.htb", "RawEvent": {"#attributes": {"xmlns": "http://schemas.microsoft.com/win/2004/08/events/event"}, "System": {"Provider": {"#attributes": {"Name": "Microsoft-Windows-Hyper-V-Hypervisor", "Guid": "52FC89F8-995E-434C-A91E-199986449890"}}, "EventID": 129, "Version": 0, "Level": 4, "Task": 0, "Opcode": 0, "Keywords": "0x8000400000000000", "TimeCreated": {"#attributes": {"SystemTime": "2025-06-08T20:13:01.725454Z"}}, "EventRecordID": 1707, "Correlation": null, "Execution": {"#attributes": {"ProcessID": 4, "ThreadID": 8}}, "Channel": "System", "Computer": "DC01.pirate.htb", "Security": {"#attributes": {"UserID": "S-1-5-18"}}}, "EventData": {"HardwarePresent": false, "HardwareEnabled": false, "Policy": "0x0", "EnabledFeatures": "0x0", "InternalInfo": "0x0", "Problems": "0x0", "AdditionalInfo": "0x0"}}},
{"TimeGenerated": "2025-06-08T20:13:01.725458Z", "EventID": 156, "Computer": "DC01.pirate.htb", "RawEvent": {"#attributes": {"xmlns": "http://schemas.microsoft.com/win/2004/08/events/event"}, "System": {"Provider": {"#attributes": {"Name": "Microsoft-Windows-Hyper-V-Hypervisor", "Guid": "52FC89F8-995E-434C-A91E-199986449890"}}, "EventID": 156, "Version": 0, "Level": 4, "Task": 0, "Opcode": 0, "Keywords": "0x8000400000000000", "TimeCreated": {"#attributes": {"SystemTime": "2025-06-08T20:13:01.725458Z"}}, "EventRecordID": 1708, "Correlation": null, "Execution": {"#attributes": {"ProcessID": 4, "ThreadID": 8}}, "Channel": "System", "Computer": "DC01.pirate.htb", "Security": {"#attributes": {"UserID": "S-1-5-18"}}}, "EventData": {"NotAffectedRdclNo": false, "NotAffectedAtom": false, "CacheFlushSupported": false, "SmtEnabled": false, "ParentHypervisorFlushes": false, "DisabledLoadOption": false, "Enabled": true, "CacheFlushNeeded": false}}},
{"TimeGenerated": "2025-06-08T20:13:01.726106Z", "EventID": 3, "Computer": "DC01.pirate.htb", "RawEvent": {"#attributes": {"xmlns": "http://schemas.microsoft.com/win/2004/08/events/event"}, "System": {"Provider": {"#attributes": {"Name": "Microsoft-Windows-IsolatedUserMode", "Guid": "73A33AB2-1966-4999-8ADD-868C41415269"}}, "EventID": 3, "Version": 0, "Level": 4, "Task": 0, "Opcode": 0, "Keywords": "0x8000400000000000", "TimeCreated": {"#attributes": {"SystemTime": "2025-06-08T20:13:01.726106Z"}}, "EventRecordID": 1709, "Correlation": null, "Execution": {"#attributes": {"ProcessID": 4, "ThreadID": 8}}, "Channel": "System", "Computer": "DC01.pirate.htb", "Security": {"#attributes": {"UserID": "S-1-5-18"}}}, "EventData": {"Status": 0, "Flags": 0}}},
{"TimeGenerated": "2025-06-08T20:13:01.726343Z", "EventID": 20, "Computer": "DC01.pirate.htb", "RawEvent": {"#attributes": {"xmlns": "http://schemas.microsoft.com/win/2004/08/events/event"}, "System": {"Provider": {"#attributes": {"Name": "Microsoft-Windows-Kernel-General", "Guid": "A68CA8B7-004F-D7B6-A698-07E2DE0F1F5D"}}, "EventID": 20, "Version": 0, "Level": 4, "Task": 6, "Opcode": 0, "Keywords": "0x8000000000000010", "TimeCreated": {"#attributes": {"SystemTime": "2025-06-08T20:13:01.726343Z"}}, "EventRecordID": 1710, "Correlation": null, "Execution": {"#attributes": {"ProcessID": 4, "ThreadID": 8}}, "Channel": "System", "Computer": "DC01.pirate.htb", "Security": {"#attributes": {"UserID": "S-1-5-18"}}}, "EventData": {"UpdateReason": 0, "EnabledNew": true, "CountNew": 0, "CountOld": 0}}},
{"TimeGenerated": "2025-06-08T20:13:03.536791Z", "EventID": {"#attributes": {"Qualifiers": 16392}, "#text": 3}, "Computer": "DC01.pirate.htb", "RawEvent": {"#attributes": {"xmlns": "http://schemas.microsoft.com/win/2004/08/events/event"}, "System": {"Provider": {"#attributes": {"Name": "vmci"}}, "EventID": {"#attributes": {"Qualifiers": 16392}, "#text": 3}, "Level": 4, "Task": 0, "Keywords": "0x80000000000000", "TimeCreated": {"#attributes": {"SystemTime": "2025-06-08T20:13:03.536791Z"}}, "EventRecordID": 1711, "Channel": "System", "Computer": "DC01.pirate.htb", "Security": null}, "EventData": {"Data": {"#text": ["", "VMCI: Using capabilities (0x1c).\n"]}, "Binary": "00000000020028000000000003000840030008400000000000000000000000000000000000000000"}}},
{"TimeGenerated": "2025-06-08T20:13:05.562088Z", "EventID": 6, "Computer": "DC01.pirate.htb", "RawEvent": {"#attributes": {"xmlns": "http://schemas.microsoft.com/win/2004/08/events/event"}, "System": {"Provider": {"#attributes": {"Name": "Microsoft-Windows-FilterManager", "Guid": "F3C5E28E-63F6-49C7-A204-E48A1BC4B09D"}}, "EventID": 6, "Version": 0, "Level": 4, "Task": 0, "Opcode": 0, "Keywords": "0x8000000000000000", "TimeCreated": {"#attributes": {"SystemTime": "2025-06-08T20:13:05.562088Z"}}, "EventRecordID": 1712, "Correlation": null, "Execution": {"#attributes": {"ProcessID": 4, "ThreadID": 8}}, "Channel": "System", "Computer": "DC01.pirate.htb", "Security": {"#attributes": {"UserID": "S-1-5-18"}}}, "EventData": {"FinalStatus": "0x0", "DeviceVersionMajor": 10, "DeviceVersionMinor": 0, "DeviceNameLength": 3, "DeviceName": "Wof", "DeviceTime": "2036-08-31T09:15:55.000000Z"}}},
{"TimeGenerated": "2025-06-08T20:13:05.562498Z", "EventID": 6, "Computer": "DC01.pirate.htb", "RawEvent": {"#attributes": {"xmlns": "http://schemas.microsoft.com/win/2004/08/events/event"}, "System": {"Provider": {"#attributes": {"Name": "Microsoft-Windows-FilterManager", "Guid": "F3C5E28E-63F6-49C7-A204-E48A1BC4B09D"}}, "EventID": 6, "Version": 0, "Level": 4, "Task": 0, "Opcode": 0, "Keywords": "0x8000000000000000", "TimeCreated": {"#attributes": {"SystemTime": "2025-06-08T20:13:05.562498Z"}}, "EventRecordID": 1713, "Correlation": null, "Execution": {"#attributes": {"ProcessID": 4, "ThreadID": 8}}, "Channel": "System", "Computer": "DC01.pirate.htb", "Security": {"#attributes": {"UserID": "S-1-5-18"}}}, "EventData": {"FinalStatus": "0x0", "DeviceVersionMajor": 10, "DeviceVersionMinor": 0, "DeviceNameLength": 6, "DeviceName": "DfsrRo", "DeviceTime": "2087-05-27T08:05:55.000000Z"}}},
{"TimeGenerated": "2025-06-08T20:13:05.562957Z", "EventID": 6, "Computer": "DC01.pirate.htb", "RawEvent": {"#attributes": {"xmlns": "http://schemas.microsoft.com/win/2004/08/events/event"}, "System": {"Provider": {"#attributes": {"Name": "Microsoft-Windows-FilterManager", "Guid": "F3C5E28E-63F6-49C7-A204-E48A1BC4B09D"}}, "EventID": 6, "Version": 0, "Level": 4, "Task": 0, "Opcode": 0, "Keywords": "0x8000000000000000", "TimeCreated": {"#attributes": {"SystemTime": "2025-06-08T20:13:05.562957Z"}}, "EventRecordID": 1714, "Correlation": null, "Execution": {"#attributes": {"ProcessID": 4, "ThreadID": 8}}, "Channel": "System", "Computer": "DC01.pirate.htb", "Security": {"#attributes": {"UserID": "S-1-5-18"}}}, "EventData": {"FinalStatus": "0x0", "DeviceVersionMajor": 10, "DeviceVersionMinor": 0, "DeviceNameLength": 8, "DeviceName": "WdFilter", "DeviceTime": "2070-12-04T12:41:44.000000Z"}}},
