{"TimeGenerated": "2025-07-29T04:05:32.058259Z", "EventID": 769, "Computer": "DC01.pirate.htb", "RawEvent": {"#attributes": {"xmlns": "http://schemas.microsoft.com/win/2004/08/events/event"}, "System": {"Provider": {"#attributes": {"Name": "Microsoft-Windows-DNS-Server-Service", "Guid": "71A551F5-C893-4849-886B-B5EC8502641E"}}, "EventID": 769, "Version": 0, "Level": 4, "Task": 0, "Opcode": 0, "Keywords": "0x8000000000000010", "TimeCreated": {"#attributes": {"SystemTime": "2025-07-29T04:05:32.058259Z"}}, "EventRecordID": 119, "Correlation": null, "Execution": {"#attributes": {"ProcessID": 3004, "ThreadID": 2172}}, "Channel": "DNS Server", "Computer": "DC01.pirate.htb", "Security": {"#attributes": {"UserID": "S-1-5-18"}}}, "EventData": {"#attributes": {"Name": "DNS_EVENT_ZONE_LOAD_OK"}, "param1": "TrustAnchors", "param2": "NULL", "param3": "DC01.pirate.htb", "VirtualizationID": "."}}},
{"TimeGenerated": "2025-07-29T04:05:32.066965Z", "EventID": 7648, "Computer": "DC01.pirate.htb", "RawEvent": {"#attributes": {"xmlns": "http://schemas.microsoft.com/win/2004/08/events/event"}, "System": {"Provider": {"#attributes": {"Name": "Microsoft-Windows-DNS-Server-Service", "Guid": "71A551F5-C893-4849-886B-B5EC8502641E"}}, "EventID": 7648, "Version": 0, "Level": 4, "Task": 0, "Opcode": 0, "Keywords": "0x8000000000000080", "TimeCreated": {"#attributes": {"SystemTime": "2025-07-29T04:05:32.066965Z"}}, "EventRecordID": 120, "Correlation": null, "Execution": {"#attributes": {"ProcessID": 3004, "ThreadID": 2172}}, "Channel": "DNS Server", "Computer": "DC01.pirate.htb", "Security": {"#attributes": {"UserID": "S-1-5-18"}}}, "EventData": {"#attributes": {"Name": "DNS_EVENT_DNSSEC_KEYMASTER_CHANGE_DETECTED"}, "param1": "pirate.htb", "param2": "DC01.pirate.htb", "Binary": null}}},
{"TimeGenerated": "2025-07-29T04:05:32.187358Z", "EventID": 2, "Computer": "DC01.pirate.htb", "RawEvent": {"#attributes": {"xmlns": "http://schemas.microsoft.com/win/2004/08/events/event"}, "System": {"Provider": {"#attributes": {"Name": "Microsoft-Windows-DNS-Server-Service", "Guid": "71A551F5-C893-4849-886B-B5EC8502641E"}}, "EventID": 2, "Version": 0, "Level": 4, "Task": 0, "Opcode": 0, "Keywords": "0x8000000000001000", "TimeCreated": {"#attributes": {"SystemTime": "2025-07-29T04:05:32.187358Z"}}, "EventRecordID": 121, "Correlation": null, "Execution": {"#attributes": {"ProcessID": 3004, "ThreadID": 2172}}, "Channel": "DNS Server", "Computer": "DC01.pirate.htb", "Security": {"#attributes": {"UserID": "S-1-5-18"}}}, "EventData": {"#attributes": {"Name": "DNS_EVENT_STARTUP_OK"}}}},
{"TimeGenerated": "2025-07-29T04:05:32.587745Z", "EventID": 4, "Computer": "DC01.pirate.htb", "RawEvent": {"#attributes": {"xmlns": "http://schemas.microsoft.com/win/2004/08/events/event"}, "System": {"Provider": {"#attributes": {"Name": "Microsoft-Windows-DNS-Server-Service", "Guid": "71A551F5-C893-4849-886B-B5EC8502641E"}}, "EventID": 4, "Version": 0, "Level": 4, "Task": 0, "Opcode": 0, "Keywords": "0x8000000000000010", "TimeCreated": {"#attributes": {"SystemTime": "2025-07-29T04:05:32.587745Z"}}, "EventRecordID": 122, "Correlation": null, "Execution": {"#attributes": {"ProcessID": 3004, "ThreadID": 4780}}, "Channel": "DNS Server", "Computer": "DC01.pirate.htb", "Security": {"#attributes": {"UserID": "S-1-5-18"}}}, "EventData": {"#attributes": {"Name": "DNS_EVENT_ZONE_LOAD_COMPLETE"}}}},
{"TimeGenerated": "2025-07-29T04:08:27.743156Z", "EventID": 407, "Computer": "DC01.pirate.htb", "RawEvent": {"#attributes": {"xmlns": "http://schemas.microsoft.com/win/2004/08/events/event"}, "System": {"Provider": {"#attributes": {"Name": "Microsoft-Windows-DNS-Server-Service", "Guid": "71A551F5-C893-4849-886B-B5EC8502641E"}}, "EventID": 407, "Version": 0, "Level": 2, "Task": 0, "Opcode": 0, "Keywords": "0x8000000000100000", "TimeCreated": {"#attributes": {"SystemTime": "2025-07-29T04:08:27.743156Z"}}, "EventRecordID": 123, "Correlation": null, "Execution": {"#attributes": {"ProcessID": 3004, "ThreadID": 6964}}, "Channel": "DNS Server", "Computer": "DC01.pirate.htb", "Security": {"#attributes": {"UserID": "S-1-5-18"}}}, "EventData": {"#attributes": {"Name": "DNS_EVENT_CANNOT_BIND_UDP_SOCKET"}, "param1": "10.10.11.85", "Binary": "41270000"}}},
{"TimeGenerated": "2025-07-29T04:08:27.743159Z", "EventID": 408, "Computer": "DC01.pirate.htb", "RawEvent": {"#attributes": {"xmlns": "http://schemas.microsoft.com/win/2004/08/events/event"}, "System": {"Provider": {"#attributes": {"Name": "Microsoft-Windows-DNS-Server-Service", "Guid": "71A551F5-C893-4849-886B-B5EC8502641E"}}, "EventID": 408, "Version": 0, "Level": 2, "Task": 0, "Opcode": 0, "Keywords": "0x8000000000100000", "TimeCreated": {"#attributes": {"SystemTime": "2025-07-29T04:08:27.743159Z"}}, "EventRecordID": 124, "Correlation": null, "Execution": {"#attributes": {"ProcessID": 3004, "ThreadID": 6964}}, "Channel": "DNS Server", "Computer": "DC01.pirate.htb", "Security": {"#attributes": {"UserID": "S-1-5-18"}}}, "EventData": {"#attributes": {"Name": "DNS_EVENT_OPEN_SOCKET_FOR_ADDRESS"}, "param1": "10.10.11.85", "Binary": null}}},
{"TimeGenerated": "2025-07-29T04:08:27.743418Z", "EventID": 404, "Computer": "DC01.pirate.htb", "RawEvent": {"#attributes": {"xmlns": "http://schemas.microsoft.com/win/2004/08/events/event"}, "System": {"Provider": {"#attributes": {"Name": "Microsoft-Windows-DNS-Server-Service", "Guid": "71A551F5-C893-4849-886B-B5EC8502641E"}}, "EventID": 404, "Version": 0, "Level": 2, "Task": 0, "Opcode": 0, "Keywords": "0x8000000000100000", "TimeCreated": {"#attributes": {"SystemTime": "2025-07-29T04:08:27.743418Z"}}, "EventRecordID": 125, "Correlation": null, "Execution": {"#attributes": {"ProcessID": 3004, "ThreadID": 6964}}, "Channel": "DNS Server", "Computer": "DC01.pirate.htb", "Security": {"#attributes": {"UserID": "S-1-5-18"}}}, "EventData": {"#attributes": {"Name": "DNS_EVENT_CANNOT_BIND_TCP_SOCKET"}, "param1": "10.10.11.85", "Binary": "41270000"}}},
{"TimeGenerated": "2025-07-29T04:08:27.743419Z", "EventID": 408, "Computer": "DC01.pirate.htb", "RawEvent": {"#attributes": {"xmlns": "http://schemas.microsoft.com/win/2004/08/events/event"}, "System": {"Provider": {"#attributes": {"Name": "Microsoft-Windows-DNS-Server-Service", "Guid": "71A551F5-C893-4849-886B-B5EC8502641E"}}, "EventID": 408, "Version": 0, "Level": 2, "Task": 0, "Opcode": 0, "Keywords": "0x8000000000100000", "TimeCreated": {"#attributes": {"SystemTime": "2025-07-29T04:08:27.743419Z"}}, "EventRecordID": 126, "Correlation": null, "Execution": {"#attributes": {"ProcessID": 3004, "ThreadID": 6964}}, "Channel": "DNS Server", "Computer": "DC01.pirate.htb", "Security": {"#attributes": {"UserID": "S-1-5-18"}}}, "EventData": {"#attributes": {"Name": "DNS_EVENT_OPEN_SOCKET_FOR_ADDRESS"}, "param1": "10.10.11.85", "Binary": null}}},
{"TimeGenerated": "2025-07-29T04:08:28.025155Z", "EventID": 407, "Computer": "DC01.pirate.htb", "RawEvent": {"#attributes": {"xmlns": "http://schemas.microsoft.com/win/2004/08/events/event"}, "System": {"Provider": {"#attributes": {"Name": "Microsoft-Windows-DNS-Server-Service", "Guid": "71A551F5-C893-4849-886B-B5EC8502641E"}}, "EventID": 407, "Version": 0, "Level": 2, "Task": 0, "Opcode": 0, "Keywords": "0x8000000000100000", "TimeCreated": {"#attributes": {"SystemTime": "2025-07-29T04:08:28.025155Z"}}, "EventRecordID": 127, "Correlation": null, "Execution": {"#attributes": {"ProcessID": 3004, "ThreadID": 6964}}, "Channel": "DNS Server", "Computer": "DC01.pirate.htb", "Security": {"#attributes": {"UserID": "S-1-5-18"}}}, "EventData": {"#attributes": {"Name": "DNS_EVENT_CANNOT_BIND_UDP_SOCKET"}, "param1": "10.10.11.85", "Binary": "41270000"}}},
{"TimeGenerated": "2025-07-29T04:08:28.025158Z", "EventID": 408, "Computer": "DC01.pirate.htb", "RawEvent": {"#attributes": {"xmlns": "http://schemas.microsoft.com/win/2004/08/events/event"}, "System": {"Provider": {"#attributes": {"Name": "Microsoft-Windows-DNS-Server-Service", "Guid": "71A551F5-C893-4849-886B-B5EC8502641E"}}, "EventID": 408, "Version": 0, "Level": 2, "Task": 0, "Opcode": 0, "Keywords": "0x8000000000100000", "TimeCreated": {"#attributes": {"SystemTime": "2025-07-29T04:08:28.025158Z"}}, "EventRecordID": 128, "Correlation": null, "Execution": {"#attributes": {"ProcessID": 3004, "ThreadID": 6964}}, "Channel": "DNS Server", "Computer": "DC01.pirate.htb", "Security": {"#attributes": {"UserID": "S-1-5-18"}}}, "EventData": {"#attributes": {"Name": "DNS_EVENT_OPEN_SOCKET_FOR_ADDRESS"}, "param1": "10.10.11.85", "Binary": null}}},
{"TimeGenerated": "2025-07-29T04:08:28.025548Z", "EventID": 404, "Computer": "DC01.pirate.htb", "RawEvent": {"#attributes": {"xmlns": "http://schemas.microsoft.com/win/2004/08/events/event"}, "System": {"Provider": {"#attributes": {"Name": "Microsoft-Windows-DNS-Server-Service", "Guid": "71A551F5-C893-4849-886B-B5EC8502641E"}}, "EventID": 404, "Version": 0, "Level": 2, "Task": 0, "Opcode": 0, "Keywords": "0x8000000000100000", "TimeCreated": {"#attributes": {"SystemTime": "2025-07-29T04:08:28.025548Z"}}, "EventRecordID": 129, "Correlation": null, "Execution": {"#attributes": {"ProcessID": 3004, "ThreadID": 6964}}, "Channel": "DNS Server", "Computer": "DC01.pirate.htb", "Security": {"#attributes": {"UserID": "S-1-5-18"}}}, "EventData": {"#attributes": {"Name": "DNS_EVENT_CANNOT_BIND_TCP_SOCKET"}, "param1": "10.10.11.85", "Binary": "41270000"}}},
{"TimeGenerated": "2025-07-29T04:08:28.025550Z", "EventID": 408, "Computer": "DC01.pirate.htb", "RawEvent": {"#attributes": {"xmlns": "http://schemas.microsoft.com/win/2004/08/events/event"}, "System": {"Provider": {"#attributes": {"Name": "Microsoft-Windows-DNS-Server-Service", "Guid": "71A551F5-C893-4849-886B-B5EC8502641E"}}, "EventID": 408, "Version": 0, "Level": 2, "Task": 0, "Opcode": 0, "Keywords": "0x8000000000100000", "TimeCreated": {"#attributes": {"SystemTime": "2025-07-29T04:08:28.025550Z"}}, "EventRecordID": 130, "Correlation": null, "Execution": {"#attributes": {"ProcessID": 3004, "ThreadID": 6964}}, "Channel": "DNS Server", "Computer": "DC01.pirate.htb", "Security": {"#attributes": {"UserID": "S-1-5-18"}}}, "EventData": {"#attributes": {"Name": "DNS_EVENT_OPEN_SOCKET_FOR_ADDRESS"}, "param1": "10.10.11.85", "Binary": null}}},
{"TimeGenerated": "2025-07-29T04:08:29.030376Z", "EventID": 407, "Computer": "DC01.pirate.htb", "RawEvent": {"#attributes": {"xmlns": "http://schemas.microsoft.com/win/2004/08/events/event"}, "System": {"Provider": {"#attributes": {"Name": "Microsoft-Windows-DNS-Server-Service", "Guid": "71A551F5-C893-4849-886B-B5EC8502641E"}}, "EventID": 407, "Version": 0, "Level": 2, "Task": 0, "Opcode": 0, "Keywords": "0x8000000000100000", "TimeCreated": {"#attributes": {"SystemTime": "2025-07-29T04:08:29.030376Z"}}, "EventRecordID": 131, "Correlation": null, "Execution": {"#attributes": {"ProcessID": 3004, "ThreadID": 6964}}, "Channel": "DNS Server", "Computer": "DC01.pirate.htb", "Security": {"#attributes": {"UserID": "S-1-5-18"}}}, "EventData": {"#attributes": {"Name": "DNS_EVENT_CANNOT_BIND_UDP_SOCKET"}, "param1": "10.10.11.85", "Binary": "41270000"}}},
{"TimeGenerated": "2025-07-29T04:08:29.030379Z", "EventID": 408, "Computer": "DC01.pirate.htb", "RawEvent": {"#attributes": {"xmlns": "http://schemas.microsoft.com/win/2004/08/events/event"}, "System": {"Provider": {"#attributes": {"Name": "Microsoft-Windows-DNS-Server-Service", "Guid": "71A551F5-C893-4849-886B-B5EC8502641E"}}, "EventID": 408, "Version": 0, "Level": 2, "Task": 0, "Opcode": 0, "Keywords": "0x8000000000100000", "TimeCreated": {"#attributes": {"SystemTime": "2025-07-29T04:08:29.030379Z"}}, "EventRecordID": 132, "Correlation": null, "Execution": {"#attributes": {"ProcessID": 3004, "ThreadID": 6964}}, "Channel": "DNS Server", "Computer": "DC01.pirate.htb", "Security": {"#attributes": {"UserID": "S-1-5-18"}}}, "EventData": {"#attributes": {"Name": "DNS_EVENT_OPEN_SOCKET_FOR_ADDRESS"}, "param1": "10.10.11.85", "Binary": null}}},
{"TimeGenerated": "2025-07-29T04:08:29.030641Z", "EventID": 404, "Computer": "DC01.pirate.htb", "RawEvent": {"#attributes": {"xmlns": "http://schemas.microsoft.com/win/2004/08/events/event"}, "System": {"Provider": {"#attributes": {"Name": "Microsoft-Windows-DNS-Server-Service", "Guid": "71A551F5-C893-4849-886B-B5EC8502641E"}}, "EventID": 404, "Version": 0, "Level": 2, "Task": 0, "Opcode": 0, "Keywords": "0x8000000000100000", "TimeCreated": {"#attributes": {"SystemTime": "2025-07-29T04:08:29.030641Z"}}, "EventRecordID": 133, "Correlation": null, "Execution": {"#attributes": {"ProcessID": 3004, "ThreadID": 6964}}, "Channel": "DNS Server", "Computer": "DC01.pirate.htb", "Security": {"#attributes": {"UserID": "S-1-5-18"}}}, "EventData": {"#attributes": {"Name": "DNS_EVENT_CANNOT_BIND_TCP_SOCKET"}, "param1": "10.10.11.85", "Binary": "41270000"}}},
{"TimeGenerated": "2025-07-29T04:08:29.030643Z", "EventID": 408, "Computer": "DC01.pirate.htb", "RawEvent": {"#attributes": {"xmlns": "http://schemas.microsoft.com/win/2004/08/events/event"}, "System": {"Provider": {"#attributes": {"Name": "Microsoft-Windows-DNS-Server-Service", "Guid": "71A551F5-C893-4849-886B-B5EC8502641E"}}, "EventID": 408, "Version": 0, "Level": 2, "Task": 0, "Opcode": 0, "Keywords": "0x8000000000100000", "TimeCreated": {"#attributes": {"SystemTime": "2025-07-29T04:08:29.030643Z"}}, "EventRecordID": 134, "Correlation": null, "Execution": {"#attributes": {"ProcessID": 3004, "ThreadID": 6964}}, "Channel": "DNS Server", "Computer": "DC01.pirate.htb", "Security": {"#attributes": {"UserID": "S-1-5-18"}}}, "EventData": {"#attributes": {"Name": "DNS_EVENT_OPEN_SOCKET_FOR_ADDRESS"}, "param1": "10.10.11.85", "Binary": null}}},
{"TimeGenerated": "2025-07-29T04:08:29.507313Z", "EventID": 407, "Computer": "DC01.pirate.htb", "RawEvent": {"#attributes": {"xmlns": "http://schemas.microsoft.com/win/2004/08/events/event"}, "System": {"Provider": {"#attributes": {"Name": "Microsoft-Windows-DNS-Server-Service", "Guid": "71A551F5-C893-4849-886B-B5EC8502641E"}}, "EventID": 407, "Version": 0, "Level": 2, "Task": 0, "Opcode": 0, "Keywords": "0x8000000000100000", "TimeCreated": {"#attributes": {"SystemTime": "2025-07-29T04:08:29.507313Z"}}, "EventRecordID": 135, "Correlation": null, "Execution": {"#attributes": {"ProcessID": 3004, "ThreadID": 6964}}, "Channel": "DNS Server", "Computer": "DC01.pirate.htb", "Security": {"#attributes": {"UserID": "S-1-5-18"}}}, "EventData": {"#attributes": {"Name": "DNS_EVENT_CANNOT_BIND_UDP_SOCKET"}, "param1": "10.10.11.85", "Binary": "41270000"}}},
{"TimeGenerated": "2025-07-29T04:08:29.507317Z", "EventID": 408, "Computer": "DC01.pirate.htb", "RawEvent": {"#attributes": {"xmlns": "http://schemas.microsoft.com/win/2004/08/events/event"}, "System": {"Provider": {"#attributes": {"Name": "Microsoft-Windows-DNS-Server-Service", "Guid": "71A551F5-C893-4849-886B-B5EC8502641E"}}, "EventID": 408, "Version": 0, "Level": 2, "Task": 0, "Opcode": 0, "Keywords": "0x8000000000100000", "TimeCreated": {"#attributes": {"SystemTime": "2025-07-29T04:08:29.507317Z"}}, "EventRecordID": 136, "Correlation": null, "Execution": {"#attributes": {"ProcessID": 3004, "ThreadID": 6964}}, "Channel": "DNS Server", "Computer": "DC01.pirate.htb", "Security": {"#attributes": {"UserID": "S-1-5-18"}}}, "EventData": {"#attributes": {"Name": "DNS_EVENT_OPEN_SOCKET_FOR_ADDRESS"}, "param1": "10.10.11.85", "Binary": null}}},
{"TimeGenerated": "2025-07-29T04:08:29.507694Z", "EventID": 404, "Computer": "DC01.pirate.htb", "RawEvent": {"#attributes": {"xmlns": "http://schemas.microsoft.com/win/2004/08/events/event"}, "System": {"Provider": {"#attributes": {"Name": "Microsoft-Windows-DNS-Server-Service", "Guid": "71A551F5-C893-4849-886B-B5EC8502641E"}}, "EventID": 404, "Version": 0, "Level": 2, "Task": 0, "Opcode": 0, "Keywords": "0x8000000000100000", "TimeCreated": {"#attributes": {"SystemTime": "2025-07-29T04:08:29.507694Z"}}, "EventRecordID": 137, "Correlation": null, "Execution": {"#attributes": {"ProcessID": 3004, "ThreadID": 6964}}, "Channel": "DNS Server", "Computer": "DC01.pirate.htb", "Security": {"#attributes": {"UserID": "S-1-5-18"}}}, "EventData": {"#attributes": {"Name": "DNS_EVENT_CANNOT_BIND_TCP_SOCKET"}, "param1": "10.10.11.85", "Binary": "41270000"}}},
{"TimeGenerated": "2025-07-29T04:08:29.507696Z", "EventID": 408, "Computer": "DC01.pirate.htb", "RawEvent": {"#attributes": {"xmlns": "http://schemas.microsoft.com/win/2004/08/events/event"}, "System": {"Provider": {"#attributes": {"Name": "Microsoft-Windows-DNS-Server-Service", "Guid": "71A551F5-C893-4849-886B-B5EC8502641E"}}, "EventID": 408, "Version": 0, "Level": 2, "Task": 0, "Opcode": 0, "Keywords": "0x8000000000100000", "TimeCreated": {"#attributes": {"SystemTime": "2025-07-29T04:08:29.507696Z"}}, "EventRecordID": 138, "Correlation": null, "Execution": {"#attributes": {"ProcessID": 3004, "ThreadID": 6964}}, "Channel": "DNS Server", "Computer": "DC01.pirate.htb", "Security": {"#attributes": {"UserID": "S-1-5-18"}}}, "EventData": {"#attributes": {"Name": "DNS_EVENT_OPEN_SOCKET_FOR_ADDRESS"}, "param1": "10.10.11.85", "Binary": null}}},
{"TimeGenerated": "2025-07-29T04:09:37.053431Z", "EventID": 3, "Computer": "DC01.pirate.htb", "RawEvent": {"#attributes": {"xmlns": "http://schemas.microsoft.com/win/2004/08/events/event"}, "System": {"Provider": {"#attributes": {"Name": "Microsoft-Windows-DNS-Server-Service", "Guid": "71A551F5-C893-4849-886B-B5EC8502641E"}}, "EventID": 3, "Version": 0, "Level": 4, "Task": 0, "Opcode": 0, "Keywords": "0x8000000000001000", "TimeCreated": {"#attributes": {"SystemTime": "2025-07-29T04:09:37.053431Z"}}, "EventRecordID": 139, "Correlation": null, "Execution": {"#attributes": {"ProcessID": 3004, "ThreadID": 2172}}, "Channel": "DNS Server", "Computer": "DC01.pirate.htb", "Security": {"#attributes": {"UserID": "S-1-5-18"}}}, "EventData": {"#attributes": {"Name": "DNS_EVENT_SHUTDOWN"}}}},
{"TimeGenerated": "2026-01-08T21:12:40.778051Z", "EventID": 7693, "Computer": "DC01.pirate.htb", "RawEvent": {"#attributes": {"xmlns": "http://schemas.microsoft.com/win/2004/08/events/event"}, "System": {"Provider": {"#attributes": {"Name": "Microsoft-Windows-DNS-Server-Service", "Guid": "71A551F5-C893-4849-886B-B5EC8502641E"}}, "EventID": 7693, "Version": 0, "Level": 4, "Task": 0, "Opcode": 0, "Keywords": "0x8000000000001000", "TimeCreated": {"#attributes": {"SystemTime": "2026-01-08T21:12:40.778051Z"}}, "EventRecordID": 140, "Correlation": null, "Execution": {"#attributes": {"ProcessID": 3000, "ThreadID": 1960}}, "Channel": "DNS Server", "Computer": "DC01.pirate.htb", "Security": {"#attributes": {"UserID": "S-1-5-18"}}}, "EventData": {"#attributes": {"Name": "DNS_EVENT_SCOPE_EDNS_OPCODE_SET"}, "param1": 65433, "Binary": null}}},
{"TimeGenerated": "2026-01-08T21:12:46.502582Z", "EventID": 4013, "Computer": "DC01.pirate.htb", "RawEvent": {"#attributes": {"xmlns": "http://schemas.microsoft.com/win/2004/08/events/event"}, "System": {"Provider": {"#attributes": {"Name": "Microsoft-Windows-DNS-Server-Service", "Guid": "71A551F5-C893-4849-886B-B5EC8502641E"}}, "EventID": 4013, "Version": 0, "Level": 3, "Task": 0, "Opcode": 0, "Keywords": "0x8000000000020000", "TimeCreated": {"#attributes": {"SystemTime": "2026-01-08T21:12:46.502582Z"}}, "EventRecordID": 141, "Correlation": null, "Execution": {"#attributes": {"ProcessID": 3000, "ThreadID": 1960}}, "Channel": "DNS Server", "Computer": "DC01.pirate.htb", "Security": {"#attributes": {"UserID": "S-1-5-18"}}}, "EventData": {"#attributes": {"Name": "DNS_EVENT_DS_OPEN_WAIT"}}}},
{"TimeGenerated": "2026-01-08T21:13:01.060875Z", "EventID": 769, "Computer": "DC01.pirate.htb", "RawEvent": {"#attributes": {"xmlns": "http://schemas.microsoft.com/win/2004/08/events/event"}, "System": {"Provider": {"#attributes": {"Name": "Microsoft-Windows-DNS-Server-Service", "Guid": "71A551F5-C893-4849-886B-B5EC8502641E"}}, "EventID": 769, "Version": 0, "Level": 4, "Task": 0, "Opcode": 0, "Keywords": "0x8000000000000010", "TimeCreated": {"#attributes": {"SystemTime": "2026-01-08T21:13:01.060875Z"}}, "EventRecordID": 142, "Correlation": null, "Execution": {"#attributes": {"ProcessID": 3000, "ThreadID": 1960}}, "Channel": "DNS Server", "Computer": "DC01.pirate.htb", "Security": {"#attributes": {"UserID": "S-1-5-18"}}}, "EventData": {"#attributes": {"Name": "DNS_EVENT_ZONE_LOAD_OK"}, "param1": "_msdcs.pirate.htb", "param2": "NULL", "param3": "DC01.pirate.htb", "VirtualizationID": "."}}},
{"TimeGenerated": "2026-01-08T21:13:01.075270Z", "EventID": 769, "Computer": "DC01.pirate.htb", "RawEvent": {"#attributes": {"xmlns": "http://schemas.microsoft.com/win/2004/08/events/event"}, "System": {"Provider": {"#attributes": {"Name": "Microsoft-Windows-DNS-Server-Service", "Guid": "71A551F5-C893-4849-886B-B5EC8502641E"}}, "EventID": 769, "Version": 0, "Level": 4, "Task": 0, "Opcode": 0, "Keywords": "0x8000000000000010", "TimeCreated": {"#attributes": {"SystemTime": "2026-01-08T21:13:01.075270Z"}}, "EventRecordID": 143, "Correlation": null, "Execution": {"#attributes": {"ProcessID": 3000, "ThreadID": 1960}}, "Channel": "DNS Server", "Computer": "DC01.pirate.htb", "Security": {"#attributes": {"UserID": "S-1-5-18"}}}, "EventData": {"#attributes": {"Name": "DNS_EVENT_ZONE_LOAD_OK"}, "param1": "pirate.htb", "param2": "NULL", "param3": "DC01.pirate.htb", "VirtualizationID": "."}}},
{"TimeGenerated": "2026-01-08T21:13:01.077405Z", "EventID": 769, "Computer": "DC01.pirate.htb", "RawEvent": {"#attributes": {"xmlns": "http://schemas.microsoft.com/win/2004/08/events/event"}, "System": {"Provider": {"#attributes": {"Name": "Microsoft-Windows-DNS-Server-Service", "Guid": "71A551F5-C893-4849-886B-B5EC8502641E"}}, "EventID": 769, "Version": 0, "Level": 4, "Task": 0, "Opcode": 0, "Keywords": "0x8000000000000010", "TimeCreated": {"#attributes": {"SystemTime": "2026-01-08T21:13:01.077405Z"}}, "EventRecordID": 144, "Correlation": null, "Execution": {"#attributes": {"ProcessID": 3000, "ThreadID": 1960}}, "Channel": "DNS Server", "Computer": "DC01.pirate.htb", "Security": {"#attributes": {"UserID": "S-1-5-18"}}}, "EventData": {"#attributes": {"Name": "DNS_EVENT_ZONE_LOAD_OK"}, "param1": "TrustAnchors", "param2": "NULL", "param3": "DC01.pirate.htb", "VirtualizationID": "."}}},
{"TimeGenerated": "2026-01-08T21:13:01.087774Z", "EventID": 7648, "Computer": "DC01.pirate.htb", "RawEvent": {"#attributes": {"xmlns": "http://schemas.microsoft.com/win/2004/08/events/event"}, "System": {"Provider": {"#attributes": {"Name": "Microsoft-Windows-DNS-Server-Service", "Guid": "71A551F5-C893-4849-886B-B5EC8502641E"}}, "EventID": 7648, "Version": 0, "Level": 4, "Task": 0, "Opcode": 0, "Keywords": "0x8000000000000080", "TimeCreated": {"#attributes": {"SystemTime": "2026-01-08T21:13:01.087774Z"}}, "EventRecordID": 145, "Correlation": null, "Execution": {"#attributes": {"ProcessID": 3000, "ThreadID": 1960}}, "Channel": "DNS Server", "Computer": "DC01.pirate.htb", "Security": {"#attributes": {"UserID": "S-1-5-18"}}}, "EventData": {"#attributes": {"Name": "DNS_EVENT_DNSSEC_KEYMASTER_CHANGE_DETECTED"}, "param1": "pirate.htb", "param2": "DC01.pirate.htb", "Binary": null}}},
{"TimeGenerated": "2026-01-08T21:13:01.290867Z", "EventID": 2, "Computer": "DC01.pirate.htb", "RawEvent": {"#attributes": {"xmlns": "http://schemas.microsoft.com/win/2004/08/events/event"}, "System": {"Provider": {"#attributes": {"Name": "Microsoft-Windows-DNS-Server-Service", "Guid": "71A551F5-C893-4849-886B-B5EC8502641E"}}, "EventID": 2, "Version": 0, "Level": 4, "Task": 0, "Opcode": 0, "Keywords": "0x8000000000001000", "TimeCreated": {"#attributes": {"SystemTime": "2026-01-08T21:13:01.290867Z"}}, "EventRecordID": 146, "Correlation": null, "Execution": {"#attributes": {"ProcessID": 3000, "ThreadID": 1960}}, "Channel": "DNS Server", "Computer": "DC01.pirate.htb", "Security": {"#attributes": {"UserID": "S-1-5-18"}}}, "EventData": {"#attributes": {"Name": "DNS_EVENT_STARTUP_OK"}}}},
{"TimeGenerated": "2026-01-08T21:13:01.614884Z", "EventID": 4, "Computer": "DC01.pirate.htb", "RawEvent": {"#attributes": {"xmlns": "http://schemas.microsoft.com/win/2004/08/events/event"}, "System": {"Provider": {"#attributes": {"Name": "Microsoft-Windows-DNS-Server-Service", "Guid": "71A551F5-C893-4849-886B-B5EC8502641E"}}, "EventID": 4, "Version": 0, "Level": 4, "Task": 0, "Opcode": 0, "Keywords": "0x8000000000000010", "TimeCreated": {"#attributes": {"SystemTime": "2026-01-08T21:13:01.614884Z"}}, "EventRecordID": 147, "Correlation": null, "Execution": {"#attributes": {"ProcessID": 3000, "ThreadID": 4960}}, "Channel": "DNS Server", "Computer": "DC01.pirate.htb", "Security": {"#attributes": {"UserID": "S-1-5-18"}}}, "EventData": {"#attributes": {"Name": "DNS_EVENT_ZONE_LOAD_COMPLETE"}}}},
{"TimeGenerated": "2026-01-08T21:18:41.393145Z", "EventID": 3, "Computer": "DC01.pirate.htb", "RawEvent": {"#attributes": {"xmlns": "http://schemas.microsoft.com/win/2004/08/events/event"}, "System": {"Provider": {"#attributes": {"Name": "Microsoft-Windows-DNS-Server-Service", "Guid": "71A551F5-C893-4849-886B-B5EC8502641E"}}, "EventID": 3, "Version": 0, "Level": 4, "Task": 0, "Opcode": 0, "Keywords": "0x8000000000001000", "TimeCreated": {"#attributes": {"SystemTime": "2026-01-08T21:18:41.393145Z"}}, "EventRecordID": 148, "Correlation": null, "Execution": {"#attributes": {"ProcessID": 3000, "ThreadID": 1960}}, "Channel": "DNS Server", "Computer": "DC01.pirate.htb", "Security": {"#attributes": {"UserID": "S-1-5-18"}}}, "EventData": {"#attributes": {"Name": "DNS_EVENT_SHUTDOWN"}}}},
{"TimeGenerated": "2026-01-16T00:35:10.505414Z", "EventID": 7693, "Computer": "DC01.pirate.htb", "RawEvent": {"#attributes": {"xmlns": "http://schemas.microsoft.com/win/2004/08/events/event"}, "System": {"Provider": {"#attributes": {"Name": "Microsoft-Windows-DNS-Server-Service", "Guid": "71A551F5-C893-4849-886B-B5EC8502641E"}}, "EventID": 7693, "Version": 0, "Level": 4, "Task": 0, "Opcode": 0, "Keywords": "0x8000000000001000", "TimeCreated": {"#attributes": {"SystemTime": "2026-01-16T00:35:10.505414Z"}}, "EventRecordID": 149, "Correlation": null, "Execution": {"#attributes": {"ProcessID": 2168, "ThreadID": 2980}}, "Channel": "DNS Server", "Computer": "DC01.pirate.htb", "Security": {"#attributes": {"UserID": "S-1-5-18"}}}, "EventData": {"#attributes": {"Name": "DNS_EVENT_SCOPE_EDNS_OPCODE_SET"}, "param1": 65433, "Binary": null}}},
{"TimeGenerated": "2026-01-16T00:35:15.967523Z", "EventID": 4013, "Computer": "DC01.pirate.htb", "RawEvent": {"#attributes": {"xmlns": "http://schemas.microsoft.com/win/2004/08/events/event"}, "System": {"Provider": {"#attributes": {"Name": "Microsoft-Windows-DNS-Server-Service", "Guid": "71A551F5-C893-4849-886B-B5EC8502641E"}}, "EventID": 4013, "Version": 0, "Level": 3, "Task": 0, "Opcode": 0, "Keywords": "0x8000000000020000", "TimeCreated": {"#attributes": {"SystemTime": "2026-01-16T00:35:15.967523Z"}}, "EventRecordID": 150, "Correlation": null, "Execution": {"#attributes": {"ProcessID": 2168, "ThreadID": 2980}}, "Channel": "DNS Server", "Computer": "DC01.pirate.htb", "Security": {"#attributes": {"UserID": "S-1-5-18"}}}, "EventData": {"#attributes": {"Name": "DNS_EVENT_DS_OPEN_WAIT"}}}},
{"TimeGenerated": "2026-01-16T00:35:29.425016Z", "EventID": 769, "Computer": "DC01.pirate.htb", "RawEvent": {"#attributes": {"xmlns": "http://schemas.microsoft.com/win/2004/08/events/event"}, "System": {"Provider": {"#attributes": {"Name": "Microsoft-Windows-DNS-Server-Service", "Guid": "71A551F5-C893-4849-886B-B5EC8502641E"}}, "EventID": 769, "Version": 0, "Level": 4, "Task": 0, "Opcode": 0, "Keywords": "0x8000000000000010", "TimeCreated": {"#attributes": {"SystemTime": "2026-01-16T00:35:29.425016Z"}}, "EventRecordID": 151, "Correlation": null, "Execution": {"#attributes": {"ProcessID": 2168, "ThreadID": 2980}}, "Channel": "DNS Server", "Computer": "DC01.pirate.htb", "Security": {"#attributes": {"UserID": "S-1-5-18"}}}, "EventData": {"#attributes": {"Name": "DNS_EVENT_ZONE_LOAD_OK"}, "param1": "_msdcs.pirate.htb", "param2": "NULL", "param3": "DC01.pirate.htb", "VirtualizationID": "."}}},
{"TimeGenerated": "2026-01-16T00:35:29.437281Z", "EventID": 769, "Computer": "DC01.pirate.htb", "RawEvent": {"#attributes": {"xmlns": "http://schemas.microsoft.com/win/2004/08/events/event"}, "System": {"Provider": {"#attributes": {"Name": "Microsoft-Windows-DNS-Server-Service", "Guid": "71A551F5-C893-4849-886B-B5EC8502641E"}}, "EventID": 769, "Version": 0, "Level": 4, "Task": 0, "Opcode": 0, "Keywords": "0x8000000000000010", "TimeCreated": {"#attributes": {"SystemTime": "2026-01-16T00:35:29.437281Z"}}, "EventRecordID": 152, "Correlation": null, "Execution": {"#attributes": {"ProcessID": 2168, "ThreadID": 2980}}, "Channel": "DNS Server", "Computer": "DC01.pirate.htb", "Security": {"#attributes": {"UserID": "S-1-5-18"}}}, "EventData": {"#attributes": {"Name": "DNS_EVENT_ZONE_LOAD_OK"}, "param1": "pirate.htb", "param2": "NULL", "param3": "DC01.pirate.htb", "VirtualizationID": "."}}},
{"TimeGenerated": "2026-01-16T00:35:29.439411Z", "EventID": 769, "Computer": "DC01.pirate.htb", "RawEvent": {"#attributes": {"xmlns": "http://schemas.microsoft.com/win/2004/08/events/event"}, "System": {"Provider": {"#attributes": {"Name": "Microsoft-Windows-DNS-Server-Service", "Guid": "71A551F5-C893-4849-886B-B5EC8502641E"}}, "EventID": 769, "Version": 0, "Level": 4, "Task": 0, "Opcode": 0, "Keywords": "0x8000000000000010", "TimeCreated": {"#attributes": {"SystemTime": "2026-01-16T00:35:29.439411Z"}}, "EventRecordID": 153, "Correlation": null, "Execution": {"#attributes": {"ProcessID": 2168, "ThreadID": 2980}}, "Channel": "DNS Server", "Computer": "DC01.pirate.htb", "Security": {"#attributes": {"UserID": "S-1-5-18"}}}, "EventData": {"#attributes": {"Name": "DNS_EVENT_ZONE_LOAD_OK"}, "param1": "TrustAnchors", "param2": "NULL", "param3": "DC01.pirate.htb", "VirtualizationID": "."}}},
{"TimeGenerated": "2026-01-16T00:35:29.443869Z", "EventID": 7648, "Computer": "DC01.pirate.htb", "RawEvent": {"#attributes": {"xmlns": "http://schemas.microsoft.com/win/2004/08/events/event"}, "System": {"Provider": {"#attributes": {"Name": "Microsoft-Windows-DNS-Server-Service", "Guid": "71A551F5-C893-4849-886B-B5EC8502641E"}}, "EventID": 7648, "Version": 0, "Level": 4, "Task": 0, "Opcode": 0, "Keywords": "0x8000000000000080", "TimeCreated": {"#attributes": {"SystemTime": "2026-01-16T00:35:29.443869Z"}}, "EventRecordID": 154, "Correlation": null, "Execution": {"#attributes": {"ProcessID": 2168, "ThreadID": 2980}}, "Channel": "DNS Server", "Computer": "DC01.pirate.htb", "Security": {"#attributes": {"UserID": "S-1-5-18"}}}, "EventData": {"#attributes": {"Name": "DNS_EVENT_DNSSEC_KEYMASTER_CHANGE_DETECTED"}, "param1": "pirate.htb", "param2": "DC01.pirate.htb", "Binary": null}}},
{"TimeGenerated": "2026-01-16T00:35:29.458786Z", "EventID": 2, "Computer": "DC01.pirate.htb", "RawEvent": {"#attributes": {"xmlns": "http://schemas.microsoft.com/win/2004/08/events/event"}, "System": {"Provider": {"#attributes": {"Name": "Microsoft-Windows-DNS-Server-Service", "Guid": "71A551F5-C893-4849-886B-B5EC8502641E"}}, "EventID": 2, "Version": 0, "Level": 4, "Task": 0, "Opcode": 0, "Keywords": "0x8000000000001000", "TimeCreated": {"#attributes": {"SystemTime": "2026-01-16T00:35:29.458786Z"}}, "EventRecordID": 155, "Correlation": null, "Execution": {"#attributes": {"ProcessID": 2168, "ThreadID": 2980}}, "Channel": "DNS Server", "Computer": "DC01.pirate.htb", "Security": {"#attributes": {"UserID": "S-1-5-18"}}}, "EventData": {"#attributes": {"Name": "DNS_EVENT_STARTUP_OK"}}}},
{"TimeGenerated": "2026-01-16T00:35:30.019557Z", "EventID": 4, "Computer": "DC01.pirate.htb", "RawEvent": {"#attributes": {"xmlns": "http://schemas.microsoft.com/win/2004/08/events/event"}, "System": {"Provider": {"#attributes": {"Name": "Microsoft-Windows-DNS-Server-Service", "Guid": "71A551F5-C893-4849-886B-B5EC8502641E"}}, "EventID": 4, "Version": 0, "Level": 4, "Task": 0, "Opcode": 0, "Keywords": "0x8000000000000010", "TimeCreated": {"#attributes": {"SystemTime": "2026-01-16T00:35:30.019557Z"}}, "EventRecordID": 156, "Correlation": null, "Execution": {"#attributes": {"ProcessID": 2168, "ThreadID": 4996}}, "Channel": "DNS Server", "Computer": "DC01.pirate.htb", "Security": {"#attributes": {"UserID": "S-1-5-18"}}}, "EventData": {"#attributes": {"Name": "DNS_EVENT_ZONE_LOAD_COMPLETE"}}}},
{"TimeGenerated": "2026-01-16T01:11:13.695313Z", "EventID": 3, "Computer": "DC01.pirate.htb", "RawEvent": {"#attributes": {"xmlns": "http://schemas.microsoft.com/win/2004/08/events/event"}, "System": {"Provider": {"#attributes": {"Name": "Microsoft-Windows-DNS-Server-Service", "Guid": "71A551F5-C893-4849-886B-B5EC8502641E"}}, "EventID": 3, "Version": 0, "Level": 4, "Task": 0, "Opcode": 0, "Keywords": "0x8000000000001000", "TimeCreated": {"#attributes": {"SystemTime": "2026-01-16T01:11:13.695313Z"}}, "EventRecordID": 157, "Correlation": null, "Execution": {"#attributes": {"ProcessID": 2168, "ThreadID": 2980}}, "Channel": "DNS Server", "Computer": "DC01.pirate.htb", "Security": {"#attributes": {"UserID": "S-1-5-18"}}}, "EventData": {"#attributes": {"Name": "DNS_EVENT_SHUTDOWN"}}}},
{"TimeGenerated": "2026-01-16T01:11:48.923047Z", "EventID": 7693, "Computer": "DC01.pirate.htb", "RawEvent": {"#attributes": {"xmlns": "http://schemas.microsoft.com/win/2004/08/events/event"}, "System": {"Provider": {"#attributes": {"Name": "Microsoft-Windows-DNS-Server-Service", "Guid": "71A551F5-C893-4849-886B-B5EC8502641E"}}, "EventID": 7693, "Version": 0, "Level": 4, "Task": 0, "Opcode": 0, "Keywords": "0x8000000000001000", "TimeCreated": {"#attributes": {"SystemTime": "2026-01-16T01:11:48.923047Z"}}, "EventRecordID": 158, "Correlation": null, "Execution": {"#attributes": {"ProcessID": 3208, "ThreadID": 3396}}, "Channel": "DNS Server", "Computer": "DC01.pirate.htb", "Security": {"#attributes": {"UserID": "S-1-5-18"}}}, "EventData": {"#attributes": {"Name": "DNS_EVENT_SCOPE_EDNS_OPCODE_SET"}, "param1": 65433, "Binary": null}}},
{"TimeGenerated": "2026-01-16T01:11:54.643894Z", "EventID": 4013, "Computer": "DC01.pirate.htb", "RawEvent": {"#attributes": {"xmlns": "http://schemas.microsoft.com/win/2004/08/events/event"}, "System": {"Provider": {"#attributes": {"Name": "Microsoft-Windows-DNS-Server-Service", "Guid": "71A551F5-C893-4849-886B-B5EC8502641E"}}, "EventID": 4013, "Version": 0, "Level": 3, "Task": 0, "Opcode": 0, "Keywords": "0x8000000000020000", "TimeCreated": {"#attributes": {"SystemTime": "2026-01-16T01:11:54.643894Z"}}, "EventRecordID": 159, "Correlation": null, "Execution": {"#attributes": {"ProcessID": 3208, "ThreadID": 3396}}, "Channel": "DNS Server", "Computer": "DC01.pirate.htb", "Security": {"#attributes": {"UserID": "S-1-5-18"}}}, "EventData": {"#attributes": {"Name": "DNS_EVENT_DS_OPEN_WAIT"}}}},
{"TimeGenerated": "2026-01-16T01:12:15.600423Z", "EventID": 769, "Computer": "DC01.pirate.htb", "RawEvent": {"#attributes": {"xmlns": "http://schemas.microsoft.com/win/2004/08/events/event"}, "System": {"Provider": {"#attributes": {"Name": "Microsoft-Windows-DNS-Server-Service", "Guid": "71A551F5-C893-4849-886B-B5EC8502641E"}}, "EventID": 769, "Version": 0, "Level": 4, "Task": 0, "Opcode": 0, "Keywords": "0x8000000000000010", "TimeCreated": {"#attributes": {"SystemTime": "2026-01-16T01:12:15.600423Z"}}, "EventRecordID": 160, "Correlation": null, "Execution": {"#attributes": {"ProcessID": 3208, "ThreadID": 3396}}, "Channel": "DNS Server", "Computer": "DC01.pirate.htb", "Security": {"#attributes": {"UserID": "S-1-5-18"}}}, "EventData": {"#attributes": {"Name": "DNS_EVENT_ZONE_LOAD_OK"}, "param1": "_msdcs.pirate.htb", "param2": "NULL", "param3": "DC01.pirate.htb", "VirtualizationID": "."}}},
{"TimeGenerated": "2026-01-16T01:12:15.607099Z", "EventID": 769, "Computer": "DC01.pirate.htb", "RawEvent": {"#attributes": {"xmlns": "http://schemas.microsoft.com/win/2004/08/events/event"}, "System": {"Provider": {"#attributes": {"Name": "Microsoft-Windows-DNS-Server-Service", "Guid": "71A551F5-C893-4849-886B-B5EC8502641E"}}, "EventID": 769, "Version": 0, "Level": 4, "Task": 0, "Opcode": 0, "Keywords": "0x8000000000000010", "TimeCreated": {"#attributes": {"SystemTime": "2026-01-16T01:12:15.607099Z"}}, "EventRecordID": 161, "Correlation": null, "Execution": {"#attributes": {"ProcessID": 3208, "ThreadID": 3396}}, "Channel": "DNS Server", "Computer": "DC01.pirate.htb", "Security": {"#attributes": {"UserID": "S-1-5-18"}}}, "EventData": {"#attributes": {"Name": "DNS_EVENT_ZONE_LOAD_OK"}, "param1": "pirate.htb", "param2": "NULL", "param3": "DC01.pirate.htb", "VirtualizationID": "."}}},
{"TimeGenerated": "2026-01-16T01:12:15.608111Z", "EventID": 769, "Computer": "DC01.pirate.htb", "RawEvent": {"#attributes": {"xmlns": "http://schemas.microsoft.com/win/2004/08/events/event"}, "System": {"Provider": {"#attributes": {"Name": "Microsoft-Windows-DNS-Server-Service", "Guid": "71A551F5-C893-4849-886B-B5EC8502641E"}}, "EventID": 769, "Version": 0, "Level": 4, "Task": 0, "Opcode": 0, "Keywords": "0x8000000000000010", "TimeCreated": {"#attributes": {"SystemTime": "2026-01-16T01:12:15.608111Z"}}, "EventRecordID": 162, "Correlation": null, "Execution": {"#attributes": {"ProcessID": 3208, "ThreadID": 3396}}, "Channel": "DNS Server", "Computer": "DC01.pirate.htb", "Security": {"#attributes": {"UserID": "S-1-5-18"}}}, "EventData": {"#attributes": {"Name": "DNS_EVENT_ZONE_LOAD_OK"}, "param1": "TrustAnchors", "param2": "NULL", "param3": "DC01.pirate.htb", "VirtualizationID": "."}}},
{"TimeGenerated": "2026-01-16T01:12:15.610917Z", "EventID": 7648, "Computer": "DC01.pirate.htb", "RawEvent": {"#attributes": {"xmlns": "http://schemas.microsoft.com/win/2004/08/events/event"}, "System": {"Provider": {"#attributes": {"Name": "Microsoft-Windows-DNS-Server-Service", "Guid": "71A551F5-C893-4849-886B-B5EC8502641E"}}, "EventID": 7648, "Version": 0, "Level": 4, "Task": 0, "Opcode": 0, "Keywords": "0x8000000000000080", "TimeCreated": {"#attributes": {"SystemTime": "2026-01-16T01:12:15.610917Z"}}, "EventRecordID": 163, "Correlation": null, "Execution": {"#attributes": {"ProcessID": 3208, "ThreadID": 3396}}, "Channel": "DNS Server", "Computer": "DC01.pirate.htb", "Security": {"#attributes": {"UserID": "S-1-5-18"}}}, "EventData": {"#attributes": {"Name": "DNS_EVENT_DNSSEC_KEYMASTER_CHANGE_DETECTED"}, "param1": "pirate.htb", "param2": "DC01.pirate.htb", "Binary": null}}},
{"TimeGenerated": "2026-01-16T01:12:15.704329Z", "EventID": 2, "Computer": "DC01.pirate.htb", "RawEvent": {"#attributes": {"xmlns": "http://schemas.microsoft.com/win/2004/08/events/event"}, "System": {"Provider": {"#attributes": {"Name": "Microsoft-Windows-DNS-Server-Service", "Guid": "71A551F5-C893-4849-886B-B5EC8502641E"}}, "EventID": 2, "Version": 0, "Level": 4, "Task": 0, "Opcode": 0, "Keywords": "0x8000000000001000", "TimeCreated": {"#attributes": {"SystemTime": "2026-01-16T01:12:15.704329Z"}}, "EventRecordID": 164, "Correlation": null, "Execution": {"#attributes": {"ProcessID": 3208, "ThreadID": 3396}}, "Channel": "DNS Server", "Computer": "DC01.pirate.htb", "Security": {"#attributes": {"UserID": "S-1-5-18"}}}, "EventData": {"#attributes": {"Name": "DNS_EVENT_STARTUP_OK"}}}},
{"TimeGenerated": "2026-01-16T01:12:16.119007Z", "EventID": 4, "Computer": "DC01.pirate.htb", "RawEvent": {"#attributes": {"xmlns": "http://schemas.microsoft.com/win/2004/08/events/event"}, "System": {"Provider": {"#attributes": {"Name": "Microsoft-Windows-DNS-Server-Service", "Guid": "71A551F5-C893-4849-886B-B5EC8502641E"}}, "EventID": 4, "Version": 0, "Level": 4, "Task": 0, "Opcode": 0, "Keywords": "0x8000000000000010", "TimeCreated": {"#attributes": {"SystemTime": "2026-01-16T01:12:16.119007Z"}}, "EventRecordID": 165, "Correlation": null, "Execution": {"#attributes": {"ProcessID": 3208, "ThreadID": 5132}}, "Channel": "DNS Server", "Computer": "DC01.pirate.htb", "Security": {"#attributes": {"UserID": "S-1-5-18"}}}, "EventData": {"#attributes": {"Name": "DNS_EVENT_ZONE_LOAD_COMPLETE"}}}},
{"TimeGenerated": "2026-01-16T01:22:28.982492Z", "EventID": 3, "Computer": "DC01.pirate.htb", "RawEvent": {"#attributes": {"xmlns": "http://schemas.microsoft.com/win/2004/08/events/event"}, "System": {"Provider": {"#attributes": {"Name": "Microsoft-Windows-DNS-Server-Service", "Guid": "71A551F5-C893-4849-886B-B5EC8502641E"}}, "EventID": 3, "Version": 0, "Level": 4, "Task": 0, "Opcode": 0, "Keywords": "0x8000000000001000", "TimeCreated": {"#attributes": {"SystemTime": "2026-01-16T01:22:28.982492Z"}}, "EventRecordID": 166, "Correlation": null, "Execution": {"#attributes": {"ProcessID": 3208, "ThreadID": 3396}}, "Channel": "DNS Server", "Computer": "DC01.pirate.htb", "Security": {"#attributes": {"UserID": "S-1-5-18"}}}, "EventData": {"#attributes": {"Name": "DNS_EVENT_SHUTDOWN"}}}},
{"TimeGenerated": "2026-01-16T01:31:38.051699Z", "EventID": 7693, "Computer": "DC01.pirate.htb", "RawEvent": {"#attributes": {"xmlns": "http://schemas.microsoft.com/win/2004/08/events/event"}, "System": {"Provider": {"#attributes": {"Name": "Microsoft-Windows-DNS-Server-Service", "Guid": "71A551F5-C893-4849-886B-B5EC8502641E"}}, "EventID": 7693, "Version": 0, "Level": 4, "Task": 0, "Opcode": 0, "Keywords": "0x8000000000001000", "TimeCreated": {"#attributes": {"SystemTime": "2026-01-16T01:31:38.051699Z"}}, "EventRecordID": 167, "Correlation": null, "Execution": {"#attributes": {"ProcessID": 3064, "ThreadID": 2576}}, "Channel": "DNS Server", "Computer": "DC01.pirate.htb", "Security": {"#attributes": {"UserID": "S-1-5-18"}}}, "EventData": {"#attributes": {"Name": "DNS_EVENT_SCOPE_EDNS_OPCODE_SET"}, "param1": 65433, "Binary": null}}},
{"TimeGenerated": "2026-01-16T01:31:43.884775Z", "EventID": 4013, "Computer": "DC01.pirate.htb", "RawEvent": {"#attributes": {"xmlns": "http://schemas.microsoft.com/win/2004/08/events/event"}, "System": {"Provider": {"#attributes": {"Name": "Microsoft-Windows-DNS-Server-Service", "Guid": "71A551F5-C893-4849-886B-B5EC8502641E"}}, "EventID": 4013, "Version": 0, "Level": 3, "Task": 0, "Opcode": 0, "Keywords": "0x8000000000020000", "TimeCreated": {"#attributes": {"SystemTime": "2026-01-16T01:31:43.884775Z"}}, "EventRecordID": 168, "Correlation": null, "Execution": {"#attributes": {"ProcessID": 3064, "ThreadID": 2576}}, "Channel": "DNS Server", "Computer": "DC01.pirate.htb", "Security": {"#attributes": {"UserID": "S-1-5-18"}}}, "EventData": {"#attributes": {"Name": "DNS_EVENT_DS_OPEN_WAIT"}}}},
{"TimeGenerated": "2026-01-16T01:32:01.719701Z", "EventID": 769, "Computer": "DC01.pirate.htb", "RawEvent": {"#attributes": {"xmlns": "http://schemas.microsoft.com/win/2004/08/events/event"}, "System": {"Provider": {"#attributes": {"Name": "Microsoft-Windows-DNS-Server-Service", "Guid": "71A551F5-C893-4849-886B-B5EC8502641E"}}, "EventID": 769, "Version": 0, "Level": 4, "Task": 0, "Opcode": 0, "Keywords": "0x8000000000000010", "TimeCreated": {"#attributes": {"SystemTime": "2026-01-16T01:32:01.719701Z"}}, "EventRecordID": 169, "Correlation": null, "Execution": {"#attributes": {"ProcessID": 3064, "ThreadID": 2576}}, "Channel": "DNS Server", "Computer": "DC01.pirate.htb", "Security": {"#attributes": {"UserID": "S-1-5-18"}}}, "EventData": {"#attributes": {"Name": "DNS_EVENT_ZONE_LOAD_OK"}, "param1": "_msdcs.pirate.htb", "param2": "NULL", "param3": "DC01.pirate.htb", "VirtualizationID": "."}}},
{"TimeGenerated": "2026-01-16T01:32:01.745349Z", "EventID": 769, "Computer": "DC01.pirate.htb", "RawEvent": {"#attributes": {"xmlns": "http://schemas.microsoft.com/win/2004/08/events/event"}, "System": {"Provider": {"#attributes": {"Name": "Microsoft-Windows-DNS-Server-Service", "Guid": "71A551F5-C893-4849-886B-B5EC8502641E"}}, "EventID": 769, "Version": 0, "Level": 4, "Task": 0, "Opcode": 0, "Keywords": "0x8000000000000010", "TimeCreated": {"#attributes": {"SystemTime": "2026-01-16T01:32:01.745349Z"}}, "EventRecordID": 170, "Correlation": null, "Execution": {"#attributes": {"ProcessID": 3064, "ThreadID": 2576}}, "Channel": "DNS Server", "Computer": "DC01.pirate.htb", "Security": {"#attributes": {"UserID": "S-1-5-18"}}}, "EventData": {"#attributes": {"Name": "DNS_EVENT_ZONE_LOAD_OK"}, "param1": "pirate.htb", "param2": "NULL", "param3": "DC01.pirate.htb", "VirtualizationID": "."}}},
{"TimeGenerated": "2026-01-16T01:32:01.747741Z", "EventID": 769, "Computer": "DC01.pirate.htb", "RawEvent": {"#attributes": {"xmlns": "http://schemas.microsoft.com/win/2004/08/events/event"}, "System": {"Provider": {"#attributes": {"Name": "Microsoft-Windows-DNS-Server-Service", "Guid": "71A551F5-C893-4849-886B-B5EC8502641E"}}, "EventID": 769, "Version": 0, "Level": 4, "Task": 0, "Opcode": 0, "Keywords": "0x8000000000000010", "TimeCreated": {"#attributes": {"SystemTime": "2026-01-16T01:32:01.747741Z"}}, "EventRecordID": 171, "Correlation": null, "Execution": {"#attributes": {"ProcessID": 3064, "ThreadID": 2576}}, "Channel": "DNS Server", "Computer": "DC01.pirate.htb", "Security": {"#attributes": {"UserID": "S-1-5-18"}}}, "EventData": {"#attributes": {"Name": "DNS_EVENT_ZONE_LOAD_OK"}, "param1": "TrustAnchors", "param2": "NULL", "param3": "DC01.pirate.htb", "VirtualizationID": "."}}},
{"TimeGenerated": "2026-01-16T01:32:01.754473Z", "EventID": 7648, "Computer": "DC01.pirate.htb", "RawEvent": {"#attributes": {"xmlns": "http://schemas.microsoft.com/win/2004/08/events/event"}, "System": {"Provider": {"#attributes": {"Name": "Microsoft-Windows-DNS-Server-Service", "Guid": "71A551F5-C893-4849-886B-B5EC8502641E"}}, "EventID": 7648, "Version": 0, "Level": 4, "Task": 0, "Opcode": 0, "Keywords": "0x8000000000000080", "TimeCreated": {"#attributes": {"SystemTime": "2026-01-16T01:32:01.754473Z"}}, "EventRecordID": 172, "Correlation": null, "Execution": {"#attributes": {"ProcessID": 3064, "ThreadID": 2576}}, "Channel": "DNS Server", "Computer": "DC01.pirate.htb", "Security": {"#attributes": {"UserID": "S-1-5-18"}}}, "EventData": {"#attributes": {"Name": "DNS_EVENT_DNSSEC_KEYMASTER_CHANGE_DETECTED"}, "param1": "pirate.htb", "param2": "DC01.pirate.htb", "Binary": null}}},
{"TimeGenerated": "2026-01-16T01:32:01.897290Z", "EventID": 2, "Computer": "DC01.pirate.htb", "RawEvent": {"#attributes": {"xmlns": "http://schemas.microsoft.com/win/2004/08/events/event"}, "System": {"Provider": {"#attributes": {"Name": "Microsoft-Windows-DNS-Server-Service", "Guid": "71A551F5-C893-4849-886B-B5EC8502641E"}}, "EventID": 2, "Version": 0, "Level": 4, "Task": 0, "Opcode": 0, "Keywords": "0x8000000000001000", "TimeCreated": {"#attributes": {"SystemTime": "2026-01-16T01:32:01.897290Z"}}, "EventRecordID": 173, "Correlation": null, "Execution": {"#attributes": {"ProcessID": 3064, "ThreadID": 2576}}, "Channel": "DNS Server", "Computer": "DC01.pirate.htb", "Security": {"#attributes": {"UserID": "S-1-5-18"}}}, "EventData": {"#attributes": {"Name": "DNS_EVENT_STARTUP_OK"}}}},
{"TimeGenerated": "2026-01-16T01:32:02.274345Z", "EventID": 4, "Computer": "DC01.pirate.htb", "RawEvent": {"#attributes": {"xmlns": "http://schemas.microsoft.com/win/2004/08/events/event"}, "System": {"Provider": {"#attributes": {"Name": "Microsoft-Windows-DNS-Server-Service", "Guid": "71A551F5-C893-4849-886B-B5EC8502641E"}}, "EventID": 4, "Version": 0, "Level": 4, "Task": 0, "Opcode": 0, "Keywords": "0x8000000000000010", "TimeCreated": {"#attributes": {"SystemTime": "2026-01-16T01:32:02.274345Z"}}, "EventRecordID": 174, "Correlation": null, "Execution": {"#attributes": {"ProcessID": 3064, "ThreadID": 4936}}, "Channel": "DNS Server", "Computer": "DC01.pirate.htb", "Security": {"#attributes": {"UserID": "S-1-5-18"}}}, "EventData": {"#attributes": {"Name": "DNS_EVENT_ZONE_LOAD_COMPLETE"}}}},
{"TimeGenerated": "2026-01-16T01:33:18.670398Z", "EventID": 3, "Computer": "DC01.pirate.htb", "RawEvent": {"#attributes": {"xmlns": "http://schemas.microsoft.com/win/2004/08/events/event"}, "System": {"Provider": {"#attributes": {"Name": "Microsoft-Windows-DNS-Server-Service", "Guid": "71A551F5-C893-4849-886B-B5EC8502641E"}}, "EventID": 3, "Version": 0, "Level": 4, "Task": 0, "Opcode": 0, "Keywords": "0x8000000000001000", "TimeCreated": {"#attributes": {"SystemTime": "2026-01-16T01:33:18.670398Z"}}, "EventRecordID": 175, "Correlation": null, "Execution": {"#attributes": {"ProcessID": 3064, "ThreadID": 2576}}, "Channel": "DNS Server", "Computer": "DC01.pirate.htb", "Security": {"#attributes": {"UserID": "S-1-5-18"}}}, "EventData": {"#attributes": {"Name": "DNS_EVENT_SHUTDOWN"}}}},
{"TimeGenerated": "2026-01-16T01:38:58.885375Z", "EventID": 7693, "Computer": "DC01.pirate.htb", "RawEvent": {"#attributes": {"xmlns": "http://schemas.microsoft.com/win/2004/08/events/event"}, "System": {"Provider": {"#attributes": {"Name": "Microsoft-Windows-DNS-Server-Service", "Guid": "71A551F5-C893-4849-886B-B5EC8502641E"}}, "EventID": 7693, "Version": 0, "Level": 4, "Task": 0, "Opcode": 0, "Keywords": "0x8000000000001000", "TimeCreated": {"#attributes": {"SystemTime": "2026-01-16T01:38:58.885375Z"}}, "EventRecordID": 176, "Correlation": null, "Execution": {"#attributes": {"ProcessID": 2936, "ThreadID": 2240}}, "Channel": "DNS Server", "Computer": "DC01.pirate.htb", "Security": {"#attributes": {"UserID": "S-1-5-18"}}}, "EventData": {"#attributes": {"Name": "DNS_EVENT_SCOPE_EDNS_OPCODE_SET"}, "param1": 65433, "Binary": null}}},
{"TimeGenerated": "2026-01-16T01:39:04.792093Z", "EventID": 4013, "Computer": "DC01.pirate.htb", "RawEvent": {"#attributes": {"xmlns": "http://schemas.microsoft.com/win/2004/08/events/event"}, "System": {"Provider": {"#attributes": {"Name": "Microsoft-Windows-DNS-Server-Service", "Guid": "71A551F5-C893-4849-886B-B5EC8502641E"}}, "EventID": 4013, "Version": 0, "Level": 3, "Task": 0, "Opcode": 0, "Keywords": "0x8000000000020000", "TimeCreated": {"#attributes": {"SystemTime": "2026-01-16T01:39:04.792093Z"}}, "EventRecordID": 177, "Correlation": null, "Execution": {"#attributes": {"ProcessID": 2936, "ThreadID": 2240}}, "Channel": "DNS Server", "Computer": "DC01.pirate.htb", "Security": {"#attributes": {"UserID": "S-1-5-18"}}}, "EventData": {"#attributes": {"Name": "DNS_EVENT_DS_OPEN_WAIT"}}}},
